LUA_PATH=/home/mdcallag/git/mytools/bench/sysbench.lua/lua/?.lua /home/mdcallag/git/mytools/bench/sysbench.lua/lua/sysbench --db-driver=pgsql --range-size=100 --table-size=10000000 --tables=8 --threads=40 --events=0 --warmup-time=5 --time=630 --pgsql_conn_id=true /home/mdcallag/git/mytools/bench/sysbench.lua/lua/oltp_range_covered.lua run --pgsql-user=root --pgsql-password=pw --pgsql-host=127.0.0.1 --pgsql-db=ib --rand-type=uniform --random-points=100 --skip-trx --on-id=false --covered=false
48 CPUs
sysbench 1.1.0-9072687 (using bundled LuaJIT 2.1.0-beta3)

Running the test with following options:
Number of threads: 40
Warmup time: 5s
Initializing random number generator from current time


Initializing worker threads...

explain: for range-notcovered :: explain SELECT k, c FROM sbtest%d WHERE k BETWEEN 771879 AND 771979
explain: for range-notcovered :: explain SELECT k, c FROM sbtest%d WHERE k BETWEEN 1977731 AND 1977831
explain: for range-notcovered :: explain SELECT k, c FROM sbtest%d WHERE k BETWEEN 6241459 AND 6241559
for range-notcovered
table 1 : explain SELECT k, c FROM sbtest1 WHERE k BETWEEN 771879 AND 771979
	Bitmap Heap Scan on sbtest1  (cost=5.54..432.69 rows=108 width=125)
	  Recheck Cond: ((k >= 771879) AND (k <= 771979))
	  ->  Bitmap Index Scan on k_1  (cost=0.00..5.51 rows=108 width=0)
	        Index Cond: ((k >= 771879) AND (k <= 771979))

table 2 : explain SELECT k, c FROM sbtest2 WHERE k BETWEEN 771879 AND 771979
	Bitmap Heap Scan on sbtest2  (cost=5.42..385.43 rows=96 width=125)
	  Recheck Cond: ((k >= 771879) AND (k <= 771979))
	  ->  Bitmap Index Scan on k_2  (cost=0.00..5.39 rows=96 width=0)
	        Index Cond: ((k >= 771879) AND (k <= 771979))

table 3 : explain SELECT k, c FROM sbtest3 WHERE k BETWEEN 771879 AND 771979
	Bitmap Heap Scan on sbtest3  (cost=5.50..416.94 rows=104 width=125)
	  Recheck Cond: ((k >= 771879) AND (k <= 771979))
	  ->  Bitmap Index Scan on k_3  (cost=0.00..5.47 rows=104 width=0)
	        Index Cond: ((k >= 771879) AND (k <= 771979))

table 4 : explain SELECT k, c FROM sbtest4 WHERE k BETWEEN 771879 AND 771979
	Bitmap Heap Scan on sbtest4  (cost=5.57..444.49 rows=111 width=125)
	  Recheck Cond: ((k >= 771879) AND (k <= 771979))
	  ->  Bitmap Index Scan on k_4  (cost=0.00..5.54 rows=111 width=0)
	        Index Cond: ((k >= 771879) AND (k <= 771979))

table 5 : explain SELECT k, c FROM sbtest5 WHERE k BETWEEN 771879 AND 771979
	Bitmap Heap Scan on sbtest5  (cost=5.55..436.62 rows=109 width=125)
	  Recheck Cond: ((k >= 771879) AND (k <= 771979))
	  ->  Bitmap Index Scan on k_5  (cost=0.00..5.52 rows=109 width=0)
	        Index Cond: ((k >= 771879) AND (k <= 771979))

table 6 : explain SELECT k, c FROM sbtest6 WHERE k BETWEEN 771879 AND 771979
	Bitmap Heap Scan on sbtest6  (cost=5.60..456.29 rows=114 width=125)
	  Recheck Cond: ((k >= 771879) AND (k <= 771979))
	  ->  Bitmap Index Scan on k_6  (cost=0.00..5.58 rows=114 width=0)
	        Index Cond: ((k >= 771879) AND (k <= 771979))

table 7 : explain SELECT k, c FROM sbtest7 WHERE k BETWEEN 771879 AND 771979
	Bitmap Heap Scan on sbtest7  (cost=5.51..420.88 rows=105 width=125)
	  Recheck Cond: ((k >= 771879) AND (k <= 771979))
	  ->  Bitmap Index Scan on k_7  (cost=0.00..5.48 rows=105 width=0)
	        Index Cond: ((k >= 771879) AND (k <= 771979))

table 8 : explain SELECT k, c FROM sbtest8 WHERE k BETWEEN 771879 AND 771979
	Bitmap Heap Scan on sbtest8  (cost=5.58..448.42 rows=112 width=125)
	  Recheck Cond: ((k >= 771879) AND (k <= 771979))
	  ->  Bitmap Index Scan on k_8  (cost=0.00..5.55 rows=112 width=0)
	        Index Cond: ((k >= 771879) AND (k <= 771979))

explain: for range-notcovered :: explain SELECT k, c FROM sbtest%d WHERE k BETWEEN 771879 AND 771979
explain: for range-notcovered :: explain SELECT k, c FROM sbtest%d WHERE k BETWEEN 4763961 AND 4764061
explain: for range-notcovered :: explain SELECT k, c FROM sbtest%d WHERE k BETWEEN 3709607 AND 3709707
explain: for range-notcovered :: explain SELECT k, c FROM sbtest%d WHERE k BETWEEN 3136397 AND 3136497
explain: for range-notcovered :: explain SELECT k, c FROM sbtest%d WHERE k BETWEEN 4939049 AND 4939149
explain: for range-notcovered :: explain SELECT k, c FROM sbtest%d WHERE k BETWEEN 1933430 AND 1933530
for range-notcovered
table 1 : explain SELECT k, c FROM sbtest1 WHERE k BETWEEN 771879 AND 771979
	Bitmap Heap Scan on sbtest1  (cost=5.54..432.69 rows=108 width=125)
	  Recheck Cond: ((k >= 771879) AND (k <= 771979))
	  ->  Bitmap Index Scan on k_1  (cost=0.00..5.51 rows=108 width=0)
	        Index Cond: ((k >= 771879) AND (k <= 771979))

table 2 : explain SELECT k, c FROM sbtest2 WHERE k BETWEEN 771879 AND 771979
	Bitmap Heap Scan on sbtest2  (cost=5.42..385.43 rows=96 width=125)
	  Recheck Cond: ((k >= 771879) AND (k <= 771979))
	  ->  Bitmap Index Scan on k_2  (cost=0.00..5.39 rows=96 width=0)
	        Index Cond: ((k >= 771879) AND (k <= 771979))

table 3 : explain SELECT k, c FROM sbtest3 WHERE k BETWEEN 771879 AND 771979
	Bitmap Heap Scan on sbtest3  (cost=5.50..416.94 rows=104 width=125)
	  Recheck Cond: ((k >= 771879) AND (k <= 771979))
	  ->  Bitmap Index Scan on k_3  (cost=0.00..5.47 rows=104 width=0)
	        Index Cond: ((k >= 771879) AND (k <= 771979))

table 4 : explain SELECT k, c FROM sbtest4 WHERE k BETWEEN 771879 AND 771979
	Bitmap Heap Scan on sbtest4  (cost=5.57..444.49 rows=111 width=125)
	  Recheck Cond: ((k >= 771879) AND (k <= 771979))
	  ->  Bitmap Index Scan on k_4  (cost=0.00..5.54 rows=111 width=0)
	        Index Cond: ((k >= 771879) AND (k <= 771979))

table 5 : explain SELECT k, c FROM sbtest5 WHERE k BETWEEN 771879 AND 771979
	Bitmap Heap Scan on sbtest5  (cost=5.55..436.62 rows=109 width=125)
	  Recheck Cond: ((k >= 771879) AND (k <= 771979))
	  ->  Bitmap Index Scan on k_5  (cost=0.00..5.52 rows=109 width=0)
	        Index Cond: ((k >= 771879) AND (k <= 771979))

table 6 : explain SELECT k, c FROM sbtest6 WHERE k BETWEEN 771879 AND 771979
	Bitmap Heap Scan on sbtest6  (cost=5.60..456.29 rows=114 width=125)
	  Recheck Cond: ((k >= 771879) AND (k <= 771979))
	  ->  Bitmap Index Scan on k_6  (cost=0.00..5.58 rows=114 width=0)
	        Index Cond: ((k >= 771879) AND (k <= 771979))

table 7 : explain SELECT k, c FROM sbtest7 WHERE k BETWEEN 771879 AND 771979
	Bitmap Heap Scan on sbtest7  (cost=5.51..420.88 rows=105 width=125)
	  Recheck Cond: ((k >= 771879) AND (k <= 771979))
	  ->  Bitmap Index Scan on k_7  (cost=0.00..5.48 rows=105 width=0)
	        Index Cond: ((k >= 771879) AND (k <= 771979))

table 8 : explain SELECT k, c FROM sbtest8 WHERE k BETWEEN 771879 AND 771979
	Bitmap Heap Scan on sbtest8  (cost=5.58..448.42 rows=112 width=125)
	  Recheck Cond: ((k >= 771879) AND (k <= 771979))
	  ->  Bitmap Index Scan on k_8  (cost=0.00..5.55 rows=112 width=0)
	        Index Cond: ((k >= 771879) AND (k <= 771979))

explain: for range-notcovered :: explain SELECT k, c FROM sbtest%d WHERE k BETWEEN 771879 AND 771979
for range-notcovered
table 1 : explain SELECT k, c FROM sbtest1 WHERE k BETWEEN 771879 AND 771979
	Bitmap Heap Scan on sbtest1  (cost=5.54..432.69 rows=108 width=125)
	  Recheck Cond: ((k >= 771879) AND (k <= 771979))
	  ->  Bitmap Index Scan on k_1  (cost=0.00..5.51 rows=108 width=0)
	        Index Cond: ((k >= 771879) AND (k <= 771979))

table 2 : explain SELECT k, c FROM sbtest2 WHERE k BETWEEN 771879 AND 771979
	Bitmap Heap Scan on sbtest2  (cost=5.42..385.43 rows=96 width=125)
	  Recheck Cond: ((k >= 771879) AND (k <= 771979))
	  ->  Bitmap Index Scan on k_2  (cost=0.00..5.39 rows=96 width=0)
	        Index Cond: ((k >= 771879) AND (k <= 771979))

table 3 : explain SELECT k, c FROM sbtest3 WHERE k BETWEEN 771879 AND 771979
	Bitmap Heap Scan on sbtest3  (cost=5.50..416.94 rows=104 width=125)
	  Recheck Cond: ((k >= 771879) AND (k <= 771979))
	  ->  Bitmap Index Scan on k_3  (cost=0.00..5.47 rows=104 width=0)
	        Index Cond: ((k >= 771879) AND (k <= 771979))

table 4 : explain SELECT k, c FROM sbtest4 WHERE k BETWEEN 771879 AND 771979
	Bitmap Heap Scan on sbtest4  (cost=5.57..444.49 rows=111 width=125)
	  Recheck Cond: ((k >= 771879) AND (k <= 771979))
	  ->  Bitmap Index Scan on k_4  (cost=0.00..5.54 rows=111 width=0)
	        Index Cond: ((k >= 771879) AND (k <= 771979))

table 5 : explain SELECT k, c FROM sbtest5 WHERE k BETWEEN 771879 AND 771979
	Bitmap Heap Scan on sbtest5  (cost=5.55..436.62 rows=109 width=125)
	  Recheck Cond: ((k >= 771879) AND (k <= 771979))
	  ->  Bitmap Index Scan on k_5  (cost=0.00..5.52 rows=109 width=0)
	        Index Cond: ((k >= 771879) AND (k <= 771979))

table 6 : explain SELECT k, c FROM sbtest6 WHERE k BETWEEN 771879 AND 771979
	Bitmap Heap Scan on sbtest6  (cost=5.60..456.29 rows=114 width=125)
	  Recheck Cond: ((k >= 771879) AND (k <= 771979))
	  ->  Bitmap Index Scan on k_6  (cost=0.00..5.58 rows=114 width=0)
	        Index Cond: ((k >= 771879) AND (k <= 771979))

table 7 : explain SELECT k, c FROM sbtest7 WHERE k BETWEEN 771879 AND 771979
	Bitmap Heap Scan on sbtest7  (cost=5.51..420.88 rows=105 width=125)
	  Recheck Cond: ((k >= 771879) AND (k <= 771979))
	  ->  Bitmap Index Scan on k_7  (cost=0.00..5.48 rows=105 width=0)
	        Index Cond: ((k >= 771879) AND (k <= 771979))

table 8 : explain SELECT k, c FROM sbtest8 WHERE k BETWEEN 771879 AND 771979
	Bitmap Heap Scan on sbtest8  (cost=5.58..448.42 rows=112 width=125)
	  Recheck Cond: ((k >= 771879) AND (k <= 771979))
	  ->  Bitmap Index Scan on k_8  (cost=0.00..5.55 rows=112 width=0)
	        Index Cond: ((k >= 771879) AND (k <= 771979))

explain: for range-notcovered :: explain SELECT k, c FROM sbtest%d WHERE k BETWEEN 771879 AND 771979
for range-notcovered
table 1 : explain SELECT k, c FROM sbtest1 WHERE k BETWEEN 4939049 AND 4939149
	Bitmap Heap Scan on sbtest1  (cost=5.54..432.69 rows=108 width=125)
	  Recheck Cond: ((k >= 4939049) AND (k <= 4939149))
	  ->  Bitmap Index Scan on k_1  (cost=0.00..5.51 rows=108 width=0)
	        Index Cond: ((k >= 4939049) AND (k <= 4939149))

table 2 : explain SELECT k, c FROM sbtest2 WHERE k BETWEEN 4939049 AND 4939149
	Bitmap Heap Scan on sbtest2  (cost=5.47..405.13 rows=101 width=125)
	  Recheck Cond: ((k >= 4939049) AND (k <= 4939149))
	  ->  Bitmap Index Scan on k_2  (cost=0.00..5.44 rows=101 width=0)
	        Index Cond: ((k >= 4939049) AND (k <= 4939149))

table 3 : explain SELECT k, c FROM sbtest3 WHERE k BETWEEN 4939049 AND 4939149
	Bitmap Heap Scan on sbtest3  (cost=5.49..413.00 rows=103 width=125)
	  Recheck Cond: ((k >= 4939049) AND (k <= 4939149))
	  ->  Bitmap Index Scan on k_3  (cost=0.00..5.46 rows=103 width=0)
	        Index Cond: ((k >= 4939049) AND (k <= 4939149))

table 4 : explain SELECT k, c FROM sbtest4 WHERE k BETWEEN 4939049 AND 4939149
	Bitmap Heap Scan on sbtest4  (cost=5.48..409.07 rows=102 width=125)
	  Recheck Cond: ((k >= 4939049) AND (k <= 4939149))
	  ->  Bitmap Index Scan on k_4  (cost=0.00..5.45 rows=102 width=0)
	        Index Cond: ((k >= 4939049) AND (k <= 4939149))

table 5 : explain SELECT k, c FROM sbtest5 WHERE k BETWEEN 4939049 AND 4939149
	Bitmap Heap Scan on sbtest5  (cost=5.46..401.19 rows=100 width=125)
	  Recheck Cond: ((k >= 4939049) AND (k <= 4939149))
	  ->  Bitmap Index Scan on k_5  (cost=0.00..5.43 rows=100 width=0)
	        Index Cond: ((k >= 4939049) AND (k <= 4939149))

table 6 : explain SELECT k, c FROM sbtest6 WHERE k BETWEEN 4939049 AND 4939149
	Bitmap Heap Scan on sbtest6  (cost=5.51..420.88 rows=105 width=125)
	  Recheck Cond: ((k >= 4939049) AND (k <= 4939149))
	  ->  Bitmap Index Scan on k_6  (cost=0.00..5.48 rows=105 width=0)
	        Index Cond: ((k >= 4939049) AND (k <= 4939149))

table 7 : explain SELECT k, c FROM sbtest7 WHERE k BETWEEN 4939049 AND 4939149
	Bitmap Heap Scan on sbtest7  (cost=5.43..389.37 rows=97 width=125)
	  Recheck Cond: ((k >= 4939049) AND (k <= 4939149))
	  ->  Bitmap Index Scan on k_7  (cost=0.00..5.40 rows=97 width=0)
	        Index Cond: ((k >= 4939049) AND (k <= 4939149))

table 8 : explain SELECT k, c FROM sbtest8 WHERE k BETWEEN 4939049 AND 4939149
	Bitmap Heap Scan on sbtest8  (cost=5.47..405.13 rows=101 width=125)
	  Recheck Cond: ((k >= 4939049) AND (k <= 4939149))
	  ->  Bitmap Index Scan on k_8  (cost=0.00..5.44 rows=101 width=0)
	        Index Cond: ((k >= 4939049) AND (k <= 4939149))

for range-notcovered
table 1 : explain SELECT k, c FROM sbtest1 WHERE k BETWEEN 6241459 AND 6241559
	Bitmap Heap Scan on sbtest1  (cost=5.54..432.69 rows=108 width=125)
	  Recheck Cond: ((k >= 6241459) AND (k <= 6241559))
	  ->  Bitmap Index Scan on k_1  (cost=0.00..5.51 rows=108 width=0)
	        Index Cond: ((k >= 6241459) AND (k <= 6241559))

table 2 : explain SELECT k, c FROM sbtest2 WHERE k BETWEEN 6241459 AND 6241559
	Bitmap Heap Scan on sbtest2  (cost=5.44..393.31 rows=98 width=125)
	  Recheck Cond: ((k >= 6241459) AND (k <= 6241559))
	  ->  Bitmap Index Scan on k_2  (cost=0.00..5.42 rows=98 width=0)
	        Index Cond: ((k >= 6241459) AND (k <= 6241559))

table 3 : explain SELECT k, c FROM sbtest3 WHERE k BETWEEN 6241459 AND 6241559
	Bitmap Heap Scan on sbtest3  (cost=5.56..440.56 rows=110 width=125)
	  Recheck Cond: ((k >= 6241459) AND (k <= 6241559))
	  ->  Bitmap Index Scan on k_3  (cost=0.00..5.53 rows=110 width=0)
	        Index Cond: ((k >= 6241459) AND (k <= 6241559))

table 4 : explain SELECT k, c FROM sbtest4 WHERE k BETWEEN 6241459 AND 6241559
	Bitmap Heap Scan on sbtest4  (cost=5.48..409.07 rows=102 width=125)
	  Recheck Cond: ((k >= 6241459) AND (k <= 6241559))
	  ->  Bitmap Index Scan on k_4  (cost=0.00..5.45 rows=102 width=0)
	        Index Cond: ((k >= 6241459) AND (k <= 6241559))

table 5 : explain SELECT k, c FROM sbtest5 WHERE k BETWEEN 6241459 AND 6241559
	Bitmap Heap Scan on sbtest5  (cost=5.50..416.94 rows=104 width=125)
	  Recheck Cond: ((k >= 6241459) AND (k <= 6241559))
	  ->  Bitmap Index Scan on k_5  (cost=0.00..5.47 rows=104 width=0)
	        Index Cond: ((k >= 6241459) AND (k <= 6241559))

table 6 : explain SELECT k, c FROM sbtest6 WHERE k BETWEEN 6241459 AND 6241559
	Bitmap Heap Scan on sbtest6  (cost=5.48..409.07 rows=102 width=125)
	  Recheck Cond: ((k >= 6241459) AND (k <= 6241559))
	  ->  Bitmap Index Scan on k_6  (cost=0.00..5.45 rows=102 width=0)
	        Index Cond: ((k >= 6241459) AND (k <= 6241559))

table 7 : explain SELECT k, c FROM sbtest7 WHERE k BETWEEN 6241459 AND 6241559
	Bitmap Heap Scan on sbtest7  (cost=5.52..424.81 rows=106 width=125)
	  Recheck Cond: ((k >= 6241459) AND (k <= 6241559))
	  ->  Bitmap Index Scan on k_7  (cost=0.00..5.50 rows=106 width=0)
	        Index Cond: ((k >= 6241459) AND (k <= 6241559))

table 8 : explain SELECT k, c FROM sbtest8 WHERE k BETWEEN 6241459 AND 6241559
	Bitmap Heap Scan on sbtest8  (cost=5.47..405.13 rows=101 width=125)
	  Recheck Cond: ((k >= 6241459) AND (k <= 6241559))
	  ->  Bitmap Index Scan on k_8  (cost=0.00..5.44 rows=101 width=0)
	        Index Cond: ((k >= 6241459) AND (k <= 6241559))

explain: for range-notcovered :: explain SELECT k, c FROM sbtest%d WHERE k BETWEEN 6241459 AND 6241559
explain: for range-notcovered :: explain SELECT k, c FROM sbtest%d WHERE k BETWEEN 4939049 AND 4939149
for range-notcovered
table 1 : explain SELECT k, c FROM sbtest1 WHERE k BETWEEN 771879 AND 771979
	Bitmap Heap Scan on sbtest1  (cost=5.54..432.69 rows=108 width=125)
	  Recheck Cond: ((k >= 771879) AND (k <= 771979))
	  ->  Bitmap Index Scan on k_1  (cost=0.00..5.51 rows=108 width=0)
	        Index Cond: ((k >= 771879) AND (k <= 771979))

table 2 : explain SELECT k, c FROM sbtest2 WHERE k BETWEEN 771879 AND 771979
	Bitmap Heap Scan on sbtest2  (cost=5.42..385.43 rows=96 width=125)
	  Recheck Cond: ((k >= 771879) AND (k <= 771979))
	  ->  Bitmap Index Scan on k_2  (cost=0.00..5.39 rows=96 width=0)
	        Index Cond: ((k >= 771879) AND (k <= 771979))

table 3 : explain SELECT k, c FROM sbtest3 WHERE k BETWEEN 771879 AND 771979
	Bitmap Heap Scan on sbtest3  (cost=5.50..416.94 rows=104 width=125)
	  Recheck Cond: ((k >= 771879) AND (k <= 771979))
	  ->  Bitmap Index Scan on k_3  (cost=0.00..5.47 rows=104 width=0)
	        Index Cond: ((k >= 771879) AND (k <= 771979))

table 4 : explain SELECT k, c FROM sbtest4 WHERE k BETWEEN 771879 AND 771979
	Bitmap Heap Scan on sbtest4  (cost=5.57..444.49 rows=111 width=125)
	  Recheck Cond: ((k >= 771879) AND (k <= 771979))
	  ->  Bitmap Index Scan on k_4  (cost=0.00..5.54 rows=111 width=0)
	        Index Cond: ((k >= 771879) AND (k <= 771979))

table 5 : explain SELECT k, c FROM sbtest5 WHERE k BETWEEN 771879 AND 771979
	Bitmap Heap Scan on sbtest5  (cost=5.55..436.62 rows=109 width=125)
	  Recheck Cond: ((k >= 771879) AND (k <= 771979))
	  ->  Bitmap Index Scan on k_5  (cost=0.00..5.52 rows=109 width=0)
	        Index Cond: ((k >= 771879) AND (k <= 771979))

table 6 : explain SELECT k, c FROM sbtest6 WHERE k BETWEEN 771879 AND 771979
	Bitmap Heap Scan on sbtest6  (cost=5.60..456.29 rows=114 width=125)
	  Recheck Cond: ((k >= 771879) AND (k <= 771979))
	  ->  Bitmap Index Scan on k_6  (cost=0.00..5.58 rows=114 width=0)
	        Index Cond: ((k >= 771879) AND (k <= 771979))

table 7 : explain SELECT k, c FROM sbtest7 WHERE k BETWEEN 771879 AND 771979
	Bitmap Heap Scan on sbtest7  (cost=5.51..420.88 rows=105 width=125)
	  Recheck Cond: ((k >= 771879) AND (k <= 771979))
	  ->  Bitmap Index Scan on k_7  (cost=0.00..5.48 rows=105 width=0)
	        Index Cond: ((k >= 771879) AND (k <= 771979))

table 8 : explain SELECT k, c FROM sbtest8 WHERE k BETWEEN 771879 AND 771979
	Bitmap Heap Scan on sbtest8  (cost=5.58..448.42 rows=112 width=125)
	  Recheck Cond: ((k >= 771879) AND (k <= 771979))
	  ->  Bitmap Index Scan on k_8  (cost=0.00..5.55 rows=112 width=0)
	        Index Cond: ((k >= 771879) AND (k <= 771979))

explain: for range-notcovered :: explain SELECT k, c FROM sbtest%d WHERE k BETWEEN 771879 AND 771979
for range-notcovered
table 1 : explain SELECT k, c FROM sbtest1 WHERE k BETWEEN 4763961 AND 4764061
	Bitmap Heap Scan on sbtest1  (cost=5.50..416.94 rows=104 width=125)
	  Recheck Cond: ((k >= 4763961) AND (k <= 4764061))
	  ->  Bitmap Index Scan on k_1  (cost=0.00..5.47 rows=104 width=0)
	        Index Cond: ((k >= 4763961) AND (k <= 4764061))

table 2 : explain SELECT k, c FROM sbtest2 WHERE k BETWEEN 4763961 AND 4764061
	Bitmap Heap Scan on sbtest2  (cost=5.55..436.62 rows=109 width=125)
	  Recheck Cond: ((k >= 4763961) AND (k <= 4764061))
	  ->  Bitmap Index Scan on k_2  (cost=0.00..5.52 rows=109 width=0)
	        Index Cond: ((k >= 4763961) AND (k <= 4764061))

table 3 : explain SELECT k, c FROM sbtest3 WHERE k BETWEEN 4763961 AND 4764061
	Bitmap Heap Scan on sbtest3  (cost=5.53..428.75 rows=107 width=125)
	  Recheck Cond: ((k >= 4763961) AND (k <= 4764061))
	  ->  Bitmap Index Scan on k_3  (cost=0.00..5.50 rows=107 width=0)
	        Index Cond: ((k >= 4763961) AND (k <= 4764061))

table 4 : explain SELECT k, c FROM sbtest4 WHERE k BETWEEN 4763961 AND 4764061
	Bitmap Heap Scan on sbtest4  (cost=5.47..405.13 rows=101 width=125)
	  Recheck Cond: ((k >= 4763961) AND (k <= 4764061))
	  ->  Bitmap Index Scan on k_4  (cost=0.00..5.44 rows=101 width=0)
	        Index Cond: ((k >= 4763961) AND (k <= 4764061))

table 5 : explain SELECT k, c FROM sbtest5 WHERE k BETWEEN 4763961 AND 4764061
	Bitmap Heap Scan on sbtest5  (cost=5.52..424.81 rows=106 width=125)
	  Recheck Cond: ((k >= 4763961) AND (k <= 4764061))
	  ->  Bitmap Index Scan on k_5  (cost=0.00..5.50 rows=106 width=0)
	        Index Cond: ((k >= 4763961) AND (k <= 4764061))

table 6 : explain SELECT k, c FROM sbtest6 WHERE k BETWEEN 4763961 AND 4764061
	Bitmap Heap Scan on sbtest6  (cost=5.48..409.07 rows=102 width=125)
	  Recheck Cond: ((k >= 4763961) AND (k <= 4764061))
	  ->  Bitmap Index Scan on k_6  (cost=0.00..5.45 rows=102 width=0)
	        Index Cond: ((k >= 4763961) AND (k <= 4764061))

table 7 : explain SELECT k, c FROM sbtest7 WHERE k BETWEEN 4763961 AND 4764061
	Bitmap Heap Scan on sbtest7  (cost=5.38..369.67 rows=92 width=125)
	  Recheck Cond: ((k >= 4763961) AND (k <= 4764061))
	  ->  Bitmap Index Scan on k_7  (cost=0.00..5.35 rows=92 width=0)
	        Index Cond: ((k >= 4763961) AND (k <= 4764061))

table 8 : explain SELECT k, c FROM sbtest8 WHERE k BETWEEN 4763961 AND 4764061
	Bitmap Heap Scan on sbtest8  (cost=5.39..373.61 rows=93 width=125)
	  Recheck Cond: ((k >= 4763961) AND (k <= 4764061))
	  ->  Bitmap Index Scan on k_8  (cost=0.00..5.36 rows=93 width=0)
	        Index Cond: ((k >= 4763961) AND (k <= 4764061))

explain: for range-notcovered :: explain SELECT k, c FROM sbtest%d WHERE k BETWEEN 5060120 AND 5060220
explain: for range-notcovered :: explain SELECT k, c FROM sbtest%d WHERE k BETWEEN 4763961 AND 4764061
for range-notcovered
table 1 : explain SELECT k, c FROM sbtest1 WHERE k BETWEEN 1933430 AND 1933530
	Bitmap Heap Scan on sbtest1  (cost=5.41..381.49 rows=95 width=125)
	  Recheck Cond: ((k >= 1933430) AND (k <= 1933530))
	  ->  Bitmap Index Scan on k_1  (cost=0.00..5.38 rows=95 width=0)
	        Index Cond: ((k >= 1933430) AND (k <= 1933530))

table 2 : explain SELECT k, c FROM sbtest2 WHERE k BETWEEN 1933430 AND 1933530
	Bitmap Heap Scan on sbtest2  (cost=5.47..405.13 rows=101 width=125)
	  Recheck Cond: ((k >= 1933430) AND (k <= 1933530))
	  ->  Bitmap Index Scan on k_2  (cost=0.00..5.44 rows=101 width=0)
	        Index Cond: ((k >= 1933430) AND (k <= 1933530))

table 3 : explain SELECT k, c FROM sbtest3 WHERE k BETWEEN 1933430 AND 1933530
	Bitmap Heap Scan on sbtest3  (cost=5.52..424.81 rows=106 width=125)
	  Recheck Cond: ((k >= 1933430) AND (k <= 1933530))
	  ->  Bitmap Index Scan on k_3  (cost=0.00..5.50 rows=106 width=0)
	        Index Cond: ((k >= 1933430) AND (k <= 1933530))

table 4 : explain SELECT k, c FROM sbtest4 WHERE k BETWEEN 1933430 AND 1933530
	Bitmap Heap Scan on sbtest4  (cost=5.46..401.19 rows=100 width=125)
	  Recheck Cond: ((k >= 1933430) AND (k <= 1933530))
	  ->  Bitmap Index Scan on k_4  (cost=0.00..5.43 rows=100 width=0)
	        Index Cond: ((k >= 1933430) AND (k <= 1933530))

table 5 : explain SELECT k, c FROM sbtest5 WHERE k BETWEEN 1933430 AND 1933530
	Bitmap Heap Scan on sbtest5  (cost=5.48..409.07 rows=102 width=125)
	  Recheck Cond: ((k >= 1933430) AND (k <= 1933530))
	  ->  Bitmap Index Scan on k_5  (cost=0.00..5.45 rows=102 width=0)
	        Index Cond: ((k >= 1933430) AND (k <= 1933530))

table 6 : explain SELECT k, c FROM sbtest6 WHERE k BETWEEN 1933430 AND 1933530
	Bitmap Heap Scan on sbtest6  (cost=5.45..397.25 rows=99 width=125)
	  Recheck Cond: ((k >= 1933430) AND (k <= 1933530))
	  ->  Bitmap Index Scan on k_6  (cost=0.00..5.42 rows=99 width=0)
	        Index Cond: ((k >= 1933430) AND (k <= 1933530))

table 7 : explain SELECT k, c FROM sbtest7 WHERE k BETWEEN 1933430 AND 1933530
	Bitmap Heap Scan on sbtest7  (cost=5.48..409.07 rows=102 width=125)
	  Recheck Cond: ((k >= 1933430) AND (k <= 1933530))
	  ->  Bitmap Index Scan on k_7  (cost=0.00..5.45 rows=102 width=0)
	        Index Cond: ((k >= 1933430) AND (k <= 1933530))

table 8 : explain SELECT k, c FROM sbtest8 WHERE k BETWEEN 1933430 AND 1933530
	Bitmap Heap Scan on sbtest8  (cost=5.47..405.13 rows=101 width=125)
	  Recheck Cond: ((k >= 1933430) AND (k <= 1933530))
	  ->  Bitmap Index Scan on k_8  (cost=0.00..5.44 rows=101 width=0)
	        Index Cond: ((k >= 1933430) AND (k <= 1933530))

explain: for range-notcovered :: explain SELECT k, c FROM sbtest%d WHERE k BETWEEN 1933430 AND 1933530
for range-notcovered
table 1 : explain SELECT k, c FROM sbtest1 WHERE k BETWEEN 4939049 AND 4939149
	Bitmap Heap Scan on sbtest1  (cost=5.54..432.69 rows=108 width=125)
	  Recheck Cond: ((k >= 4939049) AND (k <= 4939149))
	  ->  Bitmap Index Scan on k_1  (cost=0.00..5.51 rows=108 width=0)
	        Index Cond: ((k >= 4939049) AND (k <= 4939149))

table 2 : explain SELECT k, c FROM sbtest2 WHERE k BETWEEN 4939049 AND 4939149
	Bitmap Heap Scan on sbtest2  (cost=5.47..405.13 rows=101 width=125)
	  Recheck Cond: ((k >= 4939049) AND (k <= 4939149))
	  ->  Bitmap Index Scan on k_2  (cost=0.00..5.44 rows=101 width=0)
	        Index Cond: ((k >= 4939049) AND (k <= 4939149))

table 3 : explain SELECT k, c FROM sbtest3 WHERE k BETWEEN 4939049 AND 4939149
	Bitmap Heap Scan on sbtest3  (cost=5.49..413.00 rows=103 width=125)
	  Recheck Cond: ((k >= 4939049) AND (k <= 4939149))
	  ->  Bitmap Index Scan on k_3  (cost=0.00..5.46 rows=103 width=0)
	        Index Cond: ((k >= 4939049) AND (k <= 4939149))

table 4 : explain SELECT k, c FROM sbtest4 WHERE k BETWEEN 4939049 AND 4939149
	Bitmap Heap Scan on sbtest4  (cost=5.48..409.07 rows=102 width=125)
	  Recheck Cond: ((k >= 4939049) AND (k <= 4939149))
	  ->  Bitmap Index Scan on k_4  (cost=0.00..5.45 rows=102 width=0)
	        Index Cond: ((k >= 4939049) AND (k <= 4939149))

table 5 : explain SELECT k, c FROM sbtest5 WHERE k BETWEEN 4939049 AND 4939149
	Bitmap Heap Scan on sbtest5  (cost=5.46..401.19 rows=100 width=125)
	  Recheck Cond: ((k >= 4939049) AND (k <= 4939149))
	  ->  Bitmap Index Scan on k_5  (cost=0.00..5.43 rows=100 width=0)
	        Index Cond: ((k >= 4939049) AND (k <= 4939149))

table 6 : explain SELECT k, c FROM sbtest6 WHERE k BETWEEN 4939049 AND 4939149
	Bitmap Heap Scan on sbtest6  (cost=5.51..420.88 rows=105 width=125)
	  Recheck Cond: ((k >= 4939049) AND (k <= 4939149))
	  ->  Bitmap Index Scan on k_6  (cost=0.00..5.48 rows=105 width=0)
	        Index Cond: ((k >= 4939049) AND (k <= 4939149))

table 7 : explain SELECT k, c FROM sbtest7 WHERE k BETWEEN 4939049 AND 4939149
	Bitmap Heap Scan on sbtest7  (cost=5.43..389.37 rows=97 width=125)
	  Recheck Cond: ((k >= 4939049) AND (k <= 4939149))
	  ->  Bitmap Index Scan on k_7  (cost=0.00..5.40 rows=97 width=0)
	        Index Cond: ((k >= 4939049) AND (k <= 4939149))

table 8 : explain SELECT k, c FROM sbtest8 WHERE k BETWEEN 4939049 AND 4939149
	Bitmap Heap Scan on sbtest8  (cost=5.47..405.13 rows=101 width=125)
	  Recheck Cond: ((k >= 4939049) AND (k <= 4939149))
	  ->  Bitmap Index Scan on k_8  (cost=0.00..5.44 rows=101 width=0)
	        Index Cond: ((k >= 4939049) AND (k <= 4939149))

explain: for range-notcovered :: explain SELECT k, c FROM sbtest%d WHERE k BETWEEN 4939049 AND 4939149
for range-notcovered
table 1 : explain SELECT k, c FROM sbtest1 WHERE k BETWEEN 771879 AND 771979
	Bitmap Heap Scan on sbtest1  (cost=5.54..432.69 rows=108 width=125)
	  Recheck Cond: ((k >= 771879) AND (k <= 771979))
	  ->  Bitmap Index Scan on k_1  (cost=0.00..5.51 rows=108 width=0)
	        Index Cond: ((k >= 771879) AND (k <= 771979))

table 2 : explain SELECT k, c FROM sbtest2 WHERE k BETWEEN 771879 AND 771979
	Bitmap Heap Scan on sbtest2  (cost=5.42..385.43 rows=96 width=125)
	  Recheck Cond: ((k >= 771879) AND (k <= 771979))
	  ->  Bitmap Index Scan on k_2  (cost=0.00..5.39 rows=96 width=0)
	        Index Cond: ((k >= 771879) AND (k <= 771979))

table 3 : explain SELECT k, c FROM sbtest3 WHERE k BETWEEN 771879 AND 771979
	Bitmap Heap Scan on sbtest3  (cost=5.50..416.94 rows=104 width=125)
	  Recheck Cond: ((k >= 771879) AND (k <= 771979))
	  ->  Bitmap Index Scan on k_3  (cost=0.00..5.47 rows=104 width=0)
	        Index Cond: ((k >= 771879) AND (k <= 771979))

table 4 : explain SELECT k, c FROM sbtest4 WHERE k BETWEEN 771879 AND 771979
	Bitmap Heap Scan on sbtest4  (cost=5.57..444.49 rows=111 width=125)
	  Recheck Cond: ((k >= 771879) AND (k <= 771979))
	  ->  Bitmap Index Scan on k_4  (cost=0.00..5.54 rows=111 width=0)
	        Index Cond: ((k >= 771879) AND (k <= 771979))

table 5 : explain SELECT k, c FROM sbtest5 WHERE k BETWEEN 771879 AND 771979
	Bitmap Heap Scan on sbtest5  (cost=5.55..436.62 rows=109 width=125)
	  Recheck Cond: ((k >= 771879) AND (k <= 771979))
	  ->  Bitmap Index Scan on k_5  (cost=0.00..5.52 rows=109 width=0)
	        Index Cond: ((k >= 771879) AND (k <= 771979))

table 6 : explain SELECT k, c FROM sbtest6 WHERE k BETWEEN 771879 AND 771979
	Bitmap Heap Scan on sbtest6  (cost=5.60..456.29 rows=114 width=125)
	  Recheck Cond: ((k >= 771879) AND (k <= 771979))
	  ->  Bitmap Index Scan on k_6  (cost=0.00..5.58 rows=114 width=0)
	        Index Cond: ((k >= 771879) AND (k <= 771979))

table 7 : explain SELECT k, c FROM sbtest7 WHERE k BETWEEN 771879 AND 771979
	Bitmap Heap Scan on sbtest7  (cost=5.51..420.88 rows=105 width=125)
	  Recheck Cond: ((k >= 771879) AND (k <= 771979))
	  ->  Bitmap Index Scan on k_7  (cost=0.00..5.48 rows=105 width=0)
	        Index Cond: ((k >= 771879) AND (k <= 771979))

table 8 : explain SELECT k, c FROM sbtest8 WHERE k BETWEEN 771879 AND 771979
	Bitmap Heap Scan on sbtest8  (cost=5.58..448.42 rows=112 width=125)
	  Recheck Cond: ((k >= 771879) AND (k <= 771979))
	  ->  Bitmap Index Scan on k_8  (cost=0.00..5.55 rows=112 width=0)
	        Index Cond: ((k >= 771879) AND (k <= 771979))

explain: for range-notcovered :: explain SELECT k, c FROM sbtest%d WHERE k BETWEEN 771879 AND 771979
for range-notcovered
table 1 : explain SELECT k, c FROM sbtest1 WHERE k BETWEEN 6241459 AND 6241559
	Bitmap Heap Scan on sbtest1  (cost=5.54..432.69 rows=108 width=125)
	  Recheck Cond: ((k >= 6241459) AND (k <= 6241559))
	  ->  Bitmap Index Scan on k_1  (cost=0.00..5.51 rows=108 width=0)
	        Index Cond: ((k >= 6241459) AND (k <= 6241559))

table 2 : explain SELECT k, c FROM sbtest2 WHERE k BETWEEN 6241459 AND 6241559
	Bitmap Heap Scan on sbtest2  (cost=5.44..393.31 rows=98 width=125)
	  Recheck Cond: ((k >= 6241459) AND (k <= 6241559))
	  ->  Bitmap Index Scan on k_2  (cost=0.00..5.42 rows=98 width=0)
	        Index Cond: ((k >= 6241459) AND (k <= 6241559))

table 3 : explain SELECT k, c FROM sbtest3 WHERE k BETWEEN 6241459 AND 6241559
	Bitmap Heap Scan on sbtest3  (cost=5.56..440.56 rows=110 width=125)
	  Recheck Cond: ((k >= 6241459) AND (k <= 6241559))
	  ->  Bitmap Index Scan on k_3  (cost=0.00..5.53 rows=110 width=0)
	        Index Cond: ((k >= 6241459) AND (k <= 6241559))

table 4 : explain SELECT k, c FROM sbtest4 WHERE k BETWEEN 6241459 AND 6241559
	Bitmap Heap Scan on sbtest4  (cost=5.48..409.07 rows=102 width=125)
	  Recheck Cond: ((k >= 6241459) AND (k <= 6241559))
	  ->  Bitmap Index Scan on k_4  (cost=0.00..5.45 rows=102 width=0)
	        Index Cond: ((k >= 6241459) AND (k <= 6241559))

table 5 : explain SELECT k, c FROM sbtest5 WHERE k BETWEEN 6241459 AND 6241559
	Bitmap Heap Scan on sbtest5  (cost=5.50..416.94 rows=104 width=125)
	  Recheck Cond: ((k >= 6241459) AND (k <= 6241559))
	  ->  Bitmap Index Scan on k_5  (cost=0.00..5.47 rows=104 width=0)
	        Index Cond: ((k >= 6241459) AND (k <= 6241559))

table 6 : explain SELECT k, c FROM sbtest6 WHERE k BETWEEN 6241459 AND 6241559
	Bitmap Heap Scan on sbtest6  (cost=5.48..409.07 rows=102 width=125)
	  Recheck Cond: ((k >= 6241459) AND (k <= 6241559))
	  ->  Bitmap Index Scan on k_6  (cost=0.00..5.45 rows=102 width=0)
	        Index Cond: ((k >= 6241459) AND (k <= 6241559))

table 7 : explain SELECT k, c FROM sbtest7 WHERE k BETWEEN 6241459 AND 6241559
	Bitmap Heap Scan on sbtest7  (cost=5.52..424.81 rows=106 width=125)
	  Recheck Cond: ((k >= 6241459) AND (k <= 6241559))
	  ->  Bitmap Index Scan on k_7  (cost=0.00..5.50 rows=106 width=0)
	        Index Cond: ((k >= 6241459) AND (k <= 6241559))

table 8 : explain SELECT k, c FROM sbtest8 WHERE k BETWEEN 6241459 AND 6241559
	Bitmap Heap Scan on sbtest8  (cost=5.47..405.13 rows=101 width=125)
	  Recheck Cond: ((k >= 6241459) AND (k <= 6241559))
	  ->  Bitmap Index Scan on k_8  (cost=0.00..5.44 rows=101 width=0)
	        Index Cond: ((k >= 6241459) AND (k <= 6241559))

explain: for range-notcovered :: explain SELECT k, c FROM sbtest%d WHERE k BETWEEN 6241459 AND 6241559
for range-notcovered
table 1 : explain SELECT k, c FROM sbtest1 WHERE k BETWEEN 4763961 AND 4764061
	Bitmap Heap Scan on sbtest1  (cost=5.50..416.94 rows=104 width=125)
	  Recheck Cond: ((k >= 4763961) AND (k <= 4764061))
	  ->  Bitmap Index Scan on k_1  (cost=0.00..5.47 rows=104 width=0)
	        Index Cond: ((k >= 4763961) AND (k <= 4764061))

table 2 : explain SELECT k, c FROM sbtest2 WHERE k BETWEEN 4763961 AND 4764061
	Bitmap Heap Scan on sbtest2  (cost=5.55..436.62 rows=109 width=125)
	  Recheck Cond: ((k >= 4763961) AND (k <= 4764061))
	  ->  Bitmap Index Scan on k_2  (cost=0.00..5.52 rows=109 width=0)
	        Index Cond: ((k >= 4763961) AND (k <= 4764061))

table 3 : explain SELECT k, c FROM sbtest3 WHERE k BETWEEN 4763961 AND 4764061
	Bitmap Heap Scan on sbtest3  (cost=5.53..428.75 rows=107 width=125)
	  Recheck Cond: ((k >= 4763961) AND (k <= 4764061))
	  ->  Bitmap Index Scan on k_3  (cost=0.00..5.50 rows=107 width=0)
	        Index Cond: ((k >= 4763961) AND (k <= 4764061))

table 4 : explain SELECT k, c FROM sbtest4 WHERE k BETWEEN 4763961 AND 4764061
	Bitmap Heap Scan on sbtest4  (cost=5.47..405.13 rows=101 width=125)
	  Recheck Cond: ((k >= 4763961) AND (k <= 4764061))
	  ->  Bitmap Index Scan on k_4  (cost=0.00..5.44 rows=101 width=0)
	        Index Cond: ((k >= 4763961) AND (k <= 4764061))

table 5 : explain SELECT k, c FROM sbtest5 WHERE k BETWEEN 4763961 AND 4764061
	Bitmap Heap Scan on sbtest5  (cost=5.52..424.81 rows=106 width=125)
	  Recheck Cond: ((k >= 4763961) AND (k <= 4764061))
	  ->  Bitmap Index Scan on k_5  (cost=0.00..5.50 rows=106 width=0)
	        Index Cond: ((k >= 4763961) AND (k <= 4764061))

table 6 : explain SELECT k, c FROM sbtest6 WHERE k BETWEEN 4763961 AND 4764061
	Bitmap Heap Scan on sbtest6  (cost=5.48..409.07 rows=102 width=125)
	  Recheck Cond: ((k >= 4763961) AND (k <= 4764061))
	  ->  Bitmap Index Scan on k_6  (cost=0.00..5.45 rows=102 width=0)
	        Index Cond: ((k >= 4763961) AND (k <= 4764061))

table 7 : explain SELECT k, c FROM sbtest7 WHERE k BETWEEN 4763961 AND 4764061
	Bitmap Heap Scan on sbtest7  (cost=5.38..369.67 rows=92 width=125)
	  Recheck Cond: ((k >= 4763961) AND (k <= 4764061))
	  ->  Bitmap Index Scan on k_7  (cost=0.00..5.35 rows=92 width=0)
	        Index Cond: ((k >= 4763961) AND (k <= 4764061))

table 8 : explain SELECT k, c FROM sbtest8 WHERE k BETWEEN 4763961 AND 4764061
	Bitmap Heap Scan on sbtest8  (cost=5.39..373.61 rows=93 width=125)
	  Recheck Cond: ((k >= 4763961) AND (k <= 4764061))
	  ->  Bitmap Index Scan on k_8  (cost=0.00..5.36 rows=93 width=0)
	        Index Cond: ((k >= 4763961) AND (k <= 4764061))

explain: for range-notcovered :: explain SELECT k, c FROM sbtest%d WHERE k BETWEEN 4763961 AND 4764061
for range-notcovered
table 1 : explain SELECT k, c FROM sbtest1 WHERE k BETWEEN 1933430 AND 1933530
	Bitmap Heap Scan on sbtest1  (cost=5.41..381.49 rows=95 width=125)
	  Recheck Cond: ((k >= 1933430) AND (k <= 1933530))
	  ->  Bitmap Index Scan on k_1  (cost=0.00..5.38 rows=95 width=0)
	        Index Cond: ((k >= 1933430) AND (k <= 1933530))

table 2 : explain SELECT k, c FROM sbtest2 WHERE k BETWEEN 1933430 AND 1933530
	Bitmap Heap Scan on sbtest2  (cost=5.47..405.13 rows=101 width=125)
	  Recheck Cond: ((k >= 1933430) AND (k <= 1933530))
	  ->  Bitmap Index Scan on k_2  (cost=0.00..5.44 rows=101 width=0)
	        Index Cond: ((k >= 1933430) AND (k <= 1933530))

table 3 : explain SELECT k, c FROM sbtest3 WHERE k BETWEEN 1933430 AND 1933530
	Bitmap Heap Scan on sbtest3  (cost=5.52..424.81 rows=106 width=125)
	  Recheck Cond: ((k >= 1933430) AND (k <= 1933530))
	  ->  Bitmap Index Scan on k_3  (cost=0.00..5.50 rows=106 width=0)
	        Index Cond: ((k >= 1933430) AND (k <= 1933530))

table 4 : explain SELECT k, c FROM sbtest4 WHERE k BETWEEN 1933430 AND 1933530
	Bitmap Heap Scan on sbtest4  (cost=5.46..401.19 rows=100 width=125)
	  Recheck Cond: ((k >= 1933430) AND (k <= 1933530))
	  ->  Bitmap Index Scan on k_4  (cost=0.00..5.43 rows=100 width=0)
	        Index Cond: ((k >= 1933430) AND (k <= 1933530))

table 5 : explain SELECT k, c FROM sbtest5 WHERE k BETWEEN 1933430 AND 1933530
	Bitmap Heap Scan on sbtest5  (cost=5.48..409.07 rows=102 width=125)
	  Recheck Cond: ((k >= 1933430) AND (k <= 1933530))
	  ->  Bitmap Index Scan on k_5  (cost=0.00..5.45 rows=102 width=0)
	        Index Cond: ((k >= 1933430) AND (k <= 1933530))

table 6 : explain SELECT k, c FROM sbtest6 WHERE k BETWEEN 1933430 AND 1933530
	Bitmap Heap Scan on sbtest6  (cost=5.45..397.25 rows=99 width=125)
	  Recheck Cond: ((k >= 1933430) AND (k <= 1933530))
	  ->  Bitmap Index Scan on k_6  (cost=0.00..5.42 rows=99 width=0)
	        Index Cond: ((k >= 1933430) AND (k <= 1933530))

table 7 : explain SELECT k, c FROM sbtest7 WHERE k BETWEEN 1933430 AND 1933530
	Bitmap Heap Scan on sbtest7  (cost=5.48..409.07 rows=102 width=125)
	  Recheck Cond: ((k >= 1933430) AND (k <= 1933530))
	  ->  Bitmap Index Scan on k_7  (cost=0.00..5.45 rows=102 width=0)
	        Index Cond: ((k >= 1933430) AND (k <= 1933530))

table 8 : explain SELECT k, c FROM sbtest8 WHERE k BETWEEN 1933430 AND 1933530
	Bitmap Heap Scan on sbtest8  (cost=5.47..405.13 rows=101 width=125)
	  Recheck Cond: ((k >= 1933430) AND (k <= 1933530))
	  ->  Bitmap Index Scan on k_8  (cost=0.00..5.44 rows=101 width=0)
	        Index Cond: ((k >= 1933430) AND (k <= 1933530))

for range-notcovered
table 1 : explain SELECT k, c FROM sbtest1 WHERE k BETWEEN 4939049 AND 4939149
	Bitmap Heap Scan on sbtest1  (cost=5.54..432.69 rows=108 width=125)
	  Recheck Cond: ((k >= 4939049) AND (k <= 4939149))
	  ->  Bitmap Index Scan on k_1  (cost=0.00..5.51 rows=108 width=0)
	        Index Cond: ((k >= 4939049) AND (k <= 4939149))

table 2 : explain SELECT k, c FROM sbtest2 WHERE k BETWEEN 4939049 AND 4939149
	Bitmap Heap Scan on sbtest2  (cost=5.47..405.13 rows=101 width=125)
	  Recheck Cond: ((k >= 4939049) AND (k <= 4939149))
	  ->  Bitmap Index Scan on k_2  (cost=0.00..5.44 rows=101 width=0)
	        Index Cond: ((k >= 4939049) AND (k <= 4939149))

table 3 : explain SELECT k, c FROM sbtest3 WHERE k BETWEEN 4939049 AND 4939149
	Bitmap Heap Scan on sbtest3  (cost=5.49..413.00 rows=103 width=125)
	  Recheck Cond: ((k >= 4939049) AND (k <= 4939149))
	  ->  Bitmap Index Scan on k_3  (cost=0.00..5.46 rows=103 width=0)
	        Index Cond: ((k >= 4939049) AND (k <= 4939149))

table 4 : explain SELECT k, c FROM sbtest4 WHERE k BETWEEN 4939049 AND 4939149
	Bitmap Heap Scan on sbtest4  (cost=5.48..409.07 rows=102 width=125)
	  Recheck Cond: ((k >= 4939049) AND (k <= 4939149))
	  ->  Bitmap Index Scan on k_4  (cost=0.00..5.45 rows=102 width=0)
	        Index Cond: ((k >= 4939049) AND (k <= 4939149))

table 5 : explain SELECT k, c FROM sbtest5 WHERE k BETWEEN 4939049 AND 4939149
	Bitmap Heap Scan on sbtest5  (cost=5.46..401.19 rows=100 width=125)
	  Recheck Cond: ((k >= 4939049) AND (k <= 4939149))
	  ->  Bitmap Index Scan on k_5  (cost=0.00..5.43 rows=100 width=0)
	        Index Cond: ((k >= 4939049) AND (k <= 4939149))

table 6 : explain SELECT k, c FROM sbtest6 WHERE k BETWEEN 4939049 AND 4939149
	Bitmap Heap Scan on sbtest6  (cost=5.51..420.88 rows=105 width=125)
	  Recheck Cond: ((k >= 4939049) AND (k <= 4939149))
	  ->  Bitmap Index Scan on k_6  (cost=0.00..5.48 rows=105 width=0)
	        Index Cond: ((k >= 4939049) AND (k <= 4939149))

table 7 : explain SELECT k, c FROM sbtest7 WHERE k BETWEEN 4939049 AND 4939149
	Bitmap Heap Scan on sbtest7  (cost=5.43..389.37 rows=97 width=125)
	  Recheck Cond: ((k >= 4939049) AND (k <= 4939149))
	  ->  Bitmap Index Scan on k_7  (cost=0.00..5.40 rows=97 width=0)
	        Index Cond: ((k >= 4939049) AND (k <= 4939149))

table 8 : explain SELECT k, c FROM sbtest8 WHERE k BETWEEN 4939049 AND 4939149
	Bitmap Heap Scan on sbtest8  (cost=5.47..405.13 rows=101 width=125)
	  Recheck Cond: ((k >= 4939049) AND (k <= 4939149))
	  ->  Bitmap Index Scan on k_8  (cost=0.00..5.44 rows=101 width=0)
	        Index Cond: ((k >= 4939049) AND (k <= 4939149))

for range-notcovered
table 1 : explain SELECT k, c FROM sbtest1 WHERE k BETWEEN 771879 AND 771979
	Bitmap Heap Scan on sbtest1  (cost=5.54..432.69 rows=108 width=125)
	  Recheck Cond: ((k >= 771879) AND (k <= 771979))
	  ->  Bitmap Index Scan on k_1  (cost=0.00..5.51 rows=108 width=0)
	        Index Cond: ((k >= 771879) AND (k <= 771979))

table 2 : explain SELECT k, c FROM sbtest2 WHERE k BETWEEN 771879 AND 771979
	Bitmap Heap Scan on sbtest2  (cost=5.42..385.43 rows=96 width=125)
	  Recheck Cond: ((k >= 771879) AND (k <= 771979))
	  ->  Bitmap Index Scan on k_2  (cost=0.00..5.39 rows=96 width=0)
	        Index Cond: ((k >= 771879) AND (k <= 771979))

table 3 : explain SELECT k, c FROM sbtest3 WHERE k BETWEEN 771879 AND 771979
	Bitmap Heap Scan on sbtest3  (cost=5.50..416.94 rows=104 width=125)
	  Recheck Cond: ((k >= 771879) AND (k <= 771979))
	  ->  Bitmap Index Scan on k_3  (cost=0.00..5.47 rows=104 width=0)
	        Index Cond: ((k >= 771879) AND (k <= 771979))

table 4 : explain SELECT k, c FROM sbtest4 WHERE k BETWEEN 771879 AND 771979
	Bitmap Heap Scan on sbtest4  (cost=5.57..444.49 rows=111 width=125)
	  Recheck Cond: ((k >= 771879) AND (k <= 771979))
	  ->  Bitmap Index Scan on k_4  (cost=0.00..5.54 rows=111 width=0)
	        Index Cond: ((k >= 771879) AND (k <= 771979))

table 5 : explain SELECT k, c FROM sbtest5 WHERE k BETWEEN 771879 AND 771979
	Bitmap Heap Scan on sbtest5  (cost=5.55..436.62 rows=109 width=125)
	  Recheck Cond: ((k >= 771879) AND (k <= 771979))
	  ->  Bitmap Index Scan on k_5  (cost=0.00..5.52 rows=109 width=0)
	        Index Cond: ((k >= 771879) AND (k <= 771979))

table 6 : explain SELECT k, c FROM sbtest6 WHERE k BETWEEN 771879 AND 771979
	Bitmap Heap Scan on sbtest6  (cost=5.60..456.29 rows=114 width=125)
	  Recheck Cond: ((k >= 771879) AND (k <= 771979))
	  ->  Bitmap Index Scan on k_6  (cost=0.00..5.58 rows=114 width=0)
	        Index Cond: ((k >= 771879) AND (k <= 771979))

table 7 : explain SELECT k, c FROM sbtest7 WHERE k BETWEEN 771879 AND 771979
	Bitmap Heap Scan on sbtest7  (cost=5.51..420.88 rows=105 width=125)
	  Recheck Cond: ((k >= 771879) AND (k <= 771979))
	  ->  Bitmap Index Scan on k_7  (cost=0.00..5.48 rows=105 width=0)
	        Index Cond: ((k >= 771879) AND (k <= 771979))

table 8 : explain SELECT k, c FROM sbtest8 WHERE k BETWEEN 771879 AND 771979
	Bitmap Heap Scan on sbtest8  (cost=5.58..448.42 rows=112 width=125)
	  Recheck Cond: ((k >= 771879) AND (k <= 771979))
	  ->  Bitmap Index Scan on k_8  (cost=0.00..5.55 rows=112 width=0)
	        Index Cond: ((k >= 771879) AND (k <= 771979))

explain: for range-notcovered :: explain SELECT k, c FROM sbtest%d WHERE k BETWEEN 4939049 AND 4939149
explain: for range-notcovered :: explain SELECT k, c FROM sbtest%d WHERE k BETWEEN 1933430 AND 1933530
explain: for range-notcovered :: explain SELECT k, c FROM sbtest%d WHERE k BETWEEN 771879 AND 771979
for range-notcovered
table 1 : explain SELECT k, c FROM sbtest1 WHERE k BETWEEN 6241459 AND 6241559
	Bitmap Heap Scan on sbtest1  (cost=5.54..432.69 rows=108 width=125)
	  Recheck Cond: ((k >= 6241459) AND (k <= 6241559))
	  ->  Bitmap Index Scan on k_1  (cost=0.00..5.51 rows=108 width=0)
	        Index Cond: ((k >= 6241459) AND (k <= 6241559))

table 2 : explain SELECT k, c FROM sbtest2 WHERE k BETWEEN 6241459 AND 6241559
	Bitmap Heap Scan on sbtest2  (cost=5.44..393.31 rows=98 width=125)
	  Recheck Cond: ((k >= 6241459) AND (k <= 6241559))
	  ->  Bitmap Index Scan on k_2  (cost=0.00..5.42 rows=98 width=0)
	        Index Cond: ((k >= 6241459) AND (k <= 6241559))

table 3 : explain SELECT k, c FROM sbtest3 WHERE k BETWEEN 6241459 AND 6241559
	Bitmap Heap Scan on sbtest3  (cost=5.56..440.56 rows=110 width=125)
	  Recheck Cond: ((k >= 6241459) AND (k <= 6241559))
	  ->  Bitmap Index Scan on k_3  (cost=0.00..5.53 rows=110 width=0)
	        Index Cond: ((k >= 6241459) AND (k <= 6241559))

table 4 : explain SELECT k, c FROM sbtest4 WHERE k BETWEEN 6241459 AND 6241559
	Bitmap Heap Scan on sbtest4  (cost=5.48..409.07 rows=102 width=125)
	  Recheck Cond: ((k >= 6241459) AND (k <= 6241559))
	  ->  Bitmap Index Scan on k_4  (cost=0.00..5.45 rows=102 width=0)
	        Index Cond: ((k >= 6241459) AND (k <= 6241559))

table 5 : explain SELECT k, c FROM sbtest5 WHERE k BETWEEN 6241459 AND 6241559
	Bitmap Heap Scan on sbtest5  (cost=5.50..416.94 rows=104 width=125)
	  Recheck Cond: ((k >= 6241459) AND (k <= 6241559))
	  ->  Bitmap Index Scan on k_5  (cost=0.00..5.47 rows=104 width=0)
	        Index Cond: ((k >= 6241459) AND (k <= 6241559))

table 6 : explain SELECT k, c FROM sbtest6 WHERE k BETWEEN 6241459 AND 6241559
	Bitmap Heap Scan on sbtest6  (cost=5.48..409.07 rows=102 width=125)
	  Recheck Cond: ((k >= 6241459) AND (k <= 6241559))
	  ->  Bitmap Index Scan on k_6  (cost=0.00..5.45 rows=102 width=0)
	        Index Cond: ((k >= 6241459) AND (k <= 6241559))

table 7 : explain SELECT k, c FROM sbtest7 WHERE k BETWEEN 6241459 AND 6241559
	Bitmap Heap Scan on sbtest7  (cost=5.52..424.81 rows=106 width=125)
	  Recheck Cond: ((k >= 6241459) AND (k <= 6241559))
	  ->  Bitmap Index Scan on k_7  (cost=0.00..5.50 rows=106 width=0)
	        Index Cond: ((k >= 6241459) AND (k <= 6241559))

table 8 : explain SELECT k, c FROM sbtest8 WHERE k BETWEEN 6241459 AND 6241559
	Bitmap Heap Scan on sbtest8  (cost=5.47..405.13 rows=101 width=125)
	  Recheck Cond: ((k >= 6241459) AND (k <= 6241559))
	  ->  Bitmap Index Scan on k_8  (cost=0.00..5.44 rows=101 width=0)
	        Index Cond: ((k >= 6241459) AND (k <= 6241559))

explain: for range-notcovered :: explain SELECT k, c FROM sbtest%d WHERE k BETWEEN 6241459 AND 6241559
for range-notcovered
table 1 : explain SELECT k, c FROM sbtest1 WHERE k BETWEEN 4763961 AND 4764061
	Bitmap Heap Scan on sbtest1  (cost=5.50..416.94 rows=104 width=125)
	  Recheck Cond: ((k >= 4763961) AND (k <= 4764061))
	  ->  Bitmap Index Scan on k_1  (cost=0.00..5.47 rows=104 width=0)
	        Index Cond: ((k >= 4763961) AND (k <= 4764061))

table 2 : explain SELECT k, c FROM sbtest2 WHERE k BETWEEN 4763961 AND 4764061
	Bitmap Heap Scan on sbtest2  (cost=5.55..436.62 rows=109 width=125)
	  Recheck Cond: ((k >= 4763961) AND (k <= 4764061))
	  ->  Bitmap Index Scan on k_2  (cost=0.00..5.52 rows=109 width=0)
	        Index Cond: ((k >= 4763961) AND (k <= 4764061))

table 3 : explain SELECT k, c FROM sbtest3 WHERE k BETWEEN 4763961 AND 4764061
	Bitmap Heap Scan on sbtest3  (cost=5.53..428.75 rows=107 width=125)
	  Recheck Cond: ((k >= 4763961) AND (k <= 4764061))
	  ->  Bitmap Index Scan on k_3  (cost=0.00..5.50 rows=107 width=0)
	        Index Cond: ((k >= 4763961) AND (k <= 4764061))

table 4 : explain SELECT k, c FROM sbtest4 WHERE k BETWEEN 4763961 AND 4764061
	Bitmap Heap Scan on sbtest4  (cost=5.47..405.13 rows=101 width=125)
	  Recheck Cond: ((k >= 4763961) AND (k <= 4764061))
	  ->  Bitmap Index Scan on k_4  (cost=0.00..5.44 rows=101 width=0)
	        Index Cond: ((k >= 4763961) AND (k <= 4764061))

table 5 : explain SELECT k, c FROM sbtest5 WHERE k BETWEEN 4763961 AND 4764061
	Bitmap Heap Scan on sbtest5  (cost=5.52..424.81 rows=106 width=125)
	  Recheck Cond: ((k >= 4763961) AND (k <= 4764061))
	  ->  Bitmap Index Scan on k_5  (cost=0.00..5.50 rows=106 width=0)
	        Index Cond: ((k >= 4763961) AND (k <= 4764061))

table 6 : explain SELECT k, c FROM sbtest6 WHERE k BETWEEN 4763961 AND 4764061
	Bitmap Heap Scan on sbtest6  (cost=5.48..409.07 rows=102 width=125)
	  Recheck Cond: ((k >= 4763961) AND (k <= 4764061))
	  ->  Bitmap Index Scan on k_6  (cost=0.00..5.45 rows=102 width=0)
	        Index Cond: ((k >= 4763961) AND (k <= 4764061))

table 7 : explain SELECT k, c FROM sbtest7 WHERE k BETWEEN 4763961 AND 4764061
	Bitmap Heap Scan on sbtest7  (cost=5.38..369.67 rows=92 width=125)
	  Recheck Cond: ((k >= 4763961) AND (k <= 4764061))
	  ->  Bitmap Index Scan on k_7  (cost=0.00..5.35 rows=92 width=0)
	        Index Cond: ((k >= 4763961) AND (k <= 4764061))

table 8 : explain SELECT k, c FROM sbtest8 WHERE k BETWEEN 4763961 AND 4764061
	Bitmap Heap Scan on sbtest8  (cost=5.39..373.61 rows=93 width=125)
	  Recheck Cond: ((k >= 4763961) AND (k <= 4764061))
	  ->  Bitmap Index Scan on k_8  (cost=0.00..5.36 rows=93 width=0)
	        Index Cond: ((k >= 4763961) AND (k <= 4764061))

explain: for range-notcovered :: explain SELECT k, c FROM sbtest%d WHERE k BETWEEN 4763961 AND 4764061
for range-notcovered
table 1 : explain SELECT k, c FROM sbtest1 WHERE k BETWEEN 1977731 AND 1977831
	Bitmap Heap Scan on sbtest1  (cost=5.47..405.13 rows=101 width=125)
	  Recheck Cond: ((k >= 1977731) AND (k <= 1977831))
	  ->  Bitmap Index Scan on k_1  (cost=0.00..5.44 rows=101 width=0)
	        Index Cond: ((k >= 1977731) AND (k <= 1977831))

table 2 : explain SELECT k, c FROM sbtest2 WHERE k BETWEEN 1977731 AND 1977831
	Bitmap Heap Scan on sbtest2  (cost=5.47..405.13 rows=101 width=125)
	  Recheck Cond: ((k >= 1977731) AND (k <= 1977831))
	  ->  Bitmap Index Scan on k_2  (cost=0.00..5.44 rows=101 width=0)
	        Index Cond: ((k >= 1977731) AND (k <= 1977831))

table 3 : explain SELECT k, c FROM sbtest3 WHERE k BETWEEN 1977731 AND 1977831
	Bitmap Heap Scan on sbtest3  (cost=5.52..424.81 rows=106 width=125)
	  Recheck Cond: ((k >= 1977731) AND (k <= 1977831))
	  ->  Bitmap Index Scan on k_3  (cost=0.00..5.50 rows=106 width=0)
	        Index Cond: ((k >= 1977731) AND (k <= 1977831))

table 4 : explain SELECT k, c FROM sbtest4 WHERE k BETWEEN 1977731 AND 1977831
	Bitmap Heap Scan on sbtest4  (cost=5.46..401.19 rows=100 width=125)
	  Recheck Cond: ((k >= 1977731) AND (k <= 1977831))
	  ->  Bitmap Index Scan on k_4  (cost=0.00..5.43 rows=100 width=0)
	        Index Cond: ((k >= 1977731) AND (k <= 1977831))

table 5 : explain SELECT k, c FROM sbtest5 WHERE k BETWEEN 1977731 AND 1977831
	Bitmap Heap Scan on sbtest5  (cost=5.48..409.07 rows=102 width=125)
	  Recheck Cond: ((k >= 1977731) AND (k <= 1977831))
	  ->  Bitmap Index Scan on k_5  (cost=0.00..5.45 rows=102 width=0)
	        Index Cond: ((k >= 1977731) AND (k <= 1977831))

table 6 : explain SELECT k, c FROM sbtest6 WHERE k BETWEEN 1977731 AND 1977831
	Bitmap Heap Scan on sbtest6  (cost=5.45..397.25 rows=99 width=125)
	  Recheck Cond: ((k >= 1977731) AND (k <= 1977831))
	  ->  Bitmap Index Scan on k_6  (cost=0.00..5.42 rows=99 width=0)
	        Index Cond: ((k >= 1977731) AND (k <= 1977831))

table 7 : explain SELECT k, c FROM sbtest7 WHERE k BETWEEN 1977731 AND 1977831
	Bitmap Heap Scan on sbtest7  (cost=5.48..409.07 rows=102 width=125)
	  Recheck Cond: ((k >= 1977731) AND (k <= 1977831))
	  ->  Bitmap Index Scan on k_7  (cost=0.00..5.45 rows=102 width=0)
	        Index Cond: ((k >= 1977731) AND (k <= 1977831))

table 8 : explain SELECT k, c FROM sbtest8 WHERE k BETWEEN 1977731 AND 1977831
	Bitmap Heap Scan on sbtest8  (cost=5.47..405.13 rows=101 width=125)
	  Recheck Cond: ((k >= 1977731) AND (k <= 1977831))
	  ->  Bitmap Index Scan on k_8  (cost=0.00..5.44 rows=101 width=0)
	        Index Cond: ((k >= 1977731) AND (k <= 1977831))

explain: for range-notcovered :: explain SELECT k, c FROM sbtest%d WHERE k BETWEEN 1977731 AND 1977831
for range-notcovered
table 1 : explain SELECT k, c FROM sbtest1 WHERE k BETWEEN 3136397 AND 3136497
	Bitmap Heap Scan on sbtest1  (cost=5.44..393.31 rows=98 width=125)
	  Recheck Cond: ((k >= 3136397) AND (k <= 3136497))
	  ->  Bitmap Index Scan on k_1  (cost=0.00..5.42 rows=98 width=0)
	        Index Cond: ((k >= 3136397) AND (k <= 3136497))

table 2 : explain SELECT k, c FROM sbtest2 WHERE k BETWEEN 3136397 AND 3136497
	Bitmap Heap Scan on sbtest2  (cost=5.47..405.13 rows=101 width=125)
	  Recheck Cond: ((k >= 3136397) AND (k <= 3136497))
	  ->  Bitmap Index Scan on k_2  (cost=0.00..5.44 rows=101 width=0)
	        Index Cond: ((k >= 3136397) AND (k <= 3136497))

table 3 : explain SELECT k, c FROM sbtest3 WHERE k BETWEEN 3136397 AND 3136497
	Bitmap Heap Scan on sbtest3  (cost=5.51..420.88 rows=105 width=125)
	  Recheck Cond: ((k >= 3136397) AND (k <= 3136497))
	  ->  Bitmap Index Scan on k_3  (cost=0.00..5.48 rows=105 width=0)
	        Index Cond: ((k >= 3136397) AND (k <= 3136497))

table 4 : explain SELECT k, c FROM sbtest4 WHERE k BETWEEN 3136397 AND 3136497
	Bitmap Heap Scan on sbtest4  (cost=5.49..413.00 rows=103 width=125)
	  Recheck Cond: ((k >= 3136397) AND (k <= 3136497))
	  ->  Bitmap Index Scan on k_4  (cost=0.00..5.46 rows=103 width=0)
	        Index Cond: ((k >= 3136397) AND (k <= 3136497))

table 5 : explain SELECT k, c FROM sbtest5 WHERE k BETWEEN 3136397 AND 3136497
	Bitmap Heap Scan on sbtest5  (cost=5.47..405.13 rows=101 width=125)
	  Recheck Cond: ((k >= 3136397) AND (k <= 3136497))
	  ->  Bitmap Index Scan on k_5  (cost=0.00..5.44 rows=101 width=0)
	        Index Cond: ((k >= 3136397) AND (k <= 3136497))

table 6 : explain SELECT k, c FROM sbtest6 WHERE k BETWEEN 3136397 AND 3136497
	Bitmap Heap Scan on sbtest6  (cost=5.48..409.07 rows=102 width=125)
	  Recheck Cond: ((k >= 3136397) AND (k <= 3136497))
	  ->  Bitmap Index Scan on k_6  (cost=0.00..5.45 rows=102 width=0)
	        Index Cond: ((k >= 3136397) AND (k <= 3136497))

table 7 : explain SELECT k, c FROM sbtest7 WHERE k BETWEEN 3136397 AND 3136497
	Bitmap Heap Scan on sbtest7  (cost=5.42..385.43 rows=96 width=125)
	  Recheck Cond: ((k >= 3136397) AND (k <= 3136497))
	  ->  Bitmap Index Scan on k_7  (cost=0.00..5.39 rows=96 width=0)
	        Index Cond: ((k >= 3136397) AND (k <= 3136497))

table 8 : explain SELECT k, c FROM sbtest8 WHERE k BETWEEN 3136397 AND 3136497
	Bitmap Heap Scan on sbtest8  (cost=5.44..393.31 rows=98 width=125)
	  Recheck Cond: ((k >= 3136397) AND (k <= 3136497))
	  ->  Bitmap Index Scan on k_8  (cost=0.00..5.42 rows=98 width=0)
	        Index Cond: ((k >= 3136397) AND (k <= 3136497))

explain: for range-notcovered :: explain SELECT k, c FROM sbtest%d WHERE k BETWEEN 3136397 AND 3136497
for range-notcovered
table 1 : explain SELECT k, c FROM sbtest1 WHERE k BETWEEN 1933430 AND 1933530
	Bitmap Heap Scan on sbtest1  (cost=5.41..381.49 rows=95 width=125)
	  Recheck Cond: ((k >= 1933430) AND (k <= 1933530))
	  ->  Bitmap Index Scan on k_1  (cost=0.00..5.38 rows=95 width=0)
	        Index Cond: ((k >= 1933430) AND (k <= 1933530))

table 2 : explain SELECT k, c FROM sbtest2 WHERE k BETWEEN 1933430 AND 1933530
	Bitmap Heap Scan on sbtest2  (cost=5.47..405.13 rows=101 width=125)
	  Recheck Cond: ((k >= 1933430) AND (k <= 1933530))
	  ->  Bitmap Index Scan on k_2  (cost=0.00..5.44 rows=101 width=0)
	        Index Cond: ((k >= 1933430) AND (k <= 1933530))

table 3 : explain SELECT k, c FROM sbtest3 WHERE k BETWEEN 1933430 AND 1933530
	Bitmap Heap Scan on sbtest3  (cost=5.52..424.81 rows=106 width=125)
	  Recheck Cond: ((k >= 1933430) AND (k <= 1933530))
	  ->  Bitmap Index Scan on k_3  (cost=0.00..5.50 rows=106 width=0)
	        Index Cond: ((k >= 1933430) AND (k <= 1933530))

table 4 : explain SELECT k, c FROM sbtest4 WHERE k BETWEEN 1933430 AND 1933530
	Bitmap Heap Scan on sbtest4  (cost=5.46..401.19 rows=100 width=125)
	  Recheck Cond: ((k >= 1933430) AND (k <= 1933530))
	  ->  Bitmap Index Scan on k_4  (cost=0.00..5.43 rows=100 width=0)
	        Index Cond: ((k >= 1933430) AND (k <= 1933530))

table 5 : explain SELECT k, c FROM sbtest5 WHERE k BETWEEN 1933430 AND 1933530
	Bitmap Heap Scan on sbtest5  (cost=5.48..409.07 rows=102 width=125)
	  Recheck Cond: ((k >= 1933430) AND (k <= 1933530))
	  ->  Bitmap Index Scan on k_5  (cost=0.00..5.45 rows=102 width=0)
	        Index Cond: ((k >= 1933430) AND (k <= 1933530))

table 6 : explain SELECT k, c FROM sbtest6 WHERE k BETWEEN 1933430 AND 1933530
	Bitmap Heap Scan on sbtest6  (cost=5.45..397.25 rows=99 width=125)
	  Recheck Cond: ((k >= 1933430) AND (k <= 1933530))
	  ->  Bitmap Index Scan on k_6  (cost=0.00..5.42 rows=99 width=0)
	        Index Cond: ((k >= 1933430) AND (k <= 1933530))

table 7 : explain SELECT k, c FROM sbtest7 WHERE k BETWEEN 1933430 AND 1933530
	Bitmap Heap Scan on sbtest7  (cost=5.48..409.07 rows=102 width=125)
	  Recheck Cond: ((k >= 1933430) AND (k <= 1933530))
	  ->  Bitmap Index Scan on k_7  (cost=0.00..5.45 rows=102 width=0)
	        Index Cond: ((k >= 1933430) AND (k <= 1933530))

table 8 : explain SELECT k, c FROM sbtest8 WHERE k BETWEEN 1933430 AND 1933530
	Bitmap Heap Scan on sbtest8  (cost=5.47..405.13 rows=101 width=125)
	  Recheck Cond: ((k >= 1933430) AND (k <= 1933530))
	  ->  Bitmap Index Scan on k_8  (cost=0.00..5.44 rows=101 width=0)
	        Index Cond: ((k >= 1933430) AND (k <= 1933530))

for range-notcovered
table 1 : explain SELECT k, c FROM sbtest1 WHERE k BETWEEN 1977731 AND 1977831
	Bitmap Heap Scan on sbtest1  (cost=5.47..405.13 rows=101 width=125)
	  Recheck Cond: ((k >= 1977731) AND (k <= 1977831))
	  ->  Bitmap Index Scan on k_1  (cost=0.00..5.44 rows=101 width=0)
	        Index Cond: ((k >= 1977731) AND (k <= 1977831))

table 2 : explain SELECT k, c FROM sbtest2 WHERE k BETWEEN 1977731 AND 1977831
	Bitmap Heap Scan on sbtest2  (cost=5.47..405.13 rows=101 width=125)
	  Recheck Cond: ((k >= 1977731) AND (k <= 1977831))
	  ->  Bitmap Index Scan on k_2  (cost=0.00..5.44 rows=101 width=0)
	        Index Cond: ((k >= 1977731) AND (k <= 1977831))

table 3 : explain SELECT k, c FROM sbtest3 WHERE k BETWEEN 1977731 AND 1977831
	Bitmap Heap Scan on sbtest3  (cost=5.52..424.81 rows=106 width=125)
	  Recheck Cond: ((k >= 1977731) AND (k <= 1977831))
	  ->  Bitmap Index Scan on k_3  (cost=0.00..5.50 rows=106 width=0)
	        Index Cond: ((k >= 1977731) AND (k <= 1977831))

table 4 : explain SELECT k, c FROM sbtest4 WHERE k BETWEEN 1977731 AND 1977831
	Bitmap Heap Scan on sbtest4  (cost=5.46..401.19 rows=100 width=125)
	  Recheck Cond: ((k >= 1977731) AND (k <= 1977831))
	  ->  Bitmap Index Scan on k_4  (cost=0.00..5.43 rows=100 width=0)
	        Index Cond: ((k >= 1977731) AND (k <= 1977831))

table 5 : explain SELECT k, c FROM sbtest5 WHERE k BETWEEN 1977731 AND 1977831
	Bitmap Heap Scan on sbtest5  (cost=5.48..409.07 rows=102 width=125)
	  Recheck Cond: ((k >= 1977731) AND (k <= 1977831))
	  ->  Bitmap Index Scan on k_5  (cost=0.00..5.45 rows=102 width=0)
	        Index Cond: ((k >= 1977731) AND (k <= 1977831))

table 6 : explain SELECT k, c FROM sbtest6 WHERE k BETWEEN 1977731 AND 1977831
	Bitmap Heap Scan on sbtest6  (cost=5.45..397.25 rows=99 width=125)
	  Recheck Cond: ((k >= 1977731) AND (k <= 1977831))
	  ->  Bitmap Index Scan on k_6  (cost=0.00..5.42 rows=99 width=0)
	        Index Cond: ((k >= 1977731) AND (k <= 1977831))

table 7 : explain SELECT k, c FROM sbtest7 WHERE k BETWEEN 1977731 AND 1977831
	Bitmap Heap Scan on sbtest7  (cost=5.48..409.07 rows=102 width=125)
	  Recheck Cond: ((k >= 1977731) AND (k <= 1977831))
	  ->  Bitmap Index Scan on k_7  (cost=0.00..5.45 rows=102 width=0)
	        Index Cond: ((k >= 1977731) AND (k <= 1977831))

table 8 : explain SELECT k, c FROM sbtest8 WHERE k BETWEEN 1977731 AND 1977831
	Bitmap Heap Scan on sbtest8  (cost=5.47..405.13 rows=101 width=125)
	  Recheck Cond: ((k >= 1977731) AND (k <= 1977831))
	  ->  Bitmap Index Scan on k_8  (cost=0.00..5.44 rows=101 width=0)
	        Index Cond: ((k >= 1977731) AND (k <= 1977831))

explain: for range-notcovered :: explain SELECT k, c FROM sbtest%d WHERE k BETWEEN 1933430 AND 1933530
explain: for range-notcovered :: explain SELECT k, c FROM sbtest%d WHERE k BETWEEN 1977731 AND 1977831
for range-notcovered
table 1 : explain SELECT k, c FROM sbtest1 WHERE k BETWEEN 3709607 AND 3709707
	Bitmap Heap Scan on sbtest1  (cost=5.50..416.94 rows=104 width=125)
	  Recheck Cond: ((k >= 3709607) AND (k <= 3709707))
	  ->  Bitmap Index Scan on k_1  (cost=0.00..5.47 rows=104 width=0)
	        Index Cond: ((k >= 3709607) AND (k <= 3709707))

table 2 : explain SELECT k, c FROM sbtest2 WHERE k BETWEEN 3709607 AND 3709707
	Bitmap Heap Scan on sbtest2  (cost=5.48..409.07 rows=102 width=125)
	  Recheck Cond: ((k >= 3709607) AND (k <= 3709707))
	  ->  Bitmap Index Scan on k_2  (cost=0.00..5.45 rows=102 width=0)
	        Index Cond: ((k >= 3709607) AND (k <= 3709707))

table 3 : explain SELECT k, c FROM sbtest3 WHERE k BETWEEN 3709607 AND 3709707
	Bitmap Heap Scan on sbtest3  (cost=5.37..365.72 rows=91 width=125)
	  Recheck Cond: ((k >= 3709607) AND (k <= 3709707))
	  ->  Bitmap Index Scan on k_3  (cost=0.00..5.34 rows=91 width=0)
	        Index Cond: ((k >= 3709607) AND (k <= 3709707))

table 4 : explain SELECT k, c FROM sbtest4 WHERE k BETWEEN 3709607 AND 3709707
	Bitmap Heap Scan on sbtest4  (cost=5.47..405.13 rows=101 width=125)
	  Recheck Cond: ((k >= 3709607) AND (k <= 3709707))
	  ->  Bitmap Index Scan on k_4  (cost=0.00..5.44 rows=101 width=0)
	        Index Cond: ((k >= 3709607) AND (k <= 3709707))

table 5 : explain SELECT k, c FROM sbtest5 WHERE k BETWEEN 3709607 AND 3709707
	Bitmap Heap Scan on sbtest5  (cost=5.44..393.31 rows=98 width=125)
	  Recheck Cond: ((k >= 3709607) AND (k <= 3709707))
	  ->  Bitmap Index Scan on k_5  (cost=0.00..5.42 rows=98 width=0)
	        Index Cond: ((k >= 3709607) AND (k <= 3709707))

table 6 : explain SELECT k, c FROM sbtest6 WHERE k BETWEEN 3709607 AND 3709707
	Bitmap Heap Scan on sbtest6  (cost=5.51..420.88 rows=105 width=125)
	  Recheck Cond: ((k >= 3709607) AND (k <= 3709707))
	  ->  Bitmap Index Scan on k_6  (cost=0.00..5.48 rows=105 width=0)
	        Index Cond: ((k >= 3709607) AND (k <= 3709707))

table 7 : explain SELECT k, c FROM sbtest7 WHERE k BETWEEN 3709607 AND 3709707
	Bitmap Heap Scan on sbtest7  (cost=5.48..409.07 rows=102 width=125)
	  Recheck Cond: ((k >= 3709607) AND (k <= 3709707))
	  ->  Bitmap Index Scan on k_7  (cost=0.00..5.45 rows=102 width=0)
	        Index Cond: ((k >= 3709607) AND (k <= 3709707))

table 8 : explain SELECT k, c FROM sbtest8 WHERE k BETWEEN 3709607 AND 3709707
	Bitmap Heap Scan on sbtest8  (cost=5.55..436.62 rows=109 width=125)
	  Recheck Cond: ((k >= 3709607) AND (k <= 3709707))
	  ->  Bitmap Index Scan on k_8  (cost=0.00..5.52 rows=109 width=0)
	        Index Cond: ((k >= 3709607) AND (k <= 3709707))

for range-notcovered
table 1 : explain SELECT k, c FROM sbtest1 WHERE k BETWEEN 3136397 AND 3136497
	Bitmap Heap Scan on sbtest1  (cost=5.44..393.31 rows=98 width=125)
	  Recheck Cond: ((k >= 3136397) AND (k <= 3136497))
	  ->  Bitmap Index Scan on k_1  (cost=0.00..5.42 rows=98 width=0)
	        Index Cond: ((k >= 3136397) AND (k <= 3136497))

table 2 : explain SELECT k, c FROM sbtest2 WHERE k BETWEEN 3136397 AND 3136497
	Bitmap Heap Scan on sbtest2  (cost=5.47..405.13 rows=101 width=125)
	  Recheck Cond: ((k >= 3136397) AND (k <= 3136497))
	  ->  Bitmap Index Scan on k_2  (cost=0.00..5.44 rows=101 width=0)
	        Index Cond: ((k >= 3136397) AND (k <= 3136497))

table 3 : explain SELECT k, c FROM sbtest3 WHERE k BETWEEN 3136397 AND 3136497
	Bitmap Heap Scan on sbtest3  (cost=5.51..420.88 rows=105 width=125)
	  Recheck Cond: ((k >= 3136397) AND (k <= 3136497))
	  ->  Bitmap Index Scan on k_3  (cost=0.00..5.48 rows=105 width=0)
	        Index Cond: ((k >= 3136397) AND (k <= 3136497))

table 4 : explain SELECT k, c FROM sbtest4 WHERE k BETWEEN 3136397 AND 3136497
	Bitmap Heap Scan on sbtest4  (cost=5.49..413.00 rows=103 width=125)
	  Recheck Cond: ((k >= 3136397) AND (k <= 3136497))
	  ->  Bitmap Index Scan on k_4  (cost=0.00..5.46 rows=103 width=0)
	        Index Cond: ((k >= 3136397) AND (k <= 3136497))

table 5 : explain SELECT k, c FROM sbtest5 WHERE k BETWEEN 3136397 AND 3136497
	Bitmap Heap Scan on sbtest5  (cost=5.47..405.13 rows=101 width=125)
	  Recheck Cond: ((k >= 3136397) AND (k <= 3136497))
	  ->  Bitmap Index Scan on k_5  (cost=0.00..5.44 rows=101 width=0)
	        Index Cond: ((k >= 3136397) AND (k <= 3136497))

table 6 : explain SELECT k, c FROM sbtest6 WHERE k BETWEEN 3136397 AND 3136497
	Bitmap Heap Scan on sbtest6  (cost=5.48..409.07 rows=102 width=125)
	  Recheck Cond: ((k >= 3136397) AND (k <= 3136497))
	  ->  Bitmap Index Scan on k_6  (cost=0.00..5.45 rows=102 width=0)
	        Index Cond: ((k >= 3136397) AND (k <= 3136497))

table 7 : explain SELECT k, c FROM sbtest7 WHERE k BETWEEN 3136397 AND 3136497
	Bitmap Heap Scan on sbtest7  (cost=5.42..385.43 rows=96 width=125)
	  Recheck Cond: ((k >= 3136397) AND (k <= 3136497))
	  ->  Bitmap Index Scan on k_7  (cost=0.00..5.39 rows=96 width=0)
	        Index Cond: ((k >= 3136397) AND (k <= 3136497))

table 8 : explain SELECT k, c FROM sbtest8 WHERE k BETWEEN 3136397 AND 3136497
	Bitmap Heap Scan on sbtest8  (cost=5.44..393.31 rows=98 width=125)
	  Recheck Cond: ((k >= 3136397) AND (k <= 3136497))
	  ->  Bitmap Index Scan on k_8  (cost=0.00..5.42 rows=98 width=0)
	        Index Cond: ((k >= 3136397) AND (k <= 3136497))

explain: for range-notcovered :: explain SELECT k, c FROM sbtest%d WHERE k BETWEEN 3709607 AND 3709707
explain: for range-notcovered :: explain SELECT k, c FROM sbtest%d WHERE k BETWEEN 3136397 AND 3136497
for range-notcovered
table 1 : explain SELECT k, c FROM sbtest1 WHERE k BETWEEN 1977731 AND 1977831
	Bitmap Heap Scan on sbtest1  (cost=5.47..405.13 rows=101 width=125)
	  Recheck Cond: ((k >= 1977731) AND (k <= 1977831))
	  ->  Bitmap Index Scan on k_1  (cost=0.00..5.44 rows=101 width=0)
	        Index Cond: ((k >= 1977731) AND (k <= 1977831))

table 2 : explain SELECT k, c FROM sbtest2 WHERE k BETWEEN 1977731 AND 1977831
	Bitmap Heap Scan on sbtest2  (cost=5.47..405.13 rows=101 width=125)
	  Recheck Cond: ((k >= 1977731) AND (k <= 1977831))
	  ->  Bitmap Index Scan on k_2  (cost=0.00..5.44 rows=101 width=0)
	        Index Cond: ((k >= 1977731) AND (k <= 1977831))

table 3 : explain SELECT k, c FROM sbtest3 WHERE k BETWEEN 1977731 AND 1977831
	Bitmap Heap Scan on sbtest3  (cost=5.52..424.81 rows=106 width=125)
	  Recheck Cond: ((k >= 1977731) AND (k <= 1977831))
	  ->  Bitmap Index Scan on k_3  (cost=0.00..5.50 rows=106 width=0)
	        Index Cond: ((k >= 1977731) AND (k <= 1977831))

table 4 : explain SELECT k, c FROM sbtest4 WHERE k BETWEEN 1977731 AND 1977831
	Bitmap Heap Scan on sbtest4  (cost=5.46..401.19 rows=100 width=125)
	  Recheck Cond: ((k >= 1977731) AND (k <= 1977831))
	  ->  Bitmap Index Scan on k_4  (cost=0.00..5.43 rows=100 width=0)
	        Index Cond: ((k >= 1977731) AND (k <= 1977831))

table 5 : explain SELECT k, c FROM sbtest5 WHERE k BETWEEN 1977731 AND 1977831
	Bitmap Heap Scan on sbtest5  (cost=5.48..409.07 rows=102 width=125)
	  Recheck Cond: ((k >= 1977731) AND (k <= 1977831))
	  ->  Bitmap Index Scan on k_5  (cost=0.00..5.45 rows=102 width=0)
	        Index Cond: ((k >= 1977731) AND (k <= 1977831))

table 6 : explain SELECT k, c FROM sbtest6 WHERE k BETWEEN 1977731 AND 1977831
	Bitmap Heap Scan on sbtest6  (cost=5.45..397.25 rows=99 width=125)
	  Recheck Cond: ((k >= 1977731) AND (k <= 1977831))
	  ->  Bitmap Index Scan on k_6  (cost=0.00..5.42 rows=99 width=0)
	        Index Cond: ((k >= 1977731) AND (k <= 1977831))

table 7 : explain SELECT k, c FROM sbtest7 WHERE k BETWEEN 1977731 AND 1977831
	Bitmap Heap Scan on sbtest7  (cost=5.48..409.07 rows=102 width=125)
	  Recheck Cond: ((k >= 1977731) AND (k <= 1977831))
	  ->  Bitmap Index Scan on k_7  (cost=0.00..5.45 rows=102 width=0)
	        Index Cond: ((k >= 1977731) AND (k <= 1977831))

table 8 : explain SELECT k, c FROM sbtest8 WHERE k BETWEEN 1977731 AND 1977831
	Bitmap Heap Scan on sbtest8  (cost=5.47..405.13 rows=101 width=125)
	  Recheck Cond: ((k >= 1977731) AND (k <= 1977831))
	  ->  Bitmap Index Scan on k_8  (cost=0.00..5.44 rows=101 width=0)
	        Index Cond: ((k >= 1977731) AND (k <= 1977831))

explain: for range-notcovered :: explain SELECT k, c FROM sbtest%d WHERE k BETWEEN 1977731 AND 1977831
for range-notcovered
table 1 : explain SELECT k, c FROM sbtest1 WHERE k BETWEEN 771879 AND 771979
	Bitmap Heap Scan on sbtest1  (cost=5.54..432.69 rows=108 width=125)
	  Recheck Cond: ((k >= 771879) AND (k <= 771979))
	  ->  Bitmap Index Scan on k_1  (cost=0.00..5.51 rows=108 width=0)
	        Index Cond: ((k >= 771879) AND (k <= 771979))

table 2 : explain SELECT k, c FROM sbtest2 WHERE k BETWEEN 771879 AND 771979
	Bitmap Heap Scan on sbtest2  (cost=5.42..385.43 rows=96 width=125)
	  Recheck Cond: ((k >= 771879) AND (k <= 771979))
	  ->  Bitmap Index Scan on k_2  (cost=0.00..5.39 rows=96 width=0)
	        Index Cond: ((k >= 771879) AND (k <= 771979))

table 3 : explain SELECT k, c FROM sbtest3 WHERE k BETWEEN 771879 AND 771979
	Bitmap Heap Scan on sbtest3  (cost=5.50..416.94 rows=104 width=125)
	  Recheck Cond: ((k >= 771879) AND (k <= 771979))
	  ->  Bitmap Index Scan on k_3  (cost=0.00..5.47 rows=104 width=0)
	        Index Cond: ((k >= 771879) AND (k <= 771979))

table 4 : explain SELECT k, c FROM sbtest4 WHERE k BETWEEN 771879 AND 771979
	Bitmap Heap Scan on sbtest4  (cost=5.57..444.49 rows=111 width=125)
	  Recheck Cond: ((k >= 771879) AND (k <= 771979))
	  ->  Bitmap Index Scan on k_4  (cost=0.00..5.54 rows=111 width=0)
	        Index Cond: ((k >= 771879) AND (k <= 771979))

table 5 : explain SELECT k, c FROM sbtest5 WHERE k BETWEEN 771879 AND 771979
	Bitmap Heap Scan on sbtest5  (cost=5.55..436.62 rows=109 width=125)
	  Recheck Cond: ((k >= 771879) AND (k <= 771979))
	  ->  Bitmap Index Scan on k_5  (cost=0.00..5.52 rows=109 width=0)
	        Index Cond: ((k >= 771879) AND (k <= 771979))

table 6 : explain SELECT k, c FROM sbtest6 WHERE k BETWEEN 771879 AND 771979
	Bitmap Heap Scan on sbtest6  (cost=5.60..456.29 rows=114 width=125)
	  Recheck Cond: ((k >= 771879) AND (k <= 771979))
	  ->  Bitmap Index Scan on k_6  (cost=0.00..5.58 rows=114 width=0)
	        Index Cond: ((k >= 771879) AND (k <= 771979))

table 7 : explain SELECT k, c FROM sbtest7 WHERE k BETWEEN 771879 AND 771979
	Bitmap Heap Scan on sbtest7  (cost=5.51..420.88 rows=105 width=125)
	  Recheck Cond: ((k >= 771879) AND (k <= 771979))
	  ->  Bitmap Index Scan on k_7  (cost=0.00..5.48 rows=105 width=0)
	        Index Cond: ((k >= 771879) AND (k <= 771979))

table 8 : explain SELECT k, c FROM sbtest8 WHERE k BETWEEN 771879 AND 771979
	Bitmap Heap Scan on sbtest8  (cost=5.58..448.42 rows=112 width=125)
	  Recheck Cond: ((k >= 771879) AND (k <= 771979))
	  ->  Bitmap Index Scan on k_8  (cost=0.00..5.55 rows=112 width=0)
	        Index Cond: ((k >= 771879) AND (k <= 771979))

explain: for range-notcovered :: explain SELECT k, c FROM sbtest%d WHERE k BETWEEN 771879 AND 771979
for range-notcovered
table 1 : explain SELECT k, c FROM sbtest1 WHERE k BETWEEN 3136397 AND 3136497
	Bitmap Heap Scan on sbtest1  (cost=5.44..393.31 rows=98 width=125)
	  Recheck Cond: ((k >= 3136397) AND (k <= 3136497))
	  ->  Bitmap Index Scan on k_1  (cost=0.00..5.42 rows=98 width=0)
	        Index Cond: ((k >= 3136397) AND (k <= 3136497))

table 2 : explain SELECT k, c FROM sbtest2 WHERE k BETWEEN 3136397 AND 3136497
	Bitmap Heap Scan on sbtest2  (cost=5.47..405.13 rows=101 width=125)
	  Recheck Cond: ((k >= 3136397) AND (k <= 3136497))
	  ->  Bitmap Index Scan on k_2  (cost=0.00..5.44 rows=101 width=0)
	        Index Cond: ((k >= 3136397) AND (k <= 3136497))

table 3 : explain SELECT k, c FROM sbtest3 WHERE k BETWEEN 3136397 AND 3136497
	Bitmap Heap Scan on sbtest3  (cost=5.51..420.88 rows=105 width=125)
	  Recheck Cond: ((k >= 3136397) AND (k <= 3136497))
	  ->  Bitmap Index Scan on k_3  (cost=0.00..5.48 rows=105 width=0)
	        Index Cond: ((k >= 3136397) AND (k <= 3136497))

table 4 : explain SELECT k, c FROM sbtest4 WHERE k BETWEEN 3136397 AND 3136497
	Bitmap Heap Scan on sbtest4  (cost=5.49..413.00 rows=103 width=125)
	  Recheck Cond: ((k >= 3136397) AND (k <= 3136497))
	  ->  Bitmap Index Scan on k_4  (cost=0.00..5.46 rows=103 width=0)
	        Index Cond: ((k >= 3136397) AND (k <= 3136497))

table 5 : explain SELECT k, c FROM sbtest5 WHERE k BETWEEN 3136397 AND 3136497
	Bitmap Heap Scan on sbtest5  (cost=5.47..405.13 rows=101 width=125)
	  Recheck Cond: ((k >= 3136397) AND (k <= 3136497))
	  ->  Bitmap Index Scan on k_5  (cost=0.00..5.44 rows=101 width=0)
	        Index Cond: ((k >= 3136397) AND (k <= 3136497))

table 6 : explain SELECT k, c FROM sbtest6 WHERE k BETWEEN 3136397 AND 3136497
	Bitmap Heap Scan on sbtest6  (cost=5.48..409.07 rows=102 width=125)
	  Recheck Cond: ((k >= 3136397) AND (k <= 3136497))
	  ->  Bitmap Index Scan on k_6  (cost=0.00..5.45 rows=102 width=0)
	        Index Cond: ((k >= 3136397) AND (k <= 3136497))

table 7 : explain SELECT k, c FROM sbtest7 WHERE k BETWEEN 3136397 AND 3136497
	Bitmap Heap Scan on sbtest7  (cost=5.42..385.43 rows=96 width=125)
	  Recheck Cond: ((k >= 3136397) AND (k <= 3136497))
	  ->  Bitmap Index Scan on k_7  (cost=0.00..5.39 rows=96 width=0)
	        Index Cond: ((k >= 3136397) AND (k <= 3136497))

table 8 : explain SELECT k, c FROM sbtest8 WHERE k BETWEEN 3136397 AND 3136497
	Bitmap Heap Scan on sbtest8  (cost=5.44..393.31 rows=98 width=125)
	  Recheck Cond: ((k >= 3136397) AND (k <= 3136497))
	  ->  Bitmap Index Scan on k_8  (cost=0.00..5.42 rows=98 width=0)
	        Index Cond: ((k >= 3136397) AND (k <= 3136497))

explain: for range-notcovered :: explain SELECT k, c FROM sbtest%d WHERE k BETWEEN 3136397 AND 3136497
for range-notcovered
table 1 : explain SELECT k, c FROM sbtest1 WHERE k BETWEEN 3709607 AND 3709707
	Bitmap Heap Scan on sbtest1  (cost=5.50..416.94 rows=104 width=125)
	  Recheck Cond: ((k >= 3709607) AND (k <= 3709707))
	  ->  Bitmap Index Scan on k_1  (cost=0.00..5.47 rows=104 width=0)
	        Index Cond: ((k >= 3709607) AND (k <= 3709707))

table 2 : explain SELECT k, c FROM sbtest2 WHERE k BETWEEN 3709607 AND 3709707
	Bitmap Heap Scan on sbtest2  (cost=5.48..409.07 rows=102 width=125)
	  Recheck Cond: ((k >= 3709607) AND (k <= 3709707))
	  ->  Bitmap Index Scan on k_2  (cost=0.00..5.45 rows=102 width=0)
	        Index Cond: ((k >= 3709607) AND (k <= 3709707))

table 3 : explain SELECT k, c FROM sbtest3 WHERE k BETWEEN 3709607 AND 3709707
	Bitmap Heap Scan on sbtest3  (cost=5.37..365.72 rows=91 width=125)
	  Recheck Cond: ((k >= 3709607) AND (k <= 3709707))
	  ->  Bitmap Index Scan on k_3  (cost=0.00..5.34 rows=91 width=0)
	        Index Cond: ((k >= 3709607) AND (k <= 3709707))

table 4 : explain SELECT k, c FROM sbtest4 WHERE k BETWEEN 3709607 AND 3709707
	Bitmap Heap Scan on sbtest4  (cost=5.47..405.13 rows=101 width=125)
	  Recheck Cond: ((k >= 3709607) AND (k <= 3709707))
	  ->  Bitmap Index Scan on k_4  (cost=0.00..5.44 rows=101 width=0)
	        Index Cond: ((k >= 3709607) AND (k <= 3709707))

table 5 : explain SELECT k, c FROM sbtest5 WHERE k BETWEEN 3709607 AND 3709707
	Bitmap Heap Scan on sbtest5  (cost=5.44..393.31 rows=98 width=125)
	  Recheck Cond: ((k >= 3709607) AND (k <= 3709707))
	  ->  Bitmap Index Scan on k_5  (cost=0.00..5.42 rows=98 width=0)
	        Index Cond: ((k >= 3709607) AND (k <= 3709707))

table 6 : explain SELECT k, c FROM sbtest6 WHERE k BETWEEN 3709607 AND 3709707
	Bitmap Heap Scan on sbtest6  (cost=5.51..420.88 rows=105 width=125)
	  Recheck Cond: ((k >= 3709607) AND (k <= 3709707))
	  ->  Bitmap Index Scan on k_6  (cost=0.00..5.48 rows=105 width=0)
	        Index Cond: ((k >= 3709607) AND (k <= 3709707))

table 7 : explain SELECT k, c FROM sbtest7 WHERE k BETWEEN 3709607 AND 3709707
	Bitmap Heap Scan on sbtest7  (cost=5.48..409.07 rows=102 width=125)
	  Recheck Cond: ((k >= 3709607) AND (k <= 3709707))
	  ->  Bitmap Index Scan on k_7  (cost=0.00..5.45 rows=102 width=0)
	        Index Cond: ((k >= 3709607) AND (k <= 3709707))

table 8 : explain SELECT k, c FROM sbtest8 WHERE k BETWEEN 3709607 AND 3709707
	Bitmap Heap Scan on sbtest8  (cost=5.55..436.62 rows=109 width=125)
	  Recheck Cond: ((k >= 3709607) AND (k <= 3709707))
	  ->  Bitmap Index Scan on k_8  (cost=0.00..5.52 rows=109 width=0)
	        Index Cond: ((k >= 3709607) AND (k <= 3709707))

explain: for range-notcovered :: explain SELECT k, c FROM sbtest%d WHERE k BETWEEN 3709607 AND 3709707
for range-notcovered
table 1 : explain SELECT k, c FROM sbtest1 WHERE k BETWEEN 4763961 AND 4764061
	Bitmap Heap Scan on sbtest1  (cost=5.50..416.94 rows=104 width=125)
	  Recheck Cond: ((k >= 4763961) AND (k <= 4764061))
	  ->  Bitmap Index Scan on k_1  (cost=0.00..5.47 rows=104 width=0)
	        Index Cond: ((k >= 4763961) AND (k <= 4764061))

table 2 : explain SELECT k, c FROM sbtest2 WHERE k BETWEEN 4763961 AND 4764061
	Bitmap Heap Scan on sbtest2  (cost=5.55..436.62 rows=109 width=125)
	  Recheck Cond: ((k >= 4763961) AND (k <= 4764061))
	  ->  Bitmap Index Scan on k_2  (cost=0.00..5.52 rows=109 width=0)
	        Index Cond: ((k >= 4763961) AND (k <= 4764061))

table 3 : explain SELECT k, c FROM sbtest3 WHERE k BETWEEN 4763961 AND 4764061
	Bitmap Heap Scan on sbtest3  (cost=5.53..428.75 rows=107 width=125)
	  Recheck Cond: ((k >= 4763961) AND (k <= 4764061))
	  ->  Bitmap Index Scan on k_3  (cost=0.00..5.50 rows=107 width=0)
	        Index Cond: ((k >= 4763961) AND (k <= 4764061))

table 4 : explain SELECT k, c FROM sbtest4 WHERE k BETWEEN 4763961 AND 4764061
	Bitmap Heap Scan on sbtest4  (cost=5.47..405.13 rows=101 width=125)
	  Recheck Cond: ((k >= 4763961) AND (k <= 4764061))
	  ->  Bitmap Index Scan on k_4  (cost=0.00..5.44 rows=101 width=0)
	        Index Cond: ((k >= 4763961) AND (k <= 4764061))

table 5 : explain SELECT k, c FROM sbtest5 WHERE k BETWEEN 4763961 AND 4764061
	Bitmap Heap Scan on sbtest5  (cost=5.52..424.81 rows=106 width=125)
	  Recheck Cond: ((k >= 4763961) AND (k <= 4764061))
	  ->  Bitmap Index Scan on k_5  (cost=0.00..5.50 rows=106 width=0)
	        Index Cond: ((k >= 4763961) AND (k <= 4764061))

table 6 : explain SELECT k, c FROM sbtest6 WHERE k BETWEEN 4763961 AND 4764061
	Bitmap Heap Scan on sbtest6  (cost=5.48..409.07 rows=102 width=125)
	  Recheck Cond: ((k >= 4763961) AND (k <= 4764061))
	  ->  Bitmap Index Scan on k_6  (cost=0.00..5.45 rows=102 width=0)
	        Index Cond: ((k >= 4763961) AND (k <= 4764061))

table 7 : explain SELECT k, c FROM sbtest7 WHERE k BETWEEN 4763961 AND 4764061
	Bitmap Heap Scan on sbtest7  (cost=5.38..369.67 rows=92 width=125)
	  Recheck Cond: ((k >= 4763961) AND (k <= 4764061))
	  ->  Bitmap Index Scan on k_7  (cost=0.00..5.35 rows=92 width=0)
	        Index Cond: ((k >= 4763961) AND (k <= 4764061))

table 8 : explain SELECT k, c FROM sbtest8 WHERE k BETWEEN 4763961 AND 4764061
	Bitmap Heap Scan on sbtest8  (cost=5.39..373.61 rows=93 width=125)
	  Recheck Cond: ((k >= 4763961) AND (k <= 4764061))
	  ->  Bitmap Index Scan on k_8  (cost=0.00..5.36 rows=93 width=0)
	        Index Cond: ((k >= 4763961) AND (k <= 4764061))

for range-notcovered
table 1 : explain SELECT k, c FROM sbtest1 WHERE k BETWEEN 4939049 AND 4939149
	Bitmap Heap Scan on sbtest1  (cost=5.54..432.69 rows=108 width=125)
	  Recheck Cond: ((k >= 4939049) AND (k <= 4939149))
	  ->  Bitmap Index Scan on k_1  (cost=0.00..5.51 rows=108 width=0)
	        Index Cond: ((k >= 4939049) AND (k <= 4939149))

table 2 : explain SELECT k, c FROM sbtest2 WHERE k BETWEEN 4939049 AND 4939149
	Bitmap Heap Scan on sbtest2  (cost=5.47..405.13 rows=101 width=125)
	  Recheck Cond: ((k >= 4939049) AND (k <= 4939149))
	  ->  Bitmap Index Scan on k_2  (cost=0.00..5.44 rows=101 width=0)
	        Index Cond: ((k >= 4939049) AND (k <= 4939149))

table 3 : explain SELECT k, c FROM sbtest3 WHERE k BETWEEN 4939049 AND 4939149
	Bitmap Heap Scan on sbtest3  (cost=5.49..413.00 rows=103 width=125)
	  Recheck Cond: ((k >= 4939049) AND (k <= 4939149))
	  ->  Bitmap Index Scan on k_3  (cost=0.00..5.46 rows=103 width=0)
	        Index Cond: ((k >= 4939049) AND (k <= 4939149))

table 4 : explain SELECT k, c FROM sbtest4 WHERE k BETWEEN 4939049 AND 4939149
	Bitmap Heap Scan on sbtest4  (cost=5.48..409.07 rows=102 width=125)
	  Recheck Cond: ((k >= 4939049) AND (k <= 4939149))
	  ->  Bitmap Index Scan on k_4  (cost=0.00..5.45 rows=102 width=0)
	        Index Cond: ((k >= 4939049) AND (k <= 4939149))

table 5 : explain SELECT k, c FROM sbtest5 WHERE k BETWEEN 4939049 AND 4939149
	Bitmap Heap Scan on sbtest5  (cost=5.46..401.19 rows=100 width=125)
	  Recheck Cond: ((k >= 4939049) AND (k <= 4939149))
	  ->  Bitmap Index Scan on k_5  (cost=0.00..5.43 rows=100 width=0)
	        Index Cond: ((k >= 4939049) AND (k <= 4939149))

table 6 : explain SELECT k, c FROM sbtest6 WHERE k BETWEEN 4939049 AND 4939149
	Bitmap Heap Scan on sbtest6  (cost=5.51..420.88 rows=105 width=125)
	  Recheck Cond: ((k >= 4939049) AND (k <= 4939149))
	  ->  Bitmap Index Scan on k_6  (cost=0.00..5.48 rows=105 width=0)
	        Index Cond: ((k >= 4939049) AND (k <= 4939149))

table 7 : explain SELECT k, c FROM sbtest7 WHERE k BETWEEN 4939049 AND 4939149
	Bitmap Heap Scan on sbtest7  (cost=5.43..389.37 rows=97 width=125)
	  Recheck Cond: ((k >= 4939049) AND (k <= 4939149))
	  ->  Bitmap Index Scan on k_7  (cost=0.00..5.40 rows=97 width=0)
	        Index Cond: ((k >= 4939049) AND (k <= 4939149))

table 8 : explain SELECT k, c FROM sbtest8 WHERE k BETWEEN 4939049 AND 4939149
	Bitmap Heap Scan on sbtest8  (cost=5.47..405.13 rows=101 width=125)
	  Recheck Cond: ((k >= 4939049) AND (k <= 4939149))
	  ->  Bitmap Index Scan on k_8  (cost=0.00..5.44 rows=101 width=0)
	        Index Cond: ((k >= 4939049) AND (k <= 4939149))

explain: for range-notcovered :: explain SELECT k, c FROM sbtest%d WHERE k BETWEEN 4763961 AND 4764061
explain: for range-notcovered :: explain SELECT k, c FROM sbtest%d WHERE k BETWEEN 4939049 AND 4939149
for range-notcovered
table 1 : explain SELECT k, c FROM sbtest1 WHERE k BETWEEN 3709607 AND 3709707
	Bitmap Heap Scan on sbtest1  (cost=5.50..416.94 rows=104 width=125)
	  Recheck Cond: ((k >= 3709607) AND (k <= 3709707))
	  ->  Bitmap Index Scan on k_1  (cost=0.00..5.47 rows=104 width=0)
	        Index Cond: ((k >= 3709607) AND (k <= 3709707))

table 2 : explain SELECT k, c FROM sbtest2 WHERE k BETWEEN 3709607 AND 3709707
	Bitmap Heap Scan on sbtest2  (cost=5.48..409.07 rows=102 width=125)
	  Recheck Cond: ((k >= 3709607) AND (k <= 3709707))
	  ->  Bitmap Index Scan on k_2  (cost=0.00..5.45 rows=102 width=0)
	        Index Cond: ((k >= 3709607) AND (k <= 3709707))

table 3 : explain SELECT k, c FROM sbtest3 WHERE k BETWEEN 3709607 AND 3709707
	Bitmap Heap Scan on sbtest3  (cost=5.37..365.72 rows=91 width=125)
	  Recheck Cond: ((k >= 3709607) AND (k <= 3709707))
	  ->  Bitmap Index Scan on k_3  (cost=0.00..5.34 rows=91 width=0)
	        Index Cond: ((k >= 3709607) AND (k <= 3709707))

table 4 : explain SELECT k, c FROM sbtest4 WHERE k BETWEEN 3709607 AND 3709707
	Bitmap Heap Scan on sbtest4  (cost=5.47..405.13 rows=101 width=125)
	  Recheck Cond: ((k >= 3709607) AND (k <= 3709707))
	  ->  Bitmap Index Scan on k_4  (cost=0.00..5.44 rows=101 width=0)
	        Index Cond: ((k >= 3709607) AND (k <= 3709707))

table 5 : explain SELECT k, c FROM sbtest5 WHERE k BETWEEN 3709607 AND 3709707
	Bitmap Heap Scan on sbtest5  (cost=5.44..393.31 rows=98 width=125)
	  Recheck Cond: ((k >= 3709607) AND (k <= 3709707))
	  ->  Bitmap Index Scan on k_5  (cost=0.00..5.42 rows=98 width=0)
	        Index Cond: ((k >= 3709607) AND (k <= 3709707))

table 6 : explain SELECT k, c FROM sbtest6 WHERE k BETWEEN 3709607 AND 3709707
	Bitmap Heap Scan on sbtest6  (cost=5.51..420.88 rows=105 width=125)
	  Recheck Cond: ((k >= 3709607) AND (k <= 3709707))
	  ->  Bitmap Index Scan on k_6  (cost=0.00..5.48 rows=105 width=0)
	        Index Cond: ((k >= 3709607) AND (k <= 3709707))

table 7 : explain SELECT k, c FROM sbtest7 WHERE k BETWEEN 3709607 AND 3709707
	Bitmap Heap Scan on sbtest7  (cost=5.48..409.07 rows=102 width=125)
	  Recheck Cond: ((k >= 3709607) AND (k <= 3709707))
	  ->  Bitmap Index Scan on k_7  (cost=0.00..5.45 rows=102 width=0)
	        Index Cond: ((k >= 3709607) AND (k <= 3709707))

table 8 : explain SELECT k, c FROM sbtest8 WHERE k BETWEEN 3709607 AND 3709707
	Bitmap Heap Scan on sbtest8  (cost=5.55..436.62 rows=109 width=125)
	  Recheck Cond: ((k >= 3709607) AND (k <= 3709707))
	  ->  Bitmap Index Scan on k_8  (cost=0.00..5.52 rows=109 width=0)
	        Index Cond: ((k >= 3709607) AND (k <= 3709707))

explain: for range-notcovered :: explain SELECT k, c FROM sbtest%d WHERE k BETWEEN 3709607 AND 3709707
for range-notcovered
table 1 : explain SELECT k, c FROM sbtest1 WHERE k BETWEEN 4763961 AND 4764061
	Bitmap Heap Scan on sbtest1  (cost=5.50..416.94 rows=104 width=125)
	  Recheck Cond: ((k >= 4763961) AND (k <= 4764061))
	  ->  Bitmap Index Scan on k_1  (cost=0.00..5.47 rows=104 width=0)
	        Index Cond: ((k >= 4763961) AND (k <= 4764061))

table 2 : explain SELECT k, c FROM sbtest2 WHERE k BETWEEN 4763961 AND 4764061
	Bitmap Heap Scan on sbtest2  (cost=5.55..436.62 rows=109 width=125)
	  Recheck Cond: ((k >= 4763961) AND (k <= 4764061))
	  ->  Bitmap Index Scan on k_2  (cost=0.00..5.52 rows=109 width=0)
	        Index Cond: ((k >= 4763961) AND (k <= 4764061))

table 3 : explain SELECT k, c FROM sbtest3 WHERE k BETWEEN 4763961 AND 4764061
	Bitmap Heap Scan on sbtest3  (cost=5.53..428.75 rows=107 width=125)
	  Recheck Cond: ((k >= 4763961) AND (k <= 4764061))
	  ->  Bitmap Index Scan on k_3  (cost=0.00..5.50 rows=107 width=0)
	        Index Cond: ((k >= 4763961) AND (k <= 4764061))

table 4 : explain SELECT k, c FROM sbtest4 WHERE k BETWEEN 4763961 AND 4764061
	Bitmap Heap Scan on sbtest4  (cost=5.47..405.13 rows=101 width=125)
	  Recheck Cond: ((k >= 4763961) AND (k <= 4764061))
	  ->  Bitmap Index Scan on k_4  (cost=0.00..5.44 rows=101 width=0)
	        Index Cond: ((k >= 4763961) AND (k <= 4764061))

table 5 : explain SELECT k, c FROM sbtest5 WHERE k BETWEEN 4763961 AND 4764061
	Bitmap Heap Scan on sbtest5  (cost=5.52..424.81 rows=106 width=125)
	  Recheck Cond: ((k >= 4763961) AND (k <= 4764061))
	  ->  Bitmap Index Scan on k_5  (cost=0.00..5.50 rows=106 width=0)
	        Index Cond: ((k >= 4763961) AND (k <= 4764061))

table 6 : explain SELECT k, c FROM sbtest6 WHERE k BETWEEN 4763961 AND 4764061
	Bitmap Heap Scan on sbtest6  (cost=5.48..409.07 rows=102 width=125)
	  Recheck Cond: ((k >= 4763961) AND (k <= 4764061))
	  ->  Bitmap Index Scan on k_6  (cost=0.00..5.45 rows=102 width=0)
	        Index Cond: ((k >= 4763961) AND (k <= 4764061))

table 7 : explain SELECT k, c FROM sbtest7 WHERE k BETWEEN 4763961 AND 4764061
	Bitmap Heap Scan on sbtest7  (cost=5.38..369.67 rows=92 width=125)
	  Recheck Cond: ((k >= 4763961) AND (k <= 4764061))
	  ->  Bitmap Index Scan on k_7  (cost=0.00..5.35 rows=92 width=0)
	        Index Cond: ((k >= 4763961) AND (k <= 4764061))

table 8 : explain SELECT k, c FROM sbtest8 WHERE k BETWEEN 4763961 AND 4764061
	Bitmap Heap Scan on sbtest8  (cost=5.39..373.61 rows=93 width=125)
	  Recheck Cond: ((k >= 4763961) AND (k <= 4764061))
	  ->  Bitmap Index Scan on k_8  (cost=0.00..5.36 rows=93 width=0)
	        Index Cond: ((k >= 4763961) AND (k <= 4764061))

for range-notcovered
table 1 : explain SELECT k, c FROM sbtest1 WHERE k BETWEEN 4939049 AND 4939149
	Bitmap Heap Scan on sbtest1  (cost=5.54..432.69 rows=108 width=125)
	  Recheck Cond: ((k >= 4939049) AND (k <= 4939149))
	  ->  Bitmap Index Scan on k_1  (cost=0.00..5.51 rows=108 width=0)
	        Index Cond: ((k >= 4939049) AND (k <= 4939149))

table 2 : explain SELECT k, c FROM sbtest2 WHERE k BETWEEN 4939049 AND 4939149
	Bitmap Heap Scan on sbtest2  (cost=5.47..405.13 rows=101 width=125)
	  Recheck Cond: ((k >= 4939049) AND (k <= 4939149))
	  ->  Bitmap Index Scan on k_2  (cost=0.00..5.44 rows=101 width=0)
	        Index Cond: ((k >= 4939049) AND (k <= 4939149))

table 3 : explain SELECT k, c FROM sbtest3 WHERE k BETWEEN 4939049 AND 4939149
	Bitmap Heap Scan on sbtest3  (cost=5.49..413.00 rows=103 width=125)
	  Recheck Cond: ((k >= 4939049) AND (k <= 4939149))
	  ->  Bitmap Index Scan on k_3  (cost=0.00..5.46 rows=103 width=0)
	        Index Cond: ((k >= 4939049) AND (k <= 4939149))

table 4 : explain SELECT k, c FROM sbtest4 WHERE k BETWEEN 4939049 AND 4939149
	Bitmap Heap Scan on sbtest4  (cost=5.48..409.07 rows=102 width=125)
	  Recheck Cond: ((k >= 4939049) AND (k <= 4939149))
	  ->  Bitmap Index Scan on k_4  (cost=0.00..5.45 rows=102 width=0)
	        Index Cond: ((k >= 4939049) AND (k <= 4939149))

table 5 : explain SELECT k, c FROM sbtest5 WHERE k BETWEEN 4939049 AND 4939149
	Bitmap Heap Scan on sbtest5  (cost=5.46..401.19 rows=100 width=125)
	  Recheck Cond: ((k >= 4939049) AND (k <= 4939149))
	  ->  Bitmap Index Scan on k_5  (cost=0.00..5.43 rows=100 width=0)
	        Index Cond: ((k >= 4939049) AND (k <= 4939149))

table 6 : explain SELECT k, c FROM sbtest6 WHERE k BETWEEN 4939049 AND 4939149
	Bitmap Heap Scan on sbtest6  (cost=5.51..420.88 rows=105 width=125)
	  Recheck Cond: ((k >= 4939049) AND (k <= 4939149))
	  ->  Bitmap Index Scan on k_6  (cost=0.00..5.48 rows=105 width=0)
	        Index Cond: ((k >= 4939049) AND (k <= 4939149))

table 7 : explain SELECT k, c FROM sbtest7 WHERE k BETWEEN 4939049 AND 4939149
	Bitmap Heap Scan on sbtest7  (cost=5.43..389.37 rows=97 width=125)
	  Recheck Cond: ((k >= 4939049) AND (k <= 4939149))
	  ->  Bitmap Index Scan on k_7  (cost=0.00..5.40 rows=97 width=0)
	        Index Cond: ((k >= 4939049) AND (k <= 4939149))

table 8 : explain SELECT k, c FROM sbtest8 WHERE k BETWEEN 4939049 AND 4939149
	Bitmap Heap Scan on sbtest8  (cost=5.47..405.13 rows=101 width=125)
	  Recheck Cond: ((k >= 4939049) AND (k <= 4939149))
	  ->  Bitmap Index Scan on k_8  (cost=0.00..5.44 rows=101 width=0)
	        Index Cond: ((k >= 4939049) AND (k <= 4939149))

explain: for range-notcovered :: explain SELECT k, c FROM sbtest%d WHERE k BETWEEN 4763961 AND 4764061
explain: for range-notcovered :: explain SELECT k, c FROM sbtest%d WHERE k BETWEEN 4939049 AND 4939149
explain: for range-notcovered :: explain SELECT k, c FROM sbtest%d WHERE k BETWEEN 7390465 AND 7390565
for range-notcovered
table 1 : explain SELECT k, c FROM sbtest1 WHERE k BETWEEN 3136397 AND 3136497
	Bitmap Heap Scan on sbtest1  (cost=5.44..393.31 rows=98 width=125)
	  Recheck Cond: ((k >= 3136397) AND (k <= 3136497))
	  ->  Bitmap Index Scan on k_1  (cost=0.00..5.42 rows=98 width=0)
	        Index Cond: ((k >= 3136397) AND (k <= 3136497))

table 2 : explain SELECT k, c FROM sbtest2 WHERE k BETWEEN 3136397 AND 3136497
	Bitmap Heap Scan on sbtest2  (cost=5.47..405.13 rows=101 width=125)
	  Recheck Cond: ((k >= 3136397) AND (k <= 3136497))
	  ->  Bitmap Index Scan on k_2  (cost=0.00..5.44 rows=101 width=0)
	        Index Cond: ((k >= 3136397) AND (k <= 3136497))

table 3 : explain SELECT k, c FROM sbtest3 WHERE k BETWEEN 3136397 AND 3136497
	Bitmap Heap Scan on sbtest3  (cost=5.51..420.88 rows=105 width=125)
	  Recheck Cond: ((k >= 3136397) AND (k <= 3136497))
	  ->  Bitmap Index Scan on k_3  (cost=0.00..5.48 rows=105 width=0)
	        Index Cond: ((k >= 3136397) AND (k <= 3136497))

table 4 : explain SELECT k, c FROM sbtest4 WHERE k BETWEEN 3136397 AND 3136497
	Bitmap Heap Scan on sbtest4  (cost=5.49..413.00 rows=103 width=125)
	  Recheck Cond: ((k >= 3136397) AND (k <= 3136497))
	  ->  Bitmap Index Scan on k_4  (cost=0.00..5.46 rows=103 width=0)
	        Index Cond: ((k >= 3136397) AND (k <= 3136497))

table 5 : explain SELECT k, c FROM sbtest5 WHERE k BETWEEN 3136397 AND 3136497
	Bitmap Heap Scan on sbtest5  (cost=5.47..405.13 rows=101 width=125)
	  Recheck Cond: ((k >= 3136397) AND (k <= 3136497))
	  ->  Bitmap Index Scan on k_5  (cost=0.00..5.44 rows=101 width=0)
	        Index Cond: ((k >= 3136397) AND (k <= 3136497))

table 6 : explain SELECT k, c FROM sbtest6 WHERE k BETWEEN 3136397 AND 3136497
	Bitmap Heap Scan on sbtest6  (cost=5.48..409.07 rows=102 width=125)
	  Recheck Cond: ((k >= 3136397) AND (k <= 3136497))
	  ->  Bitmap Index Scan on k_6  (cost=0.00..5.45 rows=102 width=0)
	        Index Cond: ((k >= 3136397) AND (k <= 3136497))

table 7 : explain SELECT k, c FROM sbtest7 WHERE k BETWEEN 3136397 AND 3136497
	Bitmap Heap Scan on sbtest7  (cost=5.42..385.43 rows=96 width=125)
	  Recheck Cond: ((k >= 3136397) AND (k <= 3136497))
	  ->  Bitmap Index Scan on k_7  (cost=0.00..5.39 rows=96 width=0)
	        Index Cond: ((k >= 3136397) AND (k <= 3136497))

table 8 : explain SELECT k, c FROM sbtest8 WHERE k BETWEEN 3136397 AND 3136497
	Bitmap Heap Scan on sbtest8  (cost=5.44..393.31 rows=98 width=125)
	  Recheck Cond: ((k >= 3136397) AND (k <= 3136497))
	  ->  Bitmap Index Scan on k_8  (cost=0.00..5.42 rows=98 width=0)
	        Index Cond: ((k >= 3136397) AND (k <= 3136497))

explain: for range-notcovered :: explain SELECT k, c FROM sbtest%d WHERE k BETWEEN 3136397 AND 3136497
for range-notcovered
table 1 : explain SELECT k, c FROM sbtest1 WHERE k BETWEEN 1933430 AND 1933530
	Bitmap Heap Scan on sbtest1  (cost=5.41..381.49 rows=95 width=125)
	  Recheck Cond: ((k >= 1933430) AND (k <= 1933530))
	  ->  Bitmap Index Scan on k_1  (cost=0.00..5.38 rows=95 width=0)
	        Index Cond: ((k >= 1933430) AND (k <= 1933530))

table 2 : explain SELECT k, c FROM sbtest2 WHERE k BETWEEN 1933430 AND 1933530
	Bitmap Heap Scan on sbtest2  (cost=5.47..405.13 rows=101 width=125)
	  Recheck Cond: ((k >= 1933430) AND (k <= 1933530))
	  ->  Bitmap Index Scan on k_2  (cost=0.00..5.44 rows=101 width=0)
	        Index Cond: ((k >= 1933430) AND (k <= 1933530))

table 3 : explain SELECT k, c FROM sbtest3 WHERE k BETWEEN 1933430 AND 1933530
	Bitmap Heap Scan on sbtest3  (cost=5.52..424.81 rows=106 width=125)
	  Recheck Cond: ((k >= 1933430) AND (k <= 1933530))
	  ->  Bitmap Index Scan on k_3  (cost=0.00..5.50 rows=106 width=0)
	        Index Cond: ((k >= 1933430) AND (k <= 1933530))

table 4 : explain SELECT k, c FROM sbtest4 WHERE k BETWEEN 1933430 AND 1933530
	Bitmap Heap Scan on sbtest4  (cost=5.46..401.19 rows=100 width=125)
	  Recheck Cond: ((k >= 1933430) AND (k <= 1933530))
	  ->  Bitmap Index Scan on k_4  (cost=0.00..5.43 rows=100 width=0)
	        Index Cond: ((k >= 1933430) AND (k <= 1933530))

table 5 : explain SELECT k, c FROM sbtest5 WHERE k BETWEEN 1933430 AND 1933530
	Bitmap Heap Scan on sbtest5  (cost=5.48..409.07 rows=102 width=125)
	  Recheck Cond: ((k >= 1933430) AND (k <= 1933530))
	  ->  Bitmap Index Scan on k_5  (cost=0.00..5.45 rows=102 width=0)
	        Index Cond: ((k >= 1933430) AND (k <= 1933530))

table 6 : explain SELECT k, c FROM sbtest6 WHERE k BETWEEN 1933430 AND 1933530
	Bitmap Heap Scan on sbtest6  (cost=5.45..397.25 rows=99 width=125)
	  Recheck Cond: ((k >= 1933430) AND (k <= 1933530))
	  ->  Bitmap Index Scan on k_6  (cost=0.00..5.42 rows=99 width=0)
	        Index Cond: ((k >= 1933430) AND (k <= 1933530))

table 7 : explain SELECT k, c FROM sbtest7 WHERE k BETWEEN 1933430 AND 1933530
	Bitmap Heap Scan on sbtest7  (cost=5.48..409.07 rows=102 width=125)
	  Recheck Cond: ((k >= 1933430) AND (k <= 1933530))
	  ->  Bitmap Index Scan on k_7  (cost=0.00..5.45 rows=102 width=0)
	        Index Cond: ((k >= 1933430) AND (k <= 1933530))

table 8 : explain SELECT k, c FROM sbtest8 WHERE k BETWEEN 1933430 AND 1933530
	Bitmap Heap Scan on sbtest8  (cost=5.47..405.13 rows=101 width=125)
	  Recheck Cond: ((k >= 1933430) AND (k <= 1933530))
	  ->  Bitmap Index Scan on k_8  (cost=0.00..5.44 rows=101 width=0)
	        Index Cond: ((k >= 1933430) AND (k <= 1933530))

for range-notcovered
table 1 : explain SELECT k, c FROM sbtest1 WHERE k BETWEEN 4763961 AND 4764061
	Bitmap Heap Scan on sbtest1  (cost=5.50..416.94 rows=104 width=125)
	  Recheck Cond: ((k >= 4763961) AND (k <= 4764061))
	  ->  Bitmap Index Scan on k_1  (cost=0.00..5.47 rows=104 width=0)
	        Index Cond: ((k >= 4763961) AND (k <= 4764061))

table 2 : explain SELECT k, c FROM sbtest2 WHERE k BETWEEN 4763961 AND 4764061
	Bitmap Heap Scan on sbtest2  (cost=5.55..436.62 rows=109 width=125)
	  Recheck Cond: ((k >= 4763961) AND (k <= 4764061))
	  ->  Bitmap Index Scan on k_2  (cost=0.00..5.52 rows=109 width=0)
	        Index Cond: ((k >= 4763961) AND (k <= 4764061))

table 3 : explain SELECT k, c FROM sbtest3 WHERE k BETWEEN 4763961 AND 4764061
	Bitmap Heap Scan on sbtest3  (cost=5.53..428.75 rows=107 width=125)
	  Recheck Cond: ((k >= 4763961) AND (k <= 4764061))
	  ->  Bitmap Index Scan on k_3  (cost=0.00..5.50 rows=107 width=0)
	        Index Cond: ((k >= 4763961) AND (k <= 4764061))

table 4 : explain SELECT k, c FROM sbtest4 WHERE k BETWEEN 4763961 AND 4764061
	Bitmap Heap Scan on sbtest4  (cost=5.47..405.13 rows=101 width=125)
	  Recheck Cond: ((k >= 4763961) AND (k <= 4764061))
	  ->  Bitmap Index Scan on k_4  (cost=0.00..5.44 rows=101 width=0)
	        Index Cond: ((k >= 4763961) AND (k <= 4764061))

table 5 : explain SELECT k, c FROM sbtest5 WHERE k BETWEEN 4763961 AND 4764061
	Bitmap Heap Scan on sbtest5  (cost=5.52..424.81 rows=106 width=125)
	  Recheck Cond: ((k >= 4763961) AND (k <= 4764061))
	  ->  Bitmap Index Scan on k_5  (cost=0.00..5.50 rows=106 width=0)
	        Index Cond: ((k >= 4763961) AND (k <= 4764061))

table 6 : explain SELECT k, c FROM sbtest6 WHERE k BETWEEN 4763961 AND 4764061
	Bitmap Heap Scan on sbtest6  (cost=5.48..409.07 rows=102 width=125)
	  Recheck Cond: ((k >= 4763961) AND (k <= 4764061))
	  ->  Bitmap Index Scan on k_6  (cost=0.00..5.45 rows=102 width=0)
	        Index Cond: ((k >= 4763961) AND (k <= 4764061))

table 7 : explain SELECT k, c FROM sbtest7 WHERE k BETWEEN 4763961 AND 4764061
	Bitmap Heap Scan on sbtest7  (cost=5.38..369.67 rows=92 width=125)
	  Recheck Cond: ((k >= 4763961) AND (k <= 4764061))
	  ->  Bitmap Index Scan on k_7  (cost=0.00..5.35 rows=92 width=0)
	        Index Cond: ((k >= 4763961) AND (k <= 4764061))

table 8 : explain SELECT k, c FROM sbtest8 WHERE k BETWEEN 4763961 AND 4764061
	Bitmap Heap Scan on sbtest8  (cost=5.39..373.61 rows=93 width=125)
	  Recheck Cond: ((k >= 4763961) AND (k <= 4764061))
	  ->  Bitmap Index Scan on k_8  (cost=0.00..5.36 rows=93 width=0)
	        Index Cond: ((k >= 4763961) AND (k <= 4764061))

for range-notcovered
table 1 : explain SELECT k, c FROM sbtest1 WHERE k BETWEEN 4939049 AND 4939149
	Bitmap Heap Scan on sbtest1  (cost=5.54..432.69 rows=108 width=125)
	  Recheck Cond: ((k >= 4939049) AND (k <= 4939149))
	  ->  Bitmap Index Scan on k_1  (cost=0.00..5.51 rows=108 width=0)
	        Index Cond: ((k >= 4939049) AND (k <= 4939149))

table 2 : explain SELECT k, c FROM sbtest2 WHERE k BETWEEN 4939049 AND 4939149
	Bitmap Heap Scan on sbtest2  (cost=5.47..405.13 rows=101 width=125)
	  Recheck Cond: ((k >= 4939049) AND (k <= 4939149))
	  ->  Bitmap Index Scan on k_2  (cost=0.00..5.44 rows=101 width=0)
	        Index Cond: ((k >= 4939049) AND (k <= 4939149))

table 3 : explain SELECT k, c FROM sbtest3 WHERE k BETWEEN 4939049 AND 4939149
	Bitmap Heap Scan on sbtest3  (cost=5.49..413.00 rows=103 width=125)
	  Recheck Cond: ((k >= 4939049) AND (k <= 4939149))
	  ->  Bitmap Index Scan on k_3  (cost=0.00..5.46 rows=103 width=0)
	        Index Cond: ((k >= 4939049) AND (k <= 4939149))

table 4 : explain SELECT k, c FROM sbtest4 WHERE k BETWEEN 4939049 AND 4939149
	Bitmap Heap Scan on sbtest4  (cost=5.48..409.07 rows=102 width=125)
	  Recheck Cond: ((k >= 4939049) AND (k <= 4939149))
	  ->  Bitmap Index Scan on k_4  (cost=0.00..5.45 rows=102 width=0)
	        Index Cond: ((k >= 4939049) AND (k <= 4939149))

table 5 : explain SELECT k, c FROM sbtest5 WHERE k BETWEEN 4939049 AND 4939149
	Bitmap Heap Scan on sbtest5  (cost=5.46..401.19 rows=100 width=125)
	  Recheck Cond: ((k >= 4939049) AND (k <= 4939149))
	  ->  Bitmap Index Scan on k_5  (cost=0.00..5.43 rows=100 width=0)
	        Index Cond: ((k >= 4939049) AND (k <= 4939149))

table 6 : explain SELECT k, c FROM sbtest6 WHERE k BETWEEN 4939049 AND 4939149
	Bitmap Heap Scan on sbtest6  (cost=5.51..420.88 rows=105 width=125)
	  Recheck Cond: ((k >= 4939049) AND (k <= 4939149))
	  ->  Bitmap Index Scan on k_6  (cost=0.00..5.48 rows=105 width=0)
	        Index Cond: ((k >= 4939049) AND (k <= 4939149))

table 7 : explain SELECT k, c FROM sbtest7 WHERE k BETWEEN 4939049 AND 4939149
	Bitmap Heap Scan on sbtest7  (cost=5.43..389.37 rows=97 width=125)
	  Recheck Cond: ((k >= 4939049) AND (k <= 4939149))
	  ->  Bitmap Index Scan on k_7  (cost=0.00..5.40 rows=97 width=0)
	        Index Cond: ((k >= 4939049) AND (k <= 4939149))

table 8 : explain SELECT k, c FROM sbtest8 WHERE k BETWEEN 4939049 AND 4939149
	Bitmap Heap Scan on sbtest8  (cost=5.47..405.13 rows=101 width=125)
	  Recheck Cond: ((k >= 4939049) AND (k <= 4939149))
	  ->  Bitmap Index Scan on k_8  (cost=0.00..5.44 rows=101 width=0)
	        Index Cond: ((k >= 4939049) AND (k <= 4939149))

explain: for range-notcovered :: explain SELECT k, c FROM sbtest%d WHERE k BETWEEN 1933430 AND 1933530
for range-notcovered
table 1 : explain SELECT k, c FROM sbtest1 WHERE k BETWEEN 1977731 AND 1977831
	Bitmap Heap Scan on sbtest1  (cost=5.47..405.13 rows=101 width=125)
	  Recheck Cond: ((k >= 1977731) AND (k <= 1977831))
	  ->  Bitmap Index Scan on k_1  (cost=0.00..5.44 rows=101 width=0)
	        Index Cond: ((k >= 1977731) AND (k <= 1977831))

table 2 : explain SELECT k, c FROM sbtest2 WHERE k BETWEEN 1977731 AND 1977831
	Bitmap Heap Scan on sbtest2  (cost=5.47..405.13 rows=101 width=125)
	  Recheck Cond: ((k >= 1977731) AND (k <= 1977831))
	  ->  Bitmap Index Scan on k_2  (cost=0.00..5.44 rows=101 width=0)
	        Index Cond: ((k >= 1977731) AND (k <= 1977831))

table 3 : explain SELECT k, c FROM sbtest3 WHERE k BETWEEN 1977731 AND 1977831
	Bitmap Heap Scan on sbtest3  (cost=5.52..424.81 rows=106 width=125)
	  Recheck Cond: ((k >= 1977731) AND (k <= 1977831))
	  ->  Bitmap Index Scan on k_3  (cost=0.00..5.50 rows=106 width=0)
	        Index Cond: ((k >= 1977731) AND (k <= 1977831))

table 4 : explain SELECT k, c FROM sbtest4 WHERE k BETWEEN 1977731 AND 1977831
	Bitmap Heap Scan on sbtest4  (cost=5.46..401.19 rows=100 width=125)
	  Recheck Cond: ((k >= 1977731) AND (k <= 1977831))
	  ->  Bitmap Index Scan on k_4  (cost=0.00..5.43 rows=100 width=0)
	        Index Cond: ((k >= 1977731) AND (k <= 1977831))

table 5 : explain SELECT k, c FROM sbtest5 WHERE k BETWEEN 1977731 AND 1977831
	Bitmap Heap Scan on sbtest5  (cost=5.48..409.07 rows=102 width=125)
	  Recheck Cond: ((k >= 1977731) AND (k <= 1977831))
	  ->  Bitmap Index Scan on k_5  (cost=0.00..5.45 rows=102 width=0)
	        Index Cond: ((k >= 1977731) AND (k <= 1977831))

table 6 : explain SELECT k, c FROM sbtest6 WHERE k BETWEEN 1977731 AND 1977831
	Bitmap Heap Scan on sbtest6  (cost=5.45..397.25 rows=99 width=125)
	  Recheck Cond: ((k >= 1977731) AND (k <= 1977831))
	  ->  Bitmap Index Scan on k_6  (cost=0.00..5.42 rows=99 width=0)
	        Index Cond: ((k >= 1977731) AND (k <= 1977831))

table 7 : explain SELECT k, c FROM sbtest7 WHERE k BETWEEN 1977731 AND 1977831
	Bitmap Heap Scan on sbtest7  (cost=5.48..409.07 rows=102 width=125)
	  Recheck Cond: ((k >= 1977731) AND (k <= 1977831))
	  ->  Bitmap Index Scan on k_7  (cost=0.00..5.45 rows=102 width=0)
	        Index Cond: ((k >= 1977731) AND (k <= 1977831))

table 8 : explain SELECT k, c FROM sbtest8 WHERE k BETWEEN 1977731 AND 1977831
	Bitmap Heap Scan on sbtest8  (cost=5.47..405.13 rows=101 width=125)
	  Recheck Cond: ((k >= 1977731) AND (k <= 1977831))
	  ->  Bitmap Index Scan on k_8  (cost=0.00..5.44 rows=101 width=0)
	        Index Cond: ((k >= 1977731) AND (k <= 1977831))

explain: for range-notcovered :: explain SELECT k, c FROM sbtest%d WHERE k BETWEEN 1977731 AND 1977831
for range-notcovered
table 1 : explain SELECT k, c FROM sbtest1 WHERE k BETWEEN 6241459 AND 6241559
	Bitmap Heap Scan on sbtest1  (cost=5.54..432.69 rows=108 width=125)
	  Recheck Cond: ((k >= 6241459) AND (k <= 6241559))
	  ->  Bitmap Index Scan on k_1  (cost=0.00..5.51 rows=108 width=0)
	        Index Cond: ((k >= 6241459) AND (k <= 6241559))

table 2 : explain SELECT k, c FROM sbtest2 WHERE k BETWEEN 6241459 AND 6241559
	Bitmap Heap Scan on sbtest2  (cost=5.44..393.31 rows=98 width=125)
	  Recheck Cond: ((k >= 6241459) AND (k <= 6241559))
	  ->  Bitmap Index Scan on k_2  (cost=0.00..5.42 rows=98 width=0)
	        Index Cond: ((k >= 6241459) AND (k <= 6241559))

table 3 : explain SELECT k, c FROM sbtest3 WHERE k BETWEEN 6241459 AND 6241559
	Bitmap Heap Scan on sbtest3  (cost=5.56..440.56 rows=110 width=125)
	  Recheck Cond: ((k >= 6241459) AND (k <= 6241559))
	  ->  Bitmap Index Scan on k_3  (cost=0.00..5.53 rows=110 width=0)
	        Index Cond: ((k >= 6241459) AND (k <= 6241559))

table 4 : explain SELECT k, c FROM sbtest4 WHERE k BETWEEN 6241459 AND 6241559
	Bitmap Heap Scan on sbtest4  (cost=5.48..409.07 rows=102 width=125)
	  Recheck Cond: ((k >= 6241459) AND (k <= 6241559))
	  ->  Bitmap Index Scan on k_4  (cost=0.00..5.45 rows=102 width=0)
	        Index Cond: ((k >= 6241459) AND (k <= 6241559))

table 5 : explain SELECT k, c FROM sbtest5 WHERE k BETWEEN 6241459 AND 6241559
	Bitmap Heap Scan on sbtest5  (cost=5.50..416.94 rows=104 width=125)
	  Recheck Cond: ((k >= 6241459) AND (k <= 6241559))
	  ->  Bitmap Index Scan on k_5  (cost=0.00..5.47 rows=104 width=0)
	        Index Cond: ((k >= 6241459) AND (k <= 6241559))

table 6 : explain SELECT k, c FROM sbtest6 WHERE k BETWEEN 6241459 AND 6241559
	Bitmap Heap Scan on sbtest6  (cost=5.48..409.07 rows=102 width=125)
	  Recheck Cond: ((k >= 6241459) AND (k <= 6241559))
	  ->  Bitmap Index Scan on k_6  (cost=0.00..5.45 rows=102 width=0)
	        Index Cond: ((k >= 6241459) AND (k <= 6241559))

table 7 : explain SELECT k, c FROM sbtest7 WHERE k BETWEEN 6241459 AND 6241559
	Bitmap Heap Scan on sbtest7  (cost=5.52..424.81 rows=106 width=125)
	  Recheck Cond: ((k >= 6241459) AND (k <= 6241559))
	  ->  Bitmap Index Scan on k_7  (cost=0.00..5.50 rows=106 width=0)
	        Index Cond: ((k >= 6241459) AND (k <= 6241559))

table 8 : explain SELECT k, c FROM sbtest8 WHERE k BETWEEN 6241459 AND 6241559
	Bitmap Heap Scan on sbtest8  (cost=5.47..405.13 rows=101 width=125)
	  Recheck Cond: ((k >= 6241459) AND (k <= 6241559))
	  ->  Bitmap Index Scan on k_8  (cost=0.00..5.44 rows=101 width=0)
	        Index Cond: ((k >= 6241459) AND (k <= 6241559))

explain: for range-notcovered :: explain SELECT k, c FROM sbtest%d WHERE k BETWEEN 6241459 AND 6241559
for range-notcovered
table 1 : explain SELECT k, c FROM sbtest1 WHERE k BETWEEN 1933430 AND 1933530
	Bitmap Heap Scan on sbtest1  (cost=5.41..381.49 rows=95 width=125)
	  Recheck Cond: ((k >= 1933430) AND (k <= 1933530))
	  ->  Bitmap Index Scan on k_1  (cost=0.00..5.38 rows=95 width=0)
	        Index Cond: ((k >= 1933430) AND (k <= 1933530))

table 2 : explain SELECT k, c FROM sbtest2 WHERE k BETWEEN 1933430 AND 1933530
	Bitmap Heap Scan on sbtest2  (cost=5.47..405.13 rows=101 width=125)
	  Recheck Cond: ((k >= 1933430) AND (k <= 1933530))
	  ->  Bitmap Index Scan on k_2  (cost=0.00..5.44 rows=101 width=0)
	        Index Cond: ((k >= 1933430) AND (k <= 1933530))

table 3 : explain SELECT k, c FROM sbtest3 WHERE k BETWEEN 1933430 AND 1933530
	Bitmap Heap Scan on sbtest3  (cost=5.52..424.81 rows=106 width=125)
	  Recheck Cond: ((k >= 1933430) AND (k <= 1933530))
	  ->  Bitmap Index Scan on k_3  (cost=0.00..5.50 rows=106 width=0)
	        Index Cond: ((k >= 1933430) AND (k <= 1933530))

table 4 : explain SELECT k, c FROM sbtest4 WHERE k BETWEEN 1933430 AND 1933530
	Bitmap Heap Scan on sbtest4  (cost=5.46..401.19 rows=100 width=125)
	  Recheck Cond: ((k >= 1933430) AND (k <= 1933530))
	  ->  Bitmap Index Scan on k_4  (cost=0.00..5.43 rows=100 width=0)
	        Index Cond: ((k >= 1933430) AND (k <= 1933530))

table 5 : explain SELECT k, c FROM sbtest5 WHERE k BETWEEN 1933430 AND 1933530
	Bitmap Heap Scan on sbtest5  (cost=5.48..409.07 rows=102 width=125)
	  Recheck Cond: ((k >= 1933430) AND (k <= 1933530))
	  ->  Bitmap Index Scan on k_5  (cost=0.00..5.45 rows=102 width=0)
	        Index Cond: ((k >= 1933430) AND (k <= 1933530))

table 6 : explain SELECT k, c FROM sbtest6 WHERE k BETWEEN 1933430 AND 1933530
	Bitmap Heap Scan on sbtest6  (cost=5.45..397.25 rows=99 width=125)
	  Recheck Cond: ((k >= 1933430) AND (k <= 1933530))
	  ->  Bitmap Index Scan on k_6  (cost=0.00..5.42 rows=99 width=0)
	        Index Cond: ((k >= 1933430) AND (k <= 1933530))

table 7 : explain SELECT k, c FROM sbtest7 WHERE k BETWEEN 1933430 AND 1933530
	Bitmap Heap Scan on sbtest7  (cost=5.48..409.07 rows=102 width=125)
	  Recheck Cond: ((k >= 1933430) AND (k <= 1933530))
	  ->  Bitmap Index Scan on k_7  (cost=0.00..5.45 rows=102 width=0)
	        Index Cond: ((k >= 1933430) AND (k <= 1933530))

table 8 : explain SELECT k, c FROM sbtest8 WHERE k BETWEEN 1933430 AND 1933530
	Bitmap Heap Scan on sbtest8  (cost=5.47..405.13 rows=101 width=125)
	  Recheck Cond: ((k >= 1933430) AND (k <= 1933530))
	  ->  Bitmap Index Scan on k_8  (cost=0.00..5.44 rows=101 width=0)
	        Index Cond: ((k >= 1933430) AND (k <= 1933530))

for range-notcovered
table 1 : explain SELECT k, c FROM sbtest1 WHERE k BETWEEN 771879 AND 771979
	Bitmap Heap Scan on sbtest1  (cost=5.54..432.69 rows=108 width=125)
	  Recheck Cond: ((k >= 771879) AND (k <= 771979))
	  ->  Bitmap Index Scan on k_1  (cost=0.00..5.51 rows=108 width=0)
	        Index Cond: ((k >= 771879) AND (k <= 771979))

table 2 : explain SELECT k, c FROM sbtest2 WHERE k BETWEEN 771879 AND 771979
	Bitmap Heap Scan on sbtest2  (cost=5.42..385.43 rows=96 width=125)
	  Recheck Cond: ((k >= 771879) AND (k <= 771979))
	  ->  Bitmap Index Scan on k_2  (cost=0.00..5.39 rows=96 width=0)
	        Index Cond: ((k >= 771879) AND (k <= 771979))

table 3 : explain SELECT k, c FROM sbtest3 WHERE k BETWEEN 771879 AND 771979
	Bitmap Heap Scan on sbtest3  (cost=5.50..416.94 rows=104 width=125)
	  Recheck Cond: ((k >= 771879) AND (k <= 771979))
	  ->  Bitmap Index Scan on k_3  (cost=0.00..5.47 rows=104 width=0)
	        Index Cond: ((k >= 771879) AND (k <= 771979))

table 4 : explain SELECT k, c FROM sbtest4 WHERE k BETWEEN 771879 AND 771979
	Bitmap Heap Scan on sbtest4  (cost=5.57..444.49 rows=111 width=125)
	  Recheck Cond: ((k >= 771879) AND (k <= 771979))
	  ->  Bitmap Index Scan on k_4  (cost=0.00..5.54 rows=111 width=0)
	        Index Cond: ((k >= 771879) AND (k <= 771979))

table 5 : explain SELECT k, c FROM sbtest5 WHERE k BETWEEN 771879 AND 771979
	Bitmap Heap Scan on sbtest5  (cost=5.55..436.62 rows=109 width=125)
	  Recheck Cond: ((k >= 771879) AND (k <= 771979))
	  ->  Bitmap Index Scan on k_5  (cost=0.00..5.52 rows=109 width=0)
	        Index Cond: ((k >= 771879) AND (k <= 771979))

table 6 : explain SELECT k, c FROM sbtest6 WHERE k BETWEEN 771879 AND 771979
	Bitmap Heap Scan on sbtest6  (cost=5.60..456.29 rows=114 width=125)
	  Recheck Cond: ((k >= 771879) AND (k <= 771979))
	  ->  Bitmap Index Scan on k_6  (cost=0.00..5.58 rows=114 width=0)
	        Index Cond: ((k >= 771879) AND (k <= 771979))

table 7 : explain SELECT k, c FROM sbtest7 WHERE k BETWEEN 771879 AND 771979
	Bitmap Heap Scan on sbtest7  (cost=5.51..420.88 rows=105 width=125)
	  Recheck Cond: ((k >= 771879) AND (k <= 771979))
	  ->  Bitmap Index Scan on k_7  (cost=0.00..5.48 rows=105 width=0)
	        Index Cond: ((k >= 771879) AND (k <= 771979))

table 8 : explain SELECT k, c FROM sbtest8 WHERE k BETWEEN 771879 AND 771979
	Bitmap Heap Scan on sbtest8  (cost=5.58..448.42 rows=112 width=125)
	  Recheck Cond: ((k >= 771879) AND (k <= 771979))
	  ->  Bitmap Index Scan on k_8  (cost=0.00..5.55 rows=112 width=0)
	        Index Cond: ((k >= 771879) AND (k <= 771979))

explain: for range-notcovered :: explain SELECT k, c FROM sbtest%d WHERE k BETWEEN 4763961 AND 4764061
for range-notcovered
table 1 : explain SELECT k, c FROM sbtest1 WHERE k BETWEEN 1977731 AND 1977831
	Bitmap Heap Scan on sbtest1  (cost=5.47..405.13 rows=101 width=125)
	  Recheck Cond: ((k >= 1977731) AND (k <= 1977831))
	  ->  Bitmap Index Scan on k_1  (cost=0.00..5.44 rows=101 width=0)
	        Index Cond: ((k >= 1977731) AND (k <= 1977831))

table 2 : explain SELECT k, c FROM sbtest2 WHERE k BETWEEN 1977731 AND 1977831
	Bitmap Heap Scan on sbtest2  (cost=5.47..405.13 rows=101 width=125)
	  Recheck Cond: ((k >= 1977731) AND (k <= 1977831))
	  ->  Bitmap Index Scan on k_2  (cost=0.00..5.44 rows=101 width=0)
	        Index Cond: ((k >= 1977731) AND (k <= 1977831))

table 3 : explain SELECT k, c FROM sbtest3 WHERE k BETWEEN 1977731 AND 1977831
	Bitmap Heap Scan on sbtest3  (cost=5.52..424.81 rows=106 width=125)
	  Recheck Cond: ((k >= 1977731) AND (k <= 1977831))
	  ->  Bitmap Index Scan on k_3  (cost=0.00..5.50 rows=106 width=0)
	        Index Cond: ((k >= 1977731) AND (k <= 1977831))

table 4 : explain SELECT k, c FROM sbtest4 WHERE k BETWEEN 1977731 AND 1977831
	Bitmap Heap Scan on sbtest4  (cost=5.46..401.19 rows=100 width=125)
	  Recheck Cond: ((k >= 1977731) AND (k <= 1977831))
	  ->  Bitmap Index Scan on k_4  (cost=0.00..5.43 rows=100 width=0)
	        Index Cond: ((k >= 1977731) AND (k <= 1977831))

table 5 : explain SELECT k, c FROM sbtest5 WHERE k BETWEEN 1977731 AND 1977831
	Bitmap Heap Scan on sbtest5  (cost=5.48..409.07 rows=102 width=125)
	  Recheck Cond: ((k >= 1977731) AND (k <= 1977831))
	  ->  Bitmap Index Scan on k_5  (cost=0.00..5.45 rows=102 width=0)
	        Index Cond: ((k >= 1977731) AND (k <= 1977831))

table 6 : explain SELECT k, c FROM sbtest6 WHERE k BETWEEN 1977731 AND 1977831
	Bitmap Heap Scan on sbtest6  (cost=5.45..397.25 rows=99 width=125)
	  Recheck Cond: ((k >= 1977731) AND (k <= 1977831))
	  ->  Bitmap Index Scan on k_6  (cost=0.00..5.42 rows=99 width=0)
	        Index Cond: ((k >= 1977731) AND (k <= 1977831))

table 7 : explain SELECT k, c FROM sbtest7 WHERE k BETWEEN 1977731 AND 1977831
	Bitmap Heap Scan on sbtest7  (cost=5.48..409.07 rows=102 width=125)
	  Recheck Cond: ((k >= 1977731) AND (k <= 1977831))
	  ->  Bitmap Index Scan on k_7  (cost=0.00..5.45 rows=102 width=0)
	        Index Cond: ((k >= 1977731) AND (k <= 1977831))

table 8 : explain SELECT k, c FROM sbtest8 WHERE k BETWEEN 1977731 AND 1977831
	Bitmap Heap Scan on sbtest8  (cost=5.47..405.13 rows=101 width=125)
	  Recheck Cond: ((k >= 1977731) AND (k <= 1977831))
	  ->  Bitmap Index Scan on k_8  (cost=0.00..5.44 rows=101 width=0)
	        Index Cond: ((k >= 1977731) AND (k <= 1977831))

explain: for range-notcovered :: explain SELECT k, c FROM sbtest%d WHERE k BETWEEN 4939049 AND 4939149
explain: for range-notcovered :: explain SELECT k, c FROM sbtest%d WHERE k BETWEEN 1977731 AND 1977831
for range-notcovered
table 1 : explain SELECT k, c FROM sbtest1 WHERE k BETWEEN 6241459 AND 6241559
	Bitmap Heap Scan on sbtest1  (cost=5.54..432.69 rows=108 width=125)
	  Recheck Cond: ((k >= 6241459) AND (k <= 6241559))
	  ->  Bitmap Index Scan on k_1  (cost=0.00..5.51 rows=108 width=0)
	        Index Cond: ((k >= 6241459) AND (k <= 6241559))

table 2 : explain SELECT k, c FROM sbtest2 WHERE k BETWEEN 6241459 AND 6241559
	Bitmap Heap Scan on sbtest2  (cost=5.44..393.31 rows=98 width=125)
	  Recheck Cond: ((k >= 6241459) AND (k <= 6241559))
	  ->  Bitmap Index Scan on k_2  (cost=0.00..5.42 rows=98 width=0)
	        Index Cond: ((k >= 6241459) AND (k <= 6241559))

table 3 : explain SELECT k, c FROM sbtest3 WHERE k BETWEEN 6241459 AND 6241559
	Bitmap Heap Scan on sbtest3  (cost=5.56..440.56 rows=110 width=125)
	  Recheck Cond: ((k >= 6241459) AND (k <= 6241559))
	  ->  Bitmap Index Scan on k_3  (cost=0.00..5.53 rows=110 width=0)
	        Index Cond: ((k >= 6241459) AND (k <= 6241559))

table 4 : explain SELECT k, c FROM sbtest4 WHERE k BETWEEN 6241459 AND 6241559
	Bitmap Heap Scan on sbtest4  (cost=5.48..409.07 rows=102 width=125)
	  Recheck Cond: ((k >= 6241459) AND (k <= 6241559))
	  ->  Bitmap Index Scan on k_4  (cost=0.00..5.45 rows=102 width=0)
	        Index Cond: ((k >= 6241459) AND (k <= 6241559))

table 5 : explain SELECT k, c FROM sbtest5 WHERE k BETWEEN 6241459 AND 6241559
	Bitmap Heap Scan on sbtest5  (cost=5.50..416.94 rows=104 width=125)
	  Recheck Cond: ((k >= 6241459) AND (k <= 6241559))
	  ->  Bitmap Index Scan on k_5  (cost=0.00..5.47 rows=104 width=0)
	        Index Cond: ((k >= 6241459) AND (k <= 6241559))

table 6 : explain SELECT k, c FROM sbtest6 WHERE k BETWEEN 6241459 AND 6241559
	Bitmap Heap Scan on sbtest6  (cost=5.48..409.07 rows=102 width=125)
	  Recheck Cond: ((k >= 6241459) AND (k <= 6241559))
	  ->  Bitmap Index Scan on k_6  (cost=0.00..5.45 rows=102 width=0)
	        Index Cond: ((k >= 6241459) AND (k <= 6241559))

table 7 : explain SELECT k, c FROM sbtest7 WHERE k BETWEEN 6241459 AND 6241559
	Bitmap Heap Scan on sbtest7  (cost=5.52..424.81 rows=106 width=125)
	  Recheck Cond: ((k >= 6241459) AND (k <= 6241559))
	  ->  Bitmap Index Scan on k_7  (cost=0.00..5.50 rows=106 width=0)
	        Index Cond: ((k >= 6241459) AND (k <= 6241559))

table 8 : explain SELECT k, c FROM sbtest8 WHERE k BETWEEN 6241459 AND 6241559
	Bitmap Heap Scan on sbtest8  (cost=5.47..405.13 rows=101 width=125)
	  Recheck Cond: ((k >= 6241459) AND (k <= 6241559))
	  ->  Bitmap Index Scan on k_8  (cost=0.00..5.44 rows=101 width=0)
	        Index Cond: ((k >= 6241459) AND (k <= 6241559))

explain: for range-notcovered :: explain SELECT k, c FROM sbtest%d WHERE k BETWEEN 1933430 AND 1933530
explain: for range-notcovered :: explain SELECT k, c FROM sbtest%d WHERE k BETWEEN 6241459 AND 6241559
for range-notcovered
table 1 : explain SELECT k, c FROM sbtest1 WHERE k BETWEEN 4763961 AND 4764061
	Bitmap Heap Scan on sbtest1  (cost=5.50..416.94 rows=104 width=125)
	  Recheck Cond: ((k >= 4763961) AND (k <= 4764061))
	  ->  Bitmap Index Scan on k_1  (cost=0.00..5.47 rows=104 width=0)
	        Index Cond: ((k >= 4763961) AND (k <= 4764061))

table 2 : explain SELECT k, c FROM sbtest2 WHERE k BETWEEN 4763961 AND 4764061
	Bitmap Heap Scan on sbtest2  (cost=5.55..436.62 rows=109 width=125)
	  Recheck Cond: ((k >= 4763961) AND (k <= 4764061))
	  ->  Bitmap Index Scan on k_2  (cost=0.00..5.52 rows=109 width=0)
	        Index Cond: ((k >= 4763961) AND (k <= 4764061))

table 3 : explain SELECT k, c FROM sbtest3 WHERE k BETWEEN 4763961 AND 4764061
	Bitmap Heap Scan on sbtest3  (cost=5.53..428.75 rows=107 width=125)
	  Recheck Cond: ((k >= 4763961) AND (k <= 4764061))
	  ->  Bitmap Index Scan on k_3  (cost=0.00..5.50 rows=107 width=0)
	        Index Cond: ((k >= 4763961) AND (k <= 4764061))

table 4 : explain SELECT k, c FROM sbtest4 WHERE k BETWEEN 4763961 AND 4764061
	Bitmap Heap Scan on sbtest4  (cost=5.47..405.13 rows=101 width=125)
	  Recheck Cond: ((k >= 4763961) AND (k <= 4764061))
	  ->  Bitmap Index Scan on k_4  (cost=0.00..5.44 rows=101 width=0)
	        Index Cond: ((k >= 4763961) AND (k <= 4764061))

table 5 : explain SELECT k, c FROM sbtest5 WHERE k BETWEEN 4763961 AND 4764061
	Bitmap Heap Scan on sbtest5  (cost=5.52..424.81 rows=106 width=125)
	  Recheck Cond: ((k >= 4763961) AND (k <= 4764061))
	  ->  Bitmap Index Scan on k_5  (cost=0.00..5.50 rows=106 width=0)
	        Index Cond: ((k >= 4763961) AND (k <= 4764061))

table 6 : explain SELECT k, c FROM sbtest6 WHERE k BETWEEN 4763961 AND 4764061
	Bitmap Heap Scan on sbtest6  (cost=5.48..409.07 rows=102 width=125)
	  Recheck Cond: ((k >= 4763961) AND (k <= 4764061))
	  ->  Bitmap Index Scan on k_6  (cost=0.00..5.45 rows=102 width=0)
	        Index Cond: ((k >= 4763961) AND (k <= 4764061))

table 7 : explain SELECT k, c FROM sbtest7 WHERE k BETWEEN 4763961 AND 4764061
	Bitmap Heap Scan on sbtest7  (cost=5.38..369.67 rows=92 width=125)
	  Recheck Cond: ((k >= 4763961) AND (k <= 4764061))
	  ->  Bitmap Index Scan on k_7  (cost=0.00..5.35 rows=92 width=0)
	        Index Cond: ((k >= 4763961) AND (k <= 4764061))

table 8 : explain SELECT k, c FROM sbtest8 WHERE k BETWEEN 4763961 AND 4764061
	Bitmap Heap Scan on sbtest8  (cost=5.39..373.61 rows=93 width=125)
	  Recheck Cond: ((k >= 4763961) AND (k <= 4764061))
	  ->  Bitmap Index Scan on k_8  (cost=0.00..5.36 rows=93 width=0)
	        Index Cond: ((k >= 4763961) AND (k <= 4764061))

for range-notcovered
table 1 : explain SELECT k, c FROM sbtest1 WHERE k BETWEEN 3136397 AND 3136497
	Bitmap Heap Scan on sbtest1  (cost=5.44..393.31 rows=98 width=125)
	  Recheck Cond: ((k >= 3136397) AND (k <= 3136497))
	  ->  Bitmap Index Scan on k_1  (cost=0.00..5.42 rows=98 width=0)
	        Index Cond: ((k >= 3136397) AND (k <= 3136497))

table 2 : explain SELECT k, c FROM sbtest2 WHERE k BETWEEN 3136397 AND 3136497
	Bitmap Heap Scan on sbtest2  (cost=5.47..405.13 rows=101 width=125)
	  Recheck Cond: ((k >= 3136397) AND (k <= 3136497))
	  ->  Bitmap Index Scan on k_2  (cost=0.00..5.44 rows=101 width=0)
	        Index Cond: ((k >= 3136397) AND (k <= 3136497))

table 3 : explain SELECT k, c FROM sbtest3 WHERE k BETWEEN 3136397 AND 3136497
	Bitmap Heap Scan on sbtest3  (cost=5.51..420.88 rows=105 width=125)
	  Recheck Cond: ((k >= 3136397) AND (k <= 3136497))
	  ->  Bitmap Index Scan on k_3  (cost=0.00..5.48 rows=105 width=0)
	        Index Cond: ((k >= 3136397) AND (k <= 3136497))

table 4 : explain SELECT k, c FROM sbtest4 WHERE k BETWEEN 3136397 AND 3136497
	Bitmap Heap Scan on sbtest4  (cost=5.49..413.00 rows=103 width=125)
	  Recheck Cond: ((k >= 3136397) AND (k <= 3136497))
	  ->  Bitmap Index Scan on k_4  (cost=0.00..5.46 rows=103 width=0)
	        Index Cond: ((k >= 3136397) AND (k <= 3136497))

table 5 : explain SELECT k, c FROM sbtest5 WHERE k BETWEEN 3136397 AND 3136497
	Bitmap Heap Scan on sbtest5  (cost=5.47..405.13 rows=101 width=125)
	  Recheck Cond: ((k >= 3136397) AND (k <= 3136497))
	  ->  Bitmap Index Scan on k_5  (cost=0.00..5.44 rows=101 width=0)
	        Index Cond: ((k >= 3136397) AND (k <= 3136497))

table 6 : explain SELECT k, c FROM sbtest6 WHERE k BETWEEN 3136397 AND 3136497
	Bitmap Heap Scan on sbtest6  (cost=5.48..409.07 rows=102 width=125)
	  Recheck Cond: ((k >= 3136397) AND (k <= 3136497))
	  ->  Bitmap Index Scan on k_6  (cost=0.00..5.45 rows=102 width=0)
	        Index Cond: ((k >= 3136397) AND (k <= 3136497))

table 7 : explain SELECT k, c FROM sbtest7 WHERE k BETWEEN 3136397 AND 3136497
	Bitmap Heap Scan on sbtest7  (cost=5.42..385.43 rows=96 width=125)
	  Recheck Cond: ((k >= 3136397) AND (k <= 3136497))
	  ->  Bitmap Index Scan on k_7  (cost=0.00..5.39 rows=96 width=0)
	        Index Cond: ((k >= 3136397) AND (k <= 3136497))

table 8 : explain SELECT k, c FROM sbtest8 WHERE k BETWEEN 3136397 AND 3136497
	Bitmap Heap Scan on sbtest8  (cost=5.44..393.31 rows=98 width=125)
	  Recheck Cond: ((k >= 3136397) AND (k <= 3136497))
	  ->  Bitmap Index Scan on k_8  (cost=0.00..5.42 rows=98 width=0)
	        Index Cond: ((k >= 3136397) AND (k <= 3136497))

explain: for range-notcovered :: explain SELECT k, c FROM sbtest%d WHERE k BETWEEN 4763961 AND 4764061
explain: for range-notcovered :: explain SELECT k, c FROM sbtest%d WHERE k BETWEEN 3136397 AND 3136497
for range-notcovered
table 1 : explain SELECT k, c FROM sbtest1 WHERE k BETWEEN 1977731 AND 1977831
	Bitmap Heap Scan on sbtest1  (cost=5.47..405.13 rows=101 width=125)
	  Recheck Cond: ((k >= 1977731) AND (k <= 1977831))
	  ->  Bitmap Index Scan on k_1  (cost=0.00..5.44 rows=101 width=0)
	        Index Cond: ((k >= 1977731) AND (k <= 1977831))

table 2 : explain SELECT k, c FROM sbtest2 WHERE k BETWEEN 1977731 AND 1977831
	Bitmap Heap Scan on sbtest2  (cost=5.47..405.13 rows=101 width=125)
	  Recheck Cond: ((k >= 1977731) AND (k <= 1977831))
	  ->  Bitmap Index Scan on k_2  (cost=0.00..5.44 rows=101 width=0)
	        Index Cond: ((k >= 1977731) AND (k <= 1977831))

table 3 : explain SELECT k, c FROM sbtest3 WHERE k BETWEEN 1977731 AND 1977831
	Bitmap Heap Scan on sbtest3  (cost=5.52..424.81 rows=106 width=125)
	  Recheck Cond: ((k >= 1977731) AND (k <= 1977831))
	  ->  Bitmap Index Scan on k_3  (cost=0.00..5.50 rows=106 width=0)
	        Index Cond: ((k >= 1977731) AND (k <= 1977831))

table 4 : explain SELECT k, c FROM sbtest4 WHERE k BETWEEN 1977731 AND 1977831
	Bitmap Heap Scan on sbtest4  (cost=5.46..401.19 rows=100 width=125)
	  Recheck Cond: ((k >= 1977731) AND (k <= 1977831))
	  ->  Bitmap Index Scan on k_4  (cost=0.00..5.43 rows=100 width=0)
	        Index Cond: ((k >= 1977731) AND (k <= 1977831))

table 5 : explain SELECT k, c FROM sbtest5 WHERE k BETWEEN 1977731 AND 1977831
	Bitmap Heap Scan on sbtest5  (cost=5.48..409.07 rows=102 width=125)
	  Recheck Cond: ((k >= 1977731) AND (k <= 1977831))
	  ->  Bitmap Index Scan on k_5  (cost=0.00..5.45 rows=102 width=0)
	        Index Cond: ((k >= 1977731) AND (k <= 1977831))

table 6 : explain SELECT k, c FROM sbtest6 WHERE k BETWEEN 1977731 AND 1977831
	Bitmap Heap Scan on sbtest6  (cost=5.45..397.25 rows=99 width=125)
	  Recheck Cond: ((k >= 1977731) AND (k <= 1977831))
	  ->  Bitmap Index Scan on k_6  (cost=0.00..5.42 rows=99 width=0)
	        Index Cond: ((k >= 1977731) AND (k <= 1977831))

table 7 : explain SELECT k, c FROM sbtest7 WHERE k BETWEEN 1977731 AND 1977831
	Bitmap Heap Scan on sbtest7  (cost=5.48..409.07 rows=102 width=125)
	  Recheck Cond: ((k >= 1977731) AND (k <= 1977831))
	  ->  Bitmap Index Scan on k_7  (cost=0.00..5.45 rows=102 width=0)
	        Index Cond: ((k >= 1977731) AND (k <= 1977831))

table 8 : explain SELECT k, c FROM sbtest8 WHERE k BETWEEN 1977731 AND 1977831
	Bitmap Heap Scan on sbtest8  (cost=5.47..405.13 rows=101 width=125)
	  Recheck Cond: ((k >= 1977731) AND (k <= 1977831))
	  ->  Bitmap Index Scan on k_8  (cost=0.00..5.44 rows=101 width=0)
	        Index Cond: ((k >= 1977731) AND (k <= 1977831))

for range-notcovered
table 1 : explain SELECT k, c FROM sbtest1 WHERE k BETWEEN 4939049 AND 4939149
	Bitmap Heap Scan on sbtest1  (cost=5.54..432.69 rows=108 width=125)
	  Recheck Cond: ((k >= 4939049) AND (k <= 4939149))
	  ->  Bitmap Index Scan on k_1  (cost=0.00..5.51 rows=108 width=0)
	        Index Cond: ((k >= 4939049) AND (k <= 4939149))

table 2 : explain SELECT k, c FROM sbtest2 WHERE k BETWEEN 4939049 AND 4939149
	Bitmap Heap Scan on sbtest2  (cost=5.47..405.13 rows=101 width=125)
	  Recheck Cond: ((k >= 4939049) AND (k <= 4939149))
	  ->  Bitmap Index Scan on k_2  (cost=0.00..5.44 rows=101 width=0)
	        Index Cond: ((k >= 4939049) AND (k <= 4939149))

table 3 : explain SELECT k, c FROM sbtest3 WHERE k BETWEEN 4939049 AND 4939149
	Bitmap Heap Scan on sbtest3  (cost=5.49..413.00 rows=103 width=125)
	  Recheck Cond: ((k >= 4939049) AND (k <= 4939149))
	  ->  Bitmap Index Scan on k_3  (cost=0.00..5.46 rows=103 width=0)
	        Index Cond: ((k >= 4939049) AND (k <= 4939149))

table 4 : explain SELECT k, c FROM sbtest4 WHERE k BETWEEN 4939049 AND 4939149
	Bitmap Heap Scan on sbtest4  (cost=5.48..409.07 rows=102 width=125)
	  Recheck Cond: ((k >= 4939049) AND (k <= 4939149))
	  ->  Bitmap Index Scan on k_4  (cost=0.00..5.45 rows=102 width=0)
	        Index Cond: ((k >= 4939049) AND (k <= 4939149))

table 5 : explain SELECT k, c FROM sbtest5 WHERE k BETWEEN 4939049 AND 4939149
	Bitmap Heap Scan on sbtest5  (cost=5.46..401.19 rows=100 width=125)
	  Recheck Cond: ((k >= 4939049) AND (k <= 4939149))
	  ->  Bitmap Index Scan on k_5  (cost=0.00..5.43 rows=100 width=0)
	        Index Cond: ((k >= 4939049) AND (k <= 4939149))

table 6 : explain SELECT k, c FROM sbtest6 WHERE k BETWEEN 4939049 AND 4939149
	Bitmap Heap Scan on sbtest6  (cost=5.51..420.88 rows=105 width=125)
	  Recheck Cond: ((k >= 4939049) AND (k <= 4939149))
	  ->  Bitmap Index Scan on k_6  (cost=0.00..5.48 rows=105 width=0)
	        Index Cond: ((k >= 4939049) AND (k <= 4939149))

table 7 : explain SELECT k, c FROM sbtest7 WHERE k BETWEEN 4939049 AND 4939149
	Bitmap Heap Scan on sbtest7  (cost=5.43..389.37 rows=97 width=125)
	  Recheck Cond: ((k >= 4939049) AND (k <= 4939149))
	  ->  Bitmap Index Scan on k_7  (cost=0.00..5.40 rows=97 width=0)
	        Index Cond: ((k >= 4939049) AND (k <= 4939149))

table 8 : explain SELECT k, c FROM sbtest8 WHERE k BETWEEN 4939049 AND 4939149
	Bitmap Heap Scan on sbtest8  (cost=5.47..405.13 rows=101 width=125)
	  Recheck Cond: ((k >= 4939049) AND (k <= 4939149))
	  ->  Bitmap Index Scan on k_8  (cost=0.00..5.44 rows=101 width=0)
	        Index Cond: ((k >= 4939049) AND (k <= 4939149))

explain: for range-notcovered :: explain SELECT k, c FROM sbtest%d WHERE k BETWEEN 1977731 AND 1977831
explain: for range-notcovered :: explain SELECT k, c FROM sbtest%d WHERE k BETWEEN 4939049 AND 4939149
for range-notcovered
table 1 : explain SELECT k, c FROM sbtest1 WHERE k BETWEEN 1933430 AND 1933530
	Bitmap Heap Scan on sbtest1  (cost=5.41..381.49 rows=95 width=125)
	  Recheck Cond: ((k >= 1933430) AND (k <= 1933530))
	  ->  Bitmap Index Scan on k_1  (cost=0.00..5.38 rows=95 width=0)
	        Index Cond: ((k >= 1933430) AND (k <= 1933530))

table 2 : explain SELECT k, c FROM sbtest2 WHERE k BETWEEN 1933430 AND 1933530
	Bitmap Heap Scan on sbtest2  (cost=5.47..405.13 rows=101 width=125)
	  Recheck Cond: ((k >= 1933430) AND (k <= 1933530))
	  ->  Bitmap Index Scan on k_2  (cost=0.00..5.44 rows=101 width=0)
	        Index Cond: ((k >= 1933430) AND (k <= 1933530))

table 3 : explain SELECT k, c FROM sbtest3 WHERE k BETWEEN 1933430 AND 1933530
	Bitmap Heap Scan on sbtest3  (cost=5.52..424.81 rows=106 width=125)
	  Recheck Cond: ((k >= 1933430) AND (k <= 1933530))
	  ->  Bitmap Index Scan on k_3  (cost=0.00..5.50 rows=106 width=0)
	        Index Cond: ((k >= 1933430) AND (k <= 1933530))

table 4 : explain SELECT k, c FROM sbtest4 WHERE k BETWEEN 1933430 AND 1933530
	Bitmap Heap Scan on sbtest4  (cost=5.46..401.19 rows=100 width=125)
	  Recheck Cond: ((k >= 1933430) AND (k <= 1933530))
	  ->  Bitmap Index Scan on k_4  (cost=0.00..5.43 rows=100 width=0)
	        Index Cond: ((k >= 1933430) AND (k <= 1933530))

table 5 : explain SELECT k, c FROM sbtest5 WHERE k BETWEEN 1933430 AND 1933530
	Bitmap Heap Scan on sbtest5  (cost=5.48..409.07 rows=102 width=125)
	  Recheck Cond: ((k >= 1933430) AND (k <= 1933530))
	  ->  Bitmap Index Scan on k_5  (cost=0.00..5.45 rows=102 width=0)
	        Index Cond: ((k >= 1933430) AND (k <= 1933530))

table 6 : explain SELECT k, c FROM sbtest6 WHERE k BETWEEN 1933430 AND 1933530
	Bitmap Heap Scan on sbtest6  (cost=5.45..397.25 rows=99 width=125)
	  Recheck Cond: ((k >= 1933430) AND (k <= 1933530))
	  ->  Bitmap Index Scan on k_6  (cost=0.00..5.42 rows=99 width=0)
	        Index Cond: ((k >= 1933430) AND (k <= 1933530))

table 7 : explain SELECT k, c FROM sbtest7 WHERE k BETWEEN 1933430 AND 1933530
	Bitmap Heap Scan on sbtest7  (cost=5.48..409.07 rows=102 width=125)
	  Recheck Cond: ((k >= 1933430) AND (k <= 1933530))
	  ->  Bitmap Index Scan on k_7  (cost=0.00..5.45 rows=102 width=0)
	        Index Cond: ((k >= 1933430) AND (k <= 1933530))

table 8 : explain SELECT k, c FROM sbtest8 WHERE k BETWEEN 1933430 AND 1933530
	Bitmap Heap Scan on sbtest8  (cost=5.47..405.13 rows=101 width=125)
	  Recheck Cond: ((k >= 1933430) AND (k <= 1933530))
	  ->  Bitmap Index Scan on k_8  (cost=0.00..5.44 rows=101 width=0)
	        Index Cond: ((k >= 1933430) AND (k <= 1933530))

for range-notcovered
table 1 : explain SELECT k, c FROM sbtest1 WHERE k BETWEEN 6241459 AND 6241559
	Bitmap Heap Scan on sbtest1  (cost=5.54..432.69 rows=108 width=125)
	  Recheck Cond: ((k >= 6241459) AND (k <= 6241559))
	  ->  Bitmap Index Scan on k_1  (cost=0.00..5.51 rows=108 width=0)
	        Index Cond: ((k >= 6241459) AND (k <= 6241559))

table 2 : explain SELECT k, c FROM sbtest2 WHERE k BETWEEN 6241459 AND 6241559
	Bitmap Heap Scan on sbtest2  (cost=5.44..393.31 rows=98 width=125)
	  Recheck Cond: ((k >= 6241459) AND (k <= 6241559))
	  ->  Bitmap Index Scan on k_2  (cost=0.00..5.42 rows=98 width=0)
	        Index Cond: ((k >= 6241459) AND (k <= 6241559))

table 3 : explain SELECT k, c FROM sbtest3 WHERE k BETWEEN 6241459 AND 6241559
	Bitmap Heap Scan on sbtest3  (cost=5.56..440.56 rows=110 width=125)
	  Recheck Cond: ((k >= 6241459) AND (k <= 6241559))
	  ->  Bitmap Index Scan on k_3  (cost=0.00..5.53 rows=110 width=0)
	        Index Cond: ((k >= 6241459) AND (k <= 6241559))

table 4 : explain SELECT k, c FROM sbtest4 WHERE k BETWEEN 6241459 AND 6241559
	Bitmap Heap Scan on sbtest4  (cost=5.48..409.07 rows=102 width=125)
	  Recheck Cond: ((k >= 6241459) AND (k <= 6241559))
	  ->  Bitmap Index Scan on k_4  (cost=0.00..5.45 rows=102 width=0)
	        Index Cond: ((k >= 6241459) AND (k <= 6241559))

table 5 : explain SELECT k, c FROM sbtest5 WHERE k BETWEEN 6241459 AND 6241559
	Bitmap Heap Scan on sbtest5  (cost=5.50..416.94 rows=104 width=125)
	  Recheck Cond: ((k >= 6241459) AND (k <= 6241559))
	  ->  Bitmap Index Scan on k_5  (cost=0.00..5.47 rows=104 width=0)
	        Index Cond: ((k >= 6241459) AND (k <= 6241559))

table 6 : explain SELECT k, c FROM sbtest6 WHERE k BETWEEN 6241459 AND 6241559
	Bitmap Heap Scan on sbtest6  (cost=5.48..409.07 rows=102 width=125)
	  Recheck Cond: ((k >= 6241459) AND (k <= 6241559))
	  ->  Bitmap Index Scan on k_6  (cost=0.00..5.45 rows=102 width=0)
	        Index Cond: ((k >= 6241459) AND (k <= 6241559))

table 7 : explain SELECT k, c FROM sbtest7 WHERE k BETWEEN 6241459 AND 6241559
	Bitmap Heap Scan on sbtest7  (cost=5.52..424.81 rows=106 width=125)
	  Recheck Cond: ((k >= 6241459) AND (k <= 6241559))
	  ->  Bitmap Index Scan on k_7  (cost=0.00..5.50 rows=106 width=0)
	        Index Cond: ((k >= 6241459) AND (k <= 6241559))

table 8 : explain SELECT k, c FROM sbtest8 WHERE k BETWEEN 6241459 AND 6241559
	Bitmap Heap Scan on sbtest8  (cost=5.47..405.13 rows=101 width=125)
	  Recheck Cond: ((k >= 6241459) AND (k <= 6241559))
	  ->  Bitmap Index Scan on k_8  (cost=0.00..5.44 rows=101 width=0)
	        Index Cond: ((k >= 6241459) AND (k <= 6241559))

explain: for range-notcovered :: explain SELECT k, c FROM sbtest%d WHERE k BETWEEN 3721524 AND 3721624
explain: for range-notcovered :: explain SELECT k, c FROM sbtest%d WHERE k BETWEEN 1933430 AND 1933530
for range-notcovered
table 1 : explain SELECT k, c FROM sbtest1 WHERE k BETWEEN 3709607 AND 3709707
	Bitmap Heap Scan on sbtest1  (cost=5.50..416.94 rows=104 width=125)
	  Recheck Cond: ((k >= 3709607) AND (k <= 3709707))
	  ->  Bitmap Index Scan on k_1  (cost=0.00..5.47 rows=104 width=0)
	        Index Cond: ((k >= 3709607) AND (k <= 3709707))

table 2 : explain SELECT k, c FROM sbtest2 WHERE k BETWEEN 3709607 AND 3709707
	Bitmap Heap Scan on sbtest2  (cost=5.48..409.07 rows=102 width=125)
	  Recheck Cond: ((k >= 3709607) AND (k <= 3709707))
	  ->  Bitmap Index Scan on k_2  (cost=0.00..5.45 rows=102 width=0)
	        Index Cond: ((k >= 3709607) AND (k <= 3709707))

table 3 : explain SELECT k, c FROM sbtest3 WHERE k BETWEEN 3709607 AND 3709707
	Bitmap Heap Scan on sbtest3  (cost=5.37..365.72 rows=91 width=125)
	  Recheck Cond: ((k >= 3709607) AND (k <= 3709707))
	  ->  Bitmap Index Scan on k_3  (cost=0.00..5.34 rows=91 width=0)
	        Index Cond: ((k >= 3709607) AND (k <= 3709707))

table 4 : explain SELECT k, c FROM sbtest4 WHERE k BETWEEN 3709607 AND 3709707
	Bitmap Heap Scan on sbtest4  (cost=5.47..405.13 rows=101 width=125)
	  Recheck Cond: ((k >= 3709607) AND (k <= 3709707))
	  ->  Bitmap Index Scan on k_4  (cost=0.00..5.44 rows=101 width=0)
	        Index Cond: ((k >= 3709607) AND (k <= 3709707))

table 5 : explain SELECT k, c FROM sbtest5 WHERE k BETWEEN 3709607 AND 3709707
	Bitmap Heap Scan on sbtest5  (cost=5.44..393.31 rows=98 width=125)
	  Recheck Cond: ((k >= 3709607) AND (k <= 3709707))
	  ->  Bitmap Index Scan on k_5  (cost=0.00..5.42 rows=98 width=0)
	        Index Cond: ((k >= 3709607) AND (k <= 3709707))

table 6 : explain SELECT k, c FROM sbtest6 WHERE k BETWEEN 3709607 AND 3709707
	Bitmap Heap Scan on sbtest6  (cost=5.51..420.88 rows=105 width=125)
	  Recheck Cond: ((k >= 3709607) AND (k <= 3709707))
	  ->  Bitmap Index Scan on k_6  (cost=0.00..5.48 rows=105 width=0)
	        Index Cond: ((k >= 3709607) AND (k <= 3709707))

table 7 : explain SELECT k, c FROM sbtest7 WHERE k BETWEEN 3709607 AND 3709707
	Bitmap Heap Scan on sbtest7  (cost=5.48..409.07 rows=102 width=125)
	  Recheck Cond: ((k >= 3709607) AND (k <= 3709707))
	  ->  Bitmap Index Scan on k_7  (cost=0.00..5.45 rows=102 width=0)
	        Index Cond: ((k >= 3709607) AND (k <= 3709707))

table 8 : explain SELECT k, c FROM sbtest8 WHERE k BETWEEN 3709607 AND 3709707
	Bitmap Heap Scan on sbtest8  (cost=5.55..436.62 rows=109 width=125)
	  Recheck Cond: ((k >= 3709607) AND (k <= 3709707))
	  ->  Bitmap Index Scan on k_8  (cost=0.00..5.52 rows=109 width=0)
	        Index Cond: ((k >= 3709607) AND (k <= 3709707))

explain: for range-notcovered :: explain SELECT k, c FROM sbtest%d WHERE k BETWEEN 3709607 AND 3709707
for range-notcovered
table 1 : explain SELECT k, c FROM sbtest1 WHERE k BETWEEN 3136397 AND 3136497
	Bitmap Heap Scan on sbtest1  (cost=5.44..393.31 rows=98 width=125)
	  Recheck Cond: ((k >= 3136397) AND (k <= 3136497))
	  ->  Bitmap Index Scan on k_1  (cost=0.00..5.42 rows=98 width=0)
	        Index Cond: ((k >= 3136397) AND (k <= 3136497))

table 2 : explain SELECT k, c FROM sbtest2 WHERE k BETWEEN 3136397 AND 3136497
	Bitmap Heap Scan on sbtest2  (cost=5.47..405.13 rows=101 width=125)
	  Recheck Cond: ((k >= 3136397) AND (k <= 3136497))
	  ->  Bitmap Index Scan on k_2  (cost=0.00..5.44 rows=101 width=0)
	        Index Cond: ((k >= 3136397) AND (k <= 3136497))

table 3 : explain SELECT k, c FROM sbtest3 WHERE k BETWEEN 3136397 AND 3136497
	Bitmap Heap Scan on sbtest3  (cost=5.51..420.88 rows=105 width=125)
	  Recheck Cond: ((k >= 3136397) AND (k <= 3136497))
	  ->  Bitmap Index Scan on k_3  (cost=0.00..5.48 rows=105 width=0)
	        Index Cond: ((k >= 3136397) AND (k <= 3136497))

table 4 : explain SELECT k, c FROM sbtest4 WHERE k BETWEEN 3136397 AND 3136497
	Bitmap Heap Scan on sbtest4  (cost=5.49..413.00 rows=103 width=125)
	  Recheck Cond: ((k >= 3136397) AND (k <= 3136497))
	  ->  Bitmap Index Scan on k_4  (cost=0.00..5.46 rows=103 width=0)
	        Index Cond: ((k >= 3136397) AND (k <= 3136497))

table 5 : explain SELECT k, c FROM sbtest5 WHERE k BETWEEN 3136397 AND 3136497
	Bitmap Heap Scan on sbtest5  (cost=5.47..405.13 rows=101 width=125)
	  Recheck Cond: ((k >= 3136397) AND (k <= 3136497))
	  ->  Bitmap Index Scan on k_5  (cost=0.00..5.44 rows=101 width=0)
	        Index Cond: ((k >= 3136397) AND (k <= 3136497))

table 6 : explain SELECT k, c FROM sbtest6 WHERE k BETWEEN 3136397 AND 3136497
	Bitmap Heap Scan on sbtest6  (cost=5.48..409.07 rows=102 width=125)
	  Recheck Cond: ((k >= 3136397) AND (k <= 3136497))
	  ->  Bitmap Index Scan on k_6  (cost=0.00..5.45 rows=102 width=0)
	        Index Cond: ((k >= 3136397) AND (k <= 3136497))

table 7 : explain SELECT k, c FROM sbtest7 WHERE k BETWEEN 3136397 AND 3136497
	Bitmap Heap Scan on sbtest7  (cost=5.42..385.43 rows=96 width=125)
	  Recheck Cond: ((k >= 3136397) AND (k <= 3136497))
	  ->  Bitmap Index Scan on k_7  (cost=0.00..5.39 rows=96 width=0)
	        Index Cond: ((k >= 3136397) AND (k <= 3136497))

table 8 : explain SELECT k, c FROM sbtest8 WHERE k BETWEEN 3136397 AND 3136497
	Bitmap Heap Scan on sbtest8  (cost=5.44..393.31 rows=98 width=125)
	  Recheck Cond: ((k >= 3136397) AND (k <= 3136497))
	  ->  Bitmap Index Scan on k_8  (cost=0.00..5.42 rows=98 width=0)
	        Index Cond: ((k >= 3136397) AND (k <= 3136497))

for range-notcovered
table 1 : explain SELECT k, c FROM sbtest1 WHERE k BETWEEN 3709607 AND 3709707
	Bitmap Heap Scan on sbtest1  (cost=5.50..416.94 rows=104 width=125)
	  Recheck Cond: ((k >= 3709607) AND (k <= 3709707))
	  ->  Bitmap Index Scan on k_1  (cost=0.00..5.47 rows=104 width=0)
	        Index Cond: ((k >= 3709607) AND (k <= 3709707))

table 2 : explain SELECT k, c FROM sbtest2 WHERE k BETWEEN 3709607 AND 3709707
	Bitmap Heap Scan on sbtest2  (cost=5.48..409.07 rows=102 width=125)
	  Recheck Cond: ((k >= 3709607) AND (k <= 3709707))
	  ->  Bitmap Index Scan on k_2  (cost=0.00..5.45 rows=102 width=0)
	        Index Cond: ((k >= 3709607) AND (k <= 3709707))

table 3 : explain SELECT k, c FROM sbtest3 WHERE k BETWEEN 3709607 AND 3709707
	Bitmap Heap Scan on sbtest3  (cost=5.37..365.72 rows=91 width=125)
	  Recheck Cond: ((k >= 3709607) AND (k <= 3709707))
	  ->  Bitmap Index Scan on k_3  (cost=0.00..5.34 rows=91 width=0)
	        Index Cond: ((k >= 3709607) AND (k <= 3709707))

table 4 : explain SELECT k, c FROM sbtest4 WHERE k BETWEEN 3709607 AND 3709707
	Bitmap Heap Scan on sbtest4  (cost=5.47..405.13 rows=101 width=125)
	  Recheck Cond: ((k >= 3709607) AND (k <= 3709707))
	  ->  Bitmap Index Scan on k_4  (cost=0.00..5.44 rows=101 width=0)
	        Index Cond: ((k >= 3709607) AND (k <= 3709707))

table 5 : explain SELECT k, c FROM sbtest5 WHERE k BETWEEN 3709607 AND 3709707
	Bitmap Heap Scan on sbtest5  (cost=5.44..393.31 rows=98 width=125)
	  Recheck Cond: ((k >= 3709607) AND (k <= 3709707))
	  ->  Bitmap Index Scan on k_5  (cost=0.00..5.42 rows=98 width=0)
	        Index Cond: ((k >= 3709607) AND (k <= 3709707))

table 6 : explain SELECT k, c FROM sbtest6 WHERE k BETWEEN 3709607 AND 3709707
	Bitmap Heap Scan on sbtest6  (cost=5.51..420.88 rows=105 width=125)
	  Recheck Cond: ((k >= 3709607) AND (k <= 3709707))
	  ->  Bitmap Index Scan on k_6  (cost=0.00..5.48 rows=105 width=0)
	        Index Cond: ((k >= 3709607) AND (k <= 3709707))

table 7 : explain SELECT k, c FROM sbtest7 WHERE k BETWEEN 3709607 AND 3709707
	Bitmap Heap Scan on sbtest7  (cost=5.48..409.07 rows=102 width=125)
	  Recheck Cond: ((k >= 3709607) AND (k <= 3709707))
	  ->  Bitmap Index Scan on k_7  (cost=0.00..5.45 rows=102 width=0)
	        Index Cond: ((k >= 3709607) AND (k <= 3709707))

table 8 : explain SELECT k, c FROM sbtest8 WHERE k BETWEEN 3709607 AND 3709707
	Bitmap Heap Scan on sbtest8  (cost=5.55..436.62 rows=109 width=125)
	  Recheck Cond: ((k >= 3709607) AND (k <= 3709707))
	  ->  Bitmap Index Scan on k_8  (cost=0.00..5.52 rows=109 width=0)
	        Index Cond: ((k >= 3709607) AND (k <= 3709707))

explain: for range-notcovered :: explain SELECT k, c FROM sbtest%d WHERE k BETWEEN 4739637 AND 4739737
for range-notcovered
table 1 : explain SELECT k, c FROM sbtest1 WHERE k BETWEEN 1977731 AND 1977831
	Bitmap Heap Scan on sbtest1  (cost=5.47..405.13 rows=101 width=125)
	  Recheck Cond: ((k >= 1977731) AND (k <= 1977831))
	  ->  Bitmap Index Scan on k_1  (cost=0.00..5.44 rows=101 width=0)
	        Index Cond: ((k >= 1977731) AND (k <= 1977831))

table 2 : explain SELECT k, c FROM sbtest2 WHERE k BETWEEN 1977731 AND 1977831
	Bitmap Heap Scan on sbtest2  (cost=5.47..405.13 rows=101 width=125)
	  Recheck Cond: ((k >= 1977731) AND (k <= 1977831))
	  ->  Bitmap Index Scan on k_2  (cost=0.00..5.44 rows=101 width=0)
	        Index Cond: ((k >= 1977731) AND (k <= 1977831))

table 3 : explain SELECT k, c FROM sbtest3 WHERE k BETWEEN 1977731 AND 1977831
	Bitmap Heap Scan on sbtest3  (cost=5.52..424.81 rows=106 width=125)
	  Recheck Cond: ((k >= 1977731) AND (k <= 1977831))
	  ->  Bitmap Index Scan on k_3  (cost=0.00..5.50 rows=106 width=0)
	        Index Cond: ((k >= 1977731) AND (k <= 1977831))

table 4 : explain SELECT k, c FROM sbtest4 WHERE k BETWEEN 1977731 AND 1977831
	Bitmap Heap Scan on sbtest4  (cost=5.46..401.19 rows=100 width=125)
	  Recheck Cond: ((k >= 1977731) AND (k <= 1977831))
	  ->  Bitmap Index Scan on k_4  (cost=0.00..5.43 rows=100 width=0)
	        Index Cond: ((k >= 1977731) AND (k <= 1977831))

table 5 : explain SELECT k, c FROM sbtest5 WHERE k BETWEEN 1977731 AND 1977831
	Bitmap Heap Scan on sbtest5  (cost=5.48..409.07 rows=102 width=125)
	  Recheck Cond: ((k >= 1977731) AND (k <= 1977831))
	  ->  Bitmap Index Scan on k_5  (cost=0.00..5.45 rows=102 width=0)
	        Index Cond: ((k >= 1977731) AND (k <= 1977831))

table 6 : explain SELECT k, c FROM sbtest6 WHERE k BETWEEN 1977731 AND 1977831
	Bitmap Heap Scan on sbtest6  (cost=5.45..397.25 rows=99 width=125)
	  Recheck Cond: ((k >= 1977731) AND (k <= 1977831))
	  ->  Bitmap Index Scan on k_6  (cost=0.00..5.42 rows=99 width=0)
	        Index Cond: ((k >= 1977731) AND (k <= 1977831))

table 7 : explain SELECT k, c FROM sbtest7 WHERE k BETWEEN 1977731 AND 1977831
	Bitmap Heap Scan on sbtest7  (cost=5.48..409.07 rows=102 width=125)
	  Recheck Cond: ((k >= 1977731) AND (k <= 1977831))
	  ->  Bitmap Index Scan on k_7  (cost=0.00..5.45 rows=102 width=0)
	        Index Cond: ((k >= 1977731) AND (k <= 1977831))

table 8 : explain SELECT k, c FROM sbtest8 WHERE k BETWEEN 1977731 AND 1977831
	Bitmap Heap Scan on sbtest8  (cost=5.47..405.13 rows=101 width=125)
	  Recheck Cond: ((k >= 1977731) AND (k <= 1977831))
	  ->  Bitmap Index Scan on k_8  (cost=0.00..5.44 rows=101 width=0)
	        Index Cond: ((k >= 1977731) AND (k <= 1977831))

explain: for range-notcovered :: explain SELECT k, c FROM sbtest%d WHERE k BETWEEN 3709607 AND 3709707
explain: for range-notcovered :: explain SELECT k, c FROM sbtest%d WHERE k BETWEEN 6241459 AND 6241559
for range-notcovered
table 1 : explain SELECT k, c FROM sbtest1 WHERE k BETWEEN 1933430 AND 1933530
	Bitmap Heap Scan on sbtest1  (cost=5.41..381.49 rows=95 width=125)
	  Recheck Cond: ((k >= 1933430) AND (k <= 1933530))
	  ->  Bitmap Index Scan on k_1  (cost=0.00..5.38 rows=95 width=0)
	        Index Cond: ((k >= 1933430) AND (k <= 1933530))

table 2 : explain SELECT k, c FROM sbtest2 WHERE k BETWEEN 1933430 AND 1933530
	Bitmap Heap Scan on sbtest2  (cost=5.47..405.13 rows=101 width=125)
	  Recheck Cond: ((k >= 1933430) AND (k <= 1933530))
	  ->  Bitmap Index Scan on k_2  (cost=0.00..5.44 rows=101 width=0)
	        Index Cond: ((k >= 1933430) AND (k <= 1933530))

table 3 : explain SELECT k, c FROM sbtest3 WHERE k BETWEEN 1933430 AND 1933530
	Bitmap Heap Scan on sbtest3  (cost=5.52..424.81 rows=106 width=125)
	  Recheck Cond: ((k >= 1933430) AND (k <= 1933530))
	  ->  Bitmap Index Scan on k_3  (cost=0.00..5.50 rows=106 width=0)
	        Index Cond: ((k >= 1933430) AND (k <= 1933530))

table 4 : explain SELECT k, c FROM sbtest4 WHERE k BETWEEN 1933430 AND 1933530
	Bitmap Heap Scan on sbtest4  (cost=5.46..401.19 rows=100 width=125)
	  Recheck Cond: ((k >= 1933430) AND (k <= 1933530))
	  ->  Bitmap Index Scan on k_4  (cost=0.00..5.43 rows=100 width=0)
	        Index Cond: ((k >= 1933430) AND (k <= 1933530))

table 5 : explain SELECT k, c FROM sbtest5 WHERE k BETWEEN 1933430 AND 1933530
	Bitmap Heap Scan on sbtest5  (cost=5.48..409.07 rows=102 width=125)
	  Recheck Cond: ((k >= 1933430) AND (k <= 1933530))
	  ->  Bitmap Index Scan on k_5  (cost=0.00..5.45 rows=102 width=0)
	        Index Cond: ((k >= 1933430) AND (k <= 1933530))

table 6 : explain SELECT k, c FROM sbtest6 WHERE k BETWEEN 1933430 AND 1933530
	Bitmap Heap Scan on sbtest6  (cost=5.45..397.25 rows=99 width=125)
	  Recheck Cond: ((k >= 1933430) AND (k <= 1933530))
	  ->  Bitmap Index Scan on k_6  (cost=0.00..5.42 rows=99 width=0)
	        Index Cond: ((k >= 1933430) AND (k <= 1933530))

table 7 : explain SELECT k, c FROM sbtest7 WHERE k BETWEEN 1933430 AND 1933530
	Bitmap Heap Scan on sbtest7  (cost=5.48..409.07 rows=102 width=125)
	  Recheck Cond: ((k >= 1933430) AND (k <= 1933530))
	  ->  Bitmap Index Scan on k_7  (cost=0.00..5.45 rows=102 width=0)
	        Index Cond: ((k >= 1933430) AND (k <= 1933530))

table 8 : explain SELECT k, c FROM sbtest8 WHERE k BETWEEN 1933430 AND 1933530
	Bitmap Heap Scan on sbtest8  (cost=5.47..405.13 rows=101 width=125)
	  Recheck Cond: ((k >= 1933430) AND (k <= 1933530))
	  ->  Bitmap Index Scan on k_8  (cost=0.00..5.44 rows=101 width=0)
	        Index Cond: ((k >= 1933430) AND (k <= 1933530))

explain: for range-notcovered :: explain SELECT k, c FROM sbtest%d WHERE k BETWEEN 1933430 AND 1933530
for range-notcovered
table 1 : explain SELECT k, c FROM sbtest1 WHERE k BETWEEN 3709607 AND 3709707
	Bitmap Heap Scan on sbtest1  (cost=5.50..416.94 rows=104 width=125)
	  Recheck Cond: ((k >= 3709607) AND (k <= 3709707))
	  ->  Bitmap Index Scan on k_1  (cost=0.00..5.47 rows=104 width=0)
	        Index Cond: ((k >= 3709607) AND (k <= 3709707))

table 2 : explain SELECT k, c FROM sbtest2 WHERE k BETWEEN 3709607 AND 3709707
	Bitmap Heap Scan on sbtest2  (cost=5.48..409.07 rows=102 width=125)
	  Recheck Cond: ((k >= 3709607) AND (k <= 3709707))
	  ->  Bitmap Index Scan on k_2  (cost=0.00..5.45 rows=102 width=0)
	        Index Cond: ((k >= 3709607) AND (k <= 3709707))

table 3 : explain SELECT k, c FROM sbtest3 WHERE k BETWEEN 3709607 AND 3709707
	Bitmap Heap Scan on sbtest3  (cost=5.37..365.72 rows=91 width=125)
	  Recheck Cond: ((k >= 3709607) AND (k <= 3709707))
	  ->  Bitmap Index Scan on k_3  (cost=0.00..5.34 rows=91 width=0)
	        Index Cond: ((k >= 3709607) AND (k <= 3709707))

table 4 : explain SELECT k, c FROM sbtest4 WHERE k BETWEEN 3709607 AND 3709707
	Bitmap Heap Scan on sbtest4  (cost=5.47..405.13 rows=101 width=125)
	  Recheck Cond: ((k >= 3709607) AND (k <= 3709707))
	  ->  Bitmap Index Scan on k_4  (cost=0.00..5.44 rows=101 width=0)
	        Index Cond: ((k >= 3709607) AND (k <= 3709707))

table 5 : explain SELECT k, c FROM sbtest5 WHERE k BETWEEN 3709607 AND 3709707
	Bitmap Heap Scan on sbtest5  (cost=5.44..393.31 rows=98 width=125)
	  Recheck Cond: ((k >= 3709607) AND (k <= 3709707))
	  ->  Bitmap Index Scan on k_5  (cost=0.00..5.42 rows=98 width=0)
	        Index Cond: ((k >= 3709607) AND (k <= 3709707))

table 6 : explain SELECT k, c FROM sbtest6 WHERE k BETWEEN 3709607 AND 3709707
	Bitmap Heap Scan on sbtest6  (cost=5.51..420.88 rows=105 width=125)
	  Recheck Cond: ((k >= 3709607) AND (k <= 3709707))
	  ->  Bitmap Index Scan on k_6  (cost=0.00..5.48 rows=105 width=0)
	        Index Cond: ((k >= 3709607) AND (k <= 3709707))

table 7 : explain SELECT k, c FROM sbtest7 WHERE k BETWEEN 3709607 AND 3709707
	Bitmap Heap Scan on sbtest7  (cost=5.48..409.07 rows=102 width=125)
	  Recheck Cond: ((k >= 3709607) AND (k <= 3709707))
	  ->  Bitmap Index Scan on k_7  (cost=0.00..5.45 rows=102 width=0)
	        Index Cond: ((k >= 3709607) AND (k <= 3709707))

table 8 : explain SELECT k, c FROM sbtest8 WHERE k BETWEEN 3709607 AND 3709707
	Bitmap Heap Scan on sbtest8  (cost=5.55..436.62 rows=109 width=125)
	  Recheck Cond: ((k >= 3709607) AND (k <= 3709707))
	  ->  Bitmap Index Scan on k_8  (cost=0.00..5.52 rows=109 width=0)
	        Index Cond: ((k >= 3709607) AND (k <= 3709707))

explain: for range-notcovered :: explain SELECT k, c FROM sbtest%d WHERE k BETWEEN 1977731 AND 1977831
for range-notcovered
table 1 : explain SELECT k, c FROM sbtest1 WHERE k BETWEEN 4763961 AND 4764061
	Bitmap Heap Scan on sbtest1  (cost=5.50..416.94 rows=104 width=125)
	  Recheck Cond: ((k >= 4763961) AND (k <= 4764061))
	  ->  Bitmap Index Scan on k_1  (cost=0.00..5.47 rows=104 width=0)
	        Index Cond: ((k >= 4763961) AND (k <= 4764061))

table 2 : explain SELECT k, c FROM sbtest2 WHERE k BETWEEN 4763961 AND 4764061
	Bitmap Heap Scan on sbtest2  (cost=5.55..436.62 rows=109 width=125)
	  Recheck Cond: ((k >= 4763961) AND (k <= 4764061))
	  ->  Bitmap Index Scan on k_2  (cost=0.00..5.52 rows=109 width=0)
	        Index Cond: ((k >= 4763961) AND (k <= 4764061))

table 3 : explain SELECT k, c FROM sbtest3 WHERE k BETWEEN 4763961 AND 4764061
	Bitmap Heap Scan on sbtest3  (cost=5.53..428.75 rows=107 width=125)
	  Recheck Cond: ((k >= 4763961) AND (k <= 4764061))
	  ->  Bitmap Index Scan on k_3  (cost=0.00..5.50 rows=107 width=0)
	        Index Cond: ((k >= 4763961) AND (k <= 4764061))

table 4 : explain SELECT k, c FROM sbtest4 WHERE k BETWEEN 4763961 AND 4764061
	Bitmap Heap Scan on sbtest4  (cost=5.47..405.13 rows=101 width=125)
	  Recheck Cond: ((k >= 4763961) AND (k <= 4764061))
	  ->  Bitmap Index Scan on k_4  (cost=0.00..5.44 rows=101 width=0)
	        Index Cond: ((k >= 4763961) AND (k <= 4764061))

table 5 : explain SELECT k, c FROM sbtest5 WHERE k BETWEEN 4763961 AND 4764061
	Bitmap Heap Scan on sbtest5  (cost=5.52..424.81 rows=106 width=125)
	  Recheck Cond: ((k >= 4763961) AND (k <= 4764061))
	  ->  Bitmap Index Scan on k_5  (cost=0.00..5.50 rows=106 width=0)
	        Index Cond: ((k >= 4763961) AND (k <= 4764061))

table 6 : explain SELECT k, c FROM sbtest6 WHERE k BETWEEN 4763961 AND 4764061
	Bitmap Heap Scan on sbtest6  (cost=5.48..409.07 rows=102 width=125)
	  Recheck Cond: ((k >= 4763961) AND (k <= 4764061))
	  ->  Bitmap Index Scan on k_6  (cost=0.00..5.45 rows=102 width=0)
	        Index Cond: ((k >= 4763961) AND (k <= 4764061))

table 7 : explain SELECT k, c FROM sbtest7 WHERE k BETWEEN 4763961 AND 4764061
	Bitmap Heap Scan on sbtest7  (cost=5.38..369.67 rows=92 width=125)
	  Recheck Cond: ((k >= 4763961) AND (k <= 4764061))
	  ->  Bitmap Index Scan on k_7  (cost=0.00..5.35 rows=92 width=0)
	        Index Cond: ((k >= 4763961) AND (k <= 4764061))

table 8 : explain SELECT k, c FROM sbtest8 WHERE k BETWEEN 4763961 AND 4764061
	Bitmap Heap Scan on sbtest8  (cost=5.39..373.61 rows=93 width=125)
	  Recheck Cond: ((k >= 4763961) AND (k <= 4764061))
	  ->  Bitmap Index Scan on k_8  (cost=0.00..5.36 rows=93 width=0)
	        Index Cond: ((k >= 4763961) AND (k <= 4764061))

for range-notcovered
table 1 : explain SELECT k, c FROM sbtest1 WHERE k BETWEEN 5060120 AND 5060220
	Bitmap Heap Scan on sbtest1  (cost=5.51..420.88 rows=105 width=125)
	  Recheck Cond: ((k >= 5060120) AND (k <= 5060220))
	  ->  Bitmap Index Scan on k_1  (cost=0.00..5.48 rows=105 width=0)
	        Index Cond: ((k >= 5060120) AND (k <= 5060220))

table 2 : explain SELECT k, c FROM sbtest2 WHERE k BETWEEN 5060120 AND 5060220
	Bitmap Heap Scan on sbtest2  (cost=5.44..393.31 rows=98 width=125)
	  Recheck Cond: ((k >= 5060120) AND (k <= 5060220))
	  ->  Bitmap Index Scan on k_2  (cost=0.00..5.42 rows=98 width=0)
	        Index Cond: ((k >= 5060120) AND (k <= 5060220))

table 3 : explain SELECT k, c FROM sbtest3 WHERE k BETWEEN 5060120 AND 5060220
	Bitmap Heap Scan on sbtest3  (cost=5.60..456.29 rows=114 width=125)
	  Recheck Cond: ((k >= 5060120) AND (k <= 5060220))
	  ->  Bitmap Index Scan on k_3  (cost=0.00..5.58 rows=114 width=0)
	        Index Cond: ((k >= 5060120) AND (k <= 5060220))

table 4 : explain SELECT k, c FROM sbtest4 WHERE k BETWEEN 5060120 AND 5060220
	Bitmap Heap Scan on sbtest4  (cost=5.37..365.72 rows=91 width=125)
	  Recheck Cond: ((k >= 5060120) AND (k <= 5060220))
	  ->  Bitmap Index Scan on k_4  (cost=0.00..5.34 rows=91 width=0)
	        Index Cond: ((k >= 5060120) AND (k <= 5060220))

table 5 : explain SELECT k, c FROM sbtest5 WHERE k BETWEEN 5060120 AND 5060220
	Bitmap Heap Scan on sbtest5  (cost=5.36..361.78 rows=90 width=125)
	  Recheck Cond: ((k >= 5060120) AND (k <= 5060220))
	  ->  Bitmap Index Scan on k_5  (cost=0.00..5.33 rows=90 width=0)
	        Index Cond: ((k >= 5060120) AND (k <= 5060220))

table 6 : explain SELECT k, c FROM sbtest6 WHERE k BETWEEN 5060120 AND 5060220
	Bitmap Heap Scan on sbtest6  (cost=5.45..397.25 rows=99 width=125)
	  Recheck Cond: ((k >= 5060120) AND (k <= 5060220))
	  ->  Bitmap Index Scan on k_6  (cost=0.00..5.42 rows=99 width=0)
	        Index Cond: ((k >= 5060120) AND (k <= 5060220))

table 7 : explain SELECT k, c FROM sbtest7 WHERE k BETWEEN 5060120 AND 5060220
	Bitmap Heap Scan on sbtest7  (cost=5.50..416.94 rows=104 width=125)
	  Recheck Cond: ((k >= 5060120) AND (k <= 5060220))
	  ->  Bitmap Index Scan on k_7  (cost=0.00..5.47 rows=104 width=0)
	        Index Cond: ((k >= 5060120) AND (k <= 5060220))

table 8 : explain SELECT k, c FROM sbtest8 WHERE k BETWEEN 5060120 AND 5060220
	Bitmap Heap Scan on sbtest8  (cost=5.53..428.75 rows=107 width=125)
	  Recheck Cond: ((k >= 5060120) AND (k <= 5060220))
	  ->  Bitmap Index Scan on k_8  (cost=0.00..5.50 rows=107 width=0)
	        Index Cond: ((k >= 5060120) AND (k <= 5060220))

explain: for range-notcovered :: explain SELECT k, c FROM sbtest%d WHERE k BETWEEN 5060120 AND 5060220
explain: for range-notcovered :: explain SELECT k, c FROM sbtest%d WHERE k BETWEEN 7658495 AND 7658595
for range-notcovered
table 1 : explain SELECT k, c FROM sbtest1 WHERE k BETWEEN 6241459 AND 6241559
	Bitmap Heap Scan on sbtest1  (cost=5.54..432.69 rows=108 width=125)
	  Recheck Cond: ((k >= 6241459) AND (k <= 6241559))
	  ->  Bitmap Index Scan on k_1  (cost=0.00..5.51 rows=108 width=0)
	        Index Cond: ((k >= 6241459) AND (k <= 6241559))

table 2 : explain SELECT k, c FROM sbtest2 WHERE k BETWEEN 6241459 AND 6241559
	Bitmap Heap Scan on sbtest2  (cost=5.44..393.31 rows=98 width=125)
	  Recheck Cond: ((k >= 6241459) AND (k <= 6241559))
	  ->  Bitmap Index Scan on k_2  (cost=0.00..5.42 rows=98 width=0)
	        Index Cond: ((k >= 6241459) AND (k <= 6241559))

table 3 : explain SELECT k, c FROM sbtest3 WHERE k BETWEEN 6241459 AND 6241559
	Bitmap Heap Scan on sbtest3  (cost=5.56..440.56 rows=110 width=125)
	  Recheck Cond: ((k >= 6241459) AND (k <= 6241559))
	  ->  Bitmap Index Scan on k_3  (cost=0.00..5.53 rows=110 width=0)
	        Index Cond: ((k >= 6241459) AND (k <= 6241559))

table 4 : explain SELECT k, c FROM sbtest4 WHERE k BETWEEN 6241459 AND 6241559
	Bitmap Heap Scan on sbtest4  (cost=5.48..409.07 rows=102 width=125)
	  Recheck Cond: ((k >= 6241459) AND (k <= 6241559))
	  ->  Bitmap Index Scan on k_4  (cost=0.00..5.45 rows=102 width=0)
	        Index Cond: ((k >= 6241459) AND (k <= 6241559))

table 5 : explain SELECT k, c FROM sbtest5 WHERE k BETWEEN 6241459 AND 6241559
	Bitmap Heap Scan on sbtest5  (cost=5.50..416.94 rows=104 width=125)
	  Recheck Cond: ((k >= 6241459) AND (k <= 6241559))
	  ->  Bitmap Index Scan on k_5  (cost=0.00..5.47 rows=104 width=0)
	        Index Cond: ((k >= 6241459) AND (k <= 6241559))

table 6 : explain SELECT k, c FROM sbtest6 WHERE k BETWEEN 6241459 AND 6241559
	Bitmap Heap Scan on sbtest6  (cost=5.48..409.07 rows=102 width=125)
	  Recheck Cond: ((k >= 6241459) AND (k <= 6241559))
	  ->  Bitmap Index Scan on k_6  (cost=0.00..5.45 rows=102 width=0)
	        Index Cond: ((k >= 6241459) AND (k <= 6241559))

table 7 : explain SELECT k, c FROM sbtest7 WHERE k BETWEEN 6241459 AND 6241559
	Bitmap Heap Scan on sbtest7  (cost=5.52..424.81 rows=106 width=125)
	  Recheck Cond: ((k >= 6241459) AND (k <= 6241559))
	  ->  Bitmap Index Scan on k_7  (cost=0.00..5.50 rows=106 width=0)
	        Index Cond: ((k >= 6241459) AND (k <= 6241559))

table 8 : explain SELECT k, c FROM sbtest8 WHERE k BETWEEN 6241459 AND 6241559
	Bitmap Heap Scan on sbtest8  (cost=5.47..405.13 rows=101 width=125)
	  Recheck Cond: ((k >= 6241459) AND (k <= 6241559))
	  ->  Bitmap Index Scan on k_8  (cost=0.00..5.44 rows=101 width=0)
	        Index Cond: ((k >= 6241459) AND (k <= 6241559))

explain: for range-notcovered :: explain SELECT k, c FROM sbtest%d WHERE k BETWEEN 6241459 AND 6241559
explain: for range-notcovered :: explain SELECT k, c FROM sbtest%d WHERE k BETWEEN 3136397 AND 3136497
for range-notcovered
table 1 : explain SELECT k, c FROM sbtest1 WHERE k BETWEEN 5060120 AND 5060220
	Bitmap Heap Scan on sbtest1  (cost=5.51..420.88 rows=105 width=125)
	  Recheck Cond: ((k >= 5060120) AND (k <= 5060220))
	  ->  Bitmap Index Scan on k_1  (cost=0.00..5.48 rows=105 width=0)
	        Index Cond: ((k >= 5060120) AND (k <= 5060220))

table 2 : explain SELECT k, c FROM sbtest2 WHERE k BETWEEN 5060120 AND 5060220
	Bitmap Heap Scan on sbtest2  (cost=5.44..393.31 rows=98 width=125)
	  Recheck Cond: ((k >= 5060120) AND (k <= 5060220))
	  ->  Bitmap Index Scan on k_2  (cost=0.00..5.42 rows=98 width=0)
	        Index Cond: ((k >= 5060120) AND (k <= 5060220))

table 3 : explain SELECT k, c FROM sbtest3 WHERE k BETWEEN 5060120 AND 5060220
	Bitmap Heap Scan on sbtest3  (cost=5.60..456.29 rows=114 width=125)
	  Recheck Cond: ((k >= 5060120) AND (k <= 5060220))
	  ->  Bitmap Index Scan on k_3  (cost=0.00..5.58 rows=114 width=0)
	        Index Cond: ((k >= 5060120) AND (k <= 5060220))

table 4 : explain SELECT k, c FROM sbtest4 WHERE k BETWEEN 5060120 AND 5060220
	Bitmap Heap Scan on sbtest4  (cost=5.37..365.72 rows=91 width=125)
	  Recheck Cond: ((k >= 5060120) AND (k <= 5060220))
	  ->  Bitmap Index Scan on k_4  (cost=0.00..5.34 rows=91 width=0)
	        Index Cond: ((k >= 5060120) AND (k <= 5060220))

table 5 : explain SELECT k, c FROM sbtest5 WHERE k BETWEEN 5060120 AND 5060220
	Bitmap Heap Scan on sbtest5  (cost=5.36..361.78 rows=90 width=125)
	  Recheck Cond: ((k >= 5060120) AND (k <= 5060220))
	  ->  Bitmap Index Scan on k_5  (cost=0.00..5.33 rows=90 width=0)
	        Index Cond: ((k >= 5060120) AND (k <= 5060220))

table 6 : explain SELECT k, c FROM sbtest6 WHERE k BETWEEN 5060120 AND 5060220
	Bitmap Heap Scan on sbtest6  (cost=5.45..397.25 rows=99 width=125)
	  Recheck Cond: ((k >= 5060120) AND (k <= 5060220))
	  ->  Bitmap Index Scan on k_6  (cost=0.00..5.42 rows=99 width=0)
	        Index Cond: ((k >= 5060120) AND (k <= 5060220))

table 7 : explain SELECT k, c FROM sbtest7 WHERE k BETWEEN 5060120 AND 5060220
	Bitmap Heap Scan on sbtest7  (cost=5.50..416.94 rows=104 width=125)
	  Recheck Cond: ((k >= 5060120) AND (k <= 5060220))
	  ->  Bitmap Index Scan on k_7  (cost=0.00..5.47 rows=104 width=0)
	        Index Cond: ((k >= 5060120) AND (k <= 5060220))

table 8 : explain SELECT k, c FROM sbtest8 WHERE k BETWEEN 5060120 AND 5060220
	Bitmap Heap Scan on sbtest8  (cost=5.53..428.75 rows=107 width=125)
	  Recheck Cond: ((k >= 5060120) AND (k <= 5060220))
	  ->  Bitmap Index Scan on k_8  (cost=0.00..5.50 rows=107 width=0)
	        Index Cond: ((k >= 5060120) AND (k <= 5060220))

explain: for range-notcovered :: explain SELECT k, c FROM sbtest%d WHERE k BETWEEN 5060120 AND 5060220
for range-notcovered
table 1 : explain SELECT k, c FROM sbtest1 WHERE k BETWEEN 6241459 AND 6241559
	Bitmap Heap Scan on sbtest1  (cost=5.54..432.69 rows=108 width=125)
	  Recheck Cond: ((k >= 6241459) AND (k <= 6241559))
	  ->  Bitmap Index Scan on k_1  (cost=0.00..5.51 rows=108 width=0)
	        Index Cond: ((k >= 6241459) AND (k <= 6241559))

table 2 : explain SELECT k, c FROM sbtest2 WHERE k BETWEEN 6241459 AND 6241559
	Bitmap Heap Scan on sbtest2  (cost=5.44..393.31 rows=98 width=125)
	  Recheck Cond: ((k >= 6241459) AND (k <= 6241559))
	  ->  Bitmap Index Scan on k_2  (cost=0.00..5.42 rows=98 width=0)
	        Index Cond: ((k >= 6241459) AND (k <= 6241559))

table 3 : explain SELECT k, c FROM sbtest3 WHERE k BETWEEN 6241459 AND 6241559
	Bitmap Heap Scan on sbtest3  (cost=5.56..440.56 rows=110 width=125)
	  Recheck Cond: ((k >= 6241459) AND (k <= 6241559))
	  ->  Bitmap Index Scan on k_3  (cost=0.00..5.53 rows=110 width=0)
	        Index Cond: ((k >= 6241459) AND (k <= 6241559))

table 4 : explain SELECT k, c FROM sbtest4 WHERE k BETWEEN 6241459 AND 6241559
	Bitmap Heap Scan on sbtest4  (cost=5.48..409.07 rows=102 width=125)
	  Recheck Cond: ((k >= 6241459) AND (k <= 6241559))
	  ->  Bitmap Index Scan on k_4  (cost=0.00..5.45 rows=102 width=0)
	        Index Cond: ((k >= 6241459) AND (k <= 6241559))

table 5 : explain SELECT k, c FROM sbtest5 WHERE k BETWEEN 6241459 AND 6241559
	Bitmap Heap Scan on sbtest5  (cost=5.50..416.94 rows=104 width=125)
	  Recheck Cond: ((k >= 6241459) AND (k <= 6241559))
	  ->  Bitmap Index Scan on k_5  (cost=0.00..5.47 rows=104 width=0)
	        Index Cond: ((k >= 6241459) AND (k <= 6241559))

table 6 : explain SELECT k, c FROM sbtest6 WHERE k BETWEEN 6241459 AND 6241559
	Bitmap Heap Scan on sbtest6  (cost=5.48..409.07 rows=102 width=125)
	  Recheck Cond: ((k >= 6241459) AND (k <= 6241559))
	  ->  Bitmap Index Scan on k_6  (cost=0.00..5.45 rows=102 width=0)
	        Index Cond: ((k >= 6241459) AND (k <= 6241559))

table 7 : explain SELECT k, c FROM sbtest7 WHERE k BETWEEN 6241459 AND 6241559
	Bitmap Heap Scan on sbtest7  (cost=5.52..424.81 rows=106 width=125)
	  Recheck Cond: ((k >= 6241459) AND (k <= 6241559))
	  ->  Bitmap Index Scan on k_7  (cost=0.00..5.50 rows=106 width=0)
	        Index Cond: ((k >= 6241459) AND (k <= 6241559))

table 8 : explain SELECT k, c FROM sbtest8 WHERE k BETWEEN 6241459 AND 6241559
	Bitmap Heap Scan on sbtest8  (cost=5.47..405.13 rows=101 width=125)
	  Recheck Cond: ((k >= 6241459) AND (k <= 6241559))
	  ->  Bitmap Index Scan on k_8  (cost=0.00..5.44 rows=101 width=0)
	        Index Cond: ((k >= 6241459) AND (k <= 6241559))

for range-notcovered
table 1 : explain SELECT k, c FROM sbtest1 WHERE k BETWEEN 4939049 AND 4939149
	Bitmap Heap Scan on sbtest1  (cost=5.54..432.69 rows=108 width=125)
	  Recheck Cond: ((k >= 4939049) AND (k <= 4939149))
	  ->  Bitmap Index Scan on k_1  (cost=0.00..5.51 rows=108 width=0)
	        Index Cond: ((k >= 4939049) AND (k <= 4939149))

table 2 : explain SELECT k, c FROM sbtest2 WHERE k BETWEEN 4939049 AND 4939149
	Bitmap Heap Scan on sbtest2  (cost=5.47..405.13 rows=101 width=125)
	  Recheck Cond: ((k >= 4939049) AND (k <= 4939149))
	  ->  Bitmap Index Scan on k_2  (cost=0.00..5.44 rows=101 width=0)
	        Index Cond: ((k >= 4939049) AND (k <= 4939149))

table 3 : explain SELECT k, c FROM sbtest3 WHERE k BETWEEN 4939049 AND 4939149
	Bitmap Heap Scan on sbtest3  (cost=5.49..413.00 rows=103 width=125)
	  Recheck Cond: ((k >= 4939049) AND (k <= 4939149))
	  ->  Bitmap Index Scan on k_3  (cost=0.00..5.46 rows=103 width=0)
	        Index Cond: ((k >= 4939049) AND (k <= 4939149))

table 4 : explain SELECT k, c FROM sbtest4 WHERE k BETWEEN 4939049 AND 4939149
	Bitmap Heap Scan on sbtest4  (cost=5.48..409.07 rows=102 width=125)
	  Recheck Cond: ((k >= 4939049) AND (k <= 4939149))
	  ->  Bitmap Index Scan on k_4  (cost=0.00..5.45 rows=102 width=0)
	        Index Cond: ((k >= 4939049) AND (k <= 4939149))

table 5 : explain SELECT k, c FROM sbtest5 WHERE k BETWEEN 4939049 AND 4939149
	Bitmap Heap Scan on sbtest5  (cost=5.46..401.19 rows=100 width=125)
	  Recheck Cond: ((k >= 4939049) AND (k <= 4939149))
	  ->  Bitmap Index Scan on k_5  (cost=0.00..5.43 rows=100 width=0)
	        Index Cond: ((k >= 4939049) AND (k <= 4939149))

table 6 : explain SELECT k, c FROM sbtest6 WHERE k BETWEEN 4939049 AND 4939149
	Bitmap Heap Scan on sbtest6  (cost=5.51..420.88 rows=105 width=125)
	  Recheck Cond: ((k >= 4939049) AND (k <= 4939149))
	  ->  Bitmap Index Scan on k_6  (cost=0.00..5.48 rows=105 width=0)
	        Index Cond: ((k >= 4939049) AND (k <= 4939149))

table 7 : explain SELECT k, c FROM sbtest7 WHERE k BETWEEN 4939049 AND 4939149
	Bitmap Heap Scan on sbtest7  (cost=5.43..389.37 rows=97 width=125)
	  Recheck Cond: ((k >= 4939049) AND (k <= 4939149))
	  ->  Bitmap Index Scan on k_7  (cost=0.00..5.40 rows=97 width=0)
	        Index Cond: ((k >= 4939049) AND (k <= 4939149))

table 8 : explain SELECT k, c FROM sbtest8 WHERE k BETWEEN 4939049 AND 4939149
	Bitmap Heap Scan on sbtest8  (cost=5.47..405.13 rows=101 width=125)
	  Recheck Cond: ((k >= 4939049) AND (k <= 4939149))
	  ->  Bitmap Index Scan on k_8  (cost=0.00..5.44 rows=101 width=0)
	        Index Cond: ((k >= 4939049) AND (k <= 4939149))

explain: for range-notcovered :: explain SELECT k, c FROM sbtest%d WHERE k BETWEEN 3709607 AND 3709707
for range-notcovered
table 1 : explain SELECT k, c FROM sbtest1 WHERE k BETWEEN 5060120 AND 5060220
	Bitmap Heap Scan on sbtest1  (cost=5.51..420.88 rows=105 width=125)
	  Recheck Cond: ((k >= 5060120) AND (k <= 5060220))
	  ->  Bitmap Index Scan on k_1  (cost=0.00..5.48 rows=105 width=0)
	        Index Cond: ((k >= 5060120) AND (k <= 5060220))

table 2 : explain SELECT k, c FROM sbtest2 WHERE k BETWEEN 5060120 AND 5060220
	Bitmap Heap Scan on sbtest2  (cost=5.44..393.31 rows=98 width=125)
	  Recheck Cond: ((k >= 5060120) AND (k <= 5060220))
	  ->  Bitmap Index Scan on k_2  (cost=0.00..5.42 rows=98 width=0)
	        Index Cond: ((k >= 5060120) AND (k <= 5060220))

table 3 : explain SELECT k, c FROM sbtest3 WHERE k BETWEEN 5060120 AND 5060220
	Bitmap Heap Scan on sbtest3  (cost=5.60..456.29 rows=114 width=125)
	  Recheck Cond: ((k >= 5060120) AND (k <= 5060220))
	  ->  Bitmap Index Scan on k_3  (cost=0.00..5.58 rows=114 width=0)
	        Index Cond: ((k >= 5060120) AND (k <= 5060220))

table 4 : explain SELECT k, c FROM sbtest4 WHERE k BETWEEN 5060120 AND 5060220
	Bitmap Heap Scan on sbtest4  (cost=5.37..365.72 rows=91 width=125)
	  Recheck Cond: ((k >= 5060120) AND (k <= 5060220))
	  ->  Bitmap Index Scan on k_4  (cost=0.00..5.34 rows=91 width=0)
	        Index Cond: ((k >= 5060120) AND (k <= 5060220))

table 5 : explain SELECT k, c FROM sbtest5 WHERE k BETWEEN 5060120 AND 5060220
	Bitmap Heap Scan on sbtest5  (cost=5.36..361.78 rows=90 width=125)
	  Recheck Cond: ((k >= 5060120) AND (k <= 5060220))
	  ->  Bitmap Index Scan on k_5  (cost=0.00..5.33 rows=90 width=0)
	        Index Cond: ((k >= 5060120) AND (k <= 5060220))

table 6 : explain SELECT k, c FROM sbtest6 WHERE k BETWEEN 5060120 AND 5060220
	Bitmap Heap Scan on sbtest6  (cost=5.45..397.25 rows=99 width=125)
	  Recheck Cond: ((k >= 5060120) AND (k <= 5060220))
	  ->  Bitmap Index Scan on k_6  (cost=0.00..5.42 rows=99 width=0)
	        Index Cond: ((k >= 5060120) AND (k <= 5060220))

table 7 : explain SELECT k, c FROM sbtest7 WHERE k BETWEEN 5060120 AND 5060220
	Bitmap Heap Scan on sbtest7  (cost=5.50..416.94 rows=104 width=125)
	  Recheck Cond: ((k >= 5060120) AND (k <= 5060220))
	  ->  Bitmap Index Scan on k_7  (cost=0.00..5.47 rows=104 width=0)
	        Index Cond: ((k >= 5060120) AND (k <= 5060220))

table 8 : explain SELECT k, c FROM sbtest8 WHERE k BETWEEN 5060120 AND 5060220
	Bitmap Heap Scan on sbtest8  (cost=5.53..428.75 rows=107 width=125)
	  Recheck Cond: ((k >= 5060120) AND (k <= 5060220))
	  ->  Bitmap Index Scan on k_8  (cost=0.00..5.50 rows=107 width=0)
	        Index Cond: ((k >= 5060120) AND (k <= 5060220))

explain: for range-notcovered :: explain SELECT k, c FROM sbtest%d WHERE k BETWEEN 5060120 AND 5060220
for range-notcovered
table 1 : explain SELECT k, c FROM sbtest1 WHERE k BETWEEN 7390465 AND 7390565
	Bitmap Heap Scan on sbtest1  (cost=5.45..397.25 rows=99 width=125)
	  Recheck Cond: ((k >= 7390465) AND (k <= 7390565))
	  ->  Bitmap Index Scan on k_1  (cost=0.00..5.42 rows=99 width=0)
	        Index Cond: ((k >= 7390465) AND (k <= 7390565))

table 2 : explain SELECT k, c FROM sbtest2 WHERE k BETWEEN 7390465 AND 7390565
	Bitmap Heap Scan on sbtest2  (cost=5.59..452.36 rows=113 width=125)
	  Recheck Cond: ((k >= 7390465) AND (k <= 7390565))
	  ->  Bitmap Index Scan on k_2  (cost=0.00..5.56 rows=113 width=0)
	        Index Cond: ((k >= 7390465) AND (k <= 7390565))

table 3 : explain SELECT k, c FROM sbtest3 WHERE k BETWEEN 7390465 AND 7390565
	Bitmap Heap Scan on sbtest3  (cost=5.46..401.19 rows=100 width=125)
	  Recheck Cond: ((k >= 7390465) AND (k <= 7390565))
	  ->  Bitmap Index Scan on k_3  (cost=0.00..5.43 rows=100 width=0)
	        Index Cond: ((k >= 7390465) AND (k <= 7390565))

table 4 : explain SELECT k, c FROM sbtest4 WHERE k BETWEEN 7390465 AND 7390565
	Bitmap Heap Scan on sbtest4  (cost=5.41..381.49 rows=95 width=125)
	  Recheck Cond: ((k >= 7390465) AND (k <= 7390565))
	  ->  Bitmap Index Scan on k_4  (cost=0.00..5.38 rows=95 width=0)
	        Index Cond: ((k >= 7390465) AND (k <= 7390565))

table 5 : explain SELECT k, c FROM sbtest5 WHERE k BETWEEN 7390465 AND 7390565
	Bitmap Heap Scan on sbtest5  (cost=5.57..444.49 rows=111 width=125)
	  Recheck Cond: ((k >= 7390465) AND (k <= 7390565))
	  ->  Bitmap Index Scan on k_5  (cost=0.00..5.54 rows=111 width=0)
	        Index Cond: ((k >= 7390465) AND (k <= 7390565))

table 6 : explain SELECT k, c FROM sbtest6 WHERE k BETWEEN 7390465 AND 7390565
	Bitmap Heap Scan on sbtest6  (cost=5.38..369.67 rows=92 width=125)
	  Recheck Cond: ((k >= 7390465) AND (k <= 7390565))
	  ->  Bitmap Index Scan on k_6  (cost=0.00..5.35 rows=92 width=0)
	        Index Cond: ((k >= 7390465) AND (k <= 7390565))

table 7 : explain SELECT k, c FROM sbtest7 WHERE k BETWEEN 7390465 AND 7390565
	Bitmap Heap Scan on sbtest7  (cost=5.49..413.00 rows=103 width=125)
	  Recheck Cond: ((k >= 7390465) AND (k <= 7390565))
	  ->  Bitmap Index Scan on k_7  (cost=0.00..5.46 rows=103 width=0)
	        Index Cond: ((k >= 7390465) AND (k <= 7390565))

table 8 : explain SELECT k, c FROM sbtest8 WHERE k BETWEEN 7390465 AND 7390565
	Bitmap Heap Scan on sbtest8  (cost=5.50..416.94 rows=104 width=125)
	  Recheck Cond: ((k >= 7390465) AND (k <= 7390565))
	  ->  Bitmap Index Scan on k_8  (cost=0.00..5.47 rows=104 width=0)
	        Index Cond: ((k >= 7390465) AND (k <= 7390565))

explain: for range-notcovered :: explain SELECT k, c FROM sbtest%d WHERE k BETWEEN 5779574 AND 5779674
for range-notcovered
table 1 : explain SELECT k, c FROM sbtest1 WHERE k BETWEEN 3709607 AND 3709707
	Bitmap Heap Scan on sbtest1  (cost=5.50..416.94 rows=104 width=125)
	  Recheck Cond: ((k >= 3709607) AND (k <= 3709707))
	  ->  Bitmap Index Scan on k_1  (cost=0.00..5.47 rows=104 width=0)
	        Index Cond: ((k >= 3709607) AND (k <= 3709707))

table 2 : explain SELECT k, c FROM sbtest2 WHERE k BETWEEN 3709607 AND 3709707
	Bitmap Heap Scan on sbtest2  (cost=5.48..409.07 rows=102 width=125)
	  Recheck Cond: ((k >= 3709607) AND (k <= 3709707))
	  ->  Bitmap Index Scan on k_2  (cost=0.00..5.45 rows=102 width=0)
	        Index Cond: ((k >= 3709607) AND (k <= 3709707))

table 3 : explain SELECT k, c FROM sbtest3 WHERE k BETWEEN 3709607 AND 3709707
	Bitmap Heap Scan on sbtest3  (cost=5.37..365.72 rows=91 width=125)
	  Recheck Cond: ((k >= 3709607) AND (k <= 3709707))
	  ->  Bitmap Index Scan on k_3  (cost=0.00..5.34 rows=91 width=0)
	        Index Cond: ((k >= 3709607) AND (k <= 3709707))

table 4 : explain SELECT k, c FROM sbtest4 WHERE k BETWEEN 3709607 AND 3709707
	Bitmap Heap Scan on sbtest4  (cost=5.47..405.13 rows=101 width=125)
	  Recheck Cond: ((k >= 3709607) AND (k <= 3709707))
	  ->  Bitmap Index Scan on k_4  (cost=0.00..5.44 rows=101 width=0)
	        Index Cond: ((k >= 3709607) AND (k <= 3709707))

table 5 : explain SELECT k, c FROM sbtest5 WHERE k BETWEEN 3709607 AND 3709707
	Bitmap Heap Scan on sbtest5  (cost=5.44..393.31 rows=98 width=125)
	  Recheck Cond: ((k >= 3709607) AND (k <= 3709707))
	  ->  Bitmap Index Scan on k_5  (cost=0.00..5.42 rows=98 width=0)
	        Index Cond: ((k >= 3709607) AND (k <= 3709707))

table 6 : explain SELECT k, c FROM sbtest6 WHERE k BETWEEN 3709607 AND 3709707
	Bitmap Heap Scan on sbtest6  (cost=5.51..420.88 rows=105 width=125)
	  Recheck Cond: ((k >= 3709607) AND (k <= 3709707))
	  ->  Bitmap Index Scan on k_6  (cost=0.00..5.48 rows=105 width=0)
	        Index Cond: ((k >= 3709607) AND (k <= 3709707))

table 7 : explain SELECT k, c FROM sbtest7 WHERE k BETWEEN 3709607 AND 3709707
	Bitmap Heap Scan on sbtest7  (cost=5.48..409.07 rows=102 width=125)
	  Recheck Cond: ((k >= 3709607) AND (k <= 3709707))
	  ->  Bitmap Index Scan on k_7  (cost=0.00..5.45 rows=102 width=0)
	        Index Cond: ((k >= 3709607) AND (k <= 3709707))

table 8 : explain SELECT k, c FROM sbtest8 WHERE k BETWEEN 3709607 AND 3709707
	Bitmap Heap Scan on sbtest8  (cost=5.55..436.62 rows=109 width=125)
	  Recheck Cond: ((k >= 3709607) AND (k <= 3709707))
	  ->  Bitmap Index Scan on k_8  (cost=0.00..5.52 rows=109 width=0)
	        Index Cond: ((k >= 3709607) AND (k <= 3709707))

for range-notcovered
table 1 : explain SELECT k, c FROM sbtest1 WHERE k BETWEEN 3136397 AND 3136497
	Bitmap Heap Scan on sbtest1  (cost=5.44..393.31 rows=98 width=125)
	  Recheck Cond: ((k >= 3136397) AND (k <= 3136497))
	  ->  Bitmap Index Scan on k_1  (cost=0.00..5.42 rows=98 width=0)
	        Index Cond: ((k >= 3136397) AND (k <= 3136497))

table 2 : explain SELECT k, c FROM sbtest2 WHERE k BETWEEN 3136397 AND 3136497
	Bitmap Heap Scan on sbtest2  (cost=5.47..405.13 rows=101 width=125)
	  Recheck Cond: ((k >= 3136397) AND (k <= 3136497))
	  ->  Bitmap Index Scan on k_2  (cost=0.00..5.44 rows=101 width=0)
	        Index Cond: ((k >= 3136397) AND (k <= 3136497))

table 3 : explain SELECT k, c FROM sbtest3 WHERE k BETWEEN 3136397 AND 3136497
	Bitmap Heap Scan on sbtest3  (cost=5.51..420.88 rows=105 width=125)
	  Recheck Cond: ((k >= 3136397) AND (k <= 3136497))
	  ->  Bitmap Index Scan on k_3  (cost=0.00..5.48 rows=105 width=0)
	        Index Cond: ((k >= 3136397) AND (k <= 3136497))

table 4 : explain SELECT k, c FROM sbtest4 WHERE k BETWEEN 3136397 AND 3136497
	Bitmap Heap Scan on sbtest4  (cost=5.49..413.00 rows=103 width=125)
	  Recheck Cond: ((k >= 3136397) AND (k <= 3136497))
	  ->  Bitmap Index Scan on k_4  (cost=0.00..5.46 rows=103 width=0)
	        Index Cond: ((k >= 3136397) AND (k <= 3136497))

table 5 : explain SELECT k, c FROM sbtest5 WHERE k BETWEEN 3136397 AND 3136497
	Bitmap Heap Scan on sbtest5  (cost=5.47..405.13 rows=101 width=125)
	  Recheck Cond: ((k >= 3136397) AND (k <= 3136497))
	  ->  Bitmap Index Scan on k_5  (cost=0.00..5.44 rows=101 width=0)
	        Index Cond: ((k >= 3136397) AND (k <= 3136497))

table 6 : explain SELECT k, c FROM sbtest6 WHERE k BETWEEN 3136397 AND 3136497
	Bitmap Heap Scan on sbtest6  (cost=5.48..409.07 rows=102 width=125)
	  Recheck Cond: ((k >= 3136397) AND (k <= 3136497))
	  ->  Bitmap Index Scan on k_6  (cost=0.00..5.45 rows=102 width=0)
	        Index Cond: ((k >= 3136397) AND (k <= 3136497))

table 7 : explain SELECT k, c FROM sbtest7 WHERE k BETWEEN 3136397 AND 3136497
	Bitmap Heap Scan on sbtest7  (cost=5.42..385.43 rows=96 width=125)
	  Recheck Cond: ((k >= 3136397) AND (k <= 3136497))
	  ->  Bitmap Index Scan on k_7  (cost=0.00..5.39 rows=96 width=0)
	        Index Cond: ((k >= 3136397) AND (k <= 3136497))

table 8 : explain SELECT k, c FROM sbtest8 WHERE k BETWEEN 3136397 AND 3136497
	Bitmap Heap Scan on sbtest8  (cost=5.44..393.31 rows=98 width=125)
	  Recheck Cond: ((k >= 3136397) AND (k <= 3136497))
	  ->  Bitmap Index Scan on k_8  (cost=0.00..5.42 rows=98 width=0)
	        Index Cond: ((k >= 3136397) AND (k <= 3136497))

explain: for range-notcovered :: explain SELECT k, c FROM sbtest%d WHERE k BETWEEN 3709607 AND 3709707
explain: for range-notcovered :: explain SELECT k, c FROM sbtest%d WHERE k BETWEEN 3136397 AND 3136497
for range-notcovered
table 1 : explain SELECT k, c FROM sbtest1 WHERE k BETWEEN 5060120 AND 5060220
	Bitmap Heap Scan on sbtest1  (cost=5.51..420.88 rows=105 width=125)
	  Recheck Cond: ((k >= 5060120) AND (k <= 5060220))
	  ->  Bitmap Index Scan on k_1  (cost=0.00..5.48 rows=105 width=0)
	        Index Cond: ((k >= 5060120) AND (k <= 5060220))

table 2 : explain SELECT k, c FROM sbtest2 WHERE k BETWEEN 5060120 AND 5060220
	Bitmap Heap Scan on sbtest2  (cost=5.44..393.31 rows=98 width=125)
	  Recheck Cond: ((k >= 5060120) AND (k <= 5060220))
	  ->  Bitmap Index Scan on k_2  (cost=0.00..5.42 rows=98 width=0)
	        Index Cond: ((k >= 5060120) AND (k <= 5060220))

table 3 : explain SELECT k, c FROM sbtest3 WHERE k BETWEEN 5060120 AND 5060220
	Bitmap Heap Scan on sbtest3  (cost=5.60..456.29 rows=114 width=125)
	  Recheck Cond: ((k >= 5060120) AND (k <= 5060220))
	  ->  Bitmap Index Scan on k_3  (cost=0.00..5.58 rows=114 width=0)
	        Index Cond: ((k >= 5060120) AND (k <= 5060220))

table 4 : explain SELECT k, c FROM sbtest4 WHERE k BETWEEN 5060120 AND 5060220
	Bitmap Heap Scan on sbtest4  (cost=5.37..365.72 rows=91 width=125)
	  Recheck Cond: ((k >= 5060120) AND (k <= 5060220))
	  ->  Bitmap Index Scan on k_4  (cost=0.00..5.34 rows=91 width=0)
	        Index Cond: ((k >= 5060120) AND (k <= 5060220))

table 5 : explain SELECT k, c FROM sbtest5 WHERE k BETWEEN 5060120 AND 5060220
	Bitmap Heap Scan on sbtest5  (cost=5.36..361.78 rows=90 width=125)
	  Recheck Cond: ((k >= 5060120) AND (k <= 5060220))
	  ->  Bitmap Index Scan on k_5  (cost=0.00..5.33 rows=90 width=0)
	        Index Cond: ((k >= 5060120) AND (k <= 5060220))

table 6 : explain SELECT k, c FROM sbtest6 WHERE k BETWEEN 5060120 AND 5060220
	Bitmap Heap Scan on sbtest6  (cost=5.45..397.25 rows=99 width=125)
	  Recheck Cond: ((k >= 5060120) AND (k <= 5060220))
	  ->  Bitmap Index Scan on k_6  (cost=0.00..5.42 rows=99 width=0)
	        Index Cond: ((k >= 5060120) AND (k <= 5060220))

table 7 : explain SELECT k, c FROM sbtest7 WHERE k BETWEEN 5060120 AND 5060220
	Bitmap Heap Scan on sbtest7  (cost=5.50..416.94 rows=104 width=125)
	  Recheck Cond: ((k >= 5060120) AND (k <= 5060220))
	  ->  Bitmap Index Scan on k_7  (cost=0.00..5.47 rows=104 width=0)
	        Index Cond: ((k >= 5060120) AND (k <= 5060220))

table 8 : explain SELECT k, c FROM sbtest8 WHERE k BETWEEN 5060120 AND 5060220
	Bitmap Heap Scan on sbtest8  (cost=5.53..428.75 rows=107 width=125)
	  Recheck Cond: ((k >= 5060120) AND (k <= 5060220))
	  ->  Bitmap Index Scan on k_8  (cost=0.00..5.50 rows=107 width=0)
	        Index Cond: ((k >= 5060120) AND (k <= 5060220))

explain: for range-notcovered :: explain SELECT k, c FROM sbtest%d WHERE k BETWEEN 5060120 AND 5060220
explain: for range-notcovered :: explain SELECT k, c FROM sbtest%d WHERE k BETWEEN 7390465 AND 7390565
for range-notcovered
table 1 : explain SELECT k, c FROM sbtest1 WHERE k BETWEEN 5060120 AND 5060220
	Bitmap Heap Scan on sbtest1  (cost=5.51..420.88 rows=105 width=125)
	  Recheck Cond: ((k >= 5060120) AND (k <= 5060220))
	  ->  Bitmap Index Scan on k_1  (cost=0.00..5.48 rows=105 width=0)
	        Index Cond: ((k >= 5060120) AND (k <= 5060220))

table 2 : explain SELECT k, c FROM sbtest2 WHERE k BETWEEN 5060120 AND 5060220
	Bitmap Heap Scan on sbtest2  (cost=5.44..393.31 rows=98 width=125)
	  Recheck Cond: ((k >= 5060120) AND (k <= 5060220))
	  ->  Bitmap Index Scan on k_2  (cost=0.00..5.42 rows=98 width=0)
	        Index Cond: ((k >= 5060120) AND (k <= 5060220))

table 3 : explain SELECT k, c FROM sbtest3 WHERE k BETWEEN 5060120 AND 5060220
	Bitmap Heap Scan on sbtest3  (cost=5.60..456.29 rows=114 width=125)
	  Recheck Cond: ((k >= 5060120) AND (k <= 5060220))
	  ->  Bitmap Index Scan on k_3  (cost=0.00..5.58 rows=114 width=0)
	        Index Cond: ((k >= 5060120) AND (k <= 5060220))

table 4 : explain SELECT k, c FROM sbtest4 WHERE k BETWEEN 5060120 AND 5060220
	Bitmap Heap Scan on sbtest4  (cost=5.37..365.72 rows=91 width=125)
	  Recheck Cond: ((k >= 5060120) AND (k <= 5060220))
	  ->  Bitmap Index Scan on k_4  (cost=0.00..5.34 rows=91 width=0)
	        Index Cond: ((k >= 5060120) AND (k <= 5060220))

table 5 : explain SELECT k, c FROM sbtest5 WHERE k BETWEEN 5060120 AND 5060220
	Bitmap Heap Scan on sbtest5  (cost=5.36..361.78 rows=90 width=125)
	  Recheck Cond: ((k >= 5060120) AND (k <= 5060220))
	  ->  Bitmap Index Scan on k_5  (cost=0.00..5.33 rows=90 width=0)
	        Index Cond: ((k >= 5060120) AND (k <= 5060220))

table 6 : explain SELECT k, c FROM sbtest6 WHERE k BETWEEN 5060120 AND 5060220
	Bitmap Heap Scan on sbtest6  (cost=5.45..397.25 rows=99 width=125)
	  Recheck Cond: ((k >= 5060120) AND (k <= 5060220))
	  ->  Bitmap Index Scan on k_6  (cost=0.00..5.42 rows=99 width=0)
	        Index Cond: ((k >= 5060120) AND (k <= 5060220))

table 7 : explain SELECT k, c FROM sbtest7 WHERE k BETWEEN 5060120 AND 5060220
	Bitmap Heap Scan on sbtest7  (cost=5.50..416.94 rows=104 width=125)
	  Recheck Cond: ((k >= 5060120) AND (k <= 5060220))
	  ->  Bitmap Index Scan on k_7  (cost=0.00..5.47 rows=104 width=0)
	        Index Cond: ((k >= 5060120) AND (k <= 5060220))

table 8 : explain SELECT k, c FROM sbtest8 WHERE k BETWEEN 5060120 AND 5060220
	Bitmap Heap Scan on sbtest8  (cost=5.53..428.75 rows=107 width=125)
	  Recheck Cond: ((k >= 5060120) AND (k <= 5060220))
	  ->  Bitmap Index Scan on k_8  (cost=0.00..5.50 rows=107 width=0)
	        Index Cond: ((k >= 5060120) AND (k <= 5060220))

explain: for range-notcovered :: explain SELECT k, c FROM sbtest%d WHERE k BETWEEN 2571687 AND 2571787
explain: for range-notcovered :: explain SELECT k, c FROM sbtest%d WHERE k BETWEEN 5060120 AND 5060220
for range-notcovered
table 1 : explain SELECT k, c FROM sbtest1 WHERE k BETWEEN 7390465 AND 7390565
	Bitmap Heap Scan on sbtest1  (cost=5.45..397.25 rows=99 width=125)
	  Recheck Cond: ((k >= 7390465) AND (k <= 7390565))
	  ->  Bitmap Index Scan on k_1  (cost=0.00..5.42 rows=99 width=0)
	        Index Cond: ((k >= 7390465) AND (k <= 7390565))

table 2 : explain SELECT k, c FROM sbtest2 WHERE k BETWEEN 7390465 AND 7390565
	Bitmap Heap Scan on sbtest2  (cost=5.59..452.36 rows=113 width=125)
	  Recheck Cond: ((k >= 7390465) AND (k <= 7390565))
	  ->  Bitmap Index Scan on k_2  (cost=0.00..5.56 rows=113 width=0)
	        Index Cond: ((k >= 7390465) AND (k <= 7390565))

table 3 : explain SELECT k, c FROM sbtest3 WHERE k BETWEEN 7390465 AND 7390565
	Bitmap Heap Scan on sbtest3  (cost=5.46..401.19 rows=100 width=125)
	  Recheck Cond: ((k >= 7390465) AND (k <= 7390565))
	  ->  Bitmap Index Scan on k_3  (cost=0.00..5.43 rows=100 width=0)
	        Index Cond: ((k >= 7390465) AND (k <= 7390565))

table 4 : explain SELECT k, c FROM sbtest4 WHERE k BETWEEN 7390465 AND 7390565
	Bitmap Heap Scan on sbtest4  (cost=5.41..381.49 rows=95 width=125)
	  Recheck Cond: ((k >= 7390465) AND (k <= 7390565))
	  ->  Bitmap Index Scan on k_4  (cost=0.00..5.38 rows=95 width=0)
	        Index Cond: ((k >= 7390465) AND (k <= 7390565))

table 5 : explain SELECT k, c FROM sbtest5 WHERE k BETWEEN 7390465 AND 7390565
	Bitmap Heap Scan on sbtest5  (cost=5.57..444.49 rows=111 width=125)
	  Recheck Cond: ((k >= 7390465) AND (k <= 7390565))
	  ->  Bitmap Index Scan on k_5  (cost=0.00..5.54 rows=111 width=0)
	        Index Cond: ((k >= 7390465) AND (k <= 7390565))

table 6 : explain SELECT k, c FROM sbtest6 WHERE k BETWEEN 7390465 AND 7390565
	Bitmap Heap Scan on sbtest6  (cost=5.38..369.67 rows=92 width=125)
	  Recheck Cond: ((k >= 7390465) AND (k <= 7390565))
	  ->  Bitmap Index Scan on k_6  (cost=0.00..5.35 rows=92 width=0)
	        Index Cond: ((k >= 7390465) AND (k <= 7390565))

table 7 : explain SELECT k, c FROM sbtest7 WHERE k BETWEEN 7390465 AND 7390565
	Bitmap Heap Scan on sbtest7  (cost=5.49..413.00 rows=103 width=125)
	  Recheck Cond: ((k >= 7390465) AND (k <= 7390565))
	  ->  Bitmap Index Scan on k_7  (cost=0.00..5.46 rows=103 width=0)
	        Index Cond: ((k >= 7390465) AND (k <= 7390565))

table 8 : explain SELECT k, c FROM sbtest8 WHERE k BETWEEN 7390465 AND 7390565
	Bitmap Heap Scan on sbtest8  (cost=5.50..416.94 rows=104 width=125)
	  Recheck Cond: ((k >= 7390465) AND (k <= 7390565))
	  ->  Bitmap Index Scan on k_8  (cost=0.00..5.47 rows=104 width=0)
	        Index Cond: ((k >= 7390465) AND (k <= 7390565))

for range-notcovered
table 1 : explain SELECT k, c FROM sbtest1 WHERE k BETWEEN 1933430 AND 1933530
	Bitmap Heap Scan on sbtest1  (cost=5.41..381.49 rows=95 width=125)
	  Recheck Cond: ((k >= 1933430) AND (k <= 1933530))
	  ->  Bitmap Index Scan on k_1  (cost=0.00..5.38 rows=95 width=0)
	        Index Cond: ((k >= 1933430) AND (k <= 1933530))

table 2 : explain SELECT k, c FROM sbtest2 WHERE k BETWEEN 1933430 AND 1933530
	Bitmap Heap Scan on sbtest2  (cost=5.47..405.13 rows=101 width=125)
	  Recheck Cond: ((k >= 1933430) AND (k <= 1933530))
	  ->  Bitmap Index Scan on k_2  (cost=0.00..5.44 rows=101 width=0)
	        Index Cond: ((k >= 1933430) AND (k <= 1933530))

table 3 : explain SELECT k, c FROM sbtest3 WHERE k BETWEEN 1933430 AND 1933530
	Bitmap Heap Scan on sbtest3  (cost=5.52..424.81 rows=106 width=125)
	  Recheck Cond: ((k >= 1933430) AND (k <= 1933530))
	  ->  Bitmap Index Scan on k_3  (cost=0.00..5.50 rows=106 width=0)
	        Index Cond: ((k >= 1933430) AND (k <= 1933530))

table 4 : explain SELECT k, c FROM sbtest4 WHERE k BETWEEN 1933430 AND 1933530
	Bitmap Heap Scan on sbtest4  (cost=5.46..401.19 rows=100 width=125)
	  Recheck Cond: ((k >= 1933430) AND (k <= 1933530))
	  ->  Bitmap Index Scan on k_4  (cost=0.00..5.43 rows=100 width=0)
	        Index Cond: ((k >= 1933430) AND (k <= 1933530))

table 5 : explain SELECT k, c FROM sbtest5 WHERE k BETWEEN 1933430 AND 1933530
	Bitmap Heap Scan on sbtest5  (cost=5.48..409.07 rows=102 width=125)
	  Recheck Cond: ((k >= 1933430) AND (k <= 1933530))
	  ->  Bitmap Index Scan on k_5  (cost=0.00..5.45 rows=102 width=0)
	        Index Cond: ((k >= 1933430) AND (k <= 1933530))

table 6 : explain SELECT k, c FROM sbtest6 WHERE k BETWEEN 1933430 AND 1933530
	Bitmap Heap Scan on sbtest6  (cost=5.45..397.25 rows=99 width=125)
	  Recheck Cond: ((k >= 1933430) AND (k <= 1933530))
	  ->  Bitmap Index Scan on k_6  (cost=0.00..5.42 rows=99 width=0)
	        Index Cond: ((k >= 1933430) AND (k <= 1933530))

table 7 : explain SELECT k, c FROM sbtest7 WHERE k BETWEEN 1933430 AND 1933530
	Bitmap Heap Scan on sbtest7  (cost=5.48..409.07 rows=102 width=125)
	  Recheck Cond: ((k >= 1933430) AND (k <= 1933530))
	  ->  Bitmap Index Scan on k_7  (cost=0.00..5.45 rows=102 width=0)
	        Index Cond: ((k >= 1933430) AND (k <= 1933530))

table 8 : explain SELECT k, c FROM sbtest8 WHERE k BETWEEN 1933430 AND 1933530
	Bitmap Heap Scan on sbtest8  (cost=5.47..405.13 rows=101 width=125)
	  Recheck Cond: ((k >= 1933430) AND (k <= 1933530))
	  ->  Bitmap Index Scan on k_8  (cost=0.00..5.44 rows=101 width=0)
	        Index Cond: ((k >= 1933430) AND (k <= 1933530))

explain: for range-notcovered :: explain SELECT k, c FROM sbtest%d WHERE k BETWEEN 7390465 AND 7390565
for range-notcovered
table 1 : explain SELECT k, c FROM sbtest1 WHERE k BETWEEN 5060120 AND 5060220
	Bitmap Heap Scan on sbtest1  (cost=5.51..420.88 rows=105 width=125)
	  Recheck Cond: ((k >= 5060120) AND (k <= 5060220))
	  ->  Bitmap Index Scan on k_1  (cost=0.00..5.48 rows=105 width=0)
	        Index Cond: ((k >= 5060120) AND (k <= 5060220))

table 2 : explain SELECT k, c FROM sbtest2 WHERE k BETWEEN 5060120 AND 5060220
	Bitmap Heap Scan on sbtest2  (cost=5.44..393.31 rows=98 width=125)
	  Recheck Cond: ((k >= 5060120) AND (k <= 5060220))
	  ->  Bitmap Index Scan on k_2  (cost=0.00..5.42 rows=98 width=0)
	        Index Cond: ((k >= 5060120) AND (k <= 5060220))

table 3 : explain SELECT k, c FROM sbtest3 WHERE k BETWEEN 5060120 AND 5060220
	Bitmap Heap Scan on sbtest3  (cost=5.60..456.29 rows=114 width=125)
	  Recheck Cond: ((k >= 5060120) AND (k <= 5060220))
	  ->  Bitmap Index Scan on k_3  (cost=0.00..5.58 rows=114 width=0)
	        Index Cond: ((k >= 5060120) AND (k <= 5060220))

table 4 : explain SELECT k, c FROM sbtest4 WHERE k BETWEEN 5060120 AND 5060220
	Bitmap Heap Scan on sbtest4  (cost=5.37..365.72 rows=91 width=125)
	  Recheck Cond: ((k >= 5060120) AND (k <= 5060220))
	  ->  Bitmap Index Scan on k_4  (cost=0.00..5.34 rows=91 width=0)
	        Index Cond: ((k >= 5060120) AND (k <= 5060220))

table 5 : explain SELECT k, c FROM sbtest5 WHERE k BETWEEN 5060120 AND 5060220
	Bitmap Heap Scan on sbtest5  (cost=5.36..361.78 rows=90 width=125)
	  Recheck Cond: ((k >= 5060120) AND (k <= 5060220))
	  ->  Bitmap Index Scan on k_5  (cost=0.00..5.33 rows=90 width=0)
	        Index Cond: ((k >= 5060120) AND (k <= 5060220))

table 6 : explain SELECT k, c FROM sbtest6 WHERE k BETWEEN 5060120 AND 5060220
	Bitmap Heap Scan on sbtest6  (cost=5.45..397.25 rows=99 width=125)
	  Recheck Cond: ((k >= 5060120) AND (k <= 5060220))
	  ->  Bitmap Index Scan on k_6  (cost=0.00..5.42 rows=99 width=0)
	        Index Cond: ((k >= 5060120) AND (k <= 5060220))

table 7 : explain SELECT k, c FROM sbtest7 WHERE k BETWEEN 5060120 AND 5060220
	Bitmap Heap Scan on sbtest7  (cost=5.50..416.94 rows=104 width=125)
	  Recheck Cond: ((k >= 5060120) AND (k <= 5060220))
	  ->  Bitmap Index Scan on k_7  (cost=0.00..5.47 rows=104 width=0)
	        Index Cond: ((k >= 5060120) AND (k <= 5060220))

table 8 : explain SELECT k, c FROM sbtest8 WHERE k BETWEEN 5060120 AND 5060220
	Bitmap Heap Scan on sbtest8  (cost=5.53..428.75 rows=107 width=125)
	  Recheck Cond: ((k >= 5060120) AND (k <= 5060220))
	  ->  Bitmap Index Scan on k_8  (cost=0.00..5.50 rows=107 width=0)
	        Index Cond: ((k >= 5060120) AND (k <= 5060220))

for range-notcovered
table 1 : explain SELECT k, c FROM sbtest1 WHERE k BETWEEN 3709607 AND 3709707
	Bitmap Heap Scan on sbtest1  (cost=5.50..416.94 rows=104 width=125)
	  Recheck Cond: ((k >= 3709607) AND (k <= 3709707))
	  ->  Bitmap Index Scan on k_1  (cost=0.00..5.47 rows=104 width=0)
	        Index Cond: ((k >= 3709607) AND (k <= 3709707))

table 2 : explain SELECT k, c FROM sbtest2 WHERE k BETWEEN 3709607 AND 3709707
	Bitmap Heap Scan on sbtest2  (cost=5.48..409.07 rows=102 width=125)
	  Recheck Cond: ((k >= 3709607) AND (k <= 3709707))
	  ->  Bitmap Index Scan on k_2  (cost=0.00..5.45 rows=102 width=0)
	        Index Cond: ((k >= 3709607) AND (k <= 3709707))

table 3 : explain SELECT k, c FROM sbtest3 WHERE k BETWEEN 3709607 AND 3709707
	Bitmap Heap Scan on sbtest3  (cost=5.37..365.72 rows=91 width=125)
	  Recheck Cond: ((k >= 3709607) AND (k <= 3709707))
	  ->  Bitmap Index Scan on k_3  (cost=0.00..5.34 rows=91 width=0)
	        Index Cond: ((k >= 3709607) AND (k <= 3709707))

table 4 : explain SELECT k, c FROM sbtest4 WHERE k BETWEEN 3709607 AND 3709707
	Bitmap Heap Scan on sbtest4  (cost=5.47..405.13 rows=101 width=125)
	  Recheck Cond: ((k >= 3709607) AND (k <= 3709707))
	  ->  Bitmap Index Scan on k_4  (cost=0.00..5.44 rows=101 width=0)
	        Index Cond: ((k >= 3709607) AND (k <= 3709707))

table 5 : explain SELECT k, c FROM sbtest5 WHERE k BETWEEN 3709607 AND 3709707
	Bitmap Heap Scan on sbtest5  (cost=5.44..393.31 rows=98 width=125)
	  Recheck Cond: ((k >= 3709607) AND (k <= 3709707))
	  ->  Bitmap Index Scan on k_5  (cost=0.00..5.42 rows=98 width=0)
	        Index Cond: ((k >= 3709607) AND (k <= 3709707))

table 6 : explain SELECT k, c FROM sbtest6 WHERE k BETWEEN 3709607 AND 3709707
	Bitmap Heap Scan on sbtest6  (cost=5.51..420.88 rows=105 width=125)
	  Recheck Cond: ((k >= 3709607) AND (k <= 3709707))
	  ->  Bitmap Index Scan on k_6  (cost=0.00..5.48 rows=105 width=0)
	        Index Cond: ((k >= 3709607) AND (k <= 3709707))

table 7 : explain SELECT k, c FROM sbtest7 WHERE k BETWEEN 3709607 AND 3709707
	Bitmap Heap Scan on sbtest7  (cost=5.48..409.07 rows=102 width=125)
	  Recheck Cond: ((k >= 3709607) AND (k <= 3709707))
	  ->  Bitmap Index Scan on k_7  (cost=0.00..5.45 rows=102 width=0)
	        Index Cond: ((k >= 3709607) AND (k <= 3709707))

table 8 : explain SELECT k, c FROM sbtest8 WHERE k BETWEEN 3709607 AND 3709707
	Bitmap Heap Scan on sbtest8  (cost=5.55..436.62 rows=109 width=125)
	  Recheck Cond: ((k >= 3709607) AND (k <= 3709707))
	  ->  Bitmap Index Scan on k_8  (cost=0.00..5.52 rows=109 width=0)
	        Index Cond: ((k >= 3709607) AND (k <= 3709707))

explain: for range-notcovered :: explain SELECT k, c FROM sbtest%d WHERE k BETWEEN 5060120 AND 5060220
for range-notcovered
table 1 : explain SELECT k, c FROM sbtest1 WHERE k BETWEEN 7390465 AND 7390565
	Bitmap Heap Scan on sbtest1  (cost=5.45..397.25 rows=99 width=125)
	  Recheck Cond: ((k >= 7390465) AND (k <= 7390565))
	  ->  Bitmap Index Scan on k_1  (cost=0.00..5.42 rows=99 width=0)
	        Index Cond: ((k >= 7390465) AND (k <= 7390565))

table 2 : explain SELECT k, c FROM sbtest2 WHERE k BETWEEN 7390465 AND 7390565
	Bitmap Heap Scan on sbtest2  (cost=5.59..452.36 rows=113 width=125)
	  Recheck Cond: ((k >= 7390465) AND (k <= 7390565))
	  ->  Bitmap Index Scan on k_2  (cost=0.00..5.56 rows=113 width=0)
	        Index Cond: ((k >= 7390465) AND (k <= 7390565))

table 3 : explain SELECT k, c FROM sbtest3 WHERE k BETWEEN 7390465 AND 7390565
	Bitmap Heap Scan on sbtest3  (cost=5.46..401.19 rows=100 width=125)
	  Recheck Cond: ((k >= 7390465) AND (k <= 7390565))
	  ->  Bitmap Index Scan on k_3  (cost=0.00..5.43 rows=100 width=0)
	        Index Cond: ((k >= 7390465) AND (k <= 7390565))

table 4 : explain SELECT k, c FROM sbtest4 WHERE k BETWEEN 7390465 AND 7390565
	Bitmap Heap Scan on sbtest4  (cost=5.41..381.49 rows=95 width=125)
	  Recheck Cond: ((k >= 7390465) AND (k <= 7390565))
	  ->  Bitmap Index Scan on k_4  (cost=0.00..5.38 rows=95 width=0)
	        Index Cond: ((k >= 7390465) AND (k <= 7390565))

table 5 : explain SELECT k, c FROM sbtest5 WHERE k BETWEEN 7390465 AND 7390565
	Bitmap Heap Scan on sbtest5  (cost=5.57..444.49 rows=111 width=125)
	  Recheck Cond: ((k >= 7390465) AND (k <= 7390565))
	  ->  Bitmap Index Scan on k_5  (cost=0.00..5.54 rows=111 width=0)
	        Index Cond: ((k >= 7390465) AND (k <= 7390565))

table 6 : explain SELECT k, c FROM sbtest6 WHERE k BETWEEN 7390465 AND 7390565
	Bitmap Heap Scan on sbtest6  (cost=5.38..369.67 rows=92 width=125)
	  Recheck Cond: ((k >= 7390465) AND (k <= 7390565))
	  ->  Bitmap Index Scan on k_6  (cost=0.00..5.35 rows=92 width=0)
	        Index Cond: ((k >= 7390465) AND (k <= 7390565))

table 7 : explain SELECT k, c FROM sbtest7 WHERE k BETWEEN 7390465 AND 7390565
	Bitmap Heap Scan on sbtest7  (cost=5.49..413.00 rows=103 width=125)
	  Recheck Cond: ((k >= 7390465) AND (k <= 7390565))
	  ->  Bitmap Index Scan on k_7  (cost=0.00..5.46 rows=103 width=0)
	        Index Cond: ((k >= 7390465) AND (k <= 7390565))

table 8 : explain SELECT k, c FROM sbtest8 WHERE k BETWEEN 7390465 AND 7390565
	Bitmap Heap Scan on sbtest8  (cost=5.50..416.94 rows=104 width=125)
	  Recheck Cond: ((k >= 7390465) AND (k <= 7390565))
	  ->  Bitmap Index Scan on k_8  (cost=0.00..5.47 rows=104 width=0)
	        Index Cond: ((k >= 7390465) AND (k <= 7390565))

explain: for range-notcovered :: explain SELECT k, c FROM sbtest%d WHERE k BETWEEN 7390465 AND 7390565
for range-notcovered
table 1 : explain SELECT k, c FROM sbtest1 WHERE k BETWEEN 1977731 AND 1977831
	Bitmap Heap Scan on sbtest1  (cost=5.47..405.13 rows=101 width=125)
	  Recheck Cond: ((k >= 1977731) AND (k <= 1977831))
	  ->  Bitmap Index Scan on k_1  (cost=0.00..5.44 rows=101 width=0)
	        Index Cond: ((k >= 1977731) AND (k <= 1977831))

table 2 : explain SELECT k, c FROM sbtest2 WHERE k BETWEEN 1977731 AND 1977831
	Bitmap Heap Scan on sbtest2  (cost=5.47..405.13 rows=101 width=125)
	  Recheck Cond: ((k >= 1977731) AND (k <= 1977831))
	  ->  Bitmap Index Scan on k_2  (cost=0.00..5.44 rows=101 width=0)
	        Index Cond: ((k >= 1977731) AND (k <= 1977831))

table 3 : explain SELECT k, c FROM sbtest3 WHERE k BETWEEN 1977731 AND 1977831
	Bitmap Heap Scan on sbtest3  (cost=5.52..424.81 rows=106 width=125)
	  Recheck Cond: ((k >= 1977731) AND (k <= 1977831))
	  ->  Bitmap Index Scan on k_3  (cost=0.00..5.50 rows=106 width=0)
	        Index Cond: ((k >= 1977731) AND (k <= 1977831))

table 4 : explain SELECT k, c FROM sbtest4 WHERE k BETWEEN 1977731 AND 1977831
	Bitmap Heap Scan on sbtest4  (cost=5.46..401.19 rows=100 width=125)
	  Recheck Cond: ((k >= 1977731) AND (k <= 1977831))
	  ->  Bitmap Index Scan on k_4  (cost=0.00..5.43 rows=100 width=0)
	        Index Cond: ((k >= 1977731) AND (k <= 1977831))

table 5 : explain SELECT k, c FROM sbtest5 WHERE k BETWEEN 1977731 AND 1977831
	Bitmap Heap Scan on sbtest5  (cost=5.48..409.07 rows=102 width=125)
	  Recheck Cond: ((k >= 1977731) AND (k <= 1977831))
	  ->  Bitmap Index Scan on k_5  (cost=0.00..5.45 rows=102 width=0)
	        Index Cond: ((k >= 1977731) AND (k <= 1977831))

table 6 : explain SELECT k, c FROM sbtest6 WHERE k BETWEEN 1977731 AND 1977831
	Bitmap Heap Scan on sbtest6  (cost=5.45..397.25 rows=99 width=125)
	  Recheck Cond: ((k >= 1977731) AND (k <= 1977831))
	  ->  Bitmap Index Scan on k_6  (cost=0.00..5.42 rows=99 width=0)
	        Index Cond: ((k >= 1977731) AND (k <= 1977831))

table 7 : explain SELECT k, c FROM sbtest7 WHERE k BETWEEN 1977731 AND 1977831
	Bitmap Heap Scan on sbtest7  (cost=5.48..409.07 rows=102 width=125)
	  Recheck Cond: ((k >= 1977731) AND (k <= 1977831))
	  ->  Bitmap Index Scan on k_7  (cost=0.00..5.45 rows=102 width=0)
	        Index Cond: ((k >= 1977731) AND (k <= 1977831))

table 8 : explain SELECT k, c FROM sbtest8 WHERE k BETWEEN 1977731 AND 1977831
	Bitmap Heap Scan on sbtest8  (cost=5.47..405.13 rows=101 width=125)
	  Recheck Cond: ((k >= 1977731) AND (k <= 1977831))
	  ->  Bitmap Index Scan on k_8  (cost=0.00..5.44 rows=101 width=0)
	        Index Cond: ((k >= 1977731) AND (k <= 1977831))

for range-notcovered
table 1 : explain SELECT k, c FROM sbtest1 WHERE k BETWEEN 5060120 AND 5060220
	Bitmap Heap Scan on sbtest1  (cost=5.51..420.88 rows=105 width=125)
	  Recheck Cond: ((k >= 5060120) AND (k <= 5060220))
	  ->  Bitmap Index Scan on k_1  (cost=0.00..5.48 rows=105 width=0)
	        Index Cond: ((k >= 5060120) AND (k <= 5060220))

table 2 : explain SELECT k, c FROM sbtest2 WHERE k BETWEEN 5060120 AND 5060220
	Bitmap Heap Scan on sbtest2  (cost=5.44..393.31 rows=98 width=125)
	  Recheck Cond: ((k >= 5060120) AND (k <= 5060220))
	  ->  Bitmap Index Scan on k_2  (cost=0.00..5.42 rows=98 width=0)
	        Index Cond: ((k >= 5060120) AND (k <= 5060220))

table 3 : explain SELECT k, c FROM sbtest3 WHERE k BETWEEN 5060120 AND 5060220
	Bitmap Heap Scan on sbtest3  (cost=5.60..456.29 rows=114 width=125)
	  Recheck Cond: ((k >= 5060120) AND (k <= 5060220))
	  ->  Bitmap Index Scan on k_3  (cost=0.00..5.58 rows=114 width=0)
	        Index Cond: ((k >= 5060120) AND (k <= 5060220))

table 4 : explain SELECT k, c FROM sbtest4 WHERE k BETWEEN 5060120 AND 5060220
	Bitmap Heap Scan on sbtest4  (cost=5.37..365.72 rows=91 width=125)
	  Recheck Cond: ((k >= 5060120) AND (k <= 5060220))
	  ->  Bitmap Index Scan on k_4  (cost=0.00..5.34 rows=91 width=0)
	        Index Cond: ((k >= 5060120) AND (k <= 5060220))

table 5 : explain SELECT k, c FROM sbtest5 WHERE k BETWEEN 5060120 AND 5060220
	Bitmap Heap Scan on sbtest5  (cost=5.36..361.78 rows=90 width=125)
	  Recheck Cond: ((k >= 5060120) AND (k <= 5060220))
	  ->  Bitmap Index Scan on k_5  (cost=0.00..5.33 rows=90 width=0)
	        Index Cond: ((k >= 5060120) AND (k <= 5060220))

table 6 : explain SELECT k, c FROM sbtest6 WHERE k BETWEEN 5060120 AND 5060220
	Bitmap Heap Scan on sbtest6  (cost=5.45..397.25 rows=99 width=125)
	  Recheck Cond: ((k >= 5060120) AND (k <= 5060220))
	  ->  Bitmap Index Scan on k_6  (cost=0.00..5.42 rows=99 width=0)
	        Index Cond: ((k >= 5060120) AND (k <= 5060220))

table 7 : explain SELECT k, c FROM sbtest7 WHERE k BETWEEN 5060120 AND 5060220
	Bitmap Heap Scan on sbtest7  (cost=5.50..416.94 rows=104 width=125)
	  Recheck Cond: ((k >= 5060120) AND (k <= 5060220))
	  ->  Bitmap Index Scan on k_7  (cost=0.00..5.47 rows=104 width=0)
	        Index Cond: ((k >= 5060120) AND (k <= 5060220))

table 8 : explain SELECT k, c FROM sbtest8 WHERE k BETWEEN 5060120 AND 5060220
	Bitmap Heap Scan on sbtest8  (cost=5.53..428.75 rows=107 width=125)
	  Recheck Cond: ((k >= 5060120) AND (k <= 5060220))
	  ->  Bitmap Index Scan on k_8  (cost=0.00..5.50 rows=107 width=0)
	        Index Cond: ((k >= 5060120) AND (k <= 5060220))

explain: for range-notcovered :: explain SELECT k, c FROM sbtest%d WHERE k BETWEEN 5060120 AND 5060220
for range-notcovered
table 1 : explain SELECT k, c FROM sbtest1 WHERE k BETWEEN 3721524 AND 3721624
	Bitmap Heap Scan on sbtest1  (cost=5.53..428.75 rows=107 width=125)
	  Recheck Cond: ((k >= 3721524) AND (k <= 3721624))
	  ->  Bitmap Index Scan on k_1  (cost=0.00..5.50 rows=107 width=0)
	        Index Cond: ((k >= 3721524) AND (k <= 3721624))

table 2 : explain SELECT k, c FROM sbtest2 WHERE k BETWEEN 3721524 AND 3721624
	Bitmap Heap Scan on sbtest2  (cost=5.40..377.55 rows=94 width=125)
	  Recheck Cond: ((k >= 3721524) AND (k <= 3721624))
	  ->  Bitmap Index Scan on k_2  (cost=0.00..5.38 rows=94 width=0)
	        Index Cond: ((k >= 3721524) AND (k <= 3721624))

table 3 : explain SELECT k, c FROM sbtest3 WHERE k BETWEEN 3721524 AND 3721624
	Bitmap Heap Scan on sbtest3  (cost=5.37..365.72 rows=91 width=125)
	  Recheck Cond: ((k >= 3721524) AND (k <= 3721624))
	  ->  Bitmap Index Scan on k_3  (cost=0.00..5.34 rows=91 width=0)
	        Index Cond: ((k >= 3721524) AND (k <= 3721624))

table 4 : explain SELECT k, c FROM sbtest4 WHERE k BETWEEN 3721524 AND 3721624
	Bitmap Heap Scan on sbtest4  (cost=5.47..405.13 rows=101 width=125)
	  Recheck Cond: ((k >= 3721524) AND (k <= 3721624))
	  ->  Bitmap Index Scan on k_4  (cost=0.00..5.44 rows=101 width=0)
	        Index Cond: ((k >= 3721524) AND (k <= 3721624))

table 5 : explain SELECT k, c FROM sbtest5 WHERE k BETWEEN 3721524 AND 3721624
	Bitmap Heap Scan on sbtest5  (cost=5.44..393.31 rows=98 width=125)
	  Recheck Cond: ((k >= 3721524) AND (k <= 3721624))
	  ->  Bitmap Index Scan on k_5  (cost=0.00..5.42 rows=98 width=0)
	        Index Cond: ((k >= 3721524) AND (k <= 3721624))

table 6 : explain SELECT k, c FROM sbtest6 WHERE k BETWEEN 3721524 AND 3721624
	Bitmap Heap Scan on sbtest6  (cost=5.48..409.07 rows=102 width=125)
	  Recheck Cond: ((k >= 3721524) AND (k <= 3721624))
	  ->  Bitmap Index Scan on k_6  (cost=0.00..5.45 rows=102 width=0)
	        Index Cond: ((k >= 3721524) AND (k <= 3721624))

table 7 : explain SELECT k, c FROM sbtest7 WHERE k BETWEEN 3721524 AND 3721624
	Bitmap Heap Scan on sbtest7  (cost=5.48..409.07 rows=102 width=125)
	  Recheck Cond: ((k >= 3721524) AND (k <= 3721624))
	  ->  Bitmap Index Scan on k_7  (cost=0.00..5.45 rows=102 width=0)
	        Index Cond: ((k >= 3721524) AND (k <= 3721624))

table 8 : explain SELECT k, c FROM sbtest8 WHERE k BETWEEN 3721524 AND 3721624
	Bitmap Heap Scan on sbtest8  (cost=5.55..436.62 rows=109 width=125)
	  Recheck Cond: ((k >= 3721524) AND (k <= 3721624))
	  ->  Bitmap Index Scan on k_8  (cost=0.00..5.52 rows=109 width=0)
	        Index Cond: ((k >= 3721524) AND (k <= 3721624))

explain: for range-notcovered :: explain SELECT k, c FROM sbtest%d WHERE k BETWEEN 3721524 AND 3721624
for range-notcovered
table 1 : explain SELECT k, c FROM sbtest1 WHERE k BETWEEN 5060120 AND 5060220
	Bitmap Heap Scan on sbtest1  (cost=5.51..420.88 rows=105 width=125)
	  Recheck Cond: ((k >= 5060120) AND (k <= 5060220))
	  ->  Bitmap Index Scan on k_1  (cost=0.00..5.48 rows=105 width=0)
	        Index Cond: ((k >= 5060120) AND (k <= 5060220))

table 2 : explain SELECT k, c FROM sbtest2 WHERE k BETWEEN 5060120 AND 5060220
	Bitmap Heap Scan on sbtest2  (cost=5.44..393.31 rows=98 width=125)
	  Recheck Cond: ((k >= 5060120) AND (k <= 5060220))
	  ->  Bitmap Index Scan on k_2  (cost=0.00..5.42 rows=98 width=0)
	        Index Cond: ((k >= 5060120) AND (k <= 5060220))

table 3 : explain SELECT k, c FROM sbtest3 WHERE k BETWEEN 5060120 AND 5060220
	Bitmap Heap Scan on sbtest3  (cost=5.60..456.29 rows=114 width=125)
	  Recheck Cond: ((k >= 5060120) AND (k <= 5060220))
	  ->  Bitmap Index Scan on k_3  (cost=0.00..5.58 rows=114 width=0)
	        Index Cond: ((k >= 5060120) AND (k <= 5060220))

table 4 : explain SELECT k, c FROM sbtest4 WHERE k BETWEEN 5060120 AND 5060220
	Bitmap Heap Scan on sbtest4  (cost=5.37..365.72 rows=91 width=125)
	  Recheck Cond: ((k >= 5060120) AND (k <= 5060220))
	  ->  Bitmap Index Scan on k_4  (cost=0.00..5.34 rows=91 width=0)
	        Index Cond: ((k >= 5060120) AND (k <= 5060220))

table 5 : explain SELECT k, c FROM sbtest5 WHERE k BETWEEN 5060120 AND 5060220
	Bitmap Heap Scan on sbtest5  (cost=5.36..361.78 rows=90 width=125)
	  Recheck Cond: ((k >= 5060120) AND (k <= 5060220))
	  ->  Bitmap Index Scan on k_5  (cost=0.00..5.33 rows=90 width=0)
	        Index Cond: ((k >= 5060120) AND (k <= 5060220))

table 6 : explain SELECT k, c FROM sbtest6 WHERE k BETWEEN 5060120 AND 5060220
	Bitmap Heap Scan on sbtest6  (cost=5.45..397.25 rows=99 width=125)
	  Recheck Cond: ((k >= 5060120) AND (k <= 5060220))
	  ->  Bitmap Index Scan on k_6  (cost=0.00..5.42 rows=99 width=0)
	        Index Cond: ((k >= 5060120) AND (k <= 5060220))

table 7 : explain SELECT k, c FROM sbtest7 WHERE k BETWEEN 5060120 AND 5060220
	Bitmap Heap Scan on sbtest7  (cost=5.50..416.94 rows=104 width=125)
	  Recheck Cond: ((k >= 5060120) AND (k <= 5060220))
	  ->  Bitmap Index Scan on k_7  (cost=0.00..5.47 rows=104 width=0)
	        Index Cond: ((k >= 5060120) AND (k <= 5060220))

table 8 : explain SELECT k, c FROM sbtest8 WHERE k BETWEEN 5060120 AND 5060220
	Bitmap Heap Scan on sbtest8  (cost=5.53..428.75 rows=107 width=125)
	  Recheck Cond: ((k >= 5060120) AND (k <= 5060220))
	  ->  Bitmap Index Scan on k_8  (cost=0.00..5.50 rows=107 width=0)
	        Index Cond: ((k >= 5060120) AND (k <= 5060220))

explain: for range-notcovered :: explain SELECT k, c FROM sbtest%d WHERE k BETWEEN 4327344 AND 4327444
for range-notcovered
table 1 : explain SELECT k, c FROM sbtest1 WHERE k BETWEEN 3721524 AND 3721624
	Bitmap Heap Scan on sbtest1  (cost=5.53..428.75 rows=107 width=125)
	  Recheck Cond: ((k >= 3721524) AND (k <= 3721624))
	  ->  Bitmap Index Scan on k_1  (cost=0.00..5.50 rows=107 width=0)
	        Index Cond: ((k >= 3721524) AND (k <= 3721624))

table 2 : explain SELECT k, c FROM sbtest2 WHERE k BETWEEN 3721524 AND 3721624
	Bitmap Heap Scan on sbtest2  (cost=5.40..377.55 rows=94 width=125)
	  Recheck Cond: ((k >= 3721524) AND (k <= 3721624))
	  ->  Bitmap Index Scan on k_2  (cost=0.00..5.38 rows=94 width=0)
	        Index Cond: ((k >= 3721524) AND (k <= 3721624))

table 3 : explain SELECT k, c FROM sbtest3 WHERE k BETWEEN 3721524 AND 3721624
	Bitmap Heap Scan on sbtest3  (cost=5.37..365.72 rows=91 width=125)
	  Recheck Cond: ((k >= 3721524) AND (k <= 3721624))
	  ->  Bitmap Index Scan on k_3  (cost=0.00..5.34 rows=91 width=0)
	        Index Cond: ((k >= 3721524) AND (k <= 3721624))

table 4 : explain SELECT k, c FROM sbtest4 WHERE k BETWEEN 3721524 AND 3721624
	Bitmap Heap Scan on sbtest4  (cost=5.47..405.13 rows=101 width=125)
	  Recheck Cond: ((k >= 3721524) AND (k <= 3721624))
	  ->  Bitmap Index Scan on k_4  (cost=0.00..5.44 rows=101 width=0)
	        Index Cond: ((k >= 3721524) AND (k <= 3721624))

table 5 : explain SELECT k, c FROM sbtest5 WHERE k BETWEEN 3721524 AND 3721624
	Bitmap Heap Scan on sbtest5  (cost=5.44..393.31 rows=98 width=125)
	  Recheck Cond: ((k >= 3721524) AND (k <= 3721624))
	  ->  Bitmap Index Scan on k_5  (cost=0.00..5.42 rows=98 width=0)
	        Index Cond: ((k >= 3721524) AND (k <= 3721624))

table 6 : explain SELECT k, c FROM sbtest6 WHERE k BETWEEN 3721524 AND 3721624
	Bitmap Heap Scan on sbtest6  (cost=5.48..409.07 rows=102 width=125)
	  Recheck Cond: ((k >= 3721524) AND (k <= 3721624))
	  ->  Bitmap Index Scan on k_6  (cost=0.00..5.45 rows=102 width=0)
	        Index Cond: ((k >= 3721524) AND (k <= 3721624))

table 7 : explain SELECT k, c FROM sbtest7 WHERE k BETWEEN 3721524 AND 3721624
	Bitmap Heap Scan on sbtest7  (cost=5.48..409.07 rows=102 width=125)
	  Recheck Cond: ((k >= 3721524) AND (k <= 3721624))
	  ->  Bitmap Index Scan on k_7  (cost=0.00..5.45 rows=102 width=0)
	        Index Cond: ((k >= 3721524) AND (k <= 3721624))

table 8 : explain SELECT k, c FROM sbtest8 WHERE k BETWEEN 3721524 AND 3721624
	Bitmap Heap Scan on sbtest8  (cost=5.55..436.62 rows=109 width=125)
	  Recheck Cond: ((k >= 3721524) AND (k <= 3721624))
	  ->  Bitmap Index Scan on k_8  (cost=0.00..5.52 rows=109 width=0)
	        Index Cond: ((k >= 3721524) AND (k <= 3721624))

explain: for range-notcovered :: explain SELECT k, c FROM sbtest%d WHERE k BETWEEN 3721524 AND 3721624
for range-notcovered
table 1 : explain SELECT k, c FROM sbtest1 WHERE k BETWEEN 3136397 AND 3136497
	Bitmap Heap Scan on sbtest1  (cost=5.44..393.31 rows=98 width=125)
	  Recheck Cond: ((k >= 3136397) AND (k <= 3136497))
	  ->  Bitmap Index Scan on k_1  (cost=0.00..5.42 rows=98 width=0)
	        Index Cond: ((k >= 3136397) AND (k <= 3136497))

table 2 : explain SELECT k, c FROM sbtest2 WHERE k BETWEEN 3136397 AND 3136497
	Bitmap Heap Scan on sbtest2  (cost=5.47..405.13 rows=101 width=125)
	  Recheck Cond: ((k >= 3136397) AND (k <= 3136497))
	  ->  Bitmap Index Scan on k_2  (cost=0.00..5.44 rows=101 width=0)
	        Index Cond: ((k >= 3136397) AND (k <= 3136497))

table 3 : explain SELECT k, c FROM sbtest3 WHERE k BETWEEN 3136397 AND 3136497
	Bitmap Heap Scan on sbtest3  (cost=5.51..420.88 rows=105 width=125)
	  Recheck Cond: ((k >= 3136397) AND (k <= 3136497))
	  ->  Bitmap Index Scan on k_3  (cost=0.00..5.48 rows=105 width=0)
	        Index Cond: ((k >= 3136397) AND (k <= 3136497))

table 4 : explain SELECT k, c FROM sbtest4 WHERE k BETWEEN 3136397 AND 3136497
	Bitmap Heap Scan on sbtest4  (cost=5.49..413.00 rows=103 width=125)
	  Recheck Cond: ((k >= 3136397) AND (k <= 3136497))
	  ->  Bitmap Index Scan on k_4  (cost=0.00..5.46 rows=103 width=0)
	        Index Cond: ((k >= 3136397) AND (k <= 3136497))

table 5 : explain SELECT k, c FROM sbtest5 WHERE k BETWEEN 3136397 AND 3136497
	Bitmap Heap Scan on sbtest5  (cost=5.47..405.13 rows=101 width=125)
	  Recheck Cond: ((k >= 3136397) AND (k <= 3136497))
	  ->  Bitmap Index Scan on k_5  (cost=0.00..5.44 rows=101 width=0)
	        Index Cond: ((k >= 3136397) AND (k <= 3136497))

table 6 : explain SELECT k, c FROM sbtest6 WHERE k BETWEEN 3136397 AND 3136497
	Bitmap Heap Scan on sbtest6  (cost=5.48..409.07 rows=102 width=125)
	  Recheck Cond: ((k >= 3136397) AND (k <= 3136497))
	  ->  Bitmap Index Scan on k_6  (cost=0.00..5.45 rows=102 width=0)
	        Index Cond: ((k >= 3136397) AND (k <= 3136497))

table 7 : explain SELECT k, c FROM sbtest7 WHERE k BETWEEN 3136397 AND 3136497
	Bitmap Heap Scan on sbtest7  (cost=5.42..385.43 rows=96 width=125)
	  Recheck Cond: ((k >= 3136397) AND (k <= 3136497))
	  ->  Bitmap Index Scan on k_7  (cost=0.00..5.39 rows=96 width=0)
	        Index Cond: ((k >= 3136397) AND (k <= 3136497))

table 8 : explain SELECT k, c FROM sbtest8 WHERE k BETWEEN 3136397 AND 3136497
	Bitmap Heap Scan on sbtest8  (cost=5.44..393.31 rows=98 width=125)
	  Recheck Cond: ((k >= 3136397) AND (k <= 3136497))
	  ->  Bitmap Index Scan on k_8  (cost=0.00..5.42 rows=98 width=0)
	        Index Cond: ((k >= 3136397) AND (k <= 3136497))

explain: for range-notcovered :: explain SELECT k, c FROM sbtest%d WHERE k BETWEEN 5553466 AND 5553566
explain: for range-notcovered :: explain SELECT k, c FROM sbtest%d WHERE k BETWEEN 375616 AND 375716
for range-notcovered
table 1 : explain SELECT k, c FROM sbtest1 WHERE k BETWEEN 4739637 AND 4739737
	Bitmap Heap Scan on sbtest1  (cost=5.50..416.94 rows=104 width=125)
	  Recheck Cond: ((k >= 4739637) AND (k <= 4739737))
	  ->  Bitmap Index Scan on k_1  (cost=0.00..5.47 rows=104 width=0)
	        Index Cond: ((k >= 4739637) AND (k <= 4739737))

table 2 : explain SELECT k, c FROM sbtest2 WHERE k BETWEEN 4739637 AND 4739737
	Bitmap Heap Scan on sbtest2  (cost=5.55..436.62 rows=109 width=125)
	  Recheck Cond: ((k >= 4739637) AND (k <= 4739737))
	  ->  Bitmap Index Scan on k_2  (cost=0.00..5.52 rows=109 width=0)
	        Index Cond: ((k >= 4739637) AND (k <= 4739737))

table 3 : explain SELECT k, c FROM sbtest3 WHERE k BETWEEN 4739637 AND 4739737
	Bitmap Heap Scan on sbtest3  (cost=5.53..428.75 rows=107 width=125)
	  Recheck Cond: ((k >= 4739637) AND (k <= 4739737))
	  ->  Bitmap Index Scan on k_3  (cost=0.00..5.50 rows=107 width=0)
	        Index Cond: ((k >= 4739637) AND (k <= 4739737))

table 4 : explain SELECT k, c FROM sbtest4 WHERE k BETWEEN 4739637 AND 4739737
	Bitmap Heap Scan on sbtest4  (cost=5.43..389.37 rows=97 width=125)
	  Recheck Cond: ((k >= 4739637) AND (k <= 4739737))
	  ->  Bitmap Index Scan on k_4  (cost=0.00..5.40 rows=97 width=0)
	        Index Cond: ((k >= 4739637) AND (k <= 4739737))

table 5 : explain SELECT k, c FROM sbtest5 WHERE k BETWEEN 4739637 AND 4739737
	Bitmap Heap Scan on sbtest5  (cost=5.52..424.81 rows=106 width=125)
	  Recheck Cond: ((k >= 4739637) AND (k <= 4739737))
	  ->  Bitmap Index Scan on k_5  (cost=0.00..5.50 rows=106 width=0)
	        Index Cond: ((k >= 4739637) AND (k <= 4739737))

table 6 : explain SELECT k, c FROM sbtest6 WHERE k BETWEEN 4739637 AND 4739737
	Bitmap Heap Scan on sbtest6  (cost=5.48..409.07 rows=102 width=125)
	  Recheck Cond: ((k >= 4739637) AND (k <= 4739737))
	  ->  Bitmap Index Scan on k_6  (cost=0.00..5.45 rows=102 width=0)
	        Index Cond: ((k >= 4739637) AND (k <= 4739737))

table 7 : explain SELECT k, c FROM sbtest7 WHERE k BETWEEN 4739637 AND 4739737
	Bitmap Heap Scan on sbtest7  (cost=5.38..369.67 rows=92 width=125)
	  Recheck Cond: ((k >= 4739637) AND (k <= 4739737))
	  ->  Bitmap Index Scan on k_7  (cost=0.00..5.35 rows=92 width=0)
	        Index Cond: ((k >= 4739637) AND (k <= 4739737))

table 8 : explain SELECT k, c FROM sbtest8 WHERE k BETWEEN 4739637 AND 4739737
	Bitmap Heap Scan on sbtest8  (cost=5.39..373.61 rows=93 width=125)
	  Recheck Cond: ((k >= 4739637) AND (k <= 4739737))
	  ->  Bitmap Index Scan on k_8  (cost=0.00..5.36 rows=93 width=0)
	        Index Cond: ((k >= 4739637) AND (k <= 4739737))

explain: for range-notcovered :: explain SELECT k, c FROM sbtest%d WHERE k BETWEEN 4739637 AND 4739737
for range-notcovered
table 1 : explain SELECT k, c FROM sbtest1 WHERE k BETWEEN 4739637 AND 4739737
	Bitmap Heap Scan on sbtest1  (cost=5.50..416.94 rows=104 width=125)
	  Recheck Cond: ((k >= 4739637) AND (k <= 4739737))
	  ->  Bitmap Index Scan on k_1  (cost=0.00..5.47 rows=104 width=0)
	        Index Cond: ((k >= 4739637) AND (k <= 4739737))

table 2 : explain SELECT k, c FROM sbtest2 WHERE k BETWEEN 4739637 AND 4739737
	Bitmap Heap Scan on sbtest2  (cost=5.55..436.62 rows=109 width=125)
	  Recheck Cond: ((k >= 4739637) AND (k <= 4739737))
	  ->  Bitmap Index Scan on k_2  (cost=0.00..5.52 rows=109 width=0)
	        Index Cond: ((k >= 4739637) AND (k <= 4739737))

table 3 : explain SELECT k, c FROM sbtest3 WHERE k BETWEEN 4739637 AND 4739737
	Bitmap Heap Scan on sbtest3  (cost=5.53..428.75 rows=107 width=125)
	  Recheck Cond: ((k >= 4739637) AND (k <= 4739737))
	  ->  Bitmap Index Scan on k_3  (cost=0.00..5.50 rows=107 width=0)
	        Index Cond: ((k >= 4739637) AND (k <= 4739737))

table 4 : explain SELECT k, c FROM sbtest4 WHERE k BETWEEN 4739637 AND 4739737
	Bitmap Heap Scan on sbtest4  (cost=5.43..389.37 rows=97 width=125)
	  Recheck Cond: ((k >= 4739637) AND (k <= 4739737))
	  ->  Bitmap Index Scan on k_4  (cost=0.00..5.40 rows=97 width=0)
	        Index Cond: ((k >= 4739637) AND (k <= 4739737))

table 5 : explain SELECT k, c FROM sbtest5 WHERE k BETWEEN 4739637 AND 4739737
	Bitmap Heap Scan on sbtest5  (cost=5.52..424.81 rows=106 width=125)
	  Recheck Cond: ((k >= 4739637) AND (k <= 4739737))
	  ->  Bitmap Index Scan on k_5  (cost=0.00..5.50 rows=106 width=0)
	        Index Cond: ((k >= 4739637) AND (k <= 4739737))

table 6 : explain SELECT k, c FROM sbtest6 WHERE k BETWEEN 4739637 AND 4739737
	Bitmap Heap Scan on sbtest6  (cost=5.48..409.07 rows=102 width=125)
	  Recheck Cond: ((k >= 4739637) AND (k <= 4739737))
	  ->  Bitmap Index Scan on k_6  (cost=0.00..5.45 rows=102 width=0)
	        Index Cond: ((k >= 4739637) AND (k <= 4739737))

table 7 : explain SELECT k, c FROM sbtest7 WHERE k BETWEEN 4739637 AND 4739737
	Bitmap Heap Scan on sbtest7  (cost=5.38..369.67 rows=92 width=125)
	  Recheck Cond: ((k >= 4739637) AND (k <= 4739737))
	  ->  Bitmap Index Scan on k_7  (cost=0.00..5.35 rows=92 width=0)
	        Index Cond: ((k >= 4739637) AND (k <= 4739737))

table 8 : explain SELECT k, c FROM sbtest8 WHERE k BETWEEN 4739637 AND 4739737
	Bitmap Heap Scan on sbtest8  (cost=5.39..373.61 rows=93 width=125)
	  Recheck Cond: ((k >= 4739637) AND (k <= 4739737))
	  ->  Bitmap Index Scan on k_8  (cost=0.00..5.36 rows=93 width=0)
	        Index Cond: ((k >= 4739637) AND (k <= 4739737))

explain: for range-notcovered :: explain SELECT k, c FROM sbtest%d WHERE k BETWEEN 4739637 AND 4739737
for range-notcovered
table 1 : explain SELECT k, c FROM sbtest1 WHERE k BETWEEN 7390465 AND 7390565
	Bitmap Heap Scan on sbtest1  (cost=5.45..397.25 rows=99 width=125)
	  Recheck Cond: ((k >= 7390465) AND (k <= 7390565))
	  ->  Bitmap Index Scan on k_1  (cost=0.00..5.42 rows=99 width=0)
	        Index Cond: ((k >= 7390465) AND (k <= 7390565))

table 2 : explain SELECT k, c FROM sbtest2 WHERE k BETWEEN 7390465 AND 7390565
	Bitmap Heap Scan on sbtest2  (cost=5.59..452.36 rows=113 width=125)
	  Recheck Cond: ((k >= 7390465) AND (k <= 7390565))
	  ->  Bitmap Index Scan on k_2  (cost=0.00..5.56 rows=113 width=0)
	        Index Cond: ((k >= 7390465) AND (k <= 7390565))

table 3 : explain SELECT k, c FROM sbtest3 WHERE k BETWEEN 7390465 AND 7390565
	Bitmap Heap Scan on sbtest3  (cost=5.46..401.19 rows=100 width=125)
	  Recheck Cond: ((k >= 7390465) AND (k <= 7390565))
	  ->  Bitmap Index Scan on k_3  (cost=0.00..5.43 rows=100 width=0)
	        Index Cond: ((k >= 7390465) AND (k <= 7390565))

table 4 : explain SELECT k, c FROM sbtest4 WHERE k BETWEEN 7390465 AND 7390565
	Bitmap Heap Scan on sbtest4  (cost=5.41..381.49 rows=95 width=125)
	  Recheck Cond: ((k >= 7390465) AND (k <= 7390565))
	  ->  Bitmap Index Scan on k_4  (cost=0.00..5.38 rows=95 width=0)
	        Index Cond: ((k >= 7390465) AND (k <= 7390565))

table 5 : explain SELECT k, c FROM sbtest5 WHERE k BETWEEN 7390465 AND 7390565
	Bitmap Heap Scan on sbtest5  (cost=5.57..444.49 rows=111 width=125)
	  Recheck Cond: ((k >= 7390465) AND (k <= 7390565))
	  ->  Bitmap Index Scan on k_5  (cost=0.00..5.54 rows=111 width=0)
	        Index Cond: ((k >= 7390465) AND (k <= 7390565))

table 6 : explain SELECT k, c FROM sbtest6 WHERE k BETWEEN 7390465 AND 7390565
	Bitmap Heap Scan on sbtest6  (cost=5.38..369.67 rows=92 width=125)
	  Recheck Cond: ((k >= 7390465) AND (k <= 7390565))
	  ->  Bitmap Index Scan on k_6  (cost=0.00..5.35 rows=92 width=0)
	        Index Cond: ((k >= 7390465) AND (k <= 7390565))

table 7 : explain SELECT k, c FROM sbtest7 WHERE k BETWEEN 7390465 AND 7390565
	Bitmap Heap Scan on sbtest7  (cost=5.49..413.00 rows=103 width=125)
	  Recheck Cond: ((k >= 7390465) AND (k <= 7390565))
	  ->  Bitmap Index Scan on k_7  (cost=0.00..5.46 rows=103 width=0)
	        Index Cond: ((k >= 7390465) AND (k <= 7390565))

table 8 : explain SELECT k, c FROM sbtest8 WHERE k BETWEEN 7390465 AND 7390565
	Bitmap Heap Scan on sbtest8  (cost=5.50..416.94 rows=104 width=125)
	  Recheck Cond: ((k >= 7390465) AND (k <= 7390565))
	  ->  Bitmap Index Scan on k_8  (cost=0.00..5.47 rows=104 width=0)
	        Index Cond: ((k >= 7390465) AND (k <= 7390565))

explain: for range-notcovered :: explain SELECT k, c FROM sbtest%d WHERE k BETWEEN 7390465 AND 7390565
for range-notcovered
table 1 : explain SELECT k, c FROM sbtest1 WHERE k BETWEEN 4739637 AND 4739737
	Bitmap Heap Scan on sbtest1  (cost=5.50..416.94 rows=104 width=125)
	  Recheck Cond: ((k >= 4739637) AND (k <= 4739737))
	  ->  Bitmap Index Scan on k_1  (cost=0.00..5.47 rows=104 width=0)
	        Index Cond: ((k >= 4739637) AND (k <= 4739737))

table 2 : explain SELECT k, c FROM sbtest2 WHERE k BETWEEN 4739637 AND 4739737
	Bitmap Heap Scan on sbtest2  (cost=5.55..436.62 rows=109 width=125)
	  Recheck Cond: ((k >= 4739637) AND (k <= 4739737))
	  ->  Bitmap Index Scan on k_2  (cost=0.00..5.52 rows=109 width=0)
	        Index Cond: ((k >= 4739637) AND (k <= 4739737))

table 3 : explain SELECT k, c FROM sbtest3 WHERE k BETWEEN 4739637 AND 4739737
	Bitmap Heap Scan on sbtest3  (cost=5.53..428.75 rows=107 width=125)
	  Recheck Cond: ((k >= 4739637) AND (k <= 4739737))
	  ->  Bitmap Index Scan on k_3  (cost=0.00..5.50 rows=107 width=0)
	        Index Cond: ((k >= 4739637) AND (k <= 4739737))

table 4 : explain SELECT k, c FROM sbtest4 WHERE k BETWEEN 4739637 AND 4739737
	Bitmap Heap Scan on sbtest4  (cost=5.43..389.37 rows=97 width=125)
	  Recheck Cond: ((k >= 4739637) AND (k <= 4739737))
	  ->  Bitmap Index Scan on k_4  (cost=0.00..5.40 rows=97 width=0)
	        Index Cond: ((k >= 4739637) AND (k <= 4739737))

table 5 : explain SELECT k, c FROM sbtest5 WHERE k BETWEEN 4739637 AND 4739737
	Bitmap Heap Scan on sbtest5  (cost=5.52..424.81 rows=106 width=125)
	  Recheck Cond: ((k >= 4739637) AND (k <= 4739737))
	  ->  Bitmap Index Scan on k_5  (cost=0.00..5.50 rows=106 width=0)
	        Index Cond: ((k >= 4739637) AND (k <= 4739737))

table 6 : explain SELECT k, c FROM sbtest6 WHERE k BETWEEN 4739637 AND 4739737
	Bitmap Heap Scan on sbtest6  (cost=5.48..409.07 rows=102 width=125)
	  Recheck Cond: ((k >= 4739637) AND (k <= 4739737))
	  ->  Bitmap Index Scan on k_6  (cost=0.00..5.45 rows=102 width=0)
	        Index Cond: ((k >= 4739637) AND (k <= 4739737))

table 7 : explain SELECT k, c FROM sbtest7 WHERE k BETWEEN 4739637 AND 4739737
	Bitmap Heap Scan on sbtest7  (cost=5.38..369.67 rows=92 width=125)
	  Recheck Cond: ((k >= 4739637) AND (k <= 4739737))
	  ->  Bitmap Index Scan on k_7  (cost=0.00..5.35 rows=92 width=0)
	        Index Cond: ((k >= 4739637) AND (k <= 4739737))

table 8 : explain SELECT k, c FROM sbtest8 WHERE k BETWEEN 4739637 AND 4739737
	Bitmap Heap Scan on sbtest8  (cost=5.39..373.61 rows=93 width=125)
	  Recheck Cond: ((k >= 4739637) AND (k <= 4739737))
	  ->  Bitmap Index Scan on k_8  (cost=0.00..5.36 rows=93 width=0)
	        Index Cond: ((k >= 4739637) AND (k <= 4739737))

explain: for range-notcovered :: explain SELECT k, c FROM sbtest%d WHERE k BETWEEN 4739637 AND 4739737
for range-notcovered
table 1 : explain SELECT k, c FROM sbtest1 WHERE k BETWEEN 7658495 AND 7658595
	Bitmap Heap Scan on sbtest1  (cost=5.52..424.81 rows=106 width=125)
	  Recheck Cond: ((k >= 7658495) AND (k <= 7658595))
	  ->  Bitmap Index Scan on k_1  (cost=0.00..5.50 rows=106 width=0)
	        Index Cond: ((k >= 7658495) AND (k <= 7658595))

table 2 : explain SELECT k, c FROM sbtest2 WHERE k BETWEEN 7658495 AND 7658595
	Bitmap Heap Scan on sbtest2  (cost=5.42..385.43 rows=96 width=125)
	  Recheck Cond: ((k >= 7658495) AND (k <= 7658595))
	  ->  Bitmap Index Scan on k_2  (cost=0.00..5.39 rows=96 width=0)
	        Index Cond: ((k >= 7658495) AND (k <= 7658595))

table 3 : explain SELECT k, c FROM sbtest3 WHERE k BETWEEN 7658495 AND 7658595
	Bitmap Heap Scan on sbtest3  (cost=5.68..483.81 rows=121 width=125)
	  Recheck Cond: ((k >= 7658495) AND (k <= 7658595))
	  ->  Bitmap Index Scan on k_3  (cost=0.00..5.64 rows=121 width=0)
	        Index Cond: ((k >= 7658495) AND (k <= 7658595))

table 4 : explain SELECT k, c FROM sbtest4 WHERE k BETWEEN 7658495 AND 7658595
	Bitmap Heap Scan on sbtest4  (cost=5.42..385.43 rows=96 width=125)
	  Recheck Cond: ((k >= 7658495) AND (k <= 7658595))
	  ->  Bitmap Index Scan on k_4  (cost=0.00..5.39 rows=96 width=0)
	        Index Cond: ((k >= 7658495) AND (k <= 7658595))

table 5 : explain SELECT k, c FROM sbtest5 WHERE k BETWEEN 7658495 AND 7658595
	Bitmap Heap Scan on sbtest5  (cost=5.39..373.61 rows=93 width=125)
	  Recheck Cond: ((k >= 7658495) AND (k <= 7658595))
	  ->  Bitmap Index Scan on k_5  (cost=0.00..5.36 rows=93 width=0)
	        Index Cond: ((k >= 7658495) AND (k <= 7658595))

table 6 : explain SELECT k, c FROM sbtest6 WHERE k BETWEEN 7658495 AND 7658595
	Bitmap Heap Scan on sbtest6  (cost=5.40..377.55 rows=94 width=125)
	  Recheck Cond: ((k >= 7658495) AND (k <= 7658595))
	  ->  Bitmap Index Scan on k_6  (cost=0.00..5.38 rows=94 width=0)
	        Index Cond: ((k >= 7658495) AND (k <= 7658595))

table 7 : explain SELECT k, c FROM sbtest7 WHERE k BETWEEN 7658495 AND 7658595
	Bitmap Heap Scan on sbtest7  (cost=5.42..385.43 rows=96 width=125)
	  Recheck Cond: ((k >= 7658495) AND (k <= 7658595))
	  ->  Bitmap Index Scan on k_7  (cost=0.00..5.39 rows=96 width=0)
	        Index Cond: ((k >= 7658495) AND (k <= 7658595))

table 8 : explain SELECT k, c FROM sbtest8 WHERE k BETWEEN 7658495 AND 7658595
	Bitmap Heap Scan on sbtest8  (cost=5.44..393.31 rows=98 width=125)
	  Recheck Cond: ((k >= 7658495) AND (k <= 7658595))
	  ->  Bitmap Index Scan on k_8  (cost=0.00..5.42 rows=98 width=0)
	        Index Cond: ((k >= 7658495) AND (k <= 7658595))

explain: for range-notcovered :: explain SELECT k, c FROM sbtest%d WHERE k BETWEEN 4569925 AND 4570025
explain: for range-notcovered :: explain SELECT k, c FROM sbtest%d WHERE k BETWEEN 7658495 AND 7658595
for range-notcovered
table 1 : explain SELECT k, c FROM sbtest1 WHERE k BETWEEN 5779574 AND 5779674
	Bitmap Heap Scan on sbtest1  (cost=5.51..420.88 rows=105 width=125)
	  Recheck Cond: ((k >= 5779574) AND (k <= 5779674))
	  ->  Bitmap Index Scan on k_1  (cost=0.00..5.48 rows=105 width=0)
	        Index Cond: ((k >= 5779574) AND (k <= 5779674))

table 2 : explain SELECT k, c FROM sbtest2 WHERE k BETWEEN 5779574 AND 5779674
	Bitmap Heap Scan on sbtest2  (cost=5.47..405.13 rows=101 width=125)
	  Recheck Cond: ((k >= 5779574) AND (k <= 5779674))
	  ->  Bitmap Index Scan on k_2  (cost=0.00..5.44 rows=101 width=0)
	        Index Cond: ((k >= 5779574) AND (k <= 5779674))

table 3 : explain SELECT k, c FROM sbtest3 WHERE k BETWEEN 5779574 AND 5779674
	Bitmap Heap Scan on sbtest3  (cost=5.51..420.88 rows=105 width=125)
	  Recheck Cond: ((k >= 5779574) AND (k <= 5779674))
	  ->  Bitmap Index Scan on k_3  (cost=0.00..5.48 rows=105 width=0)
	        Index Cond: ((k >= 5779574) AND (k <= 5779674))

table 4 : explain SELECT k, c FROM sbtest4 WHERE k BETWEEN 5779574 AND 5779674
	Bitmap Heap Scan on sbtest4  (cost=5.45..397.25 rows=99 width=125)
	  Recheck Cond: ((k >= 5779574) AND (k <= 5779674))
	  ->  Bitmap Index Scan on k_4  (cost=0.00..5.42 rows=99 width=0)
	        Index Cond: ((k >= 5779574) AND (k <= 5779674))

table 5 : explain SELECT k, c FROM sbtest5 WHERE k BETWEEN 5779574 AND 5779674
	Bitmap Heap Scan on sbtest5  (cost=5.47..405.13 rows=101 width=125)
	  Recheck Cond: ((k >= 5779574) AND (k <= 5779674))
	  ->  Bitmap Index Scan on k_5  (cost=0.00..5.44 rows=101 width=0)
	        Index Cond: ((k >= 5779574) AND (k <= 5779674))

table 6 : explain SELECT k, c FROM sbtest6 WHERE k BETWEEN 5779574 AND 5779674
	Bitmap Heap Scan on sbtest6  (cost=5.43..389.37 rows=97 width=125)
	  Recheck Cond: ((k >= 5779574) AND (k <= 5779674))
	  ->  Bitmap Index Scan on k_6  (cost=0.00..5.40 rows=97 width=0)
	        Index Cond: ((k >= 5779574) AND (k <= 5779674))

table 7 : explain SELECT k, c FROM sbtest7 WHERE k BETWEEN 5779574 AND 5779674
	Bitmap Heap Scan on sbtest7  (cost=5.47..405.13 rows=101 width=125)
	  Recheck Cond: ((k >= 5779574) AND (k <= 5779674))
	  ->  Bitmap Index Scan on k_7  (cost=0.00..5.44 rows=101 width=0)
	        Index Cond: ((k >= 5779574) AND (k <= 5779674))

table 8 : explain SELECT k, c FROM sbtest8 WHERE k BETWEEN 5779574 AND 5779674
	Bitmap Heap Scan on sbtest8  (cost=5.54..432.69 rows=108 width=125)
	  Recheck Cond: ((k >= 5779574) AND (k <= 5779674))
	  ->  Bitmap Index Scan on k_8  (cost=0.00..5.51 rows=108 width=0)
	        Index Cond: ((k >= 5779574) AND (k <= 5779674))

explain: for range-notcovered :: explain SELECT k, c FROM sbtest%d WHERE k BETWEEN 5779574 AND 5779674
explain: for range-notcovered :: explain SELECT k, c FROM sbtest%d WHERE k BETWEEN 6423839 AND 6423939
for range-notcovered
table 1 : explain SELECT k, c FROM sbtest1 WHERE k BETWEEN 2571687 AND 2571787
	Bitmap Heap Scan on sbtest1  (cost=5.53..428.75 rows=107 width=125)
	  Recheck Cond: ((k >= 2571687) AND (k <= 2571787))
	  ->  Bitmap Index Scan on k_1  (cost=0.00..5.50 rows=107 width=0)
	        Index Cond: ((k >= 2571687) AND (k <= 2571787))

table 2 : explain SELECT k, c FROM sbtest2 WHERE k BETWEEN 2571687 AND 2571787
	Bitmap Heap Scan on sbtest2  (cost=5.49..413.00 rows=103 width=125)
	  Recheck Cond: ((k >= 2571687) AND (k <= 2571787))
	  ->  Bitmap Index Scan on k_2  (cost=0.00..5.46 rows=103 width=0)
	        Index Cond: ((k >= 2571687) AND (k <= 2571787))

table 3 : explain SELECT k, c FROM sbtest3 WHERE k BETWEEN 2571687 AND 2571787
	Bitmap Heap Scan on sbtest3  (cost=5.57..444.49 rows=111 width=125)
	  Recheck Cond: ((k >= 2571687) AND (k <= 2571787))
	  ->  Bitmap Index Scan on k_3  (cost=0.00..5.54 rows=111 width=0)
	        Index Cond: ((k >= 2571687) AND (k <= 2571787))

table 4 : explain SELECT k, c FROM sbtest4 WHERE k BETWEEN 2571687 AND 2571787
	Bitmap Heap Scan on sbtest4  (cost=5.44..393.31 rows=98 width=125)
	  Recheck Cond: ((k >= 2571687) AND (k <= 2571787))
	  ->  Bitmap Index Scan on k_4  (cost=0.00..5.42 rows=98 width=0)
	        Index Cond: ((k >= 2571687) AND (k <= 2571787))

table 5 : explain SELECT k, c FROM sbtest5 WHERE k BETWEEN 2571687 AND 2571787
	Bitmap Heap Scan on sbtest5  (cost=5.47..405.13 rows=101 width=125)
	  Recheck Cond: ((k >= 2571687) AND (k <= 2571787))
	  ->  Bitmap Index Scan on k_5  (cost=0.00..5.44 rows=101 width=0)
	        Index Cond: ((k >= 2571687) AND (k <= 2571787))

table 6 : explain SELECT k, c FROM sbtest6 WHERE k BETWEEN 2571687 AND 2571787
	Bitmap Heap Scan on sbtest6  (cost=5.44..393.31 rows=98 width=125)
	  Recheck Cond: ((k >= 2571687) AND (k <= 2571787))
	  ->  Bitmap Index Scan on k_6  (cost=0.00..5.42 rows=98 width=0)
	        Index Cond: ((k >= 2571687) AND (k <= 2571787))

table 7 : explain SELECT k, c FROM sbtest7 WHERE k BETWEEN 2571687 AND 2571787
	Bitmap Heap Scan on sbtest7  (cost=5.47..405.13 rows=101 width=125)
	  Recheck Cond: ((k >= 2571687) AND (k <= 2571787))
	  ->  Bitmap Index Scan on k_7  (cost=0.00..5.44 rows=101 width=0)
	        Index Cond: ((k >= 2571687) AND (k <= 2571787))

table 8 : explain SELECT k, c FROM sbtest8 WHERE k BETWEEN 2571687 AND 2571787
	Bitmap Heap Scan on sbtest8  (cost=5.39..373.61 rows=93 width=125)
	  Recheck Cond: ((k >= 2571687) AND (k <= 2571787))
	  ->  Bitmap Index Scan on k_8  (cost=0.00..5.36 rows=93 width=0)
	        Index Cond: ((k >= 2571687) AND (k <= 2571787))

for range-notcovered
table 1 : explain SELECT k, c FROM sbtest1 WHERE k BETWEEN 7390465 AND 7390565
	Bitmap Heap Scan on sbtest1  (cost=5.45..397.25 rows=99 width=125)
	  Recheck Cond: ((k >= 7390465) AND (k <= 7390565))
	  ->  Bitmap Index Scan on k_1  (cost=0.00..5.42 rows=99 width=0)
	        Index Cond: ((k >= 7390465) AND (k <= 7390565))

table 2 : explain SELECT k, c FROM sbtest2 WHERE k BETWEEN 7390465 AND 7390565
	Bitmap Heap Scan on sbtest2  (cost=5.59..452.36 rows=113 width=125)
	  Recheck Cond: ((k >= 7390465) AND (k <= 7390565))
	  ->  Bitmap Index Scan on k_2  (cost=0.00..5.56 rows=113 width=0)
	        Index Cond: ((k >= 7390465) AND (k <= 7390565))

table 3 : explain SELECT k, c FROM sbtest3 WHERE k BETWEEN 7390465 AND 7390565
	Bitmap Heap Scan on sbtest3  (cost=5.46..401.19 rows=100 width=125)
	  Recheck Cond: ((k >= 7390465) AND (k <= 7390565))
	  ->  Bitmap Index Scan on k_3  (cost=0.00..5.43 rows=100 width=0)
	        Index Cond: ((k >= 7390465) AND (k <= 7390565))

table 4 : explain SELECT k, c FROM sbtest4 WHERE k BETWEEN 7390465 AND 7390565
	Bitmap Heap Scan on sbtest4  (cost=5.41..381.49 rows=95 width=125)
	  Recheck Cond: ((k >= 7390465) AND (k <= 7390565))
	  ->  Bitmap Index Scan on k_4  (cost=0.00..5.38 rows=95 width=0)
	        Index Cond: ((k >= 7390465) AND (k <= 7390565))

table 5 : explain SELECT k, c FROM sbtest5 WHERE k BETWEEN 7390465 AND 7390565
	Bitmap Heap Scan on sbtest5  (cost=5.57..444.49 rows=111 width=125)
	  Recheck Cond: ((k >= 7390465) AND (k <= 7390565))
	  ->  Bitmap Index Scan on k_5  (cost=0.00..5.54 rows=111 width=0)
	        Index Cond: ((k >= 7390465) AND (k <= 7390565))

table 6 : explain SELECT k, c FROM sbtest6 WHERE k BETWEEN 7390465 AND 7390565
	Bitmap Heap Scan on sbtest6  (cost=5.38..369.67 rows=92 width=125)
	  Recheck Cond: ((k >= 7390465) AND (k <= 7390565))
	  ->  Bitmap Index Scan on k_6  (cost=0.00..5.35 rows=92 width=0)
	        Index Cond: ((k >= 7390465) AND (k <= 7390565))

table 7 : explain SELECT k, c FROM sbtest7 WHERE k BETWEEN 7390465 AND 7390565
	Bitmap Heap Scan on sbtest7  (cost=5.49..413.00 rows=103 width=125)
	  Recheck Cond: ((k >= 7390465) AND (k <= 7390565))
	  ->  Bitmap Index Scan on k_7  (cost=0.00..5.46 rows=103 width=0)
	        Index Cond: ((k >= 7390465) AND (k <= 7390565))

table 8 : explain SELECT k, c FROM sbtest8 WHERE k BETWEEN 7390465 AND 7390565
	Bitmap Heap Scan on sbtest8  (cost=5.50..416.94 rows=104 width=125)
	  Recheck Cond: ((k >= 7390465) AND (k <= 7390565))
	  ->  Bitmap Index Scan on k_8  (cost=0.00..5.47 rows=104 width=0)
	        Index Cond: ((k >= 7390465) AND (k <= 7390565))

for range-notcovered
table 1 : explain SELECT k, c FROM sbtest1 WHERE k BETWEEN 7658495 AND 7658595
	Bitmap Heap Scan on sbtest1  (cost=5.52..424.81 rows=106 width=125)
	  Recheck Cond: ((k >= 7658495) AND (k <= 7658595))
	  ->  Bitmap Index Scan on k_1  (cost=0.00..5.50 rows=106 width=0)
	        Index Cond: ((k >= 7658495) AND (k <= 7658595))

table 2 : explain SELECT k, c FROM sbtest2 WHERE k BETWEEN 7658495 AND 7658595
	Bitmap Heap Scan on sbtest2  (cost=5.42..385.43 rows=96 width=125)
	  Recheck Cond: ((k >= 7658495) AND (k <= 7658595))
	  ->  Bitmap Index Scan on k_2  (cost=0.00..5.39 rows=96 width=0)
	        Index Cond: ((k >= 7658495) AND (k <= 7658595))

table 3 : explain SELECT k, c FROM sbtest3 WHERE k BETWEEN 7658495 AND 7658595
	Bitmap Heap Scan on sbtest3  (cost=5.68..483.81 rows=121 width=125)
	  Recheck Cond: ((k >= 7658495) AND (k <= 7658595))
	  ->  Bitmap Index Scan on k_3  (cost=0.00..5.64 rows=121 width=0)
	        Index Cond: ((k >= 7658495) AND (k <= 7658595))

table 4 : explain SELECT k, c FROM sbtest4 WHERE k BETWEEN 7658495 AND 7658595
	Bitmap Heap Scan on sbtest4  (cost=5.42..385.43 rows=96 width=125)
	  Recheck Cond: ((k >= 7658495) AND (k <= 7658595))
	  ->  Bitmap Index Scan on k_4  (cost=0.00..5.39 rows=96 width=0)
	        Index Cond: ((k >= 7658495) AND (k <= 7658595))

table 5 : explain SELECT k, c FROM sbtest5 WHERE k BETWEEN 7658495 AND 7658595
	Bitmap Heap Scan on sbtest5  (cost=5.39..373.61 rows=93 width=125)
	  Recheck Cond: ((k >= 7658495) AND (k <= 7658595))
	  ->  Bitmap Index Scan on k_5  (cost=0.00..5.36 rows=93 width=0)
	        Index Cond: ((k >= 7658495) AND (k <= 7658595))

table 6 : explain SELECT k, c FROM sbtest6 WHERE k BETWEEN 7658495 AND 7658595
	Bitmap Heap Scan on sbtest6  (cost=5.40..377.55 rows=94 width=125)
	  Recheck Cond: ((k >= 7658495) AND (k <= 7658595))
	  ->  Bitmap Index Scan on k_6  (cost=0.00..5.38 rows=94 width=0)
	        Index Cond: ((k >= 7658495) AND (k <= 7658595))

table 7 : explain SELECT k, c FROM sbtest7 WHERE k BETWEEN 7658495 AND 7658595
	Bitmap Heap Scan on sbtest7  (cost=5.42..385.43 rows=96 width=125)
	  Recheck Cond: ((k >= 7658495) AND (k <= 7658595))
	  ->  Bitmap Index Scan on k_7  (cost=0.00..5.39 rows=96 width=0)
	        Index Cond: ((k >= 7658495) AND (k <= 7658595))

table 8 : explain SELECT k, c FROM sbtest8 WHERE k BETWEEN 7658495 AND 7658595
	Bitmap Heap Scan on sbtest8  (cost=5.44..393.31 rows=98 width=125)
	  Recheck Cond: ((k >= 7658495) AND (k <= 7658595))
	  ->  Bitmap Index Scan on k_8  (cost=0.00..5.42 rows=98 width=0)
	        Index Cond: ((k >= 7658495) AND (k <= 7658595))

explain: for range-notcovered :: explain SELECT k, c FROM sbtest%d WHERE k BETWEEN 7390465 AND 7390565
explain: for range-notcovered :: explain SELECT k, c FROM sbtest%d WHERE k BETWEEN 7658495 AND 7658595
explain: for range-notcovered :: explain SELECT k, c FROM sbtest%d WHERE k BETWEEN 4564252 AND 4564352
for range-notcovered
table 1 : explain SELECT k, c FROM sbtest1 WHERE k BETWEEN 4327344 AND 4327444
	Bitmap Heap Scan on sbtest1  (cost=5.47..405.13 rows=101 width=125)
	  Recheck Cond: ((k >= 4327344) AND (k <= 4327444))
	  ->  Bitmap Index Scan on k_1  (cost=0.00..5.44 rows=101 width=0)
	        Index Cond: ((k >= 4327344) AND (k <= 4327444))

table 2 : explain SELECT k, c FROM sbtest2 WHERE k BETWEEN 4327344 AND 4327444
	Bitmap Heap Scan on sbtest2  (cost=5.47..405.13 rows=101 width=125)
	  Recheck Cond: ((k >= 4327344) AND (k <= 4327444))
	  ->  Bitmap Index Scan on k_2  (cost=0.00..5.44 rows=101 width=0)
	        Index Cond: ((k >= 4327344) AND (k <= 4327444))

table 3 : explain SELECT k, c FROM sbtest3 WHERE k BETWEEN 4327344 AND 4327444
	Bitmap Heap Scan on sbtest3  (cost=5.53..428.75 rows=107 width=125)
	  Recheck Cond: ((k >= 4327344) AND (k <= 4327444))
	  ->  Bitmap Index Scan on k_3  (cost=0.00..5.50 rows=107 width=0)
	        Index Cond: ((k >= 4327344) AND (k <= 4327444))

table 4 : explain SELECT k, c FROM sbtest4 WHERE k BETWEEN 4327344 AND 4327444
	Bitmap Heap Scan on sbtest4  (cost=5.51..420.88 rows=105 width=125)
	  Recheck Cond: ((k >= 4327344) AND (k <= 4327444))
	  ->  Bitmap Index Scan on k_4  (cost=0.00..5.48 rows=105 width=0)
	        Index Cond: ((k >= 4327344) AND (k <= 4327444))

table 5 : explain SELECT k, c FROM sbtest5 WHERE k BETWEEN 4327344 AND 4327444
	Bitmap Heap Scan on sbtest5  (cost=5.42..385.43 rows=96 width=125)
	  Recheck Cond: ((k >= 4327344) AND (k <= 4327444))
	  ->  Bitmap Index Scan on k_5  (cost=0.00..5.39 rows=96 width=0)
	        Index Cond: ((k >= 4327344) AND (k <= 4327444))

table 6 : explain SELECT k, c FROM sbtest6 WHERE k BETWEEN 4327344 AND 4327444
	Bitmap Heap Scan on sbtest6  (cost=5.48..409.07 rows=102 width=125)
	  Recheck Cond: ((k >= 4327344) AND (k <= 4327444))
	  ->  Bitmap Index Scan on k_6  (cost=0.00..5.45 rows=102 width=0)
	        Index Cond: ((k >= 4327344) AND (k <= 4327444))

table 7 : explain SELECT k, c FROM sbtest7 WHERE k BETWEEN 4327344 AND 4327444
	Bitmap Heap Scan on sbtest7  (cost=5.47..405.13 rows=101 width=125)
	  Recheck Cond: ((k >= 4327344) AND (k <= 4327444))
	  ->  Bitmap Index Scan on k_7  (cost=0.00..5.44 rows=101 width=0)
	        Index Cond: ((k >= 4327344) AND (k <= 4327444))

table 8 : explain SELECT k, c FROM sbtest8 WHERE k BETWEEN 4327344 AND 4327444
	Bitmap Heap Scan on sbtest8  (cost=5.48..409.07 rows=102 width=125)
	  Recheck Cond: ((k >= 4327344) AND (k <= 4327444))
	  ->  Bitmap Index Scan on k_8  (cost=0.00..5.45 rows=102 width=0)
	        Index Cond: ((k >= 4327344) AND (k <= 4327444))

explain: for range-notcovered :: explain SELECT k, c FROM sbtest%d WHERE k BETWEEN 4327344 AND 4327444
for range-notcovered
table 1 : explain SELECT k, c FROM sbtest1 WHERE k BETWEEN 5779574 AND 5779674
	Bitmap Heap Scan on sbtest1  (cost=5.51..420.88 rows=105 width=125)
	  Recheck Cond: ((k >= 5779574) AND (k <= 5779674))
	  ->  Bitmap Index Scan on k_1  (cost=0.00..5.48 rows=105 width=0)
	        Index Cond: ((k >= 5779574) AND (k <= 5779674))

table 2 : explain SELECT k, c FROM sbtest2 WHERE k BETWEEN 5779574 AND 5779674
	Bitmap Heap Scan on sbtest2  (cost=5.47..405.13 rows=101 width=125)
	  Recheck Cond: ((k >= 5779574) AND (k <= 5779674))
	  ->  Bitmap Index Scan on k_2  (cost=0.00..5.44 rows=101 width=0)
	        Index Cond: ((k >= 5779574) AND (k <= 5779674))

table 3 : explain SELECT k, c FROM sbtest3 WHERE k BETWEEN 5779574 AND 5779674
	Bitmap Heap Scan on sbtest3  (cost=5.51..420.88 rows=105 width=125)
	  Recheck Cond: ((k >= 5779574) AND (k <= 5779674))
	  ->  Bitmap Index Scan on k_3  (cost=0.00..5.48 rows=105 width=0)
	        Index Cond: ((k >= 5779574) AND (k <= 5779674))

table 4 : explain SELECT k, c FROM sbtest4 WHERE k BETWEEN 5779574 AND 5779674
	Bitmap Heap Scan on sbtest4  (cost=5.45..397.25 rows=99 width=125)
	  Recheck Cond: ((k >= 5779574) AND (k <= 5779674))
	  ->  Bitmap Index Scan on k_4  (cost=0.00..5.42 rows=99 width=0)
	        Index Cond: ((k >= 5779574) AND (k <= 5779674))

table 5 : explain SELECT k, c FROM sbtest5 WHERE k BETWEEN 5779574 AND 5779674
	Bitmap Heap Scan on sbtest5  (cost=5.47..405.13 rows=101 width=125)
	  Recheck Cond: ((k >= 5779574) AND (k <= 5779674))
	  ->  Bitmap Index Scan on k_5  (cost=0.00..5.44 rows=101 width=0)
	        Index Cond: ((k >= 5779574) AND (k <= 5779674))

table 6 : explain SELECT k, c FROM sbtest6 WHERE k BETWEEN 5779574 AND 5779674
	Bitmap Heap Scan on sbtest6  (cost=5.43..389.37 rows=97 width=125)
	  Recheck Cond: ((k >= 5779574) AND (k <= 5779674))
	  ->  Bitmap Index Scan on k_6  (cost=0.00..5.40 rows=97 width=0)
	        Index Cond: ((k >= 5779574) AND (k <= 5779674))

table 7 : explain SELECT k, c FROM sbtest7 WHERE k BETWEEN 5779574 AND 5779674
	Bitmap Heap Scan on sbtest7  (cost=5.47..405.13 rows=101 width=125)
	  Recheck Cond: ((k >= 5779574) AND (k <= 5779674))
	  ->  Bitmap Index Scan on k_7  (cost=0.00..5.44 rows=101 width=0)
	        Index Cond: ((k >= 5779574) AND (k <= 5779674))

table 8 : explain SELECT k, c FROM sbtest8 WHERE k BETWEEN 5779574 AND 5779674
	Bitmap Heap Scan on sbtest8  (cost=5.54..432.69 rows=108 width=125)
	  Recheck Cond: ((k >= 5779574) AND (k <= 5779674))
	  ->  Bitmap Index Scan on k_8  (cost=0.00..5.51 rows=108 width=0)
	        Index Cond: ((k >= 5779574) AND (k <= 5779674))

explain: for range-notcovered :: explain SELECT k, c FROM sbtest%d WHERE k BETWEEN 5779574 AND 5779674
explain: for range-notcovered :: explain SELECT k, c FROM sbtest%d WHERE k BETWEEN 7891657 AND 7891757
for range-notcovered
table 1 : explain SELECT k, c FROM sbtest1 WHERE k BETWEEN 7390465 AND 7390565
	Bitmap Heap Scan on sbtest1  (cost=5.45..397.25 rows=99 width=125)
	  Recheck Cond: ((k >= 7390465) AND (k <= 7390565))
	  ->  Bitmap Index Scan on k_1  (cost=0.00..5.42 rows=99 width=0)
	        Index Cond: ((k >= 7390465) AND (k <= 7390565))

table 2 : explain SELECT k, c FROM sbtest2 WHERE k BETWEEN 7390465 AND 7390565
	Bitmap Heap Scan on sbtest2  (cost=5.59..452.36 rows=113 width=125)
	  Recheck Cond: ((k >= 7390465) AND (k <= 7390565))
	  ->  Bitmap Index Scan on k_2  (cost=0.00..5.56 rows=113 width=0)
	        Index Cond: ((k >= 7390465) AND (k <= 7390565))

table 3 : explain SELECT k, c FROM sbtest3 WHERE k BETWEEN 7390465 AND 7390565
	Bitmap Heap Scan on sbtest3  (cost=5.46..401.19 rows=100 width=125)
	  Recheck Cond: ((k >= 7390465) AND (k <= 7390565))
	  ->  Bitmap Index Scan on k_3  (cost=0.00..5.43 rows=100 width=0)
	        Index Cond: ((k >= 7390465) AND (k <= 7390565))

table 4 : explain SELECT k, c FROM sbtest4 WHERE k BETWEEN 7390465 AND 7390565
	Bitmap Heap Scan on sbtest4  (cost=5.41..381.49 rows=95 width=125)
	  Recheck Cond: ((k >= 7390465) AND (k <= 7390565))
	  ->  Bitmap Index Scan on k_4  (cost=0.00..5.38 rows=95 width=0)
	        Index Cond: ((k >= 7390465) AND (k <= 7390565))

table 5 : explain SELECT k, c FROM sbtest5 WHERE k BETWEEN 7390465 AND 7390565
	Bitmap Heap Scan on sbtest5  (cost=5.57..444.49 rows=111 width=125)
	  Recheck Cond: ((k >= 7390465) AND (k <= 7390565))
	  ->  Bitmap Index Scan on k_5  (cost=0.00..5.54 rows=111 width=0)
	        Index Cond: ((k >= 7390465) AND (k <= 7390565))

table 6 : explain SELECT k, c FROM sbtest6 WHERE k BETWEEN 7390465 AND 7390565
	Bitmap Heap Scan on sbtest6  (cost=5.38..369.67 rows=92 width=125)
	  Recheck Cond: ((k >= 7390465) AND (k <= 7390565))
	  ->  Bitmap Index Scan on k_6  (cost=0.00..5.35 rows=92 width=0)
	        Index Cond: ((k >= 7390465) AND (k <= 7390565))

table 7 : explain SELECT k, c FROM sbtest7 WHERE k BETWEEN 7390465 AND 7390565
	Bitmap Heap Scan on sbtest7  (cost=5.49..413.00 rows=103 width=125)
	  Recheck Cond: ((k >= 7390465) AND (k <= 7390565))
	  ->  Bitmap Index Scan on k_7  (cost=0.00..5.46 rows=103 width=0)
	        Index Cond: ((k >= 7390465) AND (k <= 7390565))

table 8 : explain SELECT k, c FROM sbtest8 WHERE k BETWEEN 7390465 AND 7390565
	Bitmap Heap Scan on sbtest8  (cost=5.50..416.94 rows=104 width=125)
	  Recheck Cond: ((k >= 7390465) AND (k <= 7390565))
	  ->  Bitmap Index Scan on k_8  (cost=0.00..5.47 rows=104 width=0)
	        Index Cond: ((k >= 7390465) AND (k <= 7390565))

explain: for range-notcovered :: explain SELECT k, c FROM sbtest%d WHERE k BETWEEN 7390465 AND 7390565
explain: for range-notcovered :: explain SELECT k, c FROM sbtest%d WHERE k BETWEEN 2571687 AND 2571787
for range-notcovered
table 1 : explain SELECT k, c FROM sbtest1 WHERE k BETWEEN 4327344 AND 4327444
	Bitmap Heap Scan on sbtest1  (cost=5.47..405.13 rows=101 width=125)
	  Recheck Cond: ((k >= 4327344) AND (k <= 4327444))
	  ->  Bitmap Index Scan on k_1  (cost=0.00..5.44 rows=101 width=0)
	        Index Cond: ((k >= 4327344) AND (k <= 4327444))

table 2 : explain SELECT k, c FROM sbtest2 WHERE k BETWEEN 4327344 AND 4327444
	Bitmap Heap Scan on sbtest2  (cost=5.47..405.13 rows=101 width=125)
	  Recheck Cond: ((k >= 4327344) AND (k <= 4327444))
	  ->  Bitmap Index Scan on k_2  (cost=0.00..5.44 rows=101 width=0)
	        Index Cond: ((k >= 4327344) AND (k <= 4327444))

table 3 : explain SELECT k, c FROM sbtest3 WHERE k BETWEEN 4327344 AND 4327444
	Bitmap Heap Scan on sbtest3  (cost=5.53..428.75 rows=107 width=125)
	  Recheck Cond: ((k >= 4327344) AND (k <= 4327444))
	  ->  Bitmap Index Scan on k_3  (cost=0.00..5.50 rows=107 width=0)
	        Index Cond: ((k >= 4327344) AND (k <= 4327444))

table 4 : explain SELECT k, c FROM sbtest4 WHERE k BETWEEN 4327344 AND 4327444
	Bitmap Heap Scan on sbtest4  (cost=5.51..420.88 rows=105 width=125)
	  Recheck Cond: ((k >= 4327344) AND (k <= 4327444))
	  ->  Bitmap Index Scan on k_4  (cost=0.00..5.48 rows=105 width=0)
	        Index Cond: ((k >= 4327344) AND (k <= 4327444))

table 5 : explain SELECT k, c FROM sbtest5 WHERE k BETWEEN 4327344 AND 4327444
	Bitmap Heap Scan on sbtest5  (cost=5.42..385.43 rows=96 width=125)
	  Recheck Cond: ((k >= 4327344) AND (k <= 4327444))
	  ->  Bitmap Index Scan on k_5  (cost=0.00..5.39 rows=96 width=0)
	        Index Cond: ((k >= 4327344) AND (k <= 4327444))

table 6 : explain SELECT k, c FROM sbtest6 WHERE k BETWEEN 4327344 AND 4327444
	Bitmap Heap Scan on sbtest6  (cost=5.48..409.07 rows=102 width=125)
	  Recheck Cond: ((k >= 4327344) AND (k <= 4327444))
	  ->  Bitmap Index Scan on k_6  (cost=0.00..5.45 rows=102 width=0)
	        Index Cond: ((k >= 4327344) AND (k <= 4327444))

table 7 : explain SELECT k, c FROM sbtest7 WHERE k BETWEEN 4327344 AND 4327444
	Bitmap Heap Scan on sbtest7  (cost=5.47..405.13 rows=101 width=125)
	  Recheck Cond: ((k >= 4327344) AND (k <= 4327444))
	  ->  Bitmap Index Scan on k_7  (cost=0.00..5.44 rows=101 width=0)
	        Index Cond: ((k >= 4327344) AND (k <= 4327444))

table 8 : explain SELECT k, c FROM sbtest8 WHERE k BETWEEN 4327344 AND 4327444
	Bitmap Heap Scan on sbtest8  (cost=5.48..409.07 rows=102 width=125)
	  Recheck Cond: ((k >= 4327344) AND (k <= 4327444))
	  ->  Bitmap Index Scan on k_8  (cost=0.00..5.45 rows=102 width=0)
	        Index Cond: ((k >= 4327344) AND (k <= 4327444))

for range-notcovered
table 1 : explain SELECT k, c FROM sbtest1 WHERE k BETWEEN 7658495 AND 7658595
	Bitmap Heap Scan on sbtest1  (cost=5.52..424.81 rows=106 width=125)
	  Recheck Cond: ((k >= 7658495) AND (k <= 7658595))
	  ->  Bitmap Index Scan on k_1  (cost=0.00..5.50 rows=106 width=0)
	        Index Cond: ((k >= 7658495) AND (k <= 7658595))

table 2 : explain SELECT k, c FROM sbtest2 WHERE k BETWEEN 7658495 AND 7658595
	Bitmap Heap Scan on sbtest2  (cost=5.42..385.43 rows=96 width=125)
	  Recheck Cond: ((k >= 7658495) AND (k <= 7658595))
	  ->  Bitmap Index Scan on k_2  (cost=0.00..5.39 rows=96 width=0)
	        Index Cond: ((k >= 7658495) AND (k <= 7658595))

table 3 : explain SELECT k, c FROM sbtest3 WHERE k BETWEEN 7658495 AND 7658595
	Bitmap Heap Scan on sbtest3  (cost=5.68..483.81 rows=121 width=125)
	  Recheck Cond: ((k >= 7658495) AND (k <= 7658595))
	  ->  Bitmap Index Scan on k_3  (cost=0.00..5.64 rows=121 width=0)
	        Index Cond: ((k >= 7658495) AND (k <= 7658595))

table 4 : explain SELECT k, c FROM sbtest4 WHERE k BETWEEN 7658495 AND 7658595
	Bitmap Heap Scan on sbtest4  (cost=5.42..385.43 rows=96 width=125)
	  Recheck Cond: ((k >= 7658495) AND (k <= 7658595))
	  ->  Bitmap Index Scan on k_4  (cost=0.00..5.39 rows=96 width=0)
	        Index Cond: ((k >= 7658495) AND (k <= 7658595))

table 5 : explain SELECT k, c FROM sbtest5 WHERE k BETWEEN 7658495 AND 7658595
	Bitmap Heap Scan on sbtest5  (cost=5.39..373.61 rows=93 width=125)
	  Recheck Cond: ((k >= 7658495) AND (k <= 7658595))
	  ->  Bitmap Index Scan on k_5  (cost=0.00..5.36 rows=93 width=0)
	        Index Cond: ((k >= 7658495) AND (k <= 7658595))

table 6 : explain SELECT k, c FROM sbtest6 WHERE k BETWEEN 7658495 AND 7658595
	Bitmap Heap Scan on sbtest6  (cost=5.40..377.55 rows=94 width=125)
	  Recheck Cond: ((k >= 7658495) AND (k <= 7658595))
	  ->  Bitmap Index Scan on k_6  (cost=0.00..5.38 rows=94 width=0)
	        Index Cond: ((k >= 7658495) AND (k <= 7658595))

table 7 : explain SELECT k, c FROM sbtest7 WHERE k BETWEEN 7658495 AND 7658595
	Bitmap Heap Scan on sbtest7  (cost=5.42..385.43 rows=96 width=125)
	  Recheck Cond: ((k >= 7658495) AND (k <= 7658595))
	  ->  Bitmap Index Scan on k_7  (cost=0.00..5.39 rows=96 width=0)
	        Index Cond: ((k >= 7658495) AND (k <= 7658595))

table 8 : explain SELECT k, c FROM sbtest8 WHERE k BETWEEN 7658495 AND 7658595
	Bitmap Heap Scan on sbtest8  (cost=5.44..393.31 rows=98 width=125)
	  Recheck Cond: ((k >= 7658495) AND (k <= 7658595))
	  ->  Bitmap Index Scan on k_8  (cost=0.00..5.42 rows=98 width=0)
	        Index Cond: ((k >= 7658495) AND (k <= 7658595))

explain: for range-notcovered :: explain SELECT k, c FROM sbtest%d WHERE k BETWEEN 4327344 AND 4327444
explain: for range-notcovered :: explain SELECT k, c FROM sbtest%d WHERE k BETWEEN 7658495 AND 7658595
for range-notcovered
table 1 : explain SELECT k, c FROM sbtest1 WHERE k BETWEEN 2571687 AND 2571787
	Bitmap Heap Scan on sbtest1  (cost=5.53..428.75 rows=107 width=125)
	  Recheck Cond: ((k >= 2571687) AND (k <= 2571787))
	  ->  Bitmap Index Scan on k_1  (cost=0.00..5.50 rows=107 width=0)
	        Index Cond: ((k >= 2571687) AND (k <= 2571787))

table 2 : explain SELECT k, c FROM sbtest2 WHERE k BETWEEN 2571687 AND 2571787
	Bitmap Heap Scan on sbtest2  (cost=5.49..413.00 rows=103 width=125)
	  Recheck Cond: ((k >= 2571687) AND (k <= 2571787))
	  ->  Bitmap Index Scan on k_2  (cost=0.00..5.46 rows=103 width=0)
	        Index Cond: ((k >= 2571687) AND (k <= 2571787))

table 3 : explain SELECT k, c FROM sbtest3 WHERE k BETWEEN 2571687 AND 2571787
	Bitmap Heap Scan on sbtest3  (cost=5.57..444.49 rows=111 width=125)
	  Recheck Cond: ((k >= 2571687) AND (k <= 2571787))
	  ->  Bitmap Index Scan on k_3  (cost=0.00..5.54 rows=111 width=0)
	        Index Cond: ((k >= 2571687) AND (k <= 2571787))

table 4 : explain SELECT k, c FROM sbtest4 WHERE k BETWEEN 2571687 AND 2571787
	Bitmap Heap Scan on sbtest4  (cost=5.44..393.31 rows=98 width=125)
	  Recheck Cond: ((k >= 2571687) AND (k <= 2571787))
	  ->  Bitmap Index Scan on k_4  (cost=0.00..5.42 rows=98 width=0)
	        Index Cond: ((k >= 2571687) AND (k <= 2571787))

table 5 : explain SELECT k, c FROM sbtest5 WHERE k BETWEEN 2571687 AND 2571787
	Bitmap Heap Scan on sbtest5  (cost=5.47..405.13 rows=101 width=125)
	  Recheck Cond: ((k >= 2571687) AND (k <= 2571787))
	  ->  Bitmap Index Scan on k_5  (cost=0.00..5.44 rows=101 width=0)
	        Index Cond: ((k >= 2571687) AND (k <= 2571787))

table 6 : explain SELECT k, c FROM sbtest6 WHERE k BETWEEN 2571687 AND 2571787
	Bitmap Heap Scan on sbtest6  (cost=5.44..393.31 rows=98 width=125)
	  Recheck Cond: ((k >= 2571687) AND (k <= 2571787))
	  ->  Bitmap Index Scan on k_6  (cost=0.00..5.42 rows=98 width=0)
	        Index Cond: ((k >= 2571687) AND (k <= 2571787))

table 7 : explain SELECT k, c FROM sbtest7 WHERE k BETWEEN 2571687 AND 2571787
	Bitmap Heap Scan on sbtest7  (cost=5.47..405.13 rows=101 width=125)
	  Recheck Cond: ((k >= 2571687) AND (k <= 2571787))
	  ->  Bitmap Index Scan on k_7  (cost=0.00..5.44 rows=101 width=0)
	        Index Cond: ((k >= 2571687) AND (k <= 2571787))

table 8 : explain SELECT k, c FROM sbtest8 WHERE k BETWEEN 2571687 AND 2571787
	Bitmap Heap Scan on sbtest8  (cost=5.39..373.61 rows=93 width=125)
	  Recheck Cond: ((k >= 2571687) AND (k <= 2571787))
	  ->  Bitmap Index Scan on k_8  (cost=0.00..5.36 rows=93 width=0)
	        Index Cond: ((k >= 2571687) AND (k <= 2571787))

explain: for range-notcovered :: explain SELECT k, c FROM sbtest%d WHERE k BETWEEN 2571687 AND 2571787
for range-notcovered
table 1 : explain SELECT k, c FROM sbtest1 WHERE k BETWEEN 7390465 AND 7390565
	Bitmap Heap Scan on sbtest1  (cost=5.45..397.25 rows=99 width=125)
	  Recheck Cond: ((k >= 7390465) AND (k <= 7390565))
	  ->  Bitmap Index Scan on k_1  (cost=0.00..5.42 rows=99 width=0)
	        Index Cond: ((k >= 7390465) AND (k <= 7390565))

table 2 : explain SELECT k, c FROM sbtest2 WHERE k BETWEEN 7390465 AND 7390565
	Bitmap Heap Scan on sbtest2  (cost=5.59..452.36 rows=113 width=125)
	  Recheck Cond: ((k >= 7390465) AND (k <= 7390565))
	  ->  Bitmap Index Scan on k_2  (cost=0.00..5.56 rows=113 width=0)
	        Index Cond: ((k >= 7390465) AND (k <= 7390565))

table 3 : explain SELECT k, c FROM sbtest3 WHERE k BETWEEN 7390465 AND 7390565
	Bitmap Heap Scan on sbtest3  (cost=5.46..401.19 rows=100 width=125)
	  Recheck Cond: ((k >= 7390465) AND (k <= 7390565))
	  ->  Bitmap Index Scan on k_3  (cost=0.00..5.43 rows=100 width=0)
	        Index Cond: ((k >= 7390465) AND (k <= 7390565))

table 4 : explain SELECT k, c FROM sbtest4 WHERE k BETWEEN 7390465 AND 7390565
	Bitmap Heap Scan on sbtest4  (cost=5.41..381.49 rows=95 width=125)
	  Recheck Cond: ((k >= 7390465) AND (k <= 7390565))
	  ->  Bitmap Index Scan on k_4  (cost=0.00..5.38 rows=95 width=0)
	        Index Cond: ((k >= 7390465) AND (k <= 7390565))

table 5 : explain SELECT k, c FROM sbtest5 WHERE k BETWEEN 7390465 AND 7390565
	Bitmap Heap Scan on sbtest5  (cost=5.57..444.49 rows=111 width=125)
	  Recheck Cond: ((k >= 7390465) AND (k <= 7390565))
	  ->  Bitmap Index Scan on k_5  (cost=0.00..5.54 rows=111 width=0)
	        Index Cond: ((k >= 7390465) AND (k <= 7390565))

table 6 : explain SELECT k, c FROM sbtest6 WHERE k BETWEEN 7390465 AND 7390565
	Bitmap Heap Scan on sbtest6  (cost=5.38..369.67 rows=92 width=125)
	  Recheck Cond: ((k >= 7390465) AND (k <= 7390565))
	  ->  Bitmap Index Scan on k_6  (cost=0.00..5.35 rows=92 width=0)
	        Index Cond: ((k >= 7390465) AND (k <= 7390565))

table 7 : explain SELECT k, c FROM sbtest7 WHERE k BETWEEN 7390465 AND 7390565
	Bitmap Heap Scan on sbtest7  (cost=5.49..413.00 rows=103 width=125)
	  Recheck Cond: ((k >= 7390465) AND (k <= 7390565))
	  ->  Bitmap Index Scan on k_7  (cost=0.00..5.46 rows=103 width=0)
	        Index Cond: ((k >= 7390465) AND (k <= 7390565))

table 8 : explain SELECT k, c FROM sbtest8 WHERE k BETWEEN 7390465 AND 7390565
	Bitmap Heap Scan on sbtest8  (cost=5.50..416.94 rows=104 width=125)
	  Recheck Cond: ((k >= 7390465) AND (k <= 7390565))
	  ->  Bitmap Index Scan on k_8  (cost=0.00..5.47 rows=104 width=0)
	        Index Cond: ((k >= 7390465) AND (k <= 7390565))

for range-notcovered
table 1 : explain SELECT k, c FROM sbtest1 WHERE k BETWEEN 4327344 AND 4327444
	Bitmap Heap Scan on sbtest1  (cost=5.47..405.13 rows=101 width=125)
	  Recheck Cond: ((k >= 4327344) AND (k <= 4327444))
	  ->  Bitmap Index Scan on k_1  (cost=0.00..5.44 rows=101 width=0)
	        Index Cond: ((k >= 4327344) AND (k <= 4327444))

table 2 : explain SELECT k, c FROM sbtest2 WHERE k BETWEEN 4327344 AND 4327444
	Bitmap Heap Scan on sbtest2  (cost=5.47..405.13 rows=101 width=125)
	  Recheck Cond: ((k >= 4327344) AND (k <= 4327444))
	  ->  Bitmap Index Scan on k_2  (cost=0.00..5.44 rows=101 width=0)
	        Index Cond: ((k >= 4327344) AND (k <= 4327444))

table 3 : explain SELECT k, c FROM sbtest3 WHERE k BETWEEN 4327344 AND 4327444
	Bitmap Heap Scan on sbtest3  (cost=5.53..428.75 rows=107 width=125)
	  Recheck Cond: ((k >= 4327344) AND (k <= 4327444))
	  ->  Bitmap Index Scan on k_3  (cost=0.00..5.50 rows=107 width=0)
	        Index Cond: ((k >= 4327344) AND (k <= 4327444))

table 4 : explain SELECT k, c FROM sbtest4 WHERE k BETWEEN 4327344 AND 4327444
	Bitmap Heap Scan on sbtest4  (cost=5.51..420.88 rows=105 width=125)
	  Recheck Cond: ((k >= 4327344) AND (k <= 4327444))
	  ->  Bitmap Index Scan on k_4  (cost=0.00..5.48 rows=105 width=0)
	        Index Cond: ((k >= 4327344) AND (k <= 4327444))

table 5 : explain SELECT k, c FROM sbtest5 WHERE k BETWEEN 4327344 AND 4327444
	Bitmap Heap Scan on sbtest5  (cost=5.42..385.43 rows=96 width=125)
	  Recheck Cond: ((k >= 4327344) AND (k <= 4327444))
	  ->  Bitmap Index Scan on k_5  (cost=0.00..5.39 rows=96 width=0)
	        Index Cond: ((k >= 4327344) AND (k <= 4327444))

table 6 : explain SELECT k, c FROM sbtest6 WHERE k BETWEEN 4327344 AND 4327444
	Bitmap Heap Scan on sbtest6  (cost=5.48..409.07 rows=102 width=125)
	  Recheck Cond: ((k >= 4327344) AND (k <= 4327444))
	  ->  Bitmap Index Scan on k_6  (cost=0.00..5.45 rows=102 width=0)
	        Index Cond: ((k >= 4327344) AND (k <= 4327444))

table 7 : explain SELECT k, c FROM sbtest7 WHERE k BETWEEN 4327344 AND 4327444
	Bitmap Heap Scan on sbtest7  (cost=5.47..405.13 rows=101 width=125)
	  Recheck Cond: ((k >= 4327344) AND (k <= 4327444))
	  ->  Bitmap Index Scan on k_7  (cost=0.00..5.44 rows=101 width=0)
	        Index Cond: ((k >= 4327344) AND (k <= 4327444))

table 8 : explain SELECT k, c FROM sbtest8 WHERE k BETWEEN 4327344 AND 4327444
	Bitmap Heap Scan on sbtest8  (cost=5.48..409.07 rows=102 width=125)
	  Recheck Cond: ((k >= 4327344) AND (k <= 4327444))
	  ->  Bitmap Index Scan on k_8  (cost=0.00..5.45 rows=102 width=0)
	        Index Cond: ((k >= 4327344) AND (k <= 4327444))

explain: for range-notcovered :: explain SELECT k, c FROM sbtest%d WHERE k BETWEEN 7390465 AND 7390565
explain: for range-notcovered :: explain SELECT k, c FROM sbtest%d WHERE k BETWEEN 4327344 AND 4327444
for range-notcovered
table 1 : explain SELECT k, c FROM sbtest1 WHERE k BETWEEN 2571687 AND 2571787
	Bitmap Heap Scan on sbtest1  (cost=5.53..428.75 rows=107 width=125)
	  Recheck Cond: ((k >= 2571687) AND (k <= 2571787))
	  ->  Bitmap Index Scan on k_1  (cost=0.00..5.50 rows=107 width=0)
	        Index Cond: ((k >= 2571687) AND (k <= 2571787))

table 2 : explain SELECT k, c FROM sbtest2 WHERE k BETWEEN 2571687 AND 2571787
	Bitmap Heap Scan on sbtest2  (cost=5.49..413.00 rows=103 width=125)
	  Recheck Cond: ((k >= 2571687) AND (k <= 2571787))
	  ->  Bitmap Index Scan on k_2  (cost=0.00..5.46 rows=103 width=0)
	        Index Cond: ((k >= 2571687) AND (k <= 2571787))

table 3 : explain SELECT k, c FROM sbtest3 WHERE k BETWEEN 2571687 AND 2571787
	Bitmap Heap Scan on sbtest3  (cost=5.57..444.49 rows=111 width=125)
	  Recheck Cond: ((k >= 2571687) AND (k <= 2571787))
	  ->  Bitmap Index Scan on k_3  (cost=0.00..5.54 rows=111 width=0)
	        Index Cond: ((k >= 2571687) AND (k <= 2571787))

table 4 : explain SELECT k, c FROM sbtest4 WHERE k BETWEEN 2571687 AND 2571787
	Bitmap Heap Scan on sbtest4  (cost=5.44..393.31 rows=98 width=125)
	  Recheck Cond: ((k >= 2571687) AND (k <= 2571787))
	  ->  Bitmap Index Scan on k_4  (cost=0.00..5.42 rows=98 width=0)
	        Index Cond: ((k >= 2571687) AND (k <= 2571787))

table 5 : explain SELECT k, c FROM sbtest5 WHERE k BETWEEN 2571687 AND 2571787
	Bitmap Heap Scan on sbtest5  (cost=5.47..405.13 rows=101 width=125)
	  Recheck Cond: ((k >= 2571687) AND (k <= 2571787))
	  ->  Bitmap Index Scan on k_5  (cost=0.00..5.44 rows=101 width=0)
	        Index Cond: ((k >= 2571687) AND (k <= 2571787))

table 6 : explain SELECT k, c FROM sbtest6 WHERE k BETWEEN 2571687 AND 2571787
	Bitmap Heap Scan on sbtest6  (cost=5.44..393.31 rows=98 width=125)
	  Recheck Cond: ((k >= 2571687) AND (k <= 2571787))
	  ->  Bitmap Index Scan on k_6  (cost=0.00..5.42 rows=98 width=0)
	        Index Cond: ((k >= 2571687) AND (k <= 2571787))

table 7 : explain SELECT k, c FROM sbtest7 WHERE k BETWEEN 2571687 AND 2571787
	Bitmap Heap Scan on sbtest7  (cost=5.47..405.13 rows=101 width=125)
	  Recheck Cond: ((k >= 2571687) AND (k <= 2571787))
	  ->  Bitmap Index Scan on k_7  (cost=0.00..5.44 rows=101 width=0)
	        Index Cond: ((k >= 2571687) AND (k <= 2571787))

table 8 : explain SELECT k, c FROM sbtest8 WHERE k BETWEEN 2571687 AND 2571787
	Bitmap Heap Scan on sbtest8  (cost=5.39..373.61 rows=93 width=125)
	  Recheck Cond: ((k >= 2571687) AND (k <= 2571787))
	  ->  Bitmap Index Scan on k_8  (cost=0.00..5.36 rows=93 width=0)
	        Index Cond: ((k >= 2571687) AND (k <= 2571787))

for range-notcovered
table 1 : explain SELECT k, c FROM sbtest1 WHERE k BETWEEN 7658495 AND 7658595
	Bitmap Heap Scan on sbtest1  (cost=5.52..424.81 rows=106 width=125)
	  Recheck Cond: ((k >= 7658495) AND (k <= 7658595))
	  ->  Bitmap Index Scan on k_1  (cost=0.00..5.50 rows=106 width=0)
	        Index Cond: ((k >= 7658495) AND (k <= 7658595))

table 2 : explain SELECT k, c FROM sbtest2 WHERE k BETWEEN 7658495 AND 7658595
	Bitmap Heap Scan on sbtest2  (cost=5.42..385.43 rows=96 width=125)
	  Recheck Cond: ((k >= 7658495) AND (k <= 7658595))
	  ->  Bitmap Index Scan on k_2  (cost=0.00..5.39 rows=96 width=0)
	        Index Cond: ((k >= 7658495) AND (k <= 7658595))

table 3 : explain SELECT k, c FROM sbtest3 WHERE k BETWEEN 7658495 AND 7658595
	Bitmap Heap Scan on sbtest3  (cost=5.68..483.81 rows=121 width=125)
	  Recheck Cond: ((k >= 7658495) AND (k <= 7658595))
	  ->  Bitmap Index Scan on k_3  (cost=0.00..5.64 rows=121 width=0)
	        Index Cond: ((k >= 7658495) AND (k <= 7658595))

table 4 : explain SELECT k, c FROM sbtest4 WHERE k BETWEEN 7658495 AND 7658595
	Bitmap Heap Scan on sbtest4  (cost=5.42..385.43 rows=96 width=125)
	  Recheck Cond: ((k >= 7658495) AND (k <= 7658595))
	  ->  Bitmap Index Scan on k_4  (cost=0.00..5.39 rows=96 width=0)
	        Index Cond: ((k >= 7658495) AND (k <= 7658595))

table 5 : explain SELECT k, c FROM sbtest5 WHERE k BETWEEN 7658495 AND 7658595
	Bitmap Heap Scan on sbtest5  (cost=5.39..373.61 rows=93 width=125)
	  Recheck Cond: ((k >= 7658495) AND (k <= 7658595))
	  ->  Bitmap Index Scan on k_5  (cost=0.00..5.36 rows=93 width=0)
	        Index Cond: ((k >= 7658495) AND (k <= 7658595))

table 6 : explain SELECT k, c FROM sbtest6 WHERE k BETWEEN 7658495 AND 7658595
	Bitmap Heap Scan on sbtest6  (cost=5.40..377.55 rows=94 width=125)
	  Recheck Cond: ((k >= 7658495) AND (k <= 7658595))
	  ->  Bitmap Index Scan on k_6  (cost=0.00..5.38 rows=94 width=0)
	        Index Cond: ((k >= 7658495) AND (k <= 7658595))

table 7 : explain SELECT k, c FROM sbtest7 WHERE k BETWEEN 7658495 AND 7658595
	Bitmap Heap Scan on sbtest7  (cost=5.42..385.43 rows=96 width=125)
	  Recheck Cond: ((k >= 7658495) AND (k <= 7658595))
	  ->  Bitmap Index Scan on k_7  (cost=0.00..5.39 rows=96 width=0)
	        Index Cond: ((k >= 7658495) AND (k <= 7658595))

table 8 : explain SELECT k, c FROM sbtest8 WHERE k BETWEEN 7658495 AND 7658595
	Bitmap Heap Scan on sbtest8  (cost=5.44..393.31 rows=98 width=125)
	  Recheck Cond: ((k >= 7658495) AND (k <= 7658595))
	  ->  Bitmap Index Scan on k_8  (cost=0.00..5.42 rows=98 width=0)
	        Index Cond: ((k >= 7658495) AND (k <= 7658595))

explain: for range-notcovered :: explain SELECT k, c FROM sbtest%d WHERE k BETWEEN 2571687 AND 2571787
for range-notcovered
table 1 : explain SELECT k, c FROM sbtest1 WHERE k BETWEEN 375616 AND 375716
	Bitmap Heap Scan on sbtest1  (cost=5.43..389.37 rows=97 width=125)
	  Recheck Cond: ((k >= 375616) AND (k <= 375716))
	  ->  Bitmap Index Scan on k_1  (cost=0.00..5.40 rows=97 width=0)
	        Index Cond: ((k >= 375616) AND (k <= 375716))

table 2 : explain SELECT k, c FROM sbtest2 WHERE k BETWEEN 375616 AND 375716
	Bitmap Heap Scan on sbtest2  (cost=5.48..409.07 rows=102 width=125)
	  Recheck Cond: ((k >= 375616) AND (k <= 375716))
	  ->  Bitmap Index Scan on k_2  (cost=0.00..5.45 rows=102 width=0)
	        Index Cond: ((k >= 375616) AND (k <= 375716))

table 3 : explain SELECT k, c FROM sbtest3 WHERE k BETWEEN 375616 AND 375716
	Bitmap Heap Scan on sbtest3  (cost=5.37..365.72 rows=91 width=125)
	  Recheck Cond: ((k >= 375616) AND (k <= 375716))
	  ->  Bitmap Index Scan on k_3  (cost=0.00..5.34 rows=91 width=0)
	        Index Cond: ((k >= 375616) AND (k <= 375716))

table 4 : explain SELECT k, c FROM sbtest4 WHERE k BETWEEN 375616 AND 375716
	Bitmap Heap Scan on sbtest4  (cost=5.44..393.31 rows=98 width=125)
	  Recheck Cond: ((k >= 375616) AND (k <= 375716))
	  ->  Bitmap Index Scan on k_4  (cost=0.00..5.42 rows=98 width=0)
	        Index Cond: ((k >= 375616) AND (k <= 375716))

table 5 : explain SELECT k, c FROM sbtest5 WHERE k BETWEEN 375616 AND 375716
	Bitmap Heap Scan on sbtest5  (cost=5.51..420.88 rows=105 width=125)
	  Recheck Cond: ((k >= 375616) AND (k <= 375716))
	  ->  Bitmap Index Scan on k_5  (cost=0.00..5.48 rows=105 width=0)
	        Index Cond: ((k >= 375616) AND (k <= 375716))

table 6 : explain SELECT k, c FROM sbtest6 WHERE k BETWEEN 375616 AND 375716
	Bitmap Heap Scan on sbtest6  (cost=5.46..401.19 rows=100 width=125)
	  Recheck Cond: ((k >= 375616) AND (k <= 375716))
	  ->  Bitmap Index Scan on k_6  (cost=0.00..5.43 rows=100 width=0)
	        Index Cond: ((k >= 375616) AND (k <= 375716))

table 7 : explain SELECT k, c FROM sbtest7 WHERE k BETWEEN 375616 AND 375716
	Bitmap Heap Scan on sbtest7  (cost=5.53..428.75 rows=107 width=125)
	  Recheck Cond: ((k >= 375616) AND (k <= 375716))
	  ->  Bitmap Index Scan on k_7  (cost=0.00..5.50 rows=107 width=0)
	        Index Cond: ((k >= 375616) AND (k <= 375716))

table 8 : explain SELECT k, c FROM sbtest8 WHERE k BETWEEN 375616 AND 375716
	Bitmap Heap Scan on sbtest8  (cost=5.44..393.31 rows=98 width=125)
	  Recheck Cond: ((k >= 375616) AND (k <= 375716))
	  ->  Bitmap Index Scan on k_8  (cost=0.00..5.42 rows=98 width=0)
	        Index Cond: ((k >= 375616) AND (k <= 375716))

explain: for range-notcovered :: explain SELECT k, c FROM sbtest%d WHERE k BETWEEN 7658495 AND 7658595
for range-notcovered
table 1 : explain SELECT k, c FROM sbtest1 WHERE k BETWEEN 7390465 AND 7390565
	Bitmap Heap Scan on sbtest1  (cost=5.45..397.25 rows=99 width=125)
	  Recheck Cond: ((k >= 7390465) AND (k <= 7390565))
	  ->  Bitmap Index Scan on k_1  (cost=0.00..5.42 rows=99 width=0)
	        Index Cond: ((k >= 7390465) AND (k <= 7390565))

table 2 : explain SELECT k, c FROM sbtest2 WHERE k BETWEEN 7390465 AND 7390565
	Bitmap Heap Scan on sbtest2  (cost=5.59..452.36 rows=113 width=125)
	  Recheck Cond: ((k >= 7390465) AND (k <= 7390565))
	  ->  Bitmap Index Scan on k_2  (cost=0.00..5.56 rows=113 width=0)
	        Index Cond: ((k >= 7390465) AND (k <= 7390565))

table 3 : explain SELECT k, c FROM sbtest3 WHERE k BETWEEN 7390465 AND 7390565
	Bitmap Heap Scan on sbtest3  (cost=5.46..401.19 rows=100 width=125)
	  Recheck Cond: ((k >= 7390465) AND (k <= 7390565))
	  ->  Bitmap Index Scan on k_3  (cost=0.00..5.43 rows=100 width=0)
	        Index Cond: ((k >= 7390465) AND (k <= 7390565))

table 4 : explain SELECT k, c FROM sbtest4 WHERE k BETWEEN 7390465 AND 7390565
	Bitmap Heap Scan on sbtest4  (cost=5.41..381.49 rows=95 width=125)
	  Recheck Cond: ((k >= 7390465) AND (k <= 7390565))
	  ->  Bitmap Index Scan on k_4  (cost=0.00..5.38 rows=95 width=0)
	        Index Cond: ((k >= 7390465) AND (k <= 7390565))

table 5 : explain SELECT k, c FROM sbtest5 WHERE k BETWEEN 7390465 AND 7390565
	Bitmap Heap Scan on sbtest5  (cost=5.57..444.49 rows=111 width=125)
	  Recheck Cond: ((k >= 7390465) AND (k <= 7390565))
	  ->  Bitmap Index Scan on k_5  (cost=0.00..5.54 rows=111 width=0)
	        Index Cond: ((k >= 7390465) AND (k <= 7390565))

table 6 : explain SELECT k, c FROM sbtest6 WHERE k BETWEEN 7390465 AND 7390565
	Bitmap Heap Scan on sbtest6  (cost=5.38..369.67 rows=92 width=125)
	  Recheck Cond: ((k >= 7390465) AND (k <= 7390565))
	  ->  Bitmap Index Scan on k_6  (cost=0.00..5.35 rows=92 width=0)
	        Index Cond: ((k >= 7390465) AND (k <= 7390565))

table 7 : explain SELECT k, c FROM sbtest7 WHERE k BETWEEN 7390465 AND 7390565
	Bitmap Heap Scan on sbtest7  (cost=5.49..413.00 rows=103 width=125)
	  Recheck Cond: ((k >= 7390465) AND (k <= 7390565))
	  ->  Bitmap Index Scan on k_7  (cost=0.00..5.46 rows=103 width=0)
	        Index Cond: ((k >= 7390465) AND (k <= 7390565))

table 8 : explain SELECT k, c FROM sbtest8 WHERE k BETWEEN 7390465 AND 7390565
	Bitmap Heap Scan on sbtest8  (cost=5.50..416.94 rows=104 width=125)
	  Recheck Cond: ((k >= 7390465) AND (k <= 7390565))
	  ->  Bitmap Index Scan on k_8  (cost=0.00..5.47 rows=104 width=0)
	        Index Cond: ((k >= 7390465) AND (k <= 7390565))

explain: for range-notcovered :: explain SELECT k, c FROM sbtest%d WHERE k BETWEEN 375616 AND 375716
for range-notcovered
table 1 : explain SELECT k, c FROM sbtest1 WHERE k BETWEEN 4327344 AND 4327444
	Bitmap Heap Scan on sbtest1  (cost=5.47..405.13 rows=101 width=125)
	  Recheck Cond: ((k >= 4327344) AND (k <= 4327444))
	  ->  Bitmap Index Scan on k_1  (cost=0.00..5.44 rows=101 width=0)
	        Index Cond: ((k >= 4327344) AND (k <= 4327444))

table 2 : explain SELECT k, c FROM sbtest2 WHERE k BETWEEN 4327344 AND 4327444
	Bitmap Heap Scan on sbtest2  (cost=5.47..405.13 rows=101 width=125)
	  Recheck Cond: ((k >= 4327344) AND (k <= 4327444))
	  ->  Bitmap Index Scan on k_2  (cost=0.00..5.44 rows=101 width=0)
	        Index Cond: ((k >= 4327344) AND (k <= 4327444))

table 3 : explain SELECT k, c FROM sbtest3 WHERE k BETWEEN 4327344 AND 4327444
	Bitmap Heap Scan on sbtest3  (cost=5.53..428.75 rows=107 width=125)
	  Recheck Cond: ((k >= 4327344) AND (k <= 4327444))
	  ->  Bitmap Index Scan on k_3  (cost=0.00..5.50 rows=107 width=0)
	        Index Cond: ((k >= 4327344) AND (k <= 4327444))

table 4 : explain SELECT k, c FROM sbtest4 WHERE k BETWEEN 4327344 AND 4327444
	Bitmap Heap Scan on sbtest4  (cost=5.51..420.88 rows=105 width=125)
	  Recheck Cond: ((k >= 4327344) AND (k <= 4327444))
	  ->  Bitmap Index Scan on k_4  (cost=0.00..5.48 rows=105 width=0)
	        Index Cond: ((k >= 4327344) AND (k <= 4327444))

table 5 : explain SELECT k, c FROM sbtest5 WHERE k BETWEEN 4327344 AND 4327444
	Bitmap Heap Scan on sbtest5  (cost=5.42..385.43 rows=96 width=125)
	  Recheck Cond: ((k >= 4327344) AND (k <= 4327444))
	  ->  Bitmap Index Scan on k_5  (cost=0.00..5.39 rows=96 width=0)
	        Index Cond: ((k >= 4327344) AND (k <= 4327444))

table 6 : explain SELECT k, c FROM sbtest6 WHERE k BETWEEN 4327344 AND 4327444
	Bitmap Heap Scan on sbtest6  (cost=5.48..409.07 rows=102 width=125)
	  Recheck Cond: ((k >= 4327344) AND (k <= 4327444))
	  ->  Bitmap Index Scan on k_6  (cost=0.00..5.45 rows=102 width=0)
	        Index Cond: ((k >= 4327344) AND (k <= 4327444))

table 7 : explain SELECT k, c FROM sbtest7 WHERE k BETWEEN 4327344 AND 4327444
	Bitmap Heap Scan on sbtest7  (cost=5.47..405.13 rows=101 width=125)
	  Recheck Cond: ((k >= 4327344) AND (k <= 4327444))
	  ->  Bitmap Index Scan on k_7  (cost=0.00..5.44 rows=101 width=0)
	        Index Cond: ((k >= 4327344) AND (k <= 4327444))

table 8 : explain SELECT k, c FROM sbtest8 WHERE k BETWEEN 4327344 AND 4327444
	Bitmap Heap Scan on sbtest8  (cost=5.48..409.07 rows=102 width=125)
	  Recheck Cond: ((k >= 4327344) AND (k <= 4327444))
	  ->  Bitmap Index Scan on k_8  (cost=0.00..5.45 rows=102 width=0)
	        Index Cond: ((k >= 4327344) AND (k <= 4327444))

explain: for range-notcovered :: explain SELECT k, c FROM sbtest%d WHERE k BETWEEN 4327344 AND 4327444
for range-notcovered
table 1 : explain SELECT k, c FROM sbtest1 WHERE k BETWEEN 4569925 AND 4570025
	Bitmap Heap Scan on sbtest1  (cost=5.49..413.00 rows=103 width=125)
	  Recheck Cond: ((k >= 4569925) AND (k <= 4570025))
	  ->  Bitmap Index Scan on k_1  (cost=0.00..5.46 rows=103 width=0)
	        Index Cond: ((k >= 4569925) AND (k <= 4570025))

table 2 : explain SELECT k, c FROM sbtest2 WHERE k BETWEEN 4569925 AND 4570025
	Bitmap Heap Scan on sbtest2  (cost=5.47..405.13 rows=101 width=125)
	  Recheck Cond: ((k >= 4569925) AND (k <= 4570025))
	  ->  Bitmap Index Scan on k_2  (cost=0.00..5.44 rows=101 width=0)
	        Index Cond: ((k >= 4569925) AND (k <= 4570025))

table 3 : explain SELECT k, c FROM sbtest3 WHERE k BETWEEN 4569925 AND 4570025
	Bitmap Heap Scan on sbtest3  (cost=5.43..389.37 rows=97 width=125)
	  Recheck Cond: ((k >= 4569925) AND (k <= 4570025))
	  ->  Bitmap Index Scan on k_3  (cost=0.00..5.40 rows=97 width=0)
	        Index Cond: ((k >= 4569925) AND (k <= 4570025))

table 4 : explain SELECT k, c FROM sbtest4 WHERE k BETWEEN 4569925 AND 4570025
	Bitmap Heap Scan on sbtest4  (cost=5.51..420.88 rows=105 width=125)
	  Recheck Cond: ((k >= 4569925) AND (k <= 4570025))
	  ->  Bitmap Index Scan on k_4  (cost=0.00..5.48 rows=105 width=0)
	        Index Cond: ((k >= 4569925) AND (k <= 4570025))

table 5 : explain SELECT k, c FROM sbtest5 WHERE k BETWEEN 4569925 AND 4570025
	Bitmap Heap Scan on sbtest5  (cost=5.45..397.25 rows=99 width=125)
	  Recheck Cond: ((k >= 4569925) AND (k <= 4570025))
	  ->  Bitmap Index Scan on k_5  (cost=0.00..5.42 rows=99 width=0)
	        Index Cond: ((k >= 4569925) AND (k <= 4570025))

table 6 : explain SELECT k, c FROM sbtest6 WHERE k BETWEEN 4569925 AND 4570025
	Bitmap Heap Scan on sbtest6  (cost=5.43..389.37 rows=97 width=125)
	  Recheck Cond: ((k >= 4569925) AND (k <= 4570025))
	  ->  Bitmap Index Scan on k_6  (cost=0.00..5.40 rows=97 width=0)
	        Index Cond: ((k >= 4569925) AND (k <= 4570025))

table 7 : explain SELECT k, c FROM sbtest7 WHERE k BETWEEN 4569925 AND 4570025
	Bitmap Heap Scan on sbtest7  (cost=5.47..405.13 rows=101 width=125)
	  Recheck Cond: ((k >= 4569925) AND (k <= 4570025))
	  ->  Bitmap Index Scan on k_7  (cost=0.00..5.44 rows=101 width=0)
	        Index Cond: ((k >= 4569925) AND (k <= 4570025))

table 8 : explain SELECT k, c FROM sbtest8 WHERE k BETWEEN 4569925 AND 4570025
	Bitmap Heap Scan on sbtest8  (cost=5.44..393.31 rows=98 width=125)
	  Recheck Cond: ((k >= 4569925) AND (k <= 4570025))
	  ->  Bitmap Index Scan on k_8  (cost=0.00..5.42 rows=98 width=0)
	        Index Cond: ((k >= 4569925) AND (k <= 4570025))

explain: for range-notcovered :: explain SELECT k, c FROM sbtest%d WHERE k BETWEEN 4569925 AND 4570025
explain: for range-notcovered :: explain SELECT k, c FROM sbtest%d WHERE k BETWEEN 9305452 AND 9305552
for range-notcovered
table 1 : explain SELECT k, c FROM sbtest1 WHERE k BETWEEN 2571687 AND 2571787
	Bitmap Heap Scan on sbtest1  (cost=5.53..428.75 rows=107 width=125)
	  Recheck Cond: ((k >= 2571687) AND (k <= 2571787))
	  ->  Bitmap Index Scan on k_1  (cost=0.00..5.50 rows=107 width=0)
	        Index Cond: ((k >= 2571687) AND (k <= 2571787))

table 2 : explain SELECT k, c FROM sbtest2 WHERE k BETWEEN 2571687 AND 2571787
	Bitmap Heap Scan on sbtest2  (cost=5.49..413.00 rows=103 width=125)
	  Recheck Cond: ((k >= 2571687) AND (k <= 2571787))
	  ->  Bitmap Index Scan on k_2  (cost=0.00..5.46 rows=103 width=0)
	        Index Cond: ((k >= 2571687) AND (k <= 2571787))

table 3 : explain SELECT k, c FROM sbtest3 WHERE k BETWEEN 2571687 AND 2571787
	Bitmap Heap Scan on sbtest3  (cost=5.57..444.49 rows=111 width=125)
	  Recheck Cond: ((k >= 2571687) AND (k <= 2571787))
	  ->  Bitmap Index Scan on k_3  (cost=0.00..5.54 rows=111 width=0)
	        Index Cond: ((k >= 2571687) AND (k <= 2571787))

table 4 : explain SELECT k, c FROM sbtest4 WHERE k BETWEEN 2571687 AND 2571787
	Bitmap Heap Scan on sbtest4  (cost=5.44..393.31 rows=98 width=125)
	  Recheck Cond: ((k >= 2571687) AND (k <= 2571787))
	  ->  Bitmap Index Scan on k_4  (cost=0.00..5.42 rows=98 width=0)
	        Index Cond: ((k >= 2571687) AND (k <= 2571787))

table 5 : explain SELECT k, c FROM sbtest5 WHERE k BETWEEN 2571687 AND 2571787
	Bitmap Heap Scan on sbtest5  (cost=5.47..405.13 rows=101 width=125)
	  Recheck Cond: ((k >= 2571687) AND (k <= 2571787))
	  ->  Bitmap Index Scan on k_5  (cost=0.00..5.44 rows=101 width=0)
	        Index Cond: ((k >= 2571687) AND (k <= 2571787))

table 6 : explain SELECT k, c FROM sbtest6 WHERE k BETWEEN 2571687 AND 2571787
	Bitmap Heap Scan on sbtest6  (cost=5.44..393.31 rows=98 width=125)
	  Recheck Cond: ((k >= 2571687) AND (k <= 2571787))
	  ->  Bitmap Index Scan on k_6  (cost=0.00..5.42 rows=98 width=0)
	        Index Cond: ((k >= 2571687) AND (k <= 2571787))

table 7 : explain SELECT k, c FROM sbtest7 WHERE k BETWEEN 2571687 AND 2571787
	Bitmap Heap Scan on sbtest7  (cost=5.47..405.13 rows=101 width=125)
	  Recheck Cond: ((k >= 2571687) AND (k <= 2571787))
	  ->  Bitmap Index Scan on k_7  (cost=0.00..5.44 rows=101 width=0)
	        Index Cond: ((k >= 2571687) AND (k <= 2571787))

table 8 : explain SELECT k, c FROM sbtest8 WHERE k BETWEEN 2571687 AND 2571787
	Bitmap Heap Scan on sbtest8  (cost=5.39..373.61 rows=93 width=125)
	  Recheck Cond: ((k >= 2571687) AND (k <= 2571787))
	  ->  Bitmap Index Scan on k_8  (cost=0.00..5.36 rows=93 width=0)
	        Index Cond: ((k >= 2571687) AND (k <= 2571787))

for range-notcovered
table 1 : explain SELECT k, c FROM sbtest1 WHERE k BETWEEN 375616 AND 375716
	Bitmap Heap Scan on sbtest1  (cost=5.43..389.37 rows=97 width=125)
	  Recheck Cond: ((k >= 375616) AND (k <= 375716))
	  ->  Bitmap Index Scan on k_1  (cost=0.00..5.40 rows=97 width=0)
	        Index Cond: ((k >= 375616) AND (k <= 375716))

table 2 : explain SELECT k, c FROM sbtest2 WHERE k BETWEEN 375616 AND 375716
	Bitmap Heap Scan on sbtest2  (cost=5.48..409.07 rows=102 width=125)
	  Recheck Cond: ((k >= 375616) AND (k <= 375716))
	  ->  Bitmap Index Scan on k_2  (cost=0.00..5.45 rows=102 width=0)
	        Index Cond: ((k >= 375616) AND (k <= 375716))

table 3 : explain SELECT k, c FROM sbtest3 WHERE k BETWEEN 375616 AND 375716
	Bitmap Heap Scan on sbtest3  (cost=5.37..365.72 rows=91 width=125)
	  Recheck Cond: ((k >= 375616) AND (k <= 375716))
	  ->  Bitmap Index Scan on k_3  (cost=0.00..5.34 rows=91 width=0)
	        Index Cond: ((k >= 375616) AND (k <= 375716))

table 4 : explain SELECT k, c FROM sbtest4 WHERE k BETWEEN 375616 AND 375716
	Bitmap Heap Scan on sbtest4  (cost=5.44..393.31 rows=98 width=125)
	  Recheck Cond: ((k >= 375616) AND (k <= 375716))
	  ->  Bitmap Index Scan on k_4  (cost=0.00..5.42 rows=98 width=0)
	        Index Cond: ((k >= 375616) AND (k <= 375716))

table 5 : explain SELECT k, c FROM sbtest5 WHERE k BETWEEN 375616 AND 375716
	Bitmap Heap Scan on sbtest5  (cost=5.51..420.88 rows=105 width=125)
	  Recheck Cond: ((k >= 375616) AND (k <= 375716))
	  ->  Bitmap Index Scan on k_5  (cost=0.00..5.48 rows=105 width=0)
	        Index Cond: ((k >= 375616) AND (k <= 375716))

table 6 : explain SELECT k, c FROM sbtest6 WHERE k BETWEEN 375616 AND 375716
	Bitmap Heap Scan on sbtest6  (cost=5.46..401.19 rows=100 width=125)
	  Recheck Cond: ((k >= 375616) AND (k <= 375716))
	  ->  Bitmap Index Scan on k_6  (cost=0.00..5.43 rows=100 width=0)
	        Index Cond: ((k >= 375616) AND (k <= 375716))

table 7 : explain SELECT k, c FROM sbtest7 WHERE k BETWEEN 375616 AND 375716
	Bitmap Heap Scan on sbtest7  (cost=5.53..428.75 rows=107 width=125)
	  Recheck Cond: ((k >= 375616) AND (k <= 375716))
	  ->  Bitmap Index Scan on k_7  (cost=0.00..5.50 rows=107 width=0)
	        Index Cond: ((k >= 375616) AND (k <= 375716))

table 8 : explain SELECT k, c FROM sbtest8 WHERE k BETWEEN 375616 AND 375716
	Bitmap Heap Scan on sbtest8  (cost=5.44..393.31 rows=98 width=125)
	  Recheck Cond: ((k >= 375616) AND (k <= 375716))
	  ->  Bitmap Index Scan on k_8  (cost=0.00..5.42 rows=98 width=0)
	        Index Cond: ((k >= 375616) AND (k <= 375716))

explain: for range-notcovered :: explain SELECT k, c FROM sbtest%d WHERE k BETWEEN 2571687 AND 2571787
for range-notcovered
table 1 : explain SELECT k, c FROM sbtest1 WHERE k BETWEEN 4327344 AND 4327444
	Bitmap Heap Scan on sbtest1  (cost=5.47..405.13 rows=101 width=125)
	  Recheck Cond: ((k >= 4327344) AND (k <= 4327444))
	  ->  Bitmap Index Scan on k_1  (cost=0.00..5.44 rows=101 width=0)
	        Index Cond: ((k >= 4327344) AND (k <= 4327444))

table 2 : explain SELECT k, c FROM sbtest2 WHERE k BETWEEN 4327344 AND 4327444
	Bitmap Heap Scan on sbtest2  (cost=5.47..405.13 rows=101 width=125)
	  Recheck Cond: ((k >= 4327344) AND (k <= 4327444))
	  ->  Bitmap Index Scan on k_2  (cost=0.00..5.44 rows=101 width=0)
	        Index Cond: ((k >= 4327344) AND (k <= 4327444))

table 3 : explain SELECT k, c FROM sbtest3 WHERE k BETWEEN 4327344 AND 4327444
	Bitmap Heap Scan on sbtest3  (cost=5.53..428.75 rows=107 width=125)
	  Recheck Cond: ((k >= 4327344) AND (k <= 4327444))
	  ->  Bitmap Index Scan on k_3  (cost=0.00..5.50 rows=107 width=0)
	        Index Cond: ((k >= 4327344) AND (k <= 4327444))

table 4 : explain SELECT k, c FROM sbtest4 WHERE k BETWEEN 4327344 AND 4327444
	Bitmap Heap Scan on sbtest4  (cost=5.51..420.88 rows=105 width=125)
	  Recheck Cond: ((k >= 4327344) AND (k <= 4327444))
	  ->  Bitmap Index Scan on k_4  (cost=0.00..5.48 rows=105 width=0)
	        Index Cond: ((k >= 4327344) AND (k <= 4327444))

table 5 : explain SELECT k, c FROM sbtest5 WHERE k BETWEEN 4327344 AND 4327444
	Bitmap Heap Scan on sbtest5  (cost=5.42..385.43 rows=96 width=125)
	  Recheck Cond: ((k >= 4327344) AND (k <= 4327444))
	  ->  Bitmap Index Scan on k_5  (cost=0.00..5.39 rows=96 width=0)
	        Index Cond: ((k >= 4327344) AND (k <= 4327444))

table 6 : explain SELECT k, c FROM sbtest6 WHERE k BETWEEN 4327344 AND 4327444
	Bitmap Heap Scan on sbtest6  (cost=5.48..409.07 rows=102 width=125)
	  Recheck Cond: ((k >= 4327344) AND (k <= 4327444))
	  ->  Bitmap Index Scan on k_6  (cost=0.00..5.45 rows=102 width=0)
	        Index Cond: ((k >= 4327344) AND (k <= 4327444))

table 7 : explain SELECT k, c FROM sbtest7 WHERE k BETWEEN 4327344 AND 4327444
	Bitmap Heap Scan on sbtest7  (cost=5.47..405.13 rows=101 width=125)
	  Recheck Cond: ((k >= 4327344) AND (k <= 4327444))
	  ->  Bitmap Index Scan on k_7  (cost=0.00..5.44 rows=101 width=0)
	        Index Cond: ((k >= 4327344) AND (k <= 4327444))

table 8 : explain SELECT k, c FROM sbtest8 WHERE k BETWEEN 4327344 AND 4327444
	Bitmap Heap Scan on sbtest8  (cost=5.48..409.07 rows=102 width=125)
	  Recheck Cond: ((k >= 4327344) AND (k <= 4327444))
	  ->  Bitmap Index Scan on k_8  (cost=0.00..5.45 rows=102 width=0)
	        Index Cond: ((k >= 4327344) AND (k <= 4327444))

explain: for range-notcovered :: explain SELECT k, c FROM sbtest%d WHERE k BETWEEN 375616 AND 375716
for range-notcovered
table 1 : explain SELECT k, c FROM sbtest1 WHERE k BETWEEN 5779574 AND 5779674
	Bitmap Heap Scan on sbtest1  (cost=5.51..420.88 rows=105 width=125)
	  Recheck Cond: ((k >= 5779574) AND (k <= 5779674))
	  ->  Bitmap Index Scan on k_1  (cost=0.00..5.48 rows=105 width=0)
	        Index Cond: ((k >= 5779574) AND (k <= 5779674))

table 2 : explain SELECT k, c FROM sbtest2 WHERE k BETWEEN 5779574 AND 5779674
	Bitmap Heap Scan on sbtest2  (cost=5.47..405.13 rows=101 width=125)
	  Recheck Cond: ((k >= 5779574) AND (k <= 5779674))
	  ->  Bitmap Index Scan on k_2  (cost=0.00..5.44 rows=101 width=0)
	        Index Cond: ((k >= 5779574) AND (k <= 5779674))

table 3 : explain SELECT k, c FROM sbtest3 WHERE k BETWEEN 5779574 AND 5779674
	Bitmap Heap Scan on sbtest3  (cost=5.51..420.88 rows=105 width=125)
	  Recheck Cond: ((k >= 5779574) AND (k <= 5779674))
	  ->  Bitmap Index Scan on k_3  (cost=0.00..5.48 rows=105 width=0)
	        Index Cond: ((k >= 5779574) AND (k <= 5779674))

table 4 : explain SELECT k, c FROM sbtest4 WHERE k BETWEEN 5779574 AND 5779674
	Bitmap Heap Scan on sbtest4  (cost=5.45..397.25 rows=99 width=125)
	  Recheck Cond: ((k >= 5779574) AND (k <= 5779674))
	  ->  Bitmap Index Scan on k_4  (cost=0.00..5.42 rows=99 width=0)
	        Index Cond: ((k >= 5779574) AND (k <= 5779674))

table 5 : explain SELECT k, c FROM sbtest5 WHERE k BETWEEN 5779574 AND 5779674
	Bitmap Heap Scan on sbtest5  (cost=5.47..405.13 rows=101 width=125)
	  Recheck Cond: ((k >= 5779574) AND (k <= 5779674))
	  ->  Bitmap Index Scan on k_5  (cost=0.00..5.44 rows=101 width=0)
	        Index Cond: ((k >= 5779574) AND (k <= 5779674))

table 6 : explain SELECT k, c FROM sbtest6 WHERE k BETWEEN 5779574 AND 5779674
	Bitmap Heap Scan on sbtest6  (cost=5.43..389.37 rows=97 width=125)
	  Recheck Cond: ((k >= 5779574) AND (k <= 5779674))
	  ->  Bitmap Index Scan on k_6  (cost=0.00..5.40 rows=97 width=0)
	        Index Cond: ((k >= 5779574) AND (k <= 5779674))

table 7 : explain SELECT k, c FROM sbtest7 WHERE k BETWEEN 5779574 AND 5779674
	Bitmap Heap Scan on sbtest7  (cost=5.47..405.13 rows=101 width=125)
	  Recheck Cond: ((k >= 5779574) AND (k <= 5779674))
	  ->  Bitmap Index Scan on k_7  (cost=0.00..5.44 rows=101 width=0)
	        Index Cond: ((k >= 5779574) AND (k <= 5779674))

table 8 : explain SELECT k, c FROM sbtest8 WHERE k BETWEEN 5779574 AND 5779674
	Bitmap Heap Scan on sbtest8  (cost=5.54..432.69 rows=108 width=125)
	  Recheck Cond: ((k >= 5779574) AND (k <= 5779674))
	  ->  Bitmap Index Scan on k_8  (cost=0.00..5.51 rows=108 width=0)
	        Index Cond: ((k >= 5779574) AND (k <= 5779674))

explain: for range-notcovered :: explain SELECT k, c FROM sbtest%d WHERE k BETWEEN 4327344 AND 4327444
explain: for range-notcovered :: explain SELECT k, c FROM sbtest%d WHERE k BETWEEN 5779574 AND 5779674
explain: for range-notcovered :: explain SELECT k, c FROM sbtest%d WHERE k BETWEEN 4761024 AND 4761124
for range-notcovered
table 1 : explain SELECT k, c FROM sbtest1 WHERE k BETWEEN 4569925 AND 4570025
	Bitmap Heap Scan on sbtest1  (cost=5.49..413.00 rows=103 width=125)
	  Recheck Cond: ((k >= 4569925) AND (k <= 4570025))
	  ->  Bitmap Index Scan on k_1  (cost=0.00..5.46 rows=103 width=0)
	        Index Cond: ((k >= 4569925) AND (k <= 4570025))

table 2 : explain SELECT k, c FROM sbtest2 WHERE k BETWEEN 4569925 AND 4570025
	Bitmap Heap Scan on sbtest2  (cost=5.47..405.13 rows=101 width=125)
	  Recheck Cond: ((k >= 4569925) AND (k <= 4570025))
	  ->  Bitmap Index Scan on k_2  (cost=0.00..5.44 rows=101 width=0)
	        Index Cond: ((k >= 4569925) AND (k <= 4570025))

table 3 : explain SELECT k, c FROM sbtest3 WHERE k BETWEEN 4569925 AND 4570025
	Bitmap Heap Scan on sbtest3  (cost=5.43..389.37 rows=97 width=125)
	  Recheck Cond: ((k >= 4569925) AND (k <= 4570025))
	  ->  Bitmap Index Scan on k_3  (cost=0.00..5.40 rows=97 width=0)
	        Index Cond: ((k >= 4569925) AND (k <= 4570025))

table 4 : explain SELECT k, c FROM sbtest4 WHERE k BETWEEN 4569925 AND 4570025
	Bitmap Heap Scan on sbtest4  (cost=5.51..420.88 rows=105 width=125)
	  Recheck Cond: ((k >= 4569925) AND (k <= 4570025))
	  ->  Bitmap Index Scan on k_4  (cost=0.00..5.48 rows=105 width=0)
	        Index Cond: ((k >= 4569925) AND (k <= 4570025))

table 5 : explain SELECT k, c FROM sbtest5 WHERE k BETWEEN 4569925 AND 4570025
	Bitmap Heap Scan on sbtest5  (cost=5.45..397.25 rows=99 width=125)
	  Recheck Cond: ((k >= 4569925) AND (k <= 4570025))
	  ->  Bitmap Index Scan on k_5  (cost=0.00..5.42 rows=99 width=0)
	        Index Cond: ((k >= 4569925) AND (k <= 4570025))

table 6 : explain SELECT k, c FROM sbtest6 WHERE k BETWEEN 4569925 AND 4570025
	Bitmap Heap Scan on sbtest6  (cost=5.43..389.37 rows=97 width=125)
	  Recheck Cond: ((k >= 4569925) AND (k <= 4570025))
	  ->  Bitmap Index Scan on k_6  (cost=0.00..5.40 rows=97 width=0)
	        Index Cond: ((k >= 4569925) AND (k <= 4570025))

table 7 : explain SELECT k, c FROM sbtest7 WHERE k BETWEEN 4569925 AND 4570025
	Bitmap Heap Scan on sbtest7  (cost=5.47..405.13 rows=101 width=125)
	  Recheck Cond: ((k >= 4569925) AND (k <= 4570025))
	  ->  Bitmap Index Scan on k_7  (cost=0.00..5.44 rows=101 width=0)
	        Index Cond: ((k >= 4569925) AND (k <= 4570025))

table 8 : explain SELECT k, c FROM sbtest8 WHERE k BETWEEN 4569925 AND 4570025
	Bitmap Heap Scan on sbtest8  (cost=5.44..393.31 rows=98 width=125)
	  Recheck Cond: ((k >= 4569925) AND (k <= 4570025))
	  ->  Bitmap Index Scan on k_8  (cost=0.00..5.42 rows=98 width=0)
	        Index Cond: ((k >= 4569925) AND (k <= 4570025))

explain: for range-notcovered :: explain SELECT k, c FROM sbtest%d WHERE k BETWEEN 4569925 AND 4570025
for range-notcovered
table 1 : explain SELECT k, c FROM sbtest1 WHERE k BETWEEN 7658495 AND 7658595
	Bitmap Heap Scan on sbtest1  (cost=5.52..424.81 rows=106 width=125)
	  Recheck Cond: ((k >= 7658495) AND (k <= 7658595))
	  ->  Bitmap Index Scan on k_1  (cost=0.00..5.50 rows=106 width=0)
	        Index Cond: ((k >= 7658495) AND (k <= 7658595))

table 2 : explain SELECT k, c FROM sbtest2 WHERE k BETWEEN 7658495 AND 7658595
	Bitmap Heap Scan on sbtest2  (cost=5.42..385.43 rows=96 width=125)
	  Recheck Cond: ((k >= 7658495) AND (k <= 7658595))
	  ->  Bitmap Index Scan on k_2  (cost=0.00..5.39 rows=96 width=0)
	        Index Cond: ((k >= 7658495) AND (k <= 7658595))

table 3 : explain SELECT k, c FROM sbtest3 WHERE k BETWEEN 7658495 AND 7658595
	Bitmap Heap Scan on sbtest3  (cost=5.68..483.81 rows=121 width=125)
	  Recheck Cond: ((k >= 7658495) AND (k <= 7658595))
	  ->  Bitmap Index Scan on k_3  (cost=0.00..5.64 rows=121 width=0)
	        Index Cond: ((k >= 7658495) AND (k <= 7658595))

table 4 : explain SELECT k, c FROM sbtest4 WHERE k BETWEEN 7658495 AND 7658595
	Bitmap Heap Scan on sbtest4  (cost=5.42..385.43 rows=96 width=125)
	  Recheck Cond: ((k >= 7658495) AND (k <= 7658595))
	  ->  Bitmap Index Scan on k_4  (cost=0.00..5.39 rows=96 width=0)
	        Index Cond: ((k >= 7658495) AND (k <= 7658595))

table 5 : explain SELECT k, c FROM sbtest5 WHERE k BETWEEN 7658495 AND 7658595
	Bitmap Heap Scan on sbtest5  (cost=5.39..373.61 rows=93 width=125)
	  Recheck Cond: ((k >= 7658495) AND (k <= 7658595))
	  ->  Bitmap Index Scan on k_5  (cost=0.00..5.36 rows=93 width=0)
	        Index Cond: ((k >= 7658495) AND (k <= 7658595))

table 6 : explain SELECT k, c FROM sbtest6 WHERE k BETWEEN 7658495 AND 7658595
	Bitmap Heap Scan on sbtest6  (cost=5.40..377.55 rows=94 width=125)
	  Recheck Cond: ((k >= 7658495) AND (k <= 7658595))
	  ->  Bitmap Index Scan on k_6  (cost=0.00..5.38 rows=94 width=0)
	        Index Cond: ((k >= 7658495) AND (k <= 7658595))

table 7 : explain SELECT k, c FROM sbtest7 WHERE k BETWEEN 7658495 AND 7658595
	Bitmap Heap Scan on sbtest7  (cost=5.42..385.43 rows=96 width=125)
	  Recheck Cond: ((k >= 7658495) AND (k <= 7658595))
	  ->  Bitmap Index Scan on k_7  (cost=0.00..5.39 rows=96 width=0)
	        Index Cond: ((k >= 7658495) AND (k <= 7658595))

table 8 : explain SELECT k, c FROM sbtest8 WHERE k BETWEEN 7658495 AND 7658595
	Bitmap Heap Scan on sbtest8  (cost=5.44..393.31 rows=98 width=125)
	  Recheck Cond: ((k >= 7658495) AND (k <= 7658595))
	  ->  Bitmap Index Scan on k_8  (cost=0.00..5.42 rows=98 width=0)
	        Index Cond: ((k >= 7658495) AND (k <= 7658595))

explain: for range-notcovered :: explain SELECT k, c FROM sbtest%d WHERE k BETWEEN 7658495 AND 7658595
for range-notcovered
table 1 : explain SELECT k, c FROM sbtest1 WHERE k BETWEEN 4327344 AND 4327444
	Bitmap Heap Scan on sbtest1  (cost=5.47..405.13 rows=101 width=125)
	  Recheck Cond: ((k >= 4327344) AND (k <= 4327444))
	  ->  Bitmap Index Scan on k_1  (cost=0.00..5.44 rows=101 width=0)
	        Index Cond: ((k >= 4327344) AND (k <= 4327444))

table 2 : explain SELECT k, c FROM sbtest2 WHERE k BETWEEN 4327344 AND 4327444
	Bitmap Heap Scan on sbtest2  (cost=5.47..405.13 rows=101 width=125)
	  Recheck Cond: ((k >= 4327344) AND (k <= 4327444))
	  ->  Bitmap Index Scan on k_2  (cost=0.00..5.44 rows=101 width=0)
	        Index Cond: ((k >= 4327344) AND (k <= 4327444))

table 3 : explain SELECT k, c FROM sbtest3 WHERE k BETWEEN 4327344 AND 4327444
	Bitmap Heap Scan on sbtest3  (cost=5.53..428.75 rows=107 width=125)
	  Recheck Cond: ((k >= 4327344) AND (k <= 4327444))
	  ->  Bitmap Index Scan on k_3  (cost=0.00..5.50 rows=107 width=0)
	        Index Cond: ((k >= 4327344) AND (k <= 4327444))

table 4 : explain SELECT k, c FROM sbtest4 WHERE k BETWEEN 4327344 AND 4327444
	Bitmap Heap Scan on sbtest4  (cost=5.51..420.88 rows=105 width=125)
	  Recheck Cond: ((k >= 4327344) AND (k <= 4327444))
	  ->  Bitmap Index Scan on k_4  (cost=0.00..5.48 rows=105 width=0)
	        Index Cond: ((k >= 4327344) AND (k <= 4327444))

table 5 : explain SELECT k, c FROM sbtest5 WHERE k BETWEEN 4327344 AND 4327444
	Bitmap Heap Scan on sbtest5  (cost=5.42..385.43 rows=96 width=125)
	  Recheck Cond: ((k >= 4327344) AND (k <= 4327444))
	  ->  Bitmap Index Scan on k_5  (cost=0.00..5.39 rows=96 width=0)
	        Index Cond: ((k >= 4327344) AND (k <= 4327444))

table 6 : explain SELECT k, c FROM sbtest6 WHERE k BETWEEN 4327344 AND 4327444
	Bitmap Heap Scan on sbtest6  (cost=5.48..409.07 rows=102 width=125)
	  Recheck Cond: ((k >= 4327344) AND (k <= 4327444))
	  ->  Bitmap Index Scan on k_6  (cost=0.00..5.45 rows=102 width=0)
	        Index Cond: ((k >= 4327344) AND (k <= 4327444))

table 7 : explain SELECT k, c FROM sbtest7 WHERE k BETWEEN 4327344 AND 4327444
	Bitmap Heap Scan on sbtest7  (cost=5.47..405.13 rows=101 width=125)
	  Recheck Cond: ((k >= 4327344) AND (k <= 4327444))
	  ->  Bitmap Index Scan on k_7  (cost=0.00..5.44 rows=101 width=0)
	        Index Cond: ((k >= 4327344) AND (k <= 4327444))

table 8 : explain SELECT k, c FROM sbtest8 WHERE k BETWEEN 4327344 AND 4327444
	Bitmap Heap Scan on sbtest8  (cost=5.48..409.07 rows=102 width=125)
	  Recheck Cond: ((k >= 4327344) AND (k <= 4327444))
	  ->  Bitmap Index Scan on k_8  (cost=0.00..5.45 rows=102 width=0)
	        Index Cond: ((k >= 4327344) AND (k <= 4327444))

for range-notcovered
table 1 : explain SELECT k, c FROM sbtest1 WHERE k BETWEEN 2571687 AND 2571787
	Bitmap Heap Scan on sbtest1  (cost=5.53..428.75 rows=107 width=125)
	  Recheck Cond: ((k >= 2571687) AND (k <= 2571787))
	  ->  Bitmap Index Scan on k_1  (cost=0.00..5.50 rows=107 width=0)
	        Index Cond: ((k >= 2571687) AND (k <= 2571787))

table 2 : explain SELECT k, c FROM sbtest2 WHERE k BETWEEN 2571687 AND 2571787
	Bitmap Heap Scan on sbtest2  (cost=5.49..413.00 rows=103 width=125)
	  Recheck Cond: ((k >= 2571687) AND (k <= 2571787))
	  ->  Bitmap Index Scan on k_2  (cost=0.00..5.46 rows=103 width=0)
	        Index Cond: ((k >= 2571687) AND (k <= 2571787))

table 3 : explain SELECT k, c FROM sbtest3 WHERE k BETWEEN 2571687 AND 2571787
	Bitmap Heap Scan on sbtest3  (cost=5.57..444.49 rows=111 width=125)
	  Recheck Cond: ((k >= 2571687) AND (k <= 2571787))
	  ->  Bitmap Index Scan on k_3  (cost=0.00..5.54 rows=111 width=0)
	        Index Cond: ((k >= 2571687) AND (k <= 2571787))

table 4 : explain SELECT k, c FROM sbtest4 WHERE k BETWEEN 2571687 AND 2571787
	Bitmap Heap Scan on sbtest4  (cost=5.44..393.31 rows=98 width=125)
	  Recheck Cond: ((k >= 2571687) AND (k <= 2571787))
	  ->  Bitmap Index Scan on k_4  (cost=0.00..5.42 rows=98 width=0)
	        Index Cond: ((k >= 2571687) AND (k <= 2571787))

table 5 : explain SELECT k, c FROM sbtest5 WHERE k BETWEEN 2571687 AND 2571787
	Bitmap Heap Scan on sbtest5  (cost=5.47..405.13 rows=101 width=125)
	  Recheck Cond: ((k >= 2571687) AND (k <= 2571787))
	  ->  Bitmap Index Scan on k_5  (cost=0.00..5.44 rows=101 width=0)
	        Index Cond: ((k >= 2571687) AND (k <= 2571787))

table 6 : explain SELECT k, c FROM sbtest6 WHERE k BETWEEN 2571687 AND 2571787
	Bitmap Heap Scan on sbtest6  (cost=5.44..393.31 rows=98 width=125)
	  Recheck Cond: ((k >= 2571687) AND (k <= 2571787))
	  ->  Bitmap Index Scan on k_6  (cost=0.00..5.42 rows=98 width=0)
	        Index Cond: ((k >= 2571687) AND (k <= 2571787))

table 7 : explain SELECT k, c FROM sbtest7 WHERE k BETWEEN 2571687 AND 2571787
	Bitmap Heap Scan on sbtest7  (cost=5.47..405.13 rows=101 width=125)
	  Recheck Cond: ((k >= 2571687) AND (k <= 2571787))
	  ->  Bitmap Index Scan on k_7  (cost=0.00..5.44 rows=101 width=0)
	        Index Cond: ((k >= 2571687) AND (k <= 2571787))

table 8 : explain SELECT k, c FROM sbtest8 WHERE k BETWEEN 2571687 AND 2571787
	Bitmap Heap Scan on sbtest8  (cost=5.39..373.61 rows=93 width=125)
	  Recheck Cond: ((k >= 2571687) AND (k <= 2571787))
	  ->  Bitmap Index Scan on k_8  (cost=0.00..5.36 rows=93 width=0)
	        Index Cond: ((k >= 2571687) AND (k <= 2571787))

for range-notcovered
table 1 : explain SELECT k, c FROM sbtest1 WHERE k BETWEEN 375616 AND 375716
	Bitmap Heap Scan on sbtest1  (cost=5.43..389.37 rows=97 width=125)
	  Recheck Cond: ((k >= 375616) AND (k <= 375716))
	  ->  Bitmap Index Scan on k_1  (cost=0.00..5.40 rows=97 width=0)
	        Index Cond: ((k >= 375616) AND (k <= 375716))

table 2 : explain SELECT k, c FROM sbtest2 WHERE k BETWEEN 375616 AND 375716
	Bitmap Heap Scan on sbtest2  (cost=5.48..409.07 rows=102 width=125)
	  Recheck Cond: ((k >= 375616) AND (k <= 375716))
	  ->  Bitmap Index Scan on k_2  (cost=0.00..5.45 rows=102 width=0)
	        Index Cond: ((k >= 375616) AND (k <= 375716))

table 3 : explain SELECT k, c FROM sbtest3 WHERE k BETWEEN 375616 AND 375716
	Bitmap Heap Scan on sbtest3  (cost=5.37..365.72 rows=91 width=125)
	  Recheck Cond: ((k >= 375616) AND (k <= 375716))
	  ->  Bitmap Index Scan on k_3  (cost=0.00..5.34 rows=91 width=0)
	        Index Cond: ((k >= 375616) AND (k <= 375716))

table 4 : explain SELECT k, c FROM sbtest4 WHERE k BETWEEN 375616 AND 375716
	Bitmap Heap Scan on sbtest4  (cost=5.44..393.31 rows=98 width=125)
	  Recheck Cond: ((k >= 375616) AND (k <= 375716))
	  ->  Bitmap Index Scan on k_4  (cost=0.00..5.42 rows=98 width=0)
	        Index Cond: ((k >= 375616) AND (k <= 375716))

table 5 : explain SELECT k, c FROM sbtest5 WHERE k BETWEEN 375616 AND 375716
	Bitmap Heap Scan on sbtest5  (cost=5.51..420.88 rows=105 width=125)
	  Recheck Cond: ((k >= 375616) AND (k <= 375716))
	  ->  Bitmap Index Scan on k_5  (cost=0.00..5.48 rows=105 width=0)
	        Index Cond: ((k >= 375616) AND (k <= 375716))

table 6 : explain SELECT k, c FROM sbtest6 WHERE k BETWEEN 375616 AND 375716
	Bitmap Heap Scan on sbtest6  (cost=5.46..401.19 rows=100 width=125)
	  Recheck Cond: ((k >= 375616) AND (k <= 375716))
	  ->  Bitmap Index Scan on k_6  (cost=0.00..5.43 rows=100 width=0)
	        Index Cond: ((k >= 375616) AND (k <= 375716))

table 7 : explain SELECT k, c FROM sbtest7 WHERE k BETWEEN 375616 AND 375716
	Bitmap Heap Scan on sbtest7  (cost=5.53..428.75 rows=107 width=125)
	  Recheck Cond: ((k >= 375616) AND (k <= 375716))
	  ->  Bitmap Index Scan on k_7  (cost=0.00..5.50 rows=107 width=0)
	        Index Cond: ((k >= 375616) AND (k <= 375716))

table 8 : explain SELECT k, c FROM sbtest8 WHERE k BETWEEN 375616 AND 375716
	Bitmap Heap Scan on sbtest8  (cost=5.44..393.31 rows=98 width=125)
	  Recheck Cond: ((k >= 375616) AND (k <= 375716))
	  ->  Bitmap Index Scan on k_8  (cost=0.00..5.42 rows=98 width=0)
	        Index Cond: ((k >= 375616) AND (k <= 375716))

for range-notcovered
table 1 : explain SELECT k, c FROM sbtest1 WHERE k BETWEEN 5779574 AND 5779674
	Bitmap Heap Scan on sbtest1  (cost=5.51..420.88 rows=105 width=125)
	  Recheck Cond: ((k >= 5779574) AND (k <= 5779674))
	  ->  Bitmap Index Scan on k_1  (cost=0.00..5.48 rows=105 width=0)
	        Index Cond: ((k >= 5779574) AND (k <= 5779674))

table 2 : explain SELECT k, c FROM sbtest2 WHERE k BETWEEN 5779574 AND 5779674
	Bitmap Heap Scan on sbtest2  (cost=5.47..405.13 rows=101 width=125)
	  Recheck Cond: ((k >= 5779574) AND (k <= 5779674))
	  ->  Bitmap Index Scan on k_2  (cost=0.00..5.44 rows=101 width=0)
	        Index Cond: ((k >= 5779574) AND (k <= 5779674))

table 3 : explain SELECT k, c FROM sbtest3 WHERE k BETWEEN 5779574 AND 5779674
	Bitmap Heap Scan on sbtest3  (cost=5.51..420.88 rows=105 width=125)
	  Recheck Cond: ((k >= 5779574) AND (k <= 5779674))
	  ->  Bitmap Index Scan on k_3  (cost=0.00..5.48 rows=105 width=0)
	        Index Cond: ((k >= 5779574) AND (k <= 5779674))

table 4 : explain SELECT k, c FROM sbtest4 WHERE k BETWEEN 5779574 AND 5779674
	Bitmap Heap Scan on sbtest4  (cost=5.45..397.25 rows=99 width=125)
	  Recheck Cond: ((k >= 5779574) AND (k <= 5779674))
	  ->  Bitmap Index Scan on k_4  (cost=0.00..5.42 rows=99 width=0)
	        Index Cond: ((k >= 5779574) AND (k <= 5779674))

table 5 : explain SELECT k, c FROM sbtest5 WHERE k BETWEEN 5779574 AND 5779674
	Bitmap Heap Scan on sbtest5  (cost=5.47..405.13 rows=101 width=125)
	  Recheck Cond: ((k >= 5779574) AND (k <= 5779674))
	  ->  Bitmap Index Scan on k_5  (cost=0.00..5.44 rows=101 width=0)
	        Index Cond: ((k >= 5779574) AND (k <= 5779674))

table 6 : explain SELECT k, c FROM sbtest6 WHERE k BETWEEN 5779574 AND 5779674
	Bitmap Heap Scan on sbtest6  (cost=5.43..389.37 rows=97 width=125)
	  Recheck Cond: ((k >= 5779574) AND (k <= 5779674))
	  ->  Bitmap Index Scan on k_6  (cost=0.00..5.40 rows=97 width=0)
	        Index Cond: ((k >= 5779574) AND (k <= 5779674))

table 7 : explain SELECT k, c FROM sbtest7 WHERE k BETWEEN 5779574 AND 5779674
	Bitmap Heap Scan on sbtest7  (cost=5.47..405.13 rows=101 width=125)
	  Recheck Cond: ((k >= 5779574) AND (k <= 5779674))
	  ->  Bitmap Index Scan on k_7  (cost=0.00..5.44 rows=101 width=0)
	        Index Cond: ((k >= 5779574) AND (k <= 5779674))

table 8 : explain SELECT k, c FROM sbtest8 WHERE k BETWEEN 5779574 AND 5779674
	Bitmap Heap Scan on sbtest8  (cost=5.54..432.69 rows=108 width=125)
	  Recheck Cond: ((k >= 5779574) AND (k <= 5779674))
	  ->  Bitmap Index Scan on k_8  (cost=0.00..5.51 rows=108 width=0)
	        Index Cond: ((k >= 5779574) AND (k <= 5779674))

explain: for range-notcovered :: explain SELECT k, c FROM sbtest%d WHERE k BETWEEN 4327344 AND 4327444
explain: for range-notcovered :: explain SELECT k, c FROM sbtest%d WHERE k BETWEEN 375616 AND 375716
explain: for range-notcovered :: explain SELECT k, c FROM sbtest%d WHERE k BETWEEN 5779574 AND 5779674
explain: for range-notcovered :: explain SELECT k, c FROM sbtest%d WHERE k BETWEEN 2571687 AND 2571787
for range-notcovered
table 1 : explain SELECT k, c FROM sbtest1 WHERE k BETWEEN 4569925 AND 4570025
	Bitmap Heap Scan on sbtest1  (cost=5.49..413.00 rows=103 width=125)
	  Recheck Cond: ((k >= 4569925) AND (k <= 4570025))
	  ->  Bitmap Index Scan on k_1  (cost=0.00..5.46 rows=103 width=0)
	        Index Cond: ((k >= 4569925) AND (k <= 4570025))

table 2 : explain SELECT k, c FROM sbtest2 WHERE k BETWEEN 4569925 AND 4570025
	Bitmap Heap Scan on sbtest2  (cost=5.47..405.13 rows=101 width=125)
	  Recheck Cond: ((k >= 4569925) AND (k <= 4570025))
	  ->  Bitmap Index Scan on k_2  (cost=0.00..5.44 rows=101 width=0)
	        Index Cond: ((k >= 4569925) AND (k <= 4570025))

table 3 : explain SELECT k, c FROM sbtest3 WHERE k BETWEEN 4569925 AND 4570025
	Bitmap Heap Scan on sbtest3  (cost=5.43..389.37 rows=97 width=125)
	  Recheck Cond: ((k >= 4569925) AND (k <= 4570025))
	  ->  Bitmap Index Scan on k_3  (cost=0.00..5.40 rows=97 width=0)
	        Index Cond: ((k >= 4569925) AND (k <= 4570025))

table 4 : explain SELECT k, c FROM sbtest4 WHERE k BETWEEN 4569925 AND 4570025
	Bitmap Heap Scan on sbtest4  (cost=5.51..420.88 rows=105 width=125)
	  Recheck Cond: ((k >= 4569925) AND (k <= 4570025))
	  ->  Bitmap Index Scan on k_4  (cost=0.00..5.48 rows=105 width=0)
	        Index Cond: ((k >= 4569925) AND (k <= 4570025))

table 5 : explain SELECT k, c FROM sbtest5 WHERE k BETWEEN 4569925 AND 4570025
	Bitmap Heap Scan on sbtest5  (cost=5.45..397.25 rows=99 width=125)
	  Recheck Cond: ((k >= 4569925) AND (k <= 4570025))
	  ->  Bitmap Index Scan on k_5  (cost=0.00..5.42 rows=99 width=0)
	        Index Cond: ((k >= 4569925) AND (k <= 4570025))

table 6 : explain SELECT k, c FROM sbtest6 WHERE k BETWEEN 4569925 AND 4570025
	Bitmap Heap Scan on sbtest6  (cost=5.43..389.37 rows=97 width=125)
	  Recheck Cond: ((k >= 4569925) AND (k <= 4570025))
	  ->  Bitmap Index Scan on k_6  (cost=0.00..5.40 rows=97 width=0)
	        Index Cond: ((k >= 4569925) AND (k <= 4570025))

table 7 : explain SELECT k, c FROM sbtest7 WHERE k BETWEEN 4569925 AND 4570025
	Bitmap Heap Scan on sbtest7  (cost=5.47..405.13 rows=101 width=125)
	  Recheck Cond: ((k >= 4569925) AND (k <= 4570025))
	  ->  Bitmap Index Scan on k_7  (cost=0.00..5.44 rows=101 width=0)
	        Index Cond: ((k >= 4569925) AND (k <= 4570025))

table 8 : explain SELECT k, c FROM sbtest8 WHERE k BETWEEN 4569925 AND 4570025
	Bitmap Heap Scan on sbtest8  (cost=5.44..393.31 rows=98 width=125)
	  Recheck Cond: ((k >= 4569925) AND (k <= 4570025))
	  ->  Bitmap Index Scan on k_8  (cost=0.00..5.42 rows=98 width=0)
	        Index Cond: ((k >= 4569925) AND (k <= 4570025))

explain: for range-notcovered :: explain SELECT k, c FROM sbtest%d WHERE k BETWEEN 4569925 AND 4570025
for range-notcovered
table 1 : explain SELECT k, c FROM sbtest1 WHERE k BETWEEN 4327344 AND 4327444
	Bitmap Heap Scan on sbtest1  (cost=5.47..405.13 rows=101 width=125)
	  Recheck Cond: ((k >= 4327344) AND (k <= 4327444))
	  ->  Bitmap Index Scan on k_1  (cost=0.00..5.44 rows=101 width=0)
	        Index Cond: ((k >= 4327344) AND (k <= 4327444))

table 2 : explain SELECT k, c FROM sbtest2 WHERE k BETWEEN 4327344 AND 4327444
	Bitmap Heap Scan on sbtest2  (cost=5.47..405.13 rows=101 width=125)
	  Recheck Cond: ((k >= 4327344) AND (k <= 4327444))
	  ->  Bitmap Index Scan on k_2  (cost=0.00..5.44 rows=101 width=0)
	        Index Cond: ((k >= 4327344) AND (k <= 4327444))

table 3 : explain SELECT k, c FROM sbtest3 WHERE k BETWEEN 4327344 AND 4327444
	Bitmap Heap Scan on sbtest3  (cost=5.53..428.75 rows=107 width=125)
	  Recheck Cond: ((k >= 4327344) AND (k <= 4327444))
	  ->  Bitmap Index Scan on k_3  (cost=0.00..5.50 rows=107 width=0)
	        Index Cond: ((k >= 4327344) AND (k <= 4327444))

table 4 : explain SELECT k, c FROM sbtest4 WHERE k BETWEEN 4327344 AND 4327444
	Bitmap Heap Scan on sbtest4  (cost=5.51..420.88 rows=105 width=125)
	  Recheck Cond: ((k >= 4327344) AND (k <= 4327444))
	  ->  Bitmap Index Scan on k_4  (cost=0.00..5.48 rows=105 width=0)
	        Index Cond: ((k >= 4327344) AND (k <= 4327444))

table 5 : explain SELECT k, c FROM sbtest5 WHERE k BETWEEN 4327344 AND 4327444
	Bitmap Heap Scan on sbtest5  (cost=5.42..385.43 rows=96 width=125)
	  Recheck Cond: ((k >= 4327344) AND (k <= 4327444))
	  ->  Bitmap Index Scan on k_5  (cost=0.00..5.39 rows=96 width=0)
	        Index Cond: ((k >= 4327344) AND (k <= 4327444))

table 6 : explain SELECT k, c FROM sbtest6 WHERE k BETWEEN 4327344 AND 4327444
	Bitmap Heap Scan on sbtest6  (cost=5.48..409.07 rows=102 width=125)
	  Recheck Cond: ((k >= 4327344) AND (k <= 4327444))
	  ->  Bitmap Index Scan on k_6  (cost=0.00..5.45 rows=102 width=0)
	        Index Cond: ((k >= 4327344) AND (k <= 4327444))

table 7 : explain SELECT k, c FROM sbtest7 WHERE k BETWEEN 4327344 AND 4327444
	Bitmap Heap Scan on sbtest7  (cost=5.47..405.13 rows=101 width=125)
	  Recheck Cond: ((k >= 4327344) AND (k <= 4327444))
	  ->  Bitmap Index Scan on k_7  (cost=0.00..5.44 rows=101 width=0)
	        Index Cond: ((k >= 4327344) AND (k <= 4327444))

table 8 : explain SELECT k, c FROM sbtest8 WHERE k BETWEEN 4327344 AND 4327444
	Bitmap Heap Scan on sbtest8  (cost=5.48..409.07 rows=102 width=125)
	  Recheck Cond: ((k >= 4327344) AND (k <= 4327444))
	  ->  Bitmap Index Scan on k_8  (cost=0.00..5.45 rows=102 width=0)
	        Index Cond: ((k >= 4327344) AND (k <= 4327444))

for range-notcovered
table 1 : explain SELECT k, c FROM sbtest1 WHERE k BETWEEN 5779574 AND 5779674
	Bitmap Heap Scan on sbtest1  (cost=5.51..420.88 rows=105 width=125)
	  Recheck Cond: ((k >= 5779574) AND (k <= 5779674))
	  ->  Bitmap Index Scan on k_1  (cost=0.00..5.48 rows=105 width=0)
	        Index Cond: ((k >= 5779574) AND (k <= 5779674))

table 2 : explain SELECT k, c FROM sbtest2 WHERE k BETWEEN 5779574 AND 5779674
	Bitmap Heap Scan on sbtest2  (cost=5.47..405.13 rows=101 width=125)
	  Recheck Cond: ((k >= 5779574) AND (k <= 5779674))
	  ->  Bitmap Index Scan on k_2  (cost=0.00..5.44 rows=101 width=0)
	        Index Cond: ((k >= 5779574) AND (k <= 5779674))

table 3 : explain SELECT k, c FROM sbtest3 WHERE k BETWEEN 5779574 AND 5779674
	Bitmap Heap Scan on sbtest3  (cost=5.51..420.88 rows=105 width=125)
	  Recheck Cond: ((k >= 5779574) AND (k <= 5779674))
	  ->  Bitmap Index Scan on k_3  (cost=0.00..5.48 rows=105 width=0)
	        Index Cond: ((k >= 5779574) AND (k <= 5779674))

table 4 : explain SELECT k, c FROM sbtest4 WHERE k BETWEEN 5779574 AND 5779674
	Bitmap Heap Scan on sbtest4  (cost=5.45..397.25 rows=99 width=125)
	  Recheck Cond: ((k >= 5779574) AND (k <= 5779674))
	  ->  Bitmap Index Scan on k_4  (cost=0.00..5.42 rows=99 width=0)
	        Index Cond: ((k >= 5779574) AND (k <= 5779674))

table 5 : explain SELECT k, c FROM sbtest5 WHERE k BETWEEN 5779574 AND 5779674
	Bitmap Heap Scan on sbtest5  (cost=5.47..405.13 rows=101 width=125)
	  Recheck Cond: ((k >= 5779574) AND (k <= 5779674))
	  ->  Bitmap Index Scan on k_5  (cost=0.00..5.44 rows=101 width=0)
	        Index Cond: ((k >= 5779574) AND (k <= 5779674))

table 6 : explain SELECT k, c FROM sbtest6 WHERE k BETWEEN 5779574 AND 5779674
	Bitmap Heap Scan on sbtest6  (cost=5.43..389.37 rows=97 width=125)
	  Recheck Cond: ((k >= 5779574) AND (k <= 5779674))
	  ->  Bitmap Index Scan on k_6  (cost=0.00..5.40 rows=97 width=0)
	        Index Cond: ((k >= 5779574) AND (k <= 5779674))

table 7 : explain SELECT k, c FROM sbtest7 WHERE k BETWEEN 5779574 AND 5779674
	Bitmap Heap Scan on sbtest7  (cost=5.47..405.13 rows=101 width=125)
	  Recheck Cond: ((k >= 5779574) AND (k <= 5779674))
	  ->  Bitmap Index Scan on k_7  (cost=0.00..5.44 rows=101 width=0)
	        Index Cond: ((k >= 5779574) AND (k <= 5779674))

table 8 : explain SELECT k, c FROM sbtest8 WHERE k BETWEEN 5779574 AND 5779674
	Bitmap Heap Scan on sbtest8  (cost=5.54..432.69 rows=108 width=125)
	  Recheck Cond: ((k >= 5779574) AND (k <= 5779674))
	  ->  Bitmap Index Scan on k_8  (cost=0.00..5.51 rows=108 width=0)
	        Index Cond: ((k >= 5779574) AND (k <= 5779674))

explain: for range-notcovered :: explain SELECT k, c FROM sbtest%d WHERE k BETWEEN 4327344 AND 4327444
explain: for range-notcovered :: explain SELECT k, c FROM sbtest%d WHERE k BETWEEN 5779574 AND 5779674
for range-notcovered
table 1 : explain SELECT k, c FROM sbtest1 WHERE k BETWEEN 2571687 AND 2571787
	Bitmap Heap Scan on sbtest1  (cost=5.53..428.75 rows=107 width=125)
	  Recheck Cond: ((k >= 2571687) AND (k <= 2571787))
	  ->  Bitmap Index Scan on k_1  (cost=0.00..5.50 rows=107 width=0)
	        Index Cond: ((k >= 2571687) AND (k <= 2571787))

table 2 : explain SELECT k, c FROM sbtest2 WHERE k BETWEEN 2571687 AND 2571787
	Bitmap Heap Scan on sbtest2  (cost=5.49..413.00 rows=103 width=125)
	  Recheck Cond: ((k >= 2571687) AND (k <= 2571787))
	  ->  Bitmap Index Scan on k_2  (cost=0.00..5.46 rows=103 width=0)
	        Index Cond: ((k >= 2571687) AND (k <= 2571787))

table 3 : explain SELECT k, c FROM sbtest3 WHERE k BETWEEN 2571687 AND 2571787
	Bitmap Heap Scan on sbtest3  (cost=5.57..444.49 rows=111 width=125)
	  Recheck Cond: ((k >= 2571687) AND (k <= 2571787))
	  ->  Bitmap Index Scan on k_3  (cost=0.00..5.54 rows=111 width=0)
	        Index Cond: ((k >= 2571687) AND (k <= 2571787))

table 4 : explain SELECT k, c FROM sbtest4 WHERE k BETWEEN 2571687 AND 2571787
	Bitmap Heap Scan on sbtest4  (cost=5.44..393.31 rows=98 width=125)
	  Recheck Cond: ((k >= 2571687) AND (k <= 2571787))
	  ->  Bitmap Index Scan on k_4  (cost=0.00..5.42 rows=98 width=0)
	        Index Cond: ((k >= 2571687) AND (k <= 2571787))

table 5 : explain SELECT k, c FROM sbtest5 WHERE k BETWEEN 2571687 AND 2571787
	Bitmap Heap Scan on sbtest5  (cost=5.47..405.13 rows=101 width=125)
	  Recheck Cond: ((k >= 2571687) AND (k <= 2571787))
	  ->  Bitmap Index Scan on k_5  (cost=0.00..5.44 rows=101 width=0)
	        Index Cond: ((k >= 2571687) AND (k <= 2571787))

table 6 : explain SELECT k, c FROM sbtest6 WHERE k BETWEEN 2571687 AND 2571787
	Bitmap Heap Scan on sbtest6  (cost=5.44..393.31 rows=98 width=125)
	  Recheck Cond: ((k >= 2571687) AND (k <= 2571787))
	  ->  Bitmap Index Scan on k_6  (cost=0.00..5.42 rows=98 width=0)
	        Index Cond: ((k >= 2571687) AND (k <= 2571787))

table 7 : explain SELECT k, c FROM sbtest7 WHERE k BETWEEN 2571687 AND 2571787
	Bitmap Heap Scan on sbtest7  (cost=5.47..405.13 rows=101 width=125)
	  Recheck Cond: ((k >= 2571687) AND (k <= 2571787))
	  ->  Bitmap Index Scan on k_7  (cost=0.00..5.44 rows=101 width=0)
	        Index Cond: ((k >= 2571687) AND (k <= 2571787))

table 8 : explain SELECT k, c FROM sbtest8 WHERE k BETWEEN 2571687 AND 2571787
	Bitmap Heap Scan on sbtest8  (cost=5.39..373.61 rows=93 width=125)
	  Recheck Cond: ((k >= 2571687) AND (k <= 2571787))
	  ->  Bitmap Index Scan on k_8  (cost=0.00..5.36 rows=93 width=0)
	        Index Cond: ((k >= 2571687) AND (k <= 2571787))

explain: for range-notcovered :: explain SELECT k, c FROM sbtest%d WHERE k BETWEEN 4398093 AND 4398193
explain: for range-notcovered :: explain SELECT k, c FROM sbtest%d WHERE k BETWEEN 2571687 AND 2571787
for range-notcovered
table 1 : explain SELECT k, c FROM sbtest1 WHERE k BETWEEN 4569925 AND 4570025
	Bitmap Heap Scan on sbtest1  (cost=5.49..413.00 rows=103 width=125)
	  Recheck Cond: ((k >= 4569925) AND (k <= 4570025))
	  ->  Bitmap Index Scan on k_1  (cost=0.00..5.46 rows=103 width=0)
	        Index Cond: ((k >= 4569925) AND (k <= 4570025))

table 2 : explain SELECT k, c FROM sbtest2 WHERE k BETWEEN 4569925 AND 4570025
	Bitmap Heap Scan on sbtest2  (cost=5.47..405.13 rows=101 width=125)
	  Recheck Cond: ((k >= 4569925) AND (k <= 4570025))
	  ->  Bitmap Index Scan on k_2  (cost=0.00..5.44 rows=101 width=0)
	        Index Cond: ((k >= 4569925) AND (k <= 4570025))

table 3 : explain SELECT k, c FROM sbtest3 WHERE k BETWEEN 4569925 AND 4570025
	Bitmap Heap Scan on sbtest3  (cost=5.43..389.37 rows=97 width=125)
	  Recheck Cond: ((k >= 4569925) AND (k <= 4570025))
	  ->  Bitmap Index Scan on k_3  (cost=0.00..5.40 rows=97 width=0)
	        Index Cond: ((k >= 4569925) AND (k <= 4570025))

table 4 : explain SELECT k, c FROM sbtest4 WHERE k BETWEEN 4569925 AND 4570025
	Bitmap Heap Scan on sbtest4  (cost=5.51..420.88 rows=105 width=125)
	  Recheck Cond: ((k >= 4569925) AND (k <= 4570025))
	  ->  Bitmap Index Scan on k_4  (cost=0.00..5.48 rows=105 width=0)
	        Index Cond: ((k >= 4569925) AND (k <= 4570025))

table 5 : explain SELECT k, c FROM sbtest5 WHERE k BETWEEN 4569925 AND 4570025
	Bitmap Heap Scan on sbtest5  (cost=5.45..397.25 rows=99 width=125)
	  Recheck Cond: ((k >= 4569925) AND (k <= 4570025))
	  ->  Bitmap Index Scan on k_5  (cost=0.00..5.42 rows=99 width=0)
	        Index Cond: ((k >= 4569925) AND (k <= 4570025))

table 6 : explain SELECT k, c FROM sbtest6 WHERE k BETWEEN 4569925 AND 4570025
	Bitmap Heap Scan on sbtest6  (cost=5.43..389.37 rows=97 width=125)
	  Recheck Cond: ((k >= 4569925) AND (k <= 4570025))
	  ->  Bitmap Index Scan on k_6  (cost=0.00..5.40 rows=97 width=0)
	        Index Cond: ((k >= 4569925) AND (k <= 4570025))

table 7 : explain SELECT k, c FROM sbtest7 WHERE k BETWEEN 4569925 AND 4570025
	Bitmap Heap Scan on sbtest7  (cost=5.47..405.13 rows=101 width=125)
	  Recheck Cond: ((k >= 4569925) AND (k <= 4570025))
	  ->  Bitmap Index Scan on k_7  (cost=0.00..5.44 rows=101 width=0)
	        Index Cond: ((k >= 4569925) AND (k <= 4570025))

table 8 : explain SELECT k, c FROM sbtest8 WHERE k BETWEEN 4569925 AND 4570025
	Bitmap Heap Scan on sbtest8  (cost=5.44..393.31 rows=98 width=125)
	  Recheck Cond: ((k >= 4569925) AND (k <= 4570025))
	  ->  Bitmap Index Scan on k_8  (cost=0.00..5.42 rows=98 width=0)
	        Index Cond: ((k >= 4569925) AND (k <= 4570025))

for range-notcovered
table 1 : explain SELECT k, c FROM sbtest1 WHERE k BETWEEN 4564252 AND 4564352
	Bitmap Heap Scan on sbtest1  (cost=5.49..413.00 rows=103 width=125)
	  Recheck Cond: ((k >= 4564252) AND (k <= 4564352))
	  ->  Bitmap Index Scan on k_1  (cost=0.00..5.46 rows=103 width=0)
	        Index Cond: ((k >= 4564252) AND (k <= 4564352))

table 2 : explain SELECT k, c FROM sbtest2 WHERE k BETWEEN 4564252 AND 4564352
	Bitmap Heap Scan on sbtest2  (cost=5.47..405.13 rows=101 width=125)
	  Recheck Cond: ((k >= 4564252) AND (k <= 4564352))
	  ->  Bitmap Index Scan on k_2  (cost=0.00..5.44 rows=101 width=0)
	        Index Cond: ((k >= 4564252) AND (k <= 4564352))

table 3 : explain SELECT k, c FROM sbtest3 WHERE k BETWEEN 4564252 AND 4564352
	Bitmap Heap Scan on sbtest3  (cost=5.43..389.37 rows=97 width=125)
	  Recheck Cond: ((k >= 4564252) AND (k <= 4564352))
	  ->  Bitmap Index Scan on k_3  (cost=0.00..5.40 rows=97 width=0)
	        Index Cond: ((k >= 4564252) AND (k <= 4564352))

table 4 : explain SELECT k, c FROM sbtest4 WHERE k BETWEEN 4564252 AND 4564352
	Bitmap Heap Scan on sbtest4  (cost=5.51..420.88 rows=105 width=125)
	  Recheck Cond: ((k >= 4564252) AND (k <= 4564352))
	  ->  Bitmap Index Scan on k_4  (cost=0.00..5.48 rows=105 width=0)
	        Index Cond: ((k >= 4564252) AND (k <= 4564352))

table 5 : explain SELECT k, c FROM sbtest5 WHERE k BETWEEN 4564252 AND 4564352
	Bitmap Heap Scan on sbtest5  (cost=5.45..397.25 rows=99 width=125)
	  Recheck Cond: ((k >= 4564252) AND (k <= 4564352))
	  ->  Bitmap Index Scan on k_5  (cost=0.00..5.42 rows=99 width=0)
	        Index Cond: ((k >= 4564252) AND (k <= 4564352))

table 6 : explain SELECT k, c FROM sbtest6 WHERE k BETWEEN 4564252 AND 4564352
	Bitmap Heap Scan on sbtest6  (cost=5.43..389.37 rows=97 width=125)
	  Recheck Cond: ((k >= 4564252) AND (k <= 4564352))
	  ->  Bitmap Index Scan on k_6  (cost=0.00..5.40 rows=97 width=0)
	        Index Cond: ((k >= 4564252) AND (k <= 4564352))

table 7 : explain SELECT k, c FROM sbtest7 WHERE k BETWEEN 4564252 AND 4564352
	Bitmap Heap Scan on sbtest7  (cost=5.47..405.13 rows=101 width=125)
	  Recheck Cond: ((k >= 4564252) AND (k <= 4564352))
	  ->  Bitmap Index Scan on k_7  (cost=0.00..5.44 rows=101 width=0)
	        Index Cond: ((k >= 4564252) AND (k <= 4564352))

table 8 : explain SELECT k, c FROM sbtest8 WHERE k BETWEEN 4564252 AND 4564352
	Bitmap Heap Scan on sbtest8  (cost=5.44..393.31 rows=98 width=125)
	  Recheck Cond: ((k >= 4564252) AND (k <= 4564352))
	  ->  Bitmap Index Scan on k_8  (cost=0.00..5.42 rows=98 width=0)
	        Index Cond: ((k >= 4564252) AND (k <= 4564352))

for range-notcovered
table 1 : explain SELECT k, c FROM sbtest1 WHERE k BETWEEN 375616 AND 375716
	Bitmap Heap Scan on sbtest1  (cost=5.43..389.37 rows=97 width=125)
	  Recheck Cond: ((k >= 375616) AND (k <= 375716))
	  ->  Bitmap Index Scan on k_1  (cost=0.00..5.40 rows=97 width=0)
	        Index Cond: ((k >= 375616) AND (k <= 375716))

table 2 : explain SELECT k, c FROM sbtest2 WHERE k BETWEEN 375616 AND 375716
	Bitmap Heap Scan on sbtest2  (cost=5.48..409.07 rows=102 width=125)
	  Recheck Cond: ((k >= 375616) AND (k <= 375716))
	  ->  Bitmap Index Scan on k_2  (cost=0.00..5.45 rows=102 width=0)
	        Index Cond: ((k >= 375616) AND (k <= 375716))

table 3 : explain SELECT k, c FROM sbtest3 WHERE k BETWEEN 375616 AND 375716
	Bitmap Heap Scan on sbtest3  (cost=5.37..365.72 rows=91 width=125)
	  Recheck Cond: ((k >= 375616) AND (k <= 375716))
	  ->  Bitmap Index Scan on k_3  (cost=0.00..5.34 rows=91 width=0)
	        Index Cond: ((k >= 375616) AND (k <= 375716))

table 4 : explain SELECT k, c FROM sbtest4 WHERE k BETWEEN 375616 AND 375716
	Bitmap Heap Scan on sbtest4  (cost=5.44..393.31 rows=98 width=125)
	  Recheck Cond: ((k >= 375616) AND (k <= 375716))
	  ->  Bitmap Index Scan on k_4  (cost=0.00..5.42 rows=98 width=0)
	        Index Cond: ((k >= 375616) AND (k <= 375716))

table 5 : explain SELECT k, c FROM sbtest5 WHERE k BETWEEN 375616 AND 375716
	Bitmap Heap Scan on sbtest5  (cost=5.51..420.88 rows=105 width=125)
	  Recheck Cond: ((k >= 375616) AND (k <= 375716))
	  ->  Bitmap Index Scan on k_5  (cost=0.00..5.48 rows=105 width=0)
	        Index Cond: ((k >= 375616) AND (k <= 375716))

table 6 : explain SELECT k, c FROM sbtest6 WHERE k BETWEEN 375616 AND 375716
	Bitmap Heap Scan on sbtest6  (cost=5.46..401.19 rows=100 width=125)
	  Recheck Cond: ((k >= 375616) AND (k <= 375716))
	  ->  Bitmap Index Scan on k_6  (cost=0.00..5.43 rows=100 width=0)
	        Index Cond: ((k >= 375616) AND (k <= 375716))

table 7 : explain SELECT k, c FROM sbtest7 WHERE k BETWEEN 375616 AND 375716
	Bitmap Heap Scan on sbtest7  (cost=5.53..428.75 rows=107 width=125)
	  Recheck Cond: ((k >= 375616) AND (k <= 375716))
	  ->  Bitmap Index Scan on k_7  (cost=0.00..5.50 rows=107 width=0)
	        Index Cond: ((k >= 375616) AND (k <= 375716))

table 8 : explain SELECT k, c FROM sbtest8 WHERE k BETWEEN 375616 AND 375716
	Bitmap Heap Scan on sbtest8  (cost=5.44..393.31 rows=98 width=125)
	  Recheck Cond: ((k >= 375616) AND (k <= 375716))
	  ->  Bitmap Index Scan on k_8  (cost=0.00..5.42 rows=98 width=0)
	        Index Cond: ((k >= 375616) AND (k <= 375716))
for range-notcovered
table 1 : explain SELECT k, c FROM sbtest1 WHERE k BETWEEN 5553466 AND 5553566
	Bitmap Heap Scan on sbtest1  (cost=5.39..373.61 rows=93 width=125)
	  Recheck Cond: ((k >= 5553466) AND (k <= 5553566))
	  ->  Bitmap Index Scan on k_1  (cost=0.00..5.36 rows=93 width=0)
	        Index Cond: ((k >= 5553466) AND (k <= 5553566))

table 2 : explain SELECT k, c FROM sbtest2 WHERE k BETWEEN 5553466 AND 5553566
	Bitmap Heap Scan on sbtest2  (cost=5.47..405.13 rows=101 width=125)
	  Recheck Cond: ((k >= 5553466) AND (k <= 5553566))
	  ->  Bitmap Index Scan on k_2  (cost=0.00..5.44 rows=101 width=0)
	        Index Cond: ((k >= 5553466) AND (k <= 5553566))

table 3 : explain SELECT k, c FROM sbtest3 WHERE k BETWEEN 5553466 AND 5553566
	Bitmap Heap Scan on sbtest3  (cost=5.51..420.88 rows=105 width=125)
	  Recheck Cond: ((k >= 5553466) AND (k <= 5553566))
	  ->  Bitmap Index Scan on k_3  (cost=0.00..5.48 rows=105 width=0)
	        Index Cond: ((k >= 5553466) AND (k <= 5553566))

table 4 : explain SELECT k, c FROM sbtest4 WHERE k BETWEEN 5553466 AND 5553566
	Bitmap Heap Scan on sbtest4  (cost=5.52..424.81 rows=106 width=125)
	  Recheck Cond: ((k >= 5553466) AND (k <= 5553566))
	  ->  Bitmap Index Scan on k_4  (cost=0.00..5.50 rows=106 width=0)
	        Index Cond: ((k >= 5553466) AND (k <= 5553566))

table 5 : explain SELECT k, c FROM sbtest5 WHERE k BETWEEN 5553466 AND 5553566
	Bitmap Heap Scan on sbtest5  (cost=5.42..385.43 rows=96 width=125)
	  Recheck Cond: ((k >= 5553466) AND (k <= 5553566))
	  ->  Bitmap Index Scan on k_5  (cost=0.00..5.39 rows=96 width=0)
	        Index Cond: ((k >= 5553466) AND (k <= 5553566))

table 6 : explain SELECT k, c FROM sbtest6 WHERE k BETWEEN 5553466 AND 5553566
	Bitmap Heap Scan on sbtest6  (cost=5.47..405.13 rows=101 width=125)
	  Recheck Cond: ((k >= 5553466) AND (k <= 5553566))
	  ->  Bitmap Index Scan on k_6  (cost=0.00..5.44 rows=101 width=0)
	        Index Cond: ((k >= 5553466) AND (k <= 5553566))

table 7 : explain SELECT k, c FROM sbtest7 WHERE k BETWEEN 5553466 AND 5553566
	Bitmap Heap Scan on sbtest7  (cost=5.39..373.61 rows=93 width=125)
	  Recheck Cond: ((k >= 5553466) AND (k <= 5553566))
	  ->  Bitmap Index Scan on k_7  (cost=0.00..5.36 rows=93 width=0)
	        Index Cond: ((k >= 5553466) AND (k <= 5553566))

table 8 : explain SELECT k, c FROM sbtest8 WHERE k BETWEEN 5553466 AND 5553566
	Bitmap Heap Scan on sbtest8  (cost=5.48..409.07 rows=102 width=125)
	  Recheck Cond: ((k >= 5553466) AND (k <= 5553566))
	  ->  Bitmap Index Scan on k_8  (cost=0.00..5.45 rows=102 width=0)
	        Index Cond: ((k >= 5553466) AND (k <= 5553566))


explain: for range-notcovered :: explain SELECT k, c FROM sbtest%d WHERE k BETWEEN 4569925 AND 4570025
for range-notcovered
table 1 : explain SELECT k, c FROM sbtest1 WHERE k BETWEEN 7658495 AND 7658595
	Bitmap Heap Scan on sbtest1  (cost=5.52..424.81 rows=106 width=125)
	  Recheck Cond: ((k >= 7658495) AND (k <= 7658595))
	  ->  Bitmap Index Scan on k_1  (cost=0.00..5.50 rows=106 width=0)
	        Index Cond: ((k >= 7658495) AND (k <= 7658595))

table 2 : explain SELECT k, c FROM sbtest2 WHERE k BETWEEN 7658495 AND 7658595
	Bitmap Heap Scan on sbtest2  (cost=5.42..385.43 rows=96 width=125)
	  Recheck Cond: ((k >= 7658495) AND (k <= 7658595))
	  ->  Bitmap Index Scan on k_2  (cost=0.00..5.39 rows=96 width=0)
	        Index Cond: ((k >= 7658495) AND (k <= 7658595))

table 3 : explain SELECT k, c FROM sbtest3 WHERE k BETWEEN 7658495 AND 7658595
	Bitmap Heap Scan on sbtest3  (cost=5.68..483.81 rows=121 width=125)
	  Recheck Cond: ((k >= 7658495) AND (k <= 7658595))
	  ->  Bitmap Index Scan on k_3  (cost=0.00..5.64 rows=121 width=0)
	        Index Cond: ((k >= 7658495) AND (k <= 7658595))

table 4 : explain SELECT k, c FROM sbtest4 WHERE k BETWEEN 7658495 AND 7658595
	Bitmap Heap Scan on sbtest4  (cost=5.42..385.43 rows=96 width=125)
	  Recheck Cond: ((k >= 7658495) AND (k <= 7658595))
	  ->  Bitmap Index Scan on k_4  (cost=0.00..5.39 rows=96 width=0)
	        Index Cond: ((k >= 7658495) AND (k <= 7658595))

table 5 : explain SELECT k, c FROM sbtest5 WHERE k BETWEEN 7658495 AND 7658595
	Bitmap Heap Scan on sbtest5  (cost=5.39..373.61 rows=93 width=125)
	  Recheck Cond: ((k >= 7658495) AND (k <= 7658595))
	  ->  Bitmap Index Scan on k_5  (cost=0.00..5.36 rows=93 width=0)
	        Index Cond: ((k >= 7658495) AND (k <= 7658595))

table 6 : explain SELECT k, c FROM sbtest6 WHERE k BETWEEN 7658495 AND 7658595
	Bitmap Heap Scan on sbtest6  (cost=5.40..377.55 rows=94 width=125)
	  Recheck Cond: ((k >= 7658495) AND (k <= 7658595))
	  ->  Bitmap Index Scan on k_6  (cost=0.00..5.38 rows=94 width=0)
	        Index Cond: ((k >= 7658495) AND (k <= 7658595))

table 7 : explain SELECT k, c FROM sbtest7 WHERE k BETWEEN 7658495 AND 7658595
	Bitmap Heap Scan on sbtest7  (cost=5.42..385.43 rows=96 width=125)
	  Recheck Cond: ((k >= 7658495) AND (k <= 7658595))
	  ->  Bitmap Index Scan on k_7  (cost=0.00..5.39 rows=96 width=0)
	        Index Cond: ((k >= 7658495) AND (k <= 7658595))

table 8 : explain SELECT k, c FROM sbtest8 WHERE k BETWEEN 7658495 AND 7658595
	Bitmap Heap Scan on sbtest8  (cost=5.44..393.31 rows=98 width=125)
	  Recheck Cond: ((k >= 7658495) AND (k <= 7658595))
	  ->  Bitmap Index Scan on k_8  (cost=0.00..5.42 rows=98 width=0)
	        Index Cond: ((k >= 7658495) AND (k <= 7658595))

explain: for range-notcovered :: explain SELECT k, c FROM sbtest%d WHERE k BETWEEN 375616 AND 375716
explain: for range-notcovered :: explain SELECT k, c FROM sbtest%d WHERE k BETWEEN 4564252 AND 4564352
explain: for range-notcovered :: explain SELECT k, c FROM sbtest%d WHERE k BETWEEN 7658495 AND 7658595
for range-notcovered
table 1 : explain SELECT k, c FROM sbtest1 WHERE k BETWEEN 6423839 AND 6423939
	Bitmap Heap Scan on sbtest1  (cost=5.54..432.69 rows=108 width=125)
	  Recheck Cond: ((k >= 6423839) AND (k <= 6423939))
	  ->  Bitmap Index Scan on k_1  (cost=0.00..5.51 rows=108 width=0)
	        Index Cond: ((k >= 6423839) AND (k <= 6423939))

table 2 : explain SELECT k, c FROM sbtest2 WHERE k BETWEEN 6423839 AND 6423939
	Bitmap Heap Scan on sbtest2  (cost=5.46..401.19 rows=100 width=125)
	  Recheck Cond: ((k >= 6423839) AND (k <= 6423939))
	  ->  Bitmap Index Scan on k_2  (cost=0.00..5.43 rows=100 width=0)
	        Index Cond: ((k >= 6423839) AND (k <= 6423939))

table 3 : explain SELECT k, c FROM sbtest3 WHERE k BETWEEN 6423839 AND 6423939
	Bitmap Heap Scan on sbtest3  (cost=5.42..385.43 rows=96 width=125)
	  Recheck Cond: ((k >= 6423839) AND (k <= 6423939))
	  ->  Bitmap Index Scan on k_3  (cost=0.00..5.39 rows=96 width=0)
	        Index Cond: ((k >= 6423839) AND (k <= 6423939))

table 4 : explain SELECT k, c FROM sbtest4 WHERE k BETWEEN 6423839 AND 6423939
	Bitmap Heap Scan on sbtest4  (cost=5.46..401.19 rows=100 width=125)
	  Recheck Cond: ((k >= 6423839) AND (k <= 6423939))
	  ->  Bitmap Index Scan on k_4  (cost=0.00..5.43 rows=100 width=0)
	        Index Cond: ((k >= 6423839) AND (k <= 6423939))

table 5 : explain SELECT k, c FROM sbtest5 WHERE k BETWEEN 6423839 AND 6423939
	Bitmap Heap Scan on sbtest5  (cost=5.53..428.75 rows=107 width=125)
	  Recheck Cond: ((k >= 6423839) AND (k <= 6423939))
	  ->  Bitmap Index Scan on k_5  (cost=0.00..5.50 rows=107 width=0)
	        Index Cond: ((k >= 6423839) AND (k <= 6423939))

table 6 : explain SELECT k, c FROM sbtest6 WHERE k BETWEEN 6423839 AND 6423939
	Bitmap Heap Scan on sbtest6  (cost=5.48..409.07 rows=102 width=125)
	  Recheck Cond: ((k >= 6423839) AND (k <= 6423939))
	  ->  Bitmap Index Scan on k_6  (cost=0.00..5.45 rows=102 width=0)
	        Index Cond: ((k >= 6423839) AND (k <= 6423939))

table 7 : explain SELECT k, c FROM sbtest7 WHERE k BETWEEN 6423839 AND 6423939
	Bitmap Heap Scan on sbtest7  (cost=5.55..436.62 rows=109 width=125)
	  Recheck Cond: ((k >= 6423839) AND (k <= 6423939))
	  ->  Bitmap Index Scan on k_7  (cost=0.00..5.52 rows=109 width=0)
	        Index Cond: ((k >= 6423839) AND (k <= 6423939))

table 8 : explain SELECT k, c FROM sbtest8 WHERE k BETWEEN 6423839 AND 6423939
	Bitmap Heap Scan on sbtest8  (cost=5.42..385.43 rows=96 width=125)
	  Recheck Cond: ((k >= 6423839) AND (k <= 6423939))
	  ->  Bitmap Index Scan on k_8  (cost=0.00..5.39 rows=96 width=0)
	        Index Cond: ((k >= 6423839) AND (k <= 6423939))

for range-notcovered
table 1 : explain SELECT k, c FROM sbtest1 WHERE k BETWEEN 4327344 AND 4327444
	Bitmap Heap Scan on sbtest1  (cost=5.47..405.13 rows=101 width=125)
	  Recheck Cond: ((k >= 4327344) AND (k <= 4327444))
	  ->  Bitmap Index Scan on k_1  (cost=0.00..5.44 rows=101 width=0)
	        Index Cond: ((k >= 4327344) AND (k <= 4327444))

table 2 : explain SELECT k, c FROM sbtest2 WHERE k BETWEEN 4327344 AND 4327444
	Bitmap Heap Scan on sbtest2  (cost=5.47..405.13 rows=101 width=125)
	  Recheck Cond: ((k >= 4327344) AND (k <= 4327444))
	  ->  Bitmap Index Scan on k_2  (cost=0.00..5.44 rows=101 width=0)
	        Index Cond: ((k >= 4327344) AND (k <= 4327444))

table 3 : explain SELECT k, c FROM sbtest3 WHERE k BETWEEN 4327344 AND 4327444
	Bitmap Heap Scan on sbtest3  (cost=5.53..428.75 rows=107 width=125)
	  Recheck Cond: ((k >= 4327344) AND (k <= 4327444))
	  ->  Bitmap Index Scan on k_3  (cost=0.00..5.50 rows=107 width=0)
	        Index Cond: ((k >= 4327344) AND (k <= 4327444))

table 4 : explain SELECT k, c FROM sbtest4 WHERE k BETWEEN 4327344 AND 4327444
	Bitmap Heap Scan on sbtest4  (cost=5.51..420.88 rows=105 width=125)
	  Recheck Cond: ((k >= 4327344) AND (k <= 4327444))
	  ->  Bitmap Index Scan on k_4  (cost=0.00..5.48 rows=105 width=0)
	        Index Cond: ((k >= 4327344) AND (k <= 4327444))

table 5 : explain SELECT k, c FROM sbtest5 WHERE k BETWEEN 4327344 AND 4327444
	Bitmap Heap Scan on sbtest5  (cost=5.42..385.43 rows=96 width=125)
	  Recheck Cond: ((k >= 4327344) AND (k <= 4327444))
	  ->  Bitmap Index Scan on k_5  (cost=0.00..5.39 rows=96 width=0)
	        Index Cond: ((k >= 4327344) AND (k <= 4327444))

table 6 : explain SELECT k, c FROM sbtest6 WHERE k BETWEEN 4327344 AND 4327444
	Bitmap Heap Scan on sbtest6  (cost=5.48..409.07 rows=102 width=125)
	  Recheck Cond: ((k >= 4327344) AND (k <= 4327444))
	  ->  Bitmap Index Scan on k_6  (cost=0.00..5.45 rows=102 width=0)
	        Index Cond: ((k >= 4327344) AND (k <= 4327444))

table 7 : explain SELECT k, c FROM sbtest7 WHERE k BETWEEN 4327344 AND 4327444
	Bitmap Heap Scan on sbtest7  (cost=5.47..405.13 rows=101 width=125)
	  Recheck Cond: ((k >= 4327344) AND (k <= 4327444))
	  ->  Bitmap Index Scan on k_7  (cost=0.00..5.44 rows=101 width=0)
	        Index Cond: ((k >= 4327344) AND (k <= 4327444))

table 8 : explain SELECT k, c FROM sbtest8 WHERE k BETWEEN 4327344 AND 4327444
	Bitmap Heap Scan on sbtest8  (cost=5.48..409.07 rows=102 width=125)
	  Recheck Cond: ((k >= 4327344) AND (k <= 4327444))
	  ->  Bitmap Index Scan on k_8  (cost=0.00..5.45 rows=102 width=0)
	        Index Cond: ((k >= 4327344) AND (k <= 4327444))

for range-notcovered
table 1 : explain SELECT k, c FROM sbtest1 WHERE k BETWEEN 5779574 AND 5779674
	Bitmap Heap Scan on sbtest1  (cost=5.51..420.88 rows=105 width=125)
	  Recheck Cond: ((k >= 5779574) AND (k <= 5779674))
	  ->  Bitmap Index Scan on k_1  (cost=0.00..5.48 rows=105 width=0)
	        Index Cond: ((k >= 5779574) AND (k <= 5779674))

table 2 : explain SELECT k, c FROM sbtest2 WHERE k BETWEEN 5779574 AND 5779674
	Bitmap Heap Scan on sbtest2  (cost=5.47..405.13 rows=101 width=125)
	  Recheck Cond: ((k >= 5779574) AND (k <= 5779674))
	  ->  Bitmap Index Scan on k_2  (cost=0.00..5.44 rows=101 width=0)
	        Index Cond: ((k >= 5779574) AND (k <= 5779674))

table 3 : explain SELECT k, c FROM sbtest3 WHERE k BETWEEN 5779574 AND 5779674
	Bitmap Heap Scan on sbtest3  (cost=5.51..420.88 rows=105 width=125)
	  Recheck Cond: ((k >= 5779574) AND (k <= 5779674))
	  ->  Bitmap Index Scan on k_3  (cost=0.00..5.48 rows=105 width=0)
	        Index Cond: ((k >= 5779574) AND (k <= 5779674))

table 4 : explain SELECT k, c FROM sbtest4 WHERE k BETWEEN 5779574 AND 5779674
	Bitmap Heap Scan on sbtest4  (cost=5.45..397.25 rows=99 width=125)
	  Recheck Cond: ((k >= 5779574) AND (k <= 5779674))
	  ->  Bitmap Index Scan on k_4  (cost=0.00..5.42 rows=99 width=0)
	        Index Cond: ((k >= 5779574) AND (k <= 5779674))

table 5 : explain SELECT k, c FROM sbtest5 WHERE k BETWEEN 5779574 AND 5779674
	Bitmap Heap Scan on sbtest5  (cost=5.47..405.13 rows=101 width=125)
	  Recheck Cond: ((k >= 5779574) AND (k <= 5779674))
	  ->  Bitmap Index Scan on k_5  (cost=0.00..5.44 rows=101 width=0)
	        Index Cond: ((k >= 5779574) AND (k <= 5779674))

table 6 : explain SELECT k, c FROM sbtest6 WHERE k BETWEEN 5779574 AND 5779674
	Bitmap Heap Scan on sbtest6  (cost=5.43..389.37 rows=97 width=125)
	  Recheck Cond: ((k >= 5779574) AND (k <= 5779674))
	  ->  Bitmap Index Scan on k_6  (cost=0.00..5.40 rows=97 width=0)
	        Index Cond: ((k >= 5779574) AND (k <= 5779674))

table 7 : explain SELECT k, c FROM sbtest7 WHERE k BETWEEN 5779574 AND 5779674
	Bitmap Heap Scan on sbtest7  (cost=5.47..405.13 rows=101 width=125)
	  Recheck Cond: ((k >= 5779574) AND (k <= 5779674))
	  ->  Bitmap Index Scan on k_7  (cost=0.00..5.44 rows=101 width=0)
	        Index Cond: ((k >= 5779574) AND (k <= 5779674))

table 8 : explain SELECT k, c FROM sbtest8 WHERE k BETWEEN 5779574 AND 5779674
	Bitmap Heap Scan on sbtest8  (cost=5.54..432.69 rows=108 width=125)
	  Recheck Cond: ((k >= 5779574) AND (k <= 5779674))
	  ->  Bitmap Index Scan on k_8  (cost=0.00..5.51 rows=108 width=0)
	        Index Cond: ((k >= 5779574) AND (k <= 5779674))

explain: for range-notcovered :: explain SELECT k, c FROM sbtest%d WHERE k BETWEEN 5553466 AND 5553566
for range-notcovered
table 1 : explain SELECT k, c FROM sbtest1 WHERE k BETWEEN 3721524 AND 3721624
	Bitmap Heap Scan on sbtest1  (cost=5.53..428.75 rows=107 width=125)
	  Recheck Cond: ((k >= 3721524) AND (k <= 3721624))
	  ->  Bitmap Index Scan on k_1  (cost=0.00..5.50 rows=107 width=0)
	        Index Cond: ((k >= 3721524) AND (k <= 3721624))

table 2 : explain SELECT k, c FROM sbtest2 WHERE k BETWEEN 3721524 AND 3721624
	Bitmap Heap Scan on sbtest2  (cost=5.40..377.55 rows=94 width=125)
	  Recheck Cond: ((k >= 3721524) AND (k <= 3721624))
	  ->  Bitmap Index Scan on k_2  (cost=0.00..5.38 rows=94 width=0)
	        Index Cond: ((k >= 3721524) AND (k <= 3721624))

table 3 : explain SELECT k, c FROM sbtest3 WHERE k BETWEEN 3721524 AND 3721624
	Bitmap Heap Scan on sbtest3  (cost=5.37..365.72 rows=91 width=125)
	  Recheck Cond: ((k >= 3721524) AND (k <= 3721624))
	  ->  Bitmap Index Scan on k_3  (cost=0.00..5.34 rows=91 width=0)
	        Index Cond: ((k >= 3721524) AND (k <= 3721624))

table 4 : explain SELECT k, c FROM sbtest4 WHERE k BETWEEN 3721524 AND 3721624
	Bitmap Heap Scan on sbtest4  (cost=5.47..405.13 rows=101 width=125)
	  Recheck Cond: ((k >= 3721524) AND (k <= 3721624))
	  ->  Bitmap Index Scan on k_4  (cost=0.00..5.44 rows=101 width=0)
	        Index Cond: ((k >= 3721524) AND (k <= 3721624))

table 5 : explain SELECT k, c FROM sbtest5 WHERE k BETWEEN 3721524 AND 3721624
	Bitmap Heap Scan on sbtest5  (cost=5.44..393.31 rows=98 width=125)
	  Recheck Cond: ((k >= 3721524) AND (k <= 3721624))
	  ->  Bitmap Index Scan on k_5  (cost=0.00..5.42 rows=98 width=0)
	        Index Cond: ((k >= 3721524) AND (k <= 3721624))

table 6 : explain SELECT k, c FROM sbtest6 WHERE k BETWEEN 3721524 AND 3721624
	Bitmap Heap Scan on sbtest6  (cost=5.48..409.07 rows=102 width=125)
	  Recheck Cond: ((k >= 3721524) AND (k <= 3721624))
	  ->  Bitmap Index Scan on k_6  (cost=0.00..5.45 rows=102 width=0)
	        Index Cond: ((k >= 3721524) AND (k <= 3721624))

table 7 : explain SELECT k, c FROM sbtest7 WHERE k BETWEEN 3721524 AND 3721624
	Bitmap Heap Scan on sbtest7  (cost=5.48..409.07 rows=102 width=125)
	  Recheck Cond: ((k >= 3721524) AND (k <= 3721624))
	  ->  Bitmap Index Scan on k_7  (cost=0.00..5.45 rows=102 width=0)
	        Index Cond: ((k >= 3721524) AND (k <= 3721624))

table 8 : explain SELECT k, c FROM sbtest8 WHERE k BETWEEN 3721524 AND 3721624
	Bitmap Heap Scan on sbtest8  (cost=5.55..436.62 rows=109 width=125)
	  Recheck Cond: ((k >= 3721524) AND (k <= 3721624))
	  ->  Bitmap Index Scan on k_8  (cost=0.00..5.52 rows=109 width=0)
	        Index Cond: ((k >= 3721524) AND (k <= 3721624))

explain: for range-notcovered :: explain SELECT k, c FROM sbtest%d WHERE k BETWEEN 5779574 AND 5779674
explain: for range-notcovered :: explain SELECT k, c FROM sbtest%d WHERE k BETWEEN 6423839 AND 6423939
explain: for range-notcovered :: explain SELECT k, c FROM sbtest%d WHERE k BETWEEN 3721524 AND 3721624
for range-notcovered
table 1 : explain SELECT k, c FROM sbtest1 WHERE k BETWEEN 4569925 AND 4570025
	Bitmap Heap Scan on sbtest1  (cost=5.49..413.00 rows=103 width=125)
	  Recheck Cond: ((k >= 4569925) AND (k <= 4570025))
	  ->  Bitmap Index Scan on k_1  (cost=0.00..5.46 rows=103 width=0)
	        Index Cond: ((k >= 4569925) AND (k <= 4570025))

table 2 : explain SELECT k, c FROM sbtest2 WHERE k BETWEEN 4569925 AND 4570025
	Bitmap Heap Scan on sbtest2  (cost=5.47..405.13 rows=101 width=125)
	  Recheck Cond: ((k >= 4569925) AND (k <= 4570025))
	  ->  Bitmap Index Scan on k_2  (cost=0.00..5.44 rows=101 width=0)
	        Index Cond: ((k >= 4569925) AND (k <= 4570025))

table 3 : explain SELECT k, c FROM sbtest3 WHERE k BETWEEN 4569925 AND 4570025
	Bitmap Heap Scan on sbtest3  (cost=5.43..389.37 rows=97 width=125)
	  Recheck Cond: ((k >= 4569925) AND (k <= 4570025))
	  ->  Bitmap Index Scan on k_3  (cost=0.00..5.40 rows=97 width=0)
	        Index Cond: ((k >= 4569925) AND (k <= 4570025))

table 4 : explain SELECT k, c FROM sbtest4 WHERE k BETWEEN 4569925 AND 4570025
	Bitmap Heap Scan on sbtest4  (cost=5.51..420.88 rows=105 width=125)
	  Recheck Cond: ((k >= 4569925) AND (k <= 4570025))
	  ->  Bitmap Index Scan on k_4  (cost=0.00..5.48 rows=105 width=0)
	        Index Cond: ((k >= 4569925) AND (k <= 4570025))

table 5 : explain SELECT k, c FROM sbtest5 WHERE k BETWEEN 4569925 AND 4570025
	Bitmap Heap Scan on sbtest5  (cost=5.45..397.25 rows=99 width=125)
	  Recheck Cond: ((k >= 4569925) AND (k <= 4570025))
	  ->  Bitmap Index Scan on k_5  (cost=0.00..5.42 rows=99 width=0)
	        Index Cond: ((k >= 4569925) AND (k <= 4570025))

table 6 : explain SELECT k, c FROM sbtest6 WHERE k BETWEEN 4569925 AND 4570025
	Bitmap Heap Scan on sbtest6  (cost=5.43..389.37 rows=97 width=125)
	  Recheck Cond: ((k >= 4569925) AND (k <= 4570025))
	  ->  Bitmap Index Scan on k_6  (cost=0.00..5.40 rows=97 width=0)
	        Index Cond: ((k >= 4569925) AND (k <= 4570025))

table 7 : explain SELECT k, c FROM sbtest7 WHERE k BETWEEN 4569925 AND 4570025
	Bitmap Heap Scan on sbtest7  (cost=5.47..405.13 rows=101 width=125)
	  Recheck Cond: ((k >= 4569925) AND (k <= 4570025))
	  ->  Bitmap Index Scan on k_7  (cost=0.00..5.44 rows=101 width=0)
	        Index Cond: ((k >= 4569925) AND (k <= 4570025))

table 8 : explain SELECT k, c FROM sbtest8 WHERE k BETWEEN 4569925 AND 4570025
	Bitmap Heap Scan on sbtest8  (cost=5.44..393.31 rows=98 width=125)
	  Recheck Cond: ((k >= 4569925) AND (k <= 4570025))
	  ->  Bitmap Index Scan on k_8  (cost=0.00..5.42 rows=98 width=0)
	        Index Cond: ((k >= 4569925) AND (k <= 4570025))

explain: for range-notcovered :: explain SELECT k, c FROM sbtest%d WHERE k BETWEEN 4517236 AND 4517336
explain: for range-notcovered :: explain SELECT k, c FROM sbtest%d WHERE k BETWEEN 4569925 AND 4570025
for range-notcovered
table 1 : explain SELECT k, c FROM sbtest1 WHERE k BETWEEN 4564252 AND 4564352
	Bitmap Heap Scan on sbtest1  (cost=5.49..413.00 rows=103 width=125)
	  Recheck Cond: ((k >= 4564252) AND (k <= 4564352))
	  ->  Bitmap Index Scan on k_1  (cost=0.00..5.46 rows=103 width=0)
	        Index Cond: ((k >= 4564252) AND (k <= 4564352))

table 2 : explain SELECT k, c FROM sbtest2 WHERE k BETWEEN 4564252 AND 4564352
	Bitmap Heap Scan on sbtest2  (cost=5.47..405.13 rows=101 width=125)
	  Recheck Cond: ((k >= 4564252) AND (k <= 4564352))
	  ->  Bitmap Index Scan on k_2  (cost=0.00..5.44 rows=101 width=0)
	        Index Cond: ((k >= 4564252) AND (k <= 4564352))

table 3 : explain SELECT k, c FROM sbtest3 WHERE k BETWEEN 4564252 AND 4564352
	Bitmap Heap Scan on sbtest3  (cost=5.43..389.37 rows=97 width=125)
	  Recheck Cond: ((k >= 4564252) AND (k <= 4564352))
	  ->  Bitmap Index Scan on k_3  (cost=0.00..5.40 rows=97 width=0)
	        Index Cond: ((k >= 4564252) AND (k <= 4564352))

table 4 : explain SELECT k, c FROM sbtest4 WHERE k BETWEEN 4564252 AND 4564352
	Bitmap Heap Scan on sbtest4  (cost=5.51..420.88 rows=105 width=125)
	  Recheck Cond: ((k >= 4564252) AND (k <= 4564352))
	  ->  Bitmap Index Scan on k_4  (cost=0.00..5.48 rows=105 width=0)
	        Index Cond: ((k >= 4564252) AND (k <= 4564352))

table 5 : explain SELECT k, c FROM sbtest5 WHERE k BETWEEN 4564252 AND 4564352
	Bitmap Heap Scan on sbtest5  (cost=5.45..397.25 rows=99 width=125)
	  Recheck Cond: ((k >= 4564252) AND (k <= 4564352))
	  ->  Bitmap Index Scan on k_5  (cost=0.00..5.42 rows=99 width=0)
	        Index Cond: ((k >= 4564252) AND (k <= 4564352))

table 6 : explain SELECT k, c FROM sbtest6 WHERE k BETWEEN 4564252 AND 4564352
	Bitmap Heap Scan on sbtest6  (cost=5.43..389.37 rows=97 width=125)
	  Recheck Cond: ((k >= 4564252) AND (k <= 4564352))
	  ->  Bitmap Index Scan on k_6  (cost=0.00..5.40 rows=97 width=0)
	        Index Cond: ((k >= 4564252) AND (k <= 4564352))

table 7 : explain SELECT k, c FROM sbtest7 WHERE k BETWEEN 4564252 AND 4564352
	Bitmap Heap Scan on sbtest7  (cost=5.47..405.13 rows=101 width=125)
	  Recheck Cond: ((k >= 4564252) AND (k <= 4564352))
	  ->  Bitmap Index Scan on k_7  (cost=0.00..5.44 rows=101 width=0)
	        Index Cond: ((k >= 4564252) AND (k <= 4564352))

table 8 : explain SELECT k, c FROM sbtest8 WHERE k BETWEEN 4564252 AND 4564352
	Bitmap Heap Scan on sbtest8  (cost=5.44..393.31 rows=98 width=125)
	  Recheck Cond: ((k >= 4564252) AND (k <= 4564352))
	  ->  Bitmap Index Scan on k_8  (cost=0.00..5.42 rows=98 width=0)
	        Index Cond: ((k >= 4564252) AND (k <= 4564352))

explain: for range-notcovered :: explain SELECT k, c FROM sbtest%d WHERE k BETWEEN 4564252 AND 4564352
for range-notcovered
table 1 : explain SELECT k, c FROM sbtest1 WHERE k BETWEEN 2571687 AND 2571787
	Bitmap Heap Scan on sbtest1  (cost=5.53..428.75 rows=107 width=125)
	  Recheck Cond: ((k >= 2571687) AND (k <= 2571787))
	  ->  Bitmap Index Scan on k_1  (cost=0.00..5.50 rows=107 width=0)
	        Index Cond: ((k >= 2571687) AND (k <= 2571787))

table 2 : explain SELECT k, c FROM sbtest2 WHERE k BETWEEN 2571687 AND 2571787
	Bitmap Heap Scan on sbtest2  (cost=5.49..413.00 rows=103 width=125)
	  Recheck Cond: ((k >= 2571687) AND (k <= 2571787))
	  ->  Bitmap Index Scan on k_2  (cost=0.00..5.46 rows=103 width=0)
	        Index Cond: ((k >= 2571687) AND (k <= 2571787))

table 3 : explain SELECT k, c FROM sbtest3 WHERE k BETWEEN 2571687 AND 2571787
	Bitmap Heap Scan on sbtest3  (cost=5.57..444.49 rows=111 width=125)
	  Recheck Cond: ((k >= 2571687) AND (k <= 2571787))
	  ->  Bitmap Index Scan on k_3  (cost=0.00..5.54 rows=111 width=0)
	        Index Cond: ((k >= 2571687) AND (k <= 2571787))

table 4 : explain SELECT k, c FROM sbtest4 WHERE k BETWEEN 2571687 AND 2571787
	Bitmap Heap Scan on sbtest4  (cost=5.44..393.31 rows=98 width=125)
	  Recheck Cond: ((k >= 2571687) AND (k <= 2571787))
	  ->  Bitmap Index Scan on k_4  (cost=0.00..5.42 rows=98 width=0)
	        Index Cond: ((k >= 2571687) AND (k <= 2571787))

table 5 : explain SELECT k, c FROM sbtest5 WHERE k BETWEEN 2571687 AND 2571787
	Bitmap Heap Scan on sbtest5  (cost=5.47..405.13 rows=101 width=125)
	  Recheck Cond: ((k >= 2571687) AND (k <= 2571787))
	  ->  Bitmap Index Scan on k_5  (cost=0.00..5.44 rows=101 width=0)
	        Index Cond: ((k >= 2571687) AND (k <= 2571787))

table 6 : explain SELECT k, c FROM sbtest6 WHERE k BETWEEN 2571687 AND 2571787
	Bitmap Heap Scan on sbtest6  (cost=5.44..393.31 rows=98 width=125)
	  Recheck Cond: ((k >= 2571687) AND (k <= 2571787))
	  ->  Bitmap Index Scan on k_6  (cost=0.00..5.42 rows=98 width=0)
	        Index Cond: ((k >= 2571687) AND (k <= 2571787))

table 7 : explain SELECT k, c FROM sbtest7 WHERE k BETWEEN 2571687 AND 2571787
	Bitmap Heap Scan on sbtest7  (cost=5.47..405.13 rows=101 width=125)
	  Recheck Cond: ((k >= 2571687) AND (k <= 2571787))
	  ->  Bitmap Index Scan on k_7  (cost=0.00..5.44 rows=101 width=0)
	        Index Cond: ((k >= 2571687) AND (k <= 2571787))

table 8 : explain SELECT k, c FROM sbtest8 WHERE k BETWEEN 2571687 AND 2571787
	Bitmap Heap Scan on sbtest8  (cost=5.39..373.61 rows=93 width=125)
	  Recheck Cond: ((k >= 2571687) AND (k <= 2571787))
	  ->  Bitmap Index Scan on k_8  (cost=0.00..5.36 rows=93 width=0)
	        Index Cond: ((k >= 2571687) AND (k <= 2571787))

for range-notcovered
table 1 : explain SELECT k, c FROM sbtest1 WHERE k BETWEEN 5779574 AND 5779674
	Bitmap Heap Scan on sbtest1  (cost=5.51..420.88 rows=105 width=125)
	  Recheck Cond: ((k >= 5779574) AND (k <= 5779674))
	  ->  Bitmap Index Scan on k_1  (cost=0.00..5.48 rows=105 width=0)
	        Index Cond: ((k >= 5779574) AND (k <= 5779674))

table 2 : explain SELECT k, c FROM sbtest2 WHERE k BETWEEN 5779574 AND 5779674
	Bitmap Heap Scan on sbtest2  (cost=5.47..405.13 rows=101 width=125)
	  Recheck Cond: ((k >= 5779574) AND (k <= 5779674))
	  ->  Bitmap Index Scan on k_2  (cost=0.00..5.44 rows=101 width=0)
	        Index Cond: ((k >= 5779574) AND (k <= 5779674))

table 3 : explain SELECT k, c FROM sbtest3 WHERE k BETWEEN 5779574 AND 5779674
	Bitmap Heap Scan on sbtest3  (cost=5.51..420.88 rows=105 width=125)
	  Recheck Cond: ((k >= 5779574) AND (k <= 5779674))
	  ->  Bitmap Index Scan on k_3  (cost=0.00..5.48 rows=105 width=0)
	        Index Cond: ((k >= 5779574) AND (k <= 5779674))

table 4 : explain SELECT k, c FROM sbtest4 WHERE k BETWEEN 5779574 AND 5779674
	Bitmap Heap Scan on sbtest4  (cost=5.45..397.25 rows=99 width=125)
	  Recheck Cond: ((k >= 5779574) AND (k <= 5779674))
	  ->  Bitmap Index Scan on k_4  (cost=0.00..5.42 rows=99 width=0)
	        Index Cond: ((k >= 5779574) AND (k <= 5779674))

table 5 : explain SELECT k, c FROM sbtest5 WHERE k BETWEEN 5779574 AND 5779674
	Bitmap Heap Scan on sbtest5  (cost=5.47..405.13 rows=101 width=125)
	  Recheck Cond: ((k >= 5779574) AND (k <= 5779674))
	  ->  Bitmap Index Scan on k_5  (cost=0.00..5.44 rows=101 width=0)
	        Index Cond: ((k >= 5779574) AND (k <= 5779674))

table 6 : explain SELECT k, c FROM sbtest6 WHERE k BETWEEN 5779574 AND 5779674
	Bitmap Heap Scan on sbtest6  (cost=5.43..389.37 rows=97 width=125)
	  Recheck Cond: ((k >= 5779574) AND (k <= 5779674))
	  ->  Bitmap Index Scan on k_6  (cost=0.00..5.40 rows=97 width=0)
	        Index Cond: ((k >= 5779574) AND (k <= 5779674))

table 7 : explain SELECT k, c FROM sbtest7 WHERE k BETWEEN 5779574 AND 5779674
	Bitmap Heap Scan on sbtest7  (cost=5.47..405.13 rows=101 width=125)
	  Recheck Cond: ((k >= 5779574) AND (k <= 5779674))
	  ->  Bitmap Index Scan on k_7  (cost=0.00..5.44 rows=101 width=0)
	        Index Cond: ((k >= 5779574) AND (k <= 5779674))

table 8 : explain SELECT k, c FROM sbtest8 WHERE k BETWEEN 5779574 AND 5779674
	Bitmap Heap Scan on sbtest8  (cost=5.54..432.69 rows=108 width=125)
	  Recheck Cond: ((k >= 5779574) AND (k <= 5779674))
	  ->  Bitmap Index Scan on k_8  (cost=0.00..5.51 rows=108 width=0)
	        Index Cond: ((k >= 5779574) AND (k <= 5779674))

explain: for range-notcovered :: explain SELECT k, c FROM sbtest%d WHERE k BETWEEN 2571687 AND 2571787
explain: for range-notcovered :: explain SELECT k, c FROM sbtest%d WHERE k BETWEEN 5779574 AND 5779674
for range-notcovered
table 1 : explain SELECT k, c FROM sbtest1 WHERE k BETWEEN 7658495 AND 7658595
	Bitmap Heap Scan on sbtest1  (cost=5.52..424.81 rows=106 width=125)
	  Recheck Cond: ((k >= 7658495) AND (k <= 7658595))
	  ->  Bitmap Index Scan on k_1  (cost=0.00..5.50 rows=106 width=0)
	        Index Cond: ((k >= 7658495) AND (k <= 7658595))

table 2 : explain SELECT k, c FROM sbtest2 WHERE k BETWEEN 7658495 AND 7658595
	Bitmap Heap Scan on sbtest2  (cost=5.42..385.43 rows=96 width=125)
	  Recheck Cond: ((k >= 7658495) AND (k <= 7658595))
	  ->  Bitmap Index Scan on k_2  (cost=0.00..5.39 rows=96 width=0)
	        Index Cond: ((k >= 7658495) AND (k <= 7658595))

table 3 : explain SELECT k, c FROM sbtest3 WHERE k BETWEEN 7658495 AND 7658595
	Bitmap Heap Scan on sbtest3  (cost=5.68..483.81 rows=121 width=125)
	  Recheck Cond: ((k >= 7658495) AND (k <= 7658595))
	  ->  Bitmap Index Scan on k_3  (cost=0.00..5.64 rows=121 width=0)
	        Index Cond: ((k >= 7658495) AND (k <= 7658595))

table 4 : explain SELECT k, c FROM sbtest4 WHERE k BETWEEN 7658495 AND 7658595
	Bitmap Heap Scan on sbtest4  (cost=5.42..385.43 rows=96 width=125)
	  Recheck Cond: ((k >= 7658495) AND (k <= 7658595))
	  ->  Bitmap Index Scan on k_4  (cost=0.00..5.39 rows=96 width=0)
	        Index Cond: ((k >= 7658495) AND (k <= 7658595))

table 5 : explain SELECT k, c FROM sbtest5 WHERE k BETWEEN 7658495 AND 7658595
	Bitmap Heap Scan on sbtest5  (cost=5.39..373.61 rows=93 width=125)
	  Recheck Cond: ((k >= 7658495) AND (k <= 7658595))
	  ->  Bitmap Index Scan on k_5  (cost=0.00..5.36 rows=93 width=0)
	        Index Cond: ((k >= 7658495) AND (k <= 7658595))

table 6 : explain SELECT k, c FROM sbtest6 WHERE k BETWEEN 7658495 AND 7658595
	Bitmap Heap Scan on sbtest6  (cost=5.40..377.55 rows=94 width=125)
	  Recheck Cond: ((k >= 7658495) AND (k <= 7658595))
	  ->  Bitmap Index Scan on k_6  (cost=0.00..5.38 rows=94 width=0)
	        Index Cond: ((k >= 7658495) AND (k <= 7658595))

table 7 : explain SELECT k, c FROM sbtest7 WHERE k BETWEEN 7658495 AND 7658595
	Bitmap Heap Scan on sbtest7  (cost=5.42..385.43 rows=96 width=125)
	  Recheck Cond: ((k >= 7658495) AND (k <= 7658595))
	  ->  Bitmap Index Scan on k_7  (cost=0.00..5.39 rows=96 width=0)
	        Index Cond: ((k >= 7658495) AND (k <= 7658595))

table 8 : explain SELECT k, c FROM sbtest8 WHERE k BETWEEN 7658495 AND 7658595
	Bitmap Heap Scan on sbtest8  (cost=5.44..393.31 rows=98 width=125)
	  Recheck Cond: ((k >= 7658495) AND (k <= 7658595))
	  ->  Bitmap Index Scan on k_8  (cost=0.00..5.42 rows=98 width=0)
	        Index Cond: ((k >= 7658495) AND (k <= 7658595))

explain: for range-notcovered :: explain SELECT k, c FROM sbtest%d WHERE k BETWEEN 7658495 AND 7658595
for range-notcovered
table 1 : explain SELECT k, c FROM sbtest1 WHERE k BETWEEN 375616 AND 375716
	Bitmap Heap Scan on sbtest1  (cost=5.43..389.37 rows=97 width=125)
	  Recheck Cond: ((k >= 375616) AND (k <= 375716))
	  ->  Bitmap Index Scan on k_1  (cost=0.00..5.40 rows=97 width=0)
	        Index Cond: ((k >= 375616) AND (k <= 375716))

table 2 : explain SELECT k, c FROM sbtest2 WHERE k BETWEEN 375616 AND 375716
	Bitmap Heap Scan on sbtest2  (cost=5.48..409.07 rows=102 width=125)
	  Recheck Cond: ((k >= 375616) AND (k <= 375716))
	  ->  Bitmap Index Scan on k_2  (cost=0.00..5.45 rows=102 width=0)
	        Index Cond: ((k >= 375616) AND (k <= 375716))

table 3 : explain SELECT k, c FROM sbtest3 WHERE k BETWEEN 375616 AND 375716
	Bitmap Heap Scan on sbtest3  (cost=5.37..365.72 rows=91 width=125)
	  Recheck Cond: ((k >= 375616) AND (k <= 375716))
	  ->  Bitmap Index Scan on k_3  (cost=0.00..5.34 rows=91 width=0)
	        Index Cond: ((k >= 375616) AND (k <= 375716))

table 4 : explain SELECT k, c FROM sbtest4 WHERE k BETWEEN 375616 AND 375716
	Bitmap Heap Scan on sbtest4  (cost=5.44..393.31 rows=98 width=125)
	  Recheck Cond: ((k >= 375616) AND (k <= 375716))
	  ->  Bitmap Index Scan on k_4  (cost=0.00..5.42 rows=98 width=0)
	        Index Cond: ((k >= 375616) AND (k <= 375716))

table 5 : explain SELECT k, c FROM sbtest5 WHERE k BETWEEN 375616 AND 375716
	Bitmap Heap Scan on sbtest5  (cost=5.51..420.88 rows=105 width=125)
	  Recheck Cond: ((k >= 375616) AND (k <= 375716))
	  ->  Bitmap Index Scan on k_5  (cost=0.00..5.48 rows=105 width=0)
	        Index Cond: ((k >= 375616) AND (k <= 375716))

table 6 : explain SELECT k, c FROM sbtest6 WHERE k BETWEEN 375616 AND 375716
	Bitmap Heap Scan on sbtest6  (cost=5.46..401.19 rows=100 width=125)
	  Recheck Cond: ((k >= 375616) AND (k <= 375716))
	  ->  Bitmap Index Scan on k_6  (cost=0.00..5.43 rows=100 width=0)
	        Index Cond: ((k >= 375616) AND (k <= 375716))

table 7 : explain SELECT k, c FROM sbtest7 WHERE k BETWEEN 375616 AND 375716
	Bitmap Heap Scan on sbtest7  (cost=5.53..428.75 rows=107 width=125)
	  Recheck Cond: ((k >= 375616) AND (k <= 375716))
	  ->  Bitmap Index Scan on k_7  (cost=0.00..5.50 rows=107 width=0)
	        Index Cond: ((k >= 375616) AND (k <= 375716))

table 8 : explain SELECT k, c FROM sbtest8 WHERE k BETWEEN 375616 AND 375716
	Bitmap Heap Scan on sbtest8  (cost=5.44..393.31 rows=98 width=125)
	  Recheck Cond: ((k >= 375616) AND (k <= 375716))
	  ->  Bitmap Index Scan on k_8  (cost=0.00..5.42 rows=98 width=0)
	        Index Cond: ((k >= 375616) AND (k <= 375716))

for range-notcovered
table 1 : explain SELECT k, c FROM sbtest1 WHERE k BETWEEN 4569925 AND 4570025
	Bitmap Heap Scan on sbtest1  (cost=5.49..413.00 rows=103 width=125)
	  Recheck Cond: ((k >= 4569925) AND (k <= 4570025))
	  ->  Bitmap Index Scan on k_1  (cost=0.00..5.46 rows=103 width=0)
	        Index Cond: ((k >= 4569925) AND (k <= 4570025))

table 2 : explain SELECT k, c FROM sbtest2 WHERE k BETWEEN 4569925 AND 4570025
	Bitmap Heap Scan on sbtest2  (cost=5.47..405.13 rows=101 width=125)
	  Recheck Cond: ((k >= 4569925) AND (k <= 4570025))
	  ->  Bitmap Index Scan on k_2  (cost=0.00..5.44 rows=101 width=0)
	        Index Cond: ((k >= 4569925) AND (k <= 4570025))

table 3 : explain SELECT k, c FROM sbtest3 WHERE k BETWEEN 4569925 AND 4570025
	Bitmap Heap Scan on sbtest3  (cost=5.43..389.37 rows=97 width=125)
	  Recheck Cond: ((k >= 4569925) AND (k <= 4570025))
	  ->  Bitmap Index Scan on k_3  (cost=0.00..5.40 rows=97 width=0)
	        Index Cond: ((k >= 4569925) AND (k <= 4570025))

table 4 : explain SELECT k, c FROM sbtest4 WHERE k BETWEEN 4569925 AND 4570025
	Bitmap Heap Scan on sbtest4  (cost=5.51..420.88 rows=105 width=125)
	  Recheck Cond: ((k >= 4569925) AND (k <= 4570025))
	  ->  Bitmap Index Scan on k_4  (cost=0.00..5.48 rows=105 width=0)
	        Index Cond: ((k >= 4569925) AND (k <= 4570025))

table 5 : explain SELECT k, c FROM sbtest5 WHERE k BETWEEN 4569925 AND 4570025
	Bitmap Heap Scan on sbtest5  (cost=5.45..397.25 rows=99 width=125)
	  Recheck Cond: ((k >= 4569925) AND (k <= 4570025))
	  ->  Bitmap Index Scan on k_5  (cost=0.00..5.42 rows=99 width=0)
	        Index Cond: ((k >= 4569925) AND (k <= 4570025))

table 6 : explain SELECT k, c FROM sbtest6 WHERE k BETWEEN 4569925 AND 4570025
	Bitmap Heap Scan on sbtest6  (cost=5.43..389.37 rows=97 width=125)
	  Recheck Cond: ((k >= 4569925) AND (k <= 4570025))
	  ->  Bitmap Index Scan on k_6  (cost=0.00..5.40 rows=97 width=0)
	        Index Cond: ((k >= 4569925) AND (k <= 4570025))

table 7 : explain SELECT k, c FROM sbtest7 WHERE k BETWEEN 4569925 AND 4570025
	Bitmap Heap Scan on sbtest7  (cost=5.47..405.13 rows=101 width=125)
	  Recheck Cond: ((k >= 4569925) AND (k <= 4570025))
	  ->  Bitmap Index Scan on k_7  (cost=0.00..5.44 rows=101 width=0)
	        Index Cond: ((k >= 4569925) AND (k <= 4570025))

table 8 : explain SELECT k, c FROM sbtest8 WHERE k BETWEEN 4569925 AND 4570025
	Bitmap Heap Scan on sbtest8  (cost=5.44..393.31 rows=98 width=125)
	  Recheck Cond: ((k >= 4569925) AND (k <= 4570025))
	  ->  Bitmap Index Scan on k_8  (cost=0.00..5.42 rows=98 width=0)
	        Index Cond: ((k >= 4569925) AND (k <= 4570025))

explain: for range-notcovered :: explain SELECT k, c FROM sbtest%d WHERE k BETWEEN 375616 AND 375716
explain: for range-notcovered :: explain SELECT k, c FROM sbtest%d WHERE k BETWEEN 4569925 AND 4570025
for range-notcovered
table 1 : explain SELECT k, c FROM sbtest1 WHERE k BETWEEN 4564252 AND 4564352
	Bitmap Heap Scan on sbtest1  (cost=5.49..413.00 rows=103 width=125)
	  Recheck Cond: ((k >= 4564252) AND (k <= 4564352))
	  ->  Bitmap Index Scan on k_1  (cost=0.00..5.46 rows=103 width=0)
	        Index Cond: ((k >= 4564252) AND (k <= 4564352))

table 2 : explain SELECT k, c FROM sbtest2 WHERE k BETWEEN 4564252 AND 4564352
	Bitmap Heap Scan on sbtest2  (cost=5.47..405.13 rows=101 width=125)
	  Recheck Cond: ((k >= 4564252) AND (k <= 4564352))
	  ->  Bitmap Index Scan on k_2  (cost=0.00..5.44 rows=101 width=0)
	        Index Cond: ((k >= 4564252) AND (k <= 4564352))

table 3 : explain SELECT k, c FROM sbtest3 WHERE k BETWEEN 4564252 AND 4564352
	Bitmap Heap Scan on sbtest3  (cost=5.43..389.37 rows=97 width=125)
	  Recheck Cond: ((k >= 4564252) AND (k <= 4564352))
	  ->  Bitmap Index Scan on k_3  (cost=0.00..5.40 rows=97 width=0)
	        Index Cond: ((k >= 4564252) AND (k <= 4564352))

table 4 : explain SELECT k, c FROM sbtest4 WHERE k BETWEEN 4564252 AND 4564352
	Bitmap Heap Scan on sbtest4  (cost=5.51..420.88 rows=105 width=125)
	  Recheck Cond: ((k >= 4564252) AND (k <= 4564352))
	  ->  Bitmap Index Scan on k_4  (cost=0.00..5.48 rows=105 width=0)
	        Index Cond: ((k >= 4564252) AND (k <= 4564352))

table 5 : explain SELECT k, c FROM sbtest5 WHERE k BETWEEN 4564252 AND 4564352
	Bitmap Heap Scan on sbtest5  (cost=5.45..397.25 rows=99 width=125)
	  Recheck Cond: ((k >= 4564252) AND (k <= 4564352))
	  ->  Bitmap Index Scan on k_5  (cost=0.00..5.42 rows=99 width=0)
	        Index Cond: ((k >= 4564252) AND (k <= 4564352))

table 6 : explain SELECT k, c FROM sbtest6 WHERE k BETWEEN 4564252 AND 4564352
	Bitmap Heap Scan on sbtest6  (cost=5.43..389.37 rows=97 width=125)
	  Recheck Cond: ((k >= 4564252) AND (k <= 4564352))
	  ->  Bitmap Index Scan on k_6  (cost=0.00..5.40 rows=97 width=0)
	        Index Cond: ((k >= 4564252) AND (k <= 4564352))

table 7 : explain SELECT k, c FROM sbtest7 WHERE k BETWEEN 4564252 AND 4564352
	Bitmap Heap Scan on sbtest7  (cost=5.47..405.13 rows=101 width=125)
	  Recheck Cond: ((k >= 4564252) AND (k <= 4564352))
	  ->  Bitmap Index Scan on k_7  (cost=0.00..5.44 rows=101 width=0)
	        Index Cond: ((k >= 4564252) AND (k <= 4564352))

table 8 : explain SELECT k, c FROM sbtest8 WHERE k BETWEEN 4564252 AND 4564352
	Bitmap Heap Scan on sbtest8  (cost=5.44..393.31 rows=98 width=125)
	  Recheck Cond: ((k >= 4564252) AND (k <= 4564352))
	  ->  Bitmap Index Scan on k_8  (cost=0.00..5.42 rows=98 width=0)
	        Index Cond: ((k >= 4564252) AND (k <= 4564352))

explain: for range-notcovered :: explain SELECT k, c FROM sbtest%d WHERE k BETWEEN 4564252 AND 4564352
for range-notcovered
table 1 : explain SELECT k, c FROM sbtest1 WHERE k BETWEEN 5553466 AND 5553566
	Bitmap Heap Scan on sbtest1  (cost=5.39..373.61 rows=93 width=125)
	  Recheck Cond: ((k >= 5553466) AND (k <= 5553566))
	  ->  Bitmap Index Scan on k_1  (cost=0.00..5.36 rows=93 width=0)
	        Index Cond: ((k >= 5553466) AND (k <= 5553566))

table 2 : explain SELECT k, c FROM sbtest2 WHERE k BETWEEN 5553466 AND 5553566
	Bitmap Heap Scan on sbtest2  (cost=5.47..405.13 rows=101 width=125)
	  Recheck Cond: ((k >= 5553466) AND (k <= 5553566))
	  ->  Bitmap Index Scan on k_2  (cost=0.00..5.44 rows=101 width=0)
	        Index Cond: ((k >= 5553466) AND (k <= 5553566))

table 3 : explain SELECT k, c FROM sbtest3 WHERE k BETWEEN 5553466 AND 5553566
	Bitmap Heap Scan on sbtest3  (cost=5.51..420.88 rows=105 width=125)
	  Recheck Cond: ((k >= 5553466) AND (k <= 5553566))
	  ->  Bitmap Index Scan on k_3  (cost=0.00..5.48 rows=105 width=0)
	        Index Cond: ((k >= 5553466) AND (k <= 5553566))

table 4 : explain SELECT k, c FROM sbtest4 WHERE k BETWEEN 5553466 AND 5553566
	Bitmap Heap Scan on sbtest4  (cost=5.52..424.81 rows=106 width=125)
	  Recheck Cond: ((k >= 5553466) AND (k <= 5553566))
	  ->  Bitmap Index Scan on k_4  (cost=0.00..5.50 rows=106 width=0)
	        Index Cond: ((k >= 5553466) AND (k <= 5553566))

table 5 : explain SELECT k, c FROM sbtest5 WHERE k BETWEEN 5553466 AND 5553566
	Bitmap Heap Scan on sbtest5  (cost=5.42..385.43 rows=96 width=125)
	  Recheck Cond: ((k >= 5553466) AND (k <= 5553566))
	  ->  Bitmap Index Scan on k_5  (cost=0.00..5.39 rows=96 width=0)
	        Index Cond: ((k >= 5553466) AND (k <= 5553566))

table 6 : explain SELECT k, c FROM sbtest6 WHERE k BETWEEN 5553466 AND 5553566
	Bitmap Heap Scan on sbtest6  (cost=5.47..405.13 rows=101 width=125)
	  Recheck Cond: ((k >= 5553466) AND (k <= 5553566))
	  ->  Bitmap Index Scan on k_6  (cost=0.00..5.44 rows=101 width=0)
	        Index Cond: ((k >= 5553466) AND (k <= 5553566))

table 7 : explain SELECT k, c FROM sbtest7 WHERE k BETWEEN 5553466 AND 5553566
	Bitmap Heap Scan on sbtest7  (cost=5.39..373.61 rows=93 width=125)
	  Recheck Cond: ((k >= 5553466) AND (k <= 5553566))
	  ->  Bitmap Index Scan on k_7  (cost=0.00..5.36 rows=93 width=0)
	        Index Cond: ((k >= 5553466) AND (k <= 5553566))

table 8 : explain SELECT k, c FROM sbtest8 WHERE k BETWEEN 5553466 AND 5553566
	Bitmap Heap Scan on sbtest8  (cost=5.48..409.07 rows=102 width=125)
	  Recheck Cond: ((k >= 5553466) AND (k <= 5553566))
	  ->  Bitmap Index Scan on k_8  (cost=0.00..5.45 rows=102 width=0)
	        Index Cond: ((k >= 5553466) AND (k <= 5553566))

for range-notcovered
table 1 : explain SELECT k, c FROM sbtest1 WHERE k BETWEEN 5779574 AND 5779674
	Bitmap Heap Scan on sbtest1  (cost=5.51..420.88 rows=105 width=125)
	  Recheck Cond: ((k >= 5779574) AND (k <= 5779674))
	  ->  Bitmap Index Scan on k_1  (cost=0.00..5.48 rows=105 width=0)
	        Index Cond: ((k >= 5779574) AND (k <= 5779674))

table 2 : explain SELECT k, c FROM sbtest2 WHERE k BETWEEN 5779574 AND 5779674
	Bitmap Heap Scan on sbtest2  (cost=5.47..405.13 rows=101 width=125)
	  Recheck Cond: ((k >= 5779574) AND (k <= 5779674))
	  ->  Bitmap Index Scan on k_2  (cost=0.00..5.44 rows=101 width=0)
	        Index Cond: ((k >= 5779574) AND (k <= 5779674))

table 3 : explain SELECT k, c FROM sbtest3 WHERE k BETWEEN 5779574 AND 5779674
	Bitmap Heap Scan on sbtest3  (cost=5.51..420.88 rows=105 width=125)
	  Recheck Cond: ((k >= 5779574) AND (k <= 5779674))
	  ->  Bitmap Index Scan on k_3  (cost=0.00..5.48 rows=105 width=0)
	        Index Cond: ((k >= 5779574) AND (k <= 5779674))

table 4 : explain SELECT k, c FROM sbtest4 WHERE k BETWEEN 5779574 AND 5779674
	Bitmap Heap Scan on sbtest4  (cost=5.45..397.25 rows=99 width=125)
	  Recheck Cond: ((k >= 5779574) AND (k <= 5779674))
	  ->  Bitmap Index Scan on k_4  (cost=0.00..5.42 rows=99 width=0)
	        Index Cond: ((k >= 5779574) AND (k <= 5779674))

table 5 : explain SELECT k, c FROM sbtest5 WHERE k BETWEEN 5779574 AND 5779674
	Bitmap Heap Scan on sbtest5  (cost=5.47..405.13 rows=101 width=125)
	  Recheck Cond: ((k >= 5779574) AND (k <= 5779674))
	  ->  Bitmap Index Scan on k_5  (cost=0.00..5.44 rows=101 width=0)
	        Index Cond: ((k >= 5779574) AND (k <= 5779674))

table 6 : explain SELECT k, c FROM sbtest6 WHERE k BETWEEN 5779574 AND 5779674
	Bitmap Heap Scan on sbtest6  (cost=5.43..389.37 rows=97 width=125)
	  Recheck Cond: ((k >= 5779574) AND (k <= 5779674))
	  ->  Bitmap Index Scan on k_6  (cost=0.00..5.40 rows=97 width=0)
	        Index Cond: ((k >= 5779574) AND (k <= 5779674))

table 7 : explain SELECT k, c FROM sbtest7 WHERE k BETWEEN 5779574 AND 5779674
	Bitmap Heap Scan on sbtest7  (cost=5.47..405.13 rows=101 width=125)
	  Recheck Cond: ((k >= 5779574) AND (k <= 5779674))
	  ->  Bitmap Index Scan on k_7  (cost=0.00..5.44 rows=101 width=0)
	        Index Cond: ((k >= 5779574) AND (k <= 5779674))

table 8 : explain SELECT k, c FROM sbtest8 WHERE k BETWEEN 5779574 AND 5779674
	Bitmap Heap Scan on sbtest8  (cost=5.54..432.69 rows=108 width=125)
	  Recheck Cond: ((k >= 5779574) AND (k <= 5779674))
	  ->  Bitmap Index Scan on k_8  (cost=0.00..5.51 rows=108 width=0)
	        Index Cond: ((k >= 5779574) AND (k <= 5779674))

for range-notcovered
table 1 : explain SELECT k, c FROM sbtest1 WHERE k BETWEEN 6423839 AND 6423939
	Bitmap Heap Scan on sbtest1  (cost=5.54..432.69 rows=108 width=125)
	  Recheck Cond: ((k >= 6423839) AND (k <= 6423939))
	  ->  Bitmap Index Scan on k_1  (cost=0.00..5.51 rows=108 width=0)
	        Index Cond: ((k >= 6423839) AND (k <= 6423939))

table 2 : explain SELECT k, c FROM sbtest2 WHERE k BETWEEN 6423839 AND 6423939
	Bitmap Heap Scan on sbtest2  (cost=5.46..401.19 rows=100 width=125)
	  Recheck Cond: ((k >= 6423839) AND (k <= 6423939))
	  ->  Bitmap Index Scan on k_2  (cost=0.00..5.43 rows=100 width=0)
	        Index Cond: ((k >= 6423839) AND (k <= 6423939))

table 3 : explain SELECT k, c FROM sbtest3 WHERE k BETWEEN 6423839 AND 6423939
	Bitmap Heap Scan on sbtest3  (cost=5.42..385.43 rows=96 width=125)
	  Recheck Cond: ((k >= 6423839) AND (k <= 6423939))
	  ->  Bitmap Index Scan on k_3  (cost=0.00..5.39 rows=96 width=0)
	        Index Cond: ((k >= 6423839) AND (k <= 6423939))

table 4 : explain SELECT k, c FROM sbtest4 WHERE k BETWEEN 6423839 AND 6423939
	Bitmap Heap Scan on sbtest4  (cost=5.46..401.19 rows=100 width=125)
	  Recheck Cond: ((k >= 6423839) AND (k <= 6423939))
	  ->  Bitmap Index Scan on k_4  (cost=0.00..5.43 rows=100 width=0)
	        Index Cond: ((k >= 6423839) AND (k <= 6423939))

table 5 : explain SELECT k, c FROM sbtest5 WHERE k BETWEEN 6423839 AND 6423939
	Bitmap Heap Scan on sbtest5  (cost=5.53..428.75 rows=107 width=125)
	  Recheck Cond: ((k >= 6423839) AND (k <= 6423939))
	  ->  Bitmap Index Scan on k_5  (cost=0.00..5.50 rows=107 width=0)
	        Index Cond: ((k >= 6423839) AND (k <= 6423939))

table 6 : explain SELECT k, c FROM sbtest6 WHERE k BETWEEN 6423839 AND 6423939
	Bitmap Heap Scan on sbtest6  (cost=5.48..409.07 rows=102 width=125)
	  Recheck Cond: ((k >= 6423839) AND (k <= 6423939))
	  ->  Bitmap Index Scan on k_6  (cost=0.00..5.45 rows=102 width=0)
	        Index Cond: ((k >= 6423839) AND (k <= 6423939))

table 7 : explain SELECT k, c FROM sbtest7 WHERE k BETWEEN 6423839 AND 6423939
	Bitmap Heap Scan on sbtest7  (cost=5.55..436.62 rows=109 width=125)
	  Recheck Cond: ((k >= 6423839) AND (k <= 6423939))
	  ->  Bitmap Index Scan on k_7  (cost=0.00..5.52 rows=109 width=0)
	        Index Cond: ((k >= 6423839) AND (k <= 6423939))

table 8 : explain SELECT k, c FROM sbtest8 WHERE k BETWEEN 6423839 AND 6423939
	Bitmap Heap Scan on sbtest8  (cost=5.42..385.43 rows=96 width=125)
	  Recheck Cond: ((k >= 6423839) AND (k <= 6423939))
	  ->  Bitmap Index Scan on k_8  (cost=0.00..5.39 rows=96 width=0)
	        Index Cond: ((k >= 6423839) AND (k <= 6423939))

for range-notcovered
table 1 : explain SELECT k, c FROM sbtest1 WHERE k BETWEEN 3721524 AND 3721624
	Bitmap Heap Scan on sbtest1  (cost=5.53..428.75 rows=107 width=125)
	  Recheck Cond: ((k >= 3721524) AND (k <= 3721624))
	  ->  Bitmap Index Scan on k_1  (cost=0.00..5.50 rows=107 width=0)
	        Index Cond: ((k >= 3721524) AND (k <= 3721624))

table 2 : explain SELECT k, c FROM sbtest2 WHERE k BETWEEN 3721524 AND 3721624
	Bitmap Heap Scan on sbtest2  (cost=5.40..377.55 rows=94 width=125)
	  Recheck Cond: ((k >= 3721524) AND (k <= 3721624))
	  ->  Bitmap Index Scan on k_2  (cost=0.00..5.38 rows=94 width=0)
	        Index Cond: ((k >= 3721524) AND (k <= 3721624))

table 3 : explain SELECT k, c FROM sbtest3 WHERE k BETWEEN 3721524 AND 3721624
	Bitmap Heap Scan on sbtest3  (cost=5.37..365.72 rows=91 width=125)
	  Recheck Cond: ((k >= 3721524) AND (k <= 3721624))
	  ->  Bitmap Index Scan on k_3  (cost=0.00..5.34 rows=91 width=0)
	        Index Cond: ((k >= 3721524) AND (k <= 3721624))

table 4 : explain SELECT k, c FROM sbtest4 WHERE k BETWEEN 3721524 AND 3721624
	Bitmap Heap Scan on sbtest4  (cost=5.47..405.13 rows=101 width=125)
	  Recheck Cond: ((k >= 3721524) AND (k <= 3721624))
	  ->  Bitmap Index Scan on k_4  (cost=0.00..5.44 rows=101 width=0)
	        Index Cond: ((k >= 3721524) AND (k <= 3721624))

table 5 : explain SELECT k, c FROM sbtest5 WHERE k BETWEEN 3721524 AND 3721624
	Bitmap Heap Scan on sbtest5  (cost=5.44..393.31 rows=98 width=125)
	  Recheck Cond: ((k >= 3721524) AND (k <= 3721624))
	  ->  Bitmap Index Scan on k_5  (cost=0.00..5.42 rows=98 width=0)
	        Index Cond: ((k >= 3721524) AND (k <= 3721624))

table 6 : explain SELECT k, c FROM sbtest6 WHERE k BETWEEN 3721524 AND 3721624
	Bitmap Heap Scan on sbtest6  (cost=5.48..409.07 rows=102 width=125)
	  Recheck Cond: ((k >= 3721524) AND (k <= 3721624))
	  ->  Bitmap Index Scan on k_6  (cost=0.00..5.45 rows=102 width=0)
	        Index Cond: ((k >= 3721524) AND (k <= 3721624))

table 7 : explain SELECT k, c FROM sbtest7 WHERE k BETWEEN 3721524 AND 3721624
	Bitmap Heap Scan on sbtest7  (cost=5.48..409.07 rows=102 width=125)
	  Recheck Cond: ((k >= 3721524) AND (k <= 3721624))
	  ->  Bitmap Index Scan on k_7  (cost=0.00..5.45 rows=102 width=0)
	        Index Cond: ((k >= 3721524) AND (k <= 3721624))

table 8 : explain SELECT k, c FROM sbtest8 WHERE k BETWEEN 3721524 AND 3721624
	Bitmap Heap Scan on sbtest8  (cost=5.55..436.62 rows=109 width=125)
	  Recheck Cond: ((k >= 3721524) AND (k <= 3721624))
	  ->  Bitmap Index Scan on k_8  (cost=0.00..5.52 rows=109 width=0)
	        Index Cond: ((k >= 3721524) AND (k <= 3721624))

explain: for range-notcovered :: explain SELECT k, c FROM sbtest%d WHERE k BETWEEN 6423839 AND 6423939
explain: for range-notcovered :: explain SELECT k, c FROM sbtest%d WHERE k BETWEEN 5553466 AND 5553566
for range-notcovered
table 1 : explain SELECT k, c FROM sbtest1 WHERE k BETWEEN 4569925 AND 4570025
	Bitmap Heap Scan on sbtest1  (cost=5.49..413.00 rows=103 width=125)
	  Recheck Cond: ((k >= 4569925) AND (k <= 4570025))
	  ->  Bitmap Index Scan on k_1  (cost=0.00..5.46 rows=103 width=0)
	        Index Cond: ((k >= 4569925) AND (k <= 4570025))

table 2 : explain SELECT k, c FROM sbtest2 WHERE k BETWEEN 4569925 AND 4570025
	Bitmap Heap Scan on sbtest2  (cost=5.47..405.13 rows=101 width=125)
	  Recheck Cond: ((k >= 4569925) AND (k <= 4570025))
	  ->  Bitmap Index Scan on k_2  (cost=0.00..5.44 rows=101 width=0)
	        Index Cond: ((k >= 4569925) AND (k <= 4570025))

table 3 : explain SELECT k, c FROM sbtest3 WHERE k BETWEEN 4569925 AND 4570025
	Bitmap Heap Scan on sbtest3  (cost=5.43..389.37 rows=97 width=125)
	  Recheck Cond: ((k >= 4569925) AND (k <= 4570025))
	  ->  Bitmap Index Scan on k_3  (cost=0.00..5.40 rows=97 width=0)
	        Index Cond: ((k >= 4569925) AND (k <= 4570025))

table 4 : explain SELECT k, c FROM sbtest4 WHERE k BETWEEN 4569925 AND 4570025
	Bitmap Heap Scan on sbtest4  (cost=5.51..420.88 rows=105 width=125)
	  Recheck Cond: ((k >= 4569925) AND (k <= 4570025))
	  ->  Bitmap Index Scan on k_4  (cost=0.00..5.48 rows=105 width=0)
	        Index Cond: ((k >= 4569925) AND (k <= 4570025))

table 5 : explain SELECT k, c FROM sbtest5 WHERE k BETWEEN 4569925 AND 4570025
	Bitmap Heap Scan on sbtest5  (cost=5.45..397.25 rows=99 width=125)
	  Recheck Cond: ((k >= 4569925) AND (k <= 4570025))
	  ->  Bitmap Index Scan on k_5  (cost=0.00..5.42 rows=99 width=0)
	        Index Cond: ((k >= 4569925) AND (k <= 4570025))

table 6 : explain SELECT k, c FROM sbtest6 WHERE k BETWEEN 4569925 AND 4570025
	Bitmap Heap Scan on sbtest6  (cost=5.43..389.37 rows=97 width=125)
	  Recheck Cond: ((k >= 4569925) AND (k <= 4570025))
	  ->  Bitmap Index Scan on k_6  (cost=0.00..5.40 rows=97 width=0)
	        Index Cond: ((k >= 4569925) AND (k <= 4570025))

table 7 : explain SELECT k, c FROM sbtest7 WHERE k BETWEEN 4569925 AND 4570025
	Bitmap Heap Scan on sbtest7  (cost=5.47..405.13 rows=101 width=125)
	  Recheck Cond: ((k >= 4569925) AND (k <= 4570025))
	  ->  Bitmap Index Scan on k_7  (cost=0.00..5.44 rows=101 width=0)
	        Index Cond: ((k >= 4569925) AND (k <= 4570025))

table 8 : explain SELECT k, c FROM sbtest8 WHERE k BETWEEN 4569925 AND 4570025
	Bitmap Heap Scan on sbtest8  (cost=5.44..393.31 rows=98 width=125)
	  Recheck Cond: ((k >= 4569925) AND (k <= 4570025))
	  ->  Bitmap Index Scan on k_8  (cost=0.00..5.42 rows=98 width=0)
	        Index Cond: ((k >= 4569925) AND (k <= 4570025))

explain: for range-notcovered :: explain SELECT k, c FROM sbtest%d WHERE k BETWEEN 3721524 AND 3721624
explain: for range-notcovered :: explain SELECT k, c FROM sbtest%d WHERE k BETWEEN 4569925 AND 4570025
for range-notcovered
table 1 : explain SELECT k, c FROM sbtest1 WHERE k BETWEEN 4564252 AND 4564352
	Bitmap Heap Scan on sbtest1  (cost=5.49..413.00 rows=103 width=125)
	  Recheck Cond: ((k >= 4564252) AND (k <= 4564352))
	  ->  Bitmap Index Scan on k_1  (cost=0.00..5.46 rows=103 width=0)
	        Index Cond: ((k >= 4564252) AND (k <= 4564352))

table 2 : explain SELECT k, c FROM sbtest2 WHERE k BETWEEN 4564252 AND 4564352
	Bitmap Heap Scan on sbtest2  (cost=5.47..405.13 rows=101 width=125)
	  Recheck Cond: ((k >= 4564252) AND (k <= 4564352))
	  ->  Bitmap Index Scan on k_2  (cost=0.00..5.44 rows=101 width=0)
	        Index Cond: ((k >= 4564252) AND (k <= 4564352))

table 3 : explain SELECT k, c FROM sbtest3 WHERE k BETWEEN 4564252 AND 4564352
	Bitmap Heap Scan on sbtest3  (cost=5.43..389.37 rows=97 width=125)
	  Recheck Cond: ((k >= 4564252) AND (k <= 4564352))
	  ->  Bitmap Index Scan on k_3  (cost=0.00..5.40 rows=97 width=0)
	        Index Cond: ((k >= 4564252) AND (k <= 4564352))

table 4 : explain SELECT k, c FROM sbtest4 WHERE k BETWEEN 4564252 AND 4564352
	Bitmap Heap Scan on sbtest4  (cost=5.51..420.88 rows=105 width=125)
	  Recheck Cond: ((k >= 4564252) AND (k <= 4564352))
	  ->  Bitmap Index Scan on k_4  (cost=0.00..5.48 rows=105 width=0)
	        Index Cond: ((k >= 4564252) AND (k <= 4564352))

table 5 : explain SELECT k, c FROM sbtest5 WHERE k BETWEEN 4564252 AND 4564352
	Bitmap Heap Scan on sbtest5  (cost=5.45..397.25 rows=99 width=125)
	  Recheck Cond: ((k >= 4564252) AND (k <= 4564352))
	  ->  Bitmap Index Scan on k_5  (cost=0.00..5.42 rows=99 width=0)
	        Index Cond: ((k >= 4564252) AND (k <= 4564352))

table 6 : explain SELECT k, c FROM sbtest6 WHERE k BETWEEN 4564252 AND 4564352
	Bitmap Heap Scan on sbtest6  (cost=5.43..389.37 rows=97 width=125)
	  Recheck Cond: ((k >= 4564252) AND (k <= 4564352))
	  ->  Bitmap Index Scan on k_6  (cost=0.00..5.40 rows=97 width=0)
	        Index Cond: ((k >= 4564252) AND (k <= 4564352))

table 7 : explain SELECT k, c FROM sbtest7 WHERE k BETWEEN 4564252 AND 4564352
	Bitmap Heap Scan on sbtest7  (cost=5.47..405.13 rows=101 width=125)
	  Recheck Cond: ((k >= 4564252) AND (k <= 4564352))
	  ->  Bitmap Index Scan on k_7  (cost=0.00..5.44 rows=101 width=0)
	        Index Cond: ((k >= 4564252) AND (k <= 4564352))

table 8 : explain SELECT k, c FROM sbtest8 WHERE k BETWEEN 4564252 AND 4564352
	Bitmap Heap Scan on sbtest8  (cost=5.44..393.31 rows=98 width=125)
	  Recheck Cond: ((k >= 4564252) AND (k <= 4564352))
	  ->  Bitmap Index Scan on k_8  (cost=0.00..5.42 rows=98 width=0)
	        Index Cond: ((k >= 4564252) AND (k <= 4564352))

explain: for range-notcovered :: explain SELECT k, c FROM sbtest%d WHERE k BETWEEN 4564252 AND 4564352
explain: for range-notcovered :: explain SELECT k, c FROM sbtest%d WHERE k BETWEEN 5414922 AND 5415022
for range-notcovered
table 1 : explain SELECT k, c FROM sbtest1 WHERE k BETWEEN 2571687 AND 2571787
	Bitmap Heap Scan on sbtest1  (cost=5.53..428.75 rows=107 width=125)
	  Recheck Cond: ((k >= 2571687) AND (k <= 2571787))
	  ->  Bitmap Index Scan on k_1  (cost=0.00..5.50 rows=107 width=0)
	        Index Cond: ((k >= 2571687) AND (k <= 2571787))

table 2 : explain SELECT k, c FROM sbtest2 WHERE k BETWEEN 2571687 AND 2571787
	Bitmap Heap Scan on sbtest2  (cost=5.49..413.00 rows=103 width=125)
	  Recheck Cond: ((k >= 2571687) AND (k <= 2571787))
	  ->  Bitmap Index Scan on k_2  (cost=0.00..5.46 rows=103 width=0)
	        Index Cond: ((k >= 2571687) AND (k <= 2571787))

table 3 : explain SELECT k, c FROM sbtest3 WHERE k BETWEEN 2571687 AND 2571787
	Bitmap Heap Scan on sbtest3  (cost=5.57..444.49 rows=111 width=125)
	  Recheck Cond: ((k >= 2571687) AND (k <= 2571787))
	  ->  Bitmap Index Scan on k_3  (cost=0.00..5.54 rows=111 width=0)
	        Index Cond: ((k >= 2571687) AND (k <= 2571787))

table 4 : explain SELECT k, c FROM sbtest4 WHERE k BETWEEN 2571687 AND 2571787
	Bitmap Heap Scan on sbtest4  (cost=5.44..393.31 rows=98 width=125)
	  Recheck Cond: ((k >= 2571687) AND (k <= 2571787))
	  ->  Bitmap Index Scan on k_4  (cost=0.00..5.42 rows=98 width=0)
	        Index Cond: ((k >= 2571687) AND (k <= 2571787))

table 5 : explain SELECT k, c FROM sbtest5 WHERE k BETWEEN 2571687 AND 2571787
	Bitmap Heap Scan on sbtest5  (cost=5.47..405.13 rows=101 width=125)
	  Recheck Cond: ((k >= 2571687) AND (k <= 2571787))
	  ->  Bitmap Index Scan on k_5  (cost=0.00..5.44 rows=101 width=0)
	        Index Cond: ((k >= 2571687) AND (k <= 2571787))

table 6 : explain SELECT k, c FROM sbtest6 WHERE k BETWEEN 2571687 AND 2571787
	Bitmap Heap Scan on sbtest6  (cost=5.44..393.31 rows=98 width=125)
	  Recheck Cond: ((k >= 2571687) AND (k <= 2571787))
	  ->  Bitmap Index Scan on k_6  (cost=0.00..5.42 rows=98 width=0)
	        Index Cond: ((k >= 2571687) AND (k <= 2571787))

table 7 : explain SELECT k, c FROM sbtest7 WHERE k BETWEEN 2571687 AND 2571787
	Bitmap Heap Scan on sbtest7  (cost=5.47..405.13 rows=101 width=125)
	  Recheck Cond: ((k >= 2571687) AND (k <= 2571787))
	  ->  Bitmap Index Scan on k_7  (cost=0.00..5.44 rows=101 width=0)
	        Index Cond: ((k >= 2571687) AND (k <= 2571787))

table 8 : explain SELECT k, c FROM sbtest8 WHERE k BETWEEN 2571687 AND 2571787
	Bitmap Heap Scan on sbtest8  (cost=5.39..373.61 rows=93 width=125)
	  Recheck Cond: ((k >= 2571687) AND (k <= 2571787))
	  ->  Bitmap Index Scan on k_8  (cost=0.00..5.36 rows=93 width=0)
	        Index Cond: ((k >= 2571687) AND (k <= 2571787))

for range-notcovered
table 1 : explain SELECT k, c FROM sbtest1 WHERE k BETWEEN 375616 AND 375716
	Bitmap Heap Scan on sbtest1  (cost=5.43..389.37 rows=97 width=125)
	  Recheck Cond: ((k >= 375616) AND (k <= 375716))
	  ->  Bitmap Index Scan on k_1  (cost=0.00..5.40 rows=97 width=0)
	        Index Cond: ((k >= 375616) AND (k <= 375716))

table 2 : explain SELECT k, c FROM sbtest2 WHERE k BETWEEN 375616 AND 375716
	Bitmap Heap Scan on sbtest2  (cost=5.48..409.07 rows=102 width=125)
	  Recheck Cond: ((k >= 375616) AND (k <= 375716))
	  ->  Bitmap Index Scan on k_2  (cost=0.00..5.45 rows=102 width=0)
	        Index Cond: ((k >= 375616) AND (k <= 375716))

table 3 : explain SELECT k, c FROM sbtest3 WHERE k BETWEEN 375616 AND 375716
	Bitmap Heap Scan on sbtest3  (cost=5.37..365.72 rows=91 width=125)
	  Recheck Cond: ((k >= 375616) AND (k <= 375716))
	  ->  Bitmap Index Scan on k_3  (cost=0.00..5.34 rows=91 width=0)
	        Index Cond: ((k >= 375616) AND (k <= 375716))

table 4 : explain SELECT k, c FROM sbtest4 WHERE k BETWEEN 375616 AND 375716
	Bitmap Heap Scan on sbtest4  (cost=5.44..393.31 rows=98 width=125)
	  Recheck Cond: ((k >= 375616) AND (k <= 375716))
	  ->  Bitmap Index Scan on k_4  (cost=0.00..5.42 rows=98 width=0)
	        Index Cond: ((k >= 375616) AND (k <= 375716))

table 5 : explain SELECT k, c FROM sbtest5 WHERE k BETWEEN 375616 AND 375716
	Bitmap Heap Scan on sbtest5  (cost=5.51..420.88 rows=105 width=125)
	  Recheck Cond: ((k >= 375616) AND (k <= 375716))
	  ->  Bitmap Index Scan on k_5  (cost=0.00..5.48 rows=105 width=0)
	        Index Cond: ((k >= 375616) AND (k <= 375716))

table 6 : explain SELECT k, c FROM sbtest6 WHERE k BETWEEN 375616 AND 375716
	Bitmap Heap Scan on sbtest6  (cost=5.46..401.19 rows=100 width=125)
	  Recheck Cond: ((k >= 375616) AND (k <= 375716))
	  ->  Bitmap Index Scan on k_6  (cost=0.00..5.43 rows=100 width=0)
	        Index Cond: ((k >= 375616) AND (k <= 375716))

table 7 : explain SELECT k, c FROM sbtest7 WHERE k BETWEEN 375616 AND 375716
	Bitmap Heap Scan on sbtest7  (cost=5.53..428.75 rows=107 width=125)
	  Recheck Cond: ((k >= 375616) AND (k <= 375716))
	  ->  Bitmap Index Scan on k_7  (cost=0.00..5.50 rows=107 width=0)
	        Index Cond: ((k >= 375616) AND (k <= 375716))

table 8 : explain SELECT k, c FROM sbtest8 WHERE k BETWEEN 375616 AND 375716
	Bitmap Heap Scan on sbtest8  (cost=5.44..393.31 rows=98 width=125)
	  Recheck Cond: ((k >= 375616) AND (k <= 375716))
	  ->  Bitmap Index Scan on k_8  (cost=0.00..5.42 rows=98 width=0)
	        Index Cond: ((k >= 375616) AND (k <= 375716))

for range-notcovered
table 1 : explain SELECT k, c FROM sbtest1 WHERE k BETWEEN 4569925 AND 4570025
	Bitmap Heap Scan on sbtest1  (cost=5.49..413.00 rows=103 width=125)
	  Recheck Cond: ((k >= 4569925) AND (k <= 4570025))
	  ->  Bitmap Index Scan on k_1  (cost=0.00..5.46 rows=103 width=0)
	        Index Cond: ((k >= 4569925) AND (k <= 4570025))

table 2 : explain SELECT k, c FROM sbtest2 WHERE k BETWEEN 4569925 AND 4570025
	Bitmap Heap Scan on sbtest2  (cost=5.47..405.13 rows=101 width=125)
	  Recheck Cond: ((k >= 4569925) AND (k <= 4570025))
	  ->  Bitmap Index Scan on k_2  (cost=0.00..5.44 rows=101 width=0)
	        Index Cond: ((k >= 4569925) AND (k <= 4570025))

table 3 : explain SELECT k, c FROM sbtest3 WHERE k BETWEEN 4569925 AND 4570025
	Bitmap Heap Scan on sbtest3  (cost=5.43..389.37 rows=97 width=125)
	  Recheck Cond: ((k >= 4569925) AND (k <= 4570025))
	  ->  Bitmap Index Scan on k_3  (cost=0.00..5.40 rows=97 width=0)
	        Index Cond: ((k >= 4569925) AND (k <= 4570025))

table 4 : explain SELECT k, c FROM sbtest4 WHERE k BETWEEN 4569925 AND 4570025
	Bitmap Heap Scan on sbtest4  (cost=5.51..420.88 rows=105 width=125)
	  Recheck Cond: ((k >= 4569925) AND (k <= 4570025))
	  ->  Bitmap Index Scan on k_4  (cost=0.00..5.48 rows=105 width=0)
	        Index Cond: ((k >= 4569925) AND (k <= 4570025))

table 5 : explain SELECT k, c FROM sbtest5 WHERE k BETWEEN 4569925 AND 4570025
	Bitmap Heap Scan on sbtest5  (cost=5.45..397.25 rows=99 width=125)
	  Recheck Cond: ((k >= 4569925) AND (k <= 4570025))
	  ->  Bitmap Index Scan on k_5  (cost=0.00..5.42 rows=99 width=0)
	        Index Cond: ((k >= 4569925) AND (k <= 4570025))

table 6 : explain SELECT k, c FROM sbtest6 WHERE k BETWEEN 4569925 AND 4570025
	Bitmap Heap Scan on sbtest6  (cost=5.43..389.37 rows=97 width=125)
	  Recheck Cond: ((k >= 4569925) AND (k <= 4570025))
	  ->  Bitmap Index Scan on k_6  (cost=0.00..5.40 rows=97 width=0)
	        Index Cond: ((k >= 4569925) AND (k <= 4570025))

table 7 : explain SELECT k, c FROM sbtest7 WHERE k BETWEEN 4569925 AND 4570025
	Bitmap Heap Scan on sbtest7  (cost=5.47..405.13 rows=101 width=125)
	  Recheck Cond: ((k >= 4569925) AND (k <= 4570025))
	  ->  Bitmap Index Scan on k_7  (cost=0.00..5.44 rows=101 width=0)
	        Index Cond: ((k >= 4569925) AND (k <= 4570025))

table 8 : explain SELECT k, c FROM sbtest8 WHERE k BETWEEN 4569925 AND 4570025
	Bitmap Heap Scan on sbtest8  (cost=5.44..393.31 rows=98 width=125)
	  Recheck Cond: ((k >= 4569925) AND (k <= 4570025))
	  ->  Bitmap Index Scan on k_8  (cost=0.00..5.42 rows=98 width=0)
	        Index Cond: ((k >= 4569925) AND (k <= 4570025))

explain: for range-notcovered :: explain SELECT k, c FROM sbtest%d WHERE k BETWEEN 375616 AND 375716
for range-notcovered
table 1 : explain SELECT k, c FROM sbtest1 WHERE k BETWEEN 7658495 AND 7658595
	Bitmap Heap Scan on sbtest1  (cost=5.52..424.81 rows=106 width=125)
	  Recheck Cond: ((k >= 7658495) AND (k <= 7658595))
	  ->  Bitmap Index Scan on k_1  (cost=0.00..5.50 rows=106 width=0)
	        Index Cond: ((k >= 7658495) AND (k <= 7658595))

table 2 : explain SELECT k, c FROM sbtest2 WHERE k BETWEEN 7658495 AND 7658595
	Bitmap Heap Scan on sbtest2  (cost=5.42..385.43 rows=96 width=125)
	  Recheck Cond: ((k >= 7658495) AND (k <= 7658595))
	  ->  Bitmap Index Scan on k_2  (cost=0.00..5.39 rows=96 width=0)
	        Index Cond: ((k >= 7658495) AND (k <= 7658595))

table 3 : explain SELECT k, c FROM sbtest3 WHERE k BETWEEN 7658495 AND 7658595
	Bitmap Heap Scan on sbtest3  (cost=5.68..483.81 rows=121 width=125)
	  Recheck Cond: ((k >= 7658495) AND (k <= 7658595))
	  ->  Bitmap Index Scan on k_3  (cost=0.00..5.64 rows=121 width=0)
	        Index Cond: ((k >= 7658495) AND (k <= 7658595))

table 4 : explain SELECT k, c FROM sbtest4 WHERE k BETWEEN 7658495 AND 7658595
	Bitmap Heap Scan on sbtest4  (cost=5.42..385.43 rows=96 width=125)
	  Recheck Cond: ((k >= 7658495) AND (k <= 7658595))
	  ->  Bitmap Index Scan on k_4  (cost=0.00..5.39 rows=96 width=0)
	        Index Cond: ((k >= 7658495) AND (k <= 7658595))

table 5 : explain SELECT k, c FROM sbtest5 WHERE k BETWEEN 7658495 AND 7658595
	Bitmap Heap Scan on sbtest5  (cost=5.39..373.61 rows=93 width=125)
	  Recheck Cond: ((k >= 7658495) AND (k <= 7658595))
	  ->  Bitmap Index Scan on k_5  (cost=0.00..5.36 rows=93 width=0)
	        Index Cond: ((k >= 7658495) AND (k <= 7658595))

table 6 : explain SELECT k, c FROM sbtest6 WHERE k BETWEEN 7658495 AND 7658595
	Bitmap Heap Scan on sbtest6  (cost=5.40..377.55 rows=94 width=125)
	  Recheck Cond: ((k >= 7658495) AND (k <= 7658595))
	  ->  Bitmap Index Scan on k_6  (cost=0.00..5.38 rows=94 width=0)
	        Index Cond: ((k >= 7658495) AND (k <= 7658595))

table 7 : explain SELECT k, c FROM sbtest7 WHERE k BETWEEN 7658495 AND 7658595
	Bitmap Heap Scan on sbtest7  (cost=5.42..385.43 rows=96 width=125)
	  Recheck Cond: ((k >= 7658495) AND (k <= 7658595))
	  ->  Bitmap Index Scan on k_7  (cost=0.00..5.39 rows=96 width=0)
	        Index Cond: ((k >= 7658495) AND (k <= 7658595))

table 8 : explain SELECT k, c FROM sbtest8 WHERE k BETWEEN 7658495 AND 7658595
	Bitmap Heap Scan on sbtest8  (cost=5.44..393.31 rows=98 width=125)
	  Recheck Cond: ((k >= 7658495) AND (k <= 7658595))
	  ->  Bitmap Index Scan on k_8  (cost=0.00..5.42 rows=98 width=0)
	        Index Cond: ((k >= 7658495) AND (k <= 7658595))

for range-notcovered
table 1 : explain SELECT k, c FROM sbtest1 WHERE k BETWEEN 4564252 AND 4564352
	Bitmap Heap Scan on sbtest1  (cost=5.49..413.00 rows=103 width=125)
	  Recheck Cond: ((k >= 4564252) AND (k <= 4564352))
	  ->  Bitmap Index Scan on k_1  (cost=0.00..5.46 rows=103 width=0)
	        Index Cond: ((k >= 4564252) AND (k <= 4564352))

table 2 : explain SELECT k, c FROM sbtest2 WHERE k BETWEEN 4564252 AND 4564352
	Bitmap Heap Scan on sbtest2  (cost=5.47..405.13 rows=101 width=125)
	  Recheck Cond: ((k >= 4564252) AND (k <= 4564352))
	  ->  Bitmap Index Scan on k_2  (cost=0.00..5.44 rows=101 width=0)
	        Index Cond: ((k >= 4564252) AND (k <= 4564352))

table 3 : explain SELECT k, c FROM sbtest3 WHERE k BETWEEN 4564252 AND 4564352
	Bitmap Heap Scan on sbtest3  (cost=5.43..389.37 rows=97 width=125)
	  Recheck Cond: ((k >= 4564252) AND (k <= 4564352))
	  ->  Bitmap Index Scan on k_3  (cost=0.00..5.40 rows=97 width=0)
	        Index Cond: ((k >= 4564252) AND (k <= 4564352))

table 4 : explain SELECT k, c FROM sbtest4 WHERE k BETWEEN 4564252 AND 4564352
	Bitmap Heap Scan on sbtest4  (cost=5.51..420.88 rows=105 width=125)
	  Recheck Cond: ((k >= 4564252) AND (k <= 4564352))
	  ->  Bitmap Index Scan on k_4  (cost=0.00..5.48 rows=105 width=0)
	        Index Cond: ((k >= 4564252) AND (k <= 4564352))

table 5 : explain SELECT k, c FROM sbtest5 WHERE k BETWEEN 4564252 AND 4564352
	Bitmap Heap Scan on sbtest5  (cost=5.45..397.25 rows=99 width=125)
	  Recheck Cond: ((k >= 4564252) AND (k <= 4564352))
	  ->  Bitmap Index Scan on k_5  (cost=0.00..5.42 rows=99 width=0)
	        Index Cond: ((k >= 4564252) AND (k <= 4564352))

table 6 : explain SELECT k, c FROM sbtest6 WHERE k BETWEEN 4564252 AND 4564352
	Bitmap Heap Scan on sbtest6  (cost=5.43..389.37 rows=97 width=125)
	  Recheck Cond: ((k >= 4564252) AND (k <= 4564352))
	  ->  Bitmap Index Scan on k_6  (cost=0.00..5.40 rows=97 width=0)
	        Index Cond: ((k >= 4564252) AND (k <= 4564352))

table 7 : explain SELECT k, c FROM sbtest7 WHERE k BETWEEN 4564252 AND 4564352
	Bitmap Heap Scan on sbtest7  (cost=5.47..405.13 rows=101 width=125)
	  Recheck Cond: ((k >= 4564252) AND (k <= 4564352))
	  ->  Bitmap Index Scan on k_7  (cost=0.00..5.44 rows=101 width=0)
	        Index Cond: ((k >= 4564252) AND (k <= 4564352))

table 8 : explain SELECT k, c FROM sbtest8 WHERE k BETWEEN 4564252 AND 4564352
	Bitmap Heap Scan on sbtest8  (cost=5.44..393.31 rows=98 width=125)
	  Recheck Cond: ((k >= 4564252) AND (k <= 4564352))
	  ->  Bitmap Index Scan on k_8  (cost=0.00..5.42 rows=98 width=0)
	        Index Cond: ((k >= 4564252) AND (k <= 4564352))

explain: for range-notcovered :: explain SELECT k, c FROM sbtest%d WHERE k BETWEEN 4564252 AND 4564352
for range-notcovered
table 1 : explain SELECT k, c FROM sbtest1 WHERE k BETWEEN 3721524 AND 3721624
	Bitmap Heap Scan on sbtest1  (cost=5.53..428.75 rows=107 width=125)
	  Recheck Cond: ((k >= 3721524) AND (k <= 3721624))
	  ->  Bitmap Index Scan on k_1  (cost=0.00..5.50 rows=107 width=0)
	        Index Cond: ((k >= 3721524) AND (k <= 3721624))

table 2 : explain SELECT k, c FROM sbtest2 WHERE k BETWEEN 3721524 AND 3721624
	Bitmap Heap Scan on sbtest2  (cost=5.40..377.55 rows=94 width=125)
	  Recheck Cond: ((k >= 3721524) AND (k <= 3721624))
	  ->  Bitmap Index Scan on k_2  (cost=0.00..5.38 rows=94 width=0)
	        Index Cond: ((k >= 3721524) AND (k <= 3721624))

table 3 : explain SELECT k, c FROM sbtest3 WHERE k BETWEEN 3721524 AND 3721624
	Bitmap Heap Scan on sbtest3  (cost=5.37..365.72 rows=91 width=125)
	  Recheck Cond: ((k >= 3721524) AND (k <= 3721624))
	  ->  Bitmap Index Scan on k_3  (cost=0.00..5.34 rows=91 width=0)
	        Index Cond: ((k >= 3721524) AND (k <= 3721624))

table 4 : explain SELECT k, c FROM sbtest4 WHERE k BETWEEN 3721524 AND 3721624
	Bitmap Heap Scan on sbtest4  (cost=5.47..405.13 rows=101 width=125)
	  Recheck Cond: ((k >= 3721524) AND (k <= 3721624))
	  ->  Bitmap Index Scan on k_4  (cost=0.00..5.44 rows=101 width=0)
	        Index Cond: ((k >= 3721524) AND (k <= 3721624))

table 5 : explain SELECT k, c FROM sbtest5 WHERE k BETWEEN 3721524 AND 3721624
	Bitmap Heap Scan on sbtest5  (cost=5.44..393.31 rows=98 width=125)
	  Recheck Cond: ((k >= 3721524) AND (k <= 3721624))
	  ->  Bitmap Index Scan on k_5  (cost=0.00..5.42 rows=98 width=0)
	        Index Cond: ((k >= 3721524) AND (k <= 3721624))

table 6 : explain SELECT k, c FROM sbtest6 WHERE k BETWEEN 3721524 AND 3721624
	Bitmap Heap Scan on sbtest6  (cost=5.48..409.07 rows=102 width=125)
	  Recheck Cond: ((k >= 3721524) AND (k <= 3721624))
	  ->  Bitmap Index Scan on k_6  (cost=0.00..5.45 rows=102 width=0)
	        Index Cond: ((k >= 3721524) AND (k <= 3721624))

table 7 : explain SELECT k, c FROM sbtest7 WHERE k BETWEEN 3721524 AND 3721624
	Bitmap Heap Scan on sbtest7  (cost=5.48..409.07 rows=102 width=125)
	  Recheck Cond: ((k >= 3721524) AND (k <= 3721624))
	  ->  Bitmap Index Scan on k_7  (cost=0.00..5.45 rows=102 width=0)
	        Index Cond: ((k >= 3721524) AND (k <= 3721624))

table 8 : explain SELECT k, c FROM sbtest8 WHERE k BETWEEN 3721524 AND 3721624
	Bitmap Heap Scan on sbtest8  (cost=5.55..436.62 rows=109 width=125)
	  Recheck Cond: ((k >= 3721524) AND (k <= 3721624))
	  ->  Bitmap Index Scan on k_8  (cost=0.00..5.52 rows=109 width=0)
	        Index Cond: ((k >= 3721524) AND (k <= 3721624))

explain: for range-notcovered :: explain SELECT k, c FROM sbtest%d WHERE k BETWEEN 3721524 AND 3721624
for range-notcovered
table 1 : explain SELECT k, c FROM sbtest1 WHERE k BETWEEN 6423839 AND 6423939
	Bitmap Heap Scan on sbtest1  (cost=5.54..432.69 rows=108 width=125)
	  Recheck Cond: ((k >= 6423839) AND (k <= 6423939))
	  ->  Bitmap Index Scan on k_1  (cost=0.00..5.51 rows=108 width=0)
	        Index Cond: ((k >= 6423839) AND (k <= 6423939))

table 2 : explain SELECT k, c FROM sbtest2 WHERE k BETWEEN 6423839 AND 6423939
	Bitmap Heap Scan on sbtest2  (cost=5.46..401.19 rows=100 width=125)
	  Recheck Cond: ((k >= 6423839) AND (k <= 6423939))
	  ->  Bitmap Index Scan on k_2  (cost=0.00..5.43 rows=100 width=0)
	        Index Cond: ((k >= 6423839) AND (k <= 6423939))

table 3 : explain SELECT k, c FROM sbtest3 WHERE k BETWEEN 6423839 AND 6423939
	Bitmap Heap Scan on sbtest3  (cost=5.42..385.43 rows=96 width=125)
	  Recheck Cond: ((k >= 6423839) AND (k <= 6423939))
	  ->  Bitmap Index Scan on k_3  (cost=0.00..5.39 rows=96 width=0)
	        Index Cond: ((k >= 6423839) AND (k <= 6423939))

table 4 : explain SELECT k, c FROM sbtest4 WHERE k BETWEEN 6423839 AND 6423939
	Bitmap Heap Scan on sbtest4  (cost=5.46..401.19 rows=100 width=125)
	  Recheck Cond: ((k >= 6423839) AND (k <= 6423939))
	  ->  Bitmap Index Scan on k_4  (cost=0.00..5.43 rows=100 width=0)
	        Index Cond: ((k >= 6423839) AND (k <= 6423939))

table 5 : explain SELECT k, c FROM sbtest5 WHERE k BETWEEN 6423839 AND 6423939
	Bitmap Heap Scan on sbtest5  (cost=5.53..428.75 rows=107 width=125)
	  Recheck Cond: ((k >= 6423839) AND (k <= 6423939))
	  ->  Bitmap Index Scan on k_5  (cost=0.00..5.50 rows=107 width=0)
	        Index Cond: ((k >= 6423839) AND (k <= 6423939))

table 6 : explain SELECT k, c FROM sbtest6 WHERE k BETWEEN 6423839 AND 6423939
	Bitmap Heap Scan on sbtest6  (cost=5.48..409.07 rows=102 width=125)
	  Recheck Cond: ((k >= 6423839) AND (k <= 6423939))
	  ->  Bitmap Index Scan on k_6  (cost=0.00..5.45 rows=102 width=0)
	        Index Cond: ((k >= 6423839) AND (k <= 6423939))

table 7 : explain SELECT k, c FROM sbtest7 WHERE k BETWEEN 6423839 AND 6423939
	Bitmap Heap Scan on sbtest7  (cost=5.55..436.62 rows=109 width=125)
	  Recheck Cond: ((k >= 6423839) AND (k <= 6423939))
	  ->  Bitmap Index Scan on k_7  (cost=0.00..5.52 rows=109 width=0)
	        Index Cond: ((k >= 6423839) AND (k <= 6423939))

table 8 : explain SELECT k, c FROM sbtest8 WHERE k BETWEEN 6423839 AND 6423939
	Bitmap Heap Scan on sbtest8  (cost=5.42..385.43 rows=96 width=125)
	  Recheck Cond: ((k >= 6423839) AND (k <= 6423939))
	  ->  Bitmap Index Scan on k_8  (cost=0.00..5.39 rows=96 width=0)
	        Index Cond: ((k >= 6423839) AND (k <= 6423939))

for range-notcovered
table 1 : explain SELECT k, c FROM sbtest1 WHERE k BETWEEN 5553466 AND 5553566
	Bitmap Heap Scan on sbtest1  (cost=5.39..373.61 rows=93 width=125)
	  Recheck Cond: ((k >= 5553466) AND (k <= 5553566))
	  ->  Bitmap Index Scan on k_1  (cost=0.00..5.36 rows=93 width=0)
	        Index Cond: ((k >= 5553466) AND (k <= 5553566))

table 2 : explain SELECT k, c FROM sbtest2 WHERE k BETWEEN 5553466 AND 5553566
	Bitmap Heap Scan on sbtest2  (cost=5.47..405.13 rows=101 width=125)
	  Recheck Cond: ((k >= 5553466) AND (k <= 5553566))
	  ->  Bitmap Index Scan on k_2  (cost=0.00..5.44 rows=101 width=0)
	        Index Cond: ((k >= 5553466) AND (k <= 5553566))

table 3 : explain SELECT k, c FROM sbtest3 WHERE k BETWEEN 5553466 AND 5553566
	Bitmap Heap Scan on sbtest3  (cost=5.51..420.88 rows=105 width=125)
	  Recheck Cond: ((k >= 5553466) AND (k <= 5553566))
	  ->  Bitmap Index Scan on k_3  (cost=0.00..5.48 rows=105 width=0)
	        Index Cond: ((k >= 5553466) AND (k <= 5553566))

table 4 : explain SELECT k, c FROM sbtest4 WHERE k BETWEEN 5553466 AND 5553566
	Bitmap Heap Scan on sbtest4  (cost=5.52..424.81 rows=106 width=125)
	  Recheck Cond: ((k >= 5553466) AND (k <= 5553566))
	  ->  Bitmap Index Scan on k_4  (cost=0.00..5.50 rows=106 width=0)
	        Index Cond: ((k >= 5553466) AND (k <= 5553566))

table 5 : explain SELECT k, c FROM sbtest5 WHERE k BETWEEN 5553466 AND 5553566
	Bitmap Heap Scan on sbtest5  (cost=5.42..385.43 rows=96 width=125)
	  Recheck Cond: ((k >= 5553466) AND (k <= 5553566))
	  ->  Bitmap Index Scan on k_5  (cost=0.00..5.39 rows=96 width=0)
	        Index Cond: ((k >= 5553466) AND (k <= 5553566))

table 6 : explain SELECT k, c FROM sbtest6 WHERE k BETWEEN 5553466 AND 5553566
	Bitmap Heap Scan on sbtest6  (cost=5.47..405.13 rows=101 width=125)
	  Recheck Cond: ((k >= 5553466) AND (k <= 5553566))
	  ->  Bitmap Index Scan on k_6  (cost=0.00..5.44 rows=101 width=0)
	        Index Cond: ((k >= 5553466) AND (k <= 5553566))

table 7 : explain SELECT k, c FROM sbtest7 WHERE k BETWEEN 5553466 AND 5553566
	Bitmap Heap Scan on sbtest7  (cost=5.39..373.61 rows=93 width=125)
	  Recheck Cond: ((k >= 5553466) AND (k <= 5553566))
	  ->  Bitmap Index Scan on k_7  (cost=0.00..5.36 rows=93 width=0)
	        Index Cond: ((k >= 5553466) AND (k <= 5553566))

table 8 : explain SELECT k, c FROM sbtest8 WHERE k BETWEEN 5553466 AND 5553566
	Bitmap Heap Scan on sbtest8  (cost=5.48..409.07 rows=102 width=125)
	  Recheck Cond: ((k >= 5553466) AND (k <= 5553566))
	  ->  Bitmap Index Scan on k_8  (cost=0.00..5.45 rows=102 width=0)
	        Index Cond: ((k >= 5553466) AND (k <= 5553566))

explain: for range-notcovered :: explain SELECT k, c FROM sbtest%d WHERE k BETWEEN 6423839 AND 6423939
explain: for range-notcovered :: explain SELECT k, c FROM sbtest%d WHERE k BETWEEN 5553466 AND 5553566
for range-notcovered
table 1 : explain SELECT k, c FROM sbtest1 WHERE k BETWEEN 4564252 AND 4564352
	Bitmap Heap Scan on sbtest1  (cost=5.49..413.00 rows=103 width=125)
	  Recheck Cond: ((k >= 4564252) AND (k <= 4564352))
	  ->  Bitmap Index Scan on k_1  (cost=0.00..5.46 rows=103 width=0)
	        Index Cond: ((k >= 4564252) AND (k <= 4564352))

table 2 : explain SELECT k, c FROM sbtest2 WHERE k BETWEEN 4564252 AND 4564352
	Bitmap Heap Scan on sbtest2  (cost=5.47..405.13 rows=101 width=125)
	  Recheck Cond: ((k >= 4564252) AND (k <= 4564352))
	  ->  Bitmap Index Scan on k_2  (cost=0.00..5.44 rows=101 width=0)
	        Index Cond: ((k >= 4564252) AND (k <= 4564352))

table 3 : explain SELECT k, c FROM sbtest3 WHERE k BETWEEN 4564252 AND 4564352
	Bitmap Heap Scan on sbtest3  (cost=5.43..389.37 rows=97 width=125)
	  Recheck Cond: ((k >= 4564252) AND (k <= 4564352))
	  ->  Bitmap Index Scan on k_3  (cost=0.00..5.40 rows=97 width=0)
	        Index Cond: ((k >= 4564252) AND (k <= 4564352))

table 4 : explain SELECT k, c FROM sbtest4 WHERE k BETWEEN 4564252 AND 4564352
	Bitmap Heap Scan on sbtest4  (cost=5.51..420.88 rows=105 width=125)
	  Recheck Cond: ((k >= 4564252) AND (k <= 4564352))
	  ->  Bitmap Index Scan on k_4  (cost=0.00..5.48 rows=105 width=0)
	        Index Cond: ((k >= 4564252) AND (k <= 4564352))

table 5 : explain SELECT k, c FROM sbtest5 WHERE k BETWEEN 4564252 AND 4564352
	Bitmap Heap Scan on sbtest5  (cost=5.45..397.25 rows=99 width=125)
	  Recheck Cond: ((k >= 4564252) AND (k <= 4564352))
	  ->  Bitmap Index Scan on k_5  (cost=0.00..5.42 rows=99 width=0)
	        Index Cond: ((k >= 4564252) AND (k <= 4564352))

table 6 : explain SELECT k, c FROM sbtest6 WHERE k BETWEEN 4564252 AND 4564352
	Bitmap Heap Scan on sbtest6  (cost=5.43..389.37 rows=97 width=125)
	  Recheck Cond: ((k >= 4564252) AND (k <= 4564352))
	  ->  Bitmap Index Scan on k_6  (cost=0.00..5.40 rows=97 width=0)
	        Index Cond: ((k >= 4564252) AND (k <= 4564352))

table 7 : explain SELECT k, c FROM sbtest7 WHERE k BETWEEN 4564252 AND 4564352
	Bitmap Heap Scan on sbtest7  (cost=5.47..405.13 rows=101 width=125)
	  Recheck Cond: ((k >= 4564252) AND (k <= 4564352))
	  ->  Bitmap Index Scan on k_7  (cost=0.00..5.44 rows=101 width=0)
	        Index Cond: ((k >= 4564252) AND (k <= 4564352))

table 8 : explain SELECT k, c FROM sbtest8 WHERE k BETWEEN 4564252 AND 4564352
	Bitmap Heap Scan on sbtest8  (cost=5.44..393.31 rows=98 width=125)
	  Recheck Cond: ((k >= 4564252) AND (k <= 4564352))
	  ->  Bitmap Index Scan on k_8  (cost=0.00..5.42 rows=98 width=0)
	        Index Cond: ((k >= 4564252) AND (k <= 4564352))

explain: for range-notcovered :: explain SELECT k, c FROM sbtest%d WHERE k BETWEEN 4564252 AND 4564352
for range-notcovered
table 1 : explain SELECT k, c FROM sbtest1 WHERE k BETWEEN 7891657 AND 7891757
	Bitmap Heap Scan on sbtest1  (cost=5.38..369.67 rows=92 width=125)
	  Recheck Cond: ((k >= 7891657) AND (k <= 7891757))
	  ->  Bitmap Index Scan on k_1  (cost=0.00..5.35 rows=92 width=0)
	        Index Cond: ((k >= 7891657) AND (k <= 7891757))

table 2 : explain SELECT k, c FROM sbtest2 WHERE k BETWEEN 7891657 AND 7891757
	Bitmap Heap Scan on sbtest2  (cost=5.41..381.49 rows=95 width=125)
	  Recheck Cond: ((k >= 7891657) AND (k <= 7891757))
	  ->  Bitmap Index Scan on k_2  (cost=0.00..5.38 rows=95 width=0)
	        Index Cond: ((k >= 7891657) AND (k <= 7891757))

table 3 : explain SELECT k, c FROM sbtest3 WHERE k BETWEEN 7891657 AND 7891757
	Bitmap Heap Scan on sbtest3  (cost=5.47..405.13 rows=101 width=125)
	  Recheck Cond: ((k >= 7891657) AND (k <= 7891757))
	  ->  Bitmap Index Scan on k_3  (cost=0.00..5.44 rows=101 width=0)
	        Index Cond: ((k >= 7891657) AND (k <= 7891757))

table 4 : explain SELECT k, c FROM sbtest4 WHERE k BETWEEN 7891657 AND 7891757
	Bitmap Heap Scan on sbtest4  (cost=5.41..381.49 rows=95 width=125)
	  Recheck Cond: ((k >= 7891657) AND (k <= 7891757))
	  ->  Bitmap Index Scan on k_4  (cost=0.00..5.38 rows=95 width=0)
	        Index Cond: ((k >= 7891657) AND (k <= 7891757))

table 5 : explain SELECT k, c FROM sbtest5 WHERE k BETWEEN 7891657 AND 7891757
	Bitmap Heap Scan on sbtest5  (cost=5.51..420.88 rows=105 width=125)
	  Recheck Cond: ((k >= 7891657) AND (k <= 7891757))
	  ->  Bitmap Index Scan on k_5  (cost=0.00..5.48 rows=105 width=0)
	        Index Cond: ((k >= 7891657) AND (k <= 7891757))

table 6 : explain SELECT k, c FROM sbtest6 WHERE k BETWEEN 7891657 AND 7891757
	Bitmap Heap Scan on sbtest6  (cost=5.52..424.81 rows=106 width=125)
	  Recheck Cond: ((k >= 7891657) AND (k <= 7891757))
	  ->  Bitmap Index Scan on k_6  (cost=0.00..5.50 rows=106 width=0)
	        Index Cond: ((k >= 7891657) AND (k <= 7891757))

table 7 : explain SELECT k, c FROM sbtest7 WHERE k BETWEEN 7891657 AND 7891757
	Bitmap Heap Scan on sbtest7  (cost=5.44..393.31 rows=98 width=125)
	  Recheck Cond: ((k >= 7891657) AND (k <= 7891757))
	  ->  Bitmap Index Scan on k_7  (cost=0.00..5.42 rows=98 width=0)
	        Index Cond: ((k >= 7891657) AND (k <= 7891757))

table 8 : explain SELECT k, c FROM sbtest8 WHERE k BETWEEN 7891657 AND 7891757
	Bitmap Heap Scan on sbtest8  (cost=5.45..397.25 rows=99 width=125)
	  Recheck Cond: ((k >= 7891657) AND (k <= 7891757))
	  ->  Bitmap Index Scan on k_8  (cost=0.00..5.42 rows=99 width=0)
	        Index Cond: ((k >= 7891657) AND (k <= 7891757))

for range-notcovered
table 1 : explain SELECT k, c FROM sbtest1 WHERE k BETWEEN 3721524 AND 3721624
	Bitmap Heap Scan on sbtest1  (cost=5.53..428.75 rows=107 width=125)
	  Recheck Cond: ((k >= 3721524) AND (k <= 3721624))
	  ->  Bitmap Index Scan on k_1  (cost=0.00..5.50 rows=107 width=0)
	        Index Cond: ((k >= 3721524) AND (k <= 3721624))

table 2 : explain SELECT k, c FROM sbtest2 WHERE k BETWEEN 3721524 AND 3721624
	Bitmap Heap Scan on sbtest2  (cost=5.40..377.55 rows=94 width=125)
	  Recheck Cond: ((k >= 3721524) AND (k <= 3721624))
	  ->  Bitmap Index Scan on k_2  (cost=0.00..5.38 rows=94 width=0)
	        Index Cond: ((k >= 3721524) AND (k <= 3721624))

table 3 : explain SELECT k, c FROM sbtest3 WHERE k BETWEEN 3721524 AND 3721624
	Bitmap Heap Scan on sbtest3  (cost=5.37..365.72 rows=91 width=125)
	  Recheck Cond: ((k >= 3721524) AND (k <= 3721624))
	  ->  Bitmap Index Scan on k_3  (cost=0.00..5.34 rows=91 width=0)
	        Index Cond: ((k >= 3721524) AND (k <= 3721624))

table 4 : explain SELECT k, c FROM sbtest4 WHERE k BETWEEN 3721524 AND 3721624
	Bitmap Heap Scan on sbtest4  (cost=5.47..405.13 rows=101 width=125)
	  Recheck Cond: ((k >= 3721524) AND (k <= 3721624))
	  ->  Bitmap Index Scan on k_4  (cost=0.00..5.44 rows=101 width=0)
	        Index Cond: ((k >= 3721524) AND (k <= 3721624))

table 5 : explain SELECT k, c FROM sbtest5 WHERE k BETWEEN 3721524 AND 3721624
	Bitmap Heap Scan on sbtest5  (cost=5.44..393.31 rows=98 width=125)
	  Recheck Cond: ((k >= 3721524) AND (k <= 3721624))
	  ->  Bitmap Index Scan on k_5  (cost=0.00..5.42 rows=98 width=0)
	        Index Cond: ((k >= 3721524) AND (k <= 3721624))

table 6 : explain SELECT k, c FROM sbtest6 WHERE k BETWEEN 3721524 AND 3721624
	Bitmap Heap Scan on sbtest6  (cost=5.48..409.07 rows=102 width=125)
	  Recheck Cond: ((k >= 3721524) AND (k <= 3721624))
	  ->  Bitmap Index Scan on k_6  (cost=0.00..5.45 rows=102 width=0)
	        Index Cond: ((k >= 3721524) AND (k <= 3721624))

table 7 : explain SELECT k, c FROM sbtest7 WHERE k BETWEEN 3721524 AND 3721624
	Bitmap Heap Scan on sbtest7  (cost=5.48..409.07 rows=102 width=125)
	  Recheck Cond: ((k >= 3721524) AND (k <= 3721624))
	  ->  Bitmap Index Scan on k_7  (cost=0.00..5.45 rows=102 width=0)
	        Index Cond: ((k >= 3721524) AND (k <= 3721624))

table 8 : explain SELECT k, c FROM sbtest8 WHERE k BETWEEN 3721524 AND 3721624
	Bitmap Heap Scan on sbtest8  (cost=5.55..436.62 rows=109 width=125)
	  Recheck Cond: ((k >= 3721524) AND (k <= 3721624))
	  ->  Bitmap Index Scan on k_8  (cost=0.00..5.52 rows=109 width=0)
	        Index Cond: ((k >= 3721524) AND (k <= 3721624))

explain: for range-notcovered :: explain SELECT k, c FROM sbtest%d WHERE k BETWEEN 3721524 AND 3721624
for range-notcovered
table 1 : explain SELECT k, c FROM sbtest1 WHERE k BETWEEN 375616 AND 375716
	Bitmap Heap Scan on sbtest1  (cost=5.43..389.37 rows=97 width=125)
	  Recheck Cond: ((k >= 375616) AND (k <= 375716))
	  ->  Bitmap Index Scan on k_1  (cost=0.00..5.40 rows=97 width=0)
	        Index Cond: ((k >= 375616) AND (k <= 375716))

table 2 : explain SELECT k, c FROM sbtest2 WHERE k BETWEEN 375616 AND 375716
	Bitmap Heap Scan on sbtest2  (cost=5.48..409.07 rows=102 width=125)
	  Recheck Cond: ((k >= 375616) AND (k <= 375716))
	  ->  Bitmap Index Scan on k_2  (cost=0.00..5.45 rows=102 width=0)
	        Index Cond: ((k >= 375616) AND (k <= 375716))

table 3 : explain SELECT k, c FROM sbtest3 WHERE k BETWEEN 375616 AND 375716
	Bitmap Heap Scan on sbtest3  (cost=5.37..365.72 rows=91 width=125)
	  Recheck Cond: ((k >= 375616) AND (k <= 375716))
	  ->  Bitmap Index Scan on k_3  (cost=0.00..5.34 rows=91 width=0)
	        Index Cond: ((k >= 375616) AND (k <= 375716))

table 4 : explain SELECT k, c FROM sbtest4 WHERE k BETWEEN 375616 AND 375716
	Bitmap Heap Scan on sbtest4  (cost=5.44..393.31 rows=98 width=125)
	  Recheck Cond: ((k >= 375616) AND (k <= 375716))
	  ->  Bitmap Index Scan on k_4  (cost=0.00..5.42 rows=98 width=0)
	        Index Cond: ((k >= 375616) AND (k <= 375716))

table 5 : explain SELECT k, c FROM sbtest5 WHERE k BETWEEN 375616 AND 375716
	Bitmap Heap Scan on sbtest5  (cost=5.51..420.88 rows=105 width=125)
	  Recheck Cond: ((k >= 375616) AND (k <= 375716))
	  ->  Bitmap Index Scan on k_5  (cost=0.00..5.48 rows=105 width=0)
	        Index Cond: ((k >= 375616) AND (k <= 375716))

table 6 : explain SELECT k, c FROM sbtest6 WHERE k BETWEEN 375616 AND 375716
	Bitmap Heap Scan on sbtest6  (cost=5.46..401.19 rows=100 width=125)
	  Recheck Cond: ((k >= 375616) AND (k <= 375716))
	  ->  Bitmap Index Scan on k_6  (cost=0.00..5.43 rows=100 width=0)
	        Index Cond: ((k >= 375616) AND (k <= 375716))

table 7 : explain SELECT k, c FROM sbtest7 WHERE k BETWEEN 375616 AND 375716
	Bitmap Heap Scan on sbtest7  (cost=5.53..428.75 rows=107 width=125)
	  Recheck Cond: ((k >= 375616) AND (k <= 375716))
	  ->  Bitmap Index Scan on k_7  (cost=0.00..5.50 rows=107 width=0)
	        Index Cond: ((k >= 375616) AND (k <= 375716))

table 8 : explain SELECT k, c FROM sbtest8 WHERE k BETWEEN 375616 AND 375716
	Bitmap Heap Scan on sbtest8  (cost=5.44..393.31 rows=98 width=125)
	  Recheck Cond: ((k >= 375616) AND (k <= 375716))
	  ->  Bitmap Index Scan on k_8  (cost=0.00..5.42 rows=98 width=0)
	        Index Cond: ((k >= 375616) AND (k <= 375716))

for range-notcovered
table 1 : explain SELECT k, c FROM sbtest1 WHERE k BETWEEN 4761024 AND 4761124
	Bitmap Heap Scan on sbtest1  (cost=5.50..416.94 rows=104 width=125)
	  Recheck Cond: ((k >= 4761024) AND (k <= 4761124))
	  ->  Bitmap Index Scan on k_1  (cost=0.00..5.47 rows=104 width=0)
	        Index Cond: ((k >= 4761024) AND (k <= 4761124))

table 2 : explain SELECT k, c FROM sbtest2 WHERE k BETWEEN 4761024 AND 4761124
	Bitmap Heap Scan on sbtest2  (cost=5.55..436.62 rows=109 width=125)
	  Recheck Cond: ((k >= 4761024) AND (k <= 4761124))
	  ->  Bitmap Index Scan on k_2  (cost=0.00..5.52 rows=109 width=0)
	        Index Cond: ((k >= 4761024) AND (k <= 4761124))

table 3 : explain SELECT k, c FROM sbtest3 WHERE k BETWEEN 4761024 AND 4761124
	Bitmap Heap Scan on sbtest3  (cost=5.53..428.75 rows=107 width=125)
	  Recheck Cond: ((k >= 4761024) AND (k <= 4761124))
	  ->  Bitmap Index Scan on k_3  (cost=0.00..5.50 rows=107 width=0)
	        Index Cond: ((k >= 4761024) AND (k <= 4761124))

table 4 : explain SELECT k, c FROM sbtest4 WHERE k BETWEEN 4761024 AND 4761124
	Bitmap Heap Scan on sbtest4  (cost=5.47..405.13 rows=101 width=125)
	  Recheck Cond: ((k >= 4761024) AND (k <= 4761124))
	  ->  Bitmap Index Scan on k_4  (cost=0.00..5.44 rows=101 width=0)
	        Index Cond: ((k >= 4761024) AND (k <= 4761124))

table 5 : explain SELECT k, c FROM sbtest5 WHERE k BETWEEN 4761024 AND 4761124
	Bitmap Heap Scan on sbtest5  (cost=5.52..424.81 rows=106 width=125)
	  Recheck Cond: ((k >= 4761024) AND (k <= 4761124))
	  ->  Bitmap Index Scan on k_5  (cost=0.00..5.50 rows=106 width=0)
	        Index Cond: ((k >= 4761024) AND (k <= 4761124))

table 6 : explain SELECT k, c FROM sbtest6 WHERE k BETWEEN 4761024 AND 4761124
	Bitmap Heap Scan on sbtest6  (cost=5.48..409.07 rows=102 width=125)
	  Recheck Cond: ((k >= 4761024) AND (k <= 4761124))
	  ->  Bitmap Index Scan on k_6  (cost=0.00..5.45 rows=102 width=0)
	        Index Cond: ((k >= 4761024) AND (k <= 4761124))

table 7 : explain SELECT k, c FROM sbtest7 WHERE k BETWEEN 4761024 AND 4761124
	Bitmap Heap Scan on sbtest7  (cost=5.38..369.67 rows=92 width=125)
	  Recheck Cond: ((k >= 4761024) AND (k <= 4761124))
	  ->  Bitmap Index Scan on k_7  (cost=0.00..5.35 rows=92 width=0)
	        Index Cond: ((k >= 4761024) AND (k <= 4761124))

table 8 : explain SELECT k, c FROM sbtest8 WHERE k BETWEEN 4761024 AND 4761124
	Bitmap Heap Scan on sbtest8  (cost=5.39..373.61 rows=93 width=125)
	  Recheck Cond: ((k >= 4761024) AND (k <= 4761124))
	  ->  Bitmap Index Scan on k_8  (cost=0.00..5.36 rows=93 width=0)
	        Index Cond: ((k >= 4761024) AND (k <= 4761124))

for range-notcovered
table 1 : explain SELECT k, c FROM sbtest1 WHERE k BETWEEN 5553466 AND 5553566
	Bitmap Heap Scan on sbtest1  (cost=5.39..373.61 rows=93 width=125)
	  Recheck Cond: ((k >= 5553466) AND (k <= 5553566))
	  ->  Bitmap Index Scan on k_1  (cost=0.00..5.36 rows=93 width=0)
	        Index Cond: ((k >= 5553466) AND (k <= 5553566))

table 2 : explain SELECT k, c FROM sbtest2 WHERE k BETWEEN 5553466 AND 5553566
	Bitmap Heap Scan on sbtest2  (cost=5.47..405.13 rows=101 width=125)
	  Recheck Cond: ((k >= 5553466) AND (k <= 5553566))
	  ->  Bitmap Index Scan on k_2  (cost=0.00..5.44 rows=101 width=0)
	        Index Cond: ((k >= 5553466) AND (k <= 5553566))

table 3 : explain SELECT k, c FROM sbtest3 WHERE k BETWEEN 5553466 AND 5553566
	Bitmap Heap Scan on sbtest3  (cost=5.51..420.88 rows=105 width=125)
	  Recheck Cond: ((k >= 5553466) AND (k <= 5553566))
	  ->  Bitmap Index Scan on k_3  (cost=0.00..5.48 rows=105 width=0)
	        Index Cond: ((k >= 5553466) AND (k <= 5553566))

table 4 : explain SELECT k, c FROM sbtest4 WHERE k BETWEEN 5553466 AND 5553566
	Bitmap Heap Scan on sbtest4  (cost=5.52..424.81 rows=106 width=125)
	  Recheck Cond: ((k >= 5553466) AND (k <= 5553566))
	  ->  Bitmap Index Scan on k_4  (cost=0.00..5.50 rows=106 width=0)
	        Index Cond: ((k >= 5553466) AND (k <= 5553566))

table 5 : explain SELECT k, c FROM sbtest5 WHERE k BETWEEN 5553466 AND 5553566
	Bitmap Heap Scan on sbtest5  (cost=5.42..385.43 rows=96 width=125)
	  Recheck Cond: ((k >= 5553466) AND (k <= 5553566))
	  ->  Bitmap Index Scan on k_5  (cost=0.00..5.39 rows=96 width=0)
	        Index Cond: ((k >= 5553466) AND (k <= 5553566))

table 6 : explain SELECT k, c FROM sbtest6 WHERE k BETWEEN 5553466 AND 5553566
	Bitmap Heap Scan on sbtest6  (cost=5.47..405.13 rows=101 width=125)
	  Recheck Cond: ((k >= 5553466) AND (k <= 5553566))
	  ->  Bitmap Index Scan on k_6  (cost=0.00..5.44 rows=101 width=0)
	        Index Cond: ((k >= 5553466) AND (k <= 5553566))

table 7 : explain SELECT k, c FROM sbtest7 WHERE k BETWEEN 5553466 AND 5553566
	Bitmap Heap Scan on sbtest7  (cost=5.39..373.61 rows=93 width=125)
	  Recheck Cond: ((k >= 5553466) AND (k <= 5553566))
	  ->  Bitmap Index Scan on k_7  (cost=0.00..5.36 rows=93 width=0)
	        Index Cond: ((k >= 5553466) AND (k <= 5553566))

table 8 : explain SELECT k, c FROM sbtest8 WHERE k BETWEEN 5553466 AND 5553566
	Bitmap Heap Scan on sbtest8  (cost=5.48..409.07 rows=102 width=125)
	  Recheck Cond: ((k >= 5553466) AND (k <= 5553566))
	  ->  Bitmap Index Scan on k_8  (cost=0.00..5.45 rows=102 width=0)
	        Index Cond: ((k >= 5553466) AND (k <= 5553566))

explain: for range-notcovered :: explain SELECT k, c FROM sbtest%d WHERE k BETWEEN 375616 AND 375716
explain: for range-notcovered :: explain SELECT k, c FROM sbtest%d WHERE k BETWEEN 5553466 AND 5553566
explain: for range-notcovered :: explain SELECT k, c FROM sbtest%d WHERE k BETWEEN 4761024 AND 4761124
for range-notcovered
table 1 : explain SELECT k, c FROM sbtest1 WHERE k BETWEEN 4564252 AND 4564352
	Bitmap Heap Scan on sbtest1  (cost=5.49..413.00 rows=103 width=125)
	  Recheck Cond: ((k >= 4564252) AND (k <= 4564352))
	  ->  Bitmap Index Scan on k_1  (cost=0.00..5.46 rows=103 width=0)
	        Index Cond: ((k >= 4564252) AND (k <= 4564352))

table 2 : explain SELECT k, c FROM sbtest2 WHERE k BETWEEN 4564252 AND 4564352
	Bitmap Heap Scan on sbtest2  (cost=5.47..405.13 rows=101 width=125)
	  Recheck Cond: ((k >= 4564252) AND (k <= 4564352))
	  ->  Bitmap Index Scan on k_2  (cost=0.00..5.44 rows=101 width=0)
	        Index Cond: ((k >= 4564252) AND (k <= 4564352))

table 3 : explain SELECT k, c FROM sbtest3 WHERE k BETWEEN 4564252 AND 4564352
	Bitmap Heap Scan on sbtest3  (cost=5.43..389.37 rows=97 width=125)
	  Recheck Cond: ((k >= 4564252) AND (k <= 4564352))
	  ->  Bitmap Index Scan on k_3  (cost=0.00..5.40 rows=97 width=0)
	        Index Cond: ((k >= 4564252) AND (k <= 4564352))

table 4 : explain SELECT k, c FROM sbtest4 WHERE k BETWEEN 4564252 AND 4564352
	Bitmap Heap Scan on sbtest4  (cost=5.51..420.88 rows=105 width=125)
	  Recheck Cond: ((k >= 4564252) AND (k <= 4564352))
	  ->  Bitmap Index Scan on k_4  (cost=0.00..5.48 rows=105 width=0)
	        Index Cond: ((k >= 4564252) AND (k <= 4564352))

table 5 : explain SELECT k, c FROM sbtest5 WHERE k BETWEEN 4564252 AND 4564352
	Bitmap Heap Scan on sbtest5  (cost=5.45..397.25 rows=99 width=125)
	  Recheck Cond: ((k >= 4564252) AND (k <= 4564352))
	  ->  Bitmap Index Scan on k_5  (cost=0.00..5.42 rows=99 width=0)
	        Index Cond: ((k >= 4564252) AND (k <= 4564352))

table 6 : explain SELECT k, c FROM sbtest6 WHERE k BETWEEN 4564252 AND 4564352
	Bitmap Heap Scan on sbtest6  (cost=5.43..389.37 rows=97 width=125)
	  Recheck Cond: ((k >= 4564252) AND (k <= 4564352))
	  ->  Bitmap Index Scan on k_6  (cost=0.00..5.40 rows=97 width=0)
	        Index Cond: ((k >= 4564252) AND (k <= 4564352))

table 7 : explain SELECT k, c FROM sbtest7 WHERE k BETWEEN 4564252 AND 4564352
	Bitmap Heap Scan on sbtest7  (cost=5.47..405.13 rows=101 width=125)
	  Recheck Cond: ((k >= 4564252) AND (k <= 4564352))
	  ->  Bitmap Index Scan on k_7  (cost=0.00..5.44 rows=101 width=0)
	        Index Cond: ((k >= 4564252) AND (k <= 4564352))

table 8 : explain SELECT k, c FROM sbtest8 WHERE k BETWEEN 4564252 AND 4564352
	Bitmap Heap Scan on sbtest8  (cost=5.44..393.31 rows=98 width=125)
	  Recheck Cond: ((k >= 4564252) AND (k <= 4564352))
	  ->  Bitmap Index Scan on k_8  (cost=0.00..5.42 rows=98 width=0)
	        Index Cond: ((k >= 4564252) AND (k <= 4564352))

explain: for range-notcovered :: explain SELECT k, c FROM sbtest%d WHERE k BETWEEN 4564252 AND 4564352
for range-notcovered
table 1 : explain SELECT k, c FROM sbtest1 WHERE k BETWEEN 4739637 AND 4739737
	Bitmap Heap Scan on sbtest1  (cost=5.50..416.94 rows=104 width=125)
	  Recheck Cond: ((k >= 4739637) AND (k <= 4739737))
	  ->  Bitmap Index Scan on k_1  (cost=0.00..5.47 rows=104 width=0)
	        Index Cond: ((k >= 4739637) AND (k <= 4739737))

table 2 : explain SELECT k, c FROM sbtest2 WHERE k BETWEEN 4739637 AND 4739737
	Bitmap Heap Scan on sbtest2  (cost=5.55..436.62 rows=109 width=125)
	  Recheck Cond: ((k >= 4739637) AND (k <= 4739737))
	  ->  Bitmap Index Scan on k_2  (cost=0.00..5.52 rows=109 width=0)
	        Index Cond: ((k >= 4739637) AND (k <= 4739737))

table 3 : explain SELECT k, c FROM sbtest3 WHERE k BETWEEN 4739637 AND 4739737
	Bitmap Heap Scan on sbtest3  (cost=5.53..428.75 rows=107 width=125)
	  Recheck Cond: ((k >= 4739637) AND (k <= 4739737))
	  ->  Bitmap Index Scan on k_3  (cost=0.00..5.50 rows=107 width=0)
	        Index Cond: ((k >= 4739637) AND (k <= 4739737))

table 4 : explain SELECT k, c FROM sbtest4 WHERE k BETWEEN 4739637 AND 4739737
	Bitmap Heap Scan on sbtest4  (cost=5.43..389.37 rows=97 width=125)
	  Recheck Cond: ((k >= 4739637) AND (k <= 4739737))
	  ->  Bitmap Index Scan on k_4  (cost=0.00..5.40 rows=97 width=0)
	        Index Cond: ((k >= 4739637) AND (k <= 4739737))

table 5 : explain SELECT k, c FROM sbtest5 WHERE k BETWEEN 4739637 AND 4739737
	Bitmap Heap Scan on sbtest5  (cost=5.52..424.81 rows=106 width=125)
	  Recheck Cond: ((k >= 4739637) AND (k <= 4739737))
	  ->  Bitmap Index Scan on k_5  (cost=0.00..5.50 rows=106 width=0)
	        Index Cond: ((k >= 4739637) AND (k <= 4739737))

table 6 : explain SELECT k, c FROM sbtest6 WHERE k BETWEEN 4739637 AND 4739737
	Bitmap Heap Scan on sbtest6  (cost=5.48..409.07 rows=102 width=125)
	  Recheck Cond: ((k >= 4739637) AND (k <= 4739737))
	  ->  Bitmap Index Scan on k_6  (cost=0.00..5.45 rows=102 width=0)
	        Index Cond: ((k >= 4739637) AND (k <= 4739737))

table 7 : explain SELECT k, c FROM sbtest7 WHERE k BETWEEN 4739637 AND 4739737
	Bitmap Heap Scan on sbtest7  (cost=5.38..369.67 rows=92 width=125)
	  Recheck Cond: ((k >= 4739637) AND (k <= 4739737))
	  ->  Bitmap Index Scan on k_7  (cost=0.00..5.35 rows=92 width=0)
	        Index Cond: ((k >= 4739637) AND (k <= 4739737))

table 8 : explain SELECT k, c FROM sbtest8 WHERE k BETWEEN 4739637 AND 4739737
	Bitmap Heap Scan on sbtest8  (cost=5.39..373.61 rows=93 width=125)
	  Recheck Cond: ((k >= 4739637) AND (k <= 4739737))
	  ->  Bitmap Index Scan on k_8  (cost=0.00..5.36 rows=93 width=0)
	        Index Cond: ((k >= 4739637) AND (k <= 4739737))

for range-notcovered
table 1 : explain SELECT k, c FROM sbtest1 WHERE k BETWEEN 9305452 AND 9305552
	Bitmap Heap Scan on sbtest1  (cost=5.58..448.42 rows=112 width=125)
	  Recheck Cond: ((k >= 9305452) AND (k <= 9305552))
	  ->  Bitmap Index Scan on k_1  (cost=0.00..5.55 rows=112 width=0)
	        Index Cond: ((k >= 9305452) AND (k <= 9305552))

table 2 : explain SELECT k, c FROM sbtest2 WHERE k BETWEEN 9305452 AND 9305552
	Bitmap Heap Scan on sbtest2  (cost=5.51..420.88 rows=105 width=125)
	  Recheck Cond: ((k >= 9305452) AND (k <= 9305552))
	  ->  Bitmap Index Scan on k_2  (cost=0.00..5.48 rows=105 width=0)
	        Index Cond: ((k >= 9305452) AND (k <= 9305552))

table 3 : explain SELECT k, c FROM sbtest3 WHERE k BETWEEN 9305452 AND 9305552
	Bitmap Heap Scan on sbtest3  (cost=5.50..416.94 rows=104 width=125)
	  Recheck Cond: ((k >= 9305452) AND (k <= 9305552))
	  ->  Bitmap Index Scan on k_3  (cost=0.00..5.47 rows=104 width=0)
	        Index Cond: ((k >= 9305452) AND (k <= 9305552))

table 4 : explain SELECT k, c FROM sbtest4 WHERE k BETWEEN 9305452 AND 9305552
	Bitmap Heap Scan on sbtest4  (cost=5.39..373.61 rows=93 width=125)
	  Recheck Cond: ((k >= 9305452) AND (k <= 9305552))
	  ->  Bitmap Index Scan on k_4  (cost=0.00..5.36 rows=93 width=0)
	        Index Cond: ((k >= 9305452) AND (k <= 9305552))

table 5 : explain SELECT k, c FROM sbtest5 WHERE k BETWEEN 9305452 AND 9305552
	Bitmap Heap Scan on sbtest5  (cost=5.46..401.19 rows=100 width=125)
	  Recheck Cond: ((k >= 9305452) AND (k <= 9305552))
	  ->  Bitmap Index Scan on k_5  (cost=0.00..5.43 rows=100 width=0)
	        Index Cond: ((k >= 9305452) AND (k <= 9305552))

table 6 : explain SELECT k, c FROM sbtest6 WHERE k BETWEEN 9305452 AND 9305552
	Bitmap Heap Scan on sbtest6  (cost=5.56..440.56 rows=110 width=125)
	  Recheck Cond: ((k >= 9305452) AND (k <= 9305552))
	  ->  Bitmap Index Scan on k_6  (cost=0.00..5.53 rows=110 width=0)
	        Index Cond: ((k >= 9305452) AND (k <= 9305552))

table 7 : explain SELECT k, c FROM sbtest7 WHERE k BETWEEN 9305452 AND 9305552
	Bitmap Heap Scan on sbtest7  (cost=5.62..464.15 rows=116 width=125)
	  Recheck Cond: ((k >= 9305452) AND (k <= 9305552))
	  ->  Bitmap Index Scan on k_7  (cost=0.00..5.59 rows=116 width=0)
	        Index Cond: ((k >= 9305452) AND (k <= 9305552))

table 8 : explain SELECT k, c FROM sbtest8 WHERE k BETWEEN 9305452 AND 9305552
	Bitmap Heap Scan on sbtest8  (cost=5.45..397.25 rows=99 width=125)
	  Recheck Cond: ((k >= 9305452) AND (k <= 9305552))
	  ->  Bitmap Index Scan on k_8  (cost=0.00..5.42 rows=99 width=0)
	        Index Cond: ((k >= 9305452) AND (k <= 9305552))

explain: for range-notcovered :: explain SELECT k, c FROM sbtest%d WHERE k BETWEEN 4739637 AND 4739737
explain: for range-notcovered :: explain SELECT k, c FROM sbtest%d WHERE k BETWEEN 7891657 AND 7891757
for range-notcovered
table 1 : explain SELECT k, c FROM sbtest1 WHERE k BETWEEN 3721524 AND 3721624
	Bitmap Heap Scan on sbtest1  (cost=5.53..428.75 rows=107 width=125)
	  Recheck Cond: ((k >= 3721524) AND (k <= 3721624))
	  ->  Bitmap Index Scan on k_1  (cost=0.00..5.50 rows=107 width=0)
	        Index Cond: ((k >= 3721524) AND (k <= 3721624))

table 2 : explain SELECT k, c FROM sbtest2 WHERE k BETWEEN 3721524 AND 3721624
	Bitmap Heap Scan on sbtest2  (cost=5.40..377.55 rows=94 width=125)
	  Recheck Cond: ((k >= 3721524) AND (k <= 3721624))
	  ->  Bitmap Index Scan on k_2  (cost=0.00..5.38 rows=94 width=0)
	        Index Cond: ((k >= 3721524) AND (k <= 3721624))

table 3 : explain SELECT k, c FROM sbtest3 WHERE k BETWEEN 3721524 AND 3721624
	Bitmap Heap Scan on sbtest3  (cost=5.37..365.72 rows=91 width=125)
	  Recheck Cond: ((k >= 3721524) AND (k <= 3721624))
	  ->  Bitmap Index Scan on k_3  (cost=0.00..5.34 rows=91 width=0)
	        Index Cond: ((k >= 3721524) AND (k <= 3721624))

table 4 : explain SELECT k, c FROM sbtest4 WHERE k BETWEEN 3721524 AND 3721624
	Bitmap Heap Scan on sbtest4  (cost=5.47..405.13 rows=101 width=125)
	  Recheck Cond: ((k >= 3721524) AND (k <= 3721624))
	  ->  Bitmap Index Scan on k_4  (cost=0.00..5.44 rows=101 width=0)
	        Index Cond: ((k >= 3721524) AND (k <= 3721624))

table 5 : explain SELECT k, c FROM sbtest5 WHERE k BETWEEN 3721524 AND 3721624
	Bitmap Heap Scan on sbtest5  (cost=5.44..393.31 rows=98 width=125)
	  Recheck Cond: ((k >= 3721524) AND (k <= 3721624))
	  ->  Bitmap Index Scan on k_5  (cost=0.00..5.42 rows=98 width=0)
	        Index Cond: ((k >= 3721524) AND (k <= 3721624))

table 6 : explain SELECT k, c FROM sbtest6 WHERE k BETWEEN 3721524 AND 3721624
	Bitmap Heap Scan on sbtest6  (cost=5.48..409.07 rows=102 width=125)
	  Recheck Cond: ((k >= 3721524) AND (k <= 3721624))
	  ->  Bitmap Index Scan on k_6  (cost=0.00..5.45 rows=102 width=0)
	        Index Cond: ((k >= 3721524) AND (k <= 3721624))

table 7 : explain SELECT k, c FROM sbtest7 WHERE k BETWEEN 3721524 AND 3721624
	Bitmap Heap Scan on sbtest7  (cost=5.48..409.07 rows=102 width=125)
	  Recheck Cond: ((k >= 3721524) AND (k <= 3721624))
	  ->  Bitmap Index Scan on k_7  (cost=0.00..5.45 rows=102 width=0)
	        Index Cond: ((k >= 3721524) AND (k <= 3721624))

table 8 : explain SELECT k, c FROM sbtest8 WHERE k BETWEEN 3721524 AND 3721624
	Bitmap Heap Scan on sbtest8  (cost=5.55..436.62 rows=109 width=125)
	  Recheck Cond: ((k >= 3721524) AND (k <= 3721624))
	  ->  Bitmap Index Scan on k_8  (cost=0.00..5.52 rows=109 width=0)
	        Index Cond: ((k >= 3721524) AND (k <= 3721624))

explain: for range-notcovered :: explain SELECT k, c FROM sbtest%d WHERE k BETWEEN 3721524 AND 3721624
for range-notcovered
table 1 : explain SELECT k, c FROM sbtest1 WHERE k BETWEEN 5553466 AND 5553566
	Bitmap Heap Scan on sbtest1  (cost=5.39..373.61 rows=93 width=125)
	  Recheck Cond: ((k >= 5553466) AND (k <= 5553566))
	  ->  Bitmap Index Scan on k_1  (cost=0.00..5.36 rows=93 width=0)
	        Index Cond: ((k >= 5553466) AND (k <= 5553566))

table 2 : explain SELECT k, c FROM sbtest2 WHERE k BETWEEN 5553466 AND 5553566
	Bitmap Heap Scan on sbtest2  (cost=5.47..405.13 rows=101 width=125)
	  Recheck Cond: ((k >= 5553466) AND (k <= 5553566))
	  ->  Bitmap Index Scan on k_2  (cost=0.00..5.44 rows=101 width=0)
	        Index Cond: ((k >= 5553466) AND (k <= 5553566))

table 3 : explain SELECT k, c FROM sbtest3 WHERE k BETWEEN 5553466 AND 5553566
	Bitmap Heap Scan on sbtest3  (cost=5.51..420.88 rows=105 width=125)
	  Recheck Cond: ((k >= 5553466) AND (k <= 5553566))
	  ->  Bitmap Index Scan on k_3  (cost=0.00..5.48 rows=105 width=0)
	        Index Cond: ((k >= 5553466) AND (k <= 5553566))

table 4 : explain SELECT k, c FROM sbtest4 WHERE k BETWEEN 5553466 AND 5553566
	Bitmap Heap Scan on sbtest4  (cost=5.52..424.81 rows=106 width=125)
	  Recheck Cond: ((k >= 5553466) AND (k <= 5553566))
	  ->  Bitmap Index Scan on k_4  (cost=0.00..5.50 rows=106 width=0)
	        Index Cond: ((k >= 5553466) AND (k <= 5553566))

table 5 : explain SELECT k, c FROM sbtest5 WHERE k BETWEEN 5553466 AND 5553566
	Bitmap Heap Scan on sbtest5  (cost=5.42..385.43 rows=96 width=125)
	  Recheck Cond: ((k >= 5553466) AND (k <= 5553566))
	  ->  Bitmap Index Scan on k_5  (cost=0.00..5.39 rows=96 width=0)
	        Index Cond: ((k >= 5553466) AND (k <= 5553566))

table 6 : explain SELECT k, c FROM sbtest6 WHERE k BETWEEN 5553466 AND 5553566
	Bitmap Heap Scan on sbtest6  (cost=5.47..405.13 rows=101 width=125)
	  Recheck Cond: ((k >= 5553466) AND (k <= 5553566))
	  ->  Bitmap Index Scan on k_6  (cost=0.00..5.44 rows=101 width=0)
	        Index Cond: ((k >= 5553466) AND (k <= 5553566))

table 7 : explain SELECT k, c FROM sbtest7 WHERE k BETWEEN 5553466 AND 5553566
	Bitmap Heap Scan on sbtest7  (cost=5.39..373.61 rows=93 width=125)
	  Recheck Cond: ((k >= 5553466) AND (k <= 5553566))
	  ->  Bitmap Index Scan on k_7  (cost=0.00..5.36 rows=93 width=0)
	        Index Cond: ((k >= 5553466) AND (k <= 5553566))

table 8 : explain SELECT k, c FROM sbtest8 WHERE k BETWEEN 5553466 AND 5553566
	Bitmap Heap Scan on sbtest8  (cost=5.48..409.07 rows=102 width=125)
	  Recheck Cond: ((k >= 5553466) AND (k <= 5553566))
	  ->  Bitmap Index Scan on k_8  (cost=0.00..5.45 rows=102 width=0)
	        Index Cond: ((k >= 5553466) AND (k <= 5553566))

explain: for range-notcovered :: explain SELECT k, c FROM sbtest%d WHERE k BETWEEN 5553466 AND 5553566
for range-notcovered
table 1 : explain SELECT k, c FROM sbtest1 WHERE k BETWEEN 4564252 AND 4564352
	Bitmap Heap Scan on sbtest1  (cost=5.49..413.00 rows=103 width=125)
	  Recheck Cond: ((k >= 4564252) AND (k <= 4564352))
	  ->  Bitmap Index Scan on k_1  (cost=0.00..5.46 rows=103 width=0)
	        Index Cond: ((k >= 4564252) AND (k <= 4564352))

table 2 : explain SELECT k, c FROM sbtest2 WHERE k BETWEEN 4564252 AND 4564352
	Bitmap Heap Scan on sbtest2  (cost=5.47..405.13 rows=101 width=125)
	  Recheck Cond: ((k >= 4564252) AND (k <= 4564352))
	  ->  Bitmap Index Scan on k_2  (cost=0.00..5.44 rows=101 width=0)
	        Index Cond: ((k >= 4564252) AND (k <= 4564352))

table 3 : explain SELECT k, c FROM sbtest3 WHERE k BETWEEN 4564252 AND 4564352
	Bitmap Heap Scan on sbtest3  (cost=5.43..389.37 rows=97 width=125)
	  Recheck Cond: ((k >= 4564252) AND (k <= 4564352))
	  ->  Bitmap Index Scan on k_3  (cost=0.00..5.40 rows=97 width=0)
	        Index Cond: ((k >= 4564252) AND (k <= 4564352))

table 4 : explain SELECT k, c FROM sbtest4 WHERE k BETWEEN 4564252 AND 4564352
	Bitmap Heap Scan on sbtest4  (cost=5.51..420.88 rows=105 width=125)
	  Recheck Cond: ((k >= 4564252) AND (k <= 4564352))
	  ->  Bitmap Index Scan on k_4  (cost=0.00..5.48 rows=105 width=0)
	        Index Cond: ((k >= 4564252) AND (k <= 4564352))

table 5 : explain SELECT k, c FROM sbtest5 WHERE k BETWEEN 4564252 AND 4564352
	Bitmap Heap Scan on sbtest5  (cost=5.45..397.25 rows=99 width=125)
	  Recheck Cond: ((k >= 4564252) AND (k <= 4564352))
	  ->  Bitmap Index Scan on k_5  (cost=0.00..5.42 rows=99 width=0)
	        Index Cond: ((k >= 4564252) AND (k <= 4564352))

table 6 : explain SELECT k, c FROM sbtest6 WHERE k BETWEEN 4564252 AND 4564352
	Bitmap Heap Scan on sbtest6  (cost=5.43..389.37 rows=97 width=125)
	  Recheck Cond: ((k >= 4564252) AND (k <= 4564352))
	  ->  Bitmap Index Scan on k_6  (cost=0.00..5.40 rows=97 width=0)
	        Index Cond: ((k >= 4564252) AND (k <= 4564352))

table 7 : explain SELECT k, c FROM sbtest7 WHERE k BETWEEN 4564252 AND 4564352
	Bitmap Heap Scan on sbtest7  (cost=5.47..405.13 rows=101 width=125)
	  Recheck Cond: ((k >= 4564252) AND (k <= 4564352))
	  ->  Bitmap Index Scan on k_7  (cost=0.00..5.44 rows=101 width=0)
	        Index Cond: ((k >= 4564252) AND (k <= 4564352))

table 8 : explain SELECT k, c FROM sbtest8 WHERE k BETWEEN 4564252 AND 4564352
	Bitmap Heap Scan on sbtest8  (cost=5.44..393.31 rows=98 width=125)
	  Recheck Cond: ((k >= 4564252) AND (k <= 4564352))
	  ->  Bitmap Index Scan on k_8  (cost=0.00..5.42 rows=98 width=0)
	        Index Cond: ((k >= 4564252) AND (k <= 4564352))

for range-notcovered
table 1 : explain SELECT k, c FROM sbtest1 WHERE k BETWEEN 6423839 AND 6423939
	Bitmap Heap Scan on sbtest1  (cost=5.54..432.69 rows=108 width=125)
	  Recheck Cond: ((k >= 6423839) AND (k <= 6423939))
	  ->  Bitmap Index Scan on k_1  (cost=0.00..5.51 rows=108 width=0)
	        Index Cond: ((k >= 6423839) AND (k <= 6423939))

table 2 : explain SELECT k, c FROM sbtest2 WHERE k BETWEEN 6423839 AND 6423939
	Bitmap Heap Scan on sbtest2  (cost=5.46..401.19 rows=100 width=125)
	  Recheck Cond: ((k >= 6423839) AND (k <= 6423939))
	  ->  Bitmap Index Scan on k_2  (cost=0.00..5.43 rows=100 width=0)
	        Index Cond: ((k >= 6423839) AND (k <= 6423939))

table 3 : explain SELECT k, c FROM sbtest3 WHERE k BETWEEN 6423839 AND 6423939
	Bitmap Heap Scan on sbtest3  (cost=5.42..385.43 rows=96 width=125)
	  Recheck Cond: ((k >= 6423839) AND (k <= 6423939))
	  ->  Bitmap Index Scan on k_3  (cost=0.00..5.39 rows=96 width=0)
	        Index Cond: ((k >= 6423839) AND (k <= 6423939))

table 4 : explain SELECT k, c FROM sbtest4 WHERE k BETWEEN 6423839 AND 6423939
	Bitmap Heap Scan on sbtest4  (cost=5.46..401.19 rows=100 width=125)
	  Recheck Cond: ((k >= 6423839) AND (k <= 6423939))
	  ->  Bitmap Index Scan on k_4  (cost=0.00..5.43 rows=100 width=0)
	        Index Cond: ((k >= 6423839) AND (k <= 6423939))

table 5 : explain SELECT k, c FROM sbtest5 WHERE k BETWEEN 6423839 AND 6423939
	Bitmap Heap Scan on sbtest5  (cost=5.53..428.75 rows=107 width=125)
	  Recheck Cond: ((k >= 6423839) AND (k <= 6423939))
	  ->  Bitmap Index Scan on k_5  (cost=0.00..5.50 rows=107 width=0)
	        Index Cond: ((k >= 6423839) AND (k <= 6423939))

table 6 : explain SELECT k, c FROM sbtest6 WHERE k BETWEEN 6423839 AND 6423939
	Bitmap Heap Scan on sbtest6  (cost=5.48..409.07 rows=102 width=125)
	  Recheck Cond: ((k >= 6423839) AND (k <= 6423939))
	  ->  Bitmap Index Scan on k_6  (cost=0.00..5.45 rows=102 width=0)
	        Index Cond: ((k >= 6423839) AND (k <= 6423939))

table 7 : explain SELECT k, c FROM sbtest7 WHERE k BETWEEN 6423839 AND 6423939
	Bitmap Heap Scan on sbtest7  (cost=5.55..436.62 rows=109 width=125)
	  Recheck Cond: ((k >= 6423839) AND (k <= 6423939))
	  ->  Bitmap Index Scan on k_7  (cost=0.00..5.52 rows=109 width=0)
	        Index Cond: ((k >= 6423839) AND (k <= 6423939))

table 8 : explain SELECT k, c FROM sbtest8 WHERE k BETWEEN 6423839 AND 6423939
	Bitmap Heap Scan on sbtest8  (cost=5.42..385.43 rows=96 width=125)
	  Recheck Cond: ((k >= 6423839) AND (k <= 6423939))
	  ->  Bitmap Index Scan on k_8  (cost=0.00..5.39 rows=96 width=0)
	        Index Cond: ((k >= 6423839) AND (k <= 6423939))

explain: for range-notcovered :: explain SELECT k, c FROM sbtest%d WHERE k BETWEEN 9305452 AND 9305552
explain: for range-notcovered :: explain SELECT k, c FROM sbtest%d WHERE k BETWEEN 6423839 AND 6423939
for range-notcovered
table 1 : explain SELECT k, c FROM sbtest1 WHERE k BETWEEN 4739637 AND 4739737
	Bitmap Heap Scan on sbtest1  (cost=5.50..416.94 rows=104 width=125)
	  Recheck Cond: ((k >= 4739637) AND (k <= 4739737))
	  ->  Bitmap Index Scan on k_1  (cost=0.00..5.47 rows=104 width=0)
	        Index Cond: ((k >= 4739637) AND (k <= 4739737))

table 2 : explain SELECT k, c FROM sbtest2 WHERE k BETWEEN 4739637 AND 4739737
	Bitmap Heap Scan on sbtest2  (cost=5.55..436.62 rows=109 width=125)
	  Recheck Cond: ((k >= 4739637) AND (k <= 4739737))
	  ->  Bitmap Index Scan on k_2  (cost=0.00..5.52 rows=109 width=0)
	        Index Cond: ((k >= 4739637) AND (k <= 4739737))

table 3 : explain SELECT k, c FROM sbtest3 WHERE k BETWEEN 4739637 AND 4739737
	Bitmap Heap Scan on sbtest3  (cost=5.53..428.75 rows=107 width=125)
	  Recheck Cond: ((k >= 4739637) AND (k <= 4739737))
	  ->  Bitmap Index Scan on k_3  (cost=0.00..5.50 rows=107 width=0)
	        Index Cond: ((k >= 4739637) AND (k <= 4739737))

table 4 : explain SELECT k, c FROM sbtest4 WHERE k BETWEEN 4739637 AND 4739737
	Bitmap Heap Scan on sbtest4  (cost=5.43..389.37 rows=97 width=125)
	  Recheck Cond: ((k >= 4739637) AND (k <= 4739737))
	  ->  Bitmap Index Scan on k_4  (cost=0.00..5.40 rows=97 width=0)
	        Index Cond: ((k >= 4739637) AND (k <= 4739737))

table 5 : explain SELECT k, c FROM sbtest5 WHERE k BETWEEN 4739637 AND 4739737
	Bitmap Heap Scan on sbtest5  (cost=5.52..424.81 rows=106 width=125)
	  Recheck Cond: ((k >= 4739637) AND (k <= 4739737))
	  ->  Bitmap Index Scan on k_5  (cost=0.00..5.50 rows=106 width=0)
	        Index Cond: ((k >= 4739637) AND (k <= 4739737))

table 6 : explain SELECT k, c FROM sbtest6 WHERE k BETWEEN 4739637 AND 4739737
	Bitmap Heap Scan on sbtest6  (cost=5.48..409.07 rows=102 width=125)
	  Recheck Cond: ((k >= 4739637) AND (k <= 4739737))
	  ->  Bitmap Index Scan on k_6  (cost=0.00..5.45 rows=102 width=0)
	        Index Cond: ((k >= 4739637) AND (k <= 4739737))

table 7 : explain SELECT k, c FROM sbtest7 WHERE k BETWEEN 4739637 AND 4739737
	Bitmap Heap Scan on sbtest7  (cost=5.38..369.67 rows=92 width=125)
	  Recheck Cond: ((k >= 4739637) AND (k <= 4739737))
	  ->  Bitmap Index Scan on k_7  (cost=0.00..5.35 rows=92 width=0)
	        Index Cond: ((k >= 4739637) AND (k <= 4739737))

table 8 : explain SELECT k, c FROM sbtest8 WHERE k BETWEEN 4739637 AND 4739737
	Bitmap Heap Scan on sbtest8  (cost=5.39..373.61 rows=93 width=125)
	  Recheck Cond: ((k >= 4739637) AND (k <= 4739737))
	  ->  Bitmap Index Scan on k_8  (cost=0.00..5.36 rows=93 width=0)
	        Index Cond: ((k >= 4739637) AND (k <= 4739737))

explain: for range-notcovered :: explain SELECT k, c FROM sbtest%d WHERE k BETWEEN 4739637 AND 4739737
for range-notcovered
table 1 : explain SELECT k, c FROM sbtest1 WHERE k BETWEEN 3721524 AND 3721624
	Bitmap Heap Scan on sbtest1  (cost=5.53..428.75 rows=107 width=125)
	  Recheck Cond: ((k >= 3721524) AND (k <= 3721624))
	  ->  Bitmap Index Scan on k_1  (cost=0.00..5.50 rows=107 width=0)
	        Index Cond: ((k >= 3721524) AND (k <= 3721624))

table 2 : explain SELECT k, c FROM sbtest2 WHERE k BETWEEN 3721524 AND 3721624
	Bitmap Heap Scan on sbtest2  (cost=5.40..377.55 rows=94 width=125)
	  Recheck Cond: ((k >= 3721524) AND (k <= 3721624))
	  ->  Bitmap Index Scan on k_2  (cost=0.00..5.38 rows=94 width=0)
	        Index Cond: ((k >= 3721524) AND (k <= 3721624))

table 3 : explain SELECT k, c FROM sbtest3 WHERE k BETWEEN 3721524 AND 3721624
	Bitmap Heap Scan on sbtest3  (cost=5.37..365.72 rows=91 width=125)
	  Recheck Cond: ((k >= 3721524) AND (k <= 3721624))
	  ->  Bitmap Index Scan on k_3  (cost=0.00..5.34 rows=91 width=0)
	        Index Cond: ((k >= 3721524) AND (k <= 3721624))

table 4 : explain SELECT k, c FROM sbtest4 WHERE k BETWEEN 3721524 AND 3721624
	Bitmap Heap Scan on sbtest4  (cost=5.47..405.13 rows=101 width=125)
	  Recheck Cond: ((k >= 3721524) AND (k <= 3721624))
	  ->  Bitmap Index Scan on k_4  (cost=0.00..5.44 rows=101 width=0)
	        Index Cond: ((k >= 3721524) AND (k <= 3721624))

table 5 : explain SELECT k, c FROM sbtest5 WHERE k BETWEEN 3721524 AND 3721624
	Bitmap Heap Scan on sbtest5  (cost=5.44..393.31 rows=98 width=125)
	  Recheck Cond: ((k >= 3721524) AND (k <= 3721624))
	  ->  Bitmap Index Scan on k_5  (cost=0.00..5.42 rows=98 width=0)
	        Index Cond: ((k >= 3721524) AND (k <= 3721624))

table 6 : explain SELECT k, c FROM sbtest6 WHERE k BETWEEN 3721524 AND 3721624
	Bitmap Heap Scan on sbtest6  (cost=5.48..409.07 rows=102 width=125)
	  Recheck Cond: ((k >= 3721524) AND (k <= 3721624))
	  ->  Bitmap Index Scan on k_6  (cost=0.00..5.45 rows=102 width=0)
	        Index Cond: ((k >= 3721524) AND (k <= 3721624))

table 7 : explain SELECT k, c FROM sbtest7 WHERE k BETWEEN 3721524 AND 3721624
	Bitmap Heap Scan on sbtest7  (cost=5.48..409.07 rows=102 width=125)
	  Recheck Cond: ((k >= 3721524) AND (k <= 3721624))
	  ->  Bitmap Index Scan on k_7  (cost=0.00..5.45 rows=102 width=0)
	        Index Cond: ((k >= 3721524) AND (k <= 3721624))

table 8 : explain SELECT k, c FROM sbtest8 WHERE k BETWEEN 3721524 AND 3721624
	Bitmap Heap Scan on sbtest8  (cost=5.55..436.62 rows=109 width=125)
	  Recheck Cond: ((k >= 3721524) AND (k <= 3721624))
	  ->  Bitmap Index Scan on k_8  (cost=0.00..5.52 rows=109 width=0)
	        Index Cond: ((k >= 3721524) AND (k <= 3721624))

for range-notcovered
table 1 : explain SELECT k, c FROM sbtest1 WHERE k BETWEEN 5414922 AND 5415022
	Bitmap Heap Scan on sbtest1  (cost=5.45..397.25 rows=99 width=125)
	  Recheck Cond: ((k >= 5414922) AND (k <= 5415022))
	  ->  Bitmap Index Scan on k_1  (cost=0.00..5.42 rows=99 width=0)
	        Index Cond: ((k >= 5414922) AND (k <= 5415022))

table 2 : explain SELECT k, c FROM sbtest2 WHERE k BETWEEN 5414922 AND 5415022
	Bitmap Heap Scan on sbtest2  (cost=5.59..452.36 rows=113 width=125)
	  Recheck Cond: ((k >= 5414922) AND (k <= 5415022))
	  ->  Bitmap Index Scan on k_2  (cost=0.00..5.56 rows=113 width=0)
	        Index Cond: ((k >= 5414922) AND (k <= 5415022))

table 3 : explain SELECT k, c FROM sbtest3 WHERE k BETWEEN 5414922 AND 5415022
	Bitmap Heap Scan on sbtest3  (cost=5.43..389.37 rows=97 width=125)
	  Recheck Cond: ((k >= 5414922) AND (k <= 5415022))
	  ->  Bitmap Index Scan on k_3  (cost=0.00..5.40 rows=97 width=0)
	        Index Cond: ((k >= 5414922) AND (k <= 5415022))

table 4 : explain SELECT k, c FROM sbtest4 WHERE k BETWEEN 5414922 AND 5415022
	Bitmap Heap Scan on sbtest4  (cost=5.46..401.19 rows=100 width=125)
	  Recheck Cond: ((k >= 5414922) AND (k <= 5415022))
	  ->  Bitmap Index Scan on k_4  (cost=0.00..5.43 rows=100 width=0)
	        Index Cond: ((k >= 5414922) AND (k <= 5415022))

table 5 : explain SELECT k, c FROM sbtest5 WHERE k BETWEEN 5414922 AND 5415022
	Bitmap Heap Scan on sbtest5  (cost=5.51..420.88 rows=105 width=125)
	  Recheck Cond: ((k >= 5414922) AND (k <= 5415022))
	  ->  Bitmap Index Scan on k_5  (cost=0.00..5.48 rows=105 width=0)
	        Index Cond: ((k >= 5414922) AND (k <= 5415022))

table 6 : explain SELECT k, c FROM sbtest6 WHERE k BETWEEN 5414922 AND 5415022
	Bitmap Heap Scan on sbtest6  (cost=5.45..397.25 rows=99 width=125)
	  Recheck Cond: ((k >= 5414922) AND (k <= 5415022))
	  ->  Bitmap Index Scan on k_6  (cost=0.00..5.42 rows=99 width=0)
	        Index Cond: ((k >= 5414922) AND (k <= 5415022))

table 7 : explain SELECT k, c FROM sbtest7 WHERE k BETWEEN 5414922 AND 5415022
	Bitmap Heap Scan on sbtest7  (cost=5.48..409.07 rows=102 width=125)
	  Recheck Cond: ((k >= 5414922) AND (k <= 5415022))
	  ->  Bitmap Index Scan on k_7  (cost=0.00..5.45 rows=102 width=0)
	        Index Cond: ((k >= 5414922) AND (k <= 5415022))

table 8 : explain SELECT k, c FROM sbtest8 WHERE k BETWEEN 5414922 AND 5415022
	Bitmap Heap Scan on sbtest8  (cost=5.59..452.36 rows=113 width=125)
	  Recheck Cond: ((k >= 5414922) AND (k <= 5415022))
	  ->  Bitmap Index Scan on k_8  (cost=0.00..5.56 rows=113 width=0)
	        Index Cond: ((k >= 5414922) AND (k <= 5415022))

explain: for range-notcovered :: explain SELECT k, c FROM sbtest%d WHERE k BETWEEN 5414922 AND 5415022
for range-notcovered
table 1 : explain SELECT k, c FROM sbtest1 WHERE k BETWEEN 4517236 AND 4517336
	Bitmap Heap Scan on sbtest1  (cost=5.49..413.00 rows=103 width=125)
	  Recheck Cond: ((k >= 4517236) AND (k <= 4517336))
	  ->  Bitmap Index Scan on k_1  (cost=0.00..5.46 rows=103 width=0)
	        Index Cond: ((k >= 4517236) AND (k <= 4517336))

table 2 : explain SELECT k, c FROM sbtest2 WHERE k BETWEEN 4517236 AND 4517336
	Bitmap Heap Scan on sbtest2  (cost=5.47..405.13 rows=101 width=125)
	  Recheck Cond: ((k >= 4517236) AND (k <= 4517336))
	  ->  Bitmap Index Scan on k_2  (cost=0.00..5.44 rows=101 width=0)
	        Index Cond: ((k >= 4517236) AND (k <= 4517336))

table 3 : explain SELECT k, c FROM sbtest3 WHERE k BETWEEN 4517236 AND 4517336
	Bitmap Heap Scan on sbtest3  (cost=5.43..389.37 rows=97 width=125)
	  Recheck Cond: ((k >= 4517236) AND (k <= 4517336))
	  ->  Bitmap Index Scan on k_3  (cost=0.00..5.40 rows=97 width=0)
	        Index Cond: ((k >= 4517236) AND (k <= 4517336))

table 4 : explain SELECT k, c FROM sbtest4 WHERE k BETWEEN 4517236 AND 4517336
	Bitmap Heap Scan on sbtest4  (cost=5.54..432.69 rows=108 width=125)
	  Recheck Cond: ((k >= 4517236) AND (k <= 4517336))
	  ->  Bitmap Index Scan on k_4  (cost=0.00..5.51 rows=108 width=0)
	        Index Cond: ((k >= 4517236) AND (k <= 4517336))

table 5 : explain SELECT k, c FROM sbtest5 WHERE k BETWEEN 4517236 AND 4517336
	Bitmap Heap Scan on sbtest5  (cost=5.45..397.25 rows=99 width=125)
	  Recheck Cond: ((k >= 4517236) AND (k <= 4517336))
	  ->  Bitmap Index Scan on k_5  (cost=0.00..5.42 rows=99 width=0)
	        Index Cond: ((k >= 4517236) AND (k <= 4517336))

table 6 : explain SELECT k, c FROM sbtest6 WHERE k BETWEEN 4517236 AND 4517336
	Bitmap Heap Scan on sbtest6  (cost=5.43..389.37 rows=97 width=125)
	  Recheck Cond: ((k >= 4517236) AND (k <= 4517336))
	  ->  Bitmap Index Scan on k_6  (cost=0.00..5.40 rows=97 width=0)
	        Index Cond: ((k >= 4517236) AND (k <= 4517336))

table 7 : explain SELECT k, c FROM sbtest7 WHERE k BETWEEN 4517236 AND 4517336
	Bitmap Heap Scan on sbtest7  (cost=5.47..405.13 rows=101 width=125)
	  Recheck Cond: ((k >= 4517236) AND (k <= 4517336))
	  ->  Bitmap Index Scan on k_7  (cost=0.00..5.44 rows=101 width=0)
	        Index Cond: ((k >= 4517236) AND (k <= 4517336))

table 8 : explain SELECT k, c FROM sbtest8 WHERE k BETWEEN 4517236 AND 4517336
	Bitmap Heap Scan on sbtest8  (cost=5.50..416.94 rows=104 width=125)
	  Recheck Cond: ((k >= 4517236) AND (k <= 4517336))
	  ->  Bitmap Index Scan on k_8  (cost=0.00..5.47 rows=104 width=0)
	        Index Cond: ((k >= 4517236) AND (k <= 4517336))

for range-notcovered
table 1 : explain SELECT k, c FROM sbtest1 WHERE k BETWEEN 5553466 AND 5553566
	Bitmap Heap Scan on sbtest1  (cost=5.39..373.61 rows=93 width=125)
	  Recheck Cond: ((k >= 5553466) AND (k <= 5553566))
	  ->  Bitmap Index Scan on k_1  (cost=0.00..5.36 rows=93 width=0)
	        Index Cond: ((k >= 5553466) AND (k <= 5553566))

table 2 : explain SELECT k, c FROM sbtest2 WHERE k BETWEEN 5553466 AND 5553566
	Bitmap Heap Scan on sbtest2  (cost=5.47..405.13 rows=101 width=125)
	  Recheck Cond: ((k >= 5553466) AND (k <= 5553566))
	  ->  Bitmap Index Scan on k_2  (cost=0.00..5.44 rows=101 width=0)
	        Index Cond: ((k >= 5553466) AND (k <= 5553566))

table 3 : explain SELECT k, c FROM sbtest3 WHERE k BETWEEN 5553466 AND 5553566
	Bitmap Heap Scan on sbtest3  (cost=5.51..420.88 rows=105 width=125)
	  Recheck Cond: ((k >= 5553466) AND (k <= 5553566))
	  ->  Bitmap Index Scan on k_3  (cost=0.00..5.48 rows=105 width=0)
	        Index Cond: ((k >= 5553466) AND (k <= 5553566))

table 4 : explain SELECT k, c FROM sbtest4 WHERE k BETWEEN 5553466 AND 5553566
	Bitmap Heap Scan on sbtest4  (cost=5.52..424.81 rows=106 width=125)
	  Recheck Cond: ((k >= 5553466) AND (k <= 5553566))
	  ->  Bitmap Index Scan on k_4  (cost=0.00..5.50 rows=106 width=0)
	        Index Cond: ((k >= 5553466) AND (k <= 5553566))

table 5 : explain SELECT k, c FROM sbtest5 WHERE k BETWEEN 5553466 AND 5553566
	Bitmap Heap Scan on sbtest5  (cost=5.42..385.43 rows=96 width=125)
	  Recheck Cond: ((k >= 5553466) AND (k <= 5553566))
	  ->  Bitmap Index Scan on k_5  (cost=0.00..5.39 rows=96 width=0)
	        Index Cond: ((k >= 5553466) AND (k <= 5553566))

table 6 : explain SELECT k, c FROM sbtest6 WHERE k BETWEEN 5553466 AND 5553566
	Bitmap Heap Scan on sbtest6  (cost=5.47..405.13 rows=101 width=125)
	  Recheck Cond: ((k >= 5553466) AND (k <= 5553566))
	  ->  Bitmap Index Scan on k_6  (cost=0.00..5.44 rows=101 width=0)
	        Index Cond: ((k >= 5553466) AND (k <= 5553566))

table 7 : explain SELECT k, c FROM sbtest7 WHERE k BETWEEN 5553466 AND 5553566
	Bitmap Heap Scan on sbtest7  (cost=5.39..373.61 rows=93 width=125)
	  Recheck Cond: ((k >= 5553466) AND (k <= 5553566))
	  ->  Bitmap Index Scan on k_7  (cost=0.00..5.36 rows=93 width=0)
	        Index Cond: ((k >= 5553466) AND (k <= 5553566))

table 8 : explain SELECT k, c FROM sbtest8 WHERE k BETWEEN 5553466 AND 5553566
	Bitmap Heap Scan on sbtest8  (cost=5.48..409.07 rows=102 width=125)
	  Recheck Cond: ((k >= 5553466) AND (k <= 5553566))
	  ->  Bitmap Index Scan on k_8  (cost=0.00..5.45 rows=102 width=0)
	        Index Cond: ((k >= 5553466) AND (k <= 5553566))

for range-notcovered
table 1 : explain SELECT k, c FROM sbtest1 WHERE k BETWEEN 4739637 AND 4739737
	Bitmap Heap Scan on sbtest1  (cost=5.50..416.94 rows=104 width=125)
	  Recheck Cond: ((k >= 4739637) AND (k <= 4739737))
	  ->  Bitmap Index Scan on k_1  (cost=0.00..5.47 rows=104 width=0)
	        Index Cond: ((k >= 4739637) AND (k <= 4739737))

table 2 : explain SELECT k, c FROM sbtest2 WHERE k BETWEEN 4739637 AND 4739737
	Bitmap Heap Scan on sbtest2  (cost=5.55..436.62 rows=109 width=125)
	  Recheck Cond: ((k >= 4739637) AND (k <= 4739737))
	  ->  Bitmap Index Scan on k_2  (cost=0.00..5.52 rows=109 width=0)
	        Index Cond: ((k >= 4739637) AND (k <= 4739737))

table 3 : explain SELECT k, c FROM sbtest3 WHERE k BETWEEN 4739637 AND 4739737
	Bitmap Heap Scan on sbtest3  (cost=5.53..428.75 rows=107 width=125)
	  Recheck Cond: ((k >= 4739637) AND (k <= 4739737))
	  ->  Bitmap Index Scan on k_3  (cost=0.00..5.50 rows=107 width=0)
	        Index Cond: ((k >= 4739637) AND (k <= 4739737))

table 4 : explain SELECT k, c FROM sbtest4 WHERE k BETWEEN 4739637 AND 4739737
	Bitmap Heap Scan on sbtest4  (cost=5.43..389.37 rows=97 width=125)
	  Recheck Cond: ((k >= 4739637) AND (k <= 4739737))
	  ->  Bitmap Index Scan on k_4  (cost=0.00..5.40 rows=97 width=0)
	        Index Cond: ((k >= 4739637) AND (k <= 4739737))

table 5 : explain SELECT k, c FROM sbtest5 WHERE k BETWEEN 4739637 AND 4739737
	Bitmap Heap Scan on sbtest5  (cost=5.52..424.81 rows=106 width=125)
	  Recheck Cond: ((k >= 4739637) AND (k <= 4739737))
	  ->  Bitmap Index Scan on k_5  (cost=0.00..5.50 rows=106 width=0)
	        Index Cond: ((k >= 4739637) AND (k <= 4739737))

table 6 : explain SELECT k, c FROM sbtest6 WHERE k BETWEEN 4739637 AND 4739737
	Bitmap Heap Scan on sbtest6  (cost=5.48..409.07 rows=102 width=125)
	  Recheck Cond: ((k >= 4739637) AND (k <= 4739737))
	  ->  Bitmap Index Scan on k_6  (cost=0.00..5.45 rows=102 width=0)
	        Index Cond: ((k >= 4739637) AND (k <= 4739737))

table 7 : explain SELECT k, c FROM sbtest7 WHERE k BETWEEN 4739637 AND 4739737
	Bitmap Heap Scan on sbtest7  (cost=5.38..369.67 rows=92 width=125)
	  Recheck Cond: ((k >= 4739637) AND (k <= 4739737))
	  ->  Bitmap Index Scan on k_7  (cost=0.00..5.35 rows=92 width=0)
	        Index Cond: ((k >= 4739637) AND (k <= 4739737))

table 8 : explain SELECT k, c FROM sbtest8 WHERE k BETWEEN 4739637 AND 4739737
	Bitmap Heap Scan on sbtest8  (cost=5.39..373.61 rows=93 width=125)
	  Recheck Cond: ((k >= 4739637) AND (k <= 4739737))
	  ->  Bitmap Index Scan on k_8  (cost=0.00..5.36 rows=93 width=0)
	        Index Cond: ((k >= 4739637) AND (k <= 4739737))

explain: for range-notcovered :: explain SELECT k, c FROM sbtest%d WHERE k BETWEEN 5553466 AND 5553566
explain: for range-notcovered :: explain SELECT k, c FROM sbtest%d WHERE k BETWEEN 4739637 AND 4739737
for range-notcovered
table 1 : explain SELECT k, c FROM sbtest1 WHERE k BETWEEN 6423839 AND 6423939
	Bitmap Heap Scan on sbtest1  (cost=5.54..432.69 rows=108 width=125)
	  Recheck Cond: ((k >= 6423839) AND (k <= 6423939))
	  ->  Bitmap Index Scan on k_1  (cost=0.00..5.51 rows=108 width=0)
	        Index Cond: ((k >= 6423839) AND (k <= 6423939))

table 2 : explain SELECT k, c FROM sbtest2 WHERE k BETWEEN 6423839 AND 6423939
	Bitmap Heap Scan on sbtest2  (cost=5.46..401.19 rows=100 width=125)
	  Recheck Cond: ((k >= 6423839) AND (k <= 6423939))
	  ->  Bitmap Index Scan on k_2  (cost=0.00..5.43 rows=100 width=0)
	        Index Cond: ((k >= 6423839) AND (k <= 6423939))

table 3 : explain SELECT k, c FROM sbtest3 WHERE k BETWEEN 6423839 AND 6423939
	Bitmap Heap Scan on sbtest3  (cost=5.42..385.43 rows=96 width=125)
	  Recheck Cond: ((k >= 6423839) AND (k <= 6423939))
	  ->  Bitmap Index Scan on k_3  (cost=0.00..5.39 rows=96 width=0)
	        Index Cond: ((k >= 6423839) AND (k <= 6423939))

table 4 : explain SELECT k, c FROM sbtest4 WHERE k BETWEEN 6423839 AND 6423939
	Bitmap Heap Scan on sbtest4  (cost=5.46..401.19 rows=100 width=125)
	  Recheck Cond: ((k >= 6423839) AND (k <= 6423939))
	  ->  Bitmap Index Scan on k_4  (cost=0.00..5.43 rows=100 width=0)
	        Index Cond: ((k >= 6423839) AND (k <= 6423939))

table 5 : explain SELECT k, c FROM sbtest5 WHERE k BETWEEN 6423839 AND 6423939
	Bitmap Heap Scan on sbtest5  (cost=5.53..428.75 rows=107 width=125)
	  Recheck Cond: ((k >= 6423839) AND (k <= 6423939))
	  ->  Bitmap Index Scan on k_5  (cost=0.00..5.50 rows=107 width=0)
	        Index Cond: ((k >= 6423839) AND (k <= 6423939))

table 6 : explain SELECT k, c FROM sbtest6 WHERE k BETWEEN 6423839 AND 6423939
	Bitmap Heap Scan on sbtest6  (cost=5.48..409.07 rows=102 width=125)
	  Recheck Cond: ((k >= 6423839) AND (k <= 6423939))
	  ->  Bitmap Index Scan on k_6  (cost=0.00..5.45 rows=102 width=0)
	        Index Cond: ((k >= 6423839) AND (k <= 6423939))

table 7 : explain SELECT k, c FROM sbtest7 WHERE k BETWEEN 6423839 AND 6423939
	Bitmap Heap Scan on sbtest7  (cost=5.55..436.62 rows=109 width=125)
	  Recheck Cond: ((k >= 6423839) AND (k <= 6423939))
	  ->  Bitmap Index Scan on k_7  (cost=0.00..5.52 rows=109 width=0)
	        Index Cond: ((k >= 6423839) AND (k <= 6423939))

table 8 : explain SELECT k, c FROM sbtest8 WHERE k BETWEEN 6423839 AND 6423939
	Bitmap Heap Scan on sbtest8  (cost=5.42..385.43 rows=96 width=125)
	  Recheck Cond: ((k >= 6423839) AND (k <= 6423939))
	  ->  Bitmap Index Scan on k_8  (cost=0.00..5.39 rows=96 width=0)
	        Index Cond: ((k >= 6423839) AND (k <= 6423939))

explain: for range-notcovered :: explain SELECT k, c FROM sbtest%d WHERE k BETWEEN 6423839 AND 6423939
for range-notcovered
table 1 : explain SELECT k, c FROM sbtest1 WHERE k BETWEEN 4398093 AND 4398193
	Bitmap Heap Scan on sbtest1  (cost=5.47..405.13 rows=101 width=125)
	  Recheck Cond: ((k >= 4398093) AND (k <= 4398193))
	  ->  Bitmap Index Scan on k_1  (cost=0.00..5.44 rows=101 width=0)
	        Index Cond: ((k >= 4398093) AND (k <= 4398193))

table 2 : explain SELECT k, c FROM sbtest2 WHERE k BETWEEN 4398093 AND 4398193
	Bitmap Heap Scan on sbtest2  (cost=5.49..413.00 rows=103 width=125)
	  Recheck Cond: ((k >= 4398093) AND (k <= 4398193))
	  ->  Bitmap Index Scan on k_2  (cost=0.00..5.46 rows=103 width=0)
	        Index Cond: ((k >= 4398093) AND (k <= 4398193))

table 3 : explain SELECT k, c FROM sbtest3 WHERE k BETWEEN 4398093 AND 4398193
	Bitmap Heap Scan on sbtest3  (cost=5.49..413.00 rows=103 width=125)
	  Recheck Cond: ((k >= 4398093) AND (k <= 4398193))
	  ->  Bitmap Index Scan on k_3  (cost=0.00..5.46 rows=103 width=0)
	        Index Cond: ((k >= 4398093) AND (k <= 4398193))

table 4 : explain SELECT k, c FROM sbtest4 WHERE k BETWEEN 4398093 AND 4398193
	Bitmap Heap Scan on sbtest4  (cost=5.47..405.13 rows=101 width=125)
	  Recheck Cond: ((k >= 4398093) AND (k <= 4398193))
	  ->  Bitmap Index Scan on k_4  (cost=0.00..5.44 rows=101 width=0)
	        Index Cond: ((k >= 4398093) AND (k <= 4398193))

table 5 : explain SELECT k, c FROM sbtest5 WHERE k BETWEEN 4398093 AND 4398193
	Bitmap Heap Scan on sbtest5  (cost=5.43..389.37 rows=97 width=125)
	  Recheck Cond: ((k >= 4398093) AND (k <= 4398193))
	  ->  Bitmap Index Scan on k_5  (cost=0.00..5.40 rows=97 width=0)
	        Index Cond: ((k >= 4398093) AND (k <= 4398193))

table 6 : explain SELECT k, c FROM sbtest6 WHERE k BETWEEN 4398093 AND 4398193
	Bitmap Heap Scan on sbtest6  (cost=5.50..416.94 rows=104 width=125)
	  Recheck Cond: ((k >= 4398093) AND (k <= 4398193))
	  ->  Bitmap Index Scan on k_6  (cost=0.00..5.47 rows=104 width=0)
	        Index Cond: ((k >= 4398093) AND (k <= 4398193))

table 7 : explain SELECT k, c FROM sbtest7 WHERE k BETWEEN 4398093 AND 4398193
	Bitmap Heap Scan on sbtest7  (cost=5.47..405.13 rows=101 width=125)
	  Recheck Cond: ((k >= 4398093) AND (k <= 4398193))
	  ->  Bitmap Index Scan on k_7  (cost=0.00..5.44 rows=101 width=0)
	        Index Cond: ((k >= 4398093) AND (k <= 4398193))

table 8 : explain SELECT k, c FROM sbtest8 WHERE k BETWEEN 4398093 AND 4398193
	Bitmap Heap Scan on sbtest8  (cost=5.48..409.07 rows=102 width=125)
	  Recheck Cond: ((k >= 4398093) AND (k <= 4398193))
	  ->  Bitmap Index Scan on k_8  (cost=0.00..5.45 rows=102 width=0)
	        Index Cond: ((k >= 4398093) AND (k <= 4398193))

for range-notcovered
table 1 : explain SELECT k, c FROM sbtest1 WHERE k BETWEEN 375616 AND 375716
	Bitmap Heap Scan on sbtest1  (cost=5.43..389.37 rows=97 width=125)
	  Recheck Cond: ((k >= 375616) AND (k <= 375716))
	  ->  Bitmap Index Scan on k_1  (cost=0.00..5.40 rows=97 width=0)
	        Index Cond: ((k >= 375616) AND (k <= 375716))

table 2 : explain SELECT k, c FROM sbtest2 WHERE k BETWEEN 375616 AND 375716
	Bitmap Heap Scan on sbtest2  (cost=5.48..409.07 rows=102 width=125)
	  Recheck Cond: ((k >= 375616) AND (k <= 375716))
	  ->  Bitmap Index Scan on k_2  (cost=0.00..5.45 rows=102 width=0)
	        Index Cond: ((k >= 375616) AND (k <= 375716))

table 3 : explain SELECT k, c FROM sbtest3 WHERE k BETWEEN 375616 AND 375716
	Bitmap Heap Scan on sbtest3  (cost=5.37..365.72 rows=91 width=125)
	  Recheck Cond: ((k >= 375616) AND (k <= 375716))
	  ->  Bitmap Index Scan on k_3  (cost=0.00..5.34 rows=91 width=0)
	        Index Cond: ((k >= 375616) AND (k <= 375716))

table 4 : explain SELECT k, c FROM sbtest4 WHERE k BETWEEN 375616 AND 375716
	Bitmap Heap Scan on sbtest4  (cost=5.44..393.31 rows=98 width=125)
	  Recheck Cond: ((k >= 375616) AND (k <= 375716))
	  ->  Bitmap Index Scan on k_4  (cost=0.00..5.42 rows=98 width=0)
	        Index Cond: ((k >= 375616) AND (k <= 375716))

table 5 : explain SELECT k, c FROM sbtest5 WHERE k BETWEEN 375616 AND 375716
	Bitmap Heap Scan on sbtest5  (cost=5.51..420.88 rows=105 width=125)
	  Recheck Cond: ((k >= 375616) AND (k <= 375716))
	  ->  Bitmap Index Scan on k_5  (cost=0.00..5.48 rows=105 width=0)
	        Index Cond: ((k >= 375616) AND (k <= 375716))

table 6 : explain SELECT k, c FROM sbtest6 WHERE k BETWEEN 375616 AND 375716
	Bitmap Heap Scan on sbtest6  (cost=5.46..401.19 rows=100 width=125)
	  Recheck Cond: ((k >= 375616) AND (k <= 375716))
	  ->  Bitmap Index Scan on k_6  (cost=0.00..5.43 rows=100 width=0)
	        Index Cond: ((k >= 375616) AND (k <= 375716))

table 7 : explain SELECT k, c FROM sbtest7 WHERE k BETWEEN 375616 AND 375716
	Bitmap Heap Scan on sbtest7  (cost=5.53..428.75 rows=107 width=125)
	  Recheck Cond: ((k >= 375616) AND (k <= 375716))
	  ->  Bitmap Index Scan on k_7  (cost=0.00..5.50 rows=107 width=0)
	        Index Cond: ((k >= 375616) AND (k <= 375716))

table 8 : explain SELECT k, c FROM sbtest8 WHERE k BETWEEN 375616 AND 375716
	Bitmap Heap Scan on sbtest8  (cost=5.44..393.31 rows=98 width=125)
	  Recheck Cond: ((k >= 375616) AND (k <= 375716))
	  ->  Bitmap Index Scan on k_8  (cost=0.00..5.42 rows=98 width=0)
	        Index Cond: ((k >= 375616) AND (k <= 375716))

explain: for range-notcovered :: explain SELECT k, c FROM sbtest%d WHERE k BETWEEN 4398093 AND 4398193
for range-notcovered
table 1 : explain SELECT k, c FROM sbtest1 WHERE k BETWEEN 5414922 AND 5415022
	Bitmap Heap Scan on sbtest1  (cost=5.45..397.25 rows=99 width=125)
	  Recheck Cond: ((k >= 5414922) AND (k <= 5415022))
	  ->  Bitmap Index Scan on k_1  (cost=0.00..5.42 rows=99 width=0)
	        Index Cond: ((k >= 5414922) AND (k <= 5415022))

table 2 : explain SELECT k, c FROM sbtest2 WHERE k BETWEEN 5414922 AND 5415022
	Bitmap Heap Scan on sbtest2  (cost=5.59..452.36 rows=113 width=125)
	  Recheck Cond: ((k >= 5414922) AND (k <= 5415022))
	  ->  Bitmap Index Scan on k_2  (cost=0.00..5.56 rows=113 width=0)
	        Index Cond: ((k >= 5414922) AND (k <= 5415022))

table 3 : explain SELECT k, c FROM sbtest3 WHERE k BETWEEN 5414922 AND 5415022
	Bitmap Heap Scan on sbtest3  (cost=5.43..389.37 rows=97 width=125)
	  Recheck Cond: ((k >= 5414922) AND (k <= 5415022))
	  ->  Bitmap Index Scan on k_3  (cost=0.00..5.40 rows=97 width=0)
	        Index Cond: ((k >= 5414922) AND (k <= 5415022))

table 4 : explain SELECT k, c FROM sbtest4 WHERE k BETWEEN 5414922 AND 5415022
	Bitmap Heap Scan on sbtest4  (cost=5.46..401.19 rows=100 width=125)
	  Recheck Cond: ((k >= 5414922) AND (k <= 5415022))
	  ->  Bitmap Index Scan on k_4  (cost=0.00..5.43 rows=100 width=0)
	        Index Cond: ((k >= 5414922) AND (k <= 5415022))

table 5 : explain SELECT k, c FROM sbtest5 WHERE k BETWEEN 5414922 AND 5415022
	Bitmap Heap Scan on sbtest5  (cost=5.51..420.88 rows=105 width=125)
	  Recheck Cond: ((k >= 5414922) AND (k <= 5415022))
	  ->  Bitmap Index Scan on k_5  (cost=0.00..5.48 rows=105 width=0)
	        Index Cond: ((k >= 5414922) AND (k <= 5415022))

table 6 : explain SELECT k, c FROM sbtest6 WHERE k BETWEEN 5414922 AND 5415022
	Bitmap Heap Scan on sbtest6  (cost=5.45..397.25 rows=99 width=125)
	  Recheck Cond: ((k >= 5414922) AND (k <= 5415022))
	  ->  Bitmap Index Scan on k_6  (cost=0.00..5.42 rows=99 width=0)
	        Index Cond: ((k >= 5414922) AND (k <= 5415022))

table 7 : explain SELECT k, c FROM sbtest7 WHERE k BETWEEN 5414922 AND 5415022
	Bitmap Heap Scan on sbtest7  (cost=5.48..409.07 rows=102 width=125)
	  Recheck Cond: ((k >= 5414922) AND (k <= 5415022))
	  ->  Bitmap Index Scan on k_7  (cost=0.00..5.45 rows=102 width=0)
	        Index Cond: ((k >= 5414922) AND (k <= 5415022))

table 8 : explain SELECT k, c FROM sbtest8 WHERE k BETWEEN 5414922 AND 5415022
	Bitmap Heap Scan on sbtest8  (cost=5.59..452.36 rows=113 width=125)
	  Recheck Cond: ((k >= 5414922) AND (k <= 5415022))
	  ->  Bitmap Index Scan on k_8  (cost=0.00..5.56 rows=113 width=0)
	        Index Cond: ((k >= 5414922) AND (k <= 5415022))

for range-notcovered
table 1 : explain SELECT k, c FROM sbtest1 WHERE k BETWEEN 4761024 AND 4761124
	Bitmap Heap Scan on sbtest1  (cost=5.50..416.94 rows=104 width=125)
	  Recheck Cond: ((k >= 4761024) AND (k <= 4761124))
	  ->  Bitmap Index Scan on k_1  (cost=0.00..5.47 rows=104 width=0)
	        Index Cond: ((k >= 4761024) AND (k <= 4761124))

table 2 : explain SELECT k, c FROM sbtest2 WHERE k BETWEEN 4761024 AND 4761124
	Bitmap Heap Scan on sbtest2  (cost=5.55..436.62 rows=109 width=125)
	  Recheck Cond: ((k >= 4761024) AND (k <= 4761124))
	  ->  Bitmap Index Scan on k_2  (cost=0.00..5.52 rows=109 width=0)
	        Index Cond: ((k >= 4761024) AND (k <= 4761124))

table 3 : explain SELECT k, c FROM sbtest3 WHERE k BETWEEN 4761024 AND 4761124
	Bitmap Heap Scan on sbtest3  (cost=5.53..428.75 rows=107 width=125)
	  Recheck Cond: ((k >= 4761024) AND (k <= 4761124))
	  ->  Bitmap Index Scan on k_3  (cost=0.00..5.50 rows=107 width=0)
	        Index Cond: ((k >= 4761024) AND (k <= 4761124))

table 4 : explain SELECT k, c FROM sbtest4 WHERE k BETWEEN 4761024 AND 4761124
	Bitmap Heap Scan on sbtest4  (cost=5.47..405.13 rows=101 width=125)
	  Recheck Cond: ((k >= 4761024) AND (k <= 4761124))
	  ->  Bitmap Index Scan on k_4  (cost=0.00..5.44 rows=101 width=0)
	        Index Cond: ((k >= 4761024) AND (k <= 4761124))

table 5 : explain SELECT k, c FROM sbtest5 WHERE k BETWEEN 4761024 AND 4761124
	Bitmap Heap Scan on sbtest5  (cost=5.52..424.81 rows=106 width=125)
	  Recheck Cond: ((k >= 4761024) AND (k <= 4761124))
	  ->  Bitmap Index Scan on k_5  (cost=0.00..5.50 rows=106 width=0)
	        Index Cond: ((k >= 4761024) AND (k <= 4761124))

table 6 : explain SELECT k, c FROM sbtest6 WHERE k BETWEEN 4761024 AND 4761124
	Bitmap Heap Scan on sbtest6  (cost=5.48..409.07 rows=102 width=125)
	  Recheck Cond: ((k >= 4761024) AND (k <= 4761124))
	  ->  Bitmap Index Scan on k_6  (cost=0.00..5.45 rows=102 width=0)
	        Index Cond: ((k >= 4761024) AND (k <= 4761124))

table 7 : explain SELECT k, c FROM sbtest7 WHERE k BETWEEN 4761024 AND 4761124
	Bitmap Heap Scan on sbtest7  (cost=5.38..369.67 rows=92 width=125)
	  Recheck Cond: ((k >= 4761024) AND (k <= 4761124))
	  ->  Bitmap Index Scan on k_7  (cost=0.00..5.35 rows=92 width=0)
	        Index Cond: ((k >= 4761024) AND (k <= 4761124))

table 8 : explain SELECT k, c FROM sbtest8 WHERE k BETWEEN 4761024 AND 4761124
	Bitmap Heap Scan on sbtest8  (cost=5.39..373.61 rows=93 width=125)
	  Recheck Cond: ((k >= 4761024) AND (k <= 4761124))
	  ->  Bitmap Index Scan on k_8  (cost=0.00..5.36 rows=93 width=0)
	        Index Cond: ((k >= 4761024) AND (k <= 4761124))

explain: for range-notcovered :: explain SELECT k, c FROM sbtest%d WHERE k BETWEEN 4517236 AND 4517336
explain: for range-notcovered :: explain SELECT k, c FROM sbtest%d WHERE k BETWEEN 5414922 AND 5415022
for range-notcovered
table 1 : explain SELECT k, c FROM sbtest1 WHERE k BETWEEN 4739637 AND 4739737
	Bitmap Heap Scan on sbtest1  (cost=5.50..416.94 rows=104 width=125)
	  Recheck Cond: ((k >= 4739637) AND (k <= 4739737))
	  ->  Bitmap Index Scan on k_1  (cost=0.00..5.47 rows=104 width=0)
	        Index Cond: ((k >= 4739637) AND (k <= 4739737))

table 2 : explain SELECT k, c FROM sbtest2 WHERE k BETWEEN 4739637 AND 4739737
	Bitmap Heap Scan on sbtest2  (cost=5.55..436.62 rows=109 width=125)
	  Recheck Cond: ((k >= 4739637) AND (k <= 4739737))
	  ->  Bitmap Index Scan on k_2  (cost=0.00..5.52 rows=109 width=0)
	        Index Cond: ((k >= 4739637) AND (k <= 4739737))

table 3 : explain SELECT k, c FROM sbtest3 WHERE k BETWEEN 4739637 AND 4739737
	Bitmap Heap Scan on sbtest3  (cost=5.53..428.75 rows=107 width=125)
	  Recheck Cond: ((k >= 4739637) AND (k <= 4739737))
	  ->  Bitmap Index Scan on k_3  (cost=0.00..5.50 rows=107 width=0)
	        Index Cond: ((k >= 4739637) AND (k <= 4739737))

table 4 : explain SELECT k, c FROM sbtest4 WHERE k BETWEEN 4739637 AND 4739737
	Bitmap Heap Scan on sbtest4  (cost=5.43..389.37 rows=97 width=125)
	  Recheck Cond: ((k >= 4739637) AND (k <= 4739737))
	  ->  Bitmap Index Scan on k_4  (cost=0.00..5.40 rows=97 width=0)
	        Index Cond: ((k >= 4739637) AND (k <= 4739737))

table 5 : explain SELECT k, c FROM sbtest5 WHERE k BETWEEN 4739637 AND 4739737
	Bitmap Heap Scan on sbtest5  (cost=5.52..424.81 rows=106 width=125)
	  Recheck Cond: ((k >= 4739637) AND (k <= 4739737))
	  ->  Bitmap Index Scan on k_5  (cost=0.00..5.50 rows=106 width=0)
	        Index Cond: ((k >= 4739637) AND (k <= 4739737))

table 6 : explain SELECT k, c FROM sbtest6 WHERE k BETWEEN 4739637 AND 4739737
	Bitmap Heap Scan on sbtest6  (cost=5.48..409.07 rows=102 width=125)
	  Recheck Cond: ((k >= 4739637) AND (k <= 4739737))
	  ->  Bitmap Index Scan on k_6  (cost=0.00..5.45 rows=102 width=0)
	        Index Cond: ((k >= 4739637) AND (k <= 4739737))

table 7 : explain SELECT k, c FROM sbtest7 WHERE k BETWEEN 4739637 AND 4739737
	Bitmap Heap Scan on sbtest7  (cost=5.38..369.67 rows=92 width=125)
	  Recheck Cond: ((k >= 4739637) AND (k <= 4739737))
	  ->  Bitmap Index Scan on k_7  (cost=0.00..5.35 rows=92 width=0)
	        Index Cond: ((k >= 4739637) AND (k <= 4739737))

table 8 : explain SELECT k, c FROM sbtest8 WHERE k BETWEEN 4739637 AND 4739737
	Bitmap Heap Scan on sbtest8  (cost=5.39..373.61 rows=93 width=125)
	  Recheck Cond: ((k >= 4739637) AND (k <= 4739737))
	  ->  Bitmap Index Scan on k_8  (cost=0.00..5.36 rows=93 width=0)
	        Index Cond: ((k >= 4739637) AND (k <= 4739737))

explain: for range-notcovered :: explain SELECT k, c FROM sbtest%d WHERE k BETWEEN 4739637 AND 4739737
explain: for range-notcovered :: explain SELECT k, c FROM sbtest%d WHERE k BETWEEN 4761024 AND 4761124
for range-notcovered
table 1 : explain SELECT k, c FROM sbtest1 WHERE k BETWEEN 6423839 AND 6423939
	Bitmap Heap Scan on sbtest1  (cost=5.54..432.69 rows=108 width=125)
	  Recheck Cond: ((k >= 6423839) AND (k <= 6423939))
	  ->  Bitmap Index Scan on k_1  (cost=0.00..5.51 rows=108 width=0)
	        Index Cond: ((k >= 6423839) AND (k <= 6423939))

table 2 : explain SELECT k, c FROM sbtest2 WHERE k BETWEEN 6423839 AND 6423939
	Bitmap Heap Scan on sbtest2  (cost=5.46..401.19 rows=100 width=125)
	  Recheck Cond: ((k >= 6423839) AND (k <= 6423939))
	  ->  Bitmap Index Scan on k_2  (cost=0.00..5.43 rows=100 width=0)
	        Index Cond: ((k >= 6423839) AND (k <= 6423939))

table 3 : explain SELECT k, c FROM sbtest3 WHERE k BETWEEN 6423839 AND 6423939
	Bitmap Heap Scan on sbtest3  (cost=5.42..385.43 rows=96 width=125)
	  Recheck Cond: ((k >= 6423839) AND (k <= 6423939))
	  ->  Bitmap Index Scan on k_3  (cost=0.00..5.39 rows=96 width=0)
	        Index Cond: ((k >= 6423839) AND (k <= 6423939))

table 4 : explain SELECT k, c FROM sbtest4 WHERE k BETWEEN 6423839 AND 6423939
	Bitmap Heap Scan on sbtest4  (cost=5.46..401.19 rows=100 width=125)
	  Recheck Cond: ((k >= 6423839) AND (k <= 6423939))
	  ->  Bitmap Index Scan on k_4  (cost=0.00..5.43 rows=100 width=0)
	        Index Cond: ((k >= 6423839) AND (k <= 6423939))

table 5 : explain SELECT k, c FROM sbtest5 WHERE k BETWEEN 6423839 AND 6423939
	Bitmap Heap Scan on sbtest5  (cost=5.53..428.75 rows=107 width=125)
	  Recheck Cond: ((k >= 6423839) AND (k <= 6423939))
	  ->  Bitmap Index Scan on k_5  (cost=0.00..5.50 rows=107 width=0)
	        Index Cond: ((k >= 6423839) AND (k <= 6423939))

table 6 : explain SELECT k, c FROM sbtest6 WHERE k BETWEEN 6423839 AND 6423939
	Bitmap Heap Scan on sbtest6  (cost=5.48..409.07 rows=102 width=125)
	  Recheck Cond: ((k >= 6423839) AND (k <= 6423939))
	  ->  Bitmap Index Scan on k_6  (cost=0.00..5.45 rows=102 width=0)
	        Index Cond: ((k >= 6423839) AND (k <= 6423939))

table 7 : explain SELECT k, c FROM sbtest7 WHERE k BETWEEN 6423839 AND 6423939
	Bitmap Heap Scan on sbtest7  (cost=5.55..436.62 rows=109 width=125)
	  Recheck Cond: ((k >= 6423839) AND (k <= 6423939))
	  ->  Bitmap Index Scan on k_7  (cost=0.00..5.52 rows=109 width=0)
	        Index Cond: ((k >= 6423839) AND (k <= 6423939))

table 8 : explain SELECT k, c FROM sbtest8 WHERE k BETWEEN 6423839 AND 6423939
	Bitmap Heap Scan on sbtest8  (cost=5.42..385.43 rows=96 width=125)
	  Recheck Cond: ((k >= 6423839) AND (k <= 6423939))
	  ->  Bitmap Index Scan on k_8  (cost=0.00..5.39 rows=96 width=0)
	        Index Cond: ((k >= 6423839) AND (k <= 6423939))

for range-notcovered
table 1 : explain SELECT k, c FROM sbtest1 WHERE k BETWEEN 7891657 AND 7891757
	Bitmap Heap Scan on sbtest1  (cost=5.38..369.67 rows=92 width=125)
	  Recheck Cond: ((k >= 7891657) AND (k <= 7891757))
	  ->  Bitmap Index Scan on k_1  (cost=0.00..5.35 rows=92 width=0)
	        Index Cond: ((k >= 7891657) AND (k <= 7891757))

table 2 : explain SELECT k, c FROM sbtest2 WHERE k BETWEEN 7891657 AND 7891757
	Bitmap Heap Scan on sbtest2  (cost=5.41..381.49 rows=95 width=125)
	  Recheck Cond: ((k >= 7891657) AND (k <= 7891757))
	  ->  Bitmap Index Scan on k_2  (cost=0.00..5.38 rows=95 width=0)
	        Index Cond: ((k >= 7891657) AND (k <= 7891757))

table 3 : explain SELECT k, c FROM sbtest3 WHERE k BETWEEN 7891657 AND 7891757
	Bitmap Heap Scan on sbtest3  (cost=5.47..405.13 rows=101 width=125)
	  Recheck Cond: ((k >= 7891657) AND (k <= 7891757))
	  ->  Bitmap Index Scan on k_3  (cost=0.00..5.44 rows=101 width=0)
	        Index Cond: ((k >= 7891657) AND (k <= 7891757))

table 4 : explain SELECT k, c FROM sbtest4 WHERE k BETWEEN 7891657 AND 7891757
	Bitmap Heap Scan on sbtest4  (cost=5.41..381.49 rows=95 width=125)
	  Recheck Cond: ((k >= 7891657) AND (k <= 7891757))
	  ->  Bitmap Index Scan on k_4  (cost=0.00..5.38 rows=95 width=0)
	        Index Cond: ((k >= 7891657) AND (k <= 7891757))

table 5 : explain SELECT k, c FROM sbtest5 WHERE k BETWEEN 7891657 AND 7891757
	Bitmap Heap Scan on sbtest5  (cost=5.51..420.88 rows=105 width=125)
	  Recheck Cond: ((k >= 7891657) AND (k <= 7891757))
	  ->  Bitmap Index Scan on k_5  (cost=0.00..5.48 rows=105 width=0)
	        Index Cond: ((k >= 7891657) AND (k <= 7891757))

table 6 : explain SELECT k, c FROM sbtest6 WHERE k BETWEEN 7891657 AND 7891757
	Bitmap Heap Scan on sbtest6  (cost=5.52..424.81 rows=106 width=125)
	  Recheck Cond: ((k >= 7891657) AND (k <= 7891757))
	  ->  Bitmap Index Scan on k_6  (cost=0.00..5.50 rows=106 width=0)
	        Index Cond: ((k >= 7891657) AND (k <= 7891757))

table 7 : explain SELECT k, c FROM sbtest7 WHERE k BETWEEN 7891657 AND 7891757
	Bitmap Heap Scan on sbtest7  (cost=5.44..393.31 rows=98 width=125)
	  Recheck Cond: ((k >= 7891657) AND (k <= 7891757))
	  ->  Bitmap Index Scan on k_7  (cost=0.00..5.42 rows=98 width=0)
	        Index Cond: ((k >= 7891657) AND (k <= 7891757))

table 8 : explain SELECT k, c FROM sbtest8 WHERE k BETWEEN 7891657 AND 7891757
	Bitmap Heap Scan on sbtest8  (cost=5.45..397.25 rows=99 width=125)
	  Recheck Cond: ((k >= 7891657) AND (k <= 7891757))
	  ->  Bitmap Index Scan on k_8  (cost=0.00..5.42 rows=99 width=0)
	        Index Cond: ((k >= 7891657) AND (k <= 7891757))

explain: for range-notcovered :: explain SELECT k, c FROM sbtest%d WHERE k BETWEEN 6423839 AND 6423939
explain: for range-notcovered :: explain SELECT k, c FROM sbtest%d WHERE k BETWEEN 7891657 AND 7891757
for range-notcovered
table 1 : explain SELECT k, c FROM sbtest1 WHERE k BETWEEN 5414922 AND 5415022
	Bitmap Heap Scan on sbtest1  (cost=5.45..397.25 rows=99 width=125)
	  Recheck Cond: ((k >= 5414922) AND (k <= 5415022))
	  ->  Bitmap Index Scan on k_1  (cost=0.00..5.42 rows=99 width=0)
	        Index Cond: ((k >= 5414922) AND (k <= 5415022))

table 2 : explain SELECT k, c FROM sbtest2 WHERE k BETWEEN 5414922 AND 5415022
	Bitmap Heap Scan on sbtest2  (cost=5.59..452.36 rows=113 width=125)
	  Recheck Cond: ((k >= 5414922) AND (k <= 5415022))
	  ->  Bitmap Index Scan on k_2  (cost=0.00..5.56 rows=113 width=0)
	        Index Cond: ((k >= 5414922) AND (k <= 5415022))

table 3 : explain SELECT k, c FROM sbtest3 WHERE k BETWEEN 5414922 AND 5415022
	Bitmap Heap Scan on sbtest3  (cost=5.43..389.37 rows=97 width=125)
	  Recheck Cond: ((k >= 5414922) AND (k <= 5415022))
	  ->  Bitmap Index Scan on k_3  (cost=0.00..5.40 rows=97 width=0)
	        Index Cond: ((k >= 5414922) AND (k <= 5415022))

table 4 : explain SELECT k, c FROM sbtest4 WHERE k BETWEEN 5414922 AND 5415022
	Bitmap Heap Scan on sbtest4  (cost=5.46..401.19 rows=100 width=125)
	  Recheck Cond: ((k >= 5414922) AND (k <= 5415022))
	  ->  Bitmap Index Scan on k_4  (cost=0.00..5.43 rows=100 width=0)
	        Index Cond: ((k >= 5414922) AND (k <= 5415022))

table 5 : explain SELECT k, c FROM sbtest5 WHERE k BETWEEN 5414922 AND 5415022
	Bitmap Heap Scan on sbtest5  (cost=5.51..420.88 rows=105 width=125)
	  Recheck Cond: ((k >= 5414922) AND (k <= 5415022))
	  ->  Bitmap Index Scan on k_5  (cost=0.00..5.48 rows=105 width=0)
	        Index Cond: ((k >= 5414922) AND (k <= 5415022))

table 6 : explain SELECT k, c FROM sbtest6 WHERE k BETWEEN 5414922 AND 5415022
	Bitmap Heap Scan on sbtest6  (cost=5.45..397.25 rows=99 width=125)
	  Recheck Cond: ((k >= 5414922) AND (k <= 5415022))
	  ->  Bitmap Index Scan on k_6  (cost=0.00..5.42 rows=99 width=0)
	        Index Cond: ((k >= 5414922) AND (k <= 5415022))

table 7 : explain SELECT k, c FROM sbtest7 WHERE k BETWEEN 5414922 AND 5415022
	Bitmap Heap Scan on sbtest7  (cost=5.48..409.07 rows=102 width=125)
	  Recheck Cond: ((k >= 5414922) AND (k <= 5415022))
	  ->  Bitmap Index Scan on k_7  (cost=0.00..5.45 rows=102 width=0)
	        Index Cond: ((k >= 5414922) AND (k <= 5415022))

table 8 : explain SELECT k, c FROM sbtest8 WHERE k BETWEEN 5414922 AND 5415022
	Bitmap Heap Scan on sbtest8  (cost=5.59..452.36 rows=113 width=125)
	  Recheck Cond: ((k >= 5414922) AND (k <= 5415022))
	  ->  Bitmap Index Scan on k_8  (cost=0.00..5.56 rows=113 width=0)
	        Index Cond: ((k >= 5414922) AND (k <= 5415022))

explain: for range-notcovered :: explain SELECT k, c FROM sbtest%d WHERE k BETWEEN 5414922 AND 5415022
for range-notcovered
table 1 : explain SELECT k, c FROM sbtest1 WHERE k BETWEEN 4739637 AND 4739737
	Bitmap Heap Scan on sbtest1  (cost=5.50..416.94 rows=104 width=125)
	  Recheck Cond: ((k >= 4739637) AND (k <= 4739737))
	  ->  Bitmap Index Scan on k_1  (cost=0.00..5.47 rows=104 width=0)
	        Index Cond: ((k >= 4739637) AND (k <= 4739737))

table 2 : explain SELECT k, c FROM sbtest2 WHERE k BETWEEN 4739637 AND 4739737
	Bitmap Heap Scan on sbtest2  (cost=5.55..436.62 rows=109 width=125)
	  Recheck Cond: ((k >= 4739637) AND (k <= 4739737))
	  ->  Bitmap Index Scan on k_2  (cost=0.00..5.52 rows=109 width=0)
	        Index Cond: ((k >= 4739637) AND (k <= 4739737))

table 3 : explain SELECT k, c FROM sbtest3 WHERE k BETWEEN 4739637 AND 4739737
	Bitmap Heap Scan on sbtest3  (cost=5.53..428.75 rows=107 width=125)
	  Recheck Cond: ((k >= 4739637) AND (k <= 4739737))
	  ->  Bitmap Index Scan on k_3  (cost=0.00..5.50 rows=107 width=0)
	        Index Cond: ((k >= 4739637) AND (k <= 4739737))

table 4 : explain SELECT k, c FROM sbtest4 WHERE k BETWEEN 4739637 AND 4739737
	Bitmap Heap Scan on sbtest4  (cost=5.43..389.37 rows=97 width=125)
	  Recheck Cond: ((k >= 4739637) AND (k <= 4739737))
	  ->  Bitmap Index Scan on k_4  (cost=0.00..5.40 rows=97 width=0)
	        Index Cond: ((k >= 4739637) AND (k <= 4739737))

table 5 : explain SELECT k, c FROM sbtest5 WHERE k BETWEEN 4739637 AND 4739737
	Bitmap Heap Scan on sbtest5  (cost=5.52..424.81 rows=106 width=125)
	  Recheck Cond: ((k >= 4739637) AND (k <= 4739737))
	  ->  Bitmap Index Scan on k_5  (cost=0.00..5.50 rows=106 width=0)
	        Index Cond: ((k >= 4739637) AND (k <= 4739737))

table 6 : explain SELECT k, c FROM sbtest6 WHERE k BETWEEN 4739637 AND 4739737
	Bitmap Heap Scan on sbtest6  (cost=5.48..409.07 rows=102 width=125)
	  Recheck Cond: ((k >= 4739637) AND (k <= 4739737))
	  ->  Bitmap Index Scan on k_6  (cost=0.00..5.45 rows=102 width=0)
	        Index Cond: ((k >= 4739637) AND (k <= 4739737))

table 7 : explain SELECT k, c FROM sbtest7 WHERE k BETWEEN 4739637 AND 4739737
	Bitmap Heap Scan on sbtest7  (cost=5.38..369.67 rows=92 width=125)
	  Recheck Cond: ((k >= 4739637) AND (k <= 4739737))
	  ->  Bitmap Index Scan on k_7  (cost=0.00..5.35 rows=92 width=0)
	        Index Cond: ((k >= 4739637) AND (k <= 4739737))

table 8 : explain SELECT k, c FROM sbtest8 WHERE k BETWEEN 4739637 AND 4739737
	Bitmap Heap Scan on sbtest8  (cost=5.39..373.61 rows=93 width=125)
	  Recheck Cond: ((k >= 4739637) AND (k <= 4739737))
	  ->  Bitmap Index Scan on k_8  (cost=0.00..5.36 rows=93 width=0)
	        Index Cond: ((k >= 4739637) AND (k <= 4739737))

for range-notcovered
table 1 : explain SELECT k, c FROM sbtest1 WHERE k BETWEEN 6423839 AND 6423939
	Bitmap Heap Scan on sbtest1  (cost=5.54..432.69 rows=108 width=125)
	  Recheck Cond: ((k >= 6423839) AND (k <= 6423939))
	  ->  Bitmap Index Scan on k_1  (cost=0.00..5.51 rows=108 width=0)
	        Index Cond: ((k >= 6423839) AND (k <= 6423939))

table 2 : explain SELECT k, c FROM sbtest2 WHERE k BETWEEN 6423839 AND 6423939
	Bitmap Heap Scan on sbtest2  (cost=5.46..401.19 rows=100 width=125)
	  Recheck Cond: ((k >= 6423839) AND (k <= 6423939))
	  ->  Bitmap Index Scan on k_2  (cost=0.00..5.43 rows=100 width=0)
	        Index Cond: ((k >= 6423839) AND (k <= 6423939))

table 3 : explain SELECT k, c FROM sbtest3 WHERE k BETWEEN 6423839 AND 6423939
	Bitmap Heap Scan on sbtest3  (cost=5.42..385.43 rows=96 width=125)
	  Recheck Cond: ((k >= 6423839) AND (k <= 6423939))
	  ->  Bitmap Index Scan on k_3  (cost=0.00..5.39 rows=96 width=0)
	        Index Cond: ((k >= 6423839) AND (k <= 6423939))

table 4 : explain SELECT k, c FROM sbtest4 WHERE k BETWEEN 6423839 AND 6423939
	Bitmap Heap Scan on sbtest4  (cost=5.46..401.19 rows=100 width=125)
	  Recheck Cond: ((k >= 6423839) AND (k <= 6423939))
	  ->  Bitmap Index Scan on k_4  (cost=0.00..5.43 rows=100 width=0)
	        Index Cond: ((k >= 6423839) AND (k <= 6423939))

table 5 : explain SELECT k, c FROM sbtest5 WHERE k BETWEEN 6423839 AND 6423939
	Bitmap Heap Scan on sbtest5  (cost=5.53..428.75 rows=107 width=125)
	  Recheck Cond: ((k >= 6423839) AND (k <= 6423939))
	  ->  Bitmap Index Scan on k_5  (cost=0.00..5.50 rows=107 width=0)
	        Index Cond: ((k >= 6423839) AND (k <= 6423939))

table 6 : explain SELECT k, c FROM sbtest6 WHERE k BETWEEN 6423839 AND 6423939
	Bitmap Heap Scan on sbtest6  (cost=5.48..409.07 rows=102 width=125)
	  Recheck Cond: ((k >= 6423839) AND (k <= 6423939))
	  ->  Bitmap Index Scan on k_6  (cost=0.00..5.45 rows=102 width=0)
	        Index Cond: ((k >= 6423839) AND (k <= 6423939))

table 7 : explain SELECT k, c FROM sbtest7 WHERE k BETWEEN 6423839 AND 6423939
	Bitmap Heap Scan on sbtest7  (cost=5.55..436.62 rows=109 width=125)
	  Recheck Cond: ((k >= 6423839) AND (k <= 6423939))
	  ->  Bitmap Index Scan on k_7  (cost=0.00..5.52 rows=109 width=0)
	        Index Cond: ((k >= 6423839) AND (k <= 6423939))

table 8 : explain SELECT k, c FROM sbtest8 WHERE k BETWEEN 6423839 AND 6423939
	Bitmap Heap Scan on sbtest8  (cost=5.42..385.43 rows=96 width=125)
	  Recheck Cond: ((k >= 6423839) AND (k <= 6423939))
	  ->  Bitmap Index Scan on k_8  (cost=0.00..5.39 rows=96 width=0)
	        Index Cond: ((k >= 6423839) AND (k <= 6423939))

explain: for range-notcovered :: explain SELECT k, c FROM sbtest%d WHERE k BETWEEN 6423839 AND 6423939
for range-notcovered
table 1 : explain SELECT k, c FROM sbtest1 WHERE k BETWEEN 4517236 AND 4517336
	Bitmap Heap Scan on sbtest1  (cost=5.49..413.00 rows=103 width=125)
	  Recheck Cond: ((k >= 4517236) AND (k <= 4517336))
	  ->  Bitmap Index Scan on k_1  (cost=0.00..5.46 rows=103 width=0)
	        Index Cond: ((k >= 4517236) AND (k <= 4517336))

table 2 : explain SELECT k, c FROM sbtest2 WHERE k BETWEEN 4517236 AND 4517336
	Bitmap Heap Scan on sbtest2  (cost=5.47..405.13 rows=101 width=125)
	  Recheck Cond: ((k >= 4517236) AND (k <= 4517336))
	  ->  Bitmap Index Scan on k_2  (cost=0.00..5.44 rows=101 width=0)
	        Index Cond: ((k >= 4517236) AND (k <= 4517336))

table 3 : explain SELECT k, c FROM sbtest3 WHERE k BETWEEN 4517236 AND 4517336
	Bitmap Heap Scan on sbtest3  (cost=5.43..389.37 rows=97 width=125)
	  Recheck Cond: ((k >= 4517236) AND (k <= 4517336))
	  ->  Bitmap Index Scan on k_3  (cost=0.00..5.40 rows=97 width=0)
	        Index Cond: ((k >= 4517236) AND (k <= 4517336))

table 4 : explain SELECT k, c FROM sbtest4 WHERE k BETWEEN 4517236 AND 4517336
	Bitmap Heap Scan on sbtest4  (cost=5.54..432.69 rows=108 width=125)
	  Recheck Cond: ((k >= 4517236) AND (k <= 4517336))
	  ->  Bitmap Index Scan on k_4  (cost=0.00..5.51 rows=108 width=0)
	        Index Cond: ((k >= 4517236) AND (k <= 4517336))

table 5 : explain SELECT k, c FROM sbtest5 WHERE k BETWEEN 4517236 AND 4517336
	Bitmap Heap Scan on sbtest5  (cost=5.45..397.25 rows=99 width=125)
	  Recheck Cond: ((k >= 4517236) AND (k <= 4517336))
	  ->  Bitmap Index Scan on k_5  (cost=0.00..5.42 rows=99 width=0)
	        Index Cond: ((k >= 4517236) AND (k <= 4517336))

table 6 : explain SELECT k, c FROM sbtest6 WHERE k BETWEEN 4517236 AND 4517336
	Bitmap Heap Scan on sbtest6  (cost=5.43..389.37 rows=97 width=125)
	  Recheck Cond: ((k >= 4517236) AND (k <= 4517336))
	  ->  Bitmap Index Scan on k_6  (cost=0.00..5.40 rows=97 width=0)
	        Index Cond: ((k >= 4517236) AND (k <= 4517336))

table 7 : explain SELECT k, c FROM sbtest7 WHERE k BETWEEN 4517236 AND 4517336
	Bitmap Heap Scan on sbtest7  (cost=5.47..405.13 rows=101 width=125)
	  Recheck Cond: ((k >= 4517236) AND (k <= 4517336))
	  ->  Bitmap Index Scan on k_7  (cost=0.00..5.44 rows=101 width=0)
	        Index Cond: ((k >= 4517236) AND (k <= 4517336))

table 8 : explain SELECT k, c FROM sbtest8 WHERE k BETWEEN 4517236 AND 4517336
	Bitmap Heap Scan on sbtest8  (cost=5.50..416.94 rows=104 width=125)
	  Recheck Cond: ((k >= 4517236) AND (k <= 4517336))
	  ->  Bitmap Index Scan on k_8  (cost=0.00..5.47 rows=104 width=0)
	        Index Cond: ((k >= 4517236) AND (k <= 4517336))

for range-notcovered
table 1 : explain SELECT k, c FROM sbtest1 WHERE k BETWEEN 4398093 AND 4398193
	Bitmap Heap Scan on sbtest1  (cost=5.47..405.13 rows=101 width=125)
	  Recheck Cond: ((k >= 4398093) AND (k <= 4398193))
	  ->  Bitmap Index Scan on k_1  (cost=0.00..5.44 rows=101 width=0)
	        Index Cond: ((k >= 4398093) AND (k <= 4398193))

table 2 : explain SELECT k, c FROM sbtest2 WHERE k BETWEEN 4398093 AND 4398193
	Bitmap Heap Scan on sbtest2  (cost=5.49..413.00 rows=103 width=125)
	  Recheck Cond: ((k >= 4398093) AND (k <= 4398193))
	  ->  Bitmap Index Scan on k_2  (cost=0.00..5.46 rows=103 width=0)
	        Index Cond: ((k >= 4398093) AND (k <= 4398193))

table 3 : explain SELECT k, c FROM sbtest3 WHERE k BETWEEN 4398093 AND 4398193
	Bitmap Heap Scan on sbtest3  (cost=5.49..413.00 rows=103 width=125)
	  Recheck Cond: ((k >= 4398093) AND (k <= 4398193))
	  ->  Bitmap Index Scan on k_3  (cost=0.00..5.46 rows=103 width=0)
	        Index Cond: ((k >= 4398093) AND (k <= 4398193))

table 4 : explain SELECT k, c FROM sbtest4 WHERE k BETWEEN 4398093 AND 4398193
	Bitmap Heap Scan on sbtest4  (cost=5.47..405.13 rows=101 width=125)
	  Recheck Cond: ((k >= 4398093) AND (k <= 4398193))
	  ->  Bitmap Index Scan on k_4  (cost=0.00..5.44 rows=101 width=0)
	        Index Cond: ((k >= 4398093) AND (k <= 4398193))

table 5 : explain SELECT k, c FROM sbtest5 WHERE k BETWEEN 4398093 AND 4398193
	Bitmap Heap Scan on sbtest5  (cost=5.43..389.37 rows=97 width=125)
	  Recheck Cond: ((k >= 4398093) AND (k <= 4398193))
	  ->  Bitmap Index Scan on k_5  (cost=0.00..5.40 rows=97 width=0)
	        Index Cond: ((k >= 4398093) AND (k <= 4398193))

table 6 : explain SELECT k, c FROM sbtest6 WHERE k BETWEEN 4398093 AND 4398193
	Bitmap Heap Scan on sbtest6  (cost=5.50..416.94 rows=104 width=125)
	  Recheck Cond: ((k >= 4398093) AND (k <= 4398193))
	  ->  Bitmap Index Scan on k_6  (cost=0.00..5.47 rows=104 width=0)
	        Index Cond: ((k >= 4398093) AND (k <= 4398193))

table 7 : explain SELECT k, c FROM sbtest7 WHERE k BETWEEN 4398093 AND 4398193
	Bitmap Heap Scan on sbtest7  (cost=5.47..405.13 rows=101 width=125)
	  Recheck Cond: ((k >= 4398093) AND (k <= 4398193))
	  ->  Bitmap Index Scan on k_7  (cost=0.00..5.44 rows=101 width=0)
	        Index Cond: ((k >= 4398093) AND (k <= 4398193))

table 8 : explain SELECT k, c FROM sbtest8 WHERE k BETWEEN 4398093 AND 4398193
	Bitmap Heap Scan on sbtest8  (cost=5.48..409.07 rows=102 width=125)
	  Recheck Cond: ((k >= 4398093) AND (k <= 4398193))
	  ->  Bitmap Index Scan on k_8  (cost=0.00..5.45 rows=102 width=0)
	        Index Cond: ((k >= 4398093) AND (k <= 4398193))

explain: for range-notcovered :: explain SELECT k, c FROM sbtest%d WHERE k BETWEEN 4517236 AND 4517336
explain: for range-notcovered :: explain SELECT k, c FROM sbtest%d WHERE k BETWEEN 4398093 AND 4398193
for range-notcovered
table 1 : explain SELECT k, c FROM sbtest1 WHERE k BETWEEN 5414922 AND 5415022
	Bitmap Heap Scan on sbtest1  (cost=5.45..397.25 rows=99 width=125)
	  Recheck Cond: ((k >= 5414922) AND (k <= 5415022))
	  ->  Bitmap Index Scan on k_1  (cost=0.00..5.42 rows=99 width=0)
	        Index Cond: ((k >= 5414922) AND (k <= 5415022))

table 2 : explain SELECT k, c FROM sbtest2 WHERE k BETWEEN 5414922 AND 5415022
	Bitmap Heap Scan on sbtest2  (cost=5.59..452.36 rows=113 width=125)
	  Recheck Cond: ((k >= 5414922) AND (k <= 5415022))
	  ->  Bitmap Index Scan on k_2  (cost=0.00..5.56 rows=113 width=0)
	        Index Cond: ((k >= 5414922) AND (k <= 5415022))

table 3 : explain SELECT k, c FROM sbtest3 WHERE k BETWEEN 5414922 AND 5415022
	Bitmap Heap Scan on sbtest3  (cost=5.43..389.37 rows=97 width=125)
	  Recheck Cond: ((k >= 5414922) AND (k <= 5415022))
	  ->  Bitmap Index Scan on k_3  (cost=0.00..5.40 rows=97 width=0)
	        Index Cond: ((k >= 5414922) AND (k <= 5415022))

table 4 : explain SELECT k, c FROM sbtest4 WHERE k BETWEEN 5414922 AND 5415022
	Bitmap Heap Scan on sbtest4  (cost=5.46..401.19 rows=100 width=125)
	  Recheck Cond: ((k >= 5414922) AND (k <= 5415022))
	  ->  Bitmap Index Scan on k_4  (cost=0.00..5.43 rows=100 width=0)
	        Index Cond: ((k >= 5414922) AND (k <= 5415022))

table 5 : explain SELECT k, c FROM sbtest5 WHERE k BETWEEN 5414922 AND 5415022
	Bitmap Heap Scan on sbtest5  (cost=5.51..420.88 rows=105 width=125)
	  Recheck Cond: ((k >= 5414922) AND (k <= 5415022))
	  ->  Bitmap Index Scan on k_5  (cost=0.00..5.48 rows=105 width=0)
	        Index Cond: ((k >= 5414922) AND (k <= 5415022))

table 6 : explain SELECT k, c FROM sbtest6 WHERE k BETWEEN 5414922 AND 5415022
	Bitmap Heap Scan on sbtest6  (cost=5.45..397.25 rows=99 width=125)
	  Recheck Cond: ((k >= 5414922) AND (k <= 5415022))
	  ->  Bitmap Index Scan on k_6  (cost=0.00..5.42 rows=99 width=0)
	        Index Cond: ((k >= 5414922) AND (k <= 5415022))

table 7 : explain SELECT k, c FROM sbtest7 WHERE k BETWEEN 5414922 AND 5415022
	Bitmap Heap Scan on sbtest7  (cost=5.48..409.07 rows=102 width=125)
	  Recheck Cond: ((k >= 5414922) AND (k <= 5415022))
	  ->  Bitmap Index Scan on k_7  (cost=0.00..5.45 rows=102 width=0)
	        Index Cond: ((k >= 5414922) AND (k <= 5415022))

table 8 : explain SELECT k, c FROM sbtest8 WHERE k BETWEEN 5414922 AND 5415022
	Bitmap Heap Scan on sbtest8  (cost=5.59..452.36 rows=113 width=125)
	  Recheck Cond: ((k >= 5414922) AND (k <= 5415022))
	  ->  Bitmap Index Scan on k_8  (cost=0.00..5.56 rows=113 width=0)
	        Index Cond: ((k >= 5414922) AND (k <= 5415022))

explain: for range-notcovered :: explain SELECT k, c FROM sbtest%d WHERE k BETWEEN 5414922 AND 5415022
for range-notcovered
table 1 : explain SELECT k, c FROM sbtest1 WHERE k BETWEEN 4761024 AND 4761124
	Bitmap Heap Scan on sbtest1  (cost=5.50..416.94 rows=104 width=125)
	  Recheck Cond: ((k >= 4761024) AND (k <= 4761124))
	  ->  Bitmap Index Scan on k_1  (cost=0.00..5.47 rows=104 width=0)
	        Index Cond: ((k >= 4761024) AND (k <= 4761124))

table 2 : explain SELECT k, c FROM sbtest2 WHERE k BETWEEN 4761024 AND 4761124
	Bitmap Heap Scan on sbtest2  (cost=5.55..436.62 rows=109 width=125)
	  Recheck Cond: ((k >= 4761024) AND (k <= 4761124))
	  ->  Bitmap Index Scan on k_2  (cost=0.00..5.52 rows=109 width=0)
	        Index Cond: ((k >= 4761024) AND (k <= 4761124))

table 3 : explain SELECT k, c FROM sbtest3 WHERE k BETWEEN 4761024 AND 4761124
	Bitmap Heap Scan on sbtest3  (cost=5.53..428.75 rows=107 width=125)
	  Recheck Cond: ((k >= 4761024) AND (k <= 4761124))
	  ->  Bitmap Index Scan on k_3  (cost=0.00..5.50 rows=107 width=0)
	        Index Cond: ((k >= 4761024) AND (k <= 4761124))

table 4 : explain SELECT k, c FROM sbtest4 WHERE k BETWEEN 4761024 AND 4761124
	Bitmap Heap Scan on sbtest4  (cost=5.47..405.13 rows=101 width=125)
	  Recheck Cond: ((k >= 4761024) AND (k <= 4761124))
	  ->  Bitmap Index Scan on k_4  (cost=0.00..5.44 rows=101 width=0)
	        Index Cond: ((k >= 4761024) AND (k <= 4761124))

table 5 : explain SELECT k, c FROM sbtest5 WHERE k BETWEEN 4761024 AND 4761124
	Bitmap Heap Scan on sbtest5  (cost=5.52..424.81 rows=106 width=125)
	  Recheck Cond: ((k >= 4761024) AND (k <= 4761124))
	  ->  Bitmap Index Scan on k_5  (cost=0.00..5.50 rows=106 width=0)
	        Index Cond: ((k >= 4761024) AND (k <= 4761124))

table 6 : explain SELECT k, c FROM sbtest6 WHERE k BETWEEN 4761024 AND 4761124
	Bitmap Heap Scan on sbtest6  (cost=5.48..409.07 rows=102 width=125)
	  Recheck Cond: ((k >= 4761024) AND (k <= 4761124))
	  ->  Bitmap Index Scan on k_6  (cost=0.00..5.45 rows=102 width=0)
	        Index Cond: ((k >= 4761024) AND (k <= 4761124))

table 7 : explain SELECT k, c FROM sbtest7 WHERE k BETWEEN 4761024 AND 4761124
	Bitmap Heap Scan on sbtest7  (cost=5.38..369.67 rows=92 width=125)
	  Recheck Cond: ((k >= 4761024) AND (k <= 4761124))
	  ->  Bitmap Index Scan on k_7  (cost=0.00..5.35 rows=92 width=0)
	        Index Cond: ((k >= 4761024) AND (k <= 4761124))

table 8 : explain SELECT k, c FROM sbtest8 WHERE k BETWEEN 4761024 AND 4761124
	Bitmap Heap Scan on sbtest8  (cost=5.39..373.61 rows=93 width=125)
	  Recheck Cond: ((k >= 4761024) AND (k <= 4761124))
	  ->  Bitmap Index Scan on k_8  (cost=0.00..5.36 rows=93 width=0)
	        Index Cond: ((k >= 4761024) AND (k <= 4761124))

for range-notcovered
table 1 : explain SELECT k, c FROM sbtest1 WHERE k BETWEEN 6423839 AND 6423939
	Bitmap Heap Scan on sbtest1  (cost=5.54..432.69 rows=108 width=125)
	  Recheck Cond: ((k >= 6423839) AND (k <= 6423939))
	  ->  Bitmap Index Scan on k_1  (cost=0.00..5.51 rows=108 width=0)
	        Index Cond: ((k >= 6423839) AND (k <= 6423939))

table 2 : explain SELECT k, c FROM sbtest2 WHERE k BETWEEN 6423839 AND 6423939
	Bitmap Heap Scan on sbtest2  (cost=5.46..401.19 rows=100 width=125)
	  Recheck Cond: ((k >= 6423839) AND (k <= 6423939))
	  ->  Bitmap Index Scan on k_2  (cost=0.00..5.43 rows=100 width=0)
	        Index Cond: ((k >= 6423839) AND (k <= 6423939))

table 3 : explain SELECT k, c FROM sbtest3 WHERE k BETWEEN 6423839 AND 6423939
	Bitmap Heap Scan on sbtest3  (cost=5.42..385.43 rows=96 width=125)
	  Recheck Cond: ((k >= 6423839) AND (k <= 6423939))
	  ->  Bitmap Index Scan on k_3  (cost=0.00..5.39 rows=96 width=0)
	        Index Cond: ((k >= 6423839) AND (k <= 6423939))

table 4 : explain SELECT k, c FROM sbtest4 WHERE k BETWEEN 6423839 AND 6423939
	Bitmap Heap Scan on sbtest4  (cost=5.46..401.19 rows=100 width=125)
	  Recheck Cond: ((k >= 6423839) AND (k <= 6423939))
	  ->  Bitmap Index Scan on k_4  (cost=0.00..5.43 rows=100 width=0)
	        Index Cond: ((k >= 6423839) AND (k <= 6423939))

table 5 : explain SELECT k, c FROM sbtest5 WHERE k BETWEEN 6423839 AND 6423939
	Bitmap Heap Scan on sbtest5  (cost=5.53..428.75 rows=107 width=125)
	  Recheck Cond: ((k >= 6423839) AND (k <= 6423939))
	  ->  Bitmap Index Scan on k_5  (cost=0.00..5.50 rows=107 width=0)
	        Index Cond: ((k >= 6423839) AND (k <= 6423939))

table 6 : explain SELECT k, c FROM sbtest6 WHERE k BETWEEN 6423839 AND 6423939
	Bitmap Heap Scan on sbtest6  (cost=5.48..409.07 rows=102 width=125)
	  Recheck Cond: ((k >= 6423839) AND (k <= 6423939))
	  ->  Bitmap Index Scan on k_6  (cost=0.00..5.45 rows=102 width=0)
	        Index Cond: ((k >= 6423839) AND (k <= 6423939))

table 7 : explain SELECT k, c FROM sbtest7 WHERE k BETWEEN 6423839 AND 6423939
	Bitmap Heap Scan on sbtest7  (cost=5.55..436.62 rows=109 width=125)
	  Recheck Cond: ((k >= 6423839) AND (k <= 6423939))
	  ->  Bitmap Index Scan on k_7  (cost=0.00..5.52 rows=109 width=0)
	        Index Cond: ((k >= 6423839) AND (k <= 6423939))

table 8 : explain SELECT k, c FROM sbtest8 WHERE k BETWEEN 6423839 AND 6423939
	Bitmap Heap Scan on sbtest8  (cost=5.42..385.43 rows=96 width=125)
	  Recheck Cond: ((k >= 6423839) AND (k <= 6423939))
	  ->  Bitmap Index Scan on k_8  (cost=0.00..5.39 rows=96 width=0)
	        Index Cond: ((k >= 6423839) AND (k <= 6423939))

for range-notcovered
table 1 : explain SELECT k, c FROM sbtest1 WHERE k BETWEEN 5553466 AND 5553566
	Bitmap Heap Scan on sbtest1  (cost=5.39..373.61 rows=93 width=125)
	  Recheck Cond: ((k >= 5553466) AND (k <= 5553566))
	  ->  Bitmap Index Scan on k_1  (cost=0.00..5.36 rows=93 width=0)
	        Index Cond: ((k >= 5553466) AND (k <= 5553566))

table 2 : explain SELECT k, c FROM sbtest2 WHERE k BETWEEN 5553466 AND 5553566
	Bitmap Heap Scan on sbtest2  (cost=5.47..405.13 rows=101 width=125)
	  Recheck Cond: ((k >= 5553466) AND (k <= 5553566))
	  ->  Bitmap Index Scan on k_2  (cost=0.00..5.44 rows=101 width=0)
	        Index Cond: ((k >= 5553466) AND (k <= 5553566))

table 3 : explain SELECT k, c FROM sbtest3 WHERE k BETWEEN 5553466 AND 5553566
	Bitmap Heap Scan on sbtest3  (cost=5.51..420.88 rows=105 width=125)
	  Recheck Cond: ((k >= 5553466) AND (k <= 5553566))
	  ->  Bitmap Index Scan on k_3  (cost=0.00..5.48 rows=105 width=0)
	        Index Cond: ((k >= 5553466) AND (k <= 5553566))

table 4 : explain SELECT k, c FROM sbtest4 WHERE k BETWEEN 5553466 AND 5553566
	Bitmap Heap Scan on sbtest4  (cost=5.52..424.81 rows=106 width=125)
	  Recheck Cond: ((k >= 5553466) AND (k <= 5553566))
	  ->  Bitmap Index Scan on k_4  (cost=0.00..5.50 rows=106 width=0)
	        Index Cond: ((k >= 5553466) AND (k <= 5553566))

table 5 : explain SELECT k, c FROM sbtest5 WHERE k BETWEEN 5553466 AND 5553566
	Bitmap Heap Scan on sbtest5  (cost=5.42..385.43 rows=96 width=125)
	  Recheck Cond: ((k >= 5553466) AND (k <= 5553566))
	  ->  Bitmap Index Scan on k_5  (cost=0.00..5.39 rows=96 width=0)
	        Index Cond: ((k >= 5553466) AND (k <= 5553566))

table 6 : explain SELECT k, c FROM sbtest6 WHERE k BETWEEN 5553466 AND 5553566
	Bitmap Heap Scan on sbtest6  (cost=5.47..405.13 rows=101 width=125)
	  Recheck Cond: ((k >= 5553466) AND (k <= 5553566))
	  ->  Bitmap Index Scan on k_6  (cost=0.00..5.44 rows=101 width=0)
	        Index Cond: ((k >= 5553466) AND (k <= 5553566))

table 7 : explain SELECT k, c FROM sbtest7 WHERE k BETWEEN 5553466 AND 5553566
	Bitmap Heap Scan on sbtest7  (cost=5.39..373.61 rows=93 width=125)
	  Recheck Cond: ((k >= 5553466) AND (k <= 5553566))
	  ->  Bitmap Index Scan on k_7  (cost=0.00..5.36 rows=93 width=0)
	        Index Cond: ((k >= 5553466) AND (k <= 5553566))

table 8 : explain SELECT k, c FROM sbtest8 WHERE k BETWEEN 5553466 AND 5553566
	Bitmap Heap Scan on sbtest8  (cost=5.48..409.07 rows=102 width=125)
	  Recheck Cond: ((k >= 5553466) AND (k <= 5553566))
	  ->  Bitmap Index Scan on k_8  (cost=0.00..5.45 rows=102 width=0)
	        Index Cond: ((k >= 5553466) AND (k <= 5553566))

explain: for range-notcovered :: explain SELECT k, c FROM sbtest%d WHERE k BETWEEN 4761024 AND 4761124
explain: for range-notcovered :: explain SELECT k, c FROM sbtest%d WHERE k BETWEEN 5553466 AND 5553566
for range-notcovered
table 1 : explain SELECT k, c FROM sbtest1 WHERE k BETWEEN 7891657 AND 7891757
	Bitmap Heap Scan on sbtest1  (cost=5.38..369.67 rows=92 width=125)
	  Recheck Cond: ((k >= 7891657) AND (k <= 7891757))
	  ->  Bitmap Index Scan on k_1  (cost=0.00..5.35 rows=92 width=0)
	        Index Cond: ((k >= 7891657) AND (k <= 7891757))

table 2 : explain SELECT k, c FROM sbtest2 WHERE k BETWEEN 7891657 AND 7891757
	Bitmap Heap Scan on sbtest2  (cost=5.41..381.49 rows=95 width=125)
	  Recheck Cond: ((k >= 7891657) AND (k <= 7891757))
	  ->  Bitmap Index Scan on k_2  (cost=0.00..5.38 rows=95 width=0)
	        Index Cond: ((k >= 7891657) AND (k <= 7891757))

table 3 : explain SELECT k, c FROM sbtest3 WHERE k BETWEEN 7891657 AND 7891757
	Bitmap Heap Scan on sbtest3  (cost=5.47..405.13 rows=101 width=125)
	  Recheck Cond: ((k >= 7891657) AND (k <= 7891757))
	  ->  Bitmap Index Scan on k_3  (cost=0.00..5.44 rows=101 width=0)
	        Index Cond: ((k >= 7891657) AND (k <= 7891757))

table 4 : explain SELECT k, c FROM sbtest4 WHERE k BETWEEN 7891657 AND 7891757
	Bitmap Heap Scan on sbtest4  (cost=5.41..381.49 rows=95 width=125)
	  Recheck Cond: ((k >= 7891657) AND (k <= 7891757))
	  ->  Bitmap Index Scan on k_4  (cost=0.00..5.38 rows=95 width=0)
	        Index Cond: ((k >= 7891657) AND (k <= 7891757))

table 5 : explain SELECT k, c FROM sbtest5 WHERE k BETWEEN 7891657 AND 7891757
	Bitmap Heap Scan on sbtest5  (cost=5.51..420.88 rows=105 width=125)
	  Recheck Cond: ((k >= 7891657) AND (k <= 7891757))
	  ->  Bitmap Index Scan on k_5  (cost=0.00..5.48 rows=105 width=0)
	        Index Cond: ((k >= 7891657) AND (k <= 7891757))

table 6 : explain SELECT k, c FROM sbtest6 WHERE k BETWEEN 7891657 AND 7891757
	Bitmap Heap Scan on sbtest6  (cost=5.52..424.81 rows=106 width=125)
	  Recheck Cond: ((k >= 7891657) AND (k <= 7891757))
	  ->  Bitmap Index Scan on k_6  (cost=0.00..5.50 rows=106 width=0)
	        Index Cond: ((k >= 7891657) AND (k <= 7891757))

table 7 : explain SELECT k, c FROM sbtest7 WHERE k BETWEEN 7891657 AND 7891757
	Bitmap Heap Scan on sbtest7  (cost=5.44..393.31 rows=98 width=125)
	  Recheck Cond: ((k >= 7891657) AND (k <= 7891757))
	  ->  Bitmap Index Scan on k_7  (cost=0.00..5.42 rows=98 width=0)
	        Index Cond: ((k >= 7891657) AND (k <= 7891757))

table 8 : explain SELECT k, c FROM sbtest8 WHERE k BETWEEN 7891657 AND 7891757
	Bitmap Heap Scan on sbtest8  (cost=5.45..397.25 rows=99 width=125)
	  Recheck Cond: ((k >= 7891657) AND (k <= 7891757))
	  ->  Bitmap Index Scan on k_8  (cost=0.00..5.42 rows=99 width=0)
	        Index Cond: ((k >= 7891657) AND (k <= 7891757))

explain: for range-notcovered :: explain SELECT k, c FROM sbtest%d WHERE k BETWEEN 7891657 AND 7891757
for range-notcovered
table 1 : explain SELECT k, c FROM sbtest1 WHERE k BETWEEN 5414922 AND 5415022
	Bitmap Heap Scan on sbtest1  (cost=5.45..397.25 rows=99 width=125)
	  Recheck Cond: ((k >= 5414922) AND (k <= 5415022))
	  ->  Bitmap Index Scan on k_1  (cost=0.00..5.42 rows=99 width=0)
	        Index Cond: ((k >= 5414922) AND (k <= 5415022))

table 2 : explain SELECT k, c FROM sbtest2 WHERE k BETWEEN 5414922 AND 5415022
	Bitmap Heap Scan on sbtest2  (cost=5.59..452.36 rows=113 width=125)
	  Recheck Cond: ((k >= 5414922) AND (k <= 5415022))
	  ->  Bitmap Index Scan on k_2  (cost=0.00..5.56 rows=113 width=0)
	        Index Cond: ((k >= 5414922) AND (k <= 5415022))

table 3 : explain SELECT k, c FROM sbtest3 WHERE k BETWEEN 5414922 AND 5415022
	Bitmap Heap Scan on sbtest3  (cost=5.43..389.37 rows=97 width=125)
	  Recheck Cond: ((k >= 5414922) AND (k <= 5415022))
	  ->  Bitmap Index Scan on k_3  (cost=0.00..5.40 rows=97 width=0)
	        Index Cond: ((k >= 5414922) AND (k <= 5415022))

table 4 : explain SELECT k, c FROM sbtest4 WHERE k BETWEEN 5414922 AND 5415022
	Bitmap Heap Scan on sbtest4  (cost=5.46..401.19 rows=100 width=125)
	  Recheck Cond: ((k >= 5414922) AND (k <= 5415022))
	  ->  Bitmap Index Scan on k_4  (cost=0.00..5.43 rows=100 width=0)
	        Index Cond: ((k >= 5414922) AND (k <= 5415022))

table 5 : explain SELECT k, c FROM sbtest5 WHERE k BETWEEN 5414922 AND 5415022
	Bitmap Heap Scan on sbtest5  (cost=5.51..420.88 rows=105 width=125)
	  Recheck Cond: ((k >= 5414922) AND (k <= 5415022))
	  ->  Bitmap Index Scan on k_5  (cost=0.00..5.48 rows=105 width=0)
	        Index Cond: ((k >= 5414922) AND (k <= 5415022))

table 6 : explain SELECT k, c FROM sbtest6 WHERE k BETWEEN 5414922 AND 5415022
	Bitmap Heap Scan on sbtest6  (cost=5.45..397.25 rows=99 width=125)
	  Recheck Cond: ((k >= 5414922) AND (k <= 5415022))
	  ->  Bitmap Index Scan on k_6  (cost=0.00..5.42 rows=99 width=0)
	        Index Cond: ((k >= 5414922) AND (k <= 5415022))

table 7 : explain SELECT k, c FROM sbtest7 WHERE k BETWEEN 5414922 AND 5415022
	Bitmap Heap Scan on sbtest7  (cost=5.48..409.07 rows=102 width=125)
	  Recheck Cond: ((k >= 5414922) AND (k <= 5415022))
	  ->  Bitmap Index Scan on k_7  (cost=0.00..5.45 rows=102 width=0)
	        Index Cond: ((k >= 5414922) AND (k <= 5415022))

table 8 : explain SELECT k, c FROM sbtest8 WHERE k BETWEEN 5414922 AND 5415022
	Bitmap Heap Scan on sbtest8  (cost=5.59..452.36 rows=113 width=125)
	  Recheck Cond: ((k >= 5414922) AND (k <= 5415022))
	  ->  Bitmap Index Scan on k_8  (cost=0.00..5.56 rows=113 width=0)
	        Index Cond: ((k >= 5414922) AND (k <= 5415022))

explain: for range-notcovered :: explain SELECT k, c FROM sbtest%d WHERE k BETWEEN 5414922 AND 5415022
for range-notcovered
table 1 : explain SELECT k, c FROM sbtest1 WHERE k BETWEEN 5553466 AND 5553566
	Bitmap Heap Scan on sbtest1  (cost=5.39..373.61 rows=93 width=125)
	  Recheck Cond: ((k >= 5553466) AND (k <= 5553566))
	  ->  Bitmap Index Scan on k_1  (cost=0.00..5.36 rows=93 width=0)
	        Index Cond: ((k >= 5553466) AND (k <= 5553566))

table 2 : explain SELECT k, c FROM sbtest2 WHERE k BETWEEN 5553466 AND 5553566
	Bitmap Heap Scan on sbtest2  (cost=5.47..405.13 rows=101 width=125)
	  Recheck Cond: ((k >= 5553466) AND (k <= 5553566))
	  ->  Bitmap Index Scan on k_2  (cost=0.00..5.44 rows=101 width=0)
	        Index Cond: ((k >= 5553466) AND (k <= 5553566))

table 3 : explain SELECT k, c FROM sbtest3 WHERE k BETWEEN 5553466 AND 5553566
	Bitmap Heap Scan on sbtest3  (cost=5.51..420.88 rows=105 width=125)
	  Recheck Cond: ((k >= 5553466) AND (k <= 5553566))
	  ->  Bitmap Index Scan on k_3  (cost=0.00..5.48 rows=105 width=0)
	        Index Cond: ((k >= 5553466) AND (k <= 5553566))

table 4 : explain SELECT k, c FROM sbtest4 WHERE k BETWEEN 5553466 AND 5553566
	Bitmap Heap Scan on sbtest4  (cost=5.52..424.81 rows=106 width=125)
	  Recheck Cond: ((k >= 5553466) AND (k <= 5553566))
	  ->  Bitmap Index Scan on k_4  (cost=0.00..5.50 rows=106 width=0)
	        Index Cond: ((k >= 5553466) AND (k <= 5553566))

table 5 : explain SELECT k, c FROM sbtest5 WHERE k BETWEEN 5553466 AND 5553566
	Bitmap Heap Scan on sbtest5  (cost=5.42..385.43 rows=96 width=125)
	  Recheck Cond: ((k >= 5553466) AND (k <= 5553566))
	  ->  Bitmap Index Scan on k_5  (cost=0.00..5.39 rows=96 width=0)
	        Index Cond: ((k >= 5553466) AND (k <= 5553566))

table 6 : explain SELECT k, c FROM sbtest6 WHERE k BETWEEN 5553466 AND 5553566
	Bitmap Heap Scan on sbtest6  (cost=5.47..405.13 rows=101 width=125)
	  Recheck Cond: ((k >= 5553466) AND (k <= 5553566))
	  ->  Bitmap Index Scan on k_6  (cost=0.00..5.44 rows=101 width=0)
	        Index Cond: ((k >= 5553466) AND (k <= 5553566))

table 7 : explain SELECT k, c FROM sbtest7 WHERE k BETWEEN 5553466 AND 5553566
	Bitmap Heap Scan on sbtest7  (cost=5.39..373.61 rows=93 width=125)
	  Recheck Cond: ((k >= 5553466) AND (k <= 5553566))
	  ->  Bitmap Index Scan on k_7  (cost=0.00..5.36 rows=93 width=0)
	        Index Cond: ((k >= 5553466) AND (k <= 5553566))

table 8 : explain SELECT k, c FROM sbtest8 WHERE k BETWEEN 5553466 AND 5553566
	Bitmap Heap Scan on sbtest8  (cost=5.48..409.07 rows=102 width=125)
	  Recheck Cond: ((k >= 5553466) AND (k <= 5553566))
	  ->  Bitmap Index Scan on k_8  (cost=0.00..5.45 rows=102 width=0)
	        Index Cond: ((k >= 5553466) AND (k <= 5553566))

for range-notcovered
table 1 : explain SELECT k, c FROM sbtest1 WHERE k BETWEEN 9305452 AND 9305552
	Bitmap Heap Scan on sbtest1  (cost=5.58..448.42 rows=112 width=125)
	  Recheck Cond: ((k >= 9305452) AND (k <= 9305552))
	  ->  Bitmap Index Scan on k_1  (cost=0.00..5.55 rows=112 width=0)
	        Index Cond: ((k >= 9305452) AND (k <= 9305552))

table 2 : explain SELECT k, c FROM sbtest2 WHERE k BETWEEN 9305452 AND 9305552
	Bitmap Heap Scan on sbtest2  (cost=5.51..420.88 rows=105 width=125)
	  Recheck Cond: ((k >= 9305452) AND (k <= 9305552))
	  ->  Bitmap Index Scan on k_2  (cost=0.00..5.48 rows=105 width=0)
	        Index Cond: ((k >= 9305452) AND (k <= 9305552))

table 3 : explain SELECT k, c FROM sbtest3 WHERE k BETWEEN 9305452 AND 9305552
	Bitmap Heap Scan on sbtest3  (cost=5.50..416.94 rows=104 width=125)
	  Recheck Cond: ((k >= 9305452) AND (k <= 9305552))
	  ->  Bitmap Index Scan on k_3  (cost=0.00..5.47 rows=104 width=0)
	        Index Cond: ((k >= 9305452) AND (k <= 9305552))

table 4 : explain SELECT k, c FROM sbtest4 WHERE k BETWEEN 9305452 AND 9305552
	Bitmap Heap Scan on sbtest4  (cost=5.39..373.61 rows=93 width=125)
	  Recheck Cond: ((k >= 9305452) AND (k <= 9305552))
	  ->  Bitmap Index Scan on k_4  (cost=0.00..5.36 rows=93 width=0)
	        Index Cond: ((k >= 9305452) AND (k <= 9305552))

table 5 : explain SELECT k, c FROM sbtest5 WHERE k BETWEEN 9305452 AND 9305552
	Bitmap Heap Scan on sbtest5  (cost=5.46..401.19 rows=100 width=125)
	  Recheck Cond: ((k >= 9305452) AND (k <= 9305552))
	  ->  Bitmap Index Scan on k_5  (cost=0.00..5.43 rows=100 width=0)
	        Index Cond: ((k >= 9305452) AND (k <= 9305552))

table 6 : explain SELECT k, c FROM sbtest6 WHERE k BETWEEN 9305452 AND 9305552
	Bitmap Heap Scan on sbtest6  (cost=5.56..440.56 rows=110 width=125)
	  Recheck Cond: ((k >= 9305452) AND (k <= 9305552))
	  ->  Bitmap Index Scan on k_6  (cost=0.00..5.53 rows=110 width=0)
	        Index Cond: ((k >= 9305452) AND (k <= 9305552))

table 7 : explain SELECT k, c FROM sbtest7 WHERE k BETWEEN 9305452 AND 9305552
	Bitmap Heap Scan on sbtest7  (cost=5.62..464.15 rows=116 width=125)
	  Recheck Cond: ((k >= 9305452) AND (k <= 9305552))
	  ->  Bitmap Index Scan on k_7  (cost=0.00..5.59 rows=116 width=0)
	        Index Cond: ((k >= 9305452) AND (k <= 9305552))

table 8 : explain SELECT k, c FROM sbtest8 WHERE k BETWEEN 9305452 AND 9305552
	Bitmap Heap Scan on sbtest8  (cost=5.45..397.25 rows=99 width=125)
	  Recheck Cond: ((k >= 9305452) AND (k <= 9305552))
	  ->  Bitmap Index Scan on k_8  (cost=0.00..5.42 rows=99 width=0)
	        Index Cond: ((k >= 9305452) AND (k <= 9305552))

for range-notcovered
table 1 : explain SELECT k, c FROM sbtest1 WHERE k BETWEEN 4517236 AND 4517336
	Bitmap Heap Scan on sbtest1  (cost=5.49..413.00 rows=103 width=125)
	  Recheck Cond: ((k >= 4517236) AND (k <= 4517336))
	  ->  Bitmap Index Scan on k_1  (cost=0.00..5.46 rows=103 width=0)
	        Index Cond: ((k >= 4517236) AND (k <= 4517336))

table 2 : explain SELECT k, c FROM sbtest2 WHERE k BETWEEN 4517236 AND 4517336
	Bitmap Heap Scan on sbtest2  (cost=5.47..405.13 rows=101 width=125)
	  Recheck Cond: ((k >= 4517236) AND (k <= 4517336))
	  ->  Bitmap Index Scan on k_2  (cost=0.00..5.44 rows=101 width=0)
	        Index Cond: ((k >= 4517236) AND (k <= 4517336))

table 3 : explain SELECT k, c FROM sbtest3 WHERE k BETWEEN 4517236 AND 4517336
	Bitmap Heap Scan on sbtest3  (cost=5.43..389.37 rows=97 width=125)
	  Recheck Cond: ((k >= 4517236) AND (k <= 4517336))
	  ->  Bitmap Index Scan on k_3  (cost=0.00..5.40 rows=97 width=0)
	        Index Cond: ((k >= 4517236) AND (k <= 4517336))

table 4 : explain SELECT k, c FROM sbtest4 WHERE k BETWEEN 4517236 AND 4517336
	Bitmap Heap Scan on sbtest4  (cost=5.54..432.69 rows=108 width=125)
	  Recheck Cond: ((k >= 4517236) AND (k <= 4517336))
	  ->  Bitmap Index Scan on k_4  (cost=0.00..5.51 rows=108 width=0)
	        Index Cond: ((k >= 4517236) AND (k <= 4517336))

table 5 : explain SELECT k, c FROM sbtest5 WHERE k BETWEEN 4517236 AND 4517336
	Bitmap Heap Scan on sbtest5  (cost=5.45..397.25 rows=99 width=125)
	  Recheck Cond: ((k >= 4517236) AND (k <= 4517336))
	  ->  Bitmap Index Scan on k_5  (cost=0.00..5.42 rows=99 width=0)
	        Index Cond: ((k >= 4517236) AND (k <= 4517336))

table 6 : explain SELECT k, c FROM sbtest6 WHERE k BETWEEN 4517236 AND 4517336
	Bitmap Heap Scan on sbtest6  (cost=5.43..389.37 rows=97 width=125)
	  Recheck Cond: ((k >= 4517236) AND (k <= 4517336))
	  ->  Bitmap Index Scan on k_6  (cost=0.00..5.40 rows=97 width=0)
	        Index Cond: ((k >= 4517236) AND (k <= 4517336))

table 7 : explain SELECT k, c FROM sbtest7 WHERE k BETWEEN 4517236 AND 4517336
	Bitmap Heap Scan on sbtest7  (cost=5.47..405.13 rows=101 width=125)
	  Recheck Cond: ((k >= 4517236) AND (k <= 4517336))
	  ->  Bitmap Index Scan on k_7  (cost=0.00..5.44 rows=101 width=0)
	        Index Cond: ((k >= 4517236) AND (k <= 4517336))

table 8 : explain SELECT k, c FROM sbtest8 WHERE k BETWEEN 4517236 AND 4517336
	Bitmap Heap Scan on sbtest8  (cost=5.50..416.94 rows=104 width=125)
	  Recheck Cond: ((k >= 4517236) AND (k <= 4517336))
	  ->  Bitmap Index Scan on k_8  (cost=0.00..5.47 rows=104 width=0)
	        Index Cond: ((k >= 4517236) AND (k <= 4517336))

explain: for range-notcovered :: explain SELECT k, c FROM sbtest%d WHERE k BETWEEN 9305452 AND 9305552
for range-notcovered
table 1 : explain SELECT k, c FROM sbtest1 WHERE k BETWEEN 5414922 AND 5415022
	Bitmap Heap Scan on sbtest1  (cost=5.45..397.25 rows=99 width=125)
	  Recheck Cond: ((k >= 5414922) AND (k <= 5415022))
	  ->  Bitmap Index Scan on k_1  (cost=0.00..5.42 rows=99 width=0)
	        Index Cond: ((k >= 5414922) AND (k <= 5415022))

table 2 : explain SELECT k, c FROM sbtest2 WHERE k BETWEEN 5414922 AND 5415022
	Bitmap Heap Scan on sbtest2  (cost=5.59..452.36 rows=113 width=125)
	  Recheck Cond: ((k >= 5414922) AND (k <= 5415022))
	  ->  Bitmap Index Scan on k_2  (cost=0.00..5.56 rows=113 width=0)
	        Index Cond: ((k >= 5414922) AND (k <= 5415022))

table 3 : explain SELECT k, c FROM sbtest3 WHERE k BETWEEN 5414922 AND 5415022
	Bitmap Heap Scan on sbtest3  (cost=5.43..389.37 rows=97 width=125)
	  Recheck Cond: ((k >= 5414922) AND (k <= 5415022))
	  ->  Bitmap Index Scan on k_3  (cost=0.00..5.40 rows=97 width=0)
	        Index Cond: ((k >= 5414922) AND (k <= 5415022))

table 4 : explain SELECT k, c FROM sbtest4 WHERE k BETWEEN 5414922 AND 5415022
	Bitmap Heap Scan on sbtest4  (cost=5.46..401.19 rows=100 width=125)
	  Recheck Cond: ((k >= 5414922) AND (k <= 5415022))
	  ->  Bitmap Index Scan on k_4  (cost=0.00..5.43 rows=100 width=0)
	        Index Cond: ((k >= 5414922) AND (k <= 5415022))

table 5 : explain SELECT k, c FROM sbtest5 WHERE k BETWEEN 5414922 AND 5415022
	Bitmap Heap Scan on sbtest5  (cost=5.51..420.88 rows=105 width=125)
	  Recheck Cond: ((k >= 5414922) AND (k <= 5415022))
	  ->  Bitmap Index Scan on k_5  (cost=0.00..5.48 rows=105 width=0)
	        Index Cond: ((k >= 5414922) AND (k <= 5415022))

table 6 : explain SELECT k, c FROM sbtest6 WHERE k BETWEEN 5414922 AND 5415022
	Bitmap Heap Scan on sbtest6  (cost=5.45..397.25 rows=99 width=125)
	  Recheck Cond: ((k >= 5414922) AND (k <= 5415022))
	  ->  Bitmap Index Scan on k_6  (cost=0.00..5.42 rows=99 width=0)
	        Index Cond: ((k >= 5414922) AND (k <= 5415022))

table 7 : explain SELECT k, c FROM sbtest7 WHERE k BETWEEN 5414922 AND 5415022
	Bitmap Heap Scan on sbtest7  (cost=5.48..409.07 rows=102 width=125)
	  Recheck Cond: ((k >= 5414922) AND (k <= 5415022))
	  ->  Bitmap Index Scan on k_7  (cost=0.00..5.45 rows=102 width=0)
	        Index Cond: ((k >= 5414922) AND (k <= 5415022))

table 8 : explain SELECT k, c FROM sbtest8 WHERE k BETWEEN 5414922 AND 5415022
	Bitmap Heap Scan on sbtest8  (cost=5.59..452.36 rows=113 width=125)
	  Recheck Cond: ((k >= 5414922) AND (k <= 5415022))
	  ->  Bitmap Index Scan on k_8  (cost=0.00..5.56 rows=113 width=0)
	        Index Cond: ((k >= 5414922) AND (k <= 5415022))

for range-notcovered
table 1 : explain SELECT k, c FROM sbtest1 WHERE k BETWEEN 4398093 AND 4398193
	Bitmap Heap Scan on sbtest1  (cost=5.47..405.13 rows=101 width=125)
	  Recheck Cond: ((k >= 4398093) AND (k <= 4398193))
	  ->  Bitmap Index Scan on k_1  (cost=0.00..5.44 rows=101 width=0)
	        Index Cond: ((k >= 4398093) AND (k <= 4398193))

table 2 : explain SELECT k, c FROM sbtest2 WHERE k BETWEEN 4398093 AND 4398193
	Bitmap Heap Scan on sbtest2  (cost=5.49..413.00 rows=103 width=125)
	  Recheck Cond: ((k >= 4398093) AND (k <= 4398193))
	  ->  Bitmap Index Scan on k_2  (cost=0.00..5.46 rows=103 width=0)
	        Index Cond: ((k >= 4398093) AND (k <= 4398193))

table 3 : explain SELECT k, c FROM sbtest3 WHERE k BETWEEN 4398093 AND 4398193
	Bitmap Heap Scan on sbtest3  (cost=5.49..413.00 rows=103 width=125)
	  Recheck Cond: ((k >= 4398093) AND (k <= 4398193))
	  ->  Bitmap Index Scan on k_3  (cost=0.00..5.46 rows=103 width=0)
	        Index Cond: ((k >= 4398093) AND (k <= 4398193))

table 4 : explain SELECT k, c FROM sbtest4 WHERE k BETWEEN 4398093 AND 4398193
	Bitmap Heap Scan on sbtest4  (cost=5.47..405.13 rows=101 width=125)
	  Recheck Cond: ((k >= 4398093) AND (k <= 4398193))
	  ->  Bitmap Index Scan on k_4  (cost=0.00..5.44 rows=101 width=0)
	        Index Cond: ((k >= 4398093) AND (k <= 4398193))

table 5 : explain SELECT k, c FROM sbtest5 WHERE k BETWEEN 4398093 AND 4398193
	Bitmap Heap Scan on sbtest5  (cost=5.43..389.37 rows=97 width=125)
	  Recheck Cond: ((k >= 4398093) AND (k <= 4398193))
	  ->  Bitmap Index Scan on k_5  (cost=0.00..5.40 rows=97 width=0)
	        Index Cond: ((k >= 4398093) AND (k <= 4398193))

table 6 : explain SELECT k, c FROM sbtest6 WHERE k BETWEEN 4398093 AND 4398193
	Bitmap Heap Scan on sbtest6  (cost=5.50..416.94 rows=104 width=125)
	  Recheck Cond: ((k >= 4398093) AND (k <= 4398193))
	  ->  Bitmap Index Scan on k_6  (cost=0.00..5.47 rows=104 width=0)
	        Index Cond: ((k >= 4398093) AND (k <= 4398193))

table 7 : explain SELECT k, c FROM sbtest7 WHERE k BETWEEN 4398093 AND 4398193
	Bitmap Heap Scan on sbtest7  (cost=5.47..405.13 rows=101 width=125)
	  Recheck Cond: ((k >= 4398093) AND (k <= 4398193))
	  ->  Bitmap Index Scan on k_7  (cost=0.00..5.44 rows=101 width=0)
	        Index Cond: ((k >= 4398093) AND (k <= 4398193))

table 8 : explain SELECT k, c FROM sbtest8 WHERE k BETWEEN 4398093 AND 4398193
	Bitmap Heap Scan on sbtest8  (cost=5.48..409.07 rows=102 width=125)
	  Recheck Cond: ((k >= 4398093) AND (k <= 4398193))
	  ->  Bitmap Index Scan on k_8  (cost=0.00..5.45 rows=102 width=0)
	        Index Cond: ((k >= 4398093) AND (k <= 4398193))

explain: for range-notcovered :: explain SELECT k, c FROM sbtest%d WHERE k BETWEEN 5414922 AND 5415022
explain: for range-notcovered :: explain SELECT k, c FROM sbtest%d WHERE k BETWEEN 4517236 AND 4517336
explain: for range-notcovered :: explain SELECT k, c FROM sbtest%d WHERE k BETWEEN 4398093 AND 4398193
for range-notcovered
table 1 : explain SELECT k, c FROM sbtest1 WHERE k BETWEEN 4761024 AND 4761124
	Bitmap Heap Scan on sbtest1  (cost=5.50..416.94 rows=104 width=125)
	  Recheck Cond: ((k >= 4761024) AND (k <= 4761124))
	  ->  Bitmap Index Scan on k_1  (cost=0.00..5.47 rows=104 width=0)
	        Index Cond: ((k >= 4761024) AND (k <= 4761124))

table 2 : explain SELECT k, c FROM sbtest2 WHERE k BETWEEN 4761024 AND 4761124
	Bitmap Heap Scan on sbtest2  (cost=5.55..436.62 rows=109 width=125)
	  Recheck Cond: ((k >= 4761024) AND (k <= 4761124))
	  ->  Bitmap Index Scan on k_2  (cost=0.00..5.52 rows=109 width=0)
	        Index Cond: ((k >= 4761024) AND (k <= 4761124))

table 3 : explain SELECT k, c FROM sbtest3 WHERE k BETWEEN 4761024 AND 4761124
	Bitmap Heap Scan on sbtest3  (cost=5.53..428.75 rows=107 width=125)
	  Recheck Cond: ((k >= 4761024) AND (k <= 4761124))
	  ->  Bitmap Index Scan on k_3  (cost=0.00..5.50 rows=107 width=0)
	        Index Cond: ((k >= 4761024) AND (k <= 4761124))

table 4 : explain SELECT k, c FROM sbtest4 WHERE k BETWEEN 4761024 AND 4761124
	Bitmap Heap Scan on sbtest4  (cost=5.47..405.13 rows=101 width=125)
	  Recheck Cond: ((k >= 4761024) AND (k <= 4761124))
	  ->  Bitmap Index Scan on k_4  (cost=0.00..5.44 rows=101 width=0)
	        Index Cond: ((k >= 4761024) AND (k <= 4761124))

table 5 : explain SELECT k, c FROM sbtest5 WHERE k BETWEEN 4761024 AND 4761124
	Bitmap Heap Scan on sbtest5  (cost=5.52..424.81 rows=106 width=125)
	  Recheck Cond: ((k >= 4761024) AND (k <= 4761124))
	  ->  Bitmap Index Scan on k_5  (cost=0.00..5.50 rows=106 width=0)
	        Index Cond: ((k >= 4761024) AND (k <= 4761124))

table 6 : explain SELECT k, c FROM sbtest6 WHERE k BETWEEN 4761024 AND 4761124
	Bitmap Heap Scan on sbtest6  (cost=5.48..409.07 rows=102 width=125)
	  Recheck Cond: ((k >= 4761024) AND (k <= 4761124))
	  ->  Bitmap Index Scan on k_6  (cost=0.00..5.45 rows=102 width=0)
	        Index Cond: ((k >= 4761024) AND (k <= 4761124))

table 7 : explain SELECT k, c FROM sbtest7 WHERE k BETWEEN 4761024 AND 4761124
	Bitmap Heap Scan on sbtest7  (cost=5.38..369.67 rows=92 width=125)
	  Recheck Cond: ((k >= 4761024) AND (k <= 4761124))
	  ->  Bitmap Index Scan on k_7  (cost=0.00..5.35 rows=92 width=0)
	        Index Cond: ((k >= 4761024) AND (k <= 4761124))

table 8 : explain SELECT k, c FROM sbtest8 WHERE k BETWEEN 4761024 AND 4761124
	Bitmap Heap Scan on sbtest8  (cost=5.39..373.61 rows=93 width=125)
	  Recheck Cond: ((k >= 4761024) AND (k <= 4761124))
	  ->  Bitmap Index Scan on k_8  (cost=0.00..5.36 rows=93 width=0)
	        Index Cond: ((k >= 4761024) AND (k <= 4761124))

explain: for range-notcovered :: explain SELECT k, c FROM sbtest%d WHERE k BETWEEN 4761024 AND 4761124
for range-notcovered
table 1 : explain SELECT k, c FROM sbtest1 WHERE k BETWEEN 7891657 AND 7891757
	Bitmap Heap Scan on sbtest1  (cost=5.38..369.67 rows=92 width=125)
	  Recheck Cond: ((k >= 7891657) AND (k <= 7891757))
	  ->  Bitmap Index Scan on k_1  (cost=0.00..5.35 rows=92 width=0)
	        Index Cond: ((k >= 7891657) AND (k <= 7891757))

table 2 : explain SELECT k, c FROM sbtest2 WHERE k BETWEEN 7891657 AND 7891757
	Bitmap Heap Scan on sbtest2  (cost=5.41..381.49 rows=95 width=125)
	  Recheck Cond: ((k >= 7891657) AND (k <= 7891757))
	  ->  Bitmap Index Scan on k_2  (cost=0.00..5.38 rows=95 width=0)
	        Index Cond: ((k >= 7891657) AND (k <= 7891757))

table 3 : explain SELECT k, c FROM sbtest3 WHERE k BETWEEN 7891657 AND 7891757
	Bitmap Heap Scan on sbtest3  (cost=5.47..405.13 rows=101 width=125)
	  Recheck Cond: ((k >= 7891657) AND (k <= 7891757))
	  ->  Bitmap Index Scan on k_3  (cost=0.00..5.44 rows=101 width=0)
	        Index Cond: ((k >= 7891657) AND (k <= 7891757))

table 4 : explain SELECT k, c FROM sbtest4 WHERE k BETWEEN 7891657 AND 7891757
	Bitmap Heap Scan on sbtest4  (cost=5.41..381.49 rows=95 width=125)
	  Recheck Cond: ((k >= 7891657) AND (k <= 7891757))
	  ->  Bitmap Index Scan on k_4  (cost=0.00..5.38 rows=95 width=0)
	        Index Cond: ((k >= 7891657) AND (k <= 7891757))

table 5 : explain SELECT k, c FROM sbtest5 WHERE k BETWEEN 7891657 AND 7891757
	Bitmap Heap Scan on sbtest5  (cost=5.51..420.88 rows=105 width=125)
	  Recheck Cond: ((k >= 7891657) AND (k <= 7891757))
	  ->  Bitmap Index Scan on k_5  (cost=0.00..5.48 rows=105 width=0)
	        Index Cond: ((k >= 7891657) AND (k <= 7891757))

table 6 : explain SELECT k, c FROM sbtest6 WHERE k BETWEEN 7891657 AND 7891757
	Bitmap Heap Scan on sbtest6  (cost=5.52..424.81 rows=106 width=125)
	  Recheck Cond: ((k >= 7891657) AND (k <= 7891757))
	  ->  Bitmap Index Scan on k_6  (cost=0.00..5.50 rows=106 width=0)
	        Index Cond: ((k >= 7891657) AND (k <= 7891757))

table 7 : explain SELECT k, c FROM sbtest7 WHERE k BETWEEN 7891657 AND 7891757
	Bitmap Heap Scan on sbtest7  (cost=5.44..393.31 rows=98 width=125)
	  Recheck Cond: ((k >= 7891657) AND (k <= 7891757))
	  ->  Bitmap Index Scan on k_7  (cost=0.00..5.42 rows=98 width=0)
	        Index Cond: ((k >= 7891657) AND (k <= 7891757))

table 8 : explain SELECT k, c FROM sbtest8 WHERE k BETWEEN 7891657 AND 7891757
	Bitmap Heap Scan on sbtest8  (cost=5.45..397.25 rows=99 width=125)
	  Recheck Cond: ((k >= 7891657) AND (k <= 7891757))
	  ->  Bitmap Index Scan on k_8  (cost=0.00..5.42 rows=99 width=0)
	        Index Cond: ((k >= 7891657) AND (k <= 7891757))

explain: for range-notcovered :: explain SELECT k, c FROM sbtest%d WHERE k BETWEEN 7147573 AND 7147673
for range-notcovered
table 1 : explain SELECT k, c FROM sbtest1 WHERE k BETWEEN 9305452 AND 9305552
	Bitmap Heap Scan on sbtest1  (cost=5.58..448.42 rows=112 width=125)
	  Recheck Cond: ((k >= 9305452) AND (k <= 9305552))
	  ->  Bitmap Index Scan on k_1  (cost=0.00..5.55 rows=112 width=0)
	        Index Cond: ((k >= 9305452) AND (k <= 9305552))

table 2 : explain SELECT k, c FROM sbtest2 WHERE k BETWEEN 9305452 AND 9305552
	Bitmap Heap Scan on sbtest2  (cost=5.51..420.88 rows=105 width=125)
	  Recheck Cond: ((k >= 9305452) AND (k <= 9305552))
	  ->  Bitmap Index Scan on k_2  (cost=0.00..5.48 rows=105 width=0)
	        Index Cond: ((k >= 9305452) AND (k <= 9305552))

table 3 : explain SELECT k, c FROM sbtest3 WHERE k BETWEEN 9305452 AND 9305552
	Bitmap Heap Scan on sbtest3  (cost=5.50..416.94 rows=104 width=125)
	  Recheck Cond: ((k >= 9305452) AND (k <= 9305552))
	  ->  Bitmap Index Scan on k_3  (cost=0.00..5.47 rows=104 width=0)
	        Index Cond: ((k >= 9305452) AND (k <= 9305552))

table 4 : explain SELECT k, c FROM sbtest4 WHERE k BETWEEN 9305452 AND 9305552
	Bitmap Heap Scan on sbtest4  (cost=5.39..373.61 rows=93 width=125)
	  Recheck Cond: ((k >= 9305452) AND (k <= 9305552))
	  ->  Bitmap Index Scan on k_4  (cost=0.00..5.36 rows=93 width=0)
	        Index Cond: ((k >= 9305452) AND (k <= 9305552))

table 5 : explain SELECT k, c FROM sbtest5 WHERE k BETWEEN 9305452 AND 9305552
	Bitmap Heap Scan on sbtest5  (cost=5.46..401.19 rows=100 width=125)
	  Recheck Cond: ((k >= 9305452) AND (k <= 9305552))
	  ->  Bitmap Index Scan on k_5  (cost=0.00..5.43 rows=100 width=0)
	        Index Cond: ((k >= 9305452) AND (k <= 9305552))

table 6 : explain SELECT k, c FROM sbtest6 WHERE k BETWEEN 9305452 AND 9305552
	Bitmap Heap Scan on sbtest6  (cost=5.56..440.56 rows=110 width=125)
	  Recheck Cond: ((k >= 9305452) AND (k <= 9305552))
	  ->  Bitmap Index Scan on k_6  (cost=0.00..5.53 rows=110 width=0)
	        Index Cond: ((k >= 9305452) AND (k <= 9305552))

table 7 : explain SELECT k, c FROM sbtest7 WHERE k BETWEEN 9305452 AND 9305552
	Bitmap Heap Scan on sbtest7  (cost=5.62..464.15 rows=116 width=125)
	  Recheck Cond: ((k >= 9305452) AND (k <= 9305552))
	  ->  Bitmap Index Scan on k_7  (cost=0.00..5.59 rows=116 width=0)
	        Index Cond: ((k >= 9305452) AND (k <= 9305552))

table 8 : explain SELECT k, c FROM sbtest8 WHERE k BETWEEN 9305452 AND 9305552
	Bitmap Heap Scan on sbtest8  (cost=5.45..397.25 rows=99 width=125)
	  Recheck Cond: ((k >= 9305452) AND (k <= 9305552))
	  ->  Bitmap Index Scan on k_8  (cost=0.00..5.42 rows=99 width=0)
	        Index Cond: ((k >= 9305452) AND (k <= 9305552))

for range-notcovered
table 1 : explain SELECT k, c FROM sbtest1 WHERE k BETWEEN 5414922 AND 5415022
	Bitmap Heap Scan on sbtest1  (cost=5.45..397.25 rows=99 width=125)
	  Recheck Cond: ((k >= 5414922) AND (k <= 5415022))
	  ->  Bitmap Index Scan on k_1  (cost=0.00..5.42 rows=99 width=0)
	        Index Cond: ((k >= 5414922) AND (k <= 5415022))

table 2 : explain SELECT k, c FROM sbtest2 WHERE k BETWEEN 5414922 AND 5415022
	Bitmap Heap Scan on sbtest2  (cost=5.59..452.36 rows=113 width=125)
	  Recheck Cond: ((k >= 5414922) AND (k <= 5415022))
	  ->  Bitmap Index Scan on k_2  (cost=0.00..5.56 rows=113 width=0)
	        Index Cond: ((k >= 5414922) AND (k <= 5415022))

table 3 : explain SELECT k, c FROM sbtest3 WHERE k BETWEEN 5414922 AND 5415022
	Bitmap Heap Scan on sbtest3  (cost=5.43..389.37 rows=97 width=125)
	  Recheck Cond: ((k >= 5414922) AND (k <= 5415022))
	  ->  Bitmap Index Scan on k_3  (cost=0.00..5.40 rows=97 width=0)
	        Index Cond: ((k >= 5414922) AND (k <= 5415022))

table 4 : explain SELECT k, c FROM sbtest4 WHERE k BETWEEN 5414922 AND 5415022
	Bitmap Heap Scan on sbtest4  (cost=5.46..401.19 rows=100 width=125)
	  Recheck Cond: ((k >= 5414922) AND (k <= 5415022))
	  ->  Bitmap Index Scan on k_4  (cost=0.00..5.43 rows=100 width=0)
	        Index Cond: ((k >= 5414922) AND (k <= 5415022))

table 5 : explain SELECT k, c FROM sbtest5 WHERE k BETWEEN 5414922 AND 5415022
	Bitmap Heap Scan on sbtest5  (cost=5.51..420.88 rows=105 width=125)
	  Recheck Cond: ((k >= 5414922) AND (k <= 5415022))
	  ->  Bitmap Index Scan on k_5  (cost=0.00..5.48 rows=105 width=0)
	        Index Cond: ((k >= 5414922) AND (k <= 5415022))

table 6 : explain SELECT k, c FROM sbtest6 WHERE k BETWEEN 5414922 AND 5415022
	Bitmap Heap Scan on sbtest6  (cost=5.45..397.25 rows=99 width=125)
	  Recheck Cond: ((k >= 5414922) AND (k <= 5415022))
	  ->  Bitmap Index Scan on k_6  (cost=0.00..5.42 rows=99 width=0)
	        Index Cond: ((k >= 5414922) AND (k <= 5415022))

table 7 : explain SELECT k, c FROM sbtest7 WHERE k BETWEEN 5414922 AND 5415022
	Bitmap Heap Scan on sbtest7  (cost=5.48..409.07 rows=102 width=125)
	  Recheck Cond: ((k >= 5414922) AND (k <= 5415022))
	  ->  Bitmap Index Scan on k_7  (cost=0.00..5.45 rows=102 width=0)
	        Index Cond: ((k >= 5414922) AND (k <= 5415022))

table 8 : explain SELECT k, c FROM sbtest8 WHERE k BETWEEN 5414922 AND 5415022
	Bitmap Heap Scan on sbtest8  (cost=5.59..452.36 rows=113 width=125)
	  Recheck Cond: ((k >= 5414922) AND (k <= 5415022))
	  ->  Bitmap Index Scan on k_8  (cost=0.00..5.56 rows=113 width=0)
	        Index Cond: ((k >= 5414922) AND (k <= 5415022))

explain: for range-notcovered :: explain SELECT k, c FROM sbtest%d WHERE k BETWEEN 9305452 AND 9305552
explain: for range-notcovered :: explain SELECT k, c FROM sbtest%d WHERE k BETWEEN 7891657 AND 7891757
explain: for range-notcovered :: explain SELECT k, c FROM sbtest%d WHERE k BETWEEN 5414922 AND 5415022
for range-notcovered
table 1 : explain SELECT k, c FROM sbtest1 WHERE k BETWEEN 5414922 AND 5415022
	Bitmap Heap Scan on sbtest1  (cost=5.45..397.25 rows=99 width=125)
	  Recheck Cond: ((k >= 5414922) AND (k <= 5415022))
	  ->  Bitmap Index Scan on k_1  (cost=0.00..5.42 rows=99 width=0)
	        Index Cond: ((k >= 5414922) AND (k <= 5415022))

table 2 : explain SELECT k, c FROM sbtest2 WHERE k BETWEEN 5414922 AND 5415022
	Bitmap Heap Scan on sbtest2  (cost=5.59..452.36 rows=113 width=125)
	  Recheck Cond: ((k >= 5414922) AND (k <= 5415022))
	  ->  Bitmap Index Scan on k_2  (cost=0.00..5.56 rows=113 width=0)
	        Index Cond: ((k >= 5414922) AND (k <= 5415022))

table 3 : explain SELECT k, c FROM sbtest3 WHERE k BETWEEN 5414922 AND 5415022
	Bitmap Heap Scan on sbtest3  (cost=5.43..389.37 rows=97 width=125)
	  Recheck Cond: ((k >= 5414922) AND (k <= 5415022))
	  ->  Bitmap Index Scan on k_3  (cost=0.00..5.40 rows=97 width=0)
	        Index Cond: ((k >= 5414922) AND (k <= 5415022))

table 4 : explain SELECT k, c FROM sbtest4 WHERE k BETWEEN 5414922 AND 5415022
	Bitmap Heap Scan on sbtest4  (cost=5.46..401.19 rows=100 width=125)
	  Recheck Cond: ((k >= 5414922) AND (k <= 5415022))
	  ->  Bitmap Index Scan on k_4  (cost=0.00..5.43 rows=100 width=0)
	        Index Cond: ((k >= 5414922) AND (k <= 5415022))

table 5 : explain SELECT k, c FROM sbtest5 WHERE k BETWEEN 5414922 AND 5415022
	Bitmap Heap Scan on sbtest5  (cost=5.51..420.88 rows=105 width=125)
	  Recheck Cond: ((k >= 5414922) AND (k <= 5415022))
	  ->  Bitmap Index Scan on k_5  (cost=0.00..5.48 rows=105 width=0)
	        Index Cond: ((k >= 5414922) AND (k <= 5415022))

table 6 : explain SELECT k, c FROM sbtest6 WHERE k BETWEEN 5414922 AND 5415022
	Bitmap Heap Scan on sbtest6  (cost=5.45..397.25 rows=99 width=125)
	  Recheck Cond: ((k >= 5414922) AND (k <= 5415022))
	  ->  Bitmap Index Scan on k_6  (cost=0.00..5.42 rows=99 width=0)
	        Index Cond: ((k >= 5414922) AND (k <= 5415022))

table 7 : explain SELECT k, c FROM sbtest7 WHERE k BETWEEN 5414922 AND 5415022
	Bitmap Heap Scan on sbtest7  (cost=5.48..409.07 rows=102 width=125)
	  Recheck Cond: ((k >= 5414922) AND (k <= 5415022))
	  ->  Bitmap Index Scan on k_7  (cost=0.00..5.45 rows=102 width=0)
	        Index Cond: ((k >= 5414922) AND (k <= 5415022))

table 8 : explain SELECT k, c FROM sbtest8 WHERE k BETWEEN 5414922 AND 5415022
	Bitmap Heap Scan on sbtest8  (cost=5.59..452.36 rows=113 width=125)
	  Recheck Cond: ((k >= 5414922) AND (k <= 5415022))
	  ->  Bitmap Index Scan on k_8  (cost=0.00..5.56 rows=113 width=0)
	        Index Cond: ((k >= 5414922) AND (k <= 5415022))

for range-notcovered
table 1 : explain SELECT k, c FROM sbtest1 WHERE k BETWEEN 9305452 AND 9305552
	Bitmap Heap Scan on sbtest1  (cost=5.58..448.42 rows=112 width=125)
	  Recheck Cond: ((k >= 9305452) AND (k <= 9305552))
	  ->  Bitmap Index Scan on k_1  (cost=0.00..5.55 rows=112 width=0)
	        Index Cond: ((k >= 9305452) AND (k <= 9305552))

table 2 : explain SELECT k, c FROM sbtest2 WHERE k BETWEEN 9305452 AND 9305552
	Bitmap Heap Scan on sbtest2  (cost=5.51..420.88 rows=105 width=125)
	  Recheck Cond: ((k >= 9305452) AND (k <= 9305552))
	  ->  Bitmap Index Scan on k_2  (cost=0.00..5.48 rows=105 width=0)
	        Index Cond: ((k >= 9305452) AND (k <= 9305552))

table 3 : explain SELECT k, c FROM sbtest3 WHERE k BETWEEN 9305452 AND 9305552
	Bitmap Heap Scan on sbtest3  (cost=5.50..416.94 rows=104 width=125)
	  Recheck Cond: ((k >= 9305452) AND (k <= 9305552))
	  ->  Bitmap Index Scan on k_3  (cost=0.00..5.47 rows=104 width=0)
	        Index Cond: ((k >= 9305452) AND (k <= 9305552))

table 4 : explain SELECT k, c FROM sbtest4 WHERE k BETWEEN 9305452 AND 9305552
	Bitmap Heap Scan on sbtest4  (cost=5.39..373.61 rows=93 width=125)
	  Recheck Cond: ((k >= 9305452) AND (k <= 9305552))
	  ->  Bitmap Index Scan on k_4  (cost=0.00..5.36 rows=93 width=0)
	        Index Cond: ((k >= 9305452) AND (k <= 9305552))

table 5 : explain SELECT k, c FROM sbtest5 WHERE k BETWEEN 9305452 AND 9305552
	Bitmap Heap Scan on sbtest5  (cost=5.46..401.19 rows=100 width=125)
	  Recheck Cond: ((k >= 9305452) AND (k <= 9305552))
	  ->  Bitmap Index Scan on k_5  (cost=0.00..5.43 rows=100 width=0)
	        Index Cond: ((k >= 9305452) AND (k <= 9305552))

table 6 : explain SELECT k, c FROM sbtest6 WHERE k BETWEEN 9305452 AND 9305552
	Bitmap Heap Scan on sbtest6  (cost=5.56..440.56 rows=110 width=125)
	  Recheck Cond: ((k >= 9305452) AND (k <= 9305552))
	  ->  Bitmap Index Scan on k_6  (cost=0.00..5.53 rows=110 width=0)
	        Index Cond: ((k >= 9305452) AND (k <= 9305552))

table 7 : explain SELECT k, c FROM sbtest7 WHERE k BETWEEN 9305452 AND 9305552
	Bitmap Heap Scan on sbtest7  (cost=5.62..464.15 rows=116 width=125)
	  Recheck Cond: ((k >= 9305452) AND (k <= 9305552))
	  ->  Bitmap Index Scan on k_7  (cost=0.00..5.59 rows=116 width=0)
	        Index Cond: ((k >= 9305452) AND (k <= 9305552))

table 8 : explain SELECT k, c FROM sbtest8 WHERE k BETWEEN 9305452 AND 9305552
	Bitmap Heap Scan on sbtest8  (cost=5.45..397.25 rows=99 width=125)
	  Recheck Cond: ((k >= 9305452) AND (k <= 9305552))
	  ->  Bitmap Index Scan on k_8  (cost=0.00..5.42 rows=99 width=0)
	        Index Cond: ((k >= 9305452) AND (k <= 9305552))

for range-notcovered
table 1 : explain SELECT k, c FROM sbtest1 WHERE k BETWEEN 4517236 AND 4517336
	Bitmap Heap Scan on sbtest1  (cost=5.49..413.00 rows=103 width=125)
	  Recheck Cond: ((k >= 4517236) AND (k <= 4517336))
	  ->  Bitmap Index Scan on k_1  (cost=0.00..5.46 rows=103 width=0)
	        Index Cond: ((k >= 4517236) AND (k <= 4517336))

table 2 : explain SELECT k, c FROM sbtest2 WHERE k BETWEEN 4517236 AND 4517336
	Bitmap Heap Scan on sbtest2  (cost=5.47..405.13 rows=101 width=125)
	  Recheck Cond: ((k >= 4517236) AND (k <= 4517336))
	  ->  Bitmap Index Scan on k_2  (cost=0.00..5.44 rows=101 width=0)
	        Index Cond: ((k >= 4517236) AND (k <= 4517336))

table 3 : explain SELECT k, c FROM sbtest3 WHERE k BETWEEN 4517236 AND 4517336
	Bitmap Heap Scan on sbtest3  (cost=5.43..389.37 rows=97 width=125)
	  Recheck Cond: ((k >= 4517236) AND (k <= 4517336))
	  ->  Bitmap Index Scan on k_3  (cost=0.00..5.40 rows=97 width=0)
	        Index Cond: ((k >= 4517236) AND (k <= 4517336))

table 4 : explain SELECT k, c FROM sbtest4 WHERE k BETWEEN 4517236 AND 4517336
	Bitmap Heap Scan on sbtest4  (cost=5.54..432.69 rows=108 width=125)
	  Recheck Cond: ((k >= 4517236) AND (k <= 4517336))
	  ->  Bitmap Index Scan on k_4  (cost=0.00..5.51 rows=108 width=0)
	        Index Cond: ((k >= 4517236) AND (k <= 4517336))

table 5 : explain SELECT k, c FROM sbtest5 WHERE k BETWEEN 4517236 AND 4517336
	Bitmap Heap Scan on sbtest5  (cost=5.45..397.25 rows=99 width=125)
	  Recheck Cond: ((k >= 4517236) AND (k <= 4517336))
	  ->  Bitmap Index Scan on k_5  (cost=0.00..5.42 rows=99 width=0)
	        Index Cond: ((k >= 4517236) AND (k <= 4517336))

table 6 : explain SELECT k, c FROM sbtest6 WHERE k BETWEEN 4517236 AND 4517336
	Bitmap Heap Scan on sbtest6  (cost=5.43..389.37 rows=97 width=125)
	  Recheck Cond: ((k >= 4517236) AND (k <= 4517336))
	  ->  Bitmap Index Scan on k_6  (cost=0.00..5.40 rows=97 width=0)
	        Index Cond: ((k >= 4517236) AND (k <= 4517336))

table 7 : explain SELECT k, c FROM sbtest7 WHERE k BETWEEN 4517236 AND 4517336
	Bitmap Heap Scan on sbtest7  (cost=5.47..405.13 rows=101 width=125)
	  Recheck Cond: ((k >= 4517236) AND (k <= 4517336))
	  ->  Bitmap Index Scan on k_7  (cost=0.00..5.44 rows=101 width=0)
	        Index Cond: ((k >= 4517236) AND (k <= 4517336))

table 8 : explain SELECT k, c FROM sbtest8 WHERE k BETWEEN 4517236 AND 4517336
	Bitmap Heap Scan on sbtest8  (cost=5.50..416.94 rows=104 width=125)
	  Recheck Cond: ((k >= 4517236) AND (k <= 4517336))
	  ->  Bitmap Index Scan on k_8  (cost=0.00..5.47 rows=104 width=0)
	        Index Cond: ((k >= 4517236) AND (k <= 4517336))

explain: for range-notcovered :: explain SELECT k, c FROM sbtest%d WHERE k BETWEEN 9305452 AND 9305552
for range-notcovered
table 1 : explain SELECT k, c FROM sbtest1 WHERE k BETWEEN 4398093 AND 4398193
	Bitmap Heap Scan on sbtest1  (cost=5.47..405.13 rows=101 width=125)
	  Recheck Cond: ((k >= 4398093) AND (k <= 4398193))
	  ->  Bitmap Index Scan on k_1  (cost=0.00..5.44 rows=101 width=0)
	        Index Cond: ((k >= 4398093) AND (k <= 4398193))

table 2 : explain SELECT k, c FROM sbtest2 WHERE k BETWEEN 4398093 AND 4398193
	Bitmap Heap Scan on sbtest2  (cost=5.49..413.00 rows=103 width=125)
	  Recheck Cond: ((k >= 4398093) AND (k <= 4398193))
	  ->  Bitmap Index Scan on k_2  (cost=0.00..5.46 rows=103 width=0)
	        Index Cond: ((k >= 4398093) AND (k <= 4398193))

table 3 : explain SELECT k, c FROM sbtest3 WHERE k BETWEEN 4398093 AND 4398193
	Bitmap Heap Scan on sbtest3  (cost=5.49..413.00 rows=103 width=125)
	  Recheck Cond: ((k >= 4398093) AND (k <= 4398193))
	  ->  Bitmap Index Scan on k_3  (cost=0.00..5.46 rows=103 width=0)
	        Index Cond: ((k >= 4398093) AND (k <= 4398193))

table 4 : explain SELECT k, c FROM sbtest4 WHERE k BETWEEN 4398093 AND 4398193
	Bitmap Heap Scan on sbtest4  (cost=5.47..405.13 rows=101 width=125)
	  Recheck Cond: ((k >= 4398093) AND (k <= 4398193))
	  ->  Bitmap Index Scan on k_4  (cost=0.00..5.44 rows=101 width=0)
	        Index Cond: ((k >= 4398093) AND (k <= 4398193))

table 5 : explain SELECT k, c FROM sbtest5 WHERE k BETWEEN 4398093 AND 4398193
	Bitmap Heap Scan on sbtest5  (cost=5.43..389.37 rows=97 width=125)
	  Recheck Cond: ((k >= 4398093) AND (k <= 4398193))
	  ->  Bitmap Index Scan on k_5  (cost=0.00..5.40 rows=97 width=0)
	        Index Cond: ((k >= 4398093) AND (k <= 4398193))

table 6 : explain SELECT k, c FROM sbtest6 WHERE k BETWEEN 4398093 AND 4398193
	Bitmap Heap Scan on sbtest6  (cost=5.50..416.94 rows=104 width=125)
	  Recheck Cond: ((k >= 4398093) AND (k <= 4398193))
	  ->  Bitmap Index Scan on k_6  (cost=0.00..5.47 rows=104 width=0)
	        Index Cond: ((k >= 4398093) AND (k <= 4398193))

table 7 : explain SELECT k, c FROM sbtest7 WHERE k BETWEEN 4398093 AND 4398193
	Bitmap Heap Scan on sbtest7  (cost=5.47..405.13 rows=101 width=125)
	  Recheck Cond: ((k >= 4398093) AND (k <= 4398193))
	  ->  Bitmap Index Scan on k_7  (cost=0.00..5.44 rows=101 width=0)
	        Index Cond: ((k >= 4398093) AND (k <= 4398193))

table 8 : explain SELECT k, c FROM sbtest8 WHERE k BETWEEN 4398093 AND 4398193
	Bitmap Heap Scan on sbtest8  (cost=5.48..409.07 rows=102 width=125)
	  Recheck Cond: ((k >= 4398093) AND (k <= 4398193))
	  ->  Bitmap Index Scan on k_8  (cost=0.00..5.45 rows=102 width=0)
	        Index Cond: ((k >= 4398093) AND (k <= 4398193))

explain: for range-notcovered :: explain SELECT k, c FROM sbtest%d WHERE k BETWEEN 4517236 AND 4517336
for range-notcovered
table 1 : explain SELECT k, c FROM sbtest1 WHERE k BETWEEN 4761024 AND 4761124
	Bitmap Heap Scan on sbtest1  (cost=5.50..416.94 rows=104 width=125)
	  Recheck Cond: ((k >= 4761024) AND (k <= 4761124))
	  ->  Bitmap Index Scan on k_1  (cost=0.00..5.47 rows=104 width=0)
	        Index Cond: ((k >= 4761024) AND (k <= 4761124))

table 2 : explain SELECT k, c FROM sbtest2 WHERE k BETWEEN 4761024 AND 4761124
	Bitmap Heap Scan on sbtest2  (cost=5.55..436.62 rows=109 width=125)
	  Recheck Cond: ((k >= 4761024) AND (k <= 4761124))
	  ->  Bitmap Index Scan on k_2  (cost=0.00..5.52 rows=109 width=0)
	        Index Cond: ((k >= 4761024) AND (k <= 4761124))

table 3 : explain SELECT k, c FROM sbtest3 WHERE k BETWEEN 4761024 AND 4761124
	Bitmap Heap Scan on sbtest3  (cost=5.53..428.75 rows=107 width=125)
	  Recheck Cond: ((k >= 4761024) AND (k <= 4761124))
	  ->  Bitmap Index Scan on k_3  (cost=0.00..5.50 rows=107 width=0)
	        Index Cond: ((k >= 4761024) AND (k <= 4761124))

table 4 : explain SELECT k, c FROM sbtest4 WHERE k BETWEEN 4761024 AND 4761124
	Bitmap Heap Scan on sbtest4  (cost=5.47..405.13 rows=101 width=125)
	  Recheck Cond: ((k >= 4761024) AND (k <= 4761124))
	  ->  Bitmap Index Scan on k_4  (cost=0.00..5.44 rows=101 width=0)
	        Index Cond: ((k >= 4761024) AND (k <= 4761124))

table 5 : explain SELECT k, c FROM sbtest5 WHERE k BETWEEN 4761024 AND 4761124
	Bitmap Heap Scan on sbtest5  (cost=5.52..424.81 rows=106 width=125)
	  Recheck Cond: ((k >= 4761024) AND (k <= 4761124))
	  ->  Bitmap Index Scan on k_5  (cost=0.00..5.50 rows=106 width=0)
	        Index Cond: ((k >= 4761024) AND (k <= 4761124))

table 6 : explain SELECT k, c FROM sbtest6 WHERE k BETWEEN 4761024 AND 4761124
	Bitmap Heap Scan on sbtest6  (cost=5.48..409.07 rows=102 width=125)
	  Recheck Cond: ((k >= 4761024) AND (k <= 4761124))
	  ->  Bitmap Index Scan on k_6  (cost=0.00..5.45 rows=102 width=0)
	        Index Cond: ((k >= 4761024) AND (k <= 4761124))

table 7 : explain SELECT k, c FROM sbtest7 WHERE k BETWEEN 4761024 AND 4761124
	Bitmap Heap Scan on sbtest7  (cost=5.38..369.67 rows=92 width=125)
	  Recheck Cond: ((k >= 4761024) AND (k <= 4761124))
	  ->  Bitmap Index Scan on k_7  (cost=0.00..5.35 rows=92 width=0)
	        Index Cond: ((k >= 4761024) AND (k <= 4761124))

table 8 : explain SELECT k, c FROM sbtest8 WHERE k BETWEEN 4761024 AND 4761124
	Bitmap Heap Scan on sbtest8  (cost=5.39..373.61 rows=93 width=125)
	  Recheck Cond: ((k >= 4761024) AND (k <= 4761124))
	  ->  Bitmap Index Scan on k_8  (cost=0.00..5.36 rows=93 width=0)
	        Index Cond: ((k >= 4761024) AND (k <= 4761124))

explain: for range-notcovered :: explain SELECT k, c FROM sbtest%d WHERE k BETWEEN 4398093 AND 4398193
explain: for range-notcovered :: explain SELECT k, c FROM sbtest%d WHERE k BETWEEN 4761024 AND 4761124
for range-notcovered
table 1 : explain SELECT k, c FROM sbtest1 WHERE k BETWEEN 7891657 AND 7891757
	Bitmap Heap Scan on sbtest1  (cost=5.38..369.67 rows=92 width=125)
	  Recheck Cond: ((k >= 7891657) AND (k <= 7891757))
	  ->  Bitmap Index Scan on k_1  (cost=0.00..5.35 rows=92 width=0)
	        Index Cond: ((k >= 7891657) AND (k <= 7891757))

table 2 : explain SELECT k, c FROM sbtest2 WHERE k BETWEEN 7891657 AND 7891757
	Bitmap Heap Scan on sbtest2  (cost=5.41..381.49 rows=95 width=125)
	  Recheck Cond: ((k >= 7891657) AND (k <= 7891757))
	  ->  Bitmap Index Scan on k_2  (cost=0.00..5.38 rows=95 width=0)
	        Index Cond: ((k >= 7891657) AND (k <= 7891757))

table 3 : explain SELECT k, c FROM sbtest3 WHERE k BETWEEN 7891657 AND 7891757
	Bitmap Heap Scan on sbtest3  (cost=5.47..405.13 rows=101 width=125)
	  Recheck Cond: ((k >= 7891657) AND (k <= 7891757))
	  ->  Bitmap Index Scan on k_3  (cost=0.00..5.44 rows=101 width=0)
	        Index Cond: ((k >= 7891657) AND (k <= 7891757))

table 4 : explain SELECT k, c FROM sbtest4 WHERE k BETWEEN 7891657 AND 7891757
	Bitmap Heap Scan on sbtest4  (cost=5.41..381.49 rows=95 width=125)
	  Recheck Cond: ((k >= 7891657) AND (k <= 7891757))
	  ->  Bitmap Index Scan on k_4  (cost=0.00..5.38 rows=95 width=0)
	        Index Cond: ((k >= 7891657) AND (k <= 7891757))

table 5 : explain SELECT k, c FROM sbtest5 WHERE k BETWEEN 7891657 AND 7891757
	Bitmap Heap Scan on sbtest5  (cost=5.51..420.88 rows=105 width=125)
	  Recheck Cond: ((k >= 7891657) AND (k <= 7891757))
	  ->  Bitmap Index Scan on k_5  (cost=0.00..5.48 rows=105 width=0)
	        Index Cond: ((k >= 7891657) AND (k <= 7891757))

table 6 : explain SELECT k, c FROM sbtest6 WHERE k BETWEEN 7891657 AND 7891757
	Bitmap Heap Scan on sbtest6  (cost=5.52..424.81 rows=106 width=125)
	  Recheck Cond: ((k >= 7891657) AND (k <= 7891757))
	  ->  Bitmap Index Scan on k_6  (cost=0.00..5.50 rows=106 width=0)
	        Index Cond: ((k >= 7891657) AND (k <= 7891757))

table 7 : explain SELECT k, c FROM sbtest7 WHERE k BETWEEN 7891657 AND 7891757
	Bitmap Heap Scan on sbtest7  (cost=5.44..393.31 rows=98 width=125)
	  Recheck Cond: ((k >= 7891657) AND (k <= 7891757))
	  ->  Bitmap Index Scan on k_7  (cost=0.00..5.42 rows=98 width=0)
	        Index Cond: ((k >= 7891657) AND (k <= 7891757))

table 8 : explain SELECT k, c FROM sbtest8 WHERE k BETWEEN 7891657 AND 7891757
	Bitmap Heap Scan on sbtest8  (cost=5.45..397.25 rows=99 width=125)
	  Recheck Cond: ((k >= 7891657) AND (k <= 7891757))
	  ->  Bitmap Index Scan on k_8  (cost=0.00..5.42 rows=99 width=0)
	        Index Cond: ((k >= 7891657) AND (k <= 7891757))

explain: for range-notcovered :: explain SELECT k, c FROM sbtest%d WHERE k BETWEEN 7891657 AND 7891757
explain: for range-notcovered :: explain SELECT k, c FROM sbtest%d WHERE k BETWEEN 5914952 AND 5915052
explain: for range-notcovered :: explain SELECT k, c FROM sbtest%d WHERE k BETWEEN 1929950 AND 1930050
for range-notcovered
table 1 : explain SELECT k, c FROM sbtest1 WHERE k BETWEEN 4517236 AND 4517336
	Bitmap Heap Scan on sbtest1  (cost=5.49..413.00 rows=103 width=125)
	  Recheck Cond: ((k >= 4517236) AND (k <= 4517336))
	  ->  Bitmap Index Scan on k_1  (cost=0.00..5.46 rows=103 width=0)
	        Index Cond: ((k >= 4517236) AND (k <= 4517336))

table 2 : explain SELECT k, c FROM sbtest2 WHERE k BETWEEN 4517236 AND 4517336
	Bitmap Heap Scan on sbtest2  (cost=5.47..405.13 rows=101 width=125)
	  Recheck Cond: ((k >= 4517236) AND (k <= 4517336))
	  ->  Bitmap Index Scan on k_2  (cost=0.00..5.44 rows=101 width=0)
	        Index Cond: ((k >= 4517236) AND (k <= 4517336))

table 3 : explain SELECT k, c FROM sbtest3 WHERE k BETWEEN 4517236 AND 4517336
	Bitmap Heap Scan on sbtest3  (cost=5.43..389.37 rows=97 width=125)
	  Recheck Cond: ((k >= 4517236) AND (k <= 4517336))
	  ->  Bitmap Index Scan on k_3  (cost=0.00..5.40 rows=97 width=0)
	        Index Cond: ((k >= 4517236) AND (k <= 4517336))

table 4 : explain SELECT k, c FROM sbtest4 WHERE k BETWEEN 4517236 AND 4517336
	Bitmap Heap Scan on sbtest4  (cost=5.54..432.69 rows=108 width=125)
	  Recheck Cond: ((k >= 4517236) AND (k <= 4517336))
	  ->  Bitmap Index Scan on k_4  (cost=0.00..5.51 rows=108 width=0)
	        Index Cond: ((k >= 4517236) AND (k <= 4517336))

table 5 : explain SELECT k, c FROM sbtest5 WHERE k BETWEEN 4517236 AND 4517336
	Bitmap Heap Scan on sbtest5  (cost=5.45..397.25 rows=99 width=125)
	  Recheck Cond: ((k >= 4517236) AND (k <= 4517336))
	  ->  Bitmap Index Scan on k_5  (cost=0.00..5.42 rows=99 width=0)
	        Index Cond: ((k >= 4517236) AND (k <= 4517336))

table 6 : explain SELECT k, c FROM sbtest6 WHERE k BETWEEN 4517236 AND 4517336
	Bitmap Heap Scan on sbtest6  (cost=5.43..389.37 rows=97 width=125)
	  Recheck Cond: ((k >= 4517236) AND (k <= 4517336))
	  ->  Bitmap Index Scan on k_6  (cost=0.00..5.40 rows=97 width=0)
	        Index Cond: ((k >= 4517236) AND (k <= 4517336))

table 7 : explain SELECT k, c FROM sbtest7 WHERE k BETWEEN 4517236 AND 4517336
	Bitmap Heap Scan on sbtest7  (cost=5.47..405.13 rows=101 width=125)
	  Recheck Cond: ((k >= 4517236) AND (k <= 4517336))
	  ->  Bitmap Index Scan on k_7  (cost=0.00..5.44 rows=101 width=0)
	        Index Cond: ((k >= 4517236) AND (k <= 4517336))

table 8 : explain SELECT k, c FROM sbtest8 WHERE k BETWEEN 4517236 AND 4517336
	Bitmap Heap Scan on sbtest8  (cost=5.50..416.94 rows=104 width=125)
	  Recheck Cond: ((k >= 4517236) AND (k <= 4517336))
	  ->  Bitmap Index Scan on k_8  (cost=0.00..5.47 rows=104 width=0)
	        Index Cond: ((k >= 4517236) AND (k <= 4517336))

for range-notcovered
table 1 : explain SELECT k, c FROM sbtest1 WHERE k BETWEEN 9305452 AND 9305552
	Bitmap Heap Scan on sbtest1  (cost=5.58..448.42 rows=112 width=125)
	  Recheck Cond: ((k >= 9305452) AND (k <= 9305552))
	  ->  Bitmap Index Scan on k_1  (cost=0.00..5.55 rows=112 width=0)
	        Index Cond: ((k >= 9305452) AND (k <= 9305552))

table 2 : explain SELECT k, c FROM sbtest2 WHERE k BETWEEN 9305452 AND 9305552
	Bitmap Heap Scan on sbtest2  (cost=5.51..420.88 rows=105 width=125)
	  Recheck Cond: ((k >= 9305452) AND (k <= 9305552))
	  ->  Bitmap Index Scan on k_2  (cost=0.00..5.48 rows=105 width=0)
	        Index Cond: ((k >= 9305452) AND (k <= 9305552))

table 3 : explain SELECT k, c FROM sbtest3 WHERE k BETWEEN 9305452 AND 9305552
	Bitmap Heap Scan on sbtest3  (cost=5.50..416.94 rows=104 width=125)
	  Recheck Cond: ((k >= 9305452) AND (k <= 9305552))
	  ->  Bitmap Index Scan on k_3  (cost=0.00..5.47 rows=104 width=0)
	        Index Cond: ((k >= 9305452) AND (k <= 9305552))

table 4 : explain SELECT k, c FROM sbtest4 WHERE k BETWEEN 9305452 AND 9305552
	Bitmap Heap Scan on sbtest4  (cost=5.39..373.61 rows=93 width=125)
	  Recheck Cond: ((k >= 9305452) AND (k <= 9305552))
	  ->  Bitmap Index Scan on k_4  (cost=0.00..5.36 rows=93 width=0)
	        Index Cond: ((k >= 9305452) AND (k <= 9305552))

table 5 : explain SELECT k, c FROM sbtest5 WHERE k BETWEEN 9305452 AND 9305552
	Bitmap Heap Scan on sbtest5  (cost=5.46..401.19 rows=100 width=125)
	  Recheck Cond: ((k >= 9305452) AND (k <= 9305552))
	  ->  Bitmap Index Scan on k_5  (cost=0.00..5.43 rows=100 width=0)
	        Index Cond: ((k >= 9305452) AND (k <= 9305552))

table 6 : explain SELECT k, c FROM sbtest6 WHERE k BETWEEN 9305452 AND 9305552
	Bitmap Heap Scan on sbtest6  (cost=5.56..440.56 rows=110 width=125)
	  Recheck Cond: ((k >= 9305452) AND (k <= 9305552))
	  ->  Bitmap Index Scan on k_6  (cost=0.00..5.53 rows=110 width=0)
	        Index Cond: ((k >= 9305452) AND (k <= 9305552))

table 7 : explain SELECT k, c FROM sbtest7 WHERE k BETWEEN 9305452 AND 9305552
	Bitmap Heap Scan on sbtest7  (cost=5.62..464.15 rows=116 width=125)
	  Recheck Cond: ((k >= 9305452) AND (k <= 9305552))
	  ->  Bitmap Index Scan on k_7  (cost=0.00..5.59 rows=116 width=0)
	        Index Cond: ((k >= 9305452) AND (k <= 9305552))

table 8 : explain SELECT k, c FROM sbtest8 WHERE k BETWEEN 9305452 AND 9305552
	Bitmap Heap Scan on sbtest8  (cost=5.45..397.25 rows=99 width=125)
	  Recheck Cond: ((k >= 9305452) AND (k <= 9305552))
	  ->  Bitmap Index Scan on k_8  (cost=0.00..5.42 rows=99 width=0)
	        Index Cond: ((k >= 9305452) AND (k <= 9305552))

for range-notcovered
table 1 : explain SELECT k, c FROM sbtest1 WHERE k BETWEEN 4398093 AND 4398193
	Bitmap Heap Scan on sbtest1  (cost=5.47..405.13 rows=101 width=125)
	  Recheck Cond: ((k >= 4398093) AND (k <= 4398193))
	  ->  Bitmap Index Scan on k_1  (cost=0.00..5.44 rows=101 width=0)
	        Index Cond: ((k >= 4398093) AND (k <= 4398193))

table 2 : explain SELECT k, c FROM sbtest2 WHERE k BETWEEN 4398093 AND 4398193
	Bitmap Heap Scan on sbtest2  (cost=5.49..413.00 rows=103 width=125)
	  Recheck Cond: ((k >= 4398093) AND (k <= 4398193))
	  ->  Bitmap Index Scan on k_2  (cost=0.00..5.46 rows=103 width=0)
	        Index Cond: ((k >= 4398093) AND (k <= 4398193))

table 3 : explain SELECT k, c FROM sbtest3 WHERE k BETWEEN 4398093 AND 4398193
	Bitmap Heap Scan on sbtest3  (cost=5.49..413.00 rows=103 width=125)
	  Recheck Cond: ((k >= 4398093) AND (k <= 4398193))
	  ->  Bitmap Index Scan on k_3  (cost=0.00..5.46 rows=103 width=0)
	        Index Cond: ((k >= 4398093) AND (k <= 4398193))

table 4 : explain SELECT k, c FROM sbtest4 WHERE k BETWEEN 4398093 AND 4398193
	Bitmap Heap Scan on sbtest4  (cost=5.47..405.13 rows=101 width=125)
	  Recheck Cond: ((k >= 4398093) AND (k <= 4398193))
	  ->  Bitmap Index Scan on k_4  (cost=0.00..5.44 rows=101 width=0)
	        Index Cond: ((k >= 4398093) AND (k <= 4398193))

table 5 : explain SELECT k, c FROM sbtest5 WHERE k BETWEEN 4398093 AND 4398193
	Bitmap Heap Scan on sbtest5  (cost=5.43..389.37 rows=97 width=125)
	  Recheck Cond: ((k >= 4398093) AND (k <= 4398193))
	  ->  Bitmap Index Scan on k_5  (cost=0.00..5.40 rows=97 width=0)
	        Index Cond: ((k >= 4398093) AND (k <= 4398193))

table 6 : explain SELECT k, c FROM sbtest6 WHERE k BETWEEN 4398093 AND 4398193
	Bitmap Heap Scan on sbtest6  (cost=5.50..416.94 rows=104 width=125)
	  Recheck Cond: ((k >= 4398093) AND (k <= 4398193))
	  ->  Bitmap Index Scan on k_6  (cost=0.00..5.47 rows=104 width=0)
	        Index Cond: ((k >= 4398093) AND (k <= 4398193))

table 7 : explain SELECT k, c FROM sbtest7 WHERE k BETWEEN 4398093 AND 4398193
	Bitmap Heap Scan on sbtest7  (cost=5.47..405.13 rows=101 width=125)
	  Recheck Cond: ((k >= 4398093) AND (k <= 4398193))
	  ->  Bitmap Index Scan on k_7  (cost=0.00..5.44 rows=101 width=0)
	        Index Cond: ((k >= 4398093) AND (k <= 4398193))

table 8 : explain SELECT k, c FROM sbtest8 WHERE k BETWEEN 4398093 AND 4398193
	Bitmap Heap Scan on sbtest8  (cost=5.48..409.07 rows=102 width=125)
	  Recheck Cond: ((k >= 4398093) AND (k <= 4398193))
	  ->  Bitmap Index Scan on k_8  (cost=0.00..5.45 rows=102 width=0)
	        Index Cond: ((k >= 4398093) AND (k <= 4398193))

explain: for range-notcovered :: explain SELECT k, c FROM sbtest%d WHERE k BETWEEN 9305452 AND 9305552
explain: for range-notcovered :: explain SELECT k, c FROM sbtest%d WHERE k BETWEEN 4517236 AND 4517336
explain: for range-notcovered :: explain SELECT k, c FROM sbtest%d WHERE k BETWEEN 4398093 AND 4398193
for range-notcovered
table 1 : explain SELECT k, c FROM sbtest1 WHERE k BETWEEN 4761024 AND 4761124
	Bitmap Heap Scan on sbtest1  (cost=5.50..416.94 rows=104 width=125)
	  Recheck Cond: ((k >= 4761024) AND (k <= 4761124))
	  ->  Bitmap Index Scan on k_1  (cost=0.00..5.47 rows=104 width=0)
	        Index Cond: ((k >= 4761024) AND (k <= 4761124))

table 2 : explain SELECT k, c FROM sbtest2 WHERE k BETWEEN 4761024 AND 4761124
	Bitmap Heap Scan on sbtest2  (cost=5.55..436.62 rows=109 width=125)
	  Recheck Cond: ((k >= 4761024) AND (k <= 4761124))
	  ->  Bitmap Index Scan on k_2  (cost=0.00..5.52 rows=109 width=0)
	        Index Cond: ((k >= 4761024) AND (k <= 4761124))

table 3 : explain SELECT k, c FROM sbtest3 WHERE k BETWEEN 4761024 AND 4761124
	Bitmap Heap Scan on sbtest3  (cost=5.53..428.75 rows=107 width=125)
	  Recheck Cond: ((k >= 4761024) AND (k <= 4761124))
	  ->  Bitmap Index Scan on k_3  (cost=0.00..5.50 rows=107 width=0)
	        Index Cond: ((k >= 4761024) AND (k <= 4761124))

table 4 : explain SELECT k, c FROM sbtest4 WHERE k BETWEEN 4761024 AND 4761124
	Bitmap Heap Scan on sbtest4  (cost=5.47..405.13 rows=101 width=125)
	  Recheck Cond: ((k >= 4761024) AND (k <= 4761124))
	  ->  Bitmap Index Scan on k_4  (cost=0.00..5.44 rows=101 width=0)
	        Index Cond: ((k >= 4761024) AND (k <= 4761124))

table 5 : explain SELECT k, c FROM sbtest5 WHERE k BETWEEN 4761024 AND 4761124
	Bitmap Heap Scan on sbtest5  (cost=5.52..424.81 rows=106 width=125)
	  Recheck Cond: ((k >= 4761024) AND (k <= 4761124))
	  ->  Bitmap Index Scan on k_5  (cost=0.00..5.50 rows=106 width=0)
	        Index Cond: ((k >= 4761024) AND (k <= 4761124))

table 6 : explain SELECT k, c FROM sbtest6 WHERE k BETWEEN 4761024 AND 4761124
	Bitmap Heap Scan on sbtest6  (cost=5.48..409.07 rows=102 width=125)
	  Recheck Cond: ((k >= 4761024) AND (k <= 4761124))
	  ->  Bitmap Index Scan on k_6  (cost=0.00..5.45 rows=102 width=0)
	        Index Cond: ((k >= 4761024) AND (k <= 4761124))

table 7 : explain SELECT k, c FROM sbtest7 WHERE k BETWEEN 4761024 AND 4761124
	Bitmap Heap Scan on sbtest7  (cost=5.38..369.67 rows=92 width=125)
	  Recheck Cond: ((k >= 4761024) AND (k <= 4761124))
	  ->  Bitmap Index Scan on k_7  (cost=0.00..5.35 rows=92 width=0)
	        Index Cond: ((k >= 4761024) AND (k <= 4761124))

table 8 : explain SELECT k, c FROM sbtest8 WHERE k BETWEEN 4761024 AND 4761124
	Bitmap Heap Scan on sbtest8  (cost=5.39..373.61 rows=93 width=125)
	  Recheck Cond: ((k >= 4761024) AND (k <= 4761124))
	  ->  Bitmap Index Scan on k_8  (cost=0.00..5.36 rows=93 width=0)
	        Index Cond: ((k >= 4761024) AND (k <= 4761124))

for range-notcovered
table 1 : explain SELECT k, c FROM sbtest1 WHERE k BETWEEN 7891657 AND 7891757
	Bitmap Heap Scan on sbtest1  (cost=5.38..369.67 rows=92 width=125)
	  Recheck Cond: ((k >= 7891657) AND (k <= 7891757))
	  ->  Bitmap Index Scan on k_1  (cost=0.00..5.35 rows=92 width=0)
	        Index Cond: ((k >= 7891657) AND (k <= 7891757))

table 2 : explain SELECT k, c FROM sbtest2 WHERE k BETWEEN 7891657 AND 7891757
	Bitmap Heap Scan on sbtest2  (cost=5.41..381.49 rows=95 width=125)
	  Recheck Cond: ((k >= 7891657) AND (k <= 7891757))
	  ->  Bitmap Index Scan on k_2  (cost=0.00..5.38 rows=95 width=0)
	        Index Cond: ((k >= 7891657) AND (k <= 7891757))

table 3 : explain SELECT k, c FROM sbtest3 WHERE k BETWEEN 7891657 AND 7891757
	Bitmap Heap Scan on sbtest3  (cost=5.47..405.13 rows=101 width=125)
	  Recheck Cond: ((k >= 7891657) AND (k <= 7891757))
	  ->  Bitmap Index Scan on k_3  (cost=0.00..5.44 rows=101 width=0)
	        Index Cond: ((k >= 7891657) AND (k <= 7891757))

table 4 : explain SELECT k, c FROM sbtest4 WHERE k BETWEEN 7891657 AND 7891757
	Bitmap Heap Scan on sbtest4  (cost=5.41..381.49 rows=95 width=125)
	  Recheck Cond: ((k >= 7891657) AND (k <= 7891757))
	  ->  Bitmap Index Scan on k_4  (cost=0.00..5.38 rows=95 width=0)
	        Index Cond: ((k >= 7891657) AND (k <= 7891757))

table 5 : explain SELECT k, c FROM sbtest5 WHERE k BETWEEN 7891657 AND 7891757
	Bitmap Heap Scan on sbtest5  (cost=5.51..420.88 rows=105 width=125)
	  Recheck Cond: ((k >= 7891657) AND (k <= 7891757))
	  ->  Bitmap Index Scan on k_5  (cost=0.00..5.48 rows=105 width=0)
	        Index Cond: ((k >= 7891657) AND (k <= 7891757))

table 6 : explain SELECT k, c FROM sbtest6 WHERE k BETWEEN 7891657 AND 7891757
	Bitmap Heap Scan on sbtest6  (cost=5.52..424.81 rows=106 width=125)
	  Recheck Cond: ((k >= 7891657) AND (k <= 7891757))
	  ->  Bitmap Index Scan on k_6  (cost=0.00..5.50 rows=106 width=0)
	        Index Cond: ((k >= 7891657) AND (k <= 7891757))

table 7 : explain SELECT k, c FROM sbtest7 WHERE k BETWEEN 7891657 AND 7891757
	Bitmap Heap Scan on sbtest7  (cost=5.44..393.31 rows=98 width=125)
	  Recheck Cond: ((k >= 7891657) AND (k <= 7891757))
	  ->  Bitmap Index Scan on k_7  (cost=0.00..5.42 rows=98 width=0)
	        Index Cond: ((k >= 7891657) AND (k <= 7891757))

table 8 : explain SELECT k, c FROM sbtest8 WHERE k BETWEEN 7891657 AND 7891757
	Bitmap Heap Scan on sbtest8  (cost=5.45..397.25 rows=99 width=125)
	  Recheck Cond: ((k >= 7891657) AND (k <= 7891757))
	  ->  Bitmap Index Scan on k_8  (cost=0.00..5.42 rows=99 width=0)
	        Index Cond: ((k >= 7891657) AND (k <= 7891757))

explain: for range-notcovered :: explain SELECT k, c FROM sbtest%d WHERE k BETWEEN 4761024 AND 4761124
explain: for range-notcovered :: explain SELECT k, c FROM sbtest%d WHERE k BETWEEN 7891657 AND 7891757
for range-notcovered
table 1 : explain SELECT k, c FROM sbtest1 WHERE k BETWEEN 7147573 AND 7147673
	Bitmap Heap Scan on sbtest1  (cost=5.50..416.94 rows=104 width=125)
	  Recheck Cond: ((k >= 7147573) AND (k <= 7147673))
	  ->  Bitmap Index Scan on k_1  (cost=0.00..5.47 rows=104 width=0)
	        Index Cond: ((k >= 7147573) AND (k <= 7147673))

table 2 : explain SELECT k, c FROM sbtest2 WHERE k BETWEEN 7147573 AND 7147673
	Bitmap Heap Scan on sbtest2  (cost=5.57..444.49 rows=111 width=125)
	  Recheck Cond: ((k >= 7147573) AND (k <= 7147673))
	  ->  Bitmap Index Scan on k_2  (cost=0.00..5.54 rows=111 width=0)
	        Index Cond: ((k >= 7147573) AND (k <= 7147673))

table 3 : explain SELECT k, c FROM sbtest3 WHERE k BETWEEN 7147573 AND 7147673
	Bitmap Heap Scan on sbtest3  (cost=5.47..405.13 rows=101 width=125)
	  Recheck Cond: ((k >= 7147573) AND (k <= 7147673))
	  ->  Bitmap Index Scan on k_3  (cost=0.00..5.44 rows=101 width=0)
	        Index Cond: ((k >= 7147573) AND (k <= 7147673))

table 4 : explain SELECT k, c FROM sbtest4 WHERE k BETWEEN 7147573 AND 7147673
	Bitmap Heap Scan on sbtest4  (cost=5.42..385.43 rows=96 width=125)
	  Recheck Cond: ((k >= 7147573) AND (k <= 7147673))
	  ->  Bitmap Index Scan on k_4  (cost=0.00..5.39 rows=96 width=0)
	        Index Cond: ((k >= 7147573) AND (k <= 7147673))

table 5 : explain SELECT k, c FROM sbtest5 WHERE k BETWEEN 7147573 AND 7147673
	Bitmap Heap Scan on sbtest5  (cost=5.43..389.37 rows=97 width=125)
	  Recheck Cond: ((k >= 7147573) AND (k <= 7147673))
	  ->  Bitmap Index Scan on k_5  (cost=0.00..5.40 rows=97 width=0)
	        Index Cond: ((k >= 7147573) AND (k <= 7147673))

table 6 : explain SELECT k, c FROM sbtest6 WHERE k BETWEEN 7147573 AND 7147673
	Bitmap Heap Scan on sbtest6  (cost=5.46..401.19 rows=100 width=125)
	  Recheck Cond: ((k >= 7147573) AND (k <= 7147673))
	  ->  Bitmap Index Scan on k_6  (cost=0.00..5.43 rows=100 width=0)
	        Index Cond: ((k >= 7147573) AND (k <= 7147673))

table 7 : explain SELECT k, c FROM sbtest7 WHERE k BETWEEN 7147573 AND 7147673
	Bitmap Heap Scan on sbtest7  (cost=5.51..420.88 rows=105 width=125)
	  Recheck Cond: ((k >= 7147573) AND (k <= 7147673))
	  ->  Bitmap Index Scan on k_7  (cost=0.00..5.48 rows=105 width=0)
	        Index Cond: ((k >= 7147573) AND (k <= 7147673))

table 8 : explain SELECT k, c FROM sbtest8 WHERE k BETWEEN 7147573 AND 7147673
	Bitmap Heap Scan on sbtest8  (cost=5.47..405.13 rows=101 width=125)
	  Recheck Cond: ((k >= 7147573) AND (k <= 7147673))
	  ->  Bitmap Index Scan on k_8  (cost=0.00..5.44 rows=101 width=0)
	        Index Cond: ((k >= 7147573) AND (k <= 7147673))

explain: for range-notcovered :: explain SELECT k, c FROM sbtest%d WHERE k BETWEEN 3166405 AND 3166505
explain: for range-notcovered :: explain SELECT k, c FROM sbtest%d WHERE k BETWEEN 7147573 AND 7147673
explain: for range-notcovered :: explain SELECT k, c FROM sbtest%d WHERE k BETWEEN 8258491 AND 8258591
for range-notcovered
table 1 : explain SELECT k, c FROM sbtest1 WHERE k BETWEEN 4517236 AND 4517336
	Bitmap Heap Scan on sbtest1  (cost=5.49..413.00 rows=103 width=125)
	  Recheck Cond: ((k >= 4517236) AND (k <= 4517336))
	  ->  Bitmap Index Scan on k_1  (cost=0.00..5.46 rows=103 width=0)
	        Index Cond: ((k >= 4517236) AND (k <= 4517336))

table 2 : explain SELECT k, c FROM sbtest2 WHERE k BETWEEN 4517236 AND 4517336
	Bitmap Heap Scan on sbtest2  (cost=5.47..405.13 rows=101 width=125)
	  Recheck Cond: ((k >= 4517236) AND (k <= 4517336))
	  ->  Bitmap Index Scan on k_2  (cost=0.00..5.44 rows=101 width=0)
	        Index Cond: ((k >= 4517236) AND (k <= 4517336))

table 3 : explain SELECT k, c FROM sbtest3 WHERE k BETWEEN 4517236 AND 4517336
	Bitmap Heap Scan on sbtest3  (cost=5.43..389.37 rows=97 width=125)
	  Recheck Cond: ((k >= 4517236) AND (k <= 4517336))
	  ->  Bitmap Index Scan on k_3  (cost=0.00..5.40 rows=97 width=0)
	        Index Cond: ((k >= 4517236) AND (k <= 4517336))

table 4 : explain SELECT k, c FROM sbtest4 WHERE k BETWEEN 4517236 AND 4517336
	Bitmap Heap Scan on sbtest4  (cost=5.54..432.69 rows=108 width=125)
	  Recheck Cond: ((k >= 4517236) AND (k <= 4517336))
	  ->  Bitmap Index Scan on k_4  (cost=0.00..5.51 rows=108 width=0)
	        Index Cond: ((k >= 4517236) AND (k <= 4517336))

table 5 : explain SELECT k, c FROM sbtest5 WHERE k BETWEEN 4517236 AND 4517336
	Bitmap Heap Scan on sbtest5  (cost=5.45..397.25 rows=99 width=125)
	  Recheck Cond: ((k >= 4517236) AND (k <= 4517336))
	  ->  Bitmap Index Scan on k_5  (cost=0.00..5.42 rows=99 width=0)
	        Index Cond: ((k >= 4517236) AND (k <= 4517336))

table 6 : explain SELECT k, c FROM sbtest6 WHERE k BETWEEN 4517236 AND 4517336
	Bitmap Heap Scan on sbtest6  (cost=5.43..389.37 rows=97 width=125)
	  Recheck Cond: ((k >= 4517236) AND (k <= 4517336))
	  ->  Bitmap Index Scan on k_6  (cost=0.00..5.40 rows=97 width=0)
	        Index Cond: ((k >= 4517236) AND (k <= 4517336))

table 7 : explain SELECT k, c FROM sbtest7 WHERE k BETWEEN 4517236 AND 4517336
	Bitmap Heap Scan on sbtest7  (cost=5.47..405.13 rows=101 width=125)
	  Recheck Cond: ((k >= 4517236) AND (k <= 4517336))
	  ->  Bitmap Index Scan on k_7  (cost=0.00..5.44 rows=101 width=0)
	        Index Cond: ((k >= 4517236) AND (k <= 4517336))

table 8 : explain SELECT k, c FROM sbtest8 WHERE k BETWEEN 4517236 AND 4517336
	Bitmap Heap Scan on sbtest8  (cost=5.50..416.94 rows=104 width=125)
	  Recheck Cond: ((k >= 4517236) AND (k <= 4517336))
	  ->  Bitmap Index Scan on k_8  (cost=0.00..5.47 rows=104 width=0)
	        Index Cond: ((k >= 4517236) AND (k <= 4517336))

explain: for range-notcovered :: explain SELECT k, c FROM sbtest%d WHERE k BETWEEN 4275733 AND 4275833
for range-notcovered
table 1 : explain SELECT k, c FROM sbtest1 WHERE k BETWEEN 9305452 AND 9305552
	Bitmap Heap Scan on sbtest1  (cost=5.58..448.42 rows=112 width=125)
	  Recheck Cond: ((k >= 9305452) AND (k <= 9305552))
	  ->  Bitmap Index Scan on k_1  (cost=0.00..5.55 rows=112 width=0)
	        Index Cond: ((k >= 9305452) AND (k <= 9305552))

table 2 : explain SELECT k, c FROM sbtest2 WHERE k BETWEEN 9305452 AND 9305552
	Bitmap Heap Scan on sbtest2  (cost=5.51..420.88 rows=105 width=125)
	  Recheck Cond: ((k >= 9305452) AND (k <= 9305552))
	  ->  Bitmap Index Scan on k_2  (cost=0.00..5.48 rows=105 width=0)
	        Index Cond: ((k >= 9305452) AND (k <= 9305552))

table 3 : explain SELECT k, c FROM sbtest3 WHERE k BETWEEN 9305452 AND 9305552
	Bitmap Heap Scan on sbtest3  (cost=5.50..416.94 rows=104 width=125)
	  Recheck Cond: ((k >= 9305452) AND (k <= 9305552))
	  ->  Bitmap Index Scan on k_3  (cost=0.00..5.47 rows=104 width=0)
	        Index Cond: ((k >= 9305452) AND (k <= 9305552))

table 4 : explain SELECT k, c FROM sbtest4 WHERE k BETWEEN 9305452 AND 9305552
	Bitmap Heap Scan on sbtest4  (cost=5.39..373.61 rows=93 width=125)
	  Recheck Cond: ((k >= 9305452) AND (k <= 9305552))
	  ->  Bitmap Index Scan on k_4  (cost=0.00..5.36 rows=93 width=0)
	        Index Cond: ((k >= 9305452) AND (k <= 9305552))

table 5 : explain SELECT k, c FROM sbtest5 WHERE k BETWEEN 9305452 AND 9305552
	Bitmap Heap Scan on sbtest5  (cost=5.46..401.19 rows=100 width=125)
	  Recheck Cond: ((k >= 9305452) AND (k <= 9305552))
	  ->  Bitmap Index Scan on k_5  (cost=0.00..5.43 rows=100 width=0)
	        Index Cond: ((k >= 9305452) AND (k <= 9305552))

table 6 : explain SELECT k, c FROM sbtest6 WHERE k BETWEEN 9305452 AND 9305552
	Bitmap Heap Scan on sbtest6  (cost=5.56..440.56 rows=110 width=125)
	  Recheck Cond: ((k >= 9305452) AND (k <= 9305552))
	  ->  Bitmap Index Scan on k_6  (cost=0.00..5.53 rows=110 width=0)
	        Index Cond: ((k >= 9305452) AND (k <= 9305552))

table 7 : explain SELECT k, c FROM sbtest7 WHERE k BETWEEN 9305452 AND 9305552
	Bitmap Heap Scan on sbtest7  (cost=5.62..464.15 rows=116 width=125)
	  Recheck Cond: ((k >= 9305452) AND (k <= 9305552))
	  ->  Bitmap Index Scan on k_7  (cost=0.00..5.59 rows=116 width=0)
	        Index Cond: ((k >= 9305452) AND (k <= 9305552))

table 8 : explain SELECT k, c FROM sbtest8 WHERE k BETWEEN 9305452 AND 9305552
	Bitmap Heap Scan on sbtest8  (cost=5.45..397.25 rows=99 width=125)
	  Recheck Cond: ((k >= 9305452) AND (k <= 9305552))
	  ->  Bitmap Index Scan on k_8  (cost=0.00..5.42 rows=99 width=0)
	        Index Cond: ((k >= 9305452) AND (k <= 9305552))

for range-notcovered
table 1 : explain SELECT k, c FROM sbtest1 WHERE k BETWEEN 4398093 AND 4398193
	Bitmap Heap Scan on sbtest1  (cost=5.47..405.13 rows=101 width=125)
	  Recheck Cond: ((k >= 4398093) AND (k <= 4398193))
	  ->  Bitmap Index Scan on k_1  (cost=0.00..5.44 rows=101 width=0)
	        Index Cond: ((k >= 4398093) AND (k <= 4398193))

table 2 : explain SELECT k, c FROM sbtest2 WHERE k BETWEEN 4398093 AND 4398193
	Bitmap Heap Scan on sbtest2  (cost=5.49..413.00 rows=103 width=125)
	  Recheck Cond: ((k >= 4398093) AND (k <= 4398193))
	  ->  Bitmap Index Scan on k_2  (cost=0.00..5.46 rows=103 width=0)
	        Index Cond: ((k >= 4398093) AND (k <= 4398193))

table 3 : explain SELECT k, c FROM sbtest3 WHERE k BETWEEN 4398093 AND 4398193
	Bitmap Heap Scan on sbtest3  (cost=5.49..413.00 rows=103 width=125)
	  Recheck Cond: ((k >= 4398093) AND (k <= 4398193))
	  ->  Bitmap Index Scan on k_3  (cost=0.00..5.46 rows=103 width=0)
	        Index Cond: ((k >= 4398093) AND (k <= 4398193))

table 4 : explain SELECT k, c FROM sbtest4 WHERE k BETWEEN 4398093 AND 4398193
	Bitmap Heap Scan on sbtest4  (cost=5.47..405.13 rows=101 width=125)
	  Recheck Cond: ((k >= 4398093) AND (k <= 4398193))
	  ->  Bitmap Index Scan on k_4  (cost=0.00..5.44 rows=101 width=0)
	        Index Cond: ((k >= 4398093) AND (k <= 4398193))

table 5 : explain SELECT k, c FROM sbtest5 WHERE k BETWEEN 4398093 AND 4398193
	Bitmap Heap Scan on sbtest5  (cost=5.43..389.37 rows=97 width=125)
	  Recheck Cond: ((k >= 4398093) AND (k <= 4398193))
	  ->  Bitmap Index Scan on k_5  (cost=0.00..5.40 rows=97 width=0)
	        Index Cond: ((k >= 4398093) AND (k <= 4398193))

table 6 : explain SELECT k, c FROM sbtest6 WHERE k BETWEEN 4398093 AND 4398193
	Bitmap Heap Scan on sbtest6  (cost=5.50..416.94 rows=104 width=125)
	  Recheck Cond: ((k >= 4398093) AND (k <= 4398193))
	  ->  Bitmap Index Scan on k_6  (cost=0.00..5.47 rows=104 width=0)
	        Index Cond: ((k >= 4398093) AND (k <= 4398193))

table 7 : explain SELECT k, c FROM sbtest7 WHERE k BETWEEN 4398093 AND 4398193
	Bitmap Heap Scan on sbtest7  (cost=5.47..405.13 rows=101 width=125)
	  Recheck Cond: ((k >= 4398093) AND (k <= 4398193))
	  ->  Bitmap Index Scan on k_7  (cost=0.00..5.44 rows=101 width=0)
	        Index Cond: ((k >= 4398093) AND (k <= 4398193))

table 8 : explain SELECT k, c FROM sbtest8 WHERE k BETWEEN 4398093 AND 4398193
	Bitmap Heap Scan on sbtest8  (cost=5.48..409.07 rows=102 width=125)
	  Recheck Cond: ((k >= 4398093) AND (k <= 4398193))
	  ->  Bitmap Index Scan on k_8  (cost=0.00..5.45 rows=102 width=0)
	        Index Cond: ((k >= 4398093) AND (k <= 4398193))

explain: for range-notcovered :: explain SELECT k, c FROM sbtest%d WHERE k BETWEEN 2833974 AND 2834074
explain: for range-notcovered :: explain SELECT k, c FROM sbtest%d WHERE k BETWEEN 9305452 AND 9305552
explain: for range-notcovered :: explain SELECT k, c FROM sbtest%d WHERE k BETWEEN 4517236 AND 4517336
explain: for range-notcovered :: explain SELECT k, c FROM sbtest%d WHERE k BETWEEN 1890027 AND 1890127
for range-notcovered
table 1 : explain SELECT k, c FROM sbtest1 WHERE k BETWEEN 7147573 AND 7147673
	Bitmap Heap Scan on sbtest1  (cost=5.50..416.94 rows=104 width=125)
	  Recheck Cond: ((k >= 7147573) AND (k <= 7147673))
	  ->  Bitmap Index Scan on k_1  (cost=0.00..5.47 rows=104 width=0)
	        Index Cond: ((k >= 7147573) AND (k <= 7147673))

table 2 : explain SELECT k, c FROM sbtest2 WHERE k BETWEEN 7147573 AND 7147673
	Bitmap Heap Scan on sbtest2  (cost=5.57..444.49 rows=111 width=125)
	  Recheck Cond: ((k >= 7147573) AND (k <= 7147673))
	  ->  Bitmap Index Scan on k_2  (cost=0.00..5.54 rows=111 width=0)
	        Index Cond: ((k >= 7147573) AND (k <= 7147673))

table 3 : explain SELECT k, c FROM sbtest3 WHERE k BETWEEN 7147573 AND 7147673
	Bitmap Heap Scan on sbtest3  (cost=5.47..405.13 rows=101 width=125)
	  Recheck Cond: ((k >= 7147573) AND (k <= 7147673))
	  ->  Bitmap Index Scan on k_3  (cost=0.00..5.44 rows=101 width=0)
	        Index Cond: ((k >= 7147573) AND (k <= 7147673))

table 4 : explain SELECT k, c FROM sbtest4 WHERE k BETWEEN 7147573 AND 7147673
	Bitmap Heap Scan on sbtest4  (cost=5.42..385.43 rows=96 width=125)
	  Recheck Cond: ((k >= 7147573) AND (k <= 7147673))
	  ->  Bitmap Index Scan on k_4  (cost=0.00..5.39 rows=96 width=0)
	        Index Cond: ((k >= 7147573) AND (k <= 7147673))

table 5 : explain SELECT k, c FROM sbtest5 WHERE k BETWEEN 7147573 AND 7147673
	Bitmap Heap Scan on sbtest5  (cost=5.43..389.37 rows=97 width=125)
	  Recheck Cond: ((k >= 7147573) AND (k <= 7147673))
	  ->  Bitmap Index Scan on k_5  (cost=0.00..5.40 rows=97 width=0)
	        Index Cond: ((k >= 7147573) AND (k <= 7147673))

table 6 : explain SELECT k, c FROM sbtest6 WHERE k BETWEEN 7147573 AND 7147673
	Bitmap Heap Scan on sbtest6  (cost=5.46..401.19 rows=100 width=125)
	  Recheck Cond: ((k >= 7147573) AND (k <= 7147673))
	  ->  Bitmap Index Scan on k_6  (cost=0.00..5.43 rows=100 width=0)
	        Index Cond: ((k >= 7147573) AND (k <= 7147673))

table 7 : explain SELECT k, c FROM sbtest7 WHERE k BETWEEN 7147573 AND 7147673
	Bitmap Heap Scan on sbtest7  (cost=5.51..420.88 rows=105 width=125)
	  Recheck Cond: ((k >= 7147573) AND (k <= 7147673))
	  ->  Bitmap Index Scan on k_7  (cost=0.00..5.48 rows=105 width=0)
	        Index Cond: ((k >= 7147573) AND (k <= 7147673))

table 8 : explain SELECT k, c FROM sbtest8 WHERE k BETWEEN 7147573 AND 7147673
	Bitmap Heap Scan on sbtest8  (cost=5.47..405.13 rows=101 width=125)
	  Recheck Cond: ((k >= 7147573) AND (k <= 7147673))
	  ->  Bitmap Index Scan on k_8  (cost=0.00..5.44 rows=101 width=0)
	        Index Cond: ((k >= 7147573) AND (k <= 7147673))

explain: for range-notcovered :: explain SELECT k, c FROM sbtest%d WHERE k BETWEEN 7147573 AND 7147673
explain: for range-notcovered :: explain SELECT k, c FROM sbtest%d WHERE k BETWEEN 4398093 AND 4398193
for range-notcovered
table 1 : explain SELECT k, c FROM sbtest1 WHERE k BETWEEN 4761024 AND 4761124
	Bitmap Heap Scan on sbtest1  (cost=5.50..416.94 rows=104 width=125)
	  Recheck Cond: ((k >= 4761024) AND (k <= 4761124))
	  ->  Bitmap Index Scan on k_1  (cost=0.00..5.47 rows=104 width=0)
	        Index Cond: ((k >= 4761024) AND (k <= 4761124))

table 2 : explain SELECT k, c FROM sbtest2 WHERE k BETWEEN 4761024 AND 4761124
	Bitmap Heap Scan on sbtest2  (cost=5.55..436.62 rows=109 width=125)
	  Recheck Cond: ((k >= 4761024) AND (k <= 4761124))
	  ->  Bitmap Index Scan on k_2  (cost=0.00..5.52 rows=109 width=0)
	        Index Cond: ((k >= 4761024) AND (k <= 4761124))

table 3 : explain SELECT k, c FROM sbtest3 WHERE k BETWEEN 4761024 AND 4761124
	Bitmap Heap Scan on sbtest3  (cost=5.53..428.75 rows=107 width=125)
	  Recheck Cond: ((k >= 4761024) AND (k <= 4761124))
	  ->  Bitmap Index Scan on k_3  (cost=0.00..5.50 rows=107 width=0)
	        Index Cond: ((k >= 4761024) AND (k <= 4761124))

table 4 : explain SELECT k, c FROM sbtest4 WHERE k BETWEEN 4761024 AND 4761124
	Bitmap Heap Scan on sbtest4  (cost=5.47..405.13 rows=101 width=125)
	  Recheck Cond: ((k >= 4761024) AND (k <= 4761124))
	  ->  Bitmap Index Scan on k_4  (cost=0.00..5.44 rows=101 width=0)
	        Index Cond: ((k >= 4761024) AND (k <= 4761124))

table 5 : explain SELECT k, c FROM sbtest5 WHERE k BETWEEN 4761024 AND 4761124
	Bitmap Heap Scan on sbtest5  (cost=5.52..424.81 rows=106 width=125)
	  Recheck Cond: ((k >= 4761024) AND (k <= 4761124))
	  ->  Bitmap Index Scan on k_5  (cost=0.00..5.50 rows=106 width=0)
	        Index Cond: ((k >= 4761024) AND (k <= 4761124))

table 6 : explain SELECT k, c FROM sbtest6 WHERE k BETWEEN 4761024 AND 4761124
	Bitmap Heap Scan on sbtest6  (cost=5.48..409.07 rows=102 width=125)
	  Recheck Cond: ((k >= 4761024) AND (k <= 4761124))
	  ->  Bitmap Index Scan on k_6  (cost=0.00..5.45 rows=102 width=0)
	        Index Cond: ((k >= 4761024) AND (k <= 4761124))

table 7 : explain SELECT k, c FROM sbtest7 WHERE k BETWEEN 4761024 AND 4761124
	Bitmap Heap Scan on sbtest7  (cost=5.38..369.67 rows=92 width=125)
	  Recheck Cond: ((k >= 4761024) AND (k <= 4761124))
	  ->  Bitmap Index Scan on k_7  (cost=0.00..5.35 rows=92 width=0)
	        Index Cond: ((k >= 4761024) AND (k <= 4761124))

table 8 : explain SELECT k, c FROM sbtest8 WHERE k BETWEEN 4761024 AND 4761124
	Bitmap Heap Scan on sbtest8  (cost=5.39..373.61 rows=93 width=125)
	  Recheck Cond: ((k >= 4761024) AND (k <= 4761124))
	  ->  Bitmap Index Scan on k_8  (cost=0.00..5.36 rows=93 width=0)
	        Index Cond: ((k >= 4761024) AND (k <= 4761124))

for range-notcovered
table 1 : explain SELECT k, c FROM sbtest1 WHERE k BETWEEN 7891657 AND 7891757
	Bitmap Heap Scan on sbtest1  (cost=5.38..369.67 rows=92 width=125)
	  Recheck Cond: ((k >= 7891657) AND (k <= 7891757))
	  ->  Bitmap Index Scan on k_1  (cost=0.00..5.35 rows=92 width=0)
	        Index Cond: ((k >= 7891657) AND (k <= 7891757))

table 2 : explain SELECT k, c FROM sbtest2 WHERE k BETWEEN 7891657 AND 7891757
	Bitmap Heap Scan on sbtest2  (cost=5.41..381.49 rows=95 width=125)
	  Recheck Cond: ((k >= 7891657) AND (k <= 7891757))
	  ->  Bitmap Index Scan on k_2  (cost=0.00..5.38 rows=95 width=0)
	        Index Cond: ((k >= 7891657) AND (k <= 7891757))

table 3 : explain SELECT k, c FROM sbtest3 WHERE k BETWEEN 7891657 AND 7891757
	Bitmap Heap Scan on sbtest3  (cost=5.47..405.13 rows=101 width=125)
	  Recheck Cond: ((k >= 7891657) AND (k <= 7891757))
	  ->  Bitmap Index Scan on k_3  (cost=0.00..5.44 rows=101 width=0)
	        Index Cond: ((k >= 7891657) AND (k <= 7891757))

table 4 : explain SELECT k, c FROM sbtest4 WHERE k BETWEEN 7891657 AND 7891757
	Bitmap Heap Scan on sbtest4  (cost=5.41..381.49 rows=95 width=125)
	  Recheck Cond: ((k >= 7891657) AND (k <= 7891757))
	  ->  Bitmap Index Scan on k_4  (cost=0.00..5.38 rows=95 width=0)
	        Index Cond: ((k >= 7891657) AND (k <= 7891757))

table 5 : explain SELECT k, c FROM sbtest5 WHERE k BETWEEN 7891657 AND 7891757
	Bitmap Heap Scan on sbtest5  (cost=5.51..420.88 rows=105 width=125)
	  Recheck Cond: ((k >= 7891657) AND (k <= 7891757))
	  ->  Bitmap Index Scan on k_5  (cost=0.00..5.48 rows=105 width=0)
	        Index Cond: ((k >= 7891657) AND (k <= 7891757))

table 6 : explain SELECT k, c FROM sbtest6 WHERE k BETWEEN 7891657 AND 7891757
	Bitmap Heap Scan on sbtest6  (cost=5.52..424.81 rows=106 width=125)
	  Recheck Cond: ((k >= 7891657) AND (k <= 7891757))
	  ->  Bitmap Index Scan on k_6  (cost=0.00..5.50 rows=106 width=0)
	        Index Cond: ((k >= 7891657) AND (k <= 7891757))

table 7 : explain SELECT k, c FROM sbtest7 WHERE k BETWEEN 7891657 AND 7891757
	Bitmap Heap Scan on sbtest7  (cost=5.44..393.31 rows=98 width=125)
	  Recheck Cond: ((k >= 7891657) AND (k <= 7891757))
	  ->  Bitmap Index Scan on k_7  (cost=0.00..5.42 rows=98 width=0)
	        Index Cond: ((k >= 7891657) AND (k <= 7891757))

table 8 : explain SELECT k, c FROM sbtest8 WHERE k BETWEEN 7891657 AND 7891757
	Bitmap Heap Scan on sbtest8  (cost=5.45..397.25 rows=99 width=125)
	  Recheck Cond: ((k >= 7891657) AND (k <= 7891757))
	  ->  Bitmap Index Scan on k_8  (cost=0.00..5.42 rows=99 width=0)
	        Index Cond: ((k >= 7891657) AND (k <= 7891757))

explain: for range-notcovered :: explain SELECT k, c FROM sbtest%d WHERE k BETWEEN 4761024 AND 4761124
explain: for range-notcovered :: explain SELECT k, c FROM sbtest%d WHERE k BETWEEN 7891657 AND 7891757
for range-notcovered
table 1 : explain SELECT k, c FROM sbtest1 WHERE k BETWEEN 9305452 AND 9305552
	Bitmap Heap Scan on sbtest1  (cost=5.58..448.42 rows=112 width=125)
	  Recheck Cond: ((k >= 9305452) AND (k <= 9305552))
	  ->  Bitmap Index Scan on k_1  (cost=0.00..5.55 rows=112 width=0)
	        Index Cond: ((k >= 9305452) AND (k <= 9305552))

table 2 : explain SELECT k, c FROM sbtest2 WHERE k BETWEEN 9305452 AND 9305552
	Bitmap Heap Scan on sbtest2  (cost=5.51..420.88 rows=105 width=125)
	  Recheck Cond: ((k >= 9305452) AND (k <= 9305552))
	  ->  Bitmap Index Scan on k_2  (cost=0.00..5.48 rows=105 width=0)
	        Index Cond: ((k >= 9305452) AND (k <= 9305552))

table 3 : explain SELECT k, c FROM sbtest3 WHERE k BETWEEN 9305452 AND 9305552
	Bitmap Heap Scan on sbtest3  (cost=5.50..416.94 rows=104 width=125)
	  Recheck Cond: ((k >= 9305452) AND (k <= 9305552))
	  ->  Bitmap Index Scan on k_3  (cost=0.00..5.47 rows=104 width=0)
	        Index Cond: ((k >= 9305452) AND (k <= 9305552))

table 4 : explain SELECT k, c FROM sbtest4 WHERE k BETWEEN 9305452 AND 9305552
	Bitmap Heap Scan on sbtest4  (cost=5.39..373.61 rows=93 width=125)
	  Recheck Cond: ((k >= 9305452) AND (k <= 9305552))
	  ->  Bitmap Index Scan on k_4  (cost=0.00..5.36 rows=93 width=0)
	        Index Cond: ((k >= 9305452) AND (k <= 9305552))

table 5 : explain SELECT k, c FROM sbtest5 WHERE k BETWEEN 9305452 AND 9305552
	Bitmap Heap Scan on sbtest5  (cost=5.46..401.19 rows=100 width=125)
	  Recheck Cond: ((k >= 9305452) AND (k <= 9305552))
	  ->  Bitmap Index Scan on k_5  (cost=0.00..5.43 rows=100 width=0)
	        Index Cond: ((k >= 9305452) AND (k <= 9305552))

table 6 : explain SELECT k, c FROM sbtest6 WHERE k BETWEEN 9305452 AND 9305552
	Bitmap Heap Scan on sbtest6  (cost=5.56..440.56 rows=110 width=125)
	  Recheck Cond: ((k >= 9305452) AND (k <= 9305552))
	  ->  Bitmap Index Scan on k_6  (cost=0.00..5.53 rows=110 width=0)
	        Index Cond: ((k >= 9305452) AND (k <= 9305552))

table 7 : explain SELECT k, c FROM sbtest7 WHERE k BETWEEN 9305452 AND 9305552
	Bitmap Heap Scan on sbtest7  (cost=5.62..464.15 rows=116 width=125)
	  Recheck Cond: ((k >= 9305452) AND (k <= 9305552))
	  ->  Bitmap Index Scan on k_7  (cost=0.00..5.59 rows=116 width=0)
	        Index Cond: ((k >= 9305452) AND (k <= 9305552))

table 8 : explain SELECT k, c FROM sbtest8 WHERE k BETWEEN 9305452 AND 9305552
	Bitmap Heap Scan on sbtest8  (cost=5.45..397.25 rows=99 width=125)
	  Recheck Cond: ((k >= 9305452) AND (k <= 9305552))
	  ->  Bitmap Index Scan on k_8  (cost=0.00..5.42 rows=99 width=0)
	        Index Cond: ((k >= 9305452) AND (k <= 9305552))

explain: for range-notcovered :: explain SELECT k, c FROM sbtest%d WHERE k BETWEEN 9305452 AND 9305552
for range-notcovered
table 1 : explain SELECT k, c FROM sbtest1 WHERE k BETWEEN 7147573 AND 7147673
	Bitmap Heap Scan on sbtest1  (cost=5.50..416.94 rows=104 width=125)
	  Recheck Cond: ((k >= 7147573) AND (k <= 7147673))
	  ->  Bitmap Index Scan on k_1  (cost=0.00..5.47 rows=104 width=0)
	        Index Cond: ((k >= 7147573) AND (k <= 7147673))

table 2 : explain SELECT k, c FROM sbtest2 WHERE k BETWEEN 7147573 AND 7147673
	Bitmap Heap Scan on sbtest2  (cost=5.57..444.49 rows=111 width=125)
	  Recheck Cond: ((k >= 7147573) AND (k <= 7147673))
	  ->  Bitmap Index Scan on k_2  (cost=0.00..5.54 rows=111 width=0)
	        Index Cond: ((k >= 7147573) AND (k <= 7147673))

table 3 : explain SELECT k, c FROM sbtest3 WHERE k BETWEEN 7147573 AND 7147673
	Bitmap Heap Scan on sbtest3  (cost=5.47..405.13 rows=101 width=125)
	  Recheck Cond: ((k >= 7147573) AND (k <= 7147673))
	  ->  Bitmap Index Scan on k_3  (cost=0.00..5.44 rows=101 width=0)
	        Index Cond: ((k >= 7147573) AND (k <= 7147673))

table 4 : explain SELECT k, c FROM sbtest4 WHERE k BETWEEN 7147573 AND 7147673
	Bitmap Heap Scan on sbtest4  (cost=5.42..385.43 rows=96 width=125)
	  Recheck Cond: ((k >= 7147573) AND (k <= 7147673))
	  ->  Bitmap Index Scan on k_4  (cost=0.00..5.39 rows=96 width=0)
	        Index Cond: ((k >= 7147573) AND (k <= 7147673))

table 5 : explain SELECT k, c FROM sbtest5 WHERE k BETWEEN 7147573 AND 7147673
	Bitmap Heap Scan on sbtest5  (cost=5.43..389.37 rows=97 width=125)
	  Recheck Cond: ((k >= 7147573) AND (k <= 7147673))
	  ->  Bitmap Index Scan on k_5  (cost=0.00..5.40 rows=97 width=0)
	        Index Cond: ((k >= 7147573) AND (k <= 7147673))

table 6 : explain SELECT k, c FROM sbtest6 WHERE k BETWEEN 7147573 AND 7147673
	Bitmap Heap Scan on sbtest6  (cost=5.46..401.19 rows=100 width=125)
	  Recheck Cond: ((k >= 7147573) AND (k <= 7147673))
	  ->  Bitmap Index Scan on k_6  (cost=0.00..5.43 rows=100 width=0)
	        Index Cond: ((k >= 7147573) AND (k <= 7147673))

table 7 : explain SELECT k, c FROM sbtest7 WHERE k BETWEEN 7147573 AND 7147673
	Bitmap Heap Scan on sbtest7  (cost=5.51..420.88 rows=105 width=125)
	  Recheck Cond: ((k >= 7147573) AND (k <= 7147673))
	  ->  Bitmap Index Scan on k_7  (cost=0.00..5.48 rows=105 width=0)
	        Index Cond: ((k >= 7147573) AND (k <= 7147673))

table 8 : explain SELECT k, c FROM sbtest8 WHERE k BETWEEN 7147573 AND 7147673
	Bitmap Heap Scan on sbtest8  (cost=5.47..405.13 rows=101 width=125)
	  Recheck Cond: ((k >= 7147573) AND (k <= 7147673))
	  ->  Bitmap Index Scan on k_8  (cost=0.00..5.44 rows=101 width=0)
	        Index Cond: ((k >= 7147573) AND (k <= 7147673))

explain: for range-notcovered :: explain SELECT k, c FROM sbtest%d WHERE k BETWEEN 7147573 AND 7147673
for range-notcovered
table 1 : explain SELECT k, c FROM sbtest1 WHERE k BETWEEN 5914952 AND 5915052
	Bitmap Heap Scan on sbtest1  (cost=5.51..420.88 rows=105 width=125)
	  Recheck Cond: ((k >= 5914952) AND (k <= 5915052))
	  ->  Bitmap Index Scan on k_1  (cost=0.00..5.48 rows=105 width=0)
	        Index Cond: ((k >= 5914952) AND (k <= 5915052))

table 2 : explain SELECT k, c FROM sbtest2 WHERE k BETWEEN 5914952 AND 5915052
	Bitmap Heap Scan on sbtest2  (cost=5.46..401.19 rows=100 width=125)
	  Recheck Cond: ((k >= 5914952) AND (k <= 5915052))
	  ->  Bitmap Index Scan on k_2  (cost=0.00..5.43 rows=100 width=0)
	        Index Cond: ((k >= 5914952) AND (k <= 5915052))

table 3 : explain SELECT k, c FROM sbtest3 WHERE k BETWEEN 5914952 AND 5915052
	Bitmap Heap Scan on sbtest3  (cost=5.46..401.19 rows=100 width=125)
	  Recheck Cond: ((k >= 5914952) AND (k <= 5915052))
	  ->  Bitmap Index Scan on k_3  (cost=0.00..5.43 rows=100 width=0)
	        Index Cond: ((k >= 5914952) AND (k <= 5915052))

table 4 : explain SELECT k, c FROM sbtest4 WHERE k BETWEEN 5914952 AND 5915052
	Bitmap Heap Scan on sbtest4  (cost=5.50..416.94 rows=104 width=125)
	  Recheck Cond: ((k >= 5914952) AND (k <= 5915052))
	  ->  Bitmap Index Scan on k_4  (cost=0.00..5.47 rows=104 width=0)
	        Index Cond: ((k >= 5914952) AND (k <= 5915052))

table 5 : explain SELECT k, c FROM sbtest5 WHERE k BETWEEN 5914952 AND 5915052
	Bitmap Heap Scan on sbtest5  (cost=5.55..436.62 rows=109 width=125)
	  Recheck Cond: ((k >= 5914952) AND (k <= 5915052))
	  ->  Bitmap Index Scan on k_5  (cost=0.00..5.52 rows=109 width=0)
	        Index Cond: ((k >= 5914952) AND (k <= 5915052))

table 6 : explain SELECT k, c FROM sbtest6 WHERE k BETWEEN 5914952 AND 5915052
	Bitmap Heap Scan on sbtest6  (cost=5.52..424.81 rows=106 width=125)
	  Recheck Cond: ((k >= 5914952) AND (k <= 5915052))
	  ->  Bitmap Index Scan on k_6  (cost=0.00..5.50 rows=106 width=0)
	        Index Cond: ((k >= 5914952) AND (k <= 5915052))

table 7 : explain SELECT k, c FROM sbtest7 WHERE k BETWEEN 5914952 AND 5915052
	Bitmap Heap Scan on sbtest7  (cost=5.52..424.81 rows=106 width=125)
	  Recheck Cond: ((k >= 5914952) AND (k <= 5915052))
	  ->  Bitmap Index Scan on k_7  (cost=0.00..5.50 rows=106 width=0)
	        Index Cond: ((k >= 5914952) AND (k <= 5915052))

table 8 : explain SELECT k, c FROM sbtest8 WHERE k BETWEEN 5914952 AND 5915052
	Bitmap Heap Scan on sbtest8  (cost=5.41..381.49 rows=95 width=125)
	  Recheck Cond: ((k >= 5914952) AND (k <= 5915052))
	  ->  Bitmap Index Scan on k_8  (cost=0.00..5.38 rows=95 width=0)
	        Index Cond: ((k >= 5914952) AND (k <= 5915052))

explain: for range-notcovered :: explain SELECT k, c FROM sbtest%d WHERE k BETWEEN 5914952 AND 5915052
for range-notcovered
table 1 : explain SELECT k, c FROM sbtest1 WHERE k BETWEEN 4517236 AND 4517336
	Bitmap Heap Scan on sbtest1  (cost=5.49..413.00 rows=103 width=125)
	  Recheck Cond: ((k >= 4517236) AND (k <= 4517336))
	  ->  Bitmap Index Scan on k_1  (cost=0.00..5.46 rows=103 width=0)
	        Index Cond: ((k >= 4517236) AND (k <= 4517336))

table 2 : explain SELECT k, c FROM sbtest2 WHERE k BETWEEN 4517236 AND 4517336
	Bitmap Heap Scan on sbtest2  (cost=5.47..405.13 rows=101 width=125)
	  Recheck Cond: ((k >= 4517236) AND (k <= 4517336))
	  ->  Bitmap Index Scan on k_2  (cost=0.00..5.44 rows=101 width=0)
	        Index Cond: ((k >= 4517236) AND (k <= 4517336))

table 3 : explain SELECT k, c FROM sbtest3 WHERE k BETWEEN 4517236 AND 4517336
	Bitmap Heap Scan on sbtest3  (cost=5.43..389.37 rows=97 width=125)
	  Recheck Cond: ((k >= 4517236) AND (k <= 4517336))
	  ->  Bitmap Index Scan on k_3  (cost=0.00..5.40 rows=97 width=0)
	        Index Cond: ((k >= 4517236) AND (k <= 4517336))

table 4 : explain SELECT k, c FROM sbtest4 WHERE k BETWEEN 4517236 AND 4517336
	Bitmap Heap Scan on sbtest4  (cost=5.54..432.69 rows=108 width=125)
	  Recheck Cond: ((k >= 4517236) AND (k <= 4517336))
	  ->  Bitmap Index Scan on k_4  (cost=0.00..5.51 rows=108 width=0)
	        Index Cond: ((k >= 4517236) AND (k <= 4517336))

table 5 : explain SELECT k, c FROM sbtest5 WHERE k BETWEEN 4517236 AND 4517336
	Bitmap Heap Scan on sbtest5  (cost=5.45..397.25 rows=99 width=125)
	  Recheck Cond: ((k >= 4517236) AND (k <= 4517336))
	  ->  Bitmap Index Scan on k_5  (cost=0.00..5.42 rows=99 width=0)
	        Index Cond: ((k >= 4517236) AND (k <= 4517336))

table 6 : explain SELECT k, c FROM sbtest6 WHERE k BETWEEN 4517236 AND 4517336
	Bitmap Heap Scan on sbtest6  (cost=5.43..389.37 rows=97 width=125)
	  Recheck Cond: ((k >= 4517236) AND (k <= 4517336))
	  ->  Bitmap Index Scan on k_6  (cost=0.00..5.40 rows=97 width=0)
	        Index Cond: ((k >= 4517236) AND (k <= 4517336))

table 7 : explain SELECT k, c FROM sbtest7 WHERE k BETWEEN 4517236 AND 4517336
	Bitmap Heap Scan on sbtest7  (cost=5.47..405.13 rows=101 width=125)
	  Recheck Cond: ((k >= 4517236) AND (k <= 4517336))
	  ->  Bitmap Index Scan on k_7  (cost=0.00..5.44 rows=101 width=0)
	        Index Cond: ((k >= 4517236) AND (k <= 4517336))

table 8 : explain SELECT k, c FROM sbtest8 WHERE k BETWEEN 4517236 AND 4517336
	Bitmap Heap Scan on sbtest8  (cost=5.50..416.94 rows=104 width=125)
	  Recheck Cond: ((k >= 4517236) AND (k <= 4517336))
	  ->  Bitmap Index Scan on k_8  (cost=0.00..5.47 rows=104 width=0)
	        Index Cond: ((k >= 4517236) AND (k <= 4517336))

for range-notcovered
table 1 : explain SELECT k, c FROM sbtest1 WHERE k BETWEEN 4398093 AND 4398193
	Bitmap Heap Scan on sbtest1  (cost=5.47..405.13 rows=101 width=125)
	  Recheck Cond: ((k >= 4398093) AND (k <= 4398193))
	  ->  Bitmap Index Scan on k_1  (cost=0.00..5.44 rows=101 width=0)
	        Index Cond: ((k >= 4398093) AND (k <= 4398193))

table 2 : explain SELECT k, c FROM sbtest2 WHERE k BETWEEN 4398093 AND 4398193
	Bitmap Heap Scan on sbtest2  (cost=5.49..413.00 rows=103 width=125)
	  Recheck Cond: ((k >= 4398093) AND (k <= 4398193))
	  ->  Bitmap Index Scan on k_2  (cost=0.00..5.46 rows=103 width=0)
	        Index Cond: ((k >= 4398093) AND (k <= 4398193))

table 3 : explain SELECT k, c FROM sbtest3 WHERE k BETWEEN 4398093 AND 4398193
	Bitmap Heap Scan on sbtest3  (cost=5.49..413.00 rows=103 width=125)
	  Recheck Cond: ((k >= 4398093) AND (k <= 4398193))
	  ->  Bitmap Index Scan on k_3  (cost=0.00..5.46 rows=103 width=0)
	        Index Cond: ((k >= 4398093) AND (k <= 4398193))

table 4 : explain SELECT k, c FROM sbtest4 WHERE k BETWEEN 4398093 AND 4398193
	Bitmap Heap Scan on sbtest4  (cost=5.47..405.13 rows=101 width=125)
	  Recheck Cond: ((k >= 4398093) AND (k <= 4398193))
	  ->  Bitmap Index Scan on k_4  (cost=0.00..5.44 rows=101 width=0)
	        Index Cond: ((k >= 4398093) AND (k <= 4398193))

table 5 : explain SELECT k, c FROM sbtest5 WHERE k BETWEEN 4398093 AND 4398193
	Bitmap Heap Scan on sbtest5  (cost=5.43..389.37 rows=97 width=125)
	  Recheck Cond: ((k >= 4398093) AND (k <= 4398193))
	  ->  Bitmap Index Scan on k_5  (cost=0.00..5.40 rows=97 width=0)
	        Index Cond: ((k >= 4398093) AND (k <= 4398193))

table 6 : explain SELECT k, c FROM sbtest6 WHERE k BETWEEN 4398093 AND 4398193
	Bitmap Heap Scan on sbtest6  (cost=5.50..416.94 rows=104 width=125)
	  Recheck Cond: ((k >= 4398093) AND (k <= 4398193))
	  ->  Bitmap Index Scan on k_6  (cost=0.00..5.47 rows=104 width=0)
	        Index Cond: ((k >= 4398093) AND (k <= 4398193))

table 7 : explain SELECT k, c FROM sbtest7 WHERE k BETWEEN 4398093 AND 4398193
	Bitmap Heap Scan on sbtest7  (cost=5.47..405.13 rows=101 width=125)
	  Recheck Cond: ((k >= 4398093) AND (k <= 4398193))
	  ->  Bitmap Index Scan on k_7  (cost=0.00..5.44 rows=101 width=0)
	        Index Cond: ((k >= 4398093) AND (k <= 4398193))

table 8 : explain SELECT k, c FROM sbtest8 WHERE k BETWEEN 4398093 AND 4398193
	Bitmap Heap Scan on sbtest8  (cost=5.48..409.07 rows=102 width=125)
	  Recheck Cond: ((k >= 4398093) AND (k <= 4398193))
	  ->  Bitmap Index Scan on k_8  (cost=0.00..5.45 rows=102 width=0)
	        Index Cond: ((k >= 4398093) AND (k <= 4398193))

explain: for range-notcovered :: explain SELECT k, c FROM sbtest%d WHERE k BETWEEN 4517236 AND 4517336
explain: for range-notcovered :: explain SELECT k, c FROM sbtest%d WHERE k BETWEEN 4398093 AND 4398193
for range-notcovered
table 1 : explain SELECT k, c FROM sbtest1 WHERE k BETWEEN 4761024 AND 4761124
	Bitmap Heap Scan on sbtest1  (cost=5.50..416.94 rows=104 width=125)
	  Recheck Cond: ((k >= 4761024) AND (k <= 4761124))
	  ->  Bitmap Index Scan on k_1  (cost=0.00..5.47 rows=104 width=0)
	        Index Cond: ((k >= 4761024) AND (k <= 4761124))

table 2 : explain SELECT k, c FROM sbtest2 WHERE k BETWEEN 4761024 AND 4761124
	Bitmap Heap Scan on sbtest2  (cost=5.55..436.62 rows=109 width=125)
	  Recheck Cond: ((k >= 4761024) AND (k <= 4761124))
	  ->  Bitmap Index Scan on k_2  (cost=0.00..5.52 rows=109 width=0)
	        Index Cond: ((k >= 4761024) AND (k <= 4761124))

table 3 : explain SELECT k, c FROM sbtest3 WHERE k BETWEEN 4761024 AND 4761124
	Bitmap Heap Scan on sbtest3  (cost=5.53..428.75 rows=107 width=125)
	  Recheck Cond: ((k >= 4761024) AND (k <= 4761124))
	  ->  Bitmap Index Scan on k_3  (cost=0.00..5.50 rows=107 width=0)
	        Index Cond: ((k >= 4761024) AND (k <= 4761124))

table 4 : explain SELECT k, c FROM sbtest4 WHERE k BETWEEN 4761024 AND 4761124
	Bitmap Heap Scan on sbtest4  (cost=5.47..405.13 rows=101 width=125)
	  Recheck Cond: ((k >= 4761024) AND (k <= 4761124))
	  ->  Bitmap Index Scan on k_4  (cost=0.00..5.44 rows=101 width=0)
	        Index Cond: ((k >= 4761024) AND (k <= 4761124))

table 5 : explain SELECT k, c FROM sbtest5 WHERE k BETWEEN 4761024 AND 4761124
	Bitmap Heap Scan on sbtest5  (cost=5.52..424.81 rows=106 width=125)
	  Recheck Cond: ((k >= 4761024) AND (k <= 4761124))
	  ->  Bitmap Index Scan on k_5  (cost=0.00..5.50 rows=106 width=0)
	        Index Cond: ((k >= 4761024) AND (k <= 4761124))

table 6 : explain SELECT k, c FROM sbtest6 WHERE k BETWEEN 4761024 AND 4761124
	Bitmap Heap Scan on sbtest6  (cost=5.48..409.07 rows=102 width=125)
	  Recheck Cond: ((k >= 4761024) AND (k <= 4761124))
	  ->  Bitmap Index Scan on k_6  (cost=0.00..5.45 rows=102 width=0)
	        Index Cond: ((k >= 4761024) AND (k <= 4761124))

table 7 : explain SELECT k, c FROM sbtest7 WHERE k BETWEEN 4761024 AND 4761124
	Bitmap Heap Scan on sbtest7  (cost=5.38..369.67 rows=92 width=125)
	  Recheck Cond: ((k >= 4761024) AND (k <= 4761124))
	  ->  Bitmap Index Scan on k_7  (cost=0.00..5.35 rows=92 width=0)
	        Index Cond: ((k >= 4761024) AND (k <= 4761124))

table 8 : explain SELECT k, c FROM sbtest8 WHERE k BETWEEN 4761024 AND 4761124
	Bitmap Heap Scan on sbtest8  (cost=5.39..373.61 rows=93 width=125)
	  Recheck Cond: ((k >= 4761024) AND (k <= 4761124))
	  ->  Bitmap Index Scan on k_8  (cost=0.00..5.36 rows=93 width=0)
	        Index Cond: ((k >= 4761024) AND (k <= 4761124))

for range-notcovered
table 1 : explain SELECT k, c FROM sbtest1 WHERE k BETWEEN 7147573 AND 7147673
	Bitmap Heap Scan on sbtest1  (cost=5.50..416.94 rows=104 width=125)
	  Recheck Cond: ((k >= 7147573) AND (k <= 7147673))
	  ->  Bitmap Index Scan on k_1  (cost=0.00..5.47 rows=104 width=0)
	        Index Cond: ((k >= 7147573) AND (k <= 7147673))

table 2 : explain SELECT k, c FROM sbtest2 WHERE k BETWEEN 7147573 AND 7147673
	Bitmap Heap Scan on sbtest2  (cost=5.57..444.49 rows=111 width=125)
	  Recheck Cond: ((k >= 7147573) AND (k <= 7147673))
	  ->  Bitmap Index Scan on k_2  (cost=0.00..5.54 rows=111 width=0)
	        Index Cond: ((k >= 7147573) AND (k <= 7147673))

table 3 : explain SELECT k, c FROM sbtest3 WHERE k BETWEEN 7147573 AND 7147673
	Bitmap Heap Scan on sbtest3  (cost=5.47..405.13 rows=101 width=125)
	  Recheck Cond: ((k >= 7147573) AND (k <= 7147673))
	  ->  Bitmap Index Scan on k_3  (cost=0.00..5.44 rows=101 width=0)
	        Index Cond: ((k >= 7147573) AND (k <= 7147673))

table 4 : explain SELECT k, c FROM sbtest4 WHERE k BETWEEN 7147573 AND 7147673
	Bitmap Heap Scan on sbtest4  (cost=5.42..385.43 rows=96 width=125)
	  Recheck Cond: ((k >= 7147573) AND (k <= 7147673))
	  ->  Bitmap Index Scan on k_4  (cost=0.00..5.39 rows=96 width=0)
	        Index Cond: ((k >= 7147573) AND (k <= 7147673))

table 5 : explain SELECT k, c FROM sbtest5 WHERE k BETWEEN 7147573 AND 7147673
	Bitmap Heap Scan on sbtest5  (cost=5.43..389.37 rows=97 width=125)
	  Recheck Cond: ((k >= 7147573) AND (k <= 7147673))
	  ->  Bitmap Index Scan on k_5  (cost=0.00..5.40 rows=97 width=0)
	        Index Cond: ((k >= 7147573) AND (k <= 7147673))

table 6 : explain SELECT k, c FROM sbtest6 WHERE k BETWEEN 7147573 AND 7147673
	Bitmap Heap Scan on sbtest6  (cost=5.46..401.19 rows=100 width=125)
	  Recheck Cond: ((k >= 7147573) AND (k <= 7147673))
	  ->  Bitmap Index Scan on k_6  (cost=0.00..5.43 rows=100 width=0)
	        Index Cond: ((k >= 7147573) AND (k <= 7147673))

table 7 : explain SELECT k, c FROM sbtest7 WHERE k BETWEEN 7147573 AND 7147673
	Bitmap Heap Scan on sbtest7  (cost=5.51..420.88 rows=105 width=125)
	  Recheck Cond: ((k >= 7147573) AND (k <= 7147673))
	  ->  Bitmap Index Scan on k_7  (cost=0.00..5.48 rows=105 width=0)
	        Index Cond: ((k >= 7147573) AND (k <= 7147673))

table 8 : explain SELECT k, c FROM sbtest8 WHERE k BETWEEN 7147573 AND 7147673
	Bitmap Heap Scan on sbtest8  (cost=5.47..405.13 rows=101 width=125)
	  Recheck Cond: ((k >= 7147573) AND (k <= 7147673))
	  ->  Bitmap Index Scan on k_8  (cost=0.00..5.44 rows=101 width=0)
	        Index Cond: ((k >= 7147573) AND (k <= 7147673))

explain: for range-notcovered :: explain SELECT k, c FROM sbtest%d WHERE k BETWEEN 7147573 AND 7147673
for range-notcovered
table 1 : explain SELECT k, c FROM sbtest1 WHERE k BETWEEN 5914952 AND 5915052
	Bitmap Heap Scan on sbtest1  (cost=5.51..420.88 rows=105 width=125)
	  Recheck Cond: ((k >= 5914952) AND (k <= 5915052))
	  ->  Bitmap Index Scan on k_1  (cost=0.00..5.48 rows=105 width=0)
	        Index Cond: ((k >= 5914952) AND (k <= 5915052))

table 2 : explain SELECT k, c FROM sbtest2 WHERE k BETWEEN 5914952 AND 5915052
	Bitmap Heap Scan on sbtest2  (cost=5.46..401.19 rows=100 width=125)
	  Recheck Cond: ((k >= 5914952) AND (k <= 5915052))
	  ->  Bitmap Index Scan on k_2  (cost=0.00..5.43 rows=100 width=0)
	        Index Cond: ((k >= 5914952) AND (k <= 5915052))

table 3 : explain SELECT k, c FROM sbtest3 WHERE k BETWEEN 5914952 AND 5915052
	Bitmap Heap Scan on sbtest3  (cost=5.46..401.19 rows=100 width=125)
	  Recheck Cond: ((k >= 5914952) AND (k <= 5915052))
	  ->  Bitmap Index Scan on k_3  (cost=0.00..5.43 rows=100 width=0)
	        Index Cond: ((k >= 5914952) AND (k <= 5915052))

table 4 : explain SELECT k, c FROM sbtest4 WHERE k BETWEEN 5914952 AND 5915052
	Bitmap Heap Scan on sbtest4  (cost=5.50..416.94 rows=104 width=125)
	  Recheck Cond: ((k >= 5914952) AND (k <= 5915052))
	  ->  Bitmap Index Scan on k_4  (cost=0.00..5.47 rows=104 width=0)
	        Index Cond: ((k >= 5914952) AND (k <= 5915052))

table 5 : explain SELECT k, c FROM sbtest5 WHERE k BETWEEN 5914952 AND 5915052
	Bitmap Heap Scan on sbtest5  (cost=5.55..436.62 rows=109 width=125)
	  Recheck Cond: ((k >= 5914952) AND (k <= 5915052))
	  ->  Bitmap Index Scan on k_5  (cost=0.00..5.52 rows=109 width=0)
	        Index Cond: ((k >= 5914952) AND (k <= 5915052))

table 6 : explain SELECT k, c FROM sbtest6 WHERE k BETWEEN 5914952 AND 5915052
	Bitmap Heap Scan on sbtest6  (cost=5.52..424.81 rows=106 width=125)
	  Recheck Cond: ((k >= 5914952) AND (k <= 5915052))
	  ->  Bitmap Index Scan on k_6  (cost=0.00..5.50 rows=106 width=0)
	        Index Cond: ((k >= 5914952) AND (k <= 5915052))

table 7 : explain SELECT k, c FROM sbtest7 WHERE k BETWEEN 5914952 AND 5915052
	Bitmap Heap Scan on sbtest7  (cost=5.52..424.81 rows=106 width=125)
	  Recheck Cond: ((k >= 5914952) AND (k <= 5915052))
	  ->  Bitmap Index Scan on k_7  (cost=0.00..5.50 rows=106 width=0)
	        Index Cond: ((k >= 5914952) AND (k <= 5915052))

table 8 : explain SELECT k, c FROM sbtest8 WHERE k BETWEEN 5914952 AND 5915052
	Bitmap Heap Scan on sbtest8  (cost=5.41..381.49 rows=95 width=125)
	  Recheck Cond: ((k >= 5914952) AND (k <= 5915052))
	  ->  Bitmap Index Scan on k_8  (cost=0.00..5.38 rows=95 width=0)
	        Index Cond: ((k >= 5914952) AND (k <= 5915052))

for range-notcovered
table 1 : explain SELECT k, c FROM sbtest1 WHERE k BETWEEN 7891657 AND 7891757
	Bitmap Heap Scan on sbtest1  (cost=5.38..369.67 rows=92 width=125)
	  Recheck Cond: ((k >= 7891657) AND (k <= 7891757))
	  ->  Bitmap Index Scan on k_1  (cost=0.00..5.35 rows=92 width=0)
	        Index Cond: ((k >= 7891657) AND (k <= 7891757))

table 2 : explain SELECT k, c FROM sbtest2 WHERE k BETWEEN 7891657 AND 7891757
	Bitmap Heap Scan on sbtest2  (cost=5.41..381.49 rows=95 width=125)
	  Recheck Cond: ((k >= 7891657) AND (k <= 7891757))
	  ->  Bitmap Index Scan on k_2  (cost=0.00..5.38 rows=95 width=0)
	        Index Cond: ((k >= 7891657) AND (k <= 7891757))

table 3 : explain SELECT k, c FROM sbtest3 WHERE k BETWEEN 7891657 AND 7891757
	Bitmap Heap Scan on sbtest3  (cost=5.47..405.13 rows=101 width=125)
	  Recheck Cond: ((k >= 7891657) AND (k <= 7891757))
	  ->  Bitmap Index Scan on k_3  (cost=0.00..5.44 rows=101 width=0)
	        Index Cond: ((k >= 7891657) AND (k <= 7891757))

table 4 : explain SELECT k, c FROM sbtest4 WHERE k BETWEEN 7891657 AND 7891757
	Bitmap Heap Scan on sbtest4  (cost=5.41..381.49 rows=95 width=125)
	  Recheck Cond: ((k >= 7891657) AND (k <= 7891757))
	  ->  Bitmap Index Scan on k_4  (cost=0.00..5.38 rows=95 width=0)
	        Index Cond: ((k >= 7891657) AND (k <= 7891757))

table 5 : explain SELECT k, c FROM sbtest5 WHERE k BETWEEN 7891657 AND 7891757
	Bitmap Heap Scan on sbtest5  (cost=5.51..420.88 rows=105 width=125)
	  Recheck Cond: ((k >= 7891657) AND (k <= 7891757))
	  ->  Bitmap Index Scan on k_5  (cost=0.00..5.48 rows=105 width=0)
	        Index Cond: ((k >= 7891657) AND (k <= 7891757))

table 6 : explain SELECT k, c FROM sbtest6 WHERE k BETWEEN 7891657 AND 7891757
	Bitmap Heap Scan on sbtest6  (cost=5.52..424.81 rows=106 width=125)
	  Recheck Cond: ((k >= 7891657) AND (k <= 7891757))
	  ->  Bitmap Index Scan on k_6  (cost=0.00..5.50 rows=106 width=0)
	        Index Cond: ((k >= 7891657) AND (k <= 7891757))

table 7 : explain SELECT k, c FROM sbtest7 WHERE k BETWEEN 7891657 AND 7891757
	Bitmap Heap Scan on sbtest7  (cost=5.44..393.31 rows=98 width=125)
	  Recheck Cond: ((k >= 7891657) AND (k <= 7891757))
	  ->  Bitmap Index Scan on k_7  (cost=0.00..5.42 rows=98 width=0)
	        Index Cond: ((k >= 7891657) AND (k <= 7891757))

table 8 : explain SELECT k, c FROM sbtest8 WHERE k BETWEEN 7891657 AND 7891757
	Bitmap Heap Scan on sbtest8  (cost=5.45..397.25 rows=99 width=125)
	  Recheck Cond: ((k >= 7891657) AND (k <= 7891757))
	  ->  Bitmap Index Scan on k_8  (cost=0.00..5.42 rows=99 width=0)
	        Index Cond: ((k >= 7891657) AND (k <= 7891757))

explain: for range-notcovered :: explain SELECT k, c FROM sbtest%d WHERE k BETWEEN 5914952 AND 5915052
for range-notcovered
table 1 : explain SELECT k, c FROM sbtest1 WHERE k BETWEEN 9305452 AND 9305552
	Bitmap Heap Scan on sbtest1  (cost=5.58..448.42 rows=112 width=125)
	  Recheck Cond: ((k >= 9305452) AND (k <= 9305552))
	  ->  Bitmap Index Scan on k_1  (cost=0.00..5.55 rows=112 width=0)
	        Index Cond: ((k >= 9305452) AND (k <= 9305552))

table 2 : explain SELECT k, c FROM sbtest2 WHERE k BETWEEN 9305452 AND 9305552
	Bitmap Heap Scan on sbtest2  (cost=5.51..420.88 rows=105 width=125)
	  Recheck Cond: ((k >= 9305452) AND (k <= 9305552))
	  ->  Bitmap Index Scan on k_2  (cost=0.00..5.48 rows=105 width=0)
	        Index Cond: ((k >= 9305452) AND (k <= 9305552))

table 3 : explain SELECT k, c FROM sbtest3 WHERE k BETWEEN 9305452 AND 9305552
	Bitmap Heap Scan on sbtest3  (cost=5.50..416.94 rows=104 width=125)
	  Recheck Cond: ((k >= 9305452) AND (k <= 9305552))
	  ->  Bitmap Index Scan on k_3  (cost=0.00..5.47 rows=104 width=0)
	        Index Cond: ((k >= 9305452) AND (k <= 9305552))

table 4 : explain SELECT k, c FROM sbtest4 WHERE k BETWEEN 9305452 AND 9305552
	Bitmap Heap Scan on sbtest4  (cost=5.39..373.61 rows=93 width=125)
	  Recheck Cond: ((k >= 9305452) AND (k <= 9305552))
	  ->  Bitmap Index Scan on k_4  (cost=0.00..5.36 rows=93 width=0)
	        Index Cond: ((k >= 9305452) AND (k <= 9305552))

table 5 : explain SELECT k, c FROM sbtest5 WHERE k BETWEEN 9305452 AND 9305552
	Bitmap Heap Scan on sbtest5  (cost=5.46..401.19 rows=100 width=125)
	  Recheck Cond: ((k >= 9305452) AND (k <= 9305552))
	  ->  Bitmap Index Scan on k_5  (cost=0.00..5.43 rows=100 width=0)
	        Index Cond: ((k >= 9305452) AND (k <= 9305552))

table 6 : explain SELECT k, c FROM sbtest6 WHERE k BETWEEN 9305452 AND 9305552
	Bitmap Heap Scan on sbtest6  (cost=5.56..440.56 rows=110 width=125)
	  Recheck Cond: ((k >= 9305452) AND (k <= 9305552))
	  ->  Bitmap Index Scan on k_6  (cost=0.00..5.53 rows=110 width=0)
	        Index Cond: ((k >= 9305452) AND (k <= 9305552))

table 7 : explain SELECT k, c FROM sbtest7 WHERE k BETWEEN 9305452 AND 9305552
	Bitmap Heap Scan on sbtest7  (cost=5.62..464.15 rows=116 width=125)
	  Recheck Cond: ((k >= 9305452) AND (k <= 9305552))
	  ->  Bitmap Index Scan on k_7  (cost=0.00..5.59 rows=116 width=0)
	        Index Cond: ((k >= 9305452) AND (k <= 9305552))

table 8 : explain SELECT k, c FROM sbtest8 WHERE k BETWEEN 9305452 AND 9305552
	Bitmap Heap Scan on sbtest8  (cost=5.45..397.25 rows=99 width=125)
	  Recheck Cond: ((k >= 9305452) AND (k <= 9305552))
	  ->  Bitmap Index Scan on k_8  (cost=0.00..5.42 rows=99 width=0)
	        Index Cond: ((k >= 9305452) AND (k <= 9305552))

for range-notcovered
table 1 : explain SELECT k, c FROM sbtest1 WHERE k BETWEEN 3166405 AND 3166505
	Bitmap Heap Scan on sbtest1  (cost=5.44..393.31 rows=98 width=125)
	  Recheck Cond: ((k >= 3166405) AND (k <= 3166505))
	  ->  Bitmap Index Scan on k_1  (cost=0.00..5.42 rows=98 width=0)
	        Index Cond: ((k >= 3166405) AND (k <= 3166505))

table 2 : explain SELECT k, c FROM sbtest2 WHERE k BETWEEN 3166405 AND 3166505
	Bitmap Heap Scan on sbtest2  (cost=5.47..405.13 rows=101 width=125)
	  Recheck Cond: ((k >= 3166405) AND (k <= 3166505))
	  ->  Bitmap Index Scan on k_2  (cost=0.00..5.44 rows=101 width=0)
	        Index Cond: ((k >= 3166405) AND (k <= 3166505))

table 3 : explain SELECT k, c FROM sbtest3 WHERE k BETWEEN 3166405 AND 3166505
	Bitmap Heap Scan on sbtest3  (cost=5.51..420.88 rows=105 width=125)
	  Recheck Cond: ((k >= 3166405) AND (k <= 3166505))
	  ->  Bitmap Index Scan on k_3  (cost=0.00..5.48 rows=105 width=0)
	        Index Cond: ((k >= 3166405) AND (k <= 3166505))

table 4 : explain SELECT k, c FROM sbtest4 WHERE k BETWEEN 3166405 AND 3166505
	Bitmap Heap Scan on sbtest4  (cost=5.49..413.00 rows=103 width=125)
	  Recheck Cond: ((k >= 3166405) AND (k <= 3166505))
	  ->  Bitmap Index Scan on k_4  (cost=0.00..5.46 rows=103 width=0)
	        Index Cond: ((k >= 3166405) AND (k <= 3166505))

table 5 : explain SELECT k, c FROM sbtest5 WHERE k BETWEEN 3166405 AND 3166505
	Bitmap Heap Scan on sbtest5  (cost=5.47..405.13 rows=101 width=125)
	  Recheck Cond: ((k >= 3166405) AND (k <= 3166505))
	  ->  Bitmap Index Scan on k_5  (cost=0.00..5.44 rows=101 width=0)
	        Index Cond: ((k >= 3166405) AND (k <= 3166505))

table 6 : explain SELECT k, c FROM sbtest6 WHERE k BETWEEN 3166405 AND 3166505
	Bitmap Heap Scan on sbtest6  (cost=5.48..409.07 rows=102 width=125)
	  Recheck Cond: ((k >= 3166405) AND (k <= 3166505))
	  ->  Bitmap Index Scan on k_6  (cost=0.00..5.45 rows=102 width=0)
	        Index Cond: ((k >= 3166405) AND (k <= 3166505))

table 7 : explain SELECT k, c FROM sbtest7 WHERE k BETWEEN 3166405 AND 3166505
	Bitmap Heap Scan on sbtest7  (cost=5.42..385.43 rows=96 width=125)
	  Recheck Cond: ((k >= 3166405) AND (k <= 3166505))
	  ->  Bitmap Index Scan on k_7  (cost=0.00..5.39 rows=96 width=0)
	        Index Cond: ((k >= 3166405) AND (k <= 3166505))

table 8 : explain SELECT k, c FROM sbtest8 WHERE k BETWEEN 3166405 AND 3166505
	Bitmap Heap Scan on sbtest8  (cost=5.48..409.07 rows=102 width=125)
	  Recheck Cond: ((k >= 3166405) AND (k <= 3166505))
	  ->  Bitmap Index Scan on k_8  (cost=0.00..5.45 rows=102 width=0)
	        Index Cond: ((k >= 3166405) AND (k <= 3166505))

explain: for range-notcovered :: explain SELECT k, c FROM sbtest%d WHERE k BETWEEN 3166405 AND 3166505
for range-notcovered
table 1 : explain SELECT k, c FROM sbtest1 WHERE k BETWEEN 7147573 AND 7147673
	Bitmap Heap Scan on sbtest1  (cost=5.50..416.94 rows=104 width=125)
	  Recheck Cond: ((k >= 7147573) AND (k <= 7147673))
	  ->  Bitmap Index Scan on k_1  (cost=0.00..5.47 rows=104 width=0)
	        Index Cond: ((k >= 7147573) AND (k <= 7147673))

table 2 : explain SELECT k, c FROM sbtest2 WHERE k BETWEEN 7147573 AND 7147673
	Bitmap Heap Scan on sbtest2  (cost=5.57..444.49 rows=111 width=125)
	  Recheck Cond: ((k >= 7147573) AND (k <= 7147673))
	  ->  Bitmap Index Scan on k_2  (cost=0.00..5.54 rows=111 width=0)
	        Index Cond: ((k >= 7147573) AND (k <= 7147673))

table 3 : explain SELECT k, c FROM sbtest3 WHERE k BETWEEN 7147573 AND 7147673
	Bitmap Heap Scan on sbtest3  (cost=5.47..405.13 rows=101 width=125)
	  Recheck Cond: ((k >= 7147573) AND (k <= 7147673))
	  ->  Bitmap Index Scan on k_3  (cost=0.00..5.44 rows=101 width=0)
	        Index Cond: ((k >= 7147573) AND (k <= 7147673))

table 4 : explain SELECT k, c FROM sbtest4 WHERE k BETWEEN 7147573 AND 7147673
	Bitmap Heap Scan on sbtest4  (cost=5.42..385.43 rows=96 width=125)
	  Recheck Cond: ((k >= 7147573) AND (k <= 7147673))
	  ->  Bitmap Index Scan on k_4  (cost=0.00..5.39 rows=96 width=0)
	        Index Cond: ((k >= 7147573) AND (k <= 7147673))

table 5 : explain SELECT k, c FROM sbtest5 WHERE k BETWEEN 7147573 AND 7147673
	Bitmap Heap Scan on sbtest5  (cost=5.43..389.37 rows=97 width=125)
	  Recheck Cond: ((k >= 7147573) AND (k <= 7147673))
	  ->  Bitmap Index Scan on k_5  (cost=0.00..5.40 rows=97 width=0)
	        Index Cond: ((k >= 7147573) AND (k <= 7147673))

table 6 : explain SELECT k, c FROM sbtest6 WHERE k BETWEEN 7147573 AND 7147673
	Bitmap Heap Scan on sbtest6  (cost=5.46..401.19 rows=100 width=125)
	  Recheck Cond: ((k >= 7147573) AND (k <= 7147673))
	  ->  Bitmap Index Scan on k_6  (cost=0.00..5.43 rows=100 width=0)
	        Index Cond: ((k >= 7147573) AND (k <= 7147673))

table 7 : explain SELECT k, c FROM sbtest7 WHERE k BETWEEN 7147573 AND 7147673
	Bitmap Heap Scan on sbtest7  (cost=5.51..420.88 rows=105 width=125)
	  Recheck Cond: ((k >= 7147573) AND (k <= 7147673))
	  ->  Bitmap Index Scan on k_7  (cost=0.00..5.48 rows=105 width=0)
	        Index Cond: ((k >= 7147573) AND (k <= 7147673))

table 8 : explain SELECT k, c FROM sbtest8 WHERE k BETWEEN 7147573 AND 7147673
	Bitmap Heap Scan on sbtest8  (cost=5.47..405.13 rows=101 width=125)
	  Recheck Cond: ((k >= 7147573) AND (k <= 7147673))
	  ->  Bitmap Index Scan on k_8  (cost=0.00..5.44 rows=101 width=0)
	        Index Cond: ((k >= 7147573) AND (k <= 7147673))

explain: for range-notcovered :: explain SELECT k, c FROM sbtest%d WHERE k BETWEEN 7147573 AND 7147673
for range-notcovered
table 1 : explain SELECT k, c FROM sbtest1 WHERE k BETWEEN 8258491 AND 8258591
	Bitmap Heap Scan on sbtest1  (cost=5.47..405.13 rows=101 width=125)
	  Recheck Cond: ((k >= 8258491) AND (k <= 8258591))
	  ->  Bitmap Index Scan on k_1  (cost=0.00..5.44 rows=101 width=0)
	        Index Cond: ((k >= 8258491) AND (k <= 8258591))

table 2 : explain SELECT k, c FROM sbtest2 WHERE k BETWEEN 8258491 AND 8258591
	Bitmap Heap Scan on sbtest2  (cost=5.43..389.37 rows=97 width=125)
	  Recheck Cond: ((k >= 8258491) AND (k <= 8258591))
	  ->  Bitmap Index Scan on k_2  (cost=0.00..5.40 rows=97 width=0)
	        Index Cond: ((k >= 8258491) AND (k <= 8258591))

table 3 : explain SELECT k, c FROM sbtest3 WHERE k BETWEEN 8258491 AND 8258591
	Bitmap Heap Scan on sbtest3  (cost=5.41..381.49 rows=95 width=125)
	  Recheck Cond: ((k >= 8258491) AND (k <= 8258591))
	  ->  Bitmap Index Scan on k_3  (cost=0.00..5.38 rows=95 width=0)
	        Index Cond: ((k >= 8258491) AND (k <= 8258591))

table 4 : explain SELECT k, c FROM sbtest4 WHERE k BETWEEN 8258491 AND 8258591
	Bitmap Heap Scan on sbtest4  (cost=5.49..413.00 rows=103 width=125)
	  Recheck Cond: ((k >= 8258491) AND (k <= 8258591))
	  ->  Bitmap Index Scan on k_4  (cost=0.00..5.46 rows=103 width=0)
	        Index Cond: ((k >= 8258491) AND (k <= 8258591))

table 5 : explain SELECT k, c FROM sbtest5 WHERE k BETWEEN 8258491 AND 8258591
	Bitmap Heap Scan on sbtest5  (cost=5.44..393.31 rows=98 width=125)
	  Recheck Cond: ((k >= 8258491) AND (k <= 8258591))
	  ->  Bitmap Index Scan on k_5  (cost=0.00..5.42 rows=98 width=0)
	        Index Cond: ((k >= 8258491) AND (k <= 8258591))

table 6 : explain SELECT k, c FROM sbtest6 WHERE k BETWEEN 8258491 AND 8258591
	Bitmap Heap Scan on sbtest6  (cost=5.45..397.25 rows=99 width=125)
	  Recheck Cond: ((k >= 8258491) AND (k <= 8258591))
	  ->  Bitmap Index Scan on k_6  (cost=0.00..5.42 rows=99 width=0)
	        Index Cond: ((k >= 8258491) AND (k <= 8258591))

table 7 : explain SELECT k, c FROM sbtest7 WHERE k BETWEEN 8258491 AND 8258591
	Bitmap Heap Scan on sbtest7  (cost=5.43..389.37 rows=97 width=125)
	  Recheck Cond: ((k >= 8258491) AND (k <= 8258591))
	  ->  Bitmap Index Scan on k_7  (cost=0.00..5.40 rows=97 width=0)
	        Index Cond: ((k >= 8258491) AND (k <= 8258591))

table 8 : explain SELECT k, c FROM sbtest8 WHERE k BETWEEN 8258491 AND 8258591
	Bitmap Heap Scan on sbtest8  (cost=5.50..416.94 rows=104 width=125)
	  Recheck Cond: ((k >= 8258491) AND (k <= 8258591))
	  ->  Bitmap Index Scan on k_8  (cost=0.00..5.47 rows=104 width=0)
	        Index Cond: ((k >= 8258491) AND (k <= 8258591))

for range-notcovered
table 1 : explain SELECT k, c FROM sbtest1 WHERE k BETWEEN 5914952 AND 5915052
	Bitmap Heap Scan on sbtest1  (cost=5.51..420.88 rows=105 width=125)
	  Recheck Cond: ((k >= 5914952) AND (k <= 5915052))
	  ->  Bitmap Index Scan on k_1  (cost=0.00..5.48 rows=105 width=0)
	        Index Cond: ((k >= 5914952) AND (k <= 5915052))

table 2 : explain SELECT k, c FROM sbtest2 WHERE k BETWEEN 5914952 AND 5915052
	Bitmap Heap Scan on sbtest2  (cost=5.46..401.19 rows=100 width=125)
	  Recheck Cond: ((k >= 5914952) AND (k <= 5915052))
	  ->  Bitmap Index Scan on k_2  (cost=0.00..5.43 rows=100 width=0)
	        Index Cond: ((k >= 5914952) AND (k <= 5915052))

table 3 : explain SELECT k, c FROM sbtest3 WHERE k BETWEEN 5914952 AND 5915052
	Bitmap Heap Scan on sbtest3  (cost=5.46..401.19 rows=100 width=125)
	  Recheck Cond: ((k >= 5914952) AND (k <= 5915052))
	  ->  Bitmap Index Scan on k_3  (cost=0.00..5.43 rows=100 width=0)
	        Index Cond: ((k >= 5914952) AND (k <= 5915052))

table 4 : explain SELECT k, c FROM sbtest4 WHERE k BETWEEN 5914952 AND 5915052
	Bitmap Heap Scan on sbtest4  (cost=5.50..416.94 rows=104 width=125)
	  Recheck Cond: ((k >= 5914952) AND (k <= 5915052))
	  ->  Bitmap Index Scan on k_4  (cost=0.00..5.47 rows=104 width=0)
	        Index Cond: ((k >= 5914952) AND (k <= 5915052))

table 5 : explain SELECT k, c FROM sbtest5 WHERE k BETWEEN 5914952 AND 5915052
	Bitmap Heap Scan on sbtest5  (cost=5.55..436.62 rows=109 width=125)
	  Recheck Cond: ((k >= 5914952) AND (k <= 5915052))
	  ->  Bitmap Index Scan on k_5  (cost=0.00..5.52 rows=109 width=0)
	        Index Cond: ((k >= 5914952) AND (k <= 5915052))

table 6 : explain SELECT k, c FROM sbtest6 WHERE k BETWEEN 5914952 AND 5915052
	Bitmap Heap Scan on sbtest6  (cost=5.52..424.81 rows=106 width=125)
	  Recheck Cond: ((k >= 5914952) AND (k <= 5915052))
	  ->  Bitmap Index Scan on k_6  (cost=0.00..5.50 rows=106 width=0)
	        Index Cond: ((k >= 5914952) AND (k <= 5915052))

table 7 : explain SELECT k, c FROM sbtest7 WHERE k BETWEEN 5914952 AND 5915052
	Bitmap Heap Scan on sbtest7  (cost=5.52..424.81 rows=106 width=125)
	  Recheck Cond: ((k >= 5914952) AND (k <= 5915052))
	  ->  Bitmap Index Scan on k_7  (cost=0.00..5.50 rows=106 width=0)
	        Index Cond: ((k >= 5914952) AND (k <= 5915052))

table 8 : explain SELECT k, c FROM sbtest8 WHERE k BETWEEN 5914952 AND 5915052
	Bitmap Heap Scan on sbtest8  (cost=5.41..381.49 rows=95 width=125)
	  Recheck Cond: ((k >= 5914952) AND (k <= 5915052))
	  ->  Bitmap Index Scan on k_8  (cost=0.00..5.38 rows=95 width=0)
	        Index Cond: ((k >= 5914952) AND (k <= 5915052))

explain: for range-notcovered :: explain SELECT k, c FROM sbtest%d WHERE k BETWEEN 8258491 AND 8258591
explain: for range-notcovered :: explain SELECT k, c FROM sbtest%d WHERE k BETWEEN 5914952 AND 5915052
for range-notcovered
table 1 : explain SELECT k, c FROM sbtest1 WHERE k BETWEEN 4275733 AND 4275833
	Bitmap Heap Scan on sbtest1  (cost=5.51..420.88 rows=105 width=125)
	  Recheck Cond: ((k >= 4275733) AND (k <= 4275833))
	  ->  Bitmap Index Scan on k_1  (cost=0.00..5.48 rows=105 width=0)
	        Index Cond: ((k >= 4275733) AND (k <= 4275833))

table 2 : explain SELECT k, c FROM sbtest2 WHERE k BETWEEN 4275733 AND 4275833
	Bitmap Heap Scan on sbtest2  (cost=5.52..424.81 rows=106 width=125)
	  Recheck Cond: ((k >= 4275733) AND (k <= 4275833))
	  ->  Bitmap Index Scan on k_2  (cost=0.00..5.50 rows=106 width=0)
	        Index Cond: ((k >= 4275733) AND (k <= 4275833))

table 3 : explain SELECT k, c FROM sbtest3 WHERE k BETWEEN 4275733 AND 4275833
	Bitmap Heap Scan on sbtest3  (cost=5.53..428.75 rows=107 width=125)
	  Recheck Cond: ((k >= 4275733) AND (k <= 4275833))
	  ->  Bitmap Index Scan on k_3  (cost=0.00..5.50 rows=107 width=0)
	        Index Cond: ((k >= 4275733) AND (k <= 4275833))

table 4 : explain SELECT k, c FROM sbtest4 WHERE k BETWEEN 4275733 AND 4275833
	Bitmap Heap Scan on sbtest4  (cost=5.51..420.88 rows=105 width=125)
	  Recheck Cond: ((k >= 4275733) AND (k <= 4275833))
	  ->  Bitmap Index Scan on k_4  (cost=0.00..5.48 rows=105 width=0)
	        Index Cond: ((k >= 4275733) AND (k <= 4275833))

table 5 : explain SELECT k, c FROM sbtest5 WHERE k BETWEEN 4275733 AND 4275833
	Bitmap Heap Scan on sbtest5  (cost=5.42..385.43 rows=96 width=125)
	  Recheck Cond: ((k >= 4275733) AND (k <= 4275833))
	  ->  Bitmap Index Scan on k_5  (cost=0.00..5.39 rows=96 width=0)
	        Index Cond: ((k >= 4275733) AND (k <= 4275833))

table 6 : explain SELECT k, c FROM sbtest6 WHERE k BETWEEN 4275733 AND 4275833
	Bitmap Heap Scan on sbtest6  (cost=5.50..416.94 rows=104 width=125)
	  Recheck Cond: ((k >= 4275733) AND (k <= 4275833))
	  ->  Bitmap Index Scan on k_6  (cost=0.00..5.47 rows=104 width=0)
	        Index Cond: ((k >= 4275733) AND (k <= 4275833))

table 7 : explain SELECT k, c FROM sbtest7 WHERE k BETWEEN 4275733 AND 4275833
	Bitmap Heap Scan on sbtest7  (cost=5.47..405.13 rows=101 width=125)
	  Recheck Cond: ((k >= 4275733) AND (k <= 4275833))
	  ->  Bitmap Index Scan on k_7  (cost=0.00..5.44 rows=101 width=0)
	        Index Cond: ((k >= 4275733) AND (k <= 4275833))

table 8 : explain SELECT k, c FROM sbtest8 WHERE k BETWEEN 4275733 AND 4275833
	Bitmap Heap Scan on sbtest8  (cost=5.54..432.69 rows=108 width=125)
	  Recheck Cond: ((k >= 4275733) AND (k <= 4275833))
	  ->  Bitmap Index Scan on k_8  (cost=0.00..5.51 rows=108 width=0)
	        Index Cond: ((k >= 4275733) AND (k <= 4275833))

for range-notcovered
table 1 : explain SELECT k, c FROM sbtest1 WHERE k BETWEEN 4517236 AND 4517336
	Bitmap Heap Scan on sbtest1  (cost=5.49..413.00 rows=103 width=125)
	  Recheck Cond: ((k >= 4517236) AND (k <= 4517336))
	  ->  Bitmap Index Scan on k_1  (cost=0.00..5.46 rows=103 width=0)
	        Index Cond: ((k >= 4517236) AND (k <= 4517336))

table 2 : explain SELECT k, c FROM sbtest2 WHERE k BETWEEN 4517236 AND 4517336
	Bitmap Heap Scan on sbtest2  (cost=5.47..405.13 rows=101 width=125)
	  Recheck Cond: ((k >= 4517236) AND (k <= 4517336))
	  ->  Bitmap Index Scan on k_2  (cost=0.00..5.44 rows=101 width=0)
	        Index Cond: ((k >= 4517236) AND (k <= 4517336))

table 3 : explain SELECT k, c FROM sbtest3 WHERE k BETWEEN 4517236 AND 4517336
	Bitmap Heap Scan on sbtest3  (cost=5.43..389.37 rows=97 width=125)
	  Recheck Cond: ((k >= 4517236) AND (k <= 4517336))
	  ->  Bitmap Index Scan on k_3  (cost=0.00..5.40 rows=97 width=0)
	        Index Cond: ((k >= 4517236) AND (k <= 4517336))

table 4 : explain SELECT k, c FROM sbtest4 WHERE k BETWEEN 4517236 AND 4517336
	Bitmap Heap Scan on sbtest4  (cost=5.54..432.69 rows=108 width=125)
	  Recheck Cond: ((k >= 4517236) AND (k <= 4517336))
	  ->  Bitmap Index Scan on k_4  (cost=0.00..5.51 rows=108 width=0)
	        Index Cond: ((k >= 4517236) AND (k <= 4517336))

table 5 : explain SELECT k, c FROM sbtest5 WHERE k BETWEEN 4517236 AND 4517336
	Bitmap Heap Scan on sbtest5  (cost=5.45..397.25 rows=99 width=125)
	  Recheck Cond: ((k >= 4517236) AND (k <= 4517336))
	  ->  Bitmap Index Scan on k_5  (cost=0.00..5.42 rows=99 width=0)
	        Index Cond: ((k >= 4517236) AND (k <= 4517336))

table 6 : explain SELECT k, c FROM sbtest6 WHERE k BETWEEN 4517236 AND 4517336
	Bitmap Heap Scan on sbtest6  (cost=5.43..389.37 rows=97 width=125)
	  Recheck Cond: ((k >= 4517236) AND (k <= 4517336))
	  ->  Bitmap Index Scan on k_6  (cost=0.00..5.40 rows=97 width=0)
	        Index Cond: ((k >= 4517236) AND (k <= 4517336))

table 7 : explain SELECT k, c FROM sbtest7 WHERE k BETWEEN 4517236 AND 4517336
	Bitmap Heap Scan on sbtest7  (cost=5.47..405.13 rows=101 width=125)
	  Recheck Cond: ((k >= 4517236) AND (k <= 4517336))
	  ->  Bitmap Index Scan on k_7  (cost=0.00..5.44 rows=101 width=0)
	        Index Cond: ((k >= 4517236) AND (k <= 4517336))

table 8 : explain SELECT k, c FROM sbtest8 WHERE k BETWEEN 4517236 AND 4517336
	Bitmap Heap Scan on sbtest8  (cost=5.50..416.94 rows=104 width=125)
	  Recheck Cond: ((k >= 4517236) AND (k <= 4517336))
	  ->  Bitmap Index Scan on k_8  (cost=0.00..5.47 rows=104 width=0)
	        Index Cond: ((k >= 4517236) AND (k <= 4517336))

explain: for range-notcovered :: explain SELECT k, c FROM sbtest%d WHERE k BETWEEN 4275733 AND 4275833
for range-notcovered
table 1 : explain SELECT k, c FROM sbtest1 WHERE k BETWEEN 4398093 AND 4398193
	Bitmap Heap Scan on sbtest1  (cost=5.47..405.13 rows=101 width=125)
	  Recheck Cond: ((k >= 4398093) AND (k <= 4398193))
	  ->  Bitmap Index Scan on k_1  (cost=0.00..5.44 rows=101 width=0)
	        Index Cond: ((k >= 4398093) AND (k <= 4398193))

table 2 : explain SELECT k, c FROM sbtest2 WHERE k BETWEEN 4398093 AND 4398193
	Bitmap Heap Scan on sbtest2  (cost=5.49..413.00 rows=103 width=125)
	  Recheck Cond: ((k >= 4398093) AND (k <= 4398193))
	  ->  Bitmap Index Scan on k_2  (cost=0.00..5.46 rows=103 width=0)
	        Index Cond: ((k >= 4398093) AND (k <= 4398193))

table 3 : explain SELECT k, c FROM sbtest3 WHERE k BETWEEN 4398093 AND 4398193
	Bitmap Heap Scan on sbtest3  (cost=5.49..413.00 rows=103 width=125)
	  Recheck Cond: ((k >= 4398093) AND (k <= 4398193))
	  ->  Bitmap Index Scan on k_3  (cost=0.00..5.46 rows=103 width=0)
	        Index Cond: ((k >= 4398093) AND (k <= 4398193))

table 4 : explain SELECT k, c FROM sbtest4 WHERE k BETWEEN 4398093 AND 4398193
	Bitmap Heap Scan on sbtest4  (cost=5.47..405.13 rows=101 width=125)
	  Recheck Cond: ((k >= 4398093) AND (k <= 4398193))
	  ->  Bitmap Index Scan on k_4  (cost=0.00..5.44 rows=101 width=0)
	        Index Cond: ((k >= 4398093) AND (k <= 4398193))

table 5 : explain SELECT k, c FROM sbtest5 WHERE k BETWEEN 4398093 AND 4398193
	Bitmap Heap Scan on sbtest5  (cost=5.43..389.37 rows=97 width=125)
	  Recheck Cond: ((k >= 4398093) AND (k <= 4398193))
	  ->  Bitmap Index Scan on k_5  (cost=0.00..5.40 rows=97 width=0)
	        Index Cond: ((k >= 4398093) AND (k <= 4398193))

table 6 : explain SELECT k, c FROM sbtest6 WHERE k BETWEEN 4398093 AND 4398193
	Bitmap Heap Scan on sbtest6  (cost=5.50..416.94 rows=104 width=125)
	  Recheck Cond: ((k >= 4398093) AND (k <= 4398193))
	  ->  Bitmap Index Scan on k_6  (cost=0.00..5.47 rows=104 width=0)
	        Index Cond: ((k >= 4398093) AND (k <= 4398193))

table 7 : explain SELECT k, c FROM sbtest7 WHERE k BETWEEN 4398093 AND 4398193
	Bitmap Heap Scan on sbtest7  (cost=5.47..405.13 rows=101 width=125)
	  Recheck Cond: ((k >= 4398093) AND (k <= 4398193))
	  ->  Bitmap Index Scan on k_7  (cost=0.00..5.44 rows=101 width=0)
	        Index Cond: ((k >= 4398093) AND (k <= 4398193))

table 8 : explain SELECT k, c FROM sbtest8 WHERE k BETWEEN 4398093 AND 4398193
	Bitmap Heap Scan on sbtest8  (cost=5.48..409.07 rows=102 width=125)
	  Recheck Cond: ((k >= 4398093) AND (k <= 4398193))
	  ->  Bitmap Index Scan on k_8  (cost=0.00..5.45 rows=102 width=0)
	        Index Cond: ((k >= 4398093) AND (k <= 4398193))

for range-notcovered
table 1 : explain SELECT k, c FROM sbtest1 WHERE k BETWEEN 1890027 AND 1890127
	Bitmap Heap Scan on sbtest1  (cost=5.41..381.49 rows=95 width=125)
	  Recheck Cond: ((k >= 1890027) AND (k <= 1890127))
	  ->  Bitmap Index Scan on k_1  (cost=0.00..5.38 rows=95 width=0)
	        Index Cond: ((k >= 1890027) AND (k <= 1890127))

table 2 : explain SELECT k, c FROM sbtest2 WHERE k BETWEEN 1890027 AND 1890127
	Bitmap Heap Scan on sbtest2  (cost=5.53..428.75 rows=107 width=125)
	  Recheck Cond: ((k >= 1890027) AND (k <= 1890127))
	  ->  Bitmap Index Scan on k_2  (cost=0.00..5.50 rows=107 width=0)
	        Index Cond: ((k >= 1890027) AND (k <= 1890127))

table 3 : explain SELECT k, c FROM sbtest3 WHERE k BETWEEN 1890027 AND 1890127
	Bitmap Heap Scan on sbtest3  (cost=5.44..393.31 rows=98 width=125)
	  Recheck Cond: ((k >= 1890027) AND (k <= 1890127))
	  ->  Bitmap Index Scan on k_3  (cost=0.00..5.42 rows=98 width=0)
	        Index Cond: ((k >= 1890027) AND (k <= 1890127))

table 4 : explain SELECT k, c FROM sbtest4 WHERE k BETWEEN 1890027 AND 1890127
	Bitmap Heap Scan on sbtest4  (cost=5.46..401.19 rows=100 width=125)
	  Recheck Cond: ((k >= 1890027) AND (k <= 1890127))
	  ->  Bitmap Index Scan on k_4  (cost=0.00..5.43 rows=100 width=0)
	        Index Cond: ((k >= 1890027) AND (k <= 1890127))

table 5 : explain SELECT k, c FROM sbtest5 WHERE k BETWEEN 1890027 AND 1890127
	Bitmap Heap Scan on sbtest5  (cost=5.53..428.75 rows=107 width=125)
	  Recheck Cond: ((k >= 1890027) AND (k <= 1890127))
	  ->  Bitmap Index Scan on k_5  (cost=0.00..5.50 rows=107 width=0)
	        Index Cond: ((k >= 1890027) AND (k <= 1890127))

table 6 : explain SELECT k, c FROM sbtest6 WHERE k BETWEEN 1890027 AND 1890127
	Bitmap Heap Scan on sbtest6  (cost=5.50..416.94 rows=104 width=125)
	  Recheck Cond: ((k >= 1890027) AND (k <= 1890127))
	  ->  Bitmap Index Scan on k_6  (cost=0.00..5.47 rows=104 width=0)
	        Index Cond: ((k >= 1890027) AND (k <= 1890127))

table 7 : explain SELECT k, c FROM sbtest7 WHERE k BETWEEN 1890027 AND 1890127
	Bitmap Heap Scan on sbtest7  (cost=5.48..409.07 rows=102 width=125)
	  Recheck Cond: ((k >= 1890027) AND (k <= 1890127))
	  ->  Bitmap Index Scan on k_7  (cost=0.00..5.45 rows=102 width=0)
	        Index Cond: ((k >= 1890027) AND (k <= 1890127))

table 8 : explain SELECT k, c FROM sbtest8 WHERE k BETWEEN 1890027 AND 1890127
	Bitmap Heap Scan on sbtest8  (cost=5.44..393.31 rows=98 width=125)
	  Recheck Cond: ((k >= 1890027) AND (k <= 1890127))
	  ->  Bitmap Index Scan on k_8  (cost=0.00..5.42 rows=98 width=0)
	        Index Cond: ((k >= 1890027) AND (k <= 1890127))

for range-notcovered
table 1 : explain SELECT k, c FROM sbtest1 WHERE k BETWEEN 3166405 AND 3166505
	Bitmap Heap Scan on sbtest1  (cost=5.44..393.31 rows=98 width=125)
	  Recheck Cond: ((k >= 3166405) AND (k <= 3166505))
	  ->  Bitmap Index Scan on k_1  (cost=0.00..5.42 rows=98 width=0)
	        Index Cond: ((k >= 3166405) AND (k <= 3166505))

table 2 : explain SELECT k, c FROM sbtest2 WHERE k BETWEEN 3166405 AND 3166505
	Bitmap Heap Scan on sbtest2  (cost=5.47..405.13 rows=101 width=125)
	  Recheck Cond: ((k >= 3166405) AND (k <= 3166505))
	  ->  Bitmap Index Scan on k_2  (cost=0.00..5.44 rows=101 width=0)
	        Index Cond: ((k >= 3166405) AND (k <= 3166505))

table 3 : explain SELECT k, c FROM sbtest3 WHERE k BETWEEN 3166405 AND 3166505
	Bitmap Heap Scan on sbtest3  (cost=5.51..420.88 rows=105 width=125)
	  Recheck Cond: ((k >= 3166405) AND (k <= 3166505))
	  ->  Bitmap Index Scan on k_3  (cost=0.00..5.48 rows=105 width=0)
	        Index Cond: ((k >= 3166405) AND (k <= 3166505))

table 4 : explain SELECT k, c FROM sbtest4 WHERE k BETWEEN 3166405 AND 3166505
	Bitmap Heap Scan on sbtest4  (cost=5.49..413.00 rows=103 width=125)
	  Recheck Cond: ((k >= 3166405) AND (k <= 3166505))
	  ->  Bitmap Index Scan on k_4  (cost=0.00..5.46 rows=103 width=0)
	        Index Cond: ((k >= 3166405) AND (k <= 3166505))

table 5 : explain SELECT k, c FROM sbtest5 WHERE k BETWEEN 3166405 AND 3166505
	Bitmap Heap Scan on sbtest5  (cost=5.47..405.13 rows=101 width=125)
	  Recheck Cond: ((k >= 3166405) AND (k <= 3166505))
	  ->  Bitmap Index Scan on k_5  (cost=0.00..5.44 rows=101 width=0)
	        Index Cond: ((k >= 3166405) AND (k <= 3166505))

table 6 : explain SELECT k, c FROM sbtest6 WHERE k BETWEEN 3166405 AND 3166505
	Bitmap Heap Scan on sbtest6  (cost=5.48..409.07 rows=102 width=125)
	  Recheck Cond: ((k >= 3166405) AND (k <= 3166505))
	  ->  Bitmap Index Scan on k_6  (cost=0.00..5.45 rows=102 width=0)
	        Index Cond: ((k >= 3166405) AND (k <= 3166505))

table 7 : explain SELECT k, c FROM sbtest7 WHERE k BETWEEN 3166405 AND 3166505
	Bitmap Heap Scan on sbtest7  (cost=5.42..385.43 rows=96 width=125)
	  Recheck Cond: ((k >= 3166405) AND (k <= 3166505))
	  ->  Bitmap Index Scan on k_7  (cost=0.00..5.39 rows=96 width=0)
	        Index Cond: ((k >= 3166405) AND (k <= 3166505))

table 8 : explain SELECT k, c FROM sbtest8 WHERE k BETWEEN 3166405 AND 3166505
	Bitmap Heap Scan on sbtest8  (cost=5.48..409.07 rows=102 width=125)
	  Recheck Cond: ((k >= 3166405) AND (k <= 3166505))
	  ->  Bitmap Index Scan on k_8  (cost=0.00..5.45 rows=102 width=0)
	        Index Cond: ((k >= 3166405) AND (k <= 3166505))

for range-notcovered
table 1 : explain SELECT k, c FROM sbtest1 WHERE k BETWEEN 2833974 AND 2834074
	Bitmap Heap Scan on sbtest1  (cost=5.42..385.43 rows=96 width=125)
	  Recheck Cond: ((k >= 2833974) AND (k <= 2834074))
	  ->  Bitmap Index Scan on k_1  (cost=0.00..5.39 rows=96 width=0)
	        Index Cond: ((k >= 2833974) AND (k <= 2834074))

table 2 : explain SELECT k, c FROM sbtest2 WHERE k BETWEEN 2833974 AND 2834074
	Bitmap Heap Scan on sbtest2  (cost=5.55..436.62 rows=109 width=125)
	  Recheck Cond: ((k >= 2833974) AND (k <= 2834074))
	  ->  Bitmap Index Scan on k_2  (cost=0.00..5.52 rows=109 width=0)
	        Index Cond: ((k >= 2833974) AND (k <= 2834074))

table 3 : explain SELECT k, c FROM sbtest3 WHERE k BETWEEN 2833974 AND 2834074
	Bitmap Heap Scan on sbtest3  (cost=5.44..393.31 rows=98 width=125)
	  Recheck Cond: ((k >= 2833974) AND (k <= 2834074))
	  ->  Bitmap Index Scan on k_3  (cost=0.00..5.42 rows=98 width=0)
	        Index Cond: ((k >= 2833974) AND (k <= 2834074))

table 4 : explain SELECT k, c FROM sbtest4 WHERE k BETWEEN 2833974 AND 2834074
	Bitmap Heap Scan on sbtest4  (cost=5.49..413.00 rows=103 width=125)
	  Recheck Cond: ((k >= 2833974) AND (k <= 2834074))
	  ->  Bitmap Index Scan on k_4  (cost=0.00..5.46 rows=103 width=0)
	        Index Cond: ((k >= 2833974) AND (k <= 2834074))

table 5 : explain SELECT k, c FROM sbtest5 WHERE k BETWEEN 2833974 AND 2834074
	Bitmap Heap Scan on sbtest5  (cost=5.48..409.07 rows=102 width=125)
	  Recheck Cond: ((k >= 2833974) AND (k <= 2834074))
	  ->  Bitmap Index Scan on k_5  (cost=0.00..5.45 rows=102 width=0)
	        Index Cond: ((k >= 2833974) AND (k <= 2834074))

table 6 : explain SELECT k, c FROM sbtest6 WHERE k BETWEEN 2833974 AND 2834074
	Bitmap Heap Scan on sbtest6  (cost=5.58..448.42 rows=112 width=125)
	  Recheck Cond: ((k >= 2833974) AND (k <= 2834074))
	  ->  Bitmap Index Scan on k_6  (cost=0.00..5.55 rows=112 width=0)
	        Index Cond: ((k >= 2833974) AND (k <= 2834074))

table 7 : explain SELECT k, c FROM sbtest7 WHERE k BETWEEN 2833974 AND 2834074
	Bitmap Heap Scan on sbtest7  (cost=5.51..420.88 rows=105 width=125)
	  Recheck Cond: ((k >= 2833974) AND (k <= 2834074))
	  ->  Bitmap Index Scan on k_7  (cost=0.00..5.48 rows=105 width=0)
	        Index Cond: ((k >= 2833974) AND (k <= 2834074))

table 8 : explain SELECT k, c FROM sbtest8 WHERE k BETWEEN 2833974 AND 2834074
	Bitmap Heap Scan on sbtest8  (cost=5.44..393.31 rows=98 width=125)
	  Recheck Cond: ((k >= 2833974) AND (k <= 2834074))
	  ->  Bitmap Index Scan on k_8  (cost=0.00..5.42 rows=98 width=0)
	        Index Cond: ((k >= 2833974) AND (k <= 2834074))

explain: for range-notcovered :: explain SELECT k, c FROM sbtest%d WHERE k BETWEEN 1890027 AND 1890127
explain: for range-notcovered :: explain SELECT k, c FROM sbtest%d WHERE k BETWEEN 3166405 AND 3166505
for range-notcovered
table 1 : explain SELECT k, c FROM sbtest1 WHERE k BETWEEN 7147573 AND 7147673
	Bitmap Heap Scan on sbtest1  (cost=5.50..416.94 rows=104 width=125)
	  Recheck Cond: ((k >= 7147573) AND (k <= 7147673))
	  ->  Bitmap Index Scan on k_1  (cost=0.00..5.47 rows=104 width=0)
	        Index Cond: ((k >= 7147573) AND (k <= 7147673))

table 2 : explain SELECT k, c FROM sbtest2 WHERE k BETWEEN 7147573 AND 7147673
	Bitmap Heap Scan on sbtest2  (cost=5.57..444.49 rows=111 width=125)
	  Recheck Cond: ((k >= 7147573) AND (k <= 7147673))
	  ->  Bitmap Index Scan on k_2  (cost=0.00..5.54 rows=111 width=0)
	        Index Cond: ((k >= 7147573) AND (k <= 7147673))

table 3 : explain SELECT k, c FROM sbtest3 WHERE k BETWEEN 7147573 AND 7147673
	Bitmap Heap Scan on sbtest3  (cost=5.47..405.13 rows=101 width=125)
	  Recheck Cond: ((k >= 7147573) AND (k <= 7147673))
	  ->  Bitmap Index Scan on k_3  (cost=0.00..5.44 rows=101 width=0)
	        Index Cond: ((k >= 7147573) AND (k <= 7147673))

table 4 : explain SELECT k, c FROM sbtest4 WHERE k BETWEEN 7147573 AND 7147673
	Bitmap Heap Scan on sbtest4  (cost=5.42..385.43 rows=96 width=125)
	  Recheck Cond: ((k >= 7147573) AND (k <= 7147673))
	  ->  Bitmap Index Scan on k_4  (cost=0.00..5.39 rows=96 width=0)
	        Index Cond: ((k >= 7147573) AND (k <= 7147673))

table 5 : explain SELECT k, c FROM sbtest5 WHERE k BETWEEN 7147573 AND 7147673
	Bitmap Heap Scan on sbtest5  (cost=5.43..389.37 rows=97 width=125)
	  Recheck Cond: ((k >= 7147573) AND (k <= 7147673))
	  ->  Bitmap Index Scan on k_5  (cost=0.00..5.40 rows=97 width=0)
	        Index Cond: ((k >= 7147573) AND (k <= 7147673))

table 6 : explain SELECT k, c FROM sbtest6 WHERE k BETWEEN 7147573 AND 7147673
	Bitmap Heap Scan on sbtest6  (cost=5.46..401.19 rows=100 width=125)
	  Recheck Cond: ((k >= 7147573) AND (k <= 7147673))
	  ->  Bitmap Index Scan on k_6  (cost=0.00..5.43 rows=100 width=0)
	        Index Cond: ((k >= 7147573) AND (k <= 7147673))

table 7 : explain SELECT k, c FROM sbtest7 WHERE k BETWEEN 7147573 AND 7147673
	Bitmap Heap Scan on sbtest7  (cost=5.51..420.88 rows=105 width=125)
	  Recheck Cond: ((k >= 7147573) AND (k <= 7147673))
	  ->  Bitmap Index Scan on k_7  (cost=0.00..5.48 rows=105 width=0)
	        Index Cond: ((k >= 7147573) AND (k <= 7147673))

table 8 : explain SELECT k, c FROM sbtest8 WHERE k BETWEEN 7147573 AND 7147673
	Bitmap Heap Scan on sbtest8  (cost=5.47..405.13 rows=101 width=125)
	  Recheck Cond: ((k >= 7147573) AND (k <= 7147673))
	  ->  Bitmap Index Scan on k_8  (cost=0.00..5.44 rows=101 width=0)
	        Index Cond: ((k >= 7147573) AND (k <= 7147673))

explain: for range-notcovered :: explain SELECT k, c FROM sbtest%d WHERE k BETWEEN 2833974 AND 2834074
explain: for range-notcovered :: explain SELECT k, c FROM sbtest%d WHERE k BETWEEN 6533363 AND 6533463
explain: for range-notcovered :: explain SELECT k, c FROM sbtest%d WHERE k BETWEEN 7147573 AND 7147673
for range-notcovered
table 1 : explain SELECT k, c FROM sbtest1 WHERE k BETWEEN 8258491 AND 8258591
	Bitmap Heap Scan on sbtest1  (cost=5.47..405.13 rows=101 width=125)
	  Recheck Cond: ((k >= 8258491) AND (k <= 8258591))
	  ->  Bitmap Index Scan on k_1  (cost=0.00..5.44 rows=101 width=0)
	        Index Cond: ((k >= 8258491) AND (k <= 8258591))

table 2 : explain SELECT k, c FROM sbtest2 WHERE k BETWEEN 8258491 AND 8258591
	Bitmap Heap Scan on sbtest2  (cost=5.43..389.37 rows=97 width=125)
	  Recheck Cond: ((k >= 8258491) AND (k <= 8258591))
	  ->  Bitmap Index Scan on k_2  (cost=0.00..5.40 rows=97 width=0)
	        Index Cond: ((k >= 8258491) AND (k <= 8258591))

table 3 : explain SELECT k, c FROM sbtest3 WHERE k BETWEEN 8258491 AND 8258591
	Bitmap Heap Scan on sbtest3  (cost=5.41..381.49 rows=95 width=125)
	  Recheck Cond: ((k >= 8258491) AND (k <= 8258591))
	  ->  Bitmap Index Scan on k_3  (cost=0.00..5.38 rows=95 width=0)
	        Index Cond: ((k >= 8258491) AND (k <= 8258591))

table 4 : explain SELECT k, c FROM sbtest4 WHERE k BETWEEN 8258491 AND 8258591
	Bitmap Heap Scan on sbtest4  (cost=5.49..413.00 rows=103 width=125)
	  Recheck Cond: ((k >= 8258491) AND (k <= 8258591))
	  ->  Bitmap Index Scan on k_4  (cost=0.00..5.46 rows=103 width=0)
	        Index Cond: ((k >= 8258491) AND (k <= 8258591))

table 5 : explain SELECT k, c FROM sbtest5 WHERE k BETWEEN 8258491 AND 8258591
	Bitmap Heap Scan on sbtest5  (cost=5.44..393.31 rows=98 width=125)
	  Recheck Cond: ((k >= 8258491) AND (k <= 8258591))
	  ->  Bitmap Index Scan on k_5  (cost=0.00..5.42 rows=98 width=0)
	        Index Cond: ((k >= 8258491) AND (k <= 8258591))

table 6 : explain SELECT k, c FROM sbtest6 WHERE k BETWEEN 8258491 AND 8258591
	Bitmap Heap Scan on sbtest6  (cost=5.45..397.25 rows=99 width=125)
	  Recheck Cond: ((k >= 8258491) AND (k <= 8258591))
	  ->  Bitmap Index Scan on k_6  (cost=0.00..5.42 rows=99 width=0)
	        Index Cond: ((k >= 8258491) AND (k <= 8258591))

table 7 : explain SELECT k, c FROM sbtest7 WHERE k BETWEEN 8258491 AND 8258591
	Bitmap Heap Scan on sbtest7  (cost=5.43..389.37 rows=97 width=125)
	  Recheck Cond: ((k >= 8258491) AND (k <= 8258591))
	  ->  Bitmap Index Scan on k_7  (cost=0.00..5.40 rows=97 width=0)
	        Index Cond: ((k >= 8258491) AND (k <= 8258591))

table 8 : explain SELECT k, c FROM sbtest8 WHERE k BETWEEN 8258491 AND 8258591
	Bitmap Heap Scan on sbtest8  (cost=5.50..416.94 rows=104 width=125)
	  Recheck Cond: ((k >= 8258491) AND (k <= 8258591))
	  ->  Bitmap Index Scan on k_8  (cost=0.00..5.47 rows=104 width=0)
	        Index Cond: ((k >= 8258491) AND (k <= 8258591))

for range-notcovered
table 1 : explain SELECT k, c FROM sbtest1 WHERE k BETWEEN 5914952 AND 5915052
	Bitmap Heap Scan on sbtest1  (cost=5.51..420.88 rows=105 width=125)
	  Recheck Cond: ((k >= 5914952) AND (k <= 5915052))
	  ->  Bitmap Index Scan on k_1  (cost=0.00..5.48 rows=105 width=0)
	        Index Cond: ((k >= 5914952) AND (k <= 5915052))

table 2 : explain SELECT k, c FROM sbtest2 WHERE k BETWEEN 5914952 AND 5915052
	Bitmap Heap Scan on sbtest2  (cost=5.46..401.19 rows=100 width=125)
	  Recheck Cond: ((k >= 5914952) AND (k <= 5915052))
	  ->  Bitmap Index Scan on k_2  (cost=0.00..5.43 rows=100 width=0)
	        Index Cond: ((k >= 5914952) AND (k <= 5915052))

table 3 : explain SELECT k, c FROM sbtest3 WHERE k BETWEEN 5914952 AND 5915052
	Bitmap Heap Scan on sbtest3  (cost=5.46..401.19 rows=100 width=125)
	  Recheck Cond: ((k >= 5914952) AND (k <= 5915052))
	  ->  Bitmap Index Scan on k_3  (cost=0.00..5.43 rows=100 width=0)
	        Index Cond: ((k >= 5914952) AND (k <= 5915052))

table 4 : explain SELECT k, c FROM sbtest4 WHERE k BETWEEN 5914952 AND 5915052
	Bitmap Heap Scan on sbtest4  (cost=5.50..416.94 rows=104 width=125)
	  Recheck Cond: ((k >= 5914952) AND (k <= 5915052))
	  ->  Bitmap Index Scan on k_4  (cost=0.00..5.47 rows=104 width=0)
	        Index Cond: ((k >= 5914952) AND (k <= 5915052))

table 5 : explain SELECT k, c FROM sbtest5 WHERE k BETWEEN 5914952 AND 5915052
	Bitmap Heap Scan on sbtest5  (cost=5.55..436.62 rows=109 width=125)
	  Recheck Cond: ((k >= 5914952) AND (k <= 5915052))
	  ->  Bitmap Index Scan on k_5  (cost=0.00..5.52 rows=109 width=0)
	        Index Cond: ((k >= 5914952) AND (k <= 5915052))

table 6 : explain SELECT k, c FROM sbtest6 WHERE k BETWEEN 5914952 AND 5915052
	Bitmap Heap Scan on sbtest6  (cost=5.52..424.81 rows=106 width=125)
	  Recheck Cond: ((k >= 5914952) AND (k <= 5915052))
	  ->  Bitmap Index Scan on k_6  (cost=0.00..5.50 rows=106 width=0)
	        Index Cond: ((k >= 5914952) AND (k <= 5915052))

table 7 : explain SELECT k, c FROM sbtest7 WHERE k BETWEEN 5914952 AND 5915052
	Bitmap Heap Scan on sbtest7  (cost=5.52..424.81 rows=106 width=125)
	  Recheck Cond: ((k >= 5914952) AND (k <= 5915052))
	  ->  Bitmap Index Scan on k_7  (cost=0.00..5.50 rows=106 width=0)
	        Index Cond: ((k >= 5914952) AND (k <= 5915052))

table 8 : explain SELECT k, c FROM sbtest8 WHERE k BETWEEN 5914952 AND 5915052
	Bitmap Heap Scan on sbtest8  (cost=5.41..381.49 rows=95 width=125)
	  Recheck Cond: ((k >= 5914952) AND (k <= 5915052))
	  ->  Bitmap Index Scan on k_8  (cost=0.00..5.38 rows=95 width=0)
	        Index Cond: ((k >= 5914952) AND (k <= 5915052))

explain: for range-notcovered :: explain SELECT k, c FROM sbtest%d WHERE k BETWEEN 8258491 AND 8258591
explain: for range-notcovered :: explain SELECT k, c FROM sbtest%d WHERE k BETWEEN 5914952 AND 5915052
for range-notcovered
table 1 : explain SELECT k, c FROM sbtest1 WHERE k BETWEEN 4275733 AND 4275833
	Bitmap Heap Scan on sbtest1  (cost=5.51..420.88 rows=105 width=125)
	  Recheck Cond: ((k >= 4275733) AND (k <= 4275833))
	  ->  Bitmap Index Scan on k_1  (cost=0.00..5.48 rows=105 width=0)
	        Index Cond: ((k >= 4275733) AND (k <= 4275833))

table 2 : explain SELECT k, c FROM sbtest2 WHERE k BETWEEN 4275733 AND 4275833
	Bitmap Heap Scan on sbtest2  (cost=5.52..424.81 rows=106 width=125)
	  Recheck Cond: ((k >= 4275733) AND (k <= 4275833))
	  ->  Bitmap Index Scan on k_2  (cost=0.00..5.50 rows=106 width=0)
	        Index Cond: ((k >= 4275733) AND (k <= 4275833))

table 3 : explain SELECT k, c FROM sbtest3 WHERE k BETWEEN 4275733 AND 4275833
	Bitmap Heap Scan on sbtest3  (cost=5.53..428.75 rows=107 width=125)
	  Recheck Cond: ((k >= 4275733) AND (k <= 4275833))
	  ->  Bitmap Index Scan on k_3  (cost=0.00..5.50 rows=107 width=0)
	        Index Cond: ((k >= 4275733) AND (k <= 4275833))

table 4 : explain SELECT k, c FROM sbtest4 WHERE k BETWEEN 4275733 AND 4275833
	Bitmap Heap Scan on sbtest4  (cost=5.51..420.88 rows=105 width=125)
	  Recheck Cond: ((k >= 4275733) AND (k <= 4275833))
	  ->  Bitmap Index Scan on k_4  (cost=0.00..5.48 rows=105 width=0)
	        Index Cond: ((k >= 4275733) AND (k <= 4275833))

table 5 : explain SELECT k, c FROM sbtest5 WHERE k BETWEEN 4275733 AND 4275833
	Bitmap Heap Scan on sbtest5  (cost=5.42..385.43 rows=96 width=125)
	  Recheck Cond: ((k >= 4275733) AND (k <= 4275833))
	  ->  Bitmap Index Scan on k_5  (cost=0.00..5.39 rows=96 width=0)
	        Index Cond: ((k >= 4275733) AND (k <= 4275833))

table 6 : explain SELECT k, c FROM sbtest6 WHERE k BETWEEN 4275733 AND 4275833
	Bitmap Heap Scan on sbtest6  (cost=5.50..416.94 rows=104 width=125)
	  Recheck Cond: ((k >= 4275733) AND (k <= 4275833))
	  ->  Bitmap Index Scan on k_6  (cost=0.00..5.47 rows=104 width=0)
	        Index Cond: ((k >= 4275733) AND (k <= 4275833))

table 7 : explain SELECT k, c FROM sbtest7 WHERE k BETWEEN 4275733 AND 4275833
	Bitmap Heap Scan on sbtest7  (cost=5.47..405.13 rows=101 width=125)
	  Recheck Cond: ((k >= 4275733) AND (k <= 4275833))
	  ->  Bitmap Index Scan on k_7  (cost=0.00..5.44 rows=101 width=0)
	        Index Cond: ((k >= 4275733) AND (k <= 4275833))

table 8 : explain SELECT k, c FROM sbtest8 WHERE k BETWEEN 4275733 AND 4275833
	Bitmap Heap Scan on sbtest8  (cost=5.54..432.69 rows=108 width=125)
	  Recheck Cond: ((k >= 4275733) AND (k <= 4275833))
	  ->  Bitmap Index Scan on k_8  (cost=0.00..5.51 rows=108 width=0)
	        Index Cond: ((k >= 4275733) AND (k <= 4275833))

explain: for range-notcovered :: explain SELECT k, c FROM sbtest%d WHERE k BETWEEN 4275733 AND 4275833
for range-notcovered
table 1 : explain SELECT k, c FROM sbtest1 WHERE k BETWEEN 1890027 AND 1890127
	Bitmap Heap Scan on sbtest1  (cost=5.41..381.49 rows=95 width=125)
	  Recheck Cond: ((k >= 1890027) AND (k <= 1890127))
	  ->  Bitmap Index Scan on k_1  (cost=0.00..5.38 rows=95 width=0)
	        Index Cond: ((k >= 1890027) AND (k <= 1890127))

table 2 : explain SELECT k, c FROM sbtest2 WHERE k BETWEEN 1890027 AND 1890127
	Bitmap Heap Scan on sbtest2  (cost=5.53..428.75 rows=107 width=125)
	  Recheck Cond: ((k >= 1890027) AND (k <= 1890127))
	  ->  Bitmap Index Scan on k_2  (cost=0.00..5.50 rows=107 width=0)
	        Index Cond: ((k >= 1890027) AND (k <= 1890127))

table 3 : explain SELECT k, c FROM sbtest3 WHERE k BETWEEN 1890027 AND 1890127
	Bitmap Heap Scan on sbtest3  (cost=5.44..393.31 rows=98 width=125)
	  Recheck Cond: ((k >= 1890027) AND (k <= 1890127))
	  ->  Bitmap Index Scan on k_3  (cost=0.00..5.42 rows=98 width=0)
	        Index Cond: ((k >= 1890027) AND (k <= 1890127))

table 4 : explain SELECT k, c FROM sbtest4 WHERE k BETWEEN 1890027 AND 1890127
	Bitmap Heap Scan on sbtest4  (cost=5.46..401.19 rows=100 width=125)
	  Recheck Cond: ((k >= 1890027) AND (k <= 1890127))
	  ->  Bitmap Index Scan on k_4  (cost=0.00..5.43 rows=100 width=0)
	        Index Cond: ((k >= 1890027) AND (k <= 1890127))

table 5 : explain SELECT k, c FROM sbtest5 WHERE k BETWEEN 1890027 AND 1890127
	Bitmap Heap Scan on sbtest5  (cost=5.53..428.75 rows=107 width=125)
	  Recheck Cond: ((k >= 1890027) AND (k <= 1890127))
	  ->  Bitmap Index Scan on k_5  (cost=0.00..5.50 rows=107 width=0)
	        Index Cond: ((k >= 1890027) AND (k <= 1890127))

table 6 : explain SELECT k, c FROM sbtest6 WHERE k BETWEEN 1890027 AND 1890127
	Bitmap Heap Scan on sbtest6  (cost=5.50..416.94 rows=104 width=125)
	  Recheck Cond: ((k >= 1890027) AND (k <= 1890127))
	  ->  Bitmap Index Scan on k_6  (cost=0.00..5.47 rows=104 width=0)
	        Index Cond: ((k >= 1890027) AND (k <= 1890127))

table 7 : explain SELECT k, c FROM sbtest7 WHERE k BETWEEN 1890027 AND 1890127
	Bitmap Heap Scan on sbtest7  (cost=5.48..409.07 rows=102 width=125)
	  Recheck Cond: ((k >= 1890027) AND (k <= 1890127))
	  ->  Bitmap Index Scan on k_7  (cost=0.00..5.45 rows=102 width=0)
	        Index Cond: ((k >= 1890027) AND (k <= 1890127))

table 8 : explain SELECT k, c FROM sbtest8 WHERE k BETWEEN 1890027 AND 1890127
	Bitmap Heap Scan on sbtest8  (cost=5.44..393.31 rows=98 width=125)
	  Recheck Cond: ((k >= 1890027) AND (k <= 1890127))
	  ->  Bitmap Index Scan on k_8  (cost=0.00..5.42 rows=98 width=0)
	        Index Cond: ((k >= 1890027) AND (k <= 1890127))

for range-notcovered
table 1 : explain SELECT k, c FROM sbtest1 WHERE k BETWEEN 3166405 AND 3166505
	Bitmap Heap Scan on sbtest1  (cost=5.44..393.31 rows=98 width=125)
	  Recheck Cond: ((k >= 3166405) AND (k <= 3166505))
	  ->  Bitmap Index Scan on k_1  (cost=0.00..5.42 rows=98 width=0)
	        Index Cond: ((k >= 3166405) AND (k <= 3166505))

table 2 : explain SELECT k, c FROM sbtest2 WHERE k BETWEEN 3166405 AND 3166505
	Bitmap Heap Scan on sbtest2  (cost=5.47..405.13 rows=101 width=125)
	  Recheck Cond: ((k >= 3166405) AND (k <= 3166505))
	  ->  Bitmap Index Scan on k_2  (cost=0.00..5.44 rows=101 width=0)
	        Index Cond: ((k >= 3166405) AND (k <= 3166505))

table 3 : explain SELECT k, c FROM sbtest3 WHERE k BETWEEN 3166405 AND 3166505
	Bitmap Heap Scan on sbtest3  (cost=5.51..420.88 rows=105 width=125)
	  Recheck Cond: ((k >= 3166405) AND (k <= 3166505))
	  ->  Bitmap Index Scan on k_3  (cost=0.00..5.48 rows=105 width=0)
	        Index Cond: ((k >= 3166405) AND (k <= 3166505))

table 4 : explain SELECT k, c FROM sbtest4 WHERE k BETWEEN 3166405 AND 3166505
	Bitmap Heap Scan on sbtest4  (cost=5.49..413.00 rows=103 width=125)
	  Recheck Cond: ((k >= 3166405) AND (k <= 3166505))
	  ->  Bitmap Index Scan on k_4  (cost=0.00..5.46 rows=103 width=0)
	        Index Cond: ((k >= 3166405) AND (k <= 3166505))

table 5 : explain SELECT k, c FROM sbtest5 WHERE k BETWEEN 3166405 AND 3166505
	Bitmap Heap Scan on sbtest5  (cost=5.47..405.13 rows=101 width=125)
	  Recheck Cond: ((k >= 3166405) AND (k <= 3166505))
	  ->  Bitmap Index Scan on k_5  (cost=0.00..5.44 rows=101 width=0)
	        Index Cond: ((k >= 3166405) AND (k <= 3166505))

table 6 : explain SELECT k, c FROM sbtest6 WHERE k BETWEEN 3166405 AND 3166505
	Bitmap Heap Scan on sbtest6  (cost=5.48..409.07 rows=102 width=125)
	  Recheck Cond: ((k >= 3166405) AND (k <= 3166505))
	  ->  Bitmap Index Scan on k_6  (cost=0.00..5.45 rows=102 width=0)
	        Index Cond: ((k >= 3166405) AND (k <= 3166505))

table 7 : explain SELECT k, c FROM sbtest7 WHERE k BETWEEN 3166405 AND 3166505
	Bitmap Heap Scan on sbtest7  (cost=5.42..385.43 rows=96 width=125)
	  Recheck Cond: ((k >= 3166405) AND (k <= 3166505))
	  ->  Bitmap Index Scan on k_7  (cost=0.00..5.39 rows=96 width=0)
	        Index Cond: ((k >= 3166405) AND (k <= 3166505))

table 8 : explain SELECT k, c FROM sbtest8 WHERE k BETWEEN 3166405 AND 3166505
	Bitmap Heap Scan on sbtest8  (cost=5.48..409.07 rows=102 width=125)
	  Recheck Cond: ((k >= 3166405) AND (k <= 3166505))
	  ->  Bitmap Index Scan on k_8  (cost=0.00..5.45 rows=102 width=0)
	        Index Cond: ((k >= 3166405) AND (k <= 3166505))

for range-notcovered
table 1 : explain SELECT k, c FROM sbtest1 WHERE k BETWEEN 7147573 AND 7147673
	Bitmap Heap Scan on sbtest1  (cost=5.50..416.94 rows=104 width=125)
	  Recheck Cond: ((k >= 7147573) AND (k <= 7147673))
	  ->  Bitmap Index Scan on k_1  (cost=0.00..5.47 rows=104 width=0)
	        Index Cond: ((k >= 7147573) AND (k <= 7147673))

table 2 : explain SELECT k, c FROM sbtest2 WHERE k BETWEEN 7147573 AND 7147673
	Bitmap Heap Scan on sbtest2  (cost=5.57..444.49 rows=111 width=125)
	  Recheck Cond: ((k >= 7147573) AND (k <= 7147673))
	  ->  Bitmap Index Scan on k_2  (cost=0.00..5.54 rows=111 width=0)
	        Index Cond: ((k >= 7147573) AND (k <= 7147673))

table 3 : explain SELECT k, c FROM sbtest3 WHERE k BETWEEN 7147573 AND 7147673
	Bitmap Heap Scan on sbtest3  (cost=5.47..405.13 rows=101 width=125)
	  Recheck Cond: ((k >= 7147573) AND (k <= 7147673))
	  ->  Bitmap Index Scan on k_3  (cost=0.00..5.44 rows=101 width=0)
	        Index Cond: ((k >= 7147573) AND (k <= 7147673))

table 4 : explain SELECT k, c FROM sbtest4 WHERE k BETWEEN 7147573 AND 7147673
	Bitmap Heap Scan on sbtest4  (cost=5.42..385.43 rows=96 width=125)
	  Recheck Cond: ((k >= 7147573) AND (k <= 7147673))
	  ->  Bitmap Index Scan on k_4  (cost=0.00..5.39 rows=96 width=0)
	        Index Cond: ((k >= 7147573) AND (k <= 7147673))

table 5 : explain SELECT k, c FROM sbtest5 WHERE k BETWEEN 7147573 AND 7147673
	Bitmap Heap Scan on sbtest5  (cost=5.43..389.37 rows=97 width=125)
	  Recheck Cond: ((k >= 7147573) AND (k <= 7147673))
	  ->  Bitmap Index Scan on k_5  (cost=0.00..5.40 rows=97 width=0)
	        Index Cond: ((k >= 7147573) AND (k <= 7147673))

table 6 : explain SELECT k, c FROM sbtest6 WHERE k BETWEEN 7147573 AND 7147673
	Bitmap Heap Scan on sbtest6  (cost=5.46..401.19 rows=100 width=125)
	  Recheck Cond: ((k >= 7147573) AND (k <= 7147673))
	  ->  Bitmap Index Scan on k_6  (cost=0.00..5.43 rows=100 width=0)
	        Index Cond: ((k >= 7147573) AND (k <= 7147673))

table 7 : explain SELECT k, c FROM sbtest7 WHERE k BETWEEN 7147573 AND 7147673
	Bitmap Heap Scan on sbtest7  (cost=5.51..420.88 rows=105 width=125)
	  Recheck Cond: ((k >= 7147573) AND (k <= 7147673))
	  ->  Bitmap Index Scan on k_7  (cost=0.00..5.48 rows=105 width=0)
	        Index Cond: ((k >= 7147573) AND (k <= 7147673))

table 8 : explain SELECT k, c FROM sbtest8 WHERE k BETWEEN 7147573 AND 7147673
	Bitmap Heap Scan on sbtest8  (cost=5.47..405.13 rows=101 width=125)
	  Recheck Cond: ((k >= 7147573) AND (k <= 7147673))
	  ->  Bitmap Index Scan on k_8  (cost=0.00..5.44 rows=101 width=0)
	        Index Cond: ((k >= 7147573) AND (k <= 7147673))

for range-notcovered
table 1 : explain SELECT k, c FROM sbtest1 WHERE k BETWEEN 2833974 AND 2834074
	Bitmap Heap Scan on sbtest1  (cost=5.42..385.43 rows=96 width=125)
	  Recheck Cond: ((k >= 2833974) AND (k <= 2834074))
	  ->  Bitmap Index Scan on k_1  (cost=0.00..5.39 rows=96 width=0)
	        Index Cond: ((k >= 2833974) AND (k <= 2834074))

table 2 : explain SELECT k, c FROM sbtest2 WHERE k BETWEEN 2833974 AND 2834074
	Bitmap Heap Scan on sbtest2  (cost=5.55..436.62 rows=109 width=125)
	  Recheck Cond: ((k >= 2833974) AND (k <= 2834074))
	  ->  Bitmap Index Scan on k_2  (cost=0.00..5.52 rows=109 width=0)
	        Index Cond: ((k >= 2833974) AND (k <= 2834074))

table 3 : explain SELECT k, c FROM sbtest3 WHERE k BETWEEN 2833974 AND 2834074
	Bitmap Heap Scan on sbtest3  (cost=5.44..393.31 rows=98 width=125)
	  Recheck Cond: ((k >= 2833974) AND (k <= 2834074))
	  ->  Bitmap Index Scan on k_3  (cost=0.00..5.42 rows=98 width=0)
	        Index Cond: ((k >= 2833974) AND (k <= 2834074))

table 4 : explain SELECT k, c FROM sbtest4 WHERE k BETWEEN 2833974 AND 2834074
	Bitmap Heap Scan on sbtest4  (cost=5.49..413.00 rows=103 width=125)
	  Recheck Cond: ((k >= 2833974) AND (k <= 2834074))
	  ->  Bitmap Index Scan on k_4  (cost=0.00..5.46 rows=103 width=0)
	        Index Cond: ((k >= 2833974) AND (k <= 2834074))

table 5 : explain SELECT k, c FROM sbtest5 WHERE k BETWEEN 2833974 AND 2834074
	Bitmap Heap Scan on sbtest5  (cost=5.48..409.07 rows=102 width=125)
	  Recheck Cond: ((k >= 2833974) AND (k <= 2834074))
	  ->  Bitmap Index Scan on k_5  (cost=0.00..5.45 rows=102 width=0)
	        Index Cond: ((k >= 2833974) AND (k <= 2834074))

table 6 : explain SELECT k, c FROM sbtest6 WHERE k BETWEEN 2833974 AND 2834074
	Bitmap Heap Scan on sbtest6  (cost=5.58..448.42 rows=112 width=125)
	  Recheck Cond: ((k >= 2833974) AND (k <= 2834074))
	  ->  Bitmap Index Scan on k_6  (cost=0.00..5.55 rows=112 width=0)
	        Index Cond: ((k >= 2833974) AND (k <= 2834074))

table 7 : explain SELECT k, c FROM sbtest7 WHERE k BETWEEN 2833974 AND 2834074
	Bitmap Heap Scan on sbtest7  (cost=5.51..420.88 rows=105 width=125)
	  Recheck Cond: ((k >= 2833974) AND (k <= 2834074))
	  ->  Bitmap Index Scan on k_7  (cost=0.00..5.48 rows=105 width=0)
	        Index Cond: ((k >= 2833974) AND (k <= 2834074))

table 8 : explain SELECT k, c FROM sbtest8 WHERE k BETWEEN 2833974 AND 2834074
	Bitmap Heap Scan on sbtest8  (cost=5.44..393.31 rows=98 width=125)
	  Recheck Cond: ((k >= 2833974) AND (k <= 2834074))
	  ->  Bitmap Index Scan on k_8  (cost=0.00..5.42 rows=98 width=0)
	        Index Cond: ((k >= 2833974) AND (k <= 2834074))
explain: for range-notcovered :: explain SELECT k, c FROM sbtest%d WHERE k BETWEEN 3166405 AND 3166505explain: for range-notcovered :: explain SELECT k, c FROM sbtest%d WHERE k BETWEEN 1890027 AND 1890127


explain: for range-notcovered :: explain SELECT k, c FROM sbtest%d WHERE k BETWEEN 7147573 AND 7147673
explain: for range-notcovered :: explain SELECT k, c FROM sbtest%d WHERE k BETWEEN 2833974 AND 2834074
for range-notcovered
table 1 : explain SELECT k, c FROM sbtest1 WHERE k BETWEEN 1929950 AND 1930050
	Bitmap Heap Scan on sbtest1  (cost=5.41..381.49 rows=95 width=125)
	  Recheck Cond: ((k >= 1929950) AND (k <= 1930050))
	  ->  Bitmap Index Scan on k_1  (cost=0.00..5.38 rows=95 width=0)
	        Index Cond: ((k >= 1929950) AND (k <= 1930050))

table 2 : explain SELECT k, c FROM sbtest2 WHERE k BETWEEN 1929950 AND 1930050
	Bitmap Heap Scan on sbtest2  (cost=5.47..405.13 rows=101 width=125)
	  Recheck Cond: ((k >= 1929950) AND (k <= 1930050))
	  ->  Bitmap Index Scan on k_2  (cost=0.00..5.44 rows=101 width=0)
	        Index Cond: ((k >= 1929950) AND (k <= 1930050))

table 3 : explain SELECT k, c FROM sbtest3 WHERE k BETWEEN 1929950 AND 1930050
	Bitmap Heap Scan on sbtest3  (cost=5.52..424.81 rows=106 width=125)
	  Recheck Cond: ((k >= 1929950) AND (k <= 1930050))
	  ->  Bitmap Index Scan on k_3  (cost=0.00..5.50 rows=106 width=0)
	        Index Cond: ((k >= 1929950) AND (k <= 1930050))

table 4 : explain SELECT k, c FROM sbtest4 WHERE k BETWEEN 1929950 AND 1930050
	Bitmap Heap Scan on sbtest4  (cost=5.46..401.19 rows=100 width=125)
	  Recheck Cond: ((k >= 1929950) AND (k <= 1930050))
	  ->  Bitmap Index Scan on k_4  (cost=0.00..5.43 rows=100 width=0)
	        Index Cond: ((k >= 1929950) AND (k <= 1930050))

table 5 : explain SELECT k, c FROM sbtest5 WHERE k BETWEEN 1929950 AND 1930050
	Bitmap Heap Scan on sbtest5  (cost=5.48..409.07 rows=102 width=125)
	  Recheck Cond: ((k >= 1929950) AND (k <= 1930050))
	  ->  Bitmap Index Scan on k_5  (cost=0.00..5.45 rows=102 width=0)
	        Index Cond: ((k >= 1929950) AND (k <= 1930050))

table 6 : explain SELECT k, c FROM sbtest6 WHERE k BETWEEN 1929950 AND 1930050
	Bitmap Heap Scan on sbtest6  (cost=5.45..397.25 rows=99 width=125)
	  Recheck Cond: ((k >= 1929950) AND (k <= 1930050))
	  ->  Bitmap Index Scan on k_6  (cost=0.00..5.42 rows=99 width=0)
	        Index Cond: ((k >= 1929950) AND (k <= 1930050))

table 7 : explain SELECT k, c FROM sbtest7 WHERE k BETWEEN 1929950 AND 1930050
	Bitmap Heap Scan on sbtest7  (cost=5.48..409.07 rows=102 width=125)
	  Recheck Cond: ((k >= 1929950) AND (k <= 1930050))
	  ->  Bitmap Index Scan on k_7  (cost=0.00..5.45 rows=102 width=0)
	        Index Cond: ((k >= 1929950) AND (k <= 1930050))

table 8 : explain SELECT k, c FROM sbtest8 WHERE k BETWEEN 1929950 AND 1930050
	Bitmap Heap Scan on sbtest8  (cost=5.44..393.31 rows=98 width=125)
	  Recheck Cond: ((k >= 1929950) AND (k <= 1930050))
	  ->  Bitmap Index Scan on k_8  (cost=0.00..5.42 rows=98 width=0)
	        Index Cond: ((k >= 1929950) AND (k <= 1930050))

explain: for range-notcovered :: explain SELECT k, c FROM sbtest%d WHERE k BETWEEN 2410554 AND 2410654
for range-notcovered
table 1 : explain SELECT k, c FROM sbtest1 WHERE k BETWEEN 5914952 AND 5915052
	Bitmap Heap Scan on sbtest1  (cost=5.51..420.88 rows=105 width=125)
	  Recheck Cond: ((k >= 5914952) AND (k <= 5915052))
	  ->  Bitmap Index Scan on k_1  (cost=0.00..5.48 rows=105 width=0)
	        Index Cond: ((k >= 5914952) AND (k <= 5915052))

table 2 : explain SELECT k, c FROM sbtest2 WHERE k BETWEEN 5914952 AND 5915052
	Bitmap Heap Scan on sbtest2  (cost=5.46..401.19 rows=100 width=125)
	  Recheck Cond: ((k >= 5914952) AND (k <= 5915052))
	  ->  Bitmap Index Scan on k_2  (cost=0.00..5.43 rows=100 width=0)
	        Index Cond: ((k >= 5914952) AND (k <= 5915052))

table 3 : explain SELECT k, c FROM sbtest3 WHERE k BETWEEN 5914952 AND 5915052
	Bitmap Heap Scan on sbtest3  (cost=5.46..401.19 rows=100 width=125)
	  Recheck Cond: ((k >= 5914952) AND (k <= 5915052))
	  ->  Bitmap Index Scan on k_3  (cost=0.00..5.43 rows=100 width=0)
	        Index Cond: ((k >= 5914952) AND (k <= 5915052))

table 4 : explain SELECT k, c FROM sbtest4 WHERE k BETWEEN 5914952 AND 5915052
	Bitmap Heap Scan on sbtest4  (cost=5.50..416.94 rows=104 width=125)
	  Recheck Cond: ((k >= 5914952) AND (k <= 5915052))
	  ->  Bitmap Index Scan on k_4  (cost=0.00..5.47 rows=104 width=0)
	        Index Cond: ((k >= 5914952) AND (k <= 5915052))

table 5 : explain SELECT k, c FROM sbtest5 WHERE k BETWEEN 5914952 AND 5915052
	Bitmap Heap Scan on sbtest5  (cost=5.55..436.62 rows=109 width=125)
	  Recheck Cond: ((k >= 5914952) AND (k <= 5915052))
	  ->  Bitmap Index Scan on k_5  (cost=0.00..5.52 rows=109 width=0)
	        Index Cond: ((k >= 5914952) AND (k <= 5915052))

table 6 : explain SELECT k, c FROM sbtest6 WHERE k BETWEEN 5914952 AND 5915052
	Bitmap Heap Scan on sbtest6  (cost=5.52..424.81 rows=106 width=125)
	  Recheck Cond: ((k >= 5914952) AND (k <= 5915052))
	  ->  Bitmap Index Scan on k_6  (cost=0.00..5.50 rows=106 width=0)
	        Index Cond: ((k >= 5914952) AND (k <= 5915052))

table 7 : explain SELECT k, c FROM sbtest7 WHERE k BETWEEN 5914952 AND 5915052
	Bitmap Heap Scan on sbtest7  (cost=5.52..424.81 rows=106 width=125)
	  Recheck Cond: ((k >= 5914952) AND (k <= 5915052))
	  ->  Bitmap Index Scan on k_7  (cost=0.00..5.50 rows=106 width=0)
	        Index Cond: ((k >= 5914952) AND (k <= 5915052))

table 8 : explain SELECT k, c FROM sbtest8 WHERE k BETWEEN 5914952 AND 5915052
	Bitmap Heap Scan on sbtest8  (cost=5.41..381.49 rows=95 width=125)
	  Recheck Cond: ((k >= 5914952) AND (k <= 5915052))
	  ->  Bitmap Index Scan on k_8  (cost=0.00..5.38 rows=95 width=0)
	        Index Cond: ((k >= 5914952) AND (k <= 5915052))

for range-notcovered
table 1 : explain SELECT k, c FROM sbtest1 WHERE k BETWEEN 8258491 AND 8258591
	Bitmap Heap Scan on sbtest1  (cost=5.47..405.13 rows=101 width=125)
	  Recheck Cond: ((k >= 8258491) AND (k <= 8258591))
	  ->  Bitmap Index Scan on k_1  (cost=0.00..5.44 rows=101 width=0)
	        Index Cond: ((k >= 8258491) AND (k <= 8258591))

table 2 : explain SELECT k, c FROM sbtest2 WHERE k BETWEEN 8258491 AND 8258591
	Bitmap Heap Scan on sbtest2  (cost=5.43..389.37 rows=97 width=125)
	  Recheck Cond: ((k >= 8258491) AND (k <= 8258591))
	  ->  Bitmap Index Scan on k_2  (cost=0.00..5.40 rows=97 width=0)
	        Index Cond: ((k >= 8258491) AND (k <= 8258591))

table 3 : explain SELECT k, c FROM sbtest3 WHERE k BETWEEN 8258491 AND 8258591
	Bitmap Heap Scan on sbtest3  (cost=5.41..381.49 rows=95 width=125)
	  Recheck Cond: ((k >= 8258491) AND (k <= 8258591))
	  ->  Bitmap Index Scan on k_3  (cost=0.00..5.38 rows=95 width=0)
	        Index Cond: ((k >= 8258491) AND (k <= 8258591))

table 4 : explain SELECT k, c FROM sbtest4 WHERE k BETWEEN 8258491 AND 8258591
	Bitmap Heap Scan on sbtest4  (cost=5.49..413.00 rows=103 width=125)
	  Recheck Cond: ((k >= 8258491) AND (k <= 8258591))
	  ->  Bitmap Index Scan on k_4  (cost=0.00..5.46 rows=103 width=0)
	        Index Cond: ((k >= 8258491) AND (k <= 8258591))

table 5 : explain SELECT k, c FROM sbtest5 WHERE k BETWEEN 8258491 AND 8258591
	Bitmap Heap Scan on sbtest5  (cost=5.44..393.31 rows=98 width=125)
	  Recheck Cond: ((k >= 8258491) AND (k <= 8258591))
	  ->  Bitmap Index Scan on k_5  (cost=0.00..5.42 rows=98 width=0)
	        Index Cond: ((k >= 8258491) AND (k <= 8258591))

table 6 : explain SELECT k, c FROM sbtest6 WHERE k BETWEEN 8258491 AND 8258591
	Bitmap Heap Scan on sbtest6  (cost=5.45..397.25 rows=99 width=125)
	  Recheck Cond: ((k >= 8258491) AND (k <= 8258591))
	  ->  Bitmap Index Scan on k_6  (cost=0.00..5.42 rows=99 width=0)
	        Index Cond: ((k >= 8258491) AND (k <= 8258591))

table 7 : explain SELECT k, c FROM sbtest7 WHERE k BETWEEN 8258491 AND 8258591
	Bitmap Heap Scan on sbtest7  (cost=5.43..389.37 rows=97 width=125)
	  Recheck Cond: ((k >= 8258491) AND (k <= 8258591))
	  ->  Bitmap Index Scan on k_7  (cost=0.00..5.40 rows=97 width=0)
	        Index Cond: ((k >= 8258491) AND (k <= 8258591))

table 8 : explain SELECT k, c FROM sbtest8 WHERE k BETWEEN 8258491 AND 8258591
	Bitmap Heap Scan on sbtest8  (cost=5.50..416.94 rows=104 width=125)
	  Recheck Cond: ((k >= 8258491) AND (k <= 8258591))
	  ->  Bitmap Index Scan on k_8  (cost=0.00..5.47 rows=104 width=0)
	        Index Cond: ((k >= 8258491) AND (k <= 8258591))

explain: for range-notcovered :: explain SELECT k, c FROM sbtest%d WHERE k BETWEEN 5914952 AND 5915052
explain: for range-notcovered :: explain SELECT k, c FROM sbtest%d WHERE k BETWEEN 1929950 AND 1930050
explain: for range-notcovered :: explain SELECT k, c FROM sbtest%d WHERE k BETWEEN 8258491 AND 8258591
for range-notcovered
table 1 : explain SELECT k, c FROM sbtest1 WHERE k BETWEEN 4275733 AND 4275833
	Bitmap Heap Scan on sbtest1  (cost=5.51..420.88 rows=105 width=125)
	  Recheck Cond: ((k >= 4275733) AND (k <= 4275833))
	  ->  Bitmap Index Scan on k_1  (cost=0.00..5.48 rows=105 width=0)
	        Index Cond: ((k >= 4275733) AND (k <= 4275833))

table 2 : explain SELECT k, c FROM sbtest2 WHERE k BETWEEN 4275733 AND 4275833
	Bitmap Heap Scan on sbtest2  (cost=5.52..424.81 rows=106 width=125)
	  Recheck Cond: ((k >= 4275733) AND (k <= 4275833))
	  ->  Bitmap Index Scan on k_2  (cost=0.00..5.50 rows=106 width=0)
	        Index Cond: ((k >= 4275733) AND (k <= 4275833))

table 3 : explain SELECT k, c FROM sbtest3 WHERE k BETWEEN 4275733 AND 4275833
	Bitmap Heap Scan on sbtest3  (cost=5.53..428.75 rows=107 width=125)
	  Recheck Cond: ((k >= 4275733) AND (k <= 4275833))
	  ->  Bitmap Index Scan on k_3  (cost=0.00..5.50 rows=107 width=0)
	        Index Cond: ((k >= 4275733) AND (k <= 4275833))

table 4 : explain SELECT k, c FROM sbtest4 WHERE k BETWEEN 4275733 AND 4275833
	Bitmap Heap Scan on sbtest4  (cost=5.51..420.88 rows=105 width=125)
	  Recheck Cond: ((k >= 4275733) AND (k <= 4275833))
	  ->  Bitmap Index Scan on k_4  (cost=0.00..5.48 rows=105 width=0)
	        Index Cond: ((k >= 4275733) AND (k <= 4275833))

table 5 : explain SELECT k, c FROM sbtest5 WHERE k BETWEEN 4275733 AND 4275833
	Bitmap Heap Scan on sbtest5  (cost=5.42..385.43 rows=96 width=125)
	  Recheck Cond: ((k >= 4275733) AND (k <= 4275833))
	  ->  Bitmap Index Scan on k_5  (cost=0.00..5.39 rows=96 width=0)
	        Index Cond: ((k >= 4275733) AND (k <= 4275833))

table 6 : explain SELECT k, c FROM sbtest6 WHERE k BETWEEN 4275733 AND 4275833
	Bitmap Heap Scan on sbtest6  (cost=5.50..416.94 rows=104 width=125)
	  Recheck Cond: ((k >= 4275733) AND (k <= 4275833))
	  ->  Bitmap Index Scan on k_6  (cost=0.00..5.47 rows=104 width=0)
	        Index Cond: ((k >= 4275733) AND (k <= 4275833))

table 7 : explain SELECT k, c FROM sbtest7 WHERE k BETWEEN 4275733 AND 4275833
	Bitmap Heap Scan on sbtest7  (cost=5.47..405.13 rows=101 width=125)
	  Recheck Cond: ((k >= 4275733) AND (k <= 4275833))
	  ->  Bitmap Index Scan on k_7  (cost=0.00..5.44 rows=101 width=0)
	        Index Cond: ((k >= 4275733) AND (k <= 4275833))

table 8 : explain SELECT k, c FROM sbtest8 WHERE k BETWEEN 4275733 AND 4275833
	Bitmap Heap Scan on sbtest8  (cost=5.54..432.69 rows=108 width=125)
	  Recheck Cond: ((k >= 4275733) AND (k <= 4275833))
	  ->  Bitmap Index Scan on k_8  (cost=0.00..5.51 rows=108 width=0)
	        Index Cond: ((k >= 4275733) AND (k <= 4275833))

explain: for range-notcovered :: explain SELECT k, c FROM sbtest%d WHERE k BETWEEN 4275733 AND 4275833
for range-notcovered
table 1 : explain SELECT k, c FROM sbtest1 WHERE k BETWEEN 3166405 AND 3166505
	Bitmap Heap Scan on sbtest1  (cost=5.44..393.31 rows=98 width=125)
	  Recheck Cond: ((k >= 3166405) AND (k <= 3166505))
	  ->  Bitmap Index Scan on k_1  (cost=0.00..5.42 rows=98 width=0)
	        Index Cond: ((k >= 3166405) AND (k <= 3166505))

table 2 : explain SELECT k, c FROM sbtest2 WHERE k BETWEEN 3166405 AND 3166505
	Bitmap Heap Scan on sbtest2  (cost=5.47..405.13 rows=101 width=125)
	  Recheck Cond: ((k >= 3166405) AND (k <= 3166505))
	  ->  Bitmap Index Scan on k_2  (cost=0.00..5.44 rows=101 width=0)
	        Index Cond: ((k >= 3166405) AND (k <= 3166505))

table 3 : explain SELECT k, c FROM sbtest3 WHERE k BETWEEN 3166405 AND 3166505
	Bitmap Heap Scan on sbtest3  (cost=5.51..420.88 rows=105 width=125)
	  Recheck Cond: ((k >= 3166405) AND (k <= 3166505))
	  ->  Bitmap Index Scan on k_3  (cost=0.00..5.48 rows=105 width=0)
	        Index Cond: ((k >= 3166405) AND (k <= 3166505))

table 4 : explain SELECT k, c FROM sbtest4 WHERE k BETWEEN 3166405 AND 3166505
	Bitmap Heap Scan on sbtest4  (cost=5.49..413.00 rows=103 width=125)
	  Recheck Cond: ((k >= 3166405) AND (k <= 3166505))
	  ->  Bitmap Index Scan on k_4  (cost=0.00..5.46 rows=103 width=0)
	        Index Cond: ((k >= 3166405) AND (k <= 3166505))

table 5 : explain SELECT k, c FROM sbtest5 WHERE k BETWEEN 3166405 AND 3166505
	Bitmap Heap Scan on sbtest5  (cost=5.47..405.13 rows=101 width=125)
	  Recheck Cond: ((k >= 3166405) AND (k <= 3166505))
	  ->  Bitmap Index Scan on k_5  (cost=0.00..5.44 rows=101 width=0)
	        Index Cond: ((k >= 3166405) AND (k <= 3166505))

table 6 : explain SELECT k, c FROM sbtest6 WHERE k BETWEEN 3166405 AND 3166505
	Bitmap Heap Scan on sbtest6  (cost=5.48..409.07 rows=102 width=125)
	  Recheck Cond: ((k >= 3166405) AND (k <= 3166505))
	  ->  Bitmap Index Scan on k_6  (cost=0.00..5.45 rows=102 width=0)
	        Index Cond: ((k >= 3166405) AND (k <= 3166505))

table 7 : explain SELECT k, c FROM sbtest7 WHERE k BETWEEN 3166405 AND 3166505
	Bitmap Heap Scan on sbtest7  (cost=5.42..385.43 rows=96 width=125)
	  Recheck Cond: ((k >= 3166405) AND (k <= 3166505))
	  ->  Bitmap Index Scan on k_7  (cost=0.00..5.39 rows=96 width=0)
	        Index Cond: ((k >= 3166405) AND (k <= 3166505))

table 8 : explain SELECT k, c FROM sbtest8 WHERE k BETWEEN 3166405 AND 3166505
	Bitmap Heap Scan on sbtest8  (cost=5.48..409.07 rows=102 width=125)
	  Recheck Cond: ((k >= 3166405) AND (k <= 3166505))
	  ->  Bitmap Index Scan on k_8  (cost=0.00..5.45 rows=102 width=0)
	        Index Cond: ((k >= 3166405) AND (k <= 3166505))

for range-notcovered
table 1 : explain SELECT k, c FROM sbtest1 WHERE k BETWEEN 2833974 AND 2834074
	Bitmap Heap Scan on sbtest1  (cost=5.42..385.43 rows=96 width=125)
	  Recheck Cond: ((k >= 2833974) AND (k <= 2834074))
	  ->  Bitmap Index Scan on k_1  (cost=0.00..5.39 rows=96 width=0)
	        Index Cond: ((k >= 2833974) AND (k <= 2834074))

table 2 : explain SELECT k, c FROM sbtest2 WHERE k BETWEEN 2833974 AND 2834074
	Bitmap Heap Scan on sbtest2  (cost=5.55..436.62 rows=109 width=125)
	  Recheck Cond: ((k >= 2833974) AND (k <= 2834074))
	  ->  Bitmap Index Scan on k_2  (cost=0.00..5.52 rows=109 width=0)
	        Index Cond: ((k >= 2833974) AND (k <= 2834074))

table 3 : explain SELECT k, c FROM sbtest3 WHERE k BETWEEN 2833974 AND 2834074
	Bitmap Heap Scan on sbtest3  (cost=5.44..393.31 rows=98 width=125)
	  Recheck Cond: ((k >= 2833974) AND (k <= 2834074))
	  ->  Bitmap Index Scan on k_3  (cost=0.00..5.42 rows=98 width=0)
	        Index Cond: ((k >= 2833974) AND (k <= 2834074))

table 4 : explain SELECT k, c FROM sbtest4 WHERE k BETWEEN 2833974 AND 2834074
	Bitmap Heap Scan on sbtest4  (cost=5.49..413.00 rows=103 width=125)
	  Recheck Cond: ((k >= 2833974) AND (k <= 2834074))
	  ->  Bitmap Index Scan on k_4  (cost=0.00..5.46 rows=103 width=0)
	        Index Cond: ((k >= 2833974) AND (k <= 2834074))

table 5 : explain SELECT k, c FROM sbtest5 WHERE k BETWEEN 2833974 AND 2834074
	Bitmap Heap Scan on sbtest5  (cost=5.48..409.07 rows=102 width=125)
	  Recheck Cond: ((k >= 2833974) AND (k <= 2834074))
	  ->  Bitmap Index Scan on k_5  (cost=0.00..5.45 rows=102 width=0)
	        Index Cond: ((k >= 2833974) AND (k <= 2834074))

table 6 : explain SELECT k, c FROM sbtest6 WHERE k BETWEEN 2833974 AND 2834074
	Bitmap Heap Scan on sbtest6  (cost=5.58..448.42 rows=112 width=125)
	  Recheck Cond: ((k >= 2833974) AND (k <= 2834074))
	  ->  Bitmap Index Scan on k_6  (cost=0.00..5.55 rows=112 width=0)
	        Index Cond: ((k >= 2833974) AND (k <= 2834074))

table 7 : explain SELECT k, c FROM sbtest7 WHERE k BETWEEN 2833974 AND 2834074
	Bitmap Heap Scan on sbtest7  (cost=5.51..420.88 rows=105 width=125)
	  Recheck Cond: ((k >= 2833974) AND (k <= 2834074))
	  ->  Bitmap Index Scan on k_7  (cost=0.00..5.48 rows=105 width=0)
	        Index Cond: ((k >= 2833974) AND (k <= 2834074))

table 8 : explain SELECT k, c FROM sbtest8 WHERE k BETWEEN 2833974 AND 2834074
	Bitmap Heap Scan on sbtest8  (cost=5.44..393.31 rows=98 width=125)
	  Recheck Cond: ((k >= 2833974) AND (k <= 2834074))
	  ->  Bitmap Index Scan on k_8  (cost=0.00..5.42 rows=98 width=0)
	        Index Cond: ((k >= 2833974) AND (k <= 2834074))

explain: for range-notcovered :: explain SELECT k, c FROM sbtest%d WHERE k BETWEEN 3166405 AND 3166505
explain: for range-notcovered :: explain SELECT k, c FROM sbtest%d WHERE k BETWEEN 2833974 AND 2834074
for range-notcovered
table 1 : explain SELECT k, c FROM sbtest1 WHERE k BETWEEN 1890027 AND 1890127
	Bitmap Heap Scan on sbtest1  (cost=5.41..381.49 rows=95 width=125)
	  Recheck Cond: ((k >= 1890027) AND (k <= 1890127))
	  ->  Bitmap Index Scan on k_1  (cost=0.00..5.38 rows=95 width=0)
	        Index Cond: ((k >= 1890027) AND (k <= 1890127))

table 2 : explain SELECT k, c FROM sbtest2 WHERE k BETWEEN 1890027 AND 1890127
	Bitmap Heap Scan on sbtest2  (cost=5.53..428.75 rows=107 width=125)
	  Recheck Cond: ((k >= 1890027) AND (k <= 1890127))
	  ->  Bitmap Index Scan on k_2  (cost=0.00..5.50 rows=107 width=0)
	        Index Cond: ((k >= 1890027) AND (k <= 1890127))

table 3 : explain SELECT k, c FROM sbtest3 WHERE k BETWEEN 1890027 AND 1890127
	Bitmap Heap Scan on sbtest3  (cost=5.44..393.31 rows=98 width=125)
	  Recheck Cond: ((k >= 1890027) AND (k <= 1890127))
	  ->  Bitmap Index Scan on k_3  (cost=0.00..5.42 rows=98 width=0)
	        Index Cond: ((k >= 1890027) AND (k <= 1890127))

table 4 : explain SELECT k, c FROM sbtest4 WHERE k BETWEEN 1890027 AND 1890127
	Bitmap Heap Scan on sbtest4  (cost=5.46..401.19 rows=100 width=125)
	  Recheck Cond: ((k >= 1890027) AND (k <= 1890127))
	  ->  Bitmap Index Scan on k_4  (cost=0.00..5.43 rows=100 width=0)
	        Index Cond: ((k >= 1890027) AND (k <= 1890127))

table 5 : explain SELECT k, c FROM sbtest5 WHERE k BETWEEN 1890027 AND 1890127
	Bitmap Heap Scan on sbtest5  (cost=5.53..428.75 rows=107 width=125)
	  Recheck Cond: ((k >= 1890027) AND (k <= 1890127))
	  ->  Bitmap Index Scan on k_5  (cost=0.00..5.50 rows=107 width=0)
	        Index Cond: ((k >= 1890027) AND (k <= 1890127))

table 6 : explain SELECT k, c FROM sbtest6 WHERE k BETWEEN 1890027 AND 1890127
	Bitmap Heap Scan on sbtest6  (cost=5.50..416.94 rows=104 width=125)
	  Recheck Cond: ((k >= 1890027) AND (k <= 1890127))
	  ->  Bitmap Index Scan on k_6  (cost=0.00..5.47 rows=104 width=0)
	        Index Cond: ((k >= 1890027) AND (k <= 1890127))

table 7 : explain SELECT k, c FROM sbtest7 WHERE k BETWEEN 1890027 AND 1890127
	Bitmap Heap Scan on sbtest7  (cost=5.48..409.07 rows=102 width=125)
	  Recheck Cond: ((k >= 1890027) AND (k <= 1890127))
	  ->  Bitmap Index Scan on k_7  (cost=0.00..5.45 rows=102 width=0)
	        Index Cond: ((k >= 1890027) AND (k <= 1890127))

table 8 : explain SELECT k, c FROM sbtest8 WHERE k BETWEEN 1890027 AND 1890127
	Bitmap Heap Scan on sbtest8  (cost=5.44..393.31 rows=98 width=125)
	  Recheck Cond: ((k >= 1890027) AND (k <= 1890127))
	  ->  Bitmap Index Scan on k_8  (cost=0.00..5.42 rows=98 width=0)
	        Index Cond: ((k >= 1890027) AND (k <= 1890127))

explain: for range-notcovered :: explain SELECT k, c FROM sbtest%d WHERE k BETWEEN 1890027 AND 1890127
for range-notcovered
table 1 : explain SELECT k, c FROM sbtest1 WHERE k BETWEEN 8258491 AND 8258591
	Bitmap Heap Scan on sbtest1  (cost=5.47..405.13 rows=101 width=125)
	  Recheck Cond: ((k >= 8258491) AND (k <= 8258591))
	  ->  Bitmap Index Scan on k_1  (cost=0.00..5.44 rows=101 width=0)
	        Index Cond: ((k >= 8258491) AND (k <= 8258591))

table 2 : explain SELECT k, c FROM sbtest2 WHERE k BETWEEN 8258491 AND 8258591
	Bitmap Heap Scan on sbtest2  (cost=5.43..389.37 rows=97 width=125)
	  Recheck Cond: ((k >= 8258491) AND (k <= 8258591))
	  ->  Bitmap Index Scan on k_2  (cost=0.00..5.40 rows=97 width=0)
	        Index Cond: ((k >= 8258491) AND (k <= 8258591))

table 3 : explain SELECT k, c FROM sbtest3 WHERE k BETWEEN 8258491 AND 8258591
	Bitmap Heap Scan on sbtest3  (cost=5.41..381.49 rows=95 width=125)
	  Recheck Cond: ((k >= 8258491) AND (k <= 8258591))
	  ->  Bitmap Index Scan on k_3  (cost=0.00..5.38 rows=95 width=0)
	        Index Cond: ((k >= 8258491) AND (k <= 8258591))

table 4 : explain SELECT k, c FROM sbtest4 WHERE k BETWEEN 8258491 AND 8258591
	Bitmap Heap Scan on sbtest4  (cost=5.49..413.00 rows=103 width=125)
	  Recheck Cond: ((k >= 8258491) AND (k <= 8258591))
	  ->  Bitmap Index Scan on k_4  (cost=0.00..5.46 rows=103 width=0)
	        Index Cond: ((k >= 8258491) AND (k <= 8258591))

table 5 : explain SELECT k, c FROM sbtest5 WHERE k BETWEEN 8258491 AND 8258591
	Bitmap Heap Scan on sbtest5  (cost=5.44..393.31 rows=98 width=125)
	  Recheck Cond: ((k >= 8258491) AND (k <= 8258591))
	  ->  Bitmap Index Scan on k_5  (cost=0.00..5.42 rows=98 width=0)
	        Index Cond: ((k >= 8258491) AND (k <= 8258591))

table 6 : explain SELECT k, c FROM sbtest6 WHERE k BETWEEN 8258491 AND 8258591
	Bitmap Heap Scan on sbtest6  (cost=5.45..397.25 rows=99 width=125)
	  Recheck Cond: ((k >= 8258491) AND (k <= 8258591))
	  ->  Bitmap Index Scan on k_6  (cost=0.00..5.42 rows=99 width=0)
	        Index Cond: ((k >= 8258491) AND (k <= 8258591))

table 7 : explain SELECT k, c FROM sbtest7 WHERE k BETWEEN 8258491 AND 8258591
	Bitmap Heap Scan on sbtest7  (cost=5.43..389.37 rows=97 width=125)
	  Recheck Cond: ((k >= 8258491) AND (k <= 8258591))
	  ->  Bitmap Index Scan on k_7  (cost=0.00..5.40 rows=97 width=0)
	        Index Cond: ((k >= 8258491) AND (k <= 8258591))

table 8 : explain SELECT k, c FROM sbtest8 WHERE k BETWEEN 8258491 AND 8258591
	Bitmap Heap Scan on sbtest8  (cost=5.50..416.94 rows=104 width=125)
	  Recheck Cond: ((k >= 8258491) AND (k <= 8258591))
	  ->  Bitmap Index Scan on k_8  (cost=0.00..5.47 rows=104 width=0)
	        Index Cond: ((k >= 8258491) AND (k <= 8258591))

for range-notcovered
table 1 : explain SELECT k, c FROM sbtest1 WHERE k BETWEEN 5914952 AND 5915052
	Bitmap Heap Scan on sbtest1  (cost=5.51..420.88 rows=105 width=125)
	  Recheck Cond: ((k >= 5914952) AND (k <= 5915052))
	  ->  Bitmap Index Scan on k_1  (cost=0.00..5.48 rows=105 width=0)
	        Index Cond: ((k >= 5914952) AND (k <= 5915052))

table 2 : explain SELECT k, c FROM sbtest2 WHERE k BETWEEN 5914952 AND 5915052
	Bitmap Heap Scan on sbtest2  (cost=5.46..401.19 rows=100 width=125)
	  Recheck Cond: ((k >= 5914952) AND (k <= 5915052))
	  ->  Bitmap Index Scan on k_2  (cost=0.00..5.43 rows=100 width=0)
	        Index Cond: ((k >= 5914952) AND (k <= 5915052))

table 3 : explain SELECT k, c FROM sbtest3 WHERE k BETWEEN 5914952 AND 5915052
	Bitmap Heap Scan on sbtest3  (cost=5.46..401.19 rows=100 width=125)
	  Recheck Cond: ((k >= 5914952) AND (k <= 5915052))
	  ->  Bitmap Index Scan on k_3  (cost=0.00..5.43 rows=100 width=0)
	        Index Cond: ((k >= 5914952) AND (k <= 5915052))

table 4 : explain SELECT k, c FROM sbtest4 WHERE k BETWEEN 5914952 AND 5915052
	Bitmap Heap Scan on sbtest4  (cost=5.50..416.94 rows=104 width=125)
	  Recheck Cond: ((k >= 5914952) AND (k <= 5915052))
	  ->  Bitmap Index Scan on k_4  (cost=0.00..5.47 rows=104 width=0)
	        Index Cond: ((k >= 5914952) AND (k <= 5915052))

table 5 : explain SELECT k, c FROM sbtest5 WHERE k BETWEEN 5914952 AND 5915052
	Bitmap Heap Scan on sbtest5  (cost=5.55..436.62 rows=109 width=125)
	  Recheck Cond: ((k >= 5914952) AND (k <= 5915052))
	  ->  Bitmap Index Scan on k_5  (cost=0.00..5.52 rows=109 width=0)
	        Index Cond: ((k >= 5914952) AND (k <= 5915052))

table 6 : explain SELECT k, c FROM sbtest6 WHERE k BETWEEN 5914952 AND 5915052
	Bitmap Heap Scan on sbtest6  (cost=5.52..424.81 rows=106 width=125)
	  Recheck Cond: ((k >= 5914952) AND (k <= 5915052))
	  ->  Bitmap Index Scan on k_6  (cost=0.00..5.50 rows=106 width=0)
	        Index Cond: ((k >= 5914952) AND (k <= 5915052))

table 7 : explain SELECT k, c FROM sbtest7 WHERE k BETWEEN 5914952 AND 5915052
	Bitmap Heap Scan on sbtest7  (cost=5.52..424.81 rows=106 width=125)
	  Recheck Cond: ((k >= 5914952) AND (k <= 5915052))
	  ->  Bitmap Index Scan on k_7  (cost=0.00..5.50 rows=106 width=0)
	        Index Cond: ((k >= 5914952) AND (k <= 5915052))

table 8 : explain SELECT k, c FROM sbtest8 WHERE k BETWEEN 5914952 AND 5915052
	Bitmap Heap Scan on sbtest8  (cost=5.41..381.49 rows=95 width=125)
	  Recheck Cond: ((k >= 5914952) AND (k <= 5915052))
	  ->  Bitmap Index Scan on k_8  (cost=0.00..5.38 rows=95 width=0)
	        Index Cond: ((k >= 5914952) AND (k <= 5915052))

explain: for range-notcovered :: explain SELECT k, c FROM sbtest%d WHERE k BETWEEN 8258491 AND 8258591
explain: for range-notcovered :: explain SELECT k, c FROM sbtest%d WHERE k BETWEEN 5914952 AND 5915052
for range-notcovered
table 1 : explain SELECT k, c FROM sbtest1 WHERE k BETWEEN 4275733 AND 4275833
	Bitmap Heap Scan on sbtest1  (cost=5.51..420.88 rows=105 width=125)
	  Recheck Cond: ((k >= 4275733) AND (k <= 4275833))
	  ->  Bitmap Index Scan on k_1  (cost=0.00..5.48 rows=105 width=0)
	        Index Cond: ((k >= 4275733) AND (k <= 4275833))

table 2 : explain SELECT k, c FROM sbtest2 WHERE k BETWEEN 4275733 AND 4275833
	Bitmap Heap Scan on sbtest2  (cost=5.52..424.81 rows=106 width=125)
	  Recheck Cond: ((k >= 4275733) AND (k <= 4275833))
	  ->  Bitmap Index Scan on k_2  (cost=0.00..5.50 rows=106 width=0)
	        Index Cond: ((k >= 4275733) AND (k <= 4275833))

table 3 : explain SELECT k, c FROM sbtest3 WHERE k BETWEEN 4275733 AND 4275833
	Bitmap Heap Scan on sbtest3  (cost=5.53..428.75 rows=107 width=125)
	  Recheck Cond: ((k >= 4275733) AND (k <= 4275833))
	  ->  Bitmap Index Scan on k_3  (cost=0.00..5.50 rows=107 width=0)
	        Index Cond: ((k >= 4275733) AND (k <= 4275833))

table 4 : explain SELECT k, c FROM sbtest4 WHERE k BETWEEN 4275733 AND 4275833
	Bitmap Heap Scan on sbtest4  (cost=5.51..420.88 rows=105 width=125)
	  Recheck Cond: ((k >= 4275733) AND (k <= 4275833))
	  ->  Bitmap Index Scan on k_4  (cost=0.00..5.48 rows=105 width=0)
	        Index Cond: ((k >= 4275733) AND (k <= 4275833))

table 5 : explain SELECT k, c FROM sbtest5 WHERE k BETWEEN 4275733 AND 4275833
	Bitmap Heap Scan on sbtest5  (cost=5.42..385.43 rows=96 width=125)
	  Recheck Cond: ((k >= 4275733) AND (k <= 4275833))
	  ->  Bitmap Index Scan on k_5  (cost=0.00..5.39 rows=96 width=0)
	        Index Cond: ((k >= 4275733) AND (k <= 4275833))

table 6 : explain SELECT k, c FROM sbtest6 WHERE k BETWEEN 4275733 AND 4275833
	Bitmap Heap Scan on sbtest6  (cost=5.50..416.94 rows=104 width=125)
	  Recheck Cond: ((k >= 4275733) AND (k <= 4275833))
	  ->  Bitmap Index Scan on k_6  (cost=0.00..5.47 rows=104 width=0)
	        Index Cond: ((k >= 4275733) AND (k <= 4275833))

table 7 : explain SELECT k, c FROM sbtest7 WHERE k BETWEEN 4275733 AND 4275833
	Bitmap Heap Scan on sbtest7  (cost=5.47..405.13 rows=101 width=125)
	  Recheck Cond: ((k >= 4275733) AND (k <= 4275833))
	  ->  Bitmap Index Scan on k_7  (cost=0.00..5.44 rows=101 width=0)
	        Index Cond: ((k >= 4275733) AND (k <= 4275833))

table 8 : explain SELECT k, c FROM sbtest8 WHERE k BETWEEN 4275733 AND 4275833
	Bitmap Heap Scan on sbtest8  (cost=5.54..432.69 rows=108 width=125)
	  Recheck Cond: ((k >= 4275733) AND (k <= 4275833))
	  ->  Bitmap Index Scan on k_8  (cost=0.00..5.51 rows=108 width=0)
	        Index Cond: ((k >= 4275733) AND (k <= 4275833))

explain: for range-notcovered :: explain SELECT k, c FROM sbtest%d WHERE k BETWEEN 4275733 AND 4275833
for range-notcovered
table 1 : explain SELECT k, c FROM sbtest1 WHERE k BETWEEN 3166405 AND 3166505
	Bitmap Heap Scan on sbtest1  (cost=5.44..393.31 rows=98 width=125)
	  Recheck Cond: ((k >= 3166405) AND (k <= 3166505))
	  ->  Bitmap Index Scan on k_1  (cost=0.00..5.42 rows=98 width=0)
	        Index Cond: ((k >= 3166405) AND (k <= 3166505))

table 2 : explain SELECT k, c FROM sbtest2 WHERE k BETWEEN 3166405 AND 3166505
	Bitmap Heap Scan on sbtest2  (cost=5.47..405.13 rows=101 width=125)
	  Recheck Cond: ((k >= 3166405) AND (k <= 3166505))
	  ->  Bitmap Index Scan on k_2  (cost=0.00..5.44 rows=101 width=0)
	        Index Cond: ((k >= 3166405) AND (k <= 3166505))

table 3 : explain SELECT k, c FROM sbtest3 WHERE k BETWEEN 3166405 AND 3166505
	Bitmap Heap Scan on sbtest3  (cost=5.51..420.88 rows=105 width=125)
	  Recheck Cond: ((k >= 3166405) AND (k <= 3166505))
	  ->  Bitmap Index Scan on k_3  (cost=0.00..5.48 rows=105 width=0)
	        Index Cond: ((k >= 3166405) AND (k <= 3166505))

table 4 : explain SELECT k, c FROM sbtest4 WHERE k BETWEEN 3166405 AND 3166505
	Bitmap Heap Scan on sbtest4  (cost=5.49..413.00 rows=103 width=125)
	  Recheck Cond: ((k >= 3166405) AND (k <= 3166505))
	  ->  Bitmap Index Scan on k_4  (cost=0.00..5.46 rows=103 width=0)
	        Index Cond: ((k >= 3166405) AND (k <= 3166505))

table 5 : explain SELECT k, c FROM sbtest5 WHERE k BETWEEN 3166405 AND 3166505
	Bitmap Heap Scan on sbtest5  (cost=5.47..405.13 rows=101 width=125)
	  Recheck Cond: ((k >= 3166405) AND (k <= 3166505))
	  ->  Bitmap Index Scan on k_5  (cost=0.00..5.44 rows=101 width=0)
	        Index Cond: ((k >= 3166405) AND (k <= 3166505))

table 6 : explain SELECT k, c FROM sbtest6 WHERE k BETWEEN 3166405 AND 3166505
	Bitmap Heap Scan on sbtest6  (cost=5.48..409.07 rows=102 width=125)
	  Recheck Cond: ((k >= 3166405) AND (k <= 3166505))
	  ->  Bitmap Index Scan on k_6  (cost=0.00..5.45 rows=102 width=0)
	        Index Cond: ((k >= 3166405) AND (k <= 3166505))

table 7 : explain SELECT k, c FROM sbtest7 WHERE k BETWEEN 3166405 AND 3166505
	Bitmap Heap Scan on sbtest7  (cost=5.42..385.43 rows=96 width=125)
	  Recheck Cond: ((k >= 3166405) AND (k <= 3166505))
	  ->  Bitmap Index Scan on k_7  (cost=0.00..5.39 rows=96 width=0)
	        Index Cond: ((k >= 3166405) AND (k <= 3166505))

table 8 : explain SELECT k, c FROM sbtest8 WHERE k BETWEEN 3166405 AND 3166505
	Bitmap Heap Scan on sbtest8  (cost=5.48..409.07 rows=102 width=125)
	  Recheck Cond: ((k >= 3166405) AND (k <= 3166505))
	  ->  Bitmap Index Scan on k_8  (cost=0.00..5.45 rows=102 width=0)
	        Index Cond: ((k >= 3166405) AND (k <= 3166505))

explain: for range-notcovered :: explain SELECT k, c FROM sbtest%d WHERE k BETWEEN 3166405 AND 3166505
for range-notcovered
table 1 : explain SELECT k, c FROM sbtest1 WHERE k BETWEEN 2833974 AND 2834074
	Bitmap Heap Scan on sbtest1  (cost=5.42..385.43 rows=96 width=125)
	  Recheck Cond: ((k >= 2833974) AND (k <= 2834074))
	  ->  Bitmap Index Scan on k_1  (cost=0.00..5.39 rows=96 width=0)
	        Index Cond: ((k >= 2833974) AND (k <= 2834074))

table 2 : explain SELECT k, c FROM sbtest2 WHERE k BETWEEN 2833974 AND 2834074
	Bitmap Heap Scan on sbtest2  (cost=5.55..436.62 rows=109 width=125)
	  Recheck Cond: ((k >= 2833974) AND (k <= 2834074))
	  ->  Bitmap Index Scan on k_2  (cost=0.00..5.52 rows=109 width=0)
	        Index Cond: ((k >= 2833974) AND (k <= 2834074))

table 3 : explain SELECT k, c FROM sbtest3 WHERE k BETWEEN 2833974 AND 2834074
	Bitmap Heap Scan on sbtest3  (cost=5.44..393.31 rows=98 width=125)
	  Recheck Cond: ((k >= 2833974) AND (k <= 2834074))
	  ->  Bitmap Index Scan on k_3  (cost=0.00..5.42 rows=98 width=0)
	        Index Cond: ((k >= 2833974) AND (k <= 2834074))

table 4 : explain SELECT k, c FROM sbtest4 WHERE k BETWEEN 2833974 AND 2834074
	Bitmap Heap Scan on sbtest4  (cost=5.49..413.00 rows=103 width=125)
	  Recheck Cond: ((k >= 2833974) AND (k <= 2834074))
	  ->  Bitmap Index Scan on k_4  (cost=0.00..5.46 rows=103 width=0)
	        Index Cond: ((k >= 2833974) AND (k <= 2834074))

table 5 : explain SELECT k, c FROM sbtest5 WHERE k BETWEEN 2833974 AND 2834074
	Bitmap Heap Scan on sbtest5  (cost=5.48..409.07 rows=102 width=125)
	  Recheck Cond: ((k >= 2833974) AND (k <= 2834074))
	  ->  Bitmap Index Scan on k_5  (cost=0.00..5.45 rows=102 width=0)
	        Index Cond: ((k >= 2833974) AND (k <= 2834074))

table 6 : explain SELECT k, c FROM sbtest6 WHERE k BETWEEN 2833974 AND 2834074
	Bitmap Heap Scan on sbtest6  (cost=5.58..448.42 rows=112 width=125)
	  Recheck Cond: ((k >= 2833974) AND (k <= 2834074))
	  ->  Bitmap Index Scan on k_6  (cost=0.00..5.55 rows=112 width=0)
	        Index Cond: ((k >= 2833974) AND (k <= 2834074))

table 7 : explain SELECT k, c FROM sbtest7 WHERE k BETWEEN 2833974 AND 2834074
	Bitmap Heap Scan on sbtest7  (cost=5.51..420.88 rows=105 width=125)
	  Recheck Cond: ((k >= 2833974) AND (k <= 2834074))
	  ->  Bitmap Index Scan on k_7  (cost=0.00..5.48 rows=105 width=0)
	        Index Cond: ((k >= 2833974) AND (k <= 2834074))

table 8 : explain SELECT k, c FROM sbtest8 WHERE k BETWEEN 2833974 AND 2834074
	Bitmap Heap Scan on sbtest8  (cost=5.44..393.31 rows=98 width=125)
	  Recheck Cond: ((k >= 2833974) AND (k <= 2834074))
	  ->  Bitmap Index Scan on k_8  (cost=0.00..5.42 rows=98 width=0)
	        Index Cond: ((k >= 2833974) AND (k <= 2834074))

explain: for range-notcovered :: explain SELECT k, c FROM sbtest%d WHERE k BETWEEN 2833974 AND 2834074
for range-notcovered
table 1 : explain SELECT k, c FROM sbtest1 WHERE k BETWEEN 8258491 AND 8258591
	Bitmap Heap Scan on sbtest1  (cost=5.47..405.13 rows=101 width=125)
	  Recheck Cond: ((k >= 8258491) AND (k <= 8258591))
	  ->  Bitmap Index Scan on k_1  (cost=0.00..5.44 rows=101 width=0)
	        Index Cond: ((k >= 8258491) AND (k <= 8258591))

table 2 : explain SELECT k, c FROM sbtest2 WHERE k BETWEEN 8258491 AND 8258591
	Bitmap Heap Scan on sbtest2  (cost=5.43..389.37 rows=97 width=125)
	  Recheck Cond: ((k >= 8258491) AND (k <= 8258591))
	  ->  Bitmap Index Scan on k_2  (cost=0.00..5.40 rows=97 width=0)
	        Index Cond: ((k >= 8258491) AND (k <= 8258591))

table 3 : explain SELECT k, c FROM sbtest3 WHERE k BETWEEN 8258491 AND 8258591
	Bitmap Heap Scan on sbtest3  (cost=5.41..381.49 rows=95 width=125)
	  Recheck Cond: ((k >= 8258491) AND (k <= 8258591))
	  ->  Bitmap Index Scan on k_3  (cost=0.00..5.38 rows=95 width=0)
	        Index Cond: ((k >= 8258491) AND (k <= 8258591))

table 4 : explain SELECT k, c FROM sbtest4 WHERE k BETWEEN 8258491 AND 8258591
	Bitmap Heap Scan on sbtest4  (cost=5.49..413.00 rows=103 width=125)
	  Recheck Cond: ((k >= 8258491) AND (k <= 8258591))
	  ->  Bitmap Index Scan on k_4  (cost=0.00..5.46 rows=103 width=0)
	        Index Cond: ((k >= 8258491) AND (k <= 8258591))

table 5 : explain SELECT k, c FROM sbtest5 WHERE k BETWEEN 8258491 AND 8258591
	Bitmap Heap Scan on sbtest5  (cost=5.44..393.31 rows=98 width=125)
	  Recheck Cond: ((k >= 8258491) AND (k <= 8258591))
	  ->  Bitmap Index Scan on k_5  (cost=0.00..5.42 rows=98 width=0)
	        Index Cond: ((k >= 8258491) AND (k <= 8258591))

table 6 : explain SELECT k, c FROM sbtest6 WHERE k BETWEEN 8258491 AND 8258591
	Bitmap Heap Scan on sbtest6  (cost=5.45..397.25 rows=99 width=125)
	  Recheck Cond: ((k >= 8258491) AND (k <= 8258591))
	  ->  Bitmap Index Scan on k_6  (cost=0.00..5.42 rows=99 width=0)
	        Index Cond: ((k >= 8258491) AND (k <= 8258591))

table 7 : explain SELECT k, c FROM sbtest7 WHERE k BETWEEN 8258491 AND 8258591
	Bitmap Heap Scan on sbtest7  (cost=5.43..389.37 rows=97 width=125)
	  Recheck Cond: ((k >= 8258491) AND (k <= 8258591))
	  ->  Bitmap Index Scan on k_7  (cost=0.00..5.40 rows=97 width=0)
	        Index Cond: ((k >= 8258491) AND (k <= 8258591))

table 8 : explain SELECT k, c FROM sbtest8 WHERE k BETWEEN 8258491 AND 8258591
	Bitmap Heap Scan on sbtest8  (cost=5.50..416.94 rows=104 width=125)
	  Recheck Cond: ((k >= 8258491) AND (k <= 8258591))
	  ->  Bitmap Index Scan on k_8  (cost=0.00..5.47 rows=104 width=0)
	        Index Cond: ((k >= 8258491) AND (k <= 8258591))

for range-notcovered
table 1 : explain SELECT k, c FROM sbtest1 WHERE k BETWEEN 1890027 AND 1890127
	Bitmap Heap Scan on sbtest1  (cost=5.41..381.49 rows=95 width=125)
	  Recheck Cond: ((k >= 1890027) AND (k <= 1890127))
	  ->  Bitmap Index Scan on k_1  (cost=0.00..5.38 rows=95 width=0)
	        Index Cond: ((k >= 1890027) AND (k <= 1890127))

table 2 : explain SELECT k, c FROM sbtest2 WHERE k BETWEEN 1890027 AND 1890127
	Bitmap Heap Scan on sbtest2  (cost=5.53..428.75 rows=107 width=125)
	  Recheck Cond: ((k >= 1890027) AND (k <= 1890127))
	  ->  Bitmap Index Scan on k_2  (cost=0.00..5.50 rows=107 width=0)
	        Index Cond: ((k >= 1890027) AND (k <= 1890127))

table 3 : explain SELECT k, c FROM sbtest3 WHERE k BETWEEN 1890027 AND 1890127
	Bitmap Heap Scan on sbtest3  (cost=5.44..393.31 rows=98 width=125)
	  Recheck Cond: ((k >= 1890027) AND (k <= 1890127))
	  ->  Bitmap Index Scan on k_3  (cost=0.00..5.42 rows=98 width=0)
	        Index Cond: ((k >= 1890027) AND (k <= 1890127))

table 4 : explain SELECT k, c FROM sbtest4 WHERE k BETWEEN 1890027 AND 1890127
	Bitmap Heap Scan on sbtest4  (cost=5.46..401.19 rows=100 width=125)
	  Recheck Cond: ((k >= 1890027) AND (k <= 1890127))
	  ->  Bitmap Index Scan on k_4  (cost=0.00..5.43 rows=100 width=0)
	        Index Cond: ((k >= 1890027) AND (k <= 1890127))

table 5 : explain SELECT k, c FROM sbtest5 WHERE k BETWEEN 1890027 AND 1890127
	Bitmap Heap Scan on sbtest5  (cost=5.53..428.75 rows=107 width=125)
	  Recheck Cond: ((k >= 1890027) AND (k <= 1890127))
	  ->  Bitmap Index Scan on k_5  (cost=0.00..5.50 rows=107 width=0)
	        Index Cond: ((k >= 1890027) AND (k <= 1890127))

table 6 : explain SELECT k, c FROM sbtest6 WHERE k BETWEEN 1890027 AND 1890127
	Bitmap Heap Scan on sbtest6  (cost=5.50..416.94 rows=104 width=125)
	  Recheck Cond: ((k >= 1890027) AND (k <= 1890127))
	  ->  Bitmap Index Scan on k_6  (cost=0.00..5.47 rows=104 width=0)
	        Index Cond: ((k >= 1890027) AND (k <= 1890127))

table 7 : explain SELECT k, c FROM sbtest7 WHERE k BETWEEN 1890027 AND 1890127
	Bitmap Heap Scan on sbtest7  (cost=5.48..409.07 rows=102 width=125)
	  Recheck Cond: ((k >= 1890027) AND (k <= 1890127))
	  ->  Bitmap Index Scan on k_7  (cost=0.00..5.45 rows=102 width=0)
	        Index Cond: ((k >= 1890027) AND (k <= 1890127))

table 8 : explain SELECT k, c FROM sbtest8 WHERE k BETWEEN 1890027 AND 1890127
	Bitmap Heap Scan on sbtest8  (cost=5.44..393.31 rows=98 width=125)
	  Recheck Cond: ((k >= 1890027) AND (k <= 1890127))
	  ->  Bitmap Index Scan on k_8  (cost=0.00..5.42 rows=98 width=0)
	        Index Cond: ((k >= 1890027) AND (k <= 1890127))

for range-notcovered
table 1 : explain SELECT k, c FROM sbtest1 WHERE k BETWEEN 5914952 AND 5915052
	Bitmap Heap Scan on sbtest1  (cost=5.51..420.88 rows=105 width=125)
	  Recheck Cond: ((k >= 5914952) AND (k <= 5915052))
	  ->  Bitmap Index Scan on k_1  (cost=0.00..5.48 rows=105 width=0)
	        Index Cond: ((k >= 5914952) AND (k <= 5915052))

table 2 : explain SELECT k, c FROM sbtest2 WHERE k BETWEEN 5914952 AND 5915052
	Bitmap Heap Scan on sbtest2  (cost=5.46..401.19 rows=100 width=125)
	  Recheck Cond: ((k >= 5914952) AND (k <= 5915052))
	  ->  Bitmap Index Scan on k_2  (cost=0.00..5.43 rows=100 width=0)
	        Index Cond: ((k >= 5914952) AND (k <= 5915052))

table 3 : explain SELECT k, c FROM sbtest3 WHERE k BETWEEN 5914952 AND 5915052
	Bitmap Heap Scan on sbtest3  (cost=5.46..401.19 rows=100 width=125)
	  Recheck Cond: ((k >= 5914952) AND (k <= 5915052))
	  ->  Bitmap Index Scan on k_3  (cost=0.00..5.43 rows=100 width=0)
	        Index Cond: ((k >= 5914952) AND (k <= 5915052))

table 4 : explain SELECT k, c FROM sbtest4 WHERE k BETWEEN 5914952 AND 5915052
	Bitmap Heap Scan on sbtest4  (cost=5.50..416.94 rows=104 width=125)
	  Recheck Cond: ((k >= 5914952) AND (k <= 5915052))
	  ->  Bitmap Index Scan on k_4  (cost=0.00..5.47 rows=104 width=0)
	        Index Cond: ((k >= 5914952) AND (k <= 5915052))

table 5 : explain SELECT k, c FROM sbtest5 WHERE k BETWEEN 5914952 AND 5915052
	Bitmap Heap Scan on sbtest5  (cost=5.55..436.62 rows=109 width=125)
	  Recheck Cond: ((k >= 5914952) AND (k <= 5915052))
	  ->  Bitmap Index Scan on k_5  (cost=0.00..5.52 rows=109 width=0)
	        Index Cond: ((k >= 5914952) AND (k <= 5915052))

table 6 : explain SELECT k, c FROM sbtest6 WHERE k BETWEEN 5914952 AND 5915052
	Bitmap Heap Scan on sbtest6  (cost=5.52..424.81 rows=106 width=125)
	  Recheck Cond: ((k >= 5914952) AND (k <= 5915052))
	  ->  Bitmap Index Scan on k_6  (cost=0.00..5.50 rows=106 width=0)
	        Index Cond: ((k >= 5914952) AND (k <= 5915052))

table 7 : explain SELECT k, c FROM sbtest7 WHERE k BETWEEN 5914952 AND 5915052
	Bitmap Heap Scan on sbtest7  (cost=5.52..424.81 rows=106 width=125)
	  Recheck Cond: ((k >= 5914952) AND (k <= 5915052))
	  ->  Bitmap Index Scan on k_7  (cost=0.00..5.50 rows=106 width=0)
	        Index Cond: ((k >= 5914952) AND (k <= 5915052))

table 8 : explain SELECT k, c FROM sbtest8 WHERE k BETWEEN 5914952 AND 5915052
	Bitmap Heap Scan on sbtest8  (cost=5.41..381.49 rows=95 width=125)
	  Recheck Cond: ((k >= 5914952) AND (k <= 5915052))
	  ->  Bitmap Index Scan on k_8  (cost=0.00..5.38 rows=95 width=0)
	        Index Cond: ((k >= 5914952) AND (k <= 5915052))

explain: for range-notcovered :: explain SELECT k, c FROM sbtest%d WHERE k BETWEEN 8258491 AND 8258591
explain: for range-notcovered :: explain SELECT k, c FROM sbtest%d WHERE k BETWEEN 1890027 AND 1890127
explain: for range-notcovered :: explain SELECT k, c FROM sbtest%d WHERE k BETWEEN 5914952 AND 5915052
for range-notcovered
table 1 : explain SELECT k, c FROM sbtest1 WHERE k BETWEEN 4275733 AND 4275833
	Bitmap Heap Scan on sbtest1  (cost=5.51..420.88 rows=105 width=125)
	  Recheck Cond: ((k >= 4275733) AND (k <= 4275833))
	  ->  Bitmap Index Scan on k_1  (cost=0.00..5.48 rows=105 width=0)
	        Index Cond: ((k >= 4275733) AND (k <= 4275833))

table 2 : explain SELECT k, c FROM sbtest2 WHERE k BETWEEN 4275733 AND 4275833
	Bitmap Heap Scan on sbtest2  (cost=5.52..424.81 rows=106 width=125)
	  Recheck Cond: ((k >= 4275733) AND (k <= 4275833))
	  ->  Bitmap Index Scan on k_2  (cost=0.00..5.50 rows=106 width=0)
	        Index Cond: ((k >= 4275733) AND (k <= 4275833))

table 3 : explain SELECT k, c FROM sbtest3 WHERE k BETWEEN 4275733 AND 4275833
	Bitmap Heap Scan on sbtest3  (cost=5.53..428.75 rows=107 width=125)
	  Recheck Cond: ((k >= 4275733) AND (k <= 4275833))
	  ->  Bitmap Index Scan on k_3  (cost=0.00..5.50 rows=107 width=0)
	        Index Cond: ((k >= 4275733) AND (k <= 4275833))

table 4 : explain SELECT k, c FROM sbtest4 WHERE k BETWEEN 4275733 AND 4275833
	Bitmap Heap Scan on sbtest4  (cost=5.51..420.88 rows=105 width=125)
	  Recheck Cond: ((k >= 4275733) AND (k <= 4275833))
	  ->  Bitmap Index Scan on k_4  (cost=0.00..5.48 rows=105 width=0)
	        Index Cond: ((k >= 4275733) AND (k <= 4275833))

table 5 : explain SELECT k, c FROM sbtest5 WHERE k BETWEEN 4275733 AND 4275833
	Bitmap Heap Scan on sbtest5  (cost=5.42..385.43 rows=96 width=125)
	  Recheck Cond: ((k >= 4275733) AND (k <= 4275833))
	  ->  Bitmap Index Scan on k_5  (cost=0.00..5.39 rows=96 width=0)
	        Index Cond: ((k >= 4275733) AND (k <= 4275833))

table 6 : explain SELECT k, c FROM sbtest6 WHERE k BETWEEN 4275733 AND 4275833
	Bitmap Heap Scan on sbtest6  (cost=5.50..416.94 rows=104 width=125)
	  Recheck Cond: ((k >= 4275733) AND (k <= 4275833))
	  ->  Bitmap Index Scan on k_6  (cost=0.00..5.47 rows=104 width=0)
	        Index Cond: ((k >= 4275733) AND (k <= 4275833))

table 7 : explain SELECT k, c FROM sbtest7 WHERE k BETWEEN 4275733 AND 4275833
	Bitmap Heap Scan on sbtest7  (cost=5.47..405.13 rows=101 width=125)
	  Recheck Cond: ((k >= 4275733) AND (k <= 4275833))
	  ->  Bitmap Index Scan on k_7  (cost=0.00..5.44 rows=101 width=0)
	        Index Cond: ((k >= 4275733) AND (k <= 4275833))

table 8 : explain SELECT k, c FROM sbtest8 WHERE k BETWEEN 4275733 AND 4275833
	Bitmap Heap Scan on sbtest8  (cost=5.54..432.69 rows=108 width=125)
	  Recheck Cond: ((k >= 4275733) AND (k <= 4275833))
	  ->  Bitmap Index Scan on k_8  (cost=0.00..5.51 rows=108 width=0)
	        Index Cond: ((k >= 4275733) AND (k <= 4275833))

explain: for range-notcovered :: explain SELECT k, c FROM sbtest%d WHERE k BETWEEN 4275733 AND 4275833
for range-notcovered
table 1 : explain SELECT k, c FROM sbtest1 WHERE k BETWEEN 6533363 AND 6533463
	Bitmap Heap Scan on sbtest1  (cost=5.54..432.69 rows=108 width=125)
	  Recheck Cond: ((k >= 6533363) AND (k <= 6533463))
	  ->  Bitmap Index Scan on k_1  (cost=0.00..5.51 rows=108 width=0)
	        Index Cond: ((k >= 6533363) AND (k <= 6533463))

table 2 : explain SELECT k, c FROM sbtest2 WHERE k BETWEEN 6533363 AND 6533463
	Bitmap Heap Scan on sbtest2  (cost=5.51..420.88 rows=105 width=125)
	  Recheck Cond: ((k >= 6533363) AND (k <= 6533463))
	  ->  Bitmap Index Scan on k_2  (cost=0.00..5.48 rows=105 width=0)
	        Index Cond: ((k >= 6533363) AND (k <= 6533463))

table 3 : explain SELECT k, c FROM sbtest3 WHERE k BETWEEN 6533363 AND 6533463
	Bitmap Heap Scan on sbtest3  (cost=5.51..420.88 rows=105 width=125)
	  Recheck Cond: ((k >= 6533363) AND (k <= 6533463))
	  ->  Bitmap Index Scan on k_3  (cost=0.00..5.48 rows=105 width=0)
	        Index Cond: ((k >= 6533363) AND (k <= 6533463))

table 4 : explain SELECT k, c FROM sbtest4 WHERE k BETWEEN 6533363 AND 6533463
	Bitmap Heap Scan on sbtest4  (cost=5.50..416.94 rows=104 width=125)
	  Recheck Cond: ((k >= 6533363) AND (k <= 6533463))
	  ->  Bitmap Index Scan on k_4  (cost=0.00..5.47 rows=104 width=0)
	        Index Cond: ((k >= 6533363) AND (k <= 6533463))

table 5 : explain SELECT k, c FROM sbtest5 WHERE k BETWEEN 6533363 AND 6533463
	Bitmap Heap Scan on sbtest5  (cost=5.40..377.55 rows=94 width=125)
	  Recheck Cond: ((k >= 6533363) AND (k <= 6533463))
	  ->  Bitmap Index Scan on k_5  (cost=0.00..5.38 rows=94 width=0)
	        Index Cond: ((k >= 6533363) AND (k <= 6533463))

table 6 : explain SELECT k, c FROM sbtest6 WHERE k BETWEEN 6533363 AND 6533463
	Bitmap Heap Scan on sbtest6  (cost=5.57..444.49 rows=111 width=125)
	  Recheck Cond: ((k >= 6533363) AND (k <= 6533463))
	  ->  Bitmap Index Scan on k_6  (cost=0.00..5.54 rows=111 width=0)
	        Index Cond: ((k >= 6533363) AND (k <= 6533463))

table 7 : explain SELECT k, c FROM sbtest7 WHERE k BETWEEN 6533363 AND 6533463
	Bitmap Heap Scan on sbtest7  (cost=5.50..416.94 rows=104 width=125)
	  Recheck Cond: ((k >= 6533363) AND (k <= 6533463))
	  ->  Bitmap Index Scan on k_7  (cost=0.00..5.47 rows=104 width=0)
	        Index Cond: ((k >= 6533363) AND (k <= 6533463))

table 8 : explain SELECT k, c FROM sbtest8 WHERE k BETWEEN 6533363 AND 6533463
	Bitmap Heap Scan on sbtest8  (cost=5.47..405.13 rows=101 width=125)
	  Recheck Cond: ((k >= 6533363) AND (k <= 6533463))
	  ->  Bitmap Index Scan on k_8  (cost=0.00..5.44 rows=101 width=0)
	        Index Cond: ((k >= 6533363) AND (k <= 6533463))

for range-notcovered
table 1 : explain SELECT k, c FROM sbtest1 WHERE k BETWEEN 3166405 AND 3166505
	Bitmap Heap Scan on sbtest1  (cost=5.44..393.31 rows=98 width=125)
	  Recheck Cond: ((k >= 3166405) AND (k <= 3166505))
	  ->  Bitmap Index Scan on k_1  (cost=0.00..5.42 rows=98 width=0)
	        Index Cond: ((k >= 3166405) AND (k <= 3166505))

table 2 : explain SELECT k, c FROM sbtest2 WHERE k BETWEEN 3166405 AND 3166505
	Bitmap Heap Scan on sbtest2  (cost=5.47..405.13 rows=101 width=125)
	  Recheck Cond: ((k >= 3166405) AND (k <= 3166505))
	  ->  Bitmap Index Scan on k_2  (cost=0.00..5.44 rows=101 width=0)
	        Index Cond: ((k >= 3166405) AND (k <= 3166505))

table 3 : explain SELECT k, c FROM sbtest3 WHERE k BETWEEN 3166405 AND 3166505
	Bitmap Heap Scan on sbtest3  (cost=5.51..420.88 rows=105 width=125)
	  Recheck Cond: ((k >= 3166405) AND (k <= 3166505))
	  ->  Bitmap Index Scan on k_3  (cost=0.00..5.48 rows=105 width=0)
	        Index Cond: ((k >= 3166405) AND (k <= 3166505))

table 4 : explain SELECT k, c FROM sbtest4 WHERE k BETWEEN 3166405 AND 3166505
	Bitmap Heap Scan on sbtest4  (cost=5.49..413.00 rows=103 width=125)
	  Recheck Cond: ((k >= 3166405) AND (k <= 3166505))
	  ->  Bitmap Index Scan on k_4  (cost=0.00..5.46 rows=103 width=0)
	        Index Cond: ((k >= 3166405) AND (k <= 3166505))

table 5 : explain SELECT k, c FROM sbtest5 WHERE k BETWEEN 3166405 AND 3166505
	Bitmap Heap Scan on sbtest5  (cost=5.47..405.13 rows=101 width=125)
	  Recheck Cond: ((k >= 3166405) AND (k <= 3166505))
	  ->  Bitmap Index Scan on k_5  (cost=0.00..5.44 rows=101 width=0)
	        Index Cond: ((k >= 3166405) AND (k <= 3166505))

table 6 : explain SELECT k, c FROM sbtest6 WHERE k BETWEEN 3166405 AND 3166505
	Bitmap Heap Scan on sbtest6  (cost=5.48..409.07 rows=102 width=125)
	  Recheck Cond: ((k >= 3166405) AND (k <= 3166505))
	  ->  Bitmap Index Scan on k_6  (cost=0.00..5.45 rows=102 width=0)
	        Index Cond: ((k >= 3166405) AND (k <= 3166505))

table 7 : explain SELECT k, c FROM sbtest7 WHERE k BETWEEN 3166405 AND 3166505
	Bitmap Heap Scan on sbtest7  (cost=5.42..385.43 rows=96 width=125)
	  Recheck Cond: ((k >= 3166405) AND (k <= 3166505))
	  ->  Bitmap Index Scan on k_7  (cost=0.00..5.39 rows=96 width=0)
	        Index Cond: ((k >= 3166405) AND (k <= 3166505))

table 8 : explain SELECT k, c FROM sbtest8 WHERE k BETWEEN 3166405 AND 3166505
	Bitmap Heap Scan on sbtest8  (cost=5.48..409.07 rows=102 width=125)
	  Recheck Cond: ((k >= 3166405) AND (k <= 3166505))
	  ->  Bitmap Index Scan on k_8  (cost=0.00..5.45 rows=102 width=0)
	        Index Cond: ((k >= 3166405) AND (k <= 3166505))

explain: for range-notcovered :: explain SELECT k, c FROM sbtest%d WHERE k BETWEEN 6533363 AND 6533463
explain: for range-notcovered :: explain SELECT k, c FROM sbtest%d WHERE k BETWEEN 3166405 AND 3166505
for range-notcovered
table 1 : explain SELECT k, c FROM sbtest1 WHERE k BETWEEN 2833974 AND 2834074
	Bitmap Heap Scan on sbtest1  (cost=5.42..385.43 rows=96 width=125)
	  Recheck Cond: ((k >= 2833974) AND (k <= 2834074))
	  ->  Bitmap Index Scan on k_1  (cost=0.00..5.39 rows=96 width=0)
	        Index Cond: ((k >= 2833974) AND (k <= 2834074))

table 2 : explain SELECT k, c FROM sbtest2 WHERE k BETWEEN 2833974 AND 2834074
	Bitmap Heap Scan on sbtest2  (cost=5.55..436.62 rows=109 width=125)
	  Recheck Cond: ((k >= 2833974) AND (k <= 2834074))
	  ->  Bitmap Index Scan on k_2  (cost=0.00..5.52 rows=109 width=0)
	        Index Cond: ((k >= 2833974) AND (k <= 2834074))

table 3 : explain SELECT k, c FROM sbtest3 WHERE k BETWEEN 2833974 AND 2834074
	Bitmap Heap Scan on sbtest3  (cost=5.44..393.31 rows=98 width=125)
	  Recheck Cond: ((k >= 2833974) AND (k <= 2834074))
	  ->  Bitmap Index Scan on k_3  (cost=0.00..5.42 rows=98 width=0)
	        Index Cond: ((k >= 2833974) AND (k <= 2834074))

table 4 : explain SELECT k, c FROM sbtest4 WHERE k BETWEEN 2833974 AND 2834074
	Bitmap Heap Scan on sbtest4  (cost=5.49..413.00 rows=103 width=125)
	  Recheck Cond: ((k >= 2833974) AND (k <= 2834074))
	  ->  Bitmap Index Scan on k_4  (cost=0.00..5.46 rows=103 width=0)
	        Index Cond: ((k >= 2833974) AND (k <= 2834074))

table 5 : explain SELECT k, c FROM sbtest5 WHERE k BETWEEN 2833974 AND 2834074
	Bitmap Heap Scan on sbtest5  (cost=5.48..409.07 rows=102 width=125)
	  Recheck Cond: ((k >= 2833974) AND (k <= 2834074))
	  ->  Bitmap Index Scan on k_5  (cost=0.00..5.45 rows=102 width=0)
	        Index Cond: ((k >= 2833974) AND (k <= 2834074))

table 6 : explain SELECT k, c FROM sbtest6 WHERE k BETWEEN 2833974 AND 2834074
	Bitmap Heap Scan on sbtest6  (cost=5.58..448.42 rows=112 width=125)
	  Recheck Cond: ((k >= 2833974) AND (k <= 2834074))
	  ->  Bitmap Index Scan on k_6  (cost=0.00..5.55 rows=112 width=0)
	        Index Cond: ((k >= 2833974) AND (k <= 2834074))

table 7 : explain SELECT k, c FROM sbtest7 WHERE k BETWEEN 2833974 AND 2834074
	Bitmap Heap Scan on sbtest7  (cost=5.51..420.88 rows=105 width=125)
	  Recheck Cond: ((k >= 2833974) AND (k <= 2834074))
	  ->  Bitmap Index Scan on k_7  (cost=0.00..5.48 rows=105 width=0)
	        Index Cond: ((k >= 2833974) AND (k <= 2834074))

table 8 : explain SELECT k, c FROM sbtest8 WHERE k BETWEEN 2833974 AND 2834074
	Bitmap Heap Scan on sbtest8  (cost=5.44..393.31 rows=98 width=125)
	  Recheck Cond: ((k >= 2833974) AND (k <= 2834074))
	  ->  Bitmap Index Scan on k_8  (cost=0.00..5.42 rows=98 width=0)
	        Index Cond: ((k >= 2833974) AND (k <= 2834074))

explain: for range-notcovered :: explain SELECT k, c FROM sbtest%d WHERE k BETWEEN 2833974 AND 2834074
for range-notcovered
table 1 : explain SELECT k, c FROM sbtest1 WHERE k BETWEEN 8258491 AND 8258591
	Bitmap Heap Scan on sbtest1  (cost=5.47..405.13 rows=101 width=125)
	  Recheck Cond: ((k >= 8258491) AND (k <= 8258591))
	  ->  Bitmap Index Scan on k_1  (cost=0.00..5.44 rows=101 width=0)
	        Index Cond: ((k >= 8258491) AND (k <= 8258591))

table 2 : explain SELECT k, c FROM sbtest2 WHERE k BETWEEN 8258491 AND 8258591
	Bitmap Heap Scan on sbtest2  (cost=5.43..389.37 rows=97 width=125)
	  Recheck Cond: ((k >= 8258491) AND (k <= 8258591))
	  ->  Bitmap Index Scan on k_2  (cost=0.00..5.40 rows=97 width=0)
	        Index Cond: ((k >= 8258491) AND (k <= 8258591))

table 3 : explain SELECT k, c FROM sbtest3 WHERE k BETWEEN 8258491 AND 8258591
	Bitmap Heap Scan on sbtest3  (cost=5.41..381.49 rows=95 width=125)
	  Recheck Cond: ((k >= 8258491) AND (k <= 8258591))
	  ->  Bitmap Index Scan on k_3  (cost=0.00..5.38 rows=95 width=0)
	        Index Cond: ((k >= 8258491) AND (k <= 8258591))

table 4 : explain SELECT k, c FROM sbtest4 WHERE k BETWEEN 8258491 AND 8258591
	Bitmap Heap Scan on sbtest4  (cost=5.49..413.00 rows=103 width=125)
	  Recheck Cond: ((k >= 8258491) AND (k <= 8258591))
	  ->  Bitmap Index Scan on k_4  (cost=0.00..5.46 rows=103 width=0)
	        Index Cond: ((k >= 8258491) AND (k <= 8258591))

table 5 : explain SELECT k, c FROM sbtest5 WHERE k BETWEEN 8258491 AND 8258591
	Bitmap Heap Scan on sbtest5  (cost=5.44..393.31 rows=98 width=125)
	  Recheck Cond: ((k >= 8258491) AND (k <= 8258591))
	  ->  Bitmap Index Scan on k_5  (cost=0.00..5.42 rows=98 width=0)
	        Index Cond: ((k >= 8258491) AND (k <= 8258591))

table 6 : explain SELECT k, c FROM sbtest6 WHERE k BETWEEN 8258491 AND 8258591
	Bitmap Heap Scan on sbtest6  (cost=5.45..397.25 rows=99 width=125)
	  Recheck Cond: ((k >= 8258491) AND (k <= 8258591))
	  ->  Bitmap Index Scan on k_6  (cost=0.00..5.42 rows=99 width=0)
	        Index Cond: ((k >= 8258491) AND (k <= 8258591))

table 7 : explain SELECT k, c FROM sbtest7 WHERE k BETWEEN 8258491 AND 8258591
	Bitmap Heap Scan on sbtest7  (cost=5.43..389.37 rows=97 width=125)
	  Recheck Cond: ((k >= 8258491) AND (k <= 8258591))
	  ->  Bitmap Index Scan on k_7  (cost=0.00..5.40 rows=97 width=0)
	        Index Cond: ((k >= 8258491) AND (k <= 8258591))

table 8 : explain SELECT k, c FROM sbtest8 WHERE k BETWEEN 8258491 AND 8258591
	Bitmap Heap Scan on sbtest8  (cost=5.50..416.94 rows=104 width=125)
	  Recheck Cond: ((k >= 8258491) AND (k <= 8258591))
	  ->  Bitmap Index Scan on k_8  (cost=0.00..5.47 rows=104 width=0)
	        Index Cond: ((k >= 8258491) AND (k <= 8258591))

for range-notcovered
table 1 : explain SELECT k, c FROM sbtest1 WHERE k BETWEEN 1890027 AND 1890127
	Bitmap Heap Scan on sbtest1  (cost=5.41..381.49 rows=95 width=125)
	  Recheck Cond: ((k >= 1890027) AND (k <= 1890127))
	  ->  Bitmap Index Scan on k_1  (cost=0.00..5.38 rows=95 width=0)
	        Index Cond: ((k >= 1890027) AND (k <= 1890127))

table 2 : explain SELECT k, c FROM sbtest2 WHERE k BETWEEN 1890027 AND 1890127
	Bitmap Heap Scan on sbtest2  (cost=5.53..428.75 rows=107 width=125)
	  Recheck Cond: ((k >= 1890027) AND (k <= 1890127))
	  ->  Bitmap Index Scan on k_2  (cost=0.00..5.50 rows=107 width=0)
	        Index Cond: ((k >= 1890027) AND (k <= 1890127))

table 3 : explain SELECT k, c FROM sbtest3 WHERE k BETWEEN 1890027 AND 1890127
	Bitmap Heap Scan on sbtest3  (cost=5.44..393.31 rows=98 width=125)
	  Recheck Cond: ((k >= 1890027) AND (k <= 1890127))
	  ->  Bitmap Index Scan on k_3  (cost=0.00..5.42 rows=98 width=0)
	        Index Cond: ((k >= 1890027) AND (k <= 1890127))

table 4 : explain SELECT k, c FROM sbtest4 WHERE k BETWEEN 1890027 AND 1890127
	Bitmap Heap Scan on sbtest4  (cost=5.46..401.19 rows=100 width=125)
	  Recheck Cond: ((k >= 1890027) AND (k <= 1890127))
	  ->  Bitmap Index Scan on k_4  (cost=0.00..5.43 rows=100 width=0)
	        Index Cond: ((k >= 1890027) AND (k <= 1890127))

table 5 : explain SELECT k, c FROM sbtest5 WHERE k BETWEEN 1890027 AND 1890127
	Bitmap Heap Scan on sbtest5  (cost=5.53..428.75 rows=107 width=125)
	  Recheck Cond: ((k >= 1890027) AND (k <= 1890127))
	  ->  Bitmap Index Scan on k_5  (cost=0.00..5.50 rows=107 width=0)
	        Index Cond: ((k >= 1890027) AND (k <= 1890127))

table 6 : explain SELECT k, c FROM sbtest6 WHERE k BETWEEN 1890027 AND 1890127
	Bitmap Heap Scan on sbtest6  (cost=5.50..416.94 rows=104 width=125)
	  Recheck Cond: ((k >= 1890027) AND (k <= 1890127))
	  ->  Bitmap Index Scan on k_6  (cost=0.00..5.47 rows=104 width=0)
	        Index Cond: ((k >= 1890027) AND (k <= 1890127))

table 7 : explain SELECT k, c FROM sbtest7 WHERE k BETWEEN 1890027 AND 1890127
	Bitmap Heap Scan on sbtest7  (cost=5.48..409.07 rows=102 width=125)
	  Recheck Cond: ((k >= 1890027) AND (k <= 1890127))
	  ->  Bitmap Index Scan on k_7  (cost=0.00..5.45 rows=102 width=0)
	        Index Cond: ((k >= 1890027) AND (k <= 1890127))

table 8 : explain SELECT k, c FROM sbtest8 WHERE k BETWEEN 1890027 AND 1890127
	Bitmap Heap Scan on sbtest8  (cost=5.44..393.31 rows=98 width=125)
	  Recheck Cond: ((k >= 1890027) AND (k <= 1890127))
	  ->  Bitmap Index Scan on k_8  (cost=0.00..5.42 rows=98 width=0)
	        Index Cond: ((k >= 1890027) AND (k <= 1890127))

for range-notcovered
table 1 : explain SELECT k, c FROM sbtest1 WHERE k BETWEEN 5914952 AND 5915052
	Bitmap Heap Scan on sbtest1  (cost=5.51..420.88 rows=105 width=125)
	  Recheck Cond: ((k >= 5914952) AND (k <= 5915052))
	  ->  Bitmap Index Scan on k_1  (cost=0.00..5.48 rows=105 width=0)
	        Index Cond: ((k >= 5914952) AND (k <= 5915052))

table 2 : explain SELECT k, c FROM sbtest2 WHERE k BETWEEN 5914952 AND 5915052
	Bitmap Heap Scan on sbtest2  (cost=5.46..401.19 rows=100 width=125)
	  Recheck Cond: ((k >= 5914952) AND (k <= 5915052))
	  ->  Bitmap Index Scan on k_2  (cost=0.00..5.43 rows=100 width=0)
	        Index Cond: ((k >= 5914952) AND (k <= 5915052))

table 3 : explain SELECT k, c FROM sbtest3 WHERE k BETWEEN 5914952 AND 5915052
	Bitmap Heap Scan on sbtest3  (cost=5.46..401.19 rows=100 width=125)
	  Recheck Cond: ((k >= 5914952) AND (k <= 5915052))
	  ->  Bitmap Index Scan on k_3  (cost=0.00..5.43 rows=100 width=0)
	        Index Cond: ((k >= 5914952) AND (k <= 5915052))

table 4 : explain SELECT k, c FROM sbtest4 WHERE k BETWEEN 5914952 AND 5915052
	Bitmap Heap Scan on sbtest4  (cost=5.50..416.94 rows=104 width=125)
	  Recheck Cond: ((k >= 5914952) AND (k <= 5915052))
	  ->  Bitmap Index Scan on k_4  (cost=0.00..5.47 rows=104 width=0)
	        Index Cond: ((k >= 5914952) AND (k <= 5915052))

table 5 : explain SELECT k, c FROM sbtest5 WHERE k BETWEEN 5914952 AND 5915052
	Bitmap Heap Scan on sbtest5  (cost=5.55..436.62 rows=109 width=125)
	  Recheck Cond: ((k >= 5914952) AND (k <= 5915052))
	  ->  Bitmap Index Scan on k_5  (cost=0.00..5.52 rows=109 width=0)
	        Index Cond: ((k >= 5914952) AND (k <= 5915052))

table 6 : explain SELECT k, c FROM sbtest6 WHERE k BETWEEN 5914952 AND 5915052
	Bitmap Heap Scan on sbtest6  (cost=5.52..424.81 rows=106 width=125)
	  Recheck Cond: ((k >= 5914952) AND (k <= 5915052))
	  ->  Bitmap Index Scan on k_6  (cost=0.00..5.50 rows=106 width=0)
	        Index Cond: ((k >= 5914952) AND (k <= 5915052))

table 7 : explain SELECT k, c FROM sbtest7 WHERE k BETWEEN 5914952 AND 5915052
	Bitmap Heap Scan on sbtest7  (cost=5.52..424.81 rows=106 width=125)
	  Recheck Cond: ((k >= 5914952) AND (k <= 5915052))
	  ->  Bitmap Index Scan on k_7  (cost=0.00..5.50 rows=106 width=0)
	        Index Cond: ((k >= 5914952) AND (k <= 5915052))

table 8 : explain SELECT k, c FROM sbtest8 WHERE k BETWEEN 5914952 AND 5915052
	Bitmap Heap Scan on sbtest8  (cost=5.41..381.49 rows=95 width=125)
	  Recheck Cond: ((k >= 5914952) AND (k <= 5915052))
	  ->  Bitmap Index Scan on k_8  (cost=0.00..5.38 rows=95 width=0)
	        Index Cond: ((k >= 5914952) AND (k <= 5915052))

explain: for range-notcovered :: explain SELECT k, c FROM sbtest%d WHERE k BETWEEN 8258491 AND 8258591
for range-notcovered
table 1 : explain SELECT k, c FROM sbtest1 WHERE k BETWEEN 1929950 AND 1930050
	Bitmap Heap Scan on sbtest1  (cost=5.41..381.49 rows=95 width=125)
	  Recheck Cond: ((k >= 1929950) AND (k <= 1930050))
	  ->  Bitmap Index Scan on k_1  (cost=0.00..5.38 rows=95 width=0)
	        Index Cond: ((k >= 1929950) AND (k <= 1930050))

table 2 : explain SELECT k, c FROM sbtest2 WHERE k BETWEEN 1929950 AND 1930050
	Bitmap Heap Scan on sbtest2  (cost=5.47..405.13 rows=101 width=125)
	  Recheck Cond: ((k >= 1929950) AND (k <= 1930050))
	  ->  Bitmap Index Scan on k_2  (cost=0.00..5.44 rows=101 width=0)
	        Index Cond: ((k >= 1929950) AND (k <= 1930050))

table 3 : explain SELECT k, c FROM sbtest3 WHERE k BETWEEN 1929950 AND 1930050
	Bitmap Heap Scan on sbtest3  (cost=5.52..424.81 rows=106 width=125)
	  Recheck Cond: ((k >= 1929950) AND (k <= 1930050))
	  ->  Bitmap Index Scan on k_3  (cost=0.00..5.50 rows=106 width=0)
	        Index Cond: ((k >= 1929950) AND (k <= 1930050))

table 4 : explain SELECT k, c FROM sbtest4 WHERE k BETWEEN 1929950 AND 1930050
	Bitmap Heap Scan on sbtest4  (cost=5.46..401.19 rows=100 width=125)
	  Recheck Cond: ((k >= 1929950) AND (k <= 1930050))
	  ->  Bitmap Index Scan on k_4  (cost=0.00..5.43 rows=100 width=0)
	        Index Cond: ((k >= 1929950) AND (k <= 1930050))

table 5 : explain SELECT k, c FROM sbtest5 WHERE k BETWEEN 1929950 AND 1930050
	Bitmap Heap Scan on sbtest5  (cost=5.48..409.07 rows=102 width=125)
	  Recheck Cond: ((k >= 1929950) AND (k <= 1930050))
	  ->  Bitmap Index Scan on k_5  (cost=0.00..5.45 rows=102 width=0)
	        Index Cond: ((k >= 1929950) AND (k <= 1930050))

table 6 : explain SELECT k, c FROM sbtest6 WHERE k BETWEEN 1929950 AND 1930050
	Bitmap Heap Scan on sbtest6  (cost=5.45..397.25 rows=99 width=125)
	  Recheck Cond: ((k >= 1929950) AND (k <= 1930050))
	  ->  Bitmap Index Scan on k_6  (cost=0.00..5.42 rows=99 width=0)
	        Index Cond: ((k >= 1929950) AND (k <= 1930050))

table 7 : explain SELECT k, c FROM sbtest7 WHERE k BETWEEN 1929950 AND 1930050
	Bitmap Heap Scan on sbtest7  (cost=5.48..409.07 rows=102 width=125)
	  Recheck Cond: ((k >= 1929950) AND (k <= 1930050))
	  ->  Bitmap Index Scan on k_7  (cost=0.00..5.45 rows=102 width=0)
	        Index Cond: ((k >= 1929950) AND (k <= 1930050))

table 8 : explain SELECT k, c FROM sbtest8 WHERE k BETWEEN 1929950 AND 1930050
	Bitmap Heap Scan on sbtest8  (cost=5.44..393.31 rows=98 width=125)
	  Recheck Cond: ((k >= 1929950) AND (k <= 1930050))
	  ->  Bitmap Index Scan on k_8  (cost=0.00..5.42 rows=98 width=0)
	        Index Cond: ((k >= 1929950) AND (k <= 1930050))

explain: for range-notcovered :: explain SELECT k, c FROM sbtest%d WHERE k BETWEEN 1890027 AND 1890127
for range-notcovered
table 1 : explain SELECT k, c FROM sbtest1 WHERE k BETWEEN 4275733 AND 4275833
	Bitmap Heap Scan on sbtest1  (cost=5.51..420.88 rows=105 width=125)
	  Recheck Cond: ((k >= 4275733) AND (k <= 4275833))
	  ->  Bitmap Index Scan on k_1  (cost=0.00..5.48 rows=105 width=0)
	        Index Cond: ((k >= 4275733) AND (k <= 4275833))

table 2 : explain SELECT k, c FROM sbtest2 WHERE k BETWEEN 4275733 AND 4275833
	Bitmap Heap Scan on sbtest2  (cost=5.52..424.81 rows=106 width=125)
	  Recheck Cond: ((k >= 4275733) AND (k <= 4275833))
	  ->  Bitmap Index Scan on k_2  (cost=0.00..5.50 rows=106 width=0)
	        Index Cond: ((k >= 4275733) AND (k <= 4275833))

table 3 : explain SELECT k, c FROM sbtest3 WHERE k BETWEEN 4275733 AND 4275833
	Bitmap Heap Scan on sbtest3  (cost=5.53..428.75 rows=107 width=125)
	  Recheck Cond: ((k >= 4275733) AND (k <= 4275833))
	  ->  Bitmap Index Scan on k_3  (cost=0.00..5.50 rows=107 width=0)
	        Index Cond: ((k >= 4275733) AND (k <= 4275833))

table 4 : explain SELECT k, c FROM sbtest4 WHERE k BETWEEN 4275733 AND 4275833
	Bitmap Heap Scan on sbtest4  (cost=5.51..420.88 rows=105 width=125)
	  Recheck Cond: ((k >= 4275733) AND (k <= 4275833))
	  ->  Bitmap Index Scan on k_4  (cost=0.00..5.48 rows=105 width=0)
	        Index Cond: ((k >= 4275733) AND (k <= 4275833))

table 5 : explain SELECT k, c FROM sbtest5 WHERE k BETWEEN 4275733 AND 4275833
	Bitmap Heap Scan on sbtest5  (cost=5.42..385.43 rows=96 width=125)
	  Recheck Cond: ((k >= 4275733) AND (k <= 4275833))
	  ->  Bitmap Index Scan on k_5  (cost=0.00..5.39 rows=96 width=0)
	        Index Cond: ((k >= 4275733) AND (k <= 4275833))

table 6 : explain SELECT k, c FROM sbtest6 WHERE k BETWEEN 4275733 AND 4275833
	Bitmap Heap Scan on sbtest6  (cost=5.50..416.94 rows=104 width=125)
	  Recheck Cond: ((k >= 4275733) AND (k <= 4275833))
	  ->  Bitmap Index Scan on k_6  (cost=0.00..5.47 rows=104 width=0)
	        Index Cond: ((k >= 4275733) AND (k <= 4275833))

table 7 : explain SELECT k, c FROM sbtest7 WHERE k BETWEEN 4275733 AND 4275833
	Bitmap Heap Scan on sbtest7  (cost=5.47..405.13 rows=101 width=125)
	  Recheck Cond: ((k >= 4275733) AND (k <= 4275833))
	  ->  Bitmap Index Scan on k_7  (cost=0.00..5.44 rows=101 width=0)
	        Index Cond: ((k >= 4275733) AND (k <= 4275833))

table 8 : explain SELECT k, c FROM sbtest8 WHERE k BETWEEN 4275733 AND 4275833
	Bitmap Heap Scan on sbtest8  (cost=5.54..432.69 rows=108 width=125)
	  Recheck Cond: ((k >= 4275733) AND (k <= 4275833))
	  ->  Bitmap Index Scan on k_8  (cost=0.00..5.51 rows=108 width=0)
	        Index Cond: ((k >= 4275733) AND (k <= 4275833))

explain: for range-notcovered :: explain SELECT k, c FROM sbtest%d WHERE k BETWEEN 1929950 AND 1930050
explain: for range-notcovered :: explain SELECT k, c FROM sbtest%d WHERE k BETWEEN 4275733 AND 4275833
for range-notcovered
table 1 : explain SELECT k, c FROM sbtest1 WHERE k BETWEEN 3166405 AND 3166505
	Bitmap Heap Scan on sbtest1  (cost=5.44..393.31 rows=98 width=125)
	  Recheck Cond: ((k >= 3166405) AND (k <= 3166505))
	  ->  Bitmap Index Scan on k_1  (cost=0.00..5.42 rows=98 width=0)
	        Index Cond: ((k >= 3166405) AND (k <= 3166505))

table 2 : explain SELECT k, c FROM sbtest2 WHERE k BETWEEN 3166405 AND 3166505
	Bitmap Heap Scan on sbtest2  (cost=5.47..405.13 rows=101 width=125)
	  Recheck Cond: ((k >= 3166405) AND (k <= 3166505))
	  ->  Bitmap Index Scan on k_2  (cost=0.00..5.44 rows=101 width=0)
	        Index Cond: ((k >= 3166405) AND (k <= 3166505))

table 3 : explain SELECT k, c FROM sbtest3 WHERE k BETWEEN 3166405 AND 3166505
	Bitmap Heap Scan on sbtest3  (cost=5.51..420.88 rows=105 width=125)
	  Recheck Cond: ((k >= 3166405) AND (k <= 3166505))
	  ->  Bitmap Index Scan on k_3  (cost=0.00..5.48 rows=105 width=0)
	        Index Cond: ((k >= 3166405) AND (k <= 3166505))

table 4 : explain SELECT k, c FROM sbtest4 WHERE k BETWEEN 3166405 AND 3166505
	Bitmap Heap Scan on sbtest4  (cost=5.49..413.00 rows=103 width=125)
	  Recheck Cond: ((k >= 3166405) AND (k <= 3166505))
	  ->  Bitmap Index Scan on k_4  (cost=0.00..5.46 rows=103 width=0)
	        Index Cond: ((k >= 3166405) AND (k <= 3166505))

table 5 : explain SELECT k, c FROM sbtest5 WHERE k BETWEEN 3166405 AND 3166505
	Bitmap Heap Scan on sbtest5  (cost=5.47..405.13 rows=101 width=125)
	  Recheck Cond: ((k >= 3166405) AND (k <= 3166505))
	  ->  Bitmap Index Scan on k_5  (cost=0.00..5.44 rows=101 width=0)
	        Index Cond: ((k >= 3166405) AND (k <= 3166505))

table 6 : explain SELECT k, c FROM sbtest6 WHERE k BETWEEN 3166405 AND 3166505
	Bitmap Heap Scan on sbtest6  (cost=5.48..409.07 rows=102 width=125)
	  Recheck Cond: ((k >= 3166405) AND (k <= 3166505))
	  ->  Bitmap Index Scan on k_6  (cost=0.00..5.45 rows=102 width=0)
	        Index Cond: ((k >= 3166405) AND (k <= 3166505))

table 7 : explain SELECT k, c FROM sbtest7 WHERE k BETWEEN 3166405 AND 3166505
	Bitmap Heap Scan on sbtest7  (cost=5.42..385.43 rows=96 width=125)
	  Recheck Cond: ((k >= 3166405) AND (k <= 3166505))
	  ->  Bitmap Index Scan on k_7  (cost=0.00..5.39 rows=96 width=0)
	        Index Cond: ((k >= 3166405) AND (k <= 3166505))

table 8 : explain SELECT k, c FROM sbtest8 WHERE k BETWEEN 3166405 AND 3166505
	Bitmap Heap Scan on sbtest8  (cost=5.48..409.07 rows=102 width=125)
	  Recheck Cond: ((k >= 3166405) AND (k <= 3166505))
	  ->  Bitmap Index Scan on k_8  (cost=0.00..5.45 rows=102 width=0)
	        Index Cond: ((k >= 3166405) AND (k <= 3166505))

for range-notcovered
table 1 : explain SELECT k, c FROM sbtest1 WHERE k BETWEEN 6533363 AND 6533463
	Bitmap Heap Scan on sbtest1  (cost=5.54..432.69 rows=108 width=125)
	  Recheck Cond: ((k >= 6533363) AND (k <= 6533463))
	  ->  Bitmap Index Scan on k_1  (cost=0.00..5.51 rows=108 width=0)
	        Index Cond: ((k >= 6533363) AND (k <= 6533463))

table 2 : explain SELECT k, c FROM sbtest2 WHERE k BETWEEN 6533363 AND 6533463
	Bitmap Heap Scan on sbtest2  (cost=5.51..420.88 rows=105 width=125)
	  Recheck Cond: ((k >= 6533363) AND (k <= 6533463))
	  ->  Bitmap Index Scan on k_2  (cost=0.00..5.48 rows=105 width=0)
	        Index Cond: ((k >= 6533363) AND (k <= 6533463))

table 3 : explain SELECT k, c FROM sbtest3 WHERE k BETWEEN 6533363 AND 6533463
	Bitmap Heap Scan on sbtest3  (cost=5.51..420.88 rows=105 width=125)
	  Recheck Cond: ((k >= 6533363) AND (k <= 6533463))
	  ->  Bitmap Index Scan on k_3  (cost=0.00..5.48 rows=105 width=0)
	        Index Cond: ((k >= 6533363) AND (k <= 6533463))

table 4 : explain SELECT k, c FROM sbtest4 WHERE k BETWEEN 6533363 AND 6533463
	Bitmap Heap Scan on sbtest4  (cost=5.50..416.94 rows=104 width=125)
	  Recheck Cond: ((k >= 6533363) AND (k <= 6533463))
	  ->  Bitmap Index Scan on k_4  (cost=0.00..5.47 rows=104 width=0)
	        Index Cond: ((k >= 6533363) AND (k <= 6533463))

table 5 : explain SELECT k, c FROM sbtest5 WHERE k BETWEEN 6533363 AND 6533463
	Bitmap Heap Scan on sbtest5  (cost=5.40..377.55 rows=94 width=125)
	  Recheck Cond: ((k >= 6533363) AND (k <= 6533463))
	  ->  Bitmap Index Scan on k_5  (cost=0.00..5.38 rows=94 width=0)
	        Index Cond: ((k >= 6533363) AND (k <= 6533463))

table 6 : explain SELECT k, c FROM sbtest6 WHERE k BETWEEN 6533363 AND 6533463
	Bitmap Heap Scan on sbtest6  (cost=5.57..444.49 rows=111 width=125)
	  Recheck Cond: ((k >= 6533363) AND (k <= 6533463))
	  ->  Bitmap Index Scan on k_6  (cost=0.00..5.54 rows=111 width=0)
	        Index Cond: ((k >= 6533363) AND (k <= 6533463))

table 7 : explain SELECT k, c FROM sbtest7 WHERE k BETWEEN 6533363 AND 6533463
	Bitmap Heap Scan on sbtest7  (cost=5.50..416.94 rows=104 width=125)
	  Recheck Cond: ((k >= 6533363) AND (k <= 6533463))
	  ->  Bitmap Index Scan on k_7  (cost=0.00..5.47 rows=104 width=0)
	        Index Cond: ((k >= 6533363) AND (k <= 6533463))

table 8 : explain SELECT k, c FROM sbtest8 WHERE k BETWEEN 6533363 AND 6533463
	Bitmap Heap Scan on sbtest8  (cost=5.47..405.13 rows=101 width=125)
	  Recheck Cond: ((k >= 6533363) AND (k <= 6533463))
	  ->  Bitmap Index Scan on k_8  (cost=0.00..5.44 rows=101 width=0)
	        Index Cond: ((k >= 6533363) AND (k <= 6533463))

explain: for range-notcovered :: explain SELECT k, c FROM sbtest%d WHERE k BETWEEN 5232385 AND 5232485for range-notcovered
table 1 : explain SELECT k, c FROM sbtest1 WHERE k BETWEEN 2410554 AND 2410654
	Bitmap Heap Scan on sbtest1  (cost=5.47..405.13 rows=101 width=125)
	  Recheck Cond: ((k >= 2410554) AND (k <= 2410654))
	  ->  Bitmap Index Scan on k_1  (cost=0.00..5.44 rows=101 width=0)
	        Index Cond: ((k >= 2410554) AND (k <= 2410654))

table 2 : explain SELECT k, c FROM sbtest2 WHERE k BETWEEN 2410554 AND 2410654
	Bitmap Heap Scan on sbtest2  (cost=5.43..389.37 rows=97 width=125)
	  Recheck Cond: ((k >= 2410554) AND (k <= 2410654))
	  ->  Bitmap Index Scan on k_2  (cost=0.00..5.40 rows=97 width=0)
	        Index Cond: ((k >= 2410554) AND (k <= 2410654))

table 3 : explain SELECT k, c FROM sbtest3 WHERE k BETWEEN 2410554 AND 2410654
	Bitmap Heap Scan on sbtest3  (cost=5.45..397.25 rows=99 width=125)
	  Recheck Cond: ((k >= 2410554) AND (k <= 2410654))
	  ->  Bitmap Index Scan on k_3  (cost=0.00..5.42 rows=99 width=0)
	        Index Cond: ((k >= 2410554) AND (k <= 2410654))

table 4 : explain SELECT k, c FROM sbtest4 WHERE k BETWEEN 2410554 AND 2410654
	Bitmap Heap Scan on sbtest4  (cost=5.57..444.49 rows=111 width=125)
	  Recheck Cond: ((k >= 2410554) AND (k <= 2410654))
	  ->  Bitmap Index Scan on k_4  (cost=0.00..5.54 rows=111 width=0)
	        Index Cond: ((k >= 2410554) AND (k <= 2410654))

table 5 : explain SELECT k, c FROM sbtest5 WHERE k BETWEEN 2410554 AND 2410654
	Bitmap Heap Scan on sbtest5  (cost=5.57..444.49 rows=111 width=125)
	  Recheck Cond: ((k >= 2410554) AND (k <= 2410654))
	  ->  Bitmap Index Scan on k_5  (cost=0.00..5.54 rows=111 width=0)
	        Index Cond: ((k >= 2410554) AND (k <= 2410654))

table 6 : explain SELECT k, c FROM sbtest6 WHERE k BETWEEN 2410554 AND 2410654
	Bitmap Heap Scan on sbtest6  (cost=5.51..420.88 rows=105 width=125)
	  Recheck Cond: ((k >= 2410554) AND (k <= 2410654))
	  ->  Bitmap Index Scan on k_6  (cost=0.00..5.48 rows=105 width=0)
	        Index Cond: ((k >= 2410554) AND (k <= 2410654))

table 7 : explain SELECT k, c FROM sbtest7 WHERE k BETWEEN 2410554 AND 2410654
	Bitmap Heap Scan on sbtest7  (cost=5.48..409.07 rows=102 width=125)
	  Recheck Cond: ((k >= 2410554) AND (k <= 2410654))
	  ->  Bitmap Index Scan on k_7  (cost=0.00..5.45 rows=102 width=0)
	        Index Cond: ((k >= 2410554) AND (k <= 2410654))

table 8 : explain SELECT k, c FROM sbtest8 WHERE k BETWEEN 2410554 AND 2410654
	Bitmap Heap Scan on sbtest8  (cost=5.50..416.94 rows=104 width=125)
	  Recheck Cond: ((k >= 2410554) AND (k <= 2410654))
	  ->  Bitmap Index Scan on k_8  (cost=0.00..5.47 rows=104 width=0)
	        Index Cond: ((k >= 2410554) AND (k <= 2410654))


explain: for range-notcovered :: explain SELECT k, c FROM sbtest%d WHERE k BETWEEN 6533363 AND 6533463
explain: for range-notcovered :: explain SELECT k, c FROM sbtest%d WHERE k BETWEEN 3166405 AND 3166505
for range-notcovered
table 1 : explain SELECT k, c FROM sbtest1 WHERE k BETWEEN 2833974 AND 2834074
	Bitmap Heap Scan on sbtest1  (cost=5.42..385.43 rows=96 width=125)
	  Recheck Cond: ((k >= 2833974) AND (k <= 2834074))
	  ->  Bitmap Index Scan on k_1  (cost=0.00..5.39 rows=96 width=0)
	        Index Cond: ((k >= 2833974) AND (k <= 2834074))

table 2 : explain SELECT k, c FROM sbtest2 WHERE k BETWEEN 2833974 AND 2834074
	Bitmap Heap Scan on sbtest2  (cost=5.55..436.62 rows=109 width=125)
	  Recheck Cond: ((k >= 2833974) AND (k <= 2834074))
	  ->  Bitmap Index Scan on k_2  (cost=0.00..5.52 rows=109 width=0)
	        Index Cond: ((k >= 2833974) AND (k <= 2834074))

table 3 : explain SELECT k, c FROM sbtest3 WHERE k BETWEEN 2833974 AND 2834074
	Bitmap Heap Scan on sbtest3  (cost=5.44..393.31 rows=98 width=125)
	  Recheck Cond: ((k >= 2833974) AND (k <= 2834074))
	  ->  Bitmap Index Scan on k_3  (cost=0.00..5.42 rows=98 width=0)
	        Index Cond: ((k >= 2833974) AND (k <= 2834074))

table 4 : explain SELECT k, c FROM sbtest4 WHERE k BETWEEN 2833974 AND 2834074
	Bitmap Heap Scan on sbtest4  (cost=5.49..413.00 rows=103 width=125)
	  Recheck Cond: ((k >= 2833974) AND (k <= 2834074))
	  ->  Bitmap Index Scan on k_4  (cost=0.00..5.46 rows=103 width=0)
	        Index Cond: ((k >= 2833974) AND (k <= 2834074))

table 5 : explain SELECT k, c FROM sbtest5 WHERE k BETWEEN 2833974 AND 2834074
	Bitmap Heap Scan on sbtest5  (cost=5.48..409.07 rows=102 width=125)
	  Recheck Cond: ((k >= 2833974) AND (k <= 2834074))
	  ->  Bitmap Index Scan on k_5  (cost=0.00..5.45 rows=102 width=0)
	        Index Cond: ((k >= 2833974) AND (k <= 2834074))

table 6 : explain SELECT k, c FROM sbtest6 WHERE k BETWEEN 2833974 AND 2834074
	Bitmap Heap Scan on sbtest6  (cost=5.58..448.42 rows=112 width=125)
	  Recheck Cond: ((k >= 2833974) AND (k <= 2834074))
	  ->  Bitmap Index Scan on k_6  (cost=0.00..5.55 rows=112 width=0)
	        Index Cond: ((k >= 2833974) AND (k <= 2834074))

table 7 : explain SELECT k, c FROM sbtest7 WHERE k BETWEEN 2833974 AND 2834074
	Bitmap Heap Scan on sbtest7  (cost=5.51..420.88 rows=105 width=125)
	  Recheck Cond: ((k >= 2833974) AND (k <= 2834074))
	  ->  Bitmap Index Scan on k_7  (cost=0.00..5.48 rows=105 width=0)
	        Index Cond: ((k >= 2833974) AND (k <= 2834074))

table 8 : explain SELECT k, c FROM sbtest8 WHERE k BETWEEN 2833974 AND 2834074
	Bitmap Heap Scan on sbtest8  (cost=5.44..393.31 rows=98 width=125)
	  Recheck Cond: ((k >= 2833974) AND (k <= 2834074))
	  ->  Bitmap Index Scan on k_8  (cost=0.00..5.42 rows=98 width=0)
	        Index Cond: ((k >= 2833974) AND (k <= 2834074))

explain: for range-notcovered :: explain SELECT k, c FROM sbtest%d WHERE k BETWEEN 2410554 AND 2410654
for range-notcovered
table 1 : explain SELECT k, c FROM sbtest1 WHERE k BETWEEN 8258491 AND 8258591
	Bitmap Heap Scan on sbtest1  (cost=5.47..405.13 rows=101 width=125)
	  Recheck Cond: ((k >= 8258491) AND (k <= 8258591))
	  ->  Bitmap Index Scan on k_1  (cost=0.00..5.44 rows=101 width=0)
	        Index Cond: ((k >= 8258491) AND (k <= 8258591))

table 2 : explain SELECT k, c FROM sbtest2 WHERE k BETWEEN 8258491 AND 8258591
	Bitmap Heap Scan on sbtest2  (cost=5.43..389.37 rows=97 width=125)
	  Recheck Cond: ((k >= 8258491) AND (k <= 8258591))
	  ->  Bitmap Index Scan on k_2  (cost=0.00..5.40 rows=97 width=0)
	        Index Cond: ((k >= 8258491) AND (k <= 8258591))

table 3 : explain SELECT k, c FROM sbtest3 WHERE k BETWEEN 8258491 AND 8258591
	Bitmap Heap Scan on sbtest3  (cost=5.41..381.49 rows=95 width=125)
	  Recheck Cond: ((k >= 8258491) AND (k <= 8258591))
	  ->  Bitmap Index Scan on k_3  (cost=0.00..5.38 rows=95 width=0)
	        Index Cond: ((k >= 8258491) AND (k <= 8258591))

table 4 : explain SELECT k, c FROM sbtest4 WHERE k BETWEEN 8258491 AND 8258591
	Bitmap Heap Scan on sbtest4  (cost=5.49..413.00 rows=103 width=125)
	  Recheck Cond: ((k >= 8258491) AND (k <= 8258591))
	  ->  Bitmap Index Scan on k_4  (cost=0.00..5.46 rows=103 width=0)
	        Index Cond: ((k >= 8258491) AND (k <= 8258591))

table 5 : explain SELECT k, c FROM sbtest5 WHERE k BETWEEN 8258491 AND 8258591
	Bitmap Heap Scan on sbtest5  (cost=5.44..393.31 rows=98 width=125)
	  Recheck Cond: ((k >= 8258491) AND (k <= 8258591))
	  ->  Bitmap Index Scan on k_5  (cost=0.00..5.42 rows=98 width=0)
	        Index Cond: ((k >= 8258491) AND (k <= 8258591))

table 6 : explain SELECT k, c FROM sbtest6 WHERE k BETWEEN 8258491 AND 8258591
	Bitmap Heap Scan on sbtest6  (cost=5.45..397.25 rows=99 width=125)
	  Recheck Cond: ((k >= 8258491) AND (k <= 8258591))
	  ->  Bitmap Index Scan on k_6  (cost=0.00..5.42 rows=99 width=0)
	        Index Cond: ((k >= 8258491) AND (k <= 8258591))

table 7 : explain SELECT k, c FROM sbtest7 WHERE k BETWEEN 8258491 AND 8258591
	Bitmap Heap Scan on sbtest7  (cost=5.43..389.37 rows=97 width=125)
	  Recheck Cond: ((k >= 8258491) AND (k <= 8258591))
	  ->  Bitmap Index Scan on k_7  (cost=0.00..5.40 rows=97 width=0)
	        Index Cond: ((k >= 8258491) AND (k <= 8258591))

table 8 : explain SELECT k, c FROM sbtest8 WHERE k BETWEEN 8258491 AND 8258591
	Bitmap Heap Scan on sbtest8  (cost=5.50..416.94 rows=104 width=125)
	  Recheck Cond: ((k >= 8258491) AND (k <= 8258591))
	  ->  Bitmap Index Scan on k_8  (cost=0.00..5.47 rows=104 width=0)
	        Index Cond: ((k >= 8258491) AND (k <= 8258591))

explain: for range-notcovered :: explain SELECT k, c FROM sbtest%d WHERE k BETWEEN 2833974 AND 2834074
explain: for range-notcovered :: explain SELECT k, c FROM sbtest%d WHERE k BETWEEN 8258491 AND 8258591
for range-notcovered
table 1 : explain SELECT k, c FROM sbtest1 WHERE k BETWEEN 1890027 AND 1890127
	Bitmap Heap Scan on sbtest1  (cost=5.41..381.49 rows=95 width=125)
	  Recheck Cond: ((k >= 1890027) AND (k <= 1890127))
	  ->  Bitmap Index Scan on k_1  (cost=0.00..5.38 rows=95 width=0)
	        Index Cond: ((k >= 1890027) AND (k <= 1890127))

table 2 : explain SELECT k, c FROM sbtest2 WHERE k BETWEEN 1890027 AND 1890127
	Bitmap Heap Scan on sbtest2  (cost=5.53..428.75 rows=107 width=125)
	  Recheck Cond: ((k >= 1890027) AND (k <= 1890127))
	  ->  Bitmap Index Scan on k_2  (cost=0.00..5.50 rows=107 width=0)
	        Index Cond: ((k >= 1890027) AND (k <= 1890127))

table 3 : explain SELECT k, c FROM sbtest3 WHERE k BETWEEN 1890027 AND 1890127
	Bitmap Heap Scan on sbtest3  (cost=5.44..393.31 rows=98 width=125)
	  Recheck Cond: ((k >= 1890027) AND (k <= 1890127))
	  ->  Bitmap Index Scan on k_3  (cost=0.00..5.42 rows=98 width=0)
	        Index Cond: ((k >= 1890027) AND (k <= 1890127))

table 4 : explain SELECT k, c FROM sbtest4 WHERE k BETWEEN 1890027 AND 1890127
	Bitmap Heap Scan on sbtest4  (cost=5.46..401.19 rows=100 width=125)
	  Recheck Cond: ((k >= 1890027) AND (k <= 1890127))
	  ->  Bitmap Index Scan on k_4  (cost=0.00..5.43 rows=100 width=0)
	        Index Cond: ((k >= 1890027) AND (k <= 1890127))

table 5 : explain SELECT k, c FROM sbtest5 WHERE k BETWEEN 1890027 AND 1890127
	Bitmap Heap Scan on sbtest5  (cost=5.53..428.75 rows=107 width=125)
	  Recheck Cond: ((k >= 1890027) AND (k <= 1890127))
	  ->  Bitmap Index Scan on k_5  (cost=0.00..5.50 rows=107 width=0)
	        Index Cond: ((k >= 1890027) AND (k <= 1890127))

table 6 : explain SELECT k, c FROM sbtest6 WHERE k BETWEEN 1890027 AND 1890127
	Bitmap Heap Scan on sbtest6  (cost=5.50..416.94 rows=104 width=125)
	  Recheck Cond: ((k >= 1890027) AND (k <= 1890127))
	  ->  Bitmap Index Scan on k_6  (cost=0.00..5.47 rows=104 width=0)
	        Index Cond: ((k >= 1890027) AND (k <= 1890127))

table 7 : explain SELECT k, c FROM sbtest7 WHERE k BETWEEN 1890027 AND 1890127
	Bitmap Heap Scan on sbtest7  (cost=5.48..409.07 rows=102 width=125)
	  Recheck Cond: ((k >= 1890027) AND (k <= 1890127))
	  ->  Bitmap Index Scan on k_7  (cost=0.00..5.45 rows=102 width=0)
	        Index Cond: ((k >= 1890027) AND (k <= 1890127))

table 8 : explain SELECT k, c FROM sbtest8 WHERE k BETWEEN 1890027 AND 1890127
	Bitmap Heap Scan on sbtest8  (cost=5.44..393.31 rows=98 width=125)
	  Recheck Cond: ((k >= 1890027) AND (k <= 1890127))
	  ->  Bitmap Index Scan on k_8  (cost=0.00..5.42 rows=98 width=0)
	        Index Cond: ((k >= 1890027) AND (k <= 1890127))

for range-notcovered
table 1 : explain SELECT k, c FROM sbtest1 WHERE k BETWEEN 4275733 AND 4275833
	Bitmap Heap Scan on sbtest1  (cost=5.51..420.88 rows=105 width=125)
	  Recheck Cond: ((k >= 4275733) AND (k <= 4275833))
	  ->  Bitmap Index Scan on k_1  (cost=0.00..5.48 rows=105 width=0)
	        Index Cond: ((k >= 4275733) AND (k <= 4275833))

table 2 : explain SELECT k, c FROM sbtest2 WHERE k BETWEEN 4275733 AND 4275833
	Bitmap Heap Scan on sbtest2  (cost=5.52..424.81 rows=106 width=125)
	  Recheck Cond: ((k >= 4275733) AND (k <= 4275833))
	  ->  Bitmap Index Scan on k_2  (cost=0.00..5.50 rows=106 width=0)
	        Index Cond: ((k >= 4275733) AND (k <= 4275833))

table 3 : explain SELECT k, c FROM sbtest3 WHERE k BETWEEN 4275733 AND 4275833
	Bitmap Heap Scan on sbtest3  (cost=5.53..428.75 rows=107 width=125)
	  Recheck Cond: ((k >= 4275733) AND (k <= 4275833))
	  ->  Bitmap Index Scan on k_3  (cost=0.00..5.50 rows=107 width=0)
	        Index Cond: ((k >= 4275733) AND (k <= 4275833))

table 4 : explain SELECT k, c FROM sbtest4 WHERE k BETWEEN 4275733 AND 4275833
	Bitmap Heap Scan on sbtest4  (cost=5.51..420.88 rows=105 width=125)
	  Recheck Cond: ((k >= 4275733) AND (k <= 4275833))
	  ->  Bitmap Index Scan on k_4  (cost=0.00..5.48 rows=105 width=0)
	        Index Cond: ((k >= 4275733) AND (k <= 4275833))

table 5 : explain SELECT k, c FROM sbtest5 WHERE k BETWEEN 4275733 AND 4275833
	Bitmap Heap Scan on sbtest5  (cost=5.42..385.43 rows=96 width=125)
	  Recheck Cond: ((k >= 4275733) AND (k <= 4275833))
	  ->  Bitmap Index Scan on k_5  (cost=0.00..5.39 rows=96 width=0)
	        Index Cond: ((k >= 4275733) AND (k <= 4275833))

table 6 : explain SELECT k, c FROM sbtest6 WHERE k BETWEEN 4275733 AND 4275833
	Bitmap Heap Scan on sbtest6  (cost=5.50..416.94 rows=104 width=125)
	  Recheck Cond: ((k >= 4275733) AND (k <= 4275833))
	  ->  Bitmap Index Scan on k_6  (cost=0.00..5.47 rows=104 width=0)
	        Index Cond: ((k >= 4275733) AND (k <= 4275833))

table 7 : explain SELECT k, c FROM sbtest7 WHERE k BETWEEN 4275733 AND 4275833
	Bitmap Heap Scan on sbtest7  (cost=5.47..405.13 rows=101 width=125)
	  Recheck Cond: ((k >= 4275733) AND (k <= 4275833))
	  ->  Bitmap Index Scan on k_7  (cost=0.00..5.44 rows=101 width=0)
	        Index Cond: ((k >= 4275733) AND (k <= 4275833))

table 8 : explain SELECT k, c FROM sbtest8 WHERE k BETWEEN 4275733 AND 4275833
	Bitmap Heap Scan on sbtest8  (cost=5.54..432.69 rows=108 width=125)
	  Recheck Cond: ((k >= 4275733) AND (k <= 4275833))
	  ->  Bitmap Index Scan on k_8  (cost=0.00..5.51 rows=108 width=0)
	        Index Cond: ((k >= 4275733) AND (k <= 4275833))

explain: for range-notcovered :: explain SELECT k, c FROM sbtest%d WHERE k BETWEEN 1890027 AND 1890127
for range-notcovered
table 1 : explain SELECT k, c FROM sbtest1 WHERE k BETWEEN 1929950 AND 1930050
	Bitmap Heap Scan on sbtest1  (cost=5.41..381.49 rows=95 width=125)
	  Recheck Cond: ((k >= 1929950) AND (k <= 1930050))
	  ->  Bitmap Index Scan on k_1  (cost=0.00..5.38 rows=95 width=0)
	        Index Cond: ((k >= 1929950) AND (k <= 1930050))

table 2 : explain SELECT k, c FROM sbtest2 WHERE k BETWEEN 1929950 AND 1930050
	Bitmap Heap Scan on sbtest2  (cost=5.47..405.13 rows=101 width=125)
	  Recheck Cond: ((k >= 1929950) AND (k <= 1930050))
	  ->  Bitmap Index Scan on k_2  (cost=0.00..5.44 rows=101 width=0)
	        Index Cond: ((k >= 1929950) AND (k <= 1930050))

table 3 : explain SELECT k, c FROM sbtest3 WHERE k BETWEEN 1929950 AND 1930050
	Bitmap Heap Scan on sbtest3  (cost=5.52..424.81 rows=106 width=125)
	  Recheck Cond: ((k >= 1929950) AND (k <= 1930050))
	  ->  Bitmap Index Scan on k_3  (cost=0.00..5.50 rows=106 width=0)
	        Index Cond: ((k >= 1929950) AND (k <= 1930050))

table 4 : explain SELECT k, c FROM sbtest4 WHERE k BETWEEN 1929950 AND 1930050
	Bitmap Heap Scan on sbtest4  (cost=5.46..401.19 rows=100 width=125)
	  Recheck Cond: ((k >= 1929950) AND (k <= 1930050))
	  ->  Bitmap Index Scan on k_4  (cost=0.00..5.43 rows=100 width=0)
	        Index Cond: ((k >= 1929950) AND (k <= 1930050))

table 5 : explain SELECT k, c FROM sbtest5 WHERE k BETWEEN 1929950 AND 1930050
	Bitmap Heap Scan on sbtest5  (cost=5.48..409.07 rows=102 width=125)
	  Recheck Cond: ((k >= 1929950) AND (k <= 1930050))
	  ->  Bitmap Index Scan on k_5  (cost=0.00..5.45 rows=102 width=0)
	        Index Cond: ((k >= 1929950) AND (k <= 1930050))

table 6 : explain SELECT k, c FROM sbtest6 WHERE k BETWEEN 1929950 AND 1930050
	Bitmap Heap Scan on sbtest6  (cost=5.45..397.25 rows=99 width=125)
	  Recheck Cond: ((k >= 1929950) AND (k <= 1930050))
	  ->  Bitmap Index Scan on k_6  (cost=0.00..5.42 rows=99 width=0)
	        Index Cond: ((k >= 1929950) AND (k <= 1930050))

table 7 : explain SELECT k, c FROM sbtest7 WHERE k BETWEEN 1929950 AND 1930050
	Bitmap Heap Scan on sbtest7  (cost=5.48..409.07 rows=102 width=125)
	  Recheck Cond: ((k >= 1929950) AND (k <= 1930050))
	  ->  Bitmap Index Scan on k_7  (cost=0.00..5.45 rows=102 width=0)
	        Index Cond: ((k >= 1929950) AND (k <= 1930050))

table 8 : explain SELECT k, c FROM sbtest8 WHERE k BETWEEN 1929950 AND 1930050
	Bitmap Heap Scan on sbtest8  (cost=5.44..393.31 rows=98 width=125)
	  Recheck Cond: ((k >= 1929950) AND (k <= 1930050))
	  ->  Bitmap Index Scan on k_8  (cost=0.00..5.42 rows=98 width=0)
	        Index Cond: ((k >= 1929950) AND (k <= 1930050))

explain: for range-notcovered :: explain SELECT k, c FROM sbtest%d WHERE k BETWEEN 4275733 AND 4275833
for range-notcovered
table 1 : explain SELECT k, c FROM sbtest1 WHERE k BETWEEN 3166405 AND 3166505
	Bitmap Heap Scan on sbtest1  (cost=5.44..393.31 rows=98 width=125)
	  Recheck Cond: ((k >= 3166405) AND (k <= 3166505))
	  ->  Bitmap Index Scan on k_1  (cost=0.00..5.42 rows=98 width=0)
	        Index Cond: ((k >= 3166405) AND (k <= 3166505))

table 2 : explain SELECT k, c FROM sbtest2 WHERE k BETWEEN 3166405 AND 3166505
	Bitmap Heap Scan on sbtest2  (cost=5.47..405.13 rows=101 width=125)
	  Recheck Cond: ((k >= 3166405) AND (k <= 3166505))
	  ->  Bitmap Index Scan on k_2  (cost=0.00..5.44 rows=101 width=0)
	        Index Cond: ((k >= 3166405) AND (k <= 3166505))

table 3 : explain SELECT k, c FROM sbtest3 WHERE k BETWEEN 3166405 AND 3166505
	Bitmap Heap Scan on sbtest3  (cost=5.51..420.88 rows=105 width=125)
	  Recheck Cond: ((k >= 3166405) AND (k <= 3166505))
	  ->  Bitmap Index Scan on k_3  (cost=0.00..5.48 rows=105 width=0)
	        Index Cond: ((k >= 3166405) AND (k <= 3166505))

table 4 : explain SELECT k, c FROM sbtest4 WHERE k BETWEEN 3166405 AND 3166505
	Bitmap Heap Scan on sbtest4  (cost=5.49..413.00 rows=103 width=125)
	  Recheck Cond: ((k >= 3166405) AND (k <= 3166505))
	  ->  Bitmap Index Scan on k_4  (cost=0.00..5.46 rows=103 width=0)
	        Index Cond: ((k >= 3166405) AND (k <= 3166505))

table 5 : explain SELECT k, c FROM sbtest5 WHERE k BETWEEN 3166405 AND 3166505
	Bitmap Heap Scan on sbtest5  (cost=5.47..405.13 rows=101 width=125)
	  Recheck Cond: ((k >= 3166405) AND (k <= 3166505))
	  ->  Bitmap Index Scan on k_5  (cost=0.00..5.44 rows=101 width=0)
	        Index Cond: ((k >= 3166405) AND (k <= 3166505))

table 6 : explain SELECT k, c FROM sbtest6 WHERE k BETWEEN 3166405 AND 3166505
	Bitmap Heap Scan on sbtest6  (cost=5.48..409.07 rows=102 width=125)
	  Recheck Cond: ((k >= 3166405) AND (k <= 3166505))
	  ->  Bitmap Index Scan on k_6  (cost=0.00..5.45 rows=102 width=0)
	        Index Cond: ((k >= 3166405) AND (k <= 3166505))

table 7 : explain SELECT k, c FROM sbtest7 WHERE k BETWEEN 3166405 AND 3166505
	Bitmap Heap Scan on sbtest7  (cost=5.42..385.43 rows=96 width=125)
	  Recheck Cond: ((k >= 3166405) AND (k <= 3166505))
	  ->  Bitmap Index Scan on k_7  (cost=0.00..5.39 rows=96 width=0)
	        Index Cond: ((k >= 3166405) AND (k <= 3166505))

table 8 : explain SELECT k, c FROM sbtest8 WHERE k BETWEEN 3166405 AND 3166505
	Bitmap Heap Scan on sbtest8  (cost=5.48..409.07 rows=102 width=125)
	  Recheck Cond: ((k >= 3166405) AND (k <= 3166505))
	  ->  Bitmap Index Scan on k_8  (cost=0.00..5.45 rows=102 width=0)
	        Index Cond: ((k >= 3166405) AND (k <= 3166505))

for range-notcovered
table 1 : explain SELECT k, c FROM sbtest1 WHERE k BETWEEN 7147573 AND 7147673
	Bitmap Heap Scan on sbtest1  (cost=5.50..416.94 rows=104 width=125)
	  Recheck Cond: ((k >= 7147573) AND (k <= 7147673))
	  ->  Bitmap Index Scan on k_1  (cost=0.00..5.47 rows=104 width=0)
	        Index Cond: ((k >= 7147573) AND (k <= 7147673))

table 2 : explain SELECT k, c FROM sbtest2 WHERE k BETWEEN 7147573 AND 7147673
	Bitmap Heap Scan on sbtest2  (cost=5.57..444.49 rows=111 width=125)
	  Recheck Cond: ((k >= 7147573) AND (k <= 7147673))
	  ->  Bitmap Index Scan on k_2  (cost=0.00..5.54 rows=111 width=0)
	        Index Cond: ((k >= 7147573) AND (k <= 7147673))

table 3 : explain SELECT k, c FROM sbtest3 WHERE k BETWEEN 7147573 AND 7147673
	Bitmap Heap Scan on sbtest3  (cost=5.47..405.13 rows=101 width=125)
	  Recheck Cond: ((k >= 7147573) AND (k <= 7147673))
	  ->  Bitmap Index Scan on k_3  (cost=0.00..5.44 rows=101 width=0)
	        Index Cond: ((k >= 7147573) AND (k <= 7147673))

table 4 : explain SELECT k, c FROM sbtest4 WHERE k BETWEEN 7147573 AND 7147673
	Bitmap Heap Scan on sbtest4  (cost=5.42..385.43 rows=96 width=125)
	  Recheck Cond: ((k >= 7147573) AND (k <= 7147673))
	  ->  Bitmap Index Scan on k_4  (cost=0.00..5.39 rows=96 width=0)
	        Index Cond: ((k >= 7147573) AND (k <= 7147673))

table 5 : explain SELECT k, c FROM sbtest5 WHERE k BETWEEN 7147573 AND 7147673
	Bitmap Heap Scan on sbtest5  (cost=5.43..389.37 rows=97 width=125)
	  Recheck Cond: ((k >= 7147573) AND (k <= 7147673))
	  ->  Bitmap Index Scan on k_5  (cost=0.00..5.40 rows=97 width=0)
	        Index Cond: ((k >= 7147573) AND (k <= 7147673))

table 6 : explain SELECT k, c FROM sbtest6 WHERE k BETWEEN 7147573 AND 7147673
	Bitmap Heap Scan on sbtest6  (cost=5.46..401.19 rows=100 width=125)
	  Recheck Cond: ((k >= 7147573) AND (k <= 7147673))
	  ->  Bitmap Index Scan on k_6  (cost=0.00..5.43 rows=100 width=0)
	        Index Cond: ((k >= 7147573) AND (k <= 7147673))

table 7 : explain SELECT k, c FROM sbtest7 WHERE k BETWEEN 7147573 AND 7147673
	Bitmap Heap Scan on sbtest7  (cost=5.51..420.88 rows=105 width=125)
	  Recheck Cond: ((k >= 7147573) AND (k <= 7147673))
	  ->  Bitmap Index Scan on k_7  (cost=0.00..5.48 rows=105 width=0)
	        Index Cond: ((k >= 7147573) AND (k <= 7147673))

table 8 : explain SELECT k, c FROM sbtest8 WHERE k BETWEEN 7147573 AND 7147673
	Bitmap Heap Scan on sbtest8  (cost=5.47..405.13 rows=101 width=125)
	  Recheck Cond: ((k >= 7147573) AND (k <= 7147673))
	  ->  Bitmap Index Scan on k_8  (cost=0.00..5.44 rows=101 width=0)
	        Index Cond: ((k >= 7147573) AND (k <= 7147673))

for range-notcovered
table 1 : explain SELECT k, c FROM sbtest1 WHERE k BETWEEN 6533363 AND 6533463
	Bitmap Heap Scan on sbtest1  (cost=5.54..432.69 rows=108 width=125)
	  Recheck Cond: ((k >= 6533363) AND (k <= 6533463))
	  ->  Bitmap Index Scan on k_1  (cost=0.00..5.51 rows=108 width=0)
	        Index Cond: ((k >= 6533363) AND (k <= 6533463))

table 2 : explain SELECT k, c FROM sbtest2 WHERE k BETWEEN 6533363 AND 6533463
	Bitmap Heap Scan on sbtest2  (cost=5.51..420.88 rows=105 width=125)
	  Recheck Cond: ((k >= 6533363) AND (k <= 6533463))
	  ->  Bitmap Index Scan on k_2  (cost=0.00..5.48 rows=105 width=0)
	        Index Cond: ((k >= 6533363) AND (k <= 6533463))

table 3 : explain SELECT k, c FROM sbtest3 WHERE k BETWEEN 6533363 AND 6533463
	Bitmap Heap Scan on sbtest3  (cost=5.51..420.88 rows=105 width=125)
	  Recheck Cond: ((k >= 6533363) AND (k <= 6533463))
	  ->  Bitmap Index Scan on k_3  (cost=0.00..5.48 rows=105 width=0)
	        Index Cond: ((k >= 6533363) AND (k <= 6533463))

table 4 : explain SELECT k, c FROM sbtest4 WHERE k BETWEEN 6533363 AND 6533463
	Bitmap Heap Scan on sbtest4  (cost=5.50..416.94 rows=104 width=125)
	  Recheck Cond: ((k >= 6533363) AND (k <= 6533463))
	  ->  Bitmap Index Scan on k_4  (cost=0.00..5.47 rows=104 width=0)
	        Index Cond: ((k >= 6533363) AND (k <= 6533463))

table 5 : explain SELECT k, c FROM sbtest5 WHERE k BETWEEN 6533363 AND 6533463
	Bitmap Heap Scan on sbtest5  (cost=5.40..377.55 rows=94 width=125)
	  Recheck Cond: ((k >= 6533363) AND (k <= 6533463))
	  ->  Bitmap Index Scan on k_5  (cost=0.00..5.38 rows=94 width=0)
	        Index Cond: ((k >= 6533363) AND (k <= 6533463))

table 6 : explain SELECT k, c FROM sbtest6 WHERE k BETWEEN 6533363 AND 6533463
	Bitmap Heap Scan on sbtest6  (cost=5.57..444.49 rows=111 width=125)
	  Recheck Cond: ((k >= 6533363) AND (k <= 6533463))
	  ->  Bitmap Index Scan on k_6  (cost=0.00..5.54 rows=111 width=0)
	        Index Cond: ((k >= 6533363) AND (k <= 6533463))

table 7 : explain SELECT k, c FROM sbtest7 WHERE k BETWEEN 6533363 AND 6533463
	Bitmap Heap Scan on sbtest7  (cost=5.50..416.94 rows=104 width=125)
	  Recheck Cond: ((k >= 6533363) AND (k <= 6533463))
	  ->  Bitmap Index Scan on k_7  (cost=0.00..5.47 rows=104 width=0)
	        Index Cond: ((k >= 6533363) AND (k <= 6533463))

table 8 : explain SELECT k, c FROM sbtest8 WHERE k BETWEEN 6533363 AND 6533463
	Bitmap Heap Scan on sbtest8  (cost=5.47..405.13 rows=101 width=125)
	  Recheck Cond: ((k >= 6533363) AND (k <= 6533463))
	  ->  Bitmap Index Scan on k_8  (cost=0.00..5.44 rows=101 width=0)
	        Index Cond: ((k >= 6533363) AND (k <= 6533463))

explain: for range-notcovered :: explain SELECT k, c FROM sbtest%d WHERE k BETWEEN 6533363 AND 6533463
for range-notcovered
table 1 : explain SELECT k, c FROM sbtest1 WHERE k BETWEEN 8258491 AND 8258591
	Bitmap Heap Scan on sbtest1  (cost=5.47..405.13 rows=101 width=125)
	  Recheck Cond: ((k >= 8258491) AND (k <= 8258591))
	  ->  Bitmap Index Scan on k_1  (cost=0.00..5.44 rows=101 width=0)
	        Index Cond: ((k >= 8258491) AND (k <= 8258591))

table 2 : explain SELECT k, c FROM sbtest2 WHERE k BETWEEN 8258491 AND 8258591
	Bitmap Heap Scan on sbtest2  (cost=5.43..389.37 rows=97 width=125)
	  Recheck Cond: ((k >= 8258491) AND (k <= 8258591))
	  ->  Bitmap Index Scan on k_2  (cost=0.00..5.40 rows=97 width=0)
	        Index Cond: ((k >= 8258491) AND (k <= 8258591))

table 3 : explain SELECT k, c FROM sbtest3 WHERE k BETWEEN 8258491 AND 8258591
	Bitmap Heap Scan on sbtest3  (cost=5.41..381.49 rows=95 width=125)
	  Recheck Cond: ((k >= 8258491) AND (k <= 8258591))
	  ->  Bitmap Index Scan on k_3  (cost=0.00..5.38 rows=95 width=0)
	        Index Cond: ((k >= 8258491) AND (k <= 8258591))

table 4 : explain SELECT k, c FROM sbtest4 WHERE k BETWEEN 8258491 AND 8258591
	Bitmap Heap Scan on sbtest4  (cost=5.49..413.00 rows=103 width=125)
	  Recheck Cond: ((k >= 8258491) AND (k <= 8258591))
	  ->  Bitmap Index Scan on k_4  (cost=0.00..5.46 rows=103 width=0)
	        Index Cond: ((k >= 8258491) AND (k <= 8258591))

table 5 : explain SELECT k, c FROM sbtest5 WHERE k BETWEEN 8258491 AND 8258591
	Bitmap Heap Scan on sbtest5  (cost=5.44..393.31 rows=98 width=125)
	  Recheck Cond: ((k >= 8258491) AND (k <= 8258591))
	  ->  Bitmap Index Scan on k_5  (cost=0.00..5.42 rows=98 width=0)
	        Index Cond: ((k >= 8258491) AND (k <= 8258591))

table 6 : explain SELECT k, c FROM sbtest6 WHERE k BETWEEN 8258491 AND 8258591
	Bitmap Heap Scan on sbtest6  (cost=5.45..397.25 rows=99 width=125)
	  Recheck Cond: ((k >= 8258491) AND (k <= 8258591))
	  ->  Bitmap Index Scan on k_6  (cost=0.00..5.42 rows=99 width=0)
	        Index Cond: ((k >= 8258491) AND (k <= 8258591))

table 7 : explain SELECT k, c FROM sbtest7 WHERE k BETWEEN 8258491 AND 8258591
	Bitmap Heap Scan on sbtest7  (cost=5.43..389.37 rows=97 width=125)
	  Recheck Cond: ((k >= 8258491) AND (k <= 8258591))
	  ->  Bitmap Index Scan on k_7  (cost=0.00..5.40 rows=97 width=0)
	        Index Cond: ((k >= 8258491) AND (k <= 8258591))

table 8 : explain SELECT k, c FROM sbtest8 WHERE k BETWEEN 8258491 AND 8258591
	Bitmap Heap Scan on sbtest8  (cost=5.50..416.94 rows=104 width=125)
	  Recheck Cond: ((k >= 8258491) AND (k <= 8258591))
	  ->  Bitmap Index Scan on k_8  (cost=0.00..5.47 rows=104 width=0)
	        Index Cond: ((k >= 8258491) AND (k <= 8258591))

for range-notcovered
table 1 : explain SELECT k, c FROM sbtest1 WHERE k BETWEEN 1890027 AND 1890127
	Bitmap Heap Scan on sbtest1  (cost=5.41..381.49 rows=95 width=125)
	  Recheck Cond: ((k >= 1890027) AND (k <= 1890127))
	  ->  Bitmap Index Scan on k_1  (cost=0.00..5.38 rows=95 width=0)
	        Index Cond: ((k >= 1890027) AND (k <= 1890127))

table 2 : explain SELECT k, c FROM sbtest2 WHERE k BETWEEN 1890027 AND 1890127
	Bitmap Heap Scan on sbtest2  (cost=5.53..428.75 rows=107 width=125)
	  Recheck Cond: ((k >= 1890027) AND (k <= 1890127))
	  ->  Bitmap Index Scan on k_2  (cost=0.00..5.50 rows=107 width=0)
	        Index Cond: ((k >= 1890027) AND (k <= 1890127))

table 3 : explain SELECT k, c FROM sbtest3 WHERE k BETWEEN 1890027 AND 1890127
	Bitmap Heap Scan on sbtest3  (cost=5.44..393.31 rows=98 width=125)
	  Recheck Cond: ((k >= 1890027) AND (k <= 1890127))
	  ->  Bitmap Index Scan on k_3  (cost=0.00..5.42 rows=98 width=0)
	        Index Cond: ((k >= 1890027) AND (k <= 1890127))

table 4 : explain SELECT k, c FROM sbtest4 WHERE k BETWEEN 1890027 AND 1890127
	Bitmap Heap Scan on sbtest4  (cost=5.46..401.19 rows=100 width=125)
	  Recheck Cond: ((k >= 1890027) AND (k <= 1890127))
	  ->  Bitmap Index Scan on k_4  (cost=0.00..5.43 rows=100 width=0)
	        Index Cond: ((k >= 1890027) AND (k <= 1890127))

table 5 : explain SELECT k, c FROM sbtest5 WHERE k BETWEEN 1890027 AND 1890127
	Bitmap Heap Scan on sbtest5  (cost=5.53..428.75 rows=107 width=125)
	  Recheck Cond: ((k >= 1890027) AND (k <= 1890127))
	  ->  Bitmap Index Scan on k_5  (cost=0.00..5.50 rows=107 width=0)
	        Index Cond: ((k >= 1890027) AND (k <= 1890127))

table 6 : explain SELECT k, c FROM sbtest6 WHERE k BETWEEN 1890027 AND 1890127
	Bitmap Heap Scan on sbtest6  (cost=5.50..416.94 rows=104 width=125)
	  Recheck Cond: ((k >= 1890027) AND (k <= 1890127))
	  ->  Bitmap Index Scan on k_6  (cost=0.00..5.47 rows=104 width=0)
	        Index Cond: ((k >= 1890027) AND (k <= 1890127))

table 7 : explain SELECT k, c FROM sbtest7 WHERE k BETWEEN 1890027 AND 1890127
	Bitmap Heap Scan on sbtest7  (cost=5.48..409.07 rows=102 width=125)
	  Recheck Cond: ((k >= 1890027) AND (k <= 1890127))
	  ->  Bitmap Index Scan on k_7  (cost=0.00..5.45 rows=102 width=0)
	        Index Cond: ((k >= 1890027) AND (k <= 1890127))

table 8 : explain SELECT k, c FROM sbtest8 WHERE k BETWEEN 1890027 AND 1890127
	Bitmap Heap Scan on sbtest8  (cost=5.44..393.31 rows=98 width=125)
	  Recheck Cond: ((k >= 1890027) AND (k <= 1890127))
	  ->  Bitmap Index Scan on k_8  (cost=0.00..5.42 rows=98 width=0)
	        Index Cond: ((k >= 1890027) AND (k <= 1890127))

for range-notcovered
table 1 : explain SELECT k, c FROM sbtest1 WHERE k BETWEEN 4275733 AND 4275833
	Bitmap Heap Scan on sbtest1  (cost=5.51..420.88 rows=105 width=125)
	  Recheck Cond: ((k >= 4275733) AND (k <= 4275833))
	  ->  Bitmap Index Scan on k_1  (cost=0.00..5.48 rows=105 width=0)
	        Index Cond: ((k >= 4275733) AND (k <= 4275833))

table 2 : explain SELECT k, c FROM sbtest2 WHERE k BETWEEN 4275733 AND 4275833
	Bitmap Heap Scan on sbtest2  (cost=5.52..424.81 rows=106 width=125)
	  Recheck Cond: ((k >= 4275733) AND (k <= 4275833))
	  ->  Bitmap Index Scan on k_2  (cost=0.00..5.50 rows=106 width=0)
	        Index Cond: ((k >= 4275733) AND (k <= 4275833))

table 3 : explain SELECT k, c FROM sbtest3 WHERE k BETWEEN 4275733 AND 4275833
	Bitmap Heap Scan on sbtest3  (cost=5.53..428.75 rows=107 width=125)
	  Recheck Cond: ((k >= 4275733) AND (k <= 4275833))
	  ->  Bitmap Index Scan on k_3  (cost=0.00..5.50 rows=107 width=0)
	        Index Cond: ((k >= 4275733) AND (k <= 4275833))

table 4 : explain SELECT k, c FROM sbtest4 WHERE k BETWEEN 4275733 AND 4275833
	Bitmap Heap Scan on sbtest4  (cost=5.51..420.88 rows=105 width=125)
	  Recheck Cond: ((k >= 4275733) AND (k <= 4275833))
	  ->  Bitmap Index Scan on k_4  (cost=0.00..5.48 rows=105 width=0)
	        Index Cond: ((k >= 4275733) AND (k <= 4275833))

table 5 : explain SELECT k, c FROM sbtest5 WHERE k BETWEEN 4275733 AND 4275833
	Bitmap Heap Scan on sbtest5  (cost=5.42..385.43 rows=96 width=125)
	  Recheck Cond: ((k >= 4275733) AND (k <= 4275833))
	  ->  Bitmap Index Scan on k_5  (cost=0.00..5.39 rows=96 width=0)
	        Index Cond: ((k >= 4275733) AND (k <= 4275833))

table 6 : explain SELECT k, c FROM sbtest6 WHERE k BETWEEN 4275733 AND 4275833
	Bitmap Heap Scan on sbtest6  (cost=5.50..416.94 rows=104 width=125)
	  Recheck Cond: ((k >= 4275733) AND (k <= 4275833))
	  ->  Bitmap Index Scan on k_6  (cost=0.00..5.47 rows=104 width=0)
	        Index Cond: ((k >= 4275733) AND (k <= 4275833))

table 7 : explain SELECT k, c FROM sbtest7 WHERE k BETWEEN 4275733 AND 4275833
	Bitmap Heap Scan on sbtest7  (cost=5.47..405.13 rows=101 width=125)
	  Recheck Cond: ((k >= 4275733) AND (k <= 4275833))
	  ->  Bitmap Index Scan on k_7  (cost=0.00..5.44 rows=101 width=0)
	        Index Cond: ((k >= 4275733) AND (k <= 4275833))

table 8 : explain SELECT k, c FROM sbtest8 WHERE k BETWEEN 4275733 AND 4275833
	Bitmap Heap Scan on sbtest8  (cost=5.54..432.69 rows=108 width=125)
	  Recheck Cond: ((k >= 4275733) AND (k <= 4275833))
	  ->  Bitmap Index Scan on k_8  (cost=0.00..5.51 rows=108 width=0)
	        Index Cond: ((k >= 4275733) AND (k <= 4275833))
explain: for range-notcovered :: explain SELECT k, c FROM sbtest%d WHERE k BETWEEN 4741971 AND 4742071

explain: for range-notcovered :: explain SELECT k, c FROM sbtest%d WHERE k BETWEEN 1929950 AND 1930050
explain: for range-notcovered :: explain SELECT k, c FROM sbtest%d WHERE k BETWEEN 1890027 AND 1890127
for range-notcovered
table 1 : explain SELECT k, c FROM sbtest1 WHERE k BETWEEN 2833974 AND 2834074
	Bitmap Heap Scan on sbtest1  (cost=5.42..385.43 rows=96 width=125)
	  Recheck Cond: ((k >= 2833974) AND (k <= 2834074))
	  ->  Bitmap Index Scan on k_1  (cost=0.00..5.39 rows=96 width=0)
	        Index Cond: ((k >= 2833974) AND (k <= 2834074))

table 2 : explain SELECT k, c FROM sbtest2 WHERE k BETWEEN 2833974 AND 2834074
	Bitmap Heap Scan on sbtest2  (cost=5.55..436.62 rows=109 width=125)
	  Recheck Cond: ((k >= 2833974) AND (k <= 2834074))
	  ->  Bitmap Index Scan on k_2  (cost=0.00..5.52 rows=109 width=0)
	        Index Cond: ((k >= 2833974) AND (k <= 2834074))

table 3 : explain SELECT k, c FROM sbtest3 WHERE k BETWEEN 2833974 AND 2834074
	Bitmap Heap Scan on sbtest3  (cost=5.44..393.31 rows=98 width=125)
	  Recheck Cond: ((k >= 2833974) AND (k <= 2834074))
	  ->  Bitmap Index Scan on k_3  (cost=0.00..5.42 rows=98 width=0)
	        Index Cond: ((k >= 2833974) AND (k <= 2834074))

table 4 : explain SELECT k, c FROM sbtest4 WHERE k BETWEEN 2833974 AND 2834074
	Bitmap Heap Scan on sbtest4  (cost=5.49..413.00 rows=103 width=125)
	  Recheck Cond: ((k >= 2833974) AND (k <= 2834074))
	  ->  Bitmap Index Scan on k_4  (cost=0.00..5.46 rows=103 width=0)
	        Index Cond: ((k >= 2833974) AND (k <= 2834074))

table 5 : explain SELECT k, c FROM sbtest5 WHERE k BETWEEN 2833974 AND 2834074
	Bitmap Heap Scan on sbtest5  (cost=5.48..409.07 rows=102 width=125)
	  Recheck Cond: ((k >= 2833974) AND (k <= 2834074))
	  ->  Bitmap Index Scan on k_5  (cost=0.00..5.45 rows=102 width=0)
	        Index Cond: ((k >= 2833974) AND (k <= 2834074))

table 6 : explain SELECT k, c FROM sbtest6 WHERE k BETWEEN 2833974 AND 2834074
	Bitmap Heap Scan on sbtest6  (cost=5.58..448.42 rows=112 width=125)
	  Recheck Cond: ((k >= 2833974) AND (k <= 2834074))
	  ->  Bitmap Index Scan on k_6  (cost=0.00..5.55 rows=112 width=0)
	        Index Cond: ((k >= 2833974) AND (k <= 2834074))

table 7 : explain SELECT k, c FROM sbtest7 WHERE k BETWEEN 2833974 AND 2834074
	Bitmap Heap Scan on sbtest7  (cost=5.51..420.88 rows=105 width=125)
	  Recheck Cond: ((k >= 2833974) AND (k <= 2834074))
	  ->  Bitmap Index Scan on k_7  (cost=0.00..5.48 rows=105 width=0)
	        Index Cond: ((k >= 2833974) AND (k <= 2834074))

table 8 : explain SELECT k, c FROM sbtest8 WHERE k BETWEEN 2833974 AND 2834074
	Bitmap Heap Scan on sbtest8  (cost=5.44..393.31 rows=98 width=125)
	  Recheck Cond: ((k >= 2833974) AND (k <= 2834074))
	  ->  Bitmap Index Scan on k_8  (cost=0.00..5.42 rows=98 width=0)
	        Index Cond: ((k >= 2833974) AND (k <= 2834074))

for range-notcovered
table 1 : explain SELECT k, c FROM sbtest1 WHERE k BETWEEN 6533363 AND 6533463
	Bitmap Heap Scan on sbtest1  (cost=5.54..432.69 rows=108 width=125)
	  Recheck Cond: ((k >= 6533363) AND (k <= 6533463))
	  ->  Bitmap Index Scan on k_1  (cost=0.00..5.51 rows=108 width=0)
	        Index Cond: ((k >= 6533363) AND (k <= 6533463))

table 2 : explain SELECT k, c FROM sbtest2 WHERE k BETWEEN 6533363 AND 6533463
	Bitmap Heap Scan on sbtest2  (cost=5.51..420.88 rows=105 width=125)
	  Recheck Cond: ((k >= 6533363) AND (k <= 6533463))
	  ->  Bitmap Index Scan on k_2  (cost=0.00..5.48 rows=105 width=0)
	        Index Cond: ((k >= 6533363) AND (k <= 6533463))

table 3 : explain SELECT k, c FROM sbtest3 WHERE k BETWEEN 6533363 AND 6533463
	Bitmap Heap Scan on sbtest3  (cost=5.51..420.88 rows=105 width=125)
	  Recheck Cond: ((k >= 6533363) AND (k <= 6533463))
	  ->  Bitmap Index Scan on k_3  (cost=0.00..5.48 rows=105 width=0)
	        Index Cond: ((k >= 6533363) AND (k <= 6533463))

table 4 : explain SELECT k, c FROM sbtest4 WHERE k BETWEEN 6533363 AND 6533463
	Bitmap Heap Scan on sbtest4  (cost=5.50..416.94 rows=104 width=125)
	  Recheck Cond: ((k >= 6533363) AND (k <= 6533463))
	  ->  Bitmap Index Scan on k_4  (cost=0.00..5.47 rows=104 width=0)
	        Index Cond: ((k >= 6533363) AND (k <= 6533463))

table 5 : explain SELECT k, c FROM sbtest5 WHERE k BETWEEN 6533363 AND 6533463
	Bitmap Heap Scan on sbtest5  (cost=5.40..377.55 rows=94 width=125)
	  Recheck Cond: ((k >= 6533363) AND (k <= 6533463))
	  ->  Bitmap Index Scan on k_5  (cost=0.00..5.38 rows=94 width=0)
	        Index Cond: ((k >= 6533363) AND (k <= 6533463))

table 6 : explain SELECT k, c FROM sbtest6 WHERE k BETWEEN 6533363 AND 6533463
	Bitmap Heap Scan on sbtest6  (cost=5.57..444.49 rows=111 width=125)
	  Recheck Cond: ((k >= 6533363) AND (k <= 6533463))
	  ->  Bitmap Index Scan on k_6  (cost=0.00..5.54 rows=111 width=0)
	        Index Cond: ((k >= 6533363) AND (k <= 6533463))

table 7 : explain SELECT k, c FROM sbtest7 WHERE k BETWEEN 6533363 AND 6533463
	Bitmap Heap Scan on sbtest7  (cost=5.50..416.94 rows=104 width=125)
	  Recheck Cond: ((k >= 6533363) AND (k <= 6533463))
	  ->  Bitmap Index Scan on k_7  (cost=0.00..5.47 rows=104 width=0)
	        Index Cond: ((k >= 6533363) AND (k <= 6533463))

table 8 : explain SELECT k, c FROM sbtest8 WHERE k BETWEEN 6533363 AND 6533463
	Bitmap Heap Scan on sbtest8  (cost=5.47..405.13 rows=101 width=125)
	  Recheck Cond: ((k >= 6533363) AND (k <= 6533463))
	  ->  Bitmap Index Scan on k_8  (cost=0.00..5.44 rows=101 width=0)
	        Index Cond: ((k >= 6533363) AND (k <= 6533463))

explain: for range-notcovered :: explain SELECT k, c FROM sbtest%d WHERE k BETWEEN 5970124 AND 5970224
explain: for range-notcovered :: explain SELECT k, c FROM sbtest%d WHERE k BETWEEN 6533363 AND 6533463
for range-notcovered
table 1 : explain SELECT k, c FROM sbtest1 WHERE k BETWEEN 2410554 AND 2410654
	Bitmap Heap Scan on sbtest1  (cost=5.47..405.13 rows=101 width=125)
	  Recheck Cond: ((k >= 2410554) AND (k <= 2410654))
	  ->  Bitmap Index Scan on k_1  (cost=0.00..5.44 rows=101 width=0)
	        Index Cond: ((k >= 2410554) AND (k <= 2410654))

table 2 : explain SELECT k, c FROM sbtest2 WHERE k BETWEEN 2410554 AND 2410654
	Bitmap Heap Scan on sbtest2  (cost=5.43..389.37 rows=97 width=125)
	  Recheck Cond: ((k >= 2410554) AND (k <= 2410654))
	  ->  Bitmap Index Scan on k_2  (cost=0.00..5.40 rows=97 width=0)
	        Index Cond: ((k >= 2410554) AND (k <= 2410654))

table 3 : explain SELECT k, c FROM sbtest3 WHERE k BETWEEN 2410554 AND 2410654
	Bitmap Heap Scan on sbtest3  (cost=5.45..397.25 rows=99 width=125)
	  Recheck Cond: ((k >= 2410554) AND (k <= 2410654))
	  ->  Bitmap Index Scan on k_3  (cost=0.00..5.42 rows=99 width=0)
	        Index Cond: ((k >= 2410554) AND (k <= 2410654))

table 4 : explain SELECT k, c FROM sbtest4 WHERE k BETWEEN 2410554 AND 2410654
	Bitmap Heap Scan on sbtest4  (cost=5.57..444.49 rows=111 width=125)
	  Recheck Cond: ((k >= 2410554) AND (k <= 2410654))
	  ->  Bitmap Index Scan on k_4  (cost=0.00..5.54 rows=111 width=0)
	        Index Cond: ((k >= 2410554) AND (k <= 2410654))

table 5 : explain SELECT k, c FROM sbtest5 WHERE k BETWEEN 2410554 AND 2410654
	Bitmap Heap Scan on sbtest5  (cost=5.57..444.49 rows=111 width=125)
	  Recheck Cond: ((k >= 2410554) AND (k <= 2410654))
	  ->  Bitmap Index Scan on k_5  (cost=0.00..5.54 rows=111 width=0)
	        Index Cond: ((k >= 2410554) AND (k <= 2410654))

table 6 : explain SELECT k, c FROM sbtest6 WHERE k BETWEEN 2410554 AND 2410654
	Bitmap Heap Scan on sbtest6  (cost=5.51..420.88 rows=105 width=125)
	  Recheck Cond: ((k >= 2410554) AND (k <= 2410654))
	  ->  Bitmap Index Scan on k_6  (cost=0.00..5.48 rows=105 width=0)
	        Index Cond: ((k >= 2410554) AND (k <= 2410654))

table 7 : explain SELECT k, c FROM sbtest7 WHERE k BETWEEN 2410554 AND 2410654
	Bitmap Heap Scan on sbtest7  (cost=5.48..409.07 rows=102 width=125)
	  Recheck Cond: ((k >= 2410554) AND (k <= 2410654))
	  ->  Bitmap Index Scan on k_7  (cost=0.00..5.45 rows=102 width=0)
	        Index Cond: ((k >= 2410554) AND (k <= 2410654))

table 8 : explain SELECT k, c FROM sbtest8 WHERE k BETWEEN 2410554 AND 2410654
	Bitmap Heap Scan on sbtest8  (cost=5.50..416.94 rows=104 width=125)
	  Recheck Cond: ((k >= 2410554) AND (k <= 2410654))
	  ->  Bitmap Index Scan on k_8  (cost=0.00..5.47 rows=104 width=0)
	        Index Cond: ((k >= 2410554) AND (k <= 2410654))

for range-notcovered
table 1 : explain SELECT k, c FROM sbtest1 WHERE k BETWEEN 1890027 AND 1890127
	Bitmap Heap Scan on sbtest1  (cost=5.41..381.49 rows=95 width=125)
	  Recheck Cond: ((k >= 1890027) AND (k <= 1890127))
	  ->  Bitmap Index Scan on k_1  (cost=0.00..5.38 rows=95 width=0)
	        Index Cond: ((k >= 1890027) AND (k <= 1890127))

table 2 : explain SELECT k, c FROM sbtest2 WHERE k BETWEEN 1890027 AND 1890127
	Bitmap Heap Scan on sbtest2  (cost=5.53..428.75 rows=107 width=125)
	  Recheck Cond: ((k >= 1890027) AND (k <= 1890127))
	  ->  Bitmap Index Scan on k_2  (cost=0.00..5.50 rows=107 width=0)
	        Index Cond: ((k >= 1890027) AND (k <= 1890127))

table 3 : explain SELECT k, c FROM sbtest3 WHERE k BETWEEN 1890027 AND 1890127
	Bitmap Heap Scan on sbtest3  (cost=5.44..393.31 rows=98 width=125)
	  Recheck Cond: ((k >= 1890027) AND (k <= 1890127))
	  ->  Bitmap Index Scan on k_3  (cost=0.00..5.42 rows=98 width=0)
	        Index Cond: ((k >= 1890027) AND (k <= 1890127))

table 4 : explain SELECT k, c FROM sbtest4 WHERE k BETWEEN 1890027 AND 1890127
	Bitmap Heap Scan on sbtest4  (cost=5.46..401.19 rows=100 width=125)
	  Recheck Cond: ((k >= 1890027) AND (k <= 1890127))
	  ->  Bitmap Index Scan on k_4  (cost=0.00..5.43 rows=100 width=0)
	        Index Cond: ((k >= 1890027) AND (k <= 1890127))

table 5 : explain SELECT k, c FROM sbtest5 WHERE k BETWEEN 1890027 AND 1890127
	Bitmap Heap Scan on sbtest5  (cost=5.53..428.75 rows=107 width=125)
	  Recheck Cond: ((k >= 1890027) AND (k <= 1890127))
	  ->  Bitmap Index Scan on k_5  (cost=0.00..5.50 rows=107 width=0)
	        Index Cond: ((k >= 1890027) AND (k <= 1890127))

table 6 : explain SELECT k, c FROM sbtest6 WHERE k BETWEEN 1890027 AND 1890127
	Bitmap Heap Scan on sbtest6  (cost=5.50..416.94 rows=104 width=125)
	  Recheck Cond: ((k >= 1890027) AND (k <= 1890127))
	  ->  Bitmap Index Scan on k_6  (cost=0.00..5.47 rows=104 width=0)
	        Index Cond: ((k >= 1890027) AND (k <= 1890127))

table 7 : explain SELECT k, c FROM sbtest7 WHERE k BETWEEN 1890027 AND 1890127
	Bitmap Heap Scan on sbtest7  (cost=5.48..409.07 rows=102 width=125)
	  Recheck Cond: ((k >= 1890027) AND (k <= 1890127))
	  ->  Bitmap Index Scan on k_7  (cost=0.00..5.45 rows=102 width=0)
	        Index Cond: ((k >= 1890027) AND (k <= 1890127))

table 8 : explain SELECT k, c FROM sbtest8 WHERE k BETWEEN 1890027 AND 1890127
	Bitmap Heap Scan on sbtest8  (cost=5.44..393.31 rows=98 width=125)
	  Recheck Cond: ((k >= 1890027) AND (k <= 1890127))
	  ->  Bitmap Index Scan on k_8  (cost=0.00..5.42 rows=98 width=0)
	        Index Cond: ((k >= 1890027) AND (k <= 1890127))

explain: for range-notcovered :: explain SELECT k, c FROM sbtest%d WHERE k BETWEEN 2833974 AND 2834074
for range-notcovered
table 1 : explain SELECT k, c FROM sbtest1 WHERE k BETWEEN 1929950 AND 1930050
	Bitmap Heap Scan on sbtest1  (cost=5.41..381.49 rows=95 width=125)
	  Recheck Cond: ((k >= 1929950) AND (k <= 1930050))
	  ->  Bitmap Index Scan on k_1  (cost=0.00..5.38 rows=95 width=0)
	        Index Cond: ((k >= 1929950) AND (k <= 1930050))

table 2 : explain SELECT k, c FROM sbtest2 WHERE k BETWEEN 1929950 AND 1930050
	Bitmap Heap Scan on sbtest2  (cost=5.47..405.13 rows=101 width=125)
	  Recheck Cond: ((k >= 1929950) AND (k <= 1930050))
	  ->  Bitmap Index Scan on k_2  (cost=0.00..5.44 rows=101 width=0)
	        Index Cond: ((k >= 1929950) AND (k <= 1930050))

table 3 : explain SELECT k, c FROM sbtest3 WHERE k BETWEEN 1929950 AND 1930050
	Bitmap Heap Scan on sbtest3  (cost=5.52..424.81 rows=106 width=125)
	  Recheck Cond: ((k >= 1929950) AND (k <= 1930050))
	  ->  Bitmap Index Scan on k_3  (cost=0.00..5.50 rows=106 width=0)
	        Index Cond: ((k >= 1929950) AND (k <= 1930050))

table 4 : explain SELECT k, c FROM sbtest4 WHERE k BETWEEN 1929950 AND 1930050
	Bitmap Heap Scan on sbtest4  (cost=5.46..401.19 rows=100 width=125)
	  Recheck Cond: ((k >= 1929950) AND (k <= 1930050))
	  ->  Bitmap Index Scan on k_4  (cost=0.00..5.43 rows=100 width=0)
	        Index Cond: ((k >= 1929950) AND (k <= 1930050))

table 5 : explain SELECT k, c FROM sbtest5 WHERE k BETWEEN 1929950 AND 1930050
	Bitmap Heap Scan on sbtest5  (cost=5.48..409.07 rows=102 width=125)
	  Recheck Cond: ((k >= 1929950) AND (k <= 1930050))
	  ->  Bitmap Index Scan on k_5  (cost=0.00..5.45 rows=102 width=0)
	        Index Cond: ((k >= 1929950) AND (k <= 1930050))

table 6 : explain SELECT k, c FROM sbtest6 WHERE k BETWEEN 1929950 AND 1930050
	Bitmap Heap Scan on sbtest6  (cost=5.45..397.25 rows=99 width=125)
	  Recheck Cond: ((k >= 1929950) AND (k <= 1930050))
	  ->  Bitmap Index Scan on k_6  (cost=0.00..5.42 rows=99 width=0)
	        Index Cond: ((k >= 1929950) AND (k <= 1930050))

table 7 : explain SELECT k, c FROM sbtest7 WHERE k BETWEEN 1929950 AND 1930050
	Bitmap Heap Scan on sbtest7  (cost=5.48..409.07 rows=102 width=125)
	  Recheck Cond: ((k >= 1929950) AND (k <= 1930050))
	  ->  Bitmap Index Scan on k_7  (cost=0.00..5.45 rows=102 width=0)
	        Index Cond: ((k >= 1929950) AND (k <= 1930050))

table 8 : explain SELECT k, c FROM sbtest8 WHERE k BETWEEN 1929950 AND 1930050
	Bitmap Heap Scan on sbtest8  (cost=5.44..393.31 rows=98 width=125)
	  Recheck Cond: ((k >= 1929950) AND (k <= 1930050))
	  ->  Bitmap Index Scan on k_8  (cost=0.00..5.42 rows=98 width=0)
	        Index Cond: ((k >= 1929950) AND (k <= 1930050))

explain: for range-notcovered :: explain SELECT k, c FROM sbtest%d WHERE k BETWEEN 2410554 AND 2410654
explain: for range-notcovered :: explain SELECT k, c FROM sbtest%d WHERE k BETWEEN 1929950 AND 1930050
for range-notcovered
table 1 : explain SELECT k, c FROM sbtest1 WHERE k BETWEEN 6533363 AND 6533463
	Bitmap Heap Scan on sbtest1  (cost=5.54..432.69 rows=108 width=125)
	  Recheck Cond: ((k >= 6533363) AND (k <= 6533463))
	  ->  Bitmap Index Scan on k_1  (cost=0.00..5.51 rows=108 width=0)
	        Index Cond: ((k >= 6533363) AND (k <= 6533463))

table 2 : explain SELECT k, c FROM sbtest2 WHERE k BETWEEN 6533363 AND 6533463
	Bitmap Heap Scan on sbtest2  (cost=5.51..420.88 rows=105 width=125)
	  Recheck Cond: ((k >= 6533363) AND (k <= 6533463))
	  ->  Bitmap Index Scan on k_2  (cost=0.00..5.48 rows=105 width=0)
	        Index Cond: ((k >= 6533363) AND (k <= 6533463))

table 3 : explain SELECT k, c FROM sbtest3 WHERE k BETWEEN 6533363 AND 6533463
	Bitmap Heap Scan on sbtest3  (cost=5.51..420.88 rows=105 width=125)
	  Recheck Cond: ((k >= 6533363) AND (k <= 6533463))
	  ->  Bitmap Index Scan on k_3  (cost=0.00..5.48 rows=105 width=0)
	        Index Cond: ((k >= 6533363) AND (k <= 6533463))

table 4 : explain SELECT k, c FROM sbtest4 WHERE k BETWEEN 6533363 AND 6533463
	Bitmap Heap Scan on sbtest4  (cost=5.50..416.94 rows=104 width=125)
	  Recheck Cond: ((k >= 6533363) AND (k <= 6533463))
	  ->  Bitmap Index Scan on k_4  (cost=0.00..5.47 rows=104 width=0)
	        Index Cond: ((k >= 6533363) AND (k <= 6533463))

table 5 : explain SELECT k, c FROM sbtest5 WHERE k BETWEEN 6533363 AND 6533463
	Bitmap Heap Scan on sbtest5  (cost=5.40..377.55 rows=94 width=125)
	  Recheck Cond: ((k >= 6533363) AND (k <= 6533463))
	  ->  Bitmap Index Scan on k_5  (cost=0.00..5.38 rows=94 width=0)
	        Index Cond: ((k >= 6533363) AND (k <= 6533463))

table 6 : explain SELECT k, c FROM sbtest6 WHERE k BETWEEN 6533363 AND 6533463
	Bitmap Heap Scan on sbtest6  (cost=5.57..444.49 rows=111 width=125)
	  Recheck Cond: ((k >= 6533363) AND (k <= 6533463))
	  ->  Bitmap Index Scan on k_6  (cost=0.00..5.54 rows=111 width=0)
	        Index Cond: ((k >= 6533363) AND (k <= 6533463))

table 7 : explain SELECT k, c FROM sbtest7 WHERE k BETWEEN 6533363 AND 6533463
	Bitmap Heap Scan on sbtest7  (cost=5.50..416.94 rows=104 width=125)
	  Recheck Cond: ((k >= 6533363) AND (k <= 6533463))
	  ->  Bitmap Index Scan on k_7  (cost=0.00..5.47 rows=104 width=0)
	        Index Cond: ((k >= 6533363) AND (k <= 6533463))

table 8 : explain SELECT k, c FROM sbtest8 WHERE k BETWEEN 6533363 AND 6533463
	Bitmap Heap Scan on sbtest8  (cost=5.47..405.13 rows=101 width=125)
	  Recheck Cond: ((k >= 6533363) AND (k <= 6533463))
	  ->  Bitmap Index Scan on k_8  (cost=0.00..5.44 rows=101 width=0)
	        Index Cond: ((k >= 6533363) AND (k <= 6533463))

explain: for range-notcovered :: explain SELECT k, c FROM sbtest%d WHERE k BETWEEN 6533363 AND 6533463
for range-notcovered
table 1 : explain SELECT k, c FROM sbtest1 WHERE k BETWEEN 1929950 AND 1930050
	Bitmap Heap Scan on sbtest1  (cost=5.41..381.49 rows=95 width=125)
	  Recheck Cond: ((k >= 1929950) AND (k <= 1930050))
	  ->  Bitmap Index Scan on k_1  (cost=0.00..5.38 rows=95 width=0)
	        Index Cond: ((k >= 1929950) AND (k <= 1930050))

table 2 : explain SELECT k, c FROM sbtest2 WHERE k BETWEEN 1929950 AND 1930050
	Bitmap Heap Scan on sbtest2  (cost=5.47..405.13 rows=101 width=125)
	  Recheck Cond: ((k >= 1929950) AND (k <= 1930050))
	  ->  Bitmap Index Scan on k_2  (cost=0.00..5.44 rows=101 width=0)
	        Index Cond: ((k >= 1929950) AND (k <= 1930050))

table 3 : explain SELECT k, c FROM sbtest3 WHERE k BETWEEN 1929950 AND 1930050
	Bitmap Heap Scan on sbtest3  (cost=5.52..424.81 rows=106 width=125)
	  Recheck Cond: ((k >= 1929950) AND (k <= 1930050))
	  ->  Bitmap Index Scan on k_3  (cost=0.00..5.50 rows=106 width=0)
	        Index Cond: ((k >= 1929950) AND (k <= 1930050))

table 4 : explain SELECT k, c FROM sbtest4 WHERE k BETWEEN 1929950 AND 1930050
	Bitmap Heap Scan on sbtest4  (cost=5.46..401.19 rows=100 width=125)
	  Recheck Cond: ((k >= 1929950) AND (k <= 1930050))
	  ->  Bitmap Index Scan on k_4  (cost=0.00..5.43 rows=100 width=0)
	        Index Cond: ((k >= 1929950) AND (k <= 1930050))

table 5 : explain SELECT k, c FROM sbtest5 WHERE k BETWEEN 1929950 AND 1930050
	Bitmap Heap Scan on sbtest5  (cost=5.48..409.07 rows=102 width=125)
	  Recheck Cond: ((k >= 1929950) AND (k <= 1930050))
	  ->  Bitmap Index Scan on k_5  (cost=0.00..5.45 rows=102 width=0)
	        Index Cond: ((k >= 1929950) AND (k <= 1930050))

table 6 : explain SELECT k, c FROM sbtest6 WHERE k BETWEEN 1929950 AND 1930050
	Bitmap Heap Scan on sbtest6  (cost=5.45..397.25 rows=99 width=125)
	  Recheck Cond: ((k >= 1929950) AND (k <= 1930050))
	  ->  Bitmap Index Scan on k_6  (cost=0.00..5.42 rows=99 width=0)
	        Index Cond: ((k >= 1929950) AND (k <= 1930050))

table 7 : explain SELECT k, c FROM sbtest7 WHERE k BETWEEN 1929950 AND 1930050
	Bitmap Heap Scan on sbtest7  (cost=5.48..409.07 rows=102 width=125)
	  Recheck Cond: ((k >= 1929950) AND (k <= 1930050))
	  ->  Bitmap Index Scan on k_7  (cost=0.00..5.45 rows=102 width=0)
	        Index Cond: ((k >= 1929950) AND (k <= 1930050))

table 8 : explain SELECT k, c FROM sbtest8 WHERE k BETWEEN 1929950 AND 1930050
	Bitmap Heap Scan on sbtest8  (cost=5.44..393.31 rows=98 width=125)
	  Recheck Cond: ((k >= 1929950) AND (k <= 1930050))
	  ->  Bitmap Index Scan on k_8  (cost=0.00..5.42 rows=98 width=0)
	        Index Cond: ((k >= 1929950) AND (k <= 1930050))

explain: for range-notcovered :: explain SELECT k, c FROM sbtest%d WHERE k BETWEEN 1929950 AND 1930050
for range-notcovered
table 1 : explain SELECT k, c FROM sbtest1 WHERE k BETWEEN 6533363 AND 6533463
	Bitmap Heap Scan on sbtest1  (cost=5.54..432.69 rows=108 width=125)
	  Recheck Cond: ((k >= 6533363) AND (k <= 6533463))
	  ->  Bitmap Index Scan on k_1  (cost=0.00..5.51 rows=108 width=0)
	        Index Cond: ((k >= 6533363) AND (k <= 6533463))

table 2 : explain SELECT k, c FROM sbtest2 WHERE k BETWEEN 6533363 AND 6533463
	Bitmap Heap Scan on sbtest2  (cost=5.51..420.88 rows=105 width=125)
	  Recheck Cond: ((k >= 6533363) AND (k <= 6533463))
	  ->  Bitmap Index Scan on k_2  (cost=0.00..5.48 rows=105 width=0)
	        Index Cond: ((k >= 6533363) AND (k <= 6533463))

table 3 : explain SELECT k, c FROM sbtest3 WHERE k BETWEEN 6533363 AND 6533463
	Bitmap Heap Scan on sbtest3  (cost=5.51..420.88 rows=105 width=125)
	  Recheck Cond: ((k >= 6533363) AND (k <= 6533463))
	  ->  Bitmap Index Scan on k_3  (cost=0.00..5.48 rows=105 width=0)
	        Index Cond: ((k >= 6533363) AND (k <= 6533463))

table 4 : explain SELECT k, c FROM sbtest4 WHERE k BETWEEN 6533363 AND 6533463
	Bitmap Heap Scan on sbtest4  (cost=5.50..416.94 rows=104 width=125)
	  Recheck Cond: ((k >= 6533363) AND (k <= 6533463))
	  ->  Bitmap Index Scan on k_4  (cost=0.00..5.47 rows=104 width=0)
	        Index Cond: ((k >= 6533363) AND (k <= 6533463))

table 5 : explain SELECT k, c FROM sbtest5 WHERE k BETWEEN 6533363 AND 6533463
	Bitmap Heap Scan on sbtest5  (cost=5.40..377.55 rows=94 width=125)
	  Recheck Cond: ((k >= 6533363) AND (k <= 6533463))
	  ->  Bitmap Index Scan on k_5  (cost=0.00..5.38 rows=94 width=0)
	        Index Cond: ((k >= 6533363) AND (k <= 6533463))

table 6 : explain SELECT k, c FROM sbtest6 WHERE k BETWEEN 6533363 AND 6533463
	Bitmap Heap Scan on sbtest6  (cost=5.57..444.49 rows=111 width=125)
	  Recheck Cond: ((k >= 6533363) AND (k <= 6533463))
	  ->  Bitmap Index Scan on k_6  (cost=0.00..5.54 rows=111 width=0)
	        Index Cond: ((k >= 6533363) AND (k <= 6533463))

table 7 : explain SELECT k, c FROM sbtest7 WHERE k BETWEEN 6533363 AND 6533463
	Bitmap Heap Scan on sbtest7  (cost=5.50..416.94 rows=104 width=125)
	  Recheck Cond: ((k >= 6533363) AND (k <= 6533463))
	  ->  Bitmap Index Scan on k_7  (cost=0.00..5.47 rows=104 width=0)
	        Index Cond: ((k >= 6533363) AND (k <= 6533463))

table 8 : explain SELECT k, c FROM sbtest8 WHERE k BETWEEN 6533363 AND 6533463
	Bitmap Heap Scan on sbtest8  (cost=5.47..405.13 rows=101 width=125)
	  Recheck Cond: ((k >= 6533363) AND (k <= 6533463))
	  ->  Bitmap Index Scan on k_8  (cost=0.00..5.44 rows=101 width=0)
	        Index Cond: ((k >= 6533363) AND (k <= 6533463))

for range-notcovered
table 1 : explain SELECT k, c FROM sbtest1 WHERE k BETWEEN 5232385 AND 5232485
	Bitmap Heap Scan on sbtest1  (cost=5.49..413.00 rows=103 width=125)
	  Recheck Cond: ((k >= 5232385) AND (k <= 5232485))
	  ->  Bitmap Index Scan on k_1  (cost=0.00..5.46 rows=103 width=0)
	        Index Cond: ((k >= 5232385) AND (k <= 5232485))

table 2 : explain SELECT k, c FROM sbtest2 WHERE k BETWEEN 5232385 AND 5232485
	Bitmap Heap Scan on sbtest2  (cost=5.49..413.00 rows=103 width=125)
	  Recheck Cond: ((k >= 5232385) AND (k <= 5232485))
	  ->  Bitmap Index Scan on k_2  (cost=0.00..5.46 rows=103 width=0)
	        Index Cond: ((k >= 5232385) AND (k <= 5232485))

table 3 : explain SELECT k, c FROM sbtest3 WHERE k BETWEEN 5232385 AND 5232485
	Bitmap Heap Scan on sbtest3  (cost=5.47..405.13 rows=101 width=125)
	  Recheck Cond: ((k >= 5232385) AND (k <= 5232485))
	  ->  Bitmap Index Scan on k_3  (cost=0.00..5.44 rows=101 width=0)
	        Index Cond: ((k >= 5232385) AND (k <= 5232485))

table 4 : explain SELECT k, c FROM sbtest4 WHERE k BETWEEN 5232385 AND 5232485
	Bitmap Heap Scan on sbtest4  (cost=5.47..405.13 rows=101 width=125)
	  Recheck Cond: ((k >= 5232385) AND (k <= 5232485))
	  ->  Bitmap Index Scan on k_4  (cost=0.00..5.44 rows=101 width=0)
	        Index Cond: ((k >= 5232385) AND (k <= 5232485))

table 5 : explain SELECT k, c FROM sbtest5 WHERE k BETWEEN 5232385 AND 5232485
	Bitmap Heap Scan on sbtest5  (cost=5.50..416.94 rows=104 width=125)
	  Recheck Cond: ((k >= 5232385) AND (k <= 5232485))
	  ->  Bitmap Index Scan on k_5  (cost=0.00..5.47 rows=104 width=0)
	        Index Cond: ((k >= 5232385) AND (k <= 5232485))

table 6 : explain SELECT k, c FROM sbtest6 WHERE k BETWEEN 5232385 AND 5232485
	Bitmap Heap Scan on sbtest6  (cost=5.40..377.55 rows=94 width=125)
	  Recheck Cond: ((k >= 5232385) AND (k <= 5232485))
	  ->  Bitmap Index Scan on k_6  (cost=0.00..5.38 rows=94 width=0)
	        Index Cond: ((k >= 5232385) AND (k <= 5232485))

table 7 : explain SELECT k, c FROM sbtest7 WHERE k BETWEEN 5232385 AND 5232485
	Bitmap Heap Scan on sbtest7  (cost=5.42..385.43 rows=96 width=125)
	  Recheck Cond: ((k >= 5232385) AND (k <= 5232485))
	  ->  Bitmap Index Scan on k_7  (cost=0.00..5.39 rows=96 width=0)
	        Index Cond: ((k >= 5232385) AND (k <= 5232485))

table 8 : explain SELECT k, c FROM sbtest8 WHERE k BETWEEN 5232385 AND 5232485
	Bitmap Heap Scan on sbtest8  (cost=5.46..401.19 rows=100 width=125)
	  Recheck Cond: ((k >= 5232385) AND (k <= 5232485))
	  ->  Bitmap Index Scan on k_8  (cost=0.00..5.43 rows=100 width=0)
	        Index Cond: ((k >= 5232385) AND (k <= 5232485))

explain: for range-notcovered :: explain SELECT k, c FROM sbtest%d WHERE k BETWEEN 6533363 AND 6533463
for range-notcovered
table 1 : explain SELECT k, c FROM sbtest1 WHERE k BETWEEN 2833974 AND 2834074
	Bitmap Heap Scan on sbtest1  (cost=5.42..385.43 rows=96 width=125)
	  Recheck Cond: ((k >= 2833974) AND (k <= 2834074))
	  ->  Bitmap Index Scan on k_1  (cost=0.00..5.39 rows=96 width=0)
	        Index Cond: ((k >= 2833974) AND (k <= 2834074))

table 2 : explain SELECT k, c FROM sbtest2 WHERE k BETWEEN 2833974 AND 2834074
	Bitmap Heap Scan on sbtest2  (cost=5.55..436.62 rows=109 width=125)
	  Recheck Cond: ((k >= 2833974) AND (k <= 2834074))
	  ->  Bitmap Index Scan on k_2  (cost=0.00..5.52 rows=109 width=0)
	        Index Cond: ((k >= 2833974) AND (k <= 2834074))

table 3 : explain SELECT k, c FROM sbtest3 WHERE k BETWEEN 2833974 AND 2834074
	Bitmap Heap Scan on sbtest3  (cost=5.44..393.31 rows=98 width=125)
	  Recheck Cond: ((k >= 2833974) AND (k <= 2834074))
	  ->  Bitmap Index Scan on k_3  (cost=0.00..5.42 rows=98 width=0)
	        Index Cond: ((k >= 2833974) AND (k <= 2834074))

table 4 : explain SELECT k, c FROM sbtest4 WHERE k BETWEEN 2833974 AND 2834074
	Bitmap Heap Scan on sbtest4  (cost=5.49..413.00 rows=103 width=125)
	  Recheck Cond: ((k >= 2833974) AND (k <= 2834074))
	  ->  Bitmap Index Scan on k_4  (cost=0.00..5.46 rows=103 width=0)
	        Index Cond: ((k >= 2833974) AND (k <= 2834074))

table 5 : explain SELECT k, c FROM sbtest5 WHERE k BETWEEN 2833974 AND 2834074
	Bitmap Heap Scan on sbtest5  (cost=5.48..409.07 rows=102 width=125)
	  Recheck Cond: ((k >= 2833974) AND (k <= 2834074))
	  ->  Bitmap Index Scan on k_5  (cost=0.00..5.45 rows=102 width=0)
	        Index Cond: ((k >= 2833974) AND (k <= 2834074))

table 6 : explain SELECT k, c FROM sbtest6 WHERE k BETWEEN 2833974 AND 2834074
	Bitmap Heap Scan on sbtest6  (cost=5.58..448.42 rows=112 width=125)
	  Recheck Cond: ((k >= 2833974) AND (k <= 2834074))
	  ->  Bitmap Index Scan on k_6  (cost=0.00..5.55 rows=112 width=0)
	        Index Cond: ((k >= 2833974) AND (k <= 2834074))

table 7 : explain SELECT k, c FROM sbtest7 WHERE k BETWEEN 2833974 AND 2834074
	Bitmap Heap Scan on sbtest7  (cost=5.51..420.88 rows=105 width=125)
	  Recheck Cond: ((k >= 2833974) AND (k <= 2834074))
	  ->  Bitmap Index Scan on k_7  (cost=0.00..5.48 rows=105 width=0)
	        Index Cond: ((k >= 2833974) AND (k <= 2834074))

table 8 : explain SELECT k, c FROM sbtest8 WHERE k BETWEEN 2833974 AND 2834074
	Bitmap Heap Scan on sbtest8  (cost=5.44..393.31 rows=98 width=125)
	  Recheck Cond: ((k >= 2833974) AND (k <= 2834074))
	  ->  Bitmap Index Scan on k_8  (cost=0.00..5.42 rows=98 width=0)
	        Index Cond: ((k >= 2833974) AND (k <= 2834074))

explain: for range-notcovered :: explain SELECT k, c FROM sbtest%d WHERE k BETWEEN 5232385 AND 5232485
for range-notcovered
table 1 : explain SELECT k, c FROM sbtest1 WHERE k BETWEEN 2410554 AND 2410654
	Bitmap Heap Scan on sbtest1  (cost=5.47..405.13 rows=101 width=125)
	  Recheck Cond: ((k >= 2410554) AND (k <= 2410654))
	  ->  Bitmap Index Scan on k_1  (cost=0.00..5.44 rows=101 width=0)
	        Index Cond: ((k >= 2410554) AND (k <= 2410654))

table 2 : explain SELECT k, c FROM sbtest2 WHERE k BETWEEN 2410554 AND 2410654
	Bitmap Heap Scan on sbtest2  (cost=5.43..389.37 rows=97 width=125)
	  Recheck Cond: ((k >= 2410554) AND (k <= 2410654))
	  ->  Bitmap Index Scan on k_2  (cost=0.00..5.40 rows=97 width=0)
	        Index Cond: ((k >= 2410554) AND (k <= 2410654))

table 3 : explain SELECT k, c FROM sbtest3 WHERE k BETWEEN 2410554 AND 2410654
	Bitmap Heap Scan on sbtest3  (cost=5.45..397.25 rows=99 width=125)
	  Recheck Cond: ((k >= 2410554) AND (k <= 2410654))
	  ->  Bitmap Index Scan on k_3  (cost=0.00..5.42 rows=99 width=0)
	        Index Cond: ((k >= 2410554) AND (k <= 2410654))

table 4 : explain SELECT k, c FROM sbtest4 WHERE k BETWEEN 2410554 AND 2410654
	Bitmap Heap Scan on sbtest4  (cost=5.57..444.49 rows=111 width=125)
	  Recheck Cond: ((k >= 2410554) AND (k <= 2410654))
	  ->  Bitmap Index Scan on k_4  (cost=0.00..5.54 rows=111 width=0)
	        Index Cond: ((k >= 2410554) AND (k <= 2410654))

table 5 : explain SELECT k, c FROM sbtest5 WHERE k BETWEEN 2410554 AND 2410654
	Bitmap Heap Scan on sbtest5  (cost=5.57..444.49 rows=111 width=125)
	  Recheck Cond: ((k >= 2410554) AND (k <= 2410654))
	  ->  Bitmap Index Scan on k_5  (cost=0.00..5.54 rows=111 width=0)
	        Index Cond: ((k >= 2410554) AND (k <= 2410654))

table 6 : explain SELECT k, c FROM sbtest6 WHERE k BETWEEN 2410554 AND 2410654
	Bitmap Heap Scan on sbtest6  (cost=5.51..420.88 rows=105 width=125)
	  Recheck Cond: ((k >= 2410554) AND (k <= 2410654))
	  ->  Bitmap Index Scan on k_6  (cost=0.00..5.48 rows=105 width=0)
	        Index Cond: ((k >= 2410554) AND (k <= 2410654))

table 7 : explain SELECT k, c FROM sbtest7 WHERE k BETWEEN 2410554 AND 2410654
	Bitmap Heap Scan on sbtest7  (cost=5.48..409.07 rows=102 width=125)
	  Recheck Cond: ((k >= 2410554) AND (k <= 2410654))
	  ->  Bitmap Index Scan on k_7  (cost=0.00..5.45 rows=102 width=0)
	        Index Cond: ((k >= 2410554) AND (k <= 2410654))

table 8 : explain SELECT k, c FROM sbtest8 WHERE k BETWEEN 2410554 AND 2410654
	Bitmap Heap Scan on sbtest8  (cost=5.50..416.94 rows=104 width=125)
	  Recheck Cond: ((k >= 2410554) AND (k <= 2410654))
	  ->  Bitmap Index Scan on k_8  (cost=0.00..5.47 rows=104 width=0)
	        Index Cond: ((k >= 2410554) AND (k <= 2410654))

for range-notcovered
table 1 : explain SELECT k, c FROM sbtest1 WHERE k BETWEEN 1929950 AND 1930050
	Bitmap Heap Scan on sbtest1  (cost=5.41..381.49 rows=95 width=125)
	  Recheck Cond: ((k >= 1929950) AND (k <= 1930050))
	  ->  Bitmap Index Scan on k_1  (cost=0.00..5.38 rows=95 width=0)
	        Index Cond: ((k >= 1929950) AND (k <= 1930050))

table 2 : explain SELECT k, c FROM sbtest2 WHERE k BETWEEN 1929950 AND 1930050
	Bitmap Heap Scan on sbtest2  (cost=5.47..405.13 rows=101 width=125)
	  Recheck Cond: ((k >= 1929950) AND (k <= 1930050))
	  ->  Bitmap Index Scan on k_2  (cost=0.00..5.44 rows=101 width=0)
	        Index Cond: ((k >= 1929950) AND (k <= 1930050))

table 3 : explain SELECT k, c FROM sbtest3 WHERE k BETWEEN 1929950 AND 1930050
	Bitmap Heap Scan on sbtest3  (cost=5.52..424.81 rows=106 width=125)
	  Recheck Cond: ((k >= 1929950) AND (k <= 1930050))
	  ->  Bitmap Index Scan on k_3  (cost=0.00..5.50 rows=106 width=0)
	        Index Cond: ((k >= 1929950) AND (k <= 1930050))

table 4 : explain SELECT k, c FROM sbtest4 WHERE k BETWEEN 1929950 AND 1930050
	Bitmap Heap Scan on sbtest4  (cost=5.46..401.19 rows=100 width=125)
	  Recheck Cond: ((k >= 1929950) AND (k <= 1930050))
	  ->  Bitmap Index Scan on k_4  (cost=0.00..5.43 rows=100 width=0)
	        Index Cond: ((k >= 1929950) AND (k <= 1930050))

table 5 : explain SELECT k, c FROM sbtest5 WHERE k BETWEEN 1929950 AND 1930050
	Bitmap Heap Scan on sbtest5  (cost=5.48..409.07 rows=102 width=125)
	  Recheck Cond: ((k >= 1929950) AND (k <= 1930050))
	  ->  Bitmap Index Scan on k_5  (cost=0.00..5.45 rows=102 width=0)
	        Index Cond: ((k >= 1929950) AND (k <= 1930050))

table 6 : explain SELECT k, c FROM sbtest6 WHERE k BETWEEN 1929950 AND 1930050
	Bitmap Heap Scan on sbtest6  (cost=5.45..397.25 rows=99 width=125)
	  Recheck Cond: ((k >= 1929950) AND (k <= 1930050))
	  ->  Bitmap Index Scan on k_6  (cost=0.00..5.42 rows=99 width=0)
	        Index Cond: ((k >= 1929950) AND (k <= 1930050))

table 7 : explain SELECT k, c FROM sbtest7 WHERE k BETWEEN 1929950 AND 1930050
	Bitmap Heap Scan on sbtest7  (cost=5.48..409.07 rows=102 width=125)
	  Recheck Cond: ((k >= 1929950) AND (k <= 1930050))
	  ->  Bitmap Index Scan on k_7  (cost=0.00..5.45 rows=102 width=0)
	        Index Cond: ((k >= 1929950) AND (k <= 1930050))

table 8 : explain SELECT k, c FROM sbtest8 WHERE k BETWEEN 1929950 AND 1930050
	Bitmap Heap Scan on sbtest8  (cost=5.44..393.31 rows=98 width=125)
	  Recheck Cond: ((k >= 1929950) AND (k <= 1930050))
	  ->  Bitmap Index Scan on k_8  (cost=0.00..5.42 rows=98 width=0)
	        Index Cond: ((k >= 1929950) AND (k <= 1930050))

explain: for range-notcovered :: explain SELECT k, c FROM sbtest%d WHERE k BETWEEN 2410554 AND 2410654
explain: for range-notcovered :: explain SELECT k, c FROM sbtest%d WHERE k BETWEEN 1929950 AND 1930050
for range-notcovered
table 1 : explain SELECT k, c FROM sbtest1 WHERE k BETWEEN 5232385 AND 5232485
	Bitmap Heap Scan on sbtest1  (cost=5.49..413.00 rows=103 width=125)
	  Recheck Cond: ((k >= 5232385) AND (k <= 5232485))
	  ->  Bitmap Index Scan on k_1  (cost=0.00..5.46 rows=103 width=0)
	        Index Cond: ((k >= 5232385) AND (k <= 5232485))

table 2 : explain SELECT k, c FROM sbtest2 WHERE k BETWEEN 5232385 AND 5232485
	Bitmap Heap Scan on sbtest2  (cost=5.49..413.00 rows=103 width=125)
	  Recheck Cond: ((k >= 5232385) AND (k <= 5232485))
	  ->  Bitmap Index Scan on k_2  (cost=0.00..5.46 rows=103 width=0)
	        Index Cond: ((k >= 5232385) AND (k <= 5232485))

table 3 : explain SELECT k, c FROM sbtest3 WHERE k BETWEEN 5232385 AND 5232485
	Bitmap Heap Scan on sbtest3  (cost=5.47..405.13 rows=101 width=125)
	  Recheck Cond: ((k >= 5232385) AND (k <= 5232485))
	  ->  Bitmap Index Scan on k_3  (cost=0.00..5.44 rows=101 width=0)
	        Index Cond: ((k >= 5232385) AND (k <= 5232485))

table 4 : explain SELECT k, c FROM sbtest4 WHERE k BETWEEN 5232385 AND 5232485
	Bitmap Heap Scan on sbtest4  (cost=5.47..405.13 rows=101 width=125)
	  Recheck Cond: ((k >= 5232385) AND (k <= 5232485))
	  ->  Bitmap Index Scan on k_4  (cost=0.00..5.44 rows=101 width=0)
	        Index Cond: ((k >= 5232385) AND (k <= 5232485))

table 5 : explain SELECT k, c FROM sbtest5 WHERE k BETWEEN 5232385 AND 5232485
	Bitmap Heap Scan on sbtest5  (cost=5.50..416.94 rows=104 width=125)
	  Recheck Cond: ((k >= 5232385) AND (k <= 5232485))
	  ->  Bitmap Index Scan on k_5  (cost=0.00..5.47 rows=104 width=0)
	        Index Cond: ((k >= 5232385) AND (k <= 5232485))

table 6 : explain SELECT k, c FROM sbtest6 WHERE k BETWEEN 5232385 AND 5232485
	Bitmap Heap Scan on sbtest6  (cost=5.40..377.55 rows=94 width=125)
	  Recheck Cond: ((k >= 5232385) AND (k <= 5232485))
	  ->  Bitmap Index Scan on k_6  (cost=0.00..5.38 rows=94 width=0)
	        Index Cond: ((k >= 5232385) AND (k <= 5232485))

table 7 : explain SELECT k, c FROM sbtest7 WHERE k BETWEEN 5232385 AND 5232485
	Bitmap Heap Scan on sbtest7  (cost=5.42..385.43 rows=96 width=125)
	  Recheck Cond: ((k >= 5232385) AND (k <= 5232485))
	  ->  Bitmap Index Scan on k_7  (cost=0.00..5.39 rows=96 width=0)
	        Index Cond: ((k >= 5232385) AND (k <= 5232485))

table 8 : explain SELECT k, c FROM sbtest8 WHERE k BETWEEN 5232385 AND 5232485
	Bitmap Heap Scan on sbtest8  (cost=5.46..401.19 rows=100 width=125)
	  Recheck Cond: ((k >= 5232385) AND (k <= 5232485))
	  ->  Bitmap Index Scan on k_8  (cost=0.00..5.43 rows=100 width=0)
	        Index Cond: ((k >= 5232385) AND (k <= 5232485))
for range-notcovered
table 1 : explain SELECT k, c FROM sbtest1 WHERE k BETWEEN 6533363 AND 6533463
	Bitmap Heap Scan on sbtest1  (cost=5.54..432.69 rows=108 width=125)
	  Recheck Cond: ((k >= 6533363) AND (k <= 6533463))
	  ->  Bitmap Index Scan on k_1  (cost=0.00..5.51 rows=108 width=0)
	        Index Cond: ((k >= 6533363) AND (k <= 6533463))

table 2 : explain SELECT k, c FROM sbtest2 WHERE k BETWEEN 6533363 AND 6533463
	Bitmap Heap Scan on sbtest2  (cost=5.51..420.88 rows=105 width=125)
	  Recheck Cond: ((k >= 6533363) AND (k <= 6533463))
	  ->  Bitmap Index Scan on k_2  (cost=0.00..5.48 rows=105 width=0)
	        Index Cond: ((k >= 6533363) AND (k <= 6533463))

table 3 : explain SELECT k, c FROM sbtest3 WHERE k BETWEEN 6533363 AND 6533463
	Bitmap Heap Scan on sbtest3  (cost=5.51..420.88 rows=105 width=125)
	  Recheck Cond: ((k >= 6533363) AND (k <= 6533463))
	  ->  Bitmap Index Scan on k_3  (cost=0.00..5.48 rows=105 width=0)
	        Index Cond: ((k >= 6533363) AND (k <= 6533463))

table 4 : explain SELECT k, c FROM sbtest4 WHERE k BETWEEN 6533363 AND 6533463
	Bitmap Heap Scan on sbtest4  (cost=5.50..416.94 rows=104 width=125)
	  Recheck Cond: ((k >= 6533363) AND (k <= 6533463))
	  ->  Bitmap Index Scan on k_4  (cost=0.00..5.47 rows=104 width=0)
	        Index Cond: ((k >= 6533363) AND (k <= 6533463))

table 5 : explain SELECT k, c FROM sbtest5 WHERE k BETWEEN 6533363 AND 6533463
	Bitmap Heap Scan on sbtest5  (cost=5.40..377.55 rows=94 width=125)
	  Recheck Cond: ((k >= 6533363) AND (k <= 6533463))
	  ->  Bitmap Index Scan on k_5  (cost=0.00..5.38 rows=94 width=0)
	        Index Cond: ((k >= 6533363) AND (k <= 6533463))

table 6 : explain SELECT k, c FROM sbtest6 WHERE k BETWEEN 6533363 AND 6533463
	Bitmap Heap Scan on sbtest6  (cost=5.57..444.49 rows=111 width=125)
	  Recheck Cond: ((k >= 6533363) AND (k <= 6533463))
	  ->  Bitmap Index Scan on k_6  (cost=0.00..5.54 rows=111 width=0)
	        Index Cond: ((k >= 6533363) AND (k <= 6533463))

table 7 : explain SELECT k, c FROM sbtest7 WHERE k BETWEEN 6533363 AND 6533463
	Bitmap Heap Scan on sbtest7  (cost=5.50..416.94 rows=104 width=125)
	  Recheck Cond: ((k >= 6533363) AND (k <= 6533463))
	  ->  Bitmap Index Scan on k_7  (cost=0.00..5.47 rows=104 width=0)
	        Index Cond: ((k >= 6533363) AND (k <= 6533463))

table 8 : explain SELECT k, c FROM sbtest8 WHERE k BETWEEN 6533363 AND 6533463
	Bitmap Heap Scan on sbtest8  (cost=5.47..405.13 rows=101 width=125)
	  Recheck Cond: ((k >= 6533363) AND (k <= 6533463))
	  ->  Bitmap Index Scan on k_8  (cost=0.00..5.44 rows=101 width=0)
	        Index Cond: ((k >= 6533363) AND (k <= 6533463))

for range-notcovered
table 1 : explain SELECT k, c FROM sbtest1 WHERE k BETWEEN 4741971 AND 4742071
	Bitmap Heap Scan on sbtest1  (cost=5.50..416.94 rows=104 width=125)
	  Recheck Cond: ((k >= 4741971) AND (k <= 4742071))
	  ->  Bitmap Index Scan on k_1  (cost=0.00..5.47 rows=104 width=0)
	        Index Cond: ((k >= 4741971) AND (k <= 4742071))

table 2 : explain SELECT k, c FROM sbtest2 WHERE k BETWEEN 4741971 AND 4742071
	Bitmap Heap Scan on sbtest2  (cost=5.55..436.62 rows=109 width=125)
	  Recheck Cond: ((k >= 4741971) AND (k <= 4742071))
	  ->  Bitmap Index Scan on k_2  (cost=0.00..5.52 rows=109 width=0)
	        Index Cond: ((k >= 4741971) AND (k <= 4742071))

table 3 : explain SELECT k, c FROM sbtest3 WHERE k BETWEEN 4741971 AND 4742071
	Bitmap Heap Scan on sbtest3  (cost=5.53..428.75 rows=107 width=125)
	  Recheck Cond: ((k >= 4741971) AND (k <= 4742071))
	  ->  Bitmap Index Scan on k_3  (cost=0.00..5.50 rows=107 width=0)
	        Index Cond: ((k >= 4741971) AND (k <= 4742071))

table 4 : explain SELECT k, c FROM sbtest4 WHERE k BETWEEN 4741971 AND 4742071
	Bitmap Heap Scan on sbtest4  (cost=5.43..389.37 rows=97 width=125)
	  Recheck Cond: ((k >= 4741971) AND (k <= 4742071))
	  ->  Bitmap Index Scan on k_4  (cost=0.00..5.40 rows=97 width=0)
	        Index Cond: ((k >= 4741971) AND (k <= 4742071))

table 5 : explain SELECT k, c FROM sbtest5 WHERE k BETWEEN 4741971 AND 4742071
	Bitmap Heap Scan on sbtest5  (cost=5.52..424.81 rows=106 width=125)
	  Recheck Cond: ((k >= 4741971) AND (k <= 4742071))
	  ->  Bitmap Index Scan on k_5  (cost=0.00..5.50 rows=106 width=0)
	        Index Cond: ((k >= 4741971) AND (k <= 4742071))

table 6 : explain SELECT k, c FROM sbtest6 WHERE k BETWEEN 4741971 AND 4742071
	Bitmap Heap Scan on sbtest6  (cost=5.48..409.07 rows=102 width=125)
	  Recheck Cond: ((k >= 4741971) AND (k <= 4742071))
	  ->  Bitmap Index Scan on k_6  (cost=0.00..5.45 rows=102 width=0)
	        Index Cond: ((k >= 4741971) AND (k <= 4742071))

table 7 : explain SELECT k, c FROM sbtest7 WHERE k BETWEEN 4741971 AND 4742071
	Bitmap Heap Scan on sbtest7  (cost=5.38..369.67 rows=92 width=125)
	  Recheck Cond: ((k >= 4741971) AND (k <= 4742071))
	  ->  Bitmap Index Scan on k_7  (cost=0.00..5.35 rows=92 width=0)
	        Index Cond: ((k >= 4741971) AND (k <= 4742071))

table 8 : explain SELECT k, c FROM sbtest8 WHERE k BETWEEN 4741971 AND 4742071
	Bitmap Heap Scan on sbtest8  (cost=5.39..373.61 rows=93 width=125)
	  Recheck Cond: ((k >= 4741971) AND (k <= 4742071))
	  ->  Bitmap Index Scan on k_8  (cost=0.00..5.36 rows=93 width=0)
	        Index Cond: ((k >= 4741971) AND (k <= 4742071))


for range-notcovered
table 1 : explain SELECT k, c FROM sbtest1 WHERE k BETWEEN 1929950 AND 1930050
	Bitmap Heap Scan on sbtest1  (cost=5.41..381.49 rows=95 width=125)
	  Recheck Cond: ((k >= 1929950) AND (k <= 1930050))
	  ->  Bitmap Index Scan on k_1  (cost=0.00..5.38 rows=95 width=0)
	        Index Cond: ((k >= 1929950) AND (k <= 1930050))

table 2 : explain SELECT k, c FROM sbtest2 WHERE k BETWEEN 1929950 AND 1930050
	Bitmap Heap Scan on sbtest2  (cost=5.47..405.13 rows=101 width=125)
	  Recheck Cond: ((k >= 1929950) AND (k <= 1930050))
	  ->  Bitmap Index Scan on k_2  (cost=0.00..5.44 rows=101 width=0)
	        Index Cond: ((k >= 1929950) AND (k <= 1930050))

table 3 : explain SELECT k, c FROM sbtest3 WHERE k BETWEEN 1929950 AND 1930050
	Bitmap Heap Scan on sbtest3  (cost=5.52..424.81 rows=106 width=125)
	  Recheck Cond: ((k >= 1929950) AND (k <= 1930050))
	  ->  Bitmap Index Scan on k_3  (cost=0.00..5.50 rows=106 width=0)
	        Index Cond: ((k >= 1929950) AND (k <= 1930050))

table 4 : explain SELECT k, c FROM sbtest4 WHERE k BETWEEN 1929950 AND 1930050
	Bitmap Heap Scan on sbtest4  (cost=5.46..401.19 rows=100 width=125)
	  Recheck Cond: ((k >= 1929950) AND (k <= 1930050))
	  ->  Bitmap Index Scan on k_4  (cost=0.00..5.43 rows=100 width=0)
	        Index Cond: ((k >= 1929950) AND (k <= 1930050))

table 5 : explain SELECT k, c FROM sbtest5 WHERE k BETWEEN 1929950 AND 1930050
	Bitmap Heap Scan on sbtest5  (cost=5.48..409.07 rows=102 width=125)
	  Recheck Cond: ((k >= 1929950) AND (k <= 1930050))
	  ->  Bitmap Index Scan on k_5  (cost=0.00..5.45 rows=102 width=0)
	        Index Cond: ((k >= 1929950) AND (k <= 1930050))

table 6 : explain SELECT k, c FROM sbtest6 WHERE k BETWEEN 1929950 AND 1930050
	Bitmap Heap Scan on sbtest6  (cost=5.45..397.25 rows=99 width=125)
	  Recheck Cond: ((k >= 1929950) AND (k <= 1930050))
	  ->  Bitmap Index Scan on k_6  (cost=0.00..5.42 rows=99 width=0)
	        Index Cond: ((k >= 1929950) AND (k <= 1930050))

table 7 : explain SELECT k, c FROM sbtest7 WHERE k BETWEEN 1929950 AND 1930050
	Bitmap Heap Scan on sbtest7  (cost=5.48..409.07 rows=102 width=125)
	  Recheck Cond: ((k >= 1929950) AND (k <= 1930050))
	  ->  Bitmap Index Scan on k_7  (cost=0.00..5.45 rows=102 width=0)
	        Index Cond: ((k >= 1929950) AND (k <= 1930050))

table 8 : explain SELECT k, c FROM sbtest8 WHERE k BETWEEN 1929950 AND 1930050
	Bitmap Heap Scan on sbtest8  (cost=5.44..393.31 rows=98 width=125)
	  Recheck Cond: ((k >= 1929950) AND (k <= 1930050))
	  ->  Bitmap Index Scan on k_8  (cost=0.00..5.42 rows=98 width=0)
	        Index Cond: ((k >= 1929950) AND (k <= 1930050))

explain: for range-notcovered :: explain SELECT k, c FROM sbtest%d WHERE k BETWEEN 6533363 AND 6533463
explain: for range-notcovered :: explain SELECT k, c FROM sbtest%d WHERE k BETWEEN 4741971 AND 4742071
explain: for range-notcovered :: explain SELECT k, c FROM sbtest%d WHERE k BETWEEN 5232385 AND 5232485
for range-notcovered
table 1 : explain SELECT k, c FROM sbtest1 WHERE k BETWEEN 2410554 AND 2410654
	Bitmap Heap Scan on sbtest1  (cost=5.47..405.13 rows=101 width=125)
	  Recheck Cond: ((k >= 2410554) AND (k <= 2410654))
	  ->  Bitmap Index Scan on k_1  (cost=0.00..5.44 rows=101 width=0)
	        Index Cond: ((k >= 2410554) AND (k <= 2410654))

table 2 : explain SELECT k, c FROM sbtest2 WHERE k BETWEEN 2410554 AND 2410654
	Bitmap Heap Scan on sbtest2  (cost=5.43..389.37 rows=97 width=125)
	  Recheck Cond: ((k >= 2410554) AND (k <= 2410654))
	  ->  Bitmap Index Scan on k_2  (cost=0.00..5.40 rows=97 width=0)
	        Index Cond: ((k >= 2410554) AND (k <= 2410654))

table 3 : explain SELECT k, c FROM sbtest3 WHERE k BETWEEN 2410554 AND 2410654
	Bitmap Heap Scan on sbtest3  (cost=5.45..397.25 rows=99 width=125)
	  Recheck Cond: ((k >= 2410554) AND (k <= 2410654))
	  ->  Bitmap Index Scan on k_3  (cost=0.00..5.42 rows=99 width=0)
	        Index Cond: ((k >= 2410554) AND (k <= 2410654))

table 4 : explain SELECT k, c FROM sbtest4 WHERE k BETWEEN 2410554 AND 2410654
	Bitmap Heap Scan on sbtest4  (cost=5.57..444.49 rows=111 width=125)
	  Recheck Cond: ((k >= 2410554) AND (k <= 2410654))
	  ->  Bitmap Index Scan on k_4  (cost=0.00..5.54 rows=111 width=0)
	        Index Cond: ((k >= 2410554) AND (k <= 2410654))

table 5 : explain SELECT k, c FROM sbtest5 WHERE k BETWEEN 2410554 AND 2410654
	Bitmap Heap Scan on sbtest5  (cost=5.57..444.49 rows=111 width=125)
	  Recheck Cond: ((k >= 2410554) AND (k <= 2410654))
	  ->  Bitmap Index Scan on k_5  (cost=0.00..5.54 rows=111 width=0)
	        Index Cond: ((k >= 2410554) AND (k <= 2410654))

table 6 : explain SELECT k, c FROM sbtest6 WHERE k BETWEEN 2410554 AND 2410654
	Bitmap Heap Scan on sbtest6  (cost=5.51..420.88 rows=105 width=125)
	  Recheck Cond: ((k >= 2410554) AND (k <= 2410654))
	  ->  Bitmap Index Scan on k_6  (cost=0.00..5.48 rows=105 width=0)
	        Index Cond: ((k >= 2410554) AND (k <= 2410654))

table 7 : explain SELECT k, c FROM sbtest7 WHERE k BETWEEN 2410554 AND 2410654
	Bitmap Heap Scan on sbtest7  (cost=5.48..409.07 rows=102 width=125)
	  Recheck Cond: ((k >= 2410554) AND (k <= 2410654))
	  ->  Bitmap Index Scan on k_7  (cost=0.00..5.45 rows=102 width=0)
	        Index Cond: ((k >= 2410554) AND (k <= 2410654))

table 8 : explain SELECT k, c FROM sbtest8 WHERE k BETWEEN 2410554 AND 2410654
	Bitmap Heap Scan on sbtest8  (cost=5.50..416.94 rows=104 width=125)
	  Recheck Cond: ((k >= 2410554) AND (k <= 2410654))
	  ->  Bitmap Index Scan on k_8  (cost=0.00..5.47 rows=104 width=0)
	        Index Cond: ((k >= 2410554) AND (k <= 2410654))

explain: for range-notcovered :: explain SELECT k, c FROM sbtest%d WHERE k BETWEEN 1929950 AND 1930050
explain: for range-notcovered :: explain SELECT k, c FROM sbtest%d WHERE k BETWEEN 2410554 AND 2410654
for range-notcovered
table 1 : explain SELECT k, c FROM sbtest1 WHERE k BETWEEN 5970124 AND 5970224
	Bitmap Heap Scan on sbtest1  (cost=5.51..420.88 rows=105 width=125)
	  Recheck Cond: ((k >= 5970124) AND (k <= 5970224))
	  ->  Bitmap Index Scan on k_1  (cost=0.00..5.48 rows=105 width=0)
	        Index Cond: ((k >= 5970124) AND (k <= 5970224))

table 2 : explain SELECT k, c FROM sbtest2 WHERE k BETWEEN 5970124 AND 5970224
	Bitmap Heap Scan on sbtest2  (cost=5.46..401.19 rows=100 width=125)
	  Recheck Cond: ((k >= 5970124) AND (k <= 5970224))
	  ->  Bitmap Index Scan on k_2  (cost=0.00..5.43 rows=100 width=0)
	        Index Cond: ((k >= 5970124) AND (k <= 5970224))

table 3 : explain SELECT k, c FROM sbtest3 WHERE k BETWEEN 5970124 AND 5970224
	Bitmap Heap Scan on sbtest3  (cost=5.46..401.19 rows=100 width=125)
	  Recheck Cond: ((k >= 5970124) AND (k <= 5970224))
	  ->  Bitmap Index Scan on k_3  (cost=0.00..5.43 rows=100 width=0)
	        Index Cond: ((k >= 5970124) AND (k <= 5970224))

table 4 : explain SELECT k, c FROM sbtest4 WHERE k BETWEEN 5970124 AND 5970224
	Bitmap Heap Scan on sbtest4  (cost=5.51..420.88 rows=105 width=125)
	  Recheck Cond: ((k >= 5970124) AND (k <= 5970224))
	  ->  Bitmap Index Scan on k_4  (cost=0.00..5.48 rows=105 width=0)
	        Index Cond: ((k >= 5970124) AND (k <= 5970224))

table 5 : explain SELECT k, c FROM sbtest5 WHERE k BETWEEN 5970124 AND 5970224
	Bitmap Heap Scan on sbtest5  (cost=5.55..436.62 rows=109 width=125)
	  Recheck Cond: ((k >= 5970124) AND (k <= 5970224))
	  ->  Bitmap Index Scan on k_5  (cost=0.00..5.52 rows=109 width=0)
	        Index Cond: ((k >= 5970124) AND (k <= 5970224))

table 6 : explain SELECT k, c FROM sbtest6 WHERE k BETWEEN 5970124 AND 5970224
	Bitmap Heap Scan on sbtest6  (cost=5.52..424.81 rows=106 width=125)
	  Recheck Cond: ((k >= 5970124) AND (k <= 5970224))
	  ->  Bitmap Index Scan on k_6  (cost=0.00..5.50 rows=106 width=0)
	        Index Cond: ((k >= 5970124) AND (k <= 5970224))

table 7 : explain SELECT k, c FROM sbtest7 WHERE k BETWEEN 5970124 AND 5970224
	Bitmap Heap Scan on sbtest7  (cost=5.48..409.07 rows=102 width=125)
	  Recheck Cond: ((k >= 5970124) AND (k <= 5970224))
	  ->  Bitmap Index Scan on k_7  (cost=0.00..5.45 rows=102 width=0)
	        Index Cond: ((k >= 5970124) AND (k <= 5970224))

table 8 : explain SELECT k, c FROM sbtest8 WHERE k BETWEEN 5970124 AND 5970224
	Bitmap Heap Scan on sbtest8  (cost=5.45..397.25 rows=99 width=125)
	  Recheck Cond: ((k >= 5970124) AND (k <= 5970224))
	  ->  Bitmap Index Scan on k_8  (cost=0.00..5.42 rows=99 width=0)
	        Index Cond: ((k >= 5970124) AND (k <= 5970224))

explain: for range-notcovered :: explain SELECT k, c FROM sbtest%d WHERE k BETWEEN 5970124 AND 5970224
for range-notcovered
table 1 : explain SELECT k, c FROM sbtest1 WHERE k BETWEEN 6533363 AND 6533463
	Bitmap Heap Scan on sbtest1  (cost=5.54..432.69 rows=108 width=125)
	  Recheck Cond: ((k >= 6533363) AND (k <= 6533463))
	  ->  Bitmap Index Scan on k_1  (cost=0.00..5.51 rows=108 width=0)
	        Index Cond: ((k >= 6533363) AND (k <= 6533463))

table 2 : explain SELECT k, c FROM sbtest2 WHERE k BETWEEN 6533363 AND 6533463
	Bitmap Heap Scan on sbtest2  (cost=5.51..420.88 rows=105 width=125)
	  Recheck Cond: ((k >= 6533363) AND (k <= 6533463))
	  ->  Bitmap Index Scan on k_2  (cost=0.00..5.48 rows=105 width=0)
	        Index Cond: ((k >= 6533363) AND (k <= 6533463))

table 3 : explain SELECT k, c FROM sbtest3 WHERE k BETWEEN 6533363 AND 6533463
	Bitmap Heap Scan on sbtest3  (cost=5.51..420.88 rows=105 width=125)
	  Recheck Cond: ((k >= 6533363) AND (k <= 6533463))
	  ->  Bitmap Index Scan on k_3  (cost=0.00..5.48 rows=105 width=0)
	        Index Cond: ((k >= 6533363) AND (k <= 6533463))

table 4 : explain SELECT k, c FROM sbtest4 WHERE k BETWEEN 6533363 AND 6533463
	Bitmap Heap Scan on sbtest4  (cost=5.50..416.94 rows=104 width=125)
	  Recheck Cond: ((k >= 6533363) AND (k <= 6533463))
	  ->  Bitmap Index Scan on k_4  (cost=0.00..5.47 rows=104 width=0)
	        Index Cond: ((k >= 6533363) AND (k <= 6533463))

table 5 : explain SELECT k, c FROM sbtest5 WHERE k BETWEEN 6533363 AND 6533463
	Bitmap Heap Scan on sbtest5  (cost=5.40..377.55 rows=94 width=125)
	  Recheck Cond: ((k >= 6533363) AND (k <= 6533463))
	  ->  Bitmap Index Scan on k_5  (cost=0.00..5.38 rows=94 width=0)
	        Index Cond: ((k >= 6533363) AND (k <= 6533463))

table 6 : explain SELECT k, c FROM sbtest6 WHERE k BETWEEN 6533363 AND 6533463
	Bitmap Heap Scan on sbtest6  (cost=5.57..444.49 rows=111 width=125)
	  Recheck Cond: ((k >= 6533363) AND (k <= 6533463))
	  ->  Bitmap Index Scan on k_6  (cost=0.00..5.54 rows=111 width=0)
	        Index Cond: ((k >= 6533363) AND (k <= 6533463))

table 7 : explain SELECT k, c FROM sbtest7 WHERE k BETWEEN 6533363 AND 6533463
	Bitmap Heap Scan on sbtest7  (cost=5.50..416.94 rows=104 width=125)
	  Recheck Cond: ((k >= 6533363) AND (k <= 6533463))
	  ->  Bitmap Index Scan on k_7  (cost=0.00..5.47 rows=104 width=0)
	        Index Cond: ((k >= 6533363) AND (k <= 6533463))

table 8 : explain SELECT k, c FROM sbtest8 WHERE k BETWEEN 6533363 AND 6533463
	Bitmap Heap Scan on sbtest8  (cost=5.47..405.13 rows=101 width=125)
	  Recheck Cond: ((k >= 6533363) AND (k <= 6533463))
	  ->  Bitmap Index Scan on k_8  (cost=0.00..5.44 rows=101 width=0)
	        Index Cond: ((k >= 6533363) AND (k <= 6533463))

for range-notcovered
table 1 : explain SELECT k, c FROM sbtest1 WHERE k BETWEEN 1929950 AND 1930050
	Bitmap Heap Scan on sbtest1  (cost=5.41..381.49 rows=95 width=125)
	  Recheck Cond: ((k >= 1929950) AND (k <= 1930050))
	  ->  Bitmap Index Scan on k_1  (cost=0.00..5.38 rows=95 width=0)
	        Index Cond: ((k >= 1929950) AND (k <= 1930050))

table 2 : explain SELECT k, c FROM sbtest2 WHERE k BETWEEN 1929950 AND 1930050
	Bitmap Heap Scan on sbtest2  (cost=5.47..405.13 rows=101 width=125)
	  Recheck Cond: ((k >= 1929950) AND (k <= 1930050))
	  ->  Bitmap Index Scan on k_2  (cost=0.00..5.44 rows=101 width=0)
	        Index Cond: ((k >= 1929950) AND (k <= 1930050))

table 3 : explain SELECT k, c FROM sbtest3 WHERE k BETWEEN 1929950 AND 1930050
	Bitmap Heap Scan on sbtest3  (cost=5.52..424.81 rows=106 width=125)
	  Recheck Cond: ((k >= 1929950) AND (k <= 1930050))
	  ->  Bitmap Index Scan on k_3  (cost=0.00..5.50 rows=106 width=0)
	        Index Cond: ((k >= 1929950) AND (k <= 1930050))

table 4 : explain SELECT k, c FROM sbtest4 WHERE k BETWEEN 1929950 AND 1930050
	Bitmap Heap Scan on sbtest4  (cost=5.46..401.19 rows=100 width=125)
	  Recheck Cond: ((k >= 1929950) AND (k <= 1930050))
	  ->  Bitmap Index Scan on k_4  (cost=0.00..5.43 rows=100 width=0)
	        Index Cond: ((k >= 1929950) AND (k <= 1930050))

table 5 : explain SELECT k, c FROM sbtest5 WHERE k BETWEEN 1929950 AND 1930050
	Bitmap Heap Scan on sbtest5  (cost=5.48..409.07 rows=102 width=125)
	  Recheck Cond: ((k >= 1929950) AND (k <= 1930050))
	  ->  Bitmap Index Scan on k_5  (cost=0.00..5.45 rows=102 width=0)
	        Index Cond: ((k >= 1929950) AND (k <= 1930050))

table 6 : explain SELECT k, c FROM sbtest6 WHERE k BETWEEN 1929950 AND 1930050
	Bitmap Heap Scan on sbtest6  (cost=5.45..397.25 rows=99 width=125)
	  Recheck Cond: ((k >= 1929950) AND (k <= 1930050))
	  ->  Bitmap Index Scan on k_6  (cost=0.00..5.42 rows=99 width=0)
	        Index Cond: ((k >= 1929950) AND (k <= 1930050))

table 7 : explain SELECT k, c FROM sbtest7 WHERE k BETWEEN 1929950 AND 1930050
	Bitmap Heap Scan on sbtest7  (cost=5.48..409.07 rows=102 width=125)
	  Recheck Cond: ((k >= 1929950) AND (k <= 1930050))
	  ->  Bitmap Index Scan on k_7  (cost=0.00..5.45 rows=102 width=0)
	        Index Cond: ((k >= 1929950) AND (k <= 1930050))

table 8 : explain SELECT k, c FROM sbtest8 WHERE k BETWEEN 1929950 AND 1930050
	Bitmap Heap Scan on sbtest8  (cost=5.44..393.31 rows=98 width=125)
	  Recheck Cond: ((k >= 1929950) AND (k <= 1930050))
	  ->  Bitmap Index Scan on k_8  (cost=0.00..5.42 rows=98 width=0)
	        Index Cond: ((k >= 1929950) AND (k <= 1930050))

for range-notcovered
table 1 : explain SELECT k, c FROM sbtest1 WHERE k BETWEEN 2410554 AND 2410654
	Bitmap Heap Scan on sbtest1  (cost=5.47..405.13 rows=101 width=125)
	  Recheck Cond: ((k >= 2410554) AND (k <= 2410654))
	  ->  Bitmap Index Scan on k_1  (cost=0.00..5.44 rows=101 width=0)
	        Index Cond: ((k >= 2410554) AND (k <= 2410654))

table 2 : explain SELECT k, c FROM sbtest2 WHERE k BETWEEN 2410554 AND 2410654
	Bitmap Heap Scan on sbtest2  (cost=5.43..389.37 rows=97 width=125)
	  Recheck Cond: ((k >= 2410554) AND (k <= 2410654))
	  ->  Bitmap Index Scan on k_2  (cost=0.00..5.40 rows=97 width=0)
	        Index Cond: ((k >= 2410554) AND (k <= 2410654))

table 3 : explain SELECT k, c FROM sbtest3 WHERE k BETWEEN 2410554 AND 2410654
	Bitmap Heap Scan on sbtest3  (cost=5.45..397.25 rows=99 width=125)
	  Recheck Cond: ((k >= 2410554) AND (k <= 2410654))
	  ->  Bitmap Index Scan on k_3  (cost=0.00..5.42 rows=99 width=0)
	        Index Cond: ((k >= 2410554) AND (k <= 2410654))

table 4 : explain SELECT k, c FROM sbtest4 WHERE k BETWEEN 2410554 AND 2410654
	Bitmap Heap Scan on sbtest4  (cost=5.57..444.49 rows=111 width=125)
	  Recheck Cond: ((k >= 2410554) AND (k <= 2410654))
	  ->  Bitmap Index Scan on k_4  (cost=0.00..5.54 rows=111 width=0)
	        Index Cond: ((k >= 2410554) AND (k <= 2410654))

table 5 : explain SELECT k, c FROM sbtest5 WHERE k BETWEEN 2410554 AND 2410654
	Bitmap Heap Scan on sbtest5  (cost=5.57..444.49 rows=111 width=125)
	  Recheck Cond: ((k >= 2410554) AND (k <= 2410654))
	  ->  Bitmap Index Scan on k_5  (cost=0.00..5.54 rows=111 width=0)
	        Index Cond: ((k >= 2410554) AND (k <= 2410654))

table 6 : explain SELECT k, c FROM sbtest6 WHERE k BETWEEN 2410554 AND 2410654
	Bitmap Heap Scan on sbtest6  (cost=5.51..420.88 rows=105 width=125)
	  Recheck Cond: ((k >= 2410554) AND (k <= 2410654))
	  ->  Bitmap Index Scan on k_6  (cost=0.00..5.48 rows=105 width=0)
	        Index Cond: ((k >= 2410554) AND (k <= 2410654))

table 7 : explain SELECT k, c FROM sbtest7 WHERE k BETWEEN 2410554 AND 2410654
	Bitmap Heap Scan on sbtest7  (cost=5.48..409.07 rows=102 width=125)
	  Recheck Cond: ((k >= 2410554) AND (k <= 2410654))
	  ->  Bitmap Index Scan on k_7  (cost=0.00..5.45 rows=102 width=0)
	        Index Cond: ((k >= 2410554) AND (k <= 2410654))

table 8 : explain SELECT k, c FROM sbtest8 WHERE k BETWEEN 2410554 AND 2410654
	Bitmap Heap Scan on sbtest8  (cost=5.50..416.94 rows=104 width=125)
	  Recheck Cond: ((k >= 2410554) AND (k <= 2410654))
	  ->  Bitmap Index Scan on k_8  (cost=0.00..5.47 rows=104 width=0)
	        Index Cond: ((k >= 2410554) AND (k <= 2410654))

for range-notcovered
table 1 : explain SELECT k, c FROM sbtest1 WHERE k BETWEEN 4741971 AND 4742071
	Bitmap Heap Scan on sbtest1  (cost=5.50..416.94 rows=104 width=125)
	  Recheck Cond: ((k >= 4741971) AND (k <= 4742071))
	  ->  Bitmap Index Scan on k_1  (cost=0.00..5.47 rows=104 width=0)
	        Index Cond: ((k >= 4741971) AND (k <= 4742071))

table 2 : explain SELECT k, c FROM sbtest2 WHERE k BETWEEN 4741971 AND 4742071
	Bitmap Heap Scan on sbtest2  (cost=5.55..436.62 rows=109 width=125)
	  Recheck Cond: ((k >= 4741971) AND (k <= 4742071))
	  ->  Bitmap Index Scan on k_2  (cost=0.00..5.52 rows=109 width=0)
	        Index Cond: ((k >= 4741971) AND (k <= 4742071))

table 3 : explain SELECT k, c FROM sbtest3 WHERE k BETWEEN 4741971 AND 4742071
	Bitmap Heap Scan on sbtest3  (cost=5.53..428.75 rows=107 width=125)
	  Recheck Cond: ((k >= 4741971) AND (k <= 4742071))
	  ->  Bitmap Index Scan on k_3  (cost=0.00..5.50 rows=107 width=0)
	        Index Cond: ((k >= 4741971) AND (k <= 4742071))

table 4 : explain SELECT k, c FROM sbtest4 WHERE k BETWEEN 4741971 AND 4742071
	Bitmap Heap Scan on sbtest4  (cost=5.43..389.37 rows=97 width=125)
	  Recheck Cond: ((k >= 4741971) AND (k <= 4742071))
	  ->  Bitmap Index Scan on k_4  (cost=0.00..5.40 rows=97 width=0)
	        Index Cond: ((k >= 4741971) AND (k <= 4742071))

table 5 : explain SELECT k, c FROM sbtest5 WHERE k BETWEEN 4741971 AND 4742071
	Bitmap Heap Scan on sbtest5  (cost=5.52..424.81 rows=106 width=125)
	  Recheck Cond: ((k >= 4741971) AND (k <= 4742071))
	  ->  Bitmap Index Scan on k_5  (cost=0.00..5.50 rows=106 width=0)
	        Index Cond: ((k >= 4741971) AND (k <= 4742071))

table 6 : explain SELECT k, c FROM sbtest6 WHERE k BETWEEN 4741971 AND 4742071
	Bitmap Heap Scan on sbtest6  (cost=5.48..409.07 rows=102 width=125)
	  Recheck Cond: ((k >= 4741971) AND (k <= 4742071))
	  ->  Bitmap Index Scan on k_6  (cost=0.00..5.45 rows=102 width=0)
	        Index Cond: ((k >= 4741971) AND (k <= 4742071))

table 7 : explain SELECT k, c FROM sbtest7 WHERE k BETWEEN 4741971 AND 4742071
	Bitmap Heap Scan on sbtest7  (cost=5.38..369.67 rows=92 width=125)
	  Recheck Cond: ((k >= 4741971) AND (k <= 4742071))
	  ->  Bitmap Index Scan on k_7  (cost=0.00..5.35 rows=92 width=0)
	        Index Cond: ((k >= 4741971) AND (k <= 4742071))

table 8 : explain SELECT k, c FROM sbtest8 WHERE k BETWEEN 4741971 AND 4742071
	Bitmap Heap Scan on sbtest8  (cost=5.39..373.61 rows=93 width=125)
	  Recheck Cond: ((k >= 4741971) AND (k <= 4742071))
	  ->  Bitmap Index Scan on k_8  (cost=0.00..5.36 rows=93 width=0)
	        Index Cond: ((k >= 4741971) AND (k <= 4742071))

explain: for range-notcovered :: explain SELECT k, c FROM sbtest%d WHERE k BETWEEN 2410554 AND 2410654
for range-notcovered
table 1 : explain SELECT k, c FROM sbtest1 WHERE k BETWEEN 5232385 AND 5232485
	Bitmap Heap Scan on sbtest1  (cost=5.49..413.00 rows=103 width=125)
	  Recheck Cond: ((k >= 5232385) AND (k <= 5232485))
	  ->  Bitmap Index Scan on k_1  (cost=0.00..5.46 rows=103 width=0)
	        Index Cond: ((k >= 5232385) AND (k <= 5232485))

table 2 : explain SELECT k, c FROM sbtest2 WHERE k BETWEEN 5232385 AND 5232485
	Bitmap Heap Scan on sbtest2  (cost=5.49..413.00 rows=103 width=125)
	  Recheck Cond: ((k >= 5232385) AND (k <= 5232485))
	  ->  Bitmap Index Scan on k_2  (cost=0.00..5.46 rows=103 width=0)
	        Index Cond: ((k >= 5232385) AND (k <= 5232485))

table 3 : explain SELECT k, c FROM sbtest3 WHERE k BETWEEN 5232385 AND 5232485
	Bitmap Heap Scan on sbtest3  (cost=5.47..405.13 rows=101 width=125)
	  Recheck Cond: ((k >= 5232385) AND (k <= 5232485))
	  ->  Bitmap Index Scan on k_3  (cost=0.00..5.44 rows=101 width=0)
	        Index Cond: ((k >= 5232385) AND (k <= 5232485))

table 4 : explain SELECT k, c FROM sbtest4 WHERE k BETWEEN 5232385 AND 5232485
	Bitmap Heap Scan on sbtest4  (cost=5.47..405.13 rows=101 width=125)
	  Recheck Cond: ((k >= 5232385) AND (k <= 5232485))
	  ->  Bitmap Index Scan on k_4  (cost=0.00..5.44 rows=101 width=0)
	        Index Cond: ((k >= 5232385) AND (k <= 5232485))

table 5 : explain SELECT k, c FROM sbtest5 WHERE k BETWEEN 5232385 AND 5232485
	Bitmap Heap Scan on sbtest5  (cost=5.50..416.94 rows=104 width=125)
	  Recheck Cond: ((k >= 5232385) AND (k <= 5232485))
	  ->  Bitmap Index Scan on k_5  (cost=0.00..5.47 rows=104 width=0)
	        Index Cond: ((k >= 5232385) AND (k <= 5232485))

table 6 : explain SELECT k, c FROM sbtest6 WHERE k BETWEEN 5232385 AND 5232485
	Bitmap Heap Scan on sbtest6  (cost=5.40..377.55 rows=94 width=125)
	  Recheck Cond: ((k >= 5232385) AND (k <= 5232485))
	  ->  Bitmap Index Scan on k_6  (cost=0.00..5.38 rows=94 width=0)
	        Index Cond: ((k >= 5232385) AND (k <= 5232485))

table 7 : explain SELECT k, c FROM sbtest7 WHERE k BETWEEN 5232385 AND 5232485
	Bitmap Heap Scan on sbtest7  (cost=5.42..385.43 rows=96 width=125)
	  Recheck Cond: ((k >= 5232385) AND (k <= 5232485))
	  ->  Bitmap Index Scan on k_7  (cost=0.00..5.39 rows=96 width=0)
	        Index Cond: ((k >= 5232385) AND (k <= 5232485))

table 8 : explain SELECT k, c FROM sbtest8 WHERE k BETWEEN 5232385 AND 5232485
	Bitmap Heap Scan on sbtest8  (cost=5.46..401.19 rows=100 width=125)
	  Recheck Cond: ((k >= 5232385) AND (k <= 5232485))
	  ->  Bitmap Index Scan on k_8  (cost=0.00..5.43 rows=100 width=0)
	        Index Cond: ((k >= 5232385) AND (k <= 5232485))

explain: for range-notcovered :: explain SELECT k, c FROM sbtest%d WHERE k BETWEEN 4741971 AND 4742071
explain: for range-notcovered :: explain SELECT k, c FROM sbtest%d WHERE k BETWEEN 5232385 AND 5232485
for range-notcovered
table 1 : explain SELECT k, c FROM sbtest1 WHERE k BETWEEN 5970124 AND 5970224
	Bitmap Heap Scan on sbtest1  (cost=5.51..420.88 rows=105 width=125)
	  Recheck Cond: ((k >= 5970124) AND (k <= 5970224))
	  ->  Bitmap Index Scan on k_1  (cost=0.00..5.48 rows=105 width=0)
	        Index Cond: ((k >= 5970124) AND (k <= 5970224))

table 2 : explain SELECT k, c FROM sbtest2 WHERE k BETWEEN 5970124 AND 5970224
	Bitmap Heap Scan on sbtest2  (cost=5.46..401.19 rows=100 width=125)
	  Recheck Cond: ((k >= 5970124) AND (k <= 5970224))
	  ->  Bitmap Index Scan on k_2  (cost=0.00..5.43 rows=100 width=0)
	        Index Cond: ((k >= 5970124) AND (k <= 5970224))

table 3 : explain SELECT k, c FROM sbtest3 WHERE k BETWEEN 5970124 AND 5970224
	Bitmap Heap Scan on sbtest3  (cost=5.46..401.19 rows=100 width=125)
	  Recheck Cond: ((k >= 5970124) AND (k <= 5970224))
	  ->  Bitmap Index Scan on k_3  (cost=0.00..5.43 rows=100 width=0)
	        Index Cond: ((k >= 5970124) AND (k <= 5970224))

table 4 : explain SELECT k, c FROM sbtest4 WHERE k BETWEEN 5970124 AND 5970224
	Bitmap Heap Scan on sbtest4  (cost=5.51..420.88 rows=105 width=125)
	  Recheck Cond: ((k >= 5970124) AND (k <= 5970224))
	  ->  Bitmap Index Scan on k_4  (cost=0.00..5.48 rows=105 width=0)
	        Index Cond: ((k >= 5970124) AND (k <= 5970224))

table 5 : explain SELECT k, c FROM sbtest5 WHERE k BETWEEN 5970124 AND 5970224
	Bitmap Heap Scan on sbtest5  (cost=5.55..436.62 rows=109 width=125)
	  Recheck Cond: ((k >= 5970124) AND (k <= 5970224))
	  ->  Bitmap Index Scan on k_5  (cost=0.00..5.52 rows=109 width=0)
	        Index Cond: ((k >= 5970124) AND (k <= 5970224))

table 6 : explain SELECT k, c FROM sbtest6 WHERE k BETWEEN 5970124 AND 5970224
	Bitmap Heap Scan on sbtest6  (cost=5.52..424.81 rows=106 width=125)
	  Recheck Cond: ((k >= 5970124) AND (k <= 5970224))
	  ->  Bitmap Index Scan on k_6  (cost=0.00..5.50 rows=106 width=0)
	        Index Cond: ((k >= 5970124) AND (k <= 5970224))

table 7 : explain SELECT k, c FROM sbtest7 WHERE k BETWEEN 5970124 AND 5970224
	Bitmap Heap Scan on sbtest7  (cost=5.48..409.07 rows=102 width=125)
	  Recheck Cond: ((k >= 5970124) AND (k <= 5970224))
	  ->  Bitmap Index Scan on k_7  (cost=0.00..5.45 rows=102 width=0)
	        Index Cond: ((k >= 5970124) AND (k <= 5970224))

table 8 : explain SELECT k, c FROM sbtest8 WHERE k BETWEEN 5970124 AND 5970224
	Bitmap Heap Scan on sbtest8  (cost=5.45..397.25 rows=99 width=125)
	  Recheck Cond: ((k >= 5970124) AND (k <= 5970224))
	  ->  Bitmap Index Scan on k_8  (cost=0.00..5.42 rows=99 width=0)
	        Index Cond: ((k >= 5970124) AND (k <= 5970224))

explain: for range-notcovered :: explain SELECT k, c FROM sbtest%d WHERE k BETWEEN 5970124 AND 5970224
for range-notcovered
table 1 : explain SELECT k, c FROM sbtest1 WHERE k BETWEEN 2410554 AND 2410654
	Bitmap Heap Scan on sbtest1  (cost=5.47..405.13 rows=101 width=125)
	  Recheck Cond: ((k >= 2410554) AND (k <= 2410654))
	  ->  Bitmap Index Scan on k_1  (cost=0.00..5.44 rows=101 width=0)
	        Index Cond: ((k >= 2410554) AND (k <= 2410654))

table 2 : explain SELECT k, c FROM sbtest2 WHERE k BETWEEN 2410554 AND 2410654
	Bitmap Heap Scan on sbtest2  (cost=5.43..389.37 rows=97 width=125)
	  Recheck Cond: ((k >= 2410554) AND (k <= 2410654))
	  ->  Bitmap Index Scan on k_2  (cost=0.00..5.40 rows=97 width=0)
	        Index Cond: ((k >= 2410554) AND (k <= 2410654))

table 3 : explain SELECT k, c FROM sbtest3 WHERE k BETWEEN 2410554 AND 2410654
	Bitmap Heap Scan on sbtest3  (cost=5.45..397.25 rows=99 width=125)
	  Recheck Cond: ((k >= 2410554) AND (k <= 2410654))
	  ->  Bitmap Index Scan on k_3  (cost=0.00..5.42 rows=99 width=0)
	        Index Cond: ((k >= 2410554) AND (k <= 2410654))

table 4 : explain SELECT k, c FROM sbtest4 WHERE k BETWEEN 2410554 AND 2410654
	Bitmap Heap Scan on sbtest4  (cost=5.57..444.49 rows=111 width=125)
	  Recheck Cond: ((k >= 2410554) AND (k <= 2410654))
	  ->  Bitmap Index Scan on k_4  (cost=0.00..5.54 rows=111 width=0)
	        Index Cond: ((k >= 2410554) AND (k <= 2410654))

table 5 : explain SELECT k, c FROM sbtest5 WHERE k BETWEEN 2410554 AND 2410654
	Bitmap Heap Scan on sbtest5  (cost=5.57..444.49 rows=111 width=125)
	  Recheck Cond: ((k >= 2410554) AND (k <= 2410654))
	  ->  Bitmap Index Scan on k_5  (cost=0.00..5.54 rows=111 width=0)
	        Index Cond: ((k >= 2410554) AND (k <= 2410654))

table 6 : explain SELECT k, c FROM sbtest6 WHERE k BETWEEN 2410554 AND 2410654
	Bitmap Heap Scan on sbtest6  (cost=5.51..420.88 rows=105 width=125)
	  Recheck Cond: ((k >= 2410554) AND (k <= 2410654))
	  ->  Bitmap Index Scan on k_6  (cost=0.00..5.48 rows=105 width=0)
	        Index Cond: ((k >= 2410554) AND (k <= 2410654))

table 7 : explain SELECT k, c FROM sbtest7 WHERE k BETWEEN 2410554 AND 2410654
	Bitmap Heap Scan on sbtest7  (cost=5.48..409.07 rows=102 width=125)
	  Recheck Cond: ((k >= 2410554) AND (k <= 2410654))
	  ->  Bitmap Index Scan on k_7  (cost=0.00..5.45 rows=102 width=0)
	        Index Cond: ((k >= 2410554) AND (k <= 2410654))

table 8 : explain SELECT k, c FROM sbtest8 WHERE k BETWEEN 2410554 AND 2410654
	Bitmap Heap Scan on sbtest8  (cost=5.50..416.94 rows=104 width=125)
	  Recheck Cond: ((k >= 2410554) AND (k <= 2410654))
	  ->  Bitmap Index Scan on k_8  (cost=0.00..5.47 rows=104 width=0)
	        Index Cond: ((k >= 2410554) AND (k <= 2410654))

for range-notcovered
table 1 : explain SELECT k, c FROM sbtest1 WHERE k BETWEEN 4741971 AND 4742071
	Bitmap Heap Scan on sbtest1  (cost=5.50..416.94 rows=104 width=125)
	  Recheck Cond: ((k >= 4741971) AND (k <= 4742071))
	  ->  Bitmap Index Scan on k_1  (cost=0.00..5.47 rows=104 width=0)
	        Index Cond: ((k >= 4741971) AND (k <= 4742071))

table 2 : explain SELECT k, c FROM sbtest2 WHERE k BETWEEN 4741971 AND 4742071
	Bitmap Heap Scan on sbtest2  (cost=5.55..436.62 rows=109 width=125)
	  Recheck Cond: ((k >= 4741971) AND (k <= 4742071))
	  ->  Bitmap Index Scan on k_2  (cost=0.00..5.52 rows=109 width=0)
	        Index Cond: ((k >= 4741971) AND (k <= 4742071))

table 3 : explain SELECT k, c FROM sbtest3 WHERE k BETWEEN 4741971 AND 4742071
	Bitmap Heap Scan on sbtest3  (cost=5.53..428.75 rows=107 width=125)
	  Recheck Cond: ((k >= 4741971) AND (k <= 4742071))
	  ->  Bitmap Index Scan on k_3  (cost=0.00..5.50 rows=107 width=0)
	        Index Cond: ((k >= 4741971) AND (k <= 4742071))

table 4 : explain SELECT k, c FROM sbtest4 WHERE k BETWEEN 4741971 AND 4742071
	Bitmap Heap Scan on sbtest4  (cost=5.43..389.37 rows=97 width=125)
	  Recheck Cond: ((k >= 4741971) AND (k <= 4742071))
	  ->  Bitmap Index Scan on k_4  (cost=0.00..5.40 rows=97 width=0)
	        Index Cond: ((k >= 4741971) AND (k <= 4742071))

table 5 : explain SELECT k, c FROM sbtest5 WHERE k BETWEEN 4741971 AND 4742071
	Bitmap Heap Scan on sbtest5  (cost=5.52..424.81 rows=106 width=125)
	  Recheck Cond: ((k >= 4741971) AND (k <= 4742071))
	  ->  Bitmap Index Scan on k_5  (cost=0.00..5.50 rows=106 width=0)
	        Index Cond: ((k >= 4741971) AND (k <= 4742071))

table 6 : explain SELECT k, c FROM sbtest6 WHERE k BETWEEN 4741971 AND 4742071
	Bitmap Heap Scan on sbtest6  (cost=5.48..409.07 rows=102 width=125)
	  Recheck Cond: ((k >= 4741971) AND (k <= 4742071))
	  ->  Bitmap Index Scan on k_6  (cost=0.00..5.45 rows=102 width=0)
	        Index Cond: ((k >= 4741971) AND (k <= 4742071))

table 7 : explain SELECT k, c FROM sbtest7 WHERE k BETWEEN 4741971 AND 4742071
	Bitmap Heap Scan on sbtest7  (cost=5.38..369.67 rows=92 width=125)
	  Recheck Cond: ((k >= 4741971) AND (k <= 4742071))
	  ->  Bitmap Index Scan on k_7  (cost=0.00..5.35 rows=92 width=0)
	        Index Cond: ((k >= 4741971) AND (k <= 4742071))

table 8 : explain SELECT k, c FROM sbtest8 WHERE k BETWEEN 4741971 AND 4742071
	Bitmap Heap Scan on sbtest8  (cost=5.39..373.61 rows=93 width=125)
	  Recheck Cond: ((k >= 4741971) AND (k <= 4742071))
	  ->  Bitmap Index Scan on k_8  (cost=0.00..5.36 rows=93 width=0)
	        Index Cond: ((k >= 4741971) AND (k <= 4742071))

explain: for range-notcovered :: explain SELECT k, c FROM sbtest%d WHERE k BETWEEN 2410554 AND 2410654
explain: for range-notcovered :: explain SELECT k, c FROM sbtest%d WHERE k BETWEEN 4741971 AND 4742071
for range-notcovered
table 1 : explain SELECT k, c FROM sbtest1 WHERE k BETWEEN 5232385 AND 5232485
	Bitmap Heap Scan on sbtest1  (cost=5.49..413.00 rows=103 width=125)
	  Recheck Cond: ((k >= 5232385) AND (k <= 5232485))
	  ->  Bitmap Index Scan on k_1  (cost=0.00..5.46 rows=103 width=0)
	        Index Cond: ((k >= 5232385) AND (k <= 5232485))

table 2 : explain SELECT k, c FROM sbtest2 WHERE k BETWEEN 5232385 AND 5232485
	Bitmap Heap Scan on sbtest2  (cost=5.49..413.00 rows=103 width=125)
	  Recheck Cond: ((k >= 5232385) AND (k <= 5232485))
	  ->  Bitmap Index Scan on k_2  (cost=0.00..5.46 rows=103 width=0)
	        Index Cond: ((k >= 5232385) AND (k <= 5232485))

table 3 : explain SELECT k, c FROM sbtest3 WHERE k BETWEEN 5232385 AND 5232485
	Bitmap Heap Scan on sbtest3  (cost=5.47..405.13 rows=101 width=125)
	  Recheck Cond: ((k >= 5232385) AND (k <= 5232485))
	  ->  Bitmap Index Scan on k_3  (cost=0.00..5.44 rows=101 width=0)
	        Index Cond: ((k >= 5232385) AND (k <= 5232485))

table 4 : explain SELECT k, c FROM sbtest4 WHERE k BETWEEN 5232385 AND 5232485
	Bitmap Heap Scan on sbtest4  (cost=5.47..405.13 rows=101 width=125)
	  Recheck Cond: ((k >= 5232385) AND (k <= 5232485))
	  ->  Bitmap Index Scan on k_4  (cost=0.00..5.44 rows=101 width=0)
	        Index Cond: ((k >= 5232385) AND (k <= 5232485))

table 5 : explain SELECT k, c FROM sbtest5 WHERE k BETWEEN 5232385 AND 5232485
	Bitmap Heap Scan on sbtest5  (cost=5.50..416.94 rows=104 width=125)
	  Recheck Cond: ((k >= 5232385) AND (k <= 5232485))
	  ->  Bitmap Index Scan on k_5  (cost=0.00..5.47 rows=104 width=0)
	        Index Cond: ((k >= 5232385) AND (k <= 5232485))

table 6 : explain SELECT k, c FROM sbtest6 WHERE k BETWEEN 5232385 AND 5232485
	Bitmap Heap Scan on sbtest6  (cost=5.40..377.55 rows=94 width=125)
	  Recheck Cond: ((k >= 5232385) AND (k <= 5232485))
	  ->  Bitmap Index Scan on k_6  (cost=0.00..5.38 rows=94 width=0)
	        Index Cond: ((k >= 5232385) AND (k <= 5232485))

table 7 : explain SELECT k, c FROM sbtest7 WHERE k BETWEEN 5232385 AND 5232485
	Bitmap Heap Scan on sbtest7  (cost=5.42..385.43 rows=96 width=125)
	  Recheck Cond: ((k >= 5232385) AND (k <= 5232485))
	  ->  Bitmap Index Scan on k_7  (cost=0.00..5.39 rows=96 width=0)
	        Index Cond: ((k >= 5232385) AND (k <= 5232485))

table 8 : explain SELECT k, c FROM sbtest8 WHERE k BETWEEN 5232385 AND 5232485
	Bitmap Heap Scan on sbtest8  (cost=5.46..401.19 rows=100 width=125)
	  Recheck Cond: ((k >= 5232385) AND (k <= 5232485))
	  ->  Bitmap Index Scan on k_8  (cost=0.00..5.43 rows=100 width=0)
	        Index Cond: ((k >= 5232385) AND (k <= 5232485))

explain: for range-notcovered :: explain SELECT k, c FROM sbtest%d WHERE k BETWEEN 5232385 AND 5232485
for range-notcovered
table 1 : explain SELECT k, c FROM sbtest1 WHERE k BETWEEN 5970124 AND 5970224
	Bitmap Heap Scan on sbtest1  (cost=5.51..420.88 rows=105 width=125)
	  Recheck Cond: ((k >= 5970124) AND (k <= 5970224))
	  ->  Bitmap Index Scan on k_1  (cost=0.00..5.48 rows=105 width=0)
	        Index Cond: ((k >= 5970124) AND (k <= 5970224))

table 2 : explain SELECT k, c FROM sbtest2 WHERE k BETWEEN 5970124 AND 5970224
	Bitmap Heap Scan on sbtest2  (cost=5.46..401.19 rows=100 width=125)
	  Recheck Cond: ((k >= 5970124) AND (k <= 5970224))
	  ->  Bitmap Index Scan on k_2  (cost=0.00..5.43 rows=100 width=0)
	        Index Cond: ((k >= 5970124) AND (k <= 5970224))

table 3 : explain SELECT k, c FROM sbtest3 WHERE k BETWEEN 5970124 AND 5970224
	Bitmap Heap Scan on sbtest3  (cost=5.46..401.19 rows=100 width=125)
	  Recheck Cond: ((k >= 5970124) AND (k <= 5970224))
	  ->  Bitmap Index Scan on k_3  (cost=0.00..5.43 rows=100 width=0)
	        Index Cond: ((k >= 5970124) AND (k <= 5970224))

table 4 : explain SELECT k, c FROM sbtest4 WHERE k BETWEEN 5970124 AND 5970224
	Bitmap Heap Scan on sbtest4  (cost=5.51..420.88 rows=105 width=125)
	  Recheck Cond: ((k >= 5970124) AND (k <= 5970224))
	  ->  Bitmap Index Scan on k_4  (cost=0.00..5.48 rows=105 width=0)
	        Index Cond: ((k >= 5970124) AND (k <= 5970224))

table 5 : explain SELECT k, c FROM sbtest5 WHERE k BETWEEN 5970124 AND 5970224
	Bitmap Heap Scan on sbtest5  (cost=5.55..436.62 rows=109 width=125)
	  Recheck Cond: ((k >= 5970124) AND (k <= 5970224))
	  ->  Bitmap Index Scan on k_5  (cost=0.00..5.52 rows=109 width=0)
	        Index Cond: ((k >= 5970124) AND (k <= 5970224))

table 6 : explain SELECT k, c FROM sbtest6 WHERE k BETWEEN 5970124 AND 5970224
	Bitmap Heap Scan on sbtest6  (cost=5.52..424.81 rows=106 width=125)
	  Recheck Cond: ((k >= 5970124) AND (k <= 5970224))
	  ->  Bitmap Index Scan on k_6  (cost=0.00..5.50 rows=106 width=0)
	        Index Cond: ((k >= 5970124) AND (k <= 5970224))

table 7 : explain SELECT k, c FROM sbtest7 WHERE k BETWEEN 5970124 AND 5970224
	Bitmap Heap Scan on sbtest7  (cost=5.48..409.07 rows=102 width=125)
	  Recheck Cond: ((k >= 5970124) AND (k <= 5970224))
	  ->  Bitmap Index Scan on k_7  (cost=0.00..5.45 rows=102 width=0)
	        Index Cond: ((k >= 5970124) AND (k <= 5970224))

table 8 : explain SELECT k, c FROM sbtest8 WHERE k BETWEEN 5970124 AND 5970224
	Bitmap Heap Scan on sbtest8  (cost=5.45..397.25 rows=99 width=125)
	  Recheck Cond: ((k >= 5970124) AND (k <= 5970224))
	  ->  Bitmap Index Scan on k_8  (cost=0.00..5.42 rows=99 width=0)
	        Index Cond: ((k >= 5970124) AND (k <= 5970224))

explain: for range-notcovered :: explain SELECT k, c FROM sbtest%d WHERE k BETWEEN 5970124 AND 5970224
for range-notcovered
table 1 : explain SELECT k, c FROM sbtest1 WHERE k BETWEEN 2410554 AND 2410654
	Bitmap Heap Scan on sbtest1  (cost=5.47..405.13 rows=101 width=125)
	  Recheck Cond: ((k >= 2410554) AND (k <= 2410654))
	  ->  Bitmap Index Scan on k_1  (cost=0.00..5.44 rows=101 width=0)
	        Index Cond: ((k >= 2410554) AND (k <= 2410654))

table 2 : explain SELECT k, c FROM sbtest2 WHERE k BETWEEN 2410554 AND 2410654
	Bitmap Heap Scan on sbtest2  (cost=5.43..389.37 rows=97 width=125)
	  Recheck Cond: ((k >= 2410554) AND (k <= 2410654))
	  ->  Bitmap Index Scan on k_2  (cost=0.00..5.40 rows=97 width=0)
	        Index Cond: ((k >= 2410554) AND (k <= 2410654))

table 3 : explain SELECT k, c FROM sbtest3 WHERE k BETWEEN 2410554 AND 2410654
	Bitmap Heap Scan on sbtest3  (cost=5.45..397.25 rows=99 width=125)
	  Recheck Cond: ((k >= 2410554) AND (k <= 2410654))
	  ->  Bitmap Index Scan on k_3  (cost=0.00..5.42 rows=99 width=0)
	        Index Cond: ((k >= 2410554) AND (k <= 2410654))

table 4 : explain SELECT k, c FROM sbtest4 WHERE k BETWEEN 2410554 AND 2410654
	Bitmap Heap Scan on sbtest4  (cost=5.57..444.49 rows=111 width=125)
	  Recheck Cond: ((k >= 2410554) AND (k <= 2410654))
	  ->  Bitmap Index Scan on k_4  (cost=0.00..5.54 rows=111 width=0)
	        Index Cond: ((k >= 2410554) AND (k <= 2410654))

table 5 : explain SELECT k, c FROM sbtest5 WHERE k BETWEEN 2410554 AND 2410654
	Bitmap Heap Scan on sbtest5  (cost=5.57..444.49 rows=111 width=125)
	  Recheck Cond: ((k >= 2410554) AND (k <= 2410654))
	  ->  Bitmap Index Scan on k_5  (cost=0.00..5.54 rows=111 width=0)
	        Index Cond: ((k >= 2410554) AND (k <= 2410654))

table 6 : explain SELECT k, c FROM sbtest6 WHERE k BETWEEN 2410554 AND 2410654
	Bitmap Heap Scan on sbtest6  (cost=5.51..420.88 rows=105 width=125)
	  Recheck Cond: ((k >= 2410554) AND (k <= 2410654))
	  ->  Bitmap Index Scan on k_6  (cost=0.00..5.48 rows=105 width=0)
	        Index Cond: ((k >= 2410554) AND (k <= 2410654))

table 7 : explain SELECT k, c FROM sbtest7 WHERE k BETWEEN 2410554 AND 2410654
	Bitmap Heap Scan on sbtest7  (cost=5.48..409.07 rows=102 width=125)
	  Recheck Cond: ((k >= 2410554) AND (k <= 2410654))
	  ->  Bitmap Index Scan on k_7  (cost=0.00..5.45 rows=102 width=0)
	        Index Cond: ((k >= 2410554) AND (k <= 2410654))

table 8 : explain SELECT k, c FROM sbtest8 WHERE k BETWEEN 2410554 AND 2410654
	Bitmap Heap Scan on sbtest8  (cost=5.50..416.94 rows=104 width=125)
	  Recheck Cond: ((k >= 2410554) AND (k <= 2410654))
	  ->  Bitmap Index Scan on k_8  (cost=0.00..5.47 rows=104 width=0)
	        Index Cond: ((k >= 2410554) AND (k <= 2410654))

explain: for range-notcovered :: explain SELECT k, c FROM sbtest%d WHERE k BETWEEN 2410554 AND 2410654
for range-notcovered
table 1 : explain SELECT k, c FROM sbtest1 WHERE k BETWEEN 4741971 AND 4742071
	Bitmap Heap Scan on sbtest1  (cost=5.50..416.94 rows=104 width=125)
	  Recheck Cond: ((k >= 4741971) AND (k <= 4742071))
	  ->  Bitmap Index Scan on k_1  (cost=0.00..5.47 rows=104 width=0)
	        Index Cond: ((k >= 4741971) AND (k <= 4742071))

table 2 : explain SELECT k, c FROM sbtest2 WHERE k BETWEEN 4741971 AND 4742071
	Bitmap Heap Scan on sbtest2  (cost=5.55..436.62 rows=109 width=125)
	  Recheck Cond: ((k >= 4741971) AND (k <= 4742071))
	  ->  Bitmap Index Scan on k_2  (cost=0.00..5.52 rows=109 width=0)
	        Index Cond: ((k >= 4741971) AND (k <= 4742071))

table 3 : explain SELECT k, c FROM sbtest3 WHERE k BETWEEN 4741971 AND 4742071
	Bitmap Heap Scan on sbtest3  (cost=5.53..428.75 rows=107 width=125)
	  Recheck Cond: ((k >= 4741971) AND (k <= 4742071))
	  ->  Bitmap Index Scan on k_3  (cost=0.00..5.50 rows=107 width=0)
	        Index Cond: ((k >= 4741971) AND (k <= 4742071))

table 4 : explain SELECT k, c FROM sbtest4 WHERE k BETWEEN 4741971 AND 4742071
	Bitmap Heap Scan on sbtest4  (cost=5.43..389.37 rows=97 width=125)
	  Recheck Cond: ((k >= 4741971) AND (k <= 4742071))
	  ->  Bitmap Index Scan on k_4  (cost=0.00..5.40 rows=97 width=0)
	        Index Cond: ((k >= 4741971) AND (k <= 4742071))

table 5 : explain SELECT k, c FROM sbtest5 WHERE k BETWEEN 4741971 AND 4742071
	Bitmap Heap Scan on sbtest5  (cost=5.52..424.81 rows=106 width=125)
	  Recheck Cond: ((k >= 4741971) AND (k <= 4742071))
	  ->  Bitmap Index Scan on k_5  (cost=0.00..5.50 rows=106 width=0)
	        Index Cond: ((k >= 4741971) AND (k <= 4742071))

table 6 : explain SELECT k, c FROM sbtest6 WHERE k BETWEEN 4741971 AND 4742071
	Bitmap Heap Scan on sbtest6  (cost=5.48..409.07 rows=102 width=125)
	  Recheck Cond: ((k >= 4741971) AND (k <= 4742071))
	  ->  Bitmap Index Scan on k_6  (cost=0.00..5.45 rows=102 width=0)
	        Index Cond: ((k >= 4741971) AND (k <= 4742071))

table 7 : explain SELECT k, c FROM sbtest7 WHERE k BETWEEN 4741971 AND 4742071
	Bitmap Heap Scan on sbtest7  (cost=5.38..369.67 rows=92 width=125)
	  Recheck Cond: ((k >= 4741971) AND (k <= 4742071))
	  ->  Bitmap Index Scan on k_7  (cost=0.00..5.35 rows=92 width=0)
	        Index Cond: ((k >= 4741971) AND (k <= 4742071))

table 8 : explain SELECT k, c FROM sbtest8 WHERE k BETWEEN 4741971 AND 4742071
	Bitmap Heap Scan on sbtest8  (cost=5.39..373.61 rows=93 width=125)
	  Recheck Cond: ((k >= 4741971) AND (k <= 4742071))
	  ->  Bitmap Index Scan on k_8  (cost=0.00..5.36 rows=93 width=0)
	        Index Cond: ((k >= 4741971) AND (k <= 4742071))

for range-notcovered
table 1 : explain SELECT k, c FROM sbtest1 WHERE k BETWEEN 5232385 AND 5232485
	Bitmap Heap Scan on sbtest1  (cost=5.49..413.00 rows=103 width=125)
	  Recheck Cond: ((k >= 5232385) AND (k <= 5232485))
	  ->  Bitmap Index Scan on k_1  (cost=0.00..5.46 rows=103 width=0)
	        Index Cond: ((k >= 5232385) AND (k <= 5232485))

table 2 : explain SELECT k, c FROM sbtest2 WHERE k BETWEEN 5232385 AND 5232485
	Bitmap Heap Scan on sbtest2  (cost=5.49..413.00 rows=103 width=125)
	  Recheck Cond: ((k >= 5232385) AND (k <= 5232485))
	  ->  Bitmap Index Scan on k_2  (cost=0.00..5.46 rows=103 width=0)
	        Index Cond: ((k >= 5232385) AND (k <= 5232485))

table 3 : explain SELECT k, c FROM sbtest3 WHERE k BETWEEN 5232385 AND 5232485
	Bitmap Heap Scan on sbtest3  (cost=5.47..405.13 rows=101 width=125)
	  Recheck Cond: ((k >= 5232385) AND (k <= 5232485))
	  ->  Bitmap Index Scan on k_3  (cost=0.00..5.44 rows=101 width=0)
	        Index Cond: ((k >= 5232385) AND (k <= 5232485))

table 4 : explain SELECT k, c FROM sbtest4 WHERE k BETWEEN 5232385 AND 5232485
	Bitmap Heap Scan on sbtest4  (cost=5.47..405.13 rows=101 width=125)
	  Recheck Cond: ((k >= 5232385) AND (k <= 5232485))
	  ->  Bitmap Index Scan on k_4  (cost=0.00..5.44 rows=101 width=0)
	        Index Cond: ((k >= 5232385) AND (k <= 5232485))

table 5 : explain SELECT k, c FROM sbtest5 WHERE k BETWEEN 5232385 AND 5232485
	Bitmap Heap Scan on sbtest5  (cost=5.50..416.94 rows=104 width=125)
	  Recheck Cond: ((k >= 5232385) AND (k <= 5232485))
	  ->  Bitmap Index Scan on k_5  (cost=0.00..5.47 rows=104 width=0)
	        Index Cond: ((k >= 5232385) AND (k <= 5232485))

table 6 : explain SELECT k, c FROM sbtest6 WHERE k BETWEEN 5232385 AND 5232485
	Bitmap Heap Scan on sbtest6  (cost=5.40..377.55 rows=94 width=125)
	  Recheck Cond: ((k >= 5232385) AND (k <= 5232485))
	  ->  Bitmap Index Scan on k_6  (cost=0.00..5.38 rows=94 width=0)
	        Index Cond: ((k >= 5232385) AND (k <= 5232485))

table 7 : explain SELECT k, c FROM sbtest7 WHERE k BETWEEN 5232385 AND 5232485
	Bitmap Heap Scan on sbtest7  (cost=5.42..385.43 rows=96 width=125)
	  Recheck Cond: ((k >= 5232385) AND (k <= 5232485))
	  ->  Bitmap Index Scan on k_7  (cost=0.00..5.39 rows=96 width=0)
	        Index Cond: ((k >= 5232385) AND (k <= 5232485))

table 8 : explain SELECT k, c FROM sbtest8 WHERE k BETWEEN 5232385 AND 5232485
	Bitmap Heap Scan on sbtest8  (cost=5.46..401.19 rows=100 width=125)
	  Recheck Cond: ((k >= 5232385) AND (k <= 5232485))
	  ->  Bitmap Index Scan on k_8  (cost=0.00..5.43 rows=100 width=0)
	        Index Cond: ((k >= 5232385) AND (k <= 5232485))

explain: for range-notcovered :: explain SELECT k, c FROM sbtest%d WHERE k BETWEEN 4741971 AND 4742071
explain: for range-notcovered :: explain SELECT k, c FROM sbtest%d WHERE k BETWEEN 5232385 AND 5232485
for range-notcovered
table 1 : explain SELECT k, c FROM sbtest1 WHERE k BETWEEN 5970124 AND 5970224
	Bitmap Heap Scan on sbtest1  (cost=5.51..420.88 rows=105 width=125)
	  Recheck Cond: ((k >= 5970124) AND (k <= 5970224))
	  ->  Bitmap Index Scan on k_1  (cost=0.00..5.48 rows=105 width=0)
	        Index Cond: ((k >= 5970124) AND (k <= 5970224))

table 2 : explain SELECT k, c FROM sbtest2 WHERE k BETWEEN 5970124 AND 5970224
	Bitmap Heap Scan on sbtest2  (cost=5.46..401.19 rows=100 width=125)
	  Recheck Cond: ((k >= 5970124) AND (k <= 5970224))
	  ->  Bitmap Index Scan on k_2  (cost=0.00..5.43 rows=100 width=0)
	        Index Cond: ((k >= 5970124) AND (k <= 5970224))

table 3 : explain SELECT k, c FROM sbtest3 WHERE k BETWEEN 5970124 AND 5970224
	Bitmap Heap Scan on sbtest3  (cost=5.46..401.19 rows=100 width=125)
	  Recheck Cond: ((k >= 5970124) AND (k <= 5970224))
	  ->  Bitmap Index Scan on k_3  (cost=0.00..5.43 rows=100 width=0)
	        Index Cond: ((k >= 5970124) AND (k <= 5970224))

table 4 : explain SELECT k, c FROM sbtest4 WHERE k BETWEEN 5970124 AND 5970224
	Bitmap Heap Scan on sbtest4  (cost=5.51..420.88 rows=105 width=125)
	  Recheck Cond: ((k >= 5970124) AND (k <= 5970224))
	  ->  Bitmap Index Scan on k_4  (cost=0.00..5.48 rows=105 width=0)
	        Index Cond: ((k >= 5970124) AND (k <= 5970224))

table 5 : explain SELECT k, c FROM sbtest5 WHERE k BETWEEN 5970124 AND 5970224
	Bitmap Heap Scan on sbtest5  (cost=5.55..436.62 rows=109 width=125)
	  Recheck Cond: ((k >= 5970124) AND (k <= 5970224))
	  ->  Bitmap Index Scan on k_5  (cost=0.00..5.52 rows=109 width=0)
	        Index Cond: ((k >= 5970124) AND (k <= 5970224))

table 6 : explain SELECT k, c FROM sbtest6 WHERE k BETWEEN 5970124 AND 5970224
	Bitmap Heap Scan on sbtest6  (cost=5.52..424.81 rows=106 width=125)
	  Recheck Cond: ((k >= 5970124) AND (k <= 5970224))
	  ->  Bitmap Index Scan on k_6  (cost=0.00..5.50 rows=106 width=0)
	        Index Cond: ((k >= 5970124) AND (k <= 5970224))

table 7 : explain SELECT k, c FROM sbtest7 WHERE k BETWEEN 5970124 AND 5970224
	Bitmap Heap Scan on sbtest7  (cost=5.48..409.07 rows=102 width=125)
	  Recheck Cond: ((k >= 5970124) AND (k <= 5970224))
	  ->  Bitmap Index Scan on k_7  (cost=0.00..5.45 rows=102 width=0)
	        Index Cond: ((k >= 5970124) AND (k <= 5970224))

table 8 : explain SELECT k, c FROM sbtest8 WHERE k BETWEEN 5970124 AND 5970224
	Bitmap Heap Scan on sbtest8  (cost=5.45..397.25 rows=99 width=125)
	  Recheck Cond: ((k >= 5970124) AND (k <= 5970224))
	  ->  Bitmap Index Scan on k_8  (cost=0.00..5.42 rows=99 width=0)
	        Index Cond: ((k >= 5970124) AND (k <= 5970224))

for range-notcovered
table 1 : explain SELECT k, c FROM sbtest1 WHERE k BETWEEN 2410554 AND 2410654
	Bitmap Heap Scan on sbtest1  (cost=5.47..405.13 rows=101 width=125)
	  Recheck Cond: ((k >= 2410554) AND (k <= 2410654))
	  ->  Bitmap Index Scan on k_1  (cost=0.00..5.44 rows=101 width=0)
	        Index Cond: ((k >= 2410554) AND (k <= 2410654))

table 2 : explain SELECT k, c FROM sbtest2 WHERE k BETWEEN 2410554 AND 2410654
	Bitmap Heap Scan on sbtest2  (cost=5.43..389.37 rows=97 width=125)
	  Recheck Cond: ((k >= 2410554) AND (k <= 2410654))
	  ->  Bitmap Index Scan on k_2  (cost=0.00..5.40 rows=97 width=0)
	        Index Cond: ((k >= 2410554) AND (k <= 2410654))

table 3 : explain SELECT k, c FROM sbtest3 WHERE k BETWEEN 2410554 AND 2410654
	Bitmap Heap Scan on sbtest3  (cost=5.45..397.25 rows=99 width=125)
	  Recheck Cond: ((k >= 2410554) AND (k <= 2410654))
	  ->  Bitmap Index Scan on k_3  (cost=0.00..5.42 rows=99 width=0)
	        Index Cond: ((k >= 2410554) AND (k <= 2410654))

table 4 : explain SELECT k, c FROM sbtest4 WHERE k BETWEEN 2410554 AND 2410654
	Bitmap Heap Scan on sbtest4  (cost=5.57..444.49 rows=111 width=125)
	  Recheck Cond: ((k >= 2410554) AND (k <= 2410654))
	  ->  Bitmap Index Scan on k_4  (cost=0.00..5.54 rows=111 width=0)
	        Index Cond: ((k >= 2410554) AND (k <= 2410654))

table 5 : explain SELECT k, c FROM sbtest5 WHERE k BETWEEN 2410554 AND 2410654
	Bitmap Heap Scan on sbtest5  (cost=5.57..444.49 rows=111 width=125)
	  Recheck Cond: ((k >= 2410554) AND (k <= 2410654))
	  ->  Bitmap Index Scan on k_5  (cost=0.00..5.54 rows=111 width=0)
	        Index Cond: ((k >= 2410554) AND (k <= 2410654))

table 6 : explain SELECT k, c FROM sbtest6 WHERE k BETWEEN 2410554 AND 2410654
	Bitmap Heap Scan on sbtest6  (cost=5.51..420.88 rows=105 width=125)
	  Recheck Cond: ((k >= 2410554) AND (k <= 2410654))
	  ->  Bitmap Index Scan on k_6  (cost=0.00..5.48 rows=105 width=0)
	        Index Cond: ((k >= 2410554) AND (k <= 2410654))

table 7 : explain SELECT k, c FROM sbtest7 WHERE k BETWEEN 2410554 AND 2410654
	Bitmap Heap Scan on sbtest7  (cost=5.48..409.07 rows=102 width=125)
	  Recheck Cond: ((k >= 2410554) AND (k <= 2410654))
	  ->  Bitmap Index Scan on k_7  (cost=0.00..5.45 rows=102 width=0)
	        Index Cond: ((k >= 2410554) AND (k <= 2410654))

table 8 : explain SELECT k, c FROM sbtest8 WHERE k BETWEEN 2410554 AND 2410654
	Bitmap Heap Scan on sbtest8  (cost=5.50..416.94 rows=104 width=125)
	  Recheck Cond: ((k >= 2410554) AND (k <= 2410654))
	  ->  Bitmap Index Scan on k_8  (cost=0.00..5.47 rows=104 width=0)
	        Index Cond: ((k >= 2410554) AND (k <= 2410654))

explain: for range-notcovered :: explain SELECT k, c FROM sbtest%d WHERE k BETWEEN 5970124 AND 5970224
for range-notcovered
table 1 : explain SELECT k, c FROM sbtest1 WHERE k BETWEEN 4741971 AND 4742071
	Bitmap Heap Scan on sbtest1  (cost=5.50..416.94 rows=104 width=125)
	  Recheck Cond: ((k >= 4741971) AND (k <= 4742071))
	  ->  Bitmap Index Scan on k_1  (cost=0.00..5.47 rows=104 width=0)
	        Index Cond: ((k >= 4741971) AND (k <= 4742071))

table 2 : explain SELECT k, c FROM sbtest2 WHERE k BETWEEN 4741971 AND 4742071
	Bitmap Heap Scan on sbtest2  (cost=5.55..436.62 rows=109 width=125)
	  Recheck Cond: ((k >= 4741971) AND (k <= 4742071))
	  ->  Bitmap Index Scan on k_2  (cost=0.00..5.52 rows=109 width=0)
	        Index Cond: ((k >= 4741971) AND (k <= 4742071))

table 3 : explain SELECT k, c FROM sbtest3 WHERE k BETWEEN 4741971 AND 4742071
	Bitmap Heap Scan on sbtest3  (cost=5.53..428.75 rows=107 width=125)
	  Recheck Cond: ((k >= 4741971) AND (k <= 4742071))
	  ->  Bitmap Index Scan on k_3  (cost=0.00..5.50 rows=107 width=0)
	        Index Cond: ((k >= 4741971) AND (k <= 4742071))

table 4 : explain SELECT k, c FROM sbtest4 WHERE k BETWEEN 4741971 AND 4742071
	Bitmap Heap Scan on sbtest4  (cost=5.43..389.37 rows=97 width=125)
	  Recheck Cond: ((k >= 4741971) AND (k <= 4742071))
	  ->  Bitmap Index Scan on k_4  (cost=0.00..5.40 rows=97 width=0)
	        Index Cond: ((k >= 4741971) AND (k <= 4742071))

table 5 : explain SELECT k, c FROM sbtest5 WHERE k BETWEEN 4741971 AND 4742071
	Bitmap Heap Scan on sbtest5  (cost=5.52..424.81 rows=106 width=125)
	  Recheck Cond: ((k >= 4741971) AND (k <= 4742071))
	  ->  Bitmap Index Scan on k_5  (cost=0.00..5.50 rows=106 width=0)
	        Index Cond: ((k >= 4741971) AND (k <= 4742071))

table 6 : explain SELECT k, c FROM sbtest6 WHERE k BETWEEN 4741971 AND 4742071
	Bitmap Heap Scan on sbtest6  (cost=5.48..409.07 rows=102 width=125)
	  Recheck Cond: ((k >= 4741971) AND (k <= 4742071))
	  ->  Bitmap Index Scan on k_6  (cost=0.00..5.45 rows=102 width=0)
	        Index Cond: ((k >= 4741971) AND (k <= 4742071))

table 7 : explain SELECT k, c FROM sbtest7 WHERE k BETWEEN 4741971 AND 4742071
	Bitmap Heap Scan on sbtest7  (cost=5.38..369.67 rows=92 width=125)
	  Recheck Cond: ((k >= 4741971) AND (k <= 4742071))
	  ->  Bitmap Index Scan on k_7  (cost=0.00..5.35 rows=92 width=0)
	        Index Cond: ((k >= 4741971) AND (k <= 4742071))

table 8 : explain SELECT k, c FROM sbtest8 WHERE k BETWEEN 4741971 AND 4742071
	Bitmap Heap Scan on sbtest8  (cost=5.39..373.61 rows=93 width=125)
	  Recheck Cond: ((k >= 4741971) AND (k <= 4742071))
	  ->  Bitmap Index Scan on k_8  (cost=0.00..5.36 rows=93 width=0)
	        Index Cond: ((k >= 4741971) AND (k <= 4742071))

explain: for range-notcovered :: explain SELECT k, c FROM sbtest%d WHERE k BETWEEN 4741971 AND 4742071
for range-notcovered
table 1 : explain SELECT k, c FROM sbtest1 WHERE k BETWEEN 5232385 AND 5232485
	Bitmap Heap Scan on sbtest1  (cost=5.49..413.00 rows=103 width=125)
	  Recheck Cond: ((k >= 5232385) AND (k <= 5232485))
	  ->  Bitmap Index Scan on k_1  (cost=0.00..5.46 rows=103 width=0)
	        Index Cond: ((k >= 5232385) AND (k <= 5232485))

table 2 : explain SELECT k, c FROM sbtest2 WHERE k BETWEEN 5232385 AND 5232485
	Bitmap Heap Scan on sbtest2  (cost=5.49..413.00 rows=103 width=125)
	  Recheck Cond: ((k >= 5232385) AND (k <= 5232485))
	  ->  Bitmap Index Scan on k_2  (cost=0.00..5.46 rows=103 width=0)
	        Index Cond: ((k >= 5232385) AND (k <= 5232485))

table 3 : explain SELECT k, c FROM sbtest3 WHERE k BETWEEN 5232385 AND 5232485
	Bitmap Heap Scan on sbtest3  (cost=5.47..405.13 rows=101 width=125)
	  Recheck Cond: ((k >= 5232385) AND (k <= 5232485))
	  ->  Bitmap Index Scan on k_3  (cost=0.00..5.44 rows=101 width=0)
	        Index Cond: ((k >= 5232385) AND (k <= 5232485))

table 4 : explain SELECT k, c FROM sbtest4 WHERE k BETWEEN 5232385 AND 5232485
	Bitmap Heap Scan on sbtest4  (cost=5.47..405.13 rows=101 width=125)
	  Recheck Cond: ((k >= 5232385) AND (k <= 5232485))
	  ->  Bitmap Index Scan on k_4  (cost=0.00..5.44 rows=101 width=0)
	        Index Cond: ((k >= 5232385) AND (k <= 5232485))

table 5 : explain SELECT k, c FROM sbtest5 WHERE k BETWEEN 5232385 AND 5232485
	Bitmap Heap Scan on sbtest5  (cost=5.50..416.94 rows=104 width=125)
	  Recheck Cond: ((k >= 5232385) AND (k <= 5232485))
	  ->  Bitmap Index Scan on k_5  (cost=0.00..5.47 rows=104 width=0)
	        Index Cond: ((k >= 5232385) AND (k <= 5232485))

table 6 : explain SELECT k, c FROM sbtest6 WHERE k BETWEEN 5232385 AND 5232485
	Bitmap Heap Scan on sbtest6  (cost=5.40..377.55 rows=94 width=125)
	  Recheck Cond: ((k >= 5232385) AND (k <= 5232485))
	  ->  Bitmap Index Scan on k_6  (cost=0.00..5.38 rows=94 width=0)
	        Index Cond: ((k >= 5232385) AND (k <= 5232485))

table 7 : explain SELECT k, c FROM sbtest7 WHERE k BETWEEN 5232385 AND 5232485
	Bitmap Heap Scan on sbtest7  (cost=5.42..385.43 rows=96 width=125)
	  Recheck Cond: ((k >= 5232385) AND (k <= 5232485))
	  ->  Bitmap Index Scan on k_7  (cost=0.00..5.39 rows=96 width=0)
	        Index Cond: ((k >= 5232385) AND (k <= 5232485))

table 8 : explain SELECT k, c FROM sbtest8 WHERE k BETWEEN 5232385 AND 5232485
	Bitmap Heap Scan on sbtest8  (cost=5.46..401.19 rows=100 width=125)
	  Recheck Cond: ((k >= 5232385) AND (k <= 5232485))
	  ->  Bitmap Index Scan on k_8  (cost=0.00..5.43 rows=100 width=0)
	        Index Cond: ((k >= 5232385) AND (k <= 5232485))

explain: for range-notcovered :: explain SELECT k, c FROM sbtest%d WHERE k BETWEEN 5232385 AND 5232485
for range-notcovered
table 1 : explain SELECT k, c FROM sbtest1 WHERE k BETWEEN 5970124 AND 5970224
	Bitmap Heap Scan on sbtest1  (cost=5.51..420.88 rows=105 width=125)
	  Recheck Cond: ((k >= 5970124) AND (k <= 5970224))
	  ->  Bitmap Index Scan on k_1  (cost=0.00..5.48 rows=105 width=0)
	        Index Cond: ((k >= 5970124) AND (k <= 5970224))

table 2 : explain SELECT k, c FROM sbtest2 WHERE k BETWEEN 5970124 AND 5970224
	Bitmap Heap Scan on sbtest2  (cost=5.46..401.19 rows=100 width=125)
	  Recheck Cond: ((k >= 5970124) AND (k <= 5970224))
	  ->  Bitmap Index Scan on k_2  (cost=0.00..5.43 rows=100 width=0)
	        Index Cond: ((k >= 5970124) AND (k <= 5970224))

table 3 : explain SELECT k, c FROM sbtest3 WHERE k BETWEEN 5970124 AND 5970224
	Bitmap Heap Scan on sbtest3  (cost=5.46..401.19 rows=100 width=125)
	  Recheck Cond: ((k >= 5970124) AND (k <= 5970224))
	  ->  Bitmap Index Scan on k_3  (cost=0.00..5.43 rows=100 width=0)
	        Index Cond: ((k >= 5970124) AND (k <= 5970224))

table 4 : explain SELECT k, c FROM sbtest4 WHERE k BETWEEN 5970124 AND 5970224
	Bitmap Heap Scan on sbtest4  (cost=5.51..420.88 rows=105 width=125)
	  Recheck Cond: ((k >= 5970124) AND (k <= 5970224))
	  ->  Bitmap Index Scan on k_4  (cost=0.00..5.48 rows=105 width=0)
	        Index Cond: ((k >= 5970124) AND (k <= 5970224))

table 5 : explain SELECT k, c FROM sbtest5 WHERE k BETWEEN 5970124 AND 5970224
	Bitmap Heap Scan on sbtest5  (cost=5.55..436.62 rows=109 width=125)
	  Recheck Cond: ((k >= 5970124) AND (k <= 5970224))
	  ->  Bitmap Index Scan on k_5  (cost=0.00..5.52 rows=109 width=0)
	        Index Cond: ((k >= 5970124) AND (k <= 5970224))

table 6 : explain SELECT k, c FROM sbtest6 WHERE k BETWEEN 5970124 AND 5970224
	Bitmap Heap Scan on sbtest6  (cost=5.52..424.81 rows=106 width=125)
	  Recheck Cond: ((k >= 5970124) AND (k <= 5970224))
	  ->  Bitmap Index Scan on k_6  (cost=0.00..5.50 rows=106 width=0)
	        Index Cond: ((k >= 5970124) AND (k <= 5970224))

table 7 : explain SELECT k, c FROM sbtest7 WHERE k BETWEEN 5970124 AND 5970224
	Bitmap Heap Scan on sbtest7  (cost=5.48..409.07 rows=102 width=125)
	  Recheck Cond: ((k >= 5970124) AND (k <= 5970224))
	  ->  Bitmap Index Scan on k_7  (cost=0.00..5.45 rows=102 width=0)
	        Index Cond: ((k >= 5970124) AND (k <= 5970224))

table 8 : explain SELECT k, c FROM sbtest8 WHERE k BETWEEN 5970124 AND 5970224
	Bitmap Heap Scan on sbtest8  (cost=5.45..397.25 rows=99 width=125)
	  Recheck Cond: ((k >= 5970124) AND (k <= 5970224))
	  ->  Bitmap Index Scan on k_8  (cost=0.00..5.42 rows=99 width=0)
	        Index Cond: ((k >= 5970124) AND (k <= 5970224))

explain: for range-notcovered :: explain SELECT k, c FROM sbtest%d WHERE k BETWEEN 5970124 AND 5970224
for range-notcovered
table 1 : explain SELECT k, c FROM sbtest1 WHERE k BETWEEN 4741971 AND 4742071
	Bitmap Heap Scan on sbtest1  (cost=5.50..416.94 rows=104 width=125)
	  Recheck Cond: ((k >= 4741971) AND (k <= 4742071))
	  ->  Bitmap Index Scan on k_1  (cost=0.00..5.47 rows=104 width=0)
	        Index Cond: ((k >= 4741971) AND (k <= 4742071))

table 2 : explain SELECT k, c FROM sbtest2 WHERE k BETWEEN 4741971 AND 4742071
	Bitmap Heap Scan on sbtest2  (cost=5.55..436.62 rows=109 width=125)
	  Recheck Cond: ((k >= 4741971) AND (k <= 4742071))
	  ->  Bitmap Index Scan on k_2  (cost=0.00..5.52 rows=109 width=0)
	        Index Cond: ((k >= 4741971) AND (k <= 4742071))

table 3 : explain SELECT k, c FROM sbtest3 WHERE k BETWEEN 4741971 AND 4742071
	Bitmap Heap Scan on sbtest3  (cost=5.53..428.75 rows=107 width=125)
	  Recheck Cond: ((k >= 4741971) AND (k <= 4742071))
	  ->  Bitmap Index Scan on k_3  (cost=0.00..5.50 rows=107 width=0)
	        Index Cond: ((k >= 4741971) AND (k <= 4742071))

table 4 : explain SELECT k, c FROM sbtest4 WHERE k BETWEEN 4741971 AND 4742071
	Bitmap Heap Scan on sbtest4  (cost=5.43..389.37 rows=97 width=125)
	  Recheck Cond: ((k >= 4741971) AND (k <= 4742071))
	  ->  Bitmap Index Scan on k_4  (cost=0.00..5.40 rows=97 width=0)
	        Index Cond: ((k >= 4741971) AND (k <= 4742071))

table 5 : explain SELECT k, c FROM sbtest5 WHERE k BETWEEN 4741971 AND 4742071
	Bitmap Heap Scan on sbtest5  (cost=5.52..424.81 rows=106 width=125)
	  Recheck Cond: ((k >= 4741971) AND (k <= 4742071))
	  ->  Bitmap Index Scan on k_5  (cost=0.00..5.50 rows=106 width=0)
	        Index Cond: ((k >= 4741971) AND (k <= 4742071))

table 6 : explain SELECT k, c FROM sbtest6 WHERE k BETWEEN 4741971 AND 4742071
	Bitmap Heap Scan on sbtest6  (cost=5.48..409.07 rows=102 width=125)
	  Recheck Cond: ((k >= 4741971) AND (k <= 4742071))
	  ->  Bitmap Index Scan on k_6  (cost=0.00..5.45 rows=102 width=0)
	        Index Cond: ((k >= 4741971) AND (k <= 4742071))

table 7 : explain SELECT k, c FROM sbtest7 WHERE k BETWEEN 4741971 AND 4742071
	Bitmap Heap Scan on sbtest7  (cost=5.38..369.67 rows=92 width=125)
	  Recheck Cond: ((k >= 4741971) AND (k <= 4742071))
	  ->  Bitmap Index Scan on k_7  (cost=0.00..5.35 rows=92 width=0)
	        Index Cond: ((k >= 4741971) AND (k <= 4742071))

table 8 : explain SELECT k, c FROM sbtest8 WHERE k BETWEEN 4741971 AND 4742071
	Bitmap Heap Scan on sbtest8  (cost=5.39..373.61 rows=93 width=125)
	  Recheck Cond: ((k >= 4741971) AND (k <= 4742071))
	  ->  Bitmap Index Scan on k_8  (cost=0.00..5.36 rows=93 width=0)
	        Index Cond: ((k >= 4741971) AND (k <= 4742071))

for range-notcovered
table 1 : explain SELECT k, c FROM sbtest1 WHERE k BETWEEN 5232385 AND 5232485
	Bitmap Heap Scan on sbtest1  (cost=5.49..413.00 rows=103 width=125)
	  Recheck Cond: ((k >= 5232385) AND (k <= 5232485))
	  ->  Bitmap Index Scan on k_1  (cost=0.00..5.46 rows=103 width=0)
	        Index Cond: ((k >= 5232385) AND (k <= 5232485))

table 2 : explain SELECT k, c FROM sbtest2 WHERE k BETWEEN 5232385 AND 5232485
	Bitmap Heap Scan on sbtest2  (cost=5.49..413.00 rows=103 width=125)
	  Recheck Cond: ((k >= 5232385) AND (k <= 5232485))
	  ->  Bitmap Index Scan on k_2  (cost=0.00..5.46 rows=103 width=0)
	        Index Cond: ((k >= 5232385) AND (k <= 5232485))

table 3 : explain SELECT k, c FROM sbtest3 WHERE k BETWEEN 5232385 AND 5232485
	Bitmap Heap Scan on sbtest3  (cost=5.47..405.13 rows=101 width=125)
	  Recheck Cond: ((k >= 5232385) AND (k <= 5232485))
	  ->  Bitmap Index Scan on k_3  (cost=0.00..5.44 rows=101 width=0)
	        Index Cond: ((k >= 5232385) AND (k <= 5232485))

table 4 : explain SELECT k, c FROM sbtest4 WHERE k BETWEEN 5232385 AND 5232485
	Bitmap Heap Scan on sbtest4  (cost=5.47..405.13 rows=101 width=125)
	  Recheck Cond: ((k >= 5232385) AND (k <= 5232485))
	  ->  Bitmap Index Scan on k_4  (cost=0.00..5.44 rows=101 width=0)
	        Index Cond: ((k >= 5232385) AND (k <= 5232485))

table 5 : explain SELECT k, c FROM sbtest5 WHERE k BETWEEN 5232385 AND 5232485
	Bitmap Heap Scan on sbtest5  (cost=5.50..416.94 rows=104 width=125)
	  Recheck Cond: ((k >= 5232385) AND (k <= 5232485))
	  ->  Bitmap Index Scan on k_5  (cost=0.00..5.47 rows=104 width=0)
	        Index Cond: ((k >= 5232385) AND (k <= 5232485))

table 6 : explain SELECT k, c FROM sbtest6 WHERE k BETWEEN 5232385 AND 5232485
	Bitmap Heap Scan on sbtest6  (cost=5.40..377.55 rows=94 width=125)
	  Recheck Cond: ((k >= 5232385) AND (k <= 5232485))
	  ->  Bitmap Index Scan on k_6  (cost=0.00..5.38 rows=94 width=0)
	        Index Cond: ((k >= 5232385) AND (k <= 5232485))

table 7 : explain SELECT k, c FROM sbtest7 WHERE k BETWEEN 5232385 AND 5232485
	Bitmap Heap Scan on sbtest7  (cost=5.42..385.43 rows=96 width=125)
	  Recheck Cond: ((k >= 5232385) AND (k <= 5232485))
	  ->  Bitmap Index Scan on k_7  (cost=0.00..5.39 rows=96 width=0)
	        Index Cond: ((k >= 5232385) AND (k <= 5232485))

table 8 : explain SELECT k, c FROM sbtest8 WHERE k BETWEEN 5232385 AND 5232485
	Bitmap Heap Scan on sbtest8  (cost=5.46..401.19 rows=100 width=125)
	  Recheck Cond: ((k >= 5232385) AND (k <= 5232485))
	  ->  Bitmap Index Scan on k_8  (cost=0.00..5.43 rows=100 width=0)
	        Index Cond: ((k >= 5232385) AND (k <= 5232485))

explain: for range-notcovered :: explain SELECT k, c FROM sbtest%d WHERE k BETWEEN 4741971 AND 4742071
explain: for range-notcovered :: explain SELECT k, c FROM sbtest%d WHERE k BETWEEN 5232385 AND 5232485
for range-notcovered
table 1 : explain SELECT k, c FROM sbtest1 WHERE k BETWEEN 5970124 AND 5970224
	Bitmap Heap Scan on sbtest1  (cost=5.51..420.88 rows=105 width=125)
	  Recheck Cond: ((k >= 5970124) AND (k <= 5970224))
	  ->  Bitmap Index Scan on k_1  (cost=0.00..5.48 rows=105 width=0)
	        Index Cond: ((k >= 5970124) AND (k <= 5970224))

table 2 : explain SELECT k, c FROM sbtest2 WHERE k BETWEEN 5970124 AND 5970224
	Bitmap Heap Scan on sbtest2  (cost=5.46..401.19 rows=100 width=125)
	  Recheck Cond: ((k >= 5970124) AND (k <= 5970224))
	  ->  Bitmap Index Scan on k_2  (cost=0.00..5.43 rows=100 width=0)
	        Index Cond: ((k >= 5970124) AND (k <= 5970224))

table 3 : explain SELECT k, c FROM sbtest3 WHERE k BETWEEN 5970124 AND 5970224
	Bitmap Heap Scan on sbtest3  (cost=5.46..401.19 rows=100 width=125)
	  Recheck Cond: ((k >= 5970124) AND (k <= 5970224))
	  ->  Bitmap Index Scan on k_3  (cost=0.00..5.43 rows=100 width=0)
	        Index Cond: ((k >= 5970124) AND (k <= 5970224))

table 4 : explain SELECT k, c FROM sbtest4 WHERE k BETWEEN 5970124 AND 5970224
	Bitmap Heap Scan on sbtest4  (cost=5.51..420.88 rows=105 width=125)
	  Recheck Cond: ((k >= 5970124) AND (k <= 5970224))
	  ->  Bitmap Index Scan on k_4  (cost=0.00..5.48 rows=105 width=0)
	        Index Cond: ((k >= 5970124) AND (k <= 5970224))

table 5 : explain SELECT k, c FROM sbtest5 WHERE k BETWEEN 5970124 AND 5970224
	Bitmap Heap Scan on sbtest5  (cost=5.55..436.62 rows=109 width=125)
	  Recheck Cond: ((k >= 5970124) AND (k <= 5970224))
	  ->  Bitmap Index Scan on k_5  (cost=0.00..5.52 rows=109 width=0)
	        Index Cond: ((k >= 5970124) AND (k <= 5970224))

table 6 : explain SELECT k, c FROM sbtest6 WHERE k BETWEEN 5970124 AND 5970224
	Bitmap Heap Scan on sbtest6  (cost=5.52..424.81 rows=106 width=125)
	  Recheck Cond: ((k >= 5970124) AND (k <= 5970224))
	  ->  Bitmap Index Scan on k_6  (cost=0.00..5.50 rows=106 width=0)
	        Index Cond: ((k >= 5970124) AND (k <= 5970224))

table 7 : explain SELECT k, c FROM sbtest7 WHERE k BETWEEN 5970124 AND 5970224
	Bitmap Heap Scan on sbtest7  (cost=5.48..409.07 rows=102 width=125)
	  Recheck Cond: ((k >= 5970124) AND (k <= 5970224))
	  ->  Bitmap Index Scan on k_7  (cost=0.00..5.45 rows=102 width=0)
	        Index Cond: ((k >= 5970124) AND (k <= 5970224))

table 8 : explain SELECT k, c FROM sbtest8 WHERE k BETWEEN 5970124 AND 5970224
	Bitmap Heap Scan on sbtest8  (cost=5.45..397.25 rows=99 width=125)
	  Recheck Cond: ((k >= 5970124) AND (k <= 5970224))
	  ->  Bitmap Index Scan on k_8  (cost=0.00..5.42 rows=99 width=0)
	        Index Cond: ((k >= 5970124) AND (k <= 5970224))

explain: for range-notcovered :: explain SELECT k, c FROM sbtest%d WHERE k BETWEEN 5970124 AND 5970224
for range-notcovered
table 1 : explain SELECT k, c FROM sbtest1 WHERE k BETWEEN 4741971 AND 4742071
	Bitmap Heap Scan on sbtest1  (cost=5.50..416.94 rows=104 width=125)
	  Recheck Cond: ((k >= 4741971) AND (k <= 4742071))
	  ->  Bitmap Index Scan on k_1  (cost=0.00..5.47 rows=104 width=0)
	        Index Cond: ((k >= 4741971) AND (k <= 4742071))

table 2 : explain SELECT k, c FROM sbtest2 WHERE k BETWEEN 4741971 AND 4742071
	Bitmap Heap Scan on sbtest2  (cost=5.55..436.62 rows=109 width=125)
	  Recheck Cond: ((k >= 4741971) AND (k <= 4742071))
	  ->  Bitmap Index Scan on k_2  (cost=0.00..5.52 rows=109 width=0)
	        Index Cond: ((k >= 4741971) AND (k <= 4742071))

table 3 : explain SELECT k, c FROM sbtest3 WHERE k BETWEEN 4741971 AND 4742071
	Bitmap Heap Scan on sbtest3  (cost=5.53..428.75 rows=107 width=125)
	  Recheck Cond: ((k >= 4741971) AND (k <= 4742071))
	  ->  Bitmap Index Scan on k_3  (cost=0.00..5.50 rows=107 width=0)
	        Index Cond: ((k >= 4741971) AND (k <= 4742071))

table 4 : explain SELECT k, c FROM sbtest4 WHERE k BETWEEN 4741971 AND 4742071
	Bitmap Heap Scan on sbtest4  (cost=5.43..389.37 rows=97 width=125)
	  Recheck Cond: ((k >= 4741971) AND (k <= 4742071))
	  ->  Bitmap Index Scan on k_4  (cost=0.00..5.40 rows=97 width=0)
	        Index Cond: ((k >= 4741971) AND (k <= 4742071))

table 5 : explain SELECT k, c FROM sbtest5 WHERE k BETWEEN 4741971 AND 4742071
	Bitmap Heap Scan on sbtest5  (cost=5.52..424.81 rows=106 width=125)
	  Recheck Cond: ((k >= 4741971) AND (k <= 4742071))
	  ->  Bitmap Index Scan on k_5  (cost=0.00..5.50 rows=106 width=0)
	        Index Cond: ((k >= 4741971) AND (k <= 4742071))

table 6 : explain SELECT k, c FROM sbtest6 WHERE k BETWEEN 4741971 AND 4742071
	Bitmap Heap Scan on sbtest6  (cost=5.48..409.07 rows=102 width=125)
	  Recheck Cond: ((k >= 4741971) AND (k <= 4742071))
	  ->  Bitmap Index Scan on k_6  (cost=0.00..5.45 rows=102 width=0)
	        Index Cond: ((k >= 4741971) AND (k <= 4742071))

table 7 : explain SELECT k, c FROM sbtest7 WHERE k BETWEEN 4741971 AND 4742071
	Bitmap Heap Scan on sbtest7  (cost=5.38..369.67 rows=92 width=125)
	  Recheck Cond: ((k >= 4741971) AND (k <= 4742071))
	  ->  Bitmap Index Scan on k_7  (cost=0.00..5.35 rows=92 width=0)
	        Index Cond: ((k >= 4741971) AND (k <= 4742071))

table 8 : explain SELECT k, c FROM sbtest8 WHERE k BETWEEN 4741971 AND 4742071
	Bitmap Heap Scan on sbtest8  (cost=5.39..373.61 rows=93 width=125)
	  Recheck Cond: ((k >= 4741971) AND (k <= 4742071))
	  ->  Bitmap Index Scan on k_8  (cost=0.00..5.36 rows=93 width=0)
	        Index Cond: ((k >= 4741971) AND (k <= 4742071))

for range-notcovered
table 1 : explain SELECT k, c FROM sbtest1 WHERE k BETWEEN 5232385 AND 5232485
	Bitmap Heap Scan on sbtest1  (cost=5.49..413.00 rows=103 width=125)
	  Recheck Cond: ((k >= 5232385) AND (k <= 5232485))
	  ->  Bitmap Index Scan on k_1  (cost=0.00..5.46 rows=103 width=0)
	        Index Cond: ((k >= 5232385) AND (k <= 5232485))

table 2 : explain SELECT k, c FROM sbtest2 WHERE k BETWEEN 5232385 AND 5232485
	Bitmap Heap Scan on sbtest2  (cost=5.49..413.00 rows=103 width=125)
	  Recheck Cond: ((k >= 5232385) AND (k <= 5232485))
	  ->  Bitmap Index Scan on k_2  (cost=0.00..5.46 rows=103 width=0)
	        Index Cond: ((k >= 5232385) AND (k <= 5232485))

table 3 : explain SELECT k, c FROM sbtest3 WHERE k BETWEEN 5232385 AND 5232485
	Bitmap Heap Scan on sbtest3  (cost=5.47..405.13 rows=101 width=125)
	  Recheck Cond: ((k >= 5232385) AND (k <= 5232485))
	  ->  Bitmap Index Scan on k_3  (cost=0.00..5.44 rows=101 width=0)
	        Index Cond: ((k >= 5232385) AND (k <= 5232485))

table 4 : explain SELECT k, c FROM sbtest4 WHERE k BETWEEN 5232385 AND 5232485
	Bitmap Heap Scan on sbtest4  (cost=5.47..405.13 rows=101 width=125)
	  Recheck Cond: ((k >= 5232385) AND (k <= 5232485))
	  ->  Bitmap Index Scan on k_4  (cost=0.00..5.44 rows=101 width=0)
	        Index Cond: ((k >= 5232385) AND (k <= 5232485))

table 5 : explain SELECT k, c FROM sbtest5 WHERE k BETWEEN 5232385 AND 5232485
	Bitmap Heap Scan on sbtest5  (cost=5.50..416.94 rows=104 width=125)
	  Recheck Cond: ((k >= 5232385) AND (k <= 5232485))
	  ->  Bitmap Index Scan on k_5  (cost=0.00..5.47 rows=104 width=0)
	        Index Cond: ((k >= 5232385) AND (k <= 5232485))

table 6 : explain SELECT k, c FROM sbtest6 WHERE k BETWEEN 5232385 AND 5232485
	Bitmap Heap Scan on sbtest6  (cost=5.40..377.55 rows=94 width=125)
	  Recheck Cond: ((k >= 5232385) AND (k <= 5232485))
	  ->  Bitmap Index Scan on k_6  (cost=0.00..5.38 rows=94 width=0)
	        Index Cond: ((k >= 5232385) AND (k <= 5232485))

table 7 : explain SELECT k, c FROM sbtest7 WHERE k BETWEEN 5232385 AND 5232485
	Bitmap Heap Scan on sbtest7  (cost=5.42..385.43 rows=96 width=125)
	  Recheck Cond: ((k >= 5232385) AND (k <= 5232485))
	  ->  Bitmap Index Scan on k_7  (cost=0.00..5.39 rows=96 width=0)
	        Index Cond: ((k >= 5232385) AND (k <= 5232485))

table 8 : explain SELECT k, c FROM sbtest8 WHERE k BETWEEN 5232385 AND 5232485
	Bitmap Heap Scan on sbtest8  (cost=5.46..401.19 rows=100 width=125)
	  Recheck Cond: ((k >= 5232385) AND (k <= 5232485))
	  ->  Bitmap Index Scan on k_8  (cost=0.00..5.43 rows=100 width=0)
	        Index Cond: ((k >= 5232385) AND (k <= 5232485))

explain: for range-notcovered :: explain SELECT k, c FROM sbtest%d WHERE k BETWEEN 4741971 AND 4742071
for range-notcovered
table 1 : explain SELECT k, c FROM sbtest1 WHERE k BETWEEN 5970124 AND 5970224
	Bitmap Heap Scan on sbtest1  (cost=5.51..420.88 rows=105 width=125)
	  Recheck Cond: ((k >= 5970124) AND (k <= 5970224))
	  ->  Bitmap Index Scan on k_1  (cost=0.00..5.48 rows=105 width=0)
	        Index Cond: ((k >= 5970124) AND (k <= 5970224))

table 2 : explain SELECT k, c FROM sbtest2 WHERE k BETWEEN 5970124 AND 5970224
	Bitmap Heap Scan on sbtest2  (cost=5.46..401.19 rows=100 width=125)
	  Recheck Cond: ((k >= 5970124) AND (k <= 5970224))
	  ->  Bitmap Index Scan on k_2  (cost=0.00..5.43 rows=100 width=0)
	        Index Cond: ((k >= 5970124) AND (k <= 5970224))

table 3 : explain SELECT k, c FROM sbtest3 WHERE k BETWEEN 5970124 AND 5970224
	Bitmap Heap Scan on sbtest3  (cost=5.46..401.19 rows=100 width=125)
	  Recheck Cond: ((k >= 5970124) AND (k <= 5970224))
	  ->  Bitmap Index Scan on k_3  (cost=0.00..5.43 rows=100 width=0)
	        Index Cond: ((k >= 5970124) AND (k <= 5970224))

table 4 : explain SELECT k, c FROM sbtest4 WHERE k BETWEEN 5970124 AND 5970224
	Bitmap Heap Scan on sbtest4  (cost=5.51..420.88 rows=105 width=125)
	  Recheck Cond: ((k >= 5970124) AND (k <= 5970224))
	  ->  Bitmap Index Scan on k_4  (cost=0.00..5.48 rows=105 width=0)
	        Index Cond: ((k >= 5970124) AND (k <= 5970224))

table 5 : explain SELECT k, c FROM sbtest5 WHERE k BETWEEN 5970124 AND 5970224
	Bitmap Heap Scan on sbtest5  (cost=5.55..436.62 rows=109 width=125)
	  Recheck Cond: ((k >= 5970124) AND (k <= 5970224))
	  ->  Bitmap Index Scan on k_5  (cost=0.00..5.52 rows=109 width=0)
	        Index Cond: ((k >= 5970124) AND (k <= 5970224))

table 6 : explain SELECT k, c FROM sbtest6 WHERE k BETWEEN 5970124 AND 5970224
	Bitmap Heap Scan on sbtest6  (cost=5.52..424.81 rows=106 width=125)
	  Recheck Cond: ((k >= 5970124) AND (k <= 5970224))
	  ->  Bitmap Index Scan on k_6  (cost=0.00..5.50 rows=106 width=0)
	        Index Cond: ((k >= 5970124) AND (k <= 5970224))

table 7 : explain SELECT k, c FROM sbtest7 WHERE k BETWEEN 5970124 AND 5970224
	Bitmap Heap Scan on sbtest7  (cost=5.48..409.07 rows=102 width=125)
	  Recheck Cond: ((k >= 5970124) AND (k <= 5970224))
	  ->  Bitmap Index Scan on k_7  (cost=0.00..5.45 rows=102 width=0)
	        Index Cond: ((k >= 5970124) AND (k <= 5970224))

table 8 : explain SELECT k, c FROM sbtest8 WHERE k BETWEEN 5970124 AND 5970224
	Bitmap Heap Scan on sbtest8  (cost=5.45..397.25 rows=99 width=125)
	  Recheck Cond: ((k >= 5970124) AND (k <= 5970224))
	  ->  Bitmap Index Scan on k_8  (cost=0.00..5.42 rows=99 width=0)
	        Index Cond: ((k >= 5970124) AND (k <= 5970224))

explain: for range-notcovered :: explain SELECT k, c FROM sbtest%d WHERE k BETWEEN 5970124 AND 5970224
for range-notcovered
table 1 : explain SELECT k, c FROM sbtest1 WHERE k BETWEEN 4741971 AND 4742071
	Bitmap Heap Scan on sbtest1  (cost=5.50..416.94 rows=104 width=125)
	  Recheck Cond: ((k >= 4741971) AND (k <= 4742071))
	  ->  Bitmap Index Scan on k_1  (cost=0.00..5.47 rows=104 width=0)
	        Index Cond: ((k >= 4741971) AND (k <= 4742071))

table 2 : explain SELECT k, c FROM sbtest2 WHERE k BETWEEN 4741971 AND 4742071
	Bitmap Heap Scan on sbtest2  (cost=5.55..436.62 rows=109 width=125)
	  Recheck Cond: ((k >= 4741971) AND (k <= 4742071))
	  ->  Bitmap Index Scan on k_2  (cost=0.00..5.52 rows=109 width=0)
	        Index Cond: ((k >= 4741971) AND (k <= 4742071))

table 3 : explain SELECT k, c FROM sbtest3 WHERE k BETWEEN 4741971 AND 4742071
	Bitmap Heap Scan on sbtest3  (cost=5.53..428.75 rows=107 width=125)
	  Recheck Cond: ((k >= 4741971) AND (k <= 4742071))
	  ->  Bitmap Index Scan on k_3  (cost=0.00..5.50 rows=107 width=0)
	        Index Cond: ((k >= 4741971) AND (k <= 4742071))

table 4 : explain SELECT k, c FROM sbtest4 WHERE k BETWEEN 4741971 AND 4742071
	Bitmap Heap Scan on sbtest4  (cost=5.43..389.37 rows=97 width=125)
	  Recheck Cond: ((k >= 4741971) AND (k <= 4742071))
	  ->  Bitmap Index Scan on k_4  (cost=0.00..5.40 rows=97 width=0)
	        Index Cond: ((k >= 4741971) AND (k <= 4742071))

table 5 : explain SELECT k, c FROM sbtest5 WHERE k BETWEEN 4741971 AND 4742071
	Bitmap Heap Scan on sbtest5  (cost=5.52..424.81 rows=106 width=125)
	  Recheck Cond: ((k >= 4741971) AND (k <= 4742071))
	  ->  Bitmap Index Scan on k_5  (cost=0.00..5.50 rows=106 width=0)
	        Index Cond: ((k >= 4741971) AND (k <= 4742071))

table 6 : explain SELECT k, c FROM sbtest6 WHERE k BETWEEN 4741971 AND 4742071
	Bitmap Heap Scan on sbtest6  (cost=5.48..409.07 rows=102 width=125)
	  Recheck Cond: ((k >= 4741971) AND (k <= 4742071))
	  ->  Bitmap Index Scan on k_6  (cost=0.00..5.45 rows=102 width=0)
	        Index Cond: ((k >= 4741971) AND (k <= 4742071))

table 7 : explain SELECT k, c FROM sbtest7 WHERE k BETWEEN 4741971 AND 4742071
	Bitmap Heap Scan on sbtest7  (cost=5.38..369.67 rows=92 width=125)
	  Recheck Cond: ((k >= 4741971) AND (k <= 4742071))
	  ->  Bitmap Index Scan on k_7  (cost=0.00..5.35 rows=92 width=0)
	        Index Cond: ((k >= 4741971) AND (k <= 4742071))

table 8 : explain SELECT k, c FROM sbtest8 WHERE k BETWEEN 4741971 AND 4742071
	Bitmap Heap Scan on sbtest8  (cost=5.39..373.61 rows=93 width=125)
	  Recheck Cond: ((k >= 4741971) AND (k <= 4742071))
	  ->  Bitmap Index Scan on k_8  (cost=0.00..5.36 rows=93 width=0)
	        Index Cond: ((k >= 4741971) AND (k <= 4742071))

for range-notcovered
table 1 : explain SELECT k, c FROM sbtest1 WHERE k BETWEEN 5970124 AND 5970224
	Bitmap Heap Scan on sbtest1  (cost=5.51..420.88 rows=105 width=125)
	  Recheck Cond: ((k >= 5970124) AND (k <= 5970224))
	  ->  Bitmap Index Scan on k_1  (cost=0.00..5.48 rows=105 width=0)
	        Index Cond: ((k >= 5970124) AND (k <= 5970224))

table 2 : explain SELECT k, c FROM sbtest2 WHERE k BETWEEN 5970124 AND 5970224
	Bitmap Heap Scan on sbtest2  (cost=5.46..401.19 rows=100 width=125)
	  Recheck Cond: ((k >= 5970124) AND (k <= 5970224))
	  ->  Bitmap Index Scan on k_2  (cost=0.00..5.43 rows=100 width=0)
	        Index Cond: ((k >= 5970124) AND (k <= 5970224))

table 3 : explain SELECT k, c FROM sbtest3 WHERE k BETWEEN 5970124 AND 5970224
	Bitmap Heap Scan on sbtest3  (cost=5.46..401.19 rows=100 width=125)
	  Recheck Cond: ((k >= 5970124) AND (k <= 5970224))
	  ->  Bitmap Index Scan on k_3  (cost=0.00..5.43 rows=100 width=0)
	        Index Cond: ((k >= 5970124) AND (k <= 5970224))

table 4 : explain SELECT k, c FROM sbtest4 WHERE k BETWEEN 5970124 AND 5970224
	Bitmap Heap Scan on sbtest4  (cost=5.51..420.88 rows=105 width=125)
	  Recheck Cond: ((k >= 5970124) AND (k <= 5970224))
	  ->  Bitmap Index Scan on k_4  (cost=0.00..5.48 rows=105 width=0)
	        Index Cond: ((k >= 5970124) AND (k <= 5970224))

table 5 : explain SELECT k, c FROM sbtest5 WHERE k BETWEEN 5970124 AND 5970224
	Bitmap Heap Scan on sbtest5  (cost=5.55..436.62 rows=109 width=125)
	  Recheck Cond: ((k >= 5970124) AND (k <= 5970224))
	  ->  Bitmap Index Scan on k_5  (cost=0.00..5.52 rows=109 width=0)
	        Index Cond: ((k >= 5970124) AND (k <= 5970224))

table 6 : explain SELECT k, c FROM sbtest6 WHERE k BETWEEN 5970124 AND 5970224
	Bitmap Heap Scan on sbtest6  (cost=5.52..424.81 rows=106 width=125)
	  Recheck Cond: ((k >= 5970124) AND (k <= 5970224))
	  ->  Bitmap Index Scan on k_6  (cost=0.00..5.50 rows=106 width=0)
	        Index Cond: ((k >= 5970124) AND (k <= 5970224))

table 7 : explain SELECT k, c FROM sbtest7 WHERE k BETWEEN 5970124 AND 5970224
	Bitmap Heap Scan on sbtest7  (cost=5.48..409.07 rows=102 width=125)
	  Recheck Cond: ((k >= 5970124) AND (k <= 5970224))
	  ->  Bitmap Index Scan on k_7  (cost=0.00..5.45 rows=102 width=0)
	        Index Cond: ((k >= 5970124) AND (k <= 5970224))

table 8 : explain SELECT k, c FROM sbtest8 WHERE k BETWEEN 5970124 AND 5970224
	Bitmap Heap Scan on sbtest8  (cost=5.45..397.25 rows=99 width=125)
	  Recheck Cond: ((k >= 5970124) AND (k <= 5970224))
	  ->  Bitmap Index Scan on k_8  (cost=0.00..5.42 rows=99 width=0)
	        Index Cond: ((k >= 5970124) AND (k <= 5970224))

Threads started!

Warming up for 5 seconds...

SQL statistics:
    queries performed:
        read:                            104675246
        write:                           0
        other:                           0
        total:                           104675246
    transactions:                        104675246 (166149.69 per sec.)
    queries:                             104675246 (166149.69 per sec.)
    ignored errors:                      0      (0.00 per sec.)
    reconnects:                          0      (0.00 per sec.)

Throughput:
    events/s (eps):                      166149.6939
    time elapsed:                        630.0057s
    total number of events:              104675246

Latency (ms):
         min:                                    0.08
         avg:                                    0.24
         max:                                   16.29
         95th percentile:                        0.28
         sum:                             25157705.46

Threads fairness:
    events (avg/stddev):           2616878.7750/9939.17
    execution time (avg/stddev):   628.9426/0.05

