LUA_PATH=/home/mdcallag/git/mytools/bench/sysbench.lua/lua/?.lua /home/mdcallag/git/mytools/bench/sysbench.lua/lua/sysbench --db-driver=pgsql --range-size=10 --table-size=10000000 --tables=8 --threads=40 --events=0 --warmup-time=5 --time=630 --pgsql_conn_id=true /home/mdcallag/git/mytools/bench/sysbench.lua/lua/oltp_read_only.lua run --pgsql-user=root --pgsql-password=pw --pgsql-host=127.0.0.1 --pgsql-db=ib --rand-type=uniform
48 CPUs
sysbench 1.1.0-9072687 (using bundled LuaJIT 2.1.0-beta3)

Running the test with following options:
Number of threads: 40
Warmup time: 5s
Initializing random number generator from current time


Initializing worker threads...

explain: for point_selects :: explain SELECT c FROM sbtest%u WHERE id=%u
explain: for point_selects :: explain SELECT c FROM sbtest%u WHERE id=%u
explain: for point_selects :: explain SELECT c FROM sbtest%u WHERE id=%u
explain: for point_selects :: explain SELECT c FROM sbtest%u WHERE id=%u
explain: for point_selects :: explain SELECT c FROM sbtest%u WHERE id=%uexplain: for point_selects :: explain SELECT c FROM sbtest%u WHERE id=%uexplain: for point_selects :: explain SELECT c FROM sbtest%u WHERE id=%uexplain: for point_selects :: explain SELECT c FROM sbtest%u WHERE id=%u
explain: for point_selects :: explain SELECT c FROM sbtest%u WHERE id=%u
explain: for point_selects :: explain SELECT c FROM sbtest%u WHERE id=%u

explain: for point_selects :: explain SELECT c FROM sbtest%u WHERE id=%u
explain: for point_selects :: explain SELECT c FROM sbtest%u WHERE id=%u

explain: for point_selects :: explain SELECT c FROM sbtest%u WHERE id=%u

explain: for point_selects :: explain SELECT c FROM sbtest%u WHERE id=%u
explain: for point_selects :: explain SELECT c FROM sbtest%u WHERE id=%u
explain: for point_selects :: explain SELECT c FROM sbtest%u WHERE id=%u
explain: for point_selects :: explain SELECT c FROM sbtest%u WHERE id=%u
explain: for point_selects :: explain SELECT c FROM sbtest%u WHERE id=%u
explain: for point_selects :: explain SELECT c FROM sbtest%u WHERE id=%u
explain: for point_selects :: explain SELECT c FROM sbtest%u WHERE id=%u
explain: for point_selects :: explain SELECT c FROM sbtest%u WHERE id=%u
explain: for point_selects :: explain SELECT c FROM sbtest%u WHERE id=%u
explain: for point_selects :: explain SELECT c FROM sbtest%u WHERE id=%u
explain: for point_selects :: explain SELECT c FROM sbtest%u WHERE id=%u
explain: for point_selects :: explain SELECT c FROM sbtest%u WHERE id=%u
explain: for point_selects :: explain SELECT c FROM sbtest%u WHERE id=%u
explain: for point_selects :: explain SELECT c FROM sbtest%u WHERE id=%u
explain: for point_selects :: explain SELECT c FROM sbtest%u WHERE id=%u
explain: for point_selects :: explain SELECT c FROM sbtest%u WHERE id=%u
explain: for point_selects :: explain SELECT c FROM sbtest%u WHERE id=%u
explain: for point_selects :: explain SELECT c FROM sbtest%u WHERE id=%u
explain: for point_selects :: explain SELECT c FROM sbtest%u WHERE id=%u
for point_selects
table 1 : explain SELECT c FROM sbtest1 WHERE id=5373087
	Index Scan using sbtest1_pkey on sbtest1  (cost=0.43..8.45 rows=1 width=121)
	  Index Cond: (id = 5373087)

table 2 : explain SELECT c FROM sbtest2 WHERE id=9309834
	Index Scan using sbtest2_pkey on sbtest2  (cost=0.43..8.45 rows=1 width=121)
	  Index Cond: (id = 9309834)

table 3 : explain SELECT c FROM sbtest3 WHERE id=141635
	Index Scan using sbtest3_pkey on sbtest3  (cost=0.43..8.45 rows=1 width=121)
	  Index Cond: (id = 141635)

table 4 : explain SELECT c FROM sbtest4 WHERE id=7669903
	Index Scan using sbtest4_pkey on sbtest4  (cost=0.43..8.45 rows=1 width=121)
	  Index Cond: (id = 7669903)

table 5 : explain SELECT c FROM sbtest5 WHERE id=2189878
	Index Scan using sbtest5_pkey on sbtest5  (cost=0.43..8.45 rows=1 width=121)
	  Index Cond: (id = 2189878)

table 6 : explain SELECT c FROM sbtest6 WHERE id=4090380
	Index Scan using sbtest6_pkey on sbtest6  (cost=0.43..8.45 rows=1 width=121)
	  Index Cond: (id = 4090380)

table 7 : explain SELECT c FROM sbtest7 WHERE id=9794811
	Index Scan using sbtest7_pkey on sbtest7  (cost=0.43..8.45 rows=1 width=121)
	  Index Cond: (id = 9794811)

table 8 : explain SELECT c FROM sbtest8 WHERE id=5585500
	Index Scan using sbtest8_pkey on sbtest8  (cost=0.43..8.45 rows=1 width=121)
	  Index Cond: (id = 5585500)

explain: for point_selects :: explain SELECT c FROM sbtest%u WHERE id=%u
explain: for point_selects :: explain SELECT c FROM sbtest%u WHERE id=%u
explain: for point_selects :: explain SELECT c FROM sbtest%u WHERE id=%u
explain: for point_selects :: explain SELECT c FROM sbtest%u WHERE id=%u
for point_selects
table 1 : explain SELECT c FROM sbtest1 WHERE id=1288329
	Index Scan using sbtest1_pkey on sbtest1  (cost=0.43..8.45 rows=1 width=121)
	  Index Cond: (id = 1288329)

table 2 : explain SELECT c FROM sbtest2 WHERE id=5442443
	Index Scan using sbtest2_pkey on sbtest2  (cost=0.43..8.45 rows=1 width=121)
	  Index Cond: (id = 5442443)

table 3 : explain SELECT c FROM sbtest3 WHERE id=9576176
	Index Scan using sbtest3_pkey on sbtest3  (cost=0.43..8.45 rows=1 width=121)
	  Index Cond: (id = 9576176)

table 4 : explain SELECT c FROM sbtest4 WHERE id=6629023
	Index Scan using sbtest4_pkey on sbtest4  (cost=0.43..8.45 rows=1 width=121)
	  Index Cond: (id = 6629023)

table 5 : explain SELECT c FROM sbtest5 WHERE id=3297847
	Index Scan using sbtest5_pkey on sbtest5  (cost=0.43..8.45 rows=1 width=121)
	  Index Cond: (id = 3297847)

table 6 : explain SELECT c FROM sbtest6 WHERE id=2266260
	Index Scan using sbtest6_pkey on sbtest6  (cost=0.43..8.45 rows=1 width=121)
	  Index Cond: (id = 2266260)

table 7 : explain SELECT c FROM sbtest7 WHERE id=2804155
	Index Scan using sbtest7_pkey on sbtest7  (cost=0.43..8.45 rows=1 width=121)
	  Index Cond: (id = 2804155)

table 8 : explain SELECT c FROM sbtest8 WHERE id=3669642
	Index Scan using sbtest8_pkey on sbtest8  (cost=0.43..8.45 rows=1 width=121)
	  Index Cond: (id = 3669642)

explain: for point_selects :: explain SELECT c FROM sbtest%u WHERE id=%u
explain: for point_selects :: explain SELECT c FROM sbtest%u WHERE id=%u
for point_selects
table 1 : explain SELECT c FROM sbtest1 WHERE id=9707479
	Index Scan using sbtest1_pkey on sbtest1  (cost=0.43..8.45 rows=1 width=121)
	  Index Cond: (id = 9707479)

table 2 : explain SELECT c FROM sbtest2 WHERE id=3402047
	Index Scan using sbtest2_pkey on sbtest2  (cost=0.43..8.45 rows=1 width=121)
	  Index Cond: (id = 3402047)

table 3 : explain SELECT c FROM sbtest3 WHERE id=198559
	Index Scan using sbtest3_pkey on sbtest3  (cost=0.43..8.45 rows=1 width=121)
	  Index Cond: (id = 198559)

table 4 : explain SELECT c FROM sbtest4 WHERE id=626511
	Index Scan using sbtest4_pkey on sbtest4  (cost=0.43..8.45 rows=1 width=121)
	  Index Cond: (id = 626511)

table 5 : explain SELECT c FROM sbtest5 WHERE id=9578165
	Index Scan using sbtest5_pkey on sbtest5  (cost=0.43..8.45 rows=1 width=121)
	  Index Cond: (id = 9578165)

table 6 : explain SELECT c FROM sbtest6 WHERE id=2519046
	Index Scan using sbtest6_pkey on sbtest6  (cost=0.43..8.45 rows=1 width=121)
	  Index Cond: (id = 2519046)

table 7 : explain SELECT c FROM sbtest7 WHERE id=736459
	Index Scan using sbtest7_pkey on sbtest7  (cost=0.43..8.45 rows=1 width=121)
	  Index Cond: (id = 736459)

table 8 : explain SELECT c FROM sbtest8 WHERE id=9227722
	Index Scan using sbtest8_pkey on sbtest8  (cost=0.43..8.45 rows=1 width=121)
	  Index Cond: (id = 9227722)

for point_selects
table 1 : explain SELECT c FROM sbtest1 WHERE id=7421676
	Index Scan using sbtest1_pkey on sbtest1  (cost=0.43..8.45 rows=1 width=121)
	  Index Cond: (id = 7421676)

table 2 : explain SELECT c FROM sbtest2 WHERE id=1902845
	Index Scan using sbtest2_pkey on sbtest2  (cost=0.43..8.45 rows=1 width=121)
	  Index Cond: (id = 1902845)

table 3 : explain SELECT c FROM sbtest3 WHERE id=747763
	Index Scan using sbtest3_pkey on sbtest3  (cost=0.43..8.45 rows=1 width=121)
	  Index Cond: (id = 747763)

table 4 : explain SELECT c FROM sbtest4 WHERE id=9004315
	Index Scan using sbtest4_pkey on sbtest4  (cost=0.43..8.45 rows=1 width=121)
	  Index Cond: (id = 9004315)

table 5 : explain SELECT c FROM sbtest5 WHERE id=6911502
	Index Scan using sbtest5_pkey on sbtest5  (cost=0.43..8.45 rows=1 width=121)
	  Index Cond: (id = 6911502)

table 6 : explain SELECT c FROM sbtest6 WHERE id=9245413
	Index Scan using sbtest6_pkey on sbtest6  (cost=0.43..8.45 rows=1 width=121)
	  Index Cond: (id = 9245413)

table 7 : explain SELECT c FROM sbtest7 WHERE id=5183544
	Index Scan using sbtest7_pkey on sbtest7  (cost=0.43..8.45 rows=1 width=121)
	  Index Cond: (id = 5183544)

table 8 : explain SELECT c FROM sbtest8 WHERE id=1540536
	Index Scan using sbtest8_pkey on sbtest8  (cost=0.43..8.45 rows=1 width=121)
	  Index Cond: (id = 1540536)

for point_selects
table 1 : explain SELECT c FROM sbtest1 WHERE id=2749516
	Index Scan using sbtest1_pkey on sbtest1  (cost=0.43..8.45 rows=1 width=121)
	  Index Cond: (id = 2749516)

table 2 : explain SELECT c FROM sbtest2 WHERE id=3427912
	Index Scan using sbtest2_pkey on sbtest2  (cost=0.43..8.45 rows=1 width=121)
	  Index Cond: (id = 3427912)

table 3 : explain SELECT c FROM sbtest3 WHERE id=823032
	Index Scan using sbtest3_pkey on sbtest3  (cost=0.43..8.45 rows=1 width=121)
	  Index Cond: (id = 823032)

table 4 : explain SELECT c FROM sbtest4 WHERE id=9105037
	Index Scan using sbtest4_pkey on sbtest4  (cost=0.43..8.45 rows=1 width=121)
	  Index Cond: (id = 9105037)

table 5 : explain SELECT c FROM sbtest5 WHERE id=4814121
	Index Scan using sbtest5_pkey on sbtest5  (cost=0.43..8.45 rows=1 width=121)
	  Index Cond: (id = 4814121)

table 6 : explain SELECT c FROM sbtest6 WHERE id=2722145
	Index Scan using sbtest6_pkey on sbtest6  (cost=0.43..8.45 rows=1 width=121)
	  Index Cond: (id = 2722145)

table 7 : explain SELECT c FROM sbtest7 WHERE id=4298112
	Index Scan using sbtest7_pkey on sbtest7  (cost=0.43..8.45 rows=1 width=121)
	  Index Cond: (id = 4298112)

table 8 : explain SELECT c FROM sbtest8 WHERE id=5224498
	Index Scan using sbtest8_pkey on sbtest8  (cost=0.43..8.45 rows=1 width=121)
	  Index Cond: (id = 5224498)

explain: for point_selects :: explain SELECT c FROM sbtest%u WHERE id=%u
for point_selects
table 1 : explain SELECT c FROM sbtest1 WHERE id=6851114
	Index Scan using sbtest1_pkey on sbtest1  (cost=0.43..8.45 rows=1 width=121)
	  Index Cond: (id = 6851114)

table 2 : explain SELECT c FROM sbtest2 WHERE id=4849677
	Index Scan using sbtest2_pkey on sbtest2  (cost=0.43..8.45 rows=1 width=121)
	  Index Cond: (id = 4849677)

table 3 : explain SELECT c FROM sbtest3 WHERE id=1521754
	Index Scan using sbtest3_pkey on sbtest3  (cost=0.43..8.45 rows=1 width=121)
	  Index Cond: (id = 1521754)

table 4 : explain SELECT c FROM sbtest4 WHERE id=4755777
	Index Scan using sbtest4_pkey on sbtest4  (cost=0.43..8.45 rows=1 width=121)
	  Index Cond: (id = 4755777)

table 5 : explain SELECT c FROM sbtest5 WHERE id=5899094
	Index Scan using sbtest5_pkey on sbtest5  (cost=0.43..8.45 rows=1 width=121)
	  Index Cond: (id = 5899094)

table 6 : explain SELECT c FROM sbtest6 WHERE id=2804875
	Index Scan using sbtest6_pkey on sbtest6  (cost=0.43..8.45 rows=1 width=121)
	  Index Cond: (id = 2804875)

table 7 : explain SELECT c FROM sbtest7 WHERE id=8387811
	Index Scan using sbtest7_pkey on sbtest7  (cost=0.43..8.45 rows=1 width=121)
	  Index Cond: (id = 8387811)

table 8 : explain SELECT c FROM sbtest8 WHERE id=6182730
	Index Scan using sbtest8_pkey on sbtest8  (cost=0.43..8.45 rows=1 width=121)
	  Index Cond: (id = 6182730)

for point_selects
table 1 : explain SELECT c FROM sbtest1 WHERE id=8014255
	Index Scan using sbtest1_pkey on sbtest1  (cost=0.43..8.45 rows=1 width=121)
	  Index Cond: (id = 8014255)

table 2 : explain SELECT c FROM sbtest2 WHERE id=2666385
	Index Scan using sbtest2_pkey on sbtest2  (cost=0.43..8.45 rows=1 width=121)
	  Index Cond: (id = 2666385)

table 3 : explain SELECT c FROM sbtest3 WHERE id=5508623
	Index Scan using sbtest3_pkey on sbtest3  (cost=0.43..8.45 rows=1 width=121)
	  Index Cond: (id = 5508623)

table 4 : explain SELECT c FROM sbtest4 WHERE id=882611
	Index Scan using sbtest4_pkey on sbtest4  (cost=0.43..8.45 rows=1 width=121)
	  Index Cond: (id = 882611)

table 5 : explain SELECT c FROM sbtest5 WHERE id=576517
	Index Scan using sbtest5_pkey on sbtest5  (cost=0.43..8.45 rows=1 width=121)
	  Index Cond: (id = 576517)

table 6 : explain SELECT c FROM sbtest6 WHERE id=4075626
	Index Scan using sbtest6_pkey on sbtest6  (cost=0.43..8.45 rows=1 width=121)
	  Index Cond: (id = 4075626)

table 7 : explain SELECT c FROM sbtest7 WHERE id=2338136
	Index Scan using sbtest7_pkey on sbtest7  (cost=0.43..8.45 rows=1 width=121)
	  Index Cond: (id = 2338136)

table 8 : explain SELECT c FROM sbtest8 WHERE id=1308008
	Index Scan using sbtest8_pkey on sbtest8  (cost=0.43..8.45 rows=1 width=121)
	  Index Cond: (id = 1308008)

for point_selects
table 1 : explain SELECT c FROM sbtest1 WHERE id=8385130
	Index Scan using sbtest1_pkey on sbtest1  (cost=0.43..8.45 rows=1 width=121)
	  Index Cond: (id = 8385130)

table 2 : explain SELECT c FROM sbtest2 WHERE id=9244397
	Index Scan using sbtest2_pkey on sbtest2  (cost=0.43..8.45 rows=1 width=121)
	  Index Cond: (id = 9244397)

table 3 : explain SELECT c FROM sbtest3 WHERE id=8815566
	Index Scan using sbtest3_pkey on sbtest3  (cost=0.43..8.45 rows=1 width=121)
	  Index Cond: (id = 8815566)

table 4 : explain SELECT c FROM sbtest4 WHERE id=6855816
	Index Scan using sbtest4_pkey on sbtest4  (cost=0.43..8.45 rows=1 width=121)
	  Index Cond: (id = 6855816)

table 5 : explain SELECT c FROM sbtest5 WHERE id=5315767
	Index Scan using sbtest5_pkey on sbtest5  (cost=0.43..8.45 rows=1 width=121)
	  Index Cond: (id = 5315767)

table 6 : explain SELECT c FROM sbtest6 WHERE id=5793900
	Index Scan using sbtest6_pkey on sbtest6  (cost=0.43..8.45 rows=1 width=121)
	  Index Cond: (id = 5793900)

table 7 : explain SELECT c FROM sbtest7 WHERE id=8155958
	Index Scan using sbtest7_pkey on sbtest7  (cost=0.43..8.45 rows=1 width=121)
	  Index Cond: (id = 8155958)

table 8 : explain SELECT c FROM sbtest8 WHERE id=6660035
	Index Scan using sbtest8_pkey on sbtest8  (cost=0.43..8.45 rows=1 width=121)
	  Index Cond: (id = 6660035)

for point_selects
table 1 : explain SELECT c FROM sbtest1 WHERE id=7448559
	Index Scan using sbtest1_pkey on sbtest1  (cost=0.43..8.45 rows=1 width=121)
	  Index Cond: (id = 7448559)

table 2 : explain SELECT c FROM sbtest2 WHERE id=2646302
	Index Scan using sbtest2_pkey on sbtest2  (cost=0.43..8.45 rows=1 width=121)
	  Index Cond: (id = 2646302)

table 3 : explain SELECT c FROM sbtest3 WHERE id=4748306
	Index Scan using sbtest3_pkey on sbtest3  (cost=0.43..8.45 rows=1 width=121)
	  Index Cond: (id = 4748306)

table 4 : explain SELECT c FROM sbtest4 WHERE id=6505353
	Index Scan using sbtest4_pkey on sbtest4  (cost=0.43..8.45 rows=1 width=121)
	  Index Cond: (id = 6505353)

table 5 : explain SELECT c FROM sbtest5 WHERE id=1304931
	Index Scan using sbtest5_pkey on sbtest5  (cost=0.43..8.45 rows=1 width=121)
	  Index Cond: (id = 1304931)

table 6 : explain SELECT c FROM sbtest6 WHERE id=8835660
	Index Scan using sbtest6_pkey on sbtest6  (cost=0.43..8.45 rows=1 width=121)
	  Index Cond: (id = 8835660)

table 7 : explain SELECT c FROM sbtest7 WHERE id=6028466
	Index Scan using sbtest7_pkey on sbtest7  (cost=0.43..8.45 rows=1 width=121)
	  Index Cond: (id = 6028466)

table 8 : explain SELECT c FROM sbtest8 WHERE id=6807762
	Index Scan using sbtest8_pkey on sbtest8  (cost=0.43..8.45 rows=1 width=121)
	  Index Cond: (id = 6807762)

for point_selects
table 1 : explain SELECT c FROM sbtest1 WHERE id=661243
	Index Scan using sbtest1_pkey on sbtest1  (cost=0.43..8.45 rows=1 width=121)
	  Index Cond: (id = 661243)

table 2 : explain SELECT c FROM sbtest2 WHERE id=6867611
	Index Scan using sbtest2_pkey on sbtest2  (cost=0.43..8.45 rows=1 width=121)
	  Index Cond: (id = 6867611)

table 3 : explain SELECT c FROM sbtest3 WHERE id=8991829
	Index Scan using sbtest3_pkey on sbtest3  (cost=0.43..8.45 rows=1 width=121)
	  Index Cond: (id = 8991829)

table 4 : explain SELECT c FROM sbtest4 WHERE id=9931797
	Index Scan using sbtest4_pkey on sbtest4  (cost=0.43..8.45 rows=1 width=121)
	  Index Cond: (id = 9931797)

table 5 : explain SELECT c FROM sbtest5 WHERE id=3868574
	Index Scan using sbtest5_pkey on sbtest5  (cost=0.43..8.45 rows=1 width=121)
	  Index Cond: (id = 3868574)

table 6 : explain SELECT c FROM sbtest6 WHERE id=209728
	Index Scan using sbtest6_pkey on sbtest6  (cost=0.43..8.45 rows=1 width=121)
	  Index Cond: (id = 209728)

table 7 : explain SELECT c FROM sbtest7 WHERE id=2602510
	Index Scan using sbtest7_pkey on sbtest7  (cost=0.43..8.45 rows=1 width=121)
	  Index Cond: (id = 2602510)

table 8 : explain SELECT c FROM sbtest8 WHERE id=6319520
	Index Scan using sbtest8_pkey on sbtest8  (cost=0.43..8.45 rows=1 width=121)
	  Index Cond: (id = 6319520)
for point_selects
table 1 : explain SELECT c FROM sbtest1 WHERE id=3632461
	Index Scan using sbtest1_pkey on sbtest1  (cost=0.43..8.45 rows=1 width=121)
	  Index Cond: (id = 3632461)

table 2 : explain SELECT c FROM sbtest2 WHERE id=9639460
	Index Scan using sbtest2_pkey on sbtest2  (cost=0.43..8.45 rows=1 width=121)
	  Index Cond: (id = 9639460)

table 3 : explain SELECT c FROM sbtest3 WHERE id=325323
	Index Scan using sbtest3_pkey on sbtest3  (cost=0.43..8.45 rows=1 width=121)
	  Index Cond: (id = 325323)

table 4 : explain SELECT c FROM sbtest4 WHERE id=4387696
	Index Scan using sbtest4_pkey on sbtest4  (cost=0.43..8.45 rows=1 width=121)
	  Index Cond: (id = 4387696)

table 5 : explain SELECT c FROM sbtest5 WHERE id=5632273
	Index Scan using sbtest5_pkey on sbtest5  (cost=0.43..8.45 rows=1 width=121)
	  Index Cond: (id = 5632273)

table 6 : explain SELECT c FROM sbtest6 WHERE id=8743507
	Index Scan using sbtest6_pkey on sbtest6  (cost=0.43..8.45 rows=1 width=121)
	  Index Cond: (id = 8743507)

table 7 : explain SELECT c FROM sbtest7 WHERE id=3796419
	Index Scan using sbtest7_pkey on sbtest7  (cost=0.43..8.45 rows=1 width=121)
	  Index Cond: (id = 3796419)

table 8 : explain SELECT c FROM sbtest8 WHERE id=2961518
	Index Scan using sbtest8_pkey on sbtest8  (cost=0.43..8.45 rows=1 width=121)
	  Index Cond: (id = 2961518)
for point_selects
table 1 : explain SELECT c FROM sbtest1 WHERE id=4883313
	Index Scan using sbtest1_pkey on sbtest1  (cost=0.43..8.45 rows=1 width=121)
	  Index Cond: (id = 4883313)

table 2 : explain SELECT c FROM sbtest2 WHERE id=514317
	Index Scan using sbtest2_pkey on sbtest2  (cost=0.43..8.45 rows=1 width=121)
	  Index Cond: (id = 514317)

table 3 : explain SELECT c FROM sbtest3 WHERE id=5058173
	Index Scan using sbtest3_pkey on sbtest3  (cost=0.43..8.45 rows=1 width=121)
	  Index Cond: (id = 5058173)

table 4 : explain SELECT c FROM sbtest4 WHERE id=7359898
	Index Scan using sbtest4_pkey on sbtest4  (cost=0.43..8.45 rows=1 width=121)
	  Index Cond: (id = 7359898)

table 5 : explain SELECT c FROM sbtest5 WHERE id=9254567
	Index Scan using sbtest5_pkey on sbtest5  (cost=0.43..8.45 rows=1 width=121)
	  Index Cond: (id = 9254567)

table 6 : explain SELECT c FROM sbtest6 WHERE id=1700197
	Index Scan using sbtest6_pkey on sbtest6  (cost=0.43..8.45 rows=1 width=121)
	  Index Cond: (id = 1700197)

table 7 : explain SELECT c FROM sbtest7 WHERE id=1381801
	Index Scan using sbtest7_pkey on sbtest7  (cost=0.43..8.45 rows=1 width=121)
	  Index Cond: (id = 1381801)

table 8 : explain SELECT c FROM sbtest8 WHERE id=3546302
	Index Scan using sbtest8_pkey on sbtest8  (cost=0.43..8.45 rows=1 width=121)
	  Index Cond: (id = 3546302)

for point_selects
table 1 : explain SELECT c FROM sbtest1 WHERE id=8168327
	Index Scan using sbtest1_pkey on sbtest1  (cost=0.43..8.45 rows=1 width=121)
	  Index Cond: (id = 8168327)

table 2 : explain SELECT c FROM sbtest2 WHERE id=9328725
	Index Scan using sbtest2_pkey on sbtest2  (cost=0.43..8.45 rows=1 width=121)
	  Index Cond: (id = 9328725)

table 3 : explain SELECT c FROM sbtest3 WHERE id=3400181
	Index Scan using sbtest3_pkey on sbtest3  (cost=0.43..8.45 rows=1 width=121)
	  Index Cond: (id = 3400181)

table 4 : explain SELECT c FROM sbtest4 WHERE id=44823
	Index Scan using sbtest4_pkey on sbtest4  (cost=0.43..8.45 rows=1 width=121)
	  Index Cond: (id = 44823)

table 5 : explain SELECT c FROM sbtest5 WHERE id=8269862
	Index Scan using sbtest5_pkey on sbtest5  (cost=0.43..8.45 rows=1 width=121)
	  Index Cond: (id = 8269862)

table 6 : explain SELECT c FROM sbtest6 WHERE id=9588961
	Index Scan using sbtest6_pkey on sbtest6  (cost=0.43..8.45 rows=1 width=121)
	  Index Cond: (id = 9588961)

table 7 : explain SELECT c FROM sbtest7 WHERE id=6950029
	Index Scan using sbtest7_pkey on sbtest7  (cost=0.43..8.45 rows=1 width=121)
	  Index Cond: (id = 6950029)

table 8 : explain SELECT c FROM sbtest8 WHERE id=7229170
	Index Scan using sbtest8_pkey on sbtest8  (cost=0.43..8.45 rows=1 width=121)
	  Index Cond: (id = 7229170)

for point_selects
table 1 : explain SELECT c FROM sbtest1 WHERE id=3889888
	Index Scan using sbtest1_pkey on sbtest1  (cost=0.43..8.45 rows=1 width=121)
	  Index Cond: (id = 3889888)

table 2 : explain SELECT c FROM sbtest2 WHERE id=7370720
	Index Scan using sbtest2_pkey on sbtest2  (cost=0.43..8.45 rows=1 width=121)
	  Index Cond: (id = 7370720)

table 3 : explain SELECT c FROM sbtest3 WHERE id=9732115
	Index Scan using sbtest3_pkey on sbtest3  (cost=0.43..8.45 rows=1 width=121)
	  Index Cond: (id = 9732115)

table 4 : explain SELECT c FROM sbtest4 WHERE id=122763
	Index Scan using sbtest4_pkey on sbtest4  (cost=0.43..8.45 rows=1 width=121)
	  Index Cond: (id = 122763)

table 5 : explain SELECT c FROM sbtest5 WHERE id=1362560
	Index Scan using sbtest5_pkey on sbtest5  (cost=0.43..8.45 rows=1 width=121)
	  Index Cond: (id = 1362560)

table 6 : explain SELECT c FROM sbtest6 WHERE id=8986193
	Index Scan using sbtest6_pkey on sbtest6  (cost=0.43..8.45 rows=1 width=121)
	  Index Cond: (id = 8986193)

table 7 : explain SELECT c FROM sbtest7 WHERE id=8564031
	Index Scan using sbtest7_pkey on sbtest7  (cost=0.43..8.45 rows=1 width=121)
	  Index Cond: (id = 8564031)

table 8 : explain SELECT c FROM sbtest8 WHERE id=7432819
	Index Scan using sbtest8_pkey on sbtest8  (cost=0.43..8.45 rows=1 width=121)
	  Index Cond: (id = 7432819)

for point_selects
table 1 : explain SELECT c FROM sbtest1 WHERE id=8659777
	Index Scan using sbtest1_pkey on sbtest1  (cost=0.43..8.45 rows=1 width=121)
	  Index Cond: (id = 8659777)

table 2 : explain SELECT c FROM sbtest2 WHERE id=2345459
	Index Scan using sbtest2_pkey on sbtest2  (cost=0.43..8.45 rows=1 width=121)
	  Index Cond: (id = 2345459)

table 3 : explain SELECT c FROM sbtest3 WHERE id=583269
	Index Scan using sbtest3_pkey on sbtest3  (cost=0.43..8.45 rows=1 width=121)
	  Index Cond: (id = 583269)

table 4 : explain SELECT c FROM sbtest4 WHERE id=3489172
	Index Scan using sbtest4_pkey on sbtest4  (cost=0.43..8.45 rows=1 width=121)
	  Index Cond: (id = 3489172)

table 5 : explain SELECT c FROM sbtest5 WHERE id=8923734
	Index Scan using sbtest5_pkey on sbtest5  (cost=0.43..8.45 rows=1 width=121)
	  Index Cond: (id = 8923734)

table 6 : explain SELECT c FROM sbtest6 WHERE id=6231592
	Index Scan using sbtest6_pkey on sbtest6  (cost=0.43..8.45 rows=1 width=121)
	  Index Cond: (id = 6231592)

table 7 : explain SELECT c FROM sbtest7 WHERE id=2609419
	Index Scan using sbtest7_pkey on sbtest7  (cost=0.43..8.45 rows=1 width=121)
	  Index Cond: (id = 2609419)

table 8 : explain SELECT c FROM sbtest8 WHERE id=3249141
	Index Scan using sbtest8_pkey on sbtest8  (cost=0.43..8.45 rows=1 width=121)
	  Index Cond: (id = 3249141)

for point_selects
table 1 : explain SELECT c FROM sbtest1 WHERE id=7007485
	Index Scan using sbtest1_pkey on sbtest1  (cost=0.43..8.45 rows=1 width=121)
	  Index Cond: (id = 7007485)

table 2 : explain SELECT c FROM sbtest2 WHERE id=4975953
	Index Scan using sbtest2_pkey on sbtest2  (cost=0.43..8.45 rows=1 width=121)
	  Index Cond: (id = 4975953)

table 3 : explain SELECT c FROM sbtest3 WHERE id=1448157
	Index Scan using sbtest3_pkey on sbtest3  (cost=0.43..8.45 rows=1 width=121)
	  Index Cond: (id = 1448157)

table 4 : explain SELECT c FROM sbtest4 WHERE id=5658384
	Index Scan using sbtest4_pkey on sbtest4  (cost=0.43..8.45 rows=1 width=121)
	  Index Cond: (id = 5658384)

table 5 : explain SELECT c FROM sbtest5 WHERE id=7519921
	Index Scan using sbtest5_pkey on sbtest5  (cost=0.43..8.45 rows=1 width=121)
	  Index Cond: (id = 7519921)

table 6 : explain SELECT c FROM sbtest6 WHERE id=2371657
	Index Scan using sbtest6_pkey on sbtest6  (cost=0.43..8.45 rows=1 width=121)
	  Index Cond: (id = 2371657)

table 7 : explain SELECT c FROM sbtest7 WHERE id=1476531
	Index Scan using sbtest7_pkey on sbtest7  (cost=0.43..8.45 rows=1 width=121)
	  Index Cond: (id = 1476531)

table 8 : explain SELECT c FROM sbtest8 WHERE id=1040893
	Index Scan using sbtest8_pkey on sbtest8  (cost=0.43..8.45 rows=1 width=121)
	  Index Cond: (id = 1040893)

for point_selects
table 1 : explain SELECT c FROM sbtest1 WHERE id=9557180
	Index Scan using sbtest1_pkey on sbtest1  (cost=0.43..8.45 rows=1 width=121)
	  Index Cond: (id = 9557180)

table 2 : explain SELECT c FROM sbtest2 WHERE id=2444813
	Index Scan using sbtest2_pkey on sbtest2  (cost=0.43..8.45 rows=1 width=121)
	  Index Cond: (id = 2444813)

table 3 : explain SELECT c FROM sbtest3 WHERE id=8352794
	Index Scan using sbtest3_pkey on sbtest3  (cost=0.43..8.45 rows=1 width=121)
	  Index Cond: (id = 8352794)

table 4 : explain SELECT c FROM sbtest4 WHERE id=6869900
	Index Scan using sbtest4_pkey on sbtest4  (cost=0.43..8.45 rows=1 width=121)
	  Index Cond: (id = 6869900)

table 5 : explain SELECT c FROM sbtest5 WHERE id=2158165
	Index Scan using sbtest5_pkey on sbtest5  (cost=0.43..8.45 rows=1 width=121)
	  Index Cond: (id = 2158165)

table 6 : explain SELECT c FROM sbtest6 WHERE id=6838222
	Index Scan using sbtest6_pkey on sbtest6  (cost=0.43..8.45 rows=1 width=121)
	  Index Cond: (id = 6838222)

table 7 : explain SELECT c FROM sbtest7 WHERE id=6486865
	Index Scan using sbtest7_pkey on sbtest7  (cost=0.43..8.45 rows=1 width=121)
	  Index Cond: (id = 6486865)

table 8 : explain SELECT c FROM sbtest8 WHERE id=4272400
	Index Scan using sbtest8_pkey on sbtest8  (cost=0.43..8.45 rows=1 width=121)
	  Index Cond: (id = 4272400)

for point_selects
table 1 : explain SELECT c FROM sbtest1 WHERE id=6740280
	Index Scan using sbtest1_pkey on sbtest1  (cost=0.43..8.45 rows=1 width=121)
	  Index Cond: (id = 6740280)

table 2 : explain SELECT c FROM sbtest2 WHERE id=8498157
	Index Scan using sbtest2_pkey on sbtest2  (cost=0.43..8.45 rows=1 width=121)
	  Index Cond: (id = 8498157)

table 3 : explain SELECT c FROM sbtest3 WHERE id=9394070
	Index Scan using sbtest3_pkey on sbtest3  (cost=0.43..8.45 rows=1 width=121)
	  Index Cond: (id = 9394070)

table 4 : explain SELECT c FROM sbtest4 WHERE id=794823
	Index Scan using sbtest4_pkey on sbtest4  (cost=0.43..8.45 rows=1 width=121)
	  Index Cond: (id = 794823)

table 5 : explain SELECT c FROM sbtest5 WHERE id=3112106
	Index Scan using sbtest5_pkey on sbtest5  (cost=0.43..8.45 rows=1 width=121)
	  Index Cond: (id = 3112106)

table 6 : explain SELECT c FROM sbtest6 WHERE id=9098826
	Index Scan using sbtest6_pkey on sbtest6  (cost=0.43..8.45 rows=1 width=121)
	  Index Cond: (id = 9098826)

table 7 : explain SELECT c FROM sbtest7 WHERE id=1501325
	Index Scan using sbtest7_pkey on sbtest7  (cost=0.43..8.45 rows=1 width=121)
	  Index Cond: (id = 1501325)

table 8 : explain SELECT c FROM sbtest8 WHERE id=9836917
	Index Scan using sbtest8_pkey on sbtest8  (cost=0.43..8.45 rows=1 width=121)
	  Index Cond: (id = 9836917)

for point_selects
table 1 : explain SELECT c FROM sbtest1 WHERE id=404458
	Index Scan using sbtest1_pkey on sbtest1  (cost=0.43..8.45 rows=1 width=121)
	  Index Cond: (id = 404458)

table 2 : explain SELECT c FROM sbtest2 WHERE id=8097133
	Index Scan using sbtest2_pkey on sbtest2  (cost=0.43..8.45 rows=1 width=121)
	  Index Cond: (id = 8097133)

table 3 : explain SELECT c FROM sbtest3 WHERE id=6301195
	Index Scan using sbtest3_pkey on sbtest3  (cost=0.43..8.45 rows=1 width=121)
	  Index Cond: (id = 6301195)

table 4 : explain SELECT c FROM sbtest4 WHERE id=8345094
	Index Scan using sbtest4_pkey on sbtest4  (cost=0.43..8.45 rows=1 width=121)
	  Index Cond: (id = 8345094)

table 5 : explain SELECT c FROM sbtest5 WHERE id=6264981
	Index Scan using sbtest5_pkey on sbtest5  (cost=0.43..8.45 rows=1 width=121)
	  Index Cond: (id = 6264981)

table 6 : explain SELECT c FROM sbtest6 WHERE id=5912055
	Index Scan using sbtest6_pkey on sbtest6  (cost=0.43..8.45 rows=1 width=121)
	  Index Cond: (id = 5912055)

table 7 : explain SELECT c FROM sbtest7 WHERE id=1095748
	Index Scan using sbtest7_pkey on sbtest7  (cost=0.43..8.45 rows=1 width=121)
	  Index Cond: (id = 1095748)

table 8 : explain SELECT c FROM sbtest8 WHERE id=4518469
	Index Scan using sbtest8_pkey on sbtest8  (cost=0.43..8.45 rows=1 width=121)
	  Index Cond: (id = 4518469)



for point_selects
table 1 : explain SELECT c FROM sbtest1 WHERE id=6304994
	Index Scan using sbtest1_pkey on sbtest1  (cost=0.43..8.45 rows=1 width=121)
	  Index Cond: (id = 6304994)

table 2 : explain SELECT c FROM sbtest2 WHERE id=6699024
	Index Scan using sbtest2_pkey on sbtest2  (cost=0.43..8.45 rows=1 width=121)
	  Index Cond: (id = 6699024)

table 3 : explain SELECT c FROM sbtest3 WHERE id=3745384
	Index Scan using sbtest3_pkey on sbtest3  (cost=0.43..8.45 rows=1 width=121)
	  Index Cond: (id = 3745384)

table 4 : explain SELECT c FROM sbtest4 WHERE id=199063
	Index Scan using sbtest4_pkey on sbtest4  (cost=0.43..8.45 rows=1 width=121)
	  Index Cond: (id = 199063)

table 5 : explain SELECT c FROM sbtest5 WHERE id=4758663
	Index Scan using sbtest5_pkey on sbtest5  (cost=0.43..8.45 rows=1 width=121)
	  Index Cond: (id = 4758663)

table 6 : explain SELECT c FROM sbtest6 WHERE id=8181725
	Index Scan using sbtest6_pkey on sbtest6  (cost=0.43..8.45 rows=1 width=121)
	  Index Cond: (id = 8181725)

table 7 : explain SELECT c FROM sbtest7 WHERE id=4134197
	Index Scan using sbtest7_pkey on sbtest7  (cost=0.43..8.45 rows=1 width=121)
	  Index Cond: (id = 4134197)

table 8 : explain SELECT c FROM sbtest8 WHERE id=6537232
	Index Scan using sbtest8_pkey on sbtest8  (cost=0.43..8.45 rows=1 width=121)
	  Index Cond: (id = 6537232)

explain: for point_selects :: explain SELECT c FROM sbtest%u WHERE id=%u
for point_selects
table 1 : explain SELECT c FROM sbtest1 WHERE id=9291173
	Index Scan using sbtest1_pkey on sbtest1  (cost=0.43..8.45 rows=1 width=121)
	  Index Cond: (id = 9291173)

table 2 : explain SELECT c FROM sbtest2 WHERE id=4235017
	Index Scan using sbtest2_pkey on sbtest2  (cost=0.43..8.45 rows=1 width=121)
	  Index Cond: (id = 4235017)

table 3 : explain SELECT c FROM sbtest3 WHERE id=8611099
	Index Scan using sbtest3_pkey on sbtest3  (cost=0.43..8.45 rows=1 width=121)
	  Index Cond: (id = 8611099)

table 4 : explain SELECT c FROM sbtest4 WHERE id=9120474
	Index Scan using sbtest4_pkey on sbtest4  (cost=0.43..8.45 rows=1 width=121)
	  Index Cond: (id = 9120474)

table 5 : explain SELECT c FROM sbtest5 WHERE id=1305611
	Index Scan using sbtest5_pkey on sbtest5  (cost=0.43..8.45 rows=1 width=121)
	  Index Cond: (id = 1305611)

table 6 : explain SELECT c FROM sbtest6 WHERE id=4324584
	Index Scan using sbtest6_pkey on sbtest6  (cost=0.43..8.45 rows=1 width=121)
	  Index Cond: (id = 4324584)

table 7 : explain SELECT c FROM sbtest7 WHERE id=7127575
	Index Scan using sbtest7_pkey on sbtest7  (cost=0.43..8.45 rows=1 width=121)
	  Index Cond: (id = 7127575)

table 8 : explain SELECT c FROM sbtest8 WHERE id=1513497
	Index Scan using sbtest8_pkey on sbtest8  (cost=0.43..8.45 rows=1 width=121)
	  Index Cond: (id = 1513497)

for point_selects
table 1 : explain SELECT c FROM sbtest1 WHERE id=9478809
	Index Scan using sbtest1_pkey on sbtest1  (cost=0.43..8.45 rows=1 width=121)
	  Index Cond: (id = 9478809)

table 2 : explain SELECT c FROM sbtest2 WHERE id=4820903
	Index Scan using sbtest2_pkey on sbtest2  (cost=0.43..8.45 rows=1 width=121)
	  Index Cond: (id = 4820903)

table 3 : explain SELECT c FROM sbtest3 WHERE id=869411
	Index Scan using sbtest3_pkey on sbtest3  (cost=0.43..8.45 rows=1 width=121)
	  Index Cond: (id = 869411)

table 4 : explain SELECT c FROM sbtest4 WHERE id=1458754
	Index Scan using sbtest4_pkey on sbtest4  (cost=0.43..8.45 rows=1 width=121)
	  Index Cond: (id = 1458754)

table 5 : explain SELECT c FROM sbtest5 WHERE id=3665114
	Index Scan using sbtest5_pkey on sbtest5  (cost=0.43..8.45 rows=1 width=121)
	  Index Cond: (id = 3665114)

table 6 : explain SELECT c FROM sbtest6 WHERE id=8498093
	Index Scan using sbtest6_pkey on sbtest6  (cost=0.43..8.45 rows=1 width=121)
	  Index Cond: (id = 8498093)

table 7 : explain SELECT c FROM sbtest7 WHERE id=1749361
	Index Scan using sbtest7_pkey on sbtest7  (cost=0.43..8.45 rows=1 width=121)
	  Index Cond: (id = 1749361)

table 8 : explain SELECT c FROM sbtest8 WHERE id=9187965
	Index Scan using sbtest8_pkey on sbtest8  (cost=0.43..8.45 rows=1 width=121)
	  Index Cond: (id = 9187965)

for: simple_ranges
table 1 : explain SELECT c FROM sbtest1 WHERE id BETWEEN 6623865 AND 6623874
	Index Scan using sbtest1_pkey on sbtest1  (cost=0.43..47.82 rows=11 width=121)
	  Index Cond: ((id >= 6623865) AND (id <= 6623874))

table 2 : explain SELECT c FROM sbtest2 WHERE id BETWEEN 260222 AND 260231
	Index Scan using sbtest2_pkey on sbtest2  (cost=0.43..40.01 rows=9 width=121)
	  Index Cond: ((id >= 260222) AND (id <= 260231))

table 3 : explain SELECT c FROM sbtest3 WHERE id BETWEEN 2272735 AND 2272744
	Index Scan using sbtest3_pkey on sbtest3  (cost=0.43..43.83 rows=10 width=121)
	  Index Cond: ((id >= 2272735) AND (id <= 2272744))

table 4 : explain SELECT c FROM sbtest4 WHERE id BETWEEN 1099120 AND 1099129
	Index Scan using sbtest4_pkey on sbtest4  (cost=0.43..43.81 rows=10 width=121)
	  Index Cond: ((id >= 1099120) AND (id <= 1099129))

table 5 : explain SELECT c FROM sbtest5 WHERE id BETWEEN 2231107 AND 2231116
	Index Scan using sbtest5_pkey on sbtest5  (cost=0.43..39.84 rows=9 width=121)
	  Index Cond: ((id >= 2231107) AND (id <= 2231116))

table 6 : explain SELECT c FROM sbtest6 WHERE id BETWEEN 682824 AND 682833
	Index Scan using sbtest6_pkey on sbtest6  (cost=0.43..43.84 rows=10 width=121)
	  Index Cond: ((id >= 682824) AND (id <= 682833))

table 7 : explain SELECT c FROM sbtest7 WHERE id BETWEEN 6837029 AND 6837038
	Index Scan using sbtest7_pkey on sbtest7  (cost=0.43..43.84 rows=10 width=121)
	  Index Cond: ((id >= 6837029) AND (id <= 6837038))

table 8 : explain SELECT c FROM sbtest8 WHERE id BETWEEN 1510972 AND 1510981
	Index Scan using sbtest8_pkey on sbtest8  (cost=0.43..43.86 rows=10 width=121)
	  Index Cond: ((id >= 1510972) AND (id <= 1510981))

for point_selects
table 1 : explain SELECT c FROM sbtest1 WHERE id=3964532
	Index Scan using sbtest1_pkey on sbtest1  (cost=0.43..8.45 rows=1 width=121)
	  Index Cond: (id = 3964532)

table 2 : explain SELECT c FROM sbtest2 WHERE id=8006168
	Index Scan using sbtest2_pkey on sbtest2  (cost=0.43..8.45 rows=1 width=121)
	  Index Cond: (id = 8006168)

table 3 : explain SELECT c FROM sbtest3 WHERE id=8631514
	Index Scan using sbtest3_pkey on sbtest3  (cost=0.43..8.45 rows=1 width=121)
	  Index Cond: (id = 8631514)

table 4 : explain SELECT c FROM sbtest4 WHERE id=2044516
	Index Scan using sbtest4_pkey on sbtest4  (cost=0.43..8.45 rows=1 width=121)
	  Index Cond: (id = 2044516)

table 5 : explain SELECT c FROM sbtest5 WHERE id=1682270
	Index Scan using sbtest5_pkey on sbtest5  (cost=0.43..8.45 rows=1 width=121)
	  Index Cond: (id = 1682270)

table 6 : explain SELECT c FROM sbtest6 WHERE id=8660797
	Index Scan using sbtest6_pkey on sbtest6  (cost=0.43..8.45 rows=1 width=121)
	  Index Cond: (id = 8660797)

table 7 : explain SELECT c FROM sbtest7 WHERE id=4463329
	Index Scan using sbtest7_pkey on sbtest7  (cost=0.43..8.45 rows=1 width=121)
	  Index Cond: (id = 4463329)

table 8 : explain SELECT c FROM sbtest8 WHERE id=565829
	Index Scan using sbtest8_pkey on sbtest8  (cost=0.43..8.45 rows=1 width=121)
	  Index Cond: (id = 565829)

for point_selects
table 1 : explain SELECT c FROM sbtest1 WHERE id=2041015
	Index Scan using sbtest1_pkey on sbtest1  (cost=0.43..8.45 rows=1 width=121)
	  Index Cond: (id = 2041015)

table 2 : explain SELECT c FROM sbtest2 WHERE id=6299272
	Index Scan using sbtest2_pkey on sbtest2  (cost=0.43..8.45 rows=1 width=121)
	  Index Cond: (id = 6299272)

table 3 : explain SELECT c FROM sbtest3 WHERE id=9361523
	Index Scan using sbtest3_pkey on sbtest3  (cost=0.43..8.45 rows=1 width=121)
	  Index Cond: (id = 9361523)

table 4 : explain SELECT c FROM sbtest4 WHERE id=3857333
	Index Scan using sbtest4_pkey on sbtest4  (cost=0.43..8.45 rows=1 width=121)
	  Index Cond: (id = 3857333)

table 5 : explain SELECT c FROM sbtest5 WHERE id=7213206
	Index Scan using sbtest5_pkey on sbtest5  (cost=0.43..8.45 rows=1 width=121)
	  Index Cond: (id = 7213206)

table 6 : explain SELECT c FROM sbtest6 WHERE id=1343671
	Index Scan using sbtest6_pkey on sbtest6  (cost=0.43..8.45 rows=1 width=121)
	  Index Cond: (id = 1343671)

table 7 : explain SELECT c FROM sbtest7 WHERE id=5087081
	Index Scan using sbtest7_pkey on sbtest7  (cost=0.43..8.45 rows=1 width=121)
	  Index Cond: (id = 5087081)

table 8 : explain SELECT c FROM sbtest8 WHERE id=695112
	Index Scan using sbtest8_pkey on sbtest8  (cost=0.43..8.45 rows=1 width=121)
	  Index Cond: (id = 695112)

for point_selects
table 1 : explain SELECT c FROM sbtest1 WHERE id=5834398
	Index Scan using sbtest1_pkey on sbtest1  (cost=0.43..8.45 rows=1 width=121)
	  Index Cond: (id = 5834398)

table 2 : explain SELECT c FROM sbtest2 WHERE id=1205441
	Index Scan using sbtest2_pkey on sbtest2  (cost=0.43..8.45 rows=1 width=121)
	  Index Cond: (id = 1205441)

table 3 : explain SELECT c FROM sbtest3 WHERE id=581490
	Index Scan using sbtest3_pkey on sbtest3  (cost=0.43..8.45 rows=1 width=121)
	  Index Cond: (id = 581490)

table 4 : explain SELECT c FROM sbtest4 WHERE id=7662330
	Index Scan using sbtest4_pkey on sbtest4  (cost=0.43..8.45 rows=1 width=121)
	  Index Cond: (id = 7662330)

table 5 : explain SELECT c FROM sbtest5 WHERE id=8589776
	Index Scan using sbtest5_pkey on sbtest5  (cost=0.43..8.45 rows=1 width=121)
	  Index Cond: (id = 8589776)

table 6 : explain SELECT c FROM sbtest6 WHERE id=4425740
	Index Scan using sbtest6_pkey on sbtest6  (cost=0.43..8.45 rows=1 width=121)
	  Index Cond: (id = 4425740)

table 7 : explain SELECT c FROM sbtest7 WHERE id=9329752
	Index Scan using sbtest7_pkey on sbtest7  (cost=0.43..8.45 rows=1 width=121)
	  Index Cond: (id = 9329752)

table 8 : explain SELECT c FROM sbtest8 WHERE id=2061511
	Index Scan using sbtest8_pkey on sbtest8  (cost=0.43..8.45 rows=1 width=121)
	  Index Cond: (id = 2061511)

for point_selects
table 1 : explain SELECT c FROM sbtest1 WHERE id=1785718
	Index Scan using sbtest1_pkey on sbtest1  (cost=0.43..8.45 rows=1 width=121)
	  Index Cond: (id = 1785718)

table 2 : explain SELECT c FROM sbtest2 WHERE id=4774084
	Index Scan using sbtest2_pkey on sbtest2  (cost=0.43..8.45 rows=1 width=121)
	  Index Cond: (id = 4774084)

table 3 : explain SELECT c FROM sbtest3 WHERE id=4769133
	Index Scan using sbtest3_pkey on sbtest3  (cost=0.43..8.45 rows=1 width=121)
	  Index Cond: (id = 4769133)

table 4 : explain SELECT c FROM sbtest4 WHERE id=9290505
	Index Scan using sbtest4_pkey on sbtest4  (cost=0.43..8.45 rows=1 width=121)
	  Index Cond: (id = 9290505)

table 5 : explain SELECT c FROM sbtest5 WHERE id=7856002
	Index Scan using sbtest5_pkey on sbtest5  (cost=0.43..8.45 rows=1 width=121)
	  Index Cond: (id = 7856002)

table 6 : explain SELECT c FROM sbtest6 WHERE id=2880713
	Index Scan using sbtest6_pkey on sbtest6  (cost=0.43..8.45 rows=1 width=121)
	  Index Cond: (id = 2880713)

table 7 : explain SELECT c FROM sbtest7 WHERE id=518965
	Index Scan using sbtest7_pkey on sbtest7  (cost=0.43..8.45 rows=1 width=121)
	  Index Cond: (id = 518965)

table 8 : explain SELECT c FROM sbtest8 WHERE id=2568818
	Index Scan using sbtest8_pkey on sbtest8  (cost=0.43..8.45 rows=1 width=121)
	  Index Cond: (id = 2568818)

for point_selects
table 1 : explain SELECT c FROM sbtest1 WHERE id=7206200
	Index Scan using sbtest1_pkey on sbtest1  (cost=0.43..8.45 rows=1 width=121)
	  Index Cond: (id = 7206200)

table 2 : explain SELECT c FROM sbtest2 WHERE id=6103111
	Index Scan using sbtest2_pkey on sbtest2  (cost=0.43..8.45 rows=1 width=121)
	  Index Cond: (id = 6103111)

table 3 : explain SELECT c FROM sbtest3 WHERE id=4966756
	Index Scan using sbtest3_pkey on sbtest3  (cost=0.43..8.45 rows=1 width=121)
	  Index Cond: (id = 4966756)

table 4 : explain SELECT c FROM sbtest4 WHERE id=9500054
	Index Scan using sbtest4_pkey on sbtest4  (cost=0.43..8.45 rows=1 width=121)
	  Index Cond: (id = 9500054)

table 5 : explain SELECT c FROM sbtest5 WHERE id=4789699
	Index Scan using sbtest5_pkey on sbtest5  (cost=0.43..8.45 rows=1 width=121)
	  Index Cond: (id = 4789699)

table 6 : explain SELECT c FROM sbtest6 WHERE id=1372223
	Index Scan using sbtest6_pkey on sbtest6  (cost=0.43..8.45 rows=1 width=121)
	  Index Cond: (id = 1372223)

table 7 : explain SELECT c FROM sbtest7 WHERE id=4581738
	Index Scan using sbtest7_pkey on sbtest7  (cost=0.43..8.45 rows=1 width=121)
	  Index Cond: (id = 4581738)

table 8 : explain SELECT c FROM sbtest8 WHERE id=2320784
	Index Scan using sbtest8_pkey on sbtest8  (cost=0.43..8.45 rows=1 width=121)
	  Index Cond: (id = 2320784)

for: simple_ranges
table 1 : explain SELECT c FROM sbtest1 WHERE id BETWEEN 9185192 AND 9185201
	Index Scan using sbtest1_pkey on sbtest1  (cost=0.43..47.82 rows=11 width=121)
	  Index Cond: ((id >= 9185192) AND (id <= 9185201))

table 2 : explain SELECT c FROM sbtest2 WHERE id BETWEEN 1573893 AND 1573902
	Index Scan using sbtest2_pkey on sbtest2  (cost=0.43..43.96 rows=10 width=121)
	  Index Cond: ((id >= 1573893) AND (id <= 1573902))

table 3 : explain SELECT c FROM sbtest3 WHERE id BETWEEN 7459068 AND 7459077
	Index Scan using sbtest3_pkey on sbtest3  (cost=0.43..43.83 rows=10 width=121)
	  Index Cond: ((id >= 7459068) AND (id <= 7459077))

table 4 : explain SELECT c FROM sbtest4 WHERE id BETWEEN 4198467 AND 4198476
	Index Scan using sbtest4_pkey on sbtest4  (cost=0.43..43.81 rows=10 width=121)
	  Index Cond: ((id >= 4198467) AND (id <= 4198476))

table 5 : explain SELECT c FROM sbtest5 WHERE id BETWEEN 5038641 AND 5038650
	Index Scan using sbtest5_pkey on sbtest5  (cost=0.43..43.76 rows=10 width=121)
	  Index Cond: ((id >= 5038641) AND (id <= 5038650))

table 6 : explain SELECT c FROM sbtest6 WHERE id BETWEEN 4777490 AND 4777499
	Index Scan using sbtest6_pkey on sbtest6  (cost=0.43..43.84 rows=10 width=121)
	  Index Cond: ((id >= 4777490) AND (id <= 4777499))

table 7 : explain SELECT c FROM sbtest7 WHERE id BETWEEN 9200021 AND 9200030
	Index Scan using sbtest7_pkey on sbtest7  (cost=0.43..43.84 rows=10 width=121)
	  Index Cond: ((id >= 9200021) AND (id <= 9200030))

table 8 : explain SELECT c FROM sbtest8 WHERE id BETWEEN 2722736 AND 2722745
	Index Scan using sbtest8_pkey on sbtest8  (cost=0.43..43.86 rows=10 width=121)
	  Index Cond: ((id >= 2722736) AND (id <= 2722745))

for point_selects
table 1 : explain SELECT c FROM sbtest1 WHERE id=6800417
	Index Scan using sbtest1_pkey on sbtest1  (cost=0.43..8.45 rows=1 width=121)
	  Index Cond: (id = 6800417)

table 2 : explain SELECT c FROM sbtest2 WHERE id=647842
	Index Scan using sbtest2_pkey on sbtest2  (cost=0.43..8.45 rows=1 width=121)
	  Index Cond: (id = 647842)

table 3 : explain SELECT c FROM sbtest3 WHERE id=8838660
	Index Scan using sbtest3_pkey on sbtest3  (cost=0.43..8.45 rows=1 width=121)
	  Index Cond: (id = 8838660)

table 4 : explain SELECT c FROM sbtest4 WHERE id=4952139
	Index Scan using sbtest4_pkey on sbtest4  (cost=0.43..8.45 rows=1 width=121)
	  Index Cond: (id = 4952139)

table 5 : explain SELECT c FROM sbtest5 WHERE id=3235579
	Index Scan using sbtest5_pkey on sbtest5  (cost=0.43..8.45 rows=1 width=121)
	  Index Cond: (id = 3235579)

table 6 : explain SELECT c FROM sbtest6 WHERE id=3510385
	Index Scan using sbtest6_pkey on sbtest6  (cost=0.43..8.45 rows=1 width=121)
	  Index Cond: (id = 3510385)

table 7 : explain SELECT c FROM sbtest7 WHERE id=9153001
	Index Scan using sbtest7_pkey on sbtest7  (cost=0.43..8.45 rows=1 width=121)
	  Index Cond: (id = 9153001)

table 8 : explain SELECT c FROM sbtest8 WHERE id=9662964
	Index Scan using sbtest8_pkey on sbtest8  (cost=0.43..8.45 rows=1 width=121)
	  Index Cond: (id = 9662964)

for: simple_ranges
table 1 : explain SELECT c FROM sbtest1 WHERE id BETWEEN 586265 AND 586274
	Index Scan using sbtest1_pkey on sbtest1  (cost=0.43..43.88 rows=10 width=121)
	  Index Cond: ((id >= 586265) AND (id <= 586274))

table 2 : explain SELECT c FROM sbtest2 WHERE id BETWEEN 3834226 AND 3834235
	Index Scan using sbtest2_pkey on sbtest2  (cost=0.43..47.90 rows=11 width=121)
	  Index Cond: ((id >= 3834226) AND (id <= 3834235))

table 3 : explain SELECT c FROM sbtest3 WHERE id BETWEEN 126650 AND 126659
	Index Scan using sbtest3_pkey on sbtest3  (cost=0.43..43.83 rows=10 width=121)
	  Index Cond: ((id >= 126650) AND (id <= 126659))

table 4 : explain SELECT c FROM sbtest4 WHERE id BETWEEN 4769367 AND 4769376
	Index Scan using sbtest4_pkey on sbtest4  (cost=0.43..39.88 rows=9 width=121)
	  Index Cond: ((id >= 4769367) AND (id <= 4769376))

table 5 : explain SELECT c FROM sbtest5 WHERE id BETWEEN 5240566 AND 5240575
	Index Scan using sbtest5_pkey on sbtest5  (cost=0.43..39.84 rows=9 width=121)
	  Index Cond: ((id >= 5240566) AND (id <= 5240575))

table 6 : explain SELECT c FROM sbtest6 WHERE id BETWEEN 1888755 AND 1888764
	Index Scan using sbtest6_pkey on sbtest6  (cost=0.43..39.91 rows=9 width=121)
	  Index Cond: ((id >= 1888755) AND (id <= 1888764))

table 7 : explain SELECT c FROM sbtest7 WHERE id BETWEEN 5923051 AND 5923060
	Index Scan using sbtest7_pkey on sbtest7  (cost=0.43..43.84 rows=10 width=121)
	  Index Cond: ((id >= 5923051) AND (id <= 5923060))

table 8 : explain SELECT c FROM sbtest8 WHERE id BETWEEN 6722863 AND 6722872
	Index Scan using sbtest8_pkey on sbtest8  (cost=0.43..39.92 rows=9 width=121)
	  Index Cond: ((id >= 6722863) AND (id <= 6722872))

for point_selects
table 1 : explain SELECT c FROM sbtest1 WHERE id=3465371
	Index Scan using sbtest1_pkey on sbtest1  (cost=0.43..8.45 rows=1 width=121)
	  Index Cond: (id = 3465371)

table 2 : explain SELECT c FROM sbtest2 WHERE id=2923915
	Index Scan using sbtest2_pkey on sbtest2  (cost=0.43..8.45 rows=1 width=121)
	  Index Cond: (id = 2923915)

table 3 : explain SELECT c FROM sbtest3 WHERE id=2471147
	Index Scan using sbtest3_pkey on sbtest3  (cost=0.43..8.45 rows=1 width=121)
	  Index Cond: (id = 2471147)

table 4 : explain SELECT c FROM sbtest4 WHERE id=7320883
	Index Scan using sbtest4_pkey on sbtest4  (cost=0.43..8.45 rows=1 width=121)
	  Index Cond: (id = 7320883)

table 5 : explain SELECT c FROM sbtest5 WHERE id=5775943
	Index Scan using sbtest5_pkey on sbtest5  (cost=0.43..8.45 rows=1 width=121)
	  Index Cond: (id = 5775943)

table 6 : explain SELECT c FROM sbtest6 WHERE id=9698470
	Index Scan using sbtest6_pkey on sbtest6  (cost=0.43..8.45 rows=1 width=121)
	  Index Cond: (id = 9698470)

table 7 : explain SELECT c FROM sbtest7 WHERE id=3355485
	Index Scan using sbtest7_pkey on sbtest7  (cost=0.43..8.45 rows=1 width=121)
	  Index Cond: (id = 3355485)

table 8 : explain SELECT c FROM sbtest8 WHERE id=5890128
	Index Scan using sbtest8_pkey on sbtest8  (cost=0.43..8.45 rows=1 width=121)
	  Index Cond: (id = 5890128)

for: simple_ranges
table 1 : explain SELECT c FROM sbtest1 WHERE id BETWEEN 4067524 AND 4067533
	Index Scan using sbtest1_pkey on sbtest1  (cost=0.43..43.88 rows=10 width=121)
	  Index Cond: ((id >= 4067524) AND (id <= 4067533))

table 2 : explain SELECT c FROM sbtest2 WHERE id BETWEEN 2303211 AND 2303220
	Index Scan using sbtest2_pkey on sbtest2  (cost=0.43..43.96 rows=10 width=121)
	  Index Cond: ((id >= 2303211) AND (id <= 2303220))

table 3 : explain SELECT c FROM sbtest3 WHERE id BETWEEN 1864559 AND 1864568
	Index Scan using sbtest3_pkey on sbtest3  (cost=0.43..43.83 rows=10 width=121)
	  Index Cond: ((id >= 1864559) AND (id <= 1864568))

table 4 : explain SELECT c FROM sbtest4 WHERE id BETWEEN 5171086 AND 5171095
	Index Scan using sbtest4_pkey on sbtest4  (cost=0.43..43.81 rows=10 width=121)
	  Index Cond: ((id >= 5171086) AND (id <= 5171095))

table 5 : explain SELECT c FROM sbtest5 WHERE id BETWEEN 9962604 AND 9962613
	Index Scan using sbtest5_pkey on sbtest5  (cost=0.43..43.76 rows=10 width=121)
	  Index Cond: ((id >= 9962604) AND (id <= 9962613))

table 6 : explain SELECT c FROM sbtest6 WHERE id BETWEEN 4294299 AND 4294308
	Index Scan using sbtest6_pkey on sbtest6  (cost=0.43..47.77 rows=11 width=121)
	  Index Cond: ((id >= 4294299) AND (id <= 4294308))

table 7 : explain SELECT c FROM sbtest7 WHERE id BETWEEN 5783526 AND 5783535
	Index Scan using sbtest7_pkey on sbtest7  (cost=0.43..43.84 rows=10 width=121)
	  Index Cond: ((id >= 5783526) AND (id <= 5783535))

table 8 : explain SELECT c FROM sbtest8 WHERE id BETWEEN 1553107 AND 1553116
	Index Scan using sbtest8_pkey on sbtest8  (cost=0.43..43.86 rows=10 width=121)
	  Index Cond: ((id >= 1553107) AND (id <= 1553116))

for point_selects
table 1 : explain SELECT c FROM sbtest1 WHERE id=9130972
	Index Scan using sbtest1_pkey on sbtest1  (cost=0.43..8.45 rows=1 width=121)
	  Index Cond: (id = 9130972)

table 2 : explain SELECT c FROM sbtest2 WHERE id=4408794
	Index Scan using sbtest2_pkey on sbtest2  (cost=0.43..8.45 rows=1 width=121)
	  Index Cond: (id = 4408794)

table 3 : explain SELECT c FROM sbtest3 WHERE id=4073354
	Index Scan using sbtest3_pkey on sbtest3  (cost=0.43..8.45 rows=1 width=121)
	  Index Cond: (id = 4073354)

table 4 : explain SELECT c FROM sbtest4 WHERE id=3318513
	Index Scan using sbtest4_pkey on sbtest4  (cost=0.43..8.45 rows=1 width=121)
	  Index Cond: (id = 3318513)

table 5 : explain SELECT c FROM sbtest5 WHERE id=4418354
	Index Scan using sbtest5_pkey on sbtest5  (cost=0.43..8.45 rows=1 width=121)
	  Index Cond: (id = 4418354)

table 6 : explain SELECT c FROM sbtest6 WHERE id=4273256
	Index Scan using sbtest6_pkey on sbtest6  (cost=0.43..8.45 rows=1 width=121)
	  Index Cond: (id = 4273256)

table 7 : explain SELECT c FROM sbtest7 WHERE id=5054290
	Index Scan using sbtest7_pkey on sbtest7  (cost=0.43..8.45 rows=1 width=121)
	  Index Cond: (id = 5054290)

table 8 : explain SELECT c FROM sbtest8 WHERE id=8163893
	Index Scan using sbtest8_pkey on sbtest8  (cost=0.43..8.45 rows=1 width=121)
	  Index Cond: (id = 8163893)

for: simple_ranges
table 1 : explain SELECT c FROM sbtest1 WHERE id BETWEEN 4108213 AND 4108222
	Index Scan using sbtest1_pkey on sbtest1  (cost=0.43..43.88 rows=10 width=121)
	  Index Cond: ((id >= 4108213) AND (id <= 4108222))

table 2 : explain SELECT c FROM sbtest2 WHERE id BETWEEN 9514888 AND 9514897
	Index Scan using sbtest2_pkey on sbtest2  (cost=0.43..43.96 rows=10 width=121)
	  Index Cond: ((id >= 9514888) AND (id <= 9514897))

table 3 : explain SELECT c FROM sbtest3 WHERE id BETWEEN 3625549 AND 3625558
	Index Scan using sbtest3_pkey on sbtest3  (cost=0.43..43.83 rows=10 width=121)
	  Index Cond: ((id >= 3625549) AND (id <= 3625558))

table 4 : explain SELECT c FROM sbtest4 WHERE id BETWEEN 5848913 AND 5848922
	Index Scan using sbtest4_pkey on sbtest4  (cost=0.43..47.73 rows=11 width=121)
	  Index Cond: ((id >= 5848913) AND (id <= 5848922))

table 5 : explain SELECT c FROM sbtest5 WHERE id BETWEEN 5149957 AND 5149966
	Index Scan using sbtest5_pkey on sbtest5  (cost=0.43..39.84 rows=9 width=121)
	  Index Cond: ((id >= 5149957) AND (id <= 5149966))

table 6 : explain SELECT c FROM sbtest6 WHERE id BETWEEN 3231481 AND 3231490
	Index Scan using sbtest6_pkey on sbtest6  (cost=0.43..43.84 rows=10 width=121)
	  Index Cond: ((id >= 3231481) AND (id <= 3231490))

table 7 : explain SELECT c FROM sbtest7 WHERE id BETWEEN 5500108 AND 5500117
	Index Scan using sbtest7_pkey on sbtest7  (cost=0.43..43.84 rows=10 width=121)
	  Index Cond: ((id >= 5500108) AND (id <= 5500117))

table 8 : explain SELECT c FROM sbtest8 WHERE id BETWEEN 3076053 AND 3076062
	Index Scan using sbtest8_pkey on sbtest8  (cost=0.43..43.86 rows=10 width=121)
	  Index Cond: ((id >= 3076053) AND (id <= 3076062))

for: simple_ranges
table 1 : explain SELECT c FROM sbtest1 WHERE id BETWEEN 5891523 AND 5891532
	Index Scan using sbtest1_pkey on sbtest1  (cost=0.43..47.82 rows=11 width=121)
	  Index Cond: ((id >= 5891523) AND (id <= 5891532))

table 2 : explain SELECT c FROM sbtest2 WHERE id BETWEEN 1732202 AND 1732211
	Index Scan using sbtest2_pkey on sbtest2  (cost=0.43..43.96 rows=10 width=121)
	  Index Cond: ((id >= 1732202) AND (id <= 1732211))

table 3 : explain SELECT c FROM sbtest3 WHERE id BETWEEN 454557 AND 454566
	Index Scan using sbtest3_pkey on sbtest3  (cost=0.43..43.83 rows=10 width=121)
	  Index Cond: ((id >= 454557) AND (id <= 454566))

table 4 : explain SELECT c FROM sbtest4 WHERE id BETWEEN 1239158 AND 1239167
	Index Scan using sbtest4_pkey on sbtest4  (cost=0.43..43.81 rows=10 width=121)
	  Index Cond: ((id >= 1239158) AND (id <= 1239167))

table 5 : explain SELECT c FROM sbtest5 WHERE id BETWEEN 216190 AND 216199
	Index Scan using sbtest5_pkey on sbtest5  (cost=0.43..39.84 rows=9 width=121)
	  Index Cond: ((id >= 216190) AND (id <= 216199))

table 6 : explain SELECT c FROM sbtest6 WHERE id BETWEEN 4690948 AND 4690957
	Index Scan using sbtest6_pkey on sbtest6  (cost=0.43..43.84 rows=10 width=121)
	  Index Cond: ((id >= 4690948) AND (id <= 4690957))

table 7 : explain SELECT c FROM sbtest7 WHERE id BETWEEN 4472110 AND 4472119
	Index Scan using sbtest7_pkey on sbtest7  (cost=0.43..47.77 rows=11 width=121)
	  Index Cond: ((id >= 4472110) AND (id <= 4472119))

table 8 : explain SELECT c FROM sbtest8 WHERE id BETWEEN 4711165 AND 4711174
	Index Scan using sbtest8_pkey on sbtest8  (cost=0.43..43.86 rows=10 width=121)
	  Index Cond: ((id >= 4711165) AND (id <= 4711174))

for point_selects
table 1 : explain SELECT c FROM sbtest1 WHERE id=4013555
	Index Scan using sbtest1_pkey on sbtest1  (cost=0.43..8.45 rows=1 width=121)
	  Index Cond: (id = 4013555)

table 2 : explain SELECT c FROM sbtest2 WHERE id=4502107
	Index Scan using sbtest2_pkey on sbtest2  (cost=0.43..8.45 rows=1 width=121)
	  Index Cond: (id = 4502107)

table 3 : explain SELECT c FROM sbtest3 WHERE id=2141651
	Index Scan using sbtest3_pkey on sbtest3  (cost=0.43..8.45 rows=1 width=121)
	  Index Cond: (id = 2141651)

table 4 : explain SELECT c FROM sbtest4 WHERE id=5420647
	Index Scan using sbtest4_pkey on sbtest4  (cost=0.43..8.45 rows=1 width=121)
	  Index Cond: (id = 5420647)

table 5 : explain SELECT c FROM sbtest5 WHERE id=4563834
	Index Scan using sbtest5_pkey on sbtest5  (cost=0.43..8.45 rows=1 width=121)
	  Index Cond: (id = 4563834)

table 6 : explain SELECT c FROM sbtest6 WHERE id=6777386
	Index Scan using sbtest6_pkey on sbtest6  (cost=0.43..8.45 rows=1 width=121)
	  Index Cond: (id = 6777386)

table 7 : explain SELECT c FROM sbtest7 WHERE id=5292525
	Index Scan using sbtest7_pkey on sbtest7  (cost=0.43..8.45 rows=1 width=121)
	  Index Cond: (id = 5292525)

table 8 : explain SELECT c FROM sbtest8 WHERE id=8879896
	Index Scan using sbtest8_pkey on sbtest8  (cost=0.43..8.45 rows=1 width=121)
	  Index Cond: (id = 8879896)

for: simple_ranges
table 1 : explain SELECT c FROM sbtest1 WHERE id BETWEEN 1915491 AND 1915500
	Index Scan using sbtest1_pkey on sbtest1  (cost=0.43..43.88 rows=10 width=121)
	  Index Cond: ((id >= 1915491) AND (id <= 1915500))

table 2 : explain SELECT c FROM sbtest2 WHERE id BETWEEN 6198325 AND 6198334
	Index Scan using sbtest2_pkey on sbtest2  (cost=0.43..47.90 rows=11 width=121)
	  Index Cond: ((id >= 6198325) AND (id <= 6198334))

table 3 : explain SELECT c FROM sbtest3 WHERE id BETWEEN 616876 AND 616885
	Index Scan using sbtest3_pkey on sbtest3  (cost=0.43..43.83 rows=10 width=121)
	  Index Cond: ((id >= 616876) AND (id <= 616885))

table 4 : explain SELECT c FROM sbtest4 WHERE id BETWEEN 5281746 AND 5281755
	Index Scan using sbtest4_pkey on sbtest4  (cost=0.43..43.81 rows=10 width=121)
	  Index Cond: ((id >= 5281746) AND (id <= 5281755))

table 5 : explain SELECT c FROM sbtest5 WHERE id BETWEEN 5477261 AND 5477270
	Index Scan using sbtest5_pkey on sbtest5  (cost=0.43..39.84 rows=9 width=121)
	  Index Cond: ((id >= 5477261) AND (id <= 5477270))

table 6 : explain SELECT c FROM sbtest6 WHERE id BETWEEN 9566149 AND 9566158
	Index Scan using sbtest6_pkey on sbtest6  (cost=0.43..43.84 rows=10 width=121)
	  Index Cond: ((id >= 9566149) AND (id <= 9566158))

table 7 : explain SELECT c FROM sbtest7 WHERE id BETWEEN 9532901 AND 9532910
	Index Scan using sbtest7_pkey on sbtest7  (cost=0.43..47.77 rows=11 width=121)
	  Index Cond: ((id >= 9532901) AND (id <= 9532910))

table 8 : explain SELECT c FROM sbtest8 WHERE id BETWEEN 9517253 AND 9517262
	Index Scan using sbtest8_pkey on sbtest8  (cost=0.43..43.86 rows=10 width=121)
	  Index Cond: ((id >= 9517253) AND (id <= 9517262))

for: simple_ranges
table 1 : explain SELECT c FROM sbtest1 WHERE id BETWEEN 4462149 AND 4462158
	Index Scan using sbtest1_pkey on sbtest1  (cost=0.43..43.88 rows=10 width=121)
	  Index Cond: ((id >= 4462149) AND (id <= 4462158))

table 2 : explain SELECT c FROM sbtest2 WHERE id BETWEEN 9133796 AND 9133805
	Index Scan using sbtest2_pkey on sbtest2  (cost=0.43..43.96 rows=10 width=121)
	  Index Cond: ((id >= 9133796) AND (id <= 9133805))

table 3 : explain SELECT c FROM sbtest3 WHERE id BETWEEN 6624354 AND 6624363
	Index Scan using sbtest3_pkey on sbtest3  (cost=0.43..39.90 rows=9 width=121)
	  Index Cond: ((id >= 6624354) AND (id <= 6624363))

table 4 : explain SELECT c FROM sbtest4 WHERE id BETWEEN 7737840 AND 7737849
	Index Scan using sbtest4_pkey on sbtest4  (cost=0.43..43.81 rows=10 width=121)
	  Index Cond: ((id >= 7737840) AND (id <= 7737849))

table 5 : explain SELECT c FROM sbtest5 WHERE id BETWEEN 3607068 AND 3607077
	Index Scan using sbtest5_pkey on sbtest5  (cost=0.43..43.76 rows=10 width=121)
	  Index Cond: ((id >= 3607068) AND (id <= 3607077))

table 6 : explain SELECT c FROM sbtest6 WHERE id BETWEEN 9442983 AND 9442992
	Index Scan using sbtest6_pkey on sbtest6  (cost=0.43..47.77 rows=11 width=121)
	  Index Cond: ((id >= 9442983) AND (id <= 9442992))

table 7 : explain SELECT c FROM sbtest7 WHERE id BETWEEN 946095 AND 946104
	Index Scan using sbtest7_pkey on sbtest7  (cost=0.43..43.84 rows=10 width=121)
	  Index Cond: ((id >= 946095) AND (id <= 946104))

table 8 : explain SELECT c FROM sbtest8 WHERE id BETWEEN 666203 AND 666212
	Index Scan using sbtest8_pkey on sbtest8  (cost=0.43..43.86 rows=10 width=121)
	  Index Cond: ((id >= 666203) AND (id <= 666212))

for: simple_ranges
table 1 : explain SELECT c FROM sbtest1 WHERE id BETWEEN 1355555 AND 1355564
	Index Scan using sbtest1_pkey on sbtest1  (cost=0.43..43.88 rows=10 width=121)
	  Index Cond: ((id >= 1355555) AND (id <= 1355564))

table 2 : explain SELECT c FROM sbtest2 WHERE id BETWEEN 7799388 AND 7799397
	Index Scan using sbtest2_pkey on sbtest2  (cost=0.43..40.01 rows=9 width=121)
	  Index Cond: ((id >= 7799388) AND (id <= 7799397))

table 3 : explain SELECT c FROM sbtest3 WHERE id BETWEEN 9317788 AND 9317797
	Index Scan using sbtest3_pkey on sbtest3  (cost=0.43..39.90 rows=9 width=121)
	  Index Cond: ((id >= 9317788) AND (id <= 9317797))

table 4 : explain SELECT c FROM sbtest4 WHERE id BETWEEN 2561509 AND 2561518
	Index Scan using sbtest4_pkey on sbtest4  (cost=0.43..47.73 rows=11 width=121)
	  Index Cond: ((id >= 2561509) AND (id <= 2561518))

table 5 : explain SELECT c FROM sbtest5 WHERE id BETWEEN 493634 AND 493643
	Index Scan using sbtest5_pkey on sbtest5  (cost=0.43..47.68 rows=11 width=121)
	  Index Cond: ((id >= 493634) AND (id <= 493643))

table 6 : explain SELECT c FROM sbtest6 WHERE id BETWEEN 8872579 AND 8872588
	Index Scan using sbtest6_pkey on sbtest6  (cost=0.43..39.91 rows=9 width=121)
	  Index Cond: ((id >= 8872579) AND (id <= 8872588))

table 7 : explain SELECT c FROM sbtest7 WHERE id BETWEEN 7606270 AND 7606279
	Index Scan using sbtest7_pkey on sbtest7  (cost=0.43..47.77 rows=11 width=121)
	  Index Cond: ((id >= 7606270) AND (id <= 7606279))

table 8 : explain SELECT c FROM sbtest8 WHERE id BETWEEN 5956317 AND 5956326
	Index Scan using sbtest8_pkey on sbtest8  (cost=0.43..43.86 rows=10 width=121)
	  Index Cond: ((id >= 5956317) AND (id <= 5956326))

for point_selects
table 1 : explain SELECT c FROM sbtest1 WHERE id=9103950
	Index Scan using sbtest1_pkey on sbtest1  (cost=0.43..8.45 rows=1 width=121)
	  Index Cond: (id = 9103950)

table 2 : explain SELECT c FROM sbtest2 WHERE id=5632208
	Index Scan using sbtest2_pkey on sbtest2  (cost=0.43..8.45 rows=1 width=121)
	  Index Cond: (id = 5632208)

table 3 : explain SELECT c FROM sbtest3 WHERE id=2015059
	Index Scan using sbtest3_pkey on sbtest3  (cost=0.43..8.45 rows=1 width=121)
	  Index Cond: (id = 2015059)

table 4 : explain SELECT c FROM sbtest4 WHERE id=7762398
	Index Scan using sbtest4_pkey on sbtest4  (cost=0.43..8.45 rows=1 width=121)
	  Index Cond: (id = 7762398)

table 5 : explain SELECT c FROM sbtest5 WHERE id=8544070
	Index Scan using sbtest5_pkey on sbtest5  (cost=0.43..8.45 rows=1 width=121)
	  Index Cond: (id = 8544070)

table 6 : explain SELECT c FROM sbtest6 WHERE id=4440938
	Index Scan using sbtest6_pkey on sbtest6  (cost=0.43..8.45 rows=1 width=121)
	  Index Cond: (id = 4440938)

table 7 : explain SELECT c FROM sbtest7 WHERE id=7255628
	Index Scan using sbtest7_pkey on sbtest7  (cost=0.43..8.45 rows=1 width=121)
	  Index Cond: (id = 7255628)

table 8 : explain SELECT c FROM sbtest8 WHERE id=785462
	Index Scan using sbtest8_pkey on sbtest8  (cost=0.43..8.45 rows=1 width=121)
	  Index Cond: (id = 785462)

for: simple_ranges
table 1 : explain SELECT c FROM sbtest1 WHERE id BETWEEN 9369012 AND 9369021
	Index Scan using sbtest1_pkey on sbtest1  (cost=0.43..39.94 rows=9 width=121)
	  Index Cond: ((id >= 9369012) AND (id <= 9369021))

table 2 : explain SELECT c FROM sbtest2 WHERE id BETWEEN 8856152 AND 8856161
	Index Scan using sbtest2_pkey on sbtest2  (cost=0.43..43.96 rows=10 width=121)
	  Index Cond: ((id >= 8856152) AND (id <= 8856161))

table 3 : explain SELECT c FROM sbtest3 WHERE id BETWEEN 168773 AND 168782
	Index Scan using sbtest3_pkey on sbtest3  (cost=0.43..43.83 rows=10 width=121)
	  Index Cond: ((id >= 168773) AND (id <= 168782))

table 4 : explain SELECT c FROM sbtest4 WHERE id BETWEEN 8327166 AND 8327175
	Index Scan using sbtest4_pkey on sbtest4  (cost=0.43..43.81 rows=10 width=121)
	  Index Cond: ((id >= 8327166) AND (id <= 8327175))

table 5 : explain SELECT c FROM sbtest5 WHERE id BETWEEN 8532585 AND 8532594
	Index Scan using sbtest5_pkey on sbtest5  (cost=0.43..43.76 rows=10 width=121)
	  Index Cond: ((id >= 8532585) AND (id <= 8532594))

table 6 : explain SELECT c FROM sbtest6 WHERE id BETWEEN 7829503 AND 7829512
	Index Scan using sbtest6_pkey on sbtest6  (cost=0.43..43.84 rows=10 width=121)
	  Index Cond: ((id >= 7829503) AND (id <= 7829512))

table 7 : explain SELECT c FROM sbtest7 WHERE id BETWEEN 7658503 AND 7658512
	Index Scan using sbtest7_pkey on sbtest7  (cost=0.43..39.91 rows=9 width=121)
	  Index Cond: ((id >= 7658503) AND (id <= 7658512))

table 8 : explain SELECT c FROM sbtest8 WHERE id BETWEEN 9583982 AND 9583991
	Index Scan using sbtest8_pkey on sbtest8  (cost=0.43..43.86 rows=10 width=121)
	  Index Cond: ((id >= 9583982) AND (id <= 9583991))

for: simple_ranges
table 1 : explain SELECT c FROM sbtest1 WHERE id BETWEEN 2905906 AND 2905915
	Index Scan using sbtest1_pkey on sbtest1  (cost=0.43..47.82 rows=11 width=121)
	  Index Cond: ((id >= 2905906) AND (id <= 2905915))

table 2 : explain SELECT c FROM sbtest2 WHERE id BETWEEN 2076166 AND 2076175
	Index Scan using sbtest2_pkey on sbtest2  (cost=0.43..40.01 rows=9 width=121)
	  Index Cond: ((id >= 2076166) AND (id <= 2076175))

table 3 : explain SELECT c FROM sbtest3 WHERE id BETWEEN 2699641 AND 2699650
	Index Scan using sbtest3_pkey on sbtest3  (cost=0.43..43.83 rows=10 width=121)
	  Index Cond: ((id >= 2699641) AND (id <= 2699650))

table 4 : explain SELECT c FROM sbtest4 WHERE id BETWEEN 8635485 AND 8635494
	Index Scan using sbtest4_pkey on sbtest4  (cost=0.43..43.81 rows=10 width=121)
	  Index Cond: ((id >= 8635485) AND (id <= 8635494))

table 5 : explain SELECT c FROM sbtest5 WHERE id BETWEEN 3069681 AND 3069690
	Index Scan using sbtest5_pkey on sbtest5  (cost=0.43..43.76 rows=10 width=121)
	  Index Cond: ((id >= 3069681) AND (id <= 3069690))

table 6 : explain SELECT c FROM sbtest6 WHERE id BETWEEN 9391047 AND 9391056
	Index Scan using sbtest6_pkey on sbtest6  (cost=0.43..43.84 rows=10 width=121)
	  Index Cond: ((id >= 9391047) AND (id <= 9391056))

table 7 : explain SELECT c FROM sbtest7 WHERE id BETWEEN 3647720 AND 3647729
	Index Scan using sbtest7_pkey on sbtest7  (cost=0.43..43.84 rows=10 width=121)
	  Index Cond: ((id >= 3647720) AND (id <= 3647729))

table 8 : explain SELECT c FROM sbtest8 WHERE id BETWEEN 7824598 AND 7824607
	Index Scan using sbtest8_pkey on sbtest8  (cost=0.43..39.92 rows=9 width=121)
	  Index Cond: ((id >= 7824598) AND (id <= 7824607))

for: simple_ranges
table 1 : explain SELECT c FROM sbtest1 WHERE id BETWEEN 7052476 AND 7052485
	Index Scan using sbtest1_pkey on sbtest1  (cost=0.43..47.82 rows=11 width=121)
	  Index Cond: ((id >= 7052476) AND (id <= 7052485))

table 2 : explain SELECT c FROM sbtest2 WHERE id BETWEEN 379093 AND 379102
	Index Scan using sbtest2_pkey on sbtest2  (cost=0.43..43.96 rows=10 width=121)
	  Index Cond: ((id >= 379093) AND (id <= 379102))

table 3 : explain SELECT c FROM sbtest3 WHERE id BETWEEN 2256063 AND 2256072
	Index Scan using sbtest3_pkey on sbtest3  (cost=0.43..43.83 rows=10 width=121)
	  Index Cond: ((id >= 2256063) AND (id <= 2256072))

table 4 : explain SELECT c FROM sbtest4 WHERE id BETWEEN 7939127 AND 7939136
	Index Scan using sbtest4_pkey on sbtest4  (cost=0.43..43.81 rows=10 width=121)
	  Index Cond: ((id >= 7939127) AND (id <= 7939136))

table 5 : explain SELECT c FROM sbtest5 WHERE id BETWEEN 1327656 AND 1327665
	Index Scan using sbtest5_pkey on sbtest5  (cost=0.43..43.76 rows=10 width=121)
	  Index Cond: ((id >= 1327656) AND (id <= 1327665))

table 6 : explain SELECT c FROM sbtest6 WHERE id BETWEEN 6491750 AND 6491759
	Index Scan using sbtest6_pkey on sbtest6  (cost=0.43..43.84 rows=10 width=121)
	  Index Cond: ((id >= 6491750) AND (id <= 6491759))

table 7 : explain SELECT c FROM sbtest7 WHERE id BETWEEN 9012532 AND 9012541
	Index Scan using sbtest7_pkey on sbtest7  (cost=0.43..39.91 rows=9 width=121)
	  Index Cond: ((id >= 9012532) AND (id <= 9012541))

table 8 : explain SELECT c FROM sbtest8 WHERE id BETWEEN 3400674 AND 3400683
	Index Scan using sbtest8_pkey on sbtest8  (cost=0.43..43.86 rows=10 width=121)
	  Index Cond: ((id >= 3400674) AND (id <= 3400683))

for: simple_ranges
table 1 : explain SELECT c FROM sbtest1 WHERE id BETWEEN 1388201 AND 1388210
	Index Scan using sbtest1_pkey on sbtest1  (cost=0.43..43.88 rows=10 width=121)
	  Index Cond: ((id >= 1388201) AND (id <= 1388210))

table 2 : explain SELECT c FROM sbtest2 WHERE id BETWEEN 9316816 AND 9316825
	Index Scan using sbtest2_pkey on sbtest2  (cost=0.43..47.90 rows=11 width=121)
	  Index Cond: ((id >= 9316816) AND (id <= 9316825))

table 3 : explain SELECT c FROM sbtest3 WHERE id BETWEEN 1861163 AND 1861172
	Index Scan using sbtest3_pkey on sbtest3  (cost=0.43..43.83 rows=10 width=121)
	  Index Cond: ((id >= 1861163) AND (id <= 1861172))

table 4 : explain SELECT c FROM sbtest4 WHERE id BETWEEN 9250240 AND 9250249
	Index Scan using sbtest4_pkey on sbtest4  (cost=0.43..43.81 rows=10 width=121)
	  Index Cond: ((id >= 9250240) AND (id <= 9250249))

table 5 : explain SELECT c FROM sbtest5 WHERE id BETWEEN 5273555 AND 5273564
	Index Scan using sbtest5_pkey on sbtest5  (cost=0.43..43.76 rows=10 width=121)
	  Index Cond: ((id >= 5273555) AND (id <= 5273564))

table 6 : explain SELECT c FROM sbtest6 WHERE id BETWEEN 5875231 AND 5875240
	Index Scan using sbtest6_pkey on sbtest6  (cost=0.43..43.84 rows=10 width=121)
	  Index Cond: ((id >= 5875231) AND (id <= 5875240))

table 7 : explain SELECT c FROM sbtest7 WHERE id BETWEEN 3805688 AND 3805697
	Index Scan using sbtest7_pkey on sbtest7  (cost=0.43..47.77 rows=11 width=121)
	  Index Cond: ((id >= 3805688) AND (id <= 3805697))

table 8 : explain SELECT c FROM sbtest8 WHERE id BETWEEN 3975269 AND 3975278
	Index Scan using sbtest8_pkey on sbtest8  (cost=0.43..43.86 rows=10 width=121)
	  Index Cond: ((id >= 3975269) AND (id <= 3975278))

for: simple_ranges
table 1 : explain SELECT c FROM sbtest1 WHERE id BETWEEN 6852194 AND 6852203
	Index Scan using sbtest1_pkey on sbtest1  (cost=0.43..43.88 rows=10 width=121)
	  Index Cond: ((id >= 6852194) AND (id <= 6852203))

table 2 : explain SELECT c FROM sbtest2 WHERE id BETWEEN 6656857 AND 6656866
	Index Scan using sbtest2_pkey on sbtest2  (cost=0.43..43.96 rows=10 width=121)
	  Index Cond: ((id >= 6656857) AND (id <= 6656866))

table 3 : explain SELECT c FROM sbtest3 WHERE id BETWEEN 7328633 AND 7328642
	Index Scan using sbtest3_pkey on sbtest3  (cost=0.43..43.83 rows=10 width=121)
	  Index Cond: ((id >= 7328633) AND (id <= 7328642))

table 4 : explain SELECT c FROM sbtest4 WHERE id BETWEEN 1012629 AND 1012638
	Index Scan using sbtest4_pkey on sbtest4  (cost=0.43..39.88 rows=9 width=121)
	  Index Cond: ((id >= 1012629) AND (id <= 1012638))

table 5 : explain SELECT c FROM sbtest5 WHERE id BETWEEN 7284375 AND 7284384
	Index Scan using sbtest5_pkey on sbtest5  (cost=0.43..43.76 rows=10 width=121)
	  Index Cond: ((id >= 7284375) AND (id <= 7284384))

table 6 : explain SELECT c FROM sbtest6 WHERE id BETWEEN 3512926 AND 3512935
	Index Scan using sbtest6_pkey on sbtest6  (cost=0.43..43.84 rows=10 width=121)
	  Index Cond: ((id >= 3512926) AND (id <= 3512935))

table 7 : explain SELECT c FROM sbtest7 WHERE id BETWEEN 8856725 AND 8856734
	Index Scan using sbtest7_pkey on sbtest7  (cost=0.43..43.84 rows=10 width=121)
	  Index Cond: ((id >= 8856725) AND (id <= 8856734))

table 8 : explain SELECT c FROM sbtest8 WHERE id BETWEEN 3837618 AND 3837627
	Index Scan using sbtest8_pkey on sbtest8  (cost=0.43..43.86 rows=10 width=121)
	  Index Cond: ((id >= 3837618) AND (id <= 3837627))

for: simple_ranges
table 1 : explain SELECT c FROM sbtest1 WHERE id BETWEEN 905114 AND 905123
	Index Scan using sbtest1_pkey on sbtest1  (cost=0.43..43.88 rows=10 width=121)
	  Index Cond: ((id >= 905114) AND (id <= 905123))

table 2 : explain SELECT c FROM sbtest2 WHERE id BETWEEN 7062809 AND 7062818
	Index Scan using sbtest2_pkey on sbtest2  (cost=0.43..43.96 rows=10 width=121)
	  Index Cond: ((id >= 7062809) AND (id <= 7062818))

table 3 : explain SELECT c FROM sbtest3 WHERE id BETWEEN 4475833 AND 4475842
	Index Scan using sbtest3_pkey on sbtest3  (cost=0.43..39.90 rows=9 width=121)
	  Index Cond: ((id >= 4475833) AND (id <= 4475842))

table 4 : explain SELECT c FROM sbtest4 WHERE id BETWEEN 2470020 AND 2470029
	Index Scan using sbtest4_pkey on sbtest4  (cost=0.43..39.88 rows=9 width=121)
	  Index Cond: ((id >= 2470020) AND (id <= 2470029))

table 5 : explain SELECT c FROM sbtest5 WHERE id BETWEEN 36578 AND 36587
	Index Scan using sbtest5_pkey on sbtest5  (cost=0.43..39.84 rows=9 width=121)
	  Index Cond: ((id >= 36578) AND (id <= 36587))

table 6 : explain SELECT c FROM sbtest6 WHERE id BETWEEN 1948502 AND 1948511
	Index Scan using sbtest6_pkey on sbtest6  (cost=0.43..43.84 rows=10 width=121)
	  Index Cond: ((id >= 1948502) AND (id <= 1948511))

table 7 : explain SELECT c FROM sbtest7 WHERE id BETWEEN 253377 AND 253386
	Index Scan using sbtest7_pkey on sbtest7  (cost=0.43..43.84 rows=10 width=121)
	  Index Cond: ((id >= 253377) AND (id <= 253386))

table 8 : explain SELECT c FROM sbtest8 WHERE id BETWEEN 327752 AND 327761
	Index Scan using sbtest8_pkey on sbtest8  (cost=0.43..43.86 rows=10 width=121)
	  Index Cond: ((id >= 327752) AND (id <= 327761))

for: simple_ranges
table 1 : explain SELECT c FROM sbtest1 WHERE id BETWEEN 9022740 AND 9022749
	Index Scan using sbtest1_pkey on sbtest1  (cost=0.43..47.82 rows=11 width=121)
	  Index Cond: ((id >= 9022740) AND (id <= 9022749))

table 2 : explain SELECT c FROM sbtest2 WHERE id BETWEEN 3657011 AND 3657020
	Index Scan using sbtest2_pkey on sbtest2  (cost=0.43..43.96 rows=10 width=121)
	  Index Cond: ((id >= 3657011) AND (id <= 3657020))

table 3 : explain SELECT c FROM sbtest3 WHERE id BETWEEN 5224446 AND 5224455
	Index Scan using sbtest3_pkey on sbtest3  (cost=0.43..43.83 rows=10 width=121)
	  Index Cond: ((id >= 5224446) AND (id <= 5224455))

table 4 : explain SELECT c FROM sbtest4 WHERE id BETWEEN 987506 AND 987515
	Index Scan using sbtest4_pkey on sbtest4  (cost=0.43..39.88 rows=9 width=121)
	  Index Cond: ((id >= 987506) AND (id <= 987515))

table 5 : explain SELECT c FROM sbtest5 WHERE id BETWEEN 962594 AND 962603
	Index Scan using sbtest5_pkey on sbtest5  (cost=0.43..43.76 rows=10 width=121)
	  Index Cond: ((id >= 962594) AND (id <= 962603))

table 6 : explain SELECT c FROM sbtest6 WHERE id BETWEEN 4241973 AND 4241982
	Index Scan using sbtest6_pkey on sbtest6  (cost=0.43..47.77 rows=11 width=121)
	  Index Cond: ((id >= 4241973) AND (id <= 4241982))

table 7 : explain SELECT c FROM sbtest7 WHERE id BETWEEN 7388469 AND 7388478
	Index Scan using sbtest7_pkey on sbtest7  (cost=0.43..47.77 rows=11 width=121)
	  Index Cond: ((id >= 7388469) AND (id <= 7388478))

table 8 : explain SELECT c FROM sbtest8 WHERE id BETWEEN 4651682 AND 4651691
	Index Scan using sbtest8_pkey on sbtest8  (cost=0.43..43.86 rows=10 width=121)
	  Index Cond: ((id >= 4651682) AND (id <= 4651691))

for point_selects
table 1 : explain SELECT c FROM sbtest1 WHERE id=4886436
	Index Scan using sbtest1_pkey on sbtest1  (cost=0.43..8.45 rows=1 width=121)
	  Index Cond: (id = 4886436)

table 2 : explain SELECT c FROM sbtest2 WHERE id=559053
	Index Scan using sbtest2_pkey on sbtest2  (cost=0.43..8.45 rows=1 width=121)
	  Index Cond: (id = 559053)

table 3 : explain SELECT c FROM sbtest3 WHERE id=7022628
	Index Scan using sbtest3_pkey on sbtest3  (cost=0.43..8.45 rows=1 width=121)
	  Index Cond: (id = 7022628)

table 4 : explain SELECT c FROM sbtest4 WHERE id=7484982
	Index Scan using sbtest4_pkey on sbtest4  (cost=0.43..8.45 rows=1 width=121)
	  Index Cond: (id = 7484982)

table 5 : explain SELECT c FROM sbtest5 WHERE id=2291698
	Index Scan using sbtest5_pkey on sbtest5  (cost=0.43..8.45 rows=1 width=121)
	  Index Cond: (id = 2291698)

table 6 : explain SELECT c FROM sbtest6 WHERE id=2939391
	Index Scan using sbtest6_pkey on sbtest6  (cost=0.43..8.45 rows=1 width=121)
	  Index Cond: (id = 2939391)

table 7 : explain SELECT c FROM sbtest7 WHERE id=1049992
	Index Scan using sbtest7_pkey on sbtest7  (cost=0.43..8.45 rows=1 width=121)
	  Index Cond: (id = 1049992)

table 8 : explain SELECT c FROM sbtest8 WHERE id=6883908
	Index Scan using sbtest8_pkey on sbtest8  (cost=0.43..8.45 rows=1 width=121)
	  Index Cond: (id = 6883908)
for: simple_ranges
table 1 : explain SELECT c FROM sbtest1 WHERE id BETWEEN 3997588 AND 3997597
	Index Scan using sbtest1_pkey on sbtest1  (cost=0.43..39.94 rows=9 width=121)
	  Index Cond: ((id >= 3997588) AND (id <= 3997597))

table 2 : explain SELECT c FROM sbtest2 WHERE id BETWEEN 3047888 AND 3047897
	Index Scan using sbtest2_pkey on sbtest2  (cost=0.43..43.96 rows=10 width=121)
	  Index Cond: ((id >= 3047888) AND (id <= 3047897))

table 3 : explain SELECT c FROM sbtest3 WHERE id BETWEEN 8020504 AND 8020513
	Index Scan using sbtest3_pkey on sbtest3  (cost=0.43..43.83 rows=10 width=121)
	  Index Cond: ((id >= 8020504) AND (id <= 8020513))

table 4 : explain SELECT c FROM sbtest4 WHERE id BETWEEN 6868713 AND 6868722
	Index Scan using sbtest4_pkey on sbtest4  (cost=0.43..39.88 rows=9 width=121)
	  Index Cond: ((id >= 6868713) AND (id <= 6868722))

table 5 : explain SELECT c FROM sbtest5 WHERE id BETWEEN 948819 AND 948828
	Index Scan using sbtest5_pkey on sbtest5  (cost=0.43..43.76 rows=10 width=121)
	  Index Cond: ((id >= 948819) AND (id <= 948828))

table 6 : explain SELECT c FROM sbtest6 WHERE id BETWEEN 8709627 AND 8709636
	Index Scan using sbtest6_pkey on sbtest6  (cost=0.43..39.91 rows=9 width=121)
	  Index Cond: ((id >= 8709627) AND (id <= 8709636))

table 7 : explain SELECT c FROM sbtest7 WHERE id BETWEEN 2876584 AND 2876593
	Index Scan using sbtest7_pkey on sbtest7  (cost=0.43..39.91 rows=9 width=121)
	  Index Cond: ((id >= 2876584) AND (id <= 2876593))

table 8 : explain SELECT c FROM sbtest8 WHERE id BETWEEN 8402648 AND 8402657
	Index Scan using sbtest8_pkey on sbtest8  (cost=0.43..43.86 rows=10 width=121)
	  Index Cond: ((id >= 8402648) AND (id <= 8402657))

for: simple_ranges
table 1 : explain SELECT c FROM sbtest1 WHERE id BETWEEN 3613895 AND 3613904
	Index Scan using sbtest1_pkey on sbtest1  (cost=0.43..43.88 rows=10 width=121)
	  Index Cond: ((id >= 3613895) AND (id <= 3613904))

table 2 : explain SELECT c FROM sbtest2 WHERE id BETWEEN 920175 AND 920184
	Index Scan using sbtest2_pkey on sbtest2  (cost=0.43..47.90 rows=11 width=121)
	  Index Cond: ((id >= 920175) AND (id <= 920184))

table 3 : explain SELECT c FROM sbtest3 WHERE id BETWEEN 1975176 AND 1975185
	Index Scan using sbtest3_pkey on sbtest3  (cost=0.43..43.83 rows=10 width=121)
	  Index Cond: ((id >= 1975176) AND (id <= 1975185))

table 4 : explain SELECT c FROM sbtest4 WHERE id BETWEEN 7954622 AND 7954631
	Index Scan using sbtest4_pkey on sbtest4  (cost=0.43..43.81 rows=10 width=121)
	  Index Cond: ((id >= 7954622) AND (id <= 7954631))

table 5 : explain SELECT c FROM sbtest5 WHERE id BETWEEN 5084282 AND 5084291
	Index Scan using sbtest5_pkey on sbtest5  (cost=0.43..43.76 rows=10 width=121)
	  Index Cond: ((id >= 5084282) AND (id <= 5084291))

table 6 : explain SELECT c FROM sbtest6 WHERE id BETWEEN 2742343 AND 2742352
	Index Scan using sbtest6_pkey on sbtest6  (cost=0.43..43.84 rows=10 width=121)
	  Index Cond: ((id >= 2742343) AND (id <= 2742352))

table 7 : explain SELECT c FROM sbtest7 WHERE id BETWEEN 5242481 AND 5242490
	Index Scan using sbtest7_pkey on sbtest7  (cost=0.43..39.91 rows=9 width=121)
	  Index Cond: ((id >= 5242481) AND (id <= 5242490))

table 8 : explain SELECT c FROM sbtest8 WHERE id BETWEEN 5471194 AND 5471203
	Index Scan using sbtest8_pkey on sbtest8  (cost=0.43..43.86 rows=10 width=121)
	  Index Cond: ((id >= 5471194) AND (id <= 5471203))


for point_selects
table 1 : explain SELECT c FROM sbtest1 WHERE id=3683021
	Index Scan using sbtest1_pkey on sbtest1  (cost=0.43..8.45 rows=1 width=121)
	  Index Cond: (id = 3683021)

table 2 : explain SELECT c FROM sbtest2 WHERE id=4906532
	Index Scan using sbtest2_pkey on sbtest2  (cost=0.43..8.45 rows=1 width=121)
	  Index Cond: (id = 4906532)

table 3 : explain SELECT c FROM sbtest3 WHERE id=9517017
	Index Scan using sbtest3_pkey on sbtest3  (cost=0.43..8.45 rows=1 width=121)
	  Index Cond: (id = 9517017)

table 4 : explain SELECT c FROM sbtest4 WHERE id=1105546
	Index Scan using sbtest4_pkey on sbtest4  (cost=0.43..8.45 rows=1 width=121)
	  Index Cond: (id = 1105546)

table 5 : explain SELECT c FROM sbtest5 WHERE id=4731846
	Index Scan using sbtest5_pkey on sbtest5  (cost=0.43..8.45 rows=1 width=121)
	  Index Cond: (id = 4731846)

table 6 : explain SELECT c FROM sbtest6 WHERE id=6552911
	Index Scan using sbtest6_pkey on sbtest6  (cost=0.43..8.45 rows=1 width=121)
	  Index Cond: (id = 6552911)

table 7 : explain SELECT c FROM sbtest7 WHERE id=263760
	Index Scan using sbtest7_pkey on sbtest7  (cost=0.43..8.45 rows=1 width=121)
	  Index Cond: (id = 263760)

table 8 : explain SELECT c FROM sbtest8 WHERE id=2043577
	Index Scan using sbtest8_pkey on sbtest8  (cost=0.43..8.45 rows=1 width=121)
	  Index Cond: (id = 2043577)

for: simple_ranges
table 1 : explain SELECT c FROM sbtest1 WHERE id BETWEEN 4398515 AND 4398524
	Index Scan using sbtest1_pkey on sbtest1  (cost=0.43..39.94 rows=9 width=121)
	  Index Cond: ((id >= 4398515) AND (id <= 4398524))

table 2 : explain SELECT c FROM sbtest2 WHERE id BETWEEN 2960061 AND 2960070
	Index Scan using sbtest2_pkey on sbtest2  (cost=0.43..43.96 rows=10 width=121)
	  Index Cond: ((id >= 2960061) AND (id <= 2960070))

table 3 : explain SELECT c FROM sbtest3 WHERE id BETWEEN 9081281 AND 9081290
	Index Scan using sbtest3_pkey on sbtest3  (cost=0.43..43.83 rows=10 width=121)
	  Index Cond: ((id >= 9081281) AND (id <= 9081290))

table 4 : explain SELECT c FROM sbtest4 WHERE id BETWEEN 6711633 AND 6711642
	Index Scan using sbtest4_pkey on sbtest4  (cost=0.43..43.81 rows=10 width=121)
	  Index Cond: ((id >= 6711633) AND (id <= 6711642))

table 5 : explain SELECT c FROM sbtest5 WHERE id BETWEEN 2318180 AND 2318189
	Index Scan using sbtest5_pkey on sbtest5  (cost=0.43..39.84 rows=9 width=121)
	  Index Cond: ((id >= 2318180) AND (id <= 2318189))

table 6 : explain SELECT c FROM sbtest6 WHERE id BETWEEN 8819834 AND 8819843
	Index Scan using sbtest6_pkey on sbtest6  (cost=0.43..43.84 rows=10 width=121)
	  Index Cond: ((id >= 8819834) AND (id <= 8819843))

table 7 : explain SELECT c FROM sbtest7 WHERE id BETWEEN 1158388 AND 1158397
	Index Scan using sbtest7_pkey on sbtest7  (cost=0.43..43.84 rows=10 width=121)
	  Index Cond: ((id >= 1158388) AND (id <= 1158397))

table 8 : explain SELECT c FROM sbtest8 WHERE id BETWEEN 8993951 AND 8993960
	Index Scan using sbtest8_pkey on sbtest8  (cost=0.43..47.79 rows=11 width=121)
	  Index Cond: ((id >= 8993951) AND (id <= 8993960))

for point_selects
table 1 : explain SELECT c FROM sbtest1 WHERE id=8887433
	Index Scan using sbtest1_pkey on sbtest1  (cost=0.43..8.45 rows=1 width=121)
	  Index Cond: (id = 8887433)

table 2 : explain SELECT c FROM sbtest2 WHERE id=1856040
	Index Scan using sbtest2_pkey on sbtest2  (cost=0.43..8.45 rows=1 width=121)
	  Index Cond: (id = 1856040)

table 3 : explain SELECT c FROM sbtest3 WHERE id=2115206
	Index Scan using sbtest3_pkey on sbtest3  (cost=0.43..8.45 rows=1 width=121)
	  Index Cond: (id = 2115206)

table 4 : explain SELECT c FROM sbtest4 WHERE id=5692631
	Index Scan using sbtest4_pkey on sbtest4  (cost=0.43..8.45 rows=1 width=121)
	  Index Cond: (id = 5692631)

table 5 : explain SELECT c FROM sbtest5 WHERE id=4063486
	Index Scan using sbtest5_pkey on sbtest5  (cost=0.43..8.45 rows=1 width=121)
	  Index Cond: (id = 4063486)

table 6 : explain SELECT c FROM sbtest6 WHERE id=4733654
	Index Scan using sbtest6_pkey on sbtest6  (cost=0.43..8.45 rows=1 width=121)
	  Index Cond: (id = 4733654)

table 7 : explain SELECT c FROM sbtest7 WHERE id=2241203
	Index Scan using sbtest7_pkey on sbtest7  (cost=0.43..8.45 rows=1 width=121)
	  Index Cond: (id = 2241203)

table 8 : explain SELECT c FROM sbtest8 WHERE id=1709383
	Index Scan using sbtest8_pkey on sbtest8  (cost=0.43..8.45 rows=1 width=121)
	  Index Cond: (id = 1709383)

for: simple_ranges
table 1 : explain SELECT c FROM sbtest1 WHERE id BETWEEN 4357718 AND 4357727
	Index Scan using sbtest1_pkey on sbtest1  (cost=0.43..39.94 rows=9 width=121)
	  Index Cond: ((id >= 4357718) AND (id <= 4357727))

table 2 : explain SELECT c FROM sbtest2 WHERE id BETWEEN 667950 AND 667959
	Index Scan using sbtest2_pkey on sbtest2  (cost=0.43..43.96 rows=10 width=121)
	  Index Cond: ((id >= 667950) AND (id <= 667959))

table 3 : explain SELECT c FROM sbtest3 WHERE id BETWEEN 1175265 AND 1175274
	Index Scan using sbtest3_pkey on sbtest3  (cost=0.43..43.83 rows=10 width=121)
	  Index Cond: ((id >= 1175265) AND (id <= 1175274))

table 4 : explain SELECT c FROM sbtest4 WHERE id BETWEEN 4344605 AND 4344614
	Index Scan using sbtest4_pkey on sbtest4  (cost=0.43..43.81 rows=10 width=121)
	  Index Cond: ((id >= 4344605) AND (id <= 4344614))

table 5 : explain SELECT c FROM sbtest5 WHERE id BETWEEN 5806792 AND 5806801
	Index Scan using sbtest5_pkey on sbtest5  (cost=0.43..43.76 rows=10 width=121)
	  Index Cond: ((id >= 5806792) AND (id <= 5806801))

table 6 : explain SELECT c FROM sbtest6 WHERE id BETWEEN 368983 AND 368992
	Index Scan using sbtest6_pkey on sbtest6  (cost=0.43..43.84 rows=10 width=121)
	  Index Cond: ((id >= 368983) AND (id <= 368992))

table 7 : explain SELECT c FROM sbtest7 WHERE id BETWEEN 7661163 AND 7661172
	Index Scan using sbtest7_pkey on sbtest7  (cost=0.43..39.91 rows=9 width=121)
	  Index Cond: ((id >= 7661163) AND (id <= 7661172))

table 8 : explain SELECT c FROM sbtest8 WHERE id BETWEEN 9409686 AND 9409695
	Index Scan using sbtest8_pkey on sbtest8  (cost=0.43..39.92 rows=9 width=121)
	  Index Cond: ((id >= 9409686) AND (id <= 9409695))

for: simple_ranges
table 1 : explain SELECT c FROM sbtest1 WHERE id BETWEEN 9482603 AND 9482612
	Index Scan using sbtest1_pkey on sbtest1  (cost=0.43..43.88 rows=10 width=121)
	  Index Cond: ((id >= 9482603) AND (id <= 9482612))

table 2 : explain SELECT c FROM sbtest2 WHERE id BETWEEN 8287545 AND 8287554
	Index Scan using sbtest2_pkey on sbtest2  (cost=0.43..43.96 rows=10 width=121)
	  Index Cond: ((id >= 8287545) AND (id <= 8287554))

table 3 : explain SELECT c FROM sbtest3 WHERE id BETWEEN 4012593 AND 4012602
	Index Scan using sbtest3_pkey on sbtest3  (cost=0.43..43.83 rows=10 width=121)
	  Index Cond: ((id >= 4012593) AND (id <= 4012602))

table 4 : explain SELECT c FROM sbtest4 WHERE id BETWEEN 2782464 AND 2782473
	Index Scan using sbtest4_pkey on sbtest4  (cost=0.43..43.81 rows=10 width=121)
	  Index Cond: ((id >= 2782464) AND (id <= 2782473))

table 5 : explain SELECT c FROM sbtest5 WHERE id BETWEEN 8479833 AND 8479842
	Index Scan using sbtest5_pkey on sbtest5  (cost=0.43..47.68 rows=11 width=121)
	  Index Cond: ((id >= 8479833) AND (id <= 8479842))

table 6 : explain SELECT c FROM sbtest6 WHERE id BETWEEN 2899701 AND 2899710
	Index Scan using sbtest6_pkey on sbtest6  (cost=0.43..43.84 rows=10 width=121)
	  Index Cond: ((id >= 2899701) AND (id <= 2899710))

table 7 : explain SELECT c FROM sbtest7 WHERE id BETWEEN 9800292 AND 9800301
	Index Scan using sbtest7_pkey on sbtest7  (cost=0.43..43.84 rows=10 width=121)
	  Index Cond: ((id >= 9800292) AND (id <= 9800301))

table 8 : explain SELECT c FROM sbtest8 WHERE id BETWEEN 8836686 AND 8836695
	Index Scan using sbtest8_pkey on sbtest8  (cost=0.43..43.86 rows=10 width=121)
	  Index Cond: ((id >= 8836686) AND (id <= 8836695))

for point_selects
table 1 : explain SELECT c FROM sbtest1 WHERE id=624366
	Index Scan using sbtest1_pkey on sbtest1  (cost=0.43..8.45 rows=1 width=121)
	  Index Cond: (id = 624366)

table 2 : explain SELECT c FROM sbtest2 WHERE id=7312198
	Index Scan using sbtest2_pkey on sbtest2  (cost=0.43..8.45 rows=1 width=121)
	  Index Cond: (id = 7312198)

table 3 : explain SELECT c FROM sbtest3 WHERE id=5635621
	Index Scan using sbtest3_pkey on sbtest3  (cost=0.43..8.45 rows=1 width=121)
	  Index Cond: (id = 5635621)

table 4 : explain SELECT c FROM sbtest4 WHERE id=6071956
	Index Scan using sbtest4_pkey on sbtest4  (cost=0.43..8.45 rows=1 width=121)
	  Index Cond: (id = 6071956)

table 5 : explain SELECT c FROM sbtest5 WHERE id=8497572
	Index Scan using sbtest5_pkey on sbtest5  (cost=0.43..8.45 rows=1 width=121)
	  Index Cond: (id = 8497572)

table 6 : explain SELECT c FROM sbtest6 WHERE id=182095
	Index Scan using sbtest6_pkey on sbtest6  (cost=0.43..8.45 rows=1 width=121)
	  Index Cond: (id = 182095)

table 7 : explain SELECT c FROM sbtest7 WHERE id=4676556
	Index Scan using sbtest7_pkey on sbtest7  (cost=0.43..8.45 rows=1 width=121)
	  Index Cond: (id = 4676556)

table 8 : explain SELECT c FROM sbtest8 WHERE id=7461134
	Index Scan using sbtest8_pkey on sbtest8  (cost=0.43..8.45 rows=1 width=121)
	  Index Cond: (id = 7461134)

for: simple_ranges
table 1 : explain SELECT c FROM sbtest1 WHERE id BETWEEN 3584710 AND 3584719
	Index Scan using sbtest1_pkey on sbtest1  (cost=0.43..43.88 rows=10 width=121)
	  Index Cond: ((id >= 3584710) AND (id <= 3584719))

table 2 : explain SELECT c FROM sbtest2 WHERE id BETWEEN 9529044 AND 9529053
	Index Scan using sbtest2_pkey on sbtest2  (cost=0.43..43.96 rows=10 width=121)
	  Index Cond: ((id >= 9529044) AND (id <= 9529053))

table 3 : explain SELECT c FROM sbtest3 WHERE id BETWEEN 7586217 AND 7586226
	Index Scan using sbtest3_pkey on sbtest3  (cost=0.43..39.90 rows=9 width=121)
	  Index Cond: ((id >= 7586217) AND (id <= 7586226))

table 4 : explain SELECT c FROM sbtest4 WHERE id BETWEEN 6876033 AND 6876042
	Index Scan using sbtest4_pkey on sbtest4  (cost=0.43..39.88 rows=9 width=121)
	  Index Cond: ((id >= 6876033) AND (id <= 6876042))

table 5 : explain SELECT c FROM sbtest5 WHERE id BETWEEN 1028877 AND 1028886
	Index Scan using sbtest5_pkey on sbtest5  (cost=0.43..43.76 rows=10 width=121)
	  Index Cond: ((id >= 1028877) AND (id <= 1028886))

table 6 : explain SELECT c FROM sbtest6 WHERE id BETWEEN 2495991 AND 2496000
	Index Scan using sbtest6_pkey on sbtest6  (cost=0.43..43.84 rows=10 width=121)
	  Index Cond: ((id >= 2495991) AND (id <= 2496000))

table 7 : explain SELECT c FROM sbtest7 WHERE id BETWEEN 965718 AND 965727
	Index Scan using sbtest7_pkey on sbtest7  (cost=0.43..43.84 rows=10 width=121)
	  Index Cond: ((id >= 965718) AND (id <= 965727))

table 8 : explain SELECT c FROM sbtest8 WHERE id BETWEEN 4364327 AND 4364336
	Index Scan using sbtest8_pkey on sbtest8  (cost=0.43..43.86 rows=10 width=121)
	  Index Cond: ((id >= 4364327) AND (id <= 4364336))

for: simple_ranges
table 1 : explain SELECT c FROM sbtest1 WHERE id BETWEEN 9802630 AND 9802639
	Index Scan using sbtest1_pkey on sbtest1  (cost=0.43..47.82 rows=11 width=121)
	  Index Cond: ((id >= 9802630) AND (id <= 9802639))

table 2 : explain SELECT c FROM sbtest2 WHERE id BETWEEN 8822476 AND 8822485
	Index Scan using sbtest2_pkey on sbtest2  (cost=0.43..43.96 rows=10 width=121)
	  Index Cond: ((id >= 8822476) AND (id <= 8822485))

table 3 : explain SELECT c FROM sbtest3 WHERE id BETWEEN 5135927 AND 5135936
	Index Scan using sbtest3_pkey on sbtest3  (cost=0.43..43.83 rows=10 width=121)
	  Index Cond: ((id >= 5135927) AND (id <= 5135936))

table 4 : explain SELECT c FROM sbtest4 WHERE id BETWEEN 9929603 AND 9929612
	Index Scan using sbtest4_pkey on sbtest4  (cost=0.43..47.73 rows=11 width=121)
	  Index Cond: ((id >= 9929603) AND (id <= 9929612))

table 5 : explain SELECT c FROM sbtest5 WHERE id BETWEEN 57472 AND 57481
	Index Scan using sbtest5_pkey on sbtest5  (cost=0.43..39.84 rows=9 width=121)
	  Index Cond: ((id >= 57472) AND (id <= 57481))

table 6 : explain SELECT c FROM sbtest6 WHERE id BETWEEN 2458887 AND 2458896
	Index Scan using sbtest6_pkey on sbtest6  (cost=0.43..43.84 rows=10 width=121)
	  Index Cond: ((id >= 2458887) AND (id <= 2458896))

table 7 : explain SELECT c FROM sbtest7 WHERE id BETWEEN 3905975 AND 3905984
	Index Scan using sbtest7_pkey on sbtest7  (cost=0.43..43.84 rows=10 width=121)
	  Index Cond: ((id >= 3905975) AND (id <= 3905984))

table 8 : explain SELECT c FROM sbtest8 WHERE id BETWEEN 5864128 AND 5864137
	Index Scan using sbtest8_pkey on sbtest8  (cost=0.43..43.86 rows=10 width=121)
	  Index Cond: ((id >= 5864128) AND (id <= 5864137))

for: simple_ranges
table 1 : explain SELECT c FROM sbtest1 WHERE id BETWEEN 5004046 AND 5004055
	Index Scan using sbtest1_pkey on sbtest1  (cost=0.43..43.88 rows=10 width=121)
	  Index Cond: ((id >= 5004046) AND (id <= 5004055))

table 2 : explain SELECT c FROM sbtest2 WHERE id BETWEEN 4000758 AND 4000767
	Index Scan using sbtest2_pkey on sbtest2  (cost=0.43..40.01 rows=9 width=121)
	  Index Cond: ((id >= 4000758) AND (id <= 4000767))

table 3 : explain SELECT c FROM sbtest3 WHERE id BETWEEN 4637034 AND 4637043
	Index Scan using sbtest3_pkey on sbtest3  (cost=0.43..39.90 rows=9 width=121)
	  Index Cond: ((id >= 4637034) AND (id <= 4637043))

table 4 : explain SELECT c FROM sbtest4 WHERE id BETWEEN 4613161 AND 4613170
	Index Scan using sbtest4_pkey on sbtest4  (cost=0.43..47.73 rows=11 width=121)
	  Index Cond: ((id >= 4613161) AND (id <= 4613170))

table 5 : explain SELECT c FROM sbtest5 WHERE id BETWEEN 6699083 AND 6699092
	Index Scan using sbtest5_pkey on sbtest5  (cost=0.43..47.68 rows=11 width=121)
	  Index Cond: ((id >= 6699083) AND (id <= 6699092))

table 6 : explain SELECT c FROM sbtest6 WHERE id BETWEEN 9630738 AND 9630747
	Index Scan using sbtest6_pkey on sbtest6  (cost=0.43..43.84 rows=10 width=121)
	  Index Cond: ((id >= 9630738) AND (id <= 9630747))

table 7 : explain SELECT c FROM sbtest7 WHERE id BETWEEN 259477 AND 259486
	Index Scan using sbtest7_pkey on sbtest7  (cost=0.43..43.84 rows=10 width=121)
	  Index Cond: ((id >= 259477) AND (id <= 259486))

table 8 : explain SELECT c FROM sbtest8 WHERE id BETWEEN 4223451 AND 4223460
	Index Scan using sbtest8_pkey on sbtest8  (cost=0.43..39.92 rows=9 width=121)
	  Index Cond: ((id >= 4223451) AND (id <= 4223460))

for point_selects
table 1 : explain SELECT c FROM sbtest1 WHERE id=8984977
	Index Scan using sbtest1_pkey on sbtest1  (cost=0.43..8.45 rows=1 width=121)
	  Index Cond: (id = 8984977)

table 2 : explain SELECT c FROM sbtest2 WHERE id=3755988
	Index Scan using sbtest2_pkey on sbtest2  (cost=0.43..8.45 rows=1 width=121)
	  Index Cond: (id = 3755988)

table 3 : explain SELECT c FROM sbtest3 WHERE id=8470538
	Index Scan using sbtest3_pkey on sbtest3  (cost=0.43..8.45 rows=1 width=121)
	  Index Cond: (id = 8470538)

table 4 : explain SELECT c FROM sbtest4 WHERE id=8200477
	Index Scan using sbtest4_pkey on sbtest4  (cost=0.43..8.45 rows=1 width=121)
	  Index Cond: (id = 8200477)

table 5 : explain SELECT c FROM sbtest5 WHERE id=2486980
	Index Scan using sbtest5_pkey on sbtest5  (cost=0.43..8.45 rows=1 width=121)
	  Index Cond: (id = 2486980)

table 6 : explain SELECT c FROM sbtest6 WHERE id=1021553
	Index Scan using sbtest6_pkey on sbtest6  (cost=0.43..8.45 rows=1 width=121)
	  Index Cond: (id = 1021553)

table 7 : explain SELECT c FROM sbtest7 WHERE id=8877442
	Index Scan using sbtest7_pkey on sbtest7  (cost=0.43..8.45 rows=1 width=121)
	  Index Cond: (id = 8877442)

table 8 : explain SELECT c FROM sbtest8 WHERE id=3911195
	Index Scan using sbtest8_pkey on sbtest8  (cost=0.43..8.45 rows=1 width=121)
	  Index Cond: (id = 3911195)

for: simple_ranges
table 1 : explain SELECT c FROM sbtest1 WHERE id BETWEEN 5243004 AND 5243013
	Index Scan using sbtest1_pkey on sbtest1  (cost=0.43..43.88 rows=10 width=121)
	  Index Cond: ((id >= 5243004) AND (id <= 5243013))

table 2 : explain SELECT c FROM sbtest2 WHERE id BETWEEN 191166 AND 191175
	Index Scan using sbtest2_pkey on sbtest2  (cost=0.43..40.01 rows=9 width=121)
	  Index Cond: ((id >= 191166) AND (id <= 191175))

table 3 : explain SELECT c FROM sbtest3 WHERE id BETWEEN 9678469 AND 9678478
	Index Scan using sbtest3_pkey on sbtest3  (cost=0.43..43.83 rows=10 width=121)
	  Index Cond: ((id >= 9678469) AND (id <= 9678478))

table 4 : explain SELECT c FROM sbtest4 WHERE id BETWEEN 7236987 AND 7236996
	Index Scan using sbtest4_pkey on sbtest4  (cost=0.43..43.81 rows=10 width=121)
	  Index Cond: ((id >= 7236987) AND (id <= 7236996))

table 5 : explain SELECT c FROM sbtest5 WHERE id BETWEEN 8778256 AND 8778265
	Index Scan using sbtest5_pkey on sbtest5  (cost=0.43..43.76 rows=10 width=121)
	  Index Cond: ((id >= 8778256) AND (id <= 8778265))

table 6 : explain SELECT c FROM sbtest6 WHERE id BETWEEN 8469260 AND 8469269
	Index Scan using sbtest6_pkey on sbtest6  (cost=0.43..43.84 rows=10 width=121)
	  Index Cond: ((id >= 8469260) AND (id <= 8469269))

table 7 : explain SELECT c FROM sbtest7 WHERE id BETWEEN 4365436 AND 4365445
	Index Scan using sbtest7_pkey on sbtest7  (cost=0.43..39.91 rows=9 width=121)
	  Index Cond: ((id >= 4365436) AND (id <= 4365445))

table 8 : explain SELECT c FROM sbtest8 WHERE id BETWEEN 7540132 AND 7540141
	Index Scan using sbtest8_pkey on sbtest8  (cost=0.43..43.86 rows=10 width=121)
	  Index Cond: ((id >= 7540132) AND (id <= 7540141))

for point_selects
table 1 : explain SELECT c FROM sbtest1 WHERE id=6801981
	Index Scan using sbtest1_pkey on sbtest1  (cost=0.43..8.45 rows=1 width=121)
	  Index Cond: (id = 6801981)

table 2 : explain SELECT c FROM sbtest2 WHERE id=6281972
	Index Scan using sbtest2_pkey on sbtest2  (cost=0.43..8.45 rows=1 width=121)
	  Index Cond: (id = 6281972)

table 3 : explain SELECT c FROM sbtest3 WHERE id=5366458
	Index Scan using sbtest3_pkey on sbtest3  (cost=0.43..8.45 rows=1 width=121)
	  Index Cond: (id = 5366458)

table 4 : explain SELECT c FROM sbtest4 WHERE id=2882982
	Index Scan using sbtest4_pkey on sbtest4  (cost=0.43..8.45 rows=1 width=121)
	  Index Cond: (id = 2882982)

table 5 : explain SELECT c FROM sbtest5 WHERE id=6088121
	Index Scan using sbtest5_pkey on sbtest5  (cost=0.43..8.45 rows=1 width=121)
	  Index Cond: (id = 6088121)

table 6 : explain SELECT c FROM sbtest6 WHERE id=6632725
	Index Scan using sbtest6_pkey on sbtest6  (cost=0.43..8.45 rows=1 width=121)
	  Index Cond: (id = 6632725)

table 7 : explain SELECT c FROM sbtest7 WHERE id=7157214
	Index Scan using sbtest7_pkey on sbtest7  (cost=0.43..8.45 rows=1 width=121)
	  Index Cond: (id = 7157214)

table 8 : explain SELECT c FROM sbtest8 WHERE id=1536571
	Index Scan using sbtest8_pkey on sbtest8  (cost=0.43..8.45 rows=1 width=121)
	  Index Cond: (id = 1536571)

for: simple_ranges
table 1 : explain SELECT c FROM sbtest1 WHERE id BETWEEN 6703249 AND 6703258
	Index Scan using sbtest1_pkey on sbtest1  (cost=0.43..43.88 rows=10 width=121)
	  Index Cond: ((id >= 6703249) AND (id <= 6703258))

table 2 : explain SELECT c FROM sbtest2 WHERE id BETWEEN 8622459 AND 8622468
	Index Scan using sbtest2_pkey on sbtest2  (cost=0.43..43.96 rows=10 width=121)
	  Index Cond: ((id >= 8622459) AND (id <= 8622468))

table 3 : explain SELECT c FROM sbtest3 WHERE id BETWEEN 7740554 AND 7740563
	Index Scan using sbtest3_pkey on sbtest3  (cost=0.43..47.77 rows=11 width=121)
	  Index Cond: ((id >= 7740554) AND (id <= 7740563))

table 4 : explain SELECT c FROM sbtest4 WHERE id BETWEEN 149237 AND 149246
	Index Scan using sbtest4_pkey on sbtest4  (cost=0.43..43.81 rows=10 width=121)
	  Index Cond: ((id >= 149237) AND (id <= 149246))

table 5 : explain SELECT c FROM sbtest5 WHERE id BETWEEN 1740474 AND 1740483
	Index Scan using sbtest5_pkey on sbtest5  (cost=0.43..39.84 rows=9 width=121)
	  Index Cond: ((id >= 1740474) AND (id <= 1740483))

table 6 : explain SELECT c FROM sbtest6 WHERE id BETWEEN 6275713 AND 6275722
	Index Scan using sbtest6_pkey on sbtest6  (cost=0.43..47.77 rows=11 width=121)
	  Index Cond: ((id >= 6275713) AND (id <= 6275722))

table 7 : explain SELECT c FROM sbtest7 WHERE id BETWEEN 374216 AND 374225
	Index Scan using sbtest7_pkey on sbtest7  (cost=0.43..43.84 rows=10 width=121)
	  Index Cond: ((id >= 374216) AND (id <= 374225))

table 8 : explain SELECT c FROM sbtest8 WHERE id BETWEEN 4728010 AND 4728019
	Index Scan using sbtest8_pkey on sbtest8  (cost=0.43..43.86 rows=10 width=121)
	  Index Cond: ((id >= 4728010) AND (id <= 4728019))

for: simple_ranges
table 1 : explain SELECT c FROM sbtest1 WHERE id BETWEEN 3249465 AND 3249474
	Index Scan using sbtest1_pkey on sbtest1  (cost=0.43..43.88 rows=10 width=121)
	  Index Cond: ((id >= 3249465) AND (id <= 3249474))

table 2 : explain SELECT c FROM sbtest2 WHERE id BETWEEN 1424533 AND 1424542
	Index Scan using sbtest2_pkey on sbtest2  (cost=0.43..43.96 rows=10 width=121)
	  Index Cond: ((id >= 1424533) AND (id <= 1424542))

table 3 : explain SELECT c FROM sbtest3 WHERE id BETWEEN 8462123 AND 8462132
	Index Scan using sbtest3_pkey on sbtest3  (cost=0.43..39.90 rows=9 width=121)
	  Index Cond: ((id >= 8462123) AND (id <= 8462132))

table 4 : explain SELECT c FROM sbtest4 WHERE id BETWEEN 6913473 AND 6913482
	Index Scan using sbtest4_pkey on sbtest4  (cost=0.43..39.88 rows=9 width=121)
	  Index Cond: ((id >= 6913473) AND (id <= 6913482))

table 5 : explain SELECT c FROM sbtest5 WHERE id BETWEEN 674378 AND 674387
	Index Scan using sbtest5_pkey on sbtest5  (cost=0.43..47.68 rows=11 width=121)
	  Index Cond: ((id >= 674378) AND (id <= 674387))

table 6 : explain SELECT c FROM sbtest6 WHERE id BETWEEN 4946912 AND 4946921
	Index Scan using sbtest6_pkey on sbtest6  (cost=0.43..47.77 rows=11 width=121)
	  Index Cond: ((id >= 4946912) AND (id <= 4946921))

table 7 : explain SELECT c FROM sbtest7 WHERE id BETWEEN 6942650 AND 6942659
	Index Scan using sbtest7_pkey on sbtest7  (cost=0.43..43.84 rows=10 width=121)
	  Index Cond: ((id >= 6942650) AND (id <= 6942659))

table 8 : explain SELECT c FROM sbtest8 WHERE id BETWEEN 1156376 AND 1156385
	Index Scan using sbtest8_pkey on sbtest8  (cost=0.43..47.79 rows=11 width=121)
	  Index Cond: ((id >= 1156376) AND (id <= 1156385))

for point_selects
table 1 : explain SELECT c FROM sbtest1 WHERE id=8632053
	Index Scan using sbtest1_pkey on sbtest1  (cost=0.43..8.45 rows=1 width=121)
	  Index Cond: (id = 8632053)

table 2 : explain SELECT c FROM sbtest2 WHERE id=7928333
	Index Scan using sbtest2_pkey on sbtest2  (cost=0.43..8.45 rows=1 width=121)
	  Index Cond: (id = 7928333)

table 3 : explain SELECT c FROM sbtest3 WHERE id=638447
	Index Scan using sbtest3_pkey on sbtest3  (cost=0.43..8.45 rows=1 width=121)
	  Index Cond: (id = 638447)

table 4 : explain SELECT c FROM sbtest4 WHERE id=771862
	Index Scan using sbtest4_pkey on sbtest4  (cost=0.43..8.45 rows=1 width=121)
	  Index Cond: (id = 771862)

table 5 : explain SELECT c FROM sbtest5 WHERE id=2367351
	Index Scan using sbtest5_pkey on sbtest5  (cost=0.43..8.45 rows=1 width=121)
	  Index Cond: (id = 2367351)

table 6 : explain SELECT c FROM sbtest6 WHERE id=2903293
	Index Scan using sbtest6_pkey on sbtest6  (cost=0.43..8.45 rows=1 width=121)
	  Index Cond: (id = 2903293)

table 7 : explain SELECT c FROM sbtest7 WHERE id=8080175
	Index Scan using sbtest7_pkey on sbtest7  (cost=0.43..8.45 rows=1 width=121)
	  Index Cond: (id = 8080175)

table 8 : explain SELECT c FROM sbtest8 WHERE id=6855615
	Index Scan using sbtest8_pkey on sbtest8  (cost=0.43..8.45 rows=1 width=121)
	  Index Cond: (id = 6855615)

for: simple_ranges
table 1 : explain SELECT c FROM sbtest1 WHERE id BETWEEN 2075458 AND 2075467
	Index Scan using sbtest1_pkey on sbtest1  (cost=0.43..43.88 rows=10 width=121)
	  Index Cond: ((id >= 2075458) AND (id <= 2075467))

table 2 : explain SELECT c FROM sbtest2 WHERE id BETWEEN 2850343 AND 2850352
	Index Scan using sbtest2_pkey on sbtest2  (cost=0.43..40.01 rows=9 width=121)
	  Index Cond: ((id >= 2850343) AND (id <= 2850352))

table 3 : explain SELECT c FROM sbtest3 WHERE id BETWEEN 9679636 AND 9679645
	Index Scan using sbtest3_pkey on sbtest3  (cost=0.43..43.83 rows=10 width=121)
	  Index Cond: ((id >= 9679636) AND (id <= 9679645))

table 4 : explain SELECT c FROM sbtest4 WHERE id BETWEEN 9728185 AND 9728194
	Index Scan using sbtest4_pkey on sbtest4  (cost=0.43..43.81 rows=10 width=121)
	  Index Cond: ((id >= 9728185) AND (id <= 9728194))

table 5 : explain SELECT c FROM sbtest5 WHERE id BETWEEN 7685214 AND 7685223
	Index Scan using sbtest5_pkey on sbtest5  (cost=0.43..43.76 rows=10 width=121)
	  Index Cond: ((id >= 7685214) AND (id <= 7685223))

table 6 : explain SELECT c FROM sbtest6 WHERE id BETWEEN 9021750 AND 9021759
	Index Scan using sbtest6_pkey on sbtest6  (cost=0.43..43.84 rows=10 width=121)
	  Index Cond: ((id >= 9021750) AND (id <= 9021759))

table 7 : explain SELECT c FROM sbtest7 WHERE id BETWEEN 8742107 AND 8742116
	Index Scan using sbtest7_pkey on sbtest7  (cost=0.43..39.91 rows=9 width=121)
	  Index Cond: ((id >= 8742107) AND (id <= 8742116))

table 8 : explain SELECT c FROM sbtest8 WHERE id BETWEEN 5496168 AND 5496177
	Index Scan using sbtest8_pkey on sbtest8  (cost=0.43..43.86 rows=10 width=121)
	  Index Cond: ((id >= 5496168) AND (id <= 5496177))

for: sum_ranges
table 1 : explain SELECT SUM(k) FROM sbtest1 WHERE id BETWEEN 4707955 AND 4707964
	Aggregate  (cost=43.90..43.91 rows=1 width=8)
	  ->  Index Scan using sbtest1_pkey on sbtest1  (cost=0.43..43.88 rows=10 width=4)
	        Index Cond: ((id >= 4707955) AND (id <= 4707964))

table 2 : explain SELECT SUM(k) FROM sbtest2 WHERE id BETWEEN 542600 AND 542609
	Aggregate  (cost=43.98..43.99 rows=1 width=8)
	  ->  Index Scan using sbtest2_pkey on sbtest2  (cost=0.43..43.96 rows=10 width=4)
	        Index Cond: ((id >= 542600) AND (id <= 542609))

table 3 : explain SELECT SUM(k) FROM sbtest3 WHERE id BETWEEN 1470389 AND 1470398
	Aggregate  (cost=43.86..43.87 rows=1 width=8)
	  ->  Index Scan using sbtest3_pkey on sbtest3  (cost=0.43..43.83 rows=10 width=4)
	        Index Cond: ((id >= 1470389) AND (id <= 1470398))

table 4 : explain SELECT SUM(k) FROM sbtest4 WHERE id BETWEEN 4865190 AND 4865199
	Aggregate  (cost=43.83..43.84 rows=1 width=8)
	  ->  Index Scan using sbtest4_pkey on sbtest4  (cost=0.43..43.81 rows=10 width=4)
	        Index Cond: ((id >= 4865190) AND (id <= 4865199))

table 5 : explain SELECT SUM(k) FROM sbtest5 WHERE id BETWEEN 9093659 AND 9093668
	Aggregate  (cost=43.79..43.80 rows=1 width=8)
	  ->  Index Scan using sbtest5_pkey on sbtest5  (cost=0.43..43.76 rows=10 width=4)
	        Index Cond: ((id >= 9093659) AND (id <= 9093668))

table 6 : explain SELECT SUM(k) FROM sbtest6 WHERE id BETWEEN 2407374 AND 2407383
	Aggregate  (cost=43.87..43.88 rows=1 width=8)
	  ->  Index Scan using sbtest6_pkey on sbtest6  (cost=0.43..43.84 rows=10 width=4)
	        Index Cond: ((id >= 2407374) AND (id <= 2407383))

table 7 : explain SELECT SUM(k) FROM sbtest7 WHERE id BETWEEN 9961923 AND 9961932
	Aggregate  (cost=43.86..43.87 rows=1 width=8)
	  ->  Index Scan using sbtest7_pkey on sbtest7  (cost=0.43..43.84 rows=10 width=4)
	        Index Cond: ((id >= 9961923) AND (id <= 9961932))

table 8 : explain SELECT SUM(k) FROM sbtest8 WHERE id BETWEEN 8334224 AND 8334233
	Aggregate  (cost=43.88..43.89 rows=1 width=8)
	  ->  Index Scan using sbtest8_pkey on sbtest8  (cost=0.43..43.86 rows=10 width=4)
	        Index Cond: ((id >= 8334224) AND (id <= 8334233))

for: simple_ranges
table 1 : explain SELECT c FROM sbtest1 WHERE id BETWEEN 215432 AND 215441
	Index Scan using sbtest1_pkey on sbtest1  (cost=0.43..43.88 rows=10 width=121)
	  Index Cond: ((id >= 215432) AND (id <= 215441))

table 2 : explain SELECT c FROM sbtest2 WHERE id BETWEEN 6121492 AND 6121501
	Index Scan using sbtest2_pkey on sbtest2  (cost=0.43..43.96 rows=10 width=121)
	  Index Cond: ((id >= 6121492) AND (id <= 6121501))

table 3 : explain SELECT c FROM sbtest3 WHERE id BETWEEN 1382695 AND 1382704
	Index Scan using sbtest3_pkey on sbtest3  (cost=0.43..39.90 rows=9 width=121)
	  Index Cond: ((id >= 1382695) AND (id <= 1382704))

table 4 : explain SELECT c FROM sbtest4 WHERE id BETWEEN 1122970 AND 1122979
	Index Scan using sbtest4_pkey on sbtest4  (cost=0.43..43.81 rows=10 width=121)
	  Index Cond: ((id >= 1122970) AND (id <= 1122979))

table 5 : explain SELECT c FROM sbtest5 WHERE id BETWEEN 3853844 AND 3853853
	Index Scan using sbtest5_pkey on sbtest5  (cost=0.43..43.76 rows=10 width=121)
	  Index Cond: ((id >= 3853844) AND (id <= 3853853))

table 6 : explain SELECT c FROM sbtest6 WHERE id BETWEEN 552851 AND 552860
	Index Scan using sbtest6_pkey on sbtest6  (cost=0.43..43.84 rows=10 width=121)
	  Index Cond: ((id >= 552851) AND (id <= 552860))

table 7 : explain SELECT c FROM sbtest7 WHERE id BETWEEN 6960783 AND 6960792
	Index Scan using sbtest7_pkey on sbtest7  (cost=0.43..43.84 rows=10 width=121)
	  Index Cond: ((id >= 6960783) AND (id <= 6960792))

table 8 : explain SELECT c FROM sbtest8 WHERE id BETWEEN 4458595 AND 4458604
	Index Scan using sbtest8_pkey on sbtest8  (cost=0.43..43.86 rows=10 width=121)
	  Index Cond: ((id >= 4458595) AND (id <= 4458604))

for: sum_ranges
table 1 : explain SELECT SUM(k) FROM sbtest1 WHERE id BETWEEN 6307998 AND 6308007
	Aggregate  (cost=43.90..43.91 rows=1 width=8)
	  ->  Index Scan using sbtest1_pkey on sbtest1  (cost=0.43..43.88 rows=10 width=4)
	        Index Cond: ((id >= 6307998) AND (id <= 6308007))

table 2 : explain SELECT SUM(k) FROM sbtest2 WHERE id BETWEEN 9555986 AND 9555995
	Aggregate  (cost=43.98..43.99 rows=1 width=8)
	  ->  Index Scan using sbtest2_pkey on sbtest2  (cost=0.43..43.96 rows=10 width=4)
	        Index Cond: ((id >= 9555986) AND (id <= 9555995))

table 3 : explain SELECT SUM(k) FROM sbtest3 WHERE id BETWEEN 8609806 AND 8609815
	Aggregate  (cost=43.86..43.87 rows=1 width=8)
	  ->  Index Scan using sbtest3_pkey on sbtest3  (cost=0.43..43.83 rows=10 width=4)
	        Index Cond: ((id >= 8609806) AND (id <= 8609815))

table 4 : explain SELECT SUM(k) FROM sbtest4 WHERE id BETWEEN 6603406 AND 6603415
	Aggregate  (cost=39.90..39.91 rows=1 width=8)
	  ->  Index Scan using sbtest4_pkey on sbtest4  (cost=0.43..39.88 rows=9 width=4)
	        Index Cond: ((id >= 6603406) AND (id <= 6603415))

table 5 : explain SELECT SUM(k) FROM sbtest5 WHERE id BETWEEN 9553872 AND 9553881
	Aggregate  (cost=43.79..43.80 rows=1 width=8)
	  ->  Index Scan using sbtest5_pkey on sbtest5  (cost=0.43..43.76 rows=10 width=4)
	        Index Cond: ((id >= 9553872) AND (id <= 9553881))

table 6 : explain SELECT SUM(k) FROM sbtest6 WHERE id BETWEEN 4543412 AND 4543421
	Aggregate  (cost=43.87..43.88 rows=1 width=8)
	  ->  Index Scan using sbtest6_pkey on sbtest6  (cost=0.43..43.84 rows=10 width=4)
	        Index Cond: ((id >= 4543412) AND (id <= 4543421))

table 7 : explain SELECT SUM(k) FROM sbtest7 WHERE id BETWEEN 5700531 AND 5700540
	Aggregate  (cost=43.86..43.87 rows=1 width=8)
	  ->  Index Scan using sbtest7_pkey on sbtest7  (cost=0.43..43.84 rows=10 width=4)
	        Index Cond: ((id >= 5700531) AND (id <= 5700540))

table 8 : explain SELECT SUM(k) FROM sbtest8 WHERE id BETWEEN 9600222 AND 9600231
	Aggregate  (cost=43.88..43.89 rows=1 width=8)
	  ->  Index Scan using sbtest8_pkey on sbtest8  (cost=0.43..43.86 rows=10 width=4)
	        Index Cond: ((id >= 9600222) AND (id <= 9600231))

for: simple_ranges
table 1 : explain SELECT c FROM sbtest1 WHERE id BETWEEN 112440 AND 112449
	Index Scan using sbtest1_pkey on sbtest1  (cost=0.43..43.88 rows=10 width=121)
	  Index Cond: ((id >= 112440) AND (id <= 112449))

table 2 : explain SELECT c FROM sbtest2 WHERE id BETWEEN 5745832 AND 5745841
	Index Scan using sbtest2_pkey on sbtest2  (cost=0.43..43.96 rows=10 width=121)
	  Index Cond: ((id >= 5745832) AND (id <= 5745841))

table 3 : explain SELECT c FROM sbtest3 WHERE id BETWEEN 9238970 AND 9238979
	Index Scan using sbtest3_pkey on sbtest3  (cost=0.43..43.83 rows=10 width=121)
	  Index Cond: ((id >= 9238970) AND (id <= 9238979))

table 4 : explain SELECT c FROM sbtest4 WHERE id BETWEEN 9168739 AND 9168748
	Index Scan using sbtest4_pkey on sbtest4  (cost=0.43..43.81 rows=10 width=121)
	  Index Cond: ((id >= 9168739) AND (id <= 9168748))

table 5 : explain SELECT c FROM sbtest5 WHERE id BETWEEN 4560731 AND 4560740
	Index Scan using sbtest5_pkey on sbtest5  (cost=0.43..39.84 rows=9 width=121)
	  Index Cond: ((id >= 4560731) AND (id <= 4560740))

table 6 : explain SELECT c FROM sbtest6 WHERE id BETWEEN 7952943 AND 7952952
	Index Scan using sbtest6_pkey on sbtest6  (cost=0.43..43.84 rows=10 width=121)
	  Index Cond: ((id >= 7952943) AND (id <= 7952952))

table 7 : explain SELECT c FROM sbtest7 WHERE id BETWEEN 7581650 AND 7581659
	Index Scan using sbtest7_pkey on sbtest7  (cost=0.43..47.77 rows=11 width=121)
	  Index Cond: ((id >= 7581650) AND (id <= 7581659))

table 8 : explain SELECT c FROM sbtest8 WHERE id BETWEEN 6164777 AND 6164786
	Index Scan using sbtest8_pkey on sbtest8  (cost=0.43..47.79 rows=11 width=121)
	  Index Cond: ((id >= 6164777) AND (id <= 6164786))

for: sum_ranges
table 1 : explain SELECT SUM(k) FROM sbtest1 WHERE id BETWEEN 1966080 AND 1966089
	Aggregate  (cost=43.90..43.91 rows=1 width=8)
	  ->  Index Scan using sbtest1_pkey on sbtest1  (cost=0.43..43.88 rows=10 width=4)
	        Index Cond: ((id >= 1966080) AND (id <= 1966089))

table 2 : explain SELECT SUM(k) FROM sbtest2 WHERE id BETWEEN 7400133 AND 7400142
	Aggregate  (cost=40.03..40.04 rows=1 width=8)
	  ->  Index Scan using sbtest2_pkey on sbtest2  (cost=0.43..40.01 rows=9 width=4)
	        Index Cond: ((id >= 7400133) AND (id <= 7400142))

table 3 : explain SELECT SUM(k) FROM sbtest3 WHERE id BETWEEN 9664141 AND 9664150
	Aggregate  (cost=43.86..43.87 rows=1 width=8)
	  ->  Index Scan using sbtest3_pkey on sbtest3  (cost=0.43..43.83 rows=10 width=4)
	        Index Cond: ((id >= 9664141) AND (id <= 9664150))

table 4 : explain SELECT SUM(k) FROM sbtest4 WHERE id BETWEEN 2653125 AND 2653134
	Aggregate  (cost=43.83..43.84 rows=1 width=8)
	  ->  Index Scan using sbtest4_pkey on sbtest4  (cost=0.43..43.81 rows=10 width=4)
	        Index Cond: ((id >= 2653125) AND (id <= 2653134))

table 5 : explain SELECT SUM(k) FROM sbtest5 WHERE id BETWEEN 2688393 AND 2688402
	Aggregate  (cost=47.71..47.72 rows=1 width=8)
	  ->  Index Scan using sbtest5_pkey on sbtest5  (cost=0.43..47.68 rows=11 width=4)
	        Index Cond: ((id >= 2688393) AND (id <= 2688402))

table 6 : explain SELECT SUM(k) FROM sbtest6 WHERE id BETWEEN 6798201 AND 6798210
	Aggregate  (cost=39.93..39.94 rows=1 width=8)
	  ->  Index Scan using sbtest6_pkey on sbtest6  (cost=0.43..39.91 rows=9 width=4)
	        Index Cond: ((id >= 6798201) AND (id <= 6798210))

table 7 : explain SELECT SUM(k) FROM sbtest7 WHERE id BETWEEN 415368 AND 415377
	Aggregate  (cost=47.80..47.81 rows=1 width=8)
	  ->  Index Scan using sbtest7_pkey on sbtest7  (cost=0.43..47.77 rows=11 width=4)
	        Index Cond: ((id >= 415368) AND (id <= 415377))

table 8 : explain SELECT SUM(k) FROM sbtest8 WHERE id BETWEEN 5286030 AND 5286039
	Aggregate  (cost=47.82..47.83 rows=1 width=8)
	  ->  Index Scan using sbtest8_pkey on sbtest8  (cost=0.43..47.79 rows=11 width=4)
	        Index Cond: ((id >= 5286030) AND (id <= 5286039))

for: simple_ranges
table 1 : explain SELECT c FROM sbtest1 WHERE id BETWEEN 2141792 AND 2141801
	Index Scan using sbtest1_pkey on sbtest1  (cost=0.43..43.88 rows=10 width=121)
	  Index Cond: ((id >= 2141792) AND (id <= 2141801))

table 2 : explain SELECT c FROM sbtest2 WHERE id BETWEEN 5183998 AND 5184007
	Index Scan using sbtest2_pkey on sbtest2  (cost=0.43..47.90 rows=11 width=121)
	  Index Cond: ((id >= 5183998) AND (id <= 5184007))

table 3 : explain SELECT c FROM sbtest3 WHERE id BETWEEN 1803065 AND 1803074
	Index Scan using sbtest3_pkey on sbtest3  (cost=0.43..43.83 rows=10 width=121)
	  Index Cond: ((id >= 1803065) AND (id <= 1803074))

table 4 : explain SELECT c FROM sbtest4 WHERE id BETWEEN 4497957 AND 4497966
	Index Scan using sbtest4_pkey on sbtest4  (cost=0.43..47.73 rows=11 width=121)
	  Index Cond: ((id >= 4497957) AND (id <= 4497966))

table 5 : explain SELECT c FROM sbtest5 WHERE id BETWEEN 2695068 AND 2695077
	Index Scan using sbtest5_pkey on sbtest5  (cost=0.43..47.68 rows=11 width=121)
	  Index Cond: ((id >= 2695068) AND (id <= 2695077))

table 6 : explain SELECT c FROM sbtest6 WHERE id BETWEEN 3447384 AND 3447393
	Index Scan using sbtest6_pkey on sbtest6  (cost=0.43..47.77 rows=11 width=121)
	  Index Cond: ((id >= 3447384) AND (id <= 3447393))

table 7 : explain SELECT c FROM sbtest7 WHERE id BETWEEN 9746117 AND 9746126
	Index Scan using sbtest7_pkey on sbtest7  (cost=0.43..39.91 rows=9 width=121)
	  Index Cond: ((id >= 9746117) AND (id <= 9746126))

table 8 : explain SELECT c FROM sbtest8 WHERE id BETWEEN 6152782 AND 6152791
	Index Scan using sbtest8_pkey on sbtest8  (cost=0.43..47.79 rows=11 width=121)
	  Index Cond: ((id >= 6152782) AND (id <= 6152791))

for: simple_ranges
table 1 : explain SELECT c FROM sbtest1 WHERE id BETWEEN 621666 AND 621675
	Index Scan using sbtest1_pkey on sbtest1  (cost=0.43..43.88 rows=10 width=121)
	  Index Cond: ((id >= 621666) AND (id <= 621675))

table 2 : explain SELECT c FROM sbtest2 WHERE id BETWEEN 8436234 AND 8436243
	Index Scan using sbtest2_pkey on sbtest2  (cost=0.43..43.96 rows=10 width=121)
	  Index Cond: ((id >= 8436234) AND (id <= 8436243))

table 3 : explain SELECT c FROM sbtest3 WHERE id BETWEEN 807804 AND 807813
	Index Scan using sbtest3_pkey on sbtest3  (cost=0.43..47.77 rows=11 width=121)
	  Index Cond: ((id >= 807804) AND (id <= 807813))

table 4 : explain SELECT c FROM sbtest4 WHERE id BETWEEN 6216026 AND 6216035
	Index Scan using sbtest4_pkey on sbtest4  (cost=0.43..43.81 rows=10 width=121)
	  Index Cond: ((id >= 6216026) AND (id <= 6216035))

table 5 : explain SELECT c FROM sbtest5 WHERE id BETWEEN 6250741 AND 6250750
	Index Scan using sbtest5_pkey on sbtest5  (cost=0.43..47.68 rows=11 width=121)
	  Index Cond: ((id >= 6250741) AND (id <= 6250750))

table 6 : explain SELECT c FROM sbtest6 WHERE id BETWEEN 4180676 AND 4180685
	Index Scan using sbtest6_pkey on sbtest6  (cost=0.43..43.84 rows=10 width=121)
	  Index Cond: ((id >= 4180676) AND (id <= 4180685))

table 7 : explain SELECT c FROM sbtest7 WHERE id BETWEEN 797516 AND 797525
	Index Scan using sbtest7_pkey on sbtest7  (cost=0.43..47.77 rows=11 width=121)
	  Index Cond: ((id >= 797516) AND (id <= 797525))

table 8 : explain SELECT c FROM sbtest8 WHERE id BETWEEN 7967632 AND 7967641
	Index Scan using sbtest8_pkey on sbtest8  (cost=0.43..39.92 rows=9 width=121)
	  Index Cond: ((id >= 7967632) AND (id <= 7967641))

for: sum_ranges
table 1 : explain SELECT SUM(k) FROM sbtest1 WHERE id BETWEEN 2963770 AND 2963779
	Aggregate  (cost=43.90..43.91 rows=1 width=8)
	  ->  Index Scan using sbtest1_pkey on sbtest1  (cost=0.43..43.88 rows=10 width=4)
	        Index Cond: ((id >= 2963770) AND (id <= 2963779))

table 2 : explain SELECT SUM(k) FROM sbtest2 WHERE id BETWEEN 2081315 AND 2081324
	Aggregate  (cost=40.03..40.04 rows=1 width=8)
	  ->  Index Scan using sbtest2_pkey on sbtest2  (cost=0.43..40.01 rows=9 width=4)
	        Index Cond: ((id >= 2081315) AND (id <= 2081324))

table 3 : explain SELECT SUM(k) FROM sbtest3 WHERE id BETWEEN 8085151 AND 8085160
	Aggregate  (cost=43.86..43.87 rows=1 width=8)
	  ->  Index Scan using sbtest3_pkey on sbtest3  (cost=0.43..43.83 rows=10 width=4)
	        Index Cond: ((id >= 8085151) AND (id <= 8085160))

table 4 : explain SELECT SUM(k) FROM sbtest4 WHERE id BETWEEN 1593375 AND 1593384
	Aggregate  (cost=43.83..43.84 rows=1 width=8)
	  ->  Index Scan using sbtest4_pkey on sbtest4  (cost=0.43..43.81 rows=10 width=4)
	        Index Cond: ((id >= 1593375) AND (id <= 1593384))

table 5 : explain SELECT SUM(k) FROM sbtest5 WHERE id BETWEEN 3404650 AND 3404659
	Aggregate  (cost=43.79..43.80 rows=1 width=8)
	  ->  Index Scan using sbtest5_pkey on sbtest5  (cost=0.43..43.76 rows=10 width=4)
	        Index Cond: ((id >= 3404650) AND (id <= 3404659))

table 6 : explain SELECT SUM(k) FROM sbtest6 WHERE id BETWEEN 4266359 AND 4266368
	Aggregate  (cost=47.80..47.81 rows=1 width=8)
	  ->  Index Scan using sbtest6_pkey on sbtest6  (cost=0.43..47.77 rows=11 width=4)
	        Index Cond: ((id >= 4266359) AND (id <= 4266368))

table 7 : explain SELECT SUM(k) FROM sbtest7 WHERE id BETWEEN 9903015 AND 9903024
	Aggregate  (cost=43.86..43.87 rows=1 width=8)
	  ->  Index Scan using sbtest7_pkey on sbtest7  (cost=0.43..43.84 rows=10 width=4)
	        Index Cond: ((id >= 9903015) AND (id <= 9903024))

table 8 : explain SELECT SUM(k) FROM sbtest8 WHERE id BETWEEN 1330803 AND 1330812
	Aggregate  (cost=43.88..43.89 rows=1 width=8)
	  ->  Index Scan using sbtest8_pkey on sbtest8  (cost=0.43..43.86 rows=10 width=4)
	        Index Cond: ((id >= 1330803) AND (id <= 1330812))

for: simple_ranges
table 1 : explain SELECT c FROM sbtest1 WHERE id BETWEEN 5398603 AND 5398612
	Index Scan using sbtest1_pkey on sbtest1  (cost=0.43..43.88 rows=10 width=121)
	  Index Cond: ((id >= 5398603) AND (id <= 5398612))

table 2 : explain SELECT c FROM sbtest2 WHERE id BETWEEN 6020531 AND 6020540
	Index Scan using sbtest2_pkey on sbtest2  (cost=0.43..40.01 rows=9 width=121)
	  Index Cond: ((id >= 6020531) AND (id <= 6020540))

table 3 : explain SELECT c FROM sbtest3 WHERE id BETWEEN 132081 AND 132090
	Index Scan using sbtest3_pkey on sbtest3  (cost=0.43..43.83 rows=10 width=121)
	  Index Cond: ((id >= 132081) AND (id <= 132090))

table 4 : explain SELECT c FROM sbtest4 WHERE id BETWEEN 5768345 AND 5768354
	Index Scan using sbtest4_pkey on sbtest4  (cost=0.43..43.81 rows=10 width=121)
	  Index Cond: ((id >= 5768345) AND (id <= 5768354))

table 5 : explain SELECT c FROM sbtest5 WHERE id BETWEEN 3617645 AND 3617654
	Index Scan using sbtest5_pkey on sbtest5  (cost=0.43..43.76 rows=10 width=121)
	  Index Cond: ((id >= 3617645) AND (id <= 3617654))

table 6 : explain SELECT c FROM sbtest6 WHERE id BETWEEN 5134036 AND 5134045
	Index Scan using sbtest6_pkey on sbtest6  (cost=0.43..43.84 rows=10 width=121)
	  Index Cond: ((id >= 5134036) AND (id <= 5134045))

table 7 : explain SELECT c FROM sbtest7 WHERE id BETWEEN 1428454 AND 1428463
	Index Scan using sbtest7_pkey on sbtest7  (cost=0.43..43.84 rows=10 width=121)
	  Index Cond: ((id >= 1428454) AND (id <= 1428463))

table 8 : explain SELECT c FROM sbtest8 WHERE id BETWEEN 6703382 AND 6703391
	Index Scan using sbtest8_pkey on sbtest8  (cost=0.43..39.92 rows=9 width=121)
	  Index Cond: ((id >= 6703382) AND (id <= 6703391))

for: sum_ranges
table 1 : explain SELECT SUM(k) FROM sbtest1 WHERE id BETWEEN 1486108 AND 1486117
	Aggregate  (cost=43.90..43.91 rows=1 width=8)
	  ->  Index Scan using sbtest1_pkey on sbtest1  (cost=0.43..43.88 rows=10 width=4)
	        Index Cond: ((id >= 1486108) AND (id <= 1486117))

table 2 : explain SELECT SUM(k) FROM sbtest2 WHERE id BETWEEN 6987060 AND 6987069
	Aggregate  (cost=43.98..43.99 rows=1 width=8)
	  ->  Index Scan using sbtest2_pkey on sbtest2  (cost=0.43..43.96 rows=10 width=4)
	        Index Cond: ((id >= 6987060) AND (id <= 6987069))

table 3 : explain SELECT SUM(k) FROM sbtest3 WHERE id BETWEEN 1863632 AND 1863641
	Aggregate  (cost=43.86..43.87 rows=1 width=8)
	  ->  Index Scan using sbtest3_pkey on sbtest3  (cost=0.43..43.83 rows=10 width=4)
	        Index Cond: ((id >= 1863632) AND (id <= 1863641))

table 4 : explain SELECT SUM(k) FROM sbtest4 WHERE id BETWEEN 9548443 AND 9548452
	Aggregate  (cost=43.83..43.84 rows=1 width=8)
	  ->  Index Scan using sbtest4_pkey on sbtest4  (cost=0.43..43.81 rows=10 width=4)
	        Index Cond: ((id >= 9548443) AND (id <= 9548452))

table 5 : explain SELECT SUM(k) FROM sbtest5 WHERE id BETWEEN 421249 AND 421258
	Aggregate  (cost=43.79..43.80 rows=1 width=8)
	  ->  Index Scan using sbtest5_pkey on sbtest5  (cost=0.43..43.76 rows=10 width=4)
	        Index Cond: ((id >= 421249) AND (id <= 421258))

table 6 : explain SELECT SUM(k) FROM sbtest6 WHERE id BETWEEN 1064207 AND 1064216
	Aggregate  (cost=47.80..47.81 rows=1 width=8)
	  ->  Index Scan using sbtest6_pkey on sbtest6  (cost=0.43..47.77 rows=11 width=4)
	        Index Cond: ((id >= 1064207) AND (id <= 1064216))

table 7 : explain SELECT SUM(k) FROM sbtest7 WHERE id BETWEEN 5143759 AND 5143768
	Aggregate  (cost=43.86..43.87 rows=1 width=8)
	  ->  Index Scan using sbtest7_pkey on sbtest7  (cost=0.43..43.84 rows=10 width=4)
	        Index Cond: ((id >= 5143759) AND (id <= 5143768))

table 8 : explain SELECT SUM(k) FROM sbtest8 WHERE id BETWEEN 3861425 AND 3861434
	Aggregate  (cost=43.88..43.89 rows=1 width=8)
	  ->  Index Scan using sbtest8_pkey on sbtest8  (cost=0.43..43.86 rows=10 width=4)
	        Index Cond: ((id >= 3861425) AND (id <= 3861434))

for: sum_ranges
table 1 : explain SELECT SUM(k) FROM sbtest1 WHERE id BETWEEN 2223757 AND 2223766
	Aggregate  (cost=39.97..39.98 rows=1 width=8)
	  ->  Index Scan using sbtest1_pkey on sbtest1  (cost=0.43..39.94 rows=9 width=4)
	        Index Cond: ((id >= 2223757) AND (id <= 2223766))

table 2 : explain SELECT SUM(k) FROM sbtest2 WHERE id BETWEEN 9412839 AND 9412848
	Aggregate  (cost=43.98..43.99 rows=1 width=8)
	  ->  Index Scan using sbtest2_pkey on sbtest2  (cost=0.43..43.96 rows=10 width=4)
	        Index Cond: ((id >= 9412839) AND (id <= 9412848))

table 3 : explain SELECT SUM(k) FROM sbtest3 WHERE id BETWEEN 4988298 AND 4988307
	Aggregate  (cost=43.86..43.87 rows=1 width=8)
	  ->  Index Scan using sbtest3_pkey on sbtest3  (cost=0.43..43.83 rows=10 width=4)
	        Index Cond: ((id >= 4988298) AND (id <= 4988307))

table 4 : explain SELECT SUM(k) FROM sbtest4 WHERE id BETWEEN 9407581 AND 9407590
	Aggregate  (cost=39.90..39.91 rows=1 width=8)
	  ->  Index Scan using sbtest4_pkey on sbtest4  (cost=0.43..39.88 rows=9 width=4)
	        Index Cond: ((id >= 9407581) AND (id <= 9407590))

table 5 : explain SELECT SUM(k) FROM sbtest5 WHERE id BETWEEN 1842978 AND 1842987
	Aggregate  (cost=43.79..43.80 rows=1 width=8)
	  ->  Index Scan using sbtest5_pkey on sbtest5  (cost=0.43..43.76 rows=10 width=4)
	        Index Cond: ((id >= 1842978) AND (id <= 1842987))

table 6 : explain SELECT SUM(k) FROM sbtest6 WHERE id BETWEEN 7909667 AND 7909676
	Aggregate  (cost=43.87..43.88 rows=1 width=8)
	  ->  Index Scan using sbtest6_pkey on sbtest6  (cost=0.43..43.84 rows=10 width=4)
	        Index Cond: ((id >= 7909667) AND (id <= 7909676))

table 7 : explain SELECT SUM(k) FROM sbtest7 WHERE id BETWEEN 6294526 AND 6294535
	Aggregate  (cost=39.93..39.94 rows=1 width=8)
	  ->  Index Scan using sbtest7_pkey on sbtest7  (cost=0.43..39.91 rows=9 width=4)
	        Index Cond: ((id >= 6294526) AND (id <= 6294535))

table 8 : explain SELECT SUM(k) FROM sbtest8 WHERE id BETWEEN 6815837 AND 6815846
	Aggregate  (cost=43.88..43.89 rows=1 width=8)
	  ->  Index Scan using sbtest8_pkey on sbtest8  (cost=0.43..43.86 rows=10 width=4)
	        Index Cond: ((id >= 6815837) AND (id <= 6815846))
for: sum_ranges
table 1 : explain SELECT SUM(k) FROM sbtest1 WHERE id BETWEEN 2479324 AND 2479333
	Aggregate  (cost=43.90..43.91 rows=1 width=8)
	  ->  Index Scan using sbtest1_pkey on sbtest1  (cost=0.43..43.88 rows=10 width=4)
	        Index Cond: ((id >= 2479324) AND (id <= 2479333))

table 2 : explain SELECT SUM(k) FROM sbtest2 WHERE id BETWEEN 752558 AND 752567
	Aggregate  (cost=43.98..43.99 rows=1 width=8)
	  ->  Index Scan using sbtest2_pkey on sbtest2  (cost=0.43..43.96 rows=10 width=4)
	        Index Cond: ((id >= 752558) AND (id <= 752567))

table 3 : explain SELECT SUM(k) FROM sbtest3 WHERE id BETWEEN 432565 AND 432574
	Aggregate  (cost=43.86..43.87 rows=1 width=8)
	  ->  Index Scan using sbtest3_pkey on sbtest3  (cost=0.43..43.83 rows=10 width=4)
	        Index Cond: ((id >= 432565) AND (id <= 432574))

table 4 : explain SELECT SUM(k) FROM sbtest4 WHERE id BETWEEN 3775536 AND 3775545
	Aggregate  (cost=43.83..43.84 rows=1 width=8)
	  ->  Index Scan using sbtest4_pkey on sbtest4  (cost=0.43..43.81 rows=10 width=4)
	        Index Cond: ((id >= 3775536) AND (id <= 3775545))

table 5 : explain SELECT SUM(k) FROM sbtest5 WHERE id BETWEEN 9669156 AND 9669165
	Aggregate  (cost=43.79..43.80 rows=1 width=8)
	  ->  Index Scan using sbtest5_pkey on sbtest5  (cost=0.43..43.76 rows=10 width=4)
	        Index Cond: ((id >= 9669156) AND (id <= 9669165))

table 6 : explain SELECT SUM(k) FROM sbtest6 WHERE id BETWEEN 4135299 AND 4135308
	Aggregate  (cost=43.87..43.88 rows=1 width=8)
	  ->  Index Scan using sbtest6_pkey on sbtest6  (cost=0.43..43.84 rows=10 width=4)
	        Index Cond: ((id >= 4135299) AND (id <= 4135308))

table 7 : explain SELECT SUM(k) FROM sbtest7 WHERE id BETWEEN 5973489 AND 5973498
	Aggregate  (cost=43.86..43.87 rows=1 width=8)
	  ->  Index Scan using sbtest7_pkey on sbtest7  (cost=0.43..43.84 rows=10 width=4)
	        Index Cond: ((id >= 5973489) AND (id <= 5973498))

table 8 : explain SELECT SUM(k) FROM sbtest8 WHERE id BETWEEN 9887492 AND 9887501
	Aggregate  (cost=47.82..47.83 rows=1 width=8)
	  ->  Index Scan using sbtest8_pkey on sbtest8  (cost=0.43..47.79 rows=11 width=4)
	        Index Cond: ((id >= 9887492) AND (id <= 9887501))


for: sum_ranges
table 1 : explain SELECT SUM(k) FROM sbtest1 WHERE id BETWEEN 6698561 AND 6698570
	Aggregate  (cost=47.84..47.85 rows=1 width=8)
	  ->  Index Scan using sbtest1_pkey on sbtest1  (cost=0.43..47.82 rows=11 width=4)
	        Index Cond: ((id >= 6698561) AND (id <= 6698570))

table 2 : explain SELECT SUM(k) FROM sbtest2 WHERE id BETWEEN 4475609 AND 4475618
	Aggregate  (cost=43.98..43.99 rows=1 width=8)
	  ->  Index Scan using sbtest2_pkey on sbtest2  (cost=0.43..43.96 rows=10 width=4)
	        Index Cond: ((id >= 4475609) AND (id <= 4475618))

table 3 : explain SELECT SUM(k) FROM sbtest3 WHERE id BETWEEN 5646305 AND 5646314
	Aggregate  (cost=43.86..43.87 rows=1 width=8)
	  ->  Index Scan using sbtest3_pkey on sbtest3  (cost=0.43..43.83 rows=10 width=4)
	        Index Cond: ((id >= 5646305) AND (id <= 5646314))

table 4 : explain SELECT SUM(k) FROM sbtest4 WHERE id BETWEEN 4947461 AND 4947470
	Aggregate  (cost=43.83..43.84 rows=1 width=8)
	  ->  Index Scan using sbtest4_pkey on sbtest4  (cost=0.43..43.81 rows=10 width=4)
	        Index Cond: ((id >= 4947461) AND (id <= 4947470))

table 5 : explain SELECT SUM(k) FROM sbtest5 WHERE id BETWEEN 3645604 AND 3645613
	Aggregate  (cost=47.71..47.72 rows=1 width=8)
	  ->  Index Scan using sbtest5_pkey on sbtest5  (cost=0.43..47.68 rows=11 width=4)
	        Index Cond: ((id >= 3645604) AND (id <= 3645613))

table 6 : explain SELECT SUM(k) FROM sbtest6 WHERE id BETWEEN 9904007 AND 9904016
	Aggregate  (cost=47.80..47.81 rows=1 width=8)
	  ->  Index Scan using sbtest6_pkey on sbtest6  (cost=0.43..47.77 rows=11 width=4)
	        Index Cond: ((id >= 9904007) AND (id <= 9904016))

table 7 : explain SELECT SUM(k) FROM sbtest7 WHERE id BETWEEN 2616983 AND 2616992
	Aggregate  (cost=39.93..39.94 rows=1 width=8)
	  ->  Index Scan using sbtest7_pkey on sbtest7  (cost=0.43..39.91 rows=9 width=4)
	        Index Cond: ((id >= 2616983) AND (id <= 2616992))

table 8 : explain SELECT SUM(k) FROM sbtest8 WHERE id BETWEEN 4722354 AND 4722363
	Aggregate  (cost=43.88..43.89 rows=1 width=8)
	  ->  Index Scan using sbtest8_pkey on sbtest8  (cost=0.43..43.86 rows=10 width=4)
	        Index Cond: ((id >= 4722354) AND (id <= 4722363))

for: simple_ranges
table 1 : explain SELECT c FROM sbtest1 WHERE id BETWEEN 4015751 AND 4015760
	Index Scan using sbtest1_pkey on sbtest1  (cost=0.43..43.88 rows=10 width=121)
	  Index Cond: ((id >= 4015751) AND (id <= 4015760))

table 2 : explain SELECT c FROM sbtest2 WHERE id BETWEEN 5553007 AND 5553016
	Index Scan using sbtest2_pkey on sbtest2  (cost=0.43..43.96 rows=10 width=121)
	  Index Cond: ((id >= 5553007) AND (id <= 5553016))

table 3 : explain SELECT c FROM sbtest3 WHERE id BETWEEN 2555937 AND 2555946
	Index Scan using sbtest3_pkey on sbtest3  (cost=0.43..43.83 rows=10 width=121)
	  Index Cond: ((id >= 2555937) AND (id <= 2555946))

table 4 : explain SELECT c FROM sbtest4 WHERE id BETWEEN 9552317 AND 9552326
	Index Scan using sbtest4_pkey on sbtest4  (cost=0.43..43.81 rows=10 width=121)
	  Index Cond: ((id >= 9552317) AND (id <= 9552326))

table 5 : explain SELECT c FROM sbtest5 WHERE id BETWEEN 126560 AND 126569
	Index Scan using sbtest5_pkey on sbtest5  (cost=0.43..39.84 rows=9 width=121)
	  Index Cond: ((id >= 126560) AND (id <= 126569))

table 6 : explain SELECT c FROM sbtest6 WHERE id BETWEEN 9715463 AND 9715472
	Index Scan using sbtest6_pkey on sbtest6  (cost=0.43..43.84 rows=10 width=121)
	  Index Cond: ((id >= 9715463) AND (id <= 9715472))

table 7 : explain SELECT c FROM sbtest7 WHERE id BETWEEN 86923 AND 86932
	Index Scan using sbtest7_pkey on sbtest7  (cost=0.43..47.77 rows=11 width=121)
	  Index Cond: ((id >= 86923) AND (id <= 86932))

table 8 : explain SELECT c FROM sbtest8 WHERE id BETWEEN 2454733 AND 2454742
	Index Scan using sbtest8_pkey on sbtest8  (cost=0.43..39.92 rows=9 width=121)
	  Index Cond: ((id >= 2454733) AND (id <= 2454742))

for: sum_ranges
table 1 : explain SELECT SUM(k) FROM sbtest1 WHERE id BETWEEN 6241774 AND 6241783
	Aggregate  (cost=43.90..43.91 rows=1 width=8)
	  ->  Index Scan using sbtest1_pkey on sbtest1  (cost=0.43..43.88 rows=10 width=4)
	        Index Cond: ((id >= 6241774) AND (id <= 6241783))

table 2 : explain SELECT SUM(k) FROM sbtest2 WHERE id BETWEEN 5138552 AND 5138561
	Aggregate  (cost=47.93..47.94 rows=1 width=8)
	  ->  Index Scan using sbtest2_pkey on sbtest2  (cost=0.43..47.90 rows=11 width=4)
	        Index Cond: ((id >= 5138552) AND (id <= 5138561))

table 3 : explain SELECT SUM(k) FROM sbtest3 WHERE id BETWEEN 6439259 AND 6439268
	Aggregate  (cost=43.86..43.87 rows=1 width=8)
	  ->  Index Scan using sbtest3_pkey on sbtest3  (cost=0.43..43.83 rows=10 width=4)
	        Index Cond: ((id >= 6439259) AND (id <= 6439268))

table 4 : explain SELECT SUM(k) FROM sbtest4 WHERE id BETWEEN 3261548 AND 3261557
	Aggregate  (cost=47.76..47.77 rows=1 width=8)
	  ->  Index Scan using sbtest4_pkey on sbtest4  (cost=0.43..47.73 rows=11 width=4)
	        Index Cond: ((id >= 3261548) AND (id <= 3261557))

table 5 : explain SELECT SUM(k) FROM sbtest5 WHERE id BETWEEN 1229947 AND 1229956
	Aggregate  (cost=39.86..39.87 rows=1 width=8)
	  ->  Index Scan using sbtest5_pkey on sbtest5  (cost=0.43..39.84 rows=9 width=4)
	        Index Cond: ((id >= 1229947) AND (id <= 1229956))

table 6 : explain SELECT SUM(k) FROM sbtest6 WHERE id BETWEEN 2175047 AND 2175056
	Aggregate  (cost=43.87..43.88 rows=1 width=8)
	  ->  Index Scan using sbtest6_pkey on sbtest6  (cost=0.43..43.84 rows=10 width=4)
	        Index Cond: ((id >= 2175047) AND (id <= 2175056))

table 7 : explain SELECT SUM(k) FROM sbtest7 WHERE id BETWEEN 5028114 AND 5028123
	Aggregate  (cost=43.86..43.87 rows=1 width=8)
	  ->  Index Scan using sbtest7_pkey on sbtest7  (cost=0.43..43.84 rows=10 width=4)
	        Index Cond: ((id >= 5028114) AND (id <= 5028123))

table 8 : explain SELECT SUM(k) FROM sbtest8 WHERE id BETWEEN 1462591 AND 1462600
	Aggregate  (cost=43.88..43.89 rows=1 width=8)
	  ->  Index Scan using sbtest8_pkey on sbtest8  (cost=0.43..43.86 rows=10 width=4)
	        Index Cond: ((id >= 1462591) AND (id <= 1462600))

for: sum_ranges
table 1 : explain SELECT SUM(k) FROM sbtest1 WHERE id BETWEEN 3189595 AND 3189604
	Aggregate  (cost=43.90..43.91 rows=1 width=8)
	  ->  Index Scan using sbtest1_pkey on sbtest1  (cost=0.43..43.88 rows=10 width=4)
	        Index Cond: ((id >= 3189595) AND (id <= 3189604))

table 2 : explain SELECT SUM(k) FROM sbtest2 WHERE id BETWEEN 4265394 AND 4265403
	Aggregate  (cost=43.98..43.99 rows=1 width=8)
	  ->  Index Scan using sbtest2_pkey on sbtest2  (cost=0.43..43.96 rows=10 width=4)
	        Index Cond: ((id >= 4265394) AND (id <= 4265403))

table 3 : explain SELECT SUM(k) FROM sbtest3 WHERE id BETWEEN 3200471 AND 3200480
	Aggregate  (cost=39.93..39.94 rows=1 width=8)
	  ->  Index Scan using sbtest3_pkey on sbtest3  (cost=0.43..39.90 rows=9 width=4)
	        Index Cond: ((id >= 3200471) AND (id <= 3200480))

table 4 : explain SELECT SUM(k) FROM sbtest4 WHERE id BETWEEN 5669864 AND 5669873
	Aggregate  (cost=47.76..47.77 rows=1 width=8)
	  ->  Index Scan using sbtest4_pkey on sbtest4  (cost=0.43..47.73 rows=11 width=4)
	        Index Cond: ((id >= 5669864) AND (id <= 5669873))

table 5 : explain SELECT SUM(k) FROM sbtest5 WHERE id BETWEEN 3345545 AND 3345554
	Aggregate  (cost=43.79..43.80 rows=1 width=8)
	  ->  Index Scan using sbtest5_pkey on sbtest5  (cost=0.43..43.76 rows=10 width=4)
	        Index Cond: ((id >= 3345545) AND (id <= 3345554))

table 6 : explain SELECT SUM(k) FROM sbtest6 WHERE id BETWEEN 7446033 AND 7446042
	Aggregate  (cost=43.87..43.88 rows=1 width=8)
	  ->  Index Scan using sbtest6_pkey on sbtest6  (cost=0.43..43.84 rows=10 width=4)
	        Index Cond: ((id >= 7446033) AND (id <= 7446042))

table 7 : explain SELECT SUM(k) FROM sbtest7 WHERE id BETWEEN 2590378 AND 2590387
	Aggregate  (cost=39.93..39.94 rows=1 width=8)
	  ->  Index Scan using sbtest7_pkey on sbtest7  (cost=0.43..39.91 rows=9 width=4)
	        Index Cond: ((id >= 2590378) AND (id <= 2590387))

table 8 : explain SELECT SUM(k) FROM sbtest8 WHERE id BETWEEN 5332757 AND 5332766
	Aggregate  (cost=43.88..43.89 rows=1 width=8)
	  ->  Index Scan using sbtest8_pkey on sbtest8  (cost=0.43..43.86 rows=10 width=4)
	        Index Cond: ((id >= 5332757) AND (id <= 5332766))

for: sum_ranges
table 1 : explain SELECT SUM(k) FROM sbtest1 WHERE id BETWEEN 4622159 AND 4622168
	Aggregate  (cost=43.90..43.91 rows=1 width=8)
	  ->  Index Scan using sbtest1_pkey on sbtest1  (cost=0.43..43.88 rows=10 width=4)
	        Index Cond: ((id >= 4622159) AND (id <= 4622168))

table 2 : explain SELECT SUM(k) FROM sbtest2 WHERE id BETWEEN 6704715 AND 6704724
	Aggregate  (cost=43.98..43.99 rows=1 width=8)
	  ->  Index Scan using sbtest2_pkey on sbtest2  (cost=0.43..43.96 rows=10 width=4)
	        Index Cond: ((id >= 6704715) AND (id <= 6704724))

table 3 : explain SELECT SUM(k) FROM sbtest3 WHERE id BETWEEN 29216 AND 29225
	Aggregate  (cost=43.86..43.87 rows=1 width=8)
	  ->  Index Scan using sbtest3_pkey on sbtest3  (cost=0.43..43.83 rows=10 width=4)
	        Index Cond: ((id >= 29216) AND (id <= 29225))

table 4 : explain SELECT SUM(k) FROM sbtest4 WHERE id BETWEEN 1816298 AND 1816307
	Aggregate  (cost=43.83..43.84 rows=1 width=8)
	  ->  Index Scan using sbtest4_pkey on sbtest4  (cost=0.43..43.81 rows=10 width=4)
	        Index Cond: ((id >= 1816298) AND (id <= 1816307))

table 5 : explain SELECT SUM(k) FROM sbtest5 WHERE id BETWEEN 4958071 AND 4958080
	Aggregate  (cost=43.79..43.80 rows=1 width=8)
	  ->  Index Scan using sbtest5_pkey on sbtest5  (cost=0.43..43.76 rows=10 width=4)
	        Index Cond: ((id >= 4958071) AND (id <= 4958080))

table 6 : explain SELECT SUM(k) FROM sbtest6 WHERE id BETWEEN 9174228 AND 9174237
	Aggregate  (cost=43.87..43.88 rows=1 width=8)
	  ->  Index Scan using sbtest6_pkey on sbtest6  (cost=0.43..43.84 rows=10 width=4)
	        Index Cond: ((id >= 9174228) AND (id <= 9174237))

table 7 : explain SELECT SUM(k) FROM sbtest7 WHERE id BETWEEN 9865989 AND 9865998
	Aggregate  (cost=43.86..43.87 rows=1 width=8)
	  ->  Index Scan using sbtest7_pkey on sbtest7  (cost=0.43..43.84 rows=10 width=4)
	        Index Cond: ((id >= 9865989) AND (id <= 9865998))

table 8 : explain SELECT SUM(k) FROM sbtest8 WHERE id BETWEEN 8354739 AND 8354748
	Aggregate  (cost=43.88..43.89 rows=1 width=8)
	  ->  Index Scan using sbtest8_pkey on sbtest8  (cost=0.43..43.86 rows=10 width=4)
	        Index Cond: ((id >= 8354739) AND (id <= 8354748))

for: simple_ranges
table 1 : explain SELECT c FROM sbtest1 WHERE id BETWEEN 2927962 AND 2927971
	Index Scan using sbtest1_pkey on sbtest1  (cost=0.43..43.88 rows=10 width=121)
	  Index Cond: ((id >= 2927962) AND (id <= 2927971))

table 2 : explain SELECT c FROM sbtest2 WHERE id BETWEEN 9653565 AND 9653574
	Index Scan using sbtest2_pkey on sbtest2  (cost=0.43..43.96 rows=10 width=121)
	  Index Cond: ((id >= 9653565) AND (id <= 9653574))

table 3 : explain SELECT c FROM sbtest3 WHERE id BETWEEN 4385091 AND 4385100
	Index Scan using sbtest3_pkey on sbtest3  (cost=0.43..43.83 rows=10 width=121)
	  Index Cond: ((id >= 4385091) AND (id <= 4385100))

table 4 : explain SELECT c FROM sbtest4 WHERE id BETWEEN 4260159 AND 4260168
	Index Scan using sbtest4_pkey on sbtest4  (cost=0.43..43.81 rows=10 width=121)
	  Index Cond: ((id >= 4260159) AND (id <= 4260168))

table 5 : explain SELECT c FROM sbtest5 WHERE id BETWEEN 8180701 AND 8180710
	Index Scan using sbtest5_pkey on sbtest5  (cost=0.43..43.76 rows=10 width=121)
	  Index Cond: ((id >= 8180701) AND (id <= 8180710))

table 6 : explain SELECT c FROM sbtest6 WHERE id BETWEEN 9875838 AND 9875847
	Index Scan using sbtest6_pkey on sbtest6  (cost=0.43..47.77 rows=11 width=121)
	  Index Cond: ((id >= 9875838) AND (id <= 9875847))

table 7 : explain SELECT c FROM sbtest7 WHERE id BETWEEN 176968 AND 176977
	Index Scan using sbtest7_pkey on sbtest7  (cost=0.43..43.84 rows=10 width=121)
	  Index Cond: ((id >= 176968) AND (id <= 176977))

table 8 : explain SELECT c FROM sbtest8 WHERE id BETWEEN 401246 AND 401255
	Index Scan using sbtest8_pkey on sbtest8  (cost=0.43..43.86 rows=10 width=121)
	  Index Cond: ((id >= 401246) AND (id <= 401255))

for: simple_ranges
table 1 : explain SELECT c FROM sbtest1 WHERE id BETWEEN 7619779 AND 7619788
	Index Scan using sbtest1_pkey on sbtest1  (cost=0.43..39.94 rows=9 width=121)
	  Index Cond: ((id >= 7619779) AND (id <= 7619788))

table 2 : explain SELECT c FROM sbtest2 WHERE id BETWEEN 7592501 AND 7592510
	Index Scan using sbtest2_pkey on sbtest2  (cost=0.43..40.01 rows=9 width=121)
	  Index Cond: ((id >= 7592501) AND (id <= 7592510))

table 3 : explain SELECT c FROM sbtest3 WHERE id BETWEEN 2344558 AND 2344567
	Index Scan using sbtest3_pkey on sbtest3  (cost=0.43..43.83 rows=10 width=121)
	  Index Cond: ((id >= 2344558) AND (id <= 2344567))

table 4 : explain SELECT c FROM sbtest4 WHERE id BETWEEN 4777137 AND 4777146
	Index Scan using sbtest4_pkey on sbtest4  (cost=0.43..43.81 rows=10 width=121)
	  Index Cond: ((id >= 4777137) AND (id <= 4777146))

table 5 : explain SELECT c FROM sbtest5 WHERE id BETWEEN 6545218 AND 6545227
	Index Scan using sbtest5_pkey on sbtest5  (cost=0.43..43.76 rows=10 width=121)
	  Index Cond: ((id >= 6545218) AND (id <= 6545227))

table 6 : explain SELECT c FROM sbtest6 WHERE id BETWEEN 7910752 AND 7910761
	Index Scan using sbtest6_pkey on sbtest6  (cost=0.43..43.84 rows=10 width=121)
	  Index Cond: ((id >= 7910752) AND (id <= 7910761))

table 7 : explain SELECT c FROM sbtest7 WHERE id BETWEEN 4989196 AND 4989205
	Index Scan using sbtest7_pkey on sbtest7  (cost=0.43..43.84 rows=10 width=121)
	  Index Cond: ((id >= 4989196) AND (id <= 4989205))

table 8 : explain SELECT c FROM sbtest8 WHERE id BETWEEN 3154964 AND 3154973
	Index Scan using sbtest8_pkey on sbtest8  (cost=0.43..51.72 rows=12 width=121)
	  Index Cond: ((id >= 3154964) AND (id <= 3154973))

for: sum_ranges
table 1 : explain SELECT SUM(k) FROM sbtest1 WHERE id BETWEEN 3458678 AND 3458687
	Aggregate  (cost=43.90..43.91 rows=1 width=8)
	  ->  Index Scan using sbtest1_pkey on sbtest1  (cost=0.43..43.88 rows=10 width=4)
	        Index Cond: ((id >= 3458678) AND (id <= 3458687))

table 2 : explain SELECT SUM(k) FROM sbtest2 WHERE id BETWEEN 8853710 AND 8853719
	Aggregate  (cost=43.98..43.99 rows=1 width=8)
	  ->  Index Scan using sbtest2_pkey on sbtest2  (cost=0.43..43.96 rows=10 width=4)
	        Index Cond: ((id >= 8853710) AND (id <= 8853719))

table 3 : explain SELECT SUM(k) FROM sbtest3 WHERE id BETWEEN 1518927 AND 1518936
	Aggregate  (cost=43.86..43.87 rows=1 width=8)
	  ->  Index Scan using sbtest3_pkey on sbtest3  (cost=0.43..43.83 rows=10 width=4)
	        Index Cond: ((id >= 1518927) AND (id <= 1518936))

table 4 : explain SELECT SUM(k) FROM sbtest4 WHERE id BETWEEN 7668592 AND 7668601
	Aggregate  (cost=47.76..47.77 rows=1 width=8)
	  ->  Index Scan using sbtest4_pkey on sbtest4  (cost=0.43..47.73 rows=11 width=4)
	        Index Cond: ((id >= 7668592) AND (id <= 7668601))

table 5 : explain SELECT SUM(k) FROM sbtest5 WHERE id BETWEEN 5683853 AND 5683862
	Aggregate  (cost=43.79..43.80 rows=1 width=8)
	  ->  Index Scan using sbtest5_pkey on sbtest5  (cost=0.43..43.76 rows=10 width=4)
	        Index Cond: ((id >= 5683853) AND (id <= 5683862))

table 6 : explain SELECT SUM(k) FROM sbtest6 WHERE id BETWEEN 3564643 AND 3564652
	Aggregate  (cost=43.87..43.88 rows=1 width=8)
	  ->  Index Scan using sbtest6_pkey on sbtest6  (cost=0.43..43.84 rows=10 width=4)
	        Index Cond: ((id >= 3564643) AND (id <= 3564652))

table 7 : explain SELECT SUM(k) FROM sbtest7 WHERE id BETWEEN 1004409 AND 1004418
	Aggregate  (cost=43.86..43.87 rows=1 width=8)
	  ->  Index Scan using sbtest7_pkey on sbtest7  (cost=0.43..43.84 rows=10 width=4)
	        Index Cond: ((id >= 1004409) AND (id <= 1004418))

table 8 : explain SELECT SUM(k) FROM sbtest8 WHERE id BETWEEN 5968166 AND 5968175
	Aggregate  (cost=43.88..43.89 rows=1 width=8)
	  ->  Index Scan using sbtest8_pkey on sbtest8  (cost=0.43..43.86 rows=10 width=4)
	        Index Cond: ((id >= 5968166) AND (id <= 5968175))

for: sum_ranges
table 1 : explain SELECT SUM(k) FROM sbtest1 WHERE id BETWEEN 7301805 AND 7301814
	Aggregate  (cost=43.90..43.91 rows=1 width=8)
	  ->  Index Scan using sbtest1_pkey on sbtest1  (cost=0.43..43.88 rows=10 width=4)
	        Index Cond: ((id >= 7301805) AND (id <= 7301814))

table 2 : explain SELECT SUM(k) FROM sbtest2 WHERE id BETWEEN 3801293 AND 3801302
	Aggregate  (cost=40.03..40.04 rows=1 width=8)
	  ->  Index Scan using sbtest2_pkey on sbtest2  (cost=0.43..40.01 rows=9 width=4)
	        Index Cond: ((id >= 3801293) AND (id <= 3801302))

table 3 : explain SELECT SUM(k) FROM sbtest3 WHERE id BETWEEN 3730645 AND 3730654
	Aggregate  (cost=43.86..43.87 rows=1 width=8)
	  ->  Index Scan using sbtest3_pkey on sbtest3  (cost=0.43..43.83 rows=10 width=4)
	        Index Cond: ((id >= 3730645) AND (id <= 3730654))

table 4 : explain SELECT SUM(k) FROM sbtest4 WHERE id BETWEEN 424168 AND 424177
	Aggregate  (cost=47.76..47.77 rows=1 width=8)
	  ->  Index Scan using sbtest4_pkey on sbtest4  (cost=0.43..47.73 rows=11 width=4)
	        Index Cond: ((id >= 424168) AND (id <= 424177))

table 5 : explain SELECT SUM(k) FROM sbtest5 WHERE id BETWEEN 9509303 AND 9509312
	Aggregate  (cost=43.79..43.80 rows=1 width=8)
	  ->  Index Scan using sbtest5_pkey on sbtest5  (cost=0.43..43.76 rows=10 width=4)
	        Index Cond: ((id >= 9509303) AND (id <= 9509312))

table 6 : explain SELECT SUM(k) FROM sbtest6 WHERE id BETWEEN 4927905 AND 4927914
	Aggregate  (cost=47.80..47.81 rows=1 width=8)
	  ->  Index Scan using sbtest6_pkey on sbtest6  (cost=0.43..47.77 rows=11 width=4)
	        Index Cond: ((id >= 4927905) AND (id <= 4927914))

table 7 : explain SELECT SUM(k) FROM sbtest7 WHERE id BETWEEN 7339703 AND 7339712
	Aggregate  (cost=43.86..43.87 rows=1 width=8)
	  ->  Index Scan using sbtest7_pkey on sbtest7  (cost=0.43..43.84 rows=10 width=4)
	        Index Cond: ((id >= 7339703) AND (id <= 7339712))

table 8 : explain SELECT SUM(k) FROM sbtest8 WHERE id BETWEEN 992363 AND 992372
	Aggregate  (cost=43.88..43.89 rows=1 width=8)
	  ->  Index Scan using sbtest8_pkey on sbtest8  (cost=0.43..43.86 rows=10 width=4)
	        Index Cond: ((id >= 992363) AND (id <= 992372))

for: sum_ranges
table 1 : explain SELECT SUM(k) FROM sbtest1 WHERE id BETWEEN 5275681 AND 5275690
	Aggregate  (cost=43.90..43.91 rows=1 width=8)
	  ->  Index Scan using sbtest1_pkey on sbtest1  (cost=0.43..43.88 rows=10 width=4)
	        Index Cond: ((id >= 5275681) AND (id <= 5275690))

table 2 : explain SELECT SUM(k) FROM sbtest2 WHERE id BETWEEN 8826252 AND 8826261
	Aggregate  (cost=43.98..43.99 rows=1 width=8)
	  ->  Index Scan using sbtest2_pkey on sbtest2  (cost=0.43..43.96 rows=10 width=4)
	        Index Cond: ((id >= 8826252) AND (id <= 8826261))

table 3 : explain SELECT SUM(k) FROM sbtest3 WHERE id BETWEEN 8487590 AND 8487599
	Aggregate  (cost=39.93..39.94 rows=1 width=8)
	  ->  Index Scan using sbtest3_pkey on sbtest3  (cost=0.43..39.90 rows=9 width=4)
	        Index Cond: ((id >= 8487590) AND (id <= 8487599))

table 4 : explain SELECT SUM(k) FROM sbtest4 WHERE id BETWEEN 5413146 AND 5413155
	Aggregate  (cost=43.83..43.84 rows=1 width=8)
	  ->  Index Scan using sbtest4_pkey on sbtest4  (cost=0.43..43.81 rows=10 width=4)
	        Index Cond: ((id >= 5413146) AND (id <= 5413155))

table 5 : explain SELECT SUM(k) FROM sbtest5 WHERE id BETWEEN 8889433 AND 8889442
	Aggregate  (cost=43.79..43.80 rows=1 width=8)
	  ->  Index Scan using sbtest5_pkey on sbtest5  (cost=0.43..43.76 rows=10 width=4)
	        Index Cond: ((id >= 8889433) AND (id <= 8889442))

table 6 : explain SELECT SUM(k) FROM sbtest6 WHERE id BETWEEN 6640425 AND 6640434
	Aggregate  (cost=39.93..39.94 rows=1 width=8)
	  ->  Index Scan using sbtest6_pkey on sbtest6  (cost=0.43..39.91 rows=9 width=4)
	        Index Cond: ((id >= 6640425) AND (id <= 6640434))

table 7 : explain SELECT SUM(k) FROM sbtest7 WHERE id BETWEEN 6618460 AND 6618469
	Aggregate  (cost=43.86..43.87 rows=1 width=8)
	  ->  Index Scan using sbtest7_pkey on sbtest7  (cost=0.43..43.84 rows=10 width=4)
	        Index Cond: ((id >= 6618460) AND (id <= 6618469))

table 8 : explain SELECT SUM(k) FROM sbtest8 WHERE id BETWEEN 7616140 AND 7616149
	Aggregate  (cost=43.88..43.89 rows=1 width=8)
	  ->  Index Scan using sbtest8_pkey on sbtest8  (cost=0.43..43.86 rows=10 width=4)
	        Index Cond: ((id >= 7616140) AND (id <= 7616149))

for: sum_ranges
table 1 : explain SELECT SUM(k) FROM sbtest1 WHERE id BETWEEN 9596519 AND 9596528
	Aggregate  (cost=39.97..39.98 rows=1 width=8)
	  ->  Index Scan using sbtest1_pkey on sbtest1  (cost=0.43..39.94 rows=9 width=4)
	        Index Cond: ((id >= 9596519) AND (id <= 9596528))

table 2 : explain SELECT SUM(k) FROM sbtest2 WHERE id BETWEEN 8792737 AND 8792746
	Aggregate  (cost=43.98..43.99 rows=1 width=8)
	  ->  Index Scan using sbtest2_pkey on sbtest2  (cost=0.43..43.96 rows=10 width=4)
	        Index Cond: ((id >= 8792737) AND (id <= 8792746))

table 3 : explain SELECT SUM(k) FROM sbtest3 WHERE id BETWEEN 2136876 AND 2136885
	Aggregate  (cost=43.86..43.87 rows=1 width=8)
	  ->  Index Scan using sbtest3_pkey on sbtest3  (cost=0.43..43.83 rows=10 width=4)
	        Index Cond: ((id >= 2136876) AND (id <= 2136885))

table 4 : explain SELECT SUM(k) FROM sbtest4 WHERE id BETWEEN 1407131 AND 1407140
	Aggregate  (cost=43.83..43.84 rows=1 width=8)
	  ->  Index Scan using sbtest4_pkey on sbtest4  (cost=0.43..43.81 rows=10 width=4)
	        Index Cond: ((id >= 1407131) AND (id <= 1407140))

table 5 : explain SELECT SUM(k) FROM sbtest5 WHERE id BETWEEN 2785978 AND 2785987
	Aggregate  (cost=47.71..47.72 rows=1 width=8)
	  ->  Index Scan using sbtest5_pkey on sbtest5  (cost=0.43..47.68 rows=11 width=4)
	        Index Cond: ((id >= 2785978) AND (id <= 2785987))

table 6 : explain SELECT SUM(k) FROM sbtest6 WHERE id BETWEEN 7023399 AND 7023408
	Aggregate  (cost=47.80..47.81 rows=1 width=8)
	  ->  Index Scan using sbtest6_pkey on sbtest6  (cost=0.43..47.77 rows=11 width=4)
	        Index Cond: ((id >= 7023399) AND (id <= 7023408))

table 7 : explain SELECT SUM(k) FROM sbtest7 WHERE id BETWEEN 7149898 AND 7149907
	Aggregate  (cost=43.86..43.87 rows=1 width=8)
	  ->  Index Scan using sbtest7_pkey on sbtest7  (cost=0.43..43.84 rows=10 width=4)
	        Index Cond: ((id >= 7149898) AND (id <= 7149907))

table 8 : explain SELECT SUM(k) FROM sbtest8 WHERE id BETWEEN 9611873 AND 9611882
	Aggregate  (cost=43.88..43.89 rows=1 width=8)
	  ->  Index Scan using sbtest8_pkey on sbtest8  (cost=0.43..43.86 rows=10 width=4)
	        Index Cond: ((id >= 9611873) AND (id <= 9611882))

for: sum_ranges
table 1 : explain SELECT SUM(k) FROM sbtest1 WHERE id BETWEEN 5823855 AND 5823864
	Aggregate  (cost=47.84..47.85 rows=1 width=8)
	  ->  Index Scan using sbtest1_pkey on sbtest1  (cost=0.43..47.82 rows=11 width=4)
	        Index Cond: ((id >= 5823855) AND (id <= 5823864))

table 2 : explain SELECT SUM(k) FROM sbtest2 WHERE id BETWEEN 5684703 AND 5684712
	Aggregate  (cost=40.03..40.04 rows=1 width=8)
	  ->  Index Scan using sbtest2_pkey on sbtest2  (cost=0.43..40.01 rows=9 width=4)
	        Index Cond: ((id >= 5684703) AND (id <= 5684712))

table 3 : explain SELECT SUM(k) FROM sbtest3 WHERE id BETWEEN 7101307 AND 7101316
	Aggregate  (cost=39.93..39.94 rows=1 width=8)
	  ->  Index Scan using sbtest3_pkey on sbtest3  (cost=0.43..39.90 rows=9 width=4)
	        Index Cond: ((id >= 7101307) AND (id <= 7101316))

table 4 : explain SELECT SUM(k) FROM sbtest4 WHERE id BETWEEN 8895806 AND 8895815
	Aggregate  (cost=43.83..43.84 rows=1 width=8)
	  ->  Index Scan using sbtest4_pkey on sbtest4  (cost=0.43..43.81 rows=10 width=4)
	        Index Cond: ((id >= 8895806) AND (id <= 8895815))

table 5 : explain SELECT SUM(k) FROM sbtest5 WHERE id BETWEEN 9479689 AND 9479698
	Aggregate  (cost=43.79..43.80 rows=1 width=8)
	  ->  Index Scan using sbtest5_pkey on sbtest5  (cost=0.43..43.76 rows=10 width=4)
	        Index Cond: ((id >= 9479689) AND (id <= 9479698))

table 6 : explain SELECT SUM(k) FROM sbtest6 WHERE id BETWEEN 1896708 AND 1896717
	Aggregate  (cost=39.93..39.94 rows=1 width=8)
	  ->  Index Scan using sbtest6_pkey on sbtest6  (cost=0.43..39.91 rows=9 width=4)
	        Index Cond: ((id >= 1896708) AND (id <= 1896717))

table 7 : explain SELECT SUM(k) FROM sbtest7 WHERE id BETWEEN 8341632 AND 8341641
	Aggregate  (cost=39.93..39.94 rows=1 width=8)
	  ->  Index Scan using sbtest7_pkey on sbtest7  (cost=0.43..39.91 rows=9 width=4)
	        Index Cond: ((id >= 8341632) AND (id <= 8341641))

table 8 : explain SELECT SUM(k) FROM sbtest8 WHERE id BETWEEN 8260929 AND 8260938
	Aggregate  (cost=43.88..43.89 rows=1 width=8)
	  ->  Index Scan using sbtest8_pkey on sbtest8  (cost=0.43..43.86 rows=10 width=4)
	        Index Cond: ((id >= 8260929) AND (id <= 8260938))

for: simple_ranges
table 1 : explain SELECT c FROM sbtest1 WHERE id BETWEEN 3569681 AND 3569690
	Index Scan using sbtest1_pkey on sbtest1  (cost=0.43..43.88 rows=10 width=121)
	  Index Cond: ((id >= 3569681) AND (id <= 3569690))

table 2 : explain SELECT c FROM sbtest2 WHERE id BETWEEN 227723 AND 227732
	Index Scan using sbtest2_pkey on sbtest2  (cost=0.43..40.01 rows=9 width=121)
	  Index Cond: ((id >= 227723) AND (id <= 227732))

table 3 : explain SELECT c FROM sbtest3 WHERE id BETWEEN 3127019 AND 3127028
	Index Scan using sbtest3_pkey on sbtest3  (cost=0.43..39.90 rows=9 width=121)
	  Index Cond: ((id >= 3127019) AND (id <= 3127028))

table 4 : explain SELECT c FROM sbtest4 WHERE id BETWEEN 2953425 AND 2953434
	Index Scan using sbtest4_pkey on sbtest4  (cost=0.43..43.81 rows=10 width=121)
	  Index Cond: ((id >= 2953425) AND (id <= 2953434))

table 5 : explain SELECT c FROM sbtest5 WHERE id BETWEEN 998199 AND 998208
	Index Scan using sbtest5_pkey on sbtest5  (cost=0.43..43.76 rows=10 width=121)
	  Index Cond: ((id >= 998199) AND (id <= 998208))

table 6 : explain SELECT c FROM sbtest6 WHERE id BETWEEN 8162485 AND 8162494
	Index Scan using sbtest6_pkey on sbtest6  (cost=0.43..39.91 rows=9 width=121)
	  Index Cond: ((id >= 8162485) AND (id <= 8162494))

table 7 : explain SELECT c FROM sbtest7 WHERE id BETWEEN 4129014 AND 4129023
	Index Scan using sbtest7_pkey on sbtest7  (cost=0.43..39.91 rows=9 width=121)
	  Index Cond: ((id >= 4129014) AND (id <= 4129023))

table 8 : explain SELECT c FROM sbtest8 WHERE id BETWEEN 89524 AND 89533
	Index Scan using sbtest8_pkey on sbtest8  (cost=0.43..39.92 rows=9 width=121)
	  Index Cond: ((id >= 89524) AND (id <= 89533))

for: sum_ranges
table 1 : explain SELECT SUM(k) FROM sbtest1 WHERE id BETWEEN 7886271 AND 7886280
	Aggregate  (cost=43.90..43.91 rows=1 width=8)
	  ->  Index Scan using sbtest1_pkey on sbtest1  (cost=0.43..43.88 rows=10 width=4)
	        Index Cond: ((id >= 7886271) AND (id <= 7886280))

table 2 : explain SELECT SUM(k) FROM sbtest2 WHERE id BETWEEN 5225556 AND 5225565
	Aggregate  (cost=43.98..43.99 rows=1 width=8)
	  ->  Index Scan using sbtest2_pkey on sbtest2  (cost=0.43..43.96 rows=10 width=4)
	        Index Cond: ((id >= 5225556) AND (id <= 5225565))

table 3 : explain SELECT SUM(k) FROM sbtest3 WHERE id BETWEEN 7238784 AND 7238793
	Aggregate  (cost=43.86..43.87 rows=1 width=8)
	  ->  Index Scan using sbtest3_pkey on sbtest3  (cost=0.43..43.83 rows=10 width=4)
	        Index Cond: ((id >= 7238784) AND (id <= 7238793))

table 4 : explain SELECT SUM(k) FROM sbtest4 WHERE id BETWEEN 4708505 AND 4708514
	Aggregate  (cost=39.90..39.91 rows=1 width=8)
	  ->  Index Scan using sbtest4_pkey on sbtest4  (cost=0.43..39.88 rows=9 width=4)
	        Index Cond: ((id >= 4708505) AND (id <= 4708514))

table 5 : explain SELECT SUM(k) FROM sbtest5 WHERE id BETWEEN 5459473 AND 5459482
	Aggregate  (cost=39.86..39.87 rows=1 width=8)
	  ->  Index Scan using sbtest5_pkey on sbtest5  (cost=0.43..39.84 rows=9 width=4)
	        Index Cond: ((id >= 5459473) AND (id <= 5459482))

table 6 : explain SELECT SUM(k) FROM sbtest6 WHERE id BETWEEN 881359 AND 881368
	Aggregate  (cost=47.80..47.81 rows=1 width=8)
	  ->  Index Scan using sbtest6_pkey on sbtest6  (cost=0.43..47.77 rows=11 width=4)
	        Index Cond: ((id >= 881359) AND (id <= 881368))

table 7 : explain SELECT SUM(k) FROM sbtest7 WHERE id BETWEEN 2514161 AND 2514170
	Aggregate  (cost=43.86..43.87 rows=1 width=8)
	  ->  Index Scan using sbtest7_pkey on sbtest7  (cost=0.43..43.84 rows=10 width=4)
	        Index Cond: ((id >= 2514161) AND (id <= 2514170))

table 8 : explain SELECT SUM(k) FROM sbtest8 WHERE id BETWEEN 6295005 AND 6295014
	Aggregate  (cost=43.88..43.89 rows=1 width=8)
	  ->  Index Scan using sbtest8_pkey on sbtest8  (cost=0.43..43.86 rows=10 width=4)
	        Index Cond: ((id >= 6295005) AND (id <= 6295014))

for: sum_ranges
table 1 : explain SELECT SUM(k) FROM sbtest1 WHERE id BETWEEN 3507153 AND 3507162
	Aggregate  (cost=43.90..43.91 rows=1 width=8)
	  ->  Index Scan using sbtest1_pkey on sbtest1  (cost=0.43..43.88 rows=10 width=4)
	        Index Cond: ((id >= 3507153) AND (id <= 3507162))

table 2 : explain SELECT SUM(k) FROM sbtest2 WHERE id BETWEEN 6327783 AND 6327792
	Aggregate  (cost=43.98..43.99 rows=1 width=8)
	  ->  Index Scan using sbtest2_pkey on sbtest2  (cost=0.43..43.96 rows=10 width=4)
	        Index Cond: ((id >= 6327783) AND (id <= 6327792))

table 3 : explain SELECT SUM(k) FROM sbtest3 WHERE id BETWEEN 5368578 AND 5368587
	Aggregate  (cost=47.79..47.80 rows=1 width=8)
	  ->  Index Scan using sbtest3_pkey on sbtest3  (cost=0.43..47.77 rows=11 width=4)
	        Index Cond: ((id >= 5368578) AND (id <= 5368587))

table 4 : explain SELECT SUM(k) FROM sbtest4 WHERE id BETWEEN 1107824 AND 1107833
	Aggregate  (cost=43.83..43.84 rows=1 width=8)
	  ->  Index Scan using sbtest4_pkey on sbtest4  (cost=0.43..43.81 rows=10 width=4)
	        Index Cond: ((id >= 1107824) AND (id <= 1107833))

table 5 : explain SELECT SUM(k) FROM sbtest5 WHERE id BETWEEN 2455019 AND 2455028
	Aggregate  (cost=43.79..43.80 rows=1 width=8)
	  ->  Index Scan using sbtest5_pkey on sbtest5  (cost=0.43..43.76 rows=10 width=4)
	        Index Cond: ((id >= 2455019) AND (id <= 2455028))

table 6 : explain SELECT SUM(k) FROM sbtest6 WHERE id BETWEEN 6121275 AND 6121284
	Aggregate  (cost=39.93..39.94 rows=1 width=8)
	  ->  Index Scan using sbtest6_pkey on sbtest6  (cost=0.43..39.91 rows=9 width=4)
	        Index Cond: ((id >= 6121275) AND (id <= 6121284))

table 7 : explain SELECT SUM(k) FROM sbtest7 WHERE id BETWEEN 9147779 AND 9147788
	Aggregate  (cost=43.86..43.87 rows=1 width=8)
	  ->  Index Scan using sbtest7_pkey on sbtest7  (cost=0.43..43.84 rows=10 width=4)
	        Index Cond: ((id >= 9147779) AND (id <= 9147788))

table 8 : explain SELECT SUM(k) FROM sbtest8 WHERE id BETWEEN 9577743 AND 9577752
	Aggregate  (cost=43.88..43.89 rows=1 width=8)
	  ->  Index Scan using sbtest8_pkey on sbtest8  (cost=0.43..43.86 rows=10 width=4)
	        Index Cond: ((id >= 9577743) AND (id <= 9577752))

for: simple_ranges
table 1 : explain SELECT c FROM sbtest1 WHERE id BETWEEN 3436053 AND 3436062
	Index Scan using sbtest1_pkey on sbtest1  (cost=0.43..43.88 rows=10 width=121)
	  Index Cond: ((id >= 3436053) AND (id <= 3436062))

table 2 : explain SELECT c FROM sbtest2 WHERE id BETWEEN 1317500 AND 1317509
	Index Scan using sbtest2_pkey on sbtest2  (cost=0.43..43.96 rows=10 width=121)
	  Index Cond: ((id >= 1317500) AND (id <= 1317509))

table 3 : explain SELECT c FROM sbtest3 WHERE id BETWEEN 3836574 AND 3836583
	Index Scan using sbtest3_pkey on sbtest3  (cost=0.43..43.83 rows=10 width=121)
	  Index Cond: ((id >= 3836574) AND (id <= 3836583))

table 4 : explain SELECT c FROM sbtest4 WHERE id BETWEEN 4481538 AND 4481547
	Index Scan using sbtest4_pkey on sbtest4  (cost=0.43..47.73 rows=11 width=121)
	  Index Cond: ((id >= 4481538) AND (id <= 4481547))

table 5 : explain SELECT c FROM sbtest5 WHERE id BETWEEN 5146141 AND 5146150
	Index Scan using sbtest5_pkey on sbtest5  (cost=0.43..39.84 rows=9 width=121)
	  Index Cond: ((id >= 5146141) AND (id <= 5146150))

table 6 : explain SELECT c FROM sbtest6 WHERE id BETWEEN 2125096 AND 2125105
	Index Scan using sbtest6_pkey on sbtest6  (cost=0.43..43.84 rows=10 width=121)
	  Index Cond: ((id >= 2125096) AND (id <= 2125105))

table 7 : explain SELECT c FROM sbtest7 WHERE id BETWEEN 1962222 AND 1962231
	Index Scan using sbtest7_pkey on sbtest7  (cost=0.43..39.91 rows=9 width=121)
	  Index Cond: ((id >= 1962222) AND (id <= 1962231))

table 8 : explain SELECT c FROM sbtest8 WHERE id BETWEEN 3458975 AND 3458984
	Index Scan using sbtest8_pkey on sbtest8  (cost=0.43..43.86 rows=10 width=121)
	  Index Cond: ((id >= 3458975) AND (id <= 3458984))
for: sum_ranges
table 1 : explain SELECT SUM(k) FROM sbtest1 WHERE id BETWEEN 3921836 AND 3921845
	Aggregate  (cost=39.97..39.98 rows=1 width=8)
	  ->  Index Scan using sbtest1_pkey on sbtest1  (cost=0.43..39.94 rows=9 width=4)
	        Index Cond: ((id >= 3921836) AND (id <= 3921845))

table 2 : explain SELECT SUM(k) FROM sbtest2 WHERE id BETWEEN 3127871 AND 3127880
	Aggregate  (cost=40.03..40.04 rows=1 width=8)
	  ->  Index Scan using sbtest2_pkey on sbtest2  (cost=0.43..40.01 rows=9 width=4)
	        Index Cond: ((id >= 3127871) AND (id <= 3127880))

table 3 : explain SELECT SUM(k) FROM sbtest3 WHERE id BETWEEN 8744803 AND 8744812
	Aggregate  (cost=43.86..43.87 rows=1 width=8)
	  ->  Index Scan using sbtest3_pkey on sbtest3  (cost=0.43..43.83 rows=10 width=4)
	        Index Cond: ((id >= 8744803) AND (id <= 8744812))

table 4 : explain SELECT SUM(k) FROM sbtest4 WHERE id BETWEEN 2387297 AND 2387306
	Aggregate  (cost=43.83..43.84 rows=1 width=8)
	  ->  Index Scan using sbtest4_pkey on sbtest4  (cost=0.43..43.81 rows=10 width=4)
	        Index Cond: ((id >= 2387297) AND (id <= 2387306))

table 5 : explain SELECT SUM(k) FROM sbtest5 WHERE id BETWEEN 4418339 AND 4418348
	Aggregate  (cost=43.79..43.80 rows=1 width=8)
	  ->  Index Scan using sbtest5_pkey on sbtest5  (cost=0.43..43.76 rows=10 width=4)
	        Index Cond: ((id >= 4418339) AND (id <= 4418348))

table 6 : explain SELECT SUM(k) FROM sbtest6 WHERE id BETWEEN 4841054 AND 4841063
	Aggregate  (cost=43.87..43.88 rows=1 width=8)
	  ->  Index Scan using sbtest6_pkey on sbtest6  (cost=0.43..43.84 rows=10 width=4)
	        Index Cond: ((id >= 4841054) AND (id <= 4841063))

table 7 : explain SELECT SUM(k) FROM sbtest7 WHERE id BETWEEN 1993312 AND 1993321
	Aggregate  (cost=43.86..43.87 rows=1 width=8)
	  ->  Index Scan using sbtest7_pkey on sbtest7  (cost=0.43..43.84 rows=10 width=4)
	        Index Cond: ((id >= 1993312) AND (id <= 1993321))

table 8 : explain SELECT SUM(k) FROM sbtest8 WHERE id BETWEEN 1203732 AND 1203741
	Aggregate  (cost=43.88..43.89 rows=1 width=8)
	  ->  Index Scan using sbtest8_pkey on sbtest8  (cost=0.43..43.86 rows=10 width=4)
	        Index Cond: ((id >= 1203732) AND (id <= 1203741))


for: sum_ranges
table 1 : explain SELECT SUM(k) FROM sbtest1 WHERE id BETWEEN 2607174 AND 2607183
	Aggregate  (cost=43.90..43.91 rows=1 width=8)
	  ->  Index Scan using sbtest1_pkey on sbtest1  (cost=0.43..43.88 rows=10 width=4)
	        Index Cond: ((id >= 2607174) AND (id <= 2607183))

table 2 : explain SELECT SUM(k) FROM sbtest2 WHERE id BETWEEN 1678521 AND 1678530
	Aggregate  (cost=43.98..43.99 rows=1 width=8)
	  ->  Index Scan using sbtest2_pkey on sbtest2  (cost=0.43..43.96 rows=10 width=4)
	        Index Cond: ((id >= 1678521) AND (id <= 1678530))

table 3 : explain SELECT SUM(k) FROM sbtest3 WHERE id BETWEEN 450620 AND 450629
	Aggregate  (cost=43.86..43.87 rows=1 width=8)
	  ->  Index Scan using sbtest3_pkey on sbtest3  (cost=0.43..43.83 rows=10 width=4)
	        Index Cond: ((id >= 450620) AND (id <= 450629))

table 4 : explain SELECT SUM(k) FROM sbtest4 WHERE id BETWEEN 2891855 AND 2891864
	Aggregate  (cost=43.83..43.84 rows=1 width=8)
	  ->  Index Scan using sbtest4_pkey on sbtest4  (cost=0.43..43.81 rows=10 width=4)
	        Index Cond: ((id >= 2891855) AND (id <= 2891864))

table 5 : explain SELECT SUM(k) FROM sbtest5 WHERE id BETWEEN 3902134 AND 3902143
	Aggregate  (cost=43.79..43.80 rows=1 width=8)
	  ->  Index Scan using sbtest5_pkey on sbtest5  (cost=0.43..43.76 rows=10 width=4)
	        Index Cond: ((id >= 3902134) AND (id <= 3902143))

table 6 : explain SELECT SUM(k) FROM sbtest6 WHERE id BETWEEN 8031034 AND 8031043
	Aggregate  (cost=47.80..47.81 rows=1 width=8)
	  ->  Index Scan using sbtest6_pkey on sbtest6  (cost=0.43..47.77 rows=11 width=4)
	        Index Cond: ((id >= 8031034) AND (id <= 8031043))

table 7 : explain SELECT SUM(k) FROM sbtest7 WHERE id BETWEEN 880104 AND 880113
	Aggregate  (cost=43.86..43.87 rows=1 width=8)
	  ->  Index Scan using sbtest7_pkey on sbtest7  (cost=0.43..43.84 rows=10 width=4)
	        Index Cond: ((id >= 880104) AND (id <= 880113))

table 8 : explain SELECT SUM(k) FROM sbtest8 WHERE id BETWEEN 1082813 AND 1082822
	Aggregate  (cost=43.88..43.89 rows=1 width=8)
	  ->  Index Scan using sbtest8_pkey on sbtest8  (cost=0.43..43.86 rows=10 width=4)
	        Index Cond: ((id >= 1082813) AND (id <= 1082822))

for: sum_ranges
table 1 : explain SELECT SUM(k) FROM sbtest1 WHERE id BETWEEN 8493347 AND 8493356
	Aggregate  (cost=43.90..43.91 rows=1 width=8)
	  ->  Index Scan using sbtest1_pkey on sbtest1  (cost=0.43..43.88 rows=10 width=4)
	        Index Cond: ((id >= 8493347) AND (id <= 8493356))

table 2 : explain SELECT SUM(k) FROM sbtest2 WHERE id BETWEEN 9985932 AND 9985941
	Aggregate  (cost=43.98..43.99 rows=1 width=8)
	  ->  Index Scan using sbtest2_pkey on sbtest2  (cost=0.43..43.96 rows=10 width=4)
	        Index Cond: ((id >= 9985932) AND (id <= 9985941))

table 3 : explain SELECT SUM(k) FROM sbtest3 WHERE id BETWEEN 1937300 AND 1937309
	Aggregate  (cost=43.86..43.87 rows=1 width=8)
	  ->  Index Scan using sbtest3_pkey on sbtest3  (cost=0.43..43.83 rows=10 width=4)
	        Index Cond: ((id >= 1937300) AND (id <= 1937309))

table 4 : explain SELECT SUM(k) FROM sbtest4 WHERE id BETWEEN 9344650 AND 9344659
	Aggregate  (cost=43.83..43.84 rows=1 width=8)
	  ->  Index Scan using sbtest4_pkey on sbtest4  (cost=0.43..43.81 rows=10 width=4)
	        Index Cond: ((id >= 9344650) AND (id <= 9344659))

table 5 : explain SELECT SUM(k) FROM sbtest5 WHERE id BETWEEN 9012225 AND 9012234
	Aggregate  (cost=43.79..43.80 rows=1 width=8)
	  ->  Index Scan using sbtest5_pkey on sbtest5  (cost=0.43..43.76 rows=10 width=4)
	        Index Cond: ((id >= 9012225) AND (id <= 9012234))

table 6 : explain SELECT SUM(k) FROM sbtest6 WHERE id BETWEEN 5964176 AND 5964185
	Aggregate  (cost=43.87..43.88 rows=1 width=8)
	  ->  Index Scan using sbtest6_pkey on sbtest6  (cost=0.43..43.84 rows=10 width=4)
	        Index Cond: ((id >= 5964176) AND (id <= 5964185))

table 7 : explain SELECT SUM(k) FROM sbtest7 WHERE id BETWEEN 3781203 AND 3781212
	Aggregate  (cost=43.86..43.87 rows=1 width=8)
	  ->  Index Scan using sbtest7_pkey on sbtest7  (cost=0.43..43.84 rows=10 width=4)
	        Index Cond: ((id >= 3781203) AND (id <= 3781212))

table 8 : explain SELECT SUM(k) FROM sbtest8 WHERE id BETWEEN 37380 AND 37389
	Aggregate  (cost=39.95..39.96 rows=1 width=8)
	  ->  Index Scan using sbtest8_pkey on sbtest8  (cost=0.43..39.92 rows=9 width=4)
	        Index Cond: ((id >= 37380) AND (id <= 37389))

for: sum_ranges
table 1 : explain SELECT SUM(k) FROM sbtest1 WHERE id BETWEEN 273856 AND 273865
	Aggregate  (cost=43.90..43.91 rows=1 width=8)
	  ->  Index Scan using sbtest1_pkey on sbtest1  (cost=0.43..43.88 rows=10 width=4)
	        Index Cond: ((id >= 273856) AND (id <= 273865))

table 2 : explain SELECT SUM(k) FROM sbtest2 WHERE id BETWEEN 222603 AND 222612
	Aggregate  (cost=40.03..40.04 rows=1 width=8)
	  ->  Index Scan using sbtest2_pkey on sbtest2  (cost=0.43..40.01 rows=9 width=4)
	        Index Cond: ((id >= 222603) AND (id <= 222612))

table 3 : explain SELECT SUM(k) FROM sbtest3 WHERE id BETWEEN 1960377 AND 1960386
	Aggregate  (cost=43.86..43.87 rows=1 width=8)
	  ->  Index Scan using sbtest3_pkey on sbtest3  (cost=0.43..43.83 rows=10 width=4)
	        Index Cond: ((id >= 1960377) AND (id <= 1960386))

table 4 : explain SELECT SUM(k) FROM sbtest4 WHERE id BETWEEN 3728427 AND 3728436
	Aggregate  (cost=43.83..43.84 rows=1 width=8)
	  ->  Index Scan using sbtest4_pkey on sbtest4  (cost=0.43..43.81 rows=10 width=4)
	        Index Cond: ((id >= 3728427) AND (id <= 3728436))

table 5 : explain SELECT SUM(k) FROM sbtest5 WHERE id BETWEEN 5129083 AND 5129092
	Aggregate  (cost=43.79..43.80 rows=1 width=8)
	  ->  Index Scan using sbtest5_pkey on sbtest5  (cost=0.43..43.76 rows=10 width=4)
	        Index Cond: ((id >= 5129083) AND (id <= 5129092))

table 6 : explain SELECT SUM(k) FROM sbtest6 WHERE id BETWEEN 7559838 AND 7559847
	Aggregate  (cost=43.87..43.88 rows=1 width=8)
	  ->  Index Scan using sbtest6_pkey on sbtest6  (cost=0.43..43.84 rows=10 width=4)
	        Index Cond: ((id >= 7559838) AND (id <= 7559847))

table 7 : explain SELECT SUM(k) FROM sbtest7 WHERE id BETWEEN 7317046 AND 7317055
	Aggregate  (cost=43.86..43.87 rows=1 width=8)
	  ->  Index Scan using sbtest7_pkey on sbtest7  (cost=0.43..43.84 rows=10 width=4)
	        Index Cond: ((id >= 7317046) AND (id <= 7317055))

table 8 : explain SELECT SUM(k) FROM sbtest8 WHERE id BETWEEN 9116922 AND 9116931
	Aggregate  (cost=47.82..47.83 rows=1 width=8)
	  ->  Index Scan using sbtest8_pkey on sbtest8  (cost=0.43..47.79 rows=11 width=4)
	        Index Cond: ((id >= 9116922) AND (id <= 9116931))

for: sum_ranges
table 1 : explain SELECT SUM(k) FROM sbtest1 WHERE id BETWEEN 3533057 AND 3533066
	Aggregate  (cost=43.90..43.91 rows=1 width=8)
	  ->  Index Scan using sbtest1_pkey on sbtest1  (cost=0.43..43.88 rows=10 width=4)
	        Index Cond: ((id >= 3533057) AND (id <= 3533066))

table 2 : explain SELECT SUM(k) FROM sbtest2 WHERE id BETWEEN 5950549 AND 5950558
	Aggregate  (cost=40.03..40.04 rows=1 width=8)
	  ->  Index Scan using sbtest2_pkey on sbtest2  (cost=0.43..40.01 rows=9 width=4)
	        Index Cond: ((id >= 5950549) AND (id <= 5950558))

table 3 : explain SELECT SUM(k) FROM sbtest3 WHERE id BETWEEN 8872422 AND 8872431
	Aggregate  (cost=47.79..47.80 rows=1 width=8)
	  ->  Index Scan using sbtest3_pkey on sbtest3  (cost=0.43..47.77 rows=11 width=4)
	        Index Cond: ((id >= 8872422) AND (id <= 8872431))

table 4 : explain SELECT SUM(k) FROM sbtest4 WHERE id BETWEEN 4894423 AND 4894432
	Aggregate  (cost=43.83..43.84 rows=1 width=8)
	  ->  Index Scan using sbtest4_pkey on sbtest4  (cost=0.43..43.81 rows=10 width=4)
	        Index Cond: ((id >= 4894423) AND (id <= 4894432))

table 5 : explain SELECT SUM(k) FROM sbtest5 WHERE id BETWEEN 5303849 AND 5303858
	Aggregate  (cost=43.79..43.80 rows=1 width=8)
	  ->  Index Scan using sbtest5_pkey on sbtest5  (cost=0.43..43.76 rows=10 width=4)
	        Index Cond: ((id >= 5303849) AND (id <= 5303858))

table 6 : explain SELECT SUM(k) FROM sbtest6 WHERE id BETWEEN 7376528 AND 7376537
	Aggregate  (cost=43.87..43.88 rows=1 width=8)
	  ->  Index Scan using sbtest6_pkey on sbtest6  (cost=0.43..43.84 rows=10 width=4)
	        Index Cond: ((id >= 7376528) AND (id <= 7376537))

table 7 : explain SELECT SUM(k) FROM sbtest7 WHERE id BETWEEN 4089939 AND 4089948
	Aggregate  (cost=39.93..39.94 rows=1 width=8)
	  ->  Index Scan using sbtest7_pkey on sbtest7  (cost=0.43..39.91 rows=9 width=4)
	        Index Cond: ((id >= 4089939) AND (id <= 4089948))

table 8 : explain SELECT SUM(k) FROM sbtest8 WHERE id BETWEEN 7432575 AND 7432584
	Aggregate  (cost=43.88..43.89 rows=1 width=8)
	  ->  Index Scan using sbtest8_pkey on sbtest8  (cost=0.43..43.86 rows=10 width=4)
	        Index Cond: ((id >= 7432575) AND (id <= 7432584))

for point_selects
table 1 : explain SELECT c FROM sbtest1 WHERE id=3910732
	Index Scan using sbtest1_pkey on sbtest1  (cost=0.43..8.45 rows=1 width=121)
	  Index Cond: (id = 3910732)

table 2 : explain SELECT c FROM sbtest2 WHERE id=4651670
	Index Scan using sbtest2_pkey on sbtest2  (cost=0.43..8.45 rows=1 width=121)
	  Index Cond: (id = 4651670)

table 3 : explain SELECT c FROM sbtest3 WHERE id=3680185
	Index Scan using sbtest3_pkey on sbtest3  (cost=0.43..8.45 rows=1 width=121)
	  Index Cond: (id = 3680185)

table 4 : explain SELECT c FROM sbtest4 WHERE id=772473
	Index Scan using sbtest4_pkey on sbtest4  (cost=0.43..8.45 rows=1 width=121)
	  Index Cond: (id = 772473)

table 5 : explain SELECT c FROM sbtest5 WHERE id=4085378
	Index Scan using sbtest5_pkey on sbtest5  (cost=0.43..8.45 rows=1 width=121)
	  Index Cond: (id = 4085378)

table 6 : explain SELECT c FROM sbtest6 WHERE id=2604663
	Index Scan using sbtest6_pkey on sbtest6  (cost=0.43..8.45 rows=1 width=121)
	  Index Cond: (id = 2604663)

table 7 : explain SELECT c FROM sbtest7 WHERE id=6214363
	Index Scan using sbtest7_pkey on sbtest7  (cost=0.43..8.45 rows=1 width=121)
	  Index Cond: (id = 6214363)

table 8 : explain SELECT c FROM sbtest8 WHERE id=4121808
	Index Scan using sbtest8_pkey on sbtest8  (cost=0.43..8.45 rows=1 width=121)
	  Index Cond: (id = 4121808)

for: simple_ranges
table 1 : explain SELECT c FROM sbtest1 WHERE id BETWEEN 1182508 AND 1182517
	Index Scan using sbtest1_pkey on sbtest1  (cost=0.43..43.88 rows=10 width=121)
	  Index Cond: ((id >= 1182508) AND (id <= 1182517))

table 2 : explain SELECT c FROM sbtest2 WHERE id BETWEEN 336991 AND 337000
	Index Scan using sbtest2_pkey on sbtest2  (cost=0.43..43.96 rows=10 width=121)
	  Index Cond: ((id >= 336991) AND (id <= 337000))

table 3 : explain SELECT c FROM sbtest3 WHERE id BETWEEN 5290810 AND 5290819
	Index Scan using sbtest3_pkey on sbtest3  (cost=0.43..43.83 rows=10 width=121)
	  Index Cond: ((id >= 5290810) AND (id <= 5290819))

table 4 : explain SELECT c FROM sbtest4 WHERE id BETWEEN 1230362 AND 1230371
	Index Scan using sbtest4_pkey on sbtest4  (cost=0.43..43.81 rows=10 width=121)
	  Index Cond: ((id >= 1230362) AND (id <= 1230371))

table 5 : explain SELECT c FROM sbtest5 WHERE id BETWEEN 969217 AND 969226
	Index Scan using sbtest5_pkey on sbtest5  (cost=0.43..43.76 rows=10 width=121)
	  Index Cond: ((id >= 969217) AND (id <= 969226))

table 6 : explain SELECT c FROM sbtest6 WHERE id BETWEEN 7373493 AND 7373502
	Index Scan using sbtest6_pkey on sbtest6  (cost=0.43..43.84 rows=10 width=121)
	  Index Cond: ((id >= 7373493) AND (id <= 7373502))

table 7 : explain SELECT c FROM sbtest7 WHERE id BETWEEN 3122424 AND 3122433
	Index Scan using sbtest7_pkey on sbtest7  (cost=0.43..43.84 rows=10 width=121)
	  Index Cond: ((id >= 3122424) AND (id <= 3122433))

table 8 : explain SELECT c FROM sbtest8 WHERE id BETWEEN 3816286 AND 3816295
	Index Scan using sbtest8_pkey on sbtest8  (cost=0.43..43.86 rows=10 width=121)
	  Index Cond: ((id >= 3816286) AND (id <= 3816295))

for: sum_ranges
table 1 : explain SELECT SUM(k) FROM sbtest1 WHERE id BETWEEN 8152906 AND 8152915
	Aggregate  (cost=43.90..43.91 rows=1 width=8)
	  ->  Index Scan using sbtest1_pkey on sbtest1  (cost=0.43..43.88 rows=10 width=4)
	        Index Cond: ((id >= 8152906) AND (id <= 8152915))

table 2 : explain SELECT SUM(k) FROM sbtest2 WHERE id BETWEEN 8371693 AND 8371702
	Aggregate  (cost=43.98..43.99 rows=1 width=8)
	  ->  Index Scan using sbtest2_pkey on sbtest2  (cost=0.43..43.96 rows=10 width=4)
	        Index Cond: ((id >= 8371693) AND (id <= 8371702))

table 3 : explain SELECT SUM(k) FROM sbtest3 WHERE id BETWEEN 5429019 AND 5429028
	Aggregate  (cost=43.86..43.87 rows=1 width=8)
	  ->  Index Scan using sbtest3_pkey on sbtest3  (cost=0.43..43.83 rows=10 width=4)
	        Index Cond: ((id >= 5429019) AND (id <= 5429028))

table 4 : explain SELECT SUM(k) FROM sbtest4 WHERE id BETWEEN 559249 AND 559258
	Aggregate  (cost=47.76..47.77 rows=1 width=8)
	  ->  Index Scan using sbtest4_pkey on sbtest4  (cost=0.43..47.73 rows=11 width=4)
	        Index Cond: ((id >= 559249) AND (id <= 559258))

table 5 : explain SELECT SUM(k) FROM sbtest5 WHERE id BETWEEN 2698994 AND 2699003
	Aggregate  (cost=47.71..47.72 rows=1 width=8)
	  ->  Index Scan using sbtest5_pkey on sbtest5  (cost=0.43..47.68 rows=11 width=4)
	        Index Cond: ((id >= 2698994) AND (id <= 2699003))

table 6 : explain SELECT SUM(k) FROM sbtest6 WHERE id BETWEEN 4166610 AND 4166619
	Aggregate  (cost=43.87..43.88 rows=1 width=8)
	  ->  Index Scan using sbtest6_pkey on sbtest6  (cost=0.43..43.84 rows=10 width=4)
	        Index Cond: ((id >= 4166610) AND (id <= 4166619))

table 7 : explain SELECT SUM(k) FROM sbtest7 WHERE id BETWEEN 9378909 AND 9378918
	Aggregate  (cost=39.93..39.94 rows=1 width=8)
	  ->  Index Scan using sbtest7_pkey on sbtest7  (cost=0.43..39.91 rows=9 width=4)
	        Index Cond: ((id >= 9378909) AND (id <= 9378918))

table 8 : explain SELECT SUM(k) FROM sbtest8 WHERE id BETWEEN 9784418 AND 9784427
	Aggregate  (cost=43.88..43.89 rows=1 width=8)
	  ->  Index Scan using sbtest8_pkey on sbtest8  (cost=0.43..43.86 rows=10 width=4)
	        Index Cond: ((id >= 9784418) AND (id <= 9784427))

for: sum_ranges
table 1 : explain SELECT SUM(k) FROM sbtest1 WHERE id BETWEEN 8806782 AND 8806791
	Aggregate  (cost=43.90..43.91 rows=1 width=8)
	  ->  Index Scan using sbtest1_pkey on sbtest1  (cost=0.43..43.88 rows=10 width=4)
	        Index Cond: ((id >= 8806782) AND (id <= 8806791))

table 2 : explain SELECT SUM(k) FROM sbtest2 WHERE id BETWEEN 1281328 AND 1281337
	Aggregate  (cost=43.98..43.99 rows=1 width=8)
	  ->  Index Scan using sbtest2_pkey on sbtest2  (cost=0.43..43.96 rows=10 width=4)
	        Index Cond: ((id >= 1281328) AND (id <= 1281337))

table 3 : explain SELECT SUM(k) FROM sbtest3 WHERE id BETWEEN 1332013 AND 1332022
	Aggregate  (cost=39.93..39.94 rows=1 width=8)
	  ->  Index Scan using sbtest3_pkey on sbtest3  (cost=0.43..39.90 rows=9 width=4)
	        Index Cond: ((id >= 1332013) AND (id <= 1332022))

table 4 : explain SELECT SUM(k) FROM sbtest4 WHERE id BETWEEN 7336410 AND 7336419
	Aggregate  (cost=39.90..39.91 rows=1 width=8)
	  ->  Index Scan using sbtest4_pkey on sbtest4  (cost=0.43..39.88 rows=9 width=4)
	        Index Cond: ((id >= 7336410) AND (id <= 7336419))

table 5 : explain SELECT SUM(k) FROM sbtest5 WHERE id BETWEEN 1817564 AND 1817573
	Aggregate  (cost=43.79..43.80 rows=1 width=8)
	  ->  Index Scan using sbtest5_pkey on sbtest5  (cost=0.43..43.76 rows=10 width=4)
	        Index Cond: ((id >= 1817564) AND (id <= 1817573))

table 6 : explain SELECT SUM(k) FROM sbtest6 WHERE id BETWEEN 2373664 AND 2373673
	Aggregate  (cost=43.87..43.88 rows=1 width=8)
	  ->  Index Scan using sbtest6_pkey on sbtest6  (cost=0.43..43.84 rows=10 width=4)
	        Index Cond: ((id >= 2373664) AND (id <= 2373673))

table 7 : explain SELECT SUM(k) FROM sbtest7 WHERE id BETWEEN 2972373 AND 2972382
	Aggregate  (cost=39.93..39.94 rows=1 width=8)
	  ->  Index Scan using sbtest7_pkey on sbtest7  (cost=0.43..39.91 rows=9 width=4)
	        Index Cond: ((id >= 2972373) AND (id <= 2972382))

table 8 : explain SELECT SUM(k) FROM sbtest8 WHERE id BETWEEN 4228436 AND 4228445
	Aggregate  (cost=39.95..39.96 rows=1 width=8)
	  ->  Index Scan using sbtest8_pkey on sbtest8  (cost=0.43..39.92 rows=9 width=4)
	        Index Cond: ((id >= 4228436) AND (id <= 4228445))

for: sum_ranges
table 1 : explain SELECT SUM(k) FROM sbtest1 WHERE id BETWEEN 1555299 AND 1555308
	Aggregate  (cost=39.97..39.98 rows=1 width=8)
	  ->  Index Scan using sbtest1_pkey on sbtest1  (cost=0.43..39.94 rows=9 width=4)
	        Index Cond: ((id >= 1555299) AND (id <= 1555308))

table 2 : explain SELECT SUM(k) FROM sbtest2 WHERE id BETWEEN 2733375 AND 2733384
	Aggregate  (cost=43.98..43.99 rows=1 width=8)
	  ->  Index Scan using sbtest2_pkey on sbtest2  (cost=0.43..43.96 rows=10 width=4)
	        Index Cond: ((id >= 2733375) AND (id <= 2733384))

table 3 : explain SELECT SUM(k) FROM sbtest3 WHERE id BETWEEN 8686112 AND 8686121
	Aggregate  (cost=43.86..43.87 rows=1 width=8)
	  ->  Index Scan using sbtest3_pkey on sbtest3  (cost=0.43..43.83 rows=10 width=4)
	        Index Cond: ((id >= 8686112) AND (id <= 8686121))

table 4 : explain SELECT SUM(k) FROM sbtest4 WHERE id BETWEEN 4717950 AND 4717959
	Aggregate  (cost=39.90..39.91 rows=1 width=8)
	  ->  Index Scan using sbtest4_pkey on sbtest4  (cost=0.43..39.88 rows=9 width=4)
	        Index Cond: ((id >= 4717950) AND (id <= 4717959))

table 5 : explain SELECT SUM(k) FROM sbtest5 WHERE id BETWEEN 2061968 AND 2061977
	Aggregate  (cost=47.71..47.72 rows=1 width=8)
	  ->  Index Scan using sbtest5_pkey on sbtest5  (cost=0.43..47.68 rows=11 width=4)
	        Index Cond: ((id >= 2061968) AND (id <= 2061977))

table 6 : explain SELECT SUM(k) FROM sbtest6 WHERE id BETWEEN 7638709 AND 7638718
	Aggregate  (cost=43.87..43.88 rows=1 width=8)
	  ->  Index Scan using sbtest6_pkey on sbtest6  (cost=0.43..43.84 rows=10 width=4)
	        Index Cond: ((id >= 7638709) AND (id <= 7638718))

table 7 : explain SELECT SUM(k) FROM sbtest7 WHERE id BETWEEN 4709617 AND 4709626
	Aggregate  (cost=43.86..43.87 rows=1 width=8)
	  ->  Index Scan using sbtest7_pkey on sbtest7  (cost=0.43..43.84 rows=10 width=4)
	        Index Cond: ((id >= 4709617) AND (id <= 4709626))

table 8 : explain SELECT SUM(k) FROM sbtest8 WHERE id BETWEEN 6858960 AND 6858969
	Aggregate  (cost=43.88..43.89 rows=1 width=8)
	  ->  Index Scan using sbtest8_pkey on sbtest8  (cost=0.43..43.86 rows=10 width=4)
	        Index Cond: ((id >= 6858960) AND (id <= 6858969))

for: order_ranges
table 1 : explain SELECT c FROM sbtest1 WHERE id BETWEEN 7271261 AND 7271270 ORDER BY c
	Sort  (cost=44.05..44.07 rows=10 width=121)
	  Sort Key: c
	  ->  Index Scan using sbtest1_pkey on sbtest1  (cost=0.43..43.88 rows=10 width=121)
	        Index Cond: ((id >= 7271261) AND (id <= 7271270))

table 2 : explain SELECT c FROM sbtest2 WHERE id BETWEEN 2210434 AND 2210443 ORDER BY c
	Sort  (cost=48.09..48.12 rows=11 width=121)
	  Sort Key: c
	  ->  Index Scan using sbtest2_pkey on sbtest2  (cost=0.43..47.90 rows=11 width=121)
	        Index Cond: ((id >= 2210434) AND (id <= 2210443))

table 3 : explain SELECT c FROM sbtest3 WHERE id BETWEEN 9757990 AND 9757999 ORDER BY c
	Sort  (cost=47.96..47.98 rows=11 width=121)
	  Sort Key: c
	  ->  Index Scan using sbtest3_pkey on sbtest3  (cost=0.43..47.77 rows=11 width=121)
	        Index Cond: ((id >= 9757990) AND (id <= 9757999))

table 4 : explain SELECT c FROM sbtest4 WHERE id BETWEEN 5632897 AND 5632906 ORDER BY c
	Sort  (cost=47.92..47.95 rows=11 width=121)
	  Sort Key: c
	  ->  Index Scan using sbtest4_pkey on sbtest4  (cost=0.43..47.73 rows=11 width=121)
	        Index Cond: ((id >= 5632897) AND (id <= 5632906))

table 5 : explain SELECT c FROM sbtest5 WHERE id BETWEEN 2492183 AND 2492192 ORDER BY c
	Sort  (cost=43.93..43.95 rows=10 width=121)
	  Sort Key: c
	  ->  Index Scan using sbtest5_pkey on sbtest5  (cost=0.43..43.76 rows=10 width=121)
	        Index Cond: ((id >= 2492183) AND (id <= 2492192))

table 6 : explain SELECT c FROM sbtest6 WHERE id BETWEEN 8750154 AND 8750163 ORDER BY c
	Sort  (cost=44.01..44.03 rows=10 width=121)
	  Sort Key: c
	  ->  Index Scan using sbtest6_pkey on sbtest6  (cost=0.43..43.84 rows=10 width=121)
	        Index Cond: ((id >= 8750154) AND (id <= 8750163))

table 7 : explain SELECT c FROM sbtest7 WHERE id BETWEEN 6986967 AND 6986976 ORDER BY c
	Sort  (cost=47.96..47.99 rows=11 width=121)
	  Sort Key: c
	  ->  Index Scan using sbtest7_pkey on sbtest7  (cost=0.43..47.77 rows=11 width=121)
	        Index Cond: ((id >= 6986967) AND (id <= 6986976))

table 8 : explain SELECT c FROM sbtest8 WHERE id BETWEEN 5296719 AND 5296728 ORDER BY c
	Sort  (cost=44.02..44.05 rows=10 width=121)
	  Sort Key: c
	  ->  Index Scan using sbtest8_pkey on sbtest8  (cost=0.43..43.86 rows=10 width=121)
	        Index Cond: ((id >= 5296719) AND (id <= 5296728))

for: sum_ranges
table 1 : explain SELECT SUM(k) FROM sbtest1 WHERE id BETWEEN 3529820 AND 3529829
	Aggregate  (cost=43.90..43.91 rows=1 width=8)
	  ->  Index Scan using sbtest1_pkey on sbtest1  (cost=0.43..43.88 rows=10 width=4)
	        Index Cond: ((id >= 3529820) AND (id <= 3529829))

table 2 : explain SELECT SUM(k) FROM sbtest2 WHERE id BETWEEN 8906161 AND 8906170
	Aggregate  (cost=43.98..43.99 rows=1 width=8)
	  ->  Index Scan using sbtest2_pkey on sbtest2  (cost=0.43..43.96 rows=10 width=4)
	        Index Cond: ((id >= 8906161) AND (id <= 8906170))

table 3 : explain SELECT SUM(k) FROM sbtest3 WHERE id BETWEEN 4310869 AND 4310878
	Aggregate  (cost=43.86..43.87 rows=1 width=8)
	  ->  Index Scan using sbtest3_pkey on sbtest3  (cost=0.43..43.83 rows=10 width=4)
	        Index Cond: ((id >= 4310869) AND (id <= 4310878))

table 4 : explain SELECT SUM(k) FROM sbtest4 WHERE id BETWEEN 7961187 AND 7961196
	Aggregate  (cost=43.83..43.84 rows=1 width=8)
	  ->  Index Scan using sbtest4_pkey on sbtest4  (cost=0.43..43.81 rows=10 width=4)
	        Index Cond: ((id >= 7961187) AND (id <= 7961196))

table 5 : explain SELECT SUM(k) FROM sbtest5 WHERE id BETWEEN 6643472 AND 6643481
	Aggregate  (cost=47.71..47.72 rows=1 width=8)
	  ->  Index Scan using sbtest5_pkey on sbtest5  (cost=0.43..47.68 rows=11 width=4)
	        Index Cond: ((id >= 6643472) AND (id <= 6643481))

table 6 : explain SELECT SUM(k) FROM sbtest6 WHERE id BETWEEN 6923634 AND 6923643
	Aggregate  (cost=43.87..43.88 rows=1 width=8)
	  ->  Index Scan using sbtest6_pkey on sbtest6  (cost=0.43..43.84 rows=10 width=4)
	        Index Cond: ((id >= 6923634) AND (id <= 6923643))

table 7 : explain SELECT SUM(k) FROM sbtest7 WHERE id BETWEEN 2474843 AND 2474852
	Aggregate  (cost=43.86..43.87 rows=1 width=8)
	  ->  Index Scan using sbtest7_pkey on sbtest7  (cost=0.43..43.84 rows=10 width=4)
	        Index Cond: ((id >= 2474843) AND (id <= 2474852))

table 8 : explain SELECT SUM(k) FROM sbtest8 WHERE id BETWEEN 4341747 AND 4341756
	Aggregate  (cost=43.88..43.89 rows=1 width=8)
	  ->  Index Scan using sbtest8_pkey on sbtest8  (cost=0.43..43.86 rows=10 width=4)
	        Index Cond: ((id >= 4341747) AND (id <= 4341756))

for: order_ranges
table 1 : explain SELECT c FROM sbtest1 WHERE id BETWEEN 5689679 AND 5689688 ORDER BY c
	Sort  (cost=44.05..44.07 rows=10 width=121)
	  Sort Key: c
	  ->  Index Scan using sbtest1_pkey on sbtest1  (cost=0.43..43.88 rows=10 width=121)
	        Index Cond: ((id >= 5689679) AND (id <= 5689688))

table 2 : explain SELECT c FROM sbtest2 WHERE id BETWEEN 8680547 AND 8680556 ORDER BY c
	Sort  (cost=44.12..44.15 rows=10 width=121)
	  Sort Key: c
	  ->  Index Scan using sbtest2_pkey on sbtest2  (cost=0.43..43.96 rows=10 width=121)
	        Index Cond: ((id >= 8680547) AND (id <= 8680556))

table 3 : explain SELECT c FROM sbtest3 WHERE id BETWEEN 2766005 AND 2766014 ORDER BY c
	Sort  (cost=44.00..44.03 rows=10 width=121)
	  Sort Key: c
	  ->  Index Scan using sbtest3_pkey on sbtest3  (cost=0.43..43.83 rows=10 width=121)
	        Index Cond: ((id >= 2766005) AND (id <= 2766014))

table 4 : explain SELECT c FROM sbtest4 WHERE id BETWEEN 1661077 AND 1661086 ORDER BY c
	Sort  (cost=43.97..44.00 rows=10 width=121)
	  Sort Key: c
	  ->  Index Scan using sbtest4_pkey on sbtest4  (cost=0.43..43.81 rows=10 width=121)
	        Index Cond: ((id >= 1661077) AND (id <= 1661086))

table 5 : explain SELECT c FROM sbtest5 WHERE id BETWEEN 8922488 AND 8922497 ORDER BY c
	Sort  (cost=43.93..43.95 rows=10 width=121)
	  Sort Key: c
	  ->  Index Scan using sbtest5_pkey on sbtest5  (cost=0.43..43.76 rows=10 width=121)
	        Index Cond: ((id >= 8922488) AND (id <= 8922497))

table 6 : explain SELECT c FROM sbtest6 WHERE id BETWEEN 4011280 AND 4011289 ORDER BY c
	Sort  (cost=44.01..44.03 rows=10 width=121)
	  Sort Key: c
	  ->  Index Scan using sbtest6_pkey on sbtest6  (cost=0.43..43.84 rows=10 width=121)
	        Index Cond: ((id >= 4011280) AND (id <= 4011289))

table 7 : explain SELECT c FROM sbtest7 WHERE id BETWEEN 2057907 AND 2057916 ORDER BY c
	Sort  (cost=44.00..44.03 rows=10 width=121)
	  Sort Key: c
	  ->  Index Scan using sbtest7_pkey on sbtest7  (cost=0.43..43.84 rows=10 width=121)
	        Index Cond: ((id >= 2057907) AND (id <= 2057916))

table 8 : explain SELECT c FROM sbtest8 WHERE id BETWEEN 4037689 AND 4037698 ORDER BY c
	Sort  (cost=44.02..44.05 rows=10 width=121)
	  Sort Key: c
	  ->  Index Scan using sbtest8_pkey on sbtest8  (cost=0.43..43.86 rows=10 width=121)
	        Index Cond: ((id >= 4037689) AND (id <= 4037698))

for: sum_ranges
table 1 : explain SELECT SUM(k) FROM sbtest1 WHERE id BETWEEN 3801997 AND 3802006
	Aggregate  (cost=43.90..43.91 rows=1 width=8)
	  ->  Index Scan using sbtest1_pkey on sbtest1  (cost=0.43..43.88 rows=10 width=4)
	        Index Cond: ((id >= 3801997) AND (id <= 3802006))

table 2 : explain SELECT SUM(k) FROM sbtest2 WHERE id BETWEEN 5856264 AND 5856273
	Aggregate  (cost=40.03..40.04 rows=1 width=8)
	  ->  Index Scan using sbtest2_pkey on sbtest2  (cost=0.43..40.01 rows=9 width=4)
	        Index Cond: ((id >= 5856264) AND (id <= 5856273))

table 3 : explain SELECT SUM(k) FROM sbtest3 WHERE id BETWEEN 4809642 AND 4809651
	Aggregate  (cost=39.93..39.94 rows=1 width=8)
	  ->  Index Scan using sbtest3_pkey on sbtest3  (cost=0.43..39.90 rows=9 width=4)
	        Index Cond: ((id >= 4809642) AND (id <= 4809651))

table 4 : explain SELECT SUM(k) FROM sbtest4 WHERE id BETWEEN 8061112 AND 8061121
	Aggregate  (cost=47.76..47.77 rows=1 width=8)
	  ->  Index Scan using sbtest4_pkey on sbtest4  (cost=0.43..47.73 rows=11 width=4)
	        Index Cond: ((id >= 8061112) AND (id <= 8061121))

table 5 : explain SELECT SUM(k) FROM sbtest5 WHERE id BETWEEN 502557 AND 502566
	Aggregate  (cost=47.71..47.72 rows=1 width=8)
	  ->  Index Scan using sbtest5_pkey on sbtest5  (cost=0.43..47.68 rows=11 width=4)
	        Index Cond: ((id >= 502557) AND (id <= 502566))

table 6 : explain SELECT SUM(k) FROM sbtest6 WHERE id BETWEEN 9995053 AND 9995062
	Aggregate  (cost=47.80..47.81 rows=1 width=8)
	  ->  Index Scan using sbtest6_pkey on sbtest6  (cost=0.43..47.77 rows=11 width=4)
	        Index Cond: ((id >= 9995053) AND (id <= 9995062))

table 7 : explain SELECT SUM(k) FROM sbtest7 WHERE id BETWEEN 5607188 AND 5607197
	Aggregate  (cost=43.86..43.87 rows=1 width=8)
	  ->  Index Scan using sbtest7_pkey on sbtest7  (cost=0.43..43.84 rows=10 width=4)
	        Index Cond: ((id >= 5607188) AND (id <= 5607197))

table 8 : explain SELECT SUM(k) FROM sbtest8 WHERE id BETWEEN 7747016 AND 7747025
	Aggregate  (cost=43.88..43.89 rows=1 width=8)
	  ->  Index Scan using sbtest8_pkey on sbtest8  (cost=0.43..43.86 rows=10 width=4)
	        Index Cond: ((id >= 7747016) AND (id <= 7747025))

for: order_ranges
table 1 : explain SELECT c FROM sbtest1 WHERE id BETWEEN 9075213 AND 9075222 ORDER BY c
	Sort  (cost=48.01..48.03 rows=11 width=121)
	  Sort Key: c
	  ->  Index Scan using sbtest1_pkey on sbtest1  (cost=0.43..47.82 rows=11 width=121)
	        Index Cond: ((id >= 9075213) AND (id <= 9075222))

table 2 : explain SELECT c FROM sbtest2 WHERE id BETWEEN 1689575 AND 1689584 ORDER BY c
	Sort  (cost=44.12..44.15 rows=10 width=121)
	  Sort Key: c
	  ->  Index Scan using sbtest2_pkey on sbtest2  (cost=0.43..43.96 rows=10 width=121)
	        Index Cond: ((id >= 1689575) AND (id <= 1689584))

table 3 : explain SELECT c FROM sbtest3 WHERE id BETWEEN 9856559 AND 9856568 ORDER BY c
	Sort  (cost=44.00..44.03 rows=10 width=121)
	  Sort Key: c
	  ->  Index Scan using sbtest3_pkey on sbtest3  (cost=0.43..43.83 rows=10 width=121)
	        Index Cond: ((id >= 9856559) AND (id <= 9856568))

table 4 : explain SELECT c FROM sbtest4 WHERE id BETWEEN 6741265 AND 6741274 ORDER BY c
	Sort  (cost=43.97..44.00 rows=10 width=121)
	  Sort Key: c
	  ->  Index Scan using sbtest4_pkey on sbtest4  (cost=0.43..43.81 rows=10 width=121)
	        Index Cond: ((id >= 6741265) AND (id <= 6741274))

table 5 : explain SELECT c FROM sbtest5 WHERE id BETWEEN 4336684 AND 4336693 ORDER BY c
	Sort  (cost=43.93..43.95 rows=10 width=121)
	  Sort Key: c
	  ->  Index Scan using sbtest5_pkey on sbtest5  (cost=0.43..43.76 rows=10 width=121)
	        Index Cond: ((id >= 4336684) AND (id <= 4336693))

table 6 : explain SELECT c FROM sbtest6 WHERE id BETWEEN 6975119 AND 6975128 ORDER BY c
	Sort  (cost=44.01..44.03 rows=10 width=121)
	  Sort Key: c
	  ->  Index Scan using sbtest6_pkey on sbtest6  (cost=0.43..43.84 rows=10 width=121)
	        Index Cond: ((id >= 6975119) AND (id <= 6975128))

table 7 : explain SELECT c FROM sbtest7 WHERE id BETWEEN 708507 AND 708516 ORDER BY c
	Sort  (cost=44.00..44.03 rows=10 width=121)
	  Sort Key: c
	  ->  Index Scan using sbtest7_pkey on sbtest7  (cost=0.43..43.84 rows=10 width=121)
	        Index Cond: ((id >= 708507) AND (id <= 708516))

table 8 : explain SELECT c FROM sbtest8 WHERE id BETWEEN 9447007 AND 9447016 ORDER BY c
	Sort  (cost=40.07..40.09 rows=9 width=121)
	  Sort Key: c
	  ->  Index Scan using sbtest8_pkey on sbtest8  (cost=0.43..39.92 rows=9 width=121)
	        Index Cond: ((id >= 9447007) AND (id <= 9447016))

for: sum_ranges
table 1 : explain SELECT SUM(k) FROM sbtest1 WHERE id BETWEEN 8623390 AND 8623399
	Aggregate  (cost=43.90..43.91 rows=1 width=8)
	  ->  Index Scan using sbtest1_pkey on sbtest1  (cost=0.43..43.88 rows=10 width=4)
	        Index Cond: ((id >= 8623390) AND (id <= 8623399))

table 2 : explain SELECT SUM(k) FROM sbtest2 WHERE id BETWEEN 2058137 AND 2058146
	Aggregate  (cost=40.03..40.04 rows=1 width=8)
	  ->  Index Scan using sbtest2_pkey on sbtest2  (cost=0.43..40.01 rows=9 width=4)
	        Index Cond: ((id >= 2058137) AND (id <= 2058146))

table 3 : explain SELECT SUM(k) FROM sbtest3 WHERE id BETWEEN 4077369 AND 4077378
	Aggregate  (cost=47.79..47.80 rows=1 width=8)
	  ->  Index Scan using sbtest3_pkey on sbtest3  (cost=0.43..47.77 rows=11 width=4)
	        Index Cond: ((id >= 4077369) AND (id <= 4077378))

table 4 : explain SELECT SUM(k) FROM sbtest4 WHERE id BETWEEN 7284972 AND 7284981
	Aggregate  (cost=39.90..39.91 rows=1 width=8)
	  ->  Index Scan using sbtest4_pkey on sbtest4  (cost=0.43..39.88 rows=9 width=4)
	        Index Cond: ((id >= 7284972) AND (id <= 7284981))

table 5 : explain SELECT SUM(k) FROM sbtest5 WHERE id BETWEEN 524482 AND 524491
	Aggregate  (cost=39.86..39.87 rows=1 width=8)
	  ->  Index Scan using sbtest5_pkey on sbtest5  (cost=0.43..39.84 rows=9 width=4)
	        Index Cond: ((id >= 524482) AND (id <= 524491))

table 6 : explain SELECT SUM(k) FROM sbtest6 WHERE id BETWEEN 5846848 AND 5846857
	Aggregate  (cost=43.87..43.88 rows=1 width=8)
	  ->  Index Scan using sbtest6_pkey on sbtest6  (cost=0.43..43.84 rows=10 width=4)
	        Index Cond: ((id >= 5846848) AND (id <= 5846857))

table 7 : explain SELECT SUM(k) FROM sbtest7 WHERE id BETWEEN 2319107 AND 2319116
	Aggregate  (cost=47.80..47.81 rows=1 width=8)
	  ->  Index Scan using sbtest7_pkey on sbtest7  (cost=0.43..47.77 rows=11 width=4)
	        Index Cond: ((id >= 2319107) AND (id <= 2319116))

table 8 : explain SELECT SUM(k) FROM sbtest8 WHERE id BETWEEN 8493373 AND 8493382
	Aggregate  (cost=43.88..43.89 rows=1 width=8)
	  ->  Index Scan using sbtest8_pkey on sbtest8  (cost=0.43..43.86 rows=10 width=4)
	        Index Cond: ((id >= 8493373) AND (id <= 8493382))

for: sum_ranges
table 1 : explain SELECT SUM(k) FROM sbtest1 WHERE id BETWEEN 7330705 AND 7330714
	Aggregate  (cost=43.90..43.91 rows=1 width=8)
	  ->  Index Scan using sbtest1_pkey on sbtest1  (cost=0.43..43.88 rows=10 width=4)
	        Index Cond: ((id >= 7330705) AND (id <= 7330714))

table 2 : explain SELECT SUM(k) FROM sbtest2 WHERE id BETWEEN 7741599 AND 7741608
	Aggregate  (cost=40.03..40.04 rows=1 width=8)
	  ->  Index Scan using sbtest2_pkey on sbtest2  (cost=0.43..40.01 rows=9 width=4)
	        Index Cond: ((id >= 7741599) AND (id <= 7741608))

table 3 : explain SELECT SUM(k) FROM sbtest3 WHERE id BETWEEN 541397 AND 541406
	Aggregate  (cost=43.86..43.87 rows=1 width=8)
	  ->  Index Scan using sbtest3_pkey on sbtest3  (cost=0.43..43.83 rows=10 width=4)
	        Index Cond: ((id >= 541397) AND (id <= 541406))

table 4 : explain SELECT SUM(k) FROM sbtest4 WHERE id BETWEEN 994007 AND 994016
	Aggregate  (cost=39.90..39.91 rows=1 width=8)
	  ->  Index Scan using sbtest4_pkey on sbtest4  (cost=0.43..39.88 rows=9 width=4)
	        Index Cond: ((id >= 994007) AND (id <= 994016))

table 5 : explain SELECT SUM(k) FROM sbtest5 WHERE id BETWEEN 2227822 AND 2227831
	Aggregate  (cost=39.86..39.87 rows=1 width=8)
	  ->  Index Scan using sbtest5_pkey on sbtest5  (cost=0.43..39.84 rows=9 width=4)
	        Index Cond: ((id >= 2227822) AND (id <= 2227831))

table 6 : explain SELECT SUM(k) FROM sbtest6 WHERE id BETWEEN 106317 AND 106326
	Aggregate  (cost=39.93..39.94 rows=1 width=8)
	  ->  Index Scan using sbtest6_pkey on sbtest6  (cost=0.43..39.91 rows=9 width=4)
	        Index Cond: ((id >= 106317) AND (id <= 106326))

table 7 : explain SELECT SUM(k) FROM sbtest7 WHERE id BETWEEN 2079265 AND 2079274
	Aggregate  (cost=39.93..39.94 rows=1 width=8)
	  ->  Index Scan using sbtest7_pkey on sbtest7  (cost=0.43..39.91 rows=9 width=4)
	        Index Cond: ((id >= 2079265) AND (id <= 2079274))

table 8 : explain SELECT SUM(k) FROM sbtest8 WHERE id BETWEEN 192301 AND 192310
	Aggregate  (cost=47.82..47.83 rows=1 width=8)
	  ->  Index Scan using sbtest8_pkey on sbtest8  (cost=0.43..47.79 rows=11 width=4)
	        Index Cond: ((id >= 192301) AND (id <= 192310))

for: order_ranges
table 1 : explain SELECT c FROM sbtest1 WHERE id BETWEEN 6682403 AND 6682412 ORDER BY c
	Sort  (cost=48.01..48.03 rows=11 width=121)
	  Sort Key: c
	  ->  Index Scan using sbtest1_pkey on sbtest1  (cost=0.43..47.82 rows=11 width=121)
	        Index Cond: ((id >= 6682403) AND (id <= 6682412))

table 2 : explain SELECT c FROM sbtest2 WHERE id BETWEEN 2044953 AND 2044962 ORDER BY c
	Sort  (cost=40.15..40.18 rows=9 width=121)
	  Sort Key: c
	  ->  Index Scan using sbtest2_pkey on sbtest2  (cost=0.43..40.01 rows=9 width=121)
	        Index Cond: ((id >= 2044953) AND (id <= 2044962))

table 3 : explain SELECT c FROM sbtest3 WHERE id BETWEEN 7832235 AND 7832244 ORDER BY c
	Sort  (cost=47.96..47.98 rows=11 width=121)
	  Sort Key: c
	  ->  Index Scan using sbtest3_pkey on sbtest3  (cost=0.43..47.77 rows=11 width=121)
	        Index Cond: ((id >= 7832235) AND (id <= 7832244))

table 4 : explain SELECT c FROM sbtest4 WHERE id BETWEEN 6527648 AND 6527657 ORDER BY c
	Sort  (cost=43.97..44.00 rows=10 width=121)
	  Sort Key: c
	  ->  Index Scan using sbtest4_pkey on sbtest4  (cost=0.43..43.81 rows=10 width=121)
	        Index Cond: ((id >= 6527648) AND (id <= 6527657))

table 5 : explain SELECT c FROM sbtest5 WHERE id BETWEEN 7443423 AND 7443432 ORDER BY c
	Sort  (cost=47.87..47.90 rows=11 width=121)
	  Sort Key: c
	  ->  Index Scan using sbtest5_pkey on sbtest5  (cost=0.43..47.68 rows=11 width=121)
	        Index Cond: ((id >= 7443423) AND (id <= 7443432))

table 6 : explain SELECT c FROM sbtest6 WHERE id BETWEEN 5405246 AND 5405255 ORDER BY c
	Sort  (cost=44.01..44.03 rows=10 width=121)
	  Sort Key: c
	  ->  Index Scan using sbtest6_pkey on sbtest6  (cost=0.43..43.84 rows=10 width=121)
	        Index Cond: ((id >= 5405246) AND (id <= 5405255))

table 7 : explain SELECT c FROM sbtest7 WHERE id BETWEEN 3152092 AND 3152101 ORDER BY c
	Sort  (cost=44.00..44.03 rows=10 width=121)
	  Sort Key: c
	  ->  Index Scan using sbtest7_pkey on sbtest7  (cost=0.43..43.84 rows=10 width=121)
	        Index Cond: ((id >= 3152092) AND (id <= 3152101))

table 8 : explain SELECT c FROM sbtest8 WHERE id BETWEEN 474587 AND 474596 ORDER BY c
	Sort  (cost=44.02..44.05 rows=10 width=121)
	  Sort Key: c
	  ->  Index Scan using sbtest8_pkey on sbtest8  (cost=0.43..43.86 rows=10 width=121)
	        Index Cond: ((id >= 474587) AND (id <= 474596))

for: sum_ranges
table 1 : explain SELECT SUM(k) FROM sbtest1 WHERE id BETWEEN 3618963 AND 3618972
	Aggregate  (cost=43.90..43.91 rows=1 width=8)
	  ->  Index Scan using sbtest1_pkey on sbtest1  (cost=0.43..43.88 rows=10 width=4)
	        Index Cond: ((id >= 3618963) AND (id <= 3618972))

table 2 : explain SELECT SUM(k) FROM sbtest2 WHERE id BETWEEN 783117 AND 783126
	Aggregate  (cost=43.98..43.99 rows=1 width=8)
	  ->  Index Scan using sbtest2_pkey on sbtest2  (cost=0.43..43.96 rows=10 width=4)
	        Index Cond: ((id >= 783117) AND (id <= 783126))

table 3 : explain SELECT SUM(k) FROM sbtest3 WHERE id BETWEEN 6881805 AND 6881814
	Aggregate  (cost=43.86..43.87 rows=1 width=8)
	  ->  Index Scan using sbtest3_pkey on sbtest3  (cost=0.43..43.83 rows=10 width=4)
	        Index Cond: ((id >= 6881805) AND (id <= 6881814))

table 4 : explain SELECT SUM(k) FROM sbtest4 WHERE id BETWEEN 8434202 AND 8434211
	Aggregate  (cost=43.83..43.84 rows=1 width=8)
	  ->  Index Scan using sbtest4_pkey on sbtest4  (cost=0.43..43.81 rows=10 width=4)
	        Index Cond: ((id >= 8434202) AND (id <= 8434211))

table 5 : explain SELECT SUM(k) FROM sbtest5 WHERE id BETWEEN 3413272 AND 3413281
	Aggregate  (cost=43.79..43.80 rows=1 width=8)
	  ->  Index Scan using sbtest5_pkey on sbtest5  (cost=0.43..43.76 rows=10 width=4)
	        Index Cond: ((id >= 3413272) AND (id <= 3413281))

table 6 : explain SELECT SUM(k) FROM sbtest6 WHERE id BETWEEN 3662656 AND 3662665
	Aggregate  (cost=43.87..43.88 rows=1 width=8)
	  ->  Index Scan using sbtest6_pkey on sbtest6  (cost=0.43..43.84 rows=10 width=4)
	        Index Cond: ((id >= 3662656) AND (id <= 3662665))

table 7 : explain SELECT SUM(k) FROM sbtest7 WHERE id BETWEEN 1998322 AND 1998331
	Aggregate  (cost=43.86..43.87 rows=1 width=8)
	  ->  Index Scan using sbtest7_pkey on sbtest7  (cost=0.43..43.84 rows=10 width=4)
	        Index Cond: ((id >= 1998322) AND (id <= 1998331))

table 8 : explain SELECT SUM(k) FROM sbtest8 WHERE id BETWEEN 8926980 AND 8926989
	Aggregate  (cost=47.82..47.83 rows=1 width=8)
	  ->  Index Scan using sbtest8_pkey on sbtest8  (cost=0.43..47.79 rows=11 width=4)
	        Index Cond: ((id >= 8926980) AND (id <= 8926989))

for: order_ranges
table 1 : explain SELECT c FROM sbtest1 WHERE id BETWEEN 1963812 AND 1963821 ORDER BY c
	Sort  (cost=44.05..44.07 rows=10 width=121)
	  Sort Key: c
	  ->  Index Scan using sbtest1_pkey on sbtest1  (cost=0.43..43.88 rows=10 width=121)
	        Index Cond: ((id >= 1963812) AND (id <= 1963821))

table 2 : explain SELECT c FROM sbtest2 WHERE id BETWEEN 6402560 AND 6402569 ORDER BY c
	Sort  (cost=44.12..44.15 rows=10 width=121)
	  Sort Key: c
	  ->  Index Scan using sbtest2_pkey on sbtest2  (cost=0.43..43.96 rows=10 width=121)
	        Index Cond: ((id >= 6402560) AND (id <= 6402569))

table 3 : explain SELECT c FROM sbtest3 WHERE id BETWEEN 5930633 AND 5930642 ORDER BY c
	Sort  (cost=44.00..44.03 rows=10 width=121)
	  Sort Key: c
	  ->  Index Scan using sbtest3_pkey on sbtest3  (cost=0.43..43.83 rows=10 width=121)
	        Index Cond: ((id >= 5930633) AND (id <= 5930642))

table 4 : explain SELECT c FROM sbtest4 WHERE id BETWEEN 3433454 AND 3433463 ORDER BY c
	Sort  (cost=43.97..44.00 rows=10 width=121)
	  Sort Key: c
	  ->  Index Scan using sbtest4_pkey on sbtest4  (cost=0.43..43.81 rows=10 width=121)
	        Index Cond: ((id >= 3433454) AND (id <= 3433463))

table 5 : explain SELECT c FROM sbtest5 WHERE id BETWEEN 4513556 AND 4513565 ORDER BY c
	Sort  (cost=43.93..43.95 rows=10 width=121)
	  Sort Key: c
	  ->  Index Scan using sbtest5_pkey on sbtest5  (cost=0.43..43.76 rows=10 width=121)
	        Index Cond: ((id >= 4513556) AND (id <= 4513565))

table 6 : explain SELECT c FROM sbtest6 WHERE id BETWEEN 1135544 AND 1135553 ORDER BY c
	Sort  (cost=44.01..44.03 rows=10 width=121)
	  Sort Key: c
	  ->  Index Scan using sbtest6_pkey on sbtest6  (cost=0.43..43.84 rows=10 width=121)
	        Index Cond: ((id >= 1135544) AND (id <= 1135553))

table 7 : explain SELECT c FROM sbtest7 WHERE id BETWEEN 7463169 AND 7463178 ORDER BY c
	Sort  (cost=44.00..44.03 rows=10 width=121)
	  Sort Key: c
	  ->  Index Scan using sbtest7_pkey on sbtest7  (cost=0.43..43.84 rows=10 width=121)
	        Index Cond: ((id >= 7463169) AND (id <= 7463178))

table 8 : explain SELECT c FROM sbtest8 WHERE id BETWEEN 7889445 AND 7889454 ORDER BY c
	Sort  (cost=40.07..40.09 rows=9 width=121)
	  Sort Key: c
	  ->  Index Scan using sbtest8_pkey on sbtest8  (cost=0.43..39.92 rows=9 width=121)
	        Index Cond: ((id >= 7889445) AND (id <= 7889454))

for: order_ranges
table 1 : explain SELECT c FROM sbtest1 WHERE id BETWEEN 4235166 AND 4235175 ORDER BY c
	Sort  (cost=44.05..44.07 rows=10 width=121)
	  Sort Key: c
	  ->  Index Scan using sbtest1_pkey on sbtest1  (cost=0.43..43.88 rows=10 width=121)
	        Index Cond: ((id >= 4235166) AND (id <= 4235175))

table 2 : explain SELECT c FROM sbtest2 WHERE id BETWEEN 3851404 AND 3851413 ORDER BY c
	Sort  (cost=48.09..48.12 rows=11 width=121)
	  Sort Key: c
	  ->  Index Scan using sbtest2_pkey on sbtest2  (cost=0.43..47.90 rows=11 width=121)
	        Index Cond: ((id >= 3851404) AND (id <= 3851413))

table 3 : explain SELECT c FROM sbtest3 WHERE id BETWEEN 6846755 AND 6846764 ORDER BY c
	Sort  (cost=44.00..44.03 rows=10 width=121)
	  Sort Key: c
	  ->  Index Scan using sbtest3_pkey on sbtest3  (cost=0.43..43.83 rows=10 width=121)
	        Index Cond: ((id >= 6846755) AND (id <= 6846764))

table 4 : explain SELECT c FROM sbtest4 WHERE id BETWEEN 6135939 AND 6135948 ORDER BY c
	Sort  (cost=43.97..44.00 rows=10 width=121)
	  Sort Key: c
	  ->  Index Scan using sbtest4_pkey on sbtest4  (cost=0.43..43.81 rows=10 width=121)
	        Index Cond: ((id >= 6135939) AND (id <= 6135948))

table 5 : explain SELECT c FROM sbtest5 WHERE id BETWEEN 7525866 AND 7525875 ORDER BY c
	Sort  (cost=43.93..43.95 rows=10 width=121)
	  Sort Key: c
	  ->  Index Scan using sbtest5_pkey on sbtest5  (cost=0.43..43.76 rows=10 width=121)
	        Index Cond: ((id >= 7525866) AND (id <= 7525875))

table 6 : explain SELECT c FROM sbtest6 WHERE id BETWEEN 9000712 AND 9000721 ORDER BY c
	Sort  (cost=44.01..44.03 rows=10 width=121)
	  Sort Key: c
	  ->  Index Scan using sbtest6_pkey on sbtest6  (cost=0.43..43.84 rows=10 width=121)
	        Index Cond: ((id >= 9000712) AND (id <= 9000721))

table 7 : explain SELECT c FROM sbtest7 WHERE id BETWEEN 9955355 AND 9955364 ORDER BY c
	Sort  (cost=44.00..44.03 rows=10 width=121)
	  Sort Key: c
	  ->  Index Scan using sbtest7_pkey on sbtest7  (cost=0.43..43.84 rows=10 width=121)
	        Index Cond: ((id >= 9955355) AND (id <= 9955364))

table 8 : explain SELECT c FROM sbtest8 WHERE id BETWEEN 6348270 AND 6348279 ORDER BY c
	Sort  (cost=44.02..44.05 rows=10 width=121)
	  Sort Key: c
	  ->  Index Scan using sbtest8_pkey on sbtest8  (cost=0.43..43.86 rows=10 width=121)
	        Index Cond: ((id >= 6348270) AND (id <= 6348279))

for: order_ranges
table 1 : explain SELECT c FROM sbtest1 WHERE id BETWEEN 2335997 AND 2336006 ORDER BY c
	Sort  (cost=44.05..44.07 rows=10 width=121)
	  Sort Key: c
	  ->  Index Scan using sbtest1_pkey on sbtest1  (cost=0.43..43.88 rows=10 width=121)
	        Index Cond: ((id >= 2335997) AND (id <= 2336006))

table 2 : explain SELECT c FROM sbtest2 WHERE id BETWEEN 8650420 AND 8650429 ORDER BY c
	Sort  (cost=44.12..44.15 rows=10 width=121)
	  Sort Key: c
	  ->  Index Scan using sbtest2_pkey on sbtest2  (cost=0.43..43.96 rows=10 width=121)
	        Index Cond: ((id >= 8650420) AND (id <= 8650429))

table 3 : explain SELECT c FROM sbtest3 WHERE id BETWEEN 4328547 AND 4328556 ORDER BY c
	Sort  (cost=44.00..44.03 rows=10 width=121)
	  Sort Key: c
	  ->  Index Scan using sbtest3_pkey on sbtest3  (cost=0.43..43.83 rows=10 width=121)
	        Index Cond: ((id >= 4328547) AND (id <= 4328556))

table 4 : explain SELECT c FROM sbtest4 WHERE id BETWEEN 175131 AND 175140 ORDER BY c
	Sort  (cost=43.97..44.00 rows=10 width=121)
	  Sort Key: c
	  ->  Index Scan using sbtest4_pkey on sbtest4  (cost=0.43..43.81 rows=10 width=121)
	        Index Cond: ((id >= 175131) AND (id <= 175140))

table 5 : explain SELECT c FROM sbtest5 WHERE id BETWEEN 7610624 AND 7610633 ORDER BY c
	Sort  (cost=43.93..43.95 rows=10 width=121)
	  Sort Key: c
	  ->  Index Scan using sbtest5_pkey on sbtest5  (cost=0.43..43.76 rows=10 width=121)
	        Index Cond: ((id >= 7610624) AND (id <= 7610633))

table 6 : explain SELECT c FROM sbtest6 WHERE id BETWEEN 7507317 AND 7507326 ORDER BY c
	Sort  (cost=44.01..44.03 rows=10 width=121)
	  Sort Key: c
	  ->  Index Scan using sbtest6_pkey on sbtest6  (cost=0.43..43.84 rows=10 width=121)
	        Index Cond: ((id >= 7507317) AND (id <= 7507326))

table 7 : explain SELECT c FROM sbtest7 WHERE id BETWEEN 4456292 AND 4456301 ORDER BY c
	Sort  (cost=47.96..47.99 rows=11 width=121)
	  Sort Key: c
	  ->  Index Scan using sbtest7_pkey on sbtest7  (cost=0.43..47.77 rows=11 width=121)
	        Index Cond: ((id >= 4456292) AND (id <= 4456301))

table 8 : explain SELECT c FROM sbtest8 WHERE id BETWEEN 699411 AND 699420 ORDER BY c
	Sort  (cost=44.02..44.05 rows=10 width=121)
	  Sort Key: c
	  ->  Index Scan using sbtest8_pkey on sbtest8  (cost=0.43..43.86 rows=10 width=121)
	        Index Cond: ((id >= 699411) AND (id <= 699420))

for: sum_ranges
table 1 : explain SELECT SUM(k) FROM sbtest1 WHERE id BETWEEN 2875705 AND 2875714
	Aggregate  (cost=47.84..47.85 rows=1 width=8)
	  ->  Index Scan using sbtest1_pkey on sbtest1  (cost=0.43..47.82 rows=11 width=4)
	        Index Cond: ((id >= 2875705) AND (id <= 2875714))

table 2 : explain SELECT SUM(k) FROM sbtest2 WHERE id BETWEEN 1908439 AND 1908448
	Aggregate  (cost=43.98..43.99 rows=1 width=8)
	  ->  Index Scan using sbtest2_pkey on sbtest2  (cost=0.43..43.96 rows=10 width=4)
	        Index Cond: ((id >= 1908439) AND (id <= 1908448))

table 3 : explain SELECT SUM(k) FROM sbtest3 WHERE id BETWEEN 9580083 AND 9580092
	Aggregate  (cost=43.86..43.87 rows=1 width=8)
	  ->  Index Scan using sbtest3_pkey on sbtest3  (cost=0.43..43.83 rows=10 width=4)
	        Index Cond: ((id >= 9580083) AND (id <= 9580092))

table 4 : explain SELECT SUM(k) FROM sbtest4 WHERE id BETWEEN 6879972 AND 6879981
	Aggregate  (cost=39.90..39.91 rows=1 width=8)
	  ->  Index Scan using sbtest4_pkey on sbtest4  (cost=0.43..39.88 rows=9 width=4)
	        Index Cond: ((id >= 6879972) AND (id <= 6879981))

table 5 : explain SELECT SUM(k) FROM sbtest5 WHERE id BETWEEN 4475624 AND 4475633
	Aggregate  (cost=43.79..43.80 rows=1 width=8)
	  ->  Index Scan using sbtest5_pkey on sbtest5  (cost=0.43..43.76 rows=10 width=4)
	        Index Cond: ((id >= 4475624) AND (id <= 4475633))

table 6 : explain SELECT SUM(k) FROM sbtest6 WHERE id BETWEEN 4441801 AND 4441810
	Aggregate  (cost=47.80..47.81 rows=1 width=8)
	  ->  Index Scan using sbtest6_pkey on sbtest6  (cost=0.43..47.77 rows=11 width=4)
	        Index Cond: ((id >= 4441801) AND (id <= 4441810))

table 7 : explain SELECT SUM(k) FROM sbtest7 WHERE id BETWEEN 8862769 AND 8862778
	Aggregate  (cost=43.86..43.87 rows=1 width=8)
	  ->  Index Scan using sbtest7_pkey on sbtest7  (cost=0.43..43.84 rows=10 width=4)
	        Index Cond: ((id >= 8862769) AND (id <= 8862778))

table 8 : explain SELECT SUM(k) FROM sbtest8 WHERE id BETWEEN 4152031 AND 4152040
	Aggregate  (cost=43.88..43.89 rows=1 width=8)
	  ->  Index Scan using sbtest8_pkey on sbtest8  (cost=0.43..43.86 rows=10 width=4)
	        Index Cond: ((id >= 4152031) AND (id <= 4152040))

for: order_ranges
table 1 : explain SELECT c FROM sbtest1 WHERE id BETWEEN 7045039 AND 7045048 ORDER BY c
	Sort  (cost=48.01..48.03 rows=11 width=121)
	  Sort Key: c
	  ->  Index Scan using sbtest1_pkey on sbtest1  (cost=0.43..47.82 rows=11 width=121)
	        Index Cond: ((id >= 7045039) AND (id <= 7045048))

table 2 : explain SELECT c FROM sbtest2 WHERE id BETWEEN 7291033 AND 7291042 ORDER BY c
	Sort  (cost=48.09..48.12 rows=11 width=121)
	  Sort Key: c
	  ->  Index Scan using sbtest2_pkey on sbtest2  (cost=0.43..47.90 rows=11 width=121)
	        Index Cond: ((id >= 7291033) AND (id <= 7291042))

table 3 : explain SELECT c FROM sbtest3 WHERE id BETWEEN 108500 AND 108509 ORDER BY c
	Sort  (cost=44.00..44.03 rows=10 width=121)
	  Sort Key: c
	  ->  Index Scan using sbtest3_pkey on sbtest3  (cost=0.43..43.83 rows=10 width=121)
	        Index Cond: ((id >= 108500) AND (id <= 108509))

table 4 : explain SELECT c FROM sbtest4 WHERE id BETWEEN 6384970 AND 6384979 ORDER BY c
	Sort  (cost=43.97..44.00 rows=10 width=121)
	  Sort Key: c
	  ->  Index Scan using sbtest4_pkey on sbtest4  (cost=0.43..43.81 rows=10 width=121)
	        Index Cond: ((id >= 6384970) AND (id <= 6384979))

table 5 : explain SELECT c FROM sbtest5 WHERE id BETWEEN 8035873 AND 8035882 ORDER BY c
	Sort  (cost=39.98..40.00 rows=9 width=121)
	  Sort Key: c
	  ->  Index Scan using sbtest5_pkey on sbtest5  (cost=0.43..39.84 rows=9 width=121)
	        Index Cond: ((id >= 8035873) AND (id <= 8035882))

table 6 : explain SELECT c FROM sbtest6 WHERE id BETWEEN 9768444 AND 9768453 ORDER BY c
	Sort  (cost=44.01..44.03 rows=10 width=121)
	  Sort Key: c
	  ->  Index Scan using sbtest6_pkey on sbtest6  (cost=0.43..43.84 rows=10 width=121)
	        Index Cond: ((id >= 9768444) AND (id <= 9768453))

table 7 : explain SELECT c FROM sbtest7 WHERE id BETWEEN 7134950 AND 7134959 ORDER BY c
	Sort  (cost=44.00..44.03 rows=10 width=121)
	  Sort Key: c
	  ->  Index Scan using sbtest7_pkey on sbtest7  (cost=0.43..43.84 rows=10 width=121)
	        Index Cond: ((id >= 7134950) AND (id <= 7134959))

table 8 : explain SELECT c FROM sbtest8 WHERE id BETWEEN 1690625 AND 1690634 ORDER BY c
	Sort  (cost=40.07..40.09 rows=9 width=121)
	  Sort Key: c
	  ->  Index Scan using sbtest8_pkey on sbtest8  (cost=0.43..39.92 rows=9 width=121)
	        Index Cond: ((id >= 1690625) AND (id <= 1690634))

for: simple_ranges
table 1 : explain SELECT c FROM sbtest1 WHERE id BETWEEN 2073811 AND 2073820
	Index Scan using sbtest1_pkey on sbtest1  (cost=0.43..43.88 rows=10 width=121)
	  Index Cond: ((id >= 2073811) AND (id <= 2073820))

table 2 : explain SELECT c FROM sbtest2 WHERE id BETWEEN 4863192 AND 4863201
	Index Scan using sbtest2_pkey on sbtest2  (cost=0.43..47.90 rows=11 width=121)
	  Index Cond: ((id >= 4863192) AND (id <= 4863201))

table 3 : explain SELECT c FROM sbtest3 WHERE id BETWEEN 5507993 AND 5508002
	Index Scan using sbtest3_pkey on sbtest3  (cost=0.43..43.83 rows=10 width=121)
	  Index Cond: ((id >= 5507993) AND (id <= 5508002))

table 4 : explain SELECT c FROM sbtest4 WHERE id BETWEEN 8655680 AND 8655689
	Index Scan using sbtest4_pkey on sbtest4  (cost=0.43..43.81 rows=10 width=121)
	  Index Cond: ((id >= 8655680) AND (id <= 8655689))

table 5 : explain SELECT c FROM sbtest5 WHERE id BETWEEN 5498565 AND 5498574
	Index Scan using sbtest5_pkey on sbtest5  (cost=0.43..39.84 rows=9 width=121)
	  Index Cond: ((id >= 5498565) AND (id <= 5498574))

table 6 : explain SELECT c FROM sbtest6 WHERE id BETWEEN 5156383 AND 5156392
	Index Scan using sbtest6_pkey on sbtest6  (cost=0.43..43.84 rows=10 width=121)
	  Index Cond: ((id >= 5156383) AND (id <= 5156392))

table 7 : explain SELECT c FROM sbtest7 WHERE id BETWEEN 5237740 AND 5237749
	Index Scan using sbtest7_pkey on sbtest7  (cost=0.43..39.91 rows=9 width=121)
	  Index Cond: ((id >= 5237740) AND (id <= 5237749))

table 8 : explain SELECT c FROM sbtest8 WHERE id BETWEEN 3197955 AND 3197964
	Index Scan using sbtest8_pkey on sbtest8  (cost=0.43..43.86 rows=10 width=121)
	  Index Cond: ((id >= 3197955) AND (id <= 3197964))

for: sum_ranges
table 1 : explain SELECT SUM(k) FROM sbtest1 WHERE id BETWEEN 7072281 AND 7072290
	Aggregate  (cost=47.84..47.85 rows=1 width=8)
	  ->  Index Scan using sbtest1_pkey on sbtest1  (cost=0.43..47.82 rows=11 width=4)
	        Index Cond: ((id >= 7072281) AND (id <= 7072290))

table 2 : explain SELECT SUM(k) FROM sbtest2 WHERE id BETWEEN 1931379 AND 1931388
	Aggregate  (cost=43.98..43.99 rows=1 width=8)
	  ->  Index Scan using sbtest2_pkey on sbtest2  (cost=0.43..43.96 rows=10 width=4)
	        Index Cond: ((id >= 1931379) AND (id <= 1931388))

table 3 : explain SELECT SUM(k) FROM sbtest3 WHERE id BETWEEN 2273126 AND 2273135
	Aggregate  (cost=43.86..43.87 rows=1 width=8)
	  ->  Index Scan using sbtest3_pkey on sbtest3  (cost=0.43..43.83 rows=10 width=4)
	        Index Cond: ((id >= 2273126) AND (id <= 2273135))

table 4 : explain SELECT SUM(k) FROM sbtest4 WHERE id BETWEEN 1980395 AND 1980404
	Aggregate  (cost=47.76..47.77 rows=1 width=8)
	  ->  Index Scan using sbtest4_pkey on sbtest4  (cost=0.43..47.73 rows=11 width=4)
	        Index Cond: ((id >= 1980395) AND (id <= 1980404))

table 5 : explain SELECT SUM(k) FROM sbtest5 WHERE id BETWEEN 9392591 AND 9392600
	Aggregate  (cost=43.79..43.80 rows=1 width=8)
	  ->  Index Scan using sbtest5_pkey on sbtest5  (cost=0.43..43.76 rows=10 width=4)
	        Index Cond: ((id >= 9392591) AND (id <= 9392600))

table 6 : explain SELECT SUM(k) FROM sbtest6 WHERE id BETWEEN 7534690 AND 7534699
	Aggregate  (cost=43.87..43.88 rows=1 width=8)
	  ->  Index Scan using sbtest6_pkey on sbtest6  (cost=0.43..43.84 rows=10 width=4)
	        Index Cond: ((id >= 7534690) AND (id <= 7534699))

table 7 : explain SELECT SUM(k) FROM sbtest7 WHERE id BETWEEN 2846350 AND 2846359
	Aggregate  (cost=43.86..43.87 rows=1 width=8)
	  ->  Index Scan using sbtest7_pkey on sbtest7  (cost=0.43..43.84 rows=10 width=4)
	        Index Cond: ((id >= 2846350) AND (id <= 2846359))

table 8 : explain SELECT SUM(k) FROM sbtest8 WHERE id BETWEEN 5288609 AND 5288618
	Aggregate  (cost=43.88..43.89 rows=1 width=8)
	  ->  Index Scan using sbtest8_pkey on sbtest8  (cost=0.43..43.86 rows=10 width=4)
	        Index Cond: ((id >= 5288609) AND (id <= 5288618))

for: order_ranges
table 1 : explain SELECT c FROM sbtest1 WHERE id BETWEEN 8156539 AND 8156548 ORDER BY c
	Sort  (cost=44.05..44.07 rows=10 width=121)
	  Sort Key: c
	  ->  Index Scan using sbtest1_pkey on sbtest1  (cost=0.43..43.88 rows=10 width=121)
	        Index Cond: ((id >= 8156539) AND (id <= 8156548))

table 2 : explain SELECT c FROM sbtest2 WHERE id BETWEEN 3461649 AND 3461658 ORDER BY c
	Sort  (cost=48.09..48.12 rows=11 width=121)
	  Sort Key: c
	  ->  Index Scan using sbtest2_pkey on sbtest2  (cost=0.43..47.90 rows=11 width=121)
	        Index Cond: ((id >= 3461649) AND (id <= 3461658))

table 3 : explain SELECT c FROM sbtest3 WHERE id BETWEEN 1365165 AND 1365174 ORDER BY c
	Sort  (cost=40.05..40.07 rows=9 width=121)
	  Sort Key: c
	  ->  Index Scan using sbtest3_pkey on sbtest3  (cost=0.43..39.90 rows=9 width=121)
	        Index Cond: ((id >= 1365165) AND (id <= 1365174))

table 4 : explain SELECT c FROM sbtest4 WHERE id BETWEEN 9601853 AND 9601862 ORDER BY c
	Sort  (cost=43.97..44.00 rows=10 width=121)
	  Sort Key: c
	  ->  Index Scan using sbtest4_pkey on sbtest4  (cost=0.43..43.81 rows=10 width=121)
	        Index Cond: ((id >= 9601853) AND (id <= 9601862))

table 5 : explain SELECT c FROM sbtest5 WHERE id BETWEEN 4674677 AND 4674686 ORDER BY c
	Sort  (cost=43.93..43.95 rows=10 width=121)
	  Sort Key: c
	  ->  Index Scan using sbtest5_pkey on sbtest5  (cost=0.43..43.76 rows=10 width=121)
	        Index Cond: ((id >= 4674677) AND (id <= 4674686))

table 6 : explain SELECT c FROM sbtest6 WHERE id BETWEEN 2893236 AND 2893245 ORDER BY c
	Sort  (cost=44.01..44.03 rows=10 width=121)
	  Sort Key: c
	  ->  Index Scan using sbtest6_pkey on sbtest6  (cost=0.43..43.84 rows=10 width=121)
	        Index Cond: ((id >= 2893236) AND (id <= 2893245))

table 7 : explain SELECT c FROM sbtest7 WHERE id BETWEEN 2476553 AND 2476562 ORDER BY c
	Sort  (cost=44.00..44.03 rows=10 width=121)
	  Sort Key: c
	  ->  Index Scan using sbtest7_pkey on sbtest7  (cost=0.43..43.84 rows=10 width=121)
	        Index Cond: ((id >= 2476553) AND (id <= 2476562))

table 8 : explain SELECT c FROM sbtest8 WHERE id BETWEEN 3607054 AND 3607063 ORDER BY c
	Sort  (cost=44.02..44.05 rows=10 width=121)
	  Sort Key: c
	  ->  Index Scan using sbtest8_pkey on sbtest8  (cost=0.43..43.86 rows=10 width=121)
	        Index Cond: ((id >= 3607054) AND (id <= 3607063))

for: sum_ranges
table 1 : explain SELECT SUM(k) FROM sbtest1 WHERE id BETWEEN 9990660 AND 9990669
	Aggregate  (cost=43.90..43.91 rows=1 width=8)
	  ->  Index Scan using sbtest1_pkey on sbtest1  (cost=0.43..43.88 rows=10 width=4)
	        Index Cond: ((id >= 9990660) AND (id <= 9990669))

table 2 : explain SELECT SUM(k) FROM sbtest2 WHERE id BETWEEN 3570451 AND 3570460
	Aggregate  (cost=43.98..43.99 rows=1 width=8)
	  ->  Index Scan using sbtest2_pkey on sbtest2  (cost=0.43..43.96 rows=10 width=4)
	        Index Cond: ((id >= 3570451) AND (id <= 3570460))

table 3 : explain SELECT SUM(k) FROM sbtest3 WHERE id BETWEEN 7782015 AND 7782024
	Aggregate  (cost=47.79..47.80 rows=1 width=8)
	  ->  Index Scan using sbtest3_pkey on sbtest3  (cost=0.43..47.77 rows=11 width=4)
	        Index Cond: ((id >= 7782015) AND (id <= 7782024))

table 4 : explain SELECT SUM(k) FROM sbtest4 WHERE id BETWEEN 5274672 AND 5274681
	Aggregate  (cost=43.83..43.84 rows=1 width=8)
	  ->  Index Scan using sbtest4_pkey on sbtest4  (cost=0.43..43.81 rows=10 width=4)
	        Index Cond: ((id >= 5274672) AND (id <= 5274681))

table 5 : explain SELECT SUM(k) FROM sbtest5 WHERE id BETWEEN 9354537 AND 9354546
	Aggregate  (cost=43.79..43.80 rows=1 width=8)
	  ->  Index Scan using sbtest5_pkey on sbtest5  (cost=0.43..43.76 rows=10 width=4)
	        Index Cond: ((id >= 9354537) AND (id <= 9354546))

table 6 : explain SELECT SUM(k) FROM sbtest6 WHERE id BETWEEN 1571306 AND 1571315
	Aggregate  (cost=47.80..47.81 rows=1 width=8)
	  ->  Index Scan using sbtest6_pkey on sbtest6  (cost=0.43..47.77 rows=11 width=4)
	        Index Cond: ((id >= 1571306) AND (id <= 1571315))

table 7 : explain SELECT SUM(k) FROM sbtest7 WHERE id BETWEEN 9317641 AND 9317650
	Aggregate  (cost=39.93..39.94 rows=1 width=8)
	  ->  Index Scan using sbtest7_pkey on sbtest7  (cost=0.43..39.91 rows=9 width=4)
	        Index Cond: ((id >= 9317641) AND (id <= 9317650))

table 8 : explain SELECT SUM(k) FROM sbtest8 WHERE id BETWEEN 9652060 AND 9652069
	Aggregate  (cost=43.88..43.89 rows=1 width=8)
	  ->  Index Scan using sbtest8_pkey on sbtest8  (cost=0.43..43.86 rows=10 width=4)
	        Index Cond: ((id >= 9652060) AND (id <= 9652069))

for: order_ranges
table 1 : explain SELECT c FROM sbtest1 WHERE id BETWEEN 8974605 AND 8974614 ORDER BY c
	Sort  (cost=44.05..44.07 rows=10 width=121)
	  Sort Key: c
	  ->  Index Scan using sbtest1_pkey on sbtest1  (cost=0.43..43.88 rows=10 width=121)
	        Index Cond: ((id >= 8974605) AND (id <= 8974614))

table 2 : explain SELECT c FROM sbtest2 WHERE id BETWEEN 8345931 AND 8345940 ORDER BY c
	Sort  (cost=44.12..44.15 rows=10 width=121)
	  Sort Key: c
	  ->  Index Scan using sbtest2_pkey on sbtest2  (cost=0.43..43.96 rows=10 width=121)
	        Index Cond: ((id >= 8345931) AND (id <= 8345940))

table 3 : explain SELECT c FROM sbtest3 WHERE id BETWEEN 4512254 AND 4512263 ORDER BY c
	Sort  (cost=44.00..44.03 rows=10 width=121)
	  Sort Key: c
	  ->  Index Scan using sbtest3_pkey on sbtest3  (cost=0.43..43.83 rows=10 width=121)
	        Index Cond: ((id >= 4512254) AND (id <= 4512263))

table 4 : explain SELECT c FROM sbtest4 WHERE id BETWEEN 9272664 AND 9272673 ORDER BY c
	Sort  (cost=43.97..44.00 rows=10 width=121)
	  Sort Key: c
	  ->  Index Scan using sbtest4_pkey on sbtest4  (cost=0.43..43.81 rows=10 width=121)
	        Index Cond: ((id >= 9272664) AND (id <= 9272673))

table 5 : explain SELECT c FROM sbtest5 WHERE id BETWEEN 8017231 AND 8017240 ORDER BY c
	Sort  (cost=39.98..40.00 rows=9 width=121)
	  Sort Key: c
	  ->  Index Scan using sbtest5_pkey on sbtest5  (cost=0.43..39.84 rows=9 width=121)
	        Index Cond: ((id >= 8017231) AND (id <= 8017240))

table 6 : explain SELECT c FROM sbtest6 WHERE id BETWEEN 7481852 AND 7481861 ORDER BY c
	Sort  (cost=44.01..44.03 rows=10 width=121)
	  Sort Key: c
	  ->  Index Scan using sbtest6_pkey on sbtest6  (cost=0.43..43.84 rows=10 width=121)
	        Index Cond: ((id >= 7481852) AND (id <= 7481861))

table 7 : explain SELECT c FROM sbtest7 WHERE id BETWEEN 8413759 AND 8413768 ORDER BY c
	Sort  (cost=44.00..44.03 rows=10 width=121)
	  Sort Key: c
	  ->  Index Scan using sbtest7_pkey on sbtest7  (cost=0.43..43.84 rows=10 width=121)
	        Index Cond: ((id >= 8413759) AND (id <= 8413768))

table 8 : explain SELECT c FROM sbtest8 WHERE id BETWEEN 2555422 AND 2555431 ORDER BY c
	Sort  (cost=44.02..44.05 rows=10 width=121)
	  Sort Key: c
	  ->  Index Scan using sbtest8_pkey on sbtest8  (cost=0.43..43.86 rows=10 width=121)
	        Index Cond: ((id >= 2555422) AND (id <= 2555431))

for: sum_ranges
table 1 : explain SELECT SUM(k) FROM sbtest1 WHERE id BETWEEN 8725191 AND 8725200
	Aggregate  (cost=43.90..43.91 rows=1 width=8)
	  ->  Index Scan using sbtest1_pkey on sbtest1  (cost=0.43..43.88 rows=10 width=4)
	        Index Cond: ((id >= 8725191) AND (id <= 8725200))

table 2 : explain SELECT SUM(k) FROM sbtest2 WHERE id BETWEEN 3824109 AND 3824118
	Aggregate  (cost=47.93..47.94 rows=1 width=8)
	  ->  Index Scan using sbtest2_pkey on sbtest2  (cost=0.43..47.90 rows=11 width=4)
	        Index Cond: ((id >= 3824109) AND (id <= 3824118))

table 3 : explain SELECT SUM(k) FROM sbtest3 WHERE id BETWEEN 6634115 AND 6634124
	Aggregate  (cost=39.93..39.94 rows=1 width=8)
	  ->  Index Scan using sbtest3_pkey on sbtest3  (cost=0.43..39.90 rows=9 width=4)
	        Index Cond: ((id >= 6634115) AND (id <= 6634124))

table 4 : explain SELECT SUM(k) FROM sbtest4 WHERE id BETWEEN 2360122 AND 2360131
	Aggregate  (cost=43.83..43.84 rows=1 width=8)
	  ->  Index Scan using sbtest4_pkey on sbtest4  (cost=0.43..43.81 rows=10 width=4)
	        Index Cond: ((id >= 2360122) AND (id <= 2360131))

table 5 : explain SELECT SUM(k) FROM sbtest5 WHERE id BETWEEN 8565156 AND 8565165
	Aggregate  (cost=43.79..43.80 rows=1 width=8)
	  ->  Index Scan using sbtest5_pkey on sbtest5  (cost=0.43..43.76 rows=10 width=4)
	        Index Cond: ((id >= 8565156) AND (id <= 8565165))

table 6 : explain SELECT SUM(k) FROM sbtest6 WHERE id BETWEEN 4230442 AND 4230451
	Aggregate  (cost=47.80..47.81 rows=1 width=8)
	  ->  Index Scan using sbtest6_pkey on sbtest6  (cost=0.43..47.77 rows=11 width=4)
	        Index Cond: ((id >= 4230442) AND (id <= 4230451))

table 7 : explain SELECT SUM(k) FROM sbtest7 WHERE id BETWEEN 1718527 AND 1718536
	Aggregate  (cost=43.86..43.87 rows=1 width=8)
	  ->  Index Scan using sbtest7_pkey on sbtest7  (cost=0.43..43.84 rows=10 width=4)
	        Index Cond: ((id >= 1718527) AND (id <= 1718536))

table 8 : explain SELECT SUM(k) FROM sbtest8 WHERE id BETWEEN 7865014 AND 7865023
	Aggregate  (cost=39.95..39.96 rows=1 width=8)
	  ->  Index Scan using sbtest8_pkey on sbtest8  (cost=0.43..39.92 rows=9 width=4)
	        Index Cond: ((id >= 7865014) AND (id <= 7865023))

for: order_ranges
table 1 : explain SELECT c FROM sbtest1 WHERE id BETWEEN 1527021 AND 1527030 ORDER BY c
	Sort  (cost=40.09..40.11 rows=9 width=121)
	  Sort Key: c
	  ->  Index Scan using sbtest1_pkey on sbtest1  (cost=0.43..39.94 rows=9 width=121)
	        Index Cond: ((id >= 1527021) AND (id <= 1527030))

table 2 : explain SELECT c FROM sbtest2 WHERE id BETWEEN 6397118 AND 6397127 ORDER BY c
	Sort  (cost=44.12..44.15 rows=10 width=121)
	  Sort Key: c
	  ->  Index Scan using sbtest2_pkey on sbtest2  (cost=0.43..43.96 rows=10 width=121)
	        Index Cond: ((id >= 6397118) AND (id <= 6397127))

table 3 : explain SELECT c FROM sbtest3 WHERE id BETWEEN 6416755 AND 6416764 ORDER BY c
	Sort  (cost=44.00..44.03 rows=10 width=121)
	  Sort Key: c
	  ->  Index Scan using sbtest3_pkey on sbtest3  (cost=0.43..43.83 rows=10 width=121)
	        Index Cond: ((id >= 6416755) AND (id <= 6416764))

table 4 : explain SELECT c FROM sbtest4 WHERE id BETWEEN 9762022 AND 9762031 ORDER BY c
	Sort  (cost=43.97..44.00 rows=10 width=121)
	  Sort Key: c
	  ->  Index Scan using sbtest4_pkey on sbtest4  (cost=0.43..43.81 rows=10 width=121)
	        Index Cond: ((id >= 9762022) AND (id <= 9762031))

table 5 : explain SELECT c FROM sbtest5 WHERE id BETWEEN 4559063 AND 4559072 ORDER BY c
	Sort  (cost=39.98..40.00 rows=9 width=121)
	  Sort Key: c
	  ->  Index Scan using sbtest5_pkey on sbtest5  (cost=0.43..39.84 rows=9 width=121)
	        Index Cond: ((id >= 4559063) AND (id <= 4559072))

table 6 : explain SELECT c FROM sbtest6 WHERE id BETWEEN 2862305 AND 2862314 ORDER BY c
	Sort  (cost=44.01..44.03 rows=10 width=121)
	  Sort Key: c
	  ->  Index Scan using sbtest6_pkey on sbtest6  (cost=0.43..43.84 rows=10 width=121)
	        Index Cond: ((id >= 2862305) AND (id <= 2862314))

table 7 : explain SELECT c FROM sbtest7 WHERE id BETWEEN 13040 AND 13049 ORDER BY c
	Sort  (cost=47.96..47.99 rows=11 width=121)
	  Sort Key: c
	  ->  Index Scan using sbtest7_pkey on sbtest7  (cost=0.43..47.77 rows=11 width=121)
	        Index Cond: ((id >= 13040) AND (id <= 13049))

table 8 : explain SELECT c FROM sbtest8 WHERE id BETWEEN 938757 AND 938766 ORDER BY c
	Sort  (cost=44.02..44.05 rows=10 width=121)
	  Sort Key: c
	  ->  Index Scan using sbtest8_pkey on sbtest8  (cost=0.43..43.86 rows=10 width=121)
	        Index Cond: ((id >= 938757) AND (id <= 938766))

for: order_ranges
table 1 : explain SELECT c FROM sbtest1 WHERE id BETWEEN 7892573 AND 7892582 ORDER BY c
	Sort  (cost=44.05..44.07 rows=10 width=121)
	  Sort Key: c
	  ->  Index Scan using sbtest1_pkey on sbtest1  (cost=0.43..43.88 rows=10 width=121)
	        Index Cond: ((id >= 7892573) AND (id <= 7892582))

table 2 : explain SELECT c FROM sbtest2 WHERE id BETWEEN 759410 AND 759419 ORDER BY c
	Sort  (cost=44.12..44.15 rows=10 width=121)
	  Sort Key: c
	  ->  Index Scan using sbtest2_pkey on sbtest2  (cost=0.43..43.96 rows=10 width=121)
	        Index Cond: ((id >= 759410) AND (id <= 759419))

table 3 : explain SELECT c FROM sbtest3 WHERE id BETWEEN 9888284 AND 9888293 ORDER BY c
	Sort  (cost=44.00..44.03 rows=10 width=121)
	  Sort Key: c
	  ->  Index Scan using sbtest3_pkey on sbtest3  (cost=0.43..43.83 rows=10 width=121)
	        Index Cond: ((id >= 9888284) AND (id <= 9888293))

table 4 : explain SELECT c FROM sbtest4 WHERE id BETWEEN 4727048 AND 4727057 ORDER BY c
	Sort  (cost=40.02..40.04 rows=9 width=121)
	  Sort Key: c
	  ->  Index Scan using sbtest4_pkey on sbtest4  (cost=0.43..39.88 rows=9 width=121)
	        Index Cond: ((id >= 4727048) AND (id <= 4727057))

table 5 : explain SELECT c FROM sbtest5 WHERE id BETWEEN 4647104 AND 4647113 ORDER BY c
	Sort  (cost=43.93..43.95 rows=10 width=121)
	  Sort Key: c
	  ->  Index Scan using sbtest5_pkey on sbtest5  (cost=0.43..43.76 rows=10 width=121)
	        Index Cond: ((id >= 4647104) AND (id <= 4647113))

table 6 : explain SELECT c FROM sbtest6 WHERE id BETWEEN 7512715 AND 7512724 ORDER BY c
	Sort  (cost=44.01..44.03 rows=10 width=121)
	  Sort Key: c
	  ->  Index Scan using sbtest6_pkey on sbtest6  (cost=0.43..43.84 rows=10 width=121)
	        Index Cond: ((id >= 7512715) AND (id <= 7512724))

table 7 : explain SELECT c FROM sbtest7 WHERE id BETWEEN 5580311 AND 5580320 ORDER BY c
	Sort  (cost=44.00..44.03 rows=10 width=121)
	  Sort Key: c
	  ->  Index Scan using sbtest7_pkey on sbtest7  (cost=0.43..43.84 rows=10 width=121)
	        Index Cond: ((id >= 5580311) AND (id <= 5580320))

table 8 : explain SELECT c FROM sbtest8 WHERE id BETWEEN 9009317 AND 9009326 ORDER BY c
	Sort  (cost=44.02..44.05 rows=10 width=121)
	  Sort Key: c
	  ->  Index Scan using sbtest8_pkey on sbtest8  (cost=0.43..43.86 rows=10 width=121)
	        Index Cond: ((id >= 9009317) AND (id <= 9009326))

for: order_ranges
table 1 : explain SELECT c FROM sbtest1 WHERE id BETWEEN 8399997 AND 8400006 ORDER BY c
	Sort  (cost=40.09..40.11 rows=9 width=121)
	  Sort Key: c
	  ->  Index Scan using sbtest1_pkey on sbtest1  (cost=0.43..39.94 rows=9 width=121)
	        Index Cond: ((id >= 8399997) AND (id <= 8400006))

table 2 : explain SELECT c FROM sbtest2 WHERE id BETWEEN 289589 AND 289598 ORDER BY c
	Sort  (cost=40.15..40.18 rows=9 width=121)
	  Sort Key: c
	  ->  Index Scan using sbtest2_pkey on sbtest2  (cost=0.43..40.01 rows=9 width=121)
	        Index Cond: ((id >= 289589) AND (id <= 289598))

table 3 : explain SELECT c FROM sbtest3 WHERE id BETWEEN 8050382 AND 8050391 ORDER BY c
	Sort  (cost=44.00..44.03 rows=10 width=121)
	  Sort Key: c
	  ->  Index Scan using sbtest3_pkey on sbtest3  (cost=0.43..43.83 rows=10 width=121)
	        Index Cond: ((id >= 8050382) AND (id <= 8050391))

table 4 : explain SELECT c FROM sbtest4 WHERE id BETWEEN 4930884 AND 4930893 ORDER BY c
	Sort  (cost=43.97..44.00 rows=10 width=121)
	  Sort Key: c
	  ->  Index Scan using sbtest4_pkey on sbtest4  (cost=0.43..43.81 rows=10 width=121)
	        Index Cond: ((id >= 4930884) AND (id <= 4930893))

table 5 : explain SELECT c FROM sbtest5 WHERE id BETWEEN 4460971 AND 4460980 ORDER BY c
	Sort  (cost=43.93..43.95 rows=10 width=121)
	  Sort Key: c
	  ->  Index Scan using sbtest5_pkey on sbtest5  (cost=0.43..43.76 rows=10 width=121)
	        Index Cond: ((id >= 4460971) AND (id <= 4460980))

table 6 : explain SELECT c FROM sbtest6 WHERE id BETWEEN 9272090 AND 9272099 ORDER BY c
	Sort  (cost=44.01..44.03 rows=10 width=121)
	  Sort Key: c
	  ->  Index Scan using sbtest6_pkey on sbtest6  (cost=0.43..43.84 rows=10 width=121)
	        Index Cond: ((id >= 9272090) AND (id <= 9272099))

table 7 : explain SELECT c FROM sbtest7 WHERE id BETWEEN 3225518 AND 3225527 ORDER BY c
	Sort  (cost=44.00..44.03 rows=10 width=121)
	  Sort Key: c
	  ->  Index Scan using sbtest7_pkey on sbtest7  (cost=0.43..43.84 rows=10 width=121)
	        Index Cond: ((id >= 3225518) AND (id <= 3225527))

table 8 : explain SELECT c FROM sbtest8 WHERE id BETWEEN 9871326 AND 9871335 ORDER BY c
	Sort  (cost=47.98..48.01 rows=11 width=121)
	  Sort Key: c
	  ->  Index Scan using sbtest8_pkey on sbtest8  (cost=0.43..47.79 rows=11 width=121)
	        Index Cond: ((id >= 9871326) AND (id <= 9871335))

for: order_ranges
table 1 : explain SELECT c FROM sbtest1 WHERE id BETWEEN 8205959 AND 8205968 ORDER BY c
	Sort  (cost=44.05..44.07 rows=10 width=121)
	  Sort Key: c
	  ->  Index Scan using sbtest1_pkey on sbtest1  (cost=0.43..43.88 rows=10 width=121)
	        Index Cond: ((id >= 8205959) AND (id <= 8205968))

table 2 : explain SELECT c FROM sbtest2 WHERE id BETWEEN 2291864 AND 2291873 ORDER BY c
	Sort  (cost=44.12..44.15 rows=10 width=121)
	  Sort Key: c
	  ->  Index Scan using sbtest2_pkey on sbtest2  (cost=0.43..43.96 rows=10 width=121)
	        Index Cond: ((id >= 2291864) AND (id <= 2291873))

table 3 : explain SELECT c FROM sbtest3 WHERE id BETWEEN 7018685 AND 7018694 ORDER BY c
	Sort  (cost=40.05..40.07 rows=9 width=121)
	  Sort Key: c
	  ->  Index Scan using sbtest3_pkey on sbtest3  (cost=0.43..39.90 rows=9 width=121)
	        Index Cond: ((id >= 7018685) AND (id <= 7018694))

table 4 : explain SELECT c FROM sbtest4 WHERE id BETWEEN 7543676 AND 7543685 ORDER BY c
	Sort  (cost=47.92..47.95 rows=11 width=121)
	  Sort Key: c
	  ->  Index Scan using sbtest4_pkey on sbtest4  (cost=0.43..47.73 rows=11 width=121)
	        Index Cond: ((id >= 7543676) AND (id <= 7543685))

table 5 : explain SELECT c FROM sbtest5 WHERE id BETWEEN 7982811 AND 7982820 ORDER BY c
	Sort  (cost=43.93..43.95 rows=10 width=121)
	  Sort Key: c
	  ->  Index Scan using sbtest5_pkey on sbtest5  (cost=0.43..43.76 rows=10 width=121)
	        Index Cond: ((id >= 7982811) AND (id <= 7982820))

table 6 : explain SELECT c FROM sbtest6 WHERE id BETWEEN 1453246 AND 1453255 ORDER BY c
	Sort  (cost=44.01..44.03 rows=10 width=121)
	  Sort Key: c
	  ->  Index Scan using sbtest6_pkey on sbtest6  (cost=0.43..43.84 rows=10 width=121)
	        Index Cond: ((id >= 1453246) AND (id <= 1453255))

table 7 : explain SELECT c FROM sbtest7 WHERE id BETWEEN 9171096 AND 9171105 ORDER BY c
	Sort  (cost=44.00..44.03 rows=10 width=121)
	  Sort Key: c
	  ->  Index Scan using sbtest7_pkey on sbtest7  (cost=0.43..43.84 rows=10 width=121)
	        Index Cond: ((id >= 9171096) AND (id <= 9171105))

table 8 : explain SELECT c FROM sbtest8 WHERE id BETWEEN 32980 AND 32989 ORDER BY c
	Sort  (cost=40.07..40.09 rows=9 width=121)
	  Sort Key: c
	  ->  Index Scan using sbtest8_pkey on sbtest8  (cost=0.43..39.92 rows=9 width=121)
	        Index Cond: ((id >= 32980) AND (id <= 32989))

for: sum_ranges
table 1 : explain SELECT SUM(k) FROM sbtest1 WHERE id BETWEEN 3929226 AND 3929235
	Aggregate  (cost=39.97..39.98 rows=1 width=8)
	  ->  Index Scan using sbtest1_pkey on sbtest1  (cost=0.43..39.94 rows=9 width=4)
	        Index Cond: ((id >= 3929226) AND (id <= 3929235))

table 2 : explain SELECT SUM(k) FROM sbtest2 WHERE id BETWEEN 8031451 AND 8031460
	Aggregate  (cost=43.98..43.99 rows=1 width=8)
	  ->  Index Scan using sbtest2_pkey on sbtest2  (cost=0.43..43.96 rows=10 width=4)
	        Index Cond: ((id >= 8031451) AND (id <= 8031460))

table 3 : explain SELECT SUM(k) FROM sbtest3 WHERE id BETWEEN 5157232 AND 5157241
	Aggregate  (cost=43.86..43.87 rows=1 width=8)
	  ->  Index Scan using sbtest3_pkey on sbtest3  (cost=0.43..43.83 rows=10 width=4)
	        Index Cond: ((id >= 5157232) AND (id <= 5157241))

table 4 : explain SELECT SUM(k) FROM sbtest4 WHERE id BETWEEN 8427858 AND 8427867
	Aggregate  (cost=43.83..43.84 rows=1 width=8)
	  ->  Index Scan using sbtest4_pkey on sbtest4  (cost=0.43..43.81 rows=10 width=4)
	        Index Cond: ((id >= 8427858) AND (id <= 8427867))

table 5 : explain SELECT SUM(k) FROM sbtest5 WHERE id BETWEEN 9123256 AND 9123265
	Aggregate  (cost=43.79..43.80 rows=1 width=8)
	  ->  Index Scan using sbtest5_pkey on sbtest5  (cost=0.43..43.76 rows=10 width=4)
	        Index Cond: ((id >= 9123256) AND (id <= 9123265))

table 6 : explain SELECT SUM(k) FROM sbtest6 WHERE id BETWEEN 3524809 AND 3524818
	Aggregate  (cost=43.87..43.88 rows=1 width=8)
	  ->  Index Scan using sbtest6_pkey on sbtest6  (cost=0.43..43.84 rows=10 width=4)
	        Index Cond: ((id >= 3524809) AND (id <= 3524818))

table 7 : explain SELECT SUM(k) FROM sbtest7 WHERE id BETWEEN 2670734 AND 2670743
	Aggregate  (cost=43.86..43.87 rows=1 width=8)
	  ->  Index Scan using sbtest7_pkey on sbtest7  (cost=0.43..43.84 rows=10 width=4)
	        Index Cond: ((id >= 2670734) AND (id <= 2670743))

table 8 : explain SELECT SUM(k) FROM sbtest8 WHERE id BETWEEN 147725 AND 147734
	Aggregate  (cost=47.82..47.83 rows=1 width=8)
	  ->  Index Scan using sbtest8_pkey on sbtest8  (cost=0.43..47.79 rows=11 width=4)
	        Index Cond: ((id >= 147725) AND (id <= 147734))

for: sum_ranges
table 1 : explain SELECT SUM(k) FROM sbtest1 WHERE id BETWEEN 3070965 AND 3070974
	Aggregate  (cost=43.90..43.91 rows=1 width=8)
	  ->  Index Scan using sbtest1_pkey on sbtest1  (cost=0.43..43.88 rows=10 width=4)
	        Index Cond: ((id >= 3070965) AND (id <= 3070974))

table 2 : explain SELECT SUM(k) FROM sbtest2 WHERE id BETWEEN 1586197 AND 1586206
	Aggregate  (cost=43.98..43.99 rows=1 width=8)
	  ->  Index Scan using sbtest2_pkey on sbtest2  (cost=0.43..43.96 rows=10 width=4)
	        Index Cond: ((id >= 1586197) AND (id <= 1586206))

table 3 : explain SELECT SUM(k) FROM sbtest3 WHERE id BETWEEN 8297855 AND 8297864
	Aggregate  (cost=43.86..43.87 rows=1 width=8)
	  ->  Index Scan using sbtest3_pkey on sbtest3  (cost=0.43..43.83 rows=10 width=4)
	        Index Cond: ((id >= 8297855) AND (id <= 8297864))

table 4 : explain SELECT SUM(k) FROM sbtest4 WHERE id BETWEEN 5127206 AND 5127215
	Aggregate  (cost=43.83..43.84 rows=1 width=8)
	  ->  Index Scan using sbtest4_pkey on sbtest4  (cost=0.43..43.81 rows=10 width=4)
	        Index Cond: ((id >= 5127206) AND (id <= 5127215))

table 5 : explain SELECT SUM(k) FROM sbtest5 WHERE id BETWEEN 9311669 AND 9311678
	Aggregate  (cost=43.79..43.80 rows=1 width=8)
	  ->  Index Scan using sbtest5_pkey on sbtest5  (cost=0.43..43.76 rows=10 width=4)
	        Index Cond: ((id >= 9311669) AND (id <= 9311678))

table 6 : explain SELECT SUM(k) FROM sbtest6 WHERE id BETWEEN 1765169 AND 1765178
	Aggregate  (cost=43.87..43.88 rows=1 width=8)
	  ->  Index Scan using sbtest6_pkey on sbtest6  (cost=0.43..43.84 rows=10 width=4)
	        Index Cond: ((id >= 1765169) AND (id <= 1765178))

table 7 : explain SELECT SUM(k) FROM sbtest7 WHERE id BETWEEN 5973787 AND 5973796
	Aggregate  (cost=43.86..43.87 rows=1 width=8)
	  ->  Index Scan using sbtest7_pkey on sbtest7  (cost=0.43..43.84 rows=10 width=4)
	        Index Cond: ((id >= 5973787) AND (id <= 5973796))

table 8 : explain SELECT SUM(k) FROM sbtest8 WHERE id BETWEEN 3902490 AND 3902499
	Aggregate  (cost=43.88..43.89 rows=1 width=8)
	  ->  Index Scan using sbtest8_pkey on sbtest8  (cost=0.43..43.86 rows=10 width=4)
	        Index Cond: ((id >= 3902490) AND (id <= 3902499))

for: order_ranges
table 1 : explain SELECT c FROM sbtest1 WHERE id BETWEEN 1287640 AND 1287649 ORDER BY c
	Sort  (cost=48.01..48.03 rows=11 width=121)
	  Sort Key: c
	  ->  Index Scan using sbtest1_pkey on sbtest1  (cost=0.43..47.82 rows=11 width=121)
	        Index Cond: ((id >= 1287640) AND (id <= 1287649))

table 2 : explain SELECT c FROM sbtest2 WHERE id BETWEEN 7625035 AND 7625044 ORDER BY c
	Sort  (cost=44.12..44.15 rows=10 width=121)
	  Sort Key: c
	  ->  Index Scan using sbtest2_pkey on sbtest2  (cost=0.43..43.96 rows=10 width=121)
	        Index Cond: ((id >= 7625035) AND (id <= 7625044))

table 3 : explain SELECT c FROM sbtest3 WHERE id BETWEEN 614892 AND 614901 ORDER BY c
	Sort  (cost=44.00..44.03 rows=10 width=121)
	  Sort Key: c
	  ->  Index Scan using sbtest3_pkey on sbtest3  (cost=0.43..43.83 rows=10 width=121)
	        Index Cond: ((id >= 614892) AND (id <= 614901))

table 4 : explain SELECT c FROM sbtest4 WHERE id BETWEEN 7523607 AND 7523616 ORDER BY c
	Sort  (cost=47.92..47.95 rows=11 width=121)
	  Sort Key: c
	  ->  Index Scan using sbtest4_pkey on sbtest4  (cost=0.43..47.73 rows=11 width=121)
	        Index Cond: ((id >= 7523607) AND (id <= 7523616))

table 5 : explain SELECT c FROM sbtest5 WHERE id BETWEEN 831527 AND 831536 ORDER BY c
	Sort  (cost=47.87..47.90 rows=11 width=121)
	  Sort Key: c
	  ->  Index Scan using sbtest5_pkey on sbtest5  (cost=0.43..47.68 rows=11 width=121)
	        Index Cond: ((id >= 831527) AND (id <= 831536))

table 6 : explain SELECT c FROM sbtest6 WHERE id BETWEEN 8864407 AND 8864416 ORDER BY c
	Sort  (cost=40.05..40.08 rows=9 width=121)
	  Sort Key: c
	  ->  Index Scan using sbtest6_pkey on sbtest6  (cost=0.43..39.91 rows=9 width=121)
	        Index Cond: ((id >= 8864407) AND (id <= 8864416))

table 7 : explain SELECT c FROM sbtest7 WHERE id BETWEEN 3921999 AND 3922008 ORDER BY c
	Sort  (cost=44.00..44.03 rows=10 width=121)
	  Sort Key: c
	  ->  Index Scan using sbtest7_pkey on sbtest7  (cost=0.43..43.84 rows=10 width=121)
	        Index Cond: ((id >= 3921999) AND (id <= 3922008))

table 8 : explain SELECT c FROM sbtest8 WHERE id BETWEEN 7539543 AND 7539552 ORDER BY c
	Sort  (cost=44.02..44.05 rows=10 width=121)
	  Sort Key: c
	  ->  Index Scan using sbtest8_pkey on sbtest8  (cost=0.43..43.86 rows=10 width=121)
	        Index Cond: ((id >= 7539543) AND (id <= 7539552))

for: order_ranges
table 1 : explain SELECT c FROM sbtest1 WHERE id BETWEEN 3862736 AND 3862745 ORDER BY c
	Sort  (cost=44.05..44.07 rows=10 width=121)
	  Sort Key: c
	  ->  Index Scan using sbtest1_pkey on sbtest1  (cost=0.43..43.88 rows=10 width=121)
	        Index Cond: ((id >= 3862736) AND (id <= 3862745))

table 2 : explain SELECT c FROM sbtest2 WHERE id BETWEEN 4329752 AND 4329761 ORDER BY c
	Sort  (cost=44.12..44.15 rows=10 width=121)
	  Sort Key: c
	  ->  Index Scan using sbtest2_pkey on sbtest2  (cost=0.43..43.96 rows=10 width=121)
	        Index Cond: ((id >= 4329752) AND (id <= 4329761))

table 3 : explain SELECT c FROM sbtest3 WHERE id BETWEEN 2549285 AND 2549294 ORDER BY c
	Sort  (cost=44.00..44.03 rows=10 width=121)
	  Sort Key: c
	  ->  Index Scan using sbtest3_pkey on sbtest3  (cost=0.43..43.83 rows=10 width=121)
	        Index Cond: ((id >= 2549285) AND (id <= 2549294))

table 4 : explain SELECT c FROM sbtest4 WHERE id BETWEEN 5198042 AND 5198051 ORDER BY c
	Sort  (cost=43.97..44.00 rows=10 width=121)
	  Sort Key: c
	  ->  Index Scan using sbtest4_pkey on sbtest4  (cost=0.43..43.81 rows=10 width=121)
	        Index Cond: ((id >= 5198042) AND (id <= 5198051))

table 5 : explain SELECT c FROM sbtest5 WHERE id BETWEEN 5351395 AND 5351404 ORDER BY c
	Sort  (cost=47.87..47.90 rows=11 width=121)
	  Sort Key: c
	  ->  Index Scan using sbtest5_pkey on sbtest5  (cost=0.43..47.68 rows=11 width=121)
	        Index Cond: ((id >= 5351395) AND (id <= 5351404))

table 6 : explain SELECT c FROM sbtest6 WHERE id BETWEEN 3522695 AND 3522704 ORDER BY c
	Sort  (cost=44.01..44.03 rows=10 width=121)
	  Sort Key: c
	  ->  Index Scan using sbtest6_pkey on sbtest6  (cost=0.43..43.84 rows=10 width=121)
	        Index Cond: ((id >= 3522695) AND (id <= 3522704))

table 7 : explain SELECT c FROM sbtest7 WHERE id BETWEEN 6982348 AND 6982357 ORDER BY c
	Sort  (cost=47.96..47.99 rows=11 width=121)
	  Sort Key: c
	  ->  Index Scan using sbtest7_pkey on sbtest7  (cost=0.43..47.77 rows=11 width=121)
	        Index Cond: ((id >= 6982348) AND (id <= 6982357))

table 8 : explain SELECT c FROM sbtest8 WHERE id BETWEEN 511384 AND 511393 ORDER BY c
	Sort  (cost=44.02..44.05 rows=10 width=121)
	  Sort Key: c
	  ->  Index Scan using sbtest8_pkey on sbtest8  (cost=0.43..43.86 rows=10 width=121)
	        Index Cond: ((id >= 511384) AND (id <= 511393))

for: sum_ranges
table 1 : explain SELECT SUM(k) FROM sbtest1 WHERE id BETWEEN 7783797 AND 7783806
	Aggregate  (cost=47.84..47.85 rows=1 width=8)
	  ->  Index Scan using sbtest1_pkey on sbtest1  (cost=0.43..47.82 rows=11 width=4)
	        Index Cond: ((id >= 7783797) AND (id <= 7783806))

table 2 : explain SELECT SUM(k) FROM sbtest2 WHERE id BETWEEN 7387423 AND 7387432
	Aggregate  (cost=47.93..47.94 rows=1 width=8)
	  ->  Index Scan using sbtest2_pkey on sbtest2  (cost=0.43..47.90 rows=11 width=4)
	        Index Cond: ((id >= 7387423) AND (id <= 7387432))

table 3 : explain SELECT SUM(k) FROM sbtest3 WHERE id BETWEEN 3037651 AND 3037660
	Aggregate  (cost=43.86..43.87 rows=1 width=8)
	  ->  Index Scan using sbtest3_pkey on sbtest3  (cost=0.43..43.83 rows=10 width=4)
	        Index Cond: ((id >= 3037651) AND (id <= 3037660))

table 4 : explain SELECT SUM(k) FROM sbtest4 WHERE id BETWEEN 8556916 AND 8556925
	Aggregate  (cost=43.83..43.84 rows=1 width=8)
	  ->  Index Scan using sbtest4_pkey on sbtest4  (cost=0.43..43.81 rows=10 width=4)
	        Index Cond: ((id >= 8556916) AND (id <= 8556925))

table 5 : explain SELECT SUM(k) FROM sbtest5 WHERE id BETWEEN 2229490 AND 2229499
	Aggregate  (cost=39.86..39.87 rows=1 width=8)
	  ->  Index Scan using sbtest5_pkey on sbtest5  (cost=0.43..39.84 rows=9 width=4)
	        Index Cond: ((id >= 2229490) AND (id <= 2229499))

table 6 : explain SELECT SUM(k) FROM sbtest6 WHERE id BETWEEN 4484095 AND 4484104
	Aggregate  (cost=47.80..47.81 rows=1 width=8)
	  ->  Index Scan using sbtest6_pkey on sbtest6  (cost=0.43..47.77 rows=11 width=4)
	        Index Cond: ((id >= 4484095) AND (id <= 4484104))

table 7 : explain SELECT SUM(k) FROM sbtest7 WHERE id BETWEEN 8328728 AND 8328737
	Aggregate  (cost=39.93..39.94 rows=1 width=8)
	  ->  Index Scan using sbtest7_pkey on sbtest7  (cost=0.43..39.91 rows=9 width=4)
	        Index Cond: ((id >= 8328728) AND (id <= 8328737))

table 8 : explain SELECT SUM(k) FROM sbtest8 WHERE id BETWEEN 8316908 AND 8316917
	Aggregate  (cost=43.88..43.89 rows=1 width=8)
	  ->  Index Scan using sbtest8_pkey on sbtest8  (cost=0.43..43.86 rows=10 width=4)
	        Index Cond: ((id >= 8316908) AND (id <= 8316917))

for: order_ranges
table 1 : explain SELECT c FROM sbtest1 WHERE id BETWEEN 6676861 AND 6676870 ORDER BY c
	Sort  (cost=48.01..48.03 rows=11 width=121)
	  Sort Key: c
	  ->  Index Scan using sbtest1_pkey on sbtest1  (cost=0.43..47.82 rows=11 width=121)
	        Index Cond: ((id >= 6676861) AND (id <= 6676870))

table 2 : explain SELECT c FROM sbtest2 WHERE id BETWEEN 6024179 AND 6024188 ORDER BY c
	Sort  (cost=40.15..40.18 rows=9 width=121)
	  Sort Key: c
	  ->  Index Scan using sbtest2_pkey on sbtest2  (cost=0.43..40.01 rows=9 width=121)
	        Index Cond: ((id >= 6024179) AND (id <= 6024188))

table 3 : explain SELECT c FROM sbtest3 WHERE id BETWEEN 2216996 AND 2217005 ORDER BY c
	Sort  (cost=44.00..44.03 rows=10 width=121)
	  Sort Key: c
	  ->  Index Scan using sbtest3_pkey on sbtest3  (cost=0.43..43.83 rows=10 width=121)
	        Index Cond: ((id >= 2216996) AND (id <= 2217005))

table 4 : explain SELECT c FROM sbtest4 WHERE id BETWEEN 6555908 AND 6555917 ORDER BY c
	Sort  (cost=40.02..40.04 rows=9 width=121)
	  Sort Key: c
	  ->  Index Scan using sbtest4_pkey on sbtest4  (cost=0.43..39.88 rows=9 width=121)
	        Index Cond: ((id >= 6555908) AND (id <= 6555917))

table 5 : explain SELECT c FROM sbtest5 WHERE id BETWEEN 8597719 AND 8597728 ORDER BY c
	Sort  (cost=43.93..43.95 rows=10 width=121)
	  Sort Key: c
	  ->  Index Scan using sbtest5_pkey on sbtest5  (cost=0.43..43.76 rows=10 width=121)
	        Index Cond: ((id >= 8597719) AND (id <= 8597728))

table 6 : explain SELECT c FROM sbtest6 WHERE id BETWEEN 8295667 AND 8295676 ORDER BY c
	Sort  (cost=44.01..44.03 rows=10 width=121)
	  Sort Key: c
	  ->  Index Scan using sbtest6_pkey on sbtest6  (cost=0.43..43.84 rows=10 width=121)
	        Index Cond: ((id >= 8295667) AND (id <= 8295676))

table 7 : explain SELECT c FROM sbtest7 WHERE id BETWEEN 8632137 AND 8632146 ORDER BY c
	Sort  (cost=44.00..44.03 rows=10 width=121)
	  Sort Key: c
	  ->  Index Scan using sbtest7_pkey on sbtest7  (cost=0.43..43.84 rows=10 width=121)
	        Index Cond: ((id >= 8632137) AND (id <= 8632146))

table 8 : explain SELECT c FROM sbtest8 WHERE id BETWEEN 8177187 AND 8177196 ORDER BY c
	Sort  (cost=40.07..40.09 rows=9 width=121)
	  Sort Key: c
	  ->  Index Scan using sbtest8_pkey on sbtest8  (cost=0.43..39.92 rows=9 width=121)
	        Index Cond: ((id >= 8177187) AND (id <= 8177196))

for: order_ranges
table 1 : explain SELECT c FROM sbtest1 WHERE id BETWEEN 730969 AND 730978 ORDER BY c
	Sort  (cost=44.05..44.07 rows=10 width=121)
	  Sort Key: c
	  ->  Index Scan using sbtest1_pkey on sbtest1  (cost=0.43..43.88 rows=10 width=121)
	        Index Cond: ((id >= 730969) AND (id <= 730978))

table 2 : explain SELECT c FROM sbtest2 WHERE id BETWEEN 8058069 AND 8058078 ORDER BY c
	Sort  (cost=44.12..44.15 rows=10 width=121)
	  Sort Key: c
	  ->  Index Scan using sbtest2_pkey on sbtest2  (cost=0.43..43.96 rows=10 width=121)
	        Index Cond: ((id >= 8058069) AND (id <= 8058078))

table 3 : explain SELECT c FROM sbtest3 WHERE id BETWEEN 7059585 AND 7059594 ORDER BY c
	Sort  (cost=40.05..40.07 rows=9 width=121)
	  Sort Key: c
	  ->  Index Scan using sbtest3_pkey on sbtest3  (cost=0.43..39.90 rows=9 width=121)
	        Index Cond: ((id >= 7059585) AND (id <= 7059594))

table 4 : explain SELECT c FROM sbtest4 WHERE id BETWEEN 2624843 AND 2624852 ORDER BY c
	Sort  (cost=43.97..44.00 rows=10 width=121)
	  Sort Key: c
	  ->  Index Scan using sbtest4_pkey on sbtest4  (cost=0.43..43.81 rows=10 width=121)
	        Index Cond: ((id >= 2624843) AND (id <= 2624852))

table 5 : explain SELECT c FROM sbtest5 WHERE id BETWEEN 1814337 AND 1814346 ORDER BY c
	Sort  (cost=43.93..43.95 rows=10 width=121)
	  Sort Key: c
	  ->  Index Scan using sbtest5_pkey on sbtest5  (cost=0.43..43.76 rows=10 width=121)
	        Index Cond: ((id >= 1814337) AND (id <= 1814346))

table 6 : explain SELECT c FROM sbtest6 WHERE id BETWEEN 7934809 AND 7934818 ORDER BY c
	Sort  (cost=44.01..44.03 rows=10 width=121)
	  Sort Key: c
	  ->  Index Scan using sbtest6_pkey on sbtest6  (cost=0.43..43.84 rows=10 width=121)
	        Index Cond: ((id >= 7934809) AND (id <= 7934818))

table 7 : explain SELECT c FROM sbtest7 WHERE id BETWEEN 8437099 AND 8437108 ORDER BY c
	Sort  (cost=44.00..44.03 rows=10 width=121)
	  Sort Key: c
	  ->  Index Scan using sbtest7_pkey on sbtest7  (cost=0.43..43.84 rows=10 width=121)
	        Index Cond: ((id >= 8437099) AND (id <= 8437108))

table 8 : explain SELECT c FROM sbtest8 WHERE id BETWEEN 4230860 AND 4230869 ORDER BY c
	Sort  (cost=40.07..40.09 rows=9 width=121)
	  Sort Key: c
	  ->  Index Scan using sbtest8_pkey on sbtest8  (cost=0.43..39.92 rows=9 width=121)
	        Index Cond: ((id >= 4230860) AND (id <= 4230869))

for: order_ranges
table 1 : explain SELECT c FROM sbtest1 WHERE id BETWEEN 443340 AND 443349 ORDER BY c
	Sort  (cost=44.05..44.07 rows=10 width=121)
	  Sort Key: c
	  ->  Index Scan using sbtest1_pkey on sbtest1  (cost=0.43..43.88 rows=10 width=121)
	        Index Cond: ((id >= 443340) AND (id <= 443349))

table 2 : explain SELECT c FROM sbtest2 WHERE id BETWEEN 7356271 AND 7356280 ORDER BY c
	Sort  (cost=48.09..48.12 rows=11 width=121)
	  Sort Key: c
	  ->  Index Scan using sbtest2_pkey on sbtest2  (cost=0.43..47.90 rows=11 width=121)
	        Index Cond: ((id >= 7356271) AND (id <= 7356280))

table 3 : explain SELECT c FROM sbtest3 WHERE id BETWEEN 9991015 AND 9991024 ORDER BY c
	Sort  (cost=40.05..40.07 rows=9 width=121)
	  Sort Key: c
	  ->  Index Scan using sbtest3_pkey on sbtest3  (cost=0.43..39.90 rows=9 width=121)
	        Index Cond: ((id >= 9991015) AND (id <= 9991024))

table 4 : explain SELECT c FROM sbtest4 WHERE id BETWEEN 9943324 AND 9943333 ORDER BY c
	Sort  (cost=47.92..47.95 rows=11 width=121)
	  Sort Key: c
	  ->  Index Scan using sbtest4_pkey on sbtest4  (cost=0.43..47.73 rows=11 width=121)
	        Index Cond: ((id >= 9943324) AND (id <= 9943333))

table 5 : explain SELECT c FROM sbtest5 WHERE id BETWEEN 2422983 AND 2422992 ORDER BY c
	Sort  (cost=43.93..43.95 rows=10 width=121)
	  Sort Key: c
	  ->  Index Scan using sbtest5_pkey on sbtest5  (cost=0.43..43.76 rows=10 width=121)
	        Index Cond: ((id >= 2422983) AND (id <= 2422992))

table 6 : explain SELECT c FROM sbtest6 WHERE id BETWEEN 5405662 AND 5405671 ORDER BY c
	Sort  (cost=44.01..44.03 rows=10 width=121)
	  Sort Key: c
	  ->  Index Scan using sbtest6_pkey on sbtest6  (cost=0.43..43.84 rows=10 width=121)
	        Index Cond: ((id >= 5405662) AND (id <= 5405671))

table 7 : explain SELECT c FROM sbtest7 WHERE id BETWEEN 3359238 AND 3359247 ORDER BY c
	Sort  (cost=44.00..44.03 rows=10 width=121)
	  Sort Key: c
	  ->  Index Scan using sbtest7_pkey on sbtest7  (cost=0.43..43.84 rows=10 width=121)
	        Index Cond: ((id >= 3359238) AND (id <= 3359247))

table 8 : explain SELECT c FROM sbtest8 WHERE id BETWEEN 1426123 AND 1426132 ORDER BY c
	Sort  (cost=44.02..44.05 rows=10 width=121)
	  Sort Key: c
	  ->  Index Scan using sbtest8_pkey on sbtest8  (cost=0.43..43.86 rows=10 width=121)
	        Index Cond: ((id >= 1426123) AND (id <= 1426132))

for: order_ranges
table 1 : explain SELECT c FROM sbtest1 WHERE id BETWEEN 4675941 AND 4675950 ORDER BY c
	Sort  (cost=44.05..44.07 rows=10 width=121)
	  Sort Key: c
	  ->  Index Scan using sbtest1_pkey on sbtest1  (cost=0.43..43.88 rows=10 width=121)
	        Index Cond: ((id >= 4675941) AND (id <= 4675950))

table 2 : explain SELECT c FROM sbtest2 WHERE id BETWEEN 8801329 AND 8801338 ORDER BY c
	Sort  (cost=44.12..44.15 rows=10 width=121)
	  Sort Key: c
	  ->  Index Scan using sbtest2_pkey on sbtest2  (cost=0.43..43.96 rows=10 width=121)
	        Index Cond: ((id >= 8801329) AND (id <= 8801338))

table 3 : explain SELECT c FROM sbtest3 WHERE id BETWEEN 5560516 AND 5560525 ORDER BY c
	Sort  (cost=44.00..44.03 rows=10 width=121)
	  Sort Key: c
	  ->  Index Scan using sbtest3_pkey on sbtest3  (cost=0.43..43.83 rows=10 width=121)
	        Index Cond: ((id >= 5560516) AND (id <= 5560525))

table 4 : explain SELECT c FROM sbtest4 WHERE id BETWEEN 6750204 AND 6750213 ORDER BY c
	Sort  (cost=40.02..40.04 rows=9 width=121)
	  Sort Key: c
	  ->  Index Scan using sbtest4_pkey on sbtest4  (cost=0.43..39.88 rows=9 width=121)
	        Index Cond: ((id >= 6750204) AND (id <= 6750213))

table 5 : explain SELECT c FROM sbtest5 WHERE id BETWEEN 2304152 AND 2304161 ORDER BY c
	Sort  (cost=39.98..40.00 rows=9 width=121)
	  Sort Key: c
	  ->  Index Scan using sbtest5_pkey on sbtest5  (cost=0.43..39.84 rows=9 width=121)
	        Index Cond: ((id >= 2304152) AND (id <= 2304161))

table 6 : explain SELECT c FROM sbtest6 WHERE id BETWEEN 4954408 AND 4954417 ORDER BY c
	Sort  (cost=47.96..47.99 rows=11 width=121)
	  Sort Key: c
	  ->  Index Scan using sbtest6_pkey on sbtest6  (cost=0.43..47.77 rows=11 width=121)
	        Index Cond: ((id >= 4954408) AND (id <= 4954417))

table 7 : explain SELECT c FROM sbtest7 WHERE id BETWEEN 5679603 AND 5679612 ORDER BY c
	Sort  (cost=44.00..44.03 rows=10 width=121)
	  Sort Key: c
	  ->  Index Scan using sbtest7_pkey on sbtest7  (cost=0.43..43.84 rows=10 width=121)
	        Index Cond: ((id >= 5679603) AND (id <= 5679612))

table 8 : explain SELECT c FROM sbtest8 WHERE id BETWEEN 3310391 AND 3310400 ORDER BY c
	Sort  (cost=44.02..44.05 rows=10 width=121)
	  Sort Key: c
	  ->  Index Scan using sbtest8_pkey on sbtest8  (cost=0.43..43.86 rows=10 width=121)
	        Index Cond: ((id >= 3310391) AND (id <= 3310400))

for: sum_ranges
table 1 : explain SELECT SUM(k) FROM sbtest1 WHERE id BETWEEN 1941434 AND 1941443
	Aggregate  (cost=43.90..43.91 rows=1 width=8)
	  ->  Index Scan using sbtest1_pkey on sbtest1  (cost=0.43..43.88 rows=10 width=4)
	        Index Cond: ((id >= 1941434) AND (id <= 1941443))

table 2 : explain SELECT SUM(k) FROM sbtest2 WHERE id BETWEEN 1588631 AND 1588640
	Aggregate  (cost=43.98..43.99 rows=1 width=8)
	  ->  Index Scan using sbtest2_pkey on sbtest2  (cost=0.43..43.96 rows=10 width=4)
	        Index Cond: ((id >= 1588631) AND (id <= 1588640))

table 3 : explain SELECT SUM(k) FROM sbtest3 WHERE id BETWEEN 7588535 AND 7588544
	Aggregate  (cost=39.93..39.94 rows=1 width=8)
	  ->  Index Scan using sbtest3_pkey on sbtest3  (cost=0.43..39.90 rows=9 width=4)
	        Index Cond: ((id >= 7588535) AND (id <= 7588544))

table 4 : explain SELECT SUM(k) FROM sbtest4 WHERE id BETWEEN 6414751 AND 6414760
	Aggregate  (cost=43.83..43.84 rows=1 width=8)
	  ->  Index Scan using sbtest4_pkey on sbtest4  (cost=0.43..43.81 rows=10 width=4)
	        Index Cond: ((id >= 6414751) AND (id <= 6414760))

table 5 : explain SELECT SUM(k) FROM sbtest5 WHERE id BETWEEN 7775276 AND 7775285
	Aggregate  (cost=47.71..47.72 rows=1 width=8)
	  ->  Index Scan using sbtest5_pkey on sbtest5  (cost=0.43..47.68 rows=11 width=4)
	        Index Cond: ((id >= 7775276) AND (id <= 7775285))

table 6 : explain SELECT SUM(k) FROM sbtest6 WHERE id BETWEEN 5069286 AND 5069295
	Aggregate  (cost=43.87..43.88 rows=1 width=8)
	  ->  Index Scan using sbtest6_pkey on sbtest6  (cost=0.43..43.84 rows=10 width=4)
	        Index Cond: ((id >= 5069286) AND (id <= 5069295))

table 7 : explain SELECT SUM(k) FROM sbtest7 WHERE id BETWEEN 1480445 AND 1480454
	Aggregate  (cost=47.80..47.81 rows=1 width=8)
	  ->  Index Scan using sbtest7_pkey on sbtest7  (cost=0.43..47.77 rows=11 width=4)
	        Index Cond: ((id >= 1480445) AND (id <= 1480454))

table 8 : explain SELECT SUM(k) FROM sbtest8 WHERE id BETWEEN 3290223 AND 3290232
	Aggregate  (cost=43.88..43.89 rows=1 width=8)
	  ->  Index Scan using sbtest8_pkey on sbtest8  (cost=0.43..43.86 rows=10 width=4)
	        Index Cond: ((id >= 3290223) AND (id <= 3290232))

for: order_ranges
table 1 : explain SELECT c FROM sbtest1 WHERE id BETWEEN 9079251 AND 9079260 ORDER BY c
	Sort  (cost=48.01..48.03 rows=11 width=121)
	  Sort Key: c
	  ->  Index Scan using sbtest1_pkey on sbtest1  (cost=0.43..47.82 rows=11 width=121)
	        Index Cond: ((id >= 9079251) AND (id <= 9079260))

table 2 : explain SELECT c FROM sbtest2 WHERE id BETWEEN 7748744 AND 7748753 ORDER BY c
	Sort  (cost=40.15..40.18 rows=9 width=121)
	  Sort Key: c
	  ->  Index Scan using sbtest2_pkey on sbtest2  (cost=0.43..40.01 rows=9 width=121)
	        Index Cond: ((id >= 7748744) AND (id <= 7748753))

table 3 : explain SELECT c FROM sbtest3 WHERE id BETWEEN 497629 AND 497638 ORDER BY c
	Sort  (cost=44.00..44.03 rows=10 width=121)
	  Sort Key: c
	  ->  Index Scan using sbtest3_pkey on sbtest3  (cost=0.43..43.83 rows=10 width=121)
	        Index Cond: ((id >= 497629) AND (id <= 497638))

table 4 : explain SELECT c FROM sbtest4 WHERE id BETWEEN 11538 AND 11547 ORDER BY c
	Sort  (cost=43.97..44.00 rows=10 width=121)
	  Sort Key: c
	  ->  Index Scan using sbtest4_pkey on sbtest4  (cost=0.43..43.81 rows=10 width=121)
	        Index Cond: ((id >= 11538) AND (id <= 11547))

table 5 : explain SELECT c FROM sbtest5 WHERE id BETWEEN 6367214 AND 6367223 ORDER BY c
	Sort  (cost=47.87..47.90 rows=11 width=121)
	  Sort Key: c
	  ->  Index Scan using sbtest5_pkey on sbtest5  (cost=0.43..47.68 rows=11 width=121)
	        Index Cond: ((id >= 6367214) AND (id <= 6367223))

table 6 : explain SELECT c FROM sbtest6 WHERE id BETWEEN 1169833 AND 1169842 ORDER BY c
	Sort  (cost=44.01..44.03 rows=10 width=121)
	  Sort Key: c
	  ->  Index Scan using sbtest6_pkey on sbtest6  (cost=0.43..43.84 rows=10 width=121)
	        Index Cond: ((id >= 1169833) AND (id <= 1169842))

table 7 : explain SELECT c FROM sbtest7 WHERE id BETWEEN 7626563 AND 7626572 ORDER BY c
	Sort  (cost=47.96..47.99 rows=11 width=121)
	  Sort Key: c
	  ->  Index Scan using sbtest7_pkey on sbtest7  (cost=0.43..47.77 rows=11 width=121)
	        Index Cond: ((id >= 7626563) AND (id <= 7626572))

table 8 : explain SELECT c FROM sbtest8 WHERE id BETWEEN 6814618 AND 6814627 ORDER BY c
	Sort  (cost=44.02..44.05 rows=10 width=121)
	  Sort Key: c
	  ->  Index Scan using sbtest8_pkey on sbtest8  (cost=0.43..43.86 rows=10 width=121)
	        Index Cond: ((id >= 6814618) AND (id <= 6814627))

for: order_ranges
table 1 : explain SELECT c FROM sbtest1 WHERE id BETWEEN 8229362 AND 8229371 ORDER BY c
	Sort  (cost=44.05..44.07 rows=10 width=121)
	  Sort Key: c
	  ->  Index Scan using sbtest1_pkey on sbtest1  (cost=0.43..43.88 rows=10 width=121)
	        Index Cond: ((id >= 8229362) AND (id <= 8229371))

table 2 : explain SELECT c FROM sbtest2 WHERE id BETWEEN 5971060 AND 5971069 ORDER BY c
	Sort  (cost=40.15..40.18 rows=9 width=121)
	  Sort Key: c
	  ->  Index Scan using sbtest2_pkey on sbtest2  (cost=0.43..40.01 rows=9 width=121)
	        Index Cond: ((id >= 5971060) AND (id <= 5971069))

table 3 : explain SELECT c FROM sbtest3 WHERE id BETWEEN 4070059 AND 4070068 ORDER BY c
	Sort  (cost=47.96..47.98 rows=11 width=121)
	  Sort Key: c
	  ->  Index Scan using sbtest3_pkey on sbtest3  (cost=0.43..47.77 rows=11 width=121)
	        Index Cond: ((id >= 4070059) AND (id <= 4070068))

table 4 : explain SELECT c FROM sbtest4 WHERE id BETWEEN 9640913 AND 9640922 ORDER BY c
	Sort  (cost=43.97..44.00 rows=10 width=121)
	  Sort Key: c
	  ->  Index Scan using sbtest4_pkey on sbtest4  (cost=0.43..43.81 rows=10 width=121)
	        Index Cond: ((id >= 9640913) AND (id <= 9640922))

table 5 : explain SELECT c FROM sbtest5 WHERE id BETWEEN 2394679 AND 2394688 ORDER BY c
	Sort  (cost=39.98..40.00 rows=9 width=121)
	  Sort Key: c
	  ->  Index Scan using sbtest5_pkey on sbtest5  (cost=0.43..39.84 rows=9 width=121)
	        Index Cond: ((id >= 2394679) AND (id <= 2394688))

table 6 : explain SELECT c FROM sbtest6 WHERE id BETWEEN 9203850 AND 9203859 ORDER BY c
	Sort  (cost=44.01..44.03 rows=10 width=121)
	  Sort Key: c
	  ->  Index Scan using sbtest6_pkey on sbtest6  (cost=0.43..43.84 rows=10 width=121)
	        Index Cond: ((id >= 9203850) AND (id <= 9203859))

table 7 : explain SELECT c FROM sbtest7 WHERE id BETWEEN 8755572 AND 8755581 ORDER BY c
	Sort  (cost=40.05..40.07 rows=9 width=121)
	  Sort Key: c
	  ->  Index Scan using sbtest7_pkey on sbtest7  (cost=0.43..39.91 rows=9 width=121)
	        Index Cond: ((id >= 8755572) AND (id <= 8755581))

table 8 : explain SELECT c FROM sbtest8 WHERE id BETWEEN 6362654 AND 6362663 ORDER BY c
	Sort  (cost=44.02..44.05 rows=10 width=121)
	  Sort Key: c
	  ->  Index Scan using sbtest8_pkey on sbtest8  (cost=0.43..43.86 rows=10 width=121)
	        Index Cond: ((id >= 6362654) AND (id <= 6362663))

for: order_ranges
table 1 : explain SELECT c FROM sbtest1 WHERE id BETWEEN 6372098 AND 6372107 ORDER BY c
	Sort  (cost=44.05..44.07 rows=10 width=121)
	  Sort Key: c
	  ->  Index Scan using sbtest1_pkey on sbtest1  (cost=0.43..43.88 rows=10 width=121)
	        Index Cond: ((id >= 6372098) AND (id <= 6372107))

table 2 : explain SELECT c FROM sbtest2 WHERE id BETWEEN 1480738 AND 1480747 ORDER BY c
	Sort  (cost=44.12..44.15 rows=10 width=121)
	  Sort Key: c
	  ->  Index Scan using sbtest2_pkey on sbtest2  (cost=0.43..43.96 rows=10 width=121)
	        Index Cond: ((id >= 1480738) AND (id <= 1480747))

table 3 : explain SELECT c FROM sbtest3 WHERE id BETWEEN 5046778 AND 5046787 ORDER BY c
	Sort  (cost=44.00..44.03 rows=10 width=121)
	  Sort Key: c
	  ->  Index Scan using sbtest3_pkey on sbtest3  (cost=0.43..43.83 rows=10 width=121)
	        Index Cond: ((id >= 5046778) AND (id <= 5046787))

table 4 : explain SELECT c FROM sbtest4 WHERE id BETWEEN 3095559 AND 3095568 ORDER BY c
	Sort  (cost=43.97..44.00 rows=10 width=121)
	  Sort Key: c
	  ->  Index Scan using sbtest4_pkey on sbtest4  (cost=0.43..43.81 rows=10 width=121)
	        Index Cond: ((id >= 3095559) AND (id <= 3095568))

table 5 : explain SELECT c FROM sbtest5 WHERE id BETWEEN 9725630 AND 9725639 ORDER BY c
	Sort  (cost=43.93..43.95 rows=10 width=121)
	  Sort Key: c
	  ->  Index Scan using sbtest5_pkey on sbtest5  (cost=0.43..43.76 rows=10 width=121)
	        Index Cond: ((id >= 9725630) AND (id <= 9725639))

table 6 : explain SELECT c FROM sbtest6 WHERE id BETWEEN 5786850 AND 5786859 ORDER BY c
	Sort  (cost=44.01..44.03 rows=10 width=121)
	  Sort Key: c
	  ->  Index Scan using sbtest6_pkey on sbtest6  (cost=0.43..43.84 rows=10 width=121)
	        Index Cond: ((id >= 5786850) AND (id <= 5786859))

table 7 : explain SELECT c FROM sbtest7 WHERE id BETWEEN 328830 AND 328839 ORDER BY c
	Sort  (cost=44.00..44.03 rows=10 width=121)
	  Sort Key: c
	  ->  Index Scan using sbtest7_pkey on sbtest7  (cost=0.43..43.84 rows=10 width=121)
	        Index Cond: ((id >= 328830) AND (id <= 328839))

table 8 : explain SELECT c FROM sbtest8 WHERE id BETWEEN 2865574 AND 2865583 ORDER BY c
	Sort  (cost=47.98..48.01 rows=11 width=121)
	  Sort Key: c
	  ->  Index Scan using sbtest8_pkey on sbtest8  (cost=0.43..47.79 rows=11 width=121)
	        Index Cond: ((id >= 2865574) AND (id <= 2865583))

for: order_ranges
table 1 : explain SELECT c FROM sbtest1 WHERE id BETWEEN 6974362 AND 6974371 ORDER BY c
	Sort  (cost=44.05..44.07 rows=10 width=121)
	  Sort Key: c
	  ->  Index Scan using sbtest1_pkey on sbtest1  (cost=0.43..43.88 rows=10 width=121)
	        Index Cond: ((id >= 6974362) AND (id <= 6974371))

table 2 : explain SELECT c FROM sbtest2 WHERE id BETWEEN 3195357 AND 3195366 ORDER BY c
	Sort  (cost=40.15..40.18 rows=9 width=121)
	  Sort Key: c
	  ->  Index Scan using sbtest2_pkey on sbtest2  (cost=0.43..40.01 rows=9 width=121)
	        Index Cond: ((id >= 3195357) AND (id <= 3195366))

table 3 : explain SELECT c FROM sbtest3 WHERE id BETWEEN 1834403 AND 1834412 ORDER BY c
	Sort  (cost=44.00..44.03 rows=10 width=121)
	  Sort Key: c
	  ->  Index Scan using sbtest3_pkey on sbtest3  (cost=0.43..43.83 rows=10 width=121)
	        Index Cond: ((id >= 1834403) AND (id <= 1834412))

table 4 : explain SELECT c FROM sbtest4 WHERE id BETWEEN 3285440 AND 3285449 ORDER BY c
	Sort  (cost=47.92..47.95 rows=11 width=121)
	  Sort Key: c
	  ->  Index Scan using sbtest4_pkey on sbtest4  (cost=0.43..47.73 rows=11 width=121)
	        Index Cond: ((id >= 3285440) AND (id <= 3285449))

table 5 : explain SELECT c FROM sbtest5 WHERE id BETWEEN 2434522 AND 2434531 ORDER BY c
	Sort  (cost=43.93..43.95 rows=10 width=121)
	  Sort Key: c
	  ->  Index Scan using sbtest5_pkey on sbtest5  (cost=0.43..43.76 rows=10 width=121)
	        Index Cond: ((id >= 2434522) AND (id <= 2434531))

table 6 : explain SELECT c FROM sbtest6 WHERE id BETWEEN 9370124 AND 9370133 ORDER BY c
	Sort  (cost=44.01..44.03 rows=10 width=121)
	  Sort Key: c
	  ->  Index Scan using sbtest6_pkey on sbtest6  (cost=0.43..43.84 rows=10 width=121)
	        Index Cond: ((id >= 9370124) AND (id <= 9370133))

table 7 : explain SELECT c FROM sbtest7 WHERE id BETWEEN 1828155 AND 1828164 ORDER BY c
	Sort  (cost=44.00..44.03 rows=10 width=121)
	  Sort Key: c
	  ->  Index Scan using sbtest7_pkey on sbtest7  (cost=0.43..43.84 rows=10 width=121)
	        Index Cond: ((id >= 1828155) AND (id <= 1828164))

table 8 : explain SELECT c FROM sbtest8 WHERE id BETWEEN 3210303 AND 3210312 ORDER BY c
	Sort  (cost=44.02..44.05 rows=10 width=121)
	  Sort Key: c
	  ->  Index Scan using sbtest8_pkey on sbtest8  (cost=0.43..43.86 rows=10 width=121)
	        Index Cond: ((id >= 3210303) AND (id <= 3210312))

for: order_ranges
table 1 : explain SELECT c FROM sbtest1 WHERE id BETWEEN 486399 AND 486408 ORDER BY c
	Sort  (cost=44.05..44.07 rows=10 width=121)
	  Sort Key: c
	  ->  Index Scan using sbtest1_pkey on sbtest1  (cost=0.43..43.88 rows=10 width=121)
	        Index Cond: ((id >= 486399) AND (id <= 486408))

table 2 : explain SELECT c FROM sbtest2 WHERE id BETWEEN 9833607 AND 9833616 ORDER BY c
	Sort  (cost=44.12..44.15 rows=10 width=121)
	  Sort Key: c
	  ->  Index Scan using sbtest2_pkey on sbtest2  (cost=0.43..43.96 rows=10 width=121)
	        Index Cond: ((id >= 9833607) AND (id <= 9833616))

table 3 : explain SELECT c FROM sbtest3 WHERE id BETWEEN 8494634 AND 8494643 ORDER BY c
	Sort  (cost=40.05..40.07 rows=9 width=121)
	  Sort Key: c
	  ->  Index Scan using sbtest3_pkey on sbtest3  (cost=0.43..39.90 rows=9 width=121)
	        Index Cond: ((id >= 8494634) AND (id <= 8494643))

table 4 : explain SELECT c FROM sbtest4 WHERE id BETWEEN 4197445 AND 4197454 ORDER BY c
	Sort  (cost=43.97..44.00 rows=10 width=121)
	  Sort Key: c
	  ->  Index Scan using sbtest4_pkey on sbtest4  (cost=0.43..43.81 rows=10 width=121)
	        Index Cond: ((id >= 4197445) AND (id <= 4197454))

table 5 : explain SELECT c FROM sbtest5 WHERE id BETWEEN 9125392 AND 9125401 ORDER BY c
	Sort  (cost=43.93..43.95 rows=10 width=121)
	  Sort Key: c
	  ->  Index Scan using sbtest5_pkey on sbtest5  (cost=0.43..43.76 rows=10 width=121)
	        Index Cond: ((id >= 9125392) AND (id <= 9125401))

table 6 : explain SELECT c FROM sbtest6 WHERE id BETWEEN 9932018 AND 9932027 ORDER BY c
	Sort  (cost=47.96..47.99 rows=11 width=121)
	  Sort Key: c
	  ->  Index Scan using sbtest6_pkey on sbtest6  (cost=0.43..47.77 rows=11 width=121)
	        Index Cond: ((id >= 9932018) AND (id <= 9932027))

table 7 : explain SELECT c FROM sbtest7 WHERE id BETWEEN 4534694 AND 4534703 ORDER BY c
	Sort  (cost=44.00..44.03 rows=10 width=121)
	  Sort Key: c
	  ->  Index Scan using sbtest7_pkey on sbtest7  (cost=0.43..43.84 rows=10 width=121)
	        Index Cond: ((id >= 4534694) AND (id <= 4534703))

table 8 : explain SELECT c FROM sbtest8 WHERE id BETWEEN 5002390 AND 5002399 ORDER BY c
	Sort  (cost=44.02..44.05 rows=10 width=121)
	  Sort Key: c
	  ->  Index Scan using sbtest8_pkey on sbtest8  (cost=0.43..43.86 rows=10 width=121)
	        Index Cond: ((id >= 5002390) AND (id <= 5002399))

for: order_ranges
table 1 : explain SELECT c FROM sbtest1 WHERE id BETWEEN 3954818 AND 3954827 ORDER BY c
	Sort  (cost=40.09..40.11 rows=9 width=121)
	  Sort Key: c
	  ->  Index Scan using sbtest1_pkey on sbtest1  (cost=0.43..39.94 rows=9 width=121)
	        Index Cond: ((id >= 3954818) AND (id <= 3954827))

table 2 : explain SELECT c FROM sbtest2 WHERE id BETWEEN 563760 AND 563769 ORDER BY c
	Sort  (cost=44.12..44.15 rows=10 width=121)
	  Sort Key: c
	  ->  Index Scan using sbtest2_pkey on sbtest2  (cost=0.43..43.96 rows=10 width=121)
	        Index Cond: ((id >= 563760) AND (id <= 563769))

table 3 : explain SELECT c FROM sbtest3 WHERE id BETWEEN 8032788 AND 8032797 ORDER BY c
	Sort  (cost=44.00..44.03 rows=10 width=121)
	  Sort Key: c
	  ->  Index Scan using sbtest3_pkey on sbtest3  (cost=0.43..43.83 rows=10 width=121)
	        Index Cond: ((id >= 8032788) AND (id <= 8032797))

table 4 : explain SELECT c FROM sbtest4 WHERE id BETWEEN 2457216 AND 2457225 ORDER BY c
	Sort  (cost=40.02..40.04 rows=9 width=121)
	  Sort Key: c
	  ->  Index Scan using sbtest4_pkey on sbtest4  (cost=0.43..39.88 rows=9 width=121)
	        Index Cond: ((id >= 2457216) AND (id <= 2457225))

table 5 : explain SELECT c FROM sbtest5 WHERE id BETWEEN 3020823 AND 3020832 ORDER BY c
	Sort  (cost=43.93..43.95 rows=10 width=121)
	  Sort Key: c
	  ->  Index Scan using sbtest5_pkey on sbtest5  (cost=0.43..43.76 rows=10 width=121)
	        Index Cond: ((id >= 3020823) AND (id <= 3020832))

table 6 : explain SELECT c FROM sbtest6 WHERE id BETWEEN 3426228 AND 3426237 ORDER BY c
	Sort  (cost=47.96..47.99 rows=11 width=121)
	  Sort Key: c
	  ->  Index Scan using sbtest6_pkey on sbtest6  (cost=0.43..47.77 rows=11 width=121)
	        Index Cond: ((id >= 3426228) AND (id <= 3426237))

table 7 : explain SELECT c FROM sbtest7 WHERE id BETWEEN 6274831 AND 6274840 ORDER BY c
	Sort  (cost=40.05..40.07 rows=9 width=121)
	  Sort Key: c
	  ->  Index Scan using sbtest7_pkey on sbtest7  (cost=0.43..39.91 rows=9 width=121)
	        Index Cond: ((id >= 6274831) AND (id <= 6274840))

table 8 : explain SELECT c FROM sbtest8 WHERE id BETWEEN 3198062 AND 3198071 ORDER BY c
	Sort  (cost=44.02..44.05 rows=10 width=121)
	  Sort Key: c
	  ->  Index Scan using sbtest8_pkey on sbtest8  (cost=0.43..43.86 rows=10 width=121)
	        Index Cond: ((id >= 3198062) AND (id <= 3198071))

for: order_ranges
table 1 : explain SELECT c FROM sbtest1 WHERE id BETWEEN 5118719 AND 5118728 ORDER BY c
	Sort  (cost=40.09..40.11 rows=9 width=121)
	  Sort Key: c
	  ->  Index Scan using sbtest1_pkey on sbtest1  (cost=0.43..39.94 rows=9 width=121)
	        Index Cond: ((id >= 5118719) AND (id <= 5118728))

table 2 : explain SELECT c FROM sbtest2 WHERE id BETWEEN 1280529 AND 1280538 ORDER BY c
	Sort  (cost=44.12..44.15 rows=10 width=121)
	  Sort Key: c
	  ->  Index Scan using sbtest2_pkey on sbtest2  (cost=0.43..43.96 rows=10 width=121)
	        Index Cond: ((id >= 1280529) AND (id <= 1280538))

table 3 : explain SELECT c FROM sbtest3 WHERE id BETWEEN 5022370 AND 5022379 ORDER BY c
	Sort  (cost=44.00..44.03 rows=10 width=121)
	  Sort Key: c
	  ->  Index Scan using sbtest3_pkey on sbtest3  (cost=0.43..43.83 rows=10 width=121)
	        Index Cond: ((id >= 5022370) AND (id <= 5022379))

table 4 : explain SELECT c FROM sbtest4 WHERE id BETWEEN 3102583 AND 3102592 ORDER BY c
	Sort  (cost=43.97..44.00 rows=10 width=121)
	  Sort Key: c
	  ->  Index Scan using sbtest4_pkey on sbtest4  (cost=0.43..43.81 rows=10 width=121)
	        Index Cond: ((id >= 3102583) AND (id <= 3102592))

table 5 : explain SELECT c FROM sbtest5 WHERE id BETWEEN 2714642 AND 2714651 ORDER BY c
	Sort  (cost=47.87..47.90 rows=11 width=121)
	  Sort Key: c
	  ->  Index Scan using sbtest5_pkey on sbtest5  (cost=0.43..47.68 rows=11 width=121)
	        Index Cond: ((id >= 2714642) AND (id <= 2714651))

table 6 : explain SELECT c FROM sbtest6 WHERE id BETWEEN 6908164 AND 6908173 ORDER BY c
	Sort  (cost=44.01..44.03 rows=10 width=121)
	  Sort Key: c
	  ->  Index Scan using sbtest6_pkey on sbtest6  (cost=0.43..43.84 rows=10 width=121)
	        Index Cond: ((id >= 6908164) AND (id <= 6908173))

table 7 : explain SELECT c FROM sbtest7 WHERE id BETWEEN 6902392 AND 6902401 ORDER BY c
	Sort  (cost=44.00..44.03 rows=10 width=121)
	  Sort Key: c
	  ->  Index Scan using sbtest7_pkey on sbtest7  (cost=0.43..43.84 rows=10 width=121)
	        Index Cond: ((id >= 6902392) AND (id <= 6902401))

table 8 : explain SELECT c FROM sbtest8 WHERE id BETWEEN 2388748 AND 2388757 ORDER BY c
	Sort  (cost=44.02..44.05 rows=10 width=121)
	  Sort Key: c
	  ->  Index Scan using sbtest8_pkey on sbtest8  (cost=0.43..43.86 rows=10 width=121)
	        Index Cond: ((id >= 2388748) AND (id <= 2388757))

for: order_ranges
table 1 : explain SELECT c FROM sbtest1 WHERE id BETWEEN 1594555 AND 1594564 ORDER BY c
	Sort  (cost=40.09..40.11 rows=9 width=121)
	  Sort Key: c
	  ->  Index Scan using sbtest1_pkey on sbtest1  (cost=0.43..39.94 rows=9 width=121)
	        Index Cond: ((id >= 1594555) AND (id <= 1594564))

table 2 : explain SELECT c FROM sbtest2 WHERE id BETWEEN 8085892 AND 8085901 ORDER BY c
	Sort  (cost=44.12..44.15 rows=10 width=121)
	  Sort Key: c
	  ->  Index Scan using sbtest2_pkey on sbtest2  (cost=0.43..43.96 rows=10 width=121)
	        Index Cond: ((id >= 8085892) AND (id <= 8085901))

table 3 : explain SELECT c FROM sbtest3 WHERE id BETWEEN 9801955 AND 9801964 ORDER BY c
	Sort  (cost=44.00..44.03 rows=10 width=121)
	  Sort Key: c
	  ->  Index Scan using sbtest3_pkey on sbtest3  (cost=0.43..43.83 rows=10 width=121)
	        Index Cond: ((id >= 9801955) AND (id <= 9801964))

table 4 : explain SELECT c FROM sbtest4 WHERE id BETWEEN 7843729 AND 7843738 ORDER BY c
	Sort  (cost=43.97..44.00 rows=10 width=121)
	  Sort Key: c
	  ->  Index Scan using sbtest4_pkey on sbtest4  (cost=0.43..43.81 rows=10 width=121)
	        Index Cond: ((id >= 7843729) AND (id <= 7843738))

table 5 : explain SELECT c FROM sbtest5 WHERE id BETWEEN 6947037 AND 6947046 ORDER BY c
	Sort  (cost=47.87..47.90 rows=11 width=121)
	  Sort Key: c
	  ->  Index Scan using sbtest5_pkey on sbtest5  (cost=0.43..47.68 rows=11 width=121)
	        Index Cond: ((id >= 6947037) AND (id <= 6947046))

table 6 : explain SELECT c FROM sbtest6 WHERE id BETWEEN 2627057 AND 2627066 ORDER BY c
	Sort  (cost=44.01..44.03 rows=10 width=121)
	  Sort Key: c
	  ->  Index Scan using sbtest6_pkey on sbtest6  (cost=0.43..43.84 rows=10 width=121)
	        Index Cond: ((id >= 2627057) AND (id <= 2627066))

table 7 : explain SELECT c FROM sbtest7 WHERE id BETWEEN 9120278 AND 9120287 ORDER BY c
	Sort  (cost=44.00..44.03 rows=10 width=121)
	  Sort Key: c
	  ->  Index Scan using sbtest7_pkey on sbtest7  (cost=0.43..43.84 rows=10 width=121)
	        Index Cond: ((id >= 9120278) AND (id <= 9120287))

table 8 : explain SELECT c FROM sbtest8 WHERE id BETWEEN 4636990 AND 4636999 ORDER BY c
	Sort  (cost=44.02..44.05 rows=10 width=121)
	  Sort Key: c
	  ->  Index Scan using sbtest8_pkey on sbtest8  (cost=0.43..43.86 rows=10 width=121)
	        Index Cond: ((id >= 4636990) AND (id <= 4636999))

for: distinct_ranges
table 1 : explain SELECT DISTINCT c FROM sbtest1 WHERE id BETWEEN 2187699 AND 2187708 ORDER BY c
	Unique  (cost=44.05..44.10 rows=10 width=121)
	  ->  Sort  (cost=44.05..44.07 rows=10 width=121)
	        Sort Key: c
	        ->  Index Scan using sbtest1_pkey on sbtest1  (cost=0.43..43.88 rows=10 width=121)
	              Index Cond: ((id >= 2187699) AND (id <= 2187708))

table 2 : explain SELECT DISTINCT c FROM sbtest2 WHERE id BETWEEN 7508440 AND 7508449 ORDER BY c
	Unique  (cost=40.15..40.20 rows=9 width=121)
	  ->  Sort  (cost=40.15..40.18 rows=9 width=121)
	        Sort Key: c
	        ->  Index Scan using sbtest2_pkey on sbtest2  (cost=0.43..40.01 rows=9 width=121)
	              Index Cond: ((id >= 7508440) AND (id <= 7508449))

table 3 : explain SELECT DISTINCT c FROM sbtest3 WHERE id BETWEEN 9373722 AND 9373731 ORDER BY c
	Unique  (cost=40.05..40.09 rows=9 width=121)
	  ->  Sort  (cost=40.05..40.07 rows=9 width=121)
	        Sort Key: c
	        ->  Index Scan using sbtest3_pkey on sbtest3  (cost=0.43..39.90 rows=9 width=121)
	              Index Cond: ((id >= 9373722) AND (id <= 9373731))

table 4 : explain SELECT DISTINCT c FROM sbtest4 WHERE id BETWEEN 4695012 AND 4695021 ORDER BY c
	Unique  (cost=40.02..40.07 rows=9 width=121)
	  ->  Sort  (cost=40.02..40.04 rows=9 width=121)
	        Sort Key: c
	        ->  Index Scan using sbtest4_pkey on sbtest4  (cost=0.43..39.88 rows=9 width=121)
	              Index Cond: ((id >= 4695012) AND (id <= 4695021))

table 5 : explain SELECT DISTINCT c FROM sbtest5 WHERE id BETWEEN 6405144 AND 6405153 ORDER BY c
	Unique  (cost=47.87..47.93 rows=11 width=121)
	  ->  Sort  (cost=47.87..47.90 rows=11 width=121)
	        Sort Key: c
	        ->  Index Scan using sbtest5_pkey on sbtest5  (cost=0.43..47.68 rows=11 width=121)
	              Index Cond: ((id >= 6405144) AND (id <= 6405153))

table 6 : explain SELECT DISTINCT c FROM sbtest6 WHERE id BETWEEN 6168399 AND 6168408 ORDER BY c
	Unique  (cost=40.05..40.10 rows=9 width=121)
	  ->  Sort  (cost=40.05..40.08 rows=9 width=121)
	        Sort Key: c
	        ->  Index Scan using sbtest6_pkey on sbtest6  (cost=0.43..39.91 rows=9 width=121)
	              Index Cond: ((id >= 6168399) AND (id <= 6168408))

table 7 : explain SELECT DISTINCT c FROM sbtest7 WHERE id BETWEEN 1907925 AND 1907934 ORDER BY c
	Unique  (cost=40.05..40.09 rows=9 width=121)
	  ->  Sort  (cost=40.05..40.07 rows=9 width=121)
	        Sort Key: c
	        ->  Index Scan using sbtest7_pkey on sbtest7  (cost=0.43..39.91 rows=9 width=121)
	              Index Cond: ((id >= 1907925) AND (id <= 1907934))

table 8 : explain SELECT DISTINCT c FROM sbtest8 WHERE id BETWEEN 1365798 AND 1365807 ORDER BY c
	Unique  (cost=44.02..44.07 rows=10 width=121)
	  ->  Sort  (cost=44.02..44.05 rows=10 width=121)
	        Sort Key: c
	        ->  Index Scan using sbtest8_pkey on sbtest8  (cost=0.43..43.86 rows=10 width=121)
	              Index Cond: ((id >= 1365798) AND (id <= 1365807))

for: order_ranges
table 1 : explain SELECT c FROM sbtest1 WHERE id BETWEEN 3401342 AND 3401351 ORDER BY c
	Sort  (cost=44.05..44.07 rows=10 width=121)
	  Sort Key: c
	  ->  Index Scan using sbtest1_pkey on sbtest1  (cost=0.43..43.88 rows=10 width=121)
	        Index Cond: ((id >= 3401342) AND (id <= 3401351))

table 2 : explain SELECT c FROM sbtest2 WHERE id BETWEEN 6814238 AND 6814247 ORDER BY c
	Sort  (cost=44.12..44.15 rows=10 width=121)
	  Sort Key: c
	  ->  Index Scan using sbtest2_pkey on sbtest2  (cost=0.43..43.96 rows=10 width=121)
	        Index Cond: ((id >= 6814238) AND (id <= 6814247))

table 3 : explain SELECT c FROM sbtest3 WHERE id BETWEEN 2558126 AND 2558135 ORDER BY c
	Sort  (cost=44.00..44.03 rows=10 width=121)
	  Sort Key: c
	  ->  Index Scan using sbtest3_pkey on sbtest3  (cost=0.43..43.83 rows=10 width=121)
	        Index Cond: ((id >= 2558126) AND (id <= 2558135))

table 4 : explain SELECT c FROM sbtest4 WHERE id BETWEEN 7858889 AND 7858898 ORDER BY c
	Sort  (cost=43.97..44.00 rows=10 width=121)
	  Sort Key: c
	  ->  Index Scan using sbtest4_pkey on sbtest4  (cost=0.43..43.81 rows=10 width=121)
	        Index Cond: ((id >= 7858889) AND (id <= 7858898))

table 5 : explain SELECT c FROM sbtest5 WHERE id BETWEEN 4182034 AND 4182043 ORDER BY c
	Sort  (cost=43.93..43.95 rows=10 width=121)
	  Sort Key: c
	  ->  Index Scan using sbtest5_pkey on sbtest5  (cost=0.43..43.76 rows=10 width=121)
	        Index Cond: ((id >= 4182034) AND (id <= 4182043))

table 6 : explain SELECT c FROM sbtest6 WHERE id BETWEEN 1134259 AND 1134268 ORDER BY c
	Sort  (cost=44.01..44.03 rows=10 width=121)
	  Sort Key: c
	  ->  Index Scan using sbtest6_pkey on sbtest6  (cost=0.43..43.84 rows=10 width=121)
	        Index Cond: ((id >= 1134259) AND (id <= 1134268))

table 7 : explain SELECT c FROM sbtest7 WHERE id BETWEEN 5711079 AND 5711088 ORDER BY c
	Sort  (cost=44.00..44.03 rows=10 width=121)
	  Sort Key: c
	  ->  Index Scan using sbtest7_pkey on sbtest7  (cost=0.43..43.84 rows=10 width=121)
	        Index Cond: ((id >= 5711079) AND (id <= 5711088))

table 8 : explain SELECT c FROM sbtest8 WHERE id BETWEEN 6302069 AND 6302078 ORDER BY c
	Sort  (cost=44.02..44.05 rows=10 width=121)
	  Sort Key: c
	  ->  Index Scan using sbtest8_pkey on sbtest8  (cost=0.43..43.86 rows=10 width=121)
	        Index Cond: ((id >= 6302069) AND (id <= 6302078))

for: distinct_ranges
table 1 : explain SELECT DISTINCT c FROM sbtest1 WHERE id BETWEEN 2720217 AND 2720226 ORDER BY c
	Unique  (cost=44.05..44.10 rows=10 width=121)
	  ->  Sort  (cost=44.05..44.07 rows=10 width=121)
	        Sort Key: c
	        ->  Index Scan using sbtest1_pkey on sbtest1  (cost=0.43..43.88 rows=10 width=121)
	              Index Cond: ((id >= 2720217) AND (id <= 2720226))

table 2 : explain SELECT DISTINCT c FROM sbtest2 WHERE id BETWEEN 7458836 AND 7458845 ORDER BY c
	Unique  (cost=40.15..40.20 rows=9 width=121)
	  ->  Sort  (cost=40.15..40.18 rows=9 width=121)
	        Sort Key: c
	        ->  Index Scan using sbtest2_pkey on sbtest2  (cost=0.43..40.01 rows=9 width=121)
	              Index Cond: ((id >= 7458836) AND (id <= 7458845))

table 3 : explain SELECT DISTINCT c FROM sbtest3 WHERE id BETWEEN 9539151 AND 9539160 ORDER BY c
	Unique  (cost=44.00..44.05 rows=10 width=121)
	  ->  Sort  (cost=44.00..44.03 rows=10 width=121)
	        Sort Key: c
	        ->  Index Scan using sbtest3_pkey on sbtest3  (cost=0.43..43.83 rows=10 width=121)
	              Index Cond: ((id >= 9539151) AND (id <= 9539160))

table 4 : explain SELECT DISTINCT c FROM sbtest4 WHERE id BETWEEN 2871025 AND 2871034 ORDER BY c
	Unique  (cost=43.97..44.02 rows=10 width=121)
	  ->  Sort  (cost=43.97..44.00 rows=10 width=121)
	        Sort Key: c
	        ->  Index Scan using sbtest4_pkey on sbtest4  (cost=0.43..43.81 rows=10 width=121)
	              Index Cond: ((id >= 2871025) AND (id <= 2871034))

table 5 : explain SELECT DISTINCT c FROM sbtest5 WHERE id BETWEEN 5686720 AND 5686729 ORDER BY c
	Unique  (cost=43.93..43.98 rows=10 width=121)
	  ->  Sort  (cost=43.93..43.95 rows=10 width=121)
	        Sort Key: c
	        ->  Index Scan using sbtest5_pkey on sbtest5  (cost=0.43..43.76 rows=10 width=121)
	              Index Cond: ((id >= 5686720) AND (id <= 5686729))

table 6 : explain SELECT DISTINCT c FROM sbtest6 WHERE id BETWEEN 2726413 AND 2726422 ORDER BY c
	Unique  (cost=44.01..44.06 rows=10 width=121)
	  ->  Sort  (cost=44.01..44.03 rows=10 width=121)
	        Sort Key: c
	        ->  Index Scan using sbtest6_pkey on sbtest6  (cost=0.43..43.84 rows=10 width=121)
	              Index Cond: ((id >= 2726413) AND (id <= 2726422))

table 7 : explain SELECT DISTINCT c FROM sbtest7 WHERE id BETWEEN 2504091 AND 2504100 ORDER BY c
	Unique  (cost=44.00..44.05 rows=10 width=121)
	  ->  Sort  (cost=44.00..44.03 rows=10 width=121)
	        Sort Key: c
	        ->  Index Scan using sbtest7_pkey on sbtest7  (cost=0.43..43.84 rows=10 width=121)
	              Index Cond: ((id >= 2504091) AND (id <= 2504100))

table 8 : explain SELECT DISTINCT c FROM sbtest8 WHERE id BETWEEN 5879245 AND 5879254 ORDER BY c
	Unique  (cost=44.02..44.07 rows=10 width=121)
	  ->  Sort  (cost=44.02..44.05 rows=10 width=121)
	        Sort Key: c
	        ->  Index Scan using sbtest8_pkey on sbtest8  (cost=0.43..43.86 rows=10 width=121)
	              Index Cond: ((id >= 5879245) AND (id <= 5879254))

for: distinct_ranges
table 1 : explain SELECT DISTINCT c FROM sbtest1 WHERE id BETWEEN 6462673 AND 6462682 ORDER BY c
	Unique  (cost=44.05..44.10 rows=10 width=121)
	  ->  Sort  (cost=44.05..44.07 rows=10 width=121)
	        Sort Key: c
	        ->  Index Scan using sbtest1_pkey on sbtest1  (cost=0.43..43.88 rows=10 width=121)
	              Index Cond: ((id >= 6462673) AND (id <= 6462682))

table 2 : explain SELECT DISTINCT c FROM sbtest2 WHERE id BETWEEN 1794808 AND 1794817 ORDER BY c
	Unique  (cost=44.12..44.17 rows=10 width=121)
	  ->  Sort  (cost=44.12..44.15 rows=10 width=121)
	        Sort Key: c
	        ->  Index Scan using sbtest2_pkey on sbtest2  (cost=0.43..43.96 rows=10 width=121)
	              Index Cond: ((id >= 1794808) AND (id <= 1794817))

table 3 : explain SELECT DISTINCT c FROM sbtest3 WHERE id BETWEEN 3761109 AND 3761118 ORDER BY c
	Unique  (cost=44.00..44.05 rows=10 width=121)
	  ->  Sort  (cost=44.00..44.03 rows=10 width=121)
	        Sort Key: c
	        ->  Index Scan using sbtest3_pkey on sbtest3  (cost=0.43..43.83 rows=10 width=121)
	              Index Cond: ((id >= 3761109) AND (id <= 3761118))

table 4 : explain SELECT DISTINCT c FROM sbtest4 WHERE id BETWEEN 2398054 AND 2398063 ORDER BY c
	Unique  (cost=40.02..40.07 rows=9 width=121)
	  ->  Sort  (cost=40.02..40.04 rows=9 width=121)
	        Sort Key: c
	        ->  Index Scan using sbtest4_pkey on sbtest4  (cost=0.43..39.88 rows=9 width=121)
	              Index Cond: ((id >= 2398054) AND (id <= 2398063))

table 5 : explain SELECT DISTINCT c FROM sbtest5 WHERE id BETWEEN 5056021 AND 5056030 ORDER BY c
	Unique  (cost=43.93..43.98 rows=10 width=121)
	  ->  Sort  (cost=43.93..43.95 rows=10 width=121)
	        Sort Key: c
	        ->  Index Scan using sbtest5_pkey on sbtest5  (cost=0.43..43.76 rows=10 width=121)
	              Index Cond: ((id >= 5056021) AND (id <= 5056030))

table 6 : explain SELECT DISTINCT c FROM sbtest6 WHERE id BETWEEN 5660886 AND 5660895 ORDER BY c
	Unique  (cost=44.01..44.06 rows=10 width=121)
	  ->  Sort  (cost=44.01..44.03 rows=10 width=121)
	        Sort Key: c
	        ->  Index Scan using sbtest6_pkey on sbtest6  (cost=0.43..43.84 rows=10 width=121)
	              Index Cond: ((id >= 5660886) AND (id <= 5660895))

table 7 : explain SELECT DISTINCT c FROM sbtest7 WHERE id BETWEEN 3717875 AND 3717884 ORDER BY c
	Unique  (cost=44.00..44.05 rows=10 width=121)
	  ->  Sort  (cost=44.00..44.03 rows=10 width=121)
	        Sort Key: c
	        ->  Index Scan using sbtest7_pkey on sbtest7  (cost=0.43..43.84 rows=10 width=121)
	              Index Cond: ((id >= 3717875) AND (id <= 3717884))

table 8 : explain SELECT DISTINCT c FROM sbtest8 WHERE id BETWEEN 3888923 AND 3888932 ORDER BY c
	Unique  (cost=44.02..44.07 rows=10 width=121)
	  ->  Sort  (cost=44.02..44.05 rows=10 width=121)
	        Sort Key: c
	        ->  Index Scan using sbtest8_pkey on sbtest8  (cost=0.43..43.86 rows=10 width=121)
	              Index Cond: ((id >= 3888923) AND (id <= 3888932))

for: order_ranges
table 1 : explain SELECT c FROM sbtest1 WHERE id BETWEEN 8083025 AND 8083034 ORDER BY c
	Sort  (cost=44.05..44.07 rows=10 width=121)
	  Sort Key: c
	  ->  Index Scan using sbtest1_pkey on sbtest1  (cost=0.43..43.88 rows=10 width=121)
	        Index Cond: ((id >= 8083025) AND (id <= 8083034))

table 2 : explain SELECT c FROM sbtest2 WHERE id BETWEEN 1326326 AND 1326335 ORDER BY c
	Sort  (cost=44.12..44.15 rows=10 width=121)
	  Sort Key: c
	  ->  Index Scan using sbtest2_pkey on sbtest2  (cost=0.43..43.96 rows=10 width=121)
	        Index Cond: ((id >= 1326326) AND (id <= 1326335))

table 3 : explain SELECT c FROM sbtest3 WHERE id BETWEEN 637060 AND 637069 ORDER BY c
	Sort  (cost=44.00..44.03 rows=10 width=121)
	  Sort Key: c
	  ->  Index Scan using sbtest3_pkey on sbtest3  (cost=0.43..43.83 rows=10 width=121)
	        Index Cond: ((id >= 637060) AND (id <= 637069))

table 4 : explain SELECT c FROM sbtest4 WHERE id BETWEEN 887368 AND 887377 ORDER BY c
	Sort  (cost=43.97..44.00 rows=10 width=121)
	  Sort Key: c
	  ->  Index Scan using sbtest4_pkey on sbtest4  (cost=0.43..43.81 rows=10 width=121)
	        Index Cond: ((id >= 887368) AND (id <= 887377))

table 5 : explain SELECT c FROM sbtest5 WHERE id BETWEEN 3173517 AND 3173526 ORDER BY c
	Sort  (cost=43.93..43.95 rows=10 width=121)
	  Sort Key: c
	  ->  Index Scan using sbtest5_pkey on sbtest5  (cost=0.43..43.76 rows=10 width=121)
	        Index Cond: ((id >= 3173517) AND (id <= 3173526))

table 6 : explain SELECT c FROM sbtest6 WHERE id BETWEEN 3579473 AND 3579482 ORDER BY c
	Sort  (cost=44.01..44.03 rows=10 width=121)
	  Sort Key: c
	  ->  Index Scan using sbtest6_pkey on sbtest6  (cost=0.43..43.84 rows=10 width=121)
	        Index Cond: ((id >= 3579473) AND (id <= 3579482))

table 7 : explain SELECT c FROM sbtest7 WHERE id BETWEEN 692039 AND 692048 ORDER BY c
	Sort  (cost=44.00..44.03 rows=10 width=121)
	  Sort Key: c
	  ->  Index Scan using sbtest7_pkey on sbtest7  (cost=0.43..43.84 rows=10 width=121)
	        Index Cond: ((id >= 692039) AND (id <= 692048))

table 8 : explain SELECT c FROM sbtest8 WHERE id BETWEEN 1829673 AND 1829682 ORDER BY c
	Sort  (cost=40.07..40.09 rows=9 width=121)
	  Sort Key: c
	  ->  Index Scan using sbtest8_pkey on sbtest8  (cost=0.43..39.92 rows=9 width=121)
	        Index Cond: ((id >= 1829673) AND (id <= 1829682))

for: order_ranges
table 1 : explain SELECT c FROM sbtest1 WHERE id BETWEEN 2609 AND 2618 ORDER BY c
	Sort  (cost=44.05..44.07 rows=10 width=121)
	  Sort Key: c
	  ->  Index Scan using sbtest1_pkey on sbtest1  (cost=0.43..43.88 rows=10 width=121)
	        Index Cond: ((id >= 2609) AND (id <= 2618))

table 2 : explain SELECT c FROM sbtest2 WHERE id BETWEEN 464710 AND 464719 ORDER BY c
	Sort  (cost=48.09..48.12 rows=11 width=121)
	  Sort Key: c
	  ->  Index Scan using sbtest2_pkey on sbtest2  (cost=0.43..47.90 rows=11 width=121)
	        Index Cond: ((id >= 464710) AND (id <= 464719))

table 3 : explain SELECT c FROM sbtest3 WHERE id BETWEEN 9885197 AND 9885206 ORDER BY c
	Sort  (cost=44.00..44.03 rows=10 width=121)
	  Sort Key: c
	  ->  Index Scan using sbtest3_pkey on sbtest3  (cost=0.43..43.83 rows=10 width=121)
	        Index Cond: ((id >= 9885197) AND (id <= 9885206))

table 4 : explain SELECT c FROM sbtest4 WHERE id BETWEEN 5912218 AND 5912227 ORDER BY c
	Sort  (cost=47.92..47.95 rows=11 width=121)
	  Sort Key: c
	  ->  Index Scan using sbtest4_pkey on sbtest4  (cost=0.43..47.73 rows=11 width=121)
	        Index Cond: ((id >= 5912218) AND (id <= 5912227))

table 5 : explain SELECT c FROM sbtest5 WHERE id BETWEEN 2609768 AND 2609777 ORDER BY c
	Sort  (cost=43.93..43.95 rows=10 width=121)
	  Sort Key: c
	  ->  Index Scan using sbtest5_pkey on sbtest5  (cost=0.43..43.76 rows=10 width=121)
	        Index Cond: ((id >= 2609768) AND (id <= 2609777))

table 6 : explain SELECT c FROM sbtest6 WHERE id BETWEEN 4215456 AND 4215465 ORDER BY c
	Sort  (cost=47.96..47.99 rows=11 width=121)
	  Sort Key: c
	  ->  Index Scan using sbtest6_pkey on sbtest6  (cost=0.43..47.77 rows=11 width=121)
	        Index Cond: ((id >= 4215456) AND (id <= 4215465))

table 7 : explain SELECT c FROM sbtest7 WHERE id BETWEEN 6811147 AND 6811156 ORDER BY c
	Sort  (cost=44.00..44.03 rows=10 width=121)
	  Sort Key: c
	  ->  Index Scan using sbtest7_pkey on sbtest7  (cost=0.43..43.84 rows=10 width=121)
	        Index Cond: ((id >= 6811147) AND (id <= 6811156))

table 8 : explain SELECT c FROM sbtest8 WHERE id BETWEEN 3945497 AND 3945506 ORDER BY c
	Sort  (cost=44.02..44.05 rows=10 width=121)
	  Sort Key: c
	  ->  Index Scan using sbtest8_pkey on sbtest8  (cost=0.43..43.86 rows=10 width=121)
	        Index Cond: ((id >= 3945497) AND (id <= 3945506))

for: distinct_ranges
table 1 : explain SELECT DISTINCT c FROM sbtest1 WHERE id BETWEEN 8169580 AND 8169589 ORDER BY c
	Unique  (cost=44.05..44.10 rows=10 width=121)
	  ->  Sort  (cost=44.05..44.07 rows=10 width=121)
	        Sort Key: c
	        ->  Index Scan using sbtest1_pkey on sbtest1  (cost=0.43..43.88 rows=10 width=121)
	              Index Cond: ((id >= 8169580) AND (id <= 8169589))

table 2 : explain SELECT DISTINCT c FROM sbtest2 WHERE id BETWEEN 1513014 AND 1513023 ORDER BY c
	Unique  (cost=44.12..44.17 rows=10 width=121)
	  ->  Sort  (cost=44.12..44.15 rows=10 width=121)
	        Sort Key: c
	        ->  Index Scan using sbtest2_pkey on sbtest2  (cost=0.43..43.96 rows=10 width=121)
	              Index Cond: ((id >= 1513014) AND (id <= 1513023))

table 3 : explain SELECT DISTINCT c FROM sbtest3 WHERE id BETWEEN 9060700 AND 9060709 ORDER BY c
	Unique  (cost=44.00..44.05 rows=10 width=121)
	  ->  Sort  (cost=44.00..44.03 rows=10 width=121)
	        Sort Key: c
	        ->  Index Scan using sbtest3_pkey on sbtest3  (cost=0.43..43.83 rows=10 width=121)
	              Index Cond: ((id >= 9060700) AND (id <= 9060709))

table 4 : explain SELECT DISTINCT c FROM sbtest4 WHERE id BETWEEN 3574075 AND 3574084 ORDER BY c
	Unique  (cost=51.88..51.94 rows=12 width=121)
	  ->  Sort  (cost=51.88..51.91 rows=12 width=121)
	        Sort Key: c
	        ->  Index Scan using sbtest4_pkey on sbtest4  (cost=0.43..51.66 rows=12 width=121)
	              Index Cond: ((id >= 3574075) AND (id <= 3574084))

table 5 : explain SELECT DISTINCT c FROM sbtest5 WHERE id BETWEEN 8131346 AND 8131355 ORDER BY c
	Unique  (cost=43.93..43.98 rows=10 width=121)
	  ->  Sort  (cost=43.93..43.95 rows=10 width=121)
	        Sort Key: c
	        ->  Index Scan using sbtest5_pkey on sbtest5  (cost=0.43..43.76 rows=10 width=121)
	              Index Cond: ((id >= 8131346) AND (id <= 8131355))

table 6 : explain SELECT DISTINCT c FROM sbtest6 WHERE id BETWEEN 9989220 AND 9989229 ORDER BY c
	Unique  (cost=47.96..48.02 rows=11 width=121)
	  ->  Sort  (cost=47.96..47.99 rows=11 width=121)
	        Sort Key: c
	        ->  Index Scan using sbtest6_pkey on sbtest6  (cost=0.43..47.77 rows=11 width=121)
	              Index Cond: ((id >= 9989220) AND (id <= 9989229))

table 7 : explain SELECT DISTINCT c FROM sbtest7 WHERE id BETWEEN 5973232 AND 5973241 ORDER BY c
	Unique  (cost=44.00..44.05 rows=10 width=121)
	  ->  Sort  (cost=44.00..44.03 rows=10 width=121)
	        Sort Key: c
	        ->  Index Scan using sbtest7_pkey on sbtest7  (cost=0.43..43.84 rows=10 width=121)
	              Index Cond: ((id >= 5973232) AND (id <= 5973241))

table 8 : explain SELECT DISTINCT c FROM sbtest8 WHERE id BETWEEN 7174008 AND 7174017 ORDER BY c
	Unique  (cost=44.02..44.07 rows=10 width=121)
	  ->  Sort  (cost=44.02..44.05 rows=10 width=121)
	        Sort Key: c
	        ->  Index Scan using sbtest8_pkey on sbtest8  (cost=0.43..43.86 rows=10 width=121)
	              Index Cond: ((id >= 7174008) AND (id <= 7174017))

for: distinct_ranges
table 1 : explain SELECT DISTINCT c FROM sbtest1 WHERE id BETWEEN 6735123 AND 6735132 ORDER BY c
	Unique  (cost=44.05..44.10 rows=10 width=121)
	  ->  Sort  (cost=44.05..44.07 rows=10 width=121)
	        Sort Key: c
	        ->  Index Scan using sbtest1_pkey on sbtest1  (cost=0.43..43.88 rows=10 width=121)
	              Index Cond: ((id >= 6735123) AND (id <= 6735132))

table 2 : explain SELECT DISTINCT c FROM sbtest2 WHERE id BETWEEN 647934 AND 647943 ORDER BY c
	Unique  (cost=44.12..44.17 rows=10 width=121)
	  ->  Sort  (cost=44.12..44.15 rows=10 width=121)
	        Sort Key: c
	        ->  Index Scan using sbtest2_pkey on sbtest2  (cost=0.43..43.96 rows=10 width=121)
	              Index Cond: ((id >= 647934) AND (id <= 647943))

table 3 : explain SELECT DISTINCT c FROM sbtest3 WHERE id BETWEEN 4288723 AND 4288732 ORDER BY c
	Unique  (cost=44.00..44.05 rows=10 width=121)
	  ->  Sort  (cost=44.00..44.03 rows=10 width=121)
	        Sort Key: c
	        ->  Index Scan using sbtest3_pkey on sbtest3  (cost=0.43..43.83 rows=10 width=121)
	              Index Cond: ((id >= 4288723) AND (id <= 4288732))

table 4 : explain SELECT DISTINCT c FROM sbtest4 WHERE id BETWEEN 6553669 AND 6553678 ORDER BY c
	Unique  (cost=40.02..40.07 rows=9 width=121)
	  ->  Sort  (cost=40.02..40.04 rows=9 width=121)
	        Sort Key: c
	        ->  Index Scan using sbtest4_pkey on sbtest4  (cost=0.43..39.88 rows=9 width=121)
	              Index Cond: ((id >= 6553669) AND (id <= 6553678))

table 5 : explain SELECT DISTINCT c FROM sbtest5 WHERE id BETWEEN 8615221 AND 8615230 ORDER BY c
	Unique  (cost=43.93..43.98 rows=10 width=121)
	  ->  Sort  (cost=43.93..43.95 rows=10 width=121)
	        Sort Key: c
	        ->  Index Scan using sbtest5_pkey on sbtest5  (cost=0.43..43.76 rows=10 width=121)
	              Index Cond: ((id >= 8615221) AND (id <= 8615230))

table 6 : explain SELECT DISTINCT c FROM sbtest6 WHERE id BETWEEN 1637991 AND 1638000 ORDER BY c
	Unique  (cost=44.01..44.06 rows=10 width=121)
	  ->  Sort  (cost=44.01..44.03 rows=10 width=121)
	        Sort Key: c
	        ->  Index Scan using sbtest6_pkey on sbtest6  (cost=0.43..43.84 rows=10 width=121)
	              Index Cond: ((id >= 1637991) AND (id <= 1638000))

table 7 : explain SELECT DISTINCT c FROM sbtest7 WHERE id BETWEEN 9422392 AND 9422401 ORDER BY c
	Unique  (cost=40.05..40.09 rows=9 width=121)
	  ->  Sort  (cost=40.05..40.07 rows=9 width=121)
	        Sort Key: c
	        ->  Index Scan using sbtest7_pkey on sbtest7  (cost=0.43..39.91 rows=9 width=121)
	              Index Cond: ((id >= 9422392) AND (id <= 9422401))

table 8 : explain SELECT DISTINCT c FROM sbtest8 WHERE id BETWEEN 7266458 AND 7266467 ORDER BY c
	Unique  (cost=47.98..48.04 rows=11 width=121)
	  ->  Sort  (cost=47.98..48.01 rows=11 width=121)
	        Sort Key: c
	        ->  Index Scan using sbtest8_pkey on sbtest8  (cost=0.43..47.79 rows=11 width=121)
	              Index Cond: ((id >= 7266458) AND (id <= 7266467))

for: order_ranges
table 1 : explain SELECT c FROM sbtest1 WHERE id BETWEEN 2156970 AND 2156979 ORDER BY c
	Sort  (cost=44.05..44.07 rows=10 width=121)
	  Sort Key: c
	  ->  Index Scan using sbtest1_pkey on sbtest1  (cost=0.43..43.88 rows=10 width=121)
	        Index Cond: ((id >= 2156970) AND (id <= 2156979))

table 2 : explain SELECT c FROM sbtest2 WHERE id BETWEEN 1363309 AND 1363318 ORDER BY c
	Sort  (cost=44.12..44.15 rows=10 width=121)
	  Sort Key: c
	  ->  Index Scan using sbtest2_pkey on sbtest2  (cost=0.43..43.96 rows=10 width=121)
	        Index Cond: ((id >= 1363309) AND (id <= 1363318))

table 3 : explain SELECT c FROM sbtest3 WHERE id BETWEEN 3222597 AND 3222606 ORDER BY c
	Sort  (cost=40.05..40.07 rows=9 width=121)
	  Sort Key: c
	  ->  Index Scan using sbtest3_pkey on sbtest3  (cost=0.43..39.90 rows=9 width=121)
	        Index Cond: ((id >= 3222597) AND (id <= 3222606))

table 4 : explain SELECT c FROM sbtest4 WHERE id BETWEEN 4052415 AND 4052424 ORDER BY c
	Sort  (cost=43.97..44.00 rows=10 width=121)
	  Sort Key: c
	  ->  Index Scan using sbtest4_pkey on sbtest4  (cost=0.43..43.81 rows=10 width=121)
	        Index Cond: ((id >= 4052415) AND (id <= 4052424))

table 5 : explain SELECT c FROM sbtest5 WHERE id BETWEEN 5666297 AND 5666306 ORDER BY c
	Sort  (cost=43.93..43.95 rows=10 width=121)
	  Sort Key: c
	  ->  Index Scan using sbtest5_pkey on sbtest5  (cost=0.43..43.76 rows=10 width=121)
	        Index Cond: ((id >= 5666297) AND (id <= 5666306))

table 6 : explain SELECT c FROM sbtest6 WHERE id BETWEEN 4688332 AND 4688341 ORDER BY c
	Sort  (cost=44.01..44.03 rows=10 width=121)
	  Sort Key: c
	  ->  Index Scan using sbtest6_pkey on sbtest6  (cost=0.43..43.84 rows=10 width=121)
	        Index Cond: ((id >= 4688332) AND (id <= 4688341))

table 7 : explain SELECT c FROM sbtest7 WHERE id BETWEEN 7602530 AND 7602539 ORDER BY c
	Sort  (cost=47.96..47.99 rows=11 width=121)
	  Sort Key: c
	  ->  Index Scan using sbtest7_pkey on sbtest7  (cost=0.43..47.77 rows=11 width=121)
	        Index Cond: ((id >= 7602530) AND (id <= 7602539))

table 8 : explain SELECT c FROM sbtest8 WHERE id BETWEEN 8562009 AND 8562018 ORDER BY c
	Sort  (cost=47.98..48.01 rows=11 width=121)
	  Sort Key: c
	  ->  Index Scan using sbtest8_pkey on sbtest8  (cost=0.43..47.79 rows=11 width=121)
	        Index Cond: ((id >= 8562009) AND (id <= 8562018))

for: sum_ranges
table 1 : explain SELECT SUM(k) FROM sbtest1 WHERE id BETWEEN 2739114 AND 2739123
	Aggregate  (cost=47.84..47.85 rows=1 width=8)
	  ->  Index Scan using sbtest1_pkey on sbtest1  (cost=0.43..47.82 rows=11 width=4)
	        Index Cond: ((id >= 2739114) AND (id <= 2739123))

table 2 : explain SELECT SUM(k) FROM sbtest2 WHERE id BETWEEN 7392121 AND 7392130
	Aggregate  (cost=47.93..47.94 rows=1 width=8)
	  ->  Index Scan using sbtest2_pkey on sbtest2  (cost=0.43..47.90 rows=11 width=4)
	        Index Cond: ((id >= 7392121) AND (id <= 7392130))

table 3 : explain SELECT SUM(k) FROM sbtest3 WHERE id BETWEEN 1596809 AND 1596818
	Aggregate  (cost=43.86..43.87 rows=1 width=8)
	  ->  Index Scan using sbtest3_pkey on sbtest3  (cost=0.43..43.83 rows=10 width=4)
	        Index Cond: ((id >= 1596809) AND (id <= 1596818))

table 4 : explain SELECT SUM(k) FROM sbtest4 WHERE id BETWEEN 1821164 AND 1821173
	Aggregate  (cost=43.83..43.84 rows=1 width=8)
	  ->  Index Scan using sbtest4_pkey on sbtest4  (cost=0.43..43.81 rows=10 width=4)
	        Index Cond: ((id >= 1821164) AND (id <= 1821173))

table 5 : explain SELECT SUM(k) FROM sbtest5 WHERE id BETWEEN 1470501 AND 1470510
	Aggregate  (cost=47.71..47.72 rows=1 width=8)
	  ->  Index Scan using sbtest5_pkey on sbtest5  (cost=0.43..47.68 rows=11 width=4)
	        Index Cond: ((id >= 1470501) AND (id <= 1470510))

table 6 : explain SELECT SUM(k) FROM sbtest6 WHERE id BETWEEN 8677390 AND 8677399
	Aggregate  (cost=39.93..39.94 rows=1 width=8)
	  ->  Index Scan using sbtest6_pkey on sbtest6  (cost=0.43..39.91 rows=9 width=4)
	        Index Cond: ((id >= 8677390) AND (id <= 8677399))

table 7 : explain SELECT SUM(k) FROM sbtest7 WHERE id BETWEEN 5672688 AND 5672697
	Aggregate  (cost=43.86..43.87 rows=1 width=8)
	  ->  Index Scan using sbtest7_pkey on sbtest7  (cost=0.43..43.84 rows=10 width=4)
	        Index Cond: ((id >= 5672688) AND (id <= 5672697))

table 8 : explain SELECT SUM(k) FROM sbtest8 WHERE id BETWEEN 1683576 AND 1683585
	Aggregate  (cost=39.95..39.96 rows=1 width=8)
	  ->  Index Scan using sbtest8_pkey on sbtest8  (cost=0.43..39.92 rows=9 width=4)
	        Index Cond: ((id >= 1683576) AND (id <= 1683585))

for: order_ranges
table 1 : explain SELECT c FROM sbtest1 WHERE id BETWEEN 6074215 AND 6074224 ORDER BY c
	Sort  (cost=44.05..44.07 rows=10 width=121)
	  Sort Key: c
	  ->  Index Scan using sbtest1_pkey on sbtest1  (cost=0.43..43.88 rows=10 width=121)
	        Index Cond: ((id >= 6074215) AND (id <= 6074224))

table 2 : explain SELECT c FROM sbtest2 WHERE id BETWEEN 7485690 AND 7485699 ORDER BY c
	Sort  (cost=40.15..40.18 rows=9 width=121)
	  Sort Key: c
	  ->  Index Scan using sbtest2_pkey on sbtest2  (cost=0.43..40.01 rows=9 width=121)
	        Index Cond: ((id >= 7485690) AND (id <= 7485699))

table 3 : explain SELECT c FROM sbtest3 WHERE id BETWEEN 5293161 AND 5293170 ORDER BY c
	Sort  (cost=44.00..44.03 rows=10 width=121)
	  Sort Key: c
	  ->  Index Scan using sbtest3_pkey on sbtest3  (cost=0.43..43.83 rows=10 width=121)
	        Index Cond: ((id >= 5293161) AND (id <= 5293170))

table 4 : explain SELECT c FROM sbtest4 WHERE id BETWEEN 2141919 AND 2141928 ORDER BY c
	Sort  (cost=43.97..44.00 rows=10 width=121)
	  Sort Key: c
	  ->  Index Scan using sbtest4_pkey on sbtest4  (cost=0.43..43.81 rows=10 width=121)
	        Index Cond: ((id >= 2141919) AND (id <= 2141928))

table 5 : explain SELECT c FROM sbtest5 WHERE id BETWEEN 3145120 AND 3145129 ORDER BY c
	Sort  (cost=43.93..43.95 rows=10 width=121)
	  Sort Key: c
	  ->  Index Scan using sbtest5_pkey on sbtest5  (cost=0.43..43.76 rows=10 width=121)
	        Index Cond: ((id >= 3145120) AND (id <= 3145129))

table 6 : explain SELECT c FROM sbtest6 WHERE id BETWEEN 5639935 AND 5639944 ORDER BY c
	Sort  (cost=44.01..44.03 rows=10 width=121)
	  Sort Key: c
	  ->  Index Scan using sbtest6_pkey on sbtest6  (cost=0.43..43.84 rows=10 width=121)
	        Index Cond: ((id >= 5639935) AND (id <= 5639944))

table 7 : explain SELECT c FROM sbtest7 WHERE id BETWEEN 5504038 AND 5504047 ORDER BY c
	Sort  (cost=44.00..44.03 rows=10 width=121)
	  Sort Key: c
	  ->  Index Scan using sbtest7_pkey on sbtest7  (cost=0.43..43.84 rows=10 width=121)
	        Index Cond: ((id >= 5504038) AND (id <= 5504047))

table 8 : explain SELECT c FROM sbtest8 WHERE id BETWEEN 3449091 AND 3449100 ORDER BY c
	Sort  (cost=44.02..44.05 rows=10 width=121)
	  Sort Key: c
	  ->  Index Scan using sbtest8_pkey on sbtest8  (cost=0.43..43.86 rows=10 width=121)
	        Index Cond: ((id >= 3449091) AND (id <= 3449100))

for: distinct_ranges
table 1 : explain SELECT DISTINCT c FROM sbtest1 WHERE id BETWEEN 5528093 AND 5528102 ORDER BY c
	Unique  (cost=44.05..44.10 rows=10 width=121)
	  ->  Sort  (cost=44.05..44.07 rows=10 width=121)
	        Sort Key: c
	        ->  Index Scan using sbtest1_pkey on sbtest1  (cost=0.43..43.88 rows=10 width=121)
	              Index Cond: ((id >= 5528093) AND (id <= 5528102))

table 2 : explain SELECT DISTINCT c FROM sbtest2 WHERE id BETWEEN 2686530 AND 2686539 ORDER BY c
	Unique  (cost=44.12..44.17 rows=10 width=121)
	  ->  Sort  (cost=44.12..44.15 rows=10 width=121)
	        Sort Key: c
	        ->  Index Scan using sbtest2_pkey on sbtest2  (cost=0.43..43.96 rows=10 width=121)
	              Index Cond: ((id >= 2686530) AND (id <= 2686539))

table 3 : explain SELECT DISTINCT c FROM sbtest3 WHERE id BETWEEN 3550559 AND 3550568 ORDER BY c
	Unique  (cost=44.00..44.05 rows=10 width=121)
	  ->  Sort  (cost=44.00..44.03 rows=10 width=121)
	        Sort Key: c
	        ->  Index Scan using sbtest3_pkey on sbtest3  (cost=0.43..43.83 rows=10 width=121)
	              Index Cond: ((id >= 3550559) AND (id <= 3550568))

table 4 : explain SELECT DISTINCT c FROM sbtest4 WHERE id BETWEEN 8273044 AND 8273053 ORDER BY c
	Unique  (cost=43.97..44.02 rows=10 width=121)
	  ->  Sort  (cost=43.97..44.00 rows=10 width=121)
	        Sort Key: c
	        ->  Index Scan using sbtest4_pkey on sbtest4  (cost=0.43..43.81 rows=10 width=121)
	              Index Cond: ((id >= 8273044) AND (id <= 8273053))

table 5 : explain SELECT DISTINCT c FROM sbtest5 WHERE id BETWEEN 9063846 AND 9063855 ORDER BY c
	Unique  (cost=43.93..43.98 rows=10 width=121)
	  ->  Sort  (cost=43.93..43.95 rows=10 width=121)
	        Sort Key: c
	        ->  Index Scan using sbtest5_pkey on sbtest5  (cost=0.43..43.76 rows=10 width=121)
	              Index Cond: ((id >= 9063846) AND (id <= 9063855))

table 6 : explain SELECT DISTINCT c FROM sbtest6 WHERE id BETWEEN 9885860 AND 9885869 ORDER BY c
	Unique  (cost=47.96..48.02 rows=11 width=121)
	  ->  Sort  (cost=47.96..47.99 rows=11 width=121)
	        Sort Key: c
	        ->  Index Scan using sbtest6_pkey on sbtest6  (cost=0.43..47.77 rows=11 width=121)
	              Index Cond: ((id >= 9885860) AND (id <= 9885869))

table 7 : explain SELECT DISTINCT c FROM sbtest7 WHERE id BETWEEN 6348222 AND 6348231 ORDER BY c
	Unique  (cost=40.05..40.09 rows=9 width=121)
	  ->  Sort  (cost=40.05..40.07 rows=9 width=121)
	        Sort Key: c
	        ->  Index Scan using sbtest7_pkey on sbtest7  (cost=0.43..39.91 rows=9 width=121)
	              Index Cond: ((id >= 6348222) AND (id <= 6348231))

table 8 : explain SELECT DISTINCT c FROM sbtest8 WHERE id BETWEEN 6223844 AND 6223853 ORDER BY c
	Unique  (cost=47.98..48.04 rows=11 width=121)
	  ->  Sort  (cost=47.98..48.01 rows=11 width=121)
	        Sort Key: c
	        ->  Index Scan using sbtest8_pkey on sbtest8  (cost=0.43..47.79 rows=11 width=121)
	              Index Cond: ((id >= 6223844) AND (id <= 6223853))

for: distinct_ranges
table 1 : explain SELECT DISTINCT c FROM sbtest1 WHERE id BETWEEN 9481463 AND 9481472 ORDER BY c
	Unique  (cost=44.05..44.10 rows=10 width=121)
	  ->  Sort  (cost=44.05..44.07 rows=10 width=121)
	        Sort Key: c
	        ->  Index Scan using sbtest1_pkey on sbtest1  (cost=0.43..43.88 rows=10 width=121)
	              Index Cond: ((id >= 9481463) AND (id <= 9481472))

table 2 : explain SELECT DISTINCT c FROM sbtest2 WHERE id BETWEEN 5829744 AND 5829753 ORDER BY c
	Unique  (cost=40.15..40.20 rows=9 width=121)
	  ->  Sort  (cost=40.15..40.18 rows=9 width=121)
	        Sort Key: c
	        ->  Index Scan using sbtest2_pkey on sbtest2  (cost=0.43..40.01 rows=9 width=121)
	              Index Cond: ((id >= 5829744) AND (id <= 5829753))

table 3 : explain SELECT DISTINCT c FROM sbtest3 WHERE id BETWEEN 1774533 AND 1774542 ORDER BY c
	Unique  (cost=44.00..44.05 rows=10 width=121)
	  ->  Sort  (cost=44.00..44.03 rows=10 width=121)
	        Sort Key: c
	        ->  Index Scan using sbtest3_pkey on sbtest3  (cost=0.43..43.83 rows=10 width=121)
	              Index Cond: ((id >= 1774533) AND (id <= 1774542))

table 4 : explain SELECT DISTINCT c FROM sbtest4 WHERE id BETWEEN 8636572 AND 8636581 ORDER BY c
	Unique  (cost=43.97..44.02 rows=10 width=121)
	  ->  Sort  (cost=43.97..44.00 rows=10 width=121)
	        Sort Key: c
	        ->  Index Scan using sbtest4_pkey on sbtest4  (cost=0.43..43.81 rows=10 width=121)
	              Index Cond: ((id >= 8636572) AND (id <= 8636581))

table 5 : explain SELECT DISTINCT c FROM sbtest5 WHERE id BETWEEN 3575918 AND 3575927 ORDER BY c
	Unique  (cost=43.93..43.98 rows=10 width=121)
	  ->  Sort  (cost=43.93..43.95 rows=10 width=121)
	        Sort Key: c
	        ->  Index Scan using sbtest5_pkey on sbtest5  (cost=0.43..43.76 rows=10 width=121)
	              Index Cond: ((id >= 3575918) AND (id <= 3575927))

table 6 : explain SELECT DISTINCT c FROM sbtest6 WHERE id BETWEEN 8332558 AND 8332567 ORDER BY c
	Unique  (cost=40.05..40.10 rows=9 width=121)
	  ->  Sort  (cost=40.05..40.08 rows=9 width=121)
	        Sort Key: c
	        ->  Index Scan using sbtest6_pkey on sbtest6  (cost=0.43..39.91 rows=9 width=121)
	              Index Cond: ((id >= 8332558) AND (id <= 8332567))

table 7 : explain SELECT DISTINCT c FROM sbtest7 WHERE id BETWEEN 7722759 AND 7722768 ORDER BY c
	Unique  (cost=40.05..40.09 rows=9 width=121)
	  ->  Sort  (cost=40.05..40.07 rows=9 width=121)
	        Sort Key: c
	        ->  Index Scan using sbtest7_pkey on sbtest7  (cost=0.43..39.91 rows=9 width=121)
	              Index Cond: ((id >= 7722759) AND (id <= 7722768))

table 8 : explain SELECT DISTINCT c FROM sbtest8 WHERE id BETWEEN 4706457 AND 4706466 ORDER BY c
	Unique  (cost=44.02..44.07 rows=10 width=121)
	  ->  Sort  (cost=44.02..44.05 rows=10 width=121)
	        Sort Key: c
	        ->  Index Scan using sbtest8_pkey on sbtest8  (cost=0.43..43.86 rows=10 width=121)
	              Index Cond: ((id >= 4706457) AND (id <= 4706466))

for: order_ranges
table 1 : explain SELECT c FROM sbtest1 WHERE id BETWEEN 6668071 AND 6668080 ORDER BY c
	Sort  (cost=48.01..48.03 rows=11 width=121)
	  Sort Key: c
	  ->  Index Scan using sbtest1_pkey on sbtest1  (cost=0.43..47.82 rows=11 width=121)
	        Index Cond: ((id >= 6668071) AND (id <= 6668080))

table 2 : explain SELECT c FROM sbtest2 WHERE id BETWEEN 6904033 AND 6904042 ORDER BY c
	Sort  (cost=52.06..52.09 rows=12 width=121)
	  Sort Key: c
	  ->  Index Scan using sbtest2_pkey on sbtest2  (cost=0.43..51.84 rows=12 width=121)
	        Index Cond: ((id >= 6904033) AND (id <= 6904042))

table 3 : explain SELECT c FROM sbtest3 WHERE id BETWEEN 3464833 AND 3464842 ORDER BY c
	Sort  (cost=44.00..44.03 rows=10 width=121)
	  Sort Key: c
	  ->  Index Scan using sbtest3_pkey on sbtest3  (cost=0.43..43.83 rows=10 width=121)
	        Index Cond: ((id >= 3464833) AND (id <= 3464842))

table 4 : explain SELECT c FROM sbtest4 WHERE id BETWEEN 1457739 AND 1457748 ORDER BY c
	Sort  (cost=43.97..44.00 rows=10 width=121)
	  Sort Key: c
	  ->  Index Scan using sbtest4_pkey on sbtest4  (cost=0.43..43.81 rows=10 width=121)
	        Index Cond: ((id >= 1457739) AND (id <= 1457748))

table 5 : explain SELECT c FROM sbtest5 WHERE id BETWEEN 3515617 AND 3515626 ORDER BY c
	Sort  (cost=43.93..43.95 rows=10 width=121)
	  Sort Key: c
	  ->  Index Scan using sbtest5_pkey on sbtest5  (cost=0.43..43.76 rows=10 width=121)
	        Index Cond: ((id >= 3515617) AND (id <= 3515626))

table 6 : explain SELECT c FROM sbtest6 WHERE id BETWEEN 1282608 AND 1282617 ORDER BY c
	Sort  (cost=44.01..44.03 rows=10 width=121)
	  Sort Key: c
	  ->  Index Scan using sbtest6_pkey on sbtest6  (cost=0.43..43.84 rows=10 width=121)
	        Index Cond: ((id >= 1282608) AND (id <= 1282617))

table 7 : explain SELECT c FROM sbtest7 WHERE id BETWEEN 3229534 AND 3229543 ORDER BY c
	Sort  (cost=44.00..44.03 rows=10 width=121)
	  Sort Key: c
	  ->  Index Scan using sbtest7_pkey on sbtest7  (cost=0.43..43.84 rows=10 width=121)
	        Index Cond: ((id >= 3229534) AND (id <= 3229543))

table 8 : explain SELECT c FROM sbtest8 WHERE id BETWEEN 3726443 AND 3726452 ORDER BY c
	Sort  (cost=40.07..40.09 rows=9 width=121)
	  Sort Key: c
	  ->  Index Scan using sbtest8_pkey on sbtest8  (cost=0.43..39.92 rows=9 width=121)
	        Index Cond: ((id >= 3726443) AND (id <= 3726452))

for: order_ranges
table 1 : explain SELECT c FROM sbtest1 WHERE id BETWEEN 1331799 AND 1331808 ORDER BY c
	Sort  (cost=44.05..44.07 rows=10 width=121)
	  Sort Key: c
	  ->  Index Scan using sbtest1_pkey on sbtest1  (cost=0.43..43.88 rows=10 width=121)
	        Index Cond: ((id >= 1331799) AND (id <= 1331808))

table 2 : explain SELECT c FROM sbtest2 WHERE id BETWEEN 8631429 AND 8631438 ORDER BY c
	Sort  (cost=44.12..44.15 rows=10 width=121)
	  Sort Key: c
	  ->  Index Scan using sbtest2_pkey on sbtest2  (cost=0.43..43.96 rows=10 width=121)
	        Index Cond: ((id >= 8631429) AND (id <= 8631438))

table 3 : explain SELECT c FROM sbtest3 WHERE id BETWEEN 8773038 AND 8773047 ORDER BY c
	Sort  (cost=44.00..44.03 rows=10 width=121)
	  Sort Key: c
	  ->  Index Scan using sbtest3_pkey on sbtest3  (cost=0.43..43.83 rows=10 width=121)
	        Index Cond: ((id >= 8773038) AND (id <= 8773047))

table 4 : explain SELECT c FROM sbtest4 WHERE id BETWEEN 9098784 AND 9098793 ORDER BY c
	Sort  (cost=43.97..44.00 rows=10 width=121)
	  Sort Key: c
	  ->  Index Scan using sbtest4_pkey on sbtest4  (cost=0.43..43.81 rows=10 width=121)
	        Index Cond: ((id >= 9098784) AND (id <= 9098793))

table 5 : explain SELECT c FROM sbtest5 WHERE id BETWEEN 1141788 AND 1141797 ORDER BY c
	Sort  (cost=43.93..43.95 rows=10 width=121)
	  Sort Key: c
	  ->  Index Scan using sbtest5_pkey on sbtest5  (cost=0.43..43.76 rows=10 width=121)
	        Index Cond: ((id >= 1141788) AND (id <= 1141797))

table 6 : explain SELECT c FROM sbtest6 WHERE id BETWEEN 6130533 AND 6130542 ORDER BY c
	Sort  (cost=40.05..40.08 rows=9 width=121)
	  Sort Key: c
	  ->  Index Scan using sbtest6_pkey on sbtest6  (cost=0.43..39.91 rows=9 width=121)
	        Index Cond: ((id >= 6130533) AND (id <= 6130542))

table 7 : explain SELECT c FROM sbtest7 WHERE id BETWEEN 2608027 AND 2608036 ORDER BY c
	Sort  (cost=40.05..40.07 rows=9 width=121)
	  Sort Key: c
	  ->  Index Scan using sbtest7_pkey on sbtest7  (cost=0.43..39.91 rows=9 width=121)
	        Index Cond: ((id >= 2608027) AND (id <= 2608036))

table 8 : explain SELECT c FROM sbtest8 WHERE id BETWEEN 9226339 AND 9226348 ORDER BY c
	Sort  (cost=44.02..44.05 rows=10 width=121)
	  Sort Key: c
	  ->  Index Scan using sbtest8_pkey on sbtest8  (cost=0.43..43.86 rows=10 width=121)
	        Index Cond: ((id >= 9226339) AND (id <= 9226348))

for: distinct_ranges
table 1 : explain SELECT DISTINCT c FROM sbtest1 WHERE id BETWEEN 3992191 AND 3992200 ORDER BY c
	Unique  (cost=40.09..40.13 rows=9 width=121)
	  ->  Sort  (cost=40.09..40.11 rows=9 width=121)
	        Sort Key: c
	        ->  Index Scan using sbtest1_pkey on sbtest1  (cost=0.43..39.94 rows=9 width=121)
	              Index Cond: ((id >= 3992191) AND (id <= 3992200))

table 2 : explain SELECT DISTINCT c FROM sbtest2 WHERE id BETWEEN 5076863 AND 5076872 ORDER BY c
	Unique  (cost=44.12..44.17 rows=10 width=121)
	  ->  Sort  (cost=44.12..44.15 rows=10 width=121)
	        Sort Key: c
	        ->  Index Scan using sbtest2_pkey on sbtest2  (cost=0.43..43.96 rows=10 width=121)
	              Index Cond: ((id >= 5076863) AND (id <= 5076872))

table 3 : explain SELECT DISTINCT c FROM sbtest3 WHERE id BETWEEN 3663660 AND 3663669 ORDER BY c
	Unique  (cost=44.00..44.05 rows=10 width=121)
	  ->  Sort  (cost=44.00..44.03 rows=10 width=121)
	        Sort Key: c
	        ->  Index Scan using sbtest3_pkey on sbtest3  (cost=0.43..43.83 rows=10 width=121)
	              Index Cond: ((id >= 3663660) AND (id <= 3663669))

table 4 : explain SELECT DISTINCT c FROM sbtest4 WHERE id BETWEEN 7002019 AND 7002028 ORDER BY c
	Unique  (cost=40.02..40.07 rows=9 width=121)
	  ->  Sort  (cost=40.02..40.04 rows=9 width=121)
	        Sort Key: c
	        ->  Index Scan using sbtest4_pkey on sbtest4  (cost=0.43..39.88 rows=9 width=121)
	              Index Cond: ((id >= 7002019) AND (id <= 7002028))

table 5 : explain SELECT DISTINCT c FROM sbtest5 WHERE id BETWEEN 432576 AND 432585 ORDER BY c
	Unique  (cost=47.87..47.93 rows=11 width=121)
	  ->  Sort  (cost=47.87..47.90 rows=11 width=121)
	        Sort Key: c
	        ->  Index Scan using sbtest5_pkey on sbtest5  (cost=0.43..47.68 rows=11 width=121)
	              Index Cond: ((id >= 432576) AND (id <= 432585))

table 6 : explain SELECT DISTINCT c FROM sbtest6 WHERE id BETWEEN 3623177 AND 3623186 ORDER BY c
	Unique  (cost=44.01..44.06 rows=10 width=121)
	  ->  Sort  (cost=44.01..44.03 rows=10 width=121)
	        Sort Key: c
	        ->  Index Scan using sbtest6_pkey on sbtest6  (cost=0.43..43.84 rows=10 width=121)
	              Index Cond: ((id >= 3623177) AND (id <= 3623186))

table 7 : explain SELECT DISTINCT c FROM sbtest7 WHERE id BETWEEN 2001057 AND 2001066 ORDER BY c
	Unique  (cost=44.00..44.05 rows=10 width=121)
	  ->  Sort  (cost=44.00..44.03 rows=10 width=121)
	        Sort Key: c
	        ->  Index Scan using sbtest7_pkey on sbtest7  (cost=0.43..43.84 rows=10 width=121)
	              Index Cond: ((id >= 2001057) AND (id <= 2001066))

table 8 : explain SELECT DISTINCT c FROM sbtest8 WHERE id BETWEEN 2624319 AND 2624328 ORDER BY c
	Unique  (cost=44.02..44.07 rows=10 width=121)
	  ->  Sort  (cost=44.02..44.05 rows=10 width=121)
	        Sort Key: c
	        ->  Index Scan using sbtest8_pkey on sbtest8  (cost=0.43..43.86 rows=10 width=121)
	              Index Cond: ((id >= 2624319) AND (id <= 2624328))

for: distinct_ranges
table 1 : explain SELECT DISTINCT c FROM sbtest1 WHERE id BETWEEN 4048430 AND 4048439 ORDER BY c
	Unique  (cost=44.05..44.10 rows=10 width=121)
	  ->  Sort  (cost=44.05..44.07 rows=10 width=121)
	        Sort Key: c
	        ->  Index Scan using sbtest1_pkey on sbtest1  (cost=0.43..43.88 rows=10 width=121)
	              Index Cond: ((id >= 4048430) AND (id <= 4048439))

table 2 : explain SELECT DISTINCT c FROM sbtest2 WHERE id BETWEEN 4686740 AND 4686749 ORDER BY c
	Unique  (cost=40.15..40.20 rows=9 width=121)
	  ->  Sort  (cost=40.15..40.18 rows=9 width=121)
	        Sort Key: c
	        ->  Index Scan using sbtest2_pkey on sbtest2  (cost=0.43..40.01 rows=9 width=121)
	              Index Cond: ((id >= 4686740) AND (id <= 4686749))

table 3 : explain SELECT DISTINCT c FROM sbtest3 WHERE id BETWEEN 3599916 AND 3599925 ORDER BY c
	Unique  (cost=44.00..44.05 rows=10 width=121)
	  ->  Sort  (cost=44.00..44.03 rows=10 width=121)
	        Sort Key: c
	        ->  Index Scan using sbtest3_pkey on sbtest3  (cost=0.43..43.83 rows=10 width=121)
	              Index Cond: ((id >= 3599916) AND (id <= 3599925))

table 4 : explain SELECT DISTINCT c FROM sbtest4 WHERE id BETWEEN 4358906 AND 4358915 ORDER BY c
	Unique  (cost=43.97..44.02 rows=10 width=121)
	  ->  Sort  (cost=43.97..44.00 rows=10 width=121)
	        Sort Key: c
	        ->  Index Scan using sbtest4_pkey on sbtest4  (cost=0.43..43.81 rows=10 width=121)
	              Index Cond: ((id >= 4358906) AND (id <= 4358915))

table 5 : explain SELECT DISTINCT c FROM sbtest5 WHERE id BETWEEN 6374890 AND 6374899 ORDER BY c
	Unique  (cost=47.87..47.93 rows=11 width=121)
	  ->  Sort  (cost=47.87..47.90 rows=11 width=121)
	        Sort Key: c
	        ->  Index Scan using sbtest5_pkey on sbtest5  (cost=0.43..47.68 rows=11 width=121)
	              Index Cond: ((id >= 6374890) AND (id <= 6374899))

table 6 : explain SELECT DISTINCT c FROM sbtest6 WHERE id BETWEEN 8958761 AND 8958770 ORDER BY c
	Unique  (cost=44.01..44.06 rows=10 width=121)
	  ->  Sort  (cost=44.01..44.03 rows=10 width=121)
	        Sort Key: c
	        ->  Index Scan using sbtest6_pkey on sbtest6  (cost=0.43..43.84 rows=10 width=121)
	              Index Cond: ((id >= 8958761) AND (id <= 8958770))

table 7 : explain SELECT DISTINCT c FROM sbtest7 WHERE id BETWEEN 8296821 AND 8296830 ORDER BY c
	Unique  (cost=40.05..40.09 rows=9 width=121)
	  ->  Sort  (cost=40.05..40.07 rows=9 width=121)
	        Sort Key: c
	        ->  Index Scan using sbtest7_pkey on sbtest7  (cost=0.43..39.91 rows=9 width=121)
	              Index Cond: ((id >= 8296821) AND (id <= 8296830))

table 8 : explain SELECT DISTINCT c FROM sbtest8 WHERE id BETWEEN 9534832 AND 9534841 ORDER BY c
	Unique  (cost=44.02..44.07 rows=10 width=121)
	  ->  Sort  (cost=44.02..44.05 rows=10 width=121)
	        Sort Key: c
	        ->  Index Scan using sbtest8_pkey on sbtest8  (cost=0.43..43.86 rows=10 width=121)
	              Index Cond: ((id >= 9534832) AND (id <= 9534841))

for: order_ranges
table 1 : explain SELECT c FROM sbtest1 WHERE id BETWEEN 8401324 AND 8401333 ORDER BY c
	Sort  (cost=40.09..40.11 rows=9 width=121)
	  Sort Key: c
	  ->  Index Scan using sbtest1_pkey on sbtest1  (cost=0.43..39.94 rows=9 width=121)
	        Index Cond: ((id >= 8401324) AND (id <= 8401333))

table 2 : explain SELECT c FROM sbtest2 WHERE id BETWEEN 180577 AND 180586 ORDER BY c
	Sort  (cost=48.09..48.12 rows=11 width=121)
	  Sort Key: c
	  ->  Index Scan using sbtest2_pkey on sbtest2  (cost=0.43..47.90 rows=11 width=121)
	        Index Cond: ((id >= 180577) AND (id <= 180586))

table 3 : explain SELECT c FROM sbtest3 WHERE id BETWEEN 2348401 AND 2348410 ORDER BY c
	Sort  (cost=44.00..44.03 rows=10 width=121)
	  Sort Key: c
	  ->  Index Scan using sbtest3_pkey on sbtest3  (cost=0.43..43.83 rows=10 width=121)
	        Index Cond: ((id >= 2348401) AND (id <= 2348410))

table 4 : explain SELECT c FROM sbtest4 WHERE id BETWEEN 4312113 AND 4312122 ORDER BY c
	Sort  (cost=43.97..44.00 rows=10 width=121)
	  Sort Key: c
	  ->  Index Scan using sbtest4_pkey on sbtest4  (cost=0.43..43.81 rows=10 width=121)
	        Index Cond: ((id >= 4312113) AND (id <= 4312122))

table 5 : explain SELECT c FROM sbtest5 WHERE id BETWEEN 6622352 AND 6622361 ORDER BY c
	Sort  (cost=47.87..47.90 rows=11 width=121)
	  Sort Key: c
	  ->  Index Scan using sbtest5_pkey on sbtest5  (cost=0.43..47.68 rows=11 width=121)
	        Index Cond: ((id >= 6622352) AND (id <= 6622361))

table 6 : explain SELECT c FROM sbtest6 WHERE id BETWEEN 5485938 AND 5485947 ORDER BY c
	Sort  (cost=44.01..44.03 rows=10 width=121)
	  Sort Key: c
	  ->  Index Scan using sbtest6_pkey on sbtest6  (cost=0.43..43.84 rows=10 width=121)
	        Index Cond: ((id >= 5485938) AND (id <= 5485947))

table 7 : explain SELECT c FROM sbtest7 WHERE id BETWEEN 4654328 AND 4654337 ORDER BY c
	Sort  (cost=44.00..44.03 rows=10 width=121)
	  Sort Key: c
	  ->  Index Scan using sbtest7_pkey on sbtest7  (cost=0.43..43.84 rows=10 width=121)
	        Index Cond: ((id >= 4654328) AND (id <= 4654337))

table 8 : explain SELECT c FROM sbtest8 WHERE id BETWEEN 8020591 AND 8020600 ORDER BY c
	Sort  (cost=44.02..44.05 rows=10 width=121)
	  Sort Key: c
	  ->  Index Scan using sbtest8_pkey on sbtest8  (cost=0.43..43.86 rows=10 width=121)
	        Index Cond: ((id >= 8020591) AND (id <= 8020600))

for: order_ranges
table 1 : explain SELECT c FROM sbtest1 WHERE id BETWEEN 7223825 AND 7223834 ORDER BY c
	Sort  (cost=44.05..44.07 rows=10 width=121)
	  Sort Key: c
	  ->  Index Scan using sbtest1_pkey on sbtest1  (cost=0.43..43.88 rows=10 width=121)
	        Index Cond: ((id >= 7223825) AND (id <= 7223834))

table 2 : explain SELECT c FROM sbtest2 WHERE id BETWEEN 610564 AND 610573 ORDER BY c
	Sort  (cost=44.12..44.15 rows=10 width=121)
	  Sort Key: c
	  ->  Index Scan using sbtest2_pkey on sbtest2  (cost=0.43..43.96 rows=10 width=121)
	        Index Cond: ((id >= 610564) AND (id <= 610573))

table 3 : explain SELECT c FROM sbtest3 WHERE id BETWEEN 9588854 AND 9588863 ORDER BY c
	Sort  (cost=44.00..44.03 rows=10 width=121)
	  Sort Key: c
	  ->  Index Scan using sbtest3_pkey on sbtest3  (cost=0.43..43.83 rows=10 width=121)
	        Index Cond: ((id >= 9588854) AND (id <= 9588863))

table 4 : explain SELECT c FROM sbtest4 WHERE id BETWEEN 9957102 AND 9957111 ORDER BY c
	Sort  (cost=47.92..47.95 rows=11 width=121)
	  Sort Key: c
	  ->  Index Scan using sbtest4_pkey on sbtest4  (cost=0.43..47.73 rows=11 width=121)
	        Index Cond: ((id >= 9957102) AND (id <= 9957111))

table 5 : explain SELECT c FROM sbtest5 WHERE id BETWEEN 8735306 AND 8735315 ORDER BY c
	Sort  (cost=43.93..43.95 rows=10 width=121)
	  Sort Key: c
	  ->  Index Scan using sbtest5_pkey on sbtest5  (cost=0.43..43.76 rows=10 width=121)
	        Index Cond: ((id >= 8735306) AND (id <= 8735315))

table 6 : explain SELECT c FROM sbtest6 WHERE id BETWEEN 3245190 AND 3245199 ORDER BY c
	Sort  (cost=44.01..44.03 rows=10 width=121)
	  Sort Key: c
	  ->  Index Scan using sbtest6_pkey on sbtest6  (cost=0.43..43.84 rows=10 width=121)
	        Index Cond: ((id >= 3245190) AND (id <= 3245199))

table 7 : explain SELECT c FROM sbtest7 WHERE id BETWEEN 9365153 AND 9365162 ORDER BY c
	Sort  (cost=40.05..40.07 rows=9 width=121)
	  Sort Key: c
	  ->  Index Scan using sbtest7_pkey on sbtest7  (cost=0.43..39.91 rows=9 width=121)
	        Index Cond: ((id >= 9365153) AND (id <= 9365162))

table 8 : explain SELECT c FROM sbtest8 WHERE id BETWEEN 974713 AND 974722 ORDER BY c
	Sort  (cost=44.02..44.05 rows=10 width=121)
	  Sort Key: c
	  ->  Index Scan using sbtest8_pkey on sbtest8  (cost=0.43..43.86 rows=10 width=121)
	        Index Cond: ((id >= 974713) AND (id <= 974722))

for: distinct_ranges
table 1 : explain SELECT DISTINCT c FROM sbtest1 WHERE id BETWEEN 2023915 AND 2023924 ORDER BY c
	Unique  (cost=44.05..44.10 rows=10 width=121)
	  ->  Sort  (cost=44.05..44.07 rows=10 width=121)
	        Sort Key: c
	        ->  Index Scan using sbtest1_pkey on sbtest1  (cost=0.43..43.88 rows=10 width=121)
	              Index Cond: ((id >= 2023915) AND (id <= 2023924))

table 2 : explain SELECT DISTINCT c FROM sbtest2 WHERE id BETWEEN 4733992 AND 4734001 ORDER BY c
	Unique  (cost=40.15..40.20 rows=9 width=121)
	  ->  Sort  (cost=40.15..40.18 rows=9 width=121)
	        Sort Key: c
	        ->  Index Scan using sbtest2_pkey on sbtest2  (cost=0.43..40.01 rows=9 width=121)
	              Index Cond: ((id >= 4733992) AND (id <= 4734001))

table 3 : explain SELECT DISTINCT c FROM sbtest3 WHERE id BETWEEN 9148116 AND 9148125 ORDER BY c
	Unique  (cost=40.05..40.09 rows=9 width=121)
	  ->  Sort  (cost=40.05..40.07 rows=9 width=121)
	        Sort Key: c
	        ->  Index Scan using sbtest3_pkey on sbtest3  (cost=0.43..39.90 rows=9 width=121)
	              Index Cond: ((id >= 9148116) AND (id <= 9148125))

table 4 : explain SELECT DISTINCT c FROM sbtest4 WHERE id BETWEEN 2666656 AND 2666665 ORDER BY c
	Unique  (cost=43.97..44.02 rows=10 width=121)
	  ->  Sort  (cost=43.97..44.00 rows=10 width=121)
	        Sort Key: c
	        ->  Index Scan using sbtest4_pkey on sbtest4  (cost=0.43..43.81 rows=10 width=121)
	              Index Cond: ((id >= 2666656) AND (id <= 2666665))

table 5 : explain SELECT DISTINCT c FROM sbtest5 WHERE id BETWEEN 5534654 AND 5534663 ORDER BY c
	Unique  (cost=39.98..40.03 rows=9 width=121)
	  ->  Sort  (cost=39.98..40.00 rows=9 width=121)
	        Sort Key: c
	        ->  Index Scan using sbtest5_pkey on sbtest5  (cost=0.43..39.84 rows=9 width=121)
	              Index Cond: ((id >= 5534654) AND (id <= 5534663))

table 6 : explain SELECT DISTINCT c FROM sbtest6 WHERE id BETWEEN 3241242 AND 3241251 ORDER BY c
	Unique  (cost=44.01..44.06 rows=10 width=121)
	  ->  Sort  (cost=44.01..44.03 rows=10 width=121)
	        Sort Key: c
	        ->  Index Scan using sbtest6_pkey on sbtest6  (cost=0.43..43.84 rows=10 width=121)
	              Index Cond: ((id >= 3241242) AND (id <= 3241251))

table 7 : explain SELECT DISTINCT c FROM sbtest7 WHERE id BETWEEN 4083645 AND 4083654 ORDER BY c
	Unique  (cost=40.05..40.09 rows=9 width=121)
	  ->  Sort  (cost=40.05..40.07 rows=9 width=121)
	        Sort Key: c
	        ->  Index Scan using sbtest7_pkey on sbtest7  (cost=0.43..39.91 rows=9 width=121)
	              Index Cond: ((id >= 4083645) AND (id <= 4083654))

table 8 : explain SELECT DISTINCT c FROM sbtest8 WHERE id BETWEEN 1144430 AND 1144439 ORDER BY c
	Unique  (cost=47.98..48.04 rows=11 width=121)
	  ->  Sort  (cost=47.98..48.01 rows=11 width=121)
	        Sort Key: c
	        ->  Index Scan using sbtest8_pkey on sbtest8  (cost=0.43..47.79 rows=11 width=121)
	              Index Cond: ((id >= 1144430) AND (id <= 1144439))

for: distinct_ranges
table 1 : explain SELECT DISTINCT c FROM sbtest1 WHERE id BETWEEN 8100916 AND 8100925 ORDER BY c
	Unique  (cost=44.05..44.10 rows=10 width=121)
	  ->  Sort  (cost=44.05..44.07 rows=10 width=121)
	        Sort Key: c
	        ->  Index Scan using sbtest1_pkey on sbtest1  (cost=0.43..43.88 rows=10 width=121)
	              Index Cond: ((id >= 8100916) AND (id <= 8100925))

table 2 : explain SELECT DISTINCT c FROM sbtest2 WHERE id BETWEEN 8434020 AND 8434029 ORDER BY c
	Unique  (cost=44.12..44.17 rows=10 width=121)
	  ->  Sort  (cost=44.12..44.15 rows=10 width=121)
	        Sort Key: c
	        ->  Index Scan using sbtest2_pkey on sbtest2  (cost=0.43..43.96 rows=10 width=121)
	              Index Cond: ((id >= 8434020) AND (id <= 8434029))

table 3 : explain SELECT DISTINCT c FROM sbtest3 WHERE id BETWEEN 4465133 AND 4465142 ORDER BY c
	Unique  (cost=40.05..40.09 rows=9 width=121)
	  ->  Sort  (cost=40.05..40.07 rows=9 width=121)
	        Sort Key: c
	        ->  Index Scan using sbtest3_pkey on sbtest3  (cost=0.43..39.90 rows=9 width=121)
	              Index Cond: ((id >= 4465133) AND (id <= 4465142))

table 4 : explain SELECT DISTINCT c FROM sbtest4 WHERE id BETWEEN 4888819 AND 4888828 ORDER BY c
	Unique  (cost=43.97..44.02 rows=10 width=121)
	  ->  Sort  (cost=43.97..44.00 rows=10 width=121)
	        Sort Key: c
	        ->  Index Scan using sbtest4_pkey on sbtest4  (cost=0.43..43.81 rows=10 width=121)
	              Index Cond: ((id >= 4888819) AND (id <= 4888828))

table 5 : explain SELECT DISTINCT c FROM sbtest5 WHERE id BETWEEN 4858839 AND 4858848 ORDER BY c
	Unique  (cost=43.93..43.98 rows=10 width=121)
	  ->  Sort  (cost=43.93..43.95 rows=10 width=121)
	        Sort Key: c
	        ->  Index Scan using sbtest5_pkey on sbtest5  (cost=0.43..43.76 rows=10 width=121)
	              Index Cond: ((id >= 4858839) AND (id <= 4858848))

table 6 : explain SELECT DISTINCT c FROM sbtest6 WHERE id BETWEEN 816227 AND 816236 ORDER BY c
	Unique  (cost=47.96..48.02 rows=11 width=121)
	  ->  Sort  (cost=47.96..47.99 rows=11 width=121)
	        Sort Key: c
	        ->  Index Scan using sbtest6_pkey on sbtest6  (cost=0.43..47.77 rows=11 width=121)
	              Index Cond: ((id >= 816227) AND (id <= 816236))

table 7 : explain SELECT DISTINCT c FROM sbtest7 WHERE id BETWEEN 5560594 AND 5560603 ORDER BY c
	Unique  (cost=44.00..44.05 rows=10 width=121)
	  ->  Sort  (cost=44.00..44.03 rows=10 width=121)
	        Sort Key: c
	        ->  Index Scan using sbtest7_pkey on sbtest7  (cost=0.43..43.84 rows=10 width=121)
	              Index Cond: ((id >= 5560594) AND (id <= 5560603))

table 8 : explain SELECT DISTINCT c FROM sbtest8 WHERE id BETWEEN 2960203 AND 2960212 ORDER BY c
	Unique  (cost=47.98..48.04 rows=11 width=121)
	  ->  Sort  (cost=47.98..48.01 rows=11 width=121)
	        Sort Key: c
	        ->  Index Scan using sbtest8_pkey on sbtest8  (cost=0.43..47.79 rows=11 width=121)
	              Index Cond: ((id >= 2960203) AND (id <= 2960212))

for: distinct_ranges
table 1 : explain SELECT DISTINCT c FROM sbtest1 WHERE id BETWEEN 7884382 AND 7884391 ORDER BY c
	Unique  (cost=44.05..44.10 rows=10 width=121)
	  ->  Sort  (cost=44.05..44.07 rows=10 width=121)
	        Sort Key: c
	        ->  Index Scan using sbtest1_pkey on sbtest1  (cost=0.43..43.88 rows=10 width=121)
	              Index Cond: ((id >= 7884382) AND (id <= 7884391))

table 2 : explain SELECT DISTINCT c FROM sbtest2 WHERE id BETWEEN 5525156 AND 5525165 ORDER BY c
	Unique  (cost=44.12..44.17 rows=10 width=121)
	  ->  Sort  (cost=44.12..44.15 rows=10 width=121)
	        Sort Key: c
	        ->  Index Scan using sbtest2_pkey on sbtest2  (cost=0.43..43.96 rows=10 width=121)
	              Index Cond: ((id >= 5525156) AND (id <= 5525165))

table 3 : explain SELECT DISTINCT c FROM sbtest3 WHERE id BETWEEN 9579171 AND 9579180 ORDER BY c
	Unique  (cost=44.00..44.05 rows=10 width=121)
	  ->  Sort  (cost=44.00..44.03 rows=10 width=121)
	        Sort Key: c
	        ->  Index Scan using sbtest3_pkey on sbtest3  (cost=0.43..43.83 rows=10 width=121)
	              Index Cond: ((id >= 9579171) AND (id <= 9579180))

table 4 : explain SELECT DISTINCT c FROM sbtest4 WHERE id BETWEEN 2188940 AND 2188949 ORDER BY c
	Unique  (cost=43.97..44.02 rows=10 width=121)
	  ->  Sort  (cost=43.97..44.00 rows=10 width=121)
	        Sort Key: c
	        ->  Index Scan using sbtest4_pkey on sbtest4  (cost=0.43..43.81 rows=10 width=121)
	              Index Cond: ((id >= 2188940) AND (id <= 2188949))

table 5 : explain SELECT DISTINCT c FROM sbtest5 WHERE id BETWEEN 9179071 AND 9179080 ORDER BY c
	Unique  (cost=43.93..43.98 rows=10 width=121)
	  ->  Sort  (cost=43.93..43.95 rows=10 width=121)
	        Sort Key: c
	        ->  Index Scan using sbtest5_pkey on sbtest5  (cost=0.43..43.76 rows=10 width=121)
	              Index Cond: ((id >= 9179071) AND (id <= 9179080))

table 6 : explain SELECT DISTINCT c FROM sbtest6 WHERE id BETWEEN 2415067 AND 2415076 ORDER BY c
	Unique  (cost=44.01..44.06 rows=10 width=121)
	  ->  Sort  (cost=44.01..44.03 rows=10 width=121)
	        Sort Key: c
	        ->  Index Scan using sbtest6_pkey on sbtest6  (cost=0.43..43.84 rows=10 width=121)
	              Index Cond: ((id >= 2415067) AND (id <= 2415076))

table 7 : explain SELECT DISTINCT c FROM sbtest7 WHERE id BETWEEN 5192032 AND 5192041 ORDER BY c
	Unique  (cost=40.05..40.09 rows=9 width=121)
	  ->  Sort  (cost=40.05..40.07 rows=9 width=121)
	        Sort Key: c
	        ->  Index Scan using sbtest7_pkey on sbtest7  (cost=0.43..39.91 rows=9 width=121)
	              Index Cond: ((id >= 5192032) AND (id <= 5192041))

table 8 : explain SELECT DISTINCT c FROM sbtest8 WHERE id BETWEEN 6356257 AND 6356266 ORDER BY c
	Unique  (cost=44.02..44.07 rows=10 width=121)
	  ->  Sort  (cost=44.02..44.05 rows=10 width=121)
	        Sort Key: c
	        ->  Index Scan using sbtest8_pkey on sbtest8  (cost=0.43..43.86 rows=10 width=121)
	              Index Cond: ((id >= 6356257) AND (id <= 6356266))

for: order_ranges
table 1 : explain SELECT c FROM sbtest1 WHERE id BETWEEN 6448792 AND 6448801 ORDER BY c
	Sort  (cost=44.05..44.07 rows=10 width=121)
	  Sort Key: c
	  ->  Index Scan using sbtest1_pkey on sbtest1  (cost=0.43..43.88 rows=10 width=121)
	        Index Cond: ((id >= 6448792) AND (id <= 6448801))

table 2 : explain SELECT c FROM sbtest2 WHERE id BETWEEN 4239863 AND 4239872 ORDER BY c
	Sort  (cost=44.12..44.15 rows=10 width=121)
	  Sort Key: c
	  ->  Index Scan using sbtest2_pkey on sbtest2  (cost=0.43..43.96 rows=10 width=121)
	        Index Cond: ((id >= 4239863) AND (id <= 4239872))

table 3 : explain SELECT c FROM sbtest3 WHERE id BETWEEN 6446308 AND 6446317 ORDER BY c
	Sort  (cost=44.00..44.03 rows=10 width=121)
	  Sort Key: c
	  ->  Index Scan using sbtest3_pkey on sbtest3  (cost=0.43..43.83 rows=10 width=121)
	        Index Cond: ((id >= 6446308) AND (id <= 6446317))

table 4 : explain SELECT c FROM sbtest4 WHERE id BETWEEN 8894787 AND 8894796 ORDER BY c
	Sort  (cost=43.97..44.00 rows=10 width=121)
	  Sort Key: c
	  ->  Index Scan using sbtest4_pkey on sbtest4  (cost=0.43..43.81 rows=10 width=121)
	        Index Cond: ((id >= 8894787) AND (id <= 8894796))

table 5 : explain SELECT c FROM sbtest5 WHERE id BETWEEN 6315782 AND 6315791 ORDER BY c
	Sort  (cost=47.87..47.90 rows=11 width=121)
	  Sort Key: c
	  ->  Index Scan using sbtest5_pkey on sbtest5  (cost=0.43..47.68 rows=11 width=121)
	        Index Cond: ((id >= 6315782) AND (id <= 6315791))

table 6 : explain SELECT c FROM sbtest6 WHERE id BETWEEN 5764195 AND 5764204 ORDER BY c
	Sort  (cost=44.01..44.03 rows=10 width=121)
	  Sort Key: c
	  ->  Index Scan using sbtest6_pkey on sbtest6  (cost=0.43..43.84 rows=10 width=121)
	        Index Cond: ((id >= 5764195) AND (id <= 5764204))

table 7 : explain SELECT c FROM sbtest7 WHERE id BETWEEN 1014910 AND 1014919 ORDER BY c
	Sort  (cost=44.00..44.03 rows=10 width=121)
	  Sort Key: c
	  ->  Index Scan using sbtest7_pkey on sbtest7  (cost=0.43..43.84 rows=10 width=121)
	        Index Cond: ((id >= 1014910) AND (id <= 1014919))

table 8 : explain SELECT c FROM sbtest8 WHERE id BETWEEN 7378298 AND 7378307 ORDER BY c
	Sort  (cost=40.07..40.09 rows=9 width=121)
	  Sort Key: c
	  ->  Index Scan using sbtest8_pkey on sbtest8  (cost=0.43..39.92 rows=9 width=121)
	        Index Cond: ((id >= 7378298) AND (id <= 7378307))

for: distinct_ranges
table 1 : explain SELECT DISTINCT c FROM sbtest1 WHERE id BETWEEN 5795247 AND 5795256 ORDER BY c
	Unique  (cost=48.01..48.06 rows=11 width=121)
	  ->  Sort  (cost=48.01..48.03 rows=11 width=121)
	        Sort Key: c
	        ->  Index Scan using sbtest1_pkey on sbtest1  (cost=0.43..47.82 rows=11 width=121)
	              Index Cond: ((id >= 5795247) AND (id <= 5795256))

table 2 : explain SELECT DISTINCT c FROM sbtest2 WHERE id BETWEEN 3714545 AND 3714554 ORDER BY c
	Unique  (cost=40.15..40.20 rows=9 width=121)
	  ->  Sort  (cost=40.15..40.18 rows=9 width=121)
	        Sort Key: c
	        ->  Index Scan using sbtest2_pkey on sbtest2  (cost=0.43..40.01 rows=9 width=121)
	              Index Cond: ((id >= 3714545) AND (id <= 3714554))

table 3 : explain SELECT DISTINCT c FROM sbtest3 WHERE id BETWEEN 3740724 AND 3740733 ORDER BY c
	Unique  (cost=44.00..44.05 rows=10 width=121)
	  ->  Sort  (cost=44.00..44.03 rows=10 width=121)
	        Sort Key: c
	        ->  Index Scan using sbtest3_pkey on sbtest3  (cost=0.43..43.83 rows=10 width=121)
	              Index Cond: ((id >= 3740724) AND (id <= 3740733))

table 4 : explain SELECT DISTINCT c FROM sbtest4 WHERE id BETWEEN 9067855 AND 9067864 ORDER BY c
	Unique  (cost=47.92..47.98 rows=11 width=121)
	  ->  Sort  (cost=47.92..47.95 rows=11 width=121)
	        Sort Key: c
	        ->  Index Scan using sbtest4_pkey on sbtest4  (cost=0.43..47.73 rows=11 width=121)
	              Index Cond: ((id >= 9067855) AND (id <= 9067864))

table 5 : explain SELECT DISTINCT c FROM sbtest5 WHERE id BETWEEN 8872606 AND 8872615 ORDER BY c
	Unique  (cost=43.93..43.98 rows=10 width=121)
	  ->  Sort  (cost=43.93..43.95 rows=10 width=121)
	        Sort Key: c
	        ->  Index Scan using sbtest5_pkey on sbtest5  (cost=0.43..43.76 rows=10 width=121)
	              Index Cond: ((id >= 8872606) AND (id <= 8872615))

table 6 : explain SELECT DISTINCT c FROM sbtest6 WHERE id BETWEEN 1843857 AND 1843866 ORDER BY c
	Unique  (cost=40.05..40.10 rows=9 width=121)
	  ->  Sort  (cost=40.05..40.08 rows=9 width=121)
	        Sort Key: c
	        ->  Index Scan using sbtest6_pkey on sbtest6  (cost=0.43..39.91 rows=9 width=121)
	              Index Cond: ((id >= 1843857) AND (id <= 1843866))

table 7 : explain SELECT DISTINCT c FROM sbtest7 WHERE id BETWEEN 6282912 AND 6282921 ORDER BY c
	Unique  (cost=40.05..40.09 rows=9 width=121)
	  ->  Sort  (cost=40.05..40.07 rows=9 width=121)
	        Sort Key: c
	        ->  Index Scan using sbtest7_pkey on sbtest7  (cost=0.43..39.91 rows=9 width=121)
	              Index Cond: ((id >= 6282912) AND (id <= 6282921))

table 8 : explain SELECT DISTINCT c FROM sbtest8 WHERE id BETWEEN 7509412 AND 7509421 ORDER BY c
	Unique  (cost=44.02..44.07 rows=10 width=121)
	  ->  Sort  (cost=44.02..44.05 rows=10 width=121)
	        Sort Key: c
	        ->  Index Scan using sbtest8_pkey on sbtest8  (cost=0.43..43.86 rows=10 width=121)
	              Index Cond: ((id >= 7509412) AND (id <= 7509421))

for: distinct_ranges
table 1 : explain SELECT DISTINCT c FROM sbtest1 WHERE id BETWEEN 7295854 AND 7295863 ORDER BY c
	Unique  (cost=44.05..44.10 rows=10 width=121)
	  ->  Sort  (cost=44.05..44.07 rows=10 width=121)
	        Sort Key: c
	        ->  Index Scan using sbtest1_pkey on sbtest1  (cost=0.43..43.88 rows=10 width=121)
	              Index Cond: ((id >= 7295854) AND (id <= 7295863))

table 2 : explain SELECT DISTINCT c FROM sbtest2 WHERE id BETWEEN 1803186 AND 1803195 ORDER BY c
	Unique  (cost=44.12..44.17 rows=10 width=121)
	  ->  Sort  (cost=44.12..44.15 rows=10 width=121)
	        Sort Key: c
	        ->  Index Scan using sbtest2_pkey on sbtest2  (cost=0.43..43.96 rows=10 width=121)
	              Index Cond: ((id >= 1803186) AND (id <= 1803195))

table 3 : explain SELECT DISTINCT c FROM sbtest3 WHERE id BETWEEN 47508 AND 47517 ORDER BY c
	Unique  (cost=44.00..44.05 rows=10 width=121)
	  ->  Sort  (cost=44.00..44.03 rows=10 width=121)
	        Sort Key: c
	        ->  Index Scan using sbtest3_pkey on sbtest3  (cost=0.43..43.83 rows=10 width=121)
	              Index Cond: ((id >= 47508) AND (id <= 47517))

table 4 : explain SELECT DISTINCT c FROM sbtest4 WHERE id BETWEEN 1055933 AND 1055942 ORDER BY c
	Unique  (cost=40.02..40.07 rows=9 width=121)
	  ->  Sort  (cost=40.02..40.04 rows=9 width=121)
	        Sort Key: c
	        ->  Index Scan using sbtest4_pkey on sbtest4  (cost=0.43..39.88 rows=9 width=121)
	              Index Cond: ((id >= 1055933) AND (id <= 1055942))

table 5 : explain SELECT DISTINCT c FROM sbtest5 WHERE id BETWEEN 6685424 AND 6685433 ORDER BY c
	Unique  (cost=47.87..47.93 rows=11 width=121)
	  ->  Sort  (cost=47.87..47.90 rows=11 width=121)
	        Sort Key: c
	        ->  Index Scan using sbtest5_pkey on sbtest5  (cost=0.43..47.68 rows=11 width=121)
	              Index Cond: ((id >= 6685424) AND (id <= 6685433))

table 6 : explain SELECT DISTINCT c FROM sbtest6 WHERE id BETWEEN 2124491 AND 2124500 ORDER BY c
	Unique  (cost=44.01..44.06 rows=10 width=121)
	  ->  Sort  (cost=44.01..44.03 rows=10 width=121)
	        Sort Key: c
	        ->  Index Scan using sbtest6_pkey on sbtest6  (cost=0.43..43.84 rows=10 width=121)
	              Index Cond: ((id >= 2124491) AND (id <= 2124500))

table 7 : explain SELECT DISTINCT c FROM sbtest7 WHERE id BETWEEN 6647430 AND 6647439 ORDER BY c
	Unique  (cost=44.00..44.05 rows=10 width=121)
	  ->  Sort  (cost=44.00..44.03 rows=10 width=121)
	        Sort Key: c
	        ->  Index Scan using sbtest7_pkey on sbtest7  (cost=0.43..43.84 rows=10 width=121)
	              Index Cond: ((id >= 6647430) AND (id <= 6647439))

table 8 : explain SELECT DISTINCT c FROM sbtest8 WHERE id BETWEEN 1748893 AND 1748902 ORDER BY c
	Unique  (cost=47.98..48.04 rows=11 width=121)
	  ->  Sort  (cost=47.98..48.01 rows=11 width=121)
	        Sort Key: c
	        ->  Index Scan using sbtest8_pkey on sbtest8  (cost=0.43..47.79 rows=11 width=121)
	              Index Cond: ((id >= 1748893) AND (id <= 1748902))

for: order_ranges
table 1 : explain SELECT c FROM sbtest1 WHERE id BETWEEN 7281607 AND 7281616 ORDER BY c
	Sort  (cost=44.05..44.07 rows=10 width=121)
	  Sort Key: c
	  ->  Index Scan using sbtest1_pkey on sbtest1  (cost=0.43..43.88 rows=10 width=121)
	        Index Cond: ((id >= 7281607) AND (id <= 7281616))

table 2 : explain SELECT c FROM sbtest2 WHERE id BETWEEN 3504699 AND 3504708 ORDER BY c
	Sort  (cost=48.09..48.12 rows=11 width=121)
	  Sort Key: c
	  ->  Index Scan using sbtest2_pkey on sbtest2  (cost=0.43..47.90 rows=11 width=121)
	        Index Cond: ((id >= 3504699) AND (id <= 3504708))

table 3 : explain SELECT c FROM sbtest3 WHERE id BETWEEN 92847 AND 92856 ORDER BY c
	Sort  (cost=44.00..44.03 rows=10 width=121)
	  Sort Key: c
	  ->  Index Scan using sbtest3_pkey on sbtest3  (cost=0.43..43.83 rows=10 width=121)
	        Index Cond: ((id >= 92847) AND (id <= 92856))

table 4 : explain SELECT c FROM sbtest4 WHERE id BETWEEN 6580859 AND 6580868 ORDER BY c
	Sort  (cost=40.02..40.04 rows=9 width=121)
	  Sort Key: c
	  ->  Index Scan using sbtest4_pkey on sbtest4  (cost=0.43..39.88 rows=9 width=121)
	        Index Cond: ((id >= 6580859) AND (id <= 6580868))

table 5 : explain SELECT c FROM sbtest5 WHERE id BETWEEN 8840529 AND 8840538 ORDER BY c
	Sort  (cost=43.93..43.95 rows=10 width=121)
	  Sort Key: c
	  ->  Index Scan using sbtest5_pkey on sbtest5  (cost=0.43..43.76 rows=10 width=121)
	        Index Cond: ((id >= 8840529) AND (id <= 8840538))

table 6 : explain SELECT c FROM sbtest6 WHERE id BETWEEN 9674507 AND 9674516 ORDER BY c
	Sort  (cost=44.01..44.03 rows=10 width=121)
	  Sort Key: c
	  ->  Index Scan using sbtest6_pkey on sbtest6  (cost=0.43..43.84 rows=10 width=121)
	        Index Cond: ((id >= 9674507) AND (id <= 9674516))

table 7 : explain SELECT c FROM sbtest7 WHERE id BETWEEN 1804507 AND 1804516 ORDER BY c
	Sort  (cost=44.00..44.03 rows=10 width=121)
	  Sort Key: c
	  ->  Index Scan using sbtest7_pkey on sbtest7  (cost=0.43..43.84 rows=10 width=121)
	        Index Cond: ((id >= 1804507) AND (id <= 1804516))

table 8 : explain SELECT c FROM sbtest8 WHERE id BETWEEN 2210180 AND 2210189 ORDER BY c
	Sort  (cost=44.02..44.05 rows=10 width=121)
	  Sort Key: c
	  ->  Index Scan using sbtest8_pkey on sbtest8  (cost=0.43..43.86 rows=10 width=121)
	        Index Cond: ((id >= 2210180) AND (id <= 2210189))

for: distinct_ranges
table 1 : explain SELECT DISTINCT c FROM sbtest1 WHERE id BETWEEN 9343020 AND 9343029 ORDER BY c
	Unique  (cost=40.09..40.13 rows=9 width=121)
	  ->  Sort  (cost=40.09..40.11 rows=9 width=121)
	        Sort Key: c
	        ->  Index Scan using sbtest1_pkey on sbtest1  (cost=0.43..39.94 rows=9 width=121)
	              Index Cond: ((id >= 9343020) AND (id <= 9343029))

table 2 : explain SELECT DISTINCT c FROM sbtest2 WHERE id BETWEEN 6882719 AND 6882728 ORDER BY c
	Unique  (cost=52.06..52.12 rows=12 width=121)
	  ->  Sort  (cost=52.06..52.09 rows=12 width=121)
	        Sort Key: c
	        ->  Index Scan using sbtest2_pkey on sbtest2  (cost=0.43..51.84 rows=12 width=121)
	              Index Cond: ((id >= 6882719) AND (id <= 6882728))

table 3 : explain SELECT DISTINCT c FROM sbtest3 WHERE id BETWEEN 8821281 AND 8821290 ORDER BY c
	Unique  (cost=47.96..48.01 rows=11 width=121)
	  ->  Sort  (cost=47.96..47.98 rows=11 width=121)
	        Sort Key: c
	        ->  Index Scan using sbtest3_pkey on sbtest3  (cost=0.43..47.77 rows=11 width=121)
	              Index Cond: ((id >= 8821281) AND (id <= 8821290))

table 4 : explain SELECT DISTINCT c FROM sbtest4 WHERE id BETWEEN 735200 AND 735209 ORDER BY c
	Unique  (cost=43.97..44.02 rows=10 width=121)
	  ->  Sort  (cost=43.97..44.00 rows=10 width=121)
	        Sort Key: c
	        ->  Index Scan using sbtest4_pkey on sbtest4  (cost=0.43..43.81 rows=10 width=121)
	              Index Cond: ((id >= 735200) AND (id <= 735209))

table 5 : explain SELECT DISTINCT c FROM sbtest5 WHERE id BETWEEN 297098 AND 297107 ORDER BY c
	Unique  (cost=43.93..43.98 rows=10 width=121)
	  ->  Sort  (cost=43.93..43.95 rows=10 width=121)
	        Sort Key: c
	        ->  Index Scan using sbtest5_pkey on sbtest5  (cost=0.43..43.76 rows=10 width=121)
	              Index Cond: ((id >= 297098) AND (id <= 297107))

table 6 : explain SELECT DISTINCT c FROM sbtest6 WHERE id BETWEEN 2479691 AND 2479700 ORDER BY c
	Unique  (cost=44.01..44.06 rows=10 width=121)
	  ->  Sort  (cost=44.01..44.03 rows=10 width=121)
	        Sort Key: c
	        ->  Index Scan using sbtest6_pkey on sbtest6  (cost=0.43..43.84 rows=10 width=121)
	              Index Cond: ((id >= 2479691) AND (id <= 2479700))

table 7 : explain SELECT DISTINCT c FROM sbtest7 WHERE id BETWEEN 3922129 AND 3922138 ORDER BY c
	Unique  (cost=44.00..44.05 rows=10 width=121)
	  ->  Sort  (cost=44.00..44.03 rows=10 width=121)
	        Sort Key: c
	        ->  Index Scan using sbtest7_pkey on sbtest7  (cost=0.43..43.84 rows=10 width=121)
	              Index Cond: ((id >= 3922129) AND (id <= 3922138))

table 8 : explain SELECT DISTINCT c FROM sbtest8 WHERE id BETWEEN 8367610 AND 8367619 ORDER BY c
	Unique  (cost=44.02..44.07 rows=10 width=121)
	  ->  Sort  (cost=44.02..44.05 rows=10 width=121)
	        Sort Key: c
	        ->  Index Scan using sbtest8_pkey on sbtest8  (cost=0.43..43.86 rows=10 width=121)
	              Index Cond: ((id >= 8367610) AND (id <= 8367619))

for: distinct_ranges
table 1 : explain SELECT DISTINCT c FROM sbtest1 WHERE id BETWEEN 2656845 AND 2656854 ORDER BY c
	Unique  (cost=44.05..44.10 rows=10 width=121)
	  ->  Sort  (cost=44.05..44.07 rows=10 width=121)
	        Sort Key: c
	        ->  Index Scan using sbtest1_pkey on sbtest1  (cost=0.43..43.88 rows=10 width=121)
	              Index Cond: ((id >= 2656845) AND (id <= 2656854))

table 2 : explain SELECT DISTINCT c FROM sbtest2 WHERE id BETWEEN 5091630 AND 5091639 ORDER BY c
	Unique  (cost=44.12..44.17 rows=10 width=121)
	  ->  Sort  (cost=44.12..44.15 rows=10 width=121)
	        Sort Key: c
	        ->  Index Scan using sbtest2_pkey on sbtest2  (cost=0.43..43.96 rows=10 width=121)
	              Index Cond: ((id >= 5091630) AND (id <= 5091639))

table 3 : explain SELECT DISTINCT c FROM sbtest3 WHERE id BETWEEN 6440614 AND 6440623 ORDER BY c
	Unique  (cost=44.00..44.05 rows=10 width=121)
	  ->  Sort  (cost=44.00..44.03 rows=10 width=121)
	        Sort Key: c
	        ->  Index Scan using sbtest3_pkey on sbtest3  (cost=0.43..43.83 rows=10 width=121)
	              Index Cond: ((id >= 6440614) AND (id <= 6440623))

table 4 : explain SELECT DISTINCT c FROM sbtest4 WHERE id BETWEEN 2992816 AND 2992825 ORDER BY c
	Unique  (cost=43.97..44.02 rows=10 width=121)
	  ->  Sort  (cost=43.97..44.00 rows=10 width=121)
	        Sort Key: c
	        ->  Index Scan using sbtest4_pkey on sbtest4  (cost=0.43..43.81 rows=10 width=121)
	              Index Cond: ((id >= 2992816) AND (id <= 2992825))

table 5 : explain SELECT DISTINCT c FROM sbtest5 WHERE id BETWEEN 1872612 AND 1872621 ORDER BY c
	Unique  (cost=43.93..43.98 rows=10 width=121)
	  ->  Sort  (cost=43.93..43.95 rows=10 width=121)
	        Sort Key: c
	        ->  Index Scan using sbtest5_pkey on sbtest5  (cost=0.43..43.76 rows=10 width=121)
	              Index Cond: ((id >= 1872612) AND (id <= 1872621))

table 6 : explain SELECT DISTINCT c FROM sbtest6 WHERE id BETWEEN 4760041 AND 4760050 ORDER BY c
	Unique  (cost=44.01..44.06 rows=10 width=121)
	  ->  Sort  (cost=44.01..44.03 rows=10 width=121)
	        Sort Key: c
	        ->  Index Scan using sbtest6_pkey on sbtest6  (cost=0.43..43.84 rows=10 width=121)
	              Index Cond: ((id >= 4760041) AND (id <= 4760050))

table 7 : explain SELECT DISTINCT c FROM sbtest7 WHERE id BETWEEN 5954468 AND 5954477 ORDER BY c
	Unique  (cost=44.00..44.05 rows=10 width=121)
	  ->  Sort  (cost=44.00..44.03 rows=10 width=121)
	        Sort Key: c
	        ->  Index Scan using sbtest7_pkey on sbtest7  (cost=0.43..43.84 rows=10 width=121)
	              Index Cond: ((id >= 5954468) AND (id <= 5954477))

table 8 : explain SELECT DISTINCT c FROM sbtest8 WHERE id BETWEEN 5218020 AND 5218029 ORDER BY c
	Unique  (cost=47.98..48.04 rows=11 width=121)
	  ->  Sort  (cost=47.98..48.01 rows=11 width=121)
	        Sort Key: c
	        ->  Index Scan using sbtest8_pkey on sbtest8  (cost=0.43..47.79 rows=11 width=121)
	              Index Cond: ((id >= 5218020) AND (id <= 5218029))

for: distinct_ranges
table 1 : explain SELECT DISTINCT c FROM sbtest1 WHERE id BETWEEN 1747127 AND 1747136 ORDER BY c
	Unique  (cost=40.09..40.13 rows=9 width=121)
	  ->  Sort  (cost=40.09..40.11 rows=9 width=121)
	        Sort Key: c
	        ->  Index Scan using sbtest1_pkey on sbtest1  (cost=0.43..39.94 rows=9 width=121)
	              Index Cond: ((id >= 1747127) AND (id <= 1747136))

table 2 : explain SELECT DISTINCT c FROM sbtest2 WHERE id BETWEEN 5248697 AND 5248706 ORDER BY c
	Unique  (cost=44.12..44.17 rows=10 width=121)
	  ->  Sort  (cost=44.12..44.15 rows=10 width=121)
	        Sort Key: c
	        ->  Index Scan using sbtest2_pkey on sbtest2  (cost=0.43..43.96 rows=10 width=121)
	              Index Cond: ((id >= 5248697) AND (id <= 5248706))

table 3 : explain SELECT DISTINCT c FROM sbtest3 WHERE id BETWEEN 3032551 AND 3032560 ORDER BY c
	Unique  (cost=44.00..44.05 rows=10 width=121)
	  ->  Sort  (cost=44.00..44.03 rows=10 width=121)
	        Sort Key: c
	        ->  Index Scan using sbtest3_pkey on sbtest3  (cost=0.43..43.83 rows=10 width=121)
	              Index Cond: ((id >= 3032551) AND (id <= 3032560))

table 4 : explain SELECT DISTINCT c FROM sbtest4 WHERE id BETWEEN 5863870 AND 5863879 ORDER BY c
	Unique  (cost=47.92..47.98 rows=11 width=121)
	  ->  Sort  (cost=47.92..47.95 rows=11 width=121)
	        Sort Key: c
	        ->  Index Scan using sbtest4_pkey on sbtest4  (cost=0.43..47.73 rows=11 width=121)
	              Index Cond: ((id >= 5863870) AND (id <= 5863879))

table 5 : explain SELECT DISTINCT c FROM sbtest5 WHERE id BETWEEN 152496 AND 152505 ORDER BY c
	Unique  (cost=39.98..40.03 rows=9 width=121)
	  ->  Sort  (cost=39.98..40.00 rows=9 width=121)
	        Sort Key: c
	        ->  Index Scan using sbtest5_pkey on sbtest5  (cost=0.43..39.84 rows=9 width=121)
	              Index Cond: ((id >= 152496) AND (id <= 152505))

table 6 : explain SELECT DISTINCT c FROM sbtest6 WHERE id BETWEEN 6991158 AND 6991167 ORDER BY c
	Unique  (cost=44.01..44.06 rows=10 width=121)
	  ->  Sort  (cost=44.01..44.03 rows=10 width=121)
	        Sort Key: c
	        ->  Index Scan using sbtest6_pkey on sbtest6  (cost=0.43..43.84 rows=10 width=121)
	              Index Cond: ((id >= 6991158) AND (id <= 6991167))

table 7 : explain SELECT DISTINCT c FROM sbtest7 WHERE id BETWEEN 6167532 AND 6167541 ORDER BY c
	Unique  (cost=44.00..44.05 rows=10 width=121)
	  ->  Sort  (cost=44.00..44.03 rows=10 width=121)
	        Sort Key: c
	        ->  Index Scan using sbtest7_pkey on sbtest7  (cost=0.43..43.84 rows=10 width=121)
	              Index Cond: ((id >= 6167532) AND (id <= 6167541))

table 8 : explain SELECT DISTINCT c FROM sbtest8 WHERE id BETWEEN 7472363 AND 7472372 ORDER BY c
	Unique  (cost=44.02..44.07 rows=10 width=121)
	  ->  Sort  (cost=44.02..44.05 rows=10 width=121)
	        Sort Key: c
	        ->  Index Scan using sbtest8_pkey on sbtest8  (cost=0.43..43.86 rows=10 width=121)
	              Index Cond: ((id >= 7472363) AND (id <= 7472372))

for: distinct_ranges
table 1 : explain SELECT DISTINCT c FROM sbtest1 WHERE id BETWEEN 6691169 AND 6691178 ORDER BY c
	Unique  (cost=48.01..48.06 rows=11 width=121)
	  ->  Sort  (cost=48.01..48.03 rows=11 width=121)
	        Sort Key: c
	        ->  Index Scan using sbtest1_pkey on sbtest1  (cost=0.43..47.82 rows=11 width=121)
	              Index Cond: ((id >= 6691169) AND (id <= 6691178))

table 2 : explain SELECT DISTINCT c FROM sbtest2 WHERE id BETWEEN 8577111 AND 8577120 ORDER BY c
	Unique  (cost=44.12..44.17 rows=10 width=121)
	  ->  Sort  (cost=44.12..44.15 rows=10 width=121)
	        Sort Key: c
	        ->  Index Scan using sbtest2_pkey on sbtest2  (cost=0.43..43.96 rows=10 width=121)
	              Index Cond: ((id >= 8577111) AND (id <= 8577120))

table 3 : explain SELECT DISTINCT c FROM sbtest3 WHERE id BETWEEN 2841077 AND 2841086 ORDER BY c
	Unique  (cost=44.00..44.05 rows=10 width=121)
	  ->  Sort  (cost=44.00..44.03 rows=10 width=121)
	        Sort Key: c
	        ->  Index Scan using sbtest3_pkey on sbtest3  (cost=0.43..43.83 rows=10 width=121)
	              Index Cond: ((id >= 2841077) AND (id <= 2841086))

table 4 : explain SELECT DISTINCT c FROM sbtest4 WHERE id BETWEEN 4508153 AND 4508162 ORDER BY c
	Unique  (cost=47.92..47.98 rows=11 width=121)
	  ->  Sort  (cost=47.92..47.95 rows=11 width=121)
	        Sort Key: c
	        ->  Index Scan using sbtest4_pkey on sbtest4  (cost=0.43..47.73 rows=11 width=121)
	              Index Cond: ((id >= 4508153) AND (id <= 4508162))

table 5 : explain SELECT DISTINCT c FROM sbtest5 WHERE id BETWEEN 8895936 AND 8895945 ORDER BY c
	Unique  (cost=43.93..43.98 rows=10 width=121)
	  ->  Sort  (cost=43.93..43.95 rows=10 width=121)
	        Sort Key: c
	        ->  Index Scan using sbtest5_pkey on sbtest5  (cost=0.43..43.76 rows=10 width=121)
	              Index Cond: ((id >= 8895936) AND (id <= 8895945))

table 6 : explain SELECT DISTINCT c FROM sbtest6 WHERE id BETWEEN 4275143 AND 4275152 ORDER BY c
	Unique  (cost=47.96..48.02 rows=11 width=121)
	  ->  Sort  (cost=47.96..47.99 rows=11 width=121)
	        Sort Key: c
	        ->  Index Scan using sbtest6_pkey on sbtest6  (cost=0.43..47.77 rows=11 width=121)
	              Index Cond: ((id >= 4275143) AND (id <= 4275152))

table 7 : explain SELECT DISTINCT c FROM sbtest7 WHERE id BETWEEN 8327885 AND 8327894 ORDER BY c
	Unique  (cost=40.05..40.09 rows=9 width=121)
	  ->  Sort  (cost=40.05..40.07 rows=9 width=121)
	        Sort Key: c
	        ->  Index Scan using sbtest7_pkey on sbtest7  (cost=0.43..39.91 rows=9 width=121)
	              Index Cond: ((id >= 8327885) AND (id <= 8327894))

table 8 : explain SELECT DISTINCT c FROM sbtest8 WHERE id BETWEEN 851394 AND 851403 ORDER BY c
	Unique  (cost=40.07..40.11 rows=9 width=121)
	  ->  Sort  (cost=40.07..40.09 rows=9 width=121)
	        Sort Key: c
	        ->  Index Scan using sbtest8_pkey on sbtest8  (cost=0.43..39.92 rows=9 width=121)
	              Index Cond: ((id >= 851394) AND (id <= 851403))

for: distinct_ranges
table 1 : explain SELECT DISTINCT c FROM sbtest1 WHERE id BETWEEN 8913335 AND 8913344 ORDER BY c
	Unique  (cost=44.05..44.10 rows=10 width=121)
	  ->  Sort  (cost=44.05..44.07 rows=10 width=121)
	        Sort Key: c
	        ->  Index Scan using sbtest1_pkey on sbtest1  (cost=0.43..43.88 rows=10 width=121)
	              Index Cond: ((id >= 8913335) AND (id <= 8913344))

table 2 : explain SELECT DISTINCT c FROM sbtest2 WHERE id BETWEEN 3450452 AND 3450461 ORDER BY c
	Unique  (cost=48.09..48.15 rows=11 width=121)
	  ->  Sort  (cost=48.09..48.12 rows=11 width=121)
	        Sort Key: c
	        ->  Index Scan using sbtest2_pkey on sbtest2  (cost=0.43..47.90 rows=11 width=121)
	              Index Cond: ((id >= 3450452) AND (id <= 3450461))

table 3 : explain SELECT DISTINCT c FROM sbtest3 WHERE id BETWEEN 4576307 AND 4576316 ORDER BY c
	Unique  (cost=44.00..44.05 rows=10 width=121)
	  ->  Sort  (cost=44.00..44.03 rows=10 width=121)
	        Sort Key: c
	        ->  Index Scan using sbtest3_pkey on sbtest3  (cost=0.43..43.83 rows=10 width=121)
	              Index Cond: ((id >= 4576307) AND (id <= 4576316))

table 4 : explain SELECT DISTINCT c FROM sbtest4 WHERE id BETWEEN 2259039 AND 2259048 ORDER BY c
	Unique  (cost=43.97..44.02 rows=10 width=121)
	  ->  Sort  (cost=43.97..44.00 rows=10 width=121)
	        Sort Key: c
	        ->  Index Scan using sbtest4_pkey on sbtest4  (cost=0.43..43.81 rows=10 width=121)
	              Index Cond: ((id >= 2259039) AND (id <= 2259048))

table 5 : explain SELECT DISTINCT c FROM sbtest5 WHERE id BETWEEN 7205807 AND 7205816 ORDER BY c
	Unique  (cost=43.93..43.98 rows=10 width=121)
	  ->  Sort  (cost=43.93..43.95 rows=10 width=121)
	        Sort Key: c
	        ->  Index Scan using sbtest5_pkey on sbtest5  (cost=0.43..43.76 rows=10 width=121)
	              Index Cond: ((id >= 7205807) AND (id <= 7205816))

table 6 : explain SELECT DISTINCT c FROM sbtest6 WHERE id BETWEEN 6693490 AND 6693499 ORDER BY c
	Unique  (cost=44.01..44.06 rows=10 width=121)
	  ->  Sort  (cost=44.01..44.03 rows=10 width=121)
	        Sort Key: c
	        ->  Index Scan using sbtest6_pkey on sbtest6  (cost=0.43..43.84 rows=10 width=121)
	              Index Cond: ((id >= 6693490) AND (id <= 6693499))

table 7 : explain SELECT DISTINCT c FROM sbtest7 WHERE id BETWEEN 7906951 AND 7906960 ORDER BY c
	Unique  (cost=44.00..44.05 rows=10 width=121)
	  ->  Sort  (cost=44.00..44.03 rows=10 width=121)
	        Sort Key: c
	        ->  Index Scan using sbtest7_pkey on sbtest7  (cost=0.43..43.84 rows=10 width=121)
	              Index Cond: ((id >= 7906951) AND (id <= 7906960))

table 8 : explain SELECT DISTINCT c FROM sbtest8 WHERE id BETWEEN 8429903 AND 8429912 ORDER BY c
	Unique  (cost=44.02..44.07 rows=10 width=121)
	  ->  Sort  (cost=44.02..44.05 rows=10 width=121)
	        Sort Key: c
	        ->  Index Scan using sbtest8_pkey on sbtest8  (cost=0.43..43.86 rows=10 width=121)
	              Index Cond: ((id >= 8429903) AND (id <= 8429912))

for: distinct_ranges
table 1 : explain SELECT DISTINCT c FROM sbtest1 WHERE id BETWEEN 6695439 AND 6695448 ORDER BY c
	Unique  (cost=48.01..48.06 rows=11 width=121)
	  ->  Sort  (cost=48.01..48.03 rows=11 width=121)
	        Sort Key: c
	        ->  Index Scan using sbtest1_pkey on sbtest1  (cost=0.43..47.82 rows=11 width=121)
	              Index Cond: ((id >= 6695439) AND (id <= 6695448))

table 2 : explain SELECT DISTINCT c FROM sbtest2 WHERE id BETWEEN 6651166 AND 6651175 ORDER BY c
	Unique  (cost=44.12..44.17 rows=10 width=121)
	  ->  Sort  (cost=44.12..44.15 rows=10 width=121)
	        Sort Key: c
	        ->  Index Scan using sbtest2_pkey on sbtest2  (cost=0.43..43.96 rows=10 width=121)
	              Index Cond: ((id >= 6651166) AND (id <= 6651175))

table 3 : explain SELECT DISTINCT c FROM sbtest3 WHERE id BETWEEN 3802920 AND 3802929 ORDER BY c
	Unique  (cost=44.00..44.05 rows=10 width=121)
	  ->  Sort  (cost=44.00..44.03 rows=10 width=121)
	        Sort Key: c
	        ->  Index Scan using sbtest3_pkey on sbtest3  (cost=0.43..43.83 rows=10 width=121)
	              Index Cond: ((id >= 3802920) AND (id <= 3802929))

table 4 : explain SELECT DISTINCT c FROM sbtest4 WHERE id BETWEEN 382120 AND 382129 ORDER BY c
	Unique  (cost=43.97..44.02 rows=10 width=121)
	  ->  Sort  (cost=43.97..44.00 rows=10 width=121)
	        Sort Key: c
	        ->  Index Scan using sbtest4_pkey on sbtest4  (cost=0.43..43.81 rows=10 width=121)
	              Index Cond: ((id >= 382120) AND (id <= 382129))

table 5 : explain SELECT DISTINCT c FROM sbtest5 WHERE id BETWEEN 4583248 AND 4583257 ORDER BY c
	Unique  (cost=39.98..40.03 rows=9 width=121)
	  ->  Sort  (cost=39.98..40.00 rows=9 width=121)
	        Sort Key: c
	        ->  Index Scan using sbtest5_pkey on sbtest5  (cost=0.43..39.84 rows=9 width=121)
	              Index Cond: ((id >= 4583248) AND (id <= 4583257))

table 6 : explain SELECT DISTINCT c FROM sbtest6 WHERE id BETWEEN 7903587 AND 7903596 ORDER BY c
	Unique  (cost=44.01..44.06 rows=10 width=121)
	  ->  Sort  (cost=44.01..44.03 rows=10 width=121)
	        Sort Key: c
	        ->  Index Scan using sbtest6_pkey on sbtest6  (cost=0.43..43.84 rows=10 width=121)
	              Index Cond: ((id >= 7903587) AND (id <= 7903596))

table 7 : explain SELECT DISTINCT c FROM sbtest7 WHERE id BETWEEN 2997790 AND 2997799 ORDER BY c
	Unique  (cost=47.96..48.01 rows=11 width=121)
	  ->  Sort  (cost=47.96..47.99 rows=11 width=121)
	        Sort Key: c
	        ->  Index Scan using sbtest7_pkey on sbtest7  (cost=0.43..47.77 rows=11 width=121)
	              Index Cond: ((id >= 2997790) AND (id <= 2997799))

table 8 : explain SELECT DISTINCT c FROM sbtest8 WHERE id BETWEEN 2522949 AND 2522958 ORDER BY c
	Unique  (cost=40.07..40.11 rows=9 width=121)
	  ->  Sort  (cost=40.07..40.09 rows=9 width=121)
	        Sort Key: c
	        ->  Index Scan using sbtest8_pkey on sbtest8  (cost=0.43..39.92 rows=9 width=121)
	              Index Cond: ((id >= 2522949) AND (id <= 2522958))

for: distinct_ranges
table 1 : explain SELECT DISTINCT c FROM sbtest1 WHERE id BETWEEN 4118830 AND 4118839 ORDER BY c
	Unique  (cost=44.05..44.10 rows=10 width=121)
	  ->  Sort  (cost=44.05..44.07 rows=10 width=121)
	        Sort Key: c
	        ->  Index Scan using sbtest1_pkey on sbtest1  (cost=0.43..43.88 rows=10 width=121)
	              Index Cond: ((id >= 4118830) AND (id <= 4118839))

table 2 : explain SELECT DISTINCT c FROM sbtest2 WHERE id BETWEEN 5863892 AND 5863901 ORDER BY c
	Unique  (cost=40.15..40.20 rows=9 width=121)
	  ->  Sort  (cost=40.15..40.18 rows=9 width=121)
	        Sort Key: c
	        ->  Index Scan using sbtest2_pkey on sbtest2  (cost=0.43..40.01 rows=9 width=121)
	              Index Cond: ((id >= 5863892) AND (id <= 5863901))

table 3 : explain SELECT DISTINCT c FROM sbtest3 WHERE id BETWEEN 9241904 AND 9241913 ORDER BY c
	Unique  (cost=44.00..44.05 rows=10 width=121)
	  ->  Sort  (cost=44.00..44.03 rows=10 width=121)
	        Sort Key: c
	        ->  Index Scan using sbtest3_pkey on sbtest3  (cost=0.43..43.83 rows=10 width=121)
	              Index Cond: ((id >= 9241904) AND (id <= 9241913))

table 4 : explain SELECT DISTINCT c FROM sbtest4 WHERE id BETWEEN 8672221 AND 8672230 ORDER BY c
	Unique  (cost=43.97..44.02 rows=10 width=121)
	  ->  Sort  (cost=43.97..44.00 rows=10 width=121)
	        Sort Key: c
	        ->  Index Scan using sbtest4_pkey on sbtest4  (cost=0.43..43.81 rows=10 width=121)
	              Index Cond: ((id >= 8672221) AND (id <= 8672230))

table 5 : explain SELECT DISTINCT c FROM sbtest5 WHERE id BETWEEN 1480623 AND 1480632 ORDER BY c
	Unique  (cost=47.87..47.93 rows=11 width=121)
	  ->  Sort  (cost=47.87..47.90 rows=11 width=121)
	        Sort Key: c
	        ->  Index Scan using sbtest5_pkey on sbtest5  (cost=0.43..47.68 rows=11 width=121)
	              Index Cond: ((id >= 1480623) AND (id <= 1480632))

table 6 : explain SELECT DISTINCT c FROM sbtest6 WHERE id BETWEEN 8646776 AND 8646785 ORDER BY c
	Unique  (cost=40.05..40.10 rows=9 width=121)
	  ->  Sort  (cost=40.05..40.08 rows=9 width=121)
	        Sort Key: c
	        ->  Index Scan using sbtest6_pkey on sbtest6  (cost=0.43..39.91 rows=9 width=121)
	              Index Cond: ((id >= 8646776) AND (id <= 8646785))

table 7 : explain SELECT DISTINCT c FROM sbtest7 WHERE id BETWEEN 680607 AND 680616 ORDER BY c
	Unique  (cost=44.00..44.05 rows=10 width=121)
	  ->  Sort  (cost=44.00..44.03 rows=10 width=121)
	        Sort Key: c
	        ->  Index Scan using sbtest7_pkey on sbtest7  (cost=0.43..43.84 rows=10 width=121)
	              Index Cond: ((id >= 680607) AND (id <= 680616))

table 8 : explain SELECT DISTINCT c FROM sbtest8 WHERE id BETWEEN 4246845 AND 4246854 ORDER BY c
	Unique  (cost=40.07..40.11 rows=9 width=121)
	  ->  Sort  (cost=40.07..40.09 rows=9 width=121)
	        Sort Key: c
	        ->  Index Scan using sbtest8_pkey on sbtest8  (cost=0.43..39.92 rows=9 width=121)
	              Index Cond: ((id >= 4246845) AND (id <= 4246854))

for: distinct_ranges
table 1 : explain SELECT DISTINCT c FROM sbtest1 WHERE id BETWEEN 7199243 AND 7199252 ORDER BY c
	Unique  (cost=44.05..44.10 rows=10 width=121)
	  ->  Sort  (cost=44.05..44.07 rows=10 width=121)
	        Sort Key: c
	        ->  Index Scan using sbtest1_pkey on sbtest1  (cost=0.43..43.88 rows=10 width=121)
	              Index Cond: ((id >= 7199243) AND (id <= 7199252))

table 2 : explain SELECT DISTINCT c FROM sbtest2 WHERE id BETWEEN 3463672 AND 3463681 ORDER BY c
	Unique  (cost=48.09..48.15 rows=11 width=121)
	  ->  Sort  (cost=48.09..48.12 rows=11 width=121)
	        Sort Key: c
	        ->  Index Scan using sbtest2_pkey on sbtest2  (cost=0.43..47.90 rows=11 width=121)
	              Index Cond: ((id >= 3463672) AND (id <= 3463681))

table 3 : explain SELECT DISTINCT c FROM sbtest3 WHERE id BETWEEN 6815665 AND 6815674 ORDER BY c
	Unique  (cost=44.00..44.05 rows=10 width=121)
	  ->  Sort  (cost=44.00..44.03 rows=10 width=121)
	        Sort Key: c
	        ->  Index Scan using sbtest3_pkey on sbtest3  (cost=0.43..43.83 rows=10 width=121)
	              Index Cond: ((id >= 6815665) AND (id <= 6815674))

table 4 : explain SELECT DISTINCT c FROM sbtest4 WHERE id BETWEEN 1328268 AND 1328277 ORDER BY c
	Unique  (cost=40.02..40.07 rows=9 width=121)
	  ->  Sort  (cost=40.02..40.04 rows=9 width=121)
	        Sort Key: c
	        ->  Index Scan using sbtest4_pkey on sbtest4  (cost=0.43..39.88 rows=9 width=121)
	              Index Cond: ((id >= 1328268) AND (id <= 1328277))

table 5 : explain SELECT DISTINCT c FROM sbtest5 WHERE id BETWEEN 1305842 AND 1305851 ORDER BY c
	Unique  (cost=43.93..43.98 rows=10 width=121)
	  ->  Sort  (cost=43.93..43.95 rows=10 width=121)
	        Sort Key: c
	        ->  Index Scan using sbtest5_pkey on sbtest5  (cost=0.43..43.76 rows=10 width=121)
	              Index Cond: ((id >= 1305842) AND (id <= 1305851))

table 6 : explain SELECT DISTINCT c FROM sbtest6 WHERE id BETWEEN 65651 AND 65660 ORDER BY c
	Unique  (cost=44.01..44.06 rows=10 width=121)
	  ->  Sort  (cost=44.01..44.03 rows=10 width=121)
	        Sort Key: c
	        ->  Index Scan using sbtest6_pkey on sbtest6  (cost=0.43..43.84 rows=10 width=121)
	              Index Cond: ((id >= 65651) AND (id <= 65660))

table 7 : explain SELECT DISTINCT c FROM sbtest7 WHERE id BETWEEN 9920319 AND 9920328 ORDER BY c
	Unique  (cost=44.00..44.05 rows=10 width=121)
	  ->  Sort  (cost=44.00..44.03 rows=10 width=121)
	        Sort Key: c
	        ->  Index Scan using sbtest7_pkey on sbtest7  (cost=0.43..43.84 rows=10 width=121)
	              Index Cond: ((id >= 9920319) AND (id <= 9920328))

table 8 : explain SELECT DISTINCT c FROM sbtest8 WHERE id BETWEEN 6292614 AND 6292623 ORDER BY c
	Unique  (cost=44.02..44.07 rows=10 width=121)
	  ->  Sort  (cost=44.02..44.05 rows=10 width=121)
	        Sort Key: c
	        ->  Index Scan using sbtest8_pkey on sbtest8  (cost=0.43..43.86 rows=10 width=121)
	              Index Cond: ((id >= 6292614) AND (id <= 6292623))

for: distinct_ranges
table 1 : explain SELECT DISTINCT c FROM sbtest1 WHERE id BETWEEN 1095516 AND 1095525 ORDER BY c
	Unique  (cost=44.05..44.10 rows=10 width=121)
	  ->  Sort  (cost=44.05..44.07 rows=10 width=121)
	        Sort Key: c
	        ->  Index Scan using sbtest1_pkey on sbtest1  (cost=0.43..43.88 rows=10 width=121)
	              Index Cond: ((id >= 1095516) AND (id <= 1095525))

table 2 : explain SELECT DISTINCT c FROM sbtest2 WHERE id BETWEEN 7596470 AND 7596479 ORDER BY c
	Unique  (cost=40.15..40.20 rows=9 width=121)
	  ->  Sort  (cost=40.15..40.18 rows=9 width=121)
	        Sort Key: c
	        ->  Index Scan using sbtest2_pkey on sbtest2  (cost=0.43..40.01 rows=9 width=121)
	              Index Cond: ((id >= 7596470) AND (id <= 7596479))

table 3 : explain SELECT DISTINCT c FROM sbtest3 WHERE id BETWEEN 2324598 AND 2324607 ORDER BY c
	Unique  (cost=44.00..44.05 rows=10 width=121)
	  ->  Sort  (cost=44.00..44.03 rows=10 width=121)
	        Sort Key: c
	        ->  Index Scan using sbtest3_pkey on sbtest3  (cost=0.43..43.83 rows=10 width=121)
	              Index Cond: ((id >= 2324598) AND (id <= 2324607))

table 4 : explain SELECT DISTINCT c FROM sbtest4 WHERE id BETWEEN 9271471 AND 9271480 ORDER BY c
	Unique  (cost=43.97..44.02 rows=10 width=121)
	  ->  Sort  (cost=43.97..44.00 rows=10 width=121)
	        Sort Key: c
	        ->  Index Scan using sbtest4_pkey on sbtest4  (cost=0.43..43.81 rows=10 width=121)
	              Index Cond: ((id >= 9271471) AND (id <= 9271480))

table 5 : explain SELECT DISTINCT c FROM sbtest5 WHERE id BETWEEN 9351383 AND 9351392 ORDER BY c
	Unique  (cost=43.93..43.98 rows=10 width=121)
	  ->  Sort  (cost=43.93..43.95 rows=10 width=121)
	        Sort Key: c
	        ->  Index Scan using sbtest5_pkey on sbtest5  (cost=0.43..43.76 rows=10 width=121)
	              Index Cond: ((id >= 9351383) AND (id <= 9351392))

table 6 : explain SELECT DISTINCT c FROM sbtest6 WHERE id BETWEEN 8977974 AND 8977983 ORDER BY c
	Unique  (cost=44.01..44.06 rows=10 width=121)
	  ->  Sort  (cost=44.01..44.03 rows=10 width=121)
	        Sort Key: c
	        ->  Index Scan using sbtest6_pkey on sbtest6  (cost=0.43..43.84 rows=10 width=121)
	              Index Cond: ((id >= 8977974) AND (id <= 8977983))

table 7 : explain SELECT DISTINCT c FROM sbtest7 WHERE id BETWEEN 3724780 AND 3724789 ORDER BY c
	Unique  (cost=44.00..44.05 rows=10 width=121)
	  ->  Sort  (cost=44.00..44.03 rows=10 width=121)
	        Sort Key: c
	        ->  Index Scan using sbtest7_pkey on sbtest7  (cost=0.43..43.84 rows=10 width=121)
	              Index Cond: ((id >= 3724780) AND (id <= 3724789))

table 8 : explain SELECT DISTINCT c FROM sbtest8 WHERE id BETWEEN 5541370 AND 5541379 ORDER BY c
	Unique  (cost=44.02..44.07 rows=10 width=121)
	  ->  Sort  (cost=44.02..44.05 rows=10 width=121)
	        Sort Key: c
	        ->  Index Scan using sbtest8_pkey on sbtest8  (cost=0.43..43.86 rows=10 width=121)
	              Index Cond: ((id >= 5541370) AND (id <= 5541379))

for: distinct_ranges
table 1 : explain SELECT DISTINCT c FROM sbtest1 WHERE id BETWEEN 9611640 AND 9611649 ORDER BY c
	Unique  (cost=40.09..40.13 rows=9 width=121)
	  ->  Sort  (cost=40.09..40.11 rows=9 width=121)
	        Sort Key: c
	        ->  Index Scan using sbtest1_pkey on sbtest1  (cost=0.43..39.94 rows=9 width=121)
	              Index Cond: ((id >= 9611640) AND (id <= 9611649))

table 2 : explain SELECT DISTINCT c FROM sbtest2 WHERE id BETWEEN 1821598 AND 1821607 ORDER BY c
	Unique  (cost=48.09..48.15 rows=11 width=121)
	  ->  Sort  (cost=48.09..48.12 rows=11 width=121)
	        Sort Key: c
	        ->  Index Scan using sbtest2_pkey on sbtest2  (cost=0.43..47.90 rows=11 width=121)
	              Index Cond: ((id >= 1821598) AND (id <= 1821607))

table 3 : explain SELECT DISTINCT c FROM sbtest3 WHERE id BETWEEN 7165306 AND 7165315 ORDER BY c
	Unique  (cost=47.96..48.01 rows=11 width=121)
	  ->  Sort  (cost=47.96..47.98 rows=11 width=121)
	        Sort Key: c
	        ->  Index Scan using sbtest3_pkey on sbtest3  (cost=0.43..47.77 rows=11 width=121)
	              Index Cond: ((id >= 7165306) AND (id <= 7165315))

table 4 : explain SELECT DISTINCT c FROM sbtest4 WHERE id BETWEEN 8124656 AND 8124665 ORDER BY c
	Unique  (cost=43.97..44.02 rows=10 width=121)
	  ->  Sort  (cost=43.97..44.00 rows=10 width=121)
	        Sort Key: c
	        ->  Index Scan using sbtest4_pkey on sbtest4  (cost=0.43..43.81 rows=10 width=121)
	              Index Cond: ((id >= 8124656) AND (id <= 8124665))

table 5 : explain SELECT DISTINCT c FROM sbtest5 WHERE id BETWEEN 6093070 AND 6093079 ORDER BY c
	Unique  (cost=43.93..43.98 rows=10 width=121)
	  ->  Sort  (cost=43.93..43.95 rows=10 width=121)
	        Sort Key: c
	        ->  Index Scan using sbtest5_pkey on sbtest5  (cost=0.43..43.76 rows=10 width=121)
	              Index Cond: ((id >= 6093070) AND (id <= 6093079))

table 6 : explain SELECT DISTINCT c FROM sbtest6 WHERE id BETWEEN 929245 AND 929254 ORDER BY c
	Unique  (cost=44.01..44.06 rows=10 width=121)
	  ->  Sort  (cost=44.01..44.03 rows=10 width=121)
	        Sort Key: c
	        ->  Index Scan using sbtest6_pkey on sbtest6  (cost=0.43..43.84 rows=10 width=121)
	              Index Cond: ((id >= 929245) AND (id <= 929254))

table 7 : explain SELECT DISTINCT c FROM sbtest7 WHERE id BETWEEN 4281465 AND 4281474 ORDER BY c
	Unique  (cost=40.05..40.09 rows=9 width=121)
	  ->  Sort  (cost=40.05..40.07 rows=9 width=121)
	        Sort Key: c
	        ->  Index Scan using sbtest7_pkey on sbtest7  (cost=0.43..39.91 rows=9 width=121)
	              Index Cond: ((id >= 4281465) AND (id <= 4281474))

table 8 : explain SELECT DISTINCT c FROM sbtest8 WHERE id BETWEEN 6899450 AND 6899459 ORDER BY c
	Unique  (cost=44.02..44.07 rows=10 width=121)
	  ->  Sort  (cost=44.02..44.05 rows=10 width=121)
	        Sort Key: c
	        ->  Index Scan using sbtest8_pkey on sbtest8  (cost=0.43..43.86 rows=10 width=121)
	              Index Cond: ((id >= 6899450) AND (id <= 6899459))

for: distinct_ranges
table 1 : explain SELECT DISTINCT c FROM sbtest1 WHERE id BETWEEN 5157459 AND 5157468 ORDER BY c
	Unique  (cost=40.09..40.13 rows=9 width=121)
	  ->  Sort  (cost=40.09..40.11 rows=9 width=121)
	        Sort Key: c
	        ->  Index Scan using sbtest1_pkey on sbtest1  (cost=0.43..39.94 rows=9 width=121)
	              Index Cond: ((id >= 5157459) AND (id <= 5157468))

table 2 : explain SELECT DISTINCT c FROM sbtest2 WHERE id BETWEEN 5465557 AND 5465566 ORDER BY c
	Unique  (cost=44.12..44.17 rows=10 width=121)
	  ->  Sort  (cost=44.12..44.15 rows=10 width=121)
	        Sort Key: c
	        ->  Index Scan using sbtest2_pkey on sbtest2  (cost=0.43..43.96 rows=10 width=121)
	              Index Cond: ((id >= 5465557) AND (id <= 5465566))

table 3 : explain SELECT DISTINCT c FROM sbtest3 WHERE id BETWEEN 9540811 AND 9540820 ORDER BY c
	Unique  (cost=44.00..44.05 rows=10 width=121)
	  ->  Sort  (cost=44.00..44.03 rows=10 width=121)
	        Sort Key: c
	        ->  Index Scan using sbtest3_pkey on sbtest3  (cost=0.43..43.83 rows=10 width=121)
	              Index Cond: ((id >= 9540811) AND (id <= 9540820))

table 4 : explain SELECT DISTINCT c FROM sbtest4 WHERE id BETWEEN 5994509 AND 5994518 ORDER BY c
	Unique  (cost=43.97..44.02 rows=10 width=121)
	  ->  Sort  (cost=43.97..44.00 rows=10 width=121)
	        Sort Key: c
	        ->  Index Scan using sbtest4_pkey on sbtest4  (cost=0.43..43.81 rows=10 width=121)
	              Index Cond: ((id >= 5994509) AND (id <= 5994518))

table 5 : explain SELECT DISTINCT c FROM sbtest5 WHERE id BETWEEN 7967653 AND 7967662 ORDER BY c
	Unique  (cost=43.93..43.98 rows=10 width=121)
	  ->  Sort  (cost=43.93..43.95 rows=10 width=121)
	        Sort Key: c
	        ->  Index Scan using sbtest5_pkey on sbtest5  (cost=0.43..43.76 rows=10 width=121)
	              Index Cond: ((id >= 7967653) AND (id <= 7967662))

table 6 : explain SELECT DISTINCT c FROM sbtest6 WHERE id BETWEEN 8014091 AND 8014100 ORDER BY c
	Unique  (cost=47.96..48.02 rows=11 width=121)
	  ->  Sort  (cost=47.96..47.99 rows=11 width=121)
	        Sort Key: c
	        ->  Index Scan using sbtest6_pkey on sbtest6  (cost=0.43..47.77 rows=11 width=121)
	              Index Cond: ((id >= 8014091) AND (id <= 8014100))

table 7 : explain SELECT DISTINCT c FROM sbtest7 WHERE id BETWEEN 410449 AND 410458 ORDER BY c
	Unique  (cost=47.96..48.01 rows=11 width=121)
	  ->  Sort  (cost=47.96..47.99 rows=11 width=121)
	        Sort Key: c
	        ->  Index Scan using sbtest7_pkey on sbtest7  (cost=0.43..47.77 rows=11 width=121)
	              Index Cond: ((id >= 410449) AND (id <= 410458))

table 8 : explain SELECT DISTINCT c FROM sbtest8 WHERE id BETWEEN 8899626 AND 8899635 ORDER BY c
	Unique  (cost=44.02..44.07 rows=10 width=121)
	  ->  Sort  (cost=44.02..44.05 rows=10 width=121)
	        Sort Key: c
	        ->  Index Scan using sbtest8_pkey on sbtest8  (cost=0.43..43.86 rows=10 width=121)
	              Index Cond: ((id >= 8899626) AND (id <= 8899635))

for: distinct_ranges
table 1 : explain SELECT DISTINCT c FROM sbtest1 WHERE id BETWEEN 535201 AND 535210 ORDER BY c
	Unique  (cost=44.05..44.10 rows=10 width=121)
	  ->  Sort  (cost=44.05..44.07 rows=10 width=121)
	        Sort Key: c
	        ->  Index Scan using sbtest1_pkey on sbtest1  (cost=0.43..43.88 rows=10 width=121)
	              Index Cond: ((id >= 535201) AND (id <= 535210))

table 2 : explain SELECT DISTINCT c FROM sbtest2 WHERE id BETWEEN 7549769 AND 7549778 ORDER BY c
	Unique  (cost=40.15..40.20 rows=9 width=121)
	  ->  Sort  (cost=40.15..40.18 rows=9 width=121)
	        Sort Key: c
	        ->  Index Scan using sbtest2_pkey on sbtest2  (cost=0.43..40.01 rows=9 width=121)
	              Index Cond: ((id >= 7549769) AND (id <= 7549778))

table 3 : explain SELECT DISTINCT c FROM sbtest3 WHERE id BETWEEN 5788281 AND 5788290 ORDER BY c
	Unique  (cost=44.00..44.05 rows=10 width=121)
	  ->  Sort  (cost=44.00..44.03 rows=10 width=121)
	        Sort Key: c
	        ->  Index Scan using sbtest3_pkey on sbtest3  (cost=0.43..43.83 rows=10 width=121)
	              Index Cond: ((id >= 5788281) AND (id <= 5788290))

table 4 : explain SELECT DISTINCT c FROM sbtest4 WHERE id BETWEEN 9674487 AND 9674496 ORDER BY c
	Unique  (cost=43.97..44.02 rows=10 width=121)
	  ->  Sort  (cost=43.97..44.00 rows=10 width=121)
	        Sort Key: c
	        ->  Index Scan using sbtest4_pkey on sbtest4  (cost=0.43..43.81 rows=10 width=121)
	              Index Cond: ((id >= 9674487) AND (id <= 9674496))

table 5 : explain SELECT DISTINCT c FROM sbtest5 WHERE id BETWEEN 4366517 AND 4366526 ORDER BY c
	Unique  (cost=43.93..43.98 rows=10 width=121)
	  ->  Sort  (cost=43.93..43.95 rows=10 width=121)
	        Sort Key: c
	        ->  Index Scan using sbtest5_pkey on sbtest5  (cost=0.43..43.76 rows=10 width=121)
	              Index Cond: ((id >= 4366517) AND (id <= 4366526))

table 6 : explain SELECT DISTINCT c FROM sbtest6 WHERE id BETWEEN 7974333 AND 7974342 ORDER BY c
	Unique  (cost=44.01..44.06 rows=10 width=121)
	  ->  Sort  (cost=44.01..44.03 rows=10 width=121)
	        Sort Key: c
	        ->  Index Scan using sbtest6_pkey on sbtest6  (cost=0.43..43.84 rows=10 width=121)
	              Index Cond: ((id >= 7974333) AND (id <= 7974342))

table 7 : explain SELECT DISTINCT c FROM sbtest7 WHERE id BETWEEN 9800909 AND 9800918 ORDER BY c
	Unique  (cost=44.00..44.05 rows=10 width=121)
	  ->  Sort  (cost=44.00..44.03 rows=10 width=121)
	        Sort Key: c
	        ->  Index Scan using sbtest7_pkey on sbtest7  (cost=0.43..43.84 rows=10 width=121)
	              Index Cond: ((id >= 9800909) AND (id <= 9800918))

table 8 : explain SELECT DISTINCT c FROM sbtest8 WHERE id BETWEEN 160539 AND 160548 ORDER BY c
	Unique  (cost=47.98..48.04 rows=11 width=121)
	  ->  Sort  (cost=47.98..48.01 rows=11 width=121)
	        Sort Key: c
	        ->  Index Scan using sbtest8_pkey on sbtest8  (cost=0.43..47.79 rows=11 width=121)
	              Index Cond: ((id >= 160539) AND (id <= 160548))

for: distinct_ranges
table 1 : explain SELECT DISTINCT c FROM sbtest1 WHERE id BETWEEN 9280990 AND 9280999 ORDER BY c
	Unique  (cost=48.01..48.06 rows=11 width=121)
	  ->  Sort  (cost=48.01..48.03 rows=11 width=121)
	        Sort Key: c
	        ->  Index Scan using sbtest1_pkey on sbtest1  (cost=0.43..47.82 rows=11 width=121)
	              Index Cond: ((id >= 9280990) AND (id <= 9280999))

table 2 : explain SELECT DISTINCT c FROM sbtest2 WHERE id BETWEEN 8124018 AND 8124027 ORDER BY c
	Unique  (cost=48.09..48.15 rows=11 width=121)
	  ->  Sort  (cost=48.09..48.12 rows=11 width=121)
	        Sort Key: c
	        ->  Index Scan using sbtest2_pkey on sbtest2  (cost=0.43..47.90 rows=11 width=121)
	              Index Cond: ((id >= 8124018) AND (id <= 8124027))

table 3 : explain SELECT DISTINCT c FROM sbtest3 WHERE id BETWEEN 4767049 AND 4767058 ORDER BY c
	Unique  (cost=40.05..40.09 rows=9 width=121)
	  ->  Sort  (cost=40.05..40.07 rows=9 width=121)
	        Sort Key: c
	        ->  Index Scan using sbtest3_pkey on sbtest3  (cost=0.43..39.90 rows=9 width=121)
	              Index Cond: ((id >= 4767049) AND (id <= 4767058))

table 4 : explain SELECT DISTINCT c FROM sbtest4 WHERE id BETWEEN 9689885 AND 9689894 ORDER BY c
	Unique  (cost=43.97..44.02 rows=10 width=121)
	  ->  Sort  (cost=43.97..44.00 rows=10 width=121)
	        Sort Key: c
	        ->  Index Scan using sbtest4_pkey on sbtest4  (cost=0.43..43.81 rows=10 width=121)
	              Index Cond: ((id >= 9689885) AND (id <= 9689894))

table 5 : explain SELECT DISTINCT c FROM sbtest5 WHERE id BETWEEN 9121692 AND 9121701 ORDER BY c
	Unique  (cost=43.93..43.98 rows=10 width=121)
	  ->  Sort  (cost=43.93..43.95 rows=10 width=121)
	        Sort Key: c
	        ->  Index Scan using sbtest5_pkey on sbtest5  (cost=0.43..43.76 rows=10 width=121)
	              Index Cond: ((id >= 9121692) AND (id <= 9121701))

table 6 : explain SELECT DISTINCT c FROM sbtest6 WHERE id BETWEEN 6925893 AND 6925902 ORDER BY c
	Unique  (cost=44.01..44.06 rows=10 width=121)
	  ->  Sort  (cost=44.01..44.03 rows=10 width=121)
	        Sort Key: c
	        ->  Index Scan using sbtest6_pkey on sbtest6  (cost=0.43..43.84 rows=10 width=121)
	              Index Cond: ((id >= 6925893) AND (id <= 6925902))

table 7 : explain SELECT DISTINCT c FROM sbtest7 WHERE id BETWEEN 9432329 AND 9432338 ORDER BY c
	Unique  (cost=40.05..40.09 rows=9 width=121)
	  ->  Sort  (cost=40.05..40.07 rows=9 width=121)
	        Sort Key: c
	        ->  Index Scan using sbtest7_pkey on sbtest7  (cost=0.43..39.91 rows=9 width=121)
	              Index Cond: ((id >= 9432329) AND (id <= 9432338))

table 8 : explain SELECT DISTINCT c FROM sbtest8 WHERE id BETWEEN 9045063 AND 9045072 ORDER BY c
	Unique  (cost=44.02..44.07 rows=10 width=121)
	  ->  Sort  (cost=44.02..44.05 rows=10 width=121)
	        Sort Key: c
	        ->  Index Scan using sbtest8_pkey on sbtest8  (cost=0.43..43.86 rows=10 width=121)
	              Index Cond: ((id >= 9045063) AND (id <= 9045072))

for: distinct_ranges
table 1 : explain SELECT DISTINCT c FROM sbtest1 WHERE id BETWEEN 8744612 AND 8744621 ORDER BY c
	Unique  (cost=44.05..44.10 rows=10 width=121)
	  ->  Sort  (cost=44.05..44.07 rows=10 width=121)
	        Sort Key: c
	        ->  Index Scan using sbtest1_pkey on sbtest1  (cost=0.43..43.88 rows=10 width=121)
	              Index Cond: ((id >= 8744612) AND (id <= 8744621))

table 2 : explain SELECT DISTINCT c FROM sbtest2 WHERE id BETWEEN 3067871 AND 3067880 ORDER BY c
	Unique  (cost=44.12..44.17 rows=10 width=121)
	  ->  Sort  (cost=44.12..44.15 rows=10 width=121)
	        Sort Key: c
	        ->  Index Scan using sbtest2_pkey on sbtest2  (cost=0.43..43.96 rows=10 width=121)
	              Index Cond: ((id >= 3067871) AND (id <= 3067880))

table 3 : explain SELECT DISTINCT c FROM sbtest3 WHERE id BETWEEN 6890383 AND 6890392 ORDER BY c
	Unique  (cost=44.00..44.05 rows=10 width=121)
	  ->  Sort  (cost=44.00..44.03 rows=10 width=121)
	        Sort Key: c
	        ->  Index Scan using sbtest3_pkey on sbtest3  (cost=0.43..43.83 rows=10 width=121)
	              Index Cond: ((id >= 6890383) AND (id <= 6890392))

table 4 : explain SELECT DISTINCT c FROM sbtest4 WHERE id BETWEEN 7064333 AND 7064342 ORDER BY c
	Unique  (cost=40.02..40.07 rows=9 width=121)
	  ->  Sort  (cost=40.02..40.04 rows=9 width=121)
	        Sort Key: c
	        ->  Index Scan using sbtest4_pkey on sbtest4  (cost=0.43..39.88 rows=9 width=121)
	              Index Cond: ((id >= 7064333) AND (id <= 7064342))

table 5 : explain SELECT DISTINCT c FROM sbtest5 WHERE id BETWEEN 9659551 AND 9659560 ORDER BY c
	Unique  (cost=43.93..43.98 rows=10 width=121)
	  ->  Sort  (cost=43.93..43.95 rows=10 width=121)
	        Sort Key: c
	        ->  Index Scan using sbtest5_pkey on sbtest5  (cost=0.43..43.76 rows=10 width=121)
	              Index Cond: ((id >= 9659551) AND (id <= 9659560))

table 6 : explain SELECT DISTINCT c FROM sbtest6 WHERE id BETWEEN 3293031 AND 3293040 ORDER BY c
	Unique  (cost=44.01..44.06 rows=10 width=121)
	  ->  Sort  (cost=44.01..44.03 rows=10 width=121)
	        Sort Key: c
	        ->  Index Scan using sbtest6_pkey on sbtest6  (cost=0.43..43.84 rows=10 width=121)
	              Index Cond: ((id >= 3293031) AND (id <= 3293040))

table 7 : explain SELECT DISTINCT c FROM sbtest7 WHERE id BETWEEN 1195934 AND 1195943 ORDER BY c
	Unique  (cost=44.00..44.05 rows=10 width=121)
	  ->  Sort  (cost=44.00..44.03 rows=10 width=121)
	        Sort Key: c
	        ->  Index Scan using sbtest7_pkey on sbtest7  (cost=0.43..43.84 rows=10 width=121)
	              Index Cond: ((id >= 1195934) AND (id <= 1195943))

table 8 : explain SELECT DISTINCT c FROM sbtest8 WHERE id BETWEEN 8338349 AND 8338358 ORDER BY c
	Unique  (cost=44.02..44.07 rows=10 width=121)
	  ->  Sort  (cost=44.02..44.05 rows=10 width=121)
	        Sort Key: c
	        ->  Index Scan using sbtest8_pkey on sbtest8  (cost=0.43..43.86 rows=10 width=121)
	              Index Cond: ((id >= 8338349) AND (id <= 8338358))

for: order_ranges
table 1 : explain SELECT c FROM sbtest1 WHERE id BETWEEN 3857729 AND 3857738 ORDER BY c
	Sort  (cost=44.05..44.07 rows=10 width=121)
	  Sort Key: c
	  ->  Index Scan using sbtest1_pkey on sbtest1  (cost=0.43..43.88 rows=10 width=121)
	        Index Cond: ((id >= 3857729) AND (id <= 3857738))

table 2 : explain SELECT c FROM sbtest2 WHERE id BETWEEN 4297448 AND 4297457 ORDER BY c
	Sort  (cost=44.12..44.15 rows=10 width=121)
	  Sort Key: c
	  ->  Index Scan using sbtest2_pkey on sbtest2  (cost=0.43..43.96 rows=10 width=121)
	        Index Cond: ((id >= 4297448) AND (id <= 4297457))

table 3 : explain SELECT c FROM sbtest3 WHERE id BETWEEN 5025622 AND 5025631 ORDER BY c
	Sort  (cost=44.00..44.03 rows=10 width=121)
	  Sort Key: c
	  ->  Index Scan using sbtest3_pkey on sbtest3  (cost=0.43..43.83 rows=10 width=121)
	        Index Cond: ((id >= 5025622) AND (id <= 5025631))

table 4 : explain SELECT c FROM sbtest4 WHERE id BETWEEN 2343807 AND 2343816 ORDER BY c
	Sort  (cost=43.97..44.00 rows=10 width=121)
	  Sort Key: c
	  ->  Index Scan using sbtest4_pkey on sbtest4  (cost=0.43..43.81 rows=10 width=121)
	        Index Cond: ((id >= 2343807) AND (id <= 2343816))

table 5 : explain SELECT c FROM sbtest5 WHERE id BETWEEN 9276074 AND 9276083 ORDER BY c
	Sort  (cost=43.93..43.95 rows=10 width=121)
	  Sort Key: c
	  ->  Index Scan using sbtest5_pkey on sbtest5  (cost=0.43..43.76 rows=10 width=121)
	        Index Cond: ((id >= 9276074) AND (id <= 9276083))

table 6 : explain SELECT c FROM sbtest6 WHERE id BETWEEN 676635 AND 676644 ORDER BY c
	Sort  (cost=44.01..44.03 rows=10 width=121)
	  Sort Key: c
	  ->  Index Scan using sbtest6_pkey on sbtest6  (cost=0.43..43.84 rows=10 width=121)
	        Index Cond: ((id >= 676635) AND (id <= 676644))

table 7 : explain SELECT c FROM sbtest7 WHERE id BETWEEN 830177 AND 830186 ORDER BY c
	Sort  (cost=47.96..47.99 rows=11 width=121)
	  Sort Key: c
	  ->  Index Scan using sbtest7_pkey on sbtest7  (cost=0.43..47.77 rows=11 width=121)
	        Index Cond: ((id >= 830177) AND (id <= 830186))

table 8 : explain SELECT c FROM sbtest8 WHERE id BETWEEN 5325804 AND 5325813 ORDER BY c
	Sort  (cost=44.02..44.05 rows=10 width=121)
	  Sort Key: c
	  ->  Index Scan using sbtest8_pkey on sbtest8  (cost=0.43..43.86 rows=10 width=121)
	        Index Cond: ((id >= 5325804) AND (id <= 5325813))

for: distinct_ranges
table 1 : explain SELECT DISTINCT c FROM sbtest1 WHERE id BETWEEN 9004370 AND 9004379 ORDER BY c
	Unique  (cost=44.05..44.10 rows=10 width=121)
	  ->  Sort  (cost=44.05..44.07 rows=10 width=121)
	        Sort Key: c
	        ->  Index Scan using sbtest1_pkey on sbtest1  (cost=0.43..43.88 rows=10 width=121)
	              Index Cond: ((id >= 9004370) AND (id <= 9004379))

table 2 : explain SELECT DISTINCT c FROM sbtest2 WHERE id BETWEEN 6231398 AND 6231407 ORDER BY c
	Unique  (cost=48.09..48.15 rows=11 width=121)
	  ->  Sort  (cost=48.09..48.12 rows=11 width=121)
	        Sort Key: c
	        ->  Index Scan using sbtest2_pkey on sbtest2  (cost=0.43..47.90 rows=11 width=121)
	              Index Cond: ((id >= 6231398) AND (id <= 6231407))

table 3 : explain SELECT DISTINCT c FROM sbtest3 WHERE id BETWEEN 2000891 AND 2000900 ORDER BY c
	Unique  (cost=44.00..44.05 rows=10 width=121)
	  ->  Sort  (cost=44.00..44.03 rows=10 width=121)
	        Sort Key: c
	        ->  Index Scan using sbtest3_pkey on sbtest3  (cost=0.43..43.83 rows=10 width=121)
	              Index Cond: ((id >= 2000891) AND (id <= 2000900))

table 4 : explain SELECT DISTINCT c FROM sbtest4 WHERE id BETWEEN 8031602 AND 8031611 ORDER BY c
	Unique  (cost=47.92..47.98 rows=11 width=121)
	  ->  Sort  (cost=47.92..47.95 rows=11 width=121)
	        Sort Key: c
	        ->  Index Scan using sbtest4_pkey on sbtest4  (cost=0.43..47.73 rows=11 width=121)
	              Index Cond: ((id >= 8031602) AND (id <= 8031611))

table 5 : explain SELECT DISTINCT c FROM sbtest5 WHERE id BETWEEN 2345672 AND 2345681 ORDER BY c
	Unique  (cost=39.98..40.03 rows=9 width=121)
	  ->  Sort  (cost=39.98..40.00 rows=9 width=121)
	        Sort Key: c
	        ->  Index Scan using sbtest5_pkey on sbtest5  (cost=0.43..39.84 rows=9 width=121)
	              Index Cond: ((id >= 2345672) AND (id <= 2345681))

table 6 : explain SELECT DISTINCT c FROM sbtest6 WHERE id BETWEEN 6189768 AND 6189777 ORDER BY c
	Unique  (cost=40.05..40.10 rows=9 width=121)
	  ->  Sort  (cost=40.05..40.08 rows=9 width=121)
	        Sort Key: c
	        ->  Index Scan using sbtest6_pkey on sbtest6  (cost=0.43..39.91 rows=9 width=121)
	              Index Cond: ((id >= 6189768) AND (id <= 6189777))

table 7 : explain SELECT DISTINCT c FROM sbtest7 WHERE id BETWEEN 4094918 AND 4094927 ORDER BY c
	Unique  (cost=40.05..40.09 rows=9 width=121)
	  ->  Sort  (cost=40.05..40.07 rows=9 width=121)
	        Sort Key: c
	        ->  Index Scan using sbtest7_pkey on sbtest7  (cost=0.43..39.91 rows=9 width=121)
	              Index Cond: ((id >= 4094918) AND (id <= 4094927))

table 8 : explain SELECT DISTINCT c FROM sbtest8 WHERE id BETWEEN 9794164 AND 9794173 ORDER BY c
	Unique  (cost=44.02..44.07 rows=10 width=121)
	  ->  Sort  (cost=44.02..44.05 rows=10 width=121)
	        Sort Key: c
	        ->  Index Scan using sbtest8_pkey on sbtest8  (cost=0.43..43.86 rows=10 width=121)
	              Index Cond: ((id >= 9794164) AND (id <= 9794173))

for: distinct_ranges
table 1 : explain SELECT DISTINCT c FROM sbtest1 WHERE id BETWEEN 5299012 AND 5299021 ORDER BY c
	Unique  (cost=44.05..44.10 rows=10 width=121)
	  ->  Sort  (cost=44.05..44.07 rows=10 width=121)
	        Sort Key: c
	        ->  Index Scan using sbtest1_pkey on sbtest1  (cost=0.43..43.88 rows=10 width=121)
	              Index Cond: ((id >= 5299012) AND (id <= 5299021))

table 2 : explain SELECT DISTINCT c FROM sbtest2 WHERE id BETWEEN 3273978 AND 3273987 ORDER BY c
	Unique  (cost=44.12..44.17 rows=10 width=121)
	  ->  Sort  (cost=44.12..44.15 rows=10 width=121)
	        Sort Key: c
	        ->  Index Scan using sbtest2_pkey on sbtest2  (cost=0.43..43.96 rows=10 width=121)
	              Index Cond: ((id >= 3273978) AND (id <= 3273987))

table 3 : explain SELECT DISTINCT c FROM sbtest3 WHERE id BETWEEN 6171309 AND 6171318 ORDER BY c
	Unique  (cost=44.00..44.05 rows=10 width=121)
	  ->  Sort  (cost=44.00..44.03 rows=10 width=121)
	        Sort Key: c
	        ->  Index Scan using sbtest3_pkey on sbtest3  (cost=0.43..43.83 rows=10 width=121)
	              Index Cond: ((id >= 6171309) AND (id <= 6171318))

table 4 : explain SELECT DISTINCT c FROM sbtest4 WHERE id BETWEEN 1830823 AND 1830832 ORDER BY c
	Unique  (cost=43.97..44.02 rows=10 width=121)
	  ->  Sort  (cost=43.97..44.00 rows=10 width=121)
	        Sort Key: c
	        ->  Index Scan using sbtest4_pkey on sbtest4  (cost=0.43..43.81 rows=10 width=121)
	              Index Cond: ((id >= 1830823) AND (id <= 1830832))

table 5 : explain SELECT DISTINCT c FROM sbtest5 WHERE id BETWEEN 1957068 AND 1957077 ORDER BY c
	Unique  (cost=43.93..43.98 rows=10 width=121)
	  ->  Sort  (cost=43.93..43.95 rows=10 width=121)
	        Sort Key: c
	        ->  Index Scan using sbtest5_pkey on sbtest5  (cost=0.43..43.76 rows=10 width=121)
	              Index Cond: ((id >= 1957068) AND (id <= 1957077))

table 6 : explain SELECT DISTINCT c FROM sbtest6 WHERE id BETWEEN 4013373 AND 4013382 ORDER BY c
	Unique  (cost=44.01..44.06 rows=10 width=121)
	  ->  Sort  (cost=44.01..44.03 rows=10 width=121)
	        Sort Key: c
	        ->  Index Scan using sbtest6_pkey on sbtest6  (cost=0.43..43.84 rows=10 width=121)
	              Index Cond: ((id >= 4013373) AND (id <= 4013382))

table 7 : explain SELECT DISTINCT c FROM sbtest7 WHERE id BETWEEN 9671979 AND 9671988 ORDER BY c
	Unique  (cost=44.00..44.05 rows=10 width=121)
	  ->  Sort  (cost=44.00..44.03 rows=10 width=121)
	        Sort Key: c
	        ->  Index Scan using sbtest7_pkey on sbtest7  (cost=0.43..43.84 rows=10 width=121)
	              Index Cond: ((id >= 9671979) AND (id <= 9671988))

table 8 : explain SELECT DISTINCT c FROM sbtest8 WHERE id BETWEEN 9832142 AND 9832151 ORDER BY c
	Unique  (cost=47.98..48.04 rows=11 width=121)
	  ->  Sort  (cost=47.98..48.01 rows=11 width=121)
	        Sort Key: c
	        ->  Index Scan using sbtest8_pkey on sbtest8  (cost=0.43..47.79 rows=11 width=121)
	              Index Cond: ((id >= 9832142) AND (id <= 9832151))

for: distinct_ranges
table 1 : explain SELECT DISTINCT c FROM sbtest1 WHERE id BETWEEN 1812295 AND 1812304 ORDER BY c
	Unique  (cost=40.09..40.13 rows=9 width=121)
	  ->  Sort  (cost=40.09..40.11 rows=9 width=121)
	        Sort Key: c
	        ->  Index Scan using sbtest1_pkey on sbtest1  (cost=0.43..39.94 rows=9 width=121)
	              Index Cond: ((id >= 1812295) AND (id <= 1812304))

table 2 : explain SELECT DISTINCT c FROM sbtest2 WHERE id BETWEEN 8705739 AND 8705748 ORDER BY c
	Unique  (cost=44.12..44.17 rows=10 width=121)
	  ->  Sort  (cost=44.12..44.15 rows=10 width=121)
	        Sort Key: c
	        ->  Index Scan using sbtest2_pkey on sbtest2  (cost=0.43..43.96 rows=10 width=121)
	              Index Cond: ((id >= 8705739) AND (id <= 8705748))

table 3 : explain SELECT DISTINCT c FROM sbtest3 WHERE id BETWEEN 8182072 AND 8182081 ORDER BY c
	Unique  (cost=47.96..48.01 rows=11 width=121)
	  ->  Sort  (cost=47.96..47.98 rows=11 width=121)
	        Sort Key: c
	        ->  Index Scan using sbtest3_pkey on sbtest3  (cost=0.43..47.77 rows=11 width=121)
	              Index Cond: ((id >= 8182072) AND (id <= 8182081))

table 4 : explain SELECT DISTINCT c FROM sbtest4 WHERE id BETWEEN 3870878 AND 3870887 ORDER BY c
	Unique  (cost=43.97..44.02 rows=10 width=121)
	  ->  Sort  (cost=43.97..44.00 rows=10 width=121)
	        Sort Key: c
	        ->  Index Scan using sbtest4_pkey on sbtest4  (cost=0.43..43.81 rows=10 width=121)
	              Index Cond: ((id >= 3870878) AND (id <= 3870887))

table 5 : explain SELECT DISTINCT c FROM sbtest5 WHERE id BETWEEN 6659037 AND 6659046 ORDER BY c
	Unique  (cost=47.87..47.93 rows=11 width=121)
	  ->  Sort  (cost=47.87..47.90 rows=11 width=121)
	        Sort Key: c
	        ->  Index Scan using sbtest5_pkey on sbtest5  (cost=0.43..47.68 rows=11 width=121)
	              Index Cond: ((id >= 6659037) AND (id <= 6659046))

table 6 : explain SELECT DISTINCT c FROM sbtest6 WHERE id BETWEEN 2630547 AND 2630556 ORDER BY c
	Unique  (cost=44.01..44.06 rows=10 width=121)
	  ->  Sort  (cost=44.01..44.03 rows=10 width=121)
	        Sort Key: c
	        ->  Index Scan using sbtest6_pkey on sbtest6  (cost=0.43..43.84 rows=10 width=121)
	              Index Cond: ((id >= 2630547) AND (id <= 2630556))

table 7 : explain SELECT DISTINCT c FROM sbtest7 WHERE id BETWEEN 4983088 AND 4983097 ORDER BY c
	Unique  (cost=44.00..44.05 rows=10 width=121)
	  ->  Sort  (cost=44.00..44.03 rows=10 width=121)
	        Sort Key: c
	        ->  Index Scan using sbtest7_pkey on sbtest7  (cost=0.43..43.84 rows=10 width=121)
	              Index Cond: ((id >= 4983088) AND (id <= 4983097))

table 8 : explain SELECT DISTINCT c FROM sbtest8 WHERE id BETWEEN 442015 AND 442024 ORDER BY c
	Unique  (cost=44.02..44.07 rows=10 width=121)
	  ->  Sort  (cost=44.02..44.05 rows=10 width=121)
	        Sort Key: c
	        ->  Index Scan using sbtest8_pkey on sbtest8  (cost=0.43..43.86 rows=10 width=121)
	              Index Cond: ((id >= 442015) AND (id <= 442024))

for: distinct_ranges
table 1 : explain SELECT DISTINCT c FROM sbtest1 WHERE id BETWEEN 5513079 AND 5513088 ORDER BY c
	Unique  (cost=44.05..44.10 rows=10 width=121)
	  ->  Sort  (cost=44.05..44.07 rows=10 width=121)
	        Sort Key: c
	        ->  Index Scan using sbtest1_pkey on sbtest1  (cost=0.43..43.88 rows=10 width=121)
	              Index Cond: ((id >= 5513079) AND (id <= 5513088))

table 2 : explain SELECT DISTINCT c FROM sbtest2 WHERE id BETWEEN 5431713 AND 5431722 ORDER BY c
	Unique  (cost=44.12..44.17 rows=10 width=121)
	  ->  Sort  (cost=44.12..44.15 rows=10 width=121)
	        Sort Key: c
	        ->  Index Scan using sbtest2_pkey on sbtest2  (cost=0.43..43.96 rows=10 width=121)
	              Index Cond: ((id >= 5431713) AND (id <= 5431722))

table 3 : explain SELECT DISTINCT c FROM sbtest3 WHERE id BETWEEN 8968443 AND 8968452 ORDER BY c
	Unique  (cost=44.00..44.05 rows=10 width=121)
	  ->  Sort  (cost=44.00..44.03 rows=10 width=121)
	        Sort Key: c
	        ->  Index Scan using sbtest3_pkey on sbtest3  (cost=0.43..43.83 rows=10 width=121)
	              Index Cond: ((id >= 8968443) AND (id <= 8968452))

table 4 : explain SELECT DISTINCT c FROM sbtest4 WHERE id BETWEEN 9562800 AND 9562809 ORDER BY c
	Unique  (cost=43.97..44.02 rows=10 width=121)
	  ->  Sort  (cost=43.97..44.00 rows=10 width=121)
	        Sort Key: c
	        ->  Index Scan using sbtest4_pkey on sbtest4  (cost=0.43..43.81 rows=10 width=121)
	              Index Cond: ((id >= 9562800) AND (id <= 9562809))

table 5 : explain SELECT DISTINCT c FROM sbtest5 WHERE id BETWEEN 7444601 AND 7444610 ORDER BY c
	Unique  (cost=47.87..47.93 rows=11 width=121)
	  ->  Sort  (cost=47.87..47.90 rows=11 width=121)
	        Sort Key: c
	        ->  Index Scan using sbtest5_pkey on sbtest5  (cost=0.43..47.68 rows=11 width=121)
	              Index Cond: ((id >= 7444601) AND (id <= 7444610))

table 6 : explain SELECT DISTINCT c FROM sbtest6 WHERE id BETWEEN 206903 AND 206912 ORDER BY c
	Unique  (cost=40.05..40.10 rows=9 width=121)
	  ->  Sort  (cost=40.05..40.08 rows=9 width=121)
	        Sort Key: c
	        ->  Index Scan using sbtest6_pkey on sbtest6  (cost=0.43..39.91 rows=9 width=121)
	              Index Cond: ((id >= 206903) AND (id <= 206912))

table 7 : explain SELECT DISTINCT c FROM sbtest7 WHERE id BETWEEN 564205 AND 564214 ORDER BY c
	Unique  (cost=44.00..44.05 rows=10 width=121)
	  ->  Sort  (cost=44.00..44.03 rows=10 width=121)
	        Sort Key: c
	        ->  Index Scan using sbtest7_pkey on sbtest7  (cost=0.43..43.84 rows=10 width=121)
	              Index Cond: ((id >= 564205) AND (id <= 564214))

table 8 : explain SELECT DISTINCT c FROM sbtest8 WHERE id BETWEEN 2231078 AND 2231087 ORDER BY c
	Unique  (cost=47.98..48.04 rows=11 width=121)
	  ->  Sort  (cost=47.98..48.01 rows=11 width=121)
	        Sort Key: c
	        ->  Index Scan using sbtest8_pkey on sbtest8  (cost=0.43..47.79 rows=11 width=121)
	              Index Cond: ((id >= 2231078) AND (id <= 2231087))

for: distinct_ranges
table 1 : explain SELECT DISTINCT c FROM sbtest1 WHERE id BETWEEN 7662195 AND 7662204 ORDER BY c
	Unique  (cost=40.09..40.13 rows=9 width=121)
	  ->  Sort  (cost=40.09..40.11 rows=9 width=121)
	        Sort Key: c
	        ->  Index Scan using sbtest1_pkey on sbtest1  (cost=0.43..39.94 rows=9 width=121)
	              Index Cond: ((id >= 7662195) AND (id <= 7662204))

table 2 : explain SELECT DISTINCT c FROM sbtest2 WHERE id BETWEEN 3820858 AND 3820867 ORDER BY c
	Unique  (cost=40.15..40.20 rows=9 width=121)
	  ->  Sort  (cost=40.15..40.18 rows=9 width=121)
	        Sort Key: c
	        ->  Index Scan using sbtest2_pkey on sbtest2  (cost=0.43..40.01 rows=9 width=121)
	              Index Cond: ((id >= 3820858) AND (id <= 3820867))

table 3 : explain SELECT DISTINCT c FROM sbtest3 WHERE id BETWEEN 2129635 AND 2129644 ORDER BY c
	Unique  (cost=44.00..44.05 rows=10 width=121)
	  ->  Sort  (cost=44.00..44.03 rows=10 width=121)
	        Sort Key: c
	        ->  Index Scan using sbtest3_pkey on sbtest3  (cost=0.43..43.83 rows=10 width=121)
	              Index Cond: ((id >= 2129635) AND (id <= 2129644))

table 4 : explain SELECT DISTINCT c FROM sbtest4 WHERE id BETWEEN 1390193 AND 1390202 ORDER BY c
	Unique  (cost=40.02..40.07 rows=9 width=121)
	  ->  Sort  (cost=40.02..40.04 rows=9 width=121)
	        Sort Key: c
	        ->  Index Scan using sbtest4_pkey on sbtest4  (cost=0.43..39.88 rows=9 width=121)
	              Index Cond: ((id >= 1390193) AND (id <= 1390202))

table 5 : explain SELECT DISTINCT c FROM sbtest5 WHERE id BETWEEN 4974545 AND 4974554 ORDER BY c
	Unique  (cost=43.93..43.98 rows=10 width=121)
	  ->  Sort  (cost=43.93..43.95 rows=10 width=121)
	        Sort Key: c
	        ->  Index Scan using sbtest5_pkey on sbtest5  (cost=0.43..43.76 rows=10 width=121)
	              Index Cond: ((id >= 4974545) AND (id <= 4974554))

table 6 : explain SELECT DISTINCT c FROM sbtest6 WHERE id BETWEEN 808102 AND 808111 ORDER BY c
	Unique  (cost=40.05..40.10 rows=9 width=121)
	  ->  Sort  (cost=40.05..40.08 rows=9 width=121)
	        Sort Key: c
	        ->  Index Scan using sbtest6_pkey on sbtest6  (cost=0.43..39.91 rows=9 width=121)
	              Index Cond: ((id >= 808102) AND (id <= 808111))

table 7 : explain SELECT DISTINCT c FROM sbtest7 WHERE id BETWEEN 487987 AND 487996 ORDER BY c
	Unique  (cost=44.00..44.05 rows=10 width=121)
	  ->  Sort  (cost=44.00..44.03 rows=10 width=121)
	        Sort Key: c
	        ->  Index Scan using sbtest7_pkey on sbtest7  (cost=0.43..43.84 rows=10 width=121)
	              Index Cond: ((id >= 487987) AND (id <= 487996))

table 8 : explain SELECT DISTINCT c FROM sbtest8 WHERE id BETWEEN 6093443 AND 6093452 ORDER BY c
	Unique  (cost=47.98..48.04 rows=11 width=121)
	  ->  Sort  (cost=47.98..48.01 rows=11 width=121)
	        Sort Key: c
	        ->  Index Scan using sbtest8_pkey on sbtest8  (cost=0.43..47.79 rows=11 width=121)
	              Index Cond: ((id >= 6093443) AND (id <= 6093452))

for: distinct_ranges
table 1 : explain SELECT DISTINCT c FROM sbtest1 WHERE id BETWEEN 7384034 AND 7384043 ORDER BY c
	Unique  (cost=44.05..44.10 rows=10 width=121)
	  ->  Sort  (cost=44.05..44.07 rows=10 width=121)
	        Sort Key: c
	        ->  Index Scan using sbtest1_pkey on sbtest1  (cost=0.43..43.88 rows=10 width=121)
	              Index Cond: ((id >= 7384034) AND (id <= 7384043))

table 2 : explain SELECT DISTINCT c FROM sbtest2 WHERE id BETWEEN 4311234 AND 4311243 ORDER BY c
	Unique  (cost=44.12..44.17 rows=10 width=121)
	  ->  Sort  (cost=44.12..44.15 rows=10 width=121)
	        Sort Key: c
	        ->  Index Scan using sbtest2_pkey on sbtest2  (cost=0.43..43.96 rows=10 width=121)
	              Index Cond: ((id >= 4311234) AND (id <= 4311243))

table 3 : explain SELECT DISTINCT c FROM sbtest3 WHERE id BETWEEN 4191946 AND 4191955 ORDER BY c
	Unique  (cost=44.00..44.05 rows=10 width=121)
	  ->  Sort  (cost=44.00..44.03 rows=10 width=121)
	        Sort Key: c
	        ->  Index Scan using sbtest3_pkey on sbtest3  (cost=0.43..43.83 rows=10 width=121)
	              Index Cond: ((id >= 4191946) AND (id <= 4191955))

table 4 : explain SELECT DISTINCT c FROM sbtest4 WHERE id BETWEEN 5120649 AND 5120658 ORDER BY c
	Unique  (cost=43.97..44.02 rows=10 width=121)
	  ->  Sort  (cost=43.97..44.00 rows=10 width=121)
	        Sort Key: c
	        ->  Index Scan using sbtest4_pkey on sbtest4  (cost=0.43..43.81 rows=10 width=121)
	              Index Cond: ((id >= 5120649) AND (id <= 5120658))

table 5 : explain SELECT DISTINCT c FROM sbtest5 WHERE id BETWEEN 1766939 AND 1766948 ORDER BY c
	Unique  (cost=39.98..40.03 rows=9 width=121)
	  ->  Sort  (cost=39.98..40.00 rows=9 width=121)
	        Sort Key: c
	        ->  Index Scan using sbtest5_pkey on sbtest5  (cost=0.43..39.84 rows=9 width=121)
	              Index Cond: ((id >= 1766939) AND (id <= 1766948))

table 6 : explain SELECT DISTINCT c FROM sbtest6 WHERE id BETWEEN 6686435 AND 6686444 ORDER BY c
	Unique  (cost=40.05..40.10 rows=9 width=121)
	  ->  Sort  (cost=40.05..40.08 rows=9 width=121)
	        Sort Key: c
	        ->  Index Scan using sbtest6_pkey on sbtest6  (cost=0.43..39.91 rows=9 width=121)
	              Index Cond: ((id >= 6686435) AND (id <= 6686444))

table 7 : explain SELECT DISTINCT c FROM sbtest7 WHERE id BETWEEN 910931 AND 910940 ORDER BY c
	Unique  (cost=44.00..44.05 rows=10 width=121)
	  ->  Sort  (cost=44.00..44.03 rows=10 width=121)
	        Sort Key: c
	        ->  Index Scan using sbtest7_pkey on sbtest7  (cost=0.43..43.84 rows=10 width=121)
	              Index Cond: ((id >= 910931) AND (id <= 910940))

table 8 : explain SELECT DISTINCT c FROM sbtest8 WHERE id BETWEEN 8432125 AND 8432134 ORDER BY c
	Unique  (cost=44.02..44.07 rows=10 width=121)
	  ->  Sort  (cost=44.02..44.05 rows=10 width=121)
	        Sort Key: c
	        ->  Index Scan using sbtest8_pkey on sbtest8  (cost=0.43..43.86 rows=10 width=121)
	              Index Cond: ((id >= 8432125) AND (id <= 8432134))
for: distinct_ranges
table 1 : explain SELECT DISTINCT c FROM sbtest1 WHERE id BETWEEN 1863018 AND 1863027 ORDER BY c
	Unique  (cost=44.05..44.10 rows=10 width=121)
	  ->  Sort  (cost=44.05..44.07 rows=10 width=121)
	        Sort Key: c
	        ->  Index Scan using sbtest1_pkey on sbtest1  (cost=0.43..43.88 rows=10 width=121)
	              Index Cond: ((id >= 1863018) AND (id <= 1863027))

table 2 : explain SELECT DISTINCT c FROM sbtest2 WHERE id BETWEEN 1646114 AND 1646123 ORDER BY c
	Unique  (cost=44.12..44.17 rows=10 width=121)
	  ->  Sort  (cost=44.12..44.15 rows=10 width=121)
	        Sort Key: c
	        ->  Index Scan using sbtest2_pkey on sbtest2  (cost=0.43..43.96 rows=10 width=121)
	              Index Cond: ((id >= 1646114) AND (id <= 1646123))

table 3 : explain SELECT DISTINCT c FROM sbtest3 WHERE id BETWEEN 7433199 AND 7433208 ORDER BY c
	Unique  (cost=44.00..44.05 rows=10 width=121)
	  ->  Sort  (cost=44.00..44.03 rows=10 width=121)
	        Sort Key: c
	        ->  Index Scan using sbtest3_pkey on sbtest3  (cost=0.43..43.83 rows=10 width=121)
	              Index Cond: ((id >= 7433199) AND (id <= 7433208))

table 4 : explain SELECT DISTINCT c FROM sbtest4 WHERE id BETWEEN 3768355 AND 3768364 ORDER BY c
	Unique  (cost=43.97..44.02 rows=10 width=121)
	  ->  Sort  (cost=43.97..44.00 rows=10 width=121)
	        Sort Key: c
	        ->  Index Scan using sbtest4_pkey on sbtest4  (cost=0.43..43.81 rows=10 width=121)
	              Index Cond: ((id >= 3768355) AND (id <= 3768364))

table 5 : explain SELECT DISTINCT c FROM sbtest5 WHERE id BETWEEN 844637 AND 844646 ORDER BY c
	Unique  (cost=47.87..47.93 rows=11 width=121)
	  ->  Sort  (cost=47.87..47.90 rows=11 width=121)
	        Sort Key: c
	        ->  Index Scan using sbtest5_pkey on sbtest5  (cost=0.43..47.68 rows=11 width=121)
	              Index Cond: ((id >= 844637) AND (id <= 844646))

table 6 : explain SELECT DISTINCT c FROM sbtest6 WHERE id BETWEEN 8936513 AND 8936522 ORDER BY c
	Unique  (cost=40.05..40.10 rows=9 width=121)
	  ->  Sort  (cost=40.05..40.08 rows=9 width=121)
	        Sort Key: c
	        ->  Index Scan using sbtest6_pkey on sbtest6  (cost=0.43..39.91 rows=9 width=121)
	              Index Cond: ((id >= 8936513) AND (id <= 8936522))

table 7 : explain SELECT DISTINCT c FROM sbtest7 WHERE id BETWEEN 9955711 AND 9955720 ORDER BY c
	Unique  (cost=44.00..44.05 rows=10 width=121)
	  ->  Sort  (cost=44.00..44.03 rows=10 width=121)
	        Sort Key: c
	        ->  Index Scan using sbtest7_pkey on sbtest7  (cost=0.43..43.84 rows=10 width=121)
	              Index Cond: ((id >= 9955711) AND (id <= 9955720))

table 8 : explain SELECT DISTINCT c FROM sbtest8 WHERE id BETWEEN 989630 AND 989639 ORDER BY c
	Unique  (cost=44.02..44.07 rows=10 width=121)
	  ->  Sort  (cost=44.02..44.05 rows=10 width=121)
	        Sort Key: c
	        ->  Index Scan using sbtest8_pkey on sbtest8  (cost=0.43..43.86 rows=10 width=121)
	              Index Cond: ((id >= 989630) AND (id <= 989639))


for: distinct_ranges
table 1 : explain SELECT DISTINCT c FROM sbtest1 WHERE id BETWEEN 7097662 AND 7097671 ORDER BY c
	Unique  (cost=48.01..48.06 rows=11 width=121)
	  ->  Sort  (cost=48.01..48.03 rows=11 width=121)
	        Sort Key: c
	        ->  Index Scan using sbtest1_pkey on sbtest1  (cost=0.43..47.82 rows=11 width=121)
	              Index Cond: ((id >= 7097662) AND (id <= 7097671))

table 2 : explain SELECT DISTINCT c FROM sbtest2 WHERE id BETWEEN 5740180 AND 5740189 ORDER BY c
	Unique  (cost=44.12..44.17 rows=10 width=121)
	  ->  Sort  (cost=44.12..44.15 rows=10 width=121)
	        Sort Key: c
	        ->  Index Scan using sbtest2_pkey on sbtest2  (cost=0.43..43.96 rows=10 width=121)
	              Index Cond: ((id >= 5740180) AND (id <= 5740189))

table 3 : explain SELECT DISTINCT c FROM sbtest3 WHERE id BETWEEN 9508448 AND 9508457 ORDER BY c
	Unique  (cost=44.00..44.05 rows=10 width=121)
	  ->  Sort  (cost=44.00..44.03 rows=10 width=121)
	        Sort Key: c
	        ->  Index Scan using sbtest3_pkey on sbtest3  (cost=0.43..43.83 rows=10 width=121)
	              Index Cond: ((id >= 9508448) AND (id <= 9508457))

table 4 : explain SELECT DISTINCT c FROM sbtest4 WHERE id BETWEEN 281210 AND 281219 ORDER BY c
	Unique  (cost=40.02..40.07 rows=9 width=121)
	  ->  Sort  (cost=40.02..40.04 rows=9 width=121)
	        Sort Key: c
	        ->  Index Scan using sbtest4_pkey on sbtest4  (cost=0.43..39.88 rows=9 width=121)
	              Index Cond: ((id >= 281210) AND (id <= 281219))

table 5 : explain SELECT DISTINCT c FROM sbtest5 WHERE id BETWEEN 3892915 AND 3892924 ORDER BY c
	Unique  (cost=43.93..43.98 rows=10 width=121)
	  ->  Sort  (cost=43.93..43.95 rows=10 width=121)
	        Sort Key: c
	        ->  Index Scan using sbtest5_pkey on sbtest5  (cost=0.43..43.76 rows=10 width=121)
	              Index Cond: ((id >= 3892915) AND (id <= 3892924))

table 6 : explain SELECT DISTINCT c FROM sbtest6 WHERE id BETWEEN 4423342 AND 4423351 ORDER BY c
	Unique  (cost=47.96..48.02 rows=11 width=121)
	  ->  Sort  (cost=47.96..47.99 rows=11 width=121)
	        Sort Key: c
	        ->  Index Scan using sbtest6_pkey on sbtest6  (cost=0.43..47.77 rows=11 width=121)
	              Index Cond: ((id >= 4423342) AND (id <= 4423351))

table 7 : explain SELECT DISTINCT c FROM sbtest7 WHERE id BETWEEN 7940646 AND 7940655 ORDER BY c
	Unique  (cost=44.00..44.05 rows=10 width=121)
	  ->  Sort  (cost=44.00..44.03 rows=10 width=121)
	        Sort Key: c
	        ->  Index Scan using sbtest7_pkey on sbtest7  (cost=0.43..43.84 rows=10 width=121)
	              Index Cond: ((id >= 7940646) AND (id <= 7940655))

table 8 : explain SELECT DISTINCT c FROM sbtest8 WHERE id BETWEEN 3402434 AND 3402443 ORDER BY c
	Unique  (cost=44.02..44.07 rows=10 width=121)
	  ->  Sort  (cost=44.02..44.05 rows=10 width=121)
	        Sort Key: c
	        ->  Index Scan using sbtest8_pkey on sbtest8  (cost=0.43..43.86 rows=10 width=121)
	              Index Cond: ((id >= 3402434) AND (id <= 3402443))

for: distinct_ranges
table 1 : explain SELECT DISTINCT c FROM sbtest1 WHERE id BETWEEN 3349854 AND 3349863 ORDER BY c
	Unique  (cost=44.05..44.10 rows=10 width=121)
	  ->  Sort  (cost=44.05..44.07 rows=10 width=121)
	        Sort Key: c
	        ->  Index Scan using sbtest1_pkey on sbtest1  (cost=0.43..43.88 rows=10 width=121)
	              Index Cond: ((id >= 3349854) AND (id <= 3349863))

table 2 : explain SELECT DISTINCT c FROM sbtest2 WHERE id BETWEEN 9659372 AND 9659381 ORDER BY c
	Unique  (cost=44.12..44.17 rows=10 width=121)
	  ->  Sort  (cost=44.12..44.15 rows=10 width=121)
	        Sort Key: c
	        ->  Index Scan using sbtest2_pkey on sbtest2  (cost=0.43..43.96 rows=10 width=121)
	              Index Cond: ((id >= 9659372) AND (id <= 9659381))

table 3 : explain SELECT DISTINCT c FROM sbtest3 WHERE id BETWEEN 8596409 AND 8596418 ORDER BY c
	Unique  (cost=44.00..44.05 rows=10 width=121)
	  ->  Sort  (cost=44.00..44.03 rows=10 width=121)
	        Sort Key: c
	        ->  Index Scan using sbtest3_pkey on sbtest3  (cost=0.43..43.83 rows=10 width=121)
	              Index Cond: ((id >= 8596409) AND (id <= 8596418))

table 4 : explain SELECT DISTINCT c FROM sbtest4 WHERE id BETWEEN 773352 AND 773361 ORDER BY c
	Unique  (cost=43.97..44.02 rows=10 width=121)
	  ->  Sort  (cost=43.97..44.00 rows=10 width=121)
	        Sort Key: c
	        ->  Index Scan using sbtest4_pkey on sbtest4  (cost=0.43..43.81 rows=10 width=121)
	              Index Cond: ((id >= 773352) AND (id <= 773361))

table 5 : explain SELECT DISTINCT c FROM sbtest5 WHERE id BETWEEN 6257714 AND 6257723 ORDER BY c
	Unique  (cost=47.87..47.93 rows=11 width=121)
	  ->  Sort  (cost=47.87..47.90 rows=11 width=121)
	        Sort Key: c
	        ->  Index Scan using sbtest5_pkey on sbtest5  (cost=0.43..47.68 rows=11 width=121)
	              Index Cond: ((id >= 6257714) AND (id <= 6257723))

table 6 : explain SELECT DISTINCT c FROM sbtest6 WHERE id BETWEEN 1293 AND 1302 ORDER BY c
	Unique  (cost=44.01..44.06 rows=10 width=121)
	  ->  Sort  (cost=44.01..44.03 rows=10 width=121)
	        Sort Key: c
	        ->  Index Scan using sbtest6_pkey on sbtest6  (cost=0.43..43.84 rows=10 width=121)
	              Index Cond: ((id >= 1293) AND (id <= 1302))

table 7 : explain SELECT DISTINCT c FROM sbtest7 WHERE id BETWEEN 4133582 AND 4133591 ORDER BY c
	Unique  (cost=40.05..40.09 rows=9 width=121)
	  ->  Sort  (cost=40.05..40.07 rows=9 width=121)
	        Sort Key: c
	        ->  Index Scan using sbtest7_pkey on sbtest7  (cost=0.43..39.91 rows=9 width=121)
	              Index Cond: ((id >= 4133582) AND (id <= 4133591))

table 8 : explain SELECT DISTINCT c FROM sbtest8 WHERE id BETWEEN 3521893 AND 3521902 ORDER BY c
	Unique  (cost=47.98..48.04 rows=11 width=121)
	  ->  Sort  (cost=47.98..48.01 rows=11 width=121)
	        Sort Key: c
	        ->  Index Scan using sbtest8_pkey on sbtest8  (cost=0.43..47.79 rows=11 width=121)
	              Index Cond: ((id >= 3521893) AND (id <= 3521902))

for: distinct_ranges
table 1 : explain SELECT DISTINCT c FROM sbtest1 WHERE id BETWEEN 2748257 AND 2748266 ORDER BY c
	Unique  (cost=48.01..48.06 rows=11 width=121)
	  ->  Sort  (cost=48.01..48.03 rows=11 width=121)
	        Sort Key: c
	        ->  Index Scan using sbtest1_pkey on sbtest1  (cost=0.43..47.82 rows=11 width=121)
	              Index Cond: ((id >= 2748257) AND (id <= 2748266))

table 2 : explain SELECT DISTINCT c FROM sbtest2 WHERE id BETWEEN 5528995 AND 5529004 ORDER BY c
	Unique  (cost=44.12..44.17 rows=10 width=121)
	  ->  Sort  (cost=44.12..44.15 rows=10 width=121)
	        Sort Key: c
	        ->  Index Scan using sbtest2_pkey on sbtest2  (cost=0.43..43.96 rows=10 width=121)
	              Index Cond: ((id >= 5528995) AND (id <= 5529004))

table 3 : explain SELECT DISTINCT c FROM sbtest3 WHERE id BETWEEN 7250961 AND 7250970 ORDER BY c
	Unique  (cost=44.00..44.05 rows=10 width=121)
	  ->  Sort  (cost=44.00..44.03 rows=10 width=121)
	        Sort Key: c
	        ->  Index Scan using sbtest3_pkey on sbtest3  (cost=0.43..43.83 rows=10 width=121)
	              Index Cond: ((id >= 7250961) AND (id <= 7250970))

table 4 : explain SELECT DISTINCT c FROM sbtest4 WHERE id BETWEEN 5556202 AND 5556211 ORDER BY c
	Unique  (cost=47.92..47.98 rows=11 width=121)
	  ->  Sort  (cost=47.92..47.95 rows=11 width=121)
	        Sort Key: c
	        ->  Index Scan using sbtest4_pkey on sbtest4  (cost=0.43..47.73 rows=11 width=121)
	              Index Cond: ((id >= 5556202) AND (id <= 5556211))

table 5 : explain SELECT DISTINCT c FROM sbtest5 WHERE id BETWEEN 4501687 AND 4501696 ORDER BY c
	Unique  (cost=43.93..43.98 rows=10 width=121)
	  ->  Sort  (cost=43.93..43.95 rows=10 width=121)
	        Sort Key: c
	        ->  Index Scan using sbtest5_pkey on sbtest5  (cost=0.43..43.76 rows=10 width=121)
	              Index Cond: ((id >= 4501687) AND (id <= 4501696))

table 6 : explain SELECT DISTINCT c FROM sbtest6 WHERE id BETWEEN 8124009 AND 8124018 ORDER BY c
	Unique  (cost=40.05..40.10 rows=9 width=121)
	  ->  Sort  (cost=40.05..40.08 rows=9 width=121)
	        Sort Key: c
	        ->  Index Scan using sbtest6_pkey on sbtest6  (cost=0.43..39.91 rows=9 width=121)
	              Index Cond: ((id >= 8124009) AND (id <= 8124018))

table 7 : explain SELECT DISTINCT c FROM sbtest7 WHERE id BETWEEN 6883679 AND 6883688 ORDER BY c
	Unique  (cost=44.00..44.05 rows=10 width=121)
	  ->  Sort  (cost=44.00..44.03 rows=10 width=121)
	        Sort Key: c
	        ->  Index Scan using sbtest7_pkey on sbtest7  (cost=0.43..43.84 rows=10 width=121)
	              Index Cond: ((id >= 6883679) AND (id <= 6883688))

table 8 : explain SELECT DISTINCT c FROM sbtest8 WHERE id BETWEEN 1693936 AND 1693945 ORDER BY c
	Unique  (cost=40.07..40.11 rows=9 width=121)
	  ->  Sort  (cost=40.07..40.09 rows=9 width=121)
	        Sort Key: c
	        ->  Index Scan using sbtest8_pkey on sbtest8  (cost=0.43..39.92 rows=9 width=121)
	              Index Cond: ((id >= 1693936) AND (id <= 1693945))

for: distinct_ranges
table 1 : explain SELECT DISTINCT c FROM sbtest1 WHERE id BETWEEN 8505541 AND 8505550 ORDER BY c
	Unique  (cost=44.05..44.10 rows=10 width=121)
	  ->  Sort  (cost=44.05..44.07 rows=10 width=121)
	        Sort Key: c
	        ->  Index Scan using sbtest1_pkey on sbtest1  (cost=0.43..43.88 rows=10 width=121)
	              Index Cond: ((id >= 8505541) AND (id <= 8505550))

table 2 : explain SELECT DISTINCT c FROM sbtest2 WHERE id BETWEEN 4899658 AND 4899667 ORDER BY c
	Unique  (cost=48.09..48.15 rows=11 width=121)
	  ->  Sort  (cost=48.09..48.12 rows=11 width=121)
	        Sort Key: c
	        ->  Index Scan using sbtest2_pkey on sbtest2  (cost=0.43..47.90 rows=11 width=121)
	              Index Cond: ((id >= 4899658) AND (id <= 4899667))

table 3 : explain SELECT DISTINCT c FROM sbtest3 WHERE id BETWEEN 4261934 AND 4261943 ORDER BY c
	Unique  (cost=44.00..44.05 rows=10 width=121)
	  ->  Sort  (cost=44.00..44.03 rows=10 width=121)
	        Sort Key: c
	        ->  Index Scan using sbtest3_pkey on sbtest3  (cost=0.43..43.83 rows=10 width=121)
	              Index Cond: ((id >= 4261934) AND (id <= 4261943))

table 4 : explain SELECT DISTINCT c FROM sbtest4 WHERE id BETWEEN 4903257 AND 4903266 ORDER BY c
	Unique  (cost=43.97..44.02 rows=10 width=121)
	  ->  Sort  (cost=43.97..44.00 rows=10 width=121)
	        Sort Key: c
	        ->  Index Scan using sbtest4_pkey on sbtest4  (cost=0.43..43.81 rows=10 width=121)
	              Index Cond: ((id >= 4903257) AND (id <= 4903266))

table 5 : explain SELECT DISTINCT c FROM sbtest5 WHERE id BETWEEN 6902021 AND 6902030 ORDER BY c
	Unique  (cost=43.93..43.98 rows=10 width=121)
	  ->  Sort  (cost=43.93..43.95 rows=10 width=121)
	        Sort Key: c
	        ->  Index Scan using sbtest5_pkey on sbtest5  (cost=0.43..43.76 rows=10 width=121)
	              Index Cond: ((id >= 6902021) AND (id <= 6902030))

table 6 : explain SELECT DISTINCT c FROM sbtest6 WHERE id BETWEEN 7430857 AND 7430866 ORDER BY c
	Unique  (cost=44.01..44.06 rows=10 width=121)
	  ->  Sort  (cost=44.01..44.03 rows=10 width=121)
	        Sort Key: c
	        ->  Index Scan using sbtest6_pkey on sbtest6  (cost=0.43..43.84 rows=10 width=121)
	              Index Cond: ((id >= 7430857) AND (id <= 7430866))

table 7 : explain SELECT DISTINCT c FROM sbtest7 WHERE id BETWEEN 9968264 AND 9968273 ORDER BY c
	Unique  (cost=44.00..44.05 rows=10 width=121)
	  ->  Sort  (cost=44.00..44.03 rows=10 width=121)
	        Sort Key: c
	        ->  Index Scan using sbtest7_pkey on sbtest7  (cost=0.43..43.84 rows=10 width=121)
	              Index Cond: ((id >= 9968264) AND (id <= 9968273))

table 8 : explain SELECT DISTINCT c FROM sbtest8 WHERE id BETWEEN 671373 AND 671382 ORDER BY c
	Unique  (cost=44.02..44.07 rows=10 width=121)
	  ->  Sort  (cost=44.02..44.05 rows=10 width=121)
	        Sort Key: c
	        ->  Index Scan using sbtest8_pkey on sbtest8  (cost=0.43..43.86 rows=10 width=121)
	              Index Cond: ((id >= 671373) AND (id <= 671382))

for: distinct_ranges
table 1 : explain SELECT DISTINCT c FROM sbtest1 WHERE id BETWEEN 8382953 AND 8382962 ORDER BY c
	Unique  (cost=40.09..40.13 rows=9 width=121)
	  ->  Sort  (cost=40.09..40.11 rows=9 width=121)
	        Sort Key: c
	        ->  Index Scan using sbtest1_pkey on sbtest1  (cost=0.43..39.94 rows=9 width=121)
	              Index Cond: ((id >= 8382953) AND (id <= 8382962))

table 2 : explain SELECT DISTINCT c FROM sbtest2 WHERE id BETWEEN 2249762 AND 2249771 ORDER BY c
	Unique  (cost=44.12..44.17 rows=10 width=121)
	  ->  Sort  (cost=44.12..44.15 rows=10 width=121)
	        Sort Key: c
	        ->  Index Scan using sbtest2_pkey on sbtest2  (cost=0.43..43.96 rows=10 width=121)
	              Index Cond: ((id >= 2249762) AND (id <= 2249771))

table 3 : explain SELECT DISTINCT c FROM sbtest3 WHERE id BETWEEN 3488684 AND 3488693 ORDER BY c
	Unique  (cost=44.00..44.05 rows=10 width=121)
	  ->  Sort  (cost=44.00..44.03 rows=10 width=121)
	        Sort Key: c
	        ->  Index Scan using sbtest3_pkey on sbtest3  (cost=0.43..43.83 rows=10 width=121)
	              Index Cond: ((id >= 3488684) AND (id <= 3488693))

table 4 : explain SELECT DISTINCT c FROM sbtest4 WHERE id BETWEEN 7144906 AND 7144915 ORDER BY c
	Unique  (cost=43.97..44.02 rows=10 width=121)
	  ->  Sort  (cost=43.97..44.00 rows=10 width=121)
	        Sort Key: c
	        ->  Index Scan using sbtest4_pkey on sbtest4  (cost=0.43..43.81 rows=10 width=121)
	              Index Cond: ((id >= 7144906) AND (id <= 7144915))

table 5 : explain SELECT DISTINCT c FROM sbtest5 WHERE id BETWEEN 6179476 AND 6179485 ORDER BY c
	Unique  (cost=43.93..43.98 rows=10 width=121)
	  ->  Sort  (cost=43.93..43.95 rows=10 width=121)
	        Sort Key: c
	        ->  Index Scan using sbtest5_pkey on sbtest5  (cost=0.43..43.76 rows=10 width=121)
	              Index Cond: ((id >= 6179476) AND (id <= 6179485))

table 6 : explain SELECT DISTINCT c FROM sbtest6 WHERE id BETWEEN 1433137 AND 1433146 ORDER BY c
	Unique  (cost=44.01..44.06 rows=10 width=121)
	  ->  Sort  (cost=44.01..44.03 rows=10 width=121)
	        Sort Key: c
	        ->  Index Scan using sbtest6_pkey on sbtest6  (cost=0.43..43.84 rows=10 width=121)
	              Index Cond: ((id >= 1433137) AND (id <= 1433146))

table 7 : explain SELECT DISTINCT c FROM sbtest7 WHERE id BETWEEN 4978272 AND 4978281 ORDER BY c
	Unique  (cost=44.00..44.05 rows=10 width=121)
	  ->  Sort  (cost=44.00..44.03 rows=10 width=121)
	        Sort Key: c
	        ->  Index Scan using sbtest7_pkey on sbtest7  (cost=0.43..43.84 rows=10 width=121)
	              Index Cond: ((id >= 4978272) AND (id <= 4978281))

table 8 : explain SELECT DISTINCT c FROM sbtest8 WHERE id BETWEEN 6334267 AND 6334276 ORDER BY c
	Unique  (cost=44.02..44.07 rows=10 width=121)
	  ->  Sort  (cost=44.02..44.05 rows=10 width=121)
	        Sort Key: c
	        ->  Index Scan using sbtest8_pkey on sbtest8  (cost=0.43..43.86 rows=10 width=121)
	              Index Cond: ((id >= 6334267) AND (id <= 6334276))

Threads started!

Warming up for 5 seconds...

SQL statistics:
    queries performed:
        read:                            471218452
        write:                           0
        other:                           67316929
        total:                           538535381
    transactions:                        33658484 (53425.49 per sec.)
    queries:                             538535381 (854807.22 per sec.)
    ignored errors:                      0      (0.00 per sec.)
    reconnects:                          0      (0.00 per sec.)

Throughput:
    events/s (eps):                      53425.4872
    time elapsed:                        630.0081s
    total number of events:              33658484

Latency (ms):
         min:                                    0.66
         avg:                                    0.75
         max:                                   25.07
         95th percentile:                        0.81
         sum:                             25170080.08

Threads fairness:
    events (avg/stddev):           841461.2250/5651.29
    execution time (avg/stddev):   629.2520/0.01

