LUA_PATH=/home/mdcallag/git/mytools/bench/sysbench.lua/lua/?.lua /home/mdcallag/git/mytools/bench/sysbench.lua/lua/sysbench --db-driver=pgsql --range-size=100 --table-size=10000000 --tables=8 --threads=40 --events=0 --warmup-time=5 --time=60 --pgsql_conn_id=true /home/mdcallag/git/mytools/bench/sysbench.lua/lua/oltp_scan.lua run --pgsql-user=root --pgsql-password=pw --pgsql-host=127.0.0.1 --pgsql-db=ib --rand-type=uniform
48 CPUs
sysbench 1.1.0-9072687 (using bundled LuaJIT 2.1.0-beta3)

Running the test with following options:
Number of threads: 40
Warmup time: 5s
Initializing random number generator from current time


Initializing worker threads...

explain: for scan :: explain SELECT * from sbtest%d WHERE LENGTH(c) < 0
explain: for scan :: explain SELECT * from sbtest%d WHERE LENGTH(c) < 0
explain: for scan :: explain SELECT * from sbtest%d WHERE LENGTH(c) < 0
explain: for scan :: explain SELECT * from sbtest%d WHERE LENGTH(c) < 0
explain: for scan :: explain SELECT * from sbtest%d WHERE LENGTH(c) < 0
explain: for scan :: explain SELECT * from sbtest%d WHERE LENGTH(c) < 0
explain: for scan :: explain SELECT * from sbtest%d WHERE LENGTH(c) < 0
explain: for scan :: explain SELECT * from sbtest%d WHERE LENGTH(c) < 0
explain: for scan :: explain SELECT * from sbtest%d WHERE LENGTH(c) < 0
explain: for scan :: explain SELECT * from sbtest%d WHERE LENGTH(c) < 0
explain: for scan :: explain SELECT * from sbtest%d WHERE LENGTH(c) < 0
explain: for scan :: explain SELECT * from sbtest%d WHERE LENGTH(c) < 0
explain: for scan :: explain SELECT * from sbtest%d WHERE LENGTH(c) < 0
explain: for scan :: explain SELECT * from sbtest%d WHERE LENGTH(c) < 0
explain: for scan :: explain SELECT * from sbtest%d WHERE LENGTH(c) < 0
explain: for scan :: explain SELECT * from sbtest%d WHERE LENGTH(c) < 0
explain: for scan :: explain SELECT * from sbtest%d WHERE LENGTH(c) < 0
explain: for scan :: explain SELECT * from sbtest%d WHERE LENGTH(c) < 0
explain: for scan :: explain SELECT * from sbtest%d WHERE LENGTH(c) < 0
explain: for scan :: explain SELECT * from sbtest%d WHERE LENGTH(c) < 0
explain: for scan :: explain SELECT * from sbtest%d WHERE LENGTH(c) < 0
explain: for scan :: explain SELECT * from sbtest%d WHERE LENGTH(c) < 0
explain: for scan :: explain SELECT * from sbtest%d WHERE LENGTH(c) < 0
explain: for scan :: explain SELECT * from sbtest%d WHERE LENGTH(c) < 0
explain: for scan :: explain SELECT * from sbtest%d WHERE LENGTH(c) < 0
explain: for scan :: explain SELECT * from sbtest%d WHERE LENGTH(c) < 0
explain: for scan :: explain SELECT * from sbtest%d WHERE LENGTH(c) < 0
explain: for scan :: explain SELECT * from sbtest%d WHERE LENGTH(c) < 0
explain: for scan :: explain SELECT * from sbtest%d WHERE LENGTH(c) < 0
explain: for scan :: explain SELECT * from sbtest%d WHERE LENGTH(c) < 0
explain: for scan :: explain SELECT * from sbtest%d WHERE LENGTH(c) < 0
explain: for scan :: explain SELECT * from sbtest%d WHERE LENGTH(c) < 0
explain: for scan :: explain SELECT * from sbtest%d WHERE LENGTH(c) < 0
explain: for scan :: explain SELECT * from sbtest%d WHERE LENGTH(c) < 0
explain: for scan :: explain SELECT * from sbtest%d WHERE LENGTH(c) < 0
explain: for scan :: explain SELECT * from sbtest%d WHERE LENGTH(c) < 0
explain: for scan :: explain SELECT * from sbtest%d WHERE LENGTH(c) < 0
explain: for scan :: explain SELECT * from sbtest%d WHERE LENGTH(c) < 0
explain: for scan :: explain SELECT * from sbtest%d WHERE LENGTH(c) < 0
for scan
table 1 : explain SELECT * from sbtest1 WHERE LENGTH(c) < 0
	Seq Scan on sbtest1  (cost=0.00..463624.48 rows=3334300 width=190)
	  Filter: (length(c) < 0)

table 2 : explain SELECT * from sbtest2 WHERE LENGTH(c) < 0
	Seq Scan on sbtest2  (cost=0.00..458847.21 rows=3331138 width=190)
	  Filter: (length(c) < 0)

table 3 : explain SELECT * from sbtest3 WHERE LENGTH(c) < 0
	Seq Scan on sbtest3  (cost=0.00..482446.52 rows=3327034 width=190)
	  Filter: (length(c) < 0)

table 4 : explain SELECT * from sbtest4 WHERE LENGTH(c) < 0
	Seq Scan on sbtest4  (cost=0.00..478154.32 rows=3338007 width=190)
	  Filter: (length(c) < 0)

table 5 : explain SELECT * from sbtest5 WHERE LENGTH(c) < 0
	Seq Scan on sbtest5  (cost=0.00..460887.84 rows=3335152 width=190)
	  Filter: (length(c) < 0)

table 6 : explain SELECT * from sbtest6 WHERE LENGTH(c) < 0
	Seq Scan on sbtest6  (cost=0.00..466618.03 rows=3331067 width=190)
	  Filter: (length(c) < 0)

table 7 : explain SELECT * from sbtest7 WHERE LENGTH(c) < 0
	Seq Scan on sbtest7  (cost=0.00..484768.32 rows=3341118 width=190)
	  Filter: (length(c) < 0)

table 8 : explain SELECT * from sbtest8 WHERE LENGTH(c) < 0
	Seq Scan on sbtest8  (cost=0.00..458582.73 rows=3333816 width=190)
	  Filter: (length(c) < 0)
for scan
table 1 : explain SELECT * from sbtest1 WHERE LENGTH(c) < 0
	Seq Scan on sbtest1  (cost=0.00..463624.48 rows=3334300 width=190)
	  Filter: (length(c) < 0)

table 2 : explain SELECT * from sbtest2 WHERE LENGTH(c) < 0
	Seq Scan on sbtest2  (cost=0.00..458847.21 rows=3331138 width=190)
	  Filter: (length(c) < 0)

table 3 : explain SELECT * from sbtest3 WHERE LENGTH(c) < 0
	Seq Scan on sbtest3  (cost=0.00..482446.52 rows=3327034 width=190)
	  Filter: (length(c) < 0)

table 4 : explain SELECT * from sbtest4 WHERE LENGTH(c) < 0
	Seq Scan on sbtest4  (cost=0.00..478154.32 rows=3338007 width=190)
	  Filter: (length(c) < 0)

table 5 : explain SELECT * from sbtest5 WHERE LENGTH(c) < 0
	Seq Scan on sbtest5  (cost=0.00..460887.84 rows=3335152 width=190)
	  Filter: (length(c) < 0)

table 6 : explain SELECT * from sbtest6 WHERE LENGTH(c) < 0
	Seq Scan on sbtest6  (cost=0.00..466618.03 rows=3331067 width=190)
	  Filter: (length(c) < 0)

table 7 : explain SELECT * from sbtest7 WHERE LENGTH(c) < 0
	Seq Scan on sbtest7  (cost=0.00..484768.32 rows=3341118 width=190)
	  Filter: (length(c) < 0)

table 8 : explain SELECT * from sbtest8 WHERE LENGTH(c) < 0
	Seq Scan on sbtest8  (cost=0.00..458582.73 rows=3333816 width=190)
	  Filter: (length(c) < 0)


explain: for scan :: explain SELECT * from sbtest%d WHERE LENGTH(c) < 0
for scan
table 1 : explain SELECT * from sbtest1 WHERE LENGTH(c) < 0
	Seq Scan on sbtest1  (cost=0.00..463624.48 rows=3334300 width=190)
	  Filter: (length(c) < 0)

table 2 : explain SELECT * from sbtest2 WHERE LENGTH(c) < 0
	Seq Scan on sbtest2  (cost=0.00..458847.21 rows=3331138 width=190)
	  Filter: (length(c) < 0)

table 3 : explain SELECT * from sbtest3 WHERE LENGTH(c) < 0
	Seq Scan on sbtest3  (cost=0.00..482446.52 rows=3327034 width=190)
	  Filter: (length(c) < 0)

table 4 : explain SELECT * from sbtest4 WHERE LENGTH(c) < 0
	Seq Scan on sbtest4  (cost=0.00..478154.32 rows=3338007 width=190)
	  Filter: (length(c) < 0)

table 5 : explain SELECT * from sbtest5 WHERE LENGTH(c) < 0
	Seq Scan on sbtest5  (cost=0.00..460887.84 rows=3335152 width=190)
	  Filter: (length(c) < 0)

table 6 : explain SELECT * from sbtest6 WHERE LENGTH(c) < 0
	Seq Scan on sbtest6  (cost=0.00..466618.03 rows=3331067 width=190)
	  Filter: (length(c) < 0)

table 7 : explain SELECT * from sbtest7 WHERE LENGTH(c) < 0
	Seq Scan on sbtest7  (cost=0.00..484768.32 rows=3341118 width=190)
	  Filter: (length(c) < 0)

table 8 : explain SELECT * from sbtest8 WHERE LENGTH(c) < 0
	Seq Scan on sbtest8  (cost=0.00..458582.73 rows=3333816 width=190)
	  Filter: (length(c) < 0)

for scan
table 1 : explain SELECT * from sbtest1 WHERE LENGTH(c) < 0
	Seq Scan on sbtest1  (cost=0.00..463624.48 rows=3334300 width=190)
	  Filter: (length(c) < 0)

table 2 : explain SELECT * from sbtest2 WHERE LENGTH(c) < 0
	Seq Scan on sbtest2  (cost=0.00..458847.21 rows=3331138 width=190)
	  Filter: (length(c) < 0)

table 3 : explain SELECT * from sbtest3 WHERE LENGTH(c) < 0
	Seq Scan on sbtest3  (cost=0.00..482446.52 rows=3327034 width=190)
	  Filter: (length(c) < 0)

table 4 : explain SELECT * from sbtest4 WHERE LENGTH(c) < 0
	Seq Scan on sbtest4  (cost=0.00..478154.32 rows=3338007 width=190)
	  Filter: (length(c) < 0)

table 5 : explain SELECT * from sbtest5 WHERE LENGTH(c) < 0
	Seq Scan on sbtest5  (cost=0.00..460887.84 rows=3335152 width=190)
	  Filter: (length(c) < 0)

table 6 : explain SELECT * from sbtest6 WHERE LENGTH(c) < 0
	Seq Scan on sbtest6  (cost=0.00..466618.03 rows=3331067 width=190)
	  Filter: (length(c) < 0)

table 7 : explain SELECT * from sbtest7 WHERE LENGTH(c) < 0
	Seq Scan on sbtest7  (cost=0.00..484768.32 rows=3341118 width=190)
	  Filter: (length(c) < 0)

table 8 : explain SELECT * from sbtest8 WHERE LENGTH(c) < 0
	Seq Scan on sbtest8  (cost=0.00..458582.73 rows=3333816 width=190)
	  Filter: (length(c) < 0)
for scan
table 1 : explain SELECT * from sbtest1 WHERE LENGTH(c) < 0
	Seq Scan on sbtest1  (cost=0.00..463624.48 rows=3334300 width=190)
	  Filter: (length(c) < 0)

table 2 : explain SELECT * from sbtest2 WHERE LENGTH(c) < 0
	Seq Scan on sbtest2  (cost=0.00..458847.21 rows=3331138 width=190)
	  Filter: (length(c) < 0)

table 3 : explain SELECT * from sbtest3 WHERE LENGTH(c) < 0
	Seq Scan on sbtest3  (cost=0.00..482446.52 rows=3327034 width=190)
	  Filter: (length(c) < 0)

table 4 : explain SELECT * from sbtest4 WHERE LENGTH(c) < 0
	Seq Scan on sbtest4  (cost=0.00..478154.32 rows=3338007 width=190)
	  Filter: (length(c) < 0)

table 5 : explain SELECT * from sbtest5 WHERE LENGTH(c) < 0
	Seq Scan on sbtest5  (cost=0.00..460887.84 rows=3335152 width=190)
	  Filter: (length(c) < 0)

table 6 : explain SELECT * from sbtest6 WHERE LENGTH(c) < 0
	Seq Scan on sbtest6  (cost=0.00..466618.03 rows=3331067 width=190)
	  Filter: (length(c) < 0)

table 7 : explain SELECT * from sbtest7 WHERE LENGTH(c) < 0
	Seq Scan on sbtest7  (cost=0.00..484768.32 rows=3341118 width=190)
	  Filter: (length(c) < 0)

table 8 : explain SELECT * from sbtest8 WHERE LENGTH(c) < 0
	Seq Scan on sbtest8  (cost=0.00..458582.73 rows=3333816 width=190)
	  Filter: (length(c) < 0)

for scan
table 1 : explain SELECT * from sbtest1 WHERE LENGTH(c) < 0
	Seq Scan on sbtest1  (cost=0.00..463624.48 rows=3334300 width=190)
	  Filter: (length(c) < 0)

table 2 : explain SELECT * from sbtest2 WHERE LENGTH(c) < 0
	Seq Scan on sbtest2  (cost=0.00..458847.21 rows=3331138 width=190)
	  Filter: (length(c) < 0)

table 3 : explain SELECT * from sbtest3 WHERE LENGTH(c) < 0
	Seq Scan on sbtest3  (cost=0.00..482446.52 rows=3327034 width=190)
	  Filter: (length(c) < 0)

table 4 : explain SELECT * from sbtest4 WHERE LENGTH(c) < 0
	Seq Scan on sbtest4  (cost=0.00..478154.32 rows=3338007 width=190)
	  Filter: (length(c) < 0)

table 5 : explain SELECT * from sbtest5 WHERE LENGTH(c) < 0
	Seq Scan on sbtest5  (cost=0.00..460887.84 rows=3335152 width=190)
	  Filter: (length(c) < 0)

table 6 : explain SELECT * from sbtest6 WHERE LENGTH(c) < 0
	Seq Scan on sbtest6  (cost=0.00..466618.03 rows=3331067 width=190)
	  Filter: (length(c) < 0)

table 7 : explain SELECT * from sbtest7 WHERE LENGTH(c) < 0
	Seq Scan on sbtest7  (cost=0.00..484768.32 rows=3341118 width=190)
	  Filter: (length(c) < 0)

table 8 : explain SELECT * from sbtest8 WHERE LENGTH(c) < 0
	Seq Scan on sbtest8  (cost=0.00..458582.73 rows=3333816 width=190)
	  Filter: (length(c) < 0)

for scan
table 1 : explain SELECT * from sbtest1 WHERE LENGTH(c) < 0
	Seq Scan on sbtest1  (cost=0.00..463624.48 rows=3334300 width=190)
	  Filter: (length(c) < 0)

table 2 : explain SELECT * from sbtest2 WHERE LENGTH(c) < 0
	Seq Scan on sbtest2  (cost=0.00..458847.21 rows=3331138 width=190)
	  Filter: (length(c) < 0)

table 3 : explain SELECT * from sbtest3 WHERE LENGTH(c) < 0
	Seq Scan on sbtest3  (cost=0.00..482446.52 rows=3327034 width=190)
	  Filter: (length(c) < 0)

table 4 : explain SELECT * from sbtest4 WHERE LENGTH(c) < 0
	Seq Scan on sbtest4  (cost=0.00..478154.32 rows=3338007 width=190)
	  Filter: (length(c) < 0)

table 5 : explain SELECT * from sbtest5 WHERE LENGTH(c) < 0
	Seq Scan on sbtest5  (cost=0.00..460887.84 rows=3335152 width=190)
	  Filter: (length(c) < 0)

table 6 : explain SELECT * from sbtest6 WHERE LENGTH(c) < 0
	Seq Scan on sbtest6  (cost=0.00..466618.03 rows=3331067 width=190)
	  Filter: (length(c) < 0)

table 7 : explain SELECT * from sbtest7 WHERE LENGTH(c) < 0
	Seq Scan on sbtest7  (cost=0.00..484768.32 rows=3341118 width=190)
	  Filter: (length(c) < 0)

table 8 : explain SELECT * from sbtest8 WHERE LENGTH(c) < 0
	Seq Scan on sbtest8  (cost=0.00..458582.73 rows=3333816 width=190)
	  Filter: (length(c) < 0)

for scan
table 1 : explain SELECT * from sbtest1 WHERE LENGTH(c) < 0
	Seq Scan on sbtest1  (cost=0.00..463624.48 rows=3334300 width=190)
	  Filter: (length(c) < 0)

table 2 : explain SELECT * from sbtest2 WHERE LENGTH(c) < 0
	Seq Scan on sbtest2  (cost=0.00..458847.21 rows=3331138 width=190)
	  Filter: (length(c) < 0)

table 3 : explain SELECT * from sbtest3 WHERE LENGTH(c) < 0
	Seq Scan on sbtest3  (cost=0.00..482446.52 rows=3327034 width=190)
	  Filter: (length(c) < 0)

table 4 : explain SELECT * from sbtest4 WHERE LENGTH(c) < 0
	Seq Scan on sbtest4  (cost=0.00..478154.32 rows=3338007 width=190)
	  Filter: (length(c) < 0)

table 5 : explain SELECT * from sbtest5 WHERE LENGTH(c) < 0
	Seq Scan on sbtest5  (cost=0.00..460887.84 rows=3335152 width=190)
	  Filter: (length(c) < 0)

table 6 : explain SELECT * from sbtest6 WHERE LENGTH(c) < 0
	Seq Scan on sbtest6  (cost=0.00..466618.03 rows=3331067 width=190)
	  Filter: (length(c) < 0)

table 7 : explain SELECT * from sbtest7 WHERE LENGTH(c) < 0
	Seq Scan on sbtest7  (cost=0.00..484768.32 rows=3341118 width=190)
	  Filter: (length(c) < 0)

table 8 : explain SELECT * from sbtest8 WHERE LENGTH(c) < 0
	Seq Scan on sbtest8  (cost=0.00..458582.73 rows=3333816 width=190)
	  Filter: (length(c) < 0)

for scan
table 1 : explain SELECT * from sbtest1 WHERE LENGTH(c) < 0
	Seq Scan on sbtest1  (cost=0.00..463624.48 rows=3334300 width=190)
	  Filter: (length(c) < 0)

table 2 : explain SELECT * from sbtest2 WHERE LENGTH(c) < 0
	Seq Scan on sbtest2  (cost=0.00..458847.21 rows=3331138 width=190)
	  Filter: (length(c) < 0)

table 3 : explain SELECT * from sbtest3 WHERE LENGTH(c) < 0
	Seq Scan on sbtest3  (cost=0.00..482446.52 rows=3327034 width=190)
	  Filter: (length(c) < 0)

table 4 : explain SELECT * from sbtest4 WHERE LENGTH(c) < 0
	Seq Scan on sbtest4  (cost=0.00..478154.32 rows=3338007 width=190)
	  Filter: (length(c) < 0)

table 5 : explain SELECT * from sbtest5 WHERE LENGTH(c) < 0
	Seq Scan on sbtest5  (cost=0.00..460887.84 rows=3335152 width=190)
	  Filter: (length(c) < 0)

table 6 : explain SELECT * from sbtest6 WHERE LENGTH(c) < 0
	Seq Scan on sbtest6  (cost=0.00..466618.03 rows=3331067 width=190)
	  Filter: (length(c) < 0)

table 7 : explain SELECT * from sbtest7 WHERE LENGTH(c) < 0
	Seq Scan on sbtest7  (cost=0.00..484768.32 rows=3341118 width=190)
	  Filter: (length(c) < 0)

table 8 : explain SELECT * from sbtest8 WHERE LENGTH(c) < 0
	Seq Scan on sbtest8  (cost=0.00..458582.73 rows=3333816 width=190)
	  Filter: (length(c) < 0)

for scan
table 1 : explain SELECT * from sbtest1 WHERE LENGTH(c) < 0
	Seq Scan on sbtest1  (cost=0.00..463624.48 rows=3334300 width=190)
	  Filter: (length(c) < 0)

table 2 : explain SELECT * from sbtest2 WHERE LENGTH(c) < 0
	Seq Scan on sbtest2  (cost=0.00..458847.21 rows=3331138 width=190)
	  Filter: (length(c) < 0)

table 3 : explain SELECT * from sbtest3 WHERE LENGTH(c) < 0
	Seq Scan on sbtest3  (cost=0.00..482446.52 rows=3327034 width=190)
	  Filter: (length(c) < 0)

table 4 : explain SELECT * from sbtest4 WHERE LENGTH(c) < 0
	Seq Scan on sbtest4  (cost=0.00..478154.32 rows=3338007 width=190)
	  Filter: (length(c) < 0)

table 5 : explain SELECT * from sbtest5 WHERE LENGTH(c) < 0
	Seq Scan on sbtest5  (cost=0.00..460887.84 rows=3335152 width=190)
	  Filter: (length(c) < 0)

table 6 : explain SELECT * from sbtest6 WHERE LENGTH(c) < 0
	Seq Scan on sbtest6  (cost=0.00..466618.03 rows=3331067 width=190)
	  Filter: (length(c) < 0)

table 7 : explain SELECT * from sbtest7 WHERE LENGTH(c) < 0
	Seq Scan on sbtest7  (cost=0.00..484768.32 rows=3341118 width=190)
	  Filter: (length(c) < 0)

table 8 : explain SELECT * from sbtest8 WHERE LENGTH(c) < 0
	Seq Scan on sbtest8  (cost=0.00..458582.73 rows=3333816 width=190)
	  Filter: (length(c) < 0)

for scan
table 1 : explain SELECT * from sbtest1 WHERE LENGTH(c) < 0
	Seq Scan on sbtest1  (cost=0.00..463624.48 rows=3334300 width=190)
	  Filter: (length(c) < 0)

table 2 : explain SELECT * from sbtest2 WHERE LENGTH(c) < 0
	Seq Scan on sbtest2  (cost=0.00..458847.21 rows=3331138 width=190)
	  Filter: (length(c) < 0)

table 3 : explain SELECT * from sbtest3 WHERE LENGTH(c) < 0
	Seq Scan on sbtest3  (cost=0.00..482446.52 rows=3327034 width=190)
	  Filter: (length(c) < 0)

table 4 : explain SELECT * from sbtest4 WHERE LENGTH(c) < 0
	Seq Scan on sbtest4  (cost=0.00..478154.32 rows=3338007 width=190)
	  Filter: (length(c) < 0)

table 5 : explain SELECT * from sbtest5 WHERE LENGTH(c) < 0
	Seq Scan on sbtest5  (cost=0.00..460887.84 rows=3335152 width=190)
	  Filter: (length(c) < 0)

table 6 : explain SELECT * from sbtest6 WHERE LENGTH(c) < 0
	Seq Scan on sbtest6  (cost=0.00..466618.03 rows=3331067 width=190)
	  Filter: (length(c) < 0)

table 7 : explain SELECT * from sbtest7 WHERE LENGTH(c) < 0
	Seq Scan on sbtest7  (cost=0.00..484768.32 rows=3341118 width=190)
	  Filter: (length(c) < 0)

table 8 : explain SELECT * from sbtest8 WHERE LENGTH(c) < 0
	Seq Scan on sbtest8  (cost=0.00..458582.73 rows=3333816 width=190)
	  Filter: (length(c) < 0)
for scan
table 1 : explain SELECT * from sbtest1 WHERE LENGTH(c) < 0
	Seq Scan on sbtest1  (cost=0.00..463624.48 rows=3334300 width=190)
	  Filter: (length(c) < 0)

table 2 : explain SELECT * from sbtest2 WHERE LENGTH(c) < 0
	Seq Scan on sbtest2  (cost=0.00..458847.21 rows=3331138 width=190)
	  Filter: (length(c) < 0)

table 3 : explain SELECT * from sbtest3 WHERE LENGTH(c) < 0
	Seq Scan on sbtest3  (cost=0.00..482446.52 rows=3327034 width=190)
	  Filter: (length(c) < 0)

table 4 : explain SELECT * from sbtest4 WHERE LENGTH(c) < 0
	Seq Scan on sbtest4  (cost=0.00..478154.32 rows=3338007 width=190)
	  Filter: (length(c) < 0)

table 5 : explain SELECT * from sbtest5 WHERE LENGTH(c) < 0
	Seq Scan on sbtest5  (cost=0.00..460887.84 rows=3335152 width=190)
	  Filter: (length(c) < 0)

table 6 : explain SELECT * from sbtest6 WHERE LENGTH(c) < 0
	Seq Scan on sbtest6  (cost=0.00..466618.03 rows=3331067 width=190)
	  Filter: (length(c) < 0)

table 7 : explain SELECT * from sbtest7 WHERE LENGTH(c) < 0
	Seq Scan on sbtest7  (cost=0.00..484768.32 rows=3341118 width=190)
	  Filter: (length(c) < 0)

table 8 : explain SELECT * from sbtest8 WHERE LENGTH(c) < 0
	Seq Scan on sbtest8  (cost=0.00..458582.73 rows=3333816 width=190)
	  Filter: (length(c) < 0)

for scan
table 1 : explain SELECT * from sbtest1 WHERE LENGTH(c) < 0
	Seq Scan on sbtest1  (cost=0.00..463624.48 rows=3334300 width=190)
	  Filter: (length(c) < 0)

table 2 : explain SELECT * from sbtest2 WHERE LENGTH(c) < 0
	Seq Scan on sbtest2  (cost=0.00..458847.21 rows=3331138 width=190)
	  Filter: (length(c) < 0)

table 3 : explain SELECT * from sbtest3 WHERE LENGTH(c) < 0
	Seq Scan on sbtest3  (cost=0.00..482446.52 rows=3327034 width=190)
	  Filter: (length(c) < 0)

table 4 : explain SELECT * from sbtest4 WHERE LENGTH(c) < 0
	Seq Scan on sbtest4  (cost=0.00..478154.32 rows=3338007 width=190)
	  Filter: (length(c) < 0)

table 5 : explain SELECT * from sbtest5 WHERE LENGTH(c) < 0
	Seq Scan on sbtest5  (cost=0.00..460887.84 rows=3335152 width=190)
	  Filter: (length(c) < 0)

table 6 : explain SELECT * from sbtest6 WHERE LENGTH(c) < 0
	Seq Scan on sbtest6  (cost=0.00..466618.03 rows=3331067 width=190)
	  Filter: (length(c) < 0)

table 7 : explain SELECT * from sbtest7 WHERE LENGTH(c) < 0
	Seq Scan on sbtest7  (cost=0.00..484768.32 rows=3341118 width=190)
	  Filter: (length(c) < 0)

table 8 : explain SELECT * from sbtest8 WHERE LENGTH(c) < 0
	Seq Scan on sbtest8  (cost=0.00..458582.73 rows=3333816 width=190)
	  Filter: (length(c) < 0)

for scan
table 1 : explain SELECT * from sbtest1 WHERE LENGTH(c) < 0
	Seq Scan on sbtest1  (cost=0.00..463624.48 rows=3334300 width=190)
	  Filter: (length(c) < 0)

table 2 : explain SELECT * from sbtest2 WHERE LENGTH(c) < 0
	Seq Scan on sbtest2  (cost=0.00..458847.21 rows=3331138 width=190)
	  Filter: (length(c) < 0)

table 3 : explain SELECT * from sbtest3 WHERE LENGTH(c) < 0
	Seq Scan on sbtest3  (cost=0.00..482446.52 rows=3327034 width=190)
	  Filter: (length(c) < 0)

table 4 : explain SELECT * from sbtest4 WHERE LENGTH(c) < 0
	Seq Scan on sbtest4  (cost=0.00..478154.32 rows=3338007 width=190)
	  Filter: (length(c) < 0)

table 5 : explain SELECT * from sbtest5 WHERE LENGTH(c) < 0
	Seq Scan on sbtest5  (cost=0.00..460887.84 rows=3335152 width=190)
	  Filter: (length(c) < 0)

table 6 : explain SELECT * from sbtest6 WHERE LENGTH(c) < 0
	Seq Scan on sbtest6  (cost=0.00..466618.03 rows=3331067 width=190)
	  Filter: (length(c) < 0)

table 7 : explain SELECT * from sbtest7 WHERE LENGTH(c) < 0
	Seq Scan on sbtest7  (cost=0.00..484768.32 rows=3341118 width=190)
	  Filter: (length(c) < 0)

table 8 : explain SELECT * from sbtest8 WHERE LENGTH(c) < 0
	Seq Scan on sbtest8  (cost=0.00..458582.73 rows=3333816 width=190)
	  Filter: (length(c) < 0)

for scan
table 1 : explain SELECT * from sbtest1 WHERE LENGTH(c) < 0
	Seq Scan on sbtest1  (cost=0.00..463624.48 rows=3334300 width=190)
	  Filter: (length(c) < 0)

table 2 : explain SELECT * from sbtest2 WHERE LENGTH(c) < 0
	Seq Scan on sbtest2  (cost=0.00..458847.21 rows=3331138 width=190)
	  Filter: (length(c) < 0)

table 3 : explain SELECT * from sbtest3 WHERE LENGTH(c) < 0
	Seq Scan on sbtest3  (cost=0.00..482446.52 rows=3327034 width=190)
	  Filter: (length(c) < 0)

table 4 : explain SELECT * from sbtest4 WHERE LENGTH(c) < 0
	Seq Scan on sbtest4  (cost=0.00..478154.32 rows=3338007 width=190)
	  Filter: (length(c) < 0)

table 5 : explain SELECT * from sbtest5 WHERE LENGTH(c) < 0
	Seq Scan on sbtest5  (cost=0.00..460887.84 rows=3335152 width=190)
	  Filter: (length(c) < 0)

table 6 : explain SELECT * from sbtest6 WHERE LENGTH(c) < 0
	Seq Scan on sbtest6  (cost=0.00..466618.03 rows=3331067 width=190)
	  Filter: (length(c) < 0)

table 7 : explain SELECT * from sbtest7 WHERE LENGTH(c) < 0
	Seq Scan on sbtest7  (cost=0.00..484768.32 rows=3341118 width=190)
	  Filter: (length(c) < 0)

table 8 : explain SELECT * from sbtest8 WHERE LENGTH(c) < 0
	Seq Scan on sbtest8  (cost=0.00..458582.73 rows=3333816 width=190)
	  Filter: (length(c) < 0)

for scan
table 1 : explain SELECT * from sbtest1 WHERE LENGTH(c) < 0
	Seq Scan on sbtest1  (cost=0.00..463624.48 rows=3334300 width=190)
	  Filter: (length(c) < 0)

table 2 : explain SELECT * from sbtest2 WHERE LENGTH(c) < 0
	Seq Scan on sbtest2  (cost=0.00..458847.21 rows=3331138 width=190)
	  Filter: (length(c) < 0)

table 3 : explain SELECT * from sbtest3 WHERE LENGTH(c) < 0
	Seq Scan on sbtest3  (cost=0.00..482446.52 rows=3327034 width=190)
	  Filter: (length(c) < 0)

table 4 : explain SELECT * from sbtest4 WHERE LENGTH(c) < 0
	Seq Scan on sbtest4  (cost=0.00..478154.32 rows=3338007 width=190)
	  Filter: (length(c) < 0)

table 5 : explain SELECT * from sbtest5 WHERE LENGTH(c) < 0
	Seq Scan on sbtest5  (cost=0.00..460887.84 rows=3335152 width=190)
	  Filter: (length(c) < 0)

table 6 : explain SELECT * from sbtest6 WHERE LENGTH(c) < 0
	Seq Scan on sbtest6  (cost=0.00..466618.03 rows=3331067 width=190)
	  Filter: (length(c) < 0)

table 7 : explain SELECT * from sbtest7 WHERE LENGTH(c) < 0
	Seq Scan on sbtest7  (cost=0.00..484768.32 rows=3341118 width=190)
	  Filter: (length(c) < 0)

table 8 : explain SELECT * from sbtest8 WHERE LENGTH(c) < 0
	Seq Scan on sbtest8  (cost=0.00..458582.73 rows=3333816 width=190)
	  Filter: (length(c) < 0)


for scan
table 1 : explain SELECT * from sbtest1 WHERE LENGTH(c) < 0
	Seq Scan on sbtest1  (cost=0.00..463624.48 rows=3334300 width=190)
	  Filter: (length(c) < 0)

table 2 : explain SELECT * from sbtest2 WHERE LENGTH(c) < 0
	Seq Scan on sbtest2  (cost=0.00..458847.21 rows=3331138 width=190)
	  Filter: (length(c) < 0)

table 3 : explain SELECT * from sbtest3 WHERE LENGTH(c) < 0
	Seq Scan on sbtest3  (cost=0.00..482446.52 rows=3327034 width=190)
	  Filter: (length(c) < 0)

table 4 : explain SELECT * from sbtest4 WHERE LENGTH(c) < 0
	Seq Scan on sbtest4  (cost=0.00..478154.32 rows=3338007 width=190)
	  Filter: (length(c) < 0)

table 5 : explain SELECT * from sbtest5 WHERE LENGTH(c) < 0
	Seq Scan on sbtest5  (cost=0.00..460887.84 rows=3335152 width=190)
	  Filter: (length(c) < 0)

table 6 : explain SELECT * from sbtest6 WHERE LENGTH(c) < 0
	Seq Scan on sbtest6  (cost=0.00..466618.03 rows=3331067 width=190)
	  Filter: (length(c) < 0)

table 7 : explain SELECT * from sbtest7 WHERE LENGTH(c) < 0
	Seq Scan on sbtest7  (cost=0.00..484768.32 rows=3341118 width=190)
	  Filter: (length(c) < 0)

table 8 : explain SELECT * from sbtest8 WHERE LENGTH(c) < 0
	Seq Scan on sbtest8  (cost=0.00..458582.73 rows=3333816 width=190)
	  Filter: (length(c) < 0)

for scan
table 1 : explain SELECT * from sbtest1 WHERE LENGTH(c) < 0
	Seq Scan on sbtest1  (cost=0.00..463624.48 rows=3334300 width=190)
	  Filter: (length(c) < 0)

table 2 : explain SELECT * from sbtest2 WHERE LENGTH(c) < 0
	Seq Scan on sbtest2  (cost=0.00..458847.21 rows=3331138 width=190)
	  Filter: (length(c) < 0)

table 3 : explain SELECT * from sbtest3 WHERE LENGTH(c) < 0
	Seq Scan on sbtest3  (cost=0.00..482446.52 rows=3327034 width=190)
	  Filter: (length(c) < 0)

table 4 : explain SELECT * from sbtest4 WHERE LENGTH(c) < 0
	Seq Scan on sbtest4  (cost=0.00..478154.32 rows=3338007 width=190)
	  Filter: (length(c) < 0)

table 5 : explain SELECT * from sbtest5 WHERE LENGTH(c) < 0
	Seq Scan on sbtest5  (cost=0.00..460887.84 rows=3335152 width=190)
	  Filter: (length(c) < 0)

table 6 : explain SELECT * from sbtest6 WHERE LENGTH(c) < 0
	Seq Scan on sbtest6  (cost=0.00..466618.03 rows=3331067 width=190)
	  Filter: (length(c) < 0)

table 7 : explain SELECT * from sbtest7 WHERE LENGTH(c) < 0
	Seq Scan on sbtest7  (cost=0.00..484768.32 rows=3341118 width=190)
	  Filter: (length(c) < 0)

table 8 : explain SELECT * from sbtest8 WHERE LENGTH(c) < 0
	Seq Scan on sbtest8  (cost=0.00..458582.73 rows=3333816 width=190)
	  Filter: (length(c) < 0)

for scan
table 1 : explain SELECT * from sbtest1 WHERE LENGTH(c) < 0
	Seq Scan on sbtest1  (cost=0.00..463624.48 rows=3334300 width=190)
	  Filter: (length(c) < 0)

table 2 : explain SELECT * from sbtest2 WHERE LENGTH(c) < 0
	Seq Scan on sbtest2  (cost=0.00..458847.21 rows=3331138 width=190)
	  Filter: (length(c) < 0)

table 3 : explain SELECT * from sbtest3 WHERE LENGTH(c) < 0
	Seq Scan on sbtest3  (cost=0.00..482446.52 rows=3327034 width=190)
	  Filter: (length(c) < 0)

table 4 : explain SELECT * from sbtest4 WHERE LENGTH(c) < 0
	Seq Scan on sbtest4  (cost=0.00..478154.32 rows=3338007 width=190)
	  Filter: (length(c) < 0)

table 5 : explain SELECT * from sbtest5 WHERE LENGTH(c) < 0
	Seq Scan on sbtest5  (cost=0.00..460887.84 rows=3335152 width=190)
	  Filter: (length(c) < 0)

table 6 : explain SELECT * from sbtest6 WHERE LENGTH(c) < 0
	Seq Scan on sbtest6  (cost=0.00..466618.03 rows=3331067 width=190)
	  Filter: (length(c) < 0)

table 7 : explain SELECT * from sbtest7 WHERE LENGTH(c) < 0
	Seq Scan on sbtest7  (cost=0.00..484768.32 rows=3341118 width=190)
	  Filter: (length(c) < 0)

table 8 : explain SELECT * from sbtest8 WHERE LENGTH(c) < 0
	Seq Scan on sbtest8  (cost=0.00..458582.73 rows=3333816 width=190)
	  Filter: (length(c) < 0)

for scan
table 1 : explain SELECT * from sbtest1 WHERE LENGTH(c) < 0
	Seq Scan on sbtest1  (cost=0.00..463624.48 rows=3334300 width=190)
	  Filter: (length(c) < 0)

table 2 : explain SELECT * from sbtest2 WHERE LENGTH(c) < 0
	Seq Scan on sbtest2  (cost=0.00..458847.21 rows=3331138 width=190)
	  Filter: (length(c) < 0)

table 3 : explain SELECT * from sbtest3 WHERE LENGTH(c) < 0
	Seq Scan on sbtest3  (cost=0.00..482446.52 rows=3327034 width=190)
	  Filter: (length(c) < 0)

table 4 : explain SELECT * from sbtest4 WHERE LENGTH(c) < 0
	Seq Scan on sbtest4  (cost=0.00..478154.32 rows=3338007 width=190)
	  Filter: (length(c) < 0)

table 5 : explain SELECT * from sbtest5 WHERE LENGTH(c) < 0
	Seq Scan on sbtest5  (cost=0.00..460887.84 rows=3335152 width=190)
	  Filter: (length(c) < 0)

table 6 : explain SELECT * from sbtest6 WHERE LENGTH(c) < 0
	Seq Scan on sbtest6  (cost=0.00..466618.03 rows=3331067 width=190)
	  Filter: (length(c) < 0)

table 7 : explain SELECT * from sbtest7 WHERE LENGTH(c) < 0
	Seq Scan on sbtest7  (cost=0.00..484768.32 rows=3341118 width=190)
	  Filter: (length(c) < 0)

table 8 : explain SELECT * from sbtest8 WHERE LENGTH(c) < 0
	Seq Scan on sbtest8  (cost=0.00..458582.73 rows=3333816 width=190)
	  Filter: (length(c) < 0)


for scan
table 1 : explain SELECT * from sbtest1 WHERE LENGTH(c) < 0
	Seq Scan on sbtest1  (cost=0.00..463624.48 rows=3334300 width=190)
	  Filter: (length(c) < 0)

table 2 : explain SELECT * from sbtest2 WHERE LENGTH(c) < 0
	Seq Scan on sbtest2  (cost=0.00..458847.21 rows=3331138 width=190)
	  Filter: (length(c) < 0)

table 3 : explain SELECT * from sbtest3 WHERE LENGTH(c) < 0
	Seq Scan on sbtest3  (cost=0.00..482446.52 rows=3327034 width=190)
	  Filter: (length(c) < 0)

table 4 : explain SELECT * from sbtest4 WHERE LENGTH(c) < 0
	Seq Scan on sbtest4  (cost=0.00..478154.32 rows=3338007 width=190)
	  Filter: (length(c) < 0)

table 5 : explain SELECT * from sbtest5 WHERE LENGTH(c) < 0
	Seq Scan on sbtest5  (cost=0.00..460887.84 rows=3335152 width=190)
	  Filter: (length(c) < 0)

table 6 : explain SELECT * from sbtest6 WHERE LENGTH(c) < 0
	Seq Scan on sbtest6  (cost=0.00..466618.03 rows=3331067 width=190)
	  Filter: (length(c) < 0)

table 7 : explain SELECT * from sbtest7 WHERE LENGTH(c) < 0
	Seq Scan on sbtest7  (cost=0.00..484768.32 rows=3341118 width=190)
	  Filter: (length(c) < 0)

table 8 : explain SELECT * from sbtest8 WHERE LENGTH(c) < 0
	Seq Scan on sbtest8  (cost=0.00..458582.73 rows=3333816 width=190)
	  Filter: (length(c) < 0)

for scan
table 1 : explain SELECT * from sbtest1 WHERE LENGTH(c) < 0
	Seq Scan on sbtest1  (cost=0.00..463624.48 rows=3334300 width=190)
	  Filter: (length(c) < 0)

table 2 : explain SELECT * from sbtest2 WHERE LENGTH(c) < 0
	Seq Scan on sbtest2  (cost=0.00..458847.21 rows=3331138 width=190)
	  Filter: (length(c) < 0)

table 3 : explain SELECT * from sbtest3 WHERE LENGTH(c) < 0
	Seq Scan on sbtest3  (cost=0.00..482446.52 rows=3327034 width=190)
	  Filter: (length(c) < 0)

table 4 : explain SELECT * from sbtest4 WHERE LENGTH(c) < 0
	Seq Scan on sbtest4  (cost=0.00..478154.32 rows=3338007 width=190)
	  Filter: (length(c) < 0)

table 5 : explain SELECT * from sbtest5 WHERE LENGTH(c) < 0
	Seq Scan on sbtest5  (cost=0.00..460887.84 rows=3335152 width=190)
	  Filter: (length(c) < 0)

table 6 : explain SELECT * from sbtest6 WHERE LENGTH(c) < 0
	Seq Scan on sbtest6  (cost=0.00..466618.03 rows=3331067 width=190)
	  Filter: (length(c) < 0)

table 7 : explain SELECT * from sbtest7 WHERE LENGTH(c) < 0
	Seq Scan on sbtest7  (cost=0.00..484768.32 rows=3341118 width=190)
	  Filter: (length(c) < 0)

table 8 : explain SELECT * from sbtest8 WHERE LENGTH(c) < 0
	Seq Scan on sbtest8  (cost=0.00..458582.73 rows=3333816 width=190)
	  Filter: (length(c) < 0)

for scan
table 1 : explain SELECT * from sbtest1 WHERE LENGTH(c) < 0
	Seq Scan on sbtest1  (cost=0.00..463624.48 rows=3334300 width=190)
	  Filter: (length(c) < 0)

table 2 : explain SELECT * from sbtest2 WHERE LENGTH(c) < 0
	Seq Scan on sbtest2  (cost=0.00..458847.21 rows=3331138 width=190)
	  Filter: (length(c) < 0)

table 3 : explain SELECT * from sbtest3 WHERE LENGTH(c) < 0
	Seq Scan on sbtest3  (cost=0.00..482446.52 rows=3327034 width=190)
	  Filter: (length(c) < 0)

table 4 : explain SELECT * from sbtest4 WHERE LENGTH(c) < 0
	Seq Scan on sbtest4  (cost=0.00..478154.32 rows=3338007 width=190)
	  Filter: (length(c) < 0)

table 5 : explain SELECT * from sbtest5 WHERE LENGTH(c) < 0
	Seq Scan on sbtest5  (cost=0.00..460887.84 rows=3335152 width=190)
	  Filter: (length(c) < 0)

table 6 : explain SELECT * from sbtest6 WHERE LENGTH(c) < 0
	Seq Scan on sbtest6  (cost=0.00..466618.03 rows=3331067 width=190)
	  Filter: (length(c) < 0)

table 7 : explain SELECT * from sbtest7 WHERE LENGTH(c) < 0
	Seq Scan on sbtest7  (cost=0.00..484768.32 rows=3341118 width=190)
	  Filter: (length(c) < 0)

table 8 : explain SELECT * from sbtest8 WHERE LENGTH(c) < 0
	Seq Scan on sbtest8  (cost=0.00..458582.73 rows=3333816 width=190)
	  Filter: (length(c) < 0)

for scan
table 1 : explain SELECT * from sbtest1 WHERE LENGTH(c) < 0
	Seq Scan on sbtest1  (cost=0.00..463624.48 rows=3334300 width=190)
	  Filter: (length(c) < 0)

table 2 : explain SELECT * from sbtest2 WHERE LENGTH(c) < 0
	Seq Scan on sbtest2  (cost=0.00..458847.21 rows=3331138 width=190)
	  Filter: (length(c) < 0)

table 3 : explain SELECT * from sbtest3 WHERE LENGTH(c) < 0
	Seq Scan on sbtest3  (cost=0.00..482446.52 rows=3327034 width=190)
	  Filter: (length(c) < 0)

table 4 : explain SELECT * from sbtest4 WHERE LENGTH(c) < 0
	Seq Scan on sbtest4  (cost=0.00..478154.32 rows=3338007 width=190)
	  Filter: (length(c) < 0)

table 5 : explain SELECT * from sbtest5 WHERE LENGTH(c) < 0
	Seq Scan on sbtest5  (cost=0.00..460887.84 rows=3335152 width=190)
	  Filter: (length(c) < 0)

table 6 : explain SELECT * from sbtest6 WHERE LENGTH(c) < 0
	Seq Scan on sbtest6  (cost=0.00..466618.03 rows=3331067 width=190)
	  Filter: (length(c) < 0)

table 7 : explain SELECT * from sbtest7 WHERE LENGTH(c) < 0
	Seq Scan on sbtest7  (cost=0.00..484768.32 rows=3341118 width=190)
	  Filter: (length(c) < 0)

table 8 : explain SELECT * from sbtest8 WHERE LENGTH(c) < 0
	Seq Scan on sbtest8  (cost=0.00..458582.73 rows=3333816 width=190)
	  Filter: (length(c) < 0)

for scan
table 1 : explain SELECT * from sbtest1 WHERE LENGTH(c) < 0
	Seq Scan on sbtest1  (cost=0.00..463624.48 rows=3334300 width=190)
	  Filter: (length(c) < 0)

table 2 : explain SELECT * from sbtest2 WHERE LENGTH(c) < 0
	Seq Scan on sbtest2  (cost=0.00..458847.21 rows=3331138 width=190)
	  Filter: (length(c) < 0)

table 3 : explain SELECT * from sbtest3 WHERE LENGTH(c) < 0
	Seq Scan on sbtest3  (cost=0.00..482446.52 rows=3327034 width=190)
	  Filter: (length(c) < 0)

table 4 : explain SELECT * from sbtest4 WHERE LENGTH(c) < 0
	Seq Scan on sbtest4  (cost=0.00..478154.32 rows=3338007 width=190)
	  Filter: (length(c) < 0)

table 5 : explain SELECT * from sbtest5 WHERE LENGTH(c) < 0
	Seq Scan on sbtest5  (cost=0.00..460887.84 rows=3335152 width=190)
	  Filter: (length(c) < 0)

table 6 : explain SELECT * from sbtest6 WHERE LENGTH(c) < 0
	Seq Scan on sbtest6  (cost=0.00..466618.03 rows=3331067 width=190)
	  Filter: (length(c) < 0)

table 7 : explain SELECT * from sbtest7 WHERE LENGTH(c) < 0
	Seq Scan on sbtest7  (cost=0.00..484768.32 rows=3341118 width=190)
	  Filter: (length(c) < 0)

table 8 : explain SELECT * from sbtest8 WHERE LENGTH(c) < 0
	Seq Scan on sbtest8  (cost=0.00..458582.73 rows=3333816 width=190)
	  Filter: (length(c) < 0)

for scan
table 1 : explain SELECT * from sbtest1 WHERE LENGTH(c) < 0
	Seq Scan on sbtest1  (cost=0.00..463624.48 rows=3334300 width=190)
	  Filter: (length(c) < 0)

table 2 : explain SELECT * from sbtest2 WHERE LENGTH(c) < 0
	Seq Scan on sbtest2  (cost=0.00..458847.21 rows=3331138 width=190)
	  Filter: (length(c) < 0)

table 3 : explain SELECT * from sbtest3 WHERE LENGTH(c) < 0
	Seq Scan on sbtest3  (cost=0.00..482446.52 rows=3327034 width=190)
	  Filter: (length(c) < 0)

table 4 : explain SELECT * from sbtest4 WHERE LENGTH(c) < 0
	Seq Scan on sbtest4  (cost=0.00..478154.32 rows=3338007 width=190)
	  Filter: (length(c) < 0)

table 5 : explain SELECT * from sbtest5 WHERE LENGTH(c) < 0
	Seq Scan on sbtest5  (cost=0.00..460887.84 rows=3335152 width=190)
	  Filter: (length(c) < 0)

table 6 : explain SELECT * from sbtest6 WHERE LENGTH(c) < 0
	Seq Scan on sbtest6  (cost=0.00..466618.03 rows=3331067 width=190)
	  Filter: (length(c) < 0)

table 7 : explain SELECT * from sbtest7 WHERE LENGTH(c) < 0
	Seq Scan on sbtest7  (cost=0.00..484768.32 rows=3341118 width=190)
	  Filter: (length(c) < 0)

table 8 : explain SELECT * from sbtest8 WHERE LENGTH(c) < 0
	Seq Scan on sbtest8  (cost=0.00..458582.73 rows=3333816 width=190)
	  Filter: (length(c) < 0)

for scan
table 1 : explain SELECT * from sbtest1 WHERE LENGTH(c) < 0
	Seq Scan on sbtest1  (cost=0.00..463624.48 rows=3334300 width=190)
	  Filter: (length(c) < 0)

table 2 : explain SELECT * from sbtest2 WHERE LENGTH(c) < 0
	Seq Scan on sbtest2  (cost=0.00..458847.21 rows=3331138 width=190)
	  Filter: (length(c) < 0)

table 3 : explain SELECT * from sbtest3 WHERE LENGTH(c) < 0
	Seq Scan on sbtest3  (cost=0.00..482446.52 rows=3327034 width=190)
	  Filter: (length(c) < 0)

table 4 : explain SELECT * from sbtest4 WHERE LENGTH(c) < 0
	Seq Scan on sbtest4  (cost=0.00..478154.32 rows=3338007 width=190)
	  Filter: (length(c) < 0)

table 5 : explain SELECT * from sbtest5 WHERE LENGTH(c) < 0
	Seq Scan on sbtest5  (cost=0.00..460887.84 rows=3335152 width=190)
	  Filter: (length(c) < 0)

table 6 : explain SELECT * from sbtest6 WHERE LENGTH(c) < 0
	Seq Scan on sbtest6  (cost=0.00..466618.03 rows=3331067 width=190)
	  Filter: (length(c) < 0)

table 7 : explain SELECT * from sbtest7 WHERE LENGTH(c) < 0
	Seq Scan on sbtest7  (cost=0.00..484768.32 rows=3341118 width=190)
	  Filter: (length(c) < 0)

table 8 : explain SELECT * from sbtest8 WHERE LENGTH(c) < 0
	Seq Scan on sbtest8  (cost=0.00..458582.73 rows=3333816 width=190)
	  Filter: (length(c) < 0)

for scan
table 1 : explain SELECT * from sbtest1 WHERE LENGTH(c) < 0
	Seq Scan on sbtest1  (cost=0.00..463624.48 rows=3334300 width=190)
	  Filter: (length(c) < 0)

table 2 : explain SELECT * from sbtest2 WHERE LENGTH(c) < 0
	Seq Scan on sbtest2  (cost=0.00..458847.21 rows=3331138 width=190)
	  Filter: (length(c) < 0)

table 3 : explain SELECT * from sbtest3 WHERE LENGTH(c) < 0
	Seq Scan on sbtest3  (cost=0.00..482446.52 rows=3327034 width=190)
	  Filter: (length(c) < 0)

table 4 : explain SELECT * from sbtest4 WHERE LENGTH(c) < 0
	Seq Scan on sbtest4  (cost=0.00..478154.32 rows=3338007 width=190)
	  Filter: (length(c) < 0)

table 5 : explain SELECT * from sbtest5 WHERE LENGTH(c) < 0
	Seq Scan on sbtest5  (cost=0.00..460887.84 rows=3335152 width=190)
	  Filter: (length(c) < 0)

table 6 : explain SELECT * from sbtest6 WHERE LENGTH(c) < 0
	Seq Scan on sbtest6  (cost=0.00..466618.03 rows=3331067 width=190)
	  Filter: (length(c) < 0)

table 7 : explain SELECT * from sbtest7 WHERE LENGTH(c) < 0
	Seq Scan on sbtest7  (cost=0.00..484768.32 rows=3341118 width=190)
	  Filter: (length(c) < 0)

table 8 : explain SELECT * from sbtest8 WHERE LENGTH(c) < 0
	Seq Scan on sbtest8  (cost=0.00..458582.73 rows=3333816 width=190)
	  Filter: (length(c) < 0)

for scan
table 1 : explain SELECT * from sbtest1 WHERE LENGTH(c) < 0
	Seq Scan on sbtest1  (cost=0.00..463624.48 rows=3334300 width=190)
	  Filter: (length(c) < 0)

table 2 : explain SELECT * from sbtest2 WHERE LENGTH(c) < 0
	Seq Scan on sbtest2  (cost=0.00..458847.21 rows=3331138 width=190)
	  Filter: (length(c) < 0)

table 3 : explain SELECT * from sbtest3 WHERE LENGTH(c) < 0
	Seq Scan on sbtest3  (cost=0.00..482446.52 rows=3327034 width=190)
	  Filter: (length(c) < 0)

table 4 : explain SELECT * from sbtest4 WHERE LENGTH(c) < 0
	Seq Scan on sbtest4  (cost=0.00..478154.32 rows=3338007 width=190)
	  Filter: (length(c) < 0)

table 5 : explain SELECT * from sbtest5 WHERE LENGTH(c) < 0
	Seq Scan on sbtest5  (cost=0.00..460887.84 rows=3335152 width=190)
	  Filter: (length(c) < 0)

table 6 : explain SELECT * from sbtest6 WHERE LENGTH(c) < 0
	Seq Scan on sbtest6  (cost=0.00..466618.03 rows=3331067 width=190)
	  Filter: (length(c) < 0)

table 7 : explain SELECT * from sbtest7 WHERE LENGTH(c) < 0
	Seq Scan on sbtest7  (cost=0.00..484768.32 rows=3341118 width=190)
	  Filter: (length(c) < 0)

table 8 : explain SELECT * from sbtest8 WHERE LENGTH(c) < 0
	Seq Scan on sbtest8  (cost=0.00..458582.73 rows=3333816 width=190)
	  Filter: (length(c) < 0)

for scan
table 1 : explain SELECT * from sbtest1 WHERE LENGTH(c) < 0
	Seq Scan on sbtest1  (cost=0.00..463624.48 rows=3334300 width=190)
	  Filter: (length(c) < 0)

table 2 : explain SELECT * from sbtest2 WHERE LENGTH(c) < 0
	Seq Scan on sbtest2  (cost=0.00..458847.21 rows=3331138 width=190)
	  Filter: (length(c) < 0)

table 3 : explain SELECT * from sbtest3 WHERE LENGTH(c) < 0
	Seq Scan on sbtest3  (cost=0.00..482446.52 rows=3327034 width=190)
	  Filter: (length(c) < 0)

table 4 : explain SELECT * from sbtest4 WHERE LENGTH(c) < 0
	Seq Scan on sbtest4  (cost=0.00..478154.32 rows=3338007 width=190)
	  Filter: (length(c) < 0)

table 5 : explain SELECT * from sbtest5 WHERE LENGTH(c) < 0
	Seq Scan on sbtest5  (cost=0.00..460887.84 rows=3335152 width=190)
	  Filter: (length(c) < 0)

table 6 : explain SELECT * from sbtest6 WHERE LENGTH(c) < 0
	Seq Scan on sbtest6  (cost=0.00..466618.03 rows=3331067 width=190)
	  Filter: (length(c) < 0)

table 7 : explain SELECT * from sbtest7 WHERE LENGTH(c) < 0
	Seq Scan on sbtest7  (cost=0.00..484768.32 rows=3341118 width=190)
	  Filter: (length(c) < 0)

table 8 : explain SELECT * from sbtest8 WHERE LENGTH(c) < 0
	Seq Scan on sbtest8  (cost=0.00..458582.73 rows=3333816 width=190)
	  Filter: (length(c) < 0)

for scan
table 1 : explain SELECT * from sbtest1 WHERE LENGTH(c) < 0
	Seq Scan on sbtest1  (cost=0.00..463624.48 rows=3334300 width=190)
	  Filter: (length(c) < 0)

table 2 : explain SELECT * from sbtest2 WHERE LENGTH(c) < 0
	Seq Scan on sbtest2  (cost=0.00..458847.21 rows=3331138 width=190)
	  Filter: (length(c) < 0)

table 3 : explain SELECT * from sbtest3 WHERE LENGTH(c) < 0
	Seq Scan on sbtest3  (cost=0.00..482446.52 rows=3327034 width=190)
	  Filter: (length(c) < 0)

table 4 : explain SELECT * from sbtest4 WHERE LENGTH(c) < 0
	Seq Scan on sbtest4  (cost=0.00..478154.32 rows=3338007 width=190)
	  Filter: (length(c) < 0)

table 5 : explain SELECT * from sbtest5 WHERE LENGTH(c) < 0
	Seq Scan on sbtest5  (cost=0.00..460887.84 rows=3335152 width=190)
	  Filter: (length(c) < 0)

table 6 : explain SELECT * from sbtest6 WHERE LENGTH(c) < 0
	Seq Scan on sbtest6  (cost=0.00..466618.03 rows=3331067 width=190)
	  Filter: (length(c) < 0)

table 7 : explain SELECT * from sbtest7 WHERE LENGTH(c) < 0
	Seq Scan on sbtest7  (cost=0.00..484768.32 rows=3341118 width=190)
	  Filter: (length(c) < 0)

table 8 : explain SELECT * from sbtest8 WHERE LENGTH(c) < 0
	Seq Scan on sbtest8  (cost=0.00..458582.73 rows=3333816 width=190)
	  Filter: (length(c) < 0)

for scan
table 1 : explain SELECT * from sbtest1 WHERE LENGTH(c) < 0
	Seq Scan on sbtest1  (cost=0.00..463624.48 rows=3334300 width=190)
	  Filter: (length(c) < 0)

table 2 : explain SELECT * from sbtest2 WHERE LENGTH(c) < 0
	Seq Scan on sbtest2  (cost=0.00..458847.21 rows=3331138 width=190)
	  Filter: (length(c) < 0)

table 3 : explain SELECT * from sbtest3 WHERE LENGTH(c) < 0
	Seq Scan on sbtest3  (cost=0.00..482446.52 rows=3327034 width=190)
	  Filter: (length(c) < 0)

table 4 : explain SELECT * from sbtest4 WHERE LENGTH(c) < 0
	Seq Scan on sbtest4  (cost=0.00..478154.32 rows=3338007 width=190)
	  Filter: (length(c) < 0)

table 5 : explain SELECT * from sbtest5 WHERE LENGTH(c) < 0
	Seq Scan on sbtest5  (cost=0.00..460887.84 rows=3335152 width=190)
	  Filter: (length(c) < 0)

table 6 : explain SELECT * from sbtest6 WHERE LENGTH(c) < 0
	Seq Scan on sbtest6  (cost=0.00..466618.03 rows=3331067 width=190)
	  Filter: (length(c) < 0)

table 7 : explain SELECT * from sbtest7 WHERE LENGTH(c) < 0
	Seq Scan on sbtest7  (cost=0.00..484768.32 rows=3341118 width=190)
	  Filter: (length(c) < 0)

table 8 : explain SELECT * from sbtest8 WHERE LENGTH(c) < 0
	Seq Scan on sbtest8  (cost=0.00..458582.73 rows=3333816 width=190)
	  Filter: (length(c) < 0)

for scan
table 1 : explain SELECT * from sbtest1 WHERE LENGTH(c) < 0
	Seq Scan on sbtest1  (cost=0.00..463624.48 rows=3334300 width=190)
	  Filter: (length(c) < 0)

table 2 : explain SELECT * from sbtest2 WHERE LENGTH(c) < 0
	Seq Scan on sbtest2  (cost=0.00..458847.21 rows=3331138 width=190)
	  Filter: (length(c) < 0)

table 3 : explain SELECT * from sbtest3 WHERE LENGTH(c) < 0
	Seq Scan on sbtest3  (cost=0.00..482446.52 rows=3327034 width=190)
	  Filter: (length(c) < 0)

table 4 : explain SELECT * from sbtest4 WHERE LENGTH(c) < 0
	Seq Scan on sbtest4  (cost=0.00..478154.32 rows=3338007 width=190)
	  Filter: (length(c) < 0)

table 5 : explain SELECT * from sbtest5 WHERE LENGTH(c) < 0
	Seq Scan on sbtest5  (cost=0.00..460887.84 rows=3335152 width=190)
	  Filter: (length(c) < 0)

table 6 : explain SELECT * from sbtest6 WHERE LENGTH(c) < 0
	Seq Scan on sbtest6  (cost=0.00..466618.03 rows=3331067 width=190)
	  Filter: (length(c) < 0)

table 7 : explain SELECT * from sbtest7 WHERE LENGTH(c) < 0
	Seq Scan on sbtest7  (cost=0.00..484768.32 rows=3341118 width=190)
	  Filter: (length(c) < 0)

table 8 : explain SELECT * from sbtest8 WHERE LENGTH(c) < 0
	Seq Scan on sbtest8  (cost=0.00..458582.73 rows=3333816 width=190)
	  Filter: (length(c) < 0)

for scan
table 1 : explain SELECT * from sbtest1 WHERE LENGTH(c) < 0
	Seq Scan on sbtest1  (cost=0.00..463624.48 rows=3334300 width=190)
	  Filter: (length(c) < 0)

table 2 : explain SELECT * from sbtest2 WHERE LENGTH(c) < 0
	Seq Scan on sbtest2  (cost=0.00..458847.21 rows=3331138 width=190)
	  Filter: (length(c) < 0)

table 3 : explain SELECT * from sbtest3 WHERE LENGTH(c) < 0
	Seq Scan on sbtest3  (cost=0.00..482446.52 rows=3327034 width=190)
	  Filter: (length(c) < 0)

table 4 : explain SELECT * from sbtest4 WHERE LENGTH(c) < 0
	Seq Scan on sbtest4  (cost=0.00..478154.32 rows=3338007 width=190)
	  Filter: (length(c) < 0)

table 5 : explain SELECT * from sbtest5 WHERE LENGTH(c) < 0
	Seq Scan on sbtest5  (cost=0.00..460887.84 rows=3335152 width=190)
	  Filter: (length(c) < 0)

table 6 : explain SELECT * from sbtest6 WHERE LENGTH(c) < 0
	Seq Scan on sbtest6  (cost=0.00..466618.03 rows=3331067 width=190)
	  Filter: (length(c) < 0)

table 7 : explain SELECT * from sbtest7 WHERE LENGTH(c) < 0
	Seq Scan on sbtest7  (cost=0.00..484768.32 rows=3341118 width=190)
	  Filter: (length(c) < 0)

table 8 : explain SELECT * from sbtest8 WHERE LENGTH(c) < 0
	Seq Scan on sbtest8  (cost=0.00..458582.73 rows=3333816 width=190)
	  Filter: (length(c) < 0)

for scan
table 1 : explain SELECT * from sbtest1 WHERE LENGTH(c) < 0
	Seq Scan on sbtest1  (cost=0.00..463624.48 rows=3334300 width=190)
	  Filter: (length(c) < 0)

table 2 : explain SELECT * from sbtest2 WHERE LENGTH(c) < 0
	Seq Scan on sbtest2  (cost=0.00..458847.21 rows=3331138 width=190)
	  Filter: (length(c) < 0)

table 3 : explain SELECT * from sbtest3 WHERE LENGTH(c) < 0
	Seq Scan on sbtest3  (cost=0.00..482446.52 rows=3327034 width=190)
	  Filter: (length(c) < 0)

table 4 : explain SELECT * from sbtest4 WHERE LENGTH(c) < 0
	Seq Scan on sbtest4  (cost=0.00..478154.32 rows=3338007 width=190)
	  Filter: (length(c) < 0)

table 5 : explain SELECT * from sbtest5 WHERE LENGTH(c) < 0
	Seq Scan on sbtest5  (cost=0.00..460887.84 rows=3335152 width=190)
	  Filter: (length(c) < 0)

table 6 : explain SELECT * from sbtest6 WHERE LENGTH(c) < 0
	Seq Scan on sbtest6  (cost=0.00..466618.03 rows=3331067 width=190)
	  Filter: (length(c) < 0)

table 7 : explain SELECT * from sbtest7 WHERE LENGTH(c) < 0
	Seq Scan on sbtest7  (cost=0.00..484768.32 rows=3341118 width=190)
	  Filter: (length(c) < 0)

table 8 : explain SELECT * from sbtest8 WHERE LENGTH(c) < 0
	Seq Scan on sbtest8  (cost=0.00..458582.73 rows=3333816 width=190)
	  Filter: (length(c) < 0)

for scan
table 1 : explain SELECT * from sbtest1 WHERE LENGTH(c) < 0
	Seq Scan on sbtest1  (cost=0.00..463624.48 rows=3334300 width=190)
	  Filter: (length(c) < 0)

table 2 : explain SELECT * from sbtest2 WHERE LENGTH(c) < 0
	Seq Scan on sbtest2  (cost=0.00..458847.21 rows=3331138 width=190)
	  Filter: (length(c) < 0)

table 3 : explain SELECT * from sbtest3 WHERE LENGTH(c) < 0
	Seq Scan on sbtest3  (cost=0.00..482446.52 rows=3327034 width=190)
	  Filter: (length(c) < 0)

table 4 : explain SELECT * from sbtest4 WHERE LENGTH(c) < 0
	Seq Scan on sbtest4  (cost=0.00..478154.32 rows=3338007 width=190)
	  Filter: (length(c) < 0)

table 5 : explain SELECT * from sbtest5 WHERE LENGTH(c) < 0
	Seq Scan on sbtest5  (cost=0.00..460887.84 rows=3335152 width=190)
	  Filter: (length(c) < 0)

table 6 : explain SELECT * from sbtest6 WHERE LENGTH(c) < 0
	Seq Scan on sbtest6  (cost=0.00..466618.03 rows=3331067 width=190)
	  Filter: (length(c) < 0)

table 7 : explain SELECT * from sbtest7 WHERE LENGTH(c) < 0
	Seq Scan on sbtest7  (cost=0.00..484768.32 rows=3341118 width=190)
	  Filter: (length(c) < 0)

table 8 : explain SELECT * from sbtest8 WHERE LENGTH(c) < 0
	Seq Scan on sbtest8  (cost=0.00..458582.73 rows=3333816 width=190)
	  Filter: (length(c) < 0)

for scan
table 1 : explain SELECT * from sbtest1 WHERE LENGTH(c) < 0
	Seq Scan on sbtest1  (cost=0.00..463624.48 rows=3334300 width=190)
	  Filter: (length(c) < 0)

table 2 : explain SELECT * from sbtest2 WHERE LENGTH(c) < 0
	Seq Scan on sbtest2  (cost=0.00..458847.21 rows=3331138 width=190)
	  Filter: (length(c) < 0)

table 3 : explain SELECT * from sbtest3 WHERE LENGTH(c) < 0
	Seq Scan on sbtest3  (cost=0.00..482446.52 rows=3327034 width=190)
	  Filter: (length(c) < 0)

table 4 : explain SELECT * from sbtest4 WHERE LENGTH(c) < 0
	Seq Scan on sbtest4  (cost=0.00..478154.32 rows=3338007 width=190)
	  Filter: (length(c) < 0)

table 5 : explain SELECT * from sbtest5 WHERE LENGTH(c) < 0
	Seq Scan on sbtest5  (cost=0.00..460887.84 rows=3335152 width=190)
	  Filter: (length(c) < 0)

table 6 : explain SELECT * from sbtest6 WHERE LENGTH(c) < 0
	Seq Scan on sbtest6  (cost=0.00..466618.03 rows=3331067 width=190)
	  Filter: (length(c) < 0)

table 7 : explain SELECT * from sbtest7 WHERE LENGTH(c) < 0
	Seq Scan on sbtest7  (cost=0.00..484768.32 rows=3341118 width=190)
	  Filter: (length(c) < 0)

table 8 : explain SELECT * from sbtest8 WHERE LENGTH(c) < 0
	Seq Scan on sbtest8  (cost=0.00..458582.73 rows=3333816 width=190)
	  Filter: (length(c) < 0)

for scan
table 1 : explain SELECT * from sbtest1 WHERE LENGTH(c) < 0
	Seq Scan on sbtest1  (cost=0.00..463624.48 rows=3334300 width=190)
	  Filter: (length(c) < 0)

table 2 : explain SELECT * from sbtest2 WHERE LENGTH(c) < 0
	Seq Scan on sbtest2  (cost=0.00..458847.21 rows=3331138 width=190)
	  Filter: (length(c) < 0)

table 3 : explain SELECT * from sbtest3 WHERE LENGTH(c) < 0
	Seq Scan on sbtest3  (cost=0.00..482446.52 rows=3327034 width=190)
	  Filter: (length(c) < 0)

table 4 : explain SELECT * from sbtest4 WHERE LENGTH(c) < 0
	Seq Scan on sbtest4  (cost=0.00..478154.32 rows=3338007 width=190)
	  Filter: (length(c) < 0)

table 5 : explain SELECT * from sbtest5 WHERE LENGTH(c) < 0
	Seq Scan on sbtest5  (cost=0.00..460887.84 rows=3335152 width=190)
	  Filter: (length(c) < 0)

table 6 : explain SELECT * from sbtest6 WHERE LENGTH(c) < 0
	Seq Scan on sbtest6  (cost=0.00..466618.03 rows=3331067 width=190)
	  Filter: (length(c) < 0)

table 7 : explain SELECT * from sbtest7 WHERE LENGTH(c) < 0
	Seq Scan on sbtest7  (cost=0.00..484768.32 rows=3341118 width=190)
	  Filter: (length(c) < 0)

table 8 : explain SELECT * from sbtest8 WHERE LENGTH(c) < 0
	Seq Scan on sbtest8  (cost=0.00..458582.73 rows=3333816 width=190)
	  Filter: (length(c) < 0)

for scan
table 1 : explain SELECT * from sbtest1 WHERE LENGTH(c) < 0
	Seq Scan on sbtest1  (cost=0.00..463624.48 rows=3334300 width=190)
	  Filter: (length(c) < 0)

table 2 : explain SELECT * from sbtest2 WHERE LENGTH(c) < 0
	Seq Scan on sbtest2  (cost=0.00..458847.21 rows=3331138 width=190)
	  Filter: (length(c) < 0)

table 3 : explain SELECT * from sbtest3 WHERE LENGTH(c) < 0
	Seq Scan on sbtest3  (cost=0.00..482446.52 rows=3327034 width=190)
	  Filter: (length(c) < 0)

table 4 : explain SELECT * from sbtest4 WHERE LENGTH(c) < 0
	Seq Scan on sbtest4  (cost=0.00..478154.32 rows=3338007 width=190)
	  Filter: (length(c) < 0)

table 5 : explain SELECT * from sbtest5 WHERE LENGTH(c) < 0
	Seq Scan on sbtest5  (cost=0.00..460887.84 rows=3335152 width=190)
	  Filter: (length(c) < 0)

table 6 : explain SELECT * from sbtest6 WHERE LENGTH(c) < 0
	Seq Scan on sbtest6  (cost=0.00..466618.03 rows=3331067 width=190)
	  Filter: (length(c) < 0)

table 7 : explain SELECT * from sbtest7 WHERE LENGTH(c) < 0
	Seq Scan on sbtest7  (cost=0.00..484768.32 rows=3341118 width=190)
	  Filter: (length(c) < 0)

table 8 : explain SELECT * from sbtest8 WHERE LENGTH(c) < 0
	Seq Scan on sbtest8  (cost=0.00..458582.73 rows=3333816 width=190)
	  Filter: (length(c) < 0)

for scan
table 1 : explain SELECT * from sbtest1 WHERE LENGTH(c) < 0
	Seq Scan on sbtest1  (cost=0.00..463624.48 rows=3334300 width=190)
	  Filter: (length(c) < 0)

table 2 : explain SELECT * from sbtest2 WHERE LENGTH(c) < 0
	Seq Scan on sbtest2  (cost=0.00..458847.21 rows=3331138 width=190)
	  Filter: (length(c) < 0)

table 3 : explain SELECT * from sbtest3 WHERE LENGTH(c) < 0
	Seq Scan on sbtest3  (cost=0.00..482446.52 rows=3327034 width=190)
	  Filter: (length(c) < 0)

table 4 : explain SELECT * from sbtest4 WHERE LENGTH(c) < 0
	Seq Scan on sbtest4  (cost=0.00..478154.32 rows=3338007 width=190)
	  Filter: (length(c) < 0)

table 5 : explain SELECT * from sbtest5 WHERE LENGTH(c) < 0
	Seq Scan on sbtest5  (cost=0.00..460887.84 rows=3335152 width=190)
	  Filter: (length(c) < 0)

table 6 : explain SELECT * from sbtest6 WHERE LENGTH(c) < 0
	Seq Scan on sbtest6  (cost=0.00..466618.03 rows=3331067 width=190)
	  Filter: (length(c) < 0)

table 7 : explain SELECT * from sbtest7 WHERE LENGTH(c) < 0
	Seq Scan on sbtest7  (cost=0.00..484768.32 rows=3341118 width=190)
	  Filter: (length(c) < 0)

table 8 : explain SELECT * from sbtest8 WHERE LENGTH(c) < 0
	Seq Scan on sbtest8  (cost=0.00..458582.73 rows=3333816 width=190)
	  Filter: (length(c) < 0)

Threads started!

Warming up for 5 seconds...

SQL statistics:
    queries performed:
        read:                            687
        write:                           0
        other:                           0
        total:                           687
    transactions:                        687    (10.81 per sec.)
    queries:                             687    (10.81 per sec.)
    ignored errors:                      0      (0.00 per sec.)
    reconnects:                          0      (0.00 per sec.)

Throughput:
    events/s (eps):                      10.8096
    time elapsed:                        63.5548s
    total number of events:              687

Latency (ms):
         min:                                 3548.20
         avg:                                 3642.64
         max:                                 3699.62
         95th percentile:                     3706.08
         sum:                              2502493.86

Threads fairness:
    events (avg/stddev):           17.1750/0.38
    execution time (avg/stddev):   62.5623/0.97

