LUA_PATH=/home/mdcallag/git/mytools/bench/sysbench.lua/lua/?.lua /home/mdcallag/git/mytools/bench/sysbench.lua/lua/sysbench --db-driver=pgsql --range-size=100 --table-size=10000000 --tables=8 --threads=40 --events=0 --warmup-time=5 --time=630 --pgsql_conn_id=true /home/mdcallag/git/mytools/bench/sysbench.lua/lua/oltp_range_covered.lua run --pgsql-user=root --pgsql-password=pw --pgsql-host=127.0.0.1 --pgsql-db=ib --rand-type=uniform --random-points=100 --skip-trx --on-id=false
48 CPUs
sysbench 1.1.0-9072687 (using bundled LuaJIT 2.1.0-beta3)

Running the test with following options:
Number of threads: 40
Warmup time: 5s
Initializing random number generator from current time


Initializing worker threads...

explain: for range-covered :: explain SELECT k FROM sbtest%d WHERE k BETWEEN 3300854 AND 3300954
explain: for range-covered :: explain SELECT k FROM sbtest%d WHERE k BETWEEN 8608362 AND 8608462
explain: for range-covered :: explain SELECT k FROM sbtest%d WHERE k BETWEEN 5848738 AND 5848838
for range-covered
table 1 : explain SELECT k FROM sbtest1 WHERE k BETWEEN 3300854 AND 3300954
	Index Only Scan using k_1 on sbtest1  (cost=0.43..10.65 rows=111 width=4)
	  Index Cond: ((k >= 3300854) AND (k <= 3300954))

table 2 : explain SELECT k FROM sbtest2 WHERE k BETWEEN 3300854 AND 3300954
	Index Only Scan using k_2 on sbtest2  (cost=0.43..6.69 rows=113 width=4)
	  Index Cond: ((k >= 3300854) AND (k <= 3300954))

table 3 : explain SELECT k FROM sbtest3 WHERE k BETWEEN 3300854 AND 3300954
	Index Only Scan using k_3 on sbtest3  (cost=0.43..10.51 rows=104 width=4)
	  Index Cond: ((k >= 3300854) AND (k <= 3300954))

table 4 : explain SELECT k FROM sbtest4 WHERE k BETWEEN 3300854 AND 3300954
	Index Only Scan using k_4 on sbtest4  (cost=0.43..10.29 rows=93 width=4)
	  Index Cond: ((k >= 3300854) AND (k <= 3300954))

table 5 : explain SELECT k FROM sbtest5 WHERE k BETWEEN 3300854 AND 3300954
	Index Only Scan using k_5 on sbtest5  (cost=0.43..10.46 rows=101 width=4)
	  Index Cond: ((k >= 3300854) AND (k <= 3300954))

table 6 : explain SELECT k FROM sbtest6 WHERE k BETWEEN 3300854 AND 3300954
	Index Only Scan using k_6 on sbtest6  (cost=0.43..6.51 rows=104 width=4)
	  Index Cond: ((k >= 3300854) AND (k <= 3300954))

table 7 : explain SELECT k FROM sbtest7 WHERE k BETWEEN 3300854 AND 3300954
	Index Only Scan using k_7 on sbtest7  (cost=0.43..10.44 rows=100 width=4)
	  Index Cond: ((k >= 3300854) AND (k <= 3300954))

table 8 : explain SELECT k FROM sbtest8 WHERE k BETWEEN 3300854 AND 3300954
	Index Only Scan using k_8 on sbtest8  (cost=0.43..6.40 rows=98 width=4)
	  Index Cond: ((k >= 3300854) AND (k <= 3300954))

explain: for range-covered :: explain SELECT k FROM sbtest%d WHERE k BETWEEN 3300854 AND 3300954
for range-covered
table 1 : explain SELECT k FROM sbtest1 WHERE k BETWEEN 3300854 AND 3300954
	Index Only Scan using k_1 on sbtest1  (cost=0.43..10.65 rows=111 width=4)
	  Index Cond: ((k >= 3300854) AND (k <= 3300954))

table 2 : explain SELECT k FROM sbtest2 WHERE k BETWEEN 3300854 AND 3300954
	Index Only Scan using k_2 on sbtest2  (cost=0.43..6.69 rows=113 width=4)
	  Index Cond: ((k >= 3300854) AND (k <= 3300954))

table 3 : explain SELECT k FROM sbtest3 WHERE k BETWEEN 3300854 AND 3300954
	Index Only Scan using k_3 on sbtest3  (cost=0.43..10.51 rows=104 width=4)
	  Index Cond: ((k >= 3300854) AND (k <= 3300954))

table 4 : explain SELECT k FROM sbtest4 WHERE k BETWEEN 3300854 AND 3300954
	Index Only Scan using k_4 on sbtest4  (cost=0.43..10.29 rows=93 width=4)
	  Index Cond: ((k >= 3300854) AND (k <= 3300954))

table 5 : explain SELECT k FROM sbtest5 WHERE k BETWEEN 3300854 AND 3300954
	Index Only Scan using k_5 on sbtest5  (cost=0.43..10.46 rows=101 width=4)
	  Index Cond: ((k >= 3300854) AND (k <= 3300954))

table 6 : explain SELECT k FROM sbtest6 WHERE k BETWEEN 3300854 AND 3300954
	Index Only Scan using k_6 on sbtest6  (cost=0.43..6.51 rows=104 width=4)
	  Index Cond: ((k >= 3300854) AND (k <= 3300954))

table 7 : explain SELECT k FROM sbtest7 WHERE k BETWEEN 3300854 AND 3300954
	Index Only Scan using k_7 on sbtest7  (cost=0.43..10.44 rows=100 width=4)
	  Index Cond: ((k >= 3300854) AND (k <= 3300954))

table 8 : explain SELECT k FROM sbtest8 WHERE k BETWEEN 3300854 AND 3300954
	Index Only Scan using k_8 on sbtest8  (cost=0.43..6.40 rows=98 width=4)
	  Index Cond: ((k >= 3300854) AND (k <= 3300954))

for range-covered
table 1 : explain SELECT k FROM sbtest1 WHERE k BETWEEN 8608362 AND 8608462
	Index Only Scan using k_1 on sbtest1  (cost=0.43..10.54 rows=105 width=4)
	  Index Cond: ((k >= 8608362) AND (k <= 8608462))

table 2 : explain SELECT k FROM sbtest2 WHERE k BETWEEN 8608362 AND 8608462
	Index Only Scan using k_2 on sbtest2  (cost=0.43..6.32 rows=94 width=4)
	  Index Cond: ((k >= 8608362) AND (k <= 8608462))

table 3 : explain SELECT k FROM sbtest3 WHERE k BETWEEN 8608362 AND 8608462
	Index Only Scan using k_3 on sbtest3  (cost=0.43..10.78 rows=117 width=4)
	  Index Cond: ((k >= 8608362) AND (k <= 8608462))

table 4 : explain SELECT k FROM sbtest4 WHERE k BETWEEN 8608362 AND 8608462
	Index Only Scan using k_4 on sbtest4  (cost=0.43..10.65 rows=111 width=4)
	  Index Cond: ((k >= 8608362) AND (k <= 8608462))

table 5 : explain SELECT k FROM sbtest5 WHERE k BETWEEN 8608362 AND 8608462
	Index Only Scan using k_5 on sbtest5  (cost=0.43..10.40 rows=98 width=4)
	  Index Cond: ((k >= 8608362) AND (k <= 8608462))

table 6 : explain SELECT k FROM sbtest6 WHERE k BETWEEN 8608362 AND 8608462
	Index Only Scan using k_6 on sbtest6  (cost=0.43..6.59 rows=108 width=4)
	  Index Cond: ((k >= 8608362) AND (k <= 8608462))

table 7 : explain SELECT k FROM sbtest7 WHERE k BETWEEN 8608362 AND 8608462
	Index Only Scan using k_7 on sbtest7  (cost=0.43..10.60 rows=108 width=4)
	  Index Cond: ((k >= 8608362) AND (k <= 8608462))

table 8 : explain SELECT k FROM sbtest8 WHERE k BETWEEN 8608362 AND 8608462
	Index Only Scan using k_8 on sbtest8  (cost=0.43..6.51 rows=104 width=4)
	  Index Cond: ((k >= 8608362) AND (k <= 8608462))

explain: for range-covered :: explain SELECT k FROM sbtest%d WHERE k BETWEEN 8608362 AND 8608462
explain: for range-covered :: explain SELECT k FROM sbtest%d WHERE k BETWEEN 3300854 AND 3300954
explain: for range-covered :: explain SELECT k FROM sbtest%d WHERE k BETWEEN 4242653 AND 4242753
for range-covered
table 1 : explain SELECT k FROM sbtest1 WHERE k BETWEEN 3300854 AND 3300954
	Index Only Scan using k_1 on sbtest1  (cost=0.43..10.65 rows=111 width=4)
	  Index Cond: ((k >= 3300854) AND (k <= 3300954))

table 2 : explain SELECT k FROM sbtest2 WHERE k BETWEEN 3300854 AND 3300954
	Index Only Scan using k_2 on sbtest2  (cost=0.43..6.69 rows=113 width=4)
	  Index Cond: ((k >= 3300854) AND (k <= 3300954))

table 3 : explain SELECT k FROM sbtest3 WHERE k BETWEEN 3300854 AND 3300954
	Index Only Scan using k_3 on sbtest3  (cost=0.43..10.51 rows=104 width=4)
	  Index Cond: ((k >= 3300854) AND (k <= 3300954))

table 4 : explain SELECT k FROM sbtest4 WHERE k BETWEEN 3300854 AND 3300954
	Index Only Scan using k_4 on sbtest4  (cost=0.43..10.29 rows=93 width=4)
	  Index Cond: ((k >= 3300854) AND (k <= 3300954))

table 5 : explain SELECT k FROM sbtest5 WHERE k BETWEEN 3300854 AND 3300954
	Index Only Scan using k_5 on sbtest5  (cost=0.43..10.46 rows=101 width=4)
	  Index Cond: ((k >= 3300854) AND (k <= 3300954))

table 6 : explain SELECT k FROM sbtest6 WHERE k BETWEEN 3300854 AND 3300954
	Index Only Scan using k_6 on sbtest6  (cost=0.43..6.51 rows=104 width=4)
	  Index Cond: ((k >= 3300854) AND (k <= 3300954))

table 7 : explain SELECT k FROM sbtest7 WHERE k BETWEEN 3300854 AND 3300954
	Index Only Scan using k_7 on sbtest7  (cost=0.43..10.44 rows=100 width=4)
	  Index Cond: ((k >= 3300854) AND (k <= 3300954))

table 8 : explain SELECT k FROM sbtest8 WHERE k BETWEEN 3300854 AND 3300954
	Index Only Scan using k_8 on sbtest8  (cost=0.43..6.40 rows=98 width=4)
	  Index Cond: ((k >= 3300854) AND (k <= 3300954))

for range-covered
table 1 : explain SELECT k FROM sbtest1 WHERE k BETWEEN 8608362 AND 8608462
	Index Only Scan using k_1 on sbtest1  (cost=0.43..10.54 rows=105 width=4)
	  Index Cond: ((k >= 8608362) AND (k <= 8608462))

table 2 : explain SELECT k FROM sbtest2 WHERE k BETWEEN 8608362 AND 8608462
	Index Only Scan using k_2 on sbtest2  (cost=0.43..6.32 rows=94 width=4)
	  Index Cond: ((k >= 8608362) AND (k <= 8608462))

table 3 : explain SELECT k FROM sbtest3 WHERE k BETWEEN 8608362 AND 8608462
	Index Only Scan using k_3 on sbtest3  (cost=0.43..10.78 rows=117 width=4)
	  Index Cond: ((k >= 8608362) AND (k <= 8608462))

table 4 : explain SELECT k FROM sbtest4 WHERE k BETWEEN 8608362 AND 8608462
	Index Only Scan using k_4 on sbtest4  (cost=0.43..10.65 rows=111 width=4)
	  Index Cond: ((k >= 8608362) AND (k <= 8608462))

table 5 : explain SELECT k FROM sbtest5 WHERE k BETWEEN 8608362 AND 8608462
	Index Only Scan using k_5 on sbtest5  (cost=0.43..10.40 rows=98 width=4)
	  Index Cond: ((k >= 8608362) AND (k <= 8608462))

table 6 : explain SELECT k FROM sbtest6 WHERE k BETWEEN 8608362 AND 8608462
	Index Only Scan using k_6 on sbtest6  (cost=0.43..6.59 rows=108 width=4)
	  Index Cond: ((k >= 8608362) AND (k <= 8608462))

table 7 : explain SELECT k FROM sbtest7 WHERE k BETWEEN 8608362 AND 8608462
	Index Only Scan using k_7 on sbtest7  (cost=0.43..10.60 rows=108 width=4)
	  Index Cond: ((k >= 8608362) AND (k <= 8608462))

table 8 : explain SELECT k FROM sbtest8 WHERE k BETWEEN 8608362 AND 8608462
	Index Only Scan using k_8 on sbtest8  (cost=0.43..6.51 rows=104 width=4)
	  Index Cond: ((k >= 8608362) AND (k <= 8608462))

explain: for range-covered :: explain SELECT k FROM sbtest%d WHERE k BETWEEN 3300854 AND 3300954
explain: for range-covered :: explain SELECT k FROM sbtest%d WHERE k BETWEEN 8608362 AND 8608462
for range-covered
table 1 : explain SELECT k FROM sbtest1 WHERE k BETWEEN 8608362 AND 8608462
	Index Only Scan using k_1 on sbtest1  (cost=0.43..10.54 rows=105 width=4)
	  Index Cond: ((k >= 8608362) AND (k <= 8608462))

table 2 : explain SELECT k FROM sbtest2 WHERE k BETWEEN 8608362 AND 8608462
	Index Only Scan using k_2 on sbtest2  (cost=0.43..6.32 rows=94 width=4)
	  Index Cond: ((k >= 8608362) AND (k <= 8608462))

table 3 : explain SELECT k FROM sbtest3 WHERE k BETWEEN 8608362 AND 8608462
	Index Only Scan using k_3 on sbtest3  (cost=0.43..10.78 rows=117 width=4)
	  Index Cond: ((k >= 8608362) AND (k <= 8608462))

table 4 : explain SELECT k FROM sbtest4 WHERE k BETWEEN 8608362 AND 8608462
	Index Only Scan using k_4 on sbtest4  (cost=0.43..10.65 rows=111 width=4)
	  Index Cond: ((k >= 8608362) AND (k <= 8608462))

table 5 : explain SELECT k FROM sbtest5 WHERE k BETWEEN 8608362 AND 8608462
	Index Only Scan using k_5 on sbtest5  (cost=0.43..10.40 rows=98 width=4)
	  Index Cond: ((k >= 8608362) AND (k <= 8608462))

table 6 : explain SELECT k FROM sbtest6 WHERE k BETWEEN 8608362 AND 8608462
	Index Only Scan using k_6 on sbtest6  (cost=0.43..6.59 rows=108 width=4)
	  Index Cond: ((k >= 8608362) AND (k <= 8608462))

table 7 : explain SELECT k FROM sbtest7 WHERE k BETWEEN 8608362 AND 8608462
	Index Only Scan using k_7 on sbtest7  (cost=0.43..10.60 rows=108 width=4)
	  Index Cond: ((k >= 8608362) AND (k <= 8608462))

table 8 : explain SELECT k FROM sbtest8 WHERE k BETWEEN 8608362 AND 8608462
	Index Only Scan using k_8 on sbtest8  (cost=0.43..6.51 rows=104 width=4)
	  Index Cond: ((k >= 8608362) AND (k <= 8608462))

for range-covered
table 1 : explain SELECT k FROM sbtest1 WHERE k BETWEEN 3300854 AND 3300954
	Index Only Scan using k_1 on sbtest1  (cost=0.43..10.65 rows=111 width=4)
	  Index Cond: ((k >= 3300854) AND (k <= 3300954))

table 2 : explain SELECT k FROM sbtest2 WHERE k BETWEEN 3300854 AND 3300954
	Index Only Scan using k_2 on sbtest2  (cost=0.43..6.69 rows=113 width=4)
	  Index Cond: ((k >= 3300854) AND (k <= 3300954))

table 3 : explain SELECT k FROM sbtest3 WHERE k BETWEEN 3300854 AND 3300954
	Index Only Scan using k_3 on sbtest3  (cost=0.43..10.51 rows=104 width=4)
	  Index Cond: ((k >= 3300854) AND (k <= 3300954))

table 4 : explain SELECT k FROM sbtest4 WHERE k BETWEEN 3300854 AND 3300954
	Index Only Scan using k_4 on sbtest4  (cost=0.43..10.29 rows=93 width=4)
	  Index Cond: ((k >= 3300854) AND (k <= 3300954))

table 5 : explain SELECT k FROM sbtest5 WHERE k BETWEEN 3300854 AND 3300954
	Index Only Scan using k_5 on sbtest5  (cost=0.43..10.46 rows=101 width=4)
	  Index Cond: ((k >= 3300854) AND (k <= 3300954))

table 6 : explain SELECT k FROM sbtest6 WHERE k BETWEEN 3300854 AND 3300954
	Index Only Scan using k_6 on sbtest6  (cost=0.43..6.51 rows=104 width=4)
	  Index Cond: ((k >= 3300854) AND (k <= 3300954))

table 7 : explain SELECT k FROM sbtest7 WHERE k BETWEEN 3300854 AND 3300954
	Index Only Scan using k_7 on sbtest7  (cost=0.43..10.44 rows=100 width=4)
	  Index Cond: ((k >= 3300854) AND (k <= 3300954))

table 8 : explain SELECT k FROM sbtest8 WHERE k BETWEEN 3300854 AND 3300954
	Index Only Scan using k_8 on sbtest8  (cost=0.43..6.40 rows=98 width=4)
	  Index Cond: ((k >= 3300854) AND (k <= 3300954))

explain: for range-covered :: explain SELECT k FROM sbtest%d WHERE k BETWEEN 8608362 AND 8608462
explain: for range-covered :: explain SELECT k FROM sbtest%d WHERE k BETWEEN 3300854 AND 3300954
for range-covered
table 1 : explain SELECT k FROM sbtest1 WHERE k BETWEEN 8608362 AND 8608462
	Index Only Scan using k_1 on sbtest1  (cost=0.43..10.54 rows=105 width=4)
	  Index Cond: ((k >= 8608362) AND (k <= 8608462))

table 2 : explain SELECT k FROM sbtest2 WHERE k BETWEEN 8608362 AND 8608462
	Index Only Scan using k_2 on sbtest2  (cost=0.43..6.32 rows=94 width=4)
	  Index Cond: ((k >= 8608362) AND (k <= 8608462))

table 3 : explain SELECT k FROM sbtest3 WHERE k BETWEEN 8608362 AND 8608462
	Index Only Scan using k_3 on sbtest3  (cost=0.43..10.78 rows=117 width=4)
	  Index Cond: ((k >= 8608362) AND (k <= 8608462))

table 4 : explain SELECT k FROM sbtest4 WHERE k BETWEEN 8608362 AND 8608462
	Index Only Scan using k_4 on sbtest4  (cost=0.43..10.65 rows=111 width=4)
	  Index Cond: ((k >= 8608362) AND (k <= 8608462))

table 5 : explain SELECT k FROM sbtest5 WHERE k BETWEEN 8608362 AND 8608462
	Index Only Scan using k_5 on sbtest5  (cost=0.43..10.40 rows=98 width=4)
	  Index Cond: ((k >= 8608362) AND (k <= 8608462))

table 6 : explain SELECT k FROM sbtest6 WHERE k BETWEEN 8608362 AND 8608462
	Index Only Scan using k_6 on sbtest6  (cost=0.43..6.59 rows=108 width=4)
	  Index Cond: ((k >= 8608362) AND (k <= 8608462))

table 7 : explain SELECT k FROM sbtest7 WHERE k BETWEEN 8608362 AND 8608462
	Index Only Scan using k_7 on sbtest7  (cost=0.43..10.60 rows=108 width=4)
	  Index Cond: ((k >= 8608362) AND (k <= 8608462))

table 8 : explain SELECT k FROM sbtest8 WHERE k BETWEEN 8608362 AND 8608462
	Index Only Scan using k_8 on sbtest8  (cost=0.43..6.51 rows=104 width=4)
	  Index Cond: ((k >= 8608362) AND (k <= 8608462))

explain: for range-covered :: explain SELECT k FROM sbtest%d WHERE k BETWEEN 8608362 AND 8608462
explain: for range-covered :: explain SELECT k FROM sbtest%d WHERE k BETWEEN 7876086 AND 7876186
for range-covered
table 1 : explain SELECT k FROM sbtest1 WHERE k BETWEEN 8608362 AND 8608462
	Index Only Scan using k_1 on sbtest1  (cost=0.43..10.54 rows=105 width=4)
	  Index Cond: ((k >= 8608362) AND (k <= 8608462))

table 2 : explain SELECT k FROM sbtest2 WHERE k BETWEEN 8608362 AND 8608462
	Index Only Scan using k_2 on sbtest2  (cost=0.43..6.32 rows=94 width=4)
	  Index Cond: ((k >= 8608362) AND (k <= 8608462))

table 3 : explain SELECT k FROM sbtest3 WHERE k BETWEEN 8608362 AND 8608462
	Index Only Scan using k_3 on sbtest3  (cost=0.43..10.78 rows=117 width=4)
	  Index Cond: ((k >= 8608362) AND (k <= 8608462))

table 4 : explain SELECT k FROM sbtest4 WHERE k BETWEEN 8608362 AND 8608462
	Index Only Scan using k_4 on sbtest4  (cost=0.43..10.65 rows=111 width=4)
	  Index Cond: ((k >= 8608362) AND (k <= 8608462))

table 5 : explain SELECT k FROM sbtest5 WHERE k BETWEEN 8608362 AND 8608462
	Index Only Scan using k_5 on sbtest5  (cost=0.43..10.40 rows=98 width=4)
	  Index Cond: ((k >= 8608362) AND (k <= 8608462))

table 6 : explain SELECT k FROM sbtest6 WHERE k BETWEEN 8608362 AND 8608462
	Index Only Scan using k_6 on sbtest6  (cost=0.43..6.59 rows=108 width=4)
	  Index Cond: ((k >= 8608362) AND (k <= 8608462))

table 7 : explain SELECT k FROM sbtest7 WHERE k BETWEEN 8608362 AND 8608462
	Index Only Scan using k_7 on sbtest7  (cost=0.43..10.60 rows=108 width=4)
	  Index Cond: ((k >= 8608362) AND (k <= 8608462))

table 8 : explain SELECT k FROM sbtest8 WHERE k BETWEEN 8608362 AND 8608462
	Index Only Scan using k_8 on sbtest8  (cost=0.43..6.51 rows=104 width=4)
	  Index Cond: ((k >= 8608362) AND (k <= 8608462))

explain: for range-covered :: explain SELECT k FROM sbtest%d WHERE k BETWEEN 8608362 AND 8608462
for range-covered
table 1 : explain SELECT k FROM sbtest1 WHERE k BETWEEN 8608362 AND 8608462
	Index Only Scan using k_1 on sbtest1  (cost=0.43..10.54 rows=105 width=4)
	  Index Cond: ((k >= 8608362) AND (k <= 8608462))

table 2 : explain SELECT k FROM sbtest2 WHERE k BETWEEN 8608362 AND 8608462
	Index Only Scan using k_2 on sbtest2  (cost=0.43..6.32 rows=94 width=4)
	  Index Cond: ((k >= 8608362) AND (k <= 8608462))

table 3 : explain SELECT k FROM sbtest3 WHERE k BETWEEN 8608362 AND 8608462
	Index Only Scan using k_3 on sbtest3  (cost=0.43..10.78 rows=117 width=4)
	  Index Cond: ((k >= 8608362) AND (k <= 8608462))

table 4 : explain SELECT k FROM sbtest4 WHERE k BETWEEN 8608362 AND 8608462
	Index Only Scan using k_4 on sbtest4  (cost=0.43..10.65 rows=111 width=4)
	  Index Cond: ((k >= 8608362) AND (k <= 8608462))

table 5 : explain SELECT k FROM sbtest5 WHERE k BETWEEN 8608362 AND 8608462
	Index Only Scan using k_5 on sbtest5  (cost=0.43..10.40 rows=98 width=4)
	  Index Cond: ((k >= 8608362) AND (k <= 8608462))

table 6 : explain SELECT k FROM sbtest6 WHERE k BETWEEN 8608362 AND 8608462
	Index Only Scan using k_6 on sbtest6  (cost=0.43..6.59 rows=108 width=4)
	  Index Cond: ((k >= 8608362) AND (k <= 8608462))

table 7 : explain SELECT k FROM sbtest7 WHERE k BETWEEN 8608362 AND 8608462
	Index Only Scan using k_7 on sbtest7  (cost=0.43..10.60 rows=108 width=4)
	  Index Cond: ((k >= 8608362) AND (k <= 8608462))

table 8 : explain SELECT k FROM sbtest8 WHERE k BETWEEN 8608362 AND 8608462
	Index Only Scan using k_8 on sbtest8  (cost=0.43..6.51 rows=104 width=4)
	  Index Cond: ((k >= 8608362) AND (k <= 8608462))

explain: for range-covered :: explain SELECT k FROM sbtest%d WHERE k BETWEEN 8608362 AND 8608462
explain: for range-covered :: explain SELECT k FROM sbtest%d WHERE k BETWEEN 2994434 AND 2994534
for range-covered
table 1 : explain SELECT k FROM sbtest1 WHERE k BETWEEN 8608362 AND 8608462
	Index Only Scan using k_1 on sbtest1  (cost=0.43..10.54 rows=105 width=4)
	  Index Cond: ((k >= 8608362) AND (k <= 8608462))

table 2 : explain SELECT k FROM sbtest2 WHERE k BETWEEN 8608362 AND 8608462
	Index Only Scan using k_2 on sbtest2  (cost=0.43..6.32 rows=94 width=4)
	  Index Cond: ((k >= 8608362) AND (k <= 8608462))

table 3 : explain SELECT k FROM sbtest3 WHERE k BETWEEN 8608362 AND 8608462
	Index Only Scan using k_3 on sbtest3  (cost=0.43..10.78 rows=117 width=4)
	  Index Cond: ((k >= 8608362) AND (k <= 8608462))

table 4 : explain SELECT k FROM sbtest4 WHERE k BETWEEN 8608362 AND 8608462
	Index Only Scan using k_4 on sbtest4  (cost=0.43..10.65 rows=111 width=4)
	  Index Cond: ((k >= 8608362) AND (k <= 8608462))

table 5 : explain SELECT k FROM sbtest5 WHERE k BETWEEN 8608362 AND 8608462
	Index Only Scan using k_5 on sbtest5  (cost=0.43..10.40 rows=98 width=4)
	  Index Cond: ((k >= 8608362) AND (k <= 8608462))

table 6 : explain SELECT k FROM sbtest6 WHERE k BETWEEN 8608362 AND 8608462
	Index Only Scan using k_6 on sbtest6  (cost=0.43..6.59 rows=108 width=4)
	  Index Cond: ((k >= 8608362) AND (k <= 8608462))

table 7 : explain SELECT k FROM sbtest7 WHERE k BETWEEN 8608362 AND 8608462
	Index Only Scan using k_7 on sbtest7  (cost=0.43..10.60 rows=108 width=4)
	  Index Cond: ((k >= 8608362) AND (k <= 8608462))

table 8 : explain SELECT k FROM sbtest8 WHERE k BETWEEN 8608362 AND 8608462
	Index Only Scan using k_8 on sbtest8  (cost=0.43..6.51 rows=104 width=4)
	  Index Cond: ((k >= 8608362) AND (k <= 8608462))

explain: for range-covered :: explain SELECT k FROM sbtest%d WHERE k BETWEEN 8608362 AND 8608462
for range-covered
table 1 : explain SELECT k FROM sbtest1 WHERE k BETWEEN 3300854 AND 3300954
	Index Only Scan using k_1 on sbtest1  (cost=0.43..10.65 rows=111 width=4)
	  Index Cond: ((k >= 3300854) AND (k <= 3300954))

table 2 : explain SELECT k FROM sbtest2 WHERE k BETWEEN 3300854 AND 3300954
	Index Only Scan using k_2 on sbtest2  (cost=0.43..6.69 rows=113 width=4)
	  Index Cond: ((k >= 3300854) AND (k <= 3300954))

table 3 : explain SELECT k FROM sbtest3 WHERE k BETWEEN 3300854 AND 3300954
	Index Only Scan using k_3 on sbtest3  (cost=0.43..10.51 rows=104 width=4)
	  Index Cond: ((k >= 3300854) AND (k <= 3300954))

table 4 : explain SELECT k FROM sbtest4 WHERE k BETWEEN 3300854 AND 3300954
	Index Only Scan using k_4 on sbtest4  (cost=0.43..10.29 rows=93 width=4)
	  Index Cond: ((k >= 3300854) AND (k <= 3300954))

table 5 : explain SELECT k FROM sbtest5 WHERE k BETWEEN 3300854 AND 3300954
	Index Only Scan using k_5 on sbtest5  (cost=0.43..10.46 rows=101 width=4)
	  Index Cond: ((k >= 3300854) AND (k <= 3300954))

table 6 : explain SELECT k FROM sbtest6 WHERE k BETWEEN 3300854 AND 3300954
	Index Only Scan using k_6 on sbtest6  (cost=0.43..6.51 rows=104 width=4)
	  Index Cond: ((k >= 3300854) AND (k <= 3300954))

table 7 : explain SELECT k FROM sbtest7 WHERE k BETWEEN 3300854 AND 3300954
	Index Only Scan using k_7 on sbtest7  (cost=0.43..10.44 rows=100 width=4)
	  Index Cond: ((k >= 3300854) AND (k <= 3300954))

table 8 : explain SELECT k FROM sbtest8 WHERE k BETWEEN 3300854 AND 3300954
	Index Only Scan using k_8 on sbtest8  (cost=0.43..6.40 rows=98 width=4)
	  Index Cond: ((k >= 3300854) AND (k <= 3300954))

explain: for range-covered :: explain SELECT k FROM sbtest%d WHERE k BETWEEN 3300854 AND 3300954
for range-covered
table 1 : explain SELECT k FROM sbtest1 WHERE k BETWEEN 3300854 AND 3300954
	Index Only Scan using k_1 on sbtest1  (cost=0.43..10.65 rows=111 width=4)
	  Index Cond: ((k >= 3300854) AND (k <= 3300954))

table 2 : explain SELECT k FROM sbtest2 WHERE k BETWEEN 3300854 AND 3300954
	Index Only Scan using k_2 on sbtest2  (cost=0.43..6.69 rows=113 width=4)
	  Index Cond: ((k >= 3300854) AND (k <= 3300954))

table 3 : explain SELECT k FROM sbtest3 WHERE k BETWEEN 3300854 AND 3300954
	Index Only Scan using k_3 on sbtest3  (cost=0.43..10.51 rows=104 width=4)
	  Index Cond: ((k >= 3300854) AND (k <= 3300954))

table 4 : explain SELECT k FROM sbtest4 WHERE k BETWEEN 3300854 AND 3300954
	Index Only Scan using k_4 on sbtest4  (cost=0.43..10.29 rows=93 width=4)
	  Index Cond: ((k >= 3300854) AND (k <= 3300954))

table 5 : explain SELECT k FROM sbtest5 WHERE k BETWEEN 3300854 AND 3300954
	Index Only Scan using k_5 on sbtest5  (cost=0.43..10.46 rows=101 width=4)
	  Index Cond: ((k >= 3300854) AND (k <= 3300954))

table 6 : explain SELECT k FROM sbtest6 WHERE k BETWEEN 3300854 AND 3300954
	Index Only Scan using k_6 on sbtest6  (cost=0.43..6.51 rows=104 width=4)
	  Index Cond: ((k >= 3300854) AND (k <= 3300954))

table 7 : explain SELECT k FROM sbtest7 WHERE k BETWEEN 3300854 AND 3300954
	Index Only Scan using k_7 on sbtest7  (cost=0.43..10.44 rows=100 width=4)
	  Index Cond: ((k >= 3300854) AND (k <= 3300954))

table 8 : explain SELECT k FROM sbtest8 WHERE k BETWEEN 3300854 AND 3300954
	Index Only Scan using k_8 on sbtest8  (cost=0.43..6.40 rows=98 width=4)
	  Index Cond: ((k >= 3300854) AND (k <= 3300954))

explain: for range-covered :: explain SELECT k FROM sbtest%d WHERE k BETWEEN 3300854 AND 3300954
for range-covered
table 1 : explain SELECT k FROM sbtest1 WHERE k BETWEEN 3300854 AND 3300954
	Index Only Scan using k_1 on sbtest1  (cost=0.43..10.65 rows=111 width=4)
	  Index Cond: ((k >= 3300854) AND (k <= 3300954))

table 2 : explain SELECT k FROM sbtest2 WHERE k BETWEEN 3300854 AND 3300954
	Index Only Scan using k_2 on sbtest2  (cost=0.43..6.69 rows=113 width=4)
	  Index Cond: ((k >= 3300854) AND (k <= 3300954))

table 3 : explain SELECT k FROM sbtest3 WHERE k BETWEEN 3300854 AND 3300954
	Index Only Scan using k_3 on sbtest3  (cost=0.43..10.51 rows=104 width=4)
	  Index Cond: ((k >= 3300854) AND (k <= 3300954))

table 4 : explain SELECT k FROM sbtest4 WHERE k BETWEEN 3300854 AND 3300954
	Index Only Scan using k_4 on sbtest4  (cost=0.43..10.29 rows=93 width=4)
	  Index Cond: ((k >= 3300854) AND (k <= 3300954))

table 5 : explain SELECT k FROM sbtest5 WHERE k BETWEEN 3300854 AND 3300954
	Index Only Scan using k_5 on sbtest5  (cost=0.43..10.46 rows=101 width=4)
	  Index Cond: ((k >= 3300854) AND (k <= 3300954))

table 6 : explain SELECT k FROM sbtest6 WHERE k BETWEEN 3300854 AND 3300954
	Index Only Scan using k_6 on sbtest6  (cost=0.43..6.51 rows=104 width=4)
	  Index Cond: ((k >= 3300854) AND (k <= 3300954))

table 7 : explain SELECT k FROM sbtest7 WHERE k BETWEEN 3300854 AND 3300954
	Index Only Scan using k_7 on sbtest7  (cost=0.43..10.44 rows=100 width=4)
	  Index Cond: ((k >= 3300854) AND (k <= 3300954))

table 8 : explain SELECT k FROM sbtest8 WHERE k BETWEEN 3300854 AND 3300954
	Index Only Scan using k_8 on sbtest8  (cost=0.43..6.40 rows=98 width=4)
	  Index Cond: ((k >= 3300854) AND (k <= 3300954))

explain: for range-covered :: explain SELECT k FROM sbtest%d WHERE k BETWEEN 3300854 AND 3300954
explain: for range-covered :: explain SELECT k FROM sbtest%d WHERE k BETWEEN 5926049 AND 5926149
explain: for range-covered :: explain SELECT k FROM sbtest%d WHERE k BETWEEN 3535569 AND 3535669
for range-covered
table 1 : explain SELECT k FROM sbtest1 WHERE k BETWEEN 5848738 AND 5848838
	Index Only Scan using k_1 on sbtest1  (cost=0.43..10.54 rows=105 width=4)
	  Index Cond: ((k >= 5848738) AND (k <= 5848838))

table 2 : explain SELECT k FROM sbtest2 WHERE k BETWEEN 5848738 AND 5848838
	Index Only Scan using k_2 on sbtest2  (cost=0.43..6.45 rows=101 width=4)
	  Index Cond: ((k >= 5848738) AND (k <= 5848838))

table 3 : explain SELECT k FROM sbtest3 WHERE k BETWEEN 5848738 AND 5848838
	Index Only Scan using k_3 on sbtest3  (cost=0.43..10.54 rows=105 width=4)
	  Index Cond: ((k >= 5848738) AND (k <= 5848838))

table 4 : explain SELECT k FROM sbtest4 WHERE k BETWEEN 5848738 AND 5848838
	Index Only Scan using k_4 on sbtest4  (cost=0.43..10.36 rows=96 width=4)
	  Index Cond: ((k >= 5848738) AND (k <= 5848838))

table 5 : explain SELECT k FROM sbtest5 WHERE k BETWEEN 5848738 AND 5848838
	Index Only Scan using k_5 on sbtest5  (cost=0.43..10.62 rows=109 width=4)
	  Index Cond: ((k >= 5848738) AND (k <= 5848838))

table 6 : explain SELECT k FROM sbtest6 WHERE k BETWEEN 5848738 AND 5848838
	Index Only Scan using k_6 on sbtest6  (cost=0.43..6.53 rows=105 width=4)
	  Index Cond: ((k >= 5848738) AND (k <= 5848838))

table 7 : explain SELECT k FROM sbtest7 WHERE k BETWEEN 5848738 AND 5848838
	Index Only Scan using k_7 on sbtest7  (cost=0.43..10.40 rows=98 width=4)
	  Index Cond: ((k >= 5848738) AND (k <= 5848838))

table 8 : explain SELECT k FROM sbtest8 WHERE k BETWEEN 5848738 AND 5848838
	Index Only Scan using k_8 on sbtest8  (cost=0.43..6.56 rows=106 width=4)
	  Index Cond: ((k >= 5848738) AND (k <= 5848838))

explain: for range-covered :: explain SELECT k FROM sbtest%d WHERE k BETWEEN 5848738 AND 5848838
for range-covered
table 1 : explain SELECT k FROM sbtest1 WHERE k BETWEEN 5848738 AND 5848838
	Index Only Scan using k_1 on sbtest1  (cost=0.43..10.54 rows=105 width=4)
	  Index Cond: ((k >= 5848738) AND (k <= 5848838))

table 2 : explain SELECT k FROM sbtest2 WHERE k BETWEEN 5848738 AND 5848838
	Index Only Scan using k_2 on sbtest2  (cost=0.43..6.45 rows=101 width=4)
	  Index Cond: ((k >= 5848738) AND (k <= 5848838))

table 3 : explain SELECT k FROM sbtest3 WHERE k BETWEEN 5848738 AND 5848838
	Index Only Scan using k_3 on sbtest3  (cost=0.43..10.54 rows=105 width=4)
	  Index Cond: ((k >= 5848738) AND (k <= 5848838))

table 4 : explain SELECT k FROM sbtest4 WHERE k BETWEEN 5848738 AND 5848838
	Index Only Scan using k_4 on sbtest4  (cost=0.43..10.36 rows=96 width=4)
	  Index Cond: ((k >= 5848738) AND (k <= 5848838))

table 5 : explain SELECT k FROM sbtest5 WHERE k BETWEEN 5848738 AND 5848838
	Index Only Scan using k_5 on sbtest5  (cost=0.43..10.62 rows=109 width=4)
	  Index Cond: ((k >= 5848738) AND (k <= 5848838))

table 6 : explain SELECT k FROM sbtest6 WHERE k BETWEEN 5848738 AND 5848838
	Index Only Scan using k_6 on sbtest6  (cost=0.43..6.53 rows=105 width=4)
	  Index Cond: ((k >= 5848738) AND (k <= 5848838))

table 7 : explain SELECT k FROM sbtest7 WHERE k BETWEEN 5848738 AND 5848838
	Index Only Scan using k_7 on sbtest7  (cost=0.43..10.40 rows=98 width=4)
	  Index Cond: ((k >= 5848738) AND (k <= 5848838))

table 8 : explain SELECT k FROM sbtest8 WHERE k BETWEEN 5848738 AND 5848838
	Index Only Scan using k_8 on sbtest8  (cost=0.43..6.56 rows=106 width=4)
	  Index Cond: ((k >= 5848738) AND (k <= 5848838))

explain: for range-covered :: explain SELECT k FROM sbtest%d WHERE k BETWEEN 5848738 AND 5848838
for range-covered
table 1 : explain SELECT k FROM sbtest1 WHERE k BETWEEN 5848738 AND 5848838
	Index Only Scan using k_1 on sbtest1  (cost=0.43..10.54 rows=105 width=4)
	  Index Cond: ((k >= 5848738) AND (k <= 5848838))

table 2 : explain SELECT k FROM sbtest2 WHERE k BETWEEN 5848738 AND 5848838
	Index Only Scan using k_2 on sbtest2  (cost=0.43..6.45 rows=101 width=4)
	  Index Cond: ((k >= 5848738) AND (k <= 5848838))

table 3 : explain SELECT k FROM sbtest3 WHERE k BETWEEN 5848738 AND 5848838
	Index Only Scan using k_3 on sbtest3  (cost=0.43..10.54 rows=105 width=4)
	  Index Cond: ((k >= 5848738) AND (k <= 5848838))

table 4 : explain SELECT k FROM sbtest4 WHERE k BETWEEN 5848738 AND 5848838
	Index Only Scan using k_4 on sbtest4  (cost=0.43..10.36 rows=96 width=4)
	  Index Cond: ((k >= 5848738) AND (k <= 5848838))

table 5 : explain SELECT k FROM sbtest5 WHERE k BETWEEN 5848738 AND 5848838
	Index Only Scan using k_5 on sbtest5  (cost=0.43..10.62 rows=109 width=4)
	  Index Cond: ((k >= 5848738) AND (k <= 5848838))

table 6 : explain SELECT k FROM sbtest6 WHERE k BETWEEN 5848738 AND 5848838
	Index Only Scan using k_6 on sbtest6  (cost=0.43..6.53 rows=105 width=4)
	  Index Cond: ((k >= 5848738) AND (k <= 5848838))

table 7 : explain SELECT k FROM sbtest7 WHERE k BETWEEN 5848738 AND 5848838
	Index Only Scan using k_7 on sbtest7  (cost=0.43..10.40 rows=98 width=4)
	  Index Cond: ((k >= 5848738) AND (k <= 5848838))

table 8 : explain SELECT k FROM sbtest8 WHERE k BETWEEN 5848738 AND 5848838
	Index Only Scan using k_8 on sbtest8  (cost=0.43..6.56 rows=106 width=4)
	  Index Cond: ((k >= 5848738) AND (k <= 5848838))

explain: for range-covered :: explain SELECT k FROM sbtest%d WHERE k BETWEEN 5848738 AND 5848838
for range-covered
table 1 : explain SELECT k FROM sbtest1 WHERE k BETWEEN 4242653 AND 4242753
	Index Only Scan using k_1 on sbtest1  (cost=0.43..10.42 rows=99 width=4)
	  Index Cond: ((k >= 4242653) AND (k <= 4242753))

table 2 : explain SELECT k FROM sbtest2 WHERE k BETWEEN 4242653 AND 4242753
	Index Only Scan using k_2 on sbtest2  (cost=0.43..6.42 rows=99 width=4)
	  Index Cond: ((k >= 4242653) AND (k <= 4242753))

table 3 : explain SELECT k FROM sbtest3 WHERE k BETWEEN 4242653 AND 4242753
	Index Only Scan using k_3 on sbtest3  (cost=0.43..10.26 rows=91 width=4)
	  Index Cond: ((k >= 4242653) AND (k <= 4242753))

table 4 : explain SELECT k FROM sbtest4 WHERE k BETWEEN 4242653 AND 4242753
	Index Only Scan using k_4 on sbtest4  (cost=0.43..10.46 rows=101 width=4)
	  Index Cond: ((k >= 4242653) AND (k <= 4242753))

table 5 : explain SELECT k FROM sbtest5 WHERE k BETWEEN 4242653 AND 4242753
	Index Only Scan using k_5 on sbtest5  (cost=0.43..10.62 rows=109 width=4)
	  Index Cond: ((k >= 4242653) AND (k <= 4242753))

table 6 : explain SELECT k FROM sbtest6 WHERE k BETWEEN 4242653 AND 4242753
	Index Only Scan using k_6 on sbtest6  (cost=0.43..6.47 rows=102 width=4)
	  Index Cond: ((k >= 4242653) AND (k <= 4242753))

table 7 : explain SELECT k FROM sbtest7 WHERE k BETWEEN 4242653 AND 4242753
	Index Only Scan using k_7 on sbtest7  (cost=0.43..10.44 rows=100 width=4)
	  Index Cond: ((k >= 4242653) AND (k <= 4242753))

table 8 : explain SELECT k FROM sbtest8 WHERE k BETWEEN 4242653 AND 4242753
	Index Only Scan using k_8 on sbtest8  (cost=0.43..6.47 rows=102 width=4)
	  Index Cond: ((k >= 4242653) AND (k <= 4242753))

for range-covered
table 1 : explain SELECT k FROM sbtest1 WHERE k BETWEEN 5848738 AND 5848838
	Index Only Scan using k_1 on sbtest1  (cost=0.43..10.54 rows=105 width=4)
	  Index Cond: ((k >= 5848738) AND (k <= 5848838))

table 2 : explain SELECT k FROM sbtest2 WHERE k BETWEEN 5848738 AND 5848838
	Index Only Scan using k_2 on sbtest2  (cost=0.43..6.45 rows=101 width=4)
	  Index Cond: ((k >= 5848738) AND (k <= 5848838))

table 3 : explain SELECT k FROM sbtest3 WHERE k BETWEEN 5848738 AND 5848838
	Index Only Scan using k_3 on sbtest3  (cost=0.43..10.54 rows=105 width=4)
	  Index Cond: ((k >= 5848738) AND (k <= 5848838))

table 4 : explain SELECT k FROM sbtest4 WHERE k BETWEEN 5848738 AND 5848838
	Index Only Scan using k_4 on sbtest4  (cost=0.43..10.36 rows=96 width=4)
	  Index Cond: ((k >= 5848738) AND (k <= 5848838))

table 5 : explain SELECT k FROM sbtest5 WHERE k BETWEEN 5848738 AND 5848838
	Index Only Scan using k_5 on sbtest5  (cost=0.43..10.62 rows=109 width=4)
	  Index Cond: ((k >= 5848738) AND (k <= 5848838))

table 6 : explain SELECT k FROM sbtest6 WHERE k BETWEEN 5848738 AND 5848838
	Index Only Scan using k_6 on sbtest6  (cost=0.43..6.53 rows=105 width=4)
	  Index Cond: ((k >= 5848738) AND (k <= 5848838))

table 7 : explain SELECT k FROM sbtest7 WHERE k BETWEEN 5848738 AND 5848838
	Index Only Scan using k_7 on sbtest7  (cost=0.43..10.40 rows=98 width=4)
	  Index Cond: ((k >= 5848738) AND (k <= 5848838))

table 8 : explain SELECT k FROM sbtest8 WHERE k BETWEEN 5848738 AND 5848838
	Index Only Scan using k_8 on sbtest8  (cost=0.43..6.56 rows=106 width=4)
	  Index Cond: ((k >= 5848738) AND (k <= 5848838))

explain: for range-covered :: explain SELECT k FROM sbtest%d WHERE k BETWEEN 4242653 AND 4242753
explain: for range-covered :: explain SELECT k FROM sbtest%d WHERE k BETWEEN 5848738 AND 5848838
for range-covered
table 1 : explain SELECT k FROM sbtest1 WHERE k BETWEEN 3300854 AND 3300954
	Index Only Scan using k_1 on sbtest1  (cost=0.43..10.65 rows=111 width=4)
	  Index Cond: ((k >= 3300854) AND (k <= 3300954))

table 2 : explain SELECT k FROM sbtest2 WHERE k BETWEEN 3300854 AND 3300954
	Index Only Scan using k_2 on sbtest2  (cost=0.43..6.69 rows=113 width=4)
	  Index Cond: ((k >= 3300854) AND (k <= 3300954))

table 3 : explain SELECT k FROM sbtest3 WHERE k BETWEEN 3300854 AND 3300954
	Index Only Scan using k_3 on sbtest3  (cost=0.43..10.51 rows=104 width=4)
	  Index Cond: ((k >= 3300854) AND (k <= 3300954))

table 4 : explain SELECT k FROM sbtest4 WHERE k BETWEEN 3300854 AND 3300954
	Index Only Scan using k_4 on sbtest4  (cost=0.43..10.29 rows=93 width=4)
	  Index Cond: ((k >= 3300854) AND (k <= 3300954))

table 5 : explain SELECT k FROM sbtest5 WHERE k BETWEEN 3300854 AND 3300954
	Index Only Scan using k_5 on sbtest5  (cost=0.43..10.46 rows=101 width=4)
	  Index Cond: ((k >= 3300854) AND (k <= 3300954))

table 6 : explain SELECT k FROM sbtest6 WHERE k BETWEEN 3300854 AND 3300954
	Index Only Scan using k_6 on sbtest6  (cost=0.43..6.51 rows=104 width=4)
	  Index Cond: ((k >= 3300854) AND (k <= 3300954))

table 7 : explain SELECT k FROM sbtest7 WHERE k BETWEEN 3300854 AND 3300954
	Index Only Scan using k_7 on sbtest7  (cost=0.43..10.44 rows=100 width=4)
	  Index Cond: ((k >= 3300854) AND (k <= 3300954))

table 8 : explain SELECT k FROM sbtest8 WHERE k BETWEEN 3300854 AND 3300954
	Index Only Scan using k_8 on sbtest8  (cost=0.43..6.40 rows=98 width=4)
	  Index Cond: ((k >= 3300854) AND (k <= 3300954))

for range-covered
table 1 : explain SELECT k FROM sbtest1 WHERE k BETWEEN 7876086 AND 7876186
	Index Only Scan using k_1 on sbtest1  (cost=0.43..10.47 rows=102 width=4)
	  Index Cond: ((k >= 7876086) AND (k <= 7876186))

table 2 : explain SELECT k FROM sbtest2 WHERE k BETWEEN 7876086 AND 7876186
	Index Only Scan using k_2 on sbtest2  (cost=0.43..6.42 rows=99 width=4)
	  Index Cond: ((k >= 7876086) AND (k <= 7876186))

table 3 : explain SELECT k FROM sbtest3 WHERE k BETWEEN 7876086 AND 7876186
	Index Only Scan using k_3 on sbtest3  (cost=0.43..10.40 rows=98 width=4)
	  Index Cond: ((k >= 7876086) AND (k <= 7876186))

table 4 : explain SELECT k FROM sbtest4 WHERE k BETWEEN 7876086 AND 7876186
	Index Only Scan using k_4 on sbtest4  (cost=0.43..10.38 rows=97 width=4)
	  Index Cond: ((k >= 7876086) AND (k <= 7876186))

table 5 : explain SELECT k FROM sbtest5 WHERE k BETWEEN 7876086 AND 7876186
	Index Only Scan using k_5 on sbtest5  (cost=0.43..10.47 rows=102 width=4)
	  Index Cond: ((k >= 7876086) AND (k <= 7876186))

table 6 : explain SELECT k FROM sbtest6 WHERE k BETWEEN 7876086 AND 7876186
	Index Only Scan using k_6 on sbtest6  (cost=0.43..6.33 rows=95 width=4)
	  Index Cond: ((k >= 7876086) AND (k <= 7876186))

table 7 : explain SELECT k FROM sbtest7 WHERE k BETWEEN 7876086 AND 7876186
	Index Only Scan using k_7 on sbtest7  (cost=0.43..10.33 rows=95 width=4)
	  Index Cond: ((k >= 7876086) AND (k <= 7876186))

table 8 : explain SELECT k FROM sbtest8 WHERE k BETWEEN 7876086 AND 7876186
	Index Only Scan using k_8 on sbtest8  (cost=0.43..6.74 rows=115 width=4)
	  Index Cond: ((k >= 7876086) AND (k <= 7876186))

explain: for range-covered :: explain SELECT k FROM sbtest%d WHERE k BETWEEN 7876086 AND 7876186
for range-covered
table 1 : explain SELECT k FROM sbtest1 WHERE k BETWEEN 4242653 AND 4242753
	Index Only Scan using k_1 on sbtest1  (cost=0.43..10.42 rows=99 width=4)
	  Index Cond: ((k >= 4242653) AND (k <= 4242753))

table 2 : explain SELECT k FROM sbtest2 WHERE k BETWEEN 4242653 AND 4242753
	Index Only Scan using k_2 on sbtest2  (cost=0.43..6.42 rows=99 width=4)
	  Index Cond: ((k >= 4242653) AND (k <= 4242753))

table 3 : explain SELECT k FROM sbtest3 WHERE k BETWEEN 4242653 AND 4242753
	Index Only Scan using k_3 on sbtest3  (cost=0.43..10.26 rows=91 width=4)
	  Index Cond: ((k >= 4242653) AND (k <= 4242753))

table 4 : explain SELECT k FROM sbtest4 WHERE k BETWEEN 4242653 AND 4242753
	Index Only Scan using k_4 on sbtest4  (cost=0.43..10.46 rows=101 width=4)
	  Index Cond: ((k >= 4242653) AND (k <= 4242753))

table 5 : explain SELECT k FROM sbtest5 WHERE k BETWEEN 4242653 AND 4242753
	Index Only Scan using k_5 on sbtest5  (cost=0.43..10.62 rows=109 width=4)
	  Index Cond: ((k >= 4242653) AND (k <= 4242753))

table 6 : explain SELECT k FROM sbtest6 WHERE k BETWEEN 4242653 AND 4242753
	Index Only Scan using k_6 on sbtest6  (cost=0.43..6.47 rows=102 width=4)
	  Index Cond: ((k >= 4242653) AND (k <= 4242753))

table 7 : explain SELECT k FROM sbtest7 WHERE k BETWEEN 4242653 AND 4242753
	Index Only Scan using k_7 on sbtest7  (cost=0.43..10.44 rows=100 width=4)
	  Index Cond: ((k >= 4242653) AND (k <= 4242753))

table 8 : explain SELECT k FROM sbtest8 WHERE k BETWEEN 4242653 AND 4242753
	Index Only Scan using k_8 on sbtest8  (cost=0.43..6.47 rows=102 width=4)
	  Index Cond: ((k >= 4242653) AND (k <= 4242753))

explain: for range-covered :: explain SELECT k FROM sbtest%d WHERE k BETWEEN 4242653 AND 4242753
for range-covered
table 1 : explain SELECT k FROM sbtest1 WHERE k BETWEEN 4242653 AND 4242753
	Index Only Scan using k_1 on sbtest1  (cost=0.43..10.42 rows=99 width=4)
	  Index Cond: ((k >= 4242653) AND (k <= 4242753))

table 2 : explain SELECT k FROM sbtest2 WHERE k BETWEEN 4242653 AND 4242753
	Index Only Scan using k_2 on sbtest2  (cost=0.43..6.42 rows=99 width=4)
	  Index Cond: ((k >= 4242653) AND (k <= 4242753))

table 3 : explain SELECT k FROM sbtest3 WHERE k BETWEEN 4242653 AND 4242753
	Index Only Scan using k_3 on sbtest3  (cost=0.43..10.26 rows=91 width=4)
	  Index Cond: ((k >= 4242653) AND (k <= 4242753))

table 4 : explain SELECT k FROM sbtest4 WHERE k BETWEEN 4242653 AND 4242753
	Index Only Scan using k_4 on sbtest4  (cost=0.43..10.46 rows=101 width=4)
	  Index Cond: ((k >= 4242653) AND (k <= 4242753))

table 5 : explain SELECT k FROM sbtest5 WHERE k BETWEEN 4242653 AND 4242753
	Index Only Scan using k_5 on sbtest5  (cost=0.43..10.62 rows=109 width=4)
	  Index Cond: ((k >= 4242653) AND (k <= 4242753))

table 6 : explain SELECT k FROM sbtest6 WHERE k BETWEEN 4242653 AND 4242753
	Index Only Scan using k_6 on sbtest6  (cost=0.43..6.47 rows=102 width=4)
	  Index Cond: ((k >= 4242653) AND (k <= 4242753))

table 7 : explain SELECT k FROM sbtest7 WHERE k BETWEEN 4242653 AND 4242753
	Index Only Scan using k_7 on sbtest7  (cost=0.43..10.44 rows=100 width=4)
	  Index Cond: ((k >= 4242653) AND (k <= 4242753))

table 8 : explain SELECT k FROM sbtest8 WHERE k BETWEEN 4242653 AND 4242753
	Index Only Scan using k_8 on sbtest8  (cost=0.43..6.47 rows=102 width=4)
	  Index Cond: ((k >= 4242653) AND (k <= 4242753))

for range-covered
table 1 : explain SELECT k FROM sbtest1 WHERE k BETWEEN 7876086 AND 7876186
	Index Only Scan using k_1 on sbtest1  (cost=0.43..10.47 rows=102 width=4)
	  Index Cond: ((k >= 7876086) AND (k <= 7876186))

table 2 : explain SELECT k FROM sbtest2 WHERE k BETWEEN 7876086 AND 7876186
	Index Only Scan using k_2 on sbtest2  (cost=0.43..6.42 rows=99 width=4)
	  Index Cond: ((k >= 7876086) AND (k <= 7876186))

table 3 : explain SELECT k FROM sbtest3 WHERE k BETWEEN 7876086 AND 7876186
	Index Only Scan using k_3 on sbtest3  (cost=0.43..10.40 rows=98 width=4)
	  Index Cond: ((k >= 7876086) AND (k <= 7876186))

table 4 : explain SELECT k FROM sbtest4 WHERE k BETWEEN 7876086 AND 7876186
	Index Only Scan using k_4 on sbtest4  (cost=0.43..10.38 rows=97 width=4)
	  Index Cond: ((k >= 7876086) AND (k <= 7876186))

table 5 : explain SELECT k FROM sbtest5 WHERE k BETWEEN 7876086 AND 7876186
	Index Only Scan using k_5 on sbtest5  (cost=0.43..10.47 rows=102 width=4)
	  Index Cond: ((k >= 7876086) AND (k <= 7876186))

table 6 : explain SELECT k FROM sbtest6 WHERE k BETWEEN 7876086 AND 7876186
	Index Only Scan using k_6 on sbtest6  (cost=0.43..6.33 rows=95 width=4)
	  Index Cond: ((k >= 7876086) AND (k <= 7876186))

table 7 : explain SELECT k FROM sbtest7 WHERE k BETWEEN 7876086 AND 7876186
	Index Only Scan using k_7 on sbtest7  (cost=0.43..10.33 rows=95 width=4)
	  Index Cond: ((k >= 7876086) AND (k <= 7876186))

table 8 : explain SELECT k FROM sbtest8 WHERE k BETWEEN 7876086 AND 7876186
	Index Only Scan using k_8 on sbtest8  (cost=0.43..6.74 rows=115 width=4)
	  Index Cond: ((k >= 7876086) AND (k <= 7876186))

explain: for range-covered :: explain SELECT k FROM sbtest%d WHERE k BETWEEN 4242653 AND 4242753
explain: for range-covered :: explain SELECT k FROM sbtest%d WHERE k BETWEEN 7876086 AND 7876186
for range-covered
table 1 : explain SELECT k FROM sbtest1 WHERE k BETWEEN 2994434 AND 2994534
	Index Only Scan using k_1 on sbtest1  (cost=0.43..10.62 rows=109 width=4)
	  Index Cond: ((k >= 2994434) AND (k <= 2994534))

table 2 : explain SELECT k FROM sbtest2 WHERE k BETWEEN 2994434 AND 2994534
	Index Only Scan using k_2 on sbtest2  (cost=0.43..6.40 rows=98 width=4)
	  Index Cond: ((k >= 2994434) AND (k <= 2994534))

table 3 : explain SELECT k FROM sbtest3 WHERE k BETWEEN 2994434 AND 2994534
	Index Only Scan using k_3 on sbtest3  (cost=0.43..10.36 rows=96 width=4)
	  Index Cond: ((k >= 2994434) AND (k <= 2994534))

table 4 : explain SELECT k FROM sbtest4 WHERE k BETWEEN 2994434 AND 2994534
	Index Only Scan using k_4 on sbtest4  (cost=0.43..10.60 rows=108 width=4)
	  Index Cond: ((k >= 2994434) AND (k <= 2994534))

table 5 : explain SELECT k FROM sbtest5 WHERE k BETWEEN 2994434 AND 2994534
	Index Only Scan using k_5 on sbtest5  (cost=0.43..10.51 rows=104 width=4)
	  Index Cond: ((k >= 2994434) AND (k <= 2994534))

table 6 : explain SELECT k FROM sbtest6 WHERE k BETWEEN 2994434 AND 2994534
	Index Only Scan using k_6 on sbtest6  (cost=0.43..6.32 rows=94 width=4)
	  Index Cond: ((k >= 2994434) AND (k <= 2994534))

table 7 : explain SELECT k FROM sbtest7 WHERE k BETWEEN 2994434 AND 2994534
	Index Only Scan using k_7 on sbtest7  (cost=0.43..10.47 rows=102 width=4)
	  Index Cond: ((k >= 2994434) AND (k <= 2994534))

table 8 : explain SELECT k FROM sbtest8 WHERE k BETWEEN 2994434 AND 2994534
	Index Only Scan using k_8 on sbtest8  (cost=0.43..6.56 rows=106 width=4)
	  Index Cond: ((k >= 2994434) AND (k <= 2994534))

for range-covered
table 1 : explain SELECT k FROM sbtest1 WHERE k BETWEEN 5848738 AND 5848838
	Index Only Scan using k_1 on sbtest1  (cost=0.43..10.54 rows=105 width=4)
	  Index Cond: ((k >= 5848738) AND (k <= 5848838))

table 2 : explain SELECT k FROM sbtest2 WHERE k BETWEEN 5848738 AND 5848838
	Index Only Scan using k_2 on sbtest2  (cost=0.43..6.45 rows=101 width=4)
	  Index Cond: ((k >= 5848738) AND (k <= 5848838))

table 3 : explain SELECT k FROM sbtest3 WHERE k BETWEEN 5848738 AND 5848838
	Index Only Scan using k_3 on sbtest3  (cost=0.43..10.54 rows=105 width=4)
	  Index Cond: ((k >= 5848738) AND (k <= 5848838))

table 4 : explain SELECT k FROM sbtest4 WHERE k BETWEEN 5848738 AND 5848838
	Index Only Scan using k_4 on sbtest4  (cost=0.43..10.36 rows=96 width=4)
	  Index Cond: ((k >= 5848738) AND (k <= 5848838))

table 5 : explain SELECT k FROM sbtest5 WHERE k BETWEEN 5848738 AND 5848838
	Index Only Scan using k_5 on sbtest5  (cost=0.43..10.62 rows=109 width=4)
	  Index Cond: ((k >= 5848738) AND (k <= 5848838))

table 6 : explain SELECT k FROM sbtest6 WHERE k BETWEEN 5848738 AND 5848838
	Index Only Scan using k_6 on sbtest6  (cost=0.43..6.53 rows=105 width=4)
	  Index Cond: ((k >= 5848738) AND (k <= 5848838))

table 7 : explain SELECT k FROM sbtest7 WHERE k BETWEEN 5848738 AND 5848838
	Index Only Scan using k_7 on sbtest7  (cost=0.43..10.40 rows=98 width=4)
	  Index Cond: ((k >= 5848738) AND (k <= 5848838))

table 8 : explain SELECT k FROM sbtest8 WHERE k BETWEEN 5848738 AND 5848838
	Index Only Scan using k_8 on sbtest8  (cost=0.43..6.56 rows=106 width=4)
	  Index Cond: ((k >= 5848738) AND (k <= 5848838))

explain: for range-covered :: explain SELECT k FROM sbtest%d WHERE k BETWEEN 2994434 AND 2994534
explain: for range-covered :: explain SELECT k FROM sbtest%d WHERE k BETWEEN 5848738 AND 5848838
for range-covered
table 1 : explain SELECT k FROM sbtest1 WHERE k BETWEEN 4242653 AND 4242753
	Index Only Scan using k_1 on sbtest1  (cost=0.43..10.42 rows=99 width=4)
	  Index Cond: ((k >= 4242653) AND (k <= 4242753))

table 2 : explain SELECT k FROM sbtest2 WHERE k BETWEEN 4242653 AND 4242753
	Index Only Scan using k_2 on sbtest2  (cost=0.43..6.42 rows=99 width=4)
	  Index Cond: ((k >= 4242653) AND (k <= 4242753))

table 3 : explain SELECT k FROM sbtest3 WHERE k BETWEEN 4242653 AND 4242753
	Index Only Scan using k_3 on sbtest3  (cost=0.43..10.26 rows=91 width=4)
	  Index Cond: ((k >= 4242653) AND (k <= 4242753))

table 4 : explain SELECT k FROM sbtest4 WHERE k BETWEEN 4242653 AND 4242753
	Index Only Scan using k_4 on sbtest4  (cost=0.43..10.46 rows=101 width=4)
	  Index Cond: ((k >= 4242653) AND (k <= 4242753))

table 5 : explain SELECT k FROM sbtest5 WHERE k BETWEEN 4242653 AND 4242753
	Index Only Scan using k_5 on sbtest5  (cost=0.43..10.62 rows=109 width=4)
	  Index Cond: ((k >= 4242653) AND (k <= 4242753))

table 6 : explain SELECT k FROM sbtest6 WHERE k BETWEEN 4242653 AND 4242753
	Index Only Scan using k_6 on sbtest6  (cost=0.43..6.47 rows=102 width=4)
	  Index Cond: ((k >= 4242653) AND (k <= 4242753))

table 7 : explain SELECT k FROM sbtest7 WHERE k BETWEEN 4242653 AND 4242753
	Index Only Scan using k_7 on sbtest7  (cost=0.43..10.44 rows=100 width=4)
	  Index Cond: ((k >= 4242653) AND (k <= 4242753))

table 8 : explain SELECT k FROM sbtest8 WHERE k BETWEEN 4242653 AND 4242753
	Index Only Scan using k_8 on sbtest8  (cost=0.43..6.47 rows=102 width=4)
	  Index Cond: ((k >= 4242653) AND (k <= 4242753))

explain: for range-covered :: explain SELECT k FROM sbtest%d WHERE k BETWEEN 7568999 AND 7569099
explain: for range-covered :: explain SELECT k FROM sbtest%d WHERE k BETWEEN 4242653 AND 4242753
for range-covered
table 1 : explain SELECT k FROM sbtest1 WHERE k BETWEEN 7876086 AND 7876186
	Index Only Scan using k_1 on sbtest1  (cost=0.43..10.47 rows=102 width=4)
	  Index Cond: ((k >= 7876086) AND (k <= 7876186))

table 2 : explain SELECT k FROM sbtest2 WHERE k BETWEEN 7876086 AND 7876186
	Index Only Scan using k_2 on sbtest2  (cost=0.43..6.42 rows=99 width=4)
	  Index Cond: ((k >= 7876086) AND (k <= 7876186))

table 3 : explain SELECT k FROM sbtest3 WHERE k BETWEEN 7876086 AND 7876186
	Index Only Scan using k_3 on sbtest3  (cost=0.43..10.40 rows=98 width=4)
	  Index Cond: ((k >= 7876086) AND (k <= 7876186))

table 4 : explain SELECT k FROM sbtest4 WHERE k BETWEEN 7876086 AND 7876186
	Index Only Scan using k_4 on sbtest4  (cost=0.43..10.38 rows=97 width=4)
	  Index Cond: ((k >= 7876086) AND (k <= 7876186))

table 5 : explain SELECT k FROM sbtest5 WHERE k BETWEEN 7876086 AND 7876186
	Index Only Scan using k_5 on sbtest5  (cost=0.43..10.47 rows=102 width=4)
	  Index Cond: ((k >= 7876086) AND (k <= 7876186))

table 6 : explain SELECT k FROM sbtest6 WHERE k BETWEEN 7876086 AND 7876186
	Index Only Scan using k_6 on sbtest6  (cost=0.43..6.33 rows=95 width=4)
	  Index Cond: ((k >= 7876086) AND (k <= 7876186))

table 7 : explain SELECT k FROM sbtest7 WHERE k BETWEEN 7876086 AND 7876186
	Index Only Scan using k_7 on sbtest7  (cost=0.43..10.33 rows=95 width=4)
	  Index Cond: ((k >= 7876086) AND (k <= 7876186))

table 8 : explain SELECT k FROM sbtest8 WHERE k BETWEEN 7876086 AND 7876186
	Index Only Scan using k_8 on sbtest8  (cost=0.43..6.74 rows=115 width=4)
	  Index Cond: ((k >= 7876086) AND (k <= 7876186))

explain: for range-covered :: explain SELECT k FROM sbtest%d WHERE k BETWEEN 7876086 AND 7876186
for range-covered
table 1 : explain SELECT k FROM sbtest1 WHERE k BETWEEN 2994434 AND 2994534
	Index Only Scan using k_1 on sbtest1  (cost=0.43..10.62 rows=109 width=4)
	  Index Cond: ((k >= 2994434) AND (k <= 2994534))

table 2 : explain SELECT k FROM sbtest2 WHERE k BETWEEN 2994434 AND 2994534
	Index Only Scan using k_2 on sbtest2  (cost=0.43..6.40 rows=98 width=4)
	  Index Cond: ((k >= 2994434) AND (k <= 2994534))

table 3 : explain SELECT k FROM sbtest3 WHERE k BETWEEN 2994434 AND 2994534
	Index Only Scan using k_3 on sbtest3  (cost=0.43..10.36 rows=96 width=4)
	  Index Cond: ((k >= 2994434) AND (k <= 2994534))

table 4 : explain SELECT k FROM sbtest4 WHERE k BETWEEN 2994434 AND 2994534
	Index Only Scan using k_4 on sbtest4  (cost=0.43..10.60 rows=108 width=4)
	  Index Cond: ((k >= 2994434) AND (k <= 2994534))

table 5 : explain SELECT k FROM sbtest5 WHERE k BETWEEN 2994434 AND 2994534
	Index Only Scan using k_5 on sbtest5  (cost=0.43..10.51 rows=104 width=4)
	  Index Cond: ((k >= 2994434) AND (k <= 2994534))

table 6 : explain SELECT k FROM sbtest6 WHERE k BETWEEN 2994434 AND 2994534
	Index Only Scan using k_6 on sbtest6  (cost=0.43..6.32 rows=94 width=4)
	  Index Cond: ((k >= 2994434) AND (k <= 2994534))

table 7 : explain SELECT k FROM sbtest7 WHERE k BETWEEN 2994434 AND 2994534
	Index Only Scan using k_7 on sbtest7  (cost=0.43..10.47 rows=102 width=4)
	  Index Cond: ((k >= 2994434) AND (k <= 2994534))

table 8 : explain SELECT k FROM sbtest8 WHERE k BETWEEN 2994434 AND 2994534
	Index Only Scan using k_8 on sbtest8  (cost=0.43..6.56 rows=106 width=4)
	  Index Cond: ((k >= 2994434) AND (k <= 2994534))

for range-covered
table 1 : explain SELECT k FROM sbtest1 WHERE k BETWEEN 5848738 AND 5848838
	Index Only Scan using k_1 on sbtest1  (cost=0.43..10.54 rows=105 width=4)
	  Index Cond: ((k >= 5848738) AND (k <= 5848838))

table 2 : explain SELECT k FROM sbtest2 WHERE k BETWEEN 5848738 AND 5848838
	Index Only Scan using k_2 on sbtest2  (cost=0.43..6.45 rows=101 width=4)
	  Index Cond: ((k >= 5848738) AND (k <= 5848838))

table 3 : explain SELECT k FROM sbtest3 WHERE k BETWEEN 5848738 AND 5848838
	Index Only Scan using k_3 on sbtest3  (cost=0.43..10.54 rows=105 width=4)
	  Index Cond: ((k >= 5848738) AND (k <= 5848838))

table 4 : explain SELECT k FROM sbtest4 WHERE k BETWEEN 5848738 AND 5848838
	Index Only Scan using k_4 on sbtest4  (cost=0.43..10.36 rows=96 width=4)
	  Index Cond: ((k >= 5848738) AND (k <= 5848838))

table 5 : explain SELECT k FROM sbtest5 WHERE k BETWEEN 5848738 AND 5848838
	Index Only Scan using k_5 on sbtest5  (cost=0.43..10.62 rows=109 width=4)
	  Index Cond: ((k >= 5848738) AND (k <= 5848838))

table 6 : explain SELECT k FROM sbtest6 WHERE k BETWEEN 5848738 AND 5848838
	Index Only Scan using k_6 on sbtest6  (cost=0.43..6.53 rows=105 width=4)
	  Index Cond: ((k >= 5848738) AND (k <= 5848838))

table 7 : explain SELECT k FROM sbtest7 WHERE k BETWEEN 5848738 AND 5848838
	Index Only Scan using k_7 on sbtest7  (cost=0.43..10.40 rows=98 width=4)
	  Index Cond: ((k >= 5848738) AND (k <= 5848838))

table 8 : explain SELECT k FROM sbtest8 WHERE k BETWEEN 5848738 AND 5848838
	Index Only Scan using k_8 on sbtest8  (cost=0.43..6.56 rows=106 width=4)
	  Index Cond: ((k >= 5848738) AND (k <= 5848838))

explain: for range-covered :: explain SELECT k FROM sbtest%d WHERE k BETWEEN 2994434 AND 2994534
explain: for range-covered :: explain SELECT k FROM sbtest%d WHERE k BETWEEN 5848738 AND 5848838
for range-covered
table 1 : explain SELECT k FROM sbtest1 WHERE k BETWEEN 4242653 AND 4242753
	Index Only Scan using k_1 on sbtest1  (cost=0.43..10.42 rows=99 width=4)
	  Index Cond: ((k >= 4242653) AND (k <= 4242753))

table 2 : explain SELECT k FROM sbtest2 WHERE k BETWEEN 4242653 AND 4242753
	Index Only Scan using k_2 on sbtest2  (cost=0.43..6.42 rows=99 width=4)
	  Index Cond: ((k >= 4242653) AND (k <= 4242753))

table 3 : explain SELECT k FROM sbtest3 WHERE k BETWEEN 4242653 AND 4242753
	Index Only Scan using k_3 on sbtest3  (cost=0.43..10.26 rows=91 width=4)
	  Index Cond: ((k >= 4242653) AND (k <= 4242753))

table 4 : explain SELECT k FROM sbtest4 WHERE k BETWEEN 4242653 AND 4242753
	Index Only Scan using k_4 on sbtest4  (cost=0.43..10.46 rows=101 width=4)
	  Index Cond: ((k >= 4242653) AND (k <= 4242753))

table 5 : explain SELECT k FROM sbtest5 WHERE k BETWEEN 4242653 AND 4242753
	Index Only Scan using k_5 on sbtest5  (cost=0.43..10.62 rows=109 width=4)
	  Index Cond: ((k >= 4242653) AND (k <= 4242753))

table 6 : explain SELECT k FROM sbtest6 WHERE k BETWEEN 4242653 AND 4242753
	Index Only Scan using k_6 on sbtest6  (cost=0.43..6.47 rows=102 width=4)
	  Index Cond: ((k >= 4242653) AND (k <= 4242753))

table 7 : explain SELECT k FROM sbtest7 WHERE k BETWEEN 4242653 AND 4242753
	Index Only Scan using k_7 on sbtest7  (cost=0.43..10.44 rows=100 width=4)
	  Index Cond: ((k >= 4242653) AND (k <= 4242753))

table 8 : explain SELECT k FROM sbtest8 WHERE k BETWEEN 4242653 AND 4242753
	Index Only Scan using k_8 on sbtest8  (cost=0.43..6.47 rows=102 width=4)
	  Index Cond: ((k >= 4242653) AND (k <= 4242753))

explain: for range-covered :: explain SELECT k FROM sbtest%d WHERE k BETWEEN 4242653 AND 4242753
for range-covered
table 1 : explain SELECT k FROM sbtest1 WHERE k BETWEEN 7876086 AND 7876186
	Index Only Scan using k_1 on sbtest1  (cost=0.43..10.47 rows=102 width=4)
	  Index Cond: ((k >= 7876086) AND (k <= 7876186))

table 2 : explain SELECT k FROM sbtest2 WHERE k BETWEEN 7876086 AND 7876186
	Index Only Scan using k_2 on sbtest2  (cost=0.43..6.42 rows=99 width=4)
	  Index Cond: ((k >= 7876086) AND (k <= 7876186))

table 3 : explain SELECT k FROM sbtest3 WHERE k BETWEEN 7876086 AND 7876186
	Index Only Scan using k_3 on sbtest3  (cost=0.43..10.40 rows=98 width=4)
	  Index Cond: ((k >= 7876086) AND (k <= 7876186))

table 4 : explain SELECT k FROM sbtest4 WHERE k BETWEEN 7876086 AND 7876186
	Index Only Scan using k_4 on sbtest4  (cost=0.43..10.38 rows=97 width=4)
	  Index Cond: ((k >= 7876086) AND (k <= 7876186))

table 5 : explain SELECT k FROM sbtest5 WHERE k BETWEEN 7876086 AND 7876186
	Index Only Scan using k_5 on sbtest5  (cost=0.43..10.47 rows=102 width=4)
	  Index Cond: ((k >= 7876086) AND (k <= 7876186))

table 6 : explain SELECT k FROM sbtest6 WHERE k BETWEEN 7876086 AND 7876186
	Index Only Scan using k_6 on sbtest6  (cost=0.43..6.33 rows=95 width=4)
	  Index Cond: ((k >= 7876086) AND (k <= 7876186))

table 7 : explain SELECT k FROM sbtest7 WHERE k BETWEEN 7876086 AND 7876186
	Index Only Scan using k_7 on sbtest7  (cost=0.43..10.33 rows=95 width=4)
	  Index Cond: ((k >= 7876086) AND (k <= 7876186))

table 8 : explain SELECT k FROM sbtest8 WHERE k BETWEEN 7876086 AND 7876186
	Index Only Scan using k_8 on sbtest8  (cost=0.43..6.74 rows=115 width=4)
	  Index Cond: ((k >= 7876086) AND (k <= 7876186))

explain: for range-covered :: explain SELECT k FROM sbtest%d WHERE k BETWEEN 7876086 AND 7876186
for range-covered
table 1 : explain SELECT k FROM sbtest1 WHERE k BETWEEN 2994434 AND 2994534
	Index Only Scan using k_1 on sbtest1  (cost=0.43..10.62 rows=109 width=4)
	  Index Cond: ((k >= 2994434) AND (k <= 2994534))

table 2 : explain SELECT k FROM sbtest2 WHERE k BETWEEN 2994434 AND 2994534
	Index Only Scan using k_2 on sbtest2  (cost=0.43..6.40 rows=98 width=4)
	  Index Cond: ((k >= 2994434) AND (k <= 2994534))

table 3 : explain SELECT k FROM sbtest3 WHERE k BETWEEN 2994434 AND 2994534
	Index Only Scan using k_3 on sbtest3  (cost=0.43..10.36 rows=96 width=4)
	  Index Cond: ((k >= 2994434) AND (k <= 2994534))

table 4 : explain SELECT k FROM sbtest4 WHERE k BETWEEN 2994434 AND 2994534
	Index Only Scan using k_4 on sbtest4  (cost=0.43..10.60 rows=108 width=4)
	  Index Cond: ((k >= 2994434) AND (k <= 2994534))

table 5 : explain SELECT k FROM sbtest5 WHERE k BETWEEN 2994434 AND 2994534
	Index Only Scan using k_5 on sbtest5  (cost=0.43..10.51 rows=104 width=4)
	  Index Cond: ((k >= 2994434) AND (k <= 2994534))

table 6 : explain SELECT k FROM sbtest6 WHERE k BETWEEN 2994434 AND 2994534
	Index Only Scan using k_6 on sbtest6  (cost=0.43..6.32 rows=94 width=4)
	  Index Cond: ((k >= 2994434) AND (k <= 2994534))

table 7 : explain SELECT k FROM sbtest7 WHERE k BETWEEN 2994434 AND 2994534
	Index Only Scan using k_7 on sbtest7  (cost=0.43..10.47 rows=102 width=4)
	  Index Cond: ((k >= 2994434) AND (k <= 2994534))

table 8 : explain SELECT k FROM sbtest8 WHERE k BETWEEN 2994434 AND 2994534
	Index Only Scan using k_8 on sbtest8  (cost=0.43..6.56 rows=106 width=4)
	  Index Cond: ((k >= 2994434) AND (k <= 2994534))

explain: for range-covered :: explain SELECT k FROM sbtest%d WHERE k BETWEEN 2994434 AND 2994534
for range-covered
table 1 : explain SELECT k FROM sbtest1 WHERE k BETWEEN 5848738 AND 5848838
	Index Only Scan using k_1 on sbtest1  (cost=0.43..10.54 rows=105 width=4)
	  Index Cond: ((k >= 5848738) AND (k <= 5848838))

table 2 : explain SELECT k FROM sbtest2 WHERE k BETWEEN 5848738 AND 5848838
	Index Only Scan using k_2 on sbtest2  (cost=0.43..6.45 rows=101 width=4)
	  Index Cond: ((k >= 5848738) AND (k <= 5848838))

table 3 : explain SELECT k FROM sbtest3 WHERE k BETWEEN 5848738 AND 5848838
	Index Only Scan using k_3 on sbtest3  (cost=0.43..10.54 rows=105 width=4)
	  Index Cond: ((k >= 5848738) AND (k <= 5848838))

table 4 : explain SELECT k FROM sbtest4 WHERE k BETWEEN 5848738 AND 5848838
	Index Only Scan using k_4 on sbtest4  (cost=0.43..10.36 rows=96 width=4)
	  Index Cond: ((k >= 5848738) AND (k <= 5848838))

table 5 : explain SELECT k FROM sbtest5 WHERE k BETWEEN 5848738 AND 5848838
	Index Only Scan using k_5 on sbtest5  (cost=0.43..10.62 rows=109 width=4)
	  Index Cond: ((k >= 5848738) AND (k <= 5848838))

table 6 : explain SELECT k FROM sbtest6 WHERE k BETWEEN 5848738 AND 5848838
	Index Only Scan using k_6 on sbtest6  (cost=0.43..6.53 rows=105 width=4)
	  Index Cond: ((k >= 5848738) AND (k <= 5848838))

table 7 : explain SELECT k FROM sbtest7 WHERE k BETWEEN 5848738 AND 5848838
	Index Only Scan using k_7 on sbtest7  (cost=0.43..10.40 rows=98 width=4)
	  Index Cond: ((k >= 5848738) AND (k <= 5848838))

table 8 : explain SELECT k FROM sbtest8 WHERE k BETWEEN 5848738 AND 5848838
	Index Only Scan using k_8 on sbtest8  (cost=0.43..6.56 rows=106 width=4)
	  Index Cond: ((k >= 5848738) AND (k <= 5848838))

explain: for range-covered :: explain SELECT k FROM sbtest%d WHERE k BETWEEN 5848738 AND 5848838
for range-covered
table 1 : explain SELECT k FROM sbtest1 WHERE k BETWEEN 4242653 AND 4242753
	Index Only Scan using k_1 on sbtest1  (cost=0.43..10.42 rows=99 width=4)
	  Index Cond: ((k >= 4242653) AND (k <= 4242753))

table 2 : explain SELECT k FROM sbtest2 WHERE k BETWEEN 4242653 AND 4242753
	Index Only Scan using k_2 on sbtest2  (cost=0.43..6.42 rows=99 width=4)
	  Index Cond: ((k >= 4242653) AND (k <= 4242753))

table 3 : explain SELECT k FROM sbtest3 WHERE k BETWEEN 4242653 AND 4242753
	Index Only Scan using k_3 on sbtest3  (cost=0.43..10.26 rows=91 width=4)
	  Index Cond: ((k >= 4242653) AND (k <= 4242753))

table 4 : explain SELECT k FROM sbtest4 WHERE k BETWEEN 4242653 AND 4242753
	Index Only Scan using k_4 on sbtest4  (cost=0.43..10.46 rows=101 width=4)
	  Index Cond: ((k >= 4242653) AND (k <= 4242753))

table 5 : explain SELECT k FROM sbtest5 WHERE k BETWEEN 4242653 AND 4242753
	Index Only Scan using k_5 on sbtest5  (cost=0.43..10.62 rows=109 width=4)
	  Index Cond: ((k >= 4242653) AND (k <= 4242753))

table 6 : explain SELECT k FROM sbtest6 WHERE k BETWEEN 4242653 AND 4242753
	Index Only Scan using k_6 on sbtest6  (cost=0.43..6.47 rows=102 width=4)
	  Index Cond: ((k >= 4242653) AND (k <= 4242753))

table 7 : explain SELECT k FROM sbtest7 WHERE k BETWEEN 4242653 AND 4242753
	Index Only Scan using k_7 on sbtest7  (cost=0.43..10.44 rows=100 width=4)
	  Index Cond: ((k >= 4242653) AND (k <= 4242753))

table 8 : explain SELECT k FROM sbtest8 WHERE k BETWEEN 4242653 AND 4242753
	Index Only Scan using k_8 on sbtest8  (cost=0.43..6.47 rows=102 width=4)
	  Index Cond: ((k >= 4242653) AND (k <= 4242753))

explain: for range-covered :: explain SELECT k FROM sbtest%d WHERE k BETWEEN 4242653 AND 4242753
for range-covered
table 1 : explain SELECT k FROM sbtest1 WHERE k BETWEEN 7876086 AND 7876186
	Index Only Scan using k_1 on sbtest1  (cost=0.43..10.47 rows=102 width=4)
	  Index Cond: ((k >= 7876086) AND (k <= 7876186))

table 2 : explain SELECT k FROM sbtest2 WHERE k BETWEEN 7876086 AND 7876186
	Index Only Scan using k_2 on sbtest2  (cost=0.43..6.42 rows=99 width=4)
	  Index Cond: ((k >= 7876086) AND (k <= 7876186))

table 3 : explain SELECT k FROM sbtest3 WHERE k BETWEEN 7876086 AND 7876186
	Index Only Scan using k_3 on sbtest3  (cost=0.43..10.40 rows=98 width=4)
	  Index Cond: ((k >= 7876086) AND (k <= 7876186))

table 4 : explain SELECT k FROM sbtest4 WHERE k BETWEEN 7876086 AND 7876186
	Index Only Scan using k_4 on sbtest4  (cost=0.43..10.38 rows=97 width=4)
	  Index Cond: ((k >= 7876086) AND (k <= 7876186))

table 5 : explain SELECT k FROM sbtest5 WHERE k BETWEEN 7876086 AND 7876186
	Index Only Scan using k_5 on sbtest5  (cost=0.43..10.47 rows=102 width=4)
	  Index Cond: ((k >= 7876086) AND (k <= 7876186))

table 6 : explain SELECT k FROM sbtest6 WHERE k BETWEEN 7876086 AND 7876186
	Index Only Scan using k_6 on sbtest6  (cost=0.43..6.33 rows=95 width=4)
	  Index Cond: ((k >= 7876086) AND (k <= 7876186))

table 7 : explain SELECT k FROM sbtest7 WHERE k BETWEEN 7876086 AND 7876186
	Index Only Scan using k_7 on sbtest7  (cost=0.43..10.33 rows=95 width=4)
	  Index Cond: ((k >= 7876086) AND (k <= 7876186))

table 8 : explain SELECT k FROM sbtest8 WHERE k BETWEEN 7876086 AND 7876186
	Index Only Scan using k_8 on sbtest8  (cost=0.43..6.74 rows=115 width=4)
	  Index Cond: ((k >= 7876086) AND (k <= 7876186))

explain: for range-covered :: explain SELECT k FROM sbtest%d WHERE k BETWEEN 7876086 AND 7876186
for range-covered
table 1 : explain SELECT k FROM sbtest1 WHERE k BETWEEN 4242653 AND 4242753
	Index Only Scan using k_1 on sbtest1  (cost=0.43..10.42 rows=99 width=4)
	  Index Cond: ((k >= 4242653) AND (k <= 4242753))

table 2 : explain SELECT k FROM sbtest2 WHERE k BETWEEN 4242653 AND 4242753
	Index Only Scan using k_2 on sbtest2  (cost=0.43..6.42 rows=99 width=4)
	  Index Cond: ((k >= 4242653) AND (k <= 4242753))

table 3 : explain SELECT k FROM sbtest3 WHERE k BETWEEN 4242653 AND 4242753
	Index Only Scan using k_3 on sbtest3  (cost=0.43..10.26 rows=91 width=4)
	  Index Cond: ((k >= 4242653) AND (k <= 4242753))

table 4 : explain SELECT k FROM sbtest4 WHERE k BETWEEN 4242653 AND 4242753
	Index Only Scan using k_4 on sbtest4  (cost=0.43..10.46 rows=101 width=4)
	  Index Cond: ((k >= 4242653) AND (k <= 4242753))

table 5 : explain SELECT k FROM sbtest5 WHERE k BETWEEN 4242653 AND 4242753
	Index Only Scan using k_5 on sbtest5  (cost=0.43..10.62 rows=109 width=4)
	  Index Cond: ((k >= 4242653) AND (k <= 4242753))

table 6 : explain SELECT k FROM sbtest6 WHERE k BETWEEN 4242653 AND 4242753
	Index Only Scan using k_6 on sbtest6  (cost=0.43..6.47 rows=102 width=4)
	  Index Cond: ((k >= 4242653) AND (k <= 4242753))

table 7 : explain SELECT k FROM sbtest7 WHERE k BETWEEN 4242653 AND 4242753
	Index Only Scan using k_7 on sbtest7  (cost=0.43..10.44 rows=100 width=4)
	  Index Cond: ((k >= 4242653) AND (k <= 4242753))

table 8 : explain SELECT k FROM sbtest8 WHERE k BETWEEN 4242653 AND 4242753
	Index Only Scan using k_8 on sbtest8  (cost=0.43..6.47 rows=102 width=4)
	  Index Cond: ((k >= 4242653) AND (k <= 4242753))

for range-covered
table 1 : explain SELECT k FROM sbtest1 WHERE k BETWEEN 2994434 AND 2994534
	Index Only Scan using k_1 on sbtest1  (cost=0.43..10.62 rows=109 width=4)
	  Index Cond: ((k >= 2994434) AND (k <= 2994534))

table 2 : explain SELECT k FROM sbtest2 WHERE k BETWEEN 2994434 AND 2994534
	Index Only Scan using k_2 on sbtest2  (cost=0.43..6.40 rows=98 width=4)
	  Index Cond: ((k >= 2994434) AND (k <= 2994534))

table 3 : explain SELECT k FROM sbtest3 WHERE k BETWEEN 2994434 AND 2994534
	Index Only Scan using k_3 on sbtest3  (cost=0.43..10.36 rows=96 width=4)
	  Index Cond: ((k >= 2994434) AND (k <= 2994534))

table 4 : explain SELECT k FROM sbtest4 WHERE k BETWEEN 2994434 AND 2994534
	Index Only Scan using k_4 on sbtest4  (cost=0.43..10.60 rows=108 width=4)
	  Index Cond: ((k >= 2994434) AND (k <= 2994534))

table 5 : explain SELECT k FROM sbtest5 WHERE k BETWEEN 2994434 AND 2994534
	Index Only Scan using k_5 on sbtest5  (cost=0.43..10.51 rows=104 width=4)
	  Index Cond: ((k >= 2994434) AND (k <= 2994534))

table 6 : explain SELECT k FROM sbtest6 WHERE k BETWEEN 2994434 AND 2994534
	Index Only Scan using k_6 on sbtest6  (cost=0.43..6.32 rows=94 width=4)
	  Index Cond: ((k >= 2994434) AND (k <= 2994534))

table 7 : explain SELECT k FROM sbtest7 WHERE k BETWEEN 2994434 AND 2994534
	Index Only Scan using k_7 on sbtest7  (cost=0.43..10.47 rows=102 width=4)
	  Index Cond: ((k >= 2994434) AND (k <= 2994534))

table 8 : explain SELECT k FROM sbtest8 WHERE k BETWEEN 2994434 AND 2994534
	Index Only Scan using k_8 on sbtest8  (cost=0.43..6.56 rows=106 width=4)
	  Index Cond: ((k >= 2994434) AND (k <= 2994534))

explain: for range-covered :: explain SELECT k FROM sbtest%d WHERE k BETWEEN 4242653 AND 4242753
explain: for range-covered :: explain SELECT k FROM sbtest%d WHERE k BETWEEN 2994434 AND 2994534
for range-covered
table 1 : explain SELECT k FROM sbtest1 WHERE k BETWEEN 7876086 AND 7876186
	Index Only Scan using k_1 on sbtest1  (cost=0.43..10.47 rows=102 width=4)
	  Index Cond: ((k >= 7876086) AND (k <= 7876186))

table 2 : explain SELECT k FROM sbtest2 WHERE k BETWEEN 7876086 AND 7876186
	Index Only Scan using k_2 on sbtest2  (cost=0.43..6.42 rows=99 width=4)
	  Index Cond: ((k >= 7876086) AND (k <= 7876186))

table 3 : explain SELECT k FROM sbtest3 WHERE k BETWEEN 7876086 AND 7876186
	Index Only Scan using k_3 on sbtest3  (cost=0.43..10.40 rows=98 width=4)
	  Index Cond: ((k >= 7876086) AND (k <= 7876186))

table 4 : explain SELECT k FROM sbtest4 WHERE k BETWEEN 7876086 AND 7876186
	Index Only Scan using k_4 on sbtest4  (cost=0.43..10.38 rows=97 width=4)
	  Index Cond: ((k >= 7876086) AND (k <= 7876186))

table 5 : explain SELECT k FROM sbtest5 WHERE k BETWEEN 7876086 AND 7876186
	Index Only Scan using k_5 on sbtest5  (cost=0.43..10.47 rows=102 width=4)
	  Index Cond: ((k >= 7876086) AND (k <= 7876186))

table 6 : explain SELECT k FROM sbtest6 WHERE k BETWEEN 7876086 AND 7876186
	Index Only Scan using k_6 on sbtest6  (cost=0.43..6.33 rows=95 width=4)
	  Index Cond: ((k >= 7876086) AND (k <= 7876186))

table 7 : explain SELECT k FROM sbtest7 WHERE k BETWEEN 7876086 AND 7876186
	Index Only Scan using k_7 on sbtest7  (cost=0.43..10.33 rows=95 width=4)
	  Index Cond: ((k >= 7876086) AND (k <= 7876186))

table 8 : explain SELECT k FROM sbtest8 WHERE k BETWEEN 7876086 AND 7876186
	Index Only Scan using k_8 on sbtest8  (cost=0.43..6.74 rows=115 width=4)
	  Index Cond: ((k >= 7876086) AND (k <= 7876186))

explain: for range-covered :: explain SELECT k FROM sbtest%d WHERE k BETWEEN 7876086 AND 7876186
for range-covered
table 1 : explain SELECT k FROM sbtest1 WHERE k BETWEEN 5926049 AND 5926149
	Index Only Scan using k_1 on sbtest1  (cost=0.43..10.50 rows=103 width=4)
	  Index Cond: ((k >= 5926049) AND (k <= 5926149))

table 2 : explain SELECT k FROM sbtest2 WHERE k BETWEEN 5926049 AND 5926149
	Index Only Scan using k_2 on sbtest2  (cost=0.43..6.50 rows=103 width=4)
	  Index Cond: ((k >= 5926049) AND (k <= 5926149))

table 3 : explain SELECT k FROM sbtest3 WHERE k BETWEEN 5926049 AND 5926149
	Index Only Scan using k_3 on sbtest3  (cost=0.43..10.54 rows=105 width=4)
	  Index Cond: ((k >= 5926049) AND (k <= 5926149))

table 4 : explain SELECT k FROM sbtest4 WHERE k BETWEEN 5926049 AND 5926149
	Index Only Scan using k_4 on sbtest4  (cost=0.43..10.60 rows=108 width=4)
	  Index Cond: ((k >= 5926049) AND (k <= 5926149))

table 5 : explain SELECT k FROM sbtest5 WHERE k BETWEEN 5926049 AND 5926149
	Index Only Scan using k_5 on sbtest5  (cost=0.43..10.29 rows=93 width=4)
	  Index Cond: ((k >= 5926049) AND (k <= 5926149))

table 6 : explain SELECT k FROM sbtest6 WHERE k BETWEEN 5926049 AND 5926149
	Index Only Scan using k_6 on sbtest6  (cost=0.43..6.53 rows=105 width=4)
	  Index Cond: ((k >= 5926049) AND (k <= 5926149))

table 7 : explain SELECT k FROM sbtest7 WHERE k BETWEEN 5926049 AND 5926149
	Index Only Scan using k_7 on sbtest7  (cost=0.43..10.47 rows=102 width=4)
	  Index Cond: ((k >= 5926049) AND (k <= 5926149))

table 8 : explain SELECT k FROM sbtest8 WHERE k BETWEEN 5926049 AND 5926149
	Index Only Scan using k_8 on sbtest8  (cost=0.43..6.61 rows=109 width=4)
	  Index Cond: ((k >= 5926049) AND (k <= 5926149))

for range-covered
table 1 : explain SELECT k FROM sbtest1 WHERE k BETWEEN 8608362 AND 8608462
	Index Only Scan using k_1 on sbtest1  (cost=0.43..10.54 rows=105 width=4)
	  Index Cond: ((k >= 8608362) AND (k <= 8608462))

table 2 : explain SELECT k FROM sbtest2 WHERE k BETWEEN 8608362 AND 8608462
	Index Only Scan using k_2 on sbtest2  (cost=0.43..6.32 rows=94 width=4)
	  Index Cond: ((k >= 8608362) AND (k <= 8608462))

table 3 : explain SELECT k FROM sbtest3 WHERE k BETWEEN 8608362 AND 8608462
	Index Only Scan using k_3 on sbtest3  (cost=0.43..10.78 rows=117 width=4)
	  Index Cond: ((k >= 8608362) AND (k <= 8608462))

table 4 : explain SELECT k FROM sbtest4 WHERE k BETWEEN 8608362 AND 8608462
	Index Only Scan using k_4 on sbtest4  (cost=0.43..10.65 rows=111 width=4)
	  Index Cond: ((k >= 8608362) AND (k <= 8608462))

table 5 : explain SELECT k FROM sbtest5 WHERE k BETWEEN 8608362 AND 8608462
	Index Only Scan using k_5 on sbtest5  (cost=0.43..10.40 rows=98 width=4)
	  Index Cond: ((k >= 8608362) AND (k <= 8608462))

table 6 : explain SELECT k FROM sbtest6 WHERE k BETWEEN 8608362 AND 8608462
	Index Only Scan using k_6 on sbtest6  (cost=0.43..6.59 rows=108 width=4)
	  Index Cond: ((k >= 8608362) AND (k <= 8608462))

table 7 : explain SELECT k FROM sbtest7 WHERE k BETWEEN 8608362 AND 8608462
	Index Only Scan using k_7 on sbtest7  (cost=0.43..10.60 rows=108 width=4)
	  Index Cond: ((k >= 8608362) AND (k <= 8608462))

table 8 : explain SELECT k FROM sbtest8 WHERE k BETWEEN 8608362 AND 8608462
	Index Only Scan using k_8 on sbtest8  (cost=0.43..6.51 rows=104 width=4)
	  Index Cond: ((k >= 8608362) AND (k <= 8608462))

for range-covered
table 1 : explain SELECT k FROM sbtest1 WHERE k BETWEEN 2994434 AND 2994534
	Index Only Scan using k_1 on sbtest1  (cost=0.43..10.62 rows=109 width=4)
	  Index Cond: ((k >= 2994434) AND (k <= 2994534))

table 2 : explain SELECT k FROM sbtest2 WHERE k BETWEEN 2994434 AND 2994534
	Index Only Scan using k_2 on sbtest2  (cost=0.43..6.40 rows=98 width=4)
	  Index Cond: ((k >= 2994434) AND (k <= 2994534))

table 3 : explain SELECT k FROM sbtest3 WHERE k BETWEEN 2994434 AND 2994534
	Index Only Scan using k_3 on sbtest3  (cost=0.43..10.36 rows=96 width=4)
	  Index Cond: ((k >= 2994434) AND (k <= 2994534))

table 4 : explain SELECT k FROM sbtest4 WHERE k BETWEEN 2994434 AND 2994534
	Index Only Scan using k_4 on sbtest4  (cost=0.43..10.60 rows=108 width=4)
	  Index Cond: ((k >= 2994434) AND (k <= 2994534))

table 5 : explain SELECT k FROM sbtest5 WHERE k BETWEEN 2994434 AND 2994534
	Index Only Scan using k_5 on sbtest5  (cost=0.43..10.51 rows=104 width=4)
	  Index Cond: ((k >= 2994434) AND (k <= 2994534))

table 6 : explain SELECT k FROM sbtest6 WHERE k BETWEEN 2994434 AND 2994534
	Index Only Scan using k_6 on sbtest6  (cost=0.43..6.32 rows=94 width=4)
	  Index Cond: ((k >= 2994434) AND (k <= 2994534))

table 7 : explain SELECT k FROM sbtest7 WHERE k BETWEEN 2994434 AND 2994534
	Index Only Scan using k_7 on sbtest7  (cost=0.43..10.47 rows=102 width=4)
	  Index Cond: ((k >= 2994434) AND (k <= 2994534))

table 8 : explain SELECT k FROM sbtest8 WHERE k BETWEEN 2994434 AND 2994534
	Index Only Scan using k_8 on sbtest8  (cost=0.43..6.56 rows=106 width=4)
	  Index Cond: ((k >= 2994434) AND (k <= 2994534))

explain: for range-covered :: explain SELECT k FROM sbtest%d WHERE k BETWEEN 5926049 AND 5926149
explain: for range-covered :: explain SELECT k FROM sbtest%d WHERE k BETWEEN 2994434 AND 2994534
for range-covered
table 1 : explain SELECT k FROM sbtest1 WHERE k BETWEEN 4242653 AND 4242753
	Index Only Scan using k_1 on sbtest1  (cost=0.43..10.42 rows=99 width=4)
	  Index Cond: ((k >= 4242653) AND (k <= 4242753))

table 2 : explain SELECT k FROM sbtest2 WHERE k BETWEEN 4242653 AND 4242753
	Index Only Scan using k_2 on sbtest2  (cost=0.43..6.42 rows=99 width=4)
	  Index Cond: ((k >= 4242653) AND (k <= 4242753))

table 3 : explain SELECT k FROM sbtest3 WHERE k BETWEEN 4242653 AND 4242753
	Index Only Scan using k_3 on sbtest3  (cost=0.43..10.26 rows=91 width=4)
	  Index Cond: ((k >= 4242653) AND (k <= 4242753))

table 4 : explain SELECT k FROM sbtest4 WHERE k BETWEEN 4242653 AND 4242753
	Index Only Scan using k_4 on sbtest4  (cost=0.43..10.46 rows=101 width=4)
	  Index Cond: ((k >= 4242653) AND (k <= 4242753))

table 5 : explain SELECT k FROM sbtest5 WHERE k BETWEEN 4242653 AND 4242753
	Index Only Scan using k_5 on sbtest5  (cost=0.43..10.62 rows=109 width=4)
	  Index Cond: ((k >= 4242653) AND (k <= 4242753))

table 6 : explain SELECT k FROM sbtest6 WHERE k BETWEEN 4242653 AND 4242753
	Index Only Scan using k_6 on sbtest6  (cost=0.43..6.47 rows=102 width=4)
	  Index Cond: ((k >= 4242653) AND (k <= 4242753))

table 7 : explain SELECT k FROM sbtest7 WHERE k BETWEEN 4242653 AND 4242753
	Index Only Scan using k_7 on sbtest7  (cost=0.43..10.44 rows=100 width=4)
	  Index Cond: ((k >= 4242653) AND (k <= 4242753))

table 8 : explain SELECT k FROM sbtest8 WHERE k BETWEEN 4242653 AND 4242753
	Index Only Scan using k_8 on sbtest8  (cost=0.43..6.47 rows=102 width=4)
	  Index Cond: ((k >= 4242653) AND (k <= 4242753))

for range-covered
table 1 : explain SELECT k FROM sbtest1 WHERE k BETWEEN 7876086 AND 7876186
	Index Only Scan using k_1 on sbtest1  (cost=0.43..10.47 rows=102 width=4)
	  Index Cond: ((k >= 7876086) AND (k <= 7876186))

table 2 : explain SELECT k FROM sbtest2 WHERE k BETWEEN 7876086 AND 7876186
	Index Only Scan using k_2 on sbtest2  (cost=0.43..6.42 rows=99 width=4)
	  Index Cond: ((k >= 7876086) AND (k <= 7876186))

table 3 : explain SELECT k FROM sbtest3 WHERE k BETWEEN 7876086 AND 7876186
	Index Only Scan using k_3 on sbtest3  (cost=0.43..10.40 rows=98 width=4)
	  Index Cond: ((k >= 7876086) AND (k <= 7876186))

table 4 : explain SELECT k FROM sbtest4 WHERE k BETWEEN 7876086 AND 7876186
	Index Only Scan using k_4 on sbtest4  (cost=0.43..10.38 rows=97 width=4)
	  Index Cond: ((k >= 7876086) AND (k <= 7876186))

table 5 : explain SELECT k FROM sbtest5 WHERE k BETWEEN 7876086 AND 7876186
	Index Only Scan using k_5 on sbtest5  (cost=0.43..10.47 rows=102 width=4)
	  Index Cond: ((k >= 7876086) AND (k <= 7876186))

table 6 : explain SELECT k FROM sbtest6 WHERE k BETWEEN 7876086 AND 7876186
	Index Only Scan using k_6 on sbtest6  (cost=0.43..6.33 rows=95 width=4)
	  Index Cond: ((k >= 7876086) AND (k <= 7876186))

table 7 : explain SELECT k FROM sbtest7 WHERE k BETWEEN 7876086 AND 7876186
	Index Only Scan using k_7 on sbtest7  (cost=0.43..10.33 rows=95 width=4)
	  Index Cond: ((k >= 7876086) AND (k <= 7876186))

table 8 : explain SELECT k FROM sbtest8 WHERE k BETWEEN 7876086 AND 7876186
	Index Only Scan using k_8 on sbtest8  (cost=0.43..6.74 rows=115 width=4)
	  Index Cond: ((k >= 7876086) AND (k <= 7876186))

explain: for range-covered :: explain SELECT k FROM sbtest%d WHERE k BETWEEN 7876086 AND 7876186
explain: for range-covered :: explain SELECT k FROM sbtest%d WHERE k BETWEEN 3732983 AND 3733083
for range-covered
table 1 : explain SELECT k FROM sbtest1 WHERE k BETWEEN 2994434 AND 2994534
	Index Only Scan using k_1 on sbtest1  (cost=0.43..10.62 rows=109 width=4)
	  Index Cond: ((k >= 2994434) AND (k <= 2994534))

table 2 : explain SELECT k FROM sbtest2 WHERE k BETWEEN 2994434 AND 2994534
	Index Only Scan using k_2 on sbtest2  (cost=0.43..6.40 rows=98 width=4)
	  Index Cond: ((k >= 2994434) AND (k <= 2994534))

table 3 : explain SELECT k FROM sbtest3 WHERE k BETWEEN 2994434 AND 2994534
	Index Only Scan using k_3 on sbtest3  (cost=0.43..10.36 rows=96 width=4)
	  Index Cond: ((k >= 2994434) AND (k <= 2994534))

table 4 : explain SELECT k FROM sbtest4 WHERE k BETWEEN 2994434 AND 2994534
	Index Only Scan using k_4 on sbtest4  (cost=0.43..10.60 rows=108 width=4)
	  Index Cond: ((k >= 2994434) AND (k <= 2994534))

table 5 : explain SELECT k FROM sbtest5 WHERE k BETWEEN 2994434 AND 2994534
	Index Only Scan using k_5 on sbtest5  (cost=0.43..10.51 rows=104 width=4)
	  Index Cond: ((k >= 2994434) AND (k <= 2994534))

table 6 : explain SELECT k FROM sbtest6 WHERE k BETWEEN 2994434 AND 2994534
	Index Only Scan using k_6 on sbtest6  (cost=0.43..6.32 rows=94 width=4)
	  Index Cond: ((k >= 2994434) AND (k <= 2994534))

table 7 : explain SELECT k FROM sbtest7 WHERE k BETWEEN 2994434 AND 2994534
	Index Only Scan using k_7 on sbtest7  (cost=0.43..10.47 rows=102 width=4)
	  Index Cond: ((k >= 2994434) AND (k <= 2994534))

table 8 : explain SELECT k FROM sbtest8 WHERE k BETWEEN 2994434 AND 2994534
	Index Only Scan using k_8 on sbtest8  (cost=0.43..6.56 rows=106 width=4)
	  Index Cond: ((k >= 2994434) AND (k <= 2994534))

for range-covered
table 1 : explain SELECT k FROM sbtest1 WHERE k BETWEEN 5848738 AND 5848838
	Index Only Scan using k_1 on sbtest1  (cost=0.43..10.54 rows=105 width=4)
	  Index Cond: ((k >= 5848738) AND (k <= 5848838))

table 2 : explain SELECT k FROM sbtest2 WHERE k BETWEEN 5848738 AND 5848838
	Index Only Scan using k_2 on sbtest2  (cost=0.43..6.45 rows=101 width=4)
	  Index Cond: ((k >= 5848738) AND (k <= 5848838))

table 3 : explain SELECT k FROM sbtest3 WHERE k BETWEEN 5848738 AND 5848838
	Index Only Scan using k_3 on sbtest3  (cost=0.43..10.54 rows=105 width=4)
	  Index Cond: ((k >= 5848738) AND (k <= 5848838))

table 4 : explain SELECT k FROM sbtest4 WHERE k BETWEEN 5848738 AND 5848838
	Index Only Scan using k_4 on sbtest4  (cost=0.43..10.36 rows=96 width=4)
	  Index Cond: ((k >= 5848738) AND (k <= 5848838))

table 5 : explain SELECT k FROM sbtest5 WHERE k BETWEEN 5848738 AND 5848838
	Index Only Scan using k_5 on sbtest5  (cost=0.43..10.62 rows=109 width=4)
	  Index Cond: ((k >= 5848738) AND (k <= 5848838))

table 6 : explain SELECT k FROM sbtest6 WHERE k BETWEEN 5848738 AND 5848838
	Index Only Scan using k_6 on sbtest6  (cost=0.43..6.53 rows=105 width=4)
	  Index Cond: ((k >= 5848738) AND (k <= 5848838))

table 7 : explain SELECT k FROM sbtest7 WHERE k BETWEEN 5848738 AND 5848838
	Index Only Scan using k_7 on sbtest7  (cost=0.43..10.40 rows=98 width=4)
	  Index Cond: ((k >= 5848738) AND (k <= 5848838))

table 8 : explain SELECT k FROM sbtest8 WHERE k BETWEEN 5848738 AND 5848838
	Index Only Scan using k_8 on sbtest8  (cost=0.43..6.56 rows=106 width=4)
	  Index Cond: ((k >= 5848738) AND (k <= 5848838))

explain: for range-covered :: explain SELECT k FROM sbtest%d WHERE k BETWEEN 2994434 AND 2994534
for range-covered
table 1 : explain SELECT k FROM sbtest1 WHERE k BETWEEN 5926049 AND 5926149
	Index Only Scan using k_1 on sbtest1  (cost=0.43..10.50 rows=103 width=4)
	  Index Cond: ((k >= 5926049) AND (k <= 5926149))

table 2 : explain SELECT k FROM sbtest2 WHERE k BETWEEN 5926049 AND 5926149
	Index Only Scan using k_2 on sbtest2  (cost=0.43..6.50 rows=103 width=4)
	  Index Cond: ((k >= 5926049) AND (k <= 5926149))

table 3 : explain SELECT k FROM sbtest3 WHERE k BETWEEN 5926049 AND 5926149
	Index Only Scan using k_3 on sbtest3  (cost=0.43..10.54 rows=105 width=4)
	  Index Cond: ((k >= 5926049) AND (k <= 5926149))

table 4 : explain SELECT k FROM sbtest4 WHERE k BETWEEN 5926049 AND 5926149
	Index Only Scan using k_4 on sbtest4  (cost=0.43..10.60 rows=108 width=4)
	  Index Cond: ((k >= 5926049) AND (k <= 5926149))

table 5 : explain SELECT k FROM sbtest5 WHERE k BETWEEN 5926049 AND 5926149
	Index Only Scan using k_5 on sbtest5  (cost=0.43..10.29 rows=93 width=4)
	  Index Cond: ((k >= 5926049) AND (k <= 5926149))

table 6 : explain SELECT k FROM sbtest6 WHERE k BETWEEN 5926049 AND 5926149
	Index Only Scan using k_6 on sbtest6  (cost=0.43..6.53 rows=105 width=4)
	  Index Cond: ((k >= 5926049) AND (k <= 5926149))

table 7 : explain SELECT k FROM sbtest7 WHERE k BETWEEN 5926049 AND 5926149
	Index Only Scan using k_7 on sbtest7  (cost=0.43..10.47 rows=102 width=4)
	  Index Cond: ((k >= 5926049) AND (k <= 5926149))

table 8 : explain SELECT k FROM sbtest8 WHERE k BETWEEN 5926049 AND 5926149
	Index Only Scan using k_8 on sbtest8  (cost=0.43..6.61 rows=109 width=4)
	  Index Cond: ((k >= 5926049) AND (k <= 5926149))

explain: for range-covered :: explain SELECT k FROM sbtest%d WHERE k BETWEEN 5926049 AND 5926149
for range-covered
table 1 : explain SELECT k FROM sbtest1 WHERE k BETWEEN 2994434 AND 2994534
	Index Only Scan using k_1 on sbtest1  (cost=0.43..10.62 rows=109 width=4)
	  Index Cond: ((k >= 2994434) AND (k <= 2994534))

table 2 : explain SELECT k FROM sbtest2 WHERE k BETWEEN 2994434 AND 2994534
	Index Only Scan using k_2 on sbtest2  (cost=0.43..6.40 rows=98 width=4)
	  Index Cond: ((k >= 2994434) AND (k <= 2994534))

table 3 : explain SELECT k FROM sbtest3 WHERE k BETWEEN 2994434 AND 2994534
	Index Only Scan using k_3 on sbtest3  (cost=0.43..10.36 rows=96 width=4)
	  Index Cond: ((k >= 2994434) AND (k <= 2994534))

table 4 : explain SELECT k FROM sbtest4 WHERE k BETWEEN 2994434 AND 2994534
	Index Only Scan using k_4 on sbtest4  (cost=0.43..10.60 rows=108 width=4)
	  Index Cond: ((k >= 2994434) AND (k <= 2994534))

table 5 : explain SELECT k FROM sbtest5 WHERE k BETWEEN 2994434 AND 2994534
	Index Only Scan using k_5 on sbtest5  (cost=0.43..10.51 rows=104 width=4)
	  Index Cond: ((k >= 2994434) AND (k <= 2994534))

table 6 : explain SELECT k FROM sbtest6 WHERE k BETWEEN 2994434 AND 2994534
	Index Only Scan using k_6 on sbtest6  (cost=0.43..6.32 rows=94 width=4)
	  Index Cond: ((k >= 2994434) AND (k <= 2994534))

table 7 : explain SELECT k FROM sbtest7 WHERE k BETWEEN 2994434 AND 2994534
	Index Only Scan using k_7 on sbtest7  (cost=0.43..10.47 rows=102 width=4)
	  Index Cond: ((k >= 2994434) AND (k <= 2994534))

table 8 : explain SELECT k FROM sbtest8 WHERE k BETWEEN 2994434 AND 2994534
	Index Only Scan using k_8 on sbtest8  (cost=0.43..6.56 rows=106 width=4)
	  Index Cond: ((k >= 2994434) AND (k <= 2994534))

explain: for range-covered :: explain SELECT k FROM sbtest%d WHERE k BETWEEN 2994434 AND 2994534
for range-covered
table 1 : explain SELECT k FROM sbtest1 WHERE k BETWEEN 7876086 AND 7876186
	Index Only Scan using k_1 on sbtest1  (cost=0.43..10.47 rows=102 width=4)
	  Index Cond: ((k >= 7876086) AND (k <= 7876186))

table 2 : explain SELECT k FROM sbtest2 WHERE k BETWEEN 7876086 AND 7876186
	Index Only Scan using k_2 on sbtest2  (cost=0.43..6.42 rows=99 width=4)
	  Index Cond: ((k >= 7876086) AND (k <= 7876186))

table 3 : explain SELECT k FROM sbtest3 WHERE k BETWEEN 7876086 AND 7876186
	Index Only Scan using k_3 on sbtest3  (cost=0.43..10.40 rows=98 width=4)
	  Index Cond: ((k >= 7876086) AND (k <= 7876186))

table 4 : explain SELECT k FROM sbtest4 WHERE k BETWEEN 7876086 AND 7876186
	Index Only Scan using k_4 on sbtest4  (cost=0.43..10.38 rows=97 width=4)
	  Index Cond: ((k >= 7876086) AND (k <= 7876186))

table 5 : explain SELECT k FROM sbtest5 WHERE k BETWEEN 7876086 AND 7876186
	Index Only Scan using k_5 on sbtest5  (cost=0.43..10.47 rows=102 width=4)
	  Index Cond: ((k >= 7876086) AND (k <= 7876186))

table 6 : explain SELECT k FROM sbtest6 WHERE k BETWEEN 7876086 AND 7876186
	Index Only Scan using k_6 on sbtest6  (cost=0.43..6.33 rows=95 width=4)
	  Index Cond: ((k >= 7876086) AND (k <= 7876186))

table 7 : explain SELECT k FROM sbtest7 WHERE k BETWEEN 7876086 AND 7876186
	Index Only Scan using k_7 on sbtest7  (cost=0.43..10.33 rows=95 width=4)
	  Index Cond: ((k >= 7876086) AND (k <= 7876186))

table 8 : explain SELECT k FROM sbtest8 WHERE k BETWEEN 7876086 AND 7876186
	Index Only Scan using k_8 on sbtest8  (cost=0.43..6.74 rows=115 width=4)
	  Index Cond: ((k >= 7876086) AND (k <= 7876186))

for range-covered
table 1 : explain SELECT k FROM sbtest1 WHERE k BETWEEN 5926049 AND 5926149
	Index Only Scan using k_1 on sbtest1  (cost=0.43..10.50 rows=103 width=4)
	  Index Cond: ((k >= 5926049) AND (k <= 5926149))

table 2 : explain SELECT k FROM sbtest2 WHERE k BETWEEN 5926049 AND 5926149
	Index Only Scan using k_2 on sbtest2  (cost=0.43..6.50 rows=103 width=4)
	  Index Cond: ((k >= 5926049) AND (k <= 5926149))

table 3 : explain SELECT k FROM sbtest3 WHERE k BETWEEN 5926049 AND 5926149
	Index Only Scan using k_3 on sbtest3  (cost=0.43..10.54 rows=105 width=4)
	  Index Cond: ((k >= 5926049) AND (k <= 5926149))

table 4 : explain SELECT k FROM sbtest4 WHERE k BETWEEN 5926049 AND 5926149
	Index Only Scan using k_4 on sbtest4  (cost=0.43..10.60 rows=108 width=4)
	  Index Cond: ((k >= 5926049) AND (k <= 5926149))

table 5 : explain SELECT k FROM sbtest5 WHERE k BETWEEN 5926049 AND 5926149
	Index Only Scan using k_5 on sbtest5  (cost=0.43..10.29 rows=93 width=4)
	  Index Cond: ((k >= 5926049) AND (k <= 5926149))

table 6 : explain SELECT k FROM sbtest6 WHERE k BETWEEN 5926049 AND 5926149
	Index Only Scan using k_6 on sbtest6  (cost=0.43..6.53 rows=105 width=4)
	  Index Cond: ((k >= 5926049) AND (k <= 5926149))

table 7 : explain SELECT k FROM sbtest7 WHERE k BETWEEN 5926049 AND 5926149
	Index Only Scan using k_7 on sbtest7  (cost=0.43..10.47 rows=102 width=4)
	  Index Cond: ((k >= 5926049) AND (k <= 5926149))

table 8 : explain SELECT k FROM sbtest8 WHERE k BETWEEN 5926049 AND 5926149
	Index Only Scan using k_8 on sbtest8  (cost=0.43..6.61 rows=109 width=4)
	  Index Cond: ((k >= 5926049) AND (k <= 5926149))

for range-covered
table 1 : explain SELECT k FROM sbtest1 WHERE k BETWEEN 3535569 AND 3535669
	Index Only Scan using k_1 on sbtest1  (cost=0.43..10.58 rows=107 width=4)
	  Index Cond: ((k >= 3535569) AND (k <= 3535669))

table 2 : explain SELECT k FROM sbtest2 WHERE k BETWEEN 3535569 AND 3535669
	Index Only Scan using k_2 on sbtest2  (cost=0.43..6.59 rows=108 width=4)
	  Index Cond: ((k >= 3535569) AND (k <= 3535669))

table 3 : explain SELECT k FROM sbtest3 WHERE k BETWEEN 3535569 AND 3535669
	Index Only Scan using k_3 on sbtest3  (cost=0.43..10.44 rows=100 width=4)
	  Index Cond: ((k >= 3535569) AND (k <= 3535669))

table 4 : explain SELECT k FROM sbtest4 WHERE k BETWEEN 3535569 AND 3535669
	Index Only Scan using k_4 on sbtest4  (cost=0.43..10.29 rows=93 width=4)
	  Index Cond: ((k >= 3535569) AND (k <= 3535669))

table 5 : explain SELECT k FROM sbtest5 WHERE k BETWEEN 3535569 AND 3535669
	Index Only Scan using k_5 on sbtest5  (cost=0.43..10.46 rows=101 width=4)
	  Index Cond: ((k >= 3535569) AND (k <= 3535669))

table 6 : explain SELECT k FROM sbtest6 WHERE k BETWEEN 3535569 AND 3535669
	Index Only Scan using k_6 on sbtest6  (cost=0.43..6.47 rows=102 width=4)
	  Index Cond: ((k >= 3535569) AND (k <= 3535669))

table 7 : explain SELECT k FROM sbtest7 WHERE k BETWEEN 3535569 AND 3535669
	Index Only Scan using k_7 on sbtest7  (cost=0.43..10.72 rows=114 width=4)
	  Index Cond: ((k >= 3535569) AND (k <= 3535669))

table 8 : explain SELECT k FROM sbtest8 WHERE k BETWEEN 3535569 AND 3535669
	Index Only Scan using k_8 on sbtest8  (cost=0.43..6.43 rows=100 width=4)
	  Index Cond: ((k >= 3535569) AND (k <= 3535669))

explain: for range-covered :: explain SELECT k FROM sbtest%d WHERE k BETWEEN 3535569 AND 3535669
explain: for range-covered :: explain SELECT k FROM sbtest%d WHERE k BETWEEN 5926049 AND 5926149
for range-covered
table 1 : explain SELECT k FROM sbtest1 WHERE k BETWEEN 7568999 AND 7569099
	Index Only Scan using k_1 on sbtest1  (cost=0.43..10.46 rows=101 width=4)
	  Index Cond: ((k >= 7568999) AND (k <= 7569099))

table 2 : explain SELECT k FROM sbtest2 WHERE k BETWEEN 7568999 AND 7569099
	Index Only Scan using k_2 on sbtest2  (cost=0.43..6.45 rows=101 width=4)
	  Index Cond: ((k >= 7568999) AND (k <= 7569099))

table 3 : explain SELECT k FROM sbtest3 WHERE k BETWEEN 7568999 AND 7569099
	Index Only Scan using k_3 on sbtest3  (cost=0.43..10.60 rows=108 width=4)
	  Index Cond: ((k >= 7568999) AND (k <= 7569099))

table 4 : explain SELECT k FROM sbtest4 WHERE k BETWEEN 7568999 AND 7569099
	Index Only Scan using k_4 on sbtest4  (cost=0.43..10.40 rows=98 width=4)
	  Index Cond: ((k >= 7568999) AND (k <= 7569099))

table 5 : explain SELECT k FROM sbtest5 WHERE k BETWEEN 7568999 AND 7569099
	Index Only Scan using k_5 on sbtest5  (cost=0.43..10.62 rows=109 width=4)
	  Index Cond: ((k >= 7568999) AND (k <= 7569099))

table 6 : explain SELECT k FROM sbtest6 WHERE k BETWEEN 7568999 AND 7569099
	Index Only Scan using k_6 on sbtest6  (cost=0.43..6.61 rows=109 width=4)
	  Index Cond: ((k >= 7568999) AND (k <= 7569099))

table 7 : explain SELECT k FROM sbtest7 WHERE k BETWEEN 7568999 AND 7569099
	Index Only Scan using k_7 on sbtest7  (cost=0.43..10.33 rows=95 width=4)
	  Index Cond: ((k >= 7568999) AND (k <= 7569099))

table 8 : explain SELECT k FROM sbtest8 WHERE k BETWEEN 7568999 AND 7569099
	Index Only Scan using k_8 on sbtest8  (cost=0.43..6.50 rows=103 width=4)
	  Index Cond: ((k >= 7568999) AND (k <= 7569099))

explain: for range-covered :: explain SELECT k FROM sbtest%d WHERE k BETWEEN 7568999 AND 7569099
explain: for range-covered :: explain SELECT k FROM sbtest%d WHERE k BETWEEN 3305973 AND 3306073
for range-covered
table 1 : explain SELECT k FROM sbtest1 WHERE k BETWEEN 3535569 AND 3535669
	Index Only Scan using k_1 on sbtest1  (cost=0.43..10.58 rows=107 width=4)
	  Index Cond: ((k >= 3535569) AND (k <= 3535669))

table 2 : explain SELECT k FROM sbtest2 WHERE k BETWEEN 3535569 AND 3535669
	Index Only Scan using k_2 on sbtest2  (cost=0.43..6.59 rows=108 width=4)
	  Index Cond: ((k >= 3535569) AND (k <= 3535669))

table 3 : explain SELECT k FROM sbtest3 WHERE k BETWEEN 3535569 AND 3535669
	Index Only Scan using k_3 on sbtest3  (cost=0.43..10.44 rows=100 width=4)
	  Index Cond: ((k >= 3535569) AND (k <= 3535669))

table 4 : explain SELECT k FROM sbtest4 WHERE k BETWEEN 3535569 AND 3535669
	Index Only Scan using k_4 on sbtest4  (cost=0.43..10.29 rows=93 width=4)
	  Index Cond: ((k >= 3535569) AND (k <= 3535669))

table 5 : explain SELECT k FROM sbtest5 WHERE k BETWEEN 3535569 AND 3535669
	Index Only Scan using k_5 on sbtest5  (cost=0.43..10.46 rows=101 width=4)
	  Index Cond: ((k >= 3535569) AND (k <= 3535669))

table 6 : explain SELECT k FROM sbtest6 WHERE k BETWEEN 3535569 AND 3535669
	Index Only Scan using k_6 on sbtest6  (cost=0.43..6.47 rows=102 width=4)
	  Index Cond: ((k >= 3535569) AND (k <= 3535669))

table 7 : explain SELECT k FROM sbtest7 WHERE k BETWEEN 3535569 AND 3535669
	Index Only Scan using k_7 on sbtest7  (cost=0.43..10.72 rows=114 width=4)
	  Index Cond: ((k >= 3535569) AND (k <= 3535669))

table 8 : explain SELECT k FROM sbtest8 WHERE k BETWEEN 3535569 AND 3535669
	Index Only Scan using k_8 on sbtest8  (cost=0.43..6.43 rows=100 width=4)
	  Index Cond: ((k >= 3535569) AND (k <= 3535669))

explain: for range-covered :: explain SELECT k FROM sbtest%d WHERE k BETWEEN 3535569 AND 3535669
for range-covered
table 1 : explain SELECT k FROM sbtest1 WHERE k BETWEEN 7568999 AND 7569099
	Index Only Scan using k_1 on sbtest1  (cost=0.43..10.46 rows=101 width=4)
	  Index Cond: ((k >= 7568999) AND (k <= 7569099))

table 2 : explain SELECT k FROM sbtest2 WHERE k BETWEEN 7568999 AND 7569099
	Index Only Scan using k_2 on sbtest2  (cost=0.43..6.45 rows=101 width=4)
	  Index Cond: ((k >= 7568999) AND (k <= 7569099))

table 3 : explain SELECT k FROM sbtest3 WHERE k BETWEEN 7568999 AND 7569099
	Index Only Scan using k_3 on sbtest3  (cost=0.43..10.60 rows=108 width=4)
	  Index Cond: ((k >= 7568999) AND (k <= 7569099))

table 4 : explain SELECT k FROM sbtest4 WHERE k BETWEEN 7568999 AND 7569099
	Index Only Scan using k_4 on sbtest4  (cost=0.43..10.40 rows=98 width=4)
	  Index Cond: ((k >= 7568999) AND (k <= 7569099))

table 5 : explain SELECT k FROM sbtest5 WHERE k BETWEEN 7568999 AND 7569099
	Index Only Scan using k_5 on sbtest5  (cost=0.43..10.62 rows=109 width=4)
	  Index Cond: ((k >= 7568999) AND (k <= 7569099))

table 6 : explain SELECT k FROM sbtest6 WHERE k BETWEEN 7568999 AND 7569099
	Index Only Scan using k_6 on sbtest6  (cost=0.43..6.61 rows=109 width=4)
	  Index Cond: ((k >= 7568999) AND (k <= 7569099))

table 7 : explain SELECT k FROM sbtest7 WHERE k BETWEEN 7568999 AND 7569099
	Index Only Scan using k_7 on sbtest7  (cost=0.43..10.33 rows=95 width=4)
	  Index Cond: ((k >= 7568999) AND (k <= 7569099))

table 8 : explain SELECT k FROM sbtest8 WHERE k BETWEEN 7568999 AND 7569099
	Index Only Scan using k_8 on sbtest8  (cost=0.43..6.50 rows=103 width=4)
	  Index Cond: ((k >= 7568999) AND (k <= 7569099))

explain: for range-covered :: explain SELECT k FROM sbtest%d WHERE k BETWEEN 7568999 AND 7569099
for range-covered
table 1 : explain SELECT k FROM sbtest1 WHERE k BETWEEN 5926049 AND 5926149
	Index Only Scan using k_1 on sbtest1  (cost=0.43..10.50 rows=103 width=4)
	  Index Cond: ((k >= 5926049) AND (k <= 5926149))

table 2 : explain SELECT k FROM sbtest2 WHERE k BETWEEN 5926049 AND 5926149
	Index Only Scan using k_2 on sbtest2  (cost=0.43..6.50 rows=103 width=4)
	  Index Cond: ((k >= 5926049) AND (k <= 5926149))

table 3 : explain SELECT k FROM sbtest3 WHERE k BETWEEN 5926049 AND 5926149
	Index Only Scan using k_3 on sbtest3  (cost=0.43..10.54 rows=105 width=4)
	  Index Cond: ((k >= 5926049) AND (k <= 5926149))

table 4 : explain SELECT k FROM sbtest4 WHERE k BETWEEN 5926049 AND 5926149
	Index Only Scan using k_4 on sbtest4  (cost=0.43..10.60 rows=108 width=4)
	  Index Cond: ((k >= 5926049) AND (k <= 5926149))

table 5 : explain SELECT k FROM sbtest5 WHERE k BETWEEN 5926049 AND 5926149
	Index Only Scan using k_5 on sbtest5  (cost=0.43..10.29 rows=93 width=4)
	  Index Cond: ((k >= 5926049) AND (k <= 5926149))

table 6 : explain SELECT k FROM sbtest6 WHERE k BETWEEN 5926049 AND 5926149
	Index Only Scan using k_6 on sbtest6  (cost=0.43..6.53 rows=105 width=4)
	  Index Cond: ((k >= 5926049) AND (k <= 5926149))

table 7 : explain SELECT k FROM sbtest7 WHERE k BETWEEN 5926049 AND 5926149
	Index Only Scan using k_7 on sbtest7  (cost=0.43..10.47 rows=102 width=4)
	  Index Cond: ((k >= 5926049) AND (k <= 5926149))

table 8 : explain SELECT k FROM sbtest8 WHERE k BETWEEN 5926049 AND 5926149
	Index Only Scan using k_8 on sbtest8  (cost=0.43..6.61 rows=109 width=4)
	  Index Cond: ((k >= 5926049) AND (k <= 5926149))

explain: for range-covered :: explain SELECT k FROM sbtest%d WHERE k BETWEEN 5926049 AND 5926149
for range-covered
table 1 : explain SELECT k FROM sbtest1 WHERE k BETWEEN 3535569 AND 3535669
	Index Only Scan using k_1 on sbtest1  (cost=0.43..10.58 rows=107 width=4)
	  Index Cond: ((k >= 3535569) AND (k <= 3535669))

table 2 : explain SELECT k FROM sbtest2 WHERE k BETWEEN 3535569 AND 3535669
	Index Only Scan using k_2 on sbtest2  (cost=0.43..6.59 rows=108 width=4)
	  Index Cond: ((k >= 3535569) AND (k <= 3535669))

table 3 : explain SELECT k FROM sbtest3 WHERE k BETWEEN 3535569 AND 3535669
	Index Only Scan using k_3 on sbtest3  (cost=0.43..10.44 rows=100 width=4)
	  Index Cond: ((k >= 3535569) AND (k <= 3535669))

table 4 : explain SELECT k FROM sbtest4 WHERE k BETWEEN 3535569 AND 3535669
	Index Only Scan using k_4 on sbtest4  (cost=0.43..10.29 rows=93 width=4)
	  Index Cond: ((k >= 3535569) AND (k <= 3535669))

table 5 : explain SELECT k FROM sbtest5 WHERE k BETWEEN 3535569 AND 3535669
	Index Only Scan using k_5 on sbtest5  (cost=0.43..10.46 rows=101 width=4)
	  Index Cond: ((k >= 3535569) AND (k <= 3535669))

table 6 : explain SELECT k FROM sbtest6 WHERE k BETWEEN 3535569 AND 3535669
	Index Only Scan using k_6 on sbtest6  (cost=0.43..6.47 rows=102 width=4)
	  Index Cond: ((k >= 3535569) AND (k <= 3535669))

table 7 : explain SELECT k FROM sbtest7 WHERE k BETWEEN 3535569 AND 3535669
	Index Only Scan using k_7 on sbtest7  (cost=0.43..10.72 rows=114 width=4)
	  Index Cond: ((k >= 3535569) AND (k <= 3535669))

table 8 : explain SELECT k FROM sbtest8 WHERE k BETWEEN 3535569 AND 3535669
	Index Only Scan using k_8 on sbtest8  (cost=0.43..6.43 rows=100 width=4)
	  Index Cond: ((k >= 3535569) AND (k <= 3535669))

explain: for range-covered :: explain SELECT k FROM sbtest%d WHERE k BETWEEN 3535569 AND 3535669
for range-covered
table 1 : explain SELECT k FROM sbtest1 WHERE k BETWEEN 3732983 AND 3733083
	Index Only Scan using k_1 on sbtest1  (cost=0.43..10.58 rows=107 width=4)
	  Index Cond: ((k >= 3732983) AND (k <= 3733083))

table 2 : explain SELECT k FROM sbtest2 WHERE k BETWEEN 3732983 AND 3733083
	Index Only Scan using k_2 on sbtest2  (cost=0.43..6.58 rows=107 width=4)
	  Index Cond: ((k >= 3732983) AND (k <= 3733083))

table 3 : explain SELECT k FROM sbtest3 WHERE k BETWEEN 3732983 AND 3733083
	Index Only Scan using k_3 on sbtest3  (cost=0.43..10.42 rows=99 width=4)
	  Index Cond: ((k >= 3732983) AND (k <= 3733083))

table 4 : explain SELECT k FROM sbtest4 WHERE k BETWEEN 3732983 AND 3733083
	Index Only Scan using k_4 on sbtest4  (cost=0.43..10.62 rows=109 width=4)
	  Index Cond: ((k >= 3732983) AND (k <= 3733083))

table 5 : explain SELECT k FROM sbtest5 WHERE k BETWEEN 3732983 AND 3733083
	Index Only Scan using k_5 on sbtest5  (cost=0.43..10.46 rows=101 width=4)
	  Index Cond: ((k >= 3732983) AND (k <= 3733083))

table 6 : explain SELECT k FROM sbtest6 WHERE k BETWEEN 3732983 AND 3733083
	Index Only Scan using k_6 on sbtest6  (cost=0.43..6.59 rows=108 width=4)
	  Index Cond: ((k >= 3732983) AND (k <= 3733083))

table 7 : explain SELECT k FROM sbtest7 WHERE k BETWEEN 3732983 AND 3733083
	Index Only Scan using k_7 on sbtest7  (cost=0.43..10.32 rows=94 width=4)
	  Index Cond: ((k >= 3732983) AND (k <= 3733083))

table 8 : explain SELECT k FROM sbtest8 WHERE k BETWEEN 3732983 AND 3733083
	Index Only Scan using k_8 on sbtest8  (cost=0.43..6.59 rows=108 width=4)
	  Index Cond: ((k >= 3732983) AND (k <= 3733083))

explain: for range-covered :: explain SELECT k FROM sbtest%d WHERE k BETWEEN 3732983 AND 3733083
for range-covered
table 1 : explain SELECT k FROM sbtest1 WHERE k BETWEEN 7568999 AND 7569099
	Index Only Scan using k_1 on sbtest1  (cost=0.43..10.46 rows=101 width=4)
	  Index Cond: ((k >= 7568999) AND (k <= 7569099))

table 2 : explain SELECT k FROM sbtest2 WHERE k BETWEEN 7568999 AND 7569099
	Index Only Scan using k_2 on sbtest2  (cost=0.43..6.45 rows=101 width=4)
	  Index Cond: ((k >= 7568999) AND (k <= 7569099))

table 3 : explain SELECT k FROM sbtest3 WHERE k BETWEEN 7568999 AND 7569099
	Index Only Scan using k_3 on sbtest3  (cost=0.43..10.60 rows=108 width=4)
	  Index Cond: ((k >= 7568999) AND (k <= 7569099))

table 4 : explain SELECT k FROM sbtest4 WHERE k BETWEEN 7568999 AND 7569099
	Index Only Scan using k_4 on sbtest4  (cost=0.43..10.40 rows=98 width=4)
	  Index Cond: ((k >= 7568999) AND (k <= 7569099))

table 5 : explain SELECT k FROM sbtest5 WHERE k BETWEEN 7568999 AND 7569099
	Index Only Scan using k_5 on sbtest5  (cost=0.43..10.62 rows=109 width=4)
	  Index Cond: ((k >= 7568999) AND (k <= 7569099))

table 6 : explain SELECT k FROM sbtest6 WHERE k BETWEEN 7568999 AND 7569099
	Index Only Scan using k_6 on sbtest6  (cost=0.43..6.61 rows=109 width=4)
	  Index Cond: ((k >= 7568999) AND (k <= 7569099))

table 7 : explain SELECT k FROM sbtest7 WHERE k BETWEEN 7568999 AND 7569099
	Index Only Scan using k_7 on sbtest7  (cost=0.43..10.33 rows=95 width=4)
	  Index Cond: ((k >= 7568999) AND (k <= 7569099))

table 8 : explain SELECT k FROM sbtest8 WHERE k BETWEEN 7568999 AND 7569099
	Index Only Scan using k_8 on sbtest8  (cost=0.43..6.50 rows=103 width=4)
	  Index Cond: ((k >= 7568999) AND (k <= 7569099))

explain: for range-covered :: explain SELECT k FROM sbtest%d WHERE k BETWEEN 7568999 AND 7569099
for range-covered
table 1 : explain SELECT k FROM sbtest1 WHERE k BETWEEN 3732983 AND 3733083
	Index Only Scan using k_1 on sbtest1  (cost=0.43..10.58 rows=107 width=4)
	  Index Cond: ((k >= 3732983) AND (k <= 3733083))

table 2 : explain SELECT k FROM sbtest2 WHERE k BETWEEN 3732983 AND 3733083
	Index Only Scan using k_2 on sbtest2  (cost=0.43..6.58 rows=107 width=4)
	  Index Cond: ((k >= 3732983) AND (k <= 3733083))

table 3 : explain SELECT k FROM sbtest3 WHERE k BETWEEN 3732983 AND 3733083
	Index Only Scan using k_3 on sbtest3  (cost=0.43..10.42 rows=99 width=4)
	  Index Cond: ((k >= 3732983) AND (k <= 3733083))

table 4 : explain SELECT k FROM sbtest4 WHERE k BETWEEN 3732983 AND 3733083
	Index Only Scan using k_4 on sbtest4  (cost=0.43..10.62 rows=109 width=4)
	  Index Cond: ((k >= 3732983) AND (k <= 3733083))

table 5 : explain SELECT k FROM sbtest5 WHERE k BETWEEN 3732983 AND 3733083
	Index Only Scan using k_5 on sbtest5  (cost=0.43..10.46 rows=101 width=4)
	  Index Cond: ((k >= 3732983) AND (k <= 3733083))

table 6 : explain SELECT k FROM sbtest6 WHERE k BETWEEN 3732983 AND 3733083
	Index Only Scan using k_6 on sbtest6  (cost=0.43..6.59 rows=108 width=4)
	  Index Cond: ((k >= 3732983) AND (k <= 3733083))

table 7 : explain SELECT k FROM sbtest7 WHERE k BETWEEN 3732983 AND 3733083
	Index Only Scan using k_7 on sbtest7  (cost=0.43..10.32 rows=94 width=4)
	  Index Cond: ((k >= 3732983) AND (k <= 3733083))

table 8 : explain SELECT k FROM sbtest8 WHERE k BETWEEN 3732983 AND 3733083
	Index Only Scan using k_8 on sbtest8  (cost=0.43..6.59 rows=108 width=4)
	  Index Cond: ((k >= 3732983) AND (k <= 3733083))

for range-covered
table 1 : explain SELECT k FROM sbtest1 WHERE k BETWEEN 5926049 AND 5926149
	Index Only Scan using k_1 on sbtest1  (cost=0.43..10.50 rows=103 width=4)
	  Index Cond: ((k >= 5926049) AND (k <= 5926149))

table 2 : explain SELECT k FROM sbtest2 WHERE k BETWEEN 5926049 AND 5926149
	Index Only Scan using k_2 on sbtest2  (cost=0.43..6.50 rows=103 width=4)
	  Index Cond: ((k >= 5926049) AND (k <= 5926149))

table 3 : explain SELECT k FROM sbtest3 WHERE k BETWEEN 5926049 AND 5926149
	Index Only Scan using k_3 on sbtest3  (cost=0.43..10.54 rows=105 width=4)
	  Index Cond: ((k >= 5926049) AND (k <= 5926149))

table 4 : explain SELECT k FROM sbtest4 WHERE k BETWEEN 5926049 AND 5926149
	Index Only Scan using k_4 on sbtest4  (cost=0.43..10.60 rows=108 width=4)
	  Index Cond: ((k >= 5926049) AND (k <= 5926149))

table 5 : explain SELECT k FROM sbtest5 WHERE k BETWEEN 5926049 AND 5926149
	Index Only Scan using k_5 on sbtest5  (cost=0.43..10.29 rows=93 width=4)
	  Index Cond: ((k >= 5926049) AND (k <= 5926149))

table 6 : explain SELECT k FROM sbtest6 WHERE k BETWEEN 5926049 AND 5926149
	Index Only Scan using k_6 on sbtest6  (cost=0.43..6.53 rows=105 width=4)
	  Index Cond: ((k >= 5926049) AND (k <= 5926149))

table 7 : explain SELECT k FROM sbtest7 WHERE k BETWEEN 5926049 AND 5926149
	Index Only Scan using k_7 on sbtest7  (cost=0.43..10.47 rows=102 width=4)
	  Index Cond: ((k >= 5926049) AND (k <= 5926149))

table 8 : explain SELECT k FROM sbtest8 WHERE k BETWEEN 5926049 AND 5926149
	Index Only Scan using k_8 on sbtest8  (cost=0.43..6.61 rows=109 width=4)
	  Index Cond: ((k >= 5926049) AND (k <= 5926149))

explain: for range-covered :: explain SELECT k FROM sbtest%d WHERE k BETWEEN 6822965 AND 6823065
explain: for range-covered :: explain SELECT k FROM sbtest%d WHERE k BETWEEN 4684933 AND 4685033
explain: for range-covered :: explain SELECT k FROM sbtest%d WHERE k BETWEEN 5926049 AND 5926149
explain: for range-covered :: explain SELECT k FROM sbtest%d WHERE k BETWEEN 7116811 AND 7116911
explain: for range-covered :: explain SELECT k FROM sbtest%d WHERE k BETWEEN 4668827 AND 4668927
for range-covered
table 1 : explain SELECT k FROM sbtest1 WHERE k BETWEEN 3535569 AND 3535669
	Index Only Scan using k_1 on sbtest1  (cost=0.43..10.58 rows=107 width=4)
	  Index Cond: ((k >= 3535569) AND (k <= 3535669))

table 2 : explain SELECT k FROM sbtest2 WHERE k BETWEEN 3535569 AND 3535669
	Index Only Scan using k_2 on sbtest2  (cost=0.43..6.59 rows=108 width=4)
	  Index Cond: ((k >= 3535569) AND (k <= 3535669))

table 3 : explain SELECT k FROM sbtest3 WHERE k BETWEEN 3535569 AND 3535669
	Index Only Scan using k_3 on sbtest3  (cost=0.43..10.44 rows=100 width=4)
	  Index Cond: ((k >= 3535569) AND (k <= 3535669))

table 4 : explain SELECT k FROM sbtest4 WHERE k BETWEEN 3535569 AND 3535669
	Index Only Scan using k_4 on sbtest4  (cost=0.43..10.29 rows=93 width=4)
	  Index Cond: ((k >= 3535569) AND (k <= 3535669))

table 5 : explain SELECT k FROM sbtest5 WHERE k BETWEEN 3535569 AND 3535669
	Index Only Scan using k_5 on sbtest5  (cost=0.43..10.46 rows=101 width=4)
	  Index Cond: ((k >= 3535569) AND (k <= 3535669))

table 6 : explain SELECT k FROM sbtest6 WHERE k BETWEEN 3535569 AND 3535669
	Index Only Scan using k_6 on sbtest6  (cost=0.43..6.47 rows=102 width=4)
	  Index Cond: ((k >= 3535569) AND (k <= 3535669))

table 7 : explain SELECT k FROM sbtest7 WHERE k BETWEEN 3535569 AND 3535669
	Index Only Scan using k_7 on sbtest7  (cost=0.43..10.72 rows=114 width=4)
	  Index Cond: ((k >= 3535569) AND (k <= 3535669))

table 8 : explain SELECT k FROM sbtest8 WHERE k BETWEEN 3535569 AND 3535669
	Index Only Scan using k_8 on sbtest8  (cost=0.43..6.43 rows=100 width=4)
	  Index Cond: ((k >= 3535569) AND (k <= 3535669))

explain: for range-covered :: explain SELECT k FROM sbtest%d WHERE k BETWEEN 3535569 AND 3535669
explain: for range-covered :: explain SELECT k FROM sbtest%d WHERE k BETWEEN 3732983 AND 3733083
for range-covered
table 1 : explain SELECT k FROM sbtest1 WHERE k BETWEEN 7568999 AND 7569099
	Index Only Scan using k_1 on sbtest1  (cost=0.43..10.46 rows=101 width=4)
	  Index Cond: ((k >= 7568999) AND (k <= 7569099))

table 2 : explain SELECT k FROM sbtest2 WHERE k BETWEEN 7568999 AND 7569099
	Index Only Scan using k_2 on sbtest2  (cost=0.43..6.45 rows=101 width=4)
	  Index Cond: ((k >= 7568999) AND (k <= 7569099))

table 3 : explain SELECT k FROM sbtest3 WHERE k BETWEEN 7568999 AND 7569099
	Index Only Scan using k_3 on sbtest3  (cost=0.43..10.60 rows=108 width=4)
	  Index Cond: ((k >= 7568999) AND (k <= 7569099))

table 4 : explain SELECT k FROM sbtest4 WHERE k BETWEEN 7568999 AND 7569099
	Index Only Scan using k_4 on sbtest4  (cost=0.43..10.40 rows=98 width=4)
	  Index Cond: ((k >= 7568999) AND (k <= 7569099))

table 5 : explain SELECT k FROM sbtest5 WHERE k BETWEEN 7568999 AND 7569099
	Index Only Scan using k_5 on sbtest5  (cost=0.43..10.62 rows=109 width=4)
	  Index Cond: ((k >= 7568999) AND (k <= 7569099))

table 6 : explain SELECT k FROM sbtest6 WHERE k BETWEEN 7568999 AND 7569099
	Index Only Scan using k_6 on sbtest6  (cost=0.43..6.61 rows=109 width=4)
	  Index Cond: ((k >= 7568999) AND (k <= 7569099))

table 7 : explain SELECT k FROM sbtest7 WHERE k BETWEEN 7568999 AND 7569099
	Index Only Scan using k_7 on sbtest7  (cost=0.43..10.33 rows=95 width=4)
	  Index Cond: ((k >= 7568999) AND (k <= 7569099))

table 8 : explain SELECT k FROM sbtest8 WHERE k BETWEEN 7568999 AND 7569099
	Index Only Scan using k_8 on sbtest8  (cost=0.43..6.50 rows=103 width=4)
	  Index Cond: ((k >= 7568999) AND (k <= 7569099))

explain: for range-covered :: explain SELECT k FROM sbtest%d WHERE k BETWEEN 7568999 AND 7569099
for range-covered
table 1 : explain SELECT k FROM sbtest1 WHERE k BETWEEN 5926049 AND 5926149
	Index Only Scan using k_1 on sbtest1  (cost=0.43..10.50 rows=103 width=4)
	  Index Cond: ((k >= 5926049) AND (k <= 5926149))

table 2 : explain SELECT k FROM sbtest2 WHERE k BETWEEN 5926049 AND 5926149
	Index Only Scan using k_2 on sbtest2  (cost=0.43..6.50 rows=103 width=4)
	  Index Cond: ((k >= 5926049) AND (k <= 5926149))

table 3 : explain SELECT k FROM sbtest3 WHERE k BETWEEN 5926049 AND 5926149
	Index Only Scan using k_3 on sbtest3  (cost=0.43..10.54 rows=105 width=4)
	  Index Cond: ((k >= 5926049) AND (k <= 5926149))

table 4 : explain SELECT k FROM sbtest4 WHERE k BETWEEN 5926049 AND 5926149
	Index Only Scan using k_4 on sbtest4  (cost=0.43..10.60 rows=108 width=4)
	  Index Cond: ((k >= 5926049) AND (k <= 5926149))

table 5 : explain SELECT k FROM sbtest5 WHERE k BETWEEN 5926049 AND 5926149
	Index Only Scan using k_5 on sbtest5  (cost=0.43..10.29 rows=93 width=4)
	  Index Cond: ((k >= 5926049) AND (k <= 5926149))

table 6 : explain SELECT k FROM sbtest6 WHERE k BETWEEN 5926049 AND 5926149
	Index Only Scan using k_6 on sbtest6  (cost=0.43..6.53 rows=105 width=4)
	  Index Cond: ((k >= 5926049) AND (k <= 5926149))

table 7 : explain SELECT k FROM sbtest7 WHERE k BETWEEN 5926049 AND 5926149
	Index Only Scan using k_7 on sbtest7  (cost=0.43..10.47 rows=102 width=4)
	  Index Cond: ((k >= 5926049) AND (k <= 5926149))

table 8 : explain SELECT k FROM sbtest8 WHERE k BETWEEN 5926049 AND 5926149
	Index Only Scan using k_8 on sbtest8  (cost=0.43..6.61 rows=109 width=4)
	  Index Cond: ((k >= 5926049) AND (k <= 5926149))

explain: for range-covered :: explain SELECT k FROM sbtest%d WHERE k BETWEEN 5926049 AND 5926149
for range-covered
table 1 : explain SELECT k FROM sbtest1 WHERE k BETWEEN 3732983 AND 3733083
	Index Only Scan using k_1 on sbtest1  (cost=0.43..10.58 rows=107 width=4)
	  Index Cond: ((k >= 3732983) AND (k <= 3733083))

table 2 : explain SELECT k FROM sbtest2 WHERE k BETWEEN 3732983 AND 3733083
	Index Only Scan using k_2 on sbtest2  (cost=0.43..6.58 rows=107 width=4)
	  Index Cond: ((k >= 3732983) AND (k <= 3733083))

table 3 : explain SELECT k FROM sbtest3 WHERE k BETWEEN 3732983 AND 3733083
	Index Only Scan using k_3 on sbtest3  (cost=0.43..10.42 rows=99 width=4)
	  Index Cond: ((k >= 3732983) AND (k <= 3733083))

table 4 : explain SELECT k FROM sbtest4 WHERE k BETWEEN 3732983 AND 3733083
	Index Only Scan using k_4 on sbtest4  (cost=0.43..10.62 rows=109 width=4)
	  Index Cond: ((k >= 3732983) AND (k <= 3733083))

table 5 : explain SELECT k FROM sbtest5 WHERE k BETWEEN 3732983 AND 3733083
	Index Only Scan using k_5 on sbtest5  (cost=0.43..10.46 rows=101 width=4)
	  Index Cond: ((k >= 3732983) AND (k <= 3733083))

table 6 : explain SELECT k FROM sbtest6 WHERE k BETWEEN 3732983 AND 3733083
	Index Only Scan using k_6 on sbtest6  (cost=0.43..6.59 rows=108 width=4)
	  Index Cond: ((k >= 3732983) AND (k <= 3733083))

table 7 : explain SELECT k FROM sbtest7 WHERE k BETWEEN 3732983 AND 3733083
	Index Only Scan using k_7 on sbtest7  (cost=0.43..10.32 rows=94 width=4)
	  Index Cond: ((k >= 3732983) AND (k <= 3733083))

table 8 : explain SELECT k FROM sbtest8 WHERE k BETWEEN 3732983 AND 3733083
	Index Only Scan using k_8 on sbtest8  (cost=0.43..6.59 rows=108 width=4)
	  Index Cond: ((k >= 3732983) AND (k <= 3733083))

for range-covered
table 1 : explain SELECT k FROM sbtest1 WHERE k BETWEEN 3535569 AND 3535669
	Index Only Scan using k_1 on sbtest1  (cost=0.43..10.58 rows=107 width=4)
	  Index Cond: ((k >= 3535569) AND (k <= 3535669))

table 2 : explain SELECT k FROM sbtest2 WHERE k BETWEEN 3535569 AND 3535669
	Index Only Scan using k_2 on sbtest2  (cost=0.43..6.59 rows=108 width=4)
	  Index Cond: ((k >= 3535569) AND (k <= 3535669))

table 3 : explain SELECT k FROM sbtest3 WHERE k BETWEEN 3535569 AND 3535669
	Index Only Scan using k_3 on sbtest3  (cost=0.43..10.44 rows=100 width=4)
	  Index Cond: ((k >= 3535569) AND (k <= 3535669))

table 4 : explain SELECT k FROM sbtest4 WHERE k BETWEEN 3535569 AND 3535669
	Index Only Scan using k_4 on sbtest4  (cost=0.43..10.29 rows=93 width=4)
	  Index Cond: ((k >= 3535569) AND (k <= 3535669))

table 5 : explain SELECT k FROM sbtest5 WHERE k BETWEEN 3535569 AND 3535669
	Index Only Scan using k_5 on sbtest5  (cost=0.43..10.46 rows=101 width=4)
	  Index Cond: ((k >= 3535569) AND (k <= 3535669))

table 6 : explain SELECT k FROM sbtest6 WHERE k BETWEEN 3535569 AND 3535669
	Index Only Scan using k_6 on sbtest6  (cost=0.43..6.47 rows=102 width=4)
	  Index Cond: ((k >= 3535569) AND (k <= 3535669))

table 7 : explain SELECT k FROM sbtest7 WHERE k BETWEEN 3535569 AND 3535669
	Index Only Scan using k_7 on sbtest7  (cost=0.43..10.72 rows=114 width=4)
	  Index Cond: ((k >= 3535569) AND (k <= 3535669))

table 8 : explain SELECT k FROM sbtest8 WHERE k BETWEEN 3535569 AND 3535669
	Index Only Scan using k_8 on sbtest8  (cost=0.43..6.43 rows=100 width=4)
	  Index Cond: ((k >= 3535569) AND (k <= 3535669))

for range-covered
table 1 : explain SELECT k FROM sbtest1 WHERE k BETWEEN 3305973 AND 3306073
	Index Only Scan using k_1 on sbtest1  (cost=0.43..10.65 rows=111 width=4)
	  Index Cond: ((k >= 3305973) AND (k <= 3306073))

table 2 : explain SELECT k FROM sbtest2 WHERE k BETWEEN 3305973 AND 3306073
	Index Only Scan using k_2 on sbtest2  (cost=0.43..6.69 rows=113 width=4)
	  Index Cond: ((k >= 3305973) AND (k <= 3306073))

table 3 : explain SELECT k FROM sbtest3 WHERE k BETWEEN 3305973 AND 3306073
	Index Only Scan using k_3 on sbtest3  (cost=0.43..10.51 rows=104 width=4)
	  Index Cond: ((k >= 3305973) AND (k <= 3306073))

table 4 : explain SELECT k FROM sbtest4 WHERE k BETWEEN 3305973 AND 3306073
	Index Only Scan using k_4 on sbtest4  (cost=0.43..10.29 rows=93 width=4)
	  Index Cond: ((k >= 3305973) AND (k <= 3306073))

table 5 : explain SELECT k FROM sbtest5 WHERE k BETWEEN 3305973 AND 3306073
	Index Only Scan using k_5 on sbtest5  (cost=0.43..10.46 rows=101 width=4)
	  Index Cond: ((k >= 3305973) AND (k <= 3306073))

table 6 : explain SELECT k FROM sbtest6 WHERE k BETWEEN 3305973 AND 3306073
	Index Only Scan using k_6 on sbtest6  (cost=0.43..6.51 rows=104 width=4)
	  Index Cond: ((k >= 3305973) AND (k <= 3306073))

table 7 : explain SELECT k FROM sbtest7 WHERE k BETWEEN 3305973 AND 3306073
	Index Only Scan using k_7 on sbtest7  (cost=0.43..10.44 rows=100 width=4)
	  Index Cond: ((k >= 3305973) AND (k <= 3306073))

table 8 : explain SELECT k FROM sbtest8 WHERE k BETWEEN 3305973 AND 3306073
	Index Only Scan using k_8 on sbtest8  (cost=0.43..6.40 rows=98 width=4)
	  Index Cond: ((k >= 3305973) AND (k <= 3306073))

explain: for range-covered :: explain SELECT k FROM sbtest%d WHERE k BETWEEN 3732983 AND 3733083
explain: for range-covered :: explain SELECT k FROM sbtest%d WHERE k BETWEEN 3305973 AND 3306073
explain: for range-covered :: explain SELECT k FROM sbtest%d WHERE k BETWEEN 8973422 AND 8973522
explain: for range-covered :: explain SELECT k FROM sbtest%d WHERE k BETWEEN 3535569 AND 3535669
explain: for range-covered :: explain SELECT k FROM sbtest%d WHERE k BETWEEN 3388034 AND 3388134
for range-covered
table 1 : explain SELECT k FROM sbtest1 WHERE k BETWEEN 3732983 AND 3733083
	Index Only Scan using k_1 on sbtest1  (cost=0.43..10.58 rows=107 width=4)
	  Index Cond: ((k >= 3732983) AND (k <= 3733083))

table 2 : explain SELECT k FROM sbtest2 WHERE k BETWEEN 3732983 AND 3733083
	Index Only Scan using k_2 on sbtest2  (cost=0.43..6.58 rows=107 width=4)
	  Index Cond: ((k >= 3732983) AND (k <= 3733083))

table 3 : explain SELECT k FROM sbtest3 WHERE k BETWEEN 3732983 AND 3733083
	Index Only Scan using k_3 on sbtest3  (cost=0.43..10.42 rows=99 width=4)
	  Index Cond: ((k >= 3732983) AND (k <= 3733083))

table 4 : explain SELECT k FROM sbtest4 WHERE k BETWEEN 3732983 AND 3733083
	Index Only Scan using k_4 on sbtest4  (cost=0.43..10.62 rows=109 width=4)
	  Index Cond: ((k >= 3732983) AND (k <= 3733083))

table 5 : explain SELECT k FROM sbtest5 WHERE k BETWEEN 3732983 AND 3733083
	Index Only Scan using k_5 on sbtest5  (cost=0.43..10.46 rows=101 width=4)
	  Index Cond: ((k >= 3732983) AND (k <= 3733083))

table 6 : explain SELECT k FROM sbtest6 WHERE k BETWEEN 3732983 AND 3733083
	Index Only Scan using k_6 on sbtest6  (cost=0.43..6.59 rows=108 width=4)
	  Index Cond: ((k >= 3732983) AND (k <= 3733083))

table 7 : explain SELECT k FROM sbtest7 WHERE k BETWEEN 3732983 AND 3733083
	Index Only Scan using k_7 on sbtest7  (cost=0.43..10.32 rows=94 width=4)
	  Index Cond: ((k >= 3732983) AND (k <= 3733083))

table 8 : explain SELECT k FROM sbtest8 WHERE k BETWEEN 3732983 AND 3733083
	Index Only Scan using k_8 on sbtest8  (cost=0.43..6.59 rows=108 width=4)
	  Index Cond: ((k >= 3732983) AND (k <= 3733083))

explain: for range-covered :: explain SELECT k FROM sbtest%d WHERE k BETWEEN 3732983 AND 3733083
for range-covered
table 1 : explain SELECT k FROM sbtest1 WHERE k BETWEEN 3305973 AND 3306073
	Index Only Scan using k_1 on sbtest1  (cost=0.43..10.65 rows=111 width=4)
	  Index Cond: ((k >= 3305973) AND (k <= 3306073))

table 2 : explain SELECT k FROM sbtest2 WHERE k BETWEEN 3305973 AND 3306073
	Index Only Scan using k_2 on sbtest2  (cost=0.43..6.69 rows=113 width=4)
	  Index Cond: ((k >= 3305973) AND (k <= 3306073))

table 3 : explain SELECT k FROM sbtest3 WHERE k BETWEEN 3305973 AND 3306073
	Index Only Scan using k_3 on sbtest3  (cost=0.43..10.51 rows=104 width=4)
	  Index Cond: ((k >= 3305973) AND (k <= 3306073))

table 4 : explain SELECT k FROM sbtest4 WHERE k BETWEEN 3305973 AND 3306073
	Index Only Scan using k_4 on sbtest4  (cost=0.43..10.29 rows=93 width=4)
	  Index Cond: ((k >= 3305973) AND (k <= 3306073))

table 5 : explain SELECT k FROM sbtest5 WHERE k BETWEEN 3305973 AND 3306073
	Index Only Scan using k_5 on sbtest5  (cost=0.43..10.46 rows=101 width=4)
	  Index Cond: ((k >= 3305973) AND (k <= 3306073))

table 6 : explain SELECT k FROM sbtest6 WHERE k BETWEEN 3305973 AND 3306073
	Index Only Scan using k_6 on sbtest6  (cost=0.43..6.51 rows=104 width=4)
	  Index Cond: ((k >= 3305973) AND (k <= 3306073))

table 7 : explain SELECT k FROM sbtest7 WHERE k BETWEEN 3305973 AND 3306073
	Index Only Scan using k_7 on sbtest7  (cost=0.43..10.44 rows=100 width=4)
	  Index Cond: ((k >= 3305973) AND (k <= 3306073))

table 8 : explain SELECT k FROM sbtest8 WHERE k BETWEEN 3305973 AND 3306073
	Index Only Scan using k_8 on sbtest8  (cost=0.43..6.40 rows=98 width=4)
	  Index Cond: ((k >= 3305973) AND (k <= 3306073))

explain: for range-covered :: explain SELECT k FROM sbtest%d WHERE k BETWEEN 3305973 AND 3306073
for range-covered
table 1 : explain SELECT k FROM sbtest1 WHERE k BETWEEN 3305973 AND 3306073
	Index Only Scan using k_1 on sbtest1  (cost=0.43..10.65 rows=111 width=4)
	  Index Cond: ((k >= 3305973) AND (k <= 3306073))

table 2 : explain SELECT k FROM sbtest2 WHERE k BETWEEN 3305973 AND 3306073
	Index Only Scan using k_2 on sbtest2  (cost=0.43..6.69 rows=113 width=4)
	  Index Cond: ((k >= 3305973) AND (k <= 3306073))

table 3 : explain SELECT k FROM sbtest3 WHERE k BETWEEN 3305973 AND 3306073
	Index Only Scan using k_3 on sbtest3  (cost=0.43..10.51 rows=104 width=4)
	  Index Cond: ((k >= 3305973) AND (k <= 3306073))

table 4 : explain SELECT k FROM sbtest4 WHERE k BETWEEN 3305973 AND 3306073
	Index Only Scan using k_4 on sbtest4  (cost=0.43..10.29 rows=93 width=4)
	  Index Cond: ((k >= 3305973) AND (k <= 3306073))

table 5 : explain SELECT k FROM sbtest5 WHERE k BETWEEN 3305973 AND 3306073
	Index Only Scan using k_5 on sbtest5  (cost=0.43..10.46 rows=101 width=4)
	  Index Cond: ((k >= 3305973) AND (k <= 3306073))

table 6 : explain SELECT k FROM sbtest6 WHERE k BETWEEN 3305973 AND 3306073
	Index Only Scan using k_6 on sbtest6  (cost=0.43..6.51 rows=104 width=4)
	  Index Cond: ((k >= 3305973) AND (k <= 3306073))

table 7 : explain SELECT k FROM sbtest7 WHERE k BETWEEN 3305973 AND 3306073
	Index Only Scan using k_7 on sbtest7  (cost=0.43..10.44 rows=100 width=4)
	  Index Cond: ((k >= 3305973) AND (k <= 3306073))

table 8 : explain SELECT k FROM sbtest8 WHERE k BETWEEN 3305973 AND 3306073
	Index Only Scan using k_8 on sbtest8  (cost=0.43..6.40 rows=98 width=4)
	  Index Cond: ((k >= 3305973) AND (k <= 3306073))

for range-covered
table 1 : explain SELECT k FROM sbtest1 WHERE k BETWEEN 2994434 AND 2994534
	Index Only Scan using k_1 on sbtest1  (cost=0.43..10.62 rows=109 width=4)
	  Index Cond: ((k >= 2994434) AND (k <= 2994534))

table 2 : explain SELECT k FROM sbtest2 WHERE k BETWEEN 2994434 AND 2994534
	Index Only Scan using k_2 on sbtest2  (cost=0.43..6.40 rows=98 width=4)
	  Index Cond: ((k >= 2994434) AND (k <= 2994534))

table 3 : explain SELECT k FROM sbtest3 WHERE k BETWEEN 2994434 AND 2994534
	Index Only Scan using k_3 on sbtest3  (cost=0.43..10.36 rows=96 width=4)
	  Index Cond: ((k >= 2994434) AND (k <= 2994534))

table 4 : explain SELECT k FROM sbtest4 WHERE k BETWEEN 2994434 AND 2994534
	Index Only Scan using k_4 on sbtest4  (cost=0.43..10.60 rows=108 width=4)
	  Index Cond: ((k >= 2994434) AND (k <= 2994534))

table 5 : explain SELECT k FROM sbtest5 WHERE k BETWEEN 2994434 AND 2994534
	Index Only Scan using k_5 on sbtest5  (cost=0.43..10.51 rows=104 width=4)
	  Index Cond: ((k >= 2994434) AND (k <= 2994534))

table 6 : explain SELECT k FROM sbtest6 WHERE k BETWEEN 2994434 AND 2994534
	Index Only Scan using k_6 on sbtest6  (cost=0.43..6.32 rows=94 width=4)
	  Index Cond: ((k >= 2994434) AND (k <= 2994534))

table 7 : explain SELECT k FROM sbtest7 WHERE k BETWEEN 2994434 AND 2994534
	Index Only Scan using k_7 on sbtest7  (cost=0.43..10.47 rows=102 width=4)
	  Index Cond: ((k >= 2994434) AND (k <= 2994534))

table 8 : explain SELECT k FROM sbtest8 WHERE k BETWEEN 2994434 AND 2994534
	Index Only Scan using k_8 on sbtest8  (cost=0.43..6.56 rows=106 width=4)
	  Index Cond: ((k >= 2994434) AND (k <= 2994534))

explain: for range-covered :: explain SELECT k FROM sbtest%d WHERE k BETWEEN 3305973 AND 3306073
for range-covered
table 1 : explain SELECT k FROM sbtest1 WHERE k BETWEEN 5926049 AND 5926149
	Index Only Scan using k_1 on sbtest1  (cost=0.43..10.50 rows=103 width=4)
	  Index Cond: ((k >= 5926049) AND (k <= 5926149))

table 2 : explain SELECT k FROM sbtest2 WHERE k BETWEEN 5926049 AND 5926149
	Index Only Scan using k_2 on sbtest2  (cost=0.43..6.50 rows=103 width=4)
	  Index Cond: ((k >= 5926049) AND (k <= 5926149))

table 3 : explain SELECT k FROM sbtest3 WHERE k BETWEEN 5926049 AND 5926149
	Index Only Scan using k_3 on sbtest3  (cost=0.43..10.54 rows=105 width=4)
	  Index Cond: ((k >= 5926049) AND (k <= 5926149))

table 4 : explain SELECT k FROM sbtest4 WHERE k BETWEEN 5926049 AND 5926149
	Index Only Scan using k_4 on sbtest4  (cost=0.43..10.60 rows=108 width=4)
	  Index Cond: ((k >= 5926049) AND (k <= 5926149))

table 5 : explain SELECT k FROM sbtest5 WHERE k BETWEEN 5926049 AND 5926149
	Index Only Scan using k_5 on sbtest5  (cost=0.43..10.29 rows=93 width=4)
	  Index Cond: ((k >= 5926049) AND (k <= 5926149))

table 6 : explain SELECT k FROM sbtest6 WHERE k BETWEEN 5926049 AND 5926149
	Index Only Scan using k_6 on sbtest6  (cost=0.43..6.53 rows=105 width=4)
	  Index Cond: ((k >= 5926049) AND (k <= 5926149))

table 7 : explain SELECT k FROM sbtest7 WHERE k BETWEEN 5926049 AND 5926149
	Index Only Scan using k_7 on sbtest7  (cost=0.43..10.47 rows=102 width=4)
	  Index Cond: ((k >= 5926049) AND (k <= 5926149))

table 8 : explain SELECT k FROM sbtest8 WHERE k BETWEEN 5926049 AND 5926149
	Index Only Scan using k_8 on sbtest8  (cost=0.43..6.61 rows=109 width=4)
	  Index Cond: ((k >= 5926049) AND (k <= 5926149))

explain: for range-covered :: explain SELECT k FROM sbtest%d WHERE k BETWEEN 5926049 AND 5926149
for range-covered
table 1 : explain SELECT k FROM sbtest1 WHERE k BETWEEN 6822965 AND 6823065
	Index Only Scan using k_1 on sbtest1  (cost=0.43..10.56 rows=106 width=4)
	  Index Cond: ((k >= 6822965) AND (k <= 6823065))

table 2 : explain SELECT k FROM sbtest2 WHERE k BETWEEN 6822965 AND 6823065
	Index Only Scan using k_2 on sbtest2  (cost=0.43..6.42 rows=99 width=4)
	  Index Cond: ((k >= 6822965) AND (k <= 6823065))

table 3 : explain SELECT k FROM sbtest3 WHERE k BETWEEN 6822965 AND 6823065
	Index Only Scan using k_3 on sbtest3  (cost=0.43..10.47 rows=102 width=4)
	  Index Cond: ((k >= 6822965) AND (k <= 6823065))

table 4 : explain SELECT k FROM sbtest4 WHERE k BETWEEN 6822965 AND 6823065
	Index Only Scan using k_4 on sbtest4  (cost=0.43..10.50 rows=103 width=4)
	  Index Cond: ((k >= 6822965) AND (k <= 6823065))

table 5 : explain SELECT k FROM sbtest5 WHERE k BETWEEN 6822965 AND 6823065
	Index Only Scan using k_5 on sbtest5  (cost=0.43..10.62 rows=109 width=4)
	  Index Cond: ((k >= 6822965) AND (k <= 6823065))

table 6 : explain SELECT k FROM sbtest6 WHERE k BETWEEN 6822965 AND 6823065
	Index Only Scan using k_6 on sbtest6  (cost=0.43..6.42 rows=99 width=4)
	  Index Cond: ((k >= 6822965) AND (k <= 6823065))

table 7 : explain SELECT k FROM sbtest7 WHERE k BETWEEN 6822965 AND 6823065
	Index Only Scan using k_7 on sbtest7  (cost=0.43..10.22 rows=89 width=4)
	  Index Cond: ((k >= 6822965) AND (k <= 6823065))

table 8 : explain SELECT k FROM sbtest8 WHERE k BETWEEN 6822965 AND 6823065
	Index Only Scan using k_8 on sbtest8  (cost=0.43..6.40 rows=98 width=4)
	  Index Cond: ((k >= 6822965) AND (k <= 6823065))

explain: for range-covered :: explain SELECT k FROM sbtest%d WHERE k BETWEEN 6822965 AND 6823065
for range-covered
table 1 : explain SELECT k FROM sbtest1 WHERE k BETWEEN 3305973 AND 3306073
	Index Only Scan using k_1 on sbtest1  (cost=0.43..10.65 rows=111 width=4)
	  Index Cond: ((k >= 3305973) AND (k <= 3306073))

table 2 : explain SELECT k FROM sbtest2 WHERE k BETWEEN 3305973 AND 3306073
	Index Only Scan using k_2 on sbtest2  (cost=0.43..6.69 rows=113 width=4)
	  Index Cond: ((k >= 3305973) AND (k <= 3306073))

table 3 : explain SELECT k FROM sbtest3 WHERE k BETWEEN 3305973 AND 3306073
	Index Only Scan using k_3 on sbtest3  (cost=0.43..10.51 rows=104 width=4)
	  Index Cond: ((k >= 3305973) AND (k <= 3306073))

table 4 : explain SELECT k FROM sbtest4 WHERE k BETWEEN 3305973 AND 3306073
	Index Only Scan using k_4 on sbtest4  (cost=0.43..10.29 rows=93 width=4)
	  Index Cond: ((k >= 3305973) AND (k <= 3306073))

table 5 : explain SELECT k FROM sbtest5 WHERE k BETWEEN 3305973 AND 3306073
	Index Only Scan using k_5 on sbtest5  (cost=0.43..10.46 rows=101 width=4)
	  Index Cond: ((k >= 3305973) AND (k <= 3306073))

table 6 : explain SELECT k FROM sbtest6 WHERE k BETWEEN 3305973 AND 3306073
	Index Only Scan using k_6 on sbtest6  (cost=0.43..6.51 rows=104 width=4)
	  Index Cond: ((k >= 3305973) AND (k <= 3306073))

table 7 : explain SELECT k FROM sbtest7 WHERE k BETWEEN 3305973 AND 3306073
	Index Only Scan using k_7 on sbtest7  (cost=0.43..10.44 rows=100 width=4)
	  Index Cond: ((k >= 3305973) AND (k <= 3306073))

table 8 : explain SELECT k FROM sbtest8 WHERE k BETWEEN 3305973 AND 3306073
	Index Only Scan using k_8 on sbtest8  (cost=0.43..6.40 rows=98 width=4)
	  Index Cond: ((k >= 3305973) AND (k <= 3306073))

for range-covered
table 1 : explain SELECT k FROM sbtest1 WHERE k BETWEEN 7568999 AND 7569099
	Index Only Scan using k_1 on sbtest1  (cost=0.43..10.46 rows=101 width=4)
	  Index Cond: ((k >= 7568999) AND (k <= 7569099))

table 2 : explain SELECT k FROM sbtest2 WHERE k BETWEEN 7568999 AND 7569099
	Index Only Scan using k_2 on sbtest2  (cost=0.43..6.45 rows=101 width=4)
	  Index Cond: ((k >= 7568999) AND (k <= 7569099))

table 3 : explain SELECT k FROM sbtest3 WHERE k BETWEEN 7568999 AND 7569099
	Index Only Scan using k_3 on sbtest3  (cost=0.43..10.60 rows=108 width=4)
	  Index Cond: ((k >= 7568999) AND (k <= 7569099))

table 4 : explain SELECT k FROM sbtest4 WHERE k BETWEEN 7568999 AND 7569099
	Index Only Scan using k_4 on sbtest4  (cost=0.43..10.40 rows=98 width=4)
	  Index Cond: ((k >= 7568999) AND (k <= 7569099))

table 5 : explain SELECT k FROM sbtest5 WHERE k BETWEEN 7568999 AND 7569099
	Index Only Scan using k_5 on sbtest5  (cost=0.43..10.62 rows=109 width=4)
	  Index Cond: ((k >= 7568999) AND (k <= 7569099))

table 6 : explain SELECT k FROM sbtest6 WHERE k BETWEEN 7568999 AND 7569099
	Index Only Scan using k_6 on sbtest6  (cost=0.43..6.61 rows=109 width=4)
	  Index Cond: ((k >= 7568999) AND (k <= 7569099))

table 7 : explain SELECT k FROM sbtest7 WHERE k BETWEEN 7568999 AND 7569099
	Index Only Scan using k_7 on sbtest7  (cost=0.43..10.33 rows=95 width=4)
	  Index Cond: ((k >= 7568999) AND (k <= 7569099))

table 8 : explain SELECT k FROM sbtest8 WHERE k BETWEEN 7568999 AND 7569099
	Index Only Scan using k_8 on sbtest8  (cost=0.43..6.50 rows=103 width=4)
	  Index Cond: ((k >= 7568999) AND (k <= 7569099))

explain: for range-covered :: explain SELECT k FROM sbtest%d WHERE k BETWEEN 3305973 AND 3306073
explain: for range-covered :: explain SELECT k FROM sbtest%d WHERE k BETWEEN 7568999 AND 7569099
for range-covered
table 1 : explain SELECT k FROM sbtest1 WHERE k BETWEEN 6822965 AND 6823065
	Index Only Scan using k_1 on sbtest1  (cost=0.43..10.56 rows=106 width=4)
	  Index Cond: ((k >= 6822965) AND (k <= 6823065))

table 2 : explain SELECT k FROM sbtest2 WHERE k BETWEEN 6822965 AND 6823065
	Index Only Scan using k_2 on sbtest2  (cost=0.43..6.42 rows=99 width=4)
	  Index Cond: ((k >= 6822965) AND (k <= 6823065))

table 3 : explain SELECT k FROM sbtest3 WHERE k BETWEEN 6822965 AND 6823065
	Index Only Scan using k_3 on sbtest3  (cost=0.43..10.47 rows=102 width=4)
	  Index Cond: ((k >= 6822965) AND (k <= 6823065))

table 4 : explain SELECT k FROM sbtest4 WHERE k BETWEEN 6822965 AND 6823065
	Index Only Scan using k_4 on sbtest4  (cost=0.43..10.50 rows=103 width=4)
	  Index Cond: ((k >= 6822965) AND (k <= 6823065))

table 5 : explain SELECT k FROM sbtest5 WHERE k BETWEEN 6822965 AND 6823065
	Index Only Scan using k_5 on sbtest5  (cost=0.43..10.62 rows=109 width=4)
	  Index Cond: ((k >= 6822965) AND (k <= 6823065))

table 6 : explain SELECT k FROM sbtest6 WHERE k BETWEEN 6822965 AND 6823065
	Index Only Scan using k_6 on sbtest6  (cost=0.43..6.42 rows=99 width=4)
	  Index Cond: ((k >= 6822965) AND (k <= 6823065))

table 7 : explain SELECT k FROM sbtest7 WHERE k BETWEEN 6822965 AND 6823065
	Index Only Scan using k_7 on sbtest7  (cost=0.43..10.22 rows=89 width=4)
	  Index Cond: ((k >= 6822965) AND (k <= 6823065))

table 8 : explain SELECT k FROM sbtest8 WHERE k BETWEEN 6822965 AND 6823065
	Index Only Scan using k_8 on sbtest8  (cost=0.43..6.40 rows=98 width=4)
	  Index Cond: ((k >= 6822965) AND (k <= 6823065))

explain: for range-covered :: explain SELECT k FROM sbtest%d WHERE k BETWEEN 6822965 AND 6823065
for range-covered
table 1 : explain SELECT k FROM sbtest1 WHERE k BETWEEN 3305973 AND 3306073
	Index Only Scan using k_1 on sbtest1  (cost=0.43..10.65 rows=111 width=4)
	  Index Cond: ((k >= 3305973) AND (k <= 3306073))

table 2 : explain SELECT k FROM sbtest2 WHERE k BETWEEN 3305973 AND 3306073
	Index Only Scan using k_2 on sbtest2  (cost=0.43..6.69 rows=113 width=4)
	  Index Cond: ((k >= 3305973) AND (k <= 3306073))

table 3 : explain SELECT k FROM sbtest3 WHERE k BETWEEN 3305973 AND 3306073
	Index Only Scan using k_3 on sbtest3  (cost=0.43..10.51 rows=104 width=4)
	  Index Cond: ((k >= 3305973) AND (k <= 3306073))

table 4 : explain SELECT k FROM sbtest4 WHERE k BETWEEN 3305973 AND 3306073
	Index Only Scan using k_4 on sbtest4  (cost=0.43..10.29 rows=93 width=4)
	  Index Cond: ((k >= 3305973) AND (k <= 3306073))

table 5 : explain SELECT k FROM sbtest5 WHERE k BETWEEN 3305973 AND 3306073
	Index Only Scan using k_5 on sbtest5  (cost=0.43..10.46 rows=101 width=4)
	  Index Cond: ((k >= 3305973) AND (k <= 3306073))

table 6 : explain SELECT k FROM sbtest6 WHERE k BETWEEN 3305973 AND 3306073
	Index Only Scan using k_6 on sbtest6  (cost=0.43..6.51 rows=104 width=4)
	  Index Cond: ((k >= 3305973) AND (k <= 3306073))

table 7 : explain SELECT k FROM sbtest7 WHERE k BETWEEN 3305973 AND 3306073
	Index Only Scan using k_7 on sbtest7  (cost=0.43..10.44 rows=100 width=4)
	  Index Cond: ((k >= 3305973) AND (k <= 3306073))

table 8 : explain SELECT k FROM sbtest8 WHERE k BETWEEN 3305973 AND 3306073
	Index Only Scan using k_8 on sbtest8  (cost=0.43..6.40 rows=98 width=4)
	  Index Cond: ((k >= 3305973) AND (k <= 3306073))

explain: for range-covered :: explain SELECT k FROM sbtest%d WHERE k BETWEEN 3305973 AND 3306073
for range-covered
table 1 : explain SELECT k FROM sbtest1 WHERE k BETWEEN 3535569 AND 3535669
	Index Only Scan using k_1 on sbtest1  (cost=0.43..10.58 rows=107 width=4)
	  Index Cond: ((k >= 3535569) AND (k <= 3535669))

table 2 : explain SELECT k FROM sbtest2 WHERE k BETWEEN 3535569 AND 3535669
	Index Only Scan using k_2 on sbtest2  (cost=0.43..6.59 rows=108 width=4)
	  Index Cond: ((k >= 3535569) AND (k <= 3535669))

table 3 : explain SELECT k FROM sbtest3 WHERE k BETWEEN 3535569 AND 3535669
	Index Only Scan using k_3 on sbtest3  (cost=0.43..10.44 rows=100 width=4)
	  Index Cond: ((k >= 3535569) AND (k <= 3535669))

table 4 : explain SELECT k FROM sbtest4 WHERE k BETWEEN 3535569 AND 3535669
	Index Only Scan using k_4 on sbtest4  (cost=0.43..10.29 rows=93 width=4)
	  Index Cond: ((k >= 3535569) AND (k <= 3535669))

table 5 : explain SELECT k FROM sbtest5 WHERE k BETWEEN 3535569 AND 3535669
	Index Only Scan using k_5 on sbtest5  (cost=0.43..10.46 rows=101 width=4)
	  Index Cond: ((k >= 3535569) AND (k <= 3535669))

table 6 : explain SELECT k FROM sbtest6 WHERE k BETWEEN 3535569 AND 3535669
	Index Only Scan using k_6 on sbtest6  (cost=0.43..6.47 rows=102 width=4)
	  Index Cond: ((k >= 3535569) AND (k <= 3535669))

table 7 : explain SELECT k FROM sbtest7 WHERE k BETWEEN 3535569 AND 3535669
	Index Only Scan using k_7 on sbtest7  (cost=0.43..10.72 rows=114 width=4)
	  Index Cond: ((k >= 3535569) AND (k <= 3535669))

table 8 : explain SELECT k FROM sbtest8 WHERE k BETWEEN 3535569 AND 3535669
	Index Only Scan using k_8 on sbtest8  (cost=0.43..6.43 rows=100 width=4)
	  Index Cond: ((k >= 3535569) AND (k <= 3535669))

explain: for range-covered :: explain SELECT k FROM sbtest%d WHERE k BETWEEN 3535569 AND 3535669
for range-covered
table 1 : explain SELECT k FROM sbtest1 WHERE k BETWEEN 7568999 AND 7569099
	Index Only Scan using k_1 on sbtest1  (cost=0.43..10.46 rows=101 width=4)
	  Index Cond: ((k >= 7568999) AND (k <= 7569099))

table 2 : explain SELECT k FROM sbtest2 WHERE k BETWEEN 7568999 AND 7569099
	Index Only Scan using k_2 on sbtest2  (cost=0.43..6.45 rows=101 width=4)
	  Index Cond: ((k >= 7568999) AND (k <= 7569099))

table 3 : explain SELECT k FROM sbtest3 WHERE k BETWEEN 7568999 AND 7569099
	Index Only Scan using k_3 on sbtest3  (cost=0.43..10.60 rows=108 width=4)
	  Index Cond: ((k >= 7568999) AND (k <= 7569099))

table 4 : explain SELECT k FROM sbtest4 WHERE k BETWEEN 7568999 AND 7569099
	Index Only Scan using k_4 on sbtest4  (cost=0.43..10.40 rows=98 width=4)
	  Index Cond: ((k >= 7568999) AND (k <= 7569099))

table 5 : explain SELECT k FROM sbtest5 WHERE k BETWEEN 7568999 AND 7569099
	Index Only Scan using k_5 on sbtest5  (cost=0.43..10.62 rows=109 width=4)
	  Index Cond: ((k >= 7568999) AND (k <= 7569099))

table 6 : explain SELECT k FROM sbtest6 WHERE k BETWEEN 7568999 AND 7569099
	Index Only Scan using k_6 on sbtest6  (cost=0.43..6.61 rows=109 width=4)
	  Index Cond: ((k >= 7568999) AND (k <= 7569099))

table 7 : explain SELECT k FROM sbtest7 WHERE k BETWEEN 7568999 AND 7569099
	Index Only Scan using k_7 on sbtest7  (cost=0.43..10.33 rows=95 width=4)
	  Index Cond: ((k >= 7568999) AND (k <= 7569099))

table 8 : explain SELECT k FROM sbtest8 WHERE k BETWEEN 7568999 AND 7569099
	Index Only Scan using k_8 on sbtest8  (cost=0.43..6.50 rows=103 width=4)
	  Index Cond: ((k >= 7568999) AND (k <= 7569099))

for range-covered
table 1 : explain SELECT k FROM sbtest1 WHERE k BETWEEN 3388034 AND 3388134
	Index Only Scan using k_1 on sbtest1  (cost=0.43..10.42 rows=99 width=4)
	  Index Cond: ((k >= 3388034) AND (k <= 3388134))

table 2 : explain SELECT k FROM sbtest2 WHERE k BETWEEN 3388034 AND 3388134
	Index Only Scan using k_2 on sbtest2  (cost=0.43..6.47 rows=102 width=4)
	  Index Cond: ((k >= 3388034) AND (k <= 3388134))

table 3 : explain SELECT k FROM sbtest3 WHERE k BETWEEN 3388034 AND 3388134
	Index Only Scan using k_3 on sbtest3  (cost=0.43..10.50 rows=103 width=4)
	  Index Cond: ((k >= 3388034) AND (k <= 3388134))

table 4 : explain SELECT k FROM sbtest4 WHERE k BETWEEN 3388034 AND 3388134
	Index Only Scan using k_4 on sbtest4  (cost=0.43..10.83 rows=120 width=4)
	  Index Cond: ((k >= 3388034) AND (k <= 3388134))

table 5 : explain SELECT k FROM sbtest5 WHERE k BETWEEN 3388034 AND 3388134
	Index Only Scan using k_5 on sbtest5  (cost=0.43..10.46 rows=101 width=4)
	  Index Cond: ((k >= 3388034) AND (k <= 3388134))

table 6 : explain SELECT k FROM sbtest6 WHERE k BETWEEN 3388034 AND 3388134
	Index Only Scan using k_6 on sbtest6  (cost=0.43..6.37 rows=97 width=4)
	  Index Cond: ((k >= 3388034) AND (k <= 3388134))

table 7 : explain SELECT k FROM sbtest7 WHERE k BETWEEN 3388034 AND 3388134
	Index Only Scan using k_7 on sbtest7  (cost=0.43..10.88 rows=122 width=4)
	  Index Cond: ((k >= 3388034) AND (k <= 3388134))

table 8 : explain SELECT k FROM sbtest8 WHERE k BETWEEN 3388034 AND 3388134
	Index Only Scan using k_8 on sbtest8  (cost=0.43..6.45 rows=101 width=4)
	  Index Cond: ((k >= 3388034) AND (k <= 3388134))

for range-covered
table 1 : explain SELECT k FROM sbtest1 WHERE k BETWEEN 4684933 AND 4685033
	Index Only Scan using k_1 on sbtest1  (cost=0.43..10.42 rows=99 width=4)
	  Index Cond: ((k >= 4684933) AND (k <= 4685033))

table 2 : explain SELECT k FROM sbtest2 WHERE k BETWEEN 4684933 AND 4685033
	Index Only Scan using k_2 on sbtest2  (cost=0.43..6.27 rows=92 width=4)
	  Index Cond: ((k >= 4684933) AND (k <= 4685033))

table 3 : explain SELECT k FROM sbtest3 WHERE k BETWEEN 4684933 AND 4685033
	Index Only Scan using k_3 on sbtest3  (cost=0.43..10.38 rows=97 width=4)
	  Index Cond: ((k >= 4684933) AND (k <= 4685033))

table 4 : explain SELECT k FROM sbtest4 WHERE k BETWEEN 4684933 AND 4685033
	Index Only Scan using k_4 on sbtest4  (cost=0.43..10.40 rows=98 width=4)
	  Index Cond: ((k >= 4684933) AND (k <= 4685033))

table 5 : explain SELECT k FROM sbtest5 WHERE k BETWEEN 4684933 AND 4685033
	Index Only Scan using k_5 on sbtest5  (cost=0.43..10.42 rows=99 width=4)
	  Index Cond: ((k >= 4684933) AND (k <= 4685033))

table 6 : explain SELECT k FROM sbtest6 WHERE k BETWEEN 4684933 AND 4685033
	Index Only Scan using k_6 on sbtest6  (cost=0.43..6.35 rows=96 width=4)
	  Index Cond: ((k >= 4684933) AND (k <= 4685033))

table 7 : explain SELECT k FROM sbtest7 WHERE k BETWEEN 4684933 AND 4685033
	Index Only Scan using k_7 on sbtest7  (cost=0.43..10.44 rows=100 width=4)
	  Index Cond: ((k >= 4684933) AND (k <= 4685033))

table 8 : explain SELECT k FROM sbtest8 WHERE k BETWEEN 4684933 AND 4685033
	Index Only Scan using k_8 on sbtest8  (cost=0.43..6.42 rows=99 width=4)
	  Index Cond: ((k >= 4684933) AND (k <= 4685033))

for range-covered
table 1 : explain SELECT k FROM sbtest1 WHERE k BETWEEN 5926049 AND 5926149
	Index Only Scan using k_1 on sbtest1  (cost=0.43..10.50 rows=103 width=4)
	  Index Cond: ((k >= 5926049) AND (k <= 5926149))

table 2 : explain SELECT k FROM sbtest2 WHERE k BETWEEN 5926049 AND 5926149
	Index Only Scan using k_2 on sbtest2  (cost=0.43..6.50 rows=103 width=4)
	  Index Cond: ((k >= 5926049) AND (k <= 5926149))

table 3 : explain SELECT k FROM sbtest3 WHERE k BETWEEN 5926049 AND 5926149
	Index Only Scan using k_3 on sbtest3  (cost=0.43..10.54 rows=105 width=4)
	  Index Cond: ((k >= 5926049) AND (k <= 5926149))

table 4 : explain SELECT k FROM sbtest4 WHERE k BETWEEN 5926049 AND 5926149
	Index Only Scan using k_4 on sbtest4  (cost=0.43..10.60 rows=108 width=4)
	  Index Cond: ((k >= 5926049) AND (k <= 5926149))

table 5 : explain SELECT k FROM sbtest5 WHERE k BETWEEN 5926049 AND 5926149
	Index Only Scan using k_5 on sbtest5  (cost=0.43..10.29 rows=93 width=4)
	  Index Cond: ((k >= 5926049) AND (k <= 5926149))

table 6 : explain SELECT k FROM sbtest6 WHERE k BETWEEN 5926049 AND 5926149
	Index Only Scan using k_6 on sbtest6  (cost=0.43..6.53 rows=105 width=4)
	  Index Cond: ((k >= 5926049) AND (k <= 5926149))

table 7 : explain SELECT k FROM sbtest7 WHERE k BETWEEN 5926049 AND 5926149
	Index Only Scan using k_7 on sbtest7  (cost=0.43..10.47 rows=102 width=4)
	  Index Cond: ((k >= 5926049) AND (k <= 5926149))

table 8 : explain SELECT k FROM sbtest8 WHERE k BETWEEN 5926049 AND 5926149
	Index Only Scan using k_8 on sbtest8  (cost=0.43..6.61 rows=109 width=4)
	  Index Cond: ((k >= 5926049) AND (k <= 5926149))

explain: for range-covered :: explain SELECT k FROM sbtest%d WHERE k BETWEEN 3388034 AND 3388134
for range-covered
table 1 : explain SELECT k FROM sbtest1 WHERE k BETWEEN 6822965 AND 6823065
	Index Only Scan using k_1 on sbtest1  (cost=0.43..10.56 rows=106 width=4)
	  Index Cond: ((k >= 6822965) AND (k <= 6823065))

table 2 : explain SELECT k FROM sbtest2 WHERE k BETWEEN 6822965 AND 6823065
	Index Only Scan using k_2 on sbtest2  (cost=0.43..6.42 rows=99 width=4)
	  Index Cond: ((k >= 6822965) AND (k <= 6823065))

table 3 : explain SELECT k FROM sbtest3 WHERE k BETWEEN 6822965 AND 6823065
	Index Only Scan using k_3 on sbtest3  (cost=0.43..10.47 rows=102 width=4)
	  Index Cond: ((k >= 6822965) AND (k <= 6823065))

table 4 : explain SELECT k FROM sbtest4 WHERE k BETWEEN 6822965 AND 6823065
	Index Only Scan using k_4 on sbtest4  (cost=0.43..10.50 rows=103 width=4)
	  Index Cond: ((k >= 6822965) AND (k <= 6823065))

table 5 : explain SELECT k FROM sbtest5 WHERE k BETWEEN 6822965 AND 6823065
	Index Only Scan using k_5 on sbtest5  (cost=0.43..10.62 rows=109 width=4)
	  Index Cond: ((k >= 6822965) AND (k <= 6823065))

table 6 : explain SELECT k FROM sbtest6 WHERE k BETWEEN 6822965 AND 6823065
	Index Only Scan using k_6 on sbtest6  (cost=0.43..6.42 rows=99 width=4)
	  Index Cond: ((k >= 6822965) AND (k <= 6823065))

table 7 : explain SELECT k FROM sbtest7 WHERE k BETWEEN 6822965 AND 6823065
	Index Only Scan using k_7 on sbtest7  (cost=0.43..10.22 rows=89 width=4)
	  Index Cond: ((k >= 6822965) AND (k <= 6823065))

table 8 : explain SELECT k FROM sbtest8 WHERE k BETWEEN 6822965 AND 6823065
	Index Only Scan using k_8 on sbtest8  (cost=0.43..6.40 rows=98 width=4)
	  Index Cond: ((k >= 6822965) AND (k <= 6823065))

explain: for range-covered :: explain SELECT k FROM sbtest%d WHERE k BETWEEN 7568999 AND 7569099
explain: for range-covered :: explain SELECT k FROM sbtest%d WHERE k BETWEEN 4684933 AND 4685033
for range-covered
table 1 : explain SELECT k FROM sbtest1 WHERE k BETWEEN 3305973 AND 3306073
	Index Only Scan using k_1 on sbtest1  (cost=0.43..10.65 rows=111 width=4)
	  Index Cond: ((k >= 3305973) AND (k <= 3306073))

table 2 : explain SELECT k FROM sbtest2 WHERE k BETWEEN 3305973 AND 3306073
	Index Only Scan using k_2 on sbtest2  (cost=0.43..6.69 rows=113 width=4)
	  Index Cond: ((k >= 3305973) AND (k <= 3306073))

table 3 : explain SELECT k FROM sbtest3 WHERE k BETWEEN 3305973 AND 3306073
	Index Only Scan using k_3 on sbtest3  (cost=0.43..10.51 rows=104 width=4)
	  Index Cond: ((k >= 3305973) AND (k <= 3306073))

table 4 : explain SELECT k FROM sbtest4 WHERE k BETWEEN 3305973 AND 3306073
	Index Only Scan using k_4 on sbtest4  (cost=0.43..10.29 rows=93 width=4)
	  Index Cond: ((k >= 3305973) AND (k <= 3306073))

table 5 : explain SELECT k FROM sbtest5 WHERE k BETWEEN 3305973 AND 3306073
	Index Only Scan using k_5 on sbtest5  (cost=0.43..10.46 rows=101 width=4)
	  Index Cond: ((k >= 3305973) AND (k <= 3306073))

table 6 : explain SELECT k FROM sbtest6 WHERE k BETWEEN 3305973 AND 3306073
	Index Only Scan using k_6 on sbtest6  (cost=0.43..6.51 rows=104 width=4)
	  Index Cond: ((k >= 3305973) AND (k <= 3306073))

table 7 : explain SELECT k FROM sbtest7 WHERE k BETWEEN 3305973 AND 3306073
	Index Only Scan using k_7 on sbtest7  (cost=0.43..10.44 rows=100 width=4)
	  Index Cond: ((k >= 3305973) AND (k <= 3306073))

table 8 : explain SELECT k FROM sbtest8 WHERE k BETWEEN 3305973 AND 3306073
	Index Only Scan using k_8 on sbtest8  (cost=0.43..6.40 rows=98 width=4)
	  Index Cond: ((k >= 3305973) AND (k <= 3306073))

explain: for range-covered :: explain SELECT k FROM sbtest%d WHERE k BETWEEN 3305973 AND 3306073
explain: for range-covered :: explain SELECT k FROM sbtest%d WHERE k BETWEEN 6749073 AND 6749173
explain: for range-covered :: explain SELECT k FROM sbtest%d WHERE k BETWEEN 6822965 AND 6823065
for range-covered
table 1 : explain SELECT k FROM sbtest1 WHERE k BETWEEN 8973422 AND 8973522
	Index Only Scan using k_1 on sbtest1  (cost=0.43..10.40 rows=98 width=4)
	  Index Cond: ((k >= 8973422) AND (k <= 8973522))

table 2 : explain SELECT k FROM sbtest2 WHERE k BETWEEN 8973422 AND 8973522
	Index Only Scan using k_2 on sbtest2  (cost=0.43..6.56 rows=106 width=4)
	  Index Cond: ((k >= 8973422) AND (k <= 8973522))

table 3 : explain SELECT k FROM sbtest3 WHERE k BETWEEN 8973422 AND 8973522
	Index Only Scan using k_3 on sbtest3  (cost=0.43..10.62 rows=109 width=4)
	  Index Cond: ((k >= 8973422) AND (k <= 8973522))

table 4 : explain SELECT k FROM sbtest4 WHERE k BETWEEN 8973422 AND 8973522
	Index Only Scan using k_4 on sbtest4  (cost=0.43..10.65 rows=111 width=4)
	  Index Cond: ((k >= 8973422) AND (k <= 8973522))

table 5 : explain SELECT k FROM sbtest5 WHERE k BETWEEN 8973422 AND 8973522
	Index Only Scan using k_5 on sbtest5  (cost=0.43..10.51 rows=104 width=4)
	  Index Cond: ((k >= 8973422) AND (k <= 8973522))

table 6 : explain SELECT k FROM sbtest6 WHERE k BETWEEN 8973422 AND 8973522
	Index Only Scan using k_6 on sbtest6  (cost=0.43..6.50 rows=103 width=4)
	  Index Cond: ((k >= 8973422) AND (k <= 8973522))

table 7 : explain SELECT k FROM sbtest7 WHERE k BETWEEN 8973422 AND 8973522
	Index Only Scan using k_7 on sbtest7  (cost=0.43..10.38 rows=97 width=4)
	  Index Cond: ((k >= 8973422) AND (k <= 8973522))

table 8 : explain SELECT k FROM sbtest8 WHERE k BETWEEN 8973422 AND 8973522
	Index Only Scan using k_8 on sbtest8  (cost=0.43..6.50 rows=103 width=4)
	  Index Cond: ((k >= 8973422) AND (k <= 8973522))

for range-covered
table 1 : explain SELECT k FROM sbtest1 WHERE k BETWEEN 3388034 AND 3388134
	Index Only Scan using k_1 on sbtest1  (cost=0.43..10.42 rows=99 width=4)
	  Index Cond: ((k >= 3388034) AND (k <= 3388134))

table 2 : explain SELECT k FROM sbtest2 WHERE k BETWEEN 3388034 AND 3388134
	Index Only Scan using k_2 on sbtest2  (cost=0.43..6.47 rows=102 width=4)
	  Index Cond: ((k >= 3388034) AND (k <= 3388134))

table 3 : explain SELECT k FROM sbtest3 WHERE k BETWEEN 3388034 AND 3388134
	Index Only Scan using k_3 on sbtest3  (cost=0.43..10.50 rows=103 width=4)
	  Index Cond: ((k >= 3388034) AND (k <= 3388134))

table 4 : explain SELECT k FROM sbtest4 WHERE k BETWEEN 3388034 AND 3388134
	Index Only Scan using k_4 on sbtest4  (cost=0.43..10.83 rows=120 width=4)
	  Index Cond: ((k >= 3388034) AND (k <= 3388134))

table 5 : explain SELECT k FROM sbtest5 WHERE k BETWEEN 3388034 AND 3388134
	Index Only Scan using k_5 on sbtest5  (cost=0.43..10.46 rows=101 width=4)
	  Index Cond: ((k >= 3388034) AND (k <= 3388134))

table 6 : explain SELECT k FROM sbtest6 WHERE k BETWEEN 3388034 AND 3388134
	Index Only Scan using k_6 on sbtest6  (cost=0.43..6.37 rows=97 width=4)
	  Index Cond: ((k >= 3388034) AND (k <= 3388134))

table 7 : explain SELECT k FROM sbtest7 WHERE k BETWEEN 3388034 AND 3388134
	Index Only Scan using k_7 on sbtest7  (cost=0.43..10.88 rows=122 width=4)
	  Index Cond: ((k >= 3388034) AND (k <= 3388134))

table 8 : explain SELECT k FROM sbtest8 WHERE k BETWEEN 3388034 AND 3388134
	Index Only Scan using k_8 on sbtest8  (cost=0.43..6.45 rows=101 width=4)
	  Index Cond: ((k >= 3388034) AND (k <= 3388134))

explain: for range-covered :: explain SELECT k FROM sbtest%d WHERE k BETWEEN 8973422 AND 8973522
explain: for range-covered :: explain SELECT k FROM sbtest%d WHERE k BETWEEN 3388034 AND 3388134
for range-covered
table 1 : explain SELECT k FROM sbtest1 WHERE k BETWEEN 3305973 AND 3306073
	Index Only Scan using k_1 on sbtest1  (cost=0.43..10.65 rows=111 width=4)
	  Index Cond: ((k >= 3305973) AND (k <= 3306073))

table 2 : explain SELECT k FROM sbtest2 WHERE k BETWEEN 3305973 AND 3306073
	Index Only Scan using k_2 on sbtest2  (cost=0.43..6.69 rows=113 width=4)
	  Index Cond: ((k >= 3305973) AND (k <= 3306073))

table 3 : explain SELECT k FROM sbtest3 WHERE k BETWEEN 3305973 AND 3306073
	Index Only Scan using k_3 on sbtest3  (cost=0.43..10.51 rows=104 width=4)
	  Index Cond: ((k >= 3305973) AND (k <= 3306073))

table 4 : explain SELECT k FROM sbtest4 WHERE k BETWEEN 3305973 AND 3306073
	Index Only Scan using k_4 on sbtest4  (cost=0.43..10.29 rows=93 width=4)
	  Index Cond: ((k >= 3305973) AND (k <= 3306073))

table 5 : explain SELECT k FROM sbtest5 WHERE k BETWEEN 3305973 AND 3306073
	Index Only Scan using k_5 on sbtest5  (cost=0.43..10.46 rows=101 width=4)
	  Index Cond: ((k >= 3305973) AND (k <= 3306073))

table 6 : explain SELECT k FROM sbtest6 WHERE k BETWEEN 3305973 AND 3306073
	Index Only Scan using k_6 on sbtest6  (cost=0.43..6.51 rows=104 width=4)
	  Index Cond: ((k >= 3305973) AND (k <= 3306073))

table 7 : explain SELECT k FROM sbtest7 WHERE k BETWEEN 3305973 AND 3306073
	Index Only Scan using k_7 on sbtest7  (cost=0.43..10.44 rows=100 width=4)
	  Index Cond: ((k >= 3305973) AND (k <= 3306073))

table 8 : explain SELECT k FROM sbtest8 WHERE k BETWEEN 3305973 AND 3306073
	Index Only Scan using k_8 on sbtest8  (cost=0.43..6.40 rows=98 width=4)
	  Index Cond: ((k >= 3305973) AND (k <= 3306073))

for range-covered
table 1 : explain SELECT k FROM sbtest1 WHERE k BETWEEN 4684933 AND 4685033
	Index Only Scan using k_1 on sbtest1  (cost=0.43..10.42 rows=99 width=4)
	  Index Cond: ((k >= 4684933) AND (k <= 4685033))

table 2 : explain SELECT k FROM sbtest2 WHERE k BETWEEN 4684933 AND 4685033
	Index Only Scan using k_2 on sbtest2  (cost=0.43..6.27 rows=92 width=4)
	  Index Cond: ((k >= 4684933) AND (k <= 4685033))

table 3 : explain SELECT k FROM sbtest3 WHERE k BETWEEN 4684933 AND 4685033
	Index Only Scan using k_3 on sbtest3  (cost=0.43..10.38 rows=97 width=4)
	  Index Cond: ((k >= 4684933) AND (k <= 4685033))

table 4 : explain SELECT k FROM sbtest4 WHERE k BETWEEN 4684933 AND 4685033
	Index Only Scan using k_4 on sbtest4  (cost=0.43..10.40 rows=98 width=4)
	  Index Cond: ((k >= 4684933) AND (k <= 4685033))

table 5 : explain SELECT k FROM sbtest5 WHERE k BETWEEN 4684933 AND 4685033
	Index Only Scan using k_5 on sbtest5  (cost=0.43..10.42 rows=99 width=4)
	  Index Cond: ((k >= 4684933) AND (k <= 4685033))

table 6 : explain SELECT k FROM sbtest6 WHERE k BETWEEN 4684933 AND 4685033
	Index Only Scan using k_6 on sbtest6  (cost=0.43..6.35 rows=96 width=4)
	  Index Cond: ((k >= 4684933) AND (k <= 4685033))

table 7 : explain SELECT k FROM sbtest7 WHERE k BETWEEN 4684933 AND 4685033
	Index Only Scan using k_7 on sbtest7  (cost=0.43..10.44 rows=100 width=4)
	  Index Cond: ((k >= 4684933) AND (k <= 4685033))

table 8 : explain SELECT k FROM sbtest8 WHERE k BETWEEN 4684933 AND 4685033
	Index Only Scan using k_8 on sbtest8  (cost=0.43..6.42 rows=99 width=4)
	  Index Cond: ((k >= 4684933) AND (k <= 4685033))

explain: for range-covered :: explain SELECT k FROM sbtest%d WHERE k BETWEEN 3305973 AND 3306073
explain: for range-covered :: explain SELECT k FROM sbtest%d WHERE k BETWEEN 4684933 AND 4685033
for range-covered
table 1 : explain SELECT k FROM sbtest1 WHERE k BETWEEN 7568999 AND 7569099
	Index Only Scan using k_1 on sbtest1  (cost=0.43..10.46 rows=101 width=4)
	  Index Cond: ((k >= 7568999) AND (k <= 7569099))

table 2 : explain SELECT k FROM sbtest2 WHERE k BETWEEN 7568999 AND 7569099
	Index Only Scan using k_2 on sbtest2  (cost=0.43..6.45 rows=101 width=4)
	  Index Cond: ((k >= 7568999) AND (k <= 7569099))

table 3 : explain SELECT k FROM sbtest3 WHERE k BETWEEN 7568999 AND 7569099
	Index Only Scan using k_3 on sbtest3  (cost=0.43..10.60 rows=108 width=4)
	  Index Cond: ((k >= 7568999) AND (k <= 7569099))

table 4 : explain SELECT k FROM sbtest4 WHERE k BETWEEN 7568999 AND 7569099
	Index Only Scan using k_4 on sbtest4  (cost=0.43..10.40 rows=98 width=4)
	  Index Cond: ((k >= 7568999) AND (k <= 7569099))

table 5 : explain SELECT k FROM sbtest5 WHERE k BETWEEN 7568999 AND 7569099
	Index Only Scan using k_5 on sbtest5  (cost=0.43..10.62 rows=109 width=4)
	  Index Cond: ((k >= 7568999) AND (k <= 7569099))

table 6 : explain SELECT k FROM sbtest6 WHERE k BETWEEN 7568999 AND 7569099
	Index Only Scan using k_6 on sbtest6  (cost=0.43..6.61 rows=109 width=4)
	  Index Cond: ((k >= 7568999) AND (k <= 7569099))

table 7 : explain SELECT k FROM sbtest7 WHERE k BETWEEN 7568999 AND 7569099
	Index Only Scan using k_7 on sbtest7  (cost=0.43..10.33 rows=95 width=4)
	  Index Cond: ((k >= 7568999) AND (k <= 7569099))

table 8 : explain SELECT k FROM sbtest8 WHERE k BETWEEN 7568999 AND 7569099
	Index Only Scan using k_8 on sbtest8  (cost=0.43..6.50 rows=103 width=4)
	  Index Cond: ((k >= 7568999) AND (k <= 7569099))

explain: for range-covered :: explain SELECT k FROM sbtest%d WHERE k BETWEEN 7568999 AND 7569099
for range-covered
table 1 : explain SELECT k FROM sbtest1 WHERE k BETWEEN 3535569 AND 3535669
	Index Only Scan using k_1 on sbtest1  (cost=0.43..10.58 rows=107 width=4)
	  Index Cond: ((k >= 3535569) AND (k <= 3535669))

table 2 : explain SELECT k FROM sbtest2 WHERE k BETWEEN 3535569 AND 3535669
	Index Only Scan using k_2 on sbtest2  (cost=0.43..6.59 rows=108 width=4)
	  Index Cond: ((k >= 3535569) AND (k <= 3535669))

table 3 : explain SELECT k FROM sbtest3 WHERE k BETWEEN 3535569 AND 3535669
	Index Only Scan using k_3 on sbtest3  (cost=0.43..10.44 rows=100 width=4)
	  Index Cond: ((k >= 3535569) AND (k <= 3535669))

table 4 : explain SELECT k FROM sbtest4 WHERE k BETWEEN 3535569 AND 3535669
	Index Only Scan using k_4 on sbtest4  (cost=0.43..10.29 rows=93 width=4)
	  Index Cond: ((k >= 3535569) AND (k <= 3535669))

table 5 : explain SELECT k FROM sbtest5 WHERE k BETWEEN 3535569 AND 3535669
	Index Only Scan using k_5 on sbtest5  (cost=0.43..10.46 rows=101 width=4)
	  Index Cond: ((k >= 3535569) AND (k <= 3535669))

table 6 : explain SELECT k FROM sbtest6 WHERE k BETWEEN 3535569 AND 3535669
	Index Only Scan using k_6 on sbtest6  (cost=0.43..6.47 rows=102 width=4)
	  Index Cond: ((k >= 3535569) AND (k <= 3535669))

table 7 : explain SELECT k FROM sbtest7 WHERE k BETWEEN 3535569 AND 3535669
	Index Only Scan using k_7 on sbtest7  (cost=0.43..10.72 rows=114 width=4)
	  Index Cond: ((k >= 3535569) AND (k <= 3535669))

table 8 : explain SELECT k FROM sbtest8 WHERE k BETWEEN 3535569 AND 3535669
	Index Only Scan using k_8 on sbtest8  (cost=0.43..6.43 rows=100 width=4)
	  Index Cond: ((k >= 3535569) AND (k <= 3535669))

for range-covered
table 1 : explain SELECT k FROM sbtest1 WHERE k BETWEEN 6822965 AND 6823065
	Index Only Scan using k_1 on sbtest1  (cost=0.43..10.56 rows=106 width=4)
	  Index Cond: ((k >= 6822965) AND (k <= 6823065))

table 2 : explain SELECT k FROM sbtest2 WHERE k BETWEEN 6822965 AND 6823065
	Index Only Scan using k_2 on sbtest2  (cost=0.43..6.42 rows=99 width=4)
	  Index Cond: ((k >= 6822965) AND (k <= 6823065))

table 3 : explain SELECT k FROM sbtest3 WHERE k BETWEEN 6822965 AND 6823065
	Index Only Scan using k_3 on sbtest3  (cost=0.43..10.47 rows=102 width=4)
	  Index Cond: ((k >= 6822965) AND (k <= 6823065))

table 4 : explain SELECT k FROM sbtest4 WHERE k BETWEEN 6822965 AND 6823065
	Index Only Scan using k_4 on sbtest4  (cost=0.43..10.50 rows=103 width=4)
	  Index Cond: ((k >= 6822965) AND (k <= 6823065))

table 5 : explain SELECT k FROM sbtest5 WHERE k BETWEEN 6822965 AND 6823065
	Index Only Scan using k_5 on sbtest5  (cost=0.43..10.62 rows=109 width=4)
	  Index Cond: ((k >= 6822965) AND (k <= 6823065))

table 6 : explain SELECT k FROM sbtest6 WHERE k BETWEEN 6822965 AND 6823065
	Index Only Scan using k_6 on sbtest6  (cost=0.43..6.42 rows=99 width=4)
	  Index Cond: ((k >= 6822965) AND (k <= 6823065))

table 7 : explain SELECT k FROM sbtest7 WHERE k BETWEEN 6822965 AND 6823065
	Index Only Scan using k_7 on sbtest7  (cost=0.43..10.22 rows=89 width=4)
	  Index Cond: ((k >= 6822965) AND (k <= 6823065))

table 8 : explain SELECT k FROM sbtest8 WHERE k BETWEEN 6822965 AND 6823065
	Index Only Scan using k_8 on sbtest8  (cost=0.43..6.40 rows=98 width=4)
	  Index Cond: ((k >= 6822965) AND (k <= 6823065))

explain: for range-covered :: explain SELECT k FROM sbtest%d WHERE k BETWEEN 6822965 AND 6823065
explain: for range-covered :: explain SELECT k FROM sbtest%d WHERE k BETWEEN 3535569 AND 3535669
for range-covered
table 1 : explain SELECT k FROM sbtest1 WHERE k BETWEEN 3388034 AND 3388134
	Index Only Scan using k_1 on sbtest1  (cost=0.43..10.42 rows=99 width=4)
	  Index Cond: ((k >= 3388034) AND (k <= 3388134))

table 2 : explain SELECT k FROM sbtest2 WHERE k BETWEEN 3388034 AND 3388134
	Index Only Scan using k_2 on sbtest2  (cost=0.43..6.47 rows=102 width=4)
	  Index Cond: ((k >= 3388034) AND (k <= 3388134))

table 3 : explain SELECT k FROM sbtest3 WHERE k BETWEEN 3388034 AND 3388134
	Index Only Scan using k_3 on sbtest3  (cost=0.43..10.50 rows=103 width=4)
	  Index Cond: ((k >= 3388034) AND (k <= 3388134))

table 4 : explain SELECT k FROM sbtest4 WHERE k BETWEEN 3388034 AND 3388134
	Index Only Scan using k_4 on sbtest4  (cost=0.43..10.83 rows=120 width=4)
	  Index Cond: ((k >= 3388034) AND (k <= 3388134))

table 5 : explain SELECT k FROM sbtest5 WHERE k BETWEEN 3388034 AND 3388134
	Index Only Scan using k_5 on sbtest5  (cost=0.43..10.46 rows=101 width=4)
	  Index Cond: ((k >= 3388034) AND (k <= 3388134))

table 6 : explain SELECT k FROM sbtest6 WHERE k BETWEEN 3388034 AND 3388134
	Index Only Scan using k_6 on sbtest6  (cost=0.43..6.37 rows=97 width=4)
	  Index Cond: ((k >= 3388034) AND (k <= 3388134))

table 7 : explain SELECT k FROM sbtest7 WHERE k BETWEEN 3388034 AND 3388134
	Index Only Scan using k_7 on sbtest7  (cost=0.43..10.88 rows=122 width=4)
	  Index Cond: ((k >= 3388034) AND (k <= 3388134))

table 8 : explain SELECT k FROM sbtest8 WHERE k BETWEEN 3388034 AND 3388134
	Index Only Scan using k_8 on sbtest8  (cost=0.43..6.45 rows=101 width=4)
	  Index Cond: ((k >= 3388034) AND (k <= 3388134))

explain: for range-covered :: explain SELECT k FROM sbtest%d WHERE k BETWEEN 3388034 AND 3388134
for range-covered
table 1 : explain SELECT k FROM sbtest1 WHERE k BETWEEN 8973422 AND 8973522
	Index Only Scan using k_1 on sbtest1  (cost=0.43..10.40 rows=98 width=4)
	  Index Cond: ((k >= 8973422) AND (k <= 8973522))

table 2 : explain SELECT k FROM sbtest2 WHERE k BETWEEN 8973422 AND 8973522
	Index Only Scan using k_2 on sbtest2  (cost=0.43..6.56 rows=106 width=4)
	  Index Cond: ((k >= 8973422) AND (k <= 8973522))

table 3 : explain SELECT k FROM sbtest3 WHERE k BETWEEN 8973422 AND 8973522
	Index Only Scan using k_3 on sbtest3  (cost=0.43..10.62 rows=109 width=4)
	  Index Cond: ((k >= 8973422) AND (k <= 8973522))

table 4 : explain SELECT k FROM sbtest4 WHERE k BETWEEN 8973422 AND 8973522
	Index Only Scan using k_4 on sbtest4  (cost=0.43..10.65 rows=111 width=4)
	  Index Cond: ((k >= 8973422) AND (k <= 8973522))

table 5 : explain SELECT k FROM sbtest5 WHERE k BETWEEN 8973422 AND 8973522
	Index Only Scan using k_5 on sbtest5  (cost=0.43..10.51 rows=104 width=4)
	  Index Cond: ((k >= 8973422) AND (k <= 8973522))

table 6 : explain SELECT k FROM sbtest6 WHERE k BETWEEN 8973422 AND 8973522
	Index Only Scan using k_6 on sbtest6  (cost=0.43..6.50 rows=103 width=4)
	  Index Cond: ((k >= 8973422) AND (k <= 8973522))

table 7 : explain SELECT k FROM sbtest7 WHERE k BETWEEN 8973422 AND 8973522
	Index Only Scan using k_7 on sbtest7  (cost=0.43..10.38 rows=97 width=4)
	  Index Cond: ((k >= 8973422) AND (k <= 8973522))

table 8 : explain SELECT k FROM sbtest8 WHERE k BETWEEN 8973422 AND 8973522
	Index Only Scan using k_8 on sbtest8  (cost=0.43..6.50 rows=103 width=4)
	  Index Cond: ((k >= 8973422) AND (k <= 8973522))

for range-covered
table 1 : explain SELECT k FROM sbtest1 WHERE k BETWEEN 3305973 AND 3306073
	Index Only Scan using k_1 on sbtest1  (cost=0.43..10.65 rows=111 width=4)
	  Index Cond: ((k >= 3305973) AND (k <= 3306073))

table 2 : explain SELECT k FROM sbtest2 WHERE k BETWEEN 3305973 AND 3306073
	Index Only Scan using k_2 on sbtest2  (cost=0.43..6.69 rows=113 width=4)
	  Index Cond: ((k >= 3305973) AND (k <= 3306073))

table 3 : explain SELECT k FROM sbtest3 WHERE k BETWEEN 3305973 AND 3306073
	Index Only Scan using k_3 on sbtest3  (cost=0.43..10.51 rows=104 width=4)
	  Index Cond: ((k >= 3305973) AND (k <= 3306073))

table 4 : explain SELECT k FROM sbtest4 WHERE k BETWEEN 3305973 AND 3306073
	Index Only Scan using k_4 on sbtest4  (cost=0.43..10.29 rows=93 width=4)
	  Index Cond: ((k >= 3305973) AND (k <= 3306073))

table 5 : explain SELECT k FROM sbtest5 WHERE k BETWEEN 3305973 AND 3306073
	Index Only Scan using k_5 on sbtest5  (cost=0.43..10.46 rows=101 width=4)
	  Index Cond: ((k >= 3305973) AND (k <= 3306073))

table 6 : explain SELECT k FROM sbtest6 WHERE k BETWEEN 3305973 AND 3306073
	Index Only Scan using k_6 on sbtest6  (cost=0.43..6.51 rows=104 width=4)
	  Index Cond: ((k >= 3305973) AND (k <= 3306073))

table 7 : explain SELECT k FROM sbtest7 WHERE k BETWEEN 3305973 AND 3306073
	Index Only Scan using k_7 on sbtest7  (cost=0.43..10.44 rows=100 width=4)
	  Index Cond: ((k >= 3305973) AND (k <= 3306073))

table 8 : explain SELECT k FROM sbtest8 WHERE k BETWEEN 3305973 AND 3306073
	Index Only Scan using k_8 on sbtest8  (cost=0.43..6.40 rows=98 width=4)
	  Index Cond: ((k >= 3305973) AND (k <= 3306073))

explain: for range-covered :: explain SELECT k FROM sbtest%d WHERE k BETWEEN 8973422 AND 8973522
for range-covered
table 1 : explain SELECT k FROM sbtest1 WHERE k BETWEEN 7568999 AND 7569099
	Index Only Scan using k_1 on sbtest1  (cost=0.43..10.46 rows=101 width=4)
	  Index Cond: ((k >= 7568999) AND (k <= 7569099))

table 2 : explain SELECT k FROM sbtest2 WHERE k BETWEEN 7568999 AND 7569099
	Index Only Scan using k_2 on sbtest2  (cost=0.43..6.45 rows=101 width=4)
	  Index Cond: ((k >= 7568999) AND (k <= 7569099))

table 3 : explain SELECT k FROM sbtest3 WHERE k BETWEEN 7568999 AND 7569099
	Index Only Scan using k_3 on sbtest3  (cost=0.43..10.60 rows=108 width=4)
	  Index Cond: ((k >= 7568999) AND (k <= 7569099))

table 4 : explain SELECT k FROM sbtest4 WHERE k BETWEEN 7568999 AND 7569099
	Index Only Scan using k_4 on sbtest4  (cost=0.43..10.40 rows=98 width=4)
	  Index Cond: ((k >= 7568999) AND (k <= 7569099))

table 5 : explain SELECT k FROM sbtest5 WHERE k BETWEEN 7568999 AND 7569099
	Index Only Scan using k_5 on sbtest5  (cost=0.43..10.62 rows=109 width=4)
	  Index Cond: ((k >= 7568999) AND (k <= 7569099))

table 6 : explain SELECT k FROM sbtest6 WHERE k BETWEEN 7568999 AND 7569099
	Index Only Scan using k_6 on sbtest6  (cost=0.43..6.61 rows=109 width=4)
	  Index Cond: ((k >= 7568999) AND (k <= 7569099))

table 7 : explain SELECT k FROM sbtest7 WHERE k BETWEEN 7568999 AND 7569099
	Index Only Scan using k_7 on sbtest7  (cost=0.43..10.33 rows=95 width=4)
	  Index Cond: ((k >= 7568999) AND (k <= 7569099))

table 8 : explain SELECT k FROM sbtest8 WHERE k BETWEEN 7568999 AND 7569099
	Index Only Scan using k_8 on sbtest8  (cost=0.43..6.50 rows=103 width=4)
	  Index Cond: ((k >= 7568999) AND (k <= 7569099))

explain: for range-covered :: explain SELECT k FROM sbtest%d WHERE k BETWEEN 5706063 AND 5706163
for range-covered
table 1 : explain SELECT k FROM sbtest1 WHERE k BETWEEN 3388034 AND 3388134
	Index Only Scan using k_1 on sbtest1  (cost=0.43..10.42 rows=99 width=4)
	  Index Cond: ((k >= 3388034) AND (k <= 3388134))

table 2 : explain SELECT k FROM sbtest2 WHERE k BETWEEN 3388034 AND 3388134
	Index Only Scan using k_2 on sbtest2  (cost=0.43..6.47 rows=102 width=4)
	  Index Cond: ((k >= 3388034) AND (k <= 3388134))

table 3 : explain SELECT k FROM sbtest3 WHERE k BETWEEN 3388034 AND 3388134
	Index Only Scan using k_3 on sbtest3  (cost=0.43..10.50 rows=103 width=4)
	  Index Cond: ((k >= 3388034) AND (k <= 3388134))

table 4 : explain SELECT k FROM sbtest4 WHERE k BETWEEN 3388034 AND 3388134
	Index Only Scan using k_4 on sbtest4  (cost=0.43..10.83 rows=120 width=4)
	  Index Cond: ((k >= 3388034) AND (k <= 3388134))

table 5 : explain SELECT k FROM sbtest5 WHERE k BETWEEN 3388034 AND 3388134
	Index Only Scan using k_5 on sbtest5  (cost=0.43..10.46 rows=101 width=4)
	  Index Cond: ((k >= 3388034) AND (k <= 3388134))

table 6 : explain SELECT k FROM sbtest6 WHERE k BETWEEN 3388034 AND 3388134
	Index Only Scan using k_6 on sbtest6  (cost=0.43..6.37 rows=97 width=4)
	  Index Cond: ((k >= 3388034) AND (k <= 3388134))

table 7 : explain SELECT k FROM sbtest7 WHERE k BETWEEN 3388034 AND 3388134
	Index Only Scan using k_7 on sbtest7  (cost=0.43..10.88 rows=122 width=4)
	  Index Cond: ((k >= 3388034) AND (k <= 3388134))

table 8 : explain SELECT k FROM sbtest8 WHERE k BETWEEN 3388034 AND 3388134
	Index Only Scan using k_8 on sbtest8  (cost=0.43..6.45 rows=101 width=4)
	  Index Cond: ((k >= 3388034) AND (k <= 3388134))

for range-covered
table 1 : explain SELECT k FROM sbtest1 WHERE k BETWEEN 3732983 AND 3733083
	Index Only Scan using k_1 on sbtest1  (cost=0.43..10.58 rows=107 width=4)
	  Index Cond: ((k >= 3732983) AND (k <= 3733083))

table 2 : explain SELECT k FROM sbtest2 WHERE k BETWEEN 3732983 AND 3733083
	Index Only Scan using k_2 on sbtest2  (cost=0.43..6.58 rows=107 width=4)
	  Index Cond: ((k >= 3732983) AND (k <= 3733083))

table 3 : explain SELECT k FROM sbtest3 WHERE k BETWEEN 3732983 AND 3733083
	Index Only Scan using k_3 on sbtest3  (cost=0.43..10.42 rows=99 width=4)
	  Index Cond: ((k >= 3732983) AND (k <= 3733083))

table 4 : explain SELECT k FROM sbtest4 WHERE k BETWEEN 3732983 AND 3733083
	Index Only Scan using k_4 on sbtest4  (cost=0.43..10.62 rows=109 width=4)
	  Index Cond: ((k >= 3732983) AND (k <= 3733083))

table 5 : explain SELECT k FROM sbtest5 WHERE k BETWEEN 3732983 AND 3733083
	Index Only Scan using k_5 on sbtest5  (cost=0.43..10.46 rows=101 width=4)
	  Index Cond: ((k >= 3732983) AND (k <= 3733083))

table 6 : explain SELECT k FROM sbtest6 WHERE k BETWEEN 3732983 AND 3733083
	Index Only Scan using k_6 on sbtest6  (cost=0.43..6.59 rows=108 width=4)
	  Index Cond: ((k >= 3732983) AND (k <= 3733083))

table 7 : explain SELECT k FROM sbtest7 WHERE k BETWEEN 3732983 AND 3733083
	Index Only Scan using k_7 on sbtest7  (cost=0.43..10.32 rows=94 width=4)
	  Index Cond: ((k >= 3732983) AND (k <= 3733083))

table 8 : explain SELECT k FROM sbtest8 WHERE k BETWEEN 3732983 AND 3733083
	Index Only Scan using k_8 on sbtest8  (cost=0.43..6.59 rows=108 width=4)
	  Index Cond: ((k >= 3732983) AND (k <= 3733083))

explain: for range-covered :: explain SELECT k FROM sbtest%d WHERE k BETWEEN 3388034 AND 3388134
explain: for range-covered :: explain SELECT k FROM sbtest%d WHERE k BETWEEN 3732983 AND 3733083
for range-covered
table 1 : explain SELECT k FROM sbtest1 WHERE k BETWEEN 8973422 AND 8973522
	Index Only Scan using k_1 on sbtest1  (cost=0.43..10.40 rows=98 width=4)
	  Index Cond: ((k >= 8973422) AND (k <= 8973522))

table 2 : explain SELECT k FROM sbtest2 WHERE k BETWEEN 8973422 AND 8973522
	Index Only Scan using k_2 on sbtest2  (cost=0.43..6.56 rows=106 width=4)
	  Index Cond: ((k >= 8973422) AND (k <= 8973522))

table 3 : explain SELECT k FROM sbtest3 WHERE k BETWEEN 8973422 AND 8973522
	Index Only Scan using k_3 on sbtest3  (cost=0.43..10.62 rows=109 width=4)
	  Index Cond: ((k >= 8973422) AND (k <= 8973522))

table 4 : explain SELECT k FROM sbtest4 WHERE k BETWEEN 8973422 AND 8973522
	Index Only Scan using k_4 on sbtest4  (cost=0.43..10.65 rows=111 width=4)
	  Index Cond: ((k >= 8973422) AND (k <= 8973522))

table 5 : explain SELECT k FROM sbtest5 WHERE k BETWEEN 8973422 AND 8973522
	Index Only Scan using k_5 on sbtest5  (cost=0.43..10.51 rows=104 width=4)
	  Index Cond: ((k >= 8973422) AND (k <= 8973522))

table 6 : explain SELECT k FROM sbtest6 WHERE k BETWEEN 8973422 AND 8973522
	Index Only Scan using k_6 on sbtest6  (cost=0.43..6.50 rows=103 width=4)
	  Index Cond: ((k >= 8973422) AND (k <= 8973522))

table 7 : explain SELECT k FROM sbtest7 WHERE k BETWEEN 8973422 AND 8973522
	Index Only Scan using k_7 on sbtest7  (cost=0.43..10.38 rows=97 width=4)
	  Index Cond: ((k >= 8973422) AND (k <= 8973522))

table 8 : explain SELECT k FROM sbtest8 WHERE k BETWEEN 8973422 AND 8973522
	Index Only Scan using k_8 on sbtest8  (cost=0.43..6.50 rows=103 width=4)
	  Index Cond: ((k >= 8973422) AND (k <= 8973522))

explain: for range-covered :: explain SELECT k FROM sbtest%d WHERE k BETWEEN 8973422 AND 8973522
for range-covered
table 1 : explain SELECT k FROM sbtest1 WHERE k BETWEEN 4684933 AND 4685033
	Index Only Scan using k_1 on sbtest1  (cost=0.43..10.42 rows=99 width=4)
	  Index Cond: ((k >= 4684933) AND (k <= 4685033))

table 2 : explain SELECT k FROM sbtest2 WHERE k BETWEEN 4684933 AND 4685033
	Index Only Scan using k_2 on sbtest2  (cost=0.43..6.27 rows=92 width=4)
	  Index Cond: ((k >= 4684933) AND (k <= 4685033))

table 3 : explain SELECT k FROM sbtest3 WHERE k BETWEEN 4684933 AND 4685033
	Index Only Scan using k_3 on sbtest3  (cost=0.43..10.38 rows=97 width=4)
	  Index Cond: ((k >= 4684933) AND (k <= 4685033))

table 4 : explain SELECT k FROM sbtest4 WHERE k BETWEEN 4684933 AND 4685033
	Index Only Scan using k_4 on sbtest4  (cost=0.43..10.40 rows=98 width=4)
	  Index Cond: ((k >= 4684933) AND (k <= 4685033))

table 5 : explain SELECT k FROM sbtest5 WHERE k BETWEEN 4684933 AND 4685033
	Index Only Scan using k_5 on sbtest5  (cost=0.43..10.42 rows=99 width=4)
	  Index Cond: ((k >= 4684933) AND (k <= 4685033))

table 6 : explain SELECT k FROM sbtest6 WHERE k BETWEEN 4684933 AND 4685033
	Index Only Scan using k_6 on sbtest6  (cost=0.43..6.35 rows=96 width=4)
	  Index Cond: ((k >= 4684933) AND (k <= 4685033))

table 7 : explain SELECT k FROM sbtest7 WHERE k BETWEEN 4684933 AND 4685033
	Index Only Scan using k_7 on sbtest7  (cost=0.43..10.44 rows=100 width=4)
	  Index Cond: ((k >= 4684933) AND (k <= 4685033))

table 8 : explain SELECT k FROM sbtest8 WHERE k BETWEEN 4684933 AND 4685033
	Index Only Scan using k_8 on sbtest8  (cost=0.43..6.42 rows=99 width=4)
	  Index Cond: ((k >= 4684933) AND (k <= 4685033))

explain: for range-covered :: explain SELECT k FROM sbtest%d WHERE k BETWEEN 4684933 AND 4685033
for range-covered
table 1 : explain SELECT k FROM sbtest1 WHERE k BETWEEN 6822965 AND 6823065
	Index Only Scan using k_1 on sbtest1  (cost=0.43..10.56 rows=106 width=4)
	  Index Cond: ((k >= 6822965) AND (k <= 6823065))

table 2 : explain SELECT k FROM sbtest2 WHERE k BETWEEN 6822965 AND 6823065
	Index Only Scan using k_2 on sbtest2  (cost=0.43..6.42 rows=99 width=4)
	  Index Cond: ((k >= 6822965) AND (k <= 6823065))

table 3 : explain SELECT k FROM sbtest3 WHERE k BETWEEN 6822965 AND 6823065
	Index Only Scan using k_3 on sbtest3  (cost=0.43..10.47 rows=102 width=4)
	  Index Cond: ((k >= 6822965) AND (k <= 6823065))

table 4 : explain SELECT k FROM sbtest4 WHERE k BETWEEN 6822965 AND 6823065
	Index Only Scan using k_4 on sbtest4  (cost=0.43..10.50 rows=103 width=4)
	  Index Cond: ((k >= 6822965) AND (k <= 6823065))

table 5 : explain SELECT k FROM sbtest5 WHERE k BETWEEN 6822965 AND 6823065
	Index Only Scan using k_5 on sbtest5  (cost=0.43..10.62 rows=109 width=4)
	  Index Cond: ((k >= 6822965) AND (k <= 6823065))

table 6 : explain SELECT k FROM sbtest6 WHERE k BETWEEN 6822965 AND 6823065
	Index Only Scan using k_6 on sbtest6  (cost=0.43..6.42 rows=99 width=4)
	  Index Cond: ((k >= 6822965) AND (k <= 6823065))

table 7 : explain SELECT k FROM sbtest7 WHERE k BETWEEN 6822965 AND 6823065
	Index Only Scan using k_7 on sbtest7  (cost=0.43..10.22 rows=89 width=4)
	  Index Cond: ((k >= 6822965) AND (k <= 6823065))

table 8 : explain SELECT k FROM sbtest8 WHERE k BETWEEN 6822965 AND 6823065
	Index Only Scan using k_8 on sbtest8  (cost=0.43..6.40 rows=98 width=4)
	  Index Cond: ((k >= 6822965) AND (k <= 6823065))

explain: for range-covered :: explain SELECT k FROM sbtest%d WHERE k BETWEEN 6822965 AND 6823065
for range-covered
table 1 : explain SELECT k FROM sbtest1 WHERE k BETWEEN 3535569 AND 3535669
	Index Only Scan using k_1 on sbtest1  (cost=0.43..10.58 rows=107 width=4)
	  Index Cond: ((k >= 3535569) AND (k <= 3535669))

table 2 : explain SELECT k FROM sbtest2 WHERE k BETWEEN 3535569 AND 3535669
	Index Only Scan using k_2 on sbtest2  (cost=0.43..6.59 rows=108 width=4)
	  Index Cond: ((k >= 3535569) AND (k <= 3535669))

table 3 : explain SELECT k FROM sbtest3 WHERE k BETWEEN 3535569 AND 3535669
	Index Only Scan using k_3 on sbtest3  (cost=0.43..10.44 rows=100 width=4)
	  Index Cond: ((k >= 3535569) AND (k <= 3535669))

table 4 : explain SELECT k FROM sbtest4 WHERE k BETWEEN 3535569 AND 3535669
	Index Only Scan using k_4 on sbtest4  (cost=0.43..10.29 rows=93 width=4)
	  Index Cond: ((k >= 3535569) AND (k <= 3535669))

table 5 : explain SELECT k FROM sbtest5 WHERE k BETWEEN 3535569 AND 3535669
	Index Only Scan using k_5 on sbtest5  (cost=0.43..10.46 rows=101 width=4)
	  Index Cond: ((k >= 3535569) AND (k <= 3535669))

table 6 : explain SELECT k FROM sbtest6 WHERE k BETWEEN 3535569 AND 3535669
	Index Only Scan using k_6 on sbtest6  (cost=0.43..6.47 rows=102 width=4)
	  Index Cond: ((k >= 3535569) AND (k <= 3535669))

table 7 : explain SELECT k FROM sbtest7 WHERE k BETWEEN 3535569 AND 3535669
	Index Only Scan using k_7 on sbtest7  (cost=0.43..10.72 rows=114 width=4)
	  Index Cond: ((k >= 3535569) AND (k <= 3535669))

table 8 : explain SELECT k FROM sbtest8 WHERE k BETWEEN 3535569 AND 3535669
	Index Only Scan using k_8 on sbtest8  (cost=0.43..6.43 rows=100 width=4)
	  Index Cond: ((k >= 3535569) AND (k <= 3535669))

for range-covered
table 1 : explain SELECT k FROM sbtest1 WHERE k BETWEEN 6749073 AND 6749173
	Index Only Scan using k_1 on sbtest1  (cost=0.43..10.56 rows=106 width=4)
	  Index Cond: ((k >= 6749073) AND (k <= 6749173))

table 2 : explain SELECT k FROM sbtest2 WHERE k BETWEEN 6749073 AND 6749173
	Index Only Scan using k_2 on sbtest2  (cost=0.43..6.27 rows=92 width=4)
	  Index Cond: ((k >= 6749073) AND (k <= 6749173))

table 3 : explain SELECT k FROM sbtest3 WHERE k BETWEEN 6749073 AND 6749173
	Index Only Scan using k_3 on sbtest3  (cost=0.43..10.47 rows=102 width=4)
	  Index Cond: ((k >= 6749073) AND (k <= 6749173))

table 4 : explain SELECT k FROM sbtest4 WHERE k BETWEEN 6749073 AND 6749173
	Index Only Scan using k_4 on sbtest4  (cost=0.43..10.44 rows=100 width=4)
	  Index Cond: ((k >= 6749073) AND (k <= 6749173))

table 5 : explain SELECT k FROM sbtest5 WHERE k BETWEEN 6749073 AND 6749173
	Index Only Scan using k_5 on sbtest5  (cost=0.43..10.58 rows=107 width=4)
	  Index Cond: ((k >= 6749073) AND (k <= 6749173))

table 6 : explain SELECT k FROM sbtest6 WHERE k BETWEEN 6749073 AND 6749173
	Index Only Scan using k_6 on sbtest6  (cost=0.43..6.32 rows=94 width=4)
	  Index Cond: ((k >= 6749073) AND (k <= 6749173))

table 7 : explain SELECT k FROM sbtest7 WHERE k BETWEEN 6749073 AND 6749173
	Index Only Scan using k_7 on sbtest7  (cost=0.43..10.44 rows=100 width=4)
	  Index Cond: ((k >= 6749073) AND (k <= 6749173))

table 8 : explain SELECT k FROM sbtest8 WHERE k BETWEEN 6749073 AND 6749173
	Index Only Scan using k_8 on sbtest8  (cost=0.43..6.40 rows=98 width=4)
	  Index Cond: ((k >= 6749073) AND (k <= 6749173))

for range-covered
table 1 : explain SELECT k FROM sbtest1 WHERE k BETWEEN 3388034 AND 3388134
	Index Only Scan using k_1 on sbtest1  (cost=0.43..10.42 rows=99 width=4)
	  Index Cond: ((k >= 3388034) AND (k <= 3388134))

table 2 : explain SELECT k FROM sbtest2 WHERE k BETWEEN 3388034 AND 3388134
	Index Only Scan using k_2 on sbtest2  (cost=0.43..6.47 rows=102 width=4)
	  Index Cond: ((k >= 3388034) AND (k <= 3388134))

table 3 : explain SELECT k FROM sbtest3 WHERE k BETWEEN 3388034 AND 3388134
	Index Only Scan using k_3 on sbtest3  (cost=0.43..10.50 rows=103 width=4)
	  Index Cond: ((k >= 3388034) AND (k <= 3388134))

table 4 : explain SELECT k FROM sbtest4 WHERE k BETWEEN 3388034 AND 3388134
	Index Only Scan using k_4 on sbtest4  (cost=0.43..10.83 rows=120 width=4)
	  Index Cond: ((k >= 3388034) AND (k <= 3388134))

table 5 : explain SELECT k FROM sbtest5 WHERE k BETWEEN 3388034 AND 3388134
	Index Only Scan using k_5 on sbtest5  (cost=0.43..10.46 rows=101 width=4)
	  Index Cond: ((k >= 3388034) AND (k <= 3388134))

table 6 : explain SELECT k FROM sbtest6 WHERE k BETWEEN 3388034 AND 3388134
	Index Only Scan using k_6 on sbtest6  (cost=0.43..6.37 rows=97 width=4)
	  Index Cond: ((k >= 3388034) AND (k <= 3388134))

table 7 : explain SELECT k FROM sbtest7 WHERE k BETWEEN 3388034 AND 3388134
	Index Only Scan using k_7 on sbtest7  (cost=0.43..10.88 rows=122 width=4)
	  Index Cond: ((k >= 3388034) AND (k <= 3388134))

table 8 : explain SELECT k FROM sbtest8 WHERE k BETWEEN 3388034 AND 3388134
	Index Only Scan using k_8 on sbtest8  (cost=0.43..6.45 rows=101 width=4)
	  Index Cond: ((k >= 3388034) AND (k <= 3388134))

for range-covered
table 1 : explain SELECT k FROM sbtest1 WHERE k BETWEEN 3732983 AND 3733083
	Index Only Scan using k_1 on sbtest1  (cost=0.43..10.58 rows=107 width=4)
	  Index Cond: ((k >= 3732983) AND (k <= 3733083))

table 2 : explain SELECT k FROM sbtest2 WHERE k BETWEEN 3732983 AND 3733083
	Index Only Scan using k_2 on sbtest2  (cost=0.43..6.58 rows=107 width=4)
	  Index Cond: ((k >= 3732983) AND (k <= 3733083))

table 3 : explain SELECT k FROM sbtest3 WHERE k BETWEEN 3732983 AND 3733083
	Index Only Scan using k_3 on sbtest3  (cost=0.43..10.42 rows=99 width=4)
	  Index Cond: ((k >= 3732983) AND (k <= 3733083))

table 4 : explain SELECT k FROM sbtest4 WHERE k BETWEEN 3732983 AND 3733083
	Index Only Scan using k_4 on sbtest4  (cost=0.43..10.62 rows=109 width=4)
	  Index Cond: ((k >= 3732983) AND (k <= 3733083))

table 5 : explain SELECT k FROM sbtest5 WHERE k BETWEEN 3732983 AND 3733083
	Index Only Scan using k_5 on sbtest5  (cost=0.43..10.46 rows=101 width=4)
	  Index Cond: ((k >= 3732983) AND (k <= 3733083))

table 6 : explain SELECT k FROM sbtest6 WHERE k BETWEEN 3732983 AND 3733083
	Index Only Scan using k_6 on sbtest6  (cost=0.43..6.59 rows=108 width=4)
	  Index Cond: ((k >= 3732983) AND (k <= 3733083))

table 7 : explain SELECT k FROM sbtest7 WHERE k BETWEEN 3732983 AND 3733083
	Index Only Scan using k_7 on sbtest7  (cost=0.43..10.32 rows=94 width=4)
	  Index Cond: ((k >= 3732983) AND (k <= 3733083))

table 8 : explain SELECT k FROM sbtest8 WHERE k BETWEEN 3732983 AND 3733083
	Index Only Scan using k_8 on sbtest8  (cost=0.43..6.59 rows=108 width=4)
	  Index Cond: ((k >= 3732983) AND (k <= 3733083))

explain: for range-covered :: explain SELECT k FROM sbtest%d WHERE k BETWEEN 6749073 AND 6749173
explain: for range-covered :: explain SELECT k FROM sbtest%d WHERE k BETWEEN 3388034 AND 3388134
explain: for range-covered :: explain SELECT k FROM sbtest%d WHERE k BETWEEN 3732983 AND 3733083
for range-covered
table 1 : explain SELECT k FROM sbtest1 WHERE k BETWEEN 8973422 AND 8973522
	Index Only Scan using k_1 on sbtest1  (cost=0.43..10.40 rows=98 width=4)
	  Index Cond: ((k >= 8973422) AND (k <= 8973522))

table 2 : explain SELECT k FROM sbtest2 WHERE k BETWEEN 8973422 AND 8973522
	Index Only Scan using k_2 on sbtest2  (cost=0.43..6.56 rows=106 width=4)
	  Index Cond: ((k >= 8973422) AND (k <= 8973522))

table 3 : explain SELECT k FROM sbtest3 WHERE k BETWEEN 8973422 AND 8973522
	Index Only Scan using k_3 on sbtest3  (cost=0.43..10.62 rows=109 width=4)
	  Index Cond: ((k >= 8973422) AND (k <= 8973522))

table 4 : explain SELECT k FROM sbtest4 WHERE k BETWEEN 8973422 AND 8973522
	Index Only Scan using k_4 on sbtest4  (cost=0.43..10.65 rows=111 width=4)
	  Index Cond: ((k >= 8973422) AND (k <= 8973522))

table 5 : explain SELECT k FROM sbtest5 WHERE k BETWEEN 8973422 AND 8973522
	Index Only Scan using k_5 on sbtest5  (cost=0.43..10.51 rows=104 width=4)
	  Index Cond: ((k >= 8973422) AND (k <= 8973522))

table 6 : explain SELECT k FROM sbtest6 WHERE k BETWEEN 8973422 AND 8973522
	Index Only Scan using k_6 on sbtest6  (cost=0.43..6.50 rows=103 width=4)
	  Index Cond: ((k >= 8973422) AND (k <= 8973522))

table 7 : explain SELECT k FROM sbtest7 WHERE k BETWEEN 8973422 AND 8973522
	Index Only Scan using k_7 on sbtest7  (cost=0.43..10.38 rows=97 width=4)
	  Index Cond: ((k >= 8973422) AND (k <= 8973522))

table 8 : explain SELECT k FROM sbtest8 WHERE k BETWEEN 8973422 AND 8973522
	Index Only Scan using k_8 on sbtest8  (cost=0.43..6.50 rows=103 width=4)
	  Index Cond: ((k >= 8973422) AND (k <= 8973522))

explain: for range-covered :: explain SELECT k FROM sbtest%d WHERE k BETWEEN 8973422 AND 8973522
for range-covered
table 1 : explain SELECT k FROM sbtest1 WHERE k BETWEEN 4668827 AND 4668927
	Index Only Scan using k_1 on sbtest1  (cost=0.43..10.42 rows=99 width=4)
	  Index Cond: ((k >= 4668827) AND (k <= 4668927))

table 2 : explain SELECT k FROM sbtest2 WHERE k BETWEEN 4668827 AND 4668927
	Index Only Scan using k_2 on sbtest2  (cost=0.43..6.29 rows=93 width=4)
	  Index Cond: ((k >= 4668827) AND (k <= 4668927))

table 3 : explain SELECT k FROM sbtest3 WHERE k BETWEEN 4668827 AND 4668927
	Index Only Scan using k_3 on sbtest3  (cost=0.43..10.38 rows=97 width=4)
	  Index Cond: ((k >= 4668827) AND (k <= 4668927))

table 4 : explain SELECT k FROM sbtest4 WHERE k BETWEEN 4668827 AND 4668927
	Index Only Scan using k_4 on sbtest4  (cost=0.43..10.40 rows=98 width=4)
	  Index Cond: ((k >= 4668827) AND (k <= 4668927))

table 5 : explain SELECT k FROM sbtest5 WHERE k BETWEEN 4668827 AND 4668927
	Index Only Scan using k_5 on sbtest5  (cost=0.43..10.42 rows=99 width=4)
	  Index Cond: ((k >= 4668827) AND (k <= 4668927))

table 6 : explain SELECT k FROM sbtest6 WHERE k BETWEEN 4668827 AND 4668927
	Index Only Scan using k_6 on sbtest6  (cost=0.43..6.35 rows=96 width=4)
	  Index Cond: ((k >= 4668827) AND (k <= 4668927))

table 7 : explain SELECT k FROM sbtest7 WHERE k BETWEEN 4668827 AND 4668927
	Index Only Scan using k_7 on sbtest7  (cost=0.43..10.44 rows=100 width=4)
	  Index Cond: ((k >= 4668827) AND (k <= 4668927))

table 8 : explain SELECT k FROM sbtest8 WHERE k BETWEEN 4668827 AND 4668927
	Index Only Scan using k_8 on sbtest8  (cost=0.43..6.42 rows=99 width=4)
	  Index Cond: ((k >= 4668827) AND (k <= 4668927))

explain: for range-covered :: explain SELECT k FROM sbtest%d WHERE k BETWEEN 4668827 AND 4668927
for range-covered
table 1 : explain SELECT k FROM sbtest1 WHERE k BETWEEN 3732983 AND 3733083
	Index Only Scan using k_1 on sbtest1  (cost=0.43..10.58 rows=107 width=4)
	  Index Cond: ((k >= 3732983) AND (k <= 3733083))

table 2 : explain SELECT k FROM sbtest2 WHERE k BETWEEN 3732983 AND 3733083
	Index Only Scan using k_2 on sbtest2  (cost=0.43..6.58 rows=107 width=4)
	  Index Cond: ((k >= 3732983) AND (k <= 3733083))

table 3 : explain SELECT k FROM sbtest3 WHERE k BETWEEN 3732983 AND 3733083
	Index Only Scan using k_3 on sbtest3  (cost=0.43..10.42 rows=99 width=4)
	  Index Cond: ((k >= 3732983) AND (k <= 3733083))

table 4 : explain SELECT k FROM sbtest4 WHERE k BETWEEN 3732983 AND 3733083
	Index Only Scan using k_4 on sbtest4  (cost=0.43..10.62 rows=109 width=4)
	  Index Cond: ((k >= 3732983) AND (k <= 3733083))

table 5 : explain SELECT k FROM sbtest5 WHERE k BETWEEN 3732983 AND 3733083
	Index Only Scan using k_5 on sbtest5  (cost=0.43..10.46 rows=101 width=4)
	  Index Cond: ((k >= 3732983) AND (k <= 3733083))

table 6 : explain SELECT k FROM sbtest6 WHERE k BETWEEN 3732983 AND 3733083
	Index Only Scan using k_6 on sbtest6  (cost=0.43..6.59 rows=108 width=4)
	  Index Cond: ((k >= 3732983) AND (k <= 3733083))

table 7 : explain SELECT k FROM sbtest7 WHERE k BETWEEN 3732983 AND 3733083
	Index Only Scan using k_7 on sbtest7  (cost=0.43..10.32 rows=94 width=4)
	  Index Cond: ((k >= 3732983) AND (k <= 3733083))

table 8 : explain SELECT k FROM sbtest8 WHERE k BETWEEN 3732983 AND 3733083
	Index Only Scan using k_8 on sbtest8  (cost=0.43..6.59 rows=108 width=4)
	  Index Cond: ((k >= 3732983) AND (k <= 3733083))

for range-covered
table 1 : explain SELECT k FROM sbtest1 WHERE k BETWEEN 3388034 AND 3388134
	Index Only Scan using k_1 on sbtest1  (cost=0.43..10.42 rows=99 width=4)
	  Index Cond: ((k >= 3388034) AND (k <= 3388134))

table 2 : explain SELECT k FROM sbtest2 WHERE k BETWEEN 3388034 AND 3388134
	Index Only Scan using k_2 on sbtest2  (cost=0.43..6.47 rows=102 width=4)
	  Index Cond: ((k >= 3388034) AND (k <= 3388134))

table 3 : explain SELECT k FROM sbtest3 WHERE k BETWEEN 3388034 AND 3388134
	Index Only Scan using k_3 on sbtest3  (cost=0.43..10.50 rows=103 width=4)
	  Index Cond: ((k >= 3388034) AND (k <= 3388134))

table 4 : explain SELECT k FROM sbtest4 WHERE k BETWEEN 3388034 AND 3388134
	Index Only Scan using k_4 on sbtest4  (cost=0.43..10.83 rows=120 width=4)
	  Index Cond: ((k >= 3388034) AND (k <= 3388134))

table 5 : explain SELECT k FROM sbtest5 WHERE k BETWEEN 3388034 AND 3388134
	Index Only Scan using k_5 on sbtest5  (cost=0.43..10.46 rows=101 width=4)
	  Index Cond: ((k >= 3388034) AND (k <= 3388134))

table 6 : explain SELECT k FROM sbtest6 WHERE k BETWEEN 3388034 AND 3388134
	Index Only Scan using k_6 on sbtest6  (cost=0.43..6.37 rows=97 width=4)
	  Index Cond: ((k >= 3388034) AND (k <= 3388134))

table 7 : explain SELECT k FROM sbtest7 WHERE k BETWEEN 3388034 AND 3388134
	Index Only Scan using k_7 on sbtest7  (cost=0.43..10.88 rows=122 width=4)
	  Index Cond: ((k >= 3388034) AND (k <= 3388134))

table 8 : explain SELECT k FROM sbtest8 WHERE k BETWEEN 3388034 AND 3388134
	Index Only Scan using k_8 on sbtest8  (cost=0.43..6.45 rows=101 width=4)
	  Index Cond: ((k >= 3388034) AND (k <= 3388134))

explain: for range-covered :: explain SELECT k FROM sbtest%d WHERE k BETWEEN 3732983 AND 3733083
for range-covered
table 1 : explain SELECT k FROM sbtest1 WHERE k BETWEEN 6749073 AND 6749173
	Index Only Scan using k_1 on sbtest1  (cost=0.43..10.56 rows=106 width=4)
	  Index Cond: ((k >= 6749073) AND (k <= 6749173))

table 2 : explain SELECT k FROM sbtest2 WHERE k BETWEEN 6749073 AND 6749173
	Index Only Scan using k_2 on sbtest2  (cost=0.43..6.27 rows=92 width=4)
	  Index Cond: ((k >= 6749073) AND (k <= 6749173))

table 3 : explain SELECT k FROM sbtest3 WHERE k BETWEEN 6749073 AND 6749173
	Index Only Scan using k_3 on sbtest3  (cost=0.43..10.47 rows=102 width=4)
	  Index Cond: ((k >= 6749073) AND (k <= 6749173))

table 4 : explain SELECT k FROM sbtest4 WHERE k BETWEEN 6749073 AND 6749173
	Index Only Scan using k_4 on sbtest4  (cost=0.43..10.44 rows=100 width=4)
	  Index Cond: ((k >= 6749073) AND (k <= 6749173))

table 5 : explain SELECT k FROM sbtest5 WHERE k BETWEEN 6749073 AND 6749173
	Index Only Scan using k_5 on sbtest5  (cost=0.43..10.58 rows=107 width=4)
	  Index Cond: ((k >= 6749073) AND (k <= 6749173))

table 6 : explain SELECT k FROM sbtest6 WHERE k BETWEEN 6749073 AND 6749173
	Index Only Scan using k_6 on sbtest6  (cost=0.43..6.32 rows=94 width=4)
	  Index Cond: ((k >= 6749073) AND (k <= 6749173))

table 7 : explain SELECT k FROM sbtest7 WHERE k BETWEEN 6749073 AND 6749173
	Index Only Scan using k_7 on sbtest7  (cost=0.43..10.44 rows=100 width=4)
	  Index Cond: ((k >= 6749073) AND (k <= 6749173))

table 8 : explain SELECT k FROM sbtest8 WHERE k BETWEEN 6749073 AND 6749173
	Index Only Scan using k_8 on sbtest8  (cost=0.43..6.40 rows=98 width=4)
	  Index Cond: ((k >= 6749073) AND (k <= 6749173))

explain: for range-covered :: explain SELECT k FROM sbtest%d WHERE k BETWEEN 3388034 AND 3388134
explain: for range-covered :: explain SELECT k FROM sbtest%d WHERE k BETWEEN 6749073 AND 6749173
for range-covered
table 1 : explain SELECT k FROM sbtest1 WHERE k BETWEEN 4684933 AND 4685033
	Index Only Scan using k_1 on sbtest1  (cost=0.43..10.42 rows=99 width=4)
	  Index Cond: ((k >= 4684933) AND (k <= 4685033))

table 2 : explain SELECT k FROM sbtest2 WHERE k BETWEEN 4684933 AND 4685033
	Index Only Scan using k_2 on sbtest2  (cost=0.43..6.27 rows=92 width=4)
	  Index Cond: ((k >= 4684933) AND (k <= 4685033))

table 3 : explain SELECT k FROM sbtest3 WHERE k BETWEEN 4684933 AND 4685033
	Index Only Scan using k_3 on sbtest3  (cost=0.43..10.38 rows=97 width=4)
	  Index Cond: ((k >= 4684933) AND (k <= 4685033))

table 4 : explain SELECT k FROM sbtest4 WHERE k BETWEEN 4684933 AND 4685033
	Index Only Scan using k_4 on sbtest4  (cost=0.43..10.40 rows=98 width=4)
	  Index Cond: ((k >= 4684933) AND (k <= 4685033))

table 5 : explain SELECT k FROM sbtest5 WHERE k BETWEEN 4684933 AND 4685033
	Index Only Scan using k_5 on sbtest5  (cost=0.43..10.42 rows=99 width=4)
	  Index Cond: ((k >= 4684933) AND (k <= 4685033))

table 6 : explain SELECT k FROM sbtest6 WHERE k BETWEEN 4684933 AND 4685033
	Index Only Scan using k_6 on sbtest6  (cost=0.43..6.35 rows=96 width=4)
	  Index Cond: ((k >= 4684933) AND (k <= 4685033))

table 7 : explain SELECT k FROM sbtest7 WHERE k BETWEEN 4684933 AND 4685033
	Index Only Scan using k_7 on sbtest7  (cost=0.43..10.44 rows=100 width=4)
	  Index Cond: ((k >= 4684933) AND (k <= 4685033))

table 8 : explain SELECT k FROM sbtest8 WHERE k BETWEEN 4684933 AND 4685033
	Index Only Scan using k_8 on sbtest8  (cost=0.43..6.42 rows=99 width=4)
	  Index Cond: ((k >= 4684933) AND (k <= 4685033))

for range-covered
table 1 : explain SELECT k FROM sbtest1 WHERE k BETWEEN 8973422 AND 8973522
	Index Only Scan using k_1 on sbtest1  (cost=0.43..10.40 rows=98 width=4)
	  Index Cond: ((k >= 8973422) AND (k <= 8973522))

table 2 : explain SELECT k FROM sbtest2 WHERE k BETWEEN 8973422 AND 8973522
	Index Only Scan using k_2 on sbtest2  (cost=0.43..6.56 rows=106 width=4)
	  Index Cond: ((k >= 8973422) AND (k <= 8973522))

table 3 : explain SELECT k FROM sbtest3 WHERE k BETWEEN 8973422 AND 8973522
	Index Only Scan using k_3 on sbtest3  (cost=0.43..10.62 rows=109 width=4)
	  Index Cond: ((k >= 8973422) AND (k <= 8973522))

table 4 : explain SELECT k FROM sbtest4 WHERE k BETWEEN 8973422 AND 8973522
	Index Only Scan using k_4 on sbtest4  (cost=0.43..10.65 rows=111 width=4)
	  Index Cond: ((k >= 8973422) AND (k <= 8973522))

table 5 : explain SELECT k FROM sbtest5 WHERE k BETWEEN 8973422 AND 8973522
	Index Only Scan using k_5 on sbtest5  (cost=0.43..10.51 rows=104 width=4)
	  Index Cond: ((k >= 8973422) AND (k <= 8973522))

table 6 : explain SELECT k FROM sbtest6 WHERE k BETWEEN 8973422 AND 8973522
	Index Only Scan using k_6 on sbtest6  (cost=0.43..6.50 rows=103 width=4)
	  Index Cond: ((k >= 8973422) AND (k <= 8973522))

table 7 : explain SELECT k FROM sbtest7 WHERE k BETWEEN 8973422 AND 8973522
	Index Only Scan using k_7 on sbtest7  (cost=0.43..10.38 rows=97 width=4)
	  Index Cond: ((k >= 8973422) AND (k <= 8973522))

table 8 : explain SELECT k FROM sbtest8 WHERE k BETWEEN 8973422 AND 8973522
	Index Only Scan using k_8 on sbtest8  (cost=0.43..6.50 rows=103 width=4)
	  Index Cond: ((k >= 8973422) AND (k <= 8973522))

explain: for range-covered :: explain SELECT k FROM sbtest%d WHERE k BETWEEN 4684933 AND 4685033
explain: for range-covered :: explain SELECT k FROM sbtest%d WHERE k BETWEEN 8973422 AND 8973522
for range-covered
table 1 : explain SELECT k FROM sbtest1 WHERE k BETWEEN 6822965 AND 6823065
	Index Only Scan using k_1 on sbtest1  (cost=0.43..10.56 rows=106 width=4)
	  Index Cond: ((k >= 6822965) AND (k <= 6823065))

table 2 : explain SELECT k FROM sbtest2 WHERE k BETWEEN 6822965 AND 6823065
	Index Only Scan using k_2 on sbtest2  (cost=0.43..6.42 rows=99 width=4)
	  Index Cond: ((k >= 6822965) AND (k <= 6823065))

table 3 : explain SELECT k FROM sbtest3 WHERE k BETWEEN 6822965 AND 6823065
	Index Only Scan using k_3 on sbtest3  (cost=0.43..10.47 rows=102 width=4)
	  Index Cond: ((k >= 6822965) AND (k <= 6823065))

table 4 : explain SELECT k FROM sbtest4 WHERE k BETWEEN 6822965 AND 6823065
	Index Only Scan using k_4 on sbtest4  (cost=0.43..10.50 rows=103 width=4)
	  Index Cond: ((k >= 6822965) AND (k <= 6823065))

table 5 : explain SELECT k FROM sbtest5 WHERE k BETWEEN 6822965 AND 6823065
	Index Only Scan using k_5 on sbtest5  (cost=0.43..10.62 rows=109 width=4)
	  Index Cond: ((k >= 6822965) AND (k <= 6823065))

table 6 : explain SELECT k FROM sbtest6 WHERE k BETWEEN 6822965 AND 6823065
	Index Only Scan using k_6 on sbtest6  (cost=0.43..6.42 rows=99 width=4)
	  Index Cond: ((k >= 6822965) AND (k <= 6823065))

table 7 : explain SELECT k FROM sbtest7 WHERE k BETWEEN 6822965 AND 6823065
	Index Only Scan using k_7 on sbtest7  (cost=0.43..10.22 rows=89 width=4)
	  Index Cond: ((k >= 6822965) AND (k <= 6823065))

table 8 : explain SELECT k FROM sbtest8 WHERE k BETWEEN 6822965 AND 6823065
	Index Only Scan using k_8 on sbtest8  (cost=0.43..6.40 rows=98 width=4)
	  Index Cond: ((k >= 6822965) AND (k <= 6823065))

explain: for range-covered :: explain SELECT k FROM sbtest%d WHERE k BETWEEN 6822965 AND 6823065
for range-covered
table 1 : explain SELECT k FROM sbtest1 WHERE k BETWEEN 4668827 AND 4668927
	Index Only Scan using k_1 on sbtest1  (cost=0.43..10.42 rows=99 width=4)
	  Index Cond: ((k >= 4668827) AND (k <= 4668927))

table 2 : explain SELECT k FROM sbtest2 WHERE k BETWEEN 4668827 AND 4668927
	Index Only Scan using k_2 on sbtest2  (cost=0.43..6.29 rows=93 width=4)
	  Index Cond: ((k >= 4668827) AND (k <= 4668927))

table 3 : explain SELECT k FROM sbtest3 WHERE k BETWEEN 4668827 AND 4668927
	Index Only Scan using k_3 on sbtest3  (cost=0.43..10.38 rows=97 width=4)
	  Index Cond: ((k >= 4668827) AND (k <= 4668927))

table 4 : explain SELECT k FROM sbtest4 WHERE k BETWEEN 4668827 AND 4668927
	Index Only Scan using k_4 on sbtest4  (cost=0.43..10.40 rows=98 width=4)
	  Index Cond: ((k >= 4668827) AND (k <= 4668927))

table 5 : explain SELECT k FROM sbtest5 WHERE k BETWEEN 4668827 AND 4668927
	Index Only Scan using k_5 on sbtest5  (cost=0.43..10.42 rows=99 width=4)
	  Index Cond: ((k >= 4668827) AND (k <= 4668927))

table 6 : explain SELECT k FROM sbtest6 WHERE k BETWEEN 4668827 AND 4668927
	Index Only Scan using k_6 on sbtest6  (cost=0.43..6.35 rows=96 width=4)
	  Index Cond: ((k >= 4668827) AND (k <= 4668927))

table 7 : explain SELECT k FROM sbtest7 WHERE k BETWEEN 4668827 AND 4668927
	Index Only Scan using k_7 on sbtest7  (cost=0.43..10.44 rows=100 width=4)
	  Index Cond: ((k >= 4668827) AND (k <= 4668927))

table 8 : explain SELECT k FROM sbtest8 WHERE k BETWEEN 4668827 AND 4668927
	Index Only Scan using k_8 on sbtest8  (cost=0.43..6.42 rows=99 width=4)
	  Index Cond: ((k >= 4668827) AND (k <= 4668927))

for range-covered
table 1 : explain SELECT k FROM sbtest1 WHERE k BETWEEN 3388034 AND 3388134
	Index Only Scan using k_1 on sbtest1  (cost=0.43..10.42 rows=99 width=4)
	  Index Cond: ((k >= 3388034) AND (k <= 3388134))

table 2 : explain SELECT k FROM sbtest2 WHERE k BETWEEN 3388034 AND 3388134
	Index Only Scan using k_2 on sbtest2  (cost=0.43..6.47 rows=102 width=4)
	  Index Cond: ((k >= 3388034) AND (k <= 3388134))

table 3 : explain SELECT k FROM sbtest3 WHERE k BETWEEN 3388034 AND 3388134
	Index Only Scan using k_3 on sbtest3  (cost=0.43..10.50 rows=103 width=4)
	  Index Cond: ((k >= 3388034) AND (k <= 3388134))

table 4 : explain SELECT k FROM sbtest4 WHERE k BETWEEN 3388034 AND 3388134
	Index Only Scan using k_4 on sbtest4  (cost=0.43..10.83 rows=120 width=4)
	  Index Cond: ((k >= 3388034) AND (k <= 3388134))

table 5 : explain SELECT k FROM sbtest5 WHERE k BETWEEN 3388034 AND 3388134
	Index Only Scan using k_5 on sbtest5  (cost=0.43..10.46 rows=101 width=4)
	  Index Cond: ((k >= 3388034) AND (k <= 3388134))

table 6 : explain SELECT k FROM sbtest6 WHERE k BETWEEN 3388034 AND 3388134
	Index Only Scan using k_6 on sbtest6  (cost=0.43..6.37 rows=97 width=4)
	  Index Cond: ((k >= 3388034) AND (k <= 3388134))

table 7 : explain SELECT k FROM sbtest7 WHERE k BETWEEN 3388034 AND 3388134
	Index Only Scan using k_7 on sbtest7  (cost=0.43..10.88 rows=122 width=4)
	  Index Cond: ((k >= 3388034) AND (k <= 3388134))

table 8 : explain SELECT k FROM sbtest8 WHERE k BETWEEN 3388034 AND 3388134
	Index Only Scan using k_8 on sbtest8  (cost=0.43..6.45 rows=101 width=4)
	  Index Cond: ((k >= 3388034) AND (k <= 3388134))

explain: for range-covered :: explain SELECT k FROM sbtest%d WHERE k BETWEEN 4668827 AND 4668927
for range-covered
table 1 : explain SELECT k FROM sbtest1 WHERE k BETWEEN 6749073 AND 6749173
	Index Only Scan using k_1 on sbtest1  (cost=0.43..10.56 rows=106 width=4)
	  Index Cond: ((k >= 6749073) AND (k <= 6749173))

table 2 : explain SELECT k FROM sbtest2 WHERE k BETWEEN 6749073 AND 6749173
	Index Only Scan using k_2 on sbtest2  (cost=0.43..6.27 rows=92 width=4)
	  Index Cond: ((k >= 6749073) AND (k <= 6749173))

table 3 : explain SELECT k FROM sbtest3 WHERE k BETWEEN 6749073 AND 6749173
	Index Only Scan using k_3 on sbtest3  (cost=0.43..10.47 rows=102 width=4)
	  Index Cond: ((k >= 6749073) AND (k <= 6749173))

table 4 : explain SELECT k FROM sbtest4 WHERE k BETWEEN 6749073 AND 6749173
	Index Only Scan using k_4 on sbtest4  (cost=0.43..10.44 rows=100 width=4)
	  Index Cond: ((k >= 6749073) AND (k <= 6749173))

table 5 : explain SELECT k FROM sbtest5 WHERE k BETWEEN 6749073 AND 6749173
	Index Only Scan using k_5 on sbtest5  (cost=0.43..10.58 rows=107 width=4)
	  Index Cond: ((k >= 6749073) AND (k <= 6749173))

table 6 : explain SELECT k FROM sbtest6 WHERE k BETWEEN 6749073 AND 6749173
	Index Only Scan using k_6 on sbtest6  (cost=0.43..6.32 rows=94 width=4)
	  Index Cond: ((k >= 6749073) AND (k <= 6749173))

table 7 : explain SELECT k FROM sbtest7 WHERE k BETWEEN 6749073 AND 6749173
	Index Only Scan using k_7 on sbtest7  (cost=0.43..10.44 rows=100 width=4)
	  Index Cond: ((k >= 6749073) AND (k <= 6749173))

table 8 : explain SELECT k FROM sbtest8 WHERE k BETWEEN 6749073 AND 6749173
	Index Only Scan using k_8 on sbtest8  (cost=0.43..6.40 rows=98 width=4)
	  Index Cond: ((k >= 6749073) AND (k <= 6749173))

explain: for range-covered :: explain SELECT k FROM sbtest%d WHERE k BETWEEN 3388034 AND 3388134
explain: for range-covered :: explain SELECT k FROM sbtest%d WHERE k BETWEEN 6749073 AND 6749173
for range-covered
table 1 : explain SELECT k FROM sbtest1 WHERE k BETWEEN 3732983 AND 3733083
	Index Only Scan using k_1 on sbtest1  (cost=0.43..10.58 rows=107 width=4)
	  Index Cond: ((k >= 3732983) AND (k <= 3733083))

table 2 : explain SELECT k FROM sbtest2 WHERE k BETWEEN 3732983 AND 3733083
	Index Only Scan using k_2 on sbtest2  (cost=0.43..6.58 rows=107 width=4)
	  Index Cond: ((k >= 3732983) AND (k <= 3733083))

table 3 : explain SELECT k FROM sbtest3 WHERE k BETWEEN 3732983 AND 3733083
	Index Only Scan using k_3 on sbtest3  (cost=0.43..10.42 rows=99 width=4)
	  Index Cond: ((k >= 3732983) AND (k <= 3733083))

table 4 : explain SELECT k FROM sbtest4 WHERE k BETWEEN 3732983 AND 3733083
	Index Only Scan using k_4 on sbtest4  (cost=0.43..10.62 rows=109 width=4)
	  Index Cond: ((k >= 3732983) AND (k <= 3733083))

table 5 : explain SELECT k FROM sbtest5 WHERE k BETWEEN 3732983 AND 3733083
	Index Only Scan using k_5 on sbtest5  (cost=0.43..10.46 rows=101 width=4)
	  Index Cond: ((k >= 3732983) AND (k <= 3733083))

table 6 : explain SELECT k FROM sbtest6 WHERE k BETWEEN 3732983 AND 3733083
	Index Only Scan using k_6 on sbtest6  (cost=0.43..6.59 rows=108 width=4)
	  Index Cond: ((k >= 3732983) AND (k <= 3733083))

table 7 : explain SELECT k FROM sbtest7 WHERE k BETWEEN 3732983 AND 3733083
	Index Only Scan using k_7 on sbtest7  (cost=0.43..10.32 rows=94 width=4)
	  Index Cond: ((k >= 3732983) AND (k <= 3733083))

table 8 : explain SELECT k FROM sbtest8 WHERE k BETWEEN 3732983 AND 3733083
	Index Only Scan using k_8 on sbtest8  (cost=0.43..6.59 rows=108 width=4)
	  Index Cond: ((k >= 3732983) AND (k <= 3733083))

for range-covered
table 1 : explain SELECT k FROM sbtest1 WHERE k BETWEEN 8973422 AND 8973522
	Index Only Scan using k_1 on sbtest1  (cost=0.43..10.40 rows=98 width=4)
	  Index Cond: ((k >= 8973422) AND (k <= 8973522))

table 2 : explain SELECT k FROM sbtest2 WHERE k BETWEEN 8973422 AND 8973522
	Index Only Scan using k_2 on sbtest2  (cost=0.43..6.56 rows=106 width=4)
	  Index Cond: ((k >= 8973422) AND (k <= 8973522))

table 3 : explain SELECT k FROM sbtest3 WHERE k BETWEEN 8973422 AND 8973522
	Index Only Scan using k_3 on sbtest3  (cost=0.43..10.62 rows=109 width=4)
	  Index Cond: ((k >= 8973422) AND (k <= 8973522))

table 4 : explain SELECT k FROM sbtest4 WHERE k BETWEEN 8973422 AND 8973522
	Index Only Scan using k_4 on sbtest4  (cost=0.43..10.65 rows=111 width=4)
	  Index Cond: ((k >= 8973422) AND (k <= 8973522))

table 5 : explain SELECT k FROM sbtest5 WHERE k BETWEEN 8973422 AND 8973522
	Index Only Scan using k_5 on sbtest5  (cost=0.43..10.51 rows=104 width=4)
	  Index Cond: ((k >= 8973422) AND (k <= 8973522))

table 6 : explain SELECT k FROM sbtest6 WHERE k BETWEEN 8973422 AND 8973522
	Index Only Scan using k_6 on sbtest6  (cost=0.43..6.50 rows=103 width=4)
	  Index Cond: ((k >= 8973422) AND (k <= 8973522))

table 7 : explain SELECT k FROM sbtest7 WHERE k BETWEEN 8973422 AND 8973522
	Index Only Scan using k_7 on sbtest7  (cost=0.43..10.38 rows=97 width=4)
	  Index Cond: ((k >= 8973422) AND (k <= 8973522))

table 8 : explain SELECT k FROM sbtest8 WHERE k BETWEEN 8973422 AND 8973522
	Index Only Scan using k_8 on sbtest8  (cost=0.43..6.50 rows=103 width=4)
	  Index Cond: ((k >= 8973422) AND (k <= 8973522))

explain: for range-covered :: explain SELECT k FROM sbtest%d WHERE k BETWEEN 8973422 AND 8973522
explain: for range-covered :: explain SELECT k FROM sbtest%d WHERE k BETWEEN 2019837 AND 2019937
for range-covered
table 1 : explain SELECT k FROM sbtest1 WHERE k BETWEEN 4684933 AND 4685033
	Index Only Scan using k_1 on sbtest1  (cost=0.43..10.42 rows=99 width=4)
	  Index Cond: ((k >= 4684933) AND (k <= 4685033))

table 2 : explain SELECT k FROM sbtest2 WHERE k BETWEEN 4684933 AND 4685033
	Index Only Scan using k_2 on sbtest2  (cost=0.43..6.27 rows=92 width=4)
	  Index Cond: ((k >= 4684933) AND (k <= 4685033))

table 3 : explain SELECT k FROM sbtest3 WHERE k BETWEEN 4684933 AND 4685033
	Index Only Scan using k_3 on sbtest3  (cost=0.43..10.38 rows=97 width=4)
	  Index Cond: ((k >= 4684933) AND (k <= 4685033))

table 4 : explain SELECT k FROM sbtest4 WHERE k BETWEEN 4684933 AND 4685033
	Index Only Scan using k_4 on sbtest4  (cost=0.43..10.40 rows=98 width=4)
	  Index Cond: ((k >= 4684933) AND (k <= 4685033))

table 5 : explain SELECT k FROM sbtest5 WHERE k BETWEEN 4684933 AND 4685033
	Index Only Scan using k_5 on sbtest5  (cost=0.43..10.42 rows=99 width=4)
	  Index Cond: ((k >= 4684933) AND (k <= 4685033))

table 6 : explain SELECT k FROM sbtest6 WHERE k BETWEEN 4684933 AND 4685033
	Index Only Scan using k_6 on sbtest6  (cost=0.43..6.35 rows=96 width=4)
	  Index Cond: ((k >= 4684933) AND (k <= 4685033))

table 7 : explain SELECT k FROM sbtest7 WHERE k BETWEEN 4684933 AND 4685033
	Index Only Scan using k_7 on sbtest7  (cost=0.43..10.44 rows=100 width=4)
	  Index Cond: ((k >= 4684933) AND (k <= 4685033))

table 8 : explain SELECT k FROM sbtest8 WHERE k BETWEEN 4684933 AND 4685033
	Index Only Scan using k_8 on sbtest8  (cost=0.43..6.42 rows=99 width=4)
	  Index Cond: ((k >= 4684933) AND (k <= 4685033))

explain: for range-covered :: explain SELECT k FROM sbtest%d WHERE k BETWEEN 4684933 AND 4685033
for range-covered
table 1 : explain SELECT k FROM sbtest1 WHERE k BETWEEN 4668827 AND 4668927
	Index Only Scan using k_1 on sbtest1  (cost=0.43..10.42 rows=99 width=4)
	  Index Cond: ((k >= 4668827) AND (k <= 4668927))

table 2 : explain SELECT k FROM sbtest2 WHERE k BETWEEN 4668827 AND 4668927
	Index Only Scan using k_2 on sbtest2  (cost=0.43..6.29 rows=93 width=4)
	  Index Cond: ((k >= 4668827) AND (k <= 4668927))

table 3 : explain SELECT k FROM sbtest3 WHERE k BETWEEN 4668827 AND 4668927
	Index Only Scan using k_3 on sbtest3  (cost=0.43..10.38 rows=97 width=4)
	  Index Cond: ((k >= 4668827) AND (k <= 4668927))

table 4 : explain SELECT k FROM sbtest4 WHERE k BETWEEN 4668827 AND 4668927
	Index Only Scan using k_4 on sbtest4  (cost=0.43..10.40 rows=98 width=4)
	  Index Cond: ((k >= 4668827) AND (k <= 4668927))

table 5 : explain SELECT k FROM sbtest5 WHERE k BETWEEN 4668827 AND 4668927
	Index Only Scan using k_5 on sbtest5  (cost=0.43..10.42 rows=99 width=4)
	  Index Cond: ((k >= 4668827) AND (k <= 4668927))

table 6 : explain SELECT k FROM sbtest6 WHERE k BETWEEN 4668827 AND 4668927
	Index Only Scan using k_6 on sbtest6  (cost=0.43..6.35 rows=96 width=4)
	  Index Cond: ((k >= 4668827) AND (k <= 4668927))

table 7 : explain SELECT k FROM sbtest7 WHERE k BETWEEN 4668827 AND 4668927
	Index Only Scan using k_7 on sbtest7  (cost=0.43..10.44 rows=100 width=4)
	  Index Cond: ((k >= 4668827) AND (k <= 4668927))

table 8 : explain SELECT k FROM sbtest8 WHERE k BETWEEN 4668827 AND 4668927
	Index Only Scan using k_8 on sbtest8  (cost=0.43..6.42 rows=99 width=4)
	  Index Cond: ((k >= 4668827) AND (k <= 4668927))

for range-covered
table 1 : explain SELECT k FROM sbtest1 WHERE k BETWEEN 3388034 AND 3388134
	Index Only Scan using k_1 on sbtest1  (cost=0.43..10.42 rows=99 width=4)
	  Index Cond: ((k >= 3388034) AND (k <= 3388134))

table 2 : explain SELECT k FROM sbtest2 WHERE k BETWEEN 3388034 AND 3388134
	Index Only Scan using k_2 on sbtest2  (cost=0.43..6.47 rows=102 width=4)
	  Index Cond: ((k >= 3388034) AND (k <= 3388134))

table 3 : explain SELECT k FROM sbtest3 WHERE k BETWEEN 3388034 AND 3388134
	Index Only Scan using k_3 on sbtest3  (cost=0.43..10.50 rows=103 width=4)
	  Index Cond: ((k >= 3388034) AND (k <= 3388134))

table 4 : explain SELECT k FROM sbtest4 WHERE k BETWEEN 3388034 AND 3388134
	Index Only Scan using k_4 on sbtest4  (cost=0.43..10.83 rows=120 width=4)
	  Index Cond: ((k >= 3388034) AND (k <= 3388134))

table 5 : explain SELECT k FROM sbtest5 WHERE k BETWEEN 3388034 AND 3388134
	Index Only Scan using k_5 on sbtest5  (cost=0.43..10.46 rows=101 width=4)
	  Index Cond: ((k >= 3388034) AND (k <= 3388134))

table 6 : explain SELECT k FROM sbtest6 WHERE k BETWEEN 3388034 AND 3388134
	Index Only Scan using k_6 on sbtest6  (cost=0.43..6.37 rows=97 width=4)
	  Index Cond: ((k >= 3388034) AND (k <= 3388134))

table 7 : explain SELECT k FROM sbtest7 WHERE k BETWEEN 3388034 AND 3388134
	Index Only Scan using k_7 on sbtest7  (cost=0.43..10.88 rows=122 width=4)
	  Index Cond: ((k >= 3388034) AND (k <= 3388134))

table 8 : explain SELECT k FROM sbtest8 WHERE k BETWEEN 3388034 AND 3388134
	Index Only Scan using k_8 on sbtest8  (cost=0.43..6.45 rows=101 width=4)
	  Index Cond: ((k >= 3388034) AND (k <= 3388134))

for range-covered
table 1 : explain SELECT k FROM sbtest1 WHERE k BETWEEN 6749073 AND 6749173
	Index Only Scan using k_1 on sbtest1  (cost=0.43..10.56 rows=106 width=4)
	  Index Cond: ((k >= 6749073) AND (k <= 6749173))

table 2 : explain SELECT k FROM sbtest2 WHERE k BETWEEN 6749073 AND 6749173
	Index Only Scan using k_2 on sbtest2  (cost=0.43..6.27 rows=92 width=4)
	  Index Cond: ((k >= 6749073) AND (k <= 6749173))

table 3 : explain SELECT k FROM sbtest3 WHERE k BETWEEN 6749073 AND 6749173
	Index Only Scan using k_3 on sbtest3  (cost=0.43..10.47 rows=102 width=4)
	  Index Cond: ((k >= 6749073) AND (k <= 6749173))

table 4 : explain SELECT k FROM sbtest4 WHERE k BETWEEN 6749073 AND 6749173
	Index Only Scan using k_4 on sbtest4  (cost=0.43..10.44 rows=100 width=4)
	  Index Cond: ((k >= 6749073) AND (k <= 6749173))

table 5 : explain SELECT k FROM sbtest5 WHERE k BETWEEN 6749073 AND 6749173
	Index Only Scan using k_5 on sbtest5  (cost=0.43..10.58 rows=107 width=4)
	  Index Cond: ((k >= 6749073) AND (k <= 6749173))

table 6 : explain SELECT k FROM sbtest6 WHERE k BETWEEN 6749073 AND 6749173
	Index Only Scan using k_6 on sbtest6  (cost=0.43..6.32 rows=94 width=4)
	  Index Cond: ((k >= 6749073) AND (k <= 6749173))

table 7 : explain SELECT k FROM sbtest7 WHERE k BETWEEN 6749073 AND 6749173
	Index Only Scan using k_7 on sbtest7  (cost=0.43..10.44 rows=100 width=4)
	  Index Cond: ((k >= 6749073) AND (k <= 6749173))

table 8 : explain SELECT k FROM sbtest8 WHERE k BETWEEN 6749073 AND 6749173
	Index Only Scan using k_8 on sbtest8  (cost=0.43..6.40 rows=98 width=4)
	  Index Cond: ((k >= 6749073) AND (k <= 6749173))

explain: for range-covered :: explain SELECT k FROM sbtest%d WHERE k BETWEEN 4668827 AND 4668927
explain: for range-covered :: explain SELECT k FROM sbtest%d WHERE k BETWEEN 6749073 AND 6749173
explain: for range-covered :: explain SELECT k FROM sbtest%d WHERE k BETWEEN 5789816 AND 5789916
for range-covered
table 1 : explain SELECT k FROM sbtest1 WHERE k BETWEEN 7116811 AND 7116911
	Index Only Scan using k_1 on sbtest1  (cost=0.43..10.38 rows=97 width=4)
	  Index Cond: ((k >= 7116811) AND (k <= 7116911))

table 2 : explain SELECT k FROM sbtest2 WHERE k BETWEEN 7116811 AND 7116911
	Index Only Scan using k_2 on sbtest2  (cost=0.43..6.53 rows=105 width=4)
	  Index Cond: ((k >= 7116811) AND (k <= 7116911))

table 3 : explain SELECT k FROM sbtest3 WHERE k BETWEEN 7116811 AND 7116911
	Index Only Scan using k_3 on sbtest3  (cost=0.43..10.40 rows=98 width=4)
	  Index Cond: ((k >= 7116811) AND (k <= 7116911))

table 4 : explain SELECT k FROM sbtest4 WHERE k BETWEEN 7116811 AND 7116911
	Index Only Scan using k_4 on sbtest4  (cost=0.43..10.40 rows=98 width=4)
	  Index Cond: ((k >= 7116811) AND (k <= 7116911))

table 5 : explain SELECT k FROM sbtest5 WHERE k BETWEEN 7116811 AND 7116911
	Index Only Scan using k_5 on sbtest5  (cost=0.43..10.46 rows=101 width=4)
	  Index Cond: ((k >= 7116811) AND (k <= 7116911))

table 6 : explain SELECT k FROM sbtest6 WHERE k BETWEEN 7116811 AND 7116911
	Index Only Scan using k_6 on sbtest6  (cost=0.43..6.40 rows=98 width=4)
	  Index Cond: ((k >= 7116811) AND (k <= 7116911))

table 7 : explain SELECT k FROM sbtest7 WHERE k BETWEEN 7116811 AND 7116911
	Index Only Scan using k_7 on sbtest7  (cost=0.43..10.47 rows=102 width=4)
	  Index Cond: ((k >= 7116811) AND (k <= 7116911))

table 8 : explain SELECT k FROM sbtest8 WHERE k BETWEEN 7116811 AND 7116911
	Index Only Scan using k_8 on sbtest8  (cost=0.43..6.51 rows=104 width=4)
	  Index Cond: ((k >= 7116811) AND (k <= 7116911))

for range-covered
table 1 : explain SELECT k FROM sbtest1 WHERE k BETWEEN 6822965 AND 6823065
	Index Only Scan using k_1 on sbtest1  (cost=0.43..10.56 rows=106 width=4)
	  Index Cond: ((k >= 6822965) AND (k <= 6823065))

table 2 : explain SELECT k FROM sbtest2 WHERE k BETWEEN 6822965 AND 6823065
	Index Only Scan using k_2 on sbtest2  (cost=0.43..6.42 rows=99 width=4)
	  Index Cond: ((k >= 6822965) AND (k <= 6823065))

table 3 : explain SELECT k FROM sbtest3 WHERE k BETWEEN 6822965 AND 6823065
	Index Only Scan using k_3 on sbtest3  (cost=0.43..10.47 rows=102 width=4)
	  Index Cond: ((k >= 6822965) AND (k <= 6823065))

table 4 : explain SELECT k FROM sbtest4 WHERE k BETWEEN 6822965 AND 6823065
	Index Only Scan using k_4 on sbtest4  (cost=0.43..10.50 rows=103 width=4)
	  Index Cond: ((k >= 6822965) AND (k <= 6823065))

table 5 : explain SELECT k FROM sbtest5 WHERE k BETWEEN 6822965 AND 6823065
	Index Only Scan using k_5 on sbtest5  (cost=0.43..10.62 rows=109 width=4)
	  Index Cond: ((k >= 6822965) AND (k <= 6823065))

table 6 : explain SELECT k FROM sbtest6 WHERE k BETWEEN 6822965 AND 6823065
	Index Only Scan using k_6 on sbtest6  (cost=0.43..6.42 rows=99 width=4)
	  Index Cond: ((k >= 6822965) AND (k <= 6823065))

table 7 : explain SELECT k FROM sbtest7 WHERE k BETWEEN 6822965 AND 6823065
	Index Only Scan using k_7 on sbtest7  (cost=0.43..10.22 rows=89 width=4)
	  Index Cond: ((k >= 6822965) AND (k <= 6823065))

table 8 : explain SELECT k FROM sbtest8 WHERE k BETWEEN 6822965 AND 6823065
	Index Only Scan using k_8 on sbtest8  (cost=0.43..6.40 rows=98 width=4)
	  Index Cond: ((k >= 6822965) AND (k <= 6823065))

explain: for range-covered :: explain SELECT k FROM sbtest%d WHERE k BETWEEN 6822965 AND 6823065
for range-covered
table 1 : explain SELECT k FROM sbtest1 WHERE k BETWEEN 6749073 AND 6749173
	Index Only Scan using k_1 on sbtest1  (cost=0.43..10.56 rows=106 width=4)
	  Index Cond: ((k >= 6749073) AND (k <= 6749173))

table 2 : explain SELECT k FROM sbtest2 WHERE k BETWEEN 6749073 AND 6749173
	Index Only Scan using k_2 on sbtest2  (cost=0.43..6.27 rows=92 width=4)
	  Index Cond: ((k >= 6749073) AND (k <= 6749173))

table 3 : explain SELECT k FROM sbtest3 WHERE k BETWEEN 6749073 AND 6749173
	Index Only Scan using k_3 on sbtest3  (cost=0.43..10.47 rows=102 width=4)
	  Index Cond: ((k >= 6749073) AND (k <= 6749173))

table 4 : explain SELECT k FROM sbtest4 WHERE k BETWEEN 6749073 AND 6749173
	Index Only Scan using k_4 on sbtest4  (cost=0.43..10.44 rows=100 width=4)
	  Index Cond: ((k >= 6749073) AND (k <= 6749173))

table 5 : explain SELECT k FROM sbtest5 WHERE k BETWEEN 6749073 AND 6749173
	Index Only Scan using k_5 on sbtest5  (cost=0.43..10.58 rows=107 width=4)
	  Index Cond: ((k >= 6749073) AND (k <= 6749173))

table 6 : explain SELECT k FROM sbtest6 WHERE k BETWEEN 6749073 AND 6749173
	Index Only Scan using k_6 on sbtest6  (cost=0.43..6.32 rows=94 width=4)
	  Index Cond: ((k >= 6749073) AND (k <= 6749173))

table 7 : explain SELECT k FROM sbtest7 WHERE k BETWEEN 6749073 AND 6749173
	Index Only Scan using k_7 on sbtest7  (cost=0.43..10.44 rows=100 width=4)
	  Index Cond: ((k >= 6749073) AND (k <= 6749173))

table 8 : explain SELECT k FROM sbtest8 WHERE k BETWEEN 6749073 AND 6749173
	Index Only Scan using k_8 on sbtest8  (cost=0.43..6.40 rows=98 width=4)
	  Index Cond: ((k >= 6749073) AND (k <= 6749173))

for range-covered
table 1 : explain SELECT k FROM sbtest1 WHERE k BETWEEN 4668827 AND 4668927
	Index Only Scan using k_1 on sbtest1  (cost=0.43..10.42 rows=99 width=4)
	  Index Cond: ((k >= 4668827) AND (k <= 4668927))

table 2 : explain SELECT k FROM sbtest2 WHERE k BETWEEN 4668827 AND 4668927
	Index Only Scan using k_2 on sbtest2  (cost=0.43..6.29 rows=93 width=4)
	  Index Cond: ((k >= 4668827) AND (k <= 4668927))

table 3 : explain SELECT k FROM sbtest3 WHERE k BETWEEN 4668827 AND 4668927
	Index Only Scan using k_3 on sbtest3  (cost=0.43..10.38 rows=97 width=4)
	  Index Cond: ((k >= 4668827) AND (k <= 4668927))

table 4 : explain SELECT k FROM sbtest4 WHERE k BETWEEN 4668827 AND 4668927
	Index Only Scan using k_4 on sbtest4  (cost=0.43..10.40 rows=98 width=4)
	  Index Cond: ((k >= 4668827) AND (k <= 4668927))

table 5 : explain SELECT k FROM sbtest5 WHERE k BETWEEN 4668827 AND 4668927
	Index Only Scan using k_5 on sbtest5  (cost=0.43..10.42 rows=99 width=4)
	  Index Cond: ((k >= 4668827) AND (k <= 4668927))

table 6 : explain SELECT k FROM sbtest6 WHERE k BETWEEN 4668827 AND 4668927
	Index Only Scan using k_6 on sbtest6  (cost=0.43..6.35 rows=96 width=4)
	  Index Cond: ((k >= 4668827) AND (k <= 4668927))

table 7 : explain SELECT k FROM sbtest7 WHERE k BETWEEN 4668827 AND 4668927
	Index Only Scan using k_7 on sbtest7  (cost=0.43..10.44 rows=100 width=4)
	  Index Cond: ((k >= 4668827) AND (k <= 4668927))

table 8 : explain SELECT k FROM sbtest8 WHERE k BETWEEN 4668827 AND 4668927
	Index Only Scan using k_8 on sbtest8  (cost=0.43..6.42 rows=99 width=4)
	  Index Cond: ((k >= 4668827) AND (k <= 4668927))

explain: for range-covered :: explain SELECT k FROM sbtest%d WHERE k BETWEEN 6749073 AND 6749173
for range-covered
table 1 : explain SELECT k FROM sbtest1 WHERE k BETWEEN 8973422 AND 8973522
	Index Only Scan using k_1 on sbtest1  (cost=0.43..10.40 rows=98 width=4)
	  Index Cond: ((k >= 8973422) AND (k <= 8973522))

table 2 : explain SELECT k FROM sbtest2 WHERE k BETWEEN 8973422 AND 8973522
	Index Only Scan using k_2 on sbtest2  (cost=0.43..6.56 rows=106 width=4)
	  Index Cond: ((k >= 8973422) AND (k <= 8973522))

table 3 : explain SELECT k FROM sbtest3 WHERE k BETWEEN 8973422 AND 8973522
	Index Only Scan using k_3 on sbtest3  (cost=0.43..10.62 rows=109 width=4)
	  Index Cond: ((k >= 8973422) AND (k <= 8973522))

table 4 : explain SELECT k FROM sbtest4 WHERE k BETWEEN 8973422 AND 8973522
	Index Only Scan using k_4 on sbtest4  (cost=0.43..10.65 rows=111 width=4)
	  Index Cond: ((k >= 8973422) AND (k <= 8973522))

table 5 : explain SELECT k FROM sbtest5 WHERE k BETWEEN 8973422 AND 8973522
	Index Only Scan using k_5 on sbtest5  (cost=0.43..10.51 rows=104 width=4)
	  Index Cond: ((k >= 8973422) AND (k <= 8973522))

table 6 : explain SELECT k FROM sbtest6 WHERE k BETWEEN 8973422 AND 8973522
	Index Only Scan using k_6 on sbtest6  (cost=0.43..6.50 rows=103 width=4)
	  Index Cond: ((k >= 8973422) AND (k <= 8973522))

table 7 : explain SELECT k FROM sbtest7 WHERE k BETWEEN 8973422 AND 8973522
	Index Only Scan using k_7 on sbtest7  (cost=0.43..10.38 rows=97 width=4)
	  Index Cond: ((k >= 8973422) AND (k <= 8973522))

table 8 : explain SELECT k FROM sbtest8 WHERE k BETWEEN 8973422 AND 8973522
	Index Only Scan using k_8 on sbtest8  (cost=0.43..6.50 rows=103 width=4)
	  Index Cond: ((k >= 8973422) AND (k <= 8973522))

explain: for range-covered :: explain SELECT k FROM sbtest%d WHERE k BETWEEN 7116811 AND 7116911
explain: for range-covered :: explain SELECT k FROM sbtest%d WHERE k BETWEEN 8973422 AND 8973522
explain: for range-covered :: explain SELECT k FROM sbtest%d WHERE k BETWEEN 4668827 AND 4668927
for range-covered
table 1 : explain SELECT k FROM sbtest1 WHERE k BETWEEN 4684933 AND 4685033
	Index Only Scan using k_1 on sbtest1  (cost=0.43..10.42 rows=99 width=4)
	  Index Cond: ((k >= 4684933) AND (k <= 4685033))

table 2 : explain SELECT k FROM sbtest2 WHERE k BETWEEN 4684933 AND 4685033
	Index Only Scan using k_2 on sbtest2  (cost=0.43..6.27 rows=92 width=4)
	  Index Cond: ((k >= 4684933) AND (k <= 4685033))

table 3 : explain SELECT k FROM sbtest3 WHERE k BETWEEN 4684933 AND 4685033
	Index Only Scan using k_3 on sbtest3  (cost=0.43..10.38 rows=97 width=4)
	  Index Cond: ((k >= 4684933) AND (k <= 4685033))

table 4 : explain SELECT k FROM sbtest4 WHERE k BETWEEN 4684933 AND 4685033
	Index Only Scan using k_4 on sbtest4  (cost=0.43..10.40 rows=98 width=4)
	  Index Cond: ((k >= 4684933) AND (k <= 4685033))

table 5 : explain SELECT k FROM sbtest5 WHERE k BETWEEN 4684933 AND 4685033
	Index Only Scan using k_5 on sbtest5  (cost=0.43..10.42 rows=99 width=4)
	  Index Cond: ((k >= 4684933) AND (k <= 4685033))

table 6 : explain SELECT k FROM sbtest6 WHERE k BETWEEN 4684933 AND 4685033
	Index Only Scan using k_6 on sbtest6  (cost=0.43..6.35 rows=96 width=4)
	  Index Cond: ((k >= 4684933) AND (k <= 4685033))

table 7 : explain SELECT k FROM sbtest7 WHERE k BETWEEN 4684933 AND 4685033
	Index Only Scan using k_7 on sbtest7  (cost=0.43..10.44 rows=100 width=4)
	  Index Cond: ((k >= 4684933) AND (k <= 4685033))

table 8 : explain SELECT k FROM sbtest8 WHERE k BETWEEN 4684933 AND 4685033
	Index Only Scan using k_8 on sbtest8  (cost=0.43..6.42 rows=99 width=4)
	  Index Cond: ((k >= 4684933) AND (k <= 4685033))

explain: for range-covered :: explain SELECT k FROM sbtest%d WHERE k BETWEEN 4684933 AND 4685033
for range-covered
table 1 : explain SELECT k FROM sbtest1 WHERE k BETWEEN 6749073 AND 6749173
	Index Only Scan using k_1 on sbtest1  (cost=0.43..10.56 rows=106 width=4)
	  Index Cond: ((k >= 6749073) AND (k <= 6749173))

table 2 : explain SELECT k FROM sbtest2 WHERE k BETWEEN 6749073 AND 6749173
	Index Only Scan using k_2 on sbtest2  (cost=0.43..6.27 rows=92 width=4)
	  Index Cond: ((k >= 6749073) AND (k <= 6749173))

table 3 : explain SELECT k FROM sbtest3 WHERE k BETWEEN 6749073 AND 6749173
	Index Only Scan using k_3 on sbtest3  (cost=0.43..10.47 rows=102 width=4)
	  Index Cond: ((k >= 6749073) AND (k <= 6749173))

table 4 : explain SELECT k FROM sbtest4 WHERE k BETWEEN 6749073 AND 6749173
	Index Only Scan using k_4 on sbtest4  (cost=0.43..10.44 rows=100 width=4)
	  Index Cond: ((k >= 6749073) AND (k <= 6749173))

table 5 : explain SELECT k FROM sbtest5 WHERE k BETWEEN 6749073 AND 6749173
	Index Only Scan using k_5 on sbtest5  (cost=0.43..10.58 rows=107 width=4)
	  Index Cond: ((k >= 6749073) AND (k <= 6749173))

table 6 : explain SELECT k FROM sbtest6 WHERE k BETWEEN 6749073 AND 6749173
	Index Only Scan using k_6 on sbtest6  (cost=0.43..6.32 rows=94 width=4)
	  Index Cond: ((k >= 6749073) AND (k <= 6749173))

table 7 : explain SELECT k FROM sbtest7 WHERE k BETWEEN 6749073 AND 6749173
	Index Only Scan using k_7 on sbtest7  (cost=0.43..10.44 rows=100 width=4)
	  Index Cond: ((k >= 6749073) AND (k <= 6749173))

table 8 : explain SELECT k FROM sbtest8 WHERE k BETWEEN 6749073 AND 6749173
	Index Only Scan using k_8 on sbtest8  (cost=0.43..6.40 rows=98 width=4)
	  Index Cond: ((k >= 6749073) AND (k <= 6749173))

explain: for range-covered :: explain SELECT k FROM sbtest%d WHERE k BETWEEN 6749073 AND 6749173
explain: for range-covered :: explain SELECT k FROM sbtest%d WHERE k BETWEEN 7370629 AND 7370729
for range-covered
table 1 : explain SELECT k FROM sbtest1 WHERE k BETWEEN 6822965 AND 6823065
	Index Only Scan using k_1 on sbtest1  (cost=0.43..10.56 rows=106 width=4)
	  Index Cond: ((k >= 6822965) AND (k <= 6823065))

table 2 : explain SELECT k FROM sbtest2 WHERE k BETWEEN 6822965 AND 6823065
	Index Only Scan using k_2 on sbtest2  (cost=0.43..6.42 rows=99 width=4)
	  Index Cond: ((k >= 6822965) AND (k <= 6823065))

table 3 : explain SELECT k FROM sbtest3 WHERE k BETWEEN 6822965 AND 6823065
	Index Only Scan using k_3 on sbtest3  (cost=0.43..10.47 rows=102 width=4)
	  Index Cond: ((k >= 6822965) AND (k <= 6823065))

table 4 : explain SELECT k FROM sbtest4 WHERE k BETWEEN 6822965 AND 6823065
	Index Only Scan using k_4 on sbtest4  (cost=0.43..10.50 rows=103 width=4)
	  Index Cond: ((k >= 6822965) AND (k <= 6823065))

table 5 : explain SELECT k FROM sbtest5 WHERE k BETWEEN 6822965 AND 6823065
	Index Only Scan using k_5 on sbtest5  (cost=0.43..10.62 rows=109 width=4)
	  Index Cond: ((k >= 6822965) AND (k <= 6823065))

table 6 : explain SELECT k FROM sbtest6 WHERE k BETWEEN 6822965 AND 6823065
	Index Only Scan using k_6 on sbtest6  (cost=0.43..6.42 rows=99 width=4)
	  Index Cond: ((k >= 6822965) AND (k <= 6823065))

table 7 : explain SELECT k FROM sbtest7 WHERE k BETWEEN 6822965 AND 6823065
	Index Only Scan using k_7 on sbtest7  (cost=0.43..10.22 rows=89 width=4)
	  Index Cond: ((k >= 6822965) AND (k <= 6823065))

table 8 : explain SELECT k FROM sbtest8 WHERE k BETWEEN 6822965 AND 6823065
	Index Only Scan using k_8 on sbtest8  (cost=0.43..6.40 rows=98 width=4)
	  Index Cond: ((k >= 6822965) AND (k <= 6823065))

for range-covered
table 1 : explain SELECT k FROM sbtest1 WHERE k BETWEEN 2019837 AND 2019937
	Index Only Scan using k_1 on sbtest1  (cost=0.43..10.47 rows=102 width=4)
	  Index Cond: ((k >= 2019837) AND (k <= 2019937))

table 2 : explain SELECT k FROM sbtest2 WHERE k BETWEEN 2019837 AND 2019937
	Index Only Scan using k_2 on sbtest2  (cost=0.43..6.51 rows=104 width=4)
	  Index Cond: ((k >= 2019837) AND (k <= 2019937))

table 3 : explain SELECT k FROM sbtest3 WHERE k BETWEEN 2019837 AND 2019937
	Index Only Scan using k_3 on sbtest3  (cost=0.43..10.46 rows=101 width=4)
	  Index Cond: ((k >= 2019837) AND (k <= 2019937))

table 4 : explain SELECT k FROM sbtest4 WHERE k BETWEEN 2019837 AND 2019937
	Index Only Scan using k_4 on sbtest4  (cost=0.43..10.56 rows=106 width=4)
	  Index Cond: ((k >= 2019837) AND (k <= 2019937))

table 5 : explain SELECT k FROM sbtest5 WHERE k BETWEEN 2019837 AND 2019937
	Index Only Scan using k_5 on sbtest5  (cost=0.43..10.32 rows=94 width=4)
	  Index Cond: ((k >= 2019837) AND (k <= 2019937))

table 6 : explain SELECT k FROM sbtest6 WHERE k BETWEEN 2019837 AND 2019937
	Index Only Scan using k_6 on sbtest6  (cost=0.43..6.32 rows=94 width=4)
	  Index Cond: ((k >= 2019837) AND (k <= 2019937))

table 7 : explain SELECT k FROM sbtest7 WHERE k BETWEEN 2019837 AND 2019937
	Index Only Scan using k_7 on sbtest7  (cost=0.43..10.28 rows=92 width=4)
	  Index Cond: ((k >= 2019837) AND (k <= 2019937))

table 8 : explain SELECT k FROM sbtest8 WHERE k BETWEEN 2019837 AND 2019937
	Index Only Scan using k_8 on sbtest8  (cost=0.43..6.37 rows=97 width=4)
	  Index Cond: ((k >= 2019837) AND (k <= 2019937))

for range-covered
table 1 : explain SELECT k FROM sbtest1 WHERE k BETWEEN 6749073 AND 6749173
	Index Only Scan using k_1 on sbtest1  (cost=0.43..10.56 rows=106 width=4)
	  Index Cond: ((k >= 6749073) AND (k <= 6749173))

table 2 : explain SELECT k FROM sbtest2 WHERE k BETWEEN 6749073 AND 6749173
	Index Only Scan using k_2 on sbtest2  (cost=0.43..6.27 rows=92 width=4)
	  Index Cond: ((k >= 6749073) AND (k <= 6749173))

table 3 : explain SELECT k FROM sbtest3 WHERE k BETWEEN 6749073 AND 6749173
	Index Only Scan using k_3 on sbtest3  (cost=0.43..10.47 rows=102 width=4)
	  Index Cond: ((k >= 6749073) AND (k <= 6749173))

table 4 : explain SELECT k FROM sbtest4 WHERE k BETWEEN 6749073 AND 6749173
	Index Only Scan using k_4 on sbtest4  (cost=0.43..10.44 rows=100 width=4)
	  Index Cond: ((k >= 6749073) AND (k <= 6749173))

table 5 : explain SELECT k FROM sbtest5 WHERE k BETWEEN 6749073 AND 6749173
	Index Only Scan using k_5 on sbtest5  (cost=0.43..10.58 rows=107 width=4)
	  Index Cond: ((k >= 6749073) AND (k <= 6749173))

table 6 : explain SELECT k FROM sbtest6 WHERE k BETWEEN 6749073 AND 6749173
	Index Only Scan using k_6 on sbtest6  (cost=0.43..6.32 rows=94 width=4)
	  Index Cond: ((k >= 6749073) AND (k <= 6749173))

table 7 : explain SELECT k FROM sbtest7 WHERE k BETWEEN 6749073 AND 6749173
	Index Only Scan using k_7 on sbtest7  (cost=0.43..10.44 rows=100 width=4)
	  Index Cond: ((k >= 6749073) AND (k <= 6749173))

table 8 : explain SELECT k FROM sbtest8 WHERE k BETWEEN 6749073 AND 6749173
	Index Only Scan using k_8 on sbtest8  (cost=0.43..6.40 rows=98 width=4)
	  Index Cond: ((k >= 6749073) AND (k <= 6749173))

explain: for range-covered :: explain SELECT k FROM sbtest%d WHERE k BETWEEN 2019837 AND 2019937
explain: for range-covered :: explain SELECT k FROM sbtest%d WHERE k BETWEEN 6749073 AND 6749173
for range-covered
table 1 : explain SELECT k FROM sbtest1 WHERE k BETWEEN 8973422 AND 8973522
	Index Only Scan using k_1 on sbtest1  (cost=0.43..10.40 rows=98 width=4)
	  Index Cond: ((k >= 8973422) AND (k <= 8973522))

table 2 : explain SELECT k FROM sbtest2 WHERE k BETWEEN 8973422 AND 8973522
	Index Only Scan using k_2 on sbtest2  (cost=0.43..6.56 rows=106 width=4)
	  Index Cond: ((k >= 8973422) AND (k <= 8973522))

table 3 : explain SELECT k FROM sbtest3 WHERE k BETWEEN 8973422 AND 8973522
	Index Only Scan using k_3 on sbtest3  (cost=0.43..10.62 rows=109 width=4)
	  Index Cond: ((k >= 8973422) AND (k <= 8973522))

table 4 : explain SELECT k FROM sbtest4 WHERE k BETWEEN 8973422 AND 8973522
	Index Only Scan using k_4 on sbtest4  (cost=0.43..10.65 rows=111 width=4)
	  Index Cond: ((k >= 8973422) AND (k <= 8973522))

table 5 : explain SELECT k FROM sbtest5 WHERE k BETWEEN 8973422 AND 8973522
	Index Only Scan using k_5 on sbtest5  (cost=0.43..10.51 rows=104 width=4)
	  Index Cond: ((k >= 8973422) AND (k <= 8973522))

table 6 : explain SELECT k FROM sbtest6 WHERE k BETWEEN 8973422 AND 8973522
	Index Only Scan using k_6 on sbtest6  (cost=0.43..6.50 rows=103 width=4)
	  Index Cond: ((k >= 8973422) AND (k <= 8973522))

table 7 : explain SELECT k FROM sbtest7 WHERE k BETWEEN 8973422 AND 8973522
	Index Only Scan using k_7 on sbtest7  (cost=0.43..10.38 rows=97 width=4)
	  Index Cond: ((k >= 8973422) AND (k <= 8973522))

table 8 : explain SELECT k FROM sbtest8 WHERE k BETWEEN 8973422 AND 8973522
	Index Only Scan using k_8 on sbtest8  (cost=0.43..6.50 rows=103 width=4)
	  Index Cond: ((k >= 8973422) AND (k <= 8973522))

for range-covered
table 1 : explain SELECT k FROM sbtest1 WHERE k BETWEEN 4684933 AND 4685033
	Index Only Scan using k_1 on sbtest1  (cost=0.43..10.42 rows=99 width=4)
	  Index Cond: ((k >= 4684933) AND (k <= 4685033))

table 2 : explain SELECT k FROM sbtest2 WHERE k BETWEEN 4684933 AND 4685033
	Index Only Scan using k_2 on sbtest2  (cost=0.43..6.27 rows=92 width=4)
	  Index Cond: ((k >= 4684933) AND (k <= 4685033))

table 3 : explain SELECT k FROM sbtest3 WHERE k BETWEEN 4684933 AND 4685033
	Index Only Scan using k_3 on sbtest3  (cost=0.43..10.38 rows=97 width=4)
	  Index Cond: ((k >= 4684933) AND (k <= 4685033))

table 4 : explain SELECT k FROM sbtest4 WHERE k BETWEEN 4684933 AND 4685033
	Index Only Scan using k_4 on sbtest4  (cost=0.43..10.40 rows=98 width=4)
	  Index Cond: ((k >= 4684933) AND (k <= 4685033))

table 5 : explain SELECT k FROM sbtest5 WHERE k BETWEEN 4684933 AND 4685033
	Index Only Scan using k_5 on sbtest5  (cost=0.43..10.42 rows=99 width=4)
	  Index Cond: ((k >= 4684933) AND (k <= 4685033))

table 6 : explain SELECT k FROM sbtest6 WHERE k BETWEEN 4684933 AND 4685033
	Index Only Scan using k_6 on sbtest6  (cost=0.43..6.35 rows=96 width=4)
	  Index Cond: ((k >= 4684933) AND (k <= 4685033))

table 7 : explain SELECT k FROM sbtest7 WHERE k BETWEEN 4684933 AND 4685033
	Index Only Scan using k_7 on sbtest7  (cost=0.43..10.44 rows=100 width=4)
	  Index Cond: ((k >= 4684933) AND (k <= 4685033))

table 8 : explain SELECT k FROM sbtest8 WHERE k BETWEEN 4684933 AND 4685033
	Index Only Scan using k_8 on sbtest8  (cost=0.43..6.42 rows=99 width=4)
	  Index Cond: ((k >= 4684933) AND (k <= 4685033))

for range-covered
table 1 : explain SELECT k FROM sbtest1 WHERE k BETWEEN 7116811 AND 7116911
	Index Only Scan using k_1 on sbtest1  (cost=0.43..10.38 rows=97 width=4)
	  Index Cond: ((k >= 7116811) AND (k <= 7116911))

table 2 : explain SELECT k FROM sbtest2 WHERE k BETWEEN 7116811 AND 7116911
	Index Only Scan using k_2 on sbtest2  (cost=0.43..6.53 rows=105 width=4)
	  Index Cond: ((k >= 7116811) AND (k <= 7116911))

table 3 : explain SELECT k FROM sbtest3 WHERE k BETWEEN 7116811 AND 7116911
	Index Only Scan using k_3 on sbtest3  (cost=0.43..10.40 rows=98 width=4)
	  Index Cond: ((k >= 7116811) AND (k <= 7116911))

table 4 : explain SELECT k FROM sbtest4 WHERE k BETWEEN 7116811 AND 7116911
	Index Only Scan using k_4 on sbtest4  (cost=0.43..10.40 rows=98 width=4)
	  Index Cond: ((k >= 7116811) AND (k <= 7116911))

table 5 : explain SELECT k FROM sbtest5 WHERE k BETWEEN 7116811 AND 7116911
	Index Only Scan using k_5 on sbtest5  (cost=0.43..10.46 rows=101 width=4)
	  Index Cond: ((k >= 7116811) AND (k <= 7116911))

table 6 : explain SELECT k FROM sbtest6 WHERE k BETWEEN 7116811 AND 7116911
	Index Only Scan using k_6 on sbtest6  (cost=0.43..6.40 rows=98 width=4)
	  Index Cond: ((k >= 7116811) AND (k <= 7116911))

table 7 : explain SELECT k FROM sbtest7 WHERE k BETWEEN 7116811 AND 7116911
	Index Only Scan using k_7 on sbtest7  (cost=0.43..10.47 rows=102 width=4)
	  Index Cond: ((k >= 7116811) AND (k <= 7116911))

table 8 : explain SELECT k FROM sbtest8 WHERE k BETWEEN 7116811 AND 7116911
	Index Only Scan using k_8 on sbtest8  (cost=0.43..6.51 rows=104 width=4)
	  Index Cond: ((k >= 7116811) AND (k <= 7116911))

explain: for range-covered :: explain SELECT k FROM sbtest%d WHERE k BETWEEN 4684933 AND 4685033
explain: for range-covered :: explain SELECT k FROM sbtest%d WHERE k BETWEEN 7116811 AND 7116911
for range-covered
table 1 : explain SELECT k FROM sbtest1 WHERE k BETWEEN 6749073 AND 6749173
	Index Only Scan using k_1 on sbtest1  (cost=0.43..10.56 rows=106 width=4)
	  Index Cond: ((k >= 6749073) AND (k <= 6749173))

table 2 : explain SELECT k FROM sbtest2 WHERE k BETWEEN 6749073 AND 6749173
	Index Only Scan using k_2 on sbtest2  (cost=0.43..6.27 rows=92 width=4)
	  Index Cond: ((k >= 6749073) AND (k <= 6749173))

table 3 : explain SELECT k FROM sbtest3 WHERE k BETWEEN 6749073 AND 6749173
	Index Only Scan using k_3 on sbtest3  (cost=0.43..10.47 rows=102 width=4)
	  Index Cond: ((k >= 6749073) AND (k <= 6749173))

table 4 : explain SELECT k FROM sbtest4 WHERE k BETWEEN 6749073 AND 6749173
	Index Only Scan using k_4 on sbtest4  (cost=0.43..10.44 rows=100 width=4)
	  Index Cond: ((k >= 6749073) AND (k <= 6749173))

table 5 : explain SELECT k FROM sbtest5 WHERE k BETWEEN 6749073 AND 6749173
	Index Only Scan using k_5 on sbtest5  (cost=0.43..10.58 rows=107 width=4)
	  Index Cond: ((k >= 6749073) AND (k <= 6749173))

table 6 : explain SELECT k FROM sbtest6 WHERE k BETWEEN 6749073 AND 6749173
	Index Only Scan using k_6 on sbtest6  (cost=0.43..6.32 rows=94 width=4)
	  Index Cond: ((k >= 6749073) AND (k <= 6749173))

table 7 : explain SELECT k FROM sbtest7 WHERE k BETWEEN 6749073 AND 6749173
	Index Only Scan using k_7 on sbtest7  (cost=0.43..10.44 rows=100 width=4)
	  Index Cond: ((k >= 6749073) AND (k <= 6749173))

table 8 : explain SELECT k FROM sbtest8 WHERE k BETWEEN 6749073 AND 6749173
	Index Only Scan using k_8 on sbtest8  (cost=0.43..6.40 rows=98 width=4)
	  Index Cond: ((k >= 6749073) AND (k <= 6749173))

for range-covered
table 1 : explain SELECT k FROM sbtest1 WHERE k BETWEEN 2019837 AND 2019937
	Index Only Scan using k_1 on sbtest1  (cost=0.43..10.47 rows=102 width=4)
	  Index Cond: ((k >= 2019837) AND (k <= 2019937))

table 2 : explain SELECT k FROM sbtest2 WHERE k BETWEEN 2019837 AND 2019937
	Index Only Scan using k_2 on sbtest2  (cost=0.43..6.51 rows=104 width=4)
	  Index Cond: ((k >= 2019837) AND (k <= 2019937))

table 3 : explain SELECT k FROM sbtest3 WHERE k BETWEEN 2019837 AND 2019937
	Index Only Scan using k_3 on sbtest3  (cost=0.43..10.46 rows=101 width=4)
	  Index Cond: ((k >= 2019837) AND (k <= 2019937))

table 4 : explain SELECT k FROM sbtest4 WHERE k BETWEEN 2019837 AND 2019937
	Index Only Scan using k_4 on sbtest4  (cost=0.43..10.56 rows=106 width=4)
	  Index Cond: ((k >= 2019837) AND (k <= 2019937))

table 5 : explain SELECT k FROM sbtest5 WHERE k BETWEEN 2019837 AND 2019937
	Index Only Scan using k_5 on sbtest5  (cost=0.43..10.32 rows=94 width=4)
	  Index Cond: ((k >= 2019837) AND (k <= 2019937))

table 6 : explain SELECT k FROM sbtest6 WHERE k BETWEEN 2019837 AND 2019937
	Index Only Scan using k_6 on sbtest6  (cost=0.43..6.32 rows=94 width=4)
	  Index Cond: ((k >= 2019837) AND (k <= 2019937))

table 7 : explain SELECT k FROM sbtest7 WHERE k BETWEEN 2019837 AND 2019937
	Index Only Scan using k_7 on sbtest7  (cost=0.43..10.28 rows=92 width=4)
	  Index Cond: ((k >= 2019837) AND (k <= 2019937))

table 8 : explain SELECT k FROM sbtest8 WHERE k BETWEEN 2019837 AND 2019937
	Index Only Scan using k_8 on sbtest8  (cost=0.43..6.37 rows=97 width=4)
	  Index Cond: ((k >= 2019837) AND (k <= 2019937))

explain: for range-covered :: explain SELECT k FROM sbtest%d WHERE k BETWEEN 2019837 AND 2019937
for range-covered
table 1 : explain SELECT k FROM sbtest1 WHERE k BETWEEN 5706063 AND 5706163
	Index Only Scan using k_1 on sbtest1  (cost=0.43..10.47 rows=102 width=4)
	  Index Cond: ((k >= 5706063) AND (k <= 5706163))

table 2 : explain SELECT k FROM sbtest2 WHERE k BETWEEN 5706063 AND 5706163
	Index Only Scan using k_2 on sbtest2  (cost=0.43..6.35 rows=96 width=4)
	  Index Cond: ((k >= 5706063) AND (k <= 5706163))

table 3 : explain SELECT k FROM sbtest3 WHERE k BETWEEN 5706063 AND 5706163
	Index Only Scan using k_3 on sbtest3  (cost=0.43..10.50 rows=103 width=4)
	  Index Cond: ((k >= 5706063) AND (k <= 5706163))

table 4 : explain SELECT k FROM sbtest4 WHERE k BETWEEN 5706063 AND 5706163
	Index Only Scan using k_4 on sbtest4  (cost=0.43..10.36 rows=96 width=4)
	  Index Cond: ((k >= 5706063) AND (k <= 5706163))

table 5 : explain SELECT k FROM sbtest5 WHERE k BETWEEN 5706063 AND 5706163
	Index Only Scan using k_5 on sbtest5  (cost=0.43..10.33 rows=95 width=4)
	  Index Cond: ((k >= 5706063) AND (k <= 5706163))

table 6 : explain SELECT k FROM sbtest6 WHERE k BETWEEN 5706063 AND 5706163
	Index Only Scan using k_6 on sbtest6  (cost=0.43..6.58 rows=107 width=4)
	  Index Cond: ((k >= 5706063) AND (k <= 5706163))

table 7 : explain SELECT k FROM sbtest7 WHERE k BETWEEN 5706063 AND 5706163
	Index Only Scan using k_7 on sbtest7  (cost=0.43..10.44 rows=100 width=4)
	  Index Cond: ((k >= 5706063) AND (k <= 5706163))

table 8 : explain SELECT k FROM sbtest8 WHERE k BETWEEN 5706063 AND 5706163
	Index Only Scan using k_8 on sbtest8  (cost=0.43..6.50 rows=103 width=4)
	  Index Cond: ((k >= 5706063) AND (k <= 5706163))

for range-covered
table 1 : explain SELECT k FROM sbtest1 WHERE k BETWEEN 7116811 AND 7116911
	Index Only Scan using k_1 on sbtest1  (cost=0.43..10.38 rows=97 width=4)
	  Index Cond: ((k >= 7116811) AND (k <= 7116911))

table 2 : explain SELECT k FROM sbtest2 WHERE k BETWEEN 7116811 AND 7116911
	Index Only Scan using k_2 on sbtest2  (cost=0.43..6.53 rows=105 width=4)
	  Index Cond: ((k >= 7116811) AND (k <= 7116911))

table 3 : explain SELECT k FROM sbtest3 WHERE k BETWEEN 7116811 AND 7116911
	Index Only Scan using k_3 on sbtest3  (cost=0.43..10.40 rows=98 width=4)
	  Index Cond: ((k >= 7116811) AND (k <= 7116911))

table 4 : explain SELECT k FROM sbtest4 WHERE k BETWEEN 7116811 AND 7116911
	Index Only Scan using k_4 on sbtest4  (cost=0.43..10.40 rows=98 width=4)
	  Index Cond: ((k >= 7116811) AND (k <= 7116911))

table 5 : explain SELECT k FROM sbtest5 WHERE k BETWEEN 7116811 AND 7116911
	Index Only Scan using k_5 on sbtest5  (cost=0.43..10.46 rows=101 width=4)
	  Index Cond: ((k >= 7116811) AND (k <= 7116911))

table 6 : explain SELECT k FROM sbtest6 WHERE k BETWEEN 7116811 AND 7116911
	Index Only Scan using k_6 on sbtest6  (cost=0.43..6.40 rows=98 width=4)
	  Index Cond: ((k >= 7116811) AND (k <= 7116911))

table 7 : explain SELECT k FROM sbtest7 WHERE k BETWEEN 7116811 AND 7116911
	Index Only Scan using k_7 on sbtest7  (cost=0.43..10.47 rows=102 width=4)
	  Index Cond: ((k >= 7116811) AND (k <= 7116911))

table 8 : explain SELECT k FROM sbtest8 WHERE k BETWEEN 7116811 AND 7116911
	Index Only Scan using k_8 on sbtest8  (cost=0.43..6.51 rows=104 width=4)
	  Index Cond: ((k >= 7116811) AND (k <= 7116911))

for range-covered
table 1 : explain SELECT k FROM sbtest1 WHERE k BETWEEN 4668827 AND 4668927
	Index Only Scan using k_1 on sbtest1  (cost=0.43..10.42 rows=99 width=4)
	  Index Cond: ((k >= 4668827) AND (k <= 4668927))

table 2 : explain SELECT k FROM sbtest2 WHERE k BETWEEN 4668827 AND 4668927
	Index Only Scan using k_2 on sbtest2  (cost=0.43..6.29 rows=93 width=4)
	  Index Cond: ((k >= 4668827) AND (k <= 4668927))

table 3 : explain SELECT k FROM sbtest3 WHERE k BETWEEN 4668827 AND 4668927
	Index Only Scan using k_3 on sbtest3  (cost=0.43..10.38 rows=97 width=4)
	  Index Cond: ((k >= 4668827) AND (k <= 4668927))

table 4 : explain SELECT k FROM sbtest4 WHERE k BETWEEN 4668827 AND 4668927
	Index Only Scan using k_4 on sbtest4  (cost=0.43..10.40 rows=98 width=4)
	  Index Cond: ((k >= 4668827) AND (k <= 4668927))

table 5 : explain SELECT k FROM sbtest5 WHERE k BETWEEN 4668827 AND 4668927
	Index Only Scan using k_5 on sbtest5  (cost=0.43..10.42 rows=99 width=4)
	  Index Cond: ((k >= 4668827) AND (k <= 4668927))

table 6 : explain SELECT k FROM sbtest6 WHERE k BETWEEN 4668827 AND 4668927
	Index Only Scan using k_6 on sbtest6  (cost=0.43..6.35 rows=96 width=4)
	  Index Cond: ((k >= 4668827) AND (k <= 4668927))

table 7 : explain SELECT k FROM sbtest7 WHERE k BETWEEN 4668827 AND 4668927
	Index Only Scan using k_7 on sbtest7  (cost=0.43..10.44 rows=100 width=4)
	  Index Cond: ((k >= 4668827) AND (k <= 4668927))

table 8 : explain SELECT k FROM sbtest8 WHERE k BETWEEN 4668827 AND 4668927
	Index Only Scan using k_8 on sbtest8  (cost=0.43..6.42 rows=99 width=4)
	  Index Cond: ((k >= 4668827) AND (k <= 4668927))

explain: for range-covered :: explain SELECT k FROM sbtest%d WHERE k BETWEEN 7116811 AND 7116911
explain: for range-covered :: explain SELECT k FROM sbtest%d WHERE k BETWEEN 4668827 AND 4668927
explain: for range-covered :: explain SELECT k FROM sbtest%d WHERE k BETWEEN 5706063 AND 5706163
for range-covered
table 1 : explain SELECT k FROM sbtest1 WHERE k BETWEEN 2019837 AND 2019937
	Index Only Scan using k_1 on sbtest1  (cost=0.43..10.47 rows=102 width=4)
	  Index Cond: ((k >= 2019837) AND (k <= 2019937))

table 2 : explain SELECT k FROM sbtest2 WHERE k BETWEEN 2019837 AND 2019937
	Index Only Scan using k_2 on sbtest2  (cost=0.43..6.51 rows=104 width=4)
	  Index Cond: ((k >= 2019837) AND (k <= 2019937))

table 3 : explain SELECT k FROM sbtest3 WHERE k BETWEEN 2019837 AND 2019937
	Index Only Scan using k_3 on sbtest3  (cost=0.43..10.46 rows=101 width=4)
	  Index Cond: ((k >= 2019837) AND (k <= 2019937))

table 4 : explain SELECT k FROM sbtest4 WHERE k BETWEEN 2019837 AND 2019937
	Index Only Scan using k_4 on sbtest4  (cost=0.43..10.56 rows=106 width=4)
	  Index Cond: ((k >= 2019837) AND (k <= 2019937))

table 5 : explain SELECT k FROM sbtest5 WHERE k BETWEEN 2019837 AND 2019937
	Index Only Scan using k_5 on sbtest5  (cost=0.43..10.32 rows=94 width=4)
	  Index Cond: ((k >= 2019837) AND (k <= 2019937))

table 6 : explain SELECT k FROM sbtest6 WHERE k BETWEEN 2019837 AND 2019937
	Index Only Scan using k_6 on sbtest6  (cost=0.43..6.32 rows=94 width=4)
	  Index Cond: ((k >= 2019837) AND (k <= 2019937))

table 7 : explain SELECT k FROM sbtest7 WHERE k BETWEEN 2019837 AND 2019937
	Index Only Scan using k_7 on sbtest7  (cost=0.43..10.28 rows=92 width=4)
	  Index Cond: ((k >= 2019837) AND (k <= 2019937))

table 8 : explain SELECT k FROM sbtest8 WHERE k BETWEEN 2019837 AND 2019937
	Index Only Scan using k_8 on sbtest8  (cost=0.43..6.37 rows=97 width=4)
	  Index Cond: ((k >= 2019837) AND (k <= 2019937))

explain: for range-covered :: explain SELECT k FROM sbtest%d WHERE k BETWEEN 2019837 AND 2019937
for range-covered
table 1 : explain SELECT k FROM sbtest1 WHERE k BETWEEN 4684933 AND 4685033
	Index Only Scan using k_1 on sbtest1  (cost=0.43..10.42 rows=99 width=4)
	  Index Cond: ((k >= 4684933) AND (k <= 4685033))

table 2 : explain SELECT k FROM sbtest2 WHERE k BETWEEN 4684933 AND 4685033
	Index Only Scan using k_2 on sbtest2  (cost=0.43..6.27 rows=92 width=4)
	  Index Cond: ((k >= 4684933) AND (k <= 4685033))

table 3 : explain SELECT k FROM sbtest3 WHERE k BETWEEN 4684933 AND 4685033
	Index Only Scan using k_3 on sbtest3  (cost=0.43..10.38 rows=97 width=4)
	  Index Cond: ((k >= 4684933) AND (k <= 4685033))

table 4 : explain SELECT k FROM sbtest4 WHERE k BETWEEN 4684933 AND 4685033
	Index Only Scan using k_4 on sbtest4  (cost=0.43..10.40 rows=98 width=4)
	  Index Cond: ((k >= 4684933) AND (k <= 4685033))

table 5 : explain SELECT k FROM sbtest5 WHERE k BETWEEN 4684933 AND 4685033
	Index Only Scan using k_5 on sbtest5  (cost=0.43..10.42 rows=99 width=4)
	  Index Cond: ((k >= 4684933) AND (k <= 4685033))

table 6 : explain SELECT k FROM sbtest6 WHERE k BETWEEN 4684933 AND 4685033
	Index Only Scan using k_6 on sbtest6  (cost=0.43..6.35 rows=96 width=4)
	  Index Cond: ((k >= 4684933) AND (k <= 4685033))

table 7 : explain SELECT k FROM sbtest7 WHERE k BETWEEN 4684933 AND 4685033
	Index Only Scan using k_7 on sbtest7  (cost=0.43..10.44 rows=100 width=4)
	  Index Cond: ((k >= 4684933) AND (k <= 4685033))

table 8 : explain SELECT k FROM sbtest8 WHERE k BETWEEN 4684933 AND 4685033
	Index Only Scan using k_8 on sbtest8  (cost=0.43..6.42 rows=99 width=4)
	  Index Cond: ((k >= 4684933) AND (k <= 4685033))

for range-covered
table 1 : explain SELECT k FROM sbtest1 WHERE k BETWEEN 5789816 AND 5789916
	Index Only Scan using k_1 on sbtest1  (cost=0.43..10.54 rows=105 width=4)
	  Index Cond: ((k >= 5789816) AND (k <= 5789916))

table 2 : explain SELECT k FROM sbtest2 WHERE k BETWEEN 5789816 AND 5789916
	Index Only Scan using k_2 on sbtest2  (cost=0.43..6.35 rows=96 width=4)
	  Index Cond: ((k >= 5789816) AND (k <= 5789916))

table 3 : explain SELECT k FROM sbtest3 WHERE k BETWEEN 5789816 AND 5789916
	Index Only Scan using k_3 on sbtest3  (cost=0.43..10.42 rows=99 width=4)
	  Index Cond: ((k >= 5789816) AND (k <= 5789916))

table 4 : explain SELECT k FROM sbtest4 WHERE k BETWEEN 5789816 AND 5789916
	Index Only Scan using k_4 on sbtest4  (cost=0.43..10.44 rows=100 width=4)
	  Index Cond: ((k >= 5789816) AND (k <= 5789916))

table 5 : explain SELECT k FROM sbtest5 WHERE k BETWEEN 5789816 AND 5789916
	Index Only Scan using k_5 on sbtest5  (cost=0.43..10.62 rows=109 width=4)
	  Index Cond: ((k >= 5789816) AND (k <= 5789916))

table 6 : explain SELECT k FROM sbtest6 WHERE k BETWEEN 5789816 AND 5789916
	Index Only Scan using k_6 on sbtest6  (cost=0.43..6.83 rows=120 width=4)
	  Index Cond: ((k >= 5789816) AND (k <= 5789916))

table 7 : explain SELECT k FROM sbtest7 WHERE k BETWEEN 5789816 AND 5789916
	Index Only Scan using k_7 on sbtest7  (cost=0.43..10.40 rows=98 width=4)
	  Index Cond: ((k >= 5789816) AND (k <= 5789916))

table 8 : explain SELECT k FROM sbtest8 WHERE k BETWEEN 5789816 AND 5789916
	Index Only Scan using k_8 on sbtest8  (cost=0.43..6.56 rows=106 width=4)
	  Index Cond: ((k >= 5789816) AND (k <= 5789916))

explain: for range-covered :: explain SELECT k FROM sbtest%d WHERE k BETWEEN 5789816 AND 5789916
for range-covered
table 1 : explain SELECT k FROM sbtest1 WHERE k BETWEEN 7116811 AND 7116911
	Index Only Scan using k_1 on sbtest1  (cost=0.43..10.38 rows=97 width=4)
	  Index Cond: ((k >= 7116811) AND (k <= 7116911))

table 2 : explain SELECT k FROM sbtest2 WHERE k BETWEEN 7116811 AND 7116911
	Index Only Scan using k_2 on sbtest2  (cost=0.43..6.53 rows=105 width=4)
	  Index Cond: ((k >= 7116811) AND (k <= 7116911))

table 3 : explain SELECT k FROM sbtest3 WHERE k BETWEEN 7116811 AND 7116911
	Index Only Scan using k_3 on sbtest3  (cost=0.43..10.40 rows=98 width=4)
	  Index Cond: ((k >= 7116811) AND (k <= 7116911))

table 4 : explain SELECT k FROM sbtest4 WHERE k BETWEEN 7116811 AND 7116911
	Index Only Scan using k_4 on sbtest4  (cost=0.43..10.40 rows=98 width=4)
	  Index Cond: ((k >= 7116811) AND (k <= 7116911))

table 5 : explain SELECT k FROM sbtest5 WHERE k BETWEEN 7116811 AND 7116911
	Index Only Scan using k_5 on sbtest5  (cost=0.43..10.46 rows=101 width=4)
	  Index Cond: ((k >= 7116811) AND (k <= 7116911))

table 6 : explain SELECT k FROM sbtest6 WHERE k BETWEEN 7116811 AND 7116911
	Index Only Scan using k_6 on sbtest6  (cost=0.43..6.40 rows=98 width=4)
	  Index Cond: ((k >= 7116811) AND (k <= 7116911))

table 7 : explain SELECT k FROM sbtest7 WHERE k BETWEEN 7116811 AND 7116911
	Index Only Scan using k_7 on sbtest7  (cost=0.43..10.47 rows=102 width=4)
	  Index Cond: ((k >= 7116811) AND (k <= 7116911))

table 8 : explain SELECT k FROM sbtest8 WHERE k BETWEEN 7116811 AND 7116911
	Index Only Scan using k_8 on sbtest8  (cost=0.43..6.51 rows=104 width=4)
	  Index Cond: ((k >= 7116811) AND (k <= 7116911))

for range-covered
table 1 : explain SELECT k FROM sbtest1 WHERE k BETWEEN 4668827 AND 4668927
	Index Only Scan using k_1 on sbtest1  (cost=0.43..10.42 rows=99 width=4)
	  Index Cond: ((k >= 4668827) AND (k <= 4668927))

table 2 : explain SELECT k FROM sbtest2 WHERE k BETWEEN 4668827 AND 4668927
	Index Only Scan using k_2 on sbtest2  (cost=0.43..6.29 rows=93 width=4)
	  Index Cond: ((k >= 4668827) AND (k <= 4668927))

table 3 : explain SELECT k FROM sbtest3 WHERE k BETWEEN 4668827 AND 4668927
	Index Only Scan using k_3 on sbtest3  (cost=0.43..10.38 rows=97 width=4)
	  Index Cond: ((k >= 4668827) AND (k <= 4668927))

table 4 : explain SELECT k FROM sbtest4 WHERE k BETWEEN 4668827 AND 4668927
	Index Only Scan using k_4 on sbtest4  (cost=0.43..10.40 rows=98 width=4)
	  Index Cond: ((k >= 4668827) AND (k <= 4668927))

table 5 : explain SELECT k FROM sbtest5 WHERE k BETWEEN 4668827 AND 4668927
	Index Only Scan using k_5 on sbtest5  (cost=0.43..10.42 rows=99 width=4)
	  Index Cond: ((k >= 4668827) AND (k <= 4668927))

table 6 : explain SELECT k FROM sbtest6 WHERE k BETWEEN 4668827 AND 4668927
	Index Only Scan using k_6 on sbtest6  (cost=0.43..6.35 rows=96 width=4)
	  Index Cond: ((k >= 4668827) AND (k <= 4668927))

table 7 : explain SELECT k FROM sbtest7 WHERE k BETWEEN 4668827 AND 4668927
	Index Only Scan using k_7 on sbtest7  (cost=0.43..10.44 rows=100 width=4)
	  Index Cond: ((k >= 4668827) AND (k <= 4668927))

table 8 : explain SELECT k FROM sbtest8 WHERE k BETWEEN 4668827 AND 4668927
	Index Only Scan using k_8 on sbtest8  (cost=0.43..6.42 rows=99 width=4)
	  Index Cond: ((k >= 4668827) AND (k <= 4668927))

explain: for range-covered :: explain SELECT k FROM sbtest%d WHERE k BETWEEN 7116811 AND 7116911
explain: for range-covered :: explain SELECT k FROM sbtest%d WHERE k BETWEEN 3335779 AND 3335879
explain: for range-covered :: explain SELECT k FROM sbtest%d WHERE k BETWEEN 4668827 AND 4668927
for range-covered
table 1 : explain SELECT k FROM sbtest1 WHERE k BETWEEN 2019837 AND 2019937
	Index Only Scan using k_1 on sbtest1  (cost=0.43..10.47 rows=102 width=4)
	  Index Cond: ((k >= 2019837) AND (k <= 2019937))

table 2 : explain SELECT k FROM sbtest2 WHERE k BETWEEN 2019837 AND 2019937
	Index Only Scan using k_2 on sbtest2  (cost=0.43..6.51 rows=104 width=4)
	  Index Cond: ((k >= 2019837) AND (k <= 2019937))

table 3 : explain SELECT k FROM sbtest3 WHERE k BETWEEN 2019837 AND 2019937
	Index Only Scan using k_3 on sbtest3  (cost=0.43..10.46 rows=101 width=4)
	  Index Cond: ((k >= 2019837) AND (k <= 2019937))

table 4 : explain SELECT k FROM sbtest4 WHERE k BETWEEN 2019837 AND 2019937
	Index Only Scan using k_4 on sbtest4  (cost=0.43..10.56 rows=106 width=4)
	  Index Cond: ((k >= 2019837) AND (k <= 2019937))

table 5 : explain SELECT k FROM sbtest5 WHERE k BETWEEN 2019837 AND 2019937
	Index Only Scan using k_5 on sbtest5  (cost=0.43..10.32 rows=94 width=4)
	  Index Cond: ((k >= 2019837) AND (k <= 2019937))

table 6 : explain SELECT k FROM sbtest6 WHERE k BETWEEN 2019837 AND 2019937
	Index Only Scan using k_6 on sbtest6  (cost=0.43..6.32 rows=94 width=4)
	  Index Cond: ((k >= 2019837) AND (k <= 2019937))

table 7 : explain SELECT k FROM sbtest7 WHERE k BETWEEN 2019837 AND 2019937
	Index Only Scan using k_7 on sbtest7  (cost=0.43..10.28 rows=92 width=4)
	  Index Cond: ((k >= 2019837) AND (k <= 2019937))

table 8 : explain SELECT k FROM sbtest8 WHERE k BETWEEN 2019837 AND 2019937
	Index Only Scan using k_8 on sbtest8  (cost=0.43..6.37 rows=97 width=4)
	  Index Cond: ((k >= 2019837) AND (k <= 2019937))

for range-covered
table 1 : explain SELECT k FROM sbtest1 WHERE k BETWEEN 7370629 AND 7370729
	Index Only Scan using k_1 on sbtest1  (cost=0.43..10.50 rows=103 width=4)
	  Index Cond: ((k >= 7370629) AND (k <= 7370729))

table 2 : explain SELECT k FROM sbtest2 WHERE k BETWEEN 7370629 AND 7370729
	Index Only Scan using k_2 on sbtest2  (cost=0.43..6.66 rows=111 width=4)
	  Index Cond: ((k >= 7370629) AND (k <= 7370729))

table 3 : explain SELECT k FROM sbtest3 WHERE k BETWEEN 7370629 AND 7370729
	Index Only Scan using k_3 on sbtest3  (cost=0.43..10.44 rows=100 width=4)
	  Index Cond: ((k >= 7370629) AND (k <= 7370729))

table 4 : explain SELECT k FROM sbtest4 WHERE k BETWEEN 7370629 AND 7370729
	Index Only Scan using k_4 on sbtest4  (cost=0.43..10.47 rows=102 width=4)
	  Index Cond: ((k >= 7370629) AND (k <= 7370729))

table 5 : explain SELECT k FROM sbtest5 WHERE k BETWEEN 7370629 AND 7370729
	Index Only Scan using k_5 on sbtest5  (cost=0.43..10.58 rows=107 width=4)
	  Index Cond: ((k >= 7370629) AND (k <= 7370729))

table 6 : explain SELECT k FROM sbtest6 WHERE k BETWEEN 7370629 AND 7370729
	Index Only Scan using k_6 on sbtest6  (cost=0.43..6.56 rows=106 width=4)
	  Index Cond: ((k >= 7370629) AND (k <= 7370729))

table 7 : explain SELECT k FROM sbtest7 WHERE k BETWEEN 7370629 AND 7370729
	Index Only Scan using k_7 on sbtest7  (cost=0.43..10.62 rows=109 width=4)
	  Index Cond: ((k >= 7370629) AND (k <= 7370729))

table 8 : explain SELECT k FROM sbtest8 WHERE k BETWEEN 7370629 AND 7370729
	Index Only Scan using k_8 on sbtest8  (cost=0.43..6.58 rows=107 width=4)
	  Index Cond: ((k >= 7370629) AND (k <= 7370729))

explain: for range-covered :: explain SELECT k FROM sbtest%d WHERE k BETWEEN 2019837 AND 2019937
explain: for range-covered :: explain SELECT k FROM sbtest%d WHERE k BETWEEN 7370629 AND 7370729
for range-covered
table 1 : explain SELECT k FROM sbtest1 WHERE k BETWEEN 5789816 AND 5789916
	Index Only Scan using k_1 on sbtest1  (cost=0.43..10.54 rows=105 width=4)
	  Index Cond: ((k >= 5789816) AND (k <= 5789916))

table 2 : explain SELECT k FROM sbtest2 WHERE k BETWEEN 5789816 AND 5789916
	Index Only Scan using k_2 on sbtest2  (cost=0.43..6.35 rows=96 width=4)
	  Index Cond: ((k >= 5789816) AND (k <= 5789916))

table 3 : explain SELECT k FROM sbtest3 WHERE k BETWEEN 5789816 AND 5789916
	Index Only Scan using k_3 on sbtest3  (cost=0.43..10.42 rows=99 width=4)
	  Index Cond: ((k >= 5789816) AND (k <= 5789916))

table 4 : explain SELECT k FROM sbtest4 WHERE k BETWEEN 5789816 AND 5789916
	Index Only Scan using k_4 on sbtest4  (cost=0.43..10.44 rows=100 width=4)
	  Index Cond: ((k >= 5789816) AND (k <= 5789916))

table 5 : explain SELECT k FROM sbtest5 WHERE k BETWEEN 5789816 AND 5789916
	Index Only Scan using k_5 on sbtest5  (cost=0.43..10.62 rows=109 width=4)
	  Index Cond: ((k >= 5789816) AND (k <= 5789916))

table 6 : explain SELECT k FROM sbtest6 WHERE k BETWEEN 5789816 AND 5789916
	Index Only Scan using k_6 on sbtest6  (cost=0.43..6.83 rows=120 width=4)
	  Index Cond: ((k >= 5789816) AND (k <= 5789916))

table 7 : explain SELECT k FROM sbtest7 WHERE k BETWEEN 5789816 AND 5789916
	Index Only Scan using k_7 on sbtest7  (cost=0.43..10.40 rows=98 width=4)
	  Index Cond: ((k >= 5789816) AND (k <= 5789916))

table 8 : explain SELECT k FROM sbtest8 WHERE k BETWEEN 5789816 AND 5789916
	Index Only Scan using k_8 on sbtest8  (cost=0.43..6.56 rows=106 width=4)
	  Index Cond: ((k >= 5789816) AND (k <= 5789916))

explain: for range-covered :: explain SELECT k FROM sbtest%d WHERE k BETWEEN 5789816 AND 5789916
for range-covered
table 1 : explain SELECT k FROM sbtest1 WHERE k BETWEEN 5706063 AND 5706163
	Index Only Scan using k_1 on sbtest1  (cost=0.43..10.47 rows=102 width=4)
	  Index Cond: ((k >= 5706063) AND (k <= 5706163))

table 2 : explain SELECT k FROM sbtest2 WHERE k BETWEEN 5706063 AND 5706163
	Index Only Scan using k_2 on sbtest2  (cost=0.43..6.35 rows=96 width=4)
	  Index Cond: ((k >= 5706063) AND (k <= 5706163))

table 3 : explain SELECT k FROM sbtest3 WHERE k BETWEEN 5706063 AND 5706163
	Index Only Scan using k_3 on sbtest3  (cost=0.43..10.50 rows=103 width=4)
	  Index Cond: ((k >= 5706063) AND (k <= 5706163))

table 4 : explain SELECT k FROM sbtest4 WHERE k BETWEEN 5706063 AND 5706163
	Index Only Scan using k_4 on sbtest4  (cost=0.43..10.36 rows=96 width=4)
	  Index Cond: ((k >= 5706063) AND (k <= 5706163))

table 5 : explain SELECT k FROM sbtest5 WHERE k BETWEEN 5706063 AND 5706163
	Index Only Scan using k_5 on sbtest5  (cost=0.43..10.33 rows=95 width=4)
	  Index Cond: ((k >= 5706063) AND (k <= 5706163))

table 6 : explain SELECT k FROM sbtest6 WHERE k BETWEEN 5706063 AND 5706163
	Index Only Scan using k_6 on sbtest6  (cost=0.43..6.58 rows=107 width=4)
	  Index Cond: ((k >= 5706063) AND (k <= 5706163))

table 7 : explain SELECT k FROM sbtest7 WHERE k BETWEEN 5706063 AND 5706163
	Index Only Scan using k_7 on sbtest7  (cost=0.43..10.44 rows=100 width=4)
	  Index Cond: ((k >= 5706063) AND (k <= 5706163))

table 8 : explain SELECT k FROM sbtest8 WHERE k BETWEEN 5706063 AND 5706163
	Index Only Scan using k_8 on sbtest8  (cost=0.43..6.50 rows=103 width=4)
	  Index Cond: ((k >= 5706063) AND (k <= 5706163))

for range-covered
table 1 : explain SELECT k FROM sbtest1 WHERE k BETWEEN 7116811 AND 7116911
	Index Only Scan using k_1 on sbtest1  (cost=0.43..10.38 rows=97 width=4)
	  Index Cond: ((k >= 7116811) AND (k <= 7116911))

table 2 : explain SELECT k FROM sbtest2 WHERE k BETWEEN 7116811 AND 7116911
	Index Only Scan using k_2 on sbtest2  (cost=0.43..6.53 rows=105 width=4)
	  Index Cond: ((k >= 7116811) AND (k <= 7116911))

table 3 : explain SELECT k FROM sbtest3 WHERE k BETWEEN 7116811 AND 7116911
	Index Only Scan using k_3 on sbtest3  (cost=0.43..10.40 rows=98 width=4)
	  Index Cond: ((k >= 7116811) AND (k <= 7116911))

table 4 : explain SELECT k FROM sbtest4 WHERE k BETWEEN 7116811 AND 7116911
	Index Only Scan using k_4 on sbtest4  (cost=0.43..10.40 rows=98 width=4)
	  Index Cond: ((k >= 7116811) AND (k <= 7116911))

table 5 : explain SELECT k FROM sbtest5 WHERE k BETWEEN 7116811 AND 7116911
	Index Only Scan using k_5 on sbtest5  (cost=0.43..10.46 rows=101 width=4)
	  Index Cond: ((k >= 7116811) AND (k <= 7116911))

table 6 : explain SELECT k FROM sbtest6 WHERE k BETWEEN 7116811 AND 7116911
	Index Only Scan using k_6 on sbtest6  (cost=0.43..6.40 rows=98 width=4)
	  Index Cond: ((k >= 7116811) AND (k <= 7116911))

table 7 : explain SELECT k FROM sbtest7 WHERE k BETWEEN 7116811 AND 7116911
	Index Only Scan using k_7 on sbtest7  (cost=0.43..10.47 rows=102 width=4)
	  Index Cond: ((k >= 7116811) AND (k <= 7116911))

table 8 : explain SELECT k FROM sbtest8 WHERE k BETWEEN 7116811 AND 7116911
	Index Only Scan using k_8 on sbtest8  (cost=0.43..6.51 rows=104 width=4)
	  Index Cond: ((k >= 7116811) AND (k <= 7116911))

explain: for range-covered :: explain SELECT k FROM sbtest%d WHERE k BETWEEN 5706063 AND 5706163
explain: for range-covered :: explain SELECT k FROM sbtest%d WHERE k BETWEEN 7116811 AND 7116911
for range-covered
table 1 : explain SELECT k FROM sbtest1 WHERE k BETWEEN 4668827 AND 4668927
	Index Only Scan using k_1 on sbtest1  (cost=0.43..10.42 rows=99 width=4)
	  Index Cond: ((k >= 4668827) AND (k <= 4668927))

table 2 : explain SELECT k FROM sbtest2 WHERE k BETWEEN 4668827 AND 4668927
	Index Only Scan using k_2 on sbtest2  (cost=0.43..6.29 rows=93 width=4)
	  Index Cond: ((k >= 4668827) AND (k <= 4668927))

table 3 : explain SELECT k FROM sbtest3 WHERE k BETWEEN 4668827 AND 4668927
	Index Only Scan using k_3 on sbtest3  (cost=0.43..10.38 rows=97 width=4)
	  Index Cond: ((k >= 4668827) AND (k <= 4668927))

table 4 : explain SELECT k FROM sbtest4 WHERE k BETWEEN 4668827 AND 4668927
	Index Only Scan using k_4 on sbtest4  (cost=0.43..10.40 rows=98 width=4)
	  Index Cond: ((k >= 4668827) AND (k <= 4668927))

table 5 : explain SELECT k FROM sbtest5 WHERE k BETWEEN 4668827 AND 4668927
	Index Only Scan using k_5 on sbtest5  (cost=0.43..10.42 rows=99 width=4)
	  Index Cond: ((k >= 4668827) AND (k <= 4668927))

table 6 : explain SELECT k FROM sbtest6 WHERE k BETWEEN 4668827 AND 4668927
	Index Only Scan using k_6 on sbtest6  (cost=0.43..6.35 rows=96 width=4)
	  Index Cond: ((k >= 4668827) AND (k <= 4668927))

table 7 : explain SELECT k FROM sbtest7 WHERE k BETWEEN 4668827 AND 4668927
	Index Only Scan using k_7 on sbtest7  (cost=0.43..10.44 rows=100 width=4)
	  Index Cond: ((k >= 4668827) AND (k <= 4668927))

table 8 : explain SELECT k FROM sbtest8 WHERE k BETWEEN 4668827 AND 4668927
	Index Only Scan using k_8 on sbtest8  (cost=0.43..6.42 rows=99 width=4)
	  Index Cond: ((k >= 4668827) AND (k <= 4668927))

explain: for range-covered :: explain SELECT k FROM sbtest%d WHERE k BETWEEN 4668827 AND 4668927
explain: for range-covered :: explain SELECT k FROM sbtest%d WHERE k BETWEEN 7265208 AND 7265308
for range-covered
table 1 : explain SELECT k FROM sbtest1 WHERE k BETWEEN 2019837 AND 2019937
	Index Only Scan using k_1 on sbtest1  (cost=0.43..10.47 rows=102 width=4)
	  Index Cond: ((k >= 2019837) AND (k <= 2019937))

table 2 : explain SELECT k FROM sbtest2 WHERE k BETWEEN 2019837 AND 2019937
	Index Only Scan using k_2 on sbtest2  (cost=0.43..6.51 rows=104 width=4)
	  Index Cond: ((k >= 2019837) AND (k <= 2019937))

table 3 : explain SELECT k FROM sbtest3 WHERE k BETWEEN 2019837 AND 2019937
	Index Only Scan using k_3 on sbtest3  (cost=0.43..10.46 rows=101 width=4)
	  Index Cond: ((k >= 2019837) AND (k <= 2019937))

table 4 : explain SELECT k FROM sbtest4 WHERE k BETWEEN 2019837 AND 2019937
	Index Only Scan using k_4 on sbtest4  (cost=0.43..10.56 rows=106 width=4)
	  Index Cond: ((k >= 2019837) AND (k <= 2019937))

table 5 : explain SELECT k FROM sbtest5 WHERE k BETWEEN 2019837 AND 2019937
	Index Only Scan using k_5 on sbtest5  (cost=0.43..10.32 rows=94 width=4)
	  Index Cond: ((k >= 2019837) AND (k <= 2019937))

table 6 : explain SELECT k FROM sbtest6 WHERE k BETWEEN 2019837 AND 2019937
	Index Only Scan using k_6 on sbtest6  (cost=0.43..6.32 rows=94 width=4)
	  Index Cond: ((k >= 2019837) AND (k <= 2019937))

table 7 : explain SELECT k FROM sbtest7 WHERE k BETWEEN 2019837 AND 2019937
	Index Only Scan using k_7 on sbtest7  (cost=0.43..10.28 rows=92 width=4)
	  Index Cond: ((k >= 2019837) AND (k <= 2019937))

table 8 : explain SELECT k FROM sbtest8 WHERE k BETWEEN 2019837 AND 2019937
	Index Only Scan using k_8 on sbtest8  (cost=0.43..6.37 rows=97 width=4)
	  Index Cond: ((k >= 2019837) AND (k <= 2019937))

explain: for range-covered :: explain SELECT k FROM sbtest%d WHERE k BETWEEN 2019837 AND 2019937
explain: for range-covered :: explain SELECT k FROM sbtest%d WHERE k BETWEEN 4099486 AND 4099586
for range-covered
table 1 : explain SELECT k FROM sbtest1 WHERE k BETWEEN 7370629 AND 7370729
	Index Only Scan using k_1 on sbtest1  (cost=0.43..10.50 rows=103 width=4)
	  Index Cond: ((k >= 7370629) AND (k <= 7370729))

table 2 : explain SELECT k FROM sbtest2 WHERE k BETWEEN 7370629 AND 7370729
	Index Only Scan using k_2 on sbtest2  (cost=0.43..6.66 rows=111 width=4)
	  Index Cond: ((k >= 7370629) AND (k <= 7370729))

table 3 : explain SELECT k FROM sbtest3 WHERE k BETWEEN 7370629 AND 7370729
	Index Only Scan using k_3 on sbtest3  (cost=0.43..10.44 rows=100 width=4)
	  Index Cond: ((k >= 7370629) AND (k <= 7370729))

table 4 : explain SELECT k FROM sbtest4 WHERE k BETWEEN 7370629 AND 7370729
	Index Only Scan using k_4 on sbtest4  (cost=0.43..10.47 rows=102 width=4)
	  Index Cond: ((k >= 7370629) AND (k <= 7370729))

table 5 : explain SELECT k FROM sbtest5 WHERE k BETWEEN 7370629 AND 7370729
	Index Only Scan using k_5 on sbtest5  (cost=0.43..10.58 rows=107 width=4)
	  Index Cond: ((k >= 7370629) AND (k <= 7370729))

table 6 : explain SELECT k FROM sbtest6 WHERE k BETWEEN 7370629 AND 7370729
	Index Only Scan using k_6 on sbtest6  (cost=0.43..6.56 rows=106 width=4)
	  Index Cond: ((k >= 7370629) AND (k <= 7370729))

table 7 : explain SELECT k FROM sbtest7 WHERE k BETWEEN 7370629 AND 7370729
	Index Only Scan using k_7 on sbtest7  (cost=0.43..10.62 rows=109 width=4)
	  Index Cond: ((k >= 7370629) AND (k <= 7370729))

table 8 : explain SELECT k FROM sbtest8 WHERE k BETWEEN 7370629 AND 7370729
	Index Only Scan using k_8 on sbtest8  (cost=0.43..6.58 rows=107 width=4)
	  Index Cond: ((k >= 7370629) AND (k <= 7370729))

explain: for range-covered :: explain SELECT k FROM sbtest%d WHERE k BETWEEN 7370629 AND 7370729
for range-covered
table 1 : explain SELECT k FROM sbtest1 WHERE k BETWEEN 5789816 AND 5789916
	Index Only Scan using k_1 on sbtest1  (cost=0.43..10.54 rows=105 width=4)
	  Index Cond: ((k >= 5789816) AND (k <= 5789916))

table 2 : explain SELECT k FROM sbtest2 WHERE k BETWEEN 5789816 AND 5789916
	Index Only Scan using k_2 on sbtest2  (cost=0.43..6.35 rows=96 width=4)
	  Index Cond: ((k >= 5789816) AND (k <= 5789916))

table 3 : explain SELECT k FROM sbtest3 WHERE k BETWEEN 5789816 AND 5789916
	Index Only Scan using k_3 on sbtest3  (cost=0.43..10.42 rows=99 width=4)
	  Index Cond: ((k >= 5789816) AND (k <= 5789916))

table 4 : explain SELECT k FROM sbtest4 WHERE k BETWEEN 5789816 AND 5789916
	Index Only Scan using k_4 on sbtest4  (cost=0.43..10.44 rows=100 width=4)
	  Index Cond: ((k >= 5789816) AND (k <= 5789916))

table 5 : explain SELECT k FROM sbtest5 WHERE k BETWEEN 5789816 AND 5789916
	Index Only Scan using k_5 on sbtest5  (cost=0.43..10.62 rows=109 width=4)
	  Index Cond: ((k >= 5789816) AND (k <= 5789916))

table 6 : explain SELECT k FROM sbtest6 WHERE k BETWEEN 5789816 AND 5789916
	Index Only Scan using k_6 on sbtest6  (cost=0.43..6.83 rows=120 width=4)
	  Index Cond: ((k >= 5789816) AND (k <= 5789916))

table 7 : explain SELECT k FROM sbtest7 WHERE k BETWEEN 5789816 AND 5789916
	Index Only Scan using k_7 on sbtest7  (cost=0.43..10.40 rows=98 width=4)
	  Index Cond: ((k >= 5789816) AND (k <= 5789916))

table 8 : explain SELECT k FROM sbtest8 WHERE k BETWEEN 5789816 AND 5789916
	Index Only Scan using k_8 on sbtest8  (cost=0.43..6.56 rows=106 width=4)
	  Index Cond: ((k >= 5789816) AND (k <= 5789916))

for range-covered
table 1 : explain SELECT k FROM sbtest1 WHERE k BETWEEN 5706063 AND 5706163
	Index Only Scan using k_1 on sbtest1  (cost=0.43..10.47 rows=102 width=4)
	  Index Cond: ((k >= 5706063) AND (k <= 5706163))

table 2 : explain SELECT k FROM sbtest2 WHERE k BETWEEN 5706063 AND 5706163
	Index Only Scan using k_2 on sbtest2  (cost=0.43..6.35 rows=96 width=4)
	  Index Cond: ((k >= 5706063) AND (k <= 5706163))

table 3 : explain SELECT k FROM sbtest3 WHERE k BETWEEN 5706063 AND 5706163
	Index Only Scan using k_3 on sbtest3  (cost=0.43..10.50 rows=103 width=4)
	  Index Cond: ((k >= 5706063) AND (k <= 5706163))

table 4 : explain SELECT k FROM sbtest4 WHERE k BETWEEN 5706063 AND 5706163
	Index Only Scan using k_4 on sbtest4  (cost=0.43..10.36 rows=96 width=4)
	  Index Cond: ((k >= 5706063) AND (k <= 5706163))

table 5 : explain SELECT k FROM sbtest5 WHERE k BETWEEN 5706063 AND 5706163
	Index Only Scan using k_5 on sbtest5  (cost=0.43..10.33 rows=95 width=4)
	  Index Cond: ((k >= 5706063) AND (k <= 5706163))

table 6 : explain SELECT k FROM sbtest6 WHERE k BETWEEN 5706063 AND 5706163
	Index Only Scan using k_6 on sbtest6  (cost=0.43..6.58 rows=107 width=4)
	  Index Cond: ((k >= 5706063) AND (k <= 5706163))

table 7 : explain SELECT k FROM sbtest7 WHERE k BETWEEN 5706063 AND 5706163
	Index Only Scan using k_7 on sbtest7  (cost=0.43..10.44 rows=100 width=4)
	  Index Cond: ((k >= 5706063) AND (k <= 5706163))

table 8 : explain SELECT k FROM sbtest8 WHERE k BETWEEN 5706063 AND 5706163
	Index Only Scan using k_8 on sbtest8  (cost=0.43..6.50 rows=103 width=4)
	  Index Cond: ((k >= 5706063) AND (k <= 5706163))

explain: for range-covered :: explain SELECT k FROM sbtest%d WHERE k BETWEEN 5789816 AND 5789916
for range-covered
table 1 : explain SELECT k FROM sbtest1 WHERE k BETWEEN 7116811 AND 7116911
	Index Only Scan using k_1 on sbtest1  (cost=0.43..10.38 rows=97 width=4)
	  Index Cond: ((k >= 7116811) AND (k <= 7116911))

table 2 : explain SELECT k FROM sbtest2 WHERE k BETWEEN 7116811 AND 7116911
	Index Only Scan using k_2 on sbtest2  (cost=0.43..6.53 rows=105 width=4)
	  Index Cond: ((k >= 7116811) AND (k <= 7116911))

table 3 : explain SELECT k FROM sbtest3 WHERE k BETWEEN 7116811 AND 7116911
	Index Only Scan using k_3 on sbtest3  (cost=0.43..10.40 rows=98 width=4)
	  Index Cond: ((k >= 7116811) AND (k <= 7116911))

table 4 : explain SELECT k FROM sbtest4 WHERE k BETWEEN 7116811 AND 7116911
	Index Only Scan using k_4 on sbtest4  (cost=0.43..10.40 rows=98 width=4)
	  Index Cond: ((k >= 7116811) AND (k <= 7116911))

table 5 : explain SELECT k FROM sbtest5 WHERE k BETWEEN 7116811 AND 7116911
	Index Only Scan using k_5 on sbtest5  (cost=0.43..10.46 rows=101 width=4)
	  Index Cond: ((k >= 7116811) AND (k <= 7116911))

table 6 : explain SELECT k FROM sbtest6 WHERE k BETWEEN 7116811 AND 7116911
	Index Only Scan using k_6 on sbtest6  (cost=0.43..6.40 rows=98 width=4)
	  Index Cond: ((k >= 7116811) AND (k <= 7116911))

table 7 : explain SELECT k FROM sbtest7 WHERE k BETWEEN 7116811 AND 7116911
	Index Only Scan using k_7 on sbtest7  (cost=0.43..10.47 rows=102 width=4)
	  Index Cond: ((k >= 7116811) AND (k <= 7116911))

table 8 : explain SELECT k FROM sbtest8 WHERE k BETWEEN 7116811 AND 7116911
	Index Only Scan using k_8 on sbtest8  (cost=0.43..6.51 rows=104 width=4)
	  Index Cond: ((k >= 7116811) AND (k <= 7116911))

explain: for range-covered :: explain SELECT k FROM sbtest%d WHERE k BETWEEN 5706063 AND 5706163
explain: for range-covered :: explain SELECT k FROM sbtest%d WHERE k BETWEEN 7116811 AND 7116911
explain: for range-covered :: explain SELECT k FROM sbtest%d WHERE k BETWEEN 4135517 AND 4135617
for range-covered
table 1 : explain SELECT k FROM sbtest1 WHERE k BETWEEN 2019837 AND 2019937
	Index Only Scan using k_1 on sbtest1  (cost=0.43..10.47 rows=102 width=4)
	  Index Cond: ((k >= 2019837) AND (k <= 2019937))

table 2 : explain SELECT k FROM sbtest2 WHERE k BETWEEN 2019837 AND 2019937
	Index Only Scan using k_2 on sbtest2  (cost=0.43..6.51 rows=104 width=4)
	  Index Cond: ((k >= 2019837) AND (k <= 2019937))

table 3 : explain SELECT k FROM sbtest3 WHERE k BETWEEN 2019837 AND 2019937
	Index Only Scan using k_3 on sbtest3  (cost=0.43..10.46 rows=101 width=4)
	  Index Cond: ((k >= 2019837) AND (k <= 2019937))

table 4 : explain SELECT k FROM sbtest4 WHERE k BETWEEN 2019837 AND 2019937
	Index Only Scan using k_4 on sbtest4  (cost=0.43..10.56 rows=106 width=4)
	  Index Cond: ((k >= 2019837) AND (k <= 2019937))

table 5 : explain SELECT k FROM sbtest5 WHERE k BETWEEN 2019837 AND 2019937
	Index Only Scan using k_5 on sbtest5  (cost=0.43..10.32 rows=94 width=4)
	  Index Cond: ((k >= 2019837) AND (k <= 2019937))

table 6 : explain SELECT k FROM sbtest6 WHERE k BETWEEN 2019837 AND 2019937
	Index Only Scan using k_6 on sbtest6  (cost=0.43..6.32 rows=94 width=4)
	  Index Cond: ((k >= 2019837) AND (k <= 2019937))

table 7 : explain SELECT k FROM sbtest7 WHERE k BETWEEN 2019837 AND 2019937
	Index Only Scan using k_7 on sbtest7  (cost=0.43..10.28 rows=92 width=4)
	  Index Cond: ((k >= 2019837) AND (k <= 2019937))

table 8 : explain SELECT k FROM sbtest8 WHERE k BETWEEN 2019837 AND 2019937
	Index Only Scan using k_8 on sbtest8  (cost=0.43..6.37 rows=97 width=4)
	  Index Cond: ((k >= 2019837) AND (k <= 2019937))

explain: for range-covered :: explain SELECT k FROM sbtest%d WHERE k BETWEEN 2019837 AND 2019937
for range-covered
table 1 : explain SELECT k FROM sbtest1 WHERE k BETWEEN 7370629 AND 7370729
	Index Only Scan using k_1 on sbtest1  (cost=0.43..10.50 rows=103 width=4)
	  Index Cond: ((k >= 7370629) AND (k <= 7370729))

table 2 : explain SELECT k FROM sbtest2 WHERE k BETWEEN 7370629 AND 7370729
	Index Only Scan using k_2 on sbtest2  (cost=0.43..6.66 rows=111 width=4)
	  Index Cond: ((k >= 7370629) AND (k <= 7370729))

table 3 : explain SELECT k FROM sbtest3 WHERE k BETWEEN 7370629 AND 7370729
	Index Only Scan using k_3 on sbtest3  (cost=0.43..10.44 rows=100 width=4)
	  Index Cond: ((k >= 7370629) AND (k <= 7370729))

table 4 : explain SELECT k FROM sbtest4 WHERE k BETWEEN 7370629 AND 7370729
	Index Only Scan using k_4 on sbtest4  (cost=0.43..10.47 rows=102 width=4)
	  Index Cond: ((k >= 7370629) AND (k <= 7370729))

table 5 : explain SELECT k FROM sbtest5 WHERE k BETWEEN 7370629 AND 7370729
	Index Only Scan using k_5 on sbtest5  (cost=0.43..10.58 rows=107 width=4)
	  Index Cond: ((k >= 7370629) AND (k <= 7370729))

table 6 : explain SELECT k FROM sbtest6 WHERE k BETWEEN 7370629 AND 7370729
	Index Only Scan using k_6 on sbtest6  (cost=0.43..6.56 rows=106 width=4)
	  Index Cond: ((k >= 7370629) AND (k <= 7370729))

table 7 : explain SELECT k FROM sbtest7 WHERE k BETWEEN 7370629 AND 7370729
	Index Only Scan using k_7 on sbtest7  (cost=0.43..10.62 rows=109 width=4)
	  Index Cond: ((k >= 7370629) AND (k <= 7370729))

table 8 : explain SELECT k FROM sbtest8 WHERE k BETWEEN 7370629 AND 7370729
	Index Only Scan using k_8 on sbtest8  (cost=0.43..6.58 rows=107 width=4)
	  Index Cond: ((k >= 7370629) AND (k <= 7370729))

explain: for range-covered :: explain SELECT k FROM sbtest%d WHERE k BETWEEN 7370629 AND 7370729
explain: for range-covered :: explain SELECT k FROM sbtest%d WHERE k BETWEEN 5428925 AND 5429025
for range-covered
table 1 : explain SELECT k FROM sbtest1 WHERE k BETWEEN 5706063 AND 5706163
	Index Only Scan using k_1 on sbtest1  (cost=0.43..10.47 rows=102 width=4)
	  Index Cond: ((k >= 5706063) AND (k <= 5706163))

table 2 : explain SELECT k FROM sbtest2 WHERE k BETWEEN 5706063 AND 5706163
	Index Only Scan using k_2 on sbtest2  (cost=0.43..6.35 rows=96 width=4)
	  Index Cond: ((k >= 5706063) AND (k <= 5706163))

table 3 : explain SELECT k FROM sbtest3 WHERE k BETWEEN 5706063 AND 5706163
	Index Only Scan using k_3 on sbtest3  (cost=0.43..10.50 rows=103 width=4)
	  Index Cond: ((k >= 5706063) AND (k <= 5706163))

table 4 : explain SELECT k FROM sbtest4 WHERE k BETWEEN 5706063 AND 5706163
	Index Only Scan using k_4 on sbtest4  (cost=0.43..10.36 rows=96 width=4)
	  Index Cond: ((k >= 5706063) AND (k <= 5706163))

table 5 : explain SELECT k FROM sbtest5 WHERE k BETWEEN 5706063 AND 5706163
	Index Only Scan using k_5 on sbtest5  (cost=0.43..10.33 rows=95 width=4)
	  Index Cond: ((k >= 5706063) AND (k <= 5706163))

table 6 : explain SELECT k FROM sbtest6 WHERE k BETWEEN 5706063 AND 5706163
	Index Only Scan using k_6 on sbtest6  (cost=0.43..6.58 rows=107 width=4)
	  Index Cond: ((k >= 5706063) AND (k <= 5706163))

table 7 : explain SELECT k FROM sbtest7 WHERE k BETWEEN 5706063 AND 5706163
	Index Only Scan using k_7 on sbtest7  (cost=0.43..10.44 rows=100 width=4)
	  Index Cond: ((k >= 5706063) AND (k <= 5706163))

table 8 : explain SELECT k FROM sbtest8 WHERE k BETWEEN 5706063 AND 5706163
	Index Only Scan using k_8 on sbtest8  (cost=0.43..6.50 rows=103 width=4)
	  Index Cond: ((k >= 5706063) AND (k <= 5706163))

for range-covered
table 1 : explain SELECT k FROM sbtest1 WHERE k BETWEEN 7116811 AND 7116911
	Index Only Scan using k_1 on sbtest1  (cost=0.43..10.38 rows=97 width=4)
	  Index Cond: ((k >= 7116811) AND (k <= 7116911))

table 2 : explain SELECT k FROM sbtest2 WHERE k BETWEEN 7116811 AND 7116911
	Index Only Scan using k_2 on sbtest2  (cost=0.43..6.53 rows=105 width=4)
	  Index Cond: ((k >= 7116811) AND (k <= 7116911))

table 3 : explain SELECT k FROM sbtest3 WHERE k BETWEEN 7116811 AND 7116911
	Index Only Scan using k_3 on sbtest3  (cost=0.43..10.40 rows=98 width=4)
	  Index Cond: ((k >= 7116811) AND (k <= 7116911))

table 4 : explain SELECT k FROM sbtest4 WHERE k BETWEEN 7116811 AND 7116911
	Index Only Scan using k_4 on sbtest4  (cost=0.43..10.40 rows=98 width=4)
	  Index Cond: ((k >= 7116811) AND (k <= 7116911))

table 5 : explain SELECT k FROM sbtest5 WHERE k BETWEEN 7116811 AND 7116911
	Index Only Scan using k_5 on sbtest5  (cost=0.43..10.46 rows=101 width=4)
	  Index Cond: ((k >= 7116811) AND (k <= 7116911))

table 6 : explain SELECT k FROM sbtest6 WHERE k BETWEEN 7116811 AND 7116911
	Index Only Scan using k_6 on sbtest6  (cost=0.43..6.40 rows=98 width=4)
	  Index Cond: ((k >= 7116811) AND (k <= 7116911))

table 7 : explain SELECT k FROM sbtest7 WHERE k BETWEEN 7116811 AND 7116911
	Index Only Scan using k_7 on sbtest7  (cost=0.43..10.47 rows=102 width=4)
	  Index Cond: ((k >= 7116811) AND (k <= 7116911))

table 8 : explain SELECT k FROM sbtest8 WHERE k BETWEEN 7116811 AND 7116911
	Index Only Scan using k_8 on sbtest8  (cost=0.43..6.51 rows=104 width=4)
	  Index Cond: ((k >= 7116811) AND (k <= 7116911))

explain: for range-covered :: explain SELECT k FROM sbtest%d WHERE k BETWEEN 5706063 AND 5706163
for range-covered
table 1 : explain SELECT k FROM sbtest1 WHERE k BETWEEN 4668827 AND 4668927
	Index Only Scan using k_1 on sbtest1  (cost=0.43..10.42 rows=99 width=4)
	  Index Cond: ((k >= 4668827) AND (k <= 4668927))

table 2 : explain SELECT k FROM sbtest2 WHERE k BETWEEN 4668827 AND 4668927
	Index Only Scan using k_2 on sbtest2  (cost=0.43..6.29 rows=93 width=4)
	  Index Cond: ((k >= 4668827) AND (k <= 4668927))

table 3 : explain SELECT k FROM sbtest3 WHERE k BETWEEN 4668827 AND 4668927
	Index Only Scan using k_3 on sbtest3  (cost=0.43..10.38 rows=97 width=4)
	  Index Cond: ((k >= 4668827) AND (k <= 4668927))

table 4 : explain SELECT k FROM sbtest4 WHERE k BETWEEN 4668827 AND 4668927
	Index Only Scan using k_4 on sbtest4  (cost=0.43..10.40 rows=98 width=4)
	  Index Cond: ((k >= 4668827) AND (k <= 4668927))

table 5 : explain SELECT k FROM sbtest5 WHERE k BETWEEN 4668827 AND 4668927
	Index Only Scan using k_5 on sbtest5  (cost=0.43..10.42 rows=99 width=4)
	  Index Cond: ((k >= 4668827) AND (k <= 4668927))

table 6 : explain SELECT k FROM sbtest6 WHERE k BETWEEN 4668827 AND 4668927
	Index Only Scan using k_6 on sbtest6  (cost=0.43..6.35 rows=96 width=4)
	  Index Cond: ((k >= 4668827) AND (k <= 4668927))

table 7 : explain SELECT k FROM sbtest7 WHERE k BETWEEN 4668827 AND 4668927
	Index Only Scan using k_7 on sbtest7  (cost=0.43..10.44 rows=100 width=4)
	  Index Cond: ((k >= 4668827) AND (k <= 4668927))

table 8 : explain SELECT k FROM sbtest8 WHERE k BETWEEN 4668827 AND 4668927
	Index Only Scan using k_8 on sbtest8  (cost=0.43..6.42 rows=99 width=4)
	  Index Cond: ((k >= 4668827) AND (k <= 4668927))

explain: for range-covered :: explain SELECT k FROM sbtest%d WHERE k BETWEEN 7116811 AND 7116911
for range-covered
table 1 : explain SELECT k FROM sbtest1 WHERE k BETWEEN 2019837 AND 2019937
	Index Only Scan using k_1 on sbtest1  (cost=0.43..10.47 rows=102 width=4)
	  Index Cond: ((k >= 2019837) AND (k <= 2019937))

table 2 : explain SELECT k FROM sbtest2 WHERE k BETWEEN 2019837 AND 2019937
	Index Only Scan using k_2 on sbtest2  (cost=0.43..6.51 rows=104 width=4)
	  Index Cond: ((k >= 2019837) AND (k <= 2019937))

table 3 : explain SELECT k FROM sbtest3 WHERE k BETWEEN 2019837 AND 2019937
	Index Only Scan using k_3 on sbtest3  (cost=0.43..10.46 rows=101 width=4)
	  Index Cond: ((k >= 2019837) AND (k <= 2019937))

table 4 : explain SELECT k FROM sbtest4 WHERE k BETWEEN 2019837 AND 2019937
	Index Only Scan using k_4 on sbtest4  (cost=0.43..10.56 rows=106 width=4)
	  Index Cond: ((k >= 2019837) AND (k <= 2019937))

table 5 : explain SELECT k FROM sbtest5 WHERE k BETWEEN 2019837 AND 2019937
	Index Only Scan using k_5 on sbtest5  (cost=0.43..10.32 rows=94 width=4)
	  Index Cond: ((k >= 2019837) AND (k <= 2019937))

table 6 : explain SELECT k FROM sbtest6 WHERE k BETWEEN 2019837 AND 2019937
	Index Only Scan using k_6 on sbtest6  (cost=0.43..6.32 rows=94 width=4)
	  Index Cond: ((k >= 2019837) AND (k <= 2019937))

table 7 : explain SELECT k FROM sbtest7 WHERE k BETWEEN 2019837 AND 2019937
	Index Only Scan using k_7 on sbtest7  (cost=0.43..10.28 rows=92 width=4)
	  Index Cond: ((k >= 2019837) AND (k <= 2019937))

table 8 : explain SELECT k FROM sbtest8 WHERE k BETWEEN 2019837 AND 2019937
	Index Only Scan using k_8 on sbtest8  (cost=0.43..6.37 rows=97 width=4)
	  Index Cond: ((k >= 2019837) AND (k <= 2019937))

for range-covered
table 1 : explain SELECT k FROM sbtest1 WHERE k BETWEEN 3335779 AND 3335879
	Index Only Scan using k_1 on sbtest1  (cost=0.43..10.65 rows=111 width=4)
	  Index Cond: ((k >= 3335779) AND (k <= 3335879))

table 2 : explain SELECT k FROM sbtest2 WHERE k BETWEEN 3335779 AND 3335879
	Index Only Scan using k_2 on sbtest2  (cost=0.43..6.69 rows=113 width=4)
	  Index Cond: ((k >= 3335779) AND (k <= 3335879))

table 3 : explain SELECT k FROM sbtest3 WHERE k BETWEEN 3335779 AND 3335879
	Index Only Scan using k_3 on sbtest3  (cost=0.43..10.50 rows=103 width=4)
	  Index Cond: ((k >= 3335779) AND (k <= 3335879))

table 4 : explain SELECT k FROM sbtest4 WHERE k BETWEEN 3335779 AND 3335879
	Index Only Scan using k_4 on sbtest4  (cost=0.43..10.83 rows=120 width=4)
	  Index Cond: ((k >= 3335779) AND (k <= 3335879))

table 5 : explain SELECT k FROM sbtest5 WHERE k BETWEEN 3335779 AND 3335879
	Index Only Scan using k_5 on sbtest5  (cost=0.43..10.46 rows=101 width=4)
	  Index Cond: ((k >= 3335779) AND (k <= 3335879))

table 6 : explain SELECT k FROM sbtest6 WHERE k BETWEEN 3335779 AND 3335879
	Index Only Scan using k_6 on sbtest6  (cost=0.43..6.51 rows=104 width=4)
	  Index Cond: ((k >= 3335779) AND (k <= 3335879))

table 7 : explain SELECT k FROM sbtest7 WHERE k BETWEEN 3335779 AND 3335879
	Index Only Scan using k_7 on sbtest7  (cost=0.43..10.88 rows=122 width=4)
	  Index Cond: ((k >= 3335779) AND (k <= 3335879))

table 8 : explain SELECT k FROM sbtest8 WHERE k BETWEEN 3335779 AND 3335879
	Index Only Scan using k_8 on sbtest8  (cost=0.43..6.42 rows=99 width=4)
	  Index Cond: ((k >= 3335779) AND (k <= 3335879))

explain: for range-covered :: explain SELECT k FROM sbtest%d WHERE k BETWEEN 2019837 AND 2019937
explain: for range-covered :: explain SELECT k FROM sbtest%d WHERE k BETWEEN 3335779 AND 3335879
for range-covered
table 1 : explain SELECT k FROM sbtest1 WHERE k BETWEEN 7370629 AND 7370729
	Index Only Scan using k_1 on sbtest1  (cost=0.43..10.50 rows=103 width=4)
	  Index Cond: ((k >= 7370629) AND (k <= 7370729))

table 2 : explain SELECT k FROM sbtest2 WHERE k BETWEEN 7370629 AND 7370729
	Index Only Scan using k_2 on sbtest2  (cost=0.43..6.66 rows=111 width=4)
	  Index Cond: ((k >= 7370629) AND (k <= 7370729))

table 3 : explain SELECT k FROM sbtest3 WHERE k BETWEEN 7370629 AND 7370729
	Index Only Scan using k_3 on sbtest3  (cost=0.43..10.44 rows=100 width=4)
	  Index Cond: ((k >= 7370629) AND (k <= 7370729))

table 4 : explain SELECT k FROM sbtest4 WHERE k BETWEEN 7370629 AND 7370729
	Index Only Scan using k_4 on sbtest4  (cost=0.43..10.47 rows=102 width=4)
	  Index Cond: ((k >= 7370629) AND (k <= 7370729))

table 5 : explain SELECT k FROM sbtest5 WHERE k BETWEEN 7370629 AND 7370729
	Index Only Scan using k_5 on sbtest5  (cost=0.43..10.58 rows=107 width=4)
	  Index Cond: ((k >= 7370629) AND (k <= 7370729))

table 6 : explain SELECT k FROM sbtest6 WHERE k BETWEEN 7370629 AND 7370729
	Index Only Scan using k_6 on sbtest6  (cost=0.43..6.56 rows=106 width=4)
	  Index Cond: ((k >= 7370629) AND (k <= 7370729))

table 7 : explain SELECT k FROM sbtest7 WHERE k BETWEEN 7370629 AND 7370729
	Index Only Scan using k_7 on sbtest7  (cost=0.43..10.62 rows=109 width=4)
	  Index Cond: ((k >= 7370629) AND (k <= 7370729))

table 8 : explain SELECT k FROM sbtest8 WHERE k BETWEEN 7370629 AND 7370729
	Index Only Scan using k_8 on sbtest8  (cost=0.43..6.58 rows=107 width=4)
	  Index Cond: ((k >= 7370629) AND (k <= 7370729))

explain: for range-covered :: explain SELECT k FROM sbtest%d WHERE k BETWEEN 7370629 AND 7370729
for range-covered
table 1 : explain SELECT k FROM sbtest1 WHERE k BETWEEN 7116811 AND 7116911
	Index Only Scan using k_1 on sbtest1  (cost=0.43..10.38 rows=97 width=4)
	  Index Cond: ((k >= 7116811) AND (k <= 7116911))

table 2 : explain SELECT k FROM sbtest2 WHERE k BETWEEN 7116811 AND 7116911
	Index Only Scan using k_2 on sbtest2  (cost=0.43..6.53 rows=105 width=4)
	  Index Cond: ((k >= 7116811) AND (k <= 7116911))

table 3 : explain SELECT k FROM sbtest3 WHERE k BETWEEN 7116811 AND 7116911
	Index Only Scan using k_3 on sbtest3  (cost=0.43..10.40 rows=98 width=4)
	  Index Cond: ((k >= 7116811) AND (k <= 7116911))

table 4 : explain SELECT k FROM sbtest4 WHERE k BETWEEN 7116811 AND 7116911
	Index Only Scan using k_4 on sbtest4  (cost=0.43..10.40 rows=98 width=4)
	  Index Cond: ((k >= 7116811) AND (k <= 7116911))

table 5 : explain SELECT k FROM sbtest5 WHERE k BETWEEN 7116811 AND 7116911
	Index Only Scan using k_5 on sbtest5  (cost=0.43..10.46 rows=101 width=4)
	  Index Cond: ((k >= 7116811) AND (k <= 7116911))

table 6 : explain SELECT k FROM sbtest6 WHERE k BETWEEN 7116811 AND 7116911
	Index Only Scan using k_6 on sbtest6  (cost=0.43..6.40 rows=98 width=4)
	  Index Cond: ((k >= 7116811) AND (k <= 7116911))

table 7 : explain SELECT k FROM sbtest7 WHERE k BETWEEN 7116811 AND 7116911
	Index Only Scan using k_7 on sbtest7  (cost=0.43..10.47 rows=102 width=4)
	  Index Cond: ((k >= 7116811) AND (k <= 7116911))

table 8 : explain SELECT k FROM sbtest8 WHERE k BETWEEN 7116811 AND 7116911
	Index Only Scan using k_8 on sbtest8  (cost=0.43..6.51 rows=104 width=4)
	  Index Cond: ((k >= 7116811) AND (k <= 7116911))

for range-covered
table 1 : explain SELECT k FROM sbtest1 WHERE k BETWEEN 5706063 AND 5706163
	Index Only Scan using k_1 on sbtest1  (cost=0.43..10.47 rows=102 width=4)
	  Index Cond: ((k >= 5706063) AND (k <= 5706163))

table 2 : explain SELECT k FROM sbtest2 WHERE k BETWEEN 5706063 AND 5706163
	Index Only Scan using k_2 on sbtest2  (cost=0.43..6.35 rows=96 width=4)
	  Index Cond: ((k >= 5706063) AND (k <= 5706163))

table 3 : explain SELECT k FROM sbtest3 WHERE k BETWEEN 5706063 AND 5706163
	Index Only Scan using k_3 on sbtest3  (cost=0.43..10.50 rows=103 width=4)
	  Index Cond: ((k >= 5706063) AND (k <= 5706163))

table 4 : explain SELECT k FROM sbtest4 WHERE k BETWEEN 5706063 AND 5706163
	Index Only Scan using k_4 on sbtest4  (cost=0.43..10.36 rows=96 width=4)
	  Index Cond: ((k >= 5706063) AND (k <= 5706163))

table 5 : explain SELECT k FROM sbtest5 WHERE k BETWEEN 5706063 AND 5706163
	Index Only Scan using k_5 on sbtest5  (cost=0.43..10.33 rows=95 width=4)
	  Index Cond: ((k >= 5706063) AND (k <= 5706163))

table 6 : explain SELECT k FROM sbtest6 WHERE k BETWEEN 5706063 AND 5706163
	Index Only Scan using k_6 on sbtest6  (cost=0.43..6.58 rows=107 width=4)
	  Index Cond: ((k >= 5706063) AND (k <= 5706163))

table 7 : explain SELECT k FROM sbtest7 WHERE k BETWEEN 5706063 AND 5706163
	Index Only Scan using k_7 on sbtest7  (cost=0.43..10.44 rows=100 width=4)
	  Index Cond: ((k >= 5706063) AND (k <= 5706163))

table 8 : explain SELECT k FROM sbtest8 WHERE k BETWEEN 5706063 AND 5706163
	Index Only Scan using k_8 on sbtest8  (cost=0.43..6.50 rows=103 width=4)
	  Index Cond: ((k >= 5706063) AND (k <= 5706163))

for range-covered
table 1 : explain SELECT k FROM sbtest1 WHERE k BETWEEN 2019837 AND 2019937
	Index Only Scan using k_1 on sbtest1  (cost=0.43..10.47 rows=102 width=4)
	  Index Cond: ((k >= 2019837) AND (k <= 2019937))

table 2 : explain SELECT k FROM sbtest2 WHERE k BETWEEN 2019837 AND 2019937
	Index Only Scan using k_2 on sbtest2  (cost=0.43..6.51 rows=104 width=4)
	  Index Cond: ((k >= 2019837) AND (k <= 2019937))

table 3 : explain SELECT k FROM sbtest3 WHERE k BETWEEN 2019837 AND 2019937
	Index Only Scan using k_3 on sbtest3  (cost=0.43..10.46 rows=101 width=4)
	  Index Cond: ((k >= 2019837) AND (k <= 2019937))

table 4 : explain SELECT k FROM sbtest4 WHERE k BETWEEN 2019837 AND 2019937
	Index Only Scan using k_4 on sbtest4  (cost=0.43..10.56 rows=106 width=4)
	  Index Cond: ((k >= 2019837) AND (k <= 2019937))

table 5 : explain SELECT k FROM sbtest5 WHERE k BETWEEN 2019837 AND 2019937
	Index Only Scan using k_5 on sbtest5  (cost=0.43..10.32 rows=94 width=4)
	  Index Cond: ((k >= 2019837) AND (k <= 2019937))

table 6 : explain SELECT k FROM sbtest6 WHERE k BETWEEN 2019837 AND 2019937
	Index Only Scan using k_6 on sbtest6  (cost=0.43..6.32 rows=94 width=4)
	  Index Cond: ((k >= 2019837) AND (k <= 2019937))

table 7 : explain SELECT k FROM sbtest7 WHERE k BETWEEN 2019837 AND 2019937
	Index Only Scan using k_7 on sbtest7  (cost=0.43..10.28 rows=92 width=4)
	  Index Cond: ((k >= 2019837) AND (k <= 2019937))

table 8 : explain SELECT k FROM sbtest8 WHERE k BETWEEN 2019837 AND 2019937
	Index Only Scan using k_8 on sbtest8  (cost=0.43..6.37 rows=97 width=4)
	  Index Cond: ((k >= 2019837) AND (k <= 2019937))

explain: for range-covered :: explain SELECT k FROM sbtest%d WHERE k BETWEEN 2718039 AND 2718139
for range-covered
table 1 : explain SELECT k FROM sbtest1 WHERE k BETWEEN 3335779 AND 3335879
	Index Only Scan using k_1 on sbtest1  (cost=0.43..10.65 rows=111 width=4)
	  Index Cond: ((k >= 3335779) AND (k <= 3335879))

table 2 : explain SELECT k FROM sbtest2 WHERE k BETWEEN 3335779 AND 3335879
	Index Only Scan using k_2 on sbtest2  (cost=0.43..6.69 rows=113 width=4)
	  Index Cond: ((k >= 3335779) AND (k <= 3335879))

table 3 : explain SELECT k FROM sbtest3 WHERE k BETWEEN 3335779 AND 3335879
	Index Only Scan using k_3 on sbtest3  (cost=0.43..10.50 rows=103 width=4)
	  Index Cond: ((k >= 3335779) AND (k <= 3335879))

table 4 : explain SELECT k FROM sbtest4 WHERE k BETWEEN 3335779 AND 3335879
	Index Only Scan using k_4 on sbtest4  (cost=0.43..10.83 rows=120 width=4)
	  Index Cond: ((k >= 3335779) AND (k <= 3335879))

table 5 : explain SELECT k FROM sbtest5 WHERE k BETWEEN 3335779 AND 3335879
	Index Only Scan using k_5 on sbtest5  (cost=0.43..10.46 rows=101 width=4)
	  Index Cond: ((k >= 3335779) AND (k <= 3335879))

table 6 : explain SELECT k FROM sbtest6 WHERE k BETWEEN 3335779 AND 3335879
	Index Only Scan using k_6 on sbtest6  (cost=0.43..6.51 rows=104 width=4)
	  Index Cond: ((k >= 3335779) AND (k <= 3335879))

table 7 : explain SELECT k FROM sbtest7 WHERE k BETWEEN 3335779 AND 3335879
	Index Only Scan using k_7 on sbtest7  (cost=0.43..10.88 rows=122 width=4)
	  Index Cond: ((k >= 3335779) AND (k <= 3335879))

table 8 : explain SELECT k FROM sbtest8 WHERE k BETWEEN 3335779 AND 3335879
	Index Only Scan using k_8 on sbtest8  (cost=0.43..6.42 rows=99 width=4)
	  Index Cond: ((k >= 3335779) AND (k <= 3335879))

explain: for range-covered :: explain SELECT k FROM sbtest%d WHERE k BETWEEN 5706063 AND 5706163
for range-covered
table 1 : explain SELECT k FROM sbtest1 WHERE k BETWEEN 7370629 AND 7370729
	Index Only Scan using k_1 on sbtest1  (cost=0.43..10.50 rows=103 width=4)
	  Index Cond: ((k >= 7370629) AND (k <= 7370729))

table 2 : explain SELECT k FROM sbtest2 WHERE k BETWEEN 7370629 AND 7370729
	Index Only Scan using k_2 on sbtest2  (cost=0.43..6.66 rows=111 width=4)
	  Index Cond: ((k >= 7370629) AND (k <= 7370729))

table 3 : explain SELECT k FROM sbtest3 WHERE k BETWEEN 7370629 AND 7370729
	Index Only Scan using k_3 on sbtest3  (cost=0.43..10.44 rows=100 width=4)
	  Index Cond: ((k >= 7370629) AND (k <= 7370729))

table 4 : explain SELECT k FROM sbtest4 WHERE k BETWEEN 7370629 AND 7370729
	Index Only Scan using k_4 on sbtest4  (cost=0.43..10.47 rows=102 width=4)
	  Index Cond: ((k >= 7370629) AND (k <= 7370729))

table 5 : explain SELECT k FROM sbtest5 WHERE k BETWEEN 7370629 AND 7370729
	Index Only Scan using k_5 on sbtest5  (cost=0.43..10.58 rows=107 width=4)
	  Index Cond: ((k >= 7370629) AND (k <= 7370729))

table 6 : explain SELECT k FROM sbtest6 WHERE k BETWEEN 7370629 AND 7370729
	Index Only Scan using k_6 on sbtest6  (cost=0.43..6.56 rows=106 width=4)
	  Index Cond: ((k >= 7370629) AND (k <= 7370729))

table 7 : explain SELECT k FROM sbtest7 WHERE k BETWEEN 7370629 AND 7370729
	Index Only Scan using k_7 on sbtest7  (cost=0.43..10.62 rows=109 width=4)
	  Index Cond: ((k >= 7370629) AND (k <= 7370729))

table 8 : explain SELECT k FROM sbtest8 WHERE k BETWEEN 7370629 AND 7370729
	Index Only Scan using k_8 on sbtest8  (cost=0.43..6.58 rows=107 width=4)
	  Index Cond: ((k >= 7370629) AND (k <= 7370729))

explain: for range-covered :: explain SELECT k FROM sbtest%d WHERE k BETWEEN 3335779 AND 3335879
explain: for range-covered :: explain SELECT k FROM sbtest%d WHERE k BETWEEN 7370629 AND 7370729
for range-covered
table 1 : explain SELECT k FROM sbtest1 WHERE k BETWEEN 7265208 AND 7265308
	Index Only Scan using k_1 on sbtest1  (cost=0.43..10.56 rows=106 width=4)
	  Index Cond: ((k >= 7265208) AND (k <= 7265308))

table 2 : explain SELECT k FROM sbtest2 WHERE k BETWEEN 7265208 AND 7265308
	Index Only Scan using k_2 on sbtest2  (cost=0.43..6.47 rows=102 width=4)
	  Index Cond: ((k >= 7265208) AND (k <= 7265308))

table 3 : explain SELECT k FROM sbtest3 WHERE k BETWEEN 7265208 AND 7265308
	Index Only Scan using k_3 on sbtest3  (cost=0.43..10.60 rows=108 width=4)
	  Index Cond: ((k >= 7265208) AND (k <= 7265308))

table 4 : explain SELECT k FROM sbtest4 WHERE k BETWEEN 7265208 AND 7265308
	Index Only Scan using k_4 on sbtest4  (cost=0.43..10.32 rows=94 width=4)
	  Index Cond: ((k >= 7265208) AND (k <= 7265308))

table 5 : explain SELECT k FROM sbtest5 WHERE k BETWEEN 7265208 AND 7265308
	Index Only Scan using k_5 on sbtest5  (cost=0.43..10.46 rows=101 width=4)
	  Index Cond: ((k >= 7265208) AND (k <= 7265308))

table 6 : explain SELECT k FROM sbtest6 WHERE k BETWEEN 7265208 AND 7265308
	Index Only Scan using k_6 on sbtest6  (cost=0.43..6.37 rows=97 width=4)
	  Index Cond: ((k >= 7265208) AND (k <= 7265308))

table 7 : explain SELECT k FROM sbtest7 WHERE k BETWEEN 7265208 AND 7265308
	Index Only Scan using k_7 on sbtest7  (cost=0.43..10.44 rows=100 width=4)
	  Index Cond: ((k >= 7265208) AND (k <= 7265308))

table 8 : explain SELECT k FROM sbtest8 WHERE k BETWEEN 7265208 AND 7265308
	Index Only Scan using k_8 on sbtest8  (cost=0.43..6.45 rows=101 width=4)
	  Index Cond: ((k >= 7265208) AND (k <= 7265308))

for range-covered
table 1 : explain SELECT k FROM sbtest1 WHERE k BETWEEN 5789816 AND 5789916
	Index Only Scan using k_1 on sbtest1  (cost=0.43..10.54 rows=105 width=4)
	  Index Cond: ((k >= 5789816) AND (k <= 5789916))

table 2 : explain SELECT k FROM sbtest2 WHERE k BETWEEN 5789816 AND 5789916
	Index Only Scan using k_2 on sbtest2  (cost=0.43..6.35 rows=96 width=4)
	  Index Cond: ((k >= 5789816) AND (k <= 5789916))

table 3 : explain SELECT k FROM sbtest3 WHERE k BETWEEN 5789816 AND 5789916
	Index Only Scan using k_3 on sbtest3  (cost=0.43..10.42 rows=99 width=4)
	  Index Cond: ((k >= 5789816) AND (k <= 5789916))

table 4 : explain SELECT k FROM sbtest4 WHERE k BETWEEN 5789816 AND 5789916
	Index Only Scan using k_4 on sbtest4  (cost=0.43..10.44 rows=100 width=4)
	  Index Cond: ((k >= 5789816) AND (k <= 5789916))

table 5 : explain SELECT k FROM sbtest5 WHERE k BETWEEN 5789816 AND 5789916
	Index Only Scan using k_5 on sbtest5  (cost=0.43..10.62 rows=109 width=4)
	  Index Cond: ((k >= 5789816) AND (k <= 5789916))

table 6 : explain SELECT k FROM sbtest6 WHERE k BETWEEN 5789816 AND 5789916
	Index Only Scan using k_6 on sbtest6  (cost=0.43..6.83 rows=120 width=4)
	  Index Cond: ((k >= 5789816) AND (k <= 5789916))

table 7 : explain SELECT k FROM sbtest7 WHERE k BETWEEN 5789816 AND 5789916
	Index Only Scan using k_7 on sbtest7  (cost=0.43..10.40 rows=98 width=4)
	  Index Cond: ((k >= 5789816) AND (k <= 5789916))

table 8 : explain SELECT k FROM sbtest8 WHERE k BETWEEN 5789816 AND 5789916
	Index Only Scan using k_8 on sbtest8  (cost=0.43..6.56 rows=106 width=4)
	  Index Cond: ((k >= 5789816) AND (k <= 5789916))

explain: for range-covered :: explain SELECT k FROM sbtest%d WHERE k BETWEEN 7265208 AND 7265308
explain: for range-covered :: explain SELECT k FROM sbtest%d WHERE k BETWEEN 5789816 AND 5789916
for range-covered
table 1 : explain SELECT k FROM sbtest1 WHERE k BETWEEN 3335779 AND 3335879
	Index Only Scan using k_1 on sbtest1  (cost=0.43..10.65 rows=111 width=4)
	  Index Cond: ((k >= 3335779) AND (k <= 3335879))

table 2 : explain SELECT k FROM sbtest2 WHERE k BETWEEN 3335779 AND 3335879
	Index Only Scan using k_2 on sbtest2  (cost=0.43..6.69 rows=113 width=4)
	  Index Cond: ((k >= 3335779) AND (k <= 3335879))

table 3 : explain SELECT k FROM sbtest3 WHERE k BETWEEN 3335779 AND 3335879
	Index Only Scan using k_3 on sbtest3  (cost=0.43..10.50 rows=103 width=4)
	  Index Cond: ((k >= 3335779) AND (k <= 3335879))

table 4 : explain SELECT k FROM sbtest4 WHERE k BETWEEN 3335779 AND 3335879
	Index Only Scan using k_4 on sbtest4  (cost=0.43..10.83 rows=120 width=4)
	  Index Cond: ((k >= 3335779) AND (k <= 3335879))

table 5 : explain SELECT k FROM sbtest5 WHERE k BETWEEN 3335779 AND 3335879
	Index Only Scan using k_5 on sbtest5  (cost=0.43..10.46 rows=101 width=4)
	  Index Cond: ((k >= 3335779) AND (k <= 3335879))

table 6 : explain SELECT k FROM sbtest6 WHERE k BETWEEN 3335779 AND 3335879
	Index Only Scan using k_6 on sbtest6  (cost=0.43..6.51 rows=104 width=4)
	  Index Cond: ((k >= 3335779) AND (k <= 3335879))

table 7 : explain SELECT k FROM sbtest7 WHERE k BETWEEN 3335779 AND 3335879
	Index Only Scan using k_7 on sbtest7  (cost=0.43..10.88 rows=122 width=4)
	  Index Cond: ((k >= 3335779) AND (k <= 3335879))

table 8 : explain SELECT k FROM sbtest8 WHERE k BETWEEN 3335779 AND 3335879
	Index Only Scan using k_8 on sbtest8  (cost=0.43..6.42 rows=99 width=4)
	  Index Cond: ((k >= 3335779) AND (k <= 3335879))

for range-covered
table 1 : explain SELECT k FROM sbtest1 WHERE k BETWEEN 4135517 AND 4135617
	Index Only Scan using k_1 on sbtest1  (cost=0.43..10.38 rows=97 width=4)
	  Index Cond: ((k >= 4135517) AND (k <= 4135617))

table 2 : explain SELECT k FROM sbtest2 WHERE k BETWEEN 4135517 AND 4135617
	Index Only Scan using k_2 on sbtest2  (cost=0.43..6.56 rows=106 width=4)
	  Index Cond: ((k >= 4135517) AND (k <= 4135617))

table 3 : explain SELECT k FROM sbtest3 WHERE k BETWEEN 4135517 AND 4135617
	Index Only Scan using k_3 on sbtest3  (cost=0.43..10.47 rows=102 width=4)
	  Index Cond: ((k >= 4135517) AND (k <= 4135617))

table 4 : explain SELECT k FROM sbtest4 WHERE k BETWEEN 4135517 AND 4135617
	Index Only Scan using k_4 on sbtest4  (cost=0.43..10.62 rows=109 width=4)
	  Index Cond: ((k >= 4135517) AND (k <= 4135617))

table 5 : explain SELECT k FROM sbtest5 WHERE k BETWEEN 4135517 AND 4135617
	Index Only Scan using k_5 on sbtest5  (cost=0.43..10.29 rows=93 width=4)
	  Index Cond: ((k >= 4135517) AND (k <= 4135617))

table 6 : explain SELECT k FROM sbtest6 WHERE k BETWEEN 4135517 AND 4135617
	Index Only Scan using k_6 on sbtest6  (cost=0.43..6.53 rows=105 width=4)
	  Index Cond: ((k >= 4135517) AND (k <= 4135617))

table 7 : explain SELECT k FROM sbtest7 WHERE k BETWEEN 4135517 AND 4135617
	Index Only Scan using k_7 on sbtest7  (cost=0.43..10.60 rows=108 width=4)
	  Index Cond: ((k >= 4135517) AND (k <= 4135617))

table 8 : explain SELECT k FROM sbtest8 WHERE k BETWEEN 4135517 AND 4135617
	Index Only Scan using k_8 on sbtest8  (cost=0.43..6.59 rows=108 width=4)
	  Index Cond: ((k >= 4135517) AND (k <= 4135617))

for range-covered
table 1 : explain SELECT k FROM sbtest1 WHERE k BETWEEN 7370629 AND 7370729
	Index Only Scan using k_1 on sbtest1  (cost=0.43..10.50 rows=103 width=4)
	  Index Cond: ((k >= 7370629) AND (k <= 7370729))

table 2 : explain SELECT k FROM sbtest2 WHERE k BETWEEN 7370629 AND 7370729
	Index Only Scan using k_2 on sbtest2  (cost=0.43..6.66 rows=111 width=4)
	  Index Cond: ((k >= 7370629) AND (k <= 7370729))

table 3 : explain SELECT k FROM sbtest3 WHERE k BETWEEN 7370629 AND 7370729
	Index Only Scan using k_3 on sbtest3  (cost=0.43..10.44 rows=100 width=4)
	  Index Cond: ((k >= 7370629) AND (k <= 7370729))

table 4 : explain SELECT k FROM sbtest4 WHERE k BETWEEN 7370629 AND 7370729
	Index Only Scan using k_4 on sbtest4  (cost=0.43..10.47 rows=102 width=4)
	  Index Cond: ((k >= 7370629) AND (k <= 7370729))

table 5 : explain SELECT k FROM sbtest5 WHERE k BETWEEN 7370629 AND 7370729
	Index Only Scan using k_5 on sbtest5  (cost=0.43..10.58 rows=107 width=4)
	  Index Cond: ((k >= 7370629) AND (k <= 7370729))

table 6 : explain SELECT k FROM sbtest6 WHERE k BETWEEN 7370629 AND 7370729
	Index Only Scan using k_6 on sbtest6  (cost=0.43..6.56 rows=106 width=4)
	  Index Cond: ((k >= 7370629) AND (k <= 7370729))

table 7 : explain SELECT k FROM sbtest7 WHERE k BETWEEN 7370629 AND 7370729
	Index Only Scan using k_7 on sbtest7  (cost=0.43..10.62 rows=109 width=4)
	  Index Cond: ((k >= 7370629) AND (k <= 7370729))

table 8 : explain SELECT k FROM sbtest8 WHERE k BETWEEN 7370629 AND 7370729
	Index Only Scan using k_8 on sbtest8  (cost=0.43..6.58 rows=107 width=4)
	  Index Cond: ((k >= 7370629) AND (k <= 7370729))

explain: for range-covered :: explain SELECT k FROM sbtest%d WHERE k BETWEEN 5662784 AND 5662884
explain: for range-covered :: explain SELECT k FROM sbtest%d WHERE k BETWEEN 3335779 AND 3335879
explain: for range-covered :: explain SELECT k FROM sbtest%d WHERE k BETWEEN 4135517 AND 4135617
explain: for range-covered :: explain SELECT k FROM sbtest%d WHERE k BETWEEN 7370629 AND 7370729
for range-covered
table 1 : explain SELECT k FROM sbtest1 WHERE k BETWEEN 7265208 AND 7265308
	Index Only Scan using k_1 on sbtest1  (cost=0.43..10.56 rows=106 width=4)
	  Index Cond: ((k >= 7265208) AND (k <= 7265308))

table 2 : explain SELECT k FROM sbtest2 WHERE k BETWEEN 7265208 AND 7265308
	Index Only Scan using k_2 on sbtest2  (cost=0.43..6.47 rows=102 width=4)
	  Index Cond: ((k >= 7265208) AND (k <= 7265308))

table 3 : explain SELECT k FROM sbtest3 WHERE k BETWEEN 7265208 AND 7265308
	Index Only Scan using k_3 on sbtest3  (cost=0.43..10.60 rows=108 width=4)
	  Index Cond: ((k >= 7265208) AND (k <= 7265308))

table 4 : explain SELECT k FROM sbtest4 WHERE k BETWEEN 7265208 AND 7265308
	Index Only Scan using k_4 on sbtest4  (cost=0.43..10.32 rows=94 width=4)
	  Index Cond: ((k >= 7265208) AND (k <= 7265308))

table 5 : explain SELECT k FROM sbtest5 WHERE k BETWEEN 7265208 AND 7265308
	Index Only Scan using k_5 on sbtest5  (cost=0.43..10.46 rows=101 width=4)
	  Index Cond: ((k >= 7265208) AND (k <= 7265308))

table 6 : explain SELECT k FROM sbtest6 WHERE k BETWEEN 7265208 AND 7265308
	Index Only Scan using k_6 on sbtest6  (cost=0.43..6.37 rows=97 width=4)
	  Index Cond: ((k >= 7265208) AND (k <= 7265308))

table 7 : explain SELECT k FROM sbtest7 WHERE k BETWEEN 7265208 AND 7265308
	Index Only Scan using k_7 on sbtest7  (cost=0.43..10.44 rows=100 width=4)
	  Index Cond: ((k >= 7265208) AND (k <= 7265308))

table 8 : explain SELECT k FROM sbtest8 WHERE k BETWEEN 7265208 AND 7265308
	Index Only Scan using k_8 on sbtest8  (cost=0.43..6.45 rows=101 width=4)
	  Index Cond: ((k >= 7265208) AND (k <= 7265308))

explain: for range-covered :: explain SELECT k FROM sbtest%d WHERE k BETWEEN 7265208 AND 7265308
for range-covered
table 1 : explain SELECT k FROM sbtest1 WHERE k BETWEEN 5706063 AND 5706163
	Index Only Scan using k_1 on sbtest1  (cost=0.43..10.47 rows=102 width=4)
	  Index Cond: ((k >= 5706063) AND (k <= 5706163))

table 2 : explain SELECT k FROM sbtest2 WHERE k BETWEEN 5706063 AND 5706163
	Index Only Scan using k_2 on sbtest2  (cost=0.43..6.35 rows=96 width=4)
	  Index Cond: ((k >= 5706063) AND (k <= 5706163))

table 3 : explain SELECT k FROM sbtest3 WHERE k BETWEEN 5706063 AND 5706163
	Index Only Scan using k_3 on sbtest3  (cost=0.43..10.50 rows=103 width=4)
	  Index Cond: ((k >= 5706063) AND (k <= 5706163))

table 4 : explain SELECT k FROM sbtest4 WHERE k BETWEEN 5706063 AND 5706163
	Index Only Scan using k_4 on sbtest4  (cost=0.43..10.36 rows=96 width=4)
	  Index Cond: ((k >= 5706063) AND (k <= 5706163))

table 5 : explain SELECT k FROM sbtest5 WHERE k BETWEEN 5706063 AND 5706163
	Index Only Scan using k_5 on sbtest5  (cost=0.43..10.33 rows=95 width=4)
	  Index Cond: ((k >= 5706063) AND (k <= 5706163))

table 6 : explain SELECT k FROM sbtest6 WHERE k BETWEEN 5706063 AND 5706163
	Index Only Scan using k_6 on sbtest6  (cost=0.43..6.58 rows=107 width=4)
	  Index Cond: ((k >= 5706063) AND (k <= 5706163))

table 7 : explain SELECT k FROM sbtest7 WHERE k BETWEEN 5706063 AND 5706163
	Index Only Scan using k_7 on sbtest7  (cost=0.43..10.44 rows=100 width=4)
	  Index Cond: ((k >= 5706063) AND (k <= 5706163))

table 8 : explain SELECT k FROM sbtest8 WHERE k BETWEEN 5706063 AND 5706163
	Index Only Scan using k_8 on sbtest8  (cost=0.43..6.50 rows=103 width=4)
	  Index Cond: ((k >= 5706063) AND (k <= 5706163))

explain: for range-covered :: explain SELECT k FROM sbtest%d WHERE k BETWEEN 1632641 AND 1632741
for range-covered
table 1 : explain SELECT k FROM sbtest1 WHERE k BETWEEN 3335779 AND 3335879
	Index Only Scan using k_1 on sbtest1  (cost=0.43..10.65 rows=111 width=4)
	  Index Cond: ((k >= 3335779) AND (k <= 3335879))

table 2 : explain SELECT k FROM sbtest2 WHERE k BETWEEN 3335779 AND 3335879
	Index Only Scan using k_2 on sbtest2  (cost=0.43..6.69 rows=113 width=4)
	  Index Cond: ((k >= 3335779) AND (k <= 3335879))

table 3 : explain SELECT k FROM sbtest3 WHERE k BETWEEN 3335779 AND 3335879
	Index Only Scan using k_3 on sbtest3  (cost=0.43..10.50 rows=103 width=4)
	  Index Cond: ((k >= 3335779) AND (k <= 3335879))

table 4 : explain SELECT k FROM sbtest4 WHERE k BETWEEN 3335779 AND 3335879
	Index Only Scan using k_4 on sbtest4  (cost=0.43..10.83 rows=120 width=4)
	  Index Cond: ((k >= 3335779) AND (k <= 3335879))

table 5 : explain SELECT k FROM sbtest5 WHERE k BETWEEN 3335779 AND 3335879
	Index Only Scan using k_5 on sbtest5  (cost=0.43..10.46 rows=101 width=4)
	  Index Cond: ((k >= 3335779) AND (k <= 3335879))

table 6 : explain SELECT k FROM sbtest6 WHERE k BETWEEN 3335779 AND 3335879
	Index Only Scan using k_6 on sbtest6  (cost=0.43..6.51 rows=104 width=4)
	  Index Cond: ((k >= 3335779) AND (k <= 3335879))

table 7 : explain SELECT k FROM sbtest7 WHERE k BETWEEN 3335779 AND 3335879
	Index Only Scan using k_7 on sbtest7  (cost=0.43..10.88 rows=122 width=4)
	  Index Cond: ((k >= 3335779) AND (k <= 3335879))

table 8 : explain SELECT k FROM sbtest8 WHERE k BETWEEN 3335779 AND 3335879
	Index Only Scan using k_8 on sbtest8  (cost=0.43..6.42 rows=99 width=4)
	  Index Cond: ((k >= 3335779) AND (k <= 3335879))

for range-covered
table 1 : explain SELECT k FROM sbtest1 WHERE k BETWEEN 7370629 AND 7370729
	Index Only Scan using k_1 on sbtest1  (cost=0.43..10.50 rows=103 width=4)
	  Index Cond: ((k >= 7370629) AND (k <= 7370729))

table 2 : explain SELECT k FROM sbtest2 WHERE k BETWEEN 7370629 AND 7370729
	Index Only Scan using k_2 on sbtest2  (cost=0.43..6.66 rows=111 width=4)
	  Index Cond: ((k >= 7370629) AND (k <= 7370729))

table 3 : explain SELECT k FROM sbtest3 WHERE k BETWEEN 7370629 AND 7370729
	Index Only Scan using k_3 on sbtest3  (cost=0.43..10.44 rows=100 width=4)
	  Index Cond: ((k >= 7370629) AND (k <= 7370729))

table 4 : explain SELECT k FROM sbtest4 WHERE k BETWEEN 7370629 AND 7370729
	Index Only Scan using k_4 on sbtest4  (cost=0.43..10.47 rows=102 width=4)
	  Index Cond: ((k >= 7370629) AND (k <= 7370729))

table 5 : explain SELECT k FROM sbtest5 WHERE k BETWEEN 7370629 AND 7370729
	Index Only Scan using k_5 on sbtest5  (cost=0.43..10.58 rows=107 width=4)
	  Index Cond: ((k >= 7370629) AND (k <= 7370729))

table 6 : explain SELECT k FROM sbtest6 WHERE k BETWEEN 7370629 AND 7370729
	Index Only Scan using k_6 on sbtest6  (cost=0.43..6.56 rows=106 width=4)
	  Index Cond: ((k >= 7370629) AND (k <= 7370729))

table 7 : explain SELECT k FROM sbtest7 WHERE k BETWEEN 7370629 AND 7370729
	Index Only Scan using k_7 on sbtest7  (cost=0.43..10.62 rows=109 width=4)
	  Index Cond: ((k >= 7370629) AND (k <= 7370729))

table 8 : explain SELECT k FROM sbtest8 WHERE k BETWEEN 7370629 AND 7370729
	Index Only Scan using k_8 on sbtest8  (cost=0.43..6.58 rows=107 width=4)
	  Index Cond: ((k >= 7370629) AND (k <= 7370729))

for range-covered
table 1 : explain SELECT k FROM sbtest1 WHERE k BETWEEN 4135517 AND 4135617
	Index Only Scan using k_1 on sbtest1  (cost=0.43..10.38 rows=97 width=4)
	  Index Cond: ((k >= 4135517) AND (k <= 4135617))

table 2 : explain SELECT k FROM sbtest2 WHERE k BETWEEN 4135517 AND 4135617
	Index Only Scan using k_2 on sbtest2  (cost=0.43..6.56 rows=106 width=4)
	  Index Cond: ((k >= 4135517) AND (k <= 4135617))

table 3 : explain SELECT k FROM sbtest3 WHERE k BETWEEN 4135517 AND 4135617
	Index Only Scan using k_3 on sbtest3  (cost=0.43..10.47 rows=102 width=4)
	  Index Cond: ((k >= 4135517) AND (k <= 4135617))

table 4 : explain SELECT k FROM sbtest4 WHERE k BETWEEN 4135517 AND 4135617
	Index Only Scan using k_4 on sbtest4  (cost=0.43..10.62 rows=109 width=4)
	  Index Cond: ((k >= 4135517) AND (k <= 4135617))

table 5 : explain SELECT k FROM sbtest5 WHERE k BETWEEN 4135517 AND 4135617
	Index Only Scan using k_5 on sbtest5  (cost=0.43..10.29 rows=93 width=4)
	  Index Cond: ((k >= 4135517) AND (k <= 4135617))

table 6 : explain SELECT k FROM sbtest6 WHERE k BETWEEN 4135517 AND 4135617
	Index Only Scan using k_6 on sbtest6  (cost=0.43..6.53 rows=105 width=4)
	  Index Cond: ((k >= 4135517) AND (k <= 4135617))

table 7 : explain SELECT k FROM sbtest7 WHERE k BETWEEN 4135517 AND 4135617
	Index Only Scan using k_7 on sbtest7  (cost=0.43..10.60 rows=108 width=4)
	  Index Cond: ((k >= 4135517) AND (k <= 4135617))

table 8 : explain SELECT k FROM sbtest8 WHERE k BETWEEN 4135517 AND 4135617
	Index Only Scan using k_8 on sbtest8  (cost=0.43..6.59 rows=108 width=4)
	  Index Cond: ((k >= 4135517) AND (k <= 4135617))

explain: for range-covered :: explain SELECT k FROM sbtest%d WHERE k BETWEEN 5706063 AND 5706163
explain: for range-covered :: explain SELECT k FROM sbtest%d WHERE k BETWEEN 3335779 AND 3335879
explain: for range-covered :: explain SELECT k FROM sbtest%d WHERE k BETWEEN 7370629 AND 7370729
explain: for range-covered :: explain SELECT k FROM sbtest%d WHERE k BETWEEN 4135517 AND 4135617
for range-covered
table 1 : explain SELECT k FROM sbtest1 WHERE k BETWEEN 7265208 AND 7265308
	Index Only Scan using k_1 on sbtest1  (cost=0.43..10.56 rows=106 width=4)
	  Index Cond: ((k >= 7265208) AND (k <= 7265308))

table 2 : explain SELECT k FROM sbtest2 WHERE k BETWEEN 7265208 AND 7265308
	Index Only Scan using k_2 on sbtest2  (cost=0.43..6.47 rows=102 width=4)
	  Index Cond: ((k >= 7265208) AND (k <= 7265308))

table 3 : explain SELECT k FROM sbtest3 WHERE k BETWEEN 7265208 AND 7265308
	Index Only Scan using k_3 on sbtest3  (cost=0.43..10.60 rows=108 width=4)
	  Index Cond: ((k >= 7265208) AND (k <= 7265308))

table 4 : explain SELECT k FROM sbtest4 WHERE k BETWEEN 7265208 AND 7265308
	Index Only Scan using k_4 on sbtest4  (cost=0.43..10.32 rows=94 width=4)
	  Index Cond: ((k >= 7265208) AND (k <= 7265308))

table 5 : explain SELECT k FROM sbtest5 WHERE k BETWEEN 7265208 AND 7265308
	Index Only Scan using k_5 on sbtest5  (cost=0.43..10.46 rows=101 width=4)
	  Index Cond: ((k >= 7265208) AND (k <= 7265308))

table 6 : explain SELECT k FROM sbtest6 WHERE k BETWEEN 7265208 AND 7265308
	Index Only Scan using k_6 on sbtest6  (cost=0.43..6.37 rows=97 width=4)
	  Index Cond: ((k >= 7265208) AND (k <= 7265308))

table 7 : explain SELECT k FROM sbtest7 WHERE k BETWEEN 7265208 AND 7265308
	Index Only Scan using k_7 on sbtest7  (cost=0.43..10.44 rows=100 width=4)
	  Index Cond: ((k >= 7265208) AND (k <= 7265308))

table 8 : explain SELECT k FROM sbtest8 WHERE k BETWEEN 7265208 AND 7265308
	Index Only Scan using k_8 on sbtest8  (cost=0.43..6.45 rows=101 width=4)
	  Index Cond: ((k >= 7265208) AND (k <= 7265308))

for range-covered
table 1 : explain SELECT k FROM sbtest1 WHERE k BETWEEN 5428925 AND 5429025
	Index Only Scan using k_1 on sbtest1  (cost=0.43..10.50 rows=103 width=4)
	  Index Cond: ((k >= 5428925) AND (k <= 5429025))

table 2 : explain SELECT k FROM sbtest2 WHERE k BETWEEN 5428925 AND 5429025
	Index Only Scan using k_2 on sbtest2  (cost=0.43..6.40 rows=98 width=4)
	  Index Cond: ((k >= 5428925) AND (k <= 5429025))

table 3 : explain SELECT k FROM sbtest3 WHERE k BETWEEN 5428925 AND 5429025
	Index Only Scan using k_3 on sbtest3  (cost=0.43..10.42 rows=99 width=4)
	  Index Cond: ((k >= 5428925) AND (k <= 5429025))

table 4 : explain SELECT k FROM sbtest4 WHERE k BETWEEN 5428925 AND 5429025
	Index Only Scan using k_4 on sbtest4  (cost=0.43..10.29 rows=93 width=4)
	  Index Cond: ((k >= 5428925) AND (k <= 5429025))

table 5 : explain SELECT k FROM sbtest5 WHERE k BETWEEN 5428925 AND 5429025
	Index Only Scan using k_5 on sbtest5  (cost=0.43..10.28 rows=92 width=4)
	  Index Cond: ((k >= 5428925) AND (k <= 5429025))

table 6 : explain SELECT k FROM sbtest6 WHERE k BETWEEN 5428925 AND 5429025
	Index Only Scan using k_6 on sbtest6  (cost=0.43..6.58 rows=107 width=4)
	  Index Cond: ((k >= 5428925) AND (k <= 5429025))

table 7 : explain SELECT k FROM sbtest7 WHERE k BETWEEN 5428925 AND 5429025
	Index Only Scan using k_7 on sbtest7  (cost=0.43..10.56 rows=106 width=4)
	  Index Cond: ((k >= 5428925) AND (k <= 5429025))

table 8 : explain SELECT k FROM sbtest8 WHERE k BETWEEN 5428925 AND 5429025
	Index Only Scan using k_8 on sbtest8  (cost=0.43..6.35 rows=96 width=4)
	  Index Cond: ((k >= 5428925) AND (k <= 5429025))

explain: for range-covered :: explain SELECT k FROM sbtest%d WHERE k BETWEEN 7265208 AND 7265308
explain: for range-covered :: explain SELECT k FROM sbtest%d WHERE k BETWEEN 5428925 AND 5429025
for range-covered
table 1 : explain SELECT k FROM sbtest1 WHERE k BETWEEN 5789816 AND 5789916
	Index Only Scan using k_1 on sbtest1  (cost=0.43..10.54 rows=105 width=4)
	  Index Cond: ((k >= 5789816) AND (k <= 5789916))

table 2 : explain SELECT k FROM sbtest2 WHERE k BETWEEN 5789816 AND 5789916
	Index Only Scan using k_2 on sbtest2  (cost=0.43..6.35 rows=96 width=4)
	  Index Cond: ((k >= 5789816) AND (k <= 5789916))

table 3 : explain SELECT k FROM sbtest3 WHERE k BETWEEN 5789816 AND 5789916
	Index Only Scan using k_3 on sbtest3  (cost=0.43..10.42 rows=99 width=4)
	  Index Cond: ((k >= 5789816) AND (k <= 5789916))

table 4 : explain SELECT k FROM sbtest4 WHERE k BETWEEN 5789816 AND 5789916
	Index Only Scan using k_4 on sbtest4  (cost=0.43..10.44 rows=100 width=4)
	  Index Cond: ((k >= 5789816) AND (k <= 5789916))

table 5 : explain SELECT k FROM sbtest5 WHERE k BETWEEN 5789816 AND 5789916
	Index Only Scan using k_5 on sbtest5  (cost=0.43..10.62 rows=109 width=4)
	  Index Cond: ((k >= 5789816) AND (k <= 5789916))

table 6 : explain SELECT k FROM sbtest6 WHERE k BETWEEN 5789816 AND 5789916
	Index Only Scan using k_6 on sbtest6  (cost=0.43..6.83 rows=120 width=4)
	  Index Cond: ((k >= 5789816) AND (k <= 5789916))

table 7 : explain SELECT k FROM sbtest7 WHERE k BETWEEN 5789816 AND 5789916
	Index Only Scan using k_7 on sbtest7  (cost=0.43..10.40 rows=98 width=4)
	  Index Cond: ((k >= 5789816) AND (k <= 5789916))

table 8 : explain SELECT k FROM sbtest8 WHERE k BETWEEN 5789816 AND 5789916
	Index Only Scan using k_8 on sbtest8  (cost=0.43..6.56 rows=106 width=4)
	  Index Cond: ((k >= 5789816) AND (k <= 5789916))

explain: for range-covered :: explain SELECT k FROM sbtest%d WHERE k BETWEEN 5789816 AND 5789916
for range-covered
table 1 : explain SELECT k FROM sbtest1 WHERE k BETWEEN 4135517 AND 4135617
	Index Only Scan using k_1 on sbtest1  (cost=0.43..10.38 rows=97 width=4)
	  Index Cond: ((k >= 4135517) AND (k <= 4135617))

table 2 : explain SELECT k FROM sbtest2 WHERE k BETWEEN 4135517 AND 4135617
	Index Only Scan using k_2 on sbtest2  (cost=0.43..6.56 rows=106 width=4)
	  Index Cond: ((k >= 4135517) AND (k <= 4135617))

table 3 : explain SELECT k FROM sbtest3 WHERE k BETWEEN 4135517 AND 4135617
	Index Only Scan using k_3 on sbtest3  (cost=0.43..10.47 rows=102 width=4)
	  Index Cond: ((k >= 4135517) AND (k <= 4135617))

table 4 : explain SELECT k FROM sbtest4 WHERE k BETWEEN 4135517 AND 4135617
	Index Only Scan using k_4 on sbtest4  (cost=0.43..10.62 rows=109 width=4)
	  Index Cond: ((k >= 4135517) AND (k <= 4135617))

table 5 : explain SELECT k FROM sbtest5 WHERE k BETWEEN 4135517 AND 4135617
	Index Only Scan using k_5 on sbtest5  (cost=0.43..10.29 rows=93 width=4)
	  Index Cond: ((k >= 4135517) AND (k <= 4135617))

table 6 : explain SELECT k FROM sbtest6 WHERE k BETWEEN 4135517 AND 4135617
	Index Only Scan using k_6 on sbtest6  (cost=0.43..6.53 rows=105 width=4)
	  Index Cond: ((k >= 4135517) AND (k <= 4135617))

table 7 : explain SELECT k FROM sbtest7 WHERE k BETWEEN 4135517 AND 4135617
	Index Only Scan using k_7 on sbtest7  (cost=0.43..10.60 rows=108 width=4)
	  Index Cond: ((k >= 4135517) AND (k <= 4135617))

table 8 : explain SELECT k FROM sbtest8 WHERE k BETWEEN 4135517 AND 4135617
	Index Only Scan using k_8 on sbtest8  (cost=0.43..6.59 rows=108 width=4)
	  Index Cond: ((k >= 4135517) AND (k <= 4135617))

for range-covered
table 1 : explain SELECT k FROM sbtest1 WHERE k BETWEEN 3335779 AND 3335879
	Index Only Scan using k_1 on sbtest1  (cost=0.43..10.65 rows=111 width=4)
	  Index Cond: ((k >= 3335779) AND (k <= 3335879))

table 2 : explain SELECT k FROM sbtest2 WHERE k BETWEEN 3335779 AND 3335879
	Index Only Scan using k_2 on sbtest2  (cost=0.43..6.69 rows=113 width=4)
	  Index Cond: ((k >= 3335779) AND (k <= 3335879))

table 3 : explain SELECT k FROM sbtest3 WHERE k BETWEEN 3335779 AND 3335879
	Index Only Scan using k_3 on sbtest3  (cost=0.43..10.50 rows=103 width=4)
	  Index Cond: ((k >= 3335779) AND (k <= 3335879))

table 4 : explain SELECT k FROM sbtest4 WHERE k BETWEEN 3335779 AND 3335879
	Index Only Scan using k_4 on sbtest4  (cost=0.43..10.83 rows=120 width=4)
	  Index Cond: ((k >= 3335779) AND (k <= 3335879))

table 5 : explain SELECT k FROM sbtest5 WHERE k BETWEEN 3335779 AND 3335879
	Index Only Scan using k_5 on sbtest5  (cost=0.43..10.46 rows=101 width=4)
	  Index Cond: ((k >= 3335779) AND (k <= 3335879))

table 6 : explain SELECT k FROM sbtest6 WHERE k BETWEEN 3335779 AND 3335879
	Index Only Scan using k_6 on sbtest6  (cost=0.43..6.51 rows=104 width=4)
	  Index Cond: ((k >= 3335779) AND (k <= 3335879))

table 7 : explain SELECT k FROM sbtest7 WHERE k BETWEEN 3335779 AND 3335879
	Index Only Scan using k_7 on sbtest7  (cost=0.43..10.88 rows=122 width=4)
	  Index Cond: ((k >= 3335779) AND (k <= 3335879))

table 8 : explain SELECT k FROM sbtest8 WHERE k BETWEEN 3335779 AND 3335879
	Index Only Scan using k_8 on sbtest8  (cost=0.43..6.42 rows=99 width=4)
	  Index Cond: ((k >= 3335779) AND (k <= 3335879))

for range-covered
table 1 : explain SELECT k FROM sbtest1 WHERE k BETWEEN 7370629 AND 7370729
	Index Only Scan using k_1 on sbtest1  (cost=0.43..10.50 rows=103 width=4)
	  Index Cond: ((k >= 7370629) AND (k <= 7370729))

table 2 : explain SELECT k FROM sbtest2 WHERE k BETWEEN 7370629 AND 7370729
	Index Only Scan using k_2 on sbtest2  (cost=0.43..6.66 rows=111 width=4)
	  Index Cond: ((k >= 7370629) AND (k <= 7370729))

table 3 : explain SELECT k FROM sbtest3 WHERE k BETWEEN 7370629 AND 7370729
	Index Only Scan using k_3 on sbtest3  (cost=0.43..10.44 rows=100 width=4)
	  Index Cond: ((k >= 7370629) AND (k <= 7370729))

table 4 : explain SELECT k FROM sbtest4 WHERE k BETWEEN 7370629 AND 7370729
	Index Only Scan using k_4 on sbtest4  (cost=0.43..10.47 rows=102 width=4)
	  Index Cond: ((k >= 7370629) AND (k <= 7370729))

table 5 : explain SELECT k FROM sbtest5 WHERE k BETWEEN 7370629 AND 7370729
	Index Only Scan using k_5 on sbtest5  (cost=0.43..10.58 rows=107 width=4)
	  Index Cond: ((k >= 7370629) AND (k <= 7370729))

table 6 : explain SELECT k FROM sbtest6 WHERE k BETWEEN 7370629 AND 7370729
	Index Only Scan using k_6 on sbtest6  (cost=0.43..6.56 rows=106 width=4)
	  Index Cond: ((k >= 7370629) AND (k <= 7370729))

table 7 : explain SELECT k FROM sbtest7 WHERE k BETWEEN 7370629 AND 7370729
	Index Only Scan using k_7 on sbtest7  (cost=0.43..10.62 rows=109 width=4)
	  Index Cond: ((k >= 7370629) AND (k <= 7370729))

table 8 : explain SELECT k FROM sbtest8 WHERE k BETWEEN 7370629 AND 7370729
	Index Only Scan using k_8 on sbtest8  (cost=0.43..6.58 rows=107 width=4)
	  Index Cond: ((k >= 7370629) AND (k <= 7370729))

explain: for range-covered :: explain SELECT k FROM sbtest%d WHERE k BETWEEN 4135517 AND 4135617
explain: for range-covered :: explain SELECT k FROM sbtest%d WHERE k BETWEEN 3335779 AND 3335879
for range-covered
table 1 : explain SELECT k FROM sbtest1 WHERE k BETWEEN 7265208 AND 7265308
	Index Only Scan using k_1 on sbtest1  (cost=0.43..10.56 rows=106 width=4)
	  Index Cond: ((k >= 7265208) AND (k <= 7265308))

table 2 : explain SELECT k FROM sbtest2 WHERE k BETWEEN 7265208 AND 7265308
	Index Only Scan using k_2 on sbtest2  (cost=0.43..6.47 rows=102 width=4)
	  Index Cond: ((k >= 7265208) AND (k <= 7265308))

table 3 : explain SELECT k FROM sbtest3 WHERE k BETWEEN 7265208 AND 7265308
	Index Only Scan using k_3 on sbtest3  (cost=0.43..10.60 rows=108 width=4)
	  Index Cond: ((k >= 7265208) AND (k <= 7265308))

table 4 : explain SELECT k FROM sbtest4 WHERE k BETWEEN 7265208 AND 7265308
	Index Only Scan using k_4 on sbtest4  (cost=0.43..10.32 rows=94 width=4)
	  Index Cond: ((k >= 7265208) AND (k <= 7265308))

table 5 : explain SELECT k FROM sbtest5 WHERE k BETWEEN 7265208 AND 7265308
	Index Only Scan using k_5 on sbtest5  (cost=0.43..10.46 rows=101 width=4)
	  Index Cond: ((k >= 7265208) AND (k <= 7265308))

table 6 : explain SELECT k FROM sbtest6 WHERE k BETWEEN 7265208 AND 7265308
	Index Only Scan using k_6 on sbtest6  (cost=0.43..6.37 rows=97 width=4)
	  Index Cond: ((k >= 7265208) AND (k <= 7265308))

table 7 : explain SELECT k FROM sbtest7 WHERE k BETWEEN 7265208 AND 7265308
	Index Only Scan using k_7 on sbtest7  (cost=0.43..10.44 rows=100 width=4)
	  Index Cond: ((k >= 7265208) AND (k <= 7265308))

table 8 : explain SELECT k FROM sbtest8 WHERE k BETWEEN 7265208 AND 7265308
	Index Only Scan using k_8 on sbtest8  (cost=0.43..6.45 rows=101 width=4)
	  Index Cond: ((k >= 7265208) AND (k <= 7265308))

explain: for range-covered :: explain SELECT k FROM sbtest%d WHERE k BETWEEN 7265208 AND 7265308
for range-covered
table 1 : explain SELECT k FROM sbtest1 WHERE k BETWEEN 5428925 AND 5429025
	Index Only Scan using k_1 on sbtest1  (cost=0.43..10.50 rows=103 width=4)
	  Index Cond: ((k >= 5428925) AND (k <= 5429025))

table 2 : explain SELECT k FROM sbtest2 WHERE k BETWEEN 5428925 AND 5429025
	Index Only Scan using k_2 on sbtest2  (cost=0.43..6.40 rows=98 width=4)
	  Index Cond: ((k >= 5428925) AND (k <= 5429025))

table 3 : explain SELECT k FROM sbtest3 WHERE k BETWEEN 5428925 AND 5429025
	Index Only Scan using k_3 on sbtest3  (cost=0.43..10.42 rows=99 width=4)
	  Index Cond: ((k >= 5428925) AND (k <= 5429025))

table 4 : explain SELECT k FROM sbtest4 WHERE k BETWEEN 5428925 AND 5429025
	Index Only Scan using k_4 on sbtest4  (cost=0.43..10.29 rows=93 width=4)
	  Index Cond: ((k >= 5428925) AND (k <= 5429025))

table 5 : explain SELECT k FROM sbtest5 WHERE k BETWEEN 5428925 AND 5429025
	Index Only Scan using k_5 on sbtest5  (cost=0.43..10.28 rows=92 width=4)
	  Index Cond: ((k >= 5428925) AND (k <= 5429025))

table 6 : explain SELECT k FROM sbtest6 WHERE k BETWEEN 5428925 AND 5429025
	Index Only Scan using k_6 on sbtest6  (cost=0.43..6.58 rows=107 width=4)
	  Index Cond: ((k >= 5428925) AND (k <= 5429025))

table 7 : explain SELECT k FROM sbtest7 WHERE k BETWEEN 5428925 AND 5429025
	Index Only Scan using k_7 on sbtest7  (cost=0.43..10.56 rows=106 width=4)
	  Index Cond: ((k >= 5428925) AND (k <= 5429025))

table 8 : explain SELECT k FROM sbtest8 WHERE k BETWEEN 5428925 AND 5429025
	Index Only Scan using k_8 on sbtest8  (cost=0.43..6.35 rows=96 width=4)
	  Index Cond: ((k >= 5428925) AND (k <= 5429025))

explain: for range-covered :: explain SELECT k FROM sbtest%d WHERE k BETWEEN 5428925 AND 5429025
for range-covered
table 1 : explain SELECT k FROM sbtest1 WHERE k BETWEEN 5706063 AND 5706163
	Index Only Scan using k_1 on sbtest1  (cost=0.43..10.47 rows=102 width=4)
	  Index Cond: ((k >= 5706063) AND (k <= 5706163))

table 2 : explain SELECT k FROM sbtest2 WHERE k BETWEEN 5706063 AND 5706163
	Index Only Scan using k_2 on sbtest2  (cost=0.43..6.35 rows=96 width=4)
	  Index Cond: ((k >= 5706063) AND (k <= 5706163))

table 3 : explain SELECT k FROM sbtest3 WHERE k BETWEEN 5706063 AND 5706163
	Index Only Scan using k_3 on sbtest3  (cost=0.43..10.50 rows=103 width=4)
	  Index Cond: ((k >= 5706063) AND (k <= 5706163))

table 4 : explain SELECT k FROM sbtest4 WHERE k BETWEEN 5706063 AND 5706163
	Index Only Scan using k_4 on sbtest4  (cost=0.43..10.36 rows=96 width=4)
	  Index Cond: ((k >= 5706063) AND (k <= 5706163))

table 5 : explain SELECT k FROM sbtest5 WHERE k BETWEEN 5706063 AND 5706163
	Index Only Scan using k_5 on sbtest5  (cost=0.43..10.33 rows=95 width=4)
	  Index Cond: ((k >= 5706063) AND (k <= 5706163))

table 6 : explain SELECT k FROM sbtest6 WHERE k BETWEEN 5706063 AND 5706163
	Index Only Scan using k_6 on sbtest6  (cost=0.43..6.58 rows=107 width=4)
	  Index Cond: ((k >= 5706063) AND (k <= 5706163))

table 7 : explain SELECT k FROM sbtest7 WHERE k BETWEEN 5706063 AND 5706163
	Index Only Scan using k_7 on sbtest7  (cost=0.43..10.44 rows=100 width=4)
	  Index Cond: ((k >= 5706063) AND (k <= 5706163))

table 8 : explain SELECT k FROM sbtest8 WHERE k BETWEEN 5706063 AND 5706163
	Index Only Scan using k_8 on sbtest8  (cost=0.43..6.50 rows=103 width=4)
	  Index Cond: ((k >= 5706063) AND (k <= 5706163))

for range-covered
table 1 : explain SELECT k FROM sbtest1 WHERE k BETWEEN 4135517 AND 4135617
	Index Only Scan using k_1 on sbtest1  (cost=0.43..10.38 rows=97 width=4)
	  Index Cond: ((k >= 4135517) AND (k <= 4135617))

table 2 : explain SELECT k FROM sbtest2 WHERE k BETWEEN 4135517 AND 4135617
	Index Only Scan using k_2 on sbtest2  (cost=0.43..6.56 rows=106 width=4)
	  Index Cond: ((k >= 4135517) AND (k <= 4135617))

table 3 : explain SELECT k FROM sbtest3 WHERE k BETWEEN 4135517 AND 4135617
	Index Only Scan using k_3 on sbtest3  (cost=0.43..10.47 rows=102 width=4)
	  Index Cond: ((k >= 4135517) AND (k <= 4135617))

table 4 : explain SELECT k FROM sbtest4 WHERE k BETWEEN 4135517 AND 4135617
	Index Only Scan using k_4 on sbtest4  (cost=0.43..10.62 rows=109 width=4)
	  Index Cond: ((k >= 4135517) AND (k <= 4135617))

table 5 : explain SELECT k FROM sbtest5 WHERE k BETWEEN 4135517 AND 4135617
	Index Only Scan using k_5 on sbtest5  (cost=0.43..10.29 rows=93 width=4)
	  Index Cond: ((k >= 4135517) AND (k <= 4135617))

table 6 : explain SELECT k FROM sbtest6 WHERE k BETWEEN 4135517 AND 4135617
	Index Only Scan using k_6 on sbtest6  (cost=0.43..6.53 rows=105 width=4)
	  Index Cond: ((k >= 4135517) AND (k <= 4135617))

table 7 : explain SELECT k FROM sbtest7 WHERE k BETWEEN 4135517 AND 4135617
	Index Only Scan using k_7 on sbtest7  (cost=0.43..10.60 rows=108 width=4)
	  Index Cond: ((k >= 4135517) AND (k <= 4135617))

table 8 : explain SELECT k FROM sbtest8 WHERE k BETWEEN 4135517 AND 4135617
	Index Only Scan using k_8 on sbtest8  (cost=0.43..6.59 rows=108 width=4)
	  Index Cond: ((k >= 4135517) AND (k <= 4135617))

explain: for range-covered :: explain SELECT k FROM sbtest%d WHERE k BETWEEN 4135517 AND 4135617
for range-covered
table 1 : explain SELECT k FROM sbtest1 WHERE k BETWEEN 3335779 AND 3335879
	Index Only Scan using k_1 on sbtest1  (cost=0.43..10.65 rows=111 width=4)
	  Index Cond: ((k >= 3335779) AND (k <= 3335879))

table 2 : explain SELECT k FROM sbtest2 WHERE k BETWEEN 3335779 AND 3335879
	Index Only Scan using k_2 on sbtest2  (cost=0.43..6.69 rows=113 width=4)
	  Index Cond: ((k >= 3335779) AND (k <= 3335879))

table 3 : explain SELECT k FROM sbtest3 WHERE k BETWEEN 3335779 AND 3335879
	Index Only Scan using k_3 on sbtest3  (cost=0.43..10.50 rows=103 width=4)
	  Index Cond: ((k >= 3335779) AND (k <= 3335879))

table 4 : explain SELECT k FROM sbtest4 WHERE k BETWEEN 3335779 AND 3335879
	Index Only Scan using k_4 on sbtest4  (cost=0.43..10.83 rows=120 width=4)
	  Index Cond: ((k >= 3335779) AND (k <= 3335879))

table 5 : explain SELECT k FROM sbtest5 WHERE k BETWEEN 3335779 AND 3335879
	Index Only Scan using k_5 on sbtest5  (cost=0.43..10.46 rows=101 width=4)
	  Index Cond: ((k >= 3335779) AND (k <= 3335879))

table 6 : explain SELECT k FROM sbtest6 WHERE k BETWEEN 3335779 AND 3335879
	Index Only Scan using k_6 on sbtest6  (cost=0.43..6.51 rows=104 width=4)
	  Index Cond: ((k >= 3335779) AND (k <= 3335879))

table 7 : explain SELECT k FROM sbtest7 WHERE k BETWEEN 3335779 AND 3335879
	Index Only Scan using k_7 on sbtest7  (cost=0.43..10.88 rows=122 width=4)
	  Index Cond: ((k >= 3335779) AND (k <= 3335879))

table 8 : explain SELECT k FROM sbtest8 WHERE k BETWEEN 3335779 AND 3335879
	Index Only Scan using k_8 on sbtest8  (cost=0.43..6.42 rows=99 width=4)
	  Index Cond: ((k >= 3335779) AND (k <= 3335879))

for range-covered
table 1 : explain SELECT k FROM sbtest1 WHERE k BETWEEN 7265208 AND 7265308
	Index Only Scan using k_1 on sbtest1  (cost=0.43..10.56 rows=106 width=4)
	  Index Cond: ((k >= 7265208) AND (k <= 7265308))

table 2 : explain SELECT k FROM sbtest2 WHERE k BETWEEN 7265208 AND 7265308
	Index Only Scan using k_2 on sbtest2  (cost=0.43..6.47 rows=102 width=4)
	  Index Cond: ((k >= 7265208) AND (k <= 7265308))

table 3 : explain SELECT k FROM sbtest3 WHERE k BETWEEN 7265208 AND 7265308
	Index Only Scan using k_3 on sbtest3  (cost=0.43..10.60 rows=108 width=4)
	  Index Cond: ((k >= 7265208) AND (k <= 7265308))

table 4 : explain SELECT k FROM sbtest4 WHERE k BETWEEN 7265208 AND 7265308
	Index Only Scan using k_4 on sbtest4  (cost=0.43..10.32 rows=94 width=4)
	  Index Cond: ((k >= 7265208) AND (k <= 7265308))

table 5 : explain SELECT k FROM sbtest5 WHERE k BETWEEN 7265208 AND 7265308
	Index Only Scan using k_5 on sbtest5  (cost=0.43..10.46 rows=101 width=4)
	  Index Cond: ((k >= 7265208) AND (k <= 7265308))

table 6 : explain SELECT k FROM sbtest6 WHERE k BETWEEN 7265208 AND 7265308
	Index Only Scan using k_6 on sbtest6  (cost=0.43..6.37 rows=97 width=4)
	  Index Cond: ((k >= 7265208) AND (k <= 7265308))

table 7 : explain SELECT k FROM sbtest7 WHERE k BETWEEN 7265208 AND 7265308
	Index Only Scan using k_7 on sbtest7  (cost=0.43..10.44 rows=100 width=4)
	  Index Cond: ((k >= 7265208) AND (k <= 7265308))

table 8 : explain SELECT k FROM sbtest8 WHERE k BETWEEN 7265208 AND 7265308
	Index Only Scan using k_8 on sbtest8  (cost=0.43..6.45 rows=101 width=4)
	  Index Cond: ((k >= 7265208) AND (k <= 7265308))

explain: for range-covered :: explain SELECT k FROM sbtest%d WHERE k BETWEEN 5706063 AND 5706163
explain: for range-covered :: explain SELECT k FROM sbtest%d WHERE k BETWEEN 3335779 AND 3335879
for range-covered
table 1 : explain SELECT k FROM sbtest1 WHERE k BETWEEN 5662784 AND 5662884
	Index Only Scan using k_1 on sbtest1  (cost=0.43..10.44 rows=100 width=4)
	  Index Cond: ((k >= 5662784) AND (k <= 5662884))

table 2 : explain SELECT k FROM sbtest2 WHERE k BETWEEN 5662784 AND 5662884
	Index Only Scan using k_2 on sbtest2  (cost=0.43..6.43 rows=100 width=4)
	  Index Cond: ((k >= 5662784) AND (k <= 5662884))

table 3 : explain SELECT k FROM sbtest3 WHERE k BETWEEN 5662784 AND 5662884
	Index Only Scan using k_3 on sbtest3  (cost=0.43..10.50 rows=103 width=4)
	  Index Cond: ((k >= 5662784) AND (k <= 5662884))

table 4 : explain SELECT k FROM sbtest4 WHERE k BETWEEN 5662784 AND 5662884
	Index Only Scan using k_4 on sbtest4  (cost=0.43..10.36 rows=96 width=4)
	  Index Cond: ((k >= 5662784) AND (k <= 5662884))

table 5 : explain SELECT k FROM sbtest5 WHERE k BETWEEN 5662784 AND 5662884
	Index Only Scan using k_5 on sbtest5  (cost=0.43..10.33 rows=95 width=4)
	  Index Cond: ((k >= 5662784) AND (k <= 5662884))

table 6 : explain SELECT k FROM sbtest6 WHERE k BETWEEN 5662784 AND 5662884
	Index Only Scan using k_6 on sbtest6  (cost=0.43..6.58 rows=107 width=4)
	  Index Cond: ((k >= 5662784) AND (k <= 5662884))

table 7 : explain SELECT k FROM sbtest7 WHERE k BETWEEN 5662784 AND 5662884
	Index Only Scan using k_7 on sbtest7  (cost=0.43..10.54 rows=105 width=4)
	  Index Cond: ((k >= 5662784) AND (k <= 5662884))

table 8 : explain SELECT k FROM sbtest8 WHERE k BETWEEN 5662784 AND 5662884
	Index Only Scan using k_8 on sbtest8  (cost=0.43..6.47 rows=102 width=4)
	  Index Cond: ((k >= 5662784) AND (k <= 5662884))

explain: for range-covered :: explain SELECT k FROM sbtest%d WHERE k BETWEEN 7265208 AND 7265308
for range-covered
table 1 : explain SELECT k FROM sbtest1 WHERE k BETWEEN 5428925 AND 5429025
	Index Only Scan using k_1 on sbtest1  (cost=0.43..10.50 rows=103 width=4)
	  Index Cond: ((k >= 5428925) AND (k <= 5429025))

table 2 : explain SELECT k FROM sbtest2 WHERE k BETWEEN 5428925 AND 5429025
	Index Only Scan using k_2 on sbtest2  (cost=0.43..6.40 rows=98 width=4)
	  Index Cond: ((k >= 5428925) AND (k <= 5429025))

table 3 : explain SELECT k FROM sbtest3 WHERE k BETWEEN 5428925 AND 5429025
	Index Only Scan using k_3 on sbtest3  (cost=0.43..10.42 rows=99 width=4)
	  Index Cond: ((k >= 5428925) AND (k <= 5429025))

table 4 : explain SELECT k FROM sbtest4 WHERE k BETWEEN 5428925 AND 5429025
	Index Only Scan using k_4 on sbtest4  (cost=0.43..10.29 rows=93 width=4)
	  Index Cond: ((k >= 5428925) AND (k <= 5429025))

table 5 : explain SELECT k FROM sbtest5 WHERE k BETWEEN 5428925 AND 5429025
	Index Only Scan using k_5 on sbtest5  (cost=0.43..10.28 rows=92 width=4)
	  Index Cond: ((k >= 5428925) AND (k <= 5429025))

table 6 : explain SELECT k FROM sbtest6 WHERE k BETWEEN 5428925 AND 5429025
	Index Only Scan using k_6 on sbtest6  (cost=0.43..6.58 rows=107 width=4)
	  Index Cond: ((k >= 5428925) AND (k <= 5429025))

table 7 : explain SELECT k FROM sbtest7 WHERE k BETWEEN 5428925 AND 5429025
	Index Only Scan using k_7 on sbtest7  (cost=0.43..10.56 rows=106 width=4)
	  Index Cond: ((k >= 5428925) AND (k <= 5429025))

table 8 : explain SELECT k FROM sbtest8 WHERE k BETWEEN 5428925 AND 5429025
	Index Only Scan using k_8 on sbtest8  (cost=0.43..6.35 rows=96 width=4)
	  Index Cond: ((k >= 5428925) AND (k <= 5429025))

explain: for range-covered :: explain SELECT k FROM sbtest%d WHERE k BETWEEN 5662784 AND 5662884
explain: for range-covered :: explain SELECT k FROM sbtest%d WHERE k BETWEEN 5428925 AND 5429025
for range-covered
table 1 : explain SELECT k FROM sbtest1 WHERE k BETWEEN 5789816 AND 5789916
	Index Only Scan using k_1 on sbtest1  (cost=0.43..10.54 rows=105 width=4)
	  Index Cond: ((k >= 5789816) AND (k <= 5789916))

table 2 : explain SELECT k FROM sbtest2 WHERE k BETWEEN 5789816 AND 5789916
	Index Only Scan using k_2 on sbtest2  (cost=0.43..6.35 rows=96 width=4)
	  Index Cond: ((k >= 5789816) AND (k <= 5789916))

table 3 : explain SELECT k FROM sbtest3 WHERE k BETWEEN 5789816 AND 5789916
	Index Only Scan using k_3 on sbtest3  (cost=0.43..10.42 rows=99 width=4)
	  Index Cond: ((k >= 5789816) AND (k <= 5789916))

table 4 : explain SELECT k FROM sbtest4 WHERE k BETWEEN 5789816 AND 5789916
	Index Only Scan using k_4 on sbtest4  (cost=0.43..10.44 rows=100 width=4)
	  Index Cond: ((k >= 5789816) AND (k <= 5789916))

table 5 : explain SELECT k FROM sbtest5 WHERE k BETWEEN 5789816 AND 5789916
	Index Only Scan using k_5 on sbtest5  (cost=0.43..10.62 rows=109 width=4)
	  Index Cond: ((k >= 5789816) AND (k <= 5789916))

table 6 : explain SELECT k FROM sbtest6 WHERE k BETWEEN 5789816 AND 5789916
	Index Only Scan using k_6 on sbtest6  (cost=0.43..6.83 rows=120 width=4)
	  Index Cond: ((k >= 5789816) AND (k <= 5789916))

table 7 : explain SELECT k FROM sbtest7 WHERE k BETWEEN 5789816 AND 5789916
	Index Only Scan using k_7 on sbtest7  (cost=0.43..10.40 rows=98 width=4)
	  Index Cond: ((k >= 5789816) AND (k <= 5789916))

table 8 : explain SELECT k FROM sbtest8 WHERE k BETWEEN 5789816 AND 5789916
	Index Only Scan using k_8 on sbtest8  (cost=0.43..6.56 rows=106 width=4)
	  Index Cond: ((k >= 5789816) AND (k <= 5789916))

explain: for range-covered :: explain SELECT k FROM sbtest%d WHERE k BETWEEN 5789816 AND 5789916
for range-covered
table 1 : explain SELECT k FROM sbtest1 WHERE k BETWEEN 4135517 AND 4135617
	Index Only Scan using k_1 on sbtest1  (cost=0.43..10.38 rows=97 width=4)
	  Index Cond: ((k >= 4135517) AND (k <= 4135617))

table 2 : explain SELECT k FROM sbtest2 WHERE k BETWEEN 4135517 AND 4135617
	Index Only Scan using k_2 on sbtest2  (cost=0.43..6.56 rows=106 width=4)
	  Index Cond: ((k >= 4135517) AND (k <= 4135617))

table 3 : explain SELECT k FROM sbtest3 WHERE k BETWEEN 4135517 AND 4135617
	Index Only Scan using k_3 on sbtest3  (cost=0.43..10.47 rows=102 width=4)
	  Index Cond: ((k >= 4135517) AND (k <= 4135617))

table 4 : explain SELECT k FROM sbtest4 WHERE k BETWEEN 4135517 AND 4135617
	Index Only Scan using k_4 on sbtest4  (cost=0.43..10.62 rows=109 width=4)
	  Index Cond: ((k >= 4135517) AND (k <= 4135617))

table 5 : explain SELECT k FROM sbtest5 WHERE k BETWEEN 4135517 AND 4135617
	Index Only Scan using k_5 on sbtest5  (cost=0.43..10.29 rows=93 width=4)
	  Index Cond: ((k >= 4135517) AND (k <= 4135617))

table 6 : explain SELECT k FROM sbtest6 WHERE k BETWEEN 4135517 AND 4135617
	Index Only Scan using k_6 on sbtest6  (cost=0.43..6.53 rows=105 width=4)
	  Index Cond: ((k >= 4135517) AND (k <= 4135617))

table 7 : explain SELECT k FROM sbtest7 WHERE k BETWEEN 4135517 AND 4135617
	Index Only Scan using k_7 on sbtest7  (cost=0.43..10.60 rows=108 width=4)
	  Index Cond: ((k >= 4135517) AND (k <= 4135617))

table 8 : explain SELECT k FROM sbtest8 WHERE k BETWEEN 4135517 AND 4135617
	Index Only Scan using k_8 on sbtest8  (cost=0.43..6.59 rows=108 width=4)
	  Index Cond: ((k >= 4135517) AND (k <= 4135617))

explain: for range-covered :: explain SELECT k FROM sbtest%d WHERE k BETWEEN 4135517 AND 4135617
for range-covered
table 1 : explain SELECT k FROM sbtest1 WHERE k BETWEEN 1632641 AND 1632741
	Index Only Scan using k_1 on sbtest1  (cost=0.43..10.70 rows=113 width=4)
	  Index Cond: ((k >= 1632641) AND (k <= 1632741))

table 2 : explain SELECT k FROM sbtest2 WHERE k BETWEEN 1632641 AND 1632741
	Index Only Scan using k_2 on sbtest2  (cost=0.43..6.53 rows=105 width=4)
	  Index Cond: ((k >= 1632641) AND (k <= 1632741))

table 3 : explain SELECT k FROM sbtest3 WHERE k BETWEEN 1632641 AND 1632741
	Index Only Scan using k_3 on sbtest3  (cost=0.43..10.40 rows=98 width=4)
	  Index Cond: ((k >= 1632641) AND (k <= 1632741))

table 4 : explain SELECT k FROM sbtest4 WHERE k BETWEEN 1632641 AND 1632741
	Index Only Scan using k_4 on sbtest4  (cost=0.43..10.47 rows=102 width=4)
	  Index Cond: ((k >= 1632641) AND (k <= 1632741))

table 5 : explain SELECT k FROM sbtest5 WHERE k BETWEEN 1632641 AND 1632741
	Index Only Scan using k_5 on sbtest5  (cost=0.43..10.46 rows=101 width=4)
	  Index Cond: ((k >= 1632641) AND (k <= 1632741))

table 6 : explain SELECT k FROM sbtest6 WHERE k BETWEEN 1632641 AND 1632741
	Index Only Scan using k_6 on sbtest6  (cost=0.43..6.42 rows=99 width=4)
	  Index Cond: ((k >= 1632641) AND (k <= 1632741))

table 7 : explain SELECT k FROM sbtest7 WHERE k BETWEEN 1632641 AND 1632741
	Index Only Scan using k_7 on sbtest7  (cost=0.43..10.38 rows=97 width=4)
	  Index Cond: ((k >= 1632641) AND (k <= 1632741))

table 8 : explain SELECT k FROM sbtest8 WHERE k BETWEEN 1632641 AND 1632741
	Index Only Scan using k_8 on sbtest8  (cost=0.43..6.66 rows=111 width=4)
	  Index Cond: ((k >= 1632641) AND (k <= 1632741))

for range-covered
table 1 : explain SELECT k FROM sbtest1 WHERE k BETWEEN 7265208 AND 7265308
	Index Only Scan using k_1 on sbtest1  (cost=0.43..10.56 rows=106 width=4)
	  Index Cond: ((k >= 7265208) AND (k <= 7265308))

table 2 : explain SELECT k FROM sbtest2 WHERE k BETWEEN 7265208 AND 7265308
	Index Only Scan using k_2 on sbtest2  (cost=0.43..6.47 rows=102 width=4)
	  Index Cond: ((k >= 7265208) AND (k <= 7265308))

table 3 : explain SELECT k FROM sbtest3 WHERE k BETWEEN 7265208 AND 7265308
	Index Only Scan using k_3 on sbtest3  (cost=0.43..10.60 rows=108 width=4)
	  Index Cond: ((k >= 7265208) AND (k <= 7265308))

table 4 : explain SELECT k FROM sbtest4 WHERE k BETWEEN 7265208 AND 7265308
	Index Only Scan using k_4 on sbtest4  (cost=0.43..10.32 rows=94 width=4)
	  Index Cond: ((k >= 7265208) AND (k <= 7265308))

table 5 : explain SELECT k FROM sbtest5 WHERE k BETWEEN 7265208 AND 7265308
	Index Only Scan using k_5 on sbtest5  (cost=0.43..10.46 rows=101 width=4)
	  Index Cond: ((k >= 7265208) AND (k <= 7265308))

table 6 : explain SELECT k FROM sbtest6 WHERE k BETWEEN 7265208 AND 7265308
	Index Only Scan using k_6 on sbtest6  (cost=0.43..6.37 rows=97 width=4)
	  Index Cond: ((k >= 7265208) AND (k <= 7265308))

table 7 : explain SELECT k FROM sbtest7 WHERE k BETWEEN 7265208 AND 7265308
	Index Only Scan using k_7 on sbtest7  (cost=0.43..10.44 rows=100 width=4)
	  Index Cond: ((k >= 7265208) AND (k <= 7265308))

table 8 : explain SELECT k FROM sbtest8 WHERE k BETWEEN 7265208 AND 7265308
	Index Only Scan using k_8 on sbtest8  (cost=0.43..6.45 rows=101 width=4)
	  Index Cond: ((k >= 7265208) AND (k <= 7265308))

explain: for range-covered :: explain SELECT k FROM sbtest%d WHERE k BETWEEN 7265208 AND 7265308
explain: for range-covered :: explain SELECT k FROM sbtest%d WHERE k BETWEEN 1632641 AND 1632741
for range-covered
table 1 : explain SELECT k FROM sbtest1 WHERE k BETWEEN 5428925 AND 5429025
	Index Only Scan using k_1 on sbtest1  (cost=0.43..10.50 rows=103 width=4)
	  Index Cond: ((k >= 5428925) AND (k <= 5429025))

table 2 : explain SELECT k FROM sbtest2 WHERE k BETWEEN 5428925 AND 5429025
	Index Only Scan using k_2 on sbtest2  (cost=0.43..6.40 rows=98 width=4)
	  Index Cond: ((k >= 5428925) AND (k <= 5429025))

table 3 : explain SELECT k FROM sbtest3 WHERE k BETWEEN 5428925 AND 5429025
	Index Only Scan using k_3 on sbtest3  (cost=0.43..10.42 rows=99 width=4)
	  Index Cond: ((k >= 5428925) AND (k <= 5429025))

table 4 : explain SELECT k FROM sbtest4 WHERE k BETWEEN 5428925 AND 5429025
	Index Only Scan using k_4 on sbtest4  (cost=0.43..10.29 rows=93 width=4)
	  Index Cond: ((k >= 5428925) AND (k <= 5429025))

table 5 : explain SELECT k FROM sbtest5 WHERE k BETWEEN 5428925 AND 5429025
	Index Only Scan using k_5 on sbtest5  (cost=0.43..10.28 rows=92 width=4)
	  Index Cond: ((k >= 5428925) AND (k <= 5429025))

table 6 : explain SELECT k FROM sbtest6 WHERE k BETWEEN 5428925 AND 5429025
	Index Only Scan using k_6 on sbtest6  (cost=0.43..6.58 rows=107 width=4)
	  Index Cond: ((k >= 5428925) AND (k <= 5429025))

table 7 : explain SELECT k FROM sbtest7 WHERE k BETWEEN 5428925 AND 5429025
	Index Only Scan using k_7 on sbtest7  (cost=0.43..10.56 rows=106 width=4)
	  Index Cond: ((k >= 5428925) AND (k <= 5429025))

table 8 : explain SELECT k FROM sbtest8 WHERE k BETWEEN 5428925 AND 5429025
	Index Only Scan using k_8 on sbtest8  (cost=0.43..6.35 rows=96 width=4)
	  Index Cond: ((k >= 5428925) AND (k <= 5429025))

for range-covered
table 1 : explain SELECT k FROM sbtest1 WHERE k BETWEEN 5662784 AND 5662884
	Index Only Scan using k_1 on sbtest1  (cost=0.43..10.44 rows=100 width=4)
	  Index Cond: ((k >= 5662784) AND (k <= 5662884))

table 2 : explain SELECT k FROM sbtest2 WHERE k BETWEEN 5662784 AND 5662884
	Index Only Scan using k_2 on sbtest2  (cost=0.43..6.43 rows=100 width=4)
	  Index Cond: ((k >= 5662784) AND (k <= 5662884))

table 3 : explain SELECT k FROM sbtest3 WHERE k BETWEEN 5662784 AND 5662884
	Index Only Scan using k_3 on sbtest3  (cost=0.43..10.50 rows=103 width=4)
	  Index Cond: ((k >= 5662784) AND (k <= 5662884))

table 4 : explain SELECT k FROM sbtest4 WHERE k BETWEEN 5662784 AND 5662884
	Index Only Scan using k_4 on sbtest4  (cost=0.43..10.36 rows=96 width=4)
	  Index Cond: ((k >= 5662784) AND (k <= 5662884))

table 5 : explain SELECT k FROM sbtest5 WHERE k BETWEEN 5662784 AND 5662884
	Index Only Scan using k_5 on sbtest5  (cost=0.43..10.33 rows=95 width=4)
	  Index Cond: ((k >= 5662784) AND (k <= 5662884))

table 6 : explain SELECT k FROM sbtest6 WHERE k BETWEEN 5662784 AND 5662884
	Index Only Scan using k_6 on sbtest6  (cost=0.43..6.58 rows=107 width=4)
	  Index Cond: ((k >= 5662784) AND (k <= 5662884))

table 7 : explain SELECT k FROM sbtest7 WHERE k BETWEEN 5662784 AND 5662884
	Index Only Scan using k_7 on sbtest7  (cost=0.43..10.54 rows=105 width=4)
	  Index Cond: ((k >= 5662784) AND (k <= 5662884))

table 8 : explain SELECT k FROM sbtest8 WHERE k BETWEEN 5662784 AND 5662884
	Index Only Scan using k_8 on sbtest8  (cost=0.43..6.47 rows=102 width=4)
	  Index Cond: ((k >= 5662784) AND (k <= 5662884))

explain: for range-covered :: explain SELECT k FROM sbtest%d WHERE k BETWEEN 5428925 AND 5429025
explain: for range-covered :: explain SELECT k FROM sbtest%d WHERE k BETWEEN 5662784 AND 5662884
for range-covered
table 1 : explain SELECT k FROM sbtest1 WHERE k BETWEEN 4099486 AND 4099586
	Index Only Scan using k_1 on sbtest1  (cost=0.43..10.38 rows=97 width=4)
	  Index Cond: ((k >= 4099486) AND (k <= 4099586))

table 2 : explain SELECT k FROM sbtest2 WHERE k BETWEEN 4099486 AND 4099586
	Index Only Scan using k_2 on sbtest2  (cost=0.43..6.56 rows=106 width=4)
	  Index Cond: ((k >= 4099486) AND (k <= 4099586))

table 3 : explain SELECT k FROM sbtest3 WHERE k BETWEEN 4099486 AND 4099586
	Index Only Scan using k_3 on sbtest3  (cost=0.43..10.47 rows=102 width=4)
	  Index Cond: ((k >= 4099486) AND (k <= 4099586))

table 4 : explain SELECT k FROM sbtest4 WHERE k BETWEEN 4099486 AND 4099586
	Index Only Scan using k_4 on sbtest4  (cost=0.43..10.62 rows=109 width=4)
	  Index Cond: ((k >= 4099486) AND (k <= 4099586))

table 5 : explain SELECT k FROM sbtest5 WHERE k BETWEEN 4099486 AND 4099586
	Index Only Scan using k_5 on sbtest5  (cost=0.43..10.29 rows=93 width=4)
	  Index Cond: ((k >= 4099486) AND (k <= 4099586))

table 6 : explain SELECT k FROM sbtest6 WHERE k BETWEEN 4099486 AND 4099586
	Index Only Scan using k_6 on sbtest6  (cost=0.43..6.53 rows=105 width=4)
	  Index Cond: ((k >= 4099486) AND (k <= 4099586))

table 7 : explain SELECT k FROM sbtest7 WHERE k BETWEEN 4099486 AND 4099586
	Index Only Scan using k_7 on sbtest7  (cost=0.43..10.60 rows=108 width=4)
	  Index Cond: ((k >= 4099486) AND (k <= 4099586))

table 8 : explain SELECT k FROM sbtest8 WHERE k BETWEEN 4099486 AND 4099586
	Index Only Scan using k_8 on sbtest8  (cost=0.43..6.59 rows=108 width=4)
	  Index Cond: ((k >= 4099486) AND (k <= 4099586))

for range-covered
table 1 : explain SELECT k FROM sbtest1 WHERE k BETWEEN 4135517 AND 4135617
	Index Only Scan using k_1 on sbtest1  (cost=0.43..10.38 rows=97 width=4)
	  Index Cond: ((k >= 4135517) AND (k <= 4135617))

table 2 : explain SELECT k FROM sbtest2 WHERE k BETWEEN 4135517 AND 4135617
	Index Only Scan using k_2 on sbtest2  (cost=0.43..6.56 rows=106 width=4)
	  Index Cond: ((k >= 4135517) AND (k <= 4135617))

table 3 : explain SELECT k FROM sbtest3 WHERE k BETWEEN 4135517 AND 4135617
	Index Only Scan using k_3 on sbtest3  (cost=0.43..10.47 rows=102 width=4)
	  Index Cond: ((k >= 4135517) AND (k <= 4135617))

table 4 : explain SELECT k FROM sbtest4 WHERE k BETWEEN 4135517 AND 4135617
	Index Only Scan using k_4 on sbtest4  (cost=0.43..10.62 rows=109 width=4)
	  Index Cond: ((k >= 4135517) AND (k <= 4135617))

table 5 : explain SELECT k FROM sbtest5 WHERE k BETWEEN 4135517 AND 4135617
	Index Only Scan using k_5 on sbtest5  (cost=0.43..10.29 rows=93 width=4)
	  Index Cond: ((k >= 4135517) AND (k <= 4135617))

table 6 : explain SELECT k FROM sbtest6 WHERE k BETWEEN 4135517 AND 4135617
	Index Only Scan using k_6 on sbtest6  (cost=0.43..6.53 rows=105 width=4)
	  Index Cond: ((k >= 4135517) AND (k <= 4135617))

table 7 : explain SELECT k FROM sbtest7 WHERE k BETWEEN 4135517 AND 4135617
	Index Only Scan using k_7 on sbtest7  (cost=0.43..10.60 rows=108 width=4)
	  Index Cond: ((k >= 4135517) AND (k <= 4135617))

table 8 : explain SELECT k FROM sbtest8 WHERE k BETWEEN 4135517 AND 4135617
	Index Only Scan using k_8 on sbtest8  (cost=0.43..6.59 rows=108 width=4)
	  Index Cond: ((k >= 4135517) AND (k <= 4135617))

for range-covered
table 1 : explain SELECT k FROM sbtest1 WHERE k BETWEEN 5706063 AND 5706163
	Index Only Scan using k_1 on sbtest1  (cost=0.43..10.47 rows=102 width=4)
	  Index Cond: ((k >= 5706063) AND (k <= 5706163))

table 2 : explain SELECT k FROM sbtest2 WHERE k BETWEEN 5706063 AND 5706163
	Index Only Scan using k_2 on sbtest2  (cost=0.43..6.35 rows=96 width=4)
	  Index Cond: ((k >= 5706063) AND (k <= 5706163))

table 3 : explain SELECT k FROM sbtest3 WHERE k BETWEEN 5706063 AND 5706163
	Index Only Scan using k_3 on sbtest3  (cost=0.43..10.50 rows=103 width=4)
	  Index Cond: ((k >= 5706063) AND (k <= 5706163))

table 4 : explain SELECT k FROM sbtest4 WHERE k BETWEEN 5706063 AND 5706163
	Index Only Scan using k_4 on sbtest4  (cost=0.43..10.36 rows=96 width=4)
	  Index Cond: ((k >= 5706063) AND (k <= 5706163))

table 5 : explain SELECT k FROM sbtest5 WHERE k BETWEEN 5706063 AND 5706163
	Index Only Scan using k_5 on sbtest5  (cost=0.43..10.33 rows=95 width=4)
	  Index Cond: ((k >= 5706063) AND (k <= 5706163))

table 6 : explain SELECT k FROM sbtest6 WHERE k BETWEEN 5706063 AND 5706163
	Index Only Scan using k_6 on sbtest6  (cost=0.43..6.58 rows=107 width=4)
	  Index Cond: ((k >= 5706063) AND (k <= 5706163))

table 7 : explain SELECT k FROM sbtest7 WHERE k BETWEEN 5706063 AND 5706163
	Index Only Scan using k_7 on sbtest7  (cost=0.43..10.44 rows=100 width=4)
	  Index Cond: ((k >= 5706063) AND (k <= 5706163))

table 8 : explain SELECT k FROM sbtest8 WHERE k BETWEEN 5706063 AND 5706163
	Index Only Scan using k_8 on sbtest8  (cost=0.43..6.50 rows=103 width=4)
	  Index Cond: ((k >= 5706063) AND (k <= 5706163))

explain: for range-covered :: explain SELECT k FROM sbtest%d WHERE k BETWEEN 4135517 AND 4135617
explain: for range-covered :: explain SELECT k FROM sbtest%d WHERE k BETWEEN 4099486 AND 4099586
explain: for range-covered :: explain SELECT k FROM sbtest%d WHERE k BETWEEN 5673063 AND 5673163
for range-covered
table 1 : explain SELECT k FROM sbtest1 WHERE k BETWEEN 7265208 AND 7265308
	Index Only Scan using k_1 on sbtest1  (cost=0.43..10.56 rows=106 width=4)
	  Index Cond: ((k >= 7265208) AND (k <= 7265308))

table 2 : explain SELECT k FROM sbtest2 WHERE k BETWEEN 7265208 AND 7265308
	Index Only Scan using k_2 on sbtest2  (cost=0.43..6.47 rows=102 width=4)
	  Index Cond: ((k >= 7265208) AND (k <= 7265308))

table 3 : explain SELECT k FROM sbtest3 WHERE k BETWEEN 7265208 AND 7265308
	Index Only Scan using k_3 on sbtest3  (cost=0.43..10.60 rows=108 width=4)
	  Index Cond: ((k >= 7265208) AND (k <= 7265308))

table 4 : explain SELECT k FROM sbtest4 WHERE k BETWEEN 7265208 AND 7265308
	Index Only Scan using k_4 on sbtest4  (cost=0.43..10.32 rows=94 width=4)
	  Index Cond: ((k >= 7265208) AND (k <= 7265308))

table 5 : explain SELECT k FROM sbtest5 WHERE k BETWEEN 7265208 AND 7265308
	Index Only Scan using k_5 on sbtest5  (cost=0.43..10.46 rows=101 width=4)
	  Index Cond: ((k >= 7265208) AND (k <= 7265308))

table 6 : explain SELECT k FROM sbtest6 WHERE k BETWEEN 7265208 AND 7265308
	Index Only Scan using k_6 on sbtest6  (cost=0.43..6.37 rows=97 width=4)
	  Index Cond: ((k >= 7265208) AND (k <= 7265308))

table 7 : explain SELECT k FROM sbtest7 WHERE k BETWEEN 7265208 AND 7265308
	Index Only Scan using k_7 on sbtest7  (cost=0.43..10.44 rows=100 width=4)
	  Index Cond: ((k >= 7265208) AND (k <= 7265308))

table 8 : explain SELECT k FROM sbtest8 WHERE k BETWEEN 7265208 AND 7265308
	Index Only Scan using k_8 on sbtest8  (cost=0.43..6.45 rows=101 width=4)
	  Index Cond: ((k >= 7265208) AND (k <= 7265308))

explain: for range-covered :: explain SELECT k FROM sbtest%d WHERE k BETWEEN 7265208 AND 7265308
for range-covered
table 1 : explain SELECT k FROM sbtest1 WHERE k BETWEEN 1632641 AND 1632741
	Index Only Scan using k_1 on sbtest1  (cost=0.43..10.70 rows=113 width=4)
	  Index Cond: ((k >= 1632641) AND (k <= 1632741))

table 2 : explain SELECT k FROM sbtest2 WHERE k BETWEEN 1632641 AND 1632741
	Index Only Scan using k_2 on sbtest2  (cost=0.43..6.53 rows=105 width=4)
	  Index Cond: ((k >= 1632641) AND (k <= 1632741))

table 3 : explain SELECT k FROM sbtest3 WHERE k BETWEEN 1632641 AND 1632741
	Index Only Scan using k_3 on sbtest3  (cost=0.43..10.40 rows=98 width=4)
	  Index Cond: ((k >= 1632641) AND (k <= 1632741))

table 4 : explain SELECT k FROM sbtest4 WHERE k BETWEEN 1632641 AND 1632741
	Index Only Scan using k_4 on sbtest4  (cost=0.43..10.47 rows=102 width=4)
	  Index Cond: ((k >= 1632641) AND (k <= 1632741))

table 5 : explain SELECT k FROM sbtest5 WHERE k BETWEEN 1632641 AND 1632741
	Index Only Scan using k_5 on sbtest5  (cost=0.43..10.46 rows=101 width=4)
	  Index Cond: ((k >= 1632641) AND (k <= 1632741))

table 6 : explain SELECT k FROM sbtest6 WHERE k BETWEEN 1632641 AND 1632741
	Index Only Scan using k_6 on sbtest6  (cost=0.43..6.42 rows=99 width=4)
	  Index Cond: ((k >= 1632641) AND (k <= 1632741))

table 7 : explain SELECT k FROM sbtest7 WHERE k BETWEEN 1632641 AND 1632741
	Index Only Scan using k_7 on sbtest7  (cost=0.43..10.38 rows=97 width=4)
	  Index Cond: ((k >= 1632641) AND (k <= 1632741))

table 8 : explain SELECT k FROM sbtest8 WHERE k BETWEEN 1632641 AND 1632741
	Index Only Scan using k_8 on sbtest8  (cost=0.43..6.66 rows=111 width=4)
	  Index Cond: ((k >= 1632641) AND (k <= 1632741))
for range-covered
table 1 : explain SELECT k FROM sbtest1 WHERE k BETWEEN 5428925 AND 5429025
	Index Only Scan using k_1 on sbtest1  (cost=0.43..10.50 rows=103 width=4)
	  Index Cond: ((k >= 5428925) AND (k <= 5429025))

table 2 : explain SELECT k FROM sbtest2 WHERE k BETWEEN 5428925 AND 5429025
	Index Only Scan using k_2 on sbtest2  (cost=0.43..6.40 rows=98 width=4)
	  Index Cond: ((k >= 5428925) AND (k <= 5429025))

table 3 : explain SELECT k FROM sbtest3 WHERE k BETWEEN 5428925 AND 5429025
	Index Only Scan using k_3 on sbtest3  (cost=0.43..10.42 rows=99 width=4)
	  Index Cond: ((k >= 5428925) AND (k <= 5429025))

table 4 : explain SELECT k FROM sbtest4 WHERE k BETWEEN 5428925 AND 5429025
	Index Only Scan using k_4 on sbtest4  (cost=0.43..10.29 rows=93 width=4)
	  Index Cond: ((k >= 5428925) AND (k <= 5429025))

table 5 : explain SELECT k FROM sbtest5 WHERE k BETWEEN 5428925 AND 5429025
	Index Only Scan using k_5 on sbtest5  (cost=0.43..10.28 rows=92 width=4)
	  Index Cond: ((k >= 5428925) AND (k <= 5429025))

table 6 : explain SELECT k FROM sbtest6 WHERE k BETWEEN 5428925 AND 5429025
	Index Only Scan using k_6 on sbtest6  (cost=0.43..6.58 rows=107 width=4)
	  Index Cond: ((k >= 5428925) AND (k <= 5429025))

table 7 : explain SELECT k FROM sbtest7 WHERE k BETWEEN 5428925 AND 5429025
	Index Only Scan using k_7 on sbtest7  (cost=0.43..10.56 rows=106 width=4)
	  Index Cond: ((k >= 5428925) AND (k <= 5429025))

table 8 : explain SELECT k FROM sbtest8 WHERE k BETWEEN 5428925 AND 5429025
	Index Only Scan using k_8 on sbtest8  (cost=0.43..6.35 rows=96 width=4)
	  Index Cond: ((k >= 5428925) AND (k <= 5429025))


for range-covered
table 1 : explain SELECT k FROM sbtest1 WHERE k BETWEEN 5662784 AND 5662884
	Index Only Scan using k_1 on sbtest1  (cost=0.43..10.44 rows=100 width=4)
	  Index Cond: ((k >= 5662784) AND (k <= 5662884))

table 2 : explain SELECT k FROM sbtest2 WHERE k BETWEEN 5662784 AND 5662884
	Index Only Scan using k_2 on sbtest2  (cost=0.43..6.43 rows=100 width=4)
	  Index Cond: ((k >= 5662784) AND (k <= 5662884))

table 3 : explain SELECT k FROM sbtest3 WHERE k BETWEEN 5662784 AND 5662884
	Index Only Scan using k_3 on sbtest3  (cost=0.43..10.50 rows=103 width=4)
	  Index Cond: ((k >= 5662784) AND (k <= 5662884))

table 4 : explain SELECT k FROM sbtest4 WHERE k BETWEEN 5662784 AND 5662884
	Index Only Scan using k_4 on sbtest4  (cost=0.43..10.36 rows=96 width=4)
	  Index Cond: ((k >= 5662784) AND (k <= 5662884))

table 5 : explain SELECT k FROM sbtest5 WHERE k BETWEEN 5662784 AND 5662884
	Index Only Scan using k_5 on sbtest5  (cost=0.43..10.33 rows=95 width=4)
	  Index Cond: ((k >= 5662784) AND (k <= 5662884))

table 6 : explain SELECT k FROM sbtest6 WHERE k BETWEEN 5662784 AND 5662884
	Index Only Scan using k_6 on sbtest6  (cost=0.43..6.58 rows=107 width=4)
	  Index Cond: ((k >= 5662784) AND (k <= 5662884))

table 7 : explain SELECT k FROM sbtest7 WHERE k BETWEEN 5662784 AND 5662884
	Index Only Scan using k_7 on sbtest7  (cost=0.43..10.54 rows=105 width=4)
	  Index Cond: ((k >= 5662784) AND (k <= 5662884))

table 8 : explain SELECT k FROM sbtest8 WHERE k BETWEEN 5662784 AND 5662884
	Index Only Scan using k_8 on sbtest8  (cost=0.43..6.47 rows=102 width=4)
	  Index Cond: ((k >= 5662784) AND (k <= 5662884))

explain: for range-covered :: explain SELECT k FROM sbtest%d WHERE k BETWEEN 5428925 AND 5429025
explain: for range-covered :: explain SELECT k FROM sbtest%d WHERE k BETWEEN 3876157 AND 3876257
explain: for range-covered :: explain SELECT k FROM sbtest%d WHERE k BETWEEN 8761187 AND 8761287
for range-covered
table 1 : explain SELECT k FROM sbtest1 WHERE k BETWEEN 5789816 AND 5789916
	Index Only Scan using k_1 on sbtest1  (cost=0.43..10.54 rows=105 width=4)
	  Index Cond: ((k >= 5789816) AND (k <= 5789916))

table 2 : explain SELECT k FROM sbtest2 WHERE k BETWEEN 5789816 AND 5789916
	Index Only Scan using k_2 on sbtest2  (cost=0.43..6.35 rows=96 width=4)
	  Index Cond: ((k >= 5789816) AND (k <= 5789916))

table 3 : explain SELECT k FROM sbtest3 WHERE k BETWEEN 5789816 AND 5789916
	Index Only Scan using k_3 on sbtest3  (cost=0.43..10.42 rows=99 width=4)
	  Index Cond: ((k >= 5789816) AND (k <= 5789916))

table 4 : explain SELECT k FROM sbtest4 WHERE k BETWEEN 5789816 AND 5789916
	Index Only Scan using k_4 on sbtest4  (cost=0.43..10.44 rows=100 width=4)
	  Index Cond: ((k >= 5789816) AND (k <= 5789916))

table 5 : explain SELECT k FROM sbtest5 WHERE k BETWEEN 5789816 AND 5789916
	Index Only Scan using k_5 on sbtest5  (cost=0.43..10.62 rows=109 width=4)
	  Index Cond: ((k >= 5789816) AND (k <= 5789916))

table 6 : explain SELECT k FROM sbtest6 WHERE k BETWEEN 5789816 AND 5789916
	Index Only Scan using k_6 on sbtest6  (cost=0.43..6.83 rows=120 width=4)
	  Index Cond: ((k >= 5789816) AND (k <= 5789916))

table 7 : explain SELECT k FROM sbtest7 WHERE k BETWEEN 5789816 AND 5789916
	Index Only Scan using k_7 on sbtest7  (cost=0.43..10.40 rows=98 width=4)
	  Index Cond: ((k >= 5789816) AND (k <= 5789916))

table 8 : explain SELECT k FROM sbtest8 WHERE k BETWEEN 5789816 AND 5789916
	Index Only Scan using k_8 on sbtest8  (cost=0.43..6.56 rows=106 width=4)
	  Index Cond: ((k >= 5789816) AND (k <= 5789916))

explain: for range-covered :: explain SELECT k FROM sbtest%d WHERE k BETWEEN 1632641 AND 1632741for range-covered
table 1 : explain SELECT k FROM sbtest1 WHERE k BETWEEN 2718039 AND 2718139
	Index Only Scan using k_1 on sbtest1  (cost=0.43..10.50 rows=103 width=4)
	  Index Cond: ((k >= 2718039) AND (k <= 2718139))

table 2 : explain SELECT k FROM sbtest2 WHERE k BETWEEN 2718039 AND 2718139
	Index Only Scan using k_2 on sbtest2  (cost=0.43..6.27 rows=92 width=4)
	  Index Cond: ((k >= 2718039) AND (k <= 2718139))

table 3 : explain SELECT k FROM sbtest3 WHERE k BETWEEN 2718039 AND 2718139
	Index Only Scan using k_3 on sbtest3  (cost=0.43..10.46 rows=101 width=4)
	  Index Cond: ((k >= 2718039) AND (k <= 2718139))

table 4 : explain SELECT k FROM sbtest4 WHERE k BETWEEN 2718039 AND 2718139
	Index Only Scan using k_4 on sbtest4  (cost=0.43..10.29 rows=93 width=4)
	  Index Cond: ((k >= 2718039) AND (k <= 2718139))

table 5 : explain SELECT k FROM sbtest5 WHERE k BETWEEN 2718039 AND 2718139
	Index Only Scan using k_5 on sbtest5  (cost=0.43..10.44 rows=100 width=4)
	  Index Cond: ((k >= 2718039) AND (k <= 2718139))

table 6 : explain SELECT k FROM sbtest6 WHERE k BETWEEN 2718039 AND 2718139
	Index Only Scan using k_6 on sbtest6  (cost=0.43..6.25 rows=91 width=4)
	  Index Cond: ((k >= 2718039) AND (k <= 2718139))

table 7 : explain SELECT k FROM sbtest7 WHERE k BETWEEN 2718039 AND 2718139
	Index Only Scan using k_7 on sbtest7  (cost=0.43..10.62 rows=109 width=4)
	  Index Cond: ((k >= 2718039) AND (k <= 2718139))

table 8 : explain SELECT k FROM sbtest8 WHERE k BETWEEN 2718039 AND 2718139
	Index Only Scan using k_8 on sbtest8  (cost=0.43..6.37 rows=97 width=4)
	  Index Cond: ((k >= 2718039) AND (k <= 2718139))


explain: for range-covered :: explain SELECT k FROM sbtest%d WHERE k BETWEEN 5789816 AND 5789916
for range-covered
table 1 : explain SELECT k FROM sbtest1 WHERE k BETWEEN 4135517 AND 4135617
	Index Only Scan using k_1 on sbtest1  (cost=0.43..10.38 rows=97 width=4)
	  Index Cond: ((k >= 4135517) AND (k <= 4135617))

table 2 : explain SELECT k FROM sbtest2 WHERE k BETWEEN 4135517 AND 4135617
	Index Only Scan using k_2 on sbtest2  (cost=0.43..6.56 rows=106 width=4)
	  Index Cond: ((k >= 4135517) AND (k <= 4135617))

table 3 : explain SELECT k FROM sbtest3 WHERE k BETWEEN 4135517 AND 4135617
	Index Only Scan using k_3 on sbtest3  (cost=0.43..10.47 rows=102 width=4)
	  Index Cond: ((k >= 4135517) AND (k <= 4135617))

table 4 : explain SELECT k FROM sbtest4 WHERE k BETWEEN 4135517 AND 4135617
	Index Only Scan using k_4 on sbtest4  (cost=0.43..10.62 rows=109 width=4)
	  Index Cond: ((k >= 4135517) AND (k <= 4135617))

table 5 : explain SELECT k FROM sbtest5 WHERE k BETWEEN 4135517 AND 4135617
	Index Only Scan using k_5 on sbtest5  (cost=0.43..10.29 rows=93 width=4)
	  Index Cond: ((k >= 4135517) AND (k <= 4135617))

table 6 : explain SELECT k FROM sbtest6 WHERE k BETWEEN 4135517 AND 4135617
	Index Only Scan using k_6 on sbtest6  (cost=0.43..6.53 rows=105 width=4)
	  Index Cond: ((k >= 4135517) AND (k <= 4135617))

table 7 : explain SELECT k FROM sbtest7 WHERE k BETWEEN 4135517 AND 4135617
	Index Only Scan using k_7 on sbtest7  (cost=0.43..10.60 rows=108 width=4)
	  Index Cond: ((k >= 4135517) AND (k <= 4135617))

table 8 : explain SELECT k FROM sbtest8 WHERE k BETWEEN 4135517 AND 4135617
	Index Only Scan using k_8 on sbtest8  (cost=0.43..6.59 rows=108 width=4)
	  Index Cond: ((k >= 4135517) AND (k <= 4135617))

explain: for range-covered :: explain SELECT k FROM sbtest%d WHERE k BETWEEN 4135517 AND 4135617
explain: for range-covered :: explain SELECT k FROM sbtest%d WHERE k BETWEEN 2718039 AND 2718139
for range-covered
table 1 : explain SELECT k FROM sbtest1 WHERE k BETWEEN 3335779 AND 3335879
	Index Only Scan using k_1 on sbtest1  (cost=0.43..10.65 rows=111 width=4)
	  Index Cond: ((k >= 3335779) AND (k <= 3335879))

table 2 : explain SELECT k FROM sbtest2 WHERE k BETWEEN 3335779 AND 3335879
	Index Only Scan using k_2 on sbtest2  (cost=0.43..6.69 rows=113 width=4)
	  Index Cond: ((k >= 3335779) AND (k <= 3335879))

table 3 : explain SELECT k FROM sbtest3 WHERE k BETWEEN 3335779 AND 3335879
	Index Only Scan using k_3 on sbtest3  (cost=0.43..10.50 rows=103 width=4)
	  Index Cond: ((k >= 3335779) AND (k <= 3335879))

table 4 : explain SELECT k FROM sbtest4 WHERE k BETWEEN 3335779 AND 3335879
	Index Only Scan using k_4 on sbtest4  (cost=0.43..10.83 rows=120 width=4)
	  Index Cond: ((k >= 3335779) AND (k <= 3335879))

table 5 : explain SELECT k FROM sbtest5 WHERE k BETWEEN 3335779 AND 3335879
	Index Only Scan using k_5 on sbtest5  (cost=0.43..10.46 rows=101 width=4)
	  Index Cond: ((k >= 3335779) AND (k <= 3335879))

table 6 : explain SELECT k FROM sbtest6 WHERE k BETWEEN 3335779 AND 3335879
	Index Only Scan using k_6 on sbtest6  (cost=0.43..6.51 rows=104 width=4)
	  Index Cond: ((k >= 3335779) AND (k <= 3335879))

table 7 : explain SELECT k FROM sbtest7 WHERE k BETWEEN 3335779 AND 3335879
	Index Only Scan using k_7 on sbtest7  (cost=0.43..10.88 rows=122 width=4)
	  Index Cond: ((k >= 3335779) AND (k <= 3335879))

table 8 : explain SELECT k FROM sbtest8 WHERE k BETWEEN 3335779 AND 3335879
	Index Only Scan using k_8 on sbtest8  (cost=0.43..6.42 rows=99 width=4)
	  Index Cond: ((k >= 3335779) AND (k <= 3335879))

for range-covered
table 1 : explain SELECT k FROM sbtest1 WHERE k BETWEEN 7265208 AND 7265308
	Index Only Scan using k_1 on sbtest1  (cost=0.43..10.56 rows=106 width=4)
	  Index Cond: ((k >= 7265208) AND (k <= 7265308))

table 2 : explain SELECT k FROM sbtest2 WHERE k BETWEEN 7265208 AND 7265308
	Index Only Scan using k_2 on sbtest2  (cost=0.43..6.47 rows=102 width=4)
	  Index Cond: ((k >= 7265208) AND (k <= 7265308))

table 3 : explain SELECT k FROM sbtest3 WHERE k BETWEEN 7265208 AND 7265308
	Index Only Scan using k_3 on sbtest3  (cost=0.43..10.60 rows=108 width=4)
	  Index Cond: ((k >= 7265208) AND (k <= 7265308))

table 4 : explain SELECT k FROM sbtest4 WHERE k BETWEEN 7265208 AND 7265308
	Index Only Scan using k_4 on sbtest4  (cost=0.43..10.32 rows=94 width=4)
	  Index Cond: ((k >= 7265208) AND (k <= 7265308))

table 5 : explain SELECT k FROM sbtest5 WHERE k BETWEEN 7265208 AND 7265308
	Index Only Scan using k_5 on sbtest5  (cost=0.43..10.46 rows=101 width=4)
	  Index Cond: ((k >= 7265208) AND (k <= 7265308))

table 6 : explain SELECT k FROM sbtest6 WHERE k BETWEEN 7265208 AND 7265308
	Index Only Scan using k_6 on sbtest6  (cost=0.43..6.37 rows=97 width=4)
	  Index Cond: ((k >= 7265208) AND (k <= 7265308))

table 7 : explain SELECT k FROM sbtest7 WHERE k BETWEEN 7265208 AND 7265308
	Index Only Scan using k_7 on sbtest7  (cost=0.43..10.44 rows=100 width=4)
	  Index Cond: ((k >= 7265208) AND (k <= 7265308))

table 8 : explain SELECT k FROM sbtest8 WHERE k BETWEEN 7265208 AND 7265308
	Index Only Scan using k_8 on sbtest8  (cost=0.43..6.45 rows=101 width=4)
	  Index Cond: ((k >= 7265208) AND (k <= 7265308))

explain: for range-covered :: explain SELECT k FROM sbtest%d WHERE k BETWEEN 3335779 AND 3335879
for range-covered
table 1 : explain SELECT k FROM sbtest1 WHERE k BETWEEN 5428925 AND 5429025
	Index Only Scan using k_1 on sbtest1  (cost=0.43..10.50 rows=103 width=4)
	  Index Cond: ((k >= 5428925) AND (k <= 5429025))

table 2 : explain SELECT k FROM sbtest2 WHERE k BETWEEN 5428925 AND 5429025
	Index Only Scan using k_2 on sbtest2  (cost=0.43..6.40 rows=98 width=4)
	  Index Cond: ((k >= 5428925) AND (k <= 5429025))

table 3 : explain SELECT k FROM sbtest3 WHERE k BETWEEN 5428925 AND 5429025
	Index Only Scan using k_3 on sbtest3  (cost=0.43..10.42 rows=99 width=4)
	  Index Cond: ((k >= 5428925) AND (k <= 5429025))

table 4 : explain SELECT k FROM sbtest4 WHERE k BETWEEN 5428925 AND 5429025
	Index Only Scan using k_4 on sbtest4  (cost=0.43..10.29 rows=93 width=4)
	  Index Cond: ((k >= 5428925) AND (k <= 5429025))

table 5 : explain SELECT k FROM sbtest5 WHERE k BETWEEN 5428925 AND 5429025
	Index Only Scan using k_5 on sbtest5  (cost=0.43..10.28 rows=92 width=4)
	  Index Cond: ((k >= 5428925) AND (k <= 5429025))

table 6 : explain SELECT k FROM sbtest6 WHERE k BETWEEN 5428925 AND 5429025
	Index Only Scan using k_6 on sbtest6  (cost=0.43..6.58 rows=107 width=4)
	  Index Cond: ((k >= 5428925) AND (k <= 5429025))

table 7 : explain SELECT k FROM sbtest7 WHERE k BETWEEN 5428925 AND 5429025
	Index Only Scan using k_7 on sbtest7  (cost=0.43..10.56 rows=106 width=4)
	  Index Cond: ((k >= 5428925) AND (k <= 5429025))

table 8 : explain SELECT k FROM sbtest8 WHERE k BETWEEN 5428925 AND 5429025
	Index Only Scan using k_8 on sbtest8  (cost=0.43..6.35 rows=96 width=4)
	  Index Cond: ((k >= 5428925) AND (k <= 5429025))

explain: for range-covered :: explain SELECT k FROM sbtest%d WHERE k BETWEEN 8968489 AND 8968589
explain: for range-covered :: explain SELECT k FROM sbtest%d WHERE k BETWEEN 5428925 AND 5429025
for range-covered
table 1 : explain SELECT k FROM sbtest1 WHERE k BETWEEN 1632641 AND 1632741
	Index Only Scan using k_1 on sbtest1  (cost=0.43..10.70 rows=113 width=4)
	  Index Cond: ((k >= 1632641) AND (k <= 1632741))

table 2 : explain SELECT k FROM sbtest2 WHERE k BETWEEN 1632641 AND 1632741
	Index Only Scan using k_2 on sbtest2  (cost=0.43..6.53 rows=105 width=4)
	  Index Cond: ((k >= 1632641) AND (k <= 1632741))

table 3 : explain SELECT k FROM sbtest3 WHERE k BETWEEN 1632641 AND 1632741
	Index Only Scan using k_3 on sbtest3  (cost=0.43..10.40 rows=98 width=4)
	  Index Cond: ((k >= 1632641) AND (k <= 1632741))

table 4 : explain SELECT k FROM sbtest4 WHERE k BETWEEN 1632641 AND 1632741
	Index Only Scan using k_4 on sbtest4  (cost=0.43..10.47 rows=102 width=4)
	  Index Cond: ((k >= 1632641) AND (k <= 1632741))

table 5 : explain SELECT k FROM sbtest5 WHERE k BETWEEN 1632641 AND 1632741
	Index Only Scan using k_5 on sbtest5  (cost=0.43..10.46 rows=101 width=4)
	  Index Cond: ((k >= 1632641) AND (k <= 1632741))

table 6 : explain SELECT k FROM sbtest6 WHERE k BETWEEN 1632641 AND 1632741
	Index Only Scan using k_6 on sbtest6  (cost=0.43..6.42 rows=99 width=4)
	  Index Cond: ((k >= 1632641) AND (k <= 1632741))

table 7 : explain SELECT k FROM sbtest7 WHERE k BETWEEN 1632641 AND 1632741
	Index Only Scan using k_7 on sbtest7  (cost=0.43..10.38 rows=97 width=4)
	  Index Cond: ((k >= 1632641) AND (k <= 1632741))

table 8 : explain SELECT k FROM sbtest8 WHERE k BETWEEN 1632641 AND 1632741
	Index Only Scan using k_8 on sbtest8  (cost=0.43..6.66 rows=111 width=4)
	  Index Cond: ((k >= 1632641) AND (k <= 1632741))

for range-covered
table 1 : explain SELECT k FROM sbtest1 WHERE k BETWEEN 5789816 AND 5789916
	Index Only Scan using k_1 on sbtest1  (cost=0.43..10.54 rows=105 width=4)
	  Index Cond: ((k >= 5789816) AND (k <= 5789916))

table 2 : explain SELECT k FROM sbtest2 WHERE k BETWEEN 5789816 AND 5789916
	Index Only Scan using k_2 on sbtest2  (cost=0.43..6.35 rows=96 width=4)
	  Index Cond: ((k >= 5789816) AND (k <= 5789916))

table 3 : explain SELECT k FROM sbtest3 WHERE k BETWEEN 5789816 AND 5789916
	Index Only Scan using k_3 on sbtest3  (cost=0.43..10.42 rows=99 width=4)
	  Index Cond: ((k >= 5789816) AND (k <= 5789916))

table 4 : explain SELECT k FROM sbtest4 WHERE k BETWEEN 5789816 AND 5789916
	Index Only Scan using k_4 on sbtest4  (cost=0.43..10.44 rows=100 width=4)
	  Index Cond: ((k >= 5789816) AND (k <= 5789916))

table 5 : explain SELECT k FROM sbtest5 WHERE k BETWEEN 5789816 AND 5789916
	Index Only Scan using k_5 on sbtest5  (cost=0.43..10.62 rows=109 width=4)
	  Index Cond: ((k >= 5789816) AND (k <= 5789916))

table 6 : explain SELECT k FROM sbtest6 WHERE k BETWEEN 5789816 AND 5789916
	Index Only Scan using k_6 on sbtest6  (cost=0.43..6.83 rows=120 width=4)
	  Index Cond: ((k >= 5789816) AND (k <= 5789916))

table 7 : explain SELECT k FROM sbtest7 WHERE k BETWEEN 5789816 AND 5789916
	Index Only Scan using k_7 on sbtest7  (cost=0.43..10.40 rows=98 width=4)
	  Index Cond: ((k >= 5789816) AND (k <= 5789916))

table 8 : explain SELECT k FROM sbtest8 WHERE k BETWEEN 5789816 AND 5789916
	Index Only Scan using k_8 on sbtest8  (cost=0.43..6.56 rows=106 width=4)
	  Index Cond: ((k >= 5789816) AND (k <= 5789916))

explain: for range-covered :: explain SELECT k FROM sbtest%d WHERE k BETWEEN 1632641 AND 1632741
for range-covered
table 1 : explain SELECT k FROM sbtest1 WHERE k BETWEEN 4135517 AND 4135617
	Index Only Scan using k_1 on sbtest1  (cost=0.43..10.38 rows=97 width=4)
	  Index Cond: ((k >= 4135517) AND (k <= 4135617))

table 2 : explain SELECT k FROM sbtest2 WHERE k BETWEEN 4135517 AND 4135617
	Index Only Scan using k_2 on sbtest2  (cost=0.43..6.56 rows=106 width=4)
	  Index Cond: ((k >= 4135517) AND (k <= 4135617))

table 3 : explain SELECT k FROM sbtest3 WHERE k BETWEEN 4135517 AND 4135617
	Index Only Scan using k_3 on sbtest3  (cost=0.43..10.47 rows=102 width=4)
	  Index Cond: ((k >= 4135517) AND (k <= 4135617))

table 4 : explain SELECT k FROM sbtest4 WHERE k BETWEEN 4135517 AND 4135617
	Index Only Scan using k_4 on sbtest4  (cost=0.43..10.62 rows=109 width=4)
	  Index Cond: ((k >= 4135517) AND (k <= 4135617))

table 5 : explain SELECT k FROM sbtest5 WHERE k BETWEEN 4135517 AND 4135617
	Index Only Scan using k_5 on sbtest5  (cost=0.43..10.29 rows=93 width=4)
	  Index Cond: ((k >= 4135517) AND (k <= 4135617))

table 6 : explain SELECT k FROM sbtest6 WHERE k BETWEEN 4135517 AND 4135617
	Index Only Scan using k_6 on sbtest6  (cost=0.43..6.53 rows=105 width=4)
	  Index Cond: ((k >= 4135517) AND (k <= 4135617))

table 7 : explain SELECT k FROM sbtest7 WHERE k BETWEEN 4135517 AND 4135617
	Index Only Scan using k_7 on sbtest7  (cost=0.43..10.60 rows=108 width=4)
	  Index Cond: ((k >= 4135517) AND (k <= 4135617))

table 8 : explain SELECT k FROM sbtest8 WHERE k BETWEEN 4135517 AND 4135617
	Index Only Scan using k_8 on sbtest8  (cost=0.43..6.59 rows=108 width=4)
	  Index Cond: ((k >= 4135517) AND (k <= 4135617))

for range-covered
table 1 : explain SELECT k FROM sbtest1 WHERE k BETWEEN 4099486 AND 4099586
	Index Only Scan using k_1 on sbtest1  (cost=0.43..10.38 rows=97 width=4)
	  Index Cond: ((k >= 4099486) AND (k <= 4099586))

table 2 : explain SELECT k FROM sbtest2 WHERE k BETWEEN 4099486 AND 4099586
	Index Only Scan using k_2 on sbtest2  (cost=0.43..6.56 rows=106 width=4)
	  Index Cond: ((k >= 4099486) AND (k <= 4099586))

table 3 : explain SELECT k FROM sbtest3 WHERE k BETWEEN 4099486 AND 4099586
	Index Only Scan using k_3 on sbtest3  (cost=0.43..10.47 rows=102 width=4)
	  Index Cond: ((k >= 4099486) AND (k <= 4099586))

table 4 : explain SELECT k FROM sbtest4 WHERE k BETWEEN 4099486 AND 4099586
	Index Only Scan using k_4 on sbtest4  (cost=0.43..10.62 rows=109 width=4)
	  Index Cond: ((k >= 4099486) AND (k <= 4099586))

table 5 : explain SELECT k FROM sbtest5 WHERE k BETWEEN 4099486 AND 4099586
	Index Only Scan using k_5 on sbtest5  (cost=0.43..10.29 rows=93 width=4)
	  Index Cond: ((k >= 4099486) AND (k <= 4099586))

table 6 : explain SELECT k FROM sbtest6 WHERE k BETWEEN 4099486 AND 4099586
	Index Only Scan using k_6 on sbtest6  (cost=0.43..6.53 rows=105 width=4)
	  Index Cond: ((k >= 4099486) AND (k <= 4099586))

table 7 : explain SELECT k FROM sbtest7 WHERE k BETWEEN 4099486 AND 4099586
	Index Only Scan using k_7 on sbtest7  (cost=0.43..10.60 rows=108 width=4)
	  Index Cond: ((k >= 4099486) AND (k <= 4099586))

table 8 : explain SELECT k FROM sbtest8 WHERE k BETWEEN 4099486 AND 4099586
	Index Only Scan using k_8 on sbtest8  (cost=0.43..6.59 rows=108 width=4)
	  Index Cond: ((k >= 4099486) AND (k <= 4099586))

for range-covered
table 1 : explain SELECT k FROM sbtest1 WHERE k BETWEEN 3335779 AND 3335879
	Index Only Scan using k_1 on sbtest1  (cost=0.43..10.65 rows=111 width=4)
	  Index Cond: ((k >= 3335779) AND (k <= 3335879))

table 2 : explain SELECT k FROM sbtest2 WHERE k BETWEEN 3335779 AND 3335879
	Index Only Scan using k_2 on sbtest2  (cost=0.43..6.69 rows=113 width=4)
	  Index Cond: ((k >= 3335779) AND (k <= 3335879))

table 3 : explain SELECT k FROM sbtest3 WHERE k BETWEEN 3335779 AND 3335879
	Index Only Scan using k_3 on sbtest3  (cost=0.43..10.50 rows=103 width=4)
	  Index Cond: ((k >= 3335779) AND (k <= 3335879))

table 4 : explain SELECT k FROM sbtest4 WHERE k BETWEEN 3335779 AND 3335879
	Index Only Scan using k_4 on sbtest4  (cost=0.43..10.83 rows=120 width=4)
	  Index Cond: ((k >= 3335779) AND (k <= 3335879))

table 5 : explain SELECT k FROM sbtest5 WHERE k BETWEEN 3335779 AND 3335879
	Index Only Scan using k_5 on sbtest5  (cost=0.43..10.46 rows=101 width=4)
	  Index Cond: ((k >= 3335779) AND (k <= 3335879))

table 6 : explain SELECT k FROM sbtest6 WHERE k BETWEEN 3335779 AND 3335879
	Index Only Scan using k_6 on sbtest6  (cost=0.43..6.51 rows=104 width=4)
	  Index Cond: ((k >= 3335779) AND (k <= 3335879))

table 7 : explain SELECT k FROM sbtest7 WHERE k BETWEEN 3335779 AND 3335879
	Index Only Scan using k_7 on sbtest7  (cost=0.43..10.88 rows=122 width=4)
	  Index Cond: ((k >= 3335779) AND (k <= 3335879))

table 8 : explain SELECT k FROM sbtest8 WHERE k BETWEEN 3335779 AND 3335879
	Index Only Scan using k_8 on sbtest8  (cost=0.43..6.42 rows=99 width=4)
	  Index Cond: ((k >= 3335779) AND (k <= 3335879))

explain: for range-covered :: explain SELECT k FROM sbtest%d WHERE k BETWEEN 4099486 AND 4099586
for range-covered
table 1 : explain SELECT k FROM sbtest1 WHERE k BETWEEN 5428925 AND 5429025
	Index Only Scan using k_1 on sbtest1  (cost=0.43..10.50 rows=103 width=4)
	  Index Cond: ((k >= 5428925) AND (k <= 5429025))

table 2 : explain SELECT k FROM sbtest2 WHERE k BETWEEN 5428925 AND 5429025
	Index Only Scan using k_2 on sbtest2  (cost=0.43..6.40 rows=98 width=4)
	  Index Cond: ((k >= 5428925) AND (k <= 5429025))

table 3 : explain SELECT k FROM sbtest3 WHERE k BETWEEN 5428925 AND 5429025
	Index Only Scan using k_3 on sbtest3  (cost=0.43..10.42 rows=99 width=4)
	  Index Cond: ((k >= 5428925) AND (k <= 5429025))

table 4 : explain SELECT k FROM sbtest4 WHERE k BETWEEN 5428925 AND 5429025
	Index Only Scan using k_4 on sbtest4  (cost=0.43..10.29 rows=93 width=4)
	  Index Cond: ((k >= 5428925) AND (k <= 5429025))

table 5 : explain SELECT k FROM sbtest5 WHERE k BETWEEN 5428925 AND 5429025
	Index Only Scan using k_5 on sbtest5  (cost=0.43..10.28 rows=92 width=4)
	  Index Cond: ((k >= 5428925) AND (k <= 5429025))

table 6 : explain SELECT k FROM sbtest6 WHERE k BETWEEN 5428925 AND 5429025
	Index Only Scan using k_6 on sbtest6  (cost=0.43..6.58 rows=107 width=4)
	  Index Cond: ((k >= 5428925) AND (k <= 5429025))

table 7 : explain SELECT k FROM sbtest7 WHERE k BETWEEN 5428925 AND 5429025
	Index Only Scan using k_7 on sbtest7  (cost=0.43..10.56 rows=106 width=4)
	  Index Cond: ((k >= 5428925) AND (k <= 5429025))

table 8 : explain SELECT k FROM sbtest8 WHERE k BETWEEN 5428925 AND 5429025
	Index Only Scan using k_8 on sbtest8  (cost=0.43..6.35 rows=96 width=4)
	  Index Cond: ((k >= 5428925) AND (k <= 5429025))

explain: for range-covered :: explain SELECT k FROM sbtest%d WHERE k BETWEEN 5428925 AND 5429025
for range-covered
table 1 : explain SELECT k FROM sbtest1 WHERE k BETWEEN 1632641 AND 1632741
	Index Only Scan using k_1 on sbtest1  (cost=0.43..10.70 rows=113 width=4)
	  Index Cond: ((k >= 1632641) AND (k <= 1632741))

table 2 : explain SELECT k FROM sbtest2 WHERE k BETWEEN 1632641 AND 1632741
	Index Only Scan using k_2 on sbtest2  (cost=0.43..6.53 rows=105 width=4)
	  Index Cond: ((k >= 1632641) AND (k <= 1632741))

table 3 : explain SELECT k FROM sbtest3 WHERE k BETWEEN 1632641 AND 1632741
	Index Only Scan using k_3 on sbtest3  (cost=0.43..10.40 rows=98 width=4)
	  Index Cond: ((k >= 1632641) AND (k <= 1632741))

table 4 : explain SELECT k FROM sbtest4 WHERE k BETWEEN 1632641 AND 1632741
	Index Only Scan using k_4 on sbtest4  (cost=0.43..10.47 rows=102 width=4)
	  Index Cond: ((k >= 1632641) AND (k <= 1632741))

table 5 : explain SELECT k FROM sbtest5 WHERE k BETWEEN 1632641 AND 1632741
	Index Only Scan using k_5 on sbtest5  (cost=0.43..10.46 rows=101 width=4)
	  Index Cond: ((k >= 1632641) AND (k <= 1632741))

table 6 : explain SELECT k FROM sbtest6 WHERE k BETWEEN 1632641 AND 1632741
	Index Only Scan using k_6 on sbtest6  (cost=0.43..6.42 rows=99 width=4)
	  Index Cond: ((k >= 1632641) AND (k <= 1632741))

table 7 : explain SELECT k FROM sbtest7 WHERE k BETWEEN 1632641 AND 1632741
	Index Only Scan using k_7 on sbtest7  (cost=0.43..10.38 rows=97 width=4)
	  Index Cond: ((k >= 1632641) AND (k <= 1632741))

table 8 : explain SELECT k FROM sbtest8 WHERE k BETWEEN 1632641 AND 1632741
	Index Only Scan using k_8 on sbtest8  (cost=0.43..6.66 rows=111 width=4)
	  Index Cond: ((k >= 1632641) AND (k <= 1632741))

explain: for range-covered :: explain SELECT k FROM sbtest%d WHERE k BETWEEN 1632641 AND 1632741
for range-covered
table 1 : explain SELECT k FROM sbtest1 WHERE k BETWEEN 2718039 AND 2718139
	Index Only Scan using k_1 on sbtest1  (cost=0.43..10.50 rows=103 width=4)
	  Index Cond: ((k >= 2718039) AND (k <= 2718139))

table 2 : explain SELECT k FROM sbtest2 WHERE k BETWEEN 2718039 AND 2718139
	Index Only Scan using k_2 on sbtest2  (cost=0.43..6.27 rows=92 width=4)
	  Index Cond: ((k >= 2718039) AND (k <= 2718139))

table 3 : explain SELECT k FROM sbtest3 WHERE k BETWEEN 2718039 AND 2718139
	Index Only Scan using k_3 on sbtest3  (cost=0.43..10.46 rows=101 width=4)
	  Index Cond: ((k >= 2718039) AND (k <= 2718139))

table 4 : explain SELECT k FROM sbtest4 WHERE k BETWEEN 2718039 AND 2718139
	Index Only Scan using k_4 on sbtest4  (cost=0.43..10.29 rows=93 width=4)
	  Index Cond: ((k >= 2718039) AND (k <= 2718139))

table 5 : explain SELECT k FROM sbtest5 WHERE k BETWEEN 2718039 AND 2718139
	Index Only Scan using k_5 on sbtest5  (cost=0.43..10.44 rows=100 width=4)
	  Index Cond: ((k >= 2718039) AND (k <= 2718139))

table 6 : explain SELECT k FROM sbtest6 WHERE k BETWEEN 2718039 AND 2718139
	Index Only Scan using k_6 on sbtest6  (cost=0.43..6.25 rows=91 width=4)
	  Index Cond: ((k >= 2718039) AND (k <= 2718139))

table 7 : explain SELECT k FROM sbtest7 WHERE k BETWEEN 2718039 AND 2718139
	Index Only Scan using k_7 on sbtest7  (cost=0.43..10.62 rows=109 width=4)
	  Index Cond: ((k >= 2718039) AND (k <= 2718139))

table 8 : explain SELECT k FROM sbtest8 WHERE k BETWEEN 2718039 AND 2718139
	Index Only Scan using k_8 on sbtest8  (cost=0.43..6.37 rows=97 width=4)
	  Index Cond: ((k >= 2718039) AND (k <= 2718139))

explain: for range-covered :: explain SELECT k FROM sbtest%d WHERE k BETWEEN 2718039 AND 2718139
explain: for range-covered :: explain SELECT k FROM sbtest%d WHERE k BETWEEN 4904867 AND 4904967
for range-covered
table 1 : explain SELECT k FROM sbtest1 WHERE k BETWEEN 5428925 AND 5429025
	Index Only Scan using k_1 on sbtest1  (cost=0.43..10.50 rows=103 width=4)
	  Index Cond: ((k >= 5428925) AND (k <= 5429025))

table 2 : explain SELECT k FROM sbtest2 WHERE k BETWEEN 5428925 AND 5429025
	Index Only Scan using k_2 on sbtest2  (cost=0.43..6.40 rows=98 width=4)
	  Index Cond: ((k >= 5428925) AND (k <= 5429025))

table 3 : explain SELECT k FROM sbtest3 WHERE k BETWEEN 5428925 AND 5429025
	Index Only Scan using k_3 on sbtest3  (cost=0.43..10.42 rows=99 width=4)
	  Index Cond: ((k >= 5428925) AND (k <= 5429025))

table 4 : explain SELECT k FROM sbtest4 WHERE k BETWEEN 5428925 AND 5429025
	Index Only Scan using k_4 on sbtest4  (cost=0.43..10.29 rows=93 width=4)
	  Index Cond: ((k >= 5428925) AND (k <= 5429025))

table 5 : explain SELECT k FROM sbtest5 WHERE k BETWEEN 5428925 AND 5429025
	Index Only Scan using k_5 on sbtest5  (cost=0.43..10.28 rows=92 width=4)
	  Index Cond: ((k >= 5428925) AND (k <= 5429025))

table 6 : explain SELECT k FROM sbtest6 WHERE k BETWEEN 5428925 AND 5429025
	Index Only Scan using k_6 on sbtest6  (cost=0.43..6.58 rows=107 width=4)
	  Index Cond: ((k >= 5428925) AND (k <= 5429025))

table 7 : explain SELECT k FROM sbtest7 WHERE k BETWEEN 5428925 AND 5429025
	Index Only Scan using k_7 on sbtest7  (cost=0.43..10.56 rows=106 width=4)
	  Index Cond: ((k >= 5428925) AND (k <= 5429025))

table 8 : explain SELECT k FROM sbtest8 WHERE k BETWEEN 5428925 AND 5429025
	Index Only Scan using k_8 on sbtest8  (cost=0.43..6.35 rows=96 width=4)
	  Index Cond: ((k >= 5428925) AND (k <= 5429025))

explain: for range-covered :: explain SELECT k FROM sbtest%d WHERE k BETWEEN 3820480 AND 3820580
for range-covered
table 1 : explain SELECT k FROM sbtest1 WHERE k BETWEEN 5673063 AND 5673163
	Index Only Scan using k_1 on sbtest1  (cost=0.43..10.44 rows=100 width=4)
	  Index Cond: ((k >= 5673063) AND (k <= 5673163))

table 2 : explain SELECT k FROM sbtest2 WHERE k BETWEEN 5673063 AND 5673163
	Index Only Scan using k_2 on sbtest2  (cost=0.43..6.43 rows=100 width=4)
	  Index Cond: ((k >= 5673063) AND (k <= 5673163))

table 3 : explain SELECT k FROM sbtest3 WHERE k BETWEEN 5673063 AND 5673163
	Index Only Scan using k_3 on sbtest3  (cost=0.43..10.50 rows=103 width=4)
	  Index Cond: ((k >= 5673063) AND (k <= 5673163))

table 4 : explain SELECT k FROM sbtest4 WHERE k BETWEEN 5673063 AND 5673163
	Index Only Scan using k_4 on sbtest4  (cost=0.43..10.36 rows=96 width=4)
	  Index Cond: ((k >= 5673063) AND (k <= 5673163))

table 5 : explain SELECT k FROM sbtest5 WHERE k BETWEEN 5673063 AND 5673163
	Index Only Scan using k_5 on sbtest5  (cost=0.43..10.33 rows=95 width=4)
	  Index Cond: ((k >= 5673063) AND (k <= 5673163))

table 6 : explain SELECT k FROM sbtest6 WHERE k BETWEEN 5673063 AND 5673163
	Index Only Scan using k_6 on sbtest6  (cost=0.43..6.58 rows=107 width=4)
	  Index Cond: ((k >= 5673063) AND (k <= 5673163))

table 7 : explain SELECT k FROM sbtest7 WHERE k BETWEEN 5673063 AND 5673163
	Index Only Scan using k_7 on sbtest7  (cost=0.43..10.54 rows=105 width=4)
	  Index Cond: ((k >= 5673063) AND (k <= 5673163))

table 8 : explain SELECT k FROM sbtest8 WHERE k BETWEEN 5673063 AND 5673163
	Index Only Scan using k_8 on sbtest8  (cost=0.43..6.50 rows=103 width=4)
	  Index Cond: ((k >= 5673063) AND (k <= 5673163))

explain: for range-covered :: explain SELECT k FROM sbtest%d WHERE k BETWEEN 5662784 AND 5662884
for range-covered
table 1 : explain SELECT k FROM sbtest1 WHERE k BETWEEN 1632641 AND 1632741
	Index Only Scan using k_1 on sbtest1  (cost=0.43..10.70 rows=113 width=4)
	  Index Cond: ((k >= 1632641) AND (k <= 1632741))

table 2 : explain SELECT k FROM sbtest2 WHERE k BETWEEN 1632641 AND 1632741
	Index Only Scan using k_2 on sbtest2  (cost=0.43..6.53 rows=105 width=4)
	  Index Cond: ((k >= 1632641) AND (k <= 1632741))

table 3 : explain SELECT k FROM sbtest3 WHERE k BETWEEN 1632641 AND 1632741
	Index Only Scan using k_3 on sbtest3  (cost=0.43..10.40 rows=98 width=4)
	  Index Cond: ((k >= 1632641) AND (k <= 1632741))

table 4 : explain SELECT k FROM sbtest4 WHERE k BETWEEN 1632641 AND 1632741
	Index Only Scan using k_4 on sbtest4  (cost=0.43..10.47 rows=102 width=4)
	  Index Cond: ((k >= 1632641) AND (k <= 1632741))

table 5 : explain SELECT k FROM sbtest5 WHERE k BETWEEN 1632641 AND 1632741
	Index Only Scan using k_5 on sbtest5  (cost=0.43..10.46 rows=101 width=4)
	  Index Cond: ((k >= 1632641) AND (k <= 1632741))

table 6 : explain SELECT k FROM sbtest6 WHERE k BETWEEN 1632641 AND 1632741
	Index Only Scan using k_6 on sbtest6  (cost=0.43..6.42 rows=99 width=4)
	  Index Cond: ((k >= 1632641) AND (k <= 1632741))

table 7 : explain SELECT k FROM sbtest7 WHERE k BETWEEN 1632641 AND 1632741
	Index Only Scan using k_7 on sbtest7  (cost=0.43..10.38 rows=97 width=4)
	  Index Cond: ((k >= 1632641) AND (k <= 1632741))

table 8 : explain SELECT k FROM sbtest8 WHERE k BETWEEN 1632641 AND 1632741
	Index Only Scan using k_8 on sbtest8  (cost=0.43..6.66 rows=111 width=4)
	  Index Cond: ((k >= 1632641) AND (k <= 1632741))

explain: for range-covered :: explain SELECT k FROM sbtest%d WHERE k BETWEEN 5673063 AND 5673163
for range-covered
table 1 : explain SELECT k FROM sbtest1 WHERE k BETWEEN 3876157 AND 3876257
	Index Only Scan using k_1 on sbtest1  (cost=0.43..10.20 rows=88 width=4)
	  Index Cond: ((k >= 3876157) AND (k <= 3876257))

table 2 : explain SELECT k FROM sbtest2 WHERE k BETWEEN 3876157 AND 3876257
	Index Only Scan using k_2 on sbtest2  (cost=0.43..6.42 rows=99 width=4)
	  Index Cond: ((k >= 3876157) AND (k <= 3876257))

table 3 : explain SELECT k FROM sbtest3 WHERE k BETWEEN 3876157 AND 3876257
	Index Only Scan using k_3 on sbtest3  (cost=0.43..10.50 rows=103 width=4)
	  Index Cond: ((k >= 3876157) AND (k <= 3876257))

table 4 : explain SELECT k FROM sbtest4 WHERE k BETWEEN 3876157 AND 3876257
	Index Only Scan using k_4 on sbtest4  (cost=0.43..10.72 rows=114 width=4)
	  Index Cond: ((k >= 3876157) AND (k <= 3876257))

table 5 : explain SELECT k FROM sbtest5 WHERE k BETWEEN 3876157 AND 3876257
	Index Only Scan using k_5 on sbtest5  (cost=0.43..10.63 rows=110 width=4)
	  Index Cond: ((k >= 3876157) AND (k <= 3876257))

table 6 : explain SELECT k FROM sbtest6 WHERE k BETWEEN 3876157 AND 3876257
	Index Only Scan using k_6 on sbtest6  (cost=0.43..6.50 rows=103 width=4)
	  Index Cond: ((k >= 3876157) AND (k <= 3876257))

table 7 : explain SELECT k FROM sbtest7 WHERE k BETWEEN 3876157 AND 3876257
	Index Only Scan using k_7 on sbtest7  (cost=0.43..10.54 rows=105 width=4)
	  Index Cond: ((k >= 3876157) AND (k <= 3876257))

table 8 : explain SELECT k FROM sbtest8 WHERE k BETWEEN 3876157 AND 3876257
	Index Only Scan using k_8 on sbtest8  (cost=0.43..6.56 rows=106 width=4)
	  Index Cond: ((k >= 3876157) AND (k <= 3876257))

explain: for range-covered :: explain SELECT k FROM sbtest%d WHERE k BETWEEN 1632641 AND 1632741
for range-covered
table 1 : explain SELECT k FROM sbtest1 WHERE k BETWEEN 8761187 AND 8761287
	Index Only Scan using k_1 on sbtest1  (cost=0.43..10.50 rows=103 width=4)
	  Index Cond: ((k >= 8761187) AND (k <= 8761287))

table 2 : explain SELECT k FROM sbtest2 WHERE k BETWEEN 8761187 AND 8761287
	Index Only Scan using k_2 on sbtest2  (cost=0.43..6.37 rows=97 width=4)
	  Index Cond: ((k >= 8761187) AND (k <= 8761287))

table 3 : explain SELECT k FROM sbtest3 WHERE k BETWEEN 8761187 AND 8761287
	Index Only Scan using k_3 on sbtest3  (cost=0.43..10.44 rows=100 width=4)
	  Index Cond: ((k >= 8761187) AND (k <= 8761287))

table 4 : explain SELECT k FROM sbtest4 WHERE k BETWEEN 8761187 AND 8761287
	Index Only Scan using k_4 on sbtest4  (cost=0.43..10.47 rows=102 width=4)
	  Index Cond: ((k >= 8761187) AND (k <= 8761287))

table 5 : explain SELECT k FROM sbtest5 WHERE k BETWEEN 8761187 AND 8761287
	Index Only Scan using k_5 on sbtest5  (cost=0.43..10.38 rows=97 width=4)
	  Index Cond: ((k >= 8761187) AND (k <= 8761287))

table 6 : explain SELECT k FROM sbtest6 WHERE k BETWEEN 8761187 AND 8761287
	Index Only Scan using k_6 on sbtest6  (cost=0.43..6.51 rows=104 width=4)
	  Index Cond: ((k >= 8761187) AND (k <= 8761287))

table 7 : explain SELECT k FROM sbtest7 WHERE k BETWEEN 8761187 AND 8761287
	Index Only Scan using k_7 on sbtest7  (cost=0.43..10.44 rows=100 width=4)
	  Index Cond: ((k >= 8761187) AND (k <= 8761287))

table 8 : explain SELECT k FROM sbtest8 WHERE k BETWEEN 8761187 AND 8761287
	Index Only Scan using k_8 on sbtest8  (cost=0.43..6.32 rows=94 width=4)
	  Index Cond: ((k >= 8761187) AND (k <= 8761287))

for range-covered
table 1 : explain SELECT k FROM sbtest1 WHERE k BETWEEN 4099486 AND 4099586
	Index Only Scan using k_1 on sbtest1  (cost=0.43..10.38 rows=97 width=4)
	  Index Cond: ((k >= 4099486) AND (k <= 4099586))

table 2 : explain SELECT k FROM sbtest2 WHERE k BETWEEN 4099486 AND 4099586
	Index Only Scan using k_2 on sbtest2  (cost=0.43..6.56 rows=106 width=4)
	  Index Cond: ((k >= 4099486) AND (k <= 4099586))

table 3 : explain SELECT k FROM sbtest3 WHERE k BETWEEN 4099486 AND 4099586
	Index Only Scan using k_3 on sbtest3  (cost=0.43..10.47 rows=102 width=4)
	  Index Cond: ((k >= 4099486) AND (k <= 4099586))

table 4 : explain SELECT k FROM sbtest4 WHERE k BETWEEN 4099486 AND 4099586
	Index Only Scan using k_4 on sbtest4  (cost=0.43..10.62 rows=109 width=4)
	  Index Cond: ((k >= 4099486) AND (k <= 4099586))

table 5 : explain SELECT k FROM sbtest5 WHERE k BETWEEN 4099486 AND 4099586
	Index Only Scan using k_5 on sbtest5  (cost=0.43..10.29 rows=93 width=4)
	  Index Cond: ((k >= 4099486) AND (k <= 4099586))

table 6 : explain SELECT k FROM sbtest6 WHERE k BETWEEN 4099486 AND 4099586
	Index Only Scan using k_6 on sbtest6  (cost=0.43..6.53 rows=105 width=4)
	  Index Cond: ((k >= 4099486) AND (k <= 4099586))

table 7 : explain SELECT k FROM sbtest7 WHERE k BETWEEN 4099486 AND 4099586
	Index Only Scan using k_7 on sbtest7  (cost=0.43..10.60 rows=108 width=4)
	  Index Cond: ((k >= 4099486) AND (k <= 4099586))

table 8 : explain SELECT k FROM sbtest8 WHERE k BETWEEN 4099486 AND 4099586
	Index Only Scan using k_8 on sbtest8  (cost=0.43..6.59 rows=108 width=4)
	  Index Cond: ((k >= 4099486) AND (k <= 4099586))

explain: for range-covered :: explain SELECT k FROM sbtest%d WHERE k BETWEEN 3876157 AND 3876257
explain: for range-covered :: explain SELECT k FROM sbtest%d WHERE k BETWEEN 8761187 AND 8761287
explain: for range-covered :: explain SELECT k FROM sbtest%d WHERE k BETWEEN 4099486 AND 4099586
for range-covered
table 1 : explain SELECT k FROM sbtest1 WHERE k BETWEEN 8968489 AND 8968589
	Index Only Scan using k_1 on sbtest1  (cost=0.43..10.40 rows=98 width=4)
	  Index Cond: ((k >= 8968489) AND (k <= 8968589))

table 2 : explain SELECT k FROM sbtest2 WHERE k BETWEEN 8968489 AND 8968589
	Index Only Scan using k_2 on sbtest2  (cost=0.43..6.56 rows=106 width=4)
	  Index Cond: ((k >= 8968489) AND (k <= 8968589))

table 3 : explain SELECT k FROM sbtest3 WHERE k BETWEEN 8968489 AND 8968589
	Index Only Scan using k_3 on sbtest3  (cost=0.43..10.62 rows=109 width=4)
	  Index Cond: ((k >= 8968489) AND (k <= 8968589))

table 4 : explain SELECT k FROM sbtest4 WHERE k BETWEEN 8968489 AND 8968589
	Index Only Scan using k_4 on sbtest4  (cost=0.43..10.65 rows=111 width=4)
	  Index Cond: ((k >= 8968489) AND (k <= 8968589))

table 5 : explain SELECT k FROM sbtest5 WHERE k BETWEEN 8968489 AND 8968589
	Index Only Scan using k_5 on sbtest5  (cost=0.43..10.51 rows=104 width=4)
	  Index Cond: ((k >= 8968489) AND (k <= 8968589))

table 6 : explain SELECT k FROM sbtest6 WHERE k BETWEEN 8968489 AND 8968589
	Index Only Scan using k_6 on sbtest6  (cost=0.43..6.50 rows=103 width=4)
	  Index Cond: ((k >= 8968489) AND (k <= 8968589))

table 7 : explain SELECT k FROM sbtest7 WHERE k BETWEEN 8968489 AND 8968589
	Index Only Scan using k_7 on sbtest7  (cost=0.43..10.38 rows=97 width=4)
	  Index Cond: ((k >= 8968489) AND (k <= 8968589))

table 8 : explain SELECT k FROM sbtest8 WHERE k BETWEEN 8968489 AND 8968589
	Index Only Scan using k_8 on sbtest8  (cost=0.43..6.50 rows=103 width=4)
	  Index Cond: ((k >= 8968489) AND (k <= 8968589))

explain: for range-covered :: explain SELECT k FROM sbtest%d WHERE k BETWEEN 8968489 AND 8968589
explain: for range-covered :: explain SELECT k FROM sbtest%d WHERE k BETWEEN 6707351 AND 6707451
for range-covered
table 1 : explain SELECT k FROM sbtest1 WHERE k BETWEEN 1632641 AND 1632741
	Index Only Scan using k_1 on sbtest1  (cost=0.43..10.70 rows=113 width=4)
	  Index Cond: ((k >= 1632641) AND (k <= 1632741))

table 2 : explain SELECT k FROM sbtest2 WHERE k BETWEEN 1632641 AND 1632741
	Index Only Scan using k_2 on sbtest2  (cost=0.43..6.53 rows=105 width=4)
	  Index Cond: ((k >= 1632641) AND (k <= 1632741))

table 3 : explain SELECT k FROM sbtest3 WHERE k BETWEEN 1632641 AND 1632741
	Index Only Scan using k_3 on sbtest3  (cost=0.43..10.40 rows=98 width=4)
	  Index Cond: ((k >= 1632641) AND (k <= 1632741))

table 4 : explain SELECT k FROM sbtest4 WHERE k BETWEEN 1632641 AND 1632741
	Index Only Scan using k_4 on sbtest4  (cost=0.43..10.47 rows=102 width=4)
	  Index Cond: ((k >= 1632641) AND (k <= 1632741))

table 5 : explain SELECT k FROM sbtest5 WHERE k BETWEEN 1632641 AND 1632741
	Index Only Scan using k_5 on sbtest5  (cost=0.43..10.46 rows=101 width=4)
	  Index Cond: ((k >= 1632641) AND (k <= 1632741))

table 6 : explain SELECT k FROM sbtest6 WHERE k BETWEEN 1632641 AND 1632741
	Index Only Scan using k_6 on sbtest6  (cost=0.43..6.42 rows=99 width=4)
	  Index Cond: ((k >= 1632641) AND (k <= 1632741))

table 7 : explain SELECT k FROM sbtest7 WHERE k BETWEEN 1632641 AND 1632741
	Index Only Scan using k_7 on sbtest7  (cost=0.43..10.38 rows=97 width=4)
	  Index Cond: ((k >= 1632641) AND (k <= 1632741))

table 8 : explain SELECT k FROM sbtest8 WHERE k BETWEEN 1632641 AND 1632741
	Index Only Scan using k_8 on sbtest8  (cost=0.43..6.66 rows=111 width=4)
	  Index Cond: ((k >= 1632641) AND (k <= 1632741))

for range-covered
table 1 : explain SELECT k FROM sbtest1 WHERE k BETWEEN 2718039 AND 2718139
	Index Only Scan using k_1 on sbtest1  (cost=0.43..10.50 rows=103 width=4)
	  Index Cond: ((k >= 2718039) AND (k <= 2718139))

table 2 : explain SELECT k FROM sbtest2 WHERE k BETWEEN 2718039 AND 2718139
	Index Only Scan using k_2 on sbtest2  (cost=0.43..6.27 rows=92 width=4)
	  Index Cond: ((k >= 2718039) AND (k <= 2718139))

table 3 : explain SELECT k FROM sbtest3 WHERE k BETWEEN 2718039 AND 2718139
	Index Only Scan using k_3 on sbtest3  (cost=0.43..10.46 rows=101 width=4)
	  Index Cond: ((k >= 2718039) AND (k <= 2718139))

table 4 : explain SELECT k FROM sbtest4 WHERE k BETWEEN 2718039 AND 2718139
	Index Only Scan using k_4 on sbtest4  (cost=0.43..10.29 rows=93 width=4)
	  Index Cond: ((k >= 2718039) AND (k <= 2718139))

table 5 : explain SELECT k FROM sbtest5 WHERE k BETWEEN 2718039 AND 2718139
	Index Only Scan using k_5 on sbtest5  (cost=0.43..10.44 rows=100 width=4)
	  Index Cond: ((k >= 2718039) AND (k <= 2718139))

table 6 : explain SELECT k FROM sbtest6 WHERE k BETWEEN 2718039 AND 2718139
	Index Only Scan using k_6 on sbtest6  (cost=0.43..6.25 rows=91 width=4)
	  Index Cond: ((k >= 2718039) AND (k <= 2718139))

table 7 : explain SELECT k FROM sbtest7 WHERE k BETWEEN 2718039 AND 2718139
	Index Only Scan using k_7 on sbtest7  (cost=0.43..10.62 rows=109 width=4)
	  Index Cond: ((k >= 2718039) AND (k <= 2718139))

table 8 : explain SELECT k FROM sbtest8 WHERE k BETWEEN 2718039 AND 2718139
	Index Only Scan using k_8 on sbtest8  (cost=0.43..6.37 rows=97 width=4)
	  Index Cond: ((k >= 2718039) AND (k <= 2718139))

for range-covered
table 1 : explain SELECT k FROM sbtest1 WHERE k BETWEEN 3876157 AND 3876257
	Index Only Scan using k_1 on sbtest1  (cost=0.43..10.20 rows=88 width=4)
	  Index Cond: ((k >= 3876157) AND (k <= 3876257))

table 2 : explain SELECT k FROM sbtest2 WHERE k BETWEEN 3876157 AND 3876257
	Index Only Scan using k_2 on sbtest2  (cost=0.43..6.42 rows=99 width=4)
	  Index Cond: ((k >= 3876157) AND (k <= 3876257))

table 3 : explain SELECT k FROM sbtest3 WHERE k BETWEEN 3876157 AND 3876257
	Index Only Scan using k_3 on sbtest3  (cost=0.43..10.50 rows=103 width=4)
	  Index Cond: ((k >= 3876157) AND (k <= 3876257))

table 4 : explain SELECT k FROM sbtest4 WHERE k BETWEEN 3876157 AND 3876257
	Index Only Scan using k_4 on sbtest4  (cost=0.43..10.72 rows=114 width=4)
	  Index Cond: ((k >= 3876157) AND (k <= 3876257))

table 5 : explain SELECT k FROM sbtest5 WHERE k BETWEEN 3876157 AND 3876257
	Index Only Scan using k_5 on sbtest5  (cost=0.43..10.63 rows=110 width=4)
	  Index Cond: ((k >= 3876157) AND (k <= 3876257))

table 6 : explain SELECT k FROM sbtest6 WHERE k BETWEEN 3876157 AND 3876257
	Index Only Scan using k_6 on sbtest6  (cost=0.43..6.50 rows=103 width=4)
	  Index Cond: ((k >= 3876157) AND (k <= 3876257))

table 7 : explain SELECT k FROM sbtest7 WHERE k BETWEEN 3876157 AND 3876257
	Index Only Scan using k_7 on sbtest7  (cost=0.43..10.54 rows=105 width=4)
	  Index Cond: ((k >= 3876157) AND (k <= 3876257))

table 8 : explain SELECT k FROM sbtest8 WHERE k BETWEEN 3876157 AND 3876257
	Index Only Scan using k_8 on sbtest8  (cost=0.43..6.56 rows=106 width=4)
	  Index Cond: ((k >= 3876157) AND (k <= 3876257))

explain: for range-covered :: explain SELECT k FROM sbtest%d WHERE k BETWEEN 1632641 AND 1632741
for range-covered
table 1 : explain SELECT k FROM sbtest1 WHERE k BETWEEN 8761187 AND 8761287
	Index Only Scan using k_1 on sbtest1  (cost=0.43..10.50 rows=103 width=4)
	  Index Cond: ((k >= 8761187) AND (k <= 8761287))

table 2 : explain SELECT k FROM sbtest2 WHERE k BETWEEN 8761187 AND 8761287
	Index Only Scan using k_2 on sbtest2  (cost=0.43..6.37 rows=97 width=4)
	  Index Cond: ((k >= 8761187) AND (k <= 8761287))

table 3 : explain SELECT k FROM sbtest3 WHERE k BETWEEN 8761187 AND 8761287
	Index Only Scan using k_3 on sbtest3  (cost=0.43..10.44 rows=100 width=4)
	  Index Cond: ((k >= 8761187) AND (k <= 8761287))

table 4 : explain SELECT k FROM sbtest4 WHERE k BETWEEN 8761187 AND 8761287
	Index Only Scan using k_4 on sbtest4  (cost=0.43..10.47 rows=102 width=4)
	  Index Cond: ((k >= 8761187) AND (k <= 8761287))

table 5 : explain SELECT k FROM sbtest5 WHERE k BETWEEN 8761187 AND 8761287
	Index Only Scan using k_5 on sbtest5  (cost=0.43..10.38 rows=97 width=4)
	  Index Cond: ((k >= 8761187) AND (k <= 8761287))

table 6 : explain SELECT k FROM sbtest6 WHERE k BETWEEN 8761187 AND 8761287
	Index Only Scan using k_6 on sbtest6  (cost=0.43..6.51 rows=104 width=4)
	  Index Cond: ((k >= 8761187) AND (k <= 8761287))

table 7 : explain SELECT k FROM sbtest7 WHERE k BETWEEN 8761187 AND 8761287
	Index Only Scan using k_7 on sbtest7  (cost=0.43..10.44 rows=100 width=4)
	  Index Cond: ((k >= 8761187) AND (k <= 8761287))

table 8 : explain SELECT k FROM sbtest8 WHERE k BETWEEN 8761187 AND 8761287
	Index Only Scan using k_8 on sbtest8  (cost=0.43..6.32 rows=94 width=4)
	  Index Cond: ((k >= 8761187) AND (k <= 8761287))

explain: for range-covered :: explain SELECT k FROM sbtest%d WHERE k BETWEEN 3876157 AND 3876257
explain: for range-covered :: explain SELECT k FROM sbtest%d WHERE k BETWEEN 2718039 AND 2718139
explain: for range-covered :: explain SELECT k FROM sbtest%d WHERE k BETWEEN 8761187 AND 8761287
explain: for range-covered :: explain SELECT k FROM sbtest%d WHERE k BETWEEN 5866631 AND 5866731
for range-covered
table 1 : explain SELECT k FROM sbtest1 WHERE k BETWEEN 8968489 AND 8968589
	Index Only Scan using k_1 on sbtest1  (cost=0.43..10.40 rows=98 width=4)
	  Index Cond: ((k >= 8968489) AND (k <= 8968589))

table 2 : explain SELECT k FROM sbtest2 WHERE k BETWEEN 8968489 AND 8968589
	Index Only Scan using k_2 on sbtest2  (cost=0.43..6.56 rows=106 width=4)
	  Index Cond: ((k >= 8968489) AND (k <= 8968589))

table 3 : explain SELECT k FROM sbtest3 WHERE k BETWEEN 8968489 AND 8968589
	Index Only Scan using k_3 on sbtest3  (cost=0.43..10.62 rows=109 width=4)
	  Index Cond: ((k >= 8968489) AND (k <= 8968589))

table 4 : explain SELECT k FROM sbtest4 WHERE k BETWEEN 8968489 AND 8968589
	Index Only Scan using k_4 on sbtest4  (cost=0.43..10.65 rows=111 width=4)
	  Index Cond: ((k >= 8968489) AND (k <= 8968589))

table 5 : explain SELECT k FROM sbtest5 WHERE k BETWEEN 8968489 AND 8968589
	Index Only Scan using k_5 on sbtest5  (cost=0.43..10.51 rows=104 width=4)
	  Index Cond: ((k >= 8968489) AND (k <= 8968589))

table 6 : explain SELECT k FROM sbtest6 WHERE k BETWEEN 8968489 AND 8968589
	Index Only Scan using k_6 on sbtest6  (cost=0.43..6.50 rows=103 width=4)
	  Index Cond: ((k >= 8968489) AND (k <= 8968589))

table 7 : explain SELECT k FROM sbtest7 WHERE k BETWEEN 8968489 AND 8968589
	Index Only Scan using k_7 on sbtest7  (cost=0.43..10.38 rows=97 width=4)
	  Index Cond: ((k >= 8968489) AND (k <= 8968589))

table 8 : explain SELECT k FROM sbtest8 WHERE k BETWEEN 8968489 AND 8968589
	Index Only Scan using k_8 on sbtest8  (cost=0.43..6.50 rows=103 width=4)
	  Index Cond: ((k >= 8968489) AND (k <= 8968589))

explain: for range-covered :: explain SELECT k FROM sbtest%d WHERE k BETWEEN 5084426 AND 5084526
explain: for range-covered :: explain SELECT k FROM sbtest%d WHERE k BETWEEN 8968489 AND 8968589
for range-covered
table 1 : explain SELECT k FROM sbtest1 WHERE k BETWEEN 4099486 AND 4099586
	Index Only Scan using k_1 on sbtest1  (cost=0.43..10.38 rows=97 width=4)
	  Index Cond: ((k >= 4099486) AND (k <= 4099586))

table 2 : explain SELECT k FROM sbtest2 WHERE k BETWEEN 4099486 AND 4099586
	Index Only Scan using k_2 on sbtest2  (cost=0.43..6.56 rows=106 width=4)
	  Index Cond: ((k >= 4099486) AND (k <= 4099586))

table 3 : explain SELECT k FROM sbtest3 WHERE k BETWEEN 4099486 AND 4099586
	Index Only Scan using k_3 on sbtest3  (cost=0.43..10.47 rows=102 width=4)
	  Index Cond: ((k >= 4099486) AND (k <= 4099586))

table 4 : explain SELECT k FROM sbtest4 WHERE k BETWEEN 4099486 AND 4099586
	Index Only Scan using k_4 on sbtest4  (cost=0.43..10.62 rows=109 width=4)
	  Index Cond: ((k >= 4099486) AND (k <= 4099586))

table 5 : explain SELECT k FROM sbtest5 WHERE k BETWEEN 4099486 AND 4099586
	Index Only Scan using k_5 on sbtest5  (cost=0.43..10.29 rows=93 width=4)
	  Index Cond: ((k >= 4099486) AND (k <= 4099586))

table 6 : explain SELECT k FROM sbtest6 WHERE k BETWEEN 4099486 AND 4099586
	Index Only Scan using k_6 on sbtest6  (cost=0.43..6.53 rows=105 width=4)
	  Index Cond: ((k >= 4099486) AND (k <= 4099586))

table 7 : explain SELECT k FROM sbtest7 WHERE k BETWEEN 4099486 AND 4099586
	Index Only Scan using k_7 on sbtest7  (cost=0.43..10.60 rows=108 width=4)
	  Index Cond: ((k >= 4099486) AND (k <= 4099586))

table 8 : explain SELECT k FROM sbtest8 WHERE k BETWEEN 4099486 AND 4099586
	Index Only Scan using k_8 on sbtest8  (cost=0.43..6.59 rows=108 width=4)
	  Index Cond: ((k >= 4099486) AND (k <= 4099586))
for range-covered
table 1 : explain SELECT k FROM sbtest1 WHERE k BETWEEN 1632641 AND 1632741
	Index Only Scan using k_1 on sbtest1  (cost=0.43..10.70 rows=113 width=4)
	  Index Cond: ((k >= 1632641) AND (k <= 1632741))

table 2 : explain SELECT k FROM sbtest2 WHERE k BETWEEN 1632641 AND 1632741
	Index Only Scan using k_2 on sbtest2  (cost=0.43..6.53 rows=105 width=4)
	  Index Cond: ((k >= 1632641) AND (k <= 1632741))

table 3 : explain SELECT k FROM sbtest3 WHERE k BETWEEN 1632641 AND 1632741
	Index Only Scan using k_3 on sbtest3  (cost=0.43..10.40 rows=98 width=4)
	  Index Cond: ((k >= 1632641) AND (k <= 1632741))

table 4 : explain SELECT k FROM sbtest4 WHERE k BETWEEN 1632641 AND 1632741
	Index Only Scan using k_4 on sbtest4  (cost=0.43..10.47 rows=102 width=4)
	  Index Cond: ((k >= 1632641) AND (k <= 1632741))

table 5 : explain SELECT k FROM sbtest5 WHERE k BETWEEN 1632641 AND 1632741
	Index Only Scan using k_5 on sbtest5  (cost=0.43..10.46 rows=101 width=4)
	  Index Cond: ((k >= 1632641) AND (k <= 1632741))

table 6 : explain SELECT k FROM sbtest6 WHERE k BETWEEN 1632641 AND 1632741
	Index Only Scan using k_6 on sbtest6  (cost=0.43..6.42 rows=99 width=4)
	  Index Cond: ((k >= 1632641) AND (k <= 1632741))

table 7 : explain SELECT k FROM sbtest7 WHERE k BETWEEN 1632641 AND 1632741
	Index Only Scan using k_7 on sbtest7  (cost=0.43..10.38 rows=97 width=4)
	  Index Cond: ((k >= 1632641) AND (k <= 1632741))

table 8 : explain SELECT k FROM sbtest8 WHERE k BETWEEN 1632641 AND 1632741
	Index Only Scan using k_8 on sbtest8  (cost=0.43..6.66 rows=111 width=4)
	  Index Cond: ((k >= 1632641) AND (k <= 1632741))

for range-covered
table 1 : explain SELECT k FROM sbtest1 WHERE k BETWEEN 3876157 AND 3876257
	Index Only Scan using k_1 on sbtest1  (cost=0.43..10.20 rows=88 width=4)
	  Index Cond: ((k >= 3876157) AND (k <= 3876257))

table 2 : explain SELECT k FROM sbtest2 WHERE k BETWEEN 3876157 AND 3876257
	Index Only Scan using k_2 on sbtest2  (cost=0.43..6.42 rows=99 width=4)
	  Index Cond: ((k >= 3876157) AND (k <= 3876257))

table 3 : explain SELECT k FROM sbtest3 WHERE k BETWEEN 3876157 AND 3876257
	Index Only Scan using k_3 on sbtest3  (cost=0.43..10.50 rows=103 width=4)
	  Index Cond: ((k >= 3876157) AND (k <= 3876257))

table 4 : explain SELECT k FROM sbtest4 WHERE k BETWEEN 3876157 AND 3876257
	Index Only Scan using k_4 on sbtest4  (cost=0.43..10.72 rows=114 width=4)
	  Index Cond: ((k >= 3876157) AND (k <= 3876257))

table 5 : explain SELECT k FROM sbtest5 WHERE k BETWEEN 3876157 AND 3876257
	Index Only Scan using k_5 on sbtest5  (cost=0.43..10.63 rows=110 width=4)
	  Index Cond: ((k >= 3876157) AND (k <= 3876257))

table 6 : explain SELECT k FROM sbtest6 WHERE k BETWEEN 3876157 AND 3876257
	Index Only Scan using k_6 on sbtest6  (cost=0.43..6.50 rows=103 width=4)
	  Index Cond: ((k >= 3876157) AND (k <= 3876257))

table 7 : explain SELECT k FROM sbtest7 WHERE k BETWEEN 3876157 AND 3876257
	Index Only Scan using k_7 on sbtest7  (cost=0.43..10.54 rows=105 width=4)
	  Index Cond: ((k >= 3876157) AND (k <= 3876257))

table 8 : explain SELECT k FROM sbtest8 WHERE k BETWEEN 3876157 AND 3876257
	Index Only Scan using k_8 on sbtest8  (cost=0.43..6.56 rows=106 width=4)
	  Index Cond: ((k >= 3876157) AND (k <= 3876257))


for range-covered
table 1 : explain SELECT k FROM sbtest1 WHERE k BETWEEN 8761187 AND 8761287
	Index Only Scan using k_1 on sbtest1  (cost=0.43..10.50 rows=103 width=4)
	  Index Cond: ((k >= 8761187) AND (k <= 8761287))

table 2 : explain SELECT k FROM sbtest2 WHERE k BETWEEN 8761187 AND 8761287
	Index Only Scan using k_2 on sbtest2  (cost=0.43..6.37 rows=97 width=4)
	  Index Cond: ((k >= 8761187) AND (k <= 8761287))

table 3 : explain SELECT k FROM sbtest3 WHERE k BETWEEN 8761187 AND 8761287
	Index Only Scan using k_3 on sbtest3  (cost=0.43..10.44 rows=100 width=4)
	  Index Cond: ((k >= 8761187) AND (k <= 8761287))

table 4 : explain SELECT k FROM sbtest4 WHERE k BETWEEN 8761187 AND 8761287
	Index Only Scan using k_4 on sbtest4  (cost=0.43..10.47 rows=102 width=4)
	  Index Cond: ((k >= 8761187) AND (k <= 8761287))

table 5 : explain SELECT k FROM sbtest5 WHERE k BETWEEN 8761187 AND 8761287
	Index Only Scan using k_5 on sbtest5  (cost=0.43..10.38 rows=97 width=4)
	  Index Cond: ((k >= 8761187) AND (k <= 8761287))

table 6 : explain SELECT k FROM sbtest6 WHERE k BETWEEN 8761187 AND 8761287
	Index Only Scan using k_6 on sbtest6  (cost=0.43..6.51 rows=104 width=4)
	  Index Cond: ((k >= 8761187) AND (k <= 8761287))

table 7 : explain SELECT k FROM sbtest7 WHERE k BETWEEN 8761187 AND 8761287
	Index Only Scan using k_7 on sbtest7  (cost=0.43..10.44 rows=100 width=4)
	  Index Cond: ((k >= 8761187) AND (k <= 8761287))

table 8 : explain SELECT k FROM sbtest8 WHERE k BETWEEN 8761187 AND 8761287
	Index Only Scan using k_8 on sbtest8  (cost=0.43..6.32 rows=94 width=4)
	  Index Cond: ((k >= 8761187) AND (k <= 8761287))

explain: for range-covered :: explain SELECT k FROM sbtest%d WHERE k BETWEEN 3876157 AND 3876257
explain: for range-covered :: explain SELECT k FROM sbtest%d WHERE k BETWEEN 8761187 AND 8761287
explain: for range-covered :: explain SELECT k FROM sbtest%d WHERE k BETWEEN 4099486 AND 4099586
explain: for range-covered :: explain SELECT k FROM sbtest%d WHERE k BETWEEN 1632641 AND 1632741
for range-covered
table 1 : explain SELECT k FROM sbtest1 WHERE k BETWEEN 8968489 AND 8968589
	Index Only Scan using k_1 on sbtest1  (cost=0.43..10.40 rows=98 width=4)
	  Index Cond: ((k >= 8968489) AND (k <= 8968589))

table 2 : explain SELECT k FROM sbtest2 WHERE k BETWEEN 8968489 AND 8968589
	Index Only Scan using k_2 on sbtest2  (cost=0.43..6.56 rows=106 width=4)
	  Index Cond: ((k >= 8968489) AND (k <= 8968589))

table 3 : explain SELECT k FROM sbtest3 WHERE k BETWEEN 8968489 AND 8968589
	Index Only Scan using k_3 on sbtest3  (cost=0.43..10.62 rows=109 width=4)
	  Index Cond: ((k >= 8968489) AND (k <= 8968589))

table 4 : explain SELECT k FROM sbtest4 WHERE k BETWEEN 8968489 AND 8968589
	Index Only Scan using k_4 on sbtest4  (cost=0.43..10.65 rows=111 width=4)
	  Index Cond: ((k >= 8968489) AND (k <= 8968589))

table 5 : explain SELECT k FROM sbtest5 WHERE k BETWEEN 8968489 AND 8968589
	Index Only Scan using k_5 on sbtest5  (cost=0.43..10.51 rows=104 width=4)
	  Index Cond: ((k >= 8968489) AND (k <= 8968589))

table 6 : explain SELECT k FROM sbtest6 WHERE k BETWEEN 8968489 AND 8968589
	Index Only Scan using k_6 on sbtest6  (cost=0.43..6.50 rows=103 width=4)
	  Index Cond: ((k >= 8968489) AND (k <= 8968589))

table 7 : explain SELECT k FROM sbtest7 WHERE k BETWEEN 8968489 AND 8968589
	Index Only Scan using k_7 on sbtest7  (cost=0.43..10.38 rows=97 width=4)
	  Index Cond: ((k >= 8968489) AND (k <= 8968589))

table 8 : explain SELECT k FROM sbtest8 WHERE k BETWEEN 8968489 AND 8968589
	Index Only Scan using k_8 on sbtest8  (cost=0.43..6.50 rows=103 width=4)
	  Index Cond: ((k >= 8968489) AND (k <= 8968589))

for range-covered
table 1 : explain SELECT k FROM sbtest1 WHERE k BETWEEN 3820480 AND 3820580
	Index Only Scan using k_1 on sbtest1  (cost=0.43..10.40 rows=98 width=4)
	  Index Cond: ((k >= 3820480) AND (k <= 3820580))

table 2 : explain SELECT k FROM sbtest2 WHERE k BETWEEN 3820480 AND 3820580
	Index Only Scan using k_2 on sbtest2  (cost=0.43..6.42 rows=99 width=4)
	  Index Cond: ((k >= 3820480) AND (k <= 3820580))

table 3 : explain SELECT k FROM sbtest3 WHERE k BETWEEN 3820480 AND 3820580
	Index Only Scan using k_3 on sbtest3  (cost=0.43..10.50 rows=103 width=4)
	  Index Cond: ((k >= 3820480) AND (k <= 3820580))

table 4 : explain SELECT k FROM sbtest4 WHERE k BETWEEN 3820480 AND 3820580
	Index Only Scan using k_4 on sbtest4  (cost=0.43..10.72 rows=114 width=4)
	  Index Cond: ((k >= 3820480) AND (k <= 3820580))

table 5 : explain SELECT k FROM sbtest5 WHERE k BETWEEN 3820480 AND 3820580
	Index Only Scan using k_5 on sbtest5  (cost=0.43..10.38 rows=97 width=4)
	  Index Cond: ((k >= 3820480) AND (k <= 3820580))

table 6 : explain SELECT k FROM sbtest6 WHERE k BETWEEN 3820480 AND 3820580
	Index Only Scan using k_6 on sbtest6  (cost=0.43..6.63 rows=110 width=4)
	  Index Cond: ((k >= 3820480) AND (k <= 3820580))

table 7 : explain SELECT k FROM sbtest7 WHERE k BETWEEN 3820480 AND 3820580
	Index Only Scan using k_7 on sbtest7  (cost=0.43..10.54 rows=105 width=4)
	  Index Cond: ((k >= 3820480) AND (k <= 3820580))

table 8 : explain SELECT k FROM sbtest8 WHERE k BETWEEN 3820480 AND 3820580
	Index Only Scan using k_8 on sbtest8  (cost=0.43..6.33 rows=95 width=4)
	  Index Cond: ((k >= 3820480) AND (k <= 3820580))

explain: for range-covered :: explain SELECT k FROM sbtest%d WHERE k BETWEEN 8968489 AND 8968589
for range-covered
table 1 : explain SELECT k FROM sbtest1 WHERE k BETWEEN 2718039 AND 2718139
	Index Only Scan using k_1 on sbtest1  (cost=0.43..10.50 rows=103 width=4)
	  Index Cond: ((k >= 2718039) AND (k <= 2718139))

table 2 : explain SELECT k FROM sbtest2 WHERE k BETWEEN 2718039 AND 2718139
	Index Only Scan using k_2 on sbtest2  (cost=0.43..6.27 rows=92 width=4)
	  Index Cond: ((k >= 2718039) AND (k <= 2718139))

table 3 : explain SELECT k FROM sbtest3 WHERE k BETWEEN 2718039 AND 2718139
	Index Only Scan using k_3 on sbtest3  (cost=0.43..10.46 rows=101 width=4)
	  Index Cond: ((k >= 2718039) AND (k <= 2718139))

table 4 : explain SELECT k FROM sbtest4 WHERE k BETWEEN 2718039 AND 2718139
	Index Only Scan using k_4 on sbtest4  (cost=0.43..10.29 rows=93 width=4)
	  Index Cond: ((k >= 2718039) AND (k <= 2718139))

table 5 : explain SELECT k FROM sbtest5 WHERE k BETWEEN 2718039 AND 2718139
	Index Only Scan using k_5 on sbtest5  (cost=0.43..10.44 rows=100 width=4)
	  Index Cond: ((k >= 2718039) AND (k <= 2718139))

table 6 : explain SELECT k FROM sbtest6 WHERE k BETWEEN 2718039 AND 2718139
	Index Only Scan using k_6 on sbtest6  (cost=0.43..6.25 rows=91 width=4)
	  Index Cond: ((k >= 2718039) AND (k <= 2718139))

table 7 : explain SELECT k FROM sbtest7 WHERE k BETWEEN 2718039 AND 2718139
	Index Only Scan using k_7 on sbtest7  (cost=0.43..10.62 rows=109 width=4)
	  Index Cond: ((k >= 2718039) AND (k <= 2718139))

table 8 : explain SELECT k FROM sbtest8 WHERE k BETWEEN 2718039 AND 2718139
	Index Only Scan using k_8 on sbtest8  (cost=0.43..6.37 rows=97 width=4)
	  Index Cond: ((k >= 2718039) AND (k <= 2718139))

explain: for range-covered :: explain SELECT k FROM sbtest%d WHERE k BETWEEN 3820480 AND 3820580
explain: for range-covered :: explain SELECT k FROM sbtest%d WHERE k BETWEEN 2718039 AND 2718139
for range-covered
table 1 : explain SELECT k FROM sbtest1 WHERE k BETWEEN 4904867 AND 4904967
	Index Only Scan using k_1 on sbtest1  (cost=0.43..10.62 rows=109 width=4)
	  Index Cond: ((k >= 4904867) AND (k <= 4904967))

table 2 : explain SELECT k FROM sbtest2 WHERE k BETWEEN 4904867 AND 4904967
	Index Only Scan using k_2 on sbtest2  (cost=0.43..6.43 rows=100 width=4)
	  Index Cond: ((k >= 4904867) AND (k <= 4904967))

table 3 : explain SELECT k FROM sbtest3 WHERE k BETWEEN 4904867 AND 4904967
	Index Only Scan using k_3 on sbtest3  (cost=0.43..10.54 rows=105 width=4)
	  Index Cond: ((k >= 4904867) AND (k <= 4904967))

table 4 : explain SELECT k FROM sbtest4 WHERE k BETWEEN 4904867 AND 4904967
	Index Only Scan using k_4 on sbtest4  (cost=0.43..10.60 rows=108 width=4)
	  Index Cond: ((k >= 4904867) AND (k <= 4904967))

table 5 : explain SELECT k FROM sbtest5 WHERE k BETWEEN 4904867 AND 4904967
	Index Only Scan using k_5 on sbtest5  (cost=0.43..10.63 rows=110 width=4)
	  Index Cond: ((k >= 4904867) AND (k <= 4904967))

table 6 : explain SELECT k FROM sbtest6 WHERE k BETWEEN 4904867 AND 4904967
	Index Only Scan using k_6 on sbtest6  (cost=0.43..6.37 rows=97 width=4)
	  Index Cond: ((k >= 4904867) AND (k <= 4904967))

table 7 : explain SELECT k FROM sbtest7 WHERE k BETWEEN 4904867 AND 4904967
	Index Only Scan using k_7 on sbtest7  (cost=0.43..10.50 rows=103 width=4)
	  Index Cond: ((k >= 4904867) AND (k <= 4904967))

table 8 : explain SELECT k FROM sbtest8 WHERE k BETWEEN 4904867 AND 4904967
	Index Only Scan using k_8 on sbtest8  (cost=0.43..6.43 rows=100 width=4)
	  Index Cond: ((k >= 4904867) AND (k <= 4904967))

explain: for range-covered :: explain SELECT k FROM sbtest%d WHERE k BETWEEN 4904867 AND 4904967
for range-covered
table 1 : explain SELECT k FROM sbtest1 WHERE k BETWEEN 3876157 AND 3876257
	Index Only Scan using k_1 on sbtest1  (cost=0.43..10.20 rows=88 width=4)
	  Index Cond: ((k >= 3876157) AND (k <= 3876257))

table 2 : explain SELECT k FROM sbtest2 WHERE k BETWEEN 3876157 AND 3876257
	Index Only Scan using k_2 on sbtest2  (cost=0.43..6.42 rows=99 width=4)
	  Index Cond: ((k >= 3876157) AND (k <= 3876257))

table 3 : explain SELECT k FROM sbtest3 WHERE k BETWEEN 3876157 AND 3876257
	Index Only Scan using k_3 on sbtest3  (cost=0.43..10.50 rows=103 width=4)
	  Index Cond: ((k >= 3876157) AND (k <= 3876257))

table 4 : explain SELECT k FROM sbtest4 WHERE k BETWEEN 3876157 AND 3876257
	Index Only Scan using k_4 on sbtest4  (cost=0.43..10.72 rows=114 width=4)
	  Index Cond: ((k >= 3876157) AND (k <= 3876257))

table 5 : explain SELECT k FROM sbtest5 WHERE k BETWEEN 3876157 AND 3876257
	Index Only Scan using k_5 on sbtest5  (cost=0.43..10.63 rows=110 width=4)
	  Index Cond: ((k >= 3876157) AND (k <= 3876257))

table 6 : explain SELECT k FROM sbtest6 WHERE k BETWEEN 3876157 AND 3876257
	Index Only Scan using k_6 on sbtest6  (cost=0.43..6.50 rows=103 width=4)
	  Index Cond: ((k >= 3876157) AND (k <= 3876257))

table 7 : explain SELECT k FROM sbtest7 WHERE k BETWEEN 3876157 AND 3876257
	Index Only Scan using k_7 on sbtest7  (cost=0.43..10.54 rows=105 width=4)
	  Index Cond: ((k >= 3876157) AND (k <= 3876257))

table 8 : explain SELECT k FROM sbtest8 WHERE k BETWEEN 3876157 AND 3876257
	Index Only Scan using k_8 on sbtest8  (cost=0.43..6.56 rows=106 width=4)
	  Index Cond: ((k >= 3876157) AND (k <= 3876257))

for range-covered
table 1 : explain SELECT k FROM sbtest1 WHERE k BETWEEN 8761187 AND 8761287
	Index Only Scan using k_1 on sbtest1  (cost=0.43..10.50 rows=103 width=4)
	  Index Cond: ((k >= 8761187) AND (k <= 8761287))

table 2 : explain SELECT k FROM sbtest2 WHERE k BETWEEN 8761187 AND 8761287
	Index Only Scan using k_2 on sbtest2  (cost=0.43..6.37 rows=97 width=4)
	  Index Cond: ((k >= 8761187) AND (k <= 8761287))

table 3 : explain SELECT k FROM sbtest3 WHERE k BETWEEN 8761187 AND 8761287
	Index Only Scan using k_3 on sbtest3  (cost=0.43..10.44 rows=100 width=4)
	  Index Cond: ((k >= 8761187) AND (k <= 8761287))

table 4 : explain SELECT k FROM sbtest4 WHERE k BETWEEN 8761187 AND 8761287
	Index Only Scan using k_4 on sbtest4  (cost=0.43..10.47 rows=102 width=4)
	  Index Cond: ((k >= 8761187) AND (k <= 8761287))

table 5 : explain SELECT k FROM sbtest5 WHERE k BETWEEN 8761187 AND 8761287
	Index Only Scan using k_5 on sbtest5  (cost=0.43..10.38 rows=97 width=4)
	  Index Cond: ((k >= 8761187) AND (k <= 8761287))

table 6 : explain SELECT k FROM sbtest6 WHERE k BETWEEN 8761187 AND 8761287
	Index Only Scan using k_6 on sbtest6  (cost=0.43..6.51 rows=104 width=4)
	  Index Cond: ((k >= 8761187) AND (k <= 8761287))

table 7 : explain SELECT k FROM sbtest7 WHERE k BETWEEN 8761187 AND 8761287
	Index Only Scan using k_7 on sbtest7  (cost=0.43..10.44 rows=100 width=4)
	  Index Cond: ((k >= 8761187) AND (k <= 8761287))

table 8 : explain SELECT k FROM sbtest8 WHERE k BETWEEN 8761187 AND 8761287
	Index Only Scan using k_8 on sbtest8  (cost=0.43..6.32 rows=94 width=4)
	  Index Cond: ((k >= 8761187) AND (k <= 8761287))

explain: for range-covered :: explain SELECT k FROM sbtest%d WHERE k BETWEEN 3876157 AND 3876257
explain: for range-covered :: explain SELECT k FROM sbtest%d WHERE k BETWEEN 8761187 AND 8761287
for range-covered
table 1 : explain SELECT k FROM sbtest1 WHERE k BETWEEN 1632641 AND 1632741
	Index Only Scan using k_1 on sbtest1  (cost=0.43..10.70 rows=113 width=4)
	  Index Cond: ((k >= 1632641) AND (k <= 1632741))

table 2 : explain SELECT k FROM sbtest2 WHERE k BETWEEN 1632641 AND 1632741
	Index Only Scan using k_2 on sbtest2  (cost=0.43..6.53 rows=105 width=4)
	  Index Cond: ((k >= 1632641) AND (k <= 1632741))

table 3 : explain SELECT k FROM sbtest3 WHERE k BETWEEN 1632641 AND 1632741
	Index Only Scan using k_3 on sbtest3  (cost=0.43..10.40 rows=98 width=4)
	  Index Cond: ((k >= 1632641) AND (k <= 1632741))

table 4 : explain SELECT k FROM sbtest4 WHERE k BETWEEN 1632641 AND 1632741
	Index Only Scan using k_4 on sbtest4  (cost=0.43..10.47 rows=102 width=4)
	  Index Cond: ((k >= 1632641) AND (k <= 1632741))

table 5 : explain SELECT k FROM sbtest5 WHERE k BETWEEN 1632641 AND 1632741
	Index Only Scan using k_5 on sbtest5  (cost=0.43..10.46 rows=101 width=4)
	  Index Cond: ((k >= 1632641) AND (k <= 1632741))

table 6 : explain SELECT k FROM sbtest6 WHERE k BETWEEN 1632641 AND 1632741
	Index Only Scan using k_6 on sbtest6  (cost=0.43..6.42 rows=99 width=4)
	  Index Cond: ((k >= 1632641) AND (k <= 1632741))

table 7 : explain SELECT k FROM sbtest7 WHERE k BETWEEN 1632641 AND 1632741
	Index Only Scan using k_7 on sbtest7  (cost=0.43..10.38 rows=97 width=4)
	  Index Cond: ((k >= 1632641) AND (k <= 1632741))

table 8 : explain SELECT k FROM sbtest8 WHERE k BETWEEN 1632641 AND 1632741
	Index Only Scan using k_8 on sbtest8  (cost=0.43..6.66 rows=111 width=4)
	  Index Cond: ((k >= 1632641) AND (k <= 1632741))

for range-covered
table 1 : explain SELECT k FROM sbtest1 WHERE k BETWEEN 8968489 AND 8968589
	Index Only Scan using k_1 on sbtest1  (cost=0.43..10.40 rows=98 width=4)
	  Index Cond: ((k >= 8968489) AND (k <= 8968589))

table 2 : explain SELECT k FROM sbtest2 WHERE k BETWEEN 8968489 AND 8968589
	Index Only Scan using k_2 on sbtest2  (cost=0.43..6.56 rows=106 width=4)
	  Index Cond: ((k >= 8968489) AND (k <= 8968589))

table 3 : explain SELECT k FROM sbtest3 WHERE k BETWEEN 8968489 AND 8968589
	Index Only Scan using k_3 on sbtest3  (cost=0.43..10.62 rows=109 width=4)
	  Index Cond: ((k >= 8968489) AND (k <= 8968589))

table 4 : explain SELECT k FROM sbtest4 WHERE k BETWEEN 8968489 AND 8968589
	Index Only Scan using k_4 on sbtest4  (cost=0.43..10.65 rows=111 width=4)
	  Index Cond: ((k >= 8968489) AND (k <= 8968589))

table 5 : explain SELECT k FROM sbtest5 WHERE k BETWEEN 8968489 AND 8968589
	Index Only Scan using k_5 on sbtest5  (cost=0.43..10.51 rows=104 width=4)
	  Index Cond: ((k >= 8968489) AND (k <= 8968589))

table 6 : explain SELECT k FROM sbtest6 WHERE k BETWEEN 8968489 AND 8968589
	Index Only Scan using k_6 on sbtest6  (cost=0.43..6.50 rows=103 width=4)
	  Index Cond: ((k >= 8968489) AND (k <= 8968589))

table 7 : explain SELECT k FROM sbtest7 WHERE k BETWEEN 8968489 AND 8968589
	Index Only Scan using k_7 on sbtest7  (cost=0.43..10.38 rows=97 width=4)
	  Index Cond: ((k >= 8968489) AND (k <= 8968589))

table 8 : explain SELECT k FROM sbtest8 WHERE k BETWEEN 8968489 AND 8968589
	Index Only Scan using k_8 on sbtest8  (cost=0.43..6.50 rows=103 width=4)
	  Index Cond: ((k >= 8968489) AND (k <= 8968589))

explain: for range-covered :: explain SELECT k FROM sbtest%d WHERE k BETWEEN 8968489 AND 8968589
for range-covered
table 1 : explain SELECT k FROM sbtest1 WHERE k BETWEEN 3820480 AND 3820580
	Index Only Scan using k_1 on sbtest1  (cost=0.43..10.40 rows=98 width=4)
	  Index Cond: ((k >= 3820480) AND (k <= 3820580))

table 2 : explain SELECT k FROM sbtest2 WHERE k BETWEEN 3820480 AND 3820580
	Index Only Scan using k_2 on sbtest2  (cost=0.43..6.42 rows=99 width=4)
	  Index Cond: ((k >= 3820480) AND (k <= 3820580))

table 3 : explain SELECT k FROM sbtest3 WHERE k BETWEEN 3820480 AND 3820580
	Index Only Scan using k_3 on sbtest3  (cost=0.43..10.50 rows=103 width=4)
	  Index Cond: ((k >= 3820480) AND (k <= 3820580))

table 4 : explain SELECT k FROM sbtest4 WHERE k BETWEEN 3820480 AND 3820580
	Index Only Scan using k_4 on sbtest4  (cost=0.43..10.72 rows=114 width=4)
	  Index Cond: ((k >= 3820480) AND (k <= 3820580))

table 5 : explain SELECT k FROM sbtest5 WHERE k BETWEEN 3820480 AND 3820580
	Index Only Scan using k_5 on sbtest5  (cost=0.43..10.38 rows=97 width=4)
	  Index Cond: ((k >= 3820480) AND (k <= 3820580))

table 6 : explain SELECT k FROM sbtest6 WHERE k BETWEEN 3820480 AND 3820580
	Index Only Scan using k_6 on sbtest6  (cost=0.43..6.63 rows=110 width=4)
	  Index Cond: ((k >= 3820480) AND (k <= 3820580))

table 7 : explain SELECT k FROM sbtest7 WHERE k BETWEEN 3820480 AND 3820580
	Index Only Scan using k_7 on sbtest7  (cost=0.43..10.54 rows=105 width=4)
	  Index Cond: ((k >= 3820480) AND (k <= 3820580))

table 8 : explain SELECT k FROM sbtest8 WHERE k BETWEEN 3820480 AND 3820580
	Index Only Scan using k_8 on sbtest8  (cost=0.43..6.33 rows=95 width=4)
	  Index Cond: ((k >= 3820480) AND (k <= 3820580))

for range-covered
table 1 : explain SELECT k FROM sbtest1 WHERE k BETWEEN 2718039 AND 2718139
	Index Only Scan using k_1 on sbtest1  (cost=0.43..10.50 rows=103 width=4)
	  Index Cond: ((k >= 2718039) AND (k <= 2718139))

table 2 : explain SELECT k FROM sbtest2 WHERE k BETWEEN 2718039 AND 2718139
	Index Only Scan using k_2 on sbtest2  (cost=0.43..6.27 rows=92 width=4)
	  Index Cond: ((k >= 2718039) AND (k <= 2718139))

table 3 : explain SELECT k FROM sbtest3 WHERE k BETWEEN 2718039 AND 2718139
	Index Only Scan using k_3 on sbtest3  (cost=0.43..10.46 rows=101 width=4)
	  Index Cond: ((k >= 2718039) AND (k <= 2718139))

table 4 : explain SELECT k FROM sbtest4 WHERE k BETWEEN 2718039 AND 2718139
	Index Only Scan using k_4 on sbtest4  (cost=0.43..10.29 rows=93 width=4)
	  Index Cond: ((k >= 2718039) AND (k <= 2718139))

table 5 : explain SELECT k FROM sbtest5 WHERE k BETWEEN 2718039 AND 2718139
	Index Only Scan using k_5 on sbtest5  (cost=0.43..10.44 rows=100 width=4)
	  Index Cond: ((k >= 2718039) AND (k <= 2718139))

table 6 : explain SELECT k FROM sbtest6 WHERE k BETWEEN 2718039 AND 2718139
	Index Only Scan using k_6 on sbtest6  (cost=0.43..6.25 rows=91 width=4)
	  Index Cond: ((k >= 2718039) AND (k <= 2718139))

table 7 : explain SELECT k FROM sbtest7 WHERE k BETWEEN 2718039 AND 2718139
	Index Only Scan using k_7 on sbtest7  (cost=0.43..10.62 rows=109 width=4)
	  Index Cond: ((k >= 2718039) AND (k <= 2718139))

table 8 : explain SELECT k FROM sbtest8 WHERE k BETWEEN 2718039 AND 2718139
	Index Only Scan using k_8 on sbtest8  (cost=0.43..6.37 rows=97 width=4)
	  Index Cond: ((k >= 2718039) AND (k <= 2718139))

explain: for range-covered :: explain SELECT k FROM sbtest%d WHERE k BETWEEN 3820480 AND 3820580
explain: for range-covered :: explain SELECT k FROM sbtest%d WHERE k BETWEEN 2718039 AND 2718139
for range-covered
table 1 : explain SELECT k FROM sbtest1 WHERE k BETWEEN 4904867 AND 4904967
	Index Only Scan using k_1 on sbtest1  (cost=0.43..10.62 rows=109 width=4)
	  Index Cond: ((k >= 4904867) AND (k <= 4904967))

table 2 : explain SELECT k FROM sbtest2 WHERE k BETWEEN 4904867 AND 4904967
	Index Only Scan using k_2 on sbtest2  (cost=0.43..6.43 rows=100 width=4)
	  Index Cond: ((k >= 4904867) AND (k <= 4904967))

table 3 : explain SELECT k FROM sbtest3 WHERE k BETWEEN 4904867 AND 4904967
	Index Only Scan using k_3 on sbtest3  (cost=0.43..10.54 rows=105 width=4)
	  Index Cond: ((k >= 4904867) AND (k <= 4904967))

table 4 : explain SELECT k FROM sbtest4 WHERE k BETWEEN 4904867 AND 4904967
	Index Only Scan using k_4 on sbtest4  (cost=0.43..10.60 rows=108 width=4)
	  Index Cond: ((k >= 4904867) AND (k <= 4904967))

table 5 : explain SELECT k FROM sbtest5 WHERE k BETWEEN 4904867 AND 4904967
	Index Only Scan using k_5 on sbtest5  (cost=0.43..10.63 rows=110 width=4)
	  Index Cond: ((k >= 4904867) AND (k <= 4904967))

table 6 : explain SELECT k FROM sbtest6 WHERE k BETWEEN 4904867 AND 4904967
	Index Only Scan using k_6 on sbtest6  (cost=0.43..6.37 rows=97 width=4)
	  Index Cond: ((k >= 4904867) AND (k <= 4904967))

table 7 : explain SELECT k FROM sbtest7 WHERE k BETWEEN 4904867 AND 4904967
	Index Only Scan using k_7 on sbtest7  (cost=0.43..10.50 rows=103 width=4)
	  Index Cond: ((k >= 4904867) AND (k <= 4904967))

table 8 : explain SELECT k FROM sbtest8 WHERE k BETWEEN 4904867 AND 4904967
	Index Only Scan using k_8 on sbtest8  (cost=0.43..6.43 rows=100 width=4)
	  Index Cond: ((k >= 4904867) AND (k <= 4904967))

for range-covered
table 1 : explain SELECT k FROM sbtest1 WHERE k BETWEEN 3876157 AND 3876257
	Index Only Scan using k_1 on sbtest1  (cost=0.43..10.20 rows=88 width=4)
	  Index Cond: ((k >= 3876157) AND (k <= 3876257))

table 2 : explain SELECT k FROM sbtest2 WHERE k BETWEEN 3876157 AND 3876257
	Index Only Scan using k_2 on sbtest2  (cost=0.43..6.42 rows=99 width=4)
	  Index Cond: ((k >= 3876157) AND (k <= 3876257))

table 3 : explain SELECT k FROM sbtest3 WHERE k BETWEEN 3876157 AND 3876257
	Index Only Scan using k_3 on sbtest3  (cost=0.43..10.50 rows=103 width=4)
	  Index Cond: ((k >= 3876157) AND (k <= 3876257))

table 4 : explain SELECT k FROM sbtest4 WHERE k BETWEEN 3876157 AND 3876257
	Index Only Scan using k_4 on sbtest4  (cost=0.43..10.72 rows=114 width=4)
	  Index Cond: ((k >= 3876157) AND (k <= 3876257))

table 5 : explain SELECT k FROM sbtest5 WHERE k BETWEEN 3876157 AND 3876257
	Index Only Scan using k_5 on sbtest5  (cost=0.43..10.63 rows=110 width=4)
	  Index Cond: ((k >= 3876157) AND (k <= 3876257))

table 6 : explain SELECT k FROM sbtest6 WHERE k BETWEEN 3876157 AND 3876257
	Index Only Scan using k_6 on sbtest6  (cost=0.43..6.50 rows=103 width=4)
	  Index Cond: ((k >= 3876157) AND (k <= 3876257))

table 7 : explain SELECT k FROM sbtest7 WHERE k BETWEEN 3876157 AND 3876257
	Index Only Scan using k_7 on sbtest7  (cost=0.43..10.54 rows=105 width=4)
	  Index Cond: ((k >= 3876157) AND (k <= 3876257))

table 8 : explain SELECT k FROM sbtest8 WHERE k BETWEEN 3876157 AND 3876257
	Index Only Scan using k_8 on sbtest8  (cost=0.43..6.56 rows=106 width=4)
	  Index Cond: ((k >= 3876157) AND (k <= 3876257))

explain: for range-covered :: explain SELECT k FROM sbtest%d WHERE k BETWEEN 4904867 AND 4904967
explain: for range-covered :: explain SELECT k FROM sbtest%d WHERE k BETWEEN 3876157 AND 3876257
for range-covered
table 1 : explain SELECT k FROM sbtest1 WHERE k BETWEEN 8761187 AND 8761287
	Index Only Scan using k_1 on sbtest1  (cost=0.43..10.50 rows=103 width=4)
	  Index Cond: ((k >= 8761187) AND (k <= 8761287))

table 2 : explain SELECT k FROM sbtest2 WHERE k BETWEEN 8761187 AND 8761287
	Index Only Scan using k_2 on sbtest2  (cost=0.43..6.37 rows=97 width=4)
	  Index Cond: ((k >= 8761187) AND (k <= 8761287))

table 3 : explain SELECT k FROM sbtest3 WHERE k BETWEEN 8761187 AND 8761287
	Index Only Scan using k_3 on sbtest3  (cost=0.43..10.44 rows=100 width=4)
	  Index Cond: ((k >= 8761187) AND (k <= 8761287))

table 4 : explain SELECT k FROM sbtest4 WHERE k BETWEEN 8761187 AND 8761287
	Index Only Scan using k_4 on sbtest4  (cost=0.43..10.47 rows=102 width=4)
	  Index Cond: ((k >= 8761187) AND (k <= 8761287))

table 5 : explain SELECT k FROM sbtest5 WHERE k BETWEEN 8761187 AND 8761287
	Index Only Scan using k_5 on sbtest5  (cost=0.43..10.38 rows=97 width=4)
	  Index Cond: ((k >= 8761187) AND (k <= 8761287))

table 6 : explain SELECT k FROM sbtest6 WHERE k BETWEEN 8761187 AND 8761287
	Index Only Scan using k_6 on sbtest6  (cost=0.43..6.51 rows=104 width=4)
	  Index Cond: ((k >= 8761187) AND (k <= 8761287))

table 7 : explain SELECT k FROM sbtest7 WHERE k BETWEEN 8761187 AND 8761287
	Index Only Scan using k_7 on sbtest7  (cost=0.43..10.44 rows=100 width=4)
	  Index Cond: ((k >= 8761187) AND (k <= 8761287))

table 8 : explain SELECT k FROM sbtest8 WHERE k BETWEEN 8761187 AND 8761287
	Index Only Scan using k_8 on sbtest8  (cost=0.43..6.32 rows=94 width=4)
	  Index Cond: ((k >= 8761187) AND (k <= 8761287))

explain: for range-covered :: explain SELECT k FROM sbtest%d WHERE k BETWEEN 8761187 AND 8761287
for range-covered
table 1 : explain SELECT k FROM sbtest1 WHERE k BETWEEN 6707351 AND 6707451
	Index Only Scan using k_1 on sbtest1  (cost=0.43..10.36 rows=96 width=4)
	  Index Cond: ((k >= 6707351) AND (k <= 6707451))

table 2 : explain SELECT k FROM sbtest2 WHERE k BETWEEN 6707351 AND 6707451
	Index Only Scan using k_2 on sbtest2  (cost=0.43..6.27 rows=92 width=4)
	  Index Cond: ((k >= 6707351) AND (k <= 6707451))

table 3 : explain SELECT k FROM sbtest3 WHERE k BETWEEN 6707351 AND 6707451
	Index Only Scan using k_3 on sbtest3  (cost=0.43..10.42 rows=99 width=4)
	  Index Cond: ((k >= 6707351) AND (k <= 6707451))

table 4 : explain SELECT k FROM sbtest4 WHERE k BETWEEN 6707351 AND 6707451
	Index Only Scan using k_4 on sbtest4  (cost=0.43..10.44 rows=100 width=4)
	  Index Cond: ((k >= 6707351) AND (k <= 6707451))

table 5 : explain SELECT k FROM sbtest5 WHERE k BETWEEN 6707351 AND 6707451
	Index Only Scan using k_5 on sbtest5  (cost=0.43..10.50 rows=103 width=4)
	  Index Cond: ((k >= 6707351) AND (k <= 6707451))

table 6 : explain SELECT k FROM sbtest6 WHERE k BETWEEN 6707351 AND 6707451
	Index Only Scan using k_6 on sbtest6  (cost=0.43..6.32 rows=94 width=4)
	  Index Cond: ((k >= 6707351) AND (k <= 6707451))

table 7 : explain SELECT k FROM sbtest7 WHERE k BETWEEN 6707351 AND 6707451
	Index Only Scan using k_7 on sbtest7  (cost=0.43..10.44 rows=100 width=4)
	  Index Cond: ((k >= 6707351) AND (k <= 6707451))

table 8 : explain SELECT k FROM sbtest8 WHERE k BETWEEN 6707351 AND 6707451
	Index Only Scan using k_8 on sbtest8  (cost=0.43..6.63 rows=110 width=4)
	  Index Cond: ((k >= 6707351) AND (k <= 6707451))

explain: for range-covered :: explain SELECT k FROM sbtest%d WHERE k BETWEEN 6707351 AND 6707451
for range-covered
table 1 : explain SELECT k FROM sbtest1 WHERE k BETWEEN 8968489 AND 8968589
	Index Only Scan using k_1 on sbtest1  (cost=0.43..10.40 rows=98 width=4)
	  Index Cond: ((k >= 8968489) AND (k <= 8968589))

table 2 : explain SELECT k FROM sbtest2 WHERE k BETWEEN 8968489 AND 8968589
	Index Only Scan using k_2 on sbtest2  (cost=0.43..6.56 rows=106 width=4)
	  Index Cond: ((k >= 8968489) AND (k <= 8968589))

table 3 : explain SELECT k FROM sbtest3 WHERE k BETWEEN 8968489 AND 8968589
	Index Only Scan using k_3 on sbtest3  (cost=0.43..10.62 rows=109 width=4)
	  Index Cond: ((k >= 8968489) AND (k <= 8968589))

table 4 : explain SELECT k FROM sbtest4 WHERE k BETWEEN 8968489 AND 8968589
	Index Only Scan using k_4 on sbtest4  (cost=0.43..10.65 rows=111 width=4)
	  Index Cond: ((k >= 8968489) AND (k <= 8968589))

table 5 : explain SELECT k FROM sbtest5 WHERE k BETWEEN 8968489 AND 8968589
	Index Only Scan using k_5 on sbtest5  (cost=0.43..10.51 rows=104 width=4)
	  Index Cond: ((k >= 8968489) AND (k <= 8968589))

table 6 : explain SELECT k FROM sbtest6 WHERE k BETWEEN 8968489 AND 8968589
	Index Only Scan using k_6 on sbtest6  (cost=0.43..6.50 rows=103 width=4)
	  Index Cond: ((k >= 8968489) AND (k <= 8968589))

table 7 : explain SELECT k FROM sbtest7 WHERE k BETWEEN 8968489 AND 8968589
	Index Only Scan using k_7 on sbtest7  (cost=0.43..10.38 rows=97 width=4)
	  Index Cond: ((k >= 8968489) AND (k <= 8968589))

table 8 : explain SELECT k FROM sbtest8 WHERE k BETWEEN 8968489 AND 8968589
	Index Only Scan using k_8 on sbtest8  (cost=0.43..6.50 rows=103 width=4)
	  Index Cond: ((k >= 8968489) AND (k <= 8968589))

explain: for range-covered :: explain SELECT k FROM sbtest%d WHERE k BETWEEN 8968489 AND 8968589
for range-covered
table 1 : explain SELECT k FROM sbtest1 WHERE k BETWEEN 3820480 AND 3820580
	Index Only Scan using k_1 on sbtest1  (cost=0.43..10.40 rows=98 width=4)
	  Index Cond: ((k >= 3820480) AND (k <= 3820580))

table 2 : explain SELECT k FROM sbtest2 WHERE k BETWEEN 3820480 AND 3820580
	Index Only Scan using k_2 on sbtest2  (cost=0.43..6.42 rows=99 width=4)
	  Index Cond: ((k >= 3820480) AND (k <= 3820580))

table 3 : explain SELECT k FROM sbtest3 WHERE k BETWEEN 3820480 AND 3820580
	Index Only Scan using k_3 on sbtest3  (cost=0.43..10.50 rows=103 width=4)
	  Index Cond: ((k >= 3820480) AND (k <= 3820580))

table 4 : explain SELECT k FROM sbtest4 WHERE k BETWEEN 3820480 AND 3820580
	Index Only Scan using k_4 on sbtest4  (cost=0.43..10.72 rows=114 width=4)
	  Index Cond: ((k >= 3820480) AND (k <= 3820580))

table 5 : explain SELECT k FROM sbtest5 WHERE k BETWEEN 3820480 AND 3820580
	Index Only Scan using k_5 on sbtest5  (cost=0.43..10.38 rows=97 width=4)
	  Index Cond: ((k >= 3820480) AND (k <= 3820580))

table 6 : explain SELECT k FROM sbtest6 WHERE k BETWEEN 3820480 AND 3820580
	Index Only Scan using k_6 on sbtest6  (cost=0.43..6.63 rows=110 width=4)
	  Index Cond: ((k >= 3820480) AND (k <= 3820580))

table 7 : explain SELECT k FROM sbtest7 WHERE k BETWEEN 3820480 AND 3820580
	Index Only Scan using k_7 on sbtest7  (cost=0.43..10.54 rows=105 width=4)
	  Index Cond: ((k >= 3820480) AND (k <= 3820580))

table 8 : explain SELECT k FROM sbtest8 WHERE k BETWEEN 3820480 AND 3820580
	Index Only Scan using k_8 on sbtest8  (cost=0.43..6.33 rows=95 width=4)
	  Index Cond: ((k >= 3820480) AND (k <= 3820580))

explain: for range-covered :: explain SELECT k FROM sbtest%d WHERE k BETWEEN 3820480 AND 3820580
for range-covered
table 1 : explain SELECT k FROM sbtest1 WHERE k BETWEEN 2718039 AND 2718139
	Index Only Scan using k_1 on sbtest1  (cost=0.43..10.50 rows=103 width=4)
	  Index Cond: ((k >= 2718039) AND (k <= 2718139))

table 2 : explain SELECT k FROM sbtest2 WHERE k BETWEEN 2718039 AND 2718139
	Index Only Scan using k_2 on sbtest2  (cost=0.43..6.27 rows=92 width=4)
	  Index Cond: ((k >= 2718039) AND (k <= 2718139))

table 3 : explain SELECT k FROM sbtest3 WHERE k BETWEEN 2718039 AND 2718139
	Index Only Scan using k_3 on sbtest3  (cost=0.43..10.46 rows=101 width=4)
	  Index Cond: ((k >= 2718039) AND (k <= 2718139))

table 4 : explain SELECT k FROM sbtest4 WHERE k BETWEEN 2718039 AND 2718139
	Index Only Scan using k_4 on sbtest4  (cost=0.43..10.29 rows=93 width=4)
	  Index Cond: ((k >= 2718039) AND (k <= 2718139))

table 5 : explain SELECT k FROM sbtest5 WHERE k BETWEEN 2718039 AND 2718139
	Index Only Scan using k_5 on sbtest5  (cost=0.43..10.44 rows=100 width=4)
	  Index Cond: ((k >= 2718039) AND (k <= 2718139))

table 6 : explain SELECT k FROM sbtest6 WHERE k BETWEEN 2718039 AND 2718139
	Index Only Scan using k_6 on sbtest6  (cost=0.43..6.25 rows=91 width=4)
	  Index Cond: ((k >= 2718039) AND (k <= 2718139))

table 7 : explain SELECT k FROM sbtest7 WHERE k BETWEEN 2718039 AND 2718139
	Index Only Scan using k_7 on sbtest7  (cost=0.43..10.62 rows=109 width=4)
	  Index Cond: ((k >= 2718039) AND (k <= 2718139))

table 8 : explain SELECT k FROM sbtest8 WHERE k BETWEEN 2718039 AND 2718139
	Index Only Scan using k_8 on sbtest8  (cost=0.43..6.37 rows=97 width=4)
	  Index Cond: ((k >= 2718039) AND (k <= 2718139))

explain: for range-covered :: explain SELECT k FROM sbtest%d WHERE k BETWEEN 2718039 AND 2718139
for range-covered
table 1 : explain SELECT k FROM sbtest1 WHERE k BETWEEN 5084426 AND 5084526
	Index Only Scan using k_1 on sbtest1  (cost=0.43..10.36 rows=96 width=4)
	  Index Cond: ((k >= 5084426) AND (k <= 5084526))

table 2 : explain SELECT k FROM sbtest2 WHERE k BETWEEN 5084426 AND 5084526
	Index Only Scan using k_2 on sbtest2  (cost=0.43..6.58 rows=107 width=4)
	  Index Cond: ((k >= 5084426) AND (k <= 5084526))

table 3 : explain SELECT k FROM sbtest3 WHERE k BETWEEN 5084426 AND 5084526
	Index Only Scan using k_3 on sbtest3  (cost=0.43..10.38 rows=97 width=4)
	  Index Cond: ((k >= 5084426) AND (k <= 5084526))

table 4 : explain SELECT k FROM sbtest4 WHERE k BETWEEN 5084426 AND 5084526
	Index Only Scan using k_4 on sbtest4  (cost=0.43..10.58 rows=107 width=4)
	  Index Cond: ((k >= 5084426) AND (k <= 5084526))

table 5 : explain SELECT k FROM sbtest5 WHERE k BETWEEN 5084426 AND 5084526
	Index Only Scan using k_5 on sbtest5  (cost=0.43..10.50 rows=103 width=4)
	  Index Cond: ((k >= 5084426) AND (k <= 5084526))

table 6 : explain SELECT k FROM sbtest6 WHERE k BETWEEN 5084426 AND 5084526
	Index Only Scan using k_6 on sbtest6  (cost=0.43..6.50 rows=103 width=4)
	  Index Cond: ((k >= 5084426) AND (k <= 5084526))

table 7 : explain SELECT k FROM sbtest7 WHERE k BETWEEN 5084426 AND 5084526
	Index Only Scan using k_7 on sbtest7  (cost=0.43..10.62 rows=109 width=4)
	  Index Cond: ((k >= 5084426) AND (k <= 5084526))

table 8 : explain SELECT k FROM sbtest8 WHERE k BETWEEN 5084426 AND 5084526
	Index Only Scan using k_8 on sbtest8  (cost=0.43..6.61 rows=109 width=4)
	  Index Cond: ((k >= 5084426) AND (k <= 5084526))

for range-covered
table 1 : explain SELECT k FROM sbtest1 WHERE k BETWEEN 3876157 AND 3876257
	Index Only Scan using k_1 on sbtest1  (cost=0.43..10.20 rows=88 width=4)
	  Index Cond: ((k >= 3876157) AND (k <= 3876257))

table 2 : explain SELECT k FROM sbtest2 WHERE k BETWEEN 3876157 AND 3876257
	Index Only Scan using k_2 on sbtest2  (cost=0.43..6.42 rows=99 width=4)
	  Index Cond: ((k >= 3876157) AND (k <= 3876257))

table 3 : explain SELECT k FROM sbtest3 WHERE k BETWEEN 3876157 AND 3876257
	Index Only Scan using k_3 on sbtest3  (cost=0.43..10.50 rows=103 width=4)
	  Index Cond: ((k >= 3876157) AND (k <= 3876257))

table 4 : explain SELECT k FROM sbtest4 WHERE k BETWEEN 3876157 AND 3876257
	Index Only Scan using k_4 on sbtest4  (cost=0.43..10.72 rows=114 width=4)
	  Index Cond: ((k >= 3876157) AND (k <= 3876257))

table 5 : explain SELECT k FROM sbtest5 WHERE k BETWEEN 3876157 AND 3876257
	Index Only Scan using k_5 on sbtest5  (cost=0.43..10.63 rows=110 width=4)
	  Index Cond: ((k >= 3876157) AND (k <= 3876257))

table 6 : explain SELECT k FROM sbtest6 WHERE k BETWEEN 3876157 AND 3876257
	Index Only Scan using k_6 on sbtest6  (cost=0.43..6.50 rows=103 width=4)
	  Index Cond: ((k >= 3876157) AND (k <= 3876257))

table 7 : explain SELECT k FROM sbtest7 WHERE k BETWEEN 3876157 AND 3876257
	Index Only Scan using k_7 on sbtest7  (cost=0.43..10.54 rows=105 width=4)
	  Index Cond: ((k >= 3876157) AND (k <= 3876257))

table 8 : explain SELECT k FROM sbtest8 WHERE k BETWEEN 3876157 AND 3876257
	Index Only Scan using k_8 on sbtest8  (cost=0.43..6.56 rows=106 width=4)
	  Index Cond: ((k >= 3876157) AND (k <= 3876257))

for range-covered
table 1 : explain SELECT k FROM sbtest1 WHERE k BETWEEN 4904867 AND 4904967
	Index Only Scan using k_1 on sbtest1  (cost=0.43..10.62 rows=109 width=4)
	  Index Cond: ((k >= 4904867) AND (k <= 4904967))

table 2 : explain SELECT k FROM sbtest2 WHERE k BETWEEN 4904867 AND 4904967
	Index Only Scan using k_2 on sbtest2  (cost=0.43..6.43 rows=100 width=4)
	  Index Cond: ((k >= 4904867) AND (k <= 4904967))

table 3 : explain SELECT k FROM sbtest3 WHERE k BETWEEN 4904867 AND 4904967
	Index Only Scan using k_3 on sbtest3  (cost=0.43..10.54 rows=105 width=4)
	  Index Cond: ((k >= 4904867) AND (k <= 4904967))

table 4 : explain SELECT k FROM sbtest4 WHERE k BETWEEN 4904867 AND 4904967
	Index Only Scan using k_4 on sbtest4  (cost=0.43..10.60 rows=108 width=4)
	  Index Cond: ((k >= 4904867) AND (k <= 4904967))

table 5 : explain SELECT k FROM sbtest5 WHERE k BETWEEN 4904867 AND 4904967
	Index Only Scan using k_5 on sbtest5  (cost=0.43..10.63 rows=110 width=4)
	  Index Cond: ((k >= 4904867) AND (k <= 4904967))

table 6 : explain SELECT k FROM sbtest6 WHERE k BETWEEN 4904867 AND 4904967
	Index Only Scan using k_6 on sbtest6  (cost=0.43..6.37 rows=97 width=4)
	  Index Cond: ((k >= 4904867) AND (k <= 4904967))

table 7 : explain SELECT k FROM sbtest7 WHERE k BETWEEN 4904867 AND 4904967
	Index Only Scan using k_7 on sbtest7  (cost=0.43..10.50 rows=103 width=4)
	  Index Cond: ((k >= 4904867) AND (k <= 4904967))

table 8 : explain SELECT k FROM sbtest8 WHERE k BETWEEN 4904867 AND 4904967
	Index Only Scan using k_8 on sbtest8  (cost=0.43..6.43 rows=100 width=4)
	  Index Cond: ((k >= 4904867) AND (k <= 4904967))

explain: for range-covered :: explain SELECT k FROM sbtest%d WHERE k BETWEEN 5084426 AND 5084526
explain: for range-covered :: explain SELECT k FROM sbtest%d WHERE k BETWEEN 3876157 AND 3876257
explain: for range-covered :: explain SELECT k FROM sbtest%d WHERE k BETWEEN 4904867 AND 4904967
for range-covered
table 1 : explain SELECT k FROM sbtest1 WHERE k BETWEEN 8761187 AND 8761287
	Index Only Scan using k_1 on sbtest1  (cost=0.43..10.50 rows=103 width=4)
	  Index Cond: ((k >= 8761187) AND (k <= 8761287))

table 2 : explain SELECT k FROM sbtest2 WHERE k BETWEEN 8761187 AND 8761287
	Index Only Scan using k_2 on sbtest2  (cost=0.43..6.37 rows=97 width=4)
	  Index Cond: ((k >= 8761187) AND (k <= 8761287))

table 3 : explain SELECT k FROM sbtest3 WHERE k BETWEEN 8761187 AND 8761287
	Index Only Scan using k_3 on sbtest3  (cost=0.43..10.44 rows=100 width=4)
	  Index Cond: ((k >= 8761187) AND (k <= 8761287))

table 4 : explain SELECT k FROM sbtest4 WHERE k BETWEEN 8761187 AND 8761287
	Index Only Scan using k_4 on sbtest4  (cost=0.43..10.47 rows=102 width=4)
	  Index Cond: ((k >= 8761187) AND (k <= 8761287))

table 5 : explain SELECT k FROM sbtest5 WHERE k BETWEEN 8761187 AND 8761287
	Index Only Scan using k_5 on sbtest5  (cost=0.43..10.38 rows=97 width=4)
	  Index Cond: ((k >= 8761187) AND (k <= 8761287))

table 6 : explain SELECT k FROM sbtest6 WHERE k BETWEEN 8761187 AND 8761287
	Index Only Scan using k_6 on sbtest6  (cost=0.43..6.51 rows=104 width=4)
	  Index Cond: ((k >= 8761187) AND (k <= 8761287))

table 7 : explain SELECT k FROM sbtest7 WHERE k BETWEEN 8761187 AND 8761287
	Index Only Scan using k_7 on sbtest7  (cost=0.43..10.44 rows=100 width=4)
	  Index Cond: ((k >= 8761187) AND (k <= 8761287))

table 8 : explain SELECT k FROM sbtest8 WHERE k BETWEEN 8761187 AND 8761287
	Index Only Scan using k_8 on sbtest8  (cost=0.43..6.32 rows=94 width=4)
	  Index Cond: ((k >= 8761187) AND (k <= 8761287))

explain: for range-covered :: explain SELECT k FROM sbtest%d WHERE k BETWEEN 8761187 AND 8761287
for range-covered
table 1 : explain SELECT k FROM sbtest1 WHERE k BETWEEN 6707351 AND 6707451
	Index Only Scan using k_1 on sbtest1  (cost=0.43..10.36 rows=96 width=4)
	  Index Cond: ((k >= 6707351) AND (k <= 6707451))

table 2 : explain SELECT k FROM sbtest2 WHERE k BETWEEN 6707351 AND 6707451
	Index Only Scan using k_2 on sbtest2  (cost=0.43..6.27 rows=92 width=4)
	  Index Cond: ((k >= 6707351) AND (k <= 6707451))

table 3 : explain SELECT k FROM sbtest3 WHERE k BETWEEN 6707351 AND 6707451
	Index Only Scan using k_3 on sbtest3  (cost=0.43..10.42 rows=99 width=4)
	  Index Cond: ((k >= 6707351) AND (k <= 6707451))

table 4 : explain SELECT k FROM sbtest4 WHERE k BETWEEN 6707351 AND 6707451
	Index Only Scan using k_4 on sbtest4  (cost=0.43..10.44 rows=100 width=4)
	  Index Cond: ((k >= 6707351) AND (k <= 6707451))

table 5 : explain SELECT k FROM sbtest5 WHERE k BETWEEN 6707351 AND 6707451
	Index Only Scan using k_5 on sbtest5  (cost=0.43..10.50 rows=103 width=4)
	  Index Cond: ((k >= 6707351) AND (k <= 6707451))

table 6 : explain SELECT k FROM sbtest6 WHERE k BETWEEN 6707351 AND 6707451
	Index Only Scan using k_6 on sbtest6  (cost=0.43..6.32 rows=94 width=4)
	  Index Cond: ((k >= 6707351) AND (k <= 6707451))

table 7 : explain SELECT k FROM sbtest7 WHERE k BETWEEN 6707351 AND 6707451
	Index Only Scan using k_7 on sbtest7  (cost=0.43..10.44 rows=100 width=4)
	  Index Cond: ((k >= 6707351) AND (k <= 6707451))

table 8 : explain SELECT k FROM sbtest8 WHERE k BETWEEN 6707351 AND 6707451
	Index Only Scan using k_8 on sbtest8  (cost=0.43..6.63 rows=110 width=4)
	  Index Cond: ((k >= 6707351) AND (k <= 6707451))

explain: for range-covered :: explain SELECT k FROM sbtest%d WHERE k BETWEEN 6707351 AND 6707451
for range-covered
table 1 : explain SELECT k FROM sbtest1 WHERE k BETWEEN 8968489 AND 8968589
	Index Only Scan using k_1 on sbtest1  (cost=0.43..10.40 rows=98 width=4)
	  Index Cond: ((k >= 8968489) AND (k <= 8968589))

table 2 : explain SELECT k FROM sbtest2 WHERE k BETWEEN 8968489 AND 8968589
	Index Only Scan using k_2 on sbtest2  (cost=0.43..6.56 rows=106 width=4)
	  Index Cond: ((k >= 8968489) AND (k <= 8968589))

table 3 : explain SELECT k FROM sbtest3 WHERE k BETWEEN 8968489 AND 8968589
	Index Only Scan using k_3 on sbtest3  (cost=0.43..10.62 rows=109 width=4)
	  Index Cond: ((k >= 8968489) AND (k <= 8968589))

table 4 : explain SELECT k FROM sbtest4 WHERE k BETWEEN 8968489 AND 8968589
	Index Only Scan using k_4 on sbtest4  (cost=0.43..10.65 rows=111 width=4)
	  Index Cond: ((k >= 8968489) AND (k <= 8968589))

table 5 : explain SELECT k FROM sbtest5 WHERE k BETWEEN 8968489 AND 8968589
	Index Only Scan using k_5 on sbtest5  (cost=0.43..10.51 rows=104 width=4)
	  Index Cond: ((k >= 8968489) AND (k <= 8968589))

table 6 : explain SELECT k FROM sbtest6 WHERE k BETWEEN 8968489 AND 8968589
	Index Only Scan using k_6 on sbtest6  (cost=0.43..6.50 rows=103 width=4)
	  Index Cond: ((k >= 8968489) AND (k <= 8968589))

table 7 : explain SELECT k FROM sbtest7 WHERE k BETWEEN 8968489 AND 8968589
	Index Only Scan using k_7 on sbtest7  (cost=0.43..10.38 rows=97 width=4)
	  Index Cond: ((k >= 8968489) AND (k <= 8968589))

table 8 : explain SELECT k FROM sbtest8 WHERE k BETWEEN 8968489 AND 8968589
	Index Only Scan using k_8 on sbtest8  (cost=0.43..6.50 rows=103 width=4)
	  Index Cond: ((k >= 8968489) AND (k <= 8968589))

for range-covered
table 1 : explain SELECT k FROM sbtest1 WHERE k BETWEEN 3820480 AND 3820580
	Index Only Scan using k_1 on sbtest1  (cost=0.43..10.40 rows=98 width=4)
	  Index Cond: ((k >= 3820480) AND (k <= 3820580))

table 2 : explain SELECT k FROM sbtest2 WHERE k BETWEEN 3820480 AND 3820580
	Index Only Scan using k_2 on sbtest2  (cost=0.43..6.42 rows=99 width=4)
	  Index Cond: ((k >= 3820480) AND (k <= 3820580))

table 3 : explain SELECT k FROM sbtest3 WHERE k BETWEEN 3820480 AND 3820580
	Index Only Scan using k_3 on sbtest3  (cost=0.43..10.50 rows=103 width=4)
	  Index Cond: ((k >= 3820480) AND (k <= 3820580))

table 4 : explain SELECT k FROM sbtest4 WHERE k BETWEEN 3820480 AND 3820580
	Index Only Scan using k_4 on sbtest4  (cost=0.43..10.72 rows=114 width=4)
	  Index Cond: ((k >= 3820480) AND (k <= 3820580))

table 5 : explain SELECT k FROM sbtest5 WHERE k BETWEEN 3820480 AND 3820580
	Index Only Scan using k_5 on sbtest5  (cost=0.43..10.38 rows=97 width=4)
	  Index Cond: ((k >= 3820480) AND (k <= 3820580))

table 6 : explain SELECT k FROM sbtest6 WHERE k BETWEEN 3820480 AND 3820580
	Index Only Scan using k_6 on sbtest6  (cost=0.43..6.63 rows=110 width=4)
	  Index Cond: ((k >= 3820480) AND (k <= 3820580))

table 7 : explain SELECT k FROM sbtest7 WHERE k BETWEEN 3820480 AND 3820580
	Index Only Scan using k_7 on sbtest7  (cost=0.43..10.54 rows=105 width=4)
	  Index Cond: ((k >= 3820480) AND (k <= 3820580))

table 8 : explain SELECT k FROM sbtest8 WHERE k BETWEEN 3820480 AND 3820580
	Index Only Scan using k_8 on sbtest8  (cost=0.43..6.33 rows=95 width=4)
	  Index Cond: ((k >= 3820480) AND (k <= 3820580))

explain: for range-covered :: explain SELECT k FROM sbtest%d WHERE k BETWEEN 8968489 AND 8968589
explain: for range-covered :: explain SELECT k FROM sbtest%d WHERE k BETWEEN 3820480 AND 3820580
for range-covered
table 1 : explain SELECT k FROM sbtest1 WHERE k BETWEEN 2718039 AND 2718139
	Index Only Scan using k_1 on sbtest1  (cost=0.43..10.50 rows=103 width=4)
	  Index Cond: ((k >= 2718039) AND (k <= 2718139))

table 2 : explain SELECT k FROM sbtest2 WHERE k BETWEEN 2718039 AND 2718139
	Index Only Scan using k_2 on sbtest2  (cost=0.43..6.27 rows=92 width=4)
	  Index Cond: ((k >= 2718039) AND (k <= 2718139))

table 3 : explain SELECT k FROM sbtest3 WHERE k BETWEEN 2718039 AND 2718139
	Index Only Scan using k_3 on sbtest3  (cost=0.43..10.46 rows=101 width=4)
	  Index Cond: ((k >= 2718039) AND (k <= 2718139))

table 4 : explain SELECT k FROM sbtest4 WHERE k BETWEEN 2718039 AND 2718139
	Index Only Scan using k_4 on sbtest4  (cost=0.43..10.29 rows=93 width=4)
	  Index Cond: ((k >= 2718039) AND (k <= 2718139))

table 5 : explain SELECT k FROM sbtest5 WHERE k BETWEEN 2718039 AND 2718139
	Index Only Scan using k_5 on sbtest5  (cost=0.43..10.44 rows=100 width=4)
	  Index Cond: ((k >= 2718039) AND (k <= 2718139))

table 6 : explain SELECT k FROM sbtest6 WHERE k BETWEEN 2718039 AND 2718139
	Index Only Scan using k_6 on sbtest6  (cost=0.43..6.25 rows=91 width=4)
	  Index Cond: ((k >= 2718039) AND (k <= 2718139))

table 7 : explain SELECT k FROM sbtest7 WHERE k BETWEEN 2718039 AND 2718139
	Index Only Scan using k_7 on sbtest7  (cost=0.43..10.62 rows=109 width=4)
	  Index Cond: ((k >= 2718039) AND (k <= 2718139))

table 8 : explain SELECT k FROM sbtest8 WHERE k BETWEEN 2718039 AND 2718139
	Index Only Scan using k_8 on sbtest8  (cost=0.43..6.37 rows=97 width=4)
	  Index Cond: ((k >= 2718039) AND (k <= 2718139))

explain: for range-covered :: explain SELECT k FROM sbtest%d WHERE k BETWEEN 5555228 AND 5555328
explain: for range-covered :: explain SELECT k FROM sbtest%d WHERE k BETWEEN 2718039 AND 2718139
for range-covered
table 1 : explain SELECT k FROM sbtest1 WHERE k BETWEEN 3876157 AND 3876257
	Index Only Scan using k_1 on sbtest1  (cost=0.43..10.20 rows=88 width=4)
	  Index Cond: ((k >= 3876157) AND (k <= 3876257))

table 2 : explain SELECT k FROM sbtest2 WHERE k BETWEEN 3876157 AND 3876257
	Index Only Scan using k_2 on sbtest2  (cost=0.43..6.42 rows=99 width=4)
	  Index Cond: ((k >= 3876157) AND (k <= 3876257))

table 3 : explain SELECT k FROM sbtest3 WHERE k BETWEEN 3876157 AND 3876257
	Index Only Scan using k_3 on sbtest3  (cost=0.43..10.50 rows=103 width=4)
	  Index Cond: ((k >= 3876157) AND (k <= 3876257))

table 4 : explain SELECT k FROM sbtest4 WHERE k BETWEEN 3876157 AND 3876257
	Index Only Scan using k_4 on sbtest4  (cost=0.43..10.72 rows=114 width=4)
	  Index Cond: ((k >= 3876157) AND (k <= 3876257))

table 5 : explain SELECT k FROM sbtest5 WHERE k BETWEEN 3876157 AND 3876257
	Index Only Scan using k_5 on sbtest5  (cost=0.43..10.63 rows=110 width=4)
	  Index Cond: ((k >= 3876157) AND (k <= 3876257))

table 6 : explain SELECT k FROM sbtest6 WHERE k BETWEEN 3876157 AND 3876257
	Index Only Scan using k_6 on sbtest6  (cost=0.43..6.50 rows=103 width=4)
	  Index Cond: ((k >= 3876157) AND (k <= 3876257))

table 7 : explain SELECT k FROM sbtest7 WHERE k BETWEEN 3876157 AND 3876257
	Index Only Scan using k_7 on sbtest7  (cost=0.43..10.54 rows=105 width=4)
	  Index Cond: ((k >= 3876157) AND (k <= 3876257))

table 8 : explain SELECT k FROM sbtest8 WHERE k BETWEEN 3876157 AND 3876257
	Index Only Scan using k_8 on sbtest8  (cost=0.43..6.56 rows=106 width=4)
	  Index Cond: ((k >= 3876157) AND (k <= 3876257))

for range-covered
table 1 : explain SELECT k FROM sbtest1 WHERE k BETWEEN 4904867 AND 4904967
	Index Only Scan using k_1 on sbtest1  (cost=0.43..10.62 rows=109 width=4)
	  Index Cond: ((k >= 4904867) AND (k <= 4904967))

table 2 : explain SELECT k FROM sbtest2 WHERE k BETWEEN 4904867 AND 4904967
	Index Only Scan using k_2 on sbtest2  (cost=0.43..6.43 rows=100 width=4)
	  Index Cond: ((k >= 4904867) AND (k <= 4904967))

table 3 : explain SELECT k FROM sbtest3 WHERE k BETWEEN 4904867 AND 4904967
	Index Only Scan using k_3 on sbtest3  (cost=0.43..10.54 rows=105 width=4)
	  Index Cond: ((k >= 4904867) AND (k <= 4904967))

table 4 : explain SELECT k FROM sbtest4 WHERE k BETWEEN 4904867 AND 4904967
	Index Only Scan using k_4 on sbtest4  (cost=0.43..10.60 rows=108 width=4)
	  Index Cond: ((k >= 4904867) AND (k <= 4904967))

table 5 : explain SELECT k FROM sbtest5 WHERE k BETWEEN 4904867 AND 4904967
	Index Only Scan using k_5 on sbtest5  (cost=0.43..10.63 rows=110 width=4)
	  Index Cond: ((k >= 4904867) AND (k <= 4904967))

table 6 : explain SELECT k FROM sbtest6 WHERE k BETWEEN 4904867 AND 4904967
	Index Only Scan using k_6 on sbtest6  (cost=0.43..6.37 rows=97 width=4)
	  Index Cond: ((k >= 4904867) AND (k <= 4904967))

table 7 : explain SELECT k FROM sbtest7 WHERE k BETWEEN 4904867 AND 4904967
	Index Only Scan using k_7 on sbtest7  (cost=0.43..10.50 rows=103 width=4)
	  Index Cond: ((k >= 4904867) AND (k <= 4904967))

table 8 : explain SELECT k FROM sbtest8 WHERE k BETWEEN 4904867 AND 4904967
	Index Only Scan using k_8 on sbtest8  (cost=0.43..6.43 rows=100 width=4)
	  Index Cond: ((k >= 4904867) AND (k <= 4904967))

for range-covered
table 1 : explain SELECT k FROM sbtest1 WHERE k BETWEEN 5084426 AND 5084526
	Index Only Scan using k_1 on sbtest1  (cost=0.43..10.36 rows=96 width=4)
	  Index Cond: ((k >= 5084426) AND (k <= 5084526))

table 2 : explain SELECT k FROM sbtest2 WHERE k BETWEEN 5084426 AND 5084526
	Index Only Scan using k_2 on sbtest2  (cost=0.43..6.58 rows=107 width=4)
	  Index Cond: ((k >= 5084426) AND (k <= 5084526))

table 3 : explain SELECT k FROM sbtest3 WHERE k BETWEEN 5084426 AND 5084526
	Index Only Scan using k_3 on sbtest3  (cost=0.43..10.38 rows=97 width=4)
	  Index Cond: ((k >= 5084426) AND (k <= 5084526))

table 4 : explain SELECT k FROM sbtest4 WHERE k BETWEEN 5084426 AND 5084526
	Index Only Scan using k_4 on sbtest4  (cost=0.43..10.58 rows=107 width=4)
	  Index Cond: ((k >= 5084426) AND (k <= 5084526))

table 5 : explain SELECT k FROM sbtest5 WHERE k BETWEEN 5084426 AND 5084526
	Index Only Scan using k_5 on sbtest5  (cost=0.43..10.50 rows=103 width=4)
	  Index Cond: ((k >= 5084426) AND (k <= 5084526))

table 6 : explain SELECT k FROM sbtest6 WHERE k BETWEEN 5084426 AND 5084526
	Index Only Scan using k_6 on sbtest6  (cost=0.43..6.50 rows=103 width=4)
	  Index Cond: ((k >= 5084426) AND (k <= 5084526))

table 7 : explain SELECT k FROM sbtest7 WHERE k BETWEEN 5084426 AND 5084526
	Index Only Scan using k_7 on sbtest7  (cost=0.43..10.62 rows=109 width=4)
	  Index Cond: ((k >= 5084426) AND (k <= 5084526))

table 8 : explain SELECT k FROM sbtest8 WHERE k BETWEEN 5084426 AND 5084526
	Index Only Scan using k_8 on sbtest8  (cost=0.43..6.61 rows=109 width=4)
	  Index Cond: ((k >= 5084426) AND (k <= 5084526))

explain: for range-covered :: explain SELECT k FROM sbtest%d WHERE k BETWEEN 3876157 AND 3876257
explain: for range-covered :: explain SELECT k FROM sbtest%d WHERE k BETWEEN 4904867 AND 4904967
for range-covered
table 1 : explain SELECT k FROM sbtest1 WHERE k BETWEEN 8761187 AND 8761287
	Index Only Scan using k_1 on sbtest1  (cost=0.43..10.50 rows=103 width=4)
	  Index Cond: ((k >= 8761187) AND (k <= 8761287))

table 2 : explain SELECT k FROM sbtest2 WHERE k BETWEEN 8761187 AND 8761287
	Index Only Scan using k_2 on sbtest2  (cost=0.43..6.37 rows=97 width=4)
	  Index Cond: ((k >= 8761187) AND (k <= 8761287))

table 3 : explain SELECT k FROM sbtest3 WHERE k BETWEEN 8761187 AND 8761287
	Index Only Scan using k_3 on sbtest3  (cost=0.43..10.44 rows=100 width=4)
	  Index Cond: ((k >= 8761187) AND (k <= 8761287))

table 4 : explain SELECT k FROM sbtest4 WHERE k BETWEEN 8761187 AND 8761287
	Index Only Scan using k_4 on sbtest4  (cost=0.43..10.47 rows=102 width=4)
	  Index Cond: ((k >= 8761187) AND (k <= 8761287))

table 5 : explain SELECT k FROM sbtest5 WHERE k BETWEEN 8761187 AND 8761287
	Index Only Scan using k_5 on sbtest5  (cost=0.43..10.38 rows=97 width=4)
	  Index Cond: ((k >= 8761187) AND (k <= 8761287))

table 6 : explain SELECT k FROM sbtest6 WHERE k BETWEEN 8761187 AND 8761287
	Index Only Scan using k_6 on sbtest6  (cost=0.43..6.51 rows=104 width=4)
	  Index Cond: ((k >= 8761187) AND (k <= 8761287))

table 7 : explain SELECT k FROM sbtest7 WHERE k BETWEEN 8761187 AND 8761287
	Index Only Scan using k_7 on sbtest7  (cost=0.43..10.44 rows=100 width=4)
	  Index Cond: ((k >= 8761187) AND (k <= 8761287))

table 8 : explain SELECT k FROM sbtest8 WHERE k BETWEEN 8761187 AND 8761287
	Index Only Scan using k_8 on sbtest8  (cost=0.43..6.32 rows=94 width=4)
	  Index Cond: ((k >= 8761187) AND (k <= 8761287))

explain: for range-covered :: explain SELECT k FROM sbtest%d WHERE k BETWEEN 5084426 AND 5084526
explain: for range-covered :: explain SELECT k FROM sbtest%d WHERE k BETWEEN 8761187 AND 8761287
for range-covered
table 1 : explain SELECT k FROM sbtest1 WHERE k BETWEEN 6707351 AND 6707451
	Index Only Scan using k_1 on sbtest1  (cost=0.43..10.36 rows=96 width=4)
	  Index Cond: ((k >= 6707351) AND (k <= 6707451))

table 2 : explain SELECT k FROM sbtest2 WHERE k BETWEEN 6707351 AND 6707451
	Index Only Scan using k_2 on sbtest2  (cost=0.43..6.27 rows=92 width=4)
	  Index Cond: ((k >= 6707351) AND (k <= 6707451))

table 3 : explain SELECT k FROM sbtest3 WHERE k BETWEEN 6707351 AND 6707451
	Index Only Scan using k_3 on sbtest3  (cost=0.43..10.42 rows=99 width=4)
	  Index Cond: ((k >= 6707351) AND (k <= 6707451))

table 4 : explain SELECT k FROM sbtest4 WHERE k BETWEEN 6707351 AND 6707451
	Index Only Scan using k_4 on sbtest4  (cost=0.43..10.44 rows=100 width=4)
	  Index Cond: ((k >= 6707351) AND (k <= 6707451))

table 5 : explain SELECT k FROM sbtest5 WHERE k BETWEEN 6707351 AND 6707451
	Index Only Scan using k_5 on sbtest5  (cost=0.43..10.50 rows=103 width=4)
	  Index Cond: ((k >= 6707351) AND (k <= 6707451))

table 6 : explain SELECT k FROM sbtest6 WHERE k BETWEEN 6707351 AND 6707451
	Index Only Scan using k_6 on sbtest6  (cost=0.43..6.32 rows=94 width=4)
	  Index Cond: ((k >= 6707351) AND (k <= 6707451))

table 7 : explain SELECT k FROM sbtest7 WHERE k BETWEEN 6707351 AND 6707451
	Index Only Scan using k_7 on sbtest7  (cost=0.43..10.44 rows=100 width=4)
	  Index Cond: ((k >= 6707351) AND (k <= 6707451))

table 8 : explain SELECT k FROM sbtest8 WHERE k BETWEEN 6707351 AND 6707451
	Index Only Scan using k_8 on sbtest8  (cost=0.43..6.63 rows=110 width=4)
	  Index Cond: ((k >= 6707351) AND (k <= 6707451))

for range-covered
table 1 : explain SELECT k FROM sbtest1 WHERE k BETWEEN 8968489 AND 8968589
	Index Only Scan using k_1 on sbtest1  (cost=0.43..10.40 rows=98 width=4)
	  Index Cond: ((k >= 8968489) AND (k <= 8968589))

table 2 : explain SELECT k FROM sbtest2 WHERE k BETWEEN 8968489 AND 8968589
	Index Only Scan using k_2 on sbtest2  (cost=0.43..6.56 rows=106 width=4)
	  Index Cond: ((k >= 8968489) AND (k <= 8968589))

table 3 : explain SELECT k FROM sbtest3 WHERE k BETWEEN 8968489 AND 8968589
	Index Only Scan using k_3 on sbtest3  (cost=0.43..10.62 rows=109 width=4)
	  Index Cond: ((k >= 8968489) AND (k <= 8968589))

table 4 : explain SELECT k FROM sbtest4 WHERE k BETWEEN 8968489 AND 8968589
	Index Only Scan using k_4 on sbtest4  (cost=0.43..10.65 rows=111 width=4)
	  Index Cond: ((k >= 8968489) AND (k <= 8968589))

table 5 : explain SELECT k FROM sbtest5 WHERE k BETWEEN 8968489 AND 8968589
	Index Only Scan using k_5 on sbtest5  (cost=0.43..10.51 rows=104 width=4)
	  Index Cond: ((k >= 8968489) AND (k <= 8968589))

table 6 : explain SELECT k FROM sbtest6 WHERE k BETWEEN 8968489 AND 8968589
	Index Only Scan using k_6 on sbtest6  (cost=0.43..6.50 rows=103 width=4)
	  Index Cond: ((k >= 8968489) AND (k <= 8968589))

table 7 : explain SELECT k FROM sbtest7 WHERE k BETWEEN 8968489 AND 8968589
	Index Only Scan using k_7 on sbtest7  (cost=0.43..10.38 rows=97 width=4)
	  Index Cond: ((k >= 8968489) AND (k <= 8968589))

table 8 : explain SELECT k FROM sbtest8 WHERE k BETWEEN 8968489 AND 8968589
	Index Only Scan using k_8 on sbtest8  (cost=0.43..6.50 rows=103 width=4)
	  Index Cond: ((k >= 8968489) AND (k <= 8968589))

for range-covered
table 1 : explain SELECT k FROM sbtest1 WHERE k BETWEEN 3820480 AND 3820580
	Index Only Scan using k_1 on sbtest1  (cost=0.43..10.40 rows=98 width=4)
	  Index Cond: ((k >= 3820480) AND (k <= 3820580))

table 2 : explain SELECT k FROM sbtest2 WHERE k BETWEEN 3820480 AND 3820580
	Index Only Scan using k_2 on sbtest2  (cost=0.43..6.42 rows=99 width=4)
	  Index Cond: ((k >= 3820480) AND (k <= 3820580))

table 3 : explain SELECT k FROM sbtest3 WHERE k BETWEEN 3820480 AND 3820580
	Index Only Scan using k_3 on sbtest3  (cost=0.43..10.50 rows=103 width=4)
	  Index Cond: ((k >= 3820480) AND (k <= 3820580))

table 4 : explain SELECT k FROM sbtest4 WHERE k BETWEEN 3820480 AND 3820580
	Index Only Scan using k_4 on sbtest4  (cost=0.43..10.72 rows=114 width=4)
	  Index Cond: ((k >= 3820480) AND (k <= 3820580))

table 5 : explain SELECT k FROM sbtest5 WHERE k BETWEEN 3820480 AND 3820580
	Index Only Scan using k_5 on sbtest5  (cost=0.43..10.38 rows=97 width=4)
	  Index Cond: ((k >= 3820480) AND (k <= 3820580))

table 6 : explain SELECT k FROM sbtest6 WHERE k BETWEEN 3820480 AND 3820580
	Index Only Scan using k_6 on sbtest6  (cost=0.43..6.63 rows=110 width=4)
	  Index Cond: ((k >= 3820480) AND (k <= 3820580))

table 7 : explain SELECT k FROM sbtest7 WHERE k BETWEEN 3820480 AND 3820580
	Index Only Scan using k_7 on sbtest7  (cost=0.43..10.54 rows=105 width=4)
	  Index Cond: ((k >= 3820480) AND (k <= 3820580))

table 8 : explain SELECT k FROM sbtest8 WHERE k BETWEEN 3820480 AND 3820580
	Index Only Scan using k_8 on sbtest8  (cost=0.43..6.33 rows=95 width=4)
	  Index Cond: ((k >= 3820480) AND (k <= 3820580))

explain: for range-covered :: explain SELECT k FROM sbtest%d WHERE k BETWEEN 6707351 AND 6707451
explain: for range-covered :: explain SELECT k FROM sbtest%d WHERE k BETWEEN 8968489 AND 8968589
explain: for range-covered :: explain SELECT k FROM sbtest%d WHERE k BETWEEN 3820480 AND 3820580
for range-covered
table 1 : explain SELECT k FROM sbtest1 WHERE k BETWEEN 2718039 AND 2718139
	Index Only Scan using k_1 on sbtest1  (cost=0.43..10.50 rows=103 width=4)
	  Index Cond: ((k >= 2718039) AND (k <= 2718139))

table 2 : explain SELECT k FROM sbtest2 WHERE k BETWEEN 2718039 AND 2718139
	Index Only Scan using k_2 on sbtest2  (cost=0.43..6.27 rows=92 width=4)
	  Index Cond: ((k >= 2718039) AND (k <= 2718139))

table 3 : explain SELECT k FROM sbtest3 WHERE k BETWEEN 2718039 AND 2718139
	Index Only Scan using k_3 on sbtest3  (cost=0.43..10.46 rows=101 width=4)
	  Index Cond: ((k >= 2718039) AND (k <= 2718139))

table 4 : explain SELECT k FROM sbtest4 WHERE k BETWEEN 2718039 AND 2718139
	Index Only Scan using k_4 on sbtest4  (cost=0.43..10.29 rows=93 width=4)
	  Index Cond: ((k >= 2718039) AND (k <= 2718139))

table 5 : explain SELECT k FROM sbtest5 WHERE k BETWEEN 2718039 AND 2718139
	Index Only Scan using k_5 on sbtest5  (cost=0.43..10.44 rows=100 width=4)
	  Index Cond: ((k >= 2718039) AND (k <= 2718139))

table 6 : explain SELECT k FROM sbtest6 WHERE k BETWEEN 2718039 AND 2718139
	Index Only Scan using k_6 on sbtest6  (cost=0.43..6.25 rows=91 width=4)
	  Index Cond: ((k >= 2718039) AND (k <= 2718139))

table 7 : explain SELECT k FROM sbtest7 WHERE k BETWEEN 2718039 AND 2718139
	Index Only Scan using k_7 on sbtest7  (cost=0.43..10.62 rows=109 width=4)
	  Index Cond: ((k >= 2718039) AND (k <= 2718139))

table 8 : explain SELECT k FROM sbtest8 WHERE k BETWEEN 2718039 AND 2718139
	Index Only Scan using k_8 on sbtest8  (cost=0.43..6.37 rows=97 width=4)
	  Index Cond: ((k >= 2718039) AND (k <= 2718139))

for range-covered
table 1 : explain SELECT k FROM sbtest1 WHERE k BETWEEN 4904867 AND 4904967
	Index Only Scan using k_1 on sbtest1  (cost=0.43..10.62 rows=109 width=4)
	  Index Cond: ((k >= 4904867) AND (k <= 4904967))

table 2 : explain SELECT k FROM sbtest2 WHERE k BETWEEN 4904867 AND 4904967
	Index Only Scan using k_2 on sbtest2  (cost=0.43..6.43 rows=100 width=4)
	  Index Cond: ((k >= 4904867) AND (k <= 4904967))

table 3 : explain SELECT k FROM sbtest3 WHERE k BETWEEN 4904867 AND 4904967
	Index Only Scan using k_3 on sbtest3  (cost=0.43..10.54 rows=105 width=4)
	  Index Cond: ((k >= 4904867) AND (k <= 4904967))

table 4 : explain SELECT k FROM sbtest4 WHERE k BETWEEN 4904867 AND 4904967
	Index Only Scan using k_4 on sbtest4  (cost=0.43..10.60 rows=108 width=4)
	  Index Cond: ((k >= 4904867) AND (k <= 4904967))

table 5 : explain SELECT k FROM sbtest5 WHERE k BETWEEN 4904867 AND 4904967
	Index Only Scan using k_5 on sbtest5  (cost=0.43..10.63 rows=110 width=4)
	  Index Cond: ((k >= 4904867) AND (k <= 4904967))

table 6 : explain SELECT k FROM sbtest6 WHERE k BETWEEN 4904867 AND 4904967
	Index Only Scan using k_6 on sbtest6  (cost=0.43..6.37 rows=97 width=4)
	  Index Cond: ((k >= 4904867) AND (k <= 4904967))

table 7 : explain SELECT k FROM sbtest7 WHERE k BETWEEN 4904867 AND 4904967
	Index Only Scan using k_7 on sbtest7  (cost=0.43..10.50 rows=103 width=4)
	  Index Cond: ((k >= 4904867) AND (k <= 4904967))

table 8 : explain SELECT k FROM sbtest8 WHERE k BETWEEN 4904867 AND 4904967
	Index Only Scan using k_8 on sbtest8  (cost=0.43..6.43 rows=100 width=4)
	  Index Cond: ((k >= 4904867) AND (k <= 4904967))

for range-covered
table 1 : explain SELECT k FROM sbtest1 WHERE k BETWEEN 3876157 AND 3876257
	Index Only Scan using k_1 on sbtest1  (cost=0.43..10.20 rows=88 width=4)
	  Index Cond: ((k >= 3876157) AND (k <= 3876257))

table 2 : explain SELECT k FROM sbtest2 WHERE k BETWEEN 3876157 AND 3876257
	Index Only Scan using k_2 on sbtest2  (cost=0.43..6.42 rows=99 width=4)
	  Index Cond: ((k >= 3876157) AND (k <= 3876257))

table 3 : explain SELECT k FROM sbtest3 WHERE k BETWEEN 3876157 AND 3876257
	Index Only Scan using k_3 on sbtest3  (cost=0.43..10.50 rows=103 width=4)
	  Index Cond: ((k >= 3876157) AND (k <= 3876257))

table 4 : explain SELECT k FROM sbtest4 WHERE k BETWEEN 3876157 AND 3876257
	Index Only Scan using k_4 on sbtest4  (cost=0.43..10.72 rows=114 width=4)
	  Index Cond: ((k >= 3876157) AND (k <= 3876257))

table 5 : explain SELECT k FROM sbtest5 WHERE k BETWEEN 3876157 AND 3876257
	Index Only Scan using k_5 on sbtest5  (cost=0.43..10.63 rows=110 width=4)
	  Index Cond: ((k >= 3876157) AND (k <= 3876257))

table 6 : explain SELECT k FROM sbtest6 WHERE k BETWEEN 3876157 AND 3876257
	Index Only Scan using k_6 on sbtest6  (cost=0.43..6.50 rows=103 width=4)
	  Index Cond: ((k >= 3876157) AND (k <= 3876257))

table 7 : explain SELECT k FROM sbtest7 WHERE k BETWEEN 3876157 AND 3876257
	Index Only Scan using k_7 on sbtest7  (cost=0.43..10.54 rows=105 width=4)
	  Index Cond: ((k >= 3876157) AND (k <= 3876257))

table 8 : explain SELECT k FROM sbtest8 WHERE k BETWEEN 3876157 AND 3876257
	Index Only Scan using k_8 on sbtest8  (cost=0.43..6.56 rows=106 width=4)
	  Index Cond: ((k >= 3876157) AND (k <= 3876257))

for range-covered
table 1 : explain SELECT k FROM sbtest1 WHERE k BETWEEN 5084426 AND 5084526
	Index Only Scan using k_1 on sbtest1  (cost=0.43..10.36 rows=96 width=4)
	  Index Cond: ((k >= 5084426) AND (k <= 5084526))

table 2 : explain SELECT k FROM sbtest2 WHERE k BETWEEN 5084426 AND 5084526
	Index Only Scan using k_2 on sbtest2  (cost=0.43..6.58 rows=107 width=4)
	  Index Cond: ((k >= 5084426) AND (k <= 5084526))

table 3 : explain SELECT k FROM sbtest3 WHERE k BETWEEN 5084426 AND 5084526
	Index Only Scan using k_3 on sbtest3  (cost=0.43..10.38 rows=97 width=4)
	  Index Cond: ((k >= 5084426) AND (k <= 5084526))

table 4 : explain SELECT k FROM sbtest4 WHERE k BETWEEN 5084426 AND 5084526
	Index Only Scan using k_4 on sbtest4  (cost=0.43..10.58 rows=107 width=4)
	  Index Cond: ((k >= 5084426) AND (k <= 5084526))

table 5 : explain SELECT k FROM sbtest5 WHERE k BETWEEN 5084426 AND 5084526
	Index Only Scan using k_5 on sbtest5  (cost=0.43..10.50 rows=103 width=4)
	  Index Cond: ((k >= 5084426) AND (k <= 5084526))

table 6 : explain SELECT k FROM sbtest6 WHERE k BETWEEN 5084426 AND 5084526
	Index Only Scan using k_6 on sbtest6  (cost=0.43..6.50 rows=103 width=4)
	  Index Cond: ((k >= 5084426) AND (k <= 5084526))

table 7 : explain SELECT k FROM sbtest7 WHERE k BETWEEN 5084426 AND 5084526
	Index Only Scan using k_7 on sbtest7  (cost=0.43..10.62 rows=109 width=4)
	  Index Cond: ((k >= 5084426) AND (k <= 5084526))

table 8 : explain SELECT k FROM sbtest8 WHERE k BETWEEN 5084426 AND 5084526
	Index Only Scan using k_8 on sbtest8  (cost=0.43..6.61 rows=109 width=4)
	  Index Cond: ((k >= 5084426) AND (k <= 5084526))

explain: for range-covered :: explain SELECT k FROM sbtest%d WHERE k BETWEEN 4904867 AND 4904967
explain: for range-covered :: explain SELECT k FROM sbtest%d WHERE k BETWEEN 5084426 AND 5084526
for range-covered
table 1 : explain SELECT k FROM sbtest1 WHERE k BETWEEN 8761187 AND 8761287
	Index Only Scan using k_1 on sbtest1  (cost=0.43..10.50 rows=103 width=4)
	  Index Cond: ((k >= 8761187) AND (k <= 8761287))

table 2 : explain SELECT k FROM sbtest2 WHERE k BETWEEN 8761187 AND 8761287
	Index Only Scan using k_2 on sbtest2  (cost=0.43..6.37 rows=97 width=4)
	  Index Cond: ((k >= 8761187) AND (k <= 8761287))

table 3 : explain SELECT k FROM sbtest3 WHERE k BETWEEN 8761187 AND 8761287
	Index Only Scan using k_3 on sbtest3  (cost=0.43..10.44 rows=100 width=4)
	  Index Cond: ((k >= 8761187) AND (k <= 8761287))

table 4 : explain SELECT k FROM sbtest4 WHERE k BETWEEN 8761187 AND 8761287
	Index Only Scan using k_4 on sbtest4  (cost=0.43..10.47 rows=102 width=4)
	  Index Cond: ((k >= 8761187) AND (k <= 8761287))

table 5 : explain SELECT k FROM sbtest5 WHERE k BETWEEN 8761187 AND 8761287
	Index Only Scan using k_5 on sbtest5  (cost=0.43..10.38 rows=97 width=4)
	  Index Cond: ((k >= 8761187) AND (k <= 8761287))

table 6 : explain SELECT k FROM sbtest6 WHERE k BETWEEN 8761187 AND 8761287
	Index Only Scan using k_6 on sbtest6  (cost=0.43..6.51 rows=104 width=4)
	  Index Cond: ((k >= 8761187) AND (k <= 8761287))

table 7 : explain SELECT k FROM sbtest7 WHERE k BETWEEN 8761187 AND 8761287
	Index Only Scan using k_7 on sbtest7  (cost=0.43..10.44 rows=100 width=4)
	  Index Cond: ((k >= 8761187) AND (k <= 8761287))

table 8 : explain SELECT k FROM sbtest8 WHERE k BETWEEN 8761187 AND 8761287
	Index Only Scan using k_8 on sbtest8  (cost=0.43..6.32 rows=94 width=4)
	  Index Cond: ((k >= 8761187) AND (k <= 8761287))

for range-covered
table 1 : explain SELECT k FROM sbtest1 WHERE k BETWEEN 6707351 AND 6707451
	Index Only Scan using k_1 on sbtest1  (cost=0.43..10.36 rows=96 width=4)
	  Index Cond: ((k >= 6707351) AND (k <= 6707451))

table 2 : explain SELECT k FROM sbtest2 WHERE k BETWEEN 6707351 AND 6707451
	Index Only Scan using k_2 on sbtest2  (cost=0.43..6.27 rows=92 width=4)
	  Index Cond: ((k >= 6707351) AND (k <= 6707451))

table 3 : explain SELECT k FROM sbtest3 WHERE k BETWEEN 6707351 AND 6707451
	Index Only Scan using k_3 on sbtest3  (cost=0.43..10.42 rows=99 width=4)
	  Index Cond: ((k >= 6707351) AND (k <= 6707451))

table 4 : explain SELECT k FROM sbtest4 WHERE k BETWEEN 6707351 AND 6707451
	Index Only Scan using k_4 on sbtest4  (cost=0.43..10.44 rows=100 width=4)
	  Index Cond: ((k >= 6707351) AND (k <= 6707451))

table 5 : explain SELECT k FROM sbtest5 WHERE k BETWEEN 6707351 AND 6707451
	Index Only Scan using k_5 on sbtest5  (cost=0.43..10.50 rows=103 width=4)
	  Index Cond: ((k >= 6707351) AND (k <= 6707451))

table 6 : explain SELECT k FROM sbtest6 WHERE k BETWEEN 6707351 AND 6707451
	Index Only Scan using k_6 on sbtest6  (cost=0.43..6.32 rows=94 width=4)
	  Index Cond: ((k >= 6707351) AND (k <= 6707451))

table 7 : explain SELECT k FROM sbtest7 WHERE k BETWEEN 6707351 AND 6707451
	Index Only Scan using k_7 on sbtest7  (cost=0.43..10.44 rows=100 width=4)
	  Index Cond: ((k >= 6707351) AND (k <= 6707451))

table 8 : explain SELECT k FROM sbtest8 WHERE k BETWEEN 6707351 AND 6707451
	Index Only Scan using k_8 on sbtest8  (cost=0.43..6.63 rows=110 width=4)
	  Index Cond: ((k >= 6707351) AND (k <= 6707451))

for range-covered
table 1 : explain SELECT k FROM sbtest1 WHERE k BETWEEN 8968489 AND 8968589
	Index Only Scan using k_1 on sbtest1  (cost=0.43..10.40 rows=98 width=4)
	  Index Cond: ((k >= 8968489) AND (k <= 8968589))

table 2 : explain SELECT k FROM sbtest2 WHERE k BETWEEN 8968489 AND 8968589
	Index Only Scan using k_2 on sbtest2  (cost=0.43..6.56 rows=106 width=4)
	  Index Cond: ((k >= 8968489) AND (k <= 8968589))

table 3 : explain SELECT k FROM sbtest3 WHERE k BETWEEN 8968489 AND 8968589
	Index Only Scan using k_3 on sbtest3  (cost=0.43..10.62 rows=109 width=4)
	  Index Cond: ((k >= 8968489) AND (k <= 8968589))

table 4 : explain SELECT k FROM sbtest4 WHERE k BETWEEN 8968489 AND 8968589
	Index Only Scan using k_4 on sbtest4  (cost=0.43..10.65 rows=111 width=4)
	  Index Cond: ((k >= 8968489) AND (k <= 8968589))

table 5 : explain SELECT k FROM sbtest5 WHERE k BETWEEN 8968489 AND 8968589
	Index Only Scan using k_5 on sbtest5  (cost=0.43..10.51 rows=104 width=4)
	  Index Cond: ((k >= 8968489) AND (k <= 8968589))

table 6 : explain SELECT k FROM sbtest6 WHERE k BETWEEN 8968489 AND 8968589
	Index Only Scan using k_6 on sbtest6  (cost=0.43..6.50 rows=103 width=4)
	  Index Cond: ((k >= 8968489) AND (k <= 8968589))

table 7 : explain SELECT k FROM sbtest7 WHERE k BETWEEN 8968489 AND 8968589
	Index Only Scan using k_7 on sbtest7  (cost=0.43..10.38 rows=97 width=4)
	  Index Cond: ((k >= 8968489) AND (k <= 8968589))

table 8 : explain SELECT k FROM sbtest8 WHERE k BETWEEN 8968489 AND 8968589
	Index Only Scan using k_8 on sbtest8  (cost=0.43..6.50 rows=103 width=4)
	  Index Cond: ((k >= 8968489) AND (k <= 8968589))

explain: for range-covered :: explain SELECT k FROM sbtest%d WHERE k BETWEEN 6707351 AND 6707451
for range-covered
table 1 : explain SELECT k FROM sbtest1 WHERE k BETWEEN 3820480 AND 3820580
	Index Only Scan using k_1 on sbtest1  (cost=0.43..10.40 rows=98 width=4)
	  Index Cond: ((k >= 3820480) AND (k <= 3820580))

table 2 : explain SELECT k FROM sbtest2 WHERE k BETWEEN 3820480 AND 3820580
	Index Only Scan using k_2 on sbtest2  (cost=0.43..6.42 rows=99 width=4)
	  Index Cond: ((k >= 3820480) AND (k <= 3820580))

table 3 : explain SELECT k FROM sbtest3 WHERE k BETWEEN 3820480 AND 3820580
	Index Only Scan using k_3 on sbtest3  (cost=0.43..10.50 rows=103 width=4)
	  Index Cond: ((k >= 3820480) AND (k <= 3820580))

table 4 : explain SELECT k FROM sbtest4 WHERE k BETWEEN 3820480 AND 3820580
	Index Only Scan using k_4 on sbtest4  (cost=0.43..10.72 rows=114 width=4)
	  Index Cond: ((k >= 3820480) AND (k <= 3820580))

table 5 : explain SELECT k FROM sbtest5 WHERE k BETWEEN 3820480 AND 3820580
	Index Only Scan using k_5 on sbtest5  (cost=0.43..10.38 rows=97 width=4)
	  Index Cond: ((k >= 3820480) AND (k <= 3820580))

table 6 : explain SELECT k FROM sbtest6 WHERE k BETWEEN 3820480 AND 3820580
	Index Only Scan using k_6 on sbtest6  (cost=0.43..6.63 rows=110 width=4)
	  Index Cond: ((k >= 3820480) AND (k <= 3820580))

table 7 : explain SELECT k FROM sbtest7 WHERE k BETWEEN 3820480 AND 3820580
	Index Only Scan using k_7 on sbtest7  (cost=0.43..10.54 rows=105 width=4)
	  Index Cond: ((k >= 3820480) AND (k <= 3820580))

table 8 : explain SELECT k FROM sbtest8 WHERE k BETWEEN 3820480 AND 3820580
	Index Only Scan using k_8 on sbtest8  (cost=0.43..6.33 rows=95 width=4)
	  Index Cond: ((k >= 3820480) AND (k <= 3820580))

explain: for range-covered :: explain SELECT k FROM sbtest%d WHERE k BETWEEN 3820480 AND 3820580
for range-covered
table 1 : explain SELECT k FROM sbtest1 WHERE k BETWEEN 4099486 AND 4099586
	Index Only Scan using k_1 on sbtest1  (cost=0.43..10.38 rows=97 width=4)
	  Index Cond: ((k >= 4099486) AND (k <= 4099586))

table 2 : explain SELECT k FROM sbtest2 WHERE k BETWEEN 4099486 AND 4099586
	Index Only Scan using k_2 on sbtest2  (cost=0.43..6.56 rows=106 width=4)
	  Index Cond: ((k >= 4099486) AND (k <= 4099586))

table 3 : explain SELECT k FROM sbtest3 WHERE k BETWEEN 4099486 AND 4099586
	Index Only Scan using k_3 on sbtest3  (cost=0.43..10.47 rows=102 width=4)
	  Index Cond: ((k >= 4099486) AND (k <= 4099586))

table 4 : explain SELECT k FROM sbtest4 WHERE k BETWEEN 4099486 AND 4099586
	Index Only Scan using k_4 on sbtest4  (cost=0.43..10.62 rows=109 width=4)
	  Index Cond: ((k >= 4099486) AND (k <= 4099586))

table 5 : explain SELECT k FROM sbtest5 WHERE k BETWEEN 4099486 AND 4099586
	Index Only Scan using k_5 on sbtest5  (cost=0.43..10.29 rows=93 width=4)
	  Index Cond: ((k >= 4099486) AND (k <= 4099586))

table 6 : explain SELECT k FROM sbtest6 WHERE k BETWEEN 4099486 AND 4099586
	Index Only Scan using k_6 on sbtest6  (cost=0.43..6.53 rows=105 width=4)
	  Index Cond: ((k >= 4099486) AND (k <= 4099586))

table 7 : explain SELECT k FROM sbtest7 WHERE k BETWEEN 4099486 AND 4099586
	Index Only Scan using k_7 on sbtest7  (cost=0.43..10.60 rows=108 width=4)
	  Index Cond: ((k >= 4099486) AND (k <= 4099586))

table 8 : explain SELECT k FROM sbtest8 WHERE k BETWEEN 4099486 AND 4099586
	Index Only Scan using k_8 on sbtest8  (cost=0.43..6.59 rows=108 width=4)
	  Index Cond: ((k >= 4099486) AND (k <= 4099586))

for range-covered
table 1 : explain SELECT k FROM sbtest1 WHERE k BETWEEN 4904867 AND 4904967
	Index Only Scan using k_1 on sbtest1  (cost=0.43..10.62 rows=109 width=4)
	  Index Cond: ((k >= 4904867) AND (k <= 4904967))

table 2 : explain SELECT k FROM sbtest2 WHERE k BETWEEN 4904867 AND 4904967
	Index Only Scan using k_2 on sbtest2  (cost=0.43..6.43 rows=100 width=4)
	  Index Cond: ((k >= 4904867) AND (k <= 4904967))

table 3 : explain SELECT k FROM sbtest3 WHERE k BETWEEN 4904867 AND 4904967
	Index Only Scan using k_3 on sbtest3  (cost=0.43..10.54 rows=105 width=4)
	  Index Cond: ((k >= 4904867) AND (k <= 4904967))

table 4 : explain SELECT k FROM sbtest4 WHERE k BETWEEN 4904867 AND 4904967
	Index Only Scan using k_4 on sbtest4  (cost=0.43..10.60 rows=108 width=4)
	  Index Cond: ((k >= 4904867) AND (k <= 4904967))

table 5 : explain SELECT k FROM sbtest5 WHERE k BETWEEN 4904867 AND 4904967
	Index Only Scan using k_5 on sbtest5  (cost=0.43..10.63 rows=110 width=4)
	  Index Cond: ((k >= 4904867) AND (k <= 4904967))

table 6 : explain SELECT k FROM sbtest6 WHERE k BETWEEN 4904867 AND 4904967
	Index Only Scan using k_6 on sbtest6  (cost=0.43..6.37 rows=97 width=4)
	  Index Cond: ((k >= 4904867) AND (k <= 4904967))

table 7 : explain SELECT k FROM sbtest7 WHERE k BETWEEN 4904867 AND 4904967
	Index Only Scan using k_7 on sbtest7  (cost=0.43..10.50 rows=103 width=4)
	  Index Cond: ((k >= 4904867) AND (k <= 4904967))

table 8 : explain SELECT k FROM sbtest8 WHERE k BETWEEN 4904867 AND 4904967
	Index Only Scan using k_8 on sbtest8  (cost=0.43..6.43 rows=100 width=4)
	  Index Cond: ((k >= 4904867) AND (k <= 4904967))

for range-covered
table 1 : explain SELECT k FROM sbtest1 WHERE k BETWEEN 5084426 AND 5084526
	Index Only Scan using k_1 on sbtest1  (cost=0.43..10.36 rows=96 width=4)
	  Index Cond: ((k >= 5084426) AND (k <= 5084526))

table 2 : explain SELECT k FROM sbtest2 WHERE k BETWEEN 5084426 AND 5084526
	Index Only Scan using k_2 on sbtest2  (cost=0.43..6.58 rows=107 width=4)
	  Index Cond: ((k >= 5084426) AND (k <= 5084526))

table 3 : explain SELECT k FROM sbtest3 WHERE k BETWEEN 5084426 AND 5084526
	Index Only Scan using k_3 on sbtest3  (cost=0.43..10.38 rows=97 width=4)
	  Index Cond: ((k >= 5084426) AND (k <= 5084526))

table 4 : explain SELECT k FROM sbtest4 WHERE k BETWEEN 5084426 AND 5084526
	Index Only Scan using k_4 on sbtest4  (cost=0.43..10.58 rows=107 width=4)
	  Index Cond: ((k >= 5084426) AND (k <= 5084526))

table 5 : explain SELECT k FROM sbtest5 WHERE k BETWEEN 5084426 AND 5084526
	Index Only Scan using k_5 on sbtest5  (cost=0.43..10.50 rows=103 width=4)
	  Index Cond: ((k >= 5084426) AND (k <= 5084526))

table 6 : explain SELECT k FROM sbtest6 WHERE k BETWEEN 5084426 AND 5084526
	Index Only Scan using k_6 on sbtest6  (cost=0.43..6.50 rows=103 width=4)
	  Index Cond: ((k >= 5084426) AND (k <= 5084526))

table 7 : explain SELECT k FROM sbtest7 WHERE k BETWEEN 5084426 AND 5084526
	Index Only Scan using k_7 on sbtest7  (cost=0.43..10.62 rows=109 width=4)
	  Index Cond: ((k >= 5084426) AND (k <= 5084526))

table 8 : explain SELECT k FROM sbtest8 WHERE k BETWEEN 5084426 AND 5084526
	Index Only Scan using k_8 on sbtest8  (cost=0.43..6.61 rows=109 width=4)
	  Index Cond: ((k >= 5084426) AND (k <= 5084526))

explain: for range-covered :: explain SELECT k FROM sbtest%d WHERE k BETWEEN 4099486 AND 4099586
explain: for range-covered :: explain SELECT k FROM sbtest%d WHERE k BETWEEN 4904867 AND 4904967
explain: for range-covered :: explain SELECT k FROM sbtest%d WHERE k BETWEEN 5084426 AND 5084526
for range-covered
table 1 : explain SELECT k FROM sbtest1 WHERE k BETWEEN 5673063 AND 5673163
	Index Only Scan using k_1 on sbtest1  (cost=0.43..10.44 rows=100 width=4)
	  Index Cond: ((k >= 5673063) AND (k <= 5673163))

table 2 : explain SELECT k FROM sbtest2 WHERE k BETWEEN 5673063 AND 5673163
	Index Only Scan using k_2 on sbtest2  (cost=0.43..6.43 rows=100 width=4)
	  Index Cond: ((k >= 5673063) AND (k <= 5673163))

table 3 : explain SELECT k FROM sbtest3 WHERE k BETWEEN 5673063 AND 5673163
	Index Only Scan using k_3 on sbtest3  (cost=0.43..10.50 rows=103 width=4)
	  Index Cond: ((k >= 5673063) AND (k <= 5673163))

table 4 : explain SELECT k FROM sbtest4 WHERE k BETWEEN 5673063 AND 5673163
	Index Only Scan using k_4 on sbtest4  (cost=0.43..10.36 rows=96 width=4)
	  Index Cond: ((k >= 5673063) AND (k <= 5673163))

table 5 : explain SELECT k FROM sbtest5 WHERE k BETWEEN 5673063 AND 5673163
	Index Only Scan using k_5 on sbtest5  (cost=0.43..10.33 rows=95 width=4)
	  Index Cond: ((k >= 5673063) AND (k <= 5673163))

table 6 : explain SELECT k FROM sbtest6 WHERE k BETWEEN 5673063 AND 5673163
	Index Only Scan using k_6 on sbtest6  (cost=0.43..6.58 rows=107 width=4)
	  Index Cond: ((k >= 5673063) AND (k <= 5673163))

table 7 : explain SELECT k FROM sbtest7 WHERE k BETWEEN 5673063 AND 5673163
	Index Only Scan using k_7 on sbtest7  (cost=0.43..10.54 rows=105 width=4)
	  Index Cond: ((k >= 5673063) AND (k <= 5673163))

table 8 : explain SELECT k FROM sbtest8 WHERE k BETWEEN 5673063 AND 5673163
	Index Only Scan using k_8 on sbtest8  (cost=0.43..6.50 rows=103 width=4)
	  Index Cond: ((k >= 5673063) AND (k <= 5673163))

explain: for range-covered :: explain SELECT k FROM sbtest%d WHERE k BETWEEN 5673063 AND 5673163
for range-covered
table 1 : explain SELECT k FROM sbtest1 WHERE k BETWEEN 6707351 AND 6707451
	Index Only Scan using k_1 on sbtest1  (cost=0.43..10.36 rows=96 width=4)
	  Index Cond: ((k >= 6707351) AND (k <= 6707451))

table 2 : explain SELECT k FROM sbtest2 WHERE k BETWEEN 6707351 AND 6707451
	Index Only Scan using k_2 on sbtest2  (cost=0.43..6.27 rows=92 width=4)
	  Index Cond: ((k >= 6707351) AND (k <= 6707451))

table 3 : explain SELECT k FROM sbtest3 WHERE k BETWEEN 6707351 AND 6707451
	Index Only Scan using k_3 on sbtest3  (cost=0.43..10.42 rows=99 width=4)
	  Index Cond: ((k >= 6707351) AND (k <= 6707451))

table 4 : explain SELECT k FROM sbtest4 WHERE k BETWEEN 6707351 AND 6707451
	Index Only Scan using k_4 on sbtest4  (cost=0.43..10.44 rows=100 width=4)
	  Index Cond: ((k >= 6707351) AND (k <= 6707451))

table 5 : explain SELECT k FROM sbtest5 WHERE k BETWEEN 6707351 AND 6707451
	Index Only Scan using k_5 on sbtest5  (cost=0.43..10.50 rows=103 width=4)
	  Index Cond: ((k >= 6707351) AND (k <= 6707451))

table 6 : explain SELECT k FROM sbtest6 WHERE k BETWEEN 6707351 AND 6707451
	Index Only Scan using k_6 on sbtest6  (cost=0.43..6.32 rows=94 width=4)
	  Index Cond: ((k >= 6707351) AND (k <= 6707451))

table 7 : explain SELECT k FROM sbtest7 WHERE k BETWEEN 6707351 AND 6707451
	Index Only Scan using k_7 on sbtest7  (cost=0.43..10.44 rows=100 width=4)
	  Index Cond: ((k >= 6707351) AND (k <= 6707451))

table 8 : explain SELECT k FROM sbtest8 WHERE k BETWEEN 6707351 AND 6707451
	Index Only Scan using k_8 on sbtest8  (cost=0.43..6.63 rows=110 width=4)
	  Index Cond: ((k >= 6707351) AND (k <= 6707451))

for range-covered
table 1 : explain SELECT k FROM sbtest1 WHERE k BETWEEN 3820480 AND 3820580
	Index Only Scan using k_1 on sbtest1  (cost=0.43..10.40 rows=98 width=4)
	  Index Cond: ((k >= 3820480) AND (k <= 3820580))

table 2 : explain SELECT k FROM sbtest2 WHERE k BETWEEN 3820480 AND 3820580
	Index Only Scan using k_2 on sbtest2  (cost=0.43..6.42 rows=99 width=4)
	  Index Cond: ((k >= 3820480) AND (k <= 3820580))

table 3 : explain SELECT k FROM sbtest3 WHERE k BETWEEN 3820480 AND 3820580
	Index Only Scan using k_3 on sbtest3  (cost=0.43..10.50 rows=103 width=4)
	  Index Cond: ((k >= 3820480) AND (k <= 3820580))

table 4 : explain SELECT k FROM sbtest4 WHERE k BETWEEN 3820480 AND 3820580
	Index Only Scan using k_4 on sbtest4  (cost=0.43..10.72 rows=114 width=4)
	  Index Cond: ((k >= 3820480) AND (k <= 3820580))

table 5 : explain SELECT k FROM sbtest5 WHERE k BETWEEN 3820480 AND 3820580
	Index Only Scan using k_5 on sbtest5  (cost=0.43..10.38 rows=97 width=4)
	  Index Cond: ((k >= 3820480) AND (k <= 3820580))

table 6 : explain SELECT k FROM sbtest6 WHERE k BETWEEN 3820480 AND 3820580
	Index Only Scan using k_6 on sbtest6  (cost=0.43..6.63 rows=110 width=4)
	  Index Cond: ((k >= 3820480) AND (k <= 3820580))

table 7 : explain SELECT k FROM sbtest7 WHERE k BETWEEN 3820480 AND 3820580
	Index Only Scan using k_7 on sbtest7  (cost=0.43..10.54 rows=105 width=4)
	  Index Cond: ((k >= 3820480) AND (k <= 3820580))

table 8 : explain SELECT k FROM sbtest8 WHERE k BETWEEN 3820480 AND 3820580
	Index Only Scan using k_8 on sbtest8  (cost=0.43..6.33 rows=95 width=4)
	  Index Cond: ((k >= 3820480) AND (k <= 3820580))

explain: for range-covered :: explain SELECT k FROM sbtest%d WHERE k BETWEEN 6707351 AND 6707451
explain: for range-covered :: explain SELECT k FROM sbtest%d WHERE k BETWEEN 3820480 AND 3820580
for range-covered
table 1 : explain SELECT k FROM sbtest1 WHERE k BETWEEN 5555228 AND 5555328
	Index Only Scan using k_1 on sbtest1  (cost=0.43..10.68 rows=112 width=4)
	  Index Cond: ((k >= 5555228) AND (k <= 5555328))

table 2 : explain SELECT k FROM sbtest2 WHERE k BETWEEN 5555228 AND 5555328
	Index Only Scan using k_2 on sbtest2  (cost=0.43..6.66 rows=111 width=4)
	  Index Cond: ((k >= 5555228) AND (k <= 5555328))

table 3 : explain SELECT k FROM sbtest3 WHERE k BETWEEN 5555228 AND 5555328
	Index Only Scan using k_3 on sbtest3  (cost=0.43..10.63 rows=110 width=4)
	  Index Cond: ((k >= 5555228) AND (k <= 5555328))

table 4 : explain SELECT k FROM sbtest4 WHERE k BETWEEN 5555228 AND 5555328
	Index Only Scan using k_4 on sbtest4  (cost=0.43..10.42 rows=99 width=4)
	  Index Cond: ((k >= 5555228) AND (k <= 5555328))

table 5 : explain SELECT k FROM sbtest5 WHERE k BETWEEN 5555228 AND 5555328
	Index Only Scan using k_5 on sbtest5  (cost=0.43..10.46 rows=101 width=4)
	  Index Cond: ((k >= 5555228) AND (k <= 5555328))

table 6 : explain SELECT k FROM sbtest6 WHERE k BETWEEN 5555228 AND 5555328
	Index Only Scan using k_6 on sbtest6  (cost=0.43..6.72 rows=114 width=4)
	  Index Cond: ((k >= 5555228) AND (k <= 5555328))

table 7 : explain SELECT k FROM sbtest7 WHERE k BETWEEN 5555228 AND 5555328
	Index Only Scan using k_7 on sbtest7  (cost=0.43..10.38 rows=97 width=4)
	  Index Cond: ((k >= 5555228) AND (k <= 5555328))

table 8 : explain SELECT k FROM sbtest8 WHERE k BETWEEN 5555228 AND 5555328
	Index Only Scan using k_8 on sbtest8  (cost=0.43..6.59 rows=108 width=4)
	  Index Cond: ((k >= 5555228) AND (k <= 5555328))

for range-covered
table 1 : explain SELECT k FROM sbtest1 WHERE k BETWEEN 4099486 AND 4099586
	Index Only Scan using k_1 on sbtest1  (cost=0.43..10.38 rows=97 width=4)
	  Index Cond: ((k >= 4099486) AND (k <= 4099586))

table 2 : explain SELECT k FROM sbtest2 WHERE k BETWEEN 4099486 AND 4099586
	Index Only Scan using k_2 on sbtest2  (cost=0.43..6.56 rows=106 width=4)
	  Index Cond: ((k >= 4099486) AND (k <= 4099586))

table 3 : explain SELECT k FROM sbtest3 WHERE k BETWEEN 4099486 AND 4099586
	Index Only Scan using k_3 on sbtest3  (cost=0.43..10.47 rows=102 width=4)
	  Index Cond: ((k >= 4099486) AND (k <= 4099586))

table 4 : explain SELECT k FROM sbtest4 WHERE k BETWEEN 4099486 AND 4099586
	Index Only Scan using k_4 on sbtest4  (cost=0.43..10.62 rows=109 width=4)
	  Index Cond: ((k >= 4099486) AND (k <= 4099586))

table 5 : explain SELECT k FROM sbtest5 WHERE k BETWEEN 4099486 AND 4099586
	Index Only Scan using k_5 on sbtest5  (cost=0.43..10.29 rows=93 width=4)
	  Index Cond: ((k >= 4099486) AND (k <= 4099586))

table 6 : explain SELECT k FROM sbtest6 WHERE k BETWEEN 4099486 AND 4099586
	Index Only Scan using k_6 on sbtest6  (cost=0.43..6.53 rows=105 width=4)
	  Index Cond: ((k >= 4099486) AND (k <= 4099586))

table 7 : explain SELECT k FROM sbtest7 WHERE k BETWEEN 4099486 AND 4099586
	Index Only Scan using k_7 on sbtest7  (cost=0.43..10.60 rows=108 width=4)
	  Index Cond: ((k >= 4099486) AND (k <= 4099586))

table 8 : explain SELECT k FROM sbtest8 WHERE k BETWEEN 4099486 AND 4099586
	Index Only Scan using k_8 on sbtest8  (cost=0.43..6.59 rows=108 width=4)
	  Index Cond: ((k >= 4099486) AND (k <= 4099586))

for range-covered
table 1 : explain SELECT k FROM sbtest1 WHERE k BETWEEN 4904867 AND 4904967
	Index Only Scan using k_1 on sbtest1  (cost=0.43..10.62 rows=109 width=4)
	  Index Cond: ((k >= 4904867) AND (k <= 4904967))

table 2 : explain SELECT k FROM sbtest2 WHERE k BETWEEN 4904867 AND 4904967
	Index Only Scan using k_2 on sbtest2  (cost=0.43..6.43 rows=100 width=4)
	  Index Cond: ((k >= 4904867) AND (k <= 4904967))

table 3 : explain SELECT k FROM sbtest3 WHERE k BETWEEN 4904867 AND 4904967
	Index Only Scan using k_3 on sbtest3  (cost=0.43..10.54 rows=105 width=4)
	  Index Cond: ((k >= 4904867) AND (k <= 4904967))

table 4 : explain SELECT k FROM sbtest4 WHERE k BETWEEN 4904867 AND 4904967
	Index Only Scan using k_4 on sbtest4  (cost=0.43..10.60 rows=108 width=4)
	  Index Cond: ((k >= 4904867) AND (k <= 4904967))

table 5 : explain SELECT k FROM sbtest5 WHERE k BETWEEN 4904867 AND 4904967
	Index Only Scan using k_5 on sbtest5  (cost=0.43..10.63 rows=110 width=4)
	  Index Cond: ((k >= 4904867) AND (k <= 4904967))

table 6 : explain SELECT k FROM sbtest6 WHERE k BETWEEN 4904867 AND 4904967
	Index Only Scan using k_6 on sbtest6  (cost=0.43..6.37 rows=97 width=4)
	  Index Cond: ((k >= 4904867) AND (k <= 4904967))

table 7 : explain SELECT k FROM sbtest7 WHERE k BETWEEN 4904867 AND 4904967
	Index Only Scan using k_7 on sbtest7  (cost=0.43..10.50 rows=103 width=4)
	  Index Cond: ((k >= 4904867) AND (k <= 4904967))

table 8 : explain SELECT k FROM sbtest8 WHERE k BETWEEN 4904867 AND 4904967
	Index Only Scan using k_8 on sbtest8  (cost=0.43..6.43 rows=100 width=4)
	  Index Cond: ((k >= 4904867) AND (k <= 4904967))

for range-covered
table 1 : explain SELECT k FROM sbtest1 WHERE k BETWEEN 5084426 AND 5084526
	Index Only Scan using k_1 on sbtest1  (cost=0.43..10.36 rows=96 width=4)
	  Index Cond: ((k >= 5084426) AND (k <= 5084526))

table 2 : explain SELECT k FROM sbtest2 WHERE k BETWEEN 5084426 AND 5084526
	Index Only Scan using k_2 on sbtest2  (cost=0.43..6.58 rows=107 width=4)
	  Index Cond: ((k >= 5084426) AND (k <= 5084526))

table 3 : explain SELECT k FROM sbtest3 WHERE k BETWEEN 5084426 AND 5084526
	Index Only Scan using k_3 on sbtest3  (cost=0.43..10.38 rows=97 width=4)
	  Index Cond: ((k >= 5084426) AND (k <= 5084526))

table 4 : explain SELECT k FROM sbtest4 WHERE k BETWEEN 5084426 AND 5084526
	Index Only Scan using k_4 on sbtest4  (cost=0.43..10.58 rows=107 width=4)
	  Index Cond: ((k >= 5084426) AND (k <= 5084526))

table 5 : explain SELECT k FROM sbtest5 WHERE k BETWEEN 5084426 AND 5084526
	Index Only Scan using k_5 on sbtest5  (cost=0.43..10.50 rows=103 width=4)
	  Index Cond: ((k >= 5084426) AND (k <= 5084526))

table 6 : explain SELECT k FROM sbtest6 WHERE k BETWEEN 5084426 AND 5084526
	Index Only Scan using k_6 on sbtest6  (cost=0.43..6.50 rows=103 width=4)
	  Index Cond: ((k >= 5084426) AND (k <= 5084526))

table 7 : explain SELECT k FROM sbtest7 WHERE k BETWEEN 5084426 AND 5084526
	Index Only Scan using k_7 on sbtest7  (cost=0.43..10.62 rows=109 width=4)
	  Index Cond: ((k >= 5084426) AND (k <= 5084526))

table 8 : explain SELECT k FROM sbtest8 WHERE k BETWEEN 5084426 AND 5084526
	Index Only Scan using k_8 on sbtest8  (cost=0.43..6.61 rows=109 width=4)
	  Index Cond: ((k >= 5084426) AND (k <= 5084526))

explain: for range-covered :: explain SELECT k FROM sbtest%d WHERE k BETWEEN 4099486 AND 4099586
explain: for range-covered :: explain SELECT k FROM sbtest%d WHERE k BETWEEN 5555228 AND 5555328
explain: for range-covered :: explain SELECT k FROM sbtest%d WHERE k BETWEEN 4904867 AND 4904967
explain: for range-covered :: explain SELECT k FROM sbtest%d WHERE k BETWEEN 5084426 AND 5084526
for range-covered
table 1 : explain SELECT k FROM sbtest1 WHERE k BETWEEN 5673063 AND 5673163
	Index Only Scan using k_1 on sbtest1  (cost=0.43..10.44 rows=100 width=4)
	  Index Cond: ((k >= 5673063) AND (k <= 5673163))

table 2 : explain SELECT k FROM sbtest2 WHERE k BETWEEN 5673063 AND 5673163
	Index Only Scan using k_2 on sbtest2  (cost=0.43..6.43 rows=100 width=4)
	  Index Cond: ((k >= 5673063) AND (k <= 5673163))

table 3 : explain SELECT k FROM sbtest3 WHERE k BETWEEN 5673063 AND 5673163
	Index Only Scan using k_3 on sbtest3  (cost=0.43..10.50 rows=103 width=4)
	  Index Cond: ((k >= 5673063) AND (k <= 5673163))

table 4 : explain SELECT k FROM sbtest4 WHERE k BETWEEN 5673063 AND 5673163
	Index Only Scan using k_4 on sbtest4  (cost=0.43..10.36 rows=96 width=4)
	  Index Cond: ((k >= 5673063) AND (k <= 5673163))

table 5 : explain SELECT k FROM sbtest5 WHERE k BETWEEN 5673063 AND 5673163
	Index Only Scan using k_5 on sbtest5  (cost=0.43..10.33 rows=95 width=4)
	  Index Cond: ((k >= 5673063) AND (k <= 5673163))

table 6 : explain SELECT k FROM sbtest6 WHERE k BETWEEN 5673063 AND 5673163
	Index Only Scan using k_6 on sbtest6  (cost=0.43..6.58 rows=107 width=4)
	  Index Cond: ((k >= 5673063) AND (k <= 5673163))

table 7 : explain SELECT k FROM sbtest7 WHERE k BETWEEN 5673063 AND 5673163
	Index Only Scan using k_7 on sbtest7  (cost=0.43..10.54 rows=105 width=4)
	  Index Cond: ((k >= 5673063) AND (k <= 5673163))

table 8 : explain SELECT k FROM sbtest8 WHERE k BETWEEN 5673063 AND 5673163
	Index Only Scan using k_8 on sbtest8  (cost=0.43..6.50 rows=103 width=4)
	  Index Cond: ((k >= 5673063) AND (k <= 5673163))

explain: for range-covered :: explain SELECT k FROM sbtest%d WHERE k BETWEEN 5673063 AND 5673163
for range-covered
table 1 : explain SELECT k FROM sbtest1 WHERE k BETWEEN 6707351 AND 6707451
	Index Only Scan using k_1 on sbtest1  (cost=0.43..10.36 rows=96 width=4)
	  Index Cond: ((k >= 6707351) AND (k <= 6707451))

table 2 : explain SELECT k FROM sbtest2 WHERE k BETWEEN 6707351 AND 6707451
	Index Only Scan using k_2 on sbtest2  (cost=0.43..6.27 rows=92 width=4)
	  Index Cond: ((k >= 6707351) AND (k <= 6707451))

table 3 : explain SELECT k FROM sbtest3 WHERE k BETWEEN 6707351 AND 6707451
	Index Only Scan using k_3 on sbtest3  (cost=0.43..10.42 rows=99 width=4)
	  Index Cond: ((k >= 6707351) AND (k <= 6707451))

table 4 : explain SELECT k FROM sbtest4 WHERE k BETWEEN 6707351 AND 6707451
	Index Only Scan using k_4 on sbtest4  (cost=0.43..10.44 rows=100 width=4)
	  Index Cond: ((k >= 6707351) AND (k <= 6707451))

table 5 : explain SELECT k FROM sbtest5 WHERE k BETWEEN 6707351 AND 6707451
	Index Only Scan using k_5 on sbtest5  (cost=0.43..10.50 rows=103 width=4)
	  Index Cond: ((k >= 6707351) AND (k <= 6707451))

table 6 : explain SELECT k FROM sbtest6 WHERE k BETWEEN 6707351 AND 6707451
	Index Only Scan using k_6 on sbtest6  (cost=0.43..6.32 rows=94 width=4)
	  Index Cond: ((k >= 6707351) AND (k <= 6707451))

table 7 : explain SELECT k FROM sbtest7 WHERE k BETWEEN 6707351 AND 6707451
	Index Only Scan using k_7 on sbtest7  (cost=0.43..10.44 rows=100 width=4)
	  Index Cond: ((k >= 6707351) AND (k <= 6707451))

table 8 : explain SELECT k FROM sbtest8 WHERE k BETWEEN 6707351 AND 6707451
	Index Only Scan using k_8 on sbtest8  (cost=0.43..6.63 rows=110 width=4)
	  Index Cond: ((k >= 6707351) AND (k <= 6707451))

for range-covered
table 1 : explain SELECT k FROM sbtest1 WHERE k BETWEEN 3820480 AND 3820580
	Index Only Scan using k_1 on sbtest1  (cost=0.43..10.40 rows=98 width=4)
	  Index Cond: ((k >= 3820480) AND (k <= 3820580))

table 2 : explain SELECT k FROM sbtest2 WHERE k BETWEEN 3820480 AND 3820580
	Index Only Scan using k_2 on sbtest2  (cost=0.43..6.42 rows=99 width=4)
	  Index Cond: ((k >= 3820480) AND (k <= 3820580))

table 3 : explain SELECT k FROM sbtest3 WHERE k BETWEEN 3820480 AND 3820580
	Index Only Scan using k_3 on sbtest3  (cost=0.43..10.50 rows=103 width=4)
	  Index Cond: ((k >= 3820480) AND (k <= 3820580))

table 4 : explain SELECT k FROM sbtest4 WHERE k BETWEEN 3820480 AND 3820580
	Index Only Scan using k_4 on sbtest4  (cost=0.43..10.72 rows=114 width=4)
	  Index Cond: ((k >= 3820480) AND (k <= 3820580))

table 5 : explain SELECT k FROM sbtest5 WHERE k BETWEEN 3820480 AND 3820580
	Index Only Scan using k_5 on sbtest5  (cost=0.43..10.38 rows=97 width=4)
	  Index Cond: ((k >= 3820480) AND (k <= 3820580))

table 6 : explain SELECT k FROM sbtest6 WHERE k BETWEEN 3820480 AND 3820580
	Index Only Scan using k_6 on sbtest6  (cost=0.43..6.63 rows=110 width=4)
	  Index Cond: ((k >= 3820480) AND (k <= 3820580))

table 7 : explain SELECT k FROM sbtest7 WHERE k BETWEEN 3820480 AND 3820580
	Index Only Scan using k_7 on sbtest7  (cost=0.43..10.54 rows=105 width=4)
	  Index Cond: ((k >= 3820480) AND (k <= 3820580))

table 8 : explain SELECT k FROM sbtest8 WHERE k BETWEEN 3820480 AND 3820580
	Index Only Scan using k_8 on sbtest8  (cost=0.43..6.33 rows=95 width=4)
	  Index Cond: ((k >= 3820480) AND (k <= 3820580))

for range-covered
table 1 : explain SELECT k FROM sbtest1 WHERE k BETWEEN 5866631 AND 5866731
	Index Only Scan using k_1 on sbtest1  (cost=0.43..10.54 rows=105 width=4)
	  Index Cond: ((k >= 5866631) AND (k <= 5866731))

table 2 : explain SELECT k FROM sbtest2 WHERE k BETWEEN 5866631 AND 5866731
	Index Only Scan using k_2 on sbtest2  (cost=0.43..6.45 rows=101 width=4)
	  Index Cond: ((k >= 5866631) AND (k <= 5866731))

table 3 : explain SELECT k FROM sbtest3 WHERE k BETWEEN 5866631 AND 5866731
	Index Only Scan using k_3 on sbtest3  (cost=0.43..10.54 rows=105 width=4)
	  Index Cond: ((k >= 5866631) AND (k <= 5866731))

table 4 : explain SELECT k FROM sbtest4 WHERE k BETWEEN 5866631 AND 5866731
	Index Only Scan using k_4 on sbtest4  (cost=0.43..10.36 rows=96 width=4)
	  Index Cond: ((k >= 5866631) AND (k <= 5866731))

table 5 : explain SELECT k FROM sbtest5 WHERE k BETWEEN 5866631 AND 5866731
	Index Only Scan using k_5 on sbtest5  (cost=0.43..10.29 rows=93 width=4)
	  Index Cond: ((k >= 5866631) AND (k <= 5866731))

table 6 : explain SELECT k FROM sbtest6 WHERE k BETWEEN 5866631 AND 5866731
	Index Only Scan using k_6 on sbtest6  (cost=0.43..6.53 rows=105 width=4)
	  Index Cond: ((k >= 5866631) AND (k <= 5866731))

table 7 : explain SELECT k FROM sbtest7 WHERE k BETWEEN 5866631 AND 5866731
	Index Only Scan using k_7 on sbtest7  (cost=0.43..10.40 rows=98 width=4)
	  Index Cond: ((k >= 5866631) AND (k <= 5866731))

table 8 : explain SELECT k FROM sbtest8 WHERE k BETWEEN 5866631 AND 5866731
	Index Only Scan using k_8 on sbtest8  (cost=0.43..6.61 rows=109 width=4)
	  Index Cond: ((k >= 5866631) AND (k <= 5866731))

explain: for range-covered :: explain SELECT k FROM sbtest%d WHERE k BETWEEN 6707351 AND 6707451
explain: for range-covered :: explain SELECT k FROM sbtest%d WHERE k BETWEEN 5866631 AND 5866731
for range-covered
table 1 : explain SELECT k FROM sbtest1 WHERE k BETWEEN 4099486 AND 4099586
	Index Only Scan using k_1 on sbtest1  (cost=0.43..10.38 rows=97 width=4)
	  Index Cond: ((k >= 4099486) AND (k <= 4099586))

table 2 : explain SELECT k FROM sbtest2 WHERE k BETWEEN 4099486 AND 4099586
	Index Only Scan using k_2 on sbtest2  (cost=0.43..6.56 rows=106 width=4)
	  Index Cond: ((k >= 4099486) AND (k <= 4099586))

table 3 : explain SELECT k FROM sbtest3 WHERE k BETWEEN 4099486 AND 4099586
	Index Only Scan using k_3 on sbtest3  (cost=0.43..10.47 rows=102 width=4)
	  Index Cond: ((k >= 4099486) AND (k <= 4099586))

table 4 : explain SELECT k FROM sbtest4 WHERE k BETWEEN 4099486 AND 4099586
	Index Only Scan using k_4 on sbtest4  (cost=0.43..10.62 rows=109 width=4)
	  Index Cond: ((k >= 4099486) AND (k <= 4099586))

table 5 : explain SELECT k FROM sbtest5 WHERE k BETWEEN 4099486 AND 4099586
	Index Only Scan using k_5 on sbtest5  (cost=0.43..10.29 rows=93 width=4)
	  Index Cond: ((k >= 4099486) AND (k <= 4099586))

table 6 : explain SELECT k FROM sbtest6 WHERE k BETWEEN 4099486 AND 4099586
	Index Only Scan using k_6 on sbtest6  (cost=0.43..6.53 rows=105 width=4)
	  Index Cond: ((k >= 4099486) AND (k <= 4099586))

table 7 : explain SELECT k FROM sbtest7 WHERE k BETWEEN 4099486 AND 4099586
	Index Only Scan using k_7 on sbtest7  (cost=0.43..10.60 rows=108 width=4)
	  Index Cond: ((k >= 4099486) AND (k <= 4099586))

table 8 : explain SELECT k FROM sbtest8 WHERE k BETWEEN 4099486 AND 4099586
	Index Only Scan using k_8 on sbtest8  (cost=0.43..6.59 rows=108 width=4)
	  Index Cond: ((k >= 4099486) AND (k <= 4099586))

explain: for range-covered :: explain SELECT k FROM sbtest%d WHERE k BETWEEN 4099486 AND 4099586
for range-covered
table 1 : explain SELECT k FROM sbtest1 WHERE k BETWEEN 5084426 AND 5084526
	Index Only Scan using k_1 on sbtest1  (cost=0.43..10.36 rows=96 width=4)
	  Index Cond: ((k >= 5084426) AND (k <= 5084526))

table 2 : explain SELECT k FROM sbtest2 WHERE k BETWEEN 5084426 AND 5084526
	Index Only Scan using k_2 on sbtest2  (cost=0.43..6.58 rows=107 width=4)
	  Index Cond: ((k >= 5084426) AND (k <= 5084526))

table 3 : explain SELECT k FROM sbtest3 WHERE k BETWEEN 5084426 AND 5084526
	Index Only Scan using k_3 on sbtest3  (cost=0.43..10.38 rows=97 width=4)
	  Index Cond: ((k >= 5084426) AND (k <= 5084526))

table 4 : explain SELECT k FROM sbtest4 WHERE k BETWEEN 5084426 AND 5084526
	Index Only Scan using k_4 on sbtest4  (cost=0.43..10.58 rows=107 width=4)
	  Index Cond: ((k >= 5084426) AND (k <= 5084526))

table 5 : explain SELECT k FROM sbtest5 WHERE k BETWEEN 5084426 AND 5084526
	Index Only Scan using k_5 on sbtest5  (cost=0.43..10.50 rows=103 width=4)
	  Index Cond: ((k >= 5084426) AND (k <= 5084526))

table 6 : explain SELECT k FROM sbtest6 WHERE k BETWEEN 5084426 AND 5084526
	Index Only Scan using k_6 on sbtest6  (cost=0.43..6.50 rows=103 width=4)
	  Index Cond: ((k >= 5084426) AND (k <= 5084526))

table 7 : explain SELECT k FROM sbtest7 WHERE k BETWEEN 5084426 AND 5084526
	Index Only Scan using k_7 on sbtest7  (cost=0.43..10.62 rows=109 width=4)
	  Index Cond: ((k >= 5084426) AND (k <= 5084526))

table 8 : explain SELECT k FROM sbtest8 WHERE k BETWEEN 5084426 AND 5084526
	Index Only Scan using k_8 on sbtest8  (cost=0.43..6.61 rows=109 width=4)
	  Index Cond: ((k >= 5084426) AND (k <= 5084526))

for range-covered
table 1 : explain SELECT k FROM sbtest1 WHERE k BETWEEN 4904867 AND 4904967
	Index Only Scan using k_1 on sbtest1  (cost=0.43..10.62 rows=109 width=4)
	  Index Cond: ((k >= 4904867) AND (k <= 4904967))

table 2 : explain SELECT k FROM sbtest2 WHERE k BETWEEN 4904867 AND 4904967
	Index Only Scan using k_2 on sbtest2  (cost=0.43..6.43 rows=100 width=4)
	  Index Cond: ((k >= 4904867) AND (k <= 4904967))

table 3 : explain SELECT k FROM sbtest3 WHERE k BETWEEN 4904867 AND 4904967
	Index Only Scan using k_3 on sbtest3  (cost=0.43..10.54 rows=105 width=4)
	  Index Cond: ((k >= 4904867) AND (k <= 4904967))

table 4 : explain SELECT k FROM sbtest4 WHERE k BETWEEN 4904867 AND 4904967
	Index Only Scan using k_4 on sbtest4  (cost=0.43..10.60 rows=108 width=4)
	  Index Cond: ((k >= 4904867) AND (k <= 4904967))

table 5 : explain SELECT k FROM sbtest5 WHERE k BETWEEN 4904867 AND 4904967
	Index Only Scan using k_5 on sbtest5  (cost=0.43..10.63 rows=110 width=4)
	  Index Cond: ((k >= 4904867) AND (k <= 4904967))

table 6 : explain SELECT k FROM sbtest6 WHERE k BETWEEN 4904867 AND 4904967
	Index Only Scan using k_6 on sbtest6  (cost=0.43..6.37 rows=97 width=4)
	  Index Cond: ((k >= 4904867) AND (k <= 4904967))

table 7 : explain SELECT k FROM sbtest7 WHERE k BETWEEN 4904867 AND 4904967
	Index Only Scan using k_7 on sbtest7  (cost=0.43..10.50 rows=103 width=4)
	  Index Cond: ((k >= 4904867) AND (k <= 4904967))

table 8 : explain SELECT k FROM sbtest8 WHERE k BETWEEN 4904867 AND 4904967
	Index Only Scan using k_8 on sbtest8  (cost=0.43..6.43 rows=100 width=4)
	  Index Cond: ((k >= 4904867) AND (k <= 4904967))

for range-covered
table 1 : explain SELECT k FROM sbtest1 WHERE k BETWEEN 5555228 AND 5555328
	Index Only Scan using k_1 on sbtest1  (cost=0.43..10.68 rows=112 width=4)
	  Index Cond: ((k >= 5555228) AND (k <= 5555328))

table 2 : explain SELECT k FROM sbtest2 WHERE k BETWEEN 5555228 AND 5555328
	Index Only Scan using k_2 on sbtest2  (cost=0.43..6.66 rows=111 width=4)
	  Index Cond: ((k >= 5555228) AND (k <= 5555328))

table 3 : explain SELECT k FROM sbtest3 WHERE k BETWEEN 5555228 AND 5555328
	Index Only Scan using k_3 on sbtest3  (cost=0.43..10.63 rows=110 width=4)
	  Index Cond: ((k >= 5555228) AND (k <= 5555328))

table 4 : explain SELECT k FROM sbtest4 WHERE k BETWEEN 5555228 AND 5555328
	Index Only Scan using k_4 on sbtest4  (cost=0.43..10.42 rows=99 width=4)
	  Index Cond: ((k >= 5555228) AND (k <= 5555328))

table 5 : explain SELECT k FROM sbtest5 WHERE k BETWEEN 5555228 AND 5555328
	Index Only Scan using k_5 on sbtest5  (cost=0.43..10.46 rows=101 width=4)
	  Index Cond: ((k >= 5555228) AND (k <= 5555328))

table 6 : explain SELECT k FROM sbtest6 WHERE k BETWEEN 5555228 AND 5555328
	Index Only Scan using k_6 on sbtest6  (cost=0.43..6.72 rows=114 width=4)
	  Index Cond: ((k >= 5555228) AND (k <= 5555328))

table 7 : explain SELECT k FROM sbtest7 WHERE k BETWEEN 5555228 AND 5555328
	Index Only Scan using k_7 on sbtest7  (cost=0.43..10.38 rows=97 width=4)
	  Index Cond: ((k >= 5555228) AND (k <= 5555328))

table 8 : explain SELECT k FROM sbtest8 WHERE k BETWEEN 5555228 AND 5555328
	Index Only Scan using k_8 on sbtest8  (cost=0.43..6.59 rows=108 width=4)
	  Index Cond: ((k >= 5555228) AND (k <= 5555328))

for range-covered
table 1 : explain SELECT k FROM sbtest1 WHERE k BETWEEN 5673063 AND 5673163
	Index Only Scan using k_1 on sbtest1  (cost=0.43..10.44 rows=100 width=4)
	  Index Cond: ((k >= 5673063) AND (k <= 5673163))

table 2 : explain SELECT k FROM sbtest2 WHERE k BETWEEN 5673063 AND 5673163
	Index Only Scan using k_2 on sbtest2  (cost=0.43..6.43 rows=100 width=4)
	  Index Cond: ((k >= 5673063) AND (k <= 5673163))

table 3 : explain SELECT k FROM sbtest3 WHERE k BETWEEN 5673063 AND 5673163
	Index Only Scan using k_3 on sbtest3  (cost=0.43..10.50 rows=103 width=4)
	  Index Cond: ((k >= 5673063) AND (k <= 5673163))

table 4 : explain SELECT k FROM sbtest4 WHERE k BETWEEN 5673063 AND 5673163
	Index Only Scan using k_4 on sbtest4  (cost=0.43..10.36 rows=96 width=4)
	  Index Cond: ((k >= 5673063) AND (k <= 5673163))

table 5 : explain SELECT k FROM sbtest5 WHERE k BETWEEN 5673063 AND 5673163
	Index Only Scan using k_5 on sbtest5  (cost=0.43..10.33 rows=95 width=4)
	  Index Cond: ((k >= 5673063) AND (k <= 5673163))

table 6 : explain SELECT k FROM sbtest6 WHERE k BETWEEN 5673063 AND 5673163
	Index Only Scan using k_6 on sbtest6  (cost=0.43..6.58 rows=107 width=4)
	  Index Cond: ((k >= 5673063) AND (k <= 5673163))

table 7 : explain SELECT k FROM sbtest7 WHERE k BETWEEN 5673063 AND 5673163
	Index Only Scan using k_7 on sbtest7  (cost=0.43..10.54 rows=105 width=4)
	  Index Cond: ((k >= 5673063) AND (k <= 5673163))

table 8 : explain SELECT k FROM sbtest8 WHERE k BETWEEN 5673063 AND 5673163
	Index Only Scan using k_8 on sbtest8  (cost=0.43..6.50 rows=103 width=4)
	  Index Cond: ((k >= 5673063) AND (k <= 5673163))

explain: for range-covered :: explain SELECT k FROM sbtest%d WHERE k BETWEEN 5084426 AND 5084526
explain: for range-covered :: explain SELECT k FROM sbtest%d WHERE k BETWEEN 5673063 AND 5673163
explain: for range-covered :: explain SELECT k FROM sbtest%d WHERE k BETWEEN 5555228 AND 5555328
for range-covered
table 1 : explain SELECT k FROM sbtest1 WHERE k BETWEEN 6707351 AND 6707451
	Index Only Scan using k_1 on sbtest1  (cost=0.43..10.36 rows=96 width=4)
	  Index Cond: ((k >= 6707351) AND (k <= 6707451))

table 2 : explain SELECT k FROM sbtest2 WHERE k BETWEEN 6707351 AND 6707451
	Index Only Scan using k_2 on sbtest2  (cost=0.43..6.27 rows=92 width=4)
	  Index Cond: ((k >= 6707351) AND (k <= 6707451))

table 3 : explain SELECT k FROM sbtest3 WHERE k BETWEEN 6707351 AND 6707451
	Index Only Scan using k_3 on sbtest3  (cost=0.43..10.42 rows=99 width=4)
	  Index Cond: ((k >= 6707351) AND (k <= 6707451))

table 4 : explain SELECT k FROM sbtest4 WHERE k BETWEEN 6707351 AND 6707451
	Index Only Scan using k_4 on sbtest4  (cost=0.43..10.44 rows=100 width=4)
	  Index Cond: ((k >= 6707351) AND (k <= 6707451))

table 5 : explain SELECT k FROM sbtest5 WHERE k BETWEEN 6707351 AND 6707451
	Index Only Scan using k_5 on sbtest5  (cost=0.43..10.50 rows=103 width=4)
	  Index Cond: ((k >= 6707351) AND (k <= 6707451))

table 6 : explain SELECT k FROM sbtest6 WHERE k BETWEEN 6707351 AND 6707451
	Index Only Scan using k_6 on sbtest6  (cost=0.43..6.32 rows=94 width=4)
	  Index Cond: ((k >= 6707351) AND (k <= 6707451))

table 7 : explain SELECT k FROM sbtest7 WHERE k BETWEEN 6707351 AND 6707451
	Index Only Scan using k_7 on sbtest7  (cost=0.43..10.44 rows=100 width=4)
	  Index Cond: ((k >= 6707351) AND (k <= 6707451))

table 8 : explain SELECT k FROM sbtest8 WHERE k BETWEEN 6707351 AND 6707451
	Index Only Scan using k_8 on sbtest8  (cost=0.43..6.63 rows=110 width=4)
	  Index Cond: ((k >= 6707351) AND (k <= 6707451))

explain: for range-covered :: explain SELECT k FROM sbtest%d WHERE k BETWEEN 6707351 AND 6707451
for range-covered
table 1 : explain SELECT k FROM sbtest1 WHERE k BETWEEN 5866631 AND 5866731
	Index Only Scan using k_1 on sbtest1  (cost=0.43..10.54 rows=105 width=4)
	  Index Cond: ((k >= 5866631) AND (k <= 5866731))

table 2 : explain SELECT k FROM sbtest2 WHERE k BETWEEN 5866631 AND 5866731
	Index Only Scan using k_2 on sbtest2  (cost=0.43..6.45 rows=101 width=4)
	  Index Cond: ((k >= 5866631) AND (k <= 5866731))

table 3 : explain SELECT k FROM sbtest3 WHERE k BETWEEN 5866631 AND 5866731
	Index Only Scan using k_3 on sbtest3  (cost=0.43..10.54 rows=105 width=4)
	  Index Cond: ((k >= 5866631) AND (k <= 5866731))

table 4 : explain SELECT k FROM sbtest4 WHERE k BETWEEN 5866631 AND 5866731
	Index Only Scan using k_4 on sbtest4  (cost=0.43..10.36 rows=96 width=4)
	  Index Cond: ((k >= 5866631) AND (k <= 5866731))

table 5 : explain SELECT k FROM sbtest5 WHERE k BETWEEN 5866631 AND 5866731
	Index Only Scan using k_5 on sbtest5  (cost=0.43..10.29 rows=93 width=4)
	  Index Cond: ((k >= 5866631) AND (k <= 5866731))

table 6 : explain SELECT k FROM sbtest6 WHERE k BETWEEN 5866631 AND 5866731
	Index Only Scan using k_6 on sbtest6  (cost=0.43..6.53 rows=105 width=4)
	  Index Cond: ((k >= 5866631) AND (k <= 5866731))

table 7 : explain SELECT k FROM sbtest7 WHERE k BETWEEN 5866631 AND 5866731
	Index Only Scan using k_7 on sbtest7  (cost=0.43..10.40 rows=98 width=4)
	  Index Cond: ((k >= 5866631) AND (k <= 5866731))

table 8 : explain SELECT k FROM sbtest8 WHERE k BETWEEN 5866631 AND 5866731
	Index Only Scan using k_8 on sbtest8  (cost=0.43..6.61 rows=109 width=4)
	  Index Cond: ((k >= 5866631) AND (k <= 5866731))

explain: for range-covered :: explain SELECT k FROM sbtest%d WHERE k BETWEEN 5866631 AND 5866731for range-covered
table 1 : explain SELECT k FROM sbtest1 WHERE k BETWEEN 5662784 AND 5662884
	Index Only Scan using k_1 on sbtest1  (cost=0.43..10.44 rows=100 width=4)
	  Index Cond: ((k >= 5662784) AND (k <= 5662884))

table 2 : explain SELECT k FROM sbtest2 WHERE k BETWEEN 5662784 AND 5662884
	Index Only Scan using k_2 on sbtest2  (cost=0.43..6.43 rows=100 width=4)
	  Index Cond: ((k >= 5662784) AND (k <= 5662884))

table 3 : explain SELECT k FROM sbtest3 WHERE k BETWEEN 5662784 AND 5662884
	Index Only Scan using k_3 on sbtest3  (cost=0.43..10.50 rows=103 width=4)
	  Index Cond: ((k >= 5662784) AND (k <= 5662884))

table 4 : explain SELECT k FROM sbtest4 WHERE k BETWEEN 5662784 AND 5662884
	Index Only Scan using k_4 on sbtest4  (cost=0.43..10.36 rows=96 width=4)
	  Index Cond: ((k >= 5662784) AND (k <= 5662884))

table 5 : explain SELECT k FROM sbtest5 WHERE k BETWEEN 5662784 AND 5662884
	Index Only Scan using k_5 on sbtest5  (cost=0.43..10.33 rows=95 width=4)
	  Index Cond: ((k >= 5662784) AND (k <= 5662884))

table 6 : explain SELECT k FROM sbtest6 WHERE k BETWEEN 5662784 AND 5662884
	Index Only Scan using k_6 on sbtest6  (cost=0.43..6.58 rows=107 width=4)
	  Index Cond: ((k >= 5662784) AND (k <= 5662884))

table 7 : explain SELECT k FROM sbtest7 WHERE k BETWEEN 5662784 AND 5662884
	Index Only Scan using k_7 on sbtest7  (cost=0.43..10.54 rows=105 width=4)
	  Index Cond: ((k >= 5662784) AND (k <= 5662884))

table 8 : explain SELECT k FROM sbtest8 WHERE k BETWEEN 5662784 AND 5662884
	Index Only Scan using k_8 on sbtest8  (cost=0.43..6.47 rows=102 width=4)
	  Index Cond: ((k >= 5662784) AND (k <= 5662884))


explain: for range-covered :: explain SELECT k FROM sbtest%d WHERE k BETWEEN 5662784 AND 5662884
for range-covered
table 1 : explain SELECT k FROM sbtest1 WHERE k BETWEEN 4099486 AND 4099586
	Index Only Scan using k_1 on sbtest1  (cost=0.43..10.38 rows=97 width=4)
	  Index Cond: ((k >= 4099486) AND (k <= 4099586))

table 2 : explain SELECT k FROM sbtest2 WHERE k BETWEEN 4099486 AND 4099586
	Index Only Scan using k_2 on sbtest2  (cost=0.43..6.56 rows=106 width=4)
	  Index Cond: ((k >= 4099486) AND (k <= 4099586))

table 3 : explain SELECT k FROM sbtest3 WHERE k BETWEEN 4099486 AND 4099586
	Index Only Scan using k_3 on sbtest3  (cost=0.43..10.47 rows=102 width=4)
	  Index Cond: ((k >= 4099486) AND (k <= 4099586))

table 4 : explain SELECT k FROM sbtest4 WHERE k BETWEEN 4099486 AND 4099586
	Index Only Scan using k_4 on sbtest4  (cost=0.43..10.62 rows=109 width=4)
	  Index Cond: ((k >= 4099486) AND (k <= 4099586))

table 5 : explain SELECT k FROM sbtest5 WHERE k BETWEEN 4099486 AND 4099586
	Index Only Scan using k_5 on sbtest5  (cost=0.43..10.29 rows=93 width=4)
	  Index Cond: ((k >= 4099486) AND (k <= 4099586))

table 6 : explain SELECT k FROM sbtest6 WHERE k BETWEEN 4099486 AND 4099586
	Index Only Scan using k_6 on sbtest6  (cost=0.43..6.53 rows=105 width=4)
	  Index Cond: ((k >= 4099486) AND (k <= 4099586))

table 7 : explain SELECT k FROM sbtest7 WHERE k BETWEEN 4099486 AND 4099586
	Index Only Scan using k_7 on sbtest7  (cost=0.43..10.60 rows=108 width=4)
	  Index Cond: ((k >= 4099486) AND (k <= 4099586))

table 8 : explain SELECT k FROM sbtest8 WHERE k BETWEEN 4099486 AND 4099586
	Index Only Scan using k_8 on sbtest8  (cost=0.43..6.59 rows=108 width=4)
	  Index Cond: ((k >= 4099486) AND (k <= 4099586))

for range-covered
table 1 : explain SELECT k FROM sbtest1 WHERE k BETWEEN 5084426 AND 5084526
	Index Only Scan using k_1 on sbtest1  (cost=0.43..10.36 rows=96 width=4)
	  Index Cond: ((k >= 5084426) AND (k <= 5084526))

table 2 : explain SELECT k FROM sbtest2 WHERE k BETWEEN 5084426 AND 5084526
	Index Only Scan using k_2 on sbtest2  (cost=0.43..6.58 rows=107 width=4)
	  Index Cond: ((k >= 5084426) AND (k <= 5084526))

table 3 : explain SELECT k FROM sbtest3 WHERE k BETWEEN 5084426 AND 5084526
	Index Only Scan using k_3 on sbtest3  (cost=0.43..10.38 rows=97 width=4)
	  Index Cond: ((k >= 5084426) AND (k <= 5084526))

table 4 : explain SELECT k FROM sbtest4 WHERE k BETWEEN 5084426 AND 5084526
	Index Only Scan using k_4 on sbtest4  (cost=0.43..10.58 rows=107 width=4)
	  Index Cond: ((k >= 5084426) AND (k <= 5084526))

table 5 : explain SELECT k FROM sbtest5 WHERE k BETWEEN 5084426 AND 5084526
	Index Only Scan using k_5 on sbtest5  (cost=0.43..10.50 rows=103 width=4)
	  Index Cond: ((k >= 5084426) AND (k <= 5084526))

table 6 : explain SELECT k FROM sbtest6 WHERE k BETWEEN 5084426 AND 5084526
	Index Only Scan using k_6 on sbtest6  (cost=0.43..6.50 rows=103 width=4)
	  Index Cond: ((k >= 5084426) AND (k <= 5084526))

table 7 : explain SELECT k FROM sbtest7 WHERE k BETWEEN 5084426 AND 5084526
	Index Only Scan using k_7 on sbtest7  (cost=0.43..10.62 rows=109 width=4)
	  Index Cond: ((k >= 5084426) AND (k <= 5084526))

table 8 : explain SELECT k FROM sbtest8 WHERE k BETWEEN 5084426 AND 5084526
	Index Only Scan using k_8 on sbtest8  (cost=0.43..6.61 rows=109 width=4)
	  Index Cond: ((k >= 5084426) AND (k <= 5084526))

for range-covered
table 1 : explain SELECT k FROM sbtest1 WHERE k BETWEEN 5673063 AND 5673163
	Index Only Scan using k_1 on sbtest1  (cost=0.43..10.44 rows=100 width=4)
	  Index Cond: ((k >= 5673063) AND (k <= 5673163))

table 2 : explain SELECT k FROM sbtest2 WHERE k BETWEEN 5673063 AND 5673163
	Index Only Scan using k_2 on sbtest2  (cost=0.43..6.43 rows=100 width=4)
	  Index Cond: ((k >= 5673063) AND (k <= 5673163))

table 3 : explain SELECT k FROM sbtest3 WHERE k BETWEEN 5673063 AND 5673163
	Index Only Scan using k_3 on sbtest3  (cost=0.43..10.50 rows=103 width=4)
	  Index Cond: ((k >= 5673063) AND (k <= 5673163))

table 4 : explain SELECT k FROM sbtest4 WHERE k BETWEEN 5673063 AND 5673163
	Index Only Scan using k_4 on sbtest4  (cost=0.43..10.36 rows=96 width=4)
	  Index Cond: ((k >= 5673063) AND (k <= 5673163))

table 5 : explain SELECT k FROM sbtest5 WHERE k BETWEEN 5673063 AND 5673163
	Index Only Scan using k_5 on sbtest5  (cost=0.43..10.33 rows=95 width=4)
	  Index Cond: ((k >= 5673063) AND (k <= 5673163))

table 6 : explain SELECT k FROM sbtest6 WHERE k BETWEEN 5673063 AND 5673163
	Index Only Scan using k_6 on sbtest6  (cost=0.43..6.58 rows=107 width=4)
	  Index Cond: ((k >= 5673063) AND (k <= 5673163))

table 7 : explain SELECT k FROM sbtest7 WHERE k BETWEEN 5673063 AND 5673163
	Index Only Scan using k_7 on sbtest7  (cost=0.43..10.54 rows=105 width=4)
	  Index Cond: ((k >= 5673063) AND (k <= 5673163))

table 8 : explain SELECT k FROM sbtest8 WHERE k BETWEEN 5673063 AND 5673163
	Index Only Scan using k_8 on sbtest8  (cost=0.43..6.50 rows=103 width=4)
	  Index Cond: ((k >= 5673063) AND (k <= 5673163))

explain: for range-covered :: explain SELECT k FROM sbtest%d WHERE k BETWEEN 5084426 AND 5084526
explain: for range-covered :: explain SELECT k FROM sbtest%d WHERE k BETWEEN 5673063 AND 5673163
for range-covered
table 1 : explain SELECT k FROM sbtest1 WHERE k BETWEEN 5555228 AND 5555328
	Index Only Scan using k_1 on sbtest1  (cost=0.43..10.68 rows=112 width=4)
	  Index Cond: ((k >= 5555228) AND (k <= 5555328))

table 2 : explain SELECT k FROM sbtest2 WHERE k BETWEEN 5555228 AND 5555328
	Index Only Scan using k_2 on sbtest2  (cost=0.43..6.66 rows=111 width=4)
	  Index Cond: ((k >= 5555228) AND (k <= 5555328))

table 3 : explain SELECT k FROM sbtest3 WHERE k BETWEEN 5555228 AND 5555328
	Index Only Scan using k_3 on sbtest3  (cost=0.43..10.63 rows=110 width=4)
	  Index Cond: ((k >= 5555228) AND (k <= 5555328))

table 4 : explain SELECT k FROM sbtest4 WHERE k BETWEEN 5555228 AND 5555328
	Index Only Scan using k_4 on sbtest4  (cost=0.43..10.42 rows=99 width=4)
	  Index Cond: ((k >= 5555228) AND (k <= 5555328))

table 5 : explain SELECT k FROM sbtest5 WHERE k BETWEEN 5555228 AND 5555328
	Index Only Scan using k_5 on sbtest5  (cost=0.43..10.46 rows=101 width=4)
	  Index Cond: ((k >= 5555228) AND (k <= 5555328))

table 6 : explain SELECT k FROM sbtest6 WHERE k BETWEEN 5555228 AND 5555328
	Index Only Scan using k_6 on sbtest6  (cost=0.43..6.72 rows=114 width=4)
	  Index Cond: ((k >= 5555228) AND (k <= 5555328))

table 7 : explain SELECT k FROM sbtest7 WHERE k BETWEEN 5555228 AND 5555328
	Index Only Scan using k_7 on sbtest7  (cost=0.43..10.38 rows=97 width=4)
	  Index Cond: ((k >= 5555228) AND (k <= 5555328))

table 8 : explain SELECT k FROM sbtest8 WHERE k BETWEEN 5555228 AND 5555328
	Index Only Scan using k_8 on sbtest8  (cost=0.43..6.59 rows=108 width=4)
	  Index Cond: ((k >= 5555228) AND (k <= 5555328))

explain: for range-covered :: explain SELECT k FROM sbtest%d WHERE k BETWEEN 5555228 AND 5555328
for range-covered
table 1 : explain SELECT k FROM sbtest1 WHERE k BETWEEN 6707351 AND 6707451
	Index Only Scan using k_1 on sbtest1  (cost=0.43..10.36 rows=96 width=4)
	  Index Cond: ((k >= 6707351) AND (k <= 6707451))

table 2 : explain SELECT k FROM sbtest2 WHERE k BETWEEN 6707351 AND 6707451
	Index Only Scan using k_2 on sbtest2  (cost=0.43..6.27 rows=92 width=4)
	  Index Cond: ((k >= 6707351) AND (k <= 6707451))

table 3 : explain SELECT k FROM sbtest3 WHERE k BETWEEN 6707351 AND 6707451
	Index Only Scan using k_3 on sbtest3  (cost=0.43..10.42 rows=99 width=4)
	  Index Cond: ((k >= 6707351) AND (k <= 6707451))

table 4 : explain SELECT k FROM sbtest4 WHERE k BETWEEN 6707351 AND 6707451
	Index Only Scan using k_4 on sbtest4  (cost=0.43..10.44 rows=100 width=4)
	  Index Cond: ((k >= 6707351) AND (k <= 6707451))

table 5 : explain SELECT k FROM sbtest5 WHERE k BETWEEN 6707351 AND 6707451
	Index Only Scan using k_5 on sbtest5  (cost=0.43..10.50 rows=103 width=4)
	  Index Cond: ((k >= 6707351) AND (k <= 6707451))

table 6 : explain SELECT k FROM sbtest6 WHERE k BETWEEN 6707351 AND 6707451
	Index Only Scan using k_6 on sbtest6  (cost=0.43..6.32 rows=94 width=4)
	  Index Cond: ((k >= 6707351) AND (k <= 6707451))

table 7 : explain SELECT k FROM sbtest7 WHERE k BETWEEN 6707351 AND 6707451
	Index Only Scan using k_7 on sbtest7  (cost=0.43..10.44 rows=100 width=4)
	  Index Cond: ((k >= 6707351) AND (k <= 6707451))

table 8 : explain SELECT k FROM sbtest8 WHERE k BETWEEN 6707351 AND 6707451
	Index Only Scan using k_8 on sbtest8  (cost=0.43..6.63 rows=110 width=4)
	  Index Cond: ((k >= 6707351) AND (k <= 6707451))

for range-covered
table 1 : explain SELECT k FROM sbtest1 WHERE k BETWEEN 5866631 AND 5866731
	Index Only Scan using k_1 on sbtest1  (cost=0.43..10.54 rows=105 width=4)
	  Index Cond: ((k >= 5866631) AND (k <= 5866731))

table 2 : explain SELECT k FROM sbtest2 WHERE k BETWEEN 5866631 AND 5866731
	Index Only Scan using k_2 on sbtest2  (cost=0.43..6.45 rows=101 width=4)
	  Index Cond: ((k >= 5866631) AND (k <= 5866731))

table 3 : explain SELECT k FROM sbtest3 WHERE k BETWEEN 5866631 AND 5866731
	Index Only Scan using k_3 on sbtest3  (cost=0.43..10.54 rows=105 width=4)
	  Index Cond: ((k >= 5866631) AND (k <= 5866731))

table 4 : explain SELECT k FROM sbtest4 WHERE k BETWEEN 5866631 AND 5866731
	Index Only Scan using k_4 on sbtest4  (cost=0.43..10.36 rows=96 width=4)
	  Index Cond: ((k >= 5866631) AND (k <= 5866731))

table 5 : explain SELECT k FROM sbtest5 WHERE k BETWEEN 5866631 AND 5866731
	Index Only Scan using k_5 on sbtest5  (cost=0.43..10.29 rows=93 width=4)
	  Index Cond: ((k >= 5866631) AND (k <= 5866731))

table 6 : explain SELECT k FROM sbtest6 WHERE k BETWEEN 5866631 AND 5866731
	Index Only Scan using k_6 on sbtest6  (cost=0.43..6.53 rows=105 width=4)
	  Index Cond: ((k >= 5866631) AND (k <= 5866731))

table 7 : explain SELECT k FROM sbtest7 WHERE k BETWEEN 5866631 AND 5866731
	Index Only Scan using k_7 on sbtest7  (cost=0.43..10.40 rows=98 width=4)
	  Index Cond: ((k >= 5866631) AND (k <= 5866731))

table 8 : explain SELECT k FROM sbtest8 WHERE k BETWEEN 5866631 AND 5866731
	Index Only Scan using k_8 on sbtest8  (cost=0.43..6.61 rows=109 width=4)
	  Index Cond: ((k >= 5866631) AND (k <= 5866731))

explain: for range-covered :: explain SELECT k FROM sbtest%d WHERE k BETWEEN 5866631 AND 5866731
for range-covered
table 1 : explain SELECT k FROM sbtest1 WHERE k BETWEEN 5662784 AND 5662884
	Index Only Scan using k_1 on sbtest1  (cost=0.43..10.44 rows=100 width=4)
	  Index Cond: ((k >= 5662784) AND (k <= 5662884))

table 2 : explain SELECT k FROM sbtest2 WHERE k BETWEEN 5662784 AND 5662884
	Index Only Scan using k_2 on sbtest2  (cost=0.43..6.43 rows=100 width=4)
	  Index Cond: ((k >= 5662784) AND (k <= 5662884))

table 3 : explain SELECT k FROM sbtest3 WHERE k BETWEEN 5662784 AND 5662884
	Index Only Scan using k_3 on sbtest3  (cost=0.43..10.50 rows=103 width=4)
	  Index Cond: ((k >= 5662784) AND (k <= 5662884))

table 4 : explain SELECT k FROM sbtest4 WHERE k BETWEEN 5662784 AND 5662884
	Index Only Scan using k_4 on sbtest4  (cost=0.43..10.36 rows=96 width=4)
	  Index Cond: ((k >= 5662784) AND (k <= 5662884))

table 5 : explain SELECT k FROM sbtest5 WHERE k BETWEEN 5662784 AND 5662884
	Index Only Scan using k_5 on sbtest5  (cost=0.43..10.33 rows=95 width=4)
	  Index Cond: ((k >= 5662784) AND (k <= 5662884))

table 6 : explain SELECT k FROM sbtest6 WHERE k BETWEEN 5662784 AND 5662884
	Index Only Scan using k_6 on sbtest6  (cost=0.43..6.58 rows=107 width=4)
	  Index Cond: ((k >= 5662784) AND (k <= 5662884))

table 7 : explain SELECT k FROM sbtest7 WHERE k BETWEEN 5662784 AND 5662884
	Index Only Scan using k_7 on sbtest7  (cost=0.43..10.54 rows=105 width=4)
	  Index Cond: ((k >= 5662784) AND (k <= 5662884))

table 8 : explain SELECT k FROM sbtest8 WHERE k BETWEEN 5662784 AND 5662884
	Index Only Scan using k_8 on sbtest8  (cost=0.43..6.47 rows=102 width=4)
	  Index Cond: ((k >= 5662784) AND (k <= 5662884))

explain: for range-covered :: explain SELECT k FROM sbtest%d WHERE k BETWEEN 5662784 AND 5662884
for range-covered
table 1 : explain SELECT k FROM sbtest1 WHERE k BETWEEN 5084426 AND 5084526
	Index Only Scan using k_1 on sbtest1  (cost=0.43..10.36 rows=96 width=4)
	  Index Cond: ((k >= 5084426) AND (k <= 5084526))

table 2 : explain SELECT k FROM sbtest2 WHERE k BETWEEN 5084426 AND 5084526
	Index Only Scan using k_2 on sbtest2  (cost=0.43..6.58 rows=107 width=4)
	  Index Cond: ((k >= 5084426) AND (k <= 5084526))

table 3 : explain SELECT k FROM sbtest3 WHERE k BETWEEN 5084426 AND 5084526
	Index Only Scan using k_3 on sbtest3  (cost=0.43..10.38 rows=97 width=4)
	  Index Cond: ((k >= 5084426) AND (k <= 5084526))

table 4 : explain SELECT k FROM sbtest4 WHERE k BETWEEN 5084426 AND 5084526
	Index Only Scan using k_4 on sbtest4  (cost=0.43..10.58 rows=107 width=4)
	  Index Cond: ((k >= 5084426) AND (k <= 5084526))

table 5 : explain SELECT k FROM sbtest5 WHERE k BETWEEN 5084426 AND 5084526
	Index Only Scan using k_5 on sbtest5  (cost=0.43..10.50 rows=103 width=4)
	  Index Cond: ((k >= 5084426) AND (k <= 5084526))

table 6 : explain SELECT k FROM sbtest6 WHERE k BETWEEN 5084426 AND 5084526
	Index Only Scan using k_6 on sbtest6  (cost=0.43..6.50 rows=103 width=4)
	  Index Cond: ((k >= 5084426) AND (k <= 5084526))

table 7 : explain SELECT k FROM sbtest7 WHERE k BETWEEN 5084426 AND 5084526
	Index Only Scan using k_7 on sbtest7  (cost=0.43..10.62 rows=109 width=4)
	  Index Cond: ((k >= 5084426) AND (k <= 5084526))

table 8 : explain SELECT k FROM sbtest8 WHERE k BETWEEN 5084426 AND 5084526
	Index Only Scan using k_8 on sbtest8  (cost=0.43..6.61 rows=109 width=4)
	  Index Cond: ((k >= 5084426) AND (k <= 5084526))

for range-covered
table 1 : explain SELECT k FROM sbtest1 WHERE k BETWEEN 5673063 AND 5673163
	Index Only Scan using k_1 on sbtest1  (cost=0.43..10.44 rows=100 width=4)
	  Index Cond: ((k >= 5673063) AND (k <= 5673163))

table 2 : explain SELECT k FROM sbtest2 WHERE k BETWEEN 5673063 AND 5673163
	Index Only Scan using k_2 on sbtest2  (cost=0.43..6.43 rows=100 width=4)
	  Index Cond: ((k >= 5673063) AND (k <= 5673163))

table 3 : explain SELECT k FROM sbtest3 WHERE k BETWEEN 5673063 AND 5673163
	Index Only Scan using k_3 on sbtest3  (cost=0.43..10.50 rows=103 width=4)
	  Index Cond: ((k >= 5673063) AND (k <= 5673163))

table 4 : explain SELECT k FROM sbtest4 WHERE k BETWEEN 5673063 AND 5673163
	Index Only Scan using k_4 on sbtest4  (cost=0.43..10.36 rows=96 width=4)
	  Index Cond: ((k >= 5673063) AND (k <= 5673163))

table 5 : explain SELECT k FROM sbtest5 WHERE k BETWEEN 5673063 AND 5673163
	Index Only Scan using k_5 on sbtest5  (cost=0.43..10.33 rows=95 width=4)
	  Index Cond: ((k >= 5673063) AND (k <= 5673163))

table 6 : explain SELECT k FROM sbtest6 WHERE k BETWEEN 5673063 AND 5673163
	Index Only Scan using k_6 on sbtest6  (cost=0.43..6.58 rows=107 width=4)
	  Index Cond: ((k >= 5673063) AND (k <= 5673163))

table 7 : explain SELECT k FROM sbtest7 WHERE k BETWEEN 5673063 AND 5673163
	Index Only Scan using k_7 on sbtest7  (cost=0.43..10.54 rows=105 width=4)
	  Index Cond: ((k >= 5673063) AND (k <= 5673163))

table 8 : explain SELECT k FROM sbtest8 WHERE k BETWEEN 5673063 AND 5673163
	Index Only Scan using k_8 on sbtest8  (cost=0.43..6.50 rows=103 width=4)
	  Index Cond: ((k >= 5673063) AND (k <= 5673163))

explain: for range-covered :: explain SELECT k FROM sbtest%d WHERE k BETWEEN 5673063 AND 5673163
for range-covered
table 1 : explain SELECT k FROM sbtest1 WHERE k BETWEEN 5555228 AND 5555328
	Index Only Scan using k_1 on sbtest1  (cost=0.43..10.68 rows=112 width=4)
	  Index Cond: ((k >= 5555228) AND (k <= 5555328))

table 2 : explain SELECT k FROM sbtest2 WHERE k BETWEEN 5555228 AND 5555328
	Index Only Scan using k_2 on sbtest2  (cost=0.43..6.66 rows=111 width=4)
	  Index Cond: ((k >= 5555228) AND (k <= 5555328))

table 3 : explain SELECT k FROM sbtest3 WHERE k BETWEEN 5555228 AND 5555328
	Index Only Scan using k_3 on sbtest3  (cost=0.43..10.63 rows=110 width=4)
	  Index Cond: ((k >= 5555228) AND (k <= 5555328))

table 4 : explain SELECT k FROM sbtest4 WHERE k BETWEEN 5555228 AND 5555328
	Index Only Scan using k_4 on sbtest4  (cost=0.43..10.42 rows=99 width=4)
	  Index Cond: ((k >= 5555228) AND (k <= 5555328))

table 5 : explain SELECT k FROM sbtest5 WHERE k BETWEEN 5555228 AND 5555328
	Index Only Scan using k_5 on sbtest5  (cost=0.43..10.46 rows=101 width=4)
	  Index Cond: ((k >= 5555228) AND (k <= 5555328))

table 6 : explain SELECT k FROM sbtest6 WHERE k BETWEEN 5555228 AND 5555328
	Index Only Scan using k_6 on sbtest6  (cost=0.43..6.72 rows=114 width=4)
	  Index Cond: ((k >= 5555228) AND (k <= 5555328))

table 7 : explain SELECT k FROM sbtest7 WHERE k BETWEEN 5555228 AND 5555328
	Index Only Scan using k_7 on sbtest7  (cost=0.43..10.38 rows=97 width=4)
	  Index Cond: ((k >= 5555228) AND (k <= 5555328))

table 8 : explain SELECT k FROM sbtest8 WHERE k BETWEEN 5555228 AND 5555328
	Index Only Scan using k_8 on sbtest8  (cost=0.43..6.59 rows=108 width=4)
	  Index Cond: ((k >= 5555228) AND (k <= 5555328))

explain: for range-covered :: explain SELECT k FROM sbtest%d WHERE k BETWEEN 5555228 AND 5555328
for range-covered
table 1 : explain SELECT k FROM sbtest1 WHERE k BETWEEN 5866631 AND 5866731
	Index Only Scan using k_1 on sbtest1  (cost=0.43..10.54 rows=105 width=4)
	  Index Cond: ((k >= 5866631) AND (k <= 5866731))

table 2 : explain SELECT k FROM sbtest2 WHERE k BETWEEN 5866631 AND 5866731
	Index Only Scan using k_2 on sbtest2  (cost=0.43..6.45 rows=101 width=4)
	  Index Cond: ((k >= 5866631) AND (k <= 5866731))

table 3 : explain SELECT k FROM sbtest3 WHERE k BETWEEN 5866631 AND 5866731
	Index Only Scan using k_3 on sbtest3  (cost=0.43..10.54 rows=105 width=4)
	  Index Cond: ((k >= 5866631) AND (k <= 5866731))

table 4 : explain SELECT k FROM sbtest4 WHERE k BETWEEN 5866631 AND 5866731
	Index Only Scan using k_4 on sbtest4  (cost=0.43..10.36 rows=96 width=4)
	  Index Cond: ((k >= 5866631) AND (k <= 5866731))

table 5 : explain SELECT k FROM sbtest5 WHERE k BETWEEN 5866631 AND 5866731
	Index Only Scan using k_5 on sbtest5  (cost=0.43..10.29 rows=93 width=4)
	  Index Cond: ((k >= 5866631) AND (k <= 5866731))

table 6 : explain SELECT k FROM sbtest6 WHERE k BETWEEN 5866631 AND 5866731
	Index Only Scan using k_6 on sbtest6  (cost=0.43..6.53 rows=105 width=4)
	  Index Cond: ((k >= 5866631) AND (k <= 5866731))

table 7 : explain SELECT k FROM sbtest7 WHERE k BETWEEN 5866631 AND 5866731
	Index Only Scan using k_7 on sbtest7  (cost=0.43..10.40 rows=98 width=4)
	  Index Cond: ((k >= 5866631) AND (k <= 5866731))

table 8 : explain SELECT k FROM sbtest8 WHERE k BETWEEN 5866631 AND 5866731
	Index Only Scan using k_8 on sbtest8  (cost=0.43..6.61 rows=109 width=4)
	  Index Cond: ((k >= 5866631) AND (k <= 5866731))

explain: for range-covered :: explain SELECT k FROM sbtest%d WHERE k BETWEEN 5866631 AND 5866731
for range-covered
table 1 : explain SELECT k FROM sbtest1 WHERE k BETWEEN 5662784 AND 5662884
	Index Only Scan using k_1 on sbtest1  (cost=0.43..10.44 rows=100 width=4)
	  Index Cond: ((k >= 5662784) AND (k <= 5662884))

table 2 : explain SELECT k FROM sbtest2 WHERE k BETWEEN 5662784 AND 5662884
	Index Only Scan using k_2 on sbtest2  (cost=0.43..6.43 rows=100 width=4)
	  Index Cond: ((k >= 5662784) AND (k <= 5662884))

table 3 : explain SELECT k FROM sbtest3 WHERE k BETWEEN 5662784 AND 5662884
	Index Only Scan using k_3 on sbtest3  (cost=0.43..10.50 rows=103 width=4)
	  Index Cond: ((k >= 5662784) AND (k <= 5662884))

table 4 : explain SELECT k FROM sbtest4 WHERE k BETWEEN 5662784 AND 5662884
	Index Only Scan using k_4 on sbtest4  (cost=0.43..10.36 rows=96 width=4)
	  Index Cond: ((k >= 5662784) AND (k <= 5662884))

table 5 : explain SELECT k FROM sbtest5 WHERE k BETWEEN 5662784 AND 5662884
	Index Only Scan using k_5 on sbtest5  (cost=0.43..10.33 rows=95 width=4)
	  Index Cond: ((k >= 5662784) AND (k <= 5662884))

table 6 : explain SELECT k FROM sbtest6 WHERE k BETWEEN 5662784 AND 5662884
	Index Only Scan using k_6 on sbtest6  (cost=0.43..6.58 rows=107 width=4)
	  Index Cond: ((k >= 5662784) AND (k <= 5662884))

table 7 : explain SELECT k FROM sbtest7 WHERE k BETWEEN 5662784 AND 5662884
	Index Only Scan using k_7 on sbtest7  (cost=0.43..10.54 rows=105 width=4)
	  Index Cond: ((k >= 5662784) AND (k <= 5662884))

table 8 : explain SELECT k FROM sbtest8 WHERE k BETWEEN 5662784 AND 5662884
	Index Only Scan using k_8 on sbtest8  (cost=0.43..6.47 rows=102 width=4)
	  Index Cond: ((k >= 5662784) AND (k <= 5662884))

explain: for range-covered :: explain SELECT k FROM sbtest%d WHERE k BETWEEN 5662784 AND 5662884
for range-covered
table 1 : explain SELECT k FROM sbtest1 WHERE k BETWEEN 5673063 AND 5673163
	Index Only Scan using k_1 on sbtest1  (cost=0.43..10.44 rows=100 width=4)
	  Index Cond: ((k >= 5673063) AND (k <= 5673163))

table 2 : explain SELECT k FROM sbtest2 WHERE k BETWEEN 5673063 AND 5673163
	Index Only Scan using k_2 on sbtest2  (cost=0.43..6.43 rows=100 width=4)
	  Index Cond: ((k >= 5673063) AND (k <= 5673163))

table 3 : explain SELECT k FROM sbtest3 WHERE k BETWEEN 5673063 AND 5673163
	Index Only Scan using k_3 on sbtest3  (cost=0.43..10.50 rows=103 width=4)
	  Index Cond: ((k >= 5673063) AND (k <= 5673163))

table 4 : explain SELECT k FROM sbtest4 WHERE k BETWEEN 5673063 AND 5673163
	Index Only Scan using k_4 on sbtest4  (cost=0.43..10.36 rows=96 width=4)
	  Index Cond: ((k >= 5673063) AND (k <= 5673163))

table 5 : explain SELECT k FROM sbtest5 WHERE k BETWEEN 5673063 AND 5673163
	Index Only Scan using k_5 on sbtest5  (cost=0.43..10.33 rows=95 width=4)
	  Index Cond: ((k >= 5673063) AND (k <= 5673163))

table 6 : explain SELECT k FROM sbtest6 WHERE k BETWEEN 5673063 AND 5673163
	Index Only Scan using k_6 on sbtest6  (cost=0.43..6.58 rows=107 width=4)
	  Index Cond: ((k >= 5673063) AND (k <= 5673163))

table 7 : explain SELECT k FROM sbtest7 WHERE k BETWEEN 5673063 AND 5673163
	Index Only Scan using k_7 on sbtest7  (cost=0.43..10.54 rows=105 width=4)
	  Index Cond: ((k >= 5673063) AND (k <= 5673163))

table 8 : explain SELECT k FROM sbtest8 WHERE k BETWEEN 5673063 AND 5673163
	Index Only Scan using k_8 on sbtest8  (cost=0.43..6.50 rows=103 width=4)
	  Index Cond: ((k >= 5673063) AND (k <= 5673163))

explain: for range-covered :: explain SELECT k FROM sbtest%d WHERE k BETWEEN 5673063 AND 5673163
for range-covered
table 1 : explain SELECT k FROM sbtest1 WHERE k BETWEEN 5555228 AND 5555328
	Index Only Scan using k_1 on sbtest1  (cost=0.43..10.68 rows=112 width=4)
	  Index Cond: ((k >= 5555228) AND (k <= 5555328))

table 2 : explain SELECT k FROM sbtest2 WHERE k BETWEEN 5555228 AND 5555328
	Index Only Scan using k_2 on sbtest2  (cost=0.43..6.66 rows=111 width=4)
	  Index Cond: ((k >= 5555228) AND (k <= 5555328))

table 3 : explain SELECT k FROM sbtest3 WHERE k BETWEEN 5555228 AND 5555328
	Index Only Scan using k_3 on sbtest3  (cost=0.43..10.63 rows=110 width=4)
	  Index Cond: ((k >= 5555228) AND (k <= 5555328))

table 4 : explain SELECT k FROM sbtest4 WHERE k BETWEEN 5555228 AND 5555328
	Index Only Scan using k_4 on sbtest4  (cost=0.43..10.42 rows=99 width=4)
	  Index Cond: ((k >= 5555228) AND (k <= 5555328))

table 5 : explain SELECT k FROM sbtest5 WHERE k BETWEEN 5555228 AND 5555328
	Index Only Scan using k_5 on sbtest5  (cost=0.43..10.46 rows=101 width=4)
	  Index Cond: ((k >= 5555228) AND (k <= 5555328))

table 6 : explain SELECT k FROM sbtest6 WHERE k BETWEEN 5555228 AND 5555328
	Index Only Scan using k_6 on sbtest6  (cost=0.43..6.72 rows=114 width=4)
	  Index Cond: ((k >= 5555228) AND (k <= 5555328))

table 7 : explain SELECT k FROM sbtest7 WHERE k BETWEEN 5555228 AND 5555328
	Index Only Scan using k_7 on sbtest7  (cost=0.43..10.38 rows=97 width=4)
	  Index Cond: ((k >= 5555228) AND (k <= 5555328))

table 8 : explain SELECT k FROM sbtest8 WHERE k BETWEEN 5555228 AND 5555328
	Index Only Scan using k_8 on sbtest8  (cost=0.43..6.59 rows=108 width=4)
	  Index Cond: ((k >= 5555228) AND (k <= 5555328))

explain: for range-covered :: explain SELECT k FROM sbtest%d WHERE k BETWEEN 5555228 AND 5555328
for range-covered
table 1 : explain SELECT k FROM sbtest1 WHERE k BETWEEN 5866631 AND 5866731
	Index Only Scan using k_1 on sbtest1  (cost=0.43..10.54 rows=105 width=4)
	  Index Cond: ((k >= 5866631) AND (k <= 5866731))

table 2 : explain SELECT k FROM sbtest2 WHERE k BETWEEN 5866631 AND 5866731
	Index Only Scan using k_2 on sbtest2  (cost=0.43..6.45 rows=101 width=4)
	  Index Cond: ((k >= 5866631) AND (k <= 5866731))

table 3 : explain SELECT k FROM sbtest3 WHERE k BETWEEN 5866631 AND 5866731
	Index Only Scan using k_3 on sbtest3  (cost=0.43..10.54 rows=105 width=4)
	  Index Cond: ((k >= 5866631) AND (k <= 5866731))

table 4 : explain SELECT k FROM sbtest4 WHERE k BETWEEN 5866631 AND 5866731
	Index Only Scan using k_4 on sbtest4  (cost=0.43..10.36 rows=96 width=4)
	  Index Cond: ((k >= 5866631) AND (k <= 5866731))

table 5 : explain SELECT k FROM sbtest5 WHERE k BETWEEN 5866631 AND 5866731
	Index Only Scan using k_5 on sbtest5  (cost=0.43..10.29 rows=93 width=4)
	  Index Cond: ((k >= 5866631) AND (k <= 5866731))

table 6 : explain SELECT k FROM sbtest6 WHERE k BETWEEN 5866631 AND 5866731
	Index Only Scan using k_6 on sbtest6  (cost=0.43..6.53 rows=105 width=4)
	  Index Cond: ((k >= 5866631) AND (k <= 5866731))

table 7 : explain SELECT k FROM sbtest7 WHERE k BETWEEN 5866631 AND 5866731
	Index Only Scan using k_7 on sbtest7  (cost=0.43..10.40 rows=98 width=4)
	  Index Cond: ((k >= 5866631) AND (k <= 5866731))

table 8 : explain SELECT k FROM sbtest8 WHERE k BETWEEN 5866631 AND 5866731
	Index Only Scan using k_8 on sbtest8  (cost=0.43..6.61 rows=109 width=4)
	  Index Cond: ((k >= 5866631) AND (k <= 5866731))

explain: for range-covered :: explain SELECT k FROM sbtest%d WHERE k BETWEEN 5866631 AND 5866731
for range-covered
table 1 : explain SELECT k FROM sbtest1 WHERE k BETWEEN 5662784 AND 5662884
	Index Only Scan using k_1 on sbtest1  (cost=0.43..10.44 rows=100 width=4)
	  Index Cond: ((k >= 5662784) AND (k <= 5662884))

table 2 : explain SELECT k FROM sbtest2 WHERE k BETWEEN 5662784 AND 5662884
	Index Only Scan using k_2 on sbtest2  (cost=0.43..6.43 rows=100 width=4)
	  Index Cond: ((k >= 5662784) AND (k <= 5662884))

table 3 : explain SELECT k FROM sbtest3 WHERE k BETWEEN 5662784 AND 5662884
	Index Only Scan using k_3 on sbtest3  (cost=0.43..10.50 rows=103 width=4)
	  Index Cond: ((k >= 5662784) AND (k <= 5662884))

table 4 : explain SELECT k FROM sbtest4 WHERE k BETWEEN 5662784 AND 5662884
	Index Only Scan using k_4 on sbtest4  (cost=0.43..10.36 rows=96 width=4)
	  Index Cond: ((k >= 5662784) AND (k <= 5662884))

table 5 : explain SELECT k FROM sbtest5 WHERE k BETWEEN 5662784 AND 5662884
	Index Only Scan using k_5 on sbtest5  (cost=0.43..10.33 rows=95 width=4)
	  Index Cond: ((k >= 5662784) AND (k <= 5662884))

table 6 : explain SELECT k FROM sbtest6 WHERE k BETWEEN 5662784 AND 5662884
	Index Only Scan using k_6 on sbtest6  (cost=0.43..6.58 rows=107 width=4)
	  Index Cond: ((k >= 5662784) AND (k <= 5662884))

table 7 : explain SELECT k FROM sbtest7 WHERE k BETWEEN 5662784 AND 5662884
	Index Only Scan using k_7 on sbtest7  (cost=0.43..10.54 rows=105 width=4)
	  Index Cond: ((k >= 5662784) AND (k <= 5662884))

table 8 : explain SELECT k FROM sbtest8 WHERE k BETWEEN 5662784 AND 5662884
	Index Only Scan using k_8 on sbtest8  (cost=0.43..6.47 rows=102 width=4)
	  Index Cond: ((k >= 5662784) AND (k <= 5662884))

explain: for range-covered :: explain SELECT k FROM sbtest%d WHERE k BETWEEN 5662784 AND 5662884
for range-covered
table 1 : explain SELECT k FROM sbtest1 WHERE k BETWEEN 5673063 AND 5673163
	Index Only Scan using k_1 on sbtest1  (cost=0.43..10.44 rows=100 width=4)
	  Index Cond: ((k >= 5673063) AND (k <= 5673163))

table 2 : explain SELECT k FROM sbtest2 WHERE k BETWEEN 5673063 AND 5673163
	Index Only Scan using k_2 on sbtest2  (cost=0.43..6.43 rows=100 width=4)
	  Index Cond: ((k >= 5673063) AND (k <= 5673163))

table 3 : explain SELECT k FROM sbtest3 WHERE k BETWEEN 5673063 AND 5673163
	Index Only Scan using k_3 on sbtest3  (cost=0.43..10.50 rows=103 width=4)
	  Index Cond: ((k >= 5673063) AND (k <= 5673163))

table 4 : explain SELECT k FROM sbtest4 WHERE k BETWEEN 5673063 AND 5673163
	Index Only Scan using k_4 on sbtest4  (cost=0.43..10.36 rows=96 width=4)
	  Index Cond: ((k >= 5673063) AND (k <= 5673163))

table 5 : explain SELECT k FROM sbtest5 WHERE k BETWEEN 5673063 AND 5673163
	Index Only Scan using k_5 on sbtest5  (cost=0.43..10.33 rows=95 width=4)
	  Index Cond: ((k >= 5673063) AND (k <= 5673163))

table 6 : explain SELECT k FROM sbtest6 WHERE k BETWEEN 5673063 AND 5673163
	Index Only Scan using k_6 on sbtest6  (cost=0.43..6.58 rows=107 width=4)
	  Index Cond: ((k >= 5673063) AND (k <= 5673163))

table 7 : explain SELECT k FROM sbtest7 WHERE k BETWEEN 5673063 AND 5673163
	Index Only Scan using k_7 on sbtest7  (cost=0.43..10.54 rows=105 width=4)
	  Index Cond: ((k >= 5673063) AND (k <= 5673163))

table 8 : explain SELECT k FROM sbtest8 WHERE k BETWEEN 5673063 AND 5673163
	Index Only Scan using k_8 on sbtest8  (cost=0.43..6.50 rows=103 width=4)
	  Index Cond: ((k >= 5673063) AND (k <= 5673163))

for range-covered
table 1 : explain SELECT k FROM sbtest1 WHERE k BETWEEN 5555228 AND 5555328
	Index Only Scan using k_1 on sbtest1  (cost=0.43..10.68 rows=112 width=4)
	  Index Cond: ((k >= 5555228) AND (k <= 5555328))

table 2 : explain SELECT k FROM sbtest2 WHERE k BETWEEN 5555228 AND 5555328
	Index Only Scan using k_2 on sbtest2  (cost=0.43..6.66 rows=111 width=4)
	  Index Cond: ((k >= 5555228) AND (k <= 5555328))

table 3 : explain SELECT k FROM sbtest3 WHERE k BETWEEN 5555228 AND 5555328
	Index Only Scan using k_3 on sbtest3  (cost=0.43..10.63 rows=110 width=4)
	  Index Cond: ((k >= 5555228) AND (k <= 5555328))

table 4 : explain SELECT k FROM sbtest4 WHERE k BETWEEN 5555228 AND 5555328
	Index Only Scan using k_4 on sbtest4  (cost=0.43..10.42 rows=99 width=4)
	  Index Cond: ((k >= 5555228) AND (k <= 5555328))

table 5 : explain SELECT k FROM sbtest5 WHERE k BETWEEN 5555228 AND 5555328
	Index Only Scan using k_5 on sbtest5  (cost=0.43..10.46 rows=101 width=4)
	  Index Cond: ((k >= 5555228) AND (k <= 5555328))

table 6 : explain SELECT k FROM sbtest6 WHERE k BETWEEN 5555228 AND 5555328
	Index Only Scan using k_6 on sbtest6  (cost=0.43..6.72 rows=114 width=4)
	  Index Cond: ((k >= 5555228) AND (k <= 5555328))

table 7 : explain SELECT k FROM sbtest7 WHERE k BETWEEN 5555228 AND 5555328
	Index Only Scan using k_7 on sbtest7  (cost=0.43..10.38 rows=97 width=4)
	  Index Cond: ((k >= 5555228) AND (k <= 5555328))

table 8 : explain SELECT k FROM sbtest8 WHERE k BETWEEN 5555228 AND 5555328
	Index Only Scan using k_8 on sbtest8  (cost=0.43..6.59 rows=108 width=4)
	  Index Cond: ((k >= 5555228) AND (k <= 5555328))

explain: for range-covered :: explain SELECT k FROM sbtest%d WHERE k BETWEEN 5555228 AND 5555328
for range-covered
table 1 : explain SELECT k FROM sbtest1 WHERE k BETWEEN 5866631 AND 5866731
	Index Only Scan using k_1 on sbtest1  (cost=0.43..10.54 rows=105 width=4)
	  Index Cond: ((k >= 5866631) AND (k <= 5866731))

table 2 : explain SELECT k FROM sbtest2 WHERE k BETWEEN 5866631 AND 5866731
	Index Only Scan using k_2 on sbtest2  (cost=0.43..6.45 rows=101 width=4)
	  Index Cond: ((k >= 5866631) AND (k <= 5866731))

table 3 : explain SELECT k FROM sbtest3 WHERE k BETWEEN 5866631 AND 5866731
	Index Only Scan using k_3 on sbtest3  (cost=0.43..10.54 rows=105 width=4)
	  Index Cond: ((k >= 5866631) AND (k <= 5866731))

table 4 : explain SELECT k FROM sbtest4 WHERE k BETWEEN 5866631 AND 5866731
	Index Only Scan using k_4 on sbtest4  (cost=0.43..10.36 rows=96 width=4)
	  Index Cond: ((k >= 5866631) AND (k <= 5866731))

table 5 : explain SELECT k FROM sbtest5 WHERE k BETWEEN 5866631 AND 5866731
	Index Only Scan using k_5 on sbtest5  (cost=0.43..10.29 rows=93 width=4)
	  Index Cond: ((k >= 5866631) AND (k <= 5866731))

table 6 : explain SELECT k FROM sbtest6 WHERE k BETWEEN 5866631 AND 5866731
	Index Only Scan using k_6 on sbtest6  (cost=0.43..6.53 rows=105 width=4)
	  Index Cond: ((k >= 5866631) AND (k <= 5866731))

table 7 : explain SELECT k FROM sbtest7 WHERE k BETWEEN 5866631 AND 5866731
	Index Only Scan using k_7 on sbtest7  (cost=0.43..10.40 rows=98 width=4)
	  Index Cond: ((k >= 5866631) AND (k <= 5866731))

table 8 : explain SELECT k FROM sbtest8 WHERE k BETWEEN 5866631 AND 5866731
	Index Only Scan using k_8 on sbtest8  (cost=0.43..6.61 rows=109 width=4)
	  Index Cond: ((k >= 5866631) AND (k <= 5866731))

explain: for range-covered :: explain SELECT k FROM sbtest%d WHERE k BETWEEN 5866631 AND 5866731
for range-covered
table 1 : explain SELECT k FROM sbtest1 WHERE k BETWEEN 5662784 AND 5662884
	Index Only Scan using k_1 on sbtest1  (cost=0.43..10.44 rows=100 width=4)
	  Index Cond: ((k >= 5662784) AND (k <= 5662884))

table 2 : explain SELECT k FROM sbtest2 WHERE k BETWEEN 5662784 AND 5662884
	Index Only Scan using k_2 on sbtest2  (cost=0.43..6.43 rows=100 width=4)
	  Index Cond: ((k >= 5662784) AND (k <= 5662884))

table 3 : explain SELECT k FROM sbtest3 WHERE k BETWEEN 5662784 AND 5662884
	Index Only Scan using k_3 on sbtest3  (cost=0.43..10.50 rows=103 width=4)
	  Index Cond: ((k >= 5662784) AND (k <= 5662884))

table 4 : explain SELECT k FROM sbtest4 WHERE k BETWEEN 5662784 AND 5662884
	Index Only Scan using k_4 on sbtest4  (cost=0.43..10.36 rows=96 width=4)
	  Index Cond: ((k >= 5662784) AND (k <= 5662884))

table 5 : explain SELECT k FROM sbtest5 WHERE k BETWEEN 5662784 AND 5662884
	Index Only Scan using k_5 on sbtest5  (cost=0.43..10.33 rows=95 width=4)
	  Index Cond: ((k >= 5662784) AND (k <= 5662884))

table 6 : explain SELECT k FROM sbtest6 WHERE k BETWEEN 5662784 AND 5662884
	Index Only Scan using k_6 on sbtest6  (cost=0.43..6.58 rows=107 width=4)
	  Index Cond: ((k >= 5662784) AND (k <= 5662884))

table 7 : explain SELECT k FROM sbtest7 WHERE k BETWEEN 5662784 AND 5662884
	Index Only Scan using k_7 on sbtest7  (cost=0.43..10.54 rows=105 width=4)
	  Index Cond: ((k >= 5662784) AND (k <= 5662884))

table 8 : explain SELECT k FROM sbtest8 WHERE k BETWEEN 5662784 AND 5662884
	Index Only Scan using k_8 on sbtest8  (cost=0.43..6.47 rows=102 width=4)
	  Index Cond: ((k >= 5662784) AND (k <= 5662884))

for range-covered
table 1 : explain SELECT k FROM sbtest1 WHERE k BETWEEN 5555228 AND 5555328
	Index Only Scan using k_1 on sbtest1  (cost=0.43..10.68 rows=112 width=4)
	  Index Cond: ((k >= 5555228) AND (k <= 5555328))

table 2 : explain SELECT k FROM sbtest2 WHERE k BETWEEN 5555228 AND 5555328
	Index Only Scan using k_2 on sbtest2  (cost=0.43..6.66 rows=111 width=4)
	  Index Cond: ((k >= 5555228) AND (k <= 5555328))

table 3 : explain SELECT k FROM sbtest3 WHERE k BETWEEN 5555228 AND 5555328
	Index Only Scan using k_3 on sbtest3  (cost=0.43..10.63 rows=110 width=4)
	  Index Cond: ((k >= 5555228) AND (k <= 5555328))

table 4 : explain SELECT k FROM sbtest4 WHERE k BETWEEN 5555228 AND 5555328
	Index Only Scan using k_4 on sbtest4  (cost=0.43..10.42 rows=99 width=4)
	  Index Cond: ((k >= 5555228) AND (k <= 5555328))

table 5 : explain SELECT k FROM sbtest5 WHERE k BETWEEN 5555228 AND 5555328
	Index Only Scan using k_5 on sbtest5  (cost=0.43..10.46 rows=101 width=4)
	  Index Cond: ((k >= 5555228) AND (k <= 5555328))

table 6 : explain SELECT k FROM sbtest6 WHERE k BETWEEN 5555228 AND 5555328
	Index Only Scan using k_6 on sbtest6  (cost=0.43..6.72 rows=114 width=4)
	  Index Cond: ((k >= 5555228) AND (k <= 5555328))

table 7 : explain SELECT k FROM sbtest7 WHERE k BETWEEN 5555228 AND 5555328
	Index Only Scan using k_7 on sbtest7  (cost=0.43..10.38 rows=97 width=4)
	  Index Cond: ((k >= 5555228) AND (k <= 5555328))

table 8 : explain SELECT k FROM sbtest8 WHERE k BETWEEN 5555228 AND 5555328
	Index Only Scan using k_8 on sbtest8  (cost=0.43..6.59 rows=108 width=4)
	  Index Cond: ((k >= 5555228) AND (k <= 5555328))

explain: for range-covered :: explain SELECT k FROM sbtest%d WHERE k BETWEEN 5555228 AND 5555328
for range-covered
table 1 : explain SELECT k FROM sbtest1 WHERE k BETWEEN 5866631 AND 5866731
	Index Only Scan using k_1 on sbtest1  (cost=0.43..10.54 rows=105 width=4)
	  Index Cond: ((k >= 5866631) AND (k <= 5866731))

table 2 : explain SELECT k FROM sbtest2 WHERE k BETWEEN 5866631 AND 5866731
	Index Only Scan using k_2 on sbtest2  (cost=0.43..6.45 rows=101 width=4)
	  Index Cond: ((k >= 5866631) AND (k <= 5866731))

table 3 : explain SELECT k FROM sbtest3 WHERE k BETWEEN 5866631 AND 5866731
	Index Only Scan using k_3 on sbtest3  (cost=0.43..10.54 rows=105 width=4)
	  Index Cond: ((k >= 5866631) AND (k <= 5866731))

table 4 : explain SELECT k FROM sbtest4 WHERE k BETWEEN 5866631 AND 5866731
	Index Only Scan using k_4 on sbtest4  (cost=0.43..10.36 rows=96 width=4)
	  Index Cond: ((k >= 5866631) AND (k <= 5866731))

table 5 : explain SELECT k FROM sbtest5 WHERE k BETWEEN 5866631 AND 5866731
	Index Only Scan using k_5 on sbtest5  (cost=0.43..10.29 rows=93 width=4)
	  Index Cond: ((k >= 5866631) AND (k <= 5866731))

table 6 : explain SELECT k FROM sbtest6 WHERE k BETWEEN 5866631 AND 5866731
	Index Only Scan using k_6 on sbtest6  (cost=0.43..6.53 rows=105 width=4)
	  Index Cond: ((k >= 5866631) AND (k <= 5866731))

table 7 : explain SELECT k FROM sbtest7 WHERE k BETWEEN 5866631 AND 5866731
	Index Only Scan using k_7 on sbtest7  (cost=0.43..10.40 rows=98 width=4)
	  Index Cond: ((k >= 5866631) AND (k <= 5866731))

table 8 : explain SELECT k FROM sbtest8 WHERE k BETWEEN 5866631 AND 5866731
	Index Only Scan using k_8 on sbtest8  (cost=0.43..6.61 rows=109 width=4)
	  Index Cond: ((k >= 5866631) AND (k <= 5866731))

explain: for range-covered :: explain SELECT k FROM sbtest%d WHERE k BETWEEN 5866631 AND 5866731
for range-covered
table 1 : explain SELECT k FROM sbtest1 WHERE k BETWEEN 5555228 AND 5555328
	Index Only Scan using k_1 on sbtest1  (cost=0.43..10.68 rows=112 width=4)
	  Index Cond: ((k >= 5555228) AND (k <= 5555328))

table 2 : explain SELECT k FROM sbtest2 WHERE k BETWEEN 5555228 AND 5555328
	Index Only Scan using k_2 on sbtest2  (cost=0.43..6.66 rows=111 width=4)
	  Index Cond: ((k >= 5555228) AND (k <= 5555328))

table 3 : explain SELECT k FROM sbtest3 WHERE k BETWEEN 5555228 AND 5555328
	Index Only Scan using k_3 on sbtest3  (cost=0.43..10.63 rows=110 width=4)
	  Index Cond: ((k >= 5555228) AND (k <= 5555328))

table 4 : explain SELECT k FROM sbtest4 WHERE k BETWEEN 5555228 AND 5555328
	Index Only Scan using k_4 on sbtest4  (cost=0.43..10.42 rows=99 width=4)
	  Index Cond: ((k >= 5555228) AND (k <= 5555328))

table 5 : explain SELECT k FROM sbtest5 WHERE k BETWEEN 5555228 AND 5555328
	Index Only Scan using k_5 on sbtest5  (cost=0.43..10.46 rows=101 width=4)
	  Index Cond: ((k >= 5555228) AND (k <= 5555328))

table 6 : explain SELECT k FROM sbtest6 WHERE k BETWEEN 5555228 AND 5555328
	Index Only Scan using k_6 on sbtest6  (cost=0.43..6.72 rows=114 width=4)
	  Index Cond: ((k >= 5555228) AND (k <= 5555328))

table 7 : explain SELECT k FROM sbtest7 WHERE k BETWEEN 5555228 AND 5555328
	Index Only Scan using k_7 on sbtest7  (cost=0.43..10.38 rows=97 width=4)
	  Index Cond: ((k >= 5555228) AND (k <= 5555328))

table 8 : explain SELECT k FROM sbtest8 WHERE k BETWEEN 5555228 AND 5555328
	Index Only Scan using k_8 on sbtest8  (cost=0.43..6.59 rows=108 width=4)
	  Index Cond: ((k >= 5555228) AND (k <= 5555328))

for range-covered
table 1 : explain SELECT k FROM sbtest1 WHERE k BETWEEN 5866631 AND 5866731
	Index Only Scan using k_1 on sbtest1  (cost=0.43..10.54 rows=105 width=4)
	  Index Cond: ((k >= 5866631) AND (k <= 5866731))

table 2 : explain SELECT k FROM sbtest2 WHERE k BETWEEN 5866631 AND 5866731
	Index Only Scan using k_2 on sbtest2  (cost=0.43..6.45 rows=101 width=4)
	  Index Cond: ((k >= 5866631) AND (k <= 5866731))

table 3 : explain SELECT k FROM sbtest3 WHERE k BETWEEN 5866631 AND 5866731
	Index Only Scan using k_3 on sbtest3  (cost=0.43..10.54 rows=105 width=4)
	  Index Cond: ((k >= 5866631) AND (k <= 5866731))

table 4 : explain SELECT k FROM sbtest4 WHERE k BETWEEN 5866631 AND 5866731
	Index Only Scan using k_4 on sbtest4  (cost=0.43..10.36 rows=96 width=4)
	  Index Cond: ((k >= 5866631) AND (k <= 5866731))

table 5 : explain SELECT k FROM sbtest5 WHERE k BETWEEN 5866631 AND 5866731
	Index Only Scan using k_5 on sbtest5  (cost=0.43..10.29 rows=93 width=4)
	  Index Cond: ((k >= 5866631) AND (k <= 5866731))

table 6 : explain SELECT k FROM sbtest6 WHERE k BETWEEN 5866631 AND 5866731
	Index Only Scan using k_6 on sbtest6  (cost=0.43..6.53 rows=105 width=4)
	  Index Cond: ((k >= 5866631) AND (k <= 5866731))

table 7 : explain SELECT k FROM sbtest7 WHERE k BETWEEN 5866631 AND 5866731
	Index Only Scan using k_7 on sbtest7  (cost=0.43..10.40 rows=98 width=4)
	  Index Cond: ((k >= 5866631) AND (k <= 5866731))

table 8 : explain SELECT k FROM sbtest8 WHERE k BETWEEN 5866631 AND 5866731
	Index Only Scan using k_8 on sbtest8  (cost=0.43..6.61 rows=109 width=4)
	  Index Cond: ((k >= 5866631) AND (k <= 5866731))

Threads started!

Warming up for 5 seconds...

SQL statistics:
    queries performed:
        read:                            257832027
        write:                           0
        other:                           0
        total:                           257832027
    transactions:                        257832027 (409252.01 per sec.)
    queries:                             257832027 (409252.01 per sec.)
    ignored errors:                      0      (0.00 per sec.)
    reconnects:                          0      (0.00 per sec.)

Throughput:
    events/s (eps):                      409252.0062
    time elapsed:                        630.0081s
    total number of events:              257832027

Latency (ms):
         min:                                    0.06
         avg:                                    0.10
         max:                                   16.15
         95th percentile:                        0.11
         sum:                             25106203.12

Threads fairness:
    events (avg/stddev):           6445793.7500/34045.83
    execution time (avg/stddev):   627.6551/0.09

