LUA_PATH=/home/mdcallag/git/mytools/bench/sysbench.lua/lua/?.lua /home/mdcallag/git/mytools/bench/sysbench.lua/lua/sysbench --db-driver=pgsql --range-size=100 --table-size=10000000 --tables=8 --threads=40 --events=0 --warmup-time=5 --time=930 --pgsql_conn_id=true /home/mdcallag/git/mytools/bench/sysbench.lua/lua/oltp_read_write.lua run --pgsql-user=root --pgsql-password=pw --pgsql-host=127.0.0.1 --pgsql-db=ib --rand-type=uniform
48 CPUs
sysbench 1.1.0-9072687 (using bundled LuaJIT 2.1.0-beta3)

Running the test with following options:
Number of threads: 40
Warmup time: 5s
Initializing random number generator from current time


Initializing worker threads...

explain: for point_selects :: explain SELECT c FROM sbtest%u WHERE id=%u
for point_selects
table 1 : explain SELECT c FROM sbtest1 WHERE id=8834384
	Index Scan using sbtest1_pkey on sbtest1  (cost=0.43..8.45 rows=1 width=121)
	  Index Cond: (id = 8834384)

table 2 : explain SELECT c FROM sbtest2 WHERE id=5407513
	Index Scan using sbtest2_pkey on sbtest2  (cost=0.43..8.45 rows=1 width=121)
	  Index Cond: (id = 5407513)

table 3 : explain SELECT c FROM sbtest3 WHERE id=5413303
	Index Scan using sbtest3_pkey on sbtest3  (cost=0.43..8.45 rows=1 width=121)
	  Index Cond: (id = 5413303)

table 4 : explain SELECT c FROM sbtest4 WHERE id=3511561
	Index Scan using sbtest4_pkey on sbtest4  (cost=0.43..8.45 rows=1 width=121)
	  Index Cond: (id = 3511561)

table 5 : explain SELECT c FROM sbtest5 WHERE id=2150271
	Index Scan using sbtest5_pkey on sbtest5  (cost=0.43..8.45 rows=1 width=121)
	  Index Cond: (id = 2150271)

table 6 : explain SELECT c FROM sbtest6 WHERE id=8342539
	Index Scan using sbtest6_pkey on sbtest6  (cost=0.43..8.45 rows=1 width=121)
	  Index Cond: (id = 8342539)

table 7 : explain SELECT c FROM sbtest7 WHERE id=538703
	Index Scan using sbtest7_pkey on sbtest7  (cost=0.43..8.45 rows=1 width=121)
	  Index Cond: (id = 538703)

table 8 : explain SELECT c FROM sbtest8 WHERE id=7660824
	Index Scan using sbtest8_pkey on sbtest8  (cost=0.43..8.45 rows=1 width=121)
	  Index Cond: (id = 7660824)

for: simple_ranges
table 1 : explain SELECT c FROM sbtest1 WHERE id BETWEEN 2902014 AND 2902113
	Index Scan using sbtest1_pkey on sbtest1  (cost=0.43..392.18 rows=102 width=121)
	  Index Cond: ((id >= 2902014) AND (id <= 2902113))

table 2 : explain SELECT c FROM sbtest2 WHERE id BETWEEN 6835639 AND 6835738
	Index Scan using sbtest2_pkey on sbtest2  (cost=0.43..367.98 rows=95 width=121)
	  Index Cond: ((id >= 6835639) AND (id <= 6835738))

table 3 : explain SELECT c FROM sbtest3 WHERE id BETWEEN 8598253 AND 8598352
	Index Scan using sbtest3_pkey on sbtest3  (cost=0.43..385.73 rows=100 width=121)
	  Index Cond: ((id >= 8598253) AND (id <= 8598352))

table 4 : explain SELECT c FROM sbtest4 WHERE id BETWEEN 2550594 AND 2550693
	Index Scan using sbtest4_pkey on sbtest4  (cost=0.43..456.39 rows=118 width=121)
	  Index Cond: ((id >= 2550594) AND (id <= 2550693))

table 5 : explain SELECT c FROM sbtest5 WHERE id BETWEEN 5105901 AND 5106000
	Index Scan using sbtest5_pkey on sbtest5  (cost=0.43..366.22 rows=94 width=121)
	  Index Cond: ((id >= 5105901) AND (id <= 5106000))

table 6 : explain SELECT c FROM sbtest6 WHERE id BETWEEN 3068758 AND 3068857
	Index Scan using sbtest6_pkey on sbtest6  (cost=0.43..368.11 rows=95 width=121)
	  Index Cond: ((id >= 3068758) AND (id <= 3068857))

table 7 : explain SELECT c FROM sbtest7 WHERE id BETWEEN 4789715 AND 4789814
	Index Scan using sbtest7_pkey on sbtest7  (cost=0.43..373.56 rows=97 width=121)
	  Index Cond: ((id >= 4789715) AND (id <= 4789814))

table 8 : explain SELECT c FROM sbtest8 WHERE id BETWEEN 8107275 AND 8107374
	Index Scan using sbtest8_pkey on sbtest8  (cost=0.43..399.12 rows=103 width=121)
	  Index Cond: ((id >= 8107275) AND (id <= 8107374))

explain: for point_selects :: explain SELECT c FROM sbtest%u WHERE id=%u
explain: for point_selects :: explain SELECT c FROM sbtest%u WHERE id=%u
explain: for point_selects :: explain SELECT c FROM sbtest%u WHERE id=%u
explain: for point_selects :: explain SELECT c FROM sbtest%u WHERE id=%u
explain: for point_selects :: explain SELECT c FROM sbtest%u WHERE id=%u
explain: for point_selects :: explain SELECT c FROM sbtest%u WHERE id=%u
for point_selects
table 1 : explain SELECT c FROM sbtest1 WHERE id=7958622
	Index Scan using sbtest1_pkey on sbtest1  (cost=0.43..8.45 rows=1 width=121)
	  Index Cond: (id = 7958622)

table 2 : explain SELECT c FROM sbtest2 WHERE id=9814085
	Index Scan using sbtest2_pkey on sbtest2  (cost=0.43..8.45 rows=1 width=121)
	  Index Cond: (id = 9814085)

table 3 : explain SELECT c FROM sbtest3 WHERE id=579731
	Index Scan using sbtest3_pkey on sbtest3  (cost=0.43..8.45 rows=1 width=121)
	  Index Cond: (id = 579731)

table 4 : explain SELECT c FROM sbtest4 WHERE id=9823119
	Index Scan using sbtest4_pkey on sbtest4  (cost=0.43..8.45 rows=1 width=121)
	  Index Cond: (id = 9823119)

table 5 : explain SELECT c FROM sbtest5 WHERE id=239579
	Index Scan using sbtest5_pkey on sbtest5  (cost=0.43..8.45 rows=1 width=121)
	  Index Cond: (id = 239579)

table 6 : explain SELECT c FROM sbtest6 WHERE id=8028893
	Index Scan using sbtest6_pkey on sbtest6  (cost=0.43..8.45 rows=1 width=121)
	  Index Cond: (id = 8028893)

table 7 : explain SELECT c FROM sbtest7 WHERE id=1989153
	Index Scan using sbtest7_pkey on sbtest7  (cost=0.43..8.45 rows=1 width=121)
	  Index Cond: (id = 1989153)

table 8 : explain SELECT c FROM sbtest8 WHERE id=25266
	Index Scan using sbtest8_pkey on sbtest8  (cost=0.43..8.45 rows=1 width=121)
	  Index Cond: (id = 25266)

explain: for point_selects :: explain SELECT c FROM sbtest%u WHERE id=%u
for point_selects
table 1 : explain SELECT c FROM sbtest1 WHERE id=7621456
	Index Scan using sbtest1_pkey on sbtest1  (cost=0.43..8.45 rows=1 width=121)
	  Index Cond: (id = 7621456)

table 2 : explain SELECT c FROM sbtest2 WHERE id=3354083
	Index Scan using sbtest2_pkey on sbtest2  (cost=0.43..8.45 rows=1 width=121)
	  Index Cond: (id = 3354083)

table 3 : explain SELECT c FROM sbtest3 WHERE id=8247942
	Index Scan using sbtest3_pkey on sbtest3  (cost=0.43..8.45 rows=1 width=121)
	  Index Cond: (id = 8247942)

table 4 : explain SELECT c FROM sbtest4 WHERE id=4423041
	Index Scan using sbtest4_pkey on sbtest4  (cost=0.43..8.45 rows=1 width=121)
	  Index Cond: (id = 4423041)

table 5 : explain SELECT c FROM sbtest5 WHERE id=217820
	Index Scan using sbtest5_pkey on sbtest5  (cost=0.43..8.45 rows=1 width=121)
	  Index Cond: (id = 217820)

table 6 : explain SELECT c FROM sbtest6 WHERE id=9692523
	Index Scan using sbtest6_pkey on sbtest6  (cost=0.43..8.45 rows=1 width=121)
	  Index Cond: (id = 9692523)

table 7 : explain SELECT c FROM sbtest7 WHERE id=1561235
	Index Scan using sbtest7_pkey on sbtest7  (cost=0.43..8.45 rows=1 width=121)
	  Index Cond: (id = 1561235)

table 8 : explain SELECT c FROM sbtest8 WHERE id=3725395
	Index Scan using sbtest8_pkey on sbtest8  (cost=0.43..8.45 rows=1 width=121)
	  Index Cond: (id = 3725395)

for point_selects
table 1 : explain SELECT c FROM sbtest1 WHERE id=1999639
	Index Scan using sbtest1_pkey on sbtest1  (cost=0.43..8.45 rows=1 width=121)
	  Index Cond: (id = 1999639)

table 2 : explain SELECT c FROM sbtest2 WHERE id=2269734
	Index Scan using sbtest2_pkey on sbtest2  (cost=0.43..8.45 rows=1 width=121)
	  Index Cond: (id = 2269734)

table 3 : explain SELECT c FROM sbtest3 WHERE id=1529625
	Index Scan using sbtest3_pkey on sbtest3  (cost=0.43..8.45 rows=1 width=121)
	  Index Cond: (id = 1529625)

table 4 : explain SELECT c FROM sbtest4 WHERE id=1952362
	Index Scan using sbtest4_pkey on sbtest4  (cost=0.43..8.45 rows=1 width=121)
	  Index Cond: (id = 1952362)

table 5 : explain SELECT c FROM sbtest5 WHERE id=8542841
	Index Scan using sbtest5_pkey on sbtest5  (cost=0.43..8.45 rows=1 width=121)
	  Index Cond: (id = 8542841)

table 6 : explain SELECT c FROM sbtest6 WHERE id=6276670
	Index Scan using sbtest6_pkey on sbtest6  (cost=0.43..8.45 rows=1 width=121)
	  Index Cond: (id = 6276670)

table 7 : explain SELECT c FROM sbtest7 WHERE id=2004441
	Index Scan using sbtest7_pkey on sbtest7  (cost=0.43..8.45 rows=1 width=121)
	  Index Cond: (id = 2004441)

table 8 : explain SELECT c FROM sbtest8 WHERE id=1248205
	Index Scan using sbtest8_pkey on sbtest8  (cost=0.43..8.45 rows=1 width=121)
	  Index Cond: (id = 1248205)

for point_selects
table 1 : explain SELECT c FROM sbtest1 WHERE id=2533657
	Index Scan using sbtest1_pkey on sbtest1  (cost=0.43..8.45 rows=1 width=121)
	  Index Cond: (id = 2533657)

table 2 : explain SELECT c FROM sbtest2 WHERE id=4173793
	Index Scan using sbtest2_pkey on sbtest2  (cost=0.43..8.45 rows=1 width=121)
	  Index Cond: (id = 4173793)

table 3 : explain SELECT c FROM sbtest3 WHERE id=8924129
	Index Scan using sbtest3_pkey on sbtest3  (cost=0.43..8.45 rows=1 width=121)
	  Index Cond: (id = 8924129)

table 4 : explain SELECT c FROM sbtest4 WHERE id=9056653
	Index Scan using sbtest4_pkey on sbtest4  (cost=0.43..8.45 rows=1 width=121)
	  Index Cond: (id = 9056653)

table 5 : explain SELECT c FROM sbtest5 WHERE id=6075790
	Index Scan using sbtest5_pkey on sbtest5  (cost=0.43..8.45 rows=1 width=121)
	  Index Cond: (id = 6075790)

table 6 : explain SELECT c FROM sbtest6 WHERE id=2633749
	Index Scan using sbtest6_pkey on sbtest6  (cost=0.43..8.45 rows=1 width=121)
	  Index Cond: (id = 2633749)

table 7 : explain SELECT c FROM sbtest7 WHERE id=6463529
	Index Scan using sbtest7_pkey on sbtest7  (cost=0.43..8.45 rows=1 width=121)
	  Index Cond: (id = 6463529)

table 8 : explain SELECT c FROM sbtest8 WHERE id=5792872
	Index Scan using sbtest8_pkey on sbtest8  (cost=0.43..8.45 rows=1 width=121)
	  Index Cond: (id = 5792872)

for point_selects
table 1 : explain SELECT c FROM sbtest1 WHERE id=924413
	Index Scan using sbtest1_pkey on sbtest1  (cost=0.43..8.45 rows=1 width=121)
	  Index Cond: (id = 924413)

table 2 : explain SELECT c FROM sbtest2 WHERE id=8439613
	Index Scan using sbtest2_pkey on sbtest2  (cost=0.43..8.45 rows=1 width=121)
	  Index Cond: (id = 8439613)

table 3 : explain SELECT c FROM sbtest3 WHERE id=5931106
	Index Scan using sbtest3_pkey on sbtest3  (cost=0.43..8.45 rows=1 width=121)
	  Index Cond: (id = 5931106)

table 4 : explain SELECT c FROM sbtest4 WHERE id=5699917
	Index Scan using sbtest4_pkey on sbtest4  (cost=0.43..8.45 rows=1 width=121)
	  Index Cond: (id = 5699917)

table 5 : explain SELECT c FROM sbtest5 WHERE id=2927976
	Index Scan using sbtest5_pkey on sbtest5  (cost=0.43..8.45 rows=1 width=121)
	  Index Cond: (id = 2927976)

table 6 : explain SELECT c FROM sbtest6 WHERE id=6890663
	Index Scan using sbtest6_pkey on sbtest6  (cost=0.43..8.45 rows=1 width=121)
	  Index Cond: (id = 6890663)

table 7 : explain SELECT c FROM sbtest7 WHERE id=5004870
	Index Scan using sbtest7_pkey on sbtest7  (cost=0.43..8.45 rows=1 width=121)
	  Index Cond: (id = 5004870)

table 8 : explain SELECT c FROM sbtest8 WHERE id=9515448
	Index Scan using sbtest8_pkey on sbtest8  (cost=0.43..8.45 rows=1 width=121)
	  Index Cond: (id = 9515448)

for: simple_ranges
table 1 : explain SELECT c FROM sbtest1 WHERE id BETWEEN 3257596 AND 3257695
	Index Scan using sbtest1_pkey on sbtest1  (cost=0.43..433.95 rows=113 width=121)
	  Index Cond: ((id >= 3257596) AND (id <= 3257695))

table 2 : explain SELECT c FROM sbtest2 WHERE id BETWEEN 2418810 AND 2418909
	Index Scan using sbtest2_pkey on sbtest2  (cost=0.43..406.26 rows=105 width=121)
	  Index Cond: ((id >= 2418810) AND (id <= 2418909))

table 3 : explain SELECT c FROM sbtest3 WHERE id BETWEEN 6550995 AND 6551094
	Index Scan using sbtest3_pkey on sbtest3  (cost=0.43..416.21 rows=108 width=121)
	  Index Cond: ((id >= 6550995) AND (id <= 6551094))

table 4 : explain SELECT c FROM sbtest4 WHERE id BETWEEN 3801303 AND 3801402
	Index Scan using sbtest4_pkey on sbtest4  (cost=0.43..372.19 rows=96 width=121)
	  Index Cond: ((id >= 3801303) AND (id <= 3801402))

table 5 : explain SELECT c FROM sbtest5 WHERE id BETWEEN 2322244 AND 2322343
	Index Scan using sbtest5_pkey on sbtest5  (cost=0.43..397.03 rows=102 width=121)
	  Index Cond: ((id >= 2322244) AND (id <= 2322343))

table 6 : explain SELECT c FROM sbtest6 WHERE id BETWEEN 1812242 AND 1812341
	Index Scan using sbtest6_pkey on sbtest6  (cost=0.43..348.94 rows=90 width=121)
	  Index Cond: ((id >= 1812242) AND (id <= 1812341))

table 7 : explain SELECT c FROM sbtest7 WHERE id BETWEEN 895330 AND 895429
	Index Scan using sbtest7_pkey on sbtest7  (cost=0.43..403.97 rows=105 width=121)
	  Index Cond: ((id >= 895330) AND (id <= 895429))

table 8 : explain SELECT c FROM sbtest8 WHERE id BETWEEN 1041185 AND 1041284
	Index Scan using sbtest8_pkey on sbtest8  (cost=0.43..410.61 rows=106 width=121)
	  Index Cond: ((id >= 1041185) AND (id <= 1041284))

for: simple_ranges
table 1 : explain SELECT c FROM sbtest1 WHERE id BETWEEN 7525206 AND 7525305
	Index Scan using sbtest1_pkey on sbtest1  (cost=0.43..369.39 rows=96 width=121)
	  Index Cond: ((id >= 7525206) AND (id <= 7525305))

table 2 : explain SELECT c FROM sbtest2 WHERE id BETWEEN 2872329 AND 2872428
	Index Scan using sbtest2_pkey on sbtest2  (cost=0.43..406.26 rows=105 width=121)
	  Index Cond: ((id >= 2872329) AND (id <= 2872428))

table 3 : explain SELECT c FROM sbtest3 WHERE id BETWEEN 8167208 AND 8167307
	Index Scan using sbtest3_pkey on sbtest3  (cost=0.43..359.07 rows=93 width=121)
	  Index Cond: ((id >= 8167208) AND (id <= 8167307))

table 4 : explain SELECT c FROM sbtest4 WHERE id BETWEEN 4096254 AND 4096353
	Index Scan using sbtest4_pkey on sbtest4  (cost=0.43..368.36 rows=95 width=121)
	  Index Cond: ((id >= 4096254) AND (id <= 4096353))

table 5 : explain SELECT c FROM sbtest5 WHERE id BETWEEN 1576066 AND 1576165
	Index Scan using sbtest5_pkey on sbtest5  (cost=0.43..373.91 rows=96 width=121)
	  Index Cond: ((id >= 1576066) AND (id <= 1576165))

table 6 : explain SELECT c FROM sbtest6 WHERE id BETWEEN 579434 AND 579533
	Index Scan using sbtest6_pkey on sbtest6  (cost=0.43..379.59 rows=98 width=121)
	  Index Cond: ((id >= 579434) AND (id <= 579533))

table 7 : explain SELECT c FROM sbtest7 WHERE id BETWEEN 9317569 AND 9317668
	Index Scan using sbtest7_pkey on sbtest7  (cost=0.43..377.36 rows=98 width=121)
	  Index Cond: ((id >= 9317569) AND (id <= 9317668))

table 8 : explain SELECT c FROM sbtest8 WHERE id BETWEEN 8921250 AND 8921349
	Index Scan using sbtest8_pkey on sbtest8  (cost=0.43..437.41 rows=113 width=121)
	  Index Cond: ((id >= 8921250) AND (id <= 8921349))

for: simple_ranges
table 1 : explain SELECT c FROM sbtest1 WHERE id BETWEEN 3125232 AND 3125331
	Index Scan using sbtest1_pkey on sbtest1  (cost=0.43..384.58 rows=100 width=121)
	  Index Cond: ((id >= 3125232) AND (id <= 3125331))

table 2 : explain SELECT c FROM sbtest2 WHERE id BETWEEN 4627613 AND 4627712
	Index Scan using sbtest2_pkey on sbtest2  (cost=0.43..387.14 rows=100 width=121)
	  Index Cond: ((id >= 4627613) AND (id <= 4627712))

table 3 : explain SELECT c FROM sbtest3 WHERE id BETWEEN 6523302 AND 6523401
	Index Scan using sbtest3_pkey on sbtest3  (cost=0.43..416.21 rows=108 width=121)
	  Index Cond: ((id >= 6523302) AND (id <= 6523401))

table 4 : explain SELECT c FROM sbtest4 WHERE id BETWEEN 1420211 AND 1420310
	Index Scan using sbtest4_pkey on sbtest4  (cost=0.43..391.33 rows=101 width=121)
	  Index Cond: ((id >= 1420211) AND (id <= 1420310))

table 5 : explain SELECT c FROM sbtest5 WHERE id BETWEEN 2463950 AND 2464049
	Index Scan using sbtest5_pkey on sbtest5  (cost=0.43..343.14 rows=88 width=121)
	  Index Cond: ((id >= 2463950) AND (id <= 2464049))

table 6 : explain SELECT c FROM sbtest6 WHERE id BETWEEN 9938716 AND 9938815
	Index Scan using sbtest6_pkey on sbtest6  (cost=0.43..379.59 rows=98 width=121)
	  Index Cond: ((id >= 9938716) AND (id <= 9938815))

table 7 : explain SELECT c FROM sbtest7 WHERE id BETWEEN 7108262 AND 7108361
	Index Scan using sbtest7_pkey on sbtest7  (cost=0.43..358.36 rows=93 width=121)
	  Index Cond: ((id >= 7108262) AND (id <= 7108361))

table 8 : explain SELECT c FROM sbtest8 WHERE id BETWEEN 3204202 AND 3204301
	Index Scan using sbtest8_pkey on sbtest8  (cost=0.43..379.98 rows=98 width=121)
	  Index Cond: ((id >= 3204202) AND (id <= 3204301))

for point_selects
table 1 : explain SELECT c FROM sbtest1 WHERE id=6013232
	Index Scan using sbtest1_pkey on sbtest1  (cost=0.43..8.45 rows=1 width=121)
	  Index Cond: (id = 6013232)

table 2 : explain SELECT c FROM sbtest2 WHERE id=3167775
	Index Scan using sbtest2_pkey on sbtest2  (cost=0.43..8.45 rows=1 width=121)
	  Index Cond: (id = 3167775)

table 3 : explain SELECT c FROM sbtest3 WHERE id=4671705
	Index Scan using sbtest3_pkey on sbtest3  (cost=0.43..8.45 rows=1 width=121)
	  Index Cond: (id = 4671705)

table 4 : explain SELECT c FROM sbtest4 WHERE id=7708855
	Index Scan using sbtest4_pkey on sbtest4  (cost=0.43..8.45 rows=1 width=121)
	  Index Cond: (id = 7708855)

table 5 : explain SELECT c FROM sbtest5 WHERE id=1568887
	Index Scan using sbtest5_pkey on sbtest5  (cost=0.43..8.45 rows=1 width=121)
	  Index Cond: (id = 1568887)

table 6 : explain SELECT c FROM sbtest6 WHERE id=2039910
	Index Scan using sbtest6_pkey on sbtest6  (cost=0.43..8.45 rows=1 width=121)
	  Index Cond: (id = 2039910)

table 7 : explain SELECT c FROM sbtest7 WHERE id=7618873
	Index Scan using sbtest7_pkey on sbtest7  (cost=0.43..8.45 rows=1 width=121)
	  Index Cond: (id = 7618873)

table 8 : explain SELECT c FROM sbtest8 WHERE id=7095111
	Index Scan using sbtest8_pkey on sbtest8  (cost=0.43..8.45 rows=1 width=121)
	  Index Cond: (id = 7095111)

for: simple_ranges
table 1 : explain SELECT c FROM sbtest1 WHERE id BETWEEN 2349553 AND 2349652
	Index Scan using sbtest1_pkey on sbtest1  (cost=0.43..395.98 rows=103 width=121)
	  Index Cond: ((id >= 2349553) AND (id <= 2349652))

table 2 : explain SELECT c FROM sbtest2 WHERE id BETWEEN 2597189 AND 2597288
	Index Scan using sbtest2_pkey on sbtest2  (cost=0.43..413.91 rows=107 width=121)
	  Index Cond: ((id >= 2597189) AND (id <= 2597288))

table 3 : explain SELECT c FROM sbtest3 WHERE id BETWEEN 7906184 AND 7906283
	Index Scan using sbtest3_pkey on sbtest3  (cost=0.43..420.02 rows=109 width=121)
	  Index Cond: ((id >= 7906184) AND (id <= 7906283))

table 4 : explain SELECT c FROM sbtest4 WHERE id BETWEEN 2785479 AND 2785578
	Index Scan using sbtest4_pkey on sbtest4  (cost=0.43..402.81 rows=104 width=121)
	  Index Cond: ((id >= 2785479) AND (id <= 2785578))

table 5 : explain SELECT c FROM sbtest5 WHERE id BETWEEN 2691119 AND 2691218
	Index Scan using sbtest5_pkey on sbtest5  (cost=0.43..400.88 rows=103 width=121)
	  Index Cond: ((id >= 2691119) AND (id <= 2691218))

table 6 : explain SELECT c FROM sbtest6 WHERE id BETWEEN 8574404 AND 8574503
	Index Scan using sbtest6_pkey on sbtest6  (cost=0.43..364.24 rows=94 width=121)
	  Index Cond: ((id >= 8574404) AND (id <= 8574503))

table 7 : explain SELECT c FROM sbtest7 WHERE id BETWEEN 7559589 AND 7559688
	Index Scan using sbtest7_pkey on sbtest7  (cost=0.43..358.36 rows=93 width=121)
	  Index Cond: ((id >= 7559589) AND (id <= 7559688))

table 8 : explain SELECT c FROM sbtest8 WHERE id BETWEEN 6960017 AND 6960116
	Index Scan using sbtest8_pkey on sbtest8  (cost=0.43..379.98 rows=98 width=121)
	  Index Cond: ((id >= 6960017) AND (id <= 6960116))

for: sum_ranges
table 1 : explain SELECT SUM(k) FROM sbtest1 WHERE id BETWEEN 6163682 AND 6163781
	Aggregate  (cost=377.23..377.24 rows=1 width=8)
	  ->  Index Scan using sbtest1_pkey on sbtest1  (cost=0.43..376.99 rows=98 width=4)
	        Index Cond: ((id >= 6163682) AND (id <= 6163781))

table 2 : explain SELECT SUM(k) FROM sbtest2 WHERE id BETWEEN 4841926 AND 4842025
	Aggregate  (cost=379.74..379.75 rows=1 width=8)
	  ->  Index Scan using sbtest2_pkey on sbtest2  (cost=0.43..379.50 rows=98 width=4)
	        Index Cond: ((id >= 4841926) AND (id <= 4842025))

table 3 : explain SELECT SUM(k) FROM sbtest3 WHERE id BETWEEN 2676624 AND 2676723
	Aggregate  (cost=378.36..378.37 rows=1 width=8)
	  ->  Index Scan using sbtest3_pkey on sbtest3  (cost=0.43..378.11 rows=98 width=4)
	        Index Cond: ((id >= 2676624) AND (id <= 2676723))

table 4 : explain SELECT SUM(k) FROM sbtest4 WHERE id BETWEEN 8972455 AND 8972554
	Aggregate  (cost=391.58..391.59 rows=1 width=8)
	  ->  Index Scan using sbtest4_pkey on sbtest4  (cost=0.43..391.33 rows=101 width=4)
	        Index Cond: ((id >= 8972455) AND (id <= 8972554))

table 5 : explain SELECT SUM(k) FROM sbtest5 WHERE id BETWEEN 8861447 AND 8861546
	Aggregate  (cost=416.53..416.54 rows=1 width=8)
	  ->  Index Scan using sbtest5_pkey on sbtest5  (cost=0.43..416.26 rows=107 width=4)
	        Index Cond: ((id >= 8861447) AND (id <= 8861546))

table 6 : explain SELECT SUM(k) FROM sbtest6 WHERE id BETWEEN 1662350 AND 1662449
	Aggregate  (cost=402.80..402.81 rows=1 width=8)
	  ->  Index Scan using sbtest6_pkey on sbtest6  (cost=0.43..402.54 rows=104 width=4)
	        Index Cond: ((id >= 1662350) AND (id <= 1662449))

table 7 : explain SELECT SUM(k) FROM sbtest7 WHERE id BETWEEN 7773175 AND 7773274
	Aggregate  (cost=415.65..415.66 rows=1 width=8)
	  ->  Index Scan using sbtest7_pkey on sbtest7  (cost=0.43..415.38 rows=108 width=4)
	        Index Cond: ((id >= 7773175) AND (id <= 7773274))

table 8 : explain SELECT SUM(k) FROM sbtest8 WHERE id BETWEEN 2360369 AND 2360468
	Aggregate  (cost=437.69..437.70 rows=1 width=8)
	  ->  Index Scan using sbtest8_pkey on sbtest8  (cost=0.43..437.41 rows=113 width=4)
	        Index Cond: ((id >= 2360369) AND (id <= 2360468))

for: simple_ranges
table 1 : explain SELECT c FROM sbtest1 WHERE id BETWEEN 8014117 AND 8014216
	Index Scan using sbtest1_pkey on sbtest1  (cost=0.43..380.79 rows=99 width=121)
	  Index Cond: ((id >= 8014117) AND (id <= 8014216))

table 2 : explain SELECT c FROM sbtest2 WHERE id BETWEEN 432673 AND 432772
	Index Scan using sbtest2_pkey on sbtest2  (cost=0.43..475.09 rows=123 width=121)
	  Index Cond: ((id >= 432673) AND (id <= 432772))

table 3 : explain SELECT c FROM sbtest3 WHERE id BETWEEN 2212606 AND 2212705
	Index Scan using sbtest3_pkey on sbtest3  (cost=0.43..362.88 rows=94 width=121)
	  Index Cond: ((id >= 2212606) AND (id <= 2212705))

table 4 : explain SELECT c FROM sbtest4 WHERE id BETWEEN 9294493 AND 9294592
	Index Scan using sbtest4_pkey on sbtest4  (cost=0.43..402.81 rows=104 width=121)
	  Index Cond: ((id >= 9294493) AND (id <= 9294592))

table 5 : explain SELECT c FROM sbtest5 WHERE id BETWEEN 2212352 AND 2212451
	Index Scan using sbtest5_pkey on sbtest5  (cost=0.43..354.68 rows=91 width=121)
	  Index Cond: ((id >= 2212352) AND (id <= 2212451))

table 6 : explain SELECT c FROM sbtest6 WHERE id BETWEEN 7830157 AND 7830256
	Index Scan using sbtest6_pkey on sbtest6  (cost=0.43..387.24 rows=100 width=121)
	  Index Cond: ((id >= 7830157) AND (id <= 7830256))

table 7 : explain SELECT c FROM sbtest7 WHERE id BETWEEN 3525219 AND 3525318
	Index Scan using sbtest7_pkey on sbtest7  (cost=0.43..358.36 rows=93 width=121)
	  Index Cond: ((id >= 3525219) AND (id <= 3525318))

table 8 : explain SELECT c FROM sbtest8 WHERE id BETWEEN 1954217 AND 1954316
	Index Scan using sbtest8_pkey on sbtest8  (cost=0.43..376.10 rows=97 width=121)
	  Index Cond: ((id >= 1954217) AND (id <= 1954316))

for: simple_ranges
table 1 : explain SELECT c FROM sbtest1 WHERE id BETWEEN 2980112 AND 2980211
	Index Scan using sbtest1_pkey on sbtest1  (cost=0.43..392.18 rows=102 width=121)
	  Index Cond: ((id >= 2980112) AND (id <= 2980211))

table 2 : explain SELECT c FROM sbtest2 WHERE id BETWEEN 6474141 AND 6474240
	Index Scan using sbtest2_pkey on sbtest2  (cost=0.43..348.86 rows=90 width=121)
	  Index Cond: ((id >= 6474141) AND (id <= 6474240))

table 3 : explain SELECT c FROM sbtest3 WHERE id BETWEEN 9138474 AND 9138573
	Index Scan using sbtest3_pkey on sbtest3  (cost=0.43..351.45 rows=91 width=121)
	  Index Cond: ((id >= 9138474) AND (id <= 9138573))

table 4 : explain SELECT c FROM sbtest4 WHERE id BETWEEN 3856871 AND 3856970
	Index Scan using sbtest4_pkey on sbtest4  (cost=0.43..376.02 rows=97 width=121)
	  Index Cond: ((id >= 3856871) AND (id <= 3856970))

table 5 : explain SELECT c FROM sbtest5 WHERE id BETWEEN 8788028 AND 8788127
	Index Scan using sbtest5_pkey on sbtest5  (cost=0.43..416.26 rows=107 width=121)
	  Index Cond: ((id >= 8788028) AND (id <= 8788127))

table 6 : explain SELECT c FROM sbtest6 WHERE id BETWEEN 9635298 AND 9635397
	Index Scan using sbtest6_pkey on sbtest6  (cost=0.43..433.13 rows=112 width=121)
	  Index Cond: ((id >= 9635298) AND (id <= 9635397))

table 7 : explain SELECT c FROM sbtest7 WHERE id BETWEEN 6979796 AND 6979895
	Index Scan using sbtest7_pkey on sbtest7  (cost=0.43..362.16 rows=94 width=121)
	  Index Cond: ((id >= 6979796) AND (id <= 6979895))

table 8 : explain SELECT c FROM sbtest8 WHERE id BETWEEN 3339370 AND 3339469
	Index Scan using sbtest8_pkey on sbtest8  (cost=0.43..391.47 rows=101 width=121)
	  Index Cond: ((id >= 3339370) AND (id <= 3339469))

for point_selects
table 1 : explain SELECT c FROM sbtest1 WHERE id=3742079
	Index Scan using sbtest1_pkey on sbtest1  (cost=0.43..8.45 rows=1 width=121)
	  Index Cond: (id = 3742079)

table 2 : explain SELECT c FROM sbtest2 WHERE id=3833124
	Index Scan using sbtest2_pkey on sbtest2  (cost=0.43..8.45 rows=1 width=121)
	  Index Cond: (id = 3833124)

table 3 : explain SELECT c FROM sbtest3 WHERE id=3284791
	Index Scan using sbtest3_pkey on sbtest3  (cost=0.43..8.45 rows=1 width=121)
	  Index Cond: (id = 3284791)

table 4 : explain SELECT c FROM sbtest4 WHERE id=860596
	Index Scan using sbtest4_pkey on sbtest4  (cost=0.43..8.45 rows=1 width=121)
	  Index Cond: (id = 860596)

table 5 : explain SELECT c FROM sbtest5 WHERE id=6298189
	Index Scan using sbtest5_pkey on sbtest5  (cost=0.43..8.45 rows=1 width=121)
	  Index Cond: (id = 6298189)

table 6 : explain SELECT c FROM sbtest6 WHERE id=7812832
	Index Scan using sbtest6_pkey on sbtest6  (cost=0.43..8.45 rows=1 width=121)
	  Index Cond: (id = 7812832)

table 7 : explain SELECT c FROM sbtest7 WHERE id=6957169
	Index Scan using sbtest7_pkey on sbtest7  (cost=0.43..8.45 rows=1 width=121)
	  Index Cond: (id = 6957169)

table 8 : explain SELECT c FROM sbtest8 WHERE id=5941861
	Index Scan using sbtest8_pkey on sbtest8  (cost=0.43..8.45 rows=1 width=121)
	  Index Cond: (id = 5941861)

for: sum_ranges
table 1 : explain SELECT SUM(k) FROM sbtest1 WHERE id BETWEEN 458496 AND 458595
	Aggregate  (cost=354.38..354.39 rows=1 width=8)
	  ->  Index Scan using sbtest1_pkey on sbtest1  (cost=0.43..354.15 rows=92 width=4)
	        Index Cond: ((id >= 458496) AND (id <= 458595))

table 2 : explain SELECT SUM(k) FROM sbtest2 WHERE id BETWEEN 5477073 AND 5477172
	Aggregate  (cost=406.53..406.54 rows=1 width=8)
	  ->  Index Scan using sbtest2_pkey on sbtest2  (cost=0.43..406.26 rows=105 width=4)
	        Index Cond: ((id >= 5477073) AND (id <= 5477172))

table 3 : explain SELECT SUM(k) FROM sbtest3 WHERE id BETWEEN 8023020 AND 8023119
	Aggregate  (cost=363.11..363.12 rows=1 width=8)
	  ->  Index Scan using sbtest3_pkey on sbtest3  (cost=0.43..362.88 rows=94 width=4)
	        Index Cond: ((id >= 8023020) AND (id <= 8023119))

table 4 : explain SELECT SUM(k) FROM sbtest4 WHERE id BETWEEN 7125241 AND 7125340
	Aggregate  (cost=353.24..353.25 rows=1 width=8)
	  ->  Index Scan using sbtest4_pkey on sbtest4  (cost=0.43..353.01 rows=91 width=4)
	        Index Cond: ((id >= 7125241) AND (id <= 7125340))

table 5 : explain SELECT SUM(k) FROM sbtest5 WHERE id BETWEEN 8487938 AND 8488037
	Aggregate  (cost=370.30..370.31 rows=1 width=8)
	  ->  Index Scan using sbtest5_pkey on sbtest5  (cost=0.43..370.06 rows=95 width=4)
	        Index Cond: ((id >= 8487938) AND (id <= 8488037))

table 6 : explain SELECT SUM(k) FROM sbtest6 WHERE id BETWEEN 7838030 AND 7838129
	Aggregate  (cost=376.01..376.02 rows=1 width=8)
	  ->  Index Scan using sbtest6_pkey on sbtest6  (cost=0.43..375.76 rows=97 width=4)
	        Index Cond: ((id >= 7838030) AND (id <= 7838129))

table 7 : explain SELECT SUM(k) FROM sbtest7 WHERE id BETWEEN 1680931 AND 1681030
	Aggregate  (cost=400.43..400.44 rows=1 width=8)
	  ->  Index Scan using sbtest7_pkey on sbtest7  (cost=0.43..400.17 rows=104 width=4)
	        Index Cond: ((id >= 1680931) AND (id <= 1681030))

table 8 : explain SELECT SUM(k) FROM sbtest8 WHERE id BETWEEN 2205139 AND 2205238
	Aggregate  (cost=387.89..387.90 rows=1 width=8)
	  ->  Index Scan using sbtest8_pkey on sbtest8  (cost=0.43..387.64 rows=100 width=4)
	        Index Cond: ((id >= 2205139) AND (id <= 2205238))

for: simple_ranges
table 1 : explain SELECT c FROM sbtest1 WHERE id BETWEEN 100844 AND 100943
	Index Scan using sbtest1_pkey on sbtest1  (cost=0.43..384.58 rows=100 width=121)
	  Index Cond: ((id >= 100844) AND (id <= 100943))

table 2 : explain SELECT c FROM sbtest2 WHERE id BETWEEN 1577773 AND 1577872
	Index Scan using sbtest2_pkey on sbtest2  (cost=0.43..375.62 rows=97 width=121)
	  Index Cond: ((id >= 1577773) AND (id <= 1577872))

table 3 : explain SELECT c FROM sbtest3 WHERE id BETWEEN 2728304 AND 2728403
	Index Scan using sbtest3_pkey on sbtest3  (cost=0.43..385.73 rows=100 width=121)
	  Index Cond: ((id >= 2728304) AND (id <= 2728403))

table 4 : explain SELECT c FROM sbtest4 WHERE id BETWEEN 5444786 AND 5444885
	Index Scan using sbtest4_pkey on sbtest4  (cost=0.43..364.54 rows=94 width=121)
	  Index Cond: ((id >= 5444786) AND (id <= 5444885))

table 5 : explain SELECT c FROM sbtest5 WHERE id BETWEEN 2337447 AND 2337546
	Index Scan using sbtest5_pkey on sbtest5  (cost=0.43..397.03 rows=102 width=121)
	  Index Cond: ((id >= 2337447) AND (id <= 2337546))

table 6 : explain SELECT c FROM sbtest6 WHERE id BETWEEN 747271 AND 747370
	Index Scan using sbtest6_pkey on sbtest6  (cost=0.43..429.31 rows=111 width=121)
	  Index Cond: ((id >= 747271) AND (id <= 747370))

table 7 : explain SELECT c FROM sbtest7 WHERE id BETWEEN 2015849 AND 2015948
	Index Scan using sbtest7_pkey on sbtest7  (cost=0.43..377.36 rows=98 width=121)
	  Index Cond: ((id >= 2015849) AND (id <= 2015948))

table 8 : explain SELECT c FROM sbtest8 WHERE id BETWEEN 1388400 AND 1388499
	Index Scan using sbtest8_pkey on sbtest8  (cost=0.43..402.95 rows=104 width=121)
	  Index Cond: ((id >= 1388400) AND (id <= 1388499))

for: sum_ranges
table 1 : explain SELECT SUM(k) FROM sbtest1 WHERE id BETWEEN 4536139 AND 4536238
	Aggregate  (cost=388.63..388.64 rows=1 width=8)
	  ->  Index Scan using sbtest1_pkey on sbtest1  (cost=0.43..388.38 rows=101 width=4)
	        Index Cond: ((id >= 4536139) AND (id <= 4536238))

table 2 : explain SELECT SUM(k) FROM sbtest2 WHERE id BETWEEN 1923952 AND 1924051
	Aggregate  (cost=410.35..410.36 rows=1 width=8)
	  ->  Index Scan using sbtest2_pkey on sbtest2  (cost=0.43..410.09 rows=106 width=4)
	        Index Cond: ((id >= 1923952) AND (id <= 1924051))

table 3 : explain SELECT SUM(k) FROM sbtest3 WHERE id BETWEEN 644234 AND 644333
	Aggregate  (cost=378.36..378.37 rows=1 width=8)
	  ->  Index Scan using sbtest3_pkey on sbtest3  (cost=0.43..378.11 rows=98 width=4)
	        Index Cond: ((id >= 644234) AND (id <= 644333))

table 4 : explain SELECT SUM(k) FROM sbtest4 WHERE id BETWEEN 4466272 AND 4466371
	Aggregate  (cost=357.11..357.12 rows=1 width=8)
	  ->  Index Scan using sbtest4_pkey on sbtest4  (cost=0.43..356.88 rows=92 width=4)
	        Index Cond: ((id >= 4466272) AND (id <= 4466371))

table 5 : explain SELECT SUM(k) FROM sbtest5 WHERE id BETWEEN 8769809 AND 8769908
	Aggregate  (cost=393.44..393.45 rows=1 width=8)
	  ->  Index Scan using sbtest5_pkey on sbtest5  (cost=0.43..393.18 rows=101 width=4)
	        Index Cond: ((id >= 8769809) AND (id <= 8769908))

table 6 : explain SELECT SUM(k) FROM sbtest6 WHERE id BETWEEN 4974203 AND 4974302
	Aggregate  (cost=383.66..383.67 rows=1 width=8)
	  ->  Index Scan using sbtest6_pkey on sbtest6  (cost=0.43..383.41 rows=99 width=4)
	        Index Cond: ((id >= 4974203) AND (id <= 4974302))

table 7 : explain SELECT SUM(k) FROM sbtest7 WHERE id BETWEEN 3179973 AND 3180072
	Aggregate  (cost=392.82..392.83 rows=1 width=8)
	  ->  Index Scan using sbtest7_pkey on sbtest7  (cost=0.43..392.57 rows=102 width=4)
	        Index Cond: ((id >= 3179973) AND (id <= 3180072))

table 8 : explain SELECT SUM(k) FROM sbtest8 WHERE id BETWEEN 2289115 AND 2289214
	Aggregate  (cost=437.69..437.70 rows=1 width=8)
	  ->  Index Scan using sbtest8_pkey on sbtest8  (cost=0.43..437.41 rows=113 width=4)
	        Index Cond: ((id >= 2289115) AND (id <= 2289214))

for: sum_ranges
table 1 : explain SELECT SUM(k) FROM sbtest1 WHERE id BETWEEN 8913717 AND 8913816
	Aggregate  (cost=384.83..384.84 rows=1 width=8)
	  ->  Index Scan using sbtest1_pkey on sbtest1  (cost=0.43..384.58 rows=100 width=4)
	        Index Cond: ((id >= 8913717) AND (id <= 8913816))

table 2 : explain SELECT SUM(k) FROM sbtest2 WHERE id BETWEEN 2989116 AND 2989215
	Aggregate  (cost=383.57..383.58 rows=1 width=8)
	  ->  Index Scan using sbtest2_pkey on sbtest2  (cost=0.43..383.32 rows=99 width=4)
	        Index Cond: ((id >= 2989116) AND (id <= 2989215))

table 3 : explain SELECT SUM(k) FROM sbtest3 WHERE id BETWEEN 7602121 AND 7602220
	Aggregate  (cost=393.61..393.62 rows=1 width=8)
	  ->  Index Scan using sbtest3_pkey on sbtest3  (cost=0.43..393.35 rows=102 width=4)
	        Index Cond: ((id >= 7602121) AND (id <= 7602220))

table 4 : explain SELECT SUM(k) FROM sbtest4 WHERE id BETWEEN 4047924 AND 4048023
	Aggregate  (cost=380.09..380.10 rows=1 width=8)
	  ->  Index Scan using sbtest4_pkey on sbtest4  (cost=0.43..379.85 rows=98 width=4)
	        Index Cond: ((id >= 4047924) AND (id <= 4048023))

table 5 : explain SELECT SUM(k) FROM sbtest5 WHERE id BETWEEN 1632858 AND 1632957
	Aggregate  (cost=431.92..431.93 rows=1 width=8)
	  ->  Index Scan using sbtest5_pkey on sbtest5  (cost=0.43..431.64 rows=111 width=4)
	        Index Cond: ((id >= 1632858) AND (id <= 1632957))

table 6 : explain SELECT SUM(k) FROM sbtest6 WHERE id BETWEEN 8344617 AND 8344716
	Aggregate  (cost=448.72..448.73 rows=1 width=8)
	  ->  Index Scan using sbtest6_pkey on sbtest6  (cost=0.43..448.43 rows=116 width=4)
	        Index Cond: ((id >= 8344617) AND (id <= 8344716))

table 7 : explain SELECT SUM(k) FROM sbtest7 WHERE id BETWEEN 9165158 AND 9165257
	Aggregate  (cost=411.84..411.85 rows=1 width=8)
	  ->  Index Scan using sbtest7_pkey on sbtest7  (cost=0.43..411.58 rows=107 width=4)
	        Index Cond: ((id >= 9165158) AND (id <= 9165257))

table 8 : explain SELECT SUM(k) FROM sbtest8 WHERE id BETWEEN 1343373 AND 1343472
	Aggregate  (cost=391.72..391.73 rows=1 width=8)
	  ->  Index Scan using sbtest8_pkey on sbtest8  (cost=0.43..391.47 rows=101 width=4)
	        Index Cond: ((id >= 1343373) AND (id <= 1343472))

for: sum_ranges
table 1 : explain SELECT SUM(k) FROM sbtest1 WHERE id BETWEEN 6057496 AND 6057595
	Aggregate  (cost=396.23..396.24 rows=1 width=8)
	  ->  Index Scan using sbtest1_pkey on sbtest1  (cost=0.43..395.98 rows=103 width=4)
	        Index Cond: ((id >= 6057496) AND (id <= 6057595))

table 2 : explain SELECT SUM(k) FROM sbtest2 WHERE id BETWEEN 6929654 AND 6929753
	Aggregate  (cost=368.21..368.22 rows=1 width=8)
	  ->  Index Scan using sbtest2_pkey on sbtest2  (cost=0.43..367.98 rows=95 width=4)
	        Index Cond: ((id >= 6929654) AND (id <= 6929753))

table 3 : explain SELECT SUM(k) FROM sbtest3 WHERE id BETWEEN 8166556 AND 8166655
	Aggregate  (cost=359.30..359.31 rows=1 width=8)
	  ->  Index Scan using sbtest3_pkey on sbtest3  (cost=0.43..359.07 rows=93 width=4)
	        Index Cond: ((id >= 8166556) AND (id <= 8166655))

table 4 : explain SELECT SUM(k) FROM sbtest4 WHERE id BETWEEN 6702633 AND 6702732
	Aggregate  (cost=395.41..395.42 rows=1 width=8)
	  ->  Index Scan using sbtest4_pkey on sbtest4  (cost=0.43..395.16 rows=102 width=4)
	        Index Cond: ((id >= 6702633) AND (id <= 6702732))

table 5 : explain SELECT SUM(k) FROM sbtest5 WHERE id BETWEEN 3406207 AND 3406306
	Aggregate  (cost=385.74..385.75 rows=1 width=8)
	  ->  Index Scan using sbtest5_pkey on sbtest5  (cost=0.43..385.49 rows=99 width=4)
	        Index Cond: ((id >= 3406207) AND (id <= 3406306))

table 6 : explain SELECT SUM(k) FROM sbtest6 WHERE id BETWEEN 1921913 AND 1922012
	Aggregate  (cost=398.97..398.98 rows=1 width=8)
	  ->  Index Scan using sbtest6_pkey on sbtest6  (cost=0.43..398.71 rows=103 width=4)
	        Index Cond: ((id >= 1921913) AND (id <= 1922012))

table 7 : explain SELECT SUM(k) FROM sbtest7 WHERE id BETWEEN 272225 AND 272324
	Aggregate  (cost=366.20..366.21 rows=1 width=8)
	  ->  Index Scan using sbtest7_pkey on sbtest7  (cost=0.43..365.96 rows=95 width=4)
	        Index Cond: ((id >= 272225) AND (id <= 272324))

table 8 : explain SELECT SUM(k) FROM sbtest8 WHERE id BETWEEN 5032114 AND 5032213
	Aggregate  (cost=364.85..364.86 rows=1 width=8)
	  ->  Index Scan using sbtest8_pkey on sbtest8  (cost=0.43..364.62 rows=94 width=4)
	        Index Cond: ((id >= 5032114) AND (id <= 5032213))

for: sum_ranges
table 1 : explain SELECT SUM(k) FROM sbtest1 WHERE id BETWEEN 5030597 AND 5030696
	Aggregate  (cost=354.38..354.39 rows=1 width=8)
	  ->  Index Scan using sbtest1_pkey on sbtest1  (cost=0.43..354.15 rows=92 width=4)
	        Index Cond: ((id >= 5030597) AND (id <= 5030696))

table 2 : explain SELECT SUM(k) FROM sbtest2 WHERE id BETWEEN 2281568 AND 2281667
	Aggregate  (cost=410.35..410.36 rows=1 width=8)
	  ->  Index Scan using sbtest2_pkey on sbtest2  (cost=0.43..410.09 rows=106 width=4)
	        Index Cond: ((id >= 2281568) AND (id <= 2281667))

table 3 : explain SELECT SUM(k) FROM sbtest3 WHERE id BETWEEN 874523 AND 874622
	Aggregate  (cost=397.42..397.43 rows=1 width=8)
	  ->  Index Scan using sbtest3_pkey on sbtest3  (cost=0.43..397.16 rows=103 width=4)
	        Index Cond: ((id >= 874523) AND (id <= 874622))

table 4 : explain SELECT SUM(k) FROM sbtest4 WHERE id BETWEEN 1152546 AND 1152645
	Aggregate  (cost=387.75..387.76 rows=1 width=8)
	  ->  Index Scan using sbtest4_pkey on sbtest4  (cost=0.43..387.50 rows=100 width=4)
	        Index Cond: ((id >= 1152546) AND (id <= 1152645))

table 5 : explain SELECT SUM(k) FROM sbtest5 WHERE id BETWEEN 893680 AND 893779
	Aggregate  (cost=412.68..412.69 rows=1 width=8)
	  ->  Index Scan using sbtest5_pkey on sbtest5  (cost=0.43..412.41 rows=106 width=4)
	        Index Cond: ((id >= 893680) AND (id <= 893779))

table 6 : explain SELECT SUM(k) FROM sbtest6 WHERE id BETWEEN 71360 AND 71459
	Aggregate  (cost=383.66..383.67 rows=1 width=8)
	  ->  Index Scan using sbtest6_pkey on sbtest6  (cost=0.43..383.41 rows=99 width=4)
	        Index Cond: ((id >= 71360) AND (id <= 71459))

table 7 : explain SELECT SUM(k) FROM sbtest7 WHERE id BETWEEN 481628 AND 481727
	Aggregate  (cost=366.20..366.21 rows=1 width=8)
	  ->  Index Scan using sbtest7_pkey on sbtest7  (cost=0.43..365.96 rows=95 width=4)
	        Index Cond: ((id >= 481628) AND (id <= 481727))

table 8 : explain SELECT SUM(k) FROM sbtest8 WHERE id BETWEEN 4935782 AND 4935881
	Aggregate  (cost=364.85..364.86 rows=1 width=8)
	  ->  Index Scan using sbtest8_pkey on sbtest8  (cost=0.43..364.62 rows=94 width=4)
	        Index Cond: ((id >= 4935782) AND (id <= 4935881))

explain: for point_selects :: explain SELECT c FROM sbtest%u WHERE id=%u
for: order_ranges
table 1 : explain SELECT c FROM sbtest1 WHERE id BETWEEN 3694543 AND 3694642 ORDER BY c
	Sort  (cost=364.82..365.06 rows=94 width=121)
	  Sort Key: c
	  ->  Index Scan using sbtest1_pkey on sbtest1  (cost=0.43..361.74 rows=94 width=121)
	        Index Cond: ((id >= 3694543) AND (id <= 3694642))

table 2 : explain SELECT c FROM sbtest2 WHERE id BETWEEN 7023779 AND 7023878 ORDER BY c
	Sort  (cost=371.10..371.34 rows=95 width=121)
	  Sort Key: c
	  ->  Index Scan using sbtest2_pkey on sbtest2  (cost=0.43..367.98 rows=95 width=121)
	        Index Cond: ((id >= 7023779) AND (id <= 7023878))

table 3 : explain SELECT c FROM sbtest3 WHERE id BETWEEN 7860919 AND 7861018 ORDER BY c
	Sort  (cost=400.60..400.86 rows=103 width=121)
	  Sort Key: c
	  ->  Index Scan using sbtest3_pkey on sbtest3  (cost=0.43..397.16 rows=103 width=121)
	        Index Cond: ((id >= 7860919) AND (id <= 7861018))

table 4 : explain SELECT c FROM sbtest4 WHERE id BETWEEN 6117636 AND 6117735 ORDER BY c
	Sort  (cost=352.10..352.33 rows=90 width=121)
	  Sort Key: c
	  ->  Index Scan using sbtest4_pkey on sbtest4  (cost=0.43..349.18 rows=90 width=121)
	        Index Cond: ((id >= 6117636) AND (id <= 6117735))

table 5 : explain SELECT c FROM sbtest5 WHERE id BETWEEN 3216956 AND 3217055 ORDER BY c
	Sort  (cost=392.66..392.91 rows=100 width=121)
	  Sort Key: c
	  ->  Index Scan using sbtest5_pkey on sbtest5  (cost=0.43..389.34 rows=100 width=121)
	        Index Cond: ((id >= 3216956) AND (id <= 3217055))

table 6 : explain SELECT c FROM sbtest6 WHERE id BETWEEN 2955130 AND 2955229 ORDER BY c
	Sort  (cost=425.35..425.62 rows=109 width=121)
	  Sort Key: c
	  ->  Index Scan using sbtest6_pkey on sbtest6  (cost=0.43..421.66 rows=109 width=121)
	        Index Cond: ((id >= 2955130) AND (id <= 2955229))

table 7 : explain SELECT c FROM sbtest7 WHERE id BETWEEN 9542926 AND 9543025 ORDER BY c
	Sort  (cost=369.08..369.32 rows=95 width=121)
	  Sort Key: c
	  ->  Index Scan using sbtest7_pkey on sbtest7  (cost=0.43..365.96 rows=95 width=121)
	        Index Cond: ((id >= 9542926) AND (id <= 9543025))

table 8 : explain SELECT c FROM sbtest8 WHERE id BETWEEN 1800089 AND 1800188 ORDER BY c
	Sort  (cost=418.05..418.31 rows=107 width=121)
	  Sort Key: c
	  ->  Index Scan using sbtest8_pkey on sbtest8  (cost=0.43..414.44 rows=107 width=121)
	        Index Cond: ((id >= 1800089) AND (id <= 1800188))

for: sum_ranges
table 1 : explain SELECT SUM(k) FROM sbtest1 WHERE id BETWEEN 183581 AND 183680
	Aggregate  (cost=384.83..384.84 rows=1 width=8)
	  ->  Index Scan using sbtest1_pkey on sbtest1  (cost=0.43..384.58 rows=100 width=4)
	        Index Cond: ((id >= 183581) AND (id <= 183680))

table 2 : explain SELECT SUM(k) FROM sbtest2 WHERE id BETWEEN 8980003 AND 8980102
	Aggregate  (cost=387.39..387.40 rows=1 width=8)
	  ->  Index Scan using sbtest2_pkey on sbtest2  (cost=0.43..387.14 rows=100 width=4)
	        Index Cond: ((id >= 8980003) AND (id <= 8980102))

table 3 : explain SELECT SUM(k) FROM sbtest3 WHERE id BETWEEN 3039230 AND 3039329
	Aggregate  (cost=393.61..393.62 rows=1 width=8)
	  ->  Index Scan using sbtest3_pkey on sbtest3  (cost=0.43..393.35 rows=102 width=4)
	        Index Cond: ((id >= 3039230) AND (id <= 3039329))

table 4 : explain SELECT SUM(k) FROM sbtest4 WHERE id BETWEEN 2554859 AND 2554958
	Aggregate  (cost=456.69..456.70 rows=1 width=8)
	  ->  Index Scan using sbtest4_pkey on sbtest4  (cost=0.43..456.39 rows=118 width=4)
	        Index Cond: ((id >= 2554859) AND (id <= 2554958))

table 5 : explain SELECT SUM(k) FROM sbtest5 WHERE id BETWEEN 6082696 AND 6082795
	Aggregate  (cost=374.15..374.16 rows=1 width=8)
	  ->  Index Scan using sbtest5_pkey on sbtest5  (cost=0.43..373.91 rows=96 width=4)
	        Index Cond: ((id >= 6082696) AND (id <= 6082795))

table 6 : explain SELECT SUM(k) FROM sbtest6 WHERE id BETWEEN 4660781 AND 4660880
	Aggregate  (cost=398.97..398.98 rows=1 width=8)
	  ->  Index Scan using sbtest6_pkey on sbtest6  (cost=0.43..398.71 rows=103 width=4)
	        Index Cond: ((id >= 4660781) AND (id <= 4660880))

table 7 : explain SELECT SUM(k) FROM sbtest7 WHERE id BETWEEN 7628201 AND 7628300
	Aggregate  (cost=381.41..381.42 rows=1 width=8)
	  ->  Index Scan using sbtest7_pkey on sbtest7  (cost=0.43..381.16 rows=99 width=4)
	        Index Cond: ((id >= 7628201) AND (id <= 7628300))

table 8 : explain SELECT SUM(k) FROM sbtest8 WHERE id BETWEEN 4860382 AND 4860481
	Aggregate  (cost=357.19..357.20 rows=1 width=8)
	  ->  Index Scan using sbtest8_pkey on sbtest8  (cost=0.43..356.96 rows=92 width=4)
	        Index Cond: ((id >= 4860382) AND (id <= 4860481))

explain: for point_selects :: explain SELECT c FROM sbtest%u WHERE id=%u
for: sum_ranges
table 1 : explain SELECT SUM(k) FROM sbtest1 WHERE id BETWEEN 1260169 AND 1260268
	Aggregate  (cost=411.43..411.44 rows=1 width=8)
	  ->  Index Scan using sbtest1_pkey on sbtest1  (cost=0.43..411.17 rows=107 width=4)
	        Index Cond: ((id >= 1260169) AND (id <= 1260268))

table 2 : explain SELECT SUM(k) FROM sbtest2 WHERE id BETWEEN 9747975 AND 9748074
	Aggregate  (cost=345.26..345.27 rows=1 width=8)
	  ->  Index Scan using sbtest2_pkey on sbtest2  (cost=0.43..345.04 rows=89 width=4)
	        Index Cond: ((id >= 9747975) AND (id <= 9748074))

table 3 : explain SELECT SUM(k) FROM sbtest3 WHERE id BETWEEN 8229921 AND 8230020
	Aggregate  (cost=370.73..370.74 rows=1 width=8)
	  ->  Index Scan using sbtest3_pkey on sbtest3  (cost=0.43..370.49 rows=96 width=4)
	        Index Cond: ((id >= 8229921) AND (id <= 8230020))

table 4 : explain SELECT SUM(k) FROM sbtest4 WHERE id BETWEEN 5138534 AND 5138633
	Aggregate  (cost=441.37..441.38 rows=1 width=8)
	  ->  Index Scan using sbtest4_pkey on sbtest4  (cost=0.43..441.08 rows=114 width=4)
	        Index Cond: ((id >= 5138534) AND (id <= 5138633))

table 5 : explain SELECT SUM(k) FROM sbtest5 WHERE id BETWEEN 1074236 AND 1074335
	Aggregate  (cost=351.06..351.07 rows=1 width=8)
	  ->  Index Scan using sbtest5_pkey on sbtest5  (cost=0.43..350.83 rows=90 width=4)
	        Index Cond: ((id >= 1074236) AND (id <= 1074335))

table 6 : explain SELECT SUM(k) FROM sbtest6 WHERE id BETWEEN 3097142 AND 3097241
	Aggregate  (cost=360.65..360.66 rows=1 width=8)
	  ->  Index Scan using sbtest6_pkey on sbtest6  (cost=0.43..360.42 rows=93 width=4)
	        Index Cond: ((id >= 3097142) AND (id <= 3097241))

table 7 : explain SELECT SUM(k) FROM sbtest7 WHERE id BETWEEN 9997482 AND 9997581
	Aggregate  (cost=392.82..392.83 rows=1 width=8)
	  ->  Index Scan using sbtest7_pkey on sbtest7  (cost=0.43..392.57 rows=102 width=4)
	        Index Cond: ((id >= 9997482) AND (id <= 9997581))

table 8 : explain SELECT SUM(k) FROM sbtest8 WHERE id BETWEEN 7991725 AND 7991824
	Aggregate  (cost=387.89..387.90 rows=1 width=8)
	  ->  Index Scan using sbtest8_pkey on sbtest8  (cost=0.43..387.64 rows=100 width=4)
	        Index Cond: ((id >= 7991725) AND (id <= 7991824))

for: order_ranges
table 1 : explain SELECT c FROM sbtest1 WHERE id BETWEEN 1581478 AND 1581577 ORDER BY c
	Sort  (cost=372.55..372.79 rows=96 width=121)
	  Sort Key: c
	  ->  Index Scan using sbtest1_pkey on sbtest1  (cost=0.43..369.39 rows=96 width=121)
	        Index Cond: ((id >= 1581478) AND (id <= 1581577))

table 2 : explain SELECT c FROM sbtest2 WHERE id BETWEEN 1695224 AND 1695323 ORDER BY c
	Sort  (cost=328.60..328.81 rows=84 width=121)
	  Sort Key: c
	  ->  Index Scan using sbtest2_pkey on sbtest2  (cost=0.43..325.92 rows=84 width=121)
	        Index Cond: ((id >= 1695224) AND (id <= 1695323))

table 3 : explain SELECT c FROM sbtest3 WHERE id BETWEEN 7029397 AND 7029496 ORDER BY c
	Sort  (cost=373.66..373.90 rows=96 width=121)
	  Sort Key: c
	  ->  Index Scan using sbtest3_pkey on sbtest3  (cost=0.43..370.49 rows=96 width=121)
	        Index Cond: ((id >= 7029397) AND (id <= 7029496))

table 4 : explain SELECT c FROM sbtest4 WHERE id BETWEEN 4224154 AND 4224253 ORDER BY c
	Sort  (cost=379.22..379.46 rows=97 width=121)
	  Sort Key: c
	  ->  Index Scan using sbtest4_pkey on sbtest4  (cost=0.43..376.02 rows=97 width=121)
	        Index Cond: ((id >= 4224154) AND (id <= 4224253))

table 5 : explain SELECT c FROM sbtest5 WHERE id BETWEEN 5357849 AND 5357948 ORDER BY c
	Sort  (cost=365.41..365.65 rows=93 width=121)
	  Sort Key: c
	  ->  Index Scan using sbtest5_pkey on sbtest5  (cost=0.43..362.37 rows=93 width=121)
	        Index Cond: ((id >= 5357849) AND (id <= 5357948))

table 6 : explain SELECT c FROM sbtest6 WHERE id BETWEEN 8807345 AND 8807444 ORDER BY c
	Sort  (cost=378.96..379.21 rows=97 width=121)
	  Sort Key: c
	  ->  Index Scan using sbtest6_pkey on sbtest6  (cost=0.43..375.76 rows=97 width=121)
	        Index Cond: ((id >= 8807345) AND (id <= 8807444))

table 7 : explain SELECT c FROM sbtest7 WHERE id BETWEEN 1429243 AND 1429342 ORDER BY c
	Sort  (cost=399.81..400.07 rows=103 width=121)
	  Sort Key: c
	  ->  Index Scan using sbtest7_pkey on sbtest7  (cost=0.43..396.37 rows=103 width=121)
	        Index Cond: ((id >= 1429243) AND (id <= 1429342))

table 8 : explain SELECT c FROM sbtest8 WHERE id BETWEEN 7942002 AND 7942101 ORDER BY c
	Sort  (cost=390.96..391.21 rows=100 width=121)
	  Sort Key: c
	  ->  Index Scan using sbtest8_pkey on sbtest8  (cost=0.43..387.64 rows=100 width=121)
	        Index Cond: ((id >= 7942002) AND (id <= 7942101))

for: order_ranges
table 1 : explain SELECT c FROM sbtest1 WHERE id BETWEEN 2872844 AND 2872943 ORDER BY c
	Sort  (cost=384.07..384.31 rows=99 width=121)
	  Sort Key: c
	  ->  Index Scan using sbtest1_pkey on sbtest1  (cost=0.43..380.79 rows=99 width=121)
	        Index Cond: ((id >= 2872844) AND (id <= 2872943))

table 2 : explain SELECT c FROM sbtest2 WHERE id BETWEEN 9689106 AND 9689205 ORDER BY c
	Sort  (cost=347.92..348.14 rows=89 width=121)
	  Sort Key: c
	  ->  Index Scan using sbtest2_pkey on sbtest2  (cost=0.43..345.04 rows=89 width=121)
	        Index Cond: ((id >= 9689106) AND (id <= 9689205))

table 3 : explain SELECT c FROM sbtest3 WHERE id BETWEEN 7264343 AND 7264442 ORDER BY c
	Sort  (cost=404.45..404.71 rows=104 width=121)
	  Sort Key: c
	  ->  Index Scan using sbtest3_pkey on sbtest3  (cost=0.43..400.97 rows=104 width=121)
	        Index Cond: ((id >= 7264343) AND (id <= 7264442))

table 4 : explain SELECT c FROM sbtest4 WHERE id BETWEEN 9475802 AND 9475901 ORDER BY c
	Sort  (cost=371.49..371.72 rows=95 width=121)
	  Sort Key: c
	  ->  Index Scan using sbtest4_pkey on sbtest4  (cost=0.43..368.36 rows=95 width=121)
	        Index Cond: ((id >= 9475802) AND (id <= 9475901))

table 5 : explain SELECT c FROM sbtest5 WHERE id BETWEEN 7929419 AND 7929518 ORDER BY c
	Sort  (cost=384.89..385.13 rows=98 width=121)
	  Sort Key: c
	  ->  Index Scan using sbtest5_pkey on sbtest5  (cost=0.43..381.65 rows=98 width=121)
	        Index Cond: ((id >= 7929419) AND (id <= 7929518))

table 6 : explain SELECT c FROM sbtest6 WHERE id BETWEEN 5114558 AND 5114657 ORDER BY c
	Sort  (cost=344.14..344.36 rows=88 width=121)
	  Sort Key: c
	  ->  Index Scan using sbtest6_pkey on sbtest6  (cost=0.43..341.29 rows=88 width=121)
	        Index Cond: ((id >= 5114558) AND (id <= 5114657))

table 7 : explain SELECT c FROM sbtest7 WHERE id BETWEEN 8149146 AND 8149245 ORDER BY c
	Sort  (cost=388.29..388.54 rows=100 width=121)
	  Sort Key: c
	  ->  Index Scan using sbtest7_pkey on sbtest7  (cost=0.43..384.97 rows=100 width=121)
	        Index Cond: ((id >= 8149146) AND (id <= 8149245))

table 8 : explain SELECT c FROM sbtest8 WHERE id BETWEEN 4632933 AND 4633032 ORDER BY c
	Sort  (cost=375.44..375.68 rows=96 width=121)
	  Sort Key: c
	  ->  Index Scan using sbtest8_pkey on sbtest8  (cost=0.43..372.28 rows=96 width=121)
	        Index Cond: ((id >= 4632933) AND (id <= 4633032))

for: order_ranges
table 1 : explain SELECT c FROM sbtest1 WHERE id BETWEEN 4282549 AND 4282648 ORDER BY c
	Sort  (cost=399.42..399.68 rows=103 width=121)
	  Sort Key: c
	  ->  Index Scan using sbtest1_pkey on sbtest1  (cost=0.43..395.98 rows=103 width=121)
	        Index Cond: ((id >= 4282549) AND (id <= 4282648))

table 2 : explain SELECT c FROM sbtest2 WHERE id BETWEEN 7749706 AND 7749805 ORDER BY c
	Sort  (cost=405.92..406.18 rows=104 width=121)
	  Sort Key: c
	  ->  Index Scan using sbtest2_pkey on sbtest2  (cost=0.43..402.44 rows=104 width=121)
	        Index Cond: ((id >= 7749706) AND (id <= 7749805))

table 3 : explain SELECT c FROM sbtest3 WHERE id BETWEEN 9270992 AND 9271091 ORDER BY c
	Sort  (cost=400.60..400.86 rows=103 width=121)
	  Sort Key: c
	  ->  Index Scan using sbtest3_pkey on sbtest3  (cost=0.43..397.16 rows=103 width=121)
	        Index Cond: ((id >= 9270992) AND (id <= 9271091))

table 4 : explain SELECT c FROM sbtest4 WHERE id BETWEEN 1195329 AND 1195428 ORDER BY c
	Sort  (cost=390.82..391.07 rows=100 width=121)
	  Sort Key: c
	  ->  Index Scan using sbtest4_pkey on sbtest4  (cost=0.43..387.50 rows=100 width=121)
	        Index Cond: ((id >= 1195329) AND (id <= 1195428))

table 5 : explain SELECT c FROM sbtest5 WHERE id BETWEEN 6155793 AND 6155892 ORDER BY c
	Sort  (cost=377.07..377.31 rows=96 width=121)
	  Sort Key: c
	  ->  Index Scan using sbtest5_pkey on sbtest5  (cost=0.43..373.91 rows=96 width=121)
	        Index Cond: ((id >= 6155793) AND (id <= 6155892))

table 6 : explain SELECT c FROM sbtest6 WHERE id BETWEEN 2599048 AND 2599147 ORDER BY c
	Sort  (cost=375.10..375.34 rows=96 width=121)
	  Sort Key: c
	  ->  Index Scan using sbtest6_pkey on sbtest6  (cost=0.43..371.94 rows=96 width=121)
	        Index Cond: ((id >= 2599048) AND (id <= 2599147))

table 7 : explain SELECT c FROM sbtest7 WHERE id BETWEEN 2613086 AND 2613185 ORDER BY c
	Sort  (cost=384.45..384.69 rows=99 width=121)
	  Sort Key: c
	  ->  Index Scan using sbtest7_pkey on sbtest7  (cost=0.43..381.16 rows=99 width=121)
	        Index Cond: ((id >= 2613086) AND (id <= 2613185))

table 8 : explain SELECT c FROM sbtest8 WHERE id BETWEEN 2628370 AND 2628469 ORDER BY c
	Sort  (cost=410.31..410.57 rows=105 width=121)
	  Sort Key: c
	  ->  Index Scan using sbtest8_pkey on sbtest8  (cost=0.43..406.78 rows=105 width=121)
	        Index Cond: ((id >= 2628370) AND (id <= 2628469))

explain: for point_selects :: explain SELECT c FROM sbtest%u WHERE id=%u
for point_selects
table 1 : explain SELECT c FROM sbtest1 WHERE id=6117262
	Index Scan using sbtest1_pkey on sbtest1  (cost=0.43..8.45 rows=1 width=121)
	  Index Cond: (id = 6117262)

table 2 : explain SELECT c FROM sbtest2 WHERE id=9538788
	Index Scan using sbtest2_pkey on sbtest2  (cost=0.43..8.45 rows=1 width=121)
	  Index Cond: (id = 9538788)

table 3 : explain SELECT c FROM sbtest3 WHERE id=6822419
	Index Scan using sbtest3_pkey on sbtest3  (cost=0.43..8.45 rows=1 width=121)
	  Index Cond: (id = 6822419)

table 4 : explain SELECT c FROM sbtest4 WHERE id=2580988
	Index Scan using sbtest4_pkey on sbtest4  (cost=0.43..8.45 rows=1 width=121)
	  Index Cond: (id = 2580988)

table 5 : explain SELECT c FROM sbtest5 WHERE id=3164846
	Index Scan using sbtest5_pkey on sbtest5  (cost=0.43..8.45 rows=1 width=121)
	  Index Cond: (id = 3164846)

table 6 : explain SELECT c FROM sbtest6 WHERE id=3725203
	Index Scan using sbtest6_pkey on sbtest6  (cost=0.43..8.45 rows=1 width=121)
	  Index Cond: (id = 3725203)

table 7 : explain SELECT c FROM sbtest7 WHERE id=4109294
	Index Scan using sbtest7_pkey on sbtest7  (cost=0.43..8.45 rows=1 width=121)
	  Index Cond: (id = 4109294)

table 8 : explain SELECT c FROM sbtest8 WHERE id=9814962
	Index Scan using sbtest8_pkey on sbtest8  (cost=0.43..8.45 rows=1 width=121)
	  Index Cond: (id = 9814962)

explain: for point_selects :: explain SELECT c FROM sbtest%u WHERE id=%u
for: order_ranges
table 1 : explain SELECT c FROM sbtest1 WHERE id BETWEEN 7198197 AND 7198296 ORDER BY c
	Sort  (cost=391.74..392.00 rows=101 width=121)
	  Sort Key: c
	  ->  Index Scan using sbtest1_pkey on sbtest1  (cost=0.43..388.38 rows=101 width=121)
	        Index Cond: ((id >= 7198197) AND (id <= 7198296))

table 2 : explain SELECT c FROM sbtest2 WHERE id BETWEEN 5780648 AND 5780747 ORDER BY c
	Sort  (cost=367.23..367.47 rows=94 width=121)
	  Sort Key: c
	  ->  Index Scan using sbtest2_pkey on sbtest2  (cost=0.43..364.15 rows=94 width=121)
	        Index Cond: ((id >= 5780648) AND (id <= 5780747))

table 3 : explain SELECT c FROM sbtest3 WHERE id BETWEEN 918800 AND 918899 ORDER BY c
	Sort  (cost=362.11..362.34 rows=93 width=121)
	  Sort Key: c
	  ->  Index Scan using sbtest3_pkey on sbtest3  (cost=0.43..359.07 rows=93 width=121)
	        Index Cond: ((id >= 918800) AND (id <= 918899))

table 4 : explain SELECT c FROM sbtest4 WHERE id BETWEEN 3726094 AND 3726193 ORDER BY c
	Sort  (cost=375.35..375.59 rows=96 width=121)
	  Sort Key: c
	  ->  Index Scan using sbtest4_pkey on sbtest4  (cost=0.43..372.19 rows=96 width=121)
	        Index Cond: ((id >= 3726094) AND (id <= 3726193))

table 5 : explain SELECT c FROM sbtest5 WHERE id BETWEEN 4822280 AND 4822379 ORDER BY c
	Sort  (cost=388.77..389.02 rows=99 width=121)
	  Sort Key: c
	  ->  Index Scan using sbtest5_pkey on sbtest5  (cost=0.43..385.49 rows=99 width=121)
	        Index Cond: ((id >= 4822280) AND (id <= 4822379))

table 6 : explain SELECT c FROM sbtest6 WHERE id BETWEEN 6317440 AND 6317539 ORDER BY c
	Sort  (cost=398.29..398.54 rows=102 width=121)
	  Sort Key: c
	  ->  Index Scan using sbtest6_pkey on sbtest6  (cost=0.43..394.89 rows=102 width=121)
	        Index Cond: ((id >= 6317440) AND (id <= 6317539))

table 7 : explain SELECT c FROM sbtest7 WHERE id BETWEEN 7453000 AND 7453099 ORDER BY c
	Sort  (cost=411.34..411.61 rows=106 width=121)
	  Sort Key: c
	  ->  Index Scan using sbtest7_pkey on sbtest7  (cost=0.43..407.77 rows=106 width=121)
	        Index Cond: ((id >= 7453000) AND (id <= 7453099))

table 8 : explain SELECT c FROM sbtest8 WHERE id BETWEEN 6437604 AND 6437703 ORDER BY c
	Sort  (cost=406.44..406.70 rows=104 width=121)
	  Sort Key: c
	  ->  Index Scan using sbtest8_pkey on sbtest8  (cost=0.43..402.95 rows=104 width=121)
	        Index Cond: ((id >= 6437604) AND (id <= 6437703))

explain: for point_selects :: explain SELECT c FROM sbtest%u WHERE id=%u
for: order_ranges
table 1 : explain SELECT c FROM sbtest1 WHERE id BETWEEN 4567184 AND 4567283 ORDER BY c
	Sort  (cost=391.74..392.00 rows=101 width=121)
	  Sort Key: c
	  ->  Index Scan using sbtest1_pkey on sbtest1  (cost=0.43..388.38 rows=101 width=121)
	        Index Cond: ((id >= 4567184) AND (id <= 4567283))

table 2 : explain SELECT c FROM sbtest2 WHERE id BETWEEN 1949954 AND 1950053 ORDER BY c
	Sort  (cost=413.65..413.92 rows=106 width=121)
	  Sort Key: c
	  ->  Index Scan using sbtest2_pkey on sbtest2  (cost=0.43..410.09 rows=106 width=121)
	        Index Cond: ((id >= 1949954) AND (id <= 1950053))

table 3 : explain SELECT c FROM sbtest3 WHERE id BETWEEN 5485716 AND 5485815 ORDER BY c
	Sort  (cost=404.45..404.71 rows=104 width=121)
	  Sort Key: c
	  ->  Index Scan using sbtest3_pkey on sbtest3  (cost=0.43..400.97 rows=104 width=121)
	        Index Cond: ((id >= 5485716) AND (id <= 5485815))

table 4 : explain SELECT c FROM sbtest4 WHERE id BETWEEN 7602946 AND 7603045 ORDER BY c
	Sort  (cost=410.16..410.43 rows=105 width=121)
	  Sort Key: c
	  ->  Index Scan using sbtest4_pkey on sbtest4  (cost=0.43..406.64 rows=105 width=121)
	        Index Cond: ((id >= 7602946) AND (id <= 7603045))

table 5 : explain SELECT c FROM sbtest5 WHERE id BETWEEN 7073348 AND 7073447 ORDER BY c
	Sort  (cost=381.00..381.24 rows=97 width=121)
	  Sort Key: c
	  ->  Index Scan using sbtest5_pkey on sbtest5  (cost=0.43..377.80 rows=97 width=121)
	        Index Cond: ((id >= 7073348) AND (id <= 7073447))

table 6 : explain SELECT c FROM sbtest6 WHERE id BETWEEN 2506974 AND 2507073 ORDER BY c
	Sort  (cost=433.08..433.36 rows=111 width=121)
	  Sort Key: c
	  ->  Index Scan using sbtest6_pkey on sbtest6  (cost=0.43..429.31 rows=111 width=121)
	        Index Cond: ((id >= 2506974) AND (id <= 2507073))

table 7 : explain SELECT c FROM sbtest7 WHERE id BETWEEN 1581331 AND 1581430 ORDER BY c
	Sort  (cost=380.60..380.85 rows=98 width=121)
	  Sort Key: c
	  ->  Index Scan using sbtest7_pkey on sbtest7  (cost=0.43..377.36 rows=98 width=121)
	        Index Cond: ((id >= 1581331) AND (id <= 1581430))

table 8 : explain SELECT c FROM sbtest8 WHERE id BETWEEN 743398 AND 743497 ORDER BY c
	Sort  (cost=406.44..406.70 rows=104 width=121)
	  Sort Key: c
	  ->  Index Scan using sbtest8_pkey on sbtest8  (cost=0.43..402.95 rows=104 width=121)
	        Index Cond: ((id >= 743398) AND (id <= 743497))

for: simple_ranges
table 1 : explain SELECT c FROM sbtest1 WHERE id BETWEEN 5291679 AND 5291778
	Index Scan using sbtest1_pkey on sbtest1  (cost=0.43..380.79 rows=99 width=121)
	  Index Cond: ((id >= 5291679) AND (id <= 5291778))

table 2 : explain SELECT c FROM sbtest2 WHERE id BETWEEN 2748464 AND 2748563
	Index Scan using sbtest2_pkey on sbtest2  (cost=0.43..383.32 rows=99 width=121)
	  Index Cond: ((id >= 2748464) AND (id <= 2748563))

table 3 : explain SELECT c FROM sbtest3 WHERE id BETWEEN 987057 AND 987156
	Index Scan using sbtest3_pkey on sbtest3  (cost=0.43..359.07 rows=93 width=121)
	  Index Cond: ((id >= 987057) AND (id <= 987156))

table 4 : explain SELECT c FROM sbtest4 WHERE id BETWEEN 8601737 AND 8601836
	Index Scan using sbtest4_pkey on sbtest4  (cost=0.43..368.36 rows=95 width=121)
	  Index Cond: ((id >= 8601737) AND (id <= 8601836))

table 5 : explain SELECT c FROM sbtest5 WHERE id BETWEEN 1370372 AND 1370471
	Index Scan using sbtest5_pkey on sbtest5  (cost=0.43..373.91 rows=96 width=121)
	  Index Cond: ((id >= 1370372) AND (id <= 1370471))

table 6 : explain SELECT c FROM sbtest6 WHERE id BETWEEN 9072164 AND 9072263
	Index Scan using sbtest6_pkey on sbtest6  (cost=0.43..394.89 rows=102 width=121)
	  Index Cond: ((id >= 9072164) AND (id <= 9072263))

table 7 : explain SELECT c FROM sbtest7 WHERE id BETWEEN 1918736 AND 1918835
	Index Scan using sbtest7_pkey on sbtest7  (cost=0.43..388.77 rows=101 width=121)
	  Index Cond: ((id >= 1918736) AND (id <= 1918835))

table 8 : explain SELECT c FROM sbtest8 WHERE id BETWEEN 1400731 AND 1400830
	Index Scan using sbtest8_pkey on sbtest8  (cost=0.43..402.95 rows=104 width=121)
	  Index Cond: ((id >= 1400731) AND (id <= 1400830))

for: distinct_ranges
table 1 : explain SELECT DISTINCT c FROM sbtest1 WHERE id BETWEEN 6079147 AND 6079246 ORDER BY c
	Unique  (cost=395.58..396.09 rows=102 width=121)
	  ->  Sort  (cost=395.58..395.84 rows=102 width=121)
	        Sort Key: c
	        ->  Index Scan using sbtest1_pkey on sbtest1  (cost=0.43..392.18 rows=102 width=121)
	              Index Cond: ((id >= 6079147) AND (id <= 6079246))

table 2 : explain SELECT DISTINCT c FROM sbtest2 WHERE id BETWEEN 4837094 AND 4837193 ORDER BY c
	Unique  (cost=382.74..383.23 rows=98 width=121)
	  ->  Sort  (cost=382.74..382.98 rows=98 width=121)
	        Sort Key: c
	        ->  Index Scan using sbtest2_pkey on sbtest2  (cost=0.43..379.50 rows=98 width=121)
	              Index Cond: ((id >= 4837094) AND (id <= 4837193))

table 3 : explain SELECT DISTINCT c FROM sbtest3 WHERE id BETWEEN 7200487 AND 7200586 ORDER BY c
	Unique  (cost=404.45..404.97 rows=104 width=121)
	  ->  Sort  (cost=404.45..404.71 rows=104 width=121)
	        Sort Key: c
	        ->  Index Scan using sbtest3_pkey on sbtest3  (cost=0.43..400.97 rows=104 width=121)
	              Index Cond: ((id >= 7200487) AND (id <= 7200586))

table 4 : explain SELECT DISTINCT c FROM sbtest4 WHERE id BETWEEN 6779476 AND 6779575 ORDER BY c
	Unique  (cost=394.69..395.20 rows=101 width=121)
	  ->  Sort  (cost=394.69..394.94 rows=101 width=121)
	        Sort Key: c
	        ->  Index Scan using sbtest4_pkey on sbtest4  (cost=0.43..391.33 rows=101 width=121)
	              Index Cond: ((id >= 6779476) AND (id <= 6779575))

table 5 : explain SELECT DISTINCT c FROM sbtest5 WHERE id BETWEEN 2954261 AND 2954360 ORDER BY c
	Unique  (cost=450.96..451.54 rows=115 width=121)
	  ->  Sort  (cost=450.96..451.25 rows=115 width=121)
	        Sort Key: c
	        ->  Index Scan using sbtest5_pkey on sbtest5  (cost=0.43..447.03 rows=115 width=121)
	              Index Cond: ((id >= 2954261) AND (id <= 2954360))

table 6 : explain SELECT DISTINCT c FROM sbtest6 WHERE id BETWEEN 6271413 AND 6271512 ORDER BY c
	Unique  (cost=390.56..391.06 rows=100 width=121)
	  ->  Sort  (cost=390.56..390.81 rows=100 width=121)
	        Sort Key: c
	        ->  Index Scan using sbtest6_pkey on sbtest6  (cost=0.43..387.24 rows=100 width=121)
	              Index Cond: ((id >= 6271413) AND (id <= 6271512))

table 7 : explain SELECT DISTINCT c FROM sbtest7 WHERE id BETWEEN 8112677 AND 8112776 ORDER BY c
	Unique  (cost=388.29..388.79 rows=100 width=121)
	  ->  Sort  (cost=388.29..388.54 rows=100 width=121)
	        Sort Key: c
	        ->  Index Scan using sbtest7_pkey on sbtest7  (cost=0.43..384.97 rows=100 width=121)
	              Index Cond: ((id >= 8112677) AND (id <= 8112776))

table 8 : explain SELECT DISTINCT c FROM sbtest8 WHERE id BETWEEN 5347612 AND 5347711 ORDER BY c
	Unique  (cost=410.31..410.83 rows=105 width=121)
	  ->  Sort  (cost=410.31..410.57 rows=105 width=121)
	        Sort Key: c
	        ->  Index Scan using sbtest8_pkey on sbtest8  (cost=0.43..406.78 rows=105 width=121)
	              Index Cond: ((id >= 5347612) AND (id <= 5347711))

explain: for point_selects :: explain SELECT c FROM sbtest%u WHERE id=%u
for point_selects
table 1 : explain SELECT c FROM sbtest1 WHERE id=9486888
	Index Scan using sbtest1_pkey on sbtest1  (cost=0.43..8.45 rows=1 width=121)
	  Index Cond: (id = 9486888)

table 2 : explain SELECT c FROM sbtest2 WHERE id=8393106
	Index Scan using sbtest2_pkey on sbtest2  (cost=0.43..8.45 rows=1 width=121)
	  Index Cond: (id = 8393106)

table 3 : explain SELECT c FROM sbtest3 WHERE id=1232211
	Index Scan using sbtest3_pkey on sbtest3  (cost=0.43..8.45 rows=1 width=121)
	  Index Cond: (id = 1232211)

table 4 : explain SELECT c FROM sbtest4 WHERE id=4657485
	Index Scan using sbtest4_pkey on sbtest4  (cost=0.43..8.45 rows=1 width=121)
	  Index Cond: (id = 4657485)

table 5 : explain SELECT c FROM sbtest5 WHERE id=1844727
	Index Scan using sbtest5_pkey on sbtest5  (cost=0.43..8.45 rows=1 width=121)
	  Index Cond: (id = 1844727)

table 6 : explain SELECT c FROM sbtest6 WHERE id=8418186
	Index Scan using sbtest6_pkey on sbtest6  (cost=0.43..8.45 rows=1 width=121)
	  Index Cond: (id = 8418186)

table 7 : explain SELECT c FROM sbtest7 WHERE id=4122435
	Index Scan using sbtest7_pkey on sbtest7  (cost=0.43..8.45 rows=1 width=121)
	  Index Cond: (id = 4122435)

table 8 : explain SELECT c FROM sbtest8 WHERE id=2045820
	Index Scan using sbtest8_pkey on sbtest8  (cost=0.43..8.45 rows=1 width=121)
	  Index Cond: (id = 2045820)

for: order_ranges
table 1 : explain SELECT c FROM sbtest1 WHERE id BETWEEN 8235686 AND 8235785 ORDER BY c
	Sort  (cost=422.45..422.72 rows=109 width=121)
	  Sort Key: c
	  ->  Index Scan using sbtest1_pkey on sbtest1  (cost=0.43..418.76 rows=109 width=121)
	        Index Cond: ((id >= 8235686) AND (id <= 8235785))

table 2 : explain SELECT c FROM sbtest2 WHERE id BETWEEN 3426242 AND 3426341 ORDER BY c
	Sort  (cost=409.79..410.05 rows=105 width=121)
	  Sort Key: c
	  ->  Index Scan using sbtest2_pkey on sbtest2  (cost=0.43..406.26 rows=105 width=121)
	        Index Cond: ((id >= 3426242) AND (id <= 3426341))

table 3 : explain SELECT c FROM sbtest3 WHERE id BETWEEN 1308980 AND 1309079 ORDER BY c
	Sort  (cost=408.30..408.57 rows=105 width=121)
	  Sort Key: c
	  ->  Index Scan using sbtest3_pkey on sbtest3  (cost=0.43..404.78 rows=105 width=121)
	        Index Cond: ((id >= 1308980) AND (id <= 1309079))

table 4 : explain SELECT c FROM sbtest4 WHERE id BETWEEN 7024734 AND 7024833 ORDER BY c
	Sort  (cost=379.22..379.46 rows=97 width=121)
	  Sort Key: c
	  ->  Index Scan using sbtest4_pkey on sbtest4  (cost=0.43..376.02 rows=97 width=121)
	        Index Cond: ((id >= 7024734) AND (id <= 7024833))

table 5 : explain SELECT c FROM sbtest5 WHERE id BETWEEN 8106632 AND 8106731 ORDER BY c
	Sort  (cost=400.43..400.69 rows=102 width=121)
	  Sort Key: c
	  ->  Index Scan using sbtest5_pkey on sbtest5  (cost=0.43..397.03 rows=102 width=121)
	        Index Cond: ((id >= 8106632) AND (id <= 8106731))

table 6 : explain SELECT c FROM sbtest6 WHERE id BETWEEN 6461250 AND 6461349 ORDER BY c
	Sort  (cost=398.29..398.54 rows=102 width=121)
	  Sort Key: c
	  ->  Index Scan using sbtest6_pkey on sbtest6  (cost=0.43..394.89 rows=102 width=121)
	        Index Cond: ((id >= 6461250) AND (id <= 6461349))

table 7 : explain SELECT c FROM sbtest7 WHERE id BETWEEN 8222708 AND 8222807 ORDER BY c
	Sort  (cost=403.66..403.92 rows=104 width=121)
	  Sort Key: c
	  ->  Index Scan using sbtest7_pkey on sbtest7  (cost=0.43..400.17 rows=104 width=121)
	        Index Cond: ((id >= 8222708) AND (id <= 8222807))

table 8 : explain SELECT c FROM sbtest8 WHERE id BETWEEN 2709434 AND 2709533 ORDER BY c
	Sort  (cost=390.96..391.21 rows=100 width=121)
	  Sort Key: c
	  ->  Index Scan using sbtest8_pkey on sbtest8  (cost=0.43..387.64 rows=100 width=121)
	        Index Cond: ((id >= 2709434) AND (id <= 2709533))

explain: for point_selects :: explain SELECT c FROM sbtest%u WHERE id=%u
explain: for point_selects :: explain SELECT c FROM sbtest%u WHERE id=%u
explain: for index_updates :: explain UPDATE sbtest%u SET k=k+1 WHERE id=%u
for index_updates
table 1 : explain UPDATE sbtest1 SET k=k+1 WHERE id=5144096
	Update on sbtest1  (cost=0.43..8.46 rows=0 width=0)
	  ->  Index Scan using sbtest1_pkey on sbtest1  (cost=0.43..8.46 rows=1 width=10)
	        Index Cond: (id = 5144096)

table 2 : explain UPDATE sbtest2 SET k=k+1 WHERE id=4548138
	Update on sbtest2  (cost=0.43..8.46 rows=0 width=0)
	  ->  Index Scan using sbtest2_pkey on sbtest2  (cost=0.43..8.46 rows=1 width=10)
	        Index Cond: (id = 4548138)

table 3 : explain UPDATE sbtest3 SET k=k+1 WHERE id=5327215
	Update on sbtest3  (cost=0.43..8.46 rows=0 width=0)
	  ->  Index Scan using sbtest3_pkey on sbtest3  (cost=0.43..8.46 rows=1 width=10)
	        Index Cond: (id = 5327215)

table 4 : explain UPDATE sbtest4 SET k=k+1 WHERE id=5472822
	Update on sbtest4  (cost=0.43..8.46 rows=0 width=0)
	  ->  Index Scan using sbtest4_pkey on sbtest4  (cost=0.43..8.46 rows=1 width=10)
	        Index Cond: (id = 5472822)

table 5 : explain UPDATE sbtest5 SET k=k+1 WHERE id=7524214
	Update on sbtest5  (cost=0.43..8.46 rows=0 width=0)
	  ->  Index Scan using sbtest5_pkey on sbtest5  (cost=0.43..8.46 rows=1 width=10)
	        Index Cond: (id = 7524214)

table 6 : explain UPDATE sbtest6 SET k=k+1 WHERE id=2687452
	Update on sbtest6  (cost=0.43..8.46 rows=0 width=0)
	  ->  Index Scan using sbtest6_pkey on sbtest6  (cost=0.43..8.46 rows=1 width=10)
	        Index Cond: (id = 2687452)

table 7 : explain UPDATE sbtest7 SET k=k+1 WHERE id=2521526
	Update on sbtest7  (cost=0.43..8.46 rows=0 width=0)
	  ->  Index Scan using sbtest7_pkey on sbtest7  (cost=0.43..8.46 rows=1 width=10)
	        Index Cond: (id = 2521526)

table 8 : explain UPDATE sbtest8 SET k=k+1 WHERE id=3254424
	Update on sbtest8  (cost=0.43..8.46 rows=0 width=0)
	  ->  Index Scan using sbtest8_pkey on sbtest8  (cost=0.43..8.46 rows=1 width=10)
	        Index Cond: (id = 3254424)

for: distinct_ranges
table 1 : explain SELECT DISTINCT c FROM sbtest1 WHERE id BETWEEN 5099764 AND 5099863 ORDER BY c
	Unique  (cost=391.74..392.25 rows=101 width=121)
	  ->  Sort  (cost=391.74..392.00 rows=101 width=121)
	        Sort Key: c
	        ->  Index Scan using sbtest1_pkey on sbtest1  (cost=0.43..388.38 rows=101 width=121)
	              Index Cond: ((id >= 5099764) AND (id <= 5099863))

table 2 : explain SELECT DISTINCT c FROM sbtest2 WHERE id BETWEEN 6693879 AND 6693978 ORDER BY c
	Unique  (cost=359.51..359.97 rows=92 width=121)
	  ->  Sort  (cost=359.51..359.74 rows=92 width=121)
	        Sort Key: c
	        ->  Index Scan using sbtest2_pkey on sbtest2  (cost=0.43..356.51 rows=92 width=121)
	              Index Cond: ((id >= 6693879) AND (id <= 6693978))

table 3 : explain SELECT DISTINCT c FROM sbtest3 WHERE id BETWEEN 5521340 AND 5521439 ORDER BY c
	Unique  (cost=404.45..404.97 rows=104 width=121)
	  ->  Sort  (cost=404.45..404.71 rows=104 width=121)
	        Sort Key: c
	        ->  Index Scan using sbtest3_pkey on sbtest3  (cost=0.43..400.97 rows=104 width=121)
	              Index Cond: ((id >= 5521340) AND (id <= 5521439))

table 4 : explain SELECT DISTINCT c FROM sbtest4 WHERE id BETWEEN 9800634 AND 9800733 ORDER BY c
	Unique  (cost=375.35..375.83 rows=96 width=121)
	  ->  Sort  (cost=375.35..375.59 rows=96 width=121)
	        Sort Key: c
	        ->  Index Scan using sbtest4_pkey on sbtest4  (cost=0.43..372.19 rows=96 width=121)
	              Index Cond: ((id >= 9800634) AND (id <= 9800733))

table 5 : explain SELECT DISTINCT c FROM sbtest5 WHERE id BETWEEN 8529605 AND 8529704 ORDER BY c
	Unique  (cost=404.32..404.83 rows=103 width=121)
	  ->  Sort  (cost=404.32..404.58 rows=103 width=121)
	        Sort Key: c
	        ->  Index Scan using sbtest5_pkey on sbtest5  (cost=0.43..400.88 rows=103 width=121)
	              Index Cond: ((id >= 8529605) AND (id <= 8529704))

table 6 : explain SELECT DISTINCT c FROM sbtest6 WHERE id BETWEEN 4752401 AND 4752500 ORDER BY c
	Unique  (cost=371.24..371.71 rows=95 width=121)
	  ->  Sort  (cost=371.24..371.47 rows=95 width=121)
	        Sort Key: c
	        ->  Index Scan using sbtest6_pkey on sbtest6  (cost=0.43..368.11 rows=95 width=121)
	              Index Cond: ((id >= 4752401) AND (id <= 4752500))

table 7 : explain SELECT DISTINCT c FROM sbtest7 WHERE id BETWEEN 6532296 AND 6532395 ORDER BY c
	Unique  (cost=384.45..384.94 rows=99 width=121)
	  ->  Sort  (cost=384.45..384.69 rows=99 width=121)
	        Sort Key: c
	        ->  Index Scan using sbtest7_pkey on sbtest7  (cost=0.43..381.16 rows=99 width=121)
	              Index Cond: ((id >= 6532296) AND (id <= 6532395))

table 8 : explain SELECT DISTINCT c FROM sbtest8 WHERE id BETWEEN 7736355 AND 7736454 ORDER BY c
	Unique  (cost=344.49..344.93 rows=88 width=121)
	  ->  Sort  (cost=344.49..344.71 rows=88 width=121)
	        Sort Key: c
	        ->  Index Scan using sbtest8_pkey on sbtest8  (cost=0.43..341.65 rows=88 width=121)
	              Index Cond: ((id >= 7736355) AND (id <= 7736454))

for: simple_ranges
table 1 : explain SELECT c FROM sbtest1 WHERE id BETWEEN 9378503 AND 9378602
	Index Scan using sbtest1_pkey on sbtest1  (cost=0.43..403.57 rows=105 width=121)
	  Index Cond: ((id >= 9378503) AND (id <= 9378602))

table 2 : explain SELECT c FROM sbtest2 WHERE id BETWEEN 9905903 AND 9906002
	Index Scan using sbtest2_pkey on sbtest2  (cost=0.43..375.62 rows=97 width=121)
	  Index Cond: ((id >= 9905903) AND (id <= 9906002))

table 3 : explain SELECT c FROM sbtest3 WHERE id BETWEEN 4433297 AND 4433396
	Index Scan using sbtest3_pkey on sbtest3  (cost=0.43..362.88 rows=94 width=121)
	  Index Cond: ((id >= 4433297) AND (id <= 4433396))

table 4 : explain SELECT c FROM sbtest4 WHERE id BETWEEN 9517734 AND 9517833
	Index Scan using sbtest4_pkey on sbtest4  (cost=0.43..353.01 rows=91 width=121)
	  Index Cond: ((id >= 9517734) AND (id <= 9517833))

table 5 : explain SELECT c FROM sbtest5 WHERE id BETWEEN 2001288 AND 2001387
	Index Scan using sbtest5_pkey on sbtest5  (cost=0.43..377.80 rows=97 width=121)
	  Index Cond: ((id >= 2001288) AND (id <= 2001387))

table 6 : explain SELECT c FROM sbtest6 WHERE id BETWEEN 2188446 AND 2188545
	Index Scan using sbtest6_pkey on sbtest6  (cost=0.43..410.19 rows=106 width=121)
	  Index Cond: ((id >= 2188446) AND (id <= 2188545))

table 7 : explain SELECT c FROM sbtest7 WHERE id BETWEEN 8980167 AND 8980266
	Index Scan using sbtest7_pkey on sbtest7  (cost=0.43..373.56 rows=97 width=121)
	  Index Cond: ((id >= 8980167) AND (id <= 8980266))

table 8 : explain SELECT c FROM sbtest8 WHERE id BETWEEN 6937152 AND 6937251
	Index Scan using sbtest8_pkey on sbtest8  (cost=0.43..395.30 rows=102 width=121)
	  Index Cond: ((id >= 6937152) AND (id <= 6937251))

for: sum_ranges
table 1 : explain SELECT SUM(k) FROM sbtest1 WHERE id BETWEEN 298853 AND 298952
	Aggregate  (cost=361.98..361.99 rows=1 width=8)
	  ->  Index Scan using sbtest1_pkey on sbtest1  (cost=0.43..361.74 rows=94 width=4)
	        Index Cond: ((id >= 298853) AND (id <= 298952))

table 2 : explain SELECT SUM(k) FROM sbtest2 WHERE id BETWEEN 1423197 AND 1423296
	Aggregate  (cost=387.39..387.40 rows=1 width=8)
	  ->  Index Scan using sbtest2_pkey on sbtest2  (cost=0.43..387.14 rows=100 width=4)
	        Index Cond: ((id >= 1423197) AND (id <= 1423296))

table 3 : explain SELECT SUM(k) FROM sbtest3 WHERE id BETWEEN 9109115 AND 9109214
	Aggregate  (cost=351.68..351.69 rows=1 width=8)
	  ->  Index Scan using sbtest3_pkey on sbtest3  (cost=0.43..351.45 rows=91 width=4)
	        Index Cond: ((id >= 9109115) AND (id <= 9109214))

table 4 : explain SELECT SUM(k) FROM sbtest4 WHERE id BETWEEN 5642802 AND 5642901
	Aggregate  (cost=372.43..372.44 rows=1 width=8)
	  ->  Index Scan using sbtest4_pkey on sbtest4  (cost=0.43..372.19 rows=96 width=4)
	        Index Cond: ((id >= 5642802) AND (id <= 5642901))

table 5 : explain SELECT SUM(k) FROM sbtest5 WHERE id BETWEEN 8043832 AND 8043931
	Aggregate  (cost=393.44..393.45 rows=1 width=8)
	  ->  Index Scan using sbtest5_pkey on sbtest5  (cost=0.43..393.18 rows=101 width=4)
	        Index Cond: ((id >= 8043832) AND (id <= 8043931))

table 6 : explain SELECT SUM(k) FROM sbtest6 WHERE id BETWEEN 5856850 AND 5856949
	Aggregate  (cost=372.18..372.19 rows=1 width=8)
	  ->  Index Scan using sbtest6_pkey on sbtest6  (cost=0.43..371.94 rows=96 width=4)
	        Index Cond: ((id >= 5856850) AND (id <= 5856949))

table 7 : explain SELECT SUM(k) FROM sbtest7 WHERE id BETWEEN 7218881 AND 7218980
	Aggregate  (cost=377.61..377.62 rows=1 width=8)
	  ->  Index Scan using sbtest7_pkey on sbtest7  (cost=0.43..377.36 rows=98 width=4)
	        Index Cond: ((id >= 7218881) AND (id <= 7218980))

table 8 : explain SELECT SUM(k) FROM sbtest8 WHERE id BETWEEN 2447681 AND 2447780
	Aggregate  (cost=410.88..410.89 rows=1 width=8)
	  ->  Index Scan using sbtest8_pkey on sbtest8  (cost=0.43..410.61 rows=106 width=4)
	        Index Cond: ((id >= 2447681) AND (id <= 2447780))

explain: for index_updates :: explain UPDATE sbtest%u SET k=k+1 WHERE id=%u
for: distinct_ranges
table 1 : explain SELECT DISTINCT c FROM sbtest1 WHERE id BETWEEN 9603828 AND 9603927 ORDER BY c
	Unique  (cost=364.82..365.29 rows=94 width=121)
	  ->  Sort  (cost=364.82..365.06 rows=94 width=121)
	        Sort Key: c
	        ->  Index Scan using sbtest1_pkey on sbtest1  (cost=0.43..361.74 rows=94 width=121)
	              Index Cond: ((id >= 9603828) AND (id <= 9603927))

table 2 : explain SELECT DISTINCT c FROM sbtest2 WHERE id BETWEEN 3954309 AND 3954408 ORDER BY c
	Unique  (cost=413.65..414.18 rows=106 width=121)
	  ->  Sort  (cost=413.65..413.92 rows=106 width=121)
	        Sort Key: c
	        ->  Index Scan using sbtest2_pkey on sbtest2  (cost=0.43..410.09 rows=106 width=121)
	              Index Cond: ((id >= 3954309) AND (id <= 3954408))

table 3 : explain SELECT DISTINCT c FROM sbtest3 WHERE id BETWEEN 2960370 AND 2960469 ORDER BY c
	Unique  (cost=369.81..370.28 rows=95 width=121)
	  ->  Sort  (cost=369.81..370.04 rows=95 width=121)
	        Sort Key: c
	        ->  Index Scan using sbtest3_pkey on sbtest3  (cost=0.43..366.69 rows=95 width=121)
	              Index Cond: ((id >= 2960370) AND (id <= 2960469))

table 4 : explain SELECT DISTINCT c FROM sbtest4 WHERE id BETWEEN 6665037 AND 6665136 ORDER BY c
	Unique  (cost=375.35..375.83 rows=96 width=121)
	  ->  Sort  (cost=375.35..375.59 rows=96 width=121)
	        Sort Key: c
	        ->  Index Scan using sbtest4_pkey on sbtest4  (cost=0.43..372.19 rows=96 width=121)
	              Index Cond: ((id >= 6665037) AND (id <= 6665136))

table 5 : explain SELECT DISTINCT c FROM sbtest5 WHERE id BETWEEN 5751309 AND 5751408 ORDER BY c
	Unique  (cost=365.41..365.88 rows=93 width=121)
	  ->  Sort  (cost=365.41..365.65 rows=93 width=121)
	        Sort Key: c
	        ->  Index Scan using sbtest5_pkey on sbtest5  (cost=0.43..362.37 rows=93 width=121)
	              Index Cond: ((id >= 5751309) AND (id <= 5751408))

table 6 : explain SELECT DISTINCT c FROM sbtest6 WHERE id BETWEEN 7666544 AND 7666643 ORDER BY c
	Unique  (cost=406.02..406.54 rows=104 width=121)
	  ->  Sort  (cost=406.02..406.28 rows=104 width=121)
	        Sort Key: c
	        ->  Index Scan using sbtest6_pkey on sbtest6  (cost=0.43..402.54 rows=104 width=121)
	              Index Cond: ((id >= 7666544) AND (id <= 7666643))

table 7 : explain SELECT DISTINCT c FROM sbtest7 WHERE id BETWEEN 8230350 AND 8230449 ORDER BY c
	Unique  (cost=403.66..404.18 rows=104 width=121)
	  ->  Sort  (cost=403.66..403.92 rows=104 width=121)
	        Sort Key: c
	        ->  Index Scan using sbtest7_pkey on sbtest7  (cost=0.43..400.17 rows=104 width=121)
	              Index Cond: ((id >= 8230350) AND (id <= 8230449))

table 8 : explain SELECT DISTINCT c FROM sbtest8 WHERE id BETWEEN 6134786 AND 6134885 ORDER BY c
	Unique  (cost=398.70..399.21 rows=102 width=121)
	  ->  Sort  (cost=398.70..398.95 rows=102 width=121)
	        Sort Key: c
	        ->  Index Scan using sbtest8_pkey on sbtest8  (cost=0.43..395.30 rows=102 width=121)
	              Index Cond: ((id >= 6134786) AND (id <= 6134885))

explain: for index_updates :: explain UPDATE sbtest%u SET k=k+1 WHERE id=%u
for: distinct_ranges
table 1 : explain SELECT DISTINCT c FROM sbtest1 WHERE id BETWEEN 5622210 AND 5622309 ORDER BY c
	Unique  (cost=372.55..373.03 rows=96 width=121)
	  ->  Sort  (cost=372.55..372.79 rows=96 width=121)
	        Sort Key: c
	        ->  Index Scan using sbtest1_pkey on sbtest1  (cost=0.43..369.39 rows=96 width=121)
	              Index Cond: ((id >= 5622210) AND (id <= 5622309))

table 2 : explain SELECT DISTINCT c FROM sbtest2 WHERE id BETWEEN 2302739 AND 2302838 ORDER BY c
	Unique  (cost=413.65..414.18 rows=106 width=121)
	  ->  Sort  (cost=413.65..413.92 rows=106 width=121)
	        Sort Key: c
	        ->  Index Scan using sbtest2_pkey on sbtest2  (cost=0.43..410.09 rows=106 width=121)
	              Index Cond: ((id >= 2302739) AND (id <= 2302838))

table 3 : explain SELECT DISTINCT c FROM sbtest3 WHERE id BETWEEN 9965766 AND 9965865 ORDER BY c
	Unique  (cost=358.26..358.72 rows=92 width=121)
	  ->  Sort  (cost=358.26..358.49 rows=92 width=121)
	        Sort Key: c
	        ->  Index Scan using sbtest3_pkey on sbtest3  (cost=0.43..355.26 rows=92 width=121)
	              Index Cond: ((id >= 9965766) AND (id <= 9965865))

table 4 : explain SELECT DISTINCT c FROM sbtest4 WHERE id BETWEEN 6411848 AND 6411947 ORDER BY c
	Unique  (cost=390.82..391.32 rows=100 width=121)
	  ->  Sort  (cost=390.82..391.07 rows=100 width=121)
	        Sort Key: c
	        ->  Index Scan using sbtest4_pkey on sbtest4  (cost=0.43..387.50 rows=100 width=121)
	              Index Cond: ((id >= 6411848) AND (id <= 6411947))

table 5 : explain SELECT DISTINCT c FROM sbtest5 WHERE id BETWEEN 1558193 AND 1558292 ORDER BY c
	Unique  (cost=377.07..377.55 rows=96 width=121)
	  ->  Sort  (cost=377.07..377.31 rows=96 width=121)
	        Sort Key: c
	        ->  Index Scan using sbtest5_pkey on sbtest5  (cost=0.43..373.91 rows=96 width=121)
	              Index Cond: ((id >= 1558193) AND (id <= 1558292))

table 6 : explain SELECT DISTINCT c FROM sbtest6 WHERE id BETWEEN 421034 AND 421133 ORDER BY c
	Unique  (cost=402.16..402.67 rows=103 width=121)
	  ->  Sort  (cost=402.16..402.41 rows=103 width=121)
	        Sort Key: c
	        ->  Index Scan using sbtest6_pkey on sbtest6  (cost=0.43..398.71 rows=103 width=121)
	              Index Cond: ((id >= 421034) AND (id <= 421133))

table 7 : explain SELECT DISTINCT c FROM sbtest7 WHERE id BETWEEN 6357440 AND 6357539 ORDER BY c
	Unique  (cost=353.71..354.17 rows=91 width=121)
	  ->  Sort  (cost=353.71..353.94 rows=91 width=121)
	        Sort Key: c
	        ->  Index Scan using sbtest7_pkey on sbtest7  (cost=0.43..350.75 rows=91 width=121)
	              Index Cond: ((id >= 6357440) AND (id <= 6357539))

table 8 : explain SELECT DISTINCT c FROM sbtest8 WHERE id BETWEEN 1146870 AND 1146969 ORDER BY c
	Unique  (cost=402.57..403.08 rows=103 width=121)
	  ->  Sort  (cost=402.57..402.83 rows=103 width=121)
	        Sort Key: c
	        ->  Index Scan using sbtest8_pkey on sbtest8  (cost=0.43..399.12 rows=103 width=121)
	              Index Cond: ((id >= 1146870) AND (id <= 1146969))

for: distinct_ranges
table 1 : explain SELECT DISTINCT c FROM sbtest1 WHERE id BETWEEN 8241819 AND 8241918 ORDER BY c
	Unique  (cost=422.45..423.00 rows=109 width=121)
	  ->  Sort  (cost=422.45..422.72 rows=109 width=121)
	        Sort Key: c
	        ->  Index Scan using sbtest1_pkey on sbtest1  (cost=0.43..418.76 rows=109 width=121)
	              Index Cond: ((id >= 8241819) AND (id <= 8241918))

table 2 : explain SELECT DISTINCT c FROM sbtest2 WHERE id BETWEEN 1223028 AND 1223127 ORDER BY c
	Unique  (cost=394.33..394.84 rows=101 width=121)
	  ->  Sort  (cost=394.33..394.58 rows=101 width=121)
	        Sort Key: c
	        ->  Index Scan using sbtest2_pkey on sbtest2  (cost=0.43..390.97 rows=101 width=121)
	              Index Cond: ((id >= 1223028) AND (id <= 1223127))

table 3 : explain SELECT DISTINCT c FROM sbtest3 WHERE id BETWEEN 1277795 AND 1277894 ORDER BY c
	Unique  (cost=389.05..389.55 rows=100 width=121)
	  ->  Sort  (cost=389.05..389.30 rows=100 width=121)
	        Sort Key: c
	        ->  Index Scan using sbtest3_pkey on sbtest3  (cost=0.43..385.73 rows=100 width=121)
	              Index Cond: ((id >= 1277795) AND (id <= 1277894))

table 4 : explain SELECT DISTINCT c FROM sbtest4 WHERE id BETWEEN 5411003 AND 5411102 ORDER BY c
	Unique  (cost=367.62..368.09 rows=94 width=121)
	  ->  Sort  (cost=367.62..367.85 rows=94 width=121)
	        Sort Key: c
	        ->  Index Scan using sbtest4_pkey on sbtest4  (cost=0.43..364.54 rows=94 width=121)
	              Index Cond: ((id >= 5411003) AND (id <= 5411102))

table 5 : explain SELECT DISTINCT c FROM sbtest5 WHERE id BETWEEN 3750223 AND 3750322 ORDER BY c
	Unique  (cost=443.19..443.75 rows=113 width=121)
	  ->  Sort  (cost=443.19..443.47 rows=113 width=121)
	        Sort Key: c
	        ->  Index Scan using sbtest5_pkey on sbtest5  (cost=0.43..439.34 rows=113 width=121)
	              Index Cond: ((id >= 3750223) AND (id <= 3750322))

table 6 : explain SELECT DISTINCT c FROM sbtest6 WHERE id BETWEEN 7925709 AND 7925808 ORDER BY c
	Unique  (cost=378.96..379.45 rows=97 width=121)
	  ->  Sort  (cost=378.96..379.21 rows=97 width=121)
	        Sort Key: c
	        ->  Index Scan using sbtest6_pkey on sbtest6  (cost=0.43..375.76 rows=97 width=121)
	              Index Cond: ((id >= 7925709) AND (id <= 7925808))

table 7 : explain SELECT DISTINCT c FROM sbtest7 WHERE id BETWEEN 4570720 AND 4570819 ORDER BY c
	Unique  (cost=345.98..346.42 rows=89 width=121)
	  ->  Sort  (cost=345.98..346.20 rows=89 width=121)
	        Sort Key: c
	        ->  Index Scan using sbtest7_pkey on sbtest7  (cost=0.43..343.09 rows=89 width=121)
	              Index Cond: ((id >= 4570720) AND (id <= 4570819))

table 8 : explain SELECT DISTINCT c FROM sbtest8 WHERE id BETWEEN 472770 AND 472869 ORDER BY c
	Unique  (cost=348.36..348.80 rows=89 width=121)
	  ->  Sort  (cost=348.36..348.58 rows=89 width=121)
	        Sort Key: c
	        ->  Index Scan using sbtest8_pkey on sbtest8  (cost=0.43..345.47 rows=89 width=121)
	              Index Cond: ((id >= 472770) AND (id <= 472869))

explain: for index_updates :: explain UPDATE sbtest%u SET k=k+1 WHERE id=%u
for point_selects
table 1 : explain SELECT c FROM sbtest1 WHERE id=6841223
	Index Scan using sbtest1_pkey on sbtest1  (cost=0.43..8.45 rows=1 width=121)
	  Index Cond: (id = 6841223)

table 2 : explain SELECT c FROM sbtest2 WHERE id=8153877
	Index Scan using sbtest2_pkey on sbtest2  (cost=0.43..8.45 rows=1 width=121)
	  Index Cond: (id = 8153877)

table 3 : explain SELECT c FROM sbtest3 WHERE id=1499956
	Index Scan using sbtest3_pkey on sbtest3  (cost=0.43..8.45 rows=1 width=121)
	  Index Cond: (id = 1499956)

table 4 : explain SELECT c FROM sbtest4 WHERE id=4107337
	Index Scan using sbtest4_pkey on sbtest4  (cost=0.43..8.45 rows=1 width=121)
	  Index Cond: (id = 4107337)

table 5 : explain SELECT c FROM sbtest5 WHERE id=3068513
	Index Scan using sbtest5_pkey on sbtest5  (cost=0.43..8.45 rows=1 width=121)
	  Index Cond: (id = 3068513)

table 6 : explain SELECT c FROM sbtest6 WHERE id=4307141
	Index Scan using sbtest6_pkey on sbtest6  (cost=0.43..8.45 rows=1 width=121)
	  Index Cond: (id = 4307141)

table 7 : explain SELECT c FROM sbtest7 WHERE id=7069124
	Index Scan using sbtest7_pkey on sbtest7  (cost=0.43..8.45 rows=1 width=121)
	  Index Cond: (id = 7069124)

table 8 : explain SELECT c FROM sbtest8 WHERE id=1218781
	Index Scan using sbtest8_pkey on sbtest8  (cost=0.43..8.45 rows=1 width=121)
	  Index Cond: (id = 1218781)

for: order_ranges
table 1 : explain SELECT c FROM sbtest1 WHERE id BETWEEN 7273719 AND 7273818 ORDER BY c
	Sort  (cost=364.82..365.06 rows=94 width=121)
	  Sort Key: c
	  ->  Index Scan using sbtest1_pkey on sbtest1  (cost=0.43..361.74 rows=94 width=121)
	        Index Cond: ((id >= 7273719) AND (id <= 7273818))

table 2 : explain SELECT c FROM sbtest2 WHERE id BETWEEN 7606519 AND 7606618 ORDER BY c
	Sort  (cost=432.98..433.25 rows=111 width=121)
	  Sort Key: c
	  ->  Index Scan using sbtest2_pkey on sbtest2  (cost=0.43..429.20 rows=111 width=121)
	        Index Cond: ((id >= 7606519) AND (id <= 7606618))

table 3 : explain SELECT c FROM sbtest3 WHERE id BETWEEN 3727907 AND 3728006 ORDER BY c
	Sort  (cost=423.70..423.98 rows=109 width=121)
	  Sort Key: c
	  ->  Index Scan using sbtest3_pkey on sbtest3  (cost=0.43..420.02 rows=109 width=121)
	        Index Cond: ((id >= 3727907) AND (id <= 3728006))

table 4 : explain SELECT c FROM sbtest4 WHERE id BETWEEN 9821423 AND 9821522 ORDER BY c
	Sort  (cost=406.29..406.55 rows=104 width=121)
	  Sort Key: c
	  ->  Index Scan using sbtest4_pkey on sbtest4  (cost=0.43..402.81 rows=104 width=121)
	        Index Cond: ((id >= 9821423) AND (id <= 9821522))

table 5 : explain SELECT c FROM sbtest5 WHERE id BETWEEN 5438829 AND 5438928 ORDER BY c
	Sort  (cost=365.41..365.65 rows=93 width=121)
	  Sort Key: c
	  ->  Index Scan using sbtest5_pkey on sbtest5  (cost=0.43..362.37 rows=93 width=121)
	        Index Cond: ((id >= 5438829) AND (id <= 5438928))

table 6 : explain SELECT c FROM sbtest6 WHERE id BETWEEN 7854286 AND 7854385 ORDER BY c
	Sort  (cost=378.96..379.21 rows=97 width=121)
	  Sort Key: c
	  ->  Index Scan using sbtest6_pkey on sbtest6  (cost=0.43..375.76 rows=97 width=121)
	        Index Cond: ((id >= 7854286) AND (id <= 7854385))

table 7 : explain SELECT c FROM sbtest7 WHERE id BETWEEN 8840119 AND 8840218 ORDER BY c
	Sort  (cost=342.14..342.36 rows=88 width=121)
	  Sort Key: c
	  ->  Index Scan using sbtest7_pkey on sbtest7  (cost=0.43..339.29 rows=88 width=121)
	        Index Cond: ((id >= 8840119) AND (id <= 8840218))

table 8 : explain SELECT c FROM sbtest8 WHERE id BETWEEN 3492724 AND 3492823 ORDER BY c
	Sort  (cost=371.57..371.80 rows=95 width=121)
	  Sort Key: c
	  ->  Index Scan using sbtest8_pkey on sbtest8  (cost=0.43..368.45 rows=95 width=121)
	        Index Cond: ((id >= 3492724) AND (id <= 3492823))

for index_updates
table 1 : explain UPDATE sbtest1 SET k=k+1 WHERE id=399836
	Update on sbtest1  (cost=0.43..8.46 rows=0 width=0)
	  ->  Index Scan using sbtest1_pkey on sbtest1  (cost=0.43..8.46 rows=1 width=10)
	        Index Cond: (id = 399836)

table 2 : explain UPDATE sbtest2 SET k=k+1 WHERE id=6181298
	Update on sbtest2  (cost=0.43..8.46 rows=0 width=0)
	  ->  Index Scan using sbtest2_pkey on sbtest2  (cost=0.43..8.46 rows=1 width=10)
	        Index Cond: (id = 6181298)

table 3 : explain UPDATE sbtest3 SET k=k+1 WHERE id=8173316
	Update on sbtest3  (cost=0.43..8.46 rows=0 width=0)
	  ->  Index Scan using sbtest3_pkey on sbtest3  (cost=0.43..8.46 rows=1 width=10)
	        Index Cond: (id = 8173316)

table 4 : explain UPDATE sbtest4 SET k=k+1 WHERE id=8168843
	Update on sbtest4  (cost=0.43..8.46 rows=0 width=0)
	  ->  Index Scan using sbtest4_pkey on sbtest4  (cost=0.43..8.46 rows=1 width=10)
	        Index Cond: (id = 8168843)

table 5 : explain UPDATE sbtest5 SET k=k+1 WHERE id=7966154
	Update on sbtest5  (cost=0.43..8.46 rows=0 width=0)
	  ->  Index Scan using sbtest5_pkey on sbtest5  (cost=0.43..8.46 rows=1 width=10)
	        Index Cond: (id = 7966154)

table 6 : explain UPDATE sbtest6 SET k=k+1 WHERE id=9338949
	Update on sbtest6  (cost=0.43..8.46 rows=0 width=0)
	  ->  Index Scan using sbtest6_pkey on sbtest6  (cost=0.43..8.46 rows=1 width=10)
	        Index Cond: (id = 9338949)

table 7 : explain UPDATE sbtest7 SET k=k+1 WHERE id=2713800
	Update on sbtest7  (cost=0.43..8.46 rows=0 width=0)
	  ->  Index Scan using sbtest7_pkey on sbtest7  (cost=0.43..8.46 rows=1 width=10)
	        Index Cond: (id = 2713800)

table 8 : explain UPDATE sbtest8 SET k=k+1 WHERE id=712765
	Update on sbtest8  (cost=0.43..8.46 rows=0 width=0)
	  ->  Index Scan using sbtest8_pkey on sbtest8  (cost=0.43..8.46 rows=1 width=10)
	        Index Cond: (id = 712765)

for: sum_ranges
table 1 : explain SELECT SUM(k) FROM sbtest1 WHERE id BETWEEN 5202205 AND 5202304
	Aggregate  (cost=419.03..419.04 rows=1 width=8)
	  ->  Index Scan using sbtest1_pkey on sbtest1  (cost=0.43..418.76 rows=109 width=4)
	        Index Cond: ((id >= 5202205) AND (id <= 5202304))

table 2 : explain SELECT SUM(k) FROM sbtest2 WHERE id BETWEEN 6206026 AND 6206125
	Aggregate  (cost=375.92..375.93 rows=1 width=8)
	  ->  Index Scan using sbtest2_pkey on sbtest2  (cost=0.43..375.67 rows=97 width=4)
	        Index Cond: ((id >= 6206026) AND (id <= 6206125))

table 3 : explain SELECT SUM(k) FROM sbtest3 WHERE id BETWEEN 3201936 AND 3202035
	Aggregate  (cost=347.86..347.87 rows=1 width=8)
	  ->  Index Scan using sbtest3_pkey on sbtest3  (cost=0.43..347.64 rows=90 width=4)
	        Index Cond: ((id >= 3201936) AND (id <= 3202035))

table 4 : explain SELECT SUM(k) FROM sbtest4 WHERE id BETWEEN 1319857 AND 1319956
	Aggregate  (cost=441.37..441.38 rows=1 width=8)
	  ->  Index Scan using sbtest4_pkey on sbtest4  (cost=0.43..441.08 rows=114 width=4)
	        Index Cond: ((id >= 1319857) AND (id <= 1319956))

table 5 : explain SELECT SUM(k) FROM sbtest5 WHERE id BETWEEN 9471910 AND 9472009
	Aggregate  (cost=404.98..404.99 rows=1 width=8)
	  ->  Index Scan using sbtest5_pkey on sbtest5  (cost=0.43..404.72 rows=104 width=4)
	        Index Cond: ((id >= 9471910) AND (id <= 9472009))

table 6 : explain SELECT SUM(k) FROM sbtest6 WHERE id BETWEEN 5536437 AND 5536536
	Aggregate  (cost=398.97..398.98 rows=1 width=8)
	  ->  Index Scan using sbtest6_pkey on sbtest6  (cost=0.43..398.71 rows=103 width=4)
	        Index Cond: ((id >= 5536437) AND (id <= 5536536))

table 7 : explain SELECT SUM(k) FROM sbtest7 WHERE id BETWEEN 9388398 AND 9388497
	Aggregate  (cost=396.63..396.64 rows=1 width=8)
	  ->  Index Scan using sbtest7_pkey on sbtest7  (cost=0.43..396.37 rows=103 width=4)
	        Index Cond: ((id >= 9388398) AND (id <= 9388497))

table 8 : explain SELECT SUM(k) FROM sbtest8 WHERE id BETWEEN 7560138 AND 7560237
	Aggregate  (cost=372.52..372.53 rows=1 width=8)
	  ->  Index Scan using sbtest8_pkey on sbtest8  (cost=0.43..372.28 rows=96 width=4)
	        Index Cond: ((id >= 7560138) AND (id <= 7560237))

explain: for non_index_updates :: explain UPDATE sbtest%u SET c='foobar' WHERE id=%u
explain: for non_index_updates :: explain UPDATE sbtest%u SET c='foobar' WHERE id=%u
for: distinct_ranges
table 1 : explain SELECT DISTINCT c FROM sbtest1 WHERE id BETWEEN 2539622 AND 2539721 ORDER BY c
	Unique  (cost=387.91..388.41 rows=100 width=121)
	  ->  Sort  (cost=387.91..388.16 rows=100 width=121)
	        Sort Key: c
	        ->  Index Scan using sbtest1_pkey on sbtest1  (cost=0.43..384.58 rows=100 width=121)
	              Index Cond: ((id >= 2539622) AND (id <= 2539721))

table 2 : explain SELECT DISTINCT c FROM sbtest2 WHERE id BETWEEN 7648088 AND 7648187 ORDER BY c
	Unique  (cost=432.98..433.53 rows=111 width=121)
	  ->  Sort  (cost=432.98..433.25 rows=111 width=121)
	        Sort Key: c
	        ->  Index Scan using sbtest2_pkey on sbtest2  (cost=0.43..429.20 rows=111 width=121)
	              Index Cond: ((id >= 7648088) AND (id <= 7648187))

table 3 : explain SELECT DISTINCT c FROM sbtest3 WHERE id BETWEEN 2587893 AND 2587992 ORDER BY c
	Unique  (cost=389.05..389.55 rows=100 width=121)
	  ->  Sort  (cost=389.05..389.30 rows=100 width=121)
	        Sort Key: c
	        ->  Index Scan using sbtest3_pkey on sbtest3  (cost=0.43..385.73 rows=100 width=121)
	              Index Cond: ((id >= 2587893) AND (id <= 2587992))

table 4 : explain SELECT DISTINCT c FROM sbtest4 WHERE id BETWEEN 3246728 AND 3246827 ORDER BY c
	Unique  (cost=386.96..387.45 rows=99 width=121)
	  ->  Sort  (cost=386.96..387.20 rows=99 width=121)
	        Sort Key: c
	        ->  Index Scan using sbtest4_pkey on sbtest4  (cost=0.43..383.67 rows=99 width=121)
	              Index Cond: ((id >= 3246728) AND (id <= 3246827))

table 5 : explain SELECT DISTINCT c FROM sbtest5 WHERE id BETWEEN 9088422 AND 9088521 ORDER BY c
	Unique  (cost=349.87..350.32 rows=89 width=121)
	  ->  Sort  (cost=349.87..350.09 rows=89 width=121)
	        Sort Key: c
	        ->  Index Scan using sbtest5_pkey on sbtest5  (cost=0.43..346.99 rows=89 width=121)
	              Index Cond: ((id >= 9088422) AND (id <= 9088521))

table 6 : explain SELECT DISTINCT c FROM sbtest6 WHERE id BETWEEN 7820648 AND 7820747 ORDER BY c
	Unique  (cost=390.56..391.06 rows=100 width=121)
	  ->  Sort  (cost=390.56..390.81 rows=100 width=121)
	        Sort Key: c
	        ->  Index Scan using sbtest6_pkey on sbtest6  (cost=0.43..387.24 rows=100 width=121)
	              Index Cond: ((id >= 7820648) AND (id <= 7820747))

table 7 : explain SELECT DISTINCT c FROM sbtest7 WHERE id BETWEEN 5013921 AND 5014020 ORDER BY c
	Unique  (cost=415.18..415.72 rows=107 width=121)
	  ->  Sort  (cost=415.18..415.45 rows=107 width=121)
	        Sort Key: c
	        ->  Index Scan using sbtest7_pkey on sbtest7  (cost=0.43..411.58 rows=107 width=121)
	              Index Cond: ((id >= 5013921) AND (id <= 5014020))

table 8 : explain SELECT DISTINCT c FROM sbtest8 WHERE id BETWEEN 1736711 AND 1736810 ORDER BY c
	Unique  (cost=418.05..418.58 rows=107 width=121)
	  ->  Sort  (cost=418.05..418.31 rows=107 width=121)
	        Sort Key: c
	        ->  Index Scan using sbtest8_pkey on sbtest8  (cost=0.43..414.44 rows=107 width=121)
	              Index Cond: ((id >= 1736711) AND (id <= 1736810))

for index_updates
table 1 : explain UPDATE sbtest1 SET k=k+1 WHERE id=3503729
	Update on sbtest1  (cost=0.43..8.46 rows=0 width=0)
	  ->  Index Scan using sbtest1_pkey on sbtest1  (cost=0.43..8.46 rows=1 width=10)
	        Index Cond: (id = 3503729)

table 2 : explain UPDATE sbtest2 SET k=k+1 WHERE id=7915164
	Update on sbtest2  (cost=0.43..8.46 rows=0 width=0)
	  ->  Index Scan using sbtest2_pkey on sbtest2  (cost=0.43..8.46 rows=1 width=10)
	        Index Cond: (id = 7915164)

table 3 : explain UPDATE sbtest3 SET k=k+1 WHERE id=6511035
	Update on sbtest3  (cost=0.43..8.46 rows=0 width=0)
	  ->  Index Scan using sbtest3_pkey on sbtest3  (cost=0.43..8.46 rows=1 width=10)
	        Index Cond: (id = 6511035)

table 4 : explain UPDATE sbtest4 SET k=k+1 WHERE id=5398158
	Update on sbtest4  (cost=0.43..8.46 rows=0 width=0)
	  ->  Index Scan using sbtest4_pkey on sbtest4  (cost=0.43..8.46 rows=1 width=10)
	        Index Cond: (id = 5398158)

table 5 : explain UPDATE sbtest5 SET k=k+1 WHERE id=5301579
	Update on sbtest5  (cost=0.43..8.46 rows=0 width=0)
	  ->  Index Scan using sbtest5_pkey on sbtest5  (cost=0.43..8.46 rows=1 width=10)
	        Index Cond: (id = 5301579)

table 6 : explain UPDATE sbtest6 SET k=k+1 WHERE id=9746522
	Update on sbtest6  (cost=0.43..8.46 rows=0 width=0)
	  ->  Index Scan using sbtest6_pkey on sbtest6  (cost=0.43..8.46 rows=1 width=10)
	        Index Cond: (id = 9746522)

table 7 : explain UPDATE sbtest7 SET k=k+1 WHERE id=4896669
	Update on sbtest7  (cost=0.43..8.46 rows=0 width=0)
	  ->  Index Scan using sbtest7_pkey on sbtest7  (cost=0.43..8.46 rows=1 width=10)
	        Index Cond: (id = 4896669)

table 8 : explain UPDATE sbtest8 SET k=k+1 WHERE id=8047277
	Update on sbtest8  (cost=0.43..8.46 rows=0 width=0)
	  ->  Index Scan using sbtest8_pkey on sbtest8  (cost=0.43..8.46 rows=1 width=10)
	        Index Cond: (id = 8047277)

for index_updates
table 1 : explain UPDATE sbtest1 SET k=k+1 WHERE id=53612
	Update on sbtest1  (cost=0.43..8.46 rows=0 width=0)
	  ->  Index Scan using sbtest1_pkey on sbtest1  (cost=0.43..8.46 rows=1 width=10)
	        Index Cond: (id = 53612)

table 2 : explain UPDATE sbtest2 SET k=k+1 WHERE id=1721570
	Update on sbtest2  (cost=0.43..8.46 rows=0 width=0)
	  ->  Index Scan using sbtest2_pkey on sbtest2  (cost=0.43..8.46 rows=1 width=10)
	        Index Cond: (id = 1721570)

table 3 : explain UPDATE sbtest3 SET k=k+1 WHERE id=9507307
	Update on sbtest3  (cost=0.43..8.46 rows=0 width=0)
	  ->  Index Scan using sbtest3_pkey on sbtest3  (cost=0.43..8.46 rows=1 width=10)
	        Index Cond: (id = 9507307)

table 4 : explain UPDATE sbtest4 SET k=k+1 WHERE id=9496906
	Update on sbtest4  (cost=0.43..8.46 rows=0 width=0)
	  ->  Index Scan using sbtest4_pkey on sbtest4  (cost=0.43..8.46 rows=1 width=10)
	        Index Cond: (id = 9496906)

table 5 : explain UPDATE sbtest5 SET k=k+1 WHERE id=2987401
	Update on sbtest5  (cost=0.43..8.46 rows=0 width=0)
	  ->  Index Scan using sbtest5_pkey on sbtest5  (cost=0.43..8.46 rows=1 width=10)
	        Index Cond: (id = 2987401)

table 6 : explain UPDATE sbtest6 SET k=k+1 WHERE id=8433969
	Update on sbtest6  (cost=0.43..8.46 rows=0 width=0)
	  ->  Index Scan using sbtest6_pkey on sbtest6  (cost=0.43..8.46 rows=1 width=10)
	        Index Cond: (id = 8433969)

table 7 : explain UPDATE sbtest7 SET k=k+1 WHERE id=3744333
	Update on sbtest7  (cost=0.43..8.46 rows=0 width=0)
	  ->  Index Scan using sbtest7_pkey on sbtest7  (cost=0.43..8.46 rows=1 width=10)
	        Index Cond: (id = 3744333)

table 8 : explain UPDATE sbtest8 SET k=k+1 WHERE id=3418422
	Update on sbtest8  (cost=0.43..8.46 rows=0 width=0)
	  ->  Index Scan using sbtest8_pkey on sbtest8  (cost=0.43..8.46 rows=1 width=10)
	        Index Cond: (id = 3418422)

explain: for index_updates :: explain UPDATE sbtest%u SET k=k+1 WHERE id=%u
for: simple_ranges
table 1 : explain SELECT c FROM sbtest1 WHERE id BETWEEN 6992441 AND 6992540
	Index Scan using sbtest1_pkey on sbtest1  (cost=0.43..388.38 rows=101 width=121)
	  Index Cond: ((id >= 6992441) AND (id <= 6992540))

table 2 : explain SELECT c FROM sbtest2 WHERE id BETWEEN 2061656 AND 2061755
	Index Scan using sbtest2_pkey on sbtest2  (cost=0.43..398.62 rows=103 width=121)
	  Index Cond: ((id >= 2061656) AND (id <= 2061755))

table 3 : explain SELECT c FROM sbtest3 WHERE id BETWEEN 1019403 AND 1019502
	Index Scan using sbtest3_pkey on sbtest3  (cost=0.43..404.78 rows=105 width=121)
	  Index Cond: ((id >= 1019403) AND (id <= 1019502))

table 4 : explain SELECT c FROM sbtest4 WHERE id BETWEEN 8470174 AND 8470273
	Index Scan using sbtest4_pkey on sbtest4  (cost=0.43..372.19 rows=96 width=121)
	  Index Cond: ((id >= 8470174) AND (id <= 8470273))

table 5 : explain SELECT c FROM sbtest5 WHERE id BETWEEN 5052833 AND 5052932
	Index Scan using sbtest5_pkey on sbtest5  (cost=0.43..366.22 rows=94 width=121)
	  Index Cond: ((id >= 5052833) AND (id <= 5052932))

table 6 : explain SELECT c FROM sbtest6 WHERE id BETWEEN 7845403 AND 7845502
	Index Scan using sbtest6_pkey on sbtest6  (cost=0.43..375.76 rows=97 width=121)
	  Index Cond: ((id >= 7845403) AND (id <= 7845502))

table 7 : explain SELECT c FROM sbtest7 WHERE id BETWEEN 667636 AND 667735
	Index Scan using sbtest7_pkey on sbtest7  (cost=0.43..464.85 rows=121 width=121)
	  Index Cond: ((id >= 667636) AND (id <= 667735))

table 8 : explain SELECT c FROM sbtest8 WHERE id BETWEEN 4931349 AND 4931448
	Index Scan using sbtest8_pkey on sbtest8  (cost=0.43..356.96 rows=92 width=121)
	  Index Cond: ((id >= 4931349) AND (id <= 4931448))

explain: for index_updates :: explain UPDATE sbtest%u SET k=k+1 WHERE id=%u
explain: for non_index_updates :: explain UPDATE sbtest%u SET c='foobar' WHERE id=%u
for non_index_updates
table 1 : explain UPDATE sbtest1 SET c='foobar' WHERE id=3094142
	Update on sbtest1  (cost=0.43..8.45 rows=0 width=0)
	  ->  Index Scan using sbtest1_pkey on sbtest1  (cost=0.43..8.45 rows=1 width=490)
	        Index Cond: (id = 3094142)

table 2 : explain UPDATE sbtest2 SET c='foobar' WHERE id=5203900
	Update on sbtest2  (cost=0.43..8.45 rows=0 width=0)
	  ->  Index Scan using sbtest2_pkey on sbtest2  (cost=0.43..8.45 rows=1 width=490)
	        Index Cond: (id = 5203900)

table 3 : explain UPDATE sbtest3 SET c='foobar' WHERE id=538283
	Update on sbtest3  (cost=0.43..8.45 rows=0 width=0)
	  ->  Index Scan using sbtest3_pkey on sbtest3  (cost=0.43..8.45 rows=1 width=490)
	        Index Cond: (id = 538283)

table 4 : explain UPDATE sbtest4 SET c='foobar' WHERE id=1497189
	Update on sbtest4  (cost=0.43..8.45 rows=0 width=0)
	  ->  Index Scan using sbtest4_pkey on sbtest4  (cost=0.43..8.45 rows=1 width=490)
	        Index Cond: (id = 1497189)

table 5 : explain UPDATE sbtest5 SET c='foobar' WHERE id=5678314
	Update on sbtest5  (cost=0.43..8.45 rows=0 width=0)
	  ->  Index Scan using sbtest5_pkey on sbtest5  (cost=0.43..8.45 rows=1 width=490)
	        Index Cond: (id = 5678314)

table 6 : explain UPDATE sbtest6 SET c='foobar' WHERE id=5240477
	Update on sbtest6  (cost=0.43..8.45 rows=0 width=0)
	  ->  Index Scan using sbtest6_pkey on sbtest6  (cost=0.43..8.45 rows=1 width=490)
	        Index Cond: (id = 5240477)

table 7 : explain UPDATE sbtest7 SET c='foobar' WHERE id=3663924
	Update on sbtest7  (cost=0.43..8.45 rows=0 width=0)
	  ->  Index Scan using sbtest7_pkey on sbtest7  (cost=0.43..8.45 rows=1 width=490)
	        Index Cond: (id = 3663924)

table 8 : explain UPDATE sbtest8 SET c='foobar' WHERE id=9924291
	Update on sbtest8  (cost=0.43..8.45 rows=0 width=0)
	  ->  Index Scan using sbtest8_pkey on sbtest8  (cost=0.43..8.45 rows=1 width=490)
	        Index Cond: (id = 9924291)

for: distinct_ranges
table 1 : explain SELECT DISTINCT c FROM sbtest1 WHERE id BETWEEN 831076 AND 831175 ORDER BY c
	Unique  (cost=399.42..399.93 rows=103 width=121)
	  ->  Sort  (cost=399.42..399.68 rows=103 width=121)
	        Sort Key: c
	        ->  Index Scan using sbtest1_pkey on sbtest1  (cost=0.43..395.98 rows=103 width=121)
	              Index Cond: ((id >= 831076) AND (id <= 831175))

table 2 : explain SELECT DISTINCT c FROM sbtest2 WHERE id BETWEEN 1595943 AND 1596042 ORDER BY c
	Unique  (cost=328.60..329.02 rows=84 width=121)
	  ->  Sort  (cost=328.60..328.81 rows=84 width=121)
	        Sort Key: c
	        ->  Index Scan using sbtest2_pkey on sbtest2  (cost=0.43..325.92 rows=84 width=121)
	              Index Cond: ((id >= 1595943) AND (id <= 1596042))

table 3 : explain SELECT DISTINCT c FROM sbtest3 WHERE id BETWEEN 4496962 AND 4497061 ORDER BY c
	Unique  (cost=358.26..358.72 rows=92 width=121)
	  ->  Sort  (cost=358.26..358.49 rows=92 width=121)
	        Sort Key: c
	        ->  Index Scan using sbtest3_pkey on sbtest3  (cost=0.43..355.26 rows=92 width=121)
	              Index Cond: ((id >= 4496962) AND (id <= 4497061))

table 4 : explain SELECT DISTINCT c FROM sbtest4 WHERE id BETWEEN 4600180 AND 4600279 ORDER BY c
	Unique  (cost=375.35..375.83 rows=96 width=121)
	  ->  Sort  (cost=375.35..375.59 rows=96 width=121)
	        Sort Key: c
	        ->  Index Scan using sbtest4_pkey on sbtest4  (cost=0.43..372.19 rows=96 width=121)
	              Index Cond: ((id >= 4600180) AND (id <= 4600279))

table 5 : explain SELECT DISTINCT c FROM sbtest5 WHERE id BETWEEN 6458863 AND 6458962 ORDER BY c
	Unique  (cost=404.32..404.83 rows=103 width=121)
	  ->  Sort  (cost=404.32..404.58 rows=103 width=121)
	        Sort Key: c
	        ->  Index Scan using sbtest5_pkey on sbtest5  (cost=0.43..400.88 rows=103 width=121)
	              Index Cond: ((id >= 6458863) AND (id <= 6458962))

table 6 : explain SELECT DISTINCT c FROM sbtest6 WHERE id BETWEEN 7552582 AND 7552681 ORDER BY c
	Unique  (cost=398.29..398.80 rows=102 width=121)
	  ->  Sort  (cost=398.29..398.54 rows=102 width=121)
	        Sort Key: c
	        ->  Index Scan using sbtest6_pkey on sbtest6  (cost=0.43..394.89 rows=102 width=121)
	              Index Cond: ((id >= 7552582) AND (id <= 7552681))

table 7 : explain SELECT DISTINCT c FROM sbtest7 WHERE id BETWEEN 1965645 AND 1965744 ORDER BY c
	Unique  (cost=392.13..392.63 rows=101 width=121)
	  ->  Sort  (cost=392.13..392.38 rows=101 width=121)
	        Sort Key: c
	        ->  Index Scan using sbtest7_pkey on sbtest7  (cost=0.43..388.77 rows=101 width=121)
	              Index Cond: ((id >= 1965645) AND (id <= 1965744))

table 8 : explain SELECT DISTINCT c FROM sbtest8 WHERE id BETWEEN 3327127 AND 3327226 ORDER BY c
	Unique  (cost=394.83..395.33 rows=101 width=121)
	  ->  Sort  (cost=394.83..395.08 rows=101 width=121)
	        Sort Key: c
	        ->  Index Scan using sbtest8_pkey on sbtest8  (cost=0.43..391.47 rows=101 width=121)
	              Index Cond: ((id >= 3327127) AND (id <= 3327226))

explain: for deletes :: explain DELETE FROM sbtest%u WHERE id=%u
for: order_ranges
table 1 : explain SELECT c FROM sbtest1 WHERE id BETWEEN 9718345 AND 9718444 ORDER BY c
	Sort  (cost=391.74..392.00 rows=101 width=121)
	  Sort Key: c
	  ->  Index Scan using sbtest1_pkey on sbtest1  (cost=0.43..388.38 rows=101 width=121)
	        Index Cond: ((id >= 9718345) AND (id <= 9718444))

table 2 : explain SELECT c FROM sbtest2 WHERE id BETWEEN 7260883 AND 7260982 ORDER BY c
	Sort  (cost=390.47..390.72 rows=100 width=121)
	  Sort Key: c
	  ->  Index Scan using sbtest2_pkey on sbtest2  (cost=0.43..387.14 rows=100 width=121)
	        Index Cond: ((id >= 7260883) AND (id <= 7260982))

table 3 : explain SELECT c FROM sbtest3 WHERE id BETWEEN 4554805 AND 4554904 ORDER BY c
	Sort  (cost=358.26..358.49 rows=92 width=121)
	  Sort Key: c
	  ->  Index Scan using sbtest3_pkey on sbtest3  (cost=0.43..355.26 rows=92 width=121)
	        Index Cond: ((id >= 4554805) AND (id <= 4554904))

table 4 : explain SELECT c FROM sbtest4 WHERE id BETWEEN 4247729 AND 4247828 ORDER BY c
	Sort  (cost=379.22..379.46 rows=97 width=121)
	  Sort Key: c
	  ->  Index Scan using sbtest4_pkey on sbtest4  (cost=0.43..376.02 rows=97 width=121)
	        Index Cond: ((id >= 4247729) AND (id <= 4247828))

table 5 : explain SELECT c FROM sbtest5 WHERE id BETWEEN 3608042 AND 3608141 ORDER BY c
	Sort  (cost=431.53..431.80 rows=110 width=121)
	  Sort Key: c
	  ->  Index Scan using sbtest5_pkey on sbtest5  (cost=0.43..427.80 rows=110 width=121)
	        Index Cond: ((id >= 3608042) AND (id <= 3608141))

table 6 : explain SELECT c FROM sbtest6 WHERE id BETWEEN 6866916 AND 6867015 ORDER BY c
	Sort  (cost=394.42..394.68 rows=101 width=121)
	  Sort Key: c
	  ->  Index Scan using sbtest6_pkey on sbtest6  (cost=0.43..391.06 rows=101 width=121)
	        Index Cond: ((id >= 6866916) AND (id <= 6867015))

table 7 : explain SELECT c FROM sbtest7 WHERE id BETWEEN 4352494 AND 4352593 ORDER BY c
	Sort  (cost=449.77..450.06 rows=116 width=121)
	  Sort Key: c
	  ->  Index Scan using sbtest7_pkey on sbtest7  (cost=0.43..445.79 rows=116 width=121)
	        Index Cond: ((id >= 4352494) AND (id <= 4352593))

table 8 : explain SELECT c FROM sbtest8 WHERE id BETWEEN 1204438 AND 1204537 ORDER BY c
	Sort  (cost=383.22..383.47 rows=98 width=121)
	  Sort Key: c
	  ->  Index Scan using sbtest8_pkey on sbtest8  (cost=0.43..379.98 rows=98 width=121)
	        Index Cond: ((id >= 1204438) AND (id <= 1204537))

explain: for index_updates :: explain UPDATE sbtest%u SET k=k+1 WHERE id=%u
for index_updates
table 1 : explain UPDATE sbtest1 SET k=k+1 WHERE id=9233011
	Update on sbtest1  (cost=0.43..8.46 rows=0 width=0)
	  ->  Index Scan using sbtest1_pkey on sbtest1  (cost=0.43..8.46 rows=1 width=10)
	        Index Cond: (id = 9233011)

table 2 : explain UPDATE sbtest2 SET k=k+1 WHERE id=3884203
	Update on sbtest2  (cost=0.43..8.46 rows=0 width=0)
	  ->  Index Scan using sbtest2_pkey on sbtest2  (cost=0.43..8.46 rows=1 width=10)
	        Index Cond: (id = 3884203)

table 3 : explain UPDATE sbtest3 SET k=k+1 WHERE id=8493751
	Update on sbtest3  (cost=0.43..8.46 rows=0 width=0)
	  ->  Index Scan using sbtest3_pkey on sbtest3  (cost=0.43..8.46 rows=1 width=10)
	        Index Cond: (id = 8493751)

table 4 : explain UPDATE sbtest4 SET k=k+1 WHERE id=8839213
	Update on sbtest4  (cost=0.43..8.46 rows=0 width=0)
	  ->  Index Scan using sbtest4_pkey on sbtest4  (cost=0.43..8.46 rows=1 width=10)
	        Index Cond: (id = 8839213)

table 5 : explain UPDATE sbtest5 SET k=k+1 WHERE id=4692801
	Update on sbtest5  (cost=0.43..8.46 rows=0 width=0)
	  ->  Index Scan using sbtest5_pkey on sbtest5  (cost=0.43..8.46 rows=1 width=10)
	        Index Cond: (id = 4692801)

table 6 : explain UPDATE sbtest6 SET k=k+1 WHERE id=2860408
	Update on sbtest6  (cost=0.43..8.46 rows=0 width=0)
	  ->  Index Scan using sbtest6_pkey on sbtest6  (cost=0.43..8.46 rows=1 width=10)
	        Index Cond: (id = 2860408)

table 7 : explain UPDATE sbtest7 SET k=k+1 WHERE id=5354491
	Update on sbtest7  (cost=0.43..8.46 rows=0 width=0)
	  ->  Index Scan using sbtest7_pkey on sbtest7  (cost=0.43..8.46 rows=1 width=10)
	        Index Cond: (id = 5354491)

table 8 : explain UPDATE sbtest8 SET k=k+1 WHERE id=5098418
	Update on sbtest8  (cost=0.43..8.46 rows=0 width=0)
	  ->  Index Scan using sbtest8_pkey on sbtest8  (cost=0.43..8.46 rows=1 width=10)
	        Index Cond: (id = 5098418)

for non_index_updates
table 1 : explain UPDATE sbtest1 SET c='foobar' WHERE id=4585441
	Update on sbtest1  (cost=0.43..8.45 rows=0 width=0)
	  ->  Index Scan using sbtest1_pkey on sbtest1  (cost=0.43..8.45 rows=1 width=490)
	        Index Cond: (id = 4585441)

table 2 : explain UPDATE sbtest2 SET c='foobar' WHERE id=9434823
	Update on sbtest2  (cost=0.43..8.45 rows=0 width=0)
	  ->  Index Scan using sbtest2_pkey on sbtest2  (cost=0.43..8.45 rows=1 width=490)
	        Index Cond: (id = 9434823)

table 3 : explain UPDATE sbtest3 SET c='foobar' WHERE id=4764031
	Update on sbtest3  (cost=0.43..8.45 rows=0 width=0)
	  ->  Index Scan using sbtest3_pkey on sbtest3  (cost=0.43..8.45 rows=1 width=490)
	        Index Cond: (id = 4764031)

table 4 : explain UPDATE sbtest4 SET c='foobar' WHERE id=3543685
	Update on sbtest4  (cost=0.43..8.45 rows=0 width=0)
	  ->  Index Scan using sbtest4_pkey on sbtest4  (cost=0.43..8.45 rows=1 width=490)
	        Index Cond: (id = 3543685)

table 5 : explain UPDATE sbtest5 SET c='foobar' WHERE id=4907855
	Update on sbtest5  (cost=0.43..8.45 rows=0 width=0)
	  ->  Index Scan using sbtest5_pkey on sbtest5  (cost=0.43..8.45 rows=1 width=490)
	        Index Cond: (id = 4907855)

table 6 : explain UPDATE sbtest6 SET c='foobar' WHERE id=4874713
	Update on sbtest6  (cost=0.43..8.45 rows=0 width=0)
	  ->  Index Scan using sbtest6_pkey on sbtest6  (cost=0.43..8.45 rows=1 width=490)
	        Index Cond: (id = 4874713)

table 7 : explain UPDATE sbtest7 SET c='foobar' WHERE id=1307289
	Update on sbtest7  (cost=0.43..8.45 rows=0 width=0)
	  ->  Index Scan using sbtest7_pkey on sbtest7  (cost=0.43..8.45 rows=1 width=490)
	        Index Cond: (id = 1307289)

table 8 : explain UPDATE sbtest8 SET c='foobar' WHERE id=7567333
	Update on sbtest8  (cost=0.43..8.45 rows=0 width=0)
	  ->  Index Scan using sbtest8_pkey on sbtest8  (cost=0.43..8.45 rows=1 width=490)
	        Index Cond: (id = 7567333)

for deletes
table 1 : explain DELETE FROM sbtest1 WHERE id=3786817
	Delete on sbtest1  (cost=0.43..8.45 rows=0 width=0)
	  ->  Index Scan using sbtest1_pkey on sbtest1  (cost=0.43..8.45 rows=1 width=6)
	        Index Cond: (id = 3786817)

table 2 : explain DELETE FROM sbtest2 WHERE id=3543424
	Delete on sbtest2  (cost=0.43..8.45 rows=0 width=0)
	  ->  Index Scan using sbtest2_pkey on sbtest2  (cost=0.43..8.45 rows=1 width=6)
	        Index Cond: (id = 3543424)

table 3 : explain DELETE FROM sbtest3 WHERE id=3296592
	Delete on sbtest3  (cost=0.43..8.45 rows=0 width=0)
	  ->  Index Scan using sbtest3_pkey on sbtest3  (cost=0.43..8.45 rows=1 width=6)
	        Index Cond: (id = 3296592)

table 4 : explain DELETE FROM sbtest4 WHERE id=1704419
	Delete on sbtest4  (cost=0.43..8.45 rows=0 width=0)
	  ->  Index Scan using sbtest4_pkey on sbtest4  (cost=0.43..8.45 rows=1 width=6)
	        Index Cond: (id = 1704419)

table 5 : explain DELETE FROM sbtest5 WHERE id=1904452
	Delete on sbtest5  (cost=0.43..8.45 rows=0 width=0)
	  ->  Index Scan using sbtest5_pkey on sbtest5  (cost=0.43..8.45 rows=1 width=6)
	        Index Cond: (id = 1904452)

table 6 : explain DELETE FROM sbtest6 WHERE id=4411037
	Delete on sbtest6  (cost=0.43..8.45 rows=0 width=0)
	  ->  Index Scan using sbtest6_pkey on sbtest6  (cost=0.43..8.45 rows=1 width=6)
	        Index Cond: (id = 4411037)

table 7 : explain DELETE FROM sbtest7 WHERE id=2587872
	Delete on sbtest7  (cost=0.43..8.45 rows=0 width=0)
	  ->  Index Scan using sbtest7_pkey on sbtest7  (cost=0.43..8.45 rows=1 width=6)
	        Index Cond: (id = 2587872)

table 8 : explain DELETE FROM sbtest8 WHERE id=1527818
	Delete on sbtest8  (cost=0.43..8.45 rows=0 width=0)
	  ->  Index Scan using sbtest8_pkey on sbtest8  (cost=0.43..8.45 rows=1 width=6)
	        Index Cond: (id = 1527818)

explain: for deletes :: explain DELETE FROM sbtest%u WHERE id=%u
explain: for non_index_updates :: explain UPDATE sbtest%u SET c='foobar' WHERE id=%u
explain: for non_index_updates :: explain UPDATE sbtest%u SET c='foobar' WHERE id=%u
explain: for point_selects :: explain SELECT c FROM sbtest%u WHERE id=%u
for index_updates
table 1 : explain UPDATE sbtest1 SET k=k+1 WHERE id=3086590
	Update on sbtest1  (cost=0.43..8.46 rows=0 width=0)
	  ->  Index Scan using sbtest1_pkey on sbtest1  (cost=0.43..8.46 rows=1 width=10)
	        Index Cond: (id = 3086590)

table 2 : explain UPDATE sbtest2 SET k=k+1 WHERE id=2652878
	Update on sbtest2  (cost=0.43..8.46 rows=0 width=0)
	  ->  Index Scan using sbtest2_pkey on sbtest2  (cost=0.43..8.46 rows=1 width=10)
	        Index Cond: (id = 2652878)

table 3 : explain UPDATE sbtest3 SET k=k+1 WHERE id=363700
	Update on sbtest3  (cost=0.43..8.46 rows=0 width=0)
	  ->  Index Scan using sbtest3_pkey on sbtest3  (cost=0.43..8.46 rows=1 width=10)
	        Index Cond: (id = 363700)

table 4 : explain UPDATE sbtest4 SET k=k+1 WHERE id=4228842
	Update on sbtest4  (cost=0.43..8.46 rows=0 width=0)
	  ->  Index Scan using sbtest4_pkey on sbtest4  (cost=0.43..8.46 rows=1 width=10)
	        Index Cond: (id = 4228842)

table 5 : explain UPDATE sbtest5 SET k=k+1 WHERE id=139251
	Update on sbtest5  (cost=0.43..8.46 rows=0 width=0)
	  ->  Index Scan using sbtest5_pkey on sbtest5  (cost=0.43..8.46 rows=1 width=10)
	        Index Cond: (id = 139251)

table 6 : explain UPDATE sbtest6 SET k=k+1 WHERE id=4424790
	Update on sbtest6  (cost=0.43..8.46 rows=0 width=0)
	  ->  Index Scan using sbtest6_pkey on sbtest6  (cost=0.43..8.46 rows=1 width=10)
	        Index Cond: (id = 4424790)

table 7 : explain UPDATE sbtest7 SET k=k+1 WHERE id=3436166
	Update on sbtest7  (cost=0.43..8.46 rows=0 width=0)
	  ->  Index Scan using sbtest7_pkey on sbtest7  (cost=0.43..8.46 rows=1 width=10)
	        Index Cond: (id = 3436166)

table 8 : explain UPDATE sbtest8 SET k=k+1 WHERE id=4923704
	Update on sbtest8  (cost=0.43..8.46 rows=0 width=0)
	  ->  Index Scan using sbtest8_pkey on sbtest8  (cost=0.43..8.46 rows=1 width=10)
	        Index Cond: (id = 4923704)

for deletes
table 1 : explain DELETE FROM sbtest1 WHERE id=1305603
	Delete on sbtest1  (cost=0.43..8.45 rows=0 width=0)
	  ->  Index Scan using sbtest1_pkey on sbtest1  (cost=0.43..8.45 rows=1 width=6)
	        Index Cond: (id = 1305603)

table 2 : explain DELETE FROM sbtest2 WHERE id=1026874
	Delete on sbtest2  (cost=0.43..8.45 rows=0 width=0)
	  ->  Index Scan using sbtest2_pkey on sbtest2  (cost=0.43..8.45 rows=1 width=6)
	        Index Cond: (id = 1026874)

table 3 : explain DELETE FROM sbtest3 WHERE id=4644784
	Delete on sbtest3  (cost=0.43..8.45 rows=0 width=0)
	  ->  Index Scan using sbtest3_pkey on sbtest3  (cost=0.43..8.45 rows=1 width=6)
	        Index Cond: (id = 4644784)

table 4 : explain DELETE FROM sbtest4 WHERE id=6117767
	Delete on sbtest4  (cost=0.43..8.45 rows=0 width=0)
	  ->  Index Scan using sbtest4_pkey on sbtest4  (cost=0.43..8.45 rows=1 width=6)
	        Index Cond: (id = 6117767)

table 5 : explain DELETE FROM sbtest5 WHERE id=263351
	Delete on sbtest5  (cost=0.43..8.45 rows=0 width=0)
	  ->  Index Scan using sbtest5_pkey on sbtest5  (cost=0.43..8.45 rows=1 width=6)
	        Index Cond: (id = 263351)

table 6 : explain DELETE FROM sbtest6 WHERE id=3156857
	Delete on sbtest6  (cost=0.43..8.45 rows=0 width=0)
	  ->  Index Scan using sbtest6_pkey on sbtest6  (cost=0.43..8.45 rows=1 width=6)
	        Index Cond: (id = 3156857)

table 7 : explain DELETE FROM sbtest7 WHERE id=6929441
	Delete on sbtest7  (cost=0.43..8.45 rows=0 width=0)
	  ->  Index Scan using sbtest7_pkey on sbtest7  (cost=0.43..8.45 rows=1 width=6)
	        Index Cond: (id = 6929441)

table 8 : explain DELETE FROM sbtest8 WHERE id=9239611
	Delete on sbtest8  (cost=0.43..8.45 rows=0 width=0)
	  ->  Index Scan using sbtest8_pkey on sbtest8  (cost=0.43..8.45 rows=1 width=6)
	        Index Cond: (id = 9239611)

for non_index_updates
table 1 : explain UPDATE sbtest1 SET c='foobar' WHERE id=2194278
	Update on sbtest1  (cost=0.43..8.45 rows=0 width=0)
	  ->  Index Scan using sbtest1_pkey on sbtest1  (cost=0.43..8.45 rows=1 width=490)
	        Index Cond: (id = 2194278)

table 2 : explain UPDATE sbtest2 SET c='foobar' WHERE id=9003152
	Update on sbtest2  (cost=0.43..8.45 rows=0 width=0)
	  ->  Index Scan using sbtest2_pkey on sbtest2  (cost=0.43..8.45 rows=1 width=490)
	        Index Cond: (id = 9003152)

table 3 : explain UPDATE sbtest3 SET c='foobar' WHERE id=9746623
	Update on sbtest3  (cost=0.43..8.45 rows=0 width=0)
	  ->  Index Scan using sbtest3_pkey on sbtest3  (cost=0.43..8.45 rows=1 width=490)
	        Index Cond: (id = 9746623)

table 4 : explain UPDATE sbtest4 SET c='foobar' WHERE id=8826076
	Update on sbtest4  (cost=0.43..8.45 rows=0 width=0)
	  ->  Index Scan using sbtest4_pkey on sbtest4  (cost=0.43..8.45 rows=1 width=490)
	        Index Cond: (id = 8826076)

table 5 : explain UPDATE sbtest5 SET c='foobar' WHERE id=141578
	Update on sbtest5  (cost=0.43..8.45 rows=0 width=0)
	  ->  Index Scan using sbtest5_pkey on sbtest5  (cost=0.43..8.45 rows=1 width=490)
	        Index Cond: (id = 141578)

table 6 : explain UPDATE sbtest6 SET c='foobar' WHERE id=7862976
	Update on sbtest6  (cost=0.43..8.45 rows=0 width=0)
	  ->  Index Scan using sbtest6_pkey on sbtest6  (cost=0.43..8.45 rows=1 width=490)
	        Index Cond: (id = 7862976)

table 7 : explain UPDATE sbtest7 SET c='foobar' WHERE id=3766723
	Update on sbtest7  (cost=0.43..8.45 rows=0 width=0)
	  ->  Index Scan using sbtest7_pkey on sbtest7  (cost=0.43..8.45 rows=1 width=490)
	        Index Cond: (id = 3766723)

table 8 : explain UPDATE sbtest8 SET c='foobar' WHERE id=4708816
	Update on sbtest8  (cost=0.43..8.45 rows=0 width=0)
	  ->  Index Scan using sbtest8_pkey on sbtest8  (cost=0.43..8.45 rows=1 width=490)
	        Index Cond: (id = 4708816)

explain: for inserts :: explain INSERT INTO sbtest%u (id, k, c, pad) VALUES (%u, 13, 'foobar', 'foobar')
explain: for non_index_updates :: explain UPDATE sbtest%u SET c='foobar' WHERE id=%u
for: distinct_ranges
table 1 : explain SELECT DISTINCT c FROM sbtest1 WHERE id BETWEEN 5138792 AND 5138891 ORDER BY c
	Unique  (cost=391.74..392.25 rows=101 width=121)
	  ->  Sort  (cost=391.74..392.00 rows=101 width=121)
	        Sort Key: c
	        ->  Index Scan using sbtest1_pkey on sbtest1  (cost=0.43..388.38 rows=101 width=121)
	              Index Cond: ((id >= 5138792) AND (id <= 5138891))

table 2 : explain SELECT DISTINCT c FROM sbtest2 WHERE id BETWEEN 8586011 AND 8586110 ORDER BY c
	Unique  (cost=359.51..359.97 rows=92 width=121)
	  ->  Sort  (cost=359.51..359.74 rows=92 width=121)
	        Sort Key: c
	        ->  Index Scan using sbtest2_pkey on sbtest2  (cost=0.43..356.51 rows=92 width=121)
	              Index Cond: ((id >= 8586011) AND (id <= 8586110))

table 3 : explain SELECT DISTINCT c FROM sbtest3 WHERE id BETWEEN 2340920 AND 2341019 ORDER BY c
	Unique  (cost=408.30..408.83 rows=105 width=121)
	  ->  Sort  (cost=408.30..408.57 rows=105 width=121)
	        Sort Key: c
	        ->  Index Scan using sbtest3_pkey on sbtest3  (cost=0.43..404.78 rows=105 width=121)
	              Index Cond: ((id >= 2340920) AND (id <= 2341019))

table 4 : explain SELECT DISTINCT c FROM sbtest4 WHERE id BETWEEN 3229016 AND 3229115 ORDER BY c
	Unique  (cost=386.96..387.45 rows=99 width=121)
	  ->  Sort  (cost=386.96..387.20 rows=99 width=121)
	        Sort Key: c
	        ->  Index Scan using sbtest4_pkey on sbtest4  (cost=0.43..383.67 rows=99 width=121)
	              Index Cond: ((id >= 3229016) AND (id <= 3229115))

table 5 : explain SELECT DISTINCT c FROM sbtest5 WHERE id BETWEEN 1991666 AND 1991765 ORDER BY c
	Unique  (cost=381.00..381.49 rows=97 width=121)
	  ->  Sort  (cost=381.00..381.24 rows=97 width=121)
	        Sort Key: c
	        ->  Index Scan using sbtest5_pkey on sbtest5  (cost=0.43..377.80 rows=97 width=121)
	              Index Cond: ((id >= 1991666) AND (id <= 1991765))

table 6 : explain SELECT DISTINCT c FROM sbtest6 WHERE id BETWEEN 9247513 AND 9247612 ORDER BY c
	Unique  (cost=398.29..398.80 rows=102 width=121)
	  ->  Sort  (cost=398.29..398.54 rows=102 width=121)
	        Sort Key: c
	        ->  Index Scan using sbtest6_pkey on sbtest6  (cost=0.43..394.89 rows=102 width=121)
	              Index Cond: ((id >= 9247513) AND (id <= 9247612))

table 7 : explain SELECT DISTINCT c FROM sbtest7 WHERE id BETWEEN 4405626 AND 4405725 ORDER BY c
	Unique  (cost=395.97..396.48 rows=102 width=121)
	  ->  Sort  (cost=395.97..396.23 rows=102 width=121)
	        Sort Key: c
	        ->  Index Scan using sbtest7_pkey on sbtest7  (cost=0.43..392.57 rows=102 width=121)
	              Index Cond: ((id >= 4405626) AND (id <= 4405725))

table 8 : explain SELECT DISTINCT c FROM sbtest8 WHERE id BETWEEN 8023044 AND 8023143 ORDER BY c
	Unique  (cost=359.96..360.42 rows=92 width=121)
	  ->  Sort  (cost=359.96..360.19 rows=92 width=121)
	        Sort Key: c
	        ->  Index Scan using sbtest8_pkey on sbtest8  (cost=0.43..356.96 rows=92 width=121)
	              Index Cond: ((id >= 8023044) AND (id <= 8023143))

for index_updates
table 1 : explain UPDATE sbtest1 SET k=k+1 WHERE id=5948693
	Update on sbtest1  (cost=0.43..8.46 rows=0 width=0)
	  ->  Index Scan using sbtest1_pkey on sbtest1  (cost=0.43..8.46 rows=1 width=10)
	        Index Cond: (id = 5948693)

table 2 : explain UPDATE sbtest2 SET k=k+1 WHERE id=8254333
	Update on sbtest2  (cost=0.43..8.46 rows=0 width=0)
	  ->  Index Scan using sbtest2_pkey on sbtest2  (cost=0.43..8.46 rows=1 width=10)
	        Index Cond: (id = 8254333)

table 3 : explain UPDATE sbtest3 SET k=k+1 WHERE id=824345
	Update on sbtest3  (cost=0.43..8.46 rows=0 width=0)
	  ->  Index Scan using sbtest3_pkey on sbtest3  (cost=0.43..8.46 rows=1 width=10)
	        Index Cond: (id = 824345)

table 4 : explain UPDATE sbtest4 SET k=k+1 WHERE id=6574816
	Update on sbtest4  (cost=0.43..8.46 rows=0 width=0)
	  ->  Index Scan using sbtest4_pkey on sbtest4  (cost=0.43..8.46 rows=1 width=10)
	        Index Cond: (id = 6574816)

table 5 : explain UPDATE sbtest5 SET k=k+1 WHERE id=9437278
	Update on sbtest5  (cost=0.43..8.46 rows=0 width=0)
	  ->  Index Scan using sbtest5_pkey on sbtest5  (cost=0.43..8.46 rows=1 width=10)
	        Index Cond: (id = 9437278)

table 6 : explain UPDATE sbtest6 SET k=k+1 WHERE id=5309542
	Update on sbtest6  (cost=0.43..8.46 rows=0 width=0)
	  ->  Index Scan using sbtest6_pkey on sbtest6  (cost=0.43..8.46 rows=1 width=10)
	        Index Cond: (id = 5309542)

table 7 : explain UPDATE sbtest7 SET k=k+1 WHERE id=9148174
	Update on sbtest7  (cost=0.43..8.46 rows=0 width=0)
	  ->  Index Scan using sbtest7_pkey on sbtest7  (cost=0.43..8.46 rows=1 width=10)
	        Index Cond: (id = 9148174)

table 8 : explain UPDATE sbtest8 SET k=k+1 WHERE id=8070138
	Update on sbtest8  (cost=0.43..8.46 rows=0 width=0)
	  ->  Index Scan using sbtest8_pkey on sbtest8  (cost=0.43..8.46 rows=1 width=10)
	        Index Cond: (id = 8070138)

for inserts
table 1 : explain INSERT INTO sbtest1 (id, k, c, pad) VALUES (2699636, 13, 'foobar', 'foobar')
	Insert on sbtest1  (cost=0.00..0.01 rows=0 width=0)
	  ->  Result  (cost=0.00..0.01 rows=1 width=736)

table 2 : explain INSERT INTO sbtest2 (id, k, c, pad) VALUES (7840792, 13, 'foobar', 'foobar')
	Insert on sbtest2  (cost=0.00..0.01 rows=0 width=0)
	  ->  Result  (cost=0.00..0.01 rows=1 width=736)

table 3 : explain INSERT INTO sbtest3 (id, k, c, pad) VALUES (423720, 13, 'foobar', 'foobar')
	Insert on sbtest3  (cost=0.00..0.01 rows=0 width=0)
	  ->  Result  (cost=0.00..0.01 rows=1 width=736)

table 4 : explain INSERT INTO sbtest4 (id, k, c, pad) VALUES (5881317, 13, 'foobar', 'foobar')
	Insert on sbtest4  (cost=0.00..0.01 rows=0 width=0)
	  ->  Result  (cost=0.00..0.01 rows=1 width=736)

table 5 : explain INSERT INTO sbtest5 (id, k, c, pad) VALUES (4446595, 13, 'foobar', 'foobar')
	Insert on sbtest5  (cost=0.00..0.01 rows=0 width=0)
	  ->  Result  (cost=0.00..0.01 rows=1 width=736)

table 6 : explain INSERT INTO sbtest6 (id, k, c, pad) VALUES (521903, 13, 'foobar', 'foobar')
	Insert on sbtest6  (cost=0.00..0.01 rows=0 width=0)
	  ->  Result  (cost=0.00..0.01 rows=1 width=736)

table 7 : explain INSERT INTO sbtest7 (id, k, c, pad) VALUES (7049081, 13, 'foobar', 'foobar')
	Insert on sbtest7  (cost=0.00..0.01 rows=0 width=0)
	  ->  Result  (cost=0.00..0.01 rows=1 width=736)

table 8 : explain INSERT INTO sbtest8 (id, k, c, pad) VALUES (9076418, 13, 'foobar', 'foobar')
	Insert on sbtest8  (cost=0.00..0.01 rows=0 width=0)
	  ->  Result  (cost=0.00..0.01 rows=1 width=736)

for: sum_ranges
table 1 : explain SELECT SUM(k) FROM sbtest1 WHERE id BETWEEN 2017175 AND 2017274
	Aggregate  (cost=384.83..384.84 rows=1 width=8)
	  ->  Index Scan using sbtest1_pkey on sbtest1  (cost=0.43..384.58 rows=100 width=4)
	        Index Cond: ((id >= 2017175) AND (id <= 2017274))

table 2 : explain SELECT SUM(k) FROM sbtest2 WHERE id BETWEEN 5852387 AND 5852486
	Aggregate  (cost=364.39..364.40 rows=1 width=8)
	  ->  Index Scan using sbtest2_pkey on sbtest2  (cost=0.43..364.15 rows=94 width=4)
	        Index Cond: ((id >= 5852387) AND (id <= 5852486))

table 3 : explain SELECT SUM(k) FROM sbtest3 WHERE id BETWEEN 4188664 AND 4188763
	Aggregate  (cost=385.98..385.99 rows=1 width=8)
	  ->  Index Scan using sbtest3_pkey on sbtest3  (cost=0.43..385.73 rows=100 width=4)
	        Index Cond: ((id >= 4188664) AND (id <= 4188763))

table 4 : explain SELECT SUM(k) FROM sbtest4 WHERE id BETWEEN 2017447 AND 2017546
	Aggregate  (cost=345.58..345.59 rows=1 width=8)
	  ->  Index Scan using sbtest4_pkey on sbtest4  (cost=0.43..345.35 rows=89 width=4)
	        Index Cond: ((id >= 2017447) AND (id <= 2017546))

table 5 : explain SELECT SUM(k) FROM sbtest5 WHERE id BETWEEN 7170359 AND 7170458
	Aggregate  (cost=389.59..389.60 rows=1 width=8)
	  ->  Index Scan using sbtest5_pkey on sbtest5  (cost=0.43..389.34 rows=100 width=4)
	        Index Cond: ((id >= 7170359) AND (id <= 7170458))

table 6 : explain SELECT SUM(k) FROM sbtest6 WHERE id BETWEEN 7932035 AND 7932134
	Aggregate  (cost=376.01..376.02 rows=1 width=8)
	  ->  Index Scan using sbtest6_pkey on sbtest6  (cost=0.43..375.76 rows=97 width=4)
	        Index Cond: ((id >= 7932035) AND (id <= 7932134))

table 7 : explain SELECT SUM(k) FROM sbtest7 WHERE id BETWEEN 7299408 AND 7299507
	Aggregate  (cost=427.06..427.07 rows=1 width=8)
	  ->  Index Scan using sbtest7_pkey on sbtest7  (cost=0.43..426.78 rows=111 width=4)
	        Index Cond: ((id >= 7299408) AND (id <= 7299507))

table 8 : explain SELECT SUM(k) FROM sbtest8 WHERE id BETWEEN 5689744 AND 5689843
	Aggregate  (cost=368.68..368.69 rows=1 width=8)
	  ->  Index Scan using sbtest8_pkey on sbtest8  (cost=0.43..368.45 rows=95 width=4)
	        Index Cond: ((id >= 5689744) AND (id <= 5689843))

explain: for inserts :: explain INSERT INTO sbtest%u (id, k, c, pad) VALUES (%u, 13, 'foobar', 'foobar')
for non_index_updates
table 1 : explain UPDATE sbtest1 SET c='foobar' WHERE id=8323520
	Update on sbtest1  (cost=0.43..8.45 rows=0 width=0)
	  ->  Index Scan using sbtest1_pkey on sbtest1  (cost=0.43..8.45 rows=1 width=490)
	        Index Cond: (id = 8323520)

table 2 : explain UPDATE sbtest2 SET c='foobar' WHERE id=5582358
	Update on sbtest2  (cost=0.43..8.45 rows=0 width=0)
	  ->  Index Scan using sbtest2_pkey on sbtest2  (cost=0.43..8.45 rows=1 width=490)
	        Index Cond: (id = 5582358)

table 3 : explain UPDATE sbtest3 SET c='foobar' WHERE id=1830252
	Update on sbtest3  (cost=0.43..8.45 rows=0 width=0)
	  ->  Index Scan using sbtest3_pkey on sbtest3  (cost=0.43..8.45 rows=1 width=490)
	        Index Cond: (id = 1830252)

table 4 : explain UPDATE sbtest4 SET c='foobar' WHERE id=1032876
	Update on sbtest4  (cost=0.43..8.45 rows=0 width=0)
	  ->  Index Scan using sbtest4_pkey on sbtest4  (cost=0.43..8.45 rows=1 width=490)
	        Index Cond: (id = 1032876)

table 5 : explain UPDATE sbtest5 SET c='foobar' WHERE id=8083558
	Update on sbtest5  (cost=0.43..8.45 rows=0 width=0)
	  ->  Index Scan using sbtest5_pkey on sbtest5  (cost=0.43..8.45 rows=1 width=490)
	        Index Cond: (id = 8083558)

table 6 : explain UPDATE sbtest6 SET c='foobar' WHERE id=162076
	Update on sbtest6  (cost=0.43..8.45 rows=0 width=0)
	  ->  Index Scan using sbtest6_pkey on sbtest6  (cost=0.43..8.45 rows=1 width=490)
	        Index Cond: (id = 162076)

table 7 : explain UPDATE sbtest7 SET c='foobar' WHERE id=8419437
	Update on sbtest7  (cost=0.43..8.45 rows=0 width=0)
	  ->  Index Scan using sbtest7_pkey on sbtest7  (cost=0.43..8.45 rows=1 width=490)
	        Index Cond: (id = 8419437)

table 8 : explain UPDATE sbtest8 SET c='foobar' WHERE id=1819639
	Update on sbtest8  (cost=0.43..8.45 rows=0 width=0)
	  ->  Index Scan using sbtest8_pkey on sbtest8  (cost=0.43..8.45 rows=1 width=490)
	        Index Cond: (id = 1819639)

explain: for index_updates :: explain UPDATE sbtest%u SET k=k+1 WHERE id=%u
for non_index_updates
table 1 : explain UPDATE sbtest1 SET c='foobar' WHERE id=9657000
	Update on sbtest1  (cost=0.43..8.45 rows=0 width=0)
	  ->  Index Scan using sbtest1_pkey on sbtest1  (cost=0.43..8.45 rows=1 width=490)
	        Index Cond: (id = 9657000)

table 2 : explain UPDATE sbtest2 SET c='foobar' WHERE id=7598451
	Update on sbtest2  (cost=0.43..8.45 rows=0 width=0)
	  ->  Index Scan using sbtest2_pkey on sbtest2  (cost=0.43..8.45 rows=1 width=490)
	        Index Cond: (id = 7598451)

table 3 : explain UPDATE sbtest3 SET c='foobar' WHERE id=8284728
	Update on sbtest3  (cost=0.43..8.45 rows=0 width=0)
	  ->  Index Scan using sbtest3_pkey on sbtest3  (cost=0.43..8.45 rows=1 width=490)
	        Index Cond: (id = 8284728)

table 4 : explain UPDATE sbtest4 SET c='foobar' WHERE id=7679120
	Update on sbtest4  (cost=0.43..8.45 rows=0 width=0)
	  ->  Index Scan using sbtest4_pkey on sbtest4  (cost=0.43..8.45 rows=1 width=490)
	        Index Cond: (id = 7679120)

table 5 : explain UPDATE sbtest5 SET c='foobar' WHERE id=5805433
	Update on sbtest5  (cost=0.43..8.45 rows=0 width=0)
	  ->  Index Scan using sbtest5_pkey on sbtest5  (cost=0.43..8.45 rows=1 width=490)
	        Index Cond: (id = 5805433)

table 6 : explain UPDATE sbtest6 SET c='foobar' WHERE id=4029473
	Update on sbtest6  (cost=0.43..8.45 rows=0 width=0)
	  ->  Index Scan using sbtest6_pkey on sbtest6  (cost=0.43..8.45 rows=1 width=490)
	        Index Cond: (id = 4029473)

table 7 : explain UPDATE sbtest7 SET c='foobar' WHERE id=8847573
	Update on sbtest7  (cost=0.43..8.45 rows=0 width=0)
	  ->  Index Scan using sbtest7_pkey on sbtest7  (cost=0.43..8.45 rows=1 width=490)
	        Index Cond: (id = 8847573)

table 8 : explain UPDATE sbtest8 SET c='foobar' WHERE id=2833498
	Update on sbtest8  (cost=0.43..8.45 rows=0 width=0)
	  ->  Index Scan using sbtest8_pkey on sbtest8  (cost=0.43..8.45 rows=1 width=490)
	        Index Cond: (id = 2833498)

explain: for deletes :: explain DELETE FROM sbtest%u WHERE id=%u
for inserts
table 1 : explain INSERT INTO sbtest1 (id, k, c, pad) VALUES (9966861, 13, 'foobar', 'foobar')
	Insert on sbtest1  (cost=0.00..0.01 rows=0 width=0)
	  ->  Result  (cost=0.00..0.01 rows=1 width=736)

table 2 : explain INSERT INTO sbtest2 (id, k, c, pad) VALUES (5841816, 13, 'foobar', 'foobar')
	Insert on sbtest2  (cost=0.00..0.01 rows=0 width=0)
	  ->  Result  (cost=0.00..0.01 rows=1 width=736)

table 3 : explain INSERT INTO sbtest3 (id, k, c, pad) VALUES (2837337, 13, 'foobar', 'foobar')
	Insert on sbtest3  (cost=0.00..0.01 rows=0 width=0)
	  ->  Result  (cost=0.00..0.01 rows=1 width=736)

table 4 : explain INSERT INTO sbtest4 (id, k, c, pad) VALUES (4822691, 13, 'foobar', 'foobar')
	Insert on sbtest4  (cost=0.00..0.01 rows=0 width=0)
	  ->  Result  (cost=0.00..0.01 rows=1 width=736)

table 5 : explain INSERT INTO sbtest5 (id, k, c, pad) VALUES (3686956, 13, 'foobar', 'foobar')
	Insert on sbtest5  (cost=0.00..0.01 rows=0 width=0)
	  ->  Result  (cost=0.00..0.01 rows=1 width=736)

table 6 : explain INSERT INTO sbtest6 (id, k, c, pad) VALUES (9039905, 13, 'foobar', 'foobar')
	Insert on sbtest6  (cost=0.00..0.01 rows=0 width=0)
	  ->  Result  (cost=0.00..0.01 rows=1 width=736)

table 7 : explain INSERT INTO sbtest7 (id, k, c, pad) VALUES (185229, 13, 'foobar', 'foobar')
	Insert on sbtest7  (cost=0.00..0.01 rows=0 width=0)
	  ->  Result  (cost=0.00..0.01 rows=1 width=736)

table 8 : explain INSERT INTO sbtest8 (id, k, c, pad) VALUES (4933304, 13, 'foobar', 'foobar')
	Insert on sbtest8  (cost=0.00..0.01 rows=0 width=0)
	  ->  Result  (cost=0.00..0.01 rows=1 width=736)

explain: for deletes :: explain DELETE FROM sbtest%u WHERE id=%u
for point_selects
table 1 : explain SELECT c FROM sbtest1 WHERE id=7923141
	Index Scan using sbtest1_pkey on sbtest1  (cost=0.43..8.45 rows=1 width=121)
	  Index Cond: (id = 7923141)

table 2 : explain SELECT c FROM sbtest2 WHERE id=7331550
	Index Scan using sbtest2_pkey on sbtest2  (cost=0.43..8.45 rows=1 width=121)
	  Index Cond: (id = 7331550)

table 3 : explain SELECT c FROM sbtest3 WHERE id=8167397
	Index Scan using sbtest3_pkey on sbtest3  (cost=0.43..8.45 rows=1 width=121)
	  Index Cond: (id = 8167397)

table 4 : explain SELECT c FROM sbtest4 WHERE id=2015971
	Index Scan using sbtest4_pkey on sbtest4  (cost=0.43..8.45 rows=1 width=121)
	  Index Cond: (id = 2015971)

table 5 : explain SELECT c FROM sbtest5 WHERE id=7166694
	Index Scan using sbtest5_pkey on sbtest5  (cost=0.43..8.45 rows=1 width=121)
	  Index Cond: (id = 7166694)

table 6 : explain SELECT c FROM sbtest6 WHERE id=2530583
	Index Scan using sbtest6_pkey on sbtest6  (cost=0.43..8.45 rows=1 width=121)
	  Index Cond: (id = 2530583)

table 7 : explain SELECT c FROM sbtest7 WHERE id=5595965
	Index Scan using sbtest7_pkey on sbtest7  (cost=0.43..8.45 rows=1 width=121)
	  Index Cond: (id = 5595965)

table 8 : explain SELECT c FROM sbtest8 WHERE id=1011126
	Index Scan using sbtest8_pkey on sbtest8  (cost=0.43..8.45 rows=1 width=121)
	  Index Cond: (id = 1011126)

explain: for deletes :: explain DELETE FROM sbtest%u WHERE id=%u
for index_updates
table 1 : explain UPDATE sbtest1 SET k=k+1 WHERE id=2929111
	Update on sbtest1  (cost=0.43..8.46 rows=0 width=0)
	  ->  Index Scan using sbtest1_pkey on sbtest1  (cost=0.43..8.46 rows=1 width=10)
	        Index Cond: (id = 2929111)

table 2 : explain UPDATE sbtest2 SET k=k+1 WHERE id=4757568
	Update on sbtest2  (cost=0.43..8.46 rows=0 width=0)
	  ->  Index Scan using sbtest2_pkey on sbtest2  (cost=0.43..8.46 rows=1 width=10)
	        Index Cond: (id = 4757568)

table 3 : explain UPDATE sbtest3 SET k=k+1 WHERE id=9352835
	Update on sbtest3  (cost=0.43..8.46 rows=0 width=0)
	  ->  Index Scan using sbtest3_pkey on sbtest3  (cost=0.43..8.46 rows=1 width=10)
	        Index Cond: (id = 9352835)

table 4 : explain UPDATE sbtest4 SET k=k+1 WHERE id=2104119
	Update on sbtest4  (cost=0.43..8.46 rows=0 width=0)
	  ->  Index Scan using sbtest4_pkey on sbtest4  (cost=0.43..8.46 rows=1 width=10)
	        Index Cond: (id = 2104119)

table 5 : explain UPDATE sbtest5 SET k=k+1 WHERE id=8242257
	Update on sbtest5  (cost=0.43..8.46 rows=0 width=0)
	  ->  Index Scan using sbtest5_pkey on sbtest5  (cost=0.43..8.46 rows=1 width=10)
	        Index Cond: (id = 8242257)

table 6 : explain UPDATE sbtest6 SET k=k+1 WHERE id=4387454
	Update on sbtest6  (cost=0.43..8.46 rows=0 width=0)
	  ->  Index Scan using sbtest6_pkey on sbtest6  (cost=0.43..8.46 rows=1 width=10)
	        Index Cond: (id = 4387454)

table 7 : explain UPDATE sbtest7 SET k=k+1 WHERE id=7369565
	Update on sbtest7  (cost=0.43..8.46 rows=0 width=0)
	  ->  Index Scan using sbtest7_pkey on sbtest7  (cost=0.43..8.46 rows=1 width=10)
	        Index Cond: (id = 7369565)

table 8 : explain UPDATE sbtest8 SET k=k+1 WHERE id=6001812
	Update on sbtest8  (cost=0.43..8.46 rows=0 width=0)
	  ->  Index Scan using sbtest8_pkey on sbtest8  (cost=0.43..8.46 rows=1 width=10)
	        Index Cond: (id = 6001812)

for deletes
table 1 : explain DELETE FROM sbtest1 WHERE id=9223232
	Delete on sbtest1  (cost=0.43..8.45 rows=0 width=0)
	  ->  Index Scan using sbtest1_pkey on sbtest1  (cost=0.43..8.45 rows=1 width=6)
	        Index Cond: (id = 9223232)

table 2 : explain DELETE FROM sbtest2 WHERE id=4517441
	Delete on sbtest2  (cost=0.43..8.45 rows=0 width=0)
	  ->  Index Scan using sbtest2_pkey on sbtest2  (cost=0.43..8.45 rows=1 width=6)
	        Index Cond: (id = 4517441)

table 3 : explain DELETE FROM sbtest3 WHERE id=3649974
	Delete on sbtest3  (cost=0.43..8.45 rows=0 width=0)
	  ->  Index Scan using sbtest3_pkey on sbtest3  (cost=0.43..8.45 rows=1 width=6)
	        Index Cond: (id = 3649974)

table 4 : explain DELETE FROM sbtest4 WHERE id=9087927
	Delete on sbtest4  (cost=0.43..8.45 rows=0 width=0)
	  ->  Index Scan using sbtest4_pkey on sbtest4  (cost=0.43..8.45 rows=1 width=6)
	        Index Cond: (id = 9087927)

table 5 : explain DELETE FROM sbtest5 WHERE id=7647922
	Delete on sbtest5  (cost=0.43..8.45 rows=0 width=0)
	  ->  Index Scan using sbtest5_pkey on sbtest5  (cost=0.43..8.45 rows=1 width=6)
	        Index Cond: (id = 7647922)

table 6 : explain DELETE FROM sbtest6 WHERE id=3181033
	Delete on sbtest6  (cost=0.43..8.45 rows=0 width=0)
	  ->  Index Scan using sbtest6_pkey on sbtest6  (cost=0.43..8.45 rows=1 width=6)
	        Index Cond: (id = 3181033)

table 7 : explain DELETE FROM sbtest7 WHERE id=2357770
	Delete on sbtest7  (cost=0.43..8.45 rows=0 width=0)
	  ->  Index Scan using sbtest7_pkey on sbtest7  (cost=0.43..8.45 rows=1 width=6)
	        Index Cond: (id = 2357770)

table 8 : explain DELETE FROM sbtest8 WHERE id=8087563
	Delete on sbtest8  (cost=0.43..8.45 rows=0 width=0)
	  ->  Index Scan using sbtest8_pkey on sbtest8  (cost=0.43..8.45 rows=1 width=6)
	        Index Cond: (id = 8087563)

explain: for non_index_updates :: explain UPDATE sbtest%u SET c='foobar' WHERE id=%u
explain: for non_index_updates :: explain UPDATE sbtest%u SET c='foobar' WHERE id=%u
for deletes
table 1 : explain DELETE FROM sbtest1 WHERE id=7114662
	Delete on sbtest1  (cost=0.43..8.45 rows=0 width=0)
	  ->  Index Scan using sbtest1_pkey on sbtest1  (cost=0.43..8.45 rows=1 width=6)
	        Index Cond: (id = 7114662)

table 2 : explain DELETE FROM sbtest2 WHERE id=4523235
	Delete on sbtest2  (cost=0.43..8.45 rows=0 width=0)
	  ->  Index Scan using sbtest2_pkey on sbtest2  (cost=0.43..8.45 rows=1 width=6)
	        Index Cond: (id = 4523235)

table 3 : explain DELETE FROM sbtest3 WHERE id=5459132
	Delete on sbtest3  (cost=0.43..8.45 rows=0 width=0)
	  ->  Index Scan using sbtest3_pkey on sbtest3  (cost=0.43..8.45 rows=1 width=6)
	        Index Cond: (id = 5459132)

table 4 : explain DELETE FROM sbtest4 WHERE id=9477068
	Delete on sbtest4  (cost=0.43..8.45 rows=0 width=0)
	  ->  Index Scan using sbtest4_pkey on sbtest4  (cost=0.43..8.45 rows=1 width=6)
	        Index Cond: (id = 9477068)

table 5 : explain DELETE FROM sbtest5 WHERE id=7639005
	Delete on sbtest5  (cost=0.43..8.45 rows=0 width=0)
	  ->  Index Scan using sbtest5_pkey on sbtest5  (cost=0.43..8.45 rows=1 width=6)
	        Index Cond: (id = 7639005)

table 6 : explain DELETE FROM sbtest6 WHERE id=5974507
	Delete on sbtest6  (cost=0.43..8.45 rows=0 width=0)
	  ->  Index Scan using sbtest6_pkey on sbtest6  (cost=0.43..8.45 rows=1 width=6)
	        Index Cond: (id = 5974507)

table 7 : explain DELETE FROM sbtest7 WHERE id=6049308
	Delete on sbtest7  (cost=0.43..8.45 rows=0 width=0)
	  ->  Index Scan using sbtest7_pkey on sbtest7  (cost=0.43..8.45 rows=1 width=6)
	        Index Cond: (id = 6049308)

table 8 : explain DELETE FROM sbtest8 WHERE id=5590757
	Delete on sbtest8  (cost=0.43..8.45 rows=0 width=0)
	  ->  Index Scan using sbtest8_pkey on sbtest8  (cost=0.43..8.45 rows=1 width=6)
	        Index Cond: (id = 5590757)

for non_index_updates
table 1 : explain UPDATE sbtest1 SET c='foobar' WHERE id=72716
	Update on sbtest1  (cost=0.43..8.45 rows=0 width=0)
	  ->  Index Scan using sbtest1_pkey on sbtest1  (cost=0.43..8.45 rows=1 width=490)
	        Index Cond: (id = 72716)

table 2 : explain UPDATE sbtest2 SET c='foobar' WHERE id=7071934
	Update on sbtest2  (cost=0.43..8.45 rows=0 width=0)
	  ->  Index Scan using sbtest2_pkey on sbtest2  (cost=0.43..8.45 rows=1 width=490)
	        Index Cond: (id = 7071934)

table 3 : explain UPDATE sbtest3 SET c='foobar' WHERE id=3974824
	Update on sbtest3  (cost=0.43..8.45 rows=0 width=0)
	  ->  Index Scan using sbtest3_pkey on sbtest3  (cost=0.43..8.45 rows=1 width=490)
	        Index Cond: (id = 3974824)

table 4 : explain UPDATE sbtest4 SET c='foobar' WHERE id=1030914
	Update on sbtest4  (cost=0.43..8.45 rows=0 width=0)
	  ->  Index Scan using sbtest4_pkey on sbtest4  (cost=0.43..8.45 rows=1 width=490)
	        Index Cond: (id = 1030914)

table 5 : explain UPDATE sbtest5 SET c='foobar' WHERE id=4277105
	Update on sbtest5  (cost=0.43..8.45 rows=0 width=0)
	  ->  Index Scan using sbtest5_pkey on sbtest5  (cost=0.43..8.45 rows=1 width=490)
	        Index Cond: (id = 4277105)

table 6 : explain UPDATE sbtest6 SET c='foobar' WHERE id=3967886
	Update on sbtest6  (cost=0.43..8.45 rows=0 width=0)
	  ->  Index Scan using sbtest6_pkey on sbtest6  (cost=0.43..8.45 rows=1 width=490)
	        Index Cond: (id = 3967886)

table 7 : explain UPDATE sbtest7 SET c='foobar' WHERE id=5028139
	Update on sbtest7  (cost=0.43..8.45 rows=0 width=0)
	  ->  Index Scan using sbtest7_pkey on sbtest7  (cost=0.43..8.45 rows=1 width=490)
	        Index Cond: (id = 5028139)

table 8 : explain UPDATE sbtest8 SET c='foobar' WHERE id=2406313
	Update on sbtest8  (cost=0.43..8.45 rows=0 width=0)
	  ->  Index Scan using sbtest8_pkey on sbtest8  (cost=0.43..8.45 rows=1 width=490)
	        Index Cond: (id = 2406313)

explain: for point_selects :: explain SELECT c FROM sbtest%u WHERE id=%u
for point_selects
table 1 : explain SELECT c FROM sbtest1 WHERE id=791148
	Index Scan using sbtest1_pkey on sbtest1  (cost=0.43..8.45 rows=1 width=121)
	  Index Cond: (id = 791148)

table 2 : explain SELECT c FROM sbtest2 WHERE id=1703759
	Index Scan using sbtest2_pkey on sbtest2  (cost=0.43..8.45 rows=1 width=121)
	  Index Cond: (id = 1703759)

table 3 : explain SELECT c FROM sbtest3 WHERE id=3652711
	Index Scan using sbtest3_pkey on sbtest3  (cost=0.43..8.45 rows=1 width=121)
	  Index Cond: (id = 3652711)

table 4 : explain SELECT c FROM sbtest4 WHERE id=4389841
	Index Scan using sbtest4_pkey on sbtest4  (cost=0.43..8.45 rows=1 width=121)
	  Index Cond: (id = 4389841)

table 5 : explain SELECT c FROM sbtest5 WHERE id=7926907
	Index Scan using sbtest5_pkey on sbtest5  (cost=0.43..8.45 rows=1 width=121)
	  Index Cond: (id = 7926907)

table 6 : explain SELECT c FROM sbtest6 WHERE id=229798
	Index Scan using sbtest6_pkey on sbtest6  (cost=0.43..8.45 rows=1 width=121)
	  Index Cond: (id = 229798)

table 7 : explain SELECT c FROM sbtest7 WHERE id=7568700
	Index Scan using sbtest7_pkey on sbtest7  (cost=0.43..8.45 rows=1 width=121)
	  Index Cond: (id = 7568700)

table 8 : explain SELECT c FROM sbtest8 WHERE id=8722150
	Index Scan using sbtest8_pkey on sbtest8  (cost=0.43..8.45 rows=1 width=121)
	  Index Cond: (id = 8722150)

for non_index_updates
table 1 : explain UPDATE sbtest1 SET c='foobar' WHERE id=288696
	Update on sbtest1  (cost=0.43..8.45 rows=0 width=0)
	  ->  Index Scan using sbtest1_pkey on sbtest1  (cost=0.43..8.45 rows=1 width=490)
	        Index Cond: (id = 288696)

table 2 : explain UPDATE sbtest2 SET c='foobar' WHERE id=6818617
	Update on sbtest2  (cost=0.43..8.45 rows=0 width=0)
	  ->  Index Scan using sbtest2_pkey on sbtest2  (cost=0.43..8.45 rows=1 width=490)
	        Index Cond: (id = 6818617)

table 3 : explain UPDATE sbtest3 SET c='foobar' WHERE id=3834065
	Update on sbtest3  (cost=0.43..8.45 rows=0 width=0)
	  ->  Index Scan using sbtest3_pkey on sbtest3  (cost=0.43..8.45 rows=1 width=490)
	        Index Cond: (id = 3834065)

table 4 : explain UPDATE sbtest4 SET c='foobar' WHERE id=5336518
	Update on sbtest4  (cost=0.43..8.45 rows=0 width=0)
	  ->  Index Scan using sbtest4_pkey on sbtest4  (cost=0.43..8.45 rows=1 width=490)
	        Index Cond: (id = 5336518)

table 5 : explain UPDATE sbtest5 SET c='foobar' WHERE id=1376797
	Update on sbtest5  (cost=0.43..8.45 rows=0 width=0)
	  ->  Index Scan using sbtest5_pkey on sbtest5  (cost=0.43..8.45 rows=1 width=490)
	        Index Cond: (id = 1376797)

table 6 : explain UPDATE sbtest6 SET c='foobar' WHERE id=9608958
	Update on sbtest6  (cost=0.43..8.45 rows=0 width=0)
	  ->  Index Scan using sbtest6_pkey on sbtest6  (cost=0.43..8.45 rows=1 width=490)
	        Index Cond: (id = 9608958)

table 7 : explain UPDATE sbtest7 SET c='foobar' WHERE id=8649906
	Update on sbtest7  (cost=0.43..8.45 rows=0 width=0)
	  ->  Index Scan using sbtest7_pkey on sbtest7  (cost=0.43..8.45 rows=1 width=490)
	        Index Cond: (id = 8649906)

table 8 : explain UPDATE sbtest8 SET c='foobar' WHERE id=1408575
	Update on sbtest8  (cost=0.43..8.45 rows=0 width=0)
	  ->  Index Scan using sbtest8_pkey on sbtest8  (cost=0.43..8.45 rows=1 width=490)
	        Index Cond: (id = 1408575)

explain: for inserts :: explain INSERT INTO sbtest%u (id, k, c, pad) VALUES (%u, 13, 'foobar', 'foobar')
explain: for inserts :: explain INSERT INTO sbtest%u (id, k, c, pad) VALUES (%u, 13, 'foobar', 'foobar')
explain: for deletes :: explain DELETE FROM sbtest%u WHERE id=%u
explain: for deletes :: explain DELETE FROM sbtest%u WHERE id=%u
for inserts
table 1 : explain INSERT INTO sbtest1 (id, k, c, pad) VALUES (3201946, 13, 'foobar', 'foobar')
	Insert on sbtest1  (cost=0.00..0.01 rows=0 width=0)
	  ->  Result  (cost=0.00..0.01 rows=1 width=736)

table 2 : explain INSERT INTO sbtest2 (id, k, c, pad) VALUES (2005814, 13, 'foobar', 'foobar')
	Insert on sbtest2  (cost=0.00..0.01 rows=0 width=0)
	  ->  Result  (cost=0.00..0.01 rows=1 width=736)

table 3 : explain INSERT INTO sbtest3 (id, k, c, pad) VALUES (3622986, 13, 'foobar', 'foobar')
	Insert on sbtest3  (cost=0.00..0.01 rows=0 width=0)
	  ->  Result  (cost=0.00..0.01 rows=1 width=736)

table 4 : explain INSERT INTO sbtest4 (id, k, c, pad) VALUES (888319, 13, 'foobar', 'foobar')
	Insert on sbtest4  (cost=0.00..0.01 rows=0 width=0)
	  ->  Result  (cost=0.00..0.01 rows=1 width=736)

table 5 : explain INSERT INTO sbtest5 (id, k, c, pad) VALUES (6382705, 13, 'foobar', 'foobar')
	Insert on sbtest5  (cost=0.00..0.01 rows=0 width=0)
	  ->  Result  (cost=0.00..0.01 rows=1 width=736)

table 6 : explain INSERT INTO sbtest6 (id, k, c, pad) VALUES (6981383, 13, 'foobar', 'foobar')
	Insert on sbtest6  (cost=0.00..0.01 rows=0 width=0)
	  ->  Result  (cost=0.00..0.01 rows=1 width=736)

table 7 : explain INSERT INTO sbtest7 (id, k, c, pad) VALUES (7155494, 13, 'foobar', 'foobar')
	Insert on sbtest7  (cost=0.00..0.01 rows=0 width=0)
	  ->  Result  (cost=0.00..0.01 rows=1 width=736)

table 8 : explain INSERT INTO sbtest8 (id, k, c, pad) VALUES (4552678, 13, 'foobar', 'foobar')
	Insert on sbtest8  (cost=0.00..0.01 rows=0 width=0)
	  ->  Result  (cost=0.00..0.01 rows=1 width=736)

for deletes
table 1 : explain DELETE FROM sbtest1 WHERE id=2985646
	Delete on sbtest1  (cost=0.43..8.45 rows=0 width=0)
	  ->  Index Scan using sbtest1_pkey on sbtest1  (cost=0.43..8.45 rows=1 width=6)
	        Index Cond: (id = 2985646)

table 2 : explain DELETE FROM sbtest2 WHERE id=4237313
	Delete on sbtest2  (cost=0.43..8.45 rows=0 width=0)
	  ->  Index Scan using sbtest2_pkey on sbtest2  (cost=0.43..8.45 rows=1 width=6)
	        Index Cond: (id = 4237313)

table 3 : explain DELETE FROM sbtest3 WHERE id=6235463
	Delete on sbtest3  (cost=0.43..8.45 rows=0 width=0)
	  ->  Index Scan using sbtest3_pkey on sbtest3  (cost=0.43..8.45 rows=1 width=6)
	        Index Cond: (id = 6235463)

table 4 : explain DELETE FROM sbtest4 WHERE id=1548647
	Delete on sbtest4  (cost=0.43..8.45 rows=0 width=0)
	  ->  Index Scan using sbtest4_pkey on sbtest4  (cost=0.43..8.45 rows=1 width=6)
	        Index Cond: (id = 1548647)

table 5 : explain DELETE FROM sbtest5 WHERE id=4630705
	Delete on sbtest5  (cost=0.43..8.45 rows=0 width=0)
	  ->  Index Scan using sbtest5_pkey on sbtest5  (cost=0.43..8.45 rows=1 width=6)
	        Index Cond: (id = 4630705)

table 6 : explain DELETE FROM sbtest6 WHERE id=3447791
	Delete on sbtest6  (cost=0.43..8.45 rows=0 width=0)
	  ->  Index Scan using sbtest6_pkey on sbtest6  (cost=0.43..8.45 rows=1 width=6)
	        Index Cond: (id = 3447791)

table 7 : explain DELETE FROM sbtest7 WHERE id=9950942
	Delete on sbtest7  (cost=0.43..8.45 rows=0 width=0)
	  ->  Index Scan using sbtest7_pkey on sbtest7  (cost=0.43..8.45 rows=1 width=6)
	        Index Cond: (id = 9950942)

table 8 : explain DELETE FROM sbtest8 WHERE id=7530349
	Delete on sbtest8  (cost=0.43..8.45 rows=0 width=0)
	  ->  Index Scan using sbtest8_pkey on sbtest8  (cost=0.43..8.45 rows=1 width=6)
	        Index Cond: (id = 7530349)

for: order_ranges
table 1 : explain SELECT c FROM sbtest1 WHERE id BETWEEN 59418 AND 59517 ORDER BY c
	Sort  (cost=395.58..395.84 rows=102 width=121)
	  Sort Key: c
	  ->  Index Scan using sbtest1_pkey on sbtest1  (cost=0.43..392.18 rows=102 width=121)
	        Index Cond: ((id >= 59418) AND (id <= 59517))

table 2 : explain SELECT c FROM sbtest2 WHERE id BETWEEN 1938809 AND 1938908 ORDER BY c
	Sort  (cost=413.65..413.92 rows=106 width=121)
	  Sort Key: c
	  ->  Index Scan using sbtest2_pkey on sbtest2  (cost=0.43..410.09 rows=106 width=121)
	        Index Cond: ((id >= 1938809) AND (id <= 1938908))

table 3 : explain SELECT c FROM sbtest3 WHERE id BETWEEN 7226256 AND 7226355 ORDER BY c
	Sort  (cost=404.45..404.71 rows=104 width=121)
	  Sort Key: c
	  ->  Index Scan using sbtest3_pkey on sbtest3  (cost=0.43..400.97 rows=104 width=121)
	        Index Cond: ((id >= 7226256) AND (id <= 7226355))

table 4 : explain SELECT c FROM sbtest4 WHERE id BETWEEN 7780814 AND 7780913 ORDER BY c
	Sort  (cost=410.16..410.43 rows=105 width=121)
	  Sort Key: c
	  ->  Index Scan using sbtest4_pkey on sbtest4  (cost=0.43..406.64 rows=105 width=121)
	        Index Cond: ((id >= 7780814) AND (id <= 7780913))

table 5 : explain SELECT c FROM sbtest5 WHERE id BETWEEN 8929344 AND 8929443 ORDER BY c
	Sort  (cost=349.87..350.09 rows=89 width=121)
	  Sort Key: c
	  ->  Index Scan using sbtest5_pkey on sbtest5  (cost=0.43..346.99 rows=89 width=121)
	        Index Cond: ((id >= 8929344) AND (id <= 8929443))

table 6 : explain SELECT c FROM sbtest6 WHERE id BETWEEN 6391580 AND 6391679 ORDER BY c
	Sort  (cost=398.29..398.54 rows=102 width=121)
	  Sort Key: c
	  ->  Index Scan using sbtest6_pkey on sbtest6  (cost=0.43..394.89 rows=102 width=121)
	        Index Cond: ((id >= 6391580) AND (id <= 6391679))

table 7 : explain SELECT c FROM sbtest7 WHERE id BETWEEN 3513252 AND 3513351 ORDER BY c
	Sort  (cost=361.40..361.63 rows=93 width=121)
	  Sort Key: c
	  ->  Index Scan using sbtest7_pkey on sbtest7  (cost=0.43..358.36 rows=93 width=121)
	        Index Cond: ((id >= 3513252) AND (id <= 3513351))

table 8 : explain SELECT c FROM sbtest8 WHERE id BETWEEN 9759780 AND 9759879 ORDER BY c
	Sort  (cost=402.57..402.83 rows=103 width=121)
	  Sort Key: c
	  ->  Index Scan using sbtest8_pkey on sbtest8  (cost=0.43..399.12 rows=103 width=121)
	        Index Cond: ((id >= 9759780) AND (id <= 9759879))

for: simple_ranges
table 1 : explain SELECT c FROM sbtest1 WHERE id BETWEEN 8127571 AND 8127670
	Index Scan using sbtest1_pkey on sbtest1  (cost=0.43..369.34 rows=96 width=121)
	  Index Cond: ((id >= 8127571) AND (id <= 8127670))

table 2 : explain SELECT c FROM sbtest2 WHERE id BETWEEN 1633707 AND 1633806
	Index Scan using sbtest2_pkey on sbtest2  (cost=0.43..325.92 rows=84 width=121)
	  Index Cond: ((id >= 1633707) AND (id <= 1633806))

table 3 : explain SELECT c FROM sbtest3 WHERE id BETWEEN 3259526 AND 3259625
	Index Scan using sbtest3_pkey on sbtest3  (cost=0.43..347.64 rows=90 width=121)
	  Index Cond: ((id >= 3259526) AND (id <= 3259625))

table 4 : explain SELECT c FROM sbtest4 WHERE id BETWEEN 6425505 AND 6425604
	Index Scan using sbtest4_pkey on sbtest4  (cost=0.43..387.50 rows=100 width=121)
	  Index Cond: ((id >= 6425505) AND (id <= 6425604))

table 5 : explain SELECT c FROM sbtest5 WHERE id BETWEEN 4574758 AND 4574857
	Index Scan using sbtest5_pkey on sbtest5  (cost=0.43..423.95 rows=109 width=121)
	  Index Cond: ((id >= 4574758) AND (id <= 4574857))

table 6 : explain SELECT c FROM sbtest6 WHERE id BETWEEN 7171160 AND 7171259
	Index Scan using sbtest6_pkey on sbtest6  (cost=0.43..364.24 rows=94 width=121)
	  Index Cond: ((id >= 7171160) AND (id <= 7171259))

table 7 : explain SELECT c FROM sbtest7 WHERE id BETWEEN 1784452 AND 1784551
	Index Scan using sbtest7_pkey on sbtest7  (cost=0.43..377.36 rows=98 width=121)
	  Index Cond: ((id >= 1784452) AND (id <= 1784551))

table 8 : explain SELECT c FROM sbtest8 WHERE id BETWEEN 8260885 AND 8260984
	Index Scan using sbtest8_pkey on sbtest8  (cost=0.43..391.47 rows=101 width=121)
	  Index Cond: ((id >= 8260885) AND (id <= 8260984))

for inserts
table 1 : explain INSERT INTO sbtest1 (id, k, c, pad) VALUES (7571617, 13, 'foobar', 'foobar')
	Insert on sbtest1  (cost=0.00..0.01 rows=0 width=0)
	  ->  Result  (cost=0.00..0.01 rows=1 width=736)

table 2 : explain INSERT INTO sbtest2 (id, k, c, pad) VALUES (7423262, 13, 'foobar', 'foobar')
	Insert on sbtest2  (cost=0.00..0.01 rows=0 width=0)
	  ->  Result  (cost=0.00..0.01 rows=1 width=736)

table 3 : explain INSERT INTO sbtest3 (id, k, c, pad) VALUES (8657664, 13, 'foobar', 'foobar')
	Insert on sbtest3  (cost=0.00..0.01 rows=0 width=0)
	  ->  Result  (cost=0.00..0.01 rows=1 width=736)

table 4 : explain INSERT INTO sbtest4 (id, k, c, pad) VALUES (5190870, 13, 'foobar', 'foobar')
	Insert on sbtest4  (cost=0.00..0.01 rows=0 width=0)
	  ->  Result  (cost=0.00..0.01 rows=1 width=736)

table 5 : explain INSERT INTO sbtest5 (id, k, c, pad) VALUES (1116855, 13, 'foobar', 'foobar')
	Insert on sbtest5  (cost=0.00..0.01 rows=0 width=0)
	  ->  Result  (cost=0.00..0.01 rows=1 width=736)

table 6 : explain INSERT INTO sbtest6 (id, k, c, pad) VALUES (5803833, 13, 'foobar', 'foobar')
	Insert on sbtest6  (cost=0.00..0.01 rows=0 width=0)
	  ->  Result  (cost=0.00..0.01 rows=1 width=736)

table 7 : explain INSERT INTO sbtest7 (id, k, c, pad) VALUES (419654, 13, 'foobar', 'foobar')
	Insert on sbtest7  (cost=0.00..0.01 rows=0 width=0)
	  ->  Result  (cost=0.00..0.01 rows=1 width=736)

table 8 : explain INSERT INTO sbtest8 (id, k, c, pad) VALUES (7567557, 13, 'foobar', 'foobar')
	Insert on sbtest8  (cost=0.00..0.01 rows=0 width=0)
	  ->  Result  (cost=0.00..0.01 rows=1 width=736)

for deletes
table 1 : explain DELETE FROM sbtest1 WHERE id=6952546
	Delete on sbtest1  (cost=0.43..8.45 rows=0 width=0)
	  ->  Index Scan using sbtest1_pkey on sbtest1  (cost=0.43..8.45 rows=1 width=6)
	        Index Cond: (id = 6952546)

table 2 : explain DELETE FROM sbtest2 WHERE id=6735367
	Delete on sbtest2  (cost=0.43..8.45 rows=0 width=0)
	  ->  Index Scan using sbtest2_pkey on sbtest2  (cost=0.43..8.45 rows=1 width=6)
	        Index Cond: (id = 6735367)

table 3 : explain DELETE FROM sbtest3 WHERE id=7029170
	Delete on sbtest3  (cost=0.43..8.45 rows=0 width=0)
	  ->  Index Scan using sbtest3_pkey on sbtest3  (cost=0.43..8.45 rows=1 width=6)
	        Index Cond: (id = 7029170)

table 4 : explain DELETE FROM sbtest4 WHERE id=1949153
	Delete on sbtest4  (cost=0.43..8.45 rows=0 width=0)
	  ->  Index Scan using sbtest4_pkey on sbtest4  (cost=0.43..8.45 rows=1 width=6)
	        Index Cond: (id = 1949153)

table 5 : explain DELETE FROM sbtest5 WHERE id=7028539
	Delete on sbtest5  (cost=0.43..8.45 rows=0 width=0)
	  ->  Index Scan using sbtest5_pkey on sbtest5  (cost=0.43..8.45 rows=1 width=6)
	        Index Cond: (id = 7028539)

table 6 : explain DELETE FROM sbtest6 WHERE id=9370319
	Delete on sbtest6  (cost=0.43..8.45 rows=0 width=0)
	  ->  Index Scan using sbtest6_pkey on sbtest6  (cost=0.43..8.45 rows=1 width=6)
	        Index Cond: (id = 9370319)

table 7 : explain DELETE FROM sbtest7 WHERE id=8874895
	Delete on sbtest7  (cost=0.43..8.45 rows=0 width=0)
	  ->  Index Scan using sbtest7_pkey on sbtest7  (cost=0.43..8.45 rows=1 width=6)
	        Index Cond: (id = 8874895)

table 8 : explain DELETE FROM sbtest8 WHERE id=9144441
	Delete on sbtest8  (cost=0.43..8.45 rows=0 width=0)
	  ->  Index Scan using sbtest8_pkey on sbtest8  (cost=0.43..8.45 rows=1 width=6)
	        Index Cond: (id = 9144441)

explain: for point_selects :: explain SELECT c FROM sbtest%u WHERE id=%u
for point_selects
table 1 : explain SELECT c FROM sbtest1 WHERE id=9688892
	Index Scan using sbtest1_pkey on sbtest1  (cost=0.43..8.45 rows=1 width=121)
	  Index Cond: (id = 9688892)

table 2 : explain SELECT c FROM sbtest2 WHERE id=1323232
	Index Scan using sbtest2_pkey on sbtest2  (cost=0.43..8.45 rows=1 width=121)
	  Index Cond: (id = 1323232)

table 3 : explain SELECT c FROM sbtest3 WHERE id=1371963
	Index Scan using sbtest3_pkey on sbtest3  (cost=0.43..8.45 rows=1 width=121)
	  Index Cond: (id = 1371963)

table 4 : explain SELECT c FROM sbtest4 WHERE id=1997803
	Index Scan using sbtest4_pkey on sbtest4  (cost=0.43..8.45 rows=1 width=121)
	  Index Cond: (id = 1997803)

table 5 : explain SELECT c FROM sbtest5 WHERE id=3121505
	Index Scan using sbtest5_pkey on sbtest5  (cost=0.43..8.45 rows=1 width=121)
	  Index Cond: (id = 3121505)

table 6 : explain SELECT c FROM sbtest6 WHERE id=5678263
	Index Scan using sbtest6_pkey on sbtest6  (cost=0.43..8.45 rows=1 width=121)
	  Index Cond: (id = 5678263)

table 7 : explain SELECT c FROM sbtest7 WHERE id=5482405
	Index Scan using sbtest7_pkey on sbtest7  (cost=0.43..8.45 rows=1 width=121)
	  Index Cond: (id = 5482405)

table 8 : explain SELECT c FROM sbtest8 WHERE id=8398854
	Index Scan using sbtest8_pkey on sbtest8  (cost=0.43..8.45 rows=1 width=121)
	  Index Cond: (id = 8398854)

for non_index_updates
table 1 : explain UPDATE sbtest1 SET c='foobar' WHERE id=1259104
	Update on sbtest1  (cost=0.43..8.45 rows=0 width=0)
	  ->  Index Scan using sbtest1_pkey on sbtest1  (cost=0.43..8.45 rows=1 width=490)
	        Index Cond: (id = 1259104)

table 2 : explain UPDATE sbtest2 SET c='foobar' WHERE id=7509741
	Update on sbtest2  (cost=0.43..8.45 rows=0 width=0)
	  ->  Index Scan using sbtest2_pkey on sbtest2  (cost=0.43..8.45 rows=1 width=490)
	        Index Cond: (id = 7509741)

table 3 : explain UPDATE sbtest3 SET c='foobar' WHERE id=8990743
	Update on sbtest3  (cost=0.43..8.45 rows=0 width=0)
	  ->  Index Scan using sbtest3_pkey on sbtest3  (cost=0.43..8.45 rows=1 width=490)
	        Index Cond: (id = 8990743)

table 4 : explain UPDATE sbtest4 SET c='foobar' WHERE id=8818699
	Update on sbtest4  (cost=0.43..8.45 rows=0 width=0)
	  ->  Index Scan using sbtest4_pkey on sbtest4  (cost=0.43..8.45 rows=1 width=490)
	        Index Cond: (id = 8818699)

table 5 : explain UPDATE sbtest5 SET c='foobar' WHERE id=7267764
	Update on sbtest5  (cost=0.43..8.45 rows=0 width=0)
	  ->  Index Scan using sbtest5_pkey on sbtest5  (cost=0.43..8.45 rows=1 width=490)
	        Index Cond: (id = 7267764)

table 6 : explain UPDATE sbtest6 SET c='foobar' WHERE id=6880841
	Update on sbtest6  (cost=0.43..8.45 rows=0 width=0)
	  ->  Index Scan using sbtest6_pkey on sbtest6  (cost=0.43..8.45 rows=1 width=490)
	        Index Cond: (id = 6880841)

table 7 : explain UPDATE sbtest7 SET c='foobar' WHERE id=8908448
	Update on sbtest7  (cost=0.43..8.45 rows=0 width=0)
	  ->  Index Scan using sbtest7_pkey on sbtest7  (cost=0.43..8.45 rows=1 width=490)
	        Index Cond: (id = 8908448)

table 8 : explain UPDATE sbtest8 SET c='foobar' WHERE id=2369757
	Update on sbtest8  (cost=0.43..8.45 rows=0 width=0)
	  ->  Index Scan using sbtest8_pkey on sbtest8  (cost=0.43..8.45 rows=1 width=490)
	        Index Cond: (id = 2369757)

explain: for inserts :: explain INSERT INTO sbtest%u (id, k, c, pad) VALUES (%u, 13, 'foobar', 'foobar')
for point_selects
table 1 : explain SELECT c FROM sbtest1 WHERE id=4906729
	Index Scan using sbtest1_pkey on sbtest1  (cost=0.43..8.45 rows=1 width=121)
	  Index Cond: (id = 4906729)

table 2 : explain SELECT c FROM sbtest2 WHERE id=296634
	Index Scan using sbtest2_pkey on sbtest2  (cost=0.43..8.45 rows=1 width=121)
	  Index Cond: (id = 296634)

table 3 : explain SELECT c FROM sbtest3 WHERE id=2523033
	Index Scan using sbtest3_pkey on sbtest3  (cost=0.43..8.45 rows=1 width=121)
	  Index Cond: (id = 2523033)

table 4 : explain SELECT c FROM sbtest4 WHERE id=2804251
	Index Scan using sbtest4_pkey on sbtest4  (cost=0.43..8.45 rows=1 width=121)
	  Index Cond: (id = 2804251)

table 5 : explain SELECT c FROM sbtest5 WHERE id=2005573
	Index Scan using sbtest5_pkey on sbtest5  (cost=0.43..8.45 rows=1 width=121)
	  Index Cond: (id = 2005573)

table 6 : explain SELECT c FROM sbtest6 WHERE id=4721270
	Index Scan using sbtest6_pkey on sbtest6  (cost=0.43..8.45 rows=1 width=121)
	  Index Cond: (id = 4721270)

table 7 : explain SELECT c FROM sbtest7 WHERE id=421957
	Index Scan using sbtest7_pkey on sbtest7  (cost=0.43..8.45 rows=1 width=121)
	  Index Cond: (id = 421957)

table 8 : explain SELECT c FROM sbtest8 WHERE id=8137454
	Index Scan using sbtest8_pkey on sbtest8  (cost=0.43..8.45 rows=1 width=121)
	  Index Cond: (id = 8137454)

explain: for inserts :: explain INSERT INTO sbtest%u (id, k, c, pad) VALUES (%u, 13, 'foobar', 'foobar')
for deletes
table 1 : explain DELETE FROM sbtest1 WHERE id=1499006
	Delete on sbtest1  (cost=0.43..8.45 rows=0 width=0)
	  ->  Index Scan using sbtest1_pkey on sbtest1  (cost=0.43..8.45 rows=1 width=6)
	        Index Cond: (id = 1499006)

table 2 : explain DELETE FROM sbtest2 WHERE id=7396876
	Delete on sbtest2  (cost=0.43..8.45 rows=0 width=0)
	  ->  Index Scan using sbtest2_pkey on sbtest2  (cost=0.43..8.45 rows=1 width=6)
	        Index Cond: (id = 7396876)

table 3 : explain DELETE FROM sbtest3 WHERE id=229659
	Delete on sbtest3  (cost=0.43..8.45 rows=0 width=0)
	  ->  Index Scan using sbtest3_pkey on sbtest3  (cost=0.43..8.45 rows=1 width=6)
	        Index Cond: (id = 229659)

table 4 : explain DELETE FROM sbtest4 WHERE id=6554730
	Delete on sbtest4  (cost=0.43..8.45 rows=0 width=0)
	  ->  Index Scan using sbtest4_pkey on sbtest4  (cost=0.43..8.45 rows=1 width=6)
	        Index Cond: (id = 6554730)

table 5 : explain DELETE FROM sbtest5 WHERE id=2005146
	Delete on sbtest5  (cost=0.43..8.45 rows=0 width=0)
	  ->  Index Scan using sbtest5_pkey on sbtest5  (cost=0.43..8.45 rows=1 width=6)
	        Index Cond: (id = 2005146)

table 6 : explain DELETE FROM sbtest6 WHERE id=538715
	Delete on sbtest6  (cost=0.43..8.45 rows=0 width=0)
	  ->  Index Scan using sbtest6_pkey on sbtest6  (cost=0.43..8.45 rows=1 width=6)
	        Index Cond: (id = 538715)

table 7 : explain DELETE FROM sbtest7 WHERE id=3247876
	Delete on sbtest7  (cost=0.43..8.45 rows=0 width=0)
	  ->  Index Scan using sbtest7_pkey on sbtest7  (cost=0.43..8.45 rows=1 width=6)
	        Index Cond: (id = 3247876)

table 8 : explain DELETE FROM sbtest8 WHERE id=2932955
	Delete on sbtest8  (cost=0.43..8.45 rows=0 width=0)
	  ->  Index Scan using sbtest8_pkey on sbtest8  (cost=0.43..8.45 rows=1 width=6)
	        Index Cond: (id = 2932955)

explain: for deletes :: explain DELETE FROM sbtest%u WHERE id=%u
for: distinct_ranges
table 1 : explain SELECT DISTINCT c FROM sbtest1 WHERE id BETWEEN 2397333 AND 2397432 ORDER BY c
	Unique  (cost=399.42..399.93 rows=103 width=121)
	  ->  Sort  (cost=399.42..399.68 rows=103 width=121)
	        Sort Key: c
	        ->  Index Scan using sbtest1_pkey on sbtest1  (cost=0.43..395.98 rows=103 width=121)
	              Index Cond: ((id >= 2397333) AND (id <= 2397432))

table 2 : explain SELECT DISTINCT c FROM sbtest2 WHERE id BETWEEN 9359176 AND 9359275 ORDER BY c
	Unique  (cost=394.33..394.84 rows=101 width=121)
	  ->  Sort  (cost=394.33..394.58 rows=101 width=121)
	        Sort Key: c
	        ->  Index Scan using sbtest2_pkey on sbtest2  (cost=0.43..390.97 rows=101 width=121)
	              Index Cond: ((id >= 9359176) AND (id <= 9359275))

table 3 : explain SELECT DISTINCT c FROM sbtest3 WHERE id BETWEEN 5695355 AND 5695454 ORDER BY c
	Unique  (cost=389.05..389.55 rows=100 width=121)
	  ->  Sort  (cost=389.05..389.30 rows=100 width=121)
	        Sort Key: c
	        ->  Index Scan using sbtest3_pkey on sbtest3  (cost=0.43..385.73 rows=100 width=121)
	              Index Cond: ((id >= 5695355) AND (id <= 5695454))

table 4 : explain SELECT DISTINCT c FROM sbtest4 WHERE id BETWEEN 72889 AND 72988 ORDER BY c
	Unique  (cost=390.82..391.32 rows=100 width=121)
	  ->  Sort  (cost=390.82..391.07 rows=100 width=121)
	        Sort Key: c
	        ->  Index Scan using sbtest4_pkey on sbtest4  (cost=0.43..387.50 rows=100 width=121)
	              Index Cond: ((id >= 72889) AND (id <= 72988))

table 5 : explain SELECT DISTINCT c FROM sbtest5 WHERE id BETWEEN 6643241 AND 6643340 ORDER BY c
	Unique  (cost=388.77..389.27 rows=99 width=121)
	  ->  Sort  (cost=388.77..389.02 rows=99 width=121)
	        Sort Key: c
	        ->  Index Scan using sbtest5_pkey on sbtest5  (cost=0.43..385.49 rows=99 width=121)
	              Index Cond: ((id >= 6643241) AND (id <= 6643340))

table 6 : explain SELECT DISTINCT c FROM sbtest6 WHERE id BETWEEN 6774554 AND 6774653 ORDER BY c
	Unique  (cost=355.73..356.18 rows=91 width=121)
	  ->  Sort  (cost=355.73..355.96 rows=91 width=121)
	        Sort Key: c
	        ->  Index Scan using sbtest6_pkey on sbtest6  (cost=0.43..352.77 rows=91 width=121)
	              Index Cond: ((id >= 6774554) AND (id <= 6774653))

table 7 : explain SELECT DISTINCT c FROM sbtest7 WHERE id BETWEEN 7266776 AND 7266875 ORDER BY c
	Unique  (cost=380.60..381.09 rows=98 width=121)
	  ->  Sort  (cost=380.60..380.85 rows=98 width=121)
	        Sort Key: c
	        ->  Index Scan using sbtest7_pkey on sbtest7  (cost=0.43..377.36 rows=98 width=121)
	              Index Cond: ((id >= 7266776) AND (id <= 7266875))

table 8 : explain SELECT DISTINCT c FROM sbtest8 WHERE id BETWEEN 7899846 AND 7899945 ORDER BY c
	Unique  (cost=390.96..391.46 rows=100 width=121)
	  ->  Sort  (cost=390.96..391.21 rows=100 width=121)
	        Sort Key: c
	        ->  Index Scan using sbtest8_pkey on sbtest8  (cost=0.43..387.64 rows=100 width=121)
	              Index Cond: ((id >= 7899846) AND (id <= 7899945))

for: sum_ranges
table 1 : explain SELECT SUM(k) FROM sbtest1 WHERE id BETWEEN 2336321 AND 2336420
	Aggregate  (cost=396.23..396.24 rows=1 width=8)
	  ->  Index Scan using sbtest1_pkey on sbtest1  (cost=0.43..395.98 rows=103 width=4)
	        Index Cond: ((id >= 2336321) AND (id <= 2336420))

table 2 : explain SELECT SUM(k) FROM sbtest2 WHERE id BETWEEN 8454099 AND 8454198
	Aggregate  (cost=398.87..398.88 rows=1 width=8)
	  ->  Index Scan using sbtest2_pkey on sbtest2  (cost=0.43..398.62 rows=103 width=4)
	        Index Cond: ((id >= 8454099) AND (id <= 8454198))

table 3 : explain SELECT SUM(k) FROM sbtest3 WHERE id BETWEEN 5415160 AND 5415259
	Aggregate  (cost=420.29..420.30 rows=1 width=8)
	  ->  Index Scan using sbtest3_pkey on sbtest3  (cost=0.43..420.02 rows=109 width=4)
	        Index Cond: ((id >= 5415160) AND (id <= 5415259))

table 4 : explain SELECT SUM(k) FROM sbtest4 WHERE id BETWEEN 1303304 AND 1303403
	Aggregate  (cost=429.88..429.89 rows=1 width=8)
	  ->  Index Scan using sbtest4_pkey on sbtest4  (cost=0.43..429.60 rows=111 width=4)
	        Index Cond: ((id >= 1303304) AND (id <= 1303403))

table 5 : explain SELECT SUM(k) FROM sbtest5 WHERE id BETWEEN 5334787 AND 5334886
	Aggregate  (cost=397.28..397.29 rows=1 width=8)
	  ->  Index Scan using sbtest5_pkey on sbtest5  (cost=0.43..397.03 rows=102 width=4)
	        Index Cond: ((id >= 5334787) AND (id <= 5334886))

table 6 : explain SELECT SUM(k) FROM sbtest6 WHERE id BETWEEN 9316056 AND 9316155
	Aggregate  (cost=395.14..395.15 rows=1 width=8)
	  ->  Index Scan using sbtest6_pkey on sbtest6  (cost=0.43..394.89 rows=102 width=4)
	        Index Cond: ((id >= 9316056) AND (id <= 9316155))

table 7 : explain SELECT SUM(k) FROM sbtest7 WHERE id BETWEEN 3432784 AND 3432883
	Aggregate  (cost=415.65..415.66 rows=1 width=8)
	  ->  Index Scan using sbtest7_pkey on sbtest7  (cost=0.43..415.38 rows=108 width=4)
	        Index Cond: ((id >= 3432784) AND (id <= 3432883))

table 8 : explain SELECT SUM(k) FROM sbtest8 WHERE id BETWEEN 2644191 AND 2644290
	Aggregate  (cost=407.04..407.05 rows=1 width=8)
	  ->  Index Scan using sbtest8_pkey on sbtest8  (cost=0.43..406.78 rows=105 width=4)
	        Index Cond: ((id >= 2644191) AND (id <= 2644290))

for: simple_ranges
table 1 : explain SELECT c FROM sbtest1 WHERE id BETWEEN 9116615 AND 9116714
	Index Scan using sbtest1_pkey on sbtest1  (cost=0.43..373.19 rows=97 width=121)
	  Index Cond: ((id >= 9116615) AND (id <= 9116714))

table 2 : explain SELECT c FROM sbtest2 WHERE id BETWEEN 4522187 AND 4522286
	Index Scan using sbtest2_pkey on sbtest2  (cost=0.43..433.03 rows=112 width=121)
	  Index Cond: ((id >= 4522187) AND (id <= 4522286))

table 3 : explain SELECT c FROM sbtest3 WHERE id BETWEEN 9472695 AND 9472794
	Index Scan using sbtest3_pkey on sbtest3  (cost=0.43..359.07 rows=93 width=121)
	  Index Cond: ((id >= 9472695) AND (id <= 9472794))

table 4 : explain SELECT c FROM sbtest4 WHERE id BETWEEN 8362809 AND 8362908
	Index Scan using sbtest4_pkey on sbtest4  (cost=0.43..391.33 rows=101 width=121)
	  Index Cond: ((id >= 8362809) AND (id <= 8362908))

table 5 : explain SELECT c FROM sbtest5 WHERE id BETWEEN 9159765 AND 9159864
	Index Scan using sbtest5_pkey on sbtest5  (cost=0.43..346.99 rows=89 width=121)
	  Index Cond: ((id >= 9159765) AND (id <= 9159864))

table 6 : explain SELECT c FROM sbtest6 WHERE id BETWEEN 6859706 AND 6859805
	Index Scan using sbtest6_pkey on sbtest6  (cost=0.43..391.06 rows=101 width=121)
	  Index Cond: ((id >= 6859706) AND (id <= 6859805))

table 7 : explain SELECT c FROM sbtest7 WHERE id BETWEEN 6596935 AND 6597034
	Index Scan using sbtest7_pkey on sbtest7  (cost=0.43..354.55 rows=92 width=121)
	  Index Cond: ((id >= 6596935) AND (id <= 6597034))

table 8 : explain SELECT c FROM sbtest8 WHERE id BETWEEN 5576835 AND 5576934
	Index Scan using sbtest8_pkey on sbtest8  (cost=0.43..410.61 rows=106 width=121)
	  Index Cond: ((id >= 5576835) AND (id <= 5576934))

for inserts
table 1 : explain INSERT INTO sbtest1 (id, k, c, pad) VALUES (1684985, 13, 'foobar', 'foobar')
	Insert on sbtest1  (cost=0.00..0.01 rows=0 width=0)
	  ->  Result  (cost=0.00..0.01 rows=1 width=736)

table 2 : explain INSERT INTO sbtest2 (id, k, c, pad) VALUES (1253678, 13, 'foobar', 'foobar')
	Insert on sbtest2  (cost=0.00..0.01 rows=0 width=0)
	  ->  Result  (cost=0.00..0.01 rows=1 width=736)

table 3 : explain INSERT INTO sbtest3 (id, k, c, pad) VALUES (8109712, 13, 'foobar', 'foobar')
	Insert on sbtest3  (cost=0.00..0.01 rows=0 width=0)
	  ->  Result  (cost=0.00..0.01 rows=1 width=736)

table 4 : explain INSERT INTO sbtest4 (id, k, c, pad) VALUES (3460847, 13, 'foobar', 'foobar')
	Insert on sbtest4  (cost=0.00..0.01 rows=0 width=0)
	  ->  Result  (cost=0.00..0.01 rows=1 width=736)

table 5 : explain INSERT INTO sbtest5 (id, k, c, pad) VALUES (4246507, 13, 'foobar', 'foobar')
	Insert on sbtest5  (cost=0.00..0.01 rows=0 width=0)
	  ->  Result  (cost=0.00..0.01 rows=1 width=736)

table 6 : explain INSERT INTO sbtest6 (id, k, c, pad) VALUES (6325440, 13, 'foobar', 'foobar')
	Insert on sbtest6  (cost=0.00..0.01 rows=0 width=0)
	  ->  Result  (cost=0.00..0.01 rows=1 width=736)

table 7 : explain INSERT INTO sbtest7 (id, k, c, pad) VALUES (1044304, 13, 'foobar', 'foobar')
	Insert on sbtest7  (cost=0.00..0.01 rows=0 width=0)
	  ->  Result  (cost=0.00..0.01 rows=1 width=736)

table 8 : explain INSERT INTO sbtest8 (id, k, c, pad) VALUES (6133813, 13, 'foobar', 'foobar')
	Insert on sbtest8  (cost=0.00..0.01 rows=0 width=0)
	  ->  Result  (cost=0.00..0.01 rows=1 width=736)

for point_selects
table 1 : explain SELECT c FROM sbtest1 WHERE id=1065492
	Index Scan using sbtest1_pkey on sbtest1  (cost=0.43..8.45 rows=1 width=121)
	  Index Cond: (id = 1065492)

table 2 : explain SELECT c FROM sbtest2 WHERE id=9578734
	Index Scan using sbtest2_pkey on sbtest2  (cost=0.43..8.45 rows=1 width=121)
	  Index Cond: (id = 9578734)

table 3 : explain SELECT c FROM sbtest3 WHERE id=9543994
	Index Scan using sbtest3_pkey on sbtest3  (cost=0.43..8.45 rows=1 width=121)
	  Index Cond: (id = 9543994)

table 4 : explain SELECT c FROM sbtest4 WHERE id=2256830
	Index Scan using sbtest4_pkey on sbtest4  (cost=0.43..8.45 rows=1 width=121)
	  Index Cond: (id = 2256830)

table 5 : explain SELECT c FROM sbtest5 WHERE id=9826788
	Index Scan using sbtest5_pkey on sbtest5  (cost=0.43..8.45 rows=1 width=121)
	  Index Cond: (id = 9826788)

table 6 : explain SELECT c FROM sbtest6 WHERE id=9065345
	Index Scan using sbtest6_pkey on sbtest6  (cost=0.43..8.45 rows=1 width=121)
	  Index Cond: (id = 9065345)

table 7 : explain SELECT c FROM sbtest7 WHERE id=1773045
	Index Scan using sbtest7_pkey on sbtest7  (cost=0.43..8.45 rows=1 width=121)
	  Index Cond: (id = 1773045)

table 8 : explain SELECT c FROM sbtest8 WHERE id=6335281
	Index Scan using sbtest8_pkey on sbtest8  (cost=0.43..8.45 rows=1 width=121)
	  Index Cond: (id = 6335281)

for: simple_ranges
table 1 : explain SELECT c FROM sbtest1 WHERE id BETWEEN 6526069 AND 6526168
	Index Scan using sbtest1_pkey on sbtest1  (cost=0.43..384.58 rows=100 width=121)
	  Index Cond: ((id >= 6526069) AND (id <= 6526168))

table 2 : explain SELECT c FROM sbtest2 WHERE id BETWEEN 9980105 AND 9980204
	Index Scan using sbtest2_pkey on sbtest2  (cost=0.43..375.62 rows=97 width=121)
	  Index Cond: ((id >= 9980105) AND (id <= 9980204))

table 3 : explain SELECT c FROM sbtest3 WHERE id BETWEEN 4412720 AND 4412819
	Index Scan using sbtest3_pkey on sbtest3  (cost=0.43..362.88 rows=94 width=121)
	  Index Cond: ((id >= 4412720) AND (id <= 4412819))

table 4 : explain SELECT c FROM sbtest4 WHERE id BETWEEN 8859265 AND 8859364
	Index Scan using sbtest4_pkey on sbtest4  (cost=0.43..376.02 rows=97 width=121)
	  Index Cond: ((id >= 8859265) AND (id <= 8859364))

table 5 : explain SELECT c FROM sbtest5 WHERE id BETWEEN 953006 AND 953105
	Index Scan using sbtest5_pkey on sbtest5  (cost=0.43..412.41 rows=106 width=121)
	  Index Cond: ((id >= 953006) AND (id <= 953105))

table 6 : explain SELECT c FROM sbtest6 WHERE id BETWEEN 3504254 AND 3504353
	Index Scan using sbtest6_pkey on sbtest6  (cost=0.43..383.41 rows=99 width=121)
	  Index Cond: ((id >= 3504254) AND (id <= 3504353))

table 7 : explain SELECT c FROM sbtest7 WHERE id BETWEEN 2214258 AND 2214357
	Index Scan using sbtest7_pkey on sbtest7  (cost=0.43..384.97 rows=100 width=121)
	  Index Cond: ((id >= 2214258) AND (id <= 2214357))

table 8 : explain SELECT c FROM sbtest8 WHERE id BETWEEN 8261978 AND 8262077
	Index Scan using sbtest8_pkey on sbtest8  (cost=0.43..391.47 rows=101 width=121)
	  Index Cond: ((id >= 8261978) AND (id <= 8262077))

explain: for index_updates :: explain UPDATE sbtest%u SET k=k+1 WHERE id=%u
for point_selects
table 1 : explain SELECT c FROM sbtest1 WHERE id=3988866
	Index Scan using sbtest1_pkey on sbtest1  (cost=0.43..8.45 rows=1 width=121)
	  Index Cond: (id = 3988866)

table 2 : explain SELECT c FROM sbtest2 WHERE id=2958126
	Index Scan using sbtest2_pkey on sbtest2  (cost=0.43..8.45 rows=1 width=121)
	  Index Cond: (id = 2958126)

table 3 : explain SELECT c FROM sbtest3 WHERE id=487881
	Index Scan using sbtest3_pkey on sbtest3  (cost=0.43..8.45 rows=1 width=121)
	  Index Cond: (id = 487881)

table 4 : explain SELECT c FROM sbtest4 WHERE id=3726343
	Index Scan using sbtest4_pkey on sbtest4  (cost=0.43..8.45 rows=1 width=121)
	  Index Cond: (id = 3726343)

table 5 : explain SELECT c FROM sbtest5 WHERE id=8058825
	Index Scan using sbtest5_pkey on sbtest5  (cost=0.43..8.45 rows=1 width=121)
	  Index Cond: (id = 8058825)

table 6 : explain SELECT c FROM sbtest6 WHERE id=7830932
	Index Scan using sbtest6_pkey on sbtest6  (cost=0.43..8.45 rows=1 width=121)
	  Index Cond: (id = 7830932)

table 7 : explain SELECT c FROM sbtest7 WHERE id=4656994
	Index Scan using sbtest7_pkey on sbtest7  (cost=0.43..8.45 rows=1 width=121)
	  Index Cond: (id = 4656994)

table 8 : explain SELECT c FROM sbtest8 WHERE id=7017076
	Index Scan using sbtest8_pkey on sbtest8  (cost=0.43..8.45 rows=1 width=121)
	  Index Cond: (id = 7017076)

explain: for point_selects :: explain SELECT c FROM sbtest%u WHERE id=%u
explain: for point_selects :: explain SELECT c FROM sbtest%u WHERE id=%u
explain: for inserts :: explain INSERT INTO sbtest%u (id, k, c, pad) VALUES (%u, 13, 'foobar', 'foobar')
for inserts
table 1 : explain INSERT INTO sbtest1 (id, k, c, pad) VALUES (2053002, 13, 'foobar', 'foobar')
	Insert on sbtest1  (cost=0.00..0.01 rows=0 width=0)
	  ->  Result  (cost=0.00..0.01 rows=1 width=736)

table 2 : explain INSERT INTO sbtest2 (id, k, c, pad) VALUES (9082180, 13, 'foobar', 'foobar')
	Insert on sbtest2  (cost=0.00..0.01 rows=0 width=0)
	  ->  Result  (cost=0.00..0.01 rows=1 width=736)

table 3 : explain INSERT INTO sbtest3 (id, k, c, pad) VALUES (5315077, 13, 'foobar', 'foobar')
	Insert on sbtest3  (cost=0.00..0.01 rows=0 width=0)
	  ->  Result  (cost=0.00..0.01 rows=1 width=736)

table 4 : explain INSERT INTO sbtest4 (id, k, c, pad) VALUES (4555910, 13, 'foobar', 'foobar')
	Insert on sbtest4  (cost=0.00..0.01 rows=0 width=0)
	  ->  Result  (cost=0.00..0.01 rows=1 width=736)

table 5 : explain INSERT INTO sbtest5 (id, k, c, pad) VALUES (689455, 13, 'foobar', 'foobar')
	Insert on sbtest5  (cost=0.00..0.01 rows=0 width=0)
	  ->  Result  (cost=0.00..0.01 rows=1 width=736)

table 6 : explain INSERT INTO sbtest6 (id, k, c, pad) VALUES (6658563, 13, 'foobar', 'foobar')
	Insert on sbtest6  (cost=0.00..0.01 rows=0 width=0)
	  ->  Result  (cost=0.00..0.01 rows=1 width=736)

table 7 : explain INSERT INTO sbtest7 (id, k, c, pad) VALUES (6450200, 13, 'foobar', 'foobar')
	Insert on sbtest7  (cost=0.00..0.01 rows=0 width=0)
	  ->  Result  (cost=0.00..0.01 rows=1 width=736)

table 8 : explain INSERT INTO sbtest8 (id, k, c, pad) VALUES (2253703, 13, 'foobar', 'foobar')
	Insert on sbtest8  (cost=0.00..0.01 rows=0 width=0)
	  ->  Result  (cost=0.00..0.01 rows=1 width=736)

for: simple_ranges
table 1 : explain SELECT c FROM sbtest1 WHERE id BETWEEN 4121181 AND 4121280
	Index Scan using sbtest1_pkey on sbtest1  (cost=0.43..395.98 rows=103 width=121)
	  Index Cond: ((id >= 4121181) AND (id <= 4121280))

table 2 : explain SELECT c FROM sbtest2 WHERE id BETWEEN 8711752 AND 8711851
	Index Scan using sbtest2_pkey on sbtest2  (cost=0.43..440.68 rows=114 width=121)
	  Index Cond: ((id >= 8711752) AND (id <= 8711851))

table 3 : explain SELECT c FROM sbtest3 WHERE id BETWEEN 1297807 AND 1297906
	Index Scan using sbtest3_pkey on sbtest3  (cost=0.43..404.78 rows=105 width=121)
	  Index Cond: ((id >= 1297807) AND (id <= 1297906))

table 4 : explain SELECT c FROM sbtest4 WHERE id BETWEEN 3217490 AND 3217589
	Index Scan using sbtest4_pkey on sbtest4  (cost=0.43..383.67 rows=99 width=121)
	  Index Cond: ((id >= 3217490) AND (id <= 3217589))

table 5 : explain SELECT c FROM sbtest5 WHERE id BETWEEN 1603583 AND 1603682
	Index Scan using sbtest5_pkey on sbtest5  (cost=0.43..431.64 rows=111 width=121)
	  Index Cond: ((id >= 1603583) AND (id <= 1603682))

table 6 : explain SELECT c FROM sbtest6 WHERE id BETWEEN 2117957 AND 2118056
	Index Scan using sbtest6_pkey on sbtest6  (cost=0.43..379.59 rows=98 width=121)
	  Index Cond: ((id >= 2117957) AND (id <= 2118056))

table 7 : explain SELECT c FROM sbtest7 WHERE id BETWEEN 4617643 AND 4617742
	Index Scan using sbtest7_pkey on sbtest7  (cost=0.43..384.97 rows=100 width=121)
	  Index Cond: ((id >= 4617643) AND (id <= 4617742))

table 8 : explain SELECT c FROM sbtest8 WHERE id BETWEEN 248318 AND 248417
	Index Scan using sbtest8_pkey on sbtest8  (cost=0.43..391.47 rows=101 width=121)
	  Index Cond: ((id >= 248318) AND (id <= 248417))

explain: for point_selects :: explain SELECT c FROM sbtest%u WHERE id=%u
for index_updates
table 1 : explain UPDATE sbtest1 SET k=k+1 WHERE id=7058623
	Update on sbtest1  (cost=0.43..8.46 rows=0 width=0)
	  ->  Index Scan using sbtest1_pkey on sbtest1  (cost=0.43..8.46 rows=1 width=10)
	        Index Cond: (id = 7058623)

table 2 : explain UPDATE sbtest2 SET k=k+1 WHERE id=8485371
	Update on sbtest2  (cost=0.43..8.46 rows=0 width=0)
	  ->  Index Scan using sbtest2_pkey on sbtest2  (cost=0.43..8.46 rows=1 width=10)
	        Index Cond: (id = 8485371)

table 3 : explain UPDATE sbtest3 SET k=k+1 WHERE id=1062476
	Update on sbtest3  (cost=0.43..8.46 rows=0 width=0)
	  ->  Index Scan using sbtest3_pkey on sbtest3  (cost=0.43..8.46 rows=1 width=10)
	        Index Cond: (id = 1062476)

table 4 : explain UPDATE sbtest4 SET k=k+1 WHERE id=2368242
	Update on sbtest4  (cost=0.43..8.46 rows=0 width=0)
	  ->  Index Scan using sbtest4_pkey on sbtest4  (cost=0.43..8.46 rows=1 width=10)
	        Index Cond: (id = 2368242)

table 5 : explain UPDATE sbtest5 SET k=k+1 WHERE id=5054600
	Update on sbtest5  (cost=0.43..8.46 rows=0 width=0)
	  ->  Index Scan using sbtest5_pkey on sbtest5  (cost=0.43..8.46 rows=1 width=10)
	        Index Cond: (id = 5054600)

table 6 : explain UPDATE sbtest6 SET k=k+1 WHERE id=2585719
	Update on sbtest6  (cost=0.43..8.46 rows=0 width=0)
	  ->  Index Scan using sbtest6_pkey on sbtest6  (cost=0.43..8.46 rows=1 width=10)
	        Index Cond: (id = 2585719)

table 7 : explain UPDATE sbtest7 SET k=k+1 WHERE id=8064621
	Update on sbtest7  (cost=0.43..8.46 rows=0 width=0)
	  ->  Index Scan using sbtest7_pkey on sbtest7  (cost=0.43..8.46 rows=1 width=10)
	        Index Cond: (id = 8064621)

table 8 : explain UPDATE sbtest8 SET k=k+1 WHERE id=4936205
	Update on sbtest8  (cost=0.43..8.46 rows=0 width=0)
	  ->  Index Scan using sbtest8_pkey on sbtest8  (cost=0.43..8.46 rows=1 width=10)
	        Index Cond: (id = 4936205)

for: simple_ranges
table 1 : explain SELECT c FROM sbtest1 WHERE id BETWEEN 1546720 AND 1546819
	Index Scan using sbtest1_pkey on sbtest1  (cost=0.43..369.39 rows=96 width=121)
	  Index Cond: ((id >= 1546720) AND (id <= 1546819))

table 2 : explain SELECT c FROM sbtest2 WHERE id BETWEEN 7469885 AND 7469984
	Index Scan using sbtest2_pkey on sbtest2  (cost=0.43..348.86 rows=90 width=121)
	  Index Cond: ((id >= 7469885) AND (id <= 7469984))

table 3 : explain SELECT c FROM sbtest3 WHERE id BETWEEN 6622317 AND 6622416
	Index Scan using sbtest3_pkey on sbtest3  (cost=0.43..408.59 rows=106 width=121)
	  Index Cond: ((id >= 6622317) AND (id <= 6622416))

table 4 : explain SELECT c FROM sbtest4 WHERE id BETWEEN 7903973 AND 7904072
	Index Scan using sbtest4_pkey on sbtest4  (cost=0.43..360.71 rows=93 width=121)
	  Index Cond: ((id >= 7903973) AND (id <= 7904072))

table 5 : explain SELECT c FROM sbtest5 WHERE id BETWEEN 4620502 AND 4620601
	Index Scan using sbtest5_pkey on sbtest5  (cost=0.43..423.95 rows=109 width=121)
	  Index Cond: ((id >= 4620502) AND (id <= 4620601))

table 6 : explain SELECT c FROM sbtest6 WHERE id BETWEEN 2685652 AND 2685751
	Index Scan using sbtest6_pkey on sbtest6  (cost=0.43..402.54 rows=104 width=121)
	  Index Cond: ((id >= 2685652) AND (id <= 2685751))

table 7 : explain SELECT c FROM sbtest7 WHERE id BETWEEN 5525648 AND 5525747
	Index Scan using sbtest7_pkey on sbtest7  (cost=0.43..377.36 rows=98 width=121)
	  Index Cond: ((id >= 5525648) AND (id <= 5525747))

table 8 : explain SELECT c FROM sbtest8 WHERE id BETWEEN 2264009 AND 2264108
	Index Scan using sbtest8_pkey on sbtest8  (cost=0.43..387.64 rows=100 width=121)
	  Index Cond: ((id >= 2264009) AND (id <= 2264108))

for: simple_ranges
table 1 : explain SELECT c FROM sbtest1 WHERE id BETWEEN 3144513 AND 3144612
	Index Scan using sbtest1_pkey on sbtest1  (cost=0.43..384.58 rows=100 width=121)
	  Index Cond: ((id >= 3144513) AND (id <= 3144612))

table 2 : explain SELECT c FROM sbtest2 WHERE id BETWEEN 1805178 AND 1805277
	Index Scan using sbtest2_pkey on sbtest2  (cost=0.43..402.44 rows=104 width=121)
	  Index Cond: ((id >= 1805178) AND (id <= 1805277))

table 3 : explain SELECT c FROM sbtest3 WHERE id BETWEEN 1922143 AND 1922242
	Index Scan using sbtest3_pkey on sbtest3  (cost=0.43..385.73 rows=100 width=121)
	  Index Cond: ((id >= 1922143) AND (id <= 1922242))

table 4 : explain SELECT c FROM sbtest4 WHERE id BETWEEN 172042 AND 172141
	Index Scan using sbtest4_pkey on sbtest4  (cost=0.43..406.64 rows=105 width=121)
	  Index Cond: ((id >= 172042) AND (id <= 172141))

table 5 : explain SELECT c FROM sbtest5 WHERE id BETWEEN 7264918 AND 7265017
	Index Scan using sbtest5_pkey on sbtest5  (cost=0.43..431.64 rows=111 width=121)
	  Index Cond: ((id >= 7264918) AND (id <= 7265017))

table 6 : explain SELECT c FROM sbtest6 WHERE id BETWEEN 6821266 AND 6821365
	Index Scan using sbtest6_pkey on sbtest6  (cost=0.43..391.06 rows=101 width=121)
	  Index Cond: ((id >= 6821266) AND (id <= 6821365))

table 7 : explain SELECT c FROM sbtest7 WHERE id BETWEEN 3229645 AND 3229744
	Index Scan using sbtest7_pkey on sbtest7  (cost=0.43..415.38 rows=108 width=121)
	  Index Cond: ((id >= 3229645) AND (id <= 3229744))

table 8 : explain SELECT c FROM sbtest8 WHERE id BETWEEN 9518430 AND 9518529
	Index Scan using sbtest8_pkey on sbtest8  (cost=0.43..360.79 rows=93 width=121)
	  Index Cond: ((id >= 9518430) AND (id <= 9518529))

explain: for point_selects :: explain SELECT c FROM sbtest%u WHERE id=%u
for: sum_ranges
table 1 : explain SELECT SUM(k) FROM sbtest1 WHERE id BETWEEN 8599529 AND 8599628
	Aggregate  (cost=400.03..400.04 rows=1 width=8)
	  ->  Index Scan using sbtest1_pkey on sbtest1  (cost=0.43..399.77 rows=104 width=4)
	        Index Cond: ((id >= 8599529) AND (id <= 8599628))

table 2 : explain SELECT SUM(k) FROM sbtest2 WHERE id BETWEEN 9328159 AND 9328258
	Aggregate  (cost=391.22..391.23 rows=1 width=8)
	  ->  Index Scan using sbtest2_pkey on sbtest2  (cost=0.43..390.97 rows=101 width=4)
	        Index Cond: ((id >= 9328159) AND (id <= 9328258))

table 3 : explain SELECT SUM(k) FROM sbtest3 WHERE id BETWEEN 2518742 AND 2518841
	Aggregate  (cost=385.98..385.99 rows=1 width=8)
	  ->  Index Scan using sbtest3_pkey on sbtest3  (cost=0.43..385.73 rows=100 width=4)
	        Index Cond: ((id >= 2518742) AND (id <= 2518841))

table 4 : explain SELECT SUM(k) FROM sbtest4 WHERE id BETWEEN 5256107 AND 5256206
	Aggregate  (cost=406.90..406.91 rows=1 width=8)
	  ->  Index Scan using sbtest4_pkey on sbtest4  (cost=0.43..406.64 rows=105 width=4)
	        Index Cond: ((id >= 5256107) AND (id <= 5256206))

table 5 : explain SELECT SUM(k) FROM sbtest5 WHERE id BETWEEN 7272690 AND 7272789
	Aggregate  (cost=431.92..431.93 rows=1 width=8)
	  ->  Index Scan using sbtest5_pkey on sbtest5  (cost=0.43..431.64 rows=111 width=4)
	        Index Cond: ((id >= 7272690) AND (id <= 7272789))

table 6 : explain SELECT SUM(k) FROM sbtest6 WHERE id BETWEEN 397076 AND 397175
	Aggregate  (cost=372.18..372.19 rows=1 width=8)
	  ->  Index Scan using sbtest6_pkey on sbtest6  (cost=0.43..371.94 rows=96 width=4)
	        Index Cond: ((id >= 397076) AND (id <= 397175))

table 7 : explain SELECT SUM(k) FROM sbtest7 WHERE id BETWEEN 3438263 AND 3438362
	Aggregate  (cost=415.65..415.66 rows=1 width=8)
	  ->  Index Scan using sbtest7_pkey on sbtest7  (cost=0.43..415.38 rows=108 width=4)
	        Index Cond: ((id >= 3438263) AND (id <= 3438362))

table 8 : explain SELECT SUM(k) FROM sbtest8 WHERE id BETWEEN 7496667 AND 7496766
	Aggregate  (cost=372.52..372.53 rows=1 width=8)
	  ->  Index Scan using sbtest8_pkey on sbtest8  (cost=0.43..372.28 rows=96 width=4)
	        Index Cond: ((id >= 7496667) AND (id <= 7496766))

for deletes
table 1 : explain DELETE FROM sbtest1 WHERE id=2918481
	Delete on sbtest1  (cost=0.43..8.45 rows=0 width=0)
	  ->  Index Scan using sbtest1_pkey on sbtest1  (cost=0.43..8.45 rows=1 width=6)
	        Index Cond: (id = 2918481)

table 2 : explain DELETE FROM sbtest2 WHERE id=4601107
	Delete on sbtest2  (cost=0.43..8.45 rows=0 width=0)
	  ->  Index Scan using sbtest2_pkey on sbtest2  (cost=0.43..8.45 rows=1 width=6)
	        Index Cond: (id = 4601107)

table 3 : explain DELETE FROM sbtest3 WHERE id=4301815
	Delete on sbtest3  (cost=0.43..8.45 rows=0 width=0)
	  ->  Index Scan using sbtest3_pkey on sbtest3  (cost=0.43..8.45 rows=1 width=6)
	        Index Cond: (id = 4301815)

table 4 : explain DELETE FROM sbtest4 WHERE id=7550061
	Delete on sbtest4  (cost=0.43..8.45 rows=0 width=0)
	  ->  Index Scan using sbtest4_pkey on sbtest4  (cost=0.43..8.45 rows=1 width=6)
	        Index Cond: (id = 7550061)

table 5 : explain DELETE FROM sbtest5 WHERE id=9504655
	Delete on sbtest5  (cost=0.43..8.45 rows=0 width=0)
	  ->  Index Scan using sbtest5_pkey on sbtest5  (cost=0.43..8.45 rows=1 width=6)
	        Index Cond: (id = 9504655)

table 6 : explain DELETE FROM sbtest6 WHERE id=5487941
	Delete on sbtest6  (cost=0.43..8.45 rows=0 width=0)
	  ->  Index Scan using sbtest6_pkey on sbtest6  (cost=0.43..8.45 rows=1 width=6)
	        Index Cond: (id = 5487941)

table 7 : explain DELETE FROM sbtest7 WHERE id=4879978
	Delete on sbtest7  (cost=0.43..8.45 rows=0 width=0)
	  ->  Index Scan using sbtest7_pkey on sbtest7  (cost=0.43..8.45 rows=1 width=6)
	        Index Cond: (id = 4879978)

table 8 : explain DELETE FROM sbtest8 WHERE id=4964129
	Delete on sbtest8  (cost=0.43..8.45 rows=0 width=0)
	  ->  Index Scan using sbtest8_pkey on sbtest8  (cost=0.43..8.45 rows=1 width=6)
	        Index Cond: (id = 4964129)

for point_selects
table 1 : explain SELECT c FROM sbtest1 WHERE id=1226690
	Index Scan using sbtest1_pkey on sbtest1  (cost=0.43..8.45 rows=1 width=121)
	  Index Cond: (id = 1226690)

table 2 : explain SELECT c FROM sbtest2 WHERE id=5250140
	Index Scan using sbtest2_pkey on sbtest2  (cost=0.43..8.45 rows=1 width=121)
	  Index Cond: (id = 5250140)

table 3 : explain SELECT c FROM sbtest3 WHERE id=5347536
	Index Scan using sbtest3_pkey on sbtest3  (cost=0.43..8.45 rows=1 width=121)
	  Index Cond: (id = 5347536)

table 4 : explain SELECT c FROM sbtest4 WHERE id=6965959
	Index Scan using sbtest4_pkey on sbtest4  (cost=0.43..8.45 rows=1 width=121)
	  Index Cond: (id = 6965959)

table 5 : explain SELECT c FROM sbtest5 WHERE id=6321364
	Index Scan using sbtest5_pkey on sbtest5  (cost=0.43..8.45 rows=1 width=121)
	  Index Cond: (id = 6321364)

table 6 : explain SELECT c FROM sbtest6 WHERE id=8336253
	Index Scan using sbtest6_pkey on sbtest6  (cost=0.43..8.45 rows=1 width=121)
	  Index Cond: (id = 8336253)

table 7 : explain SELECT c FROM sbtest7 WHERE id=3606670
	Index Scan using sbtest7_pkey on sbtest7  (cost=0.43..8.45 rows=1 width=121)
	  Index Cond: (id = 3606670)

table 8 : explain SELECT c FROM sbtest8 WHERE id=7467814
	Index Scan using sbtest8_pkey on sbtest8  (cost=0.43..8.45 rows=1 width=121)
	  Index Cond: (id = 7467814)

explain: for non_index_updates :: explain UPDATE sbtest%u SET c='foobar' WHERE id=%u
for: order_ranges
table 1 : explain SELECT c FROM sbtest1 WHERE id BETWEEN 3617426 AND 3617525 ORDER BY c
	Sort  (cost=364.82..365.06 rows=94 width=121)
	  Sort Key: c
	  ->  Index Scan using sbtest1_pkey on sbtest1  (cost=0.43..361.74 rows=94 width=121)
	        Index Cond: ((id >= 3617426) AND (id <= 3617525))

table 2 : explain SELECT c FROM sbtest2 WHERE id BETWEEN 6660911 AND 6661010 ORDER BY c
	Sort  (cost=359.51..359.74 rows=92 width=121)
	  Sort Key: c
	  ->  Index Scan using sbtest2_pkey on sbtest2  (cost=0.43..356.51 rows=92 width=121)
	        Index Cond: ((id >= 6660911) AND (id <= 6661010))

table 3 : explain SELECT c FROM sbtest3 WHERE id BETWEEN 3902165 AND 3902264 ORDER BY c
	Sort  (cost=400.60..400.86 rows=103 width=121)
	  Sort Key: c
	  ->  Index Scan using sbtest3_pkey on sbtest3  (cost=0.43..397.16 rows=103 width=121)
	        Index Cond: ((id >= 3902165) AND (id <= 3902264))

table 4 : explain SELECT c FROM sbtest4 WHERE id BETWEEN 4088790 AND 4088889 ORDER BY c
	Sort  (cost=371.49..371.72 rows=95 width=121)
	  Sort Key: c
	  ->  Index Scan using sbtest4_pkey on sbtest4  (cost=0.43..368.36 rows=95 width=121)
	        Index Cond: ((id >= 4088790) AND (id <= 4088889))

table 5 : explain SELECT c FROM sbtest5 WHERE id BETWEEN 935035 AND 935134 ORDER BY c
	Sort  (cost=415.98..416.24 rows=106 width=121)
	  Sort Key: c
	  ->  Index Scan using sbtest5_pkey on sbtest5  (cost=0.43..412.41 rows=106 width=121)
	        Index Cond: ((id >= 935035) AND (id <= 935134))

table 6 : explain SELECT c FROM sbtest6 WHERE id BETWEEN 6283261 AND 6283360 ORDER BY c
	Sort  (cost=390.56..390.81 rows=100 width=121)
	  Sort Key: c
	  ->  Index Scan using sbtest6_pkey on sbtest6  (cost=0.43..387.24 rows=100 width=121)
	        Index Cond: ((id >= 6283261) AND (id <= 6283360))

table 7 : explain SELECT c FROM sbtest7 WHERE id BETWEEN 6301151 AND 6301250 ORDER BY c
	Sort  (cost=357.55..357.78 rows=92 width=121)
	  Sort Key: c
	  ->  Index Scan using sbtest7_pkey on sbtest7  (cost=0.43..354.55 rows=92 width=121)
	        Index Cond: ((id >= 6301151) AND (id <= 6301250))

table 8 : explain SELECT c FROM sbtest8 WHERE id BETWEEN 585752 AND 585851 ORDER BY c
	Sort  (cost=390.96..391.21 rows=100 width=121)
	  Sort Key: c
	  ->  Index Scan using sbtest8_pkey on sbtest8  (cost=0.43..387.64 rows=100 width=121)
	        Index Cond: ((id >= 585752) AND (id <= 585851))

for inserts
table 1 : explain INSERT INTO sbtest1 (id, k, c, pad) VALUES (8178807, 13, 'foobar', 'foobar')
	Insert on sbtest1  (cost=0.00..0.01 rows=0 width=0)
	  ->  Result  (cost=0.00..0.01 rows=1 width=736)

table 2 : explain INSERT INTO sbtest2 (id, k, c, pad) VALUES (9720656, 13, 'foobar', 'foobar')
	Insert on sbtest2  (cost=0.00..0.01 rows=0 width=0)
	  ->  Result  (cost=0.00..0.01 rows=1 width=736)

table 3 : explain INSERT INTO sbtest3 (id, k, c, pad) VALUES (4803947, 13, 'foobar', 'foobar')
	Insert on sbtest3  (cost=0.00..0.01 rows=0 width=0)
	  ->  Result  (cost=0.00..0.01 rows=1 width=736)

table 4 : explain INSERT INTO sbtest4 (id, k, c, pad) VALUES (5046422, 13, 'foobar', 'foobar')
	Insert on sbtest4  (cost=0.00..0.01 rows=0 width=0)
	  ->  Result  (cost=0.00..0.01 rows=1 width=736)

table 5 : explain INSERT INTO sbtest5 (id, k, c, pad) VALUES (7357821, 13, 'foobar', 'foobar')
	Insert on sbtest5  (cost=0.00..0.01 rows=0 width=0)
	  ->  Result  (cost=0.00..0.01 rows=1 width=736)

table 6 : explain INSERT INTO sbtest6 (id, k, c, pad) VALUES (6614649, 13, 'foobar', 'foobar')
	Insert on sbtest6  (cost=0.00..0.01 rows=0 width=0)
	  ->  Result  (cost=0.00..0.01 rows=1 width=736)

table 7 : explain INSERT INTO sbtest7 (id, k, c, pad) VALUES (7085376, 13, 'foobar', 'foobar')
	Insert on sbtest7  (cost=0.00..0.01 rows=0 width=0)
	  ->  Result  (cost=0.00..0.01 rows=1 width=736)

table 8 : explain INSERT INTO sbtest8 (id, k, c, pad) VALUES (7534212, 13, 'foobar', 'foobar')
	Insert on sbtest8  (cost=0.00..0.01 rows=0 width=0)
	  ->  Result  (cost=0.00..0.01 rows=1 width=736)

for: sum_ranges
table 1 : explain SELECT SUM(k) FROM sbtest1 WHERE id BETWEEN 324104 AND 324203
	Aggregate  (cost=392.43..392.44 rows=1 width=8)
	  ->  Index Scan using sbtest1_pkey on sbtest1  (cost=0.43..392.18 rows=102 width=4)
	        Index Cond: ((id >= 324104) AND (id <= 324203))

table 2 : explain SELECT SUM(k) FROM sbtest2 WHERE id BETWEEN 4535899 AND 4535998
	Aggregate  (cost=433.31..433.32 rows=1 width=8)
	  ->  Index Scan using sbtest2_pkey on sbtest2  (cost=0.43..433.03 rows=112 width=4)
	        Index Cond: ((id >= 4535899) AND (id <= 4535998))

table 3 : explain SELECT SUM(k) FROM sbtest3 WHERE id BETWEEN 4110648 AND 4110747
	Aggregate  (cost=385.98..385.99 rows=1 width=8)
	  ->  Index Scan using sbtest3_pkey on sbtest3  (cost=0.43..385.73 rows=100 width=4)
	        Index Cond: ((id >= 4110648) AND (id <= 4110747))

table 4 : explain SELECT SUM(k) FROM sbtest4 WHERE id BETWEEN 2891868 AND 2891967
	Aggregate  (cost=422.22..422.23 rows=1 width=8)
	  ->  Index Scan using sbtest4_pkey on sbtest4  (cost=0.43..421.95 rows=109 width=4)
	        Index Cond: ((id >= 2891868) AND (id <= 2891967))

table 5 : explain SELECT SUM(k) FROM sbtest5 WHERE id BETWEEN 5827544 AND 5827643
	Aggregate  (cost=381.89..381.90 rows=1 width=8)
	  ->  Index Scan using sbtest5_pkey on sbtest5  (cost=0.43..381.65 rows=98 width=4)
	        Index Cond: ((id >= 5827544) AND (id <= 5827643))

table 6 : explain SELECT SUM(k) FROM sbtest6 WHERE id BETWEEN 8389703 AND 8389802
	Aggregate  (cost=448.72..448.73 rows=1 width=8)
	  ->  Index Scan using sbtest6_pkey on sbtest6  (cost=0.43..448.43 rows=116 width=4)
	        Index Cond: ((id >= 8389703) AND (id <= 8389802))

table 7 : explain SELECT SUM(k) FROM sbtest7 WHERE id BETWEEN 9518815 AND 9518914
	Aggregate  (cost=366.20..366.21 rows=1 width=8)
	  ->  Index Scan using sbtest7_pkey on sbtest7  (cost=0.43..365.96 rows=95 width=4)
	        Index Cond: ((id >= 9518815) AND (id <= 9518914))

table 8 : explain SELECT SUM(k) FROM sbtest8 WHERE id BETWEEN 7865884 AND 7865983
	Aggregate  (cost=353.36..353.37 rows=1 width=8)
	  ->  Index Scan using sbtest8_pkey on sbtest8  (cost=0.43..353.13 rows=91 width=4)
	        Index Cond: ((id >= 7865884) AND (id <= 7865983))

for point_selects
table 1 : explain SELECT c FROM sbtest1 WHERE id=4691899
	Index Scan using sbtest1_pkey on sbtest1  (cost=0.43..8.45 rows=1 width=121)
	  Index Cond: (id = 4691899)

table 2 : explain SELECT c FROM sbtest2 WHERE id=9227230
	Index Scan using sbtest2_pkey on sbtest2  (cost=0.43..8.45 rows=1 width=121)
	  Index Cond: (id = 9227230)

table 3 : explain SELECT c FROM sbtest3 WHERE id=9608946
	Index Scan using sbtest3_pkey on sbtest3  (cost=0.43..8.45 rows=1 width=121)
	  Index Cond: (id = 9608946)

table 4 : explain SELECT c FROM sbtest4 WHERE id=6101543
	Index Scan using sbtest4_pkey on sbtest4  (cost=0.43..8.45 rows=1 width=121)
	  Index Cond: (id = 6101543)

table 5 : explain SELECT c FROM sbtest5 WHERE id=4933567
	Index Scan using sbtest5_pkey on sbtest5  (cost=0.43..8.45 rows=1 width=121)
	  Index Cond: (id = 4933567)

table 6 : explain SELECT c FROM sbtest6 WHERE id=6902449
	Index Scan using sbtest6_pkey on sbtest6  (cost=0.43..8.45 rows=1 width=121)
	  Index Cond: (id = 6902449)

table 7 : explain SELECT c FROM sbtest7 WHERE id=7104524
	Index Scan using sbtest7_pkey on sbtest7  (cost=0.43..8.45 rows=1 width=121)
	  Index Cond: (id = 7104524)

table 8 : explain SELECT c FROM sbtest8 WHERE id=7356730
	Index Scan using sbtest8_pkey on sbtest8  (cost=0.43..8.45 rows=1 width=121)
	  Index Cond: (id = 7356730)

for: sum_ranges
table 1 : explain SELECT SUM(k) FROM sbtest1 WHERE id BETWEEN 3555347 AND 3555446
	Aggregate  (cost=377.23..377.24 rows=1 width=8)
	  ->  Index Scan using sbtest1_pkey on sbtest1  (cost=0.43..376.99 rows=98 width=4)
	        Index Cond: ((id >= 3555347) AND (id <= 3555446))

table 2 : explain SELECT SUM(k) FROM sbtest2 WHERE id BETWEEN 3199535 AND 3199634
	Aggregate  (cost=356.74..356.75 rows=1 width=8)
	  ->  Index Scan using sbtest2_pkey on sbtest2  (cost=0.43..356.51 rows=92 width=4)
	        Index Cond: ((id >= 3199535) AND (id <= 3199634))

table 3 : explain SELECT SUM(k) FROM sbtest3 WHERE id BETWEEN 3184322 AND 3184421
	Aggregate  (cost=416.48..416.49 rows=1 width=8)
	  ->  Index Scan using sbtest3_pkey on sbtest3  (cost=0.43..416.21 rows=108 width=4)
	        Index Cond: ((id >= 3184322) AND (id <= 3184421))

table 4 : explain SELECT SUM(k) FROM sbtest4 WHERE id BETWEEN 9451309 AND 9451408
	Aggregate  (cost=368.60..368.61 rows=1 width=8)
	  ->  Index Scan using sbtest4_pkey on sbtest4  (cost=0.43..368.36 rows=95 width=4)
	        Index Cond: ((id >= 9451309) AND (id <= 9451408))

table 5 : explain SELECT SUM(k) FROM sbtest5 WHERE id BETWEEN 829151 AND 829250
	Aggregate  (cost=416.53..416.54 rows=1 width=8)
	  ->  Index Scan using sbtest5_pkey on sbtest5  (cost=0.43..416.26 rows=107 width=4)
	        Index Cond: ((id >= 829151) AND (id <= 829250))

table 6 : explain SELECT SUM(k) FROM sbtest6 WHERE id BETWEEN 161715 AND 161814
	Aggregate  (cost=402.80..402.81 rows=1 width=8)
	  ->  Index Scan using sbtest6_pkey on sbtest6  (cost=0.43..402.54 rows=104 width=4)
	        Index Cond: ((id >= 161715) AND (id <= 161814))

table 7 : explain SELECT SUM(k) FROM sbtest7 WHERE id BETWEEN 124254 AND 124353
	Aggregate  (cost=404.24..404.25 rows=1 width=8)
	  ->  Index Scan using sbtest7_pkey on sbtest7  (cost=0.43..403.97 rows=105 width=4)
	        Index Cond: ((id >= 124254) AND (id <= 124353))

table 8 : explain SELECT SUM(k) FROM sbtest8 WHERE id BETWEEN 8554132 AND 8554231
	Aggregate  (cost=364.85..364.86 rows=1 width=8)
	  ->  Index Scan using sbtest8_pkey on sbtest8  (cost=0.43..364.62 rows=94 width=4)
	        Index Cond: ((id >= 8554132) AND (id <= 8554231))

for: order_ranges
table 1 : explain SELECT c FROM sbtest1 WHERE id BETWEEN 3742060 AND 3742159 ORDER BY c
	Sort  (cost=364.82..365.06 rows=94 width=121)
	  Sort Key: c
	  ->  Index Scan using sbtest1_pkey on sbtest1  (cost=0.43..361.74 rows=94 width=121)
	        Index Cond: ((id >= 3742060) AND (id <= 3742159))

table 2 : explain SELECT c FROM sbtest2 WHERE id BETWEEN 1861358 AND 1861457 ORDER BY c
	Sort  (cost=405.92..406.18 rows=104 width=121)
	  Sort Key: c
	  ->  Index Scan using sbtest2_pkey on sbtest2  (cost=0.43..402.44 rows=104 width=121)
	        Index Cond: ((id >= 1861358) AND (id <= 1861457))

table 3 : explain SELECT c FROM sbtest3 WHERE id BETWEEN 9036732 AND 9036831 ORDER BY c
	Sort  (cost=416.00..416.27 rows=107 width=121)
	  Sort Key: c
	  ->  Index Scan using sbtest3_pkey on sbtest3  (cost=0.43..412.40 rows=107 width=121)
	        Index Cond: ((id >= 9036732) AND (id <= 9036831))

table 4 : explain SELECT c FROM sbtest4 WHERE id BETWEEN 4848562 AND 4848661 ORDER BY c
	Sort  (cost=379.22..379.46 rows=97 width=121)
	  Sort Key: c
	  ->  Index Scan using sbtest4_pkey on sbtest4  (cost=0.43..376.02 rows=97 width=121)
	        Index Cond: ((id >= 4848562) AND (id <= 4848661))

table 5 : explain SELECT c FROM sbtest5 WHERE id BETWEEN 3285503 AND 3285602 ORDER BY c
	Sort  (cost=338.21..338.43 rows=86 width=121)
	  Sort Key: c
	  ->  Index Scan using sbtest5_pkey on sbtest5  (cost=0.43..335.45 rows=86 width=121)
	        Index Cond: ((id >= 3285503) AND (id <= 3285602))

table 6 : explain SELECT c FROM sbtest6 WHERE id BETWEEN 1730358 AND 1730457 ORDER BY c
	Sort  (cost=406.02..406.28 rows=104 width=121)
	  Sort Key: c
	  ->  Index Scan using sbtest6_pkey on sbtest6  (cost=0.43..402.54 rows=104 width=121)
	        Index Cond: ((id >= 1730358) AND (id <= 1730457))

table 7 : explain SELECT c FROM sbtest7 WHERE id BETWEEN 9890109 AND 9890208 ORDER BY c
	Sort  (cost=376.76..377.00 rows=97 width=121)
	  Sort Key: c
	  ->  Index Scan using sbtest7_pkey on sbtest7  (cost=0.43..373.56 rows=97 width=121)
	        Index Cond: ((id >= 9890109) AND (id <= 9890208))

table 8 : explain SELECT c FROM sbtest8 WHERE id BETWEEN 8342728 AND 8342827 ORDER BY c
	Sort  (cost=375.44..375.68 rows=96 width=121)
	  Sort Key: c
	  ->  Index Scan using sbtest8_pkey on sbtest8  (cost=0.43..372.28 rows=96 width=121)
	        Index Cond: ((id >= 8342728) AND (id <= 8342827))

explain: for inserts :: explain INSERT INTO sbtest%u (id, k, c, pad) VALUES (%u, 13, 'foobar', 'foobar')
for: order_ranges
table 1 : explain SELECT c FROM sbtest1 WHERE id BETWEEN 6182687 AND 6182786 ORDER BY c
	Sort  (cost=380.23..380.47 rows=98 width=121)
	  Sort Key: c
	  ->  Index Scan using sbtest1_pkey on sbtest1  (cost=0.43..376.99 rows=98 width=121)
	        Index Cond: ((id >= 6182687) AND (id <= 6182786))

table 2 : explain SELECT c FROM sbtest2 WHERE id BETWEEN 6616340 AND 6616439 ORDER BY c
	Sort  (cost=390.47..390.72 rows=100 width=121)
	  Sort Key: c
	  ->  Index Scan using sbtest2_pkey on sbtest2  (cost=0.43..387.14 rows=100 width=121)
	        Index Cond: ((id >= 6616340) AND (id <= 6616439))

table 3 : explain SELECT c FROM sbtest3 WHERE id BETWEEN 2364205 AND 2364304 ORDER BY c
	Sort  (cost=408.30..408.57 rows=105 width=121)
	  Sort Key: c
	  ->  Index Scan using sbtest3_pkey on sbtest3  (cost=0.43..404.78 rows=105 width=121)
	        Index Cond: ((id >= 2364205) AND (id <= 2364304))

table 4 : explain SELECT c FROM sbtest4 WHERE id BETWEEN 3571794 AND 3571893 ORDER BY c
	Sort  (cost=406.29..406.55 rows=104 width=121)
	  Sort Key: c
	  ->  Index Scan using sbtest4_pkey on sbtest4  (cost=0.43..402.81 rows=104 width=121)
	        Index Cond: ((id >= 3571794) AND (id <= 3571893))

table 5 : explain SELECT c FROM sbtest5 WHERE id BETWEEN 9466030 AND 9466129 ORDER BY c
	Sort  (cost=408.21..408.47 rows=104 width=121)
	  Sort Key: c
	  ->  Index Scan using sbtest5_pkey on sbtest5  (cost=0.43..404.72 rows=104 width=121)
	        Index Cond: ((id >= 9466030) AND (id <= 9466129))

table 6 : explain SELECT c FROM sbtest6 WHERE id BETWEEN 4058711 AND 4058810 ORDER BY c
	Sort  (cost=406.02..406.28 rows=104 width=121)
	  Sort Key: c
	  ->  Index Scan using sbtest6_pkey on sbtest6  (cost=0.43..402.54 rows=104 width=121)
	        Index Cond: ((id >= 4058711) AND (id <= 4058810))

table 7 : explain SELECT c FROM sbtest7 WHERE id BETWEEN 1230866 AND 1230965 ORDER BY c
	Sort  (cost=380.60..380.85 rows=98 width=121)
	  Sort Key: c
	  ->  Index Scan using sbtest7_pkey on sbtest7  (cost=0.43..377.36 rows=98 width=121)
	        Index Cond: ((id >= 1230866) AND (id <= 1230965))

table 8 : explain SELECT c FROM sbtest8 WHERE id BETWEEN 1479847 AND 1479946 ORDER BY c
	Sort  (cost=406.44..406.70 rows=104 width=121)
	  Sort Key: c
	  ->  Index Scan using sbtest8_pkey on sbtest8  (cost=0.43..402.95 rows=104 width=121)
	        Index Cond: ((id >= 1479847) AND (id <= 1479946))

for non_index_updates
table 1 : explain UPDATE sbtest1 SET c='foobar' WHERE id=8468178
	Update on sbtest1  (cost=0.43..8.45 rows=0 width=0)
	  ->  Index Scan using sbtest1_pkey on sbtest1  (cost=0.43..8.45 rows=1 width=490)
	        Index Cond: (id = 8468178)

table 2 : explain UPDATE sbtest2 SET c='foobar' WHERE id=8747606
	Update on sbtest2  (cost=0.43..8.45 rows=0 width=0)
	  ->  Index Scan using sbtest2_pkey on sbtest2  (cost=0.43..8.45 rows=1 width=490)
	        Index Cond: (id = 8747606)

table 3 : explain UPDATE sbtest3 SET c='foobar' WHERE id=6748420
	Update on sbtest3  (cost=0.43..8.45 rows=0 width=0)
	  ->  Index Scan using sbtest3_pkey on sbtest3  (cost=0.43..8.45 rows=1 width=490)
	        Index Cond: (id = 6748420)

table 4 : explain UPDATE sbtest4 SET c='foobar' WHERE id=9940734
	Update on sbtest4  (cost=0.43..8.45 rows=0 width=0)
	  ->  Index Scan using sbtest4_pkey on sbtest4  (cost=0.43..8.45 rows=1 width=490)
	        Index Cond: (id = 9940734)

table 5 : explain UPDATE sbtest5 SET c='foobar' WHERE id=7943954
	Update on sbtest5  (cost=0.43..8.45 rows=0 width=0)
	  ->  Index Scan using sbtest5_pkey on sbtest5  (cost=0.43..8.45 rows=1 width=490)
	        Index Cond: (id = 7943954)

table 6 : explain UPDATE sbtest6 SET c='foobar' WHERE id=5704921
	Update on sbtest6  (cost=0.43..8.45 rows=0 width=0)
	  ->  Index Scan using sbtest6_pkey on sbtest6  (cost=0.43..8.45 rows=1 width=490)
	        Index Cond: (id = 5704921)

table 7 : explain UPDATE sbtest7 SET c='foobar' WHERE id=6296313
	Update on sbtest7  (cost=0.43..8.45 rows=0 width=0)
	  ->  Index Scan using sbtest7_pkey on sbtest7  (cost=0.43..8.45 rows=1 width=490)
	        Index Cond: (id = 6296313)

table 8 : explain UPDATE sbtest8 SET c='foobar' WHERE id=6240373
	Update on sbtest8  (cost=0.43..8.45 rows=0 width=0)
	  ->  Index Scan using sbtest8_pkey on sbtest8  (cost=0.43..8.45 rows=1 width=490)
	        Index Cond: (id = 6240373)

for: order_ranges
table 1 : explain SELECT c FROM sbtest1 WHERE id BETWEEN 9609789 AND 9609888 ORDER BY c
	Sort  (cost=364.82..365.06 rows=94 width=121)
	  Sort Key: c
	  ->  Index Scan using sbtest1_pkey on sbtest1  (cost=0.43..361.74 rows=94 width=121)
	        Index Cond: ((id >= 9609789) AND (id <= 9609888))

table 2 : explain SELECT c FROM sbtest2 WHERE id BETWEEN 2269665 AND 2269764 ORDER BY c
	Sort  (cost=432.98..433.25 rows=111 width=121)
	  Sort Key: c
	  ->  Index Scan using sbtest2_pkey on sbtest2  (cost=0.43..429.20 rows=111 width=121)
	        Index Cond: ((id >= 2269665) AND (id <= 2269764))

table 3 : explain SELECT c FROM sbtest3 WHERE id BETWEEN 8008627 AND 8008726 ORDER BY c
	Sort  (cost=365.96..366.19 rows=94 width=121)
	  Sort Key: c
	  ->  Index Scan using sbtest3_pkey on sbtest3  (cost=0.43..362.88 rows=94 width=121)
	        Index Cond: ((id >= 8008627) AND (id <= 8008726))

table 4 : explain SELECT c FROM sbtest4 WHERE id BETWEEN 8554308 AND 8554407 ORDER BY c
	Sort  (cost=375.35..375.59 rows=96 width=121)
	  Sort Key: c
	  ->  Index Scan using sbtest4_pkey on sbtest4  (cost=0.43..372.19 rows=96 width=121)
	        Index Cond: ((id >= 8554308) AND (id <= 8554407))

table 5 : explain SELECT c FROM sbtest5 WHERE id BETWEEN 5840596 AND 5840695 ORDER BY c
	Sort  (cost=384.89..385.13 rows=98 width=121)
	  Sort Key: c
	  ->  Index Scan using sbtest5_pkey on sbtest5  (cost=0.43..381.65 rows=98 width=121)
	        Index Cond: ((id >= 5840596) AND (id <= 5840695))

table 6 : explain SELECT c FROM sbtest6 WHERE id BETWEEN 2980001 AND 2980100 ORDER BY c
	Sort  (cost=371.24..371.47 rows=95 width=121)
	  Sort Key: c
	  ->  Index Scan using sbtest6_pkey on sbtest6  (cost=0.43..368.11 rows=95 width=121)
	        Index Cond: ((id >= 2980001) AND (id <= 2980100))

table 7 : explain SELECT c FROM sbtest7 WHERE id BETWEEN 5220913 AND 5221012 ORDER BY c
	Sort  (cost=411.34..411.61 rows=106 width=121)
	  Sort Key: c
	  ->  Index Scan using sbtest7_pkey on sbtest7  (cost=0.43..407.77 rows=106 width=121)
	        Index Cond: ((id >= 5220913) AND (id <= 5221012))

table 8 : explain SELECT c FROM sbtest8 WHERE id BETWEEN 2049961 AND 2050060 ORDER BY c
	Sort  (cost=390.96..391.21 rows=100 width=121)
	  Sort Key: c
	  ->  Index Scan using sbtest8_pkey on sbtest8  (cost=0.43..387.64 rows=100 width=121)
	        Index Cond: ((id >= 2049961) AND (id <= 2050060))

for inserts
table 1 : explain INSERT INTO sbtest1 (id, k, c, pad) VALUES (4678865, 13, 'foobar', 'foobar')
	Insert on sbtest1  (cost=0.00..0.01 rows=0 width=0)
	  ->  Result  (cost=0.00..0.01 rows=1 width=736)

table 2 : explain INSERT INTO sbtest2 (id, k, c, pad) VALUES (347349, 13, 'foobar', 'foobar')
	Insert on sbtest2  (cost=0.00..0.01 rows=0 width=0)
	  ->  Result  (cost=0.00..0.01 rows=1 width=736)

table 3 : explain INSERT INTO sbtest3 (id, k, c, pad) VALUES (9267528, 13, 'foobar', 'foobar')
	Insert on sbtest3  (cost=0.00..0.01 rows=0 width=0)
	  ->  Result  (cost=0.00..0.01 rows=1 width=736)

table 4 : explain INSERT INTO sbtest4 (id, k, c, pad) VALUES (7335346, 13, 'foobar', 'foobar')
	Insert on sbtest4  (cost=0.00..0.01 rows=0 width=0)
	  ->  Result  (cost=0.00..0.01 rows=1 width=736)

table 5 : explain INSERT INTO sbtest5 (id, k, c, pad) VALUES (4890530, 13, 'foobar', 'foobar')
	Insert on sbtest5  (cost=0.00..0.01 rows=0 width=0)
	  ->  Result  (cost=0.00..0.01 rows=1 width=736)

table 6 : explain INSERT INTO sbtest6 (id, k, c, pad) VALUES (7953598, 13, 'foobar', 'foobar')
	Insert on sbtest6  (cost=0.00..0.01 rows=0 width=0)
	  ->  Result  (cost=0.00..0.01 rows=1 width=736)

table 7 : explain INSERT INTO sbtest7 (id, k, c, pad) VALUES (1511896, 13, 'foobar', 'foobar')
	Insert on sbtest7  (cost=0.00..0.01 rows=0 width=0)
	  ->  Result  (cost=0.00..0.01 rows=1 width=736)

table 8 : explain INSERT INTO sbtest8 (id, k, c, pad) VALUES (2048994, 13, 'foobar', 'foobar')
	Insert on sbtest8  (cost=0.00..0.01 rows=0 width=0)
	  ->  Result  (cost=0.00..0.01 rows=1 width=736)

for point_selects
table 1 : explain SELECT c FROM sbtest1 WHERE id=1028699
	Index Scan using sbtest1_pkey on sbtest1  (cost=0.43..8.45 rows=1 width=121)
	  Index Cond: (id = 1028699)

table 2 : explain SELECT c FROM sbtest2 WHERE id=1784137
	Index Scan using sbtest2_pkey on sbtest2  (cost=0.43..8.45 rows=1 width=121)
	  Index Cond: (id = 1784137)

table 3 : explain SELECT c FROM sbtest3 WHERE id=5700966
	Index Scan using sbtest3_pkey on sbtest3  (cost=0.43..8.45 rows=1 width=121)
	  Index Cond: (id = 5700966)

table 4 : explain SELECT c FROM sbtest4 WHERE id=4779464
	Index Scan using sbtest4_pkey on sbtest4  (cost=0.43..8.45 rows=1 width=121)
	  Index Cond: (id = 4779464)

table 5 : explain SELECT c FROM sbtest5 WHERE id=3160399
	Index Scan using sbtest5_pkey on sbtest5  (cost=0.43..8.45 rows=1 width=121)
	  Index Cond: (id = 3160399)

table 6 : explain SELECT c FROM sbtest6 WHERE id=1969009
	Index Scan using sbtest6_pkey on sbtest6  (cost=0.43..8.45 rows=1 width=121)
	  Index Cond: (id = 1969009)

table 7 : explain SELECT c FROM sbtest7 WHERE id=5371710
	Index Scan using sbtest7_pkey on sbtest7  (cost=0.43..8.45 rows=1 width=121)
	  Index Cond: (id = 5371710)

table 8 : explain SELECT c FROM sbtest8 WHERE id=7780186
	Index Scan using sbtest8_pkey on sbtest8  (cost=0.43..8.45 rows=1 width=121)
	  Index Cond: (id = 7780186)

for: distinct_ranges
table 1 : explain SELECT DISTINCT c FROM sbtest1 WHERE id BETWEEN 6131706 AND 6131805 ORDER BY c
	Unique  (cost=395.58..396.09 rows=102 width=121)
	  ->  Sort  (cost=395.58..395.84 rows=102 width=121)
	        Sort Key: c
	        ->  Index Scan using sbtest1_pkey on sbtest1  (cost=0.43..392.18 rows=102 width=121)
	              Index Cond: ((id >= 6131706) AND (id <= 6131805))

table 2 : explain SELECT DISTINCT c FROM sbtest2 WHERE id BETWEEN 7612952 AND 7613051 ORDER BY c
	Unique  (cost=432.98..433.53 rows=111 width=121)
	  ->  Sort  (cost=432.98..433.25 rows=111 width=121)
	        Sort Key: c
	        ->  Index Scan using sbtest2_pkey on sbtest2  (cost=0.43..429.20 rows=111 width=121)
	              Index Cond: ((id >= 7612952) AND (id <= 7613051))

table 3 : explain SELECT DISTINCT c FROM sbtest3 WHERE id BETWEEN 9807285 AND 9807384 ORDER BY c
	Unique  (cost=389.05..389.55 rows=100 width=121)
	  ->  Sort  (cost=389.05..389.30 rows=100 width=121)
	        Sort Key: c
	        ->  Index Scan using sbtest3_pkey on sbtest3  (cost=0.43..385.73 rows=100 width=121)
	              Index Cond: ((id >= 9807285) AND (id <= 9807384))

table 4 : explain SELECT DISTINCT c FROM sbtest4 WHERE id BETWEEN 5129368 AND 5129467 ORDER BY c
	Unique  (cost=444.98..445.55 rows=114 width=121)
	  ->  Sort  (cost=444.98..445.26 rows=114 width=121)
	        Sort Key: c
	        ->  Index Scan using sbtest4_pkey on sbtest4  (cost=0.43..441.08 rows=114 width=121)
	              Index Cond: ((id >= 5129368) AND (id <= 5129467))

table 5 : explain SELECT DISTINCT c FROM sbtest5 WHERE id BETWEEN 504754 AND 504853 ORDER BY c
	Unique  (cost=423.75..424.29 rows=108 width=121)
	  ->  Sort  (cost=423.75..424.02 rows=108 width=121)
	        Sort Key: c
	        ->  Index Scan using sbtest5_pkey on sbtest5  (cost=0.43..420.11 rows=108 width=121)
	              Index Cond: ((id >= 504754) AND (id <= 504853))

table 6 : explain SELECT DISTINCT c FROM sbtest6 WHERE id BETWEEN 7251567 AND 7251666 ORDER BY c
	Unique  (cost=382.83..383.32 rows=98 width=121)
	  ->  Sort  (cost=382.83..383.07 rows=98 width=121)
	        Sort Key: c
	        ->  Index Scan using sbtest6_pkey on sbtest6  (cost=0.43..379.59 rows=98 width=121)
	              Index Cond: ((id >= 7251567) AND (id <= 7251666))

table 7 : explain SELECT DISTINCT c FROM sbtest7 WHERE id BETWEEN 7132486 AND 7132585 ORDER BY c
	Unique  (cost=361.40..361.86 rows=93 width=121)
	  ->  Sort  (cost=361.40..361.63 rows=93 width=121)
	        Sort Key: c
	        ->  Index Scan using sbtest7_pkey on sbtest7  (cost=0.43..358.36 rows=93 width=121)
	              Index Cond: ((id >= 7132486) AND (id <= 7132585))

table 8 : explain SELECT DISTINCT c FROM sbtest8 WHERE id BETWEEN 3933380 AND 3933479 ORDER BY c
	Unique  (cost=414.18..414.71 rows=106 width=121)
	  ->  Sort  (cost=414.18..414.44 rows=106 width=121)
	        Sort Key: c
	        ->  Index Scan using sbtest8_pkey on sbtest8  (cost=0.43..410.61 rows=106 width=121)
	              Index Cond: ((id >= 3933380) AND (id <= 3933479))

for: distinct_ranges
table 1 : explain SELECT DISTINCT c FROM sbtest1 WHERE id BETWEEN 9372663 AND 9372762 ORDER BY c
	Unique  (cost=407.10..407.62 rows=105 width=121)
	  ->  Sort  (cost=407.10..407.36 rows=105 width=121)
	        Sort Key: c
	        ->  Index Scan using sbtest1_pkey on sbtest1  (cost=0.43..403.57 rows=105 width=121)
	              Index Cond: ((id >= 9372663) AND (id <= 9372762))

table 2 : explain SELECT DISTINCT c FROM sbtest2 WHERE id BETWEEN 1962679 AND 1962778 ORDER BY c
	Unique  (cost=413.65..414.18 rows=106 width=121)
	  ->  Sort  (cost=413.65..413.92 rows=106 width=121)
	        Sort Key: c
	        ->  Index Scan using sbtest2_pkey on sbtest2  (cost=0.43..410.09 rows=106 width=121)
	              Index Cond: ((id >= 1962679) AND (id <= 1962778))

table 3 : explain SELECT DISTINCT c FROM sbtest3 WHERE id BETWEEN 1213765 AND 1213864 ORDER BY c
	Unique  (cost=389.05..389.55 rows=100 width=121)
	  ->  Sort  (cost=389.05..389.30 rows=100 width=121)
	        Sort Key: c
	        ->  Index Scan using sbtest3_pkey on sbtest3  (cost=0.43..385.73 rows=100 width=121)
	              Index Cond: ((id >= 1213765) AND (id <= 1213864))

table 4 : explain SELECT DISTINCT c FROM sbtest4 WHERE id BETWEEN 1383035 AND 1383134 ORDER BY c
	Unique  (cost=444.98..445.55 rows=114 width=121)
	  ->  Sort  (cost=444.98..445.26 rows=114 width=121)
	        Sort Key: c
	        ->  Index Scan using sbtest4_pkey on sbtest4  (cost=0.43..441.08 rows=114 width=121)
	              Index Cond: ((id >= 1383035) AND (id <= 1383134))

table 5 : explain SELECT DISTINCT c FROM sbtest5 WHERE id BETWEEN 1043166 AND 1043265 ORDER BY c
	Unique  (cost=353.76..354.21 rows=90 width=121)
	  ->  Sort  (cost=353.76..353.98 rows=90 width=121)
	        Sort Key: c
	        ->  Index Scan using sbtest5_pkey on sbtest5  (cost=0.43..350.83 rows=90 width=121)
	              Index Cond: ((id >= 1043166) AND (id <= 1043265))

table 6 : explain SELECT DISTINCT c FROM sbtest6 WHERE id BETWEEN 1886568 AND 1886667 ORDER BY c
	Unique  (cost=402.16..402.67 rows=103 width=121)
	  ->  Sort  (cost=402.16..402.41 rows=103 width=121)
	        Sort Key: c
	        ->  Index Scan using sbtest6_pkey on sbtest6  (cost=0.43..398.71 rows=103 width=121)
	              Index Cond: ((id >= 1886568) AND (id <= 1886667))

table 7 : explain SELECT DISTINCT c FROM sbtest7 WHERE id BETWEEN 6253098 AND 6253197 ORDER BY c
	Unique  (cost=357.55..358.01 rows=92 width=121)
	  ->  Sort  (cost=357.55..357.78 rows=92 width=121)
	        Sort Key: c
	        ->  Index Scan using sbtest7_pkey on sbtest7  (cost=0.43..354.55 rows=92 width=121)
	              Index Cond: ((id >= 6253098) AND (id <= 6253197))

table 8 : explain SELECT DISTINCT c FROM sbtest8 WHERE id BETWEEN 671214 AND 671313 ORDER BY c
	Unique  (cost=371.57..372.04 rows=95 width=121)
	  ->  Sort  (cost=371.57..371.80 rows=95 width=121)
	        Sort Key: c
	        ->  Index Scan using sbtest8_pkey on sbtest8  (cost=0.43..368.45 rows=95 width=121)
	              Index Cond: ((id >= 671214) AND (id <= 671313))

for: order_ranges
table 1 : explain SELECT c FROM sbtest1 WHERE id BETWEEN 829894 AND 829993 ORDER BY c
	Sort  (cost=399.42..399.68 rows=103 width=121)
	  Sort Key: c
	  ->  Index Scan using sbtest1_pkey on sbtest1  (cost=0.43..395.98 rows=103 width=121)
	        Index Cond: ((id >= 829894) AND (id <= 829993))

table 2 : explain SELECT c FROM sbtest2 WHERE id BETWEEN 4758108 AND 4758207 ORDER BY c
	Sort  (cost=382.74..382.98 rows=98 width=121)
	  Sort Key: c
	  ->  Index Scan using sbtest2_pkey on sbtest2  (cost=0.43..379.50 rows=98 width=121)
	        Index Cond: ((id >= 4758108) AND (id <= 4758207))

table 3 : explain SELECT c FROM sbtest3 WHERE id BETWEEN 31073 AND 31172 ORDER BY c
	Sort  (cost=381.35..381.60 rows=98 width=121)
	  Sort Key: c
	  ->  Index Scan using sbtest3_pkey on sbtest3  (cost=0.43..378.11 rows=98 width=121)
	        Index Cond: ((id >= 31073) AND (id <= 31172))

table 4 : explain SELECT c FROM sbtest4 WHERE id BETWEEN 1296987 AND 1297086 ORDER BY c
	Sort  (cost=433.37..433.65 rows=111 width=121)
	  Sort Key: c
	  ->  Index Scan using sbtest4_pkey on sbtest4  (cost=0.43..429.60 rows=111 width=121)
	        Index Cond: ((id >= 1296987) AND (id <= 1297086))

table 5 : explain SELECT c FROM sbtest5 WHERE id BETWEEN 6936580 AND 6936679 ORDER BY c
	Sort  (cost=412.09..412.35 rows=105 width=121)
	  Sort Key: c
	  ->  Index Scan using sbtest5_pkey on sbtest5  (cost=0.43..408.57 rows=105 width=121)
	        Index Cond: ((id >= 6936580) AND (id <= 6936679))

table 6 : explain SELECT c FROM sbtest6 WHERE id BETWEEN 1366045 AND 1366144 ORDER BY c
	Sort  (cost=421.48..421.75 rows=108 width=121)
	  Sort Key: c
	  ->  Index Scan using sbtest6_pkey on sbtest6  (cost=0.43..417.83 rows=108 width=121)
	        Index Cond: ((id >= 1366045) AND (id <= 1366144))

table 7 : explain SELECT c FROM sbtest7 WHERE id BETWEEN 4479654 AND 4479753 ORDER BY c
	Sort  (cost=345.98..346.20 rows=89 width=121)
	  Sort Key: c
	  ->  Index Scan using sbtest7_pkey on sbtest7  (cost=0.43..343.09 rows=89 width=121)
	        Index Cond: ((id >= 4479654) AND (id <= 4479753))

table 8 : explain SELECT c FROM sbtest8 WHERE id BETWEEN 3373393 AND 3373492 ORDER BY c
	Sort  (cost=418.05..418.31 rows=107 width=121)
	  Sort Key: c
	  ->  Index Scan using sbtest8_pkey on sbtest8  (cost=0.43..414.44 rows=107 width=121)
	        Index Cond: ((id >= 3373393) AND (id <= 3373492))

for: simple_ranges
table 1 : explain SELECT c FROM sbtest1 WHERE id BETWEEN 3052529 AND 3052628
	Index Scan using sbtest1_pkey on sbtest1  (cost=0.43..430.15 rows=112 width=121)
	  Index Cond: ((id >= 3052529) AND (id <= 3052628))

table 2 : explain SELECT c FROM sbtest2 WHERE id BETWEEN 1815797 AND 1815896
	Index Scan using sbtest2_pkey on sbtest2  (cost=0.43..402.44 rows=104 width=121)
	  Index Cond: ((id >= 1815797) AND (id <= 1815896))

table 3 : explain SELECT c FROM sbtest3 WHERE id BETWEEN 889902 AND 890001
	Index Scan using sbtest3_pkey on sbtest3  (cost=0.43..359.07 rows=93 width=121)
	  Index Cond: ((id >= 889902) AND (id <= 890001))

table 4 : explain SELECT c FROM sbtest4 WHERE id BETWEEN 3254693 AND 3254792
	Index Scan using sbtest4_pkey on sbtest4  (cost=0.43..387.50 rows=100 width=121)
	  Index Cond: ((id >= 3254693) AND (id <= 3254792))

table 5 : explain SELECT c FROM sbtest5 WHERE id BETWEEN 5833375 AND 5833474
	Index Scan using sbtest5_pkey on sbtest5  (cost=0.43..381.65 rows=98 width=121)
	  Index Cond: ((id >= 5833375) AND (id <= 5833474))

table 6 : explain SELECT c FROM sbtest6 WHERE id BETWEEN 3700432 AND 3700531
	Index Scan using sbtest6_pkey on sbtest6  (cost=0.43..352.77 rows=91 width=121)
	  Index Cond: ((id >= 3700432) AND (id <= 3700531))

table 7 : explain SELECT c FROM sbtest7 WHERE id BETWEEN 416137 AND 416236
	Index Scan using sbtest7_pkey on sbtest7  (cost=0.43..365.96 rows=95 width=121)
	  Index Cond: ((id >= 416137) AND (id <= 416236))

table 8 : explain SELECT c FROM sbtest8 WHERE id BETWEEN 4735996 AND 4736095
	Index Scan using sbtest8_pkey on sbtest8  (cost=0.43..395.30 rows=102 width=121)
	  Index Cond: ((id >= 4735996) AND (id <= 4736095))

explain: for index_updates :: explain UPDATE sbtest%u SET k=k+1 WHERE id=%u
for: sum_ranges
table 1 : explain SELECT SUM(k) FROM sbtest1 WHERE id BETWEEN 319231 AND 319330
	Aggregate  (cost=392.43..392.44 rows=1 width=8)
	  ->  Index Scan using sbtest1_pkey on sbtest1  (cost=0.43..392.18 rows=102 width=4)
	        Index Cond: ((id >= 319231) AND (id <= 319330))

table 2 : explain SELECT SUM(k) FROM sbtest2 WHERE id BETWEEN 9922087 AND 9922186
	Aggregate  (cost=375.87..375.88 rows=1 width=8)
	  ->  Index Scan using sbtest2_pkey on sbtest2  (cost=0.43..375.62 rows=97 width=4)
	        Index Cond: ((id >= 9922087) AND (id <= 9922186))

table 3 : explain SELECT SUM(k) FROM sbtest3 WHERE id BETWEEN 8931431 AND 8931530
	Aggregate  (cost=393.61..393.62 rows=1 width=8)
	  ->  Index Scan using sbtest3_pkey on sbtest3  (cost=0.43..393.35 rows=102 width=4)
	        Index Cond: ((id >= 8931431) AND (id <= 8931530))

table 4 : explain SELECT SUM(k) FROM sbtest4 WHERE id BETWEEN 5968440 AND 5968539
	Aggregate  (cost=433.71..433.72 rows=1 width=8)
	  ->  Index Scan using sbtest4_pkey on sbtest4  (cost=0.43..433.43 rows=112 width=4)
	        Index Cond: ((id >= 5968440) AND (id <= 5968539))

table 5 : explain SELECT SUM(k) FROM sbtest5 WHERE id BETWEEN 1896437 AND 1896536
	Aggregate  (cost=385.74..385.75 rows=1 width=8)
	  ->  Index Scan using sbtest5_pkey on sbtest5  (cost=0.43..385.49 rows=99 width=4)
	        Index Cond: ((id >= 1896437) AND (id <= 1896536))

table 6 : explain SELECT SUM(k) FROM sbtest6 WHERE id BETWEEN 1092843 AND 1092942
	Aggregate  (cost=368.30..368.31 rows=1 width=8)
	  ->  Index Scan using sbtest6_pkey on sbtest6  (cost=0.43..368.07 rows=95 width=4)
	        Index Cond: ((id >= 1092843) AND (id <= 1092942))

table 7 : explain SELECT SUM(k) FROM sbtest7 WHERE id BETWEEN 3009384 AND 3009483
	Aggregate  (cost=377.61..377.62 rows=1 width=8)
	  ->  Index Scan using sbtest7_pkey on sbtest7  (cost=0.43..377.36 rows=98 width=4)
	        Index Cond: ((id >= 3009384) AND (id <= 3009483))

table 8 : explain SELECT SUM(k) FROM sbtest8 WHERE id BETWEEN 1577039 AND 1577138
	Aggregate  (cost=361.02..361.03 rows=1 width=8)
	  ->  Index Scan using sbtest8_pkey on sbtest8  (cost=0.43..360.79 rows=93 width=4)
	        Index Cond: ((id >= 1577039) AND (id <= 1577138))

for: distinct_ranges
table 1 : explain SELECT DISTINCT c FROM sbtest1 WHERE id BETWEEN 2418491 AND 2418590 ORDER BY c
	Unique  (cost=376.39..376.88 rows=97 width=121)
	  ->  Sort  (cost=376.39..376.63 rows=97 width=121)
	        Sort Key: c
	        ->  Index Scan using sbtest1_pkey on sbtest1  (cost=0.43..373.19 rows=97 width=121)
	              Index Cond: ((id >= 2418491) AND (id <= 2418590))

table 2 : explain SELECT DISTINCT c FROM sbtest2 WHERE id BETWEEN 9193252 AND 9193351 ORDER BY c
	Unique  (cost=386.60..387.10 rows=99 width=121)
	  ->  Sort  (cost=386.60..386.85 rows=99 width=121)
	        Sort Key: c
	        ->  Index Scan using sbtest2_pkey on sbtest2  (cost=0.43..383.32 rows=99 width=121)
	              Index Cond: ((id >= 9193252) AND (id <= 9193351))

table 3 : explain SELECT DISTINCT c FROM sbtest3 WHERE id BETWEEN 276504 AND 276603 ORDER BY c
	Unique  (cost=377.50..377.99 rows=97 width=121)
	  ->  Sort  (cost=377.50..377.75 rows=97 width=121)
	        Sort Key: c
	        ->  Index Scan using sbtest3_pkey on sbtest3  (cost=0.43..374.30 rows=97 width=121)
	              Index Cond: ((id >= 276504) AND (id <= 276603))

table 4 : explain SELECT DISTINCT c FROM sbtest4 WHERE id BETWEEN 7112570 AND 7112669 ORDER BY c
	Unique  (cost=355.97..356.42 rows=91 width=121)
	  ->  Sort  (cost=355.97..356.20 rows=91 width=121)
	        Sort Key: c
	        ->  Index Scan using sbtest4_pkey on sbtest4  (cost=0.43..353.01 rows=91 width=121)
	              Index Cond: ((id >= 7112570) AND (id <= 7112669))

table 5 : explain SELECT DISTINCT c FROM sbtest5 WHERE id BETWEEN 3004888 AND 3004987 ORDER BY c
	Unique  (cost=458.74..459.32 rows=117 width=121)
	  ->  Sort  (cost=458.74..459.03 rows=117 width=121)
	        Sort Key: c
	        ->  Index Scan using sbtest5_pkey on sbtest5  (cost=0.43..454.72 rows=117 width=121)
	              Index Cond: ((id >= 3004888) AND (id <= 3004987))

table 6 : explain SELECT DISTINCT c FROM sbtest6 WHERE id BETWEEN 9542081 AND 9542180 ORDER BY c
	Unique  (cost=398.29..398.80 rows=102 width=121)
	  ->  Sort  (cost=398.29..398.54 rows=102 width=121)
	        Sort Key: c
	        ->  Index Scan using sbtest6_pkey on sbtest6  (cost=0.43..394.89 rows=102 width=121)
	              Index Cond: ((id >= 9542081) AND (id <= 9542180))

table 7 : explain SELECT DISTINCT c FROM sbtest7 WHERE id BETWEEN 6200360 AND 6200459 ORDER BY c
	Unique  (cost=369.08..369.55 rows=95 width=121)
	  ->  Sort  (cost=369.08..369.32 rows=95 width=121)
	        Sort Key: c
	        ->  Index Scan using sbtest7_pkey on sbtest7  (cost=0.43..365.96 rows=95 width=121)
	              Index Cond: ((id >= 6200360) AND (id <= 6200459))

table 8 : explain SELECT DISTINCT c FROM sbtest8 WHERE id BETWEEN 571123 AND 571222 ORDER BY c
	Unique  (cost=390.96..391.46 rows=100 width=121)
	  ->  Sort  (cost=390.96..391.21 rows=100 width=121)
	        Sort Key: c
	        ->  Index Scan using sbtest8_pkey on sbtest8  (cost=0.43..387.64 rows=100 width=121)
	              Index Cond: ((id >= 571123) AND (id <= 571222))

for: simple_ranges
table 1 : explain SELECT c FROM sbtest1 WHERE id BETWEEN 9741342 AND 9741441
	Index Scan using sbtest1_pkey on sbtest1  (cost=0.43..388.38 rows=101 width=121)
	  Index Cond: ((id >= 9741342) AND (id <= 9741441))

table 2 : explain SELECT c FROM sbtest2 WHERE id BETWEEN 9203410 AND 9203509
	Index Scan using sbtest2_pkey on sbtest2  (cost=0.43..383.32 rows=99 width=121)
	  Index Cond: ((id >= 9203410) AND (id <= 9203509))

table 3 : explain SELECT c FROM sbtest3 WHERE id BETWEEN 1692157 AND 1692256
	Index Scan using sbtest3_pkey on sbtest3  (cost=0.43..374.30 rows=97 width=121)
	  Index Cond: ((id >= 1692157) AND (id <= 1692256))

table 4 : explain SELECT c FROM sbtest4 WHERE id BETWEEN 356007 AND 356106
	Index Scan using sbtest4_pkey on sbtest4  (cost=0.43..364.54 rows=94 width=121)
	  Index Cond: ((id >= 356007) AND (id <= 356106))

table 5 : explain SELECT c FROM sbtest5 WHERE id BETWEEN 2652582 AND 2652681
	Index Scan using sbtest5_pkey on sbtest5  (cost=0.43..400.88 rows=103 width=121)
	  Index Cond: ((id >= 2652582) AND (id <= 2652681))

table 6 : explain SELECT c FROM sbtest6 WHERE id BETWEEN 6346590 AND 6346689
	Index Scan using sbtest6_pkey on sbtest6  (cost=0.43..394.89 rows=102 width=121)
	  Index Cond: ((id >= 6346590) AND (id <= 6346689))

table 7 : explain SELECT c FROM sbtest7 WHERE id BETWEEN 922208 AND 922307
	Index Scan using sbtest7_pkey on sbtest7  (cost=0.43..419.18 rows=109 width=121)
	  Index Cond: ((id >= 922208) AND (id <= 922307))

table 8 : explain SELECT c FROM sbtest8 WHERE id BETWEEN 7135172 AND 7135271
	Index Scan using sbtest8_pkey on sbtest8  (cost=0.43..333.99 rows=86 width=121)
	  Index Cond: ((id >= 7135172) AND (id <= 7135271))

for index_updates
table 1 : explain UPDATE sbtest1 SET k=k+1 WHERE id=8743660
	Update on sbtest1  (cost=0.43..8.46 rows=0 width=0)
	  ->  Index Scan using sbtest1_pkey on sbtest1  (cost=0.43..8.46 rows=1 width=10)
	        Index Cond: (id = 8743660)

table 2 : explain UPDATE sbtest2 SET k=k+1 WHERE id=5975190
	Update on sbtest2  (cost=0.43..8.46 rows=0 width=0)
	  ->  Index Scan using sbtest2_pkey on sbtest2  (cost=0.43..8.46 rows=1 width=10)
	        Index Cond: (id = 5975190)

table 3 : explain UPDATE sbtest3 SET k=k+1 WHERE id=5812964
	Update on sbtest3  (cost=0.43..8.46 rows=0 width=0)
	  ->  Index Scan using sbtest3_pkey on sbtest3  (cost=0.43..8.46 rows=1 width=10)
	        Index Cond: (id = 5812964)

table 4 : explain UPDATE sbtest4 SET k=k+1 WHERE id=5559269
	Update on sbtest4  (cost=0.43..8.46 rows=0 width=0)
	  ->  Index Scan using sbtest4_pkey on sbtest4  (cost=0.43..8.46 rows=1 width=10)
	        Index Cond: (id = 5559269)

table 5 : explain UPDATE sbtest5 SET k=k+1 WHERE id=980797
	Update on sbtest5  (cost=0.43..8.46 rows=0 width=0)
	  ->  Index Scan using sbtest5_pkey on sbtest5  (cost=0.43..8.46 rows=1 width=10)
	        Index Cond: (id = 980797)

table 6 : explain UPDATE sbtest6 SET k=k+1 WHERE id=5632430
	Update on sbtest6  (cost=0.43..8.46 rows=0 width=0)
	  ->  Index Scan using sbtest6_pkey on sbtest6  (cost=0.43..8.46 rows=1 width=10)
	        Index Cond: (id = 5632430)

table 7 : explain UPDATE sbtest7 SET k=k+1 WHERE id=5397653
	Update on sbtest7  (cost=0.43..8.46 rows=0 width=0)
	  ->  Index Scan using sbtest7_pkey on sbtest7  (cost=0.43..8.46 rows=1 width=10)
	        Index Cond: (id = 5397653)

table 8 : explain UPDATE sbtest8 SET k=k+1 WHERE id=416965
	Update on sbtest8  (cost=0.43..8.46 rows=0 width=0)
	  ->  Index Scan using sbtest8_pkey on sbtest8  (cost=0.43..8.46 rows=1 width=10)
	        Index Cond: (id = 416965)

explain: for index_updates :: explain UPDATE sbtest%u SET k=k+1 WHERE id=%u
for: distinct_ranges
table 1 : explain SELECT DISTINCT c FROM sbtest1 WHERE id BETWEEN 4391766 AND 4391865 ORDER BY c
	Unique  (cost=384.07..384.56 rows=99 width=121)
	  ->  Sort  (cost=384.07..384.31 rows=99 width=121)
	        Sort Key: c
	        ->  Index Scan using sbtest1_pkey on sbtest1  (cost=0.43..380.79 rows=99 width=121)
	              Index Cond: ((id >= 4391766) AND (id <= 4391865))

table 2 : explain SELECT DISTINCT c FROM sbtest2 WHERE id BETWEEN 2848058 AND 2848157 ORDER BY c
	Unique  (cost=409.79..410.31 rows=105 width=121)
	  ->  Sort  (cost=409.79..410.05 rows=105 width=121)
	        Sort Key: c
	        ->  Index Scan using sbtest2_pkey on sbtest2  (cost=0.43..406.26 rows=105 width=121)
	              Index Cond: ((id >= 2848058) AND (id <= 2848157))

table 3 : explain SELECT DISTINCT c FROM sbtest3 WHERE id BETWEEN 9924250 AND 9924349 ORDER BY c
	Unique  (cost=358.26..358.72 rows=92 width=121)
	  ->  Sort  (cost=358.26..358.49 rows=92 width=121)
	        Sort Key: c
	        ->  Index Scan using sbtest3_pkey on sbtest3  (cost=0.43..355.26 rows=92 width=121)
	              Index Cond: ((id >= 9924250) AND (id <= 9924349))

table 4 : explain SELECT DISTINCT c FROM sbtest4 WHERE id BETWEEN 2162359 AND 2162458 ORDER BY c
	Unique  (cost=386.96..387.45 rows=99 width=121)
	  ->  Sort  (cost=386.96..387.20 rows=99 width=121)
	        Sort Key: c
	        ->  Index Scan using sbtest4_pkey on sbtest4  (cost=0.43..383.67 rows=99 width=121)
	              Index Cond: ((id >= 2162359) AND (id <= 2162458))

table 5 : explain SELECT DISTINCT c FROM sbtest5 WHERE id BETWEEN 4353647 AND 4353746 ORDER BY c
	Unique  (cost=392.66..393.16 rows=100 width=121)
	  ->  Sort  (cost=392.66..392.91 rows=100 width=121)
	        Sort Key: c
	        ->  Index Scan using sbtest5_pkey on sbtest5  (cost=0.43..389.34 rows=100 width=121)
	              Index Cond: ((id >= 4353647) AND (id <= 4353746))

table 6 : explain SELECT DISTINCT c FROM sbtest6 WHERE id BETWEEN 7286822 AND 7286921 ORDER BY c
	Unique  (cost=382.83..383.32 rows=98 width=121)
	  ->  Sort  (cost=382.83..383.07 rows=98 width=121)
	        Sort Key: c
	        ->  Index Scan using sbtest6_pkey on sbtest6  (cost=0.43..379.59 rows=98 width=121)
	              Index Cond: ((id >= 7286822) AND (id <= 7286921))

table 7 : explain SELECT DISTINCT c FROM sbtest7 WHERE id BETWEEN 4008356 AND 4008455 ORDER BY c
	Unique  (cost=392.13..392.63 rows=101 width=121)
	  ->  Sort  (cost=392.13..392.38 rows=101 width=121)
	        Sort Key: c
	        ->  Index Scan using sbtest7_pkey on sbtest7  (cost=0.43..388.77 rows=101 width=121)
	              Index Cond: ((id >= 4008356) AND (id <= 4008455))

table 8 : explain SELECT DISTINCT c FROM sbtest8 WHERE id BETWEEN 3887769 AND 3887868 ORDER BY c
	Unique  (cost=414.18..414.71 rows=106 width=121)
	  ->  Sort  (cost=414.18..414.44 rows=106 width=121)
	        Sort Key: c
	        ->  Index Scan using sbtest8_pkey on sbtest8  (cost=0.43..410.61 rows=106 width=121)
	              Index Cond: ((id >= 3887769) AND (id <= 3887868))

explain: for index_updates :: explain UPDATE sbtest%u SET k=k+1 WHERE id=%u
explain: for deletes :: explain DELETE FROM sbtest%u WHERE id=%u
explain: for non_index_updates :: explain UPDATE sbtest%u SET c='foobar' WHERE id=%u
explain: for index_updates :: explain UPDATE sbtest%u SET k=k+1 WHERE id=%u
for: sum_ranges
table 1 : explain SELECT SUM(k) FROM sbtest1 WHERE id BETWEEN 9246491 AND 9246590
	Aggregate  (cost=396.23..396.24 rows=1 width=8)
	  ->  Index Scan using sbtest1_pkey on sbtest1  (cost=0.43..395.98 rows=103 width=4)
	        Index Cond: ((id >= 9246491) AND (id <= 9246590))

table 2 : explain SELECT SUM(k) FROM sbtest2 WHERE id BETWEEN 769011 AND 769110
	Aggregate  (cost=368.21..368.22 rows=1 width=8)
	  ->  Index Scan using sbtest2_pkey on sbtest2  (cost=0.43..367.98 rows=95 width=4)
	        Index Cond: ((id >= 769011) AND (id <= 769110))

table 3 : explain SELECT SUM(k) FROM sbtest3 WHERE id BETWEEN 1954563 AND 1954662
	Aggregate  (cost=385.98..385.99 rows=1 width=8)
	  ->  Index Scan using sbtest3_pkey on sbtest3  (cost=0.43..385.73 rows=100 width=4)
	        Index Cond: ((id >= 1954563) AND (id <= 1954662))

table 4 : explain SELECT SUM(k) FROM sbtest4 WHERE id BETWEEN 961914 AND 962013
	Aggregate  (cost=360.94..360.95 rows=1 width=8)
	  ->  Index Scan using sbtest4_pkey on sbtest4  (cost=0.43..360.71 rows=93 width=4)
	        Index Cond: ((id >= 961914) AND (id <= 962013))

table 5 : explain SELECT SUM(k) FROM sbtest5 WHERE id BETWEEN 92672 AND 92771
	Aggregate  (cost=335.67..335.68 rows=1 width=8)
	  ->  Index Scan using sbtest5_pkey on sbtest5  (cost=0.43..335.45 rows=86 width=4)
	        Index Cond: ((id >= 92672) AND (id <= 92771))

table 6 : explain SELECT SUM(k) FROM sbtest6 WHERE id BETWEEN 9131202 AND 9131301
	Aggregate  (cost=368.35..368.36 rows=1 width=8)
	  ->  Index Scan using sbtest6_pkey on sbtest6  (cost=0.43..368.11 rows=95 width=4)
	        Index Cond: ((id >= 9131202) AND (id <= 9131301))

table 7 : explain SELECT SUM(k) FROM sbtest7 WHERE id BETWEEN 8122655 AND 8122754
	Aggregate  (cost=385.22..385.23 rows=1 width=8)
	  ->  Index Scan using sbtest7_pkey on sbtest7  (cost=0.43..384.97 rows=100 width=4)
	        Index Cond: ((id >= 8122655) AND (id <= 8122754))

table 8 : explain SELECT SUM(k) FROM sbtest8 WHERE id BETWEEN 6602160 AND 6602259
	Aggregate  (cost=357.19..357.20 rows=1 width=8)
	  ->  Index Scan using sbtest8_pkey on sbtest8  (cost=0.43..356.96 rows=92 width=4)
	        Index Cond: ((id >= 6602160) AND (id <= 6602259))

explain: for point_selects :: explain SELECT c FROM sbtest%u WHERE id=%u
for: simple_ranges
table 1 : explain SELECT c FROM sbtest1 WHERE id BETWEEN 3818961 AND 3819060
	Index Scan using sbtest1_pkey on sbtest1  (cost=0.43..373.19 rows=97 width=121)
	  Index Cond: ((id >= 3818961) AND (id <= 3819060))

table 2 : explain SELECT c FROM sbtest2 WHERE id BETWEEN 3964941 AND 3965040
	Index Scan using sbtest2_pkey on sbtest2  (cost=0.43..440.68 rows=114 width=121)
	  Index Cond: ((id >= 3964941) AND (id <= 3965040))

table 3 : explain SELECT c FROM sbtest3 WHERE id BETWEEN 3268867 AND 3268966
	Index Scan using sbtest3_pkey on sbtest3  (cost=0.43..347.64 rows=90 width=121)
	  Index Cond: ((id >= 3268867) AND (id <= 3268966))

table 4 : explain SELECT c FROM sbtest4 WHERE id BETWEEN 6570132 AND 6570231
	Index Scan using sbtest4_pkey on sbtest4  (cost=0.43..421.95 rows=109 width=121)
	  Index Cond: ((id >= 6570132) AND (id <= 6570231))

table 5 : explain SELECT c FROM sbtest5 WHERE id BETWEEN 5573601 AND 5573700
	Index Scan using sbtest5_pkey on sbtest5  (cost=0.43..385.49 rows=99 width=121)
	  Index Cond: ((id >= 5573601) AND (id <= 5573700))

table 6 : explain SELECT c FROM sbtest6 WHERE id BETWEEN 2118271 AND 2118370
	Index Scan using sbtest6_pkey on sbtest6  (cost=0.43..379.59 rows=98 width=121)
	  Index Cond: ((id >= 2118271) AND (id <= 2118370))

table 7 : explain SELECT c FROM sbtest7 WHERE id BETWEEN 467224 AND 467323
	Index Scan using sbtest7_pkey on sbtest7  (cost=0.43..365.96 rows=95 width=121)
	  Index Cond: ((id >= 467224) AND (id <= 467323))

table 8 : explain SELECT c FROM sbtest8 WHERE id BETWEEN 7344659 AND 7344758
	Index Scan using sbtest8_pkey on sbtest8  (cost=0.43..383.81 rows=99 width=121)
	  Index Cond: ((id >= 7344659) AND (id <= 7344758))

for index_updates
table 1 : explain UPDATE sbtest1 SET k=k+1 WHERE id=9516372
	Update on sbtest1  (cost=0.43..8.46 rows=0 width=0)
	  ->  Index Scan using sbtest1_pkey on sbtest1  (cost=0.43..8.46 rows=1 width=10)
	        Index Cond: (id = 9516372)

table 2 : explain UPDATE sbtest2 SET k=k+1 WHERE id=694399
	Update on sbtest2  (cost=0.43..8.46 rows=0 width=0)
	  ->  Index Scan using sbtest2_pkey on sbtest2  (cost=0.43..8.46 rows=1 width=10)
	        Index Cond: (id = 694399)

table 3 : explain UPDATE sbtest3 SET k=k+1 WHERE id=5436539
	Update on sbtest3  (cost=0.43..8.46 rows=0 width=0)
	  ->  Index Scan using sbtest3_pkey on sbtest3  (cost=0.43..8.46 rows=1 width=10)
	        Index Cond: (id = 5436539)

table 4 : explain UPDATE sbtest4 SET k=k+1 WHERE id=6135159
	Update on sbtest4  (cost=0.43..8.46 rows=0 width=0)
	  ->  Index Scan using sbtest4_pkey on sbtest4  (cost=0.43..8.46 rows=1 width=10)
	        Index Cond: (id = 6135159)

table 5 : explain UPDATE sbtest5 SET k=k+1 WHERE id=1073960
	Update on sbtest5  (cost=0.43..8.46 rows=0 width=0)
	  ->  Index Scan using sbtest5_pkey on sbtest5  (cost=0.43..8.46 rows=1 width=10)
	        Index Cond: (id = 1073960)

table 6 : explain UPDATE sbtest6 SET k=k+1 WHERE id=8197284
	Update on sbtest6  (cost=0.43..8.46 rows=0 width=0)
	  ->  Index Scan using sbtest6_pkey on sbtest6  (cost=0.43..8.46 rows=1 width=10)
	        Index Cond: (id = 8197284)

table 7 : explain UPDATE sbtest7 SET k=k+1 WHERE id=3012927
	Update on sbtest7  (cost=0.43..8.46 rows=0 width=0)
	  ->  Index Scan using sbtest7_pkey on sbtest7  (cost=0.43..8.46 rows=1 width=10)
	        Index Cond: (id = 3012927)

table 8 : explain UPDATE sbtest8 SET k=k+1 WHERE id=6802620
	Update on sbtest8  (cost=0.43..8.46 rows=0 width=0)
	  ->  Index Scan using sbtest8_pkey on sbtest8  (cost=0.43..8.46 rows=1 width=10)
	        Index Cond: (id = 6802620)

for: sum_ranges
table 1 : explain SELECT SUM(k) FROM sbtest1 WHERE id BETWEEN 8678814 AND 8678913
	Aggregate  (cost=400.03..400.04 rows=1 width=8)
	  ->  Index Scan using sbtest1_pkey on sbtest1  (cost=0.43..399.77 rows=104 width=4)
	        Index Cond: ((id >= 8678814) AND (id <= 8678913))

table 2 : explain SELECT SUM(k) FROM sbtest2 WHERE id BETWEEN 5935532 AND 5935631
	Aggregate  (cost=402.70..402.71 rows=1 width=8)
	  ->  Index Scan using sbtest2_pkey on sbtest2  (cost=0.43..402.44 rows=104 width=4)
	        Index Cond: ((id >= 5935532) AND (id <= 5935631))

table 3 : explain SELECT SUM(k) FROM sbtest3 WHERE id BETWEEN 1243562 AND 1243661
	Aggregate  (cost=385.98..385.99 rows=1 width=8)
	  ->  Index Scan using sbtest3_pkey on sbtest3  (cost=0.43..385.73 rows=100 width=4)
	        Index Cond: ((id >= 1243562) AND (id <= 1243661))

table 4 : explain SELECT SUM(k) FROM sbtest4 WHERE id BETWEEN 8248612 AND 8248711
	Aggregate  (cost=391.58..391.59 rows=1 width=8)
	  ->  Index Scan using sbtest4_pkey on sbtest4  (cost=0.43..391.33 rows=101 width=4)
	        Index Cond: ((id >= 8248612) AND (id <= 8248711))

table 5 : explain SELECT SUM(k) FROM sbtest5 WHERE id BETWEEN 7934787 AND 7934886
	Aggregate  (cost=381.89..381.90 rows=1 width=8)
	  ->  Index Scan using sbtest5_pkey on sbtest5  (cost=0.43..381.65 rows=98 width=4)
	        Index Cond: ((id >= 7934787) AND (id <= 7934886))

table 6 : explain SELECT SUM(k) FROM sbtest6 WHERE id BETWEEN 7553870 AND 7553969
	Aggregate  (cost=395.14..395.15 rows=1 width=8)
	  ->  Index Scan using sbtest6_pkey on sbtest6  (cost=0.43..394.89 rows=102 width=4)
	        Index Cond: ((id >= 7553870) AND (id <= 7553969))

table 7 : explain SELECT SUM(k) FROM sbtest7 WHERE id BETWEEN 5409315 AND 5409414
	Aggregate  (cost=415.65..415.66 rows=1 width=8)
	  ->  Index Scan using sbtest7_pkey on sbtest7  (cost=0.43..415.38 rows=108 width=4)
	        Index Cond: ((id >= 5409315) AND (id <= 5409414))

table 8 : explain SELECT SUM(k) FROM sbtest8 WHERE id BETWEEN 7530335 AND 7530434
	Aggregate  (cost=372.52..372.53 rows=1 width=8)
	  ->  Index Scan using sbtest8_pkey on sbtest8  (cost=0.43..372.28 rows=96 width=4)
	        Index Cond: ((id >= 7530335) AND (id <= 7530434))

for index_updates
table 1 : explain UPDATE sbtest1 SET k=k+1 WHERE id=9972599
	Update on sbtest1  (cost=0.43..8.46 rows=0 width=0)
	  ->  Index Scan using sbtest1_pkey on sbtest1  (cost=0.43..8.46 rows=1 width=10)
	        Index Cond: (id = 9972599)

table 2 : explain UPDATE sbtest2 SET k=k+1 WHERE id=584527
	Update on sbtest2  (cost=0.43..8.46 rows=0 width=0)
	  ->  Index Scan using sbtest2_pkey on sbtest2  (cost=0.43..8.46 rows=1 width=10)
	        Index Cond: (id = 584527)

table 3 : explain UPDATE sbtest3 SET k=k+1 WHERE id=8395540
	Update on sbtest3  (cost=0.43..8.46 rows=0 width=0)
	  ->  Index Scan using sbtest3_pkey on sbtest3  (cost=0.43..8.46 rows=1 width=10)
	        Index Cond: (id = 8395540)

table 4 : explain UPDATE sbtest4 SET k=k+1 WHERE id=5712273
	Update on sbtest4  (cost=0.43..8.46 rows=0 width=0)
	  ->  Index Scan using sbtest4_pkey on sbtest4  (cost=0.43..8.46 rows=1 width=10)
	        Index Cond: (id = 5712273)

table 5 : explain UPDATE sbtest5 SET k=k+1 WHERE id=5452715
	Update on sbtest5  (cost=0.43..8.46 rows=0 width=0)
	  ->  Index Scan using sbtest5_pkey on sbtest5  (cost=0.43..8.46 rows=1 width=10)
	        Index Cond: (id = 5452715)

table 6 : explain UPDATE sbtest6 SET k=k+1 WHERE id=9020146
	Update on sbtest6  (cost=0.43..8.46 rows=0 width=0)
	  ->  Index Scan using sbtest6_pkey on sbtest6  (cost=0.43..8.46 rows=1 width=10)
	        Index Cond: (id = 9020146)

table 7 : explain UPDATE sbtest7 SET k=k+1 WHERE id=784062
	Update on sbtest7  (cost=0.43..8.46 rows=0 width=0)
	  ->  Index Scan using sbtest7_pkey on sbtest7  (cost=0.43..8.46 rows=1 width=10)
	        Index Cond: (id = 784062)

table 8 : explain UPDATE sbtest8 SET k=k+1 WHERE id=4905751
	Update on sbtest8  (cost=0.43..8.46 rows=0 width=0)
	  ->  Index Scan using sbtest8_pkey on sbtest8  (cost=0.43..8.46 rows=1 width=10)
	        Index Cond: (id = 4905751)

for non_index_updates
table 1 : explain UPDATE sbtest1 SET c='foobar' WHERE id=7242806
	Update on sbtest1  (cost=0.43..8.45 rows=0 width=0)
	  ->  Index Scan using sbtest1_pkey on sbtest1  (cost=0.43..8.45 rows=1 width=490)
	        Index Cond: (id = 7242806)

table 2 : explain UPDATE sbtest2 SET c='foobar' WHERE id=4010773
	Update on sbtest2  (cost=0.43..8.45 rows=0 width=0)
	  ->  Index Scan using sbtest2_pkey on sbtest2  (cost=0.43..8.45 rows=1 width=490)
	        Index Cond: (id = 4010773)

table 3 : explain UPDATE sbtest3 SET c='foobar' WHERE id=6368978
	Update on sbtest3  (cost=0.43..8.45 rows=0 width=0)
	  ->  Index Scan using sbtest3_pkey on sbtest3  (cost=0.43..8.45 rows=1 width=490)
	        Index Cond: (id = 6368978)

table 4 : explain UPDATE sbtest4 SET c='foobar' WHERE id=7835742
	Update on sbtest4  (cost=0.43..8.45 rows=0 width=0)
	  ->  Index Scan using sbtest4_pkey on sbtest4  (cost=0.43..8.45 rows=1 width=490)
	        Index Cond: (id = 7835742)

table 5 : explain UPDATE sbtest5 SET c='foobar' WHERE id=8966132
	Update on sbtest5  (cost=0.43..8.45 rows=0 width=0)
	  ->  Index Scan using sbtest5_pkey on sbtest5  (cost=0.43..8.45 rows=1 width=490)
	        Index Cond: (id = 8966132)

table 6 : explain UPDATE sbtest6 SET c='foobar' WHERE id=605065
	Update on sbtest6  (cost=0.43..8.45 rows=0 width=0)
	  ->  Index Scan using sbtest6_pkey on sbtest6  (cost=0.43..8.45 rows=1 width=490)
	        Index Cond: (id = 605065)

table 7 : explain UPDATE sbtest7 SET c='foobar' WHERE id=9980104
	Update on sbtest7  (cost=0.43..8.45 rows=0 width=0)
	  ->  Index Scan using sbtest7_pkey on sbtest7  (cost=0.43..8.45 rows=1 width=490)
	        Index Cond: (id = 9980104)

table 8 : explain UPDATE sbtest8 SET c='foobar' WHERE id=1418455
	Update on sbtest8  (cost=0.43..8.45 rows=0 width=0)
	  ->  Index Scan using sbtest8_pkey on sbtest8  (cost=0.43..8.45 rows=1 width=490)
	        Index Cond: (id = 1418455)

explain: for non_index_updates :: explain UPDATE sbtest%u SET c='foobar' WHERE id=%u
for: sum_ranges
table 1 : explain SELECT SUM(k) FROM sbtest1 WHERE id BETWEEN 8039977 AND 8040076
	Aggregate  (cost=381.03..381.04 rows=1 width=8)
	  ->  Index Scan using sbtest1_pkey on sbtest1  (cost=0.43..380.79 rows=99 width=4)
	        Index Cond: ((id >= 8039977) AND (id <= 8040076))

table 2 : explain SELECT SUM(k) FROM sbtest2 WHERE id BETWEEN 5976905 AND 5977004
	Aggregate  (cost=414.18..414.19 rows=1 width=8)
	  ->  Index Scan using sbtest2_pkey on sbtest2  (cost=0.43..413.91 rows=107 width=4)
	        Index Cond: ((id >= 5976905) AND (id <= 5977004))

table 3 : explain SELECT SUM(k) FROM sbtest3 WHERE id BETWEEN 4262506 AND 4262605
	Aggregate  (cost=385.98..385.99 rows=1 width=8)
	  ->  Index Scan using sbtest3_pkey on sbtest3  (cost=0.43..385.73 rows=100 width=4)
	        Index Cond: ((id >= 4262506) AND (id <= 4262605))

table 4 : explain SELECT SUM(k) FROM sbtest4 WHERE id BETWEEN 7003194 AND 7003293
	Aggregate  (cost=376.26..376.27 rows=1 width=8)
	  ->  Index Scan using sbtest4_pkey on sbtest4  (cost=0.43..376.02 rows=97 width=4)
	        Index Cond: ((id >= 7003194) AND (id <= 7003293))

table 5 : explain SELECT SUM(k) FROM sbtest5 WHERE id BETWEEN 7578550 AND 7578649
	Aggregate  (cost=393.44..393.45 rows=1 width=8)
	  ->  Index Scan using sbtest5_pkey on sbtest5  (cost=0.43..393.18 rows=101 width=4)
	        Index Cond: ((id >= 7578550) AND (id <= 7578649))

table 6 : explain SELECT SUM(k) FROM sbtest6 WHERE id BETWEEN 4968302 AND 4968401
	Aggregate  (cost=383.66..383.67 rows=1 width=8)
	  ->  Index Scan using sbtest6_pkey on sbtest6  (cost=0.43..383.41 rows=99 width=4)
	        Index Cond: ((id >= 4968302) AND (id <= 4968401))

table 7 : explain SELECT SUM(k) FROM sbtest7 WHERE id BETWEEN 5633006 AND 5633105
	Aggregate  (cost=366.20..366.21 rows=1 width=8)
	  ->  Index Scan using sbtest7_pkey on sbtest7  (cost=0.43..365.96 rows=95 width=4)
	        Index Cond: ((id >= 5633006) AND (id <= 5633105))

table 8 : explain SELECT SUM(k) FROM sbtest8 WHERE id BETWEEN 4710955 AND 4711054
	Aggregate  (cost=433.86..433.87 rows=1 width=8)
	  ->  Index Scan using sbtest8_pkey on sbtest8  (cost=0.43..433.58 rows=112 width=4)
	        Index Cond: ((id >= 4710955) AND (id <= 4711054))

explain: for deletes :: explain DELETE FROM sbtest%u WHERE id=%u
for deletes
table 1 : explain DELETE FROM sbtest1 WHERE id=2356003
	Delete on sbtest1  (cost=0.43..8.45 rows=0 width=0)
	  ->  Index Scan using sbtest1_pkey on sbtest1  (cost=0.43..8.45 rows=1 width=6)
	        Index Cond: (id = 2356003)

table 2 : explain DELETE FROM sbtest2 WHERE id=8602766
	Delete on sbtest2  (cost=0.43..8.45 rows=0 width=0)
	  ->  Index Scan using sbtest2_pkey on sbtest2  (cost=0.43..8.45 rows=1 width=6)
	        Index Cond: (id = 8602766)

table 3 : explain DELETE FROM sbtest3 WHERE id=6229684
	Delete on sbtest3  (cost=0.43..8.45 rows=0 width=0)
	  ->  Index Scan using sbtest3_pkey on sbtest3  (cost=0.43..8.45 rows=1 width=6)
	        Index Cond: (id = 6229684)

table 4 : explain DELETE FROM sbtest4 WHERE id=8122126
	Delete on sbtest4  (cost=0.43..8.45 rows=0 width=0)
	  ->  Index Scan using sbtest4_pkey on sbtest4  (cost=0.43..8.45 rows=1 width=6)
	        Index Cond: (id = 8122126)

table 5 : explain DELETE FROM sbtest5 WHERE id=4439484
	Delete on sbtest5  (cost=0.43..8.45 rows=0 width=0)
	  ->  Index Scan using sbtest5_pkey on sbtest5  (cost=0.43..8.45 rows=1 width=6)
	        Index Cond: (id = 4439484)

table 6 : explain DELETE FROM sbtest6 WHERE id=9444253
	Delete on sbtest6  (cost=0.43..8.45 rows=0 width=0)
	  ->  Index Scan using sbtest6_pkey on sbtest6  (cost=0.43..8.45 rows=1 width=6)
	        Index Cond: (id = 9444253)

table 7 : explain DELETE FROM sbtest7 WHERE id=157738
	Delete on sbtest7  (cost=0.43..8.45 rows=0 width=0)
	  ->  Index Scan using sbtest7_pkey on sbtest7  (cost=0.43..8.45 rows=1 width=6)
	        Index Cond: (id = 157738)

table 8 : explain DELETE FROM sbtest8 WHERE id=6260113
	Delete on sbtest8  (cost=0.43..8.45 rows=0 width=0)
	  ->  Index Scan using sbtest8_pkey on sbtest8  (cost=0.43..8.45 rows=1 width=6)
	        Index Cond: (id = 6260113)

explain: for non_index_updates :: explain UPDATE sbtest%u SET c='foobar' WHERE id=%u
for non_index_updates
table 1 : explain UPDATE sbtest1 SET c='foobar' WHERE id=9985625
	Update on sbtest1  (cost=0.43..8.45 rows=0 width=0)
	  ->  Index Scan using sbtest1_pkey on sbtest1  (cost=0.43..8.45 rows=1 width=490)
	        Index Cond: (id = 9985625)

table 2 : explain UPDATE sbtest2 SET c='foobar' WHERE id=5985399
	Update on sbtest2  (cost=0.43..8.45 rows=0 width=0)
	  ->  Index Scan using sbtest2_pkey on sbtest2  (cost=0.43..8.45 rows=1 width=490)
	        Index Cond: (id = 5985399)

table 3 : explain UPDATE sbtest3 SET c='foobar' WHERE id=8106779
	Update on sbtest3  (cost=0.43..8.45 rows=0 width=0)
	  ->  Index Scan using sbtest3_pkey on sbtest3  (cost=0.43..8.45 rows=1 width=490)
	        Index Cond: (id = 8106779)

table 4 : explain UPDATE sbtest4 SET c='foobar' WHERE id=2806931
	Update on sbtest4  (cost=0.43..8.45 rows=0 width=0)
	  ->  Index Scan using sbtest4_pkey on sbtest4  (cost=0.43..8.45 rows=1 width=490)
	        Index Cond: (id = 2806931)

table 5 : explain UPDATE sbtest5 SET c='foobar' WHERE id=6928741
	Update on sbtest5  (cost=0.43..8.45 rows=0 width=0)
	  ->  Index Scan using sbtest5_pkey on sbtest5  (cost=0.43..8.45 rows=1 width=490)
	        Index Cond: (id = 6928741)

table 6 : explain UPDATE sbtest6 SET c='foobar' WHERE id=3729493
	Update on sbtest6  (cost=0.43..8.45 rows=0 width=0)
	  ->  Index Scan using sbtest6_pkey on sbtest6  (cost=0.43..8.45 rows=1 width=490)
	        Index Cond: (id = 3729493)

table 7 : explain UPDATE sbtest7 SET c='foobar' WHERE id=9096871
	Update on sbtest7  (cost=0.43..8.45 rows=0 width=0)
	  ->  Index Scan using sbtest7_pkey on sbtest7  (cost=0.43..8.45 rows=1 width=490)
	        Index Cond: (id = 9096871)

table 8 : explain UPDATE sbtest8 SET c='foobar' WHERE id=2329233
	Update on sbtest8  (cost=0.43..8.45 rows=0 width=0)
	  ->  Index Scan using sbtest8_pkey on sbtest8  (cost=0.43..8.45 rows=1 width=490)
	        Index Cond: (id = 2329233)

for deletes
table 1 : explain DELETE FROM sbtest1 WHERE id=407027
	Delete on sbtest1  (cost=0.43..8.45 rows=0 width=0)
	  ->  Index Scan using sbtest1_pkey on sbtest1  (cost=0.43..8.45 rows=1 width=6)
	        Index Cond: (id = 407027)

table 2 : explain DELETE FROM sbtest2 WHERE id=6768075
	Delete on sbtest2  (cost=0.43..8.45 rows=0 width=0)
	  ->  Index Scan using sbtest2_pkey on sbtest2  (cost=0.43..8.45 rows=1 width=6)
	        Index Cond: (id = 6768075)

table 3 : explain DELETE FROM sbtest3 WHERE id=7522428
	Delete on sbtest3  (cost=0.43..8.45 rows=0 width=0)
	  ->  Index Scan using sbtest3_pkey on sbtest3  (cost=0.43..8.45 rows=1 width=6)
	        Index Cond: (id = 7522428)

table 4 : explain DELETE FROM sbtest4 WHERE id=6440815
	Delete on sbtest4  (cost=0.43..8.45 rows=0 width=0)
	  ->  Index Scan using sbtest4_pkey on sbtest4  (cost=0.43..8.45 rows=1 width=6)
	        Index Cond: (id = 6440815)

table 5 : explain DELETE FROM sbtest5 WHERE id=4202479
	Delete on sbtest5  (cost=0.43..8.45 rows=0 width=0)
	  ->  Index Scan using sbtest5_pkey on sbtest5  (cost=0.43..8.45 rows=1 width=6)
	        Index Cond: (id = 4202479)

table 6 : explain DELETE FROM sbtest6 WHERE id=5987971
	Delete on sbtest6  (cost=0.43..8.45 rows=0 width=0)
	  ->  Index Scan using sbtest6_pkey on sbtest6  (cost=0.43..8.45 rows=1 width=6)
	        Index Cond: (id = 5987971)

table 7 : explain DELETE FROM sbtest7 WHERE id=4489186
	Delete on sbtest7  (cost=0.43..8.45 rows=0 width=0)
	  ->  Index Scan using sbtest7_pkey on sbtest7  (cost=0.43..8.45 rows=1 width=6)
	        Index Cond: (id = 4489186)

table 8 : explain DELETE FROM sbtest8 WHERE id=6629184
	Delete on sbtest8  (cost=0.43..8.45 rows=0 width=0)
	  ->  Index Scan using sbtest8_pkey on sbtest8  (cost=0.43..8.45 rows=1 width=6)
	        Index Cond: (id = 6629184)

for index_updates
table 1 : explain UPDATE sbtest1 SET k=k+1 WHERE id=2289196
	Update on sbtest1  (cost=0.43..8.46 rows=0 width=0)
	  ->  Index Scan using sbtest1_pkey on sbtest1  (cost=0.43..8.46 rows=1 width=10)
	        Index Cond: (id = 2289196)

table 2 : explain UPDATE sbtest2 SET k=k+1 WHERE id=4285093
	Update on sbtest2  (cost=0.43..8.46 rows=0 width=0)
	  ->  Index Scan using sbtest2_pkey on sbtest2  (cost=0.43..8.46 rows=1 width=10)
	        Index Cond: (id = 4285093)

table 3 : explain UPDATE sbtest3 SET k=k+1 WHERE id=7119033
	Update on sbtest3  (cost=0.43..8.46 rows=0 width=0)
	  ->  Index Scan using sbtest3_pkey on sbtest3  (cost=0.43..8.46 rows=1 width=10)
	        Index Cond: (id = 7119033)

table 4 : explain UPDATE sbtest4 SET k=k+1 WHERE id=6599540
	Update on sbtest4  (cost=0.43..8.46 rows=0 width=0)
	  ->  Index Scan using sbtest4_pkey on sbtest4  (cost=0.43..8.46 rows=1 width=10)
	        Index Cond: (id = 6599540)

table 5 : explain UPDATE sbtest5 SET k=k+1 WHERE id=5175364
	Update on sbtest5  (cost=0.43..8.46 rows=0 width=0)
	  ->  Index Scan using sbtest5_pkey on sbtest5  (cost=0.43..8.46 rows=1 width=10)
	        Index Cond: (id = 5175364)

table 6 : explain UPDATE sbtest6 SET k=k+1 WHERE id=9445674
	Update on sbtest6  (cost=0.43..8.46 rows=0 width=0)
	  ->  Index Scan using sbtest6_pkey on sbtest6  (cost=0.43..8.46 rows=1 width=10)
	        Index Cond: (id = 9445674)

table 7 : explain UPDATE sbtest7 SET k=k+1 WHERE id=6346720
	Update on sbtest7  (cost=0.43..8.46 rows=0 width=0)
	  ->  Index Scan using sbtest7_pkey on sbtest7  (cost=0.43..8.46 rows=1 width=10)
	        Index Cond: (id = 6346720)

table 8 : explain UPDATE sbtest8 SET k=k+1 WHERE id=2331683
	Update on sbtest8  (cost=0.43..8.46 rows=0 width=0)
	  ->  Index Scan using sbtest8_pkey on sbtest8  (cost=0.43..8.46 rows=1 width=10)
	        Index Cond: (id = 2331683)

explain: for deletes :: explain DELETE FROM sbtest%u WHERE id=%u
for non_index_updates
table 1 : explain UPDATE sbtest1 SET c='foobar' WHERE id=2553371
	Update on sbtest1  (cost=0.43..8.45 rows=0 width=0)
	  ->  Index Scan using sbtest1_pkey on sbtest1  (cost=0.43..8.45 rows=1 width=490)
	        Index Cond: (id = 2553371)

table 2 : explain UPDATE sbtest2 SET c='foobar' WHERE id=3261416
	Update on sbtest2  (cost=0.43..8.45 rows=0 width=0)
	  ->  Index Scan using sbtest2_pkey on sbtest2  (cost=0.43..8.45 rows=1 width=490)
	        Index Cond: (id = 3261416)

table 3 : explain UPDATE sbtest3 SET c='foobar' WHERE id=5391984
	Update on sbtest3  (cost=0.43..8.45 rows=0 width=0)
	  ->  Index Scan using sbtest3_pkey on sbtest3  (cost=0.43..8.45 rows=1 width=490)
	        Index Cond: (id = 5391984)

table 4 : explain UPDATE sbtest4 SET c='foobar' WHERE id=6078598
	Update on sbtest4  (cost=0.43..8.45 rows=0 width=0)
	  ->  Index Scan using sbtest4_pkey on sbtest4  (cost=0.43..8.45 rows=1 width=490)
	        Index Cond: (id = 6078598)

table 5 : explain UPDATE sbtest5 SET c='foobar' WHERE id=7547871
	Update on sbtest5  (cost=0.43..8.45 rows=0 width=0)
	  ->  Index Scan using sbtest5_pkey on sbtest5  (cost=0.43..8.45 rows=1 width=490)
	        Index Cond: (id = 7547871)

table 6 : explain UPDATE sbtest6 SET c='foobar' WHERE id=8753522
	Update on sbtest6  (cost=0.43..8.45 rows=0 width=0)
	  ->  Index Scan using sbtest6_pkey on sbtest6  (cost=0.43..8.45 rows=1 width=490)
	        Index Cond: (id = 8753522)

table 7 : explain UPDATE sbtest7 SET c='foobar' WHERE id=7375106
	Update on sbtest7  (cost=0.43..8.45 rows=0 width=0)
	  ->  Index Scan using sbtest7_pkey on sbtest7  (cost=0.43..8.45 rows=1 width=490)
	        Index Cond: (id = 7375106)

table 8 : explain UPDATE sbtest8 SET c='foobar' WHERE id=4900539
	Update on sbtest8  (cost=0.43..8.45 rows=0 width=0)
	  ->  Index Scan using sbtest8_pkey on sbtest8  (cost=0.43..8.45 rows=1 width=490)
	        Index Cond: (id = 4900539)

for: distinct_ranges
table 1 : explain SELECT DISTINCT c FROM sbtest1 WHERE id BETWEEN 9569767 AND 9569866 ORDER BY c
	Unique  (cost=414.77..415.31 rows=107 width=121)
	  ->  Sort  (cost=414.77..415.04 rows=107 width=121)
	        Sort Key: c
	        ->  Index Scan using sbtest1_pkey on sbtest1  (cost=0.43..411.17 rows=107 width=121)
	              Index Cond: ((id >= 9569767) AND (id <= 9569866))

table 2 : explain SELECT DISTINCT c FROM sbtest2 WHERE id BETWEEN 4112934 AND 4113033 ORDER BY c
	Unique  (cost=398.19..398.70 rows=102 width=121)
	  ->  Sort  (cost=398.19..398.45 rows=102 width=121)
	        Sort Key: c
	        ->  Index Scan using sbtest2_pkey on sbtest2  (cost=0.43..394.79 rows=102 width=121)
	              Index Cond: ((id >= 4112934) AND (id <= 4113033))

table 3 : explain SELECT DISTINCT c FROM sbtest3 WHERE id BETWEEN 7964224 AND 7964323 ORDER BY c
	Unique  (cost=365.96..366.43 rows=94 width=121)
	  ->  Sort  (cost=365.96..366.19 rows=94 width=121)
	        Sort Key: c
	        ->  Index Scan using sbtest3_pkey on sbtest3  (cost=0.43..362.88 rows=94 width=121)
	              Index Cond: ((id >= 7964224) AND (id <= 7964323))

table 4 : explain SELECT DISTINCT c FROM sbtest4 WHERE id BETWEEN 2699051 AND 2699150 ORDER BY c
	Unique  (cost=429.50..430.05 rows=110 width=121)
	  ->  Sort  (cost=429.50..429.78 rows=110 width=121)
	        Sort Key: c
	        ->  Index Scan using sbtest4_pkey on sbtest4  (cost=0.43..425.77 rows=110 width=121)
	              Index Cond: ((id >= 2699051) AND (id <= 2699150))

table 5 : explain SELECT DISTINCT c FROM sbtest5 WHERE id BETWEEN 7113079 AND 7113178 ORDER BY c
	Unique  (cost=381.00..381.49 rows=97 width=121)
	  ->  Sort  (cost=381.00..381.24 rows=97 width=121)
	        Sort Key: c
	        ->  Index Scan using sbtest5_pkey on sbtest5  (cost=0.43..377.80 rows=97 width=121)
	              Index Cond: ((id >= 7113079) AND (id <= 7113178))

table 6 : explain SELECT DISTINCT c FROM sbtest6 WHERE id BETWEEN 6582020 AND 6582119 ORDER BY c
	Unique  (cost=371.24..371.71 rows=95 width=121)
	  ->  Sort  (cost=371.24..371.47 rows=95 width=121)
	        Sort Key: c
	        ->  Index Scan using sbtest6_pkey on sbtest6  (cost=0.43..368.11 rows=95 width=121)
	              Index Cond: ((id >= 6582020) AND (id <= 6582119))

table 7 : explain SELECT DISTINCT c FROM sbtest7 WHERE id BETWEEN 7568672 AND 7568771 ORDER BY c
	Unique  (cost=361.40..361.86 rows=93 width=121)
	  ->  Sort  (cost=361.40..361.63 rows=93 width=121)
	        Sort Key: c
	        ->  Index Scan using sbtest7_pkey on sbtest7  (cost=0.43..358.36 rows=93 width=121)
	              Index Cond: ((id >= 7568672) AND (id <= 7568771))

table 8 : explain SELECT DISTINCT c FROM sbtest8 WHERE id BETWEEN 7441110 AND 7441209 ORDER BY c
	Unique  (cost=390.96..391.46 rows=100 width=121)
	  ->  Sort  (cost=390.96..391.21 rows=100 width=121)
	        Sort Key: c
	        ->  Index Scan using sbtest8_pkey on sbtest8  (cost=0.43..387.64 rows=100 width=121)
	              Index Cond: ((id >= 7441110) AND (id <= 7441209))

for point_selects
table 1 : explain SELECT c FROM sbtest1 WHERE id=1416061
	Index Scan using sbtest1_pkey on sbtest1  (cost=0.43..8.45 rows=1 width=121)
	  Index Cond: (id = 1416061)

table 2 : explain SELECT c FROM sbtest2 WHERE id=578277
	Index Scan using sbtest2_pkey on sbtest2  (cost=0.43..8.45 rows=1 width=121)
	  Index Cond: (id = 578277)

table 3 : explain SELECT c FROM sbtest3 WHERE id=7910939
	Index Scan using sbtest3_pkey on sbtest3  (cost=0.43..8.45 rows=1 width=121)
	  Index Cond: (id = 7910939)

table 4 : explain SELECT c FROM sbtest4 WHERE id=600083
	Index Scan using sbtest4_pkey on sbtest4  (cost=0.43..8.45 rows=1 width=121)
	  Index Cond: (id = 600083)

table 5 : explain SELECT c FROM sbtest5 WHERE id=5452299
	Index Scan using sbtest5_pkey on sbtest5  (cost=0.43..8.45 rows=1 width=121)
	  Index Cond: (id = 5452299)

table 6 : explain SELECT c FROM sbtest6 WHERE id=5783569
	Index Scan using sbtest6_pkey on sbtest6  (cost=0.43..8.45 rows=1 width=121)
	  Index Cond: (id = 5783569)

table 7 : explain SELECT c FROM sbtest7 WHERE id=8883416
	Index Scan using sbtest7_pkey on sbtest7  (cost=0.43..8.45 rows=1 width=121)
	  Index Cond: (id = 8883416)

table 8 : explain SELECT c FROM sbtest8 WHERE id=1566217
	Index Scan using sbtest8_pkey on sbtest8  (cost=0.43..8.45 rows=1 width=121)
	  Index Cond: (id = 1566217)

explain: for deletes :: explain DELETE FROM sbtest%u WHERE id=%u
explain: for inserts :: explain INSERT INTO sbtest%u (id, k, c, pad) VALUES (%u, 13, 'foobar', 'foobar')
for: order_ranges
table 1 : explain SELECT c FROM sbtest1 WHERE id BETWEEN 9382717 AND 9382816 ORDER BY c
	Sort  (cost=407.10..407.36 rows=105 width=121)
	  Sort Key: c
	  ->  Index Scan using sbtest1_pkey on sbtest1  (cost=0.43..403.57 rows=105 width=121)
	        Index Cond: ((id >= 9382717) AND (id <= 9382816))

table 2 : explain SELECT c FROM sbtest2 WHERE id BETWEEN 4596979 AND 4597078 ORDER BY c
	Sort  (cost=390.47..390.72 rows=100 width=121)
	  Sort Key: c
	  ->  Index Scan using sbtest2_pkey on sbtest2  (cost=0.43..387.14 rows=100 width=121)
	        Index Cond: ((id >= 4596979) AND (id <= 4597078))

table 3 : explain SELECT c FROM sbtest3 WHERE id BETWEEN 5363377 AND 5363476 ORDER BY c
	Sort  (cost=408.30..408.57 rows=105 width=121)
	  Sort Key: c
	  ->  Index Scan using sbtest3_pkey on sbtest3  (cost=0.43..404.78 rows=105 width=121)
	        Index Cond: ((id >= 5363377) AND (id <= 5363476))

table 4 : explain SELECT c FROM sbtest4 WHERE id BETWEEN 1775754 AND 1775853 ORDER BY c
	Sort  (cost=433.37..433.65 rows=111 width=121)
	  Sort Key: c
	  ->  Index Scan using sbtest4_pkey on sbtest4  (cost=0.43..429.60 rows=111 width=121)
	        Index Cond: ((id >= 1775754) AND (id <= 1775853))

table 5 : explain SELECT c FROM sbtest5 WHERE id BETWEEN 8749324 AND 8749423 ORDER BY c
	Sort  (cost=396.55..396.80 rows=101 width=121)
	  Sort Key: c
	  ->  Index Scan using sbtest5_pkey on sbtest5  (cost=0.43..393.18 rows=101 width=121)
	        Index Cond: ((id >= 8749324) AND (id <= 8749423))

table 6 : explain SELECT c FROM sbtest6 WHERE id BETWEEN 4667271 AND 4667370 ORDER BY c
	Sort  (cost=402.16..402.41 rows=103 width=121)
	  Sort Key: c
	  ->  Index Scan using sbtest6_pkey on sbtest6  (cost=0.43..398.71 rows=103 width=121)
	        Index Cond: ((id >= 4667271) AND (id <= 4667370))

table 7 : explain SELECT c FROM sbtest7 WHERE id BETWEEN 5664613 AND 5664712 ORDER BY c
	Sort  (cost=369.08..369.32 rows=95 width=121)
	  Sort Key: c
	  ->  Index Scan using sbtest7_pkey on sbtest7  (cost=0.43..365.96 rows=95 width=121)
	        Index Cond: ((id >= 5664613) AND (id <= 5664712))

table 8 : explain SELECT c FROM sbtest8 WHERE id BETWEEN 603230 AND 603329 ORDER BY c
	Sort  (cost=371.57..371.80 rows=95 width=121)
	  Sort Key: c
	  ->  Index Scan using sbtest8_pkey on sbtest8  (cost=0.43..368.45 rows=95 width=121)
	        Index Cond: ((id >= 603230) AND (id <= 603329))

for deletes
table 1 : explain DELETE FROM sbtest1 WHERE id=2249791
	Delete on sbtest1  (cost=0.43..8.45 rows=0 width=0)
	  ->  Index Scan using sbtest1_pkey on sbtest1  (cost=0.43..8.45 rows=1 width=6)
	        Index Cond: (id = 2249791)

table 2 : explain DELETE FROM sbtest2 WHERE id=6306980
	Delete on sbtest2  (cost=0.43..8.45 rows=0 width=0)
	  ->  Index Scan using sbtest2_pkey on sbtest2  (cost=0.43..8.45 rows=1 width=6)
	        Index Cond: (id = 6306980)

table 3 : explain DELETE FROM sbtest3 WHERE id=5713056
	Delete on sbtest3  (cost=0.43..8.45 rows=0 width=0)
	  ->  Index Scan using sbtest3_pkey on sbtest3  (cost=0.43..8.45 rows=1 width=6)
	        Index Cond: (id = 5713056)

table 4 : explain DELETE FROM sbtest4 WHERE id=8560486
	Delete on sbtest4  (cost=0.43..8.45 rows=0 width=0)
	  ->  Index Scan using sbtest4_pkey on sbtest4  (cost=0.43..8.45 rows=1 width=6)
	        Index Cond: (id = 8560486)

table 5 : explain DELETE FROM sbtest5 WHERE id=4293390
	Delete on sbtest5  (cost=0.43..8.45 rows=0 width=0)
	  ->  Index Scan using sbtest5_pkey on sbtest5  (cost=0.43..8.45 rows=1 width=6)
	        Index Cond: (id = 4293390)

table 6 : explain DELETE FROM sbtest6 WHERE id=6151108
	Delete on sbtest6  (cost=0.43..8.45 rows=0 width=0)
	  ->  Index Scan using sbtest6_pkey on sbtest6  (cost=0.43..8.45 rows=1 width=6)
	        Index Cond: (id = 6151108)

table 7 : explain DELETE FROM sbtest7 WHERE id=4154011
	Delete on sbtest7  (cost=0.43..8.45 rows=0 width=0)
	  ->  Index Scan using sbtest7_pkey on sbtest7  (cost=0.43..8.45 rows=1 width=6)
	        Index Cond: (id = 4154011)

table 8 : explain DELETE FROM sbtest8 WHERE id=363069
	Delete on sbtest8  (cost=0.43..8.45 rows=0 width=0)
	  ->  Index Scan using sbtest8_pkey on sbtest8  (cost=0.43..8.45 rows=1 width=6)
	        Index Cond: (id = 363069)

for: distinct_ranges
table 1 : explain SELECT DISTINCT c FROM sbtest1 WHERE id BETWEEN 1906307 AND 1906406 ORDER BY c
	Unique  (cost=372.50..372.98 rows=96 width=121)
	  ->  Sort  (cost=372.50..372.74 rows=96 width=121)
	        Sort Key: c
	        ->  Index Scan using sbtest1_pkey on sbtest1  (cost=0.43..369.34 rows=96 width=121)
	              Index Cond: ((id >= 1906307) AND (id <= 1906406))

table 2 : explain SELECT DISTINCT c FROM sbtest2 WHERE id BETWEEN 6351045 AND 6351144 ORDER BY c
	Unique  (cost=351.78..352.23 rows=90 width=121)
	  ->  Sort  (cost=351.78..352.01 rows=90 width=121)
	        Sort Key: c
	        ->  Index Scan using sbtest2_pkey on sbtest2  (cost=0.43..348.86 rows=90 width=121)
	              Index Cond: ((id >= 6351045) AND (id <= 6351144))

table 3 : explain SELECT DISTINCT c FROM sbtest3 WHERE id BETWEEN 9044740 AND 9044839 ORDER BY c
	Unique  (cost=416.00..416.54 rows=107 width=121)
	  ->  Sort  (cost=416.00..416.27 rows=107 width=121)
	        Sort Key: c
	        ->  Index Scan using sbtest3_pkey on sbtest3  (cost=0.43..412.40 rows=107 width=121)
	              Index Cond: ((id >= 9044740) AND (id <= 9044839))

table 4 : explain SELECT DISTINCT c FROM sbtest4 WHERE id BETWEEN 9670887 AND 9670986 ORDER BY c
	Unique  (cost=394.69..395.20 rows=101 width=121)
	  ->  Sort  (cost=394.69..394.94 rows=101 width=121)
	        Sort Key: c
	        ->  Index Scan using sbtest4_pkey on sbtest4  (cost=0.43..391.33 rows=101 width=121)
	              Index Cond: ((id >= 9670887) AND (id <= 9670986))

table 5 : explain SELECT DISTINCT c FROM sbtest5 WHERE id BETWEEN 3481931 AND 3482030 ORDER BY c
	Unique  (cost=388.77..389.27 rows=99 width=121)
	  ->  Sort  (cost=388.77..389.02 rows=99 width=121)
	        Sort Key: c
	        ->  Index Scan using sbtest5_pkey on sbtest5  (cost=0.43..385.49 rows=99 width=121)
	              Index Cond: ((id >= 3481931) AND (id <= 3482030))

table 6 : explain SELECT DISTINCT c FROM sbtest6 WHERE id BETWEEN 4405932 AND 4406031 ORDER BY c
	Unique  (cost=394.42..394.93 rows=101 width=121)
	  ->  Sort  (cost=394.42..394.68 rows=101 width=121)
	        Sort Key: c
	        ->  Index Scan using sbtest6_pkey on sbtest6  (cost=0.43..391.06 rows=101 width=121)
	              Index Cond: ((id >= 4405932) AND (id <= 4406031))

table 7 : explain SELECT DISTINCT c FROM sbtest7 WHERE id BETWEEN 3780593 AND 3780692 ORDER BY c
	Unique  (cost=384.45..384.94 rows=99 width=121)
	  ->  Sort  (cost=384.45..384.69 rows=99 width=121)
	        Sort Key: c
	        ->  Index Scan using sbtest7_pkey on sbtest7  (cost=0.43..381.16 rows=99 width=121)
	              Index Cond: ((id >= 3780593) AND (id <= 3780692))

table 8 : explain SELECT DISTINCT c FROM sbtest8 WHERE id BETWEEN 7564313 AND 7564412 ORDER BY c
	Unique  (cost=375.44..375.92 rows=96 width=121)
	  ->  Sort  (cost=375.44..375.68 rows=96 width=121)
	        Sort Key: c
	        ->  Index Scan using sbtest8_pkey on sbtest8  (cost=0.43..372.28 rows=96 width=121)
	              Index Cond: ((id >= 7564313) AND (id <= 7564412))

explain: for inserts :: explain INSERT INTO sbtest%u (id, k, c, pad) VALUES (%u, 13, 'foobar', 'foobar')
explain: for index_updates :: explain UPDATE sbtest%u SET k=k+1 WHERE id=%u
for: order_ranges
table 1 : explain SELECT c FROM sbtest1 WHERE id BETWEEN 3548271 AND 3548370 ORDER BY c
	Sort  (cost=380.23..380.47 rows=98 width=121)
	  Sort Key: c
	  ->  Index Scan using sbtest1_pkey on sbtest1  (cost=0.43..376.99 rows=98 width=121)
	        Index Cond: ((id >= 3548271) AND (id <= 3548370))

table 2 : explain SELECT c FROM sbtest2 WHERE id BETWEEN 7712993 AND 7713092 ORDER BY c
	Sort  (cost=405.92..406.18 rows=104 width=121)
	  Sort Key: c
	  ->  Index Scan using sbtest2_pkey on sbtest2  (cost=0.43..402.44 rows=104 width=121)
	        Index Cond: ((id >= 7712993) AND (id <= 7713092))

table 3 : explain SELECT c FROM sbtest3 WHERE id BETWEEN 3076258 AND 3076357 ORDER BY c
	Sort  (cost=396.75..397.01 rows=102 width=121)
	  Sort Key: c
	  ->  Index Scan using sbtest3_pkey on sbtest3  (cost=0.43..393.35 rows=102 width=121)
	        Index Cond: ((id >= 3076258) AND (id <= 3076357))

table 4 : explain SELECT c FROM sbtest4 WHERE id BETWEEN 4280332 AND 4280431 ORDER BY c
	Sort  (cost=398.56..398.81 rows=102 width=121)
	  Sort Key: c
	  ->  Index Scan using sbtest4_pkey on sbtest4  (cost=0.43..395.16 rows=102 width=121)
	        Index Cond: ((id >= 4280332) AND (id <= 4280431))

table 5 : explain SELECT c FROM sbtest5 WHERE id BETWEEN 3620445 AND 3620544 ORDER BY c
	Sort  (cost=431.53..431.80 rows=110 width=121)
	  Sort Key: c
	  ->  Index Scan using sbtest5_pkey on sbtest5  (cost=0.43..427.80 rows=110 width=121)
	        Index Cond: ((id >= 3620445) AND (id <= 3620544))

table 6 : explain SELECT c FROM sbtest6 WHERE id BETWEEN 9994649 AND 9994748 ORDER BY c
	Sort  (cost=382.83..383.07 rows=98 width=121)
	  Sort Key: c
	  ->  Index Scan using sbtest6_pkey on sbtest6  (cost=0.43..379.59 rows=98 width=121)
	        Index Cond: ((id >= 9994649) AND (id <= 9994748))

table 7 : explain SELECT c FROM sbtest7 WHERE id BETWEEN 7674342 AND 7674441 ORDER BY c
	Sort  (cost=384.45..384.69 rows=99 width=121)
	  Sort Key: c
	  ->  Index Scan using sbtest7_pkey on sbtest7  (cost=0.43..381.16 rows=99 width=121)
	        Index Cond: ((id >= 7674342) AND (id <= 7674441))

table 8 : explain SELECT c FROM sbtest8 WHERE id BETWEEN 1108787 AND 1108886 ORDER BY c
	Sort  (cost=402.57..402.83 rows=103 width=121)
	  Sort Key: c
	  ->  Index Scan using sbtest8_pkey on sbtest8  (cost=0.43..399.12 rows=103 width=121)
	        Index Cond: ((id >= 1108787) AND (id <= 1108886))

for point_selects
table 1 : explain SELECT c FROM sbtest1 WHERE id=4007024
	Index Scan using sbtest1_pkey on sbtest1  (cost=0.43..8.45 rows=1 width=121)
	  Index Cond: (id = 4007024)

table 2 : explain SELECT c FROM sbtest2 WHERE id=6977543
	Index Scan using sbtest2_pkey on sbtest2  (cost=0.43..8.45 rows=1 width=121)
	  Index Cond: (id = 6977543)

table 3 : explain SELECT c FROM sbtest3 WHERE id=1257039
	Index Scan using sbtest3_pkey on sbtest3  (cost=0.43..8.45 rows=1 width=121)
	  Index Cond: (id = 1257039)

table 4 : explain SELECT c FROM sbtest4 WHERE id=110013
	Index Scan using sbtest4_pkey on sbtest4  (cost=0.43..8.45 rows=1 width=121)
	  Index Cond: (id = 110013)

table 5 : explain SELECT c FROM sbtest5 WHERE id=3383417
	Index Scan using sbtest5_pkey on sbtest5  (cost=0.43..8.45 rows=1 width=121)
	  Index Cond: (id = 3383417)

table 6 : explain SELECT c FROM sbtest6 WHERE id=3336731
	Index Scan using sbtest6_pkey on sbtest6  (cost=0.43..8.45 rows=1 width=121)
	  Index Cond: (id = 3336731)

table 7 : explain SELECT c FROM sbtest7 WHERE id=3264571
	Index Scan using sbtest7_pkey on sbtest7  (cost=0.43..8.45 rows=1 width=121)
	  Index Cond: (id = 3264571)

table 8 : explain SELECT c FROM sbtest8 WHERE id=447929
	Index Scan using sbtest8_pkey on sbtest8  (cost=0.43..8.45 rows=1 width=121)
	  Index Cond: (id = 447929)

for inserts
table 1 : explain INSERT INTO sbtest1 (id, k, c, pad) VALUES (4872092, 13, 'foobar', 'foobar')
	Insert on sbtest1  (cost=0.00..0.01 rows=0 width=0)
	  ->  Result  (cost=0.00..0.01 rows=1 width=736)

table 2 : explain INSERT INTO sbtest2 (id, k, c, pad) VALUES (5962291, 13, 'foobar', 'foobar')
	Insert on sbtest2  (cost=0.00..0.01 rows=0 width=0)
	  ->  Result  (cost=0.00..0.01 rows=1 width=736)

table 3 : explain INSERT INTO sbtest3 (id, k, c, pad) VALUES (8025689, 13, 'foobar', 'foobar')
	Insert on sbtest3  (cost=0.00..0.01 rows=0 width=0)
	  ->  Result  (cost=0.00..0.01 rows=1 width=736)

table 4 : explain INSERT INTO sbtest4 (id, k, c, pad) VALUES (7730427, 13, 'foobar', 'foobar')
	Insert on sbtest4  (cost=0.00..0.01 rows=0 width=0)
	  ->  Result  (cost=0.00..0.01 rows=1 width=736)

table 5 : explain INSERT INTO sbtest5 (id, k, c, pad) VALUES (6215218, 13, 'foobar', 'foobar')
	Insert on sbtest5  (cost=0.00..0.01 rows=0 width=0)
	  ->  Result  (cost=0.00..0.01 rows=1 width=736)

table 6 : explain INSERT INTO sbtest6 (id, k, c, pad) VALUES (2036107, 13, 'foobar', 'foobar')
	Insert on sbtest6  (cost=0.00..0.01 rows=0 width=0)
	  ->  Result  (cost=0.00..0.01 rows=1 width=736)

table 7 : explain INSERT INTO sbtest7 (id, k, c, pad) VALUES (9309859, 13, 'foobar', 'foobar')
	Insert on sbtest7  (cost=0.00..0.01 rows=0 width=0)
	  ->  Result  (cost=0.00..0.01 rows=1 width=736)

table 8 : explain INSERT INTO sbtest8 (id, k, c, pad) VALUES (5006057, 13, 'foobar', 'foobar')
	Insert on sbtest8  (cost=0.00..0.01 rows=0 width=0)
	  ->  Result  (cost=0.00..0.01 rows=1 width=736)

for deletes
table 1 : explain DELETE FROM sbtest1 WHERE id=4971658
	Delete on sbtest1  (cost=0.43..8.45 rows=0 width=0)
	  ->  Index Scan using sbtest1_pkey on sbtest1  (cost=0.43..8.45 rows=1 width=6)
	        Index Cond: (id = 4971658)

table 2 : explain DELETE FROM sbtest2 WHERE id=5935307
	Delete on sbtest2  (cost=0.43..8.45 rows=0 width=0)
	  ->  Index Scan using sbtest2_pkey on sbtest2  (cost=0.43..8.45 rows=1 width=6)
	        Index Cond: (id = 5935307)

table 3 : explain DELETE FROM sbtest3 WHERE id=1564941
	Delete on sbtest3  (cost=0.43..8.45 rows=0 width=0)
	  ->  Index Scan using sbtest3_pkey on sbtest3  (cost=0.43..8.45 rows=1 width=6)
	        Index Cond: (id = 1564941)

table 4 : explain DELETE FROM sbtest4 WHERE id=8643690
	Delete on sbtest4  (cost=0.43..8.45 rows=0 width=0)
	  ->  Index Scan using sbtest4_pkey on sbtest4  (cost=0.43..8.45 rows=1 width=6)
	        Index Cond: (id = 8643690)

table 5 : explain DELETE FROM sbtest5 WHERE id=9320194
	Delete on sbtest5  (cost=0.43..8.45 rows=0 width=0)
	  ->  Index Scan using sbtest5_pkey on sbtest5  (cost=0.43..8.45 rows=1 width=6)
	        Index Cond: (id = 9320194)

table 6 : explain DELETE FROM sbtest6 WHERE id=6643781
	Delete on sbtest6  (cost=0.43..8.45 rows=0 width=0)
	  ->  Index Scan using sbtest6_pkey on sbtest6  (cost=0.43..8.45 rows=1 width=6)
	        Index Cond: (id = 6643781)

table 7 : explain DELETE FROM sbtest7 WHERE id=2227035
	Delete on sbtest7  (cost=0.43..8.45 rows=0 width=0)
	  ->  Index Scan using sbtest7_pkey on sbtest7  (cost=0.43..8.45 rows=1 width=6)
	        Index Cond: (id = 2227035)

table 8 : explain DELETE FROM sbtest8 WHERE id=2037496
	Delete on sbtest8  (cost=0.43..8.45 rows=0 width=0)
	  ->  Index Scan using sbtest8_pkey on sbtest8  (cost=0.43..8.45 rows=1 width=6)
	        Index Cond: (id = 2037496)

explain: for non_index_updates :: explain UPDATE sbtest%u SET c='foobar' WHERE id=%u
explain: for inserts :: explain INSERT INTO sbtest%u (id, k, c, pad) VALUES (%u, 13, 'foobar', 'foobar')
for index_updates
table 1 : explain UPDATE sbtest1 SET k=k+1 WHERE id=301370
	Update on sbtest1  (cost=0.43..8.46 rows=0 width=0)
	  ->  Index Scan using sbtest1_pkey on sbtest1  (cost=0.43..8.46 rows=1 width=10)
	        Index Cond: (id = 301370)

table 2 : explain UPDATE sbtest2 SET k=k+1 WHERE id=4677362
	Update on sbtest2  (cost=0.43..8.46 rows=0 width=0)
	  ->  Index Scan using sbtest2_pkey on sbtest2  (cost=0.43..8.46 rows=1 width=10)
	        Index Cond: (id = 4677362)

table 3 : explain UPDATE sbtest3 SET k=k+1 WHERE id=6154905
	Update on sbtest3  (cost=0.43..8.46 rows=0 width=0)
	  ->  Index Scan using sbtest3_pkey on sbtest3  (cost=0.43..8.46 rows=1 width=10)
	        Index Cond: (id = 6154905)

table 4 : explain UPDATE sbtest4 SET k=k+1 WHERE id=2624110
	Update on sbtest4  (cost=0.43..8.46 rows=0 width=0)
	  ->  Index Scan using sbtest4_pkey on sbtest4  (cost=0.43..8.46 rows=1 width=10)
	        Index Cond: (id = 2624110)

table 5 : explain UPDATE sbtest5 SET k=k+1 WHERE id=4388812
	Update on sbtest5  (cost=0.43..8.46 rows=0 width=0)
	  ->  Index Scan using sbtest5_pkey on sbtest5  (cost=0.43..8.46 rows=1 width=10)
	        Index Cond: (id = 4388812)

table 6 : explain UPDATE sbtest6 SET k=k+1 WHERE id=1140417
	Update on sbtest6  (cost=0.43..8.46 rows=0 width=0)
	  ->  Index Scan using sbtest6_pkey on sbtest6  (cost=0.43..8.46 rows=1 width=10)
	        Index Cond: (id = 1140417)

table 7 : explain UPDATE sbtest7 SET k=k+1 WHERE id=3561139
	Update on sbtest7  (cost=0.43..8.46 rows=0 width=0)
	  ->  Index Scan using sbtest7_pkey on sbtest7  (cost=0.43..8.46 rows=1 width=10)
	        Index Cond: (id = 3561139)

table 8 : explain UPDATE sbtest8 SET k=k+1 WHERE id=7003650
	Update on sbtest8  (cost=0.43..8.46 rows=0 width=0)
	  ->  Index Scan using sbtest8_pkey on sbtest8  (cost=0.43..8.46 rows=1 width=10)
	        Index Cond: (id = 7003650)

for point_selects
table 1 : explain SELECT c FROM sbtest1 WHERE id=9523908
	Index Scan using sbtest1_pkey on sbtest1  (cost=0.43..8.45 rows=1 width=121)
	  Index Cond: (id = 9523908)

table 2 : explain SELECT c FROM sbtest2 WHERE id=7803591
	Index Scan using sbtest2_pkey on sbtest2  (cost=0.43..8.45 rows=1 width=121)
	  Index Cond: (id = 7803591)

table 3 : explain SELECT c FROM sbtest3 WHERE id=2331260
	Index Scan using sbtest3_pkey on sbtest3  (cost=0.43..8.45 rows=1 width=121)
	  Index Cond: (id = 2331260)

table 4 : explain SELECT c FROM sbtest4 WHERE id=68755
	Index Scan using sbtest4_pkey on sbtest4  (cost=0.43..8.45 rows=1 width=121)
	  Index Cond: (id = 68755)

table 5 : explain SELECT c FROM sbtest5 WHERE id=6075424
	Index Scan using sbtest5_pkey on sbtest5  (cost=0.43..8.45 rows=1 width=121)
	  Index Cond: (id = 6075424)

table 6 : explain SELECT c FROM sbtest6 WHERE id=1968987
	Index Scan using sbtest6_pkey on sbtest6  (cost=0.43..8.45 rows=1 width=121)
	  Index Cond: (id = 1968987)

table 7 : explain SELECT c FROM sbtest7 WHERE id=4333740
	Index Scan using sbtest7_pkey on sbtest7  (cost=0.43..8.45 rows=1 width=121)
	  Index Cond: (id = 4333740)

table 8 : explain SELECT c FROM sbtest8 WHERE id=6354403
	Index Scan using sbtest8_pkey on sbtest8  (cost=0.43..8.45 rows=1 width=121)
	  Index Cond: (id = 6354403)

for inserts
table 1 : explain INSERT INTO sbtest1 (id, k, c, pad) VALUES (7205337, 13, 'foobar', 'foobar')
	Insert on sbtest1  (cost=0.00..0.01 rows=0 width=0)
	  ->  Result  (cost=0.00..0.01 rows=1 width=736)

table 2 : explain INSERT INTO sbtest2 (id, k, c, pad) VALUES (48606, 13, 'foobar', 'foobar')
	Insert on sbtest2  (cost=0.00..0.01 rows=0 width=0)
	  ->  Result  (cost=0.00..0.01 rows=1 width=736)

table 3 : explain INSERT INTO sbtest3 (id, k, c, pad) VALUES (6232092, 13, 'foobar', 'foobar')
	Insert on sbtest3  (cost=0.00..0.01 rows=0 width=0)
	  ->  Result  (cost=0.00..0.01 rows=1 width=736)

table 4 : explain INSERT INTO sbtest4 (id, k, c, pad) VALUES (1231803, 13, 'foobar', 'foobar')
	Insert on sbtest4  (cost=0.00..0.01 rows=0 width=0)
	  ->  Result  (cost=0.00..0.01 rows=1 width=736)

table 5 : explain INSERT INTO sbtest5 (id, k, c, pad) VALUES (5896254, 13, 'foobar', 'foobar')
	Insert on sbtest5  (cost=0.00..0.01 rows=0 width=0)
	  ->  Result  (cost=0.00..0.01 rows=1 width=736)

table 6 : explain INSERT INTO sbtest6 (id, k, c, pad) VALUES (786414, 13, 'foobar', 'foobar')
	Insert on sbtest6  (cost=0.00..0.01 rows=0 width=0)
	  ->  Result  (cost=0.00..0.01 rows=1 width=736)

table 7 : explain INSERT INTO sbtest7 (id, k, c, pad) VALUES (8578066, 13, 'foobar', 'foobar')
	Insert on sbtest7  (cost=0.00..0.01 rows=0 width=0)
	  ->  Result  (cost=0.00..0.01 rows=1 width=736)

table 8 : explain INSERT INTO sbtest8 (id, k, c, pad) VALUES (6101438, 13, 'foobar', 'foobar')
	Insert on sbtest8  (cost=0.00..0.01 rows=0 width=0)
	  ->  Result  (cost=0.00..0.01 rows=1 width=736)

for inserts
table 1 : explain INSERT INTO sbtest1 (id, k, c, pad) VALUES (5402860, 13, 'foobar', 'foobar')
	Insert on sbtest1  (cost=0.00..0.01 rows=0 width=0)
	  ->  Result  (cost=0.00..0.01 rows=1 width=736)

table 2 : explain INSERT INTO sbtest2 (id, k, c, pad) VALUES (2820948, 13, 'foobar', 'foobar')
	Insert on sbtest2  (cost=0.00..0.01 rows=0 width=0)
	  ->  Result  (cost=0.00..0.01 rows=1 width=736)

table 3 : explain INSERT INTO sbtest3 (id, k, c, pad) VALUES (1614848, 13, 'foobar', 'foobar')
	Insert on sbtest3  (cost=0.00..0.01 rows=0 width=0)
	  ->  Result  (cost=0.00..0.01 rows=1 width=736)

table 4 : explain INSERT INTO sbtest4 (id, k, c, pad) VALUES (56024, 13, 'foobar', 'foobar')
	Insert on sbtest4  (cost=0.00..0.01 rows=0 width=0)
	  ->  Result  (cost=0.00..0.01 rows=1 width=736)

table 5 : explain INSERT INTO sbtest5 (id, k, c, pad) VALUES (2961176, 13, 'foobar', 'foobar')
	Insert on sbtest5  (cost=0.00..0.01 rows=0 width=0)
	  ->  Result  (cost=0.00..0.01 rows=1 width=736)

table 6 : explain INSERT INTO sbtest6 (id, k, c, pad) VALUES (7258665, 13, 'foobar', 'foobar')
	Insert on sbtest6  (cost=0.00..0.01 rows=0 width=0)
	  ->  Result  (cost=0.00..0.01 rows=1 width=736)

table 7 : explain INSERT INTO sbtest7 (id, k, c, pad) VALUES (1559150, 13, 'foobar', 'foobar')
	Insert on sbtest7  (cost=0.00..0.01 rows=0 width=0)
	  ->  Result  (cost=0.00..0.01 rows=1 width=736)

table 8 : explain INSERT INTO sbtest8 (id, k, c, pad) VALUES (3313727, 13, 'foobar', 'foobar')
	Insert on sbtest8  (cost=0.00..0.01 rows=0 width=0)
	  ->  Result  (cost=0.00..0.01 rows=1 width=736)

explain: for inserts :: explain INSERT INTO sbtest%u (id, k, c, pad) VALUES (%u, 13, 'foobar', 'foobar')
explain: for index_updates :: explain UPDATE sbtest%u SET k=k+1 WHERE id=%u
explain: for non_index_updates :: explain UPDATE sbtest%u SET c='foobar' WHERE id=%u
for inserts
table 1 : explain INSERT INTO sbtest1 (id, k, c, pad) VALUES (6356104, 13, 'foobar', 'foobar')
	Insert on sbtest1  (cost=0.00..0.01 rows=0 width=0)
	  ->  Result  (cost=0.00..0.01 rows=1 width=736)

table 2 : explain INSERT INTO sbtest2 (id, k, c, pad) VALUES (8438789, 13, 'foobar', 'foobar')
	Insert on sbtest2  (cost=0.00..0.01 rows=0 width=0)
	  ->  Result  (cost=0.00..0.01 rows=1 width=736)

table 3 : explain INSERT INTO sbtest3 (id, k, c, pad) VALUES (6774226, 13, 'foobar', 'foobar')
	Insert on sbtest3  (cost=0.00..0.01 rows=0 width=0)
	  ->  Result  (cost=0.00..0.01 rows=1 width=736)

table 4 : explain INSERT INTO sbtest4 (id, k, c, pad) VALUES (467998, 13, 'foobar', 'foobar')
	Insert on sbtest4  (cost=0.00..0.01 rows=0 width=0)
	  ->  Result  (cost=0.00..0.01 rows=1 width=736)

table 5 : explain INSERT INTO sbtest5 (id, k, c, pad) VALUES (3776622, 13, 'foobar', 'foobar')
	Insert on sbtest5  (cost=0.00..0.01 rows=0 width=0)
	  ->  Result  (cost=0.00..0.01 rows=1 width=736)

table 6 : explain INSERT INTO sbtest6 (id, k, c, pad) VALUES (1241874, 13, 'foobar', 'foobar')
	Insert on sbtest6  (cost=0.00..0.01 rows=0 width=0)
	  ->  Result  (cost=0.00..0.01 rows=1 width=736)

table 7 : explain INSERT INTO sbtest7 (id, k, c, pad) VALUES (665821, 13, 'foobar', 'foobar')
	Insert on sbtest7  (cost=0.00..0.01 rows=0 width=0)
	  ->  Result  (cost=0.00..0.01 rows=1 width=736)

table 8 : explain INSERT INTO sbtest8 (id, k, c, pad) VALUES (6347529, 13, 'foobar', 'foobar')
	Insert on sbtest8  (cost=0.00..0.01 rows=0 width=0)
	  ->  Result  (cost=0.00..0.01 rows=1 width=736)

for: simple_ranges
table 1 : explain SELECT c FROM sbtest1 WHERE id BETWEEN 8441849 AND 8441948
	Index Scan using sbtest1_pkey on sbtest1  (cost=0.43..392.18 rows=102 width=121)
	  Index Cond: ((id >= 8441849) AND (id <= 8441948))

table 2 : explain SELECT c FROM sbtest2 WHERE id BETWEEN 4147348 AND 4147447
	Index Scan using sbtest2_pkey on sbtest2  (cost=0.43..394.79 rows=102 width=121)
	  Index Cond: ((id >= 4147348) AND (id <= 4147447))

table 3 : explain SELECT c FROM sbtest3 WHERE id BETWEEN 8263102 AND 8263201
	Index Scan using sbtest3_pkey on sbtest3  (cost=0.43..370.49 rows=96 width=121)
	  Index Cond: ((id >= 8263102) AND (id <= 8263201))

table 4 : explain SELECT c FROM sbtest4 WHERE id BETWEEN 50360 AND 50459
	Index Scan using sbtest4_pkey on sbtest4  (cost=0.43..387.50 rows=100 width=121)
	  Index Cond: ((id >= 50360) AND (id <= 50459))

table 5 : explain SELECT c FROM sbtest5 WHERE id BETWEEN 3691219 AND 3691318
	Index Scan using sbtest5_pkey on sbtest5  (cost=0.43..439.34 rows=113 width=121)
	  Index Cond: ((id >= 3691219) AND (id <= 3691318))

table 6 : explain SELECT c FROM sbtest6 WHERE id BETWEEN 5941475 AND 5941574
	Index Scan using sbtest6_pkey on sbtest6  (cost=0.43..375.76 rows=97 width=121)
	  Index Cond: ((id >= 5941475) AND (id <= 5941574))

table 7 : explain SELECT c FROM sbtest7 WHERE id BETWEEN 2246886 AND 2246985
	Index Scan using sbtest7_pkey on sbtest7  (cost=0.43..384.97 rows=100 width=121)
	  Index Cond: ((id >= 2246886) AND (id <= 2246985))

table 8 : explain SELECT c FROM sbtest8 WHERE id BETWEEN 865814 AND 865913
	Index Scan using sbtest8_pkey on sbtest8  (cost=0.43..364.62 rows=94 width=121)
	  Index Cond: ((id >= 865814) AND (id <= 865913))

for: distinct_ranges
table 1 : explain SELECT DISTINCT c FROM sbtest1 WHERE id BETWEEN 1632988 AND 1633087 ORDER BY c
	Unique  (cost=391.74..392.25 rows=101 width=121)
	  ->  Sort  (cost=391.74..392.00 rows=101 width=121)
	        Sort Key: c
	        ->  Index Scan using sbtest1_pkey on sbtest1  (cost=0.43..388.38 rows=101 width=121)
	              Index Cond: ((id >= 1632988) AND (id <= 1633087))

table 2 : explain SELECT DISTINCT c FROM sbtest2 WHERE id BETWEEN 3456943 AND 3457042 ORDER BY c
	Unique  (cost=409.79..410.31 rows=105 width=121)
	  ->  Sort  (cost=409.79..410.05 rows=105 width=121)
	        Sort Key: c
	        ->  Index Scan using sbtest2_pkey on sbtest2  (cost=0.43..406.26 rows=105 width=121)
	              Index Cond: ((id >= 3456943) AND (id <= 3457042))

table 3 : explain SELECT DISTINCT c FROM sbtest3 WHERE id BETWEEN 3646174 AND 3646273 ORDER BY c
	Unique  (cost=377.50..377.99 rows=97 width=121)
	  ->  Sort  (cost=377.50..377.75 rows=97 width=121)
	        Sort Key: c
	        ->  Index Scan using sbtest3_pkey on sbtest3  (cost=0.43..374.30 rows=97 width=121)
	              Index Cond: ((id >= 3646174) AND (id <= 3646273))

table 4 : explain SELECT DISTINCT c FROM sbtest4 WHERE id BETWEEN 2309451 AND 2309550 ORDER BY c
	Unique  (cost=414.03..414.56 rows=106 width=121)
	  ->  Sort  (cost=414.03..414.30 rows=106 width=121)
	        Sort Key: c
	        ->  Index Scan using sbtest4_pkey on sbtest4  (cost=0.43..410.47 rows=106 width=121)
	              Index Cond: ((id >= 2309451) AND (id <= 2309550))

table 5 : explain SELECT DISTINCT c FROM sbtest5 WHERE id BETWEEN 4294730 AND 4294829 ORDER BY c
	Unique  (cost=392.66..393.16 rows=100 width=121)
	  ->  Sort  (cost=392.66..392.91 rows=100 width=121)
	        Sort Key: c
	        ->  Index Scan using sbtest5_pkey on sbtest5  (cost=0.43..389.34 rows=100 width=121)
	              Index Cond: ((id >= 4294730) AND (id <= 4294829))

table 6 : explain SELECT DISTINCT c FROM sbtest6 WHERE id BETWEEN 5184546 AND 5184645 ORDER BY c
	Unique  (cost=344.14..344.58 rows=88 width=121)
	  ->  Sort  (cost=344.14..344.36 rows=88 width=121)
	        Sort Key: c
	        ->  Index Scan using sbtest6_pkey on sbtest6  (cost=0.43..341.29 rows=88 width=121)
	              Index Cond: ((id >= 5184546) AND (id <= 5184645))

table 7 : explain SELECT DISTINCT c FROM sbtest7 WHERE id BETWEEN 3750191 AND 3750290 ORDER BY c
	Unique  (cost=426.71..427.26 rows=110 width=121)
	  ->  Sort  (cost=426.71..426.99 rows=110 width=121)
	        Sort Key: c
	        ->  Index Scan using sbtest7_pkey on sbtest7  (cost=0.43..422.98 rows=110 width=121)
	              Index Cond: ((id >= 3750191) AND (id <= 3750290))

table 8 : explain SELECT DISTINCT c FROM sbtest8 WHERE id BETWEEN 4695914 AND 4696013 ORDER BY c
	Unique  (cost=437.39..437.95 rows=112 width=121)
	  ->  Sort  (cost=437.39..437.67 rows=112 width=121)
	        Sort Key: c
	        ->  Index Scan using sbtest8_pkey on sbtest8  (cost=0.43..433.58 rows=112 width=121)
	              Index Cond: ((id >= 4695914) AND (id <= 4696013))

for: sum_ranges
table 1 : explain SELECT SUM(k) FROM sbtest1 WHERE id BETWEEN 9950992 AND 9951091
	Aggregate  (cost=388.63..388.64 rows=1 width=8)
	  ->  Index Scan using sbtest1_pkey on sbtest1  (cost=0.43..388.38 rows=101 width=4)
	        Index Cond: ((id >= 9950992) AND (id <= 9951091))

table 2 : explain SELECT SUM(k) FROM sbtest2 WHERE id BETWEEN 4881225 AND 4881324
	Aggregate  (cost=387.39..387.40 rows=1 width=8)
	  ->  Index Scan using sbtest2_pkey on sbtest2  (cost=0.43..387.14 rows=100 width=4)
	        Index Cond: ((id >= 4881225) AND (id <= 4881324))

table 3 : explain SELECT SUM(k) FROM sbtest3 WHERE id BETWEEN 9427750 AND 9427849
	Aggregate  (cost=359.30..359.31 rows=1 width=8)
	  ->  Index Scan using sbtest3_pkey on sbtest3  (cost=0.43..359.07 rows=93 width=4)
	        Index Cond: ((id >= 9427750) AND (id <= 9427849))

table 4 : explain SELECT SUM(k) FROM sbtest4 WHERE id BETWEEN 8568066 AND 8568165
	Aggregate  (cost=372.43..372.44 rows=1 width=8)
	  ->  Index Scan using sbtest4_pkey on sbtest4  (cost=0.43..372.19 rows=96 width=4)
	        Index Cond: ((id >= 8568066) AND (id <= 8568165))

table 5 : explain SELECT SUM(k) FROM sbtest5 WHERE id BETWEEN 4032287 AND 4032386
	Aggregate  (cost=462.71..462.72 rows=1 width=8)
	  ->  Index Scan using sbtest5_pkey on sbtest5  (cost=0.43..462.41 rows=119 width=4)
	        Index Cond: ((id >= 4032287) AND (id <= 4032386))

table 6 : explain SELECT SUM(k) FROM sbtest6 WHERE id BETWEEN 5995112 AND 5995211
	Aggregate  (cost=376.01..376.02 rows=1 width=8)
	  ->  Index Scan using sbtest6_pkey on sbtest6  (cost=0.43..375.76 rows=97 width=4)
	        Index Cond: ((id >= 5995112) AND (id <= 5995211))

table 7 : explain SELECT SUM(k) FROM sbtest7 WHERE id BETWEEN 7795011 AND 7795110
	Aggregate  (cost=419.45..419.46 rows=1 width=8)
	  ->  Index Scan using sbtest7_pkey on sbtest7  (cost=0.43..419.18 rows=109 width=4)
	        Index Cond: ((id >= 7795011) AND (id <= 7795110))

table 8 : explain SELECT SUM(k) FROM sbtest8 WHERE id BETWEEN 6703074 AND 6703173
	Aggregate  (cost=387.89..387.90 rows=1 width=8)
	  ->  Index Scan using sbtest8_pkey on sbtest8  (cost=0.43..387.64 rows=100 width=4)
	        Index Cond: ((id >= 6703074) AND (id <= 6703173))

explain: for index_updates :: explain UPDATE sbtest%u SET k=k+1 WHERE id=%u
for non_index_updates
table 1 : explain UPDATE sbtest1 SET c='foobar' WHERE id=2225290
	Update on sbtest1  (cost=0.43..8.45 rows=0 width=0)
	  ->  Index Scan using sbtest1_pkey on sbtest1  (cost=0.43..8.45 rows=1 width=490)
	        Index Cond: (id = 2225290)

table 2 : explain UPDATE sbtest2 SET c='foobar' WHERE id=9007680
	Update on sbtest2  (cost=0.43..8.45 rows=0 width=0)
	  ->  Index Scan using sbtest2_pkey on sbtest2  (cost=0.43..8.45 rows=1 width=490)
	        Index Cond: (id = 9007680)

table 3 : explain UPDATE sbtest3 SET c='foobar' WHERE id=5637999
	Update on sbtest3  (cost=0.43..8.45 rows=0 width=0)
	  ->  Index Scan using sbtest3_pkey on sbtest3  (cost=0.43..8.45 rows=1 width=490)
	        Index Cond: (id = 5637999)

table 4 : explain UPDATE sbtest4 SET c='foobar' WHERE id=8478303
	Update on sbtest4  (cost=0.43..8.45 rows=0 width=0)
	  ->  Index Scan using sbtest4_pkey on sbtest4  (cost=0.43..8.45 rows=1 width=490)
	        Index Cond: (id = 8478303)

table 5 : explain UPDATE sbtest5 SET c='foobar' WHERE id=7330847
	Update on sbtest5  (cost=0.43..8.45 rows=0 width=0)
	  ->  Index Scan using sbtest5_pkey on sbtest5  (cost=0.43..8.45 rows=1 width=490)
	        Index Cond: (id = 7330847)

table 6 : explain UPDATE sbtest6 SET c='foobar' WHERE id=6097916
	Update on sbtest6  (cost=0.43..8.45 rows=0 width=0)
	  ->  Index Scan using sbtest6_pkey on sbtest6  (cost=0.43..8.45 rows=1 width=490)
	        Index Cond: (id = 6097916)

table 7 : explain UPDATE sbtest7 SET c='foobar' WHERE id=9893487
	Update on sbtest7  (cost=0.43..8.45 rows=0 width=0)
	  ->  Index Scan using sbtest7_pkey on sbtest7  (cost=0.43..8.45 rows=1 width=490)
	        Index Cond: (id = 9893487)

table 8 : explain UPDATE sbtest8 SET c='foobar' WHERE id=1922184
	Update on sbtest8  (cost=0.43..8.45 rows=0 width=0)
	  ->  Index Scan using sbtest8_pkey on sbtest8  (cost=0.43..8.45 rows=1 width=490)
	        Index Cond: (id = 1922184)

for non_index_updates
table 1 : explain UPDATE sbtest1 SET c='foobar' WHERE id=5002048
	Update on sbtest1  (cost=0.43..8.45 rows=0 width=0)
	  ->  Index Scan using sbtest1_pkey on sbtest1  (cost=0.43..8.45 rows=1 width=490)
	        Index Cond: (id = 5002048)

table 2 : explain UPDATE sbtest2 SET c='foobar' WHERE id=2534941
	Update on sbtest2  (cost=0.43..8.45 rows=0 width=0)
	  ->  Index Scan using sbtest2_pkey on sbtest2  (cost=0.43..8.45 rows=1 width=490)
	        Index Cond: (id = 2534941)

table 3 : explain UPDATE sbtest3 SET c='foobar' WHERE id=7321799
	Update on sbtest3  (cost=0.43..8.45 rows=0 width=0)
	  ->  Index Scan using sbtest3_pkey on sbtest3  (cost=0.43..8.45 rows=1 width=490)
	        Index Cond: (id = 7321799)

table 4 : explain UPDATE sbtest4 SET c='foobar' WHERE id=5698220
	Update on sbtest4  (cost=0.43..8.45 rows=0 width=0)
	  ->  Index Scan using sbtest4_pkey on sbtest4  (cost=0.43..8.45 rows=1 width=490)
	        Index Cond: (id = 5698220)

table 5 : explain UPDATE sbtest5 SET c='foobar' WHERE id=4431713
	Update on sbtest5  (cost=0.43..8.45 rows=0 width=0)
	  ->  Index Scan using sbtest5_pkey on sbtest5  (cost=0.43..8.45 rows=1 width=490)
	        Index Cond: (id = 4431713)

table 6 : explain UPDATE sbtest6 SET c='foobar' WHERE id=3972541
	Update on sbtest6  (cost=0.43..8.45 rows=0 width=0)
	  ->  Index Scan using sbtest6_pkey on sbtest6  (cost=0.43..8.45 rows=1 width=490)
	        Index Cond: (id = 3972541)

table 7 : explain UPDATE sbtest7 SET c='foobar' WHERE id=2713752
	Update on sbtest7  (cost=0.43..8.45 rows=0 width=0)
	  ->  Index Scan using sbtest7_pkey on sbtest7  (cost=0.43..8.45 rows=1 width=490)
	        Index Cond: (id = 2713752)

table 8 : explain UPDATE sbtest8 SET c='foobar' WHERE id=9406893
	Update on sbtest8  (cost=0.43..8.45 rows=0 width=0)
	  ->  Index Scan using sbtest8_pkey on sbtest8  (cost=0.43..8.45 rows=1 width=490)
	        Index Cond: (id = 9406893)

explain: for deletes :: explain DELETE FROM sbtest%u WHERE id=%u
for index_updates
table 1 : explain UPDATE sbtest1 SET k=k+1 WHERE id=3688993
	Update on sbtest1  (cost=0.43..8.46 rows=0 width=0)
	  ->  Index Scan using sbtest1_pkey on sbtest1  (cost=0.43..8.46 rows=1 width=10)
	        Index Cond: (id = 3688993)

table 2 : explain UPDATE sbtest2 SET k=k+1 WHERE id=2509094
	Update on sbtest2  (cost=0.43..8.46 rows=0 width=0)
	  ->  Index Scan using sbtest2_pkey on sbtest2  (cost=0.43..8.46 rows=1 width=10)
	        Index Cond: (id = 2509094)

table 3 : explain UPDATE sbtest3 SET k=k+1 WHERE id=5396689
	Update on sbtest3  (cost=0.43..8.46 rows=0 width=0)
	  ->  Index Scan using sbtest3_pkey on sbtest3  (cost=0.43..8.46 rows=1 width=10)
	        Index Cond: (id = 5396689)

table 4 : explain UPDATE sbtest4 SET k=k+1 WHERE id=2150506
	Update on sbtest4  (cost=0.43..8.46 rows=0 width=0)
	  ->  Index Scan using sbtest4_pkey on sbtest4  (cost=0.43..8.46 rows=1 width=10)
	        Index Cond: (id = 2150506)

table 5 : explain UPDATE sbtest5 SET k=k+1 WHERE id=9333928
	Update on sbtest5  (cost=0.43..8.46 rows=0 width=0)
	  ->  Index Scan using sbtest5_pkey on sbtest5  (cost=0.43..8.46 rows=1 width=10)
	        Index Cond: (id = 9333928)

table 6 : explain UPDATE sbtest6 SET k=k+1 WHERE id=1151539
	Update on sbtest6  (cost=0.43..8.46 rows=0 width=0)
	  ->  Index Scan using sbtest6_pkey on sbtest6  (cost=0.43..8.46 rows=1 width=10)
	        Index Cond: (id = 1151539)

table 7 : explain UPDATE sbtest7 SET k=k+1 WHERE id=1040302
	Update on sbtest7  (cost=0.43..8.46 rows=0 width=0)
	  ->  Index Scan using sbtest7_pkey on sbtest7  (cost=0.43..8.46 rows=1 width=10)
	        Index Cond: (id = 1040302)

table 8 : explain UPDATE sbtest8 SET k=k+1 WHERE id=8482927
	Update on sbtest8  (cost=0.43..8.46 rows=0 width=0)
	  ->  Index Scan using sbtest8_pkey on sbtest8  (cost=0.43..8.46 rows=1 width=10)
	        Index Cond: (id = 8482927)

for: distinct_ranges
table 1 : explain SELECT DISTINCT c FROM sbtest1 WHERE id BETWEEN 9254662 AND 9254761 ORDER BY c
	Unique  (cost=399.42..399.93 rows=103 width=121)
	  ->  Sort  (cost=399.42..399.68 rows=103 width=121)
	        Sort Key: c
	        ->  Index Scan using sbtest1_pkey on sbtest1  (cost=0.43..395.98 rows=103 width=121)
	              Index Cond: ((id >= 9254662) AND (id <= 9254761))

table 2 : explain SELECT DISTINCT c FROM sbtest2 WHERE id BETWEEN 8962030 AND 8962129 ORDER BY c
	Unique  (cost=390.47..390.97 rows=100 width=121)
	  ->  Sort  (cost=390.47..390.72 rows=100 width=121)
	        Sort Key: c
	        ->  Index Scan using sbtest2_pkey on sbtest2  (cost=0.43..387.14 rows=100 width=121)
	              Index Cond: ((id >= 8962030) AND (id <= 8962129))

table 3 : explain SELECT DISTINCT c FROM sbtest3 WHERE id BETWEEN 1333525 AND 1333624 ORDER BY c
	Unique  (cost=408.30..408.83 rows=105 width=121)
	  ->  Sort  (cost=408.30..408.57 rows=105 width=121)
	        Sort Key: c
	        ->  Index Scan using sbtest3_pkey on sbtest3  (cost=0.43..404.78 rows=105 width=121)
	              Index Cond: ((id >= 1333525) AND (id <= 1333624))

table 4 : explain SELECT DISTINCT c FROM sbtest4 WHERE id BETWEEN 9524321 AND 9524420 ORDER BY c
	Unique  (cost=355.97..356.42 rows=91 width=121)
	  ->  Sort  (cost=355.97..356.20 rows=91 width=121)
	        Sort Key: c
	        ->  Index Scan using sbtest4_pkey on sbtest4  (cost=0.43..353.01 rows=91 width=121)
	              Index Cond: ((id >= 9524321) AND (id <= 9524420))

table 5 : explain SELECT DISTINCT c FROM sbtest5 WHERE id BETWEEN 2488107 AND 2488206 ORDER BY c
	Unique  (cost=345.98..346.42 rows=88 width=121)
	  ->  Sort  (cost=345.98..346.20 rows=88 width=121)
	        Sort Key: c
	        ->  Index Scan using sbtest5_pkey on sbtest5  (cost=0.43..343.14 rows=88 width=121)
	              Index Cond: ((id >= 2488107) AND (id <= 2488206))

table 6 : explain SELECT DISTINCT c FROM sbtest6 WHERE id BETWEEN 9578184 AND 9578283 ORDER BY c
	Unique  (cost=398.29..398.80 rows=102 width=121)
	  ->  Sort  (cost=398.29..398.54 rows=102 width=121)
	        Sort Key: c
	        ->  Index Scan using sbtest6_pkey on sbtest6  (cost=0.43..394.89 rows=102 width=121)
	              Index Cond: ((id >= 9578184) AND (id <= 9578283))

table 7 : explain SELECT DISTINCT c FROM sbtest7 WHERE id BETWEEN 4461838 AND 4461937 ORDER BY c
	Unique  (cost=345.98..346.42 rows=89 width=121)
	  ->  Sort  (cost=345.98..346.20 rows=89 width=121)
	        Sort Key: c
	        ->  Index Scan using sbtest7_pkey on sbtest7  (cost=0.43..343.09 rows=89 width=121)
	              Index Cond: ((id >= 4461838) AND (id <= 4461937))

table 8 : explain SELECT DISTINCT c FROM sbtest8 WHERE id BETWEEN 3118895 AND 3118994 ORDER BY c
	Unique  (cost=375.44..375.92 rows=96 width=121)
	  ->  Sort  (cost=375.44..375.68 rows=96 width=121)
	        Sort Key: c
	        ->  Index Scan using sbtest8_pkey on sbtest8  (cost=0.43..372.28 rows=96 width=121)
	              Index Cond: ((id >= 3118895) AND (id <= 3118994))

for index_updates
table 1 : explain UPDATE sbtest1 SET k=k+1 WHERE id=4570006
	Update on sbtest1  (cost=0.43..8.46 rows=0 width=0)
	  ->  Index Scan using sbtest1_pkey on sbtest1  (cost=0.43..8.46 rows=1 width=10)
	        Index Cond: (id = 4570006)

table 2 : explain UPDATE sbtest2 SET k=k+1 WHERE id=3485732
	Update on sbtest2  (cost=0.43..8.46 rows=0 width=0)
	  ->  Index Scan using sbtest2_pkey on sbtest2  (cost=0.43..8.46 rows=1 width=10)
	        Index Cond: (id = 3485732)

table 3 : explain UPDATE sbtest3 SET k=k+1 WHERE id=9892532
	Update on sbtest3  (cost=0.43..8.46 rows=0 width=0)
	  ->  Index Scan using sbtest3_pkey on sbtest3  (cost=0.43..8.46 rows=1 width=10)
	        Index Cond: (id = 9892532)

table 4 : explain UPDATE sbtest4 SET k=k+1 WHERE id=8608763
	Update on sbtest4  (cost=0.43..8.46 rows=0 width=0)
	  ->  Index Scan using sbtest4_pkey on sbtest4  (cost=0.43..8.46 rows=1 width=10)
	        Index Cond: (id = 8608763)

table 5 : explain UPDATE sbtest5 SET k=k+1 WHERE id=9747246
	Update on sbtest5  (cost=0.43..8.46 rows=0 width=0)
	  ->  Index Scan using sbtest5_pkey on sbtest5  (cost=0.43..8.46 rows=1 width=10)
	        Index Cond: (id = 9747246)

table 6 : explain UPDATE sbtest6 SET k=k+1 WHERE id=3279719
	Update on sbtest6  (cost=0.43..8.46 rows=0 width=0)
	  ->  Index Scan using sbtest6_pkey on sbtest6  (cost=0.43..8.46 rows=1 width=10)
	        Index Cond: (id = 3279719)

table 7 : explain UPDATE sbtest7 SET k=k+1 WHERE id=2581128
	Update on sbtest7  (cost=0.43..8.46 rows=0 width=0)
	  ->  Index Scan using sbtest7_pkey on sbtest7  (cost=0.43..8.46 rows=1 width=10)
	        Index Cond: (id = 2581128)

table 8 : explain UPDATE sbtest8 SET k=k+1 WHERE id=5247678
	Update on sbtest8  (cost=0.43..8.46 rows=0 width=0)
	  ->  Index Scan using sbtest8_pkey on sbtest8  (cost=0.43..8.46 rows=1 width=10)
	        Index Cond: (id = 5247678)

explain: for deletes :: explain DELETE FROM sbtest%u WHERE id=%u
explain: for point_selects :: explain SELECT c FROM sbtest%u WHERE id=%u
for deletes
table 1 : explain DELETE FROM sbtest1 WHERE id=9356938
	Delete on sbtest1  (cost=0.43..8.45 rows=0 width=0)
	  ->  Index Scan using sbtest1_pkey on sbtest1  (cost=0.43..8.45 rows=1 width=6)
	        Index Cond: (id = 9356938)

table 2 : explain DELETE FROM sbtest2 WHERE id=7286858
	Delete on sbtest2  (cost=0.43..8.45 rows=0 width=0)
	  ->  Index Scan using sbtest2_pkey on sbtest2  (cost=0.43..8.45 rows=1 width=6)
	        Index Cond: (id = 7286858)

table 3 : explain DELETE FROM sbtest3 WHERE id=3470732
	Delete on sbtest3  (cost=0.43..8.45 rows=0 width=0)
	  ->  Index Scan using sbtest3_pkey on sbtest3  (cost=0.43..8.45 rows=1 width=6)
	        Index Cond: (id = 3470732)

table 4 : explain DELETE FROM sbtest4 WHERE id=3329651
	Delete on sbtest4  (cost=0.43..8.45 rows=0 width=0)
	  ->  Index Scan using sbtest4_pkey on sbtest4  (cost=0.43..8.45 rows=1 width=6)
	        Index Cond: (id = 3329651)

table 5 : explain DELETE FROM sbtest5 WHERE id=1085401
	Delete on sbtest5  (cost=0.43..8.45 rows=0 width=0)
	  ->  Index Scan using sbtest5_pkey on sbtest5  (cost=0.43..8.45 rows=1 width=6)
	        Index Cond: (id = 1085401)

table 6 : explain DELETE FROM sbtest6 WHERE id=1771287
	Delete on sbtest6  (cost=0.43..8.45 rows=0 width=0)
	  ->  Index Scan using sbtest6_pkey on sbtest6  (cost=0.43..8.45 rows=1 width=6)
	        Index Cond: (id = 1771287)

table 7 : explain DELETE FROM sbtest7 WHERE id=7474103
	Delete on sbtest7  (cost=0.43..8.45 rows=0 width=0)
	  ->  Index Scan using sbtest7_pkey on sbtest7  (cost=0.43..8.45 rows=1 width=6)
	        Index Cond: (id = 7474103)

table 8 : explain DELETE FROM sbtest8 WHERE id=6413356
	Delete on sbtest8  (cost=0.43..8.45 rows=0 width=0)
	  ->  Index Scan using sbtest8_pkey on sbtest8  (cost=0.43..8.45 rows=1 width=6)
	        Index Cond: (id = 6413356)

for: order_ranges
table 1 : explain SELECT c FROM sbtest1 WHERE id BETWEEN 9566780 AND 9566879 ORDER BY c
	Sort  (cost=414.77..415.04 rows=107 width=121)
	  Sort Key: c
	  ->  Index Scan using sbtest1_pkey on sbtest1  (cost=0.43..411.17 rows=107 width=121)
	        Index Cond: ((id >= 9566780) AND (id <= 9566879))

table 2 : explain SELECT c FROM sbtest2 WHERE id BETWEEN 871571 AND 871670 ORDER BY c
	Sort  (cost=367.23..367.47 rows=94 width=121)
	  Sort Key: c
	  ->  Index Scan using sbtest2_pkey on sbtest2  (cost=0.43..364.15 rows=94 width=121)
	        Index Cond: ((id >= 871571) AND (id <= 871670))

table 3 : explain SELECT c FROM sbtest3 WHERE id BETWEEN 9431577 AND 9431676 ORDER BY c
	Sort  (cost=362.11..362.34 rows=93 width=121)
	  Sort Key: c
	  ->  Index Scan using sbtest3_pkey on sbtest3  (cost=0.43..359.07 rows=93 width=121)
	        Index Cond: ((id >= 9431577) AND (id <= 9431676))

table 4 : explain SELECT c FROM sbtest4 WHERE id BETWEEN 9218149 AND 9218248 ORDER BY c
	Sort  (cost=371.49..371.72 rows=95 width=121)
	  Sort Key: c
	  ->  Index Scan using sbtest4_pkey on sbtest4  (cost=0.43..368.36 rows=95 width=121)
	        Index Cond: ((id >= 9218149) AND (id <= 9218248))

table 5 : explain SELECT c FROM sbtest5 WHERE id BETWEEN 7063097 AND 7063196 ORDER BY c
	Sort  (cost=381.00..381.24 rows=97 width=121)
	  Sort Key: c
	  ->  Index Scan using sbtest5_pkey on sbtest5  (cost=0.43..377.80 rows=97 width=121)
	        Index Cond: ((id >= 7063097) AND (id <= 7063196))

table 6 : explain SELECT c FROM sbtest6 WHERE id BETWEEN 3639332 AND 3639431 ORDER BY c
	Sort  (cost=359.59..359.82 rows=92 width=121)
	  Sort Key: c
	  ->  Index Scan using sbtest6_pkey on sbtest6  (cost=0.43..356.59 rows=92 width=121)
	        Index Cond: ((id >= 3639332) AND (id <= 3639431))

table 7 : explain SELECT c FROM sbtest7 WHERE id BETWEEN 7816147 AND 7816246 ORDER BY c
	Sort  (cost=422.87..423.14 rows=109 width=121)
	  Sort Key: c
	  ->  Index Scan using sbtest7_pkey on sbtest7  (cost=0.43..419.18 rows=109 width=121)
	        Index Cond: ((id >= 7816147) AND (id <= 7816246))

table 8 : explain SELECT c FROM sbtest8 WHERE id BETWEEN 6677716 AND 6677815 ORDER BY c
	Sort  (cost=390.96..391.21 rows=100 width=121)
	  Sort Key: c
	  ->  Index Scan using sbtest8_pkey on sbtest8  (cost=0.43..387.64 rows=100 width=121)
	        Index Cond: ((id >= 6677716) AND (id <= 6677815))

explain: for non_index_updates :: explain UPDATE sbtest%u SET c='foobar' WHERE id=%u
explain: for point_selects :: explain SELECT c FROM sbtest%u WHERE id=%u
explain: for point_selects :: explain SELECT c FROM sbtest%u WHERE id=%u
for: sum_ranges
table 1 : explain SELECT SUM(k) FROM sbtest1 WHERE id BETWEEN 2046721 AND 2046820
	Aggregate  (cost=384.83..384.84 rows=1 width=8)
	  ->  Index Scan using sbtest1_pkey on sbtest1  (cost=0.43..384.58 rows=100 width=4)
	        Index Cond: ((id >= 2046721) AND (id <= 2046820))

table 2 : explain SELECT SUM(k) FROM sbtest2 WHERE id BETWEEN 7112931 AND 7113030
	Aggregate  (cost=356.74..356.75 rows=1 width=8)
	  ->  Index Scan using sbtest2_pkey on sbtest2  (cost=0.43..356.51 rows=92 width=4)
	        Index Cond: ((id >= 7112931) AND (id <= 7113030))

table 3 : explain SELECT SUM(k) FROM sbtest3 WHERE id BETWEEN 359009 AND 359108
	Aggregate  (cost=397.42..397.43 rows=1 width=8)
	  ->  Index Scan using sbtest3_pkey on sbtest3  (cost=0.43..397.16 rows=103 width=4)
	        Index Cond: ((id >= 359009) AND (id <= 359108))

table 4 : explain SELECT SUM(k) FROM sbtest4 WHERE id BETWEEN 3665137 AND 3665236
	Aggregate  (cost=372.43..372.44 rows=1 width=8)
	  ->  Index Scan using sbtest4_pkey on sbtest4  (cost=0.43..372.19 rows=96 width=4)
	        Index Cond: ((id >= 3665137) AND (id <= 3665236))

table 5 : explain SELECT SUM(k) FROM sbtest5 WHERE id BETWEEN 9903552 AND 9903651
	Aggregate  (cost=351.06..351.07 rows=1 width=8)
	  ->  Index Scan using sbtest5_pkey on sbtest5  (cost=0.43..350.83 rows=90 width=4)
	        Index Cond: ((id >= 9903552) AND (id <= 9903651))

table 6 : explain SELECT SUM(k) FROM sbtest6 WHERE id BETWEEN 7762898 AND 7762997
	Aggregate  (cost=387.49..387.50 rows=1 width=8)
	  ->  Index Scan using sbtest6_pkey on sbtest6  (cost=0.43..387.24 rows=100 width=4)
	        Index Cond: ((id >= 7762898) AND (id <= 7762997))

table 7 : explain SELECT SUM(k) FROM sbtest7 WHERE id BETWEEN 5863179 AND 5863278
	Aggregate  (cost=350.98..350.99 rows=1 width=8)
	  ->  Index Scan using sbtest7_pkey on sbtest7  (cost=0.43..350.75 rows=91 width=4)
	        Index Cond: ((id >= 5863179) AND (id <= 5863278))

table 8 : explain SELECT SUM(k) FROM sbtest8 WHERE id BETWEEN 1181136 AND 1181235
	Aggregate  (cost=399.38..399.39 rows=1 width=8)
	  ->  Index Scan using sbtest8_pkey on sbtest8  (cost=0.43..399.12 rows=103 width=4)
	        Index Cond: ((id >= 1181136) AND (id <= 1181235))

explain: for index_updates :: explain UPDATE sbtest%u SET k=k+1 WHERE id=%u
explain: for non_index_updates :: explain UPDATE sbtest%u SET c='foobar' WHERE id=%u
for point_selects
table 1 : explain SELECT c FROM sbtest1 WHERE id=341053
	Index Scan using sbtest1_pkey on sbtest1  (cost=0.43..8.45 rows=1 width=121)
	  Index Cond: (id = 341053)

table 2 : explain SELECT c FROM sbtest2 WHERE id=9596752
	Index Scan using sbtest2_pkey on sbtest2  (cost=0.43..8.45 rows=1 width=121)
	  Index Cond: (id = 9596752)

table 3 : explain SELECT c FROM sbtest3 WHERE id=2108903
	Index Scan using sbtest3_pkey on sbtest3  (cost=0.43..8.45 rows=1 width=121)
	  Index Cond: (id = 2108903)

table 4 : explain SELECT c FROM sbtest4 WHERE id=3736891
	Index Scan using sbtest4_pkey on sbtest4  (cost=0.43..8.45 rows=1 width=121)
	  Index Cond: (id = 3736891)

table 5 : explain SELECT c FROM sbtest5 WHERE id=8465749
	Index Scan using sbtest5_pkey on sbtest5  (cost=0.43..8.45 rows=1 width=121)
	  Index Cond: (id = 8465749)

table 6 : explain SELECT c FROM sbtest6 WHERE id=7445336
	Index Scan using sbtest6_pkey on sbtest6  (cost=0.43..8.45 rows=1 width=121)
	  Index Cond: (id = 7445336)

table 7 : explain SELECT c FROM sbtest7 WHERE id=7876458
	Index Scan using sbtest7_pkey on sbtest7  (cost=0.43..8.45 rows=1 width=121)
	  Index Cond: (id = 7876458)

table 8 : explain SELECT c FROM sbtest8 WHERE id=4065783
	Index Scan using sbtest8_pkey on sbtest8  (cost=0.43..8.45 rows=1 width=121)
	  Index Cond: (id = 4065783)

for non_index_updates
table 1 : explain UPDATE sbtest1 SET c='foobar' WHERE id=8438426
	Update on sbtest1  (cost=0.43..8.45 rows=0 width=0)
	  ->  Index Scan using sbtest1_pkey on sbtest1  (cost=0.43..8.45 rows=1 width=490)
	        Index Cond: (id = 8438426)

table 2 : explain UPDATE sbtest2 SET c='foobar' WHERE id=977363
	Update on sbtest2  (cost=0.43..8.45 rows=0 width=0)
	  ->  Index Scan using sbtest2_pkey on sbtest2  (cost=0.43..8.45 rows=1 width=490)
	        Index Cond: (id = 977363)

table 3 : explain UPDATE sbtest3 SET c='foobar' WHERE id=1524921
	Update on sbtest3  (cost=0.43..8.45 rows=0 width=0)
	  ->  Index Scan using sbtest3_pkey on sbtest3  (cost=0.43..8.45 rows=1 width=490)
	        Index Cond: (id = 1524921)

table 4 : explain UPDATE sbtest4 SET c='foobar' WHERE id=6635858
	Update on sbtest4  (cost=0.43..8.45 rows=0 width=0)
	  ->  Index Scan using sbtest4_pkey on sbtest4  (cost=0.43..8.45 rows=1 width=490)
	        Index Cond: (id = 6635858)

table 5 : explain UPDATE sbtest5 SET c='foobar' WHERE id=3613424
	Update on sbtest5  (cost=0.43..8.45 rows=0 width=0)
	  ->  Index Scan using sbtest5_pkey on sbtest5  (cost=0.43..8.45 rows=1 width=490)
	        Index Cond: (id = 3613424)

table 6 : explain UPDATE sbtest6 SET c='foobar' WHERE id=7274707
	Update on sbtest6  (cost=0.43..8.45 rows=0 width=0)
	  ->  Index Scan using sbtest6_pkey on sbtest6  (cost=0.43..8.45 rows=1 width=490)
	        Index Cond: (id = 7274707)

table 7 : explain UPDATE sbtest7 SET c='foobar' WHERE id=4847294
	Update on sbtest7  (cost=0.43..8.45 rows=0 width=0)
	  ->  Index Scan using sbtest7_pkey on sbtest7  (cost=0.43..8.45 rows=1 width=490)
	        Index Cond: (id = 4847294)

table 8 : explain UPDATE sbtest8 SET c='foobar' WHERE id=2230790
	Update on sbtest8  (cost=0.43..8.45 rows=0 width=0)
	  ->  Index Scan using sbtest8_pkey on sbtest8  (cost=0.43..8.45 rows=1 width=490)
	        Index Cond: (id = 2230790)

explain: for point_selects :: explain SELECT c FROM sbtest%u WHERE id=%u
explain: for inserts :: explain INSERT INTO sbtest%u (id, k, c, pad) VALUES (%u, 13, 'foobar', 'foobar')
explain: for deletes :: explain DELETE FROM sbtest%u WHERE id=%u
for deletes
table 1 : explain DELETE FROM sbtest1 WHERE id=8752341
	Delete on sbtest1  (cost=0.43..8.45 rows=0 width=0)
	  ->  Index Scan using sbtest1_pkey on sbtest1  (cost=0.43..8.45 rows=1 width=6)
	        Index Cond: (id = 8752341)

table 2 : explain DELETE FROM sbtest2 WHERE id=8713969
	Delete on sbtest2  (cost=0.43..8.45 rows=0 width=0)
	  ->  Index Scan using sbtest2_pkey on sbtest2  (cost=0.43..8.45 rows=1 width=6)
	        Index Cond: (id = 8713969)

table 3 : explain DELETE FROM sbtest3 WHERE id=7813074
	Delete on sbtest3  (cost=0.43..8.45 rows=0 width=0)
	  ->  Index Scan using sbtest3_pkey on sbtest3  (cost=0.43..8.45 rows=1 width=6)
	        Index Cond: (id = 7813074)

table 4 : explain DELETE FROM sbtest4 WHERE id=106283
	Delete on sbtest4  (cost=0.43..8.45 rows=0 width=0)
	  ->  Index Scan using sbtest4_pkey on sbtest4  (cost=0.43..8.45 rows=1 width=6)
	        Index Cond: (id = 106283)

table 5 : explain DELETE FROM sbtest5 WHERE id=8053810
	Delete on sbtest5  (cost=0.43..8.45 rows=0 width=0)
	  ->  Index Scan using sbtest5_pkey on sbtest5  (cost=0.43..8.45 rows=1 width=6)
	        Index Cond: (id = 8053810)

table 6 : explain DELETE FROM sbtest6 WHERE id=4785988
	Delete on sbtest6  (cost=0.43..8.45 rows=0 width=0)
	  ->  Index Scan using sbtest6_pkey on sbtest6  (cost=0.43..8.45 rows=1 width=6)
	        Index Cond: (id = 4785988)

table 7 : explain DELETE FROM sbtest7 WHERE id=9812170
	Delete on sbtest7  (cost=0.43..8.45 rows=0 width=0)
	  ->  Index Scan using sbtest7_pkey on sbtest7  (cost=0.43..8.45 rows=1 width=6)
	        Index Cond: (id = 9812170)

table 8 : explain DELETE FROM sbtest8 WHERE id=3998931
	Delete on sbtest8  (cost=0.43..8.45 rows=0 width=0)
	  ->  Index Scan using sbtest8_pkey on sbtest8  (cost=0.43..8.45 rows=1 width=6)
	        Index Cond: (id = 3998931)

for: simple_ranges
table 1 : explain SELECT c FROM sbtest1 WHERE id BETWEEN 1700965 AND 1701064
	Index Scan using sbtest1_pkey on sbtest1  (cost=0.43..388.38 rows=101 width=121)
	  Index Cond: ((id >= 1700965) AND (id <= 1701064))

table 2 : explain SELECT c FROM sbtest2 WHERE id BETWEEN 4982478 AND 4982577
	Index Scan using sbtest2_pkey on sbtest2  (cost=0.43..367.98 rows=95 width=121)
	  Index Cond: ((id >= 4982478) AND (id <= 4982577))

table 3 : explain SELECT c FROM sbtest3 WHERE id BETWEEN 9859527 AND 9859626
	Index Scan using sbtest3_pkey on sbtest3  (cost=0.43..385.73 rows=100 width=121)
	  Index Cond: ((id >= 9859527) AND (id <= 9859626))

table 4 : explain SELECT c FROM sbtest4 WHERE id BETWEEN 6472492 AND 6472591
	Index Scan using sbtest4_pkey on sbtest4  (cost=0.43..387.50 rows=100 width=121)
	  Index Cond: ((id >= 6472492) AND (id <= 6472591))

table 5 : explain SELECT c FROM sbtest5 WHERE id BETWEEN 2463078 AND 2463177
	Index Scan using sbtest5_pkey on sbtest5  (cost=0.43..343.14 rows=88 width=121)
	  Index Cond: ((id >= 2463078) AND (id <= 2463177))

table 6 : explain SELECT c FROM sbtest6 WHERE id BETWEEN 3652462 AND 3652561
	Index Scan using sbtest6_pkey on sbtest6  (cost=0.43..356.59 rows=92 width=121)
	  Index Cond: ((id >= 3652462) AND (id <= 3652561))

table 7 : explain SELECT c FROM sbtest7 WHERE id BETWEEN 8409099 AND 8409198
	Index Scan using sbtest7_pkey on sbtest7  (cost=0.43..426.78 rows=111 width=121)
	  Index Cond: ((id >= 8409099) AND (id <= 8409198))

table 8 : explain SELECT c FROM sbtest8 WHERE id BETWEEN 6903815 AND 6903914
	Index Scan using sbtest8_pkey on sbtest8  (cost=0.43..395.30 rows=102 width=121)
	  Index Cond: ((id >= 6903815) AND (id <= 6903914))

explain: for point_selects :: explain SELECT c FROM sbtest%u WHERE id=%u
for: distinct_ranges
table 1 : explain SELECT DISTINCT c FROM sbtest1 WHERE id BETWEEN 3736726 AND 3736825 ORDER BY c
	Unique  (cost=364.82..365.29 rows=94 width=121)
	  ->  Sort  (cost=364.82..365.06 rows=94 width=121)
	        Sort Key: c
	        ->  Index Scan using sbtest1_pkey on sbtest1  (cost=0.43..361.74 rows=94 width=121)
	              Index Cond: ((id >= 3736726) AND (id <= 3736825))

table 2 : explain SELECT DISTINCT c FROM sbtest2 WHERE id BETWEEN 1408692 AND 1408791 ORDER BY c
	Unique  (cost=390.47..390.97 rows=100 width=121)
	  ->  Sort  (cost=390.47..390.72 rows=100 width=121)
	        Sort Key: c
	        ->  Index Scan using sbtest2_pkey on sbtest2  (cost=0.43..387.14 rows=100 width=121)
	              Index Cond: ((id >= 1408692) AND (id <= 1408791))

table 3 : explain SELECT DISTINCT c FROM sbtest3 WHERE id BETWEEN 1855269 AND 1855368 ORDER BY c
	Unique  (cost=427.55..428.10 rows=110 width=121)
	  ->  Sort  (cost=427.55..427.83 rows=110 width=121)
	        Sort Key: c
	        ->  Index Scan using sbtest3_pkey on sbtest3  (cost=0.43..423.82 rows=110 width=121)
	              Index Cond: ((id >= 1855269) AND (id <= 1855368))

table 4 : explain SELECT DISTINCT c FROM sbtest4 WHERE id BETWEEN 8987220 AND 8987319 ORDER BY c
	Unique  (cost=406.29..406.81 rows=104 width=121)
	  ->  Sort  (cost=406.29..406.55 rows=104 width=121)
	        Sort Key: c
	        ->  Index Scan using sbtest4_pkey on sbtest4  (cost=0.43..402.81 rows=104 width=121)
	              Index Cond: ((id >= 8987220) AND (id <= 8987319))

table 5 : explain SELECT DISTINCT c FROM sbtest5 WHERE id BETWEEN 132107 AND 132206 ORDER BY c
	Unique  (cost=361.53..361.99 rows=92 width=121)
	  ->  Sort  (cost=361.53..361.76 rows=92 width=121)
	        Sort Key: c
	        ->  Index Scan using sbtest5_pkey on sbtest5  (cost=0.43..358.53 rows=92 width=121)
	              Index Cond: ((id >= 132107) AND (id <= 132206))

table 6 : explain SELECT DISTINCT c FROM sbtest6 WHERE id BETWEEN 9249763 AND 9249862 ORDER BY c
	Unique  (cost=398.29..398.80 rows=102 width=121)
	  ->  Sort  (cost=398.29..398.54 rows=102 width=121)
	        Sort Key: c
	        ->  Index Scan using sbtest6_pkey on sbtest6  (cost=0.43..394.89 rows=102 width=121)
	              Index Cond: ((id >= 9249763) AND (id <= 9249862))

table 7 : explain SELECT DISTINCT c FROM sbtest7 WHERE id BETWEEN 2900072 AND 2900171 ORDER BY c
	Unique  (cost=380.60..381.09 rows=98 width=121)
	  ->  Sort  (cost=380.60..380.85 rows=98 width=121)
	        Sort Key: c
	        ->  Index Scan using sbtest7_pkey on sbtest7  (cost=0.43..377.36 rows=98 width=121)
	              Index Cond: ((id >= 2900072) AND (id <= 2900171))

table 8 : explain SELECT DISTINCT c FROM sbtest8 WHERE id BETWEEN 8072660 AND 8072759 ORDER BY c
	Unique  (cost=359.96..360.42 rows=92 width=121)
	  ->  Sort  (cost=359.96..360.19 rows=92 width=121)
	        Sort Key: c
	        ->  Index Scan using sbtest8_pkey on sbtest8  (cost=0.43..356.96 rows=92 width=121)
	              Index Cond: ((id >= 8072660) AND (id <= 8072759))

for: order_ranges
table 1 : explain SELECT c FROM sbtest1 WHERE id BETWEEN 3507156 AND 3507255 ORDER BY c
	Sort  (cost=380.23..380.47 rows=98 width=121)
	  Sort Key: c
	  ->  Index Scan using sbtest1_pkey on sbtest1  (cost=0.43..376.99 rows=98 width=121)
	        Index Cond: ((id >= 3507156) AND (id <= 3507255))

table 2 : explain SELECT c FROM sbtest2 WHERE id BETWEEN 188097 AND 188196 ORDER BY c
	Sort  (cost=405.92..406.18 rows=104 width=121)
	  Sort Key: c
	  ->  Index Scan using sbtest2_pkey on sbtest2  (cost=0.43..402.44 rows=104 width=121)
	        Index Cond: ((id >= 188097) AND (id <= 188196))

table 3 : explain SELECT c FROM sbtest3 WHERE id BETWEEN 8621133 AND 8621232 ORDER BY c
	Sort  (cost=389.05..389.30 rows=100 width=121)
	  Sort Key: c
	  ->  Index Scan using sbtest3_pkey on sbtest3  (cost=0.43..385.73 rows=100 width=121)
	        Index Cond: ((id >= 8621133) AND (id <= 8621232))

table 4 : explain SELECT c FROM sbtest4 WHERE id BETWEEN 8566007 AND 8566106 ORDER BY c
	Sort  (cost=375.35..375.59 rows=96 width=121)
	  Sort Key: c
	  ->  Index Scan using sbtest4_pkey on sbtest4  (cost=0.43..372.19 rows=96 width=121)
	        Index Cond: ((id >= 8566007) AND (id <= 8566106))

table 5 : explain SELECT c FROM sbtest5 WHERE id BETWEEN 5600716 AND 5600815 ORDER BY c
	Sort  (cost=388.77..389.02 rows=99 width=121)
	  Sort Key: c
	  ->  Index Scan using sbtest5_pkey on sbtest5  (cost=0.43..385.49 rows=99 width=121)
	        Index Cond: ((id >= 5600716) AND (id <= 5600815))

table 6 : explain SELECT c FROM sbtest6 WHERE id BETWEEN 2380807 AND 2380906 ORDER BY c
	Sort  (cost=375.10..375.34 rows=96 width=121)
	  Sort Key: c
	  ->  Index Scan using sbtest6_pkey on sbtest6  (cost=0.43..371.94 rows=96 width=121)
	        Index Cond: ((id >= 2380807) AND (id <= 2380906))

table 7 : explain SELECT c FROM sbtest7 WHERE id BETWEEN 7705622 AND 7705721 ORDER BY c
	Sort  (cost=419.03..419.30 rows=108 width=121)
	  Sort Key: c
	  ->  Index Scan using sbtest7_pkey on sbtest7  (cost=0.43..415.38 rows=108 width=121)
	        Index Cond: ((id >= 7705622) AND (id <= 7705721))

table 8 : explain SELECT c FROM sbtest8 WHERE id BETWEEN 9112313 AND 9112412 ORDER BY c
	Sort  (cost=390.96..391.21 rows=100 width=121)
	  Sort Key: c
	  ->  Index Scan using sbtest8_pkey on sbtest8  (cost=0.43..387.64 rows=100 width=121)
	        Index Cond: ((id >= 9112313) AND (id <= 9112412))

for: simple_ranges
table 1 : explain SELECT c FROM sbtest1 WHERE id BETWEEN 7331099 AND 7331198
	Index Scan using sbtest1_pkey on sbtest1  (cost=0.43..361.74 rows=94 width=121)
	  Index Cond: ((id >= 7331099) AND (id <= 7331198))

table 2 : explain SELECT c FROM sbtest2 WHERE id BETWEEN 5241169 AND 5241268
	Index Scan using sbtest2_pkey on sbtest2  (cost=0.43..390.97 rows=101 width=121)
	  Index Cond: ((id >= 5241169) AND (id <= 5241268))

table 3 : explain SELECT c FROM sbtest3 WHERE id BETWEEN 7450756 AND 7450855
	Index Scan using sbtest3_pkey on sbtest3  (cost=0.43..393.35 rows=102 width=121)
	  Index Cond: ((id >= 7450756) AND (id <= 7450855))

table 4 : explain SELECT c FROM sbtest4 WHERE id BETWEEN 7673538 AND 7673637
	Index Scan using sbtest4_pkey on sbtest4  (cost=0.43..406.64 rows=105 width=121)
	  Index Cond: ((id >= 7673538) AND (id <= 7673637))

table 5 : explain SELECT c FROM sbtest5 WHERE id BETWEEN 7015718 AND 7015817
	Index Scan using sbtest5_pkey on sbtest5  (cost=0.43..354.68 rows=91 width=121)
	  Index Cond: ((id >= 7015718) AND (id <= 7015817))

table 6 : explain SELECT c FROM sbtest6 WHERE id BETWEEN 8362631 AND 8362730
	Index Scan using sbtest6_pkey on sbtest6  (cost=0.43..448.43 rows=116 width=121)
	  Index Cond: ((id >= 8362631) AND (id <= 8362730))

table 7 : explain SELECT c FROM sbtest7 WHERE id BETWEEN 3124280 AND 3124379
	Index Scan using sbtest7_pkey on sbtest7  (cost=0.43..392.57 rows=102 width=121)
	  Index Cond: ((id >= 3124280) AND (id <= 3124379))

table 8 : explain SELECT c FROM sbtest8 WHERE id BETWEEN 5341187 AND 5341286
	Index Scan using sbtest8_pkey on sbtest8  (cost=0.43..406.78 rows=105 width=121)
	  Index Cond: ((id >= 5341187) AND (id <= 5341286))

for deletes
table 1 : explain DELETE FROM sbtest1 WHERE id=1536816
	Delete on sbtest1  (cost=0.43..8.45 rows=0 width=0)
	  ->  Index Scan using sbtest1_pkey on sbtest1  (cost=0.43..8.45 rows=1 width=6)
	        Index Cond: (id = 1536816)

table 2 : explain DELETE FROM sbtest2 WHERE id=4355420
	Delete on sbtest2  (cost=0.43..8.45 rows=0 width=0)
	  ->  Index Scan using sbtest2_pkey on sbtest2  (cost=0.43..8.45 rows=1 width=6)
	        Index Cond: (id = 4355420)

table 3 : explain DELETE FROM sbtest3 WHERE id=315037
	Delete on sbtest3  (cost=0.43..8.45 rows=0 width=0)
	  ->  Index Scan using sbtest3_pkey on sbtest3  (cost=0.43..8.45 rows=1 width=6)
	        Index Cond: (id = 315037)

table 4 : explain DELETE FROM sbtest4 WHERE id=340992
	Delete on sbtest4  (cost=0.43..8.45 rows=0 width=0)
	  ->  Index Scan using sbtest4_pkey on sbtest4  (cost=0.43..8.45 rows=1 width=6)
	        Index Cond: (id = 340992)

table 5 : explain DELETE FROM sbtest5 WHERE id=9777853
	Delete on sbtest5  (cost=0.43..8.45 rows=0 width=0)
	  ->  Index Scan using sbtest5_pkey on sbtest5  (cost=0.43..8.45 rows=1 width=6)
	        Index Cond: (id = 9777853)

table 6 : explain DELETE FROM sbtest6 WHERE id=1060310
	Delete on sbtest6  (cost=0.43..8.45 rows=0 width=0)
	  ->  Index Scan using sbtest6_pkey on sbtest6  (cost=0.43..8.45 rows=1 width=6)
	        Index Cond: (id = 1060310)

table 7 : explain DELETE FROM sbtest7 WHERE id=7296119
	Delete on sbtest7  (cost=0.43..8.45 rows=0 width=0)
	  ->  Index Scan using sbtest7_pkey on sbtest7  (cost=0.43..8.45 rows=1 width=6)
	        Index Cond: (id = 7296119)

table 8 : explain DELETE FROM sbtest8 WHERE id=6741193
	Delete on sbtest8  (cost=0.43..8.45 rows=0 width=0)
	  ->  Index Scan using sbtest8_pkey on sbtest8  (cost=0.43..8.45 rows=1 width=6)
	        Index Cond: (id = 6741193)

for index_updates
table 1 : explain UPDATE sbtest1 SET k=k+1 WHERE id=3606215
	Update on sbtest1  (cost=0.43..8.46 rows=0 width=0)
	  ->  Index Scan using sbtest1_pkey on sbtest1  (cost=0.43..8.46 rows=1 width=10)
	        Index Cond: (id = 3606215)

table 2 : explain UPDATE sbtest2 SET k=k+1 WHERE id=5870044
	Update on sbtest2  (cost=0.43..8.46 rows=0 width=0)
	  ->  Index Scan using sbtest2_pkey on sbtest2  (cost=0.43..8.46 rows=1 width=10)
	        Index Cond: (id = 5870044)

table 3 : explain UPDATE sbtest3 SET k=k+1 WHERE id=3659748
	Update on sbtest3  (cost=0.43..8.46 rows=0 width=0)
	  ->  Index Scan using sbtest3_pkey on sbtest3  (cost=0.43..8.46 rows=1 width=10)
	        Index Cond: (id = 3659748)

table 4 : explain UPDATE sbtest4 SET k=k+1 WHERE id=5378717
	Update on sbtest4  (cost=0.43..8.46 rows=0 width=0)
	  ->  Index Scan using sbtest4_pkey on sbtest4  (cost=0.43..8.46 rows=1 width=10)
	        Index Cond: (id = 5378717)

table 5 : explain UPDATE sbtest5 SET k=k+1 WHERE id=1244954
	Update on sbtest5  (cost=0.43..8.46 rows=0 width=0)
	  ->  Index Scan using sbtest5_pkey on sbtest5  (cost=0.43..8.46 rows=1 width=10)
	        Index Cond: (id = 1244954)

table 6 : explain UPDATE sbtest6 SET k=k+1 WHERE id=1010545
	Update on sbtest6  (cost=0.43..8.46 rows=0 width=0)
	  ->  Index Scan using sbtest6_pkey on sbtest6  (cost=0.43..8.46 rows=1 width=10)
	        Index Cond: (id = 1010545)

table 7 : explain UPDATE sbtest7 SET k=k+1 WHERE id=4664080
	Update on sbtest7  (cost=0.43..8.46 rows=0 width=0)
	  ->  Index Scan using sbtest7_pkey on sbtest7  (cost=0.43..8.46 rows=1 width=10)
	        Index Cond: (id = 4664080)

table 8 : explain UPDATE sbtest8 SET k=k+1 WHERE id=7506926
	Update on sbtest8  (cost=0.43..8.46 rows=0 width=0)
	  ->  Index Scan using sbtest8_pkey on sbtest8  (cost=0.43..8.46 rows=1 width=10)
	        Index Cond: (id = 7506926)

explain: for index_updates :: explain UPDATE sbtest%u SET k=k+1 WHERE id=%u
for non_index_updates
table 1 : explain UPDATE sbtest1 SET c='foobar' WHERE id=6759429
	Update on sbtest1  (cost=0.43..8.45 rows=0 width=0)
	  ->  Index Scan using sbtest1_pkey on sbtest1  (cost=0.43..8.45 rows=1 width=490)
	        Index Cond: (id = 6759429)

table 2 : explain UPDATE sbtest2 SET c='foobar' WHERE id=684884
	Update on sbtest2  (cost=0.43..8.45 rows=0 width=0)
	  ->  Index Scan using sbtest2_pkey on sbtest2  (cost=0.43..8.45 rows=1 width=490)
	        Index Cond: (id = 684884)

table 3 : explain UPDATE sbtest3 SET c='foobar' WHERE id=4242848
	Update on sbtest3  (cost=0.43..8.45 rows=0 width=0)
	  ->  Index Scan using sbtest3_pkey on sbtest3  (cost=0.43..8.45 rows=1 width=490)
	        Index Cond: (id = 4242848)

table 4 : explain UPDATE sbtest4 SET c='foobar' WHERE id=669101
	Update on sbtest4  (cost=0.43..8.45 rows=0 width=0)
	  ->  Index Scan using sbtest4_pkey on sbtest4  (cost=0.43..8.45 rows=1 width=490)
	        Index Cond: (id = 669101)

table 5 : explain UPDATE sbtest5 SET c='foobar' WHERE id=594731
	Update on sbtest5  (cost=0.43..8.45 rows=0 width=0)
	  ->  Index Scan using sbtest5_pkey on sbtest5  (cost=0.43..8.45 rows=1 width=490)
	        Index Cond: (id = 594731)

table 6 : explain UPDATE sbtest6 SET c='foobar' WHERE id=3716354
	Update on sbtest6  (cost=0.43..8.45 rows=0 width=0)
	  ->  Index Scan using sbtest6_pkey on sbtest6  (cost=0.43..8.45 rows=1 width=490)
	        Index Cond: (id = 3716354)

table 7 : explain UPDATE sbtest7 SET c='foobar' WHERE id=9631632
	Update on sbtest7  (cost=0.43..8.45 rows=0 width=0)
	  ->  Index Scan using sbtest7_pkey on sbtest7  (cost=0.43..8.45 rows=1 width=490)
	        Index Cond: (id = 9631632)

table 8 : explain UPDATE sbtest8 SET c='foobar' WHERE id=4710995
	Update on sbtest8  (cost=0.43..8.45 rows=0 width=0)
	  ->  Index Scan using sbtest8_pkey on sbtest8  (cost=0.43..8.45 rows=1 width=490)
	        Index Cond: (id = 4710995)

explain: for inserts :: explain INSERT INTO sbtest%u (id, k, c, pad) VALUES (%u, 13, 'foobar', 'foobar')
for: simple_ranges
table 1 : explain SELECT c FROM sbtest1 WHERE id BETWEEN 9058446 AND 9058545
	Index Scan using sbtest1_pkey on sbtest1  (cost=0.43..384.58 rows=100 width=121)
	  Index Cond: ((id >= 9058446) AND (id <= 9058545))

table 2 : explain SELECT c FROM sbtest2 WHERE id BETWEEN 7167685 AND 7167784
	Index Scan using sbtest2_pkey on sbtest2  (cost=0.43..356.51 rows=92 width=121)
	  Index Cond: ((id >= 7167685) AND (id <= 7167784))

table 3 : explain SELECT c FROM sbtest3 WHERE id BETWEEN 1858572 AND 1858671
	Index Scan using sbtest3_pkey on sbtest3  (cost=0.43..423.82 rows=110 width=121)
	  Index Cond: ((id >= 1858572) AND (id <= 1858671))

table 4 : explain SELECT c FROM sbtest4 WHERE id BETWEEN 2845487 AND 2845586
	Index Scan using sbtest4_pkey on sbtest4  (cost=0.43..402.81 rows=104 width=121)
	  Index Cond: ((id >= 2845487) AND (id <= 2845586))

table 5 : explain SELECT c FROM sbtest5 WHERE id BETWEEN 1844655 AND 1844754
	Index Scan using sbtest5_pkey on sbtest5  (cost=0.43..389.34 rows=100 width=121)
	  Index Cond: ((id >= 1844655) AND (id <= 1844754))

table 6 : explain SELECT c FROM sbtest6 WHERE id BETWEEN 7170235 AND 7170334
	Index Scan using sbtest6_pkey on sbtest6  (cost=0.43..364.24 rows=94 width=121)
	  Index Cond: ((id >= 7170235) AND (id <= 7170334))

table 7 : explain SELECT c FROM sbtest7 WHERE id BETWEEN 9033972 AND 9034071
	Index Scan using sbtest7_pkey on sbtest7  (cost=0.43..373.56 rows=97 width=121)
	  Index Cond: ((id >= 9033972) AND (id <= 9034071))

table 8 : explain SELECT c FROM sbtest8 WHERE id BETWEEN 358521 AND 358620
	Index Scan using sbtest8_pkey on sbtest8  (cost=0.43..425.92 rows=110 width=121)
	  Index Cond: ((id >= 358521) AND (id <= 358620))

explain: for inserts :: explain INSERT INTO sbtest%u (id, k, c, pad) VALUES (%u, 13, 'foobar', 'foobar')
for point_selects
table 1 : explain SELECT c FROM sbtest1 WHERE id=6640307
	Index Scan using sbtest1_pkey on sbtest1  (cost=0.43..8.45 rows=1 width=121)
	  Index Cond: (id = 6640307)

table 2 : explain SELECT c FROM sbtest2 WHERE id=6982051
	Index Scan using sbtest2_pkey on sbtest2  (cost=0.43..8.45 rows=1 width=121)
	  Index Cond: (id = 6982051)

table 3 : explain SELECT c FROM sbtest3 WHERE id=3225688
	Index Scan using sbtest3_pkey on sbtest3  (cost=0.43..8.45 rows=1 width=121)
	  Index Cond: (id = 3225688)

table 4 : explain SELECT c FROM sbtest4 WHERE id=5312372
	Index Scan using sbtest4_pkey on sbtest4  (cost=0.43..8.45 rows=1 width=121)
	  Index Cond: (id = 5312372)

table 5 : explain SELECT c FROM sbtest5 WHERE id=618220
	Index Scan using sbtest5_pkey on sbtest5  (cost=0.43..8.45 rows=1 width=121)
	  Index Cond: (id = 618220)

table 6 : explain SELECT c FROM sbtest6 WHERE id=9378431
	Index Scan using sbtest6_pkey on sbtest6  (cost=0.43..8.45 rows=1 width=121)
	  Index Cond: (id = 9378431)

table 7 : explain SELECT c FROM sbtest7 WHERE id=2224313
	Index Scan using sbtest7_pkey on sbtest7  (cost=0.43..8.45 rows=1 width=121)
	  Index Cond: (id = 2224313)

table 8 : explain SELECT c FROM sbtest8 WHERE id=9027128
	Index Scan using sbtest8_pkey on sbtest8  (cost=0.43..8.45 rows=1 width=121)
	  Index Cond: (id = 9027128)

for index_updates
table 1 : explain UPDATE sbtest1 SET k=k+1 WHERE id=9363852
	Update on sbtest1  (cost=0.43..8.46 rows=0 width=0)
	  ->  Index Scan using sbtest1_pkey on sbtest1  (cost=0.43..8.46 rows=1 width=10)
	        Index Cond: (id = 9363852)

table 2 : explain UPDATE sbtest2 SET k=k+1 WHERE id=8814525
	Update on sbtest2  (cost=0.43..8.46 rows=0 width=0)
	  ->  Index Scan using sbtest2_pkey on sbtest2  (cost=0.43..8.46 rows=1 width=10)
	        Index Cond: (id = 8814525)

table 3 : explain UPDATE sbtest3 SET k=k+1 WHERE id=5119084
	Update on sbtest3  (cost=0.43..8.46 rows=0 width=0)
	  ->  Index Scan using sbtest3_pkey on sbtest3  (cost=0.43..8.46 rows=1 width=10)
	        Index Cond: (id = 5119084)

table 4 : explain UPDATE sbtest4 SET k=k+1 WHERE id=6626495
	Update on sbtest4  (cost=0.43..8.46 rows=0 width=0)
	  ->  Index Scan using sbtest4_pkey on sbtest4  (cost=0.43..8.46 rows=1 width=10)
	        Index Cond: (id = 6626495)

table 5 : explain UPDATE sbtest5 SET k=k+1 WHERE id=8073893
	Update on sbtest5  (cost=0.43..8.46 rows=0 width=0)
	  ->  Index Scan using sbtest5_pkey on sbtest5  (cost=0.43..8.46 rows=1 width=10)
	        Index Cond: (id = 8073893)

table 6 : explain UPDATE sbtest6 SET k=k+1 WHERE id=8904074
	Update on sbtest6  (cost=0.43..8.46 rows=0 width=0)
	  ->  Index Scan using sbtest6_pkey on sbtest6  (cost=0.43..8.46 rows=1 width=10)
	        Index Cond: (id = 8904074)

table 7 : explain UPDATE sbtest7 SET k=k+1 WHERE id=9886638
	Update on sbtest7  (cost=0.43..8.46 rows=0 width=0)
	  ->  Index Scan using sbtest7_pkey on sbtest7  (cost=0.43..8.46 rows=1 width=10)
	        Index Cond: (id = 9886638)

table 8 : explain UPDATE sbtest8 SET k=k+1 WHERE id=1180099
	Update on sbtest8  (cost=0.43..8.46 rows=0 width=0)
	  ->  Index Scan using sbtest8_pkey on sbtest8  (cost=0.43..8.46 rows=1 width=10)
	        Index Cond: (id = 1180099)

for inserts
table 1 : explain INSERT INTO sbtest1 (id, k, c, pad) VALUES (6526261, 13, 'foobar', 'foobar')
	Insert on sbtest1  (cost=0.00..0.01 rows=0 width=0)
	  ->  Result  (cost=0.00..0.01 rows=1 width=736)

table 2 : explain INSERT INTO sbtest2 (id, k, c, pad) VALUES (8778058, 13, 'foobar', 'foobar')
	Insert on sbtest2  (cost=0.00..0.01 rows=0 width=0)
	  ->  Result  (cost=0.00..0.01 rows=1 width=736)

table 3 : explain INSERT INTO sbtest3 (id, k, c, pad) VALUES (6816302, 13, 'foobar', 'foobar')
	Insert on sbtest3  (cost=0.00..0.01 rows=0 width=0)
	  ->  Result  (cost=0.00..0.01 rows=1 width=736)

table 4 : explain INSERT INTO sbtest4 (id, k, c, pad) VALUES (7488505, 13, 'foobar', 'foobar')
	Insert on sbtest4  (cost=0.00..0.01 rows=0 width=0)
	  ->  Result  (cost=0.00..0.01 rows=1 width=736)

table 5 : explain INSERT INTO sbtest5 (id, k, c, pad) VALUES (4462954, 13, 'foobar', 'foobar')
	Insert on sbtest5  (cost=0.00..0.01 rows=0 width=0)
	  ->  Result  (cost=0.00..0.01 rows=1 width=736)

table 6 : explain INSERT INTO sbtest6 (id, k, c, pad) VALUES (4962468, 13, 'foobar', 'foobar')
	Insert on sbtest6  (cost=0.00..0.01 rows=0 width=0)
	  ->  Result  (cost=0.00..0.01 rows=1 width=736)

table 7 : explain INSERT INTO sbtest7 (id, k, c, pad) VALUES (2558190, 13, 'foobar', 'foobar')
	Insert on sbtest7  (cost=0.00..0.01 rows=0 width=0)
	  ->  Result  (cost=0.00..0.01 rows=1 width=736)

table 8 : explain INSERT INTO sbtest8 (id, k, c, pad) VALUES (8407427, 13, 'foobar', 'foobar')
	Insert on sbtest8  (cost=0.00..0.01 rows=0 width=0)
	  ->  Result  (cost=0.00..0.01 rows=1 width=736)

explain: for deletes :: explain DELETE FROM sbtest%u WHERE id=%u
explain: for non_index_updates :: explain UPDATE sbtest%u SET c='foobar' WHERE id=%u
for point_selects
table 1 : explain SELECT c FROM sbtest1 WHERE id=3682334
	Index Scan using sbtest1_pkey on sbtest1  (cost=0.43..8.45 rows=1 width=121)
	  Index Cond: (id = 3682334)

table 2 : explain SELECT c FROM sbtest2 WHERE id=4307995
	Index Scan using sbtest2_pkey on sbtest2  (cost=0.43..8.45 rows=1 width=121)
	  Index Cond: (id = 4307995)

table 3 : explain SELECT c FROM sbtest3 WHERE id=1732809
	Index Scan using sbtest3_pkey on sbtest3  (cost=0.43..8.45 rows=1 width=121)
	  Index Cond: (id = 1732809)

table 4 : explain SELECT c FROM sbtest4 WHERE id=6715832
	Index Scan using sbtest4_pkey on sbtest4  (cost=0.43..8.45 rows=1 width=121)
	  Index Cond: (id = 6715832)

table 5 : explain SELECT c FROM sbtest5 WHERE id=2465219
	Index Scan using sbtest5_pkey on sbtest5  (cost=0.43..8.45 rows=1 width=121)
	  Index Cond: (id = 2465219)

table 6 : explain SELECT c FROM sbtest6 WHERE id=2492527
	Index Scan using sbtest6_pkey on sbtest6  (cost=0.43..8.45 rows=1 width=121)
	  Index Cond: (id = 2492527)

table 7 : explain SELECT c FROM sbtest7 WHERE id=3130036
	Index Scan using sbtest7_pkey on sbtest7  (cost=0.43..8.45 rows=1 width=121)
	  Index Cond: (id = 3130036)

table 8 : explain SELECT c FROM sbtest8 WHERE id=5352486
	Index Scan using sbtest8_pkey on sbtest8  (cost=0.43..8.45 rows=1 width=121)
	  Index Cond: (id = 5352486)

for point_selects
table 1 : explain SELECT c FROM sbtest1 WHERE id=5581015
	Index Scan using sbtest1_pkey on sbtest1  (cost=0.43..8.45 rows=1 width=121)
	  Index Cond: (id = 5581015)

table 2 : explain SELECT c FROM sbtest2 WHERE id=2574371
	Index Scan using sbtest2_pkey on sbtest2  (cost=0.43..8.45 rows=1 width=121)
	  Index Cond: (id = 2574371)

table 3 : explain SELECT c FROM sbtest3 WHERE id=6654365
	Index Scan using sbtest3_pkey on sbtest3  (cost=0.43..8.45 rows=1 width=121)
	  Index Cond: (id = 6654365)

table 4 : explain SELECT c FROM sbtest4 WHERE id=8529021
	Index Scan using sbtest4_pkey on sbtest4  (cost=0.43..8.45 rows=1 width=121)
	  Index Cond: (id = 8529021)

table 5 : explain SELECT c FROM sbtest5 WHERE id=4153598
	Index Scan using sbtest5_pkey on sbtest5  (cost=0.43..8.45 rows=1 width=121)
	  Index Cond: (id = 4153598)

table 6 : explain SELECT c FROM sbtest6 WHERE id=9589741
	Index Scan using sbtest6_pkey on sbtest6  (cost=0.43..8.45 rows=1 width=121)
	  Index Cond: (id = 9589741)

table 7 : explain SELECT c FROM sbtest7 WHERE id=617494
	Index Scan using sbtest7_pkey on sbtest7  (cost=0.43..8.45 rows=1 width=121)
	  Index Cond: (id = 617494)

table 8 : explain SELECT c FROM sbtest8 WHERE id=3001957
	Index Scan using sbtest8_pkey on sbtest8  (cost=0.43..8.45 rows=1 width=121)
	  Index Cond: (id = 3001957)

explain: for non_index_updates :: explain UPDATE sbtest%u SET c='foobar' WHERE id=%u
for: distinct_ranges
table 1 : explain SELECT DISTINCT c FROM sbtest1 WHERE id BETWEEN 8639184 AND 8639283 ORDER BY c
	Unique  (cost=403.26..403.78 rows=104 width=121)
	  ->  Sort  (cost=403.26..403.52 rows=104 width=121)
	        Sort Key: c
	        ->  Index Scan using sbtest1_pkey on sbtest1  (cost=0.43..399.77 rows=104 width=121)
	              Index Cond: ((id >= 8639184) AND (id <= 8639283))

table 2 : explain SELECT DISTINCT c FROM sbtest2 WHERE id BETWEEN 9174389 AND 9174488 ORDER BY c
	Unique  (cost=359.51..359.97 rows=92 width=121)
	  ->  Sort  (cost=359.51..359.74 rows=92 width=121)
	        Sort Key: c
	        ->  Index Scan using sbtest2_pkey on sbtest2  (cost=0.43..356.51 rows=92 width=121)
	              Index Cond: ((id >= 9174389) AND (id <= 9174488))

table 3 : explain SELECT DISTINCT c FROM sbtest3 WHERE id BETWEEN 2467114 AND 2467213 ORDER BY c
	Unique  (cost=350.51..350.96 rows=90 width=121)
	  ->  Sort  (cost=350.51..350.73 rows=90 width=121)
	        Sort Key: c
	        ->  Index Scan using sbtest3_pkey on sbtest3  (cost=0.43..347.59 rows=90 width=121)
	              Index Cond: ((id >= 2467114) AND (id <= 2467213))

table 4 : explain SELECT DISTINCT c FROM sbtest4 WHERE id BETWEEN 2825502 AND 2825601 ORDER BY c
	Unique  (cost=406.29..406.81 rows=104 width=121)
	  ->  Sort  (cost=406.29..406.55 rows=104 width=121)
	        Sort Key: c
	        ->  Index Scan using sbtest4_pkey on sbtest4  (cost=0.43..402.81 rows=104 width=121)
	              Index Cond: ((id >= 2825502) AND (id <= 2825601))

table 5 : explain SELECT DISTINCT c FROM sbtest5 WHERE id BETWEEN 4189115 AND 4189214 ORDER BY c
	Unique  (cost=381.00..381.49 rows=97 width=121)
	  ->  Sort  (cost=381.00..381.24 rows=97 width=121)
	        Sort Key: c
	        ->  Index Scan using sbtest5_pkey on sbtest5  (cost=0.43..377.80 rows=97 width=121)
	              Index Cond: ((id >= 4189115) AND (id <= 4189214))

table 6 : explain SELECT DISTINCT c FROM sbtest6 WHERE id BETWEEN 5849799 AND 5849898 ORDER BY c
	Unique  (cost=375.10..375.58 rows=96 width=121)
	  ->  Sort  (cost=375.10..375.34 rows=96 width=121)
	        Sort Key: c
	        ->  Index Scan using sbtest6_pkey on sbtest6  (cost=0.43..371.94 rows=96 width=121)
	              Index Cond: ((id >= 5849799) AND (id <= 5849898))

table 7 : explain SELECT DISTINCT c FROM sbtest7 WHERE id BETWEEN 114655 AND 114754 ORDER BY c
	Unique  (cost=407.50..408.02 rows=105 width=121)
	  ->  Sort  (cost=407.50..407.76 rows=105 width=121)
	        Sort Key: c
	        ->  Index Scan using sbtest7_pkey on sbtest7  (cost=0.43..403.97 rows=105 width=121)
	              Index Cond: ((id >= 114655) AND (id <= 114754))

table 8 : explain SELECT DISTINCT c FROM sbtest8 WHERE id BETWEEN 4210060 AND 4210159 ORDER BY c
	Unique  (cost=410.31..410.83 rows=105 width=121)
	  ->  Sort  (cost=410.31..410.57 rows=105 width=121)
	        Sort Key: c
	        ->  Index Scan using sbtest8_pkey on sbtest8  (cost=0.43..406.78 rows=105 width=121)
	              Index Cond: ((id >= 4210060) AND (id <= 4210159))

for inserts
table 1 : explain INSERT INTO sbtest1 (id, k, c, pad) VALUES (6132851, 13, 'foobar', 'foobar')
	Insert on sbtest1  (cost=0.00..0.01 rows=0 width=0)
	  ->  Result  (cost=0.00..0.01 rows=1 width=736)

table 2 : explain INSERT INTO sbtest2 (id, k, c, pad) VALUES (59893, 13, 'foobar', 'foobar')
	Insert on sbtest2  (cost=0.00..0.01 rows=0 width=0)
	  ->  Result  (cost=0.00..0.01 rows=1 width=736)

table 3 : explain INSERT INTO sbtest3 (id, k, c, pad) VALUES (8397126, 13, 'foobar', 'foobar')
	Insert on sbtest3  (cost=0.00..0.01 rows=0 width=0)
	  ->  Result  (cost=0.00..0.01 rows=1 width=736)

table 4 : explain INSERT INTO sbtest4 (id, k, c, pad) VALUES (9801597, 13, 'foobar', 'foobar')
	Insert on sbtest4  (cost=0.00..0.01 rows=0 width=0)
	  ->  Result  (cost=0.00..0.01 rows=1 width=736)

table 5 : explain INSERT INTO sbtest5 (id, k, c, pad) VALUES (493581, 13, 'foobar', 'foobar')
	Insert on sbtest5  (cost=0.00..0.01 rows=0 width=0)
	  ->  Result  (cost=0.00..0.01 rows=1 width=736)

table 6 : explain INSERT INTO sbtest6 (id, k, c, pad) VALUES (9136244, 13, 'foobar', 'foobar')
	Insert on sbtest6  (cost=0.00..0.01 rows=0 width=0)
	  ->  Result  (cost=0.00..0.01 rows=1 width=736)

table 7 : explain INSERT INTO sbtest7 (id, k, c, pad) VALUES (7605454, 13, 'foobar', 'foobar')
	Insert on sbtest7  (cost=0.00..0.01 rows=0 width=0)
	  ->  Result  (cost=0.00..0.01 rows=1 width=736)

table 8 : explain INSERT INTO sbtest8 (id, k, c, pad) VALUES (4327436, 13, 'foobar', 'foobar')
	Insert on sbtest8  (cost=0.00..0.01 rows=0 width=0)
	  ->  Result  (cost=0.00..0.01 rows=1 width=736)

for inserts
table 1 : explain INSERT INTO sbtest1 (id, k, c, pad) VALUES (1376200, 13, 'foobar', 'foobar')
	Insert on sbtest1  (cost=0.00..0.01 rows=0 width=0)
	  ->  Result  (cost=0.00..0.01 rows=1 width=736)

table 2 : explain INSERT INTO sbtest2 (id, k, c, pad) VALUES (469527, 13, 'foobar', 'foobar')
	Insert on sbtest2  (cost=0.00..0.01 rows=0 width=0)
	  ->  Result  (cost=0.00..0.01 rows=1 width=736)

table 3 : explain INSERT INTO sbtest3 (id, k, c, pad) VALUES (1337667, 13, 'foobar', 'foobar')
	Insert on sbtest3  (cost=0.00..0.01 rows=0 width=0)
	  ->  Result  (cost=0.00..0.01 rows=1 width=736)

table 4 : explain INSERT INTO sbtest4 (id, k, c, pad) VALUES (9474523, 13, 'foobar', 'foobar')
	Insert on sbtest4  (cost=0.00..0.01 rows=0 width=0)
	  ->  Result  (cost=0.00..0.01 rows=1 width=736)

table 5 : explain INSERT INTO sbtest5 (id, k, c, pad) VALUES (3697216, 13, 'foobar', 'foobar')
	Insert on sbtest5  (cost=0.00..0.01 rows=0 width=0)
	  ->  Result  (cost=0.00..0.01 rows=1 width=736)

table 6 : explain INSERT INTO sbtest6 (id, k, c, pad) VALUES (5005325, 13, 'foobar', 'foobar')
	Insert on sbtest6  (cost=0.00..0.01 rows=0 width=0)
	  ->  Result  (cost=0.00..0.01 rows=1 width=736)

table 7 : explain INSERT INTO sbtest7 (id, k, c, pad) VALUES (5400862, 13, 'foobar', 'foobar')
	Insert on sbtest7  (cost=0.00..0.01 rows=0 width=0)
	  ->  Result  (cost=0.00..0.01 rows=1 width=736)

table 8 : explain INSERT INTO sbtest8 (id, k, c, pad) VALUES (6194777, 13, 'foobar', 'foobar')
	Insert on sbtest8  (cost=0.00..0.01 rows=0 width=0)
	  ->  Result  (cost=0.00..0.01 rows=1 width=736)

for: sum_ranges
table 1 : explain SELECT SUM(k) FROM sbtest1 WHERE id BETWEEN 8304095 AND 8304194
	Aggregate  (cost=365.78..365.79 rows=1 width=8)
	  ->  Index Scan using sbtest1_pkey on sbtest1  (cost=0.43..365.54 rows=95 width=4)
	        Index Cond: ((id >= 8304095) AND (id <= 8304194))

table 2 : explain SELECT SUM(k) FROM sbtest2 WHERE id BETWEEN 6792241 AND 6792340
	Aggregate  (cost=368.21..368.22 rows=1 width=8)
	  ->  Index Scan using sbtest2_pkey on sbtest2  (cost=0.43..367.98 rows=95 width=4)
	        Index Cond: ((id >= 6792241) AND (id <= 6792340))

table 3 : explain SELECT SUM(k) FROM sbtest3 WHERE id BETWEEN 3051985 AND 3052084
	Aggregate  (cost=393.61..393.62 rows=1 width=8)
	  ->  Index Scan using sbtest3_pkey on sbtest3  (cost=0.43..393.35 rows=102 width=4)
	        Index Cond: ((id >= 3051985) AND (id <= 3052084))

table 4 : explain SELECT SUM(k) FROM sbtest4 WHERE id BETWEEN 2530984 AND 2531083
	Aggregate  (cost=456.69..456.70 rows=1 width=8)
	  ->  Index Scan using sbtest4_pkey on sbtest4  (cost=0.43..456.39 rows=118 width=4)
	        Index Cond: ((id >= 2530984) AND (id <= 2531083))

table 5 : explain SELECT SUM(k) FROM sbtest5 WHERE id BETWEEN 6761138 AND 6761237
	Aggregate  (cost=412.68..412.69 rows=1 width=8)
	  ->  Index Scan using sbtest5_pkey on sbtest5  (cost=0.43..412.41 rows=106 width=4)
	        Index Cond: ((id >= 6761138) AND (id <= 6761237))

table 6 : explain SELECT SUM(k) FROM sbtest6 WHERE id BETWEEN 4677310 AND 4677409
	Aggregate  (cost=368.35..368.36 rows=1 width=8)
	  ->  Index Scan using sbtest6_pkey on sbtest6  (cost=0.43..368.11 rows=95 width=4)
	        Index Cond: ((id >= 4677310) AND (id <= 4677409))

table 7 : explain SELECT SUM(k) FROM sbtest7 WHERE id BETWEEN 9855039 AND 9855138
	Aggregate  (cost=373.80..373.81 rows=1 width=8)
	  ->  Index Scan using sbtest7_pkey on sbtest7  (cost=0.43..373.56 rows=97 width=4)
	        Index Cond: ((id >= 9855039) AND (id <= 9855138))

table 8 : explain SELECT SUM(k) FROM sbtest8 WHERE id BETWEEN 3424728 AND 3424827
	Aggregate  (cost=414.71..414.72 rows=1 width=8)
	  ->  Index Scan using sbtest8_pkey on sbtest8  (cost=0.43..414.44 rows=107 width=4)
	        Index Cond: ((id >= 3424728) AND (id <= 3424827))

explain: for point_selects :: explain SELECT c FROM sbtest%u WHERE id=%u
for point_selects
table 1 : explain SELECT c FROM sbtest1 WHERE id=2809857
	Index Scan using sbtest1_pkey on sbtest1  (cost=0.43..8.45 rows=1 width=121)
	  Index Cond: (id = 2809857)

table 2 : explain SELECT c FROM sbtest2 WHERE id=4338038
	Index Scan using sbtest2_pkey on sbtest2  (cost=0.43..8.45 rows=1 width=121)
	  Index Cond: (id = 4338038)

table 3 : explain SELECT c FROM sbtest3 WHERE id=2444092
	Index Scan using sbtest3_pkey on sbtest3  (cost=0.43..8.45 rows=1 width=121)
	  Index Cond: (id = 2444092)

table 4 : explain SELECT c FROM sbtest4 WHERE id=2107330
	Index Scan using sbtest4_pkey on sbtest4  (cost=0.43..8.45 rows=1 width=121)
	  Index Cond: (id = 2107330)

table 5 : explain SELECT c FROM sbtest5 WHERE id=8330563
	Index Scan using sbtest5_pkey on sbtest5  (cost=0.43..8.45 rows=1 width=121)
	  Index Cond: (id = 8330563)

table 6 : explain SELECT c FROM sbtest6 WHERE id=1515398
	Index Scan using sbtest6_pkey on sbtest6  (cost=0.43..8.45 rows=1 width=121)
	  Index Cond: (id = 1515398)

table 7 : explain SELECT c FROM sbtest7 WHERE id=5697441
	Index Scan using sbtest7_pkey on sbtest7  (cost=0.43..8.45 rows=1 width=121)
	  Index Cond: (id = 5697441)

table 8 : explain SELECT c FROM sbtest8 WHERE id=5233022
	Index Scan using sbtest8_pkey on sbtest8  (cost=0.43..8.45 rows=1 width=121)
	  Index Cond: (id = 5233022)

explain: for index_updates :: explain UPDATE sbtest%u SET k=k+1 WHERE id=%u
for non_index_updates
table 1 : explain UPDATE sbtest1 SET c='foobar' WHERE id=1039859
	Update on sbtest1  (cost=0.43..8.45 rows=0 width=0)
	  ->  Index Scan using sbtest1_pkey on sbtest1  (cost=0.43..8.45 rows=1 width=490)
	        Index Cond: (id = 1039859)

table 2 : explain UPDATE sbtest2 SET c='foobar' WHERE id=19335
	Update on sbtest2  (cost=0.43..8.45 rows=0 width=0)
	  ->  Index Scan using sbtest2_pkey on sbtest2  (cost=0.43..8.45 rows=1 width=490)
	        Index Cond: (id = 19335)

table 3 : explain UPDATE sbtest3 SET c='foobar' WHERE id=7433407
	Update on sbtest3  (cost=0.43..8.45 rows=0 width=0)
	  ->  Index Scan using sbtest3_pkey on sbtest3  (cost=0.43..8.45 rows=1 width=490)
	        Index Cond: (id = 7433407)

table 4 : explain UPDATE sbtest4 SET c='foobar' WHERE id=746790
	Update on sbtest4  (cost=0.43..8.45 rows=0 width=0)
	  ->  Index Scan using sbtest4_pkey on sbtest4  (cost=0.43..8.45 rows=1 width=490)
	        Index Cond: (id = 746790)

table 5 : explain UPDATE sbtest5 SET c='foobar' WHERE id=7697197
	Update on sbtest5  (cost=0.43..8.45 rows=0 width=0)
	  ->  Index Scan using sbtest5_pkey on sbtest5  (cost=0.43..8.45 rows=1 width=490)
	        Index Cond: (id = 7697197)

table 6 : explain UPDATE sbtest6 SET c='foobar' WHERE id=2741388
	Update on sbtest6  (cost=0.43..8.45 rows=0 width=0)
	  ->  Index Scan using sbtest6_pkey on sbtest6  (cost=0.43..8.45 rows=1 width=490)
	        Index Cond: (id = 2741388)

table 7 : explain UPDATE sbtest7 SET c='foobar' WHERE id=8872479
	Update on sbtest7  (cost=0.43..8.45 rows=0 width=0)
	  ->  Index Scan using sbtest7_pkey on sbtest7  (cost=0.43..8.45 rows=1 width=490)
	        Index Cond: (id = 8872479)

table 8 : explain UPDATE sbtest8 SET c='foobar' WHERE id=444324
	Update on sbtest8  (cost=0.43..8.45 rows=0 width=0)
	  ->  Index Scan using sbtest8_pkey on sbtest8  (cost=0.43..8.45 rows=1 width=490)
	        Index Cond: (id = 444324)

for: simple_ranges
table 1 : explain SELECT c FROM sbtest1 WHERE id BETWEEN 2091600 AND 2091699
	Index Scan using sbtest1_pkey on sbtest1  (cost=0.43..384.58 rows=100 width=121)
	  Index Cond: ((id >= 2091600) AND (id <= 2091699))

table 2 : explain SELECT c FROM sbtest2 WHERE id BETWEEN 1044121 AND 1044220
	Index Scan using sbtest2_pkey on sbtest2  (cost=0.43..459.79 rows=119 width=121)
	  Index Cond: ((id >= 1044121) AND (id <= 1044220))

table 3 : explain SELECT c FROM sbtest3 WHERE id BETWEEN 1350986 AND 1351085
	Index Scan using sbtest3_pkey on sbtest3  (cost=0.43..404.78 rows=105 width=121)
	  Index Cond: ((id >= 1350986) AND (id <= 1351085))

table 4 : explain SELECT c FROM sbtest4 WHERE id BETWEEN 4573278 AND 4573377
	Index Scan using sbtest4_pkey on sbtest4  (cost=0.43..372.19 rows=96 width=121)
	  Index Cond: ((id >= 4573278) AND (id <= 4573377))

table 5 : explain SELECT c FROM sbtest5 WHERE id BETWEEN 4308676 AND 4308775
	Index Scan using sbtest5_pkey on sbtest5  (cost=0.43..389.34 rows=100 width=121)
	  Index Cond: ((id >= 4308676) AND (id <= 4308775))

table 6 : explain SELECT c FROM sbtest6 WHERE id BETWEEN 8810865 AND 8810964
	Index Scan using sbtest6_pkey on sbtest6  (cost=0.43..375.76 rows=97 width=121)
	  Index Cond: ((id >= 8810865) AND (id <= 8810964))

table 7 : explain SELECT c FROM sbtest7 WHERE id BETWEEN 402381 AND 402480
	Index Scan using sbtest7_pkey on sbtest7  (cost=0.43..369.76 rows=96 width=121)
	  Index Cond: ((id >= 402381) AND (id <= 402480))

table 8 : explain SELECT c FROM sbtest8 WHERE id BETWEEN 3821960 AND 3822059
	Index Scan using sbtest8_pkey on sbtest8  (cost=0.43..418.27 rows=108 width=121)
	  Index Cond: ((id >= 3821960) AND (id <= 3822059))

for: sum_ranges
table 1 : explain SELECT SUM(k) FROM sbtest1 WHERE id BETWEEN 8681305 AND 8681404
	Aggregate  (cost=400.03..400.04 rows=1 width=8)
	  ->  Index Scan using sbtest1_pkey on sbtest1  (cost=0.43..399.77 rows=104 width=4)
	        Index Cond: ((id >= 8681305) AND (id <= 8681404))

table 2 : explain SELECT SUM(k) FROM sbtest2 WHERE id BETWEEN 2512229 AND 2512328
	Aggregate  (cost=414.18..414.19 rows=1 width=8)
	  ->  Index Scan using sbtest2_pkey on sbtest2  (cost=0.43..413.91 rows=107 width=4)
	        Index Cond: ((id >= 2512229) AND (id <= 2512328))

table 3 : explain SELECT SUM(k) FROM sbtest3 WHERE id BETWEEN 7799695 AND 7799794
	Aggregate  (cost=397.42..397.43 rows=1 width=8)
	  ->  Index Scan using sbtest3_pkey on sbtest3  (cost=0.43..397.16 rows=103 width=4)
	        Index Cond: ((id >= 7799695) AND (id <= 7799794))

table 4 : explain SELECT SUM(k) FROM sbtest4 WHERE id BETWEEN 2572884 AND 2572983
	Aggregate  (cost=456.69..456.70 rows=1 width=8)
	  ->  Index Scan using sbtest4_pkey on sbtest4  (cost=0.43..456.39 rows=118 width=4)
	        Index Cond: ((id >= 2572884) AND (id <= 2572983))

table 5 : explain SELECT SUM(k) FROM sbtest5 WHERE id BETWEEN 5985182 AND 5985281
	Aggregate  (cost=397.28..397.29 rows=1 width=8)
	  ->  Index Scan using sbtest5_pkey on sbtest5  (cost=0.43..397.03 rows=102 width=4)
	        Index Cond: ((id >= 5985182) AND (id <= 5985281))

table 6 : explain SELECT SUM(k) FROM sbtest6 WHERE id BETWEEN 445917 AND 446016
	Aggregate  (cost=398.97..398.98 rows=1 width=8)
	  ->  Index Scan using sbtest6_pkey on sbtest6  (cost=0.43..398.71 rows=103 width=4)
	        Index Cond: ((id >= 445917) AND (id <= 446016))

table 7 : explain SELECT SUM(k) FROM sbtest7 WHERE id BETWEEN 6482690 AND 6482789
	Aggregate  (cost=381.41..381.42 rows=1 width=8)
	  ->  Index Scan using sbtest7_pkey on sbtest7  (cost=0.43..381.16 rows=99 width=4)
	        Index Cond: ((id >= 6482690) AND (id <= 6482789))

table 8 : explain SELECT SUM(k) FROM sbtest8 WHERE id BETWEEN 5326035 AND 5326134
	Aggregate  (cost=399.38..399.39 rows=1 width=8)
	  ->  Index Scan using sbtest8_pkey on sbtest8  (cost=0.43..399.12 rows=103 width=4)
	        Index Cond: ((id >= 5326035) AND (id <= 5326134))

for deletes
table 1 : explain DELETE FROM sbtest1 WHERE id=3250267
	Delete on sbtest1  (cost=0.43..8.45 rows=0 width=0)
	  ->  Index Scan using sbtest1_pkey on sbtest1  (cost=0.43..8.45 rows=1 width=6)
	        Index Cond: (id = 3250267)

table 2 : explain DELETE FROM sbtest2 WHERE id=5397492
	Delete on sbtest2  (cost=0.43..8.45 rows=0 width=0)
	  ->  Index Scan using sbtest2_pkey on sbtest2  (cost=0.43..8.45 rows=1 width=6)
	        Index Cond: (id = 5397492)

table 3 : explain DELETE FROM sbtest3 WHERE id=2631388
	Delete on sbtest3  (cost=0.43..8.45 rows=0 width=0)
	  ->  Index Scan using sbtest3_pkey on sbtest3  (cost=0.43..8.45 rows=1 width=6)
	        Index Cond: (id = 2631388)

table 4 : explain DELETE FROM sbtest4 WHERE id=3641937
	Delete on sbtest4  (cost=0.43..8.45 rows=0 width=0)
	  ->  Index Scan using sbtest4_pkey on sbtest4  (cost=0.43..8.45 rows=1 width=6)
	        Index Cond: (id = 3641937)

table 5 : explain DELETE FROM sbtest5 WHERE id=6016927
	Delete on sbtest5  (cost=0.43..8.45 rows=0 width=0)
	  ->  Index Scan using sbtest5_pkey on sbtest5  (cost=0.43..8.45 rows=1 width=6)
	        Index Cond: (id = 6016927)

table 6 : explain DELETE FROM sbtest6 WHERE id=7712506
	Delete on sbtest6  (cost=0.43..8.45 rows=0 width=0)
	  ->  Index Scan using sbtest6_pkey on sbtest6  (cost=0.43..8.45 rows=1 width=6)
	        Index Cond: (id = 7712506)

table 7 : explain DELETE FROM sbtest7 WHERE id=6325894
	Delete on sbtest7  (cost=0.43..8.45 rows=0 width=0)
	  ->  Index Scan using sbtest7_pkey on sbtest7  (cost=0.43..8.45 rows=1 width=6)
	        Index Cond: (id = 6325894)

table 8 : explain DELETE FROM sbtest8 WHERE id=3475405
	Delete on sbtest8  (cost=0.43..8.45 rows=0 width=0)
	  ->  Index Scan using sbtest8_pkey on sbtest8  (cost=0.43..8.45 rows=1 width=6)
	        Index Cond: (id = 3475405)

for point_selects
table 1 : explain SELECT c FROM sbtest1 WHERE id=112855
	Index Scan using sbtest1_pkey on sbtest1  (cost=0.43..8.45 rows=1 width=121)
	  Index Cond: (id = 112855)

table 2 : explain SELECT c FROM sbtest2 WHERE id=9179448
	Index Scan using sbtest2_pkey on sbtest2  (cost=0.43..8.45 rows=1 width=121)
	  Index Cond: (id = 9179448)

table 3 : explain SELECT c FROM sbtest3 WHERE id=8925725
	Index Scan using sbtest3_pkey on sbtest3  (cost=0.43..8.45 rows=1 width=121)
	  Index Cond: (id = 8925725)

table 4 : explain SELECT c FROM sbtest4 WHERE id=3152708
	Index Scan using sbtest4_pkey on sbtest4  (cost=0.43..8.45 rows=1 width=121)
	  Index Cond: (id = 3152708)

table 5 : explain SELECT c FROM sbtest5 WHERE id=152810
	Index Scan using sbtest5_pkey on sbtest5  (cost=0.43..8.45 rows=1 width=121)
	  Index Cond: (id = 152810)

table 6 : explain SELECT c FROM sbtest6 WHERE id=8217885
	Index Scan using sbtest6_pkey on sbtest6  (cost=0.43..8.45 rows=1 width=121)
	  Index Cond: (id = 8217885)

table 7 : explain SELECT c FROM sbtest7 WHERE id=7663504
	Index Scan using sbtest7_pkey on sbtest7  (cost=0.43..8.45 rows=1 width=121)
	  Index Cond: (id = 7663504)

table 8 : explain SELECT c FROM sbtest8 WHERE id=5804747
	Index Scan using sbtest8_pkey on sbtest8  (cost=0.43..8.45 rows=1 width=121)
	  Index Cond: (id = 5804747)

explain: for deletes :: explain DELETE FROM sbtest%u WHERE id=%u
for non_index_updates
table 1 : explain UPDATE sbtest1 SET c='foobar' WHERE id=5688384
	Update on sbtest1  (cost=0.43..8.45 rows=0 width=0)
	  ->  Index Scan using sbtest1_pkey on sbtest1  (cost=0.43..8.45 rows=1 width=490)
	        Index Cond: (id = 5688384)

table 2 : explain UPDATE sbtest2 SET c='foobar' WHERE id=7399191
	Update on sbtest2  (cost=0.43..8.45 rows=0 width=0)
	  ->  Index Scan using sbtest2_pkey on sbtest2  (cost=0.43..8.45 rows=1 width=490)
	        Index Cond: (id = 7399191)

table 3 : explain UPDATE sbtest3 SET c='foobar' WHERE id=6394721
	Update on sbtest3  (cost=0.43..8.45 rows=0 width=0)
	  ->  Index Scan using sbtest3_pkey on sbtest3  (cost=0.43..8.45 rows=1 width=490)
	        Index Cond: (id = 6394721)

table 4 : explain UPDATE sbtest4 SET c='foobar' WHERE id=9699423
	Update on sbtest4  (cost=0.43..8.45 rows=0 width=0)
	  ->  Index Scan using sbtest4_pkey on sbtest4  (cost=0.43..8.45 rows=1 width=490)
	        Index Cond: (id = 9699423)

table 5 : explain UPDATE sbtest5 SET c='foobar' WHERE id=2452259
	Update on sbtest5  (cost=0.43..8.45 rows=0 width=0)
	  ->  Index Scan using sbtest5_pkey on sbtest5  (cost=0.43..8.45 rows=1 width=490)
	        Index Cond: (id = 2452259)

table 6 : explain UPDATE sbtest6 SET c='foobar' WHERE id=6847344
	Update on sbtest6  (cost=0.43..8.45 rows=0 width=0)
	  ->  Index Scan using sbtest6_pkey on sbtest6  (cost=0.43..8.45 rows=1 width=490)
	        Index Cond: (id = 6847344)

table 7 : explain UPDATE sbtest7 SET c='foobar' WHERE id=9343074
	Update on sbtest7  (cost=0.43..8.45 rows=0 width=0)
	  ->  Index Scan using sbtest7_pkey on sbtest7  (cost=0.43..8.45 rows=1 width=490)
	        Index Cond: (id = 9343074)

table 8 : explain UPDATE sbtest8 SET c='foobar' WHERE id=8272735
	Update on sbtest8  (cost=0.43..8.45 rows=0 width=0)
	  ->  Index Scan using sbtest8_pkey on sbtest8  (cost=0.43..8.45 rows=1 width=490)
	        Index Cond: (id = 8272735)

for: simple_ranges
table 1 : explain SELECT c FROM sbtest1 WHERE id BETWEEN 6190401 AND 6190500
	Index Scan using sbtest1_pkey on sbtest1  (cost=0.43..376.99 rows=98 width=121)
	  Index Cond: ((id >= 6190401) AND (id <= 6190500))

table 2 : explain SELECT c FROM sbtest2 WHERE id BETWEEN 8300377 AND 8300476
	Index Scan using sbtest2_pkey on sbtest2  (cost=0.43..387.14 rows=100 width=121)
	  Index Cond: ((id >= 8300377) AND (id <= 8300476))

table 3 : explain SELECT c FROM sbtest3 WHERE id BETWEEN 402581 AND 402680
	Index Scan using sbtest3_pkey on sbtest3  (cost=0.43..378.11 rows=98 width=121)
	  Index Cond: ((id >= 402581) AND (id <= 402680))

table 4 : explain SELECT c FROM sbtest4 WHERE id BETWEEN 708413 AND 708512
	Index Scan using sbtest4_pkey on sbtest4  (cost=0.43..353.01 rows=91 width=121)
	  Index Cond: ((id >= 708413) AND (id <= 708512))

table 5 : explain SELECT c FROM sbtest5 WHERE id BETWEEN 5779932 AND 5780031
	Index Scan using sbtest5_pkey on sbtest5  (cost=0.43..381.65 rows=98 width=121)
	  Index Cond: ((id >= 5779932) AND (id <= 5780031))

table 6 : explain SELECT c FROM sbtest6 WHERE id BETWEEN 7234978 AND 7235077
	Index Scan using sbtest6_pkey on sbtest6  (cost=0.43..379.59 rows=98 width=121)
	  Index Cond: ((id >= 7234978) AND (id <= 7235077))

table 7 : explain SELECT c FROM sbtest7 WHERE id BETWEEN 5104623 AND 5104722
	Index Scan using sbtest7_pkey on sbtest7  (cost=0.43..400.17 rows=104 width=121)
	  Index Cond: ((id >= 5104623) AND (id <= 5104722))

table 8 : explain SELECT c FROM sbtest8 WHERE id BETWEEN 991156 AND 991255
	Index Scan using sbtest8_pkey on sbtest8  (cost=0.43..406.78 rows=105 width=121)
	  Index Cond: ((id >= 991156) AND (id <= 991255))

for index_updates
table 1 : explain UPDATE sbtest1 SET k=k+1 WHERE id=4313426
	Update on sbtest1  (cost=0.43..8.46 rows=0 width=0)
	  ->  Index Scan using sbtest1_pkey on sbtest1  (cost=0.43..8.46 rows=1 width=10)
	        Index Cond: (id = 4313426)

table 2 : explain UPDATE sbtest2 SET k=k+1 WHERE id=3264346
	Update on sbtest2  (cost=0.43..8.46 rows=0 width=0)
	  ->  Index Scan using sbtest2_pkey on sbtest2  (cost=0.43..8.46 rows=1 width=10)
	        Index Cond: (id = 3264346)

table 3 : explain UPDATE sbtest3 SET k=k+1 WHERE id=4317840
	Update on sbtest3  (cost=0.43..8.46 rows=0 width=0)
	  ->  Index Scan using sbtest3_pkey on sbtest3  (cost=0.43..8.46 rows=1 width=10)
	        Index Cond: (id = 4317840)

table 4 : explain UPDATE sbtest4 SET k=k+1 WHERE id=1722048
	Update on sbtest4  (cost=0.43..8.46 rows=0 width=0)
	  ->  Index Scan using sbtest4_pkey on sbtest4  (cost=0.43..8.46 rows=1 width=10)
	        Index Cond: (id = 1722048)

table 5 : explain UPDATE sbtest5 SET k=k+1 WHERE id=9064195
	Update on sbtest5  (cost=0.43..8.46 rows=0 width=0)
	  ->  Index Scan using sbtest5_pkey on sbtest5  (cost=0.43..8.46 rows=1 width=10)
	        Index Cond: (id = 9064195)

table 6 : explain UPDATE sbtest6 SET k=k+1 WHERE id=7127281
	Update on sbtest6  (cost=0.43..8.46 rows=0 width=0)
	  ->  Index Scan using sbtest6_pkey on sbtest6  (cost=0.43..8.46 rows=1 width=10)
	        Index Cond: (id = 7127281)

table 7 : explain UPDATE sbtest7 SET k=k+1 WHERE id=1117363
	Update on sbtest7  (cost=0.43..8.46 rows=0 width=0)
	  ->  Index Scan using sbtest7_pkey on sbtest7  (cost=0.43..8.46 rows=1 width=10)
	        Index Cond: (id = 1117363)

table 8 : explain UPDATE sbtest8 SET k=k+1 WHERE id=9382905
	Update on sbtest8  (cost=0.43..8.46 rows=0 width=0)
	  ->  Index Scan using sbtest8_pkey on sbtest8  (cost=0.43..8.46 rows=1 width=10)
	        Index Cond: (id = 9382905)

for: simple_ranges
table 1 : explain SELECT c FROM sbtest1 WHERE id BETWEEN 9883638 AND 9883737
	Index Scan using sbtest1_pkey on sbtest1  (cost=0.43..373.19 rows=97 width=121)
	  Index Cond: ((id >= 9883638) AND (id <= 9883737))

table 2 : explain SELECT c FROM sbtest2 WHERE id BETWEEN 8088756 AND 8088855
	Index Scan using sbtest2_pkey on sbtest2  (cost=0.43..383.32 rows=99 width=121)
	  Index Cond: ((id >= 8088756) AND (id <= 8088855))

table 3 : explain SELECT c FROM sbtest3 WHERE id BETWEEN 4673435 AND 4673534
	Index Scan using sbtest3_pkey on sbtest3  (cost=0.43..385.73 rows=100 width=121)
	  Index Cond: ((id >= 4673435) AND (id <= 4673534))

table 4 : explain SELECT c FROM sbtest4 WHERE id BETWEEN 1094768 AND 1094867
	Index Scan using sbtest4_pkey on sbtest4  (cost=0.43..383.67 rows=99 width=121)
	  Index Cond: ((id >= 1094768) AND (id <= 1094867))

table 5 : explain SELECT c FROM sbtest5 WHERE id BETWEEN 6601348 AND 6601447
	Index Scan using sbtest5_pkey on sbtest5  (cost=0.43..385.49 rows=99 width=121)
	  Index Cond: ((id >= 6601348) AND (id <= 6601447))

table 6 : explain SELECT c FROM sbtest6 WHERE id BETWEEN 9506001 AND 9506100
	Index Scan using sbtest6_pkey on sbtest6  (cost=0.43..436.96 rows=113 width=121)
	  Index Cond: ((id >= 9506001) AND (id <= 9506100))

table 7 : explain SELECT c FROM sbtest7 WHERE id BETWEEN 6948141 AND 6948240
	Index Scan using sbtest7_pkey on sbtest7  (cost=0.43..362.16 rows=94 width=121)
	  Index Cond: ((id >= 6948141) AND (id <= 6948240))

table 8 : explain SELECT c FROM sbtest8 WHERE id BETWEEN 7147714 AND 7147813
	Index Scan using sbtest8_pkey on sbtest8  (cost=0.43..333.99 rows=86 width=121)
	  Index Cond: ((id >= 7147714) AND (id <= 7147813))

for deletes
table 1 : explain DELETE FROM sbtest1 WHERE id=5130206
	Delete on sbtest1  (cost=0.43..8.45 rows=0 width=0)
	  ->  Index Scan using sbtest1_pkey on sbtest1  (cost=0.43..8.45 rows=1 width=6)
	        Index Cond: (id = 5130206)

table 2 : explain DELETE FROM sbtest2 WHERE id=1568028
	Delete on sbtest2  (cost=0.43..8.45 rows=0 width=0)
	  ->  Index Scan using sbtest2_pkey on sbtest2  (cost=0.43..8.45 rows=1 width=6)
	        Index Cond: (id = 1568028)

table 3 : explain DELETE FROM sbtest3 WHERE id=3159325
	Delete on sbtest3  (cost=0.43..8.45 rows=0 width=0)
	  ->  Index Scan using sbtest3_pkey on sbtest3  (cost=0.43..8.45 rows=1 width=6)
	        Index Cond: (id = 3159325)

table 4 : explain DELETE FROM sbtest4 WHERE id=196500
	Delete on sbtest4  (cost=0.43..8.45 rows=0 width=0)
	  ->  Index Scan using sbtest4_pkey on sbtest4  (cost=0.43..8.45 rows=1 width=6)
	        Index Cond: (id = 196500)

table 5 : explain DELETE FROM sbtest5 WHERE id=6469523
	Delete on sbtest5  (cost=0.43..8.45 rows=0 width=0)
	  ->  Index Scan using sbtest5_pkey on sbtest5  (cost=0.43..8.45 rows=1 width=6)
	        Index Cond: (id = 6469523)

table 6 : explain DELETE FROM sbtest6 WHERE id=6408160
	Delete on sbtest6  (cost=0.43..8.45 rows=0 width=0)
	  ->  Index Scan using sbtest6_pkey on sbtest6  (cost=0.43..8.45 rows=1 width=6)
	        Index Cond: (id = 6408160)

table 7 : explain DELETE FROM sbtest7 WHERE id=1958821
	Delete on sbtest7  (cost=0.43..8.45 rows=0 width=0)
	  ->  Index Scan using sbtest7_pkey on sbtest7  (cost=0.43..8.45 rows=1 width=6)
	        Index Cond: (id = 1958821)

table 8 : explain DELETE FROM sbtest8 WHERE id=9470107
	Delete on sbtest8  (cost=0.43..8.45 rows=0 width=0)
	  ->  Index Scan using sbtest8_pkey on sbtest8  (cost=0.43..8.45 rows=1 width=6)
	        Index Cond: (id = 9470107)

for: sum_ranges
table 1 : explain SELECT SUM(k) FROM sbtest1 WHERE id BETWEEN 127100 AND 127199
	Aggregate  (cost=384.83..384.84 rows=1 width=8)
	  ->  Index Scan using sbtest1_pkey on sbtest1  (cost=0.43..384.58 rows=100 width=4)
	        Index Cond: ((id >= 127100) AND (id <= 127199))

table 2 : explain SELECT SUM(k) FROM sbtest2 WHERE id BETWEEN 1446483 AND 1446582
	Aggregate  (cost=387.39..387.40 rows=1 width=8)
	  ->  Index Scan using sbtest2_pkey on sbtest2  (cost=0.43..387.14 rows=100 width=4)
	        Index Cond: ((id >= 1446483) AND (id <= 1446582))

table 3 : explain SELECT SUM(k) FROM sbtest3 WHERE id BETWEEN 6408115 AND 6408214
	Aggregate  (cost=416.48..416.49 rows=1 width=8)
	  ->  Index Scan using sbtest3_pkey on sbtest3  (cost=0.43..416.21 rows=108 width=4)
	        Index Cond: ((id >= 6408115) AND (id <= 6408214))

table 4 : explain SELECT SUM(k) FROM sbtest4 WHERE id BETWEEN 3859123 AND 3859222
	Aggregate  (cost=376.26..376.27 rows=1 width=8)
	  ->  Index Scan using sbtest4_pkey on sbtest4  (cost=0.43..376.02 rows=97 width=4)
	        Index Cond: ((id >= 3859123) AND (id <= 3859222))

table 5 : explain SELECT SUM(k) FROM sbtest5 WHERE id BETWEEN 6968815 AND 6968914
	Aggregate  (cost=354.91..354.92 rows=1 width=8)
	  ->  Index Scan using sbtest5_pkey on sbtest5  (cost=0.43..354.68 rows=91 width=4)
	        Index Cond: ((id >= 6968815) AND (id <= 6968914))

table 6 : explain SELECT SUM(k) FROM sbtest6 WHERE id BETWEEN 8613464 AND 8613563
	Aggregate  (cost=364.48..364.49 rows=1 width=8)
	  ->  Index Scan using sbtest6_pkey on sbtest6  (cost=0.43..364.24 rows=94 width=4)
	        Index Cond: ((id >= 8613464) AND (id <= 8613563))

table 7 : explain SELECT SUM(k) FROM sbtest7 WHERE id BETWEEN 437375 AND 437474
	Aggregate  (cost=366.20..366.21 rows=1 width=8)
	  ->  Index Scan using sbtest7_pkey on sbtest7  (cost=0.43..365.96 rows=95 width=4)
	        Index Cond: ((id >= 437375) AND (id <= 437474))

table 8 : explain SELECT SUM(k) FROM sbtest8 WHERE id BETWEEN 3120227 AND 3120326
	Aggregate  (cost=372.52..372.53 rows=1 width=8)
	  ->  Index Scan using sbtest8_pkey on sbtest8  (cost=0.43..372.28 rows=96 width=4)
	        Index Cond: ((id >= 3120227) AND (id <= 3120326))

explain: for non_index_updates :: explain UPDATE sbtest%u SET c='foobar' WHERE id=%u
for: order_ranges
table 1 : explain SELECT c FROM sbtest1 WHERE id BETWEEN 4116037 AND 4116136 ORDER BY c
	Sort  (cost=399.42..399.68 rows=103 width=121)
	  Sort Key: c
	  ->  Index Scan using sbtest1_pkey on sbtest1  (cost=0.43..395.98 rows=103 width=121)
	        Index Cond: ((id >= 4116037) AND (id <= 4116136))

table 2 : explain SELECT c FROM sbtest2 WHERE id BETWEEN 4682322 AND 4682421 ORDER BY c
	Sort  (cost=374.96..375.20 rows=96 width=121)
	  Sort Key: c
	  ->  Index Scan using sbtest2_pkey on sbtest2  (cost=0.43..371.80 rows=96 width=121)
	        Index Cond: ((id >= 4682322) AND (id <= 4682421))

table 3 : explain SELECT c FROM sbtest3 WHERE id BETWEEN 8476131 AND 8476230 ORDER BY c
	Sort  (cost=392.90..393.16 rows=101 width=121)
	  Sort Key: c
	  ->  Index Scan using sbtest3_pkey on sbtest3  (cost=0.43..389.54 rows=101 width=121)
	        Index Cond: ((id >= 8476131) AND (id <= 8476230))

table 4 : explain SELECT c FROM sbtest4 WHERE id BETWEEN 9574681 AND 9574780 ORDER BY c
	Sort  (cost=355.97..356.20 rows=91 width=121)
	  Sort Key: c
	  ->  Index Scan using sbtest4_pkey on sbtest4  (cost=0.43..353.01 rows=91 width=121)
	        Index Cond: ((id >= 9574681) AND (id <= 9574780))

table 5 : explain SELECT c FROM sbtest5 WHERE id BETWEEN 1303313 AND 1303412 ORDER BY c
	Sort  (cost=377.07..377.31 rows=96 width=121)
	  Sort Key: c
	  ->  Index Scan using sbtest5_pkey on sbtest5  (cost=0.43..373.91 rows=96 width=121)
	        Index Cond: ((id >= 1303313) AND (id <= 1303412))

table 6 : explain SELECT c FROM sbtest6 WHERE id BETWEEN 5702188 AND 5702287 ORDER BY c
	Sort  (cost=359.59..359.82 rows=92 width=121)
	  Sort Key: c
	  ->  Index Scan using sbtest6_pkey on sbtest6  (cost=0.43..356.59 rows=92 width=121)
	        Index Cond: ((id >= 5702188) AND (id <= 5702287))

table 7 : explain SELECT c FROM sbtest7 WHERE id BETWEEN 9281281 AND 9281380 ORDER BY c
	Sort  (cost=380.60..380.85 rows=98 width=121)
	  Sort Key: c
	  ->  Index Scan using sbtest7_pkey on sbtest7  (cost=0.43..377.36 rows=98 width=121)
	        Index Cond: ((id >= 9281281) AND (id <= 9281380))

table 8 : explain SELECT c FROM sbtest8 WHERE id BETWEEN 1910099 AND 1910198 ORDER BY c
	Sort  (cost=379.31..379.55 rows=97 width=121)
	  Sort Key: c
	  ->  Index Scan using sbtest8_pkey on sbtest8  (cost=0.43..376.10 rows=97 width=121)
	        Index Cond: ((id >= 1910099) AND (id <= 1910198))

explain: for deletes :: explain DELETE FROM sbtest%u WHERE id=%u
explain: for inserts :: explain INSERT INTO sbtest%u (id, k, c, pad) VALUES (%u, 13, 'foobar', 'foobar')
for: simple_ranges
table 1 : explain SELECT c FROM sbtest1 WHERE id BETWEEN 477471 AND 477570
	Index Scan using sbtest1_pkey on sbtest1  (cost=0.43..354.15 rows=92 width=121)
	  Index Cond: ((id >= 477471) AND (id <= 477570))

table 2 : explain SELECT c FROM sbtest2 WHERE id BETWEEN 4037199 AND 4037298
	Index Scan using sbtest2_pkey on sbtest2  (cost=0.43..440.68 rows=114 width=121)
	  Index Cond: ((id >= 4037199) AND (id <= 4037298))

table 3 : explain SELECT c FROM sbtest3 WHERE id BETWEEN 1568480 AND 1568579
	Index Scan using sbtest3_pkey on sbtest3  (cost=0.43..359.07 rows=93 width=121)
	  Index Cond: ((id >= 1568480) AND (id <= 1568579))

table 4 : explain SELECT c FROM sbtest4 WHERE id BETWEEN 9939714 AND 9939813
	Index Scan using sbtest4_pkey on sbtest4  (cost=0.43..395.16 rows=102 width=121)
	  Index Cond: ((id >= 9939714) AND (id <= 9939813))

table 5 : explain SELECT c FROM sbtest5 WHERE id BETWEEN 1733149 AND 1733248
	Index Scan using sbtest5_pkey on sbtest5  (cost=0.43..397.03 rows=102 width=121)
	  Index Cond: ((id >= 1733149) AND (id <= 1733248))

table 6 : explain SELECT c FROM sbtest6 WHERE id BETWEEN 4659017 AND 4659116
	Index Scan using sbtest6_pkey on sbtest6  (cost=0.43..398.71 rows=103 width=121)
	  Index Cond: ((id >= 4659017) AND (id <= 4659116))

table 7 : explain SELECT c FROM sbtest7 WHERE id BETWEEN 5086103 AND 5086202
	Index Scan using sbtest7_pkey on sbtest7  (cost=0.43..400.17 rows=104 width=121)
	  Index Cond: ((id >= 5086103) AND (id <= 5086202))

table 8 : explain SELECT c FROM sbtest8 WHERE id BETWEEN 9039149 AND 9039248
	Index Scan using sbtest8_pkey on sbtest8  (cost=0.43..425.92 rows=110 width=121)
	  Index Cond: ((id >= 9039149) AND (id <= 9039248))

for: simple_ranges
table 1 : explain SELECT c FROM sbtest1 WHERE id BETWEEN 3671696 AND 3671795
	Index Scan using sbtest1_pkey on sbtest1  (cost=0.43..361.74 rows=94 width=121)
	  Index Cond: ((id >= 3671696) AND (id <= 3671795))

table 2 : explain SELECT c FROM sbtest2 WHERE id BETWEEN 6111027 AND 6111126
	Index Scan using sbtest2_pkey on sbtest2  (cost=0.43..406.26 rows=105 width=121)
	  Index Cond: ((id >= 6111027) AND (id <= 6111126))

table 3 : explain SELECT c FROM sbtest3 WHERE id BETWEEN 1205047 AND 1205146
	Index Scan using sbtest3_pkey on sbtest3  (cost=0.43..385.73 rows=100 width=121)
	  Index Cond: ((id >= 1205047) AND (id <= 1205146))

table 4 : explain SELECT c FROM sbtest4 WHERE id BETWEEN 1113828 AND 1113927
	Index Scan using sbtest4_pkey on sbtest4  (cost=0.43..383.67 rows=99 width=121)
	  Index Cond: ((id >= 1113828) AND (id <= 1113927))

table 5 : explain SELECT c FROM sbtest5 WHERE id BETWEEN 1600828 AND 1600927
	Index Scan using sbtest5_pkey on sbtest5  (cost=0.43..431.64 rows=111 width=121)
	  Index Cond: ((id >= 1600828) AND (id <= 1600927))

table 6 : explain SELECT c FROM sbtest6 WHERE id BETWEEN 1803488 AND 1803587
	Index Scan using sbtest6_pkey on sbtest6  (cost=0.43..348.94 rows=90 width=121)
	  Index Cond: ((id >= 1803488) AND (id <= 1803587))

table 7 : explain SELECT c FROM sbtest7 WHERE id BETWEEN 1541557 AND 1541656
	Index Scan using sbtest7_pkey on sbtest7  (cost=0.43..392.57 rows=102 width=121)
	  Index Cond: ((id >= 1541557) AND (id <= 1541656))

table 8 : explain SELECT c FROM sbtest8 WHERE id BETWEEN 6881448 AND 6881547
	Index Scan using sbtest8_pkey on sbtest8  (cost=0.43..395.30 rows=102 width=121)
	  Index Cond: ((id >= 6881448) AND (id <= 6881547))

for inserts
table 1 : explain INSERT INTO sbtest1 (id, k, c, pad) VALUES (2962670, 13, 'foobar', 'foobar')
	Insert on sbtest1  (cost=0.00..0.01 rows=0 width=0)
	  ->  Result  (cost=0.00..0.01 rows=1 width=736)

table 2 : explain INSERT INTO sbtest2 (id, k, c, pad) VALUES (2429312, 13, 'foobar', 'foobar')
	Insert on sbtest2  (cost=0.00..0.01 rows=0 width=0)
	  ->  Result  (cost=0.00..0.01 rows=1 width=736)

table 3 : explain INSERT INTO sbtest3 (id, k, c, pad) VALUES (7268638, 13, 'foobar', 'foobar')
	Insert on sbtest3  (cost=0.00..0.01 rows=0 width=0)
	  ->  Result  (cost=0.00..0.01 rows=1 width=736)

table 4 : explain INSERT INTO sbtest4 (id, k, c, pad) VALUES (1154736, 13, 'foobar', 'foobar')
	Insert on sbtest4  (cost=0.00..0.01 rows=0 width=0)
	  ->  Result  (cost=0.00..0.01 rows=1 width=736)

table 5 : explain INSERT INTO sbtest5 (id, k, c, pad) VALUES (995246, 13, 'foobar', 'foobar')
	Insert on sbtest5  (cost=0.00..0.01 rows=0 width=0)
	  ->  Result  (cost=0.00..0.01 rows=1 width=736)

table 6 : explain INSERT INTO sbtest6 (id, k, c, pad) VALUES (3995635, 13, 'foobar', 'foobar')
	Insert on sbtest6  (cost=0.00..0.01 rows=0 width=0)
	  ->  Result  (cost=0.00..0.01 rows=1 width=736)

table 7 : explain INSERT INTO sbtest7 (id, k, c, pad) VALUES (8262410, 13, 'foobar', 'foobar')
	Insert on sbtest7  (cost=0.00..0.01 rows=0 width=0)
	  ->  Result  (cost=0.00..0.01 rows=1 width=736)

table 8 : explain INSERT INTO sbtest8 (id, k, c, pad) VALUES (4602872, 13, 'foobar', 'foobar')
	Insert on sbtest8  (cost=0.00..0.01 rows=0 width=0)
	  ->  Result  (cost=0.00..0.01 rows=1 width=736)

for non_index_updates
table 1 : explain UPDATE sbtest1 SET c='foobar' WHERE id=2528890
	Update on sbtest1  (cost=0.43..8.45 rows=0 width=0)
	  ->  Index Scan using sbtest1_pkey on sbtest1  (cost=0.43..8.45 rows=1 width=490)
	        Index Cond: (id = 2528890)

table 2 : explain UPDATE sbtest2 SET c='foobar' WHERE id=7575958
	Update on sbtest2  (cost=0.43..8.45 rows=0 width=0)
	  ->  Index Scan using sbtest2_pkey on sbtest2  (cost=0.43..8.45 rows=1 width=490)
	        Index Cond: (id = 7575958)

table 3 : explain UPDATE sbtest3 SET c='foobar' WHERE id=271387
	Update on sbtest3  (cost=0.43..8.45 rows=0 width=0)
	  ->  Index Scan using sbtest3_pkey on sbtest3  (cost=0.43..8.45 rows=1 width=490)
	        Index Cond: (id = 271387)

table 4 : explain UPDATE sbtest4 SET c='foobar' WHERE id=2350726
	Update on sbtest4  (cost=0.43..8.45 rows=0 width=0)
	  ->  Index Scan using sbtest4_pkey on sbtest4  (cost=0.43..8.45 rows=1 width=490)
	        Index Cond: (id = 2350726)

table 5 : explain UPDATE sbtest5 SET c='foobar' WHERE id=511074
	Update on sbtest5  (cost=0.43..8.45 rows=0 width=0)
	  ->  Index Scan using sbtest5_pkey on sbtest5  (cost=0.43..8.45 rows=1 width=490)
	        Index Cond: (id = 511074)

table 6 : explain UPDATE sbtest6 SET c='foobar' WHERE id=8459779
	Update on sbtest6  (cost=0.43..8.45 rows=0 width=0)
	  ->  Index Scan using sbtest6_pkey on sbtest6  (cost=0.43..8.45 rows=1 width=490)
	        Index Cond: (id = 8459779)

table 7 : explain UPDATE sbtest7 SET c='foobar' WHERE id=1610011
	Update on sbtest7  (cost=0.43..8.45 rows=0 width=0)
	  ->  Index Scan using sbtest7_pkey on sbtest7  (cost=0.43..8.45 rows=1 width=490)
	        Index Cond: (id = 1610011)

table 8 : explain UPDATE sbtest8 SET c='foobar' WHERE id=4167315
	Update on sbtest8  (cost=0.43..8.45 rows=0 width=0)
	  ->  Index Scan using sbtest8_pkey on sbtest8  (cost=0.43..8.45 rows=1 width=490)
	        Index Cond: (id = 4167315)

for: sum_ranges
table 1 : explain SELECT SUM(k) FROM sbtest1 WHERE id BETWEEN 5617667 AND 5617766
	Aggregate  (cost=369.63..369.64 rows=1 width=8)
	  ->  Index Scan using sbtest1_pkey on sbtest1  (cost=0.43..369.39 rows=96 width=4)
	        Index Cond: ((id >= 5617667) AND (id <= 5617766))

table 2 : explain SELECT SUM(k) FROM sbtest2 WHERE id BETWEEN 277808 AND 277907
	Aggregate  (cost=410.35..410.36 rows=1 width=8)
	  ->  Index Scan using sbtest2_pkey on sbtest2  (cost=0.43..410.09 rows=106 width=4)
	        Index Cond: ((id >= 277808) AND (id <= 277907))

table 3 : explain SELECT SUM(k) FROM sbtest3 WHERE id BETWEEN 5473001 AND 5473100
	Aggregate  (cost=420.29..420.30 rows=1 width=8)
	  ->  Index Scan using sbtest3_pkey on sbtest3  (cost=0.43..420.02 rows=109 width=4)
	        Index Cond: ((id >= 5473001) AND (id <= 5473100))

table 4 : explain SELECT SUM(k) FROM sbtest4 WHERE id BETWEEN 6944337 AND 6944436
	Aggregate  (cost=403.07..403.08 rows=1 width=8)
	  ->  Index Scan using sbtest4_pkey on sbtest4  (cost=0.43..402.81 rows=104 width=4)
	        Index Cond: ((id >= 6944337) AND (id <= 6944436))

table 5 : explain SELECT SUM(k) FROM sbtest5 WHERE id BETWEEN 584557 AND 584656
	Aggregate  (cost=439.62..439.63 rows=1 width=8)
	  ->  Index Scan using sbtest5_pkey on sbtest5  (cost=0.43..439.34 rows=113 width=4)
	        Index Cond: ((id >= 584557) AND (id <= 584656))

table 6 : explain SELECT SUM(k) FROM sbtest6 WHERE id BETWEEN 5263636 AND 5263735
	Aggregate  (cost=391.31..391.32 rows=1 width=8)
	  ->  Index Scan using sbtest6_pkey on sbtest6  (cost=0.43..391.06 rows=101 width=4)
	        Index Cond: ((id >= 5263636) AND (id <= 5263735))

table 7 : explain SELECT SUM(k) FROM sbtest7 WHERE id BETWEEN 1827866 AND 1827965
	Aggregate  (cost=377.61..377.62 rows=1 width=8)
	  ->  Index Scan using sbtest7_pkey on sbtest7  (cost=0.43..377.36 rows=98 width=4)
	        Index Cond: ((id >= 1827866) AND (id <= 1827965))

table 8 : explain SELECT SUM(k) FROM sbtest8 WHERE id BETWEEN 7367514 AND 7367613
	Aggregate  (cost=387.89..387.90 rows=1 width=8)
	  ->  Index Scan using sbtest8_pkey on sbtest8  (cost=0.43..387.64 rows=100 width=4)
	        Index Cond: ((id >= 7367514) AND (id <= 7367613))

explain: for inserts :: explain INSERT INTO sbtest%u (id, k, c, pad) VALUES (%u, 13, 'foobar', 'foobar')
for: order_ranges
table 1 : explain SELECT c FROM sbtest1 WHERE id BETWEEN 4561752 AND 4561851 ORDER BY c
	Sort  (cost=391.74..392.00 rows=101 width=121)
	  Sort Key: c
	  ->  Index Scan using sbtest1_pkey on sbtest1  (cost=0.43..388.38 rows=101 width=121)
	        Index Cond: ((id >= 4561752) AND (id <= 4561851))

table 2 : explain SELECT c FROM sbtest2 WHERE id BETWEEN 6749374 AND 6749473 ORDER BY c
	Sort  (cost=359.51..359.74 rows=92 width=121)
	  Sort Key: c
	  ->  Index Scan using sbtest2_pkey on sbtest2  (cost=0.43..356.51 rows=92 width=121)
	        Index Cond: ((id >= 6749374) AND (id <= 6749473))

table 3 : explain SELECT c FROM sbtest3 WHERE id BETWEEN 8630831 AND 8630930 ORDER BY c
	Sort  (cost=389.05..389.30 rows=100 width=121)
	  Sort Key: c
	  ->  Index Scan using sbtest3_pkey on sbtest3  (cost=0.43..385.73 rows=100 width=121)
	        Index Cond: ((id >= 8630831) AND (id <= 8630930))

table 4 : explain SELECT c FROM sbtest4 WHERE id BETWEEN 7315660 AND 7315759 ORDER BY c
	Sort  (cost=429.50..429.78 rows=110 width=121)
	  Sort Key: c
	  ->  Index Scan using sbtest4_pkey on sbtest4  (cost=0.43..425.77 rows=110 width=121)
	        Index Cond: ((id >= 7315660) AND (id <= 7315759))

table 5 : explain SELECT c FROM sbtest5 WHERE id BETWEEN 3774298 AND 3774397 ORDER BY c
	Sort  (cost=365.41..365.65 rows=93 width=121)
	  Sort Key: c
	  ->  Index Scan using sbtest5_pkey on sbtest5  (cost=0.43..362.37 rows=93 width=121)
	        Index Cond: ((id >= 3774298) AND (id <= 3774397))

table 6 : explain SELECT c FROM sbtest6 WHERE id BETWEEN 2991614 AND 2991713 ORDER BY c
	Sort  (cost=371.24..371.47 rows=95 width=121)
	  Sort Key: c
	  ->  Index Scan using sbtest6_pkey on sbtest6  (cost=0.43..368.11 rows=95 width=121)
	        Index Cond: ((id >= 2991614) AND (id <= 2991713))

table 7 : explain SELECT c FROM sbtest7 WHERE id BETWEEN 5483229 AND 5483328 ORDER BY c
	Sort  (cost=357.55..357.78 rows=92 width=121)
	  Sort Key: c
	  ->  Index Scan using sbtest7_pkey on sbtest7  (cost=0.43..354.55 rows=92 width=121)
	        Index Cond: ((id >= 5483229) AND (id <= 5483328))

table 8 : explain SELECT c FROM sbtest8 WHERE id BETWEEN 4221719 AND 4221818 ORDER BY c
	Sort  (cost=410.31..410.57 rows=105 width=121)
	  Sort Key: c
	  ->  Index Scan using sbtest8_pkey on sbtest8  (cost=0.43..406.78 rows=105 width=121)
	        Index Cond: ((id >= 4221719) AND (id <= 4221818))

explain: for deletes :: explain DELETE FROM sbtest%u WHERE id=%u
for: sum_ranges
table 1 : explain SELECT SUM(k) FROM sbtest1 WHERE id BETWEEN 7180752 AND 7180851
	Aggregate  (cost=388.63..388.64 rows=1 width=8)
	  ->  Index Scan using sbtest1_pkey on sbtest1  (cost=0.43..388.38 rows=101 width=4)
	        Index Cond: ((id >= 7180752) AND (id <= 7180851))

table 2 : explain SELECT SUM(k) FROM sbtest2 WHERE id BETWEEN 2931737 AND 2931836
	Aggregate  (cost=406.53..406.54 rows=1 width=8)
	  ->  Index Scan using sbtest2_pkey on sbtest2  (cost=0.43..406.26 rows=105 width=4)
	        Index Cond: ((id >= 2931737) AND (id <= 2931836))

table 3 : explain SELECT SUM(k) FROM sbtest3 WHERE id BETWEEN 7465441 AND 7465540
	Aggregate  (cost=393.61..393.62 rows=1 width=8)
	  ->  Index Scan using sbtest3_pkey on sbtest3  (cost=0.43..393.35 rows=102 width=4)
	        Index Cond: ((id >= 7465441) AND (id <= 7465540))

table 4 : explain SELECT SUM(k) FROM sbtest4 WHERE id BETWEEN 4534058 AND 4534157
	Aggregate  (cost=445.20..445.21 rows=1 width=8)
	  ->  Index Scan using sbtest4_pkey on sbtest4  (cost=0.43..444.91 rows=115 width=4)
	        Index Cond: ((id >= 4534058) AND (id <= 4534157))

table 5 : explain SELECT SUM(k) FROM sbtest5 WHERE id BETWEEN 7404211 AND 7404310
	Aggregate  (cost=374.15..374.16 rows=1 width=8)
	  ->  Index Scan using sbtest5_pkey on sbtest5  (cost=0.43..373.91 rows=96 width=4)
	        Index Cond: ((id >= 7404211) AND (id <= 7404310))

table 6 : explain SELECT SUM(k) FROM sbtest6 WHERE id BETWEEN 1508542 AND 1508641
	Aggregate  (cost=383.66..383.67 rows=1 width=8)
	  ->  Index Scan using sbtest6_pkey on sbtest6  (cost=0.43..383.41 rows=99 width=4)
	        Index Cond: ((id >= 1508542) AND (id <= 1508641))

table 7 : explain SELECT SUM(k) FROM sbtest7 WHERE id BETWEEN 2693214 AND 2693313
	Aggregate  (cost=377.61..377.62 rows=1 width=8)
	  ->  Index Scan using sbtest7_pkey on sbtest7  (cost=0.43..377.36 rows=98 width=4)
	        Index Cond: ((id >= 2693214) AND (id <= 2693313))

table 8 : explain SELECT SUM(k) FROM sbtest8 WHERE id BETWEEN 4041319 AND 4041418
	Aggregate  (cost=391.72..391.73 rows=1 width=8)
	  ->  Index Scan using sbtest8_pkey on sbtest8  (cost=0.43..391.47 rows=101 width=4)
	        Index Cond: ((id >= 4041319) AND (id <= 4041418))

for inserts
table 1 : explain INSERT INTO sbtest1 (id, k, c, pad) VALUES (7733439, 13, 'foobar', 'foobar')
	Insert on sbtest1  (cost=0.00..0.01 rows=0 width=0)
	  ->  Result  (cost=0.00..0.01 rows=1 width=736)

table 2 : explain INSERT INTO sbtest2 (id, k, c, pad) VALUES (8921013, 13, 'foobar', 'foobar')
	Insert on sbtest2  (cost=0.00..0.01 rows=0 width=0)
	  ->  Result  (cost=0.00..0.01 rows=1 width=736)

table 3 : explain INSERT INTO sbtest3 (id, k, c, pad) VALUES (3063566, 13, 'foobar', 'foobar')
	Insert on sbtest3  (cost=0.00..0.01 rows=0 width=0)
	  ->  Result  (cost=0.00..0.01 rows=1 width=736)

table 4 : explain INSERT INTO sbtest4 (id, k, c, pad) VALUES (1590420, 13, 'foobar', 'foobar')
	Insert on sbtest4  (cost=0.00..0.01 rows=0 width=0)
	  ->  Result  (cost=0.00..0.01 rows=1 width=736)

table 5 : explain INSERT INTO sbtest5 (id, k, c, pad) VALUES (8323724, 13, 'foobar', 'foobar')
	Insert on sbtest5  (cost=0.00..0.01 rows=0 width=0)
	  ->  Result  (cost=0.00..0.01 rows=1 width=736)

table 6 : explain INSERT INTO sbtest6 (id, k, c, pad) VALUES (8570374, 13, 'foobar', 'foobar')
	Insert on sbtest6  (cost=0.00..0.01 rows=0 width=0)
	  ->  Result  (cost=0.00..0.01 rows=1 width=736)

table 7 : explain INSERT INTO sbtest7 (id, k, c, pad) VALUES (7471053, 13, 'foobar', 'foobar')
	Insert on sbtest7  (cost=0.00..0.01 rows=0 width=0)
	  ->  Result  (cost=0.00..0.01 rows=1 width=736)

table 8 : explain INSERT INTO sbtest8 (id, k, c, pad) VALUES (6569970, 13, 'foobar', 'foobar')
	Insert on sbtest8  (cost=0.00..0.01 rows=0 width=0)
	  ->  Result  (cost=0.00..0.01 rows=1 width=736)

for point_selects
table 1 : explain SELECT c FROM sbtest1 WHERE id=1664032
	Index Scan using sbtest1_pkey on sbtest1  (cost=0.43..8.45 rows=1 width=121)
	  Index Cond: (id = 1664032)

table 2 : explain SELECT c FROM sbtest2 WHERE id=6240459
	Index Scan using sbtest2_pkey on sbtest2  (cost=0.43..8.45 rows=1 width=121)
	  Index Cond: (id = 6240459)

table 3 : explain SELECT c FROM sbtest3 WHERE id=4481093
	Index Scan using sbtest3_pkey on sbtest3  (cost=0.43..8.45 rows=1 width=121)
	  Index Cond: (id = 4481093)

table 4 : explain SELECT c FROM sbtest4 WHERE id=8583137
	Index Scan using sbtest4_pkey on sbtest4  (cost=0.43..8.45 rows=1 width=121)
	  Index Cond: (id = 8583137)

table 5 : explain SELECT c FROM sbtest5 WHERE id=6514453
	Index Scan using sbtest5_pkey on sbtest5  (cost=0.43..8.45 rows=1 width=121)
	  Index Cond: (id = 6514453)

table 6 : explain SELECT c FROM sbtest6 WHERE id=2007198
	Index Scan using sbtest6_pkey on sbtest6  (cost=0.43..8.45 rows=1 width=121)
	  Index Cond: (id = 2007198)

table 7 : explain SELECT c FROM sbtest7 WHERE id=8712470
	Index Scan using sbtest7_pkey on sbtest7  (cost=0.43..8.45 rows=1 width=121)
	  Index Cond: (id = 8712470)

table 8 : explain SELECT c FROM sbtest8 WHERE id=6042105
	Index Scan using sbtest8_pkey on sbtest8  (cost=0.43..8.45 rows=1 width=121)
	  Index Cond: (id = 6042105)

for: sum_ranges
table 1 : explain SELECT SUM(k) FROM sbtest1 WHERE id BETWEEN 8200483 AND 8200582
	Aggregate  (cost=419.03..419.04 rows=1 width=8)
	  ->  Index Scan using sbtest1_pkey on sbtest1  (cost=0.43..418.76 rows=109 width=4)
	        Index Cond: ((id >= 8200483) AND (id <= 8200582))

table 2 : explain SELECT SUM(k) FROM sbtest2 WHERE id BETWEEN 6601635 AND 6601734
	Aggregate  (cost=387.39..387.40 rows=1 width=8)
	  ->  Index Scan using sbtest2_pkey on sbtest2  (cost=0.43..387.14 rows=100 width=4)
	        Index Cond: ((id >= 6601635) AND (id <= 6601734))

table 3 : explain SELECT SUM(k) FROM sbtest3 WHERE id BETWEEN 506400 AND 506499
	Aggregate  (cost=401.23..401.24 rows=1 width=8)
	  ->  Index Scan using sbtest3_pkey on sbtest3  (cost=0.43..400.97 rows=104 width=4)
	        Index Cond: ((id >= 506400) AND (id <= 506499))

table 4 : explain SELECT SUM(k) FROM sbtest4 WHERE id BETWEEN 7309548 AND 7309647
	Aggregate  (cost=426.05..426.06 rows=1 width=8)
	  ->  Index Scan using sbtest4_pkey on sbtest4  (cost=0.43..425.77 rows=110 width=4)
	        Index Cond: ((id >= 7309548) AND (id <= 7309647))

table 5 : explain SELECT SUM(k) FROM sbtest5 WHERE id BETWEEN 6231821 AND 6231920
	Aggregate  (cost=381.89..381.90 rows=1 width=8)
	  ->  Index Scan using sbtest5_pkey on sbtest5  (cost=0.43..381.65 rows=98 width=4)
	        Index Cond: ((id >= 6231821) AND (id <= 6231920))

table 6 : explain SELECT SUM(k) FROM sbtest6 WHERE id BETWEEN 9939330 AND 9939429
	Aggregate  (cost=379.83..379.84 rows=1 width=8)
	  ->  Index Scan using sbtest6_pkey on sbtest6  (cost=0.43..379.59 rows=98 width=4)
	        Index Cond: ((id >= 9939330) AND (id <= 9939429))

table 7 : explain SELECT SUM(k) FROM sbtest7 WHERE id BETWEEN 6757986 AND 6758085
	Aggregate  (cost=389.02..389.03 rows=1 width=8)
	  ->  Index Scan using sbtest7_pkey on sbtest7  (cost=0.43..388.77 rows=101 width=4)
	        Index Cond: ((id >= 6757986) AND (id <= 6758085))

table 8 : explain SELECT SUM(k) FROM sbtest8 WHERE id BETWEEN 1115357 AND 1115456
	Aggregate  (cost=399.38..399.39 rows=1 width=8)
	  ->  Index Scan using sbtest8_pkey on sbtest8  (cost=0.43..399.12 rows=103 width=4)
	        Index Cond: ((id >= 1115357) AND (id <= 1115456))

for deletes
table 1 : explain DELETE FROM sbtest1 WHERE id=6418966
	Delete on sbtest1  (cost=0.43..8.45 rows=0 width=0)
	  ->  Index Scan using sbtest1_pkey on sbtest1  (cost=0.43..8.45 rows=1 width=6)
	        Index Cond: (id = 6418966)

table 2 : explain DELETE FROM sbtest2 WHERE id=1936292
	Delete on sbtest2  (cost=0.43..8.45 rows=0 width=0)
	  ->  Index Scan using sbtest2_pkey on sbtest2  (cost=0.43..8.45 rows=1 width=6)
	        Index Cond: (id = 1936292)

table 3 : explain DELETE FROM sbtest3 WHERE id=9898806
	Delete on sbtest3  (cost=0.43..8.45 rows=0 width=0)
	  ->  Index Scan using sbtest3_pkey on sbtest3  (cost=0.43..8.45 rows=1 width=6)
	        Index Cond: (id = 9898806)

table 4 : explain DELETE FROM sbtest4 WHERE id=4264575
	Delete on sbtest4  (cost=0.43..8.45 rows=0 width=0)
	  ->  Index Scan using sbtest4_pkey on sbtest4  (cost=0.43..8.45 rows=1 width=6)
	        Index Cond: (id = 4264575)

table 5 : explain DELETE FROM sbtest5 WHERE id=9641310
	Delete on sbtest5  (cost=0.43..8.45 rows=0 width=0)
	  ->  Index Scan using sbtest5_pkey on sbtest5  (cost=0.43..8.45 rows=1 width=6)
	        Index Cond: (id = 9641310)

table 6 : explain DELETE FROM sbtest6 WHERE id=2651896
	Delete on sbtest6  (cost=0.43..8.45 rows=0 width=0)
	  ->  Index Scan using sbtest6_pkey on sbtest6  (cost=0.43..8.45 rows=1 width=6)
	        Index Cond: (id = 2651896)

table 7 : explain DELETE FROM sbtest7 WHERE id=9705872
	Delete on sbtest7  (cost=0.43..8.45 rows=0 width=0)
	  ->  Index Scan using sbtest7_pkey on sbtest7  (cost=0.43..8.45 rows=1 width=6)
	        Index Cond: (id = 9705872)

table 8 : explain DELETE FROM sbtest8 WHERE id=6148807
	Delete on sbtest8  (cost=0.43..8.45 rows=0 width=0)
	  ->  Index Scan using sbtest8_pkey on sbtest8  (cost=0.43..8.45 rows=1 width=6)
	        Index Cond: (id = 6148807)

for deletes
table 1 : explain DELETE FROM sbtest1 WHERE id=7042052
	Delete on sbtest1  (cost=0.43..8.45 rows=0 width=0)
	  ->  Index Scan using sbtest1_pkey on sbtest1  (cost=0.43..8.45 rows=1 width=6)
	        Index Cond: (id = 7042052)

table 2 : explain DELETE FROM sbtest2 WHERE id=2861532
	Delete on sbtest2  (cost=0.43..8.45 rows=0 width=0)
	  ->  Index Scan using sbtest2_pkey on sbtest2  (cost=0.43..8.45 rows=1 width=6)
	        Index Cond: (id = 2861532)

table 3 : explain DELETE FROM sbtest3 WHERE id=3807971
	Delete on sbtest3  (cost=0.43..8.45 rows=0 width=0)
	  ->  Index Scan using sbtest3_pkey on sbtest3  (cost=0.43..8.45 rows=1 width=6)
	        Index Cond: (id = 3807971)

table 4 : explain DELETE FROM sbtest4 WHERE id=7001709
	Delete on sbtest4  (cost=0.43..8.45 rows=0 width=0)
	  ->  Index Scan using sbtest4_pkey on sbtest4  (cost=0.43..8.45 rows=1 width=6)
	        Index Cond: (id = 7001709)

table 5 : explain DELETE FROM sbtest5 WHERE id=722642
	Delete on sbtest5  (cost=0.43..8.45 rows=0 width=0)
	  ->  Index Scan using sbtest5_pkey on sbtest5  (cost=0.43..8.45 rows=1 width=6)
	        Index Cond: (id = 722642)

table 6 : explain DELETE FROM sbtest6 WHERE id=5654205
	Delete on sbtest6  (cost=0.43..8.45 rows=0 width=0)
	  ->  Index Scan using sbtest6_pkey on sbtest6  (cost=0.43..8.45 rows=1 width=6)
	        Index Cond: (id = 5654205)

table 7 : explain DELETE FROM sbtest7 WHERE id=6546929
	Delete on sbtest7  (cost=0.43..8.45 rows=0 width=0)
	  ->  Index Scan using sbtest7_pkey on sbtest7  (cost=0.43..8.45 rows=1 width=6)
	        Index Cond: (id = 6546929)

table 8 : explain DELETE FROM sbtest8 WHERE id=8002585
	Delete on sbtest8  (cost=0.43..8.45 rows=0 width=0)
	  ->  Index Scan using sbtest8_pkey on sbtest8  (cost=0.43..8.45 rows=1 width=6)
	        Index Cond: (id = 8002585)

for: distinct_ranges
table 1 : explain SELECT DISTINCT c FROM sbtest1 WHERE id BETWEEN 8744831 AND 8744930 ORDER BY c
	Unique  (cost=403.26..403.78 rows=104 width=121)
	  ->  Sort  (cost=403.26..403.52 rows=104 width=121)
	        Sort Key: c
	        ->  Index Scan using sbtest1_pkey on sbtest1  (cost=0.43..399.77 rows=104 width=121)
	              Index Cond: ((id >= 8744831) AND (id <= 8744930))

table 2 : explain SELECT DISTINCT c FROM sbtest2 WHERE id BETWEEN 9137170 AND 9137269 ORDER BY c
	Unique  (cost=359.51..359.97 rows=92 width=121)
	  ->  Sort  (cost=359.51..359.74 rows=92 width=121)
	        Sort Key: c
	        ->  Index Scan using sbtest2_pkey on sbtest2  (cost=0.43..356.51 rows=92 width=121)
	              Index Cond: ((id >= 9137170) AND (id <= 9137269))

table 3 : explain SELECT DISTINCT c FROM sbtest3 WHERE id BETWEEN 3625912 AND 3626011 ORDER BY c
	Unique  (cost=377.50..377.99 rows=97 width=121)
	  ->  Sort  (cost=377.50..377.75 rows=97 width=121)
	        Sort Key: c
	        ->  Index Scan using sbtest3_pkey on sbtest3  (cost=0.43..374.30 rows=97 width=121)
	              Index Cond: ((id >= 3625912) AND (id <= 3626011))

table 4 : explain SELECT DISTINCT c FROM sbtest4 WHERE id BETWEEN 7509427 AND 7509526 ORDER BY c
	Unique  (cost=379.22..379.71 rows=97 width=121)
	  ->  Sort  (cost=379.22..379.46 rows=97 width=121)
	        Sort Key: c
	        ->  Index Scan using sbtest4_pkey on sbtest4  (cost=0.43..376.02 rows=97 width=121)
	              Index Cond: ((id >= 7509427) AND (id <= 7509526))

table 5 : explain SELECT DISTINCT c FROM sbtest5 WHERE id BETWEEN 5009364 AND 5009463 ORDER BY c
	Unique  (cost=388.77..389.27 rows=99 width=121)
	  ->  Sort  (cost=388.77..389.02 rows=99 width=121)
	        Sort Key: c
	        ->  Index Scan using sbtest5_pkey on sbtest5  (cost=0.43..385.49 rows=99 width=121)
	              Index Cond: ((id >= 5009364) AND (id <= 5009463))

table 6 : explain SELECT DISTINCT c FROM sbtest6 WHERE id BETWEEN 2287915 AND 2288014 ORDER BY c
	Unique  (cost=355.73..356.18 rows=91 width=121)
	  ->  Sort  (cost=355.73..355.96 rows=91 width=121)
	        Sort Key: c
	        ->  Index Scan using sbtest6_pkey on sbtest6  (cost=0.43..352.77 rows=91 width=121)
	              Index Cond: ((id >= 2287915) AND (id <= 2288014))

table 7 : explain SELECT DISTINCT c FROM sbtest7 WHERE id BETWEEN 7612359 AND 7612458 ORDER BY c
	Unique  (cost=384.45..384.94 rows=99 width=121)
	  ->  Sort  (cost=384.45..384.69 rows=99 width=121)
	        Sort Key: c
	        ->  Index Scan using sbtest7_pkey on sbtest7  (cost=0.43..381.16 rows=99 width=121)
	              Index Cond: ((id >= 7612359) AND (id <= 7612458))

table 8 : explain SELECT DISTINCT c FROM sbtest8 WHERE id BETWEEN 7325012 AND 7325111 ORDER BY c
	Unique  (cost=387.09..387.59 rows=99 width=121)
	  ->  Sort  (cost=387.09..387.34 rows=99 width=121)
	        Sort Key: c
	        ->  Index Scan using sbtest8_pkey on sbtest8  (cost=0.43..383.81 rows=99 width=121)
	              Index Cond: ((id >= 7325012) AND (id <= 7325111))

for: sum_ranges
table 1 : explain SELECT SUM(k) FROM sbtest1 WHERE id BETWEEN 6458543 AND 6458642
	Aggregate  (cost=384.83..384.84 rows=1 width=8)
	  ->  Index Scan using sbtest1_pkey on sbtest1  (cost=0.43..384.58 rows=100 width=4)
	        Index Cond: ((id >= 6458543) AND (id <= 6458642))

table 2 : explain SELECT SUM(k) FROM sbtest2 WHERE id BETWEEN 2092987 AND 2093086
	Aggregate  (cost=391.22..391.23 rows=1 width=8)
	  ->  Index Scan using sbtest2_pkey on sbtest2  (cost=0.43..390.97 rows=101 width=4)
	        Index Cond: ((id >= 2092987) AND (id <= 2093086))

table 3 : explain SELECT SUM(k) FROM sbtest3 WHERE id BETWEEN 2720303 AND 2720402
	Aggregate  (cost=385.98..385.99 rows=1 width=8)
	  ->  Index Scan using sbtest3_pkey on sbtest3  (cost=0.43..385.73 rows=100 width=4)
	        Index Cond: ((id >= 2720303) AND (id <= 2720402))

table 4 : explain SELECT SUM(k) FROM sbtest4 WHERE id BETWEEN 4829012 AND 4829111
	Aggregate  (cost=376.26..376.27 rows=1 width=8)
	  ->  Index Scan using sbtest4_pkey on sbtest4  (cost=0.43..376.02 rows=97 width=4)
	        Index Cond: ((id >= 4829012) AND (id <= 4829111))

table 5 : explain SELECT SUM(k) FROM sbtest5 WHERE id BETWEEN 6915199 AND 6915298
	Aggregate  (cost=408.83..408.84 rows=1 width=8)
	  ->  Index Scan using sbtest5_pkey on sbtest5  (cost=0.43..408.57 rows=105 width=4)
	        Index Cond: ((id >= 6915199) AND (id <= 6915298))

table 6 : explain SELECT SUM(k) FROM sbtest6 WHERE id BETWEEN 4421173 AND 4421272
	Aggregate  (cost=391.31..391.32 rows=1 width=8)
	  ->  Index Scan using sbtest6_pkey on sbtest6  (cost=0.43..391.06 rows=101 width=4)
	        Index Cond: ((id >= 4421173) AND (id <= 4421272))

table 7 : explain SELECT SUM(k) FROM sbtest7 WHERE id BETWEEN 7944038 AND 7944137
	Aggregate  (cost=370.00..370.01 rows=1 width=8)
	  ->  Index Scan using sbtest7_pkey on sbtest7  (cost=0.43..369.76 rows=96 width=4)
	        Index Cond: ((id >= 7944038) AND (id <= 7944137))

table 8 : explain SELECT SUM(k) FROM sbtest8 WHERE id BETWEEN 7034820 AND 7034919
	Aggregate  (cost=380.23..380.24 rows=1 width=8)
	  ->  Index Scan using sbtest8_pkey on sbtest8  (cost=0.43..379.98 rows=98 width=4)
	        Index Cond: ((id >= 7034820) AND (id <= 7034919))

explain: for point_selects :: explain SELECT c FROM sbtest%u WHERE id=%u
explain: for index_updates :: explain UPDATE sbtest%u SET k=k+1 WHERE id=%u
for: order_ranges
table 1 : explain SELECT c FROM sbtest1 WHERE id BETWEEN 96928 AND 97027 ORDER BY c
	Sort  (cost=395.58..395.84 rows=102 width=121)
	  Sort Key: c
	  ->  Index Scan using sbtest1_pkey on sbtest1  (cost=0.43..392.18 rows=102 width=121)
	        Index Cond: ((id >= 96928) AND (id <= 97027))

table 2 : explain SELECT c FROM sbtest2 WHERE id BETWEEN 5330512 AND 5330611 ORDER BY c
	Sort  (cost=382.74..382.98 rows=98 width=121)
	  Sort Key: c
	  ->  Index Scan using sbtest2_pkey on sbtest2  (cost=0.43..379.50 rows=98 width=121)
	        Index Cond: ((id >= 5330512) AND (id <= 5330611))

table 3 : explain SELECT c FROM sbtest3 WHERE id BETWEEN 3176797 AND 3176896 ORDER BY c
	Sort  (cost=419.85..420.12 rows=108 width=121)
	  Sort Key: c
	  ->  Index Scan using sbtest3_pkey on sbtest3  (cost=0.43..416.21 rows=108 width=121)
	        Index Cond: ((id >= 3176797) AND (id <= 3176896))

table 4 : explain SELECT c FROM sbtest4 WHERE id BETWEEN 5979835 AND 5979934 ORDER BY c
	Sort  (cost=386.96..387.20 rows=99 width=121)
	  Sort Key: c
	  ->  Index Scan using sbtest4_pkey on sbtest4  (cost=0.43..383.67 rows=99 width=121)
	        Index Cond: ((id >= 5979835) AND (id <= 5979934))

table 5 : explain SELECT c FROM sbtest5 WHERE id BETWEEN 1433312 AND 1433411 ORDER BY c
	Sort  (cost=431.53..431.80 rows=110 width=121)
	  Sort Key: c
	  ->  Index Scan using sbtest5_pkey on sbtest5  (cost=0.43..427.80 rows=110 width=121)
	        Index Cond: ((id >= 1433312) AND (id <= 1433411))

table 6 : explain SELECT c FROM sbtest6 WHERE id BETWEEN 1659411 AND 1659510 ORDER BY c
	Sort  (cost=406.02..406.28 rows=104 width=121)
	  Sort Key: c
	  ->  Index Scan using sbtest6_pkey on sbtest6  (cost=0.43..402.54 rows=104 width=121)
	        Index Cond: ((id >= 1659411) AND (id <= 1659510))

table 7 : explain SELECT c FROM sbtest7 WHERE id BETWEEN 2137163 AND 2137262 ORDER BY c
	Sort  (cost=380.60..380.85 rows=98 width=121)
	  Sort Key: c
	  ->  Index Scan using sbtest7_pkey on sbtest7  (cost=0.43..377.36 rows=98 width=121)
	        Index Cond: ((id >= 2137163) AND (id <= 2137262))

table 8 : explain SELECT c FROM sbtest8 WHERE id BETWEEN 3297608 AND 3297707 ORDER BY c
	Sort  (cost=394.83..395.08 rows=101 width=121)
	  Sort Key: c
	  ->  Index Scan using sbtest8_pkey on sbtest8  (cost=0.43..391.47 rows=101 width=121)
	        Index Cond: ((id >= 3297608) AND (id <= 3297707))

for: sum_ranges
table 1 : explain SELECT SUM(k) FROM sbtest1 WHERE id BETWEEN 9610533 AND 9610632
	Aggregate  (cost=361.98..361.99 rows=1 width=8)
	  ->  Index Scan using sbtest1_pkey on sbtest1  (cost=0.43..361.74 rows=94 width=4)
	        Index Cond: ((id >= 9610533) AND (id <= 9610632))

table 2 : explain SELECT SUM(k) FROM sbtest2 WHERE id BETWEEN 7132392 AND 7132491
	Aggregate  (cost=356.74..356.75 rows=1 width=8)
	  ->  Index Scan using sbtest2_pkey on sbtest2  (cost=0.43..356.51 rows=92 width=4)
	        Index Cond: ((id >= 7132392) AND (id <= 7132491))

table 3 : explain SELECT SUM(k) FROM sbtest3 WHERE id BETWEEN 9501115 AND 9501214
	Aggregate  (cost=385.98..385.99 rows=1 width=8)
	  ->  Index Scan using sbtest3_pkey on sbtest3  (cost=0.43..385.73 rows=100 width=4)
	        Index Cond: ((id >= 9501115) AND (id <= 9501214))

table 4 : explain SELECT SUM(k) FROM sbtest4 WHERE id BETWEEN 5856232 AND 5856331
	Aggregate  (cost=441.37..441.38 rows=1 width=8)
	  ->  Index Scan using sbtest4_pkey on sbtest4  (cost=0.43..441.08 rows=114 width=4)
	        Index Cond: ((id >= 5856232) AND (id <= 5856331))

table 5 : explain SELECT SUM(k) FROM sbtest5 WHERE id BETWEEN 6065764 AND 6065863
	Aggregate  (cost=374.15..374.16 rows=1 width=8)
	  ->  Index Scan using sbtest5_pkey on sbtest5  (cost=0.43..373.91 rows=96 width=4)
	        Index Cond: ((id >= 6065764) AND (id <= 6065863))

table 6 : explain SELECT SUM(k) FROM sbtest6 WHERE id BETWEEN 5850396 AND 5850495
	Aggregate  (cost=372.18..372.19 rows=1 width=8)
	  ->  Index Scan using sbtest6_pkey on sbtest6  (cost=0.43..371.94 rows=96 width=4)
	        Index Cond: ((id >= 5850396) AND (id <= 5850495))

table 7 : explain SELECT SUM(k) FROM sbtest7 WHERE id BETWEEN 6409222 AND 6409321
	Aggregate  (cost=350.98..350.99 rows=1 width=8)
	  ->  Index Scan using sbtest7_pkey on sbtest7  (cost=0.43..350.75 rows=91 width=4)
	        Index Cond: ((id >= 6409222) AND (id <= 6409321))

table 8 : explain SELECT SUM(k) FROM sbtest8 WHERE id BETWEEN 4232408 AND 4232507
	Aggregate  (cost=407.04..407.05 rows=1 width=8)
	  ->  Index Scan using sbtest8_pkey on sbtest8  (cost=0.43..406.78 rows=105 width=4)
	        Index Cond: ((id >= 4232408) AND (id <= 4232507))

explain: for point_selects :: explain SELECT c FROM sbtest%u WHERE id=%u
explain: for point_selects :: explain SELECT c FROM sbtest%u WHERE id=%uexplain: for inserts :: explain INSERT INTO sbtest%u (id, k, c, pad) VALUES (%u, 13, 'foobar', 'foobar')

explain: for point_selects :: explain SELECT c FROM sbtest%u WHERE id=%u
for: distinct_ranges
table 1 : explain SELECT DISTINCT c FROM sbtest1 WHERE id BETWEEN 6216394 AND 6216493 ORDER BY c
	Unique  (cost=380.23..380.72 rows=98 width=121)
	  ->  Sort  (cost=380.23..380.47 rows=98 width=121)
	        Sort Key: c
	        ->  Index Scan using sbtest1_pkey on sbtest1  (cost=0.43..376.99 rows=98 width=121)
	              Index Cond: ((id >= 6216394) AND (id <= 6216493))

table 2 : explain SELECT DISTINCT c FROM sbtest2 WHERE id BETWEEN 9310743 AND 9310842 ORDER BY c
	Unique  (cost=394.33..394.84 rows=101 width=121)
	  ->  Sort  (cost=394.33..394.58 rows=101 width=121)
	        Sort Key: c
	        ->  Index Scan using sbtest2_pkey on sbtest2  (cost=0.43..390.97 rows=101 width=121)
	              Index Cond: ((id >= 9310743) AND (id <= 9310842))

table 3 : explain SELECT DISTINCT c FROM sbtest3 WHERE id BETWEEN 5233789 AND 5233888 ORDER BY c
	Unique  (cost=404.45..404.97 rows=104 width=121)
	  ->  Sort  (cost=404.45..404.71 rows=104 width=121)
	        Sort Key: c
	        ->  Index Scan using sbtest3_pkey on sbtest3  (cost=0.43..400.97 rows=104 width=121)
	              Index Cond: ((id >= 5233789) AND (id <= 5233888))

table 4 : explain SELECT DISTINCT c FROM sbtest4 WHERE id BETWEEN 2891397 AND 2891496 ORDER BY c
	Unique  (cost=425.64..426.18 rows=109 width=121)
	  ->  Sort  (cost=425.64..425.91 rows=109 width=121)
	        Sort Key: c
	        ->  Index Scan using sbtest4_pkey on sbtest4  (cost=0.43..421.95 rows=109 width=121)
	              Index Cond: ((id >= 2891397) AND (id <= 2891496))

table 5 : explain SELECT DISTINCT c FROM sbtest5 WHERE id BETWEEN 8685593 AND 8685692 ORDER BY c
	Unique  (cost=423.75..424.29 rows=108 width=121)
	  ->  Sort  (cost=423.75..424.02 rows=108 width=121)
	        Sort Key: c
	        ->  Index Scan using sbtest5_pkey on sbtest5  (cost=0.43..420.11 rows=108 width=121)
	              Index Cond: ((id >= 8685593) AND (id <= 8685692))

table 6 : explain SELECT DISTINCT c FROM sbtest6 WHERE id BETWEEN 5002881 AND 5002980 ORDER BY c
	Unique  (cost=398.29..398.80 rows=102 width=121)
	  ->  Sort  (cost=398.29..398.54 rows=102 width=121)
	        Sort Key: c
	        ->  Index Scan using sbtest6_pkey on sbtest6  (cost=0.43..394.89 rows=102 width=121)
	              Index Cond: ((id >= 5002881) AND (id <= 5002980))

table 7 : explain SELECT DISTINCT c FROM sbtest7 WHERE id BETWEEN 2889285 AND 2889384 ORDER BY c
	Unique  (cost=380.60..381.09 rows=98 width=121)
	  ->  Sort  (cost=380.60..380.85 rows=98 width=121)
	        Sort Key: c
	        ->  Index Scan using sbtest7_pkey on sbtest7  (cost=0.43..377.36 rows=98 width=121)
	              Index Cond: ((id >= 2889285) AND (id <= 2889384))

table 8 : explain SELECT DISTINCT c FROM sbtest8 WHERE id BETWEEN 1162857 AND 1162956 ORDER BY c
	Unique  (cost=402.57..403.08 rows=103 width=121)
	  ->  Sort  (cost=402.57..402.83 rows=103 width=121)
	        Sort Key: c
	        ->  Index Scan using sbtest8_pkey on sbtest8  (cost=0.43..399.12 rows=103 width=121)
	              Index Cond: ((id >= 1162857) AND (id <= 1162956))

for: order_ranges
table 1 : explain SELECT c FROM sbtest1 WHERE id BETWEEN 8663984 AND 8664083 ORDER BY c
	Sort  (cost=403.26..403.52 rows=104 width=121)
	  Sort Key: c
	  ->  Index Scan using sbtest1_pkey on sbtest1  (cost=0.43..399.77 rows=104 width=121)
	        Index Cond: ((id >= 8663984) AND (id <= 8664083))

table 2 : explain SELECT c FROM sbtest2 WHERE id BETWEEN 1030794 AND 1030893 ORDER BY c
	Sort  (cost=463.90..464.19 rows=119 width=121)
	  Sort Key: c
	  ->  Index Scan using sbtest2_pkey on sbtest2  (cost=0.43..459.79 rows=119 width=121)
	        Index Cond: ((id >= 1030794) AND (id <= 1030893))

table 3 : explain SELECT c FROM sbtest3 WHERE id BETWEEN 119233 AND 119332 ORDER BY c
	Sort  (cost=385.20..385.45 rows=99 width=121)
	  Sort Key: c
	  ->  Index Scan using sbtest3_pkey on sbtest3  (cost=0.43..381.92 rows=99 width=121)
	        Index Cond: ((id >= 119233) AND (id <= 119332))

table 4 : explain SELECT c FROM sbtest4 WHERE id BETWEEN 7361106 AND 7361205 ORDER BY c
	Sort  (cost=429.50..429.78 rows=110 width=121)
	  Sort Key: c
	  ->  Index Scan using sbtest4_pkey on sbtest4  (cost=0.43..425.77 rows=110 width=121)
	        Index Cond: ((id >= 7361106) AND (id <= 7361205))

table 5 : explain SELECT c FROM sbtest5 WHERE id BETWEEN 1141836 AND 1141935 ORDER BY c
	Sort  (cost=408.21..408.47 rows=104 width=121)
	  Sort Key: c
	  ->  Index Scan using sbtest5_pkey on sbtest5  (cost=0.43..404.72 rows=104 width=121)
	        Index Cond: ((id >= 1141836) AND (id <= 1141935))

table 6 : explain SELECT c FROM sbtest6 WHERE id BETWEEN 4832986 AND 4833085 ORDER BY c
	Sort  (cost=375.10..375.34 rows=96 width=121)
	  Sort Key: c
	  ->  Index Scan using sbtest6_pkey on sbtest6  (cost=0.43..371.94 rows=96 width=121)
	        Index Cond: ((id >= 4832986) AND (id <= 4833085))

table 7 : explain SELECT c FROM sbtest7 WHERE id BETWEEN 800301 AND 800400 ORDER BY c
	Sort  (cost=384.45..384.69 rows=99 width=121)
	  Sort Key: c
	  ->  Index Scan using sbtest7_pkey on sbtest7  (cost=0.43..381.16 rows=99 width=121)
	        Index Cond: ((id >= 800301) AND (id <= 800400))

table 8 : explain SELECT c FROM sbtest8 WHERE id BETWEEN 4438415 AND 4438514 ORDER BY c
	Sort  (cost=383.22..383.47 rows=98 width=121)
	  Sort Key: c
	  ->  Index Scan using sbtest8_pkey on sbtest8  (cost=0.43..379.98 rows=98 width=121)
	        Index Cond: ((id >= 4438415) AND (id <= 4438514))

for index_updates
table 1 : explain UPDATE sbtest1 SET k=k+1 WHERE id=9553020
	Update on sbtest1  (cost=0.43..8.46 rows=0 width=0)
	  ->  Index Scan using sbtest1_pkey on sbtest1  (cost=0.43..8.46 rows=1 width=10)
	        Index Cond: (id = 9553020)

table 2 : explain UPDATE sbtest2 SET k=k+1 WHERE id=2634042
	Update on sbtest2  (cost=0.43..8.46 rows=0 width=0)
	  ->  Index Scan using sbtest2_pkey on sbtest2  (cost=0.43..8.46 rows=1 width=10)
	        Index Cond: (id = 2634042)

table 3 : explain UPDATE sbtest3 SET k=k+1 WHERE id=781833
	Update on sbtest3  (cost=0.43..8.46 rows=0 width=0)
	  ->  Index Scan using sbtest3_pkey on sbtest3  (cost=0.43..8.46 rows=1 width=10)
	        Index Cond: (id = 781833)

table 4 : explain UPDATE sbtest4 SET k=k+1 WHERE id=6862972
	Update on sbtest4  (cost=0.43..8.46 rows=0 width=0)
	  ->  Index Scan using sbtest4_pkey on sbtest4  (cost=0.43..8.46 rows=1 width=10)
	        Index Cond: (id = 6862972)

table 5 : explain UPDATE sbtest5 SET k=k+1 WHERE id=8303688
	Update on sbtest5  (cost=0.43..8.46 rows=0 width=0)
	  ->  Index Scan using sbtest5_pkey on sbtest5  (cost=0.43..8.46 rows=1 width=10)
	        Index Cond: (id = 8303688)

table 6 : explain UPDATE sbtest6 SET k=k+1 WHERE id=848701
	Update on sbtest6  (cost=0.43..8.46 rows=0 width=0)
	  ->  Index Scan using sbtest6_pkey on sbtest6  (cost=0.43..8.46 rows=1 width=10)
	        Index Cond: (id = 848701)

table 7 : explain UPDATE sbtest7 SET k=k+1 WHERE id=3650263
	Update on sbtest7  (cost=0.43..8.46 rows=0 width=0)
	  ->  Index Scan using sbtest7_pkey on sbtest7  (cost=0.43..8.46 rows=1 width=10)
	        Index Cond: (id = 3650263)

table 8 : explain UPDATE sbtest8 SET k=k+1 WHERE id=1430609
	Update on sbtest8  (cost=0.43..8.46 rows=0 width=0)
	  ->  Index Scan using sbtest8_pkey on sbtest8  (cost=0.43..8.46 rows=1 width=10)
	        Index Cond: (id = 1430609)

for: order_ranges
table 1 : explain SELECT c FROM sbtest1 WHERE id BETWEEN 4638693 AND 4638792 ORDER BY c
	Sort  (cost=395.58..395.84 rows=102 width=121)
	  Sort Key: c
	  ->  Index Scan using sbtest1_pkey on sbtest1  (cost=0.43..392.18 rows=102 width=121)
	        Index Cond: ((id >= 4638693) AND (id <= 4638792))

table 2 : explain SELECT c FROM sbtest2 WHERE id BETWEEN 8977867 AND 8977966 ORDER BY c
	Sort  (cost=390.47..390.72 rows=100 width=121)
	  Sort Key: c
	  ->  Index Scan using sbtest2_pkey on sbtest2  (cost=0.43..387.14 rows=100 width=121)
	        Index Cond: ((id >= 8977867) AND (id <= 8977966))

table 3 : explain SELECT c FROM sbtest3 WHERE id BETWEEN 2575673 AND 2575772 ORDER BY c
	Sort  (cost=389.05..389.30 rows=100 width=121)
	  Sort Key: c
	  ->  Index Scan using sbtest3_pkey on sbtest3  (cost=0.43..385.73 rows=100 width=121)
	        Index Cond: ((id >= 2575673) AND (id <= 2575772))

table 4 : explain SELECT c FROM sbtest4 WHERE id BETWEEN 6582831 AND 6582930 ORDER BY c
	Sort  (cost=375.35..375.59 rows=96 width=121)
	  Sort Key: c
	  ->  Index Scan using sbtest4_pkey on sbtest4  (cost=0.43..372.19 rows=96 width=121)
	        Index Cond: ((id >= 6582831) AND (id <= 6582930))

table 5 : explain SELECT c FROM sbtest5 WHERE id BETWEEN 1028652 AND 1028751 ORDER BY c
	Sort  (cost=353.76..353.98 rows=90 width=121)
	  Sort Key: c
	  ->  Index Scan using sbtest5_pkey on sbtest5  (cost=0.43..350.83 rows=90 width=121)
	        Index Cond: ((id >= 1028652) AND (id <= 1028751))

table 6 : explain SELECT c FROM sbtest6 WHERE id BETWEEN 7033979 AND 7034078 ORDER BY c
	Sort  (cost=390.56..390.81 rows=100 width=121)
	  Sort Key: c
	  ->  Index Scan using sbtest6_pkey on sbtest6  (cost=0.43..387.24 rows=100 width=121)
	        Index Cond: ((id >= 7033979) AND (id <= 7034078))

table 7 : explain SELECT c FROM sbtest7 WHERE id BETWEEN 2782541 AND 2782640 ORDER BY c
	Sort  (cost=384.45..384.69 rows=99 width=121)
	  Sort Key: c
	  ->  Index Scan using sbtest7_pkey on sbtest7  (cost=0.43..381.16 rows=99 width=121)
	        Index Cond: ((id >= 2782541) AND (id <= 2782640))

table 8 : explain SELECT c FROM sbtest8 WHERE id BETWEEN 6152473 AND 6152572 ORDER BY c
	Sort  (cost=398.70..398.95 rows=102 width=121)
	  Sort Key: c
	  ->  Index Scan using sbtest8_pkey on sbtest8  (cost=0.43..395.30 rows=102 width=121)
	        Index Cond: ((id >= 6152473) AND (id <= 6152572))

for inserts
table 1 : explain INSERT INTO sbtest1 (id, k, c, pad) VALUES (8844127, 13, 'foobar', 'foobar')
	Insert on sbtest1  (cost=0.00..0.01 rows=0 width=0)
	  ->  Result  (cost=0.00..0.01 rows=1 width=736)

table 2 : explain INSERT INTO sbtest2 (id, k, c, pad) VALUES (9116275, 13, 'foobar', 'foobar')
	Insert on sbtest2  (cost=0.00..0.01 rows=0 width=0)
	  ->  Result  (cost=0.00..0.01 rows=1 width=736)

table 3 : explain INSERT INTO sbtest3 (id, k, c, pad) VALUES (5700961, 13, 'foobar', 'foobar')
	Insert on sbtest3  (cost=0.00..0.01 rows=0 width=0)
	  ->  Result  (cost=0.00..0.01 rows=1 width=736)

table 4 : explain INSERT INTO sbtest4 (id, k, c, pad) VALUES (2167980, 13, 'foobar', 'foobar')
	Insert on sbtest4  (cost=0.00..0.01 rows=0 width=0)
	  ->  Result  (cost=0.00..0.01 rows=1 width=736)

table 5 : explain INSERT INTO sbtest5 (id, k, c, pad) VALUES (5647581, 13, 'foobar', 'foobar')
	Insert on sbtest5  (cost=0.00..0.01 rows=0 width=0)
	  ->  Result  (cost=0.00..0.01 rows=1 width=736)

table 6 : explain INSERT INTO sbtest6 (id, k, c, pad) VALUES (1032714, 13, 'foobar', 'foobar')
	Insert on sbtest6  (cost=0.00..0.01 rows=0 width=0)
	  ->  Result  (cost=0.00..0.01 rows=1 width=736)

table 7 : explain INSERT INTO sbtest7 (id, k, c, pad) VALUES (9891286, 13, 'foobar', 'foobar')
	Insert on sbtest7  (cost=0.00..0.01 rows=0 width=0)
	  ->  Result  (cost=0.00..0.01 rows=1 width=736)

table 8 : explain INSERT INTO sbtest8 (id, k, c, pad) VALUES (6421995, 13, 'foobar', 'foobar')
	Insert on sbtest8  (cost=0.00..0.01 rows=0 width=0)
	  ->  Result  (cost=0.00..0.01 rows=1 width=736)

explain: for point_selects :: explain SELECT c FROM sbtest%u WHERE id=%u
for: order_ranges
table 1 : explain SELECT c FROM sbtest1 WHERE id BETWEEN 8015803 AND 8015902 ORDER BY c
	Sort  (cost=384.07..384.31 rows=99 width=121)
	  Sort Key: c
	  ->  Index Scan using sbtest1_pkey on sbtest1  (cost=0.43..380.79 rows=99 width=121)
	        Index Cond: ((id >= 8015803) AND (id <= 8015902))

table 2 : explain SELECT c FROM sbtest2 WHERE id BETWEEN 1559197 AND 1559296 ORDER BY c
	Sort  (cost=378.83..379.07 rows=97 width=121)
	  Sort Key: c
	  ->  Index Scan using sbtest2_pkey on sbtest2  (cost=0.43..375.62 rows=97 width=121)
	        Index Cond: ((id >= 1559197) AND (id <= 1559296))

table 3 : explain SELECT c FROM sbtest3 WHERE id BETWEEN 2781526 AND 2781625 ORDER BY c
	Sort  (cost=389.05..389.30 rows=100 width=121)
	  Sort Key: c
	  ->  Index Scan using sbtest3_pkey on sbtest3  (cost=0.43..385.73 rows=100 width=121)
	        Index Cond: ((id >= 2781526) AND (id <= 2781625))

table 4 : explain SELECT c FROM sbtest4 WHERE id BETWEEN 281303 AND 281402 ORDER BY c
	Sort  (cost=414.03..414.30 rows=106 width=121)
	  Sort Key: c
	  ->  Index Scan using sbtest4_pkey on sbtest4  (cost=0.43..410.47 rows=106 width=121)
	        Index Cond: ((id >= 281303) AND (id <= 281402))

table 5 : explain SELECT c FROM sbtest5 WHERE id BETWEEN 9998457 AND 9998556 ORDER BY c
	Sort  (cost=353.76..353.98 rows=90 width=121)
	  Sort Key: c
	  ->  Index Scan using sbtest5_pkey on sbtest5  (cost=0.43..350.83 rows=90 width=121)
	        Index Cond: ((id >= 9998457) AND (id <= 9998556))

table 6 : explain SELECT c FROM sbtest6 WHERE id BETWEEN 8117138 AND 8117237 ORDER BY c
	Sort  (cost=417.62..417.88 rows=107 width=121)
	  Sort Key: c
	  ->  Index Scan using sbtest6_pkey on sbtest6  (cost=0.43..414.01 rows=107 width=121)
	        Index Cond: ((id >= 8117138) AND (id <= 8117237))

table 7 : explain SELECT c FROM sbtest7 WHERE id BETWEEN 8775986 AND 8776085 ORDER BY c
	Sort  (cost=342.14..342.36 rows=88 width=121)
	  Sort Key: c
	  ->  Index Scan using sbtest7_pkey on sbtest7  (cost=0.43..339.29 rows=88 width=121)
	        Index Cond: ((id >= 8775986) AND (id <= 8776085))

table 8 : explain SELECT c FROM sbtest8 WHERE id BETWEEN 4318549 AND 4318648 ORDER BY c
	Sort  (cost=402.57..402.83 rows=103 width=121)
	  Sort Key: c
	  ->  Index Scan using sbtest8_pkey on sbtest8  (cost=0.43..399.12 rows=103 width=121)
	        Index Cond: ((id >= 4318549) AND (id <= 4318648))

explain: for index_updates :: explain UPDATE sbtest%u SET k=k+1 WHERE id=%u
for: simple_ranges
table 1 : explain SELECT c FROM sbtest1 WHERE id BETWEEN 151172 AND 151271
	Index Scan using sbtest1_pkey on sbtest1  (cost=0.43..384.58 rows=100 width=121)
	  Index Cond: ((id >= 151172) AND (id <= 151271))

table 2 : explain SELECT c FROM sbtest2 WHERE id BETWEEN 8972690 AND 8972789
	Index Scan using sbtest2_pkey on sbtest2  (cost=0.43..387.14 rows=100 width=121)
	  Index Cond: ((id >= 8972690) AND (id <= 8972789))

table 3 : explain SELECT c FROM sbtest3 WHERE id BETWEEN 9923728 AND 9923827
	Index Scan using sbtest3_pkey on sbtest3  (cost=0.43..355.26 rows=92 width=121)
	  Index Cond: ((id >= 9923728) AND (id <= 9923827))

table 4 : explain SELECT c FROM sbtest4 WHERE id BETWEEN 1715001 AND 1715100
	Index Scan using sbtest4_pkey on sbtest4  (cost=0.43..429.60 rows=111 width=121)
	  Index Cond: ((id >= 1715001) AND (id <= 1715100))

table 5 : explain SELECT c FROM sbtest5 WHERE id BETWEEN 7923556 AND 7923655
	Index Scan using sbtest5_pkey on sbtest5  (cost=0.43..381.65 rows=98 width=121)
	  Index Cond: ((id >= 7923556) AND (id <= 7923655))

table 6 : explain SELECT c FROM sbtest6 WHERE id BETWEEN 9812386 AND 9812485
	Index Scan using sbtest6_pkey on sbtest6  (cost=0.43..379.59 rows=98 width=121)
	  Index Cond: ((id >= 9812386) AND (id <= 9812485))

table 7 : explain SELECT c FROM sbtest7 WHERE id BETWEEN 6568938 AND 6569037
	Index Scan using sbtest7_pkey on sbtest7  (cost=0.43..354.55 rows=92 width=121)
	  Index Cond: ((id >= 6568938) AND (id <= 6569037))

table 8 : explain SELECT c FROM sbtest8 WHERE id BETWEEN 2954157 AND 2954256
	Index Scan using sbtest8_pkey on sbtest8  (cost=0.43..376.10 rows=97 width=121)
	  Index Cond: ((id >= 2954157) AND (id <= 2954256))

for: order_ranges
table 1 : explain SELECT c FROM sbtest1 WHERE id BETWEEN 5660971 AND 5661070 ORDER BY c
	Sort  (cost=372.55..372.79 rows=96 width=121)
	  Sort Key: c
	  ->  Index Scan using sbtest1_pkey on sbtest1  (cost=0.43..369.39 rows=96 width=121)
	        Index Cond: ((id >= 5660971) AND (id <= 5661070))

table 2 : explain SELECT c FROM sbtest2 WHERE id BETWEEN 7596832 AND 7596931 ORDER BY c
	Sort  (cost=398.19..398.45 rows=102 width=121)
	  Sort Key: c
	  ->  Index Scan using sbtest2_pkey on sbtest2  (cost=0.43..394.79 rows=102 width=121)
	        Index Cond: ((id >= 7596832) AND (id <= 7596931))

table 3 : explain SELECT c FROM sbtest3 WHERE id BETWEEN 8578014 AND 8578113 ORDER BY c
	Sort  (cost=373.66..373.90 rows=96 width=121)
	  Sort Key: c
	  ->  Index Scan using sbtest3_pkey on sbtest3  (cost=0.43..370.49 rows=96 width=121)
	        Index Cond: ((id >= 8578014) AND (id <= 8578113))

table 4 : explain SELECT c FROM sbtest4 WHERE id BETWEEN 7461599 AND 7461698 ORDER BY c
	Sort  (cost=406.29..406.55 rows=104 width=121)
	  Sort Key: c
	  ->  Index Scan using sbtest4_pkey on sbtest4  (cost=0.43..402.81 rows=104 width=121)
	        Index Cond: ((id >= 7461599) AND (id <= 7461698))

table 5 : explain SELECT c FROM sbtest5 WHERE id BETWEEN 6976106 AND 6976205 ORDER BY c
	Sort  (cost=357.64..357.87 rows=91 width=121)
	  Sort Key: c
	  ->  Index Scan using sbtest5_pkey on sbtest5  (cost=0.43..354.68 rows=91 width=121)
	        Index Cond: ((id >= 6976106) AND (id <= 6976205))

table 6 : explain SELECT c FROM sbtest6 WHERE id BETWEEN 5603880 AND 5603979 ORDER BY c
	Sort  (cost=363.46..363.69 rows=93 width=121)
	  Sort Key: c
	  ->  Index Scan using sbtest6_pkey on sbtest6  (cost=0.43..360.42 rows=93 width=121)
	        Index Cond: ((id >= 5603880) AND (id <= 5603979))

table 7 : explain SELECT c FROM sbtest7 WHERE id BETWEEN 3182513 AND 3182612 ORDER BY c
	Sort  (cost=395.97..396.23 rows=102 width=121)
	  Sort Key: c
	  ->  Index Scan using sbtest7_pkey on sbtest7  (cost=0.43..392.57 rows=102 width=121)
	        Index Cond: ((id >= 3182513) AND (id <= 3182612))

table 8 : explain SELECT c FROM sbtest8 WHERE id BETWEEN 8732669 AND 8732768 ORDER BY c
	Sort  (cost=387.09..387.34 rows=99 width=121)
	  Sort Key: c
	  ->  Index Scan using sbtest8_pkey on sbtest8  (cost=0.43..383.81 rows=99 width=121)
	        Index Cond: ((id >= 8732669) AND (id <= 8732768))

explain: for non_index_updates :: explain UPDATE sbtest%u SET c='foobar' WHERE id=%u
for: order_ranges
table 1 : explain SELECT c FROM sbtest1 WHERE id BETWEEN 3227290 AND 3227389 ORDER BY c
	Sort  (cost=437.81..438.09 rows=113 width=121)
	  Sort Key: c
	  ->  Index Scan using sbtest1_pkey on sbtest1  (cost=0.43..433.95 rows=113 width=121)
	        Index Cond: ((id >= 3227290) AND (id <= 3227389))

table 2 : explain SELECT c FROM sbtest2 WHERE id BETWEEN 3315640 AND 3315739 ORDER BY c
	Sort  (cost=355.64..355.87 rows=91 width=121)
	  Sort Key: c
	  ->  Index Scan using sbtest2_pkey on sbtest2  (cost=0.43..352.68 rows=91 width=121)
	        Index Cond: ((id >= 3315640) AND (id <= 3315739))

table 3 : explain SELECT c FROM sbtest3 WHERE id BETWEEN 3273635 AND 3273734 ORDER BY c
	Sort  (cost=350.56..350.79 rows=90 width=121)
	  Sort Key: c
	  ->  Index Scan using sbtest3_pkey on sbtest3  (cost=0.43..347.64 rows=90 width=121)
	        Index Cond: ((id >= 3273635) AND (id <= 3273734))

table 4 : explain SELECT c FROM sbtest4 WHERE id BETWEEN 5394829 AND 5394928 ORDER BY c
	Sort  (cost=367.62..367.85 rows=94 width=121)
	  Sort Key: c
	  ->  Index Scan using sbtest4_pkey on sbtest4  (cost=0.43..364.54 rows=94 width=121)
	        Index Cond: ((id >= 5394829) AND (id <= 5394928))

table 5 : explain SELECT c FROM sbtest5 WHERE id BETWEEN 6229836 AND 6229935 ORDER BY c
	Sort  (cost=384.89..385.13 rows=98 width=121)
	  Sort Key: c
	  ->  Index Scan using sbtest5_pkey on sbtest5  (cost=0.43..381.65 rows=98 width=121)
	        Index Cond: ((id >= 6229836) AND (id <= 6229935))

table 6 : explain SELECT c FROM sbtest6 WHERE id BETWEEN 6989549 AND 6989648 ORDER BY c
	Sort  (cost=382.83..383.07 rows=98 width=121)
	  Sort Key: c
	  ->  Index Scan using sbtest6_pkey on sbtest6  (cost=0.43..379.59 rows=98 width=121)
	        Index Cond: ((id >= 6989549) AND (id <= 6989648))

table 7 : explain SELECT c FROM sbtest7 WHERE id BETWEEN 1131459 AND 1131558 ORDER BY c
	Sort  (cost=411.34..411.61 rows=106 width=121)
	  Sort Key: c
	  ->  Index Scan using sbtest7_pkey on sbtest7  (cost=0.43..407.77 rows=106 width=121)
	        Index Cond: ((id >= 1131459) AND (id <= 1131558))

table 8 : explain SELECT c FROM sbtest8 WHERE id BETWEEN 5861668 AND 5861767 ORDER BY c
	Sort  (cost=406.44..406.70 rows=104 width=121)
	  Sort Key: c
	  ->  Index Scan using sbtest8_pkey on sbtest8  (cost=0.43..402.95 rows=104 width=121)
	        Index Cond: ((id >= 5861668) AND (id <= 5861767))

for index_updates
table 1 : explain UPDATE sbtest1 SET k=k+1 WHERE id=9320256
	Update on sbtest1  (cost=0.43..8.46 rows=0 width=0)
	  ->  Index Scan using sbtest1_pkey on sbtest1  (cost=0.43..8.46 rows=1 width=10)
	        Index Cond: (id = 9320256)

table 2 : explain UPDATE sbtest2 SET k=k+1 WHERE id=4021557
	Update on sbtest2  (cost=0.43..8.46 rows=0 width=0)
	  ->  Index Scan using sbtest2_pkey on sbtest2  (cost=0.43..8.46 rows=1 width=10)
	        Index Cond: (id = 4021557)

table 3 : explain UPDATE sbtest3 SET k=k+1 WHERE id=7995466
	Update on sbtest3  (cost=0.43..8.46 rows=0 width=0)
	  ->  Index Scan using sbtest3_pkey on sbtest3  (cost=0.43..8.46 rows=1 width=10)
	        Index Cond: (id = 7995466)

table 4 : explain UPDATE sbtest4 SET k=k+1 WHERE id=4505731
	Update on sbtest4  (cost=0.43..8.46 rows=0 width=0)
	  ->  Index Scan using sbtest4_pkey on sbtest4  (cost=0.43..8.46 rows=1 width=10)
	        Index Cond: (id = 4505731)

table 5 : explain UPDATE sbtest5 SET k=k+1 WHERE id=4340916
	Update on sbtest5  (cost=0.43..8.46 rows=0 width=0)
	  ->  Index Scan using sbtest5_pkey on sbtest5  (cost=0.43..8.46 rows=1 width=10)
	        Index Cond: (id = 4340916)

table 6 : explain UPDATE sbtest6 SET k=k+1 WHERE id=4467508
	Update on sbtest6  (cost=0.43..8.46 rows=0 width=0)
	  ->  Index Scan using sbtest6_pkey on sbtest6  (cost=0.43..8.46 rows=1 width=10)
	        Index Cond: (id = 4467508)

table 7 : explain UPDATE sbtest7 SET k=k+1 WHERE id=7119651
	Update on sbtest7  (cost=0.43..8.46 rows=0 width=0)
	  ->  Index Scan using sbtest7_pkey on sbtest7  (cost=0.43..8.46 rows=1 width=10)
	        Index Cond: (id = 7119651)

table 8 : explain UPDATE sbtest8 SET k=k+1 WHERE id=1959707
	Update on sbtest8  (cost=0.43..8.46 rows=0 width=0)
	  ->  Index Scan using sbtest8_pkey on sbtest8  (cost=0.43..8.46 rows=1 width=10)
	        Index Cond: (id = 1959707)

for: distinct_ranges
table 1 : explain SELECT DISTINCT c FROM sbtest1 WHERE id BETWEEN 33713 AND 33812 ORDER BY c
	Unique  (cost=395.58..396.09 rows=102 width=121)
	  ->  Sort  (cost=395.58..395.84 rows=102 width=121)
	        Sort Key: c
	        ->  Index Scan using sbtest1_pkey on sbtest1  (cost=0.43..392.18 rows=102 width=121)
	              Index Cond: ((id >= 33713) AND (id <= 33812))

table 2 : explain SELECT DISTINCT c FROM sbtest2 WHERE id BETWEEN 6972856 AND 6972955 ORDER BY c
	Unique  (cost=371.10..371.57 rows=95 width=121)
	  ->  Sort  (cost=371.10..371.34 rows=95 width=121)
	        Sort Key: c
	        ->  Index Scan using sbtest2_pkey on sbtest2  (cost=0.43..367.98 rows=95 width=121)
	              Index Cond: ((id >= 6972856) AND (id <= 6972955))

table 3 : explain SELECT DISTINCT c FROM sbtest3 WHERE id BETWEEN 9230020 AND 9230119 ORDER BY c
	Unique  (cost=400.60..401.12 rows=103 width=121)
	  ->  Sort  (cost=400.60..400.86 rows=103 width=121)
	        Sort Key: c
	        ->  Index Scan using sbtest3_pkey on sbtest3  (cost=0.43..397.16 rows=103 width=121)
	              Index Cond: ((id >= 9230020) AND (id <= 9230119))

table 4 : explain SELECT DISTINCT c FROM sbtest4 WHERE id BETWEEN 5245612 AND 5245711 ORDER BY c
	Unique  (cost=410.16..410.69 rows=105 width=121)
	  ->  Sort  (cost=410.16..410.43 rows=105 width=121)
	        Sort Key: c
	        ->  Index Scan using sbtest4_pkey on sbtest4  (cost=0.43..406.64 rows=105 width=121)
	              Index Cond: ((id >= 5245612) AND (id <= 5245711))

table 5 : explain SELECT DISTINCT c FROM sbtest5 WHERE id BETWEEN 8384300 AND 8384399 ORDER BY c
	Unique  (cost=338.21..338.64 rows=86 width=121)
	  ->  Sort  (cost=338.21..338.43 rows=86 width=121)
	        Sort Key: c
	        ->  Index Scan using sbtest5_pkey on sbtest5  (cost=0.43..335.45 rows=86 width=121)
	              Index Cond: ((id >= 8384300) AND (id <= 8384399))

table 6 : explain SELECT DISTINCT c FROM sbtest6 WHERE id BETWEEN 2990322 AND 2990421 ORDER BY c
	Unique  (cost=371.24..371.71 rows=95 width=121)
	  ->  Sort  (cost=371.24..371.47 rows=95 width=121)
	        Sort Key: c
	        ->  Index Scan using sbtest6_pkey on sbtest6  (cost=0.43..368.11 rows=95 width=121)
	              Index Cond: ((id >= 2990322) AND (id <= 2990421))

table 7 : explain SELECT DISTINCT c FROM sbtest7 WHERE id BETWEEN 5664496 AND 5664595 ORDER BY c
	Unique  (cost=369.08..369.55 rows=95 width=121)
	  ->  Sort  (cost=369.08..369.32 rows=95 width=121)
	        Sort Key: c
	        ->  Index Scan using sbtest7_pkey on sbtest7  (cost=0.43..365.96 rows=95 width=121)
	              Index Cond: ((id >= 5664496) AND (id <= 5664595))

table 8 : explain SELECT DISTINCT c FROM sbtest8 WHERE id BETWEEN 8903276 AND 8903375 ORDER BY c
	Unique  (cost=425.78..426.33 rows=109 width=121)
	  ->  Sort  (cost=425.78..426.06 rows=109 width=121)
	        Sort Key: c
	        ->  Index Scan using sbtest8_pkey on sbtest8  (cost=0.43..422.10 rows=109 width=121)
	              Index Cond: ((id >= 8903276) AND (id <= 8903375))

for: distinct_ranges
table 1 : explain SELECT DISTINCT c FROM sbtest1 WHERE id BETWEEN 3575054 AND 3575153 ORDER BY c
	Unique  (cost=380.23..380.72 rows=98 width=121)
	  ->  Sort  (cost=380.23..380.47 rows=98 width=121)
	        Sort Key: c
	        ->  Index Scan using sbtest1_pkey on sbtest1  (cost=0.43..376.99 rows=98 width=121)
	              Index Cond: ((id >= 3575054) AND (id <= 3575153))

table 2 : explain SELECT DISTINCT c FROM sbtest2 WHERE id BETWEEN 8948839 AND 8948938 ORDER BY c
	Unique  (cost=390.47..390.97 rows=100 width=121)
	  ->  Sort  (cost=390.47..390.72 rows=100 width=121)
	        Sort Key: c
	        ->  Index Scan using sbtest2_pkey on sbtest2  (cost=0.43..387.14 rows=100 width=121)
	              Index Cond: ((id >= 8948839) AND (id <= 8948938))

table 3 : explain SELECT DISTINCT c FROM sbtest3 WHERE id BETWEEN 2935620 AND 2935719 ORDER BY c
	Unique  (cost=369.81..370.28 rows=95 width=121)
	  ->  Sort  (cost=369.81..370.04 rows=95 width=121)
	        Sort Key: c
	        ->  Index Scan using sbtest3_pkey on sbtest3  (cost=0.43..366.69 rows=95 width=121)
	              Index Cond: ((id >= 2935620) AND (id <= 2935719))

table 4 : explain SELECT DISTINCT c FROM sbtest4 WHERE id BETWEEN 9476827 AND 9476926 ORDER BY c
	Unique  (cost=371.49..371.96 rows=95 width=121)
	  ->  Sort  (cost=371.49..371.72 rows=95 width=121)
	        Sort Key: c
	        ->  Index Scan using sbtest4_pkey on sbtest4  (cost=0.43..368.36 rows=95 width=121)
	              Index Cond: ((id >= 9476827) AND (id <= 9476926))

table 5 : explain SELECT DISTINCT c FROM sbtest5 WHERE id BETWEEN 8356110 AND 8356209 ORDER BY c
	Unique  (cost=338.21..338.64 rows=86 width=121)
	  ->  Sort  (cost=338.21..338.43 rows=86 width=121)
	        Sort Key: c
	        ->  Index Scan using sbtest5_pkey on sbtest5  (cost=0.43..335.45 rows=86 width=121)
	              Index Cond: ((id >= 8356110) AND (id <= 8356209))

table 6 : explain SELECT DISTINCT c FROM sbtest6 WHERE id BETWEEN 3193746 AND 3193845 ORDER BY c
	Unique  (cost=382.83..383.32 rows=98 width=121)
	  ->  Sort  (cost=382.83..383.07 rows=98 width=121)
	        Sort Key: c
	        ->  Index Scan using sbtest6_pkey on sbtest6  (cost=0.43..379.59 rows=98 width=121)
	              Index Cond: ((id >= 3193746) AND (id <= 3193845))

table 7 : explain SELECT DISTINCT c FROM sbtest7 WHERE id BETWEEN 4809956 AND 4810055 ORDER BY c
	Unique  (cost=376.76..377.25 rows=97 width=121)
	  ->  Sort  (cost=376.76..377.00 rows=97 width=121)
	        Sort Key: c
	        ->  Index Scan using sbtest7_pkey on sbtest7  (cost=0.43..373.56 rows=97 width=121)
	              Index Cond: ((id >= 4809956) AND (id <= 4810055))

table 8 : explain SELECT DISTINCT c FROM sbtest8 WHERE id BETWEEN 72799 AND 72898 ORDER BY c
	Unique  (cost=421.92..422.46 rows=108 width=121)
	  ->  Sort  (cost=421.92..422.19 rows=108 width=121)
	        Sort Key: c
	        ->  Index Scan using sbtest8_pkey on sbtest8  (cost=0.43..418.27 rows=108 width=121)
	              Index Cond: ((id >= 72799) AND (id <= 72898))

for non_index_updates
table 1 : explain UPDATE sbtest1 SET c='foobar' WHERE id=8403451
	Update on sbtest1  (cost=0.43..8.45 rows=0 width=0)
	  ->  Index Scan using sbtest1_pkey on sbtest1  (cost=0.43..8.45 rows=1 width=490)
	        Index Cond: (id = 8403451)

table 2 : explain UPDATE sbtest2 SET c='foobar' WHERE id=7862063
	Update on sbtest2  (cost=0.43..8.45 rows=0 width=0)
	  ->  Index Scan using sbtest2_pkey on sbtest2  (cost=0.43..8.45 rows=1 width=490)
	        Index Cond: (id = 7862063)

table 3 : explain UPDATE sbtest3 SET c='foobar' WHERE id=4031504
	Update on sbtest3  (cost=0.43..8.45 rows=0 width=0)
	  ->  Index Scan using sbtest3_pkey on sbtest3  (cost=0.43..8.45 rows=1 width=490)
	        Index Cond: (id = 4031504)

table 4 : explain UPDATE sbtest4 SET c='foobar' WHERE id=6581455
	Update on sbtest4  (cost=0.43..8.45 rows=0 width=0)
	  ->  Index Scan using sbtest4_pkey on sbtest4  (cost=0.43..8.45 rows=1 width=490)
	        Index Cond: (id = 6581455)

table 5 : explain UPDATE sbtest5 SET c='foobar' WHERE id=9846445
	Update on sbtest5  (cost=0.43..8.45 rows=0 width=0)
	  ->  Index Scan using sbtest5_pkey on sbtest5  (cost=0.43..8.45 rows=1 width=490)
	        Index Cond: (id = 9846445)

table 6 : explain UPDATE sbtest6 SET c='foobar' WHERE id=2008318
	Update on sbtest6  (cost=0.43..8.45 rows=0 width=0)
	  ->  Index Scan using sbtest6_pkey on sbtest6  (cost=0.43..8.45 rows=1 width=490)
	        Index Cond: (id = 2008318)

table 7 : explain UPDATE sbtest7 SET c='foobar' WHERE id=2362379
	Update on sbtest7  (cost=0.43..8.45 rows=0 width=0)
	  ->  Index Scan using sbtest7_pkey on sbtest7  (cost=0.43..8.45 rows=1 width=490)
	        Index Cond: (id = 2362379)

table 8 : explain UPDATE sbtest8 SET c='foobar' WHERE id=2854497
	Update on sbtest8  (cost=0.43..8.45 rows=0 width=0)
	  ->  Index Scan using sbtest8_pkey on sbtest8  (cost=0.43..8.45 rows=1 width=490)
	        Index Cond: (id = 2854497)

for point_selects
table 1 : explain SELECT c FROM sbtest1 WHERE id=1857328
	Index Scan using sbtest1_pkey on sbtest1  (cost=0.43..8.45 rows=1 width=121)
	  Index Cond: (id = 1857328)

table 2 : explain SELECT c FROM sbtest2 WHERE id=3645193
	Index Scan using sbtest2_pkey on sbtest2  (cost=0.43..8.45 rows=1 width=121)
	  Index Cond: (id = 3645193)

table 3 : explain SELECT c FROM sbtest3 WHERE id=8204474
	Index Scan using sbtest3_pkey on sbtest3  (cost=0.43..8.45 rows=1 width=121)
	  Index Cond: (id = 8204474)

table 4 : explain SELECT c FROM sbtest4 WHERE id=7451074
	Index Scan using sbtest4_pkey on sbtest4  (cost=0.43..8.45 rows=1 width=121)
	  Index Cond: (id = 7451074)

table 5 : explain SELECT c FROM sbtest5 WHERE id=7847977
	Index Scan using sbtest5_pkey on sbtest5  (cost=0.43..8.45 rows=1 width=121)
	  Index Cond: (id = 7847977)

table 6 : explain SELECT c FROM sbtest6 WHERE id=2092778
	Index Scan using sbtest6_pkey on sbtest6  (cost=0.43..8.45 rows=1 width=121)
	  Index Cond: (id = 2092778)

table 7 : explain SELECT c FROM sbtest7 WHERE id=2732802
	Index Scan using sbtest7_pkey on sbtest7  (cost=0.43..8.45 rows=1 width=121)
	  Index Cond: (id = 2732802)

table 8 : explain SELECT c FROM sbtest8 WHERE id=8746735
	Index Scan using sbtest8_pkey on sbtest8  (cost=0.43..8.45 rows=1 width=121)
	  Index Cond: (id = 8746735)

explain: for index_updates :: explain UPDATE sbtest%u SET k=k+1 WHERE id=%u
explain: for non_index_updates :: explain UPDATE sbtest%u SET c='foobar' WHERE id=%u
explain: for deletes :: explain DELETE FROM sbtest%u WHERE id=%u
for: distinct_ranges
table 1 : explain SELECT DISTINCT c FROM sbtest1 WHERE id BETWEEN 6384548 AND 6384647 ORDER BY c
	Unique  (cost=380.23..380.72 rows=98 width=121)
	  ->  Sort  (cost=380.23..380.47 rows=98 width=121)
	        Sort Key: c
	        ->  Index Scan using sbtest1_pkey on sbtest1  (cost=0.43..376.99 rows=98 width=121)
	              Index Cond: ((id >= 6384548) AND (id <= 6384647))

table 2 : explain SELECT DISTINCT c FROM sbtest2 WHERE id BETWEEN 3212217 AND 3212316 ORDER BY c
	Unique  (cost=359.51..359.97 rows=92 width=121)
	  ->  Sort  (cost=359.51..359.74 rows=92 width=121)
	        Sort Key: c
	        ->  Index Scan using sbtest2_pkey on sbtest2  (cost=0.43..356.51 rows=92 width=121)
	              Index Cond: ((id >= 3212217) AND (id <= 3212316))

table 3 : explain SELECT DISTINCT c FROM sbtest3 WHERE id BETWEEN 2037682 AND 2037781 ORDER BY c
	Unique  (cost=369.81..370.28 rows=95 width=121)
	  ->  Sort  (cost=369.81..370.04 rows=95 width=121)
	        Sort Key: c
	        ->  Index Scan using sbtest3_pkey on sbtest3  (cost=0.43..366.69 rows=95 width=121)
	              Index Cond: ((id >= 2037682) AND (id <= 2037781))

table 4 : explain SELECT DISTINCT c FROM sbtest4 WHERE id BETWEEN 8286552 AND 8286651 ORDER BY c
	Unique  (cost=394.69..395.20 rows=101 width=121)
	  ->  Sort  (cost=394.69..394.94 rows=101 width=121)
	        Sort Key: c
	        ->  Index Scan using sbtest4_pkey on sbtest4  (cost=0.43..391.33 rows=101 width=121)
	              Index Cond: ((id >= 8286552) AND (id <= 8286651))

table 5 : explain SELECT DISTINCT c FROM sbtest5 WHERE id BETWEEN 4192189 AND 4192288 ORDER BY c
	Unique  (cost=381.00..381.49 rows=97 width=121)
	  ->  Sort  (cost=381.00..381.24 rows=97 width=121)
	        Sort Key: c
	        ->  Index Scan using sbtest5_pkey on sbtest5  (cost=0.43..377.80 rows=97 width=121)
	              Index Cond: ((id >= 4192189) AND (id <= 4192288))

table 6 : explain SELECT DISTINCT c FROM sbtest6 WHERE id BETWEEN 3722975 AND 3723074 ORDER BY c
	Unique  (cost=355.73..356.18 rows=91 width=121)
	  ->  Sort  (cost=355.73..355.96 rows=91 width=121)
	        Sort Key: c
	        ->  Index Scan using sbtest6_pkey on sbtest6  (cost=0.43..352.77 rows=91 width=121)
	              Index Cond: ((id >= 3722975) AND (id <= 3723074))

table 7 : explain SELECT DISTINCT c FROM sbtest7 WHERE id BETWEEN 1777155 AND 1777254 ORDER BY c
	Unique  (cost=380.60..381.09 rows=98 width=121)
	  ->  Sort  (cost=380.60..380.85 rows=98 width=121)
	        Sort Key: c
	        ->  Index Scan using sbtest7_pkey on sbtest7  (cost=0.43..377.36 rows=98 width=121)
	              Index Cond: ((id >= 1777155) AND (id <= 1777254))

table 8 : explain SELECT DISTINCT c FROM sbtest8 WHERE id BETWEEN 5003059 AND 5003158 ORDER BY c
	Unique  (cost=367.70..368.17 rows=94 width=121)
	  ->  Sort  (cost=367.70..367.93 rows=94 width=121)
	        Sort Key: c
	        ->  Index Scan using sbtest8_pkey on sbtest8  (cost=0.43..364.62 rows=94 width=121)
	              Index Cond: ((id >= 5003059) AND (id <= 5003158))

explain: for index_updates :: explain UPDATE sbtest%u SET k=k+1 WHERE id=%u
for: distinct_ranges
table 1 : explain SELECT DISTINCT c FROM sbtest1 WHERE id BETWEEN 2109510 AND 2109609 ORDER BY c
	Unique  (cost=387.91..388.41 rows=100 width=121)
	  ->  Sort  (cost=387.91..388.16 rows=100 width=121)
	        Sort Key: c
	        ->  Index Scan using sbtest1_pkey on sbtest1  (cost=0.43..384.58 rows=100 width=121)
	              Index Cond: ((id >= 2109510) AND (id <= 2109609))

table 2 : explain SELECT DISTINCT c FROM sbtest2 WHERE id BETWEEN 5310420 AND 5310519 ORDER BY c
	Unique  (cost=382.74..383.23 rows=98 width=121)
	  ->  Sort  (cost=382.74..382.98 rows=98 width=121)
	        Sort Key: c
	        ->  Index Scan using sbtest2_pkey on sbtest2  (cost=0.43..379.50 rows=98 width=121)
	              Index Cond: ((id >= 5310420) AND (id <= 5310519))

table 3 : explain SELECT DISTINCT c FROM sbtest3 WHERE id BETWEEN 7096597 AND 7096696 ORDER BY c
	Unique  (cost=385.20..385.70 rows=99 width=121)
	  ->  Sort  (cost=385.20..385.45 rows=99 width=121)
	        Sort Key: c
	        ->  Index Scan using sbtest3_pkey on sbtest3  (cost=0.43..381.92 rows=99 width=121)
	              Index Cond: ((id >= 7096597) AND (id <= 7096696))

table 4 : explain SELECT DISTINCT c FROM sbtest4 WHERE id BETWEEN 4375807 AND 4375906 ORDER BY c
	Unique  (cost=359.88..360.34 rows=92 width=121)
	  ->  Sort  (cost=359.88..360.11 rows=92 width=121)
	        Sort Key: c
	        ->  Index Scan using sbtest4_pkey on sbtest4  (cost=0.43..356.88 rows=92 width=121)
	              Index Cond: ((id >= 4375807) AND (id <= 4375906))

table 5 : explain SELECT DISTINCT c FROM sbtest5 WHERE id BETWEEN 7112620 AND 7112719 ORDER BY c
	Unique  (cost=381.00..381.49 rows=97 width=121)
	  ->  Sort  (cost=381.00..381.24 rows=97 width=121)
	        Sort Key: c
	        ->  Index Scan using sbtest5_pkey on sbtest5  (cost=0.43..377.80 rows=97 width=121)
	              Index Cond: ((id >= 7112620) AND (id <= 7112719))

table 6 : explain SELECT DISTINCT c FROM sbtest6 WHERE id BETWEEN 3129305 AND 3129404 ORDER BY c
	Unique  (cost=363.46..363.92 rows=93 width=121)
	  ->  Sort  (cost=363.46..363.69 rows=93 width=121)
	        Sort Key: c
	        ->  Index Scan using sbtest6_pkey on sbtest6  (cost=0.43..360.42 rows=93 width=121)
	              Index Cond: ((id >= 3129305) AND (id <= 3129404))

table 7 : explain SELECT DISTINCT c FROM sbtest7 WHERE id BETWEEN 3823710 AND 3823809 ORDER BY c
	Unique  (cost=384.45..384.94 rows=99 width=121)
	  ->  Sort  (cost=384.45..384.69 rows=99 width=121)
	        Sort Key: c
	        ->  Index Scan using sbtest7_pkey on sbtest7  (cost=0.43..381.16 rows=99 width=121)
	              Index Cond: ((id >= 3823710) AND (id <= 3823809))

table 8 : explain SELECT DISTINCT c FROM sbtest8 WHERE id BETWEEN 3090260 AND 3090359 ORDER BY c
	Unique  (cost=375.44..375.92 rows=96 width=121)
	  ->  Sort  (cost=375.44..375.68 rows=96 width=121)
	        Sort Key: c
	        ->  Index Scan using sbtest8_pkey on sbtest8  (cost=0.43..372.28 rows=96 width=121)
	              Index Cond: ((id >= 3090260) AND (id <= 3090359))

for: sum_ranges
table 1 : explain SELECT SUM(k) FROM sbtest1 WHERE id BETWEEN 2712840 AND 2712939
	Aggregate  (cost=388.63..388.64 rows=1 width=8)
	  ->  Index Scan using sbtest1_pkey on sbtest1  (cost=0.43..388.38 rows=101 width=4)
	        Index Cond: ((id >= 2712840) AND (id <= 2712939))

table 2 : explain SELECT SUM(k) FROM sbtest2 WHERE id BETWEEN 1037960 AND 1038059
	Aggregate  (cost=460.09..460.10 rows=1 width=8)
	  ->  Index Scan using sbtest2_pkey on sbtest2  (cost=0.43..459.79 rows=119 width=4)
	        Index Cond: ((id >= 1037960) AND (id <= 1038059))

table 3 : explain SELECT SUM(k) FROM sbtest3 WHERE id BETWEEN 6616081 AND 6616180
	Aggregate  (cost=408.85..408.86 rows=1 width=8)
	  ->  Index Scan using sbtest3_pkey on sbtest3  (cost=0.43..408.59 rows=106 width=4)
	        Index Cond: ((id >= 6616081) AND (id <= 6616180))

table 4 : explain SELECT SUM(k) FROM sbtest4 WHERE id BETWEEN 7574721 AND 7574820
	Aggregate  (cost=376.26..376.27 rows=1 width=8)
	  ->  Index Scan using sbtest4_pkey on sbtest4  (cost=0.43..376.02 rows=97 width=4)
	        Index Cond: ((id >= 7574721) AND (id <= 7574820))

table 5 : explain SELECT SUM(k) FROM sbtest5 WHERE id BETWEEN 1014261 AND 1014360
	Aggregate  (cost=351.06..351.07 rows=1 width=8)
	  ->  Index Scan using sbtest5_pkey on sbtest5  (cost=0.43..350.83 rows=90 width=4)
	        Index Cond: ((id >= 1014261) AND (id <= 1014360))

table 6 : explain SELECT SUM(k) FROM sbtest6 WHERE id BETWEEN 8104345 AND 8104444
	Aggregate  (cost=414.28..414.29 rows=1 width=8)
	  ->  Index Scan using sbtest6_pkey on sbtest6  (cost=0.43..414.01 rows=107 width=4)
	        Index Cond: ((id >= 8104345) AND (id <= 8104444))

table 7 : explain SELECT SUM(k) FROM sbtest7 WHERE id BETWEEN 465556 AND 465655
	Aggregate  (cost=366.20..366.21 rows=1 width=8)
	  ->  Index Scan using sbtest7_pkey on sbtest7  (cost=0.43..365.96 rows=95 width=4)
	        Index Cond: ((id >= 465556) AND (id <= 465655))

table 8 : explain SELECT SUM(k) FROM sbtest8 WHERE id BETWEEN 8902673 AND 8902772
	Aggregate  (cost=422.37..422.38 rows=1 width=8)
	  ->  Index Scan using sbtest8_pkey on sbtest8  (cost=0.43..422.10 rows=109 width=4)
	        Index Cond: ((id >= 8902673) AND (id <= 8902772))

explain: for index_updates :: explain UPDATE sbtest%u SET k=k+1 WHERE id=%u
for index_updates
table 1 : explain UPDATE sbtest1 SET k=k+1 WHERE id=2330229
	Update on sbtest1  (cost=0.43..8.46 rows=0 width=0)
	  ->  Index Scan using sbtest1_pkey on sbtest1  (cost=0.43..8.46 rows=1 width=10)
	        Index Cond: (id = 2330229)

table 2 : explain UPDATE sbtest2 SET k=k+1 WHERE id=677633
	Update on sbtest2  (cost=0.43..8.46 rows=0 width=0)
	  ->  Index Scan using sbtest2_pkey on sbtest2  (cost=0.43..8.46 rows=1 width=10)
	        Index Cond: (id = 677633)

table 3 : explain UPDATE sbtest3 SET k=k+1 WHERE id=7471181
	Update on sbtest3  (cost=0.43..8.46 rows=0 width=0)
	  ->  Index Scan using sbtest3_pkey on sbtest3  (cost=0.43..8.46 rows=1 width=10)
	        Index Cond: (id = 7471181)

table 4 : explain UPDATE sbtest4 SET k=k+1 WHERE id=2558536
	Update on sbtest4  (cost=0.43..8.46 rows=0 width=0)
	  ->  Index Scan using sbtest4_pkey on sbtest4  (cost=0.43..8.46 rows=1 width=10)
	        Index Cond: (id = 2558536)

table 5 : explain UPDATE sbtest5 SET k=k+1 WHERE id=6222692
	Update on sbtest5  (cost=0.43..8.46 rows=0 width=0)
	  ->  Index Scan using sbtest5_pkey on sbtest5  (cost=0.43..8.46 rows=1 width=10)
	        Index Cond: (id = 6222692)

table 6 : explain UPDATE sbtest6 SET k=k+1 WHERE id=9734778
	Update on sbtest6  (cost=0.43..8.46 rows=0 width=0)
	  ->  Index Scan using sbtest6_pkey on sbtest6  (cost=0.43..8.46 rows=1 width=10)
	        Index Cond: (id = 9734778)

table 7 : explain UPDATE sbtest7 SET k=k+1 WHERE id=8820156
	Update on sbtest7  (cost=0.43..8.46 rows=0 width=0)
	  ->  Index Scan using sbtest7_pkey on sbtest7  (cost=0.43..8.46 rows=1 width=10)
	        Index Cond: (id = 8820156)

table 8 : explain UPDATE sbtest8 SET k=k+1 WHERE id=8665270
	Update on sbtest8  (cost=0.43..8.46 rows=0 width=0)
	  ->  Index Scan using sbtest8_pkey on sbtest8  (cost=0.43..8.46 rows=1 width=10)
	        Index Cond: (id = 8665270)

for deletes
table 1 : explain DELETE FROM sbtest1 WHERE id=811542
	Delete on sbtest1  (cost=0.43..8.45 rows=0 width=0)
	  ->  Index Scan using sbtest1_pkey on sbtest1  (cost=0.43..8.45 rows=1 width=6)
	        Index Cond: (id = 811542)

table 2 : explain DELETE FROM sbtest2 WHERE id=9918832
	Delete on sbtest2  (cost=0.43..8.45 rows=0 width=0)
	  ->  Index Scan using sbtest2_pkey on sbtest2  (cost=0.43..8.45 rows=1 width=6)
	        Index Cond: (id = 9918832)

table 3 : explain DELETE FROM sbtest3 WHERE id=7709389
	Delete on sbtest3  (cost=0.43..8.45 rows=0 width=0)
	  ->  Index Scan using sbtest3_pkey on sbtest3  (cost=0.43..8.45 rows=1 width=6)
	        Index Cond: (id = 7709389)

table 4 : explain DELETE FROM sbtest4 WHERE id=8352273
	Delete on sbtest4  (cost=0.43..8.45 rows=0 width=0)
	  ->  Index Scan using sbtest4_pkey on sbtest4  (cost=0.43..8.45 rows=1 width=6)
	        Index Cond: (id = 8352273)

table 5 : explain DELETE FROM sbtest5 WHERE id=4323987
	Delete on sbtest5  (cost=0.43..8.45 rows=0 width=0)
	  ->  Index Scan using sbtest5_pkey on sbtest5  (cost=0.43..8.45 rows=1 width=6)
	        Index Cond: (id = 4323987)

table 6 : explain DELETE FROM sbtest6 WHERE id=433788
	Delete on sbtest6  (cost=0.43..8.45 rows=0 width=0)
	  ->  Index Scan using sbtest6_pkey on sbtest6  (cost=0.43..8.45 rows=1 width=6)
	        Index Cond: (id = 433788)

table 7 : explain DELETE FROM sbtest7 WHERE id=7472546
	Delete on sbtest7  (cost=0.43..8.45 rows=0 width=0)
	  ->  Index Scan using sbtest7_pkey on sbtest7  (cost=0.43..8.45 rows=1 width=6)
	        Index Cond: (id = 7472546)

table 8 : explain DELETE FROM sbtest8 WHERE id=6150996
	Delete on sbtest8  (cost=0.43..8.45 rows=0 width=0)
	  ->  Index Scan using sbtest8_pkey on sbtest8  (cost=0.43..8.45 rows=1 width=6)
	        Index Cond: (id = 6150996)

for point_selects
table 1 : explain SELECT c FROM sbtest1 WHERE id=2021452
	Index Scan using sbtest1_pkey on sbtest1  (cost=0.43..8.45 rows=1 width=121)
	  Index Cond: (id = 2021452)

table 2 : explain SELECT c FROM sbtest2 WHERE id=2519941
	Index Scan using sbtest2_pkey on sbtest2  (cost=0.43..8.45 rows=1 width=121)
	  Index Cond: (id = 2519941)

table 3 : explain SELECT c FROM sbtest3 WHERE id=1108305
	Index Scan using sbtest3_pkey on sbtest3  (cost=0.43..8.45 rows=1 width=121)
	  Index Cond: (id = 1108305)

table 4 : explain SELECT c FROM sbtest4 WHERE id=337272
	Index Scan using sbtest4_pkey on sbtest4  (cost=0.43..8.45 rows=1 width=121)
	  Index Cond: (id = 337272)

table 5 : explain SELECT c FROM sbtest5 WHERE id=7525499
	Index Scan using sbtest5_pkey on sbtest5  (cost=0.43..8.45 rows=1 width=121)
	  Index Cond: (id = 7525499)

table 6 : explain SELECT c FROM sbtest6 WHERE id=1850574
	Index Scan using sbtest6_pkey on sbtest6  (cost=0.43..8.45 rows=1 width=121)
	  Index Cond: (id = 1850574)

table 7 : explain SELECT c FROM sbtest7 WHERE id=656544
	Index Scan using sbtest7_pkey on sbtest7  (cost=0.43..8.45 rows=1 width=121)
	  Index Cond: (id = 656544)

table 8 : explain SELECT c FROM sbtest8 WHERE id=3451611
	Index Scan using sbtest8_pkey on sbtest8  (cost=0.43..8.45 rows=1 width=121)
	  Index Cond: (id = 3451611)

for point_selects
table 1 : explain SELECT c FROM sbtest1 WHERE id=3976407
	Index Scan using sbtest1_pkey on sbtest1  (cost=0.43..8.45 rows=1 width=121)
	  Index Cond: (id = 3976407)

table 2 : explain SELECT c FROM sbtest2 WHERE id=8017164
	Index Scan using sbtest2_pkey on sbtest2  (cost=0.43..8.45 rows=1 width=121)
	  Index Cond: (id = 8017164)

table 3 : explain SELECT c FROM sbtest3 WHERE id=9842638
	Index Scan using sbtest3_pkey on sbtest3  (cost=0.43..8.45 rows=1 width=121)
	  Index Cond: (id = 9842638)

table 4 : explain SELECT c FROM sbtest4 WHERE id=8188080
	Index Scan using sbtest4_pkey on sbtest4  (cost=0.43..8.45 rows=1 width=121)
	  Index Cond: (id = 8188080)

table 5 : explain SELECT c FROM sbtest5 WHERE id=5990135
	Index Scan using sbtest5_pkey on sbtest5  (cost=0.43..8.45 rows=1 width=121)
	  Index Cond: (id = 5990135)

table 6 : explain SELECT c FROM sbtest6 WHERE id=6472282
	Index Scan using sbtest6_pkey on sbtest6  (cost=0.43..8.45 rows=1 width=121)
	  Index Cond: (id = 6472282)

table 7 : explain SELECT c FROM sbtest7 WHERE id=3104721
	Index Scan using sbtest7_pkey on sbtest7  (cost=0.43..8.45 rows=1 width=121)
	  Index Cond: (id = 3104721)

table 8 : explain SELECT c FROM sbtest8 WHERE id=8134114
	Index Scan using sbtest8_pkey on sbtest8  (cost=0.43..8.45 rows=1 width=121)
	  Index Cond: (id = 8134114)

for non_index_updates
table 1 : explain UPDATE sbtest1 SET c='foobar' WHERE id=2606620
	Update on sbtest1  (cost=0.43..8.45 rows=0 width=0)
	  ->  Index Scan using sbtest1_pkey on sbtest1  (cost=0.43..8.45 rows=1 width=490)
	        Index Cond: (id = 2606620)

table 2 : explain UPDATE sbtest2 SET c='foobar' WHERE id=8282961
	Update on sbtest2  (cost=0.43..8.45 rows=0 width=0)
	  ->  Index Scan using sbtest2_pkey on sbtest2  (cost=0.43..8.45 rows=1 width=490)
	        Index Cond: (id = 8282961)

table 3 : explain UPDATE sbtest3 SET c='foobar' WHERE id=9569320
	Update on sbtest3  (cost=0.43..8.45 rows=0 width=0)
	  ->  Index Scan using sbtest3_pkey on sbtest3  (cost=0.43..8.45 rows=1 width=490)
	        Index Cond: (id = 9569320)

table 4 : explain UPDATE sbtest4 SET c='foobar' WHERE id=6709711
	Update on sbtest4  (cost=0.43..8.45 rows=0 width=0)
	  ->  Index Scan using sbtest4_pkey on sbtest4  (cost=0.43..8.45 rows=1 width=490)
	        Index Cond: (id = 6709711)

table 5 : explain UPDATE sbtest5 SET c='foobar' WHERE id=8590870
	Update on sbtest5  (cost=0.43..8.45 rows=0 width=0)
	  ->  Index Scan using sbtest5_pkey on sbtest5  (cost=0.43..8.45 rows=1 width=490)
	        Index Cond: (id = 8590870)

table 6 : explain UPDATE sbtest6 SET c='foobar' WHERE id=3583977
	Update on sbtest6  (cost=0.43..8.45 rows=0 width=0)
	  ->  Index Scan using sbtest6_pkey on sbtest6  (cost=0.43..8.45 rows=1 width=490)
	        Index Cond: (id = 3583977)

table 7 : explain UPDATE sbtest7 SET c='foobar' WHERE id=5446068
	Update on sbtest7  (cost=0.43..8.45 rows=0 width=0)
	  ->  Index Scan using sbtest7_pkey on sbtest7  (cost=0.43..8.45 rows=1 width=490)
	        Index Cond: (id = 5446068)

table 8 : explain UPDATE sbtest8 SET c='foobar' WHERE id=5722699
	Update on sbtest8  (cost=0.43..8.45 rows=0 width=0)
	  ->  Index Scan using sbtest8_pkey on sbtest8  (cost=0.43..8.45 rows=1 width=490)
	        Index Cond: (id = 5722699)

for point_selects
table 1 : explain SELECT c FROM sbtest1 WHERE id=7570916
	Index Scan using sbtest1_pkey on sbtest1  (cost=0.43..8.45 rows=1 width=121)
	  Index Cond: (id = 7570916)

table 2 : explain SELECT c FROM sbtest2 WHERE id=8630684
	Index Scan using sbtest2_pkey on sbtest2  (cost=0.43..8.45 rows=1 width=121)
	  Index Cond: (id = 8630684)

table 3 : explain SELECT c FROM sbtest3 WHERE id=3198704
	Index Scan using sbtest3_pkey on sbtest3  (cost=0.43..8.45 rows=1 width=121)
	  Index Cond: (id = 3198704)

table 4 : explain SELECT c FROM sbtest4 WHERE id=2298450
	Index Scan using sbtest4_pkey on sbtest4  (cost=0.43..8.45 rows=1 width=121)
	  Index Cond: (id = 2298450)

table 5 : explain SELECT c FROM sbtest5 WHERE id=4009252
	Index Scan using sbtest5_pkey on sbtest5  (cost=0.43..8.45 rows=1 width=121)
	  Index Cond: (id = 4009252)

table 6 : explain SELECT c FROM sbtest6 WHERE id=2284854
	Index Scan using sbtest6_pkey on sbtest6  (cost=0.43..8.45 rows=1 width=121)
	  Index Cond: (id = 2284854)

table 7 : explain SELECT c FROM sbtest7 WHERE id=2673425
	Index Scan using sbtest7_pkey on sbtest7  (cost=0.43..8.45 rows=1 width=121)
	  Index Cond: (id = 2673425)

table 8 : explain SELECT c FROM sbtest8 WHERE id=5636730
	Index Scan using sbtest8_pkey on sbtest8  (cost=0.43..8.45 rows=1 width=121)
	  Index Cond: (id = 5636730)

explain: for index_updates :: explain UPDATE sbtest%u SET k=k+1 WHERE id=%u
for index_updates
table 1 : explain UPDATE sbtest1 SET k=k+1 WHERE id=7822185
	Update on sbtest1  (cost=0.43..8.46 rows=0 width=0)
	  ->  Index Scan using sbtest1_pkey on sbtest1  (cost=0.43..8.46 rows=1 width=10)
	        Index Cond: (id = 7822185)

table 2 : explain UPDATE sbtest2 SET k=k+1 WHERE id=2342822
	Update on sbtest2  (cost=0.43..8.46 rows=0 width=0)
	  ->  Index Scan using sbtest2_pkey on sbtest2  (cost=0.43..8.46 rows=1 width=10)
	        Index Cond: (id = 2342822)

table 3 : explain UPDATE sbtest3 SET k=k+1 WHERE id=1164001
	Update on sbtest3  (cost=0.43..8.46 rows=0 width=0)
	  ->  Index Scan using sbtest3_pkey on sbtest3  (cost=0.43..8.46 rows=1 width=10)
	        Index Cond: (id = 1164001)

table 4 : explain UPDATE sbtest4 SET k=k+1 WHERE id=2466985
	Update on sbtest4  (cost=0.43..8.46 rows=0 width=0)
	  ->  Index Scan using sbtest4_pkey on sbtest4  (cost=0.43..8.46 rows=1 width=10)
	        Index Cond: (id = 2466985)

table 5 : explain UPDATE sbtest5 SET k=k+1 WHERE id=1404265
	Update on sbtest5  (cost=0.43..8.46 rows=0 width=0)
	  ->  Index Scan using sbtest5_pkey on sbtest5  (cost=0.43..8.46 rows=1 width=10)
	        Index Cond: (id = 1404265)

table 6 : explain UPDATE sbtest6 SET k=k+1 WHERE id=6891681
	Update on sbtest6  (cost=0.43..8.46 rows=0 width=0)
	  ->  Index Scan using sbtest6_pkey on sbtest6  (cost=0.43..8.46 rows=1 width=10)
	        Index Cond: (id = 6891681)

table 7 : explain UPDATE sbtest7 SET k=k+1 WHERE id=9086985
	Update on sbtest7  (cost=0.43..8.46 rows=0 width=0)
	  ->  Index Scan using sbtest7_pkey on sbtest7  (cost=0.43..8.46 rows=1 width=10)
	        Index Cond: (id = 9086985)

table 8 : explain UPDATE sbtest8 SET k=k+1 WHERE id=6978172
	Update on sbtest8  (cost=0.43..8.46 rows=0 width=0)
	  ->  Index Scan using sbtest8_pkey on sbtest8  (cost=0.43..8.46 rows=1 width=10)
	        Index Cond: (id = 6978172)

for: simple_ranges
table 1 : explain SELECT c FROM sbtest1 WHERE id BETWEEN 9086716 AND 9086815
	Index Scan using sbtest1_pkey on sbtest1  (cost=0.43..384.58 rows=100 width=121)
	  Index Cond: ((id >= 9086716) AND (id <= 9086815))

table 2 : explain SELECT c FROM sbtest2 WHERE id BETWEEN 6033751 AND 6033850
	Index Scan using sbtest2_pkey on sbtest2  (cost=0.43..413.91 rows=107 width=121)
	  Index Cond: ((id >= 6033751) AND (id <= 6033850))

table 3 : explain SELECT c FROM sbtest3 WHERE id BETWEEN 7881015 AND 7881114
	Index Scan using sbtest3_pkey on sbtest3  (cost=0.43..420.02 rows=109 width=121)
	  Index Cond: ((id >= 7881015) AND (id <= 7881114))

table 4 : explain SELECT c FROM sbtest4 WHERE id BETWEEN 567404 AND 567503
	Index Scan using sbtest4_pkey on sbtest4  (cost=0.43..387.50 rows=100 width=121)
	  Index Cond: ((id >= 567404) AND (id <= 567503))

table 5 : explain SELECT c FROM sbtest5 WHERE id BETWEEN 815872 AND 815971
	Index Scan using sbtest5_pkey on sbtest5  (cost=0.43..416.26 rows=107 width=121)
	  Index Cond: ((id >= 815872) AND (id <= 815971))

table 6 : explain SELECT c FROM sbtest6 WHERE id BETWEEN 9275536 AND 9275635
	Index Scan using sbtest6_pkey on sbtest6  (cost=0.43..394.89 rows=102 width=121)
	  Index Cond: ((id >= 9275536) AND (id <= 9275635))

table 7 : explain SELECT c FROM sbtest7 WHERE id BETWEEN 1562026 AND 1562125
	Index Scan using sbtest7_pkey on sbtest7  (cost=0.43..392.57 rows=102 width=121)
	  Index Cond: ((id >= 1562026) AND (id <= 1562125))

table 8 : explain SELECT c FROM sbtest8 WHERE id BETWEEN 3140451 AND 3140550
	Index Scan using sbtest8_pkey on sbtest8  (cost=0.43..372.28 rows=96 width=121)
	  Index Cond: ((id >= 3140451) AND (id <= 3140550))

explain: for deletes :: explain DELETE FROM sbtest%u WHERE id=%u
explain: for non_index_updates :: explain UPDATE sbtest%u SET c='foobar' WHERE id=%u
for point_selects
table 1 : explain SELECT c FROM sbtest1 WHERE id=3782895
	Index Scan using sbtest1_pkey on sbtest1  (cost=0.43..8.45 rows=1 width=121)
	  Index Cond: (id = 3782895)

table 2 : explain SELECT c FROM sbtest2 WHERE id=9638784
	Index Scan using sbtest2_pkey on sbtest2  (cost=0.43..8.45 rows=1 width=121)
	  Index Cond: (id = 9638784)

table 3 : explain SELECT c FROM sbtest3 WHERE id=2637795
	Index Scan using sbtest3_pkey on sbtest3  (cost=0.43..8.45 rows=1 width=121)
	  Index Cond: (id = 2637795)

table 4 : explain SELECT c FROM sbtest4 WHERE id=3115854
	Index Scan using sbtest4_pkey on sbtest4  (cost=0.43..8.45 rows=1 width=121)
	  Index Cond: (id = 3115854)

table 5 : explain SELECT c FROM sbtest5 WHERE id=3495118
	Index Scan using sbtest5_pkey on sbtest5  (cost=0.43..8.45 rows=1 width=121)
	  Index Cond: (id = 3495118)

table 6 : explain SELECT c FROM sbtest6 WHERE id=909323
	Index Scan using sbtest6_pkey on sbtest6  (cost=0.43..8.45 rows=1 width=121)
	  Index Cond: (id = 909323)

table 7 : explain SELECT c FROM sbtest7 WHERE id=7727817
	Index Scan using sbtest7_pkey on sbtest7  (cost=0.43..8.45 rows=1 width=121)
	  Index Cond: (id = 7727817)

table 8 : explain SELECT c FROM sbtest8 WHERE id=3948570
	Index Scan using sbtest8_pkey on sbtest8  (cost=0.43..8.45 rows=1 width=121)
	  Index Cond: (id = 3948570)

for index_updates
table 1 : explain UPDATE sbtest1 SET k=k+1 WHERE id=6580806
	Update on sbtest1  (cost=0.43..8.46 rows=0 width=0)
	  ->  Index Scan using sbtest1_pkey on sbtest1  (cost=0.43..8.46 rows=1 width=10)
	        Index Cond: (id = 6580806)

table 2 : explain UPDATE sbtest2 SET k=k+1 WHERE id=37625
	Update on sbtest2  (cost=0.43..8.46 rows=0 width=0)
	  ->  Index Scan using sbtest2_pkey on sbtest2  (cost=0.43..8.46 rows=1 width=10)
	        Index Cond: (id = 37625)

table 3 : explain UPDATE sbtest3 SET k=k+1 WHERE id=1221043
	Update on sbtest3  (cost=0.43..8.46 rows=0 width=0)
	  ->  Index Scan using sbtest3_pkey on sbtest3  (cost=0.43..8.46 rows=1 width=10)
	        Index Cond: (id = 1221043)

table 4 : explain UPDATE sbtest4 SET k=k+1 WHERE id=8110310
	Update on sbtest4  (cost=0.43..8.46 rows=0 width=0)
	  ->  Index Scan using sbtest4_pkey on sbtest4  (cost=0.43..8.46 rows=1 width=10)
	        Index Cond: (id = 8110310)

table 5 : explain UPDATE sbtest5 SET k=k+1 WHERE id=8468842
	Update on sbtest5  (cost=0.43..8.46 rows=0 width=0)
	  ->  Index Scan using sbtest5_pkey on sbtest5  (cost=0.43..8.46 rows=1 width=10)
	        Index Cond: (id = 8468842)

table 6 : explain UPDATE sbtest6 SET k=k+1 WHERE id=8336088
	Update on sbtest6  (cost=0.43..8.46 rows=0 width=0)
	  ->  Index Scan using sbtest6_pkey on sbtest6  (cost=0.43..8.46 rows=1 width=10)
	        Index Cond: (id = 8336088)

table 7 : explain UPDATE sbtest7 SET k=k+1 WHERE id=888283
	Update on sbtest7  (cost=0.43..8.46 rows=0 width=0)
	  ->  Index Scan using sbtest7_pkey on sbtest7  (cost=0.43..8.46 rows=1 width=10)
	        Index Cond: (id = 888283)

table 8 : explain UPDATE sbtest8 SET k=k+1 WHERE id=1151109
	Update on sbtest8  (cost=0.43..8.46 rows=0 width=0)
	  ->  Index Scan using sbtest8_pkey on sbtest8  (cost=0.43..8.46 rows=1 width=10)
	        Index Cond: (id = 1151109)

for: distinct_ranges
table 1 : explain SELECT DISTINCT c FROM sbtest1 WHERE id BETWEEN 4462706 AND 4462805 ORDER BY c
	Unique  (cost=384.07..384.56 rows=99 width=121)
	  ->  Sort  (cost=384.07..384.31 rows=99 width=121)
	        Sort Key: c
	        ->  Index Scan using sbtest1_pkey on sbtest1  (cost=0.43..380.79 rows=99 width=121)
	              Index Cond: ((id >= 4462706) AND (id <= 4462805))

table 2 : explain SELECT DISTINCT c FROM sbtest2 WHERE id BETWEEN 4871878 AND 4871977 ORDER BY c
	Unique  (cost=390.47..390.97 rows=100 width=121)
	  ->  Sort  (cost=390.47..390.72 rows=100 width=121)
	        Sort Key: c
	        ->  Index Scan using sbtest2_pkey on sbtest2  (cost=0.43..387.14 rows=100 width=121)
	              Index Cond: ((id >= 4871878) AND (id <= 4871977))

table 3 : explain SELECT DISTINCT c FROM sbtest3 WHERE id BETWEEN 458580 AND 458679 ORDER BY c
	Unique  (cost=381.35..381.84 rows=98 width=121)
	  ->  Sort  (cost=381.35..381.60 rows=98 width=121)
	        Sort Key: c
	        ->  Index Scan using sbtest3_pkey on sbtest3  (cost=0.43..378.11 rows=98 width=121)
	              Index Cond: ((id >= 458580) AND (id <= 458679))

table 4 : explain SELECT DISTINCT c FROM sbtest4 WHERE id BETWEEN 9427663 AND 9427762 ORDER BY c
	Unique  (cost=371.49..371.96 rows=95 width=121)
	  ->  Sort  (cost=371.49..371.72 rows=95 width=121)
	        Sort Key: c
	        ->  Index Scan using sbtest4_pkey on sbtest4  (cost=0.43..368.36 rows=95 width=121)
	              Index Cond: ((id >= 9427663) AND (id <= 9427762))

table 5 : explain SELECT DISTINCT c FROM sbtest5 WHERE id BETWEEN 9976877 AND 9976976 ORDER BY c
	Unique  (cost=353.76..354.21 rows=90 width=121)
	  ->  Sort  (cost=353.76..353.98 rows=90 width=121)
	        Sort Key: c
	        ->  Index Scan using sbtest5_pkey on sbtest5  (cost=0.43..350.83 rows=90 width=121)
	              Index Cond: ((id >= 9976877) AND (id <= 9976976))

table 6 : explain SELECT DISTINCT c FROM sbtest6 WHERE id BETWEEN 8915279 AND 8915378 ORDER BY c
	Unique  (cost=390.56..391.06 rows=100 width=121)
	  ->  Sort  (cost=390.56..390.81 rows=100 width=121)
	        Sort Key: c
	        ->  Index Scan using sbtest6_pkey on sbtest6  (cost=0.43..387.24 rows=100 width=121)
	              Index Cond: ((id >= 8915279) AND (id <= 8915378))

table 7 : explain SELECT DISTINCT c FROM sbtest7 WHERE id BETWEEN 3672243 AND 3672342 ORDER BY c
	Unique  (cost=399.81..400.33 rows=103 width=121)
	  ->  Sort  (cost=399.81..400.07 rows=103 width=121)
	        Sort Key: c
	        ->  Index Scan using sbtest7_pkey on sbtest7  (cost=0.43..396.37 rows=103 width=121)
	              Index Cond: ((id >= 3672243) AND (id <= 3672342))

table 8 : explain SELECT DISTINCT c FROM sbtest8 WHERE id BETWEEN 9003514 AND 9003613 ORDER BY c
	Unique  (cost=441.26..441.83 rows=113 width=121)
	  ->  Sort  (cost=441.26..441.55 rows=113 width=121)
	        Sort Key: c
	        ->  Index Scan using sbtest8_pkey on sbtest8  (cost=0.43..437.41 rows=113 width=121)
	              Index Cond: ((id >= 9003514) AND (id <= 9003613))

explain: for point_selects :: explain SELECT c FROM sbtest%u WHERE id=%u
explain: for non_index_updates :: explain UPDATE sbtest%u SET c='foobar' WHERE id=%u
explain: for point_selects :: explain SELECT c FROM sbtest%u WHERE id=%u
for index_updates
table 1 : explain UPDATE sbtest1 SET k=k+1 WHERE id=2981658
	Update on sbtest1  (cost=0.43..8.46 rows=0 width=0)
	  ->  Index Scan using sbtest1_pkey on sbtest1  (cost=0.43..8.46 rows=1 width=10)
	        Index Cond: (id = 2981658)

table 2 : explain UPDATE sbtest2 SET k=k+1 WHERE id=2459334
	Update on sbtest2  (cost=0.43..8.46 rows=0 width=0)
	  ->  Index Scan using sbtest2_pkey on sbtest2  (cost=0.43..8.46 rows=1 width=10)
	        Index Cond: (id = 2459334)

table 3 : explain UPDATE sbtest3 SET k=k+1 WHERE id=3786944
	Update on sbtest3  (cost=0.43..8.46 rows=0 width=0)
	  ->  Index Scan using sbtest3_pkey on sbtest3  (cost=0.43..8.46 rows=1 width=10)
	        Index Cond: (id = 3786944)

table 4 : explain UPDATE sbtest4 SET k=k+1 WHERE id=4175257
	Update on sbtest4  (cost=0.43..8.46 rows=0 width=0)
	  ->  Index Scan using sbtest4_pkey on sbtest4  (cost=0.43..8.46 rows=1 width=10)
	        Index Cond: (id = 4175257)

table 5 : explain UPDATE sbtest5 SET k=k+1 WHERE id=6638688
	Update on sbtest5  (cost=0.43..8.46 rows=0 width=0)
	  ->  Index Scan using sbtest5_pkey on sbtest5  (cost=0.43..8.46 rows=1 width=10)
	        Index Cond: (id = 6638688)

table 6 : explain UPDATE sbtest6 SET k=k+1 WHERE id=9664774
	Update on sbtest6  (cost=0.43..8.46 rows=0 width=0)
	  ->  Index Scan using sbtest6_pkey on sbtest6  (cost=0.43..8.46 rows=1 width=10)
	        Index Cond: (id = 9664774)

table 7 : explain UPDATE sbtest7 SET k=k+1 WHERE id=6837620
	Update on sbtest7  (cost=0.43..8.46 rows=0 width=0)
	  ->  Index Scan using sbtest7_pkey on sbtest7  (cost=0.43..8.46 rows=1 width=10)
	        Index Cond: (id = 6837620)

table 8 : explain UPDATE sbtest8 SET k=k+1 WHERE id=4367154
	Update on sbtest8  (cost=0.43..8.46 rows=0 width=0)
	  ->  Index Scan using sbtest8_pkey on sbtest8  (cost=0.43..8.46 rows=1 width=10)
	        Index Cond: (id = 4367154)

explain: for non_index_updates :: explain UPDATE sbtest%u SET c='foobar' WHERE id=%u
for deletes
table 1 : explain DELETE FROM sbtest1 WHERE id=290391
	Delete on sbtest1  (cost=0.43..8.45 rows=0 width=0)
	  ->  Index Scan using sbtest1_pkey on sbtest1  (cost=0.43..8.45 rows=1 width=6)
	        Index Cond: (id = 290391)

table 2 : explain DELETE FROM sbtest2 WHERE id=6378385
	Delete on sbtest2  (cost=0.43..8.45 rows=0 width=0)
	  ->  Index Scan using sbtest2_pkey on sbtest2  (cost=0.43..8.45 rows=1 width=6)
	        Index Cond: (id = 6378385)

table 3 : explain DELETE FROM sbtest3 WHERE id=6556146
	Delete on sbtest3  (cost=0.43..8.45 rows=0 width=0)
	  ->  Index Scan using sbtest3_pkey on sbtest3  (cost=0.43..8.45 rows=1 width=6)
	        Index Cond: (id = 6556146)

table 4 : explain DELETE FROM sbtest4 WHERE id=5800438
	Delete on sbtest4  (cost=0.43..8.45 rows=0 width=0)
	  ->  Index Scan using sbtest4_pkey on sbtest4  (cost=0.43..8.45 rows=1 width=6)
	        Index Cond: (id = 5800438)

table 5 : explain DELETE FROM sbtest5 WHERE id=9600995
	Delete on sbtest5  (cost=0.43..8.45 rows=0 width=0)
	  ->  Index Scan using sbtest5_pkey on sbtest5  (cost=0.43..8.45 rows=1 width=6)
	        Index Cond: (id = 9600995)

table 6 : explain DELETE FROM sbtest6 WHERE id=237838
	Delete on sbtest6  (cost=0.43..8.45 rows=0 width=0)
	  ->  Index Scan using sbtest6_pkey on sbtest6  (cost=0.43..8.45 rows=1 width=6)
	        Index Cond: (id = 237838)

table 7 : explain DELETE FROM sbtest7 WHERE id=9699498
	Delete on sbtest7  (cost=0.43..8.45 rows=0 width=0)
	  ->  Index Scan using sbtest7_pkey on sbtest7  (cost=0.43..8.45 rows=1 width=6)
	        Index Cond: (id = 9699498)

table 8 : explain DELETE FROM sbtest8 WHERE id=8489203
	Delete on sbtest8  (cost=0.43..8.45 rows=0 width=0)
	  ->  Index Scan using sbtest8_pkey on sbtest8  (cost=0.43..8.45 rows=1 width=6)
	        Index Cond: (id = 8489203)

explain: for index_updates :: explain UPDATE sbtest%u SET k=k+1 WHERE id=%u
explain: for inserts :: explain INSERT INTO sbtest%u (id, k, c, pad) VALUES (%u, 13, 'foobar', 'foobar')for non_index_updates
table 1 : explain UPDATE sbtest1 SET c='foobar' WHERE id=9151185
	Update on sbtest1  (cost=0.43..8.45 rows=0 width=0)
	  ->  Index Scan using sbtest1_pkey on sbtest1  (cost=0.43..8.45 rows=1 width=490)
	        Index Cond: (id = 9151185)

table 2 : explain UPDATE sbtest2 SET c='foobar' WHERE id=3498456
	Update on sbtest2  (cost=0.43..8.45 rows=0 width=0)
	  ->  Index Scan using sbtest2_pkey on sbtest2  (cost=0.43..8.45 rows=1 width=490)
	        Index Cond: (id = 3498456)

table 3 : explain UPDATE sbtest3 SET c='foobar' WHERE id=9666272
	Update on sbtest3  (cost=0.43..8.45 rows=0 width=0)
	  ->  Index Scan using sbtest3_pkey on sbtest3  (cost=0.43..8.45 rows=1 width=490)
	        Index Cond: (id = 9666272)

table 4 : explain UPDATE sbtest4 SET c='foobar' WHERE id=4287419
	Update on sbtest4  (cost=0.43..8.45 rows=0 width=0)
	  ->  Index Scan using sbtest4_pkey on sbtest4  (cost=0.43..8.45 rows=1 width=490)
	        Index Cond: (id = 4287419)

table 5 : explain UPDATE sbtest5 SET c='foobar' WHERE id=9518863
	Update on sbtest5  (cost=0.43..8.45 rows=0 width=0)
	  ->  Index Scan using sbtest5_pkey on sbtest5  (cost=0.43..8.45 rows=1 width=490)
	        Index Cond: (id = 9518863)

table 6 : explain UPDATE sbtest6 SET c='foobar' WHERE id=53798
	Update on sbtest6  (cost=0.43..8.45 rows=0 width=0)
	  ->  Index Scan using sbtest6_pkey on sbtest6  (cost=0.43..8.45 rows=1 width=490)
	        Index Cond: (id = 53798)

table 7 : explain UPDATE sbtest7 SET c='foobar' WHERE id=875128
	Update on sbtest7  (cost=0.43..8.45 rows=0 width=0)
	  ->  Index Scan using sbtest7_pkey on sbtest7  (cost=0.43..8.45 rows=1 width=490)
	        Index Cond: (id = 875128)

table 8 : explain UPDATE sbtest8 SET c='foobar' WHERE id=5752355
	Update on sbtest8  (cost=0.43..8.45 rows=0 width=0)
	  ->  Index Scan using sbtest8_pkey on sbtest8  (cost=0.43..8.45 rows=1 width=490)
	        Index Cond: (id = 5752355)

for: simple_ranges
table 1 : explain SELECT c FROM sbtest1 WHERE id BETWEEN 2902871 AND 2902970
	Index Scan using sbtest1_pkey on sbtest1  (cost=0.43..392.18 rows=102 width=121)
	  Index Cond: ((id >= 2902871) AND (id <= 2902970))

table 2 : explain SELECT c FROM sbtest2 WHERE id BETWEEN 5186463 AND 5186562
	Index Scan using sbtest2_pkey on sbtest2  (cost=0.43..390.97 rows=101 width=121)
	  Index Cond: ((id >= 5186463) AND (id <= 5186562))

table 3 : explain SELECT c FROM sbtest3 WHERE id BETWEEN 9613796 AND 9613895
	Index Scan using sbtest3_pkey on sbtest3  (cost=0.43..404.78 rows=105 width=121)
	  Index Cond: ((id >= 9613796) AND (id <= 9613895))

table 4 : explain SELECT c FROM sbtest4 WHERE id BETWEEN 3945989 AND 3946088
	Index Scan using sbtest4_pkey on sbtest4  (cost=0.43..376.02 rows=97 width=121)
	  Index Cond: ((id >= 3945989) AND (id <= 3946088))

table 5 : explain SELECT c FROM sbtest5 WHERE id BETWEEN 3182422 AND 3182521
	Index Scan using sbtest5_pkey on sbtest5  (cost=0.43..389.34 rows=100 width=121)
	  Index Cond: ((id >= 3182422) AND (id <= 3182521))

table 6 : explain SELECT c FROM sbtest6 WHERE id BETWEEN 7263926 AND 7264025
	Index Scan using sbtest6_pkey on sbtest6  (cost=0.43..379.59 rows=98 width=121)
	  Index Cond: ((id >= 7263926) AND (id <= 7264025))

table 7 : explain SELECT c FROM sbtest7 WHERE id BETWEEN 1600185 AND 1600284
	Index Scan using sbtest7_pkey on sbtest7  (cost=0.43..377.36 rows=98 width=121)
	  Index Cond: ((id >= 1600185) AND (id <= 1600284))

table 8 : explain SELECT c FROM sbtest8 WHERE id BETWEEN 879784 AND 879883
	Index Scan using sbtest8_pkey on sbtest8  (cost=0.43..364.62 rows=94 width=121)
	  Index Cond: ((id >= 879784) AND (id <= 879883))


explain: for non_index_updates :: explain UPDATE sbtest%u SET c='foobar' WHERE id=%u
for: simple_ranges
table 1 : explain SELECT c FROM sbtest1 WHERE id BETWEEN 4970522 AND 4970621
	Index Scan using sbtest1_pkey on sbtest1  (cost=0.43..392.18 rows=102 width=121)
	  Index Cond: ((id >= 4970522) AND (id <= 4970621))

table 2 : explain SELECT c FROM sbtest2 WHERE id BETWEEN 1854683 AND 1854782
	Index Scan using sbtest2_pkey on sbtest2  (cost=0.43..402.44 rows=104 width=121)
	  Index Cond: ((id >= 1854683) AND (id <= 1854782))

table 3 : explain SELECT c FROM sbtest3 WHERE id BETWEEN 7899376 AND 7899475
	Index Scan using sbtest3_pkey on sbtest3  (cost=0.43..420.02 rows=109 width=121)
	  Index Cond: ((id >= 7899376) AND (id <= 7899475))

table 4 : explain SELECT c FROM sbtest4 WHERE id BETWEEN 3462601 AND 3462700
	Index Scan using sbtest4_pkey on sbtest4  (cost=0.43..349.18 rows=90 width=121)
	  Index Cond: ((id >= 3462601) AND (id <= 3462700))

table 5 : explain SELECT c FROM sbtest5 WHERE id BETWEEN 248452 AND 248551
	Index Scan using sbtest5_pkey on sbtest5  (cost=0.43..404.72 rows=104 width=121)
	  Index Cond: ((id >= 248452) AND (id <= 248551))

table 6 : explain SELECT c FROM sbtest6 WHERE id BETWEEN 8636837 AND 8636936
	Index Scan using sbtest6_pkey on sbtest6  (cost=0.43..406.36 rows=105 width=121)
	  Index Cond: ((id >= 8636837) AND (id <= 8636936))

table 7 : explain SELECT c FROM sbtest7 WHERE id BETWEEN 8307076 AND 8307175
	Index Scan using sbtest7_pkey on sbtest7  (cost=0.43..400.17 rows=104 width=121)
	  Index Cond: ((id >= 8307076) AND (id <= 8307175))

table 8 : explain SELECT c FROM sbtest8 WHERE id BETWEEN 3615280 AND 3615379
	Index Scan using sbtest8_pkey on sbtest8  (cost=0.43..383.81 rows=99 width=121)
	  Index Cond: ((id >= 3615280) AND (id <= 3615379))

for: simple_ranges
table 1 : explain SELECT c FROM sbtest1 WHERE id BETWEEN 8076627 AND 8076726
	Index Scan using sbtest1_pkey on sbtest1  (cost=0.43..380.79 rows=99 width=121)
	  Index Cond: ((id >= 8076627) AND (id <= 8076726))

table 2 : explain SELECT c FROM sbtest2 WHERE id BETWEEN 145042 AND 145141
	Index Scan using sbtest2_pkey on sbtest2  (cost=0.43..402.44 rows=104 width=121)
	  Index Cond: ((id >= 145042) AND (id <= 145141))

table 3 : explain SELECT c FROM sbtest3 WHERE id BETWEEN 8946617 AND 8946716
	Index Scan using sbtest3_pkey on sbtest3  (cost=0.43..393.35 rows=102 width=121)
	  Index Cond: ((id >= 8946617) AND (id <= 8946716))

table 4 : explain SELECT c FROM sbtest4 WHERE id BETWEEN 1251585 AND 1251684
	Index Scan using sbtest4_pkey on sbtest4  (cost=0.43..429.60 rows=111 width=121)
	  Index Cond: ((id >= 1251585) AND (id <= 1251684))

table 5 : explain SELECT c FROM sbtest5 WHERE id BETWEEN 8737090 AND 8737189
	Index Scan using sbtest5_pkey on sbtest5  (cost=0.43..393.18 rows=101 width=121)
	  Index Cond: ((id >= 8737090) AND (id <= 8737189))

table 6 : explain SELECT c FROM sbtest6 WHERE id BETWEEN 8184762 AND 8184861
	Index Scan using sbtest6_pkey on sbtest6  (cost=0.43..387.24 rows=100 width=121)
	  Index Cond: ((id >= 8184762) AND (id <= 8184861))

table 7 : explain SELECT c FROM sbtest7 WHERE id BETWEEN 6015674 AND 6015773
	Index Scan using sbtest7_pkey on sbtest7  (cost=0.43..358.36 rows=93 width=121)
	  Index Cond: ((id >= 6015674) AND (id <= 6015773))

table 8 : explain SELECT c FROM sbtest8 WHERE id BETWEEN 6278490 AND 6278589
	Index Scan using sbtest8_pkey on sbtest8  (cost=0.43..402.95 rows=104 width=121)
	  Index Cond: ((id >= 6278490) AND (id <= 6278589))

for non_index_updates
table 1 : explain UPDATE sbtest1 SET c='foobar' WHERE id=1432095
	Update on sbtest1  (cost=0.43..8.45 rows=0 width=0)
	  ->  Index Scan using sbtest1_pkey on sbtest1  (cost=0.43..8.45 rows=1 width=490)
	        Index Cond: (id = 1432095)

table 2 : explain UPDATE sbtest2 SET c='foobar' WHERE id=6482359
	Update on sbtest2  (cost=0.43..8.45 rows=0 width=0)
	  ->  Index Scan using sbtest2_pkey on sbtest2  (cost=0.43..8.45 rows=1 width=490)
	        Index Cond: (id = 6482359)

table 3 : explain UPDATE sbtest3 SET c='foobar' WHERE id=5716275
	Update on sbtest3  (cost=0.43..8.45 rows=0 width=0)
	  ->  Index Scan using sbtest3_pkey on sbtest3  (cost=0.43..8.45 rows=1 width=490)
	        Index Cond: (id = 5716275)

table 4 : explain UPDATE sbtest4 SET c='foobar' WHERE id=7256761
	Update on sbtest4  (cost=0.43..8.45 rows=0 width=0)
	  ->  Index Scan using sbtest4_pkey on sbtest4  (cost=0.43..8.45 rows=1 width=490)
	        Index Cond: (id = 7256761)

table 5 : explain UPDATE sbtest5 SET c='foobar' WHERE id=977360
	Update on sbtest5  (cost=0.43..8.45 rows=0 width=0)
	  ->  Index Scan using sbtest5_pkey on sbtest5  (cost=0.43..8.45 rows=1 width=490)
	        Index Cond: (id = 977360)

table 6 : explain UPDATE sbtest6 SET c='foobar' WHERE id=938136
	Update on sbtest6  (cost=0.43..8.45 rows=0 width=0)
	  ->  Index Scan using sbtest6_pkey on sbtest6  (cost=0.43..8.45 rows=1 width=490)
	        Index Cond: (id = 938136)

table 7 : explain UPDATE sbtest7 SET c='foobar' WHERE id=4209990
	Update on sbtest7  (cost=0.43..8.45 rows=0 width=0)
	  ->  Index Scan using sbtest7_pkey on sbtest7  (cost=0.43..8.45 rows=1 width=490)
	        Index Cond: (id = 4209990)

table 8 : explain UPDATE sbtest8 SET c='foobar' WHERE id=2631187
	Update on sbtest8  (cost=0.43..8.45 rows=0 width=0)
	  ->  Index Scan using sbtest8_pkey on sbtest8  (cost=0.43..8.45 rows=1 width=490)
	        Index Cond: (id = 2631187)

explain: for deletes :: explain DELETE FROM sbtest%u WHERE id=%u
explain: for point_selects :: explain SELECT c FROM sbtest%u WHERE id=%u
for: distinct_ranges
table 1 : explain SELECT DISTINCT c FROM sbtest1 WHERE id BETWEEN 8795419 AND 8795518 ORDER BY c
	Unique  (cost=345.64..346.08 rows=89 width=121)
	  ->  Sort  (cost=345.64..345.86 rows=89 width=121)
	        Sort Key: c
	        ->  Index Scan using sbtest1_pkey on sbtest1  (cost=0.43..342.75 rows=89 width=121)
	              Index Cond: ((id >= 8795419) AND (id <= 8795518))

table 2 : explain SELECT DISTINCT c FROM sbtest2 WHERE id BETWEEN 1813000 AND 1813099 ORDER BY c
	Unique  (cost=405.92..406.44 rows=104 width=121)
	  ->  Sort  (cost=405.92..406.18 rows=104 width=121)
	        Sort Key: c
	        ->  Index Scan using sbtest2_pkey on sbtest2  (cost=0.43..402.44 rows=104 width=121)
	              Index Cond: ((id >= 1813000) AND (id <= 1813099))

table 3 : explain SELECT DISTINCT c FROM sbtest3 WHERE id BETWEEN 9374751 AND 9374850 ORDER BY c
	Unique  (cost=365.96..366.43 rows=94 width=121)
	  ->  Sort  (cost=365.96..366.19 rows=94 width=121)
	        Sort Key: c
	        ->  Index Scan using sbtest3_pkey on sbtest3  (cost=0.43..362.88 rows=94 width=121)
	              Index Cond: ((id >= 9374751) AND (id <= 9374850))

table 4 : explain SELECT DISTINCT c FROM sbtest4 WHERE id BETWEEN 4784480 AND 4784579 ORDER BY c
	Unique  (cost=379.22..379.71 rows=97 width=121)
	  ->  Sort  (cost=379.22..379.46 rows=97 width=121)
	        Sort Key: c
	        ->  Index Scan using sbtest4_pkey on sbtest4  (cost=0.43..376.02 rows=97 width=121)
	              Index Cond: ((id >= 4784480) AND (id <= 4784579))

table 5 : explain SELECT DISTINCT c FROM sbtest5 WHERE id BETWEEN 3943795 AND 3943894 ORDER BY c
	Unique  (cost=404.32..404.83 rows=103 width=121)
	  ->  Sort  (cost=404.32..404.58 rows=103 width=121)
	        Sort Key: c
	        ->  Index Scan using sbtest5_pkey on sbtest5  (cost=0.43..400.88 rows=103 width=121)
	              Index Cond: ((id >= 3943795) AND (id <= 3943894))

table 6 : explain SELECT DISTINCT c FROM sbtest6 WHERE id BETWEEN 556270 AND 556369 ORDER BY c
	Unique  (cost=382.83..383.32 rows=98 width=121)
	  ->  Sort  (cost=382.83..383.07 rows=98 width=121)
	        Sort Key: c
	        ->  Index Scan using sbtest6_pkey on sbtest6  (cost=0.43..379.59 rows=98 width=121)
	              Index Cond: ((id >= 556270) AND (id <= 556369))

table 7 : explain SELECT DISTINCT c FROM sbtest7 WHERE id BETWEEN 2136605 AND 2136704 ORDER BY c
	Unique  (cost=380.60..381.09 rows=98 width=121)
	  ->  Sort  (cost=380.60..380.85 rows=98 width=121)
	        Sort Key: c
	        ->  Index Scan using sbtest7_pkey on sbtest7  (cost=0.43..377.36 rows=98 width=121)
	              Index Cond: ((id >= 2136605) AND (id <= 2136704))

table 8 : explain SELECT DISTINCT c FROM sbtest8 WHERE id BETWEEN 8336025 AND 8336124 ORDER BY c
	Unique  (cost=375.44..375.92 rows=96 width=121)
	  ->  Sort  (cost=375.44..375.68 rows=96 width=121)
	        Sort Key: c
	        ->  Index Scan using sbtest8_pkey on sbtest8  (cost=0.43..372.28 rows=96 width=121)
	              Index Cond: ((id >= 8336025) AND (id <= 8336124))

for: order_ranges
table 1 : explain SELECT c FROM sbtest1 WHERE id BETWEEN 7836066 AND 7836165 ORDER BY c
	Sort  (cost=384.07..384.31 rows=99 width=121)
	  Sort Key: c
	  ->  Index Scan using sbtest1_pkey on sbtest1  (cost=0.43..380.79 rows=99 width=121)
	        Index Cond: ((id >= 7836066) AND (id <= 7836165))

table 2 : explain SELECT c FROM sbtest2 WHERE id BETWEEN 290603 AND 290702 ORDER BY c
	Sort  (cost=413.65..413.92 rows=106 width=121)
	  Sort Key: c
	  ->  Index Scan using sbtest2_pkey on sbtest2  (cost=0.43..410.09 rows=106 width=121)
	        Index Cond: ((id >= 290603) AND (id <= 290702))

table 3 : explain SELECT c FROM sbtest3 WHERE id BETWEEN 1371208 AND 1371307 ORDER BY c
	Sort  (cost=408.30..408.57 rows=105 width=121)
	  Sort Key: c
	  ->  Index Scan using sbtest3_pkey on sbtest3  (cost=0.43..404.78 rows=105 width=121)
	        Index Cond: ((id >= 1371208) AND (id <= 1371307))

table 4 : explain SELECT c FROM sbtest4 WHERE id BETWEEN 8937772 AND 8937871 ORDER BY c
	Sort  (cost=394.69..394.94 rows=101 width=121)
	  Sort Key: c
	  ->  Index Scan using sbtest4_pkey on sbtest4  (cost=0.43..391.33 rows=101 width=121)
	        Index Cond: ((id >= 8937772) AND (id <= 8937871))

table 5 : explain SELECT c FROM sbtest5 WHERE id BETWEEN 1305780 AND 1305879 ORDER BY c
	Sort  (cost=377.07..377.31 rows=96 width=121)
	  Sort Key: c
	  ->  Index Scan using sbtest5_pkey on sbtest5  (cost=0.43..373.91 rows=96 width=121)
	        Index Cond: ((id >= 1305780) AND (id <= 1305879))

table 6 : explain SELECT c FROM sbtest6 WHERE id BETWEEN 8118079 AND 8118178 ORDER BY c
	Sort  (cost=417.62..417.88 rows=107 width=121)
	  Sort Key: c
	  ->  Index Scan using sbtest6_pkey on sbtest6  (cost=0.43..414.01 rows=107 width=121)
	        Index Cond: ((id >= 8118079) AND (id <= 8118178))

table 7 : explain SELECT c FROM sbtest7 WHERE id BETWEEN 5040181 AND 5040280 ORDER BY c
	Sort  (cost=415.18..415.45 rows=107 width=121)
	  Sort Key: c
	  ->  Index Scan using sbtest7_pkey on sbtest7  (cost=0.43..411.58 rows=107 width=121)
	        Index Cond: ((id >= 5040181) AND (id <= 5040280))

table 8 : explain SELECT c FROM sbtest8 WHERE id BETWEEN 3118896 AND 3118995 ORDER BY c
	Sort  (cost=375.44..375.68 rows=96 width=121)
	  Sort Key: c
	  ->  Index Scan using sbtest8_pkey on sbtest8  (cost=0.43..372.28 rows=96 width=121)
	        Index Cond: ((id >= 3118896) AND (id <= 3118995))

explain: for deletes :: explain DELETE FROM sbtest%u WHERE id=%u
for: simple_ranges
table 1 : explain SELECT c FROM sbtest1 WHERE id BETWEEN 2926695 AND 2926794
	Index Scan using sbtest1_pkey on sbtest1  (cost=0.43..392.18 rows=102 width=121)
	  Index Cond: ((id >= 2926695) AND (id <= 2926794))

table 2 : explain SELECT c FROM sbtest2 WHERE id BETWEEN 3939221 AND 3939320
	Index Scan using sbtest2_pkey on sbtest2  (cost=0.43..410.09 rows=106 width=121)
	  Index Cond: ((id >= 3939221) AND (id <= 3939320))

table 3 : explain SELECT c FROM sbtest3 WHERE id BETWEEN 2194490 AND 2194589
	Index Scan using sbtest3_pkey on sbtest3  (cost=0.43..362.88 rows=94 width=121)
	  Index Cond: ((id >= 2194490) AND (id <= 2194589))

table 4 : explain SELECT c FROM sbtest4 WHERE id BETWEEN 5356424 AND 5356523
	Index Scan using sbtest4_pkey on sbtest4  (cost=0.43..410.47 rows=106 width=121)
	  Index Cond: ((id >= 5356424) AND (id <= 5356523))

table 5 : explain SELECT c FROM sbtest5 WHERE id BETWEEN 8055089 AND 8055188
	Index Scan using sbtest5_pkey on sbtest5  (cost=0.43..393.18 rows=101 width=121)
	  Index Cond: ((id >= 8055089) AND (id <= 8055188))

table 6 : explain SELECT c FROM sbtest6 WHERE id BETWEEN 8360097 AND 8360196
	Index Scan using sbtest6_pkey on sbtest6  (cost=0.43..448.43 rows=116 width=121)
	  Index Cond: ((id >= 8360097) AND (id <= 8360196))

table 7 : explain SELECT c FROM sbtest7 WHERE id BETWEEN 6419028 AND 6419127
	Index Scan using sbtest7_pkey on sbtest7  (cost=0.43..350.75 rows=91 width=121)
	  Index Cond: ((id >= 6419028) AND (id <= 6419127))

table 8 : explain SELECT c FROM sbtest8 WHERE id BETWEEN 2910938 AND 2911037
	Index Scan using sbtest8_pkey on sbtest8  (cost=0.43..422.10 rows=109 width=121)
	  Index Cond: ((id >= 2910938) AND (id <= 2911037))

for index_updates
table 1 : explain UPDATE sbtest1 SET k=k+1 WHERE id=2381230
	Update on sbtest1  (cost=0.43..8.46 rows=0 width=0)
	  ->  Index Scan using sbtest1_pkey on sbtest1  (cost=0.43..8.46 rows=1 width=10)
	        Index Cond: (id = 2381230)

table 2 : explain UPDATE sbtest2 SET k=k+1 WHERE id=6746327
	Update on sbtest2  (cost=0.43..8.46 rows=0 width=0)
	  ->  Index Scan using sbtest2_pkey on sbtest2  (cost=0.43..8.46 rows=1 width=10)
	        Index Cond: (id = 6746327)

table 3 : explain UPDATE sbtest3 SET k=k+1 WHERE id=2119783
	Update on sbtest3  (cost=0.43..8.46 rows=0 width=0)
	  ->  Index Scan using sbtest3_pkey on sbtest3  (cost=0.43..8.46 rows=1 width=10)
	        Index Cond: (id = 2119783)

table 4 : explain UPDATE sbtest4 SET k=k+1 WHERE id=3254137
	Update on sbtest4  (cost=0.43..8.46 rows=0 width=0)
	  ->  Index Scan using sbtest4_pkey on sbtest4  (cost=0.43..8.46 rows=1 width=10)
	        Index Cond: (id = 3254137)

table 5 : explain UPDATE sbtest5 SET k=k+1 WHERE id=4450958
	Update on sbtest5  (cost=0.43..8.46 rows=0 width=0)
	  ->  Index Scan using sbtest5_pkey on sbtest5  (cost=0.43..8.46 rows=1 width=10)
	        Index Cond: (id = 4450958)

table 6 : explain UPDATE sbtest6 SET k=k+1 WHERE id=1188997
	Update on sbtest6  (cost=0.43..8.46 rows=0 width=0)
	  ->  Index Scan using sbtest6_pkey on sbtest6  (cost=0.43..8.46 rows=1 width=10)
	        Index Cond: (id = 1188997)

table 7 : explain UPDATE sbtest7 SET k=k+1 WHERE id=6881587
	Update on sbtest7  (cost=0.43..8.46 rows=0 width=0)
	  ->  Index Scan using sbtest7_pkey on sbtest7  (cost=0.43..8.46 rows=1 width=10)
	        Index Cond: (id = 6881587)

table 8 : explain UPDATE sbtest8 SET k=k+1 WHERE id=8944699
	Update on sbtest8  (cost=0.43..8.46 rows=0 width=0)
	  ->  Index Scan using sbtest8_pkey on sbtest8  (cost=0.43..8.46 rows=1 width=10)
	        Index Cond: (id = 8944699)

explain: for inserts :: explain INSERT INTO sbtest%u (id, k, c, pad) VALUES (%u, 13, 'foobar', 'foobar')
for non_index_updates
table 1 : explain UPDATE sbtest1 SET c='foobar' WHERE id=4896390
	Update on sbtest1  (cost=0.43..8.45 rows=0 width=0)
	  ->  Index Scan using sbtest1_pkey on sbtest1  (cost=0.43..8.45 rows=1 width=490)
	        Index Cond: (id = 4896390)

table 2 : explain UPDATE sbtest2 SET c='foobar' WHERE id=4758919
	Update on sbtest2  (cost=0.43..8.45 rows=0 width=0)
	  ->  Index Scan using sbtest2_pkey on sbtest2  (cost=0.43..8.45 rows=1 width=490)
	        Index Cond: (id = 4758919)

table 3 : explain UPDATE sbtest3 SET c='foobar' WHERE id=5199634
	Update on sbtest3  (cost=0.43..8.45 rows=0 width=0)
	  ->  Index Scan using sbtest3_pkey on sbtest3  (cost=0.43..8.45 rows=1 width=490)
	        Index Cond: (id = 5199634)

table 4 : explain UPDATE sbtest4 SET c='foobar' WHERE id=221651
	Update on sbtest4  (cost=0.43..8.45 rows=0 width=0)
	  ->  Index Scan using sbtest4_pkey on sbtest4  (cost=0.43..8.45 rows=1 width=490)
	        Index Cond: (id = 221651)

table 5 : explain UPDATE sbtest5 SET c='foobar' WHERE id=9850459
	Update on sbtest5  (cost=0.43..8.45 rows=0 width=0)
	  ->  Index Scan using sbtest5_pkey on sbtest5  (cost=0.43..8.45 rows=1 width=490)
	        Index Cond: (id = 9850459)

table 6 : explain UPDATE sbtest6 SET c='foobar' WHERE id=5910124
	Update on sbtest6  (cost=0.43..8.45 rows=0 width=0)
	  ->  Index Scan using sbtest6_pkey on sbtest6  (cost=0.43..8.45 rows=1 width=490)
	        Index Cond: (id = 5910124)

table 7 : explain UPDATE sbtest7 SET c='foobar' WHERE id=1451091
	Update on sbtest7  (cost=0.43..8.45 rows=0 width=0)
	  ->  Index Scan using sbtest7_pkey on sbtest7  (cost=0.43..8.45 rows=1 width=490)
	        Index Cond: (id = 1451091)

table 8 : explain UPDATE sbtest8 SET c='foobar' WHERE id=526880
	Update on sbtest8  (cost=0.43..8.45 rows=0 width=0)
	  ->  Index Scan using sbtest8_pkey on sbtest8  (cost=0.43..8.45 rows=1 width=490)
	        Index Cond: (id = 526880)

for: sum_ranges
table 1 : explain SELECT SUM(k) FROM sbtest1 WHERE id BETWEEN 1049078 AND 1049177
	Aggregate  (cost=361.98..361.99 rows=1 width=8)
	  ->  Index Scan using sbtest1_pkey on sbtest1  (cost=0.43..361.74 rows=94 width=4)
	        Index Cond: ((id >= 1049078) AND (id <= 1049177))

table 2 : explain SELECT SUM(k) FROM sbtest2 WHERE id BETWEEN 2153837 AND 2153936
	Aggregate  (cost=391.22..391.23 rows=1 width=8)
	  ->  Index Scan using sbtest2_pkey on sbtest2  (cost=0.43..390.97 rows=101 width=4)
	        Index Cond: ((id >= 2153837) AND (id <= 2153936))

table 3 : explain SELECT SUM(k) FROM sbtest3 WHERE id BETWEEN 651617 AND 651716
	Aggregate  (cost=378.36..378.37 rows=1 width=8)
	  ->  Index Scan using sbtest3_pkey on sbtest3  (cost=0.43..378.11 rows=98 width=4)
	        Index Cond: ((id >= 651617) AND (id <= 651716))

table 4 : explain SELECT SUM(k) FROM sbtest4 WHERE id BETWEEN 9937819 AND 9937918
	Aggregate  (cost=395.41..395.42 rows=1 width=8)
	  ->  Index Scan using sbtest4_pkey on sbtest4  (cost=0.43..395.16 rows=102 width=4)
	        Index Cond: ((id >= 9937819) AND (id <= 9937918))

table 5 : explain SELECT SUM(k) FROM sbtest5 WHERE id BETWEEN 5373396 AND 5373495
	Aggregate  (cost=362.60..362.61 rows=1 width=8)
	  ->  Index Scan using sbtest5_pkey on sbtest5  (cost=0.43..362.37 rows=93 width=4)
	        Index Cond: ((id >= 5373396) AND (id <= 5373495))

table 6 : explain SELECT SUM(k) FROM sbtest6 WHERE id BETWEEN 1853983 AND 1854082
	Aggregate  (cost=349.17..349.18 rows=1 width=8)
	  ->  Index Scan using sbtest6_pkey on sbtest6  (cost=0.43..348.94 rows=90 width=4)
	        Index Cond: ((id >= 1853983) AND (id <= 1854082))

table 7 : explain SELECT SUM(k) FROM sbtest7 WHERE id BETWEEN 1234653 AND 1234752
	Aggregate  (cost=377.61..377.62 rows=1 width=8)
	  ->  Index Scan using sbtest7_pkey on sbtest7  (cost=0.43..377.36 rows=98 width=4)
	        Index Cond: ((id >= 1234653) AND (id <= 1234752))

table 8 : explain SELECT SUM(k) FROM sbtest8 WHERE id BETWEEN 7538393 AND 7538492
	Aggregate  (cost=372.52..372.53 rows=1 width=8)
	  ->  Index Scan using sbtest8_pkey on sbtest8  (cost=0.43..372.28 rows=96 width=4)
	        Index Cond: ((id >= 7538393) AND (id <= 7538492))

for deletes
table 1 : explain DELETE FROM sbtest1 WHERE id=5374847
	Delete on sbtest1  (cost=0.43..8.45 rows=0 width=0)
	  ->  Index Scan using sbtest1_pkey on sbtest1  (cost=0.43..8.45 rows=1 width=6)
	        Index Cond: (id = 5374847)

table 2 : explain DELETE FROM sbtest2 WHERE id=7378748
	Delete on sbtest2  (cost=0.43..8.45 rows=0 width=0)
	  ->  Index Scan using sbtest2_pkey on sbtest2  (cost=0.43..8.45 rows=1 width=6)
	        Index Cond: (id = 7378748)

table 3 : explain DELETE FROM sbtest3 WHERE id=9460886
	Delete on sbtest3  (cost=0.43..8.45 rows=0 width=0)
	  ->  Index Scan using sbtest3_pkey on sbtest3  (cost=0.43..8.45 rows=1 width=6)
	        Index Cond: (id = 9460886)

table 4 : explain DELETE FROM sbtest4 WHERE id=1210443
	Delete on sbtest4  (cost=0.43..8.45 rows=0 width=0)
	  ->  Index Scan using sbtest4_pkey on sbtest4  (cost=0.43..8.45 rows=1 width=6)
	        Index Cond: (id = 1210443)

table 5 : explain DELETE FROM sbtest5 WHERE id=5775697
	Delete on sbtest5  (cost=0.43..8.45 rows=0 width=0)
	  ->  Index Scan using sbtest5_pkey on sbtest5  (cost=0.43..8.45 rows=1 width=6)
	        Index Cond: (id = 5775697)

table 6 : explain DELETE FROM sbtest6 WHERE id=9991573
	Delete on sbtest6  (cost=0.43..8.45 rows=0 width=0)
	  ->  Index Scan using sbtest6_pkey on sbtest6  (cost=0.43..8.45 rows=1 width=6)
	        Index Cond: (id = 9991573)

table 7 : explain DELETE FROM sbtest7 WHERE id=5447801
	Delete on sbtest7  (cost=0.43..8.45 rows=0 width=0)
	  ->  Index Scan using sbtest7_pkey on sbtest7  (cost=0.43..8.45 rows=1 width=6)
	        Index Cond: (id = 5447801)

table 8 : explain DELETE FROM sbtest8 WHERE id=6303879
	Delete on sbtest8  (cost=0.43..8.45 rows=0 width=0)
	  ->  Index Scan using sbtest8_pkey on sbtest8  (cost=0.43..8.45 rows=1 width=6)
	        Index Cond: (id = 6303879)

explain: for point_selects :: explain SELECT c FROM sbtest%u WHERE id=%u
explain: for deletes :: explain DELETE FROM sbtest%u WHERE id=%u
for deletes
table 1 : explain DELETE FROM sbtest1 WHERE id=9458401
	Delete on sbtest1  (cost=0.43..8.45 rows=0 width=0)
	  ->  Index Scan using sbtest1_pkey on sbtest1  (cost=0.43..8.45 rows=1 width=6)
	        Index Cond: (id = 9458401)

table 2 : explain DELETE FROM sbtest2 WHERE id=2614464
	Delete on sbtest2  (cost=0.43..8.45 rows=0 width=0)
	  ->  Index Scan using sbtest2_pkey on sbtest2  (cost=0.43..8.45 rows=1 width=6)
	        Index Cond: (id = 2614464)

table 3 : explain DELETE FROM sbtest3 WHERE id=381109
	Delete on sbtest3  (cost=0.43..8.45 rows=0 width=0)
	  ->  Index Scan using sbtest3_pkey on sbtest3  (cost=0.43..8.45 rows=1 width=6)
	        Index Cond: (id = 381109)

table 4 : explain DELETE FROM sbtest4 WHERE id=6724000
	Delete on sbtest4  (cost=0.43..8.45 rows=0 width=0)
	  ->  Index Scan using sbtest4_pkey on sbtest4  (cost=0.43..8.45 rows=1 width=6)
	        Index Cond: (id = 6724000)

table 5 : explain DELETE FROM sbtest5 WHERE id=7648434
	Delete on sbtest5  (cost=0.43..8.45 rows=0 width=0)
	  ->  Index Scan using sbtest5_pkey on sbtest5  (cost=0.43..8.45 rows=1 width=6)
	        Index Cond: (id = 7648434)

table 6 : explain DELETE FROM sbtest6 WHERE id=7837657
	Delete on sbtest6  (cost=0.43..8.45 rows=0 width=0)
	  ->  Index Scan using sbtest6_pkey on sbtest6  (cost=0.43..8.45 rows=1 width=6)
	        Index Cond: (id = 7837657)

table 7 : explain DELETE FROM sbtest7 WHERE id=1128612
	Delete on sbtest7  (cost=0.43..8.45 rows=0 width=0)
	  ->  Index Scan using sbtest7_pkey on sbtest7  (cost=0.43..8.45 rows=1 width=6)
	        Index Cond: (id = 1128612)

table 8 : explain DELETE FROM sbtest8 WHERE id=5155481
	Delete on sbtest8  (cost=0.43..8.45 rows=0 width=0)
	  ->  Index Scan using sbtest8_pkey on sbtest8  (cost=0.43..8.45 rows=1 width=6)
	        Index Cond: (id = 5155481)

for inserts
table 1 : explain INSERT INTO sbtest1 (id, k, c, pad) VALUES (567366, 13, 'foobar', 'foobar')
	Insert on sbtest1  (cost=0.00..0.01 rows=0 width=0)
	  ->  Result  (cost=0.00..0.01 rows=1 width=736)

table 2 : explain INSERT INTO sbtest2 (id, k, c, pad) VALUES (7668220, 13, 'foobar', 'foobar')
	Insert on sbtest2  (cost=0.00..0.01 rows=0 width=0)
	  ->  Result  (cost=0.00..0.01 rows=1 width=736)

table 3 : explain INSERT INTO sbtest3 (id, k, c, pad) VALUES (4250440, 13, 'foobar', 'foobar')
	Insert on sbtest3  (cost=0.00..0.01 rows=0 width=0)
	  ->  Result  (cost=0.00..0.01 rows=1 width=736)

table 4 : explain INSERT INTO sbtest4 (id, k, c, pad) VALUES (2138380, 13, 'foobar', 'foobar')
	Insert on sbtest4  (cost=0.00..0.01 rows=0 width=0)
	  ->  Result  (cost=0.00..0.01 rows=1 width=736)

table 5 : explain INSERT INTO sbtest5 (id, k, c, pad) VALUES (7657536, 13, 'foobar', 'foobar')
	Insert on sbtest5  (cost=0.00..0.01 rows=0 width=0)
	  ->  Result  (cost=0.00..0.01 rows=1 width=736)

table 6 : explain INSERT INTO sbtest6 (id, k, c, pad) VALUES (4937243, 13, 'foobar', 'foobar')
	Insert on sbtest6  (cost=0.00..0.01 rows=0 width=0)
	  ->  Result  (cost=0.00..0.01 rows=1 width=736)

table 7 : explain INSERT INTO sbtest7 (id, k, c, pad) VALUES (8660033, 13, 'foobar', 'foobar')
	Insert on sbtest7  (cost=0.00..0.01 rows=0 width=0)
	  ->  Result  (cost=0.00..0.01 rows=1 width=736)

table 8 : explain INSERT INTO sbtest8 (id, k, c, pad) VALUES (6658228, 13, 'foobar', 'foobar')
	Insert on sbtest8  (cost=0.00..0.01 rows=0 width=0)
	  ->  Result  (cost=0.00..0.01 rows=1 width=736)

for: order_ranges
table 1 : explain SELECT c FROM sbtest1 WHERE id BETWEEN 5614952 AND 5615051 ORDER BY c
	Sort  (cost=372.55..372.79 rows=96 width=121)
	  Sort Key: c
	  ->  Index Scan using sbtest1_pkey on sbtest1  (cost=0.43..369.39 rows=96 width=121)
	        Index Cond: ((id >= 5614952) AND (id <= 5615051))

table 2 : explain SELECT c FROM sbtest2 WHERE id BETWEEN 9829532 AND 9829631 ORDER BY c
	Sort  (cost=405.92..406.18 rows=104 width=121)
	  Sort Key: c
	  ->  Index Scan using sbtest2_pkey on sbtest2  (cost=0.43..402.44 rows=104 width=121)
	        Index Cond: ((id >= 9829532) AND (id <= 9829631))

table 3 : explain SELECT c FROM sbtest3 WHERE id BETWEEN 9736139 AND 9736238 ORDER BY c
	Sort  (cost=373.66..373.90 rows=96 width=121)
	  Sort Key: c
	  ->  Index Scan using sbtest3_pkey on sbtest3  (cost=0.43..370.49 rows=96 width=121)
	        Index Cond: ((id >= 9736139) AND (id <= 9736238))

table 4 : explain SELECT c FROM sbtest4 WHERE id BETWEEN 2431501 AND 2431600 ORDER BY c
	Sort  (cost=406.29..406.55 rows=104 width=121)
	  Sort Key: c
	  ->  Index Scan using sbtest4_pkey on sbtest4  (cost=0.43..402.81 rows=104 width=121)
	        Index Cond: ((id >= 2431501) AND (id <= 2431600))

table 5 : explain SELECT c FROM sbtest5 WHERE id BETWEEN 4032652 AND 4032751 ORDER BY c
	Sort  (cost=466.51..466.81 rows=119 width=121)
	  Sort Key: c
	  ->  Index Scan using sbtest5_pkey on sbtest5  (cost=0.43..462.41 rows=119 width=121)
	        Index Cond: ((id >= 4032652) AND (id <= 4032751))

table 6 : explain SELECT c FROM sbtest6 WHERE id BETWEEN 6150155 AND 6150254 ORDER BY c
	Sort  (cost=367.32..367.56 rows=94 width=121)
	  Sort Key: c
	  ->  Index Scan using sbtest6_pkey on sbtest6  (cost=0.43..364.24 rows=94 width=121)
	        Index Cond: ((id >= 6150155) AND (id <= 6150254))

table 7 : explain SELECT c FROM sbtest7 WHERE id BETWEEN 1165276 AND 1165375 ORDER BY c
	Sort  (cost=411.34..411.61 rows=106 width=121)
	  Sort Key: c
	  ->  Index Scan using sbtest7_pkey on sbtest7  (cost=0.43..407.77 rows=106 width=121)
	        Index Cond: ((id >= 1165276) AND (id <= 1165375))

table 8 : explain SELECT c FROM sbtest8 WHERE id BETWEEN 6778033 AND 6778132 ORDER BY c
	Sort  (cost=367.70..367.93 rows=94 width=121)
	  Sort Key: c
	  ->  Index Scan using sbtest8_pkey on sbtest8  (cost=0.43..364.62 rows=94 width=121)
	        Index Cond: ((id >= 6778033) AND (id <= 6778132))

for: sum_ranges
table 1 : explain SELECT SUM(k) FROM sbtest1 WHERE id BETWEEN 6518067 AND 6518166
	Aggregate  (cost=384.83..384.84 rows=1 width=8)
	  ->  Index Scan using sbtest1_pkey on sbtest1  (cost=0.43..384.58 rows=100 width=4)
	        Index Cond: ((id >= 6518067) AND (id <= 6518166))

table 2 : explain SELECT SUM(k) FROM sbtest2 WHERE id BETWEEN 4988601 AND 4988700
	Aggregate  (cost=368.21..368.22 rows=1 width=8)
	  ->  Index Scan using sbtest2_pkey on sbtest2  (cost=0.43..367.98 rows=95 width=4)
	        Index Cond: ((id >= 4988601) AND (id <= 4988700))

table 3 : explain SELECT SUM(k) FROM sbtest3 WHERE id BETWEEN 5271080 AND 5271179
	Aggregate  (cost=401.23..401.24 rows=1 width=8)
	  ->  Index Scan using sbtest3_pkey on sbtest3  (cost=0.43..400.97 rows=104 width=4)
	        Index Cond: ((id >= 5271080) AND (id <= 5271179))

table 4 : explain SELECT SUM(k) FROM sbtest4 WHERE id BETWEEN 5702924 AND 5703023
	Aggregate  (cost=368.60..368.61 rows=1 width=8)
	  ->  Index Scan using sbtest4_pkey on sbtest4  (cost=0.43..368.36 rows=95 width=4)
	        Index Cond: ((id >= 5702924) AND (id <= 5703023))

table 5 : explain SELECT SUM(k) FROM sbtest5 WHERE id BETWEEN 9495741 AND 9495840
	Aggregate  (cost=412.68..412.69 rows=1 width=8)
	  ->  Index Scan using sbtest5_pkey on sbtest5  (cost=0.43..412.41 rows=106 width=4)
	        Index Cond: ((id >= 9495741) AND (id <= 9495840))

table 6 : explain SELECT SUM(k) FROM sbtest6 WHERE id BETWEEN 3188100 AND 3188199
	Aggregate  (cost=379.83..379.84 rows=1 width=8)
	  ->  Index Scan using sbtest6_pkey on sbtest6  (cost=0.43..379.59 rows=98 width=4)
	        Index Cond: ((id >= 3188100) AND (id <= 3188199))

table 7 : explain SELECT SUM(k) FROM sbtest7 WHERE id BETWEEN 7358885 AND 7358984
	Aggregate  (cost=427.06..427.07 rows=1 width=8)
	  ->  Index Scan using sbtest7_pkey on sbtest7  (cost=0.43..426.78 rows=111 width=4)
	        Index Cond: ((id >= 7358885) AND (id <= 7358984))

table 8 : explain SELECT SUM(k) FROM sbtest8 WHERE id BETWEEN 9716674 AND 9716773
	Aggregate  (cost=399.38..399.39 rows=1 width=8)
	  ->  Index Scan using sbtest8_pkey on sbtest8  (cost=0.43..399.12 rows=103 width=4)
	        Index Cond: ((id >= 9716674) AND (id <= 9716773))

explain: for index_updates :: explain UPDATE sbtest%u SET k=k+1 WHERE id=%u
explain: for inserts :: explain INSERT INTO sbtest%u (id, k, c, pad) VALUES (%u, 13, 'foobar', 'foobar')
for: sum_ranges
table 1 : explain SELECT SUM(k) FROM sbtest1 WHERE id BETWEEN 3089841 AND 3089940
	Aggregate  (cost=384.83..384.84 rows=1 width=8)
	  ->  Index Scan using sbtest1_pkey on sbtest1  (cost=0.43..384.58 rows=100 width=4)
	        Index Cond: ((id >= 3089841) AND (id <= 3089940))

table 2 : explain SELECT SUM(k) FROM sbtest2 WHERE id BETWEEN 9021569 AND 9021668
	Aggregate  (cost=402.70..402.71 rows=1 width=8)
	  ->  Index Scan using sbtest2_pkey on sbtest2  (cost=0.43..402.44 rows=104 width=4)
	        Index Cond: ((id >= 9021569) AND (id <= 9021668))

table 3 : explain SELECT SUM(k) FROM sbtest3 WHERE id BETWEEN 4727551 AND 4727650
	Aggregate  (cost=363.11..363.12 rows=1 width=8)
	  ->  Index Scan using sbtest3_pkey on sbtest3  (cost=0.43..362.88 rows=94 width=4)
	        Index Cond: ((id >= 4727551) AND (id <= 4727650))

table 4 : explain SELECT SUM(k) FROM sbtest4 WHERE id BETWEEN 328478 AND 328577
	Aggregate  (cost=364.77..364.78 rows=1 width=8)
	  ->  Index Scan using sbtest4_pkey on sbtest4  (cost=0.43..364.54 rows=94 width=4)
	        Index Cond: ((id >= 328478) AND (id <= 328577))

table 5 : explain SELECT SUM(k) FROM sbtest5 WHERE id BETWEEN 9343290 AND 9343389
	Aggregate  (cost=358.76..358.77 rows=1 width=8)
	  ->  Index Scan using sbtest5_pkey on sbtest5  (cost=0.43..358.53 rows=92 width=4)
	        Index Cond: ((id >= 9343290) AND (id <= 9343389))

table 6 : explain SELECT SUM(k) FROM sbtest6 WHERE id BETWEEN 2701868 AND 2701967
	Aggregate  (cost=402.80..402.81 rows=1 width=8)
	  ->  Index Scan using sbtest6_pkey on sbtest6  (cost=0.43..402.54 rows=104 width=4)
	        Index Cond: ((id >= 2701868) AND (id <= 2701967))

table 7 : explain SELECT SUM(k) FROM sbtest7 WHERE id BETWEEN 3432631 AND 3432730
	Aggregate  (cost=415.65..415.66 rows=1 width=8)
	  ->  Index Scan using sbtest7_pkey on sbtest7  (cost=0.43..415.38 rows=108 width=4)
	        Index Cond: ((id >= 3432631) AND (id <= 3432730))

table 8 : explain SELECT SUM(k) FROM sbtest8 WHERE id BETWEEN 5102362 AND 5102461
	Aggregate  (cost=418.54..418.55 rows=1 width=8)
	  ->  Index Scan using sbtest8_pkey on sbtest8  (cost=0.43..418.27 rows=108 width=4)
	        Index Cond: ((id >= 5102362) AND (id <= 5102461))

for: sum_ranges
table 1 : explain SELECT SUM(k) FROM sbtest1 WHERE id BETWEEN 1789872 AND 1789971
	Aggregate  (cost=411.43..411.44 rows=1 width=8)
	  ->  Index Scan using sbtest1_pkey on sbtest1  (cost=0.43..411.17 rows=107 width=4)
	        Index Cond: ((id >= 1789872) AND (id <= 1789971))

table 2 : explain SELECT SUM(k) FROM sbtest2 WHERE id BETWEEN 4554060 AND 4554159
	Aggregate  (cost=387.39..387.40 rows=1 width=8)
	  ->  Index Scan using sbtest2_pkey on sbtest2  (cost=0.43..387.14 rows=100 width=4)
	        Index Cond: ((id >= 4554060) AND (id <= 4554159))

table 3 : explain SELECT SUM(k) FROM sbtest3 WHERE id BETWEEN 2972586 AND 2972685
	Aggregate  (cost=366.92..366.93 rows=1 width=8)
	  ->  Index Scan using sbtest3_pkey on sbtest3  (cost=0.43..366.69 rows=95 width=4)
	        Index Cond: ((id >= 2972586) AND (id <= 2972685))

table 4 : explain SELECT SUM(k) FROM sbtest4 WHERE id BETWEEN 4559223 AND 4559322
	Aggregate  (cost=445.20..445.21 rows=1 width=8)
	  ->  Index Scan using sbtest4_pkey on sbtest4  (cost=0.43..444.91 rows=115 width=4)
	        Index Cond: ((id >= 4559223) AND (id <= 4559322))

table 5 : explain SELECT SUM(k) FROM sbtest5 WHERE id BETWEEN 7544733 AND 7544832
	Aggregate  (cost=370.30..370.31 rows=1 width=8)
	  ->  Index Scan using sbtest5_pkey on sbtest5  (cost=0.43..370.06 rows=95 width=4)
	        Index Cond: ((id >= 7544733) AND (id <= 7544832))

table 6 : explain SELECT SUM(k) FROM sbtest6 WHERE id BETWEEN 4552515 AND 4552614
	Aggregate  (cost=372.18..372.19 rows=1 width=8)
	  ->  Index Scan using sbtest6_pkey on sbtest6  (cost=0.43..371.94 rows=96 width=4)
	        Index Cond: ((id >= 4552515) AND (id <= 4552614))

table 7 : explain SELECT SUM(k) FROM sbtest7 WHERE id BETWEEN 9412793 AND 9412892
	Aggregate  (cost=396.63..396.64 rows=1 width=8)
	  ->  Index Scan using sbtest7_pkey on sbtest7  (cost=0.43..396.37 rows=103 width=4)
	        Index Cond: ((id >= 9412793) AND (id <= 9412892))

table 8 : explain SELECT SUM(k) FROM sbtest8 WHERE id BETWEEN 5697474 AND 5697573
	Aggregate  (cost=368.68..368.69 rows=1 width=8)
	  ->  Index Scan using sbtest8_pkey on sbtest8  (cost=0.43..368.45 rows=95 width=4)
	        Index Cond: ((id >= 5697474) AND (id <= 5697573))

for point_selects
table 1 : explain SELECT c FROM sbtest1 WHERE id=3682869
	Index Scan using sbtest1_pkey on sbtest1  (cost=0.43..8.45 rows=1 width=121)
	  Index Cond: (id = 3682869)

table 2 : explain SELECT c FROM sbtest2 WHERE id=9753982
	Index Scan using sbtest2_pkey on sbtest2  (cost=0.43..8.45 rows=1 width=121)
	  Index Cond: (id = 9753982)

table 3 : explain SELECT c FROM sbtest3 WHERE id=1311650
	Index Scan using sbtest3_pkey on sbtest3  (cost=0.43..8.45 rows=1 width=121)
	  Index Cond: (id = 1311650)

table 4 : explain SELECT c FROM sbtest4 WHERE id=294987
	Index Scan using sbtest4_pkey on sbtest4  (cost=0.43..8.45 rows=1 width=121)
	  Index Cond: (id = 294987)

table 5 : explain SELECT c FROM sbtest5 WHERE id=4568323
	Index Scan using sbtest5_pkey on sbtest5  (cost=0.43..8.45 rows=1 width=121)
	  Index Cond: (id = 4568323)

table 6 : explain SELECT c FROM sbtest6 WHERE id=925983
	Index Scan using sbtest6_pkey on sbtest6  (cost=0.43..8.45 rows=1 width=121)
	  Index Cond: (id = 925983)

table 7 : explain SELECT c FROM sbtest7 WHERE id=5284699
	Index Scan using sbtest7_pkey on sbtest7  (cost=0.43..8.45 rows=1 width=121)
	  Index Cond: (id = 5284699)

table 8 : explain SELECT c FROM sbtest8 WHERE id=231769
	Index Scan using sbtest8_pkey on sbtest8  (cost=0.43..8.45 rows=1 width=121)
	  Index Cond: (id = 231769)

for: distinct_ranges
table 1 : explain SELECT DISTINCT c FROM sbtest1 WHERE id BETWEEN 399920 AND 400019 ORDER BY c
	Unique  (cost=395.58..396.09 rows=102 width=121)
	  ->  Sort  (cost=395.58..395.84 rows=102 width=121)
	        Sort Key: c
	        ->  Index Scan using sbtest1_pkey on sbtest1  (cost=0.43..392.18 rows=102 width=121)
	              Index Cond: ((id >= 399920) AND (id <= 400019))

table 2 : explain SELECT DISTINCT c FROM sbtest2 WHERE id BETWEEN 6403940 AND 6404039 ORDER BY c
	Unique  (cost=452.30..452.88 rows=116 width=121)
	  ->  Sort  (cost=452.30..452.59 rows=116 width=121)
	        Sort Key: c
	        ->  Index Scan using sbtest2_pkey on sbtest2  (cost=0.43..448.32 rows=116 width=121)
	              Index Cond: ((id >= 6403940) AND (id <= 6404039))

table 3 : explain SELECT DISTINCT c FROM sbtest3 WHERE id BETWEEN 2654905 AND 2655004 ORDER BY c
	Unique  (cost=381.35..381.84 rows=98 width=121)
	  ->  Sort  (cost=381.35..381.60 rows=98 width=121)
	        Sort Key: c
	        ->  Index Scan using sbtest3_pkey on sbtest3  (cost=0.43..378.11 rows=98 width=121)
	              Index Cond: ((id >= 2654905) AND (id <= 2655004))

table 4 : explain SELECT DISTINCT c FROM sbtest4 WHERE id BETWEEN 1876973 AND 1877072 ORDER BY c
	Unique  (cost=375.35..375.83 rows=96 width=121)
	  ->  Sort  (cost=375.35..375.59 rows=96 width=121)
	        Sort Key: c
	        ->  Index Scan using sbtest4_pkey on sbtest4  (cost=0.43..372.19 rows=96 width=121)
	              Index Cond: ((id >= 1876973) AND (id <= 1877072))

table 5 : explain SELECT DISTINCT c FROM sbtest5 WHERE id BETWEEN 7905207 AND 7905306 ORDER BY c
	Unique  (cost=384.89..385.38 rows=98 width=121)
	  ->  Sort  (cost=384.89..385.13 rows=98 width=121)
	        Sort Key: c
	        ->  Index Scan using sbtest5_pkey on sbtest5  (cost=0.43..381.65 rows=98 width=121)
	              Index Cond: ((id >= 7905207) AND (id <= 7905306))

table 6 : explain SELECT DISTINCT c FROM sbtest6 WHERE id BETWEEN 9517948 AND 9518047 ORDER BY c
	Unique  (cost=398.29..398.80 rows=102 width=121)
	  ->  Sort  (cost=398.29..398.54 rows=102 width=121)
	        Sort Key: c
	        ->  Index Scan using sbtest6_pkey on sbtest6  (cost=0.43..394.89 rows=102 width=121)
	              Index Cond: ((id >= 9517948) AND (id <= 9518047))

table 7 : explain SELECT DISTINCT c FROM sbtest7 WHERE id BETWEEN 6084626 AND 6084725 ORDER BY c
	Unique  (cost=395.97..396.48 rows=102 width=121)
	  ->  Sort  (cost=395.97..396.23 rows=102 width=121)
	        Sort Key: c
	        ->  Index Scan using sbtest7_pkey on sbtest7  (cost=0.43..392.57 rows=102 width=121)
	              Index Cond: ((id >= 6084626) AND (id <= 6084725))

table 8 : explain SELECT DISTINCT c FROM sbtest8 WHERE id BETWEEN 36981 AND 37080 ORDER BY c
	Unique  (cost=421.92..422.46 rows=108 width=121)
	  ->  Sort  (cost=421.92..422.19 rows=108 width=121)
	        Sort Key: c
	        ->  Index Scan using sbtest8_pkey on sbtest8  (cost=0.43..418.27 rows=108 width=121)
	              Index Cond: ((id >= 36981) AND (id <= 37080))

for point_selects
table 1 : explain SELECT c FROM sbtest1 WHERE id=4654170
	Index Scan using sbtest1_pkey on sbtest1  (cost=0.43..8.45 rows=1 width=121)
	  Index Cond: (id = 4654170)

table 2 : explain SELECT c FROM sbtest2 WHERE id=799342
	Index Scan using sbtest2_pkey on sbtest2  (cost=0.43..8.45 rows=1 width=121)
	  Index Cond: (id = 799342)

table 3 : explain SELECT c FROM sbtest3 WHERE id=1584111
	Index Scan using sbtest3_pkey on sbtest3  (cost=0.43..8.45 rows=1 width=121)
	  Index Cond: (id = 1584111)

table 4 : explain SELECT c FROM sbtest4 WHERE id=2673495
	Index Scan using sbtest4_pkey on sbtest4  (cost=0.43..8.45 rows=1 width=121)
	  Index Cond: (id = 2673495)

table 5 : explain SELECT c FROM sbtest5 WHERE id=4248852
	Index Scan using sbtest5_pkey on sbtest5  (cost=0.43..8.45 rows=1 width=121)
	  Index Cond: (id = 4248852)

table 6 : explain SELECT c FROM sbtest6 WHERE id=3003429
	Index Scan using sbtest6_pkey on sbtest6  (cost=0.43..8.45 rows=1 width=121)
	  Index Cond: (id = 3003429)

table 7 : explain SELECT c FROM sbtest7 WHERE id=4548454
	Index Scan using sbtest7_pkey on sbtest7  (cost=0.43..8.45 rows=1 width=121)
	  Index Cond: (id = 4548454)

table 8 : explain SELECT c FROM sbtest8 WHERE id=4629038
	Index Scan using sbtest8_pkey on sbtest8  (cost=0.43..8.45 rows=1 width=121)
	  Index Cond: (id = 4629038)

for: sum_ranges
table 1 : explain SELECT SUM(k) FROM sbtest1 WHERE id BETWEEN 7226357 AND 7226456
	Aggregate  (cost=388.63..388.64 rows=1 width=8)
	  ->  Index Scan using sbtest1_pkey on sbtest1  (cost=0.43..388.38 rows=101 width=4)
	        Index Cond: ((id >= 7226357) AND (id <= 7226456))

table 2 : explain SELECT SUM(k) FROM sbtest2 WHERE id BETWEEN 1933673 AND 1933772
	Aggregate  (cost=410.35..410.36 rows=1 width=8)
	  ->  Index Scan using sbtest2_pkey on sbtest2  (cost=0.43..410.09 rows=106 width=4)
	        Index Cond: ((id >= 1933673) AND (id <= 1933772))

table 3 : explain SELECT SUM(k) FROM sbtest3 WHERE id BETWEEN 4255470 AND 4255569
	Aggregate  (cost=385.98..385.99 rows=1 width=8)
	  ->  Index Scan using sbtest3_pkey on sbtest3  (cost=0.43..385.73 rows=100 width=4)
	        Index Cond: ((id >= 4255470) AND (id <= 4255569))

table 4 : explain SELECT SUM(k) FROM sbtest4 WHERE id BETWEEN 6093744 AND 6093843
	Aggregate  (cost=349.41..349.42 rows=1 width=8)
	  ->  Index Scan using sbtest4_pkey on sbtest4  (cost=0.43..349.18 rows=90 width=4)
	        Index Cond: ((id >= 6093744) AND (id <= 6093843))

table 5 : explain SELECT SUM(k) FROM sbtest5 WHERE id BETWEEN 9394761 AND 9394860
	Aggregate  (cost=358.76..358.77 rows=1 width=8)
	  ->  Index Scan using sbtest5_pkey on sbtest5  (cost=0.43..358.53 rows=92 width=4)
	        Index Cond: ((id >= 9394761) AND (id <= 9394860))

table 6 : explain SELECT SUM(k) FROM sbtest6 WHERE id BETWEEN 9716579 AND 9716678
	Aggregate  (cost=383.66..383.67 rows=1 width=8)
	  ->  Index Scan using sbtest6_pkey on sbtest6  (cost=0.43..383.41 rows=99 width=4)
	        Index Cond: ((id >= 9716579) AND (id <= 9716678))

table 7 : explain SELECT SUM(k) FROM sbtest7 WHERE id BETWEEN 7899771 AND 7899870
	Aggregate  (cost=370.00..370.01 rows=1 width=8)
	  ->  Index Scan using sbtest7_pkey on sbtest7  (cost=0.43..369.76 rows=96 width=4)
	        Index Cond: ((id >= 7899771) AND (id <= 7899870))

table 8 : explain SELECT SUM(k) FROM sbtest8 WHERE id BETWEEN 8221643 AND 8221742
	Aggregate  (cost=391.72..391.73 rows=1 width=8)
	  ->  Index Scan using sbtest8_pkey on sbtest8  (cost=0.43..391.47 rows=101 width=4)
	        Index Cond: ((id >= 8221643) AND (id <= 8221742))

for inserts
table 1 : explain INSERT INTO sbtest1 (id, k, c, pad) VALUES (7735537, 13, 'foobar', 'foobar')
	Insert on sbtest1  (cost=0.00..0.01 rows=0 width=0)
	  ->  Result  (cost=0.00..0.01 rows=1 width=736)

table 2 : explain INSERT INTO sbtest2 (id, k, c, pad) VALUES (7808022, 13, 'foobar', 'foobar')
	Insert on sbtest2  (cost=0.00..0.01 rows=0 width=0)
	  ->  Result  (cost=0.00..0.01 rows=1 width=736)

table 3 : explain INSERT INTO sbtest3 (id, k, c, pad) VALUES (9909834, 13, 'foobar', 'foobar')
	Insert on sbtest3  (cost=0.00..0.01 rows=0 width=0)
	  ->  Result  (cost=0.00..0.01 rows=1 width=736)

table 4 : explain INSERT INTO sbtest4 (id, k, c, pad) VALUES (44070, 13, 'foobar', 'foobar')
	Insert on sbtest4  (cost=0.00..0.01 rows=0 width=0)
	  ->  Result  (cost=0.00..0.01 rows=1 width=736)

table 5 : explain INSERT INTO sbtest5 (id, k, c, pad) VALUES (3325109, 13, 'foobar', 'foobar')
	Insert on sbtest5  (cost=0.00..0.01 rows=0 width=0)
	  ->  Result  (cost=0.00..0.01 rows=1 width=736)

table 6 : explain INSERT INTO sbtest6 (id, k, c, pad) VALUES (4320588, 13, 'foobar', 'foobar')
	Insert on sbtest6  (cost=0.00..0.01 rows=0 width=0)
	  ->  Result  (cost=0.00..0.01 rows=1 width=736)

table 7 : explain INSERT INTO sbtest7 (id, k, c, pad) VALUES (5178705, 13, 'foobar', 'foobar')
	Insert on sbtest7  (cost=0.00..0.01 rows=0 width=0)
	  ->  Result  (cost=0.00..0.01 rows=1 width=736)

table 8 : explain INSERT INTO sbtest8 (id, k, c, pad) VALUES (5025626, 13, 'foobar', 'foobar')
	Insert on sbtest8  (cost=0.00..0.01 rows=0 width=0)
	  ->  Result  (cost=0.00..0.01 rows=1 width=736)

for index_updates
table 1 : explain UPDATE sbtest1 SET k=k+1 WHERE id=5739425
	Update on sbtest1  (cost=0.43..8.46 rows=0 width=0)
	  ->  Index Scan using sbtest1_pkey on sbtest1  (cost=0.43..8.46 rows=1 width=10)
	        Index Cond: (id = 5739425)

table 2 : explain UPDATE sbtest2 SET k=k+1 WHERE id=3951019
	Update on sbtest2  (cost=0.43..8.46 rows=0 width=0)
	  ->  Index Scan using sbtest2_pkey on sbtest2  (cost=0.43..8.46 rows=1 width=10)
	        Index Cond: (id = 3951019)

table 3 : explain UPDATE sbtest3 SET k=k+1 WHERE id=3610184
	Update on sbtest3  (cost=0.43..8.46 rows=0 width=0)
	  ->  Index Scan using sbtest3_pkey on sbtest3  (cost=0.43..8.46 rows=1 width=10)
	        Index Cond: (id = 3610184)

table 4 : explain UPDATE sbtest4 SET k=k+1 WHERE id=7513161
	Update on sbtest4  (cost=0.43..8.46 rows=0 width=0)
	  ->  Index Scan using sbtest4_pkey on sbtest4  (cost=0.43..8.46 rows=1 width=10)
	        Index Cond: (id = 7513161)

table 5 : explain UPDATE sbtest5 SET k=k+1 WHERE id=273836
	Update on sbtest5  (cost=0.43..8.46 rows=0 width=0)
	  ->  Index Scan using sbtest5_pkey on sbtest5  (cost=0.43..8.46 rows=1 width=10)
	        Index Cond: (id = 273836)

table 6 : explain UPDATE sbtest6 SET k=k+1 WHERE id=4164426
	Update on sbtest6  (cost=0.43..8.46 rows=0 width=0)
	  ->  Index Scan using sbtest6_pkey on sbtest6  (cost=0.43..8.46 rows=1 width=10)
	        Index Cond: (id = 4164426)

table 7 : explain UPDATE sbtest7 SET k=k+1 WHERE id=1545560
	Update on sbtest7  (cost=0.43..8.46 rows=0 width=0)
	  ->  Index Scan using sbtest7_pkey on sbtest7  (cost=0.43..8.46 rows=1 width=10)
	        Index Cond: (id = 1545560)

table 8 : explain UPDATE sbtest8 SET k=k+1 WHERE id=6305254
	Update on sbtest8  (cost=0.43..8.46 rows=0 width=0)
	  ->  Index Scan using sbtest8_pkey on sbtest8  (cost=0.43..8.46 rows=1 width=10)
	        Index Cond: (id = 6305254)

for: order_ranges
table 1 : explain SELECT c FROM sbtest1 WHERE id BETWEEN 2825983 AND 2826082 ORDER BY c
	Sort  (cost=384.07..384.31 rows=99 width=121)
	  Sort Key: c
	  ->  Index Scan using sbtest1_pkey on sbtest1  (cost=0.43..380.79 rows=99 width=121)
	        Index Cond: ((id >= 2825983) AND (id <= 2826082))

table 2 : explain SELECT c FROM sbtest2 WHERE id BETWEEN 5387788 AND 5387887 ORDER BY c
	Sort  (cost=394.33..394.58 rows=101 width=121)
	  Sort Key: c
	  ->  Index Scan using sbtest2_pkey on sbtest2  (cost=0.43..390.97 rows=101 width=121)
	        Index Cond: ((id >= 5387788) AND (id <= 5387887))

table 3 : explain SELECT c FROM sbtest3 WHERE id BETWEEN 9807711 AND 9807810 ORDER BY c
	Sort  (cost=389.05..389.30 rows=100 width=121)
	  Sort Key: c
	  ->  Index Scan using sbtest3_pkey on sbtest3  (cost=0.43..385.73 rows=100 width=121)
	        Index Cond: ((id >= 9807711) AND (id <= 9807810))

table 4 : explain SELECT c FROM sbtest4 WHERE id BETWEEN 5803205 AND 5803304 ORDER BY c
	Sort  (cost=444.98..445.26 rows=114 width=121)
	  Sort Key: c
	  ->  Index Scan using sbtest4_pkey on sbtest4  (cost=0.43..441.08 rows=114 width=121)
	        Index Cond: ((id >= 5803205) AND (id <= 5803304))

table 5 : explain SELECT c FROM sbtest5 WHERE id BETWEEN 7015224 AND 7015323 ORDER BY c
	Sort  (cost=357.64..357.87 rows=91 width=121)
	  Sort Key: c
	  ->  Index Scan using sbtest5_pkey on sbtest5  (cost=0.43..354.68 rows=91 width=121)
	        Index Cond: ((id >= 7015224) AND (id <= 7015323))

table 6 : explain SELECT c FROM sbtest6 WHERE id BETWEEN 1852733 AND 1852832 ORDER BY c
	Sort  (cost=351.86..352.09 rows=90 width=121)
	  Sort Key: c
	  ->  Index Scan using sbtest6_pkey on sbtest6  (cost=0.43..348.94 rows=90 width=121)
	        Index Cond: ((id >= 1852733) AND (id <= 1852832))

table 7 : explain SELECT c FROM sbtest7 WHERE id BETWEEN 8487225 AND 8487324 ORDER BY c
	Sort  (cost=403.66..403.92 rows=104 width=121)
	  Sort Key: c
	  ->  Index Scan using sbtest7_pkey on sbtest7  (cost=0.43..400.17 rows=104 width=121)
	        Index Cond: ((id >= 8487225) AND (id <= 8487324))

table 8 : explain SELECT c FROM sbtest8 WHERE id BETWEEN 3218055 AND 3218154 ORDER BY c
	Sort  (cost=383.22..383.47 rows=98 width=121)
	  Sort Key: c
	  ->  Index Scan using sbtest8_pkey on sbtest8  (cost=0.43..379.98 rows=98 width=121)
	        Index Cond: ((id >= 3218055) AND (id <= 3218154))

explain: for index_updates :: explain UPDATE sbtest%u SET k=k+1 WHERE id=%u
explain: for non_index_updates :: explain UPDATE sbtest%u SET c='foobar' WHERE id=%u
for inserts
table 1 : explain INSERT INTO sbtest1 (id, k, c, pad) VALUES (4244198, 13, 'foobar', 'foobar')
	Insert on sbtest1  (cost=0.00..0.01 rows=0 width=0)
	  ->  Result  (cost=0.00..0.01 rows=1 width=736)

table 2 : explain INSERT INTO sbtest2 (id, k, c, pad) VALUES (5530853, 13, 'foobar', 'foobar')
	Insert on sbtest2  (cost=0.00..0.01 rows=0 width=0)
	  ->  Result  (cost=0.00..0.01 rows=1 width=736)

table 3 : explain INSERT INTO sbtest3 (id, k, c, pad) VALUES (1028232, 13, 'foobar', 'foobar')
	Insert on sbtest3  (cost=0.00..0.01 rows=0 width=0)
	  ->  Result  (cost=0.00..0.01 rows=1 width=736)

table 4 : explain INSERT INTO sbtest4 (id, k, c, pad) VALUES (4704114, 13, 'foobar', 'foobar')
	Insert on sbtest4  (cost=0.00..0.01 rows=0 width=0)
	  ->  Result  (cost=0.00..0.01 rows=1 width=736)

table 5 : explain INSERT INTO sbtest5 (id, k, c, pad) VALUES (6745286, 13, 'foobar', 'foobar')
	Insert on sbtest5  (cost=0.00..0.01 rows=0 width=0)
	  ->  Result  (cost=0.00..0.01 rows=1 width=736)

table 6 : explain INSERT INTO sbtest6 (id, k, c, pad) VALUES (6930542, 13, 'foobar', 'foobar')
	Insert on sbtest6  (cost=0.00..0.01 rows=0 width=0)
	  ->  Result  (cost=0.00..0.01 rows=1 width=736)

table 7 : explain INSERT INTO sbtest7 (id, k, c, pad) VALUES (215632, 13, 'foobar', 'foobar')
	Insert on sbtest7  (cost=0.00..0.01 rows=0 width=0)
	  ->  Result  (cost=0.00..0.01 rows=1 width=736)

table 8 : explain INSERT INTO sbtest8 (id, k, c, pad) VALUES (2020997, 13, 'foobar', 'foobar')
	Insert on sbtest8  (cost=0.00..0.01 rows=0 width=0)
	  ->  Result  (cost=0.00..0.01 rows=1 width=736)

for: order_ranges
table 1 : explain SELECT c FROM sbtest1 WHERE id BETWEEN 4561050 AND 4561149 ORDER BY c
	Sort  (cost=391.74..392.00 rows=101 width=121)
	  Sort Key: c
	  ->  Index Scan using sbtest1_pkey on sbtest1  (cost=0.43..388.38 rows=101 width=121)
	        Index Cond: ((id >= 4561050) AND (id <= 4561149))

table 2 : explain SELECT c FROM sbtest2 WHERE id BETWEEN 1684851 AND 1684950 ORDER BY c
	Sort  (cost=328.60..328.81 rows=84 width=121)
	  Sort Key: c
	  ->  Index Scan using sbtest2_pkey on sbtest2  (cost=0.43..325.92 rows=84 width=121)
	        Index Cond: ((id >= 1684851) AND (id <= 1684950))

table 3 : explain SELECT c FROM sbtest3 WHERE id BETWEEN 1288458 AND 1288557 ORDER BY c
	Sort  (cost=389.05..389.30 rows=100 width=121)
	  Sort Key: c
	  ->  Index Scan using sbtest3_pkey on sbtest3  (cost=0.43..385.73 rows=100 width=121)
	        Index Cond: ((id >= 1288458) AND (id <= 1288557))

table 4 : explain SELECT c FROM sbtest4 WHERE id BETWEEN 7836446 AND 7836545 ORDER BY c
	Sort  (cost=410.16..410.43 rows=105 width=121)
	  Sort Key: c
	  ->  Index Scan using sbtest4_pkey on sbtest4  (cost=0.43..406.64 rows=105 width=121)
	        Index Cond: ((id >= 7836446) AND (id <= 7836545))

table 5 : explain SELECT c FROM sbtest5 WHERE id BETWEEN 6615476 AND 6615575 ORDER BY c
	Sort  (cost=388.77..389.02 rows=99 width=121)
	  Sort Key: c
	  ->  Index Scan using sbtest5_pkey on sbtest5  (cost=0.43..385.49 rows=99 width=121)
	        Index Cond: ((id >= 6615476) AND (id <= 6615575))

table 6 : explain SELECT c FROM sbtest6 WHERE id BETWEEN 1337660 AND 1337759 ORDER BY c
	Sort  (cost=421.48..421.75 rows=108 width=121)
	  Sort Key: c
	  ->  Index Scan using sbtest6_pkey on sbtest6  (cost=0.43..417.83 rows=108 width=121)
	        Index Cond: ((id >= 1337660) AND (id <= 1337759))

table 7 : explain SELECT c FROM sbtest7 WHERE id BETWEEN 8195241 AND 8195340 ORDER BY c
	Sort  (cost=403.66..403.92 rows=104 width=121)
	  Sort Key: c
	  ->  Index Scan using sbtest7_pkey on sbtest7  (cost=0.43..400.17 rows=104 width=121)
	        Index Cond: ((id >= 8195241) AND (id <= 8195340))

table 8 : explain SELECT c FROM sbtest8 WHERE id BETWEEN 4130983 AND 4131082 ORDER BY c
	Sort  (cost=394.83..395.08 rows=101 width=121)
	  Sort Key: c
	  ->  Index Scan using sbtest8_pkey on sbtest8  (cost=0.43..391.47 rows=101 width=121)
	        Index Cond: ((id >= 4130983) AND (id <= 4131082))

for point_selects
table 1 : explain SELECT c FROM sbtest1 WHERE id=4933463
	Index Scan using sbtest1_pkey on sbtest1  (cost=0.43..8.45 rows=1 width=121)
	  Index Cond: (id = 4933463)

table 2 : explain SELECT c FROM sbtest2 WHERE id=4192333
	Index Scan using sbtest2_pkey on sbtest2  (cost=0.43..8.45 rows=1 width=121)
	  Index Cond: (id = 4192333)

table 3 : explain SELECT c FROM sbtest3 WHERE id=515139
	Index Scan using sbtest3_pkey on sbtest3  (cost=0.43..8.45 rows=1 width=121)
	  Index Cond: (id = 515139)

table 4 : explain SELECT c FROM sbtest4 WHERE id=6403170
	Index Scan using sbtest4_pkey on sbtest4  (cost=0.43..8.45 rows=1 width=121)
	  Index Cond: (id = 6403170)

table 5 : explain SELECT c FROM sbtest5 WHERE id=6038999
	Index Scan using sbtest5_pkey on sbtest5  (cost=0.43..8.45 rows=1 width=121)
	  Index Cond: (id = 6038999)

table 6 : explain SELECT c FROM sbtest6 WHERE id=9075192
	Index Scan using sbtest6_pkey on sbtest6  (cost=0.43..8.45 rows=1 width=121)
	  Index Cond: (id = 9075192)

table 7 : explain SELECT c FROM sbtest7 WHERE id=3935842
	Index Scan using sbtest7_pkey on sbtest7  (cost=0.43..8.45 rows=1 width=121)
	  Index Cond: (id = 3935842)

table 8 : explain SELECT c FROM sbtest8 WHERE id=1026512
	Index Scan using sbtest8_pkey on sbtest8  (cost=0.43..8.45 rows=1 width=121)
	  Index Cond: (id = 1026512)

for index_updates
table 1 : explain UPDATE sbtest1 SET k=k+1 WHERE id=5839847
	Update on sbtest1  (cost=0.43..8.46 rows=0 width=0)
	  ->  Index Scan using sbtest1_pkey on sbtest1  (cost=0.43..8.46 rows=1 width=10)
	        Index Cond: (id = 5839847)

table 2 : explain UPDATE sbtest2 SET k=k+1 WHERE id=8075485
	Update on sbtest2  (cost=0.43..8.46 rows=0 width=0)
	  ->  Index Scan using sbtest2_pkey on sbtest2  (cost=0.43..8.46 rows=1 width=10)
	        Index Cond: (id = 8075485)

table 3 : explain UPDATE sbtest3 SET k=k+1 WHERE id=873765
	Update on sbtest3  (cost=0.43..8.46 rows=0 width=0)
	  ->  Index Scan using sbtest3_pkey on sbtest3  (cost=0.43..8.46 rows=1 width=10)
	        Index Cond: (id = 873765)

table 4 : explain UPDATE sbtest4 SET k=k+1 WHERE id=8968570
	Update on sbtest4  (cost=0.43..8.46 rows=0 width=0)
	  ->  Index Scan using sbtest4_pkey on sbtest4  (cost=0.43..8.46 rows=1 width=10)
	        Index Cond: (id = 8968570)

table 5 : explain UPDATE sbtest5 SET k=k+1 WHERE id=2680578
	Update on sbtest5  (cost=0.43..8.46 rows=0 width=0)
	  ->  Index Scan using sbtest5_pkey on sbtest5  (cost=0.43..8.46 rows=1 width=10)
	        Index Cond: (id = 2680578)

table 6 : explain UPDATE sbtest6 SET k=k+1 WHERE id=6967716
	Update on sbtest6  (cost=0.43..8.46 rows=0 width=0)
	  ->  Index Scan using sbtest6_pkey on sbtest6  (cost=0.43..8.46 rows=1 width=10)
	        Index Cond: (id = 6967716)

table 7 : explain UPDATE sbtest7 SET k=k+1 WHERE id=5913294
	Update on sbtest7  (cost=0.43..8.46 rows=0 width=0)
	  ->  Index Scan using sbtest7_pkey on sbtest7  (cost=0.43..8.46 rows=1 width=10)
	        Index Cond: (id = 5913294)

table 8 : explain UPDATE sbtest8 SET k=k+1 WHERE id=6917384
	Update on sbtest8  (cost=0.43..8.46 rows=0 width=0)
	  ->  Index Scan using sbtest8_pkey on sbtest8  (cost=0.43..8.46 rows=1 width=10)
	        Index Cond: (id = 6917384)

for: simple_ranges
table 1 : explain SELECT c FROM sbtest1 WHERE id BETWEEN 2894995 AND 2895094
	Index Scan using sbtest1_pkey on sbtest1  (cost=0.43..380.79 rows=99 width=121)
	  Index Cond: ((id >= 2894995) AND (id <= 2895094))

table 2 : explain SELECT c FROM sbtest2 WHERE id BETWEEN 5405710 AND 5405809
	Index Scan using sbtest2_pkey on sbtest2  (cost=0.43..390.97 rows=101 width=121)
	  Index Cond: ((id >= 5405710) AND (id <= 5405809))

table 3 : explain SELECT c FROM sbtest3 WHERE id BETWEEN 5733774 AND 5733873
	Index Scan using sbtest3_pkey on sbtest3  (cost=0.43..385.73 rows=100 width=121)
	  Index Cond: ((id >= 5733774) AND (id <= 5733873))

table 4 : explain SELECT c FROM sbtest4 WHERE id BETWEEN 508255 AND 508354
	Index Scan using sbtest4_pkey on sbtest4  (cost=0.43..387.50 rows=100 width=121)
	  Index Cond: ((id >= 508255) AND (id <= 508354))

table 5 : explain SELECT c FROM sbtest5 WHERE id BETWEEN 1525681 AND 1525780
	Index Scan using sbtest5_pkey on sbtest5  (cost=0.43..373.91 rows=96 width=121)
	  Index Cond: ((id >= 1525681) AND (id <= 1525780))

table 6 : explain SELECT c FROM sbtest6 WHERE id BETWEEN 5238533 AND 5238632
	Index Scan using sbtest6_pkey on sbtest6  (cost=0.43..391.06 rows=101 width=121)
	  Index Cond: ((id >= 5238533) AND (id <= 5238632))

table 7 : explain SELECT c FROM sbtest7 WHERE id BETWEEN 2108169 AND 2108268
	Index Scan using sbtest7_pkey on sbtest7  (cost=0.43..377.36 rows=98 width=121)
	  Index Cond: ((id >= 2108169) AND (id <= 2108268))

table 8 : explain SELECT c FROM sbtest8 WHERE id BETWEEN 368735 AND 368834
	Index Scan using sbtest8_pkey on sbtest8  (cost=0.43..425.92 rows=110 width=121)
	  Index Cond: ((id >= 368735) AND (id <= 368834))

for: order_ranges
table 1 : explain SELECT c FROM sbtest1 WHERE id BETWEEN 9087287 AND 9087386 ORDER BY c
	Sort  (cost=387.91..388.16 rows=100 width=121)
	  Sort Key: c
	  ->  Index Scan using sbtest1_pkey on sbtest1  (cost=0.43..384.58 rows=100 width=121)
	        Index Cond: ((id >= 9087287) AND (id <= 9087386))

table 2 : explain SELECT c FROM sbtest2 WHERE id BETWEEN 8585976 AND 8586075 ORDER BY c
	Sort  (cost=359.51..359.74 rows=92 width=121)
	  Sort Key: c
	  ->  Index Scan using sbtest2_pkey on sbtest2  (cost=0.43..356.51 rows=92 width=121)
	        Index Cond: ((id >= 8585976) AND (id <= 8586075))

table 3 : explain SELECT c FROM sbtest3 WHERE id BETWEEN 5573912 AND 5574011 ORDER BY c
	Sort  (cost=404.45..404.71 rows=104 width=121)
	  Sort Key: c
	  ->  Index Scan using sbtest3_pkey on sbtest3  (cost=0.43..400.97 rows=104 width=121)
	        Index Cond: ((id >= 5573912) AND (id <= 5574011))

table 4 : explain SELECT c FROM sbtest4 WHERE id BETWEEN 9000028 AND 9000127 ORDER BY c
	Sort  (cost=406.29..406.55 rows=104 width=121)
	  Sort Key: c
	  ->  Index Scan using sbtest4_pkey on sbtest4  (cost=0.43..402.81 rows=104 width=121)
	        Index Cond: ((id >= 9000028) AND (id <= 9000127))

table 5 : explain SELECT c FROM sbtest5 WHERE id BETWEEN 7747713 AND 7747812 ORDER BY c
	Sort  (cost=353.76..353.98 rows=90 width=121)
	  Sort Key: c
	  ->  Index Scan using sbtest5_pkey on sbtest5  (cost=0.43..350.83 rows=90 width=121)
	        Index Cond: ((id >= 7747713) AND (id <= 7747812))

table 6 : explain SELECT c FROM sbtest6 WHERE id BETWEEN 9971605 AND 9971704 ORDER BY c
	Sort  (cost=382.83..383.07 rows=98 width=121)
	  Sort Key: c
	  ->  Index Scan using sbtest6_pkey on sbtest6  (cost=0.43..379.59 rows=98 width=121)
	        Index Cond: ((id >= 9971605) AND (id <= 9971704))

table 7 : explain SELECT c FROM sbtest7 WHERE id BETWEEN 7103675 AND 7103774 ORDER BY c
	Sort  (cost=361.40..361.63 rows=93 width=121)
	  Sort Key: c
	  ->  Index Scan using sbtest7_pkey on sbtest7  (cost=0.43..358.36 rows=93 width=121)
	        Index Cond: ((id >= 7103675) AND (id <= 7103774))

table 8 : explain SELECT c FROM sbtest8 WHERE id BETWEEN 5531239 AND 5531338 ORDER BY c
	Sort  (cost=414.18..414.44 rows=106 width=121)
	  Sort Key: c
	  ->  Index Scan using sbtest8_pkey on sbtest8  (cost=0.43..410.61 rows=106 width=121)
	        Index Cond: ((id >= 5531239) AND (id <= 5531338))

for: order_ranges
table 1 : explain SELECT c FROM sbtest1 WHERE id BETWEEN 8516136 AND 8516235 ORDER BY c
	Sort  (cost=349.47..349.70 rows=90 width=121)
	  Sort Key: c
	  ->  Index Scan using sbtest1_pkey on sbtest1  (cost=0.43..346.55 rows=90 width=121)
	        Index Cond: ((id >= 8516136) AND (id <= 8516235))

table 2 : explain SELECT c FROM sbtest2 WHERE id BETWEEN 3303962 AND 3304061 ORDER BY c
	Sort  (cost=355.64..355.87 rows=91 width=121)
	  Sort Key: c
	  ->  Index Scan using sbtest2_pkey on sbtest2  (cost=0.43..352.68 rows=91 width=121)
	        Index Cond: ((id >= 3303962) AND (id <= 3304061))

table 3 : explain SELECT c FROM sbtest3 WHERE id BETWEEN 8199614 AND 8199713 ORDER BY c
	Sort  (cost=373.66..373.90 rows=96 width=121)
	  Sort Key: c
	  ->  Index Scan using sbtest3_pkey on sbtest3  (cost=0.43..370.49 rows=96 width=121)
	        Index Cond: ((id >= 8199614) AND (id <= 8199713))

table 4 : explain SELECT c FROM sbtest4 WHERE id BETWEEN 9105887 AND 9105986 ORDER BY c
	Sort  (cost=344.37..344.59 rows=88 width=121)
	  Sort Key: c
	  ->  Index Scan using sbtest4_pkey on sbtest4  (cost=0.43..341.53 rows=88 width=121)
	        Index Cond: ((id >= 9105887) AND (id <= 9105986))

table 5 : explain SELECT c FROM sbtest5 WHERE id BETWEEN 6762639 AND 6762738 ORDER BY c
	Sort  (cost=415.98..416.24 rows=106 width=121)
	  Sort Key: c
	  ->  Index Scan using sbtest5_pkey on sbtest5  (cost=0.43..412.41 rows=106 width=121)
	        Index Cond: ((id >= 6762639) AND (id <= 6762738))

table 6 : explain SELECT c FROM sbtest6 WHERE id BETWEEN 86649 AND 86748 ORDER BY c
	Sort  (cost=386.69..386.94 rows=99 width=121)
	  Sort Key: c
	  ->  Index Scan using sbtest6_pkey on sbtest6  (cost=0.43..383.41 rows=99 width=121)
	        Index Cond: ((id >= 86649) AND (id <= 86748))

table 7 : explain SELECT c FROM sbtest7 WHERE id BETWEEN 4829943 AND 4830042 ORDER BY c
	Sort  (cost=376.76..377.00 rows=97 width=121)
	  Sort Key: c
	  ->  Index Scan using sbtest7_pkey on sbtest7  (cost=0.43..373.56 rows=97 width=121)
	        Index Cond: ((id >= 4829943) AND (id <= 4830042))

table 8 : explain SELECT c FROM sbtest8 WHERE id BETWEEN 7989550 AND 7989649 ORDER BY c
	Sort  (cost=390.96..391.21 rows=100 width=121)
	  Sort Key: c
	  ->  Index Scan using sbtest8_pkey on sbtest8  (cost=0.43..387.64 rows=100 width=121)
	        Index Cond: ((id >= 7989550) AND (id <= 7989649))

for: simple_ranges
table 1 : explain SELECT c FROM sbtest1 WHERE id BETWEEN 1859438 AND 1859537
	Index Scan using sbtest1_pkey on sbtest1  (cost=0.43..369.34 rows=96 width=121)
	  Index Cond: ((id >= 1859438) AND (id <= 1859537))

table 2 : explain SELECT c FROM sbtest2 WHERE id BETWEEN 601235 AND 601334
	Index Scan using sbtest2_pkey on sbtest2  (cost=0.43..413.91 rows=107 width=121)
	  Index Cond: ((id >= 601235) AND (id <= 601334))

table 3 : explain SELECT c FROM sbtest3 WHERE id BETWEEN 556312 AND 556411
	Index Scan using sbtest3_pkey on sbtest3  (cost=0.43..400.97 rows=104 width=121)
	  Index Cond: ((id >= 556312) AND (id <= 556411))

table 4 : explain SELECT c FROM sbtest4 WHERE id BETWEEN 8282251 AND 8282350
	Index Scan using sbtest4_pkey on sbtest4  (cost=0.43..391.33 rows=101 width=121)
	  Index Cond: ((id >= 8282251) AND (id <= 8282350))

table 5 : explain SELECT c FROM sbtest5 WHERE id BETWEEN 6086661 AND 6086760
	Index Scan using sbtest5_pkey on sbtest5  (cost=0.43..373.91 rows=96 width=121)
	  Index Cond: ((id >= 6086661) AND (id <= 6086760))

table 6 : explain SELECT c FROM sbtest6 WHERE id BETWEEN 4927884 AND 4927983
	Index Scan using sbtest6_pkey on sbtest6  (cost=0.43..383.41 rows=99 width=121)
	  Index Cond: ((id >= 4927884) AND (id <= 4927983))

table 7 : explain SELECT c FROM sbtest7 WHERE id BETWEEN 5208870 AND 5208969
	Index Scan using sbtest7_pkey on sbtest7  (cost=0.43..407.77 rows=106 width=121)
	  Index Cond: ((id >= 5208870) AND (id <= 5208969))

table 8 : explain SELECT c FROM sbtest8 WHERE id BETWEEN 7928501 AND 7928600
	Index Scan using sbtest8_pkey on sbtest8  (cost=0.43..387.64 rows=100 width=121)
	  Index Cond: ((id >= 7928501) AND (id <= 7928600))

for non_index_updates
table 1 : explain UPDATE sbtest1 SET c='foobar' WHERE id=4403711
	Update on sbtest1  (cost=0.43..8.45 rows=0 width=0)
	  ->  Index Scan using sbtest1_pkey on sbtest1  (cost=0.43..8.45 rows=1 width=490)
	        Index Cond: (id = 4403711)

table 2 : explain UPDATE sbtest2 SET c='foobar' WHERE id=8470429
	Update on sbtest2  (cost=0.43..8.45 rows=0 width=0)
	  ->  Index Scan using sbtest2_pkey on sbtest2  (cost=0.43..8.45 rows=1 width=490)
	        Index Cond: (id = 8470429)

table 3 : explain UPDATE sbtest3 SET c='foobar' WHERE id=1519253
	Update on sbtest3  (cost=0.43..8.45 rows=0 width=0)
	  ->  Index Scan using sbtest3_pkey on sbtest3  (cost=0.43..8.45 rows=1 width=490)
	        Index Cond: (id = 1519253)

table 4 : explain UPDATE sbtest4 SET c='foobar' WHERE id=1374437
	Update on sbtest4  (cost=0.43..8.45 rows=0 width=0)
	  ->  Index Scan using sbtest4_pkey on sbtest4  (cost=0.43..8.45 rows=1 width=490)
	        Index Cond: (id = 1374437)

table 5 : explain UPDATE sbtest5 SET c='foobar' WHERE id=294051
	Update on sbtest5  (cost=0.43..8.45 rows=0 width=0)
	  ->  Index Scan using sbtest5_pkey on sbtest5  (cost=0.43..8.45 rows=1 width=490)
	        Index Cond: (id = 294051)

table 6 : explain UPDATE sbtest6 SET c='foobar' WHERE id=3569521
	Update on sbtest6  (cost=0.43..8.45 rows=0 width=0)
	  ->  Index Scan using sbtest6_pkey on sbtest6  (cost=0.43..8.45 rows=1 width=490)
	        Index Cond: (id = 3569521)

table 7 : explain UPDATE sbtest7 SET c='foobar' WHERE id=706989
	Update on sbtest7  (cost=0.43..8.45 rows=0 width=0)
	  ->  Index Scan using sbtest7_pkey on sbtest7  (cost=0.43..8.45 rows=1 width=490)
	        Index Cond: (id = 706989)

table 8 : explain UPDATE sbtest8 SET c='foobar' WHERE id=5381485
	Update on sbtest8  (cost=0.43..8.45 rows=0 width=0)
	  ->  Index Scan using sbtest8_pkey on sbtest8  (cost=0.43..8.45 rows=1 width=490)
	        Index Cond: (id = 5381485)

for: distinct_ranges
table 1 : explain SELECT DISTINCT c FROM sbtest1 WHERE id BETWEEN 5966416 AND 5966515 ORDER BY c
	Unique  (cost=399.42..399.93 rows=103 width=121)
	  ->  Sort  (cost=399.42..399.68 rows=103 width=121)
	        Sort Key: c
	        ->  Index Scan using sbtest1_pkey on sbtest1  (cost=0.43..395.98 rows=103 width=121)
	              Index Cond: ((id >= 5966416) AND (id <= 5966515))

table 2 : explain SELECT DISTINCT c FROM sbtest2 WHERE id BETWEEN 1159422 AND 1159521 ORDER BY c
	Unique  (cost=405.92..406.44 rows=104 width=121)
	  ->  Sort  (cost=405.92..406.18 rows=104 width=121)
	        Sort Key: c
	        ->  Index Scan using sbtest2_pkey on sbtest2  (cost=0.43..402.44 rows=104 width=121)
	              Index Cond: ((id >= 1159422) AND (id <= 1159521))

table 3 : explain SELECT DISTINCT c FROM sbtest3 WHERE id BETWEEN 478180 AND 478279 ORDER BY c
	Unique  (cost=381.35..381.84 rows=98 width=121)
	  ->  Sort  (cost=381.35..381.60 rows=98 width=121)
	        Sort Key: c
	        ->  Index Scan using sbtest3_pkey on sbtest3  (cost=0.43..378.11 rows=98 width=121)
	              Index Cond: ((id >= 478180) AND (id <= 478279))

table 4 : explain SELECT DISTINCT c FROM sbtest4 WHERE id BETWEEN 9008567 AND 9008666 ORDER BY c
	Unique  (cost=406.29..406.81 rows=104 width=121)
	  ->  Sort  (cost=406.29..406.55 rows=104 width=121)
	        Sort Key: c
	        ->  Index Scan using sbtest4_pkey on sbtest4  (cost=0.43..402.81 rows=104 width=121)
	              Index Cond: ((id >= 9008567) AND (id <= 9008666))

table 5 : explain SELECT DISTINCT c FROM sbtest5 WHERE id BETWEEN 9509261 AND 9509360 ORDER BY c
	Unique  (cost=415.98..416.51 rows=106 width=121)
	  ->  Sort  (cost=415.98..416.24 rows=106 width=121)
	        Sort Key: c
	        ->  Index Scan using sbtest5_pkey on sbtest5  (cost=0.43..412.41 rows=106 width=121)
	              Index Cond: ((id >= 9509261) AND (id <= 9509360))

table 6 : explain SELECT DISTINCT c FROM sbtest6 WHERE id BETWEEN 4582068 AND 4582167 ORDER BY c
	Unique  (cost=402.16..402.67 rows=103 width=121)
	  ->  Sort  (cost=402.16..402.41 rows=103 width=121)
	        Sort Key: c
	        ->  Index Scan using sbtest6_pkey on sbtest6  (cost=0.43..398.71 rows=103 width=121)
	              Index Cond: ((id >= 4582068) AND (id <= 4582167))

table 7 : explain SELECT DISTINCT c FROM sbtest7 WHERE id BETWEEN 3340968 AND 3341067 ORDER BY c
	Unique  (cost=384.45..384.94 rows=99 width=121)
	  ->  Sort  (cost=384.45..384.69 rows=99 width=121)
	        Sort Key: c
	        ->  Index Scan using sbtest7_pkey on sbtest7  (cost=0.43..381.16 rows=99 width=121)
	              Index Cond: ((id >= 3340968) AND (id <= 3341067))

table 8 : explain SELECT DISTINCT c FROM sbtest8 WHERE id BETWEEN 7754036 AND 7754135 ORDER BY c
	Unique  (cost=344.49..344.93 rows=88 width=121)
	  ->  Sort  (cost=344.49..344.71 rows=88 width=121)
	        Sort Key: c
	        ->  Index Scan using sbtest8_pkey on sbtest8  (cost=0.43..341.65 rows=88 width=121)
	              Index Cond: ((id >= 7754036) AND (id <= 7754135))

for point_selects
table 1 : explain SELECT c FROM sbtest1 WHERE id=852127
	Index Scan using sbtest1_pkey on sbtest1  (cost=0.43..8.45 rows=1 width=121)
	  Index Cond: (id = 852127)

table 2 : explain SELECT c FROM sbtest2 WHERE id=5510455
	Index Scan using sbtest2_pkey on sbtest2  (cost=0.43..8.45 rows=1 width=121)
	  Index Cond: (id = 5510455)

table 3 : explain SELECT c FROM sbtest3 WHERE id=5016638
	Index Scan using sbtest3_pkey on sbtest3  (cost=0.43..8.45 rows=1 width=121)
	  Index Cond: (id = 5016638)

table 4 : explain SELECT c FROM sbtest4 WHERE id=9111663
	Index Scan using sbtest4_pkey on sbtest4  (cost=0.43..8.45 rows=1 width=121)
	  Index Cond: (id = 9111663)

table 5 : explain SELECT c FROM sbtest5 WHERE id=8407716
	Index Scan using sbtest5_pkey on sbtest5  (cost=0.43..8.45 rows=1 width=121)
	  Index Cond: (id = 8407716)

table 6 : explain SELECT c FROM sbtest6 WHERE id=7717024
	Index Scan using sbtest6_pkey on sbtest6  (cost=0.43..8.45 rows=1 width=121)
	  Index Cond: (id = 7717024)

table 7 : explain SELECT c FROM sbtest7 WHERE id=2431107
	Index Scan using sbtest7_pkey on sbtest7  (cost=0.43..8.45 rows=1 width=121)
	  Index Cond: (id = 2431107)

table 8 : explain SELECT c FROM sbtest8 WHERE id=7787703
	Index Scan using sbtest8_pkey on sbtest8  (cost=0.43..8.45 rows=1 width=121)
	  Index Cond: (id = 7787703)

for: order_ranges
table 1 : explain SELECT c FROM sbtest1 WHERE id BETWEEN 9838388 AND 9838487 ORDER BY c
	Sort  (cost=376.39..376.63 rows=97 width=121)
	  Sort Key: c
	  ->  Index Scan using sbtest1_pkey on sbtest1  (cost=0.43..373.19 rows=97 width=121)
	        Index Cond: ((id >= 9838388) AND (id <= 9838487))

table 2 : explain SELECT c FROM sbtest2 WHERE id BETWEEN 5438889 AND 5438988 ORDER BY c
	Sort  (cost=394.33..394.58 rows=101 width=121)
	  Sort Key: c
	  ->  Index Scan using sbtest2_pkey on sbtest2  (cost=0.43..390.97 rows=101 width=121)
	        Index Cond: ((id >= 5438889) AND (id <= 5438988))

table 3 : explain SELECT c FROM sbtest3 WHERE id BETWEEN 4509773 AND 4509872 ORDER BY c
	Sort  (cost=358.26..358.49 rows=92 width=121)
	  Sort Key: c
	  ->  Index Scan using sbtest3_pkey on sbtest3  (cost=0.43..355.26 rows=92 width=121)
	        Index Cond: ((id >= 4509773) AND (id <= 4509872))

table 4 : explain SELECT c FROM sbtest4 WHERE id BETWEEN 1615055 AND 1615154 ORDER BY c
	Sort  (cost=371.49..371.72 rows=95 width=121)
	  Sort Key: c
	  ->  Index Scan using sbtest4_pkey on sbtest4  (cost=0.43..368.36 rows=95 width=121)
	        Index Cond: ((id >= 1615055) AND (id <= 1615154))

table 5 : explain SELECT c FROM sbtest5 WHERE id BETWEEN 4833722 AND 4833821 ORDER BY c
	Sort  (cost=388.77..389.02 rows=99 width=121)
	  Sort Key: c
	  ->  Index Scan using sbtest5_pkey on sbtest5  (cost=0.43..385.49 rows=99 width=121)
	        Index Cond: ((id >= 4833722) AND (id <= 4833821))

table 6 : explain SELECT c FROM sbtest6 WHERE id BETWEEN 8884807 AND 8884906 ORDER BY c
	Sort  (cost=390.56..390.81 rows=100 width=121)
	  Sort Key: c
	  ->  Index Scan using sbtest6_pkey on sbtest6  (cost=0.43..387.24 rows=100 width=121)
	        Index Cond: ((id >= 8884807) AND (id <= 8884906))

table 7 : explain SELECT c FROM sbtest7 WHERE id BETWEEN 5864158 AND 5864257 ORDER BY c
	Sort  (cost=353.71..353.94 rows=91 width=121)
	  Sort Key: c
	  ->  Index Scan using sbtest7_pkey on sbtest7  (cost=0.43..350.75 rows=91 width=121)
	        Index Cond: ((id >= 5864158) AND (id <= 5864257))

table 8 : explain SELECT c FROM sbtest8 WHERE id BETWEEN 1288983 AND 1289082 ORDER BY c
	Sort  (cost=394.83..395.08 rows=101 width=121)
	  Sort Key: c
	  ->  Index Scan using sbtest8_pkey on sbtest8  (cost=0.43..391.47 rows=101 width=121)
	        Index Cond: ((id >= 1288983) AND (id <= 1289082))

explain: for non_index_updates :: explain UPDATE sbtest%u SET c='foobar' WHERE id=%u
explain: for deletes :: explain DELETE FROM sbtest%u WHERE id=%u
for: distinct_ranges
table 1 : explain SELECT DISTINCT c FROM sbtest1 WHERE id BETWEEN 108159 AND 108258 ORDER BY c
	Unique  (cost=387.91..388.41 rows=100 width=121)
	  ->  Sort  (cost=387.91..388.16 rows=100 width=121)
	        Sort Key: c
	        ->  Index Scan using sbtest1_pkey on sbtest1  (cost=0.43..384.58 rows=100 width=121)
	              Index Cond: ((id >= 108159) AND (id <= 108258))

table 2 : explain SELECT DISTINCT c FROM sbtest2 WHERE id BETWEEN 90430 AND 90529 ORDER BY c
	Unique  (cost=382.74..383.23 rows=98 width=121)
	  ->  Sort  (cost=382.74..382.98 rows=98 width=121)
	        Sort Key: c
	        ->  Index Scan using sbtest2_pkey on sbtest2  (cost=0.43..379.50 rows=98 width=121)
	              Index Cond: ((id >= 90430) AND (id <= 90529))

table 3 : explain SELECT DISTINCT c FROM sbtest3 WHERE id BETWEEN 3372663 AND 3372762 ORDER BY c
	Unique  (cost=427.55..428.10 rows=110 width=121)
	  ->  Sort  (cost=427.55..427.83 rows=110 width=121)
	        Sort Key: c
	        ->  Index Scan using sbtest3_pkey on sbtest3  (cost=0.43..423.82 rows=110 width=121)
	              Index Cond: ((id >= 3372663) AND (id <= 3372762))

table 4 : explain SELECT DISTINCT c FROM sbtest4 WHERE id BETWEEN 5138707 AND 5138806 ORDER BY c
	Unique  (cost=444.98..445.55 rows=114 width=121)
	  ->  Sort  (cost=444.98..445.26 rows=114 width=121)
	        Sort Key: c
	        ->  Index Scan using sbtest4_pkey on sbtest4  (cost=0.43..441.08 rows=114 width=121)
	              Index Cond: ((id >= 5138707) AND (id <= 5138806))

table 5 : explain SELECT DISTINCT c FROM sbtest5 WHERE id BETWEEN 564012 AND 564111 ORDER BY c
	Unique  (cost=443.19..443.75 rows=113 width=121)
	  ->  Sort  (cost=443.19..443.47 rows=113 width=121)
	        Sort Key: c
	        ->  Index Scan using sbtest5_pkey on sbtest5  (cost=0.43..439.34 rows=113 width=121)
	              Index Cond: ((id >= 564012) AND (id <= 564111))

table 6 : explain SELECT DISTINCT c FROM sbtest6 WHERE id BETWEEN 2146238 AND 2146337 ORDER BY c
	Unique  (cost=382.83..383.32 rows=98 width=121)
	  ->  Sort  (cost=382.83..383.07 rows=98 width=121)
	        Sort Key: c
	        ->  Index Scan using sbtest6_pkey on sbtest6  (cost=0.43..379.59 rows=98 width=121)
	              Index Cond: ((id >= 2146238) AND (id <= 2146337))

table 7 : explain SELECT DISTINCT c FROM sbtest7 WHERE id BETWEEN 9039280 AND 9039379 ORDER BY c
	Unique  (cost=376.76..377.25 rows=97 width=121)
	  ->  Sort  (cost=376.76..377.00 rows=97 width=121)
	        Sort Key: c
	        ->  Index Scan using sbtest7_pkey on sbtest7  (cost=0.43..373.56 rows=97 width=121)
	              Index Cond: ((id >= 9039280) AND (id <= 9039379))

table 8 : explain SELECT DISTINCT c FROM sbtest8 WHERE id BETWEEN 2413878 AND 2413977 ORDER BY c
	Unique  (cost=414.18..414.71 rows=106 width=121)
	  ->  Sort  (cost=414.18..414.44 rows=106 width=121)
	        Sort Key: c
	        ->  Index Scan using sbtest8_pkey on sbtest8  (cost=0.43..410.61 rows=106 width=121)
	              Index Cond: ((id >= 2413878) AND (id <= 2413977))

for: simple_ranges
table 1 : explain SELECT c FROM sbtest1 WHERE id BETWEEN 1346341 AND 1346440
	Index Scan using sbtest1_pkey on sbtest1  (cost=0.43..426.36 rows=111 width=121)
	  Index Cond: ((id >= 1346341) AND (id <= 1346440))

table 2 : explain SELECT c FROM sbtest2 WHERE id BETWEEN 5800640 AND 5800739
	Index Scan using sbtest2_pkey on sbtest2  (cost=0.43..364.15 rows=94 width=121)
	  Index Cond: ((id >= 5800640) AND (id <= 5800739))

table 3 : explain SELECT c FROM sbtest3 WHERE id BETWEEN 1079075 AND 1079174
	Index Scan using sbtest3_pkey on sbtest3  (cost=0.43..404.78 rows=105 width=121)
	  Index Cond: ((id >= 1079075) AND (id <= 1079174))

table 4 : explain SELECT c FROM sbtest4 WHERE id BETWEEN 6417477 AND 6417576
	Index Scan using sbtest4_pkey on sbtest4  (cost=0.43..387.50 rows=100 width=121)
	  Index Cond: ((id >= 6417477) AND (id <= 6417576))

table 5 : explain SELECT c FROM sbtest5 WHERE id BETWEEN 4717235 AND 4717334
	Index Scan using sbtest5_pkey on sbtest5  (cost=0.43..393.18 rows=101 width=121)
	  Index Cond: ((id >= 4717235) AND (id <= 4717334))

table 6 : explain SELECT c FROM sbtest6 WHERE id BETWEEN 5603659 AND 5603758
	Index Scan using sbtest6_pkey on sbtest6  (cost=0.43..360.42 rows=93 width=121)
	  Index Cond: ((id >= 5603659) AND (id <= 5603758))

table 7 : explain SELECT c FROM sbtest7 WHERE id BETWEEN 4481098 AND 4481197
	Index Scan using sbtest7_pkey on sbtest7  (cost=0.43..343.09 rows=89 width=121)
	  Index Cond: ((id >= 4481098) AND (id <= 4481197))

table 8 : explain SELECT c FROM sbtest8 WHERE id BETWEEN 6512463 AND 6512562
	Index Scan using sbtest8_pkey on sbtest8  (cost=0.43..402.95 rows=104 width=121)
	  Index Cond: ((id >= 6512463) AND (id <= 6512562))

for: order_ranges
table 1 : explain SELECT c FROM sbtest1 WHERE id BETWEEN 2368263 AND 2368362 ORDER BY c
	Sort  (cost=399.42..399.68 rows=103 width=121)
	  Sort Key: c
	  ->  Index Scan using sbtest1_pkey on sbtest1  (cost=0.43..395.98 rows=103 width=121)
	        Index Cond: ((id >= 2368263) AND (id <= 2368362))

table 2 : explain SELECT c FROM sbtest2 WHERE id BETWEEN 8689398 AND 8689497 ORDER BY c
	Sort  (cost=359.51..359.74 rows=92 width=121)
	  Sort Key: c
	  ->  Index Scan using sbtest2_pkey on sbtest2  (cost=0.43..356.51 rows=92 width=121)
	        Index Cond: ((id >= 8689398) AND (id <= 8689497))

table 3 : explain SELECT c FROM sbtest3 WHERE id BETWEEN 6115536 AND 6115635 ORDER BY c
	Sort  (cost=416.00..416.27 rows=107 width=121)
	  Sort Key: c
	  ->  Index Scan using sbtest3_pkey on sbtest3  (cost=0.43..412.40 rows=107 width=121)
	        Index Cond: ((id >= 6115536) AND (id <= 6115635))

table 4 : explain SELECT c FROM sbtest4 WHERE id BETWEEN 737333 AND 737432 ORDER BY c
	Sort  (cost=355.97..356.20 rows=91 width=121)
	  Sort Key: c
	  ->  Index Scan using sbtest4_pkey on sbtest4  (cost=0.43..353.01 rows=91 width=121)
	        Index Cond: ((id >= 737333) AND (id <= 737432))

table 5 : explain SELECT c FROM sbtest5 WHERE id BETWEEN 9081637 AND 9081736 ORDER BY c
	Sort  (cost=349.87..350.09 rows=89 width=121)
	  Sort Key: c
	  ->  Index Scan using sbtest5_pkey on sbtest5  (cost=0.43..346.99 rows=89 width=121)
	        Index Cond: ((id >= 9081637) AND (id <= 9081736))

table 6 : explain SELECT c FROM sbtest6 WHERE id BETWEEN 388123 AND 388222 ORDER BY c
	Sort  (cost=375.10..375.34 rows=96 width=121)
	  Sort Key: c
	  ->  Index Scan using sbtest6_pkey on sbtest6  (cost=0.43..371.94 rows=96 width=121)
	        Index Cond: ((id >= 388123) AND (id <= 388222))

table 7 : explain SELECT c FROM sbtest7 WHERE id BETWEEN 5231187 AND 5231286 ORDER BY c
	Sort  (cost=411.34..411.61 rows=106 width=121)
	  Sort Key: c
	  ->  Index Scan using sbtest7_pkey on sbtest7  (cost=0.43..407.77 rows=106 width=121)
	        Index Cond: ((id >= 5231187) AND (id <= 5231286))

table 8 : explain SELECT c FROM sbtest8 WHERE id BETWEEN 7147653 AND 7147752 ORDER BY c
	Sort  (cost=336.75..336.97 rows=86 width=121)
	  Sort Key: c
	  ->  Index Scan using sbtest8_pkey on sbtest8  (cost=0.43..333.99 rows=86 width=121)
	        Index Cond: ((id >= 7147653) AND (id <= 7147752))

explain: for index_updates :: explain UPDATE sbtest%u SET k=k+1 WHERE id=%u
for deletes
table 1 : explain DELETE FROM sbtest1 WHERE id=5423099
	Delete on sbtest1  (cost=0.43..8.45 rows=0 width=0)
	  ->  Index Scan using sbtest1_pkey on sbtest1  (cost=0.43..8.45 rows=1 width=6)
	        Index Cond: (id = 5423099)

table 2 : explain DELETE FROM sbtest2 WHERE id=3595156
	Delete on sbtest2  (cost=0.43..8.45 rows=0 width=0)
	  ->  Index Scan using sbtest2_pkey on sbtest2  (cost=0.43..8.45 rows=1 width=6)
	        Index Cond: (id = 3595156)

table 3 : explain DELETE FROM sbtest3 WHERE id=1662912
	Delete on sbtest3  (cost=0.43..8.45 rows=0 width=0)
	  ->  Index Scan using sbtest3_pkey on sbtest3  (cost=0.43..8.45 rows=1 width=6)
	        Index Cond: (id = 1662912)

table 4 : explain DELETE FROM sbtest4 WHERE id=4487017
	Delete on sbtest4  (cost=0.43..8.45 rows=0 width=0)
	  ->  Index Scan using sbtest4_pkey on sbtest4  (cost=0.43..8.45 rows=1 width=6)
	        Index Cond: (id = 4487017)

table 5 : explain DELETE FROM sbtest5 WHERE id=3099960
	Delete on sbtest5  (cost=0.43..8.45 rows=0 width=0)
	  ->  Index Scan using sbtest5_pkey on sbtest5  (cost=0.43..8.45 rows=1 width=6)
	        Index Cond: (id = 3099960)

table 6 : explain DELETE FROM sbtest6 WHERE id=5984999
	Delete on sbtest6  (cost=0.43..8.45 rows=0 width=0)
	  ->  Index Scan using sbtest6_pkey on sbtest6  (cost=0.43..8.45 rows=1 width=6)
	        Index Cond: (id = 5984999)

table 7 : explain DELETE FROM sbtest7 WHERE id=5803465
	Delete on sbtest7  (cost=0.43..8.45 rows=0 width=0)
	  ->  Index Scan using sbtest7_pkey on sbtest7  (cost=0.43..8.45 rows=1 width=6)
	        Index Cond: (id = 5803465)

table 8 : explain DELETE FROM sbtest8 WHERE id=6194641
	Delete on sbtest8  (cost=0.43..8.45 rows=0 width=0)
	  ->  Index Scan using sbtest8_pkey on sbtest8  (cost=0.43..8.45 rows=1 width=6)
	        Index Cond: (id = 6194641)

for: distinct_ranges
table 1 : explain SELECT DISTINCT c FROM sbtest1 WHERE id BETWEEN 4366081 AND 4366180 ORDER BY c
	Unique  (cost=391.74..392.25 rows=101 width=121)
	  ->  Sort  (cost=391.74..392.00 rows=101 width=121)
	        Sort Key: c
	        ->  Index Scan using sbtest1_pkey on sbtest1  (cost=0.43..388.38 rows=101 width=121)
	              Index Cond: ((id >= 4366081) AND (id <= 4366180))

table 2 : explain SELECT DISTINCT c FROM sbtest2 WHERE id BETWEEN 3429449 AND 3429548 ORDER BY c
	Unique  (cost=409.79..410.31 rows=105 width=121)
	  ->  Sort  (cost=409.79..410.05 rows=105 width=121)
	        Sort Key: c
	        ->  Index Scan using sbtest2_pkey on sbtest2  (cost=0.43..406.26 rows=105 width=121)
	              Index Cond: ((id >= 3429449) AND (id <= 3429548))

table 3 : explain SELECT DISTINCT c FROM sbtest3 WHERE id BETWEEN 1395522 AND 1395621 ORDER BY c
	Unique  (cost=400.60..401.12 rows=103 width=121)
	  ->  Sort  (cost=400.60..400.86 rows=103 width=121)
	        Sort Key: c
	        ->  Index Scan using sbtest3_pkey on sbtest3  (cost=0.43..397.16 rows=103 width=121)
	              Index Cond: ((id >= 1395522) AND (id <= 1395621))

table 4 : explain SELECT DISTINCT c FROM sbtest4 WHERE id BETWEEN 9232536 AND 9232635 ORDER BY c
	Unique  (cost=371.49..371.96 rows=95 width=121)
	  ->  Sort  (cost=371.49..371.72 rows=95 width=121)
	        Sort Key: c
	        ->  Index Scan using sbtest4_pkey on sbtest4  (cost=0.43..368.36 rows=95 width=121)
	              Index Cond: ((id >= 9232536) AND (id <= 9232635))

table 5 : explain SELECT DISTINCT c FROM sbtest5 WHERE id BETWEEN 2346241 AND 2346340 ORDER BY c
	Unique  (cost=400.43..400.94 rows=102 width=121)
	  ->  Sort  (cost=400.43..400.69 rows=102 width=121)
	        Sort Key: c
	        ->  Index Scan using sbtest5_pkey on sbtest5  (cost=0.43..397.03 rows=102 width=121)
	              Index Cond: ((id >= 2346241) AND (id <= 2346340))

table 6 : explain SELECT DISTINCT c FROM sbtest6 WHERE id BETWEEN 6631718 AND 6631817 ORDER BY c
	Unique  (cost=378.96..379.45 rows=97 width=121)
	  ->  Sort  (cost=378.96..379.21 rows=97 width=121)
	        Sort Key: c
	        ->  Index Scan using sbtest6_pkey on sbtest6  (cost=0.43..375.76 rows=97 width=121)
	              Index Cond: ((id >= 6631718) AND (id <= 6631817))

table 7 : explain SELECT DISTINCT c FROM sbtest7 WHERE id BETWEEN 4465606 AND 4465705 ORDER BY c
	Unique  (cost=345.98..346.42 rows=89 width=121)
	  ->  Sort  (cost=345.98..346.20 rows=89 width=121)
	        Sort Key: c
	        ->  Index Scan using sbtest7_pkey on sbtest7  (cost=0.43..343.09 rows=89 width=121)
	              Index Cond: ((id >= 4465606) AND (id <= 4465705))

table 8 : explain SELECT DISTINCT c FROM sbtest8 WHERE id BETWEEN 9378062 AND 9378161 ORDER BY c
	Unique  (cost=363.83..364.30 rows=93 width=121)
	  ->  Sort  (cost=363.83..364.06 rows=93 width=121)
	        Sort Key: c
	        ->  Index Scan using sbtest8_pkey on sbtest8  (cost=0.43..360.79 rows=93 width=121)
	              Index Cond: ((id >= 9378062) AND (id <= 9378161))

for non_index_updates
table 1 : explain UPDATE sbtest1 SET c='foobar' WHERE id=552218
	Update on sbtest1  (cost=0.43..8.45 rows=0 width=0)
	  ->  Index Scan using sbtest1_pkey on sbtest1  (cost=0.43..8.45 rows=1 width=490)
	        Index Cond: (id = 552218)

table 2 : explain UPDATE sbtest2 SET c='foobar' WHERE id=7446842
	Update on sbtest2  (cost=0.43..8.45 rows=0 width=0)
	  ->  Index Scan using sbtest2_pkey on sbtest2  (cost=0.43..8.45 rows=1 width=490)
	        Index Cond: (id = 7446842)

table 3 : explain UPDATE sbtest3 SET c='foobar' WHERE id=1407358
	Update on sbtest3  (cost=0.43..8.45 rows=0 width=0)
	  ->  Index Scan using sbtest3_pkey on sbtest3  (cost=0.43..8.45 rows=1 width=490)
	        Index Cond: (id = 1407358)

table 4 : explain UPDATE sbtest4 SET c='foobar' WHERE id=6121540
	Update on sbtest4  (cost=0.43..8.45 rows=0 width=0)
	  ->  Index Scan using sbtest4_pkey on sbtest4  (cost=0.43..8.45 rows=1 width=490)
	        Index Cond: (id = 6121540)

table 5 : explain UPDATE sbtest5 SET c='foobar' WHERE id=4500349
	Update on sbtest5  (cost=0.43..8.45 rows=0 width=0)
	  ->  Index Scan using sbtest5_pkey on sbtest5  (cost=0.43..8.45 rows=1 width=490)
	        Index Cond: (id = 4500349)

table 6 : explain UPDATE sbtest6 SET c='foobar' WHERE id=7464421
	Update on sbtest6  (cost=0.43..8.45 rows=0 width=0)
	  ->  Index Scan using sbtest6_pkey on sbtest6  (cost=0.43..8.45 rows=1 width=490)
	        Index Cond: (id = 7464421)

table 7 : explain UPDATE sbtest7 SET c='foobar' WHERE id=2632207
	Update on sbtest7  (cost=0.43..8.45 rows=0 width=0)
	  ->  Index Scan using sbtest7_pkey on sbtest7  (cost=0.43..8.45 rows=1 width=490)
	        Index Cond: (id = 2632207)

table 8 : explain UPDATE sbtest8 SET c='foobar' WHERE id=7178125
	Update on sbtest8  (cost=0.43..8.45 rows=0 width=0)
	  ->  Index Scan using sbtest8_pkey on sbtest8  (cost=0.43..8.45 rows=1 width=490)
	        Index Cond: (id = 7178125)

explain: for index_updates :: explain UPDATE sbtest%u SET k=k+1 WHERE id=%u
for: simple_ranges
table 1 : explain SELECT c FROM sbtest1 WHERE id BETWEEN 8944280 AND 8944379
	Index Scan using sbtest1_pkey on sbtest1  (cost=0.43..384.58 rows=100 width=121)
	  Index Cond: ((id >= 8944280) AND (id <= 8944379))

table 2 : explain SELECT c FROM sbtest2 WHERE id BETWEEN 8124226 AND 8124325
	Index Scan using sbtest2_pkey on sbtest2  (cost=0.43..383.32 rows=99 width=121)
	  Index Cond: ((id >= 8124226) AND (id <= 8124325))

table 3 : explain SELECT c FROM sbtest3 WHERE id BETWEEN 7376261 AND 7376360
	Index Scan using sbtest3_pkey on sbtest3  (cost=0.43..393.35 rows=102 width=121)
	  Index Cond: ((id >= 7376261) AND (id <= 7376360))

table 4 : explain SELECT c FROM sbtest4 WHERE id BETWEEN 9057991 AND 9058090
	Index Scan using sbtest4_pkey on sbtest4  (cost=0.43..402.81 rows=104 width=121)
	  Index Cond: ((id >= 9057991) AND (id <= 9058090))

table 5 : explain SELECT c FROM sbtest5 WHERE id BETWEEN 4766069 AND 4766168
	Index Scan using sbtest5_pkey on sbtest5  (cost=0.43..385.49 rows=99 width=121)
	  Index Cond: ((id >= 4766069) AND (id <= 4766168))

table 6 : explain SELECT c FROM sbtest6 WHERE id BETWEEN 6518115 AND 6518214
	Index Scan using sbtest6_pkey on sbtest6  (cost=0.43..368.11 rows=95 width=121)
	  Index Cond: ((id >= 6518115) AND (id <= 6518214))

table 7 : explain SELECT c FROM sbtest7 WHERE id BETWEEN 7007528 AND 7007627
	Index Scan using sbtest7_pkey on sbtest7  (cost=0.43..388.77 rows=101 width=121)
	  Index Cond: ((id >= 7007528) AND (id <= 7007627))

table 8 : explain SELECT c FROM sbtest8 WHERE id BETWEEN 8488233 AND 8488332
	Index Scan using sbtest8_pkey on sbtest8  (cost=0.43..376.10 rows=97 width=121)
	  Index Cond: ((id >= 8488233) AND (id <= 8488332))

explain: for deletes :: explain DELETE FROM sbtest%u WHERE id=%u
for: distinct_ranges
table 1 : explain SELECT DISTINCT c FROM sbtest1 WHERE id BETWEEN 4824701 AND 4824800 ORDER BY c
	Unique  (cost=380.23..380.72 rows=98 width=121)
	  ->  Sort  (cost=380.23..380.47 rows=98 width=121)
	        Sort Key: c
	        ->  Index Scan using sbtest1_pkey on sbtest1  (cost=0.43..376.99 rows=98 width=121)
	              Index Cond: ((id >= 4824701) AND (id <= 4824800))

table 2 : explain SELECT DISTINCT c FROM sbtest2 WHERE id BETWEEN 5358651 AND 5358750 ORDER BY c
	Unique  (cost=382.74..383.23 rows=98 width=121)
	  ->  Sort  (cost=382.74..382.98 rows=98 width=121)
	        Sort Key: c
	        ->  Index Scan using sbtest2_pkey on sbtest2  (cost=0.43..379.50 rows=98 width=121)
	              Index Cond: ((id >= 5358651) AND (id <= 5358750))

table 3 : explain SELECT DISTINCT c FROM sbtest3 WHERE id BETWEEN 7377909 AND 7378008 ORDER BY c
	Unique  (cost=396.75..397.26 rows=102 width=121)
	  ->  Sort  (cost=396.75..397.01 rows=102 width=121)
	        Sort Key: c
	        ->  Index Scan using sbtest3_pkey on sbtest3  (cost=0.43..393.35 rows=102 width=121)
	              Index Cond: ((id >= 7377909) AND (id <= 7378008))

table 4 : explain SELECT DISTINCT c FROM sbtest4 WHERE id BETWEEN 1796656 AND 1796755 ORDER BY c
	Unique  (cost=375.35..375.83 rows=96 width=121)
	  ->  Sort  (cost=375.35..375.59 rows=96 width=121)
	        Sort Key: c
	        ->  Index Scan using sbtest4_pkey on sbtest4  (cost=0.43..372.19 rows=96 width=121)
	              Index Cond: ((id >= 1796656) AND (id <= 1796755))

table 5 : explain SELECT DISTINCT c FROM sbtest5 WHERE id BETWEEN 6928495 AND 6928594 ORDER BY c
	Unique  (cost=412.09..412.62 rows=105 width=121)
	  ->  Sort  (cost=412.09..412.35 rows=105 width=121)
	        Sort Key: c
	        ->  Index Scan using sbtest5_pkey on sbtest5  (cost=0.43..408.57 rows=105 width=121)
	              Index Cond: ((id >= 6928495) AND (id <= 6928594))

table 6 : explain SELECT DISTINCT c FROM sbtest6 WHERE id BETWEEN 2148569 AND 2148668 ORDER BY c
	Unique  (cost=382.83..383.32 rows=98 width=121)
	  ->  Sort  (cost=382.83..383.07 rows=98 width=121)
	        Sort Key: c
	        ->  Index Scan using sbtest6_pkey on sbtest6  (cost=0.43..379.59 rows=98 width=121)
	              Index Cond: ((id >= 2148569) AND (id <= 2148668))

table 7 : explain SELECT DISTINCT c FROM sbtest7 WHERE id BETWEEN 3418578 AND 3418677 ORDER BY c
	Unique  (cost=419.03..419.57 rows=108 width=121)
	  ->  Sort  (cost=419.03..419.30 rows=108 width=121)
	        Sort Key: c
	        ->  Index Scan using sbtest7_pkey on sbtest7  (cost=0.43..415.38 rows=108 width=121)
	              Index Cond: ((id >= 3418578) AND (id <= 3418677))

table 8 : explain SELECT DISTINCT c FROM sbtest8 WHERE id BETWEEN 9831468 AND 9831567 ORDER BY c
	Unique  (cost=383.22..383.71 rows=98 width=121)
	  ->  Sort  (cost=383.22..383.47 rows=98 width=121)
	        Sort Key: c
	        ->  Index Scan using sbtest8_pkey on sbtest8  (cost=0.43..379.98 rows=98 width=121)
	              Index Cond: ((id >= 9831468) AND (id <= 9831567))

for: sum_ranges
table 1 : explain SELECT SUM(k) FROM sbtest1 WHERE id BETWEEN 3078775 AND 3078874
	Aggregate  (cost=430.43..430.44 rows=1 width=8)
	  ->  Index Scan using sbtest1_pkey on sbtest1  (cost=0.43..430.15 rows=112 width=4)
	        Index Cond: ((id >= 3078775) AND (id <= 3078874))

table 2 : explain SELECT SUM(k) FROM sbtest2 WHERE id BETWEEN 2606409 AND 2606508
	Aggregate  (cost=414.18..414.19 rows=1 width=8)
	  ->  Index Scan using sbtest2_pkey on sbtest2  (cost=0.43..413.91 rows=107 width=4)
	        Index Cond: ((id >= 2606409) AND (id <= 2606508))

table 3 : explain SELECT SUM(k) FROM sbtest3 WHERE id BETWEEN 3899208 AND 3899307
	Aggregate  (cost=397.42..397.43 rows=1 width=8)
	  ->  Index Scan using sbtest3_pkey on sbtest3  (cost=0.43..397.16 rows=103 width=4)
	        Index Cond: ((id >= 3899208) AND (id <= 3899307))

table 4 : explain SELECT SUM(k) FROM sbtest4 WHERE id BETWEEN 2702514 AND 2702613
	Aggregate  (cost=426.05..426.06 rows=1 width=8)
	  ->  Index Scan using sbtest4_pkey on sbtest4  (cost=0.43..425.77 rows=110 width=4)
	        Index Cond: ((id >= 2702514) AND (id <= 2702613))

table 5 : explain SELECT SUM(k) FROM sbtest5 WHERE id BETWEEN 6126980 AND 6127079
	Aggregate  (cost=374.15..374.16 rows=1 width=8)
	  ->  Index Scan using sbtest5_pkey on sbtest5  (cost=0.43..373.91 rows=96 width=4)
	        Index Cond: ((id >= 6126980) AND (id <= 6127079))

table 6 : explain SELECT SUM(k) FROM sbtest6 WHERE id BETWEEN 6849448 AND 6849547
	Aggregate  (cost=391.31..391.32 rows=1 width=8)
	  ->  Index Scan using sbtest6_pkey on sbtest6  (cost=0.43..391.06 rows=101 width=4)
	        Index Cond: ((id >= 6849448) AND (id <= 6849547))

table 7 : explain SELECT SUM(k) FROM sbtest7 WHERE id BETWEEN 3564904 AND 3565003
	Aggregate  (cost=358.59..358.60 rows=1 width=8)
	  ->  Index Scan using sbtest7_pkey on sbtest7  (cost=0.43..358.36 rows=93 width=4)
	        Index Cond: ((id >= 3564904) AND (id <= 3565003))

table 8 : explain SELECT SUM(k) FROM sbtest8 WHERE id BETWEEN 8420754 AND 8420853
	Aggregate  (cost=376.35..376.36 rows=1 width=8)
	  ->  Index Scan using sbtest8_pkey on sbtest8  (cost=0.43..376.10 rows=97 width=4)
	        Index Cond: ((id >= 8420754) AND (id <= 8420853))

explain: for index_updates :: explain UPDATE sbtest%u SET k=k+1 WHERE id=%u
for: distinct_ranges
table 1 : explain SELECT DISTINCT c FROM sbtest1 WHERE id BETWEEN 6816254 AND 6816353 ORDER BY c
	Unique  (cost=384.07..384.56 rows=99 width=121)
	  ->  Sort  (cost=384.07..384.31 rows=99 width=121)
	        Sort Key: c
	        ->  Index Scan using sbtest1_pkey on sbtest1  (cost=0.43..380.79 rows=99 width=121)
	              Index Cond: ((id >= 6816254) AND (id <= 6816353))

table 2 : explain SELECT DISTINCT c FROM sbtest2 WHERE id BETWEEN 203528 AND 203627 ORDER BY c
	Unique  (cost=413.65..414.18 rows=106 width=121)
	  ->  Sort  (cost=413.65..413.92 rows=106 width=121)
	        Sort Key: c
	        ->  Index Scan using sbtest2_pkey on sbtest2  (cost=0.43..410.09 rows=106 width=121)
	              Index Cond: ((id >= 203528) AND (id <= 203627))

table 3 : explain SELECT DISTINCT c FROM sbtest3 WHERE id BETWEEN 6836167 AND 6836266 ORDER BY c
	Unique  (cost=412.15..412.68 rows=106 width=121)
	  ->  Sort  (cost=412.15..412.42 rows=106 width=121)
	        Sort Key: c
	        ->  Index Scan using sbtest3_pkey on sbtest3  (cost=0.43..408.59 rows=106 width=121)
	              Index Cond: ((id >= 6836167) AND (id <= 6836266))

table 4 : explain SELECT DISTINCT c FROM sbtest4 WHERE id BETWEEN 563599 AND 563698 ORDER BY c
	Unique  (cost=390.82..391.32 rows=100 width=121)
	  ->  Sort  (cost=390.82..391.07 rows=100 width=121)
	        Sort Key: c
	        ->  Index Scan using sbtest4_pkey on sbtest4  (cost=0.43..387.50 rows=100 width=121)
	              Index Cond: ((id >= 563599) AND (id <= 563698))

table 5 : explain SELECT DISTINCT c FROM sbtest5 WHERE id BETWEEN 7110530 AND 7110629 ORDER BY c
	Unique  (cost=381.00..381.49 rows=97 width=121)
	  ->  Sort  (cost=381.00..381.24 rows=97 width=121)
	        Sort Key: c
	        ->  Index Scan using sbtest5_pkey on sbtest5  (cost=0.43..377.80 rows=97 width=121)
	              Index Cond: ((id >= 7110530) AND (id <= 7110629))

table 6 : explain SELECT DISTINCT c FROM sbtest6 WHERE id BETWEEN 9916885 AND 9916984 ORDER BY c
	Unique  (cost=382.83..383.32 rows=98 width=121)
	  ->  Sort  (cost=382.83..383.07 rows=98 width=121)
	        Sort Key: c
	        ->  Index Scan using sbtest6_pkey on sbtest6  (cost=0.43..379.59 rows=98 width=121)
	              Index Cond: ((id >= 9916885) AND (id <= 9916984))

table 7 : explain SELECT DISTINCT c FROM sbtest7 WHERE id BETWEEN 8951434 AND 8951533 ORDER BY c
	Unique  (cost=380.60..381.09 rows=98 width=121)
	  ->  Sort  (cost=380.60..380.85 rows=98 width=121)
	        Sort Key: c
	        ->  Index Scan using sbtest7_pkey on sbtest7  (cost=0.43..377.36 rows=98 width=121)
	              Index Cond: ((id >= 8951434) AND (id <= 8951533))

table 8 : explain SELECT DISTINCT c FROM sbtest8 WHERE id BETWEEN 6203841 AND 6203940 ORDER BY c
	Unique  (cost=398.70..399.21 rows=102 width=121)
	  ->  Sort  (cost=398.70..398.95 rows=102 width=121)
	        Sort Key: c
	        ->  Index Scan using sbtest8_pkey on sbtest8  (cost=0.43..395.30 rows=102 width=121)
	              Index Cond: ((id >= 6203841) AND (id <= 6203940))

for: sum_ranges
table 1 : explain SELECT SUM(k) FROM sbtest1 WHERE id BETWEEN 3161585 AND 3161684
	Aggregate  (cost=384.83..384.84 rows=1 width=8)
	  ->  Index Scan using sbtest1_pkey on sbtest1  (cost=0.43..384.58 rows=100 width=4)
	        Index Cond: ((id >= 3161585) AND (id <= 3161684))

table 2 : explain SELECT SUM(k) FROM sbtest2 WHERE id BETWEEN 8960630 AND 8960729
	Aggregate  (cost=387.39..387.40 rows=1 width=8)
	  ->  Index Scan using sbtest2_pkey on sbtest2  (cost=0.43..387.14 rows=100 width=4)
	        Index Cond: ((id >= 8960630) AND (id <= 8960729))

table 3 : explain SELECT SUM(k) FROM sbtest3 WHERE id BETWEEN 9268557 AND 9268656
	Aggregate  (cost=397.42..397.43 rows=1 width=8)
	  ->  Index Scan using sbtest3_pkey on sbtest3  (cost=0.43..397.16 rows=103 width=4)
	        Index Cond: ((id >= 9268557) AND (id <= 9268656))

table 4 : explain SELECT SUM(k) FROM sbtest4 WHERE id BETWEEN 9744643 AND 9744742
	Aggregate  (cost=372.43..372.44 rows=1 width=8)
	  ->  Index Scan using sbtest4_pkey on sbtest4  (cost=0.43..372.19 rows=96 width=4)
	        Index Cond: ((id >= 9744643) AND (id <= 9744742))

table 5 : explain SELECT SUM(k) FROM sbtest5 WHERE id BETWEEN 1596512 AND 1596611
	Aggregate  (cost=431.92..431.93 rows=1 width=8)
	  ->  Index Scan using sbtest5_pkey on sbtest5  (cost=0.43..431.64 rows=111 width=4)
	        Index Cond: ((id >= 1596512) AND (id <= 1596611))

table 6 : explain SELECT SUM(k) FROM sbtest6 WHERE id BETWEEN 7409566 AND 7409665
	Aggregate  (cost=398.97..398.98 rows=1 width=8)
	  ->  Index Scan using sbtest6_pkey on sbtest6  (cost=0.43..398.71 rows=103 width=4)
	        Index Cond: ((id >= 7409566) AND (id <= 7409665))

table 7 : explain SELECT SUM(k) FROM sbtest7 WHERE id BETWEEN 6098296 AND 6098395
	Aggregate  (cost=392.82..392.83 rows=1 width=8)
	  ->  Index Scan using sbtest7_pkey on sbtest7  (cost=0.43..392.57 rows=102 width=4)
	        Index Cond: ((id >= 6098296) AND (id <= 6098395))

table 8 : explain SELECT SUM(k) FROM sbtest8 WHERE id BETWEEN 1019495 AND 1019594
	Aggregate  (cost=410.88..410.89 rows=1 width=8)
	  ->  Index Scan using sbtest8_pkey on sbtest8  (cost=0.43..410.61 rows=106 width=4)
	        Index Cond: ((id >= 1019495) AND (id <= 1019594))

for: distinct_ranges
table 1 : explain SELECT DISTINCT c FROM sbtest1 WHERE id BETWEEN 8783925 AND 8784024 ORDER BY c
	Unique  (cost=345.64..346.08 rows=89 width=121)
	  ->  Sort  (cost=345.64..345.86 rows=89 width=121)
	        Sort Key: c
	        ->  Index Scan using sbtest1_pkey on sbtest1  (cost=0.43..342.75 rows=89 width=121)
	              Index Cond: ((id >= 8783925) AND (id <= 8784024))

table 2 : explain SELECT DISTINCT c FROM sbtest2 WHERE id BETWEEN 7529336 AND 7529435 ORDER BY c
	Unique  (cost=398.19..398.70 rows=102 width=121)
	  ->  Sort  (cost=398.19..398.45 rows=102 width=121)
	        Sort Key: c
	        ->  Index Scan using sbtest2_pkey on sbtest2  (cost=0.43..394.79 rows=102 width=121)
	              Index Cond: ((id >= 7529336) AND (id <= 7529435))

table 3 : explain SELECT DISTINCT c FROM sbtest3 WHERE id BETWEEN 336283 AND 336382 ORDER BY c
	Unique  (cost=400.60..401.12 rows=103 width=121)
	  ->  Sort  (cost=400.60..400.86 rows=103 width=121)
	        Sort Key: c
	        ->  Index Scan using sbtest3_pkey on sbtest3  (cost=0.43..397.16 rows=103 width=121)
	              Index Cond: ((id >= 336283) AND (id <= 336382))

table 4 : explain SELECT DISTINCT c FROM sbtest4 WHERE id BETWEEN 409331 AND 409430 ORDER BY c
	Unique  (cost=352.10..352.55 rows=90 width=121)
	  ->  Sort  (cost=352.10..352.33 rows=90 width=121)
	        Sort Key: c
	        ->  Index Scan using sbtest4_pkey on sbtest4  (cost=0.43..349.18 rows=90 width=121)
	              Index Cond: ((id >= 409331) AND (id <= 409430))

table 5 : explain SELECT DISTINCT c FROM sbtest5 WHERE id BETWEEN 2504788 AND 2504887 ORDER BY c
	Unique  (cost=384.89..385.38 rows=98 width=121)
	  ->  Sort  (cost=384.89..385.13 rows=98 width=121)
	        Sort Key: c
	        ->  Index Scan using sbtest5_pkey on sbtest5  (cost=0.43..381.65 rows=98 width=121)
	              Index Cond: ((id >= 2504788) AND (id <= 2504887))

table 6 : explain SELECT DISTINCT c FROM sbtest6 WHERE id BETWEEN 2369160 AND 2369259 ORDER BY c
	Unique  (cost=355.73..356.18 rows=91 width=121)
	  ->  Sort  (cost=355.73..355.96 rows=91 width=121)
	        Sort Key: c
	        ->  Index Scan using sbtest6_pkey on sbtest6  (cost=0.43..352.77 rows=91 width=121)
	              Index Cond: ((id >= 2369160) AND (id <= 2369259))

table 7 : explain SELECT DISTINCT c FROM sbtest7 WHERE id BETWEEN 1312261 AND 1312360 ORDER BY c
	Unique  (cost=392.13..392.63 rows=101 width=121)
	  ->  Sort  (cost=392.13..392.38 rows=101 width=121)
	        Sort Key: c
	        ->  Index Scan using sbtest7_pkey on sbtest7  (cost=0.43..388.77 rows=101 width=121)
	              Index Cond: ((id >= 1312261) AND (id <= 1312360))

table 8 : explain SELECT DISTINCT c FROM sbtest8 WHERE id BETWEEN 5527623 AND 5527722 ORDER BY c
	Unique  (cost=375.44..375.92 rows=96 width=121)
	  ->  Sort  (cost=375.44..375.68 rows=96 width=121)
	        Sort Key: c
	        ->  Index Scan using sbtest8_pkey on sbtest8  (cost=0.43..372.28 rows=96 width=121)
	              Index Cond: ((id >= 5527623) AND (id <= 5527722))

for index_updates
table 1 : explain UPDATE sbtest1 SET k=k+1 WHERE id=1065047
	Update on sbtest1  (cost=0.43..8.46 rows=0 width=0)
	  ->  Index Scan using sbtest1_pkey on sbtest1  (cost=0.43..8.46 rows=1 width=10)
	        Index Cond: (id = 1065047)

table 2 : explain UPDATE sbtest2 SET k=k+1 WHERE id=5511685
	Update on sbtest2  (cost=0.43..8.46 rows=0 width=0)
	  ->  Index Scan using sbtest2_pkey on sbtest2  (cost=0.43..8.46 rows=1 width=10)
	        Index Cond: (id = 5511685)

table 3 : explain UPDATE sbtest3 SET k=k+1 WHERE id=2330596
	Update on sbtest3  (cost=0.43..8.46 rows=0 width=0)
	  ->  Index Scan using sbtest3_pkey on sbtest3  (cost=0.43..8.46 rows=1 width=10)
	        Index Cond: (id = 2330596)

table 4 : explain UPDATE sbtest4 SET k=k+1 WHERE id=522076
	Update on sbtest4  (cost=0.43..8.46 rows=0 width=0)
	  ->  Index Scan using sbtest4_pkey on sbtest4  (cost=0.43..8.46 rows=1 width=10)
	        Index Cond: (id = 522076)

table 5 : explain UPDATE sbtest5 SET k=k+1 WHERE id=2251041
	Update on sbtest5  (cost=0.43..8.46 rows=0 width=0)
	  ->  Index Scan using sbtest5_pkey on sbtest5  (cost=0.43..8.46 rows=1 width=10)
	        Index Cond: (id = 2251041)

table 6 : explain UPDATE sbtest6 SET k=k+1 WHERE id=3109279
	Update on sbtest6  (cost=0.43..8.46 rows=0 width=0)
	  ->  Index Scan using sbtest6_pkey on sbtest6  (cost=0.43..8.46 rows=1 width=10)
	        Index Cond: (id = 3109279)

table 7 : explain UPDATE sbtest7 SET k=k+1 WHERE id=798812
	Update on sbtest7  (cost=0.43..8.46 rows=0 width=0)
	  ->  Index Scan using sbtest7_pkey on sbtest7  (cost=0.43..8.46 rows=1 width=10)
	        Index Cond: (id = 798812)

table 8 : explain UPDATE sbtest8 SET k=k+1 WHERE id=2090399
	Update on sbtest8  (cost=0.43..8.46 rows=0 width=0)
	  ->  Index Scan using sbtest8_pkey on sbtest8  (cost=0.43..8.46 rows=1 width=10)
	        Index Cond: (id = 2090399)

explain: for inserts :: explain INSERT INTO sbtest%u (id, k, c, pad) VALUES (%u, 13, 'foobar', 'foobar')
explain: for index_updates :: explain UPDATE sbtest%u SET k=k+1 WHERE id=%u
for deletes
table 1 : explain DELETE FROM sbtest1 WHERE id=6597571
	Delete on sbtest1  (cost=0.43..8.45 rows=0 width=0)
	  ->  Index Scan using sbtest1_pkey on sbtest1  (cost=0.43..8.45 rows=1 width=6)
	        Index Cond: (id = 6597571)

table 2 : explain DELETE FROM sbtest2 WHERE id=8690591
	Delete on sbtest2  (cost=0.43..8.45 rows=0 width=0)
	  ->  Index Scan using sbtest2_pkey on sbtest2  (cost=0.43..8.45 rows=1 width=6)
	        Index Cond: (id = 8690591)

table 3 : explain DELETE FROM sbtest3 WHERE id=3187968
	Delete on sbtest3  (cost=0.43..8.45 rows=0 width=0)
	  ->  Index Scan using sbtest3_pkey on sbtest3  (cost=0.43..8.45 rows=1 width=6)
	        Index Cond: (id = 3187968)

table 4 : explain DELETE FROM sbtest4 WHERE id=7996567
	Delete on sbtest4  (cost=0.43..8.45 rows=0 width=0)
	  ->  Index Scan using sbtest4_pkey on sbtest4  (cost=0.43..8.45 rows=1 width=6)
	        Index Cond: (id = 7996567)

table 5 : explain DELETE FROM sbtest5 WHERE id=8817904
	Delete on sbtest5  (cost=0.43..8.45 rows=0 width=0)
	  ->  Index Scan using sbtest5_pkey on sbtest5  (cost=0.43..8.45 rows=1 width=6)
	        Index Cond: (id = 8817904)

table 6 : explain DELETE FROM sbtest6 WHERE id=4293578
	Delete on sbtest6  (cost=0.43..8.45 rows=0 width=0)
	  ->  Index Scan using sbtest6_pkey on sbtest6  (cost=0.43..8.45 rows=1 width=6)
	        Index Cond: (id = 4293578)

table 7 : explain DELETE FROM sbtest7 WHERE id=9676850
	Delete on sbtest7  (cost=0.43..8.45 rows=0 width=0)
	  ->  Index Scan using sbtest7_pkey on sbtest7  (cost=0.43..8.45 rows=1 width=6)
	        Index Cond: (id = 9676850)

table 8 : explain DELETE FROM sbtest8 WHERE id=264008
	Delete on sbtest8  (cost=0.43..8.45 rows=0 width=0)
	  ->  Index Scan using sbtest8_pkey on sbtest8  (cost=0.43..8.45 rows=1 width=6)
	        Index Cond: (id = 264008)

explain: for index_updates :: explain UPDATE sbtest%u SET k=k+1 WHERE id=%u
for index_updates
table 1 : explain UPDATE sbtest1 SET k=k+1 WHERE id=2496041
	Update on sbtest1  (cost=0.43..8.46 rows=0 width=0)
	  ->  Index Scan using sbtest1_pkey on sbtest1  (cost=0.43..8.46 rows=1 width=10)
	        Index Cond: (id = 2496041)

table 2 : explain UPDATE sbtest2 SET k=k+1 WHERE id=7160194
	Update on sbtest2  (cost=0.43..8.46 rows=0 width=0)
	  ->  Index Scan using sbtest2_pkey on sbtest2  (cost=0.43..8.46 rows=1 width=10)
	        Index Cond: (id = 7160194)

table 3 : explain UPDATE sbtest3 SET k=k+1 WHERE id=9658226
	Update on sbtest3  (cost=0.43..8.46 rows=0 width=0)
	  ->  Index Scan using sbtest3_pkey on sbtest3  (cost=0.43..8.46 rows=1 width=10)
	        Index Cond: (id = 9658226)

table 4 : explain UPDATE sbtest4 SET k=k+1 WHERE id=4460764
	Update on sbtest4  (cost=0.43..8.46 rows=0 width=0)
	  ->  Index Scan using sbtest4_pkey on sbtest4  (cost=0.43..8.46 rows=1 width=10)
	        Index Cond: (id = 4460764)

table 5 : explain UPDATE sbtest5 SET k=k+1 WHERE id=862345
	Update on sbtest5  (cost=0.43..8.46 rows=0 width=0)
	  ->  Index Scan using sbtest5_pkey on sbtest5  (cost=0.43..8.46 rows=1 width=10)
	        Index Cond: (id = 862345)

table 6 : explain UPDATE sbtest6 SET k=k+1 WHERE id=4008695
	Update on sbtest6  (cost=0.43..8.46 rows=0 width=0)
	  ->  Index Scan using sbtest6_pkey on sbtest6  (cost=0.43..8.46 rows=1 width=10)
	        Index Cond: (id = 4008695)

table 7 : explain UPDATE sbtest7 SET k=k+1 WHERE id=5637995
	Update on sbtest7  (cost=0.43..8.46 rows=0 width=0)
	  ->  Index Scan using sbtest7_pkey on sbtest7  (cost=0.43..8.46 rows=1 width=10)
	        Index Cond: (id = 5637995)

table 8 : explain UPDATE sbtest8 SET k=k+1 WHERE id=8309499
	Update on sbtest8  (cost=0.43..8.46 rows=0 width=0)
	  ->  Index Scan using sbtest8_pkey on sbtest8  (cost=0.43..8.46 rows=1 width=10)
	        Index Cond: (id = 8309499)

for index_updates
table 1 : explain UPDATE sbtest1 SET k=k+1 WHERE id=7407375
	Update on sbtest1  (cost=0.43..8.46 rows=0 width=0)
	  ->  Index Scan using sbtest1_pkey on sbtest1  (cost=0.43..8.46 rows=1 width=10)
	        Index Cond: (id = 7407375)

table 2 : explain UPDATE sbtest2 SET k=k+1 WHERE id=4801912
	Update on sbtest2  (cost=0.43..8.46 rows=0 width=0)
	  ->  Index Scan using sbtest2_pkey on sbtest2  (cost=0.43..8.46 rows=1 width=10)
	        Index Cond: (id = 4801912)

table 3 : explain UPDATE sbtest3 SET k=k+1 WHERE id=795376
	Update on sbtest3  (cost=0.43..8.46 rows=0 width=0)
	  ->  Index Scan using sbtest3_pkey on sbtest3  (cost=0.43..8.46 rows=1 width=10)
	        Index Cond: (id = 795376)

table 4 : explain UPDATE sbtest4 SET k=k+1 WHERE id=8726531
	Update on sbtest4  (cost=0.43..8.46 rows=0 width=0)
	  ->  Index Scan using sbtest4_pkey on sbtest4  (cost=0.43..8.46 rows=1 width=10)
	        Index Cond: (id = 8726531)

table 5 : explain UPDATE sbtest5 SET k=k+1 WHERE id=9428118
	Update on sbtest5  (cost=0.43..8.46 rows=0 width=0)
	  ->  Index Scan using sbtest5_pkey on sbtest5  (cost=0.43..8.46 rows=1 width=10)
	        Index Cond: (id = 9428118)

table 6 : explain UPDATE sbtest6 SET k=k+1 WHERE id=4427484
	Update on sbtest6  (cost=0.43..8.46 rows=0 width=0)
	  ->  Index Scan using sbtest6_pkey on sbtest6  (cost=0.43..8.46 rows=1 width=10)
	        Index Cond: (id = 4427484)

table 7 : explain UPDATE sbtest7 SET k=k+1 WHERE id=4179915
	Update on sbtest7  (cost=0.43..8.46 rows=0 width=0)
	  ->  Index Scan using sbtest7_pkey on sbtest7  (cost=0.43..8.46 rows=1 width=10)
	        Index Cond: (id = 4179915)

table 8 : explain UPDATE sbtest8 SET k=k+1 WHERE id=740050
	Update on sbtest8  (cost=0.43..8.46 rows=0 width=0)
	  ->  Index Scan using sbtest8_pkey on sbtest8  (cost=0.43..8.46 rows=1 width=10)
	        Index Cond: (id = 740050)

explain: for non_index_updates :: explain UPDATE sbtest%u SET c='foobar' WHERE id=%u
for inserts
table 1 : explain INSERT INTO sbtest1 (id, k, c, pad) VALUES (2793451, 13, 'foobar', 'foobar')
	Insert on sbtest1  (cost=0.00..0.01 rows=0 width=0)
	  ->  Result  (cost=0.00..0.01 rows=1 width=736)

table 2 : explain INSERT INTO sbtest2 (id, k, c, pad) VALUES (932060, 13, 'foobar', 'foobar')
	Insert on sbtest2  (cost=0.00..0.01 rows=0 width=0)
	  ->  Result  (cost=0.00..0.01 rows=1 width=736)

table 3 : explain INSERT INTO sbtest3 (id, k, c, pad) VALUES (1124377, 13, 'foobar', 'foobar')
	Insert on sbtest3  (cost=0.00..0.01 rows=0 width=0)
	  ->  Result  (cost=0.00..0.01 rows=1 width=736)

table 4 : explain INSERT INTO sbtest4 (id, k, c, pad) VALUES (6806746, 13, 'foobar', 'foobar')
	Insert on sbtest4  (cost=0.00..0.01 rows=0 width=0)
	  ->  Result  (cost=0.00..0.01 rows=1 width=736)

table 5 : explain INSERT INTO sbtest5 (id, k, c, pad) VALUES (374454, 13, 'foobar', 'foobar')
	Insert on sbtest5  (cost=0.00..0.01 rows=0 width=0)
	  ->  Result  (cost=0.00..0.01 rows=1 width=736)

table 6 : explain INSERT INTO sbtest6 (id, k, c, pad) VALUES (1590945, 13, 'foobar', 'foobar')
	Insert on sbtest6  (cost=0.00..0.01 rows=0 width=0)
	  ->  Result  (cost=0.00..0.01 rows=1 width=736)

table 7 : explain INSERT INTO sbtest7 (id, k, c, pad) VALUES (6227220, 13, 'foobar', 'foobar')
	Insert on sbtest7  (cost=0.00..0.01 rows=0 width=0)
	  ->  Result  (cost=0.00..0.01 rows=1 width=736)

table 8 : explain INSERT INTO sbtest8 (id, k, c, pad) VALUES (8540912, 13, 'foobar', 'foobar')
	Insert on sbtest8  (cost=0.00..0.01 rows=0 width=0)
	  ->  Result  (cost=0.00..0.01 rows=1 width=736)

for: sum_ranges
table 1 : explain SELECT SUM(k) FROM sbtest1 WHERE id BETWEEN 6021863 AND 6021962
	Aggregate  (cost=396.23..396.24 rows=1 width=8)
	  ->  Index Scan using sbtest1_pkey on sbtest1  (cost=0.43..395.98 rows=103 width=4)
	        Index Cond: ((id >= 6021863) AND (id <= 6021962))

table 2 : explain SELECT SUM(k) FROM sbtest2 WHERE id BETWEEN 3034242 AND 3034341
	Aggregate  (cost=383.57..383.58 rows=1 width=8)
	  ->  Index Scan using sbtest2_pkey on sbtest2  (cost=0.43..383.32 rows=99 width=4)
	        Index Cond: ((id >= 3034242) AND (id <= 3034341))

table 3 : explain SELECT SUM(k) FROM sbtest3 WHERE id BETWEEN 3528215 AND 3528314
	Aggregate  (cost=374.55..374.56 rows=1 width=8)
	  ->  Index Scan using sbtest3_pkey on sbtest3  (cost=0.43..374.30 rows=97 width=4)
	        Index Cond: ((id >= 3528215) AND (id <= 3528314))

table 4 : explain SELECT SUM(k) FROM sbtest4 WHERE id BETWEEN 2744183 AND 2744282
	Aggregate  (cost=426.05..426.06 rows=1 width=8)
	  ->  Index Scan using sbtest4_pkey on sbtest4  (cost=0.43..425.77 rows=110 width=4)
	        Index Cond: ((id >= 2744183) AND (id <= 2744282))

table 5 : explain SELECT SUM(k) FROM sbtest5 WHERE id BETWEEN 4288887 AND 4288986
	Aggregate  (cost=389.59..389.60 rows=1 width=8)
	  ->  Index Scan using sbtest5_pkey on sbtest5  (cost=0.43..389.34 rows=100 width=4)
	        Index Cond: ((id >= 4288887) AND (id <= 4288986))

table 6 : explain SELECT SUM(k) FROM sbtest6 WHERE id BETWEEN 7810499 AND 7810598
	Aggregate  (cost=387.49..387.50 rows=1 width=8)
	  ->  Index Scan using sbtest6_pkey on sbtest6  (cost=0.43..387.24 rows=100 width=4)
	        Index Cond: ((id >= 7810499) AND (id <= 7810598))

table 7 : explain SELECT SUM(k) FROM sbtest7 WHERE id BETWEEN 9765018 AND 9765117
	Aggregate  (cost=331.91..331.92 rows=1 width=8)
	  ->  Index Scan using sbtest7_pkey on sbtest7  (cost=0.43..331.69 rows=86 width=4)
	        Index Cond: ((id >= 9765018) AND (id <= 9765117))

table 8 : explain SELECT SUM(k) FROM sbtest8 WHERE id BETWEEN 4050397 AND 4050496
	Aggregate  (cost=391.72..391.73 rows=1 width=8)
	  ->  Index Scan using sbtest8_pkey on sbtest8  (cost=0.43..391.47 rows=101 width=4)
	        Index Cond: ((id >= 4050397) AND (id <= 4050496))

for: distinct_ranges
table 1 : explain SELECT DISTINCT c FROM sbtest1 WHERE id BETWEEN 3320119 AND 3320218 ORDER BY c
	Unique  (cost=368.66..369.14 rows=95 width=121)
	  ->  Sort  (cost=368.66..368.90 rows=95 width=121)
	        Sort Key: c
	        ->  Index Scan using sbtest1_pkey on sbtest1  (cost=0.43..365.54 rows=95 width=121)
	              Index Cond: ((id >= 3320119) AND (id <= 3320218))

table 2 : explain SELECT DISTINCT c FROM sbtest2 WHERE id BETWEEN 6861439 AND 6861538 ORDER BY c
	Unique  (cost=371.10..371.57 rows=95 width=121)
	  ->  Sort  (cost=371.10..371.34 rows=95 width=121)
	        Sort Key: c
	        ->  Index Scan using sbtest2_pkey on sbtest2  (cost=0.43..367.98 rows=95 width=121)
	              Index Cond: ((id >= 6861439) AND (id <= 6861538))

table 3 : explain SELECT DISTINCT c FROM sbtest3 WHERE id BETWEEN 6667294 AND 6667393 ORDER BY c
	Unique  (cost=412.15..412.68 rows=106 width=121)
	  ->  Sort  (cost=412.15..412.42 rows=106 width=121)
	        Sort Key: c
	        ->  Index Scan using sbtest3_pkey on sbtest3  (cost=0.43..408.59 rows=106 width=121)
	              Index Cond: ((id >= 6667294) AND (id <= 6667393))

table 4 : explain SELECT DISTINCT c FROM sbtest4 WHERE id BETWEEN 6638572 AND 6638671 ORDER BY c
	Unique  (cost=375.35..375.83 rows=96 width=121)
	  ->  Sort  (cost=375.35..375.59 rows=96 width=121)
	        Sort Key: c
	        ->  Index Scan using sbtest4_pkey on sbtest4  (cost=0.43..372.19 rows=96 width=121)
	              Index Cond: ((id >= 6638572) AND (id <= 6638671))

table 5 : explain SELECT DISTINCT c FROM sbtest5 WHERE id BETWEEN 4959791 AND 4959890 ORDER BY c
	Unique  (cost=388.77..389.27 rows=99 width=121)
	  ->  Sort  (cost=388.77..389.02 rows=99 width=121)
	        Sort Key: c
	        ->  Index Scan using sbtest5_pkey on sbtest5  (cost=0.43..385.49 rows=99 width=121)
	              Index Cond: ((id >= 4959791) AND (id <= 4959890))

table 6 : explain SELECT DISTINCT c FROM sbtest6 WHERE id BETWEEN 2014912 AND 2015011 ORDER BY c
	Unique  (cost=402.16..402.67 rows=103 width=121)
	  ->  Sort  (cost=402.16..402.41 rows=103 width=121)
	        Sort Key: c
	        ->  Index Scan using sbtest6_pkey on sbtest6  (cost=0.43..398.71 rows=103 width=121)
	              Index Cond: ((id >= 2014912) AND (id <= 2015011))

table 7 : explain SELECT DISTINCT c FROM sbtest7 WHERE id BETWEEN 5298343 AND 5298442 ORDER BY c
	Unique  (cost=426.71..427.26 rows=110 width=121)
	  ->  Sort  (cost=426.71..426.99 rows=110 width=121)
	        Sort Key: c
	        ->  Index Scan using sbtest7_pkey on sbtest7  (cost=0.43..422.98 rows=110 width=121)
	              Index Cond: ((id >= 5298343) AND (id <= 5298442))

table 8 : explain SELECT DISTINCT c FROM sbtest8 WHERE id BETWEEN 6073503 AND 6073602 ORDER BY c
	Unique  (cost=387.09..387.59 rows=99 width=121)
	  ->  Sort  (cost=387.09..387.34 rows=99 width=121)
	        Sort Key: c
	        ->  Index Scan using sbtest8_pkey on sbtest8  (cost=0.43..383.81 rows=99 width=121)
	              Index Cond: ((id >= 6073503) AND (id <= 6073602))

explain: for non_index_updates :: explain UPDATE sbtest%u SET c='foobar' WHERE id=%u
explain: for inserts :: explain INSERT INTO sbtest%u (id, k, c, pad) VALUES (%u, 13, 'foobar', 'foobar')
for: sum_ranges
table 1 : explain SELECT SUM(k) FROM sbtest1 WHERE id BETWEEN 7724150 AND 7724249
	Aggregate  (cost=361.98..361.99 rows=1 width=8)
	  ->  Index Scan using sbtest1_pkey on sbtest1  (cost=0.43..361.74 rows=94 width=4)
	        Index Cond: ((id >= 7724150) AND (id <= 7724249))

table 2 : explain SELECT SUM(k) FROM sbtest2 WHERE id BETWEEN 6580919 AND 6581018
	Aggregate  (cost=387.39..387.40 rows=1 width=8)
	  ->  Index Scan using sbtest2_pkey on sbtest2  (cost=0.43..387.14 rows=100 width=4)
	        Index Cond: ((id >= 6580919) AND (id <= 6581018))

table 3 : explain SELECT SUM(k) FROM sbtest3 WHERE id BETWEEN 3741011 AND 3741110
	Aggregate  (cost=420.29..420.30 rows=1 width=8)
	  ->  Index Scan using sbtest3_pkey on sbtest3  (cost=0.43..420.02 rows=109 width=4)
	        Index Cond: ((id >= 3741011) AND (id <= 3741110))

table 4 : explain SELECT SUM(k) FROM sbtest4 WHERE id BETWEEN 9691562 AND 9691661
	Aggregate  (cost=391.58..391.59 rows=1 width=8)
	  ->  Index Scan using sbtest4_pkey on sbtest4  (cost=0.43..391.33 rows=101 width=4)
	        Index Cond: ((id >= 9691562) AND (id <= 9691661))

table 5 : explain SELECT SUM(k) FROM sbtest5 WHERE id BETWEEN 7116515 AND 7116614
	Aggregate  (cost=378.04..378.05 rows=1 width=8)
	  ->  Index Scan using sbtest5_pkey on sbtest5  (cost=0.43..377.80 rows=97 width=4)
	        Index Cond: ((id >= 7116515) AND (id <= 7116614))

table 6 : explain SELECT SUM(k) FROM sbtest6 WHERE id BETWEEN 3250663 AND 3250762
	Aggregate  (cost=379.83..379.84 rows=1 width=8)
	  ->  Index Scan using sbtest6_pkey on sbtest6  (cost=0.43..379.59 rows=98 width=4)
	        Index Cond: ((id >= 3250663) AND (id <= 3250762))

table 7 : explain SELECT SUM(k) FROM sbtest7 WHERE id BETWEEN 1853436 AND 1853535
	Aggregate  (cost=377.61..377.62 rows=1 width=8)
	  ->  Index Scan using sbtest7_pkey on sbtest7  (cost=0.43..377.36 rows=98 width=4)
	        Index Cond: ((id >= 1853436) AND (id <= 1853535))

table 8 : explain SELECT SUM(k) FROM sbtest8 WHERE id BETWEEN 4121357 AND 4121456
	Aggregate  (cost=391.72..391.73 rows=1 width=8)
	  ->  Index Scan using sbtest8_pkey on sbtest8  (cost=0.43..391.47 rows=101 width=4)
	        Index Cond: ((id >= 4121357) AND (id <= 4121456))

for index_updates
table 1 : explain UPDATE sbtest1 SET k=k+1 WHERE id=2783436
	Update on sbtest1  (cost=0.43..8.46 rows=0 width=0)
	  ->  Index Scan using sbtest1_pkey on sbtest1  (cost=0.43..8.46 rows=1 width=10)
	        Index Cond: (id = 2783436)

table 2 : explain UPDATE sbtest2 SET k=k+1 WHERE id=7191417
	Update on sbtest2  (cost=0.43..8.46 rows=0 width=0)
	  ->  Index Scan using sbtest2_pkey on sbtest2  (cost=0.43..8.46 rows=1 width=10)
	        Index Cond: (id = 7191417)

table 3 : explain UPDATE sbtest3 SET k=k+1 WHERE id=8479836
	Update on sbtest3  (cost=0.43..8.46 rows=0 width=0)
	  ->  Index Scan using sbtest3_pkey on sbtest3  (cost=0.43..8.46 rows=1 width=10)
	        Index Cond: (id = 8479836)

table 4 : explain UPDATE sbtest4 SET k=k+1 WHERE id=1847210
	Update on sbtest4  (cost=0.43..8.46 rows=0 width=0)
	  ->  Index Scan using sbtest4_pkey on sbtest4  (cost=0.43..8.46 rows=1 width=10)
	        Index Cond: (id = 1847210)

table 5 : explain UPDATE sbtest5 SET k=k+1 WHERE id=5132781
	Update on sbtest5  (cost=0.43..8.46 rows=0 width=0)
	  ->  Index Scan using sbtest5_pkey on sbtest5  (cost=0.43..8.46 rows=1 width=10)
	        Index Cond: (id = 5132781)

table 6 : explain UPDATE sbtest6 SET k=k+1 WHERE id=9473388
	Update on sbtest6  (cost=0.43..8.46 rows=0 width=0)
	  ->  Index Scan using sbtest6_pkey on sbtest6  (cost=0.43..8.46 rows=1 width=10)
	        Index Cond: (id = 9473388)

table 7 : explain UPDATE sbtest7 SET k=k+1 WHERE id=5793383
	Update on sbtest7  (cost=0.43..8.46 rows=0 width=0)
	  ->  Index Scan using sbtest7_pkey on sbtest7  (cost=0.43..8.46 rows=1 width=10)
	        Index Cond: (id = 5793383)

table 8 : explain UPDATE sbtest8 SET k=k+1 WHERE id=9696261
	Update on sbtest8  (cost=0.43..8.46 rows=0 width=0)
	  ->  Index Scan using sbtest8_pkey on sbtest8  (cost=0.43..8.46 rows=1 width=10)
	        Index Cond: (id = 9696261)

explain: for non_index_updates :: explain UPDATE sbtest%u SET c='foobar' WHERE id=%u
for index_updates
table 1 : explain UPDATE sbtest1 SET k=k+1 WHERE id=5868840
	Update on sbtest1  (cost=0.43..8.46 rows=0 width=0)
	  ->  Index Scan using sbtest1_pkey on sbtest1  (cost=0.43..8.46 rows=1 width=10)
	        Index Cond: (id = 5868840)

table 2 : explain UPDATE sbtest2 SET k=k+1 WHERE id=5938512
	Update on sbtest2  (cost=0.43..8.46 rows=0 width=0)
	  ->  Index Scan using sbtest2_pkey on sbtest2  (cost=0.43..8.46 rows=1 width=10)
	        Index Cond: (id = 5938512)

table 3 : explain UPDATE sbtest3 SET k=k+1 WHERE id=8642319
	Update on sbtest3  (cost=0.43..8.46 rows=0 width=0)
	  ->  Index Scan using sbtest3_pkey on sbtest3  (cost=0.43..8.46 rows=1 width=10)
	        Index Cond: (id = 8642319)

table 4 : explain UPDATE sbtest4 SET k=k+1 WHERE id=9381132
	Update on sbtest4  (cost=0.43..8.46 rows=0 width=0)
	  ->  Index Scan using sbtest4_pkey on sbtest4  (cost=0.43..8.46 rows=1 width=10)
	        Index Cond: (id = 9381132)

table 5 : explain UPDATE sbtest5 SET k=k+1 WHERE id=1744270
	Update on sbtest5  (cost=0.43..8.46 rows=0 width=0)
	  ->  Index Scan using sbtest5_pkey on sbtest5  (cost=0.43..8.46 rows=1 width=10)
	        Index Cond: (id = 1744270)

table 6 : explain UPDATE sbtest6 SET k=k+1 WHERE id=747197
	Update on sbtest6  (cost=0.43..8.46 rows=0 width=0)
	  ->  Index Scan using sbtest6_pkey on sbtest6  (cost=0.43..8.46 rows=1 width=10)
	        Index Cond: (id = 747197)

table 7 : explain UPDATE sbtest7 SET k=k+1 WHERE id=3453113
	Update on sbtest7  (cost=0.43..8.46 rows=0 width=0)
	  ->  Index Scan using sbtest7_pkey on sbtest7  (cost=0.43..8.46 rows=1 width=10)
	        Index Cond: (id = 3453113)

table 8 : explain UPDATE sbtest8 SET k=k+1 WHERE id=9896872
	Update on sbtest8  (cost=0.43..8.46 rows=0 width=0)
	  ->  Index Scan using sbtest8_pkey on sbtest8  (cost=0.43..8.46 rows=1 width=10)
	        Index Cond: (id = 9896872)

explain: for point_selects :: explain SELECT c FROM sbtest%u WHERE id=%u
for: order_ranges
table 1 : explain SELECT c FROM sbtest1 WHERE id BETWEEN 7615417 AND 7615516 ORDER BY c
	Sort  (cost=364.82..365.06 rows=94 width=121)
	  Sort Key: c
	  ->  Index Scan using sbtest1_pkey on sbtest1  (cost=0.43..361.74 rows=94 width=121)
	        Index Cond: ((id >= 7615417) AND (id <= 7615516))

table 2 : explain SELECT c FROM sbtest2 WHERE id BETWEEN 2538592 AND 2538691 ORDER BY c
	Sort  (cost=417.52..417.78 rows=107 width=121)
	  Sort Key: c
	  ->  Index Scan using sbtest2_pkey on sbtest2  (cost=0.43..413.91 rows=107 width=121)
	        Index Cond: ((id >= 2538592) AND (id <= 2538691))

table 3 : explain SELECT c FROM sbtest3 WHERE id BETWEEN 8283742 AND 8283841 ORDER BY c
	Sort  (cost=389.05..389.30 rows=100 width=121)
	  Sort Key: c
	  ->  Index Scan using sbtest3_pkey on sbtest3  (cost=0.43..385.73 rows=100 width=121)
	        Index Cond: ((id >= 8283742) AND (id <= 8283841))

table 4 : explain SELECT c FROM sbtest4 WHERE id BETWEEN 8287592 AND 8287691 ORDER BY c
	Sort  (cost=394.69..394.94 rows=101 width=121)
	  Sort Key: c
	  ->  Index Scan using sbtest4_pkey on sbtest4  (cost=0.43..391.33 rows=101 width=121)
	        Index Cond: ((id >= 8287592) AND (id <= 8287691))

table 5 : explain SELECT c FROM sbtest5 WHERE id BETWEEN 8242713 AND 8242812 ORDER BY c
	Sort  (cost=384.89..385.13 rows=98 width=121)
	  Sort Key: c
	  ->  Index Scan using sbtest5_pkey on sbtest5  (cost=0.43..381.65 rows=98 width=121)
	        Index Cond: ((id >= 8242713) AND (id <= 8242812))

table 6 : explain SELECT c FROM sbtest6 WHERE id BETWEEN 2482613 AND 2482712 ORDER BY c
	Sort  (cost=433.08..433.36 rows=111 width=121)
	  Sort Key: c
	  ->  Index Scan using sbtest6_pkey on sbtest6  (cost=0.43..429.31 rows=111 width=121)
	        Index Cond: ((id >= 2482613) AND (id <= 2482712))

table 7 : explain SELECT c FROM sbtest7 WHERE id BETWEEN 6175902 AND 6176001 ORDER BY c
	Sort  (cost=369.08..369.32 rows=95 width=121)
	  Sort Key: c
	  ->  Index Scan using sbtest7_pkey on sbtest7  (cost=0.43..365.96 rows=95 width=121)
	        Index Cond: ((id >= 6175902) AND (id <= 6176001))

table 8 : explain SELECT c FROM sbtest8 WHERE id BETWEEN 125474 AND 125573 ORDER BY c
	Sort  (cost=406.44..406.70 rows=104 width=121)
	  Sort Key: c
	  ->  Index Scan using sbtest8_pkey on sbtest8  (cost=0.43..402.95 rows=104 width=121)
	        Index Cond: ((id >= 125474) AND (id <= 125573))

for non_index_updates
table 1 : explain UPDATE sbtest1 SET c='foobar' WHERE id=1796123
	Update on sbtest1  (cost=0.43..8.45 rows=0 width=0)
	  ->  Index Scan using sbtest1_pkey on sbtest1  (cost=0.43..8.45 rows=1 width=490)
	        Index Cond: (id = 1796123)

table 2 : explain UPDATE sbtest2 SET c='foobar' WHERE id=6801387
	Update on sbtest2  (cost=0.43..8.45 rows=0 width=0)
	  ->  Index Scan using sbtest2_pkey on sbtest2  (cost=0.43..8.45 rows=1 width=490)
	        Index Cond: (id = 6801387)

table 3 : explain UPDATE sbtest3 SET c='foobar' WHERE id=1448825
	Update on sbtest3  (cost=0.43..8.45 rows=0 width=0)
	  ->  Index Scan using sbtest3_pkey on sbtest3  (cost=0.43..8.45 rows=1 width=490)
	        Index Cond: (id = 1448825)

table 4 : explain UPDATE sbtest4 SET c='foobar' WHERE id=8301605
	Update on sbtest4  (cost=0.43..8.45 rows=0 width=0)
	  ->  Index Scan using sbtest4_pkey on sbtest4  (cost=0.43..8.45 rows=1 width=490)
	        Index Cond: (id = 8301605)

table 5 : explain UPDATE sbtest5 SET c='foobar' WHERE id=1408931
	Update on sbtest5  (cost=0.43..8.45 rows=0 width=0)
	  ->  Index Scan using sbtest5_pkey on sbtest5  (cost=0.43..8.45 rows=1 width=490)
	        Index Cond: (id = 1408931)

table 6 : explain UPDATE sbtest6 SET c='foobar' WHERE id=2880236
	Update on sbtest6  (cost=0.43..8.45 rows=0 width=0)
	  ->  Index Scan using sbtest6_pkey on sbtest6  (cost=0.43..8.45 rows=1 width=490)
	        Index Cond: (id = 2880236)

table 7 : explain UPDATE sbtest7 SET c='foobar' WHERE id=6893448
	Update on sbtest7  (cost=0.43..8.45 rows=0 width=0)
	  ->  Index Scan using sbtest7_pkey on sbtest7  (cost=0.43..8.45 rows=1 width=490)
	        Index Cond: (id = 6893448)

table 8 : explain UPDATE sbtest8 SET c='foobar' WHERE id=3309197
	Update on sbtest8  (cost=0.43..8.45 rows=0 width=0)
	  ->  Index Scan using sbtest8_pkey on sbtest8  (cost=0.43..8.45 rows=1 width=490)
	        Index Cond: (id = 3309197)

explain: for index_updates :: explain UPDATE sbtest%u SET k=k+1 WHERE id=%u
for: order_ranges
table 1 : explain SELECT c FROM sbtest1 WHERE id BETWEEN 9785728 AND 9785827 ORDER BY c
	Sort  (cost=391.74..392.00 rows=101 width=121)
	  Sort Key: c
	  ->  Index Scan using sbtest1_pkey on sbtest1  (cost=0.43..388.38 rows=101 width=121)
	        Index Cond: ((id >= 9785728) AND (id <= 9785827))

table 2 : explain SELECT c FROM sbtest2 WHERE id BETWEEN 8976522 AND 8976621 ORDER BY c
	Sort  (cost=390.47..390.72 rows=100 width=121)
	  Sort Key: c
	  ->  Index Scan using sbtest2_pkey on sbtest2  (cost=0.43..387.14 rows=100 width=121)
	        Index Cond: ((id >= 8976522) AND (id <= 8976621))

table 3 : explain SELECT c FROM sbtest3 WHERE id BETWEEN 2816049 AND 2816148 ORDER BY c
	Sort  (cost=412.15..412.42 rows=106 width=121)
	  Sort Key: c
	  ->  Index Scan using sbtest3_pkey on sbtest3  (cost=0.43..408.59 rows=106 width=121)
	        Index Cond: ((id >= 2816049) AND (id <= 2816148))

table 4 : explain SELECT c FROM sbtest4 WHERE id BETWEEN 4139180 AND 4139279 ORDER BY c
	Sort  (cost=371.49..371.72 rows=95 width=121)
	  Sort Key: c
	  ->  Index Scan using sbtest4_pkey on sbtest4  (cost=0.43..368.36 rows=95 width=121)
	        Index Cond: ((id >= 4139180) AND (id <= 4139279))

table 5 : explain SELECT c FROM sbtest5 WHERE id BETWEEN 7520108 AND 7520207 ORDER BY c
	Sort  (cost=373.18..373.42 rows=95 width=121)
	  Sort Key: c
	  ->  Index Scan using sbtest5_pkey on sbtest5  (cost=0.43..370.06 rows=95 width=121)
	        Index Cond: ((id >= 7520108) AND (id <= 7520207))

table 6 : explain SELECT c FROM sbtest6 WHERE id BETWEEN 802819 AND 802918 ORDER BY c
	Sort  (cost=413.75..414.02 rows=106 width=121)
	  Sort Key: c
	  ->  Index Scan using sbtest6_pkey on sbtest6  (cost=0.43..410.19 rows=106 width=121)
	        Index Cond: ((id >= 802819) AND (id <= 802918))

table 7 : explain SELECT c FROM sbtest7 WHERE id BETWEEN 1558271 AND 1558370 ORDER BY c
	Sort  (cost=395.97..396.23 rows=102 width=121)
	  Sort Key: c
	  ->  Index Scan using sbtest7_pkey on sbtest7  (cost=0.43..392.57 rows=102 width=121)
	        Index Cond: ((id >= 1558271) AND (id <= 1558370))

table 8 : explain SELECT c FROM sbtest8 WHERE id BETWEEN 9880277 AND 9880376 ORDER BY c
	Sort  (cost=383.22..383.47 rows=98 width=121)
	  Sort Key: c
	  ->  Index Scan using sbtest8_pkey on sbtest8  (cost=0.43..379.98 rows=98 width=121)
	        Index Cond: ((id >= 9880277) AND (id <= 9880376))

for inserts
table 1 : explain INSERT INTO sbtest1 (id, k, c, pad) VALUES (3617754, 13, 'foobar', 'foobar')
	Insert on sbtest1  (cost=0.00..0.01 rows=0 width=0)
	  ->  Result  (cost=0.00..0.01 rows=1 width=736)

table 2 : explain INSERT INTO sbtest2 (id, k, c, pad) VALUES (6289102, 13, 'foobar', 'foobar')
	Insert on sbtest2  (cost=0.00..0.01 rows=0 width=0)
	  ->  Result  (cost=0.00..0.01 rows=1 width=736)

table 3 : explain INSERT INTO sbtest3 (id, k, c, pad) VALUES (1330296, 13, 'foobar', 'foobar')
	Insert on sbtest3  (cost=0.00..0.01 rows=0 width=0)
	  ->  Result  (cost=0.00..0.01 rows=1 width=736)

table 4 : explain INSERT INTO sbtest4 (id, k, c, pad) VALUES (4495390, 13, 'foobar', 'foobar')
	Insert on sbtest4  (cost=0.00..0.01 rows=0 width=0)
	  ->  Result  (cost=0.00..0.01 rows=1 width=736)

table 5 : explain INSERT INTO sbtest5 (id, k, c, pad) VALUES (2794040, 13, 'foobar', 'foobar')
	Insert on sbtest5  (cost=0.00..0.01 rows=0 width=0)
	  ->  Result  (cost=0.00..0.01 rows=1 width=736)

table 6 : explain INSERT INTO sbtest6 (id, k, c, pad) VALUES (1918164, 13, 'foobar', 'foobar')
	Insert on sbtest6  (cost=0.00..0.01 rows=0 width=0)
	  ->  Result  (cost=0.00..0.01 rows=1 width=736)

table 7 : explain INSERT INTO sbtest7 (id, k, c, pad) VALUES (4121001, 13, 'foobar', 'foobar')
	Insert on sbtest7  (cost=0.00..0.01 rows=0 width=0)
	  ->  Result  (cost=0.00..0.01 rows=1 width=736)

table 8 : explain INSERT INTO sbtest8 (id, k, c, pad) VALUES (8920017, 13, 'foobar', 'foobar')
	Insert on sbtest8  (cost=0.00..0.01 rows=0 width=0)
	  ->  Result  (cost=0.00..0.01 rows=1 width=736)

explain: for non_index_updates :: explain UPDATE sbtest%u SET c='foobar' WHERE id=%u
explain: for deletes :: explain DELETE FROM sbtest%u WHERE id=%u
for non_index_updates
table 1 : explain UPDATE sbtest1 SET c='foobar' WHERE id=626597
	Update on sbtest1  (cost=0.43..8.45 rows=0 width=0)
	  ->  Index Scan using sbtest1_pkey on sbtest1  (cost=0.43..8.45 rows=1 width=490)
	        Index Cond: (id = 626597)

table 2 : explain UPDATE sbtest2 SET c='foobar' WHERE id=9730942
	Update on sbtest2  (cost=0.43..8.45 rows=0 width=0)
	  ->  Index Scan using sbtest2_pkey on sbtest2  (cost=0.43..8.45 rows=1 width=490)
	        Index Cond: (id = 9730942)

table 3 : explain UPDATE sbtest3 SET c='foobar' WHERE id=7501247
	Update on sbtest3  (cost=0.43..8.45 rows=0 width=0)
	  ->  Index Scan using sbtest3_pkey on sbtest3  (cost=0.43..8.45 rows=1 width=490)
	        Index Cond: (id = 7501247)

table 4 : explain UPDATE sbtest4 SET c='foobar' WHERE id=9035059
	Update on sbtest4  (cost=0.43..8.45 rows=0 width=0)
	  ->  Index Scan using sbtest4_pkey on sbtest4  (cost=0.43..8.45 rows=1 width=490)
	        Index Cond: (id = 9035059)

table 5 : explain UPDATE sbtest5 SET c='foobar' WHERE id=3972274
	Update on sbtest5  (cost=0.43..8.45 rows=0 width=0)
	  ->  Index Scan using sbtest5_pkey on sbtest5  (cost=0.43..8.45 rows=1 width=490)
	        Index Cond: (id = 3972274)

table 6 : explain UPDATE sbtest6 SET c='foobar' WHERE id=4002926
	Update on sbtest6  (cost=0.43..8.45 rows=0 width=0)
	  ->  Index Scan using sbtest6_pkey on sbtest6  (cost=0.43..8.45 rows=1 width=490)
	        Index Cond: (id = 4002926)

table 7 : explain UPDATE sbtest7 SET c='foobar' WHERE id=3457861
	Update on sbtest7  (cost=0.43..8.45 rows=0 width=0)
	  ->  Index Scan using sbtest7_pkey on sbtest7  (cost=0.43..8.45 rows=1 width=490)
	        Index Cond: (id = 3457861)

table 8 : explain UPDATE sbtest8 SET c='foobar' WHERE id=6312448
	Update on sbtest8  (cost=0.43..8.45 rows=0 width=0)
	  ->  Index Scan using sbtest8_pkey on sbtest8  (cost=0.43..8.45 rows=1 width=490)
	        Index Cond: (id = 6312448)

explain: for non_index_updates :: explain UPDATE sbtest%u SET c='foobar' WHERE id=%u
explain: for inserts :: explain INSERT INTO sbtest%u (id, k, c, pad) VALUES (%u, 13, 'foobar', 'foobar')
explain: for deletes :: explain DELETE FROM sbtest%u WHERE id=%u
for index_updates
table 1 : explain UPDATE sbtest1 SET k=k+1 WHERE id=4014374
	Update on sbtest1  (cost=0.43..8.46 rows=0 width=0)
	  ->  Index Scan using sbtest1_pkey on sbtest1  (cost=0.43..8.46 rows=1 width=10)
	        Index Cond: (id = 4014374)

table 2 : explain UPDATE sbtest2 SET k=k+1 WHERE id=730577
	Update on sbtest2  (cost=0.43..8.46 rows=0 width=0)
	  ->  Index Scan using sbtest2_pkey on sbtest2  (cost=0.43..8.46 rows=1 width=10)
	        Index Cond: (id = 730577)

table 3 : explain UPDATE sbtest3 SET k=k+1 WHERE id=7608382
	Update on sbtest3  (cost=0.43..8.46 rows=0 width=0)
	  ->  Index Scan using sbtest3_pkey on sbtest3  (cost=0.43..8.46 rows=1 width=10)
	        Index Cond: (id = 7608382)

table 4 : explain UPDATE sbtest4 SET k=k+1 WHERE id=5452207
	Update on sbtest4  (cost=0.43..8.46 rows=0 width=0)
	  ->  Index Scan using sbtest4_pkey on sbtest4  (cost=0.43..8.46 rows=1 width=10)
	        Index Cond: (id = 5452207)

table 5 : explain UPDATE sbtest5 SET k=k+1 WHERE id=5718265
	Update on sbtest5  (cost=0.43..8.46 rows=0 width=0)
	  ->  Index Scan using sbtest5_pkey on sbtest5  (cost=0.43..8.46 rows=1 width=10)
	        Index Cond: (id = 5718265)

table 6 : explain UPDATE sbtest6 SET k=k+1 WHERE id=9126830
	Update on sbtest6  (cost=0.43..8.46 rows=0 width=0)
	  ->  Index Scan using sbtest6_pkey on sbtest6  (cost=0.43..8.46 rows=1 width=10)
	        Index Cond: (id = 9126830)

table 7 : explain UPDATE sbtest7 SET k=k+1 WHERE id=8993507
	Update on sbtest7  (cost=0.43..8.46 rows=0 width=0)
	  ->  Index Scan using sbtest7_pkey on sbtest7  (cost=0.43..8.46 rows=1 width=10)
	        Index Cond: (id = 8993507)

table 8 : explain UPDATE sbtest8 SET k=k+1 WHERE id=2655346
	Update on sbtest8  (cost=0.43..8.46 rows=0 width=0)
	  ->  Index Scan using sbtest8_pkey on sbtest8  (cost=0.43..8.46 rows=1 width=10)
	        Index Cond: (id = 2655346)

for deletes
table 1 : explain DELETE FROM sbtest1 WHERE id=6268587
	Delete on sbtest1  (cost=0.43..8.45 rows=0 width=0)
	  ->  Index Scan using sbtest1_pkey on sbtest1  (cost=0.43..8.45 rows=1 width=6)
	        Index Cond: (id = 6268587)

table 2 : explain DELETE FROM sbtest2 WHERE id=2847193
	Delete on sbtest2  (cost=0.43..8.45 rows=0 width=0)
	  ->  Index Scan using sbtest2_pkey on sbtest2  (cost=0.43..8.45 rows=1 width=6)
	        Index Cond: (id = 2847193)

table 3 : explain DELETE FROM sbtest3 WHERE id=4643327
	Delete on sbtest3  (cost=0.43..8.45 rows=0 width=0)
	  ->  Index Scan using sbtest3_pkey on sbtest3  (cost=0.43..8.45 rows=1 width=6)
	        Index Cond: (id = 4643327)

table 4 : explain DELETE FROM sbtest4 WHERE id=8876280
	Delete on sbtest4  (cost=0.43..8.45 rows=0 width=0)
	  ->  Index Scan using sbtest4_pkey on sbtest4  (cost=0.43..8.45 rows=1 width=6)
	        Index Cond: (id = 8876280)

table 5 : explain DELETE FROM sbtest5 WHERE id=1646649
	Delete on sbtest5  (cost=0.43..8.45 rows=0 width=0)
	  ->  Index Scan using sbtest5_pkey on sbtest5  (cost=0.43..8.45 rows=1 width=6)
	        Index Cond: (id = 1646649)

table 6 : explain DELETE FROM sbtest6 WHERE id=6841437
	Delete on sbtest6  (cost=0.43..8.45 rows=0 width=0)
	  ->  Index Scan using sbtest6_pkey on sbtest6  (cost=0.43..8.45 rows=1 width=6)
	        Index Cond: (id = 6841437)

table 7 : explain DELETE FROM sbtest7 WHERE id=4884691
	Delete on sbtest7  (cost=0.43..8.45 rows=0 width=0)
	  ->  Index Scan using sbtest7_pkey on sbtest7  (cost=0.43..8.45 rows=1 width=6)
	        Index Cond: (id = 4884691)

table 8 : explain DELETE FROM sbtest8 WHERE id=8327394
	Delete on sbtest8  (cost=0.43..8.45 rows=0 width=0)
	  ->  Index Scan using sbtest8_pkey on sbtest8  (cost=0.43..8.45 rows=1 width=6)
	        Index Cond: (id = 8327394)

for: order_ranges
table 1 : explain SELECT c FROM sbtest1 WHERE id BETWEEN 9353241 AND 9353340 ORDER BY c
	Sort  (cost=407.10..407.36 rows=105 width=121)
	  Sort Key: c
	  ->  Index Scan using sbtest1_pkey on sbtest1  (cost=0.43..403.57 rows=105 width=121)
	        Index Cond: ((id >= 9353241) AND (id <= 9353340))

table 2 : explain SELECT c FROM sbtest2 WHERE id BETWEEN 8554330 AND 8554429 ORDER BY c
	Sort  (cost=409.79..410.05 rows=105 width=121)
	  Sort Key: c
	  ->  Index Scan using sbtest2_pkey on sbtest2  (cost=0.43..406.26 rows=105 width=121)
	        Index Cond: ((id >= 8554330) AND (id <= 8554429))

table 3 : explain SELECT c FROM sbtest3 WHERE id BETWEEN 3305308 AND 3305407 ORDER BY c
	Sort  (cost=427.55..427.83 rows=110 width=121)
	  Sort Key: c
	  ->  Index Scan using sbtest3_pkey on sbtest3  (cost=0.43..423.82 rows=110 width=121)
	        Index Cond: ((id >= 3305308) AND (id <= 3305407))

table 4 : explain SELECT c FROM sbtest4 WHERE id BETWEEN 7051134 AND 7051233 ORDER BY c
	Sort  (cost=379.22..379.46 rows=97 width=121)
	  Sort Key: c
	  ->  Index Scan using sbtest4_pkey on sbtest4  (cost=0.43..376.02 rows=97 width=121)
	        Index Cond: ((id >= 7051134) AND (id <= 7051233))

table 5 : explain SELECT c FROM sbtest5 WHERE id BETWEEN 9921461 AND 9921560 ORDER BY c
	Sort  (cost=353.76..353.98 rows=90 width=121)
	  Sort Key: c
	  ->  Index Scan using sbtest5_pkey on sbtest5  (cost=0.43..350.83 rows=90 width=121)
	        Index Cond: ((id >= 9921461) AND (id <= 9921560))

table 6 : explain SELECT c FROM sbtest6 WHERE id BETWEEN 3375074 AND 3375173 ORDER BY c
	Sort  (cost=409.89..410.15 rows=105 width=121)
	  Sort Key: c
	  ->  Index Scan using sbtest6_pkey on sbtest6  (cost=0.43..406.36 rows=105 width=121)
	        Index Cond: ((id >= 3375074) AND (id <= 3375173))

table 7 : explain SELECT c FROM sbtest7 WHERE id BETWEEN 5868520 AND 5868619 ORDER BY c
	Sort  (cost=353.71..353.94 rows=91 width=121)
	  Sort Key: c
	  ->  Index Scan using sbtest7_pkey on sbtest7  (cost=0.43..350.75 rows=91 width=121)
	        Index Cond: ((id >= 5868520) AND (id <= 5868619))

table 8 : explain SELECT c FROM sbtest8 WHERE id BETWEEN 7624156 AND 7624255 ORDER BY c
	Sort  (cost=375.44..375.68 rows=96 width=121)
	  Sort Key: c
	  ->  Index Scan using sbtest8_pkey on sbtest8  (cost=0.43..372.28 rows=96 width=121)
	        Index Cond: ((id >= 7624156) AND (id <= 7624255))

for non_index_updates
table 1 : explain UPDATE sbtest1 SET c='foobar' WHERE id=1226931
	Update on sbtest1  (cost=0.43..8.45 rows=0 width=0)
	  ->  Index Scan using sbtest1_pkey on sbtest1  (cost=0.43..8.45 rows=1 width=490)
	        Index Cond: (id = 1226931)

table 2 : explain UPDATE sbtest2 SET c='foobar' WHERE id=1207158
	Update on sbtest2  (cost=0.43..8.45 rows=0 width=0)
	  ->  Index Scan using sbtest2_pkey on sbtest2  (cost=0.43..8.45 rows=1 width=490)
	        Index Cond: (id = 1207158)

table 3 : explain UPDATE sbtest3 SET c='foobar' WHERE id=4257665
	Update on sbtest3  (cost=0.43..8.45 rows=0 width=0)
	  ->  Index Scan using sbtest3_pkey on sbtest3  (cost=0.43..8.45 rows=1 width=490)
	        Index Cond: (id = 4257665)

table 4 : explain UPDATE sbtest4 SET c='foobar' WHERE id=3428061
	Update on sbtest4  (cost=0.43..8.45 rows=0 width=0)
	  ->  Index Scan using sbtest4_pkey on sbtest4  (cost=0.43..8.45 rows=1 width=490)
	        Index Cond: (id = 3428061)

table 5 : explain UPDATE sbtest5 SET c='foobar' WHERE id=7030382
	Update on sbtest5  (cost=0.43..8.45 rows=0 width=0)
	  ->  Index Scan using sbtest5_pkey on sbtest5  (cost=0.43..8.45 rows=1 width=490)
	        Index Cond: (id = 7030382)

table 6 : explain UPDATE sbtest6 SET c='foobar' WHERE id=3831001
	Update on sbtest6  (cost=0.43..8.45 rows=0 width=0)
	  ->  Index Scan using sbtest6_pkey on sbtest6  (cost=0.43..8.45 rows=1 width=490)
	        Index Cond: (id = 3831001)

table 7 : explain UPDATE sbtest7 SET c='foobar' WHERE id=2059951
	Update on sbtest7  (cost=0.43..8.45 rows=0 width=0)
	  ->  Index Scan using sbtest7_pkey on sbtest7  (cost=0.43..8.45 rows=1 width=490)
	        Index Cond: (id = 2059951)

table 8 : explain UPDATE sbtest8 SET c='foobar' WHERE id=9681274
	Update on sbtest8  (cost=0.43..8.45 rows=0 width=0)
	  ->  Index Scan using sbtest8_pkey on sbtest8  (cost=0.43..8.45 rows=1 width=490)
	        Index Cond: (id = 9681274)

for non_index_updates
table 1 : explain UPDATE sbtest1 SET c='foobar' WHERE id=1821086
	Update on sbtest1  (cost=0.43..8.45 rows=0 width=0)
	  ->  Index Scan using sbtest1_pkey on sbtest1  (cost=0.43..8.45 rows=1 width=490)
	        Index Cond: (id = 1821086)

table 2 : explain UPDATE sbtest2 SET c='foobar' WHERE id=3512583
	Update on sbtest2  (cost=0.43..8.45 rows=0 width=0)
	  ->  Index Scan using sbtest2_pkey on sbtest2  (cost=0.43..8.45 rows=1 width=490)
	        Index Cond: (id = 3512583)

table 3 : explain UPDATE sbtest3 SET c='foobar' WHERE id=4066742
	Update on sbtest3  (cost=0.43..8.45 rows=0 width=0)
	  ->  Index Scan using sbtest3_pkey on sbtest3  (cost=0.43..8.45 rows=1 width=490)
	        Index Cond: (id = 4066742)

table 4 : explain UPDATE sbtest4 SET c='foobar' WHERE id=6714951
	Update on sbtest4  (cost=0.43..8.45 rows=0 width=0)
	  ->  Index Scan using sbtest4_pkey on sbtest4  (cost=0.43..8.45 rows=1 width=490)
	        Index Cond: (id = 6714951)

table 5 : explain UPDATE sbtest5 SET c='foobar' WHERE id=8524421
	Update on sbtest5  (cost=0.43..8.45 rows=0 width=0)
	  ->  Index Scan using sbtest5_pkey on sbtest5  (cost=0.43..8.45 rows=1 width=490)
	        Index Cond: (id = 8524421)

table 6 : explain UPDATE sbtest6 SET c='foobar' WHERE id=3473152
	Update on sbtest6  (cost=0.43..8.45 rows=0 width=0)
	  ->  Index Scan using sbtest6_pkey on sbtest6  (cost=0.43..8.45 rows=1 width=490)
	        Index Cond: (id = 3473152)

table 7 : explain UPDATE sbtest7 SET c='foobar' WHERE id=2128281
	Update on sbtest7  (cost=0.43..8.45 rows=0 width=0)
	  ->  Index Scan using sbtest7_pkey on sbtest7  (cost=0.43..8.45 rows=1 width=490)
	        Index Cond: (id = 2128281)

table 8 : explain UPDATE sbtest8 SET c='foobar' WHERE id=7325626
	Update on sbtest8  (cost=0.43..8.45 rows=0 width=0)
	  ->  Index Scan using sbtest8_pkey on sbtest8  (cost=0.43..8.45 rows=1 width=490)
	        Index Cond: (id = 7325626)

for: order_ranges
table 1 : explain SELECT c FROM sbtest1 WHERE id BETWEEN 1521818 AND 1521917 ORDER BY c
	Sort  (cost=372.55..372.79 rows=96 width=121)
	  Sort Key: c
	  ->  Index Scan using sbtest1_pkey on sbtest1  (cost=0.43..369.39 rows=96 width=121)
	        Index Cond: ((id >= 1521818) AND (id <= 1521917))

table 2 : explain SELECT c FROM sbtest2 WHERE id BETWEEN 937965 AND 938064 ORDER BY c
	Sort  (cost=355.64..355.87 rows=91 width=121)
	  Sort Key: c
	  ->  Index Scan using sbtest2_pkey on sbtest2  (cost=0.43..352.68 rows=91 width=121)
	        Index Cond: ((id >= 937965) AND (id <= 938064))

table 3 : explain SELECT c FROM sbtest3 WHERE id BETWEEN 1016078 AND 1016177 ORDER BY c
	Sort  (cost=408.30..408.57 rows=105 width=121)
	  Sort Key: c
	  ->  Index Scan using sbtest3_pkey on sbtest3  (cost=0.43..404.78 rows=105 width=121)
	        Index Cond: ((id >= 1016078) AND (id <= 1016177))

table 4 : explain SELECT c FROM sbtest4 WHERE id BETWEEN 8362838 AND 8362937 ORDER BY c
	Sort  (cost=394.69..394.94 rows=101 width=121)
	  Sort Key: c
	  ->  Index Scan using sbtest4_pkey on sbtest4  (cost=0.43..391.33 rows=101 width=121)
	        Index Cond: ((id >= 8362838) AND (id <= 8362937))

table 5 : explain SELECT c FROM sbtest5 WHERE id BETWEEN 9886044 AND 9886143 ORDER BY c
	Sort  (cost=439.30..439.58 rows=112 width=121)
	  Sort Key: c
	  ->  Index Scan using sbtest5_pkey on sbtest5  (cost=0.43..435.49 rows=112 width=121)
	        Index Cond: ((id >= 9886044) AND (id <= 9886143))

table 6 : explain SELECT c FROM sbtest6 WHERE id BETWEEN 1315338 AND 1315437 ORDER BY c
	Sort  (cost=421.48..421.75 rows=108 width=121)
	  Sort Key: c
	  ->  Index Scan using sbtest6_pkey on sbtest6  (cost=0.43..417.83 rows=108 width=121)
	        Index Cond: ((id >= 1315338) AND (id <= 1315437))

table 7 : explain SELECT c FROM sbtest7 WHERE id BETWEEN 4589268 AND 4589367 ORDER BY c
	Sort  (cost=388.29..388.54 rows=100 width=121)
	  Sort Key: c
	  ->  Index Scan using sbtest7_pkey on sbtest7  (cost=0.43..384.97 rows=100 width=121)
	        Index Cond: ((id >= 4589268) AND (id <= 4589367))

table 8 : explain SELECT c FROM sbtest8 WHERE id BETWEEN 8860827 AND 8860926 ORDER BY c
	Sort  (cost=425.78..426.06 rows=109 width=121)
	  Sort Key: c
	  ->  Index Scan using sbtest8_pkey on sbtest8  (cost=0.43..422.10 rows=109 width=121)
	        Index Cond: ((id >= 8860827) AND (id <= 8860926))

explain: for non_index_updates :: explain UPDATE sbtest%u SET c='foobar' WHERE id=%u
for deletes
table 1 : explain DELETE FROM sbtest1 WHERE id=3084338
	Delete on sbtest1  (cost=0.43..8.45 rows=0 width=0)
	  ->  Index Scan using sbtest1_pkey on sbtest1  (cost=0.43..8.45 rows=1 width=6)
	        Index Cond: (id = 3084338)

table 2 : explain DELETE FROM sbtest2 WHERE id=5752020
	Delete on sbtest2  (cost=0.43..8.45 rows=0 width=0)
	  ->  Index Scan using sbtest2_pkey on sbtest2  (cost=0.43..8.45 rows=1 width=6)
	        Index Cond: (id = 5752020)

table 3 : explain DELETE FROM sbtest3 WHERE id=3930430
	Delete on sbtest3  (cost=0.43..8.45 rows=0 width=0)
	  ->  Index Scan using sbtest3_pkey on sbtest3  (cost=0.43..8.45 rows=1 width=6)
	        Index Cond: (id = 3930430)

table 4 : explain DELETE FROM sbtest4 WHERE id=4956193
	Delete on sbtest4  (cost=0.43..8.45 rows=0 width=0)
	  ->  Index Scan using sbtest4_pkey on sbtest4  (cost=0.43..8.45 rows=1 width=6)
	        Index Cond: (id = 4956193)

table 5 : explain DELETE FROM sbtest5 WHERE id=1711356
	Delete on sbtest5  (cost=0.43..8.45 rows=0 width=0)
	  ->  Index Scan using sbtest5_pkey on sbtest5  (cost=0.43..8.45 rows=1 width=6)
	        Index Cond: (id = 1711356)

table 6 : explain DELETE FROM sbtest6 WHERE id=6044637
	Delete on sbtest6  (cost=0.43..8.45 rows=0 width=0)
	  ->  Index Scan using sbtest6_pkey on sbtest6  (cost=0.43..8.45 rows=1 width=6)
	        Index Cond: (id = 6044637)

table 7 : explain DELETE FROM sbtest7 WHERE id=4088429
	Delete on sbtest7  (cost=0.43..8.45 rows=0 width=0)
	  ->  Index Scan using sbtest7_pkey on sbtest7  (cost=0.43..8.45 rows=1 width=6)
	        Index Cond: (id = 4088429)

table 8 : explain DELETE FROM sbtest8 WHERE id=8654067
	Delete on sbtest8  (cost=0.43..8.45 rows=0 width=0)
	  ->  Index Scan using sbtest8_pkey on sbtest8  (cost=0.43..8.45 rows=1 width=6)
	        Index Cond: (id = 8654067)

for non_index_updates
table 1 : explain UPDATE sbtest1 SET c='foobar' WHERE id=5247241
	Update on sbtest1  (cost=0.43..8.45 rows=0 width=0)
	  ->  Index Scan using sbtest1_pkey on sbtest1  (cost=0.43..8.45 rows=1 width=490)
	        Index Cond: (id = 5247241)

table 2 : explain UPDATE sbtest2 SET c='foobar' WHERE id=9567646
	Update on sbtest2  (cost=0.43..8.45 rows=0 width=0)
	  ->  Index Scan using sbtest2_pkey on sbtest2  (cost=0.43..8.45 rows=1 width=490)
	        Index Cond: (id = 9567646)

table 3 : explain UPDATE sbtest3 SET c='foobar' WHERE id=9789864
	Update on sbtest3  (cost=0.43..8.45 rows=0 width=0)
	  ->  Index Scan using sbtest3_pkey on sbtest3  (cost=0.43..8.45 rows=1 width=490)
	        Index Cond: (id = 9789864)

table 4 : explain UPDATE sbtest4 SET c='foobar' WHERE id=5082350
	Update on sbtest4  (cost=0.43..8.45 rows=0 width=0)
	  ->  Index Scan using sbtest4_pkey on sbtest4  (cost=0.43..8.45 rows=1 width=490)
	        Index Cond: (id = 5082350)

table 5 : explain UPDATE sbtest5 SET c='foobar' WHERE id=364869
	Update on sbtest5  (cost=0.43..8.45 rows=0 width=0)
	  ->  Index Scan using sbtest5_pkey on sbtest5  (cost=0.43..8.45 rows=1 width=490)
	        Index Cond: (id = 364869)

table 6 : explain UPDATE sbtest6 SET c='foobar' WHERE id=9749177
	Update on sbtest6  (cost=0.43..8.45 rows=0 width=0)
	  ->  Index Scan using sbtest6_pkey on sbtest6  (cost=0.43..8.45 rows=1 width=490)
	        Index Cond: (id = 9749177)

table 7 : explain UPDATE sbtest7 SET c='foobar' WHERE id=268235
	Update on sbtest7  (cost=0.43..8.45 rows=0 width=0)
	  ->  Index Scan using sbtest7_pkey on sbtest7  (cost=0.43..8.45 rows=1 width=490)
	        Index Cond: (id = 268235)

table 8 : explain UPDATE sbtest8 SET c='foobar' WHERE id=3116623
	Update on sbtest8  (cost=0.43..8.45 rows=0 width=0)
	  ->  Index Scan using sbtest8_pkey on sbtest8  (cost=0.43..8.45 rows=1 width=490)
	        Index Cond: (id = 3116623)

for: distinct_ranges
table 1 : explain SELECT DISTINCT c FROM sbtest1 WHERE id BETWEEN 4939982 AND 4940081 ORDER BY c
	Unique  (cost=395.58..396.09 rows=102 width=121)
	  ->  Sort  (cost=395.58..395.84 rows=102 width=121)
	        Sort Key: c
	        ->  Index Scan using sbtest1_pkey on sbtest1  (cost=0.43..392.18 rows=102 width=121)
	              Index Cond: ((id >= 4939982) AND (id <= 4940081))

table 2 : explain SELECT DISTINCT c FROM sbtest2 WHERE id BETWEEN 1139763 AND 1139862 ORDER BY c
	Unique  (cost=405.92..406.44 rows=104 width=121)
	  ->  Sort  (cost=405.92..406.18 rows=104 width=121)
	        Sort Key: c
	        ->  Index Scan using sbtest2_pkey on sbtest2  (cost=0.43..402.44 rows=104 width=121)
	              Index Cond: ((id >= 1139763) AND (id <= 1139862))

table 3 : explain SELECT DISTINCT c FROM sbtest3 WHERE id BETWEEN 8115603 AND 8115702 ORDER BY c
	Unique  (cost=362.11..362.57 rows=93 width=121)
	  ->  Sort  (cost=362.11..362.34 rows=93 width=121)
	        Sort Key: c
	        ->  Index Scan using sbtest3_pkey on sbtest3  (cost=0.43..359.07 rows=93 width=121)
	              Index Cond: ((id >= 8115603) AND (id <= 8115702))

table 4 : explain SELECT DISTINCT c FROM sbtest4 WHERE id BETWEEN 7838563 AND 7838662 ORDER BY c
	Unique  (cost=410.16..410.69 rows=105 width=121)
	  ->  Sort  (cost=410.16..410.43 rows=105 width=121)
	        Sort Key: c
	        ->  Index Scan using sbtest4_pkey on sbtest4  (cost=0.43..406.64 rows=105 width=121)
	              Index Cond: ((id >= 7838563) AND (id <= 7838662))

table 5 : explain SELECT DISTINCT c FROM sbtest5 WHERE id BETWEEN 5012720 AND 5012819 ORDER BY c
	Unique  (cost=388.77..389.27 rows=99 width=121)
	  ->  Sort  (cost=388.77..389.02 rows=99 width=121)
	        Sort Key: c
	        ->  Index Scan using sbtest5_pkey on sbtest5  (cost=0.43..385.49 rows=99 width=121)
	              Index Cond: ((id >= 5012720) AND (id <= 5012819))

table 6 : explain SELECT DISTINCT c FROM sbtest6 WHERE id BETWEEN 1482867 AND 1482966 ORDER BY c
	Unique  (cost=386.69..387.19 rows=99 width=121)
	  ->  Sort  (cost=386.69..386.94 rows=99 width=121)
	        Sort Key: c
	        ->  Index Scan using sbtest6_pkey on sbtest6  (cost=0.43..383.41 rows=99 width=121)
	              Index Cond: ((id >= 1482867) AND (id <= 1482966))

table 7 : explain SELECT DISTINCT c FROM sbtest7 WHERE id BETWEEN 1200481 AND 1200580 ORDER BY c
	Unique  (cost=380.60..381.09 rows=98 width=121)
	  ->  Sort  (cost=380.60..380.85 rows=98 width=121)
	        Sort Key: c
	        ->  Index Scan using sbtest7_pkey on sbtest7  (cost=0.43..377.36 rows=98 width=121)
	              Index Cond: ((id >= 1200481) AND (id <= 1200580))

table 8 : explain SELECT DISTINCT c FROM sbtest8 WHERE id BETWEEN 1851253 AND 1851352 ORDER BY c
	Unique  (cost=418.05..418.58 rows=107 width=121)
	  ->  Sort  (cost=418.05..418.31 rows=107 width=121)
	        Sort Key: c
	        ->  Index Scan using sbtest8_pkey on sbtest8  (cost=0.43..414.44 rows=107 width=121)
	              Index Cond: ((id >= 1851253) AND (id <= 1851352))

explain: for deletes :: explain DELETE FROM sbtest%u WHERE id=%u
explain: for inserts :: explain INSERT INTO sbtest%u (id, k, c, pad) VALUES (%u, 13, 'foobar', 'foobar')
for inserts
table 1 : explain INSERT INTO sbtest1 (id, k, c, pad) VALUES (4543148, 13, 'foobar', 'foobar')
	Insert on sbtest1  (cost=0.00..0.01 rows=0 width=0)
	  ->  Result  (cost=0.00..0.01 rows=1 width=736)

table 2 : explain INSERT INTO sbtest2 (id, k, c, pad) VALUES (7568960, 13, 'foobar', 'foobar')
	Insert on sbtest2  (cost=0.00..0.01 rows=0 width=0)
	  ->  Result  (cost=0.00..0.01 rows=1 width=736)

table 3 : explain INSERT INTO sbtest3 (id, k, c, pad) VALUES (6726920, 13, 'foobar', 'foobar')
	Insert on sbtest3  (cost=0.00..0.01 rows=0 width=0)
	  ->  Result  (cost=0.00..0.01 rows=1 width=736)

table 4 : explain INSERT INTO sbtest4 (id, k, c, pad) VALUES (4148926, 13, 'foobar', 'foobar')
	Insert on sbtest4  (cost=0.00..0.01 rows=0 width=0)
	  ->  Result  (cost=0.00..0.01 rows=1 width=736)

table 5 : explain INSERT INTO sbtest5 (id, k, c, pad) VALUES (5661838, 13, 'foobar', 'foobar')
	Insert on sbtest5  (cost=0.00..0.01 rows=0 width=0)
	  ->  Result  (cost=0.00..0.01 rows=1 width=736)

table 6 : explain INSERT INTO sbtest6 (id, k, c, pad) VALUES (7835124, 13, 'foobar', 'foobar')
	Insert on sbtest6  (cost=0.00..0.01 rows=0 width=0)
	  ->  Result  (cost=0.00..0.01 rows=1 width=736)

table 7 : explain INSERT INTO sbtest7 (id, k, c, pad) VALUES (5582517, 13, 'foobar', 'foobar')
	Insert on sbtest7  (cost=0.00..0.01 rows=0 width=0)
	  ->  Result  (cost=0.00..0.01 rows=1 width=736)

table 8 : explain INSERT INTO sbtest8 (id, k, c, pad) VALUES (7339783, 13, 'foobar', 'foobar')
	Insert on sbtest8  (cost=0.00..0.01 rows=0 width=0)
	  ->  Result  (cost=0.00..0.01 rows=1 width=736)

for: distinct_ranges
table 1 : explain SELECT DISTINCT c FROM sbtest1 WHERE id BETWEEN 2467764 AND 2467863 ORDER BY c
	Unique  (cost=376.39..376.88 rows=97 width=121)
	  ->  Sort  (cost=376.39..376.63 rows=97 width=121)
	        Sort Key: c
	        ->  Index Scan using sbtest1_pkey on sbtest1  (cost=0.43..373.19 rows=97 width=121)
	              Index Cond: ((id >= 2467764) AND (id <= 2467863))

table 2 : explain SELECT DISTINCT c FROM sbtest2 WHERE id BETWEEN 9197927 AND 9198026 ORDER BY c
	Unique  (cost=386.60..387.10 rows=99 width=121)
	  ->  Sort  (cost=386.60..386.85 rows=99 width=121)
	        Sort Key: c
	        ->  Index Scan using sbtest2_pkey on sbtest2  (cost=0.43..383.32 rows=99 width=121)
	              Index Cond: ((id >= 9197927) AND (id <= 9198026))

table 3 : explain SELECT DISTINCT c FROM sbtest3 WHERE id BETWEEN 933031 AND 933130 ORDER BY c
	Unique  (cost=362.11..362.57 rows=93 width=121)
	  ->  Sort  (cost=362.11..362.34 rows=93 width=121)
	        Sort Key: c
	        ->  Index Scan using sbtest3_pkey on sbtest3  (cost=0.43..359.07 rows=93 width=121)
	              Index Cond: ((id >= 933031) AND (id <= 933130))

table 4 : explain SELECT DISTINCT c FROM sbtest4 WHERE id BETWEEN 9936538 AND 9936637 ORDER BY c
	Unique  (cost=398.56..399.07 rows=102 width=121)
	  ->  Sort  (cost=398.56..398.81 rows=102 width=121)
	        Sort Key: c
	        ->  Index Scan using sbtest4_pkey on sbtest4  (cost=0.43..395.16 rows=102 width=121)
	              Index Cond: ((id >= 9936538) AND (id <= 9936637))

table 5 : explain SELECT DISTINCT c FROM sbtest5 WHERE id BETWEEN 1841988 AND 1842087 ORDER BY c
	Unique  (cost=392.66..393.16 rows=100 width=121)
	  ->  Sort  (cost=392.66..392.91 rows=100 width=121)
	        Sort Key: c
	        ->  Index Scan using sbtest5_pkey on sbtest5  (cost=0.43..389.34 rows=100 width=121)
	              Index Cond: ((id >= 1841988) AND (id <= 1842087))

table 6 : explain SELECT DISTINCT c FROM sbtest6 WHERE id BETWEEN 9163054 AND 9163153 ORDER BY c
	Unique  (cost=371.24..371.71 rows=95 width=121)
	  ->  Sort  (cost=371.24..371.47 rows=95 width=121)
	        Sort Key: c
	        ->  Index Scan using sbtest6_pkey on sbtest6  (cost=0.43..368.11 rows=95 width=121)
	              Index Cond: ((id >= 9163054) AND (id <= 9163153))

table 7 : explain SELECT DISTINCT c FROM sbtest7 WHERE id BETWEEN 9677096 AND 9677195 ORDER BY c
	Unique  (cost=353.71..354.17 rows=91 width=121)
	  ->  Sort  (cost=353.71..353.94 rows=91 width=121)
	        Sort Key: c
	        ->  Index Scan using sbtest7_pkey on sbtest7  (cost=0.43..350.75 rows=91 width=121)
	              Index Cond: ((id >= 9677096) AND (id <= 9677195))

table 8 : explain SELECT DISTINCT c FROM sbtest8 WHERE id BETWEEN 1119925 AND 1120024 ORDER BY c
	Unique  (cost=402.57..403.08 rows=103 width=121)
	  ->  Sort  (cost=402.57..402.83 rows=103 width=121)
	        Sort Key: c
	        ->  Index Scan using sbtest8_pkey on sbtest8  (cost=0.43..399.12 rows=103 width=121)
	              Index Cond: ((id >= 1119925) AND (id <= 1120024))

explain: for index_updates :: explain UPDATE sbtest%u SET k=k+1 WHERE id=%u
for non_index_updates
table 1 : explain UPDATE sbtest1 SET c='foobar' WHERE id=4326176
	Update on sbtest1  (cost=0.43..8.45 rows=0 width=0)
	  ->  Index Scan using sbtest1_pkey on sbtest1  (cost=0.43..8.45 rows=1 width=490)
	        Index Cond: (id = 4326176)

table 2 : explain UPDATE sbtest2 SET c='foobar' WHERE id=894107
	Update on sbtest2  (cost=0.43..8.45 rows=0 width=0)
	  ->  Index Scan using sbtest2_pkey on sbtest2  (cost=0.43..8.45 rows=1 width=490)
	        Index Cond: (id = 894107)

table 3 : explain UPDATE sbtest3 SET c='foobar' WHERE id=1722516
	Update on sbtest3  (cost=0.43..8.45 rows=0 width=0)
	  ->  Index Scan using sbtest3_pkey on sbtest3  (cost=0.43..8.45 rows=1 width=490)
	        Index Cond: (id = 1722516)

table 4 : explain UPDATE sbtest4 SET c='foobar' WHERE id=9630209
	Update on sbtest4  (cost=0.43..8.45 rows=0 width=0)
	  ->  Index Scan using sbtest4_pkey on sbtest4  (cost=0.43..8.45 rows=1 width=490)
	        Index Cond: (id = 9630209)

table 5 : explain UPDATE sbtest5 SET c='foobar' WHERE id=2954465
	Update on sbtest5  (cost=0.43..8.45 rows=0 width=0)
	  ->  Index Scan using sbtest5_pkey on sbtest5  (cost=0.43..8.45 rows=1 width=490)
	        Index Cond: (id = 2954465)

table 6 : explain UPDATE sbtest6 SET c='foobar' WHERE id=5465565
	Update on sbtest6  (cost=0.43..8.45 rows=0 width=0)
	  ->  Index Scan using sbtest6_pkey on sbtest6  (cost=0.43..8.45 rows=1 width=490)
	        Index Cond: (id = 5465565)

table 7 : explain UPDATE sbtest7 SET c='foobar' WHERE id=7844618
	Update on sbtest7  (cost=0.43..8.45 rows=0 width=0)
	  ->  Index Scan using sbtest7_pkey on sbtest7  (cost=0.43..8.45 rows=1 width=490)
	        Index Cond: (id = 7844618)

table 8 : explain UPDATE sbtest8 SET c='foobar' WHERE id=4731162
	Update on sbtest8  (cost=0.43..8.45 rows=0 width=0)
	  ->  Index Scan using sbtest8_pkey on sbtest8  (cost=0.43..8.45 rows=1 width=490)
	        Index Cond: (id = 4731162)

for inserts
table 1 : explain INSERT INTO sbtest1 (id, k, c, pad) VALUES (7217608, 13, 'foobar', 'foobar')
	Insert on sbtest1  (cost=0.00..0.01 rows=0 width=0)
	  ->  Result  (cost=0.00..0.01 rows=1 width=736)

table 2 : explain INSERT INTO sbtest2 (id, k, c, pad) VALUES (4286135, 13, 'foobar', 'foobar')
	Insert on sbtest2  (cost=0.00..0.01 rows=0 width=0)
	  ->  Result  (cost=0.00..0.01 rows=1 width=736)

table 3 : explain INSERT INTO sbtest3 (id, k, c, pad) VALUES (8296637, 13, 'foobar', 'foobar')
	Insert on sbtest3  (cost=0.00..0.01 rows=0 width=0)
	  ->  Result  (cost=0.00..0.01 rows=1 width=736)

table 4 : explain INSERT INTO sbtest4 (id, k, c, pad) VALUES (9535200, 13, 'foobar', 'foobar')
	Insert on sbtest4  (cost=0.00..0.01 rows=0 width=0)
	  ->  Result  (cost=0.00..0.01 rows=1 width=736)

table 5 : explain INSERT INTO sbtest5 (id, k, c, pad) VALUES (33976, 13, 'foobar', 'foobar')
	Insert on sbtest5  (cost=0.00..0.01 rows=0 width=0)
	  ->  Result  (cost=0.00..0.01 rows=1 width=736)

table 6 : explain INSERT INTO sbtest6 (id, k, c, pad) VALUES (1884305, 13, 'foobar', 'foobar')
	Insert on sbtest6  (cost=0.00..0.01 rows=0 width=0)
	  ->  Result  (cost=0.00..0.01 rows=1 width=736)

table 7 : explain INSERT INTO sbtest7 (id, k, c, pad) VALUES (4976497, 13, 'foobar', 'foobar')
	Insert on sbtest7  (cost=0.00..0.01 rows=0 width=0)
	  ->  Result  (cost=0.00..0.01 rows=1 width=736)

table 8 : explain INSERT INTO sbtest8 (id, k, c, pad) VALUES (6204955, 13, 'foobar', 'foobar')
	Insert on sbtest8  (cost=0.00..0.01 rows=0 width=0)
	  ->  Result  (cost=0.00..0.01 rows=1 width=736)

explain: for index_updates :: explain UPDATE sbtest%u SET k=k+1 WHERE id=%uexplain: for deletes :: explain DELETE FROM sbtest%u WHERE id=%u

for deletes
table 1 : explain DELETE FROM sbtest1 WHERE id=2321372
	Delete on sbtest1  (cost=0.43..8.45 rows=0 width=0)
	  ->  Index Scan using sbtest1_pkey on sbtest1  (cost=0.43..8.45 rows=1 width=6)
	        Index Cond: (id = 2321372)

table 2 : explain DELETE FROM sbtest2 WHERE id=2265288
	Delete on sbtest2  (cost=0.43..8.45 rows=0 width=0)
	  ->  Index Scan using sbtest2_pkey on sbtest2  (cost=0.43..8.45 rows=1 width=6)
	        Index Cond: (id = 2265288)

table 3 : explain DELETE FROM sbtest3 WHERE id=7926852
	Delete on sbtest3  (cost=0.43..8.45 rows=0 width=0)
	  ->  Index Scan using sbtest3_pkey on sbtest3  (cost=0.43..8.45 rows=1 width=6)
	        Index Cond: (id = 7926852)

table 4 : explain DELETE FROM sbtest4 WHERE id=149733
	Delete on sbtest4  (cost=0.43..8.45 rows=0 width=0)
	  ->  Index Scan using sbtest4_pkey on sbtest4  (cost=0.43..8.45 rows=1 width=6)
	        Index Cond: (id = 149733)

table 5 : explain DELETE FROM sbtest5 WHERE id=8175357
	Delete on sbtest5  (cost=0.43..8.45 rows=0 width=0)
	  ->  Index Scan using sbtest5_pkey on sbtest5  (cost=0.43..8.45 rows=1 width=6)
	        Index Cond: (id = 8175357)

table 6 : explain DELETE FROM sbtest6 WHERE id=3413791
	Delete on sbtest6  (cost=0.43..8.45 rows=0 width=0)
	  ->  Index Scan using sbtest6_pkey on sbtest6  (cost=0.43..8.45 rows=1 width=6)
	        Index Cond: (id = 3413791)

table 7 : explain DELETE FROM sbtest7 WHERE id=4438946
	Delete on sbtest7  (cost=0.43..8.45 rows=0 width=0)
	  ->  Index Scan using sbtest7_pkey on sbtest7  (cost=0.43..8.45 rows=1 width=6)
	        Index Cond: (id = 4438946)

table 8 : explain DELETE FROM sbtest8 WHERE id=4492838
	Delete on sbtest8  (cost=0.43..8.45 rows=0 width=0)
	  ->  Index Scan using sbtest8_pkey on sbtest8  (cost=0.43..8.45 rows=1 width=6)
	        Index Cond: (id = 4492838)

explain: for deletes :: explain DELETE FROM sbtest%u WHERE id=%u
for: distinct_ranges
table 1 : explain SELECT DISTINCT c FROM sbtest1 WHERE id BETWEEN 2739148 AND 2739247 ORDER BY c
	Unique  (cost=391.74..392.25 rows=101 width=121)
	  ->  Sort  (cost=391.74..392.00 rows=101 width=121)
	        Sort Key: c
	        ->  Index Scan using sbtest1_pkey on sbtest1  (cost=0.43..388.38 rows=101 width=121)
	              Index Cond: ((id >= 2739148) AND (id <= 2739247))

table 2 : explain SELECT DISTINCT c FROM sbtest2 WHERE id BETWEEN 8930305 AND 8930404 ORDER BY c
	Unique  (cost=390.47..390.97 rows=100 width=121)
	  ->  Sort  (cost=390.47..390.72 rows=100 width=121)
	        Sort Key: c
	        ->  Index Scan using sbtest2_pkey on sbtest2  (cost=0.43..387.14 rows=100 width=121)
	              Index Cond: ((id >= 8930305) AND (id <= 8930404))

table 3 : explain SELECT DISTINCT c FROM sbtest3 WHERE id BETWEEN 4437306 AND 4437405 ORDER BY c
	Unique  (cost=365.96..366.43 rows=94 width=121)
	  ->  Sort  (cost=365.96..366.19 rows=94 width=121)
	        Sort Key: c
	        ->  Index Scan using sbtest3_pkey on sbtest3  (cost=0.43..362.88 rows=94 width=121)
	              Index Cond: ((id >= 4437306) AND (id <= 4437405))

table 4 : explain SELECT DISTINCT c FROM sbtest4 WHERE id BETWEEN 5836317 AND 5836416 ORDER BY c
	Unique  (cost=444.98..445.55 rows=114 width=121)
	  ->  Sort  (cost=444.98..445.26 rows=114 width=121)
	        Sort Key: c
	        ->  Index Scan using sbtest4_pkey on sbtest4  (cost=0.43..441.08 rows=114 width=121)
	              Index Cond: ((id >= 5836317) AND (id <= 5836416))

table 5 : explain SELECT DISTINCT c FROM sbtest5 WHERE id BETWEEN 1747513 AND 1747612 ORDER BY c
	Unique  (cost=400.43..400.94 rows=102 width=121)
	  ->  Sort  (cost=400.43..400.69 rows=102 width=121)
	        Sort Key: c
	        ->  Index Scan using sbtest5_pkey on sbtest5  (cost=0.43..397.03 rows=102 width=121)
	              Index Cond: ((id >= 1747513) AND (id <= 1747612))

table 6 : explain SELECT DISTINCT c FROM sbtest6 WHERE id BETWEEN 3748913 AND 3749012 ORDER BY c
	Unique  (cost=355.73..356.18 rows=91 width=121)
	  ->  Sort  (cost=355.73..355.96 rows=91 width=121)
	        Sort Key: c
	        ->  Index Scan using sbtest6_pkey on sbtest6  (cost=0.43..352.77 rows=91 width=121)
	              Index Cond: ((id >= 3748913) AND (id <= 3749012))

table 7 : explain SELECT DISTINCT c FROM sbtest7 WHERE id BETWEEN 7086085 AND 7086184 ORDER BY c
	Unique  (cost=361.40..361.86 rows=93 width=121)
	  ->  Sort  (cost=361.40..361.63 rows=93 width=121)
	        Sort Key: c
	        ->  Index Scan using sbtest7_pkey on sbtest7  (cost=0.43..358.36 rows=93 width=121)
	              Index Cond: ((id >= 7086085) AND (id <= 7086184))

table 8 : explain SELECT DISTINCT c FROM sbtest8 WHERE id BETWEEN 2716002 AND 2716101 ORDER BY c
	Unique  (cost=390.96..391.46 rows=100 width=121)
	  ->  Sort  (cost=390.96..391.21 rows=100 width=121)
	        Sort Key: c
	        ->  Index Scan using sbtest8_pkey on sbtest8  (cost=0.43..387.64 rows=100 width=121)
	              Index Cond: ((id >= 2716002) AND (id <= 2716101))

for: distinct_ranges
table 1 : explain SELECT DISTINCT c FROM sbtest1 WHERE id BETWEEN 1798443 AND 1798542 ORDER BY c
	Unique  (cost=414.77..415.31 rows=107 width=121)
	  ->  Sort  (cost=414.77..415.04 rows=107 width=121)
	        Sort Key: c
	        ->  Index Scan using sbtest1_pkey on sbtest1  (cost=0.43..411.17 rows=107 width=121)
	              Index Cond: ((id >= 1798443) AND (id <= 1798542))

table 2 : explain SELECT DISTINCT c FROM sbtest2 WHERE id BETWEEN 8271769 AND 8271868 ORDER BY c
	Unique  (cost=363.37..363.84 rows=93 width=121)
	  ->  Sort  (cost=363.37..363.60 rows=93 width=121)
	        Sort Key: c
	        ->  Index Scan using sbtest2_pkey on sbtest2  (cost=0.43..360.33 rows=93 width=121)
	              Index Cond: ((id >= 8271769) AND (id <= 8271868))

table 3 : explain SELECT DISTINCT c FROM sbtest3 WHERE id BETWEEN 2008870 AND 2008969 ORDER BY c
	Unique  (cost=369.81..370.28 rows=95 width=121)
	  ->  Sort  (cost=369.81..370.04 rows=95 width=121)
	        Sort Key: c
	        ->  Index Scan using sbtest3_pkey on sbtest3  (cost=0.43..366.69 rows=95 width=121)
	              Index Cond: ((id >= 2008870) AND (id <= 2008969))

table 4 : explain SELECT DISTINCT c FROM sbtest4 WHERE id BETWEEN 8543977 AND 8544076 ORDER BY c
	Unique  (cost=375.35..375.83 rows=96 width=121)
	  ->  Sort  (cost=375.35..375.59 rows=96 width=121)
	        Sort Key: c
	        ->  Index Scan using sbtest4_pkey on sbtest4  (cost=0.43..372.19 rows=96 width=121)
	              Index Cond: ((id >= 8543977) AND (id <= 8544076))

table 5 : explain SELECT DISTINCT c FROM sbtest5 WHERE id BETWEEN 9566015 AND 9566114 ORDER BY c
	Unique  (cost=415.98..416.51 rows=106 width=121)
	  ->  Sort  (cost=415.98..416.24 rows=106 width=121)
	        Sort Key: c
	        ->  Index Scan using sbtest5_pkey on sbtest5  (cost=0.43..412.41 rows=106 width=121)
	              Index Cond: ((id >= 9566015) AND (id <= 9566114))

table 6 : explain SELECT DISTINCT c FROM sbtest6 WHERE id BETWEEN 9662067 AND 9662166 ORDER BY c
	Unique  (cost=436.95..437.51 rows=112 width=121)
	  ->  Sort  (cost=436.95..437.23 rows=112 width=121)
	        Sort Key: c
	        ->  Index Scan using sbtest6_pkey on sbtest6  (cost=0.43..433.13 rows=112 width=121)
	              Index Cond: ((id >= 9662067) AND (id <= 9662166))

table 7 : explain SELECT DISTINCT c FROM sbtest7 WHERE id BETWEEN 1318816 AND 1318915 ORDER BY c
	Unique  (cost=392.13..392.63 rows=101 width=121)
	  ->  Sort  (cost=392.13..392.38 rows=101 width=121)
	        Sort Key: c
	        ->  Index Scan using sbtest7_pkey on sbtest7  (cost=0.43..388.77 rows=101 width=121)
	              Index Cond: ((id >= 1318816) AND (id <= 1318915))

table 8 : explain SELECT DISTINCT c FROM sbtest8 WHERE id BETWEEN 3850853 AND 3850952 ORDER BY c
	Unique  (cost=421.92..422.46 rows=108 width=121)
	  ->  Sort  (cost=421.92..422.19 rows=108 width=121)
	        Sort Key: c
	        ->  Index Scan using sbtest8_pkey on sbtest8  (cost=0.43..418.27 rows=108 width=121)
	              Index Cond: ((id >= 3850853) AND (id <= 3850952))

for index_updates
table 1 : explain UPDATE sbtest1 SET k=k+1 WHERE id=9304092
	Update on sbtest1  (cost=0.43..8.46 rows=0 width=0)
	  ->  Index Scan using sbtest1_pkey on sbtest1  (cost=0.43..8.46 rows=1 width=10)
	        Index Cond: (id = 9304092)

table 2 : explain UPDATE sbtest2 SET k=k+1 WHERE id=6196980
	Update on sbtest2  (cost=0.43..8.46 rows=0 width=0)
	  ->  Index Scan using sbtest2_pkey on sbtest2  (cost=0.43..8.46 rows=1 width=10)
	        Index Cond: (id = 6196980)

table 3 : explain UPDATE sbtest3 SET k=k+1 WHERE id=6295717
	Update on sbtest3  (cost=0.43..8.46 rows=0 width=0)
	  ->  Index Scan using sbtest3_pkey on sbtest3  (cost=0.43..8.46 rows=1 width=10)
	        Index Cond: (id = 6295717)

table 4 : explain UPDATE sbtest4 SET k=k+1 WHERE id=3225406
	Update on sbtest4  (cost=0.43..8.46 rows=0 width=0)
	  ->  Index Scan using sbtest4_pkey on sbtest4  (cost=0.43..8.46 rows=1 width=10)
	        Index Cond: (id = 3225406)

table 5 : explain UPDATE sbtest5 SET k=k+1 WHERE id=5051356
	Update on sbtest5  (cost=0.43..8.46 rows=0 width=0)
	  ->  Index Scan using sbtest5_pkey on sbtest5  (cost=0.43..8.46 rows=1 width=10)
	        Index Cond: (id = 5051356)

table 6 : explain UPDATE sbtest6 SET k=k+1 WHERE id=9376411
	Update on sbtest6  (cost=0.43..8.46 rows=0 width=0)
	  ->  Index Scan using sbtest6_pkey on sbtest6  (cost=0.43..8.46 rows=1 width=10)
	        Index Cond: (id = 9376411)

table 7 : explain UPDATE sbtest7 SET k=k+1 WHERE id=8406789
	Update on sbtest7  (cost=0.43..8.46 rows=0 width=0)
	  ->  Index Scan using sbtest7_pkey on sbtest7  (cost=0.43..8.46 rows=1 width=10)
	        Index Cond: (id = 8406789)

table 8 : explain UPDATE sbtest8 SET k=k+1 WHERE id=8735124
	Update on sbtest8  (cost=0.43..8.46 rows=0 width=0)
	  ->  Index Scan using sbtest8_pkey on sbtest8  (cost=0.43..8.46 rows=1 width=10)
	        Index Cond: (id = 8735124)

for point_selects
table 1 : explain SELECT c FROM sbtest1 WHERE id=9016055
	Index Scan using sbtest1_pkey on sbtest1  (cost=0.43..8.45 rows=1 width=121)
	  Index Cond: (id = 9016055)

table 2 : explain SELECT c FROM sbtest2 WHERE id=2961135
	Index Scan using sbtest2_pkey on sbtest2  (cost=0.43..8.45 rows=1 width=121)
	  Index Cond: (id = 2961135)

table 3 : explain SELECT c FROM sbtest3 WHERE id=2713156
	Index Scan using sbtest3_pkey on sbtest3  (cost=0.43..8.45 rows=1 width=121)
	  Index Cond: (id = 2713156)

table 4 : explain SELECT c FROM sbtest4 WHERE id=5064682
	Index Scan using sbtest4_pkey on sbtest4  (cost=0.43..8.45 rows=1 width=121)
	  Index Cond: (id = 5064682)

table 5 : explain SELECT c FROM sbtest5 WHERE id=2937423
	Index Scan using sbtest5_pkey on sbtest5  (cost=0.43..8.45 rows=1 width=121)
	  Index Cond: (id = 2937423)

table 6 : explain SELECT c FROM sbtest6 WHERE id=5212161
	Index Scan using sbtest6_pkey on sbtest6  (cost=0.43..8.45 rows=1 width=121)
	  Index Cond: (id = 5212161)

table 7 : explain SELECT c FROM sbtest7 WHERE id=6835588
	Index Scan using sbtest7_pkey on sbtest7  (cost=0.43..8.45 rows=1 width=121)
	  Index Cond: (id = 6835588)

table 8 : explain SELECT c FROM sbtest8 WHERE id=9869647
	Index Scan using sbtest8_pkey on sbtest8  (cost=0.43..8.45 rows=1 width=121)
	  Index Cond: (id = 9869647)

explain: for inserts :: explain INSERT INTO sbtest%u (id, k, c, pad) VALUES (%u, 13, 'foobar', 'foobar')
explain: for deletes :: explain DELETE FROM sbtest%u WHERE id=%u
for deletes
table 1 : explain DELETE FROM sbtest1 WHERE id=16282
	Delete on sbtest1  (cost=0.43..8.45 rows=0 width=0)
	  ->  Index Scan using sbtest1_pkey on sbtest1  (cost=0.43..8.45 rows=1 width=6)
	        Index Cond: (id = 16282)

table 2 : explain DELETE FROM sbtest2 WHERE id=7665427
	Delete on sbtest2  (cost=0.43..8.45 rows=0 width=0)
	  ->  Index Scan using sbtest2_pkey on sbtest2  (cost=0.43..8.45 rows=1 width=6)
	        Index Cond: (id = 7665427)

table 3 : explain DELETE FROM sbtest3 WHERE id=5080383
	Delete on sbtest3  (cost=0.43..8.45 rows=0 width=0)
	  ->  Index Scan using sbtest3_pkey on sbtest3  (cost=0.43..8.45 rows=1 width=6)
	        Index Cond: (id = 5080383)

table 4 : explain DELETE FROM sbtest4 WHERE id=8070572
	Delete on sbtest4  (cost=0.43..8.45 rows=0 width=0)
	  ->  Index Scan using sbtest4_pkey on sbtest4  (cost=0.43..8.45 rows=1 width=6)
	        Index Cond: (id = 8070572)

table 5 : explain DELETE FROM sbtest5 WHERE id=2120437
	Delete on sbtest5  (cost=0.43..8.45 rows=0 width=0)
	  ->  Index Scan using sbtest5_pkey on sbtest5  (cost=0.43..8.45 rows=1 width=6)
	        Index Cond: (id = 2120437)

table 6 : explain DELETE FROM sbtest6 WHERE id=3890883
	Delete on sbtest6  (cost=0.43..8.45 rows=0 width=0)
	  ->  Index Scan using sbtest6_pkey on sbtest6  (cost=0.43..8.45 rows=1 width=6)
	        Index Cond: (id = 3890883)

table 7 : explain DELETE FROM sbtest7 WHERE id=7437595
	Delete on sbtest7  (cost=0.43..8.45 rows=0 width=0)
	  ->  Index Scan using sbtest7_pkey on sbtest7  (cost=0.43..8.45 rows=1 width=6)
	        Index Cond: (id = 7437595)

table 8 : explain DELETE FROM sbtest8 WHERE id=1721409
	Delete on sbtest8  (cost=0.43..8.45 rows=0 width=0)
	  ->  Index Scan using sbtest8_pkey on sbtest8  (cost=0.43..8.45 rows=1 width=6)
	        Index Cond: (id = 1721409)

explain: for inserts :: explain INSERT INTO sbtest%u (id, k, c, pad) VALUES (%u, 13, 'foobar', 'foobar')
for deletes
table 1 : explain DELETE FROM sbtest1 WHERE id=1562681
	Delete on sbtest1  (cost=0.43..8.45 rows=0 width=0)
	  ->  Index Scan using sbtest1_pkey on sbtest1  (cost=0.43..8.45 rows=1 width=6)
	        Index Cond: (id = 1562681)

table 2 : explain DELETE FROM sbtest2 WHERE id=4494242
	Delete on sbtest2  (cost=0.43..8.45 rows=0 width=0)
	  ->  Index Scan using sbtest2_pkey on sbtest2  (cost=0.43..8.45 rows=1 width=6)
	        Index Cond: (id = 4494242)

table 3 : explain DELETE FROM sbtest3 WHERE id=1230232
	Delete on sbtest3  (cost=0.43..8.45 rows=0 width=0)
	  ->  Index Scan using sbtest3_pkey on sbtest3  (cost=0.43..8.45 rows=1 width=6)
	        Index Cond: (id = 1230232)

table 4 : explain DELETE FROM sbtest4 WHERE id=8749576
	Delete on sbtest4  (cost=0.43..8.45 rows=0 width=0)
	  ->  Index Scan using sbtest4_pkey on sbtest4  (cost=0.43..8.45 rows=1 width=6)
	        Index Cond: (id = 8749576)

table 5 : explain DELETE FROM sbtest5 WHERE id=8127966
	Delete on sbtest5  (cost=0.43..8.45 rows=0 width=0)
	  ->  Index Scan using sbtest5_pkey on sbtest5  (cost=0.43..8.45 rows=1 width=6)
	        Index Cond: (id = 8127966)

table 6 : explain DELETE FROM sbtest6 WHERE id=6701053
	Delete on sbtest6  (cost=0.43..8.45 rows=0 width=0)
	  ->  Index Scan using sbtest6_pkey on sbtest6  (cost=0.43..8.45 rows=1 width=6)
	        Index Cond: (id = 6701053)

table 7 : explain DELETE FROM sbtest7 WHERE id=6631764
	Delete on sbtest7  (cost=0.43..8.45 rows=0 width=0)
	  ->  Index Scan using sbtest7_pkey on sbtest7  (cost=0.43..8.45 rows=1 width=6)
	        Index Cond: (id = 6631764)

table 8 : explain DELETE FROM sbtest8 WHERE id=980932
	Delete on sbtest8  (cost=0.43..8.45 rows=0 width=0)
	  ->  Index Scan using sbtest8_pkey on sbtest8  (cost=0.43..8.45 rows=1 width=6)
	        Index Cond: (id = 980932)

explain: for non_index_updates :: explain UPDATE sbtest%u SET c='foobar' WHERE id=%u
explain: for index_updates :: explain UPDATE sbtest%u SET k=k+1 WHERE id=%u
for inserts
table 1 : explain INSERT INTO sbtest1 (id, k, c, pad) VALUES (1419590, 13, 'foobar', 'foobar')
	Insert on sbtest1  (cost=0.00..0.01 rows=0 width=0)
	  ->  Result  (cost=0.00..0.01 rows=1 width=736)

table 2 : explain INSERT INTO sbtest2 (id, k, c, pad) VALUES (3279509, 13, 'foobar', 'foobar')
	Insert on sbtest2  (cost=0.00..0.01 rows=0 width=0)
	  ->  Result  (cost=0.00..0.01 rows=1 width=736)

table 3 : explain INSERT INTO sbtest3 (id, k, c, pad) VALUES (7496012, 13, 'foobar', 'foobar')
	Insert on sbtest3  (cost=0.00..0.01 rows=0 width=0)
	  ->  Result  (cost=0.00..0.01 rows=1 width=736)

table 4 : explain INSERT INTO sbtest4 (id, k, c, pad) VALUES (597409, 13, 'foobar', 'foobar')
	Insert on sbtest4  (cost=0.00..0.01 rows=0 width=0)
	  ->  Result  (cost=0.00..0.01 rows=1 width=736)

table 5 : explain INSERT INTO sbtest5 (id, k, c, pad) VALUES (6573507, 13, 'foobar', 'foobar')
	Insert on sbtest5  (cost=0.00..0.01 rows=0 width=0)
	  ->  Result  (cost=0.00..0.01 rows=1 width=736)

table 6 : explain INSERT INTO sbtest6 (id, k, c, pad) VALUES (8450779, 13, 'foobar', 'foobar')
	Insert on sbtest6  (cost=0.00..0.01 rows=0 width=0)
	  ->  Result  (cost=0.00..0.01 rows=1 width=736)

table 7 : explain INSERT INTO sbtest7 (id, k, c, pad) VALUES (2207683, 13, 'foobar', 'foobar')
	Insert on sbtest7  (cost=0.00..0.01 rows=0 width=0)
	  ->  Result  (cost=0.00..0.01 rows=1 width=736)

table 8 : explain INSERT INTO sbtest8 (id, k, c, pad) VALUES (4397898, 13, 'foobar', 'foobar')
	Insert on sbtest8  (cost=0.00..0.01 rows=0 width=0)
	  ->  Result  (cost=0.00..0.01 rows=1 width=736)

explain: for index_updates :: explain UPDATE sbtest%u SET k=k+1 WHERE id=%u
for deletes
table 1 : explain DELETE FROM sbtest1 WHERE id=897117
	Delete on sbtest1  (cost=0.43..8.45 rows=0 width=0)
	  ->  Index Scan using sbtest1_pkey on sbtest1  (cost=0.43..8.45 rows=1 width=6)
	        Index Cond: (id = 897117)

table 2 : explain DELETE FROM sbtest2 WHERE id=8412618
	Delete on sbtest2  (cost=0.43..8.45 rows=0 width=0)
	  ->  Index Scan using sbtest2_pkey on sbtest2  (cost=0.43..8.45 rows=1 width=6)
	        Index Cond: (id = 8412618)

table 3 : explain DELETE FROM sbtest3 WHERE id=2935528
	Delete on sbtest3  (cost=0.43..8.45 rows=0 width=0)
	  ->  Index Scan using sbtest3_pkey on sbtest3  (cost=0.43..8.45 rows=1 width=6)
	        Index Cond: (id = 2935528)

table 4 : explain DELETE FROM sbtest4 WHERE id=6957750
	Delete on sbtest4  (cost=0.43..8.45 rows=0 width=0)
	  ->  Index Scan using sbtest4_pkey on sbtest4  (cost=0.43..8.45 rows=1 width=6)
	        Index Cond: (id = 6957750)

table 5 : explain DELETE FROM sbtest5 WHERE id=6982985
	Delete on sbtest5  (cost=0.43..8.45 rows=0 width=0)
	  ->  Index Scan using sbtest5_pkey on sbtest5  (cost=0.43..8.45 rows=1 width=6)
	        Index Cond: (id = 6982985)

table 6 : explain DELETE FROM sbtest6 WHERE id=7558333
	Delete on sbtest6  (cost=0.43..8.45 rows=0 width=0)
	  ->  Index Scan using sbtest6_pkey on sbtest6  (cost=0.43..8.45 rows=1 width=6)
	        Index Cond: (id = 7558333)

table 7 : explain DELETE FROM sbtest7 WHERE id=4376940
	Delete on sbtest7  (cost=0.43..8.45 rows=0 width=0)
	  ->  Index Scan using sbtest7_pkey on sbtest7  (cost=0.43..8.45 rows=1 width=6)
	        Index Cond: (id = 4376940)

table 8 : explain DELETE FROM sbtest8 WHERE id=1356779
	Delete on sbtest8  (cost=0.43..8.45 rows=0 width=0)
	  ->  Index Scan using sbtest8_pkey on sbtest8  (cost=0.43..8.45 rows=1 width=6)
	        Index Cond: (id = 1356779)

for inserts
table 1 : explain INSERT INTO sbtest1 (id, k, c, pad) VALUES (5216186, 13, 'foobar', 'foobar')
	Insert on sbtest1  (cost=0.00..0.01 rows=0 width=0)
	  ->  Result  (cost=0.00..0.01 rows=1 width=736)

table 2 : explain INSERT INTO sbtest2 (id, k, c, pad) VALUES (6698556, 13, 'foobar', 'foobar')
	Insert on sbtest2  (cost=0.00..0.01 rows=0 width=0)
	  ->  Result  (cost=0.00..0.01 rows=1 width=736)

table 3 : explain INSERT INTO sbtest3 (id, k, c, pad) VALUES (1134743, 13, 'foobar', 'foobar')
	Insert on sbtest3  (cost=0.00..0.01 rows=0 width=0)
	  ->  Result  (cost=0.00..0.01 rows=1 width=736)

table 4 : explain INSERT INTO sbtest4 (id, k, c, pad) VALUES (9525633, 13, 'foobar', 'foobar')
	Insert on sbtest4  (cost=0.00..0.01 rows=0 width=0)
	  ->  Result  (cost=0.00..0.01 rows=1 width=736)

table 5 : explain INSERT INTO sbtest5 (id, k, c, pad) VALUES (836296, 13, 'foobar', 'foobar')
	Insert on sbtest5  (cost=0.00..0.01 rows=0 width=0)
	  ->  Result  (cost=0.00..0.01 rows=1 width=736)

table 6 : explain INSERT INTO sbtest6 (id, k, c, pad) VALUES (6915035, 13, 'foobar', 'foobar')
	Insert on sbtest6  (cost=0.00..0.01 rows=0 width=0)
	  ->  Result  (cost=0.00..0.01 rows=1 width=736)

table 7 : explain INSERT INTO sbtest7 (id, k, c, pad) VALUES (4036655, 13, 'foobar', 'foobar')
	Insert on sbtest7  (cost=0.00..0.01 rows=0 width=0)
	  ->  Result  (cost=0.00..0.01 rows=1 width=736)

table 8 : explain INSERT INTO sbtest8 (id, k, c, pad) VALUES (9022628, 13, 'foobar', 'foobar')
	Insert on sbtest8  (cost=0.00..0.01 rows=0 width=0)
	  ->  Result  (cost=0.00..0.01 rows=1 width=736)

explain: for inserts :: explain INSERT INTO sbtest%u (id, k, c, pad) VALUES (%u, 13, 'foobar', 'foobar')
for non_index_updates
table 1 : explain UPDATE sbtest1 SET c='foobar' WHERE id=2342698
	Update on sbtest1  (cost=0.43..8.45 rows=0 width=0)
	  ->  Index Scan using sbtest1_pkey on sbtest1  (cost=0.43..8.45 rows=1 width=490)
	        Index Cond: (id = 2342698)

table 2 : explain UPDATE sbtest2 SET c='foobar' WHERE id=9375415
	Update on sbtest2  (cost=0.43..8.45 rows=0 width=0)
	  ->  Index Scan using sbtest2_pkey on sbtest2  (cost=0.43..8.45 rows=1 width=490)
	        Index Cond: (id = 9375415)

table 3 : explain UPDATE sbtest3 SET c='foobar' WHERE id=2187465
	Update on sbtest3  (cost=0.43..8.45 rows=0 width=0)
	  ->  Index Scan using sbtest3_pkey on sbtest3  (cost=0.43..8.45 rows=1 width=490)
	        Index Cond: (id = 2187465)

table 4 : explain UPDATE sbtest4 SET c='foobar' WHERE id=1735998
	Update on sbtest4  (cost=0.43..8.45 rows=0 width=0)
	  ->  Index Scan using sbtest4_pkey on sbtest4  (cost=0.43..8.45 rows=1 width=490)
	        Index Cond: (id = 1735998)

table 5 : explain UPDATE sbtest5 SET c='foobar' WHERE id=2886942
	Update on sbtest5  (cost=0.43..8.45 rows=0 width=0)
	  ->  Index Scan using sbtest5_pkey on sbtest5  (cost=0.43..8.45 rows=1 width=490)
	        Index Cond: (id = 2886942)

table 6 : explain UPDATE sbtest6 SET c='foobar' WHERE id=4307861
	Update on sbtest6  (cost=0.43..8.45 rows=0 width=0)
	  ->  Index Scan using sbtest6_pkey on sbtest6  (cost=0.43..8.45 rows=1 width=490)
	        Index Cond: (id = 4307861)

table 7 : explain UPDATE sbtest7 SET c='foobar' WHERE id=1471015
	Update on sbtest7  (cost=0.43..8.45 rows=0 width=0)
	  ->  Index Scan using sbtest7_pkey on sbtest7  (cost=0.43..8.45 rows=1 width=490)
	        Index Cond: (id = 1471015)

table 8 : explain UPDATE sbtest8 SET c='foobar' WHERE id=8228057
	Update on sbtest8  (cost=0.43..8.45 rows=0 width=0)
	  ->  Index Scan using sbtest8_pkey on sbtest8  (cost=0.43..8.45 rows=1 width=490)
	        Index Cond: (id = 8228057)

explain: for inserts :: explain INSERT INTO sbtest%u (id, k, c, pad) VALUES (%u, 13, 'foobar', 'foobar')
for: simple_ranges
table 1 : explain SELECT c FROM sbtest1 WHERE id BETWEEN 4830817 AND 4830916
	Index Scan using sbtest1_pkey on sbtest1  (cost=0.43..376.99 rows=98 width=121)
	  Index Cond: ((id >= 4830817) AND (id <= 4830916))

table 2 : explain SELECT c FROM sbtest2 WHERE id BETWEEN 566387 AND 566486
	Index Scan using sbtest2_pkey on sbtest2  (cost=0.43..356.51 rows=92 width=121)
	  Index Cond: ((id >= 566387) AND (id <= 566486))

table 3 : explain SELECT c FROM sbtest3 WHERE id BETWEEN 611315 AND 611414
	Index Scan using sbtest3_pkey on sbtest3  (cost=0.43..378.11 rows=98 width=121)
	  Index Cond: ((id >= 611315) AND (id <= 611414))

table 4 : explain SELECT c FROM sbtest4 WHERE id BETWEEN 321274 AND 321373
	Index Scan using sbtest4_pkey on sbtest4  (cost=0.43..364.54 rows=94 width=121)
	  Index Cond: ((id >= 321274) AND (id <= 321373))

table 5 : explain SELECT c FROM sbtest5 WHERE id BETWEEN 6551530 AND 6551629
	Index Scan using sbtest5_pkey on sbtest5  (cost=0.43..385.49 rows=99 width=121)
	  Index Cond: ((id >= 6551530) AND (id <= 6551629))

table 6 : explain SELECT c FROM sbtest6 WHERE id BETWEEN 8053251 AND 8053350
	Index Scan using sbtest6_pkey on sbtest6  (cost=0.43..414.01 rows=107 width=121)
	  Index Cond: ((id >= 8053251) AND (id <= 8053350))

table 7 : explain SELECT c FROM sbtest7 WHERE id BETWEEN 1364106 AND 1364205
	Index Scan using sbtest7_pkey on sbtest7  (cost=0.43..388.77 rows=101 width=121)
	  Index Cond: ((id >= 1364106) AND (id <= 1364205))

table 8 : explain SELECT c FROM sbtest8 WHERE id BETWEEN 7462585 AND 7462684
	Index Scan using sbtest8_pkey on sbtest8  (cost=0.43..387.64 rows=100 width=121)
	  Index Cond: ((id >= 7462585) AND (id <= 7462684))

for index_updates
table 1 : explain UPDATE sbtest1 SET k=k+1 WHERE id=9020265
	Update on sbtest1  (cost=0.43..8.46 rows=0 width=0)
	  ->  Index Scan using sbtest1_pkey on sbtest1  (cost=0.43..8.46 rows=1 width=10)
	        Index Cond: (id = 9020265)

table 2 : explain UPDATE sbtest2 SET k=k+1 WHERE id=8767767
	Update on sbtest2  (cost=0.43..8.46 rows=0 width=0)
	  ->  Index Scan using sbtest2_pkey on sbtest2  (cost=0.43..8.46 rows=1 width=10)
	        Index Cond: (id = 8767767)

table 3 : explain UPDATE sbtest3 SET k=k+1 WHERE id=7514665
	Update on sbtest3  (cost=0.43..8.46 rows=0 width=0)
	  ->  Index Scan using sbtest3_pkey on sbtest3  (cost=0.43..8.46 rows=1 width=10)
	        Index Cond: (id = 7514665)

table 4 : explain UPDATE sbtest4 SET k=k+1 WHERE id=6039688
	Update on sbtest4  (cost=0.43..8.46 rows=0 width=0)
	  ->  Index Scan using sbtest4_pkey on sbtest4  (cost=0.43..8.46 rows=1 width=10)
	        Index Cond: (id = 6039688)

table 5 : explain UPDATE sbtest5 SET k=k+1 WHERE id=6995423
	Update on sbtest5  (cost=0.43..8.46 rows=0 width=0)
	  ->  Index Scan using sbtest5_pkey on sbtest5  (cost=0.43..8.46 rows=1 width=10)
	        Index Cond: (id = 6995423)

table 6 : explain UPDATE sbtest6 SET k=k+1 WHERE id=4011287
	Update on sbtest6  (cost=0.43..8.46 rows=0 width=0)
	  ->  Index Scan using sbtest6_pkey on sbtest6  (cost=0.43..8.46 rows=1 width=10)
	        Index Cond: (id = 4011287)

table 7 : explain UPDATE sbtest7 SET k=k+1 WHERE id=4046063
	Update on sbtest7  (cost=0.43..8.46 rows=0 width=0)
	  ->  Index Scan using sbtest7_pkey on sbtest7  (cost=0.43..8.46 rows=1 width=10)
	        Index Cond: (id = 4046063)

table 8 : explain UPDATE sbtest8 SET k=k+1 WHERE id=3421952
	Update on sbtest8  (cost=0.43..8.46 rows=0 width=0)
	  ->  Index Scan using sbtest8_pkey on sbtest8  (cost=0.43..8.46 rows=1 width=10)
	        Index Cond: (id = 3421952)

for inserts
table 1 : explain INSERT INTO sbtest1 (id, k, c, pad) VALUES (8603702, 13, 'foobar', 'foobar')
	Insert on sbtest1  (cost=0.00..0.01 rows=0 width=0)
	  ->  Result  (cost=0.00..0.01 rows=1 width=736)

table 2 : explain INSERT INTO sbtest2 (id, k, c, pad) VALUES (2286619, 13, 'foobar', 'foobar')
	Insert on sbtest2  (cost=0.00..0.01 rows=0 width=0)
	  ->  Result  (cost=0.00..0.01 rows=1 width=736)

table 3 : explain INSERT INTO sbtest3 (id, k, c, pad) VALUES (6562178, 13, 'foobar', 'foobar')
	Insert on sbtest3  (cost=0.00..0.01 rows=0 width=0)
	  ->  Result  (cost=0.00..0.01 rows=1 width=736)

table 4 : explain INSERT INTO sbtest4 (id, k, c, pad) VALUES (2021645, 13, 'foobar', 'foobar')
	Insert on sbtest4  (cost=0.00..0.01 rows=0 width=0)
	  ->  Result  (cost=0.00..0.01 rows=1 width=736)

table 5 : explain INSERT INTO sbtest5 (id, k, c, pad) VALUES (5805947, 13, 'foobar', 'foobar')
	Insert on sbtest5  (cost=0.00..0.01 rows=0 width=0)
	  ->  Result  (cost=0.00..0.01 rows=1 width=736)

table 6 : explain INSERT INTO sbtest6 (id, k, c, pad) VALUES (6012898, 13, 'foobar', 'foobar')
	Insert on sbtest6  (cost=0.00..0.01 rows=0 width=0)
	  ->  Result  (cost=0.00..0.01 rows=1 width=736)

table 7 : explain INSERT INTO sbtest7 (id, k, c, pad) VALUES (5291111, 13, 'foobar', 'foobar')
	Insert on sbtest7  (cost=0.00..0.01 rows=0 width=0)
	  ->  Result  (cost=0.00..0.01 rows=1 width=736)

table 8 : explain INSERT INTO sbtest8 (id, k, c, pad) VALUES (1507604, 13, 'foobar', 'foobar')
	Insert on sbtest8  (cost=0.00..0.01 rows=0 width=0)
	  ->  Result  (cost=0.00..0.01 rows=1 width=736)

explain: for deletes :: explain DELETE FROM sbtest%u WHERE id=%u
explain: for inserts :: explain INSERT INTO sbtest%u (id, k, c, pad) VALUES (%u, 13, 'foobar', 'foobar')
for inserts
table 1 : explain INSERT INTO sbtest1 (id, k, c, pad) VALUES (5117730, 13, 'foobar', 'foobar')
	Insert on sbtest1  (cost=0.00..0.01 rows=0 width=0)
	  ->  Result  (cost=0.00..0.01 rows=1 width=736)

table 2 : explain INSERT INTO sbtest2 (id, k, c, pad) VALUES (7553065, 13, 'foobar', 'foobar')
	Insert on sbtest2  (cost=0.00..0.01 rows=0 width=0)
	  ->  Result  (cost=0.00..0.01 rows=1 width=736)

table 3 : explain INSERT INTO sbtest3 (id, k, c, pad) VALUES (4527842, 13, 'foobar', 'foobar')
	Insert on sbtest3  (cost=0.00..0.01 rows=0 width=0)
	  ->  Result  (cost=0.00..0.01 rows=1 width=736)

table 4 : explain INSERT INTO sbtest4 (id, k, c, pad) VALUES (7441471, 13, 'foobar', 'foobar')
	Insert on sbtest4  (cost=0.00..0.01 rows=0 width=0)
	  ->  Result  (cost=0.00..0.01 rows=1 width=736)

table 5 : explain INSERT INTO sbtest5 (id, k, c, pad) VALUES (5592623, 13, 'foobar', 'foobar')
	Insert on sbtest5  (cost=0.00..0.01 rows=0 width=0)
	  ->  Result  (cost=0.00..0.01 rows=1 width=736)

table 6 : explain INSERT INTO sbtest6 (id, k, c, pad) VALUES (9363964, 13, 'foobar', 'foobar')
	Insert on sbtest6  (cost=0.00..0.01 rows=0 width=0)
	  ->  Result  (cost=0.00..0.01 rows=1 width=736)

table 7 : explain INSERT INTO sbtest7 (id, k, c, pad) VALUES (5548177, 13, 'foobar', 'foobar')
	Insert on sbtest7  (cost=0.00..0.01 rows=0 width=0)
	  ->  Result  (cost=0.00..0.01 rows=1 width=736)

table 8 : explain INSERT INTO sbtest8 (id, k, c, pad) VALUES (6465371, 13, 'foobar', 'foobar')
	Insert on sbtest8  (cost=0.00..0.01 rows=0 width=0)
	  ->  Result  (cost=0.00..0.01 rows=1 width=736)

explain: for non_index_updates :: explain UPDATE sbtest%u SET c='foobar' WHERE id=%u
for inserts
table 1 : explain INSERT INTO sbtest1 (id, k, c, pad) VALUES (1606785, 13, 'foobar', 'foobar')
	Insert on sbtest1  (cost=0.00..0.01 rows=0 width=0)
	  ->  Result  (cost=0.00..0.01 rows=1 width=736)

table 2 : explain INSERT INTO sbtest2 (id, k, c, pad) VALUES (6002352, 13, 'foobar', 'foobar')
	Insert on sbtest2  (cost=0.00..0.01 rows=0 width=0)
	  ->  Result  (cost=0.00..0.01 rows=1 width=736)

table 3 : explain INSERT INTO sbtest3 (id, k, c, pad) VALUES (2352735, 13, 'foobar', 'foobar')
	Insert on sbtest3  (cost=0.00..0.01 rows=0 width=0)
	  ->  Result  (cost=0.00..0.01 rows=1 width=736)

table 4 : explain INSERT INTO sbtest4 (id, k, c, pad) VALUES (6186563, 13, 'foobar', 'foobar')
	Insert on sbtest4  (cost=0.00..0.01 rows=0 width=0)
	  ->  Result  (cost=0.00..0.01 rows=1 width=736)

table 5 : explain INSERT INTO sbtest5 (id, k, c, pad) VALUES (309651, 13, 'foobar', 'foobar')
	Insert on sbtest5  (cost=0.00..0.01 rows=0 width=0)
	  ->  Result  (cost=0.00..0.01 rows=1 width=736)

table 6 : explain INSERT INTO sbtest6 (id, k, c, pad) VALUES (5756591, 13, 'foobar', 'foobar')
	Insert on sbtest6  (cost=0.00..0.01 rows=0 width=0)
	  ->  Result  (cost=0.00..0.01 rows=1 width=736)

table 7 : explain INSERT INTO sbtest7 (id, k, c, pad) VALUES (4200434, 13, 'foobar', 'foobar')
	Insert on sbtest7  (cost=0.00..0.01 rows=0 width=0)
	  ->  Result  (cost=0.00..0.01 rows=1 width=736)

table 8 : explain INSERT INTO sbtest8 (id, k, c, pad) VALUES (8326874, 13, 'foobar', 'foobar')
	Insert on sbtest8  (cost=0.00..0.01 rows=0 width=0)
	  ->  Result  (cost=0.00..0.01 rows=1 width=736)

for index_updates
table 1 : explain UPDATE sbtest1 SET k=k+1 WHERE id=3744022
	Update on sbtest1  (cost=0.43..8.46 rows=0 width=0)
	  ->  Index Scan using sbtest1_pkey on sbtest1  (cost=0.43..8.46 rows=1 width=10)
	        Index Cond: (id = 3744022)

table 2 : explain UPDATE sbtest2 SET k=k+1 WHERE id=5176095
	Update on sbtest2  (cost=0.43..8.46 rows=0 width=0)
	  ->  Index Scan using sbtest2_pkey on sbtest2  (cost=0.43..8.46 rows=1 width=10)
	        Index Cond: (id = 5176095)

table 3 : explain UPDATE sbtest3 SET k=k+1 WHERE id=840547
	Update on sbtest3  (cost=0.43..8.46 rows=0 width=0)
	  ->  Index Scan using sbtest3_pkey on sbtest3  (cost=0.43..8.46 rows=1 width=10)
	        Index Cond: (id = 840547)

table 4 : explain UPDATE sbtest4 SET k=k+1 WHERE id=8974299
	Update on sbtest4  (cost=0.43..8.46 rows=0 width=0)
	  ->  Index Scan using sbtest4_pkey on sbtest4  (cost=0.43..8.46 rows=1 width=10)
	        Index Cond: (id = 8974299)

table 5 : explain UPDATE sbtest5 SET k=k+1 WHERE id=4222841
	Update on sbtest5  (cost=0.43..8.46 rows=0 width=0)
	  ->  Index Scan using sbtest5_pkey on sbtest5  (cost=0.43..8.46 rows=1 width=10)
	        Index Cond: (id = 4222841)

table 6 : explain UPDATE sbtest6 SET k=k+1 WHERE id=9239416
	Update on sbtest6  (cost=0.43..8.46 rows=0 width=0)
	  ->  Index Scan using sbtest6_pkey on sbtest6  (cost=0.43..8.46 rows=1 width=10)
	        Index Cond: (id = 9239416)

table 7 : explain UPDATE sbtest7 SET k=k+1 WHERE id=1198582
	Update on sbtest7  (cost=0.43..8.46 rows=0 width=0)
	  ->  Index Scan using sbtest7_pkey on sbtest7  (cost=0.43..8.46 rows=1 width=10)
	        Index Cond: (id = 1198582)

table 8 : explain UPDATE sbtest8 SET k=k+1 WHERE id=559005
	Update on sbtest8  (cost=0.43..8.46 rows=0 width=0)
	  ->  Index Scan using sbtest8_pkey on sbtest8  (cost=0.43..8.46 rows=1 width=10)
	        Index Cond: (id = 559005)

for deletes
table 1 : explain DELETE FROM sbtest1 WHERE id=4478013
	Delete on sbtest1  (cost=0.43..8.45 rows=0 width=0)
	  ->  Index Scan using sbtest1_pkey on sbtest1  (cost=0.43..8.45 rows=1 width=6)
	        Index Cond: (id = 4478013)

table 2 : explain DELETE FROM sbtest2 WHERE id=9589755
	Delete on sbtest2  (cost=0.43..8.45 rows=0 width=0)
	  ->  Index Scan using sbtest2_pkey on sbtest2  (cost=0.43..8.45 rows=1 width=6)
	        Index Cond: (id = 9589755)

table 3 : explain DELETE FROM sbtest3 WHERE id=5133490
	Delete on sbtest3  (cost=0.43..8.45 rows=0 width=0)
	  ->  Index Scan using sbtest3_pkey on sbtest3  (cost=0.43..8.45 rows=1 width=6)
	        Index Cond: (id = 5133490)

table 4 : explain DELETE FROM sbtest4 WHERE id=5422110
	Delete on sbtest4  (cost=0.43..8.45 rows=0 width=0)
	  ->  Index Scan using sbtest4_pkey on sbtest4  (cost=0.43..8.45 rows=1 width=6)
	        Index Cond: (id = 5422110)

table 5 : explain DELETE FROM sbtest5 WHERE id=4188357
	Delete on sbtest5  (cost=0.43..8.45 rows=0 width=0)
	  ->  Index Scan using sbtest5_pkey on sbtest5  (cost=0.43..8.45 rows=1 width=6)
	        Index Cond: (id = 4188357)

table 6 : explain DELETE FROM sbtest6 WHERE id=7424811
	Delete on sbtest6  (cost=0.43..8.45 rows=0 width=0)
	  ->  Index Scan using sbtest6_pkey on sbtest6  (cost=0.43..8.45 rows=1 width=6)
	        Index Cond: (id = 7424811)

table 7 : explain DELETE FROM sbtest7 WHERE id=1795141
	Delete on sbtest7  (cost=0.43..8.45 rows=0 width=0)
	  ->  Index Scan using sbtest7_pkey on sbtest7  (cost=0.43..8.45 rows=1 width=6)
	        Index Cond: (id = 1795141)

table 8 : explain DELETE FROM sbtest8 WHERE id=2084554
	Delete on sbtest8  (cost=0.43..8.45 rows=0 width=0)
	  ->  Index Scan using sbtest8_pkey on sbtest8  (cost=0.43..8.45 rows=1 width=6)
	        Index Cond: (id = 2084554)

for non_index_updates
table 1 : explain UPDATE sbtest1 SET c='foobar' WHERE id=7965283
	Update on sbtest1  (cost=0.43..8.45 rows=0 width=0)
	  ->  Index Scan using sbtest1_pkey on sbtest1  (cost=0.43..8.45 rows=1 width=490)
	        Index Cond: (id = 7965283)

table 2 : explain UPDATE sbtest2 SET c='foobar' WHERE id=1445301
	Update on sbtest2  (cost=0.43..8.45 rows=0 width=0)
	  ->  Index Scan using sbtest2_pkey on sbtest2  (cost=0.43..8.45 rows=1 width=490)
	        Index Cond: (id = 1445301)

table 3 : explain UPDATE sbtest3 SET c='foobar' WHERE id=5744290
	Update on sbtest3  (cost=0.43..8.45 rows=0 width=0)
	  ->  Index Scan using sbtest3_pkey on sbtest3  (cost=0.43..8.45 rows=1 width=490)
	        Index Cond: (id = 5744290)

table 4 : explain UPDATE sbtest4 SET c='foobar' WHERE id=7350384
	Update on sbtest4  (cost=0.43..8.45 rows=0 width=0)
	  ->  Index Scan using sbtest4_pkey on sbtest4  (cost=0.43..8.45 rows=1 width=490)
	        Index Cond: (id = 7350384)

table 5 : explain UPDATE sbtest5 SET c='foobar' WHERE id=6560739
	Update on sbtest5  (cost=0.43..8.45 rows=0 width=0)
	  ->  Index Scan using sbtest5_pkey on sbtest5  (cost=0.43..8.45 rows=1 width=490)
	        Index Cond: (id = 6560739)

table 6 : explain UPDATE sbtest6 SET c='foobar' WHERE id=3355133
	Update on sbtest6  (cost=0.43..8.45 rows=0 width=0)
	  ->  Index Scan using sbtest6_pkey on sbtest6  (cost=0.43..8.45 rows=1 width=490)
	        Index Cond: (id = 3355133)

table 7 : explain UPDATE sbtest7 SET c='foobar' WHERE id=1465861
	Update on sbtest7  (cost=0.43..8.45 rows=0 width=0)
	  ->  Index Scan using sbtest7_pkey on sbtest7  (cost=0.43..8.45 rows=1 width=490)
	        Index Cond: (id = 1465861)

table 8 : explain UPDATE sbtest8 SET c='foobar' WHERE id=4688445
	Update on sbtest8  (cost=0.43..8.45 rows=0 width=0)
	  ->  Index Scan using sbtest8_pkey on sbtest8  (cost=0.43..8.45 rows=1 width=490)
	        Index Cond: (id = 4688445)

explain: for non_index_updates :: explain UPDATE sbtest%u SET c='foobar' WHERE id=%u
explain: for inserts :: explain INSERT INTO sbtest%u (id, k, c, pad) VALUES (%u, 13, 'foobar', 'foobar')
explain: for deletes :: explain DELETE FROM sbtest%u WHERE id=%u
for deletes
table 1 : explain DELETE FROM sbtest1 WHERE id=6493138
	Delete on sbtest1  (cost=0.43..8.45 rows=0 width=0)
	  ->  Index Scan using sbtest1_pkey on sbtest1  (cost=0.43..8.45 rows=1 width=6)
	        Index Cond: (id = 6493138)

table 2 : explain DELETE FROM sbtest2 WHERE id=2140392
	Delete on sbtest2  (cost=0.43..8.45 rows=0 width=0)
	  ->  Index Scan using sbtest2_pkey on sbtest2  (cost=0.43..8.45 rows=1 width=6)
	        Index Cond: (id = 2140392)

table 3 : explain DELETE FROM sbtest3 WHERE id=2745162
	Delete on sbtest3  (cost=0.43..8.45 rows=0 width=0)
	  ->  Index Scan using sbtest3_pkey on sbtest3  (cost=0.43..8.45 rows=1 width=6)
	        Index Cond: (id = 2745162)

table 4 : explain DELETE FROM sbtest4 WHERE id=6745132
	Delete on sbtest4  (cost=0.43..8.45 rows=0 width=0)
	  ->  Index Scan using sbtest4_pkey on sbtest4  (cost=0.43..8.45 rows=1 width=6)
	        Index Cond: (id = 6745132)

table 5 : explain DELETE FROM sbtest5 WHERE id=3877256
	Delete on sbtest5  (cost=0.43..8.45 rows=0 width=0)
	  ->  Index Scan using sbtest5_pkey on sbtest5  (cost=0.43..8.45 rows=1 width=6)
	        Index Cond: (id = 3877256)

table 6 : explain DELETE FROM sbtest6 WHERE id=6617455
	Delete on sbtest6  (cost=0.43..8.45 rows=0 width=0)
	  ->  Index Scan using sbtest6_pkey on sbtest6  (cost=0.43..8.45 rows=1 width=6)
	        Index Cond: (id = 6617455)

table 7 : explain DELETE FROM sbtest7 WHERE id=6293764
	Delete on sbtest7  (cost=0.43..8.45 rows=0 width=0)
	  ->  Index Scan using sbtest7_pkey on sbtest7  (cost=0.43..8.45 rows=1 width=6)
	        Index Cond: (id = 6293764)

table 8 : explain DELETE FROM sbtest8 WHERE id=9999232
	Delete on sbtest8  (cost=0.43..8.45 rows=0 width=0)
	  ->  Index Scan using sbtest8_pkey on sbtest8  (cost=0.43..8.45 rows=1 width=6)
	        Index Cond: (id = 9999232)

for: sum_ranges
table 1 : explain SELECT SUM(k) FROM sbtest1 WHERE id BETWEEN 505148 AND 505247
	Aggregate  (cost=354.38..354.39 rows=1 width=8)
	  ->  Index Scan using sbtest1_pkey on sbtest1  (cost=0.43..354.15 rows=92 width=4)
	        Index Cond: ((id >= 505148) AND (id <= 505247))

table 2 : explain SELECT SUM(k) FROM sbtest2 WHERE id BETWEEN 8981277 AND 8981376
	Aggregate  (cost=387.39..387.40 rows=1 width=8)
	  ->  Index Scan using sbtest2_pkey on sbtest2  (cost=0.43..387.14 rows=100 width=4)
	        Index Cond: ((id >= 8981277) AND (id <= 8981376))

table 3 : explain SELECT SUM(k) FROM sbtest3 WHERE id BETWEEN 502023 AND 502122
	Aggregate  (cost=378.36..378.37 rows=1 width=8)
	  ->  Index Scan using sbtest3_pkey on sbtest3  (cost=0.43..378.11 rows=98 width=4)
	        Index Cond: ((id >= 502023) AND (id <= 502122))

table 4 : explain SELECT SUM(k) FROM sbtest4 WHERE id BETWEEN 6050732 AND 6050831
	Aggregate  (cost=383.92..383.93 rows=1 width=8)
	  ->  Index Scan using sbtest4_pkey on sbtest4  (cost=0.43..383.67 rows=99 width=4)
	        Index Cond: ((id >= 6050732) AND (id <= 6050831))

table 5 : explain SELECT SUM(k) FROM sbtest5 WHERE id BETWEEN 9227900 AND 9227999
	Aggregate  (cost=401.13..401.14 rows=1 width=8)
	  ->  Index Scan using sbtest5_pkey on sbtest5  (cost=0.43..400.88 rows=103 width=4)
	        Index Cond: ((id >= 9227900) AND (id <= 9227999))

table 6 : explain SELECT SUM(k) FROM sbtest6 WHERE id BETWEEN 5766992 AND 5767091
	Aggregate  (cost=356.82..356.83 rows=1 width=8)
	  ->  Index Scan using sbtest6_pkey on sbtest6  (cost=0.43..356.59 rows=92 width=4)
	        Index Cond: ((id >= 5766992) AND (id <= 5767091))

table 7 : explain SELECT SUM(k) FROM sbtest7 WHERE id BETWEEN 5900859 AND 5900958
	Aggregate  (cost=350.98..350.99 rows=1 width=8)
	  ->  Index Scan using sbtest7_pkey on sbtest7  (cost=0.43..350.75 rows=91 width=4)
	        Index Cond: ((id >= 5900859) AND (id <= 5900958))

table 8 : explain SELECT SUM(k) FROM sbtest8 WHERE id BETWEEN 8051013 AND 8051112
	Aggregate  (cost=357.19..357.20 rows=1 width=8)
	  ->  Index Scan using sbtest8_pkey on sbtest8  (cost=0.43..356.96 rows=92 width=4)
	        Index Cond: ((id >= 8051013) AND (id <= 8051112))

explain: for non_index_updates :: explain UPDATE sbtest%u SET c='foobar' WHERE id=%u
for non_index_updates
table 1 : explain UPDATE sbtest1 SET c='foobar' WHERE id=6949787
	Update on sbtest1  (cost=0.43..8.45 rows=0 width=0)
	  ->  Index Scan using sbtest1_pkey on sbtest1  (cost=0.43..8.45 rows=1 width=490)
	        Index Cond: (id = 6949787)

table 2 : explain UPDATE sbtest2 SET c='foobar' WHERE id=290027
	Update on sbtest2  (cost=0.43..8.45 rows=0 width=0)
	  ->  Index Scan using sbtest2_pkey on sbtest2  (cost=0.43..8.45 rows=1 width=490)
	        Index Cond: (id = 290027)

table 3 : explain UPDATE sbtest3 SET c='foobar' WHERE id=6426117
	Update on sbtest3  (cost=0.43..8.45 rows=0 width=0)
	  ->  Index Scan using sbtest3_pkey on sbtest3  (cost=0.43..8.45 rows=1 width=490)
	        Index Cond: (id = 6426117)

table 4 : explain UPDATE sbtest4 SET c='foobar' WHERE id=8869633
	Update on sbtest4  (cost=0.43..8.45 rows=0 width=0)
	  ->  Index Scan using sbtest4_pkey on sbtest4  (cost=0.43..8.45 rows=1 width=490)
	        Index Cond: (id = 8869633)

table 5 : explain UPDATE sbtest5 SET c='foobar' WHERE id=1043661
	Update on sbtest5  (cost=0.43..8.45 rows=0 width=0)
	  ->  Index Scan using sbtest5_pkey on sbtest5  (cost=0.43..8.45 rows=1 width=490)
	        Index Cond: (id = 1043661)

table 6 : explain UPDATE sbtest6 SET c='foobar' WHERE id=1658187
	Update on sbtest6  (cost=0.43..8.45 rows=0 width=0)
	  ->  Index Scan using sbtest6_pkey on sbtest6  (cost=0.43..8.45 rows=1 width=490)
	        Index Cond: (id = 1658187)

table 7 : explain UPDATE sbtest7 SET c='foobar' WHERE id=6337176
	Update on sbtest7  (cost=0.43..8.45 rows=0 width=0)
	  ->  Index Scan using sbtest7_pkey on sbtest7  (cost=0.43..8.45 rows=1 width=490)
	        Index Cond: (id = 6337176)

table 8 : explain UPDATE sbtest8 SET c='foobar' WHERE id=297344
	Update on sbtest8  (cost=0.43..8.45 rows=0 width=0)
	  ->  Index Scan using sbtest8_pkey on sbtest8  (cost=0.43..8.45 rows=1 width=490)
	        Index Cond: (id = 297344)

explain: for inserts :: explain INSERT INTO sbtest%u (id, k, c, pad) VALUES (%u, 13, 'foobar', 'foobar')
for non_index_updates
table 1 : explain UPDATE sbtest1 SET c='foobar' WHERE id=245764
	Update on sbtest1  (cost=0.43..8.45 rows=0 width=0)
	  ->  Index Scan using sbtest1_pkey on sbtest1  (cost=0.43..8.45 rows=1 width=490)
	        Index Cond: (id = 245764)

table 2 : explain UPDATE sbtest2 SET c='foobar' WHERE id=3884795
	Update on sbtest2  (cost=0.43..8.45 rows=0 width=0)
	  ->  Index Scan using sbtest2_pkey on sbtest2  (cost=0.43..8.45 rows=1 width=490)
	        Index Cond: (id = 3884795)

table 3 : explain UPDATE sbtest3 SET c='foobar' WHERE id=6253151
	Update on sbtest3  (cost=0.43..8.45 rows=0 width=0)
	  ->  Index Scan using sbtest3_pkey on sbtest3  (cost=0.43..8.45 rows=1 width=490)
	        Index Cond: (id = 6253151)

table 4 : explain UPDATE sbtest4 SET c='foobar' WHERE id=6562126
	Update on sbtest4  (cost=0.43..8.45 rows=0 width=0)
	  ->  Index Scan using sbtest4_pkey on sbtest4  (cost=0.43..8.45 rows=1 width=490)
	        Index Cond: (id = 6562126)

table 5 : explain UPDATE sbtest5 SET c='foobar' WHERE id=2721338
	Update on sbtest5  (cost=0.43..8.45 rows=0 width=0)
	  ->  Index Scan using sbtest5_pkey on sbtest5  (cost=0.43..8.45 rows=1 width=490)
	        Index Cond: (id = 2721338)

table 6 : explain UPDATE sbtest6 SET c='foobar' WHERE id=5960945
	Update on sbtest6  (cost=0.43..8.45 rows=0 width=0)
	  ->  Index Scan using sbtest6_pkey on sbtest6  (cost=0.43..8.45 rows=1 width=490)
	        Index Cond: (id = 5960945)

table 7 : explain UPDATE sbtest7 SET c='foobar' WHERE id=1052144
	Update on sbtest7  (cost=0.43..8.45 rows=0 width=0)
	  ->  Index Scan using sbtest7_pkey on sbtest7  (cost=0.43..8.45 rows=1 width=490)
	        Index Cond: (id = 1052144)

table 8 : explain UPDATE sbtest8 SET c='foobar' WHERE id=5891597
	Update on sbtest8  (cost=0.43..8.45 rows=0 width=0)
	  ->  Index Scan using sbtest8_pkey on sbtest8  (cost=0.43..8.45 rows=1 width=490)
	        Index Cond: (id = 5891597)

for deletes
table 1 : explain DELETE FROM sbtest1 WHERE id=5181412
	Delete on sbtest1  (cost=0.43..8.45 rows=0 width=0)
	  ->  Index Scan using sbtest1_pkey on sbtest1  (cost=0.43..8.45 rows=1 width=6)
	        Index Cond: (id = 5181412)

table 2 : explain DELETE FROM sbtest2 WHERE id=9519098
	Delete on sbtest2  (cost=0.43..8.45 rows=0 width=0)
	  ->  Index Scan using sbtest2_pkey on sbtest2  (cost=0.43..8.45 rows=1 width=6)
	        Index Cond: (id = 9519098)

table 3 : explain DELETE FROM sbtest3 WHERE id=9677338
	Delete on sbtest3  (cost=0.43..8.45 rows=0 width=0)
	  ->  Index Scan using sbtest3_pkey on sbtest3  (cost=0.43..8.45 rows=1 width=6)
	        Index Cond: (id = 9677338)

table 4 : explain DELETE FROM sbtest4 WHERE id=2289127
	Delete on sbtest4  (cost=0.43..8.45 rows=0 width=0)
	  ->  Index Scan using sbtest4_pkey on sbtest4  (cost=0.43..8.45 rows=1 width=6)
	        Index Cond: (id = 2289127)

table 5 : explain DELETE FROM sbtest5 WHERE id=7117264
	Delete on sbtest5  (cost=0.43..8.45 rows=0 width=0)
	  ->  Index Scan using sbtest5_pkey on sbtest5  (cost=0.43..8.45 rows=1 width=6)
	        Index Cond: (id = 7117264)

table 6 : explain DELETE FROM sbtest6 WHERE id=1088848
	Delete on sbtest6  (cost=0.43..8.45 rows=0 width=0)
	  ->  Index Scan using sbtest6_pkey on sbtest6  (cost=0.43..8.45 rows=1 width=6)
	        Index Cond: (id = 1088848)

table 7 : explain DELETE FROM sbtest7 WHERE id=8391542
	Delete on sbtest7  (cost=0.43..8.45 rows=0 width=0)
	  ->  Index Scan using sbtest7_pkey on sbtest7  (cost=0.43..8.45 rows=1 width=6)
	        Index Cond: (id = 8391542)

table 8 : explain DELETE FROM sbtest8 WHERE id=1113986
	Delete on sbtest8  (cost=0.43..8.45 rows=0 width=0)
	  ->  Index Scan using sbtest8_pkey on sbtest8  (cost=0.43..8.45 rows=1 width=6)
	        Index Cond: (id = 1113986)

for non_index_updates
table 1 : explain UPDATE sbtest1 SET c='foobar' WHERE id=2742629
	Update on sbtest1  (cost=0.43..8.45 rows=0 width=0)
	  ->  Index Scan using sbtest1_pkey on sbtest1  (cost=0.43..8.45 rows=1 width=490)
	        Index Cond: (id = 2742629)

table 2 : explain UPDATE sbtest2 SET c='foobar' WHERE id=126754
	Update on sbtest2  (cost=0.43..8.45 rows=0 width=0)
	  ->  Index Scan using sbtest2_pkey on sbtest2  (cost=0.43..8.45 rows=1 width=490)
	        Index Cond: (id = 126754)

table 3 : explain UPDATE sbtest3 SET c='foobar' WHERE id=9335250
	Update on sbtest3  (cost=0.43..8.45 rows=0 width=0)
	  ->  Index Scan using sbtest3_pkey on sbtest3  (cost=0.43..8.45 rows=1 width=490)
	        Index Cond: (id = 9335250)

table 4 : explain UPDATE sbtest4 SET c='foobar' WHERE id=7528499
	Update on sbtest4  (cost=0.43..8.45 rows=0 width=0)
	  ->  Index Scan using sbtest4_pkey on sbtest4  (cost=0.43..8.45 rows=1 width=490)
	        Index Cond: (id = 7528499)

table 5 : explain UPDATE sbtest5 SET c='foobar' WHERE id=2663221
	Update on sbtest5  (cost=0.43..8.45 rows=0 width=0)
	  ->  Index Scan using sbtest5_pkey on sbtest5  (cost=0.43..8.45 rows=1 width=490)
	        Index Cond: (id = 2663221)

table 6 : explain UPDATE sbtest6 SET c='foobar' WHERE id=927172
	Update on sbtest6  (cost=0.43..8.45 rows=0 width=0)
	  ->  Index Scan using sbtest6_pkey on sbtest6  (cost=0.43..8.45 rows=1 width=490)
	        Index Cond: (id = 927172)

table 7 : explain UPDATE sbtest7 SET c='foobar' WHERE id=2168901
	Update on sbtest7  (cost=0.43..8.45 rows=0 width=0)
	  ->  Index Scan using sbtest7_pkey on sbtest7  (cost=0.43..8.45 rows=1 width=490)
	        Index Cond: (id = 2168901)

table 8 : explain UPDATE sbtest8 SET c='foobar' WHERE id=7057490
	Update on sbtest8  (cost=0.43..8.45 rows=0 width=0)
	  ->  Index Scan using sbtest8_pkey on sbtest8  (cost=0.43..8.45 rows=1 width=490)
	        Index Cond: (id = 7057490)

explain: for deletes :: explain DELETE FROM sbtest%u WHERE id=%u
for inserts
table 1 : explain INSERT INTO sbtest1 (id, k, c, pad) VALUES (5213131, 13, 'foobar', 'foobar')
	Insert on sbtest1  (cost=0.00..0.01 rows=0 width=0)
	  ->  Result  (cost=0.00..0.01 rows=1 width=736)

table 2 : explain INSERT INTO sbtest2 (id, k, c, pad) VALUES (697319, 13, 'foobar', 'foobar')
	Insert on sbtest2  (cost=0.00..0.01 rows=0 width=0)
	  ->  Result  (cost=0.00..0.01 rows=1 width=736)

table 3 : explain INSERT INTO sbtest3 (id, k, c, pad) VALUES (8849007, 13, 'foobar', 'foobar')
	Insert on sbtest3  (cost=0.00..0.01 rows=0 width=0)
	  ->  Result  (cost=0.00..0.01 rows=1 width=736)

table 4 : explain INSERT INTO sbtest4 (id, k, c, pad) VALUES (3649376, 13, 'foobar', 'foobar')
	Insert on sbtest4  (cost=0.00..0.01 rows=0 width=0)
	  ->  Result  (cost=0.00..0.01 rows=1 width=736)

table 5 : explain INSERT INTO sbtest5 (id, k, c, pad) VALUES (2710699, 13, 'foobar', 'foobar')
	Insert on sbtest5  (cost=0.00..0.01 rows=0 width=0)
	  ->  Result  (cost=0.00..0.01 rows=1 width=736)

table 6 : explain INSERT INTO sbtest6 (id, k, c, pad) VALUES (8581167, 13, 'foobar', 'foobar')
	Insert on sbtest6  (cost=0.00..0.01 rows=0 width=0)
	  ->  Result  (cost=0.00..0.01 rows=1 width=736)

table 7 : explain INSERT INTO sbtest7 (id, k, c, pad) VALUES (739098, 13, 'foobar', 'foobar')
	Insert on sbtest7  (cost=0.00..0.01 rows=0 width=0)
	  ->  Result  (cost=0.00..0.01 rows=1 width=736)

table 8 : explain INSERT INTO sbtest8 (id, k, c, pad) VALUES (4341961, 13, 'foobar', 'foobar')
	Insert on sbtest8  (cost=0.00..0.01 rows=0 width=0)
	  ->  Result  (cost=0.00..0.01 rows=1 width=736)

explain: for deletes :: explain DELETE FROM sbtest%u WHERE id=%u
explain: for index_updates :: explain UPDATE sbtest%u SET k=k+1 WHERE id=%u
explain: for deletes :: explain DELETE FROM sbtest%u WHERE id=%u
for inserts
table 1 : explain INSERT INTO sbtest1 (id, k, c, pad) VALUES (9645115, 13, 'foobar', 'foobar')
	Insert on sbtest1  (cost=0.00..0.01 rows=0 width=0)
	  ->  Result  (cost=0.00..0.01 rows=1 width=736)

table 2 : explain INSERT INTO sbtest2 (id, k, c, pad) VALUES (8034472, 13, 'foobar', 'foobar')
	Insert on sbtest2  (cost=0.00..0.01 rows=0 width=0)
	  ->  Result  (cost=0.00..0.01 rows=1 width=736)

table 3 : explain INSERT INTO sbtest3 (id, k, c, pad) VALUES (3355639, 13, 'foobar', 'foobar')
	Insert on sbtest3  (cost=0.00..0.01 rows=0 width=0)
	  ->  Result  (cost=0.00..0.01 rows=1 width=736)

table 4 : explain INSERT INTO sbtest4 (id, k, c, pad) VALUES (8195816, 13, 'foobar', 'foobar')
	Insert on sbtest4  (cost=0.00..0.01 rows=0 width=0)
	  ->  Result  (cost=0.00..0.01 rows=1 width=736)

table 5 : explain INSERT INTO sbtest5 (id, k, c, pad) VALUES (263276, 13, 'foobar', 'foobar')
	Insert on sbtest5  (cost=0.00..0.01 rows=0 width=0)
	  ->  Result  (cost=0.00..0.01 rows=1 width=736)

table 6 : explain INSERT INTO sbtest6 (id, k, c, pad) VALUES (6906874, 13, 'foobar', 'foobar')
	Insert on sbtest6  (cost=0.00..0.01 rows=0 width=0)
	  ->  Result  (cost=0.00..0.01 rows=1 width=736)

table 7 : explain INSERT INTO sbtest7 (id, k, c, pad) VALUES (9415273, 13, 'foobar', 'foobar')
	Insert on sbtest7  (cost=0.00..0.01 rows=0 width=0)
	  ->  Result  (cost=0.00..0.01 rows=1 width=736)

table 8 : explain INSERT INTO sbtest8 (id, k, c, pad) VALUES (9254750, 13, 'foobar', 'foobar')
	Insert on sbtest8  (cost=0.00..0.01 rows=0 width=0)
	  ->  Result  (cost=0.00..0.01 rows=1 width=736)

explain: for inserts :: explain INSERT INTO sbtest%u (id, k, c, pad) VALUES (%u, 13, 'foobar', 'foobar')
for: order_ranges
table 1 : explain SELECT c FROM sbtest1 WHERE id BETWEEN 974717 AND 974816 ORDER BY c
	Sort  (cost=399.42..399.68 rows=103 width=121)
	  Sort Key: c
	  ->  Index Scan using sbtest1_pkey on sbtest1  (cost=0.43..395.98 rows=103 width=121)
	        Index Cond: ((id >= 974717) AND (id <= 974816))

table 2 : explain SELECT c FROM sbtest2 WHERE id BETWEEN 6865598 AND 6865697 ORDER BY c
	Sort  (cost=371.10..371.34 rows=95 width=121)
	  Sort Key: c
	  ->  Index Scan using sbtest2_pkey on sbtest2  (cost=0.43..367.98 rows=95 width=121)
	        Index Cond: ((id >= 6865598) AND (id <= 6865697))

table 3 : explain SELECT c FROM sbtest3 WHERE id BETWEEN 9458324 AND 9458423 ORDER BY c
	Sort  (cost=362.11..362.34 rows=93 width=121)
	  Sort Key: c
	  ->  Index Scan using sbtest3_pkey on sbtest3  (cost=0.43..359.07 rows=93 width=121)
	        Index Cond: ((id >= 9458324) AND (id <= 9458423))

table 4 : explain SELECT c FROM sbtest4 WHERE id BETWEEN 4566219 AND 4566318 ORDER BY c
	Sort  (cost=375.35..375.59 rows=96 width=121)
	  Sort Key: c
	  ->  Index Scan using sbtest4_pkey on sbtest4  (cost=0.43..372.19 rows=96 width=121)
	        Index Cond: ((id >= 4566219) AND (id <= 4566318))

table 5 : explain SELECT c FROM sbtest5 WHERE id BETWEEN 5915478 AND 5915577 ORDER BY c
	Sort  (cost=415.98..416.24 rows=106 width=121)
	  Sort Key: c
	  ->  Index Scan using sbtest5_pkey on sbtest5  (cost=0.43..412.41 rows=106 width=121)
	        Index Cond: ((id >= 5915478) AND (id <= 5915577))

table 6 : explain SELECT c FROM sbtest6 WHERE id BETWEEN 7556637 AND 7556736 ORDER BY c
	Sort  (cost=398.29..398.54 rows=102 width=121)
	  Sort Key: c
	  ->  Index Scan using sbtest6_pkey on sbtest6  (cost=0.43..394.89 rows=102 width=121)
	        Index Cond: ((id >= 7556637) AND (id <= 7556736))

table 7 : explain SELECT c FROM sbtest7 WHERE id BETWEEN 4276644 AND 4276743 ORDER BY c
	Sort  (cost=449.77..450.06 rows=116 width=121)
	  Sort Key: c
	  ->  Index Scan using sbtest7_pkey on sbtest7  (cost=0.43..445.79 rows=116 width=121)
	        Index Cond: ((id >= 4276644) AND (id <= 4276743))

table 8 : explain SELECT c FROM sbtest8 WHERE id BETWEEN 3848762 AND 3848861 ORDER BY c
	Sort  (cost=421.92..422.19 rows=108 width=121)
	  Sort Key: c
	  ->  Index Scan using sbtest8_pkey on sbtest8  (cost=0.43..418.27 rows=108 width=121)
	        Index Cond: ((id >= 3848762) AND (id <= 3848861))

explain: for inserts :: explain INSERT INTO sbtest%u (id, k, c, pad) VALUES (%u, 13, 'foobar', 'foobar')
for index_updates
table 1 : explain UPDATE sbtest1 SET k=k+1 WHERE id=6477544
	Update on sbtest1  (cost=0.43..8.46 rows=0 width=0)
	  ->  Index Scan using sbtest1_pkey on sbtest1  (cost=0.43..8.46 rows=1 width=10)
	        Index Cond: (id = 6477544)

table 2 : explain UPDATE sbtest2 SET k=k+1 WHERE id=4843539
	Update on sbtest2  (cost=0.43..8.46 rows=0 width=0)
	  ->  Index Scan using sbtest2_pkey on sbtest2  (cost=0.43..8.46 rows=1 width=10)
	        Index Cond: (id = 4843539)

table 3 : explain UPDATE sbtest3 SET k=k+1 WHERE id=8554216
	Update on sbtest3  (cost=0.43..8.46 rows=0 width=0)
	  ->  Index Scan using sbtest3_pkey on sbtest3  (cost=0.43..8.46 rows=1 width=10)
	        Index Cond: (id = 8554216)

table 4 : explain UPDATE sbtest4 SET k=k+1 WHERE id=7057502
	Update on sbtest4  (cost=0.43..8.46 rows=0 width=0)
	  ->  Index Scan using sbtest4_pkey on sbtest4  (cost=0.43..8.46 rows=1 width=10)
	        Index Cond: (id = 7057502)

table 5 : explain UPDATE sbtest5 SET k=k+1 WHERE id=8070378
	Update on sbtest5  (cost=0.43..8.46 rows=0 width=0)
	  ->  Index Scan using sbtest5_pkey on sbtest5  (cost=0.43..8.46 rows=1 width=10)
	        Index Cond: (id = 8070378)

table 6 : explain UPDATE sbtest6 SET k=k+1 WHERE id=5310058
	Update on sbtest6  (cost=0.43..8.46 rows=0 width=0)
	  ->  Index Scan using sbtest6_pkey on sbtest6  (cost=0.43..8.46 rows=1 width=10)
	        Index Cond: (id = 5310058)

table 7 : explain UPDATE sbtest7 SET k=k+1 WHERE id=246172
	Update on sbtest7  (cost=0.43..8.46 rows=0 width=0)
	  ->  Index Scan using sbtest7_pkey on sbtest7  (cost=0.43..8.46 rows=1 width=10)
	        Index Cond: (id = 246172)

table 8 : explain UPDATE sbtest8 SET k=k+1 WHERE id=1196921
	Update on sbtest8  (cost=0.43..8.46 rows=0 width=0)
	  ->  Index Scan using sbtest8_pkey on sbtest8  (cost=0.43..8.46 rows=1 width=10)
	        Index Cond: (id = 1196921)

for deletes
table 1 : explain DELETE FROM sbtest1 WHERE id=5625082
	Delete on sbtest1  (cost=0.43..8.45 rows=0 width=0)
	  ->  Index Scan using sbtest1_pkey on sbtest1  (cost=0.43..8.45 rows=1 width=6)
	        Index Cond: (id = 5625082)

table 2 : explain DELETE FROM sbtest2 WHERE id=407380
	Delete on sbtest2  (cost=0.43..8.45 rows=0 width=0)
	  ->  Index Scan using sbtest2_pkey on sbtest2  (cost=0.43..8.45 rows=1 width=6)
	        Index Cond: (id = 407380)

table 3 : explain DELETE FROM sbtest3 WHERE id=3785280
	Delete on sbtest3  (cost=0.43..8.45 rows=0 width=0)
	  ->  Index Scan using sbtest3_pkey on sbtest3  (cost=0.43..8.45 rows=1 width=6)
	        Index Cond: (id = 3785280)

table 4 : explain DELETE FROM sbtest4 WHERE id=4671641
	Delete on sbtest4  (cost=0.43..8.45 rows=0 width=0)
	  ->  Index Scan using sbtest4_pkey on sbtest4  (cost=0.43..8.45 rows=1 width=6)
	        Index Cond: (id = 4671641)

table 5 : explain DELETE FROM sbtest5 WHERE id=8217439
	Delete on sbtest5  (cost=0.43..8.45 rows=0 width=0)
	  ->  Index Scan using sbtest5_pkey on sbtest5  (cost=0.43..8.45 rows=1 width=6)
	        Index Cond: (id = 8217439)

table 6 : explain DELETE FROM sbtest6 WHERE id=1117464
	Delete on sbtest6  (cost=0.43..8.45 rows=0 width=0)
	  ->  Index Scan using sbtest6_pkey on sbtest6  (cost=0.43..8.45 rows=1 width=6)
	        Index Cond: (id = 1117464)

table 7 : explain DELETE FROM sbtest7 WHERE id=5799798
	Delete on sbtest7  (cost=0.43..8.45 rows=0 width=0)
	  ->  Index Scan using sbtest7_pkey on sbtest7  (cost=0.43..8.45 rows=1 width=6)
	        Index Cond: (id = 5799798)

table 8 : explain DELETE FROM sbtest8 WHERE id=9006119
	Delete on sbtest8  (cost=0.43..8.45 rows=0 width=0)
	  ->  Index Scan using sbtest8_pkey on sbtest8  (cost=0.43..8.45 rows=1 width=6)
	        Index Cond: (id = 9006119)

for deletes
table 1 : explain DELETE FROM sbtest1 WHERE id=5291780
	Delete on sbtest1  (cost=0.43..8.45 rows=0 width=0)
	  ->  Index Scan using sbtest1_pkey on sbtest1  (cost=0.43..8.45 rows=1 width=6)
	        Index Cond: (id = 5291780)

table 2 : explain DELETE FROM sbtest2 WHERE id=9516722
	Delete on sbtest2  (cost=0.43..8.45 rows=0 width=0)
	  ->  Index Scan using sbtest2_pkey on sbtest2  (cost=0.43..8.45 rows=1 width=6)
	        Index Cond: (id = 9516722)

table 3 : explain DELETE FROM sbtest3 WHERE id=2119408
	Delete on sbtest3  (cost=0.43..8.45 rows=0 width=0)
	  ->  Index Scan using sbtest3_pkey on sbtest3  (cost=0.43..8.45 rows=1 width=6)
	        Index Cond: (id = 2119408)

table 4 : explain DELETE FROM sbtest4 WHERE id=6499021
	Delete on sbtest4  (cost=0.43..8.45 rows=0 width=0)
	  ->  Index Scan using sbtest4_pkey on sbtest4  (cost=0.43..8.45 rows=1 width=6)
	        Index Cond: (id = 6499021)

table 5 : explain DELETE FROM sbtest5 WHERE id=2248705
	Delete on sbtest5  (cost=0.43..8.45 rows=0 width=0)
	  ->  Index Scan using sbtest5_pkey on sbtest5  (cost=0.43..8.45 rows=1 width=6)
	        Index Cond: (id = 2248705)

table 6 : explain DELETE FROM sbtest6 WHERE id=295657
	Delete on sbtest6  (cost=0.43..8.45 rows=0 width=0)
	  ->  Index Scan using sbtest6_pkey on sbtest6  (cost=0.43..8.45 rows=1 width=6)
	        Index Cond: (id = 295657)

table 7 : explain DELETE FROM sbtest7 WHERE id=8704700
	Delete on sbtest7  (cost=0.43..8.45 rows=0 width=0)
	  ->  Index Scan using sbtest7_pkey on sbtest7  (cost=0.43..8.45 rows=1 width=6)
	        Index Cond: (id = 8704700)

table 8 : explain DELETE FROM sbtest8 WHERE id=7922710
	Delete on sbtest8  (cost=0.43..8.45 rows=0 width=0)
	  ->  Index Scan using sbtest8_pkey on sbtest8  (cost=0.43..8.45 rows=1 width=6)
	        Index Cond: (id = 7922710)
for inserts
table 1 : explain INSERT INTO sbtest1 (id, k, c, pad) VALUES (9726567, 13, 'foobar', 'foobar')
	Insert on sbtest1  (cost=0.00..0.01 rows=0 width=0)
	  ->  Result  (cost=0.00..0.01 rows=1 width=736)

table 2 : explain INSERT INTO sbtest2 (id, k, c, pad) VALUES (1573068, 13, 'foobar', 'foobar')
	Insert on sbtest2  (cost=0.00..0.01 rows=0 width=0)
	  ->  Result  (cost=0.00..0.01 rows=1 width=736)

table 3 : explain INSERT INTO sbtest3 (id, k, c, pad) VALUES (2900046, 13, 'foobar', 'foobar')
	Insert on sbtest3  (cost=0.00..0.01 rows=0 width=0)
	  ->  Result  (cost=0.00..0.01 rows=1 width=736)

table 4 : explain INSERT INTO sbtest4 (id, k, c, pad) VALUES (2254804, 13, 'foobar', 'foobar')
	Insert on sbtest4  (cost=0.00..0.01 rows=0 width=0)
	  ->  Result  (cost=0.00..0.01 rows=1 width=736)

table 5 : explain INSERT INTO sbtest5 (id, k, c, pad) VALUES (3498094, 13, 'foobar', 'foobar')
	Insert on sbtest5  (cost=0.00..0.01 rows=0 width=0)
	  ->  Result  (cost=0.00..0.01 rows=1 width=736)

table 6 : explain INSERT INTO sbtest6 (id, k, c, pad) VALUES (3733086, 13, 'foobar', 'foobar')
	Insert on sbtest6  (cost=0.00..0.01 rows=0 width=0)
	  ->  Result  (cost=0.00..0.01 rows=1 width=736)

table 7 : explain INSERT INTO sbtest7 (id, k, c, pad) VALUES (7825438, 13, 'foobar', 'foobar')
	Insert on sbtest7  (cost=0.00..0.01 rows=0 width=0)
	  ->  Result  (cost=0.00..0.01 rows=1 width=736)

table 8 : explain INSERT INTO sbtest8 (id, k, c, pad) VALUES (7396769, 13, 'foobar', 'foobar')
	Insert on sbtest8  (cost=0.00..0.01 rows=0 width=0)
	  ->  Result  (cost=0.00..0.01 rows=1 width=736)


for index_updates
table 1 : explain UPDATE sbtest1 SET k=k+1 WHERE id=8594238
	Update on sbtest1  (cost=0.43..8.46 rows=0 width=0)
	  ->  Index Scan using sbtest1_pkey on sbtest1  (cost=0.43..8.46 rows=1 width=10)
	        Index Cond: (id = 8594238)

table 2 : explain UPDATE sbtest2 SET k=k+1 WHERE id=9337200
	Update on sbtest2  (cost=0.43..8.46 rows=0 width=0)
	  ->  Index Scan using sbtest2_pkey on sbtest2  (cost=0.43..8.46 rows=1 width=10)
	        Index Cond: (id = 9337200)

table 3 : explain UPDATE sbtest3 SET k=k+1 WHERE id=973677
	Update on sbtest3  (cost=0.43..8.46 rows=0 width=0)
	  ->  Index Scan using sbtest3_pkey on sbtest3  (cost=0.43..8.46 rows=1 width=10)
	        Index Cond: (id = 973677)

table 4 : explain UPDATE sbtest4 SET k=k+1 WHERE id=3250089
	Update on sbtest4  (cost=0.43..8.46 rows=0 width=0)
	  ->  Index Scan using sbtest4_pkey on sbtest4  (cost=0.43..8.46 rows=1 width=10)
	        Index Cond: (id = 3250089)

table 5 : explain UPDATE sbtest5 SET k=k+1 WHERE id=461037
	Update on sbtest5  (cost=0.43..8.46 rows=0 width=0)
	  ->  Index Scan using sbtest5_pkey on sbtest5  (cost=0.43..8.46 rows=1 width=10)
	        Index Cond: (id = 461037)

table 6 : explain UPDATE sbtest6 SET k=k+1 WHERE id=5861126
	Update on sbtest6  (cost=0.43..8.46 rows=0 width=0)
	  ->  Index Scan using sbtest6_pkey on sbtest6  (cost=0.43..8.46 rows=1 width=10)
	        Index Cond: (id = 5861126)

table 7 : explain UPDATE sbtest7 SET k=k+1 WHERE id=2812832
	Update on sbtest7  (cost=0.43..8.46 rows=0 width=0)
	  ->  Index Scan using sbtest7_pkey on sbtest7  (cost=0.43..8.46 rows=1 width=10)
	        Index Cond: (id = 2812832)

table 8 : explain UPDATE sbtest8 SET k=k+1 WHERE id=6015383
	Update on sbtest8  (cost=0.43..8.46 rows=0 width=0)
	  ->  Index Scan using sbtest8_pkey on sbtest8  (cost=0.43..8.46 rows=1 width=10)
	        Index Cond: (id = 6015383)

for inserts
table 1 : explain INSERT INTO sbtest1 (id, k, c, pad) VALUES (8139370, 13, 'foobar', 'foobar')
	Insert on sbtest1  (cost=0.00..0.01 rows=0 width=0)
	  ->  Result  (cost=0.00..0.01 rows=1 width=736)

table 2 : explain INSERT INTO sbtest2 (id, k, c, pad) VALUES (4754298, 13, 'foobar', 'foobar')
	Insert on sbtest2  (cost=0.00..0.01 rows=0 width=0)
	  ->  Result  (cost=0.00..0.01 rows=1 width=736)

table 3 : explain INSERT INTO sbtest3 (id, k, c, pad) VALUES (2202889, 13, 'foobar', 'foobar')
	Insert on sbtest3  (cost=0.00..0.01 rows=0 width=0)
	  ->  Result  (cost=0.00..0.01 rows=1 width=736)

table 4 : explain INSERT INTO sbtest4 (id, k, c, pad) VALUES (3926428, 13, 'foobar', 'foobar')
	Insert on sbtest4  (cost=0.00..0.01 rows=0 width=0)
	  ->  Result  (cost=0.00..0.01 rows=1 width=736)

table 5 : explain INSERT INTO sbtest5 (id, k, c, pad) VALUES (1200823, 13, 'foobar', 'foobar')
	Insert on sbtest5  (cost=0.00..0.01 rows=0 width=0)
	  ->  Result  (cost=0.00..0.01 rows=1 width=736)

table 6 : explain INSERT INTO sbtest6 (id, k, c, pad) VALUES (4771375, 13, 'foobar', 'foobar')
	Insert on sbtest6  (cost=0.00..0.01 rows=0 width=0)
	  ->  Result  (cost=0.00..0.01 rows=1 width=736)

table 7 : explain INSERT INTO sbtest7 (id, k, c, pad) VALUES (8539424, 13, 'foobar', 'foobar')
	Insert on sbtest7  (cost=0.00..0.01 rows=0 width=0)
	  ->  Result  (cost=0.00..0.01 rows=1 width=736)

table 8 : explain INSERT INTO sbtest8 (id, k, c, pad) VALUES (6456536, 13, 'foobar', 'foobar')
	Insert on sbtest8  (cost=0.00..0.01 rows=0 width=0)
	  ->  Result  (cost=0.00..0.01 rows=1 width=736)

for deletes
table 1 : explain DELETE FROM sbtest1 WHERE id=8471382
	Delete on sbtest1  (cost=0.43..8.45 rows=0 width=0)
	  ->  Index Scan using sbtest1_pkey on sbtest1  (cost=0.43..8.45 rows=1 width=6)
	        Index Cond: (id = 8471382)

table 2 : explain DELETE FROM sbtest2 WHERE id=1122411
	Delete on sbtest2  (cost=0.43..8.45 rows=0 width=0)
	  ->  Index Scan using sbtest2_pkey on sbtest2  (cost=0.43..8.45 rows=1 width=6)
	        Index Cond: (id = 1122411)

table 3 : explain DELETE FROM sbtest3 WHERE id=396364
	Delete on sbtest3  (cost=0.43..8.45 rows=0 width=0)
	  ->  Index Scan using sbtest3_pkey on sbtest3  (cost=0.43..8.45 rows=1 width=6)
	        Index Cond: (id = 396364)

table 4 : explain DELETE FROM sbtest4 WHERE id=1986749
	Delete on sbtest4  (cost=0.43..8.45 rows=0 width=0)
	  ->  Index Scan using sbtest4_pkey on sbtest4  (cost=0.43..8.45 rows=1 width=6)
	        Index Cond: (id = 1986749)

table 5 : explain DELETE FROM sbtest5 WHERE id=6352221
	Delete on sbtest5  (cost=0.43..8.45 rows=0 width=0)
	  ->  Index Scan using sbtest5_pkey on sbtest5  (cost=0.43..8.45 rows=1 width=6)
	        Index Cond: (id = 6352221)

table 6 : explain DELETE FROM sbtest6 WHERE id=1016637
	Delete on sbtest6  (cost=0.43..8.45 rows=0 width=0)
	  ->  Index Scan using sbtest6_pkey on sbtest6  (cost=0.43..8.45 rows=1 width=6)
	        Index Cond: (id = 1016637)

table 7 : explain DELETE FROM sbtest7 WHERE id=4287545
	Delete on sbtest7  (cost=0.43..8.45 rows=0 width=0)
	  ->  Index Scan using sbtest7_pkey on sbtest7  (cost=0.43..8.45 rows=1 width=6)
	        Index Cond: (id = 4287545)

table 8 : explain DELETE FROM sbtest8 WHERE id=1727913
	Delete on sbtest8  (cost=0.43..8.45 rows=0 width=0)
	  ->  Index Scan using sbtest8_pkey on sbtest8  (cost=0.43..8.45 rows=1 width=6)
	        Index Cond: (id = 1727913)

explain: for non_index_updates :: explain UPDATE sbtest%u SET c='foobar' WHERE id=%u
explain: for non_index_updates :: explain UPDATE sbtest%u SET c='foobar' WHERE id=%u
explain: for inserts :: explain INSERT INTO sbtest%u (id, k, c, pad) VALUES (%u, 13, 'foobar', 'foobar')
explain: for inserts :: explain INSERT INTO sbtest%u (id, k, c, pad) VALUES (%u, 13, 'foobar', 'foobar')
for non_index_updates
table 1 : explain UPDATE sbtest1 SET c='foobar' WHERE id=235264
	Update on sbtest1  (cost=0.43..8.45 rows=0 width=0)
	  ->  Index Scan using sbtest1_pkey on sbtest1  (cost=0.43..8.45 rows=1 width=490)
	        Index Cond: (id = 235264)

table 2 : explain UPDATE sbtest2 SET c='foobar' WHERE id=9176127
	Update on sbtest2  (cost=0.43..8.45 rows=0 width=0)
	  ->  Index Scan using sbtest2_pkey on sbtest2  (cost=0.43..8.45 rows=1 width=490)
	        Index Cond: (id = 9176127)

table 3 : explain UPDATE sbtest3 SET c='foobar' WHERE id=8597004
	Update on sbtest3  (cost=0.43..8.45 rows=0 width=0)
	  ->  Index Scan using sbtest3_pkey on sbtest3  (cost=0.43..8.45 rows=1 width=490)
	        Index Cond: (id = 8597004)

table 4 : explain UPDATE sbtest4 SET c='foobar' WHERE id=1659346
	Update on sbtest4  (cost=0.43..8.45 rows=0 width=0)
	  ->  Index Scan using sbtest4_pkey on sbtest4  (cost=0.43..8.45 rows=1 width=490)
	        Index Cond: (id = 1659346)

table 5 : explain UPDATE sbtest5 SET c='foobar' WHERE id=7631126
	Update on sbtest5  (cost=0.43..8.45 rows=0 width=0)
	  ->  Index Scan using sbtest5_pkey on sbtest5  (cost=0.43..8.45 rows=1 width=490)
	        Index Cond: (id = 7631126)

table 6 : explain UPDATE sbtest6 SET c='foobar' WHERE id=3420214
	Update on sbtest6  (cost=0.43..8.45 rows=0 width=0)
	  ->  Index Scan using sbtest6_pkey on sbtest6  (cost=0.43..8.45 rows=1 width=490)
	        Index Cond: (id = 3420214)

table 7 : explain UPDATE sbtest7 SET c='foobar' WHERE id=5976767
	Update on sbtest7  (cost=0.43..8.45 rows=0 width=0)
	  ->  Index Scan using sbtest7_pkey on sbtest7  (cost=0.43..8.45 rows=1 width=490)
	        Index Cond: (id = 5976767)

table 8 : explain UPDATE sbtest8 SET c='foobar' WHERE id=6116455
	Update on sbtest8  (cost=0.43..8.45 rows=0 width=0)
	  ->  Index Scan using sbtest8_pkey on sbtest8  (cost=0.43..8.45 rows=1 width=490)
	        Index Cond: (id = 6116455)

for non_index_updates
table 1 : explain UPDATE sbtest1 SET c='foobar' WHERE id=6894729
	Update on sbtest1  (cost=0.43..8.45 rows=0 width=0)
	  ->  Index Scan using sbtest1_pkey on sbtest1  (cost=0.43..8.45 rows=1 width=490)
	        Index Cond: (id = 6894729)

table 2 : explain UPDATE sbtest2 SET c='foobar' WHERE id=3724561
	Update on sbtest2  (cost=0.43..8.45 rows=0 width=0)
	  ->  Index Scan using sbtest2_pkey on sbtest2  (cost=0.43..8.45 rows=1 width=490)
	        Index Cond: (id = 3724561)

table 3 : explain UPDATE sbtest3 SET c='foobar' WHERE id=2805102
	Update on sbtest3  (cost=0.43..8.45 rows=0 width=0)
	  ->  Index Scan using sbtest3_pkey on sbtest3  (cost=0.43..8.45 rows=1 width=490)
	        Index Cond: (id = 2805102)

table 4 : explain UPDATE sbtest4 SET c='foobar' WHERE id=3899446
	Update on sbtest4  (cost=0.43..8.45 rows=0 width=0)
	  ->  Index Scan using sbtest4_pkey on sbtest4  (cost=0.43..8.45 rows=1 width=490)
	        Index Cond: (id = 3899446)

table 5 : explain UPDATE sbtest5 SET c='foobar' WHERE id=5477182
	Update on sbtest5  (cost=0.43..8.45 rows=0 width=0)
	  ->  Index Scan using sbtest5_pkey on sbtest5  (cost=0.43..8.45 rows=1 width=490)
	        Index Cond: (id = 5477182)

table 6 : explain UPDATE sbtest6 SET c='foobar' WHERE id=3098204
	Update on sbtest6  (cost=0.43..8.45 rows=0 width=0)
	  ->  Index Scan using sbtest6_pkey on sbtest6  (cost=0.43..8.45 rows=1 width=490)
	        Index Cond: (id = 3098204)

table 7 : explain UPDATE sbtest7 SET c='foobar' WHERE id=7799339
	Update on sbtest7  (cost=0.43..8.45 rows=0 width=0)
	  ->  Index Scan using sbtest7_pkey on sbtest7  (cost=0.43..8.45 rows=1 width=490)
	        Index Cond: (id = 7799339)

table 8 : explain UPDATE sbtest8 SET c='foobar' WHERE id=5361055
	Update on sbtest8  (cost=0.43..8.45 rows=0 width=0)
	  ->  Index Scan using sbtest8_pkey on sbtest8  (cost=0.43..8.45 rows=1 width=490)
	        Index Cond: (id = 5361055)

for inserts
table 1 : explain INSERT INTO sbtest1 (id, k, c, pad) VALUES (4046178, 13, 'foobar', 'foobar')
	Insert on sbtest1  (cost=0.00..0.01 rows=0 width=0)
	  ->  Result  (cost=0.00..0.01 rows=1 width=736)

table 2 : explain INSERT INTO sbtest2 (id, k, c, pad) VALUES (369753, 13, 'foobar', 'foobar')
	Insert on sbtest2  (cost=0.00..0.01 rows=0 width=0)
	  ->  Result  (cost=0.00..0.01 rows=1 width=736)

table 3 : explain INSERT INTO sbtest3 (id, k, c, pad) VALUES (9885927, 13, 'foobar', 'foobar')
	Insert on sbtest3  (cost=0.00..0.01 rows=0 width=0)
	  ->  Result  (cost=0.00..0.01 rows=1 width=736)

table 4 : explain INSERT INTO sbtest4 (id, k, c, pad) VALUES (5267250, 13, 'foobar', 'foobar')
	Insert on sbtest4  (cost=0.00..0.01 rows=0 width=0)
	  ->  Result  (cost=0.00..0.01 rows=1 width=736)

table 5 : explain INSERT INTO sbtest5 (id, k, c, pad) VALUES (5009451, 13, 'foobar', 'foobar')
	Insert on sbtest5  (cost=0.00..0.01 rows=0 width=0)
	  ->  Result  (cost=0.00..0.01 rows=1 width=736)

table 6 : explain INSERT INTO sbtest6 (id, k, c, pad) VALUES (9661821, 13, 'foobar', 'foobar')
	Insert on sbtest6  (cost=0.00..0.01 rows=0 width=0)
	  ->  Result  (cost=0.00..0.01 rows=1 width=736)

table 7 : explain INSERT INTO sbtest7 (id, k, c, pad) VALUES (3105142, 13, 'foobar', 'foobar')
	Insert on sbtest7  (cost=0.00..0.01 rows=0 width=0)
	  ->  Result  (cost=0.00..0.01 rows=1 width=736)

table 8 : explain INSERT INTO sbtest8 (id, k, c, pad) VALUES (5588337, 13, 'foobar', 'foobar')
	Insert on sbtest8  (cost=0.00..0.01 rows=0 width=0)
	  ->  Result  (cost=0.00..0.01 rows=1 width=736)

explain: for inserts :: explain INSERT INTO sbtest%u (id, k, c, pad) VALUES (%u, 13, 'foobar', 'foobar')
explain: for deletes :: explain DELETE FROM sbtest%u WHERE id=%u
for: distinct_ranges
table 1 : explain SELECT DISTINCT c FROM sbtest1 WHERE id BETWEEN 1167799 AND 1167898 ORDER BY c
	Unique  (cost=341.80..342.24 rows=88 width=121)
	  ->  Sort  (cost=341.80..342.02 rows=88 width=121)
	        Sort Key: c
	        ->  Index Scan using sbtest1_pkey on sbtest1  (cost=0.43..338.96 rows=88 width=121)
	              Index Cond: ((id >= 1167799) AND (id <= 1167898))

table 2 : explain SELECT DISTINCT c FROM sbtest2 WHERE id BETWEEN 272431 AND 272530 ORDER BY c
	Unique  (cost=413.65..414.18 rows=106 width=121)
	  ->  Sort  (cost=413.65..413.92 rows=106 width=121)
	        Sort Key: c
	        ->  Index Scan using sbtest2_pkey on sbtest2  (cost=0.43..410.09 rows=106 width=121)
	              Index Cond: ((id >= 272431) AND (id <= 272530))

table 3 : explain SELECT DISTINCT c FROM sbtest3 WHERE id BETWEEN 9950819 AND 9950918 ORDER BY c
	Unique  (cost=358.26..358.72 rows=92 width=121)
	  ->  Sort  (cost=358.26..358.49 rows=92 width=121)
	        Sort Key: c
	        ->  Index Scan using sbtest3_pkey on sbtest3  (cost=0.43..355.26 rows=92 width=121)
	              Index Cond: ((id >= 9950819) AND (id <= 9950918))

table 4 : explain SELECT DISTINCT c FROM sbtest4 WHERE id BETWEEN 9989150 AND 9989249 ORDER BY c
	Unique  (cost=398.56..399.07 rows=102 width=121)
	  ->  Sort  (cost=398.56..398.81 rows=102 width=121)
	        Sort Key: c
	        ->  Index Scan using sbtest4_pkey on sbtest4  (cost=0.43..395.16 rows=102 width=121)
	              Index Cond: ((id >= 9989150) AND (id <= 9989249))

table 5 : explain SELECT DISTINCT c FROM sbtest5 WHERE id BETWEEN 6146749 AND 6146848 ORDER BY c
	Unique  (cost=377.07..377.55 rows=96 width=121)
	  ->  Sort  (cost=377.07..377.31 rows=96 width=121)
	        Sort Key: c
	        ->  Index Scan using sbtest5_pkey on sbtest5  (cost=0.43..373.91 rows=96 width=121)
	              Index Cond: ((id >= 6146749) AND (id <= 6146848))

table 6 : explain SELECT DISTINCT c FROM sbtest6 WHERE id BETWEEN 6417749 AND 6417848 ORDER BY c
	Unique  (cost=398.29..398.80 rows=102 width=121)
	  ->  Sort  (cost=398.29..398.54 rows=102 width=121)
	        Sort Key: c
	        ->  Index Scan using sbtest6_pkey on sbtest6  (cost=0.43..394.89 rows=102 width=121)
	              Index Cond: ((id >= 6417749) AND (id <= 6417848))

table 7 : explain SELECT DISTINCT c FROM sbtest7 WHERE id BETWEEN 3909741 AND 3909840 ORDER BY c
	Unique  (cost=361.40..361.86 rows=93 width=121)
	  ->  Sort  (cost=361.40..361.63 rows=93 width=121)
	        Sort Key: c
	        ->  Index Scan using sbtest7_pkey on sbtest7  (cost=0.43..358.36 rows=93 width=121)
	              Index Cond: ((id >= 3909741) AND (id <= 3909840))

table 8 : explain SELECT DISTINCT c FROM sbtest8 WHERE id BETWEEN 5489261 AND 5489360 ORDER BY c
	Unique  (cost=375.44..375.92 rows=96 width=121)
	  ->  Sort  (cost=375.44..375.68 rows=96 width=121)
	        Sort Key: c
	        ->  Index Scan using sbtest8_pkey on sbtest8  (cost=0.43..372.28 rows=96 width=121)
	              Index Cond: ((id >= 5489261) AND (id <= 5489360))

explain: for deletes :: explain DELETE FROM sbtest%u WHERE id=%u
for inserts
table 1 : explain INSERT INTO sbtest1 (id, k, c, pad) VALUES (307624, 13, 'foobar', 'foobar')
	Insert on sbtest1  (cost=0.00..0.01 rows=0 width=0)
	  ->  Result  (cost=0.00..0.01 rows=1 width=736)

table 2 : explain INSERT INTO sbtest2 (id, k, c, pad) VALUES (7143725, 13, 'foobar', 'foobar')
	Insert on sbtest2  (cost=0.00..0.01 rows=0 width=0)
	  ->  Result  (cost=0.00..0.01 rows=1 width=736)

table 3 : explain INSERT INTO sbtest3 (id, k, c, pad) VALUES (5189368, 13, 'foobar', 'foobar')
	Insert on sbtest3  (cost=0.00..0.01 rows=0 width=0)
	  ->  Result  (cost=0.00..0.01 rows=1 width=736)

table 4 : explain INSERT INTO sbtest4 (id, k, c, pad) VALUES (5310102, 13, 'foobar', 'foobar')
	Insert on sbtest4  (cost=0.00..0.01 rows=0 width=0)
	  ->  Result  (cost=0.00..0.01 rows=1 width=736)

table 5 : explain INSERT INTO sbtest5 (id, k, c, pad) VALUES (8181077, 13, 'foobar', 'foobar')
	Insert on sbtest5  (cost=0.00..0.01 rows=0 width=0)
	  ->  Result  (cost=0.00..0.01 rows=1 width=736)

table 6 : explain INSERT INTO sbtest6 (id, k, c, pad) VALUES (7359182, 13, 'foobar', 'foobar')
	Insert on sbtest6  (cost=0.00..0.01 rows=0 width=0)
	  ->  Result  (cost=0.00..0.01 rows=1 width=736)

table 7 : explain INSERT INTO sbtest7 (id, k, c, pad) VALUES (1078085, 13, 'foobar', 'foobar')
	Insert on sbtest7  (cost=0.00..0.01 rows=0 width=0)
	  ->  Result  (cost=0.00..0.01 rows=1 width=736)

table 8 : explain INSERT INTO sbtest8 (id, k, c, pad) VALUES (1833301, 13, 'foobar', 'foobar')
	Insert on sbtest8  (cost=0.00..0.01 rows=0 width=0)
	  ->  Result  (cost=0.00..0.01 rows=1 width=736)

explain: for index_updates :: explain UPDATE sbtest%u SET k=k+1 WHERE id=%u
for deletes
table 1 : explain DELETE FROM sbtest1 WHERE id=5204934
	Delete on sbtest1  (cost=0.43..8.45 rows=0 width=0)
	  ->  Index Scan using sbtest1_pkey on sbtest1  (cost=0.43..8.45 rows=1 width=6)
	        Index Cond: (id = 5204934)

table 2 : explain DELETE FROM sbtest2 WHERE id=9503603
	Delete on sbtest2  (cost=0.43..8.45 rows=0 width=0)
	  ->  Index Scan using sbtest2_pkey on sbtest2  (cost=0.43..8.45 rows=1 width=6)
	        Index Cond: (id = 9503603)

table 3 : explain DELETE FROM sbtest3 WHERE id=3366305
	Delete on sbtest3  (cost=0.43..8.45 rows=0 width=0)
	  ->  Index Scan using sbtest3_pkey on sbtest3  (cost=0.43..8.45 rows=1 width=6)
	        Index Cond: (id = 3366305)

table 4 : explain DELETE FROM sbtest4 WHERE id=5556161
	Delete on sbtest4  (cost=0.43..8.45 rows=0 width=0)
	  ->  Index Scan using sbtest4_pkey on sbtest4  (cost=0.43..8.45 rows=1 width=6)
	        Index Cond: (id = 5556161)

table 5 : explain DELETE FROM sbtest5 WHERE id=605658
	Delete on sbtest5  (cost=0.43..8.45 rows=0 width=0)
	  ->  Index Scan using sbtest5_pkey on sbtest5  (cost=0.43..8.45 rows=1 width=6)
	        Index Cond: (id = 605658)

table 6 : explain DELETE FROM sbtest6 WHERE id=6231856
	Delete on sbtest6  (cost=0.43..8.45 rows=0 width=0)
	  ->  Index Scan using sbtest6_pkey on sbtest6  (cost=0.43..8.45 rows=1 width=6)
	        Index Cond: (id = 6231856)

table 7 : explain DELETE FROM sbtest7 WHERE id=7614536
	Delete on sbtest7  (cost=0.43..8.45 rows=0 width=0)
	  ->  Index Scan using sbtest7_pkey on sbtest7  (cost=0.43..8.45 rows=1 width=6)
	        Index Cond: (id = 7614536)

table 8 : explain DELETE FROM sbtest8 WHERE id=6407625
	Delete on sbtest8  (cost=0.43..8.45 rows=0 width=0)
	  ->  Index Scan using sbtest8_pkey on sbtest8  (cost=0.43..8.45 rows=1 width=6)
	        Index Cond: (id = 6407625)

for inserts
table 1 : explain INSERT INTO sbtest1 (id, k, c, pad) VALUES (3779401, 13, 'foobar', 'foobar')
	Insert on sbtest1  (cost=0.00..0.01 rows=0 width=0)
	  ->  Result  (cost=0.00..0.01 rows=1 width=736)

table 2 : explain INSERT INTO sbtest2 (id, k, c, pad) VALUES (4037290, 13, 'foobar', 'foobar')
	Insert on sbtest2  (cost=0.00..0.01 rows=0 width=0)
	  ->  Result  (cost=0.00..0.01 rows=1 width=736)

table 3 : explain INSERT INTO sbtest3 (id, k, c, pad) VALUES (9484894, 13, 'foobar', 'foobar')
	Insert on sbtest3  (cost=0.00..0.01 rows=0 width=0)
	  ->  Result  (cost=0.00..0.01 rows=1 width=736)

table 4 : explain INSERT INTO sbtest4 (id, k, c, pad) VALUES (8039908, 13, 'foobar', 'foobar')
	Insert on sbtest4  (cost=0.00..0.01 rows=0 width=0)
	  ->  Result  (cost=0.00..0.01 rows=1 width=736)

table 5 : explain INSERT INTO sbtest5 (id, k, c, pad) VALUES (2265098, 13, 'foobar', 'foobar')
	Insert on sbtest5  (cost=0.00..0.01 rows=0 width=0)
	  ->  Result  (cost=0.00..0.01 rows=1 width=736)

table 6 : explain INSERT INTO sbtest6 (id, k, c, pad) VALUES (432357, 13, 'foobar', 'foobar')
	Insert on sbtest6  (cost=0.00..0.01 rows=0 width=0)
	  ->  Result  (cost=0.00..0.01 rows=1 width=736)

table 7 : explain INSERT INTO sbtest7 (id, k, c, pad) VALUES (1372757, 13, 'foobar', 'foobar')
	Insert on sbtest7  (cost=0.00..0.01 rows=0 width=0)
	  ->  Result  (cost=0.00..0.01 rows=1 width=736)

table 8 : explain INSERT INTO sbtest8 (id, k, c, pad) VALUES (5243839, 13, 'foobar', 'foobar')
	Insert on sbtest8  (cost=0.00..0.01 rows=0 width=0)
	  ->  Result  (cost=0.00..0.01 rows=1 width=736)

for deletes
table 1 : explain DELETE FROM sbtest1 WHERE id=9389998
	Delete on sbtest1  (cost=0.43..8.45 rows=0 width=0)
	  ->  Index Scan using sbtest1_pkey on sbtest1  (cost=0.43..8.45 rows=1 width=6)
	        Index Cond: (id = 9389998)

table 2 : explain DELETE FROM sbtest2 WHERE id=6987888
	Delete on sbtest2  (cost=0.43..8.45 rows=0 width=0)
	  ->  Index Scan using sbtest2_pkey on sbtest2  (cost=0.43..8.45 rows=1 width=6)
	        Index Cond: (id = 6987888)

table 3 : explain DELETE FROM sbtest3 WHERE id=9955999
	Delete on sbtest3  (cost=0.43..8.45 rows=0 width=0)
	  ->  Index Scan using sbtest3_pkey on sbtest3  (cost=0.43..8.45 rows=1 width=6)
	        Index Cond: (id = 9955999)

table 4 : explain DELETE FROM sbtest4 WHERE id=4908003
	Delete on sbtest4  (cost=0.43..8.45 rows=0 width=0)
	  ->  Index Scan using sbtest4_pkey on sbtest4  (cost=0.43..8.45 rows=1 width=6)
	        Index Cond: (id = 4908003)

table 5 : explain DELETE FROM sbtest5 WHERE id=7853893
	Delete on sbtest5  (cost=0.43..8.45 rows=0 width=0)
	  ->  Index Scan using sbtest5_pkey on sbtest5  (cost=0.43..8.45 rows=1 width=6)
	        Index Cond: (id = 7853893)

table 6 : explain DELETE FROM sbtest6 WHERE id=1396959
	Delete on sbtest6  (cost=0.43..8.45 rows=0 width=0)
	  ->  Index Scan using sbtest6_pkey on sbtest6  (cost=0.43..8.45 rows=1 width=6)
	        Index Cond: (id = 1396959)

table 7 : explain DELETE FROM sbtest7 WHERE id=3792562
	Delete on sbtest7  (cost=0.43..8.45 rows=0 width=0)
	  ->  Index Scan using sbtest7_pkey on sbtest7  (cost=0.43..8.45 rows=1 width=6)
	        Index Cond: (id = 3792562)

table 8 : explain DELETE FROM sbtest8 WHERE id=7492398
	Delete on sbtest8  (cost=0.43..8.45 rows=0 width=0)
	  ->  Index Scan using sbtest8_pkey on sbtest8  (cost=0.43..8.45 rows=1 width=6)
	        Index Cond: (id = 7492398)

for index_updates
table 1 : explain UPDATE sbtest1 SET k=k+1 WHERE id=5211533
	Update on sbtest1  (cost=0.43..8.46 rows=0 width=0)
	  ->  Index Scan using sbtest1_pkey on sbtest1  (cost=0.43..8.46 rows=1 width=10)
	        Index Cond: (id = 5211533)

table 2 : explain UPDATE sbtest2 SET k=k+1 WHERE id=9910836
	Update on sbtest2  (cost=0.43..8.46 rows=0 width=0)
	  ->  Index Scan using sbtest2_pkey on sbtest2  (cost=0.43..8.46 rows=1 width=10)
	        Index Cond: (id = 9910836)

table 3 : explain UPDATE sbtest3 SET k=k+1 WHERE id=8533609
	Update on sbtest3  (cost=0.43..8.46 rows=0 width=0)
	  ->  Index Scan using sbtest3_pkey on sbtest3  (cost=0.43..8.46 rows=1 width=10)
	        Index Cond: (id = 8533609)

table 4 : explain UPDATE sbtest4 SET k=k+1 WHERE id=7713504
	Update on sbtest4  (cost=0.43..8.46 rows=0 width=0)
	  ->  Index Scan using sbtest4_pkey on sbtest4  (cost=0.43..8.46 rows=1 width=10)
	        Index Cond: (id = 7713504)

table 5 : explain UPDATE sbtest5 SET k=k+1 WHERE id=4218335
	Update on sbtest5  (cost=0.43..8.46 rows=0 width=0)
	  ->  Index Scan using sbtest5_pkey on sbtest5  (cost=0.43..8.46 rows=1 width=10)
	        Index Cond: (id = 4218335)

table 6 : explain UPDATE sbtest6 SET k=k+1 WHERE id=5336846
	Update on sbtest6  (cost=0.43..8.46 rows=0 width=0)
	  ->  Index Scan using sbtest6_pkey on sbtest6  (cost=0.43..8.46 rows=1 width=10)
	        Index Cond: (id = 5336846)

table 7 : explain UPDATE sbtest7 SET k=k+1 WHERE id=6542227
	Update on sbtest7  (cost=0.43..8.46 rows=0 width=0)
	  ->  Index Scan using sbtest7_pkey on sbtest7  (cost=0.43..8.46 rows=1 width=10)
	        Index Cond: (id = 6542227)

table 8 : explain UPDATE sbtest8 SET k=k+1 WHERE id=8707966
	Update on sbtest8  (cost=0.43..8.46 rows=0 width=0)
	  ->  Index Scan using sbtest8_pkey on sbtest8  (cost=0.43..8.46 rows=1 width=10)
	        Index Cond: (id = 8707966)

explain: for inserts :: explain INSERT INTO sbtest%u (id, k, c, pad) VALUES (%u, 13, 'foobar', 'foobar')
explain: for inserts :: explain INSERT INTO sbtest%u (id, k, c, pad) VALUES (%u, 13, 'foobar', 'foobar')
explain: for non_index_updates :: explain UPDATE sbtest%u SET c='foobar' WHERE id=%u
for inserts
table 1 : explain INSERT INTO sbtest1 (id, k, c, pad) VALUES (2919653, 13, 'foobar', 'foobar')
	Insert on sbtest1  (cost=0.00..0.01 rows=0 width=0)
	  ->  Result  (cost=0.00..0.01 rows=1 width=736)

table 2 : explain INSERT INTO sbtest2 (id, k, c, pad) VALUES (8348506, 13, 'foobar', 'foobar')
	Insert on sbtest2  (cost=0.00..0.01 rows=0 width=0)
	  ->  Result  (cost=0.00..0.01 rows=1 width=736)

table 3 : explain INSERT INTO sbtest3 (id, k, c, pad) VALUES (9857318, 13, 'foobar', 'foobar')
	Insert on sbtest3  (cost=0.00..0.01 rows=0 width=0)
	  ->  Result  (cost=0.00..0.01 rows=1 width=736)

table 4 : explain INSERT INTO sbtest4 (id, k, c, pad) VALUES (8147120, 13, 'foobar', 'foobar')
	Insert on sbtest4  (cost=0.00..0.01 rows=0 width=0)
	  ->  Result  (cost=0.00..0.01 rows=1 width=736)

table 5 : explain INSERT INTO sbtest5 (id, k, c, pad) VALUES (8222505, 13, 'foobar', 'foobar')
	Insert on sbtest5  (cost=0.00..0.01 rows=0 width=0)
	  ->  Result  (cost=0.00..0.01 rows=1 width=736)

table 6 : explain INSERT INTO sbtest6 (id, k, c, pad) VALUES (1661514, 13, 'foobar', 'foobar')
	Insert on sbtest6  (cost=0.00..0.01 rows=0 width=0)
	  ->  Result  (cost=0.00..0.01 rows=1 width=736)

table 7 : explain INSERT INTO sbtest7 (id, k, c, pad) VALUES (7727565, 13, 'foobar', 'foobar')
	Insert on sbtest7  (cost=0.00..0.01 rows=0 width=0)
	  ->  Result  (cost=0.00..0.01 rows=1 width=736)

table 8 : explain INSERT INTO sbtest8 (id, k, c, pad) VALUES (4739951, 13, 'foobar', 'foobar')
	Insert on sbtest8  (cost=0.00..0.01 rows=0 width=0)
	  ->  Result  (cost=0.00..0.01 rows=1 width=736)

for inserts
table 1 : explain INSERT INTO sbtest1 (id, k, c, pad) VALUES (7919348, 13, 'foobar', 'foobar')
	Insert on sbtest1  (cost=0.00..0.01 rows=0 width=0)
	  ->  Result  (cost=0.00..0.01 rows=1 width=736)

table 2 : explain INSERT INTO sbtest2 (id, k, c, pad) VALUES (4502813, 13, 'foobar', 'foobar')
	Insert on sbtest2  (cost=0.00..0.01 rows=0 width=0)
	  ->  Result  (cost=0.00..0.01 rows=1 width=736)

table 3 : explain INSERT INTO sbtest3 (id, k, c, pad) VALUES (9187757, 13, 'foobar', 'foobar')
	Insert on sbtest3  (cost=0.00..0.01 rows=0 width=0)
	  ->  Result  (cost=0.00..0.01 rows=1 width=736)

table 4 : explain INSERT INTO sbtest4 (id, k, c, pad) VALUES (8537462, 13, 'foobar', 'foobar')
	Insert on sbtest4  (cost=0.00..0.01 rows=0 width=0)
	  ->  Result  (cost=0.00..0.01 rows=1 width=736)

table 5 : explain INSERT INTO sbtest5 (id, k, c, pad) VALUES (2136609, 13, 'foobar', 'foobar')
	Insert on sbtest5  (cost=0.00..0.01 rows=0 width=0)
	  ->  Result  (cost=0.00..0.01 rows=1 width=736)

table 6 : explain INSERT INTO sbtest6 (id, k, c, pad) VALUES (7364737, 13, 'foobar', 'foobar')
	Insert on sbtest6  (cost=0.00..0.01 rows=0 width=0)
	  ->  Result  (cost=0.00..0.01 rows=1 width=736)

table 7 : explain INSERT INTO sbtest7 (id, k, c, pad) VALUES (7977950, 13, 'foobar', 'foobar')
	Insert on sbtest7  (cost=0.00..0.01 rows=0 width=0)
	  ->  Result  (cost=0.00..0.01 rows=1 width=736)

table 8 : explain INSERT INTO sbtest8 (id, k, c, pad) VALUES (8015176, 13, 'foobar', 'foobar')
	Insert on sbtest8  (cost=0.00..0.01 rows=0 width=0)
	  ->  Result  (cost=0.00..0.01 rows=1 width=736)

for non_index_updates
table 1 : explain UPDATE sbtest1 SET c='foobar' WHERE id=8972735
	Update on sbtest1  (cost=0.43..8.45 rows=0 width=0)
	  ->  Index Scan using sbtest1_pkey on sbtest1  (cost=0.43..8.45 rows=1 width=490)
	        Index Cond: (id = 8972735)

table 2 : explain UPDATE sbtest2 SET c='foobar' WHERE id=2799715
	Update on sbtest2  (cost=0.43..8.45 rows=0 width=0)
	  ->  Index Scan using sbtest2_pkey on sbtest2  (cost=0.43..8.45 rows=1 width=490)
	        Index Cond: (id = 2799715)

table 3 : explain UPDATE sbtest3 SET c='foobar' WHERE id=3575472
	Update on sbtest3  (cost=0.43..8.45 rows=0 width=0)
	  ->  Index Scan using sbtest3_pkey on sbtest3  (cost=0.43..8.45 rows=1 width=490)
	        Index Cond: (id = 3575472)

table 4 : explain UPDATE sbtest4 SET c='foobar' WHERE id=2046417
	Update on sbtest4  (cost=0.43..8.45 rows=0 width=0)
	  ->  Index Scan using sbtest4_pkey on sbtest4  (cost=0.43..8.45 rows=1 width=490)
	        Index Cond: (id = 2046417)

table 5 : explain UPDATE sbtest5 SET c='foobar' WHERE id=9855354
	Update on sbtest5  (cost=0.43..8.45 rows=0 width=0)
	  ->  Index Scan using sbtest5_pkey on sbtest5  (cost=0.43..8.45 rows=1 width=490)
	        Index Cond: (id = 9855354)

table 6 : explain UPDATE sbtest6 SET c='foobar' WHERE id=6322004
	Update on sbtest6  (cost=0.43..8.45 rows=0 width=0)
	  ->  Index Scan using sbtest6_pkey on sbtest6  (cost=0.43..8.45 rows=1 width=490)
	        Index Cond: (id = 6322004)

table 7 : explain UPDATE sbtest7 SET c='foobar' WHERE id=4638297
	Update on sbtest7  (cost=0.43..8.45 rows=0 width=0)
	  ->  Index Scan using sbtest7_pkey on sbtest7  (cost=0.43..8.45 rows=1 width=490)
	        Index Cond: (id = 4638297)

table 8 : explain UPDATE sbtest8 SET c='foobar' WHERE id=9232957
	Update on sbtest8  (cost=0.43..8.45 rows=0 width=0)
	  ->  Index Scan using sbtest8_pkey on sbtest8  (cost=0.43..8.45 rows=1 width=490)
	        Index Cond: (id = 9232957)

explain: for deletes :: explain DELETE FROM sbtest%u WHERE id=%u
for deletes
table 1 : explain DELETE FROM sbtest1 WHERE id=5014567
	Delete on sbtest1  (cost=0.43..8.45 rows=0 width=0)
	  ->  Index Scan using sbtest1_pkey on sbtest1  (cost=0.43..8.45 rows=1 width=6)
	        Index Cond: (id = 5014567)

table 2 : explain DELETE FROM sbtest2 WHERE id=7066976
	Delete on sbtest2  (cost=0.43..8.45 rows=0 width=0)
	  ->  Index Scan using sbtest2_pkey on sbtest2  (cost=0.43..8.45 rows=1 width=6)
	        Index Cond: (id = 7066976)

table 3 : explain DELETE FROM sbtest3 WHERE id=8860505
	Delete on sbtest3  (cost=0.43..8.45 rows=0 width=0)
	  ->  Index Scan using sbtest3_pkey on sbtest3  (cost=0.43..8.45 rows=1 width=6)
	        Index Cond: (id = 8860505)

table 4 : explain DELETE FROM sbtest4 WHERE id=1133774
	Delete on sbtest4  (cost=0.43..8.45 rows=0 width=0)
	  ->  Index Scan using sbtest4_pkey on sbtest4  (cost=0.43..8.45 rows=1 width=6)
	        Index Cond: (id = 1133774)

table 5 : explain DELETE FROM sbtest5 WHERE id=1745004
	Delete on sbtest5  (cost=0.43..8.45 rows=0 width=0)
	  ->  Index Scan using sbtest5_pkey on sbtest5  (cost=0.43..8.45 rows=1 width=6)
	        Index Cond: (id = 1745004)

table 6 : explain DELETE FROM sbtest6 WHERE id=5552913
	Delete on sbtest6  (cost=0.43..8.45 rows=0 width=0)
	  ->  Index Scan using sbtest6_pkey on sbtest6  (cost=0.43..8.45 rows=1 width=6)
	        Index Cond: (id = 5552913)

table 7 : explain DELETE FROM sbtest7 WHERE id=9375526
	Delete on sbtest7  (cost=0.43..8.45 rows=0 width=0)
	  ->  Index Scan using sbtest7_pkey on sbtest7  (cost=0.43..8.45 rows=1 width=6)
	        Index Cond: (id = 9375526)

table 8 : explain DELETE FROM sbtest8 WHERE id=9092293
	Delete on sbtest8  (cost=0.43..8.45 rows=0 width=0)
	  ->  Index Scan using sbtest8_pkey on sbtest8  (cost=0.43..8.45 rows=1 width=6)
	        Index Cond: (id = 9092293)

explain: for inserts :: explain INSERT INTO sbtest%u (id, k, c, pad) VALUES (%u, 13, 'foobar', 'foobar')
for inserts
table 1 : explain INSERT INTO sbtest1 (id, k, c, pad) VALUES (9234697, 13, 'foobar', 'foobar')
	Insert on sbtest1  (cost=0.00..0.01 rows=0 width=0)
	  ->  Result  (cost=0.00..0.01 rows=1 width=736)

table 2 : explain INSERT INTO sbtest2 (id, k, c, pad) VALUES (7184218, 13, 'foobar', 'foobar')
	Insert on sbtest2  (cost=0.00..0.01 rows=0 width=0)
	  ->  Result  (cost=0.00..0.01 rows=1 width=736)

table 3 : explain INSERT INTO sbtest3 (id, k, c, pad) VALUES (7381087, 13, 'foobar', 'foobar')
	Insert on sbtest3  (cost=0.00..0.01 rows=0 width=0)
	  ->  Result  (cost=0.00..0.01 rows=1 width=736)

table 4 : explain INSERT INTO sbtest4 (id, k, c, pad) VALUES (9263722, 13, 'foobar', 'foobar')
	Insert on sbtest4  (cost=0.00..0.01 rows=0 width=0)
	  ->  Result  (cost=0.00..0.01 rows=1 width=736)

table 5 : explain INSERT INTO sbtest5 (id, k, c, pad) VALUES (8282321, 13, 'foobar', 'foobar')
	Insert on sbtest5  (cost=0.00..0.01 rows=0 width=0)
	  ->  Result  (cost=0.00..0.01 rows=1 width=736)

table 6 : explain INSERT INTO sbtest6 (id, k, c, pad) VALUES (7517861, 13, 'foobar', 'foobar')
	Insert on sbtest6  (cost=0.00..0.01 rows=0 width=0)
	  ->  Result  (cost=0.00..0.01 rows=1 width=736)

table 7 : explain INSERT INTO sbtest7 (id, k, c, pad) VALUES (7125175, 13, 'foobar', 'foobar')
	Insert on sbtest7  (cost=0.00..0.01 rows=0 width=0)
	  ->  Result  (cost=0.00..0.01 rows=1 width=736)

table 8 : explain INSERT INTO sbtest8 (id, k, c, pad) VALUES (8617741, 13, 'foobar', 'foobar')
	Insert on sbtest8  (cost=0.00..0.01 rows=0 width=0)
	  ->  Result  (cost=0.00..0.01 rows=1 width=736)

Threads started!

Warming up for 5 seconds...

SQL statistics:
    queries performed:
        read:                            313560410
        write:                           89588791
        other:                           44794364
        total:                           447943565
    transactions:                        22397200 (24082.94 per sec.)
    queries:                             447943565 (481658.41 per sec.)
    ignored errors:                      1      (0.00 per sec.)
    reconnects:                          0      (0.00 per sec.)

Throughput:
    events/s (eps):                      24082.9439
    time elapsed:                        930.0083s
    total number of events:              22397200

Latency (ms):
         min:                                    1.36
         avg:                                    1.66
         max:                                   92.00
         95th percentile:                        1.93
         sum:                             37176694.68

Threads fairness:
    events (avg/stddev):           559929.6000/3540.72
    execution time (avg/stddev):   929.4174/0.01

