LUA_PATH=/home/mdcallag/git/mytools/bench/sysbench.lua/lua/?.lua /home/mdcallag/git/mytools/bench/sysbench.lua/lua/sysbench --db-driver=pgsql --range-size=1000 --table-size=10000000 --tables=8 --threads=40 --events=0 --warmup-time=5 --time=630 --pgsql_conn_id=true /home/mdcallag/git/mytools/bench/sysbench.lua/lua/oltp_read_only_count.lua run --pgsql-user=root --pgsql-password=pw --pgsql-host=127.0.0.1 --pgsql-db=ib --rand-type=uniform --skip-trx
48 CPUs
sysbench 1.1.0-9072687 (using bundled LuaJIT 2.1.0-beta3)

Running the test with following options:
Number of threads: 40
Warmup time: 5s
Initializing random number generator from current time


Initializing worker threads...

for: count_ranges
table 1 : explain SELECT count(c) FROM sbtest1 WHERE id BETWEEN 2279238 AND 2280237
	Aggregate  (cost=3432.40..3432.41 rows=1 width=8)
	  ->  Bitmap Heap Scan on sbtest1  (cost=25.50..3430.19 rows=884 width=121)
	        Recheck Cond: ((id >= 2279238) AND (id <= 2280237))
	        ->  Bitmap Index Scan on sbtest1_pkey  (cost=0.00..25.27 rows=884 width=0)
	              Index Cond: ((id >= 2279238) AND (id <= 2280237))

table 2 : explain SELECT count(c) FROM sbtest2 WHERE id BETWEEN 7208953 AND 7209952
	Aggregate  (cost=4111.14..4111.15 rows=1 width=8)
	  ->  Bitmap Heap Scan on sbtest2  (cost=31.33..4108.48 rows=1063 width=121)
	        Recheck Cond: ((id >= 7208953) AND (id <= 7209952))
	        ->  Bitmap Index Scan on sbtest2_pkey  (cost=0.00..31.07 rows=1063 width=0)
	              Index Cond: ((id >= 7208953) AND (id <= 7209952))

table 3 : explain SELECT count(c) FROM sbtest3 WHERE id BETWEEN 8456705 AND 8457704
	Aggregate  (cost=3652.87..3652.88 rows=1 width=8)
	  ->  Bitmap Heap Scan on sbtest3  (cost=30.07..3650.52 rows=940 width=121)
	        Recheck Cond: ((id >= 8456705) AND (id <= 8457704))
	        ->  Bitmap Index Scan on sbtest3_pkey  (cost=0.00..29.83 rows=940 width=0)
	              Index Cond: ((id >= 8456705) AND (id <= 8457704))

table 4 : explain SELECT count(c) FROM sbtest4 WHERE id BETWEEN 9876009 AND 9877008
	Aggregate  (cost=3776.68..3776.69 rows=1 width=8)
	  ->  Bitmap Heap Scan on sbtest4  (cost=30.41..3774.25 rows=973 width=121)
	        Recheck Cond: ((id >= 9876009) AND (id <= 9877008))
	        ->  Bitmap Index Scan on sbtest4_pkey  (cost=0.00..30.16 rows=973 width=0)
	              Index Cond: ((id >= 9876009) AND (id <= 9877008))

table 5 : explain SELECT count(c) FROM sbtest5 WHERE id BETWEEN 5419415 AND 5420414
	Aggregate  (cost=4277.23..4277.24 rows=1 width=8)
	  ->  Bitmap Heap Scan on sbtest5  (cost=31.78..4274.46 rows=1107 width=121)
	        Recheck Cond: ((id >= 5419415) AND (id <= 5420414))
	        ->  Bitmap Index Scan on sbtest5_pkey  (cost=0.00..31.50 rows=1107 width=0)
	              Index Cond: ((id >= 5419415) AND (id <= 5420414))

table 6 : explain SELECT count(c) FROM sbtest6 WHERE id BETWEEN 5531461 AND 5532460
	Aggregate  (cost=4041.85..4041.86 rows=1 width=8)
	  ->  Bitmap Heap Scan on sbtest6  (cost=31.14..4039.24 rows=1044 width=121)
	        Recheck Cond: ((id >= 5531461) AND (id <= 5532460))
	        ->  Bitmap Index Scan on sbtest6_pkey  (cost=0.00..30.87 rows=1044 width=0)
	              Index Cond: ((id >= 5531461) AND (id <= 5532460))

table 7 : explain SELECT count(c) FROM sbtest7 WHERE id BETWEEN 5229761 AND 5230760
	Aggregate  (cost=3645.67..3645.68 rows=1 width=8)
	  ->  Bitmap Heap Scan on sbtest7  (cost=30.05..3643.33 rows=938 width=121)
	        Recheck Cond: ((id >= 5229761) AND (id <= 5230760))
	        ->  Bitmap Index Scan on sbtest7_pkey  (cost=0.00..29.82 rows=938 width=0)
	              Index Cond: ((id >= 5229761) AND (id <= 5230760))

table 8 : explain SELECT count(c) FROM sbtest8 WHERE id BETWEEN 9238694 AND 9239693
	Aggregate  (cost=3911.37..3911.38 rows=1 width=8)
	  ->  Bitmap Heap Scan on sbtest8  (cost=30.79..3908.84 rows=1010 width=121)
	        Recheck Cond: ((id >= 9238694) AND (id <= 9239693))
	        ->  Bitmap Index Scan on sbtest8_pkey  (cost=0.00..30.54 rows=1010 width=0)
	              Index Cond: ((id >= 9238694) AND (id <= 9239693))

for: count_ranges
table 1 : explain SELECT count(c) FROM sbtest1 WHERE id BETWEEN 9269755 AND 9270754
	Aggregate  (cost=4142.65..4142.66 rows=1 width=8)
	  ->  Bitmap Heap Scan on sbtest1  (cost=31.41..4139.97 rows=1071 width=121)
	        Recheck Cond: ((id >= 9269755) AND (id <= 9270754))
	        ->  Bitmap Index Scan on sbtest1_pkey  (cost=0.00..31.14 rows=1071 width=0)
	              Index Cond: ((id >= 9269755) AND (id <= 9270754))

table 2 : explain SELECT count(c) FROM sbtest2 WHERE id BETWEEN 4508288 AND 4509287
	Aggregate  (cost=3768.10..3768.11 rows=1 width=8)
	  ->  Bitmap Heap Scan on sbtest2  (cost=30.40..3765.67 rows=972 width=121)
	        Recheck Cond: ((id >= 4508288) AND (id <= 4509287))
	        ->  Bitmap Index Scan on sbtest2_pkey  (cost=0.00..30.15 rows=972 width=0)
	              Index Cond: ((id >= 4508288) AND (id <= 4509287))

table 3 : explain SELECT count(c) FROM sbtest3 WHERE id BETWEEN 1376807 AND 1377806
	Aggregate  (cost=3508.81..3508.82 rows=1 width=8)
	  ->  Bitmap Heap Scan on sbtest3  (cost=29.68..3506.55 rows=902 width=121)
	        Recheck Cond: ((id >= 1376807) AND (id <= 1377806))
	        ->  Bitmap Index Scan on sbtest3_pkey  (cost=0.00..29.45 rows=902 width=0)
	              Index Cond: ((id >= 1376807) AND (id <= 1377806))

table 4 : explain SELECT count(c) FROM sbtest4 WHERE id BETWEEN 4864512 AND 4865511
	Aggregate  (cost=3946.78..3946.79 rows=1 width=8)
	  ->  Bitmap Heap Scan on sbtest4  (cost=30.87..3944.24 rows=1018 width=121)
	        Recheck Cond: ((id >= 4864512) AND (id <= 4865511))
	        ->  Bitmap Index Scan on sbtest4_pkey  (cost=0.00..30.61 rows=1018 width=0)
	              Index Cond: ((id >= 4864512) AND (id <= 4865511))

table 5 : explain SELECT count(c) FROM sbtest5 WHERE id BETWEEN 7207842 AND 7208841
	Aggregate  (cost=4013.77..4013.78 rows=1 width=8)
	  ->  Bitmap Heap Scan on sbtest5  (cost=31.06..4011.18 rows=1037 width=121)
	        Recheck Cond: ((id >= 7207842) AND (id <= 7208841))
	        ->  Bitmap Index Scan on sbtest5_pkey  (cost=0.00..30.80 rows=1037 width=0)
	              Index Cond: ((id >= 7207842) AND (id <= 7208841))

table 6 : explain SELECT count(c) FROM sbtest6 WHERE id BETWEEN 6187114 AND 6188113
	Aggregate  (cost=3664.27..3664.28 rows=1 width=8)
	  ->  Bitmap Heap Scan on sbtest6  (cost=30.11..3661.91 rows=944 width=121)
	        Recheck Cond: ((id >= 6187114) AND (id <= 6188113))
	        ->  Bitmap Index Scan on sbtest6_pkey  (cost=0.00..29.87 rows=944 width=0)
	              Index Cond: ((id >= 6187114) AND (id <= 6188113))

table 7 : explain SELECT count(c) FROM sbtest7 WHERE id BETWEEN 3173731 AND 3174730
	Aggregate  (cost=3865.25..3865.26 rows=1 width=8)
	  ->  Bitmap Heap Scan on sbtest7  (cost=30.64..3862.76 rows=996 width=121)
	        Recheck Cond: ((id >= 3173731) AND (id <= 3174730))
	        ->  Bitmap Index Scan on sbtest7_pkey  (cost=0.00..30.39 rows=996 width=0)
	              Index Cond: ((id >= 3173731) AND (id <= 3174730))

table 8 : explain SELECT count(c) FROM sbtest8 WHERE id BETWEEN 6101279 AND 6102278
	Aggregate  (cost=4171.23..4171.24 rows=1 width=8)
	  ->  Bitmap Heap Scan on sbtest8  (cost=31.49..4168.53 rows=1079 width=121)
	        Recheck Cond: ((id >= 6101279) AND (id <= 6102278))
	        ->  Bitmap Index Scan on sbtest8_pkey  (cost=0.00..31.22 rows=1079 width=0)
	              Index Cond: ((id >= 6101279) AND (id <= 6102278))

for: count_ranges
table 1 : explain SELECT count(c) FROM sbtest1 WHERE id BETWEEN 3452521 AND 3453520
	Aggregate  (cost=4007.03..4007.04 rows=1 width=8)
	  ->  Bitmap Heap Scan on sbtest1  (cost=31.04..4004.44 rows=1035 width=121)
	        Recheck Cond: ((id >= 3452521) AND (id <= 3453520))
	        ->  Bitmap Index Scan on sbtest1_pkey  (cost=0.00..30.79 rows=1035 width=0)
	              Index Cond: ((id >= 3452521) AND (id <= 3453520))

table 2 : explain SELECT count(c) FROM sbtest2 WHERE id BETWEEN 5422859 AND 5423858
	Aggregate  (cost=4065.96..4065.97 rows=1 width=8)
	  ->  Bitmap Heap Scan on sbtest2  (cost=31.21..4063.33 rows=1051 width=121)
	        Recheck Cond: ((id >= 5422859) AND (id <= 5423858))
	        ->  Bitmap Index Scan on sbtest2_pkey  (cost=0.00..30.94 rows=1051 width=0)
	              Index Cond: ((id >= 5422859) AND (id <= 5423858))

table 3 : explain SELECT count(c) FROM sbtest3 WHERE id BETWEEN 6523078 AND 6524077
	Aggregate  (cost=4178.30..4178.31 rows=1 width=8)
	  ->  Bitmap Heap Scan on sbtest3  (cost=31.49..4175.60 rows=1079 width=121)
	        Recheck Cond: ((id >= 6523078) AND (id <= 6524077))
	        ->  Bitmap Index Scan on sbtest3_pkey  (cost=0.00..31.22 rows=1079 width=0)
	              Index Cond: ((id >= 6523078) AND (id <= 6524077))

table 4 : explain SELECT count(c) FROM sbtest4 WHERE id BETWEEN 7842523 AND 7843522
	Aggregate  (cost=3780.47..3780.48 rows=1 width=8)
	  ->  Bitmap Heap Scan on sbtest4  (cost=30.42..3778.03 rows=974 width=121)
	        Recheck Cond: ((id >= 7842523) AND (id <= 7843522))
	        ->  Bitmap Index Scan on sbtest4_pkey  (cost=0.00..30.18 rows=974 width=0)
	              Index Cond: ((id >= 7842523) AND (id <= 7843522))

table 5 : explain SELECT count(c) FROM sbtest5 WHERE id BETWEEN 5050931 AND 5051930
	Aggregate  (cost=3862.95..3862.96 rows=1 width=8)
	  ->  Bitmap Heap Scan on sbtest5  (cost=30.65..3860.46 rows=997 width=121)
	        Recheck Cond: ((id >= 5050931) AND (id <= 5051930))
	        ->  Bitmap Index Scan on sbtest5_pkey  (cost=0.00..30.40 rows=997 width=0)
	              Index Cond: ((id >= 5050931) AND (id <= 5051930))

table 6 : explain SELECT count(c) FROM sbtest6 WHERE id BETWEEN 3461360 AND 3462359
	Aggregate  (cost=4158.64..4158.65 rows=1 width=8)
	  ->  Bitmap Heap Scan on sbtest6  (cost=31.45..4155.95 rows=1075 width=121)
	        Recheck Cond: ((id >= 3461360) AND (id <= 3462359))
	        ->  Bitmap Index Scan on sbtest6_pkey  (cost=0.00..31.18 rows=1075 width=0)
	              Index Cond: ((id >= 3461360) AND (id <= 3462359))

table 7 : explain SELECT count(c) FROM sbtest7 WHERE id BETWEEN 4801486 AND 4802485
	Aggregate  (cost=4412.65..4412.66 rows=1 width=8)
	  ->  Bitmap Heap Scan on sbtest7  (cost=36.12..4409.80 rows=1140 width=121)
	        Recheck Cond: ((id >= 4801486) AND (id <= 4802485))
	        ->  Bitmap Index Scan on sbtest7_pkey  (cost=0.00..35.84 rows=1140 width=0)
	              Index Cond: ((id >= 4801486) AND (id <= 4802485))

table 8 : explain SELECT count(c) FROM sbtest8 WHERE id BETWEEN 1105974 AND 1106973
	Aggregate  (cost=3798.20..3798.21 rows=1 width=8)
	  ->  Bitmap Heap Scan on sbtest8  (cost=30.48..3795.75 rows=980 width=121)
	        Recheck Cond: ((id >= 1105974) AND (id <= 1106973))
	        ->  Bitmap Index Scan on sbtest8_pkey  (cost=0.00..30.23 rows=980 width=0)
	              Index Cond: ((id >= 1105974) AND (id <= 1106973))

for: count_ranges
table 1 : explain SELECT count(c) FROM sbtest1 WHERE id BETWEEN 8420059 AND 8421058
	Aggregate  (cost=3720.19..3720.20 rows=1 width=8)
	  ->  Bitmap Heap Scan on sbtest1  (cost=30.26..3717.80 rows=959 width=121)
	        Recheck Cond: ((id >= 8420059) AND (id <= 8421058))
	        ->  Bitmap Index Scan on sbtest1_pkey  (cost=0.00..30.02 rows=959 width=0)
	              Index Cond: ((id >= 8420059) AND (id <= 8421058))

table 2 : explain SELECT count(c) FROM sbtest2 WHERE id BETWEEN 1340876 AND 1341875
	Aggregate  (cost=3937.87..3937.88 rows=1 width=8)
	  ->  Bitmap Heap Scan on sbtest2  (cost=30.86..3935.32 rows=1017 width=121)
	        Recheck Cond: ((id >= 1340876) AND (id <= 1341875))
	        ->  Bitmap Index Scan on sbtest2_pkey  (cost=0.00..30.61 rows=1017 width=0)
	              Index Cond: ((id >= 1340876) AND (id <= 1341875))

table 3 : explain SELECT count(c) FROM sbtest3 WHERE id BETWEEN 587581 AND 588580
	Aggregate  (cost=4034.89..4034.90 rows=1 width=8)
	  ->  Bitmap Heap Scan on sbtest3  (cost=31.11..4032.29 rows=1041 width=121)
	        Recheck Cond: ((id >= 587581) AND (id <= 588580))
	        ->  Bitmap Index Scan on sbtest3_pkey  (cost=0.00..30.84 rows=1041 width=0)
	              Index Cond: ((id >= 587581) AND (id <= 588580))

table 4 : explain SELECT count(c) FROM sbtest4 WHERE id BETWEEN 7892614 AND 7893613
	Aggregate  (cost=3961.89..3961.90 rows=1 width=8)
	  ->  Bitmap Heap Scan on sbtest4  (cost=30.91..3959.33 rows=1022 width=121)
	        Recheck Cond: ((id >= 7892614) AND (id <= 7893613))
	        ->  Bitmap Index Scan on sbtest4_pkey  (cost=0.00..30.65 rows=1022 width=0)
	              Index Cond: ((id >= 7892614) AND (id <= 7893613))

table 5 : explain SELECT count(c) FROM sbtest5 WHERE id BETWEEN 6586425 AND 6587424
	Aggregate  (cost=4051.45..4051.46 rows=1 width=8)
	  ->  Bitmap Heap Scan on sbtest5  (cost=31.17..4048.83 rows=1047 width=121)
	        Recheck Cond: ((id >= 6586425) AND (id <= 6587424))
	        ->  Bitmap Index Scan on sbtest5_pkey  (cost=0.00..30.90 rows=1047 width=0)
	              Index Cond: ((id >= 6586425) AND (id <= 6587424))

table 6 : explain SELECT count(c) FROM sbtest6 WHERE id BETWEEN 7780414 AND 7781413
	Aggregate  (cost=3713.42..3713.43 rows=1 width=8)
	  ->  Bitmap Heap Scan on sbtest6  (cost=30.24..3711.03 rows=957 width=121)
	        Recheck Cond: ((id >= 7780414) AND (id <= 7781413))
	        ->  Bitmap Index Scan on sbtest6_pkey  (cost=0.00..30.00 rows=957 width=0)
	              Index Cond: ((id >= 7780414) AND (id <= 7781413))

table 7 : explain SELECT count(c) FROM sbtest7 WHERE id BETWEEN 3727823 AND 3728822
	Aggregate  (cost=3732.80..3732.81 rows=1 width=8)
	  ->  Bitmap Heap Scan on sbtest7  (cost=30.29..3730.39 rows=961 width=121)
	        Recheck Cond: ((id >= 3727823) AND (id <= 3728822))
	        ->  Bitmap Index Scan on sbtest7_pkey  (cost=0.00..30.04 rows=961 width=0)
	              Index Cond: ((id >= 3727823) AND (id <= 3728822))

table 8 : explain SELECT count(c) FROM sbtest8 WHERE id BETWEEN 9315873 AND 9316872
	Aggregate  (cost=3533.46..3533.47 rows=1 width=8)
	  ->  Bitmap Heap Scan on sbtest8  (cost=25.77..3531.18 rows=911 width=121)
	        Recheck Cond: ((id >= 9315873) AND (id <= 9316872))
	        ->  Bitmap Index Scan on sbtest8_pkey  (cost=0.00..25.54 rows=911 width=0)
	              Index Cond: ((id >= 9315873) AND (id <= 9316872))

for: count_ranges
table 1 : explain SELECT count(c) FROM sbtest1 WHERE id BETWEEN 1541030 AND 1542029
	Aggregate  (cost=3648.37..3648.38 rows=1 width=8)
	  ->  Bitmap Heap Scan on sbtest1  (cost=30.07..3646.02 rows=940 width=121)
	        Recheck Cond: ((id >= 1541030) AND (id <= 1542029))
	        ->  Bitmap Index Scan on sbtest1_pkey  (cost=0.00..29.83 rows=940 width=0)
	              Index Cond: ((id >= 1541030) AND (id <= 1542029))

table 2 : explain SELECT count(c) FROM sbtest2 WHERE id BETWEEN 6213209 AND 6214208
	Aggregate  (cost=4250.32..4250.33 rows=1 width=8)
	  ->  Bitmap Heap Scan on sbtest2  (cost=31.71..4247.57 rows=1100 width=121)
	        Recheck Cond: ((id >= 6213209) AND (id <= 6214208))
	        ->  Bitmap Index Scan on sbtest2_pkey  (cost=0.00..31.43 rows=1100 width=0)
	              Index Cond: ((id >= 6213209) AND (id <= 6214208))

table 3 : explain SELECT count(c) FROM sbtest3 WHERE id BETWEEN 5131004 AND 5132003
	Aggregate  (cost=4000.90..4000.91 rows=1 width=8)
	  ->  Bitmap Heap Scan on sbtest3  (cost=31.01..3998.32 rows=1032 width=121)
	        Recheck Cond: ((id >= 5131004) AND (id <= 5132003))
	        ->  Bitmap Index Scan on sbtest3_pkey  (cost=0.00..30.75 rows=1032 width=0)
	              Index Cond: ((id >= 5131004) AND (id <= 5132003))

table 4 : explain SELECT count(c) FROM sbtest4 WHERE id BETWEEN 2179448 AND 2180447
	Aggregate  (cost=3856.09..3856.10 rows=1 width=8)
	  ->  Bitmap Heap Scan on sbtest4  (cost=30.62..3853.61 rows=994 width=121)
	        Recheck Cond: ((id >= 2179448) AND (id <= 2180447))
	        ->  Bitmap Index Scan on sbtest4_pkey  (cost=0.00..30.37 rows=994 width=0)
	              Index Cond: ((id >= 2179448) AND (id <= 2180447))

table 5 : explain SELECT count(c) FROM sbtest5 WHERE id BETWEEN 3970543 AND 3971542
	Aggregate  (cost=4074.04..4074.05 rows=1 width=8)
	  ->  Bitmap Heap Scan on sbtest5  (cost=31.23..4071.41 rows=1053 width=121)
	        Recheck Cond: ((id >= 3970543) AND (id <= 3971542))
	        ->  Bitmap Index Scan on sbtest5_pkey  (cost=0.00..30.96 rows=1053 width=0)
	              Index Cond: ((id >= 3970543) AND (id <= 3971542))

table 6 : explain SELECT count(c) FROM sbtest6 WHERE id BETWEEN 2954047 AND 2955046
	Aggregate  (cost=3728.54..3728.55 rows=1 width=8)
	  ->  Bitmap Heap Scan on sbtest6  (cost=30.29..3726.14 rows=961 width=121)
	        Recheck Cond: ((id >= 2954047) AND (id <= 2955046))
	        ->  Bitmap Index Scan on sbtest6_pkey  (cost=0.00..30.04 rows=961 width=0)
	              Index Cond: ((id >= 2954047) AND (id <= 2955046))

table 7 : explain SELECT count(c) FROM sbtest7 WHERE id BETWEEN 6848232 AND 6849231
	Aggregate  (cost=4054.21..4054.22 rows=1 width=8)
	  ->  Bitmap Heap Scan on sbtest7  (cost=31.16..4051.60 rows=1046 width=121)
	        Recheck Cond: ((id >= 6848232) AND (id <= 6849231))
	        ->  Bitmap Index Scan on sbtest7_pkey  (cost=0.00..30.89 rows=1046 width=0)
	              Index Cond: ((id >= 6848232) AND (id <= 6849231))

table 8 : explain SELECT count(c) FROM sbtest8 WHERE id BETWEEN 8027309 AND 8028308
	Aggregate  (cost=4073.38..4073.39 rows=1 width=8)
	  ->  Bitmap Heap Scan on sbtest8  (cost=31.23..4070.74 rows=1053 width=121)
	        Recheck Cond: ((id >= 8027309) AND (id <= 8028308))
	        ->  Bitmap Index Scan on sbtest8_pkey  (cost=0.00..30.96 rows=1053 width=0)
	              Index Cond: ((id >= 8027309) AND (id <= 8028308))

for: count_ranges
table 1 : explain SELECT count(c) FROM sbtest1 WHERE id BETWEEN 7734057 AND 7735056
	Aggregate  (cost=4093.69..4093.70 rows=1 width=8)
	  ->  Bitmap Heap Scan on sbtest1  (cost=31.28..4091.05 rows=1058 width=121)
	        Recheck Cond: ((id >= 7734057) AND (id <= 7735056))
	        ->  Bitmap Index Scan on sbtest1_pkey  (cost=0.00..31.01 rows=1058 width=0)
	              Index Cond: ((id >= 7734057) AND (id <= 7735056))

table 2 : explain SELECT count(c) FROM sbtest2 WHERE id BETWEEN 1001032 AND 1002031
	Aggregate  (cost=3495.71..3495.72 rows=1 width=8)
	  ->  Bitmap Heap Scan on sbtest2  (cost=25.67..3493.46 rows=901 width=121)
	        Recheck Cond: ((id >= 1001032) AND (id <= 1002031))
	        ->  Bitmap Index Scan on sbtest2_pkey  (cost=0.00..25.44 rows=901 width=0)
	              Index Cond: ((id >= 1001032) AND (id <= 1002031))

table 3 : explain SELECT count(c) FROM sbtest3 WHERE id BETWEEN 2823245 AND 2824244
	Aggregate  (cost=3717.26..3717.27 rows=1 width=8)
	  ->  Bitmap Heap Scan on sbtest3  (cost=30.24..3714.87 rows=957 width=121)
	        Recheck Cond: ((id >= 2823245) AND (id <= 2824244))
	        ->  Bitmap Index Scan on sbtest3_pkey  (cost=0.00..30.00 rows=957 width=0)
	              Index Cond: ((id >= 2823245) AND (id <= 2824244))

table 4 : explain SELECT count(c) FROM sbtest4 WHERE id BETWEEN 2560644 AND 2561643
	Aggregate  (cost=4278.70..4278.71 rows=1 width=8)
	  ->  Bitmap Heap Scan on sbtest4  (cost=31.77..4275.94 rows=1106 width=121)
	        Recheck Cond: ((id >= 2560644) AND (id <= 2561643))
	        ->  Bitmap Index Scan on sbtest4_pkey  (cost=0.00..31.50 rows=1106 width=0)
	              Index Cond: ((id >= 2560644) AND (id <= 2561643))

table 5 : explain SELECT count(c) FROM sbtest5 WHERE id BETWEEN 2238388 AND 2239387
	Aggregate  (cost=3537.78..3537.79 rows=1 width=8)
	  ->  Bitmap Heap Scan on sbtest5  (cost=25.78..3535.50 rows=912 width=121)
	        Recheck Cond: ((id >= 2238388) AND (id <= 2239387))
	        ->  Bitmap Index Scan on sbtest5_pkey  (cost=0.00..25.55 rows=912 width=0)
	              Index Cond: ((id >= 2238388) AND (id <= 2239387))

table 6 : explain SELECT count(c) FROM sbtest6 WHERE id BETWEEN 9938035 AND 9939034
	Aggregate  (cost=4226.40..4226.41 rows=1 width=8)
	  ->  Bitmap Heap Scan on sbtest6  (cost=31.64..4223.67 rows=1093 width=121)
	        Recheck Cond: ((id >= 9938035) AND (id <= 9939034))
	        ->  Bitmap Index Scan on sbtest6_pkey  (cost=0.00..31.36 rows=1093 width=0)
	              Index Cond: ((id >= 9938035) AND (id <= 9939034))

table 7 : explain SELECT count(c) FROM sbtest7 WHERE id BETWEEN 1068052 AND 1069051
	Aggregate  (cost=3940.87..3940.88 rows=1 width=8)
	  ->  Bitmap Heap Scan on sbtest7  (cost=30.85..3938.33 rows=1016 width=121)
	        Recheck Cond: ((id >= 1068052) AND (id <= 1069051))
	        ->  Bitmap Index Scan on sbtest7_pkey  (cost=0.00..30.59 rows=1016 width=0)
	              Index Cond: ((id >= 1068052) AND (id <= 1069051))

table 8 : explain SELECT count(c) FROM sbtest8 WHERE id BETWEEN 1861900 AND 1862899
	Aggregate  (cost=3423.68..3423.69 rows=1 width=8)
	  ->  Bitmap Heap Scan on sbtest8  (cost=25.48..3421.48 rows=882 width=121)
	        Recheck Cond: ((id >= 1861900) AND (id <= 1862899))
	        ->  Bitmap Index Scan on sbtest8_pkey  (cost=0.00..25.25 rows=882 width=0)
	              Index Cond: ((id >= 1861900) AND (id <= 1862899))

for: count_ranges
table 1 : explain SELECT count(c) FROM sbtest1 WHERE id BETWEEN 793698 AND 794697
	Aggregate  (cost=3814.63..3814.64 rows=1 width=8)
	  ->  Bitmap Heap Scan on sbtest1  (cost=30.52..3812.17 rows=984 width=121)
	        Recheck Cond: ((id >= 793698) AND (id <= 794697))
	        ->  Bitmap Index Scan on sbtest1_pkey  (cost=0.00..30.27 rows=984 width=0)
	              Index Cond: ((id >= 793698) AND (id <= 794697))

table 2 : explain SELECT count(c) FROM sbtest2 WHERE id BETWEEN 7628203 AND 7629202
	Aggregate  (cost=3956.71..3956.72 rows=1 width=8)
	  ->  Bitmap Heap Scan on sbtest2  (cost=30.91..3954.16 rows=1022 width=121)
	        Recheck Cond: ((id >= 7628203) AND (id <= 7629202))
	        ->  Bitmap Index Scan on sbtest2_pkey  (cost=0.00..30.65 rows=1022 width=0)
	              Index Cond: ((id >= 7628203) AND (id <= 7629202))

table 3 : explain SELECT count(c) FROM sbtest3 WHERE id BETWEEN 7426468 AND 7427467
	Aggregate  (cost=3705.90..3705.91 rows=1 width=8)
	  ->  Bitmap Heap Scan on sbtest3  (cost=30.21..3703.52 rows=954 width=121)
	        Recheck Cond: ((id >= 7426468) AND (id <= 7427467))
	        ->  Bitmap Index Scan on sbtest3_pkey  (cost=0.00..29.97 rows=954 width=0)
	              Index Cond: ((id >= 7426468) AND (id <= 7427467))

table 4 : explain SELECT count(c) FROM sbtest4 WHERE id BETWEEN 8514048 AND 8515047
	Aggregate  (cost=3750.20..3750.21 rows=1 width=8)
	  ->  Bitmap Heap Scan on sbtest4  (cost=30.34..3747.79 rows=966 width=121)
	        Recheck Cond: ((id >= 8514048) AND (id <= 8515047))
	        ->  Bitmap Index Scan on sbtest4_pkey  (cost=0.00..30.09 rows=966 width=0)
	              Index Cond: ((id >= 8514048) AND (id <= 8515047))

table 5 : explain SELECT count(c) FROM sbtest5 WHERE id BETWEEN 1990021 AND 1991020
	Aggregate  (cost=4006.24..4006.25 rows=1 width=8)
	  ->  Bitmap Heap Scan on sbtest5  (cost=31.04..4003.65 rows=1035 width=121)
	        Recheck Cond: ((id >= 1990021) AND (id <= 1991020))
	        ->  Bitmap Index Scan on sbtest5_pkey  (cost=0.00..30.79 rows=1035 width=0)
	              Index Cond: ((id >= 1990021) AND (id <= 1991020))

table 6 : explain SELECT count(c) FROM sbtest6 WHERE id BETWEEN 1264760 AND 1265759
	Aggregate  (cost=4064.46..4064.47 rows=1 width=8)
	  ->  Bitmap Heap Scan on sbtest6  (cost=31.20..4061.84 rows=1050 width=121)
	        Recheck Cond: ((id >= 1264760) AND (id <= 1265759))
	        ->  Bitmap Index Scan on sbtest6_pkey  (cost=0.00..30.93 rows=1050 width=0)
	              Index Cond: ((id >= 1264760) AND (id <= 1265759))

table 7 : explain SELECT count(c) FROM sbtest7 WHERE id BETWEEN 1566898 AND 1567897
	Aggregate  (cost=3933.31..3933.32 rows=1 width=8)
	  ->  Bitmap Heap Scan on sbtest7  (cost=30.83..3930.78 rows=1014 width=121)
	        Recheck Cond: ((id >= 1566898) AND (id <= 1567897))
	        ->  Bitmap Index Scan on sbtest7_pkey  (cost=0.00..30.57 rows=1014 width=0)
	              Index Cond: ((id >= 1566898) AND (id <= 1567897))

table 8 : explain SELECT count(c) FROM sbtest8 WHERE id BETWEEN 4938323 AND 4939322
	Aggregate  (cost=4016.89..4016.90 rows=1 width=8)
	  ->  Bitmap Heap Scan on sbtest8  (cost=31.07..4014.29 rows=1038 width=121)
	        Recheck Cond: ((id >= 4938323) AND (id <= 4939322))
	        ->  Bitmap Index Scan on sbtest8_pkey  (cost=0.00..30.82 rows=1038 width=0)
	              Index Cond: ((id >= 4938323) AND (id <= 4939322))

for: count_ranges
table 1 : explain SELECT count(c) FROM sbtest1 WHERE id BETWEEN 6714126 AND 6715125
	Aggregate  (cost=3810.85..3810.86 rows=1 width=8)
	  ->  Bitmap Heap Scan on sbtest1  (cost=30.51..3808.40 rows=983 width=121)
	        Recheck Cond: ((id >= 6714126) AND (id <= 6715125))
	        ->  Bitmap Index Scan on sbtest1_pkey  (cost=0.00..30.26 rows=983 width=0)
	              Index Cond: ((id >= 6714126) AND (id <= 6715125))

table 2 : explain SELECT count(c) FROM sbtest2 WHERE id BETWEEN 8756706 AND 8757705
	Aggregate  (cost=3934.10..3934.11 rows=1 width=8)
	  ->  Bitmap Heap Scan on sbtest2  (cost=30.85..3931.56 rows=1016 width=121)
	        Recheck Cond: ((id >= 8756706) AND (id <= 8757705))
	        ->  Bitmap Index Scan on sbtest2_pkey  (cost=0.00..30.59 rows=1016 width=0)
	              Index Cond: ((id >= 8756706) AND (id <= 8757705))

table 3 : explain SELECT count(c) FROM sbtest3 WHERE id BETWEEN 3956311 AND 3957310
	Aggregate  (cost=3913.99..3914.00 rows=1 width=8)
	  ->  Bitmap Heap Scan on sbtest3  (cost=30.78..3911.47 rows=1009 width=121)
	        Recheck Cond: ((id >= 3956311) AND (id <= 3957310))
	        ->  Bitmap Index Scan on sbtest3_pkey  (cost=0.00..30.52 rows=1009 width=0)
	              Index Cond: ((id >= 3956311) AND (id <= 3957310))

table 4 : explain SELECT count(c) FROM sbtest4 WHERE id BETWEEN 3461445 AND 3462444
	Aggregate  (cost=3859.87..3859.88 rows=1 width=8)
	  ->  Bitmap Heap Scan on sbtest4  (cost=30.63..3857.39 rows=995 width=121)
	        Recheck Cond: ((id >= 3461445) AND (id <= 3462444))
	        ->  Bitmap Index Scan on sbtest4_pkey  (cost=0.00..30.39 rows=995 width=0)
	              Index Cond: ((id >= 3461445) AND (id <= 3462444))

table 5 : explain SELECT count(c) FROM sbtest5 WHERE id BETWEEN 3465717 AND 3466716
	Aggregate  (cost=3828.99..3829.00 rows=1 width=8)
	  ->  Bitmap Heap Scan on sbtest5  (cost=30.56..3826.52 rows=988 width=121)
	        Recheck Cond: ((id >= 3465717) AND (id <= 3466716))
	        ->  Bitmap Index Scan on sbtest5_pkey  (cost=0.00..30.32 rows=988 width=0)
	              Index Cond: ((id >= 3465717) AND (id <= 3466716))

table 6 : explain SELECT count(c) FROM sbtest6 WHERE id BETWEEN 5411026 AND 5412025
	Aggregate  (cost=4053.15..4053.16 rows=1 width=8)
	  ->  Bitmap Heap Scan on sbtest6  (cost=31.17..4050.54 rows=1047 width=121)
	        Recheck Cond: ((id >= 5411026) AND (id <= 5412025))
	        ->  Bitmap Index Scan on sbtest6_pkey  (cost=0.00..30.90 rows=1047 width=0)
	              Index Cond: ((id >= 5411026) AND (id <= 5412025))

table 7 : explain SELECT count(c) FROM sbtest7 WHERE id BETWEEN 3548084 AND 3549083
	Aggregate  (cost=4012.67..4012.68 rows=1 width=8)
	  ->  Bitmap Heap Scan on sbtest7  (cost=31.04..4010.08 rows=1035 width=121)
	        Recheck Cond: ((id >= 3548084) AND (id <= 3549083))
	        ->  Bitmap Index Scan on sbtest7_pkey  (cost=0.00..30.79 rows=1035 width=0)
	              Index Cond: ((id >= 3548084) AND (id <= 3549083))

table 8 : explain SELECT count(c) FROM sbtest8 WHERE id BETWEEN 3755440 AND 3756439
	Aggregate  (cost=3518.32..3518.33 rows=1 width=8)
	  ->  Bitmap Heap Scan on sbtest8  (cost=25.73..3516.06 rows=907 width=121)
	        Recheck Cond: ((id >= 3755440) AND (id <= 3756439))
	        ->  Bitmap Index Scan on sbtest8_pkey  (cost=0.00..25.50 rows=907 width=0)
	              Index Cond: ((id >= 3755440) AND (id <= 3756439))

for: count_ranges
table 1 : explain SELECT count(c) FROM sbtest1 WHERE id BETWEEN 199792 AND 200791
	Aggregate  (cost=3856.16..3856.17 rows=1 width=8)
	  ->  Bitmap Heap Scan on sbtest1  (cost=30.63..3853.67 rows=995 width=121)
	        Recheck Cond: ((id >= 199792) AND (id <= 200791))
	        ->  Bitmap Index Scan on sbtest1_pkey  (cost=0.00..30.39 rows=995 width=0)
	              Index Cond: ((id >= 199792) AND (id <= 200791))

table 2 : explain SELECT count(c) FROM sbtest2 WHERE id BETWEEN 1890371 AND 1891370
	Aggregate  (cost=4224.00..4224.01 rows=1 width=8)
	  ->  Bitmap Heap Scan on sbtest2  (cost=31.64..4221.27 rows=1093 width=121)
	        Recheck Cond: ((id >= 1890371) AND (id <= 1891370))
	        ->  Bitmap Index Scan on sbtest2_pkey  (cost=0.00..31.36 rows=1093 width=0)
	              Index Cond: ((id >= 1890371) AND (id <= 1891370))

table 3 : explain SELECT count(c) FROM sbtest3 WHERE id BETWEEN 7904077 AND 7905076
	Aggregate  (cost=3845.93..3845.94 rows=1 width=8)
	  ->  Bitmap Heap Scan on sbtest3  (cost=30.59..3843.45 rows=991 width=121)
	        Recheck Cond: ((id >= 7904077) AND (id <= 7905076))
	        ->  Bitmap Index Scan on sbtest3_pkey  (cost=0.00..30.34 rows=991 width=0)
	              Index Cond: ((id >= 7904077) AND (id <= 7905076))

table 4 : explain SELECT count(c) FROM sbtest4 WHERE id BETWEEN 2255745 AND 2256744
	Aggregate  (cost=4056.27..4056.28 rows=1 width=8)
	  ->  Bitmap Heap Scan on sbtest4  (cost=31.17..4053.65 rows=1047 width=121)
	        Recheck Cond: ((id >= 2255745) AND (id <= 2256744))
	        ->  Bitmap Index Scan on sbtest4_pkey  (cost=0.00..30.90 rows=1047 width=0)
	              Index Cond: ((id >= 2255745) AND (id <= 2256744))

table 5 : explain SELECT count(c) FROM sbtest5 WHERE id BETWEEN 742632 AND 743631
	Aggregate  (cost=4431.28..4431.29 rows=1 width=8)
	  ->  Bitmap Heap Scan on sbtest5  (cost=32.21..4428.41 rows=1149 width=121)
	        Recheck Cond: ((id >= 742632) AND (id <= 743631))
	        ->  Bitmap Index Scan on sbtest5_pkey  (cost=0.00..31.93 rows=1149 width=0)
	              Index Cond: ((id >= 742632) AND (id <= 743631))

table 6 : explain SELECT count(c) FROM sbtest6 WHERE id BETWEEN 3371405 AND 3372404
	Aggregate  (cost=3996.60..3996.61 rows=1 width=8)
	  ->  Bitmap Heap Scan on sbtest6  (cost=31.01..3994.02 rows=1032 width=121)
	        Recheck Cond: ((id >= 3371405) AND (id <= 3372404))
	        ->  Bitmap Index Scan on sbtest6_pkey  (cost=0.00..30.75 rows=1032 width=0)
	              Index Cond: ((id >= 3371405) AND (id <= 3372404))

table 7 : explain SELECT count(c) FROM sbtest7 WHERE id BETWEEN 9585084 AND 9586083
	Aggregate  (cost=4235.56..4235.57 rows=1 width=8)
	  ->  Bitmap Heap Scan on sbtest7  (cost=35.64..4232.83 rows=1093 width=121)
	        Recheck Cond: ((id >= 9585084) AND (id <= 9586083))
	        ->  Bitmap Index Scan on sbtest7_pkey  (cost=0.00..35.37 rows=1093 width=0)
	              Index Cond: ((id >= 9585084) AND (id <= 9586083))

table 8 : explain SELECT count(c) FROM sbtest8 WHERE id BETWEEN 5128106 AND 5129105
	Aggregate  (cost=4141.13..4141.14 rows=1 width=8)
	  ->  Bitmap Heap Scan on sbtest8  (cost=31.41..4138.45 rows=1071 width=121)
	        Recheck Cond: ((id >= 5128106) AND (id <= 5129105))
	        ->  Bitmap Index Scan on sbtest8_pkey  (cost=0.00..31.14 rows=1071 width=0)
	              Index Cond: ((id >= 5128106) AND (id <= 5129105))

for: count_ranges
table 1 : explain SELECT count(c) FROM sbtest1 WHERE id BETWEEN 6901915 AND 6902914
	Aggregate  (cost=3799.53..3799.54 rows=1 width=8)
	  ->  Bitmap Heap Scan on sbtest1  (cost=30.48..3797.08 rows=980 width=121)
	        Recheck Cond: ((id >= 6901915) AND (id <= 6902914))
	        ->  Bitmap Index Scan on sbtest1_pkey  (cost=0.00..30.23 rows=980 width=0)
	              Index Cond: ((id >= 6901915) AND (id <= 6902914))

table 2 : explain SELECT count(c) FROM sbtest2 WHERE id BETWEEN 1574632 AND 1575631
	Aggregate  (cost=3734.11..3734.12 rows=1 width=8)
	  ->  Bitmap Heap Scan on sbtest2  (cost=30.31..3731.71 rows=963 width=121)
	        Recheck Cond: ((id >= 1574632) AND (id <= 1575631))
	        ->  Bitmap Index Scan on sbtest2_pkey  (cost=0.00..30.07 rows=963 width=0)
	              Index Cond: ((id >= 1574632) AND (id <= 1575631))

table 3 : explain SELECT count(c) FROM sbtest3 WHERE id BETWEEN 2796271 AND 2797270
	Aggregate  (cost=3671.81..3671.82 rows=1 width=8)
	  ->  Bitmap Heap Scan on sbtest3  (cost=30.12..3669.45 rows=945 width=121)
	        Recheck Cond: ((id >= 2796271) AND (id <= 2797270))
	        ->  Bitmap Index Scan on sbtest3_pkey  (cost=0.00..29.89 rows=945 width=0)
	              Index Cond: ((id >= 2796271) AND (id <= 2797270))

table 4 : explain SELECT count(c) FROM sbtest4 WHERE id BETWEEN 5899705 AND 5900704
	Aggregate  (cost=4271.17..4271.18 rows=1 width=8)
	  ->  Bitmap Heap Scan on sbtest4  (cost=31.75..4268.41 rows=1104 width=121)
	        Recheck Cond: ((id >= 5899705) AND (id <= 5900704))
	        ->  Bitmap Index Scan on sbtest4_pkey  (cost=0.00..31.47 rows=1104 width=0)
	              Index Cond: ((id >= 5899705) AND (id <= 5900704))

table 5 : explain SELECT count(c) FROM sbtest5 WHERE id BETWEEN 1271428 AND 1272427
	Aggregate  (cost=3560.48..3560.49 rows=1 width=8)
	  ->  Bitmap Heap Scan on sbtest5  (cost=25.84..3558.19 rows=918 width=121)
	        Recheck Cond: ((id >= 1271428) AND (id <= 1272427))
	        ->  Bitmap Index Scan on sbtest5_pkey  (cost=0.00..25.61 rows=918 width=0)
	              Index Cond: ((id >= 1271428) AND (id <= 1272427))

table 6 : explain SELECT count(c) FROM sbtest6 WHERE id BETWEEN 7347004 AND 7348003
	Aggregate  (cost=3913.61..3913.62 rows=1 width=8)
	  ->  Bitmap Heap Scan on sbtest6  (cost=30.79..3911.09 rows=1010 width=121)
	        Recheck Cond: ((id >= 7347004) AND (id <= 7348003))
	        ->  Bitmap Index Scan on sbtest6_pkey  (cost=0.00..30.54 rows=1010 width=0)
	              Index Cond: ((id >= 7347004) AND (id <= 7348003))

table 7 : explain SELECT count(c) FROM sbtest7 WHERE id BETWEEN 3232125 AND 3233124
	Aggregate  (cost=3921.97..3921.98 rows=1 width=8)
	  ->  Bitmap Heap Scan on sbtest7  (cost=30.80..3919.45 rows=1011 width=121)
	        Recheck Cond: ((id >= 3232125) AND (id <= 3233124))
	        ->  Bitmap Index Scan on sbtest7_pkey  (cost=0.00..30.54 rows=1011 width=0)
	              Index Cond: ((id >= 3232125) AND (id <= 3233124))

table 8 : explain SELECT count(c) FROM sbtest8 WHERE id BETWEEN 9696655 AND 9697654
	Aggregate  (cost=3937.76..3937.77 rows=1 width=8)
	  ->  Bitmap Heap Scan on sbtest8  (cost=30.86..3935.21 rows=1017 width=121)
	        Recheck Cond: ((id >= 9696655) AND (id <= 9697654))
	        ->  Bitmap Index Scan on sbtest8_pkey  (cost=0.00..30.61 rows=1017 width=0)
	              Index Cond: ((id >= 9696655) AND (id <= 9697654))

for: count_ranges
table 1 : explain SELECT count(c) FROM sbtest1 WHERE id BETWEEN 1082487 AND 1083486
	Aggregate  (cost=3980.64..3980.65 rows=1 width=8)
	  ->  Bitmap Heap Scan on sbtest1  (cost=30.97..3978.07 rows=1028 width=121)
	        Recheck Cond: ((id >= 1082487) AND (id <= 1083486))
	        ->  Bitmap Index Scan on sbtest1_pkey  (cost=0.00..30.71 rows=1028 width=0)
	              Index Cond: ((id >= 1082487) AND (id <= 1083486))

table 2 : explain SELECT count(c) FROM sbtest2 WHERE id BETWEEN 8023983 AND 8024982
	Aggregate  (cost=3952.94..3952.95 rows=1 width=8)
	  ->  Bitmap Heap Scan on sbtest2  (cost=30.90..3950.39 rows=1021 width=121)
	        Recheck Cond: ((id >= 8023983) AND (id <= 8024982))
	        ->  Bitmap Index Scan on sbtest2_pkey  (cost=0.00..30.64 rows=1021 width=0)
	              Index Cond: ((id >= 8023983) AND (id <= 8024982))

table 3 : explain SELECT count(c) FROM sbtest3 WHERE id BETWEEN 1057370 AND 1058369
	Aggregate  (cost=4434.73..4434.74 rows=1 width=8)
	  ->  Bitmap Heap Scan on sbtest3  (cost=36.18..4431.87 rows=1146 width=121)
	        Recheck Cond: ((id >= 1057370) AND (id <= 1058369))
	        ->  Bitmap Index Scan on sbtest3_pkey  (cost=0.00..35.90 rows=1146 width=0)
	              Index Cond: ((id >= 1057370) AND (id <= 1058369))

table 4 : explain SELECT count(c) FROM sbtest4 WHERE id BETWEEN 2470722 AND 2471721
	Aggregate  (cost=3587.18..3587.19 rows=1 width=8)
	  ->  Bitmap Heap Scan on sbtest4  (cost=25.91..3584.87 rows=924 width=121)
	        Recheck Cond: ((id >= 2470722) AND (id <= 2471721))
	        ->  Bitmap Index Scan on sbtest4_pkey  (cost=0.00..25.68 rows=924 width=0)
	              Index Cond: ((id >= 2470722) AND (id <= 2471721))

table 5 : explain SELECT count(c) FROM sbtest5 WHERE id BETWEEN 5587443 AND 5588442
	Aggregate  (cost=3885.59..3885.60 rows=1 width=8)
	  ->  Bitmap Heap Scan on sbtest5  (cost=30.72..3883.08 rows=1003 width=121)
	        Recheck Cond: ((id >= 5587443) AND (id <= 5588442))
	        ->  Bitmap Index Scan on sbtest5_pkey  (cost=0.00..30.46 rows=1003 width=0)
	              Index Cond: ((id >= 5587443) AND (id <= 5588442))

table 6 : explain SELECT count(c) FROM sbtest6 WHERE id BETWEEN 2904699 AND 2905698
	Aggregate  (cost=3728.54..3728.55 rows=1 width=8)
	  ->  Bitmap Heap Scan on sbtest6  (cost=30.29..3726.14 rows=961 width=121)
	        Recheck Cond: ((id >= 2904699) AND (id <= 2905698))
	        ->  Bitmap Index Scan on sbtest6_pkey  (cost=0.00..30.04 rows=961 width=0)
	              Index Cond: ((id >= 2904699) AND (id <= 2905698))

table 7 : explain SELECT count(c) FROM sbtest7 WHERE id BETWEEN 4613200 AND 4614199
	Aggregate  (cost=3952.21..3952.22 rows=1 width=8)
	  ->  Bitmap Heap Scan on sbtest7  (cost=30.88..3949.67 rows=1019 width=121)
	        Recheck Cond: ((id >= 4613200) AND (id <= 4614199))
	        ->  Bitmap Index Scan on sbtest7_pkey  (cost=0.00..30.62 rows=1019 width=0)
	              Index Cond: ((id >= 4613200) AND (id <= 4614199))

table 8 : explain SELECT count(c) FROM sbtest8 WHERE id BETWEEN 8479333 AND 8480332
	Aggregate  (cost=3801.97..3801.98 rows=1 width=8)
	  ->  Bitmap Heap Scan on sbtest8  (cost=30.49..3799.52 rows=981 width=121)
	        Recheck Cond: ((id >= 8479333) AND (id <= 8480332))
	        ->  Bitmap Index Scan on sbtest8_pkey  (cost=0.00..30.25 rows=981 width=0)
	              Index Cond: ((id >= 8479333) AND (id <= 8480332))

for: count_ranges
table 1 : explain SELECT count(c) FROM sbtest1 WHERE id BETWEEN 6914482 AND 6915481
	Aggregate  (cost=4059.79..4059.80 rows=1 width=8)
	  ->  Bitmap Heap Scan on sbtest1  (cost=31.19..4057.17 rows=1049 width=121)
	        Recheck Cond: ((id >= 6914482) AND (id <= 6915481))
	        ->  Bitmap Index Scan on sbtest1_pkey  (cost=0.00..30.93 rows=1049 width=0)
	              Index Cond: ((id >= 6914482) AND (id <= 6915481))

table 2 : explain SELECT count(c) FROM sbtest2 WHERE id BETWEEN 570222 AND 571221
	Aggregate  (cost=4024.53..4024.54 rows=1 width=8)
	  ->  Bitmap Heap Scan on sbtest2  (cost=31.09..4021.93 rows=1040 width=121)
	        Recheck Cond: ((id >= 570222) AND (id <= 571221))
	        ->  Bitmap Index Scan on sbtest2_pkey  (cost=0.00..30.83 rows=1040 width=0)
	              Index Cond: ((id >= 570222) AND (id <= 571221))

table 3 : explain SELECT count(c) FROM sbtest3 WHERE id BETWEEN 5633854 AND 5634853
	Aggregate  (cost=3974.46..3974.47 rows=1 width=8)
	  ->  Bitmap Heap Scan on sbtest3  (cost=30.94..3971.89 rows=1025 width=121)
	        Recheck Cond: ((id >= 5633854) AND (id <= 5634853))
	        ->  Bitmap Index Scan on sbtest3_pkey  (cost=0.00..30.68 rows=1025 width=0)
	              Index Cond: ((id >= 5633854) AND (id <= 5634853))

table 4 : explain SELECT count(c) FROM sbtest4 WHERE id BETWEEN 2792279 AND 2793278
	Aggregate  (cost=3738.85..3738.86 rows=1 width=8)
	  ->  Bitmap Heap Scan on sbtest4  (cost=30.31..3736.44 rows=963 width=121)
	        Recheck Cond: ((id >= 2792279) AND (id <= 2793278))
	        ->  Bitmap Index Scan on sbtest4_pkey  (cost=0.00..30.07 rows=963 width=0)
	              Index Cond: ((id >= 2792279) AND (id <= 2793278))

table 5 : explain SELECT count(c) FROM sbtest5 WHERE id BETWEEN 7590719 AND 7591718
	Aggregate  (cost=3772.37..3772.38 rows=1 width=8)
	  ->  Bitmap Heap Scan on sbtest5  (cost=30.41..3769.93 rows=973 width=121)
	        Recheck Cond: ((id >= 7590719) AND (id <= 7591718))
	        ->  Bitmap Index Scan on sbtest5_pkey  (cost=0.00..30.16 rows=973 width=0)
	              Index Cond: ((id >= 7590719) AND (id <= 7591718))

table 6 : explain SELECT count(c) FROM sbtest6 WHERE id BETWEEN 5711503 AND 5712502
	Aggregate  (cost=3811.67..3811.68 rows=1 width=8)
	  ->  Bitmap Heap Scan on sbtest6  (cost=30.51..3809.22 rows=983 width=121)
	        Recheck Cond: ((id >= 5711503) AND (id <= 5712502))
	        ->  Bitmap Index Scan on sbtest6_pkey  (cost=0.00..30.26 rows=983 width=0)
	              Index Cond: ((id >= 5711503) AND (id <= 5712502))

table 7 : explain SELECT count(c) FROM sbtest7 WHERE id BETWEEN 3894211 AND 3895210
	Aggregate  (cost=4027.78..4027.79 rows=1 width=8)
	  ->  Bitmap Heap Scan on sbtest7  (cost=31.08..4025.18 rows=1039 width=121)
	        Recheck Cond: ((id >= 3894211) AND (id <= 3895210))
	        ->  Bitmap Index Scan on sbtest7_pkey  (cost=0.00..30.82 rows=1039 width=0)
	              Index Cond: ((id >= 3894211) AND (id <= 3895210))

table 8 : explain SELECT count(c) FROM sbtest8 WHERE id BETWEEN 9319663 AND 9320662
	Aggregate  (cost=3533.46..3533.47 rows=1 width=8)
	  ->  Bitmap Heap Scan on sbtest8  (cost=25.77..3531.18 rows=911 width=121)
	        Recheck Cond: ((id >= 9319663) AND (id <= 9320662))
	        ->  Bitmap Index Scan on sbtest8_pkey  (cost=0.00..25.54 rows=911 width=0)
	              Index Cond: ((id >= 9319663) AND (id <= 9320662))

for: count_ranges
table 1 : explain SELECT count(c) FROM sbtest1 WHERE id BETWEEN 3473186 AND 3474185
	Aggregate  (cost=4007.03..4007.04 rows=1 width=8)
	  ->  Bitmap Heap Scan on sbtest1  (cost=31.04..4004.44 rows=1035 width=121)
	        Recheck Cond: ((id >= 3473186) AND (id <= 3474185))
	        ->  Bitmap Index Scan on sbtest1_pkey  (cost=0.00..30.79 rows=1035 width=0)
	              Index Cond: ((id >= 3473186) AND (id <= 3474185))

table 2 : explain SELECT count(c) FROM sbtest2 WHERE id BETWEEN 8481707 AND 8482706
	Aggregate  (cost=3843.58..3843.59 rows=1 width=8)
	  ->  Bitmap Heap Scan on sbtest2  (cost=30.60..3841.10 rows=992 width=121)
	        Recheck Cond: ((id >= 8481707) AND (id <= 8482706))
	        ->  Bitmap Index Scan on sbtest2_pkey  (cost=0.00..30.36 rows=992 width=0)
	              Index Cond: ((id >= 8481707) AND (id <= 8482706))

table 3 : explain SELECT count(c) FROM sbtest3 WHERE id BETWEEN 7050681 AND 7051680
	Aggregate  (cost=3656.66..3656.67 rows=1 width=8)
	  ->  Bitmap Heap Scan on sbtest3  (cost=30.08..3654.31 rows=941 width=121)
	        Recheck Cond: ((id >= 7050681) AND (id <= 7051680))
	        ->  Bitmap Index Scan on sbtest3_pkey  (cost=0.00..29.84 rows=941 width=0)
	              Index Cond: ((id >= 7050681) AND (id <= 7051680))

table 4 : explain SELECT count(c) FROM sbtest4 WHERE id BETWEEN 732776 AND 733775
	Aggregate  (cost=3980.77..3980.78 rows=1 width=8)
	  ->  Bitmap Heap Scan on sbtest4  (cost=30.96..3978.20 rows=1027 width=121)
	        Recheck Cond: ((id >= 732776) AND (id <= 733775))
	        ->  Bitmap Index Scan on sbtest4_pkey  (cost=0.00..30.70 rows=1027 width=0)
	              Index Cond: ((id >= 732776) AND (id <= 733775))

table 5 : explain SELECT count(c) FROM sbtest5 WHERE id BETWEEN 9188602 AND 9189601
	Aggregate  (cost=3700.37..3700.38 rows=1 width=8)
	  ->  Bitmap Heap Scan on sbtest5  (cost=26.22..3697.99 rows=955 width=121)
	        Recheck Cond: ((id >= 9188602) AND (id <= 9189601))
	        ->  Bitmap Index Scan on sbtest5_pkey  (cost=0.00..25.98 rows=955 width=0)
	              Index Cond: ((id >= 9188602) AND (id <= 9189601))

table 6 : explain SELECT count(c) FROM sbtest6 WHERE id BETWEEN 5212997 AND 5213996
	Aggregate  (cost=3928.70..3928.71 rows=1 width=8)
	  ->  Bitmap Heap Scan on sbtest6  (cost=30.83..3926.17 rows=1014 width=121)
	        Recheck Cond: ((id >= 5212997) AND (id <= 5213996))
	        ->  Bitmap Index Scan on sbtest6_pkey  (cost=0.00..30.57 rows=1014 width=0)
	              Index Cond: ((id >= 5212997) AND (id <= 5213996))

table 7 : explain SELECT count(c) FROM sbtest7 WHERE id BETWEEN 2372413 AND 2373412
	Aggregate  (cost=4031.56..4031.57 rows=1 width=8)
	  ->  Bitmap Heap Scan on sbtest7  (cost=31.09..4028.96 rows=1040 width=121)
	        Recheck Cond: ((id >= 2372413) AND (id <= 2373412))
	        ->  Bitmap Index Scan on sbtest7_pkey  (cost=0.00..30.83 rows=1040 width=0)
	              Index Cond: ((id >= 2372413) AND (id <= 2373412))

table 8 : explain SELECT count(c) FROM sbtest8 WHERE id BETWEEN 6835020 AND 6836019
	Aggregate  (cost=3681.13..3681.14 rows=1 width=8)
	  ->  Bitmap Heap Scan on sbtest8  (cost=30.16..3678.76 rows=949 width=121)
	        Recheck Cond: ((id >= 6835020) AND (id <= 6836019))
	        ->  Bitmap Index Scan on sbtest8_pkey  (cost=0.00..29.93 rows=949 width=0)
	              Index Cond: ((id >= 6835020) AND (id <= 6836019))

for: count_ranges
table 1 : explain SELECT count(c) FROM sbtest1 WHERE id BETWEEN 3615831 AND 3616830
	Aggregate  (cost=3893.89..3893.90 rows=1 width=8)
	  ->  Bitmap Heap Scan on sbtest1  (cost=30.74..3891.38 rows=1005 width=121)
	        Recheck Cond: ((id >= 3615831) AND (id <= 3616830))
	        ->  Bitmap Index Scan on sbtest1_pkey  (cost=0.00..30.48 rows=1005 width=0)
	              Index Cond: ((id >= 3615831) AND (id <= 3616830))

table 2 : explain SELECT count(c) FROM sbtest2 WHERE id BETWEEN 898055 AND 899054
	Aggregate  (cost=3813.40..3813.41 rows=1 width=8)
	  ->  Bitmap Heap Scan on sbtest2  (cost=30.52..3810.94 rows=984 width=121)
	        Recheck Cond: ((id >= 898055) AND (id <= 899054))
	        ->  Bitmap Index Scan on sbtest2_pkey  (cost=0.00..30.27 rows=984 width=0)
	              Index Cond: ((id >= 898055) AND (id <= 899054))

table 3 : explain SELECT count(c) FROM sbtest3 WHERE id BETWEEN 2673883 AND 2674882
	Aggregate  (cost=3872.40..3872.41 rows=1 width=8)
	  ->  Bitmap Heap Scan on sbtest3  (cost=30.66..3869.91 rows=998 width=121)
	        Recheck Cond: ((id >= 2673883) AND (id <= 2674882))
	        ->  Bitmap Index Scan on sbtest3_pkey  (cost=0.00..30.41 rows=998 width=0)
	              Index Cond: ((id >= 2673883) AND (id <= 2674882))

table 4 : explain SELECT count(c) FROM sbtest4 WHERE id BETWEEN 9910250 AND 9911249
	Aggregate  (cost=4244.80..4244.81 rows=1 width=8)
	  ->  Bitmap Heap Scan on sbtest4  (cost=31.68..4242.05 rows=1097 width=121)
	        Recheck Cond: ((id >= 9910250) AND (id <= 9911249))
	        ->  Bitmap Index Scan on sbtest4_pkey  (cost=0.00..31.40 rows=1097 width=0)
	              Index Cond: ((id >= 9910250) AND (id <= 9911249))

table 5 : explain SELECT count(c) FROM sbtest5 WHERE id BETWEEN 1460966 AND 1461965
	Aggregate  (cost=4205.78..4205.79 rows=1 width=8)
	  ->  Bitmap Heap Scan on sbtest5  (cost=31.59..4203.06 rows=1088 width=121)
	        Recheck Cond: ((id >= 1460966) AND (id <= 1461965))
	        ->  Bitmap Index Scan on sbtest5_pkey  (cost=0.00..31.32 rows=1088 width=0)
	              Index Cond: ((id >= 1460966) AND (id <= 1461965))

table 6 : explain SELECT count(c) FROM sbtest6 WHERE id BETWEEN 8597458 AND 8598457
	Aggregate  (cost=3849.44..3849.45 rows=1 width=8)
	  ->  Bitmap Heap Scan on sbtest6  (cost=30.61..3846.96 rows=993 width=121)
	        Recheck Cond: ((id >= 8597458) AND (id <= 8598457))
	        ->  Bitmap Index Scan on sbtest6_pkey  (cost=0.00..30.36 rows=993 width=0)
	              Index Cond: ((id >= 8597458) AND (id <= 8598457))

table 7 : explain SELECT count(c) FROM sbtest7 WHERE id BETWEEN 1317971 AND 1318970
	Aggregate  (cost=3774.44..3774.45 rows=1 width=8)
	  ->  Bitmap Heap Scan on sbtest7  (cost=30.40..3772.01 rows=972 width=121)
	        Recheck Cond: ((id >= 1317971) AND (id <= 1318970))
	        ->  Bitmap Index Scan on sbtest7_pkey  (cost=0.00..30.15 rows=972 width=0)
	              Index Cond: ((id >= 1317971) AND (id <= 1318970))

table 8 : explain SELECT count(c) FROM sbtest8 WHERE id BETWEEN 5938499 AND 5939498
	Aggregate  (cost=4009.35..4009.36 rows=1 width=8)
	  ->  Bitmap Heap Scan on sbtest8  (cost=31.05..4006.76 rows=1036 width=121)
	        Recheck Cond: ((id >= 5938499) AND (id <= 5939498))
	        ->  Bitmap Index Scan on sbtest8_pkey  (cost=0.00..30.79 rows=1036 width=0)
	              Index Cond: ((id >= 5938499) AND (id <= 5939498))

for: count_ranges
table 1 : explain SELECT count(c) FROM sbtest1 WHERE id BETWEEN 8831901 AND 8832900
	Aggregate  (cost=4086.16..4086.17 rows=1 width=8)
	  ->  Bitmap Heap Scan on sbtest1  (cost=31.26..4083.52 rows=1056 width=121)
	        Recheck Cond: ((id >= 8831901) AND (id <= 8832900))
	        ->  Bitmap Index Scan on sbtest1_pkey  (cost=0.00..31.00 rows=1056 width=0)
	              Index Cond: ((id >= 8831901) AND (id <= 8832900))

table 2 : explain SELECT count(c) FROM sbtest2 WHERE id BETWEEN 6822389 AND 6823388
	Aggregate  (cost=3794.52..3794.53 rows=1 width=8)
	  ->  Bitmap Heap Scan on sbtest2  (cost=30.47..3792.08 rows=979 width=121)
	        Recheck Cond: ((id >= 6822389) AND (id <= 6823388))
	        ->  Bitmap Index Scan on sbtest2_pkey  (cost=0.00..30.22 rows=979 width=0)
	              Index Cond: ((id >= 6822389) AND (id <= 6823388))

table 3 : explain SELECT count(c) FROM sbtest3 WHERE id BETWEEN 4927418 AND 4928417
	Aggregate  (cost=4004.68..4004.69 rows=1 width=8)
	  ->  Bitmap Heap Scan on sbtest3  (cost=31.02..4002.10 rows=1033 width=121)
	        Recheck Cond: ((id >= 4927418) AND (id <= 4928417))
	        ->  Bitmap Index Scan on sbtest3_pkey  (cost=0.00..30.76 rows=1033 width=0)
	              Index Cond: ((id >= 4927418) AND (id <= 4928417))

table 4 : explain SELECT count(c) FROM sbtest4 WHERE id BETWEEN 6400633 AND 6401632
	Aggregate  (cost=3893.89..3893.90 rows=1 width=8)
	  ->  Bitmap Heap Scan on sbtest4  (cost=30.73..3891.38 rows=1004 width=121)
	        Recheck Cond: ((id >= 6400633) AND (id <= 6401632))
	        ->  Bitmap Index Scan on sbtest4_pkey  (cost=0.00..30.47 rows=1004 width=0)
	              Index Cond: ((id >= 6400633) AND (id <= 6401632))

table 5 : explain SELECT count(c) FROM sbtest5 WHERE id BETWEEN 2504406 AND 2505405
	Aggregate  (cost=3662.58..3662.59 rows=1 width=8)
	  ->  Bitmap Heap Scan on sbtest5  (cost=26.12..3660.22 rows=945 width=121)
	        Recheck Cond: ((id >= 2504406) AND (id <= 2505405))
	        ->  Bitmap Index Scan on sbtest5_pkey  (cost=0.00..25.89 rows=945 width=0)
	              Index Cond: ((id >= 2504406) AND (id <= 2505405))

table 6 : explain SELECT count(c) FROM sbtest6 WHERE id BETWEEN 3225680 AND 3226679
	Aggregate  (cost=3686.96..3686.97 rows=1 width=8)
	  ->  Bitmap Heap Scan on sbtest6  (cost=30.17..3684.58 rows=950 width=121)
	        Recheck Cond: ((id >= 3225680) AND (id <= 3226679))
	        ->  Bitmap Index Scan on sbtest6_pkey  (cost=0.00..29.93 rows=950 width=0)
	              Index Cond: ((id >= 3225680) AND (id <= 3226679))

table 7 : explain SELECT count(c) FROM sbtest7 WHERE id BETWEEN 2164438 AND 2165437
	Aggregate  (cost=3626.72..3626.73 rows=1 width=8)
	  ->  Bitmap Heap Scan on sbtest7  (cost=30.00..3624.39 rows=933 width=121)
	        Recheck Cond: ((id >= 2164438) AND (id <= 2165437))
	        ->  Bitmap Index Scan on sbtest7_pkey  (cost=0.00..29.76 rows=933 width=0)
	              Index Cond: ((id >= 2164438) AND (id <= 2165437))

table 8 : explain SELECT count(c) FROM sbtest8 WHERE id BETWEEN 3699584 AND 3700583
	Aggregate  (cost=3518.32..3518.33 rows=1 width=8)
	  ->  Bitmap Heap Scan on sbtest8  (cost=25.73..3516.06 rows=907 width=121)
	        Recheck Cond: ((id >= 3699584) AND (id <= 3700583))
	        ->  Bitmap Index Scan on sbtest8_pkey  (cost=0.00..25.50 rows=907 width=0)
	              Index Cond: ((id >= 3699584) AND (id <= 3700583))

for: count_ranges
table 1 : explain SELECT count(c) FROM sbtest1 WHERE id BETWEEN 7236924 AND 7237923
	Aggregate  (cost=3950.48..3950.49 rows=1 width=8)
	  ->  Bitmap Heap Scan on sbtest1  (cost=30.89..3947.93 rows=1020 width=121)
	        Recheck Cond: ((id >= 7236924) AND (id <= 7237923))
	        ->  Bitmap Index Scan on sbtest1_pkey  (cost=0.00..30.64 rows=1020 width=0)
	              Index Cond: ((id >= 7236924) AND (id <= 7237923))

table 2 : explain SELECT count(c) FROM sbtest2 WHERE id BETWEEN 4605615 AND 4606614
	Aggregate  (cost=3575.38..3575.39 rows=1 width=8)
	  ->  Bitmap Heap Scan on sbtest2  (cost=29.88..3573.08 rows=921 width=121)
	        Recheck Cond: ((id >= 4605615) AND (id <= 4606614))
	        ->  Bitmap Index Scan on sbtest2_pkey  (cost=0.00..29.64 rows=921 width=0)
	              Index Cond: ((id >= 4605615) AND (id <= 4606614))

table 3 : explain SELECT count(c) FROM sbtest3 WHERE id BETWEEN 9189915 AND 9190914
	Aggregate  (cost=3451.89..3451.90 rows=1 width=8)
	  ->  Bitmap Heap Scan on sbtest3  (cost=29.53..3449.67 rows=887 width=121)
	        Recheck Cond: ((id >= 9189915) AND (id <= 9190914))
	        ->  Bitmap Index Scan on sbtest3_pkey  (cost=0.00..29.30 rows=887 width=0)
	              Index Cond: ((id >= 9189915) AND (id <= 9190914))

table 4 : explain SELECT count(c) FROM sbtest4 WHERE id BETWEEN 3221175 AND 3222174
	Aggregate  (cost=4135.49..4135.50 rows=1 width=8)
	  ->  Bitmap Heap Scan on sbtest4  (cost=31.38..4132.82 rows=1068 width=121)
	        Recheck Cond: ((id >= 3221175) AND (id <= 3222174))
	        ->  Bitmap Index Scan on sbtest4_pkey  (cost=0.00..31.11 rows=1068 width=0)
	              Index Cond: ((id >= 3221175) AND (id <= 3222174))

table 5 : explain SELECT count(c) FROM sbtest5 WHERE id BETWEEN 2107251 AND 2108250
	Aggregate  (cost=3617.22..3617.23 rows=1 width=8)
	  ->  Bitmap Heap Scan on sbtest5  (cost=26.00..3614.88 rows=933 width=121)
	        Recheck Cond: ((id >= 2107251) AND (id <= 2108250))
	        ->  Bitmap Index Scan on sbtest5_pkey  (cost=0.00..25.76 rows=933 width=0)
	              Index Cond: ((id >= 2107251) AND (id <= 2108250))

table 6 : explain SELECT count(c) FROM sbtest6 WHERE id BETWEEN 7839345 AND 7840344
	Aggregate  (cost=4026.77..4026.78 rows=1 width=8)
	  ->  Bitmap Heap Scan on sbtest6  (cost=31.09..4024.17 rows=1040 width=121)
	        Recheck Cond: ((id >= 7839345) AND (id <= 7840344))
	        ->  Bitmap Index Scan on sbtest6_pkey  (cost=0.00..30.83 rows=1040 width=0)
	              Index Cond: ((id >= 7839345) AND (id <= 7840344))

table 7 : explain SELECT count(c) FROM sbtest7 WHERE id BETWEEN 2876775 AND 2877774
	Aggregate  (cost=3334.29..3334.30 rows=1 width=8)
	  ->  Bitmap Heap Scan on sbtest7  (cost=25.22..3332.15 rows=857 width=121)
	        Recheck Cond: ((id >= 2876775) AND (id <= 2877774))
	        ->  Bitmap Index Scan on sbtest7_pkey  (cost=0.00..25.00 rows=857 width=0)
	              Index Cond: ((id >= 2876775) AND (id <= 2877774))

table 8 : explain SELECT count(c) FROM sbtest8 WHERE id BETWEEN 861590 AND 862589
	Aggregate  (cost=3643.34..3643.35 rows=1 width=8)
	  ->  Bitmap Heap Scan on sbtest8  (cost=30.06..3640.99 rows=939 width=121)
	        Recheck Cond: ((id >= 861590) AND (id <= 862589))
	        ->  Bitmap Index Scan on sbtest8_pkey  (cost=0.00..29.82 rows=939 width=0)
	              Index Cond: ((id >= 861590) AND (id <= 862589))

for: count_ranges
table 1 : explain SELECT count(c) FROM sbtest1 WHERE id BETWEEN 9153329 AND 9154328
	Aggregate  (cost=4123.82..4123.83 rows=1 width=8)
	  ->  Bitmap Heap Scan on sbtest1  (cost=31.36..4121.16 rows=1066 width=121)
	        Recheck Cond: ((id >= 9153329) AND (id <= 9154328))
	        ->  Bitmap Index Scan on sbtest1_pkey  (cost=0.00..31.09 rows=1066 width=0)
	              Index Cond: ((id >= 9153329) AND (id <= 9154328))

table 2 : explain SELECT count(c) FROM sbtest2 WHERE id BETWEEN 3904325 AND 3905324
	Aggregate  (cost=4329.27..4329.28 rows=1 width=8)
	  ->  Bitmap Heap Scan on sbtest2  (cost=31.94..4326.46 rows=1122 width=121)
	        Recheck Cond: ((id >= 3904325) AND (id <= 3905324))
	        ->  Bitmap Index Scan on sbtest2_pkey  (cost=0.00..31.65 rows=1122 width=0)
	              Index Cond: ((id >= 3904325) AND (id <= 3905324))

table 3 : explain SELECT count(c) FROM sbtest3 WHERE id BETWEEN 8024611 AND 8025610
	Aggregate  (cost=3951.79..3951.80 rows=1 width=8)
	  ->  Bitmap Heap Scan on sbtest3  (cost=30.88..3949.24 rows=1019 width=121)
	        Recheck Cond: ((id >= 8024611) AND (id <= 8025610))
	        ->  Bitmap Index Scan on sbtest3_pkey  (cost=0.00..30.62 rows=1019 width=0)
	              Index Cond: ((id >= 8024611) AND (id <= 8025610))

table 4 : explain SELECT count(c) FROM sbtest4 WHERE id BETWEEN 5998196 AND 5999195
	Aggregate  (cost=3701.00..3701.01 rows=1 width=8)
	  ->  Bitmap Heap Scan on sbtest4  (cost=30.20..3698.62 rows=953 width=121)
	        Recheck Cond: ((id >= 5998196) AND (id <= 5999195))
	        ->  Bitmap Index Scan on sbtest4_pkey  (cost=0.00..29.96 rows=953 width=0)
	              Index Cond: ((id >= 5998196) AND (id <= 5999195))

table 5 : explain SELECT count(c) FROM sbtest5 WHERE id BETWEEN 3356951 AND 3357950
	Aggregate  (cost=3783.69..3783.70 rows=1 width=8)
	  ->  Bitmap Heap Scan on sbtest5  (cost=30.44..3781.25 rows=976 width=121)
	        Recheck Cond: ((id >= 3356951) AND (id <= 3357950))
	        ->  Bitmap Index Scan on sbtest5_pkey  (cost=0.00..30.19 rows=976 width=0)
	              Index Cond: ((id >= 3356951) AND (id <= 3357950))

table 6 : explain SELECT count(c) FROM sbtest6 WHERE id BETWEEN 1775507 AND 1776506
	Aggregate  (cost=3690.74..3690.75 rows=1 width=8)
	  ->  Bitmap Heap Scan on sbtest6  (cost=30.18..3688.36 rows=951 width=121)
	        Recheck Cond: ((id >= 1775507) AND (id <= 1776506))
	        ->  Bitmap Index Scan on sbtest6_pkey  (cost=0.00..29.94 rows=951 width=0)
	              Index Cond: ((id >= 1775507) AND (id <= 1776506))

table 7 : explain SELECT count(c) FROM sbtest7 WHERE id BETWEEN 9689596 AND 9690595
	Aggregate  (cost=3490.19..3490.20 rows=1 width=8)
	  ->  Bitmap Heap Scan on sbtest7  (cost=29.63..3487.95 rows=897 width=121)
	        Recheck Cond: ((id >= 9689596) AND (id <= 9690595))
	        ->  Bitmap Index Scan on sbtest7_pkey  (cost=0.00..29.40 rows=897 width=0)
	              Index Cond: ((id >= 9689596) AND (id <= 9690595))

table 8 : explain SELECT count(c) FROM sbtest8 WHERE id BETWEEN 7477349 AND 7478348
	Aggregate  (cost=3684.91..3684.92 rows=1 width=8)
	  ->  Bitmap Heap Scan on sbtest8  (cost=30.17..3682.53 rows=950 width=121)
	        Recheck Cond: ((id >= 7477349) AND (id <= 7478348))
	        ->  Bitmap Index Scan on sbtest8_pkey  (cost=0.00..29.93 rows=950 width=0)
	              Index Cond: ((id >= 7477349) AND (id <= 7478348))

for: count_ranges
table 1 : explain SELECT count(c) FROM sbtest1 WHERE id BETWEEN 4620485 AND 4621484
	Aggregate  (cost=3712.64..3712.65 rows=1 width=8)
	  ->  Bitmap Heap Scan on sbtest1  (cost=30.24..3710.24 rows=957 width=121)
	        Recheck Cond: ((id >= 4620485) AND (id <= 4621484))
	        ->  Bitmap Index Scan on sbtest1_pkey  (cost=0.00..30.00 rows=957 width=0)
	              Index Cond: ((id >= 4620485) AND (id <= 4621484))

table 2 : explain SELECT count(c) FROM sbtest2 WHERE id BETWEEN 527831 AND 528830
	Aggregate  (cost=4024.53..4024.54 rows=1 width=8)
	  ->  Bitmap Heap Scan on sbtest2  (cost=31.09..4021.93 rows=1040 width=121)
	        Recheck Cond: ((id >= 527831) AND (id <= 528830))
	        ->  Bitmap Index Scan on sbtest2_pkey  (cost=0.00..30.83 rows=1040 width=0)
	              Index Cond: ((id >= 527831) AND (id <= 528830))

table 3 : explain SELECT count(c) FROM sbtest3 WHERE id BETWEEN 1489871 AND 1490870
	Aggregate  (cost=3948.01..3948.02 rows=1 width=8)
	  ->  Bitmap Heap Scan on sbtest3  (cost=30.87..3945.46 rows=1018 width=121)
	        Recheck Cond: ((id >= 1489871) AND (id <= 1490870))
	        ->  Bitmap Index Scan on sbtest3_pkey  (cost=0.00..30.61 rows=1018 width=0)
	              Index Cond: ((id >= 1489871) AND (id <= 1490870))

table 4 : explain SELECT count(c) FROM sbtest4 WHERE id BETWEEN 5631848 AND 5632847
	Aggregate  (cost=4338.95..4338.96 rows=1 width=8)
	  ->  Bitmap Heap Scan on sbtest4  (cost=31.94..4336.14 rows=1122 width=121)
	        Recheck Cond: ((id >= 5631848) AND (id <= 5632847))
	        ->  Bitmap Index Scan on sbtest4_pkey  (cost=0.00..31.65 rows=1122 width=0)
	              Index Cond: ((id >= 5631848) AND (id <= 5632847))

table 5 : explain SELECT count(c) FROM sbtest5 WHERE id BETWEEN 1344606 AND 1345605
	Aggregate  (cost=3844.09..3844.10 rows=1 width=8)
	  ->  Bitmap Heap Scan on sbtest5  (cost=30.60..3841.61 rows=992 width=121)
	        Recheck Cond: ((id >= 1344606) AND (id <= 1345605))
	        ->  Bitmap Index Scan on sbtest5_pkey  (cost=0.00..30.36 rows=992 width=0)
	              Index Cond: ((id >= 1344606) AND (id <= 1345605))

table 6 : explain SELECT count(c) FROM sbtest6 WHERE id BETWEEN 5962187 AND 5963186
	Aggregate  (cost=4015.46..4015.47 rows=1 width=8)
	  ->  Bitmap Heap Scan on sbtest6  (cost=31.06..4012.86 rows=1037 width=121)
	        Recheck Cond: ((id >= 5962187) AND (id <= 5963186))
	        ->  Bitmap Index Scan on sbtest6_pkey  (cost=0.00..30.80 rows=1037 width=0)
	              Index Cond: ((id >= 5962187) AND (id <= 5963186))

table 7 : explain SELECT count(c) FROM sbtest7 WHERE id BETWEEN 43412 AND 44411
	Aggregate  (cost=4171.22..4171.23 rows=1 width=8)
	  ->  Bitmap Heap Scan on sbtest7  (cost=31.47..4168.53 rows=1077 width=121)
	        Recheck Cond: ((id >= 43412) AND (id <= 44411))
	        ->  Bitmap Index Scan on sbtest7_pkey  (cost=0.00..31.20 rows=1077 width=0)
	              Index Cond: ((id >= 43412) AND (id <= 44411))

table 8 : explain SELECT count(c) FROM sbtest8 WHERE id BETWEEN 6539393 AND 6540392
	Aggregate  (cost=3911.37..3911.38 rows=1 width=8)
	  ->  Bitmap Heap Scan on sbtest8  (cost=30.79..3908.84 rows=1010 width=121)
	        Recheck Cond: ((id >= 6539393) AND (id <= 6540392))
	        ->  Bitmap Index Scan on sbtest8_pkey  (cost=0.00..30.54 rows=1010 width=0)
	              Index Cond: ((id >= 6539393) AND (id <= 6540392))

for: count_ranges
table 1 : explain SELECT count(c) FROM sbtest1 WHERE id BETWEEN 7229371 AND 7230370
	Aggregate  (cost=3950.48..3950.49 rows=1 width=8)
	  ->  Bitmap Heap Scan on sbtest1  (cost=30.89..3947.93 rows=1020 width=121)
	        Recheck Cond: ((id >= 7229371) AND (id <= 7230370))
	        ->  Bitmap Index Scan on sbtest1_pkey  (cost=0.00..30.64 rows=1020 width=0)
	              Index Cond: ((id >= 7229371) AND (id <= 7230370))

table 2 : explain SELECT count(c) FROM sbtest2 WHERE id BETWEEN 4459779 AND 4460778
	Aggregate  (cost=3768.10..3768.11 rows=1 width=8)
	  ->  Bitmap Heap Scan on sbtest2  (cost=30.40..3765.67 rows=972 width=121)
	        Recheck Cond: ((id >= 4459779) AND (id <= 4460778))
	        ->  Bitmap Index Scan on sbtest2_pkey  (cost=0.00..30.15 rows=972 width=0)
	              Index Cond: ((id >= 4459779) AND (id <= 4460778))

table 3 : explain SELECT count(c) FROM sbtest3 WHERE id BETWEEN 119965 AND 120964
	Aggregate  (cost=4012.23..4012.24 rows=1 width=8)
	  ->  Bitmap Heap Scan on sbtest3  (cost=31.04..4009.64 rows=1035 width=121)
	        Recheck Cond: ((id >= 119965) AND (id <= 120964))
	        ->  Bitmap Index Scan on sbtest3_pkey  (cost=0.00..30.79 rows=1035 width=0)
	              Index Cond: ((id >= 119965) AND (id <= 120964))

table 4 : explain SELECT count(c) FROM sbtest4 WHERE id BETWEEN 5450503 AND 5451502
	Aggregate  (cost=4052.49..4052.50 rows=1 width=8)
	  ->  Bitmap Heap Scan on sbtest4  (cost=31.16..4049.88 rows=1046 width=121)
	        Recheck Cond: ((id >= 5450503) AND (id <= 5451502))
	        ->  Bitmap Index Scan on sbtest4_pkey  (cost=0.00..30.89 rows=1046 width=0)
	              Index Cond: ((id >= 5450503) AND (id <= 5451502))

table 5 : explain SELECT count(c) FROM sbtest5 WHERE id BETWEEN 1703868 AND 1704867
	Aggregate  (cost=3534.00..3534.01 rows=1 width=8)
	  ->  Bitmap Heap Scan on sbtest5  (cost=25.77..3531.72 rows=911 width=121)
	        Recheck Cond: ((id >= 1703868) AND (id <= 1704867))
	        ->  Bitmap Index Scan on sbtest5_pkey  (cost=0.00..25.54 rows=911 width=0)
	              Index Cond: ((id >= 1703868) AND (id <= 1704867))

table 6 : explain SELECT count(c) FROM sbtest6 WHERE id BETWEEN 4595566 AND 4596565
	Aggregate  (cost=3853.21..3853.22 rows=1 width=8)
	  ->  Bitmap Heap Scan on sbtest6  (cost=30.62..3850.73 rows=994 width=121)
	        Recheck Cond: ((id >= 4595566) AND (id <= 4596565))
	        ->  Bitmap Index Scan on sbtest6_pkey  (cost=0.00..30.37 rows=994 width=0)
	              Index Cond: ((id >= 4595566) AND (id <= 4596565))

table 7 : explain SELECT count(c) FROM sbtest7 WHERE id BETWEEN 4130838 AND 4131837
	Aggregate  (cost=3585.02..3585.03 rows=1 width=8)
	  ->  Bitmap Heap Scan on sbtest7  (cost=29.89..3582.72 rows=922 width=121)
	        Recheck Cond: ((id >= 4130838) AND (id <= 4131837))
	        ->  Bitmap Index Scan on sbtest7_pkey  (cost=0.00..29.65 rows=922 width=0)
	              Index Cond: ((id >= 4130838) AND (id <= 4131837))

table 8 : explain SELECT count(c) FROM sbtest8 WHERE id BETWEEN 574673 AND 575672
	Aggregate  (cost=3798.20..3798.21 rows=1 width=8)
	  ->  Bitmap Heap Scan on sbtest8  (cost=30.48..3795.75 rows=980 width=121)
	        Recheck Cond: ((id >= 574673) AND (id <= 575672))
	        ->  Bitmap Index Scan on sbtest8_pkey  (cost=0.00..30.23 rows=980 width=0)
	              Index Cond: ((id >= 574673) AND (id <= 575672))

for: count_ranges
table 1 : explain SELECT count(c) FROM sbtest1 WHERE id BETWEEN 4487267 AND 4488266
	Aggregate  (cost=3886.35..3886.36 rows=1 width=8)
	  ->  Bitmap Heap Scan on sbtest1  (cost=30.72..3883.84 rows=1003 width=121)
	        Recheck Cond: ((id >= 4487267) AND (id <= 4488266))
	        ->  Bitmap Index Scan on sbtest1_pkey  (cost=0.00..30.46 rows=1003 width=0)
	              Index Cond: ((id >= 4487267) AND (id <= 4488266))

table 2 : explain SELECT count(c) FROM sbtest2 WHERE id BETWEEN 8341683 AND 8342682
	Aggregate  (cost=3749.22..3749.23 rows=1 width=8)
	  ->  Bitmap Heap Scan on sbtest2  (cost=30.35..3746.80 rows=967 width=121)
	        Recheck Cond: ((id >= 8341683) AND (id <= 8342682))
	        ->  Bitmap Index Scan on sbtest2_pkey  (cost=0.00..30.11 rows=967 width=0)
	              Index Cond: ((id >= 8341683) AND (id <= 8342682))

table 3 : explain SELECT count(c) FROM sbtest3 WHERE id BETWEEN 2585960 AND 2586959
	Aggregate  (cost=3811.88..3811.89 rows=1 width=8)
	  ->  Bitmap Heap Scan on sbtest3  (cost=30.50..3809.43 rows=982 width=121)
	        Recheck Cond: ((id >= 2585960) AND (id <= 2586959))
	        ->  Bitmap Index Scan on sbtest3_pkey  (cost=0.00..30.25 rows=982 width=0)
	              Index Cond: ((id >= 2585960) AND (id <= 2586959))

table 4 : explain SELECT count(c) FROM sbtest4 WHERE id BETWEEN 4069345 AND 4070344
	Aggregate  (cost=3678.29..3678.30 rows=1 width=8)
	  ->  Bitmap Heap Scan on sbtest4  (cost=30.14..3675.92 rows=947 width=121)
	        Recheck Cond: ((id >= 4069345) AND (id <= 4070344))
	        ->  Bitmap Index Scan on sbtest4_pkey  (cost=0.00..29.90 rows=947 width=0)
	              Index Cond: ((id >= 4069345) AND (id <= 4070344))

table 5 : explain SELECT count(c) FROM sbtest5 WHERE id BETWEEN 8882949 AND 8883948
	Aggregate  (cost=3957.24..3957.25 rows=1 width=8)
	  ->  Bitmap Heap Scan on sbtest5  (cost=30.91..3954.68 rows=1022 width=121)
	        Recheck Cond: ((id >= 8882949) AND (id <= 8883948))
	        ->  Bitmap Index Scan on sbtest5_pkey  (cost=0.00..30.65 rows=1022 width=0)
	              Index Cond: ((id >= 8882949) AND (id <= 8883948))

table 6 : explain SELECT count(c) FROM sbtest6 WHERE id BETWEEN 5094260 AND 5095259
	Aggregate  (cost=3690.74..3690.75 rows=1 width=8)
	  ->  Bitmap Heap Scan on sbtest6  (cost=30.18..3688.36 rows=951 width=121)
	        Recheck Cond: ((id >= 5094260) AND (id <= 5095259))
	        ->  Bitmap Index Scan on sbtest6_pkey  (cost=0.00..29.94 rows=951 width=0)
	              Index Cond: ((id >= 5094260) AND (id <= 5095259))

table 7 : explain SELECT count(c) FROM sbtest7 WHERE id BETWEEN 2252716 AND 2253715
	Aggregate  (cost=3910.63..3910.64 rows=1 width=8)
	  ->  Bitmap Heap Scan on sbtest7  (cost=30.77..3908.11 rows=1008 width=121)
	        Recheck Cond: ((id >= 2252716) AND (id <= 2253715))
	        ->  Bitmap Index Scan on sbtest7_pkey  (cost=0.00..30.51 rows=1008 width=0)
	              Index Cond: ((id >= 2252716) AND (id <= 2253715))

table 8 : explain SELECT count(c) FROM sbtest8 WHERE id BETWEEN 3694940 AND 3695939
	Aggregate  (cost=3518.32..3518.33 rows=1 width=8)
	  ->  Bitmap Heap Scan on sbtest8  (cost=25.73..3516.06 rows=907 width=121)
	        Recheck Cond: ((id >= 3694940) AND (id <= 3695939))
	        ->  Bitmap Index Scan on sbtest8_pkey  (cost=0.00..25.50 rows=907 width=0)
	              Index Cond: ((id >= 3694940) AND (id <= 3695939))

for: count_ranges
table 1 : explain SELECT count(c) FROM sbtest1 WHERE id BETWEEN 4521666 AND 4522665
	Aggregate  (cost=3712.64..3712.65 rows=1 width=8)
	  ->  Bitmap Heap Scan on sbtest1  (cost=30.24..3710.24 rows=957 width=121)
	        Recheck Cond: ((id >= 4521666) AND (id <= 4522665))
	        ->  Bitmap Index Scan on sbtest1_pkey  (cost=0.00..30.00 rows=957 width=0)
	              Index Cond: ((id >= 4521666) AND (id <= 4522665))

table 2 : explain SELECT count(c) FROM sbtest2 WHERE id BETWEEN 2065789 AND 2066788
	Aggregate  (cost=3518.42..3518.43 rows=1 width=8)
	  ->  Bitmap Heap Scan on sbtest2  (cost=25.73..3516.15 rows=907 width=121)
	        Recheck Cond: ((id >= 2065789) AND (id <= 2066788))
	        ->  Bitmap Index Scan on sbtest2_pkey  (cost=0.00..25.50 rows=907 width=0)
	              Index Cond: ((id >= 2065789) AND (id <= 2066788))

table 3 : explain SELECT count(c) FROM sbtest3 WHERE id BETWEEN 8737627 AND 8738626
	Aggregate  (cost=3811.88..3811.89 rows=1 width=8)
	  ->  Bitmap Heap Scan on sbtest3  (cost=30.50..3809.43 rows=982 width=121)
	        Recheck Cond: ((id >= 8737627) AND (id <= 8738626))
	        ->  Bitmap Index Scan on sbtest3_pkey  (cost=0.00..30.25 rows=982 width=0)
	              Index Cond: ((id >= 8737627) AND (id <= 8738626))

table 4 : explain SELECT count(c) FROM sbtest4 WHERE id BETWEEN 9904564 AND 9905563
	Aggregate  (cost=3776.68..3776.69 rows=1 width=8)
	  ->  Bitmap Heap Scan on sbtest4  (cost=30.41..3774.25 rows=973 width=121)
	        Recheck Cond: ((id >= 9904564) AND (id <= 9905563))
	        ->  Bitmap Index Scan on sbtest4_pkey  (cost=0.00..30.16 rows=973 width=0)
	              Index Cond: ((id >= 9904564) AND (id <= 9905563))

table 5 : explain SELECT count(c) FROM sbtest5 WHERE id BETWEEN 5286093 AND 5287092
	Aggregate  (cost=3753.48..3753.49 rows=1 width=8)
	  ->  Bitmap Heap Scan on sbtest5  (cost=30.36..3751.06 rows=968 width=121)
	        Recheck Cond: ((id >= 5286093) AND (id <= 5287092))
	        ->  Bitmap Index Scan on sbtest5_pkey  (cost=0.00..30.11 rows=968 width=0)
	              Index Cond: ((id >= 5286093) AND (id <= 5287092))

table 6 : explain SELECT count(c) FROM sbtest6 WHERE id BETWEEN 980695 AND 981694
	Aggregate  (cost=3924.93..3924.94 rows=1 width=8)
	  ->  Bitmap Heap Scan on sbtest6  (cost=30.82..3922.40 rows=1013 width=121)
	        Recheck Cond: ((id >= 980695) AND (id <= 981694))
	        ->  Bitmap Index Scan on sbtest6_pkey  (cost=0.00..30.57 rows=1013 width=0)
	              Index Cond: ((id >= 980695) AND (id <= 981694))

table 7 : explain SELECT count(c) FROM sbtest7 WHERE id BETWEEN 2170835 AND 2171834
	Aggregate  (cost=3626.72..3626.73 rows=1 width=8)
	  ->  Bitmap Heap Scan on sbtest7  (cost=30.00..3624.39 rows=933 width=121)
	        Recheck Cond: ((id >= 2170835) AND (id <= 2171834))
	        ->  Bitmap Index Scan on sbtest7_pkey  (cost=0.00..29.76 rows=933 width=0)
	              Index Cond: ((id >= 2170835) AND (id <= 2171834))

table 8 : explain SELECT count(c) FROM sbtest8 WHERE id BETWEEN 6471914 AND 6472913
	Aggregate  (cost=3911.37..3911.38 rows=1 width=8)
	  ->  Bitmap Heap Scan on sbtest8  (cost=30.79..3908.84 rows=1010 width=121)
	        Recheck Cond: ((id >= 6471914) AND (id <= 6472913))
	        ->  Bitmap Index Scan on sbtest8_pkey  (cost=0.00..30.54 rows=1010 width=0)
	              Index Cond: ((id >= 6471914) AND (id <= 6472913))

for: count_ranges
table 1 : explain SELECT count(c) FROM sbtest1 WHERE id BETWEEN 4260610 AND 4261609
	Aggregate  (cost=3844.83..3844.84 rows=1 width=8)
	  ->  Bitmap Heap Scan on sbtest1  (cost=30.60..3842.35 rows=992 width=121)
	        Recheck Cond: ((id >= 4260610) AND (id <= 4261609))
	        ->  Bitmap Index Scan on sbtest1_pkey  (cost=0.00..30.36 rows=992 width=0)
	              Index Cond: ((id >= 4260610) AND (id <= 4261609))

table 2 : explain SELECT count(c) FROM sbtest2 WHERE id BETWEEN 448469 AND 449468
	Aggregate  (cost=4186.39..4186.40 rows=1 width=8)
	  ->  Bitmap Heap Scan on sbtest2  (cost=31.54..4183.68 rows=1083 width=121)
	        Recheck Cond: ((id >= 448469) AND (id <= 449468))
	        ->  Bitmap Index Scan on sbtest2_pkey  (cost=0.00..31.26 rows=1083 width=0)
	              Index Cond: ((id >= 448469) AND (id <= 449468))

table 3 : explain SELECT count(c) FROM sbtest3 WHERE id BETWEEN 6602593 AND 6603592
	Aggregate  (cost=4178.30..4178.31 rows=1 width=8)
	  ->  Bitmap Heap Scan on sbtest3  (cost=31.49..4175.60 rows=1079 width=121)
	        Recheck Cond: ((id >= 6602593) AND (id <= 6603592))
	        ->  Bitmap Index Scan on sbtest3_pkey  (cost=0.00..31.22 rows=1079 width=0)
	              Index Cond: ((id >= 6602593) AND (id <= 6603592))

table 4 : explain SELECT count(c) FROM sbtest4 WHERE id BETWEEN 9887636 AND 9888635
	Aggregate  (cost=3776.68..3776.69 rows=1 width=8)
	  ->  Bitmap Heap Scan on sbtest4  (cost=30.41..3774.25 rows=973 width=121)
	        Recheck Cond: ((id >= 9887636) AND (id <= 9888635))
	        ->  Bitmap Index Scan on sbtest4_pkey  (cost=0.00..30.16 rows=973 width=0)
	              Index Cond: ((id >= 9887636) AND (id <= 9888635))

table 5 : explain SELECT count(c) FROM sbtest5 WHERE id BETWEEN 9161351 AND 9162350
	Aggregate  (cost=3700.37..3700.38 rows=1 width=8)
	  ->  Bitmap Heap Scan on sbtest5  (cost=26.22..3697.99 rows=955 width=121)
	        Recheck Cond: ((id >= 9161351) AND (id <= 9162350))
	        ->  Bitmap Index Scan on sbtest5_pkey  (cost=0.00..25.98 rows=955 width=0)
	              Index Cond: ((id >= 9161351) AND (id <= 9162350))

table 6 : explain SELECT count(c) FROM sbtest6 WHERE id BETWEEN 9368352 AND 9369351
	Aggregate  (cost=3932.48..3932.49 rows=1 width=8)
	  ->  Bitmap Heap Scan on sbtest6  (cost=30.84..3929.94 rows=1015 width=121)
	        Recheck Cond: ((id >= 9368352) AND (id <= 9369351))
	        ->  Bitmap Index Scan on sbtest6_pkey  (cost=0.00..30.58 rows=1015 width=0)
	              Index Cond: ((id >= 9368352) AND (id <= 9369351))

table 7 : explain SELECT count(c) FROM sbtest7 WHERE id BETWEEN 7816616 AND 7817615
	Aggregate  (cost=4129.71..4129.72 rows=1 width=8)
	  ->  Bitmap Heap Scan on sbtest7  (cost=31.36..4127.05 rows=1066 width=121)
	        Recheck Cond: ((id >= 7816616) AND (id <= 7817615))
	        ->  Bitmap Index Scan on sbtest7_pkey  (cost=0.00..31.09 rows=1066 width=0)
	              Index Cond: ((id >= 7816616) AND (id <= 7817615))

table 8 : explain SELECT count(c) FROM sbtest8 WHERE id BETWEEN 6325379 AND 6326378
	Aggregate  (cost=3990.52..3990.53 rows=1 width=8)
	  ->  Bitmap Heap Scan on sbtest8  (cost=31.00..3987.94 rows=1031 width=121)
	        Recheck Cond: ((id >= 6325379) AND (id <= 6326378))
	        ->  Bitmap Index Scan on sbtest8_pkey  (cost=0.00..30.75 rows=1031 width=0)
	              Index Cond: ((id >= 6325379) AND (id <= 6326378))

for: count_ranges
table 1 : explain SELECT count(c) FROM sbtest1 WHERE id BETWEEN 1892719 AND 1893718
	Aggregate  (cost=4044.72..4044.73 rows=1 width=8)
	  ->  Bitmap Heap Scan on sbtest1  (cost=31.15..4042.11 rows=1045 width=121)
	        Recheck Cond: ((id >= 1892719) AND (id <= 1893718))
	        ->  Bitmap Index Scan on sbtest1_pkey  (cost=0.00..30.89 rows=1045 width=0)
	              Index Cond: ((id >= 1892719) AND (id <= 1893718))

table 2 : explain SELECT count(c) FROM sbtest2 WHERE id BETWEEN 6919002 AND 6920001
	Aggregate  (cost=3941.63..3941.64 rows=1 width=8)
	  ->  Bitmap Heap Scan on sbtest2  (cost=30.87..3939.09 rows=1018 width=121)
	        Recheck Cond: ((id >= 6919002) AND (id <= 6920001))
	        ->  Bitmap Index Scan on sbtest2_pkey  (cost=0.00..30.61 rows=1018 width=0)
	              Index Cond: ((id >= 6919002) AND (id <= 6920001))

table 3 : explain SELECT count(c) FROM sbtest3 WHERE id BETWEEN 9764138 AND 9765137
	Aggregate  (cost=4212.24..4212.25 rows=1 width=8)
	  ->  Bitmap Heap Scan on sbtest3  (cost=31.59..4209.52 rows=1088 width=121)
	        Recheck Cond: ((id >= 9764138) AND (id <= 9765137))
	        ->  Bitmap Index Scan on sbtest3_pkey  (cost=0.00..31.32 rows=1088 width=0)
	              Index Cond: ((id >= 9764138) AND (id <= 9765137))

table 4 : explain SELECT count(c) FROM sbtest4 WHERE id BETWEEN 4536404 AND 4537403
	Aggregate  (cost=4195.81..4195.82 rows=1 width=8)
	  ->  Bitmap Heap Scan on sbtest4  (cost=31.55..4193.10 rows=1084 width=121)
	        Recheck Cond: ((id >= 4536404) AND (id <= 4537403))
	        ->  Bitmap Index Scan on sbtest4_pkey  (cost=0.00..31.27 rows=1084 width=0)
	              Index Cond: ((id >= 4536404) AND (id <= 4537403))

table 5 : explain SELECT count(c) FROM sbtest5 WHERE id BETWEEN 6010549 AND 6011548
	Aggregate  (cost=3972.32..3972.33 rows=1 width=8)
	  ->  Bitmap Heap Scan on sbtest5  (cost=30.95..3969.75 rows=1026 width=121)
	        Recheck Cond: ((id >= 6010549) AND (id <= 6011548))
	        ->  Bitmap Index Scan on sbtest5_pkey  (cost=0.00..30.69 rows=1026 width=0)
	              Index Cond: ((id >= 6010549) AND (id <= 6011548))

table 6 : explain SELECT count(c) FROM sbtest6 WHERE id BETWEEN 9929331 AND 9930330
	Aggregate  (cost=4226.40..4226.41 rows=1 width=8)
	  ->  Bitmap Heap Scan on sbtest6  (cost=31.64..4223.67 rows=1093 width=121)
	        Recheck Cond: ((id >= 9929331) AND (id <= 9930330))
	        ->  Bitmap Index Scan on sbtest6_pkey  (cost=0.00..31.36 rows=1093 width=0)
	              Index Cond: ((id >= 9929331) AND (id <= 9930330))

table 7 : explain SELECT count(c) FROM sbtest7 WHERE id BETWEEN 44114 AND 45113
	Aggregate  (cost=4171.22..4171.23 rows=1 width=8)
	  ->  Bitmap Heap Scan on sbtest7  (cost=31.47..4168.53 rows=1077 width=121)
	        Recheck Cond: ((id >= 44114) AND (id <= 45113))
	        ->  Bitmap Index Scan on sbtest7_pkey  (cost=0.00..31.20 rows=1077 width=0)
	              Index Cond: ((id >= 44114) AND (id <= 45113))

table 8 : explain SELECT count(c) FROM sbtest8 WHERE id BETWEEN 3988662 AND 3989661
	Aggregate  (cost=3722.68..3722.69 rows=1 width=8)
	  ->  Bitmap Heap Scan on sbtest8  (cost=30.27..3720.28 rows=960 width=121)
	        Recheck Cond: ((id >= 3988662) AND (id <= 3989661))
	        ->  Bitmap Index Scan on sbtest8_pkey  (cost=0.00..30.04 rows=960 width=0)
	              Index Cond: ((id >= 3988662) AND (id <= 3989661))

for: count_ranges
table 1 : explain SELECT count(c) FROM sbtest1 WHERE id BETWEEN 1337505 AND 1338504
	Aggregate  (cost=3735.31..3735.32 rows=1 width=8)
	  ->  Bitmap Heap Scan on sbtest1  (cost=30.31..3732.90 rows=963 width=121)
	        Recheck Cond: ((id >= 1337505) AND (id <= 1338504))
	        ->  Bitmap Index Scan on sbtest1_pkey  (cost=0.00..30.07 rows=963 width=0)
	              Index Cond: ((id >= 1337505) AND (id <= 1338504))

table 2 : explain SELECT count(c) FROM sbtest2 WHERE id BETWEEN 9860426 AND 9861425
	Aggregate  (cost=3681.23..3681.24 rows=1 width=8)
	  ->  Bitmap Heap Scan on sbtest2  (cost=30.16..3678.86 rows=949 width=121)
	        Recheck Cond: ((id >= 9860426) AND (id <= 9861425))
	        ->  Bitmap Index Scan on sbtest2_pkey  (cost=0.00..29.93 rows=949 width=0)
	              Index Cond: ((id >= 9860426) AND (id <= 9861425))

table 3 : explain SELECT count(c) FROM sbtest3 WHERE id BETWEEN 2403127 AND 2404126
	Aggregate  (cost=3668.02..3668.03 rows=1 width=8)
	  ->  Bitmap Heap Scan on sbtest3  (cost=30.11..3665.66 rows=944 width=121)
	        Recheck Cond: ((id >= 2403127) AND (id <= 2404126))
	        ->  Bitmap Index Scan on sbtest3_pkey  (cost=0.00..29.87 rows=944 width=0)
	              Index Cond: ((id >= 2403127) AND (id <= 2404126))

table 4 : explain SELECT count(c) FROM sbtest4 WHERE id BETWEEN 3077920 AND 3078919
	Aggregate  (cost=3840.97..3840.98 rows=1 width=8)
	  ->  Bitmap Heap Scan on sbtest4  (cost=30.58..3838.50 rows=990 width=121)
	        Recheck Cond: ((id >= 3077920) AND (id <= 3078919))
	        ->  Bitmap Index Scan on sbtest4_pkey  (cost=0.00..30.33 rows=990 width=0)
	              Index Cond: ((id >= 3077920) AND (id <= 3078919))

table 5 : explain SELECT count(c) FROM sbtest5 WHERE id BETWEEN 169561 AND 170560
	Aggregate  (cost=3594.53..3594.54 rows=1 width=8)
	  ->  Bitmap Heap Scan on sbtest5  (cost=25.94..3592.21 rows=927 width=121)
	        Recheck Cond: ((id >= 169561) AND (id <= 170560))
	        ->  Bitmap Index Scan on sbtest5_pkey  (cost=0.00..25.70 rows=927 width=0)
	              Index Cond: ((id >= 169561) AND (id <= 170560))

table 6 : explain SELECT count(c) FROM sbtest6 WHERE id BETWEEN 1339879 AND 1340878
	Aggregate  (cost=3656.70..3656.71 rows=1 width=8)
	  ->  Bitmap Heap Scan on sbtest6  (cost=30.09..3654.35 rows=942 width=121)
	        Recheck Cond: ((id >= 1339879) AND (id <= 1340878))
	        ->  Bitmap Index Scan on sbtest6_pkey  (cost=0.00..29.86 rows=942 width=0)
	              Index Cond: ((id >= 1339879) AND (id <= 1340878))

table 7 : explain SELECT count(c) FROM sbtest7 WHERE id BETWEEN 2629827 AND 2630826
	Aggregate  (cost=3645.67..3645.68 rows=1 width=8)
	  ->  Bitmap Heap Scan on sbtest7  (cost=30.05..3643.33 rows=938 width=121)
	        Recheck Cond: ((id >= 2629827) AND (id <= 2630826))
	        ->  Bitmap Index Scan on sbtest7_pkey  (cost=0.00..29.82 rows=938 width=0)
	              Index Cond: ((id >= 2629827) AND (id <= 2630826))

table 8 : explain SELECT count(c) FROM sbtest8 WHERE id BETWEEN 2259218 AND 2260217
	Aggregate  (cost=4317.87..4317.88 rows=1 width=8)
	  ->  Bitmap Heap Scan on sbtest8  (cost=31.90..4315.07 rows=1119 width=121)
	        Recheck Cond: ((id >= 2259218) AND (id <= 2260217))
	        ->  Bitmap Index Scan on sbtest8_pkey  (cost=0.00..31.62 rows=1119 width=0)
	              Index Cond: ((id >= 2259218) AND (id <= 2260217))

for: count_ranges
table 1 : explain SELECT count(c) FROM sbtest1 WHERE id BETWEEN 8314716 AND 8315715
	Aggregate  (cost=3474.07..3474.08 rows=1 width=8)
	  ->  Bitmap Heap Scan on sbtest1  (cost=25.61..3471.83 rows=895 width=121)
	        Recheck Cond: ((id >= 8314716) AND (id <= 8315715))
	        ->  Bitmap Index Scan on sbtest1_pkey  (cost=0.00..25.39 rows=895 width=0)
	              Index Cond: ((id >= 8314716) AND (id <= 8315715))

table 2 : explain SELECT count(c) FROM sbtest2 WHERE id BETWEEN 965231 AND 966230
	Aggregate  (cost=4212.72..4212.73 rows=1 width=8)
	  ->  Bitmap Heap Scan on sbtest2  (cost=31.61..4209.99 rows=1090 width=121)
	        Recheck Cond: ((id >= 965231) AND (id <= 966230))
	        ->  Bitmap Index Scan on sbtest2_pkey  (cost=0.00..31.33 rows=1090 width=0)
	              Index Cond: ((id >= 965231) AND (id <= 966230))

table 3 : explain SELECT count(c) FROM sbtest3 WHERE id BETWEEN 6794697 AND 6795696
	Aggregate  (cost=4219.78..4219.79 rows=1 width=8)
	  ->  Bitmap Heap Scan on sbtest3  (cost=31.61..4217.05 rows=1090 width=121)
	        Recheck Cond: ((id >= 6794697) AND (id <= 6795696))
	        ->  Bitmap Index Scan on sbtest3_pkey  (cost=0.00..31.33 rows=1090 width=0)
	              Index Cond: ((id >= 6794697) AND (id <= 6795696))

table 4 : explain SELECT count(c) FROM sbtest4 WHERE id BETWEEN 8222145 AND 8223144
	Aggregate  (cost=3901.45..3901.46 rows=1 width=8)
	  ->  Bitmap Heap Scan on sbtest4  (cost=30.75..3898.93 rows=1006 width=121)
	        Recheck Cond: ((id >= 8222145) AND (id <= 8223144))
	        ->  Bitmap Index Scan on sbtest4_pkey  (cost=0.00..30.50 rows=1006 width=0)
	              Index Cond: ((id >= 8222145) AND (id <= 8223144))

table 5 : explain SELECT count(c) FROM sbtest5 WHERE id BETWEEN 8796929 AND 8797928
	Aggregate  (cost=3957.24..3957.25 rows=1 width=8)
	  ->  Bitmap Heap Scan on sbtest5  (cost=30.91..3954.68 rows=1022 width=121)
	        Recheck Cond: ((id >= 8796929) AND (id <= 8797928))
	        ->  Bitmap Index Scan on sbtest5_pkey  (cost=0.00..30.65 rows=1022 width=0)
	              Index Cond: ((id >= 8796929) AND (id <= 8797928))

table 6 : explain SELECT count(c) FROM sbtest6 WHERE id BETWEEN 3059156 AND 3060155
	Aggregate  (cost=3755.00..3755.01 rows=1 width=8)
	  ->  Bitmap Heap Scan on sbtest6  (cost=30.36..3752.58 rows=968 width=121)
	        Recheck Cond: ((id >= 3059156) AND (id <= 3060155))
	        ->  Bitmap Index Scan on sbtest6_pkey  (cost=0.00..30.11 rows=968 width=0)
	              Index Cond: ((id >= 3059156) AND (id <= 3060155))

table 7 : explain SELECT count(c) FROM sbtest7 WHERE id BETWEEN 5424661 AND 5425660
	Aggregate  (cost=3603.98..3603.99 rows=1 width=8)
	  ->  Bitmap Heap Scan on sbtest7  (cost=29.94..3601.66 rows=927 width=121)
	        Recheck Cond: ((id >= 5424661) AND (id <= 5425660))
	        ->  Bitmap Index Scan on sbtest7_pkey  (cost=0.00..29.70 rows=927 width=0)
	              Index Cond: ((id >= 5424661) AND (id <= 5425660))

table 8 : explain SELECT count(c) FROM sbtest8 WHERE id BETWEEN 6714033 AND 6715032
	Aggregate  (cost=3563.94..3563.95 rows=1 width=8)
	  ->  Bitmap Heap Scan on sbtest8  (cost=29.84..3561.64 rows=918 width=121)
	        Recheck Cond: ((id >= 6714033) AND (id <= 6715032))
	        ->  Bitmap Index Scan on sbtest8_pkey  (cost=0.00..29.61 rows=918 width=0)
	              Index Cond: ((id >= 6714033) AND (id <= 6715032))

for: count_ranges
table 1 : explain SELECT count(c) FROM sbtest1 WHERE id BETWEEN 1021771 AND 1022770
	Aggregate  (cost=3980.64..3980.65 rows=1 width=8)
	  ->  Bitmap Heap Scan on sbtest1  (cost=30.97..3978.07 rows=1028 width=121)
	        Recheck Cond: ((id >= 1021771) AND (id <= 1022770))
	        ->  Bitmap Index Scan on sbtest1_pkey  (cost=0.00..30.71 rows=1028 width=0)
	              Index Cond: ((id >= 1021771) AND (id <= 1022770))

table 2 : explain SELECT count(c) FROM sbtest2 WHERE id BETWEEN 7537018 AND 7538017
	Aggregate  (cost=3609.41..3609.42 rows=1 width=8)
	  ->  Bitmap Heap Scan on sbtest2  (cost=29.97..3607.09 rows=930 width=121)
	        Recheck Cond: ((id >= 7537018) AND (id <= 7538017))
	        ->  Bitmap Index Scan on sbtest2_pkey  (cost=0.00..29.73 rows=930 width=0)
	              Index Cond: ((id >= 7537018) AND (id <= 7538017))

table 3 : explain SELECT count(c) FROM sbtest3 WHERE id BETWEEN 488308 AND 489307
	Aggregate  (cost=3857.28..3857.29 rows=1 width=8)
	  ->  Bitmap Heap Scan on sbtest3  (cost=30.62..3854.79 rows=994 width=121)
	        Recheck Cond: ((id >= 488308) AND (id <= 489307))
	        ->  Bitmap Index Scan on sbtest3_pkey  (cost=0.00..30.37 rows=994 width=0)
	              Index Cond: ((id >= 488308) AND (id <= 489307))

table 4 : explain SELECT count(c) FROM sbtest4 WHERE id BETWEEN 9463682 AND 9464681
	Aggregate  (cost=3617.48..3617.49 rows=1 width=8)
	  ->  Bitmap Heap Scan on sbtest4  (cost=25.99..3615.15 rows=932 width=121)
	        Recheck Cond: ((id >= 9463682) AND (id <= 9464681))
	        ->  Bitmap Index Scan on sbtest4_pkey  (cost=0.00..25.75 rows=932 width=0)
	              Index Cond: ((id >= 9463682) AND (id <= 9464681))

table 5 : explain SELECT count(c) FROM sbtest5 WHERE id BETWEEN 7809497 AND 7810496
	Aggregate  (cost=3779.92..3779.93 rows=1 width=8)
	  ->  Bitmap Heap Scan on sbtest5  (cost=30.43..3777.48 rows=975 width=121)
	        Recheck Cond: ((id >= 7809497) AND (id <= 7810496))
	        ->  Bitmap Index Scan on sbtest5_pkey  (cost=0.00..30.18 rows=975 width=0)
	              Index Cond: ((id >= 7809497) AND (id <= 7810496))

table 6 : explain SELECT count(c) FROM sbtest6 WHERE id BETWEEN 4556116 AND 4557115
	Aggregate  (cost=3853.21..3853.22 rows=1 width=8)
	  ->  Bitmap Heap Scan on sbtest6  (cost=30.62..3850.73 rows=994 width=121)
	        Recheck Cond: ((id >= 4556116) AND (id <= 4557115))
	        ->  Bitmap Index Scan on sbtest6_pkey  (cost=0.00..30.37 rows=994 width=0)
	              Index Cond: ((id >= 4556116) AND (id <= 4557115))

table 7 : explain SELECT count(c) FROM sbtest7 WHERE id BETWEEN 7055843 AND 7056842
	Aggregate  (cost=4205.40..4205.41 rows=1 width=8)
	  ->  Bitmap Heap Scan on sbtest7  (cost=35.56..4202.68 rows=1085 width=121)
	        Recheck Cond: ((id >= 7055843) AND (id <= 7056842))
	        ->  Bitmap Index Scan on sbtest7_pkey  (cost=0.00..35.29 rows=1085 width=0)
	              Index Cond: ((id >= 7055843) AND (id <= 7056842))

table 8 : explain SELECT count(c) FROM sbtest8 WHERE id BETWEEN 6777326 AND 6778325
	Aggregate  (cost=3681.13..3681.14 rows=1 width=8)
	  ->  Bitmap Heap Scan on sbtest8  (cost=30.16..3678.76 rows=949 width=121)
	        Recheck Cond: ((id >= 6777326) AND (id <= 6778325))
	        ->  Bitmap Index Scan on sbtest8_pkey  (cost=0.00..29.93 rows=949 width=0)
	              Index Cond: ((id >= 6777326) AND (id <= 6778325))

for: count_ranges
table 1 : explain SELECT count(c) FROM sbtest1 WHERE id BETWEEN 4831231 AND 4832230
	Aggregate  (cost=3682.40..3682.41 rows=1 width=8)
	  ->  Bitmap Heap Scan on sbtest1  (cost=30.16..3680.03 rows=949 width=121)
	        Recheck Cond: ((id >= 4831231) AND (id <= 4832230))
	        ->  Bitmap Index Scan on sbtest1_pkey  (cost=0.00..29.93 rows=949 width=0)
	              Index Cond: ((id >= 4831231) AND (id <= 4832230))

table 2 : explain SELECT count(c) FROM sbtest2 WHERE id BETWEEN 5907470 AND 5908469
	Aggregate  (cost=3469.21..3469.22 rows=1 width=8)
	  ->  Bitmap Heap Scan on sbtest2  (cost=25.60..3466.98 rows=894 width=121)
	        Recheck Cond: ((id >= 5907470) AND (id <= 5908469))
	        ->  Bitmap Index Scan on sbtest2_pkey  (cost=0.00..25.37 rows=894 width=0)
	              Index Cond: ((id >= 5907470) AND (id <= 5908469))

table 3 : explain SELECT count(c) FROM sbtest3 WHERE id BETWEEN 8460982 AND 8461981
	Aggregate  (cost=3652.87..3652.88 rows=1 width=8)
	  ->  Bitmap Heap Scan on sbtest3  (cost=30.07..3650.52 rows=940 width=121)
	        Recheck Cond: ((id >= 8460982) AND (id <= 8461981))
	        ->  Bitmap Index Scan on sbtest3_pkey  (cost=0.00..29.83 rows=940 width=0)
	              Index Cond: ((id >= 8460982) AND (id <= 8461981))

table 4 : explain SELECT count(c) FROM sbtest4 WHERE id BETWEEN 9972325 AND 9973324
	Aggregate  (cost=4244.80..4244.81 rows=1 width=8)
	  ->  Bitmap Heap Scan on sbtest4  (cost=31.68..4242.05 rows=1097 width=121)
	        Recheck Cond: ((id >= 9972325) AND (id <= 9973324))
	        ->  Bitmap Index Scan on sbtest4_pkey  (cost=0.00..31.40 rows=1097 width=0)
	              Index Cond: ((id >= 9972325) AND (id <= 9973324))

table 5 : explain SELECT count(c) FROM sbtest5 WHERE id BETWEEN 9941471 AND 9942470
	Aggregate  (cost=3855.41..3855.42 rows=1 width=8)
	  ->  Bitmap Heap Scan on sbtest5  (cost=30.63..3852.92 rows=995 width=121)
	        Recheck Cond: ((id >= 9941471) AND (id <= 9942470))
	        ->  Bitmap Index Scan on sbtest5_pkey  (cost=0.00..30.39 rows=995 width=0)
	              Index Cond: ((id >= 9941471) AND (id <= 9942470))

table 6 : explain SELECT count(c) FROM sbtest6 WHERE id BETWEEN 8320381 AND 8321380
	Aggregate  (cost=3345.89..3345.90 rows=1 width=8)
	  ->  Bitmap Heap Scan on sbtest6  (cost=25.26..3343.73 rows=861 width=121)
	        Recheck Cond: ((id >= 8320381) AND (id <= 8321380))
	        ->  Bitmap Index Scan on sbtest6_pkey  (cost=0.00..25.04 rows=861 width=0)
	              Index Cond: ((id >= 8320381) AND (id <= 8321380))

table 7 : explain SELECT count(c) FROM sbtest7 WHERE id BETWEEN 2763085 AND 2764084
	Aggregate  (cost=3838.77..3838.78 rows=1 width=8)
	  ->  Bitmap Heap Scan on sbtest7  (cost=30.57..3836.30 rows=989 width=121)
	        Recheck Cond: ((id >= 2763085) AND (id <= 2764084))
	        ->  Bitmap Index Scan on sbtest7_pkey  (cost=0.00..30.32 rows=989 width=0)
	              Index Cond: ((id >= 2763085) AND (id <= 2764084))

table 8 : explain SELECT count(c) FROM sbtest8 WHERE id BETWEEN 8393958 AND 8394957
	Aggregate  (cost=3669.80..3669.81 rows=1 width=8)
	  ->  Bitmap Heap Scan on sbtest8  (cost=30.13..3667.43 rows=946 width=121)
	        Recheck Cond: ((id >= 8393958) AND (id <= 8394957))
	        ->  Bitmap Index Scan on sbtest8_pkey  (cost=0.00..29.89 rows=946 width=0)
	              Index Cond: ((id >= 8393958) AND (id <= 8394957))

for: count_ranges
table 1 : explain SELECT count(c) FROM sbtest1 WHERE id BETWEEN 3001943 AND 3002942
	Aggregate  (cost=3976.87..3976.88 rows=1 width=8)
	  ->  Bitmap Heap Scan on sbtest1  (cost=30.96..3974.30 rows=1027 width=121)
	        Recheck Cond: ((id >= 3001943) AND (id <= 3002942))
	        ->  Bitmap Index Scan on sbtest1_pkey  (cost=0.00..30.70 rows=1027 width=0)
	              Index Cond: ((id >= 3001943) AND (id <= 3002942))

table 2 : explain SELECT count(c) FROM sbtest2 WHERE id BETWEEN 4643090 AND 4644089
	Aggregate  (cost=3658.56..3658.57 rows=1 width=8)
	  ->  Bitmap Heap Scan on sbtest2  (cost=30.10..3656.20 rows=943 width=121)
	        Recheck Cond: ((id >= 4643090) AND (id <= 4644089))
	        ->  Bitmap Index Scan on sbtest2_pkey  (cost=0.00..29.86 rows=943 width=0)
	              Index Cond: ((id >= 4643090) AND (id <= 4644089))

table 3 : explain SELECT count(c) FROM sbtest3 WHERE id BETWEEN 2730335 AND 2731334
	Aggregate  (cost=3671.81..3671.82 rows=1 width=8)
	  ->  Bitmap Heap Scan on sbtest3  (cost=30.12..3669.45 rows=945 width=121)
	        Recheck Cond: ((id >= 2730335) AND (id <= 2731334))
	        ->  Bitmap Index Scan on sbtest3_pkey  (cost=0.00..29.89 rows=945 width=0)
	              Index Cond: ((id >= 2730335) AND (id <= 2731334))

table 4 : explain SELECT count(c) FROM sbtest4 WHERE id BETWEEN 2117565 AND 2118564
	Aggregate  (cost=3856.09..3856.10 rows=1 width=8)
	  ->  Bitmap Heap Scan on sbtest4  (cost=30.62..3853.61 rows=994 width=121)
	        Recheck Cond: ((id >= 2117565) AND (id <= 2118564))
	        ->  Bitmap Index Scan on sbtest4_pkey  (cost=0.00..30.37 rows=994 width=0)
	              Index Cond: ((id >= 2117565) AND (id <= 2118564))

table 5 : explain SELECT count(c) FROM sbtest5 WHERE id BETWEEN 3524247 AND 3525246
	Aggregate  (cost=3923.31..3923.32 rows=1 width=8)
	  ->  Bitmap Heap Scan on sbtest5  (cost=30.82..3920.77 rows=1013 width=121)
	        Recheck Cond: ((id >= 3524247) AND (id <= 3525246))
	        ->  Bitmap Index Scan on sbtest5_pkey  (cost=0.00..30.57 rows=1013 width=0)
	              Index Cond: ((id >= 3524247) AND (id <= 3525246))

table 6 : explain SELECT count(c) FROM sbtest6 WHERE id BETWEEN 1847263 AND 1848262
	Aggregate  (cost=3599.95..3599.96 rows=1 width=8)
	  ->  Bitmap Heap Scan on sbtest6  (cost=29.94..3597.63 rows=927 width=121)
	        Recheck Cond: ((id >= 1847263) AND (id <= 1848262))
	        ->  Bitmap Index Scan on sbtest6_pkey  (cost=0.00..29.70 rows=927 width=0)
	              Index Cond: ((id >= 1847263) AND (id <= 1848262))

table 7 : explain SELECT count(c) FROM sbtest7 WHERE id BETWEEN 1288956 AND 1289955
	Aggregate  (cost=3774.44..3774.45 rows=1 width=8)
	  ->  Bitmap Heap Scan on sbtest7  (cost=30.40..3772.01 rows=972 width=121)
	        Recheck Cond: ((id >= 1288956) AND (id <= 1289955))
	        ->  Bitmap Index Scan on sbtest7_pkey  (cost=0.00..30.15 rows=972 width=0)
	              Index Cond: ((id >= 1288956) AND (id <= 1289955))

table 8 : explain SELECT count(c) FROM sbtest8 WHERE id BETWEEN 2192087 AND 2193086
	Aggregate  (cost=3737.79..3737.80 rows=1 width=8)
	  ->  Bitmap Heap Scan on sbtest8  (cost=30.32..3735.38 rows=964 width=121)
	        Recheck Cond: ((id >= 2192087) AND (id <= 2193086))
	        ->  Bitmap Index Scan on sbtest8_pkey  (cost=0.00..30.07 rows=964 width=0)
	              Index Cond: ((id >= 2192087) AND (id <= 2193086))

for: count_ranges
table 1 : explain SELECT count(c) FROM sbtest1 WHERE id BETWEEN 395979 AND 396978
	Aggregate  (cost=3856.16..3856.17 rows=1 width=8)
	  ->  Bitmap Heap Scan on sbtest1  (cost=30.63..3853.67 rows=995 width=121)
	        Recheck Cond: ((id >= 395979) AND (id <= 396978))
	        ->  Bitmap Index Scan on sbtest1_pkey  (cost=0.00..30.39 rows=995 width=0)
	              Index Cond: ((id >= 395979) AND (id <= 396978))

table 2 : explain SELECT count(c) FROM sbtest2 WHERE id BETWEEN 1954851 AND 1955850
	Aggregate  (cost=3839.81..3839.82 rows=1 width=8)
	  ->  Bitmap Heap Scan on sbtest2  (cost=30.59..3837.33 rows=991 width=121)
	        Recheck Cond: ((id >= 1954851) AND (id <= 1955850))
	        ->  Bitmap Index Scan on sbtest2_pkey  (cost=0.00..30.34 rows=991 width=0)
	              Index Cond: ((id >= 1954851) AND (id <= 1955850))

table 3 : explain SELECT count(c) FROM sbtest3 WHERE id BETWEEN 8684027 AND 8685026
	Aggregate  (cost=3683.18..3683.19 rows=1 width=8)
	  ->  Bitmap Heap Scan on sbtest3  (cost=30.15..3680.81 rows=948 width=121)
	        Recheck Cond: ((id >= 8684027) AND (id <= 8685026))
	        ->  Bitmap Index Scan on sbtest3_pkey  (cost=0.00..29.91 rows=948 width=0)
	              Index Cond: ((id >= 8684027) AND (id <= 8685026))

table 4 : explain SELECT count(c) FROM sbtest4 WHERE id BETWEEN 7036745 AND 7037744
	Aggregate  (cost=3465.86..3465.87 rows=1 width=8)
	  ->  Bitmap Heap Scan on sbtest4  (cost=25.58..3463.63 rows=892 width=121)
	        Recheck Cond: ((id >= 7036745) AND (id <= 7037744))
	        ->  Bitmap Index Scan on sbtest4_pkey  (cost=0.00..25.36 rows=892 width=0)
	              Index Cond: ((id >= 7036745) AND (id <= 7037744))

table 5 : explain SELECT count(c) FROM sbtest5 WHERE id BETWEEN 4149743 AND 4150742
	Aggregate  (cost=3915.76..3915.77 rows=1 width=8)
	  ->  Bitmap Heap Scan on sbtest5  (cost=30.80..3913.24 rows=1011 width=121)
	        Recheck Cond: ((id >= 4149743) AND (id <= 4150742))
	        ->  Bitmap Index Scan on sbtest5_pkey  (cost=0.00..30.54 rows=1011 width=0)
	              Index Cond: ((id >= 4149743) AND (id <= 4150742))

table 6 : explain SELECT count(c) FROM sbtest6 WHERE id BETWEEN 7537723 AND 7538722
	Aggregate  (cost=3766.34..3766.35 rows=1 width=8)
	  ->  Bitmap Heap Scan on sbtest6  (cost=30.39..3763.91 rows=971 width=121)
	        Recheck Cond: ((id >= 7537723) AND (id <= 7538722))
	        ->  Bitmap Index Scan on sbtest6_pkey  (cost=0.00..30.14 rows=971 width=0)
	              Index Cond: ((id >= 7537723) AND (id <= 7538722))

table 7 : explain SELECT count(c) FROM sbtest7 WHERE id BETWEEN 9700490 AND 9701489
	Aggregate  (cost=3490.19..3490.20 rows=1 width=8)
	  ->  Bitmap Heap Scan on sbtest7  (cost=29.63..3487.95 rows=897 width=121)
	        Recheck Cond: ((id >= 9700490) AND (id <= 9701489))
	        ->  Bitmap Index Scan on sbtest7_pkey  (cost=0.00..29.40 rows=897 width=0)
	              Index Cond: ((id >= 9700490) AND (id <= 9701489))

table 8 : explain SELECT count(c) FROM sbtest8 WHERE id BETWEEN 250686 AND 251685
	Aggregate  (cost=3900.05..3900.06 rows=1 width=8)
	  ->  Bitmap Heap Scan on sbtest8  (cost=30.76..3897.54 rows=1007 width=121)
	        Recheck Cond: ((id >= 250686) AND (id <= 251685))
	        ->  Bitmap Index Scan on sbtest8_pkey  (cost=0.00..30.50 rows=1007 width=0)
	              Index Cond: ((id >= 250686) AND (id <= 251685))

for: count_ranges
table 1 : explain SELECT count(c) FROM sbtest1 WHERE id BETWEEN 7785865 AND 7786864
	Aggregate  (cost=4093.69..4093.70 rows=1 width=8)
	  ->  Bitmap Heap Scan on sbtest1  (cost=31.28..4091.05 rows=1058 width=121)
	        Recheck Cond: ((id >= 7785865) AND (id <= 7786864))
	        ->  Bitmap Index Scan on sbtest1_pkey  (cost=0.00..31.01 rows=1058 width=0)
	              Index Cond: ((id >= 7785865) AND (id <= 7786864))

table 2 : explain SELECT count(c) FROM sbtest2 WHERE id BETWEEN 8403079 AND 8404078
	Aggregate  (cost=3843.58..3843.59 rows=1 width=8)
	  ->  Bitmap Heap Scan on sbtest2  (cost=30.60..3841.10 rows=992 width=121)
	        Recheck Cond: ((id >= 8403079) AND (id <= 8404078))
	        ->  Bitmap Index Scan on sbtest2_pkey  (cost=0.00..30.36 rows=992 width=0)
	              Index Cond: ((id >= 8403079) AND (id <= 8404078))

table 3 : explain SELECT count(c) FROM sbtest3 WHERE id BETWEEN 8672575 AND 8673574
	Aggregate  (cost=3683.18..3683.19 rows=1 width=8)
	  ->  Bitmap Heap Scan on sbtest3  (cost=30.15..3680.81 rows=948 width=121)
	        Recheck Cond: ((id >= 8672575) AND (id <= 8673574))
	        ->  Bitmap Index Scan on sbtest3_pkey  (cost=0.00..29.91 rows=948 width=0)
	              Index Cond: ((id >= 8672575) AND (id <= 8673574))

table 4 : explain SELECT count(c) FROM sbtest4 WHERE id BETWEEN 5754299 AND 5755298
	Aggregate  (cost=4044.95..4044.96 rows=1 width=8)
	  ->  Bitmap Heap Scan on sbtest4  (cost=31.14..4042.34 rows=1044 width=121)
	        Recheck Cond: ((id >= 5754299) AND (id <= 5755298))
	        ->  Bitmap Index Scan on sbtest4_pkey  (cost=0.00..30.87 rows=1044 width=0)
	              Index Cond: ((id >= 5754299) AND (id <= 5755298))

table 5 : explain SELECT count(c) FROM sbtest5 WHERE id BETWEEN 1295678 AND 1296677
	Aggregate  (cost=3560.48..3560.49 rows=1 width=8)
	  ->  Bitmap Heap Scan on sbtest5  (cost=25.84..3558.19 rows=918 width=121)
	        Recheck Cond: ((id >= 1295678) AND (id <= 1296677))
	        ->  Bitmap Index Scan on sbtest5_pkey  (cost=0.00..25.61 rows=918 width=0)
	              Index Cond: ((id >= 1295678) AND (id <= 1296677))

table 6 : explain SELECT count(c) FROM sbtest6 WHERE id BETWEEN 6870404 AND 6871403
	Aggregate  (cost=3486.14..3486.15 rows=1 width=8)
	  ->  Bitmap Heap Scan on sbtest6  (cost=25.64..3483.90 rows=898 width=121)
	        Recheck Cond: ((id >= 6870404) AND (id <= 6871403))
	        ->  Bitmap Index Scan on sbtest6_pkey  (cost=0.00..25.41 rows=898 width=0)
	              Index Cond: ((id >= 6870404) AND (id <= 6871403))

table 7 : explain SELECT count(c) FROM sbtest7 WHERE id BETWEEN 8706540 AND 8707539
	Aggregate  (cost=3516.75..3516.76 rows=1 width=8)
	  ->  Bitmap Heap Scan on sbtest7  (cost=29.70..3514.49 rows=904 width=121)
	        Recheck Cond: ((id >= 8706540) AND (id <= 8707539))
	        ->  Bitmap Index Scan on sbtest7_pkey  (cost=0.00..29.47 rows=904 width=0)
	              Index Cond: ((id >= 8706540) AND (id <= 8707539))

table 8 : explain SELECT count(c) FROM sbtest8 WHERE id BETWEEN 8830153 AND 8831152
	Aggregate  (cost=3900.05..3900.06 rows=1 width=8)
	  ->  Bitmap Heap Scan on sbtest8  (cost=30.76..3897.54 rows=1007 width=121)
	        Recheck Cond: ((id >= 8830153) AND (id <= 8831152))
	        ->  Bitmap Index Scan on sbtest8_pkey  (cost=0.00..30.50 rows=1007 width=0)
	              Index Cond: ((id >= 8830153) AND (id <= 8831152))

for: count_ranges
table 1 : explain SELECT count(c) FROM sbtest1 WHERE id BETWEEN 427908 AND 428907
	Aggregate  (cost=3878.80..3878.81 rows=1 width=8)
	  ->  Bitmap Heap Scan on sbtest1  (cost=30.70..3876.30 rows=1001 width=121)
	        Recheck Cond: ((id >= 427908) AND (id <= 428907))
	        ->  Bitmap Index Scan on sbtest1_pkey  (cost=0.00..30.44 rows=1001 width=0)
	              Index Cond: ((id >= 427908) AND (id <= 428907))

table 2 : explain SELECT count(c) FROM sbtest2 WHERE id BETWEEN 7651777 AND 7652776
	Aggregate  (cost=3956.71..3956.72 rows=1 width=8)
	  ->  Bitmap Heap Scan on sbtest2  (cost=30.91..3954.16 rows=1022 width=121)
	        Recheck Cond: ((id >= 7651777) AND (id <= 7652776))
	        ->  Bitmap Index Scan on sbtest2_pkey  (cost=0.00..30.65 rows=1022 width=0)
	              Index Cond: ((id >= 7651777) AND (id <= 7652776))

table 3 : explain SELECT count(c) FROM sbtest3 WHERE id BETWEEN 5236093 AND 5237092
	Aggregate  (cost=3819.45..3819.46 rows=1 width=8)
	  ->  Bitmap Heap Scan on sbtest3  (cost=30.52..3816.99 rows=984 width=121)
	        Recheck Cond: ((id >= 5236093) AND (id <= 5237092))
	        ->  Bitmap Index Scan on sbtest3_pkey  (cost=0.00..30.27 rows=984 width=0)
	              Index Cond: ((id >= 5236093) AND (id <= 5237092))

table 4 : explain SELECT count(c) FROM sbtest4 WHERE id BETWEEN 9557664 AND 9558663
	Aggregate  (cost=3920.34..3920.35 rows=1 width=8)
	  ->  Bitmap Heap Scan on sbtest4  (cost=30.80..3917.81 rows=1011 width=121)
	        Recheck Cond: ((id >= 9557664) AND (id <= 9558663))
	        ->  Bitmap Index Scan on sbtest4_pkey  (cost=0.00..30.54 rows=1011 width=0)
	              Index Cond: ((id >= 9557664) AND (id <= 9558663))

table 5 : explain SELECT count(c) FROM sbtest5 WHERE id BETWEEN 1868983 AND 1869982
	Aggregate  (cost=3810.12..3810.13 rows=1 width=8)
	  ->  Bitmap Heap Scan on sbtest5  (cost=30.51..3807.66 rows=983 width=121)
	        Recheck Cond: ((id >= 1868983) AND (id <= 1869982))
	        ->  Bitmap Index Scan on sbtest5_pkey  (cost=0.00..30.26 rows=983 width=0)
	              Index Cond: ((id >= 1868983) AND (id <= 1869982))

table 6 : explain SELECT count(c) FROM sbtest6 WHERE id BETWEEN 359063 AND 360062
	Aggregate  (cost=3894.74..3894.75 rows=1 width=8)
	  ->  Bitmap Heap Scan on sbtest6  (cost=30.74..3892.23 rows=1005 width=121)
	        Recheck Cond: ((id >= 359063) AND (id <= 360062))
	        ->  Bitmap Index Scan on sbtest6_pkey  (cost=0.00..30.48 rows=1005 width=0)
	              Index Cond: ((id >= 359063) AND (id <= 360062))

table 7 : explain SELECT count(c) FROM sbtest7 WHERE id BETWEEN 3623977 AND 3624976
	Aggregate  (cost=3729.01..3729.02 rows=1 width=8)
	  ->  Bitmap Heap Scan on sbtest7  (cost=30.27..3726.61 rows=960 width=121)
	        Recheck Cond: ((id >= 3623977) AND (id <= 3624976))
	        ->  Bitmap Index Scan on sbtest7_pkey  (cost=0.00..30.04 rows=960 width=0)
	              Index Cond: ((id >= 3623977) AND (id <= 3624976))

table 8 : explain SELECT count(c) FROM sbtest8 WHERE id BETWEEN 3031548 AND 3032547
	Aggregate  (cost=4054.55..4054.56 rows=1 width=8)
	  ->  Bitmap Heap Scan on sbtest8  (cost=31.18..4051.93 rows=1048 width=121)
	        Recheck Cond: ((id >= 3031548) AND (id <= 3032547))
	        ->  Bitmap Index Scan on sbtest8_pkey  (cost=0.00..30.91 rows=1048 width=0)
	              Index Cond: ((id >= 3031548) AND (id <= 3032547))

for: count_ranges
table 1 : explain SELECT count(c) FROM sbtest1 WHERE id BETWEEN 9478504 AND 9479503
	Aggregate  (cost=3750.42..3750.43 rows=1 width=8)
	  ->  Bitmap Heap Scan on sbtest1  (cost=30.35..3748.01 rows=967 width=121)
	        Recheck Cond: ((id >= 9478504) AND (id <= 9479503))
	        ->  Bitmap Index Scan on sbtest1_pkey  (cost=0.00..30.11 rows=967 width=0)
	              Index Cond: ((id >= 9478504) AND (id <= 9479503))

table 2 : explain SELECT count(c) FROM sbtest2 WHERE id BETWEEN 2468276 AND 2469275
	Aggregate  (cost=4024.53..4024.54 rows=1 width=8)
	  ->  Bitmap Heap Scan on sbtest2  (cost=31.09..4021.93 rows=1040 width=121)
	        Recheck Cond: ((id >= 2468276) AND (id <= 2469275))
	        ->  Bitmap Index Scan on sbtest2_pkey  (cost=0.00..30.83 rows=1040 width=0)
	              Index Cond: ((id >= 2468276) AND (id <= 2469275))

table 3 : explain SELECT count(c) FROM sbtest3 WHERE id BETWEEN 4926239 AND 4927238
	Aggregate  (cost=3982.01..3982.02 rows=1 width=8)
	  ->  Bitmap Heap Scan on sbtest3  (cost=30.96..3979.45 rows=1027 width=121)
	        Recheck Cond: ((id >= 4926239) AND (id <= 4927238))
	        ->  Bitmap Index Scan on sbtest3_pkey  (cost=0.00..30.70 rows=1027 width=0)
	              Index Cond: ((id >= 4926239) AND (id <= 4927238))

table 4 : explain SELECT count(c) FROM sbtest4 WHERE id BETWEEN 1303803 AND 1304802
	Aggregate  (cost=3526.53..3526.54 rows=1 width=8)
	  ->  Bitmap Heap Scan on sbtest4  (cost=25.74..3524.26 rows=908 width=121)
	        Recheck Cond: ((id >= 1303803) AND (id <= 1304802))
	        ->  Bitmap Index Scan on sbtest4_pkey  (cost=0.00..25.51 rows=908 width=0)
	              Index Cond: ((id >= 1303803) AND (id <= 1304802))

table 5 : explain SELECT count(c) FROM sbtest5 WHERE id BETWEEN 167068 AND 168067
	Aggregate  (cost=3594.53..3594.54 rows=1 width=8)
	  ->  Bitmap Heap Scan on sbtest5  (cost=25.94..3592.21 rows=927 width=121)
	        Recheck Cond: ((id >= 167068) AND (id <= 168067))
	        ->  Bitmap Index Scan on sbtest5_pkey  (cost=0.00..25.70 rows=927 width=0)
	              Index Cond: ((id >= 167068) AND (id <= 168067))

table 6 : explain SELECT count(c) FROM sbtest6 WHERE id BETWEEN 3410342 AND 3411341
	Aggregate  (cost=4158.64..4158.65 rows=1 width=8)
	  ->  Bitmap Heap Scan on sbtest6  (cost=31.45..4155.95 rows=1075 width=121)
	        Recheck Cond: ((id >= 3410342) AND (id <= 3411341))
	        ->  Bitmap Index Scan on sbtest6_pkey  (cost=0.00..31.18 rows=1075 width=0)
	              Index Cond: ((id >= 3410342) AND (id <= 3411341))

table 7 : explain SELECT count(c) FROM sbtest7 WHERE id BETWEEN 6539991 AND 6540990
	Aggregate  (cost=3729.01..3729.02 rows=1 width=8)
	  ->  Bitmap Heap Scan on sbtest7  (cost=30.27..3726.61 rows=960 width=121)
	        Recheck Cond: ((id >= 6539991) AND (id <= 6540990))
	        ->  Bitmap Index Scan on sbtest7_pkey  (cost=0.00..30.04 rows=960 width=0)
	              Index Cond: ((id >= 6539991) AND (id <= 6540990))

table 8 : explain SELECT count(c) FROM sbtest8 WHERE id BETWEEN 1573193 AND 1574192
	Aggregate  (cost=3801.97..3801.98 rows=1 width=8)
	  ->  Bitmap Heap Scan on sbtest8  (cost=30.49..3799.52 rows=981 width=121)
	        Recheck Cond: ((id >= 1573193) AND (id <= 1574192))
	        ->  Bitmap Index Scan on sbtest8_pkey  (cost=0.00..30.25 rows=981 width=0)
	              Index Cond: ((id >= 1573193) AND (id <= 1574192))

for: count_ranges
table 1 : explain SELECT count(c) FROM sbtest1 WHERE id BETWEEN 422135 AND 423134
	Aggregate  (cost=3878.80..3878.81 rows=1 width=8)
	  ->  Bitmap Heap Scan on sbtest1  (cost=30.70..3876.30 rows=1001 width=121)
	        Recheck Cond: ((id >= 422135) AND (id <= 423134))
	        ->  Bitmap Index Scan on sbtest1_pkey  (cost=0.00..30.44 rows=1001 width=0)
	              Index Cond: ((id >= 422135) AND (id <= 423134))

table 2 : explain SELECT count(c) FROM sbtest2 WHERE id BETWEEN 4898402 AND 4899401
	Aggregate  (cost=4092.32..4092.33 rows=1 width=8)
	  ->  Bitmap Heap Scan on sbtest2  (cost=31.28..4089.67 rows=1058 width=121)
	        Recheck Cond: ((id >= 4898402) AND (id <= 4899401))
	        ->  Bitmap Index Scan on sbtest2_pkey  (cost=0.00..31.01 rows=1058 width=0)
	              Index Cond: ((id >= 4898402) AND (id <= 4899401))

table 3 : explain SELECT count(c) FROM sbtest3 WHERE id BETWEEN 3087446 AND 3088445
	Aggregate  (cost=4000.90..4000.91 rows=1 width=8)
	  ->  Bitmap Heap Scan on sbtest3  (cost=31.01..3998.32 rows=1032 width=121)
	        Recheck Cond: ((id >= 3087446) AND (id <= 3088445))
	        ->  Bitmap Index Scan on sbtest3_pkey  (cost=0.00..30.75 rows=1032 width=0)
	              Index Cond: ((id >= 3087446) AND (id <= 3088445))

table 4 : explain SELECT count(c) FROM sbtest4 WHERE id BETWEEN 4956766 AND 4957765
	Aggregate  (cost=3678.29..3678.30 rows=1 width=8)
	  ->  Bitmap Heap Scan on sbtest4  (cost=30.14..3675.92 rows=947 width=121)
	        Recheck Cond: ((id >= 4956766) AND (id <= 4957765))
	        ->  Bitmap Index Scan on sbtest4_pkey  (cost=0.00..29.90 rows=947 width=0)
	              Index Cond: ((id >= 4956766) AND (id <= 4957765))

table 5 : explain SELECT count(c) FROM sbtest5 WHERE id BETWEEN 3966539 AND 3967538
	Aggregate  (cost=4074.04..4074.05 rows=1 width=8)
	  ->  Bitmap Heap Scan on sbtest5  (cost=31.23..4071.41 rows=1053 width=121)
	        Recheck Cond: ((id >= 3966539) AND (id <= 3967538))
	        ->  Bitmap Index Scan on sbtest5_pkey  (cost=0.00..30.96 rows=1053 width=0)
	              Index Cond: ((id >= 3966539) AND (id <= 3967538))

table 6 : explain SELECT count(c) FROM sbtest6 WHERE id BETWEEN 1446702 AND 1447701
	Aggregate  (cost=3992.83..3992.84 rows=1 width=8)
	  ->  Bitmap Heap Scan on sbtest6  (cost=31.00..3990.25 rows=1031 width=121)
	        Recheck Cond: ((id >= 1446702) AND (id <= 1447701))
	        ->  Bitmap Index Scan on sbtest6_pkey  (cost=0.00..30.75 rows=1031 width=0)
	              Index Cond: ((id >= 1446702) AND (id <= 1447701))

table 7 : explain SELECT count(c) FROM sbtest7 WHERE id BETWEEN 6129096 AND 6130095
	Aggregate  (cost=3596.40..3596.41 rows=1 width=8)
	  ->  Bitmap Heap Scan on sbtest7  (cost=29.92..3594.08 rows=925 width=121)
	        Recheck Cond: ((id >= 6129096) AND (id <= 6130095))
	        ->  Bitmap Index Scan on sbtest7_pkey  (cost=0.00..29.68 rows=925 width=0)
	              Index Cond: ((id >= 6129096) AND (id <= 6130095))

table 8 : explain SELECT count(c) FROM sbtest8 WHERE id BETWEEN 7796195 AND 7797194
	Aggregate  (cost=3419.90..3419.91 rows=1 width=8)
	  ->  Bitmap Heap Scan on sbtest8  (cost=25.47..3417.69 rows=881 width=121)
	        Recheck Cond: ((id >= 7796195) AND (id <= 7797194))
	        ->  Bitmap Index Scan on sbtest8_pkey  (cost=0.00..25.25 rows=881 width=0)
	              Index Cond: ((id >= 7796195) AND (id <= 7797194))

for: count_ranges
table 1 : explain SELECT count(c) FROM sbtest1 WHERE id BETWEEN 8302476 AND 8303475
	Aggregate  (cost=3474.07..3474.08 rows=1 width=8)
	  ->  Bitmap Heap Scan on sbtest1  (cost=25.61..3471.83 rows=895 width=121)
	        Recheck Cond: ((id >= 8302476) AND (id <= 8303475))
	        ->  Bitmap Index Scan on sbtest1_pkey  (cost=0.00..25.39 rows=895 width=0)
	              Index Cond: ((id >= 8302476) AND (id <= 8303475))

table 2 : explain SELECT count(c) FROM sbtest2 WHERE id BETWEEN 1936997 AND 1937996
	Aggregate  (cost=3839.81..3839.82 rows=1 width=8)
	  ->  Bitmap Heap Scan on sbtest2  (cost=30.59..3837.33 rows=991 width=121)
	        Recheck Cond: ((id >= 1936997) AND (id <= 1937996))
	        ->  Bitmap Index Scan on sbtest2_pkey  (cost=0.00..30.34 rows=991 width=0)
	              Index Cond: ((id >= 1936997) AND (id <= 1937996))

table 3 : explain SELECT count(c) FROM sbtest3 WHERE id BETWEEN 4085908 AND 4086907
	Aggregate  (cost=4257.71..4257.72 rows=1 width=8)
	  ->  Bitmap Heap Scan on sbtest3  (cost=35.70..4254.96 rows=1099 width=121)
	        Recheck Cond: ((id >= 4085908) AND (id <= 4086907))
	        ->  Bitmap Index Scan on sbtest3_pkey  (cost=0.00..35.43 rows=1099 width=0)
	              Index Cond: ((id >= 4085908) AND (id <= 4086907))

table 4 : explain SELECT count(c) FROM sbtest4 WHERE id BETWEEN 151388 AND 152387
	Aggregate  (cost=3704.79..3704.80 rows=1 width=8)
	  ->  Bitmap Heap Scan on sbtest4  (cost=30.21..3702.40 rows=954 width=121)
	        Recheck Cond: ((id >= 151388) AND (id <= 152387))
	        ->  Bitmap Index Scan on sbtest4_pkey  (cost=0.00..29.97 rows=954 width=0)
	              Index Cond: ((id >= 151388) AND (id <= 152387))

table 5 : explain SELECT count(c) FROM sbtest5 WHERE id BETWEEN 3416463 AND 3417462
	Aggregate  (cost=3783.69..3783.70 rows=1 width=8)
	  ->  Bitmap Heap Scan on sbtest5  (cost=30.44..3781.25 rows=976 width=121)
	        Recheck Cond: ((id >= 3416463) AND (id <= 3417462))
	        ->  Bitmap Index Scan on sbtest5_pkey  (cost=0.00..30.19 rows=976 width=0)
	              Index Cond: ((id >= 3416463) AND (id <= 3417462))

table 6 : explain SELECT count(c) FROM sbtest6 WHERE id BETWEEN 9887353 AND 9888352
	Aggregate  (cost=4143.58..4143.59 rows=1 width=8)
	  ->  Bitmap Heap Scan on sbtest6  (cost=31.41..4140.90 rows=1071 width=121)
	        Recheck Cond: ((id >= 9887353) AND (id <= 9888352))
	        ->  Bitmap Index Scan on sbtest6_pkey  (cost=0.00..31.14 rows=1071 width=0)
	              Index Cond: ((id >= 9887353) AND (id <= 9888352))

table 7 : explain SELECT count(c) FROM sbtest7 WHERE id BETWEEN 5772464 AND 5773463
	Aggregate  (cost=3974.89..3974.90 rows=1 width=8)
	  ->  Bitmap Heap Scan on sbtest7  (cost=30.94..3972.33 rows=1025 width=121)
	        Recheck Cond: ((id >= 5772464) AND (id <= 5773463))
	        ->  Bitmap Index Scan on sbtest7_pkey  (cost=0.00..30.68 rows=1025 width=0)
	              Index Cond: ((id >= 5772464) AND (id <= 5773463))

table 8 : explain SELECT count(c) FROM sbtest8 WHERE id BETWEEN 3542245 AND 3543244
	Aggregate  (cost=4092.20..4092.21 rows=1 width=8)
	  ->  Bitmap Heap Scan on sbtest8  (cost=31.28..4089.56 rows=1058 width=121)
	        Recheck Cond: ((id >= 3542245) AND (id <= 3543244))
	        ->  Bitmap Index Scan on sbtest8_pkey  (cost=0.00..31.01 rows=1058 width=0)
	              Index Cond: ((id >= 3542245) AND (id <= 3543244))

for: count_ranges
table 1 : explain SELECT count(c) FROM sbtest1 WHERE id BETWEEN 2562249 AND 2563248
	Aggregate  (cost=3791.97..3791.98 rows=1 width=8)
	  ->  Bitmap Heap Scan on sbtest1  (cost=30.46..3789.53 rows=978 width=121)
	        Recheck Cond: ((id >= 2562249) AND (id <= 2563248))
	        ->  Bitmap Index Scan on sbtest1_pkey  (cost=0.00..30.21 rows=978 width=0)
	              Index Cond: ((id >= 2562249) AND (id <= 2563248))

table 2 : explain SELECT count(c) FROM sbtest2 WHERE id BETWEEN 1630983 AND 1631982
	Aggregate  (cost=3851.13..3851.14 rows=1 width=8)
	  ->  Bitmap Heap Scan on sbtest2  (cost=30.62..3848.64 rows=994 width=121)
	        Recheck Cond: ((id >= 1630983) AND (id <= 1631982))
	        ->  Bitmap Index Scan on sbtest2_pkey  (cost=0.00..30.37 rows=994 width=0)
	              Index Cond: ((id >= 1630983) AND (id <= 1631982))

table 3 : explain SELECT count(c) FROM sbtest3 WHERE id BETWEEN 1475331 AND 1476330
	Aggregate  (cost=3948.01..3948.02 rows=1 width=8)
	  ->  Bitmap Heap Scan on sbtest3  (cost=30.87..3945.46 rows=1018 width=121)
	        Recheck Cond: ((id >= 1475331) AND (id <= 1476330))
	        ->  Bitmap Index Scan on sbtest3_pkey  (cost=0.00..30.61 rows=1018 width=0)
	              Index Cond: ((id >= 1475331) AND (id <= 1476330))

table 4 : explain SELECT count(c) FROM sbtest4 WHERE id BETWEEN 3605964 AND 3606963
	Aggregate  (cost=4075.13..4075.14 rows=1 width=8)
	  ->  Bitmap Heap Scan on sbtest4  (cost=31.22..4072.50 rows=1052 width=121)
	        Recheck Cond: ((id >= 3605964) AND (id <= 3606963))
	        ->  Bitmap Index Scan on sbtest4_pkey  (cost=0.00..30.95 rows=1052 width=0)
	              Index Cond: ((id >= 3605964) AND (id <= 3606963))

table 5 : explain SELECT count(c) FROM sbtest5 WHERE id BETWEEN 7953868 AND 7954867
	Aggregate  (cost=3707.93..3707.94 rows=1 width=8)
	  ->  Bitmap Heap Scan on sbtest5  (cost=26.24..3705.54 rows=957 width=121)
	        Recheck Cond: ((id >= 7953868) AND (id <= 7954867))
	        ->  Bitmap Index Scan on sbtest5_pkey  (cost=0.00..26.00 rows=957 width=0)
	              Index Cond: ((id >= 7953868) AND (id <= 7954867))

table 6 : explain SELECT count(c) FROM sbtest6 WHERE id BETWEEN 4067852 AND 4068851
	Aggregate  (cost=3853.21..3853.22 rows=1 width=8)
	  ->  Bitmap Heap Scan on sbtest6  (cost=30.62..3850.73 rows=994 width=121)
	        Recheck Cond: ((id >= 4067852) AND (id <= 4068851))
	        ->  Bitmap Index Scan on sbtest6_pkey  (cost=0.00..30.37 rows=994 width=0)
	              Index Cond: ((id >= 4067852) AND (id <= 4068851))

table 7 : explain SELECT count(c) FROM sbtest7 WHERE id BETWEEN 9346590 AND 9347589
	Aggregate  (cost=3573.65..3573.66 rows=1 width=8)
	  ->  Bitmap Heap Scan on sbtest7  (cost=29.85..3571.35 rows=919 width=121)
	        Recheck Cond: ((id >= 9346590) AND (id <= 9347589))
	        ->  Bitmap Index Scan on sbtest7_pkey  (cost=0.00..29.62 rows=919 width=0)
	              Index Cond: ((id >= 9346590) AND (id <= 9347589))

table 8 : explain SELECT count(c) FROM sbtest8 WHERE id BETWEEN 585405 AND 586404
	Aggregate  (cost=3798.20..3798.21 rows=1 width=8)
	  ->  Bitmap Heap Scan on sbtest8  (cost=30.48..3795.75 rows=980 width=121)
	        Recheck Cond: ((id >= 585405) AND (id <= 586404))
	        ->  Bitmap Index Scan on sbtest8_pkey  (cost=0.00..30.23 rows=980 width=0)
	              Index Cond: ((id >= 585405) AND (id <= 586404))

for: count_ranges
table 1 : explain SELECT count(c) FROM sbtest1 WHERE id BETWEEN 2593771 AND 2594770
	Aggregate  (cost=3791.97..3791.98 rows=1 width=8)
	  ->  Bitmap Heap Scan on sbtest1  (cost=30.46..3789.53 rows=978 width=121)
	        Recheck Cond: ((id >= 2593771) AND (id <= 2594770))
	        ->  Bitmap Index Scan on sbtest1_pkey  (cost=0.00..30.21 rows=978 width=0)
	              Index Cond: ((id >= 2593771) AND (id <= 2594770))

table 2 : explain SELECT count(c) FROM sbtest2 WHERE id BETWEEN 2497348 AND 2498347
	Aggregate  (cost=4024.53..4024.54 rows=1 width=8)
	  ->  Bitmap Heap Scan on sbtest2  (cost=31.09..4021.93 rows=1040 width=121)
	        Recheck Cond: ((id >= 2497348) AND (id <= 2498347))
	        ->  Bitmap Index Scan on sbtest2_pkey  (cost=0.00..30.83 rows=1040 width=0)
	              Index Cond: ((id >= 2497348) AND (id <= 2498347))

table 3 : explain SELECT count(c) FROM sbtest3 WHERE id BETWEEN 3504471 AND 3505470
	Aggregate  (cost=4046.22..4046.23 rows=1 width=8)
	  ->  Bitmap Heap Scan on sbtest3  (cost=31.14..4043.61 rows=1044 width=121)
	        Recheck Cond: ((id >= 3504471) AND (id <= 3505470))
	        ->  Bitmap Index Scan on sbtest3_pkey  (cost=0.00..30.87 rows=1044 width=0)
	              Index Cond: ((id >= 3504471) AND (id <= 3505470))

table 4 : explain SELECT count(c) FROM sbtest4 WHERE id BETWEEN 2645713 AND 2646712
	Aggregate  (cost=3920.34..3920.35 rows=1 width=8)
	  ->  Bitmap Heap Scan on sbtest4  (cost=30.80..3917.81 rows=1011 width=121)
	        Recheck Cond: ((id >= 2645713) AND (id <= 2646712))
	        ->  Bitmap Index Scan on sbtest4_pkey  (cost=0.00..30.54 rows=1011 width=0)
	              Index Cond: ((id >= 2645713) AND (id <= 2646712))

table 5 : explain SELECT count(c) FROM sbtest5 WHERE id BETWEEN 8355733 AND 8356732
	Aggregate  (cost=3806.34..3806.35 rows=1 width=8)
	  ->  Bitmap Heap Scan on sbtest5  (cost=30.50..3803.89 rows=982 width=121)
	        Recheck Cond: ((id >= 8355733) AND (id <= 8356732))
	        ->  Bitmap Index Scan on sbtest5_pkey  (cost=0.00..30.25 rows=982 width=0)
	              Index Cond: ((id >= 8355733) AND (id <= 8356732))

table 6 : explain SELECT count(c) FROM sbtest6 WHERE id BETWEEN 4603687 AND 4604686
	Aggregate  (cost=3853.21..3853.22 rows=1 width=8)
	  ->  Bitmap Heap Scan on sbtest6  (cost=30.62..3850.73 rows=994 width=121)
	        Recheck Cond: ((id >= 4603687) AND (id <= 4604686))
	        ->  Bitmap Index Scan on sbtest6_pkey  (cost=0.00..30.37 rows=994 width=0)
	              Index Cond: ((id >= 4603687) AND (id <= 4604686))

table 7 : explain SELECT count(c) FROM sbtest7 WHERE id BETWEEN 1467601 AND 1468600
	Aggregate  (cost=3853.91..3853.92 rows=1 width=8)
	  ->  Bitmap Heap Scan on sbtest7  (cost=30.61..3851.42 rows=993 width=121)
	        Recheck Cond: ((id >= 1467601) AND (id <= 1468600))
	        ->  Bitmap Index Scan on sbtest7_pkey  (cost=0.00..30.36 rows=993 width=0)
	              Index Cond: ((id >= 1467601) AND (id <= 1468600))

table 8 : explain SELECT count(c) FROM sbtest8 WHERE id BETWEEN 6411816 AND 6412815
	Aggregate  (cost=3832.16..3832.17 rows=1 width=8)
	  ->  Bitmap Heap Scan on sbtest8  (cost=30.57..3829.69 rows=989 width=121)
	        Recheck Cond: ((id >= 6411816) AND (id <= 6412815))
	        ->  Bitmap Index Scan on sbtest8_pkey  (cost=0.00..30.32 rows=989 width=0)
	              Index Cond: ((id >= 6411816) AND (id <= 6412815))

for: count_ranges
table 1 : explain SELECT count(c) FROM sbtest1 WHERE id BETWEEN 2383324 AND 2384323
	Aggregate  (cost=3946.70..3946.71 rows=1 width=8)
	  ->  Bitmap Heap Scan on sbtest1  (cost=30.88..3944.16 rows=1019 width=121)
	        Recheck Cond: ((id >= 2383324) AND (id <= 2384323))
	        ->  Bitmap Index Scan on sbtest1_pkey  (cost=0.00..30.62 rows=1019 width=0)
	              Index Cond: ((id >= 2383324) AND (id <= 2384323))

table 2 : explain SELECT count(c) FROM sbtest2 WHERE id BETWEEN 5070723 AND 5071722
	Aggregate  (cost=3885.08..3885.09 rows=1 width=8)
	  ->  Bitmap Heap Scan on sbtest2  (cost=30.72..3882.57 rows=1003 width=121)
	        Recheck Cond: ((id >= 5070723) AND (id <= 5071722))
	        ->  Bitmap Index Scan on sbtest2_pkey  (cost=0.00..30.46 rows=1003 width=0)
	              Index Cond: ((id >= 5070723) AND (id <= 5071722))

table 3 : explain SELECT count(c) FROM sbtest3 WHERE id BETWEEN 9425280 AND 9426279
	Aggregate  (cost=4242.40..4242.41 rows=1 width=8)
	  ->  Bitmap Heap Scan on sbtest3  (cost=31.67..4239.66 rows=1096 width=121)
	        Recheck Cond: ((id >= 9425280) AND (id <= 9426279))
	        ->  Bitmap Index Scan on sbtest3_pkey  (cost=0.00..31.39 rows=1096 width=0)
	              Index Cond: ((id >= 9425280) AND (id <= 9426279))

table 4 : explain SELECT count(c) FROM sbtest4 WHERE id BETWEEN 6310163 AND 6311162
	Aggregate  (cost=3697.22..3697.23 rows=1 width=8)
	  ->  Bitmap Heap Scan on sbtest4  (cost=30.19..3694.84 rows=952 width=121)
	        Recheck Cond: ((id >= 6310163) AND (id <= 6311162))
	        ->  Bitmap Index Scan on sbtest4_pkey  (cost=0.00..29.95 rows=952 width=0)
	              Index Cond: ((id >= 6310163) AND (id <= 6311162))

table 5 : explain SELECT count(c) FROM sbtest5 WHERE id BETWEEN 8509566 AND 8510565
	Aggregate  (cost=3942.16..3942.17 rows=1 width=8)
	  ->  Bitmap Heap Scan on sbtest5  (cost=30.87..3939.61 rows=1018 width=121)
	        Recheck Cond: ((id >= 8509566) AND (id <= 8510565))
	        ->  Bitmap Index Scan on sbtest5_pkey  (cost=0.00..30.61 rows=1018 width=0)
	              Index Cond: ((id >= 8509566) AND (id <= 8510565))

table 6 : explain SELECT count(c) FROM sbtest6 WHERE id BETWEEN 6971197 AND 6972196
	Aggregate  (cost=4023.00..4023.01 rows=1 width=8)
	  ->  Bitmap Heap Scan on sbtest6  (cost=31.08..4020.40 rows=1039 width=121)
	        Recheck Cond: ((id >= 6971197) AND (id <= 6972196))
	        ->  Bitmap Index Scan on sbtest6_pkey  (cost=0.00..30.82 rows=1039 width=0)
	              Index Cond: ((id >= 6971197) AND (id <= 6972196))

table 7 : explain SELECT count(c) FROM sbtest7 WHERE id BETWEEN 3849567 AND 3850566
	Aggregate  (cost=4159.90..4159.91 rows=1 width=8)
	  ->  Bitmap Heap Scan on sbtest7  (cost=31.44..4157.22 rows=1074 width=121)
	        Recheck Cond: ((id >= 3849567) AND (id <= 3850566))
	        ->  Bitmap Index Scan on sbtest7_pkey  (cost=0.00..31.18 rows=1074 width=0)
	              Index Cond: ((id >= 3849567) AND (id <= 3850566))

table 8 : explain SELECT count(c) FROM sbtest8 WHERE id BETWEEN 9095359 AND 9096358
	Aggregate  (cost=3666.02..3666.03 rows=1 width=8)
	  ->  Bitmap Heap Scan on sbtest8  (cost=30.12..3663.65 rows=945 width=121)
	        Recheck Cond: ((id >= 9095359) AND (id <= 9096358))
	        ->  Bitmap Index Scan on sbtest8_pkey  (cost=0.00..29.89 rows=945 width=0)
	              Index Cond: ((id >= 9095359) AND (id <= 9096358))

for: count_ranges
table 1 : explain SELECT count(c) FROM sbtest1 WHERE id BETWEEN 532522 AND 533521
	Aggregate  (cost=3754.20..3754.21 rows=1 width=8)
	  ->  Bitmap Heap Scan on sbtest1  (cost=30.36..3751.78 rows=968 width=121)
	        Recheck Cond: ((id >= 532522) AND (id <= 533521))
	        ->  Bitmap Index Scan on sbtest1_pkey  (cost=0.00..30.11 rows=968 width=0)
	              Index Cond: ((id >= 532522) AND (id <= 533521))

table 2 : explain SELECT count(c) FROM sbtest2 WHERE id BETWEEN 5061381 AND 5062380
	Aggregate  (cost=3885.08..3885.09 rows=1 width=8)
	  ->  Bitmap Heap Scan on sbtest2  (cost=30.72..3882.57 rows=1003 width=121)
	        Recheck Cond: ((id >= 5061381) AND (id <= 5062380))
	        ->  Bitmap Index Scan on sbtest2_pkey  (cost=0.00..30.46 rows=1003 width=0)
	              Index Cond: ((id >= 5061381) AND (id <= 5062380))

table 3 : explain SELECT count(c) FROM sbtest3 WHERE id BETWEEN 4168449 AND 4169448
	Aggregate  (cost=4042.44..4042.45 rows=1 width=8)
	  ->  Bitmap Heap Scan on sbtest3  (cost=31.13..4039.84 rows=1043 width=121)
	        Recheck Cond: ((id >= 4168449) AND (id <= 4169448))
	        ->  Bitmap Index Scan on sbtest3_pkey  (cost=0.00..30.86 rows=1043 width=0)
	              Index Cond: ((id >= 4168449) AND (id <= 4169448))

table 4 : explain SELECT count(c) FROM sbtest4 WHERE id BETWEEN 56748 AND 57747
	Aggregate  (cost=3946.78..3946.79 rows=1 width=8)
	  ->  Bitmap Heap Scan on sbtest4  (cost=30.87..3944.24 rows=1018 width=121)
	        Recheck Cond: ((id >= 56748) AND (id <= 57747))
	        ->  Bitmap Index Scan on sbtest4_pkey  (cost=0.00..30.61 rows=1018 width=0)
	              Index Cond: ((id >= 56748) AND (id <= 57747))

table 5 : explain SELECT count(c) FROM sbtest5 WHERE id BETWEEN 5456669 AND 5457668
	Aggregate  (cost=3621.00..3621.01 rows=1 width=8)
	  ->  Bitmap Heap Scan on sbtest5  (cost=26.01..3618.66 rows=934 width=121)
	        Recheck Cond: ((id >= 5456669) AND (id <= 5457668))
	        ->  Bitmap Index Scan on sbtest5_pkey  (cost=0.00..25.77 rows=934 width=0)
	              Index Cond: ((id >= 5456669) AND (id <= 5457668))

table 6 : explain SELECT count(c) FROM sbtest6 WHERE id BETWEEN 1557929 AND 1558928
	Aggregate  (cost=4282.84..4282.85 rows=1 width=8)
	  ->  Bitmap Heap Scan on sbtest6  (cost=31.79..4280.07 rows=1108 width=121)
	        Recheck Cond: ((id >= 1557929) AND (id <= 1558928))
	        ->  Bitmap Index Scan on sbtest6_pkey  (cost=0.00..31.51 rows=1108 width=0)
	              Index Cond: ((id >= 1557929) AND (id <= 1558928))

table 7 : explain SELECT count(c) FROM sbtest7 WHERE id BETWEEN 2557403 AND 2558402
	Aggregate  (cost=3974.89..3974.90 rows=1 width=8)
	  ->  Bitmap Heap Scan on sbtest7  (cost=30.94..3972.33 rows=1025 width=121)
	        Recheck Cond: ((id >= 2557403) AND (id <= 2558402))
	        ->  Bitmap Index Scan on sbtest7_pkey  (cost=0.00..30.68 rows=1025 width=0)
	              Index Cond: ((id >= 2557403) AND (id <= 2558402))

table 8 : explain SELECT count(c) FROM sbtest8 WHERE id BETWEEN 9184620 AND 9185619
	Aggregate  (cost=4344.16..4344.17 rows=1 width=8)
	  ->  Bitmap Heap Scan on sbtest8  (cost=31.98..4341.35 rows=1126 width=121)
	        Recheck Cond: ((id >= 9184620) AND (id <= 9185619))
	        ->  Bitmap Index Scan on sbtest8_pkey  (cost=0.00..31.69 rows=1126 width=0)
	              Index Cond: ((id >= 9184620) AND (id <= 9185619))

for: count_ranges
table 1 : explain SELECT count(c) FROM sbtest1 WHERE id BETWEEN 1964790 AND 1965789
	Aggregate  (cost=3908.98..3908.99 rows=1 width=8)
	  ->  Bitmap Heap Scan on sbtest1  (cost=30.78..3906.46 rows=1009 width=121)
	        Recheck Cond: ((id >= 1964790) AND (id <= 1965789))
	        ->  Bitmap Index Scan on sbtest1_pkey  (cost=0.00..30.52 rows=1009 width=0)
	              Index Cond: ((id >= 1964790) AND (id <= 1965789))

table 2 : explain SELECT count(c) FROM sbtest2 WHERE id BETWEEN 3479897 AND 3480896
	Aggregate  (cost=4333.02..4333.03 rows=1 width=8)
	  ->  Bitmap Heap Scan on sbtest2  (cost=31.95..4330.21 rows=1123 width=121)
	        Recheck Cond: ((id >= 3479897) AND (id <= 3480896))
	        ->  Bitmap Index Scan on sbtest2_pkey  (cost=0.00..31.66 rows=1123 width=0)
	              Index Cond: ((id >= 3479897) AND (id <= 3480896))

table 3 : explain SELECT count(c) FROM sbtest3 WHERE id BETWEEN 6225269 AND 6226268
	Aggregate  (cost=3573.28..3573.29 rows=1 width=8)
	  ->  Bitmap Heap Scan on sbtest3  (cost=29.85..3570.98 rows=919 width=121)
	        Recheck Cond: ((id >= 6225269) AND (id <= 6226268))
	        ->  Bitmap Index Scan on sbtest3_pkey  (cost=0.00..29.62 rows=919 width=0)
	              Index Cond: ((id >= 6225269) AND (id <= 6226268))

table 4 : explain SELECT count(c) FROM sbtest4 WHERE id BETWEEN 5076643 AND 5077642
	Aggregate  (cost=4018.52..4018.53 rows=1 width=8)
	  ->  Bitmap Heap Scan on sbtest4  (cost=31.06..4015.93 rows=1037 width=121)
	        Recheck Cond: ((id >= 5076643) AND (id <= 5077642))
	        ->  Bitmap Index Scan on sbtest4_pkey  (cost=0.00..30.80 rows=1037 width=0)
	              Index Cond: ((id >= 5076643) AND (id <= 5077642))

table 5 : explain SELECT count(c) FROM sbtest5 WHERE id BETWEEN 563326 AND 564325
	Aggregate  (cost=3613.44..3613.45 rows=1 width=8)
	  ->  Bitmap Heap Scan on sbtest5  (cost=25.99..3611.11 rows=932 width=121)
	        Recheck Cond: ((id >= 563326) AND (id <= 564325))
	        ->  Bitmap Index Scan on sbtest5_pkey  (cost=0.00..25.75 rows=932 width=0)
	              Index Cond: ((id >= 563326) AND (id <= 564325))

table 6 : explain SELECT count(c) FROM sbtest6 WHERE id BETWEEN 6965164 AND 6966163
	Aggregate  (cost=4023.00..4023.01 rows=1 width=8)
	  ->  Bitmap Heap Scan on sbtest6  (cost=31.08..4020.40 rows=1039 width=121)
	        Recheck Cond: ((id >= 6965164) AND (id <= 6966163))
	        ->  Bitmap Index Scan on sbtest6_pkey  (cost=0.00..30.82 rows=1039 width=0)
	              Index Cond: ((id >= 6965164) AND (id <= 6966163))

table 7 : explain SELECT count(c) FROM sbtest7 WHERE id BETWEEN 5764652 AND 5765651
	Aggregate  (cost=3974.89..3974.90 rows=1 width=8)
	  ->  Bitmap Heap Scan on sbtest7  (cost=30.94..3972.33 rows=1025 width=121)
	        Recheck Cond: ((id >= 5764652) AND (id <= 5765651))
	        ->  Bitmap Index Scan on sbtest7_pkey  (cost=0.00..30.68 rows=1025 width=0)
	              Index Cond: ((id >= 5764652) AND (id <= 5765651))

table 8 : explain SELECT count(c) FROM sbtest8 WHERE id BETWEEN 6107210 AND 6108209
	Aggregate  (cost=4171.23..4171.24 rows=1 width=8)
	  ->  Bitmap Heap Scan on sbtest8  (cost=31.49..4168.53 rows=1079 width=121)
	        Recheck Cond: ((id >= 6107210) AND (id <= 6108209))
	        ->  Bitmap Index Scan on sbtest8_pkey  (cost=0.00..31.22 rows=1079 width=0)
	              Index Cond: ((id >= 6107210) AND (id <= 6108209))

for: count_ranges
table 1 : explain SELECT count(c) FROM sbtest1 WHERE id BETWEEN 9956998 AND 9957997
	Aggregate  (cost=3916.53..3916.54 rows=1 width=8)
	  ->  Bitmap Heap Scan on sbtest1  (cost=30.80..3914.00 rows=1011 width=121)
	        Recheck Cond: ((id >= 9956998) AND (id <= 9957997))
	        ->  Bitmap Index Scan on sbtest1_pkey  (cost=0.00..30.54 rows=1011 width=0)
	              Index Cond: ((id >= 9956998) AND (id <= 9957997))

table 2 : explain SELECT count(c) FROM sbtest2 WHERE id BETWEEN 2447399 AND 2448398
	Aggregate  (cost=4024.53..4024.54 rows=1 width=8)
	  ->  Bitmap Heap Scan on sbtest2  (cost=31.09..4021.93 rows=1040 width=121)
	        Recheck Cond: ((id >= 2447399) AND (id <= 2448398))
	        ->  Bitmap Index Scan on sbtest2_pkey  (cost=0.00..30.83 rows=1040 width=0)
	              Index Cond: ((id >= 2447399) AND (id <= 2448398))

table 3 : explain SELECT count(c) FROM sbtest3 WHERE id BETWEEN 1642352 AND 1643351
	Aggregate  (cost=3800.53..3800.54 rows=1 width=8)
	  ->  Bitmap Heap Scan on sbtest3  (cost=30.47..3798.09 rows=979 width=121)
	        Recheck Cond: ((id >= 1642352) AND (id <= 1643351))
	        ->  Bitmap Index Scan on sbtest3_pkey  (cost=0.00..30.22 rows=979 width=0)
	              Index Cond: ((id >= 1642352) AND (id <= 1643351))

table 4 : explain SELECT count(c) FROM sbtest4 WHERE id BETWEEN 8109360 AND 8110359
	Aggregate  (cost=3799.38..3799.39 rows=1 width=8)
	  ->  Bitmap Heap Scan on sbtest4  (cost=30.47..3796.93 rows=979 width=121)
	        Recheck Cond: ((id >= 8109360) AND (id <= 8110359))
	        ->  Bitmap Index Scan on sbtest4_pkey  (cost=0.00..30.22 rows=979 width=0)
	              Index Cond: ((id >= 8109360) AND (id <= 8110359))

table 5 : explain SELECT count(c) FROM sbtest5 WHERE id BETWEEN 5125402 AND 5126401
	Aggregate  (cost=3862.95..3862.96 rows=1 width=8)
	  ->  Bitmap Heap Scan on sbtest5  (cost=30.65..3860.46 rows=997 width=121)
	        Recheck Cond: ((id >= 5125402) AND (id <= 5126401))
	        ->  Bitmap Index Scan on sbtest5_pkey  (cost=0.00..30.40 rows=997 width=0)
	              Index Cond: ((id >= 5125402) AND (id <= 5126401))

table 6 : explain SELECT count(c) FROM sbtest6 WHERE id BETWEEN 8722755 AND 8723754
	Aggregate  (cost=3607.52..3607.53 rows=1 width=8)
	  ->  Bitmap Heap Scan on sbtest6  (cost=29.96..3605.19 rows=929 width=121)
	        Recheck Cond: ((id >= 8722755) AND (id <= 8723754))
	        ->  Bitmap Index Scan on sbtest6_pkey  (cost=0.00..29.72 rows=929 width=0)
	              Index Cond: ((id >= 8722755) AND (id <= 8723754))

table 7 : explain SELECT count(c) FROM sbtest7 WHERE id BETWEEN 3241345 AND 3242344
	Aggregate  (cost=3921.97..3921.98 rows=1 width=8)
	  ->  Bitmap Heap Scan on sbtest7  (cost=30.80..3919.45 rows=1011 width=121)
	        Recheck Cond: ((id >= 3241345) AND (id <= 3242344))
	        ->  Bitmap Index Scan on sbtest7_pkey  (cost=0.00..30.54 rows=1011 width=0)
	              Index Cond: ((id >= 3241345) AND (id <= 3242344))

table 8 : explain SELECT count(c) FROM sbtest8 WHERE id BETWEEN 6348656 AND 6349655
	Aggregate  (cost=3990.52..3990.53 rows=1 width=8)
	  ->  Bitmap Heap Scan on sbtest8  (cost=31.00..3987.94 rows=1031 width=121)
	        Recheck Cond: ((id >= 6348656) AND (id <= 6349655))
	        ->  Bitmap Index Scan on sbtest8_pkey  (cost=0.00..30.75 rows=1031 width=0)
	              Index Cond: ((id >= 6348656) AND (id <= 6349655))

Threads started!

Warming up for 5 seconds...

SQL statistics:
    queries performed:
        read:                            18830279
        write:                           0
        other:                           0
        total:                           18830279
    transactions:                        18830279 (29889.05 per sec.)
    queries:                             18830279 (29889.05 per sec.)
    ignored errors:                      0      (0.00 per sec.)
    reconnects:                          0      (0.00 per sec.)

Throughput:
    events/s (eps):                      29889.0470
    time elapsed:                        630.0061s
    total number of events:              18830279

Latency (ms):
         min:                                    0.10
         avg:                                    1.34
         max:                                   13.24
         95th percentile:                        1.44
         sum:                             25190784.86

Threads fairness:
    events (avg/stddev):           470756.6000/835.75
    execution time (avg/stddev):   629.7696/0.00

