LUA_PATH=/home/mdcallag/git/mytools/bench/sysbench.lua/lua/?.lua /home/mdcallag/git/mytools/bench/sysbench.lua/lua/sysbench --db-driver=pgsql --range-size=100 --table-size=10000000 --tables=8 --threads=40 --events=0 --warmup-time=5 --time=630 --pgsql_conn_id=true /home/mdcallag/git/mytools/bench/sysbench.lua/lua/oltp_point_select.lua run --pgsql-user=root --pgsql-password=pw --pgsql-host=127.0.0.1 --pgsql-db=ib --rand-type=uniform --skip-trx
48 CPUs
sysbench 1.1.0-9072687 (using bundled LuaJIT 2.1.0-beta3)

Running the test with following options:
Number of threads: 40
Warmup time: 5s
Initializing random number generator from current time


Initializing worker threads...

explain: for point_selects :: explain SELECT c FROM sbtest%u WHERE id=%u
explain: for point_selects :: explain SELECT c FROM sbtest%u WHERE id=%u
explain: for point_selects :: explain SELECT c FROM sbtest%u WHERE id=%u
for point_selects
table 1 : explain SELECT c FROM sbtest1 WHERE id=9168676
	Index Scan using sbtest1_pkey on sbtest1  (cost=0.43..8.45 rows=1 width=121)
	  Index Cond: (id = 9168676)

table 2 : explain SELECT c FROM sbtest2 WHERE id=9381669
	Index Scan using sbtest2_pkey on sbtest2  (cost=0.43..8.45 rows=1 width=121)
	  Index Cond: (id = 9381669)

table 3 : explain SELECT c FROM sbtest3 WHERE id=2226051
	Index Scan using sbtest3_pkey on sbtest3  (cost=0.43..8.45 rows=1 width=121)
	  Index Cond: (id = 2226051)

table 4 : explain SELECT c FROM sbtest4 WHERE id=3216813
	Index Scan using sbtest4_pkey on sbtest4  (cost=0.43..8.45 rows=1 width=121)
	  Index Cond: (id = 3216813)

table 5 : explain SELECT c FROM sbtest5 WHERE id=2042250
	Index Scan using sbtest5_pkey on sbtest5  (cost=0.43..8.45 rows=1 width=121)
	  Index Cond: (id = 2042250)

table 6 : explain SELECT c FROM sbtest6 WHERE id=4941544
	Index Scan using sbtest6_pkey on sbtest6  (cost=0.43..8.45 rows=1 width=121)
	  Index Cond: (id = 4941544)

table 7 : explain SELECT c FROM sbtest7 WHERE id=2866671
	Index Scan using sbtest7_pkey on sbtest7  (cost=0.43..8.45 rows=1 width=121)
	  Index Cond: (id = 2866671)

table 8 : explain SELECT c FROM sbtest8 WHERE id=9751327
	Index Scan using sbtest8_pkey on sbtest8  (cost=0.43..8.45 rows=1 width=121)
	  Index Cond: (id = 9751327)

explain: for point_selects :: explain SELECT c FROM sbtest%u WHERE id=%u
explain: for point_selects :: explain SELECT c FROM sbtest%u WHERE id=%u
for point_selects
table 1 : explain SELECT c FROM sbtest1 WHERE id=5074441
	Index Scan using sbtest1_pkey on sbtest1  (cost=0.43..8.45 rows=1 width=121)
	  Index Cond: (id = 5074441)

table 2 : explain SELECT c FROM sbtest2 WHERE id=5676371
	Index Scan using sbtest2_pkey on sbtest2  (cost=0.43..8.45 rows=1 width=121)
	  Index Cond: (id = 5676371)

table 3 : explain SELECT c FROM sbtest3 WHERE id=8164430
	Index Scan using sbtest3_pkey on sbtest3  (cost=0.43..8.45 rows=1 width=121)
	  Index Cond: (id = 8164430)

table 4 : explain SELECT c FROM sbtest4 WHERE id=5608159
	Index Scan using sbtest4_pkey on sbtest4  (cost=0.43..8.45 rows=1 width=121)
	  Index Cond: (id = 5608159)

table 5 : explain SELECT c FROM sbtest5 WHERE id=9152521
	Index Scan using sbtest5_pkey on sbtest5  (cost=0.43..8.45 rows=1 width=121)
	  Index Cond: (id = 9152521)

table 6 : explain SELECT c FROM sbtest6 WHERE id=753045
	Index Scan using sbtest6_pkey on sbtest6  (cost=0.43..8.45 rows=1 width=121)
	  Index Cond: (id = 753045)

table 7 : explain SELECT c FROM sbtest7 WHERE id=1912845
	Index Scan using sbtest7_pkey on sbtest7  (cost=0.43..8.45 rows=1 width=121)
	  Index Cond: (id = 1912845)

table 8 : explain SELECT c FROM sbtest8 WHERE id=7670784
	Index Scan using sbtest8_pkey on sbtest8  (cost=0.43..8.45 rows=1 width=121)
	  Index Cond: (id = 7670784)

explain: for point_selects :: explain SELECT c FROM sbtest%u WHERE id=%u
explain: for point_selects :: explain SELECT c FROM sbtest%u WHERE id=%u
for point_selects
table 1 : explain SELECT c FROM sbtest1 WHERE id=338292
	Index Scan using sbtest1_pkey on sbtest1  (cost=0.43..8.45 rows=1 width=121)
	  Index Cond: (id = 338292)

table 2 : explain SELECT c FROM sbtest2 WHERE id=2506722
	Index Scan using sbtest2_pkey on sbtest2  (cost=0.43..8.45 rows=1 width=121)
	  Index Cond: (id = 2506722)

table 3 : explain SELECT c FROM sbtest3 WHERE id=95216
	Index Scan using sbtest3_pkey on sbtest3  (cost=0.43..8.45 rows=1 width=121)
	  Index Cond: (id = 95216)

table 4 : explain SELECT c FROM sbtest4 WHERE id=9661652
	Index Scan using sbtest4_pkey on sbtest4  (cost=0.43..8.45 rows=1 width=121)
	  Index Cond: (id = 9661652)

table 5 : explain SELECT c FROM sbtest5 WHERE id=8974685
	Index Scan using sbtest5_pkey on sbtest5  (cost=0.43..8.45 rows=1 width=121)
	  Index Cond: (id = 8974685)

table 6 : explain SELECT c FROM sbtest6 WHERE id=6827040
	Index Scan using sbtest6_pkey on sbtest6  (cost=0.43..8.45 rows=1 width=121)
	  Index Cond: (id = 6827040)

table 7 : explain SELECT c FROM sbtest7 WHERE id=3221221
	Index Scan using sbtest7_pkey on sbtest7  (cost=0.43..8.45 rows=1 width=121)
	  Index Cond: (id = 3221221)

table 8 : explain SELECT c FROM sbtest8 WHERE id=573824
	Index Scan using sbtest8_pkey on sbtest8  (cost=0.43..8.45 rows=1 width=121)
	  Index Cond: (id = 573824)

explain: for point_selects :: explain SELECT c FROM sbtest%u WHERE id=%u
explain: for point_selects :: explain SELECT c FROM sbtest%u WHERE id=%u
for point_selects
table 1 : explain SELECT c FROM sbtest1 WHERE id=1260826
	Index Scan using sbtest1_pkey on sbtest1  (cost=0.43..8.45 rows=1 width=121)
	  Index Cond: (id = 1260826)

table 2 : explain SELECT c FROM sbtest2 WHERE id=1323253
	Index Scan using sbtest2_pkey on sbtest2  (cost=0.43..8.45 rows=1 width=121)
	  Index Cond: (id = 1323253)

table 3 : explain SELECT c FROM sbtest3 WHERE id=4507808
	Index Scan using sbtest3_pkey on sbtest3  (cost=0.43..8.45 rows=1 width=121)
	  Index Cond: (id = 4507808)

table 4 : explain SELECT c FROM sbtest4 WHERE id=4187950
	Index Scan using sbtest4_pkey on sbtest4  (cost=0.43..8.45 rows=1 width=121)
	  Index Cond: (id = 4187950)

table 5 : explain SELECT c FROM sbtest5 WHERE id=1745648
	Index Scan using sbtest5_pkey on sbtest5  (cost=0.43..8.45 rows=1 width=121)
	  Index Cond: (id = 1745648)

table 6 : explain SELECT c FROM sbtest6 WHERE id=6392152
	Index Scan using sbtest6_pkey on sbtest6  (cost=0.43..8.45 rows=1 width=121)
	  Index Cond: (id = 6392152)

table 7 : explain SELECT c FROM sbtest7 WHERE id=9476714
	Index Scan using sbtest7_pkey on sbtest7  (cost=0.43..8.45 rows=1 width=121)
	  Index Cond: (id = 9476714)

table 8 : explain SELECT c FROM sbtest8 WHERE id=515121
	Index Scan using sbtest8_pkey on sbtest8  (cost=0.43..8.45 rows=1 width=121)
	  Index Cond: (id = 515121)

for point_selects
table 1 : explain SELECT c FROM sbtest1 WHERE id=2194902
	Index Scan using sbtest1_pkey on sbtest1  (cost=0.43..8.45 rows=1 width=121)
	  Index Cond: (id = 2194902)

table 2 : explain SELECT c FROM sbtest2 WHERE id=3510032
	Index Scan using sbtest2_pkey on sbtest2  (cost=0.43..8.45 rows=1 width=121)
	  Index Cond: (id = 3510032)

table 3 : explain SELECT c FROM sbtest3 WHERE id=923497
	Index Scan using sbtest3_pkey on sbtest3  (cost=0.43..8.45 rows=1 width=121)
	  Index Cond: (id = 923497)

table 4 : explain SELECT c FROM sbtest4 WHERE id=1506917
	Index Scan using sbtest4_pkey on sbtest4  (cost=0.43..8.45 rows=1 width=121)
	  Index Cond: (id = 1506917)

table 5 : explain SELECT c FROM sbtest5 WHERE id=1307804
	Index Scan using sbtest5_pkey on sbtest5  (cost=0.43..8.45 rows=1 width=121)
	  Index Cond: (id = 1307804)

table 6 : explain SELECT c FROM sbtest6 WHERE id=4310697
	Index Scan using sbtest6_pkey on sbtest6  (cost=0.43..8.45 rows=1 width=121)
	  Index Cond: (id = 4310697)

table 7 : explain SELECT c FROM sbtest7 WHERE id=9477413
	Index Scan using sbtest7_pkey on sbtest7  (cost=0.43..8.45 rows=1 width=121)
	  Index Cond: (id = 9477413)

table 8 : explain SELECT c FROM sbtest8 WHERE id=3011431
	Index Scan using sbtest8_pkey on sbtest8  (cost=0.43..8.45 rows=1 width=121)
	  Index Cond: (id = 3011431)

for point_selects
table 1 : explain SELECT c FROM sbtest1 WHERE id=2328040
	Index Scan using sbtest1_pkey on sbtest1  (cost=0.43..8.45 rows=1 width=121)
	  Index Cond: (id = 2328040)

table 2 : explain SELECT c FROM sbtest2 WHERE id=1478074
	Index Scan using sbtest2_pkey on sbtest2  (cost=0.43..8.45 rows=1 width=121)
	  Index Cond: (id = 1478074)

table 3 : explain SELECT c FROM sbtest3 WHERE id=8690646
	Index Scan using sbtest3_pkey on sbtest3  (cost=0.43..8.45 rows=1 width=121)
	  Index Cond: (id = 8690646)

table 4 : explain SELECT c FROM sbtest4 WHERE id=5164633
	Index Scan using sbtest4_pkey on sbtest4  (cost=0.43..8.45 rows=1 width=121)
	  Index Cond: (id = 5164633)

table 5 : explain SELECT c FROM sbtest5 WHERE id=629161
	Index Scan using sbtest5_pkey on sbtest5  (cost=0.43..8.45 rows=1 width=121)
	  Index Cond: (id = 629161)

table 6 : explain SELECT c FROM sbtest6 WHERE id=8858877
	Index Scan using sbtest6_pkey on sbtest6  (cost=0.43..8.45 rows=1 width=121)
	  Index Cond: (id = 8858877)

table 7 : explain SELECT c FROM sbtest7 WHERE id=2662511
	Index Scan using sbtest7_pkey on sbtest7  (cost=0.43..8.45 rows=1 width=121)
	  Index Cond: (id = 2662511)

table 8 : explain SELECT c FROM sbtest8 WHERE id=5734796
	Index Scan using sbtest8_pkey on sbtest8  (cost=0.43..8.45 rows=1 width=121)
	  Index Cond: (id = 5734796)

for point_selects
table 1 : explain SELECT c FROM sbtest1 WHERE id=2197366
	Index Scan using sbtest1_pkey on sbtest1  (cost=0.43..8.45 rows=1 width=121)
	  Index Cond: (id = 2197366)

table 2 : explain SELECT c FROM sbtest2 WHERE id=7381565
	Index Scan using sbtest2_pkey on sbtest2  (cost=0.43..8.45 rows=1 width=121)
	  Index Cond: (id = 7381565)

table 3 : explain SELECT c FROM sbtest3 WHERE id=7509583
	Index Scan using sbtest3_pkey on sbtest3  (cost=0.43..8.45 rows=1 width=121)
	  Index Cond: (id = 7509583)

table 4 : explain SELECT c FROM sbtest4 WHERE id=3506111
	Index Scan using sbtest4_pkey on sbtest4  (cost=0.43..8.45 rows=1 width=121)
	  Index Cond: (id = 3506111)

table 5 : explain SELECT c FROM sbtest5 WHERE id=3806868
	Index Scan using sbtest5_pkey on sbtest5  (cost=0.43..8.45 rows=1 width=121)
	  Index Cond: (id = 3806868)

table 6 : explain SELECT c FROM sbtest6 WHERE id=307604
	Index Scan using sbtest6_pkey on sbtest6  (cost=0.43..8.45 rows=1 width=121)
	  Index Cond: (id = 307604)

table 7 : explain SELECT c FROM sbtest7 WHERE id=2755003
	Index Scan using sbtest7_pkey on sbtest7  (cost=0.43..8.45 rows=1 width=121)
	  Index Cond: (id = 2755003)

table 8 : explain SELECT c FROM sbtest8 WHERE id=6530275
	Index Scan using sbtest8_pkey on sbtest8  (cost=0.43..8.45 rows=1 width=121)
	  Index Cond: (id = 6530275)

for point_selects
table 1 : explain SELECT c FROM sbtest1 WHERE id=901970
	Index Scan using sbtest1_pkey on sbtest1  (cost=0.43..8.45 rows=1 width=121)
	  Index Cond: (id = 901970)

table 2 : explain SELECT c FROM sbtest2 WHERE id=8532978
	Index Scan using sbtest2_pkey on sbtest2  (cost=0.43..8.45 rows=1 width=121)
	  Index Cond: (id = 8532978)

table 3 : explain SELECT c FROM sbtest3 WHERE id=1402256
	Index Scan using sbtest3_pkey on sbtest3  (cost=0.43..8.45 rows=1 width=121)
	  Index Cond: (id = 1402256)

table 4 : explain SELECT c FROM sbtest4 WHERE id=9987978
	Index Scan using sbtest4_pkey on sbtest4  (cost=0.43..8.45 rows=1 width=121)
	  Index Cond: (id = 9987978)

table 5 : explain SELECT c FROM sbtest5 WHERE id=1082027
	Index Scan using sbtest5_pkey on sbtest5  (cost=0.43..8.45 rows=1 width=121)
	  Index Cond: (id = 1082027)

table 6 : explain SELECT c FROM sbtest6 WHERE id=1183323
	Index Scan using sbtest6_pkey on sbtest6  (cost=0.43..8.45 rows=1 width=121)
	  Index Cond: (id = 1183323)

table 7 : explain SELECT c FROM sbtest7 WHERE id=3938412
	Index Scan using sbtest7_pkey on sbtest7  (cost=0.43..8.45 rows=1 width=121)
	  Index Cond: (id = 3938412)

table 8 : explain SELECT c FROM sbtest8 WHERE id=5942516
	Index Scan using sbtest8_pkey on sbtest8  (cost=0.43..8.45 rows=1 width=121)
	  Index Cond: (id = 5942516)

explain: for point_selects :: explain SELECT c FROM sbtest%u WHERE id=%u
for point_selects
table 1 : explain SELECT c FROM sbtest1 WHERE id=6978548
	Index Scan using sbtest1_pkey on sbtest1  (cost=0.43..8.45 rows=1 width=121)
	  Index Cond: (id = 6978548)

table 2 : explain SELECT c FROM sbtest2 WHERE id=2999660
	Index Scan using sbtest2_pkey on sbtest2  (cost=0.43..8.45 rows=1 width=121)
	  Index Cond: (id = 2999660)

table 3 : explain SELECT c FROM sbtest3 WHERE id=2784955
	Index Scan using sbtest3_pkey on sbtest3  (cost=0.43..8.45 rows=1 width=121)
	  Index Cond: (id = 2784955)

table 4 : explain SELECT c FROM sbtest4 WHERE id=2655074
	Index Scan using sbtest4_pkey on sbtest4  (cost=0.43..8.45 rows=1 width=121)
	  Index Cond: (id = 2655074)

table 5 : explain SELECT c FROM sbtest5 WHERE id=5588937
	Index Scan using sbtest5_pkey on sbtest5  (cost=0.43..8.45 rows=1 width=121)
	  Index Cond: (id = 5588937)

table 6 : explain SELECT c FROM sbtest6 WHERE id=879902
	Index Scan using sbtest6_pkey on sbtest6  (cost=0.43..8.45 rows=1 width=121)
	  Index Cond: (id = 879902)

table 7 : explain SELECT c FROM sbtest7 WHERE id=8996200
	Index Scan using sbtest7_pkey on sbtest7  (cost=0.43..8.45 rows=1 width=121)
	  Index Cond: (id = 8996200)

table 8 : explain SELECT c FROM sbtest8 WHERE id=1326712
	Index Scan using sbtest8_pkey on sbtest8  (cost=0.43..8.45 rows=1 width=121)
	  Index Cond: (id = 1326712)

explain: for point_selects :: explain SELECT c FROM sbtest%u WHERE id=%u
explain: for point_selects :: explain SELECT c FROM sbtest%u WHERE id=%u
explain: for point_selects :: explain SELECT c FROM sbtest%u WHERE id=%u
for point_selects
table 1 : explain SELECT c FROM sbtest1 WHERE id=6463592
	Index Scan using sbtest1_pkey on sbtest1  (cost=0.43..8.45 rows=1 width=121)
	  Index Cond: (id = 6463592)

table 2 : explain SELECT c FROM sbtest2 WHERE id=9788663
	Index Scan using sbtest2_pkey on sbtest2  (cost=0.43..8.45 rows=1 width=121)
	  Index Cond: (id = 9788663)

table 3 : explain SELECT c FROM sbtest3 WHERE id=4284389
	Index Scan using sbtest3_pkey on sbtest3  (cost=0.43..8.45 rows=1 width=121)
	  Index Cond: (id = 4284389)

table 4 : explain SELECT c FROM sbtest4 WHERE id=7162834
	Index Scan using sbtest4_pkey on sbtest4  (cost=0.43..8.45 rows=1 width=121)
	  Index Cond: (id = 7162834)

table 5 : explain SELECT c FROM sbtest5 WHERE id=1236236
	Index Scan using sbtest5_pkey on sbtest5  (cost=0.43..8.45 rows=1 width=121)
	  Index Cond: (id = 1236236)

table 6 : explain SELECT c FROM sbtest6 WHERE id=9274999
	Index Scan using sbtest6_pkey on sbtest6  (cost=0.43..8.45 rows=1 width=121)
	  Index Cond: (id = 9274999)

table 7 : explain SELECT c FROM sbtest7 WHERE id=8999456
	Index Scan using sbtest7_pkey on sbtest7  (cost=0.43..8.45 rows=1 width=121)
	  Index Cond: (id = 8999456)

table 8 : explain SELECT c FROM sbtest8 WHERE id=6284873
	Index Scan using sbtest8_pkey on sbtest8  (cost=0.43..8.45 rows=1 width=121)
	  Index Cond: (id = 6284873)

explain: for point_selects :: explain SELECT c FROM sbtest%u WHERE id=%u
for point_selects
table 1 : explain SELECT c FROM sbtest1 WHERE id=4425091
	Index Scan using sbtest1_pkey on sbtest1  (cost=0.43..8.45 rows=1 width=121)
	  Index Cond: (id = 4425091)

table 2 : explain SELECT c FROM sbtest2 WHERE id=8470522
	Index Scan using sbtest2_pkey on sbtest2  (cost=0.43..8.45 rows=1 width=121)
	  Index Cond: (id = 8470522)

table 3 : explain SELECT c FROM sbtest3 WHERE id=287424
	Index Scan using sbtest3_pkey on sbtest3  (cost=0.43..8.45 rows=1 width=121)
	  Index Cond: (id = 287424)

table 4 : explain SELECT c FROM sbtest4 WHERE id=7468879
	Index Scan using sbtest4_pkey on sbtest4  (cost=0.43..8.45 rows=1 width=121)
	  Index Cond: (id = 7468879)

table 5 : explain SELECT c FROM sbtest5 WHERE id=7595116
	Index Scan using sbtest5_pkey on sbtest5  (cost=0.43..8.45 rows=1 width=121)
	  Index Cond: (id = 7595116)

table 6 : explain SELECT c FROM sbtest6 WHERE id=265645
	Index Scan using sbtest6_pkey on sbtest6  (cost=0.43..8.45 rows=1 width=121)
	  Index Cond: (id = 265645)

table 7 : explain SELECT c FROM sbtest7 WHERE id=4205307
	Index Scan using sbtest7_pkey on sbtest7  (cost=0.43..8.45 rows=1 width=121)
	  Index Cond: (id = 4205307)

table 8 : explain SELECT c FROM sbtest8 WHERE id=4141396
	Index Scan using sbtest8_pkey on sbtest8  (cost=0.43..8.45 rows=1 width=121)
	  Index Cond: (id = 4141396)

explain: for point_selects :: explain SELECT c FROM sbtest%u WHERE id=%u
explain: for point_selects :: explain SELECT c FROM sbtest%u WHERE id=%u
for point_selects
table 1 : explain SELECT c FROM sbtest1 WHERE id=775238
	Index Scan using sbtest1_pkey on sbtest1  (cost=0.43..8.45 rows=1 width=121)
	  Index Cond: (id = 775238)

table 2 : explain SELECT c FROM sbtest2 WHERE id=466506
	Index Scan using sbtest2_pkey on sbtest2  (cost=0.43..8.45 rows=1 width=121)
	  Index Cond: (id = 466506)

table 3 : explain SELECT c FROM sbtest3 WHERE id=7683549
	Index Scan using sbtest3_pkey on sbtest3  (cost=0.43..8.45 rows=1 width=121)
	  Index Cond: (id = 7683549)

table 4 : explain SELECT c FROM sbtest4 WHERE id=4034770
	Index Scan using sbtest4_pkey on sbtest4  (cost=0.43..8.45 rows=1 width=121)
	  Index Cond: (id = 4034770)

table 5 : explain SELECT c FROM sbtest5 WHERE id=6971628
	Index Scan using sbtest5_pkey on sbtest5  (cost=0.43..8.45 rows=1 width=121)
	  Index Cond: (id = 6971628)

table 6 : explain SELECT c FROM sbtest6 WHERE id=3656782
	Index Scan using sbtest6_pkey on sbtest6  (cost=0.43..8.45 rows=1 width=121)
	  Index Cond: (id = 3656782)

table 7 : explain SELECT c FROM sbtest7 WHERE id=4040755
	Index Scan using sbtest7_pkey on sbtest7  (cost=0.43..8.45 rows=1 width=121)
	  Index Cond: (id = 4040755)

table 8 : explain SELECT c FROM sbtest8 WHERE id=7625245
	Index Scan using sbtest8_pkey on sbtest8  (cost=0.43..8.45 rows=1 width=121)
	  Index Cond: (id = 7625245)

for point_selects
table 1 : explain SELECT c FROM sbtest1 WHERE id=709361
	Index Scan using sbtest1_pkey on sbtest1  (cost=0.43..8.45 rows=1 width=121)
	  Index Cond: (id = 709361)

table 2 : explain SELECT c FROM sbtest2 WHERE id=3316854
	Index Scan using sbtest2_pkey on sbtest2  (cost=0.43..8.45 rows=1 width=121)
	  Index Cond: (id = 3316854)

table 3 : explain SELECT c FROM sbtest3 WHERE id=9992035
	Index Scan using sbtest3_pkey on sbtest3  (cost=0.43..8.45 rows=1 width=121)
	  Index Cond: (id = 9992035)

table 4 : explain SELECT c FROM sbtest4 WHERE id=839344
	Index Scan using sbtest4_pkey on sbtest4  (cost=0.43..8.45 rows=1 width=121)
	  Index Cond: (id = 839344)

table 5 : explain SELECT c FROM sbtest5 WHERE id=7267925
	Index Scan using sbtest5_pkey on sbtest5  (cost=0.43..8.45 rows=1 width=121)
	  Index Cond: (id = 7267925)

table 6 : explain SELECT c FROM sbtest6 WHERE id=7466815
	Index Scan using sbtest6_pkey on sbtest6  (cost=0.43..8.45 rows=1 width=121)
	  Index Cond: (id = 7466815)

table 7 : explain SELECT c FROM sbtest7 WHERE id=5689384
	Index Scan using sbtest7_pkey on sbtest7  (cost=0.43..8.45 rows=1 width=121)
	  Index Cond: (id = 5689384)

table 8 : explain SELECT c FROM sbtest8 WHERE id=8998412
	Index Scan using sbtest8_pkey on sbtest8  (cost=0.43..8.45 rows=1 width=121)
	  Index Cond: (id = 8998412)

explain: for point_selects :: explain SELECT c FROM sbtest%u WHERE id=%u
explain: for point_selects :: explain SELECT c FROM sbtest%u WHERE id=%u
explain: for point_selects :: explain SELECT c FROM sbtest%u WHERE id=%u
for point_selects
table 1 : explain SELECT c FROM sbtest1 WHERE id=8856646
	Index Scan using sbtest1_pkey on sbtest1  (cost=0.43..8.45 rows=1 width=121)
	  Index Cond: (id = 8856646)

table 2 : explain SELECT c FROM sbtest2 WHERE id=842513
	Index Scan using sbtest2_pkey on sbtest2  (cost=0.43..8.45 rows=1 width=121)
	  Index Cond: (id = 842513)

table 3 : explain SELECT c FROM sbtest3 WHERE id=7231853
	Index Scan using sbtest3_pkey on sbtest3  (cost=0.43..8.45 rows=1 width=121)
	  Index Cond: (id = 7231853)

table 4 : explain SELECT c FROM sbtest4 WHERE id=8196654
	Index Scan using sbtest4_pkey on sbtest4  (cost=0.43..8.45 rows=1 width=121)
	  Index Cond: (id = 8196654)

table 5 : explain SELECT c FROM sbtest5 WHERE id=464296
	Index Scan using sbtest5_pkey on sbtest5  (cost=0.43..8.45 rows=1 width=121)
	  Index Cond: (id = 464296)

table 6 : explain SELECT c FROM sbtest6 WHERE id=7435016
	Index Scan using sbtest6_pkey on sbtest6  (cost=0.43..8.45 rows=1 width=121)
	  Index Cond: (id = 7435016)

table 7 : explain SELECT c FROM sbtest7 WHERE id=6689056
	Index Scan using sbtest7_pkey on sbtest7  (cost=0.43..8.45 rows=1 width=121)
	  Index Cond: (id = 6689056)

table 8 : explain SELECT c FROM sbtest8 WHERE id=2039500
	Index Scan using sbtest8_pkey on sbtest8  (cost=0.43..8.45 rows=1 width=121)
	  Index Cond: (id = 2039500)

for point_selects
table 1 : explain SELECT c FROM sbtest1 WHERE id=3923975
	Index Scan using sbtest1_pkey on sbtest1  (cost=0.43..8.45 rows=1 width=121)
	  Index Cond: (id = 3923975)

table 2 : explain SELECT c FROM sbtest2 WHERE id=3831062
	Index Scan using sbtest2_pkey on sbtest2  (cost=0.43..8.45 rows=1 width=121)
	  Index Cond: (id = 3831062)

table 3 : explain SELECT c FROM sbtest3 WHERE id=760782
	Index Scan using sbtest3_pkey on sbtest3  (cost=0.43..8.45 rows=1 width=121)
	  Index Cond: (id = 760782)

table 4 : explain SELECT c FROM sbtest4 WHERE id=4632843
	Index Scan using sbtest4_pkey on sbtest4  (cost=0.43..8.45 rows=1 width=121)
	  Index Cond: (id = 4632843)

table 5 : explain SELECT c FROM sbtest5 WHERE id=7964360
	Index Scan using sbtest5_pkey on sbtest5  (cost=0.43..8.45 rows=1 width=121)
	  Index Cond: (id = 7964360)

table 6 : explain SELECT c FROM sbtest6 WHERE id=2267056
	Index Scan using sbtest6_pkey on sbtest6  (cost=0.43..8.45 rows=1 width=121)
	  Index Cond: (id = 2267056)

table 7 : explain SELECT c FROM sbtest7 WHERE id=391836
	Index Scan using sbtest7_pkey on sbtest7  (cost=0.43..8.45 rows=1 width=121)
	  Index Cond: (id = 391836)

table 8 : explain SELECT c FROM sbtest8 WHERE id=6581583
	Index Scan using sbtest8_pkey on sbtest8  (cost=0.43..8.45 rows=1 width=121)
	  Index Cond: (id = 6581583)

explain: for point_selects :: explain SELECT c FROM sbtest%u WHERE id=%u
explain: for point_selects :: explain SELECT c FROM sbtest%u WHERE id=%u
for point_selects
table 1 : explain SELECT c FROM sbtest1 WHERE id=4934647
	Index Scan using sbtest1_pkey on sbtest1  (cost=0.43..8.45 rows=1 width=121)
	  Index Cond: (id = 4934647)

table 2 : explain SELECT c FROM sbtest2 WHERE id=5738276
	Index Scan using sbtest2_pkey on sbtest2  (cost=0.43..8.45 rows=1 width=121)
	  Index Cond: (id = 5738276)

table 3 : explain SELECT c FROM sbtest3 WHERE id=4900096
	Index Scan using sbtest3_pkey on sbtest3  (cost=0.43..8.45 rows=1 width=121)
	  Index Cond: (id = 4900096)

table 4 : explain SELECT c FROM sbtest4 WHERE id=4954723
	Index Scan using sbtest4_pkey on sbtest4  (cost=0.43..8.45 rows=1 width=121)
	  Index Cond: (id = 4954723)

table 5 : explain SELECT c FROM sbtest5 WHERE id=1425102
	Index Scan using sbtest5_pkey on sbtest5  (cost=0.43..8.45 rows=1 width=121)
	  Index Cond: (id = 1425102)

table 6 : explain SELECT c FROM sbtest6 WHERE id=9881814
	Index Scan using sbtest6_pkey on sbtest6  (cost=0.43..8.45 rows=1 width=121)
	  Index Cond: (id = 9881814)

table 7 : explain SELECT c FROM sbtest7 WHERE id=7376685
	Index Scan using sbtest7_pkey on sbtest7  (cost=0.43..8.45 rows=1 width=121)
	  Index Cond: (id = 7376685)

table 8 : explain SELECT c FROM sbtest8 WHERE id=8934086
	Index Scan using sbtest8_pkey on sbtest8  (cost=0.43..8.45 rows=1 width=121)
	  Index Cond: (id = 8934086)

explain: for point_selects :: explain SELECT c FROM sbtest%u WHERE id=%u
explain: for point_selects :: explain SELECT c FROM sbtest%u WHERE id=%u
for point_selects
table 1 : explain SELECT c FROM sbtest1 WHERE id=41174
	Index Scan using sbtest1_pkey on sbtest1  (cost=0.43..8.45 rows=1 width=121)
	  Index Cond: (id = 41174)

table 2 : explain SELECT c FROM sbtest2 WHERE id=8016594
	Index Scan using sbtest2_pkey on sbtest2  (cost=0.43..8.45 rows=1 width=121)
	  Index Cond: (id = 8016594)

table 3 : explain SELECT c FROM sbtest3 WHERE id=6738239
	Index Scan using sbtest3_pkey on sbtest3  (cost=0.43..8.45 rows=1 width=121)
	  Index Cond: (id = 6738239)

table 4 : explain SELECT c FROM sbtest4 WHERE id=2062485
	Index Scan using sbtest4_pkey on sbtest4  (cost=0.43..8.45 rows=1 width=121)
	  Index Cond: (id = 2062485)

table 5 : explain SELECT c FROM sbtest5 WHERE id=1730359
	Index Scan using sbtest5_pkey on sbtest5  (cost=0.43..8.45 rows=1 width=121)
	  Index Cond: (id = 1730359)

table 6 : explain SELECT c FROM sbtest6 WHERE id=1349566
	Index Scan using sbtest6_pkey on sbtest6  (cost=0.43..8.45 rows=1 width=121)
	  Index Cond: (id = 1349566)

table 7 : explain SELECT c FROM sbtest7 WHERE id=602563
	Index Scan using sbtest7_pkey on sbtest7  (cost=0.43..8.45 rows=1 width=121)
	  Index Cond: (id = 602563)

table 8 : explain SELECT c FROM sbtest8 WHERE id=3623594
	Index Scan using sbtest8_pkey on sbtest8  (cost=0.43..8.45 rows=1 width=121)
	  Index Cond: (id = 3623594)

for point_selects
table 1 : explain SELECT c FROM sbtest1 WHERE id=8431397
	Index Scan using sbtest1_pkey on sbtest1  (cost=0.43..8.45 rows=1 width=121)
	  Index Cond: (id = 8431397)

table 2 : explain SELECT c FROM sbtest2 WHERE id=7828881
	Index Scan using sbtest2_pkey on sbtest2  (cost=0.43..8.45 rows=1 width=121)
	  Index Cond: (id = 7828881)

table 3 : explain SELECT c FROM sbtest3 WHERE id=8578258
	Index Scan using sbtest3_pkey on sbtest3  (cost=0.43..8.45 rows=1 width=121)
	  Index Cond: (id = 8578258)

table 4 : explain SELECT c FROM sbtest4 WHERE id=924213
	Index Scan using sbtest4_pkey on sbtest4  (cost=0.43..8.45 rows=1 width=121)
	  Index Cond: (id = 924213)

table 5 : explain SELECT c FROM sbtest5 WHERE id=6572867
	Index Scan using sbtest5_pkey on sbtest5  (cost=0.43..8.45 rows=1 width=121)
	  Index Cond: (id = 6572867)

table 6 : explain SELECT c FROM sbtest6 WHERE id=5682234
	Index Scan using sbtest6_pkey on sbtest6  (cost=0.43..8.45 rows=1 width=121)
	  Index Cond: (id = 5682234)

table 7 : explain SELECT c FROM sbtest7 WHERE id=3365122
	Index Scan using sbtest7_pkey on sbtest7  (cost=0.43..8.45 rows=1 width=121)
	  Index Cond: (id = 3365122)

table 8 : explain SELECT c FROM sbtest8 WHERE id=6194038
	Index Scan using sbtest8_pkey on sbtest8  (cost=0.43..8.45 rows=1 width=121)
	  Index Cond: (id = 6194038)

for point_selects
table 1 : explain SELECT c FROM sbtest1 WHERE id=931208
	Index Scan using sbtest1_pkey on sbtest1  (cost=0.43..8.45 rows=1 width=121)
	  Index Cond: (id = 931208)

table 2 : explain SELECT c FROM sbtest2 WHERE id=664021
	Index Scan using sbtest2_pkey on sbtest2  (cost=0.43..8.45 rows=1 width=121)
	  Index Cond: (id = 664021)

table 3 : explain SELECT c FROM sbtest3 WHERE id=8156635
	Index Scan using sbtest3_pkey on sbtest3  (cost=0.43..8.45 rows=1 width=121)
	  Index Cond: (id = 8156635)

table 4 : explain SELECT c FROM sbtest4 WHERE id=78585
	Index Scan using sbtest4_pkey on sbtest4  (cost=0.43..8.45 rows=1 width=121)
	  Index Cond: (id = 78585)

table 5 : explain SELECT c FROM sbtest5 WHERE id=55621
	Index Scan using sbtest5_pkey on sbtest5  (cost=0.43..8.45 rows=1 width=121)
	  Index Cond: (id = 55621)

table 6 : explain SELECT c FROM sbtest6 WHERE id=588655
	Index Scan using sbtest6_pkey on sbtest6  (cost=0.43..8.45 rows=1 width=121)
	  Index Cond: (id = 588655)

table 7 : explain SELECT c FROM sbtest7 WHERE id=3832417
	Index Scan using sbtest7_pkey on sbtest7  (cost=0.43..8.45 rows=1 width=121)
	  Index Cond: (id = 3832417)

table 8 : explain SELECT c FROM sbtest8 WHERE id=1143410
	Index Scan using sbtest8_pkey on sbtest8  (cost=0.43..8.45 rows=1 width=121)
	  Index Cond: (id = 1143410)

for point_selects
table 1 : explain SELECT c FROM sbtest1 WHERE id=9799120
	Index Scan using sbtest1_pkey on sbtest1  (cost=0.43..8.45 rows=1 width=121)
	  Index Cond: (id = 9799120)

table 2 : explain SELECT c FROM sbtest2 WHERE id=2170858
	Index Scan using sbtest2_pkey on sbtest2  (cost=0.43..8.45 rows=1 width=121)
	  Index Cond: (id = 2170858)

table 3 : explain SELECT c FROM sbtest3 WHERE id=9534156
	Index Scan using sbtest3_pkey on sbtest3  (cost=0.43..8.45 rows=1 width=121)
	  Index Cond: (id = 9534156)

table 4 : explain SELECT c FROM sbtest4 WHERE id=2287914
	Index Scan using sbtest4_pkey on sbtest4  (cost=0.43..8.45 rows=1 width=121)
	  Index Cond: (id = 2287914)

table 5 : explain SELECT c FROM sbtest5 WHERE id=2179908
	Index Scan using sbtest5_pkey on sbtest5  (cost=0.43..8.45 rows=1 width=121)
	  Index Cond: (id = 2179908)

table 6 : explain SELECT c FROM sbtest6 WHERE id=5021694
	Index Scan using sbtest6_pkey on sbtest6  (cost=0.43..8.45 rows=1 width=121)
	  Index Cond: (id = 5021694)

table 7 : explain SELECT c FROM sbtest7 WHERE id=9524721
	Index Scan using sbtest7_pkey on sbtest7  (cost=0.43..8.45 rows=1 width=121)
	  Index Cond: (id = 9524721)

table 8 : explain SELECT c FROM sbtest8 WHERE id=1282275
	Index Scan using sbtest8_pkey on sbtest8  (cost=0.43..8.45 rows=1 width=121)
	  Index Cond: (id = 1282275)

for point_selects
table 1 : explain SELECT c FROM sbtest1 WHERE id=2650500
	Index Scan using sbtest1_pkey on sbtest1  (cost=0.43..8.45 rows=1 width=121)
	  Index Cond: (id = 2650500)

table 2 : explain SELECT c FROM sbtest2 WHERE id=1403114
	Index Scan using sbtest2_pkey on sbtest2  (cost=0.43..8.45 rows=1 width=121)
	  Index Cond: (id = 1403114)

table 3 : explain SELECT c FROM sbtest3 WHERE id=516233
	Index Scan using sbtest3_pkey on sbtest3  (cost=0.43..8.45 rows=1 width=121)
	  Index Cond: (id = 516233)

table 4 : explain SELECT c FROM sbtest4 WHERE id=8327829
	Index Scan using sbtest4_pkey on sbtest4  (cost=0.43..8.45 rows=1 width=121)
	  Index Cond: (id = 8327829)

table 5 : explain SELECT c FROM sbtest5 WHERE id=7719208
	Index Scan using sbtest5_pkey on sbtest5  (cost=0.43..8.45 rows=1 width=121)
	  Index Cond: (id = 7719208)

table 6 : explain SELECT c FROM sbtest6 WHERE id=9887128
	Index Scan using sbtest6_pkey on sbtest6  (cost=0.43..8.45 rows=1 width=121)
	  Index Cond: (id = 9887128)

table 7 : explain SELECT c FROM sbtest7 WHERE id=4442437
	Index Scan using sbtest7_pkey on sbtest7  (cost=0.43..8.45 rows=1 width=121)
	  Index Cond: (id = 4442437)

table 8 : explain SELECT c FROM sbtest8 WHERE id=3745162
	Index Scan using sbtest8_pkey on sbtest8  (cost=0.43..8.45 rows=1 width=121)
	  Index Cond: (id = 3745162)

for point_selects
table 1 : explain SELECT c FROM sbtest1 WHERE id=7852310
	Index Scan using sbtest1_pkey on sbtest1  (cost=0.43..8.45 rows=1 width=121)
	  Index Cond: (id = 7852310)

table 2 : explain SELECT c FROM sbtest2 WHERE id=6517584
	Index Scan using sbtest2_pkey on sbtest2  (cost=0.43..8.45 rows=1 width=121)
	  Index Cond: (id = 6517584)

table 3 : explain SELECT c FROM sbtest3 WHERE id=9269123
	Index Scan using sbtest3_pkey on sbtest3  (cost=0.43..8.45 rows=1 width=121)
	  Index Cond: (id = 9269123)

table 4 : explain SELECT c FROM sbtest4 WHERE id=3582890
	Index Scan using sbtest4_pkey on sbtest4  (cost=0.43..8.45 rows=1 width=121)
	  Index Cond: (id = 3582890)

table 5 : explain SELECT c FROM sbtest5 WHERE id=7633032
	Index Scan using sbtest5_pkey on sbtest5  (cost=0.43..8.45 rows=1 width=121)
	  Index Cond: (id = 7633032)

table 6 : explain SELECT c FROM sbtest6 WHERE id=6284069
	Index Scan using sbtest6_pkey on sbtest6  (cost=0.43..8.45 rows=1 width=121)
	  Index Cond: (id = 6284069)

table 7 : explain SELECT c FROM sbtest7 WHERE id=1786719
	Index Scan using sbtest7_pkey on sbtest7  (cost=0.43..8.45 rows=1 width=121)
	  Index Cond: (id = 1786719)

table 8 : explain SELECT c FROM sbtest8 WHERE id=6811525
	Index Scan using sbtest8_pkey on sbtest8  (cost=0.43..8.45 rows=1 width=121)
	  Index Cond: (id = 6811525)

explain: for point_selects :: explain SELECT c FROM sbtest%u WHERE id=%u
for point_selects
table 1 : explain SELECT c FROM sbtest1 WHERE id=2774032
	Index Scan using sbtest1_pkey on sbtest1  (cost=0.43..8.45 rows=1 width=121)
	  Index Cond: (id = 2774032)

table 2 : explain SELECT c FROM sbtest2 WHERE id=229529
	Index Scan using sbtest2_pkey on sbtest2  (cost=0.43..8.45 rows=1 width=121)
	  Index Cond: (id = 229529)

table 3 : explain SELECT c FROM sbtest3 WHERE id=6145752
	Index Scan using sbtest3_pkey on sbtest3  (cost=0.43..8.45 rows=1 width=121)
	  Index Cond: (id = 6145752)

table 4 : explain SELECT c FROM sbtest4 WHERE id=9375233
	Index Scan using sbtest4_pkey on sbtest4  (cost=0.43..8.45 rows=1 width=121)
	  Index Cond: (id = 9375233)

table 5 : explain SELECT c FROM sbtest5 WHERE id=3044423
	Index Scan using sbtest5_pkey on sbtest5  (cost=0.43..8.45 rows=1 width=121)
	  Index Cond: (id = 3044423)

table 6 : explain SELECT c FROM sbtest6 WHERE id=1422682
	Index Scan using sbtest6_pkey on sbtest6  (cost=0.43..8.45 rows=1 width=121)
	  Index Cond: (id = 1422682)

table 7 : explain SELECT c FROM sbtest7 WHERE id=3125122
	Index Scan using sbtest7_pkey on sbtest7  (cost=0.43..8.45 rows=1 width=121)
	  Index Cond: (id = 3125122)

table 8 : explain SELECT c FROM sbtest8 WHERE id=9797112
	Index Scan using sbtest8_pkey on sbtest8  (cost=0.43..8.45 rows=1 width=121)
	  Index Cond: (id = 9797112)

explain: for point_selects :: explain SELECT c FROM sbtest%u WHERE id=%u
explain: for point_selects :: explain SELECT c FROM sbtest%u WHERE id=%u
for point_selects
table 1 : explain SELECT c FROM sbtest1 WHERE id=5404635
	Index Scan using sbtest1_pkey on sbtest1  (cost=0.43..8.45 rows=1 width=121)
	  Index Cond: (id = 5404635)

table 2 : explain SELECT c FROM sbtest2 WHERE id=7533112
	Index Scan using sbtest2_pkey on sbtest2  (cost=0.43..8.45 rows=1 width=121)
	  Index Cond: (id = 7533112)

table 3 : explain SELECT c FROM sbtest3 WHERE id=28296
	Index Scan using sbtest3_pkey on sbtest3  (cost=0.43..8.45 rows=1 width=121)
	  Index Cond: (id = 28296)

table 4 : explain SELECT c FROM sbtest4 WHERE id=1117936
	Index Scan using sbtest4_pkey on sbtest4  (cost=0.43..8.45 rows=1 width=121)
	  Index Cond: (id = 1117936)

table 5 : explain SELECT c FROM sbtest5 WHERE id=1488014
	Index Scan using sbtest5_pkey on sbtest5  (cost=0.43..8.45 rows=1 width=121)
	  Index Cond: (id = 1488014)

table 6 : explain SELECT c FROM sbtest6 WHERE id=4241485
	Index Scan using sbtest6_pkey on sbtest6  (cost=0.43..8.45 rows=1 width=121)
	  Index Cond: (id = 4241485)

table 7 : explain SELECT c FROM sbtest7 WHERE id=2206847
	Index Scan using sbtest7_pkey on sbtest7  (cost=0.43..8.45 rows=1 width=121)
	  Index Cond: (id = 2206847)

table 8 : explain SELECT c FROM sbtest8 WHERE id=2560662
	Index Scan using sbtest8_pkey on sbtest8  (cost=0.43..8.45 rows=1 width=121)
	  Index Cond: (id = 2560662)

explain: for point_selects :: explain SELECT c FROM sbtest%u WHERE id=%u
for point_selects
table 1 : explain SELECT c FROM sbtest1 WHERE id=8084764
	Index Scan using sbtest1_pkey on sbtest1  (cost=0.43..8.45 rows=1 width=121)
	  Index Cond: (id = 8084764)

table 2 : explain SELECT c FROM sbtest2 WHERE id=1556393
	Index Scan using sbtest2_pkey on sbtest2  (cost=0.43..8.45 rows=1 width=121)
	  Index Cond: (id = 1556393)

table 3 : explain SELECT c FROM sbtest3 WHERE id=4798530
	Index Scan using sbtest3_pkey on sbtest3  (cost=0.43..8.45 rows=1 width=121)
	  Index Cond: (id = 4798530)

table 4 : explain SELECT c FROM sbtest4 WHERE id=5184015
	Index Scan using sbtest4_pkey on sbtest4  (cost=0.43..8.45 rows=1 width=121)
	  Index Cond: (id = 5184015)

table 5 : explain SELECT c FROM sbtest5 WHERE id=5878512
	Index Scan using sbtest5_pkey on sbtest5  (cost=0.43..8.45 rows=1 width=121)
	  Index Cond: (id = 5878512)

table 6 : explain SELECT c FROM sbtest6 WHERE id=8126481
	Index Scan using sbtest6_pkey on sbtest6  (cost=0.43..8.45 rows=1 width=121)
	  Index Cond: (id = 8126481)

table 7 : explain SELECT c FROM sbtest7 WHERE id=152065
	Index Scan using sbtest7_pkey on sbtest7  (cost=0.43..8.45 rows=1 width=121)
	  Index Cond: (id = 152065)

table 8 : explain SELECT c FROM sbtest8 WHERE id=5450445
	Index Scan using sbtest8_pkey on sbtest8  (cost=0.43..8.45 rows=1 width=121)
	  Index Cond: (id = 5450445)

for point_selects
table 1 : explain SELECT c FROM sbtest1 WHERE id=3041791
	Index Scan using sbtest1_pkey on sbtest1  (cost=0.43..8.45 rows=1 width=121)
	  Index Cond: (id = 3041791)

table 2 : explain SELECT c FROM sbtest2 WHERE id=5492831
	Index Scan using sbtest2_pkey on sbtest2  (cost=0.43..8.45 rows=1 width=121)
	  Index Cond: (id = 5492831)

table 3 : explain SELECT c FROM sbtest3 WHERE id=3725902
	Index Scan using sbtest3_pkey on sbtest3  (cost=0.43..8.45 rows=1 width=121)
	  Index Cond: (id = 3725902)

table 4 : explain SELECT c FROM sbtest4 WHERE id=9475498
	Index Scan using sbtest4_pkey on sbtest4  (cost=0.43..8.45 rows=1 width=121)
	  Index Cond: (id = 9475498)

table 5 : explain SELECT c FROM sbtest5 WHERE id=4055673
	Index Scan using sbtest5_pkey on sbtest5  (cost=0.43..8.45 rows=1 width=121)
	  Index Cond: (id = 4055673)

table 6 : explain SELECT c FROM sbtest6 WHERE id=7554790
	Index Scan using sbtest6_pkey on sbtest6  (cost=0.43..8.45 rows=1 width=121)
	  Index Cond: (id = 7554790)

table 7 : explain SELECT c FROM sbtest7 WHERE id=1724047
	Index Scan using sbtest7_pkey on sbtest7  (cost=0.43..8.45 rows=1 width=121)
	  Index Cond: (id = 1724047)

table 8 : explain SELECT c FROM sbtest8 WHERE id=194093
	Index Scan using sbtest8_pkey on sbtest8  (cost=0.43..8.45 rows=1 width=121)
	  Index Cond: (id = 194093)

explain: for point_selects :: explain SELECT c FROM sbtest%u WHERE id=%u
explain: for point_selects :: explain SELECT c FROM sbtest%u WHERE id=%u
explain: for point_selects :: explain SELECT c FROM sbtest%u WHERE id=%u
for point_selects
table 1 : explain SELECT c FROM sbtest1 WHERE id=1955255
	Index Scan using sbtest1_pkey on sbtest1  (cost=0.43..8.45 rows=1 width=121)
	  Index Cond: (id = 1955255)

table 2 : explain SELECT c FROM sbtest2 WHERE id=3588562
	Index Scan using sbtest2_pkey on sbtest2  (cost=0.43..8.45 rows=1 width=121)
	  Index Cond: (id = 3588562)

table 3 : explain SELECT c FROM sbtest3 WHERE id=9121591
	Index Scan using sbtest3_pkey on sbtest3  (cost=0.43..8.45 rows=1 width=121)
	  Index Cond: (id = 9121591)

table 4 : explain SELECT c FROM sbtest4 WHERE id=9285685
	Index Scan using sbtest4_pkey on sbtest4  (cost=0.43..8.45 rows=1 width=121)
	  Index Cond: (id = 9285685)

table 5 : explain SELECT c FROM sbtest5 WHERE id=1791226
	Index Scan using sbtest5_pkey on sbtest5  (cost=0.43..8.45 rows=1 width=121)
	  Index Cond: (id = 1791226)

table 6 : explain SELECT c FROM sbtest6 WHERE id=9359763
	Index Scan using sbtest6_pkey on sbtest6  (cost=0.43..8.45 rows=1 width=121)
	  Index Cond: (id = 9359763)

table 7 : explain SELECT c FROM sbtest7 WHERE id=1848791
	Index Scan using sbtest7_pkey on sbtest7  (cost=0.43..8.45 rows=1 width=121)
	  Index Cond: (id = 1848791)

table 8 : explain SELECT c FROM sbtest8 WHERE id=6174857
	Index Scan using sbtest8_pkey on sbtest8  (cost=0.43..8.45 rows=1 width=121)
	  Index Cond: (id = 6174857)

explain: for point_selects :: explain SELECT c FROM sbtest%u WHERE id=%u
explain: for point_selects :: explain SELECT c FROM sbtest%u WHERE id=%u
for point_selects
table 1 : explain SELECT c FROM sbtest1 WHERE id=5667119
	Index Scan using sbtest1_pkey on sbtest1  (cost=0.43..8.45 rows=1 width=121)
	  Index Cond: (id = 5667119)

table 2 : explain SELECT c FROM sbtest2 WHERE id=6315082
	Index Scan using sbtest2_pkey on sbtest2  (cost=0.43..8.45 rows=1 width=121)
	  Index Cond: (id = 6315082)

table 3 : explain SELECT c FROM sbtest3 WHERE id=5741635
	Index Scan using sbtest3_pkey on sbtest3  (cost=0.43..8.45 rows=1 width=121)
	  Index Cond: (id = 5741635)

table 4 : explain SELECT c FROM sbtest4 WHERE id=6681351
	Index Scan using sbtest4_pkey on sbtest4  (cost=0.43..8.45 rows=1 width=121)
	  Index Cond: (id = 6681351)

table 5 : explain SELECT c FROM sbtest5 WHERE id=4547709
	Index Scan using sbtest5_pkey on sbtest5  (cost=0.43..8.45 rows=1 width=121)
	  Index Cond: (id = 4547709)

table 6 : explain SELECT c FROM sbtest6 WHERE id=6669705
	Index Scan using sbtest6_pkey on sbtest6  (cost=0.43..8.45 rows=1 width=121)
	  Index Cond: (id = 6669705)

table 7 : explain SELECT c FROM sbtest7 WHERE id=8898192
	Index Scan using sbtest7_pkey on sbtest7  (cost=0.43..8.45 rows=1 width=121)
	  Index Cond: (id = 8898192)

table 8 : explain SELECT c FROM sbtest8 WHERE id=8321466
	Index Scan using sbtest8_pkey on sbtest8  (cost=0.43..8.45 rows=1 width=121)
	  Index Cond: (id = 8321466)

explain: for point_selects :: explain SELECT c FROM sbtest%u WHERE id=%u
for point_selects
table 1 : explain SELECT c FROM sbtest1 WHERE id=3525753
	Index Scan using sbtest1_pkey on sbtest1  (cost=0.43..8.45 rows=1 width=121)
	  Index Cond: (id = 3525753)

table 2 : explain SELECT c FROM sbtest2 WHERE id=117240
	Index Scan using sbtest2_pkey on sbtest2  (cost=0.43..8.45 rows=1 width=121)
	  Index Cond: (id = 117240)

table 3 : explain SELECT c FROM sbtest3 WHERE id=6832340
	Index Scan using sbtest3_pkey on sbtest3  (cost=0.43..8.45 rows=1 width=121)
	  Index Cond: (id = 6832340)

table 4 : explain SELECT c FROM sbtest4 WHERE id=8574207
	Index Scan using sbtest4_pkey on sbtest4  (cost=0.43..8.45 rows=1 width=121)
	  Index Cond: (id = 8574207)

table 5 : explain SELECT c FROM sbtest5 WHERE id=6051747
	Index Scan using sbtest5_pkey on sbtest5  (cost=0.43..8.45 rows=1 width=121)
	  Index Cond: (id = 6051747)

table 6 : explain SELECT c FROM sbtest6 WHERE id=3494253
	Index Scan using sbtest6_pkey on sbtest6  (cost=0.43..8.45 rows=1 width=121)
	  Index Cond: (id = 3494253)

table 7 : explain SELECT c FROM sbtest7 WHERE id=3380608
	Index Scan using sbtest7_pkey on sbtest7  (cost=0.43..8.45 rows=1 width=121)
	  Index Cond: (id = 3380608)

table 8 : explain SELECT c FROM sbtest8 WHERE id=3632614
	Index Scan using sbtest8_pkey on sbtest8  (cost=0.43..8.45 rows=1 width=121)
	  Index Cond: (id = 3632614)

for point_selects
table 1 : explain SELECT c FROM sbtest1 WHERE id=3842569
	Index Scan using sbtest1_pkey on sbtest1  (cost=0.43..8.45 rows=1 width=121)
	  Index Cond: (id = 3842569)

table 2 : explain SELECT c FROM sbtest2 WHERE id=9603669
	Index Scan using sbtest2_pkey on sbtest2  (cost=0.43..8.45 rows=1 width=121)
	  Index Cond: (id = 9603669)

table 3 : explain SELECT c FROM sbtest3 WHERE id=9118688
	Index Scan using sbtest3_pkey on sbtest3  (cost=0.43..8.45 rows=1 width=121)
	  Index Cond: (id = 9118688)

table 4 : explain SELECT c FROM sbtest4 WHERE id=7194943
	Index Scan using sbtest4_pkey on sbtest4  (cost=0.43..8.45 rows=1 width=121)
	  Index Cond: (id = 7194943)

table 5 : explain SELECT c FROM sbtest5 WHERE id=5726220
	Index Scan using sbtest5_pkey on sbtest5  (cost=0.43..8.45 rows=1 width=121)
	  Index Cond: (id = 5726220)

table 6 : explain SELECT c FROM sbtest6 WHERE id=4720441
	Index Scan using sbtest6_pkey on sbtest6  (cost=0.43..8.45 rows=1 width=121)
	  Index Cond: (id = 4720441)

table 7 : explain SELECT c FROM sbtest7 WHERE id=8830634
	Index Scan using sbtest7_pkey on sbtest7  (cost=0.43..8.45 rows=1 width=121)
	  Index Cond: (id = 8830634)

table 8 : explain SELECT c FROM sbtest8 WHERE id=2569477
	Index Scan using sbtest8_pkey on sbtest8  (cost=0.43..8.45 rows=1 width=121)
	  Index Cond: (id = 2569477)

for point_selects
table 1 : explain SELECT c FROM sbtest1 WHERE id=4279304
	Index Scan using sbtest1_pkey on sbtest1  (cost=0.43..8.45 rows=1 width=121)
	  Index Cond: (id = 4279304)

table 2 : explain SELECT c FROM sbtest2 WHERE id=5266964
	Index Scan using sbtest2_pkey on sbtest2  (cost=0.43..8.45 rows=1 width=121)
	  Index Cond: (id = 5266964)

table 3 : explain SELECT c FROM sbtest3 WHERE id=3446655
	Index Scan using sbtest3_pkey on sbtest3  (cost=0.43..8.45 rows=1 width=121)
	  Index Cond: (id = 3446655)

table 4 : explain SELECT c FROM sbtest4 WHERE id=4991627
	Index Scan using sbtest4_pkey on sbtest4  (cost=0.43..8.45 rows=1 width=121)
	  Index Cond: (id = 4991627)

table 5 : explain SELECT c FROM sbtest5 WHERE id=5139628
	Index Scan using sbtest5_pkey on sbtest5  (cost=0.43..8.45 rows=1 width=121)
	  Index Cond: (id = 5139628)

table 6 : explain SELECT c FROM sbtest6 WHERE id=1401283
	Index Scan using sbtest6_pkey on sbtest6  (cost=0.43..8.45 rows=1 width=121)
	  Index Cond: (id = 1401283)

table 7 : explain SELECT c FROM sbtest7 WHERE id=5620645
	Index Scan using sbtest7_pkey on sbtest7  (cost=0.43..8.45 rows=1 width=121)
	  Index Cond: (id = 5620645)

table 8 : explain SELECT c FROM sbtest8 WHERE id=4700807
	Index Scan using sbtest8_pkey on sbtest8  (cost=0.43..8.45 rows=1 width=121)
	  Index Cond: (id = 4700807)

for point_selects
table 1 : explain SELECT c FROM sbtest1 WHERE id=685526
	Index Scan using sbtest1_pkey on sbtest1  (cost=0.43..8.45 rows=1 width=121)
	  Index Cond: (id = 685526)

table 2 : explain SELECT c FROM sbtest2 WHERE id=7258528
	Index Scan using sbtest2_pkey on sbtest2  (cost=0.43..8.45 rows=1 width=121)
	  Index Cond: (id = 7258528)

table 3 : explain SELECT c FROM sbtest3 WHERE id=9394614
	Index Scan using sbtest3_pkey on sbtest3  (cost=0.43..8.45 rows=1 width=121)
	  Index Cond: (id = 9394614)

table 4 : explain SELECT c FROM sbtest4 WHERE id=7806481
	Index Scan using sbtest4_pkey on sbtest4  (cost=0.43..8.45 rows=1 width=121)
	  Index Cond: (id = 7806481)

table 5 : explain SELECT c FROM sbtest5 WHERE id=1118938
	Index Scan using sbtest5_pkey on sbtest5  (cost=0.43..8.45 rows=1 width=121)
	  Index Cond: (id = 1118938)

table 6 : explain SELECT c FROM sbtest6 WHERE id=1765374
	Index Scan using sbtest6_pkey on sbtest6  (cost=0.43..8.45 rows=1 width=121)
	  Index Cond: (id = 1765374)

table 7 : explain SELECT c FROM sbtest7 WHERE id=780272
	Index Scan using sbtest7_pkey on sbtest7  (cost=0.43..8.45 rows=1 width=121)
	  Index Cond: (id = 780272)

table 8 : explain SELECT c FROM sbtest8 WHERE id=3374010
	Index Scan using sbtest8_pkey on sbtest8  (cost=0.43..8.45 rows=1 width=121)
	  Index Cond: (id = 3374010)

for point_selects
table 1 : explain SELECT c FROM sbtest1 WHERE id=7596307
	Index Scan using sbtest1_pkey on sbtest1  (cost=0.43..8.45 rows=1 width=121)
	  Index Cond: (id = 7596307)

table 2 : explain SELECT c FROM sbtest2 WHERE id=8810134
	Index Scan using sbtest2_pkey on sbtest2  (cost=0.43..8.45 rows=1 width=121)
	  Index Cond: (id = 8810134)

table 3 : explain SELECT c FROM sbtest3 WHERE id=3034417
	Index Scan using sbtest3_pkey on sbtest3  (cost=0.43..8.45 rows=1 width=121)
	  Index Cond: (id = 3034417)

table 4 : explain SELECT c FROM sbtest4 WHERE id=5947087
	Index Scan using sbtest4_pkey on sbtest4  (cost=0.43..8.45 rows=1 width=121)
	  Index Cond: (id = 5947087)

table 5 : explain SELECT c FROM sbtest5 WHERE id=5860610
	Index Scan using sbtest5_pkey on sbtest5  (cost=0.43..8.45 rows=1 width=121)
	  Index Cond: (id = 5860610)

table 6 : explain SELECT c FROM sbtest6 WHERE id=1009774
	Index Scan using sbtest6_pkey on sbtest6  (cost=0.43..8.45 rows=1 width=121)
	  Index Cond: (id = 1009774)

table 7 : explain SELECT c FROM sbtest7 WHERE id=9997308
	Index Scan using sbtest7_pkey on sbtest7  (cost=0.43..8.45 rows=1 width=121)
	  Index Cond: (id = 9997308)

table 8 : explain SELECT c FROM sbtest8 WHERE id=7156682
	Index Scan using sbtest8_pkey on sbtest8  (cost=0.43..8.45 rows=1 width=121)
	  Index Cond: (id = 7156682)

explain: for point_selects :: explain SELECT c FROM sbtest%u WHERE id=%u
explain: for point_selects :: explain SELECT c FROM sbtest%u WHERE id=%u
explain: for point_selects :: explain SELECT c FROM sbtest%u WHERE id=%u
explain: for point_selects :: explain SELECT c FROM sbtest%u WHERE id=%u
explain: for point_selects :: explain SELECT c FROM sbtest%u WHERE id=%u
for point_selects
table 1 : explain SELECT c FROM sbtest1 WHERE id=4931132
	Index Scan using sbtest1_pkey on sbtest1  (cost=0.43..8.45 rows=1 width=121)
	  Index Cond: (id = 4931132)

table 2 : explain SELECT c FROM sbtest2 WHERE id=2576496
	Index Scan using sbtest2_pkey on sbtest2  (cost=0.43..8.45 rows=1 width=121)
	  Index Cond: (id = 2576496)

table 3 : explain SELECT c FROM sbtest3 WHERE id=3351341
	Index Scan using sbtest3_pkey on sbtest3  (cost=0.43..8.45 rows=1 width=121)
	  Index Cond: (id = 3351341)

table 4 : explain SELECT c FROM sbtest4 WHERE id=2176033
	Index Scan using sbtest4_pkey on sbtest4  (cost=0.43..8.45 rows=1 width=121)
	  Index Cond: (id = 2176033)

table 5 : explain SELECT c FROM sbtest5 WHERE id=3697964
	Index Scan using sbtest5_pkey on sbtest5  (cost=0.43..8.45 rows=1 width=121)
	  Index Cond: (id = 3697964)

table 6 : explain SELECT c FROM sbtest6 WHERE id=2837087
	Index Scan using sbtest6_pkey on sbtest6  (cost=0.43..8.45 rows=1 width=121)
	  Index Cond: (id = 2837087)

table 7 : explain SELECT c FROM sbtest7 WHERE id=7384991
	Index Scan using sbtest7_pkey on sbtest7  (cost=0.43..8.45 rows=1 width=121)
	  Index Cond: (id = 7384991)

table 8 : explain SELECT c FROM sbtest8 WHERE id=4785672
	Index Scan using sbtest8_pkey on sbtest8  (cost=0.43..8.45 rows=1 width=121)
	  Index Cond: (id = 4785672)

for point_selects
table 1 : explain SELECT c FROM sbtest1 WHERE id=8878088
	Index Scan using sbtest1_pkey on sbtest1  (cost=0.43..8.45 rows=1 width=121)
	  Index Cond: (id = 8878088)

table 2 : explain SELECT c FROM sbtest2 WHERE id=4703185
	Index Scan using sbtest2_pkey on sbtest2  (cost=0.43..8.45 rows=1 width=121)
	  Index Cond: (id = 4703185)

table 3 : explain SELECT c FROM sbtest3 WHERE id=6627860
	Index Scan using sbtest3_pkey on sbtest3  (cost=0.43..8.45 rows=1 width=121)
	  Index Cond: (id = 6627860)

table 4 : explain SELECT c FROM sbtest4 WHERE id=9693713
	Index Scan using sbtest4_pkey on sbtest4  (cost=0.43..8.45 rows=1 width=121)
	  Index Cond: (id = 9693713)

table 5 : explain SELECT c FROM sbtest5 WHERE id=4471058
	Index Scan using sbtest5_pkey on sbtest5  (cost=0.43..8.45 rows=1 width=121)
	  Index Cond: (id = 4471058)

table 6 : explain SELECT c FROM sbtest6 WHERE id=7063485
	Index Scan using sbtest6_pkey on sbtest6  (cost=0.43..8.45 rows=1 width=121)
	  Index Cond: (id = 7063485)

table 7 : explain SELECT c FROM sbtest7 WHERE id=2457073
	Index Scan using sbtest7_pkey on sbtest7  (cost=0.43..8.45 rows=1 width=121)
	  Index Cond: (id = 2457073)

table 8 : explain SELECT c FROM sbtest8 WHERE id=8766063
	Index Scan using sbtest8_pkey on sbtest8  (cost=0.43..8.45 rows=1 width=121)
	  Index Cond: (id = 8766063)

for point_selects
table 1 : explain SELECT c FROM sbtest1 WHERE id=8754586
	Index Scan using sbtest1_pkey on sbtest1  (cost=0.43..8.45 rows=1 width=121)
	  Index Cond: (id = 8754586)

table 2 : explain SELECT c FROM sbtest2 WHERE id=7871904
	Index Scan using sbtest2_pkey on sbtest2  (cost=0.43..8.45 rows=1 width=121)
	  Index Cond: (id = 7871904)

table 3 : explain SELECT c FROM sbtest3 WHERE id=3085048
	Index Scan using sbtest3_pkey on sbtest3  (cost=0.43..8.45 rows=1 width=121)
	  Index Cond: (id = 3085048)

table 4 : explain SELECT c FROM sbtest4 WHERE id=4922970
	Index Scan using sbtest4_pkey on sbtest4  (cost=0.43..8.45 rows=1 width=121)
	  Index Cond: (id = 4922970)

table 5 : explain SELECT c FROM sbtest5 WHERE id=7243403
	Index Scan using sbtest5_pkey on sbtest5  (cost=0.43..8.45 rows=1 width=121)
	  Index Cond: (id = 7243403)

table 6 : explain SELECT c FROM sbtest6 WHERE id=1917446
	Index Scan using sbtest6_pkey on sbtest6  (cost=0.43..8.45 rows=1 width=121)
	  Index Cond: (id = 1917446)

table 7 : explain SELECT c FROM sbtest7 WHERE id=2586742
	Index Scan using sbtest7_pkey on sbtest7  (cost=0.43..8.45 rows=1 width=121)
	  Index Cond: (id = 2586742)

table 8 : explain SELECT c FROM sbtest8 WHERE id=4646751
	Index Scan using sbtest8_pkey on sbtest8  (cost=0.43..8.45 rows=1 width=121)
	  Index Cond: (id = 4646751)

for point_selects
table 1 : explain SELECT c FROM sbtest1 WHERE id=8132928
	Index Scan using sbtest1_pkey on sbtest1  (cost=0.43..8.45 rows=1 width=121)
	  Index Cond: (id = 8132928)

table 2 : explain SELECT c FROM sbtest2 WHERE id=543197
	Index Scan using sbtest2_pkey on sbtest2  (cost=0.43..8.45 rows=1 width=121)
	  Index Cond: (id = 543197)

table 3 : explain SELECT c FROM sbtest3 WHERE id=2806065
	Index Scan using sbtest3_pkey on sbtest3  (cost=0.43..8.45 rows=1 width=121)
	  Index Cond: (id = 2806065)

table 4 : explain SELECT c FROM sbtest4 WHERE id=4796558
	Index Scan using sbtest4_pkey on sbtest4  (cost=0.43..8.45 rows=1 width=121)
	  Index Cond: (id = 4796558)

table 5 : explain SELECT c FROM sbtest5 WHERE id=457034
	Index Scan using sbtest5_pkey on sbtest5  (cost=0.43..8.45 rows=1 width=121)
	  Index Cond: (id = 457034)

table 6 : explain SELECT c FROM sbtest6 WHERE id=7545048
	Index Scan using sbtest6_pkey on sbtest6  (cost=0.43..8.45 rows=1 width=121)
	  Index Cond: (id = 7545048)

table 7 : explain SELECT c FROM sbtest7 WHERE id=8946959
	Index Scan using sbtest7_pkey on sbtest7  (cost=0.43..8.45 rows=1 width=121)
	  Index Cond: (id = 8946959)

table 8 : explain SELECT c FROM sbtest8 WHERE id=4528750
	Index Scan using sbtest8_pkey on sbtest8  (cost=0.43..8.45 rows=1 width=121)
	  Index Cond: (id = 4528750)

for point_selects
table 1 : explain SELECT c FROM sbtest1 WHERE id=7153303
	Index Scan using sbtest1_pkey on sbtest1  (cost=0.43..8.45 rows=1 width=121)
	  Index Cond: (id = 7153303)

table 2 : explain SELECT c FROM sbtest2 WHERE id=9079106
	Index Scan using sbtest2_pkey on sbtest2  (cost=0.43..8.45 rows=1 width=121)
	  Index Cond: (id = 9079106)

table 3 : explain SELECT c FROM sbtest3 WHERE id=202010
	Index Scan using sbtest3_pkey on sbtest3  (cost=0.43..8.45 rows=1 width=121)
	  Index Cond: (id = 202010)

table 4 : explain SELECT c FROM sbtest4 WHERE id=1249006
	Index Scan using sbtest4_pkey on sbtest4  (cost=0.43..8.45 rows=1 width=121)
	  Index Cond: (id = 1249006)

table 5 : explain SELECT c FROM sbtest5 WHERE id=8158911
	Index Scan using sbtest5_pkey on sbtest5  (cost=0.43..8.45 rows=1 width=121)
	  Index Cond: (id = 8158911)

table 6 : explain SELECT c FROM sbtest6 WHERE id=3130338
	Index Scan using sbtest6_pkey on sbtest6  (cost=0.43..8.45 rows=1 width=121)
	  Index Cond: (id = 3130338)

table 7 : explain SELECT c FROM sbtest7 WHERE id=5106107
	Index Scan using sbtest7_pkey on sbtest7  (cost=0.43..8.45 rows=1 width=121)
	  Index Cond: (id = 5106107)

table 8 : explain SELECT c FROM sbtest8 WHERE id=7939888
	Index Scan using sbtest8_pkey on sbtest8  (cost=0.43..8.45 rows=1 width=121)
	  Index Cond: (id = 7939888)

explain: for point_selects :: explain SELECT c FROM sbtest%u WHERE id=%u
explain: for point_selects :: explain SELECT c FROM sbtest%u WHERE id=%u
for point_selects
table 1 : explain SELECT c FROM sbtest1 WHERE id=5141415
	Index Scan using sbtest1_pkey on sbtest1  (cost=0.43..8.45 rows=1 width=121)
	  Index Cond: (id = 5141415)

table 2 : explain SELECT c FROM sbtest2 WHERE id=9830619
	Index Scan using sbtest2_pkey on sbtest2  (cost=0.43..8.45 rows=1 width=121)
	  Index Cond: (id = 9830619)

table 3 : explain SELECT c FROM sbtest3 WHERE id=7983309
	Index Scan using sbtest3_pkey on sbtest3  (cost=0.43..8.45 rows=1 width=121)
	  Index Cond: (id = 7983309)

table 4 : explain SELECT c FROM sbtest4 WHERE id=481092
	Index Scan using sbtest4_pkey on sbtest4  (cost=0.43..8.45 rows=1 width=121)
	  Index Cond: (id = 481092)

table 5 : explain SELECT c FROM sbtest5 WHERE id=1738294
	Index Scan using sbtest5_pkey on sbtest5  (cost=0.43..8.45 rows=1 width=121)
	  Index Cond: (id = 1738294)

table 6 : explain SELECT c FROM sbtest6 WHERE id=8329421
	Index Scan using sbtest6_pkey on sbtest6  (cost=0.43..8.45 rows=1 width=121)
	  Index Cond: (id = 8329421)

table 7 : explain SELECT c FROM sbtest7 WHERE id=5546623
	Index Scan using sbtest7_pkey on sbtest7  (cost=0.43..8.45 rows=1 width=121)
	  Index Cond: (id = 5546623)

table 8 : explain SELECT c FROM sbtest8 WHERE id=6071072
	Index Scan using sbtest8_pkey on sbtest8  (cost=0.43..8.45 rows=1 width=121)
	  Index Cond: (id = 6071072)

for point_selects
table 1 : explain SELECT c FROM sbtest1 WHERE id=7537143
	Index Scan using sbtest1_pkey on sbtest1  (cost=0.43..8.45 rows=1 width=121)
	  Index Cond: (id = 7537143)

table 2 : explain SELECT c FROM sbtest2 WHERE id=5350475
	Index Scan using sbtest2_pkey on sbtest2  (cost=0.43..8.45 rows=1 width=121)
	  Index Cond: (id = 5350475)

table 3 : explain SELECT c FROM sbtest3 WHERE id=5631609
	Index Scan using sbtest3_pkey on sbtest3  (cost=0.43..8.45 rows=1 width=121)
	  Index Cond: (id = 5631609)

table 4 : explain SELECT c FROM sbtest4 WHERE id=839426
	Index Scan using sbtest4_pkey on sbtest4  (cost=0.43..8.45 rows=1 width=121)
	  Index Cond: (id = 839426)

table 5 : explain SELECT c FROM sbtest5 WHERE id=8036812
	Index Scan using sbtest5_pkey on sbtest5  (cost=0.43..8.45 rows=1 width=121)
	  Index Cond: (id = 8036812)

table 6 : explain SELECT c FROM sbtest6 WHERE id=8817432
	Index Scan using sbtest6_pkey on sbtest6  (cost=0.43..8.45 rows=1 width=121)
	  Index Cond: (id = 8817432)

table 7 : explain SELECT c FROM sbtest7 WHERE id=3458534
	Index Scan using sbtest7_pkey on sbtest7  (cost=0.43..8.45 rows=1 width=121)
	  Index Cond: (id = 3458534)

table 8 : explain SELECT c FROM sbtest8 WHERE id=9123856
	Index Scan using sbtest8_pkey on sbtest8  (cost=0.43..8.45 rows=1 width=121)
	  Index Cond: (id = 9123856)

Threads started!

Warming up for 5 seconds...

SQL statistics:
    queries performed:
        read:                            659630490
        write:                           0
        other:                           0
        total:                           659630490
    transactions:                        659630490 (1047016.59 per sec.)
    queries:                             659630490 (1047016.59 per sec.)
    ignored errors:                      0      (0.00 per sec.)
    reconnects:                          0      (0.00 per sec.)

Throughput:
    events/s (eps):                      1047016.5857
    time elapsed:                        630.0098s
    total number of events:              659630490

Latency (ms):
         min:                                    0.03
         avg:                                    0.04
         max:                                   16.13
         95th percentile:                        0.04
         sum:                             25025499.82

Threads fairness:
    events (avg/stddev):           16490743.9750/265903.66
    execution time (avg/stddev):   625.6375/0.06

