LUA_PATH=/home/mdcallag/git/mytools/bench/sysbench.lua/lua/?.lua /home/mdcallag/git/mytools/bench/sysbench.lua/lua/sysbench --db-driver=pgsql --range-size=100 --table-size=10000000 --tables=8 --threads=40 --events=0 --warmup-time=5 --time=630 --pgsql_conn_id=true /home/mdcallag/git/mytools/bench/sysbench.lua/lua/oltp_range_covered.lua run --pgsql-user=root --pgsql-password=pw --pgsql-host=127.0.0.1 --pgsql-db=ib --rand-type=uniform --random-points=100 --skip-trx
48 CPUs
sysbench 1.1.0-9072687 (using bundled LuaJIT 2.1.0-beta3)

Running the test with following options:
Number of threads: 40
Warmup time: 5s
Initializing random number generator from current time


Initializing worker threads...

explain: for range-covered :: explain SELECT id FROM sbtest%d WHERE id BETWEEN 4699865 AND 4699965
explain: for range-covered :: explain SELECT id FROM sbtest%d WHERE id BETWEEN 5225959 AND 5226059
explain: for range-covered :: explain SELECT id FROM sbtest%d WHERE id BETWEEN 3677869 AND 3677969
explain: for range-covered :: explain SELECT id FROM sbtest%d WHERE id BETWEEN 7244498 AND 7244598
explain: for range-covered :: explain SELECT id FROM sbtest%d WHERE id BETWEEN 2528191 AND 2528291
for range-covered
table 1 : explain SELECT id FROM sbtest1 WHERE id BETWEEN 7244498 AND 7244598
	Index Only Scan using sbtest1_pkey on sbtest1  (cost=0.43..10.50 rows=103 width=4)
	  Index Cond: ((id >= 7244498) AND (id <= 7244598))

table 2 : explain SELECT id FROM sbtest2 WHERE id BETWEEN 7244498 AND 7244598
	Index Only Scan using sbtest2_pkey on sbtest2  (cost=0.43..6.67 rows=112 width=4)
	  Index Cond: ((id >= 7244498) AND (id <= 7244598))

table 3 : explain SELECT id FROM sbtest3 WHERE id BETWEEN 7244498 AND 7244598
	Index Only Scan using sbtest3_pkey on sbtest3  (cost=0.43..10.40 rows=98 width=4)
	  Index Cond: ((id >= 7244498) AND (id <= 7244598))

table 4 : explain SELECT id FROM sbtest4 WHERE id BETWEEN 7244498 AND 7244598
	Index Only Scan using sbtest4_pkey on sbtest4  (cost=0.43..10.40 rows=98 width=4)
	  Index Cond: ((id >= 7244498) AND (id <= 7244598))

table 5 : explain SELECT id FROM sbtest5 WHERE id BETWEEN 7244498 AND 7244598
	Index Only Scan using sbtest5_pkey on sbtest5  (cost=0.43..10.54 rows=105 width=4)
	  Index Cond: ((id >= 7244498) AND (id <= 7244598))

table 6 : explain SELECT id FROM sbtest6 WHERE id BETWEEN 7244498 AND 7244598
	Index Only Scan using sbtest6_pkey on sbtest6  (cost=0.43..6.33 rows=95 width=4)
	  Index Cond: ((id >= 7244498) AND (id <= 7244598))

table 7 : explain SELECT id FROM sbtest7 WHERE id BETWEEN 7244498 AND 7244598
	Index Only Scan using sbtest7_pkey on sbtest7  (cost=0.43..10.40 rows=98 width=4)
	  Index Cond: ((id >= 7244498) AND (id <= 7244598))

table 8 : explain SELECT id FROM sbtest8 WHERE id BETWEEN 7244498 AND 7244598
	Index Only Scan using sbtest8_pkey on sbtest8  (cost=0.43..6.72 rows=114 width=4)
	  Index Cond: ((id >= 7244498) AND (id <= 7244598))

explain: for range-covered :: explain SELECT id FROM sbtest%d WHERE id BETWEEN 7244498 AND 7244598
for range-covered
table 1 : explain SELECT id FROM sbtest1 WHERE id BETWEEN 5225959 AND 5226059
	Index Only Scan using sbtest1_pkey on sbtest1  (cost=0.43..10.47 rows=102 width=4)
	  Index Cond: ((id >= 5225959) AND (id <= 5226059))

table 2 : explain SELECT id FROM sbtest2 WHERE id BETWEEN 5225959 AND 5226059
	Index Only Scan using sbtest2_pkey on sbtest2  (cost=0.43..6.37 rows=97 width=4)
	  Index Cond: ((id >= 5225959) AND (id <= 5226059))

table 3 : explain SELECT id FROM sbtest3 WHERE id BETWEEN 5225959 AND 5226059
	Index Only Scan using sbtest3_pkey on sbtest3  (cost=0.43..10.42 rows=99 width=4)
	  Index Cond: ((id >= 5225959) AND (id <= 5226059))

table 4 : explain SELECT id FROM sbtest4 WHERE id BETWEEN 5225959 AND 5226059
	Index Only Scan using sbtest4_pkey on sbtest4  (cost=0.43..10.50 rows=103 width=4)
	  Index Cond: ((id >= 5225959) AND (id <= 5226059))

table 5 : explain SELECT id FROM sbtest5 WHERE id BETWEEN 5225959 AND 5226059
	Index Only Scan using sbtest5_pkey on sbtest5  (cost=0.43..10.22 rows=89 width=4)
	  Index Cond: ((id >= 5225959) AND (id <= 5226059))

table 6 : explain SELECT id FROM sbtest6 WHERE id BETWEEN 5225959 AND 5226059
	Index Only Scan using sbtest6_pkey on sbtest6  (cost=0.43..6.47 rows=102 width=4)
	  Index Cond: ((id >= 5225959) AND (id <= 5226059))

table 7 : explain SELECT id FROM sbtest7 WHERE id BETWEEN 5225959 AND 5226059
	Index Only Scan using sbtest7_pkey on sbtest7  (cost=0.43..10.33 rows=95 width=4)
	  Index Cond: ((id >= 5225959) AND (id <= 5226059))

table 8 : explain SELECT id FROM sbtest8 WHERE id BETWEEN 5225959 AND 5226059
	Index Only Scan using sbtest8_pkey on sbtest8  (cost=0.43..6.67 rows=112 width=4)
	  Index Cond: ((id >= 5225959) AND (id <= 5226059))

explain: for range-covered :: explain SELECT id FROM sbtest%d WHERE id BETWEEN 5225959 AND 5226059
for range-covered
table 1 : explain SELECT id FROM sbtest1 WHERE id BETWEEN 2528191 AND 2528291
	Index Only Scan using sbtest1_pkey on sbtest1  (cost=0.43..10.42 rows=99 width=4)
	  Index Cond: ((id >= 2528191) AND (id <= 2528291))

table 2 : explain SELECT id FROM sbtest2 WHERE id BETWEEN 2528191 AND 2528291
	Index Only Scan using sbtest2_pkey on sbtest2  (cost=0.43..6.40 rows=98 width=4)
	  Index Cond: ((id >= 2528191) AND (id <= 2528291))

table 3 : explain SELECT id FROM sbtest3 WHERE id BETWEEN 2528191 AND 2528291
	Index Only Scan using sbtest3_pkey on sbtest3  (cost=0.43..10.42 rows=99 width=4)
	  Index Cond: ((id >= 2528191) AND (id <= 2528291))

table 4 : explain SELECT id FROM sbtest4 WHERE id BETWEEN 2528191 AND 2528291
	Index Only Scan using sbtest4_pkey on sbtest4  (cost=0.43..10.68 rows=112 width=4)
	  Index Cond: ((id >= 2528191) AND (id <= 2528291))

table 5 : explain SELECT id FROM sbtest5 WHERE id BETWEEN 2528191 AND 2528291
	Index Only Scan using sbtest5_pkey on sbtest5  (cost=0.43..10.47 rows=102 width=4)
	  Index Cond: ((id >= 2528191) AND (id <= 2528291))

table 6 : explain SELECT id FROM sbtest6 WHERE id BETWEEN 2528191 AND 2528291
	Index Only Scan using sbtest6_pkey on sbtest6  (cost=0.43..6.66 rows=111 width=4)
	  Index Cond: ((id >= 2528191) AND (id <= 2528291))

table 7 : explain SELECT id FROM sbtest7 WHERE id BETWEEN 2528191 AND 2528291
	Index Only Scan using sbtest7_pkey on sbtest7  (cost=0.43..10.50 rows=103 width=4)
	  Index Cond: ((id >= 2528191) AND (id <= 2528291))

table 8 : explain SELECT id FROM sbtest8 WHERE id BETWEEN 2528191 AND 2528291
	Index Only Scan using sbtest8_pkey on sbtest8  (cost=0.43..6.25 rows=91 width=4)
	  Index Cond: ((id >= 2528191) AND (id <= 2528291))

for range-covered
table 1 : explain SELECT id FROM sbtest1 WHERE id BETWEEN 7244498 AND 7244598
	Index Only Scan using sbtest1_pkey on sbtest1  (cost=0.43..10.50 rows=103 width=4)
	  Index Cond: ((id >= 7244498) AND (id <= 7244598))

table 2 : explain SELECT id FROM sbtest2 WHERE id BETWEEN 7244498 AND 7244598
	Index Only Scan using sbtest2_pkey on sbtest2  (cost=0.43..6.67 rows=112 width=4)
	  Index Cond: ((id >= 7244498) AND (id <= 7244598))

table 3 : explain SELECT id FROM sbtest3 WHERE id BETWEEN 7244498 AND 7244598
	Index Only Scan using sbtest3_pkey on sbtest3  (cost=0.43..10.40 rows=98 width=4)
	  Index Cond: ((id >= 7244498) AND (id <= 7244598))

table 4 : explain SELECT id FROM sbtest4 WHERE id BETWEEN 7244498 AND 7244598
	Index Only Scan using sbtest4_pkey on sbtest4  (cost=0.43..10.40 rows=98 width=4)
	  Index Cond: ((id >= 7244498) AND (id <= 7244598))

table 5 : explain SELECT id FROM sbtest5 WHERE id BETWEEN 7244498 AND 7244598
	Index Only Scan using sbtest5_pkey on sbtest5  (cost=0.43..10.54 rows=105 width=4)
	  Index Cond: ((id >= 7244498) AND (id <= 7244598))

table 6 : explain SELECT id FROM sbtest6 WHERE id BETWEEN 7244498 AND 7244598
	Index Only Scan using sbtest6_pkey on sbtest6  (cost=0.43..6.33 rows=95 width=4)
	  Index Cond: ((id >= 7244498) AND (id <= 7244598))

table 7 : explain SELECT id FROM sbtest7 WHERE id BETWEEN 7244498 AND 7244598
	Index Only Scan using sbtest7_pkey on sbtest7  (cost=0.43..10.40 rows=98 width=4)
	  Index Cond: ((id >= 7244498) AND (id <= 7244598))

table 8 : explain SELECT id FROM sbtest8 WHERE id BETWEEN 7244498 AND 7244598
	Index Only Scan using sbtest8_pkey on sbtest8  (cost=0.43..6.72 rows=114 width=4)
	  Index Cond: ((id >= 7244498) AND (id <= 7244598))

explain: for range-covered :: explain SELECT id FROM sbtest%d WHERE id BETWEEN 8167824 AND 8167924
explain: for range-covered :: explain SELECT id FROM sbtest%d WHERE id BETWEEN 2528191 AND 2528291
explain: for range-covered :: explain SELECT id FROM sbtest%d WHERE id BETWEEN 7244498 AND 7244598
for range-covered
table 1 : explain SELECT id FROM sbtest1 WHERE id BETWEEN 5225959 AND 5226059
	Index Only Scan using sbtest1_pkey on sbtest1  (cost=0.43..10.47 rows=102 width=4)
	  Index Cond: ((id >= 5225959) AND (id <= 5226059))

table 2 : explain SELECT id FROM sbtest2 WHERE id BETWEEN 5225959 AND 5226059
	Index Only Scan using sbtest2_pkey on sbtest2  (cost=0.43..6.37 rows=97 width=4)
	  Index Cond: ((id >= 5225959) AND (id <= 5226059))

table 3 : explain SELECT id FROM sbtest3 WHERE id BETWEEN 5225959 AND 5226059
	Index Only Scan using sbtest3_pkey on sbtest3  (cost=0.43..10.42 rows=99 width=4)
	  Index Cond: ((id >= 5225959) AND (id <= 5226059))

table 4 : explain SELECT id FROM sbtest4 WHERE id BETWEEN 5225959 AND 5226059
	Index Only Scan using sbtest4_pkey on sbtest4  (cost=0.43..10.50 rows=103 width=4)
	  Index Cond: ((id >= 5225959) AND (id <= 5226059))

table 5 : explain SELECT id FROM sbtest5 WHERE id BETWEEN 5225959 AND 5226059
	Index Only Scan using sbtest5_pkey on sbtest5  (cost=0.43..10.22 rows=89 width=4)
	  Index Cond: ((id >= 5225959) AND (id <= 5226059))

table 6 : explain SELECT id FROM sbtest6 WHERE id BETWEEN 5225959 AND 5226059
	Index Only Scan using sbtest6_pkey on sbtest6  (cost=0.43..6.47 rows=102 width=4)
	  Index Cond: ((id >= 5225959) AND (id <= 5226059))

table 7 : explain SELECT id FROM sbtest7 WHERE id BETWEEN 5225959 AND 5226059
	Index Only Scan using sbtest7_pkey on sbtest7  (cost=0.43..10.33 rows=95 width=4)
	  Index Cond: ((id >= 5225959) AND (id <= 5226059))

table 8 : explain SELECT id FROM sbtest8 WHERE id BETWEEN 5225959 AND 5226059
	Index Only Scan using sbtest8_pkey on sbtest8  (cost=0.43..6.67 rows=112 width=4)
	  Index Cond: ((id >= 5225959) AND (id <= 5226059))

explain: for range-covered :: explain SELECT id FROM sbtest%d WHERE id BETWEEN 5225959 AND 5226059
for range-covered
table 1 : explain SELECT id FROM sbtest1 WHERE id BETWEEN 7244498 AND 7244598
	Index Only Scan using sbtest1_pkey on sbtest1  (cost=0.43..10.50 rows=103 width=4)
	  Index Cond: ((id >= 7244498) AND (id <= 7244598))

table 2 : explain SELECT id FROM sbtest2 WHERE id BETWEEN 7244498 AND 7244598
	Index Only Scan using sbtest2_pkey on sbtest2  (cost=0.43..6.67 rows=112 width=4)
	  Index Cond: ((id >= 7244498) AND (id <= 7244598))

table 3 : explain SELECT id FROM sbtest3 WHERE id BETWEEN 7244498 AND 7244598
	Index Only Scan using sbtest3_pkey on sbtest3  (cost=0.43..10.40 rows=98 width=4)
	  Index Cond: ((id >= 7244498) AND (id <= 7244598))

table 4 : explain SELECT id FROM sbtest4 WHERE id BETWEEN 7244498 AND 7244598
	Index Only Scan using sbtest4_pkey on sbtest4  (cost=0.43..10.40 rows=98 width=4)
	  Index Cond: ((id >= 7244498) AND (id <= 7244598))

table 5 : explain SELECT id FROM sbtest5 WHERE id BETWEEN 7244498 AND 7244598
	Index Only Scan using sbtest5_pkey on sbtest5  (cost=0.43..10.54 rows=105 width=4)
	  Index Cond: ((id >= 7244498) AND (id <= 7244598))

table 6 : explain SELECT id FROM sbtest6 WHERE id BETWEEN 7244498 AND 7244598
	Index Only Scan using sbtest6_pkey on sbtest6  (cost=0.43..6.33 rows=95 width=4)
	  Index Cond: ((id >= 7244498) AND (id <= 7244598))

table 7 : explain SELECT id FROM sbtest7 WHERE id BETWEEN 7244498 AND 7244598
	Index Only Scan using sbtest7_pkey on sbtest7  (cost=0.43..10.40 rows=98 width=4)
	  Index Cond: ((id >= 7244498) AND (id <= 7244598))

table 8 : explain SELECT id FROM sbtest8 WHERE id BETWEEN 7244498 AND 7244598
	Index Only Scan using sbtest8_pkey on sbtest8  (cost=0.43..6.72 rows=114 width=4)
	  Index Cond: ((id >= 7244498) AND (id <= 7244598))

for range-covered
table 1 : explain SELECT id FROM sbtest1 WHERE id BETWEEN 2528191 AND 2528291
	Index Only Scan using sbtest1_pkey on sbtest1  (cost=0.43..10.42 rows=99 width=4)
	  Index Cond: ((id >= 2528191) AND (id <= 2528291))

table 2 : explain SELECT id FROM sbtest2 WHERE id BETWEEN 2528191 AND 2528291
	Index Only Scan using sbtest2_pkey on sbtest2  (cost=0.43..6.40 rows=98 width=4)
	  Index Cond: ((id >= 2528191) AND (id <= 2528291))

table 3 : explain SELECT id FROM sbtest3 WHERE id BETWEEN 2528191 AND 2528291
	Index Only Scan using sbtest3_pkey on sbtest3  (cost=0.43..10.42 rows=99 width=4)
	  Index Cond: ((id >= 2528191) AND (id <= 2528291))

table 4 : explain SELECT id FROM sbtest4 WHERE id BETWEEN 2528191 AND 2528291
	Index Only Scan using sbtest4_pkey on sbtest4  (cost=0.43..10.68 rows=112 width=4)
	  Index Cond: ((id >= 2528191) AND (id <= 2528291))

table 5 : explain SELECT id FROM sbtest5 WHERE id BETWEEN 2528191 AND 2528291
	Index Only Scan using sbtest5_pkey on sbtest5  (cost=0.43..10.47 rows=102 width=4)
	  Index Cond: ((id >= 2528191) AND (id <= 2528291))

table 6 : explain SELECT id FROM sbtest6 WHERE id BETWEEN 2528191 AND 2528291
	Index Only Scan using sbtest6_pkey on sbtest6  (cost=0.43..6.66 rows=111 width=4)
	  Index Cond: ((id >= 2528191) AND (id <= 2528291))

table 7 : explain SELECT id FROM sbtest7 WHERE id BETWEEN 2528191 AND 2528291
	Index Only Scan using sbtest7_pkey on sbtest7  (cost=0.43..10.50 rows=103 width=4)
	  Index Cond: ((id >= 2528191) AND (id <= 2528291))

table 8 : explain SELECT id FROM sbtest8 WHERE id BETWEEN 2528191 AND 2528291
	Index Only Scan using sbtest8_pkey on sbtest8  (cost=0.43..6.25 rows=91 width=4)
	  Index Cond: ((id >= 2528191) AND (id <= 2528291))

explain: for range-covered :: explain SELECT id FROM sbtest%d WHERE id BETWEEN 2528191 AND 2528291
explain: for range-covered :: explain SELECT id FROM sbtest%d WHERE id BETWEEN 7244498 AND 7244598
for range-covered
table 1 : explain SELECT id FROM sbtest1 WHERE id BETWEEN 5225959 AND 5226059
	Index Only Scan using sbtest1_pkey on sbtest1  (cost=0.43..10.47 rows=102 width=4)
	  Index Cond: ((id >= 5225959) AND (id <= 5226059))

table 2 : explain SELECT id FROM sbtest2 WHERE id BETWEEN 5225959 AND 5226059
	Index Only Scan using sbtest2_pkey on sbtest2  (cost=0.43..6.37 rows=97 width=4)
	  Index Cond: ((id >= 5225959) AND (id <= 5226059))

table 3 : explain SELECT id FROM sbtest3 WHERE id BETWEEN 5225959 AND 5226059
	Index Only Scan using sbtest3_pkey on sbtest3  (cost=0.43..10.42 rows=99 width=4)
	  Index Cond: ((id >= 5225959) AND (id <= 5226059))

table 4 : explain SELECT id FROM sbtest4 WHERE id BETWEEN 5225959 AND 5226059
	Index Only Scan using sbtest4_pkey on sbtest4  (cost=0.43..10.50 rows=103 width=4)
	  Index Cond: ((id >= 5225959) AND (id <= 5226059))

table 5 : explain SELECT id FROM sbtest5 WHERE id BETWEEN 5225959 AND 5226059
	Index Only Scan using sbtest5_pkey on sbtest5  (cost=0.43..10.22 rows=89 width=4)
	  Index Cond: ((id >= 5225959) AND (id <= 5226059))

table 6 : explain SELECT id FROM sbtest6 WHERE id BETWEEN 5225959 AND 5226059
	Index Only Scan using sbtest6_pkey on sbtest6  (cost=0.43..6.47 rows=102 width=4)
	  Index Cond: ((id >= 5225959) AND (id <= 5226059))

table 7 : explain SELECT id FROM sbtest7 WHERE id BETWEEN 5225959 AND 5226059
	Index Only Scan using sbtest7_pkey on sbtest7  (cost=0.43..10.33 rows=95 width=4)
	  Index Cond: ((id >= 5225959) AND (id <= 5226059))

table 8 : explain SELECT id FROM sbtest8 WHERE id BETWEEN 5225959 AND 5226059
	Index Only Scan using sbtest8_pkey on sbtest8  (cost=0.43..6.67 rows=112 width=4)
	  Index Cond: ((id >= 5225959) AND (id <= 5226059))

explain: for range-covered :: explain SELECT id FROM sbtest%d WHERE id BETWEEN 5225959 AND 5226059
for range-covered
table 1 : explain SELECT id FROM sbtest1 WHERE id BETWEEN 2528191 AND 2528291
	Index Only Scan using sbtest1_pkey on sbtest1  (cost=0.43..10.42 rows=99 width=4)
	  Index Cond: ((id >= 2528191) AND (id <= 2528291))

table 2 : explain SELECT id FROM sbtest2 WHERE id BETWEEN 2528191 AND 2528291
	Index Only Scan using sbtest2_pkey on sbtest2  (cost=0.43..6.40 rows=98 width=4)
	  Index Cond: ((id >= 2528191) AND (id <= 2528291))

table 3 : explain SELECT id FROM sbtest3 WHERE id BETWEEN 2528191 AND 2528291
	Index Only Scan using sbtest3_pkey on sbtest3  (cost=0.43..10.42 rows=99 width=4)
	  Index Cond: ((id >= 2528191) AND (id <= 2528291))

table 4 : explain SELECT id FROM sbtest4 WHERE id BETWEEN 2528191 AND 2528291
	Index Only Scan using sbtest4_pkey on sbtest4  (cost=0.43..10.68 rows=112 width=4)
	  Index Cond: ((id >= 2528191) AND (id <= 2528291))

table 5 : explain SELECT id FROM sbtest5 WHERE id BETWEEN 2528191 AND 2528291
	Index Only Scan using sbtest5_pkey on sbtest5  (cost=0.43..10.47 rows=102 width=4)
	  Index Cond: ((id >= 2528191) AND (id <= 2528291))

table 6 : explain SELECT id FROM sbtest6 WHERE id BETWEEN 2528191 AND 2528291
	Index Only Scan using sbtest6_pkey on sbtest6  (cost=0.43..6.66 rows=111 width=4)
	  Index Cond: ((id >= 2528191) AND (id <= 2528291))

table 7 : explain SELECT id FROM sbtest7 WHERE id BETWEEN 2528191 AND 2528291
	Index Only Scan using sbtest7_pkey on sbtest7  (cost=0.43..10.50 rows=103 width=4)
	  Index Cond: ((id >= 2528191) AND (id <= 2528291))

table 8 : explain SELECT id FROM sbtest8 WHERE id BETWEEN 2528191 AND 2528291
	Index Only Scan using sbtest8_pkey on sbtest8  (cost=0.43..6.25 rows=91 width=4)
	  Index Cond: ((id >= 2528191) AND (id <= 2528291))

explain: for range-covered :: explain SELECT id FROM sbtest%d WHERE id BETWEEN 2528191 AND 2528291
for range-covered
table 1 : explain SELECT id FROM sbtest1 WHERE id BETWEEN 7244498 AND 7244598
	Index Only Scan using sbtest1_pkey on sbtest1  (cost=0.43..10.50 rows=103 width=4)
	  Index Cond: ((id >= 7244498) AND (id <= 7244598))

table 2 : explain SELECT id FROM sbtest2 WHERE id BETWEEN 7244498 AND 7244598
	Index Only Scan using sbtest2_pkey on sbtest2  (cost=0.43..6.67 rows=112 width=4)
	  Index Cond: ((id >= 7244498) AND (id <= 7244598))

table 3 : explain SELECT id FROM sbtest3 WHERE id BETWEEN 7244498 AND 7244598
	Index Only Scan using sbtest3_pkey on sbtest3  (cost=0.43..10.40 rows=98 width=4)
	  Index Cond: ((id >= 7244498) AND (id <= 7244598))

table 4 : explain SELECT id FROM sbtest4 WHERE id BETWEEN 7244498 AND 7244598
	Index Only Scan using sbtest4_pkey on sbtest4  (cost=0.43..10.40 rows=98 width=4)
	  Index Cond: ((id >= 7244498) AND (id <= 7244598))

table 5 : explain SELECT id FROM sbtest5 WHERE id BETWEEN 7244498 AND 7244598
	Index Only Scan using sbtest5_pkey on sbtest5  (cost=0.43..10.54 rows=105 width=4)
	  Index Cond: ((id >= 7244498) AND (id <= 7244598))

table 6 : explain SELECT id FROM sbtest6 WHERE id BETWEEN 7244498 AND 7244598
	Index Only Scan using sbtest6_pkey on sbtest6  (cost=0.43..6.33 rows=95 width=4)
	  Index Cond: ((id >= 7244498) AND (id <= 7244598))

table 7 : explain SELECT id FROM sbtest7 WHERE id BETWEEN 7244498 AND 7244598
	Index Only Scan using sbtest7_pkey on sbtest7  (cost=0.43..10.40 rows=98 width=4)
	  Index Cond: ((id >= 7244498) AND (id <= 7244598))

table 8 : explain SELECT id FROM sbtest8 WHERE id BETWEEN 7244498 AND 7244598
	Index Only Scan using sbtest8_pkey on sbtest8  (cost=0.43..6.72 rows=114 width=4)
	  Index Cond: ((id >= 7244498) AND (id <= 7244598))

for range-covered
table 1 : explain SELECT id FROM sbtest1 WHERE id BETWEEN 5225959 AND 5226059
	Index Only Scan using sbtest1_pkey on sbtest1  (cost=0.43..10.47 rows=102 width=4)
	  Index Cond: ((id >= 5225959) AND (id <= 5226059))

table 2 : explain SELECT id FROM sbtest2 WHERE id BETWEEN 5225959 AND 5226059
	Index Only Scan using sbtest2_pkey on sbtest2  (cost=0.43..6.37 rows=97 width=4)
	  Index Cond: ((id >= 5225959) AND (id <= 5226059))

table 3 : explain SELECT id FROM sbtest3 WHERE id BETWEEN 5225959 AND 5226059
	Index Only Scan using sbtest3_pkey on sbtest3  (cost=0.43..10.42 rows=99 width=4)
	  Index Cond: ((id >= 5225959) AND (id <= 5226059))

table 4 : explain SELECT id FROM sbtest4 WHERE id BETWEEN 5225959 AND 5226059
	Index Only Scan using sbtest4_pkey on sbtest4  (cost=0.43..10.50 rows=103 width=4)
	  Index Cond: ((id >= 5225959) AND (id <= 5226059))

table 5 : explain SELECT id FROM sbtest5 WHERE id BETWEEN 5225959 AND 5226059
	Index Only Scan using sbtest5_pkey on sbtest5  (cost=0.43..10.22 rows=89 width=4)
	  Index Cond: ((id >= 5225959) AND (id <= 5226059))

table 6 : explain SELECT id FROM sbtest6 WHERE id BETWEEN 5225959 AND 5226059
	Index Only Scan using sbtest6_pkey on sbtest6  (cost=0.43..6.47 rows=102 width=4)
	  Index Cond: ((id >= 5225959) AND (id <= 5226059))

table 7 : explain SELECT id FROM sbtest7 WHERE id BETWEEN 5225959 AND 5226059
	Index Only Scan using sbtest7_pkey on sbtest7  (cost=0.43..10.33 rows=95 width=4)
	  Index Cond: ((id >= 5225959) AND (id <= 5226059))

table 8 : explain SELECT id FROM sbtest8 WHERE id BETWEEN 5225959 AND 5226059
	Index Only Scan using sbtest8_pkey on sbtest8  (cost=0.43..6.67 rows=112 width=4)
	  Index Cond: ((id >= 5225959) AND (id <= 5226059))

explain: for range-covered :: explain SELECT id FROM sbtest%d WHERE id BETWEEN 7244498 AND 7244598
explain: for range-covered :: explain SELECT id FROM sbtest%d WHERE id BETWEEN 5225959 AND 5226059
for range-covered
table 1 : explain SELECT id FROM sbtest1 WHERE id BETWEEN 2528191 AND 2528291
	Index Only Scan using sbtest1_pkey on sbtest1  (cost=0.43..10.42 rows=99 width=4)
	  Index Cond: ((id >= 2528191) AND (id <= 2528291))

table 2 : explain SELECT id FROM sbtest2 WHERE id BETWEEN 2528191 AND 2528291
	Index Only Scan using sbtest2_pkey on sbtest2  (cost=0.43..6.40 rows=98 width=4)
	  Index Cond: ((id >= 2528191) AND (id <= 2528291))

table 3 : explain SELECT id FROM sbtest3 WHERE id BETWEEN 2528191 AND 2528291
	Index Only Scan using sbtest3_pkey on sbtest3  (cost=0.43..10.42 rows=99 width=4)
	  Index Cond: ((id >= 2528191) AND (id <= 2528291))

table 4 : explain SELECT id FROM sbtest4 WHERE id BETWEEN 2528191 AND 2528291
	Index Only Scan using sbtest4_pkey on sbtest4  (cost=0.43..10.68 rows=112 width=4)
	  Index Cond: ((id >= 2528191) AND (id <= 2528291))

table 5 : explain SELECT id FROM sbtest5 WHERE id BETWEEN 2528191 AND 2528291
	Index Only Scan using sbtest5_pkey on sbtest5  (cost=0.43..10.47 rows=102 width=4)
	  Index Cond: ((id >= 2528191) AND (id <= 2528291))

table 6 : explain SELECT id FROM sbtest6 WHERE id BETWEEN 2528191 AND 2528291
	Index Only Scan using sbtest6_pkey on sbtest6  (cost=0.43..6.66 rows=111 width=4)
	  Index Cond: ((id >= 2528191) AND (id <= 2528291))

table 7 : explain SELECT id FROM sbtest7 WHERE id BETWEEN 2528191 AND 2528291
	Index Only Scan using sbtest7_pkey on sbtest7  (cost=0.43..10.50 rows=103 width=4)
	  Index Cond: ((id >= 2528191) AND (id <= 2528291))

table 8 : explain SELECT id FROM sbtest8 WHERE id BETWEEN 2528191 AND 2528291
	Index Only Scan using sbtest8_pkey on sbtest8  (cost=0.43..6.25 rows=91 width=4)
	  Index Cond: ((id >= 2528191) AND (id <= 2528291))

explain: for range-covered :: explain SELECT id FROM sbtest%d WHERE id BETWEEN 2528191 AND 2528291
for range-covered
table 1 : explain SELECT id FROM sbtest1 WHERE id BETWEEN 7244498 AND 7244598
	Index Only Scan using sbtest1_pkey on sbtest1  (cost=0.43..10.50 rows=103 width=4)
	  Index Cond: ((id >= 7244498) AND (id <= 7244598))

table 2 : explain SELECT id FROM sbtest2 WHERE id BETWEEN 7244498 AND 7244598
	Index Only Scan using sbtest2_pkey on sbtest2  (cost=0.43..6.67 rows=112 width=4)
	  Index Cond: ((id >= 7244498) AND (id <= 7244598))

table 3 : explain SELECT id FROM sbtest3 WHERE id BETWEEN 7244498 AND 7244598
	Index Only Scan using sbtest3_pkey on sbtest3  (cost=0.43..10.40 rows=98 width=4)
	  Index Cond: ((id >= 7244498) AND (id <= 7244598))

table 4 : explain SELECT id FROM sbtest4 WHERE id BETWEEN 7244498 AND 7244598
	Index Only Scan using sbtest4_pkey on sbtest4  (cost=0.43..10.40 rows=98 width=4)
	  Index Cond: ((id >= 7244498) AND (id <= 7244598))

table 5 : explain SELECT id FROM sbtest5 WHERE id BETWEEN 7244498 AND 7244598
	Index Only Scan using sbtest5_pkey on sbtest5  (cost=0.43..10.54 rows=105 width=4)
	  Index Cond: ((id >= 7244498) AND (id <= 7244598))

table 6 : explain SELECT id FROM sbtest6 WHERE id BETWEEN 7244498 AND 7244598
	Index Only Scan using sbtest6_pkey on sbtest6  (cost=0.43..6.33 rows=95 width=4)
	  Index Cond: ((id >= 7244498) AND (id <= 7244598))

table 7 : explain SELECT id FROM sbtest7 WHERE id BETWEEN 7244498 AND 7244598
	Index Only Scan using sbtest7_pkey on sbtest7  (cost=0.43..10.40 rows=98 width=4)
	  Index Cond: ((id >= 7244498) AND (id <= 7244598))

table 8 : explain SELECT id FROM sbtest8 WHERE id BETWEEN 7244498 AND 7244598
	Index Only Scan using sbtest8_pkey on sbtest8  (cost=0.43..6.72 rows=114 width=4)
	  Index Cond: ((id >= 7244498) AND (id <= 7244598))

for range-covered
table 1 : explain SELECT id FROM sbtest1 WHERE id BETWEEN 5225959 AND 5226059
	Index Only Scan using sbtest1_pkey on sbtest1  (cost=0.43..10.47 rows=102 width=4)
	  Index Cond: ((id >= 5225959) AND (id <= 5226059))

table 2 : explain SELECT id FROM sbtest2 WHERE id BETWEEN 5225959 AND 5226059
	Index Only Scan using sbtest2_pkey on sbtest2  (cost=0.43..6.37 rows=97 width=4)
	  Index Cond: ((id >= 5225959) AND (id <= 5226059))

table 3 : explain SELECT id FROM sbtest3 WHERE id BETWEEN 5225959 AND 5226059
	Index Only Scan using sbtest3_pkey on sbtest3  (cost=0.43..10.42 rows=99 width=4)
	  Index Cond: ((id >= 5225959) AND (id <= 5226059))

table 4 : explain SELECT id FROM sbtest4 WHERE id BETWEEN 5225959 AND 5226059
	Index Only Scan using sbtest4_pkey on sbtest4  (cost=0.43..10.50 rows=103 width=4)
	  Index Cond: ((id >= 5225959) AND (id <= 5226059))

table 5 : explain SELECT id FROM sbtest5 WHERE id BETWEEN 5225959 AND 5226059
	Index Only Scan using sbtest5_pkey on sbtest5  (cost=0.43..10.22 rows=89 width=4)
	  Index Cond: ((id >= 5225959) AND (id <= 5226059))

table 6 : explain SELECT id FROM sbtest6 WHERE id BETWEEN 5225959 AND 5226059
	Index Only Scan using sbtest6_pkey on sbtest6  (cost=0.43..6.47 rows=102 width=4)
	  Index Cond: ((id >= 5225959) AND (id <= 5226059))

table 7 : explain SELECT id FROM sbtest7 WHERE id BETWEEN 5225959 AND 5226059
	Index Only Scan using sbtest7_pkey on sbtest7  (cost=0.43..10.33 rows=95 width=4)
	  Index Cond: ((id >= 5225959) AND (id <= 5226059))

table 8 : explain SELECT id FROM sbtest8 WHERE id BETWEEN 5225959 AND 5226059
	Index Only Scan using sbtest8_pkey on sbtest8  (cost=0.43..6.67 rows=112 width=4)
	  Index Cond: ((id >= 5225959) AND (id <= 5226059))

explain: for range-covered :: explain SELECT id FROM sbtest%d WHERE id BETWEEN 7244498 AND 7244598
explain: for range-covered :: explain SELECT id FROM sbtest%d WHERE id BETWEEN 5225959 AND 5226059
for range-covered
table 1 : explain SELECT id FROM sbtest1 WHERE id BETWEEN 2528191 AND 2528291
	Index Only Scan using sbtest1_pkey on sbtest1  (cost=0.43..10.42 rows=99 width=4)
	  Index Cond: ((id >= 2528191) AND (id <= 2528291))

table 2 : explain SELECT id FROM sbtest2 WHERE id BETWEEN 2528191 AND 2528291
	Index Only Scan using sbtest2_pkey on sbtest2  (cost=0.43..6.40 rows=98 width=4)
	  Index Cond: ((id >= 2528191) AND (id <= 2528291))

table 3 : explain SELECT id FROM sbtest3 WHERE id BETWEEN 2528191 AND 2528291
	Index Only Scan using sbtest3_pkey on sbtest3  (cost=0.43..10.42 rows=99 width=4)
	  Index Cond: ((id >= 2528191) AND (id <= 2528291))

table 4 : explain SELECT id FROM sbtest4 WHERE id BETWEEN 2528191 AND 2528291
	Index Only Scan using sbtest4_pkey on sbtest4  (cost=0.43..10.68 rows=112 width=4)
	  Index Cond: ((id >= 2528191) AND (id <= 2528291))

table 5 : explain SELECT id FROM sbtest5 WHERE id BETWEEN 2528191 AND 2528291
	Index Only Scan using sbtest5_pkey on sbtest5  (cost=0.43..10.47 rows=102 width=4)
	  Index Cond: ((id >= 2528191) AND (id <= 2528291))

table 6 : explain SELECT id FROM sbtest6 WHERE id BETWEEN 2528191 AND 2528291
	Index Only Scan using sbtest6_pkey on sbtest6  (cost=0.43..6.66 rows=111 width=4)
	  Index Cond: ((id >= 2528191) AND (id <= 2528291))

table 7 : explain SELECT id FROM sbtest7 WHERE id BETWEEN 2528191 AND 2528291
	Index Only Scan using sbtest7_pkey on sbtest7  (cost=0.43..10.50 rows=103 width=4)
	  Index Cond: ((id >= 2528191) AND (id <= 2528291))

table 8 : explain SELECT id FROM sbtest8 WHERE id BETWEEN 2528191 AND 2528291
	Index Only Scan using sbtest8_pkey on sbtest8  (cost=0.43..6.25 rows=91 width=4)
	  Index Cond: ((id >= 2528191) AND (id <= 2528291))

explain: for range-covered :: explain SELECT id FROM sbtest%d WHERE id BETWEEN 2528191 AND 2528291
for range-covered
table 1 : explain SELECT id FROM sbtest1 WHERE id BETWEEN 7244498 AND 7244598
	Index Only Scan using sbtest1_pkey on sbtest1  (cost=0.43..10.50 rows=103 width=4)
	  Index Cond: ((id >= 7244498) AND (id <= 7244598))

table 2 : explain SELECT id FROM sbtest2 WHERE id BETWEEN 7244498 AND 7244598
	Index Only Scan using sbtest2_pkey on sbtest2  (cost=0.43..6.67 rows=112 width=4)
	  Index Cond: ((id >= 7244498) AND (id <= 7244598))

table 3 : explain SELECT id FROM sbtest3 WHERE id BETWEEN 7244498 AND 7244598
	Index Only Scan using sbtest3_pkey on sbtest3  (cost=0.43..10.40 rows=98 width=4)
	  Index Cond: ((id >= 7244498) AND (id <= 7244598))

table 4 : explain SELECT id FROM sbtest4 WHERE id BETWEEN 7244498 AND 7244598
	Index Only Scan using sbtest4_pkey on sbtest4  (cost=0.43..10.40 rows=98 width=4)
	  Index Cond: ((id >= 7244498) AND (id <= 7244598))

table 5 : explain SELECT id FROM sbtest5 WHERE id BETWEEN 7244498 AND 7244598
	Index Only Scan using sbtest5_pkey on sbtest5  (cost=0.43..10.54 rows=105 width=4)
	  Index Cond: ((id >= 7244498) AND (id <= 7244598))

table 6 : explain SELECT id FROM sbtest6 WHERE id BETWEEN 7244498 AND 7244598
	Index Only Scan using sbtest6_pkey on sbtest6  (cost=0.43..6.33 rows=95 width=4)
	  Index Cond: ((id >= 7244498) AND (id <= 7244598))

table 7 : explain SELECT id FROM sbtest7 WHERE id BETWEEN 7244498 AND 7244598
	Index Only Scan using sbtest7_pkey on sbtest7  (cost=0.43..10.40 rows=98 width=4)
	  Index Cond: ((id >= 7244498) AND (id <= 7244598))

table 8 : explain SELECT id FROM sbtest8 WHERE id BETWEEN 7244498 AND 7244598
	Index Only Scan using sbtest8_pkey on sbtest8  (cost=0.43..6.72 rows=114 width=4)
	  Index Cond: ((id >= 7244498) AND (id <= 7244598))

for range-covered
table 1 : explain SELECT id FROM sbtest1 WHERE id BETWEEN 5225959 AND 5226059
	Index Only Scan using sbtest1_pkey on sbtest1  (cost=0.43..10.47 rows=102 width=4)
	  Index Cond: ((id >= 5225959) AND (id <= 5226059))

table 2 : explain SELECT id FROM sbtest2 WHERE id BETWEEN 5225959 AND 5226059
	Index Only Scan using sbtest2_pkey on sbtest2  (cost=0.43..6.37 rows=97 width=4)
	  Index Cond: ((id >= 5225959) AND (id <= 5226059))

table 3 : explain SELECT id FROM sbtest3 WHERE id BETWEEN 5225959 AND 5226059
	Index Only Scan using sbtest3_pkey on sbtest3  (cost=0.43..10.42 rows=99 width=4)
	  Index Cond: ((id >= 5225959) AND (id <= 5226059))

table 4 : explain SELECT id FROM sbtest4 WHERE id BETWEEN 5225959 AND 5226059
	Index Only Scan using sbtest4_pkey on sbtest4  (cost=0.43..10.50 rows=103 width=4)
	  Index Cond: ((id >= 5225959) AND (id <= 5226059))

table 5 : explain SELECT id FROM sbtest5 WHERE id BETWEEN 5225959 AND 5226059
	Index Only Scan using sbtest5_pkey on sbtest5  (cost=0.43..10.22 rows=89 width=4)
	  Index Cond: ((id >= 5225959) AND (id <= 5226059))

table 6 : explain SELECT id FROM sbtest6 WHERE id BETWEEN 5225959 AND 5226059
	Index Only Scan using sbtest6_pkey on sbtest6  (cost=0.43..6.47 rows=102 width=4)
	  Index Cond: ((id >= 5225959) AND (id <= 5226059))

table 7 : explain SELECT id FROM sbtest7 WHERE id BETWEEN 5225959 AND 5226059
	Index Only Scan using sbtest7_pkey on sbtest7  (cost=0.43..10.33 rows=95 width=4)
	  Index Cond: ((id >= 5225959) AND (id <= 5226059))

table 8 : explain SELECT id FROM sbtest8 WHERE id BETWEEN 5225959 AND 5226059
	Index Only Scan using sbtest8_pkey on sbtest8  (cost=0.43..6.67 rows=112 width=4)
	  Index Cond: ((id >= 5225959) AND (id <= 5226059))

explain: for range-covered :: explain SELECT id FROM sbtest%d WHERE id BETWEEN 7244498 AND 7244598
explain: for range-covered :: explain SELECT id FROM sbtest%d WHERE id BETWEEN 5225959 AND 5226059
for range-covered
table 1 : explain SELECT id FROM sbtest1 WHERE id BETWEEN 2528191 AND 2528291
	Index Only Scan using sbtest1_pkey on sbtest1  (cost=0.43..10.42 rows=99 width=4)
	  Index Cond: ((id >= 2528191) AND (id <= 2528291))

table 2 : explain SELECT id FROM sbtest2 WHERE id BETWEEN 2528191 AND 2528291
	Index Only Scan using sbtest2_pkey on sbtest2  (cost=0.43..6.40 rows=98 width=4)
	  Index Cond: ((id >= 2528191) AND (id <= 2528291))

table 3 : explain SELECT id FROM sbtest3 WHERE id BETWEEN 2528191 AND 2528291
	Index Only Scan using sbtest3_pkey on sbtest3  (cost=0.43..10.42 rows=99 width=4)
	  Index Cond: ((id >= 2528191) AND (id <= 2528291))

table 4 : explain SELECT id FROM sbtest4 WHERE id BETWEEN 2528191 AND 2528291
	Index Only Scan using sbtest4_pkey on sbtest4  (cost=0.43..10.68 rows=112 width=4)
	  Index Cond: ((id >= 2528191) AND (id <= 2528291))

table 5 : explain SELECT id FROM sbtest5 WHERE id BETWEEN 2528191 AND 2528291
	Index Only Scan using sbtest5_pkey on sbtest5  (cost=0.43..10.47 rows=102 width=4)
	  Index Cond: ((id >= 2528191) AND (id <= 2528291))

table 6 : explain SELECT id FROM sbtest6 WHERE id BETWEEN 2528191 AND 2528291
	Index Only Scan using sbtest6_pkey on sbtest6  (cost=0.43..6.66 rows=111 width=4)
	  Index Cond: ((id >= 2528191) AND (id <= 2528291))

table 7 : explain SELECT id FROM sbtest7 WHERE id BETWEEN 2528191 AND 2528291
	Index Only Scan using sbtest7_pkey on sbtest7  (cost=0.43..10.50 rows=103 width=4)
	  Index Cond: ((id >= 2528191) AND (id <= 2528291))

table 8 : explain SELECT id FROM sbtest8 WHERE id BETWEEN 2528191 AND 2528291
	Index Only Scan using sbtest8_pkey on sbtest8  (cost=0.43..6.25 rows=91 width=4)
	  Index Cond: ((id >= 2528191) AND (id <= 2528291))

explain: for range-covered :: explain SELECT id FROM sbtest%d WHERE id BETWEEN 2528191 AND 2528291
for range-covered
table 1 : explain SELECT id FROM sbtest1 WHERE id BETWEEN 7244498 AND 7244598
	Index Only Scan using sbtest1_pkey on sbtest1  (cost=0.43..10.50 rows=103 width=4)
	  Index Cond: ((id >= 7244498) AND (id <= 7244598))

table 2 : explain SELECT id FROM sbtest2 WHERE id BETWEEN 7244498 AND 7244598
	Index Only Scan using sbtest2_pkey on sbtest2  (cost=0.43..6.67 rows=112 width=4)
	  Index Cond: ((id >= 7244498) AND (id <= 7244598))

table 3 : explain SELECT id FROM sbtest3 WHERE id BETWEEN 7244498 AND 7244598
	Index Only Scan using sbtest3_pkey on sbtest3  (cost=0.43..10.40 rows=98 width=4)
	  Index Cond: ((id >= 7244498) AND (id <= 7244598))

table 4 : explain SELECT id FROM sbtest4 WHERE id BETWEEN 7244498 AND 7244598
	Index Only Scan using sbtest4_pkey on sbtest4  (cost=0.43..10.40 rows=98 width=4)
	  Index Cond: ((id >= 7244498) AND (id <= 7244598))

table 5 : explain SELECT id FROM sbtest5 WHERE id BETWEEN 7244498 AND 7244598
	Index Only Scan using sbtest5_pkey on sbtest5  (cost=0.43..10.54 rows=105 width=4)
	  Index Cond: ((id >= 7244498) AND (id <= 7244598))

table 6 : explain SELECT id FROM sbtest6 WHERE id BETWEEN 7244498 AND 7244598
	Index Only Scan using sbtest6_pkey on sbtest6  (cost=0.43..6.33 rows=95 width=4)
	  Index Cond: ((id >= 7244498) AND (id <= 7244598))

table 7 : explain SELECT id FROM sbtest7 WHERE id BETWEEN 7244498 AND 7244598
	Index Only Scan using sbtest7_pkey on sbtest7  (cost=0.43..10.40 rows=98 width=4)
	  Index Cond: ((id >= 7244498) AND (id <= 7244598))

table 8 : explain SELECT id FROM sbtest8 WHERE id BETWEEN 7244498 AND 7244598
	Index Only Scan using sbtest8_pkey on sbtest8  (cost=0.43..6.72 rows=114 width=4)
	  Index Cond: ((id >= 7244498) AND (id <= 7244598))

for range-covered
table 1 : explain SELECT id FROM sbtest1 WHERE id BETWEEN 5225959 AND 5226059
	Index Only Scan using sbtest1_pkey on sbtest1  (cost=0.43..10.47 rows=102 width=4)
	  Index Cond: ((id >= 5225959) AND (id <= 5226059))

table 2 : explain SELECT id FROM sbtest2 WHERE id BETWEEN 5225959 AND 5226059
	Index Only Scan using sbtest2_pkey on sbtest2  (cost=0.43..6.37 rows=97 width=4)
	  Index Cond: ((id >= 5225959) AND (id <= 5226059))

table 3 : explain SELECT id FROM sbtest3 WHERE id BETWEEN 5225959 AND 5226059
	Index Only Scan using sbtest3_pkey on sbtest3  (cost=0.43..10.42 rows=99 width=4)
	  Index Cond: ((id >= 5225959) AND (id <= 5226059))

table 4 : explain SELECT id FROM sbtest4 WHERE id BETWEEN 5225959 AND 5226059
	Index Only Scan using sbtest4_pkey on sbtest4  (cost=0.43..10.50 rows=103 width=4)
	  Index Cond: ((id >= 5225959) AND (id <= 5226059))

table 5 : explain SELECT id FROM sbtest5 WHERE id BETWEEN 5225959 AND 5226059
	Index Only Scan using sbtest5_pkey on sbtest5  (cost=0.43..10.22 rows=89 width=4)
	  Index Cond: ((id >= 5225959) AND (id <= 5226059))

table 6 : explain SELECT id FROM sbtest6 WHERE id BETWEEN 5225959 AND 5226059
	Index Only Scan using sbtest6_pkey on sbtest6  (cost=0.43..6.47 rows=102 width=4)
	  Index Cond: ((id >= 5225959) AND (id <= 5226059))

table 7 : explain SELECT id FROM sbtest7 WHERE id BETWEEN 5225959 AND 5226059
	Index Only Scan using sbtest7_pkey on sbtest7  (cost=0.43..10.33 rows=95 width=4)
	  Index Cond: ((id >= 5225959) AND (id <= 5226059))

table 8 : explain SELECT id FROM sbtest8 WHERE id BETWEEN 5225959 AND 5226059
	Index Only Scan using sbtest8_pkey on sbtest8  (cost=0.43..6.67 rows=112 width=4)
	  Index Cond: ((id >= 5225959) AND (id <= 5226059))

explain: for range-covered :: explain SELECT id FROM sbtest%d WHERE id BETWEEN 7244498 AND 7244598
explain: for range-covered :: explain SELECT id FROM sbtest%d WHERE id BETWEEN 5225959 AND 5226059
for range-covered
table 1 : explain SELECT id FROM sbtest1 WHERE id BETWEEN 2528191 AND 2528291
	Index Only Scan using sbtest1_pkey on sbtest1  (cost=0.43..10.42 rows=99 width=4)
	  Index Cond: ((id >= 2528191) AND (id <= 2528291))

table 2 : explain SELECT id FROM sbtest2 WHERE id BETWEEN 2528191 AND 2528291
	Index Only Scan using sbtest2_pkey on sbtest2  (cost=0.43..6.40 rows=98 width=4)
	  Index Cond: ((id >= 2528191) AND (id <= 2528291))

table 3 : explain SELECT id FROM sbtest3 WHERE id BETWEEN 2528191 AND 2528291
	Index Only Scan using sbtest3_pkey on sbtest3  (cost=0.43..10.42 rows=99 width=4)
	  Index Cond: ((id >= 2528191) AND (id <= 2528291))

table 4 : explain SELECT id FROM sbtest4 WHERE id BETWEEN 2528191 AND 2528291
	Index Only Scan using sbtest4_pkey on sbtest4  (cost=0.43..10.68 rows=112 width=4)
	  Index Cond: ((id >= 2528191) AND (id <= 2528291))

table 5 : explain SELECT id FROM sbtest5 WHERE id BETWEEN 2528191 AND 2528291
	Index Only Scan using sbtest5_pkey on sbtest5  (cost=0.43..10.47 rows=102 width=4)
	  Index Cond: ((id >= 2528191) AND (id <= 2528291))

table 6 : explain SELECT id FROM sbtest6 WHERE id BETWEEN 2528191 AND 2528291
	Index Only Scan using sbtest6_pkey on sbtest6  (cost=0.43..6.66 rows=111 width=4)
	  Index Cond: ((id >= 2528191) AND (id <= 2528291))

table 7 : explain SELECT id FROM sbtest7 WHERE id BETWEEN 2528191 AND 2528291
	Index Only Scan using sbtest7_pkey on sbtest7  (cost=0.43..10.50 rows=103 width=4)
	  Index Cond: ((id >= 2528191) AND (id <= 2528291))

table 8 : explain SELECT id FROM sbtest8 WHERE id BETWEEN 2528191 AND 2528291
	Index Only Scan using sbtest8_pkey on sbtest8  (cost=0.43..6.25 rows=91 width=4)
	  Index Cond: ((id >= 2528191) AND (id <= 2528291))

explain: for range-covered :: explain SELECT id FROM sbtest%d WHERE id BETWEEN 2528191 AND 2528291
for range-covered
table 1 : explain SELECT id FROM sbtest1 WHERE id BETWEEN 4699865 AND 4699965
	Index Only Scan using sbtest1_pkey on sbtest1  (cost=0.43..10.44 rows=100 width=4)
	  Index Cond: ((id >= 4699865) AND (id <= 4699965))

table 2 : explain SELECT id FROM sbtest2 WHERE id BETWEEN 4699865 AND 4699965
	Index Only Scan using sbtest2_pkey on sbtest2  (cost=0.43..6.33 rows=95 width=4)
	  Index Cond: ((id >= 4699865) AND (id <= 4699965))

table 3 : explain SELECT id FROM sbtest3 WHERE id BETWEEN 4699865 AND 4699965
	Index Only Scan using sbtest3_pkey on sbtest3  (cost=0.43..10.26 rows=91 width=4)
	  Index Cond: ((id >= 4699865) AND (id <= 4699965))

table 4 : explain SELECT id FROM sbtest4 WHERE id BETWEEN 4699865 AND 4699965
	Index Only Scan using sbtest4_pkey on sbtest4  (cost=0.43..10.26 rows=91 width=4)
	  Index Cond: ((id >= 4699865) AND (id <= 4699965))

table 5 : explain SELECT id FROM sbtest5 WHERE id BETWEEN 4699865 AND 4699965
	Index Only Scan using sbtest5_pkey on sbtest5  (cost=0.43..10.44 rows=100 width=4)
	  Index Cond: ((id >= 4699865) AND (id <= 4699965))

table 6 : explain SELECT id FROM sbtest6 WHERE id BETWEEN 4699865 AND 4699965
	Index Only Scan using sbtest6_pkey on sbtest6  (cost=0.43..6.35 rows=96 width=4)
	  Index Cond: ((id >= 4699865) AND (id <= 4699965))

table 7 : explain SELECT id FROM sbtest7 WHERE id BETWEEN 4699865 AND 4699965
	Index Only Scan using sbtest7_pkey on sbtest7  (cost=0.43..10.51 rows=104 width=4)
	  Index Cond: ((id >= 4699865) AND (id <= 4699965))

table 8 : explain SELECT id FROM sbtest8 WHERE id BETWEEN 4699865 AND 4699965
	Index Only Scan using sbtest8_pkey on sbtest8  (cost=0.43..6.37 rows=97 width=4)
	  Index Cond: ((id >= 4699865) AND (id <= 4699965))

explain: for range-covered :: explain SELECT id FROM sbtest%d WHERE id BETWEEN 4699865 AND 4699965
for range-covered
table 1 : explain SELECT id FROM sbtest1 WHERE id BETWEEN 7244498 AND 7244598
	Index Only Scan using sbtest1_pkey on sbtest1  (cost=0.43..10.50 rows=103 width=4)
	  Index Cond: ((id >= 7244498) AND (id <= 7244598))

table 2 : explain SELECT id FROM sbtest2 WHERE id BETWEEN 7244498 AND 7244598
	Index Only Scan using sbtest2_pkey on sbtest2  (cost=0.43..6.67 rows=112 width=4)
	  Index Cond: ((id >= 7244498) AND (id <= 7244598))

table 3 : explain SELECT id FROM sbtest3 WHERE id BETWEEN 7244498 AND 7244598
	Index Only Scan using sbtest3_pkey on sbtest3  (cost=0.43..10.40 rows=98 width=4)
	  Index Cond: ((id >= 7244498) AND (id <= 7244598))

table 4 : explain SELECT id FROM sbtest4 WHERE id BETWEEN 7244498 AND 7244598
	Index Only Scan using sbtest4_pkey on sbtest4  (cost=0.43..10.40 rows=98 width=4)
	  Index Cond: ((id >= 7244498) AND (id <= 7244598))

table 5 : explain SELECT id FROM sbtest5 WHERE id BETWEEN 7244498 AND 7244598
	Index Only Scan using sbtest5_pkey on sbtest5  (cost=0.43..10.54 rows=105 width=4)
	  Index Cond: ((id >= 7244498) AND (id <= 7244598))

table 6 : explain SELECT id FROM sbtest6 WHERE id BETWEEN 7244498 AND 7244598
	Index Only Scan using sbtest6_pkey on sbtest6  (cost=0.43..6.33 rows=95 width=4)
	  Index Cond: ((id >= 7244498) AND (id <= 7244598))

table 7 : explain SELECT id FROM sbtest7 WHERE id BETWEEN 7244498 AND 7244598
	Index Only Scan using sbtest7_pkey on sbtest7  (cost=0.43..10.40 rows=98 width=4)
	  Index Cond: ((id >= 7244498) AND (id <= 7244598))

table 8 : explain SELECT id FROM sbtest8 WHERE id BETWEEN 7244498 AND 7244598
	Index Only Scan using sbtest8_pkey on sbtest8  (cost=0.43..6.72 rows=114 width=4)
	  Index Cond: ((id >= 7244498) AND (id <= 7244598))

for range-covered
table 1 : explain SELECT id FROM sbtest1 WHERE id BETWEEN 8167824 AND 8167924
	Index Only Scan using sbtest1_pkey on sbtest1  (cost=0.43..10.54 rows=105 width=4)
	  Index Cond: ((id >= 8167824) AND (id <= 8167924))

table 2 : explain SELECT id FROM sbtest2 WHERE id BETWEEN 8167824 AND 8167924
	Index Only Scan using sbtest2_pkey on sbtest2  (cost=0.43..6.69 rows=113 width=4)
	  Index Cond: ((id >= 8167824) AND (id <= 8167924))

table 3 : explain SELECT id FROM sbtest3 WHERE id BETWEEN 8167824 AND 8167924
	Index Only Scan using sbtest3_pkey on sbtest3  (cost=0.43..10.68 rows=112 width=4)
	  Index Cond: ((id >= 8167824) AND (id <= 8167924))

table 4 : explain SELECT id FROM sbtest4 WHERE id BETWEEN 8167824 AND 8167924
	Index Only Scan using sbtest4_pkey on sbtest4  (cost=0.43..10.47 rows=102 width=4)
	  Index Cond: ((id >= 8167824) AND (id <= 8167924))

table 5 : explain SELECT id FROM sbtest5 WHERE id BETWEEN 8167824 AND 8167924
	Index Only Scan using sbtest5_pkey on sbtest5  (cost=0.43..10.36 rows=96 width=4)
	  Index Cond: ((id >= 8167824) AND (id <= 8167924))

table 6 : explain SELECT id FROM sbtest6 WHERE id BETWEEN 8167824 AND 8167924
	Index Only Scan using sbtest6_pkey on sbtest6  (cost=0.43..6.25 rows=91 width=4)
	  Index Cond: ((id >= 8167824) AND (id <= 8167924))

table 7 : explain SELECT id FROM sbtest7 WHERE id BETWEEN 8167824 AND 8167924
	Index Only Scan using sbtest7_pkey on sbtest7  (cost=0.43..10.26 rows=91 width=4)
	  Index Cond: ((id >= 8167824) AND (id <= 8167924))

table 8 : explain SELECT id FROM sbtest8 WHERE id BETWEEN 8167824 AND 8167924
	Index Only Scan using sbtest8_pkey on sbtest8  (cost=0.43..6.32 rows=94 width=4)
	  Index Cond: ((id >= 8167824) AND (id <= 8167924))

explain: for range-covered :: explain SELECT id FROM sbtest%d WHERE id BETWEEN 8167824 AND 8167924
for range-covered
table 1 : explain SELECT id FROM sbtest1 WHERE id BETWEEN 4699865 AND 4699965
	Index Only Scan using sbtest1_pkey on sbtest1  (cost=0.43..10.44 rows=100 width=4)
	  Index Cond: ((id >= 4699865) AND (id <= 4699965))

table 2 : explain SELECT id FROM sbtest2 WHERE id BETWEEN 4699865 AND 4699965
	Index Only Scan using sbtest2_pkey on sbtest2  (cost=0.43..6.33 rows=95 width=4)
	  Index Cond: ((id >= 4699865) AND (id <= 4699965))

table 3 : explain SELECT id FROM sbtest3 WHERE id BETWEEN 4699865 AND 4699965
	Index Only Scan using sbtest3_pkey on sbtest3  (cost=0.43..10.26 rows=91 width=4)
	  Index Cond: ((id >= 4699865) AND (id <= 4699965))

table 4 : explain SELECT id FROM sbtest4 WHERE id BETWEEN 4699865 AND 4699965
	Index Only Scan using sbtest4_pkey on sbtest4  (cost=0.43..10.26 rows=91 width=4)
	  Index Cond: ((id >= 4699865) AND (id <= 4699965))

table 5 : explain SELECT id FROM sbtest5 WHERE id BETWEEN 4699865 AND 4699965
	Index Only Scan using sbtest5_pkey on sbtest5  (cost=0.43..10.44 rows=100 width=4)
	  Index Cond: ((id >= 4699865) AND (id <= 4699965))

table 6 : explain SELECT id FROM sbtest6 WHERE id BETWEEN 4699865 AND 4699965
	Index Only Scan using sbtest6_pkey on sbtest6  (cost=0.43..6.35 rows=96 width=4)
	  Index Cond: ((id >= 4699865) AND (id <= 4699965))

table 7 : explain SELECT id FROM sbtest7 WHERE id BETWEEN 4699865 AND 4699965
	Index Only Scan using sbtest7_pkey on sbtest7  (cost=0.43..10.51 rows=104 width=4)
	  Index Cond: ((id >= 4699865) AND (id <= 4699965))

table 8 : explain SELECT id FROM sbtest8 WHERE id BETWEEN 4699865 AND 4699965
	Index Only Scan using sbtest8_pkey on sbtest8  (cost=0.43..6.37 rows=97 width=4)
	  Index Cond: ((id >= 4699865) AND (id <= 4699965))

explain: for range-covered :: explain SELECT id FROM sbtest%d WHERE id BETWEEN 4699865 AND 4699965
for range-covered
table 1 : explain SELECT id FROM sbtest1 WHERE id BETWEEN 8167824 AND 8167924
	Index Only Scan using sbtest1_pkey on sbtest1  (cost=0.43..10.54 rows=105 width=4)
	  Index Cond: ((id >= 8167824) AND (id <= 8167924))

table 2 : explain SELECT id FROM sbtest2 WHERE id BETWEEN 8167824 AND 8167924
	Index Only Scan using sbtest2_pkey on sbtest2  (cost=0.43..6.69 rows=113 width=4)
	  Index Cond: ((id >= 8167824) AND (id <= 8167924))

table 3 : explain SELECT id FROM sbtest3 WHERE id BETWEEN 8167824 AND 8167924
	Index Only Scan using sbtest3_pkey on sbtest3  (cost=0.43..10.68 rows=112 width=4)
	  Index Cond: ((id >= 8167824) AND (id <= 8167924))

table 4 : explain SELECT id FROM sbtest4 WHERE id BETWEEN 8167824 AND 8167924
	Index Only Scan using sbtest4_pkey on sbtest4  (cost=0.43..10.47 rows=102 width=4)
	  Index Cond: ((id >= 8167824) AND (id <= 8167924))

table 5 : explain SELECT id FROM sbtest5 WHERE id BETWEEN 8167824 AND 8167924
	Index Only Scan using sbtest5_pkey on sbtest5  (cost=0.43..10.36 rows=96 width=4)
	  Index Cond: ((id >= 8167824) AND (id <= 8167924))

table 6 : explain SELECT id FROM sbtest6 WHERE id BETWEEN 8167824 AND 8167924
	Index Only Scan using sbtest6_pkey on sbtest6  (cost=0.43..6.25 rows=91 width=4)
	  Index Cond: ((id >= 8167824) AND (id <= 8167924))

table 7 : explain SELECT id FROM sbtest7 WHERE id BETWEEN 8167824 AND 8167924
	Index Only Scan using sbtest7_pkey on sbtest7  (cost=0.43..10.26 rows=91 width=4)
	  Index Cond: ((id >= 8167824) AND (id <= 8167924))

table 8 : explain SELECT id FROM sbtest8 WHERE id BETWEEN 8167824 AND 8167924
	Index Only Scan using sbtest8_pkey on sbtest8  (cost=0.43..6.32 rows=94 width=4)
	  Index Cond: ((id >= 8167824) AND (id <= 8167924))

explain: for range-covered :: explain SELECT id FROM sbtest%d WHERE id BETWEEN 8167824 AND 8167924
for range-covered
table 1 : explain SELECT id FROM sbtest1 WHERE id BETWEEN 4699865 AND 4699965
	Index Only Scan using sbtest1_pkey on sbtest1  (cost=0.43..10.44 rows=100 width=4)
	  Index Cond: ((id >= 4699865) AND (id <= 4699965))

table 2 : explain SELECT id FROM sbtest2 WHERE id BETWEEN 4699865 AND 4699965
	Index Only Scan using sbtest2_pkey on sbtest2  (cost=0.43..6.33 rows=95 width=4)
	  Index Cond: ((id >= 4699865) AND (id <= 4699965))

table 3 : explain SELECT id FROM sbtest3 WHERE id BETWEEN 4699865 AND 4699965
	Index Only Scan using sbtest3_pkey on sbtest3  (cost=0.43..10.26 rows=91 width=4)
	  Index Cond: ((id >= 4699865) AND (id <= 4699965))

table 4 : explain SELECT id FROM sbtest4 WHERE id BETWEEN 4699865 AND 4699965
	Index Only Scan using sbtest4_pkey on sbtest4  (cost=0.43..10.26 rows=91 width=4)
	  Index Cond: ((id >= 4699865) AND (id <= 4699965))

table 5 : explain SELECT id FROM sbtest5 WHERE id BETWEEN 4699865 AND 4699965
	Index Only Scan using sbtest5_pkey on sbtest5  (cost=0.43..10.44 rows=100 width=4)
	  Index Cond: ((id >= 4699865) AND (id <= 4699965))

table 6 : explain SELECT id FROM sbtest6 WHERE id BETWEEN 4699865 AND 4699965
	Index Only Scan using sbtest6_pkey on sbtest6  (cost=0.43..6.35 rows=96 width=4)
	  Index Cond: ((id >= 4699865) AND (id <= 4699965))

table 7 : explain SELECT id FROM sbtest7 WHERE id BETWEEN 4699865 AND 4699965
	Index Only Scan using sbtest7_pkey on sbtest7  (cost=0.43..10.51 rows=104 width=4)
	  Index Cond: ((id >= 4699865) AND (id <= 4699965))

table 8 : explain SELECT id FROM sbtest8 WHERE id BETWEEN 4699865 AND 4699965
	Index Only Scan using sbtest8_pkey on sbtest8  (cost=0.43..6.37 rows=97 width=4)
	  Index Cond: ((id >= 4699865) AND (id <= 4699965))

explain: for range-covered :: explain SELECT id FROM sbtest%d WHERE id BETWEEN 4699865 AND 4699965
for range-covered
table 1 : explain SELECT id FROM sbtest1 WHERE id BETWEEN 8167824 AND 8167924
	Index Only Scan using sbtest1_pkey on sbtest1  (cost=0.43..10.54 rows=105 width=4)
	  Index Cond: ((id >= 8167824) AND (id <= 8167924))

table 2 : explain SELECT id FROM sbtest2 WHERE id BETWEEN 8167824 AND 8167924
	Index Only Scan using sbtest2_pkey on sbtest2  (cost=0.43..6.69 rows=113 width=4)
	  Index Cond: ((id >= 8167824) AND (id <= 8167924))

table 3 : explain SELECT id FROM sbtest3 WHERE id BETWEEN 8167824 AND 8167924
	Index Only Scan using sbtest3_pkey on sbtest3  (cost=0.43..10.68 rows=112 width=4)
	  Index Cond: ((id >= 8167824) AND (id <= 8167924))

table 4 : explain SELECT id FROM sbtest4 WHERE id BETWEEN 8167824 AND 8167924
	Index Only Scan using sbtest4_pkey on sbtest4  (cost=0.43..10.47 rows=102 width=4)
	  Index Cond: ((id >= 8167824) AND (id <= 8167924))

table 5 : explain SELECT id FROM sbtest5 WHERE id BETWEEN 8167824 AND 8167924
	Index Only Scan using sbtest5_pkey on sbtest5  (cost=0.43..10.36 rows=96 width=4)
	  Index Cond: ((id >= 8167824) AND (id <= 8167924))

table 6 : explain SELECT id FROM sbtest6 WHERE id BETWEEN 8167824 AND 8167924
	Index Only Scan using sbtest6_pkey on sbtest6  (cost=0.43..6.25 rows=91 width=4)
	  Index Cond: ((id >= 8167824) AND (id <= 8167924))

table 7 : explain SELECT id FROM sbtest7 WHERE id BETWEEN 8167824 AND 8167924
	Index Only Scan using sbtest7_pkey on sbtest7  (cost=0.43..10.26 rows=91 width=4)
	  Index Cond: ((id >= 8167824) AND (id <= 8167924))

table 8 : explain SELECT id FROM sbtest8 WHERE id BETWEEN 8167824 AND 8167924
	Index Only Scan using sbtest8_pkey on sbtest8  (cost=0.43..6.32 rows=94 width=4)
	  Index Cond: ((id >= 8167824) AND (id <= 8167924))

explain: for range-covered :: explain SELECT id FROM sbtest%d WHERE id BETWEEN 5966930 AND 5967030
explain: for range-covered :: explain SELECT id FROM sbtest%d WHERE id BETWEEN 8167824 AND 8167924
for range-covered
table 1 : explain SELECT id FROM sbtest1 WHERE id BETWEEN 4699865 AND 4699965
	Index Only Scan using sbtest1_pkey on sbtest1  (cost=0.43..10.44 rows=100 width=4)
	  Index Cond: ((id >= 4699865) AND (id <= 4699965))

table 2 : explain SELECT id FROM sbtest2 WHERE id BETWEEN 4699865 AND 4699965
	Index Only Scan using sbtest2_pkey on sbtest2  (cost=0.43..6.33 rows=95 width=4)
	  Index Cond: ((id >= 4699865) AND (id <= 4699965))

table 3 : explain SELECT id FROM sbtest3 WHERE id BETWEEN 4699865 AND 4699965
	Index Only Scan using sbtest3_pkey on sbtest3  (cost=0.43..10.26 rows=91 width=4)
	  Index Cond: ((id >= 4699865) AND (id <= 4699965))

table 4 : explain SELECT id FROM sbtest4 WHERE id BETWEEN 4699865 AND 4699965
	Index Only Scan using sbtest4_pkey on sbtest4  (cost=0.43..10.26 rows=91 width=4)
	  Index Cond: ((id >= 4699865) AND (id <= 4699965))

table 5 : explain SELECT id FROM sbtest5 WHERE id BETWEEN 4699865 AND 4699965
	Index Only Scan using sbtest5_pkey on sbtest5  (cost=0.43..10.44 rows=100 width=4)
	  Index Cond: ((id >= 4699865) AND (id <= 4699965))

table 6 : explain SELECT id FROM sbtest6 WHERE id BETWEEN 4699865 AND 4699965
	Index Only Scan using sbtest6_pkey on sbtest6  (cost=0.43..6.35 rows=96 width=4)
	  Index Cond: ((id >= 4699865) AND (id <= 4699965))

table 7 : explain SELECT id FROM sbtest7 WHERE id BETWEEN 4699865 AND 4699965
	Index Only Scan using sbtest7_pkey on sbtest7  (cost=0.43..10.51 rows=104 width=4)
	  Index Cond: ((id >= 4699865) AND (id <= 4699965))

table 8 : explain SELECT id FROM sbtest8 WHERE id BETWEEN 4699865 AND 4699965
	Index Only Scan using sbtest8_pkey on sbtest8  (cost=0.43..6.37 rows=97 width=4)
	  Index Cond: ((id >= 4699865) AND (id <= 4699965))

explain: for range-covered :: explain SELECT id FROM sbtest%d WHERE id BETWEEN 4699865 AND 4699965
for range-covered
table 1 : explain SELECT id FROM sbtest1 WHERE id BETWEEN 8167824 AND 8167924
	Index Only Scan using sbtest1_pkey on sbtest1  (cost=0.43..10.54 rows=105 width=4)
	  Index Cond: ((id >= 8167824) AND (id <= 8167924))

table 2 : explain SELECT id FROM sbtest2 WHERE id BETWEEN 8167824 AND 8167924
	Index Only Scan using sbtest2_pkey on sbtest2  (cost=0.43..6.69 rows=113 width=4)
	  Index Cond: ((id >= 8167824) AND (id <= 8167924))

table 3 : explain SELECT id FROM sbtest3 WHERE id BETWEEN 8167824 AND 8167924
	Index Only Scan using sbtest3_pkey on sbtest3  (cost=0.43..10.68 rows=112 width=4)
	  Index Cond: ((id >= 8167824) AND (id <= 8167924))

table 4 : explain SELECT id FROM sbtest4 WHERE id BETWEEN 8167824 AND 8167924
	Index Only Scan using sbtest4_pkey on sbtest4  (cost=0.43..10.47 rows=102 width=4)
	  Index Cond: ((id >= 8167824) AND (id <= 8167924))

table 5 : explain SELECT id FROM sbtest5 WHERE id BETWEEN 8167824 AND 8167924
	Index Only Scan using sbtest5_pkey on sbtest5  (cost=0.43..10.36 rows=96 width=4)
	  Index Cond: ((id >= 8167824) AND (id <= 8167924))

table 6 : explain SELECT id FROM sbtest6 WHERE id BETWEEN 8167824 AND 8167924
	Index Only Scan using sbtest6_pkey on sbtest6  (cost=0.43..6.25 rows=91 width=4)
	  Index Cond: ((id >= 8167824) AND (id <= 8167924))

table 7 : explain SELECT id FROM sbtest7 WHERE id BETWEEN 8167824 AND 8167924
	Index Only Scan using sbtest7_pkey on sbtest7  (cost=0.43..10.26 rows=91 width=4)
	  Index Cond: ((id >= 8167824) AND (id <= 8167924))

table 8 : explain SELECT id FROM sbtest8 WHERE id BETWEEN 8167824 AND 8167924
	Index Only Scan using sbtest8_pkey on sbtest8  (cost=0.43..6.32 rows=94 width=4)
	  Index Cond: ((id >= 8167824) AND (id <= 8167924))

explain: for range-covered :: explain SELECT id FROM sbtest%d WHERE id BETWEEN 8167824 AND 8167924
explain: for range-covered :: explain SELECT id FROM sbtest%d WHERE id BETWEEN 7247639 AND 7247739
for range-covered
table 1 : explain SELECT id FROM sbtest1 WHERE id BETWEEN 4699865 AND 4699965
	Index Only Scan using sbtest1_pkey on sbtest1  (cost=0.43..10.44 rows=100 width=4)
	  Index Cond: ((id >= 4699865) AND (id <= 4699965))

table 2 : explain SELECT id FROM sbtest2 WHERE id BETWEEN 4699865 AND 4699965
	Index Only Scan using sbtest2_pkey on sbtest2  (cost=0.43..6.33 rows=95 width=4)
	  Index Cond: ((id >= 4699865) AND (id <= 4699965))

table 3 : explain SELECT id FROM sbtest3 WHERE id BETWEEN 4699865 AND 4699965
	Index Only Scan using sbtest3_pkey on sbtest3  (cost=0.43..10.26 rows=91 width=4)
	  Index Cond: ((id >= 4699865) AND (id <= 4699965))

table 4 : explain SELECT id FROM sbtest4 WHERE id BETWEEN 4699865 AND 4699965
	Index Only Scan using sbtest4_pkey on sbtest4  (cost=0.43..10.26 rows=91 width=4)
	  Index Cond: ((id >= 4699865) AND (id <= 4699965))

table 5 : explain SELECT id FROM sbtest5 WHERE id BETWEEN 4699865 AND 4699965
	Index Only Scan using sbtest5_pkey on sbtest5  (cost=0.43..10.44 rows=100 width=4)
	  Index Cond: ((id >= 4699865) AND (id <= 4699965))

table 6 : explain SELECT id FROM sbtest6 WHERE id BETWEEN 4699865 AND 4699965
	Index Only Scan using sbtest6_pkey on sbtest6  (cost=0.43..6.35 rows=96 width=4)
	  Index Cond: ((id >= 4699865) AND (id <= 4699965))

table 7 : explain SELECT id FROM sbtest7 WHERE id BETWEEN 4699865 AND 4699965
	Index Only Scan using sbtest7_pkey on sbtest7  (cost=0.43..10.51 rows=104 width=4)
	  Index Cond: ((id >= 4699865) AND (id <= 4699965))

table 8 : explain SELECT id FROM sbtest8 WHERE id BETWEEN 4699865 AND 4699965
	Index Only Scan using sbtest8_pkey on sbtest8  (cost=0.43..6.37 rows=97 width=4)
	  Index Cond: ((id >= 4699865) AND (id <= 4699965))

explain: for range-covered :: explain SELECT id FROM sbtest%d WHERE id BETWEEN 4699865 AND 4699965
explain: for range-covered :: explain SELECT id FROM sbtest%d WHERE id BETWEEN 8446646 AND 8446746
for range-covered
table 1 : explain SELECT id FROM sbtest1 WHERE id BETWEEN 8167824 AND 8167924
	Index Only Scan using sbtest1_pkey on sbtest1  (cost=0.43..10.54 rows=105 width=4)
	  Index Cond: ((id >= 8167824) AND (id <= 8167924))

table 2 : explain SELECT id FROM sbtest2 WHERE id BETWEEN 8167824 AND 8167924
	Index Only Scan using sbtest2_pkey on sbtest2  (cost=0.43..6.69 rows=113 width=4)
	  Index Cond: ((id >= 8167824) AND (id <= 8167924))

table 3 : explain SELECT id FROM sbtest3 WHERE id BETWEEN 8167824 AND 8167924
	Index Only Scan using sbtest3_pkey on sbtest3  (cost=0.43..10.68 rows=112 width=4)
	  Index Cond: ((id >= 8167824) AND (id <= 8167924))

table 4 : explain SELECT id FROM sbtest4 WHERE id BETWEEN 8167824 AND 8167924
	Index Only Scan using sbtest4_pkey on sbtest4  (cost=0.43..10.47 rows=102 width=4)
	  Index Cond: ((id >= 8167824) AND (id <= 8167924))

table 5 : explain SELECT id FROM sbtest5 WHERE id BETWEEN 8167824 AND 8167924
	Index Only Scan using sbtest5_pkey on sbtest5  (cost=0.43..10.36 rows=96 width=4)
	  Index Cond: ((id >= 8167824) AND (id <= 8167924))

table 6 : explain SELECT id FROM sbtest6 WHERE id BETWEEN 8167824 AND 8167924
	Index Only Scan using sbtest6_pkey on sbtest6  (cost=0.43..6.25 rows=91 width=4)
	  Index Cond: ((id >= 8167824) AND (id <= 8167924))

table 7 : explain SELECT id FROM sbtest7 WHERE id BETWEEN 8167824 AND 8167924
	Index Only Scan using sbtest7_pkey on sbtest7  (cost=0.43..10.26 rows=91 width=4)
	  Index Cond: ((id >= 8167824) AND (id <= 8167924))

table 8 : explain SELECT id FROM sbtest8 WHERE id BETWEEN 8167824 AND 8167924
	Index Only Scan using sbtest8_pkey on sbtest8  (cost=0.43..6.32 rows=94 width=4)
	  Index Cond: ((id >= 8167824) AND (id <= 8167924))

explain: for range-covered :: explain SELECT id FROM sbtest%d WHERE id BETWEEN 8167824 AND 8167924
for range-covered
table 1 : explain SELECT id FROM sbtest1 WHERE id BETWEEN 4699865 AND 4699965
	Index Only Scan using sbtest1_pkey on sbtest1  (cost=0.43..10.44 rows=100 width=4)
	  Index Cond: ((id >= 4699865) AND (id <= 4699965))

table 2 : explain SELECT id FROM sbtest2 WHERE id BETWEEN 4699865 AND 4699965
	Index Only Scan using sbtest2_pkey on sbtest2  (cost=0.43..6.33 rows=95 width=4)
	  Index Cond: ((id >= 4699865) AND (id <= 4699965))

table 3 : explain SELECT id FROM sbtest3 WHERE id BETWEEN 4699865 AND 4699965
	Index Only Scan using sbtest3_pkey on sbtest3  (cost=0.43..10.26 rows=91 width=4)
	  Index Cond: ((id >= 4699865) AND (id <= 4699965))

table 4 : explain SELECT id FROM sbtest4 WHERE id BETWEEN 4699865 AND 4699965
	Index Only Scan using sbtest4_pkey on sbtest4  (cost=0.43..10.26 rows=91 width=4)
	  Index Cond: ((id >= 4699865) AND (id <= 4699965))

table 5 : explain SELECT id FROM sbtest5 WHERE id BETWEEN 4699865 AND 4699965
	Index Only Scan using sbtest5_pkey on sbtest5  (cost=0.43..10.44 rows=100 width=4)
	  Index Cond: ((id >= 4699865) AND (id <= 4699965))

table 6 : explain SELECT id FROM sbtest6 WHERE id BETWEEN 4699865 AND 4699965
	Index Only Scan using sbtest6_pkey on sbtest6  (cost=0.43..6.35 rows=96 width=4)
	  Index Cond: ((id >= 4699865) AND (id <= 4699965))

table 7 : explain SELECT id FROM sbtest7 WHERE id BETWEEN 4699865 AND 4699965
	Index Only Scan using sbtest7_pkey on sbtest7  (cost=0.43..10.51 rows=104 width=4)
	  Index Cond: ((id >= 4699865) AND (id <= 4699965))

table 8 : explain SELECT id FROM sbtest8 WHERE id BETWEEN 4699865 AND 4699965
	Index Only Scan using sbtest8_pkey on sbtest8  (cost=0.43..6.37 rows=97 width=4)
	  Index Cond: ((id >= 4699865) AND (id <= 4699965))

explain: for range-covered :: explain SELECT id FROM sbtest%d WHERE id BETWEEN 4699865 AND 4699965
for range-covered
table 1 : explain SELECT id FROM sbtest1 WHERE id BETWEEN 8167824 AND 8167924
	Index Only Scan using sbtest1_pkey on sbtest1  (cost=0.43..10.54 rows=105 width=4)
	  Index Cond: ((id >= 8167824) AND (id <= 8167924))

table 2 : explain SELECT id FROM sbtest2 WHERE id BETWEEN 8167824 AND 8167924
	Index Only Scan using sbtest2_pkey on sbtest2  (cost=0.43..6.69 rows=113 width=4)
	  Index Cond: ((id >= 8167824) AND (id <= 8167924))

table 3 : explain SELECT id FROM sbtest3 WHERE id BETWEEN 8167824 AND 8167924
	Index Only Scan using sbtest3_pkey on sbtest3  (cost=0.43..10.68 rows=112 width=4)
	  Index Cond: ((id >= 8167824) AND (id <= 8167924))

table 4 : explain SELECT id FROM sbtest4 WHERE id BETWEEN 8167824 AND 8167924
	Index Only Scan using sbtest4_pkey on sbtest4  (cost=0.43..10.47 rows=102 width=4)
	  Index Cond: ((id >= 8167824) AND (id <= 8167924))

table 5 : explain SELECT id FROM sbtest5 WHERE id BETWEEN 8167824 AND 8167924
	Index Only Scan using sbtest5_pkey on sbtest5  (cost=0.43..10.36 rows=96 width=4)
	  Index Cond: ((id >= 8167824) AND (id <= 8167924))

table 6 : explain SELECT id FROM sbtest6 WHERE id BETWEEN 8167824 AND 8167924
	Index Only Scan using sbtest6_pkey on sbtest6  (cost=0.43..6.25 rows=91 width=4)
	  Index Cond: ((id >= 8167824) AND (id <= 8167924))

table 7 : explain SELECT id FROM sbtest7 WHERE id BETWEEN 8167824 AND 8167924
	Index Only Scan using sbtest7_pkey on sbtest7  (cost=0.43..10.26 rows=91 width=4)
	  Index Cond: ((id >= 8167824) AND (id <= 8167924))

table 8 : explain SELECT id FROM sbtest8 WHERE id BETWEEN 8167824 AND 8167924
	Index Only Scan using sbtest8_pkey on sbtest8  (cost=0.43..6.32 rows=94 width=4)
	  Index Cond: ((id >= 8167824) AND (id <= 8167924))

explain: for range-covered :: explain SELECT id FROM sbtest%d WHERE id BETWEEN 8167824 AND 8167924
for range-covered
table 1 : explain SELECT id FROM sbtest1 WHERE id BETWEEN 4699865 AND 4699965
	Index Only Scan using sbtest1_pkey on sbtest1  (cost=0.43..10.44 rows=100 width=4)
	  Index Cond: ((id >= 4699865) AND (id <= 4699965))

table 2 : explain SELECT id FROM sbtest2 WHERE id BETWEEN 4699865 AND 4699965
	Index Only Scan using sbtest2_pkey on sbtest2  (cost=0.43..6.33 rows=95 width=4)
	  Index Cond: ((id >= 4699865) AND (id <= 4699965))

table 3 : explain SELECT id FROM sbtest3 WHERE id BETWEEN 4699865 AND 4699965
	Index Only Scan using sbtest3_pkey on sbtest3  (cost=0.43..10.26 rows=91 width=4)
	  Index Cond: ((id >= 4699865) AND (id <= 4699965))

table 4 : explain SELECT id FROM sbtest4 WHERE id BETWEEN 4699865 AND 4699965
	Index Only Scan using sbtest4_pkey on sbtest4  (cost=0.43..10.26 rows=91 width=4)
	  Index Cond: ((id >= 4699865) AND (id <= 4699965))

table 5 : explain SELECT id FROM sbtest5 WHERE id BETWEEN 4699865 AND 4699965
	Index Only Scan using sbtest5_pkey on sbtest5  (cost=0.43..10.44 rows=100 width=4)
	  Index Cond: ((id >= 4699865) AND (id <= 4699965))

table 6 : explain SELECT id FROM sbtest6 WHERE id BETWEEN 4699865 AND 4699965
	Index Only Scan using sbtest6_pkey on sbtest6  (cost=0.43..6.35 rows=96 width=4)
	  Index Cond: ((id >= 4699865) AND (id <= 4699965))

table 7 : explain SELECT id FROM sbtest7 WHERE id BETWEEN 4699865 AND 4699965
	Index Only Scan using sbtest7_pkey on sbtest7  (cost=0.43..10.51 rows=104 width=4)
	  Index Cond: ((id >= 4699865) AND (id <= 4699965))

table 8 : explain SELECT id FROM sbtest8 WHERE id BETWEEN 4699865 AND 4699965
	Index Only Scan using sbtest8_pkey on sbtest8  (cost=0.43..6.37 rows=97 width=4)
	  Index Cond: ((id >= 4699865) AND (id <= 4699965))

explain: for range-covered :: explain SELECT id FROM sbtest%d WHERE id BETWEEN 4699865 AND 4699965
for range-covered
table 1 : explain SELECT id FROM sbtest1 WHERE id BETWEEN 8167824 AND 8167924
	Index Only Scan using sbtest1_pkey on sbtest1  (cost=0.43..10.54 rows=105 width=4)
	  Index Cond: ((id >= 8167824) AND (id <= 8167924))

table 2 : explain SELECT id FROM sbtest2 WHERE id BETWEEN 8167824 AND 8167924
	Index Only Scan using sbtest2_pkey on sbtest2  (cost=0.43..6.69 rows=113 width=4)
	  Index Cond: ((id >= 8167824) AND (id <= 8167924))

table 3 : explain SELECT id FROM sbtest3 WHERE id BETWEEN 8167824 AND 8167924
	Index Only Scan using sbtest3_pkey on sbtest3  (cost=0.43..10.68 rows=112 width=4)
	  Index Cond: ((id >= 8167824) AND (id <= 8167924))

table 4 : explain SELECT id FROM sbtest4 WHERE id BETWEEN 8167824 AND 8167924
	Index Only Scan using sbtest4_pkey on sbtest4  (cost=0.43..10.47 rows=102 width=4)
	  Index Cond: ((id >= 8167824) AND (id <= 8167924))

table 5 : explain SELECT id FROM sbtest5 WHERE id BETWEEN 8167824 AND 8167924
	Index Only Scan using sbtest5_pkey on sbtest5  (cost=0.43..10.36 rows=96 width=4)
	  Index Cond: ((id >= 8167824) AND (id <= 8167924))

table 6 : explain SELECT id FROM sbtest6 WHERE id BETWEEN 8167824 AND 8167924
	Index Only Scan using sbtest6_pkey on sbtest6  (cost=0.43..6.25 rows=91 width=4)
	  Index Cond: ((id >= 8167824) AND (id <= 8167924))

table 7 : explain SELECT id FROM sbtest7 WHERE id BETWEEN 8167824 AND 8167924
	Index Only Scan using sbtest7_pkey on sbtest7  (cost=0.43..10.26 rows=91 width=4)
	  Index Cond: ((id >= 8167824) AND (id <= 8167924))

table 8 : explain SELECT id FROM sbtest8 WHERE id BETWEEN 8167824 AND 8167924
	Index Only Scan using sbtest8_pkey on sbtest8  (cost=0.43..6.32 rows=94 width=4)
	  Index Cond: ((id >= 8167824) AND (id <= 8167924))

explain: for range-covered :: explain SELECT id FROM sbtest%d WHERE id BETWEEN 8167824 AND 8167924
for range-covered
table 1 : explain SELECT id FROM sbtest1 WHERE id BETWEEN 4699865 AND 4699965
	Index Only Scan using sbtest1_pkey on sbtest1  (cost=0.43..10.44 rows=100 width=4)
	  Index Cond: ((id >= 4699865) AND (id <= 4699965))

table 2 : explain SELECT id FROM sbtest2 WHERE id BETWEEN 4699865 AND 4699965
	Index Only Scan using sbtest2_pkey on sbtest2  (cost=0.43..6.33 rows=95 width=4)
	  Index Cond: ((id >= 4699865) AND (id <= 4699965))

table 3 : explain SELECT id FROM sbtest3 WHERE id BETWEEN 4699865 AND 4699965
	Index Only Scan using sbtest3_pkey on sbtest3  (cost=0.43..10.26 rows=91 width=4)
	  Index Cond: ((id >= 4699865) AND (id <= 4699965))

table 4 : explain SELECT id FROM sbtest4 WHERE id BETWEEN 4699865 AND 4699965
	Index Only Scan using sbtest4_pkey on sbtest4  (cost=0.43..10.26 rows=91 width=4)
	  Index Cond: ((id >= 4699865) AND (id <= 4699965))

table 5 : explain SELECT id FROM sbtest5 WHERE id BETWEEN 4699865 AND 4699965
	Index Only Scan using sbtest5_pkey on sbtest5  (cost=0.43..10.44 rows=100 width=4)
	  Index Cond: ((id >= 4699865) AND (id <= 4699965))

table 6 : explain SELECT id FROM sbtest6 WHERE id BETWEEN 4699865 AND 4699965
	Index Only Scan using sbtest6_pkey on sbtest6  (cost=0.43..6.35 rows=96 width=4)
	  Index Cond: ((id >= 4699865) AND (id <= 4699965))

table 7 : explain SELECT id FROM sbtest7 WHERE id BETWEEN 4699865 AND 4699965
	Index Only Scan using sbtest7_pkey on sbtest7  (cost=0.43..10.51 rows=104 width=4)
	  Index Cond: ((id >= 4699865) AND (id <= 4699965))

table 8 : explain SELECT id FROM sbtest8 WHERE id BETWEEN 4699865 AND 4699965
	Index Only Scan using sbtest8_pkey on sbtest8  (cost=0.43..6.37 rows=97 width=4)
	  Index Cond: ((id >= 4699865) AND (id <= 4699965))

for range-covered
table 1 : explain SELECT id FROM sbtest1 WHERE id BETWEEN 7247639 AND 7247739
	Index Only Scan using sbtest1_pkey on sbtest1  (cost=0.43..10.50 rows=103 width=4)
	  Index Cond: ((id >= 7247639) AND (id <= 7247739))

table 2 : explain SELECT id FROM sbtest2 WHERE id BETWEEN 7247639 AND 7247739
	Index Only Scan using sbtest2_pkey on sbtest2  (cost=0.43..6.67 rows=112 width=4)
	  Index Cond: ((id >= 7247639) AND (id <= 7247739))

table 3 : explain SELECT id FROM sbtest3 WHERE id BETWEEN 7247639 AND 7247739
	Index Only Scan using sbtest3_pkey on sbtest3  (cost=0.43..10.40 rows=98 width=4)
	  Index Cond: ((id >= 7247639) AND (id <= 7247739))

table 4 : explain SELECT id FROM sbtest4 WHERE id BETWEEN 7247639 AND 7247739
	Index Only Scan using sbtest4_pkey on sbtest4  (cost=0.43..10.40 rows=98 width=4)
	  Index Cond: ((id >= 7247639) AND (id <= 7247739))

table 5 : explain SELECT id FROM sbtest5 WHERE id BETWEEN 7247639 AND 7247739
	Index Only Scan using sbtest5_pkey on sbtest5  (cost=0.43..10.54 rows=105 width=4)
	  Index Cond: ((id >= 7247639) AND (id <= 7247739))

table 6 : explain SELECT id FROM sbtest6 WHERE id BETWEEN 7247639 AND 7247739
	Index Only Scan using sbtest6_pkey on sbtest6  (cost=0.43..6.33 rows=95 width=4)
	  Index Cond: ((id >= 7247639) AND (id <= 7247739))

table 7 : explain SELECT id FROM sbtest7 WHERE id BETWEEN 7247639 AND 7247739
	Index Only Scan using sbtest7_pkey on sbtest7  (cost=0.43..10.40 rows=98 width=4)
	  Index Cond: ((id >= 7247639) AND (id <= 7247739))

table 8 : explain SELECT id FROM sbtest8 WHERE id BETWEEN 7247639 AND 7247739
	Index Only Scan using sbtest8_pkey on sbtest8  (cost=0.43..6.72 rows=114 width=4)
	  Index Cond: ((id >= 7247639) AND (id <= 7247739))

explain: for range-covered :: explain SELECT id FROM sbtest%d WHERE id BETWEEN 7247639 AND 7247739
for range-covered
table 1 : explain SELECT id FROM sbtest1 WHERE id BETWEEN 8167824 AND 8167924
	Index Only Scan using sbtest1_pkey on sbtest1  (cost=0.43..10.54 rows=105 width=4)
	  Index Cond: ((id >= 8167824) AND (id <= 8167924))

table 2 : explain SELECT id FROM sbtest2 WHERE id BETWEEN 8167824 AND 8167924
	Index Only Scan using sbtest2_pkey on sbtest2  (cost=0.43..6.69 rows=113 width=4)
	  Index Cond: ((id >= 8167824) AND (id <= 8167924))

table 3 : explain SELECT id FROM sbtest3 WHERE id BETWEEN 8167824 AND 8167924
	Index Only Scan using sbtest3_pkey on sbtest3  (cost=0.43..10.68 rows=112 width=4)
	  Index Cond: ((id >= 8167824) AND (id <= 8167924))

table 4 : explain SELECT id FROM sbtest4 WHERE id BETWEEN 8167824 AND 8167924
	Index Only Scan using sbtest4_pkey on sbtest4  (cost=0.43..10.47 rows=102 width=4)
	  Index Cond: ((id >= 8167824) AND (id <= 8167924))

table 5 : explain SELECT id FROM sbtest5 WHERE id BETWEEN 8167824 AND 8167924
	Index Only Scan using sbtest5_pkey on sbtest5  (cost=0.43..10.36 rows=96 width=4)
	  Index Cond: ((id >= 8167824) AND (id <= 8167924))

table 6 : explain SELECT id FROM sbtest6 WHERE id BETWEEN 8167824 AND 8167924
	Index Only Scan using sbtest6_pkey on sbtest6  (cost=0.43..6.25 rows=91 width=4)
	  Index Cond: ((id >= 8167824) AND (id <= 8167924))

table 7 : explain SELECT id FROM sbtest7 WHERE id BETWEEN 8167824 AND 8167924
	Index Only Scan using sbtest7_pkey on sbtest7  (cost=0.43..10.26 rows=91 width=4)
	  Index Cond: ((id >= 8167824) AND (id <= 8167924))

table 8 : explain SELECT id FROM sbtest8 WHERE id BETWEEN 8167824 AND 8167924
	Index Only Scan using sbtest8_pkey on sbtest8  (cost=0.43..6.32 rows=94 width=4)
	  Index Cond: ((id >= 8167824) AND (id <= 8167924))

for range-covered
table 1 : explain SELECT id FROM sbtest1 WHERE id BETWEEN 7247639 AND 7247739
	Index Only Scan using sbtest1_pkey on sbtest1  (cost=0.43..10.50 rows=103 width=4)
	  Index Cond: ((id >= 7247639) AND (id <= 7247739))

table 2 : explain SELECT id FROM sbtest2 WHERE id BETWEEN 7247639 AND 7247739
	Index Only Scan using sbtest2_pkey on sbtest2  (cost=0.43..6.67 rows=112 width=4)
	  Index Cond: ((id >= 7247639) AND (id <= 7247739))

table 3 : explain SELECT id FROM sbtest3 WHERE id BETWEEN 7247639 AND 7247739
	Index Only Scan using sbtest3_pkey on sbtest3  (cost=0.43..10.40 rows=98 width=4)
	  Index Cond: ((id >= 7247639) AND (id <= 7247739))

table 4 : explain SELECT id FROM sbtest4 WHERE id BETWEEN 7247639 AND 7247739
	Index Only Scan using sbtest4_pkey on sbtest4  (cost=0.43..10.40 rows=98 width=4)
	  Index Cond: ((id >= 7247639) AND (id <= 7247739))

table 5 : explain SELECT id FROM sbtest5 WHERE id BETWEEN 7247639 AND 7247739
	Index Only Scan using sbtest5_pkey on sbtest5  (cost=0.43..10.54 rows=105 width=4)
	  Index Cond: ((id >= 7247639) AND (id <= 7247739))

table 6 : explain SELECT id FROM sbtest6 WHERE id BETWEEN 7247639 AND 7247739
	Index Only Scan using sbtest6_pkey on sbtest6  (cost=0.43..6.33 rows=95 width=4)
	  Index Cond: ((id >= 7247639) AND (id <= 7247739))

table 7 : explain SELECT id FROM sbtest7 WHERE id BETWEEN 7247639 AND 7247739
	Index Only Scan using sbtest7_pkey on sbtest7  (cost=0.43..10.40 rows=98 width=4)
	  Index Cond: ((id >= 7247639) AND (id <= 7247739))

table 8 : explain SELECT id FROM sbtest8 WHERE id BETWEEN 7247639 AND 7247739
	Index Only Scan using sbtest8_pkey on sbtest8  (cost=0.43..6.72 rows=114 width=4)
	  Index Cond: ((id >= 7247639) AND (id <= 7247739))

explain: for range-covered :: explain SELECT id FROM sbtest%d WHERE id BETWEEN 7247639 AND 7247739
for range-covered
table 1 : explain SELECT id FROM sbtest1 WHERE id BETWEEN 3677869 AND 3677969
	Index Only Scan using sbtest1_pkey on sbtest1  (cost=0.43..10.47 rows=102 width=4)
	  Index Cond: ((id >= 3677869) AND (id <= 3677969))

table 2 : explain SELECT id FROM sbtest2 WHERE id BETWEEN 3677869 AND 3677969
	Index Only Scan using sbtest2_pkey on sbtest2  (cost=0.43..6.45 rows=101 width=4)
	  Index Cond: ((id >= 3677869) AND (id <= 3677969))

table 3 : explain SELECT id FROM sbtest3 WHERE id BETWEEN 3677869 AND 3677969
	Index Only Scan using sbtest3_pkey on sbtest3  (cost=0.43..10.46 rows=101 width=4)
	  Index Cond: ((id >= 3677869) AND (id <= 3677969))

table 4 : explain SELECT id FROM sbtest4 WHERE id BETWEEN 3677869 AND 3677969
	Index Only Scan using sbtest4_pkey on sbtest4  (cost=0.43..10.38 rows=97 width=4)
	  Index Cond: ((id >= 3677869) AND (id <= 3677969))

table 5 : explain SELECT id FROM sbtest5 WHERE id BETWEEN 3677869 AND 3677969
	Index Only Scan using sbtest5_pkey on sbtest5  (cost=0.43..10.60 rows=108 width=4)
	  Index Cond: ((id >= 3677869) AND (id <= 3677969))

table 6 : explain SELECT id FROM sbtest6 WHERE id BETWEEN 3677869 AND 3677969
	Index Only Scan using sbtest6_pkey on sbtest6  (cost=0.43..6.51 rows=104 width=4)
	  Index Cond: ((id >= 3677869) AND (id <= 3677969))

table 7 : explain SELECT id FROM sbtest7 WHERE id BETWEEN 3677869 AND 3677969
	Index Only Scan using sbtest7_pkey on sbtest7  (cost=0.43..10.38 rows=97 width=4)
	  Index Cond: ((id >= 3677869) AND (id <= 3677969))

table 8 : explain SELECT id FROM sbtest8 WHERE id BETWEEN 3677869 AND 3677969
	Index Only Scan using sbtest8_pkey on sbtest8  (cost=0.43..6.37 rows=97 width=4)
	  Index Cond: ((id >= 3677869) AND (id <= 3677969))

explain: for range-covered :: explain SELECT id FROM sbtest%d WHERE id BETWEEN 3677869 AND 3677969
explain: for range-covered :: explain SELECT id FROM sbtest%d WHERE id BETWEEN 5157414 AND 5157514
for range-covered
table 1 : explain SELECT id FROM sbtest1 WHERE id BETWEEN 5225959 AND 5226059
	Index Only Scan using sbtest1_pkey on sbtest1  (cost=0.43..10.47 rows=102 width=4)
	  Index Cond: ((id >= 5225959) AND (id <= 5226059))

table 2 : explain SELECT id FROM sbtest2 WHERE id BETWEEN 5225959 AND 5226059
	Index Only Scan using sbtest2_pkey on sbtest2  (cost=0.43..6.37 rows=97 width=4)
	  Index Cond: ((id >= 5225959) AND (id <= 5226059))

table 3 : explain SELECT id FROM sbtest3 WHERE id BETWEEN 5225959 AND 5226059
	Index Only Scan using sbtest3_pkey on sbtest3  (cost=0.43..10.42 rows=99 width=4)
	  Index Cond: ((id >= 5225959) AND (id <= 5226059))

table 4 : explain SELECT id FROM sbtest4 WHERE id BETWEEN 5225959 AND 5226059
	Index Only Scan using sbtest4_pkey on sbtest4  (cost=0.43..10.50 rows=103 width=4)
	  Index Cond: ((id >= 5225959) AND (id <= 5226059))

table 5 : explain SELECT id FROM sbtest5 WHERE id BETWEEN 5225959 AND 5226059
	Index Only Scan using sbtest5_pkey on sbtest5  (cost=0.43..10.22 rows=89 width=4)
	  Index Cond: ((id >= 5225959) AND (id <= 5226059))

table 6 : explain SELECT id FROM sbtest6 WHERE id BETWEEN 5225959 AND 5226059
	Index Only Scan using sbtest6_pkey on sbtest6  (cost=0.43..6.47 rows=102 width=4)
	  Index Cond: ((id >= 5225959) AND (id <= 5226059))

table 7 : explain SELECT id FROM sbtest7 WHERE id BETWEEN 5225959 AND 5226059
	Index Only Scan using sbtest7_pkey on sbtest7  (cost=0.43..10.33 rows=95 width=4)
	  Index Cond: ((id >= 5225959) AND (id <= 5226059))

table 8 : explain SELECT id FROM sbtest8 WHERE id BETWEEN 5225959 AND 5226059
	Index Only Scan using sbtest8_pkey on sbtest8  (cost=0.43..6.67 rows=112 width=4)
	  Index Cond: ((id >= 5225959) AND (id <= 5226059))

for range-covered
table 1 : explain SELECT id FROM sbtest1 WHERE id BETWEEN 3677869 AND 3677969
	Index Only Scan using sbtest1_pkey on sbtest1  (cost=0.43..10.47 rows=102 width=4)
	  Index Cond: ((id >= 3677869) AND (id <= 3677969))

table 2 : explain SELECT id FROM sbtest2 WHERE id BETWEEN 3677869 AND 3677969
	Index Only Scan using sbtest2_pkey on sbtest2  (cost=0.43..6.45 rows=101 width=4)
	  Index Cond: ((id >= 3677869) AND (id <= 3677969))

table 3 : explain SELECT id FROM sbtest3 WHERE id BETWEEN 3677869 AND 3677969
	Index Only Scan using sbtest3_pkey on sbtest3  (cost=0.43..10.46 rows=101 width=4)
	  Index Cond: ((id >= 3677869) AND (id <= 3677969))

table 4 : explain SELECT id FROM sbtest4 WHERE id BETWEEN 3677869 AND 3677969
	Index Only Scan using sbtest4_pkey on sbtest4  (cost=0.43..10.38 rows=97 width=4)
	  Index Cond: ((id >= 3677869) AND (id <= 3677969))

table 5 : explain SELECT id FROM sbtest5 WHERE id BETWEEN 3677869 AND 3677969
	Index Only Scan using sbtest5_pkey on sbtest5  (cost=0.43..10.60 rows=108 width=4)
	  Index Cond: ((id >= 3677869) AND (id <= 3677969))

table 6 : explain SELECT id FROM sbtest6 WHERE id BETWEEN 3677869 AND 3677969
	Index Only Scan using sbtest6_pkey on sbtest6  (cost=0.43..6.51 rows=104 width=4)
	  Index Cond: ((id >= 3677869) AND (id <= 3677969))

table 7 : explain SELECT id FROM sbtest7 WHERE id BETWEEN 3677869 AND 3677969
	Index Only Scan using sbtest7_pkey on sbtest7  (cost=0.43..10.38 rows=97 width=4)
	  Index Cond: ((id >= 3677869) AND (id <= 3677969))

table 8 : explain SELECT id FROM sbtest8 WHERE id BETWEEN 3677869 AND 3677969
	Index Only Scan using sbtest8_pkey on sbtest8  (cost=0.43..6.37 rows=97 width=4)
	  Index Cond: ((id >= 3677869) AND (id <= 3677969))

explain: for range-covered :: explain SELECT id FROM sbtest%d WHERE id BETWEEN 3677869 AND 3677969
for range-covered
table 1 : explain SELECT id FROM sbtest1 WHERE id BETWEEN 3677869 AND 3677969
	Index Only Scan using sbtest1_pkey on sbtest1  (cost=0.43..10.47 rows=102 width=4)
	  Index Cond: ((id >= 3677869) AND (id <= 3677969))

table 2 : explain SELECT id FROM sbtest2 WHERE id BETWEEN 3677869 AND 3677969
	Index Only Scan using sbtest2_pkey on sbtest2  (cost=0.43..6.45 rows=101 width=4)
	  Index Cond: ((id >= 3677869) AND (id <= 3677969))

table 3 : explain SELECT id FROM sbtest3 WHERE id BETWEEN 3677869 AND 3677969
	Index Only Scan using sbtest3_pkey on sbtest3  (cost=0.43..10.46 rows=101 width=4)
	  Index Cond: ((id >= 3677869) AND (id <= 3677969))

table 4 : explain SELECT id FROM sbtest4 WHERE id BETWEEN 3677869 AND 3677969
	Index Only Scan using sbtest4_pkey on sbtest4  (cost=0.43..10.38 rows=97 width=4)
	  Index Cond: ((id >= 3677869) AND (id <= 3677969))

table 5 : explain SELECT id FROM sbtest5 WHERE id BETWEEN 3677869 AND 3677969
	Index Only Scan using sbtest5_pkey on sbtest5  (cost=0.43..10.60 rows=108 width=4)
	  Index Cond: ((id >= 3677869) AND (id <= 3677969))

table 6 : explain SELECT id FROM sbtest6 WHERE id BETWEEN 3677869 AND 3677969
	Index Only Scan using sbtest6_pkey on sbtest6  (cost=0.43..6.51 rows=104 width=4)
	  Index Cond: ((id >= 3677869) AND (id <= 3677969))

table 7 : explain SELECT id FROM sbtest7 WHERE id BETWEEN 3677869 AND 3677969
	Index Only Scan using sbtest7_pkey on sbtest7  (cost=0.43..10.38 rows=97 width=4)
	  Index Cond: ((id >= 3677869) AND (id <= 3677969))

table 8 : explain SELECT id FROM sbtest8 WHERE id BETWEEN 3677869 AND 3677969
	Index Only Scan using sbtest8_pkey on sbtest8  (cost=0.43..6.37 rows=97 width=4)
	  Index Cond: ((id >= 3677869) AND (id <= 3677969))

explain: for range-covered :: explain SELECT id FROM sbtest%d WHERE id BETWEEN 3677869 AND 3677969
for range-covered
table 1 : explain SELECT id FROM sbtest1 WHERE id BETWEEN 7247639 AND 7247739
	Index Only Scan using sbtest1_pkey on sbtest1  (cost=0.43..10.50 rows=103 width=4)
	  Index Cond: ((id >= 7247639) AND (id <= 7247739))

table 2 : explain SELECT id FROM sbtest2 WHERE id BETWEEN 7247639 AND 7247739
	Index Only Scan using sbtest2_pkey on sbtest2  (cost=0.43..6.67 rows=112 width=4)
	  Index Cond: ((id >= 7247639) AND (id <= 7247739))

table 3 : explain SELECT id FROM sbtest3 WHERE id BETWEEN 7247639 AND 7247739
	Index Only Scan using sbtest3_pkey on sbtest3  (cost=0.43..10.40 rows=98 width=4)
	  Index Cond: ((id >= 7247639) AND (id <= 7247739))

table 4 : explain SELECT id FROM sbtest4 WHERE id BETWEEN 7247639 AND 7247739
	Index Only Scan using sbtest4_pkey on sbtest4  (cost=0.43..10.40 rows=98 width=4)
	  Index Cond: ((id >= 7247639) AND (id <= 7247739))

table 5 : explain SELECT id FROM sbtest5 WHERE id BETWEEN 7247639 AND 7247739
	Index Only Scan using sbtest5_pkey on sbtest5  (cost=0.43..10.54 rows=105 width=4)
	  Index Cond: ((id >= 7247639) AND (id <= 7247739))

table 6 : explain SELECT id FROM sbtest6 WHERE id BETWEEN 7247639 AND 7247739
	Index Only Scan using sbtest6_pkey on sbtest6  (cost=0.43..6.33 rows=95 width=4)
	  Index Cond: ((id >= 7247639) AND (id <= 7247739))

table 7 : explain SELECT id FROM sbtest7 WHERE id BETWEEN 7247639 AND 7247739
	Index Only Scan using sbtest7_pkey on sbtest7  (cost=0.43..10.40 rows=98 width=4)
	  Index Cond: ((id >= 7247639) AND (id <= 7247739))

table 8 : explain SELECT id FROM sbtest8 WHERE id BETWEEN 7247639 AND 7247739
	Index Only Scan using sbtest8_pkey on sbtest8  (cost=0.43..6.72 rows=114 width=4)
	  Index Cond: ((id >= 7247639) AND (id <= 7247739))

for range-covered
table 1 : explain SELECT id FROM sbtest1 WHERE id BETWEEN 2528191 AND 2528291
	Index Only Scan using sbtest1_pkey on sbtest1  (cost=0.43..10.42 rows=99 width=4)
	  Index Cond: ((id >= 2528191) AND (id <= 2528291))

table 2 : explain SELECT id FROM sbtest2 WHERE id BETWEEN 2528191 AND 2528291
	Index Only Scan using sbtest2_pkey on sbtest2  (cost=0.43..6.40 rows=98 width=4)
	  Index Cond: ((id >= 2528191) AND (id <= 2528291))

table 3 : explain SELECT id FROM sbtest3 WHERE id BETWEEN 2528191 AND 2528291
	Index Only Scan using sbtest3_pkey on sbtest3  (cost=0.43..10.42 rows=99 width=4)
	  Index Cond: ((id >= 2528191) AND (id <= 2528291))

table 4 : explain SELECT id FROM sbtest4 WHERE id BETWEEN 2528191 AND 2528291
	Index Only Scan using sbtest4_pkey on sbtest4  (cost=0.43..10.68 rows=112 width=4)
	  Index Cond: ((id >= 2528191) AND (id <= 2528291))

table 5 : explain SELECT id FROM sbtest5 WHERE id BETWEEN 2528191 AND 2528291
	Index Only Scan using sbtest5_pkey on sbtest5  (cost=0.43..10.47 rows=102 width=4)
	  Index Cond: ((id >= 2528191) AND (id <= 2528291))

table 6 : explain SELECT id FROM sbtest6 WHERE id BETWEEN 2528191 AND 2528291
	Index Only Scan using sbtest6_pkey on sbtest6  (cost=0.43..6.66 rows=111 width=4)
	  Index Cond: ((id >= 2528191) AND (id <= 2528291))

table 7 : explain SELECT id FROM sbtest7 WHERE id BETWEEN 2528191 AND 2528291
	Index Only Scan using sbtest7_pkey on sbtest7  (cost=0.43..10.50 rows=103 width=4)
	  Index Cond: ((id >= 2528191) AND (id <= 2528291))

table 8 : explain SELECT id FROM sbtest8 WHERE id BETWEEN 2528191 AND 2528291
	Index Only Scan using sbtest8_pkey on sbtest8  (cost=0.43..6.25 rows=91 width=4)
	  Index Cond: ((id >= 2528191) AND (id <= 2528291))

explain: for range-covered :: explain SELECT id FROM sbtest%d WHERE id BETWEEN 7247639 AND 7247739
explain: for range-covered :: explain SELECT id FROM sbtest%d WHERE id BETWEEN 981587 AND 981687
for range-covered
table 1 : explain SELECT id FROM sbtest1 WHERE id BETWEEN 3677869 AND 3677969
	Index Only Scan using sbtest1_pkey on sbtest1  (cost=0.43..10.47 rows=102 width=4)
	  Index Cond: ((id >= 3677869) AND (id <= 3677969))

table 2 : explain SELECT id FROM sbtest2 WHERE id BETWEEN 3677869 AND 3677969
	Index Only Scan using sbtest2_pkey on sbtest2  (cost=0.43..6.45 rows=101 width=4)
	  Index Cond: ((id >= 3677869) AND (id <= 3677969))

table 3 : explain SELECT id FROM sbtest3 WHERE id BETWEEN 3677869 AND 3677969
	Index Only Scan using sbtest3_pkey on sbtest3  (cost=0.43..10.46 rows=101 width=4)
	  Index Cond: ((id >= 3677869) AND (id <= 3677969))

table 4 : explain SELECT id FROM sbtest4 WHERE id BETWEEN 3677869 AND 3677969
	Index Only Scan using sbtest4_pkey on sbtest4  (cost=0.43..10.38 rows=97 width=4)
	  Index Cond: ((id >= 3677869) AND (id <= 3677969))

table 5 : explain SELECT id FROM sbtest5 WHERE id BETWEEN 3677869 AND 3677969
	Index Only Scan using sbtest5_pkey on sbtest5  (cost=0.43..10.60 rows=108 width=4)
	  Index Cond: ((id >= 3677869) AND (id <= 3677969))

table 6 : explain SELECT id FROM sbtest6 WHERE id BETWEEN 3677869 AND 3677969
	Index Only Scan using sbtest6_pkey on sbtest6  (cost=0.43..6.51 rows=104 width=4)
	  Index Cond: ((id >= 3677869) AND (id <= 3677969))

table 7 : explain SELECT id FROM sbtest7 WHERE id BETWEEN 3677869 AND 3677969
	Index Only Scan using sbtest7_pkey on sbtest7  (cost=0.43..10.38 rows=97 width=4)
	  Index Cond: ((id >= 3677869) AND (id <= 3677969))

table 8 : explain SELECT id FROM sbtest8 WHERE id BETWEEN 3677869 AND 3677969
	Index Only Scan using sbtest8_pkey on sbtest8  (cost=0.43..6.37 rows=97 width=4)
	  Index Cond: ((id >= 3677869) AND (id <= 3677969))

explain: for range-covered :: explain SELECT id FROM sbtest%d WHERE id BETWEEN 3677869 AND 3677969
explain: for range-covered :: explain SELECT id FROM sbtest%d WHERE id BETWEEN 4882155 AND 4882255
for range-covered
table 1 : explain SELECT id FROM sbtest1 WHERE id BETWEEN 3677869 AND 3677969
	Index Only Scan using sbtest1_pkey on sbtest1  (cost=0.43..10.47 rows=102 width=4)
	  Index Cond: ((id >= 3677869) AND (id <= 3677969))

table 2 : explain SELECT id FROM sbtest2 WHERE id BETWEEN 3677869 AND 3677969
	Index Only Scan using sbtest2_pkey on sbtest2  (cost=0.43..6.45 rows=101 width=4)
	  Index Cond: ((id >= 3677869) AND (id <= 3677969))

table 3 : explain SELECT id FROM sbtest3 WHERE id BETWEEN 3677869 AND 3677969
	Index Only Scan using sbtest3_pkey on sbtest3  (cost=0.43..10.46 rows=101 width=4)
	  Index Cond: ((id >= 3677869) AND (id <= 3677969))

table 4 : explain SELECT id FROM sbtest4 WHERE id BETWEEN 3677869 AND 3677969
	Index Only Scan using sbtest4_pkey on sbtest4  (cost=0.43..10.38 rows=97 width=4)
	  Index Cond: ((id >= 3677869) AND (id <= 3677969))

table 5 : explain SELECT id FROM sbtest5 WHERE id BETWEEN 3677869 AND 3677969
	Index Only Scan using sbtest5_pkey on sbtest5  (cost=0.43..10.60 rows=108 width=4)
	  Index Cond: ((id >= 3677869) AND (id <= 3677969))

table 6 : explain SELECT id FROM sbtest6 WHERE id BETWEEN 3677869 AND 3677969
	Index Only Scan using sbtest6_pkey on sbtest6  (cost=0.43..6.51 rows=104 width=4)
	  Index Cond: ((id >= 3677869) AND (id <= 3677969))

table 7 : explain SELECT id FROM sbtest7 WHERE id BETWEEN 3677869 AND 3677969
	Index Only Scan using sbtest7_pkey on sbtest7  (cost=0.43..10.38 rows=97 width=4)
	  Index Cond: ((id >= 3677869) AND (id <= 3677969))

table 8 : explain SELECT id FROM sbtest8 WHERE id BETWEEN 3677869 AND 3677969
	Index Only Scan using sbtest8_pkey on sbtest8  (cost=0.43..6.37 rows=97 width=4)
	  Index Cond: ((id >= 3677869) AND (id <= 3677969))

explain: for range-covered :: explain SELECT id FROM sbtest%d WHERE id BETWEEN 3677869 AND 3677969
for range-covered
table 1 : explain SELECT id FROM sbtest1 WHERE id BETWEEN 5966930 AND 5967030
	Index Only Scan using sbtest1_pkey on sbtest1  (cost=0.43..10.46 rows=101 width=4)
	  Index Cond: ((id >= 5966930) AND (id <= 5967030))

table 2 : explain SELECT id FROM sbtest2 WHERE id BETWEEN 5966930 AND 5967030
	Index Only Scan using sbtest2_pkey on sbtest2  (cost=0.43..6.21 rows=89 width=4)
	  Index Cond: ((id >= 5966930) AND (id <= 5967030))

table 3 : explain SELECT id FROM sbtest3 WHERE id BETWEEN 5966930 AND 5967030
	Index Only Scan using sbtest3_pkey on sbtest3  (cost=0.43..10.51 rows=104 width=4)
	  Index Cond: ((id >= 5966930) AND (id <= 5967030))

table 4 : explain SELECT id FROM sbtest4 WHERE id BETWEEN 5966930 AND 5967030
	Index Only Scan using sbtest4_pkey on sbtest4  (cost=0.43..10.36 rows=96 width=4)
	  Index Cond: ((id >= 5966930) AND (id <= 5967030))

table 5 : explain SELECT id FROM sbtest5 WHERE id BETWEEN 5966930 AND 5967030
	Index Only Scan using sbtest5_pkey on sbtest5  (cost=0.43..10.51 rows=104 width=4)
	  Index Cond: ((id >= 5966930) AND (id <= 5967030))

table 6 : explain SELECT id FROM sbtest6 WHERE id BETWEEN 5966930 AND 5967030
	Index Only Scan using sbtest6_pkey on sbtest6  (cost=0.43..6.53 rows=105 width=4)
	  Index Cond: ((id >= 5966930) AND (id <= 5967030))

table 7 : explain SELECT id FROM sbtest7 WHERE id BETWEEN 5966930 AND 5967030
	Index Only Scan using sbtest7_pkey on sbtest7  (cost=0.43..10.42 rows=99 width=4)
	  Index Cond: ((id >= 5966930) AND (id <= 5967030))

table 8 : explain SELECT id FROM sbtest8 WHERE id BETWEEN 5966930 AND 5967030
	Index Only Scan using sbtest8_pkey on sbtest8  (cost=0.43..6.53 rows=105 width=4)
	  Index Cond: ((id >= 5966930) AND (id <= 5967030))

explain: for range-covered :: explain SELECT id FROM sbtest%d WHERE id BETWEEN 5966930 AND 5967030for range-covered
table 1 : explain SELECT id FROM sbtest1 WHERE id BETWEEN 7247639 AND 7247739
	Index Only Scan using sbtest1_pkey on sbtest1  (cost=0.43..10.50 rows=103 width=4)
	  Index Cond: ((id >= 7247639) AND (id <= 7247739))

table 2 : explain SELECT id FROM sbtest2 WHERE id BETWEEN 7247639 AND 7247739
	Index Only Scan using sbtest2_pkey on sbtest2  (cost=0.43..6.67 rows=112 width=4)
	  Index Cond: ((id >= 7247639) AND (id <= 7247739))

table 3 : explain SELECT id FROM sbtest3 WHERE id BETWEEN 7247639 AND 7247739
	Index Only Scan using sbtest3_pkey on sbtest3  (cost=0.43..10.40 rows=98 width=4)
	  Index Cond: ((id >= 7247639) AND (id <= 7247739))

table 4 : explain SELECT id FROM sbtest4 WHERE id BETWEEN 7247639 AND 7247739
	Index Only Scan using sbtest4_pkey on sbtest4  (cost=0.43..10.40 rows=98 width=4)
	  Index Cond: ((id >= 7247639) AND (id <= 7247739))

table 5 : explain SELECT id FROM sbtest5 WHERE id BETWEEN 7247639 AND 7247739
	Index Only Scan using sbtest5_pkey on sbtest5  (cost=0.43..10.54 rows=105 width=4)
	  Index Cond: ((id >= 7247639) AND (id <= 7247739))

table 6 : explain SELECT id FROM sbtest6 WHERE id BETWEEN 7247639 AND 7247739
	Index Only Scan using sbtest6_pkey on sbtest6  (cost=0.43..6.33 rows=95 width=4)
	  Index Cond: ((id >= 7247639) AND (id <= 7247739))

table 7 : explain SELECT id FROM sbtest7 WHERE id BETWEEN 7247639 AND 7247739
	Index Only Scan using sbtest7_pkey on sbtest7  (cost=0.43..10.40 rows=98 width=4)
	  Index Cond: ((id >= 7247639) AND (id <= 7247739))

table 8 : explain SELECT id FROM sbtest8 WHERE id BETWEEN 7247639 AND 7247739
	Index Only Scan using sbtest8_pkey on sbtest8  (cost=0.43..6.72 rows=114 width=4)
	  Index Cond: ((id >= 7247639) AND (id <= 7247739))


explain: for range-covered :: explain SELECT id FROM sbtest%d WHERE id BETWEEN 7247639 AND 7247739
for range-covered
table 1 : explain SELECT id FROM sbtest1 WHERE id BETWEEN 8446646 AND 8446746
	Index Only Scan using sbtest1_pkey on sbtest1  (cost=0.43..10.38 rows=97 width=4)
	  Index Cond: ((id >= 8446646) AND (id <= 8446746))

table 2 : explain SELECT id FROM sbtest2 WHERE id BETWEEN 8446646 AND 8446746
	Index Only Scan using sbtest2_pkey on sbtest2  (cost=0.43..6.43 rows=100 width=4)
	  Index Cond: ((id >= 8446646) AND (id <= 8446746))

table 3 : explain SELECT id FROM sbtest3 WHERE id BETWEEN 8446646 AND 8446746
	Index Only Scan using sbtest3_pkey on sbtest3  (cost=0.43..10.33 rows=95 width=4)
	  Index Cond: ((id >= 8446646) AND (id <= 8446746))

table 4 : explain SELECT id FROM sbtest4 WHERE id BETWEEN 8446646 AND 8446746
	Index Only Scan using sbtest4_pkey on sbtest4  (cost=0.43..10.38 rows=97 width=4)
	  Index Cond: ((id >= 8446646) AND (id <= 8446746))

table 5 : explain SELECT id FROM sbtest5 WHERE id BETWEEN 8446646 AND 8446746
	Index Only Scan using sbtest5_pkey on sbtest5  (cost=0.43..10.58 rows=107 width=4)
	  Index Cond: ((id >= 8446646) AND (id <= 8446746))

table 6 : explain SELECT id FROM sbtest6 WHERE id BETWEEN 8446646 AND 8446746
	Index Only Scan using sbtest6_pkey on sbtest6  (cost=0.43..6.40 rows=98 width=4)
	  Index Cond: ((id >= 8446646) AND (id <= 8446746))

table 7 : explain SELECT id FROM sbtest7 WHERE id BETWEEN 8446646 AND 8446746
	Index Only Scan using sbtest7_pkey on sbtest7  (cost=0.43..10.54 rows=105 width=4)
	  Index Cond: ((id >= 8446646) AND (id <= 8446746))

table 8 : explain SELECT id FROM sbtest8 WHERE id BETWEEN 8446646 AND 8446746
	Index Only Scan using sbtest8_pkey on sbtest8  (cost=0.43..6.42 rows=99 width=4)
	  Index Cond: ((id >= 8446646) AND (id <= 8446746))

explain: for range-covered :: explain SELECT id FROM sbtest%d WHERE id BETWEEN 8446646 AND 8446746
for range-covered
table 1 : explain SELECT id FROM sbtest1 WHERE id BETWEEN 3677869 AND 3677969
	Index Only Scan using sbtest1_pkey on sbtest1  (cost=0.43..10.47 rows=102 width=4)
	  Index Cond: ((id >= 3677869) AND (id <= 3677969))

table 2 : explain SELECT id FROM sbtest2 WHERE id BETWEEN 3677869 AND 3677969
	Index Only Scan using sbtest2_pkey on sbtest2  (cost=0.43..6.45 rows=101 width=4)
	  Index Cond: ((id >= 3677869) AND (id <= 3677969))

table 3 : explain SELECT id FROM sbtest3 WHERE id BETWEEN 3677869 AND 3677969
	Index Only Scan using sbtest3_pkey on sbtest3  (cost=0.43..10.46 rows=101 width=4)
	  Index Cond: ((id >= 3677869) AND (id <= 3677969))

table 4 : explain SELECT id FROM sbtest4 WHERE id BETWEEN 3677869 AND 3677969
	Index Only Scan using sbtest4_pkey on sbtest4  (cost=0.43..10.38 rows=97 width=4)
	  Index Cond: ((id >= 3677869) AND (id <= 3677969))

table 5 : explain SELECT id FROM sbtest5 WHERE id BETWEEN 3677869 AND 3677969
	Index Only Scan using sbtest5_pkey on sbtest5  (cost=0.43..10.60 rows=108 width=4)
	  Index Cond: ((id >= 3677869) AND (id <= 3677969))

table 6 : explain SELECT id FROM sbtest6 WHERE id BETWEEN 3677869 AND 3677969
	Index Only Scan using sbtest6_pkey on sbtest6  (cost=0.43..6.51 rows=104 width=4)
	  Index Cond: ((id >= 3677869) AND (id <= 3677969))

table 7 : explain SELECT id FROM sbtest7 WHERE id BETWEEN 3677869 AND 3677969
	Index Only Scan using sbtest7_pkey on sbtest7  (cost=0.43..10.38 rows=97 width=4)
	  Index Cond: ((id >= 3677869) AND (id <= 3677969))

table 8 : explain SELECT id FROM sbtest8 WHERE id BETWEEN 3677869 AND 3677969
	Index Only Scan using sbtest8_pkey on sbtest8  (cost=0.43..6.37 rows=97 width=4)
	  Index Cond: ((id >= 3677869) AND (id <= 3677969))

explain: for range-covered :: explain SELECT id FROM sbtest%d WHERE id BETWEEN 3677869 AND 3677969
for range-covered
table 1 : explain SELECT id FROM sbtest1 WHERE id BETWEEN 8446646 AND 8446746
	Index Only Scan using sbtest1_pkey on sbtest1  (cost=0.43..10.38 rows=97 width=4)
	  Index Cond: ((id >= 8446646) AND (id <= 8446746))

table 2 : explain SELECT id FROM sbtest2 WHERE id BETWEEN 8446646 AND 8446746
	Index Only Scan using sbtest2_pkey on sbtest2  (cost=0.43..6.43 rows=100 width=4)
	  Index Cond: ((id >= 8446646) AND (id <= 8446746))

table 3 : explain SELECT id FROM sbtest3 WHERE id BETWEEN 8446646 AND 8446746
	Index Only Scan using sbtest3_pkey on sbtest3  (cost=0.43..10.33 rows=95 width=4)
	  Index Cond: ((id >= 8446646) AND (id <= 8446746))

table 4 : explain SELECT id FROM sbtest4 WHERE id BETWEEN 8446646 AND 8446746
	Index Only Scan using sbtest4_pkey on sbtest4  (cost=0.43..10.38 rows=97 width=4)
	  Index Cond: ((id >= 8446646) AND (id <= 8446746))

table 5 : explain SELECT id FROM sbtest5 WHERE id BETWEEN 8446646 AND 8446746
	Index Only Scan using sbtest5_pkey on sbtest5  (cost=0.43..10.58 rows=107 width=4)
	  Index Cond: ((id >= 8446646) AND (id <= 8446746))

table 6 : explain SELECT id FROM sbtest6 WHERE id BETWEEN 8446646 AND 8446746
	Index Only Scan using sbtest6_pkey on sbtest6  (cost=0.43..6.40 rows=98 width=4)
	  Index Cond: ((id >= 8446646) AND (id <= 8446746))

table 7 : explain SELECT id FROM sbtest7 WHERE id BETWEEN 8446646 AND 8446746
	Index Only Scan using sbtest7_pkey on sbtest7  (cost=0.43..10.54 rows=105 width=4)
	  Index Cond: ((id >= 8446646) AND (id <= 8446746))

table 8 : explain SELECT id FROM sbtest8 WHERE id BETWEEN 8446646 AND 8446746
	Index Only Scan using sbtest8_pkey on sbtest8  (cost=0.43..6.42 rows=99 width=4)
	  Index Cond: ((id >= 8446646) AND (id <= 8446746))

explain: for range-covered :: explain SELECT id FROM sbtest%d WHERE id BETWEEN 8446646 AND 8446746
explain: for range-covered :: explain SELECT id FROM sbtest%d WHERE id BETWEEN 3815438 AND 3815538
for range-covered
table 1 : explain SELECT id FROM sbtest1 WHERE id BETWEEN 3677869 AND 3677969
	Index Only Scan using sbtest1_pkey on sbtest1  (cost=0.43..10.47 rows=102 width=4)
	  Index Cond: ((id >= 3677869) AND (id <= 3677969))

table 2 : explain SELECT id FROM sbtest2 WHERE id BETWEEN 3677869 AND 3677969
	Index Only Scan using sbtest2_pkey on sbtest2  (cost=0.43..6.45 rows=101 width=4)
	  Index Cond: ((id >= 3677869) AND (id <= 3677969))

table 3 : explain SELECT id FROM sbtest3 WHERE id BETWEEN 3677869 AND 3677969
	Index Only Scan using sbtest3_pkey on sbtest3  (cost=0.43..10.46 rows=101 width=4)
	  Index Cond: ((id >= 3677869) AND (id <= 3677969))

table 4 : explain SELECT id FROM sbtest4 WHERE id BETWEEN 3677869 AND 3677969
	Index Only Scan using sbtest4_pkey on sbtest4  (cost=0.43..10.38 rows=97 width=4)
	  Index Cond: ((id >= 3677869) AND (id <= 3677969))

table 5 : explain SELECT id FROM sbtest5 WHERE id BETWEEN 3677869 AND 3677969
	Index Only Scan using sbtest5_pkey on sbtest5  (cost=0.43..10.60 rows=108 width=4)
	  Index Cond: ((id >= 3677869) AND (id <= 3677969))

table 6 : explain SELECT id FROM sbtest6 WHERE id BETWEEN 3677869 AND 3677969
	Index Only Scan using sbtest6_pkey on sbtest6  (cost=0.43..6.51 rows=104 width=4)
	  Index Cond: ((id >= 3677869) AND (id <= 3677969))

table 7 : explain SELECT id FROM sbtest7 WHERE id BETWEEN 3677869 AND 3677969
	Index Only Scan using sbtest7_pkey on sbtest7  (cost=0.43..10.38 rows=97 width=4)
	  Index Cond: ((id >= 3677869) AND (id <= 3677969))

table 8 : explain SELECT id FROM sbtest8 WHERE id BETWEEN 3677869 AND 3677969
	Index Only Scan using sbtest8_pkey on sbtest8  (cost=0.43..6.37 rows=97 width=4)
	  Index Cond: ((id >= 3677869) AND (id <= 3677969))

explain: for range-covered :: explain SELECT id FROM sbtest%d WHERE id BETWEEN 3677869 AND 3677969
for range-covered
table 1 : explain SELECT id FROM sbtest1 WHERE id BETWEEN 7247639 AND 7247739
	Index Only Scan using sbtest1_pkey on sbtest1  (cost=0.43..10.50 rows=103 width=4)
	  Index Cond: ((id >= 7247639) AND (id <= 7247739))

table 2 : explain SELECT id FROM sbtest2 WHERE id BETWEEN 7247639 AND 7247739
	Index Only Scan using sbtest2_pkey on sbtest2  (cost=0.43..6.67 rows=112 width=4)
	  Index Cond: ((id >= 7247639) AND (id <= 7247739))

table 3 : explain SELECT id FROM sbtest3 WHERE id BETWEEN 7247639 AND 7247739
	Index Only Scan using sbtest3_pkey on sbtest3  (cost=0.43..10.40 rows=98 width=4)
	  Index Cond: ((id >= 7247639) AND (id <= 7247739))

table 4 : explain SELECT id FROM sbtest4 WHERE id BETWEEN 7247639 AND 7247739
	Index Only Scan using sbtest4_pkey on sbtest4  (cost=0.43..10.40 rows=98 width=4)
	  Index Cond: ((id >= 7247639) AND (id <= 7247739))

table 5 : explain SELECT id FROM sbtest5 WHERE id BETWEEN 7247639 AND 7247739
	Index Only Scan using sbtest5_pkey on sbtest5  (cost=0.43..10.54 rows=105 width=4)
	  Index Cond: ((id >= 7247639) AND (id <= 7247739))

table 6 : explain SELECT id FROM sbtest6 WHERE id BETWEEN 7247639 AND 7247739
	Index Only Scan using sbtest6_pkey on sbtest6  (cost=0.43..6.33 rows=95 width=4)
	  Index Cond: ((id >= 7247639) AND (id <= 7247739))

table 7 : explain SELECT id FROM sbtest7 WHERE id BETWEEN 7247639 AND 7247739
	Index Only Scan using sbtest7_pkey on sbtest7  (cost=0.43..10.40 rows=98 width=4)
	  Index Cond: ((id >= 7247639) AND (id <= 7247739))

table 8 : explain SELECT id FROM sbtest8 WHERE id BETWEEN 7247639 AND 7247739
	Index Only Scan using sbtest8_pkey on sbtest8  (cost=0.43..6.72 rows=114 width=4)
	  Index Cond: ((id >= 7247639) AND (id <= 7247739))

for range-covered
table 1 : explain SELECT id FROM sbtest1 WHERE id BETWEEN 8446646 AND 8446746
	Index Only Scan using sbtest1_pkey on sbtest1  (cost=0.43..10.38 rows=97 width=4)
	  Index Cond: ((id >= 8446646) AND (id <= 8446746))

table 2 : explain SELECT id FROM sbtest2 WHERE id BETWEEN 8446646 AND 8446746
	Index Only Scan using sbtest2_pkey on sbtest2  (cost=0.43..6.43 rows=100 width=4)
	  Index Cond: ((id >= 8446646) AND (id <= 8446746))

table 3 : explain SELECT id FROM sbtest3 WHERE id BETWEEN 8446646 AND 8446746
	Index Only Scan using sbtest3_pkey on sbtest3  (cost=0.43..10.33 rows=95 width=4)
	  Index Cond: ((id >= 8446646) AND (id <= 8446746))

table 4 : explain SELECT id FROM sbtest4 WHERE id BETWEEN 8446646 AND 8446746
	Index Only Scan using sbtest4_pkey on sbtest4  (cost=0.43..10.38 rows=97 width=4)
	  Index Cond: ((id >= 8446646) AND (id <= 8446746))

table 5 : explain SELECT id FROM sbtest5 WHERE id BETWEEN 8446646 AND 8446746
	Index Only Scan using sbtest5_pkey on sbtest5  (cost=0.43..10.58 rows=107 width=4)
	  Index Cond: ((id >= 8446646) AND (id <= 8446746))

table 6 : explain SELECT id FROM sbtest6 WHERE id BETWEEN 8446646 AND 8446746
	Index Only Scan using sbtest6_pkey on sbtest6  (cost=0.43..6.40 rows=98 width=4)
	  Index Cond: ((id >= 8446646) AND (id <= 8446746))

table 7 : explain SELECT id FROM sbtest7 WHERE id BETWEEN 8446646 AND 8446746
	Index Only Scan using sbtest7_pkey on sbtest7  (cost=0.43..10.54 rows=105 width=4)
	  Index Cond: ((id >= 8446646) AND (id <= 8446746))

table 8 : explain SELECT id FROM sbtest8 WHERE id BETWEEN 8446646 AND 8446746
	Index Only Scan using sbtest8_pkey on sbtest8  (cost=0.43..6.42 rows=99 width=4)
	  Index Cond: ((id >= 8446646) AND (id <= 8446746))

explain: for range-covered :: explain SELECT id FROM sbtest%d WHERE id BETWEEN 7247639 AND 7247739
explain: for range-covered :: explain SELECT id FROM sbtest%d WHERE id BETWEEN 8446646 AND 8446746
explain: for range-covered :: explain SELECT id FROM sbtest%d WHERE id BETWEEN 6533919 AND 6534019
for range-covered
table 1 : explain SELECT id FROM sbtest1 WHERE id BETWEEN 5157414 AND 5157514
	Index Only Scan using sbtest1_pkey on sbtest1  (cost=0.43..10.29 rows=93 width=4)
	  Index Cond: ((id >= 5157414) AND (id <= 5157514))

table 2 : explain SELECT id FROM sbtest2 WHERE id BETWEEN 5157414 AND 5157514
	Index Only Scan using sbtest2_pkey on sbtest2  (cost=0.43..6.61 rows=109 width=4)
	  Index Cond: ((id >= 5157414) AND (id <= 5157514))

table 3 : explain SELECT id FROM sbtest3 WHERE id BETWEEN 5157414 AND 5157514
	Index Only Scan using sbtest3_pkey on sbtest3  (cost=0.43..10.51 rows=104 width=4)
	  Index Cond: ((id >= 5157414) AND (id <= 5157514))

table 4 : explain SELECT id FROM sbtest4 WHERE id BETWEEN 5157414 AND 5157514
	Index Only Scan using sbtest4_pkey on sbtest4  (cost=0.43..10.54 rows=105 width=4)
	  Index Cond: ((id >= 5157414) AND (id <= 5157514))

table 5 : explain SELECT id FROM sbtest5 WHERE id BETWEEN 5157414 AND 5157514
	Index Only Scan using sbtest5_pkey on sbtest5  (cost=0.43..10.22 rows=89 width=4)
	  Index Cond: ((id >= 5157414) AND (id <= 5157514))

table 6 : explain SELECT id FROM sbtest6 WHERE id BETWEEN 5157414 AND 5157514
	Index Only Scan using sbtest6_pkey on sbtest6  (cost=0.43..6.40 rows=98 width=4)
	  Index Cond: ((id >= 5157414) AND (id <= 5157514))

table 7 : explain SELECT id FROM sbtest7 WHERE id BETWEEN 5157414 AND 5157514
	Index Only Scan using sbtest7_pkey on sbtest7  (cost=0.43..10.33 rows=95 width=4)
	  Index Cond: ((id >= 5157414) AND (id <= 5157514))

table 8 : explain SELECT id FROM sbtest8 WHERE id BETWEEN 5157414 AND 5157514
	Index Only Scan using sbtest8_pkey on sbtest8  (cost=0.43..6.59 rows=108 width=4)
	  Index Cond: ((id >= 5157414) AND (id <= 5157514))

explain: for range-covered :: explain SELECT id FROM sbtest%d WHERE id BETWEEN 5157414 AND 5157514
for range-covered
table 1 : explain SELECT id FROM sbtest1 WHERE id BETWEEN 8446646 AND 8446746
	Index Only Scan using sbtest1_pkey on sbtest1  (cost=0.43..10.38 rows=97 width=4)
	  Index Cond: ((id >= 8446646) AND (id <= 8446746))

table 2 : explain SELECT id FROM sbtest2 WHERE id BETWEEN 8446646 AND 8446746
	Index Only Scan using sbtest2_pkey on sbtest2  (cost=0.43..6.43 rows=100 width=4)
	  Index Cond: ((id >= 8446646) AND (id <= 8446746))

table 3 : explain SELECT id FROM sbtest3 WHERE id BETWEEN 8446646 AND 8446746
	Index Only Scan using sbtest3_pkey on sbtest3  (cost=0.43..10.33 rows=95 width=4)
	  Index Cond: ((id >= 8446646) AND (id <= 8446746))

table 4 : explain SELECT id FROM sbtest4 WHERE id BETWEEN 8446646 AND 8446746
	Index Only Scan using sbtest4_pkey on sbtest4  (cost=0.43..10.38 rows=97 width=4)
	  Index Cond: ((id >= 8446646) AND (id <= 8446746))

table 5 : explain SELECT id FROM sbtest5 WHERE id BETWEEN 8446646 AND 8446746
	Index Only Scan using sbtest5_pkey on sbtest5  (cost=0.43..10.58 rows=107 width=4)
	  Index Cond: ((id >= 8446646) AND (id <= 8446746))

table 6 : explain SELECT id FROM sbtest6 WHERE id BETWEEN 8446646 AND 8446746
	Index Only Scan using sbtest6_pkey on sbtest6  (cost=0.43..6.40 rows=98 width=4)
	  Index Cond: ((id >= 8446646) AND (id <= 8446746))

table 7 : explain SELECT id FROM sbtest7 WHERE id BETWEEN 8446646 AND 8446746
	Index Only Scan using sbtest7_pkey on sbtest7  (cost=0.43..10.54 rows=105 width=4)
	  Index Cond: ((id >= 8446646) AND (id <= 8446746))

table 8 : explain SELECT id FROM sbtest8 WHERE id BETWEEN 8446646 AND 8446746
	Index Only Scan using sbtest8_pkey on sbtest8  (cost=0.43..6.42 rows=99 width=4)
	  Index Cond: ((id >= 8446646) AND (id <= 8446746))

explain: for range-covered :: explain SELECT id FROM sbtest%d WHERE id BETWEEN 8446646 AND 8446746
for range-covered
table 1 : explain SELECT id FROM sbtest1 WHERE id BETWEEN 981587 AND 981687
	Index Only Scan using sbtest1_pkey on sbtest1  (cost=0.43..10.44 rows=100 width=4)
	  Index Cond: ((id >= 981587) AND (id <= 981687))

table 2 : explain SELECT id FROM sbtest2 WHERE id BETWEEN 981587 AND 981687
	Index Only Scan using sbtest2_pkey on sbtest2  (cost=0.43..6.63 rows=110 width=4)
	  Index Cond: ((id >= 981587) AND (id <= 981687))

table 3 : explain SELECT id FROM sbtest3 WHERE id BETWEEN 981587 AND 981687
	Index Only Scan using sbtest3_pkey on sbtest3  (cost=0.43..10.26 rows=91 width=4)
	  Index Cond: ((id >= 981587) AND (id <= 981687))

table 4 : explain SELECT id FROM sbtest4 WHERE id BETWEEN 981587 AND 981687
	Index Only Scan using sbtest4_pkey on sbtest4  (cost=0.43..10.40 rows=98 width=4)
	  Index Cond: ((id >= 981587) AND (id <= 981687))

table 5 : explain SELECT id FROM sbtest5 WHERE id BETWEEN 981587 AND 981687
	Index Only Scan using sbtest5_pkey on sbtest5  (cost=0.43..10.40 rows=98 width=4)
	  Index Cond: ((id >= 981587) AND (id <= 981687))

table 6 : explain SELECT id FROM sbtest6 WHERE id BETWEEN 981587 AND 981687
	Index Only Scan using sbtest6_pkey on sbtest6  (cost=0.43..6.47 rows=102 width=4)
	  Index Cond: ((id >= 981587) AND (id <= 981687))

table 7 : explain SELECT id FROM sbtest7 WHERE id BETWEEN 981587 AND 981687
	Index Only Scan using sbtest7_pkey on sbtest7  (cost=0.43..10.56 rows=106 width=4)
	  Index Cond: ((id >= 981587) AND (id <= 981687))

table 8 : explain SELECT id FROM sbtest8 WHERE id BETWEEN 981587 AND 981687
	Index Only Scan using sbtest8_pkey on sbtest8  (cost=0.43..6.51 rows=104 width=4)
	  Index Cond: ((id >= 981587) AND (id <= 981687))

explain: for range-covered :: explain SELECT id FROM sbtest%d WHERE id BETWEEN 981587 AND 981687
for range-covered
table 1 : explain SELECT id FROM sbtest1 WHERE id BETWEEN 4882155 AND 4882255
	Index Only Scan using sbtest1_pkey on sbtest1  (cost=0.43..10.36 rows=96 width=4)
	  Index Cond: ((id >= 4882155) AND (id <= 4882255))

table 2 : explain SELECT id FROM sbtest2 WHERE id BETWEEN 4882155 AND 4882255
	Index Only Scan using sbtest2_pkey on sbtest2  (cost=0.43..6.58 rows=107 width=4)
	  Index Cond: ((id >= 4882155) AND (id <= 4882255))

table 3 : explain SELECT id FROM sbtest3 WHERE id BETWEEN 4882155 AND 4882255
	Index Only Scan using sbtest3_pkey on sbtest3  (cost=0.43..10.50 rows=103 width=4)
	  Index Cond: ((id >= 4882155) AND (id <= 4882255))

table 4 : explain SELECT id FROM sbtest4 WHERE id BETWEEN 4882155 AND 4882255
	Index Only Scan using sbtest4_pkey on sbtest4  (cost=0.43..10.36 rows=96 width=4)
	  Index Cond: ((id >= 4882155) AND (id <= 4882255))

table 5 : explain SELECT id FROM sbtest5 WHERE id BETWEEN 4882155 AND 4882255
	Index Only Scan using sbtest5_pkey on sbtest5  (cost=0.43..10.44 rows=100 width=4)
	  Index Cond: ((id >= 4882155) AND (id <= 4882255))

table 6 : explain SELECT id FROM sbtest6 WHERE id BETWEEN 4882155 AND 4882255
	Index Only Scan using sbtest6_pkey on sbtest6  (cost=0.43..6.51 rows=104 width=4)
	  Index Cond: ((id >= 4882155) AND (id <= 4882255))

table 7 : explain SELECT id FROM sbtest7 WHERE id BETWEEN 4882155 AND 4882255
	Index Only Scan using sbtest7_pkey on sbtest7  (cost=0.43..10.63 rows=110 width=4)
	  Index Cond: ((id >= 4882155) AND (id <= 4882255))

table 8 : explain SELECT id FROM sbtest8 WHERE id BETWEEN 4882155 AND 4882255
	Index Only Scan using sbtest8_pkey on sbtest8  (cost=0.43..6.45 rows=101 width=4)
	  Index Cond: ((id >= 4882155) AND (id <= 4882255))

explain: for range-covered :: explain SELECT id FROM sbtest%d WHERE id BETWEEN 4882155 AND 4882255
for range-covered
table 1 : explain SELECT id FROM sbtest1 WHERE id BETWEEN 8446646 AND 8446746
	Index Only Scan using sbtest1_pkey on sbtest1  (cost=0.43..10.38 rows=97 width=4)
	  Index Cond: ((id >= 8446646) AND (id <= 8446746))

table 2 : explain SELECT id FROM sbtest2 WHERE id BETWEEN 8446646 AND 8446746
	Index Only Scan using sbtest2_pkey on sbtest2  (cost=0.43..6.43 rows=100 width=4)
	  Index Cond: ((id >= 8446646) AND (id <= 8446746))

table 3 : explain SELECT id FROM sbtest3 WHERE id BETWEEN 8446646 AND 8446746
	Index Only Scan using sbtest3_pkey on sbtest3  (cost=0.43..10.33 rows=95 width=4)
	  Index Cond: ((id >= 8446646) AND (id <= 8446746))

table 4 : explain SELECT id FROM sbtest4 WHERE id BETWEEN 8446646 AND 8446746
	Index Only Scan using sbtest4_pkey on sbtest4  (cost=0.43..10.38 rows=97 width=4)
	  Index Cond: ((id >= 8446646) AND (id <= 8446746))

table 5 : explain SELECT id FROM sbtest5 WHERE id BETWEEN 8446646 AND 8446746
	Index Only Scan using sbtest5_pkey on sbtest5  (cost=0.43..10.58 rows=107 width=4)
	  Index Cond: ((id >= 8446646) AND (id <= 8446746))

table 6 : explain SELECT id FROM sbtest6 WHERE id BETWEEN 8446646 AND 8446746
	Index Only Scan using sbtest6_pkey on sbtest6  (cost=0.43..6.40 rows=98 width=4)
	  Index Cond: ((id >= 8446646) AND (id <= 8446746))

table 7 : explain SELECT id FROM sbtest7 WHERE id BETWEEN 8446646 AND 8446746
	Index Only Scan using sbtest7_pkey on sbtest7  (cost=0.43..10.54 rows=105 width=4)
	  Index Cond: ((id >= 8446646) AND (id <= 8446746))

table 8 : explain SELECT id FROM sbtest8 WHERE id BETWEEN 8446646 AND 8446746
	Index Only Scan using sbtest8_pkey on sbtest8  (cost=0.43..6.42 rows=99 width=4)
	  Index Cond: ((id >= 8446646) AND (id <= 8446746))

explain: for range-covered :: explain SELECT id FROM sbtest%d WHERE id BETWEEN 8446646 AND 8446746
for range-covered
table 1 : explain SELECT id FROM sbtest1 WHERE id BETWEEN 5157414 AND 5157514
	Index Only Scan using sbtest1_pkey on sbtest1  (cost=0.43..10.29 rows=93 width=4)
	  Index Cond: ((id >= 5157414) AND (id <= 5157514))

table 2 : explain SELECT id FROM sbtest2 WHERE id BETWEEN 5157414 AND 5157514
	Index Only Scan using sbtest2_pkey on sbtest2  (cost=0.43..6.61 rows=109 width=4)
	  Index Cond: ((id >= 5157414) AND (id <= 5157514))

table 3 : explain SELECT id FROM sbtest3 WHERE id BETWEEN 5157414 AND 5157514
	Index Only Scan using sbtest3_pkey on sbtest3  (cost=0.43..10.51 rows=104 width=4)
	  Index Cond: ((id >= 5157414) AND (id <= 5157514))

table 4 : explain SELECT id FROM sbtest4 WHERE id BETWEEN 5157414 AND 5157514
	Index Only Scan using sbtest4_pkey on sbtest4  (cost=0.43..10.54 rows=105 width=4)
	  Index Cond: ((id >= 5157414) AND (id <= 5157514))

table 5 : explain SELECT id FROM sbtest5 WHERE id BETWEEN 5157414 AND 5157514
	Index Only Scan using sbtest5_pkey on sbtest5  (cost=0.43..10.22 rows=89 width=4)
	  Index Cond: ((id >= 5157414) AND (id <= 5157514))

table 6 : explain SELECT id FROM sbtest6 WHERE id BETWEEN 5157414 AND 5157514
	Index Only Scan using sbtest6_pkey on sbtest6  (cost=0.43..6.40 rows=98 width=4)
	  Index Cond: ((id >= 5157414) AND (id <= 5157514))

table 7 : explain SELECT id FROM sbtest7 WHERE id BETWEEN 5157414 AND 5157514
	Index Only Scan using sbtest7_pkey on sbtest7  (cost=0.43..10.33 rows=95 width=4)
	  Index Cond: ((id >= 5157414) AND (id <= 5157514))

table 8 : explain SELECT id FROM sbtest8 WHERE id BETWEEN 5157414 AND 5157514
	Index Only Scan using sbtest8_pkey on sbtest8  (cost=0.43..6.59 rows=108 width=4)
	  Index Cond: ((id >= 5157414) AND (id <= 5157514))

explain: for range-covered :: explain SELECT id FROM sbtest%d WHERE id BETWEEN 5157414 AND 5157514
for range-covered
table 1 : explain SELECT id FROM sbtest1 WHERE id BETWEEN 981587 AND 981687
	Index Only Scan using sbtest1_pkey on sbtest1  (cost=0.43..10.44 rows=100 width=4)
	  Index Cond: ((id >= 981587) AND (id <= 981687))

table 2 : explain SELECT id FROM sbtest2 WHERE id BETWEEN 981587 AND 981687
	Index Only Scan using sbtest2_pkey on sbtest2  (cost=0.43..6.63 rows=110 width=4)
	  Index Cond: ((id >= 981587) AND (id <= 981687))

table 3 : explain SELECT id FROM sbtest3 WHERE id BETWEEN 981587 AND 981687
	Index Only Scan using sbtest3_pkey on sbtest3  (cost=0.43..10.26 rows=91 width=4)
	  Index Cond: ((id >= 981587) AND (id <= 981687))

table 4 : explain SELECT id FROM sbtest4 WHERE id BETWEEN 981587 AND 981687
	Index Only Scan using sbtest4_pkey on sbtest4  (cost=0.43..10.40 rows=98 width=4)
	  Index Cond: ((id >= 981587) AND (id <= 981687))

table 5 : explain SELECT id FROM sbtest5 WHERE id BETWEEN 981587 AND 981687
	Index Only Scan using sbtest5_pkey on sbtest5  (cost=0.43..10.40 rows=98 width=4)
	  Index Cond: ((id >= 981587) AND (id <= 981687))

table 6 : explain SELECT id FROM sbtest6 WHERE id BETWEEN 981587 AND 981687
	Index Only Scan using sbtest6_pkey on sbtest6  (cost=0.43..6.47 rows=102 width=4)
	  Index Cond: ((id >= 981587) AND (id <= 981687))

table 7 : explain SELECT id FROM sbtest7 WHERE id BETWEEN 981587 AND 981687
	Index Only Scan using sbtest7_pkey on sbtest7  (cost=0.43..10.56 rows=106 width=4)
	  Index Cond: ((id >= 981587) AND (id <= 981687))

table 8 : explain SELECT id FROM sbtest8 WHERE id BETWEEN 981587 AND 981687
	Index Only Scan using sbtest8_pkey on sbtest8  (cost=0.43..6.51 rows=104 width=4)
	  Index Cond: ((id >= 981587) AND (id <= 981687))

explain: for range-covered :: explain SELECT id FROM sbtest%d WHERE id BETWEEN 981587 AND 981687
for range-covered
table 1 : explain SELECT id FROM sbtest1 WHERE id BETWEEN 7247639 AND 7247739
	Index Only Scan using sbtest1_pkey on sbtest1  (cost=0.43..10.50 rows=103 width=4)
	  Index Cond: ((id >= 7247639) AND (id <= 7247739))

table 2 : explain SELECT id FROM sbtest2 WHERE id BETWEEN 7247639 AND 7247739
	Index Only Scan using sbtest2_pkey on sbtest2  (cost=0.43..6.67 rows=112 width=4)
	  Index Cond: ((id >= 7247639) AND (id <= 7247739))

table 3 : explain SELECT id FROM sbtest3 WHERE id BETWEEN 7247639 AND 7247739
	Index Only Scan using sbtest3_pkey on sbtest3  (cost=0.43..10.40 rows=98 width=4)
	  Index Cond: ((id >= 7247639) AND (id <= 7247739))

table 4 : explain SELECT id FROM sbtest4 WHERE id BETWEEN 7247639 AND 7247739
	Index Only Scan using sbtest4_pkey on sbtest4  (cost=0.43..10.40 rows=98 width=4)
	  Index Cond: ((id >= 7247639) AND (id <= 7247739))

table 5 : explain SELECT id FROM sbtest5 WHERE id BETWEEN 7247639 AND 7247739
	Index Only Scan using sbtest5_pkey on sbtest5  (cost=0.43..10.54 rows=105 width=4)
	  Index Cond: ((id >= 7247639) AND (id <= 7247739))

table 6 : explain SELECT id FROM sbtest6 WHERE id BETWEEN 7247639 AND 7247739
	Index Only Scan using sbtest6_pkey on sbtest6  (cost=0.43..6.33 rows=95 width=4)
	  Index Cond: ((id >= 7247639) AND (id <= 7247739))

table 7 : explain SELECT id FROM sbtest7 WHERE id BETWEEN 7247639 AND 7247739
	Index Only Scan using sbtest7_pkey on sbtest7  (cost=0.43..10.40 rows=98 width=4)
	  Index Cond: ((id >= 7247639) AND (id <= 7247739))

table 8 : explain SELECT id FROM sbtest8 WHERE id BETWEEN 7247639 AND 7247739
	Index Only Scan using sbtest8_pkey on sbtest8  (cost=0.43..6.72 rows=114 width=4)
	  Index Cond: ((id >= 7247639) AND (id <= 7247739))

for range-covered
table 1 : explain SELECT id FROM sbtest1 WHERE id BETWEEN 5966930 AND 5967030
	Index Only Scan using sbtest1_pkey on sbtest1  (cost=0.43..10.46 rows=101 width=4)
	  Index Cond: ((id >= 5966930) AND (id <= 5967030))

table 2 : explain SELECT id FROM sbtest2 WHERE id BETWEEN 5966930 AND 5967030
	Index Only Scan using sbtest2_pkey on sbtest2  (cost=0.43..6.21 rows=89 width=4)
	  Index Cond: ((id >= 5966930) AND (id <= 5967030))

table 3 : explain SELECT id FROM sbtest3 WHERE id BETWEEN 5966930 AND 5967030
	Index Only Scan using sbtest3_pkey on sbtest3  (cost=0.43..10.51 rows=104 width=4)
	  Index Cond: ((id >= 5966930) AND (id <= 5967030))

table 4 : explain SELECT id FROM sbtest4 WHERE id BETWEEN 5966930 AND 5967030
	Index Only Scan using sbtest4_pkey on sbtest4  (cost=0.43..10.36 rows=96 width=4)
	  Index Cond: ((id >= 5966930) AND (id <= 5967030))

table 5 : explain SELECT id FROM sbtest5 WHERE id BETWEEN 5966930 AND 5967030
	Index Only Scan using sbtest5_pkey on sbtest5  (cost=0.43..10.51 rows=104 width=4)
	  Index Cond: ((id >= 5966930) AND (id <= 5967030))

table 6 : explain SELECT id FROM sbtest6 WHERE id BETWEEN 5966930 AND 5967030
	Index Only Scan using sbtest6_pkey on sbtest6  (cost=0.43..6.53 rows=105 width=4)
	  Index Cond: ((id >= 5966930) AND (id <= 5967030))

table 7 : explain SELECT id FROM sbtest7 WHERE id BETWEEN 5966930 AND 5967030
	Index Only Scan using sbtest7_pkey on sbtest7  (cost=0.43..10.42 rows=99 width=4)
	  Index Cond: ((id >= 5966930) AND (id <= 5967030))

table 8 : explain SELECT id FROM sbtest8 WHERE id BETWEEN 5966930 AND 5967030
	Index Only Scan using sbtest8_pkey on sbtest8  (cost=0.43..6.53 rows=105 width=4)
	  Index Cond: ((id >= 5966930) AND (id <= 5967030))

explain: for range-covered :: explain SELECT id FROM sbtest%d WHERE id BETWEEN 7247639 AND 7247739
for range-covered
table 1 : explain SELECT id FROM sbtest1 WHERE id BETWEEN 981587 AND 981687
	Index Only Scan using sbtest1_pkey on sbtest1  (cost=0.43..10.44 rows=100 width=4)
	  Index Cond: ((id >= 981587) AND (id <= 981687))

table 2 : explain SELECT id FROM sbtest2 WHERE id BETWEEN 981587 AND 981687
	Index Only Scan using sbtest2_pkey on sbtest2  (cost=0.43..6.63 rows=110 width=4)
	  Index Cond: ((id >= 981587) AND (id <= 981687))

table 3 : explain SELECT id FROM sbtest3 WHERE id BETWEEN 981587 AND 981687
	Index Only Scan using sbtest3_pkey on sbtest3  (cost=0.43..10.26 rows=91 width=4)
	  Index Cond: ((id >= 981587) AND (id <= 981687))

table 4 : explain SELECT id FROM sbtest4 WHERE id BETWEEN 981587 AND 981687
	Index Only Scan using sbtest4_pkey on sbtest4  (cost=0.43..10.40 rows=98 width=4)
	  Index Cond: ((id >= 981587) AND (id <= 981687))

table 5 : explain SELECT id FROM sbtest5 WHERE id BETWEEN 981587 AND 981687
	Index Only Scan using sbtest5_pkey on sbtest5  (cost=0.43..10.40 rows=98 width=4)
	  Index Cond: ((id >= 981587) AND (id <= 981687))

table 6 : explain SELECT id FROM sbtest6 WHERE id BETWEEN 981587 AND 981687
	Index Only Scan using sbtest6_pkey on sbtest6  (cost=0.43..6.47 rows=102 width=4)
	  Index Cond: ((id >= 981587) AND (id <= 981687))

table 7 : explain SELECT id FROM sbtest7 WHERE id BETWEEN 981587 AND 981687
	Index Only Scan using sbtest7_pkey on sbtest7  (cost=0.43..10.56 rows=106 width=4)
	  Index Cond: ((id >= 981587) AND (id <= 981687))

table 8 : explain SELECT id FROM sbtest8 WHERE id BETWEEN 981587 AND 981687
	Index Only Scan using sbtest8_pkey on sbtest8  (cost=0.43..6.51 rows=104 width=4)
	  Index Cond: ((id >= 981587) AND (id <= 981687))

explain: for range-covered :: explain SELECT id FROM sbtest%d WHERE id BETWEEN 981587 AND 981687
for range-covered
table 1 : explain SELECT id FROM sbtest1 WHERE id BETWEEN 8446646 AND 8446746
	Index Only Scan using sbtest1_pkey on sbtest1  (cost=0.43..10.38 rows=97 width=4)
	  Index Cond: ((id >= 8446646) AND (id <= 8446746))

table 2 : explain SELECT id FROM sbtest2 WHERE id BETWEEN 8446646 AND 8446746
	Index Only Scan using sbtest2_pkey on sbtest2  (cost=0.43..6.43 rows=100 width=4)
	  Index Cond: ((id >= 8446646) AND (id <= 8446746))

table 3 : explain SELECT id FROM sbtest3 WHERE id BETWEEN 8446646 AND 8446746
	Index Only Scan using sbtest3_pkey on sbtest3  (cost=0.43..10.33 rows=95 width=4)
	  Index Cond: ((id >= 8446646) AND (id <= 8446746))

table 4 : explain SELECT id FROM sbtest4 WHERE id BETWEEN 8446646 AND 8446746
	Index Only Scan using sbtest4_pkey on sbtest4  (cost=0.43..10.38 rows=97 width=4)
	  Index Cond: ((id >= 8446646) AND (id <= 8446746))

table 5 : explain SELECT id FROM sbtest5 WHERE id BETWEEN 8446646 AND 8446746
	Index Only Scan using sbtest5_pkey on sbtest5  (cost=0.43..10.58 rows=107 width=4)
	  Index Cond: ((id >= 8446646) AND (id <= 8446746))

table 6 : explain SELECT id FROM sbtest6 WHERE id BETWEEN 8446646 AND 8446746
	Index Only Scan using sbtest6_pkey on sbtest6  (cost=0.43..6.40 rows=98 width=4)
	  Index Cond: ((id >= 8446646) AND (id <= 8446746))

table 7 : explain SELECT id FROM sbtest7 WHERE id BETWEEN 8446646 AND 8446746
	Index Only Scan using sbtest7_pkey on sbtest7  (cost=0.43..10.54 rows=105 width=4)
	  Index Cond: ((id >= 8446646) AND (id <= 8446746))

table 8 : explain SELECT id FROM sbtest8 WHERE id BETWEEN 8446646 AND 8446746
	Index Only Scan using sbtest8_pkey on sbtest8  (cost=0.43..6.42 rows=99 width=4)
	  Index Cond: ((id >= 8446646) AND (id <= 8446746))

for range-covered
table 1 : explain SELECT id FROM sbtest1 WHERE id BETWEEN 4882155 AND 4882255
	Index Only Scan using sbtest1_pkey on sbtest1  (cost=0.43..10.36 rows=96 width=4)
	  Index Cond: ((id >= 4882155) AND (id <= 4882255))

table 2 : explain SELECT id FROM sbtest2 WHERE id BETWEEN 4882155 AND 4882255
	Index Only Scan using sbtest2_pkey on sbtest2  (cost=0.43..6.58 rows=107 width=4)
	  Index Cond: ((id >= 4882155) AND (id <= 4882255))

table 3 : explain SELECT id FROM sbtest3 WHERE id BETWEEN 4882155 AND 4882255
	Index Only Scan using sbtest3_pkey on sbtest3  (cost=0.43..10.50 rows=103 width=4)
	  Index Cond: ((id >= 4882155) AND (id <= 4882255))

table 4 : explain SELECT id FROM sbtest4 WHERE id BETWEEN 4882155 AND 4882255
	Index Only Scan using sbtest4_pkey on sbtest4  (cost=0.43..10.36 rows=96 width=4)
	  Index Cond: ((id >= 4882155) AND (id <= 4882255))

table 5 : explain SELECT id FROM sbtest5 WHERE id BETWEEN 4882155 AND 4882255
	Index Only Scan using sbtest5_pkey on sbtest5  (cost=0.43..10.44 rows=100 width=4)
	  Index Cond: ((id >= 4882155) AND (id <= 4882255))

table 6 : explain SELECT id FROM sbtest6 WHERE id BETWEEN 4882155 AND 4882255
	Index Only Scan using sbtest6_pkey on sbtest6  (cost=0.43..6.51 rows=104 width=4)
	  Index Cond: ((id >= 4882155) AND (id <= 4882255))

table 7 : explain SELECT id FROM sbtest7 WHERE id BETWEEN 4882155 AND 4882255
	Index Only Scan using sbtest7_pkey on sbtest7  (cost=0.43..10.63 rows=110 width=4)
	  Index Cond: ((id >= 4882155) AND (id <= 4882255))

table 8 : explain SELECT id FROM sbtest8 WHERE id BETWEEN 4882155 AND 4882255
	Index Only Scan using sbtest8_pkey on sbtest8  (cost=0.43..6.45 rows=101 width=4)
	  Index Cond: ((id >= 4882155) AND (id <= 4882255))

explain: for range-covered :: explain SELECT id FROM sbtest%d WHERE id BETWEEN 8446646 AND 8446746
explain: for range-covered :: explain SELECT id FROM sbtest%d WHERE id BETWEEN 4882155 AND 4882255
for range-covered
table 1 : explain SELECT id FROM sbtest1 WHERE id BETWEEN 5157414 AND 5157514
	Index Only Scan using sbtest1_pkey on sbtest1  (cost=0.43..10.29 rows=93 width=4)
	  Index Cond: ((id >= 5157414) AND (id <= 5157514))

table 2 : explain SELECT id FROM sbtest2 WHERE id BETWEEN 5157414 AND 5157514
	Index Only Scan using sbtest2_pkey on sbtest2  (cost=0.43..6.61 rows=109 width=4)
	  Index Cond: ((id >= 5157414) AND (id <= 5157514))

table 3 : explain SELECT id FROM sbtest3 WHERE id BETWEEN 5157414 AND 5157514
	Index Only Scan using sbtest3_pkey on sbtest3  (cost=0.43..10.51 rows=104 width=4)
	  Index Cond: ((id >= 5157414) AND (id <= 5157514))

table 4 : explain SELECT id FROM sbtest4 WHERE id BETWEEN 5157414 AND 5157514
	Index Only Scan using sbtest4_pkey on sbtest4  (cost=0.43..10.54 rows=105 width=4)
	  Index Cond: ((id >= 5157414) AND (id <= 5157514))

table 5 : explain SELECT id FROM sbtest5 WHERE id BETWEEN 5157414 AND 5157514
	Index Only Scan using sbtest5_pkey on sbtest5  (cost=0.43..10.22 rows=89 width=4)
	  Index Cond: ((id >= 5157414) AND (id <= 5157514))

table 6 : explain SELECT id FROM sbtest6 WHERE id BETWEEN 5157414 AND 5157514
	Index Only Scan using sbtest6_pkey on sbtest6  (cost=0.43..6.40 rows=98 width=4)
	  Index Cond: ((id >= 5157414) AND (id <= 5157514))

table 7 : explain SELECT id FROM sbtest7 WHERE id BETWEEN 5157414 AND 5157514
	Index Only Scan using sbtest7_pkey on sbtest7  (cost=0.43..10.33 rows=95 width=4)
	  Index Cond: ((id >= 5157414) AND (id <= 5157514))

table 8 : explain SELECT id FROM sbtest8 WHERE id BETWEEN 5157414 AND 5157514
	Index Only Scan using sbtest8_pkey on sbtest8  (cost=0.43..6.59 rows=108 width=4)
	  Index Cond: ((id >= 5157414) AND (id <= 5157514))

explain: for range-covered :: explain SELECT id FROM sbtest%d WHERE id BETWEEN 5157414 AND 5157514
for range-covered
table 1 : explain SELECT id FROM sbtest1 WHERE id BETWEEN 3677869 AND 3677969
	Index Only Scan using sbtest1_pkey on sbtest1  (cost=0.43..10.47 rows=102 width=4)
	  Index Cond: ((id >= 3677869) AND (id <= 3677969))

table 2 : explain SELECT id FROM sbtest2 WHERE id BETWEEN 3677869 AND 3677969
	Index Only Scan using sbtest2_pkey on sbtest2  (cost=0.43..6.45 rows=101 width=4)
	  Index Cond: ((id >= 3677869) AND (id <= 3677969))

table 3 : explain SELECT id FROM sbtest3 WHERE id BETWEEN 3677869 AND 3677969
	Index Only Scan using sbtest3_pkey on sbtest3  (cost=0.43..10.46 rows=101 width=4)
	  Index Cond: ((id >= 3677869) AND (id <= 3677969))

table 4 : explain SELECT id FROM sbtest4 WHERE id BETWEEN 3677869 AND 3677969
	Index Only Scan using sbtest4_pkey on sbtest4  (cost=0.43..10.38 rows=97 width=4)
	  Index Cond: ((id >= 3677869) AND (id <= 3677969))

table 5 : explain SELECT id FROM sbtest5 WHERE id BETWEEN 3677869 AND 3677969
	Index Only Scan using sbtest5_pkey on sbtest5  (cost=0.43..10.60 rows=108 width=4)
	  Index Cond: ((id >= 3677869) AND (id <= 3677969))

table 6 : explain SELECT id FROM sbtest6 WHERE id BETWEEN 3677869 AND 3677969
	Index Only Scan using sbtest6_pkey on sbtest6  (cost=0.43..6.51 rows=104 width=4)
	  Index Cond: ((id >= 3677869) AND (id <= 3677969))

table 7 : explain SELECT id FROM sbtest7 WHERE id BETWEEN 3677869 AND 3677969
	Index Only Scan using sbtest7_pkey on sbtest7  (cost=0.43..10.38 rows=97 width=4)
	  Index Cond: ((id >= 3677869) AND (id <= 3677969))

table 8 : explain SELECT id FROM sbtest8 WHERE id BETWEEN 3677869 AND 3677969
	Index Only Scan using sbtest8_pkey on sbtest8  (cost=0.43..6.37 rows=97 width=4)
	  Index Cond: ((id >= 3677869) AND (id <= 3677969))

for range-covered
table 1 : explain SELECT id FROM sbtest1 WHERE id BETWEEN 981587 AND 981687
	Index Only Scan using sbtest1_pkey on sbtest1  (cost=0.43..10.44 rows=100 width=4)
	  Index Cond: ((id >= 981587) AND (id <= 981687))

table 2 : explain SELECT id FROM sbtest2 WHERE id BETWEEN 981587 AND 981687
	Index Only Scan using sbtest2_pkey on sbtest2  (cost=0.43..6.63 rows=110 width=4)
	  Index Cond: ((id >= 981587) AND (id <= 981687))

table 3 : explain SELECT id FROM sbtest3 WHERE id BETWEEN 981587 AND 981687
	Index Only Scan using sbtest3_pkey on sbtest3  (cost=0.43..10.26 rows=91 width=4)
	  Index Cond: ((id >= 981587) AND (id <= 981687))

table 4 : explain SELECT id FROM sbtest4 WHERE id BETWEEN 981587 AND 981687
	Index Only Scan using sbtest4_pkey on sbtest4  (cost=0.43..10.40 rows=98 width=4)
	  Index Cond: ((id >= 981587) AND (id <= 981687))

table 5 : explain SELECT id FROM sbtest5 WHERE id BETWEEN 981587 AND 981687
	Index Only Scan using sbtest5_pkey on sbtest5  (cost=0.43..10.40 rows=98 width=4)
	  Index Cond: ((id >= 981587) AND (id <= 981687))

table 6 : explain SELECT id FROM sbtest6 WHERE id BETWEEN 981587 AND 981687
	Index Only Scan using sbtest6_pkey on sbtest6  (cost=0.43..6.47 rows=102 width=4)
	  Index Cond: ((id >= 981587) AND (id <= 981687))

table 7 : explain SELECT id FROM sbtest7 WHERE id BETWEEN 981587 AND 981687
	Index Only Scan using sbtest7_pkey on sbtest7  (cost=0.43..10.56 rows=106 width=4)
	  Index Cond: ((id >= 981587) AND (id <= 981687))

table 8 : explain SELECT id FROM sbtest8 WHERE id BETWEEN 981587 AND 981687
	Index Only Scan using sbtest8_pkey on sbtest8  (cost=0.43..6.51 rows=104 width=4)
	  Index Cond: ((id >= 981587) AND (id <= 981687))

explain: for range-covered :: explain SELECT id FROM sbtest%d WHERE id BETWEEN 981587 AND 981687
for range-covered
table 1 : explain SELECT id FROM sbtest1 WHERE id BETWEEN 4882155 AND 4882255
	Index Only Scan using sbtest1_pkey on sbtest1  (cost=0.43..10.36 rows=96 width=4)
	  Index Cond: ((id >= 4882155) AND (id <= 4882255))

table 2 : explain SELECT id FROM sbtest2 WHERE id BETWEEN 4882155 AND 4882255
	Index Only Scan using sbtest2_pkey on sbtest2  (cost=0.43..6.58 rows=107 width=4)
	  Index Cond: ((id >= 4882155) AND (id <= 4882255))

table 3 : explain SELECT id FROM sbtest3 WHERE id BETWEEN 4882155 AND 4882255
	Index Only Scan using sbtest3_pkey on sbtest3  (cost=0.43..10.50 rows=103 width=4)
	  Index Cond: ((id >= 4882155) AND (id <= 4882255))

table 4 : explain SELECT id FROM sbtest4 WHERE id BETWEEN 4882155 AND 4882255
	Index Only Scan using sbtest4_pkey on sbtest4  (cost=0.43..10.36 rows=96 width=4)
	  Index Cond: ((id >= 4882155) AND (id <= 4882255))

table 5 : explain SELECT id FROM sbtest5 WHERE id BETWEEN 4882155 AND 4882255
	Index Only Scan using sbtest5_pkey on sbtest5  (cost=0.43..10.44 rows=100 width=4)
	  Index Cond: ((id >= 4882155) AND (id <= 4882255))

table 6 : explain SELECT id FROM sbtest6 WHERE id BETWEEN 4882155 AND 4882255
	Index Only Scan using sbtest6_pkey on sbtest6  (cost=0.43..6.51 rows=104 width=4)
	  Index Cond: ((id >= 4882155) AND (id <= 4882255))

table 7 : explain SELECT id FROM sbtest7 WHERE id BETWEEN 4882155 AND 4882255
	Index Only Scan using sbtest7_pkey on sbtest7  (cost=0.43..10.63 rows=110 width=4)
	  Index Cond: ((id >= 4882155) AND (id <= 4882255))

table 8 : explain SELECT id FROM sbtest8 WHERE id BETWEEN 4882155 AND 4882255
	Index Only Scan using sbtest8_pkey on sbtest8  (cost=0.43..6.45 rows=101 width=4)
	  Index Cond: ((id >= 4882155) AND (id <= 4882255))

explain: for range-covered :: explain SELECT id FROM sbtest%d WHERE id BETWEEN 4882155 AND 4882255
explain: for range-covered :: explain SELECT id FROM sbtest%d WHERE id BETWEEN 5966930 AND 5967030
for range-covered
table 1 : explain SELECT id FROM sbtest1 WHERE id BETWEEN 8446646 AND 8446746
	Index Only Scan using sbtest1_pkey on sbtest1  (cost=0.43..10.38 rows=97 width=4)
	  Index Cond: ((id >= 8446646) AND (id <= 8446746))

table 2 : explain SELECT id FROM sbtest2 WHERE id BETWEEN 8446646 AND 8446746
	Index Only Scan using sbtest2_pkey on sbtest2  (cost=0.43..6.43 rows=100 width=4)
	  Index Cond: ((id >= 8446646) AND (id <= 8446746))

table 3 : explain SELECT id FROM sbtest3 WHERE id BETWEEN 8446646 AND 8446746
	Index Only Scan using sbtest3_pkey on sbtest3  (cost=0.43..10.33 rows=95 width=4)
	  Index Cond: ((id >= 8446646) AND (id <= 8446746))

table 4 : explain SELECT id FROM sbtest4 WHERE id BETWEEN 8446646 AND 8446746
	Index Only Scan using sbtest4_pkey on sbtest4  (cost=0.43..10.38 rows=97 width=4)
	  Index Cond: ((id >= 8446646) AND (id <= 8446746))

table 5 : explain SELECT id FROM sbtest5 WHERE id BETWEEN 8446646 AND 8446746
	Index Only Scan using sbtest5_pkey on sbtest5  (cost=0.43..10.58 rows=107 width=4)
	  Index Cond: ((id >= 8446646) AND (id <= 8446746))

table 6 : explain SELECT id FROM sbtest6 WHERE id BETWEEN 8446646 AND 8446746
	Index Only Scan using sbtest6_pkey on sbtest6  (cost=0.43..6.40 rows=98 width=4)
	  Index Cond: ((id >= 8446646) AND (id <= 8446746))

table 7 : explain SELECT id FROM sbtest7 WHERE id BETWEEN 8446646 AND 8446746
	Index Only Scan using sbtest7_pkey on sbtest7  (cost=0.43..10.54 rows=105 width=4)
	  Index Cond: ((id >= 8446646) AND (id <= 8446746))

table 8 : explain SELECT id FROM sbtest8 WHERE id BETWEEN 8446646 AND 8446746
	Index Only Scan using sbtest8_pkey on sbtest8  (cost=0.43..6.42 rows=99 width=4)
	  Index Cond: ((id >= 8446646) AND (id <= 8446746))

for range-covered
table 1 : explain SELECT id FROM sbtest1 WHERE id BETWEEN 981587 AND 981687
	Index Only Scan using sbtest1_pkey on sbtest1  (cost=0.43..10.44 rows=100 width=4)
	  Index Cond: ((id >= 981587) AND (id <= 981687))

table 2 : explain SELECT id FROM sbtest2 WHERE id BETWEEN 981587 AND 981687
	Index Only Scan using sbtest2_pkey on sbtest2  (cost=0.43..6.63 rows=110 width=4)
	  Index Cond: ((id >= 981587) AND (id <= 981687))

table 3 : explain SELECT id FROM sbtest3 WHERE id BETWEEN 981587 AND 981687
	Index Only Scan using sbtest3_pkey on sbtest3  (cost=0.43..10.26 rows=91 width=4)
	  Index Cond: ((id >= 981587) AND (id <= 981687))

table 4 : explain SELECT id FROM sbtest4 WHERE id BETWEEN 981587 AND 981687
	Index Only Scan using sbtest4_pkey on sbtest4  (cost=0.43..10.40 rows=98 width=4)
	  Index Cond: ((id >= 981587) AND (id <= 981687))

table 5 : explain SELECT id FROM sbtest5 WHERE id BETWEEN 981587 AND 981687
	Index Only Scan using sbtest5_pkey on sbtest5  (cost=0.43..10.40 rows=98 width=4)
	  Index Cond: ((id >= 981587) AND (id <= 981687))

table 6 : explain SELECT id FROM sbtest6 WHERE id BETWEEN 981587 AND 981687
	Index Only Scan using sbtest6_pkey on sbtest6  (cost=0.43..6.47 rows=102 width=4)
	  Index Cond: ((id >= 981587) AND (id <= 981687))

table 7 : explain SELECT id FROM sbtest7 WHERE id BETWEEN 981587 AND 981687
	Index Only Scan using sbtest7_pkey on sbtest7  (cost=0.43..10.56 rows=106 width=4)
	  Index Cond: ((id >= 981587) AND (id <= 981687))

table 8 : explain SELECT id FROM sbtest8 WHERE id BETWEEN 981587 AND 981687
	Index Only Scan using sbtest8_pkey on sbtest8  (cost=0.43..6.51 rows=104 width=4)
	  Index Cond: ((id >= 981587) AND (id <= 981687))

explain: for range-covered :: explain SELECT id FROM sbtest%d WHERE id BETWEEN 8446646 AND 8446746
explain: for range-covered :: explain SELECT id FROM sbtest%d WHERE id BETWEEN 981587 AND 981687
for range-covered
table 1 : explain SELECT id FROM sbtest1 WHERE id BETWEEN 7247639 AND 7247739
	Index Only Scan using sbtest1_pkey on sbtest1  (cost=0.43..10.50 rows=103 width=4)
	  Index Cond: ((id >= 7247639) AND (id <= 7247739))

table 2 : explain SELECT id FROM sbtest2 WHERE id BETWEEN 7247639 AND 7247739
	Index Only Scan using sbtest2_pkey on sbtest2  (cost=0.43..6.67 rows=112 width=4)
	  Index Cond: ((id >= 7247639) AND (id <= 7247739))

table 3 : explain SELECT id FROM sbtest3 WHERE id BETWEEN 7247639 AND 7247739
	Index Only Scan using sbtest3_pkey on sbtest3  (cost=0.43..10.40 rows=98 width=4)
	  Index Cond: ((id >= 7247639) AND (id <= 7247739))

table 4 : explain SELECT id FROM sbtest4 WHERE id BETWEEN 7247639 AND 7247739
	Index Only Scan using sbtest4_pkey on sbtest4  (cost=0.43..10.40 rows=98 width=4)
	  Index Cond: ((id >= 7247639) AND (id <= 7247739))

table 5 : explain SELECT id FROM sbtest5 WHERE id BETWEEN 7247639 AND 7247739
	Index Only Scan using sbtest5_pkey on sbtest5  (cost=0.43..10.54 rows=105 width=4)
	  Index Cond: ((id >= 7247639) AND (id <= 7247739))

table 6 : explain SELECT id FROM sbtest6 WHERE id BETWEEN 7247639 AND 7247739
	Index Only Scan using sbtest6_pkey on sbtest6  (cost=0.43..6.33 rows=95 width=4)
	  Index Cond: ((id >= 7247639) AND (id <= 7247739))

table 7 : explain SELECT id FROM sbtest7 WHERE id BETWEEN 7247639 AND 7247739
	Index Only Scan using sbtest7_pkey on sbtest7  (cost=0.43..10.40 rows=98 width=4)
	  Index Cond: ((id >= 7247639) AND (id <= 7247739))

table 8 : explain SELECT id FROM sbtest8 WHERE id BETWEEN 7247639 AND 7247739
	Index Only Scan using sbtest8_pkey on sbtest8  (cost=0.43..6.72 rows=114 width=4)
	  Index Cond: ((id >= 7247639) AND (id <= 7247739))

for range-covered
table 1 : explain SELECT id FROM sbtest1 WHERE id BETWEEN 5157414 AND 5157514
	Index Only Scan using sbtest1_pkey on sbtest1  (cost=0.43..10.29 rows=93 width=4)
	  Index Cond: ((id >= 5157414) AND (id <= 5157514))

table 2 : explain SELECT id FROM sbtest2 WHERE id BETWEEN 5157414 AND 5157514
	Index Only Scan using sbtest2_pkey on sbtest2  (cost=0.43..6.61 rows=109 width=4)
	  Index Cond: ((id >= 5157414) AND (id <= 5157514))

table 3 : explain SELECT id FROM sbtest3 WHERE id BETWEEN 5157414 AND 5157514
	Index Only Scan using sbtest3_pkey on sbtest3  (cost=0.43..10.51 rows=104 width=4)
	  Index Cond: ((id >= 5157414) AND (id <= 5157514))

table 4 : explain SELECT id FROM sbtest4 WHERE id BETWEEN 5157414 AND 5157514
	Index Only Scan using sbtest4_pkey on sbtest4  (cost=0.43..10.54 rows=105 width=4)
	  Index Cond: ((id >= 5157414) AND (id <= 5157514))

table 5 : explain SELECT id FROM sbtest5 WHERE id BETWEEN 5157414 AND 5157514
	Index Only Scan using sbtest5_pkey on sbtest5  (cost=0.43..10.22 rows=89 width=4)
	  Index Cond: ((id >= 5157414) AND (id <= 5157514))

table 6 : explain SELECT id FROM sbtest6 WHERE id BETWEEN 5157414 AND 5157514
	Index Only Scan using sbtest6_pkey on sbtest6  (cost=0.43..6.40 rows=98 width=4)
	  Index Cond: ((id >= 5157414) AND (id <= 5157514))

table 7 : explain SELECT id FROM sbtest7 WHERE id BETWEEN 5157414 AND 5157514
	Index Only Scan using sbtest7_pkey on sbtest7  (cost=0.43..10.33 rows=95 width=4)
	  Index Cond: ((id >= 5157414) AND (id <= 5157514))

table 8 : explain SELECT id FROM sbtest8 WHERE id BETWEEN 5157414 AND 5157514
	Index Only Scan using sbtest8_pkey on sbtest8  (cost=0.43..6.59 rows=108 width=4)
	  Index Cond: ((id >= 5157414) AND (id <= 5157514))

for range-covered
table 1 : explain SELECT id FROM sbtest1 WHERE id BETWEEN 4882155 AND 4882255
	Index Only Scan using sbtest1_pkey on sbtest1  (cost=0.43..10.36 rows=96 width=4)
	  Index Cond: ((id >= 4882155) AND (id <= 4882255))

table 2 : explain SELECT id FROM sbtest2 WHERE id BETWEEN 4882155 AND 4882255
	Index Only Scan using sbtest2_pkey on sbtest2  (cost=0.43..6.58 rows=107 width=4)
	  Index Cond: ((id >= 4882155) AND (id <= 4882255))

table 3 : explain SELECT id FROM sbtest3 WHERE id BETWEEN 4882155 AND 4882255
	Index Only Scan using sbtest3_pkey on sbtest3  (cost=0.43..10.50 rows=103 width=4)
	  Index Cond: ((id >= 4882155) AND (id <= 4882255))

table 4 : explain SELECT id FROM sbtest4 WHERE id BETWEEN 4882155 AND 4882255
	Index Only Scan using sbtest4_pkey on sbtest4  (cost=0.43..10.36 rows=96 width=4)
	  Index Cond: ((id >= 4882155) AND (id <= 4882255))

table 5 : explain SELECT id FROM sbtest5 WHERE id BETWEEN 4882155 AND 4882255
	Index Only Scan using sbtest5_pkey on sbtest5  (cost=0.43..10.44 rows=100 width=4)
	  Index Cond: ((id >= 4882155) AND (id <= 4882255))

table 6 : explain SELECT id FROM sbtest6 WHERE id BETWEEN 4882155 AND 4882255
	Index Only Scan using sbtest6_pkey on sbtest6  (cost=0.43..6.51 rows=104 width=4)
	  Index Cond: ((id >= 4882155) AND (id <= 4882255))

table 7 : explain SELECT id FROM sbtest7 WHERE id BETWEEN 4882155 AND 4882255
	Index Only Scan using sbtest7_pkey on sbtest7  (cost=0.43..10.63 rows=110 width=4)
	  Index Cond: ((id >= 4882155) AND (id <= 4882255))

table 8 : explain SELECT id FROM sbtest8 WHERE id BETWEEN 4882155 AND 4882255
	Index Only Scan using sbtest8_pkey on sbtest8  (cost=0.43..6.45 rows=101 width=4)
	  Index Cond: ((id >= 4882155) AND (id <= 4882255))

explain: for range-covered :: explain SELECT id FROM sbtest%d WHERE id BETWEEN 5157414 AND 5157514
explain: for range-covered :: explain SELECT id FROM sbtest%d WHERE id BETWEEN 4882155 AND 4882255
explain: for range-covered :: explain SELECT id FROM sbtest%d WHERE id BETWEEN 7247639 AND 7247739
for range-covered
table 1 : explain SELECT id FROM sbtest1 WHERE id BETWEEN 981587 AND 981687
	Index Only Scan using sbtest1_pkey on sbtest1  (cost=0.43..10.44 rows=100 width=4)
	  Index Cond: ((id >= 981587) AND (id <= 981687))

table 2 : explain SELECT id FROM sbtest2 WHERE id BETWEEN 981587 AND 981687
	Index Only Scan using sbtest2_pkey on sbtest2  (cost=0.43..6.63 rows=110 width=4)
	  Index Cond: ((id >= 981587) AND (id <= 981687))

table 3 : explain SELECT id FROM sbtest3 WHERE id BETWEEN 981587 AND 981687
	Index Only Scan using sbtest3_pkey on sbtest3  (cost=0.43..10.26 rows=91 width=4)
	  Index Cond: ((id >= 981587) AND (id <= 981687))

table 4 : explain SELECT id FROM sbtest4 WHERE id BETWEEN 981587 AND 981687
	Index Only Scan using sbtest4_pkey on sbtest4  (cost=0.43..10.40 rows=98 width=4)
	  Index Cond: ((id >= 981587) AND (id <= 981687))

table 5 : explain SELECT id FROM sbtest5 WHERE id BETWEEN 981587 AND 981687
	Index Only Scan using sbtest5_pkey on sbtest5  (cost=0.43..10.40 rows=98 width=4)
	  Index Cond: ((id >= 981587) AND (id <= 981687))

table 6 : explain SELECT id FROM sbtest6 WHERE id BETWEEN 981587 AND 981687
	Index Only Scan using sbtest6_pkey on sbtest6  (cost=0.43..6.47 rows=102 width=4)
	  Index Cond: ((id >= 981587) AND (id <= 981687))

table 7 : explain SELECT id FROM sbtest7 WHERE id BETWEEN 981587 AND 981687
	Index Only Scan using sbtest7_pkey on sbtest7  (cost=0.43..10.56 rows=106 width=4)
	  Index Cond: ((id >= 981587) AND (id <= 981687))

table 8 : explain SELECT id FROM sbtest8 WHERE id BETWEEN 981587 AND 981687
	Index Only Scan using sbtest8_pkey on sbtest8  (cost=0.43..6.51 rows=104 width=4)
	  Index Cond: ((id >= 981587) AND (id <= 981687))

explain: for range-covered :: explain SELECT id FROM sbtest%d WHERE id BETWEEN 981587 AND 981687
for range-covered
table 1 : explain SELECT id FROM sbtest1 WHERE id BETWEEN 4882155 AND 4882255
	Index Only Scan using sbtest1_pkey on sbtest1  (cost=0.43..10.36 rows=96 width=4)
	  Index Cond: ((id >= 4882155) AND (id <= 4882255))

table 2 : explain SELECT id FROM sbtest2 WHERE id BETWEEN 4882155 AND 4882255
	Index Only Scan using sbtest2_pkey on sbtest2  (cost=0.43..6.58 rows=107 width=4)
	  Index Cond: ((id >= 4882155) AND (id <= 4882255))

table 3 : explain SELECT id FROM sbtest3 WHERE id BETWEEN 4882155 AND 4882255
	Index Only Scan using sbtest3_pkey on sbtest3  (cost=0.43..10.50 rows=103 width=4)
	  Index Cond: ((id >= 4882155) AND (id <= 4882255))

table 4 : explain SELECT id FROM sbtest4 WHERE id BETWEEN 4882155 AND 4882255
	Index Only Scan using sbtest4_pkey on sbtest4  (cost=0.43..10.36 rows=96 width=4)
	  Index Cond: ((id >= 4882155) AND (id <= 4882255))

table 5 : explain SELECT id FROM sbtest5 WHERE id BETWEEN 4882155 AND 4882255
	Index Only Scan using sbtest5_pkey on sbtest5  (cost=0.43..10.44 rows=100 width=4)
	  Index Cond: ((id >= 4882155) AND (id <= 4882255))

table 6 : explain SELECT id FROM sbtest6 WHERE id BETWEEN 4882155 AND 4882255
	Index Only Scan using sbtest6_pkey on sbtest6  (cost=0.43..6.51 rows=104 width=4)
	  Index Cond: ((id >= 4882155) AND (id <= 4882255))

table 7 : explain SELECT id FROM sbtest7 WHERE id BETWEEN 4882155 AND 4882255
	Index Only Scan using sbtest7_pkey on sbtest7  (cost=0.43..10.63 rows=110 width=4)
	  Index Cond: ((id >= 4882155) AND (id <= 4882255))

table 8 : explain SELECT id FROM sbtest8 WHERE id BETWEEN 4882155 AND 4882255
	Index Only Scan using sbtest8_pkey on sbtest8  (cost=0.43..6.45 rows=101 width=4)
	  Index Cond: ((id >= 4882155) AND (id <= 4882255))

explain: for range-covered :: explain SELECT id FROM sbtest%d WHERE id BETWEEN 4882155 AND 4882255
explain: for range-covered :: explain SELECT id FROM sbtest%d WHERE id BETWEEN 7419308 AND 7419408
for range-covered
table 1 : explain SELECT id FROM sbtest1 WHERE id BETWEEN 3815438 AND 3815538
	Index Only Scan using sbtest1_pkey on sbtest1  (cost=0.43..10.56 rows=106 width=4)
	  Index Cond: ((id >= 3815438) AND (id <= 3815538))

table 2 : explain SELECT id FROM sbtest2 WHERE id BETWEEN 3815438 AND 3815538
	Index Only Scan using sbtest2_pkey on sbtest2  (cost=0.43..6.27 rows=92 width=4)
	  Index Cond: ((id >= 3815438) AND (id <= 3815538))

table 3 : explain SELECT id FROM sbtest3 WHERE id BETWEEN 3815438 AND 3815538
	Index Only Scan using sbtest3_pkey on sbtest3  (cost=0.43..10.50 rows=103 width=4)
	  Index Cond: ((id >= 3815438) AND (id <= 3815538))

table 4 : explain SELECT id FROM sbtest4 WHERE id BETWEEN 3815438 AND 3815538
	Index Only Scan using sbtest4_pkey on sbtest4  (cost=0.43..10.47 rows=102 width=4)
	  Index Cond: ((id >= 3815438) AND (id <= 3815538))

table 5 : explain SELECT id FROM sbtest5 WHERE id BETWEEN 3815438 AND 3815538
	Index Only Scan using sbtest5_pkey on sbtest5  (cost=0.43..10.40 rows=98 width=4)
	  Index Cond: ((id >= 3815438) AND (id <= 3815538))

table 6 : explain SELECT id FROM sbtest6 WHERE id BETWEEN 3815438 AND 3815538
	Index Only Scan using sbtest6_pkey on sbtest6  (cost=0.43..6.53 rows=105 width=4)
	  Index Cond: ((id >= 3815438) AND (id <= 3815538))

table 7 : explain SELECT id FROM sbtest7 WHERE id BETWEEN 3815438 AND 3815538
	Index Only Scan using sbtest7_pkey on sbtest7  (cost=0.43..10.60 rows=108 width=4)
	  Index Cond: ((id >= 3815438) AND (id <= 3815538))

table 8 : explain SELECT id FROM sbtest8 WHERE id BETWEEN 3815438 AND 3815538
	Index Only Scan using sbtest8_pkey on sbtest8  (cost=0.43..6.51 rows=104 width=4)
	  Index Cond: ((id >= 3815438) AND (id <= 3815538))

explain: for range-covered :: explain SELECT id FROM sbtest%d WHERE id BETWEEN 3815438 AND 3815538
for range-covered
table 1 : explain SELECT id FROM sbtest1 WHERE id BETWEEN 8446646 AND 8446746
	Index Only Scan using sbtest1_pkey on sbtest1  (cost=0.43..10.38 rows=97 width=4)
	  Index Cond: ((id >= 8446646) AND (id <= 8446746))

table 2 : explain SELECT id FROM sbtest2 WHERE id BETWEEN 8446646 AND 8446746
	Index Only Scan using sbtest2_pkey on sbtest2  (cost=0.43..6.43 rows=100 width=4)
	  Index Cond: ((id >= 8446646) AND (id <= 8446746))

table 3 : explain SELECT id FROM sbtest3 WHERE id BETWEEN 8446646 AND 8446746
	Index Only Scan using sbtest3_pkey on sbtest3  (cost=0.43..10.33 rows=95 width=4)
	  Index Cond: ((id >= 8446646) AND (id <= 8446746))

table 4 : explain SELECT id FROM sbtest4 WHERE id BETWEEN 8446646 AND 8446746
	Index Only Scan using sbtest4_pkey on sbtest4  (cost=0.43..10.38 rows=97 width=4)
	  Index Cond: ((id >= 8446646) AND (id <= 8446746))

table 5 : explain SELECT id FROM sbtest5 WHERE id BETWEEN 8446646 AND 8446746
	Index Only Scan using sbtest5_pkey on sbtest5  (cost=0.43..10.58 rows=107 width=4)
	  Index Cond: ((id >= 8446646) AND (id <= 8446746))

table 6 : explain SELECT id FROM sbtest6 WHERE id BETWEEN 8446646 AND 8446746
	Index Only Scan using sbtest6_pkey on sbtest6  (cost=0.43..6.40 rows=98 width=4)
	  Index Cond: ((id >= 8446646) AND (id <= 8446746))

table 7 : explain SELECT id FROM sbtest7 WHERE id BETWEEN 8446646 AND 8446746
	Index Only Scan using sbtest7_pkey on sbtest7  (cost=0.43..10.54 rows=105 width=4)
	  Index Cond: ((id >= 8446646) AND (id <= 8446746))

table 8 : explain SELECT id FROM sbtest8 WHERE id BETWEEN 8446646 AND 8446746
	Index Only Scan using sbtest8_pkey on sbtest8  (cost=0.43..6.42 rows=99 width=4)
	  Index Cond: ((id >= 8446646) AND (id <= 8446746))

for range-covered
table 1 : explain SELECT id FROM sbtest1 WHERE id BETWEEN 5157414 AND 5157514
	Index Only Scan using sbtest1_pkey on sbtest1  (cost=0.43..10.29 rows=93 width=4)
	  Index Cond: ((id >= 5157414) AND (id <= 5157514))

table 2 : explain SELECT id FROM sbtest2 WHERE id BETWEEN 5157414 AND 5157514
	Index Only Scan using sbtest2_pkey on sbtest2  (cost=0.43..6.61 rows=109 width=4)
	  Index Cond: ((id >= 5157414) AND (id <= 5157514))

table 3 : explain SELECT id FROM sbtest3 WHERE id BETWEEN 5157414 AND 5157514
	Index Only Scan using sbtest3_pkey on sbtest3  (cost=0.43..10.51 rows=104 width=4)
	  Index Cond: ((id >= 5157414) AND (id <= 5157514))

table 4 : explain SELECT id FROM sbtest4 WHERE id BETWEEN 5157414 AND 5157514
	Index Only Scan using sbtest4_pkey on sbtest4  (cost=0.43..10.54 rows=105 width=4)
	  Index Cond: ((id >= 5157414) AND (id <= 5157514))

table 5 : explain SELECT id FROM sbtest5 WHERE id BETWEEN 5157414 AND 5157514
	Index Only Scan using sbtest5_pkey on sbtest5  (cost=0.43..10.22 rows=89 width=4)
	  Index Cond: ((id >= 5157414) AND (id <= 5157514))

table 6 : explain SELECT id FROM sbtest6 WHERE id BETWEEN 5157414 AND 5157514
	Index Only Scan using sbtest6_pkey on sbtest6  (cost=0.43..6.40 rows=98 width=4)
	  Index Cond: ((id >= 5157414) AND (id <= 5157514))

table 7 : explain SELECT id FROM sbtest7 WHERE id BETWEEN 5157414 AND 5157514
	Index Only Scan using sbtest7_pkey on sbtest7  (cost=0.43..10.33 rows=95 width=4)
	  Index Cond: ((id >= 5157414) AND (id <= 5157514))

table 8 : explain SELECT id FROM sbtest8 WHERE id BETWEEN 5157414 AND 5157514
	Index Only Scan using sbtest8_pkey on sbtest8  (cost=0.43..6.59 rows=108 width=4)
	  Index Cond: ((id >= 5157414) AND (id <= 5157514))

for range-covered
table 1 : explain SELECT id FROM sbtest1 WHERE id BETWEEN 981587 AND 981687
	Index Only Scan using sbtest1_pkey on sbtest1  (cost=0.43..10.44 rows=100 width=4)
	  Index Cond: ((id >= 981587) AND (id <= 981687))

table 2 : explain SELECT id FROM sbtest2 WHERE id BETWEEN 981587 AND 981687
	Index Only Scan using sbtest2_pkey on sbtest2  (cost=0.43..6.63 rows=110 width=4)
	  Index Cond: ((id >= 981587) AND (id <= 981687))

table 3 : explain SELECT id FROM sbtest3 WHERE id BETWEEN 981587 AND 981687
	Index Only Scan using sbtest3_pkey on sbtest3  (cost=0.43..10.26 rows=91 width=4)
	  Index Cond: ((id >= 981587) AND (id <= 981687))

table 4 : explain SELECT id FROM sbtest4 WHERE id BETWEEN 981587 AND 981687
	Index Only Scan using sbtest4_pkey on sbtest4  (cost=0.43..10.40 rows=98 width=4)
	  Index Cond: ((id >= 981587) AND (id <= 981687))

table 5 : explain SELECT id FROM sbtest5 WHERE id BETWEEN 981587 AND 981687
	Index Only Scan using sbtest5_pkey on sbtest5  (cost=0.43..10.40 rows=98 width=4)
	  Index Cond: ((id >= 981587) AND (id <= 981687))

table 6 : explain SELECT id FROM sbtest6 WHERE id BETWEEN 981587 AND 981687
	Index Only Scan using sbtest6_pkey on sbtest6  (cost=0.43..6.47 rows=102 width=4)
	  Index Cond: ((id >= 981587) AND (id <= 981687))

table 7 : explain SELECT id FROM sbtest7 WHERE id BETWEEN 981587 AND 981687
	Index Only Scan using sbtest7_pkey on sbtest7  (cost=0.43..10.56 rows=106 width=4)
	  Index Cond: ((id >= 981587) AND (id <= 981687))

table 8 : explain SELECT id FROM sbtest8 WHERE id BETWEEN 981587 AND 981687
	Index Only Scan using sbtest8_pkey on sbtest8  (cost=0.43..6.51 rows=104 width=4)
	  Index Cond: ((id >= 981587) AND (id <= 981687))

explain: for range-covered :: explain SELECT id FROM sbtest%d WHERE id BETWEEN 5157414 AND 5157514
explain: for range-covered :: explain SELECT id FROM sbtest%d WHERE id BETWEEN 981587 AND 981687
for range-covered
table 1 : explain SELECT id FROM sbtest1 WHERE id BETWEEN 4882155 AND 4882255
	Index Only Scan using sbtest1_pkey on sbtest1  (cost=0.43..10.36 rows=96 width=4)
	  Index Cond: ((id >= 4882155) AND (id <= 4882255))

table 2 : explain SELECT id FROM sbtest2 WHERE id BETWEEN 4882155 AND 4882255
	Index Only Scan using sbtest2_pkey on sbtest2  (cost=0.43..6.58 rows=107 width=4)
	  Index Cond: ((id >= 4882155) AND (id <= 4882255))

table 3 : explain SELECT id FROM sbtest3 WHERE id BETWEEN 4882155 AND 4882255
	Index Only Scan using sbtest3_pkey on sbtest3  (cost=0.43..10.50 rows=103 width=4)
	  Index Cond: ((id >= 4882155) AND (id <= 4882255))

table 4 : explain SELECT id FROM sbtest4 WHERE id BETWEEN 4882155 AND 4882255
	Index Only Scan using sbtest4_pkey on sbtest4  (cost=0.43..10.36 rows=96 width=4)
	  Index Cond: ((id >= 4882155) AND (id <= 4882255))

table 5 : explain SELECT id FROM sbtest5 WHERE id BETWEEN 4882155 AND 4882255
	Index Only Scan using sbtest5_pkey on sbtest5  (cost=0.43..10.44 rows=100 width=4)
	  Index Cond: ((id >= 4882155) AND (id <= 4882255))

table 6 : explain SELECT id FROM sbtest6 WHERE id BETWEEN 4882155 AND 4882255
	Index Only Scan using sbtest6_pkey on sbtest6  (cost=0.43..6.51 rows=104 width=4)
	  Index Cond: ((id >= 4882155) AND (id <= 4882255))

table 7 : explain SELECT id FROM sbtest7 WHERE id BETWEEN 4882155 AND 4882255
	Index Only Scan using sbtest7_pkey on sbtest7  (cost=0.43..10.63 rows=110 width=4)
	  Index Cond: ((id >= 4882155) AND (id <= 4882255))

table 8 : explain SELECT id FROM sbtest8 WHERE id BETWEEN 4882155 AND 4882255
	Index Only Scan using sbtest8_pkey on sbtest8  (cost=0.43..6.45 rows=101 width=4)
	  Index Cond: ((id >= 4882155) AND (id <= 4882255))

explain: for range-covered :: explain SELECT id FROM sbtest%d WHERE id BETWEEN 4882155 AND 4882255
for range-covered
table 1 : explain SELECT id FROM sbtest1 WHERE id BETWEEN 3815438 AND 3815538
	Index Only Scan using sbtest1_pkey on sbtest1  (cost=0.43..10.56 rows=106 width=4)
	  Index Cond: ((id >= 3815438) AND (id <= 3815538))

table 2 : explain SELECT id FROM sbtest2 WHERE id BETWEEN 3815438 AND 3815538
	Index Only Scan using sbtest2_pkey on sbtest2  (cost=0.43..6.27 rows=92 width=4)
	  Index Cond: ((id >= 3815438) AND (id <= 3815538))

table 3 : explain SELECT id FROM sbtest3 WHERE id BETWEEN 3815438 AND 3815538
	Index Only Scan using sbtest3_pkey on sbtest3  (cost=0.43..10.50 rows=103 width=4)
	  Index Cond: ((id >= 3815438) AND (id <= 3815538))

table 4 : explain SELECT id FROM sbtest4 WHERE id BETWEEN 3815438 AND 3815538
	Index Only Scan using sbtest4_pkey on sbtest4  (cost=0.43..10.47 rows=102 width=4)
	  Index Cond: ((id >= 3815438) AND (id <= 3815538))

table 5 : explain SELECT id FROM sbtest5 WHERE id BETWEEN 3815438 AND 3815538
	Index Only Scan using sbtest5_pkey on sbtest5  (cost=0.43..10.40 rows=98 width=4)
	  Index Cond: ((id >= 3815438) AND (id <= 3815538))

table 6 : explain SELECT id FROM sbtest6 WHERE id BETWEEN 3815438 AND 3815538
	Index Only Scan using sbtest6_pkey on sbtest6  (cost=0.43..6.53 rows=105 width=4)
	  Index Cond: ((id >= 3815438) AND (id <= 3815538))

table 7 : explain SELECT id FROM sbtest7 WHERE id BETWEEN 3815438 AND 3815538
	Index Only Scan using sbtest7_pkey on sbtest7  (cost=0.43..10.60 rows=108 width=4)
	  Index Cond: ((id >= 3815438) AND (id <= 3815538))

table 8 : explain SELECT id FROM sbtest8 WHERE id BETWEEN 3815438 AND 3815538
	Index Only Scan using sbtest8_pkey on sbtest8  (cost=0.43..6.51 rows=104 width=4)
	  Index Cond: ((id >= 3815438) AND (id <= 3815538))

explain: for range-covered :: explain SELECT id FROM sbtest%d WHERE id BETWEEN 3815438 AND 3815538
for range-covered
table 1 : explain SELECT id FROM sbtest1 WHERE id BETWEEN 4882155 AND 4882255
	Index Only Scan using sbtest1_pkey on sbtest1  (cost=0.43..10.36 rows=96 width=4)
	  Index Cond: ((id >= 4882155) AND (id <= 4882255))

table 2 : explain SELECT id FROM sbtest2 WHERE id BETWEEN 4882155 AND 4882255
	Index Only Scan using sbtest2_pkey on sbtest2  (cost=0.43..6.58 rows=107 width=4)
	  Index Cond: ((id >= 4882155) AND (id <= 4882255))

table 3 : explain SELECT id FROM sbtest3 WHERE id BETWEEN 4882155 AND 4882255
	Index Only Scan using sbtest3_pkey on sbtest3  (cost=0.43..10.50 rows=103 width=4)
	  Index Cond: ((id >= 4882155) AND (id <= 4882255))

table 4 : explain SELECT id FROM sbtest4 WHERE id BETWEEN 4882155 AND 4882255
	Index Only Scan using sbtest4_pkey on sbtest4  (cost=0.43..10.36 rows=96 width=4)
	  Index Cond: ((id >= 4882155) AND (id <= 4882255))

table 5 : explain SELECT id FROM sbtest5 WHERE id BETWEEN 4882155 AND 4882255
	Index Only Scan using sbtest5_pkey on sbtest5  (cost=0.43..10.44 rows=100 width=4)
	  Index Cond: ((id >= 4882155) AND (id <= 4882255))

table 6 : explain SELECT id FROM sbtest6 WHERE id BETWEEN 4882155 AND 4882255
	Index Only Scan using sbtest6_pkey on sbtest6  (cost=0.43..6.51 rows=104 width=4)
	  Index Cond: ((id >= 4882155) AND (id <= 4882255))

table 7 : explain SELECT id FROM sbtest7 WHERE id BETWEEN 4882155 AND 4882255
	Index Only Scan using sbtest7_pkey on sbtest7  (cost=0.43..10.63 rows=110 width=4)
	  Index Cond: ((id >= 4882155) AND (id <= 4882255))

table 8 : explain SELECT id FROM sbtest8 WHERE id BETWEEN 4882155 AND 4882255
	Index Only Scan using sbtest8_pkey on sbtest8  (cost=0.43..6.45 rows=101 width=4)
	  Index Cond: ((id >= 4882155) AND (id <= 4882255))

explain: for range-covered :: explain SELECT id FROM sbtest%d WHERE id BETWEEN 4882155 AND 4882255
for range-covered
table 1 : explain SELECT id FROM sbtest1 WHERE id BETWEEN 5966930 AND 5967030
	Index Only Scan using sbtest1_pkey on sbtest1  (cost=0.43..10.46 rows=101 width=4)
	  Index Cond: ((id >= 5966930) AND (id <= 5967030))

table 2 : explain SELECT id FROM sbtest2 WHERE id BETWEEN 5966930 AND 5967030
	Index Only Scan using sbtest2_pkey on sbtest2  (cost=0.43..6.21 rows=89 width=4)
	  Index Cond: ((id >= 5966930) AND (id <= 5967030))

table 3 : explain SELECT id FROM sbtest3 WHERE id BETWEEN 5966930 AND 5967030
	Index Only Scan using sbtest3_pkey on sbtest3  (cost=0.43..10.51 rows=104 width=4)
	  Index Cond: ((id >= 5966930) AND (id <= 5967030))

table 4 : explain SELECT id FROM sbtest4 WHERE id BETWEEN 5966930 AND 5967030
	Index Only Scan using sbtest4_pkey on sbtest4  (cost=0.43..10.36 rows=96 width=4)
	  Index Cond: ((id >= 5966930) AND (id <= 5967030))

table 5 : explain SELECT id FROM sbtest5 WHERE id BETWEEN 5966930 AND 5967030
	Index Only Scan using sbtest5_pkey on sbtest5  (cost=0.43..10.51 rows=104 width=4)
	  Index Cond: ((id >= 5966930) AND (id <= 5967030))

table 6 : explain SELECT id FROM sbtest6 WHERE id BETWEEN 5966930 AND 5967030
	Index Only Scan using sbtest6_pkey on sbtest6  (cost=0.43..6.53 rows=105 width=4)
	  Index Cond: ((id >= 5966930) AND (id <= 5967030))

table 7 : explain SELECT id FROM sbtest7 WHERE id BETWEEN 5966930 AND 5967030
	Index Only Scan using sbtest7_pkey on sbtest7  (cost=0.43..10.42 rows=99 width=4)
	  Index Cond: ((id >= 5966930) AND (id <= 5967030))

table 8 : explain SELECT id FROM sbtest8 WHERE id BETWEEN 5966930 AND 5967030
	Index Only Scan using sbtest8_pkey on sbtest8  (cost=0.43..6.53 rows=105 width=4)
	  Index Cond: ((id >= 5966930) AND (id <= 5967030))

explain: for range-covered :: explain SELECT id FROM sbtest%d WHERE id BETWEEN 5966930 AND 5967030
for range-covered
table 1 : explain SELECT id FROM sbtest1 WHERE id BETWEEN 3815438 AND 3815538
	Index Only Scan using sbtest1_pkey on sbtest1  (cost=0.43..10.56 rows=106 width=4)
	  Index Cond: ((id >= 3815438) AND (id <= 3815538))

table 2 : explain SELECT id FROM sbtest2 WHERE id BETWEEN 3815438 AND 3815538
	Index Only Scan using sbtest2_pkey on sbtest2  (cost=0.43..6.27 rows=92 width=4)
	  Index Cond: ((id >= 3815438) AND (id <= 3815538))

table 3 : explain SELECT id FROM sbtest3 WHERE id BETWEEN 3815438 AND 3815538
	Index Only Scan using sbtest3_pkey on sbtest3  (cost=0.43..10.50 rows=103 width=4)
	  Index Cond: ((id >= 3815438) AND (id <= 3815538))

table 4 : explain SELECT id FROM sbtest4 WHERE id BETWEEN 3815438 AND 3815538
	Index Only Scan using sbtest4_pkey on sbtest4  (cost=0.43..10.47 rows=102 width=4)
	  Index Cond: ((id >= 3815438) AND (id <= 3815538))

table 5 : explain SELECT id FROM sbtest5 WHERE id BETWEEN 3815438 AND 3815538
	Index Only Scan using sbtest5_pkey on sbtest5  (cost=0.43..10.40 rows=98 width=4)
	  Index Cond: ((id >= 3815438) AND (id <= 3815538))

table 6 : explain SELECT id FROM sbtest6 WHERE id BETWEEN 3815438 AND 3815538
	Index Only Scan using sbtest6_pkey on sbtest6  (cost=0.43..6.53 rows=105 width=4)
	  Index Cond: ((id >= 3815438) AND (id <= 3815538))

table 7 : explain SELECT id FROM sbtest7 WHERE id BETWEEN 3815438 AND 3815538
	Index Only Scan using sbtest7_pkey on sbtest7  (cost=0.43..10.60 rows=108 width=4)
	  Index Cond: ((id >= 3815438) AND (id <= 3815538))

table 8 : explain SELECT id FROM sbtest8 WHERE id BETWEEN 3815438 AND 3815538
	Index Only Scan using sbtest8_pkey on sbtest8  (cost=0.43..6.51 rows=104 width=4)
	  Index Cond: ((id >= 3815438) AND (id <= 3815538))

explain: for range-covered :: explain SELECT id FROM sbtest%d WHERE id BETWEEN 3815438 AND 3815538
for range-covered
table 1 : explain SELECT id FROM sbtest1 WHERE id BETWEEN 4882155 AND 4882255
	Index Only Scan using sbtest1_pkey on sbtest1  (cost=0.43..10.36 rows=96 width=4)
	  Index Cond: ((id >= 4882155) AND (id <= 4882255))

table 2 : explain SELECT id FROM sbtest2 WHERE id BETWEEN 4882155 AND 4882255
	Index Only Scan using sbtest2_pkey on sbtest2  (cost=0.43..6.58 rows=107 width=4)
	  Index Cond: ((id >= 4882155) AND (id <= 4882255))

table 3 : explain SELECT id FROM sbtest3 WHERE id BETWEEN 4882155 AND 4882255
	Index Only Scan using sbtest3_pkey on sbtest3  (cost=0.43..10.50 rows=103 width=4)
	  Index Cond: ((id >= 4882155) AND (id <= 4882255))

table 4 : explain SELECT id FROM sbtest4 WHERE id BETWEEN 4882155 AND 4882255
	Index Only Scan using sbtest4_pkey on sbtest4  (cost=0.43..10.36 rows=96 width=4)
	  Index Cond: ((id >= 4882155) AND (id <= 4882255))

table 5 : explain SELECT id FROM sbtest5 WHERE id BETWEEN 4882155 AND 4882255
	Index Only Scan using sbtest5_pkey on sbtest5  (cost=0.43..10.44 rows=100 width=4)
	  Index Cond: ((id >= 4882155) AND (id <= 4882255))

table 6 : explain SELECT id FROM sbtest6 WHERE id BETWEEN 4882155 AND 4882255
	Index Only Scan using sbtest6_pkey on sbtest6  (cost=0.43..6.51 rows=104 width=4)
	  Index Cond: ((id >= 4882155) AND (id <= 4882255))

table 7 : explain SELECT id FROM sbtest7 WHERE id BETWEEN 4882155 AND 4882255
	Index Only Scan using sbtest7_pkey on sbtest7  (cost=0.43..10.63 rows=110 width=4)
	  Index Cond: ((id >= 4882155) AND (id <= 4882255))

table 8 : explain SELECT id FROM sbtest8 WHERE id BETWEEN 4882155 AND 4882255
	Index Only Scan using sbtest8_pkey on sbtest8  (cost=0.43..6.45 rows=101 width=4)
	  Index Cond: ((id >= 4882155) AND (id <= 4882255))

for range-covered
table 1 : explain SELECT id FROM sbtest1 WHERE id BETWEEN 5157414 AND 5157514
	Index Only Scan using sbtest1_pkey on sbtest1  (cost=0.43..10.29 rows=93 width=4)
	  Index Cond: ((id >= 5157414) AND (id <= 5157514))

table 2 : explain SELECT id FROM sbtest2 WHERE id BETWEEN 5157414 AND 5157514
	Index Only Scan using sbtest2_pkey on sbtest2  (cost=0.43..6.61 rows=109 width=4)
	  Index Cond: ((id >= 5157414) AND (id <= 5157514))

table 3 : explain SELECT id FROM sbtest3 WHERE id BETWEEN 5157414 AND 5157514
	Index Only Scan using sbtest3_pkey on sbtest3  (cost=0.43..10.51 rows=104 width=4)
	  Index Cond: ((id >= 5157414) AND (id <= 5157514))

table 4 : explain SELECT id FROM sbtest4 WHERE id BETWEEN 5157414 AND 5157514
	Index Only Scan using sbtest4_pkey on sbtest4  (cost=0.43..10.54 rows=105 width=4)
	  Index Cond: ((id >= 5157414) AND (id <= 5157514))

table 5 : explain SELECT id FROM sbtest5 WHERE id BETWEEN 5157414 AND 5157514
	Index Only Scan using sbtest5_pkey on sbtest5  (cost=0.43..10.22 rows=89 width=4)
	  Index Cond: ((id >= 5157414) AND (id <= 5157514))

table 6 : explain SELECT id FROM sbtest6 WHERE id BETWEEN 5157414 AND 5157514
	Index Only Scan using sbtest6_pkey on sbtest6  (cost=0.43..6.40 rows=98 width=4)
	  Index Cond: ((id >= 5157414) AND (id <= 5157514))

table 7 : explain SELECT id FROM sbtest7 WHERE id BETWEEN 5157414 AND 5157514
	Index Only Scan using sbtest7_pkey on sbtest7  (cost=0.43..10.33 rows=95 width=4)
	  Index Cond: ((id >= 5157414) AND (id <= 5157514))

table 8 : explain SELECT id FROM sbtest8 WHERE id BETWEEN 5157414 AND 5157514
	Index Only Scan using sbtest8_pkey on sbtest8  (cost=0.43..6.59 rows=108 width=4)
	  Index Cond: ((id >= 5157414) AND (id <= 5157514))

explain: for range-covered :: explain SELECT id FROM sbtest%d WHERE id BETWEEN 5157414 AND 5157514
for range-covered
table 1 : explain SELECT id FROM sbtest1 WHERE id BETWEEN 5966930 AND 5967030
	Index Only Scan using sbtest1_pkey on sbtest1  (cost=0.43..10.46 rows=101 width=4)
	  Index Cond: ((id >= 5966930) AND (id <= 5967030))

table 2 : explain SELECT id FROM sbtest2 WHERE id BETWEEN 5966930 AND 5967030
	Index Only Scan using sbtest2_pkey on sbtest2  (cost=0.43..6.21 rows=89 width=4)
	  Index Cond: ((id >= 5966930) AND (id <= 5967030))

table 3 : explain SELECT id FROM sbtest3 WHERE id BETWEEN 5966930 AND 5967030
	Index Only Scan using sbtest3_pkey on sbtest3  (cost=0.43..10.51 rows=104 width=4)
	  Index Cond: ((id >= 5966930) AND (id <= 5967030))

table 4 : explain SELECT id FROM sbtest4 WHERE id BETWEEN 5966930 AND 5967030
	Index Only Scan using sbtest4_pkey on sbtest4  (cost=0.43..10.36 rows=96 width=4)
	  Index Cond: ((id >= 5966930) AND (id <= 5967030))

table 5 : explain SELECT id FROM sbtest5 WHERE id BETWEEN 5966930 AND 5967030
	Index Only Scan using sbtest5_pkey on sbtest5  (cost=0.43..10.51 rows=104 width=4)
	  Index Cond: ((id >= 5966930) AND (id <= 5967030))

table 6 : explain SELECT id FROM sbtest6 WHERE id BETWEEN 5966930 AND 5967030
	Index Only Scan using sbtest6_pkey on sbtest6  (cost=0.43..6.53 rows=105 width=4)
	  Index Cond: ((id >= 5966930) AND (id <= 5967030))

table 7 : explain SELECT id FROM sbtest7 WHERE id BETWEEN 5966930 AND 5967030
	Index Only Scan using sbtest7_pkey on sbtest7  (cost=0.43..10.42 rows=99 width=4)
	  Index Cond: ((id >= 5966930) AND (id <= 5967030))

table 8 : explain SELECT id FROM sbtest8 WHERE id BETWEEN 5966930 AND 5967030
	Index Only Scan using sbtest8_pkey on sbtest8  (cost=0.43..6.53 rows=105 width=4)
	  Index Cond: ((id >= 5966930) AND (id <= 5967030))

explain: for range-covered :: explain SELECT id FROM sbtest%d WHERE id BETWEEN 5966930 AND 5967030
explain: for range-covered :: explain SELECT id FROM sbtest%d WHERE id BETWEEN 5324336 AND 5324436
explain: for range-covered :: explain SELECT id FROM sbtest%d WHERE id BETWEEN 3626883 AND 3626983
for range-covered
table 1 : explain SELECT id FROM sbtest1 WHERE id BETWEEN 5157414 AND 5157514
	Index Only Scan using sbtest1_pkey on sbtest1  (cost=0.43..10.29 rows=93 width=4)
	  Index Cond: ((id >= 5157414) AND (id <= 5157514))

table 2 : explain SELECT id FROM sbtest2 WHERE id BETWEEN 5157414 AND 5157514
	Index Only Scan using sbtest2_pkey on sbtest2  (cost=0.43..6.61 rows=109 width=4)
	  Index Cond: ((id >= 5157414) AND (id <= 5157514))

table 3 : explain SELECT id FROM sbtest3 WHERE id BETWEEN 5157414 AND 5157514
	Index Only Scan using sbtest3_pkey on sbtest3  (cost=0.43..10.51 rows=104 width=4)
	  Index Cond: ((id >= 5157414) AND (id <= 5157514))

table 4 : explain SELECT id FROM sbtest4 WHERE id BETWEEN 5157414 AND 5157514
	Index Only Scan using sbtest4_pkey on sbtest4  (cost=0.43..10.54 rows=105 width=4)
	  Index Cond: ((id >= 5157414) AND (id <= 5157514))

table 5 : explain SELECT id FROM sbtest5 WHERE id BETWEEN 5157414 AND 5157514
	Index Only Scan using sbtest5_pkey on sbtest5  (cost=0.43..10.22 rows=89 width=4)
	  Index Cond: ((id >= 5157414) AND (id <= 5157514))

table 6 : explain SELECT id FROM sbtest6 WHERE id BETWEEN 5157414 AND 5157514
	Index Only Scan using sbtest6_pkey on sbtest6  (cost=0.43..6.40 rows=98 width=4)
	  Index Cond: ((id >= 5157414) AND (id <= 5157514))

table 7 : explain SELECT id FROM sbtest7 WHERE id BETWEEN 5157414 AND 5157514
	Index Only Scan using sbtest7_pkey on sbtest7  (cost=0.43..10.33 rows=95 width=4)
	  Index Cond: ((id >= 5157414) AND (id <= 5157514))

table 8 : explain SELECT id FROM sbtest8 WHERE id BETWEEN 5157414 AND 5157514
	Index Only Scan using sbtest8_pkey on sbtest8  (cost=0.43..6.59 rows=108 width=4)
	  Index Cond: ((id >= 5157414) AND (id <= 5157514))

for range-covered
table 1 : explain SELECT id FROM sbtest1 WHERE id BETWEEN 3815438 AND 3815538
	Index Only Scan using sbtest1_pkey on sbtest1  (cost=0.43..10.56 rows=106 width=4)
	  Index Cond: ((id >= 3815438) AND (id <= 3815538))

table 2 : explain SELECT id FROM sbtest2 WHERE id BETWEEN 3815438 AND 3815538
	Index Only Scan using sbtest2_pkey on sbtest2  (cost=0.43..6.27 rows=92 width=4)
	  Index Cond: ((id >= 3815438) AND (id <= 3815538))

table 3 : explain SELECT id FROM sbtest3 WHERE id BETWEEN 3815438 AND 3815538
	Index Only Scan using sbtest3_pkey on sbtest3  (cost=0.43..10.50 rows=103 width=4)
	  Index Cond: ((id >= 3815438) AND (id <= 3815538))

table 4 : explain SELECT id FROM sbtest4 WHERE id BETWEEN 3815438 AND 3815538
	Index Only Scan using sbtest4_pkey on sbtest4  (cost=0.43..10.47 rows=102 width=4)
	  Index Cond: ((id >= 3815438) AND (id <= 3815538))

table 5 : explain SELECT id FROM sbtest5 WHERE id BETWEEN 3815438 AND 3815538
	Index Only Scan using sbtest5_pkey on sbtest5  (cost=0.43..10.40 rows=98 width=4)
	  Index Cond: ((id >= 3815438) AND (id <= 3815538))

table 6 : explain SELECT id FROM sbtest6 WHERE id BETWEEN 3815438 AND 3815538
	Index Only Scan using sbtest6_pkey on sbtest6  (cost=0.43..6.53 rows=105 width=4)
	  Index Cond: ((id >= 3815438) AND (id <= 3815538))

table 7 : explain SELECT id FROM sbtest7 WHERE id BETWEEN 3815438 AND 3815538
	Index Only Scan using sbtest7_pkey on sbtest7  (cost=0.43..10.60 rows=108 width=4)
	  Index Cond: ((id >= 3815438) AND (id <= 3815538))

table 8 : explain SELECT id FROM sbtest8 WHERE id BETWEEN 3815438 AND 3815538
	Index Only Scan using sbtest8_pkey on sbtest8  (cost=0.43..6.51 rows=104 width=4)
	  Index Cond: ((id >= 3815438) AND (id <= 3815538))

explain: for range-covered :: explain SELECT id FROM sbtest%d WHERE id BETWEEN 5157414 AND 5157514
explain: for range-covered :: explain SELECT id FROM sbtest%d WHERE id BETWEEN 3815438 AND 3815538
explain: for range-covered :: explain SELECT id FROM sbtest%d WHERE id BETWEEN 1995984 AND 1996084
for range-covered
table 1 : explain SELECT id FROM sbtest1 WHERE id BETWEEN 5157414 AND 5157514
	Index Only Scan using sbtest1_pkey on sbtest1  (cost=0.43..10.29 rows=93 width=4)
	  Index Cond: ((id >= 5157414) AND (id <= 5157514))

table 2 : explain SELECT id FROM sbtest2 WHERE id BETWEEN 5157414 AND 5157514
	Index Only Scan using sbtest2_pkey on sbtest2  (cost=0.43..6.61 rows=109 width=4)
	  Index Cond: ((id >= 5157414) AND (id <= 5157514))

table 3 : explain SELECT id FROM sbtest3 WHERE id BETWEEN 5157414 AND 5157514
	Index Only Scan using sbtest3_pkey on sbtest3  (cost=0.43..10.51 rows=104 width=4)
	  Index Cond: ((id >= 5157414) AND (id <= 5157514))

table 4 : explain SELECT id FROM sbtest4 WHERE id BETWEEN 5157414 AND 5157514
	Index Only Scan using sbtest4_pkey on sbtest4  (cost=0.43..10.54 rows=105 width=4)
	  Index Cond: ((id >= 5157414) AND (id <= 5157514))

table 5 : explain SELECT id FROM sbtest5 WHERE id BETWEEN 5157414 AND 5157514
	Index Only Scan using sbtest5_pkey on sbtest5  (cost=0.43..10.22 rows=89 width=4)
	  Index Cond: ((id >= 5157414) AND (id <= 5157514))

table 6 : explain SELECT id FROM sbtest6 WHERE id BETWEEN 5157414 AND 5157514
	Index Only Scan using sbtest6_pkey on sbtest6  (cost=0.43..6.40 rows=98 width=4)
	  Index Cond: ((id >= 5157414) AND (id <= 5157514))

table 7 : explain SELECT id FROM sbtest7 WHERE id BETWEEN 5157414 AND 5157514
	Index Only Scan using sbtest7_pkey on sbtest7  (cost=0.43..10.33 rows=95 width=4)
	  Index Cond: ((id >= 5157414) AND (id <= 5157514))

table 8 : explain SELECT id FROM sbtest8 WHERE id BETWEEN 5157414 AND 5157514
	Index Only Scan using sbtest8_pkey on sbtest8  (cost=0.43..6.59 rows=108 width=4)
	  Index Cond: ((id >= 5157414) AND (id <= 5157514))

for range-covered
table 1 : explain SELECT id FROM sbtest1 WHERE id BETWEEN 5966930 AND 5967030
	Index Only Scan using sbtest1_pkey on sbtest1  (cost=0.43..10.46 rows=101 width=4)
	  Index Cond: ((id >= 5966930) AND (id <= 5967030))

table 2 : explain SELECT id FROM sbtest2 WHERE id BETWEEN 5966930 AND 5967030
	Index Only Scan using sbtest2_pkey on sbtest2  (cost=0.43..6.21 rows=89 width=4)
	  Index Cond: ((id >= 5966930) AND (id <= 5967030))

table 3 : explain SELECT id FROM sbtest3 WHERE id BETWEEN 5966930 AND 5967030
	Index Only Scan using sbtest3_pkey on sbtest3  (cost=0.43..10.51 rows=104 width=4)
	  Index Cond: ((id >= 5966930) AND (id <= 5967030))

table 4 : explain SELECT id FROM sbtest4 WHERE id BETWEEN 5966930 AND 5967030
	Index Only Scan using sbtest4_pkey on sbtest4  (cost=0.43..10.36 rows=96 width=4)
	  Index Cond: ((id >= 5966930) AND (id <= 5967030))

table 5 : explain SELECT id FROM sbtest5 WHERE id BETWEEN 5966930 AND 5967030
	Index Only Scan using sbtest5_pkey on sbtest5  (cost=0.43..10.51 rows=104 width=4)
	  Index Cond: ((id >= 5966930) AND (id <= 5967030))

table 6 : explain SELECT id FROM sbtest6 WHERE id BETWEEN 5966930 AND 5967030
	Index Only Scan using sbtest6_pkey on sbtest6  (cost=0.43..6.53 rows=105 width=4)
	  Index Cond: ((id >= 5966930) AND (id <= 5967030))

table 7 : explain SELECT id FROM sbtest7 WHERE id BETWEEN 5966930 AND 5967030
	Index Only Scan using sbtest7_pkey on sbtest7  (cost=0.43..10.42 rows=99 width=4)
	  Index Cond: ((id >= 5966930) AND (id <= 5967030))

table 8 : explain SELECT id FROM sbtest8 WHERE id BETWEEN 5966930 AND 5967030
	Index Only Scan using sbtest8_pkey on sbtest8  (cost=0.43..6.53 rows=105 width=4)
	  Index Cond: ((id >= 5966930) AND (id <= 5967030))

explain: for range-covered :: explain SELECT id FROM sbtest%d WHERE id BETWEEN 5966930 AND 5967030
for range-covered
table 1 : explain SELECT id FROM sbtest1 WHERE id BETWEEN 981587 AND 981687
	Index Only Scan using sbtest1_pkey on sbtest1  (cost=0.43..10.44 rows=100 width=4)
	  Index Cond: ((id >= 981587) AND (id <= 981687))

table 2 : explain SELECT id FROM sbtest2 WHERE id BETWEEN 981587 AND 981687
	Index Only Scan using sbtest2_pkey on sbtest2  (cost=0.43..6.63 rows=110 width=4)
	  Index Cond: ((id >= 981587) AND (id <= 981687))

table 3 : explain SELECT id FROM sbtest3 WHERE id BETWEEN 981587 AND 981687
	Index Only Scan using sbtest3_pkey on sbtest3  (cost=0.43..10.26 rows=91 width=4)
	  Index Cond: ((id >= 981587) AND (id <= 981687))

table 4 : explain SELECT id FROM sbtest4 WHERE id BETWEEN 981587 AND 981687
	Index Only Scan using sbtest4_pkey on sbtest4  (cost=0.43..10.40 rows=98 width=4)
	  Index Cond: ((id >= 981587) AND (id <= 981687))

table 5 : explain SELECT id FROM sbtest5 WHERE id BETWEEN 981587 AND 981687
	Index Only Scan using sbtest5_pkey on sbtest5  (cost=0.43..10.40 rows=98 width=4)
	  Index Cond: ((id >= 981587) AND (id <= 981687))

table 6 : explain SELECT id FROM sbtest6 WHERE id BETWEEN 981587 AND 981687
	Index Only Scan using sbtest6_pkey on sbtest6  (cost=0.43..6.47 rows=102 width=4)
	  Index Cond: ((id >= 981587) AND (id <= 981687))

table 7 : explain SELECT id FROM sbtest7 WHERE id BETWEEN 981587 AND 981687
	Index Only Scan using sbtest7_pkey on sbtest7  (cost=0.43..10.56 rows=106 width=4)
	  Index Cond: ((id >= 981587) AND (id <= 981687))

table 8 : explain SELECT id FROM sbtest8 WHERE id BETWEEN 981587 AND 981687
	Index Only Scan using sbtest8_pkey on sbtest8  (cost=0.43..6.51 rows=104 width=4)
	  Index Cond: ((id >= 981587) AND (id <= 981687))

explain: for range-covered :: explain SELECT id FROM sbtest%d WHERE id BETWEEN 5545379 AND 5545479
for range-covered
table 1 : explain SELECT id FROM sbtest1 WHERE id BETWEEN 3815438 AND 3815538
	Index Only Scan using sbtest1_pkey on sbtest1  (cost=0.43..10.56 rows=106 width=4)
	  Index Cond: ((id >= 3815438) AND (id <= 3815538))

table 2 : explain SELECT id FROM sbtest2 WHERE id BETWEEN 3815438 AND 3815538
	Index Only Scan using sbtest2_pkey on sbtest2  (cost=0.43..6.27 rows=92 width=4)
	  Index Cond: ((id >= 3815438) AND (id <= 3815538))

table 3 : explain SELECT id FROM sbtest3 WHERE id BETWEEN 3815438 AND 3815538
	Index Only Scan using sbtest3_pkey on sbtest3  (cost=0.43..10.50 rows=103 width=4)
	  Index Cond: ((id >= 3815438) AND (id <= 3815538))

table 4 : explain SELECT id FROM sbtest4 WHERE id BETWEEN 3815438 AND 3815538
	Index Only Scan using sbtest4_pkey on sbtest4  (cost=0.43..10.47 rows=102 width=4)
	  Index Cond: ((id >= 3815438) AND (id <= 3815538))

table 5 : explain SELECT id FROM sbtest5 WHERE id BETWEEN 3815438 AND 3815538
	Index Only Scan using sbtest5_pkey on sbtest5  (cost=0.43..10.40 rows=98 width=4)
	  Index Cond: ((id >= 3815438) AND (id <= 3815538))

table 6 : explain SELECT id FROM sbtest6 WHERE id BETWEEN 3815438 AND 3815538
	Index Only Scan using sbtest6_pkey on sbtest6  (cost=0.43..6.53 rows=105 width=4)
	  Index Cond: ((id >= 3815438) AND (id <= 3815538))

table 7 : explain SELECT id FROM sbtest7 WHERE id BETWEEN 3815438 AND 3815538
	Index Only Scan using sbtest7_pkey on sbtest7  (cost=0.43..10.60 rows=108 width=4)
	  Index Cond: ((id >= 3815438) AND (id <= 3815538))

table 8 : explain SELECT id FROM sbtest8 WHERE id BETWEEN 3815438 AND 3815538
	Index Only Scan using sbtest8_pkey on sbtest8  (cost=0.43..6.51 rows=104 width=4)
	  Index Cond: ((id >= 3815438) AND (id <= 3815538))

explain: for range-covered :: explain SELECT id FROM sbtest%d WHERE id BETWEEN 3815438 AND 3815538
for range-covered
table 1 : explain SELECT id FROM sbtest1 WHERE id BETWEEN 7419308 AND 7419408
	Index Only Scan using sbtest1_pkey on sbtest1  (cost=0.43..10.46 rows=101 width=4)
	  Index Cond: ((id >= 7419308) AND (id <= 7419408))

table 2 : explain SELECT id FROM sbtest2 WHERE id BETWEEN 7419308 AND 7419408
	Index Only Scan using sbtest2_pkey on sbtest2  (cost=0.43..6.27 rows=92 width=4)
	  Index Cond: ((id >= 7419308) AND (id <= 7419408))

table 3 : explain SELECT id FROM sbtest3 WHERE id BETWEEN 7419308 AND 7419408
	Index Only Scan using sbtest3_pkey on sbtest3  (cost=0.43..10.36 rows=96 width=4)
	  Index Cond: ((id >= 7419308) AND (id <= 7419408))

table 4 : explain SELECT id FROM sbtest4 WHERE id BETWEEN 7419308 AND 7419408
	Index Only Scan using sbtest4_pkey on sbtest4  (cost=0.43..10.36 rows=96 width=4)
	  Index Cond: ((id >= 7419308) AND (id <= 7419408))

table 5 : explain SELECT id FROM sbtest5 WHERE id BETWEEN 7419308 AND 7419408
	Index Only Scan using sbtest5_pkey on sbtest5  (cost=0.43..10.58 rows=107 width=4)
	  Index Cond: ((id >= 7419308) AND (id <= 7419408))

table 6 : explain SELECT id FROM sbtest6 WHERE id BETWEEN 7419308 AND 7419408
	Index Only Scan using sbtest6_pkey on sbtest6  (cost=0.43..6.56 rows=106 width=4)
	  Index Cond: ((id >= 7419308) AND (id <= 7419408))

table 7 : explain SELECT id FROM sbtest7 WHERE id BETWEEN 7419308 AND 7419408
	Index Only Scan using sbtest7_pkey on sbtest7  (cost=0.43..10.68 rows=112 width=4)
	  Index Cond: ((id >= 7419308) AND (id <= 7419408))

table 8 : explain SELECT id FROM sbtest8 WHERE id BETWEEN 7419308 AND 7419408
	Index Only Scan using sbtest8_pkey on sbtest8  (cost=0.43..6.35 rows=96 width=4)
	  Index Cond: ((id >= 7419308) AND (id <= 7419408))

explain: for range-covered :: explain SELECT id FROM sbtest%d WHERE id BETWEEN 7419308 AND 7419408
for range-covered
table 1 : explain SELECT id FROM sbtest1 WHERE id BETWEEN 3626883 AND 3626983
	Index Only Scan using sbtest1_pkey on sbtest1  (cost=0.43..10.47 rows=102 width=4)
	  Index Cond: ((id >= 3626883) AND (id <= 3626983))

table 2 : explain SELECT id FROM sbtest2 WHERE id BETWEEN 3626883 AND 3626983
	Index Only Scan using sbtest2_pkey on sbtest2  (cost=0.43..6.45 rows=101 width=4)
	  Index Cond: ((id >= 3626883) AND (id <= 3626983))

table 3 : explain SELECT id FROM sbtest3 WHERE id BETWEEN 3626883 AND 3626983
	Index Only Scan using sbtest3_pkey on sbtest3  (cost=0.43..10.46 rows=101 width=4)
	  Index Cond: ((id >= 3626883) AND (id <= 3626983))

table 4 : explain SELECT id FROM sbtest4 WHERE id BETWEEN 3626883 AND 3626983
	Index Only Scan using sbtest4_pkey on sbtest4  (cost=0.43..10.56 rows=106 width=4)
	  Index Cond: ((id >= 3626883) AND (id <= 3626983))

table 5 : explain SELECT id FROM sbtest5 WHERE id BETWEEN 3626883 AND 3626983
	Index Only Scan using sbtest5_pkey on sbtest5  (cost=0.43..10.60 rows=108 width=4)
	  Index Cond: ((id >= 3626883) AND (id <= 3626983))

table 6 : explain SELECT id FROM sbtest6 WHERE id BETWEEN 3626883 AND 3626983
	Index Only Scan using sbtest6_pkey on sbtest6  (cost=0.43..6.51 rows=104 width=4)
	  Index Cond: ((id >= 3626883) AND (id <= 3626983))

table 7 : explain SELECT id FROM sbtest7 WHERE id BETWEEN 3626883 AND 3626983
	Index Only Scan using sbtest7_pkey on sbtest7  (cost=0.43..10.38 rows=97 width=4)
	  Index Cond: ((id >= 3626883) AND (id <= 3626983))

table 8 : explain SELECT id FROM sbtest8 WHERE id BETWEEN 3626883 AND 3626983
	Index Only Scan using sbtest8_pkey on sbtest8  (cost=0.43..6.37 rows=97 width=4)
	  Index Cond: ((id >= 3626883) AND (id <= 3626983))

explain: for range-covered :: explain SELECT id FROM sbtest%d WHERE id BETWEEN 4984866 AND 4984966
explain: for range-covered :: explain SELECT id FROM sbtest%d WHERE id BETWEEN 3626883 AND 3626983
for range-covered
table 1 : explain SELECT id FROM sbtest1 WHERE id BETWEEN 1995984 AND 1996084
	Index Only Scan using sbtest1_pkey on sbtest1  (cost=0.43..10.47 rows=102 width=4)
	  Index Cond: ((id >= 1995984) AND (id <= 1996084))

table 2 : explain SELECT id FROM sbtest2 WHERE id BETWEEN 1995984 AND 1996084
	Index Only Scan using sbtest2_pkey on sbtest2  (cost=0.43..6.43 rows=100 width=4)
	  Index Cond: ((id >= 1995984) AND (id <= 1996084))

table 3 : explain SELECT id FROM sbtest3 WHERE id BETWEEN 1995984 AND 1996084
	Index Only Scan using sbtest3_pkey on sbtest3  (cost=0.43..10.36 rows=96 width=4)
	  Index Cond: ((id >= 1995984) AND (id <= 1996084))

table 4 : explain SELECT id FROM sbtest4 WHERE id BETWEEN 1995984 AND 1996084
	Index Only Scan using sbtest4_pkey on sbtest4  (cost=0.43..10.70 rows=113 width=4)
	  Index Cond: ((id >= 1995984) AND (id <= 1996084))

table 5 : explain SELECT id FROM sbtest5 WHERE id BETWEEN 1995984 AND 1996084
	Index Only Scan using sbtest5_pkey on sbtest5  (cost=0.43..10.60 rows=108 width=4)
	  Index Cond: ((id >= 1995984) AND (id <= 1996084))

table 6 : explain SELECT id FROM sbtest6 WHERE id BETWEEN 1995984 AND 1996084
	Index Only Scan using sbtest6_pkey on sbtest6  (cost=0.43..6.40 rows=98 width=4)
	  Index Cond: ((id >= 1995984) AND (id <= 1996084))

table 7 : explain SELECT id FROM sbtest7 WHERE id BETWEEN 1995984 AND 1996084
	Index Only Scan using sbtest7_pkey on sbtest7  (cost=0.43..10.56 rows=106 width=4)
	  Index Cond: ((id >= 1995984) AND (id <= 1996084))

table 8 : explain SELECT id FROM sbtest8 WHERE id BETWEEN 1995984 AND 1996084
	Index Only Scan using sbtest8_pkey on sbtest8  (cost=0.43..6.35 rows=96 width=4)
	  Index Cond: ((id >= 1995984) AND (id <= 1996084))

explain: for range-covered :: explain SELECT id FROM sbtest%d WHERE id BETWEEN 1995984 AND 1996084
for range-covered
table 1 : explain SELECT id FROM sbtest1 WHERE id BETWEEN 7419308 AND 7419408
	Index Only Scan using sbtest1_pkey on sbtest1  (cost=0.43..10.46 rows=101 width=4)
	  Index Cond: ((id >= 7419308) AND (id <= 7419408))

table 2 : explain SELECT id FROM sbtest2 WHERE id BETWEEN 7419308 AND 7419408
	Index Only Scan using sbtest2_pkey on sbtest2  (cost=0.43..6.27 rows=92 width=4)
	  Index Cond: ((id >= 7419308) AND (id <= 7419408))

table 3 : explain SELECT id FROM sbtest3 WHERE id BETWEEN 7419308 AND 7419408
	Index Only Scan using sbtest3_pkey on sbtest3  (cost=0.43..10.36 rows=96 width=4)
	  Index Cond: ((id >= 7419308) AND (id <= 7419408))

table 4 : explain SELECT id FROM sbtest4 WHERE id BETWEEN 7419308 AND 7419408
	Index Only Scan using sbtest4_pkey on sbtest4  (cost=0.43..10.36 rows=96 width=4)
	  Index Cond: ((id >= 7419308) AND (id <= 7419408))

table 5 : explain SELECT id FROM sbtest5 WHERE id BETWEEN 7419308 AND 7419408
	Index Only Scan using sbtest5_pkey on sbtest5  (cost=0.43..10.58 rows=107 width=4)
	  Index Cond: ((id >= 7419308) AND (id <= 7419408))

table 6 : explain SELECT id FROM sbtest6 WHERE id BETWEEN 7419308 AND 7419408
	Index Only Scan using sbtest6_pkey on sbtest6  (cost=0.43..6.56 rows=106 width=4)
	  Index Cond: ((id >= 7419308) AND (id <= 7419408))

table 7 : explain SELECT id FROM sbtest7 WHERE id BETWEEN 7419308 AND 7419408
	Index Only Scan using sbtest7_pkey on sbtest7  (cost=0.43..10.68 rows=112 width=4)
	  Index Cond: ((id >= 7419308) AND (id <= 7419408))

table 8 : explain SELECT id FROM sbtest8 WHERE id BETWEEN 7419308 AND 7419408
	Index Only Scan using sbtest8_pkey on sbtest8  (cost=0.43..6.35 rows=96 width=4)
	  Index Cond: ((id >= 7419308) AND (id <= 7419408))

explain: for range-covered :: explain SELECT id FROM sbtest%d WHERE id BETWEEN 5526182 AND 5526282
explain: for range-covered :: explain SELECT id FROM sbtest%d WHERE id BETWEEN 7419308 AND 7419408
for range-covered
table 1 : explain SELECT id FROM sbtest1 WHERE id BETWEEN 7247639 AND 7247739
	Index Only Scan using sbtest1_pkey on sbtest1  (cost=0.43..10.50 rows=103 width=4)
	  Index Cond: ((id >= 7247639) AND (id <= 7247739))

table 2 : explain SELECT id FROM sbtest2 WHERE id BETWEEN 7247639 AND 7247739
	Index Only Scan using sbtest2_pkey on sbtest2  (cost=0.43..6.67 rows=112 width=4)
	  Index Cond: ((id >= 7247639) AND (id <= 7247739))

table 3 : explain SELECT id FROM sbtest3 WHERE id BETWEEN 7247639 AND 7247739
	Index Only Scan using sbtest3_pkey on sbtest3  (cost=0.43..10.40 rows=98 width=4)
	  Index Cond: ((id >= 7247639) AND (id <= 7247739))

table 4 : explain SELECT id FROM sbtest4 WHERE id BETWEEN 7247639 AND 7247739
	Index Only Scan using sbtest4_pkey on sbtest4  (cost=0.43..10.40 rows=98 width=4)
	  Index Cond: ((id >= 7247639) AND (id <= 7247739))

table 5 : explain SELECT id FROM sbtest5 WHERE id BETWEEN 7247639 AND 7247739
	Index Only Scan using sbtest5_pkey on sbtest5  (cost=0.43..10.54 rows=105 width=4)
	  Index Cond: ((id >= 7247639) AND (id <= 7247739))

table 6 : explain SELECT id FROM sbtest6 WHERE id BETWEEN 7247639 AND 7247739
	Index Only Scan using sbtest6_pkey on sbtest6  (cost=0.43..6.33 rows=95 width=4)
	  Index Cond: ((id >= 7247639) AND (id <= 7247739))

table 7 : explain SELECT id FROM sbtest7 WHERE id BETWEEN 7247639 AND 7247739
	Index Only Scan using sbtest7_pkey on sbtest7  (cost=0.43..10.40 rows=98 width=4)
	  Index Cond: ((id >= 7247639) AND (id <= 7247739))

table 8 : explain SELECT id FROM sbtest8 WHERE id BETWEEN 7247639 AND 7247739
	Index Only Scan using sbtest8_pkey on sbtest8  (cost=0.43..6.72 rows=114 width=4)
	  Index Cond: ((id >= 7247639) AND (id <= 7247739))

for range-covered
table 1 : explain SELECT id FROM sbtest1 WHERE id BETWEEN 3626883 AND 3626983
	Index Only Scan using sbtest1_pkey on sbtest1  (cost=0.43..10.47 rows=102 width=4)
	  Index Cond: ((id >= 3626883) AND (id <= 3626983))

table 2 : explain SELECT id FROM sbtest2 WHERE id BETWEEN 3626883 AND 3626983
	Index Only Scan using sbtest2_pkey on sbtest2  (cost=0.43..6.45 rows=101 width=4)
	  Index Cond: ((id >= 3626883) AND (id <= 3626983))

table 3 : explain SELECT id FROM sbtest3 WHERE id BETWEEN 3626883 AND 3626983
	Index Only Scan using sbtest3_pkey on sbtest3  (cost=0.43..10.46 rows=101 width=4)
	  Index Cond: ((id >= 3626883) AND (id <= 3626983))

table 4 : explain SELECT id FROM sbtest4 WHERE id BETWEEN 3626883 AND 3626983
	Index Only Scan using sbtest4_pkey on sbtest4  (cost=0.43..10.56 rows=106 width=4)
	  Index Cond: ((id >= 3626883) AND (id <= 3626983))

table 5 : explain SELECT id FROM sbtest5 WHERE id BETWEEN 3626883 AND 3626983
	Index Only Scan using sbtest5_pkey on sbtest5  (cost=0.43..10.60 rows=108 width=4)
	  Index Cond: ((id >= 3626883) AND (id <= 3626983))

table 6 : explain SELECT id FROM sbtest6 WHERE id BETWEEN 3626883 AND 3626983
	Index Only Scan using sbtest6_pkey on sbtest6  (cost=0.43..6.51 rows=104 width=4)
	  Index Cond: ((id >= 3626883) AND (id <= 3626983))

table 7 : explain SELECT id FROM sbtest7 WHERE id BETWEEN 3626883 AND 3626983
	Index Only Scan using sbtest7_pkey on sbtest7  (cost=0.43..10.38 rows=97 width=4)
	  Index Cond: ((id >= 3626883) AND (id <= 3626983))

table 8 : explain SELECT id FROM sbtest8 WHERE id BETWEEN 3626883 AND 3626983
	Index Only Scan using sbtest8_pkey on sbtest8  (cost=0.43..6.37 rows=97 width=4)
	  Index Cond: ((id >= 3626883) AND (id <= 3626983))

explain: for range-covered :: explain SELECT id FROM sbtest%d WHERE id BETWEEN 3626883 AND 3626983
for range-covered
table 1 : explain SELECT id FROM sbtest1 WHERE id BETWEEN 3815438 AND 3815538
	Index Only Scan using sbtest1_pkey on sbtest1  (cost=0.43..10.56 rows=106 width=4)
	  Index Cond: ((id >= 3815438) AND (id <= 3815538))

table 2 : explain SELECT id FROM sbtest2 WHERE id BETWEEN 3815438 AND 3815538
	Index Only Scan using sbtest2_pkey on sbtest2  (cost=0.43..6.27 rows=92 width=4)
	  Index Cond: ((id >= 3815438) AND (id <= 3815538))

table 3 : explain SELECT id FROM sbtest3 WHERE id BETWEEN 3815438 AND 3815538
	Index Only Scan using sbtest3_pkey on sbtest3  (cost=0.43..10.50 rows=103 width=4)
	  Index Cond: ((id >= 3815438) AND (id <= 3815538))

table 4 : explain SELECT id FROM sbtest4 WHERE id BETWEEN 3815438 AND 3815538
	Index Only Scan using sbtest4_pkey on sbtest4  (cost=0.43..10.47 rows=102 width=4)
	  Index Cond: ((id >= 3815438) AND (id <= 3815538))

table 5 : explain SELECT id FROM sbtest5 WHERE id BETWEEN 3815438 AND 3815538
	Index Only Scan using sbtest5_pkey on sbtest5  (cost=0.43..10.40 rows=98 width=4)
	  Index Cond: ((id >= 3815438) AND (id <= 3815538))

table 6 : explain SELECT id FROM sbtest6 WHERE id BETWEEN 3815438 AND 3815538
	Index Only Scan using sbtest6_pkey on sbtest6  (cost=0.43..6.53 rows=105 width=4)
	  Index Cond: ((id >= 3815438) AND (id <= 3815538))

table 7 : explain SELECT id FROM sbtest7 WHERE id BETWEEN 3815438 AND 3815538
	Index Only Scan using sbtest7_pkey on sbtest7  (cost=0.43..10.60 rows=108 width=4)
	  Index Cond: ((id >= 3815438) AND (id <= 3815538))

table 8 : explain SELECT id FROM sbtest8 WHERE id BETWEEN 3815438 AND 3815538
	Index Only Scan using sbtest8_pkey on sbtest8  (cost=0.43..6.51 rows=104 width=4)
	  Index Cond: ((id >= 3815438) AND (id <= 3815538))

explain: for range-covered :: explain SELECT id FROM sbtest%d WHERE id BETWEEN 3815438 AND 3815538
for range-covered
table 1 : explain SELECT id FROM sbtest1 WHERE id BETWEEN 1995984 AND 1996084
	Index Only Scan using sbtest1_pkey on sbtest1  (cost=0.43..10.47 rows=102 width=4)
	  Index Cond: ((id >= 1995984) AND (id <= 1996084))

table 2 : explain SELECT id FROM sbtest2 WHERE id BETWEEN 1995984 AND 1996084
	Index Only Scan using sbtest2_pkey on sbtest2  (cost=0.43..6.43 rows=100 width=4)
	  Index Cond: ((id >= 1995984) AND (id <= 1996084))

table 3 : explain SELECT id FROM sbtest3 WHERE id BETWEEN 1995984 AND 1996084
	Index Only Scan using sbtest3_pkey on sbtest3  (cost=0.43..10.36 rows=96 width=4)
	  Index Cond: ((id >= 1995984) AND (id <= 1996084))

table 4 : explain SELECT id FROM sbtest4 WHERE id BETWEEN 1995984 AND 1996084
	Index Only Scan using sbtest4_pkey on sbtest4  (cost=0.43..10.70 rows=113 width=4)
	  Index Cond: ((id >= 1995984) AND (id <= 1996084))

table 5 : explain SELECT id FROM sbtest5 WHERE id BETWEEN 1995984 AND 1996084
	Index Only Scan using sbtest5_pkey on sbtest5  (cost=0.43..10.60 rows=108 width=4)
	  Index Cond: ((id >= 1995984) AND (id <= 1996084))

table 6 : explain SELECT id FROM sbtest6 WHERE id BETWEEN 1995984 AND 1996084
	Index Only Scan using sbtest6_pkey on sbtest6  (cost=0.43..6.40 rows=98 width=4)
	  Index Cond: ((id >= 1995984) AND (id <= 1996084))

table 7 : explain SELECT id FROM sbtest7 WHERE id BETWEEN 1995984 AND 1996084
	Index Only Scan using sbtest7_pkey on sbtest7  (cost=0.43..10.56 rows=106 width=4)
	  Index Cond: ((id >= 1995984) AND (id <= 1996084))

table 8 : explain SELECT id FROM sbtest8 WHERE id BETWEEN 1995984 AND 1996084
	Index Only Scan using sbtest8_pkey on sbtest8  (cost=0.43..6.35 rows=96 width=4)
	  Index Cond: ((id >= 1995984) AND (id <= 1996084))

explain: for range-covered :: explain SELECT id FROM sbtest%d WHERE id BETWEEN 1995984 AND 1996084
for range-covered
table 1 : explain SELECT id FROM sbtest1 WHERE id BETWEEN 7419308 AND 7419408
	Index Only Scan using sbtest1_pkey on sbtest1  (cost=0.43..10.46 rows=101 width=4)
	  Index Cond: ((id >= 7419308) AND (id <= 7419408))

table 2 : explain SELECT id FROM sbtest2 WHERE id BETWEEN 7419308 AND 7419408
	Index Only Scan using sbtest2_pkey on sbtest2  (cost=0.43..6.27 rows=92 width=4)
	  Index Cond: ((id >= 7419308) AND (id <= 7419408))

table 3 : explain SELECT id FROM sbtest3 WHERE id BETWEEN 7419308 AND 7419408
	Index Only Scan using sbtest3_pkey on sbtest3  (cost=0.43..10.36 rows=96 width=4)
	  Index Cond: ((id >= 7419308) AND (id <= 7419408))

table 4 : explain SELECT id FROM sbtest4 WHERE id BETWEEN 7419308 AND 7419408
	Index Only Scan using sbtest4_pkey on sbtest4  (cost=0.43..10.36 rows=96 width=4)
	  Index Cond: ((id >= 7419308) AND (id <= 7419408))

table 5 : explain SELECT id FROM sbtest5 WHERE id BETWEEN 7419308 AND 7419408
	Index Only Scan using sbtest5_pkey on sbtest5  (cost=0.43..10.58 rows=107 width=4)
	  Index Cond: ((id >= 7419308) AND (id <= 7419408))

table 6 : explain SELECT id FROM sbtest6 WHERE id BETWEEN 7419308 AND 7419408
	Index Only Scan using sbtest6_pkey on sbtest6  (cost=0.43..6.56 rows=106 width=4)
	  Index Cond: ((id >= 7419308) AND (id <= 7419408))

table 7 : explain SELECT id FROM sbtest7 WHERE id BETWEEN 7419308 AND 7419408
	Index Only Scan using sbtest7_pkey on sbtest7  (cost=0.43..10.68 rows=112 width=4)
	  Index Cond: ((id >= 7419308) AND (id <= 7419408))

table 8 : explain SELECT id FROM sbtest8 WHERE id BETWEEN 7419308 AND 7419408
	Index Only Scan using sbtest8_pkey on sbtest8  (cost=0.43..6.35 rows=96 width=4)
	  Index Cond: ((id >= 7419308) AND (id <= 7419408))

explain: for range-covered :: explain SELECT id FROM sbtest%d WHERE id BETWEEN 7419308 AND 7419408
for range-covered
table 1 : explain SELECT id FROM sbtest1 WHERE id BETWEEN 6533919 AND 6534019
	Index Only Scan using sbtest1_pkey on sbtest1  (cost=0.43..10.65 rows=111 width=4)
	  Index Cond: ((id >= 6533919) AND (id <= 6534019))

table 2 : explain SELECT id FROM sbtest2 WHERE id BETWEEN 6533919 AND 6534019
	Index Only Scan using sbtest2_pkey on sbtest2  (cost=0.43..6.58 rows=107 width=4)
	  Index Cond: ((id >= 6533919) AND (id <= 6534019))

table 3 : explain SELECT id FROM sbtest3 WHERE id BETWEEN 6533919 AND 6534019
	Index Only Scan using sbtest3_pkey on sbtest3  (cost=0.43..10.62 rows=109 width=4)
	  Index Cond: ((id >= 6533919) AND (id <= 6534019))

table 4 : explain SELECT id FROM sbtest4 WHERE id BETWEEN 6533919 AND 6534019
	Index Only Scan using sbtest4_pkey on sbtest4  (cost=0.43..10.46 rows=101 width=4)
	  Index Cond: ((id >= 6533919) AND (id <= 6534019))

table 5 : explain SELECT id FROM sbtest5 WHERE id BETWEEN 6533919 AND 6534019
	Index Only Scan using sbtest5_pkey on sbtest5  (cost=0.43..10.56 rows=106 width=4)
	  Index Cond: ((id >= 6533919) AND (id <= 6534019))

table 6 : explain SELECT id FROM sbtest6 WHERE id BETWEEN 6533919 AND 6534019
	Index Only Scan using sbtest6_pkey on sbtest6  (cost=0.43..6.51 rows=104 width=4)
	  Index Cond: ((id >= 6533919) AND (id <= 6534019))

table 7 : explain SELECT id FROM sbtest7 WHERE id BETWEEN 6533919 AND 6534019
	Index Only Scan using sbtest7_pkey on sbtest7  (cost=0.43..10.38 rows=97 width=4)
	  Index Cond: ((id >= 6533919) AND (id <= 6534019))

table 8 : explain SELECT id FROM sbtest8 WHERE id BETWEEN 6533919 AND 6534019
	Index Only Scan using sbtest8_pkey on sbtest8  (cost=0.43..6.47 rows=102 width=4)
	  Index Cond: ((id >= 6533919) AND (id <= 6534019))

explain: for range-covered :: explain SELECT id FROM sbtest%d WHERE id BETWEEN 6533919 AND 6534019
for range-covered
table 1 : explain SELECT id FROM sbtest1 WHERE id BETWEEN 3626883 AND 3626983
	Index Only Scan using sbtest1_pkey on sbtest1  (cost=0.43..10.47 rows=102 width=4)
	  Index Cond: ((id >= 3626883) AND (id <= 3626983))

table 2 : explain SELECT id FROM sbtest2 WHERE id BETWEEN 3626883 AND 3626983
	Index Only Scan using sbtest2_pkey on sbtest2  (cost=0.43..6.45 rows=101 width=4)
	  Index Cond: ((id >= 3626883) AND (id <= 3626983))

table 3 : explain SELECT id FROM sbtest3 WHERE id BETWEEN 3626883 AND 3626983
	Index Only Scan using sbtest3_pkey on sbtest3  (cost=0.43..10.46 rows=101 width=4)
	  Index Cond: ((id >= 3626883) AND (id <= 3626983))

table 4 : explain SELECT id FROM sbtest4 WHERE id BETWEEN 3626883 AND 3626983
	Index Only Scan using sbtest4_pkey on sbtest4  (cost=0.43..10.56 rows=106 width=4)
	  Index Cond: ((id >= 3626883) AND (id <= 3626983))

table 5 : explain SELECT id FROM sbtest5 WHERE id BETWEEN 3626883 AND 3626983
	Index Only Scan using sbtest5_pkey on sbtest5  (cost=0.43..10.60 rows=108 width=4)
	  Index Cond: ((id >= 3626883) AND (id <= 3626983))

table 6 : explain SELECT id FROM sbtest6 WHERE id BETWEEN 3626883 AND 3626983
	Index Only Scan using sbtest6_pkey on sbtest6  (cost=0.43..6.51 rows=104 width=4)
	  Index Cond: ((id >= 3626883) AND (id <= 3626983))

table 7 : explain SELECT id FROM sbtest7 WHERE id BETWEEN 3626883 AND 3626983
	Index Only Scan using sbtest7_pkey on sbtest7  (cost=0.43..10.38 rows=97 width=4)
	  Index Cond: ((id >= 3626883) AND (id <= 3626983))

table 8 : explain SELECT id FROM sbtest8 WHERE id BETWEEN 3626883 AND 3626983
	Index Only Scan using sbtest8_pkey on sbtest8  (cost=0.43..6.37 rows=97 width=4)
	  Index Cond: ((id >= 3626883) AND (id <= 3626983))

explain: for range-covered :: explain SELECT id FROM sbtest%d WHERE id BETWEEN 3626883 AND 3626983
explain: for range-covered :: explain SELECT id FROM sbtest%d WHERE id BETWEEN 4074222 AND 4074322
for range-covered
table 1 : explain SELECT id FROM sbtest1 WHERE id BETWEEN 1995984 AND 1996084
	Index Only Scan using sbtest1_pkey on sbtest1  (cost=0.43..10.47 rows=102 width=4)
	  Index Cond: ((id >= 1995984) AND (id <= 1996084))

table 2 : explain SELECT id FROM sbtest2 WHERE id BETWEEN 1995984 AND 1996084
	Index Only Scan using sbtest2_pkey on sbtest2  (cost=0.43..6.43 rows=100 width=4)
	  Index Cond: ((id >= 1995984) AND (id <= 1996084))

table 3 : explain SELECT id FROM sbtest3 WHERE id BETWEEN 1995984 AND 1996084
	Index Only Scan using sbtest3_pkey on sbtest3  (cost=0.43..10.36 rows=96 width=4)
	  Index Cond: ((id >= 1995984) AND (id <= 1996084))

table 4 : explain SELECT id FROM sbtest4 WHERE id BETWEEN 1995984 AND 1996084
	Index Only Scan using sbtest4_pkey on sbtest4  (cost=0.43..10.70 rows=113 width=4)
	  Index Cond: ((id >= 1995984) AND (id <= 1996084))

table 5 : explain SELECT id FROM sbtest5 WHERE id BETWEEN 1995984 AND 1996084
	Index Only Scan using sbtest5_pkey on sbtest5  (cost=0.43..10.60 rows=108 width=4)
	  Index Cond: ((id >= 1995984) AND (id <= 1996084))

table 6 : explain SELECT id FROM sbtest6 WHERE id BETWEEN 1995984 AND 1996084
	Index Only Scan using sbtest6_pkey on sbtest6  (cost=0.43..6.40 rows=98 width=4)
	  Index Cond: ((id >= 1995984) AND (id <= 1996084))

table 7 : explain SELECT id FROM sbtest7 WHERE id BETWEEN 1995984 AND 1996084
	Index Only Scan using sbtest7_pkey on sbtest7  (cost=0.43..10.56 rows=106 width=4)
	  Index Cond: ((id >= 1995984) AND (id <= 1996084))

table 8 : explain SELECT id FROM sbtest8 WHERE id BETWEEN 1995984 AND 1996084
	Index Only Scan using sbtest8_pkey on sbtest8  (cost=0.43..6.35 rows=96 width=4)
	  Index Cond: ((id >= 1995984) AND (id <= 1996084))

explain: for range-covered :: explain SELECT id FROM sbtest%d WHERE id BETWEEN 1995984 AND 1996084
for range-covered
table 1 : explain SELECT id FROM sbtest1 WHERE id BETWEEN 7419308 AND 7419408
	Index Only Scan using sbtest1_pkey on sbtest1  (cost=0.43..10.46 rows=101 width=4)
	  Index Cond: ((id >= 7419308) AND (id <= 7419408))

table 2 : explain SELECT id FROM sbtest2 WHERE id BETWEEN 7419308 AND 7419408
	Index Only Scan using sbtest2_pkey on sbtest2  (cost=0.43..6.27 rows=92 width=4)
	  Index Cond: ((id >= 7419308) AND (id <= 7419408))

table 3 : explain SELECT id FROM sbtest3 WHERE id BETWEEN 7419308 AND 7419408
	Index Only Scan using sbtest3_pkey on sbtest3  (cost=0.43..10.36 rows=96 width=4)
	  Index Cond: ((id >= 7419308) AND (id <= 7419408))

table 4 : explain SELECT id FROM sbtest4 WHERE id BETWEEN 7419308 AND 7419408
	Index Only Scan using sbtest4_pkey on sbtest4  (cost=0.43..10.36 rows=96 width=4)
	  Index Cond: ((id >= 7419308) AND (id <= 7419408))

table 5 : explain SELECT id FROM sbtest5 WHERE id BETWEEN 7419308 AND 7419408
	Index Only Scan using sbtest5_pkey on sbtest5  (cost=0.43..10.58 rows=107 width=4)
	  Index Cond: ((id >= 7419308) AND (id <= 7419408))

table 6 : explain SELECT id FROM sbtest6 WHERE id BETWEEN 7419308 AND 7419408
	Index Only Scan using sbtest6_pkey on sbtest6  (cost=0.43..6.56 rows=106 width=4)
	  Index Cond: ((id >= 7419308) AND (id <= 7419408))

table 7 : explain SELECT id FROM sbtest7 WHERE id BETWEEN 7419308 AND 7419408
	Index Only Scan using sbtest7_pkey on sbtest7  (cost=0.43..10.68 rows=112 width=4)
	  Index Cond: ((id >= 7419308) AND (id <= 7419408))

table 8 : explain SELECT id FROM sbtest8 WHERE id BETWEEN 7419308 AND 7419408
	Index Only Scan using sbtest8_pkey on sbtest8  (cost=0.43..6.35 rows=96 width=4)
	  Index Cond: ((id >= 7419308) AND (id <= 7419408))

explain: for range-covered :: explain SELECT id FROM sbtest%d WHERE id BETWEEN 7419308 AND 7419408
for range-covered
table 1 : explain SELECT id FROM sbtest1 WHERE id BETWEEN 3626883 AND 3626983
	Index Only Scan using sbtest1_pkey on sbtest1  (cost=0.43..10.47 rows=102 width=4)
	  Index Cond: ((id >= 3626883) AND (id <= 3626983))

table 2 : explain SELECT id FROM sbtest2 WHERE id BETWEEN 3626883 AND 3626983
	Index Only Scan using sbtest2_pkey on sbtest2  (cost=0.43..6.45 rows=101 width=4)
	  Index Cond: ((id >= 3626883) AND (id <= 3626983))

table 3 : explain SELECT id FROM sbtest3 WHERE id BETWEEN 3626883 AND 3626983
	Index Only Scan using sbtest3_pkey on sbtest3  (cost=0.43..10.46 rows=101 width=4)
	  Index Cond: ((id >= 3626883) AND (id <= 3626983))

table 4 : explain SELECT id FROM sbtest4 WHERE id BETWEEN 3626883 AND 3626983
	Index Only Scan using sbtest4_pkey on sbtest4  (cost=0.43..10.56 rows=106 width=4)
	  Index Cond: ((id >= 3626883) AND (id <= 3626983))

table 5 : explain SELECT id FROM sbtest5 WHERE id BETWEEN 3626883 AND 3626983
	Index Only Scan using sbtest5_pkey on sbtest5  (cost=0.43..10.60 rows=108 width=4)
	  Index Cond: ((id >= 3626883) AND (id <= 3626983))

table 6 : explain SELECT id FROM sbtest6 WHERE id BETWEEN 3626883 AND 3626983
	Index Only Scan using sbtest6_pkey on sbtest6  (cost=0.43..6.51 rows=104 width=4)
	  Index Cond: ((id >= 3626883) AND (id <= 3626983))

table 7 : explain SELECT id FROM sbtest7 WHERE id BETWEEN 3626883 AND 3626983
	Index Only Scan using sbtest7_pkey on sbtest7  (cost=0.43..10.38 rows=97 width=4)
	  Index Cond: ((id >= 3626883) AND (id <= 3626983))

table 8 : explain SELECT id FROM sbtest8 WHERE id BETWEEN 3626883 AND 3626983
	Index Only Scan using sbtest8_pkey on sbtest8  (cost=0.43..6.37 rows=97 width=4)
	  Index Cond: ((id >= 3626883) AND (id <= 3626983))

for range-covered
table 1 : explain SELECT id FROM sbtest1 WHERE id BETWEEN 6533919 AND 6534019
	Index Only Scan using sbtest1_pkey on sbtest1  (cost=0.43..10.65 rows=111 width=4)
	  Index Cond: ((id >= 6533919) AND (id <= 6534019))

table 2 : explain SELECT id FROM sbtest2 WHERE id BETWEEN 6533919 AND 6534019
	Index Only Scan using sbtest2_pkey on sbtest2  (cost=0.43..6.58 rows=107 width=4)
	  Index Cond: ((id >= 6533919) AND (id <= 6534019))

table 3 : explain SELECT id FROM sbtest3 WHERE id BETWEEN 6533919 AND 6534019
	Index Only Scan using sbtest3_pkey on sbtest3  (cost=0.43..10.62 rows=109 width=4)
	  Index Cond: ((id >= 6533919) AND (id <= 6534019))

table 4 : explain SELECT id FROM sbtest4 WHERE id BETWEEN 6533919 AND 6534019
	Index Only Scan using sbtest4_pkey on sbtest4  (cost=0.43..10.46 rows=101 width=4)
	  Index Cond: ((id >= 6533919) AND (id <= 6534019))

table 5 : explain SELECT id FROM sbtest5 WHERE id BETWEEN 6533919 AND 6534019
	Index Only Scan using sbtest5_pkey on sbtest5  (cost=0.43..10.56 rows=106 width=4)
	  Index Cond: ((id >= 6533919) AND (id <= 6534019))

table 6 : explain SELECT id FROM sbtest6 WHERE id BETWEEN 6533919 AND 6534019
	Index Only Scan using sbtest6_pkey on sbtest6  (cost=0.43..6.51 rows=104 width=4)
	  Index Cond: ((id >= 6533919) AND (id <= 6534019))

table 7 : explain SELECT id FROM sbtest7 WHERE id BETWEEN 6533919 AND 6534019
	Index Only Scan using sbtest7_pkey on sbtest7  (cost=0.43..10.38 rows=97 width=4)
	  Index Cond: ((id >= 6533919) AND (id <= 6534019))

table 8 : explain SELECT id FROM sbtest8 WHERE id BETWEEN 6533919 AND 6534019
	Index Only Scan using sbtest8_pkey on sbtest8  (cost=0.43..6.47 rows=102 width=4)
	  Index Cond: ((id >= 6533919) AND (id <= 6534019))

for range-covered
table 1 : explain SELECT id FROM sbtest1 WHERE id BETWEEN 3815438 AND 3815538
	Index Only Scan using sbtest1_pkey on sbtest1  (cost=0.43..10.56 rows=106 width=4)
	  Index Cond: ((id >= 3815438) AND (id <= 3815538))

table 2 : explain SELECT id FROM sbtest2 WHERE id BETWEEN 3815438 AND 3815538
	Index Only Scan using sbtest2_pkey on sbtest2  (cost=0.43..6.27 rows=92 width=4)
	  Index Cond: ((id >= 3815438) AND (id <= 3815538))

table 3 : explain SELECT id FROM sbtest3 WHERE id BETWEEN 3815438 AND 3815538
	Index Only Scan using sbtest3_pkey on sbtest3  (cost=0.43..10.50 rows=103 width=4)
	  Index Cond: ((id >= 3815438) AND (id <= 3815538))

table 4 : explain SELECT id FROM sbtest4 WHERE id BETWEEN 3815438 AND 3815538
	Index Only Scan using sbtest4_pkey on sbtest4  (cost=0.43..10.47 rows=102 width=4)
	  Index Cond: ((id >= 3815438) AND (id <= 3815538))

table 5 : explain SELECT id FROM sbtest5 WHERE id BETWEEN 3815438 AND 3815538
	Index Only Scan using sbtest5_pkey on sbtest5  (cost=0.43..10.40 rows=98 width=4)
	  Index Cond: ((id >= 3815438) AND (id <= 3815538))

table 6 : explain SELECT id FROM sbtest6 WHERE id BETWEEN 3815438 AND 3815538
	Index Only Scan using sbtest6_pkey on sbtest6  (cost=0.43..6.53 rows=105 width=4)
	  Index Cond: ((id >= 3815438) AND (id <= 3815538))

table 7 : explain SELECT id FROM sbtest7 WHERE id BETWEEN 3815438 AND 3815538
	Index Only Scan using sbtest7_pkey on sbtest7  (cost=0.43..10.60 rows=108 width=4)
	  Index Cond: ((id >= 3815438) AND (id <= 3815538))

table 8 : explain SELECT id FROM sbtest8 WHERE id BETWEEN 3815438 AND 3815538
	Index Only Scan using sbtest8_pkey on sbtest8  (cost=0.43..6.51 rows=104 width=4)
	  Index Cond: ((id >= 3815438) AND (id <= 3815538))

explain: for range-covered :: explain SELECT id FROM sbtest%d WHERE id BETWEEN 3626883 AND 3626983
explain: for range-covered :: explain SELECT id FROM sbtest%d WHERE id BETWEEN 6533919 AND 6534019
explain: for range-covered :: explain SELECT id FROM sbtest%d WHERE id BETWEEN 3815438 AND 3815538
for range-covered
table 1 : explain SELECT id FROM sbtest1 WHERE id BETWEEN 1995984 AND 1996084
	Index Only Scan using sbtest1_pkey on sbtest1  (cost=0.43..10.47 rows=102 width=4)
	  Index Cond: ((id >= 1995984) AND (id <= 1996084))

table 2 : explain SELECT id FROM sbtest2 WHERE id BETWEEN 1995984 AND 1996084
	Index Only Scan using sbtest2_pkey on sbtest2  (cost=0.43..6.43 rows=100 width=4)
	  Index Cond: ((id >= 1995984) AND (id <= 1996084))

table 3 : explain SELECT id FROM sbtest3 WHERE id BETWEEN 1995984 AND 1996084
	Index Only Scan using sbtest3_pkey on sbtest3  (cost=0.43..10.36 rows=96 width=4)
	  Index Cond: ((id >= 1995984) AND (id <= 1996084))

table 4 : explain SELECT id FROM sbtest4 WHERE id BETWEEN 1995984 AND 1996084
	Index Only Scan using sbtest4_pkey on sbtest4  (cost=0.43..10.70 rows=113 width=4)
	  Index Cond: ((id >= 1995984) AND (id <= 1996084))

table 5 : explain SELECT id FROM sbtest5 WHERE id BETWEEN 1995984 AND 1996084
	Index Only Scan using sbtest5_pkey on sbtest5  (cost=0.43..10.60 rows=108 width=4)
	  Index Cond: ((id >= 1995984) AND (id <= 1996084))

table 6 : explain SELECT id FROM sbtest6 WHERE id BETWEEN 1995984 AND 1996084
	Index Only Scan using sbtest6_pkey on sbtest6  (cost=0.43..6.40 rows=98 width=4)
	  Index Cond: ((id >= 1995984) AND (id <= 1996084))

table 7 : explain SELECT id FROM sbtest7 WHERE id BETWEEN 1995984 AND 1996084
	Index Only Scan using sbtest7_pkey on sbtest7  (cost=0.43..10.56 rows=106 width=4)
	  Index Cond: ((id >= 1995984) AND (id <= 1996084))

table 8 : explain SELECT id FROM sbtest8 WHERE id BETWEEN 1995984 AND 1996084
	Index Only Scan using sbtest8_pkey on sbtest8  (cost=0.43..6.35 rows=96 width=4)
	  Index Cond: ((id >= 1995984) AND (id <= 1996084))

explain: for range-covered :: explain SELECT id FROM sbtest%d WHERE id BETWEEN 1995984 AND 1996084
for range-covered
table 1 : explain SELECT id FROM sbtest1 WHERE id BETWEEN 7419308 AND 7419408
	Index Only Scan using sbtest1_pkey on sbtest1  (cost=0.43..10.46 rows=101 width=4)
	  Index Cond: ((id >= 7419308) AND (id <= 7419408))

table 2 : explain SELECT id FROM sbtest2 WHERE id BETWEEN 7419308 AND 7419408
	Index Only Scan using sbtest2_pkey on sbtest2  (cost=0.43..6.27 rows=92 width=4)
	  Index Cond: ((id >= 7419308) AND (id <= 7419408))

table 3 : explain SELECT id FROM sbtest3 WHERE id BETWEEN 7419308 AND 7419408
	Index Only Scan using sbtest3_pkey on sbtest3  (cost=0.43..10.36 rows=96 width=4)
	  Index Cond: ((id >= 7419308) AND (id <= 7419408))

table 4 : explain SELECT id FROM sbtest4 WHERE id BETWEEN 7419308 AND 7419408
	Index Only Scan using sbtest4_pkey on sbtest4  (cost=0.43..10.36 rows=96 width=4)
	  Index Cond: ((id >= 7419308) AND (id <= 7419408))

table 5 : explain SELECT id FROM sbtest5 WHERE id BETWEEN 7419308 AND 7419408
	Index Only Scan using sbtest5_pkey on sbtest5  (cost=0.43..10.58 rows=107 width=4)
	  Index Cond: ((id >= 7419308) AND (id <= 7419408))

table 6 : explain SELECT id FROM sbtest6 WHERE id BETWEEN 7419308 AND 7419408
	Index Only Scan using sbtest6_pkey on sbtest6  (cost=0.43..6.56 rows=106 width=4)
	  Index Cond: ((id >= 7419308) AND (id <= 7419408))

table 7 : explain SELECT id FROM sbtest7 WHERE id BETWEEN 7419308 AND 7419408
	Index Only Scan using sbtest7_pkey on sbtest7  (cost=0.43..10.68 rows=112 width=4)
	  Index Cond: ((id >= 7419308) AND (id <= 7419408))

table 8 : explain SELECT id FROM sbtest8 WHERE id BETWEEN 7419308 AND 7419408
	Index Only Scan using sbtest8_pkey on sbtest8  (cost=0.43..6.35 rows=96 width=4)
	  Index Cond: ((id >= 7419308) AND (id <= 7419408))

explain: for range-covered :: explain SELECT id FROM sbtest%d WHERE id BETWEEN 7419308 AND 7419408
for range-covered
table 1 : explain SELECT id FROM sbtest1 WHERE id BETWEEN 3626883 AND 3626983
	Index Only Scan using sbtest1_pkey on sbtest1  (cost=0.43..10.47 rows=102 width=4)
	  Index Cond: ((id >= 3626883) AND (id <= 3626983))

table 2 : explain SELECT id FROM sbtest2 WHERE id BETWEEN 3626883 AND 3626983
	Index Only Scan using sbtest2_pkey on sbtest2  (cost=0.43..6.45 rows=101 width=4)
	  Index Cond: ((id >= 3626883) AND (id <= 3626983))

table 3 : explain SELECT id FROM sbtest3 WHERE id BETWEEN 3626883 AND 3626983
	Index Only Scan using sbtest3_pkey on sbtest3  (cost=0.43..10.46 rows=101 width=4)
	  Index Cond: ((id >= 3626883) AND (id <= 3626983))

table 4 : explain SELECT id FROM sbtest4 WHERE id BETWEEN 3626883 AND 3626983
	Index Only Scan using sbtest4_pkey on sbtest4  (cost=0.43..10.56 rows=106 width=4)
	  Index Cond: ((id >= 3626883) AND (id <= 3626983))

table 5 : explain SELECT id FROM sbtest5 WHERE id BETWEEN 3626883 AND 3626983
	Index Only Scan using sbtest5_pkey on sbtest5  (cost=0.43..10.60 rows=108 width=4)
	  Index Cond: ((id >= 3626883) AND (id <= 3626983))

table 6 : explain SELECT id FROM sbtest6 WHERE id BETWEEN 3626883 AND 3626983
	Index Only Scan using sbtest6_pkey on sbtest6  (cost=0.43..6.51 rows=104 width=4)
	  Index Cond: ((id >= 3626883) AND (id <= 3626983))

table 7 : explain SELECT id FROM sbtest7 WHERE id BETWEEN 3626883 AND 3626983
	Index Only Scan using sbtest7_pkey on sbtest7  (cost=0.43..10.38 rows=97 width=4)
	  Index Cond: ((id >= 3626883) AND (id <= 3626983))

table 8 : explain SELECT id FROM sbtest8 WHERE id BETWEEN 3626883 AND 3626983
	Index Only Scan using sbtest8_pkey on sbtest8  (cost=0.43..6.37 rows=97 width=4)
	  Index Cond: ((id >= 3626883) AND (id <= 3626983))

for range-covered
table 1 : explain SELECT id FROM sbtest1 WHERE id BETWEEN 6533919 AND 6534019
	Index Only Scan using sbtest1_pkey on sbtest1  (cost=0.43..10.65 rows=111 width=4)
	  Index Cond: ((id >= 6533919) AND (id <= 6534019))

table 2 : explain SELECT id FROM sbtest2 WHERE id BETWEEN 6533919 AND 6534019
	Index Only Scan using sbtest2_pkey on sbtest2  (cost=0.43..6.58 rows=107 width=4)
	  Index Cond: ((id >= 6533919) AND (id <= 6534019))

table 3 : explain SELECT id FROM sbtest3 WHERE id BETWEEN 6533919 AND 6534019
	Index Only Scan using sbtest3_pkey on sbtest3  (cost=0.43..10.62 rows=109 width=4)
	  Index Cond: ((id >= 6533919) AND (id <= 6534019))

table 4 : explain SELECT id FROM sbtest4 WHERE id BETWEEN 6533919 AND 6534019
	Index Only Scan using sbtest4_pkey on sbtest4  (cost=0.43..10.46 rows=101 width=4)
	  Index Cond: ((id >= 6533919) AND (id <= 6534019))

table 5 : explain SELECT id FROM sbtest5 WHERE id BETWEEN 6533919 AND 6534019
	Index Only Scan using sbtest5_pkey on sbtest5  (cost=0.43..10.56 rows=106 width=4)
	  Index Cond: ((id >= 6533919) AND (id <= 6534019))

table 6 : explain SELECT id FROM sbtest6 WHERE id BETWEEN 6533919 AND 6534019
	Index Only Scan using sbtest6_pkey on sbtest6  (cost=0.43..6.51 rows=104 width=4)
	  Index Cond: ((id >= 6533919) AND (id <= 6534019))

table 7 : explain SELECT id FROM sbtest7 WHERE id BETWEEN 6533919 AND 6534019
	Index Only Scan using sbtest7_pkey on sbtest7  (cost=0.43..10.38 rows=97 width=4)
	  Index Cond: ((id >= 6533919) AND (id <= 6534019))

table 8 : explain SELECT id FROM sbtest8 WHERE id BETWEEN 6533919 AND 6534019
	Index Only Scan using sbtest8_pkey on sbtest8  (cost=0.43..6.47 rows=102 width=4)
	  Index Cond: ((id >= 6533919) AND (id <= 6534019))

explain: for range-covered :: explain SELECT id FROM sbtest%d WHERE id BETWEEN 3626883 AND 3626983
explain: for range-covered :: explain SELECT id FROM sbtest%d WHERE id BETWEEN 6533919 AND 6534019
for range-covered
table 1 : explain SELECT id FROM sbtest1 WHERE id BETWEEN 5966930 AND 5967030
	Index Only Scan using sbtest1_pkey on sbtest1  (cost=0.43..10.46 rows=101 width=4)
	  Index Cond: ((id >= 5966930) AND (id <= 5967030))

table 2 : explain SELECT id FROM sbtest2 WHERE id BETWEEN 5966930 AND 5967030
	Index Only Scan using sbtest2_pkey on sbtest2  (cost=0.43..6.21 rows=89 width=4)
	  Index Cond: ((id >= 5966930) AND (id <= 5967030))

table 3 : explain SELECT id FROM sbtest3 WHERE id BETWEEN 5966930 AND 5967030
	Index Only Scan using sbtest3_pkey on sbtest3  (cost=0.43..10.51 rows=104 width=4)
	  Index Cond: ((id >= 5966930) AND (id <= 5967030))

table 4 : explain SELECT id FROM sbtest4 WHERE id BETWEEN 5966930 AND 5967030
	Index Only Scan using sbtest4_pkey on sbtest4  (cost=0.43..10.36 rows=96 width=4)
	  Index Cond: ((id >= 5966930) AND (id <= 5967030))

table 5 : explain SELECT id FROM sbtest5 WHERE id BETWEEN 5966930 AND 5967030
	Index Only Scan using sbtest5_pkey on sbtest5  (cost=0.43..10.51 rows=104 width=4)
	  Index Cond: ((id >= 5966930) AND (id <= 5967030))

table 6 : explain SELECT id FROM sbtest6 WHERE id BETWEEN 5966930 AND 5967030
	Index Only Scan using sbtest6_pkey on sbtest6  (cost=0.43..6.53 rows=105 width=4)
	  Index Cond: ((id >= 5966930) AND (id <= 5967030))

table 7 : explain SELECT id FROM sbtest7 WHERE id BETWEEN 5966930 AND 5967030
	Index Only Scan using sbtest7_pkey on sbtest7  (cost=0.43..10.42 rows=99 width=4)
	  Index Cond: ((id >= 5966930) AND (id <= 5967030))

table 8 : explain SELECT id FROM sbtest8 WHERE id BETWEEN 5966930 AND 5967030
	Index Only Scan using sbtest8_pkey on sbtest8  (cost=0.43..6.53 rows=105 width=4)
	  Index Cond: ((id >= 5966930) AND (id <= 5967030))

explain: for range-covered :: explain SELECT id FROM sbtest%d WHERE id BETWEEN 5966930 AND 5967030
for range-covered
table 1 : explain SELECT id FROM sbtest1 WHERE id BETWEEN 1995984 AND 1996084
	Index Only Scan using sbtest1_pkey on sbtest1  (cost=0.43..10.47 rows=102 width=4)
	  Index Cond: ((id >= 1995984) AND (id <= 1996084))

table 2 : explain SELECT id FROM sbtest2 WHERE id BETWEEN 1995984 AND 1996084
	Index Only Scan using sbtest2_pkey on sbtest2  (cost=0.43..6.43 rows=100 width=4)
	  Index Cond: ((id >= 1995984) AND (id <= 1996084))

table 3 : explain SELECT id FROM sbtest3 WHERE id BETWEEN 1995984 AND 1996084
	Index Only Scan using sbtest3_pkey on sbtest3  (cost=0.43..10.36 rows=96 width=4)
	  Index Cond: ((id >= 1995984) AND (id <= 1996084))

table 4 : explain SELECT id FROM sbtest4 WHERE id BETWEEN 1995984 AND 1996084
	Index Only Scan using sbtest4_pkey on sbtest4  (cost=0.43..10.70 rows=113 width=4)
	  Index Cond: ((id >= 1995984) AND (id <= 1996084))

table 5 : explain SELECT id FROM sbtest5 WHERE id BETWEEN 1995984 AND 1996084
	Index Only Scan using sbtest5_pkey on sbtest5  (cost=0.43..10.60 rows=108 width=4)
	  Index Cond: ((id >= 1995984) AND (id <= 1996084))

table 6 : explain SELECT id FROM sbtest6 WHERE id BETWEEN 1995984 AND 1996084
	Index Only Scan using sbtest6_pkey on sbtest6  (cost=0.43..6.40 rows=98 width=4)
	  Index Cond: ((id >= 1995984) AND (id <= 1996084))

table 7 : explain SELECT id FROM sbtest7 WHERE id BETWEEN 1995984 AND 1996084
	Index Only Scan using sbtest7_pkey on sbtest7  (cost=0.43..10.56 rows=106 width=4)
	  Index Cond: ((id >= 1995984) AND (id <= 1996084))

table 8 : explain SELECT id FROM sbtest8 WHERE id BETWEEN 1995984 AND 1996084
	Index Only Scan using sbtest8_pkey on sbtest8  (cost=0.43..6.35 rows=96 width=4)
	  Index Cond: ((id >= 1995984) AND (id <= 1996084))

explain: for range-covered :: explain SELECT id FROM sbtest%d WHERE id BETWEEN 1995984 AND 1996084
for range-covered
table 1 : explain SELECT id FROM sbtest1 WHERE id BETWEEN 7419308 AND 7419408
	Index Only Scan using sbtest1_pkey on sbtest1  (cost=0.43..10.46 rows=101 width=4)
	  Index Cond: ((id >= 7419308) AND (id <= 7419408))

table 2 : explain SELECT id FROM sbtest2 WHERE id BETWEEN 7419308 AND 7419408
	Index Only Scan using sbtest2_pkey on sbtest2  (cost=0.43..6.27 rows=92 width=4)
	  Index Cond: ((id >= 7419308) AND (id <= 7419408))

table 3 : explain SELECT id FROM sbtest3 WHERE id BETWEEN 7419308 AND 7419408
	Index Only Scan using sbtest3_pkey on sbtest3  (cost=0.43..10.36 rows=96 width=4)
	  Index Cond: ((id >= 7419308) AND (id <= 7419408))

table 4 : explain SELECT id FROM sbtest4 WHERE id BETWEEN 7419308 AND 7419408
	Index Only Scan using sbtest4_pkey on sbtest4  (cost=0.43..10.36 rows=96 width=4)
	  Index Cond: ((id >= 7419308) AND (id <= 7419408))

table 5 : explain SELECT id FROM sbtest5 WHERE id BETWEEN 7419308 AND 7419408
	Index Only Scan using sbtest5_pkey on sbtest5  (cost=0.43..10.58 rows=107 width=4)
	  Index Cond: ((id >= 7419308) AND (id <= 7419408))

table 6 : explain SELECT id FROM sbtest6 WHERE id BETWEEN 7419308 AND 7419408
	Index Only Scan using sbtest6_pkey on sbtest6  (cost=0.43..6.56 rows=106 width=4)
	  Index Cond: ((id >= 7419308) AND (id <= 7419408))

table 7 : explain SELECT id FROM sbtest7 WHERE id BETWEEN 7419308 AND 7419408
	Index Only Scan using sbtest7_pkey on sbtest7  (cost=0.43..10.68 rows=112 width=4)
	  Index Cond: ((id >= 7419308) AND (id <= 7419408))

table 8 : explain SELECT id FROM sbtest8 WHERE id BETWEEN 7419308 AND 7419408
	Index Only Scan using sbtest8_pkey on sbtest8  (cost=0.43..6.35 rows=96 width=4)
	  Index Cond: ((id >= 7419308) AND (id <= 7419408))

explain: for range-covered :: explain SELECT id FROM sbtest%d WHERE id BETWEEN 7419308 AND 7419408
for range-covered
table 1 : explain SELECT id FROM sbtest1 WHERE id BETWEEN 3815438 AND 3815538
	Index Only Scan using sbtest1_pkey on sbtest1  (cost=0.43..10.56 rows=106 width=4)
	  Index Cond: ((id >= 3815438) AND (id <= 3815538))

table 2 : explain SELECT id FROM sbtest2 WHERE id BETWEEN 3815438 AND 3815538
	Index Only Scan using sbtest2_pkey on sbtest2  (cost=0.43..6.27 rows=92 width=4)
	  Index Cond: ((id >= 3815438) AND (id <= 3815538))

table 3 : explain SELECT id FROM sbtest3 WHERE id BETWEEN 3815438 AND 3815538
	Index Only Scan using sbtest3_pkey on sbtest3  (cost=0.43..10.50 rows=103 width=4)
	  Index Cond: ((id >= 3815438) AND (id <= 3815538))

table 4 : explain SELECT id FROM sbtest4 WHERE id BETWEEN 3815438 AND 3815538
	Index Only Scan using sbtest4_pkey on sbtest4  (cost=0.43..10.47 rows=102 width=4)
	  Index Cond: ((id >= 3815438) AND (id <= 3815538))

table 5 : explain SELECT id FROM sbtest5 WHERE id BETWEEN 3815438 AND 3815538
	Index Only Scan using sbtest5_pkey on sbtest5  (cost=0.43..10.40 rows=98 width=4)
	  Index Cond: ((id >= 3815438) AND (id <= 3815538))

table 6 : explain SELECT id FROM sbtest6 WHERE id BETWEEN 3815438 AND 3815538
	Index Only Scan using sbtest6_pkey on sbtest6  (cost=0.43..6.53 rows=105 width=4)
	  Index Cond: ((id >= 3815438) AND (id <= 3815538))

table 7 : explain SELECT id FROM sbtest7 WHERE id BETWEEN 3815438 AND 3815538
	Index Only Scan using sbtest7_pkey on sbtest7  (cost=0.43..10.60 rows=108 width=4)
	  Index Cond: ((id >= 3815438) AND (id <= 3815538))

table 8 : explain SELECT id FROM sbtest8 WHERE id BETWEEN 3815438 AND 3815538
	Index Only Scan using sbtest8_pkey on sbtest8  (cost=0.43..6.51 rows=104 width=4)
	  Index Cond: ((id >= 3815438) AND (id <= 3815538))

for range-covered
table 1 : explain SELECT id FROM sbtest1 WHERE id BETWEEN 6533919 AND 6534019
	Index Only Scan using sbtest1_pkey on sbtest1  (cost=0.43..10.65 rows=111 width=4)
	  Index Cond: ((id >= 6533919) AND (id <= 6534019))

table 2 : explain SELECT id FROM sbtest2 WHERE id BETWEEN 6533919 AND 6534019
	Index Only Scan using sbtest2_pkey on sbtest2  (cost=0.43..6.58 rows=107 width=4)
	  Index Cond: ((id >= 6533919) AND (id <= 6534019))

table 3 : explain SELECT id FROM sbtest3 WHERE id BETWEEN 6533919 AND 6534019
	Index Only Scan using sbtest3_pkey on sbtest3  (cost=0.43..10.62 rows=109 width=4)
	  Index Cond: ((id >= 6533919) AND (id <= 6534019))

table 4 : explain SELECT id FROM sbtest4 WHERE id BETWEEN 6533919 AND 6534019
	Index Only Scan using sbtest4_pkey on sbtest4  (cost=0.43..10.46 rows=101 width=4)
	  Index Cond: ((id >= 6533919) AND (id <= 6534019))

table 5 : explain SELECT id FROM sbtest5 WHERE id BETWEEN 6533919 AND 6534019
	Index Only Scan using sbtest5_pkey on sbtest5  (cost=0.43..10.56 rows=106 width=4)
	  Index Cond: ((id >= 6533919) AND (id <= 6534019))

table 6 : explain SELECT id FROM sbtest6 WHERE id BETWEEN 6533919 AND 6534019
	Index Only Scan using sbtest6_pkey on sbtest6  (cost=0.43..6.51 rows=104 width=4)
	  Index Cond: ((id >= 6533919) AND (id <= 6534019))

table 7 : explain SELECT id FROM sbtest7 WHERE id BETWEEN 6533919 AND 6534019
	Index Only Scan using sbtest7_pkey on sbtest7  (cost=0.43..10.38 rows=97 width=4)
	  Index Cond: ((id >= 6533919) AND (id <= 6534019))

table 8 : explain SELECT id FROM sbtest8 WHERE id BETWEEN 6533919 AND 6534019
	Index Only Scan using sbtest8_pkey on sbtest8  (cost=0.43..6.47 rows=102 width=4)
	  Index Cond: ((id >= 6533919) AND (id <= 6534019))

explain: for range-covered :: explain SELECT id FROM sbtest%d WHERE id BETWEEN 6533919 AND 6534019
for range-covered
table 1 : explain SELECT id FROM sbtest1 WHERE id BETWEEN 5966930 AND 5967030
	Index Only Scan using sbtest1_pkey on sbtest1  (cost=0.43..10.46 rows=101 width=4)
	  Index Cond: ((id >= 5966930) AND (id <= 5967030))

table 2 : explain SELECT id FROM sbtest2 WHERE id BETWEEN 5966930 AND 5967030
	Index Only Scan using sbtest2_pkey on sbtest2  (cost=0.43..6.21 rows=89 width=4)
	  Index Cond: ((id >= 5966930) AND (id <= 5967030))

table 3 : explain SELECT id FROM sbtest3 WHERE id BETWEEN 5966930 AND 5967030
	Index Only Scan using sbtest3_pkey on sbtest3  (cost=0.43..10.51 rows=104 width=4)
	  Index Cond: ((id >= 5966930) AND (id <= 5967030))

table 4 : explain SELECT id FROM sbtest4 WHERE id BETWEEN 5966930 AND 5967030
	Index Only Scan using sbtest4_pkey on sbtest4  (cost=0.43..10.36 rows=96 width=4)
	  Index Cond: ((id >= 5966930) AND (id <= 5967030))

table 5 : explain SELECT id FROM sbtest5 WHERE id BETWEEN 5966930 AND 5967030
	Index Only Scan using sbtest5_pkey on sbtest5  (cost=0.43..10.51 rows=104 width=4)
	  Index Cond: ((id >= 5966930) AND (id <= 5967030))

table 6 : explain SELECT id FROM sbtest6 WHERE id BETWEEN 5966930 AND 5967030
	Index Only Scan using sbtest6_pkey on sbtest6  (cost=0.43..6.53 rows=105 width=4)
	  Index Cond: ((id >= 5966930) AND (id <= 5967030))

table 7 : explain SELECT id FROM sbtest7 WHERE id BETWEEN 5966930 AND 5967030
	Index Only Scan using sbtest7_pkey on sbtest7  (cost=0.43..10.42 rows=99 width=4)
	  Index Cond: ((id >= 5966930) AND (id <= 5967030))

table 8 : explain SELECT id FROM sbtest8 WHERE id BETWEEN 5966930 AND 5967030
	Index Only Scan using sbtest8_pkey on sbtest8  (cost=0.43..6.53 rows=105 width=4)
	  Index Cond: ((id >= 5966930) AND (id <= 5967030))

for range-covered
table 1 : explain SELECT id FROM sbtest1 WHERE id BETWEEN 1995984 AND 1996084
	Index Only Scan using sbtest1_pkey on sbtest1  (cost=0.43..10.47 rows=102 width=4)
	  Index Cond: ((id >= 1995984) AND (id <= 1996084))

table 2 : explain SELECT id FROM sbtest2 WHERE id BETWEEN 1995984 AND 1996084
	Index Only Scan using sbtest2_pkey on sbtest2  (cost=0.43..6.43 rows=100 width=4)
	  Index Cond: ((id >= 1995984) AND (id <= 1996084))

table 3 : explain SELECT id FROM sbtest3 WHERE id BETWEEN 1995984 AND 1996084
	Index Only Scan using sbtest3_pkey on sbtest3  (cost=0.43..10.36 rows=96 width=4)
	  Index Cond: ((id >= 1995984) AND (id <= 1996084))

table 4 : explain SELECT id FROM sbtest4 WHERE id BETWEEN 1995984 AND 1996084
	Index Only Scan using sbtest4_pkey on sbtest4  (cost=0.43..10.70 rows=113 width=4)
	  Index Cond: ((id >= 1995984) AND (id <= 1996084))

table 5 : explain SELECT id FROM sbtest5 WHERE id BETWEEN 1995984 AND 1996084
	Index Only Scan using sbtest5_pkey on sbtest5  (cost=0.43..10.60 rows=108 width=4)
	  Index Cond: ((id >= 1995984) AND (id <= 1996084))

table 6 : explain SELECT id FROM sbtest6 WHERE id BETWEEN 1995984 AND 1996084
	Index Only Scan using sbtest6_pkey on sbtest6  (cost=0.43..6.40 rows=98 width=4)
	  Index Cond: ((id >= 1995984) AND (id <= 1996084))

table 7 : explain SELECT id FROM sbtest7 WHERE id BETWEEN 1995984 AND 1996084
	Index Only Scan using sbtest7_pkey on sbtest7  (cost=0.43..10.56 rows=106 width=4)
	  Index Cond: ((id >= 1995984) AND (id <= 1996084))

table 8 : explain SELECT id FROM sbtest8 WHERE id BETWEEN 1995984 AND 1996084
	Index Only Scan using sbtest8_pkey on sbtest8  (cost=0.43..6.35 rows=96 width=4)
	  Index Cond: ((id >= 1995984) AND (id <= 1996084))

explain: for range-covered :: explain SELECT id FROM sbtest%d WHERE id BETWEEN 5966930 AND 5967030
explain: for range-covered :: explain SELECT id FROM sbtest%d WHERE id BETWEEN 1995984 AND 1996084
for range-covered
table 1 : explain SELECT id FROM sbtest1 WHERE id BETWEEN 7419308 AND 7419408
	Index Only Scan using sbtest1_pkey on sbtest1  (cost=0.43..10.46 rows=101 width=4)
	  Index Cond: ((id >= 7419308) AND (id <= 7419408))

table 2 : explain SELECT id FROM sbtest2 WHERE id BETWEEN 7419308 AND 7419408
	Index Only Scan using sbtest2_pkey on sbtest2  (cost=0.43..6.27 rows=92 width=4)
	  Index Cond: ((id >= 7419308) AND (id <= 7419408))

table 3 : explain SELECT id FROM sbtest3 WHERE id BETWEEN 7419308 AND 7419408
	Index Only Scan using sbtest3_pkey on sbtest3  (cost=0.43..10.36 rows=96 width=4)
	  Index Cond: ((id >= 7419308) AND (id <= 7419408))

table 4 : explain SELECT id FROM sbtest4 WHERE id BETWEEN 7419308 AND 7419408
	Index Only Scan using sbtest4_pkey on sbtest4  (cost=0.43..10.36 rows=96 width=4)
	  Index Cond: ((id >= 7419308) AND (id <= 7419408))

table 5 : explain SELECT id FROM sbtest5 WHERE id BETWEEN 7419308 AND 7419408
	Index Only Scan using sbtest5_pkey on sbtest5  (cost=0.43..10.58 rows=107 width=4)
	  Index Cond: ((id >= 7419308) AND (id <= 7419408))

table 6 : explain SELECT id FROM sbtest6 WHERE id BETWEEN 7419308 AND 7419408
	Index Only Scan using sbtest6_pkey on sbtest6  (cost=0.43..6.56 rows=106 width=4)
	  Index Cond: ((id >= 7419308) AND (id <= 7419408))

table 7 : explain SELECT id FROM sbtest7 WHERE id BETWEEN 7419308 AND 7419408
	Index Only Scan using sbtest7_pkey on sbtest7  (cost=0.43..10.68 rows=112 width=4)
	  Index Cond: ((id >= 7419308) AND (id <= 7419408))

table 8 : explain SELECT id FROM sbtest8 WHERE id BETWEEN 7419308 AND 7419408
	Index Only Scan using sbtest8_pkey on sbtest8  (cost=0.43..6.35 rows=96 width=4)
	  Index Cond: ((id >= 7419308) AND (id <= 7419408))

for range-covered
table 1 : explain SELECT id FROM sbtest1 WHERE id BETWEEN 4074222 AND 4074322
	Index Only Scan using sbtest1_pkey on sbtest1  (cost=0.43..10.44 rows=100 width=4)
	  Index Cond: ((id >= 4074222) AND (id <= 4074322))

table 2 : explain SELECT id FROM sbtest2 WHERE id BETWEEN 4074222 AND 4074322
	Index Only Scan using sbtest2_pkey on sbtest2  (cost=0.43..6.50 rows=103 width=4)
	  Index Cond: ((id >= 4074222) AND (id <= 4074322))

table 3 : explain SELECT id FROM sbtest3 WHERE id BETWEEN 4074222 AND 4074322
	Index Only Scan using sbtest3_pkey on sbtest3  (cost=0.43..10.65 rows=111 width=4)
	  Index Cond: ((id >= 4074222) AND (id <= 4074322))

table 4 : explain SELECT id FROM sbtest4 WHERE id BETWEEN 4074222 AND 4074322
	Index Only Scan using sbtest4_pkey on sbtest4  (cost=0.43..10.36 rows=96 width=4)
	  Index Cond: ((id >= 4074222) AND (id <= 4074322))

table 5 : explain SELECT id FROM sbtest5 WHERE id BETWEEN 4074222 AND 4074322
	Index Only Scan using sbtest5_pkey on sbtest5  (cost=0.43..10.28 rows=92 width=4)
	  Index Cond: ((id >= 4074222) AND (id <= 4074322))

table 6 : explain SELECT id FROM sbtest6 WHERE id BETWEEN 4074222 AND 4074322
	Index Only Scan using sbtest6_pkey on sbtest6  (cost=0.43..6.43 rows=100 width=4)
	  Index Cond: ((id >= 4074222) AND (id <= 4074322))

table 7 : explain SELECT id FROM sbtest7 WHERE id BETWEEN 4074222 AND 4074322
	Index Only Scan using sbtest7_pkey on sbtest7  (cost=0.43..10.68 rows=112 width=4)
	  Index Cond: ((id >= 4074222) AND (id <= 4074322))

table 8 : explain SELECT id FROM sbtest8 WHERE id BETWEEN 4074222 AND 4074322
	Index Only Scan using sbtest8_pkey on sbtest8  (cost=0.43..6.47 rows=102 width=4)
	  Index Cond: ((id >= 4074222) AND (id <= 4074322))

for range-covered
table 1 : explain SELECT id FROM sbtest1 WHERE id BETWEEN 5324336 AND 5324436
	Index Only Scan using sbtest1_pkey on sbtest1  (cost=0.43..10.50 rows=103 width=4)
	  Index Cond: ((id >= 5324336) AND (id <= 5324436))

table 2 : explain SELECT id FROM sbtest2 WHERE id BETWEEN 5324336 AND 5324436
	Index Only Scan using sbtest2_pkey on sbtest2  (cost=0.43..6.50 rows=103 width=4)
	  Index Cond: ((id >= 5324336) AND (id <= 5324436))

table 3 : explain SELECT id FROM sbtest3 WHERE id BETWEEN 5324336 AND 5324436
	Index Only Scan using sbtest3_pkey on sbtest3  (cost=0.43..10.68 rows=112 width=4)
	  Index Cond: ((id >= 5324336) AND (id <= 5324436))

table 4 : explain SELECT id FROM sbtest4 WHERE id BETWEEN 5324336 AND 5324436
	Index Only Scan using sbtest4_pkey on sbtest4  (cost=0.43..10.47 rows=102 width=4)
	  Index Cond: ((id >= 5324336) AND (id <= 5324436))

table 5 : explain SELECT id FROM sbtest5 WHERE id BETWEEN 5324336 AND 5324436
	Index Only Scan using sbtest5_pkey on sbtest5  (cost=0.43..10.40 rows=98 width=4)
	  Index Cond: ((id >= 5324336) AND (id <= 5324436))

table 6 : explain SELECT id FROM sbtest6 WHERE id BETWEEN 5324336 AND 5324436
	Index Only Scan using sbtest6_pkey on sbtest6  (cost=0.43..6.59 rows=108 width=4)
	  Index Cond: ((id >= 5324336) AND (id <= 5324436))

table 7 : explain SELECT id FROM sbtest7 WHERE id BETWEEN 5324336 AND 5324436
	Index Only Scan using sbtest7_pkey on sbtest7  (cost=0.43..10.51 rows=104 width=4)
	  Index Cond: ((id >= 5324336) AND (id <= 5324436))

table 8 : explain SELECT id FROM sbtest8 WHERE id BETWEEN 5324336 AND 5324436
	Index Only Scan using sbtest8_pkey on sbtest8  (cost=0.43..6.47 rows=102 width=4)
	  Index Cond: ((id >= 5324336) AND (id <= 5324436))

explain: for range-covered :: explain SELECT id FROM sbtest%d WHERE id BETWEEN 4074222 AND 4074322
explain: for range-covered :: explain SELECT id FROM sbtest%d WHERE id BETWEEN 5324336 AND 5324436
for range-covered
table 1 : explain SELECT id FROM sbtest1 WHERE id BETWEEN 6533919 AND 6534019
	Index Only Scan using sbtest1_pkey on sbtest1  (cost=0.43..10.65 rows=111 width=4)
	  Index Cond: ((id >= 6533919) AND (id <= 6534019))

table 2 : explain SELECT id FROM sbtest2 WHERE id BETWEEN 6533919 AND 6534019
	Index Only Scan using sbtest2_pkey on sbtest2  (cost=0.43..6.58 rows=107 width=4)
	  Index Cond: ((id >= 6533919) AND (id <= 6534019))

table 3 : explain SELECT id FROM sbtest3 WHERE id BETWEEN 6533919 AND 6534019
	Index Only Scan using sbtest3_pkey on sbtest3  (cost=0.43..10.62 rows=109 width=4)
	  Index Cond: ((id >= 6533919) AND (id <= 6534019))

table 4 : explain SELECT id FROM sbtest4 WHERE id BETWEEN 6533919 AND 6534019
	Index Only Scan using sbtest4_pkey on sbtest4  (cost=0.43..10.46 rows=101 width=4)
	  Index Cond: ((id >= 6533919) AND (id <= 6534019))

table 5 : explain SELECT id FROM sbtest5 WHERE id BETWEEN 6533919 AND 6534019
	Index Only Scan using sbtest5_pkey on sbtest5  (cost=0.43..10.56 rows=106 width=4)
	  Index Cond: ((id >= 6533919) AND (id <= 6534019))

table 6 : explain SELECT id FROM sbtest6 WHERE id BETWEEN 6533919 AND 6534019
	Index Only Scan using sbtest6_pkey on sbtest6  (cost=0.43..6.51 rows=104 width=4)
	  Index Cond: ((id >= 6533919) AND (id <= 6534019))

table 7 : explain SELECT id FROM sbtest7 WHERE id BETWEEN 6533919 AND 6534019
	Index Only Scan using sbtest7_pkey on sbtest7  (cost=0.43..10.38 rows=97 width=4)
	  Index Cond: ((id >= 6533919) AND (id <= 6534019))

table 8 : explain SELECT id FROM sbtest8 WHERE id BETWEEN 6533919 AND 6534019
	Index Only Scan using sbtest8_pkey on sbtest8  (cost=0.43..6.47 rows=102 width=4)
	  Index Cond: ((id >= 6533919) AND (id <= 6534019))

explain: for range-covered :: explain SELECT id FROM sbtest%d WHERE id BETWEEN 6533919 AND 6534019
for range-covered
table 1 : explain SELECT id FROM sbtest1 WHERE id BETWEEN 1995984 AND 1996084
	Index Only Scan using sbtest1_pkey on sbtest1  (cost=0.43..10.47 rows=102 width=4)
	  Index Cond: ((id >= 1995984) AND (id <= 1996084))

table 2 : explain SELECT id FROM sbtest2 WHERE id BETWEEN 1995984 AND 1996084
	Index Only Scan using sbtest2_pkey on sbtest2  (cost=0.43..6.43 rows=100 width=4)
	  Index Cond: ((id >= 1995984) AND (id <= 1996084))

table 3 : explain SELECT id FROM sbtest3 WHERE id BETWEEN 1995984 AND 1996084
	Index Only Scan using sbtest3_pkey on sbtest3  (cost=0.43..10.36 rows=96 width=4)
	  Index Cond: ((id >= 1995984) AND (id <= 1996084))

table 4 : explain SELECT id FROM sbtest4 WHERE id BETWEEN 1995984 AND 1996084
	Index Only Scan using sbtest4_pkey on sbtest4  (cost=0.43..10.70 rows=113 width=4)
	  Index Cond: ((id >= 1995984) AND (id <= 1996084))

table 5 : explain SELECT id FROM sbtest5 WHERE id BETWEEN 1995984 AND 1996084
	Index Only Scan using sbtest5_pkey on sbtest5  (cost=0.43..10.60 rows=108 width=4)
	  Index Cond: ((id >= 1995984) AND (id <= 1996084))

table 6 : explain SELECT id FROM sbtest6 WHERE id BETWEEN 1995984 AND 1996084
	Index Only Scan using sbtest6_pkey on sbtest6  (cost=0.43..6.40 rows=98 width=4)
	  Index Cond: ((id >= 1995984) AND (id <= 1996084))

table 7 : explain SELECT id FROM sbtest7 WHERE id BETWEEN 1995984 AND 1996084
	Index Only Scan using sbtest7_pkey on sbtest7  (cost=0.43..10.56 rows=106 width=4)
	  Index Cond: ((id >= 1995984) AND (id <= 1996084))

table 8 : explain SELECT id FROM sbtest8 WHERE id BETWEEN 1995984 AND 1996084
	Index Only Scan using sbtest8_pkey on sbtest8  (cost=0.43..6.35 rows=96 width=4)
	  Index Cond: ((id >= 1995984) AND (id <= 1996084))

for range-covered
table 1 : explain SELECT id FROM sbtest1 WHERE id BETWEEN 5966930 AND 5967030
	Index Only Scan using sbtest1_pkey on sbtest1  (cost=0.43..10.46 rows=101 width=4)
	  Index Cond: ((id >= 5966930) AND (id <= 5967030))

table 2 : explain SELECT id FROM sbtest2 WHERE id BETWEEN 5966930 AND 5967030
	Index Only Scan using sbtest2_pkey on sbtest2  (cost=0.43..6.21 rows=89 width=4)
	  Index Cond: ((id >= 5966930) AND (id <= 5967030))

table 3 : explain SELECT id FROM sbtest3 WHERE id BETWEEN 5966930 AND 5967030
	Index Only Scan using sbtest3_pkey on sbtest3  (cost=0.43..10.51 rows=104 width=4)
	  Index Cond: ((id >= 5966930) AND (id <= 5967030))

table 4 : explain SELECT id FROM sbtest4 WHERE id BETWEEN 5966930 AND 5967030
	Index Only Scan using sbtest4_pkey on sbtest4  (cost=0.43..10.36 rows=96 width=4)
	  Index Cond: ((id >= 5966930) AND (id <= 5967030))

table 5 : explain SELECT id FROM sbtest5 WHERE id BETWEEN 5966930 AND 5967030
	Index Only Scan using sbtest5_pkey on sbtest5  (cost=0.43..10.51 rows=104 width=4)
	  Index Cond: ((id >= 5966930) AND (id <= 5967030))

table 6 : explain SELECT id FROM sbtest6 WHERE id BETWEEN 5966930 AND 5967030
	Index Only Scan using sbtest6_pkey on sbtest6  (cost=0.43..6.53 rows=105 width=4)
	  Index Cond: ((id >= 5966930) AND (id <= 5967030))

table 7 : explain SELECT id FROM sbtest7 WHERE id BETWEEN 5966930 AND 5967030
	Index Only Scan using sbtest7_pkey on sbtest7  (cost=0.43..10.42 rows=99 width=4)
	  Index Cond: ((id >= 5966930) AND (id <= 5967030))

table 8 : explain SELECT id FROM sbtest8 WHERE id BETWEEN 5966930 AND 5967030
	Index Only Scan using sbtest8_pkey on sbtest8  (cost=0.43..6.53 rows=105 width=4)
	  Index Cond: ((id >= 5966930) AND (id <= 5967030))

explain: for range-covered :: explain SELECT id FROM sbtest%d WHERE id BETWEEN 1995984 AND 1996084
explain: for range-covered :: explain SELECT id FROM sbtest%d WHERE id BETWEEN 376826 AND 376926
explain: for range-covered :: explain SELECT id FROM sbtest%d WHERE id BETWEEN 7419308 AND 7419408
for range-covered
table 1 : explain SELECT id FROM sbtest1 WHERE id BETWEEN 4074222 AND 4074322
	Index Only Scan using sbtest1_pkey on sbtest1  (cost=0.43..10.44 rows=100 width=4)
	  Index Cond: ((id >= 4074222) AND (id <= 4074322))

table 2 : explain SELECT id FROM sbtest2 WHERE id BETWEEN 4074222 AND 4074322
	Index Only Scan using sbtest2_pkey on sbtest2  (cost=0.43..6.50 rows=103 width=4)
	  Index Cond: ((id >= 4074222) AND (id <= 4074322))

table 3 : explain SELECT id FROM sbtest3 WHERE id BETWEEN 4074222 AND 4074322
	Index Only Scan using sbtest3_pkey on sbtest3  (cost=0.43..10.65 rows=111 width=4)
	  Index Cond: ((id >= 4074222) AND (id <= 4074322))

table 4 : explain SELECT id FROM sbtest4 WHERE id BETWEEN 4074222 AND 4074322
	Index Only Scan using sbtest4_pkey on sbtest4  (cost=0.43..10.36 rows=96 width=4)
	  Index Cond: ((id >= 4074222) AND (id <= 4074322))

table 5 : explain SELECT id FROM sbtest5 WHERE id BETWEEN 4074222 AND 4074322
	Index Only Scan using sbtest5_pkey on sbtest5  (cost=0.43..10.28 rows=92 width=4)
	  Index Cond: ((id >= 4074222) AND (id <= 4074322))

table 6 : explain SELECT id FROM sbtest6 WHERE id BETWEEN 4074222 AND 4074322
	Index Only Scan using sbtest6_pkey on sbtest6  (cost=0.43..6.43 rows=100 width=4)
	  Index Cond: ((id >= 4074222) AND (id <= 4074322))

table 7 : explain SELECT id FROM sbtest7 WHERE id BETWEEN 4074222 AND 4074322
	Index Only Scan using sbtest7_pkey on sbtest7  (cost=0.43..10.68 rows=112 width=4)
	  Index Cond: ((id >= 4074222) AND (id <= 4074322))

table 8 : explain SELECT id FROM sbtest8 WHERE id BETWEEN 4074222 AND 4074322
	Index Only Scan using sbtest8_pkey on sbtest8  (cost=0.43..6.47 rows=102 width=4)
	  Index Cond: ((id >= 4074222) AND (id <= 4074322))

for range-covered
table 1 : explain SELECT id FROM sbtest1 WHERE id BETWEEN 5324336 AND 5324436
	Index Only Scan using sbtest1_pkey on sbtest1  (cost=0.43..10.50 rows=103 width=4)
	  Index Cond: ((id >= 5324336) AND (id <= 5324436))

table 2 : explain SELECT id FROM sbtest2 WHERE id BETWEEN 5324336 AND 5324436
	Index Only Scan using sbtest2_pkey on sbtest2  (cost=0.43..6.50 rows=103 width=4)
	  Index Cond: ((id >= 5324336) AND (id <= 5324436))

table 3 : explain SELECT id FROM sbtest3 WHERE id BETWEEN 5324336 AND 5324436
	Index Only Scan using sbtest3_pkey on sbtest3  (cost=0.43..10.68 rows=112 width=4)
	  Index Cond: ((id >= 5324336) AND (id <= 5324436))

table 4 : explain SELECT id FROM sbtest4 WHERE id BETWEEN 5324336 AND 5324436
	Index Only Scan using sbtest4_pkey on sbtest4  (cost=0.43..10.47 rows=102 width=4)
	  Index Cond: ((id >= 5324336) AND (id <= 5324436))

table 5 : explain SELECT id FROM sbtest5 WHERE id BETWEEN 5324336 AND 5324436
	Index Only Scan using sbtest5_pkey on sbtest5  (cost=0.43..10.40 rows=98 width=4)
	  Index Cond: ((id >= 5324336) AND (id <= 5324436))

table 6 : explain SELECT id FROM sbtest6 WHERE id BETWEEN 5324336 AND 5324436
	Index Only Scan using sbtest6_pkey on sbtest6  (cost=0.43..6.59 rows=108 width=4)
	  Index Cond: ((id >= 5324336) AND (id <= 5324436))

table 7 : explain SELECT id FROM sbtest7 WHERE id BETWEEN 5324336 AND 5324436
	Index Only Scan using sbtest7_pkey on sbtest7  (cost=0.43..10.51 rows=104 width=4)
	  Index Cond: ((id >= 5324336) AND (id <= 5324436))

table 8 : explain SELECT id FROM sbtest8 WHERE id BETWEEN 5324336 AND 5324436
	Index Only Scan using sbtest8_pkey on sbtest8  (cost=0.43..6.47 rows=102 width=4)
	  Index Cond: ((id >= 5324336) AND (id <= 5324436))

for range-covered
table 1 : explain SELECT id FROM sbtest1 WHERE id BETWEEN 4984866 AND 4984966
	Index Only Scan using sbtest1_pkey on sbtest1  (cost=0.43..10.47 rows=102 width=4)
	  Index Cond: ((id >= 4984866) AND (id <= 4984966))

table 2 : explain SELECT id FROM sbtest2 WHERE id BETWEEN 4984866 AND 4984966
	Index Only Scan using sbtest2_pkey on sbtest2  (cost=0.43..6.47 rows=102 width=4)
	  Index Cond: ((id >= 4984866) AND (id <= 4984966))

table 3 : explain SELECT id FROM sbtest3 WHERE id BETWEEN 4984866 AND 4984966
	Index Only Scan using sbtest3_pkey on sbtest3  (cost=0.43..10.51 rows=104 width=4)
	  Index Cond: ((id >= 4984866) AND (id <= 4984966))

table 4 : explain SELECT id FROM sbtest4 WHERE id BETWEEN 4984866 AND 4984966
	Index Only Scan using sbtest4_pkey on sbtest4  (cost=0.43..10.51 rows=104 width=4)
	  Index Cond: ((id >= 4984866) AND (id <= 4984966))

table 5 : explain SELECT id FROM sbtest5 WHERE id BETWEEN 4984866 AND 4984966
	Index Only Scan using sbtest5_pkey on sbtest5  (cost=0.43..10.38 rows=97 width=4)
	  Index Cond: ((id >= 4984866) AND (id <= 4984966))

table 6 : explain SELECT id FROM sbtest6 WHERE id BETWEEN 4984866 AND 4984966
	Index Only Scan using sbtest6_pkey on sbtest6  (cost=0.43..6.63 rows=110 width=4)
	  Index Cond: ((id >= 4984866) AND (id <= 4984966))

table 7 : explain SELECT id FROM sbtest7 WHERE id BETWEEN 4984866 AND 4984966
	Index Only Scan using sbtest7_pkey on sbtest7  (cost=0.43..10.44 rows=100 width=4)
	  Index Cond: ((id >= 4984866) AND (id <= 4984966))

table 8 : explain SELECT id FROM sbtest8 WHERE id BETWEEN 4984866 AND 4984966
	Index Only Scan using sbtest8_pkey on sbtest8  (cost=0.43..6.53 rows=105 width=4)
	  Index Cond: ((id >= 4984866) AND (id <= 4984966))

explain: for range-covered :: explain SELECT id FROM sbtest%d WHERE id BETWEEN 4074222 AND 4074322
explain: for range-covered :: explain SELECT id FROM sbtest%d WHERE id BETWEEN 5324336 AND 5324436
for range-covered
table 1 : explain SELECT id FROM sbtest1 WHERE id BETWEEN 6533919 AND 6534019
	Index Only Scan using sbtest1_pkey on sbtest1  (cost=0.43..10.65 rows=111 width=4)
	  Index Cond: ((id >= 6533919) AND (id <= 6534019))

table 2 : explain SELECT id FROM sbtest2 WHERE id BETWEEN 6533919 AND 6534019
	Index Only Scan using sbtest2_pkey on sbtest2  (cost=0.43..6.58 rows=107 width=4)
	  Index Cond: ((id >= 6533919) AND (id <= 6534019))

table 3 : explain SELECT id FROM sbtest3 WHERE id BETWEEN 6533919 AND 6534019
	Index Only Scan using sbtest3_pkey on sbtest3  (cost=0.43..10.62 rows=109 width=4)
	  Index Cond: ((id >= 6533919) AND (id <= 6534019))

table 4 : explain SELECT id FROM sbtest4 WHERE id BETWEEN 6533919 AND 6534019
	Index Only Scan using sbtest4_pkey on sbtest4  (cost=0.43..10.46 rows=101 width=4)
	  Index Cond: ((id >= 6533919) AND (id <= 6534019))

table 5 : explain SELECT id FROM sbtest5 WHERE id BETWEEN 6533919 AND 6534019
	Index Only Scan using sbtest5_pkey on sbtest5  (cost=0.43..10.56 rows=106 width=4)
	  Index Cond: ((id >= 6533919) AND (id <= 6534019))

table 6 : explain SELECT id FROM sbtest6 WHERE id BETWEEN 6533919 AND 6534019
	Index Only Scan using sbtest6_pkey on sbtest6  (cost=0.43..6.51 rows=104 width=4)
	  Index Cond: ((id >= 6533919) AND (id <= 6534019))

table 7 : explain SELECT id FROM sbtest7 WHERE id BETWEEN 6533919 AND 6534019
	Index Only Scan using sbtest7_pkey on sbtest7  (cost=0.43..10.38 rows=97 width=4)
	  Index Cond: ((id >= 6533919) AND (id <= 6534019))

table 8 : explain SELECT id FROM sbtest8 WHERE id BETWEEN 6533919 AND 6534019
	Index Only Scan using sbtest8_pkey on sbtest8  (cost=0.43..6.47 rows=102 width=4)
	  Index Cond: ((id >= 6533919) AND (id <= 6534019))

explain: for range-covered :: explain SELECT id FROM sbtest%d WHERE id BETWEEN 6533919 AND 6534019
for range-covered
table 1 : explain SELECT id FROM sbtest1 WHERE id BETWEEN 5526182 AND 5526282
	Index Only Scan using sbtest1_pkey on sbtest1  (cost=0.43..10.33 rows=95 width=4)
	  Index Cond: ((id >= 5526182) AND (id <= 5526282))

table 2 : explain SELECT id FROM sbtest2 WHERE id BETWEEN 5526182 AND 5526282
	Index Only Scan using sbtest2_pkey on sbtest2  (cost=0.43..6.37 rows=97 width=4)
	  Index Cond: ((id >= 5526182) AND (id <= 5526282))

table 3 : explain SELECT id FROM sbtest3 WHERE id BETWEEN 5526182 AND 5526282
	Index Only Scan using sbtest3_pkey on sbtest3  (cost=0.43..10.56 rows=106 width=4)
	  Index Cond: ((id >= 5526182) AND (id <= 5526282))

table 4 : explain SELECT id FROM sbtest4 WHERE id BETWEEN 5526182 AND 5526282
	Index Only Scan using sbtest4_pkey on sbtest4  (cost=0.43..10.68 rows=112 width=4)
	  Index Cond: ((id >= 5526182) AND (id <= 5526282))

table 5 : explain SELECT id FROM sbtest5 WHERE id BETWEEN 5526182 AND 5526282
	Index Only Scan using sbtest5_pkey on sbtest5  (cost=0.43..10.32 rows=94 width=4)
	  Index Cond: ((id >= 5526182) AND (id <= 5526282))

table 6 : explain SELECT id FROM sbtest6 WHERE id BETWEEN 5526182 AND 5526282
	Index Only Scan using sbtest6_pkey on sbtest6  (cost=0.43..6.53 rows=105 width=4)
	  Index Cond: ((id >= 5526182) AND (id <= 5526282))

table 7 : explain SELECT id FROM sbtest7 WHERE id BETWEEN 5526182 AND 5526282
	Index Only Scan using sbtest7_pkey on sbtest7  (cost=0.43..10.44 rows=100 width=4)
	  Index Cond: ((id >= 5526182) AND (id <= 5526282))

table 8 : explain SELECT id FROM sbtest8 WHERE id BETWEEN 5526182 AND 5526282
	Index Only Scan using sbtest8_pkey on sbtest8  (cost=0.43..6.42 rows=99 width=4)
	  Index Cond: ((id >= 5526182) AND (id <= 5526282))

explain: for range-covered :: explain SELECT id FROM sbtest%d WHERE id BETWEEN 5526182 AND 5526282
for range-covered
table 1 : explain SELECT id FROM sbtest1 WHERE id BETWEEN 1995984 AND 1996084
	Index Only Scan using sbtest1_pkey on sbtest1  (cost=0.43..10.47 rows=102 width=4)
	  Index Cond: ((id >= 1995984) AND (id <= 1996084))

table 2 : explain SELECT id FROM sbtest2 WHERE id BETWEEN 1995984 AND 1996084
	Index Only Scan using sbtest2_pkey on sbtest2  (cost=0.43..6.43 rows=100 width=4)
	  Index Cond: ((id >= 1995984) AND (id <= 1996084))

table 3 : explain SELECT id FROM sbtest3 WHERE id BETWEEN 1995984 AND 1996084
	Index Only Scan using sbtest3_pkey on sbtest3  (cost=0.43..10.36 rows=96 width=4)
	  Index Cond: ((id >= 1995984) AND (id <= 1996084))

table 4 : explain SELECT id FROM sbtest4 WHERE id BETWEEN 1995984 AND 1996084
	Index Only Scan using sbtest4_pkey on sbtest4  (cost=0.43..10.70 rows=113 width=4)
	  Index Cond: ((id >= 1995984) AND (id <= 1996084))

table 5 : explain SELECT id FROM sbtest5 WHERE id BETWEEN 1995984 AND 1996084
	Index Only Scan using sbtest5_pkey on sbtest5  (cost=0.43..10.60 rows=108 width=4)
	  Index Cond: ((id >= 1995984) AND (id <= 1996084))

table 6 : explain SELECT id FROM sbtest6 WHERE id BETWEEN 1995984 AND 1996084
	Index Only Scan using sbtest6_pkey on sbtest6  (cost=0.43..6.40 rows=98 width=4)
	  Index Cond: ((id >= 1995984) AND (id <= 1996084))

table 7 : explain SELECT id FROM sbtest7 WHERE id BETWEEN 1995984 AND 1996084
	Index Only Scan using sbtest7_pkey on sbtest7  (cost=0.43..10.56 rows=106 width=4)
	  Index Cond: ((id >= 1995984) AND (id <= 1996084))

table 8 : explain SELECT id FROM sbtest8 WHERE id BETWEEN 1995984 AND 1996084
	Index Only Scan using sbtest8_pkey on sbtest8  (cost=0.43..6.35 rows=96 width=4)
	  Index Cond: ((id >= 1995984) AND (id <= 1996084))

explain: for range-covered :: explain SELECT id FROM sbtest%d WHERE id BETWEEN 4984866 AND 4984966
for range-covered
table 1 : explain SELECT id FROM sbtest1 WHERE id BETWEEN 3626883 AND 3626983
	Index Only Scan using sbtest1_pkey on sbtest1  (cost=0.43..10.47 rows=102 width=4)
	  Index Cond: ((id >= 3626883) AND (id <= 3626983))

table 2 : explain SELECT id FROM sbtest2 WHERE id BETWEEN 3626883 AND 3626983
	Index Only Scan using sbtest2_pkey on sbtest2  (cost=0.43..6.45 rows=101 width=4)
	  Index Cond: ((id >= 3626883) AND (id <= 3626983))

table 3 : explain SELECT id FROM sbtest3 WHERE id BETWEEN 3626883 AND 3626983
	Index Only Scan using sbtest3_pkey on sbtest3  (cost=0.43..10.46 rows=101 width=4)
	  Index Cond: ((id >= 3626883) AND (id <= 3626983))

table 4 : explain SELECT id FROM sbtest4 WHERE id BETWEEN 3626883 AND 3626983
	Index Only Scan using sbtest4_pkey on sbtest4  (cost=0.43..10.56 rows=106 width=4)
	  Index Cond: ((id >= 3626883) AND (id <= 3626983))

table 5 : explain SELECT id FROM sbtest5 WHERE id BETWEEN 3626883 AND 3626983
	Index Only Scan using sbtest5_pkey on sbtest5  (cost=0.43..10.60 rows=108 width=4)
	  Index Cond: ((id >= 3626883) AND (id <= 3626983))

table 6 : explain SELECT id FROM sbtest6 WHERE id BETWEEN 3626883 AND 3626983
	Index Only Scan using sbtest6_pkey on sbtest6  (cost=0.43..6.51 rows=104 width=4)
	  Index Cond: ((id >= 3626883) AND (id <= 3626983))

table 7 : explain SELECT id FROM sbtest7 WHERE id BETWEEN 3626883 AND 3626983
	Index Only Scan using sbtest7_pkey on sbtest7  (cost=0.43..10.38 rows=97 width=4)
	  Index Cond: ((id >= 3626883) AND (id <= 3626983))

table 8 : explain SELECT id FROM sbtest8 WHERE id BETWEEN 3626883 AND 3626983
	Index Only Scan using sbtest8_pkey on sbtest8  (cost=0.43..6.37 rows=97 width=4)
	  Index Cond: ((id >= 3626883) AND (id <= 3626983))

for range-covered
table 1 : explain SELECT id FROM sbtest1 WHERE id BETWEEN 7419308 AND 7419408
	Index Only Scan using sbtest1_pkey on sbtest1  (cost=0.43..10.46 rows=101 width=4)
	  Index Cond: ((id >= 7419308) AND (id <= 7419408))

table 2 : explain SELECT id FROM sbtest2 WHERE id BETWEEN 7419308 AND 7419408
	Index Only Scan using sbtest2_pkey on sbtest2  (cost=0.43..6.27 rows=92 width=4)
	  Index Cond: ((id >= 7419308) AND (id <= 7419408))

table 3 : explain SELECT id FROM sbtest3 WHERE id BETWEEN 7419308 AND 7419408
	Index Only Scan using sbtest3_pkey on sbtest3  (cost=0.43..10.36 rows=96 width=4)
	  Index Cond: ((id >= 7419308) AND (id <= 7419408))

table 4 : explain SELECT id FROM sbtest4 WHERE id BETWEEN 7419308 AND 7419408
	Index Only Scan using sbtest4_pkey on sbtest4  (cost=0.43..10.36 rows=96 width=4)
	  Index Cond: ((id >= 7419308) AND (id <= 7419408))

table 5 : explain SELECT id FROM sbtest5 WHERE id BETWEEN 7419308 AND 7419408
	Index Only Scan using sbtest5_pkey on sbtest5  (cost=0.43..10.58 rows=107 width=4)
	  Index Cond: ((id >= 7419308) AND (id <= 7419408))

table 6 : explain SELECT id FROM sbtest6 WHERE id BETWEEN 7419308 AND 7419408
	Index Only Scan using sbtest6_pkey on sbtest6  (cost=0.43..6.56 rows=106 width=4)
	  Index Cond: ((id >= 7419308) AND (id <= 7419408))

table 7 : explain SELECT id FROM sbtest7 WHERE id BETWEEN 7419308 AND 7419408
	Index Only Scan using sbtest7_pkey on sbtest7  (cost=0.43..10.68 rows=112 width=4)
	  Index Cond: ((id >= 7419308) AND (id <= 7419408))

table 8 : explain SELECT id FROM sbtest8 WHERE id BETWEEN 7419308 AND 7419408
	Index Only Scan using sbtest8_pkey on sbtest8  (cost=0.43..6.35 rows=96 width=4)
	  Index Cond: ((id >= 7419308) AND (id <= 7419408))

explain: for range-covered :: explain SELECT id FROM sbtest%d WHERE id BETWEEN 3626883 AND 3626983
for range-covered
table 1 : explain SELECT id FROM sbtest1 WHERE id BETWEEN 4074222 AND 4074322
	Index Only Scan using sbtest1_pkey on sbtest1  (cost=0.43..10.44 rows=100 width=4)
	  Index Cond: ((id >= 4074222) AND (id <= 4074322))

table 2 : explain SELECT id FROM sbtest2 WHERE id BETWEEN 4074222 AND 4074322
	Index Only Scan using sbtest2_pkey on sbtest2  (cost=0.43..6.50 rows=103 width=4)
	  Index Cond: ((id >= 4074222) AND (id <= 4074322))

table 3 : explain SELECT id FROM sbtest3 WHERE id BETWEEN 4074222 AND 4074322
	Index Only Scan using sbtest3_pkey on sbtest3  (cost=0.43..10.65 rows=111 width=4)
	  Index Cond: ((id >= 4074222) AND (id <= 4074322))

table 4 : explain SELECT id FROM sbtest4 WHERE id BETWEEN 4074222 AND 4074322
	Index Only Scan using sbtest4_pkey on sbtest4  (cost=0.43..10.36 rows=96 width=4)
	  Index Cond: ((id >= 4074222) AND (id <= 4074322))

table 5 : explain SELECT id FROM sbtest5 WHERE id BETWEEN 4074222 AND 4074322
	Index Only Scan using sbtest5_pkey on sbtest5  (cost=0.43..10.28 rows=92 width=4)
	  Index Cond: ((id >= 4074222) AND (id <= 4074322))

table 6 : explain SELECT id FROM sbtest6 WHERE id BETWEEN 4074222 AND 4074322
	Index Only Scan using sbtest6_pkey on sbtest6  (cost=0.43..6.43 rows=100 width=4)
	  Index Cond: ((id >= 4074222) AND (id <= 4074322))

table 7 : explain SELECT id FROM sbtest7 WHERE id BETWEEN 4074222 AND 4074322
	Index Only Scan using sbtest7_pkey on sbtest7  (cost=0.43..10.68 rows=112 width=4)
	  Index Cond: ((id >= 4074222) AND (id <= 4074322))

table 8 : explain SELECT id FROM sbtest8 WHERE id BETWEEN 4074222 AND 4074322
	Index Only Scan using sbtest8_pkey on sbtest8  (cost=0.43..6.47 rows=102 width=4)
	  Index Cond: ((id >= 4074222) AND (id <= 4074322))

for range-covered
table 1 : explain SELECT id FROM sbtest1 WHERE id BETWEEN 5324336 AND 5324436
	Index Only Scan using sbtest1_pkey on sbtest1  (cost=0.43..10.50 rows=103 width=4)
	  Index Cond: ((id >= 5324336) AND (id <= 5324436))

table 2 : explain SELECT id FROM sbtest2 WHERE id BETWEEN 5324336 AND 5324436
	Index Only Scan using sbtest2_pkey on sbtest2  (cost=0.43..6.50 rows=103 width=4)
	  Index Cond: ((id >= 5324336) AND (id <= 5324436))

table 3 : explain SELECT id FROM sbtest3 WHERE id BETWEEN 5324336 AND 5324436
	Index Only Scan using sbtest3_pkey on sbtest3  (cost=0.43..10.68 rows=112 width=4)
	  Index Cond: ((id >= 5324336) AND (id <= 5324436))

table 4 : explain SELECT id FROM sbtest4 WHERE id BETWEEN 5324336 AND 5324436
	Index Only Scan using sbtest4_pkey on sbtest4  (cost=0.43..10.47 rows=102 width=4)
	  Index Cond: ((id >= 5324336) AND (id <= 5324436))

table 5 : explain SELECT id FROM sbtest5 WHERE id BETWEEN 5324336 AND 5324436
	Index Only Scan using sbtest5_pkey on sbtest5  (cost=0.43..10.40 rows=98 width=4)
	  Index Cond: ((id >= 5324336) AND (id <= 5324436))

table 6 : explain SELECT id FROM sbtest6 WHERE id BETWEEN 5324336 AND 5324436
	Index Only Scan using sbtest6_pkey on sbtest6  (cost=0.43..6.59 rows=108 width=4)
	  Index Cond: ((id >= 5324336) AND (id <= 5324436))

table 7 : explain SELECT id FROM sbtest7 WHERE id BETWEEN 5324336 AND 5324436
	Index Only Scan using sbtest7_pkey on sbtest7  (cost=0.43..10.51 rows=104 width=4)
	  Index Cond: ((id >= 5324336) AND (id <= 5324436))

table 8 : explain SELECT id FROM sbtest8 WHERE id BETWEEN 5324336 AND 5324436
	Index Only Scan using sbtest8_pkey on sbtest8  (cost=0.43..6.47 rows=102 width=4)
	  Index Cond: ((id >= 5324336) AND (id <= 5324436))

explain: for range-covered :: explain SELECT id FROM sbtest%d WHERE id BETWEEN 4074222 AND 4074322
explain: for range-covered :: explain SELECT id FROM sbtest%d WHERE id BETWEEN 5324336 AND 5324436
for range-covered
table 1 : explain SELECT id FROM sbtest1 WHERE id BETWEEN 6533919 AND 6534019
	Index Only Scan using sbtest1_pkey on sbtest1  (cost=0.43..10.65 rows=111 width=4)
	  Index Cond: ((id >= 6533919) AND (id <= 6534019))

table 2 : explain SELECT id FROM sbtest2 WHERE id BETWEEN 6533919 AND 6534019
	Index Only Scan using sbtest2_pkey on sbtest2  (cost=0.43..6.58 rows=107 width=4)
	  Index Cond: ((id >= 6533919) AND (id <= 6534019))

table 3 : explain SELECT id FROM sbtest3 WHERE id BETWEEN 6533919 AND 6534019
	Index Only Scan using sbtest3_pkey on sbtest3  (cost=0.43..10.62 rows=109 width=4)
	  Index Cond: ((id >= 6533919) AND (id <= 6534019))

table 4 : explain SELECT id FROM sbtest4 WHERE id BETWEEN 6533919 AND 6534019
	Index Only Scan using sbtest4_pkey on sbtest4  (cost=0.43..10.46 rows=101 width=4)
	  Index Cond: ((id >= 6533919) AND (id <= 6534019))

table 5 : explain SELECT id FROM sbtest5 WHERE id BETWEEN 6533919 AND 6534019
	Index Only Scan using sbtest5_pkey on sbtest5  (cost=0.43..10.56 rows=106 width=4)
	  Index Cond: ((id >= 6533919) AND (id <= 6534019))

table 6 : explain SELECT id FROM sbtest6 WHERE id BETWEEN 6533919 AND 6534019
	Index Only Scan using sbtest6_pkey on sbtest6  (cost=0.43..6.51 rows=104 width=4)
	  Index Cond: ((id >= 6533919) AND (id <= 6534019))

table 7 : explain SELECT id FROM sbtest7 WHERE id BETWEEN 6533919 AND 6534019
	Index Only Scan using sbtest7_pkey on sbtest7  (cost=0.43..10.38 rows=97 width=4)
	  Index Cond: ((id >= 6533919) AND (id <= 6534019))

table 8 : explain SELECT id FROM sbtest8 WHERE id BETWEEN 6533919 AND 6534019
	Index Only Scan using sbtest8_pkey on sbtest8  (cost=0.43..6.47 rows=102 width=4)
	  Index Cond: ((id >= 6533919) AND (id <= 6534019))

explain: for range-covered :: explain SELECT id FROM sbtest%d WHERE id BETWEEN 6533919 AND 6534019
for range-covered
table 1 : explain SELECT id FROM sbtest1 WHERE id BETWEEN 3626883 AND 3626983
	Index Only Scan using sbtest1_pkey on sbtest1  (cost=0.43..10.47 rows=102 width=4)
	  Index Cond: ((id >= 3626883) AND (id <= 3626983))

table 2 : explain SELECT id FROM sbtest2 WHERE id BETWEEN 3626883 AND 3626983
	Index Only Scan using sbtest2_pkey on sbtest2  (cost=0.43..6.45 rows=101 width=4)
	  Index Cond: ((id >= 3626883) AND (id <= 3626983))

table 3 : explain SELECT id FROM sbtest3 WHERE id BETWEEN 3626883 AND 3626983
	Index Only Scan using sbtest3_pkey on sbtest3  (cost=0.43..10.46 rows=101 width=4)
	  Index Cond: ((id >= 3626883) AND (id <= 3626983))

table 4 : explain SELECT id FROM sbtest4 WHERE id BETWEEN 3626883 AND 3626983
	Index Only Scan using sbtest4_pkey on sbtest4  (cost=0.43..10.56 rows=106 width=4)
	  Index Cond: ((id >= 3626883) AND (id <= 3626983))

table 5 : explain SELECT id FROM sbtest5 WHERE id BETWEEN 3626883 AND 3626983
	Index Only Scan using sbtest5_pkey on sbtest5  (cost=0.43..10.60 rows=108 width=4)
	  Index Cond: ((id >= 3626883) AND (id <= 3626983))

table 6 : explain SELECT id FROM sbtest6 WHERE id BETWEEN 3626883 AND 3626983
	Index Only Scan using sbtest6_pkey on sbtest6  (cost=0.43..6.51 rows=104 width=4)
	  Index Cond: ((id >= 3626883) AND (id <= 3626983))

table 7 : explain SELECT id FROM sbtest7 WHERE id BETWEEN 3626883 AND 3626983
	Index Only Scan using sbtest7_pkey on sbtest7  (cost=0.43..10.38 rows=97 width=4)
	  Index Cond: ((id >= 3626883) AND (id <= 3626983))

table 8 : explain SELECT id FROM sbtest8 WHERE id BETWEEN 3626883 AND 3626983
	Index Only Scan using sbtest8_pkey on sbtest8  (cost=0.43..6.37 rows=97 width=4)
	  Index Cond: ((id >= 3626883) AND (id <= 3626983))

explain: for range-covered :: explain SELECT id FROM sbtest%d WHERE id BETWEEN 3626883 AND 3626983
for range-covered
table 1 : explain SELECT id FROM sbtest1 WHERE id BETWEEN 4074222 AND 4074322
	Index Only Scan using sbtest1_pkey on sbtest1  (cost=0.43..10.44 rows=100 width=4)
	  Index Cond: ((id >= 4074222) AND (id <= 4074322))

table 2 : explain SELECT id FROM sbtest2 WHERE id BETWEEN 4074222 AND 4074322
	Index Only Scan using sbtest2_pkey on sbtest2  (cost=0.43..6.50 rows=103 width=4)
	  Index Cond: ((id >= 4074222) AND (id <= 4074322))

table 3 : explain SELECT id FROM sbtest3 WHERE id BETWEEN 4074222 AND 4074322
	Index Only Scan using sbtest3_pkey on sbtest3  (cost=0.43..10.65 rows=111 width=4)
	  Index Cond: ((id >= 4074222) AND (id <= 4074322))

table 4 : explain SELECT id FROM sbtest4 WHERE id BETWEEN 4074222 AND 4074322
	Index Only Scan using sbtest4_pkey on sbtest4  (cost=0.43..10.36 rows=96 width=4)
	  Index Cond: ((id >= 4074222) AND (id <= 4074322))

table 5 : explain SELECT id FROM sbtest5 WHERE id BETWEEN 4074222 AND 4074322
	Index Only Scan using sbtest5_pkey on sbtest5  (cost=0.43..10.28 rows=92 width=4)
	  Index Cond: ((id >= 4074222) AND (id <= 4074322))

table 6 : explain SELECT id FROM sbtest6 WHERE id BETWEEN 4074222 AND 4074322
	Index Only Scan using sbtest6_pkey on sbtest6  (cost=0.43..6.43 rows=100 width=4)
	  Index Cond: ((id >= 4074222) AND (id <= 4074322))

table 7 : explain SELECT id FROM sbtest7 WHERE id BETWEEN 4074222 AND 4074322
	Index Only Scan using sbtest7_pkey on sbtest7  (cost=0.43..10.68 rows=112 width=4)
	  Index Cond: ((id >= 4074222) AND (id <= 4074322))

table 8 : explain SELECT id FROM sbtest8 WHERE id BETWEEN 4074222 AND 4074322
	Index Only Scan using sbtest8_pkey on sbtest8  (cost=0.43..6.47 rows=102 width=4)
	  Index Cond: ((id >= 4074222) AND (id <= 4074322))

for range-covered
table 1 : explain SELECT id FROM sbtest1 WHERE id BETWEEN 5324336 AND 5324436
	Index Only Scan using sbtest1_pkey on sbtest1  (cost=0.43..10.50 rows=103 width=4)
	  Index Cond: ((id >= 5324336) AND (id <= 5324436))

table 2 : explain SELECT id FROM sbtest2 WHERE id BETWEEN 5324336 AND 5324436
	Index Only Scan using sbtest2_pkey on sbtest2  (cost=0.43..6.50 rows=103 width=4)
	  Index Cond: ((id >= 5324336) AND (id <= 5324436))

table 3 : explain SELECT id FROM sbtest3 WHERE id BETWEEN 5324336 AND 5324436
	Index Only Scan using sbtest3_pkey on sbtest3  (cost=0.43..10.68 rows=112 width=4)
	  Index Cond: ((id >= 5324336) AND (id <= 5324436))

table 4 : explain SELECT id FROM sbtest4 WHERE id BETWEEN 5324336 AND 5324436
	Index Only Scan using sbtest4_pkey on sbtest4  (cost=0.43..10.47 rows=102 width=4)
	  Index Cond: ((id >= 5324336) AND (id <= 5324436))

table 5 : explain SELECT id FROM sbtest5 WHERE id BETWEEN 5324336 AND 5324436
	Index Only Scan using sbtest5_pkey on sbtest5  (cost=0.43..10.40 rows=98 width=4)
	  Index Cond: ((id >= 5324336) AND (id <= 5324436))

table 6 : explain SELECT id FROM sbtest6 WHERE id BETWEEN 5324336 AND 5324436
	Index Only Scan using sbtest6_pkey on sbtest6  (cost=0.43..6.59 rows=108 width=4)
	  Index Cond: ((id >= 5324336) AND (id <= 5324436))

table 7 : explain SELECT id FROM sbtest7 WHERE id BETWEEN 5324336 AND 5324436
	Index Only Scan using sbtest7_pkey on sbtest7  (cost=0.43..10.51 rows=104 width=4)
	  Index Cond: ((id >= 5324336) AND (id <= 5324436))

table 8 : explain SELECT id FROM sbtest8 WHERE id BETWEEN 5324336 AND 5324436
	Index Only Scan using sbtest8_pkey on sbtest8  (cost=0.43..6.47 rows=102 width=4)
	  Index Cond: ((id >= 5324336) AND (id <= 5324436))

explain: for range-covered :: explain SELECT id FROM sbtest%d WHERE id BETWEEN 4074222 AND 4074322
explain: for range-covered :: explain SELECT id FROM sbtest%d WHERE id BETWEEN 5324336 AND 5324436
for range-covered
table 1 : explain SELECT id FROM sbtest1 WHERE id BETWEEN 6533919 AND 6534019
	Index Only Scan using sbtest1_pkey on sbtest1  (cost=0.43..10.65 rows=111 width=4)
	  Index Cond: ((id >= 6533919) AND (id <= 6534019))

table 2 : explain SELECT id FROM sbtest2 WHERE id BETWEEN 6533919 AND 6534019
	Index Only Scan using sbtest2_pkey on sbtest2  (cost=0.43..6.58 rows=107 width=4)
	  Index Cond: ((id >= 6533919) AND (id <= 6534019))

table 3 : explain SELECT id FROM sbtest3 WHERE id BETWEEN 6533919 AND 6534019
	Index Only Scan using sbtest3_pkey on sbtest3  (cost=0.43..10.62 rows=109 width=4)
	  Index Cond: ((id >= 6533919) AND (id <= 6534019))

table 4 : explain SELECT id FROM sbtest4 WHERE id BETWEEN 6533919 AND 6534019
	Index Only Scan using sbtest4_pkey on sbtest4  (cost=0.43..10.46 rows=101 width=4)
	  Index Cond: ((id >= 6533919) AND (id <= 6534019))

table 5 : explain SELECT id FROM sbtest5 WHERE id BETWEEN 6533919 AND 6534019
	Index Only Scan using sbtest5_pkey on sbtest5  (cost=0.43..10.56 rows=106 width=4)
	  Index Cond: ((id >= 6533919) AND (id <= 6534019))

table 6 : explain SELECT id FROM sbtest6 WHERE id BETWEEN 6533919 AND 6534019
	Index Only Scan using sbtest6_pkey on sbtest6  (cost=0.43..6.51 rows=104 width=4)
	  Index Cond: ((id >= 6533919) AND (id <= 6534019))

table 7 : explain SELECT id FROM sbtest7 WHERE id BETWEEN 6533919 AND 6534019
	Index Only Scan using sbtest7_pkey on sbtest7  (cost=0.43..10.38 rows=97 width=4)
	  Index Cond: ((id >= 6533919) AND (id <= 6534019))

table 8 : explain SELECT id FROM sbtest8 WHERE id BETWEEN 6533919 AND 6534019
	Index Only Scan using sbtest8_pkey on sbtest8  (cost=0.43..6.47 rows=102 width=4)
	  Index Cond: ((id >= 6533919) AND (id <= 6534019))

for range-covered
table 1 : explain SELECT id FROM sbtest1 WHERE id BETWEEN 4984866 AND 4984966
	Index Only Scan using sbtest1_pkey on sbtest1  (cost=0.43..10.47 rows=102 width=4)
	  Index Cond: ((id >= 4984866) AND (id <= 4984966))

table 2 : explain SELECT id FROM sbtest2 WHERE id BETWEEN 4984866 AND 4984966
	Index Only Scan using sbtest2_pkey on sbtest2  (cost=0.43..6.47 rows=102 width=4)
	  Index Cond: ((id >= 4984866) AND (id <= 4984966))

table 3 : explain SELECT id FROM sbtest3 WHERE id BETWEEN 4984866 AND 4984966
	Index Only Scan using sbtest3_pkey on sbtest3  (cost=0.43..10.51 rows=104 width=4)
	  Index Cond: ((id >= 4984866) AND (id <= 4984966))

table 4 : explain SELECT id FROM sbtest4 WHERE id BETWEEN 4984866 AND 4984966
	Index Only Scan using sbtest4_pkey on sbtest4  (cost=0.43..10.51 rows=104 width=4)
	  Index Cond: ((id >= 4984866) AND (id <= 4984966))

table 5 : explain SELECT id FROM sbtest5 WHERE id BETWEEN 4984866 AND 4984966
	Index Only Scan using sbtest5_pkey on sbtest5  (cost=0.43..10.38 rows=97 width=4)
	  Index Cond: ((id >= 4984866) AND (id <= 4984966))

table 6 : explain SELECT id FROM sbtest6 WHERE id BETWEEN 4984866 AND 4984966
	Index Only Scan using sbtest6_pkey on sbtest6  (cost=0.43..6.63 rows=110 width=4)
	  Index Cond: ((id >= 4984866) AND (id <= 4984966))

table 7 : explain SELECT id FROM sbtest7 WHERE id BETWEEN 4984866 AND 4984966
	Index Only Scan using sbtest7_pkey on sbtest7  (cost=0.43..10.44 rows=100 width=4)
	  Index Cond: ((id >= 4984866) AND (id <= 4984966))

table 8 : explain SELECT id FROM sbtest8 WHERE id BETWEEN 4984866 AND 4984966
	Index Only Scan using sbtest8_pkey on sbtest8  (cost=0.43..6.53 rows=105 width=4)
	  Index Cond: ((id >= 4984866) AND (id <= 4984966))

for range-covered
table 1 : explain SELECT id FROM sbtest1 WHERE id BETWEEN 5526182 AND 5526282
	Index Only Scan using sbtest1_pkey on sbtest1  (cost=0.43..10.33 rows=95 width=4)
	  Index Cond: ((id >= 5526182) AND (id <= 5526282))

table 2 : explain SELECT id FROM sbtest2 WHERE id BETWEEN 5526182 AND 5526282
	Index Only Scan using sbtest2_pkey on sbtest2  (cost=0.43..6.37 rows=97 width=4)
	  Index Cond: ((id >= 5526182) AND (id <= 5526282))

table 3 : explain SELECT id FROM sbtest3 WHERE id BETWEEN 5526182 AND 5526282
	Index Only Scan using sbtest3_pkey on sbtest3  (cost=0.43..10.56 rows=106 width=4)
	  Index Cond: ((id >= 5526182) AND (id <= 5526282))

table 4 : explain SELECT id FROM sbtest4 WHERE id BETWEEN 5526182 AND 5526282
	Index Only Scan using sbtest4_pkey on sbtest4  (cost=0.43..10.68 rows=112 width=4)
	  Index Cond: ((id >= 5526182) AND (id <= 5526282))

table 5 : explain SELECT id FROM sbtest5 WHERE id BETWEEN 5526182 AND 5526282
	Index Only Scan using sbtest5_pkey on sbtest5  (cost=0.43..10.32 rows=94 width=4)
	  Index Cond: ((id >= 5526182) AND (id <= 5526282))

table 6 : explain SELECT id FROM sbtest6 WHERE id BETWEEN 5526182 AND 5526282
	Index Only Scan using sbtest6_pkey on sbtest6  (cost=0.43..6.53 rows=105 width=4)
	  Index Cond: ((id >= 5526182) AND (id <= 5526282))

table 7 : explain SELECT id FROM sbtest7 WHERE id BETWEEN 5526182 AND 5526282
	Index Only Scan using sbtest7_pkey on sbtest7  (cost=0.43..10.44 rows=100 width=4)
	  Index Cond: ((id >= 5526182) AND (id <= 5526282))

table 8 : explain SELECT id FROM sbtest8 WHERE id BETWEEN 5526182 AND 5526282
	Index Only Scan using sbtest8_pkey on sbtest8  (cost=0.43..6.42 rows=99 width=4)
	  Index Cond: ((id >= 5526182) AND (id <= 5526282))

explain: for range-covered :: explain SELECT id FROM sbtest%d WHERE id BETWEEN 4984866 AND 4984966
for range-covered
table 1 : explain SELECT id FROM sbtest1 WHERE id BETWEEN 3626883 AND 3626983
	Index Only Scan using sbtest1_pkey on sbtest1  (cost=0.43..10.47 rows=102 width=4)
	  Index Cond: ((id >= 3626883) AND (id <= 3626983))

table 2 : explain SELECT id FROM sbtest2 WHERE id BETWEEN 3626883 AND 3626983
	Index Only Scan using sbtest2_pkey on sbtest2  (cost=0.43..6.45 rows=101 width=4)
	  Index Cond: ((id >= 3626883) AND (id <= 3626983))

table 3 : explain SELECT id FROM sbtest3 WHERE id BETWEEN 3626883 AND 3626983
	Index Only Scan using sbtest3_pkey on sbtest3  (cost=0.43..10.46 rows=101 width=4)
	  Index Cond: ((id >= 3626883) AND (id <= 3626983))

table 4 : explain SELECT id FROM sbtest4 WHERE id BETWEEN 3626883 AND 3626983
	Index Only Scan using sbtest4_pkey on sbtest4  (cost=0.43..10.56 rows=106 width=4)
	  Index Cond: ((id >= 3626883) AND (id <= 3626983))

table 5 : explain SELECT id FROM sbtest5 WHERE id BETWEEN 3626883 AND 3626983
	Index Only Scan using sbtest5_pkey on sbtest5  (cost=0.43..10.60 rows=108 width=4)
	  Index Cond: ((id >= 3626883) AND (id <= 3626983))

table 6 : explain SELECT id FROM sbtest6 WHERE id BETWEEN 3626883 AND 3626983
	Index Only Scan using sbtest6_pkey on sbtest6  (cost=0.43..6.51 rows=104 width=4)
	  Index Cond: ((id >= 3626883) AND (id <= 3626983))

table 7 : explain SELECT id FROM sbtest7 WHERE id BETWEEN 3626883 AND 3626983
	Index Only Scan using sbtest7_pkey on sbtest7  (cost=0.43..10.38 rows=97 width=4)
	  Index Cond: ((id >= 3626883) AND (id <= 3626983))

table 8 : explain SELECT id FROM sbtest8 WHERE id BETWEEN 3626883 AND 3626983
	Index Only Scan using sbtest8_pkey on sbtest8  (cost=0.43..6.37 rows=97 width=4)
	  Index Cond: ((id >= 3626883) AND (id <= 3626983))

explain: for range-covered :: explain SELECT id FROM sbtest%d WHERE id BETWEEN 5526182 AND 5526282
for range-covered
table 1 : explain SELECT id FROM sbtest1 WHERE id BETWEEN 4074222 AND 4074322
	Index Only Scan using sbtest1_pkey on sbtest1  (cost=0.43..10.44 rows=100 width=4)
	  Index Cond: ((id >= 4074222) AND (id <= 4074322))

table 2 : explain SELECT id FROM sbtest2 WHERE id BETWEEN 4074222 AND 4074322
	Index Only Scan using sbtest2_pkey on sbtest2  (cost=0.43..6.50 rows=103 width=4)
	  Index Cond: ((id >= 4074222) AND (id <= 4074322))

table 3 : explain SELECT id FROM sbtest3 WHERE id BETWEEN 4074222 AND 4074322
	Index Only Scan using sbtest3_pkey on sbtest3  (cost=0.43..10.65 rows=111 width=4)
	  Index Cond: ((id >= 4074222) AND (id <= 4074322))

table 4 : explain SELECT id FROM sbtest4 WHERE id BETWEEN 4074222 AND 4074322
	Index Only Scan using sbtest4_pkey on sbtest4  (cost=0.43..10.36 rows=96 width=4)
	  Index Cond: ((id >= 4074222) AND (id <= 4074322))

table 5 : explain SELECT id FROM sbtest5 WHERE id BETWEEN 4074222 AND 4074322
	Index Only Scan using sbtest5_pkey on sbtest5  (cost=0.43..10.28 rows=92 width=4)
	  Index Cond: ((id >= 4074222) AND (id <= 4074322))

table 6 : explain SELECT id FROM sbtest6 WHERE id BETWEEN 4074222 AND 4074322
	Index Only Scan using sbtest6_pkey on sbtest6  (cost=0.43..6.43 rows=100 width=4)
	  Index Cond: ((id >= 4074222) AND (id <= 4074322))

table 7 : explain SELECT id FROM sbtest7 WHERE id BETWEEN 4074222 AND 4074322
	Index Only Scan using sbtest7_pkey on sbtest7  (cost=0.43..10.68 rows=112 width=4)
	  Index Cond: ((id >= 4074222) AND (id <= 4074322))

table 8 : explain SELECT id FROM sbtest8 WHERE id BETWEEN 4074222 AND 4074322
	Index Only Scan using sbtest8_pkey on sbtest8  (cost=0.43..6.47 rows=102 width=4)
	  Index Cond: ((id >= 4074222) AND (id <= 4074322))

for range-covered
table 1 : explain SELECT id FROM sbtest1 WHERE id BETWEEN 5324336 AND 5324436
	Index Only Scan using sbtest1_pkey on sbtest1  (cost=0.43..10.50 rows=103 width=4)
	  Index Cond: ((id >= 5324336) AND (id <= 5324436))

table 2 : explain SELECT id FROM sbtest2 WHERE id BETWEEN 5324336 AND 5324436
	Index Only Scan using sbtest2_pkey on sbtest2  (cost=0.43..6.50 rows=103 width=4)
	  Index Cond: ((id >= 5324336) AND (id <= 5324436))

table 3 : explain SELECT id FROM sbtest3 WHERE id BETWEEN 5324336 AND 5324436
	Index Only Scan using sbtest3_pkey on sbtest3  (cost=0.43..10.68 rows=112 width=4)
	  Index Cond: ((id >= 5324336) AND (id <= 5324436))

table 4 : explain SELECT id FROM sbtest4 WHERE id BETWEEN 5324336 AND 5324436
	Index Only Scan using sbtest4_pkey on sbtest4  (cost=0.43..10.47 rows=102 width=4)
	  Index Cond: ((id >= 5324336) AND (id <= 5324436))

table 5 : explain SELECT id FROM sbtest5 WHERE id BETWEEN 5324336 AND 5324436
	Index Only Scan using sbtest5_pkey on sbtest5  (cost=0.43..10.40 rows=98 width=4)
	  Index Cond: ((id >= 5324336) AND (id <= 5324436))

table 6 : explain SELECT id FROM sbtest6 WHERE id BETWEEN 5324336 AND 5324436
	Index Only Scan using sbtest6_pkey on sbtest6  (cost=0.43..6.59 rows=108 width=4)
	  Index Cond: ((id >= 5324336) AND (id <= 5324436))

table 7 : explain SELECT id FROM sbtest7 WHERE id BETWEEN 5324336 AND 5324436
	Index Only Scan using sbtest7_pkey on sbtest7  (cost=0.43..10.51 rows=104 width=4)
	  Index Cond: ((id >= 5324336) AND (id <= 5324436))

table 8 : explain SELECT id FROM sbtest8 WHERE id BETWEEN 5324336 AND 5324436
	Index Only Scan using sbtest8_pkey on sbtest8  (cost=0.43..6.47 rows=102 width=4)
	  Index Cond: ((id >= 5324336) AND (id <= 5324436))

explain: for range-covered :: explain SELECT id FROM sbtest%d WHERE id BETWEEN 4074222 AND 4074322
for range-covered
table 1 : explain SELECT id FROM sbtest1 WHERE id BETWEEN 376826 AND 376926
	Index Only Scan using sbtest1_pkey on sbtest1  (cost=0.43..10.44 rows=100 width=4)
	  Index Cond: ((id >= 376826) AND (id <= 376926))

table 2 : explain SELECT id FROM sbtest2 WHERE id BETWEEN 376826 AND 376926
	Index Only Scan using sbtest2_pkey on sbtest2  (cost=0.43..6.50 rows=103 width=4)
	  Index Cond: ((id >= 376826) AND (id <= 376926))

table 3 : explain SELECT id FROM sbtest3 WHERE id BETWEEN 376826 AND 376926
	Index Only Scan using sbtest3_pkey on sbtest3  (cost=0.43..10.36 rows=96 width=4)
	  Index Cond: ((id >= 376826) AND (id <= 376926))

table 4 : explain SELECT id FROM sbtest4 WHERE id BETWEEN 376826 AND 376926
	Index Only Scan using sbtest4_pkey on sbtest4  (cost=0.43..10.36 rows=96 width=4)
	  Index Cond: ((id >= 376826) AND (id <= 376926))

table 5 : explain SELECT id FROM sbtest5 WHERE id BETWEEN 376826 AND 376926
	Index Only Scan using sbtest5_pkey on sbtest5  (cost=0.43..10.36 rows=96 width=4)
	  Index Cond: ((id >= 376826) AND (id <= 376926))

table 6 : explain SELECT id FROM sbtest6 WHERE id BETWEEN 376826 AND 376926
	Index Only Scan using sbtest6_pkey on sbtest6  (cost=0.43..6.45 rows=101 width=4)
	  Index Cond: ((id >= 376826) AND (id <= 376926))

table 7 : explain SELECT id FROM sbtest7 WHERE id BETWEEN 376826 AND 376926
	Index Only Scan using sbtest7_pkey on sbtest7  (cost=0.43..10.50 rows=103 width=4)
	  Index Cond: ((id >= 376826) AND (id <= 376926))

table 8 : explain SELECT id FROM sbtest8 WHERE id BETWEEN 376826 AND 376926
	Index Only Scan using sbtest8_pkey on sbtest8  (cost=0.43..6.45 rows=101 width=4)
	  Index Cond: ((id >= 376826) AND (id <= 376926))

explain: for range-covered :: explain SELECT id FROM sbtest%d WHERE id BETWEEN 376826 AND 376926
explain: for range-covered :: explain SELECT id FROM sbtest%d WHERE id BETWEEN 5324336 AND 5324436
for range-covered
table 1 : explain SELECT id FROM sbtest1 WHERE id BETWEEN 5545379 AND 5545479
	Index Only Scan using sbtest1_pkey on sbtest1  (cost=0.43..10.50 rows=103 width=4)
	  Index Cond: ((id >= 5545379) AND (id <= 5545479))

table 2 : explain SELECT id FROM sbtest2 WHERE id BETWEEN 5545379 AND 5545479
	Index Only Scan using sbtest2_pkey on sbtest2  (cost=0.43..6.37 rows=97 width=4)
	  Index Cond: ((id >= 5545379) AND (id <= 5545479))

table 3 : explain SELECT id FROM sbtest3 WHERE id BETWEEN 5545379 AND 5545479
	Index Only Scan using sbtest3_pkey on sbtest3  (cost=0.43..10.56 rows=106 width=4)
	  Index Cond: ((id >= 5545379) AND (id <= 5545479))

table 4 : explain SELECT id FROM sbtest4 WHERE id BETWEEN 5545379 AND 5545479
	Index Only Scan using sbtest4_pkey on sbtest4  (cost=0.43..10.68 rows=112 width=4)
	  Index Cond: ((id >= 5545379) AND (id <= 5545479))

table 5 : explain SELECT id FROM sbtest5 WHERE id BETWEEN 5545379 AND 5545479
	Index Only Scan using sbtest5_pkey on sbtest5  (cost=0.43..10.46 rows=101 width=4)
	  Index Cond: ((id >= 5545379) AND (id <= 5545479))

table 6 : explain SELECT id FROM sbtest6 WHERE id BETWEEN 5545379 AND 5545479
	Index Only Scan using sbtest6_pkey on sbtest6  (cost=0.43..6.53 rows=105 width=4)
	  Index Cond: ((id >= 5545379) AND (id <= 5545479))

table 7 : explain SELECT id FROM sbtest7 WHERE id BETWEEN 5545379 AND 5545479
	Index Only Scan using sbtest7_pkey on sbtest7  (cost=0.43..10.44 rows=100 width=4)
	  Index Cond: ((id >= 5545379) AND (id <= 5545479))

table 8 : explain SELECT id FROM sbtest8 WHERE id BETWEEN 5545379 AND 5545479
	Index Only Scan using sbtest8_pkey on sbtest8  (cost=0.43..6.42 rows=99 width=4)
	  Index Cond: ((id >= 5545379) AND (id <= 5545479))

explain: for range-covered :: explain SELECT id FROM sbtest%d WHERE id BETWEEN 5545379 AND 5545479
for range-covered
table 1 : explain SELECT id FROM sbtest1 WHERE id BETWEEN 4074222 AND 4074322
	Index Only Scan using sbtest1_pkey on sbtest1  (cost=0.43..10.44 rows=100 width=4)
	  Index Cond: ((id >= 4074222) AND (id <= 4074322))

table 2 : explain SELECT id FROM sbtest2 WHERE id BETWEEN 4074222 AND 4074322
	Index Only Scan using sbtest2_pkey on sbtest2  (cost=0.43..6.50 rows=103 width=4)
	  Index Cond: ((id >= 4074222) AND (id <= 4074322))

table 3 : explain SELECT id FROM sbtest3 WHERE id BETWEEN 4074222 AND 4074322
	Index Only Scan using sbtest3_pkey on sbtest3  (cost=0.43..10.65 rows=111 width=4)
	  Index Cond: ((id >= 4074222) AND (id <= 4074322))

table 4 : explain SELECT id FROM sbtest4 WHERE id BETWEEN 4074222 AND 4074322
	Index Only Scan using sbtest4_pkey on sbtest4  (cost=0.43..10.36 rows=96 width=4)
	  Index Cond: ((id >= 4074222) AND (id <= 4074322))

table 5 : explain SELECT id FROM sbtest5 WHERE id BETWEEN 4074222 AND 4074322
	Index Only Scan using sbtest5_pkey on sbtest5  (cost=0.43..10.28 rows=92 width=4)
	  Index Cond: ((id >= 4074222) AND (id <= 4074322))

table 6 : explain SELECT id FROM sbtest6 WHERE id BETWEEN 4074222 AND 4074322
	Index Only Scan using sbtest6_pkey on sbtest6  (cost=0.43..6.43 rows=100 width=4)
	  Index Cond: ((id >= 4074222) AND (id <= 4074322))

table 7 : explain SELECT id FROM sbtest7 WHERE id BETWEEN 4074222 AND 4074322
	Index Only Scan using sbtest7_pkey on sbtest7  (cost=0.43..10.68 rows=112 width=4)
	  Index Cond: ((id >= 4074222) AND (id <= 4074322))

table 8 : explain SELECT id FROM sbtest8 WHERE id BETWEEN 4074222 AND 4074322
	Index Only Scan using sbtest8_pkey on sbtest8  (cost=0.43..6.47 rows=102 width=4)
	  Index Cond: ((id >= 4074222) AND (id <= 4074322))

explain: for range-covered :: explain SELECT id FROM sbtest%d WHERE id BETWEEN 4074222 AND 4074322
explain: for range-covered :: explain SELECT id FROM sbtest%d WHERE id BETWEEN 5955113 AND 5955213
for range-covered
table 1 : explain SELECT id FROM sbtest1 WHERE id BETWEEN 376826 AND 376926
	Index Only Scan using sbtest1_pkey on sbtest1  (cost=0.43..10.44 rows=100 width=4)
	  Index Cond: ((id >= 376826) AND (id <= 376926))

table 2 : explain SELECT id FROM sbtest2 WHERE id BETWEEN 376826 AND 376926
	Index Only Scan using sbtest2_pkey on sbtest2  (cost=0.43..6.50 rows=103 width=4)
	  Index Cond: ((id >= 376826) AND (id <= 376926))

table 3 : explain SELECT id FROM sbtest3 WHERE id BETWEEN 376826 AND 376926
	Index Only Scan using sbtest3_pkey on sbtest3  (cost=0.43..10.36 rows=96 width=4)
	  Index Cond: ((id >= 376826) AND (id <= 376926))

table 4 : explain SELECT id FROM sbtest4 WHERE id BETWEEN 376826 AND 376926
	Index Only Scan using sbtest4_pkey on sbtest4  (cost=0.43..10.36 rows=96 width=4)
	  Index Cond: ((id >= 376826) AND (id <= 376926))

table 5 : explain SELECT id FROM sbtest5 WHERE id BETWEEN 376826 AND 376926
	Index Only Scan using sbtest5_pkey on sbtest5  (cost=0.43..10.36 rows=96 width=4)
	  Index Cond: ((id >= 376826) AND (id <= 376926))

table 6 : explain SELECT id FROM sbtest6 WHERE id BETWEEN 376826 AND 376926
	Index Only Scan using sbtest6_pkey on sbtest6  (cost=0.43..6.45 rows=101 width=4)
	  Index Cond: ((id >= 376826) AND (id <= 376926))

table 7 : explain SELECT id FROM sbtest7 WHERE id BETWEEN 376826 AND 376926
	Index Only Scan using sbtest7_pkey on sbtest7  (cost=0.43..10.50 rows=103 width=4)
	  Index Cond: ((id >= 376826) AND (id <= 376926))

table 8 : explain SELECT id FROM sbtest8 WHERE id BETWEEN 376826 AND 376926
	Index Only Scan using sbtest8_pkey on sbtest8  (cost=0.43..6.45 rows=101 width=4)
	  Index Cond: ((id >= 376826) AND (id <= 376926))

for range-covered
table 1 : explain SELECT id FROM sbtest1 WHERE id BETWEEN 4984866 AND 4984966
	Index Only Scan using sbtest1_pkey on sbtest1  (cost=0.43..10.47 rows=102 width=4)
	  Index Cond: ((id >= 4984866) AND (id <= 4984966))

table 2 : explain SELECT id FROM sbtest2 WHERE id BETWEEN 4984866 AND 4984966
	Index Only Scan using sbtest2_pkey on sbtest2  (cost=0.43..6.47 rows=102 width=4)
	  Index Cond: ((id >= 4984866) AND (id <= 4984966))

table 3 : explain SELECT id FROM sbtest3 WHERE id BETWEEN 4984866 AND 4984966
	Index Only Scan using sbtest3_pkey on sbtest3  (cost=0.43..10.51 rows=104 width=4)
	  Index Cond: ((id >= 4984866) AND (id <= 4984966))

table 4 : explain SELECT id FROM sbtest4 WHERE id BETWEEN 4984866 AND 4984966
	Index Only Scan using sbtest4_pkey on sbtest4  (cost=0.43..10.51 rows=104 width=4)
	  Index Cond: ((id >= 4984866) AND (id <= 4984966))

table 5 : explain SELECT id FROM sbtest5 WHERE id BETWEEN 4984866 AND 4984966
	Index Only Scan using sbtest5_pkey on sbtest5  (cost=0.43..10.38 rows=97 width=4)
	  Index Cond: ((id >= 4984866) AND (id <= 4984966))

table 6 : explain SELECT id FROM sbtest6 WHERE id BETWEEN 4984866 AND 4984966
	Index Only Scan using sbtest6_pkey on sbtest6  (cost=0.43..6.63 rows=110 width=4)
	  Index Cond: ((id >= 4984866) AND (id <= 4984966))

table 7 : explain SELECT id FROM sbtest7 WHERE id BETWEEN 4984866 AND 4984966
	Index Only Scan using sbtest7_pkey on sbtest7  (cost=0.43..10.44 rows=100 width=4)
	  Index Cond: ((id >= 4984866) AND (id <= 4984966))

table 8 : explain SELECT id FROM sbtest8 WHERE id BETWEEN 4984866 AND 4984966
	Index Only Scan using sbtest8_pkey on sbtest8  (cost=0.43..6.53 rows=105 width=4)
	  Index Cond: ((id >= 4984866) AND (id <= 4984966))

explain: for range-covered :: explain SELECT id FROM sbtest%d WHERE id BETWEEN 376826 AND 376926
for range-covered
table 1 : explain SELECT id FROM sbtest1 WHERE id BETWEEN 5526182 AND 5526282
	Index Only Scan using sbtest1_pkey on sbtest1  (cost=0.43..10.33 rows=95 width=4)
	  Index Cond: ((id >= 5526182) AND (id <= 5526282))

table 2 : explain SELECT id FROM sbtest2 WHERE id BETWEEN 5526182 AND 5526282
	Index Only Scan using sbtest2_pkey on sbtest2  (cost=0.43..6.37 rows=97 width=4)
	  Index Cond: ((id >= 5526182) AND (id <= 5526282))

table 3 : explain SELECT id FROM sbtest3 WHERE id BETWEEN 5526182 AND 5526282
	Index Only Scan using sbtest3_pkey on sbtest3  (cost=0.43..10.56 rows=106 width=4)
	  Index Cond: ((id >= 5526182) AND (id <= 5526282))

table 4 : explain SELECT id FROM sbtest4 WHERE id BETWEEN 5526182 AND 5526282
	Index Only Scan using sbtest4_pkey on sbtest4  (cost=0.43..10.68 rows=112 width=4)
	  Index Cond: ((id >= 5526182) AND (id <= 5526282))

table 5 : explain SELECT id FROM sbtest5 WHERE id BETWEEN 5526182 AND 5526282
	Index Only Scan using sbtest5_pkey on sbtest5  (cost=0.43..10.32 rows=94 width=4)
	  Index Cond: ((id >= 5526182) AND (id <= 5526282))

table 6 : explain SELECT id FROM sbtest6 WHERE id BETWEEN 5526182 AND 5526282
	Index Only Scan using sbtest6_pkey on sbtest6  (cost=0.43..6.53 rows=105 width=4)
	  Index Cond: ((id >= 5526182) AND (id <= 5526282))

table 7 : explain SELECT id FROM sbtest7 WHERE id BETWEEN 5526182 AND 5526282
	Index Only Scan using sbtest7_pkey on sbtest7  (cost=0.43..10.44 rows=100 width=4)
	  Index Cond: ((id >= 5526182) AND (id <= 5526282))

table 8 : explain SELECT id FROM sbtest8 WHERE id BETWEEN 5526182 AND 5526282
	Index Only Scan using sbtest8_pkey on sbtest8  (cost=0.43..6.42 rows=99 width=4)
	  Index Cond: ((id >= 5526182) AND (id <= 5526282))

for range-covered
table 1 : explain SELECT id FROM sbtest1 WHERE id BETWEEN 5545379 AND 5545479
	Index Only Scan using sbtest1_pkey on sbtest1  (cost=0.43..10.50 rows=103 width=4)
	  Index Cond: ((id >= 5545379) AND (id <= 5545479))

table 2 : explain SELECT id FROM sbtest2 WHERE id BETWEEN 5545379 AND 5545479
	Index Only Scan using sbtest2_pkey on sbtest2  (cost=0.43..6.37 rows=97 width=4)
	  Index Cond: ((id >= 5545379) AND (id <= 5545479))

table 3 : explain SELECT id FROM sbtest3 WHERE id BETWEEN 5545379 AND 5545479
	Index Only Scan using sbtest3_pkey on sbtest3  (cost=0.43..10.56 rows=106 width=4)
	  Index Cond: ((id >= 5545379) AND (id <= 5545479))

table 4 : explain SELECT id FROM sbtest4 WHERE id BETWEEN 5545379 AND 5545479
	Index Only Scan using sbtest4_pkey on sbtest4  (cost=0.43..10.68 rows=112 width=4)
	  Index Cond: ((id >= 5545379) AND (id <= 5545479))

table 5 : explain SELECT id FROM sbtest5 WHERE id BETWEEN 5545379 AND 5545479
	Index Only Scan using sbtest5_pkey on sbtest5  (cost=0.43..10.46 rows=101 width=4)
	  Index Cond: ((id >= 5545379) AND (id <= 5545479))

table 6 : explain SELECT id FROM sbtest6 WHERE id BETWEEN 5545379 AND 5545479
	Index Only Scan using sbtest6_pkey on sbtest6  (cost=0.43..6.53 rows=105 width=4)
	  Index Cond: ((id >= 5545379) AND (id <= 5545479))

table 7 : explain SELECT id FROM sbtest7 WHERE id BETWEEN 5545379 AND 5545479
	Index Only Scan using sbtest7_pkey on sbtest7  (cost=0.43..10.44 rows=100 width=4)
	  Index Cond: ((id >= 5545379) AND (id <= 5545479))

table 8 : explain SELECT id FROM sbtest8 WHERE id BETWEEN 5545379 AND 5545479
	Index Only Scan using sbtest8_pkey on sbtest8  (cost=0.43..6.42 rows=99 width=4)
	  Index Cond: ((id >= 5545379) AND (id <= 5545479))

explain: for range-covered :: explain SELECT id FROM sbtest%d WHERE id BETWEEN 4984866 AND 4984966
explain: for range-covered :: explain SELECT id FROM sbtest%d WHERE id BETWEEN 5526182 AND 5526282
explain: for range-covered :: explain SELECT id FROM sbtest%d WHERE id BETWEEN 5545379 AND 5545479
for range-covered
table 1 : explain SELECT id FROM sbtest1 WHERE id BETWEEN 4074222 AND 4074322
	Index Only Scan using sbtest1_pkey on sbtest1  (cost=0.43..10.44 rows=100 width=4)
	  Index Cond: ((id >= 4074222) AND (id <= 4074322))

table 2 : explain SELECT id FROM sbtest2 WHERE id BETWEEN 4074222 AND 4074322
	Index Only Scan using sbtest2_pkey on sbtest2  (cost=0.43..6.50 rows=103 width=4)
	  Index Cond: ((id >= 4074222) AND (id <= 4074322))

table 3 : explain SELECT id FROM sbtest3 WHERE id BETWEEN 4074222 AND 4074322
	Index Only Scan using sbtest3_pkey on sbtest3  (cost=0.43..10.65 rows=111 width=4)
	  Index Cond: ((id >= 4074222) AND (id <= 4074322))

table 4 : explain SELECT id FROM sbtest4 WHERE id BETWEEN 4074222 AND 4074322
	Index Only Scan using sbtest4_pkey on sbtest4  (cost=0.43..10.36 rows=96 width=4)
	  Index Cond: ((id >= 4074222) AND (id <= 4074322))

table 5 : explain SELECT id FROM sbtest5 WHERE id BETWEEN 4074222 AND 4074322
	Index Only Scan using sbtest5_pkey on sbtest5  (cost=0.43..10.28 rows=92 width=4)
	  Index Cond: ((id >= 4074222) AND (id <= 4074322))

table 6 : explain SELECT id FROM sbtest6 WHERE id BETWEEN 4074222 AND 4074322
	Index Only Scan using sbtest6_pkey on sbtest6  (cost=0.43..6.43 rows=100 width=4)
	  Index Cond: ((id >= 4074222) AND (id <= 4074322))

table 7 : explain SELECT id FROM sbtest7 WHERE id BETWEEN 4074222 AND 4074322
	Index Only Scan using sbtest7_pkey on sbtest7  (cost=0.43..10.68 rows=112 width=4)
	  Index Cond: ((id >= 4074222) AND (id <= 4074322))

table 8 : explain SELECT id FROM sbtest8 WHERE id BETWEEN 4074222 AND 4074322
	Index Only Scan using sbtest8_pkey on sbtest8  (cost=0.43..6.47 rows=102 width=4)
	  Index Cond: ((id >= 4074222) AND (id <= 4074322))

explain: for range-covered :: explain SELECT id FROM sbtest%d WHERE id BETWEEN 4074222 AND 4074322
for range-covered
table 1 : explain SELECT id FROM sbtest1 WHERE id BETWEEN 376826 AND 376926
	Index Only Scan using sbtest1_pkey on sbtest1  (cost=0.43..10.44 rows=100 width=4)
	  Index Cond: ((id >= 376826) AND (id <= 376926))

table 2 : explain SELECT id FROM sbtest2 WHERE id BETWEEN 376826 AND 376926
	Index Only Scan using sbtest2_pkey on sbtest2  (cost=0.43..6.50 rows=103 width=4)
	  Index Cond: ((id >= 376826) AND (id <= 376926))

table 3 : explain SELECT id FROM sbtest3 WHERE id BETWEEN 376826 AND 376926
	Index Only Scan using sbtest3_pkey on sbtest3  (cost=0.43..10.36 rows=96 width=4)
	  Index Cond: ((id >= 376826) AND (id <= 376926))

table 4 : explain SELECT id FROM sbtest4 WHERE id BETWEEN 376826 AND 376926
	Index Only Scan using sbtest4_pkey on sbtest4  (cost=0.43..10.36 rows=96 width=4)
	  Index Cond: ((id >= 376826) AND (id <= 376926))

table 5 : explain SELECT id FROM sbtest5 WHERE id BETWEEN 376826 AND 376926
	Index Only Scan using sbtest5_pkey on sbtest5  (cost=0.43..10.36 rows=96 width=4)
	  Index Cond: ((id >= 376826) AND (id <= 376926))

table 6 : explain SELECT id FROM sbtest6 WHERE id BETWEEN 376826 AND 376926
	Index Only Scan using sbtest6_pkey on sbtest6  (cost=0.43..6.45 rows=101 width=4)
	  Index Cond: ((id >= 376826) AND (id <= 376926))

table 7 : explain SELECT id FROM sbtest7 WHERE id BETWEEN 376826 AND 376926
	Index Only Scan using sbtest7_pkey on sbtest7  (cost=0.43..10.50 rows=103 width=4)
	  Index Cond: ((id >= 376826) AND (id <= 376926))

table 8 : explain SELECT id FROM sbtest8 WHERE id BETWEEN 376826 AND 376926
	Index Only Scan using sbtest8_pkey on sbtest8  (cost=0.43..6.45 rows=101 width=4)
	  Index Cond: ((id >= 376826) AND (id <= 376926))

explain: for range-covered :: explain SELECT id FROM sbtest%d WHERE id BETWEEN 376826 AND 376926
for range-covered
table 1 : explain SELECT id FROM sbtest1 WHERE id BETWEEN 5545379 AND 5545479
	Index Only Scan using sbtest1_pkey on sbtest1  (cost=0.43..10.50 rows=103 width=4)
	  Index Cond: ((id >= 5545379) AND (id <= 5545479))

table 2 : explain SELECT id FROM sbtest2 WHERE id BETWEEN 5545379 AND 5545479
	Index Only Scan using sbtest2_pkey on sbtest2  (cost=0.43..6.37 rows=97 width=4)
	  Index Cond: ((id >= 5545379) AND (id <= 5545479))

table 3 : explain SELECT id FROM sbtest3 WHERE id BETWEEN 5545379 AND 5545479
	Index Only Scan using sbtest3_pkey on sbtest3  (cost=0.43..10.56 rows=106 width=4)
	  Index Cond: ((id >= 5545379) AND (id <= 5545479))

table 4 : explain SELECT id FROM sbtest4 WHERE id BETWEEN 5545379 AND 5545479
	Index Only Scan using sbtest4_pkey on sbtest4  (cost=0.43..10.68 rows=112 width=4)
	  Index Cond: ((id >= 5545379) AND (id <= 5545479))

table 5 : explain SELECT id FROM sbtest5 WHERE id BETWEEN 5545379 AND 5545479
	Index Only Scan using sbtest5_pkey on sbtest5  (cost=0.43..10.46 rows=101 width=4)
	  Index Cond: ((id >= 5545379) AND (id <= 5545479))

table 6 : explain SELECT id FROM sbtest6 WHERE id BETWEEN 5545379 AND 5545479
	Index Only Scan using sbtest6_pkey on sbtest6  (cost=0.43..6.53 rows=105 width=4)
	  Index Cond: ((id >= 5545379) AND (id <= 5545479))

table 7 : explain SELECT id FROM sbtest7 WHERE id BETWEEN 5545379 AND 5545479
	Index Only Scan using sbtest7_pkey on sbtest7  (cost=0.43..10.44 rows=100 width=4)
	  Index Cond: ((id >= 5545379) AND (id <= 5545479))

table 8 : explain SELECT id FROM sbtest8 WHERE id BETWEEN 5545379 AND 5545479
	Index Only Scan using sbtest8_pkey on sbtest8  (cost=0.43..6.42 rows=99 width=4)
	  Index Cond: ((id >= 5545379) AND (id <= 5545479))

explain: for range-covered :: explain SELECT id FROM sbtest%d WHERE id BETWEEN 5545379 AND 5545479
for range-covered
table 1 : explain SELECT id FROM sbtest1 WHERE id BETWEEN 4074222 AND 4074322
	Index Only Scan using sbtest1_pkey on sbtest1  (cost=0.43..10.44 rows=100 width=4)
	  Index Cond: ((id >= 4074222) AND (id <= 4074322))

table 2 : explain SELECT id FROM sbtest2 WHERE id BETWEEN 4074222 AND 4074322
	Index Only Scan using sbtest2_pkey on sbtest2  (cost=0.43..6.50 rows=103 width=4)
	  Index Cond: ((id >= 4074222) AND (id <= 4074322))

table 3 : explain SELECT id FROM sbtest3 WHERE id BETWEEN 4074222 AND 4074322
	Index Only Scan using sbtest3_pkey on sbtest3  (cost=0.43..10.65 rows=111 width=4)
	  Index Cond: ((id >= 4074222) AND (id <= 4074322))

table 4 : explain SELECT id FROM sbtest4 WHERE id BETWEEN 4074222 AND 4074322
	Index Only Scan using sbtest4_pkey on sbtest4  (cost=0.43..10.36 rows=96 width=4)
	  Index Cond: ((id >= 4074222) AND (id <= 4074322))

table 5 : explain SELECT id FROM sbtest5 WHERE id BETWEEN 4074222 AND 4074322
	Index Only Scan using sbtest5_pkey on sbtest5  (cost=0.43..10.28 rows=92 width=4)
	  Index Cond: ((id >= 4074222) AND (id <= 4074322))

table 6 : explain SELECT id FROM sbtest6 WHERE id BETWEEN 4074222 AND 4074322
	Index Only Scan using sbtest6_pkey on sbtest6  (cost=0.43..6.43 rows=100 width=4)
	  Index Cond: ((id >= 4074222) AND (id <= 4074322))

table 7 : explain SELECT id FROM sbtest7 WHERE id BETWEEN 4074222 AND 4074322
	Index Only Scan using sbtest7_pkey on sbtest7  (cost=0.43..10.68 rows=112 width=4)
	  Index Cond: ((id >= 4074222) AND (id <= 4074322))

table 8 : explain SELECT id FROM sbtest8 WHERE id BETWEEN 4074222 AND 4074322
	Index Only Scan using sbtest8_pkey on sbtest8  (cost=0.43..6.47 rows=102 width=4)
	  Index Cond: ((id >= 4074222) AND (id <= 4074322))

explain: for range-covered :: explain SELECT id FROM sbtest%d WHERE id BETWEEN 7216269 AND 7216369
for range-covered
table 1 : explain SELECT id FROM sbtest1 WHERE id BETWEEN 376826 AND 376926
	Index Only Scan using sbtest1_pkey on sbtest1  (cost=0.43..10.44 rows=100 width=4)
	  Index Cond: ((id >= 376826) AND (id <= 376926))

table 2 : explain SELECT id FROM sbtest2 WHERE id BETWEEN 376826 AND 376926
	Index Only Scan using sbtest2_pkey on sbtest2  (cost=0.43..6.50 rows=103 width=4)
	  Index Cond: ((id >= 376826) AND (id <= 376926))

table 3 : explain SELECT id FROM sbtest3 WHERE id BETWEEN 376826 AND 376926
	Index Only Scan using sbtest3_pkey on sbtest3  (cost=0.43..10.36 rows=96 width=4)
	  Index Cond: ((id >= 376826) AND (id <= 376926))

table 4 : explain SELECT id FROM sbtest4 WHERE id BETWEEN 376826 AND 376926
	Index Only Scan using sbtest4_pkey on sbtest4  (cost=0.43..10.36 rows=96 width=4)
	  Index Cond: ((id >= 376826) AND (id <= 376926))

table 5 : explain SELECT id FROM sbtest5 WHERE id BETWEEN 376826 AND 376926
	Index Only Scan using sbtest5_pkey on sbtest5  (cost=0.43..10.36 rows=96 width=4)
	  Index Cond: ((id >= 376826) AND (id <= 376926))

table 6 : explain SELECT id FROM sbtest6 WHERE id BETWEEN 376826 AND 376926
	Index Only Scan using sbtest6_pkey on sbtest6  (cost=0.43..6.45 rows=101 width=4)
	  Index Cond: ((id >= 376826) AND (id <= 376926))

table 7 : explain SELECT id FROM sbtest7 WHERE id BETWEEN 376826 AND 376926
	Index Only Scan using sbtest7_pkey on sbtest7  (cost=0.43..10.50 rows=103 width=4)
	  Index Cond: ((id >= 376826) AND (id <= 376926))

table 8 : explain SELECT id FROM sbtest8 WHERE id BETWEEN 376826 AND 376926
	Index Only Scan using sbtest8_pkey on sbtest8  (cost=0.43..6.45 rows=101 width=4)
	  Index Cond: ((id >= 376826) AND (id <= 376926))

explain: for range-covered :: explain SELECT id FROM sbtest%d WHERE id BETWEEN 376826 AND 376926
for range-covered
table 1 : explain SELECT id FROM sbtest1 WHERE id BETWEEN 4984866 AND 4984966
	Index Only Scan using sbtest1_pkey on sbtest1  (cost=0.43..10.47 rows=102 width=4)
	  Index Cond: ((id >= 4984866) AND (id <= 4984966))

table 2 : explain SELECT id FROM sbtest2 WHERE id BETWEEN 4984866 AND 4984966
	Index Only Scan using sbtest2_pkey on sbtest2  (cost=0.43..6.47 rows=102 width=4)
	  Index Cond: ((id >= 4984866) AND (id <= 4984966))

table 3 : explain SELECT id FROM sbtest3 WHERE id BETWEEN 4984866 AND 4984966
	Index Only Scan using sbtest3_pkey on sbtest3  (cost=0.43..10.51 rows=104 width=4)
	  Index Cond: ((id >= 4984866) AND (id <= 4984966))

table 4 : explain SELECT id FROM sbtest4 WHERE id BETWEEN 4984866 AND 4984966
	Index Only Scan using sbtest4_pkey on sbtest4  (cost=0.43..10.51 rows=104 width=4)
	  Index Cond: ((id >= 4984866) AND (id <= 4984966))

table 5 : explain SELECT id FROM sbtest5 WHERE id BETWEEN 4984866 AND 4984966
	Index Only Scan using sbtest5_pkey on sbtest5  (cost=0.43..10.38 rows=97 width=4)
	  Index Cond: ((id >= 4984866) AND (id <= 4984966))

table 6 : explain SELECT id FROM sbtest6 WHERE id BETWEEN 4984866 AND 4984966
	Index Only Scan using sbtest6_pkey on sbtest6  (cost=0.43..6.63 rows=110 width=4)
	  Index Cond: ((id >= 4984866) AND (id <= 4984966))

table 7 : explain SELECT id FROM sbtest7 WHERE id BETWEEN 4984866 AND 4984966
	Index Only Scan using sbtest7_pkey on sbtest7  (cost=0.43..10.44 rows=100 width=4)
	  Index Cond: ((id >= 4984866) AND (id <= 4984966))

table 8 : explain SELECT id FROM sbtest8 WHERE id BETWEEN 4984866 AND 4984966
	Index Only Scan using sbtest8_pkey on sbtest8  (cost=0.43..6.53 rows=105 width=4)
	  Index Cond: ((id >= 4984866) AND (id <= 4984966))

for range-covered
table 1 : explain SELECT id FROM sbtest1 WHERE id BETWEEN 5526182 AND 5526282
	Index Only Scan using sbtest1_pkey on sbtest1  (cost=0.43..10.33 rows=95 width=4)
	  Index Cond: ((id >= 5526182) AND (id <= 5526282))

table 2 : explain SELECT id FROM sbtest2 WHERE id BETWEEN 5526182 AND 5526282
	Index Only Scan using sbtest2_pkey on sbtest2  (cost=0.43..6.37 rows=97 width=4)
	  Index Cond: ((id >= 5526182) AND (id <= 5526282))

table 3 : explain SELECT id FROM sbtest3 WHERE id BETWEEN 5526182 AND 5526282
	Index Only Scan using sbtest3_pkey on sbtest3  (cost=0.43..10.56 rows=106 width=4)
	  Index Cond: ((id >= 5526182) AND (id <= 5526282))

table 4 : explain SELECT id FROM sbtest4 WHERE id BETWEEN 5526182 AND 5526282
	Index Only Scan using sbtest4_pkey on sbtest4  (cost=0.43..10.68 rows=112 width=4)
	  Index Cond: ((id >= 5526182) AND (id <= 5526282))

table 5 : explain SELECT id FROM sbtest5 WHERE id BETWEEN 5526182 AND 5526282
	Index Only Scan using sbtest5_pkey on sbtest5  (cost=0.43..10.32 rows=94 width=4)
	  Index Cond: ((id >= 5526182) AND (id <= 5526282))

table 6 : explain SELECT id FROM sbtest6 WHERE id BETWEEN 5526182 AND 5526282
	Index Only Scan using sbtest6_pkey on sbtest6  (cost=0.43..6.53 rows=105 width=4)
	  Index Cond: ((id >= 5526182) AND (id <= 5526282))

table 7 : explain SELECT id FROM sbtest7 WHERE id BETWEEN 5526182 AND 5526282
	Index Only Scan using sbtest7_pkey on sbtest7  (cost=0.43..10.44 rows=100 width=4)
	  Index Cond: ((id >= 5526182) AND (id <= 5526282))

table 8 : explain SELECT id FROM sbtest8 WHERE id BETWEEN 5526182 AND 5526282
	Index Only Scan using sbtest8_pkey on sbtest8  (cost=0.43..6.42 rows=99 width=4)
	  Index Cond: ((id >= 5526182) AND (id <= 5526282))

for range-covered
table 1 : explain SELECT id FROM sbtest1 WHERE id BETWEEN 5545379 AND 5545479
	Index Only Scan using sbtest1_pkey on sbtest1  (cost=0.43..10.50 rows=103 width=4)
	  Index Cond: ((id >= 5545379) AND (id <= 5545479))

table 2 : explain SELECT id FROM sbtest2 WHERE id BETWEEN 5545379 AND 5545479
	Index Only Scan using sbtest2_pkey on sbtest2  (cost=0.43..6.37 rows=97 width=4)
	  Index Cond: ((id >= 5545379) AND (id <= 5545479))

table 3 : explain SELECT id FROM sbtest3 WHERE id BETWEEN 5545379 AND 5545479
	Index Only Scan using sbtest3_pkey on sbtest3  (cost=0.43..10.56 rows=106 width=4)
	  Index Cond: ((id >= 5545379) AND (id <= 5545479))

table 4 : explain SELECT id FROM sbtest4 WHERE id BETWEEN 5545379 AND 5545479
	Index Only Scan using sbtest4_pkey on sbtest4  (cost=0.43..10.68 rows=112 width=4)
	  Index Cond: ((id >= 5545379) AND (id <= 5545479))

table 5 : explain SELECT id FROM sbtest5 WHERE id BETWEEN 5545379 AND 5545479
	Index Only Scan using sbtest5_pkey on sbtest5  (cost=0.43..10.46 rows=101 width=4)
	  Index Cond: ((id >= 5545379) AND (id <= 5545479))

table 6 : explain SELECT id FROM sbtest6 WHERE id BETWEEN 5545379 AND 5545479
	Index Only Scan using sbtest6_pkey on sbtest6  (cost=0.43..6.53 rows=105 width=4)
	  Index Cond: ((id >= 5545379) AND (id <= 5545479))

table 7 : explain SELECT id FROM sbtest7 WHERE id BETWEEN 5545379 AND 5545479
	Index Only Scan using sbtest7_pkey on sbtest7  (cost=0.43..10.44 rows=100 width=4)
	  Index Cond: ((id >= 5545379) AND (id <= 5545479))

table 8 : explain SELECT id FROM sbtest8 WHERE id BETWEEN 5545379 AND 5545479
	Index Only Scan using sbtest8_pkey on sbtest8  (cost=0.43..6.42 rows=99 width=4)
	  Index Cond: ((id >= 5545379) AND (id <= 5545479))

explain: for range-covered :: explain SELECT id FROM sbtest%d WHERE id BETWEEN 4984866 AND 4984966
explain: for range-covered :: explain SELECT id FROM sbtest%d WHERE id BETWEEN 5545379 AND 5545479
explain: for range-covered :: explain SELECT id FROM sbtest%d WHERE id BETWEEN 5526182 AND 5526282
for range-covered
table 1 : explain SELECT id FROM sbtest1 WHERE id BETWEEN 5324336 AND 5324436
	Index Only Scan using sbtest1_pkey on sbtest1  (cost=0.43..10.50 rows=103 width=4)
	  Index Cond: ((id >= 5324336) AND (id <= 5324436))

table 2 : explain SELECT id FROM sbtest2 WHERE id BETWEEN 5324336 AND 5324436
	Index Only Scan using sbtest2_pkey on sbtest2  (cost=0.43..6.50 rows=103 width=4)
	  Index Cond: ((id >= 5324336) AND (id <= 5324436))

table 3 : explain SELECT id FROM sbtest3 WHERE id BETWEEN 5324336 AND 5324436
	Index Only Scan using sbtest3_pkey on sbtest3  (cost=0.43..10.68 rows=112 width=4)
	  Index Cond: ((id >= 5324336) AND (id <= 5324436))

table 4 : explain SELECT id FROM sbtest4 WHERE id BETWEEN 5324336 AND 5324436
	Index Only Scan using sbtest4_pkey on sbtest4  (cost=0.43..10.47 rows=102 width=4)
	  Index Cond: ((id >= 5324336) AND (id <= 5324436))

table 5 : explain SELECT id FROM sbtest5 WHERE id BETWEEN 5324336 AND 5324436
	Index Only Scan using sbtest5_pkey on sbtest5  (cost=0.43..10.40 rows=98 width=4)
	  Index Cond: ((id >= 5324336) AND (id <= 5324436))

table 6 : explain SELECT id FROM sbtest6 WHERE id BETWEEN 5324336 AND 5324436
	Index Only Scan using sbtest6_pkey on sbtest6  (cost=0.43..6.59 rows=108 width=4)
	  Index Cond: ((id >= 5324336) AND (id <= 5324436))

table 7 : explain SELECT id FROM sbtest7 WHERE id BETWEEN 5324336 AND 5324436
	Index Only Scan using sbtest7_pkey on sbtest7  (cost=0.43..10.51 rows=104 width=4)
	  Index Cond: ((id >= 5324336) AND (id <= 5324436))

table 8 : explain SELECT id FROM sbtest8 WHERE id BETWEEN 5324336 AND 5324436
	Index Only Scan using sbtest8_pkey on sbtest8  (cost=0.43..6.47 rows=102 width=4)
	  Index Cond: ((id >= 5324336) AND (id <= 5324436))

explain: for range-covered :: explain SELECT id FROM sbtest%d WHERE id BETWEEN 5324336 AND 5324436
for range-covered
table 1 : explain SELECT id FROM sbtest1 WHERE id BETWEEN 376826 AND 376926
	Index Only Scan using sbtest1_pkey on sbtest1  (cost=0.43..10.44 rows=100 width=4)
	  Index Cond: ((id >= 376826) AND (id <= 376926))

table 2 : explain SELECT id FROM sbtest2 WHERE id BETWEEN 376826 AND 376926
	Index Only Scan using sbtest2_pkey on sbtest2  (cost=0.43..6.50 rows=103 width=4)
	  Index Cond: ((id >= 376826) AND (id <= 376926))

table 3 : explain SELECT id FROM sbtest3 WHERE id BETWEEN 376826 AND 376926
	Index Only Scan using sbtest3_pkey on sbtest3  (cost=0.43..10.36 rows=96 width=4)
	  Index Cond: ((id >= 376826) AND (id <= 376926))

table 4 : explain SELECT id FROM sbtest4 WHERE id BETWEEN 376826 AND 376926
	Index Only Scan using sbtest4_pkey on sbtest4  (cost=0.43..10.36 rows=96 width=4)
	  Index Cond: ((id >= 376826) AND (id <= 376926))

table 5 : explain SELECT id FROM sbtest5 WHERE id BETWEEN 376826 AND 376926
	Index Only Scan using sbtest5_pkey on sbtest5  (cost=0.43..10.36 rows=96 width=4)
	  Index Cond: ((id >= 376826) AND (id <= 376926))

table 6 : explain SELECT id FROM sbtest6 WHERE id BETWEEN 376826 AND 376926
	Index Only Scan using sbtest6_pkey on sbtest6  (cost=0.43..6.45 rows=101 width=4)
	  Index Cond: ((id >= 376826) AND (id <= 376926))

table 7 : explain SELECT id FROM sbtest7 WHERE id BETWEEN 376826 AND 376926
	Index Only Scan using sbtest7_pkey on sbtest7  (cost=0.43..10.50 rows=103 width=4)
	  Index Cond: ((id >= 376826) AND (id <= 376926))

table 8 : explain SELECT id FROM sbtest8 WHERE id BETWEEN 376826 AND 376926
	Index Only Scan using sbtest8_pkey on sbtest8  (cost=0.43..6.45 rows=101 width=4)
	  Index Cond: ((id >= 376826) AND (id <= 376926))

explain: for range-covered :: explain SELECT id FROM sbtest%d WHERE id BETWEEN 376826 AND 376926
for range-covered
table 1 : explain SELECT id FROM sbtest1 WHERE id BETWEEN 5545379 AND 5545479
	Index Only Scan using sbtest1_pkey on sbtest1  (cost=0.43..10.50 rows=103 width=4)
	  Index Cond: ((id >= 5545379) AND (id <= 5545479))

table 2 : explain SELECT id FROM sbtest2 WHERE id BETWEEN 5545379 AND 5545479
	Index Only Scan using sbtest2_pkey on sbtest2  (cost=0.43..6.37 rows=97 width=4)
	  Index Cond: ((id >= 5545379) AND (id <= 5545479))

table 3 : explain SELECT id FROM sbtest3 WHERE id BETWEEN 5545379 AND 5545479
	Index Only Scan using sbtest3_pkey on sbtest3  (cost=0.43..10.56 rows=106 width=4)
	  Index Cond: ((id >= 5545379) AND (id <= 5545479))

table 4 : explain SELECT id FROM sbtest4 WHERE id BETWEEN 5545379 AND 5545479
	Index Only Scan using sbtest4_pkey on sbtest4  (cost=0.43..10.68 rows=112 width=4)
	  Index Cond: ((id >= 5545379) AND (id <= 5545479))

table 5 : explain SELECT id FROM sbtest5 WHERE id BETWEEN 5545379 AND 5545479
	Index Only Scan using sbtest5_pkey on sbtest5  (cost=0.43..10.46 rows=101 width=4)
	  Index Cond: ((id >= 5545379) AND (id <= 5545479))

table 6 : explain SELECT id FROM sbtest6 WHERE id BETWEEN 5545379 AND 5545479
	Index Only Scan using sbtest6_pkey on sbtest6  (cost=0.43..6.53 rows=105 width=4)
	  Index Cond: ((id >= 5545379) AND (id <= 5545479))

table 7 : explain SELECT id FROM sbtest7 WHERE id BETWEEN 5545379 AND 5545479
	Index Only Scan using sbtest7_pkey on sbtest7  (cost=0.43..10.44 rows=100 width=4)
	  Index Cond: ((id >= 5545379) AND (id <= 5545479))

table 8 : explain SELECT id FROM sbtest8 WHERE id BETWEEN 5545379 AND 5545479
	Index Only Scan using sbtest8_pkey on sbtest8  (cost=0.43..6.42 rows=99 width=4)
	  Index Cond: ((id >= 5545379) AND (id <= 5545479))

for range-covered
table 1 : explain SELECT id FROM sbtest1 WHERE id BETWEEN 5955113 AND 5955213
	Index Only Scan using sbtest1_pkey on sbtest1  (cost=0.43..10.46 rows=101 width=4)
	  Index Cond: ((id >= 5955113) AND (id <= 5955213))

table 2 : explain SELECT id FROM sbtest2 WHERE id BETWEEN 5955113 AND 5955213
	Index Only Scan using sbtest2_pkey on sbtest2  (cost=0.43..6.21 rows=89 width=4)
	  Index Cond: ((id >= 5955113) AND (id <= 5955213))

table 3 : explain SELECT id FROM sbtest3 WHERE id BETWEEN 5955113 AND 5955213
	Index Only Scan using sbtest3_pkey on sbtest3  (cost=0.43..10.51 rows=104 width=4)
	  Index Cond: ((id >= 5955113) AND (id <= 5955213))

table 4 : explain SELECT id FROM sbtest4 WHERE id BETWEEN 5955113 AND 5955213
	Index Only Scan using sbtest4_pkey on sbtest4  (cost=0.43..10.36 rows=96 width=4)
	  Index Cond: ((id >= 5955113) AND (id <= 5955213))

table 5 : explain SELECT id FROM sbtest5 WHERE id BETWEEN 5955113 AND 5955213
	Index Only Scan using sbtest5_pkey on sbtest5  (cost=0.43..10.51 rows=104 width=4)
	  Index Cond: ((id >= 5955113) AND (id <= 5955213))

table 6 : explain SELECT id FROM sbtest6 WHERE id BETWEEN 5955113 AND 5955213
	Index Only Scan using sbtest6_pkey on sbtest6  (cost=0.43..6.53 rows=105 width=4)
	  Index Cond: ((id >= 5955113) AND (id <= 5955213))

table 7 : explain SELECT id FROM sbtest7 WHERE id BETWEEN 5955113 AND 5955213
	Index Only Scan using sbtest7_pkey on sbtest7  (cost=0.43..10.42 rows=99 width=4)
	  Index Cond: ((id >= 5955113) AND (id <= 5955213))

table 8 : explain SELECT id FROM sbtest8 WHERE id BETWEEN 5955113 AND 5955213
	Index Only Scan using sbtest8_pkey on sbtest8  (cost=0.43..6.53 rows=105 width=4)
	  Index Cond: ((id >= 5955113) AND (id <= 5955213))

explain: for range-covered :: explain SELECT id FROM sbtest%d WHERE id BETWEEN 5545379 AND 5545479
explain: for range-covered :: explain SELECT id FROM sbtest%d WHERE id BETWEEN 5955113 AND 5955213
for range-covered
table 1 : explain SELECT id FROM sbtest1 WHERE id BETWEEN 5324336 AND 5324436
	Index Only Scan using sbtest1_pkey on sbtest1  (cost=0.43..10.50 rows=103 width=4)
	  Index Cond: ((id >= 5324336) AND (id <= 5324436))

table 2 : explain SELECT id FROM sbtest2 WHERE id BETWEEN 5324336 AND 5324436
	Index Only Scan using sbtest2_pkey on sbtest2  (cost=0.43..6.50 rows=103 width=4)
	  Index Cond: ((id >= 5324336) AND (id <= 5324436))

table 3 : explain SELECT id FROM sbtest3 WHERE id BETWEEN 5324336 AND 5324436
	Index Only Scan using sbtest3_pkey on sbtest3  (cost=0.43..10.68 rows=112 width=4)
	  Index Cond: ((id >= 5324336) AND (id <= 5324436))

table 4 : explain SELECT id FROM sbtest4 WHERE id BETWEEN 5324336 AND 5324436
	Index Only Scan using sbtest4_pkey on sbtest4  (cost=0.43..10.47 rows=102 width=4)
	  Index Cond: ((id >= 5324336) AND (id <= 5324436))

table 5 : explain SELECT id FROM sbtest5 WHERE id BETWEEN 5324336 AND 5324436
	Index Only Scan using sbtest5_pkey on sbtest5  (cost=0.43..10.40 rows=98 width=4)
	  Index Cond: ((id >= 5324336) AND (id <= 5324436))

table 6 : explain SELECT id FROM sbtest6 WHERE id BETWEEN 5324336 AND 5324436
	Index Only Scan using sbtest6_pkey on sbtest6  (cost=0.43..6.59 rows=108 width=4)
	  Index Cond: ((id >= 5324336) AND (id <= 5324436))

table 7 : explain SELECT id FROM sbtest7 WHERE id BETWEEN 5324336 AND 5324436
	Index Only Scan using sbtest7_pkey on sbtest7  (cost=0.43..10.51 rows=104 width=4)
	  Index Cond: ((id >= 5324336) AND (id <= 5324436))

table 8 : explain SELECT id FROM sbtest8 WHERE id BETWEEN 5324336 AND 5324436
	Index Only Scan using sbtest8_pkey on sbtest8  (cost=0.43..6.47 rows=102 width=4)
	  Index Cond: ((id >= 5324336) AND (id <= 5324436))

explain: for range-covered :: explain SELECT id FROM sbtest%d WHERE id BETWEEN 5324336 AND 5324436
for range-covered
table 1 : explain SELECT id FROM sbtest1 WHERE id BETWEEN 376826 AND 376926
	Index Only Scan using sbtest1_pkey on sbtest1  (cost=0.43..10.44 rows=100 width=4)
	  Index Cond: ((id >= 376826) AND (id <= 376926))

table 2 : explain SELECT id FROM sbtest2 WHERE id BETWEEN 376826 AND 376926
	Index Only Scan using sbtest2_pkey on sbtest2  (cost=0.43..6.50 rows=103 width=4)
	  Index Cond: ((id >= 376826) AND (id <= 376926))

table 3 : explain SELECT id FROM sbtest3 WHERE id BETWEEN 376826 AND 376926
	Index Only Scan using sbtest3_pkey on sbtest3  (cost=0.43..10.36 rows=96 width=4)
	  Index Cond: ((id >= 376826) AND (id <= 376926))

table 4 : explain SELECT id FROM sbtest4 WHERE id BETWEEN 376826 AND 376926
	Index Only Scan using sbtest4_pkey on sbtest4  (cost=0.43..10.36 rows=96 width=4)
	  Index Cond: ((id >= 376826) AND (id <= 376926))

table 5 : explain SELECT id FROM sbtest5 WHERE id BETWEEN 376826 AND 376926
	Index Only Scan using sbtest5_pkey on sbtest5  (cost=0.43..10.36 rows=96 width=4)
	  Index Cond: ((id >= 376826) AND (id <= 376926))

table 6 : explain SELECT id FROM sbtest6 WHERE id BETWEEN 376826 AND 376926
	Index Only Scan using sbtest6_pkey on sbtest6  (cost=0.43..6.45 rows=101 width=4)
	  Index Cond: ((id >= 376826) AND (id <= 376926))

table 7 : explain SELECT id FROM sbtest7 WHERE id BETWEEN 376826 AND 376926
	Index Only Scan using sbtest7_pkey on sbtest7  (cost=0.43..10.50 rows=103 width=4)
	  Index Cond: ((id >= 376826) AND (id <= 376926))

table 8 : explain SELECT id FROM sbtest8 WHERE id BETWEEN 376826 AND 376926
	Index Only Scan using sbtest8_pkey on sbtest8  (cost=0.43..6.45 rows=101 width=4)
	  Index Cond: ((id >= 376826) AND (id <= 376926))

for range-covered
table 1 : explain SELECT id FROM sbtest1 WHERE id BETWEEN 4984866 AND 4984966
	Index Only Scan using sbtest1_pkey on sbtest1  (cost=0.43..10.47 rows=102 width=4)
	  Index Cond: ((id >= 4984866) AND (id <= 4984966))

table 2 : explain SELECT id FROM sbtest2 WHERE id BETWEEN 4984866 AND 4984966
	Index Only Scan using sbtest2_pkey on sbtest2  (cost=0.43..6.47 rows=102 width=4)
	  Index Cond: ((id >= 4984866) AND (id <= 4984966))

table 3 : explain SELECT id FROM sbtest3 WHERE id BETWEEN 4984866 AND 4984966
	Index Only Scan using sbtest3_pkey on sbtest3  (cost=0.43..10.51 rows=104 width=4)
	  Index Cond: ((id >= 4984866) AND (id <= 4984966))

table 4 : explain SELECT id FROM sbtest4 WHERE id BETWEEN 4984866 AND 4984966
	Index Only Scan using sbtest4_pkey on sbtest4  (cost=0.43..10.51 rows=104 width=4)
	  Index Cond: ((id >= 4984866) AND (id <= 4984966))

table 5 : explain SELECT id FROM sbtest5 WHERE id BETWEEN 4984866 AND 4984966
	Index Only Scan using sbtest5_pkey on sbtest5  (cost=0.43..10.38 rows=97 width=4)
	  Index Cond: ((id >= 4984866) AND (id <= 4984966))

table 6 : explain SELECT id FROM sbtest6 WHERE id BETWEEN 4984866 AND 4984966
	Index Only Scan using sbtest6_pkey on sbtest6  (cost=0.43..6.63 rows=110 width=4)
	  Index Cond: ((id >= 4984866) AND (id <= 4984966))

table 7 : explain SELECT id FROM sbtest7 WHERE id BETWEEN 4984866 AND 4984966
	Index Only Scan using sbtest7_pkey on sbtest7  (cost=0.43..10.44 rows=100 width=4)
	  Index Cond: ((id >= 4984866) AND (id <= 4984966))

table 8 : explain SELECT id FROM sbtest8 WHERE id BETWEEN 4984866 AND 4984966
	Index Only Scan using sbtest8_pkey on sbtest8  (cost=0.43..6.53 rows=105 width=4)
	  Index Cond: ((id >= 4984866) AND (id <= 4984966))

for range-covered
table 1 : explain SELECT id FROM sbtest1 WHERE id BETWEEN 5526182 AND 5526282
	Index Only Scan using sbtest1_pkey on sbtest1  (cost=0.43..10.33 rows=95 width=4)
	  Index Cond: ((id >= 5526182) AND (id <= 5526282))

table 2 : explain SELECT id FROM sbtest2 WHERE id BETWEEN 5526182 AND 5526282
	Index Only Scan using sbtest2_pkey on sbtest2  (cost=0.43..6.37 rows=97 width=4)
	  Index Cond: ((id >= 5526182) AND (id <= 5526282))

table 3 : explain SELECT id FROM sbtest3 WHERE id BETWEEN 5526182 AND 5526282
	Index Only Scan using sbtest3_pkey on sbtest3  (cost=0.43..10.56 rows=106 width=4)
	  Index Cond: ((id >= 5526182) AND (id <= 5526282))

table 4 : explain SELECT id FROM sbtest4 WHERE id BETWEEN 5526182 AND 5526282
	Index Only Scan using sbtest4_pkey on sbtest4  (cost=0.43..10.68 rows=112 width=4)
	  Index Cond: ((id >= 5526182) AND (id <= 5526282))

table 5 : explain SELECT id FROM sbtest5 WHERE id BETWEEN 5526182 AND 5526282
	Index Only Scan using sbtest5_pkey on sbtest5  (cost=0.43..10.32 rows=94 width=4)
	  Index Cond: ((id >= 5526182) AND (id <= 5526282))

table 6 : explain SELECT id FROM sbtest6 WHERE id BETWEEN 5526182 AND 5526282
	Index Only Scan using sbtest6_pkey on sbtest6  (cost=0.43..6.53 rows=105 width=4)
	  Index Cond: ((id >= 5526182) AND (id <= 5526282))

table 7 : explain SELECT id FROM sbtest7 WHERE id BETWEEN 5526182 AND 5526282
	Index Only Scan using sbtest7_pkey on sbtest7  (cost=0.43..10.44 rows=100 width=4)
	  Index Cond: ((id >= 5526182) AND (id <= 5526282))

table 8 : explain SELECT id FROM sbtest8 WHERE id BETWEEN 5526182 AND 5526282
	Index Only Scan using sbtest8_pkey on sbtest8  (cost=0.43..6.42 rows=99 width=4)
	  Index Cond: ((id >= 5526182) AND (id <= 5526282))

explain: for range-covered :: explain SELECT id FROM sbtest%d WHERE id BETWEEN 4984866 AND 4984966
explain: for range-covered :: explain SELECT id FROM sbtest%d WHERE id BETWEEN 5526182 AND 5526282
for range-covered
table 1 : explain SELECT id FROM sbtest1 WHERE id BETWEEN 5955113 AND 5955213
	Index Only Scan using sbtest1_pkey on sbtest1  (cost=0.43..10.46 rows=101 width=4)
	  Index Cond: ((id >= 5955113) AND (id <= 5955213))

table 2 : explain SELECT id FROM sbtest2 WHERE id BETWEEN 5955113 AND 5955213
	Index Only Scan using sbtest2_pkey on sbtest2  (cost=0.43..6.21 rows=89 width=4)
	  Index Cond: ((id >= 5955113) AND (id <= 5955213))

table 3 : explain SELECT id FROM sbtest3 WHERE id BETWEEN 5955113 AND 5955213
	Index Only Scan using sbtest3_pkey on sbtest3  (cost=0.43..10.51 rows=104 width=4)
	  Index Cond: ((id >= 5955113) AND (id <= 5955213))

table 4 : explain SELECT id FROM sbtest4 WHERE id BETWEEN 5955113 AND 5955213
	Index Only Scan using sbtest4_pkey on sbtest4  (cost=0.43..10.36 rows=96 width=4)
	  Index Cond: ((id >= 5955113) AND (id <= 5955213))

table 5 : explain SELECT id FROM sbtest5 WHERE id BETWEEN 5955113 AND 5955213
	Index Only Scan using sbtest5_pkey on sbtest5  (cost=0.43..10.51 rows=104 width=4)
	  Index Cond: ((id >= 5955113) AND (id <= 5955213))

table 6 : explain SELECT id FROM sbtest6 WHERE id BETWEEN 5955113 AND 5955213
	Index Only Scan using sbtest6_pkey on sbtest6  (cost=0.43..6.53 rows=105 width=4)
	  Index Cond: ((id >= 5955113) AND (id <= 5955213))

table 7 : explain SELECT id FROM sbtest7 WHERE id BETWEEN 5955113 AND 5955213
	Index Only Scan using sbtest7_pkey on sbtest7  (cost=0.43..10.42 rows=99 width=4)
	  Index Cond: ((id >= 5955113) AND (id <= 5955213))

table 8 : explain SELECT id FROM sbtest8 WHERE id BETWEEN 5955113 AND 5955213
	Index Only Scan using sbtest8_pkey on sbtest8  (cost=0.43..6.53 rows=105 width=4)
	  Index Cond: ((id >= 5955113) AND (id <= 5955213))

for range-covered
table 1 : explain SELECT id FROM sbtest1 WHERE id BETWEEN 5545379 AND 5545479
	Index Only Scan using sbtest1_pkey on sbtest1  (cost=0.43..10.50 rows=103 width=4)
	  Index Cond: ((id >= 5545379) AND (id <= 5545479))

table 2 : explain SELECT id FROM sbtest2 WHERE id BETWEEN 5545379 AND 5545479
	Index Only Scan using sbtest2_pkey on sbtest2  (cost=0.43..6.37 rows=97 width=4)
	  Index Cond: ((id >= 5545379) AND (id <= 5545479))

table 3 : explain SELECT id FROM sbtest3 WHERE id BETWEEN 5545379 AND 5545479
	Index Only Scan using sbtest3_pkey on sbtest3  (cost=0.43..10.56 rows=106 width=4)
	  Index Cond: ((id >= 5545379) AND (id <= 5545479))

table 4 : explain SELECT id FROM sbtest4 WHERE id BETWEEN 5545379 AND 5545479
	Index Only Scan using sbtest4_pkey on sbtest4  (cost=0.43..10.68 rows=112 width=4)
	  Index Cond: ((id >= 5545379) AND (id <= 5545479))

table 5 : explain SELECT id FROM sbtest5 WHERE id BETWEEN 5545379 AND 5545479
	Index Only Scan using sbtest5_pkey on sbtest5  (cost=0.43..10.46 rows=101 width=4)
	  Index Cond: ((id >= 5545379) AND (id <= 5545479))

table 6 : explain SELECT id FROM sbtest6 WHERE id BETWEEN 5545379 AND 5545479
	Index Only Scan using sbtest6_pkey on sbtest6  (cost=0.43..6.53 rows=105 width=4)
	  Index Cond: ((id >= 5545379) AND (id <= 5545479))

table 7 : explain SELECT id FROM sbtest7 WHERE id BETWEEN 5545379 AND 5545479
	Index Only Scan using sbtest7_pkey on sbtest7  (cost=0.43..10.44 rows=100 width=4)
	  Index Cond: ((id >= 5545379) AND (id <= 5545479))

table 8 : explain SELECT id FROM sbtest8 WHERE id BETWEEN 5545379 AND 5545479
	Index Only Scan using sbtest8_pkey on sbtest8  (cost=0.43..6.42 rows=99 width=4)
	  Index Cond: ((id >= 5545379) AND (id <= 5545479))

explain: for range-covered :: explain SELECT id FROM sbtest%d WHERE id BETWEEN 5955113 AND 5955213
explain: for range-covered :: explain SELECT id FROM sbtest%d WHERE id BETWEEN 5545379 AND 5545479
for range-covered
table 1 : explain SELECT id FROM sbtest1 WHERE id BETWEEN 5324336 AND 5324436
	Index Only Scan using sbtest1_pkey on sbtest1  (cost=0.43..10.50 rows=103 width=4)
	  Index Cond: ((id >= 5324336) AND (id <= 5324436))

table 2 : explain SELECT id FROM sbtest2 WHERE id BETWEEN 5324336 AND 5324436
	Index Only Scan using sbtest2_pkey on sbtest2  (cost=0.43..6.50 rows=103 width=4)
	  Index Cond: ((id >= 5324336) AND (id <= 5324436))

table 3 : explain SELECT id FROM sbtest3 WHERE id BETWEEN 5324336 AND 5324436
	Index Only Scan using sbtest3_pkey on sbtest3  (cost=0.43..10.68 rows=112 width=4)
	  Index Cond: ((id >= 5324336) AND (id <= 5324436))

table 4 : explain SELECT id FROM sbtest4 WHERE id BETWEEN 5324336 AND 5324436
	Index Only Scan using sbtest4_pkey on sbtest4  (cost=0.43..10.47 rows=102 width=4)
	  Index Cond: ((id >= 5324336) AND (id <= 5324436))

table 5 : explain SELECT id FROM sbtest5 WHERE id BETWEEN 5324336 AND 5324436
	Index Only Scan using sbtest5_pkey on sbtest5  (cost=0.43..10.40 rows=98 width=4)
	  Index Cond: ((id >= 5324336) AND (id <= 5324436))

table 6 : explain SELECT id FROM sbtest6 WHERE id BETWEEN 5324336 AND 5324436
	Index Only Scan using sbtest6_pkey on sbtest6  (cost=0.43..6.59 rows=108 width=4)
	  Index Cond: ((id >= 5324336) AND (id <= 5324436))

table 7 : explain SELECT id FROM sbtest7 WHERE id BETWEEN 5324336 AND 5324436
	Index Only Scan using sbtest7_pkey on sbtest7  (cost=0.43..10.51 rows=104 width=4)
	  Index Cond: ((id >= 5324336) AND (id <= 5324436))

table 8 : explain SELECT id FROM sbtest8 WHERE id BETWEEN 5324336 AND 5324436
	Index Only Scan using sbtest8_pkey on sbtest8  (cost=0.43..6.47 rows=102 width=4)
	  Index Cond: ((id >= 5324336) AND (id <= 5324436))

explain: for range-covered :: explain SELECT id FROM sbtest%d WHERE id BETWEEN 8686366 AND 8686466
explain: for range-covered :: explain SELECT id FROM sbtest%d WHERE id BETWEEN 6560356 AND 6560456
for range-covered
table 1 : explain SELECT id FROM sbtest1 WHERE id BETWEEN 7216269 AND 7216369
	Index Only Scan using sbtest1_pkey on sbtest1  (cost=0.43..10.50 rows=103 width=4)
	  Index Cond: ((id >= 7216269) AND (id <= 7216369))

table 2 : explain SELECT id FROM sbtest2 WHERE id BETWEEN 7216269 AND 7216369
	Index Only Scan using sbtest2_pkey on sbtest2  (cost=0.43..6.67 rows=112 width=4)
	  Index Cond: ((id >= 7216269) AND (id <= 7216369))

table 3 : explain SELECT id FROM sbtest3 WHERE id BETWEEN 7216269 AND 7216369
	Index Only Scan using sbtest3_pkey on sbtest3  (cost=0.43..10.40 rows=98 width=4)
	  Index Cond: ((id >= 7216269) AND (id <= 7216369))

table 4 : explain SELECT id FROM sbtest4 WHERE id BETWEEN 7216269 AND 7216369
	Index Only Scan using sbtest4_pkey on sbtest4  (cost=0.43..10.40 rows=98 width=4)
	  Index Cond: ((id >= 7216269) AND (id <= 7216369))

table 5 : explain SELECT id FROM sbtest5 WHERE id BETWEEN 7216269 AND 7216369
	Index Only Scan using sbtest5_pkey on sbtest5  (cost=0.43..10.54 rows=105 width=4)
	  Index Cond: ((id >= 7216269) AND (id <= 7216369))

table 6 : explain SELECT id FROM sbtest6 WHERE id BETWEEN 7216269 AND 7216369
	Index Only Scan using sbtest6_pkey on sbtest6  (cost=0.43..6.33 rows=95 width=4)
	  Index Cond: ((id >= 7216269) AND (id <= 7216369))

table 7 : explain SELECT id FROM sbtest7 WHERE id BETWEEN 7216269 AND 7216369
	Index Only Scan using sbtest7_pkey on sbtest7  (cost=0.43..10.40 rows=98 width=4)
	  Index Cond: ((id >= 7216269) AND (id <= 7216369))

table 8 : explain SELECT id FROM sbtest8 WHERE id BETWEEN 7216269 AND 7216369
	Index Only Scan using sbtest8_pkey on sbtest8  (cost=0.43..6.72 rows=114 width=4)
	  Index Cond: ((id >= 7216269) AND (id <= 7216369))

explain: for range-covered :: explain SELECT id FROM sbtest%d WHERE id BETWEEN 7216269 AND 7216369
for range-covered
table 1 : explain SELECT id FROM sbtest1 WHERE id BETWEEN 5955113 AND 5955213
	Index Only Scan using sbtest1_pkey on sbtest1  (cost=0.43..10.46 rows=101 width=4)
	  Index Cond: ((id >= 5955113) AND (id <= 5955213))

table 2 : explain SELECT id FROM sbtest2 WHERE id BETWEEN 5955113 AND 5955213
	Index Only Scan using sbtest2_pkey on sbtest2  (cost=0.43..6.21 rows=89 width=4)
	  Index Cond: ((id >= 5955113) AND (id <= 5955213))

table 3 : explain SELECT id FROM sbtest3 WHERE id BETWEEN 5955113 AND 5955213
	Index Only Scan using sbtest3_pkey on sbtest3  (cost=0.43..10.51 rows=104 width=4)
	  Index Cond: ((id >= 5955113) AND (id <= 5955213))

table 4 : explain SELECT id FROM sbtest4 WHERE id BETWEEN 5955113 AND 5955213
	Index Only Scan using sbtest4_pkey on sbtest4  (cost=0.43..10.36 rows=96 width=4)
	  Index Cond: ((id >= 5955113) AND (id <= 5955213))

table 5 : explain SELECT id FROM sbtest5 WHERE id BETWEEN 5955113 AND 5955213
	Index Only Scan using sbtest5_pkey on sbtest5  (cost=0.43..10.51 rows=104 width=4)
	  Index Cond: ((id >= 5955113) AND (id <= 5955213))

table 6 : explain SELECT id FROM sbtest6 WHERE id BETWEEN 5955113 AND 5955213
	Index Only Scan using sbtest6_pkey on sbtest6  (cost=0.43..6.53 rows=105 width=4)
	  Index Cond: ((id >= 5955113) AND (id <= 5955213))

table 7 : explain SELECT id FROM sbtest7 WHERE id BETWEEN 5955113 AND 5955213
	Index Only Scan using sbtest7_pkey on sbtest7  (cost=0.43..10.42 rows=99 width=4)
	  Index Cond: ((id >= 5955113) AND (id <= 5955213))

table 8 : explain SELECT id FROM sbtest8 WHERE id BETWEEN 5955113 AND 5955213
	Index Only Scan using sbtest8_pkey on sbtest8  (cost=0.43..6.53 rows=105 width=4)
	  Index Cond: ((id >= 5955113) AND (id <= 5955213))

explain: for range-covered :: explain SELECT id FROM sbtest%d WHERE id BETWEEN 1537195 AND 1537295
for range-covered
table 1 : explain SELECT id FROM sbtest1 WHERE id BETWEEN 5545379 AND 5545479
	Index Only Scan using sbtest1_pkey on sbtest1  (cost=0.43..10.50 rows=103 width=4)
	  Index Cond: ((id >= 5545379) AND (id <= 5545479))

table 2 : explain SELECT id FROM sbtest2 WHERE id BETWEEN 5545379 AND 5545479
	Index Only Scan using sbtest2_pkey on sbtest2  (cost=0.43..6.37 rows=97 width=4)
	  Index Cond: ((id >= 5545379) AND (id <= 5545479))

table 3 : explain SELECT id FROM sbtest3 WHERE id BETWEEN 5545379 AND 5545479
	Index Only Scan using sbtest3_pkey on sbtest3  (cost=0.43..10.56 rows=106 width=4)
	  Index Cond: ((id >= 5545379) AND (id <= 5545479))

table 4 : explain SELECT id FROM sbtest4 WHERE id BETWEEN 5545379 AND 5545479
	Index Only Scan using sbtest4_pkey on sbtest4  (cost=0.43..10.68 rows=112 width=4)
	  Index Cond: ((id >= 5545379) AND (id <= 5545479))

table 5 : explain SELECT id FROM sbtest5 WHERE id BETWEEN 5545379 AND 5545479
	Index Only Scan using sbtest5_pkey on sbtest5  (cost=0.43..10.46 rows=101 width=4)
	  Index Cond: ((id >= 5545379) AND (id <= 5545479))

table 6 : explain SELECT id FROM sbtest6 WHERE id BETWEEN 5545379 AND 5545479
	Index Only Scan using sbtest6_pkey on sbtest6  (cost=0.43..6.53 rows=105 width=4)
	  Index Cond: ((id >= 5545379) AND (id <= 5545479))

table 7 : explain SELECT id FROM sbtest7 WHERE id BETWEEN 5545379 AND 5545479
	Index Only Scan using sbtest7_pkey on sbtest7  (cost=0.43..10.44 rows=100 width=4)
	  Index Cond: ((id >= 5545379) AND (id <= 5545479))

table 8 : explain SELECT id FROM sbtest8 WHERE id BETWEEN 5545379 AND 5545479
	Index Only Scan using sbtest8_pkey on sbtest8  (cost=0.43..6.42 rows=99 width=4)
	  Index Cond: ((id >= 5545379) AND (id <= 5545479))

explain: for range-covered :: explain SELECT id FROM sbtest%d WHERE id BETWEEN 5955113 AND 5955213
explain: for range-covered :: explain SELECT id FROM sbtest%d WHERE id BETWEEN 5545379 AND 5545479
for range-covered
table 1 : explain SELECT id FROM sbtest1 WHERE id BETWEEN 4984866 AND 4984966
	Index Only Scan using sbtest1_pkey on sbtest1  (cost=0.43..10.47 rows=102 width=4)
	  Index Cond: ((id >= 4984866) AND (id <= 4984966))

table 2 : explain SELECT id FROM sbtest2 WHERE id BETWEEN 4984866 AND 4984966
	Index Only Scan using sbtest2_pkey on sbtest2  (cost=0.43..6.47 rows=102 width=4)
	  Index Cond: ((id >= 4984866) AND (id <= 4984966))

table 3 : explain SELECT id FROM sbtest3 WHERE id BETWEEN 4984866 AND 4984966
	Index Only Scan using sbtest3_pkey on sbtest3  (cost=0.43..10.51 rows=104 width=4)
	  Index Cond: ((id >= 4984866) AND (id <= 4984966))

table 4 : explain SELECT id FROM sbtest4 WHERE id BETWEEN 4984866 AND 4984966
	Index Only Scan using sbtest4_pkey on sbtest4  (cost=0.43..10.51 rows=104 width=4)
	  Index Cond: ((id >= 4984866) AND (id <= 4984966))

table 5 : explain SELECT id FROM sbtest5 WHERE id BETWEEN 4984866 AND 4984966
	Index Only Scan using sbtest5_pkey on sbtest5  (cost=0.43..10.38 rows=97 width=4)
	  Index Cond: ((id >= 4984866) AND (id <= 4984966))

table 6 : explain SELECT id FROM sbtest6 WHERE id BETWEEN 4984866 AND 4984966
	Index Only Scan using sbtest6_pkey on sbtest6  (cost=0.43..6.63 rows=110 width=4)
	  Index Cond: ((id >= 4984866) AND (id <= 4984966))

table 7 : explain SELECT id FROM sbtest7 WHERE id BETWEEN 4984866 AND 4984966
	Index Only Scan using sbtest7_pkey on sbtest7  (cost=0.43..10.44 rows=100 width=4)
	  Index Cond: ((id >= 4984866) AND (id <= 4984966))

table 8 : explain SELECT id FROM sbtest8 WHERE id BETWEEN 4984866 AND 4984966
	Index Only Scan using sbtest8_pkey on sbtest8  (cost=0.43..6.53 rows=105 width=4)
	  Index Cond: ((id >= 4984866) AND (id <= 4984966))

explain: for range-covered :: explain SELECT id FROM sbtest%d WHERE id BETWEEN 5000630 AND 5000730
for range-covered
table 1 : explain SELECT id FROM sbtest1 WHERE id BETWEEN 7216269 AND 7216369
	Index Only Scan using sbtest1_pkey on sbtest1  (cost=0.43..10.50 rows=103 width=4)
	  Index Cond: ((id >= 7216269) AND (id <= 7216369))

table 2 : explain SELECT id FROM sbtest2 WHERE id BETWEEN 7216269 AND 7216369
	Index Only Scan using sbtest2_pkey on sbtest2  (cost=0.43..6.67 rows=112 width=4)
	  Index Cond: ((id >= 7216269) AND (id <= 7216369))

table 3 : explain SELECT id FROM sbtest3 WHERE id BETWEEN 7216269 AND 7216369
	Index Only Scan using sbtest3_pkey on sbtest3  (cost=0.43..10.40 rows=98 width=4)
	  Index Cond: ((id >= 7216269) AND (id <= 7216369))

table 4 : explain SELECT id FROM sbtest4 WHERE id BETWEEN 7216269 AND 7216369
	Index Only Scan using sbtest4_pkey on sbtest4  (cost=0.43..10.40 rows=98 width=4)
	  Index Cond: ((id >= 7216269) AND (id <= 7216369))

table 5 : explain SELECT id FROM sbtest5 WHERE id BETWEEN 7216269 AND 7216369
	Index Only Scan using sbtest5_pkey on sbtest5  (cost=0.43..10.54 rows=105 width=4)
	  Index Cond: ((id >= 7216269) AND (id <= 7216369))

table 6 : explain SELECT id FROM sbtest6 WHERE id BETWEEN 7216269 AND 7216369
	Index Only Scan using sbtest6_pkey on sbtest6  (cost=0.43..6.33 rows=95 width=4)
	  Index Cond: ((id >= 7216269) AND (id <= 7216369))

table 7 : explain SELECT id FROM sbtest7 WHERE id BETWEEN 7216269 AND 7216369
	Index Only Scan using sbtest7_pkey on sbtest7  (cost=0.43..10.40 rows=98 width=4)
	  Index Cond: ((id >= 7216269) AND (id <= 7216369))

table 8 : explain SELECT id FROM sbtest8 WHERE id BETWEEN 7216269 AND 7216369
	Index Only Scan using sbtest8_pkey on sbtest8  (cost=0.43..6.72 rows=114 width=4)
	  Index Cond: ((id >= 7216269) AND (id <= 7216369))

explain: for range-covered :: explain SELECT id FROM sbtest%d WHERE id BETWEEN 376826 AND 376926
explain: for range-covered :: explain SELECT id FROM sbtest%d WHERE id BETWEEN 7216269 AND 7216369
for range-covered
table 1 : explain SELECT id FROM sbtest1 WHERE id BETWEEN 5526182 AND 5526282
	Index Only Scan using sbtest1_pkey on sbtest1  (cost=0.43..10.33 rows=95 width=4)
	  Index Cond: ((id >= 5526182) AND (id <= 5526282))

table 2 : explain SELECT id FROM sbtest2 WHERE id BETWEEN 5526182 AND 5526282
	Index Only Scan using sbtest2_pkey on sbtest2  (cost=0.43..6.37 rows=97 width=4)
	  Index Cond: ((id >= 5526182) AND (id <= 5526282))

table 3 : explain SELECT id FROM sbtest3 WHERE id BETWEEN 5526182 AND 5526282
	Index Only Scan using sbtest3_pkey on sbtest3  (cost=0.43..10.56 rows=106 width=4)
	  Index Cond: ((id >= 5526182) AND (id <= 5526282))

table 4 : explain SELECT id FROM sbtest4 WHERE id BETWEEN 5526182 AND 5526282
	Index Only Scan using sbtest4_pkey on sbtest4  (cost=0.43..10.68 rows=112 width=4)
	  Index Cond: ((id >= 5526182) AND (id <= 5526282))

table 5 : explain SELECT id FROM sbtest5 WHERE id BETWEEN 5526182 AND 5526282
	Index Only Scan using sbtest5_pkey on sbtest5  (cost=0.43..10.32 rows=94 width=4)
	  Index Cond: ((id >= 5526182) AND (id <= 5526282))

table 6 : explain SELECT id FROM sbtest6 WHERE id BETWEEN 5526182 AND 5526282
	Index Only Scan using sbtest6_pkey on sbtest6  (cost=0.43..6.53 rows=105 width=4)
	  Index Cond: ((id >= 5526182) AND (id <= 5526282))

table 7 : explain SELECT id FROM sbtest7 WHERE id BETWEEN 5526182 AND 5526282
	Index Only Scan using sbtest7_pkey on sbtest7  (cost=0.43..10.44 rows=100 width=4)
	  Index Cond: ((id >= 5526182) AND (id <= 5526282))

table 8 : explain SELECT id FROM sbtest8 WHERE id BETWEEN 5526182 AND 5526282
	Index Only Scan using sbtest8_pkey on sbtest8  (cost=0.43..6.42 rows=99 width=4)
	  Index Cond: ((id >= 5526182) AND (id <= 5526282))

for range-covered
table 1 : explain SELECT id FROM sbtest1 WHERE id BETWEEN 5955113 AND 5955213
	Index Only Scan using sbtest1_pkey on sbtest1  (cost=0.43..10.46 rows=101 width=4)
	  Index Cond: ((id >= 5955113) AND (id <= 5955213))

table 2 : explain SELECT id FROM sbtest2 WHERE id BETWEEN 5955113 AND 5955213
	Index Only Scan using sbtest2_pkey on sbtest2  (cost=0.43..6.21 rows=89 width=4)
	  Index Cond: ((id >= 5955113) AND (id <= 5955213))

table 3 : explain SELECT id FROM sbtest3 WHERE id BETWEEN 5955113 AND 5955213
	Index Only Scan using sbtest3_pkey on sbtest3  (cost=0.43..10.51 rows=104 width=4)
	  Index Cond: ((id >= 5955113) AND (id <= 5955213))

table 4 : explain SELECT id FROM sbtest4 WHERE id BETWEEN 5955113 AND 5955213
	Index Only Scan using sbtest4_pkey on sbtest4  (cost=0.43..10.36 rows=96 width=4)
	  Index Cond: ((id >= 5955113) AND (id <= 5955213))

table 5 : explain SELECT id FROM sbtest5 WHERE id BETWEEN 5955113 AND 5955213
	Index Only Scan using sbtest5_pkey on sbtest5  (cost=0.43..10.51 rows=104 width=4)
	  Index Cond: ((id >= 5955113) AND (id <= 5955213))

table 6 : explain SELECT id FROM sbtest6 WHERE id BETWEEN 5955113 AND 5955213
	Index Only Scan using sbtest6_pkey on sbtest6  (cost=0.43..6.53 rows=105 width=4)
	  Index Cond: ((id >= 5955113) AND (id <= 5955213))

table 7 : explain SELECT id FROM sbtest7 WHERE id BETWEEN 5955113 AND 5955213
	Index Only Scan using sbtest7_pkey on sbtest7  (cost=0.43..10.42 rows=99 width=4)
	  Index Cond: ((id >= 5955113) AND (id <= 5955213))

table 8 : explain SELECT id FROM sbtest8 WHERE id BETWEEN 5955113 AND 5955213
	Index Only Scan using sbtest8_pkey on sbtest8  (cost=0.43..6.53 rows=105 width=4)
	  Index Cond: ((id >= 5955113) AND (id <= 5955213))

explain: for range-covered :: explain SELECT id FROM sbtest%d WHERE id BETWEEN 4984866 AND 4984966
explain: for range-covered :: explain SELECT id FROM sbtest%d WHERE id BETWEEN 5955113 AND 5955213
for range-covered
table 1 : explain SELECT id FROM sbtest1 WHERE id BETWEEN 5545379 AND 5545479
	Index Only Scan using sbtest1_pkey on sbtest1  (cost=0.43..10.50 rows=103 width=4)
	  Index Cond: ((id >= 5545379) AND (id <= 5545479))

table 2 : explain SELECT id FROM sbtest2 WHERE id BETWEEN 5545379 AND 5545479
	Index Only Scan using sbtest2_pkey on sbtest2  (cost=0.43..6.37 rows=97 width=4)
	  Index Cond: ((id >= 5545379) AND (id <= 5545479))

table 3 : explain SELECT id FROM sbtest3 WHERE id BETWEEN 5545379 AND 5545479
	Index Only Scan using sbtest3_pkey on sbtest3  (cost=0.43..10.56 rows=106 width=4)
	  Index Cond: ((id >= 5545379) AND (id <= 5545479))

table 4 : explain SELECT id FROM sbtest4 WHERE id BETWEEN 5545379 AND 5545479
	Index Only Scan using sbtest4_pkey on sbtest4  (cost=0.43..10.68 rows=112 width=4)
	  Index Cond: ((id >= 5545379) AND (id <= 5545479))

table 5 : explain SELECT id FROM sbtest5 WHERE id BETWEEN 5545379 AND 5545479
	Index Only Scan using sbtest5_pkey on sbtest5  (cost=0.43..10.46 rows=101 width=4)
	  Index Cond: ((id >= 5545379) AND (id <= 5545479))

table 6 : explain SELECT id FROM sbtest6 WHERE id BETWEEN 5545379 AND 5545479
	Index Only Scan using sbtest6_pkey on sbtest6  (cost=0.43..6.53 rows=105 width=4)
	  Index Cond: ((id >= 5545379) AND (id <= 5545479))

table 7 : explain SELECT id FROM sbtest7 WHERE id BETWEEN 5545379 AND 5545479
	Index Only Scan using sbtest7_pkey on sbtest7  (cost=0.43..10.44 rows=100 width=4)
	  Index Cond: ((id >= 5545379) AND (id <= 5545479))

table 8 : explain SELECT id FROM sbtest8 WHERE id BETWEEN 5545379 AND 5545479
	Index Only Scan using sbtest8_pkey on sbtest8  (cost=0.43..6.42 rows=99 width=4)
	  Index Cond: ((id >= 5545379) AND (id <= 5545479))

explain: for range-covered :: explain SELECT id FROM sbtest%d WHERE id BETWEEN 5526182 AND 5526282
for range-covered
table 1 : explain SELECT id FROM sbtest1 WHERE id BETWEEN 7216269 AND 7216369
	Index Only Scan using sbtest1_pkey on sbtest1  (cost=0.43..10.50 rows=103 width=4)
	  Index Cond: ((id >= 7216269) AND (id <= 7216369))

table 2 : explain SELECT id FROM sbtest2 WHERE id BETWEEN 7216269 AND 7216369
	Index Only Scan using sbtest2_pkey on sbtest2  (cost=0.43..6.67 rows=112 width=4)
	  Index Cond: ((id >= 7216269) AND (id <= 7216369))

table 3 : explain SELECT id FROM sbtest3 WHERE id BETWEEN 7216269 AND 7216369
	Index Only Scan using sbtest3_pkey on sbtest3  (cost=0.43..10.40 rows=98 width=4)
	  Index Cond: ((id >= 7216269) AND (id <= 7216369))

table 4 : explain SELECT id FROM sbtest4 WHERE id BETWEEN 7216269 AND 7216369
	Index Only Scan using sbtest4_pkey on sbtest4  (cost=0.43..10.40 rows=98 width=4)
	  Index Cond: ((id >= 7216269) AND (id <= 7216369))

table 5 : explain SELECT id FROM sbtest5 WHERE id BETWEEN 7216269 AND 7216369
	Index Only Scan using sbtest5_pkey on sbtest5  (cost=0.43..10.54 rows=105 width=4)
	  Index Cond: ((id >= 7216269) AND (id <= 7216369))

table 6 : explain SELECT id FROM sbtest6 WHERE id BETWEEN 7216269 AND 7216369
	Index Only Scan using sbtest6_pkey on sbtest6  (cost=0.43..6.33 rows=95 width=4)
	  Index Cond: ((id >= 7216269) AND (id <= 7216369))

table 7 : explain SELECT id FROM sbtest7 WHERE id BETWEEN 7216269 AND 7216369
	Index Only Scan using sbtest7_pkey on sbtest7  (cost=0.43..10.40 rows=98 width=4)
	  Index Cond: ((id >= 7216269) AND (id <= 7216369))

table 8 : explain SELECT id FROM sbtest8 WHERE id BETWEEN 7216269 AND 7216369
	Index Only Scan using sbtest8_pkey on sbtest8  (cost=0.43..6.72 rows=114 width=4)
	  Index Cond: ((id >= 7216269) AND (id <= 7216369))

for range-covered
table 1 : explain SELECT id FROM sbtest1 WHERE id BETWEEN 376826 AND 376926
	Index Only Scan using sbtest1_pkey on sbtest1  (cost=0.43..10.44 rows=100 width=4)
	  Index Cond: ((id >= 376826) AND (id <= 376926))

table 2 : explain SELECT id FROM sbtest2 WHERE id BETWEEN 376826 AND 376926
	Index Only Scan using sbtest2_pkey on sbtest2  (cost=0.43..6.50 rows=103 width=4)
	  Index Cond: ((id >= 376826) AND (id <= 376926))

table 3 : explain SELECT id FROM sbtest3 WHERE id BETWEEN 376826 AND 376926
	Index Only Scan using sbtest3_pkey on sbtest3  (cost=0.43..10.36 rows=96 width=4)
	  Index Cond: ((id >= 376826) AND (id <= 376926))

table 4 : explain SELECT id FROM sbtest4 WHERE id BETWEEN 376826 AND 376926
	Index Only Scan using sbtest4_pkey on sbtest4  (cost=0.43..10.36 rows=96 width=4)
	  Index Cond: ((id >= 376826) AND (id <= 376926))

table 5 : explain SELECT id FROM sbtest5 WHERE id BETWEEN 376826 AND 376926
	Index Only Scan using sbtest5_pkey on sbtest5  (cost=0.43..10.36 rows=96 width=4)
	  Index Cond: ((id >= 376826) AND (id <= 376926))

table 6 : explain SELECT id FROM sbtest6 WHERE id BETWEEN 376826 AND 376926
	Index Only Scan using sbtest6_pkey on sbtest6  (cost=0.43..6.45 rows=101 width=4)
	  Index Cond: ((id >= 376826) AND (id <= 376926))

table 7 : explain SELECT id FROM sbtest7 WHERE id BETWEEN 376826 AND 376926
	Index Only Scan using sbtest7_pkey on sbtest7  (cost=0.43..10.50 rows=103 width=4)
	  Index Cond: ((id >= 376826) AND (id <= 376926))

table 8 : explain SELECT id FROM sbtest8 WHERE id BETWEEN 376826 AND 376926
	Index Only Scan using sbtest8_pkey on sbtest8  (cost=0.43..6.45 rows=101 width=4)
	  Index Cond: ((id >= 376826) AND (id <= 376926))

for range-covered
table 1 : explain SELECT id FROM sbtest1 WHERE id BETWEEN 5955113 AND 5955213
	Index Only Scan using sbtest1_pkey on sbtest1  (cost=0.43..10.46 rows=101 width=4)
	  Index Cond: ((id >= 5955113) AND (id <= 5955213))

table 2 : explain SELECT id FROM sbtest2 WHERE id BETWEEN 5955113 AND 5955213
	Index Only Scan using sbtest2_pkey on sbtest2  (cost=0.43..6.21 rows=89 width=4)
	  Index Cond: ((id >= 5955113) AND (id <= 5955213))

table 3 : explain SELECT id FROM sbtest3 WHERE id BETWEEN 5955113 AND 5955213
	Index Only Scan using sbtest3_pkey on sbtest3  (cost=0.43..10.51 rows=104 width=4)
	  Index Cond: ((id >= 5955113) AND (id <= 5955213))

table 4 : explain SELECT id FROM sbtest4 WHERE id BETWEEN 5955113 AND 5955213
	Index Only Scan using sbtest4_pkey on sbtest4  (cost=0.43..10.36 rows=96 width=4)
	  Index Cond: ((id >= 5955113) AND (id <= 5955213))

table 5 : explain SELECT id FROM sbtest5 WHERE id BETWEEN 5955113 AND 5955213
	Index Only Scan using sbtest5_pkey on sbtest5  (cost=0.43..10.51 rows=104 width=4)
	  Index Cond: ((id >= 5955113) AND (id <= 5955213))

table 6 : explain SELECT id FROM sbtest6 WHERE id BETWEEN 5955113 AND 5955213
	Index Only Scan using sbtest6_pkey on sbtest6  (cost=0.43..6.53 rows=105 width=4)
	  Index Cond: ((id >= 5955113) AND (id <= 5955213))

table 7 : explain SELECT id FROM sbtest7 WHERE id BETWEEN 5955113 AND 5955213
	Index Only Scan using sbtest7_pkey on sbtest7  (cost=0.43..10.42 rows=99 width=4)
	  Index Cond: ((id >= 5955113) AND (id <= 5955213))

table 8 : explain SELECT id FROM sbtest8 WHERE id BETWEEN 5955113 AND 5955213
	Index Only Scan using sbtest8_pkey on sbtest8  (cost=0.43..6.53 rows=105 width=4)
	  Index Cond: ((id >= 5955113) AND (id <= 5955213))

explain: for range-covered :: explain SELECT id FROM sbtest%d WHERE id BETWEEN 7216269 AND 7216369
explain: for range-covered :: explain SELECT id FROM sbtest%d WHERE id BETWEEN 5955113 AND 5955213
explain: for range-covered :: explain SELECT id FROM sbtest%d WHERE id BETWEEN 376826 AND 376926
for range-covered
table 1 : explain SELECT id FROM sbtest1 WHERE id BETWEEN 4984866 AND 4984966
	Index Only Scan using sbtest1_pkey on sbtest1  (cost=0.43..10.47 rows=102 width=4)
	  Index Cond: ((id >= 4984866) AND (id <= 4984966))

table 2 : explain SELECT id FROM sbtest2 WHERE id BETWEEN 4984866 AND 4984966
	Index Only Scan using sbtest2_pkey on sbtest2  (cost=0.43..6.47 rows=102 width=4)
	  Index Cond: ((id >= 4984866) AND (id <= 4984966))

table 3 : explain SELECT id FROM sbtest3 WHERE id BETWEEN 4984866 AND 4984966
	Index Only Scan using sbtest3_pkey on sbtest3  (cost=0.43..10.51 rows=104 width=4)
	  Index Cond: ((id >= 4984866) AND (id <= 4984966))

table 4 : explain SELECT id FROM sbtest4 WHERE id BETWEEN 4984866 AND 4984966
	Index Only Scan using sbtest4_pkey on sbtest4  (cost=0.43..10.51 rows=104 width=4)
	  Index Cond: ((id >= 4984866) AND (id <= 4984966))

table 5 : explain SELECT id FROM sbtest5 WHERE id BETWEEN 4984866 AND 4984966
	Index Only Scan using sbtest5_pkey on sbtest5  (cost=0.43..10.38 rows=97 width=4)
	  Index Cond: ((id >= 4984866) AND (id <= 4984966))

table 6 : explain SELECT id FROM sbtest6 WHERE id BETWEEN 4984866 AND 4984966
	Index Only Scan using sbtest6_pkey on sbtest6  (cost=0.43..6.63 rows=110 width=4)
	  Index Cond: ((id >= 4984866) AND (id <= 4984966))

table 7 : explain SELECT id FROM sbtest7 WHERE id BETWEEN 4984866 AND 4984966
	Index Only Scan using sbtest7_pkey on sbtest7  (cost=0.43..10.44 rows=100 width=4)
	  Index Cond: ((id >= 4984866) AND (id <= 4984966))

table 8 : explain SELECT id FROM sbtest8 WHERE id BETWEEN 4984866 AND 4984966
	Index Only Scan using sbtest8_pkey on sbtest8  (cost=0.43..6.53 rows=105 width=4)
	  Index Cond: ((id >= 4984866) AND (id <= 4984966))

for range-covered
table 1 : explain SELECT id FROM sbtest1 WHERE id BETWEEN 7216269 AND 7216369
	Index Only Scan using sbtest1_pkey on sbtest1  (cost=0.43..10.50 rows=103 width=4)
	  Index Cond: ((id >= 7216269) AND (id <= 7216369))

table 2 : explain SELECT id FROM sbtest2 WHERE id BETWEEN 7216269 AND 7216369
	Index Only Scan using sbtest2_pkey on sbtest2  (cost=0.43..6.67 rows=112 width=4)
	  Index Cond: ((id >= 7216269) AND (id <= 7216369))

table 3 : explain SELECT id FROM sbtest3 WHERE id BETWEEN 7216269 AND 7216369
	Index Only Scan using sbtest3_pkey on sbtest3  (cost=0.43..10.40 rows=98 width=4)
	  Index Cond: ((id >= 7216269) AND (id <= 7216369))

table 4 : explain SELECT id FROM sbtest4 WHERE id BETWEEN 7216269 AND 7216369
	Index Only Scan using sbtest4_pkey on sbtest4  (cost=0.43..10.40 rows=98 width=4)
	  Index Cond: ((id >= 7216269) AND (id <= 7216369))

table 5 : explain SELECT id FROM sbtest5 WHERE id BETWEEN 7216269 AND 7216369
	Index Only Scan using sbtest5_pkey on sbtest5  (cost=0.43..10.54 rows=105 width=4)
	  Index Cond: ((id >= 7216269) AND (id <= 7216369))

table 6 : explain SELECT id FROM sbtest6 WHERE id BETWEEN 7216269 AND 7216369
	Index Only Scan using sbtest6_pkey on sbtest6  (cost=0.43..6.33 rows=95 width=4)
	  Index Cond: ((id >= 7216269) AND (id <= 7216369))

table 7 : explain SELECT id FROM sbtest7 WHERE id BETWEEN 7216269 AND 7216369
	Index Only Scan using sbtest7_pkey on sbtest7  (cost=0.43..10.40 rows=98 width=4)
	  Index Cond: ((id >= 7216269) AND (id <= 7216369))

table 8 : explain SELECT id FROM sbtest8 WHERE id BETWEEN 7216269 AND 7216369
	Index Only Scan using sbtest8_pkey on sbtest8  (cost=0.43..6.72 rows=114 width=4)
	  Index Cond: ((id >= 7216269) AND (id <= 7216369))

for range-covered
table 1 : explain SELECT id FROM sbtest1 WHERE id BETWEEN 5526182 AND 5526282
	Index Only Scan using sbtest1_pkey on sbtest1  (cost=0.43..10.33 rows=95 width=4)
	  Index Cond: ((id >= 5526182) AND (id <= 5526282))

table 2 : explain SELECT id FROM sbtest2 WHERE id BETWEEN 5526182 AND 5526282
	Index Only Scan using sbtest2_pkey on sbtest2  (cost=0.43..6.37 rows=97 width=4)
	  Index Cond: ((id >= 5526182) AND (id <= 5526282))

table 3 : explain SELECT id FROM sbtest3 WHERE id BETWEEN 5526182 AND 5526282
	Index Only Scan using sbtest3_pkey on sbtest3  (cost=0.43..10.56 rows=106 width=4)
	  Index Cond: ((id >= 5526182) AND (id <= 5526282))

table 4 : explain SELECT id FROM sbtest4 WHERE id BETWEEN 5526182 AND 5526282
	Index Only Scan using sbtest4_pkey on sbtest4  (cost=0.43..10.68 rows=112 width=4)
	  Index Cond: ((id >= 5526182) AND (id <= 5526282))

table 5 : explain SELECT id FROM sbtest5 WHERE id BETWEEN 5526182 AND 5526282
	Index Only Scan using sbtest5_pkey on sbtest5  (cost=0.43..10.32 rows=94 width=4)
	  Index Cond: ((id >= 5526182) AND (id <= 5526282))

table 6 : explain SELECT id FROM sbtest6 WHERE id BETWEEN 5526182 AND 5526282
	Index Only Scan using sbtest6_pkey on sbtest6  (cost=0.43..6.53 rows=105 width=4)
	  Index Cond: ((id >= 5526182) AND (id <= 5526282))

table 7 : explain SELECT id FROM sbtest7 WHERE id BETWEEN 5526182 AND 5526282
	Index Only Scan using sbtest7_pkey on sbtest7  (cost=0.43..10.44 rows=100 width=4)
	  Index Cond: ((id >= 5526182) AND (id <= 5526282))

table 8 : explain SELECT id FROM sbtest8 WHERE id BETWEEN 5526182 AND 5526282
	Index Only Scan using sbtest8_pkey on sbtest8  (cost=0.43..6.42 rows=99 width=4)
	  Index Cond: ((id >= 5526182) AND (id <= 5526282))

explain: for range-covered :: explain SELECT id FROM sbtest%d WHERE id BETWEEN 7216269 AND 7216369for range-covered
table 1 : explain SELECT id FROM sbtest1 WHERE id BETWEEN 5955113 AND 5955213
	Index Only Scan using sbtest1_pkey on sbtest1  (cost=0.43..10.46 rows=101 width=4)
	  Index Cond: ((id >= 5955113) AND (id <= 5955213))

table 2 : explain SELECT id FROM sbtest2 WHERE id BETWEEN 5955113 AND 5955213
	Index Only Scan using sbtest2_pkey on sbtest2  (cost=0.43..6.21 rows=89 width=4)
	  Index Cond: ((id >= 5955113) AND (id <= 5955213))

table 3 : explain SELECT id FROM sbtest3 WHERE id BETWEEN 5955113 AND 5955213
	Index Only Scan using sbtest3_pkey on sbtest3  (cost=0.43..10.51 rows=104 width=4)
	  Index Cond: ((id >= 5955113) AND (id <= 5955213))

table 4 : explain SELECT id FROM sbtest4 WHERE id BETWEEN 5955113 AND 5955213
	Index Only Scan using sbtest4_pkey on sbtest4  (cost=0.43..10.36 rows=96 width=4)
	  Index Cond: ((id >= 5955113) AND (id <= 5955213))

table 5 : explain SELECT id FROM sbtest5 WHERE id BETWEEN 5955113 AND 5955213
	Index Only Scan using sbtest5_pkey on sbtest5  (cost=0.43..10.51 rows=104 width=4)
	  Index Cond: ((id >= 5955113) AND (id <= 5955213))

table 6 : explain SELECT id FROM sbtest6 WHERE id BETWEEN 5955113 AND 5955213
	Index Only Scan using sbtest6_pkey on sbtest6  (cost=0.43..6.53 rows=105 width=4)
	  Index Cond: ((id >= 5955113) AND (id <= 5955213))

table 7 : explain SELECT id FROM sbtest7 WHERE id BETWEEN 5955113 AND 5955213
	Index Only Scan using sbtest7_pkey on sbtest7  (cost=0.43..10.42 rows=99 width=4)
	  Index Cond: ((id >= 5955113) AND (id <= 5955213))

table 8 : explain SELECT id FROM sbtest8 WHERE id BETWEEN 5955113 AND 5955213
	Index Only Scan using sbtest8_pkey on sbtest8  (cost=0.43..6.53 rows=105 width=4)
	  Index Cond: ((id >= 5955113) AND (id <= 5955213))


for range-covered
table 1 : explain SELECT id FROM sbtest1 WHERE id BETWEEN 376826 AND 376926
	Index Only Scan using sbtest1_pkey on sbtest1  (cost=0.43..10.44 rows=100 width=4)
	  Index Cond: ((id >= 376826) AND (id <= 376926))

table 2 : explain SELECT id FROM sbtest2 WHERE id BETWEEN 376826 AND 376926
	Index Only Scan using sbtest2_pkey on sbtest2  (cost=0.43..6.50 rows=103 width=4)
	  Index Cond: ((id >= 376826) AND (id <= 376926))

table 3 : explain SELECT id FROM sbtest3 WHERE id BETWEEN 376826 AND 376926
	Index Only Scan using sbtest3_pkey on sbtest3  (cost=0.43..10.36 rows=96 width=4)
	  Index Cond: ((id >= 376826) AND (id <= 376926))

table 4 : explain SELECT id FROM sbtest4 WHERE id BETWEEN 376826 AND 376926
	Index Only Scan using sbtest4_pkey on sbtest4  (cost=0.43..10.36 rows=96 width=4)
	  Index Cond: ((id >= 376826) AND (id <= 376926))

table 5 : explain SELECT id FROM sbtest5 WHERE id BETWEEN 376826 AND 376926
	Index Only Scan using sbtest5_pkey on sbtest5  (cost=0.43..10.36 rows=96 width=4)
	  Index Cond: ((id >= 376826) AND (id <= 376926))

table 6 : explain SELECT id FROM sbtest6 WHERE id BETWEEN 376826 AND 376926
	Index Only Scan using sbtest6_pkey on sbtest6  (cost=0.43..6.45 rows=101 width=4)
	  Index Cond: ((id >= 376826) AND (id <= 376926))

table 7 : explain SELECT id FROM sbtest7 WHERE id BETWEEN 376826 AND 376926
	Index Only Scan using sbtest7_pkey on sbtest7  (cost=0.43..10.50 rows=103 width=4)
	  Index Cond: ((id >= 376826) AND (id <= 376926))

table 8 : explain SELECT id FROM sbtest8 WHERE id BETWEEN 376826 AND 376926
	Index Only Scan using sbtest8_pkey on sbtest8  (cost=0.43..6.45 rows=101 width=4)
	  Index Cond: ((id >= 376826) AND (id <= 376926))

explain: for range-covered :: explain SELECT id FROM sbtest%d WHERE id BETWEEN 4984866 AND 4984966
explain: for range-covered :: explain SELECT id FROM sbtest%d WHERE id BETWEEN 5955113 AND 5955213
explain: for range-covered :: explain SELECT id FROM sbtest%d WHERE id BETWEEN 5526182 AND 5526282
for range-covered
table 1 : explain SELECT id FROM sbtest1 WHERE id BETWEEN 8686366 AND 8686466
	Index Only Scan using sbtest1_pkey on sbtest1  (cost=0.43..10.42 rows=99 width=4)
	  Index Cond: ((id >= 8686366) AND (id <= 8686466))

table 2 : explain SELECT id FROM sbtest2 WHERE id BETWEEN 8686366 AND 8686466
	Index Only Scan using sbtest2_pkey on sbtest2  (cost=0.43..6.35 rows=96 width=4)
	  Index Cond: ((id >= 8686366) AND (id <= 8686466))

table 3 : explain SELECT id FROM sbtest3 WHERE id BETWEEN 8686366 AND 8686466
	Index Only Scan using sbtest3_pkey on sbtest3  (cost=0.43..10.36 rows=96 width=4)
	  Index Cond: ((id >= 8686366) AND (id <= 8686466))

table 4 : explain SELECT id FROM sbtest4 WHERE id BETWEEN 8686366 AND 8686466
	Index Only Scan using sbtest4_pkey on sbtest4  (cost=0.43..10.33 rows=95 width=4)
	  Index Cond: ((id >= 8686366) AND (id <= 8686466))

table 5 : explain SELECT id FROM sbtest5 WHERE id BETWEEN 8686366 AND 8686466
	Index Only Scan using sbtest5_pkey on sbtest5  (cost=0.43..10.54 rows=105 width=4)
	  Index Cond: ((id >= 8686366) AND (id <= 8686466))

table 6 : explain SELECT id FROM sbtest6 WHERE id BETWEEN 8686366 AND 8686466
	Index Only Scan using sbtest6_pkey on sbtest6  (cost=0.43..6.32 rows=94 width=4)
	  Index Cond: ((id >= 8686366) AND (id <= 8686466))

table 7 : explain SELECT id FROM sbtest7 WHERE id BETWEEN 8686366 AND 8686466
	Index Only Scan using sbtest7_pkey on sbtest7  (cost=0.43..10.26 rows=91 width=4)
	  Index Cond: ((id >= 8686366) AND (id <= 8686466))

table 8 : explain SELECT id FROM sbtest8 WHERE id BETWEEN 8686366 AND 8686466
	Index Only Scan using sbtest8_pkey on sbtest8  (cost=0.43..6.35 rows=96 width=4)
	  Index Cond: ((id >= 8686366) AND (id <= 8686466))

explain: for range-covered :: explain SELECT id FROM sbtest%d WHERE id BETWEEN 8686366 AND 8686466
for range-covered
table 1 : explain SELECT id FROM sbtest1 WHERE id BETWEEN 1537195 AND 1537295
	Index Only Scan using sbtest1_pkey on sbtest1  (cost=0.43..10.33 rows=95 width=4)
	  Index Cond: ((id >= 1537195) AND (id <= 1537295))

table 2 : explain SELECT id FROM sbtest2 WHERE id BETWEEN 1537195 AND 1537295
	Index Only Scan using sbtest2_pkey on sbtest2  (cost=0.43..6.37 rows=97 width=4)
	  Index Cond: ((id >= 1537195) AND (id <= 1537295))

table 3 : explain SELECT id FROM sbtest3 WHERE id BETWEEN 1537195 AND 1537295
	Index Only Scan using sbtest3_pkey on sbtest3  (cost=0.43..10.54 rows=105 width=4)
	  Index Cond: ((id >= 1537195) AND (id <= 1537295))

table 4 : explain SELECT id FROM sbtest4 WHERE id BETWEEN 1537195 AND 1537295
	Index Only Scan using sbtest4_pkey on sbtest4  (cost=0.43..10.42 rows=99 width=4)
	  Index Cond: ((id >= 1537195) AND (id <= 1537295))

table 5 : explain SELECT id FROM sbtest5 WHERE id BETWEEN 1537195 AND 1537295
	Index Only Scan using sbtest5_pkey on sbtest5  (cost=0.43..10.42 rows=99 width=4)
	  Index Cond: ((id >= 1537195) AND (id <= 1537295))

table 6 : explain SELECT id FROM sbtest6 WHERE id BETWEEN 1537195 AND 1537295
	Index Only Scan using sbtest6_pkey on sbtest6  (cost=0.43..6.67 rows=112 width=4)
	  Index Cond: ((id >= 1537195) AND (id <= 1537295))

table 7 : explain SELECT id FROM sbtest7 WHERE id BETWEEN 1537195 AND 1537295
	Index Only Scan using sbtest7_pkey on sbtest7  (cost=0.43..10.70 rows=113 width=4)
	  Index Cond: ((id >= 1537195) AND (id <= 1537295))

table 8 : explain SELECT id FROM sbtest8 WHERE id BETWEEN 1537195 AND 1537295
	Index Only Scan using sbtest8_pkey on sbtest8  (cost=0.43..6.42 rows=99 width=4)
	  Index Cond: ((id >= 1537195) AND (id <= 1537295))

explain: for range-covered :: explain SELECT id FROM sbtest%d WHERE id BETWEEN 1537195 AND 1537295
for range-covered
table 1 : explain SELECT id FROM sbtest1 WHERE id BETWEEN 5955113 AND 5955213
	Index Only Scan using sbtest1_pkey on sbtest1  (cost=0.43..10.46 rows=101 width=4)
	  Index Cond: ((id >= 5955113) AND (id <= 5955213))

table 2 : explain SELECT id FROM sbtest2 WHERE id BETWEEN 5955113 AND 5955213
	Index Only Scan using sbtest2_pkey on sbtest2  (cost=0.43..6.21 rows=89 width=4)
	  Index Cond: ((id >= 5955113) AND (id <= 5955213))

table 3 : explain SELECT id FROM sbtest3 WHERE id BETWEEN 5955113 AND 5955213
	Index Only Scan using sbtest3_pkey on sbtest3  (cost=0.43..10.51 rows=104 width=4)
	  Index Cond: ((id >= 5955113) AND (id <= 5955213))

table 4 : explain SELECT id FROM sbtest4 WHERE id BETWEEN 5955113 AND 5955213
	Index Only Scan using sbtest4_pkey on sbtest4  (cost=0.43..10.36 rows=96 width=4)
	  Index Cond: ((id >= 5955113) AND (id <= 5955213))

table 5 : explain SELECT id FROM sbtest5 WHERE id BETWEEN 5955113 AND 5955213
	Index Only Scan using sbtest5_pkey on sbtest5  (cost=0.43..10.51 rows=104 width=4)
	  Index Cond: ((id >= 5955113) AND (id <= 5955213))

table 6 : explain SELECT id FROM sbtest6 WHERE id BETWEEN 5955113 AND 5955213
	Index Only Scan using sbtest6_pkey on sbtest6  (cost=0.43..6.53 rows=105 width=4)
	  Index Cond: ((id >= 5955113) AND (id <= 5955213))

table 7 : explain SELECT id FROM sbtest7 WHERE id BETWEEN 5955113 AND 5955213
	Index Only Scan using sbtest7_pkey on sbtest7  (cost=0.43..10.42 rows=99 width=4)
	  Index Cond: ((id >= 5955113) AND (id <= 5955213))

table 8 : explain SELECT id FROM sbtest8 WHERE id BETWEEN 5955113 AND 5955213
	Index Only Scan using sbtest8_pkey on sbtest8  (cost=0.43..6.53 rows=105 width=4)
	  Index Cond: ((id >= 5955113) AND (id <= 5955213))

explain: for range-covered :: explain SELECT id FROM sbtest%d WHERE id BETWEEN 5955113 AND 5955213
for range-covered
table 1 : explain SELECT id FROM sbtest1 WHERE id BETWEEN 7216269 AND 7216369
	Index Only Scan using sbtest1_pkey on sbtest1  (cost=0.43..10.50 rows=103 width=4)
	  Index Cond: ((id >= 7216269) AND (id <= 7216369))

table 2 : explain SELECT id FROM sbtest2 WHERE id BETWEEN 7216269 AND 7216369
	Index Only Scan using sbtest2_pkey on sbtest2  (cost=0.43..6.67 rows=112 width=4)
	  Index Cond: ((id >= 7216269) AND (id <= 7216369))

table 3 : explain SELECT id FROM sbtest3 WHERE id BETWEEN 7216269 AND 7216369
	Index Only Scan using sbtest3_pkey on sbtest3  (cost=0.43..10.40 rows=98 width=4)
	  Index Cond: ((id >= 7216269) AND (id <= 7216369))

table 4 : explain SELECT id FROM sbtest4 WHERE id BETWEEN 7216269 AND 7216369
	Index Only Scan using sbtest4_pkey on sbtest4  (cost=0.43..10.40 rows=98 width=4)
	  Index Cond: ((id >= 7216269) AND (id <= 7216369))

table 5 : explain SELECT id FROM sbtest5 WHERE id BETWEEN 7216269 AND 7216369
	Index Only Scan using sbtest5_pkey on sbtest5  (cost=0.43..10.54 rows=105 width=4)
	  Index Cond: ((id >= 7216269) AND (id <= 7216369))

table 6 : explain SELECT id FROM sbtest6 WHERE id BETWEEN 7216269 AND 7216369
	Index Only Scan using sbtest6_pkey on sbtest6  (cost=0.43..6.33 rows=95 width=4)
	  Index Cond: ((id >= 7216269) AND (id <= 7216369))

table 7 : explain SELECT id FROM sbtest7 WHERE id BETWEEN 7216269 AND 7216369
	Index Only Scan using sbtest7_pkey on sbtest7  (cost=0.43..10.40 rows=98 width=4)
	  Index Cond: ((id >= 7216269) AND (id <= 7216369))

table 8 : explain SELECT id FROM sbtest8 WHERE id BETWEEN 7216269 AND 7216369
	Index Only Scan using sbtest8_pkey on sbtest8  (cost=0.43..6.72 rows=114 width=4)
	  Index Cond: ((id >= 7216269) AND (id <= 7216369))

explain: for range-covered :: explain SELECT id FROM sbtest%d WHERE id BETWEEN 4303325 AND 4303425
explain: for range-covered :: explain SELECT id FROM sbtest%d WHERE id BETWEEN 7216269 AND 7216369
explain: for range-covered :: explain SELECT id FROM sbtest%d WHERE id BETWEEN 5210376 AND 5210476
for range-covered
table 1 : explain SELECT id FROM sbtest1 WHERE id BETWEEN 5000630 AND 5000730
	Index Only Scan using sbtest1_pkey on sbtest1  (cost=0.43..10.47 rows=102 width=4)
	  Index Cond: ((id >= 5000630) AND (id <= 5000730))

table 2 : explain SELECT id FROM sbtest2 WHERE id BETWEEN 5000630 AND 5000730
	Index Only Scan using sbtest2_pkey on sbtest2  (cost=0.43..6.47 rows=102 width=4)
	  Index Cond: ((id >= 5000630) AND (id <= 5000730))

table 3 : explain SELECT id FROM sbtest3 WHERE id BETWEEN 5000630 AND 5000730
	Index Only Scan using sbtest3_pkey on sbtest3  (cost=0.43..10.51 rows=104 width=4)
	  Index Cond: ((id >= 5000630) AND (id <= 5000730))

table 4 : explain SELECT id FROM sbtest4 WHERE id BETWEEN 5000630 AND 5000730
	Index Only Scan using sbtest4_pkey on sbtest4  (cost=0.43..10.51 rows=104 width=4)
	  Index Cond: ((id >= 5000630) AND (id <= 5000730))

table 5 : explain SELECT id FROM sbtest5 WHERE id BETWEEN 5000630 AND 5000730
	Index Only Scan using sbtest5_pkey on sbtest5  (cost=0.43..10.38 rows=97 width=4)
	  Index Cond: ((id >= 5000630) AND (id <= 5000730))

table 6 : explain SELECT id FROM sbtest6 WHERE id BETWEEN 5000630 AND 5000730
	Index Only Scan using sbtest6_pkey on sbtest6  (cost=0.43..6.63 rows=110 width=4)
	  Index Cond: ((id >= 5000630) AND (id <= 5000730))

table 7 : explain SELECT id FROM sbtest7 WHERE id BETWEEN 5000630 AND 5000730
	Index Only Scan using sbtest7_pkey on sbtest7  (cost=0.43..10.44 rows=100 width=4)
	  Index Cond: ((id >= 5000630) AND (id <= 5000730))

table 8 : explain SELECT id FROM sbtest8 WHERE id BETWEEN 5000630 AND 5000730
	Index Only Scan using sbtest8_pkey on sbtest8  (cost=0.43..6.53 rows=105 width=4)
	  Index Cond: ((id >= 5000630) AND (id <= 5000730))

for range-covered
table 1 : explain SELECT id FROM sbtest1 WHERE id BETWEEN 8686366 AND 8686466
	Index Only Scan using sbtest1_pkey on sbtest1  (cost=0.43..10.42 rows=99 width=4)
	  Index Cond: ((id >= 8686366) AND (id <= 8686466))

table 2 : explain SELECT id FROM sbtest2 WHERE id BETWEEN 8686366 AND 8686466
	Index Only Scan using sbtest2_pkey on sbtest2  (cost=0.43..6.35 rows=96 width=4)
	  Index Cond: ((id >= 8686366) AND (id <= 8686466))

table 3 : explain SELECT id FROM sbtest3 WHERE id BETWEEN 8686366 AND 8686466
	Index Only Scan using sbtest3_pkey on sbtest3  (cost=0.43..10.36 rows=96 width=4)
	  Index Cond: ((id >= 8686366) AND (id <= 8686466))

table 4 : explain SELECT id FROM sbtest4 WHERE id BETWEEN 8686366 AND 8686466
	Index Only Scan using sbtest4_pkey on sbtest4  (cost=0.43..10.33 rows=95 width=4)
	  Index Cond: ((id >= 8686366) AND (id <= 8686466))

table 5 : explain SELECT id FROM sbtest5 WHERE id BETWEEN 8686366 AND 8686466
	Index Only Scan using sbtest5_pkey on sbtest5  (cost=0.43..10.54 rows=105 width=4)
	  Index Cond: ((id >= 8686366) AND (id <= 8686466))

table 6 : explain SELECT id FROM sbtest6 WHERE id BETWEEN 8686366 AND 8686466
	Index Only Scan using sbtest6_pkey on sbtest6  (cost=0.43..6.32 rows=94 width=4)
	  Index Cond: ((id >= 8686366) AND (id <= 8686466))

table 7 : explain SELECT id FROM sbtest7 WHERE id BETWEEN 8686366 AND 8686466
	Index Only Scan using sbtest7_pkey on sbtest7  (cost=0.43..10.26 rows=91 width=4)
	  Index Cond: ((id >= 8686366) AND (id <= 8686466))

table 8 : explain SELECT id FROM sbtest8 WHERE id BETWEEN 8686366 AND 8686466
	Index Only Scan using sbtest8_pkey on sbtest8  (cost=0.43..6.35 rows=96 width=4)
	  Index Cond: ((id >= 8686366) AND (id <= 8686466))

explain: for range-covered :: explain SELECT id FROM sbtest%d WHERE id BETWEEN 5000630 AND 5000730
for range-covered
table 1 : explain SELECT id FROM sbtest1 WHERE id BETWEEN 1537195 AND 1537295
	Index Only Scan using sbtest1_pkey on sbtest1  (cost=0.43..10.33 rows=95 width=4)
	  Index Cond: ((id >= 1537195) AND (id <= 1537295))

table 2 : explain SELECT id FROM sbtest2 WHERE id BETWEEN 1537195 AND 1537295
	Index Only Scan using sbtest2_pkey on sbtest2  (cost=0.43..6.37 rows=97 width=4)
	  Index Cond: ((id >= 1537195) AND (id <= 1537295))

table 3 : explain SELECT id FROM sbtest3 WHERE id BETWEEN 1537195 AND 1537295
	Index Only Scan using sbtest3_pkey on sbtest3  (cost=0.43..10.54 rows=105 width=4)
	  Index Cond: ((id >= 1537195) AND (id <= 1537295))

table 4 : explain SELECT id FROM sbtest4 WHERE id BETWEEN 1537195 AND 1537295
	Index Only Scan using sbtest4_pkey on sbtest4  (cost=0.43..10.42 rows=99 width=4)
	  Index Cond: ((id >= 1537195) AND (id <= 1537295))

table 5 : explain SELECT id FROM sbtest5 WHERE id BETWEEN 1537195 AND 1537295
	Index Only Scan using sbtest5_pkey on sbtest5  (cost=0.43..10.42 rows=99 width=4)
	  Index Cond: ((id >= 1537195) AND (id <= 1537295))

table 6 : explain SELECT id FROM sbtest6 WHERE id BETWEEN 1537195 AND 1537295
	Index Only Scan using sbtest6_pkey on sbtest6  (cost=0.43..6.67 rows=112 width=4)
	  Index Cond: ((id >= 1537195) AND (id <= 1537295))

table 7 : explain SELECT id FROM sbtest7 WHERE id BETWEEN 1537195 AND 1537295
	Index Only Scan using sbtest7_pkey on sbtest7  (cost=0.43..10.70 rows=113 width=4)
	  Index Cond: ((id >= 1537195) AND (id <= 1537295))

table 8 : explain SELECT id FROM sbtest8 WHERE id BETWEEN 1537195 AND 1537295
	Index Only Scan using sbtest8_pkey on sbtest8  (cost=0.43..6.42 rows=99 width=4)
	  Index Cond: ((id >= 1537195) AND (id <= 1537295))

explain: for range-covered :: explain SELECT id FROM sbtest%d WHERE id BETWEEN 8686366 AND 8686466
explain: for range-covered :: explain SELECT id FROM sbtest%d WHERE id BETWEEN 1537195 AND 1537295
for range-covered
table 1 : explain SELECT id FROM sbtest1 WHERE id BETWEEN 4984866 AND 4984966
	Index Only Scan using sbtest1_pkey on sbtest1  (cost=0.43..10.47 rows=102 width=4)
	  Index Cond: ((id >= 4984866) AND (id <= 4984966))

table 2 : explain SELECT id FROM sbtest2 WHERE id BETWEEN 4984866 AND 4984966
	Index Only Scan using sbtest2_pkey on sbtest2  (cost=0.43..6.47 rows=102 width=4)
	  Index Cond: ((id >= 4984866) AND (id <= 4984966))

table 3 : explain SELECT id FROM sbtest3 WHERE id BETWEEN 4984866 AND 4984966
	Index Only Scan using sbtest3_pkey on sbtest3  (cost=0.43..10.51 rows=104 width=4)
	  Index Cond: ((id >= 4984866) AND (id <= 4984966))

table 4 : explain SELECT id FROM sbtest4 WHERE id BETWEEN 4984866 AND 4984966
	Index Only Scan using sbtest4_pkey on sbtest4  (cost=0.43..10.51 rows=104 width=4)
	  Index Cond: ((id >= 4984866) AND (id <= 4984966))

table 5 : explain SELECT id FROM sbtest5 WHERE id BETWEEN 4984866 AND 4984966
	Index Only Scan using sbtest5_pkey on sbtest5  (cost=0.43..10.38 rows=97 width=4)
	  Index Cond: ((id >= 4984866) AND (id <= 4984966))

table 6 : explain SELECT id FROM sbtest6 WHERE id BETWEEN 4984866 AND 4984966
	Index Only Scan using sbtest6_pkey on sbtest6  (cost=0.43..6.63 rows=110 width=4)
	  Index Cond: ((id >= 4984866) AND (id <= 4984966))

table 7 : explain SELECT id FROM sbtest7 WHERE id BETWEEN 4984866 AND 4984966
	Index Only Scan using sbtest7_pkey on sbtest7  (cost=0.43..10.44 rows=100 width=4)
	  Index Cond: ((id >= 4984866) AND (id <= 4984966))

table 8 : explain SELECT id FROM sbtest8 WHERE id BETWEEN 4984866 AND 4984966
	Index Only Scan using sbtest8_pkey on sbtest8  (cost=0.43..6.53 rows=105 width=4)
	  Index Cond: ((id >= 4984866) AND (id <= 4984966))

for range-covered
table 1 : explain SELECT id FROM sbtest1 WHERE id BETWEEN 5955113 AND 5955213
	Index Only Scan using sbtest1_pkey on sbtest1  (cost=0.43..10.46 rows=101 width=4)
	  Index Cond: ((id >= 5955113) AND (id <= 5955213))

table 2 : explain SELECT id FROM sbtest2 WHERE id BETWEEN 5955113 AND 5955213
	Index Only Scan using sbtest2_pkey on sbtest2  (cost=0.43..6.21 rows=89 width=4)
	  Index Cond: ((id >= 5955113) AND (id <= 5955213))

table 3 : explain SELECT id FROM sbtest3 WHERE id BETWEEN 5955113 AND 5955213
	Index Only Scan using sbtest3_pkey on sbtest3  (cost=0.43..10.51 rows=104 width=4)
	  Index Cond: ((id >= 5955113) AND (id <= 5955213))

table 4 : explain SELECT id FROM sbtest4 WHERE id BETWEEN 5955113 AND 5955213
	Index Only Scan using sbtest4_pkey on sbtest4  (cost=0.43..10.36 rows=96 width=4)
	  Index Cond: ((id >= 5955113) AND (id <= 5955213))

table 5 : explain SELECT id FROM sbtest5 WHERE id BETWEEN 5955113 AND 5955213
	Index Only Scan using sbtest5_pkey on sbtest5  (cost=0.43..10.51 rows=104 width=4)
	  Index Cond: ((id >= 5955113) AND (id <= 5955213))

table 6 : explain SELECT id FROM sbtest6 WHERE id BETWEEN 5955113 AND 5955213
	Index Only Scan using sbtest6_pkey on sbtest6  (cost=0.43..6.53 rows=105 width=4)
	  Index Cond: ((id >= 5955113) AND (id <= 5955213))

table 7 : explain SELECT id FROM sbtest7 WHERE id BETWEEN 5955113 AND 5955213
	Index Only Scan using sbtest7_pkey on sbtest7  (cost=0.43..10.42 rows=99 width=4)
	  Index Cond: ((id >= 5955113) AND (id <= 5955213))

table 8 : explain SELECT id FROM sbtest8 WHERE id BETWEEN 5955113 AND 5955213
	Index Only Scan using sbtest8_pkey on sbtest8  (cost=0.43..6.53 rows=105 width=4)
	  Index Cond: ((id >= 5955113) AND (id <= 5955213))

explain: for range-covered :: explain SELECT id FROM sbtest%d WHERE id BETWEEN 7615892 AND 7615992
for range-covered
table 1 : explain SELECT id FROM sbtest1 WHERE id BETWEEN 5526182 AND 5526282
	Index Only Scan using sbtest1_pkey on sbtest1  (cost=0.43..10.33 rows=95 width=4)
	  Index Cond: ((id >= 5526182) AND (id <= 5526282))

table 2 : explain SELECT id FROM sbtest2 WHERE id BETWEEN 5526182 AND 5526282
	Index Only Scan using sbtest2_pkey on sbtest2  (cost=0.43..6.37 rows=97 width=4)
	  Index Cond: ((id >= 5526182) AND (id <= 5526282))

table 3 : explain SELECT id FROM sbtest3 WHERE id BETWEEN 5526182 AND 5526282
	Index Only Scan using sbtest3_pkey on sbtest3  (cost=0.43..10.56 rows=106 width=4)
	  Index Cond: ((id >= 5526182) AND (id <= 5526282))

table 4 : explain SELECT id FROM sbtest4 WHERE id BETWEEN 5526182 AND 5526282
	Index Only Scan using sbtest4_pkey on sbtest4  (cost=0.43..10.68 rows=112 width=4)
	  Index Cond: ((id >= 5526182) AND (id <= 5526282))

table 5 : explain SELECT id FROM sbtest5 WHERE id BETWEEN 5526182 AND 5526282
	Index Only Scan using sbtest5_pkey on sbtest5  (cost=0.43..10.32 rows=94 width=4)
	  Index Cond: ((id >= 5526182) AND (id <= 5526282))

table 6 : explain SELECT id FROM sbtest6 WHERE id BETWEEN 5526182 AND 5526282
	Index Only Scan using sbtest6_pkey on sbtest6  (cost=0.43..6.53 rows=105 width=4)
	  Index Cond: ((id >= 5526182) AND (id <= 5526282))

table 7 : explain SELECT id FROM sbtest7 WHERE id BETWEEN 5526182 AND 5526282
	Index Only Scan using sbtest7_pkey on sbtest7  (cost=0.43..10.44 rows=100 width=4)
	  Index Cond: ((id >= 5526182) AND (id <= 5526282))

table 8 : explain SELECT id FROM sbtest8 WHERE id BETWEEN 5526182 AND 5526282
	Index Only Scan using sbtest8_pkey on sbtest8  (cost=0.43..6.42 rows=99 width=4)
	  Index Cond: ((id >= 5526182) AND (id <= 5526282))

for range-covered
table 1 : explain SELECT id FROM sbtest1 WHERE id BETWEEN 8686366 AND 8686466
	Index Only Scan using sbtest1_pkey on sbtest1  (cost=0.43..10.42 rows=99 width=4)
	  Index Cond: ((id >= 8686366) AND (id <= 8686466))

table 2 : explain SELECT id FROM sbtest2 WHERE id BETWEEN 8686366 AND 8686466
	Index Only Scan using sbtest2_pkey on sbtest2  (cost=0.43..6.35 rows=96 width=4)
	  Index Cond: ((id >= 8686366) AND (id <= 8686466))

table 3 : explain SELECT id FROM sbtest3 WHERE id BETWEEN 8686366 AND 8686466
	Index Only Scan using sbtest3_pkey on sbtest3  (cost=0.43..10.36 rows=96 width=4)
	  Index Cond: ((id >= 8686366) AND (id <= 8686466))

table 4 : explain SELECT id FROM sbtest4 WHERE id BETWEEN 8686366 AND 8686466
	Index Only Scan using sbtest4_pkey on sbtest4  (cost=0.43..10.33 rows=95 width=4)
	  Index Cond: ((id >= 8686366) AND (id <= 8686466))

table 5 : explain SELECT id FROM sbtest5 WHERE id BETWEEN 8686366 AND 8686466
	Index Only Scan using sbtest5_pkey on sbtest5  (cost=0.43..10.54 rows=105 width=4)
	  Index Cond: ((id >= 8686366) AND (id <= 8686466))

table 6 : explain SELECT id FROM sbtest6 WHERE id BETWEEN 8686366 AND 8686466
	Index Only Scan using sbtest6_pkey on sbtest6  (cost=0.43..6.32 rows=94 width=4)
	  Index Cond: ((id >= 8686366) AND (id <= 8686466))

table 7 : explain SELECT id FROM sbtest7 WHERE id BETWEEN 8686366 AND 8686466
	Index Only Scan using sbtest7_pkey on sbtest7  (cost=0.43..10.26 rows=91 width=4)
	  Index Cond: ((id >= 8686366) AND (id <= 8686466))

table 8 : explain SELECT id FROM sbtest8 WHERE id BETWEEN 8686366 AND 8686466
	Index Only Scan using sbtest8_pkey on sbtest8  (cost=0.43..6.35 rows=96 width=4)
	  Index Cond: ((id >= 8686366) AND (id <= 8686466))

for range-covered
table 1 : explain SELECT id FROM sbtest1 WHERE id BETWEEN 5000630 AND 5000730
	Index Only Scan using sbtest1_pkey on sbtest1  (cost=0.43..10.47 rows=102 width=4)
	  Index Cond: ((id >= 5000630) AND (id <= 5000730))

table 2 : explain SELECT id FROM sbtest2 WHERE id BETWEEN 5000630 AND 5000730
	Index Only Scan using sbtest2_pkey on sbtest2  (cost=0.43..6.47 rows=102 width=4)
	  Index Cond: ((id >= 5000630) AND (id <= 5000730))

table 3 : explain SELECT id FROM sbtest3 WHERE id BETWEEN 5000630 AND 5000730
	Index Only Scan using sbtest3_pkey on sbtest3  (cost=0.43..10.51 rows=104 width=4)
	  Index Cond: ((id >= 5000630) AND (id <= 5000730))

table 4 : explain SELECT id FROM sbtest4 WHERE id BETWEEN 5000630 AND 5000730
	Index Only Scan using sbtest4_pkey on sbtest4  (cost=0.43..10.51 rows=104 width=4)
	  Index Cond: ((id >= 5000630) AND (id <= 5000730))

table 5 : explain SELECT id FROM sbtest5 WHERE id BETWEEN 5000630 AND 5000730
	Index Only Scan using sbtest5_pkey on sbtest5  (cost=0.43..10.38 rows=97 width=4)
	  Index Cond: ((id >= 5000630) AND (id <= 5000730))

table 6 : explain SELECT id FROM sbtest6 WHERE id BETWEEN 5000630 AND 5000730
	Index Only Scan using sbtest6_pkey on sbtest6  (cost=0.43..6.63 rows=110 width=4)
	  Index Cond: ((id >= 5000630) AND (id <= 5000730))

table 7 : explain SELECT id FROM sbtest7 WHERE id BETWEEN 5000630 AND 5000730
	Index Only Scan using sbtest7_pkey on sbtest7  (cost=0.43..10.44 rows=100 width=4)
	  Index Cond: ((id >= 5000630) AND (id <= 5000730))

table 8 : explain SELECT id FROM sbtest8 WHERE id BETWEEN 5000630 AND 5000730
	Index Only Scan using sbtest8_pkey on sbtest8  (cost=0.43..6.53 rows=105 width=4)
	  Index Cond: ((id >= 5000630) AND (id <= 5000730))

for range-covered
table 1 : explain SELECT id FROM sbtest1 WHERE id BETWEEN 1537195 AND 1537295
	Index Only Scan using sbtest1_pkey on sbtest1  (cost=0.43..10.33 rows=95 width=4)
	  Index Cond: ((id >= 1537195) AND (id <= 1537295))

table 2 : explain SELECT id FROM sbtest2 WHERE id BETWEEN 1537195 AND 1537295
	Index Only Scan using sbtest2_pkey on sbtest2  (cost=0.43..6.37 rows=97 width=4)
	  Index Cond: ((id >= 1537195) AND (id <= 1537295))

table 3 : explain SELECT id FROM sbtest3 WHERE id BETWEEN 1537195 AND 1537295
	Index Only Scan using sbtest3_pkey on sbtest3  (cost=0.43..10.54 rows=105 width=4)
	  Index Cond: ((id >= 1537195) AND (id <= 1537295))

table 4 : explain SELECT id FROM sbtest4 WHERE id BETWEEN 1537195 AND 1537295
	Index Only Scan using sbtest4_pkey on sbtest4  (cost=0.43..10.42 rows=99 width=4)
	  Index Cond: ((id >= 1537195) AND (id <= 1537295))

table 5 : explain SELECT id FROM sbtest5 WHERE id BETWEEN 1537195 AND 1537295
	Index Only Scan using sbtest5_pkey on sbtest5  (cost=0.43..10.42 rows=99 width=4)
	  Index Cond: ((id >= 1537195) AND (id <= 1537295))

table 6 : explain SELECT id FROM sbtest6 WHERE id BETWEEN 1537195 AND 1537295
	Index Only Scan using sbtest6_pkey on sbtest6  (cost=0.43..6.67 rows=112 width=4)
	  Index Cond: ((id >= 1537195) AND (id <= 1537295))

table 7 : explain SELECT id FROM sbtest7 WHERE id BETWEEN 1537195 AND 1537295
	Index Only Scan using sbtest7_pkey on sbtest7  (cost=0.43..10.70 rows=113 width=4)
	  Index Cond: ((id >= 1537195) AND (id <= 1537295))

table 8 : explain SELECT id FROM sbtest8 WHERE id BETWEEN 1537195 AND 1537295
	Index Only Scan using sbtest8_pkey on sbtest8  (cost=0.43..6.42 rows=99 width=4)
	  Index Cond: ((id >= 1537195) AND (id <= 1537295))

explain: for range-covered :: explain SELECT id FROM sbtest%d WHERE id BETWEEN 8686366 AND 8686466
explain: for range-covered :: explain SELECT id FROM sbtest%d WHERE id BETWEEN 5000630 AND 5000730
explain: for range-covered :: explain SELECT id FROM sbtest%d WHERE id BETWEEN 1537195 AND 1537295
for range-covered
table 1 : explain SELECT id FROM sbtest1 WHERE id BETWEEN 7216269 AND 7216369
	Index Only Scan using sbtest1_pkey on sbtest1  (cost=0.43..10.50 rows=103 width=4)
	  Index Cond: ((id >= 7216269) AND (id <= 7216369))

table 2 : explain SELECT id FROM sbtest2 WHERE id BETWEEN 7216269 AND 7216369
	Index Only Scan using sbtest2_pkey on sbtest2  (cost=0.43..6.67 rows=112 width=4)
	  Index Cond: ((id >= 7216269) AND (id <= 7216369))

table 3 : explain SELECT id FROM sbtest3 WHERE id BETWEEN 7216269 AND 7216369
	Index Only Scan using sbtest3_pkey on sbtest3  (cost=0.43..10.40 rows=98 width=4)
	  Index Cond: ((id >= 7216269) AND (id <= 7216369))

table 4 : explain SELECT id FROM sbtest4 WHERE id BETWEEN 7216269 AND 7216369
	Index Only Scan using sbtest4_pkey on sbtest4  (cost=0.43..10.40 rows=98 width=4)
	  Index Cond: ((id >= 7216269) AND (id <= 7216369))

table 5 : explain SELECT id FROM sbtest5 WHERE id BETWEEN 7216269 AND 7216369
	Index Only Scan using sbtest5_pkey on sbtest5  (cost=0.43..10.54 rows=105 width=4)
	  Index Cond: ((id >= 7216269) AND (id <= 7216369))

table 6 : explain SELECT id FROM sbtest6 WHERE id BETWEEN 7216269 AND 7216369
	Index Only Scan using sbtest6_pkey on sbtest6  (cost=0.43..6.33 rows=95 width=4)
	  Index Cond: ((id >= 7216269) AND (id <= 7216369))

table 7 : explain SELECT id FROM sbtest7 WHERE id BETWEEN 7216269 AND 7216369
	Index Only Scan using sbtest7_pkey on sbtest7  (cost=0.43..10.40 rows=98 width=4)
	  Index Cond: ((id >= 7216269) AND (id <= 7216369))

table 8 : explain SELECT id FROM sbtest8 WHERE id BETWEEN 7216269 AND 7216369
	Index Only Scan using sbtest8_pkey on sbtest8  (cost=0.43..6.72 rows=114 width=4)
	  Index Cond: ((id >= 7216269) AND (id <= 7216369))

explain: for range-covered :: explain SELECT id FROM sbtest%d WHERE id BETWEEN 7216269 AND 7216369for range-covered
table 1 : explain SELECT id FROM sbtest1 WHERE id BETWEEN 5000630 AND 5000730
	Index Only Scan using sbtest1_pkey on sbtest1  (cost=0.43..10.47 rows=102 width=4)
	  Index Cond: ((id >= 5000630) AND (id <= 5000730))

table 2 : explain SELECT id FROM sbtest2 WHERE id BETWEEN 5000630 AND 5000730
	Index Only Scan using sbtest2_pkey on sbtest2  (cost=0.43..6.47 rows=102 width=4)
	  Index Cond: ((id >= 5000630) AND (id <= 5000730))

table 3 : explain SELECT id FROM sbtest3 WHERE id BETWEEN 5000630 AND 5000730
	Index Only Scan using sbtest3_pkey on sbtest3  (cost=0.43..10.51 rows=104 width=4)
	  Index Cond: ((id >= 5000630) AND (id <= 5000730))

table 4 : explain SELECT id FROM sbtest4 WHERE id BETWEEN 5000630 AND 5000730
	Index Only Scan using sbtest4_pkey on sbtest4  (cost=0.43..10.51 rows=104 width=4)
	  Index Cond: ((id >= 5000630) AND (id <= 5000730))

table 5 : explain SELECT id FROM sbtest5 WHERE id BETWEEN 5000630 AND 5000730
	Index Only Scan using sbtest5_pkey on sbtest5  (cost=0.43..10.38 rows=97 width=4)
	  Index Cond: ((id >= 5000630) AND (id <= 5000730))

table 6 : explain SELECT id FROM sbtest6 WHERE id BETWEEN 5000630 AND 5000730
	Index Only Scan using sbtest6_pkey on sbtest6  (cost=0.43..6.63 rows=110 width=4)
	  Index Cond: ((id >= 5000630) AND (id <= 5000730))

table 7 : explain SELECT id FROM sbtest7 WHERE id BETWEEN 5000630 AND 5000730
	Index Only Scan using sbtest7_pkey on sbtest7  (cost=0.43..10.44 rows=100 width=4)
	  Index Cond: ((id >= 5000630) AND (id <= 5000730))

table 8 : explain SELECT id FROM sbtest8 WHERE id BETWEEN 5000630 AND 5000730
	Index Only Scan using sbtest8_pkey on sbtest8  (cost=0.43..6.53 rows=105 width=4)
	  Index Cond: ((id >= 5000630) AND (id <= 5000730))


for range-covered
table 1 : explain SELECT id FROM sbtest1 WHERE id BETWEEN 8686366 AND 8686466
	Index Only Scan using sbtest1_pkey on sbtest1  (cost=0.43..10.42 rows=99 width=4)
	  Index Cond: ((id >= 8686366) AND (id <= 8686466))

table 2 : explain SELECT id FROM sbtest2 WHERE id BETWEEN 8686366 AND 8686466
	Index Only Scan using sbtest2_pkey on sbtest2  (cost=0.43..6.35 rows=96 width=4)
	  Index Cond: ((id >= 8686366) AND (id <= 8686466))

table 3 : explain SELECT id FROM sbtest3 WHERE id BETWEEN 8686366 AND 8686466
	Index Only Scan using sbtest3_pkey on sbtest3  (cost=0.43..10.36 rows=96 width=4)
	  Index Cond: ((id >= 8686366) AND (id <= 8686466))

table 4 : explain SELECT id FROM sbtest4 WHERE id BETWEEN 8686366 AND 8686466
	Index Only Scan using sbtest4_pkey on sbtest4  (cost=0.43..10.33 rows=95 width=4)
	  Index Cond: ((id >= 8686366) AND (id <= 8686466))

table 5 : explain SELECT id FROM sbtest5 WHERE id BETWEEN 8686366 AND 8686466
	Index Only Scan using sbtest5_pkey on sbtest5  (cost=0.43..10.54 rows=105 width=4)
	  Index Cond: ((id >= 8686366) AND (id <= 8686466))

table 6 : explain SELECT id FROM sbtest6 WHERE id BETWEEN 8686366 AND 8686466
	Index Only Scan using sbtest6_pkey on sbtest6  (cost=0.43..6.32 rows=94 width=4)
	  Index Cond: ((id >= 8686366) AND (id <= 8686466))

table 7 : explain SELECT id FROM sbtest7 WHERE id BETWEEN 8686366 AND 8686466
	Index Only Scan using sbtest7_pkey on sbtest7  (cost=0.43..10.26 rows=91 width=4)
	  Index Cond: ((id >= 8686366) AND (id <= 8686466))

table 8 : explain SELECT id FROM sbtest8 WHERE id BETWEEN 8686366 AND 8686466
	Index Only Scan using sbtest8_pkey on sbtest8  (cost=0.43..6.35 rows=96 width=4)
	  Index Cond: ((id >= 8686366) AND (id <= 8686466))

explain: for range-covered :: explain SELECT id FROM sbtest%d WHERE id BETWEEN 5458400 AND 5458500
explain: for range-covered :: explain SELECT id FROM sbtest%d WHERE id BETWEEN 8686366 AND 8686466
explain: for range-covered :: explain SELECT id FROM sbtest%d WHERE id BETWEEN 5000630 AND 5000730
for range-covered
table 1 : explain SELECT id FROM sbtest1 WHERE id BETWEEN 6560356 AND 6560456
	Index Only Scan using sbtest1_pkey on sbtest1  (cost=0.43..10.65 rows=111 width=4)
	  Index Cond: ((id >= 6560356) AND (id <= 6560456))

table 2 : explain SELECT id FROM sbtest2 WHERE id BETWEEN 6560356 AND 6560456
	Index Only Scan using sbtest2_pkey on sbtest2  (cost=0.43..6.58 rows=107 width=4)
	  Index Cond: ((id >= 6560356) AND (id <= 6560456))

table 3 : explain SELECT id FROM sbtest3 WHERE id BETWEEN 6560356 AND 6560456
	Index Only Scan using sbtest3_pkey on sbtest3  (cost=0.43..10.62 rows=109 width=4)
	  Index Cond: ((id >= 6560356) AND (id <= 6560456))

table 4 : explain SELECT id FROM sbtest4 WHERE id BETWEEN 6560356 AND 6560456
	Index Only Scan using sbtest4_pkey on sbtest4  (cost=0.43..10.32 rows=94 width=4)
	  Index Cond: ((id >= 6560356) AND (id <= 6560456))

table 5 : explain SELECT id FROM sbtest5 WHERE id BETWEEN 6560356 AND 6560456
	Index Only Scan using sbtest5_pkey on sbtest5  (cost=0.43..10.56 rows=106 width=4)
	  Index Cond: ((id >= 6560356) AND (id <= 6560456))

table 6 : explain SELECT id FROM sbtest6 WHERE id BETWEEN 6560356 AND 6560456
	Index Only Scan using sbtest6_pkey on sbtest6  (cost=0.43..6.51 rows=104 width=4)
	  Index Cond: ((id >= 6560356) AND (id <= 6560456))

table 7 : explain SELECT id FROM sbtest7 WHERE id BETWEEN 6560356 AND 6560456
	Index Only Scan using sbtest7_pkey on sbtest7  (cost=0.43..10.38 rows=97 width=4)
	  Index Cond: ((id >= 6560356) AND (id <= 6560456))

table 8 : explain SELECT id FROM sbtest8 WHERE id BETWEEN 6560356 AND 6560456
	Index Only Scan using sbtest8_pkey on sbtest8  (cost=0.43..6.47 rows=102 width=4)
	  Index Cond: ((id >= 6560356) AND (id <= 6560456))

explain: for range-covered :: explain SELECT id FROM sbtest%d WHERE id BETWEEN 6560356 AND 6560456
for range-covered
table 1 : explain SELECT id FROM sbtest1 WHERE id BETWEEN 1537195 AND 1537295
	Index Only Scan using sbtest1_pkey on sbtest1  (cost=0.43..10.33 rows=95 width=4)
	  Index Cond: ((id >= 1537195) AND (id <= 1537295))

table 2 : explain SELECT id FROM sbtest2 WHERE id BETWEEN 1537195 AND 1537295
	Index Only Scan using sbtest2_pkey on sbtest2  (cost=0.43..6.37 rows=97 width=4)
	  Index Cond: ((id >= 1537195) AND (id <= 1537295))

table 3 : explain SELECT id FROM sbtest3 WHERE id BETWEEN 1537195 AND 1537295
	Index Only Scan using sbtest3_pkey on sbtest3  (cost=0.43..10.54 rows=105 width=4)
	  Index Cond: ((id >= 1537195) AND (id <= 1537295))

table 4 : explain SELECT id FROM sbtest4 WHERE id BETWEEN 1537195 AND 1537295
	Index Only Scan using sbtest4_pkey on sbtest4  (cost=0.43..10.42 rows=99 width=4)
	  Index Cond: ((id >= 1537195) AND (id <= 1537295))

table 5 : explain SELECT id FROM sbtest5 WHERE id BETWEEN 1537195 AND 1537295
	Index Only Scan using sbtest5_pkey on sbtest5  (cost=0.43..10.42 rows=99 width=4)
	  Index Cond: ((id >= 1537195) AND (id <= 1537295))

table 6 : explain SELECT id FROM sbtest6 WHERE id BETWEEN 1537195 AND 1537295
	Index Only Scan using sbtest6_pkey on sbtest6  (cost=0.43..6.67 rows=112 width=4)
	  Index Cond: ((id >= 1537195) AND (id <= 1537295))

table 7 : explain SELECT id FROM sbtest7 WHERE id BETWEEN 1537195 AND 1537295
	Index Only Scan using sbtest7_pkey on sbtest7  (cost=0.43..10.70 rows=113 width=4)
	  Index Cond: ((id >= 1537195) AND (id <= 1537295))

table 8 : explain SELECT id FROM sbtest8 WHERE id BETWEEN 1537195 AND 1537295
	Index Only Scan using sbtest8_pkey on sbtest8  (cost=0.43..6.42 rows=99 width=4)
	  Index Cond: ((id >= 1537195) AND (id <= 1537295))

explain: for range-covered :: explain SELECT id FROM sbtest%d WHERE id BETWEEN 1537195 AND 1537295
explain: for range-covered :: explain SELECT id FROM sbtest%d WHERE id BETWEEN 7568870 AND 7568970
for range-covered
table 1 : explain SELECT id FROM sbtest1 WHERE id BETWEEN 5210376 AND 5210476
	Index Only Scan using sbtest1_pkey on sbtest1  (cost=0.43..10.29 rows=93 width=4)
	  Index Cond: ((id >= 5210376) AND (id <= 5210476))

table 2 : explain SELECT id FROM sbtest2 WHERE id BETWEEN 5210376 AND 5210476
	Index Only Scan using sbtest2_pkey on sbtest2  (cost=0.43..6.61 rows=109 width=4)
	  Index Cond: ((id >= 5210376) AND (id <= 5210476))

table 3 : explain SELECT id FROM sbtest3 WHERE id BETWEEN 5210376 AND 5210476
	Index Only Scan using sbtest3_pkey on sbtest3  (cost=0.43..10.51 rows=104 width=4)
	  Index Cond: ((id >= 5210376) AND (id <= 5210476))

table 4 : explain SELECT id FROM sbtest4 WHERE id BETWEEN 5210376 AND 5210476
	Index Only Scan using sbtest4_pkey on sbtest4  (cost=0.43..10.50 rows=103 width=4)
	  Index Cond: ((id >= 5210376) AND (id <= 5210476))

table 5 : explain SELECT id FROM sbtest5 WHERE id BETWEEN 5210376 AND 5210476
	Index Only Scan using sbtest5_pkey on sbtest5  (cost=0.43..10.22 rows=89 width=4)
	  Index Cond: ((id >= 5210376) AND (id <= 5210476))

table 6 : explain SELECT id FROM sbtest6 WHERE id BETWEEN 5210376 AND 5210476
	Index Only Scan using sbtest6_pkey on sbtest6  (cost=0.43..6.40 rows=98 width=4)
	  Index Cond: ((id >= 5210376) AND (id <= 5210476))

table 7 : explain SELECT id FROM sbtest7 WHERE id BETWEEN 5210376 AND 5210476
	Index Only Scan using sbtest7_pkey on sbtest7  (cost=0.43..10.33 rows=95 width=4)
	  Index Cond: ((id >= 5210376) AND (id <= 5210476))

table 8 : explain SELECT id FROM sbtest8 WHERE id BETWEEN 5210376 AND 5210476
	Index Only Scan using sbtest8_pkey on sbtest8  (cost=0.43..6.67 rows=112 width=4)
	  Index Cond: ((id >= 5210376) AND (id <= 5210476))

for range-covered
table 1 : explain SELECT id FROM sbtest1 WHERE id BETWEEN 8686366 AND 8686466
	Index Only Scan using sbtest1_pkey on sbtest1  (cost=0.43..10.42 rows=99 width=4)
	  Index Cond: ((id >= 8686366) AND (id <= 8686466))

table 2 : explain SELECT id FROM sbtest2 WHERE id BETWEEN 8686366 AND 8686466
	Index Only Scan using sbtest2_pkey on sbtest2  (cost=0.43..6.35 rows=96 width=4)
	  Index Cond: ((id >= 8686366) AND (id <= 8686466))

table 3 : explain SELECT id FROM sbtest3 WHERE id BETWEEN 8686366 AND 8686466
	Index Only Scan using sbtest3_pkey on sbtest3  (cost=0.43..10.36 rows=96 width=4)
	  Index Cond: ((id >= 8686366) AND (id <= 8686466))

table 4 : explain SELECT id FROM sbtest4 WHERE id BETWEEN 8686366 AND 8686466
	Index Only Scan using sbtest4_pkey on sbtest4  (cost=0.43..10.33 rows=95 width=4)
	  Index Cond: ((id >= 8686366) AND (id <= 8686466))

table 5 : explain SELECT id FROM sbtest5 WHERE id BETWEEN 8686366 AND 8686466
	Index Only Scan using sbtest5_pkey on sbtest5  (cost=0.43..10.54 rows=105 width=4)
	  Index Cond: ((id >= 8686366) AND (id <= 8686466))

table 6 : explain SELECT id FROM sbtest6 WHERE id BETWEEN 8686366 AND 8686466
	Index Only Scan using sbtest6_pkey on sbtest6  (cost=0.43..6.32 rows=94 width=4)
	  Index Cond: ((id >= 8686366) AND (id <= 8686466))

table 7 : explain SELECT id FROM sbtest7 WHERE id BETWEEN 8686366 AND 8686466
	Index Only Scan using sbtest7_pkey on sbtest7  (cost=0.43..10.26 rows=91 width=4)
	  Index Cond: ((id >= 8686366) AND (id <= 8686466))

table 8 : explain SELECT id FROM sbtest8 WHERE id BETWEEN 8686366 AND 8686466
	Index Only Scan using sbtest8_pkey on sbtest8  (cost=0.43..6.35 rows=96 width=4)
	  Index Cond: ((id >= 8686366) AND (id <= 8686466))

explain: for range-covered :: explain SELECT id FROM sbtest%d WHERE id BETWEEN 5210376 AND 5210476
explain: for range-covered :: explain SELECT id FROM sbtest%d WHERE id BETWEEN 8686366 AND 8686466
explain: for range-covered :: explain SELECT id FROM sbtest%d WHERE id BETWEEN 6171607 AND 6171707
for range-covered
table 1 : explain SELECT id FROM sbtest1 WHERE id BETWEEN 6560356 AND 6560456
	Index Only Scan using sbtest1_pkey on sbtest1  (cost=0.43..10.65 rows=111 width=4)
	  Index Cond: ((id >= 6560356) AND (id <= 6560456))

table 2 : explain SELECT id FROM sbtest2 WHERE id BETWEEN 6560356 AND 6560456
	Index Only Scan using sbtest2_pkey on sbtest2  (cost=0.43..6.58 rows=107 width=4)
	  Index Cond: ((id >= 6560356) AND (id <= 6560456))

table 3 : explain SELECT id FROM sbtest3 WHERE id BETWEEN 6560356 AND 6560456
	Index Only Scan using sbtest3_pkey on sbtest3  (cost=0.43..10.62 rows=109 width=4)
	  Index Cond: ((id >= 6560356) AND (id <= 6560456))

table 4 : explain SELECT id FROM sbtest4 WHERE id BETWEEN 6560356 AND 6560456
	Index Only Scan using sbtest4_pkey on sbtest4  (cost=0.43..10.32 rows=94 width=4)
	  Index Cond: ((id >= 6560356) AND (id <= 6560456))

table 5 : explain SELECT id FROM sbtest5 WHERE id BETWEEN 6560356 AND 6560456
	Index Only Scan using sbtest5_pkey on sbtest5  (cost=0.43..10.56 rows=106 width=4)
	  Index Cond: ((id >= 6560356) AND (id <= 6560456))

table 6 : explain SELECT id FROM sbtest6 WHERE id BETWEEN 6560356 AND 6560456
	Index Only Scan using sbtest6_pkey on sbtest6  (cost=0.43..6.51 rows=104 width=4)
	  Index Cond: ((id >= 6560356) AND (id <= 6560456))

table 7 : explain SELECT id FROM sbtest7 WHERE id BETWEEN 6560356 AND 6560456
	Index Only Scan using sbtest7_pkey on sbtest7  (cost=0.43..10.38 rows=97 width=4)
	  Index Cond: ((id >= 6560356) AND (id <= 6560456))

table 8 : explain SELECT id FROM sbtest8 WHERE id BETWEEN 6560356 AND 6560456
	Index Only Scan using sbtest8_pkey on sbtest8  (cost=0.43..6.47 rows=102 width=4)
	  Index Cond: ((id >= 6560356) AND (id <= 6560456))

explain: for range-covered :: explain SELECT id FROM sbtest%d WHERE id BETWEEN 6560356 AND 6560456
for range-covered
table 1 : explain SELECT id FROM sbtest1 WHERE id BETWEEN 7216269 AND 7216369
	Index Only Scan using sbtest1_pkey on sbtest1  (cost=0.43..10.50 rows=103 width=4)
	  Index Cond: ((id >= 7216269) AND (id <= 7216369))

table 2 : explain SELECT id FROM sbtest2 WHERE id BETWEEN 7216269 AND 7216369
	Index Only Scan using sbtest2_pkey on sbtest2  (cost=0.43..6.67 rows=112 width=4)
	  Index Cond: ((id >= 7216269) AND (id <= 7216369))

table 3 : explain SELECT id FROM sbtest3 WHERE id BETWEEN 7216269 AND 7216369
	Index Only Scan using sbtest3_pkey on sbtest3  (cost=0.43..10.40 rows=98 width=4)
	  Index Cond: ((id >= 7216269) AND (id <= 7216369))

table 4 : explain SELECT id FROM sbtest4 WHERE id BETWEEN 7216269 AND 7216369
	Index Only Scan using sbtest4_pkey on sbtest4  (cost=0.43..10.40 rows=98 width=4)
	  Index Cond: ((id >= 7216269) AND (id <= 7216369))

table 5 : explain SELECT id FROM sbtest5 WHERE id BETWEEN 7216269 AND 7216369
	Index Only Scan using sbtest5_pkey on sbtest5  (cost=0.43..10.54 rows=105 width=4)
	  Index Cond: ((id >= 7216269) AND (id <= 7216369))

table 6 : explain SELECT id FROM sbtest6 WHERE id BETWEEN 7216269 AND 7216369
	Index Only Scan using sbtest6_pkey on sbtest6  (cost=0.43..6.33 rows=95 width=4)
	  Index Cond: ((id >= 7216269) AND (id <= 7216369))

table 7 : explain SELECT id FROM sbtest7 WHERE id BETWEEN 7216269 AND 7216369
	Index Only Scan using sbtest7_pkey on sbtest7  (cost=0.43..10.40 rows=98 width=4)
	  Index Cond: ((id >= 7216269) AND (id <= 7216369))

table 8 : explain SELECT id FROM sbtest8 WHERE id BETWEEN 7216269 AND 7216369
	Index Only Scan using sbtest8_pkey on sbtest8  (cost=0.43..6.72 rows=114 width=4)
	  Index Cond: ((id >= 7216269) AND (id <= 7216369))

explain: for range-covered :: explain SELECT id FROM sbtest%d WHERE id BETWEEN 7216269 AND 7216369
for range-covered
table 1 : explain SELECT id FROM sbtest1 WHERE id BETWEEN 7615892 AND 7615992
	Index Only Scan using sbtest1_pkey on sbtest1  (cost=0.43..10.26 rows=91 width=4)
	  Index Cond: ((id >= 7615892) AND (id <= 7615992))

table 2 : explain SELECT id FROM sbtest2 WHERE id BETWEEN 7615892 AND 7615992
	Index Only Scan using sbtest2_pkey on sbtest2  (cost=0.43..6.50 rows=103 width=4)
	  Index Cond: ((id >= 7615892) AND (id <= 7615992))

table 3 : explain SELECT id FROM sbtest3 WHERE id BETWEEN 7615892 AND 7615992
	Index Only Scan using sbtest3_pkey on sbtest3  (cost=0.43..10.28 rows=92 width=4)
	  Index Cond: ((id >= 7615892) AND (id <= 7615992))

table 4 : explain SELECT id FROM sbtest4 WHERE id BETWEEN 7615892 AND 7615992
	Index Only Scan using sbtest4_pkey on sbtest4  (cost=0.43..10.58 rows=107 width=4)
	  Index Cond: ((id >= 7615892) AND (id <= 7615992))

table 5 : explain SELECT id FROM sbtest5 WHERE id BETWEEN 7615892 AND 7615992
	Index Only Scan using sbtest5_pkey on sbtest5  (cost=0.43..10.40 rows=98 width=4)
	  Index Cond: ((id >= 7615892) AND (id <= 7615992))

table 6 : explain SELECT id FROM sbtest6 WHERE id BETWEEN 7615892 AND 7615992
	Index Only Scan using sbtest6_pkey on sbtest6  (cost=0.43..6.43 rows=100 width=4)
	  Index Cond: ((id >= 7615892) AND (id <= 7615992))

table 7 : explain SELECT id FROM sbtest7 WHERE id BETWEEN 7615892 AND 7615992
	Index Only Scan using sbtest7_pkey on sbtest7  (cost=0.43..10.60 rows=108 width=4)
	  Index Cond: ((id >= 7615892) AND (id <= 7615992))

table 8 : explain SELECT id FROM sbtest8 WHERE id BETWEEN 7615892 AND 7615992
	Index Only Scan using sbtest8_pkey on sbtest8  (cost=0.43..6.42 rows=99 width=4)
	  Index Cond: ((id >= 7615892) AND (id <= 7615992))

explain: for range-covered :: explain SELECT id FROM sbtest%d WHERE id BETWEEN 7615892 AND 7615992
for range-covered
table 1 : explain SELECT id FROM sbtest1 WHERE id BETWEEN 5210376 AND 5210476
	Index Only Scan using sbtest1_pkey on sbtest1  (cost=0.43..10.29 rows=93 width=4)
	  Index Cond: ((id >= 5210376) AND (id <= 5210476))

table 2 : explain SELECT id FROM sbtest2 WHERE id BETWEEN 5210376 AND 5210476
	Index Only Scan using sbtest2_pkey on sbtest2  (cost=0.43..6.61 rows=109 width=4)
	  Index Cond: ((id >= 5210376) AND (id <= 5210476))

table 3 : explain SELECT id FROM sbtest3 WHERE id BETWEEN 5210376 AND 5210476
	Index Only Scan using sbtest3_pkey on sbtest3  (cost=0.43..10.51 rows=104 width=4)
	  Index Cond: ((id >= 5210376) AND (id <= 5210476))

table 4 : explain SELECT id FROM sbtest4 WHERE id BETWEEN 5210376 AND 5210476
	Index Only Scan using sbtest4_pkey on sbtest4  (cost=0.43..10.50 rows=103 width=4)
	  Index Cond: ((id >= 5210376) AND (id <= 5210476))

table 5 : explain SELECT id FROM sbtest5 WHERE id BETWEEN 5210376 AND 5210476
	Index Only Scan using sbtest5_pkey on sbtest5  (cost=0.43..10.22 rows=89 width=4)
	  Index Cond: ((id >= 5210376) AND (id <= 5210476))

table 6 : explain SELECT id FROM sbtest6 WHERE id BETWEEN 5210376 AND 5210476
	Index Only Scan using sbtest6_pkey on sbtest6  (cost=0.43..6.40 rows=98 width=4)
	  Index Cond: ((id >= 5210376) AND (id <= 5210476))

table 7 : explain SELECT id FROM sbtest7 WHERE id BETWEEN 5210376 AND 5210476
	Index Only Scan using sbtest7_pkey on sbtest7  (cost=0.43..10.33 rows=95 width=4)
	  Index Cond: ((id >= 5210376) AND (id <= 5210476))

table 8 : explain SELECT id FROM sbtest8 WHERE id BETWEEN 5210376 AND 5210476
	Index Only Scan using sbtest8_pkey on sbtest8  (cost=0.43..6.67 rows=112 width=4)
	  Index Cond: ((id >= 5210376) AND (id <= 5210476))

for range-covered
table 1 : explain SELECT id FROM sbtest1 WHERE id BETWEEN 8686366 AND 8686466
	Index Only Scan using sbtest1_pkey on sbtest1  (cost=0.43..10.42 rows=99 width=4)
	  Index Cond: ((id >= 8686366) AND (id <= 8686466))

table 2 : explain SELECT id FROM sbtest2 WHERE id BETWEEN 8686366 AND 8686466
	Index Only Scan using sbtest2_pkey on sbtest2  (cost=0.43..6.35 rows=96 width=4)
	  Index Cond: ((id >= 8686366) AND (id <= 8686466))

table 3 : explain SELECT id FROM sbtest3 WHERE id BETWEEN 8686366 AND 8686466
	Index Only Scan using sbtest3_pkey on sbtest3  (cost=0.43..10.36 rows=96 width=4)
	  Index Cond: ((id >= 8686366) AND (id <= 8686466))

table 4 : explain SELECT id FROM sbtest4 WHERE id BETWEEN 8686366 AND 8686466
	Index Only Scan using sbtest4_pkey on sbtest4  (cost=0.43..10.33 rows=95 width=4)
	  Index Cond: ((id >= 8686366) AND (id <= 8686466))

table 5 : explain SELECT id FROM sbtest5 WHERE id BETWEEN 8686366 AND 8686466
	Index Only Scan using sbtest5_pkey on sbtest5  (cost=0.43..10.54 rows=105 width=4)
	  Index Cond: ((id >= 8686366) AND (id <= 8686466))

table 6 : explain SELECT id FROM sbtest6 WHERE id BETWEEN 8686366 AND 8686466
	Index Only Scan using sbtest6_pkey on sbtest6  (cost=0.43..6.32 rows=94 width=4)
	  Index Cond: ((id >= 8686366) AND (id <= 8686466))

table 7 : explain SELECT id FROM sbtest7 WHERE id BETWEEN 8686366 AND 8686466
	Index Only Scan using sbtest7_pkey on sbtest7  (cost=0.43..10.26 rows=91 width=4)
	  Index Cond: ((id >= 8686366) AND (id <= 8686466))

table 8 : explain SELECT id FROM sbtest8 WHERE id BETWEEN 8686366 AND 8686466
	Index Only Scan using sbtest8_pkey on sbtest8  (cost=0.43..6.35 rows=96 width=4)
	  Index Cond: ((id >= 8686366) AND (id <= 8686466))

explain: for range-covered :: explain SELECT id FROM sbtest%d WHERE id BETWEEN 5210376 AND 5210476
explain: for range-covered :: explain SELECT id FROM sbtest%d WHERE id BETWEEN 8686366 AND 8686466
explain: for range-covered :: explain SELECT id FROM sbtest%d WHERE id BETWEEN 3230977 AND 3231077
for range-covered
table 1 : explain SELECT id FROM sbtest1 WHERE id BETWEEN 7615892 AND 7615992
	Index Only Scan using sbtest1_pkey on sbtest1  (cost=0.43..10.26 rows=91 width=4)
	  Index Cond: ((id >= 7615892) AND (id <= 7615992))

table 2 : explain SELECT id FROM sbtest2 WHERE id BETWEEN 7615892 AND 7615992
	Index Only Scan using sbtest2_pkey on sbtest2  (cost=0.43..6.50 rows=103 width=4)
	  Index Cond: ((id >= 7615892) AND (id <= 7615992))

table 3 : explain SELECT id FROM sbtest3 WHERE id BETWEEN 7615892 AND 7615992
	Index Only Scan using sbtest3_pkey on sbtest3  (cost=0.43..10.28 rows=92 width=4)
	  Index Cond: ((id >= 7615892) AND (id <= 7615992))

table 4 : explain SELECT id FROM sbtest4 WHERE id BETWEEN 7615892 AND 7615992
	Index Only Scan using sbtest4_pkey on sbtest4  (cost=0.43..10.58 rows=107 width=4)
	  Index Cond: ((id >= 7615892) AND (id <= 7615992))

table 5 : explain SELECT id FROM sbtest5 WHERE id BETWEEN 7615892 AND 7615992
	Index Only Scan using sbtest5_pkey on sbtest5  (cost=0.43..10.40 rows=98 width=4)
	  Index Cond: ((id >= 7615892) AND (id <= 7615992))

table 6 : explain SELECT id FROM sbtest6 WHERE id BETWEEN 7615892 AND 7615992
	Index Only Scan using sbtest6_pkey on sbtest6  (cost=0.43..6.43 rows=100 width=4)
	  Index Cond: ((id >= 7615892) AND (id <= 7615992))

table 7 : explain SELECT id FROM sbtest7 WHERE id BETWEEN 7615892 AND 7615992
	Index Only Scan using sbtest7_pkey on sbtest7  (cost=0.43..10.60 rows=108 width=4)
	  Index Cond: ((id >= 7615892) AND (id <= 7615992))

table 8 : explain SELECT id FROM sbtest8 WHERE id BETWEEN 7615892 AND 7615992
	Index Only Scan using sbtest8_pkey on sbtest8  (cost=0.43..6.42 rows=99 width=4)
	  Index Cond: ((id >= 7615892) AND (id <= 7615992))

explain: for range-covered :: explain SELECT id FROM sbtest%d WHERE id BETWEEN 7615892 AND 7615992
for range-covered
table 1 : explain SELECT id FROM sbtest1 WHERE id BETWEEN 6560356 AND 6560456
	Index Only Scan using sbtest1_pkey on sbtest1  (cost=0.43..10.65 rows=111 width=4)
	  Index Cond: ((id >= 6560356) AND (id <= 6560456))

table 2 : explain SELECT id FROM sbtest2 WHERE id BETWEEN 6560356 AND 6560456
	Index Only Scan using sbtest2_pkey on sbtest2  (cost=0.43..6.58 rows=107 width=4)
	  Index Cond: ((id >= 6560356) AND (id <= 6560456))

table 3 : explain SELECT id FROM sbtest3 WHERE id BETWEEN 6560356 AND 6560456
	Index Only Scan using sbtest3_pkey on sbtest3  (cost=0.43..10.62 rows=109 width=4)
	  Index Cond: ((id >= 6560356) AND (id <= 6560456))

table 4 : explain SELECT id FROM sbtest4 WHERE id BETWEEN 6560356 AND 6560456
	Index Only Scan using sbtest4_pkey on sbtest4  (cost=0.43..10.32 rows=94 width=4)
	  Index Cond: ((id >= 6560356) AND (id <= 6560456))

table 5 : explain SELECT id FROM sbtest5 WHERE id BETWEEN 6560356 AND 6560456
	Index Only Scan using sbtest5_pkey on sbtest5  (cost=0.43..10.56 rows=106 width=4)
	  Index Cond: ((id >= 6560356) AND (id <= 6560456))

table 6 : explain SELECT id FROM sbtest6 WHERE id BETWEEN 6560356 AND 6560456
	Index Only Scan using sbtest6_pkey on sbtest6  (cost=0.43..6.51 rows=104 width=4)
	  Index Cond: ((id >= 6560356) AND (id <= 6560456))

table 7 : explain SELECT id FROM sbtest7 WHERE id BETWEEN 6560356 AND 6560456
	Index Only Scan using sbtest7_pkey on sbtest7  (cost=0.43..10.38 rows=97 width=4)
	  Index Cond: ((id >= 6560356) AND (id <= 6560456))

table 8 : explain SELECT id FROM sbtest8 WHERE id BETWEEN 6560356 AND 6560456
	Index Only Scan using sbtest8_pkey on sbtest8  (cost=0.43..6.47 rows=102 width=4)
	  Index Cond: ((id >= 6560356) AND (id <= 6560456))

for range-covered
table 1 : explain SELECT id FROM sbtest1 WHERE id BETWEEN 5210376 AND 5210476
	Index Only Scan using sbtest1_pkey on sbtest1  (cost=0.43..10.29 rows=93 width=4)
	  Index Cond: ((id >= 5210376) AND (id <= 5210476))

table 2 : explain SELECT id FROM sbtest2 WHERE id BETWEEN 5210376 AND 5210476
	Index Only Scan using sbtest2_pkey on sbtest2  (cost=0.43..6.61 rows=109 width=4)
	  Index Cond: ((id >= 5210376) AND (id <= 5210476))

table 3 : explain SELECT id FROM sbtest3 WHERE id BETWEEN 5210376 AND 5210476
	Index Only Scan using sbtest3_pkey on sbtest3  (cost=0.43..10.51 rows=104 width=4)
	  Index Cond: ((id >= 5210376) AND (id <= 5210476))

table 4 : explain SELECT id FROM sbtest4 WHERE id BETWEEN 5210376 AND 5210476
	Index Only Scan using sbtest4_pkey on sbtest4  (cost=0.43..10.50 rows=103 width=4)
	  Index Cond: ((id >= 5210376) AND (id <= 5210476))

table 5 : explain SELECT id FROM sbtest5 WHERE id BETWEEN 5210376 AND 5210476
	Index Only Scan using sbtest5_pkey on sbtest5  (cost=0.43..10.22 rows=89 width=4)
	  Index Cond: ((id >= 5210376) AND (id <= 5210476))

table 6 : explain SELECT id FROM sbtest6 WHERE id BETWEEN 5210376 AND 5210476
	Index Only Scan using sbtest6_pkey on sbtest6  (cost=0.43..6.40 rows=98 width=4)
	  Index Cond: ((id >= 5210376) AND (id <= 5210476))

table 7 : explain SELECT id FROM sbtest7 WHERE id BETWEEN 5210376 AND 5210476
	Index Only Scan using sbtest7_pkey on sbtest7  (cost=0.43..10.33 rows=95 width=4)
	  Index Cond: ((id >= 5210376) AND (id <= 5210476))

table 8 : explain SELECT id FROM sbtest8 WHERE id BETWEEN 5210376 AND 5210476
	Index Only Scan using sbtest8_pkey on sbtest8  (cost=0.43..6.67 rows=112 width=4)
	  Index Cond: ((id >= 5210376) AND (id <= 5210476))
for range-covered
table 1 : explain SELECT id FROM sbtest1 WHERE id BETWEEN 1537195 AND 1537295
	Index Only Scan using sbtest1_pkey on sbtest1  (cost=0.43..10.33 rows=95 width=4)
	  Index Cond: ((id >= 1537195) AND (id <= 1537295))

table 2 : explain SELECT id FROM sbtest2 WHERE id BETWEEN 1537195 AND 1537295
	Index Only Scan using sbtest2_pkey on sbtest2  (cost=0.43..6.37 rows=97 width=4)
	  Index Cond: ((id >= 1537195) AND (id <= 1537295))

table 3 : explain SELECT id FROM sbtest3 WHERE id BETWEEN 1537195 AND 1537295
	Index Only Scan using sbtest3_pkey on sbtest3  (cost=0.43..10.54 rows=105 width=4)
	  Index Cond: ((id >= 1537195) AND (id <= 1537295))

table 4 : explain SELECT id FROM sbtest4 WHERE id BETWEEN 1537195 AND 1537295
	Index Only Scan using sbtest4_pkey on sbtest4  (cost=0.43..10.42 rows=99 width=4)
	  Index Cond: ((id >= 1537195) AND (id <= 1537295))

table 5 : explain SELECT id FROM sbtest5 WHERE id BETWEEN 1537195 AND 1537295
	Index Only Scan using sbtest5_pkey on sbtest5  (cost=0.43..10.42 rows=99 width=4)
	  Index Cond: ((id >= 1537195) AND (id <= 1537295))

table 6 : explain SELECT id FROM sbtest6 WHERE id BETWEEN 1537195 AND 1537295
	Index Only Scan using sbtest6_pkey on sbtest6  (cost=0.43..6.67 rows=112 width=4)
	  Index Cond: ((id >= 1537195) AND (id <= 1537295))

table 7 : explain SELECT id FROM sbtest7 WHERE id BETWEEN 1537195 AND 1537295
	Index Only Scan using sbtest7_pkey on sbtest7  (cost=0.43..10.70 rows=113 width=4)
	  Index Cond: ((id >= 1537195) AND (id <= 1537295))

table 8 : explain SELECT id FROM sbtest8 WHERE id BETWEEN 1537195 AND 1537295
	Index Only Scan using sbtest8_pkey on sbtest8  (cost=0.43..6.42 rows=99 width=4)
	  Index Cond: ((id >= 1537195) AND (id <= 1537295))

for range-covered
table 1 : explain SELECT id FROM sbtest1 WHERE id BETWEEN 8686366 AND 8686466
	Index Only Scan using sbtest1_pkey on sbtest1  (cost=0.43..10.42 rows=99 width=4)
	  Index Cond: ((id >= 8686366) AND (id <= 8686466))

table 2 : explain SELECT id FROM sbtest2 WHERE id BETWEEN 8686366 AND 8686466
	Index Only Scan using sbtest2_pkey on sbtest2  (cost=0.43..6.35 rows=96 width=4)
	  Index Cond: ((id >= 8686366) AND (id <= 8686466))

table 3 : explain SELECT id FROM sbtest3 WHERE id BETWEEN 8686366 AND 8686466
	Index Only Scan using sbtest3_pkey on sbtest3  (cost=0.43..10.36 rows=96 width=4)
	  Index Cond: ((id >= 8686366) AND (id <= 8686466))

table 4 : explain SELECT id FROM sbtest4 WHERE id BETWEEN 8686366 AND 8686466
	Index Only Scan using sbtest4_pkey on sbtest4  (cost=0.43..10.33 rows=95 width=4)
	  Index Cond: ((id >= 8686366) AND (id <= 8686466))

table 5 : explain SELECT id FROM sbtest5 WHERE id BETWEEN 8686366 AND 8686466
	Index Only Scan using sbtest5_pkey on sbtest5  (cost=0.43..10.54 rows=105 width=4)
	  Index Cond: ((id >= 8686366) AND (id <= 8686466))

table 6 : explain SELECT id FROM sbtest6 WHERE id BETWEEN 8686366 AND 8686466
	Index Only Scan using sbtest6_pkey on sbtest6  (cost=0.43..6.32 rows=94 width=4)
	  Index Cond: ((id >= 8686366) AND (id <= 8686466))

table 7 : explain SELECT id FROM sbtest7 WHERE id BETWEEN 8686366 AND 8686466
	Index Only Scan using sbtest7_pkey on sbtest7  (cost=0.43..10.26 rows=91 width=4)
	  Index Cond: ((id >= 8686366) AND (id <= 8686466))

table 8 : explain SELECT id FROM sbtest8 WHERE id BETWEEN 8686366 AND 8686466
	Index Only Scan using sbtest8_pkey on sbtest8  (cost=0.43..6.35 rows=96 width=4)
	  Index Cond: ((id >= 8686366) AND (id <= 8686466))

explain: for range-covered :: explain SELECT id FROM sbtest%d WHERE id BETWEEN 6560356 AND 6560456

explain: for range-covered :: explain SELECT id FROM sbtest%d WHERE id BETWEEN 8686366 AND 8686466
explain: for range-covered :: explain SELECT id FROM sbtest%d WHERE id BETWEEN 5210376 AND 5210476
explain: for range-covered :: explain SELECT id FROM sbtest%d WHERE id BETWEEN 7014383 AND 7014483
explain: for range-covered :: explain SELECT id FROM sbtest%d WHERE id BETWEEN 1537195 AND 1537295
for range-covered
table 1 : explain SELECT id FROM sbtest1 WHERE id BETWEEN 7216269 AND 7216369
	Index Only Scan using sbtest1_pkey on sbtest1  (cost=0.43..10.50 rows=103 width=4)
	  Index Cond: ((id >= 7216269) AND (id <= 7216369))

table 2 : explain SELECT id FROM sbtest2 WHERE id BETWEEN 7216269 AND 7216369
	Index Only Scan using sbtest2_pkey on sbtest2  (cost=0.43..6.67 rows=112 width=4)
	  Index Cond: ((id >= 7216269) AND (id <= 7216369))

table 3 : explain SELECT id FROM sbtest3 WHERE id BETWEEN 7216269 AND 7216369
	Index Only Scan using sbtest3_pkey on sbtest3  (cost=0.43..10.40 rows=98 width=4)
	  Index Cond: ((id >= 7216269) AND (id <= 7216369))

table 4 : explain SELECT id FROM sbtest4 WHERE id BETWEEN 7216269 AND 7216369
	Index Only Scan using sbtest4_pkey on sbtest4  (cost=0.43..10.40 rows=98 width=4)
	  Index Cond: ((id >= 7216269) AND (id <= 7216369))

table 5 : explain SELECT id FROM sbtest5 WHERE id BETWEEN 7216269 AND 7216369
	Index Only Scan using sbtest5_pkey on sbtest5  (cost=0.43..10.54 rows=105 width=4)
	  Index Cond: ((id >= 7216269) AND (id <= 7216369))

table 6 : explain SELECT id FROM sbtest6 WHERE id BETWEEN 7216269 AND 7216369
	Index Only Scan using sbtest6_pkey on sbtest6  (cost=0.43..6.33 rows=95 width=4)
	  Index Cond: ((id >= 7216269) AND (id <= 7216369))

table 7 : explain SELECT id FROM sbtest7 WHERE id BETWEEN 7216269 AND 7216369
	Index Only Scan using sbtest7_pkey on sbtest7  (cost=0.43..10.40 rows=98 width=4)
	  Index Cond: ((id >= 7216269) AND (id <= 7216369))

table 8 : explain SELECT id FROM sbtest8 WHERE id BETWEEN 7216269 AND 7216369
	Index Only Scan using sbtest8_pkey on sbtest8  (cost=0.43..6.72 rows=114 width=4)
	  Index Cond: ((id >= 7216269) AND (id <= 7216369))

for range-covered
table 1 : explain SELECT id FROM sbtest1 WHERE id BETWEEN 7615892 AND 7615992
	Index Only Scan using sbtest1_pkey on sbtest1  (cost=0.43..10.26 rows=91 width=4)
	  Index Cond: ((id >= 7615892) AND (id <= 7615992))

table 2 : explain SELECT id FROM sbtest2 WHERE id BETWEEN 7615892 AND 7615992
	Index Only Scan using sbtest2_pkey on sbtest2  (cost=0.43..6.50 rows=103 width=4)
	  Index Cond: ((id >= 7615892) AND (id <= 7615992))

table 3 : explain SELECT id FROM sbtest3 WHERE id BETWEEN 7615892 AND 7615992
	Index Only Scan using sbtest3_pkey on sbtest3  (cost=0.43..10.28 rows=92 width=4)
	  Index Cond: ((id >= 7615892) AND (id <= 7615992))

table 4 : explain SELECT id FROM sbtest4 WHERE id BETWEEN 7615892 AND 7615992
	Index Only Scan using sbtest4_pkey on sbtest4  (cost=0.43..10.58 rows=107 width=4)
	  Index Cond: ((id >= 7615892) AND (id <= 7615992))

table 5 : explain SELECT id FROM sbtest5 WHERE id BETWEEN 7615892 AND 7615992
	Index Only Scan using sbtest5_pkey on sbtest5  (cost=0.43..10.40 rows=98 width=4)
	  Index Cond: ((id >= 7615892) AND (id <= 7615992))

table 6 : explain SELECT id FROM sbtest6 WHERE id BETWEEN 7615892 AND 7615992
	Index Only Scan using sbtest6_pkey on sbtest6  (cost=0.43..6.43 rows=100 width=4)
	  Index Cond: ((id >= 7615892) AND (id <= 7615992))

table 7 : explain SELECT id FROM sbtest7 WHERE id BETWEEN 7615892 AND 7615992
	Index Only Scan using sbtest7_pkey on sbtest7  (cost=0.43..10.60 rows=108 width=4)
	  Index Cond: ((id >= 7615892) AND (id <= 7615992))

table 8 : explain SELECT id FROM sbtest8 WHERE id BETWEEN 7615892 AND 7615992
	Index Only Scan using sbtest8_pkey on sbtest8  (cost=0.43..6.42 rows=99 width=4)
	  Index Cond: ((id >= 7615892) AND (id <= 7615992))

explain: for range-covered :: explain SELECT id FROM sbtest%d WHERE id BETWEEN 7615892 AND 7615992
for range-covered
table 1 : explain SELECT id FROM sbtest1 WHERE id BETWEEN 8686366 AND 8686466
	Index Only Scan using sbtest1_pkey on sbtest1  (cost=0.43..10.42 rows=99 width=4)
	  Index Cond: ((id >= 8686366) AND (id <= 8686466))

table 2 : explain SELECT id FROM sbtest2 WHERE id BETWEEN 8686366 AND 8686466
	Index Only Scan using sbtest2_pkey on sbtest2  (cost=0.43..6.35 rows=96 width=4)
	  Index Cond: ((id >= 8686366) AND (id <= 8686466))

table 3 : explain SELECT id FROM sbtest3 WHERE id BETWEEN 8686366 AND 8686466
	Index Only Scan using sbtest3_pkey on sbtest3  (cost=0.43..10.36 rows=96 width=4)
	  Index Cond: ((id >= 8686366) AND (id <= 8686466))

table 4 : explain SELECT id FROM sbtest4 WHERE id BETWEEN 8686366 AND 8686466
	Index Only Scan using sbtest4_pkey on sbtest4  (cost=0.43..10.33 rows=95 width=4)
	  Index Cond: ((id >= 8686366) AND (id <= 8686466))

table 5 : explain SELECT id FROM sbtest5 WHERE id BETWEEN 8686366 AND 8686466
	Index Only Scan using sbtest5_pkey on sbtest5  (cost=0.43..10.54 rows=105 width=4)
	  Index Cond: ((id >= 8686366) AND (id <= 8686466))

table 6 : explain SELECT id FROM sbtest6 WHERE id BETWEEN 8686366 AND 8686466
	Index Only Scan using sbtest6_pkey on sbtest6  (cost=0.43..6.32 rows=94 width=4)
	  Index Cond: ((id >= 8686366) AND (id <= 8686466))

table 7 : explain SELECT id FROM sbtest7 WHERE id BETWEEN 8686366 AND 8686466
	Index Only Scan using sbtest7_pkey on sbtest7  (cost=0.43..10.26 rows=91 width=4)
	  Index Cond: ((id >= 8686366) AND (id <= 8686466))

table 8 : explain SELECT id FROM sbtest8 WHERE id BETWEEN 8686366 AND 8686466
	Index Only Scan using sbtest8_pkey on sbtest8  (cost=0.43..6.35 rows=96 width=4)
	  Index Cond: ((id >= 8686366) AND (id <= 8686466))

for range-covered
table 1 : explain SELECT id FROM sbtest1 WHERE id BETWEEN 7568870 AND 7568970
	Index Only Scan using sbtest1_pkey on sbtest1  (cost=0.43..10.33 rows=95 width=4)
	  Index Cond: ((id >= 7568870) AND (id <= 7568970))

table 2 : explain SELECT id FROM sbtest2 WHERE id BETWEEN 7568870 AND 7568970
	Index Only Scan using sbtest2_pkey on sbtest2  (cost=0.43..6.32 rows=94 width=4)
	  Index Cond: ((id >= 7568870) AND (id <= 7568970))

table 3 : explain SELECT id FROM sbtest3 WHERE id BETWEEN 7568870 AND 7568970
	Index Only Scan using sbtest3_pkey on sbtest3  (cost=0.43..10.28 rows=92 width=4)
	  Index Cond: ((id >= 7568870) AND (id <= 7568970))

table 4 : explain SELECT id FROM sbtest4 WHERE id BETWEEN 7568870 AND 7568970
	Index Only Scan using sbtest4_pkey on sbtest4  (cost=0.43..10.70 rows=113 width=4)
	  Index Cond: ((id >= 7568870) AND (id <= 7568970))

table 5 : explain SELECT id FROM sbtest5 WHERE id BETWEEN 7568870 AND 7568970
	Index Only Scan using sbtest5_pkey on sbtest5  (cost=0.43..10.51 rows=104 width=4)
	  Index Cond: ((id >= 7568870) AND (id <= 7568970))

table 6 : explain SELECT id FROM sbtest6 WHERE id BETWEEN 7568870 AND 7568970
	Index Only Scan using sbtest6_pkey on sbtest6  (cost=0.43..6.40 rows=98 width=4)
	  Index Cond: ((id >= 7568870) AND (id <= 7568970))

table 7 : explain SELECT id FROM sbtest7 WHERE id BETWEEN 7568870 AND 7568970
	Index Only Scan using sbtest7_pkey on sbtest7  (cost=0.43..10.60 rows=108 width=4)
	  Index Cond: ((id >= 7568870) AND (id <= 7568970))

table 8 : explain SELECT id FROM sbtest8 WHERE id BETWEEN 7568870 AND 7568970
	Index Only Scan using sbtest8_pkey on sbtest8  (cost=0.43..6.51 rows=104 width=4)
	  Index Cond: ((id >= 7568870) AND (id <= 7568970))

explain: for range-covered :: explain SELECT id FROM sbtest%d WHERE id BETWEEN 7568870 AND 7568970
for range-covered
table 1 : explain SELECT id FROM sbtest1 WHERE id BETWEEN 6171607 AND 6171707
	Index Only Scan using sbtest1_pkey on sbtest1  (cost=0.43..10.33 rows=95 width=4)
	  Index Cond: ((id >= 6171607) AND (id <= 6171707))

table 2 : explain SELECT id FROM sbtest2 WHERE id BETWEEN 6171607 AND 6171707
	Index Only Scan using sbtest2_pkey on sbtest2  (cost=0.43..6.66 rows=111 width=4)
	  Index Cond: ((id >= 6171607) AND (id <= 6171707))

table 3 : explain SELECT id FROM sbtest3 WHERE id BETWEEN 6171607 AND 6171707
	Index Only Scan using sbtest3_pkey on sbtest3  (cost=0.43..10.56 rows=106 width=4)
	  Index Cond: ((id >= 6171607) AND (id <= 6171707))

table 4 : explain SELECT id FROM sbtest4 WHERE id BETWEEN 6171607 AND 6171707
	Index Only Scan using sbtest4_pkey on sbtest4  (cost=0.43..10.38 rows=97 width=4)
	  Index Cond: ((id >= 6171607) AND (id <= 6171707))

table 5 : explain SELECT id FROM sbtest5 WHERE id BETWEEN 6171607 AND 6171707
	Index Only Scan using sbtest5_pkey on sbtest5  (cost=0.43..10.40 rows=98 width=4)
	  Index Cond: ((id >= 6171607) AND (id <= 6171707))

table 6 : explain SELECT id FROM sbtest6 WHERE id BETWEEN 6171607 AND 6171707
	Index Only Scan using sbtest6_pkey on sbtest6  (cost=0.43..6.33 rows=95 width=4)
	  Index Cond: ((id >= 6171607) AND (id <= 6171707))

table 7 : explain SELECT id FROM sbtest7 WHERE id BETWEEN 6171607 AND 6171707
	Index Only Scan using sbtest7_pkey on sbtest7  (cost=0.43..10.51 rows=104 width=4)
	  Index Cond: ((id >= 6171607) AND (id <= 6171707))

table 8 : explain SELECT id FROM sbtest8 WHERE id BETWEEN 6171607 AND 6171707
	Index Only Scan using sbtest8_pkey on sbtest8  (cost=0.43..6.61 rows=109 width=4)
	  Index Cond: ((id >= 6171607) AND (id <= 6171707))

explain: for range-covered :: explain SELECT id FROM sbtest%d WHERE id BETWEEN 6171607 AND 6171707
for range-covered
table 1 : explain SELECT id FROM sbtest1 WHERE id BETWEEN 7615892 AND 7615992
	Index Only Scan using sbtest1_pkey on sbtest1  (cost=0.43..10.26 rows=91 width=4)
	  Index Cond: ((id >= 7615892) AND (id <= 7615992))

table 2 : explain SELECT id FROM sbtest2 WHERE id BETWEEN 7615892 AND 7615992
	Index Only Scan using sbtest2_pkey on sbtest2  (cost=0.43..6.50 rows=103 width=4)
	  Index Cond: ((id >= 7615892) AND (id <= 7615992))

table 3 : explain SELECT id FROM sbtest3 WHERE id BETWEEN 7615892 AND 7615992
	Index Only Scan using sbtest3_pkey on sbtest3  (cost=0.43..10.28 rows=92 width=4)
	  Index Cond: ((id >= 7615892) AND (id <= 7615992))

table 4 : explain SELECT id FROM sbtest4 WHERE id BETWEEN 7615892 AND 7615992
	Index Only Scan using sbtest4_pkey on sbtest4  (cost=0.43..10.58 rows=107 width=4)
	  Index Cond: ((id >= 7615892) AND (id <= 7615992))

table 5 : explain SELECT id FROM sbtest5 WHERE id BETWEEN 7615892 AND 7615992
	Index Only Scan using sbtest5_pkey on sbtest5  (cost=0.43..10.40 rows=98 width=4)
	  Index Cond: ((id >= 7615892) AND (id <= 7615992))

table 6 : explain SELECT id FROM sbtest6 WHERE id BETWEEN 7615892 AND 7615992
	Index Only Scan using sbtest6_pkey on sbtest6  (cost=0.43..6.43 rows=100 width=4)
	  Index Cond: ((id >= 7615892) AND (id <= 7615992))

table 7 : explain SELECT id FROM sbtest7 WHERE id BETWEEN 7615892 AND 7615992
	Index Only Scan using sbtest7_pkey on sbtest7  (cost=0.43..10.60 rows=108 width=4)
	  Index Cond: ((id >= 7615892) AND (id <= 7615992))

table 8 : explain SELECT id FROM sbtest8 WHERE id BETWEEN 7615892 AND 7615992
	Index Only Scan using sbtest8_pkey on sbtest8  (cost=0.43..6.42 rows=99 width=4)
	  Index Cond: ((id >= 7615892) AND (id <= 7615992))

explain: for range-covered :: explain SELECT id FROM sbtest%d WHERE id BETWEEN 7615892 AND 7615992
for range-covered
table 1 : explain SELECT id FROM sbtest1 WHERE id BETWEEN 4303325 AND 4303425
	Index Only Scan using sbtest1_pkey on sbtest1  (cost=0.43..10.44 rows=100 width=4)
	  Index Cond: ((id >= 4303325) AND (id <= 4303425))

table 2 : explain SELECT id FROM sbtest2 WHERE id BETWEEN 4303325 AND 4303425
	Index Only Scan using sbtest2_pkey on sbtest2  (cost=0.43..6.47 rows=102 width=4)
	  Index Cond: ((id >= 4303325) AND (id <= 4303425))

table 3 : explain SELECT id FROM sbtest3 WHERE id BETWEEN 4303325 AND 4303425
	Index Only Scan using sbtest3_pkey on sbtest3  (cost=0.43..10.46 rows=101 width=4)
	  Index Cond: ((id >= 4303325) AND (id <= 4303425))

table 4 : explain SELECT id FROM sbtest4 WHERE id BETWEEN 4303325 AND 4303425
	Index Only Scan using sbtest4_pkey on sbtest4  (cost=0.43..10.46 rows=101 width=4)
	  Index Cond: ((id >= 4303325) AND (id <= 4303425))

table 5 : explain SELECT id FROM sbtest5 WHERE id BETWEEN 4303325 AND 4303425
	Index Only Scan using sbtest5_pkey on sbtest5  (cost=0.43..10.62 rows=109 width=4)
	  Index Cond: ((id >= 4303325) AND (id <= 4303425))

table 6 : explain SELECT id FROM sbtest6 WHERE id BETWEEN 4303325 AND 4303425
	Index Only Scan using sbtest6_pkey on sbtest6  (cost=0.43..6.27 rows=92 width=4)
	  Index Cond: ((id >= 4303325) AND (id <= 4303425))

table 7 : explain SELECT id FROM sbtest7 WHERE id BETWEEN 4303325 AND 4303425
	Index Only Scan using sbtest7_pkey on sbtest7  (cost=0.43..10.29 rows=93 width=4)
	  Index Cond: ((id >= 4303325) AND (id <= 4303425))

table 8 : explain SELECT id FROM sbtest8 WHERE id BETWEEN 4303325 AND 4303425
	Index Only Scan using sbtest8_pkey on sbtest8  (cost=0.43..6.19 rows=88 width=4)
	  Index Cond: ((id >= 4303325) AND (id <= 4303425))

for range-covered
table 1 : explain SELECT id FROM sbtest1 WHERE id BETWEEN 6560356 AND 6560456
	Index Only Scan using sbtest1_pkey on sbtest1  (cost=0.43..10.65 rows=111 width=4)
	  Index Cond: ((id >= 6560356) AND (id <= 6560456))

table 2 : explain SELECT id FROM sbtest2 WHERE id BETWEEN 6560356 AND 6560456
	Index Only Scan using sbtest2_pkey on sbtest2  (cost=0.43..6.58 rows=107 width=4)
	  Index Cond: ((id >= 6560356) AND (id <= 6560456))

table 3 : explain SELECT id FROM sbtest3 WHERE id BETWEEN 6560356 AND 6560456
	Index Only Scan using sbtest3_pkey on sbtest3  (cost=0.43..10.62 rows=109 width=4)
	  Index Cond: ((id >= 6560356) AND (id <= 6560456))

table 4 : explain SELECT id FROM sbtest4 WHERE id BETWEEN 6560356 AND 6560456
	Index Only Scan using sbtest4_pkey on sbtest4  (cost=0.43..10.32 rows=94 width=4)
	  Index Cond: ((id >= 6560356) AND (id <= 6560456))

table 5 : explain SELECT id FROM sbtest5 WHERE id BETWEEN 6560356 AND 6560456
	Index Only Scan using sbtest5_pkey on sbtest5  (cost=0.43..10.56 rows=106 width=4)
	  Index Cond: ((id >= 6560356) AND (id <= 6560456))

table 6 : explain SELECT id FROM sbtest6 WHERE id BETWEEN 6560356 AND 6560456
	Index Only Scan using sbtest6_pkey on sbtest6  (cost=0.43..6.51 rows=104 width=4)
	  Index Cond: ((id >= 6560356) AND (id <= 6560456))

table 7 : explain SELECT id FROM sbtest7 WHERE id BETWEEN 6560356 AND 6560456
	Index Only Scan using sbtest7_pkey on sbtest7  (cost=0.43..10.38 rows=97 width=4)
	  Index Cond: ((id >= 6560356) AND (id <= 6560456))

table 8 : explain SELECT id FROM sbtest8 WHERE id BETWEEN 6560356 AND 6560456
	Index Only Scan using sbtest8_pkey on sbtest8  (cost=0.43..6.47 rows=102 width=4)
	  Index Cond: ((id >= 6560356) AND (id <= 6560456))

for range-covered
table 1 : explain SELECT id FROM sbtest1 WHERE id BETWEEN 5000630 AND 5000730
	Index Only Scan using sbtest1_pkey on sbtest1  (cost=0.43..10.47 rows=102 width=4)
	  Index Cond: ((id >= 5000630) AND (id <= 5000730))

table 2 : explain SELECT id FROM sbtest2 WHERE id BETWEEN 5000630 AND 5000730
	Index Only Scan using sbtest2_pkey on sbtest2  (cost=0.43..6.47 rows=102 width=4)
	  Index Cond: ((id >= 5000630) AND (id <= 5000730))

table 3 : explain SELECT id FROM sbtest3 WHERE id BETWEEN 5000630 AND 5000730
	Index Only Scan using sbtest3_pkey on sbtest3  (cost=0.43..10.51 rows=104 width=4)
	  Index Cond: ((id >= 5000630) AND (id <= 5000730))

table 4 : explain SELECT id FROM sbtest4 WHERE id BETWEEN 5000630 AND 5000730
	Index Only Scan using sbtest4_pkey on sbtest4  (cost=0.43..10.51 rows=104 width=4)
	  Index Cond: ((id >= 5000630) AND (id <= 5000730))

table 5 : explain SELECT id FROM sbtest5 WHERE id BETWEEN 5000630 AND 5000730
	Index Only Scan using sbtest5_pkey on sbtest5  (cost=0.43..10.38 rows=97 width=4)
	  Index Cond: ((id >= 5000630) AND (id <= 5000730))

table 6 : explain SELECT id FROM sbtest6 WHERE id BETWEEN 5000630 AND 5000730
	Index Only Scan using sbtest6_pkey on sbtest6  (cost=0.43..6.63 rows=110 width=4)
	  Index Cond: ((id >= 5000630) AND (id <= 5000730))

table 7 : explain SELECT id FROM sbtest7 WHERE id BETWEEN 5000630 AND 5000730
	Index Only Scan using sbtest7_pkey on sbtest7  (cost=0.43..10.44 rows=100 width=4)
	  Index Cond: ((id >= 5000630) AND (id <= 5000730))

table 8 : explain SELECT id FROM sbtest8 WHERE id BETWEEN 5000630 AND 5000730
	Index Only Scan using sbtest8_pkey on sbtest8  (cost=0.43..6.53 rows=105 width=4)
	  Index Cond: ((id >= 5000630) AND (id <= 5000730))

explain: for range-covered :: explain SELECT id FROM sbtest%d WHERE id BETWEEN 6560356 AND 6560456
explain: for range-covered :: explain SELECT id FROM sbtest%d WHERE id BETWEEN 4303325 AND 4303425
explain: for range-covered :: explain SELECT id FROM sbtest%d WHERE id BETWEEN 5000630 AND 5000730
for range-covered
table 1 : explain SELECT id FROM sbtest1 WHERE id BETWEEN 1537195 AND 1537295
	Index Only Scan using sbtest1_pkey on sbtest1  (cost=0.43..10.33 rows=95 width=4)
	  Index Cond: ((id >= 1537195) AND (id <= 1537295))

table 2 : explain SELECT id FROM sbtest2 WHERE id BETWEEN 1537195 AND 1537295
	Index Only Scan using sbtest2_pkey on sbtest2  (cost=0.43..6.37 rows=97 width=4)
	  Index Cond: ((id >= 1537195) AND (id <= 1537295))

table 3 : explain SELECT id FROM sbtest3 WHERE id BETWEEN 1537195 AND 1537295
	Index Only Scan using sbtest3_pkey on sbtest3  (cost=0.43..10.54 rows=105 width=4)
	  Index Cond: ((id >= 1537195) AND (id <= 1537295))

table 4 : explain SELECT id FROM sbtest4 WHERE id BETWEEN 1537195 AND 1537295
	Index Only Scan using sbtest4_pkey on sbtest4  (cost=0.43..10.42 rows=99 width=4)
	  Index Cond: ((id >= 1537195) AND (id <= 1537295))

table 5 : explain SELECT id FROM sbtest5 WHERE id BETWEEN 1537195 AND 1537295
	Index Only Scan using sbtest5_pkey on sbtest5  (cost=0.43..10.42 rows=99 width=4)
	  Index Cond: ((id >= 1537195) AND (id <= 1537295))

table 6 : explain SELECT id FROM sbtest6 WHERE id BETWEEN 1537195 AND 1537295
	Index Only Scan using sbtest6_pkey on sbtest6  (cost=0.43..6.67 rows=112 width=4)
	  Index Cond: ((id >= 1537195) AND (id <= 1537295))

table 7 : explain SELECT id FROM sbtest7 WHERE id BETWEEN 1537195 AND 1537295
	Index Only Scan using sbtest7_pkey on sbtest7  (cost=0.43..10.70 rows=113 width=4)
	  Index Cond: ((id >= 1537195) AND (id <= 1537295))

table 8 : explain SELECT id FROM sbtest8 WHERE id BETWEEN 1537195 AND 1537295
	Index Only Scan using sbtest8_pkey on sbtest8  (cost=0.43..6.42 rows=99 width=4)
	  Index Cond: ((id >= 1537195) AND (id <= 1537295))

for range-covered
table 1 : explain SELECT id FROM sbtest1 WHERE id BETWEEN 7568870 AND 7568970
	Index Only Scan using sbtest1_pkey on sbtest1  (cost=0.43..10.33 rows=95 width=4)
	  Index Cond: ((id >= 7568870) AND (id <= 7568970))

table 2 : explain SELECT id FROM sbtest2 WHERE id BETWEEN 7568870 AND 7568970
	Index Only Scan using sbtest2_pkey on sbtest2  (cost=0.43..6.32 rows=94 width=4)
	  Index Cond: ((id >= 7568870) AND (id <= 7568970))

table 3 : explain SELECT id FROM sbtest3 WHERE id BETWEEN 7568870 AND 7568970
	Index Only Scan using sbtest3_pkey on sbtest3  (cost=0.43..10.28 rows=92 width=4)
	  Index Cond: ((id >= 7568870) AND (id <= 7568970))

table 4 : explain SELECT id FROM sbtest4 WHERE id BETWEEN 7568870 AND 7568970
	Index Only Scan using sbtest4_pkey on sbtest4  (cost=0.43..10.70 rows=113 width=4)
	  Index Cond: ((id >= 7568870) AND (id <= 7568970))

table 5 : explain SELECT id FROM sbtest5 WHERE id BETWEEN 7568870 AND 7568970
	Index Only Scan using sbtest5_pkey on sbtest5  (cost=0.43..10.51 rows=104 width=4)
	  Index Cond: ((id >= 7568870) AND (id <= 7568970))

table 6 : explain SELECT id FROM sbtest6 WHERE id BETWEEN 7568870 AND 7568970
	Index Only Scan using sbtest6_pkey on sbtest6  (cost=0.43..6.40 rows=98 width=4)
	  Index Cond: ((id >= 7568870) AND (id <= 7568970))

table 7 : explain SELECT id FROM sbtest7 WHERE id BETWEEN 7568870 AND 7568970
	Index Only Scan using sbtest7_pkey on sbtest7  (cost=0.43..10.60 rows=108 width=4)
	  Index Cond: ((id >= 7568870) AND (id <= 7568970))

table 8 : explain SELECT id FROM sbtest8 WHERE id BETWEEN 7568870 AND 7568970
	Index Only Scan using sbtest8_pkey on sbtest8  (cost=0.43..6.51 rows=104 width=4)
	  Index Cond: ((id >= 7568870) AND (id <= 7568970))

for range-covered
table 1 : explain SELECT id FROM sbtest1 WHERE id BETWEEN 5210376 AND 5210476
	Index Only Scan using sbtest1_pkey on sbtest1  (cost=0.43..10.29 rows=93 width=4)
	  Index Cond: ((id >= 5210376) AND (id <= 5210476))

table 2 : explain SELECT id FROM sbtest2 WHERE id BETWEEN 5210376 AND 5210476
	Index Only Scan using sbtest2_pkey on sbtest2  (cost=0.43..6.61 rows=109 width=4)
	  Index Cond: ((id >= 5210376) AND (id <= 5210476))

table 3 : explain SELECT id FROM sbtest3 WHERE id BETWEEN 5210376 AND 5210476
	Index Only Scan using sbtest3_pkey on sbtest3  (cost=0.43..10.51 rows=104 width=4)
	  Index Cond: ((id >= 5210376) AND (id <= 5210476))

table 4 : explain SELECT id FROM sbtest4 WHERE id BETWEEN 5210376 AND 5210476
	Index Only Scan using sbtest4_pkey on sbtest4  (cost=0.43..10.50 rows=103 width=4)
	  Index Cond: ((id >= 5210376) AND (id <= 5210476))

table 5 : explain SELECT id FROM sbtest5 WHERE id BETWEEN 5210376 AND 5210476
	Index Only Scan using sbtest5_pkey on sbtest5  (cost=0.43..10.22 rows=89 width=4)
	  Index Cond: ((id >= 5210376) AND (id <= 5210476))

table 6 : explain SELECT id FROM sbtest6 WHERE id BETWEEN 5210376 AND 5210476
	Index Only Scan using sbtest6_pkey on sbtest6  (cost=0.43..6.40 rows=98 width=4)
	  Index Cond: ((id >= 5210376) AND (id <= 5210476))

table 7 : explain SELECT id FROM sbtest7 WHERE id BETWEEN 5210376 AND 5210476
	Index Only Scan using sbtest7_pkey on sbtest7  (cost=0.43..10.33 rows=95 width=4)
	  Index Cond: ((id >= 5210376) AND (id <= 5210476))

table 8 : explain SELECT id FROM sbtest8 WHERE id BETWEEN 5210376 AND 5210476
	Index Only Scan using sbtest8_pkey on sbtest8  (cost=0.43..6.67 rows=112 width=4)
	  Index Cond: ((id >= 5210376) AND (id <= 5210476))

explain: for range-covered :: explain SELECT id FROM sbtest%d WHERE id BETWEEN 7568870 AND 7568970
explain: for range-covered :: explain SELECT id FROM sbtest%d WHERE id BETWEEN 1537195 AND 1537295
for range-covered
table 1 : explain SELECT id FROM sbtest1 WHERE id BETWEEN 6171607 AND 6171707
	Index Only Scan using sbtest1_pkey on sbtest1  (cost=0.43..10.33 rows=95 width=4)
	  Index Cond: ((id >= 6171607) AND (id <= 6171707))

table 2 : explain SELECT id FROM sbtest2 WHERE id BETWEEN 6171607 AND 6171707
	Index Only Scan using sbtest2_pkey on sbtest2  (cost=0.43..6.66 rows=111 width=4)
	  Index Cond: ((id >= 6171607) AND (id <= 6171707))

table 3 : explain SELECT id FROM sbtest3 WHERE id BETWEEN 6171607 AND 6171707
	Index Only Scan using sbtest3_pkey on sbtest3  (cost=0.43..10.56 rows=106 width=4)
	  Index Cond: ((id >= 6171607) AND (id <= 6171707))

table 4 : explain SELECT id FROM sbtest4 WHERE id BETWEEN 6171607 AND 6171707
	Index Only Scan using sbtest4_pkey on sbtest4  (cost=0.43..10.38 rows=97 width=4)
	  Index Cond: ((id >= 6171607) AND (id <= 6171707))

table 5 : explain SELECT id FROM sbtest5 WHERE id BETWEEN 6171607 AND 6171707
	Index Only Scan using sbtest5_pkey on sbtest5  (cost=0.43..10.40 rows=98 width=4)
	  Index Cond: ((id >= 6171607) AND (id <= 6171707))

table 6 : explain SELECT id FROM sbtest6 WHERE id BETWEEN 6171607 AND 6171707
	Index Only Scan using sbtest6_pkey on sbtest6  (cost=0.43..6.33 rows=95 width=4)
	  Index Cond: ((id >= 6171607) AND (id <= 6171707))

table 7 : explain SELECT id FROM sbtest7 WHERE id BETWEEN 6171607 AND 6171707
	Index Only Scan using sbtest7_pkey on sbtest7  (cost=0.43..10.51 rows=104 width=4)
	  Index Cond: ((id >= 6171607) AND (id <= 6171707))

table 8 : explain SELECT id FROM sbtest8 WHERE id BETWEEN 6171607 AND 6171707
	Index Only Scan using sbtest8_pkey on sbtest8  (cost=0.43..6.61 rows=109 width=4)
	  Index Cond: ((id >= 6171607) AND (id <= 6171707))

explain: for range-covered :: explain SELECT id FROM sbtest%d WHERE id BETWEEN 5210376 AND 5210476
for range-covered
table 1 : explain SELECT id FROM sbtest1 WHERE id BETWEEN 7615892 AND 7615992
	Index Only Scan using sbtest1_pkey on sbtest1  (cost=0.43..10.26 rows=91 width=4)
	  Index Cond: ((id >= 7615892) AND (id <= 7615992))

table 2 : explain SELECT id FROM sbtest2 WHERE id BETWEEN 7615892 AND 7615992
	Index Only Scan using sbtest2_pkey on sbtest2  (cost=0.43..6.50 rows=103 width=4)
	  Index Cond: ((id >= 7615892) AND (id <= 7615992))

table 3 : explain SELECT id FROM sbtest3 WHERE id BETWEEN 7615892 AND 7615992
	Index Only Scan using sbtest3_pkey on sbtest3  (cost=0.43..10.28 rows=92 width=4)
	  Index Cond: ((id >= 7615892) AND (id <= 7615992))

table 4 : explain SELECT id FROM sbtest4 WHERE id BETWEEN 7615892 AND 7615992
	Index Only Scan using sbtest4_pkey on sbtest4  (cost=0.43..10.58 rows=107 width=4)
	  Index Cond: ((id >= 7615892) AND (id <= 7615992))

table 5 : explain SELECT id FROM sbtest5 WHERE id BETWEEN 7615892 AND 7615992
	Index Only Scan using sbtest5_pkey on sbtest5  (cost=0.43..10.40 rows=98 width=4)
	  Index Cond: ((id >= 7615892) AND (id <= 7615992))

table 6 : explain SELECT id FROM sbtest6 WHERE id BETWEEN 7615892 AND 7615992
	Index Only Scan using sbtest6_pkey on sbtest6  (cost=0.43..6.43 rows=100 width=4)
	  Index Cond: ((id >= 7615892) AND (id <= 7615992))

table 7 : explain SELECT id FROM sbtest7 WHERE id BETWEEN 7615892 AND 7615992
	Index Only Scan using sbtest7_pkey on sbtest7  (cost=0.43..10.60 rows=108 width=4)
	  Index Cond: ((id >= 7615892) AND (id <= 7615992))

table 8 : explain SELECT id FROM sbtest8 WHERE id BETWEEN 7615892 AND 7615992
	Index Only Scan using sbtest8_pkey on sbtest8  (cost=0.43..6.42 rows=99 width=4)
	  Index Cond: ((id >= 7615892) AND (id <= 7615992))

explain: for range-covered :: explain SELECT id FROM sbtest%d WHERE id BETWEEN 6171607 AND 6171707
explain: for range-covered :: explain SELECT id FROM sbtest%d WHERE id BETWEEN 7615892 AND 7615992
for range-covered
table 1 : explain SELECT id FROM sbtest1 WHERE id BETWEEN 5000630 AND 5000730
	Index Only Scan using sbtest1_pkey on sbtest1  (cost=0.43..10.47 rows=102 width=4)
	  Index Cond: ((id >= 5000630) AND (id <= 5000730))

table 2 : explain SELECT id FROM sbtest2 WHERE id BETWEEN 5000630 AND 5000730
	Index Only Scan using sbtest2_pkey on sbtest2  (cost=0.43..6.47 rows=102 width=4)
	  Index Cond: ((id >= 5000630) AND (id <= 5000730))

table 3 : explain SELECT id FROM sbtest3 WHERE id BETWEEN 5000630 AND 5000730
	Index Only Scan using sbtest3_pkey on sbtest3  (cost=0.43..10.51 rows=104 width=4)
	  Index Cond: ((id >= 5000630) AND (id <= 5000730))

table 4 : explain SELECT id FROM sbtest4 WHERE id BETWEEN 5000630 AND 5000730
	Index Only Scan using sbtest4_pkey on sbtest4  (cost=0.43..10.51 rows=104 width=4)
	  Index Cond: ((id >= 5000630) AND (id <= 5000730))

table 5 : explain SELECT id FROM sbtest5 WHERE id BETWEEN 5000630 AND 5000730
	Index Only Scan using sbtest5_pkey on sbtest5  (cost=0.43..10.38 rows=97 width=4)
	  Index Cond: ((id >= 5000630) AND (id <= 5000730))

table 6 : explain SELECT id FROM sbtest6 WHERE id BETWEEN 5000630 AND 5000730
	Index Only Scan using sbtest6_pkey on sbtest6  (cost=0.43..6.63 rows=110 width=4)
	  Index Cond: ((id >= 5000630) AND (id <= 5000730))

table 7 : explain SELECT id FROM sbtest7 WHERE id BETWEEN 5000630 AND 5000730
	Index Only Scan using sbtest7_pkey on sbtest7  (cost=0.43..10.44 rows=100 width=4)
	  Index Cond: ((id >= 5000630) AND (id <= 5000730))

table 8 : explain SELECT id FROM sbtest8 WHERE id BETWEEN 5000630 AND 5000730
	Index Only Scan using sbtest8_pkey on sbtest8  (cost=0.43..6.53 rows=105 width=4)
	  Index Cond: ((id >= 5000630) AND (id <= 5000730))

for range-covered
table 1 : explain SELECT id FROM sbtest1 WHERE id BETWEEN 3230977 AND 3231077
	Index Only Scan using sbtest1_pkey on sbtest1  (cost=0.43..10.38 rows=97 width=4)
	  Index Cond: ((id >= 3230977) AND (id <= 3231077))

table 2 : explain SELECT id FROM sbtest2 WHERE id BETWEEN 3230977 AND 3231077
	Index Only Scan using sbtest2_pkey on sbtest2  (cost=0.43..6.50 rows=103 width=4)
	  Index Cond: ((id >= 3230977) AND (id <= 3231077))

table 3 : explain SELECT id FROM sbtest3 WHERE id BETWEEN 3230977 AND 3231077
	Index Only Scan using sbtest3_pkey on sbtest3  (cost=0.43..10.51 rows=104 width=4)
	  Index Cond: ((id >= 3230977) AND (id <= 3231077))

table 4 : explain SELECT id FROM sbtest4 WHERE id BETWEEN 3230977 AND 3231077
	Index Only Scan using sbtest4_pkey on sbtest4  (cost=0.43..10.60 rows=108 width=4)
	  Index Cond: ((id >= 3230977) AND (id <= 3231077))

table 5 : explain SELECT id FROM sbtest5 WHERE id BETWEEN 3230977 AND 3231077
	Index Only Scan using sbtest5_pkey on sbtest5  (cost=0.43..10.42 rows=99 width=4)
	  Index Cond: ((id >= 3230977) AND (id <= 3231077))

table 6 : explain SELECT id FROM sbtest6 WHERE id BETWEEN 3230977 AND 3231077
	Index Only Scan using sbtest6_pkey on sbtest6  (cost=0.43..6.35 rows=96 width=4)
	  Index Cond: ((id >= 3230977) AND (id <= 3231077))

table 7 : explain SELECT id FROM sbtest7 WHERE id BETWEEN 3230977 AND 3231077
	Index Only Scan using sbtest7_pkey on sbtest7  (cost=0.43..10.47 rows=102 width=4)
	  Index Cond: ((id >= 3230977) AND (id <= 3231077))

table 8 : explain SELECT id FROM sbtest8 WHERE id BETWEEN 3230977 AND 3231077
	Index Only Scan using sbtest8_pkey on sbtest8  (cost=0.43..6.53 rows=105 width=4)
	  Index Cond: ((id >= 3230977) AND (id <= 3231077))

for range-covered
table 1 : explain SELECT id FROM sbtest1 WHERE id BETWEEN 4303325 AND 4303425
	Index Only Scan using sbtest1_pkey on sbtest1  (cost=0.43..10.44 rows=100 width=4)
	  Index Cond: ((id >= 4303325) AND (id <= 4303425))

table 2 : explain SELECT id FROM sbtest2 WHERE id BETWEEN 4303325 AND 4303425
	Index Only Scan using sbtest2_pkey on sbtest2  (cost=0.43..6.47 rows=102 width=4)
	  Index Cond: ((id >= 4303325) AND (id <= 4303425))

table 3 : explain SELECT id FROM sbtest3 WHERE id BETWEEN 4303325 AND 4303425
	Index Only Scan using sbtest3_pkey on sbtest3  (cost=0.43..10.46 rows=101 width=4)
	  Index Cond: ((id >= 4303325) AND (id <= 4303425))

table 4 : explain SELECT id FROM sbtest4 WHERE id BETWEEN 4303325 AND 4303425
	Index Only Scan using sbtest4_pkey on sbtest4  (cost=0.43..10.46 rows=101 width=4)
	  Index Cond: ((id >= 4303325) AND (id <= 4303425))

table 5 : explain SELECT id FROM sbtest5 WHERE id BETWEEN 4303325 AND 4303425
	Index Only Scan using sbtest5_pkey on sbtest5  (cost=0.43..10.62 rows=109 width=4)
	  Index Cond: ((id >= 4303325) AND (id <= 4303425))

table 6 : explain SELECT id FROM sbtest6 WHERE id BETWEEN 4303325 AND 4303425
	Index Only Scan using sbtest6_pkey on sbtest6  (cost=0.43..6.27 rows=92 width=4)
	  Index Cond: ((id >= 4303325) AND (id <= 4303425))

table 7 : explain SELECT id FROM sbtest7 WHERE id BETWEEN 4303325 AND 4303425
	Index Only Scan using sbtest7_pkey on sbtest7  (cost=0.43..10.29 rows=93 width=4)
	  Index Cond: ((id >= 4303325) AND (id <= 4303425))

table 8 : explain SELECT id FROM sbtest8 WHERE id BETWEEN 4303325 AND 4303425
	Index Only Scan using sbtest8_pkey on sbtest8  (cost=0.43..6.19 rows=88 width=4)
	  Index Cond: ((id >= 4303325) AND (id <= 4303425))

explain: for range-covered :: explain SELECT id FROM sbtest%d WHERE id BETWEEN 5000630 AND 5000730
explain: for range-covered :: explain SELECT id FROM sbtest%d WHERE id BETWEEN 4303325 AND 4303425
explain: for range-covered :: explain SELECT id FROM sbtest%d WHERE id BETWEEN 3230977 AND 3231077
for range-covered
table 1 : explain SELECT id FROM sbtest1 WHERE id BETWEEN 7568870 AND 7568970
	Index Only Scan using sbtest1_pkey on sbtest1  (cost=0.43..10.33 rows=95 width=4)
	  Index Cond: ((id >= 7568870) AND (id <= 7568970))

table 2 : explain SELECT id FROM sbtest2 WHERE id BETWEEN 7568870 AND 7568970
	Index Only Scan using sbtest2_pkey on sbtest2  (cost=0.43..6.32 rows=94 width=4)
	  Index Cond: ((id >= 7568870) AND (id <= 7568970))

table 3 : explain SELECT id FROM sbtest3 WHERE id BETWEEN 7568870 AND 7568970
	Index Only Scan using sbtest3_pkey on sbtest3  (cost=0.43..10.28 rows=92 width=4)
	  Index Cond: ((id >= 7568870) AND (id <= 7568970))

table 4 : explain SELECT id FROM sbtest4 WHERE id BETWEEN 7568870 AND 7568970
	Index Only Scan using sbtest4_pkey on sbtest4  (cost=0.43..10.70 rows=113 width=4)
	  Index Cond: ((id >= 7568870) AND (id <= 7568970))

table 5 : explain SELECT id FROM sbtest5 WHERE id BETWEEN 7568870 AND 7568970
	Index Only Scan using sbtest5_pkey on sbtest5  (cost=0.43..10.51 rows=104 width=4)
	  Index Cond: ((id >= 7568870) AND (id <= 7568970))

table 6 : explain SELECT id FROM sbtest6 WHERE id BETWEEN 7568870 AND 7568970
	Index Only Scan using sbtest6_pkey on sbtest6  (cost=0.43..6.40 rows=98 width=4)
	  Index Cond: ((id >= 7568870) AND (id <= 7568970))

table 7 : explain SELECT id FROM sbtest7 WHERE id BETWEEN 7568870 AND 7568970
	Index Only Scan using sbtest7_pkey on sbtest7  (cost=0.43..10.60 rows=108 width=4)
	  Index Cond: ((id >= 7568870) AND (id <= 7568970))

table 8 : explain SELECT id FROM sbtest8 WHERE id BETWEEN 7568870 AND 7568970
	Index Only Scan using sbtest8_pkey on sbtest8  (cost=0.43..6.51 rows=104 width=4)
	  Index Cond: ((id >= 7568870) AND (id <= 7568970))

explain: for range-covered :: explain SELECT id FROM sbtest%d WHERE id BETWEEN 7568870 AND 7568970
for range-covered
table 1 : explain SELECT id FROM sbtest1 WHERE id BETWEEN 6171607 AND 6171707
	Index Only Scan using sbtest1_pkey on sbtest1  (cost=0.43..10.33 rows=95 width=4)
	  Index Cond: ((id >= 6171607) AND (id <= 6171707))

table 2 : explain SELECT id FROM sbtest2 WHERE id BETWEEN 6171607 AND 6171707
	Index Only Scan using sbtest2_pkey on sbtest2  (cost=0.43..6.66 rows=111 width=4)
	  Index Cond: ((id >= 6171607) AND (id <= 6171707))

table 3 : explain SELECT id FROM sbtest3 WHERE id BETWEEN 6171607 AND 6171707
	Index Only Scan using sbtest3_pkey on sbtest3  (cost=0.43..10.56 rows=106 width=4)
	  Index Cond: ((id >= 6171607) AND (id <= 6171707))

table 4 : explain SELECT id FROM sbtest4 WHERE id BETWEEN 6171607 AND 6171707
	Index Only Scan using sbtest4_pkey on sbtest4  (cost=0.43..10.38 rows=97 width=4)
	  Index Cond: ((id >= 6171607) AND (id <= 6171707))

table 5 : explain SELECT id FROM sbtest5 WHERE id BETWEEN 6171607 AND 6171707
	Index Only Scan using sbtest5_pkey on sbtest5  (cost=0.43..10.40 rows=98 width=4)
	  Index Cond: ((id >= 6171607) AND (id <= 6171707))

table 6 : explain SELECT id FROM sbtest6 WHERE id BETWEEN 6171607 AND 6171707
	Index Only Scan using sbtest6_pkey on sbtest6  (cost=0.43..6.33 rows=95 width=4)
	  Index Cond: ((id >= 6171607) AND (id <= 6171707))

table 7 : explain SELECT id FROM sbtest7 WHERE id BETWEEN 6171607 AND 6171707
	Index Only Scan using sbtest7_pkey on sbtest7  (cost=0.43..10.51 rows=104 width=4)
	  Index Cond: ((id >= 6171607) AND (id <= 6171707))

table 8 : explain SELECT id FROM sbtest8 WHERE id BETWEEN 6171607 AND 6171707
	Index Only Scan using sbtest8_pkey on sbtest8  (cost=0.43..6.61 rows=109 width=4)
	  Index Cond: ((id >= 6171607) AND (id <= 6171707))

for range-covered
table 1 : explain SELECT id FROM sbtest1 WHERE id BETWEEN 6560356 AND 6560456
	Index Only Scan using sbtest1_pkey on sbtest1  (cost=0.43..10.65 rows=111 width=4)
	  Index Cond: ((id >= 6560356) AND (id <= 6560456))

table 2 : explain SELECT id FROM sbtest2 WHERE id BETWEEN 6560356 AND 6560456
	Index Only Scan using sbtest2_pkey on sbtest2  (cost=0.43..6.58 rows=107 width=4)
	  Index Cond: ((id >= 6560356) AND (id <= 6560456))

table 3 : explain SELECT id FROM sbtest3 WHERE id BETWEEN 6560356 AND 6560456
	Index Only Scan using sbtest3_pkey on sbtest3  (cost=0.43..10.62 rows=109 width=4)
	  Index Cond: ((id >= 6560356) AND (id <= 6560456))

table 4 : explain SELECT id FROM sbtest4 WHERE id BETWEEN 6560356 AND 6560456
	Index Only Scan using sbtest4_pkey on sbtest4  (cost=0.43..10.32 rows=94 width=4)
	  Index Cond: ((id >= 6560356) AND (id <= 6560456))

table 5 : explain SELECT id FROM sbtest5 WHERE id BETWEEN 6560356 AND 6560456
	Index Only Scan using sbtest5_pkey on sbtest5  (cost=0.43..10.56 rows=106 width=4)
	  Index Cond: ((id >= 6560356) AND (id <= 6560456))

table 6 : explain SELECT id FROM sbtest6 WHERE id BETWEEN 6560356 AND 6560456
	Index Only Scan using sbtest6_pkey on sbtest6  (cost=0.43..6.51 rows=104 width=4)
	  Index Cond: ((id >= 6560356) AND (id <= 6560456))

table 7 : explain SELECT id FROM sbtest7 WHERE id BETWEEN 6560356 AND 6560456
	Index Only Scan using sbtest7_pkey on sbtest7  (cost=0.43..10.38 rows=97 width=4)
	  Index Cond: ((id >= 6560356) AND (id <= 6560456))

table 8 : explain SELECT id FROM sbtest8 WHERE id BETWEEN 6560356 AND 6560456
	Index Only Scan using sbtest8_pkey on sbtest8  (cost=0.43..6.47 rows=102 width=4)
	  Index Cond: ((id >= 6560356) AND (id <= 6560456))

explain: for range-covered :: explain SELECT id FROM sbtest%d WHERE id BETWEEN 6171607 AND 6171707
for range-covered
table 1 : explain SELECT id FROM sbtest1 WHERE id BETWEEN 7615892 AND 7615992
	Index Only Scan using sbtest1_pkey on sbtest1  (cost=0.43..10.26 rows=91 width=4)
	  Index Cond: ((id >= 7615892) AND (id <= 7615992))

table 2 : explain SELECT id FROM sbtest2 WHERE id BETWEEN 7615892 AND 7615992
	Index Only Scan using sbtest2_pkey on sbtest2  (cost=0.43..6.50 rows=103 width=4)
	  Index Cond: ((id >= 7615892) AND (id <= 7615992))

table 3 : explain SELECT id FROM sbtest3 WHERE id BETWEEN 7615892 AND 7615992
	Index Only Scan using sbtest3_pkey on sbtest3  (cost=0.43..10.28 rows=92 width=4)
	  Index Cond: ((id >= 7615892) AND (id <= 7615992))

table 4 : explain SELECT id FROM sbtest4 WHERE id BETWEEN 7615892 AND 7615992
	Index Only Scan using sbtest4_pkey on sbtest4  (cost=0.43..10.58 rows=107 width=4)
	  Index Cond: ((id >= 7615892) AND (id <= 7615992))

table 5 : explain SELECT id FROM sbtest5 WHERE id BETWEEN 7615892 AND 7615992
	Index Only Scan using sbtest5_pkey on sbtest5  (cost=0.43..10.40 rows=98 width=4)
	  Index Cond: ((id >= 7615892) AND (id <= 7615992))

table 6 : explain SELECT id FROM sbtest6 WHERE id BETWEEN 7615892 AND 7615992
	Index Only Scan using sbtest6_pkey on sbtest6  (cost=0.43..6.43 rows=100 width=4)
	  Index Cond: ((id >= 7615892) AND (id <= 7615992))

table 7 : explain SELECT id FROM sbtest7 WHERE id BETWEEN 7615892 AND 7615992
	Index Only Scan using sbtest7_pkey on sbtest7  (cost=0.43..10.60 rows=108 width=4)
	  Index Cond: ((id >= 7615892) AND (id <= 7615992))

table 8 : explain SELECT id FROM sbtest8 WHERE id BETWEEN 7615892 AND 7615992
	Index Only Scan using sbtest8_pkey on sbtest8  (cost=0.43..6.42 rows=99 width=4)
	  Index Cond: ((id >= 7615892) AND (id <= 7615992))

explain: for range-covered :: explain SELECT id FROM sbtest%d WHERE id BETWEEN 7615892 AND 7615992
for range-covered
table 1 : explain SELECT id FROM sbtest1 WHERE id BETWEEN 7014383 AND 7014483
	Index Only Scan using sbtest1_pkey on sbtest1  (cost=0.43..10.65 rows=111 width=4)
	  Index Cond: ((id >= 7014383) AND (id <= 7014483))

table 2 : explain SELECT id FROM sbtest2 WHERE id BETWEEN 7014383 AND 7014483
	Index Only Scan using sbtest2_pkey on sbtest2  (cost=0.43..6.45 rows=101 width=4)
	  Index Cond: ((id >= 7014383) AND (id <= 7014483))

table 3 : explain SELECT id FROM sbtest3 WHERE id BETWEEN 7014383 AND 7014483
	Index Only Scan using sbtest3_pkey on sbtest3  (cost=0.43..10.33 rows=95 width=4)
	  Index Cond: ((id >= 7014383) AND (id <= 7014483))

table 4 : explain SELECT id FROM sbtest4 WHERE id BETWEEN 7014383 AND 7014483
	Index Only Scan using sbtest4_pkey on sbtest4  (cost=0.43..10.24 rows=90 width=4)
	  Index Cond: ((id >= 7014383) AND (id <= 7014483))

table 5 : explain SELECT id FROM sbtest5 WHERE id BETWEEN 7014383 AND 7014483
	Index Only Scan using sbtest5_pkey on sbtest5  (cost=0.43..10.58 rows=107 width=4)
	  Index Cond: ((id >= 7014383) AND (id <= 7014483))

table 6 : explain SELECT id FROM sbtest6 WHERE id BETWEEN 7014383 AND 7014483
	Index Only Scan using sbtest6_pkey on sbtest6  (cost=0.43..6.61 rows=109 width=4)
	  Index Cond: ((id >= 7014383) AND (id <= 7014483))

table 7 : explain SELECT id FROM sbtest7 WHERE id BETWEEN 7014383 AND 7014483
	Index Only Scan using sbtest7_pkey on sbtest7  (cost=0.43..10.63 rows=110 width=4)
	  Index Cond: ((id >= 7014383) AND (id <= 7014483))

table 8 : explain SELECT id FROM sbtest8 WHERE id BETWEEN 7014383 AND 7014483
	Index Only Scan using sbtest8_pkey on sbtest8  (cost=0.43..6.42 rows=99 width=4)
	  Index Cond: ((id >= 7014383) AND (id <= 7014483))

for range-covered
table 1 : explain SELECT id FROM sbtest1 WHERE id BETWEEN 4303325 AND 4303425
	Index Only Scan using sbtest1_pkey on sbtest1  (cost=0.43..10.44 rows=100 width=4)
	  Index Cond: ((id >= 4303325) AND (id <= 4303425))

table 2 : explain SELECT id FROM sbtest2 WHERE id BETWEEN 4303325 AND 4303425
	Index Only Scan using sbtest2_pkey on sbtest2  (cost=0.43..6.47 rows=102 width=4)
	  Index Cond: ((id >= 4303325) AND (id <= 4303425))

table 3 : explain SELECT id FROM sbtest3 WHERE id BETWEEN 4303325 AND 4303425
	Index Only Scan using sbtest3_pkey on sbtest3  (cost=0.43..10.46 rows=101 width=4)
	  Index Cond: ((id >= 4303325) AND (id <= 4303425))

table 4 : explain SELECT id FROM sbtest4 WHERE id BETWEEN 4303325 AND 4303425
	Index Only Scan using sbtest4_pkey on sbtest4  (cost=0.43..10.46 rows=101 width=4)
	  Index Cond: ((id >= 4303325) AND (id <= 4303425))

table 5 : explain SELECT id FROM sbtest5 WHERE id BETWEEN 4303325 AND 4303425
	Index Only Scan using sbtest5_pkey on sbtest5  (cost=0.43..10.62 rows=109 width=4)
	  Index Cond: ((id >= 4303325) AND (id <= 4303425))

table 6 : explain SELECT id FROM sbtest6 WHERE id BETWEEN 4303325 AND 4303425
	Index Only Scan using sbtest6_pkey on sbtest6  (cost=0.43..6.27 rows=92 width=4)
	  Index Cond: ((id >= 4303325) AND (id <= 4303425))

table 7 : explain SELECT id FROM sbtest7 WHERE id BETWEEN 4303325 AND 4303425
	Index Only Scan using sbtest7_pkey on sbtest7  (cost=0.43..10.29 rows=93 width=4)
	  Index Cond: ((id >= 4303325) AND (id <= 4303425))

table 8 : explain SELECT id FROM sbtest8 WHERE id BETWEEN 4303325 AND 4303425
	Index Only Scan using sbtest8_pkey on sbtest8  (cost=0.43..6.19 rows=88 width=4)
	  Index Cond: ((id >= 4303325) AND (id <= 4303425))

for range-covered
table 1 : explain SELECT id FROM sbtest1 WHERE id BETWEEN 5000630 AND 5000730
	Index Only Scan using sbtest1_pkey on sbtest1  (cost=0.43..10.47 rows=102 width=4)
	  Index Cond: ((id >= 5000630) AND (id <= 5000730))

table 2 : explain SELECT id FROM sbtest2 WHERE id BETWEEN 5000630 AND 5000730
	Index Only Scan using sbtest2_pkey on sbtest2  (cost=0.43..6.47 rows=102 width=4)
	  Index Cond: ((id >= 5000630) AND (id <= 5000730))

table 3 : explain SELECT id FROM sbtest3 WHERE id BETWEEN 5000630 AND 5000730
	Index Only Scan using sbtest3_pkey on sbtest3  (cost=0.43..10.51 rows=104 width=4)
	  Index Cond: ((id >= 5000630) AND (id <= 5000730))

table 4 : explain SELECT id FROM sbtest4 WHERE id BETWEEN 5000630 AND 5000730
	Index Only Scan using sbtest4_pkey on sbtest4  (cost=0.43..10.51 rows=104 width=4)
	  Index Cond: ((id >= 5000630) AND (id <= 5000730))

table 5 : explain SELECT id FROM sbtest5 WHERE id BETWEEN 5000630 AND 5000730
	Index Only Scan using sbtest5_pkey on sbtest5  (cost=0.43..10.38 rows=97 width=4)
	  Index Cond: ((id >= 5000630) AND (id <= 5000730))

table 6 : explain SELECT id FROM sbtest6 WHERE id BETWEEN 5000630 AND 5000730
	Index Only Scan using sbtest6_pkey on sbtest6  (cost=0.43..6.63 rows=110 width=4)
	  Index Cond: ((id >= 5000630) AND (id <= 5000730))

table 7 : explain SELECT id FROM sbtest7 WHERE id BETWEEN 5000630 AND 5000730
	Index Only Scan using sbtest7_pkey on sbtest7  (cost=0.43..10.44 rows=100 width=4)
	  Index Cond: ((id >= 5000630) AND (id <= 5000730))

table 8 : explain SELECT id FROM sbtest8 WHERE id BETWEEN 5000630 AND 5000730
	Index Only Scan using sbtest8_pkey on sbtest8  (cost=0.43..6.53 rows=105 width=4)
	  Index Cond: ((id >= 5000630) AND (id <= 5000730))

explain: for range-covered :: explain SELECT id FROM sbtest%d WHERE id BETWEEN 7014383 AND 7014483
explain: for range-covered :: explain SELECT id FROM sbtest%d WHERE id BETWEEN 4813190 AND 4813290
explain: for range-covered :: explain SELECT id FROM sbtest%d WHERE id BETWEEN 4303325 AND 4303425
explain: for range-covered :: explain SELECT id FROM sbtest%d WHERE id BETWEEN 5000630 AND 5000730
for range-covered
table 1 : explain SELECT id FROM sbtest1 WHERE id BETWEEN 3230977 AND 3231077
	Index Only Scan using sbtest1_pkey on sbtest1  (cost=0.43..10.38 rows=97 width=4)
	  Index Cond: ((id >= 3230977) AND (id <= 3231077))

table 2 : explain SELECT id FROM sbtest2 WHERE id BETWEEN 3230977 AND 3231077
	Index Only Scan using sbtest2_pkey on sbtest2  (cost=0.43..6.50 rows=103 width=4)
	  Index Cond: ((id >= 3230977) AND (id <= 3231077))

table 3 : explain SELECT id FROM sbtest3 WHERE id BETWEEN 3230977 AND 3231077
	Index Only Scan using sbtest3_pkey on sbtest3  (cost=0.43..10.51 rows=104 width=4)
	  Index Cond: ((id >= 3230977) AND (id <= 3231077))

table 4 : explain SELECT id FROM sbtest4 WHERE id BETWEEN 3230977 AND 3231077
	Index Only Scan using sbtest4_pkey on sbtest4  (cost=0.43..10.60 rows=108 width=4)
	  Index Cond: ((id >= 3230977) AND (id <= 3231077))

table 5 : explain SELECT id FROM sbtest5 WHERE id BETWEEN 3230977 AND 3231077
	Index Only Scan using sbtest5_pkey on sbtest5  (cost=0.43..10.42 rows=99 width=4)
	  Index Cond: ((id >= 3230977) AND (id <= 3231077))

table 6 : explain SELECT id FROM sbtest6 WHERE id BETWEEN 3230977 AND 3231077
	Index Only Scan using sbtest6_pkey on sbtest6  (cost=0.43..6.35 rows=96 width=4)
	  Index Cond: ((id >= 3230977) AND (id <= 3231077))

table 7 : explain SELECT id FROM sbtest7 WHERE id BETWEEN 3230977 AND 3231077
	Index Only Scan using sbtest7_pkey on sbtest7  (cost=0.43..10.47 rows=102 width=4)
	  Index Cond: ((id >= 3230977) AND (id <= 3231077))

table 8 : explain SELECT id FROM sbtest8 WHERE id BETWEEN 3230977 AND 3231077
	Index Only Scan using sbtest8_pkey on sbtest8  (cost=0.43..6.53 rows=105 width=4)
	  Index Cond: ((id >= 3230977) AND (id <= 3231077))

explain: for range-covered :: explain SELECT id FROM sbtest%d WHERE id BETWEEN 6560356 AND 6560456
explain: for range-covered :: explain SELECT id FROM sbtest%d WHERE id BETWEEN 3230977 AND 3231077
for range-covered
table 1 : explain SELECT id FROM sbtest1 WHERE id BETWEEN 7568870 AND 7568970
	Index Only Scan using sbtest1_pkey on sbtest1  (cost=0.43..10.33 rows=95 width=4)
	  Index Cond: ((id >= 7568870) AND (id <= 7568970))

table 2 : explain SELECT id FROM sbtest2 WHERE id BETWEEN 7568870 AND 7568970
	Index Only Scan using sbtest2_pkey on sbtest2  (cost=0.43..6.32 rows=94 width=4)
	  Index Cond: ((id >= 7568870) AND (id <= 7568970))

table 3 : explain SELECT id FROM sbtest3 WHERE id BETWEEN 7568870 AND 7568970
	Index Only Scan using sbtest3_pkey on sbtest3  (cost=0.43..10.28 rows=92 width=4)
	  Index Cond: ((id >= 7568870) AND (id <= 7568970))

table 4 : explain SELECT id FROM sbtest4 WHERE id BETWEEN 7568870 AND 7568970
	Index Only Scan using sbtest4_pkey on sbtest4  (cost=0.43..10.70 rows=113 width=4)
	  Index Cond: ((id >= 7568870) AND (id <= 7568970))

table 5 : explain SELECT id FROM sbtest5 WHERE id BETWEEN 7568870 AND 7568970
	Index Only Scan using sbtest5_pkey on sbtest5  (cost=0.43..10.51 rows=104 width=4)
	  Index Cond: ((id >= 7568870) AND (id <= 7568970))

table 6 : explain SELECT id FROM sbtest6 WHERE id BETWEEN 7568870 AND 7568970
	Index Only Scan using sbtest6_pkey on sbtest6  (cost=0.43..6.40 rows=98 width=4)
	  Index Cond: ((id >= 7568870) AND (id <= 7568970))

table 7 : explain SELECT id FROM sbtest7 WHERE id BETWEEN 7568870 AND 7568970
	Index Only Scan using sbtest7_pkey on sbtest7  (cost=0.43..10.60 rows=108 width=4)
	  Index Cond: ((id >= 7568870) AND (id <= 7568970))

table 8 : explain SELECT id FROM sbtest8 WHERE id BETWEEN 7568870 AND 7568970
	Index Only Scan using sbtest8_pkey on sbtest8  (cost=0.43..6.51 rows=104 width=4)
	  Index Cond: ((id >= 7568870) AND (id <= 7568970))

explain: for range-covered :: explain SELECT id FROM sbtest%d WHERE id BETWEEN 7568870 AND 7568970
explain: for range-covered :: explain SELECT id FROM sbtest%d WHERE id BETWEEN 6563991 AND 6564091
for range-covered
table 1 : explain SELECT id FROM sbtest1 WHERE id BETWEEN 6171607 AND 6171707
	Index Only Scan using sbtest1_pkey on sbtest1  (cost=0.43..10.33 rows=95 width=4)
	  Index Cond: ((id >= 6171607) AND (id <= 6171707))

table 2 : explain SELECT id FROM sbtest2 WHERE id BETWEEN 6171607 AND 6171707
	Index Only Scan using sbtest2_pkey on sbtest2  (cost=0.43..6.66 rows=111 width=4)
	  Index Cond: ((id >= 6171607) AND (id <= 6171707))

table 3 : explain SELECT id FROM sbtest3 WHERE id BETWEEN 6171607 AND 6171707
	Index Only Scan using sbtest3_pkey on sbtest3  (cost=0.43..10.56 rows=106 width=4)
	  Index Cond: ((id >= 6171607) AND (id <= 6171707))

table 4 : explain SELECT id FROM sbtest4 WHERE id BETWEEN 6171607 AND 6171707
	Index Only Scan using sbtest4_pkey on sbtest4  (cost=0.43..10.38 rows=97 width=4)
	  Index Cond: ((id >= 6171607) AND (id <= 6171707))

table 5 : explain SELECT id FROM sbtest5 WHERE id BETWEEN 6171607 AND 6171707
	Index Only Scan using sbtest5_pkey on sbtest5  (cost=0.43..10.40 rows=98 width=4)
	  Index Cond: ((id >= 6171607) AND (id <= 6171707))

table 6 : explain SELECT id FROM sbtest6 WHERE id BETWEEN 6171607 AND 6171707
	Index Only Scan using sbtest6_pkey on sbtest6  (cost=0.43..6.33 rows=95 width=4)
	  Index Cond: ((id >= 6171607) AND (id <= 6171707))

table 7 : explain SELECT id FROM sbtest7 WHERE id BETWEEN 6171607 AND 6171707
	Index Only Scan using sbtest7_pkey on sbtest7  (cost=0.43..10.51 rows=104 width=4)
	  Index Cond: ((id >= 6171607) AND (id <= 6171707))

table 8 : explain SELECT id FROM sbtest8 WHERE id BETWEEN 6171607 AND 6171707
	Index Only Scan using sbtest8_pkey on sbtest8  (cost=0.43..6.61 rows=109 width=4)
	  Index Cond: ((id >= 6171607) AND (id <= 6171707))

explain: for range-covered :: explain SELECT id FROM sbtest%d WHERE id BETWEEN 6171607 AND 6171707
for range-covered
table 1 : explain SELECT id FROM sbtest1 WHERE id BETWEEN 7615892 AND 7615992
	Index Only Scan using sbtest1_pkey on sbtest1  (cost=0.43..10.26 rows=91 width=4)
	  Index Cond: ((id >= 7615892) AND (id <= 7615992))

table 2 : explain SELECT id FROM sbtest2 WHERE id BETWEEN 7615892 AND 7615992
	Index Only Scan using sbtest2_pkey on sbtest2  (cost=0.43..6.50 rows=103 width=4)
	  Index Cond: ((id >= 7615892) AND (id <= 7615992))

table 3 : explain SELECT id FROM sbtest3 WHERE id BETWEEN 7615892 AND 7615992
	Index Only Scan using sbtest3_pkey on sbtest3  (cost=0.43..10.28 rows=92 width=4)
	  Index Cond: ((id >= 7615892) AND (id <= 7615992))

table 4 : explain SELECT id FROM sbtest4 WHERE id BETWEEN 7615892 AND 7615992
	Index Only Scan using sbtest4_pkey on sbtest4  (cost=0.43..10.58 rows=107 width=4)
	  Index Cond: ((id >= 7615892) AND (id <= 7615992))

table 5 : explain SELECT id FROM sbtest5 WHERE id BETWEEN 7615892 AND 7615992
	Index Only Scan using sbtest5_pkey on sbtest5  (cost=0.43..10.40 rows=98 width=4)
	  Index Cond: ((id >= 7615892) AND (id <= 7615992))

table 6 : explain SELECT id FROM sbtest6 WHERE id BETWEEN 7615892 AND 7615992
	Index Only Scan using sbtest6_pkey on sbtest6  (cost=0.43..6.43 rows=100 width=4)
	  Index Cond: ((id >= 7615892) AND (id <= 7615992))

table 7 : explain SELECT id FROM sbtest7 WHERE id BETWEEN 7615892 AND 7615992
	Index Only Scan using sbtest7_pkey on sbtest7  (cost=0.43..10.60 rows=108 width=4)
	  Index Cond: ((id >= 7615892) AND (id <= 7615992))

table 8 : explain SELECT id FROM sbtest8 WHERE id BETWEEN 7615892 AND 7615992
	Index Only Scan using sbtest8_pkey on sbtest8  (cost=0.43..6.42 rows=99 width=4)
	  Index Cond: ((id >= 7615892) AND (id <= 7615992))

explain: for range-covered :: explain SELECT id FROM sbtest%d WHERE id BETWEEN 7615892 AND 7615992
for range-covered
table 1 : explain SELECT id FROM sbtest1 WHERE id BETWEEN 4303325 AND 4303425
	Index Only Scan using sbtest1_pkey on sbtest1  (cost=0.43..10.44 rows=100 width=4)
	  Index Cond: ((id >= 4303325) AND (id <= 4303425))

table 2 : explain SELECT id FROM sbtest2 WHERE id BETWEEN 4303325 AND 4303425
	Index Only Scan using sbtest2_pkey on sbtest2  (cost=0.43..6.47 rows=102 width=4)
	  Index Cond: ((id >= 4303325) AND (id <= 4303425))

table 3 : explain SELECT id FROM sbtest3 WHERE id BETWEEN 4303325 AND 4303425
	Index Only Scan using sbtest3_pkey on sbtest3  (cost=0.43..10.46 rows=101 width=4)
	  Index Cond: ((id >= 4303325) AND (id <= 4303425))

table 4 : explain SELECT id FROM sbtest4 WHERE id BETWEEN 4303325 AND 4303425
	Index Only Scan using sbtest4_pkey on sbtest4  (cost=0.43..10.46 rows=101 width=4)
	  Index Cond: ((id >= 4303325) AND (id <= 4303425))

table 5 : explain SELECT id FROM sbtest5 WHERE id BETWEEN 4303325 AND 4303425
	Index Only Scan using sbtest5_pkey on sbtest5  (cost=0.43..10.62 rows=109 width=4)
	  Index Cond: ((id >= 4303325) AND (id <= 4303425))

table 6 : explain SELECT id FROM sbtest6 WHERE id BETWEEN 4303325 AND 4303425
	Index Only Scan using sbtest6_pkey on sbtest6  (cost=0.43..6.27 rows=92 width=4)
	  Index Cond: ((id >= 4303325) AND (id <= 4303425))

table 7 : explain SELECT id FROM sbtest7 WHERE id BETWEEN 4303325 AND 4303425
	Index Only Scan using sbtest7_pkey on sbtest7  (cost=0.43..10.29 rows=93 width=4)
	  Index Cond: ((id >= 4303325) AND (id <= 4303425))

table 8 : explain SELECT id FROM sbtest8 WHERE id BETWEEN 4303325 AND 4303425
	Index Only Scan using sbtest8_pkey on sbtest8  (cost=0.43..6.19 rows=88 width=4)
	  Index Cond: ((id >= 4303325) AND (id <= 4303425))

for range-covered
table 1 : explain SELECT id FROM sbtest1 WHERE id BETWEEN 7014383 AND 7014483
	Index Only Scan using sbtest1_pkey on sbtest1  (cost=0.43..10.65 rows=111 width=4)
	  Index Cond: ((id >= 7014383) AND (id <= 7014483))

table 2 : explain SELECT id FROM sbtest2 WHERE id BETWEEN 7014383 AND 7014483
	Index Only Scan using sbtest2_pkey on sbtest2  (cost=0.43..6.45 rows=101 width=4)
	  Index Cond: ((id >= 7014383) AND (id <= 7014483))

table 3 : explain SELECT id FROM sbtest3 WHERE id BETWEEN 7014383 AND 7014483
	Index Only Scan using sbtest3_pkey on sbtest3  (cost=0.43..10.33 rows=95 width=4)
	  Index Cond: ((id >= 7014383) AND (id <= 7014483))

table 4 : explain SELECT id FROM sbtest4 WHERE id BETWEEN 7014383 AND 7014483
	Index Only Scan using sbtest4_pkey on sbtest4  (cost=0.43..10.24 rows=90 width=4)
	  Index Cond: ((id >= 7014383) AND (id <= 7014483))

table 5 : explain SELECT id FROM sbtest5 WHERE id BETWEEN 7014383 AND 7014483
	Index Only Scan using sbtest5_pkey on sbtest5  (cost=0.43..10.58 rows=107 width=4)
	  Index Cond: ((id >= 7014383) AND (id <= 7014483))

table 6 : explain SELECT id FROM sbtest6 WHERE id BETWEEN 7014383 AND 7014483
	Index Only Scan using sbtest6_pkey on sbtest6  (cost=0.43..6.61 rows=109 width=4)
	  Index Cond: ((id >= 7014383) AND (id <= 7014483))

table 7 : explain SELECT id FROM sbtest7 WHERE id BETWEEN 7014383 AND 7014483
	Index Only Scan using sbtest7_pkey on sbtest7  (cost=0.43..10.63 rows=110 width=4)
	  Index Cond: ((id >= 7014383) AND (id <= 7014483))

table 8 : explain SELECT id FROM sbtest8 WHERE id BETWEEN 7014383 AND 7014483
	Index Only Scan using sbtest8_pkey on sbtest8  (cost=0.43..6.42 rows=99 width=4)
	  Index Cond: ((id >= 7014383) AND (id <= 7014483))

explain: for range-covered :: explain SELECT id FROM sbtest%d WHERE id BETWEEN 4303325 AND 4303425
for range-covered
table 1 : explain SELECT id FROM sbtest1 WHERE id BETWEEN 5000630 AND 5000730
	Index Only Scan using sbtest1_pkey on sbtest1  (cost=0.43..10.47 rows=102 width=4)
	  Index Cond: ((id >= 5000630) AND (id <= 5000730))

table 2 : explain SELECT id FROM sbtest2 WHERE id BETWEEN 5000630 AND 5000730
	Index Only Scan using sbtest2_pkey on sbtest2  (cost=0.43..6.47 rows=102 width=4)
	  Index Cond: ((id >= 5000630) AND (id <= 5000730))

table 3 : explain SELECT id FROM sbtest3 WHERE id BETWEEN 5000630 AND 5000730
	Index Only Scan using sbtest3_pkey on sbtest3  (cost=0.43..10.51 rows=104 width=4)
	  Index Cond: ((id >= 5000630) AND (id <= 5000730))

table 4 : explain SELECT id FROM sbtest4 WHERE id BETWEEN 5000630 AND 5000730
	Index Only Scan using sbtest4_pkey on sbtest4  (cost=0.43..10.51 rows=104 width=4)
	  Index Cond: ((id >= 5000630) AND (id <= 5000730))

table 5 : explain SELECT id FROM sbtest5 WHERE id BETWEEN 5000630 AND 5000730
	Index Only Scan using sbtest5_pkey on sbtest5  (cost=0.43..10.38 rows=97 width=4)
	  Index Cond: ((id >= 5000630) AND (id <= 5000730))

table 6 : explain SELECT id FROM sbtest6 WHERE id BETWEEN 5000630 AND 5000730
	Index Only Scan using sbtest6_pkey on sbtest6  (cost=0.43..6.63 rows=110 width=4)
	  Index Cond: ((id >= 5000630) AND (id <= 5000730))

table 7 : explain SELECT id FROM sbtest7 WHERE id BETWEEN 5000630 AND 5000730
	Index Only Scan using sbtest7_pkey on sbtest7  (cost=0.43..10.44 rows=100 width=4)
	  Index Cond: ((id >= 5000630) AND (id <= 5000730))

table 8 : explain SELECT id FROM sbtest8 WHERE id BETWEEN 5000630 AND 5000730
	Index Only Scan using sbtest8_pkey on sbtest8  (cost=0.43..6.53 rows=105 width=4)
	  Index Cond: ((id >= 5000630) AND (id <= 5000730))

explain: for range-covered :: explain SELECT id FROM sbtest%d WHERE id BETWEEN 7014383 AND 7014483
for range-covered
table 1 : explain SELECT id FROM sbtest1 WHERE id BETWEEN 3230977 AND 3231077
	Index Only Scan using sbtest1_pkey on sbtest1  (cost=0.43..10.38 rows=97 width=4)
	  Index Cond: ((id >= 3230977) AND (id <= 3231077))

table 2 : explain SELECT id FROM sbtest2 WHERE id BETWEEN 3230977 AND 3231077
	Index Only Scan using sbtest2_pkey on sbtest2  (cost=0.43..6.50 rows=103 width=4)
	  Index Cond: ((id >= 3230977) AND (id <= 3231077))

table 3 : explain SELECT id FROM sbtest3 WHERE id BETWEEN 3230977 AND 3231077
	Index Only Scan using sbtest3_pkey on sbtest3  (cost=0.43..10.51 rows=104 width=4)
	  Index Cond: ((id >= 3230977) AND (id <= 3231077))

table 4 : explain SELECT id FROM sbtest4 WHERE id BETWEEN 3230977 AND 3231077
	Index Only Scan using sbtest4_pkey on sbtest4  (cost=0.43..10.60 rows=108 width=4)
	  Index Cond: ((id >= 3230977) AND (id <= 3231077))

table 5 : explain SELECT id FROM sbtest5 WHERE id BETWEEN 3230977 AND 3231077
	Index Only Scan using sbtest5_pkey on sbtest5  (cost=0.43..10.42 rows=99 width=4)
	  Index Cond: ((id >= 3230977) AND (id <= 3231077))

table 6 : explain SELECT id FROM sbtest6 WHERE id BETWEEN 3230977 AND 3231077
	Index Only Scan using sbtest6_pkey on sbtest6  (cost=0.43..6.35 rows=96 width=4)
	  Index Cond: ((id >= 3230977) AND (id <= 3231077))

table 7 : explain SELECT id FROM sbtest7 WHERE id BETWEEN 3230977 AND 3231077
	Index Only Scan using sbtest7_pkey on sbtest7  (cost=0.43..10.47 rows=102 width=4)
	  Index Cond: ((id >= 3230977) AND (id <= 3231077))

table 8 : explain SELECT id FROM sbtest8 WHERE id BETWEEN 3230977 AND 3231077
	Index Only Scan using sbtest8_pkey on sbtest8  (cost=0.43..6.53 rows=105 width=4)
	  Index Cond: ((id >= 3230977) AND (id <= 3231077))

explain: for range-covered :: explain SELECT id FROM sbtest%d WHERE id BETWEEN 5000630 AND 5000730
explain: for range-covered :: explain SELECT id FROM sbtest%d WHERE id BETWEEN 3230977 AND 3231077
for range-covered
table 1 : explain SELECT id FROM sbtest1 WHERE id BETWEEN 7568870 AND 7568970
	Index Only Scan using sbtest1_pkey on sbtest1  (cost=0.43..10.33 rows=95 width=4)
	  Index Cond: ((id >= 7568870) AND (id <= 7568970))

table 2 : explain SELECT id FROM sbtest2 WHERE id BETWEEN 7568870 AND 7568970
	Index Only Scan using sbtest2_pkey on sbtest2  (cost=0.43..6.32 rows=94 width=4)
	  Index Cond: ((id >= 7568870) AND (id <= 7568970))

table 3 : explain SELECT id FROM sbtest3 WHERE id BETWEEN 7568870 AND 7568970
	Index Only Scan using sbtest3_pkey on sbtest3  (cost=0.43..10.28 rows=92 width=4)
	  Index Cond: ((id >= 7568870) AND (id <= 7568970))

table 4 : explain SELECT id FROM sbtest4 WHERE id BETWEEN 7568870 AND 7568970
	Index Only Scan using sbtest4_pkey on sbtest4  (cost=0.43..10.70 rows=113 width=4)
	  Index Cond: ((id >= 7568870) AND (id <= 7568970))

table 5 : explain SELECT id FROM sbtest5 WHERE id BETWEEN 7568870 AND 7568970
	Index Only Scan using sbtest5_pkey on sbtest5  (cost=0.43..10.51 rows=104 width=4)
	  Index Cond: ((id >= 7568870) AND (id <= 7568970))

table 6 : explain SELECT id FROM sbtest6 WHERE id BETWEEN 7568870 AND 7568970
	Index Only Scan using sbtest6_pkey on sbtest6  (cost=0.43..6.40 rows=98 width=4)
	  Index Cond: ((id >= 7568870) AND (id <= 7568970))

table 7 : explain SELECT id FROM sbtest7 WHERE id BETWEEN 7568870 AND 7568970
	Index Only Scan using sbtest7_pkey on sbtest7  (cost=0.43..10.60 rows=108 width=4)
	  Index Cond: ((id >= 7568870) AND (id <= 7568970))

table 8 : explain SELECT id FROM sbtest8 WHERE id BETWEEN 7568870 AND 7568970
	Index Only Scan using sbtest8_pkey on sbtest8  (cost=0.43..6.51 rows=104 width=4)
	  Index Cond: ((id >= 7568870) AND (id <= 7568970))

explain: for range-covered :: explain SELECT id FROM sbtest%d WHERE id BETWEEN 7568870 AND 7568970
for range-covered
table 1 : explain SELECT id FROM sbtest1 WHERE id BETWEEN 1537195 AND 1537295
	Index Only Scan using sbtest1_pkey on sbtest1  (cost=0.43..10.33 rows=95 width=4)
	  Index Cond: ((id >= 1537195) AND (id <= 1537295))

table 2 : explain SELECT id FROM sbtest2 WHERE id BETWEEN 1537195 AND 1537295
	Index Only Scan using sbtest2_pkey on sbtest2  (cost=0.43..6.37 rows=97 width=4)
	  Index Cond: ((id >= 1537195) AND (id <= 1537295))

table 3 : explain SELECT id FROM sbtest3 WHERE id BETWEEN 1537195 AND 1537295
	Index Only Scan using sbtest3_pkey on sbtest3  (cost=0.43..10.54 rows=105 width=4)
	  Index Cond: ((id >= 1537195) AND (id <= 1537295))

table 4 : explain SELECT id FROM sbtest4 WHERE id BETWEEN 1537195 AND 1537295
	Index Only Scan using sbtest4_pkey on sbtest4  (cost=0.43..10.42 rows=99 width=4)
	  Index Cond: ((id >= 1537195) AND (id <= 1537295))

table 5 : explain SELECT id FROM sbtest5 WHERE id BETWEEN 1537195 AND 1537295
	Index Only Scan using sbtest5_pkey on sbtest5  (cost=0.43..10.42 rows=99 width=4)
	  Index Cond: ((id >= 1537195) AND (id <= 1537295))

table 6 : explain SELECT id FROM sbtest6 WHERE id BETWEEN 1537195 AND 1537295
	Index Only Scan using sbtest6_pkey on sbtest6  (cost=0.43..6.67 rows=112 width=4)
	  Index Cond: ((id >= 1537195) AND (id <= 1537295))

table 7 : explain SELECT id FROM sbtest7 WHERE id BETWEEN 1537195 AND 1537295
	Index Only Scan using sbtest7_pkey on sbtest7  (cost=0.43..10.70 rows=113 width=4)
	  Index Cond: ((id >= 1537195) AND (id <= 1537295))

table 8 : explain SELECT id FROM sbtest8 WHERE id BETWEEN 1537195 AND 1537295
	Index Only Scan using sbtest8_pkey on sbtest8  (cost=0.43..6.42 rows=99 width=4)
	  Index Cond: ((id >= 1537195) AND (id <= 1537295))

for range-covered
table 1 : explain SELECT id FROM sbtest1 WHERE id BETWEEN 6171607 AND 6171707
	Index Only Scan using sbtest1_pkey on sbtest1  (cost=0.43..10.33 rows=95 width=4)
	  Index Cond: ((id >= 6171607) AND (id <= 6171707))

table 2 : explain SELECT id FROM sbtest2 WHERE id BETWEEN 6171607 AND 6171707
	Index Only Scan using sbtest2_pkey on sbtest2  (cost=0.43..6.66 rows=111 width=4)
	  Index Cond: ((id >= 6171607) AND (id <= 6171707))

table 3 : explain SELECT id FROM sbtest3 WHERE id BETWEEN 6171607 AND 6171707
	Index Only Scan using sbtest3_pkey on sbtest3  (cost=0.43..10.56 rows=106 width=4)
	  Index Cond: ((id >= 6171607) AND (id <= 6171707))

table 4 : explain SELECT id FROM sbtest4 WHERE id BETWEEN 6171607 AND 6171707
	Index Only Scan using sbtest4_pkey on sbtest4  (cost=0.43..10.38 rows=97 width=4)
	  Index Cond: ((id >= 6171607) AND (id <= 6171707))

table 5 : explain SELECT id FROM sbtest5 WHERE id BETWEEN 6171607 AND 6171707
	Index Only Scan using sbtest5_pkey on sbtest5  (cost=0.43..10.40 rows=98 width=4)
	  Index Cond: ((id >= 6171607) AND (id <= 6171707))

table 6 : explain SELECT id FROM sbtest6 WHERE id BETWEEN 6171607 AND 6171707
	Index Only Scan using sbtest6_pkey on sbtest6  (cost=0.43..6.33 rows=95 width=4)
	  Index Cond: ((id >= 6171607) AND (id <= 6171707))

table 7 : explain SELECT id FROM sbtest7 WHERE id BETWEEN 6171607 AND 6171707
	Index Only Scan using sbtest7_pkey on sbtest7  (cost=0.43..10.51 rows=104 width=4)
	  Index Cond: ((id >= 6171607) AND (id <= 6171707))

table 8 : explain SELECT id FROM sbtest8 WHERE id BETWEEN 6171607 AND 6171707
	Index Only Scan using sbtest8_pkey on sbtest8  (cost=0.43..6.61 rows=109 width=4)
	  Index Cond: ((id >= 6171607) AND (id <= 6171707))

explain: for range-covered :: explain SELECT id FROM sbtest%d WHERE id BETWEEN 6171607 AND 6171707
for range-covered
table 1 : explain SELECT id FROM sbtest1 WHERE id BETWEEN 5458400 AND 5458500
	Index Only Scan using sbtest1_pkey on sbtest1  (cost=0.43..10.33 rows=95 width=4)
	  Index Cond: ((id >= 5458400) AND (id <= 5458500))

table 2 : explain SELECT id FROM sbtest2 WHERE id BETWEEN 5458400 AND 5458500
	Index Only Scan using sbtest2_pkey on sbtest2  (cost=0.43..6.56 rows=106 width=4)
	  Index Cond: ((id >= 5458400) AND (id <= 5458500))

table 3 : explain SELECT id FROM sbtest3 WHERE id BETWEEN 5458400 AND 5458500
	Index Only Scan using sbtest3_pkey on sbtest3  (cost=0.43..10.40 rows=98 width=4)
	  Index Cond: ((id >= 5458400) AND (id <= 5458500))

table 4 : explain SELECT id FROM sbtest4 WHERE id BETWEEN 5458400 AND 5458500
	Index Only Scan using sbtest4_pkey on sbtest4  (cost=0.43..10.56 rows=106 width=4)
	  Index Cond: ((id >= 5458400) AND (id <= 5458500))

table 5 : explain SELECT id FROM sbtest5 WHERE id BETWEEN 5458400 AND 5458500
	Index Only Scan using sbtest5_pkey on sbtest5  (cost=0.43..10.32 rows=94 width=4)
	  Index Cond: ((id >= 5458400) AND (id <= 5458500))

table 6 : explain SELECT id FROM sbtest6 WHERE id BETWEEN 5458400 AND 5458500
	Index Only Scan using sbtest6_pkey on sbtest6  (cost=0.43..6.56 rows=106 width=4)
	  Index Cond: ((id >= 5458400) AND (id <= 5458500))

table 7 : explain SELECT id FROM sbtest7 WHERE id BETWEEN 5458400 AND 5458500
	Index Only Scan using sbtest7_pkey on sbtest7  (cost=0.43..10.32 rows=94 width=4)
	  Index Cond: ((id >= 5458400) AND (id <= 5458500))

table 8 : explain SELECT id FROM sbtest8 WHERE id BETWEEN 5458400 AND 5458500
	Index Only Scan using sbtest8_pkey on sbtest8  (cost=0.43..6.37 rows=97 width=4)
	  Index Cond: ((id >= 5458400) AND (id <= 5458500))

for range-covered
table 1 : explain SELECT id FROM sbtest1 WHERE id BETWEEN 5210376 AND 5210476
	Index Only Scan using sbtest1_pkey on sbtest1  (cost=0.43..10.29 rows=93 width=4)
	  Index Cond: ((id >= 5210376) AND (id <= 5210476))

table 2 : explain SELECT id FROM sbtest2 WHERE id BETWEEN 5210376 AND 5210476
	Index Only Scan using sbtest2_pkey on sbtest2  (cost=0.43..6.61 rows=109 width=4)
	  Index Cond: ((id >= 5210376) AND (id <= 5210476))

table 3 : explain SELECT id FROM sbtest3 WHERE id BETWEEN 5210376 AND 5210476
	Index Only Scan using sbtest3_pkey on sbtest3  (cost=0.43..10.51 rows=104 width=4)
	  Index Cond: ((id >= 5210376) AND (id <= 5210476))

table 4 : explain SELECT id FROM sbtest4 WHERE id BETWEEN 5210376 AND 5210476
	Index Only Scan using sbtest4_pkey on sbtest4  (cost=0.43..10.50 rows=103 width=4)
	  Index Cond: ((id >= 5210376) AND (id <= 5210476))

table 5 : explain SELECT id FROM sbtest5 WHERE id BETWEEN 5210376 AND 5210476
	Index Only Scan using sbtest5_pkey on sbtest5  (cost=0.43..10.22 rows=89 width=4)
	  Index Cond: ((id >= 5210376) AND (id <= 5210476))

table 6 : explain SELECT id FROM sbtest6 WHERE id BETWEEN 5210376 AND 5210476
	Index Only Scan using sbtest6_pkey on sbtest6  (cost=0.43..6.40 rows=98 width=4)
	  Index Cond: ((id >= 5210376) AND (id <= 5210476))

table 7 : explain SELECT id FROM sbtest7 WHERE id BETWEEN 5210376 AND 5210476
	Index Only Scan using sbtest7_pkey on sbtest7  (cost=0.43..10.33 rows=95 width=4)
	  Index Cond: ((id >= 5210376) AND (id <= 5210476))

table 8 : explain SELECT id FROM sbtest8 WHERE id BETWEEN 5210376 AND 5210476
	Index Only Scan using sbtest8_pkey on sbtest8  (cost=0.43..6.67 rows=112 width=4)
	  Index Cond: ((id >= 5210376) AND (id <= 5210476))

for range-covered
table 1 : explain SELECT id FROM sbtest1 WHERE id BETWEEN 7615892 AND 7615992
	Index Only Scan using sbtest1_pkey on sbtest1  (cost=0.43..10.26 rows=91 width=4)
	  Index Cond: ((id >= 7615892) AND (id <= 7615992))

table 2 : explain SELECT id FROM sbtest2 WHERE id BETWEEN 7615892 AND 7615992
	Index Only Scan using sbtest2_pkey on sbtest2  (cost=0.43..6.50 rows=103 width=4)
	  Index Cond: ((id >= 7615892) AND (id <= 7615992))

table 3 : explain SELECT id FROM sbtest3 WHERE id BETWEEN 7615892 AND 7615992
	Index Only Scan using sbtest3_pkey on sbtest3  (cost=0.43..10.28 rows=92 width=4)
	  Index Cond: ((id >= 7615892) AND (id <= 7615992))

table 4 : explain SELECT id FROM sbtest4 WHERE id BETWEEN 7615892 AND 7615992
	Index Only Scan using sbtest4_pkey on sbtest4  (cost=0.43..10.58 rows=107 width=4)
	  Index Cond: ((id >= 7615892) AND (id <= 7615992))

table 5 : explain SELECT id FROM sbtest5 WHERE id BETWEEN 7615892 AND 7615992
	Index Only Scan using sbtest5_pkey on sbtest5  (cost=0.43..10.40 rows=98 width=4)
	  Index Cond: ((id >= 7615892) AND (id <= 7615992))

table 6 : explain SELECT id FROM sbtest6 WHERE id BETWEEN 7615892 AND 7615992
	Index Only Scan using sbtest6_pkey on sbtest6  (cost=0.43..6.43 rows=100 width=4)
	  Index Cond: ((id >= 7615892) AND (id <= 7615992))

table 7 : explain SELECT id FROM sbtest7 WHERE id BETWEEN 7615892 AND 7615992
	Index Only Scan using sbtest7_pkey on sbtest7  (cost=0.43..10.60 rows=108 width=4)
	  Index Cond: ((id >= 7615892) AND (id <= 7615992))

table 8 : explain SELECT id FROM sbtest8 WHERE id BETWEEN 7615892 AND 7615992
	Index Only Scan using sbtest8_pkey on sbtest8  (cost=0.43..6.42 rows=99 width=4)
	  Index Cond: ((id >= 7615892) AND (id <= 7615992))

explain: for range-covered :: explain SELECT id FROM sbtest%d WHERE id BETWEEN 1537195 AND 1537295
explain: for range-covered :: explain SELECT id FROM sbtest%d WHERE id BETWEEN 5210376 AND 5210476
for range-covered
table 1 : explain SELECT id FROM sbtest1 WHERE id BETWEEN 6560356 AND 6560456
	Index Only Scan using sbtest1_pkey on sbtest1  (cost=0.43..10.65 rows=111 width=4)
	  Index Cond: ((id >= 6560356) AND (id <= 6560456))

table 2 : explain SELECT id FROM sbtest2 WHERE id BETWEEN 6560356 AND 6560456
	Index Only Scan using sbtest2_pkey on sbtest2  (cost=0.43..6.58 rows=107 width=4)
	  Index Cond: ((id >= 6560356) AND (id <= 6560456))

table 3 : explain SELECT id FROM sbtest3 WHERE id BETWEEN 6560356 AND 6560456
	Index Only Scan using sbtest3_pkey on sbtest3  (cost=0.43..10.62 rows=109 width=4)
	  Index Cond: ((id >= 6560356) AND (id <= 6560456))

table 4 : explain SELECT id FROM sbtest4 WHERE id BETWEEN 6560356 AND 6560456
	Index Only Scan using sbtest4_pkey on sbtest4  (cost=0.43..10.32 rows=94 width=4)
	  Index Cond: ((id >= 6560356) AND (id <= 6560456))

table 5 : explain SELECT id FROM sbtest5 WHERE id BETWEEN 6560356 AND 6560456
	Index Only Scan using sbtest5_pkey on sbtest5  (cost=0.43..10.56 rows=106 width=4)
	  Index Cond: ((id >= 6560356) AND (id <= 6560456))

table 6 : explain SELECT id FROM sbtest6 WHERE id BETWEEN 6560356 AND 6560456
	Index Only Scan using sbtest6_pkey on sbtest6  (cost=0.43..6.51 rows=104 width=4)
	  Index Cond: ((id >= 6560356) AND (id <= 6560456))

table 7 : explain SELECT id FROM sbtest7 WHERE id BETWEEN 6560356 AND 6560456
	Index Only Scan using sbtest7_pkey on sbtest7  (cost=0.43..10.38 rows=97 width=4)
	  Index Cond: ((id >= 6560356) AND (id <= 6560456))

table 8 : explain SELECT id FROM sbtest8 WHERE id BETWEEN 6560356 AND 6560456
	Index Only Scan using sbtest8_pkey on sbtest8  (cost=0.43..6.47 rows=102 width=4)
	  Index Cond: ((id >= 6560356) AND (id <= 6560456))

for range-covered
table 1 : explain SELECT id FROM sbtest1 WHERE id BETWEEN 4303325 AND 4303425
	Index Only Scan using sbtest1_pkey on sbtest1  (cost=0.43..10.44 rows=100 width=4)
	  Index Cond: ((id >= 4303325) AND (id <= 4303425))

table 2 : explain SELECT id FROM sbtest2 WHERE id BETWEEN 4303325 AND 4303425
	Index Only Scan using sbtest2_pkey on sbtest2  (cost=0.43..6.47 rows=102 width=4)
	  Index Cond: ((id >= 4303325) AND (id <= 4303425))

table 3 : explain SELECT id FROM sbtest3 WHERE id BETWEEN 4303325 AND 4303425
	Index Only Scan using sbtest3_pkey on sbtest3  (cost=0.43..10.46 rows=101 width=4)
	  Index Cond: ((id >= 4303325) AND (id <= 4303425))

table 4 : explain SELECT id FROM sbtest4 WHERE id BETWEEN 4303325 AND 4303425
	Index Only Scan using sbtest4_pkey on sbtest4  (cost=0.43..10.46 rows=101 width=4)
	  Index Cond: ((id >= 4303325) AND (id <= 4303425))

table 5 : explain SELECT id FROM sbtest5 WHERE id BETWEEN 4303325 AND 4303425
	Index Only Scan using sbtest5_pkey on sbtest5  (cost=0.43..10.62 rows=109 width=4)
	  Index Cond: ((id >= 4303325) AND (id <= 4303425))

table 6 : explain SELECT id FROM sbtest6 WHERE id BETWEEN 4303325 AND 4303425
	Index Only Scan using sbtest6_pkey on sbtest6  (cost=0.43..6.27 rows=92 width=4)
	  Index Cond: ((id >= 4303325) AND (id <= 4303425))

table 7 : explain SELECT id FROM sbtest7 WHERE id BETWEEN 4303325 AND 4303425
	Index Only Scan using sbtest7_pkey on sbtest7  (cost=0.43..10.29 rows=93 width=4)
	  Index Cond: ((id >= 4303325) AND (id <= 4303425))

table 8 : explain SELECT id FROM sbtest8 WHERE id BETWEEN 4303325 AND 4303425
	Index Only Scan using sbtest8_pkey on sbtest8  (cost=0.43..6.19 rows=88 width=4)
	  Index Cond: ((id >= 4303325) AND (id <= 4303425))

for range-covered
table 1 : explain SELECT id FROM sbtest1 WHERE id BETWEEN 7014383 AND 7014483
	Index Only Scan using sbtest1_pkey on sbtest1  (cost=0.43..10.65 rows=111 width=4)
	  Index Cond: ((id >= 7014383) AND (id <= 7014483))

table 2 : explain SELECT id FROM sbtest2 WHERE id BETWEEN 7014383 AND 7014483
	Index Only Scan using sbtest2_pkey on sbtest2  (cost=0.43..6.45 rows=101 width=4)
	  Index Cond: ((id >= 7014383) AND (id <= 7014483))

table 3 : explain SELECT id FROM sbtest3 WHERE id BETWEEN 7014383 AND 7014483
	Index Only Scan using sbtest3_pkey on sbtest3  (cost=0.43..10.33 rows=95 width=4)
	  Index Cond: ((id >= 7014383) AND (id <= 7014483))

table 4 : explain SELECT id FROM sbtest4 WHERE id BETWEEN 7014383 AND 7014483
	Index Only Scan using sbtest4_pkey on sbtest4  (cost=0.43..10.24 rows=90 width=4)
	  Index Cond: ((id >= 7014383) AND (id <= 7014483))

table 5 : explain SELECT id FROM sbtest5 WHERE id BETWEEN 7014383 AND 7014483
	Index Only Scan using sbtest5_pkey on sbtest5  (cost=0.43..10.58 rows=107 width=4)
	  Index Cond: ((id >= 7014383) AND (id <= 7014483))

table 6 : explain SELECT id FROM sbtest6 WHERE id BETWEEN 7014383 AND 7014483
	Index Only Scan using sbtest6_pkey on sbtest6  (cost=0.43..6.61 rows=109 width=4)
	  Index Cond: ((id >= 7014383) AND (id <= 7014483))

table 7 : explain SELECT id FROM sbtest7 WHERE id BETWEEN 7014383 AND 7014483
	Index Only Scan using sbtest7_pkey on sbtest7  (cost=0.43..10.63 rows=110 width=4)
	  Index Cond: ((id >= 7014383) AND (id <= 7014483))

table 8 : explain SELECT id FROM sbtest8 WHERE id BETWEEN 7014383 AND 7014483
	Index Only Scan using sbtest8_pkey on sbtest8  (cost=0.43..6.42 rows=99 width=4)
	  Index Cond: ((id >= 7014383) AND (id <= 7014483))

explain: for range-covered :: explain SELECT id FROM sbtest%d WHERE id BETWEEN 6560356 AND 6560456
explain: for range-covered :: explain SELECT id FROM sbtest%d WHERE id BETWEEN 4303325 AND 4303425
explain: for range-covered :: explain SELECT id FROM sbtest%d WHERE id BETWEEN 7014383 AND 7014483
for range-covered
table 1 : explain SELECT id FROM sbtest1 WHERE id BETWEEN 5000630 AND 5000730
	Index Only Scan using sbtest1_pkey on sbtest1  (cost=0.43..10.47 rows=102 width=4)
	  Index Cond: ((id >= 5000630) AND (id <= 5000730))

table 2 : explain SELECT id FROM sbtest2 WHERE id BETWEEN 5000630 AND 5000730
	Index Only Scan using sbtest2_pkey on sbtest2  (cost=0.43..6.47 rows=102 width=4)
	  Index Cond: ((id >= 5000630) AND (id <= 5000730))

table 3 : explain SELECT id FROM sbtest3 WHERE id BETWEEN 5000630 AND 5000730
	Index Only Scan using sbtest3_pkey on sbtest3  (cost=0.43..10.51 rows=104 width=4)
	  Index Cond: ((id >= 5000630) AND (id <= 5000730))

table 4 : explain SELECT id FROM sbtest4 WHERE id BETWEEN 5000630 AND 5000730
	Index Only Scan using sbtest4_pkey on sbtest4  (cost=0.43..10.51 rows=104 width=4)
	  Index Cond: ((id >= 5000630) AND (id <= 5000730))

table 5 : explain SELECT id FROM sbtest5 WHERE id BETWEEN 5000630 AND 5000730
	Index Only Scan using sbtest5_pkey on sbtest5  (cost=0.43..10.38 rows=97 width=4)
	  Index Cond: ((id >= 5000630) AND (id <= 5000730))

table 6 : explain SELECT id FROM sbtest6 WHERE id BETWEEN 5000630 AND 5000730
	Index Only Scan using sbtest6_pkey on sbtest6  (cost=0.43..6.63 rows=110 width=4)
	  Index Cond: ((id >= 5000630) AND (id <= 5000730))

table 7 : explain SELECT id FROM sbtest7 WHERE id BETWEEN 5000630 AND 5000730
	Index Only Scan using sbtest7_pkey on sbtest7  (cost=0.43..10.44 rows=100 width=4)
	  Index Cond: ((id >= 5000630) AND (id <= 5000730))

table 8 : explain SELECT id FROM sbtest8 WHERE id BETWEEN 5000630 AND 5000730
	Index Only Scan using sbtest8_pkey on sbtest8  (cost=0.43..6.53 rows=105 width=4)
	  Index Cond: ((id >= 5000630) AND (id <= 5000730))

for range-covered
table 1 : explain SELECT id FROM sbtest1 WHERE id BETWEEN 3230977 AND 3231077
	Index Only Scan using sbtest1_pkey on sbtest1  (cost=0.43..10.38 rows=97 width=4)
	  Index Cond: ((id >= 3230977) AND (id <= 3231077))

table 2 : explain SELECT id FROM sbtest2 WHERE id BETWEEN 3230977 AND 3231077
	Index Only Scan using sbtest2_pkey on sbtest2  (cost=0.43..6.50 rows=103 width=4)
	  Index Cond: ((id >= 3230977) AND (id <= 3231077))

table 3 : explain SELECT id FROM sbtest3 WHERE id BETWEEN 3230977 AND 3231077
	Index Only Scan using sbtest3_pkey on sbtest3  (cost=0.43..10.51 rows=104 width=4)
	  Index Cond: ((id >= 3230977) AND (id <= 3231077))

table 4 : explain SELECT id FROM sbtest4 WHERE id BETWEEN 3230977 AND 3231077
	Index Only Scan using sbtest4_pkey on sbtest4  (cost=0.43..10.60 rows=108 width=4)
	  Index Cond: ((id >= 3230977) AND (id <= 3231077))

table 5 : explain SELECT id FROM sbtest5 WHERE id BETWEEN 3230977 AND 3231077
	Index Only Scan using sbtest5_pkey on sbtest5  (cost=0.43..10.42 rows=99 width=4)
	  Index Cond: ((id >= 3230977) AND (id <= 3231077))

table 6 : explain SELECT id FROM sbtest6 WHERE id BETWEEN 3230977 AND 3231077
	Index Only Scan using sbtest6_pkey on sbtest6  (cost=0.43..6.35 rows=96 width=4)
	  Index Cond: ((id >= 3230977) AND (id <= 3231077))

table 7 : explain SELECT id FROM sbtest7 WHERE id BETWEEN 3230977 AND 3231077
	Index Only Scan using sbtest7_pkey on sbtest7  (cost=0.43..10.47 rows=102 width=4)
	  Index Cond: ((id >= 3230977) AND (id <= 3231077))

table 8 : explain SELECT id FROM sbtest8 WHERE id BETWEEN 3230977 AND 3231077
	Index Only Scan using sbtest8_pkey on sbtest8  (cost=0.43..6.53 rows=105 width=4)
	  Index Cond: ((id >= 3230977) AND (id <= 3231077))

explain: for range-covered :: explain SELECT id FROM sbtest%d WHERE id BETWEEN 3230977 AND 3231077
explain: for range-covered :: explain SELECT id FROM sbtest%d WHERE id BETWEEN 5458400 AND 5458500
for range-covered
table 1 : explain SELECT id FROM sbtest1 WHERE id BETWEEN 7568870 AND 7568970
	Index Only Scan using sbtest1_pkey on sbtest1  (cost=0.43..10.33 rows=95 width=4)
	  Index Cond: ((id >= 7568870) AND (id <= 7568970))

table 2 : explain SELECT id FROM sbtest2 WHERE id BETWEEN 7568870 AND 7568970
	Index Only Scan using sbtest2_pkey on sbtest2  (cost=0.43..6.32 rows=94 width=4)
	  Index Cond: ((id >= 7568870) AND (id <= 7568970))

table 3 : explain SELECT id FROM sbtest3 WHERE id BETWEEN 7568870 AND 7568970
	Index Only Scan using sbtest3_pkey on sbtest3  (cost=0.43..10.28 rows=92 width=4)
	  Index Cond: ((id >= 7568870) AND (id <= 7568970))

table 4 : explain SELECT id FROM sbtest4 WHERE id BETWEEN 7568870 AND 7568970
	Index Only Scan using sbtest4_pkey on sbtest4  (cost=0.43..10.70 rows=113 width=4)
	  Index Cond: ((id >= 7568870) AND (id <= 7568970))

table 5 : explain SELECT id FROM sbtest5 WHERE id BETWEEN 7568870 AND 7568970
	Index Only Scan using sbtest5_pkey on sbtest5  (cost=0.43..10.51 rows=104 width=4)
	  Index Cond: ((id >= 7568870) AND (id <= 7568970))

table 6 : explain SELECT id FROM sbtest6 WHERE id BETWEEN 7568870 AND 7568970
	Index Only Scan using sbtest6_pkey on sbtest6  (cost=0.43..6.40 rows=98 width=4)
	  Index Cond: ((id >= 7568870) AND (id <= 7568970))

table 7 : explain SELECT id FROM sbtest7 WHERE id BETWEEN 7568870 AND 7568970
	Index Only Scan using sbtest7_pkey on sbtest7  (cost=0.43..10.60 rows=108 width=4)
	  Index Cond: ((id >= 7568870) AND (id <= 7568970))

table 8 : explain SELECT id FROM sbtest8 WHERE id BETWEEN 7568870 AND 7568970
	Index Only Scan using sbtest8_pkey on sbtest8  (cost=0.43..6.51 rows=104 width=4)
	  Index Cond: ((id >= 7568870) AND (id <= 7568970))

explain: for range-covered :: explain SELECT id FROM sbtest%d WHERE id BETWEEN 7568870 AND 7568970
for range-covered
table 1 : explain SELECT id FROM sbtest1 WHERE id BETWEEN 6171607 AND 6171707
	Index Only Scan using sbtest1_pkey on sbtest1  (cost=0.43..10.33 rows=95 width=4)
	  Index Cond: ((id >= 6171607) AND (id <= 6171707))

table 2 : explain SELECT id FROM sbtest2 WHERE id BETWEEN 6171607 AND 6171707
	Index Only Scan using sbtest2_pkey on sbtest2  (cost=0.43..6.66 rows=111 width=4)
	  Index Cond: ((id >= 6171607) AND (id <= 6171707))

table 3 : explain SELECT id FROM sbtest3 WHERE id BETWEEN 6171607 AND 6171707
	Index Only Scan using sbtest3_pkey on sbtest3  (cost=0.43..10.56 rows=106 width=4)
	  Index Cond: ((id >= 6171607) AND (id <= 6171707))

table 4 : explain SELECT id FROM sbtest4 WHERE id BETWEEN 6171607 AND 6171707
	Index Only Scan using sbtest4_pkey on sbtest4  (cost=0.43..10.38 rows=97 width=4)
	  Index Cond: ((id >= 6171607) AND (id <= 6171707))

table 5 : explain SELECT id FROM sbtest5 WHERE id BETWEEN 6171607 AND 6171707
	Index Only Scan using sbtest5_pkey on sbtest5  (cost=0.43..10.40 rows=98 width=4)
	  Index Cond: ((id >= 6171607) AND (id <= 6171707))

table 6 : explain SELECT id FROM sbtest6 WHERE id BETWEEN 6171607 AND 6171707
	Index Only Scan using sbtest6_pkey on sbtest6  (cost=0.43..6.33 rows=95 width=4)
	  Index Cond: ((id >= 6171607) AND (id <= 6171707))

table 7 : explain SELECT id FROM sbtest7 WHERE id BETWEEN 6171607 AND 6171707
	Index Only Scan using sbtest7_pkey on sbtest7  (cost=0.43..10.51 rows=104 width=4)
	  Index Cond: ((id >= 6171607) AND (id <= 6171707))

table 8 : explain SELECT id FROM sbtest8 WHERE id BETWEEN 6171607 AND 6171707
	Index Only Scan using sbtest8_pkey on sbtest8  (cost=0.43..6.61 rows=109 width=4)
	  Index Cond: ((id >= 6171607) AND (id <= 6171707))

explain: for range-covered :: explain SELECT id FROM sbtest%d WHERE id BETWEEN 6171607 AND 6171707
for range-covered
table 1 : explain SELECT id FROM sbtest1 WHERE id BETWEEN 4303325 AND 4303425
	Index Only Scan using sbtest1_pkey on sbtest1  (cost=0.43..10.44 rows=100 width=4)
	  Index Cond: ((id >= 4303325) AND (id <= 4303425))

table 2 : explain SELECT id FROM sbtest2 WHERE id BETWEEN 4303325 AND 4303425
	Index Only Scan using sbtest2_pkey on sbtest2  (cost=0.43..6.47 rows=102 width=4)
	  Index Cond: ((id >= 4303325) AND (id <= 4303425))

table 3 : explain SELECT id FROM sbtest3 WHERE id BETWEEN 4303325 AND 4303425
	Index Only Scan using sbtest3_pkey on sbtest3  (cost=0.43..10.46 rows=101 width=4)
	  Index Cond: ((id >= 4303325) AND (id <= 4303425))

table 4 : explain SELECT id FROM sbtest4 WHERE id BETWEEN 4303325 AND 4303425
	Index Only Scan using sbtest4_pkey on sbtest4  (cost=0.43..10.46 rows=101 width=4)
	  Index Cond: ((id >= 4303325) AND (id <= 4303425))

table 5 : explain SELECT id FROM sbtest5 WHERE id BETWEEN 4303325 AND 4303425
	Index Only Scan using sbtest5_pkey on sbtest5  (cost=0.43..10.62 rows=109 width=4)
	  Index Cond: ((id >= 4303325) AND (id <= 4303425))

table 6 : explain SELECT id FROM sbtest6 WHERE id BETWEEN 4303325 AND 4303425
	Index Only Scan using sbtest6_pkey on sbtest6  (cost=0.43..6.27 rows=92 width=4)
	  Index Cond: ((id >= 4303325) AND (id <= 4303425))

table 7 : explain SELECT id FROM sbtest7 WHERE id BETWEEN 4303325 AND 4303425
	Index Only Scan using sbtest7_pkey on sbtest7  (cost=0.43..10.29 rows=93 width=4)
	  Index Cond: ((id >= 4303325) AND (id <= 4303425))

table 8 : explain SELECT id FROM sbtest8 WHERE id BETWEEN 4303325 AND 4303425
	Index Only Scan using sbtest8_pkey on sbtest8  (cost=0.43..6.19 rows=88 width=4)
	  Index Cond: ((id >= 4303325) AND (id <= 4303425))

for range-covered
table 1 : explain SELECT id FROM sbtest1 WHERE id BETWEEN 7014383 AND 7014483
	Index Only Scan using sbtest1_pkey on sbtest1  (cost=0.43..10.65 rows=111 width=4)
	  Index Cond: ((id >= 7014383) AND (id <= 7014483))

table 2 : explain SELECT id FROM sbtest2 WHERE id BETWEEN 7014383 AND 7014483
	Index Only Scan using sbtest2_pkey on sbtest2  (cost=0.43..6.45 rows=101 width=4)
	  Index Cond: ((id >= 7014383) AND (id <= 7014483))

table 3 : explain SELECT id FROM sbtest3 WHERE id BETWEEN 7014383 AND 7014483
	Index Only Scan using sbtest3_pkey on sbtest3  (cost=0.43..10.33 rows=95 width=4)
	  Index Cond: ((id >= 7014383) AND (id <= 7014483))

table 4 : explain SELECT id FROM sbtest4 WHERE id BETWEEN 7014383 AND 7014483
	Index Only Scan using sbtest4_pkey on sbtest4  (cost=0.43..10.24 rows=90 width=4)
	  Index Cond: ((id >= 7014383) AND (id <= 7014483))

table 5 : explain SELECT id FROM sbtest5 WHERE id BETWEEN 7014383 AND 7014483
	Index Only Scan using sbtest5_pkey on sbtest5  (cost=0.43..10.58 rows=107 width=4)
	  Index Cond: ((id >= 7014383) AND (id <= 7014483))

table 6 : explain SELECT id FROM sbtest6 WHERE id BETWEEN 7014383 AND 7014483
	Index Only Scan using sbtest6_pkey on sbtest6  (cost=0.43..6.61 rows=109 width=4)
	  Index Cond: ((id >= 7014383) AND (id <= 7014483))

table 7 : explain SELECT id FROM sbtest7 WHERE id BETWEEN 7014383 AND 7014483
	Index Only Scan using sbtest7_pkey on sbtest7  (cost=0.43..10.63 rows=110 width=4)
	  Index Cond: ((id >= 7014383) AND (id <= 7014483))

table 8 : explain SELECT id FROM sbtest8 WHERE id BETWEEN 7014383 AND 7014483
	Index Only Scan using sbtest8_pkey on sbtest8  (cost=0.43..6.42 rows=99 width=4)
	  Index Cond: ((id >= 7014383) AND (id <= 7014483))

explain: for range-covered :: explain SELECT id FROM sbtest%d WHERE id BETWEEN 4303325 AND 4303425
explain: for range-covered :: explain SELECT id FROM sbtest%d WHERE id BETWEEN 7014383 AND 7014483
for range-covered
table 1 : explain SELECT id FROM sbtest1 WHERE id BETWEEN 3230977 AND 3231077
	Index Only Scan using sbtest1_pkey on sbtest1  (cost=0.43..10.38 rows=97 width=4)
	  Index Cond: ((id >= 3230977) AND (id <= 3231077))

table 2 : explain SELECT id FROM sbtest2 WHERE id BETWEEN 3230977 AND 3231077
	Index Only Scan using sbtest2_pkey on sbtest2  (cost=0.43..6.50 rows=103 width=4)
	  Index Cond: ((id >= 3230977) AND (id <= 3231077))

table 3 : explain SELECT id FROM sbtest3 WHERE id BETWEEN 3230977 AND 3231077
	Index Only Scan using sbtest3_pkey on sbtest3  (cost=0.43..10.51 rows=104 width=4)
	  Index Cond: ((id >= 3230977) AND (id <= 3231077))

table 4 : explain SELECT id FROM sbtest4 WHERE id BETWEEN 3230977 AND 3231077
	Index Only Scan using sbtest4_pkey on sbtest4  (cost=0.43..10.60 rows=108 width=4)
	  Index Cond: ((id >= 3230977) AND (id <= 3231077))

table 5 : explain SELECT id FROM sbtest5 WHERE id BETWEEN 3230977 AND 3231077
	Index Only Scan using sbtest5_pkey on sbtest5  (cost=0.43..10.42 rows=99 width=4)
	  Index Cond: ((id >= 3230977) AND (id <= 3231077))

table 6 : explain SELECT id FROM sbtest6 WHERE id BETWEEN 3230977 AND 3231077
	Index Only Scan using sbtest6_pkey on sbtest6  (cost=0.43..6.35 rows=96 width=4)
	  Index Cond: ((id >= 3230977) AND (id <= 3231077))

table 7 : explain SELECT id FROM sbtest7 WHERE id BETWEEN 3230977 AND 3231077
	Index Only Scan using sbtest7_pkey on sbtest7  (cost=0.43..10.47 rows=102 width=4)
	  Index Cond: ((id >= 3230977) AND (id <= 3231077))

table 8 : explain SELECT id FROM sbtest8 WHERE id BETWEEN 3230977 AND 3231077
	Index Only Scan using sbtest8_pkey on sbtest8  (cost=0.43..6.53 rows=105 width=4)
	  Index Cond: ((id >= 3230977) AND (id <= 3231077))

explain: for range-covered :: explain SELECT id FROM sbtest%d WHERE id BETWEEN 3230977 AND 3231077
for range-covered
table 1 : explain SELECT id FROM sbtest1 WHERE id BETWEEN 7568870 AND 7568970
	Index Only Scan using sbtest1_pkey on sbtest1  (cost=0.43..10.33 rows=95 width=4)
	  Index Cond: ((id >= 7568870) AND (id <= 7568970))

table 2 : explain SELECT id FROM sbtest2 WHERE id BETWEEN 7568870 AND 7568970
	Index Only Scan using sbtest2_pkey on sbtest2  (cost=0.43..6.32 rows=94 width=4)
	  Index Cond: ((id >= 7568870) AND (id <= 7568970))

table 3 : explain SELECT id FROM sbtest3 WHERE id BETWEEN 7568870 AND 7568970
	Index Only Scan using sbtest3_pkey on sbtest3  (cost=0.43..10.28 rows=92 width=4)
	  Index Cond: ((id >= 7568870) AND (id <= 7568970))

table 4 : explain SELECT id FROM sbtest4 WHERE id BETWEEN 7568870 AND 7568970
	Index Only Scan using sbtest4_pkey on sbtest4  (cost=0.43..10.70 rows=113 width=4)
	  Index Cond: ((id >= 7568870) AND (id <= 7568970))

table 5 : explain SELECT id FROM sbtest5 WHERE id BETWEEN 7568870 AND 7568970
	Index Only Scan using sbtest5_pkey on sbtest5  (cost=0.43..10.51 rows=104 width=4)
	  Index Cond: ((id >= 7568870) AND (id <= 7568970))

table 6 : explain SELECT id FROM sbtest6 WHERE id BETWEEN 7568870 AND 7568970
	Index Only Scan using sbtest6_pkey on sbtest6  (cost=0.43..6.40 rows=98 width=4)
	  Index Cond: ((id >= 7568870) AND (id <= 7568970))

table 7 : explain SELECT id FROM sbtest7 WHERE id BETWEEN 7568870 AND 7568970
	Index Only Scan using sbtest7_pkey on sbtest7  (cost=0.43..10.60 rows=108 width=4)
	  Index Cond: ((id >= 7568870) AND (id <= 7568970))

table 8 : explain SELECT id FROM sbtest8 WHERE id BETWEEN 7568870 AND 7568970
	Index Only Scan using sbtest8_pkey on sbtest8  (cost=0.43..6.51 rows=104 width=4)
	  Index Cond: ((id >= 7568870) AND (id <= 7568970))

explain: for range-covered :: explain SELECT id FROM sbtest%d WHERE id BETWEEN 7568870 AND 7568970
for range-covered
table 1 : explain SELECT id FROM sbtest1 WHERE id BETWEEN 6171607 AND 6171707
	Index Only Scan using sbtest1_pkey on sbtest1  (cost=0.43..10.33 rows=95 width=4)
	  Index Cond: ((id >= 6171607) AND (id <= 6171707))

table 2 : explain SELECT id FROM sbtest2 WHERE id BETWEEN 6171607 AND 6171707
	Index Only Scan using sbtest2_pkey on sbtest2  (cost=0.43..6.66 rows=111 width=4)
	  Index Cond: ((id >= 6171607) AND (id <= 6171707))

table 3 : explain SELECT id FROM sbtest3 WHERE id BETWEEN 6171607 AND 6171707
	Index Only Scan using sbtest3_pkey on sbtest3  (cost=0.43..10.56 rows=106 width=4)
	  Index Cond: ((id >= 6171607) AND (id <= 6171707))

table 4 : explain SELECT id FROM sbtest4 WHERE id BETWEEN 6171607 AND 6171707
	Index Only Scan using sbtest4_pkey on sbtest4  (cost=0.43..10.38 rows=97 width=4)
	  Index Cond: ((id >= 6171607) AND (id <= 6171707))

table 5 : explain SELECT id FROM sbtest5 WHERE id BETWEEN 6171607 AND 6171707
	Index Only Scan using sbtest5_pkey on sbtest5  (cost=0.43..10.40 rows=98 width=4)
	  Index Cond: ((id >= 6171607) AND (id <= 6171707))

table 6 : explain SELECT id FROM sbtest6 WHERE id BETWEEN 6171607 AND 6171707
	Index Only Scan using sbtest6_pkey on sbtest6  (cost=0.43..6.33 rows=95 width=4)
	  Index Cond: ((id >= 6171607) AND (id <= 6171707))

table 7 : explain SELECT id FROM sbtest7 WHERE id BETWEEN 6171607 AND 6171707
	Index Only Scan using sbtest7_pkey on sbtest7  (cost=0.43..10.51 rows=104 width=4)
	  Index Cond: ((id >= 6171607) AND (id <= 6171707))

table 8 : explain SELECT id FROM sbtest8 WHERE id BETWEEN 6171607 AND 6171707
	Index Only Scan using sbtest8_pkey on sbtest8  (cost=0.43..6.61 rows=109 width=4)
	  Index Cond: ((id >= 6171607) AND (id <= 6171707))

explain: for range-covered :: explain SELECT id FROM sbtest%d WHERE id BETWEEN 6171607 AND 6171707
for range-covered
table 1 : explain SELECT id FROM sbtest1 WHERE id BETWEEN 6563991 AND 6564091
	Index Only Scan using sbtest1_pkey on sbtest1  (cost=0.43..10.65 rows=111 width=4)
	  Index Cond: ((id >= 6563991) AND (id <= 6564091))

table 2 : explain SELECT id FROM sbtest2 WHERE id BETWEEN 6563991 AND 6564091
	Index Only Scan using sbtest2_pkey on sbtest2  (cost=0.43..6.58 rows=107 width=4)
	  Index Cond: ((id >= 6563991) AND (id <= 6564091))

table 3 : explain SELECT id FROM sbtest3 WHERE id BETWEEN 6563991 AND 6564091
	Index Only Scan using sbtest3_pkey on sbtest3  (cost=0.43..10.62 rows=109 width=4)
	  Index Cond: ((id >= 6563991) AND (id <= 6564091))

table 4 : explain SELECT id FROM sbtest4 WHERE id BETWEEN 6563991 AND 6564091
	Index Only Scan using sbtest4_pkey on sbtest4  (cost=0.43..10.32 rows=94 width=4)
	  Index Cond: ((id >= 6563991) AND (id <= 6564091))

table 5 : explain SELECT id FROM sbtest5 WHERE id BETWEEN 6563991 AND 6564091
	Index Only Scan using sbtest5_pkey on sbtest5  (cost=0.43..10.56 rows=106 width=4)
	  Index Cond: ((id >= 6563991) AND (id <= 6564091))

table 6 : explain SELECT id FROM sbtest6 WHERE id BETWEEN 6563991 AND 6564091
	Index Only Scan using sbtest6_pkey on sbtest6  (cost=0.43..6.51 rows=104 width=4)
	  Index Cond: ((id >= 6563991) AND (id <= 6564091))

table 7 : explain SELECT id FROM sbtest7 WHERE id BETWEEN 6563991 AND 6564091
	Index Only Scan using sbtest7_pkey on sbtest7  (cost=0.43..10.38 rows=97 width=4)
	  Index Cond: ((id >= 6563991) AND (id <= 6564091))

table 8 : explain SELECT id FROM sbtest8 WHERE id BETWEEN 6563991 AND 6564091
	Index Only Scan using sbtest8_pkey on sbtest8  (cost=0.43..6.47 rows=102 width=4)
	  Index Cond: ((id >= 6563991) AND (id <= 6564091))

for range-covered
table 1 : explain SELECT id FROM sbtest1 WHERE id BETWEEN 6560356 AND 6560456
	Index Only Scan using sbtest1_pkey on sbtest1  (cost=0.43..10.65 rows=111 width=4)
	  Index Cond: ((id >= 6560356) AND (id <= 6560456))

table 2 : explain SELECT id FROM sbtest2 WHERE id BETWEEN 6560356 AND 6560456
	Index Only Scan using sbtest2_pkey on sbtest2  (cost=0.43..6.58 rows=107 width=4)
	  Index Cond: ((id >= 6560356) AND (id <= 6560456))

table 3 : explain SELECT id FROM sbtest3 WHERE id BETWEEN 6560356 AND 6560456
	Index Only Scan using sbtest3_pkey on sbtest3  (cost=0.43..10.62 rows=109 width=4)
	  Index Cond: ((id >= 6560356) AND (id <= 6560456))

table 4 : explain SELECT id FROM sbtest4 WHERE id BETWEEN 6560356 AND 6560456
	Index Only Scan using sbtest4_pkey on sbtest4  (cost=0.43..10.32 rows=94 width=4)
	  Index Cond: ((id >= 6560356) AND (id <= 6560456))

table 5 : explain SELECT id FROM sbtest5 WHERE id BETWEEN 6560356 AND 6560456
	Index Only Scan using sbtest5_pkey on sbtest5  (cost=0.43..10.56 rows=106 width=4)
	  Index Cond: ((id >= 6560356) AND (id <= 6560456))

table 6 : explain SELECT id FROM sbtest6 WHERE id BETWEEN 6560356 AND 6560456
	Index Only Scan using sbtest6_pkey on sbtest6  (cost=0.43..6.51 rows=104 width=4)
	  Index Cond: ((id >= 6560356) AND (id <= 6560456))

table 7 : explain SELECT id FROM sbtest7 WHERE id BETWEEN 6560356 AND 6560456
	Index Only Scan using sbtest7_pkey on sbtest7  (cost=0.43..10.38 rows=97 width=4)
	  Index Cond: ((id >= 6560356) AND (id <= 6560456))

table 8 : explain SELECT id FROM sbtest8 WHERE id BETWEEN 6560356 AND 6560456
	Index Only Scan using sbtest8_pkey on sbtest8  (cost=0.43..6.47 rows=102 width=4)
	  Index Cond: ((id >= 6560356) AND (id <= 6560456))

for range-covered
table 1 : explain SELECT id FROM sbtest1 WHERE id BETWEEN 4303325 AND 4303425
	Index Only Scan using sbtest1_pkey on sbtest1  (cost=0.43..10.44 rows=100 width=4)
	  Index Cond: ((id >= 4303325) AND (id <= 4303425))

table 2 : explain SELECT id FROM sbtest2 WHERE id BETWEEN 4303325 AND 4303425
	Index Only Scan using sbtest2_pkey on sbtest2  (cost=0.43..6.47 rows=102 width=4)
	  Index Cond: ((id >= 4303325) AND (id <= 4303425))

table 3 : explain SELECT id FROM sbtest3 WHERE id BETWEEN 4303325 AND 4303425
	Index Only Scan using sbtest3_pkey on sbtest3  (cost=0.43..10.46 rows=101 width=4)
	  Index Cond: ((id >= 4303325) AND (id <= 4303425))

table 4 : explain SELECT id FROM sbtest4 WHERE id BETWEEN 4303325 AND 4303425
	Index Only Scan using sbtest4_pkey on sbtest4  (cost=0.43..10.46 rows=101 width=4)
	  Index Cond: ((id >= 4303325) AND (id <= 4303425))

table 5 : explain SELECT id FROM sbtest5 WHERE id BETWEEN 4303325 AND 4303425
	Index Only Scan using sbtest5_pkey on sbtest5  (cost=0.43..10.62 rows=109 width=4)
	  Index Cond: ((id >= 4303325) AND (id <= 4303425))

table 6 : explain SELECT id FROM sbtest6 WHERE id BETWEEN 4303325 AND 4303425
	Index Only Scan using sbtest6_pkey on sbtest6  (cost=0.43..6.27 rows=92 width=4)
	  Index Cond: ((id >= 4303325) AND (id <= 4303425))

table 7 : explain SELECT id FROM sbtest7 WHERE id BETWEEN 4303325 AND 4303425
	Index Only Scan using sbtest7_pkey on sbtest7  (cost=0.43..10.29 rows=93 width=4)
	  Index Cond: ((id >= 4303325) AND (id <= 4303425))

table 8 : explain SELECT id FROM sbtest8 WHERE id BETWEEN 4303325 AND 4303425
	Index Only Scan using sbtest8_pkey on sbtest8  (cost=0.43..6.19 rows=88 width=4)
	  Index Cond: ((id >= 4303325) AND (id <= 4303425))

for range-covered
table 1 : explain SELECT id FROM sbtest1 WHERE id BETWEEN 7014383 AND 7014483
	Index Only Scan using sbtest1_pkey on sbtest1  (cost=0.43..10.65 rows=111 width=4)
	  Index Cond: ((id >= 7014383) AND (id <= 7014483))

table 2 : explain SELECT id FROM sbtest2 WHERE id BETWEEN 7014383 AND 7014483
	Index Only Scan using sbtest2_pkey on sbtest2  (cost=0.43..6.45 rows=101 width=4)
	  Index Cond: ((id >= 7014383) AND (id <= 7014483))

table 3 : explain SELECT id FROM sbtest3 WHERE id BETWEEN 7014383 AND 7014483
	Index Only Scan using sbtest3_pkey on sbtest3  (cost=0.43..10.33 rows=95 width=4)
	  Index Cond: ((id >= 7014383) AND (id <= 7014483))

table 4 : explain SELECT id FROM sbtest4 WHERE id BETWEEN 7014383 AND 7014483
	Index Only Scan using sbtest4_pkey on sbtest4  (cost=0.43..10.24 rows=90 width=4)
	  Index Cond: ((id >= 7014383) AND (id <= 7014483))

table 5 : explain SELECT id FROM sbtest5 WHERE id BETWEEN 7014383 AND 7014483
	Index Only Scan using sbtest5_pkey on sbtest5  (cost=0.43..10.58 rows=107 width=4)
	  Index Cond: ((id >= 7014383) AND (id <= 7014483))

table 6 : explain SELECT id FROM sbtest6 WHERE id BETWEEN 7014383 AND 7014483
	Index Only Scan using sbtest6_pkey on sbtest6  (cost=0.43..6.61 rows=109 width=4)
	  Index Cond: ((id >= 7014383) AND (id <= 7014483))

table 7 : explain SELECT id FROM sbtest7 WHERE id BETWEEN 7014383 AND 7014483
	Index Only Scan using sbtest7_pkey on sbtest7  (cost=0.43..10.63 rows=110 width=4)
	  Index Cond: ((id >= 7014383) AND (id <= 7014483))

table 8 : explain SELECT id FROM sbtest8 WHERE id BETWEEN 7014383 AND 7014483
	Index Only Scan using sbtest8_pkey on sbtest8  (cost=0.43..6.42 rows=99 width=4)
	  Index Cond: ((id >= 7014383) AND (id <= 7014483))

explain: for range-covered :: explain SELECT id FROM sbtest%d WHERE id BETWEEN 6563991 AND 6564091
explain: for range-covered :: explain SELECT id FROM sbtest%d WHERE id BETWEEN 4303325 AND 4303425
explain: for range-covered :: explain SELECT id FROM sbtest%d WHERE id BETWEEN 7014383 AND 7014483
explain: for range-covered :: explain SELECT id FROM sbtest%d WHERE id BETWEEN 6560356 AND 6560456
for range-covered
table 1 : explain SELECT id FROM sbtest1 WHERE id BETWEEN 3230977 AND 3231077
	Index Only Scan using sbtest1_pkey on sbtest1  (cost=0.43..10.38 rows=97 width=4)
	  Index Cond: ((id >= 3230977) AND (id <= 3231077))

table 2 : explain SELECT id FROM sbtest2 WHERE id BETWEEN 3230977 AND 3231077
	Index Only Scan using sbtest2_pkey on sbtest2  (cost=0.43..6.50 rows=103 width=4)
	  Index Cond: ((id >= 3230977) AND (id <= 3231077))

table 3 : explain SELECT id FROM sbtest3 WHERE id BETWEEN 3230977 AND 3231077
	Index Only Scan using sbtest3_pkey on sbtest3  (cost=0.43..10.51 rows=104 width=4)
	  Index Cond: ((id >= 3230977) AND (id <= 3231077))

table 4 : explain SELECT id FROM sbtest4 WHERE id BETWEEN 3230977 AND 3231077
	Index Only Scan using sbtest4_pkey on sbtest4  (cost=0.43..10.60 rows=108 width=4)
	  Index Cond: ((id >= 3230977) AND (id <= 3231077))

table 5 : explain SELECT id FROM sbtest5 WHERE id BETWEEN 3230977 AND 3231077
	Index Only Scan using sbtest5_pkey on sbtest5  (cost=0.43..10.42 rows=99 width=4)
	  Index Cond: ((id >= 3230977) AND (id <= 3231077))

table 6 : explain SELECT id FROM sbtest6 WHERE id BETWEEN 3230977 AND 3231077
	Index Only Scan using sbtest6_pkey on sbtest6  (cost=0.43..6.35 rows=96 width=4)
	  Index Cond: ((id >= 3230977) AND (id <= 3231077))

table 7 : explain SELECT id FROM sbtest7 WHERE id BETWEEN 3230977 AND 3231077
	Index Only Scan using sbtest7_pkey on sbtest7  (cost=0.43..10.47 rows=102 width=4)
	  Index Cond: ((id >= 3230977) AND (id <= 3231077))

table 8 : explain SELECT id FROM sbtest8 WHERE id BETWEEN 3230977 AND 3231077
	Index Only Scan using sbtest8_pkey on sbtest8  (cost=0.43..6.53 rows=105 width=4)
	  Index Cond: ((id >= 3230977) AND (id <= 3231077))

explain: for range-covered :: explain SELECT id FROM sbtest%d WHERE id BETWEEN 3230977 AND 3231077
for range-covered
table 1 : explain SELECT id FROM sbtest1 WHERE id BETWEEN 7568870 AND 7568970
	Index Only Scan using sbtest1_pkey on sbtest1  (cost=0.43..10.33 rows=95 width=4)
	  Index Cond: ((id >= 7568870) AND (id <= 7568970))

table 2 : explain SELECT id FROM sbtest2 WHERE id BETWEEN 7568870 AND 7568970
	Index Only Scan using sbtest2_pkey on sbtest2  (cost=0.43..6.32 rows=94 width=4)
	  Index Cond: ((id >= 7568870) AND (id <= 7568970))

table 3 : explain SELECT id FROM sbtest3 WHERE id BETWEEN 7568870 AND 7568970
	Index Only Scan using sbtest3_pkey on sbtest3  (cost=0.43..10.28 rows=92 width=4)
	  Index Cond: ((id >= 7568870) AND (id <= 7568970))

table 4 : explain SELECT id FROM sbtest4 WHERE id BETWEEN 7568870 AND 7568970
	Index Only Scan using sbtest4_pkey on sbtest4  (cost=0.43..10.70 rows=113 width=4)
	  Index Cond: ((id >= 7568870) AND (id <= 7568970))

table 5 : explain SELECT id FROM sbtest5 WHERE id BETWEEN 7568870 AND 7568970
	Index Only Scan using sbtest5_pkey on sbtest5  (cost=0.43..10.51 rows=104 width=4)
	  Index Cond: ((id >= 7568870) AND (id <= 7568970))

table 6 : explain SELECT id FROM sbtest6 WHERE id BETWEEN 7568870 AND 7568970
	Index Only Scan using sbtest6_pkey on sbtest6  (cost=0.43..6.40 rows=98 width=4)
	  Index Cond: ((id >= 7568870) AND (id <= 7568970))

table 7 : explain SELECT id FROM sbtest7 WHERE id BETWEEN 7568870 AND 7568970
	Index Only Scan using sbtest7_pkey on sbtest7  (cost=0.43..10.60 rows=108 width=4)
	  Index Cond: ((id >= 7568870) AND (id <= 7568970))

table 8 : explain SELECT id FROM sbtest8 WHERE id BETWEEN 7568870 AND 7568970
	Index Only Scan using sbtest8_pkey on sbtest8  (cost=0.43..6.51 rows=104 width=4)
	  Index Cond: ((id >= 7568870) AND (id <= 7568970))

for range-covered
table 1 : explain SELECT id FROM sbtest1 WHERE id BETWEEN 5458400 AND 5458500
	Index Only Scan using sbtest1_pkey on sbtest1  (cost=0.43..10.33 rows=95 width=4)
	  Index Cond: ((id >= 5458400) AND (id <= 5458500))

table 2 : explain SELECT id FROM sbtest2 WHERE id BETWEEN 5458400 AND 5458500
	Index Only Scan using sbtest2_pkey on sbtest2  (cost=0.43..6.56 rows=106 width=4)
	  Index Cond: ((id >= 5458400) AND (id <= 5458500))

table 3 : explain SELECT id FROM sbtest3 WHERE id BETWEEN 5458400 AND 5458500
	Index Only Scan using sbtest3_pkey on sbtest3  (cost=0.43..10.40 rows=98 width=4)
	  Index Cond: ((id >= 5458400) AND (id <= 5458500))

table 4 : explain SELECT id FROM sbtest4 WHERE id BETWEEN 5458400 AND 5458500
	Index Only Scan using sbtest4_pkey on sbtest4  (cost=0.43..10.56 rows=106 width=4)
	  Index Cond: ((id >= 5458400) AND (id <= 5458500))

table 5 : explain SELECT id FROM sbtest5 WHERE id BETWEEN 5458400 AND 5458500
	Index Only Scan using sbtest5_pkey on sbtest5  (cost=0.43..10.32 rows=94 width=4)
	  Index Cond: ((id >= 5458400) AND (id <= 5458500))

table 6 : explain SELECT id FROM sbtest6 WHERE id BETWEEN 5458400 AND 5458500
	Index Only Scan using sbtest6_pkey on sbtest6  (cost=0.43..6.56 rows=106 width=4)
	  Index Cond: ((id >= 5458400) AND (id <= 5458500))

table 7 : explain SELECT id FROM sbtest7 WHERE id BETWEEN 5458400 AND 5458500
	Index Only Scan using sbtest7_pkey on sbtest7  (cost=0.43..10.32 rows=94 width=4)
	  Index Cond: ((id >= 5458400) AND (id <= 5458500))

table 8 : explain SELECT id FROM sbtest8 WHERE id BETWEEN 5458400 AND 5458500
	Index Only Scan using sbtest8_pkey on sbtest8  (cost=0.43..6.37 rows=97 width=4)
	  Index Cond: ((id >= 5458400) AND (id <= 5458500))

for range-covered
table 1 : explain SELECT id FROM sbtest1 WHERE id BETWEEN 6171607 AND 6171707
	Index Only Scan using sbtest1_pkey on sbtest1  (cost=0.43..10.33 rows=95 width=4)
	  Index Cond: ((id >= 6171607) AND (id <= 6171707))

table 2 : explain SELECT id FROM sbtest2 WHERE id BETWEEN 6171607 AND 6171707
	Index Only Scan using sbtest2_pkey on sbtest2  (cost=0.43..6.66 rows=111 width=4)
	  Index Cond: ((id >= 6171607) AND (id <= 6171707))

table 3 : explain SELECT id FROM sbtest3 WHERE id BETWEEN 6171607 AND 6171707
	Index Only Scan using sbtest3_pkey on sbtest3  (cost=0.43..10.56 rows=106 width=4)
	  Index Cond: ((id >= 6171607) AND (id <= 6171707))

table 4 : explain SELECT id FROM sbtest4 WHERE id BETWEEN 6171607 AND 6171707
	Index Only Scan using sbtest4_pkey on sbtest4  (cost=0.43..10.38 rows=97 width=4)
	  Index Cond: ((id >= 6171607) AND (id <= 6171707))

table 5 : explain SELECT id FROM sbtest5 WHERE id BETWEEN 6171607 AND 6171707
	Index Only Scan using sbtest5_pkey on sbtest5  (cost=0.43..10.40 rows=98 width=4)
	  Index Cond: ((id >= 6171607) AND (id <= 6171707))

table 6 : explain SELECT id FROM sbtest6 WHERE id BETWEEN 6171607 AND 6171707
	Index Only Scan using sbtest6_pkey on sbtest6  (cost=0.43..6.33 rows=95 width=4)
	  Index Cond: ((id >= 6171607) AND (id <= 6171707))

table 7 : explain SELECT id FROM sbtest7 WHERE id BETWEEN 6171607 AND 6171707
	Index Only Scan using sbtest7_pkey on sbtest7  (cost=0.43..10.51 rows=104 width=4)
	  Index Cond: ((id >= 6171607) AND (id <= 6171707))

table 8 : explain SELECT id FROM sbtest8 WHERE id BETWEEN 6171607 AND 6171707
	Index Only Scan using sbtest8_pkey on sbtest8  (cost=0.43..6.61 rows=109 width=4)
	  Index Cond: ((id >= 6171607) AND (id <= 6171707))

explain: for range-covered :: explain SELECT id FROM sbtest%d WHERE id BETWEEN 5458400 AND 5458500
for range-covered
table 1 : explain SELECT id FROM sbtest1 WHERE id BETWEEN 1537195 AND 1537295
	Index Only Scan using sbtest1_pkey on sbtest1  (cost=0.43..10.33 rows=95 width=4)
	  Index Cond: ((id >= 1537195) AND (id <= 1537295))

table 2 : explain SELECT id FROM sbtest2 WHERE id BETWEEN 1537195 AND 1537295
	Index Only Scan using sbtest2_pkey on sbtest2  (cost=0.43..6.37 rows=97 width=4)
	  Index Cond: ((id >= 1537195) AND (id <= 1537295))

table 3 : explain SELECT id FROM sbtest3 WHERE id BETWEEN 1537195 AND 1537295
	Index Only Scan using sbtest3_pkey on sbtest3  (cost=0.43..10.54 rows=105 width=4)
	  Index Cond: ((id >= 1537195) AND (id <= 1537295))

table 4 : explain SELECT id FROM sbtest4 WHERE id BETWEEN 1537195 AND 1537295
	Index Only Scan using sbtest4_pkey on sbtest4  (cost=0.43..10.42 rows=99 width=4)
	  Index Cond: ((id >= 1537195) AND (id <= 1537295))

table 5 : explain SELECT id FROM sbtest5 WHERE id BETWEEN 1537195 AND 1537295
	Index Only Scan using sbtest5_pkey on sbtest5  (cost=0.43..10.42 rows=99 width=4)
	  Index Cond: ((id >= 1537195) AND (id <= 1537295))

table 6 : explain SELECT id FROM sbtest6 WHERE id BETWEEN 1537195 AND 1537295
	Index Only Scan using sbtest6_pkey on sbtest6  (cost=0.43..6.67 rows=112 width=4)
	  Index Cond: ((id >= 1537195) AND (id <= 1537295))

table 7 : explain SELECT id FROM sbtest7 WHERE id BETWEEN 1537195 AND 1537295
	Index Only Scan using sbtest7_pkey on sbtest7  (cost=0.43..10.70 rows=113 width=4)
	  Index Cond: ((id >= 1537195) AND (id <= 1537295))

table 8 : explain SELECT id FROM sbtest8 WHERE id BETWEEN 1537195 AND 1537295
	Index Only Scan using sbtest8_pkey on sbtest8  (cost=0.43..6.42 rows=99 width=4)
	  Index Cond: ((id >= 1537195) AND (id <= 1537295))

for range-covered
table 1 : explain SELECT id FROM sbtest1 WHERE id BETWEEN 5210376 AND 5210476
	Index Only Scan using sbtest1_pkey on sbtest1  (cost=0.43..10.29 rows=93 width=4)
	  Index Cond: ((id >= 5210376) AND (id <= 5210476))

table 2 : explain SELECT id FROM sbtest2 WHERE id BETWEEN 5210376 AND 5210476
	Index Only Scan using sbtest2_pkey on sbtest2  (cost=0.43..6.61 rows=109 width=4)
	  Index Cond: ((id >= 5210376) AND (id <= 5210476))

table 3 : explain SELECT id FROM sbtest3 WHERE id BETWEEN 5210376 AND 5210476
	Index Only Scan using sbtest3_pkey on sbtest3  (cost=0.43..10.51 rows=104 width=4)
	  Index Cond: ((id >= 5210376) AND (id <= 5210476))

table 4 : explain SELECT id FROM sbtest4 WHERE id BETWEEN 5210376 AND 5210476
	Index Only Scan using sbtest4_pkey on sbtest4  (cost=0.43..10.50 rows=103 width=4)
	  Index Cond: ((id >= 5210376) AND (id <= 5210476))

table 5 : explain SELECT id FROM sbtest5 WHERE id BETWEEN 5210376 AND 5210476
	Index Only Scan using sbtest5_pkey on sbtest5  (cost=0.43..10.22 rows=89 width=4)
	  Index Cond: ((id >= 5210376) AND (id <= 5210476))

table 6 : explain SELECT id FROM sbtest6 WHERE id BETWEEN 5210376 AND 5210476
	Index Only Scan using sbtest6_pkey on sbtest6  (cost=0.43..6.40 rows=98 width=4)
	  Index Cond: ((id >= 5210376) AND (id <= 5210476))

table 7 : explain SELECT id FROM sbtest7 WHERE id BETWEEN 5210376 AND 5210476
	Index Only Scan using sbtest7_pkey on sbtest7  (cost=0.43..10.33 rows=95 width=4)
	  Index Cond: ((id >= 5210376) AND (id <= 5210476))

table 8 : explain SELECT id FROM sbtest8 WHERE id BETWEEN 5210376 AND 5210476
	Index Only Scan using sbtest8_pkey on sbtest8  (cost=0.43..6.67 rows=112 width=4)
	  Index Cond: ((id >= 5210376) AND (id <= 5210476))

for range-covered
table 1 : explain SELECT id FROM sbtest1 WHERE id BETWEEN 4303325 AND 4303425
	Index Only Scan using sbtest1_pkey on sbtest1  (cost=0.43..10.44 rows=100 width=4)
	  Index Cond: ((id >= 4303325) AND (id <= 4303425))

table 2 : explain SELECT id FROM sbtest2 WHERE id BETWEEN 4303325 AND 4303425
	Index Only Scan using sbtest2_pkey on sbtest2  (cost=0.43..6.47 rows=102 width=4)
	  Index Cond: ((id >= 4303325) AND (id <= 4303425))

table 3 : explain SELECT id FROM sbtest3 WHERE id BETWEEN 4303325 AND 4303425
	Index Only Scan using sbtest3_pkey on sbtest3  (cost=0.43..10.46 rows=101 width=4)
	  Index Cond: ((id >= 4303325) AND (id <= 4303425))

table 4 : explain SELECT id FROM sbtest4 WHERE id BETWEEN 4303325 AND 4303425
	Index Only Scan using sbtest4_pkey on sbtest4  (cost=0.43..10.46 rows=101 width=4)
	  Index Cond: ((id >= 4303325) AND (id <= 4303425))

table 5 : explain SELECT id FROM sbtest5 WHERE id BETWEEN 4303325 AND 4303425
	Index Only Scan using sbtest5_pkey on sbtest5  (cost=0.43..10.62 rows=109 width=4)
	  Index Cond: ((id >= 4303325) AND (id <= 4303425))

table 6 : explain SELECT id FROM sbtest6 WHERE id BETWEEN 4303325 AND 4303425
	Index Only Scan using sbtest6_pkey on sbtest6  (cost=0.43..6.27 rows=92 width=4)
	  Index Cond: ((id >= 4303325) AND (id <= 4303425))

table 7 : explain SELECT id FROM sbtest7 WHERE id BETWEEN 4303325 AND 4303425
	Index Only Scan using sbtest7_pkey on sbtest7  (cost=0.43..10.29 rows=93 width=4)
	  Index Cond: ((id >= 4303325) AND (id <= 4303425))

table 8 : explain SELECT id FROM sbtest8 WHERE id BETWEEN 4303325 AND 4303425
	Index Only Scan using sbtest8_pkey on sbtest8  (cost=0.43..6.19 rows=88 width=4)
	  Index Cond: ((id >= 4303325) AND (id <= 4303425))

for range-covered
table 1 : explain SELECT id FROM sbtest1 WHERE id BETWEEN 7014383 AND 7014483
	Index Only Scan using sbtest1_pkey on sbtest1  (cost=0.43..10.65 rows=111 width=4)
	  Index Cond: ((id >= 7014383) AND (id <= 7014483))

table 2 : explain SELECT id FROM sbtest2 WHERE id BETWEEN 7014383 AND 7014483
	Index Only Scan using sbtest2_pkey on sbtest2  (cost=0.43..6.45 rows=101 width=4)
	  Index Cond: ((id >= 7014383) AND (id <= 7014483))

table 3 : explain SELECT id FROM sbtest3 WHERE id BETWEEN 7014383 AND 7014483
	Index Only Scan using sbtest3_pkey on sbtest3  (cost=0.43..10.33 rows=95 width=4)
	  Index Cond: ((id >= 7014383) AND (id <= 7014483))

table 4 : explain SELECT id FROM sbtest4 WHERE id BETWEEN 7014383 AND 7014483
	Index Only Scan using sbtest4_pkey on sbtest4  (cost=0.43..10.24 rows=90 width=4)
	  Index Cond: ((id >= 7014383) AND (id <= 7014483))

table 5 : explain SELECT id FROM sbtest5 WHERE id BETWEEN 7014383 AND 7014483
	Index Only Scan using sbtest5_pkey on sbtest5  (cost=0.43..10.58 rows=107 width=4)
	  Index Cond: ((id >= 7014383) AND (id <= 7014483))

table 6 : explain SELECT id FROM sbtest6 WHERE id BETWEEN 7014383 AND 7014483
	Index Only Scan using sbtest6_pkey on sbtest6  (cost=0.43..6.61 rows=109 width=4)
	  Index Cond: ((id >= 7014383) AND (id <= 7014483))

table 7 : explain SELECT id FROM sbtest7 WHERE id BETWEEN 7014383 AND 7014483
	Index Only Scan using sbtest7_pkey on sbtest7  (cost=0.43..10.63 rows=110 width=4)
	  Index Cond: ((id >= 7014383) AND (id <= 7014483))

table 8 : explain SELECT id FROM sbtest8 WHERE id BETWEEN 7014383 AND 7014483
	Index Only Scan using sbtest8_pkey on sbtest8  (cost=0.43..6.42 rows=99 width=4)
	  Index Cond: ((id >= 7014383) AND (id <= 7014483))

for range-covered
table 1 : explain SELECT id FROM sbtest1 WHERE id BETWEEN 6563991 AND 6564091
	Index Only Scan using sbtest1_pkey on sbtest1  (cost=0.43..10.65 rows=111 width=4)
	  Index Cond: ((id >= 6563991) AND (id <= 6564091))

table 2 : explain SELECT id FROM sbtest2 WHERE id BETWEEN 6563991 AND 6564091
	Index Only Scan using sbtest2_pkey on sbtest2  (cost=0.43..6.58 rows=107 width=4)
	  Index Cond: ((id >= 6563991) AND (id <= 6564091))

table 3 : explain SELECT id FROM sbtest3 WHERE id BETWEEN 6563991 AND 6564091
	Index Only Scan using sbtest3_pkey on sbtest3  (cost=0.43..10.62 rows=109 width=4)
	  Index Cond: ((id >= 6563991) AND (id <= 6564091))

table 4 : explain SELECT id FROM sbtest4 WHERE id BETWEEN 6563991 AND 6564091
	Index Only Scan using sbtest4_pkey on sbtest4  (cost=0.43..10.32 rows=94 width=4)
	  Index Cond: ((id >= 6563991) AND (id <= 6564091))

table 5 : explain SELECT id FROM sbtest5 WHERE id BETWEEN 6563991 AND 6564091
	Index Only Scan using sbtest5_pkey on sbtest5  (cost=0.43..10.56 rows=106 width=4)
	  Index Cond: ((id >= 6563991) AND (id <= 6564091))

table 6 : explain SELECT id FROM sbtest6 WHERE id BETWEEN 6563991 AND 6564091
	Index Only Scan using sbtest6_pkey on sbtest6  (cost=0.43..6.51 rows=104 width=4)
	  Index Cond: ((id >= 6563991) AND (id <= 6564091))

table 7 : explain SELECT id FROM sbtest7 WHERE id BETWEEN 6563991 AND 6564091
	Index Only Scan using sbtest7_pkey on sbtest7  (cost=0.43..10.38 rows=97 width=4)
	  Index Cond: ((id >= 6563991) AND (id <= 6564091))

table 8 : explain SELECT id FROM sbtest8 WHERE id BETWEEN 6563991 AND 6564091
	Index Only Scan using sbtest8_pkey on sbtest8  (cost=0.43..6.47 rows=102 width=4)
	  Index Cond: ((id >= 6563991) AND (id <= 6564091))

explain: for range-covered :: explain SELECT id FROM sbtest%d WHERE id BETWEEN 7014383 AND 7014483
explain: for range-covered :: explain SELECT id FROM sbtest%d WHERE id BETWEEN 4045137 AND 4045237
for range-covered
table 1 : explain SELECT id FROM sbtest1 WHERE id BETWEEN 3230977 AND 3231077
	Index Only Scan using sbtest1_pkey on sbtest1  (cost=0.43..10.38 rows=97 width=4)
	  Index Cond: ((id >= 3230977) AND (id <= 3231077))

table 2 : explain SELECT id FROM sbtest2 WHERE id BETWEEN 3230977 AND 3231077
	Index Only Scan using sbtest2_pkey on sbtest2  (cost=0.43..6.50 rows=103 width=4)
	  Index Cond: ((id >= 3230977) AND (id <= 3231077))

table 3 : explain SELECT id FROM sbtest3 WHERE id BETWEEN 3230977 AND 3231077
	Index Only Scan using sbtest3_pkey on sbtest3  (cost=0.43..10.51 rows=104 width=4)
	  Index Cond: ((id >= 3230977) AND (id <= 3231077))

table 4 : explain SELECT id FROM sbtest4 WHERE id BETWEEN 3230977 AND 3231077
	Index Only Scan using sbtest4_pkey on sbtest4  (cost=0.43..10.60 rows=108 width=4)
	  Index Cond: ((id >= 3230977) AND (id <= 3231077))

table 5 : explain SELECT id FROM sbtest5 WHERE id BETWEEN 3230977 AND 3231077
	Index Only Scan using sbtest5_pkey on sbtest5  (cost=0.43..10.42 rows=99 width=4)
	  Index Cond: ((id >= 3230977) AND (id <= 3231077))

table 6 : explain SELECT id FROM sbtest6 WHERE id BETWEEN 3230977 AND 3231077
	Index Only Scan using sbtest6_pkey on sbtest6  (cost=0.43..6.35 rows=96 width=4)
	  Index Cond: ((id >= 3230977) AND (id <= 3231077))

table 7 : explain SELECT id FROM sbtest7 WHERE id BETWEEN 3230977 AND 3231077
	Index Only Scan using sbtest7_pkey on sbtest7  (cost=0.43..10.47 rows=102 width=4)
	  Index Cond: ((id >= 3230977) AND (id <= 3231077))

table 8 : explain SELECT id FROM sbtest8 WHERE id BETWEEN 3230977 AND 3231077
	Index Only Scan using sbtest8_pkey on sbtest8  (cost=0.43..6.53 rows=105 width=4)
	  Index Cond: ((id >= 3230977) AND (id <= 3231077))

explain: for range-covered :: explain SELECT id FROM sbtest%d WHERE id BETWEEN 6563991 AND 6564091
explain: for range-covered :: explain SELECT id FROM sbtest%d WHERE id BETWEEN 3230977 AND 3231077
explain: for range-covered :: explain SELECT id FROM sbtest%d WHERE id BETWEEN 5210376 AND 5210476
for range-covered
table 1 : explain SELECT id FROM sbtest1 WHERE id BETWEEN 7014383 AND 7014483
	Index Only Scan using sbtest1_pkey on sbtest1  (cost=0.43..10.65 rows=111 width=4)
	  Index Cond: ((id >= 7014383) AND (id <= 7014483))

table 2 : explain SELECT id FROM sbtest2 WHERE id BETWEEN 7014383 AND 7014483
	Index Only Scan using sbtest2_pkey on sbtest2  (cost=0.43..6.45 rows=101 width=4)
	  Index Cond: ((id >= 7014383) AND (id <= 7014483))

table 3 : explain SELECT id FROM sbtest3 WHERE id BETWEEN 7014383 AND 7014483
	Index Only Scan using sbtest3_pkey on sbtest3  (cost=0.43..10.33 rows=95 width=4)
	  Index Cond: ((id >= 7014383) AND (id <= 7014483))

table 4 : explain SELECT id FROM sbtest4 WHERE id BETWEEN 7014383 AND 7014483
	Index Only Scan using sbtest4_pkey on sbtest4  (cost=0.43..10.24 rows=90 width=4)
	  Index Cond: ((id >= 7014383) AND (id <= 7014483))

table 5 : explain SELECT id FROM sbtest5 WHERE id BETWEEN 7014383 AND 7014483
	Index Only Scan using sbtest5_pkey on sbtest5  (cost=0.43..10.58 rows=107 width=4)
	  Index Cond: ((id >= 7014383) AND (id <= 7014483))

table 6 : explain SELECT id FROM sbtest6 WHERE id BETWEEN 7014383 AND 7014483
	Index Only Scan using sbtest6_pkey on sbtest6  (cost=0.43..6.61 rows=109 width=4)
	  Index Cond: ((id >= 7014383) AND (id <= 7014483))

table 7 : explain SELECT id FROM sbtest7 WHERE id BETWEEN 7014383 AND 7014483
	Index Only Scan using sbtest7_pkey on sbtest7  (cost=0.43..10.63 rows=110 width=4)
	  Index Cond: ((id >= 7014383) AND (id <= 7014483))

table 8 : explain SELECT id FROM sbtest8 WHERE id BETWEEN 7014383 AND 7014483
	Index Only Scan using sbtest8_pkey on sbtest8  (cost=0.43..6.42 rows=99 width=4)
	  Index Cond: ((id >= 7014383) AND (id <= 7014483))

for range-covered
table 1 : explain SELECT id FROM sbtest1 WHERE id BETWEEN 6560356 AND 6560456
	Index Only Scan using sbtest1_pkey on sbtest1  (cost=0.43..10.65 rows=111 width=4)
	  Index Cond: ((id >= 6560356) AND (id <= 6560456))

table 2 : explain SELECT id FROM sbtest2 WHERE id BETWEEN 6560356 AND 6560456
	Index Only Scan using sbtest2_pkey on sbtest2  (cost=0.43..6.58 rows=107 width=4)
	  Index Cond: ((id >= 6560356) AND (id <= 6560456))

table 3 : explain SELECT id FROM sbtest3 WHERE id BETWEEN 6560356 AND 6560456
	Index Only Scan using sbtest3_pkey on sbtest3  (cost=0.43..10.62 rows=109 width=4)
	  Index Cond: ((id >= 6560356) AND (id <= 6560456))

table 4 : explain SELECT id FROM sbtest4 WHERE id BETWEEN 6560356 AND 6560456
	Index Only Scan using sbtest4_pkey on sbtest4  (cost=0.43..10.32 rows=94 width=4)
	  Index Cond: ((id >= 6560356) AND (id <= 6560456))

table 5 : explain SELECT id FROM sbtest5 WHERE id BETWEEN 6560356 AND 6560456
	Index Only Scan using sbtest5_pkey on sbtest5  (cost=0.43..10.56 rows=106 width=4)
	  Index Cond: ((id >= 6560356) AND (id <= 6560456))

table 6 : explain SELECT id FROM sbtest6 WHERE id BETWEEN 6560356 AND 6560456
	Index Only Scan using sbtest6_pkey on sbtest6  (cost=0.43..6.51 rows=104 width=4)
	  Index Cond: ((id >= 6560356) AND (id <= 6560456))

table 7 : explain SELECT id FROM sbtest7 WHERE id BETWEEN 6560356 AND 6560456
	Index Only Scan using sbtest7_pkey on sbtest7  (cost=0.43..10.38 rows=97 width=4)
	  Index Cond: ((id >= 6560356) AND (id <= 6560456))

table 8 : explain SELECT id FROM sbtest8 WHERE id BETWEEN 6560356 AND 6560456
	Index Only Scan using sbtest8_pkey on sbtest8  (cost=0.43..6.47 rows=102 width=4)
	  Index Cond: ((id >= 6560356) AND (id <= 6560456))

explain: for range-covered :: explain SELECT id FROM sbtest%d WHERE id BETWEEN 7014383 AND 7014483
for range-covered
table 1 : explain SELECT id FROM sbtest1 WHERE id BETWEEN 6563991 AND 6564091
	Index Only Scan using sbtest1_pkey on sbtest1  (cost=0.43..10.65 rows=111 width=4)
	  Index Cond: ((id >= 6563991) AND (id <= 6564091))

table 2 : explain SELECT id FROM sbtest2 WHERE id BETWEEN 6563991 AND 6564091
	Index Only Scan using sbtest2_pkey on sbtest2  (cost=0.43..6.58 rows=107 width=4)
	  Index Cond: ((id >= 6563991) AND (id <= 6564091))

table 3 : explain SELECT id FROM sbtest3 WHERE id BETWEEN 6563991 AND 6564091
	Index Only Scan using sbtest3_pkey on sbtest3  (cost=0.43..10.62 rows=109 width=4)
	  Index Cond: ((id >= 6563991) AND (id <= 6564091))

table 4 : explain SELECT id FROM sbtest4 WHERE id BETWEEN 6563991 AND 6564091
	Index Only Scan using sbtest4_pkey on sbtest4  (cost=0.43..10.32 rows=94 width=4)
	  Index Cond: ((id >= 6563991) AND (id <= 6564091))

table 5 : explain SELECT id FROM sbtest5 WHERE id BETWEEN 6563991 AND 6564091
	Index Only Scan using sbtest5_pkey on sbtest5  (cost=0.43..10.56 rows=106 width=4)
	  Index Cond: ((id >= 6563991) AND (id <= 6564091))

table 6 : explain SELECT id FROM sbtest6 WHERE id BETWEEN 6563991 AND 6564091
	Index Only Scan using sbtest6_pkey on sbtest6  (cost=0.43..6.51 rows=104 width=4)
	  Index Cond: ((id >= 6563991) AND (id <= 6564091))

table 7 : explain SELECT id FROM sbtest7 WHERE id BETWEEN 6563991 AND 6564091
	Index Only Scan using sbtest7_pkey on sbtest7  (cost=0.43..10.38 rows=97 width=4)
	  Index Cond: ((id >= 6563991) AND (id <= 6564091))

table 8 : explain SELECT id FROM sbtest8 WHERE id BETWEEN 6563991 AND 6564091
	Index Only Scan using sbtest8_pkey on sbtest8  (cost=0.43..6.47 rows=102 width=4)
	  Index Cond: ((id >= 6563991) AND (id <= 6564091))

for range-covered
table 1 : explain SELECT id FROM sbtest1 WHERE id BETWEEN 3230977 AND 3231077
	Index Only Scan using sbtest1_pkey on sbtest1  (cost=0.43..10.38 rows=97 width=4)
	  Index Cond: ((id >= 3230977) AND (id <= 3231077))

table 2 : explain SELECT id FROM sbtest2 WHERE id BETWEEN 3230977 AND 3231077
	Index Only Scan using sbtest2_pkey on sbtest2  (cost=0.43..6.50 rows=103 width=4)
	  Index Cond: ((id >= 3230977) AND (id <= 3231077))

table 3 : explain SELECT id FROM sbtest3 WHERE id BETWEEN 3230977 AND 3231077
	Index Only Scan using sbtest3_pkey on sbtest3  (cost=0.43..10.51 rows=104 width=4)
	  Index Cond: ((id >= 3230977) AND (id <= 3231077))

table 4 : explain SELECT id FROM sbtest4 WHERE id BETWEEN 3230977 AND 3231077
	Index Only Scan using sbtest4_pkey on sbtest4  (cost=0.43..10.60 rows=108 width=4)
	  Index Cond: ((id >= 3230977) AND (id <= 3231077))

table 5 : explain SELECT id FROM sbtest5 WHERE id BETWEEN 3230977 AND 3231077
	Index Only Scan using sbtest5_pkey on sbtest5  (cost=0.43..10.42 rows=99 width=4)
	  Index Cond: ((id >= 3230977) AND (id <= 3231077))

table 6 : explain SELECT id FROM sbtest6 WHERE id BETWEEN 3230977 AND 3231077
	Index Only Scan using sbtest6_pkey on sbtest6  (cost=0.43..6.35 rows=96 width=4)
	  Index Cond: ((id >= 3230977) AND (id <= 3231077))

table 7 : explain SELECT id FROM sbtest7 WHERE id BETWEEN 3230977 AND 3231077
	Index Only Scan using sbtest7_pkey on sbtest7  (cost=0.43..10.47 rows=102 width=4)
	  Index Cond: ((id >= 3230977) AND (id <= 3231077))

table 8 : explain SELECT id FROM sbtest8 WHERE id BETWEEN 3230977 AND 3231077
	Index Only Scan using sbtest8_pkey on sbtest8  (cost=0.43..6.53 rows=105 width=4)
	  Index Cond: ((id >= 3230977) AND (id <= 3231077))

explain: for range-covered :: explain SELECT id FROM sbtest%d WHERE id BETWEEN 6563991 AND 6564091
for range-covered
table 1 : explain SELECT id FROM sbtest1 WHERE id BETWEEN 5458400 AND 5458500
	Index Only Scan using sbtest1_pkey on sbtest1  (cost=0.43..10.33 rows=95 width=4)
	  Index Cond: ((id >= 5458400) AND (id <= 5458500))

table 2 : explain SELECT id FROM sbtest2 WHERE id BETWEEN 5458400 AND 5458500
	Index Only Scan using sbtest2_pkey on sbtest2  (cost=0.43..6.56 rows=106 width=4)
	  Index Cond: ((id >= 5458400) AND (id <= 5458500))

table 3 : explain SELECT id FROM sbtest3 WHERE id BETWEEN 5458400 AND 5458500
	Index Only Scan using sbtest3_pkey on sbtest3  (cost=0.43..10.40 rows=98 width=4)
	  Index Cond: ((id >= 5458400) AND (id <= 5458500))

table 4 : explain SELECT id FROM sbtest4 WHERE id BETWEEN 5458400 AND 5458500
	Index Only Scan using sbtest4_pkey on sbtest4  (cost=0.43..10.56 rows=106 width=4)
	  Index Cond: ((id >= 5458400) AND (id <= 5458500))

table 5 : explain SELECT id FROM sbtest5 WHERE id BETWEEN 5458400 AND 5458500
	Index Only Scan using sbtest5_pkey on sbtest5  (cost=0.43..10.32 rows=94 width=4)
	  Index Cond: ((id >= 5458400) AND (id <= 5458500))

table 6 : explain SELECT id FROM sbtest6 WHERE id BETWEEN 5458400 AND 5458500
	Index Only Scan using sbtest6_pkey on sbtest6  (cost=0.43..6.56 rows=106 width=4)
	  Index Cond: ((id >= 5458400) AND (id <= 5458500))

table 7 : explain SELECT id FROM sbtest7 WHERE id BETWEEN 5458400 AND 5458500
	Index Only Scan using sbtest7_pkey on sbtest7  (cost=0.43..10.32 rows=94 width=4)
	  Index Cond: ((id >= 5458400) AND (id <= 5458500))

table 8 : explain SELECT id FROM sbtest8 WHERE id BETWEEN 5458400 AND 5458500
	Index Only Scan using sbtest8_pkey on sbtest8  (cost=0.43..6.37 rows=97 width=4)
	  Index Cond: ((id >= 5458400) AND (id <= 5458500))

for range-covered
table 1 : explain SELECT id FROM sbtest1 WHERE id BETWEEN 5210376 AND 5210476
	Index Only Scan using sbtest1_pkey on sbtest1  (cost=0.43..10.29 rows=93 width=4)
	  Index Cond: ((id >= 5210376) AND (id <= 5210476))

table 2 : explain SELECT id FROM sbtest2 WHERE id BETWEEN 5210376 AND 5210476
	Index Only Scan using sbtest2_pkey on sbtest2  (cost=0.43..6.61 rows=109 width=4)
	  Index Cond: ((id >= 5210376) AND (id <= 5210476))

table 3 : explain SELECT id FROM sbtest3 WHERE id BETWEEN 5210376 AND 5210476
	Index Only Scan using sbtest3_pkey on sbtest3  (cost=0.43..10.51 rows=104 width=4)
	  Index Cond: ((id >= 5210376) AND (id <= 5210476))

table 4 : explain SELECT id FROM sbtest4 WHERE id BETWEEN 5210376 AND 5210476
	Index Only Scan using sbtest4_pkey on sbtest4  (cost=0.43..10.50 rows=103 width=4)
	  Index Cond: ((id >= 5210376) AND (id <= 5210476))

table 5 : explain SELECT id FROM sbtest5 WHERE id BETWEEN 5210376 AND 5210476
	Index Only Scan using sbtest5_pkey on sbtest5  (cost=0.43..10.22 rows=89 width=4)
	  Index Cond: ((id >= 5210376) AND (id <= 5210476))

table 6 : explain SELECT id FROM sbtest6 WHERE id BETWEEN 5210376 AND 5210476
	Index Only Scan using sbtest6_pkey on sbtest6  (cost=0.43..6.40 rows=98 width=4)
	  Index Cond: ((id >= 5210376) AND (id <= 5210476))

table 7 : explain SELECT id FROM sbtest7 WHERE id BETWEEN 5210376 AND 5210476
	Index Only Scan using sbtest7_pkey on sbtest7  (cost=0.43..10.33 rows=95 width=4)
	  Index Cond: ((id >= 5210376) AND (id <= 5210476))

table 8 : explain SELECT id FROM sbtest8 WHERE id BETWEEN 5210376 AND 5210476
	Index Only Scan using sbtest8_pkey on sbtest8  (cost=0.43..6.67 rows=112 width=4)
	  Index Cond: ((id >= 5210376) AND (id <= 5210476))

explain: for range-covered :: explain SELECT id FROM sbtest%d WHERE id BETWEEN 5458400 AND 5458500
explain: for range-covered :: explain SELECT id FROM sbtest%d WHERE id BETWEEN 5210376 AND 5210476
for range-covered
table 1 : explain SELECT id FROM sbtest1 WHERE id BETWEEN 7014383 AND 7014483
	Index Only Scan using sbtest1_pkey on sbtest1  (cost=0.43..10.65 rows=111 width=4)
	  Index Cond: ((id >= 7014383) AND (id <= 7014483))

table 2 : explain SELECT id FROM sbtest2 WHERE id BETWEEN 7014383 AND 7014483
	Index Only Scan using sbtest2_pkey on sbtest2  (cost=0.43..6.45 rows=101 width=4)
	  Index Cond: ((id >= 7014383) AND (id <= 7014483))

table 3 : explain SELECT id FROM sbtest3 WHERE id BETWEEN 7014383 AND 7014483
	Index Only Scan using sbtest3_pkey on sbtest3  (cost=0.43..10.33 rows=95 width=4)
	  Index Cond: ((id >= 7014383) AND (id <= 7014483))

table 4 : explain SELECT id FROM sbtest4 WHERE id BETWEEN 7014383 AND 7014483
	Index Only Scan using sbtest4_pkey on sbtest4  (cost=0.43..10.24 rows=90 width=4)
	  Index Cond: ((id >= 7014383) AND (id <= 7014483))

table 5 : explain SELECT id FROM sbtest5 WHERE id BETWEEN 7014383 AND 7014483
	Index Only Scan using sbtest5_pkey on sbtest5  (cost=0.43..10.58 rows=107 width=4)
	  Index Cond: ((id >= 7014383) AND (id <= 7014483))

table 6 : explain SELECT id FROM sbtest6 WHERE id BETWEEN 7014383 AND 7014483
	Index Only Scan using sbtest6_pkey on sbtest6  (cost=0.43..6.61 rows=109 width=4)
	  Index Cond: ((id >= 7014383) AND (id <= 7014483))

table 7 : explain SELECT id FROM sbtest7 WHERE id BETWEEN 7014383 AND 7014483
	Index Only Scan using sbtest7_pkey on sbtest7  (cost=0.43..10.63 rows=110 width=4)
	  Index Cond: ((id >= 7014383) AND (id <= 7014483))

table 8 : explain SELECT id FROM sbtest8 WHERE id BETWEEN 7014383 AND 7014483
	Index Only Scan using sbtest8_pkey on sbtest8  (cost=0.43..6.42 rows=99 width=4)
	  Index Cond: ((id >= 7014383) AND (id <= 7014483))

for range-covered
table 1 : explain SELECT id FROM sbtest1 WHERE id BETWEEN 6563991 AND 6564091
	Index Only Scan using sbtest1_pkey on sbtest1  (cost=0.43..10.65 rows=111 width=4)
	  Index Cond: ((id >= 6563991) AND (id <= 6564091))

table 2 : explain SELECT id FROM sbtest2 WHERE id BETWEEN 6563991 AND 6564091
	Index Only Scan using sbtest2_pkey on sbtest2  (cost=0.43..6.58 rows=107 width=4)
	  Index Cond: ((id >= 6563991) AND (id <= 6564091))

table 3 : explain SELECT id FROM sbtest3 WHERE id BETWEEN 6563991 AND 6564091
	Index Only Scan using sbtest3_pkey on sbtest3  (cost=0.43..10.62 rows=109 width=4)
	  Index Cond: ((id >= 6563991) AND (id <= 6564091))

table 4 : explain SELECT id FROM sbtest4 WHERE id BETWEEN 6563991 AND 6564091
	Index Only Scan using sbtest4_pkey on sbtest4  (cost=0.43..10.32 rows=94 width=4)
	  Index Cond: ((id >= 6563991) AND (id <= 6564091))

table 5 : explain SELECT id FROM sbtest5 WHERE id BETWEEN 6563991 AND 6564091
	Index Only Scan using sbtest5_pkey on sbtest5  (cost=0.43..10.56 rows=106 width=4)
	  Index Cond: ((id >= 6563991) AND (id <= 6564091))

table 6 : explain SELECT id FROM sbtest6 WHERE id BETWEEN 6563991 AND 6564091
	Index Only Scan using sbtest6_pkey on sbtest6  (cost=0.43..6.51 rows=104 width=4)
	  Index Cond: ((id >= 6563991) AND (id <= 6564091))

table 7 : explain SELECT id FROM sbtest7 WHERE id BETWEEN 6563991 AND 6564091
	Index Only Scan using sbtest7_pkey on sbtest7  (cost=0.43..10.38 rows=97 width=4)
	  Index Cond: ((id >= 6563991) AND (id <= 6564091))

table 8 : explain SELECT id FROM sbtest8 WHERE id BETWEEN 6563991 AND 6564091
	Index Only Scan using sbtest8_pkey on sbtest8  (cost=0.43..6.47 rows=102 width=4)
	  Index Cond: ((id >= 6563991) AND (id <= 6564091))

explain: for range-covered :: explain SELECT id FROM sbtest%d WHERE id BETWEEN 6563991 AND 6564091
for range-covered
table 1 : explain SELECT id FROM sbtest1 WHERE id BETWEEN 5458400 AND 5458500
	Index Only Scan using sbtest1_pkey on sbtest1  (cost=0.43..10.33 rows=95 width=4)
	  Index Cond: ((id >= 5458400) AND (id <= 5458500))

table 2 : explain SELECT id FROM sbtest2 WHERE id BETWEEN 5458400 AND 5458500
	Index Only Scan using sbtest2_pkey on sbtest2  (cost=0.43..6.56 rows=106 width=4)
	  Index Cond: ((id >= 5458400) AND (id <= 5458500))

table 3 : explain SELECT id FROM sbtest3 WHERE id BETWEEN 5458400 AND 5458500
	Index Only Scan using sbtest3_pkey on sbtest3  (cost=0.43..10.40 rows=98 width=4)
	  Index Cond: ((id >= 5458400) AND (id <= 5458500))

table 4 : explain SELECT id FROM sbtest4 WHERE id BETWEEN 5458400 AND 5458500
	Index Only Scan using sbtest4_pkey on sbtest4  (cost=0.43..10.56 rows=106 width=4)
	  Index Cond: ((id >= 5458400) AND (id <= 5458500))

table 5 : explain SELECT id FROM sbtest5 WHERE id BETWEEN 5458400 AND 5458500
	Index Only Scan using sbtest5_pkey on sbtest5  (cost=0.43..10.32 rows=94 width=4)
	  Index Cond: ((id >= 5458400) AND (id <= 5458500))

table 6 : explain SELECT id FROM sbtest6 WHERE id BETWEEN 5458400 AND 5458500
	Index Only Scan using sbtest6_pkey on sbtest6  (cost=0.43..6.56 rows=106 width=4)
	  Index Cond: ((id >= 5458400) AND (id <= 5458500))

table 7 : explain SELECT id FROM sbtest7 WHERE id BETWEEN 5458400 AND 5458500
	Index Only Scan using sbtest7_pkey on sbtest7  (cost=0.43..10.32 rows=94 width=4)
	  Index Cond: ((id >= 5458400) AND (id <= 5458500))

table 8 : explain SELECT id FROM sbtest8 WHERE id BETWEEN 5458400 AND 5458500
	Index Only Scan using sbtest8_pkey on sbtest8  (cost=0.43..6.37 rows=97 width=4)
	  Index Cond: ((id >= 5458400) AND (id <= 5458500))

explain: for range-covered :: explain SELECT id FROM sbtest%d WHERE id BETWEEN 5458400 AND 5458500
for range-covered
table 1 : explain SELECT id FROM sbtest1 WHERE id BETWEEN 6563991 AND 6564091
	Index Only Scan using sbtest1_pkey on sbtest1  (cost=0.43..10.65 rows=111 width=4)
	  Index Cond: ((id >= 6563991) AND (id <= 6564091))

table 2 : explain SELECT id FROM sbtest2 WHERE id BETWEEN 6563991 AND 6564091
	Index Only Scan using sbtest2_pkey on sbtest2  (cost=0.43..6.58 rows=107 width=4)
	  Index Cond: ((id >= 6563991) AND (id <= 6564091))

table 3 : explain SELECT id FROM sbtest3 WHERE id BETWEEN 6563991 AND 6564091
	Index Only Scan using sbtest3_pkey on sbtest3  (cost=0.43..10.62 rows=109 width=4)
	  Index Cond: ((id >= 6563991) AND (id <= 6564091))

table 4 : explain SELECT id FROM sbtest4 WHERE id BETWEEN 6563991 AND 6564091
	Index Only Scan using sbtest4_pkey on sbtest4  (cost=0.43..10.32 rows=94 width=4)
	  Index Cond: ((id >= 6563991) AND (id <= 6564091))

table 5 : explain SELECT id FROM sbtest5 WHERE id BETWEEN 6563991 AND 6564091
	Index Only Scan using sbtest5_pkey on sbtest5  (cost=0.43..10.56 rows=106 width=4)
	  Index Cond: ((id >= 6563991) AND (id <= 6564091))

table 6 : explain SELECT id FROM sbtest6 WHERE id BETWEEN 6563991 AND 6564091
	Index Only Scan using sbtest6_pkey on sbtest6  (cost=0.43..6.51 rows=104 width=4)
	  Index Cond: ((id >= 6563991) AND (id <= 6564091))

table 7 : explain SELECT id FROM sbtest7 WHERE id BETWEEN 6563991 AND 6564091
	Index Only Scan using sbtest7_pkey on sbtest7  (cost=0.43..10.38 rows=97 width=4)
	  Index Cond: ((id >= 6563991) AND (id <= 6564091))

table 8 : explain SELECT id FROM sbtest8 WHERE id BETWEEN 6563991 AND 6564091
	Index Only Scan using sbtest8_pkey on sbtest8  (cost=0.43..6.47 rows=102 width=4)
	  Index Cond: ((id >= 6563991) AND (id <= 6564091))

explain: for range-covered :: explain SELECT id FROM sbtest%d WHERE id BETWEEN 6563991 AND 6564091
for range-covered
table 1 : explain SELECT id FROM sbtest1 WHERE id BETWEEN 4045137 AND 4045237
	Index Only Scan using sbtest1_pkey on sbtest1  (cost=0.43..10.44 rows=100 width=4)
	  Index Cond: ((id >= 4045137) AND (id <= 4045237))

table 2 : explain SELECT id FROM sbtest2 WHERE id BETWEEN 4045137 AND 4045237
	Index Only Scan using sbtest2_pkey on sbtest2  (cost=0.43..6.50 rows=103 width=4)
	  Index Cond: ((id >= 4045137) AND (id <= 4045237))

table 3 : explain SELECT id FROM sbtest3 WHERE id BETWEEN 4045137 AND 4045237
	Index Only Scan using sbtest3_pkey on sbtest3  (cost=0.43..10.65 rows=111 width=4)
	  Index Cond: ((id >= 4045137) AND (id <= 4045237))

table 4 : explain SELECT id FROM sbtest4 WHERE id BETWEEN 4045137 AND 4045237
	Index Only Scan using sbtest4_pkey on sbtest4  (cost=0.43..10.36 rows=96 width=4)
	  Index Cond: ((id >= 4045137) AND (id <= 4045237))

table 5 : explain SELECT id FROM sbtest5 WHERE id BETWEEN 4045137 AND 4045237
	Index Only Scan using sbtest5_pkey on sbtest5  (cost=0.43..10.28 rows=92 width=4)
	  Index Cond: ((id >= 4045137) AND (id <= 4045237))

table 6 : explain SELECT id FROM sbtest6 WHERE id BETWEEN 4045137 AND 4045237
	Index Only Scan using sbtest6_pkey on sbtest6  (cost=0.43..6.43 rows=100 width=4)
	  Index Cond: ((id >= 4045137) AND (id <= 4045237))

table 7 : explain SELECT id FROM sbtest7 WHERE id BETWEEN 4045137 AND 4045237
	Index Only Scan using sbtest7_pkey on sbtest7  (cost=0.43..10.68 rows=112 width=4)
	  Index Cond: ((id >= 4045137) AND (id <= 4045237))

table 8 : explain SELECT id FROM sbtest8 WHERE id BETWEEN 4045137 AND 4045237
	Index Only Scan using sbtest8_pkey on sbtest8  (cost=0.43..6.47 rows=102 width=4)
	  Index Cond: ((id >= 4045137) AND (id <= 4045237))

for range-covered
table 1 : explain SELECT id FROM sbtest1 WHERE id BETWEEN 5210376 AND 5210476
	Index Only Scan using sbtest1_pkey on sbtest1  (cost=0.43..10.29 rows=93 width=4)
	  Index Cond: ((id >= 5210376) AND (id <= 5210476))

table 2 : explain SELECT id FROM sbtest2 WHERE id BETWEEN 5210376 AND 5210476
	Index Only Scan using sbtest2_pkey on sbtest2  (cost=0.43..6.61 rows=109 width=4)
	  Index Cond: ((id >= 5210376) AND (id <= 5210476))

table 3 : explain SELECT id FROM sbtest3 WHERE id BETWEEN 5210376 AND 5210476
	Index Only Scan using sbtest3_pkey on sbtest3  (cost=0.43..10.51 rows=104 width=4)
	  Index Cond: ((id >= 5210376) AND (id <= 5210476))

table 4 : explain SELECT id FROM sbtest4 WHERE id BETWEEN 5210376 AND 5210476
	Index Only Scan using sbtest4_pkey on sbtest4  (cost=0.43..10.50 rows=103 width=4)
	  Index Cond: ((id >= 5210376) AND (id <= 5210476))

table 5 : explain SELECT id FROM sbtest5 WHERE id BETWEEN 5210376 AND 5210476
	Index Only Scan using sbtest5_pkey on sbtest5  (cost=0.43..10.22 rows=89 width=4)
	  Index Cond: ((id >= 5210376) AND (id <= 5210476))

table 6 : explain SELECT id FROM sbtest6 WHERE id BETWEEN 5210376 AND 5210476
	Index Only Scan using sbtest6_pkey on sbtest6  (cost=0.43..6.40 rows=98 width=4)
	  Index Cond: ((id >= 5210376) AND (id <= 5210476))

table 7 : explain SELECT id FROM sbtest7 WHERE id BETWEEN 5210376 AND 5210476
	Index Only Scan using sbtest7_pkey on sbtest7  (cost=0.43..10.33 rows=95 width=4)
	  Index Cond: ((id >= 5210376) AND (id <= 5210476))

table 8 : explain SELECT id FROM sbtest8 WHERE id BETWEEN 5210376 AND 5210476
	Index Only Scan using sbtest8_pkey on sbtest8  (cost=0.43..6.67 rows=112 width=4)
	  Index Cond: ((id >= 5210376) AND (id <= 5210476))

explain: for range-covered :: explain SELECT id FROM sbtest%d WHERE id BETWEEN 4045137 AND 4045237
for range-covered
table 1 : explain SELECT id FROM sbtest1 WHERE id BETWEEN 5458400 AND 5458500
	Index Only Scan using sbtest1_pkey on sbtest1  (cost=0.43..10.33 rows=95 width=4)
	  Index Cond: ((id >= 5458400) AND (id <= 5458500))

table 2 : explain SELECT id FROM sbtest2 WHERE id BETWEEN 5458400 AND 5458500
	Index Only Scan using sbtest2_pkey on sbtest2  (cost=0.43..6.56 rows=106 width=4)
	  Index Cond: ((id >= 5458400) AND (id <= 5458500))

table 3 : explain SELECT id FROM sbtest3 WHERE id BETWEEN 5458400 AND 5458500
	Index Only Scan using sbtest3_pkey on sbtest3  (cost=0.43..10.40 rows=98 width=4)
	  Index Cond: ((id >= 5458400) AND (id <= 5458500))

table 4 : explain SELECT id FROM sbtest4 WHERE id BETWEEN 5458400 AND 5458500
	Index Only Scan using sbtest4_pkey on sbtest4  (cost=0.43..10.56 rows=106 width=4)
	  Index Cond: ((id >= 5458400) AND (id <= 5458500))

table 5 : explain SELECT id FROM sbtest5 WHERE id BETWEEN 5458400 AND 5458500
	Index Only Scan using sbtest5_pkey on sbtest5  (cost=0.43..10.32 rows=94 width=4)
	  Index Cond: ((id >= 5458400) AND (id <= 5458500))

table 6 : explain SELECT id FROM sbtest6 WHERE id BETWEEN 5458400 AND 5458500
	Index Only Scan using sbtest6_pkey on sbtest6  (cost=0.43..6.56 rows=106 width=4)
	  Index Cond: ((id >= 5458400) AND (id <= 5458500))

table 7 : explain SELECT id FROM sbtest7 WHERE id BETWEEN 5458400 AND 5458500
	Index Only Scan using sbtest7_pkey on sbtest7  (cost=0.43..10.32 rows=94 width=4)
	  Index Cond: ((id >= 5458400) AND (id <= 5458500))

table 8 : explain SELECT id FROM sbtest8 WHERE id BETWEEN 5458400 AND 5458500
	Index Only Scan using sbtest8_pkey on sbtest8  (cost=0.43..6.37 rows=97 width=4)
	  Index Cond: ((id >= 5458400) AND (id <= 5458500))

explain: for range-covered :: explain SELECT id FROM sbtest%d WHERE id BETWEEN 5458400 AND 5458500
for range-covered
table 1 : explain SELECT id FROM sbtest1 WHERE id BETWEEN 6563991 AND 6564091
	Index Only Scan using sbtest1_pkey on sbtest1  (cost=0.43..10.65 rows=111 width=4)
	  Index Cond: ((id >= 6563991) AND (id <= 6564091))

table 2 : explain SELECT id FROM sbtest2 WHERE id BETWEEN 6563991 AND 6564091
	Index Only Scan using sbtest2_pkey on sbtest2  (cost=0.43..6.58 rows=107 width=4)
	  Index Cond: ((id >= 6563991) AND (id <= 6564091))

table 3 : explain SELECT id FROM sbtest3 WHERE id BETWEEN 6563991 AND 6564091
	Index Only Scan using sbtest3_pkey on sbtest3  (cost=0.43..10.62 rows=109 width=4)
	  Index Cond: ((id >= 6563991) AND (id <= 6564091))

table 4 : explain SELECT id FROM sbtest4 WHERE id BETWEEN 6563991 AND 6564091
	Index Only Scan using sbtest4_pkey on sbtest4  (cost=0.43..10.32 rows=94 width=4)
	  Index Cond: ((id >= 6563991) AND (id <= 6564091))

table 5 : explain SELECT id FROM sbtest5 WHERE id BETWEEN 6563991 AND 6564091
	Index Only Scan using sbtest5_pkey on sbtest5  (cost=0.43..10.56 rows=106 width=4)
	  Index Cond: ((id >= 6563991) AND (id <= 6564091))

table 6 : explain SELECT id FROM sbtest6 WHERE id BETWEEN 6563991 AND 6564091
	Index Only Scan using sbtest6_pkey on sbtest6  (cost=0.43..6.51 rows=104 width=4)
	  Index Cond: ((id >= 6563991) AND (id <= 6564091))

table 7 : explain SELECT id FROM sbtest7 WHERE id BETWEEN 6563991 AND 6564091
	Index Only Scan using sbtest7_pkey on sbtest7  (cost=0.43..10.38 rows=97 width=4)
	  Index Cond: ((id >= 6563991) AND (id <= 6564091))

table 8 : explain SELECT id FROM sbtest8 WHERE id BETWEEN 6563991 AND 6564091
	Index Only Scan using sbtest8_pkey on sbtest8  (cost=0.43..6.47 rows=102 width=4)
	  Index Cond: ((id >= 6563991) AND (id <= 6564091))

explain: for range-covered :: explain SELECT id FROM sbtest%d WHERE id BETWEEN 6563991 AND 6564091
for range-covered
table 1 : explain SELECT id FROM sbtest1 WHERE id BETWEEN 5458400 AND 5458500
	Index Only Scan using sbtest1_pkey on sbtest1  (cost=0.43..10.33 rows=95 width=4)
	  Index Cond: ((id >= 5458400) AND (id <= 5458500))

table 2 : explain SELECT id FROM sbtest2 WHERE id BETWEEN 5458400 AND 5458500
	Index Only Scan using sbtest2_pkey on sbtest2  (cost=0.43..6.56 rows=106 width=4)
	  Index Cond: ((id >= 5458400) AND (id <= 5458500))

table 3 : explain SELECT id FROM sbtest3 WHERE id BETWEEN 5458400 AND 5458500
	Index Only Scan using sbtest3_pkey on sbtest3  (cost=0.43..10.40 rows=98 width=4)
	  Index Cond: ((id >= 5458400) AND (id <= 5458500))

table 4 : explain SELECT id FROM sbtest4 WHERE id BETWEEN 5458400 AND 5458500
	Index Only Scan using sbtest4_pkey on sbtest4  (cost=0.43..10.56 rows=106 width=4)
	  Index Cond: ((id >= 5458400) AND (id <= 5458500))

table 5 : explain SELECT id FROM sbtest5 WHERE id BETWEEN 5458400 AND 5458500
	Index Only Scan using sbtest5_pkey on sbtest5  (cost=0.43..10.32 rows=94 width=4)
	  Index Cond: ((id >= 5458400) AND (id <= 5458500))

table 6 : explain SELECT id FROM sbtest6 WHERE id BETWEEN 5458400 AND 5458500
	Index Only Scan using sbtest6_pkey on sbtest6  (cost=0.43..6.56 rows=106 width=4)
	  Index Cond: ((id >= 5458400) AND (id <= 5458500))

table 7 : explain SELECT id FROM sbtest7 WHERE id BETWEEN 5458400 AND 5458500
	Index Only Scan using sbtest7_pkey on sbtest7  (cost=0.43..10.32 rows=94 width=4)
	  Index Cond: ((id >= 5458400) AND (id <= 5458500))

table 8 : explain SELECT id FROM sbtest8 WHERE id BETWEEN 5458400 AND 5458500
	Index Only Scan using sbtest8_pkey on sbtest8  (cost=0.43..6.37 rows=97 width=4)
	  Index Cond: ((id >= 5458400) AND (id <= 5458500))

for range-covered
table 1 : explain SELECT id FROM sbtest1 WHERE id BETWEEN 4045137 AND 4045237
	Index Only Scan using sbtest1_pkey on sbtest1  (cost=0.43..10.44 rows=100 width=4)
	  Index Cond: ((id >= 4045137) AND (id <= 4045237))

table 2 : explain SELECT id FROM sbtest2 WHERE id BETWEEN 4045137 AND 4045237
	Index Only Scan using sbtest2_pkey on sbtest2  (cost=0.43..6.50 rows=103 width=4)
	  Index Cond: ((id >= 4045137) AND (id <= 4045237))

table 3 : explain SELECT id FROM sbtest3 WHERE id BETWEEN 4045137 AND 4045237
	Index Only Scan using sbtest3_pkey on sbtest3  (cost=0.43..10.65 rows=111 width=4)
	  Index Cond: ((id >= 4045137) AND (id <= 4045237))

table 4 : explain SELECT id FROM sbtest4 WHERE id BETWEEN 4045137 AND 4045237
	Index Only Scan using sbtest4_pkey on sbtest4  (cost=0.43..10.36 rows=96 width=4)
	  Index Cond: ((id >= 4045137) AND (id <= 4045237))

table 5 : explain SELECT id FROM sbtest5 WHERE id BETWEEN 4045137 AND 4045237
	Index Only Scan using sbtest5_pkey on sbtest5  (cost=0.43..10.28 rows=92 width=4)
	  Index Cond: ((id >= 4045137) AND (id <= 4045237))

table 6 : explain SELECT id FROM sbtest6 WHERE id BETWEEN 4045137 AND 4045237
	Index Only Scan using sbtest6_pkey on sbtest6  (cost=0.43..6.43 rows=100 width=4)
	  Index Cond: ((id >= 4045137) AND (id <= 4045237))

table 7 : explain SELECT id FROM sbtest7 WHERE id BETWEEN 4045137 AND 4045237
	Index Only Scan using sbtest7_pkey on sbtest7  (cost=0.43..10.68 rows=112 width=4)
	  Index Cond: ((id >= 4045137) AND (id <= 4045237))

table 8 : explain SELECT id FROM sbtest8 WHERE id BETWEEN 4045137 AND 4045237
	Index Only Scan using sbtest8_pkey on sbtest8  (cost=0.43..6.47 rows=102 width=4)
	  Index Cond: ((id >= 4045137) AND (id <= 4045237))

explain: for range-covered :: explain SELECT id FROM sbtest%d WHERE id BETWEEN 5458400 AND 5458500
explain: for range-covered :: explain SELECT id FROM sbtest%d WHERE id BETWEEN 4045137 AND 4045237
for range-covered
table 1 : explain SELECT id FROM sbtest1 WHERE id BETWEEN 4813190 AND 4813290
	Index Only Scan using sbtest1_pkey on sbtest1  (cost=0.43..10.56 rows=106 width=4)
	  Index Cond: ((id >= 4813190) AND (id <= 4813290))

table 2 : explain SELECT id FROM sbtest2 WHERE id BETWEEN 4813190 AND 4813290
	Index Only Scan using sbtest2_pkey on sbtest2  (cost=0.43..6.67 rows=112 width=4)
	  Index Cond: ((id >= 4813190) AND (id <= 4813290))

table 3 : explain SELECT id FROM sbtest3 WHERE id BETWEEN 4813190 AND 4813290
	Index Only Scan using sbtest3_pkey on sbtest3  (cost=0.43..10.29 rows=93 width=4)
	  Index Cond: ((id >= 4813190) AND (id <= 4813290))

table 4 : explain SELECT id FROM sbtest4 WHERE id BETWEEN 4813190 AND 4813290
	Index Only Scan using sbtest4_pkey on sbtest4  (cost=0.43..10.50 rows=103 width=4)
	  Index Cond: ((id >= 4813190) AND (id <= 4813290))

table 5 : explain SELECT id FROM sbtest5 WHERE id BETWEEN 4813190 AND 4813290
	Index Only Scan using sbtest5_pkey on sbtest5  (cost=0.43..10.62 rows=109 width=4)
	  Index Cond: ((id >= 4813190) AND (id <= 4813290))

table 6 : explain SELECT id FROM sbtest6 WHERE id BETWEEN 4813190 AND 4813290
	Index Only Scan using sbtest6_pkey on sbtest6  (cost=0.43..6.37 rows=97 width=4)
	  Index Cond: ((id >= 4813190) AND (id <= 4813290))

table 7 : explain SELECT id FROM sbtest7 WHERE id BETWEEN 4813190 AND 4813290
	Index Only Scan using sbtest7_pkey on sbtest7  (cost=0.43..10.74 rows=115 width=4)
	  Index Cond: ((id >= 4813190) AND (id <= 4813290))

table 8 : explain SELECT id FROM sbtest8 WHERE id BETWEEN 4813190 AND 4813290
	Index Only Scan using sbtest8_pkey on sbtest8  (cost=0.43..6.45 rows=101 width=4)
	  Index Cond: ((id >= 4813190) AND (id <= 4813290))

for range-covered
table 1 : explain SELECT id FROM sbtest1 WHERE id BETWEEN 6563991 AND 6564091
	Index Only Scan using sbtest1_pkey on sbtest1  (cost=0.43..10.65 rows=111 width=4)
	  Index Cond: ((id >= 6563991) AND (id <= 6564091))

table 2 : explain SELECT id FROM sbtest2 WHERE id BETWEEN 6563991 AND 6564091
	Index Only Scan using sbtest2_pkey on sbtest2  (cost=0.43..6.58 rows=107 width=4)
	  Index Cond: ((id >= 6563991) AND (id <= 6564091))

table 3 : explain SELECT id FROM sbtest3 WHERE id BETWEEN 6563991 AND 6564091
	Index Only Scan using sbtest3_pkey on sbtest3  (cost=0.43..10.62 rows=109 width=4)
	  Index Cond: ((id >= 6563991) AND (id <= 6564091))

table 4 : explain SELECT id FROM sbtest4 WHERE id BETWEEN 6563991 AND 6564091
	Index Only Scan using sbtest4_pkey on sbtest4  (cost=0.43..10.32 rows=94 width=4)
	  Index Cond: ((id >= 6563991) AND (id <= 6564091))

table 5 : explain SELECT id FROM sbtest5 WHERE id BETWEEN 6563991 AND 6564091
	Index Only Scan using sbtest5_pkey on sbtest5  (cost=0.43..10.56 rows=106 width=4)
	  Index Cond: ((id >= 6563991) AND (id <= 6564091))

table 6 : explain SELECT id FROM sbtest6 WHERE id BETWEEN 6563991 AND 6564091
	Index Only Scan using sbtest6_pkey on sbtest6  (cost=0.43..6.51 rows=104 width=4)
	  Index Cond: ((id >= 6563991) AND (id <= 6564091))

table 7 : explain SELECT id FROM sbtest7 WHERE id BETWEEN 6563991 AND 6564091
	Index Only Scan using sbtest7_pkey on sbtest7  (cost=0.43..10.38 rows=97 width=4)
	  Index Cond: ((id >= 6563991) AND (id <= 6564091))

table 8 : explain SELECT id FROM sbtest8 WHERE id BETWEEN 6563991 AND 6564091
	Index Only Scan using sbtest8_pkey on sbtest8  (cost=0.43..6.47 rows=102 width=4)
	  Index Cond: ((id >= 6563991) AND (id <= 6564091))

explain: for range-covered :: explain SELECT id FROM sbtest%d WHERE id BETWEEN 4813190 AND 4813290
explain: for range-covered :: explain SELECT id FROM sbtest%d WHERE id BETWEEN 6563991 AND 6564091
for range-covered
table 1 : explain SELECT id FROM sbtest1 WHERE id BETWEEN 5458400 AND 5458500
	Index Only Scan using sbtest1_pkey on sbtest1  (cost=0.43..10.33 rows=95 width=4)
	  Index Cond: ((id >= 5458400) AND (id <= 5458500))

table 2 : explain SELECT id FROM sbtest2 WHERE id BETWEEN 5458400 AND 5458500
	Index Only Scan using sbtest2_pkey on sbtest2  (cost=0.43..6.56 rows=106 width=4)
	  Index Cond: ((id >= 5458400) AND (id <= 5458500))

table 3 : explain SELECT id FROM sbtest3 WHERE id BETWEEN 5458400 AND 5458500
	Index Only Scan using sbtest3_pkey on sbtest3  (cost=0.43..10.40 rows=98 width=4)
	  Index Cond: ((id >= 5458400) AND (id <= 5458500))

table 4 : explain SELECT id FROM sbtest4 WHERE id BETWEEN 5458400 AND 5458500
	Index Only Scan using sbtest4_pkey on sbtest4  (cost=0.43..10.56 rows=106 width=4)
	  Index Cond: ((id >= 5458400) AND (id <= 5458500))

table 5 : explain SELECT id FROM sbtest5 WHERE id BETWEEN 5458400 AND 5458500
	Index Only Scan using sbtest5_pkey on sbtest5  (cost=0.43..10.32 rows=94 width=4)
	  Index Cond: ((id >= 5458400) AND (id <= 5458500))

table 6 : explain SELECT id FROM sbtest6 WHERE id BETWEEN 5458400 AND 5458500
	Index Only Scan using sbtest6_pkey on sbtest6  (cost=0.43..6.56 rows=106 width=4)
	  Index Cond: ((id >= 5458400) AND (id <= 5458500))

table 7 : explain SELECT id FROM sbtest7 WHERE id BETWEEN 5458400 AND 5458500
	Index Only Scan using sbtest7_pkey on sbtest7  (cost=0.43..10.32 rows=94 width=4)
	  Index Cond: ((id >= 5458400) AND (id <= 5458500))

table 8 : explain SELECT id FROM sbtest8 WHERE id BETWEEN 5458400 AND 5458500
	Index Only Scan using sbtest8_pkey on sbtest8  (cost=0.43..6.37 rows=97 width=4)
	  Index Cond: ((id >= 5458400) AND (id <= 5458500))

for range-covered
table 1 : explain SELECT id FROM sbtest1 WHERE id BETWEEN 4045137 AND 4045237
	Index Only Scan using sbtest1_pkey on sbtest1  (cost=0.43..10.44 rows=100 width=4)
	  Index Cond: ((id >= 4045137) AND (id <= 4045237))

table 2 : explain SELECT id FROM sbtest2 WHERE id BETWEEN 4045137 AND 4045237
	Index Only Scan using sbtest2_pkey on sbtest2  (cost=0.43..6.50 rows=103 width=4)
	  Index Cond: ((id >= 4045137) AND (id <= 4045237))

table 3 : explain SELECT id FROM sbtest3 WHERE id BETWEEN 4045137 AND 4045237
	Index Only Scan using sbtest3_pkey on sbtest3  (cost=0.43..10.65 rows=111 width=4)
	  Index Cond: ((id >= 4045137) AND (id <= 4045237))

table 4 : explain SELECT id FROM sbtest4 WHERE id BETWEEN 4045137 AND 4045237
	Index Only Scan using sbtest4_pkey on sbtest4  (cost=0.43..10.36 rows=96 width=4)
	  Index Cond: ((id >= 4045137) AND (id <= 4045237))

table 5 : explain SELECT id FROM sbtest5 WHERE id BETWEEN 4045137 AND 4045237
	Index Only Scan using sbtest5_pkey on sbtest5  (cost=0.43..10.28 rows=92 width=4)
	  Index Cond: ((id >= 4045137) AND (id <= 4045237))

table 6 : explain SELECT id FROM sbtest6 WHERE id BETWEEN 4045137 AND 4045237
	Index Only Scan using sbtest6_pkey on sbtest6  (cost=0.43..6.43 rows=100 width=4)
	  Index Cond: ((id >= 4045137) AND (id <= 4045237))

table 7 : explain SELECT id FROM sbtest7 WHERE id BETWEEN 4045137 AND 4045237
	Index Only Scan using sbtest7_pkey on sbtest7  (cost=0.43..10.68 rows=112 width=4)
	  Index Cond: ((id >= 4045137) AND (id <= 4045237))

table 8 : explain SELECT id FROM sbtest8 WHERE id BETWEEN 4045137 AND 4045237
	Index Only Scan using sbtest8_pkey on sbtest8  (cost=0.43..6.47 rows=102 width=4)
	  Index Cond: ((id >= 4045137) AND (id <= 4045237))

explain: for range-covered :: explain SELECT id FROM sbtest%d WHERE id BETWEEN 5458400 AND 5458500
explain: for range-covered :: explain SELECT id FROM sbtest%d WHERE id BETWEEN 4045137 AND 4045237
for range-covered
table 1 : explain SELECT id FROM sbtest1 WHERE id BETWEEN 4813190 AND 4813290
	Index Only Scan using sbtest1_pkey on sbtest1  (cost=0.43..10.56 rows=106 width=4)
	  Index Cond: ((id >= 4813190) AND (id <= 4813290))

table 2 : explain SELECT id FROM sbtest2 WHERE id BETWEEN 4813190 AND 4813290
	Index Only Scan using sbtest2_pkey on sbtest2  (cost=0.43..6.67 rows=112 width=4)
	  Index Cond: ((id >= 4813190) AND (id <= 4813290))

table 3 : explain SELECT id FROM sbtest3 WHERE id BETWEEN 4813190 AND 4813290
	Index Only Scan using sbtest3_pkey on sbtest3  (cost=0.43..10.29 rows=93 width=4)
	  Index Cond: ((id >= 4813190) AND (id <= 4813290))

table 4 : explain SELECT id FROM sbtest4 WHERE id BETWEEN 4813190 AND 4813290
	Index Only Scan using sbtest4_pkey on sbtest4  (cost=0.43..10.50 rows=103 width=4)
	  Index Cond: ((id >= 4813190) AND (id <= 4813290))

table 5 : explain SELECT id FROM sbtest5 WHERE id BETWEEN 4813190 AND 4813290
	Index Only Scan using sbtest5_pkey on sbtest5  (cost=0.43..10.62 rows=109 width=4)
	  Index Cond: ((id >= 4813190) AND (id <= 4813290))

table 6 : explain SELECT id FROM sbtest6 WHERE id BETWEEN 4813190 AND 4813290
	Index Only Scan using sbtest6_pkey on sbtest6  (cost=0.43..6.37 rows=97 width=4)
	  Index Cond: ((id >= 4813190) AND (id <= 4813290))

table 7 : explain SELECT id FROM sbtest7 WHERE id BETWEEN 4813190 AND 4813290
	Index Only Scan using sbtest7_pkey on sbtest7  (cost=0.43..10.74 rows=115 width=4)
	  Index Cond: ((id >= 4813190) AND (id <= 4813290))

table 8 : explain SELECT id FROM sbtest8 WHERE id BETWEEN 4813190 AND 4813290
	Index Only Scan using sbtest8_pkey on sbtest8  (cost=0.43..6.45 rows=101 width=4)
	  Index Cond: ((id >= 4813190) AND (id <= 4813290))

for range-covered
table 1 : explain SELECT id FROM sbtest1 WHERE id BETWEEN 6563991 AND 6564091
	Index Only Scan using sbtest1_pkey on sbtest1  (cost=0.43..10.65 rows=111 width=4)
	  Index Cond: ((id >= 6563991) AND (id <= 6564091))

table 2 : explain SELECT id FROM sbtest2 WHERE id BETWEEN 6563991 AND 6564091
	Index Only Scan using sbtest2_pkey on sbtest2  (cost=0.43..6.58 rows=107 width=4)
	  Index Cond: ((id >= 6563991) AND (id <= 6564091))

table 3 : explain SELECT id FROM sbtest3 WHERE id BETWEEN 6563991 AND 6564091
	Index Only Scan using sbtest3_pkey on sbtest3  (cost=0.43..10.62 rows=109 width=4)
	  Index Cond: ((id >= 6563991) AND (id <= 6564091))

table 4 : explain SELECT id FROM sbtest4 WHERE id BETWEEN 6563991 AND 6564091
	Index Only Scan using sbtest4_pkey on sbtest4  (cost=0.43..10.32 rows=94 width=4)
	  Index Cond: ((id >= 6563991) AND (id <= 6564091))

table 5 : explain SELECT id FROM sbtest5 WHERE id BETWEEN 6563991 AND 6564091
	Index Only Scan using sbtest5_pkey on sbtest5  (cost=0.43..10.56 rows=106 width=4)
	  Index Cond: ((id >= 6563991) AND (id <= 6564091))

table 6 : explain SELECT id FROM sbtest6 WHERE id BETWEEN 6563991 AND 6564091
	Index Only Scan using sbtest6_pkey on sbtest6  (cost=0.43..6.51 rows=104 width=4)
	  Index Cond: ((id >= 6563991) AND (id <= 6564091))

table 7 : explain SELECT id FROM sbtest7 WHERE id BETWEEN 6563991 AND 6564091
	Index Only Scan using sbtest7_pkey on sbtest7  (cost=0.43..10.38 rows=97 width=4)
	  Index Cond: ((id >= 6563991) AND (id <= 6564091))

table 8 : explain SELECT id FROM sbtest8 WHERE id BETWEEN 6563991 AND 6564091
	Index Only Scan using sbtest8_pkey on sbtest8  (cost=0.43..6.47 rows=102 width=4)
	  Index Cond: ((id >= 6563991) AND (id <= 6564091))

explain: for range-covered :: explain SELECT id FROM sbtest%d WHERE id BETWEEN 4813190 AND 4813290
for range-covered
table 1 : explain SELECT id FROM sbtest1 WHERE id BETWEEN 5458400 AND 5458500
	Index Only Scan using sbtest1_pkey on sbtest1  (cost=0.43..10.33 rows=95 width=4)
	  Index Cond: ((id >= 5458400) AND (id <= 5458500))

table 2 : explain SELECT id FROM sbtest2 WHERE id BETWEEN 5458400 AND 5458500
	Index Only Scan using sbtest2_pkey on sbtest2  (cost=0.43..6.56 rows=106 width=4)
	  Index Cond: ((id >= 5458400) AND (id <= 5458500))

table 3 : explain SELECT id FROM sbtest3 WHERE id BETWEEN 5458400 AND 5458500
	Index Only Scan using sbtest3_pkey on sbtest3  (cost=0.43..10.40 rows=98 width=4)
	  Index Cond: ((id >= 5458400) AND (id <= 5458500))

table 4 : explain SELECT id FROM sbtest4 WHERE id BETWEEN 5458400 AND 5458500
	Index Only Scan using sbtest4_pkey on sbtest4  (cost=0.43..10.56 rows=106 width=4)
	  Index Cond: ((id >= 5458400) AND (id <= 5458500))

table 5 : explain SELECT id FROM sbtest5 WHERE id BETWEEN 5458400 AND 5458500
	Index Only Scan using sbtest5_pkey on sbtest5  (cost=0.43..10.32 rows=94 width=4)
	  Index Cond: ((id >= 5458400) AND (id <= 5458500))

table 6 : explain SELECT id FROM sbtest6 WHERE id BETWEEN 5458400 AND 5458500
	Index Only Scan using sbtest6_pkey on sbtest6  (cost=0.43..6.56 rows=106 width=4)
	  Index Cond: ((id >= 5458400) AND (id <= 5458500))

table 7 : explain SELECT id FROM sbtest7 WHERE id BETWEEN 5458400 AND 5458500
	Index Only Scan using sbtest7_pkey on sbtest7  (cost=0.43..10.32 rows=94 width=4)
	  Index Cond: ((id >= 5458400) AND (id <= 5458500))

table 8 : explain SELECT id FROM sbtest8 WHERE id BETWEEN 5458400 AND 5458500
	Index Only Scan using sbtest8_pkey on sbtest8  (cost=0.43..6.37 rows=97 width=4)
	  Index Cond: ((id >= 5458400) AND (id <= 5458500))

for range-covered
table 1 : explain SELECT id FROM sbtest1 WHERE id BETWEEN 4045137 AND 4045237
	Index Only Scan using sbtest1_pkey on sbtest1  (cost=0.43..10.44 rows=100 width=4)
	  Index Cond: ((id >= 4045137) AND (id <= 4045237))

table 2 : explain SELECT id FROM sbtest2 WHERE id BETWEEN 4045137 AND 4045237
	Index Only Scan using sbtest2_pkey on sbtest2  (cost=0.43..6.50 rows=103 width=4)
	  Index Cond: ((id >= 4045137) AND (id <= 4045237))

table 3 : explain SELECT id FROM sbtest3 WHERE id BETWEEN 4045137 AND 4045237
	Index Only Scan using sbtest3_pkey on sbtest3  (cost=0.43..10.65 rows=111 width=4)
	  Index Cond: ((id >= 4045137) AND (id <= 4045237))

table 4 : explain SELECT id FROM sbtest4 WHERE id BETWEEN 4045137 AND 4045237
	Index Only Scan using sbtest4_pkey on sbtest4  (cost=0.43..10.36 rows=96 width=4)
	  Index Cond: ((id >= 4045137) AND (id <= 4045237))

table 5 : explain SELECT id FROM sbtest5 WHERE id BETWEEN 4045137 AND 4045237
	Index Only Scan using sbtest5_pkey on sbtest5  (cost=0.43..10.28 rows=92 width=4)
	  Index Cond: ((id >= 4045137) AND (id <= 4045237))

table 6 : explain SELECT id FROM sbtest6 WHERE id BETWEEN 4045137 AND 4045237
	Index Only Scan using sbtest6_pkey on sbtest6  (cost=0.43..6.43 rows=100 width=4)
	  Index Cond: ((id >= 4045137) AND (id <= 4045237))

table 7 : explain SELECT id FROM sbtest7 WHERE id BETWEEN 4045137 AND 4045237
	Index Only Scan using sbtest7_pkey on sbtest7  (cost=0.43..10.68 rows=112 width=4)
	  Index Cond: ((id >= 4045137) AND (id <= 4045237))

table 8 : explain SELECT id FROM sbtest8 WHERE id BETWEEN 4045137 AND 4045237
	Index Only Scan using sbtest8_pkey on sbtest8  (cost=0.43..6.47 rows=102 width=4)
	  Index Cond: ((id >= 4045137) AND (id <= 4045237))

explain: for range-covered :: explain SELECT id FROM sbtest%d WHERE id BETWEEN 4045137 AND 4045237
for range-covered
table 1 : explain SELECT id FROM sbtest1 WHERE id BETWEEN 4813190 AND 4813290
	Index Only Scan using sbtest1_pkey on sbtest1  (cost=0.43..10.56 rows=106 width=4)
	  Index Cond: ((id >= 4813190) AND (id <= 4813290))

table 2 : explain SELECT id FROM sbtest2 WHERE id BETWEEN 4813190 AND 4813290
	Index Only Scan using sbtest2_pkey on sbtest2  (cost=0.43..6.67 rows=112 width=4)
	  Index Cond: ((id >= 4813190) AND (id <= 4813290))

table 3 : explain SELECT id FROM sbtest3 WHERE id BETWEEN 4813190 AND 4813290
	Index Only Scan using sbtest3_pkey on sbtest3  (cost=0.43..10.29 rows=93 width=4)
	  Index Cond: ((id >= 4813190) AND (id <= 4813290))

table 4 : explain SELECT id FROM sbtest4 WHERE id BETWEEN 4813190 AND 4813290
	Index Only Scan using sbtest4_pkey on sbtest4  (cost=0.43..10.50 rows=103 width=4)
	  Index Cond: ((id >= 4813190) AND (id <= 4813290))

table 5 : explain SELECT id FROM sbtest5 WHERE id BETWEEN 4813190 AND 4813290
	Index Only Scan using sbtest5_pkey on sbtest5  (cost=0.43..10.62 rows=109 width=4)
	  Index Cond: ((id >= 4813190) AND (id <= 4813290))

table 6 : explain SELECT id FROM sbtest6 WHERE id BETWEEN 4813190 AND 4813290
	Index Only Scan using sbtest6_pkey on sbtest6  (cost=0.43..6.37 rows=97 width=4)
	  Index Cond: ((id >= 4813190) AND (id <= 4813290))

table 7 : explain SELECT id FROM sbtest7 WHERE id BETWEEN 4813190 AND 4813290
	Index Only Scan using sbtest7_pkey on sbtest7  (cost=0.43..10.74 rows=115 width=4)
	  Index Cond: ((id >= 4813190) AND (id <= 4813290))

table 8 : explain SELECT id FROM sbtest8 WHERE id BETWEEN 4813190 AND 4813290
	Index Only Scan using sbtest8_pkey on sbtest8  (cost=0.43..6.45 rows=101 width=4)
	  Index Cond: ((id >= 4813190) AND (id <= 4813290))

explain: for range-covered :: explain SELECT id FROM sbtest%d WHERE id BETWEEN 4813190 AND 4813290
for range-covered
table 1 : explain SELECT id FROM sbtest1 WHERE id BETWEEN 4045137 AND 4045237
	Index Only Scan using sbtest1_pkey on sbtest1  (cost=0.43..10.44 rows=100 width=4)
	  Index Cond: ((id >= 4045137) AND (id <= 4045237))

table 2 : explain SELECT id FROM sbtest2 WHERE id BETWEEN 4045137 AND 4045237
	Index Only Scan using sbtest2_pkey on sbtest2  (cost=0.43..6.50 rows=103 width=4)
	  Index Cond: ((id >= 4045137) AND (id <= 4045237))

table 3 : explain SELECT id FROM sbtest3 WHERE id BETWEEN 4045137 AND 4045237
	Index Only Scan using sbtest3_pkey on sbtest3  (cost=0.43..10.65 rows=111 width=4)
	  Index Cond: ((id >= 4045137) AND (id <= 4045237))

table 4 : explain SELECT id FROM sbtest4 WHERE id BETWEEN 4045137 AND 4045237
	Index Only Scan using sbtest4_pkey on sbtest4  (cost=0.43..10.36 rows=96 width=4)
	  Index Cond: ((id >= 4045137) AND (id <= 4045237))

table 5 : explain SELECT id FROM sbtest5 WHERE id BETWEEN 4045137 AND 4045237
	Index Only Scan using sbtest5_pkey on sbtest5  (cost=0.43..10.28 rows=92 width=4)
	  Index Cond: ((id >= 4045137) AND (id <= 4045237))

table 6 : explain SELECT id FROM sbtest6 WHERE id BETWEEN 4045137 AND 4045237
	Index Only Scan using sbtest6_pkey on sbtest6  (cost=0.43..6.43 rows=100 width=4)
	  Index Cond: ((id >= 4045137) AND (id <= 4045237))

table 7 : explain SELECT id FROM sbtest7 WHERE id BETWEEN 4045137 AND 4045237
	Index Only Scan using sbtest7_pkey on sbtest7  (cost=0.43..10.68 rows=112 width=4)
	  Index Cond: ((id >= 4045137) AND (id <= 4045237))

table 8 : explain SELECT id FROM sbtest8 WHERE id BETWEEN 4045137 AND 4045237
	Index Only Scan using sbtest8_pkey on sbtest8  (cost=0.43..6.47 rows=102 width=4)
	  Index Cond: ((id >= 4045137) AND (id <= 4045237))

explain: for range-covered :: explain SELECT id FROM sbtest%d WHERE id BETWEEN 4045137 AND 4045237
for range-covered
table 1 : explain SELECT id FROM sbtest1 WHERE id BETWEEN 4813190 AND 4813290
	Index Only Scan using sbtest1_pkey on sbtest1  (cost=0.43..10.56 rows=106 width=4)
	  Index Cond: ((id >= 4813190) AND (id <= 4813290))

table 2 : explain SELECT id FROM sbtest2 WHERE id BETWEEN 4813190 AND 4813290
	Index Only Scan using sbtest2_pkey on sbtest2  (cost=0.43..6.67 rows=112 width=4)
	  Index Cond: ((id >= 4813190) AND (id <= 4813290))

table 3 : explain SELECT id FROM sbtest3 WHERE id BETWEEN 4813190 AND 4813290
	Index Only Scan using sbtest3_pkey on sbtest3  (cost=0.43..10.29 rows=93 width=4)
	  Index Cond: ((id >= 4813190) AND (id <= 4813290))

table 4 : explain SELECT id FROM sbtest4 WHERE id BETWEEN 4813190 AND 4813290
	Index Only Scan using sbtest4_pkey on sbtest4  (cost=0.43..10.50 rows=103 width=4)
	  Index Cond: ((id >= 4813190) AND (id <= 4813290))

table 5 : explain SELECT id FROM sbtest5 WHERE id BETWEEN 4813190 AND 4813290
	Index Only Scan using sbtest5_pkey on sbtest5  (cost=0.43..10.62 rows=109 width=4)
	  Index Cond: ((id >= 4813190) AND (id <= 4813290))

table 6 : explain SELECT id FROM sbtest6 WHERE id BETWEEN 4813190 AND 4813290
	Index Only Scan using sbtest6_pkey on sbtest6  (cost=0.43..6.37 rows=97 width=4)
	  Index Cond: ((id >= 4813190) AND (id <= 4813290))

table 7 : explain SELECT id FROM sbtest7 WHERE id BETWEEN 4813190 AND 4813290
	Index Only Scan using sbtest7_pkey on sbtest7  (cost=0.43..10.74 rows=115 width=4)
	  Index Cond: ((id >= 4813190) AND (id <= 4813290))

table 8 : explain SELECT id FROM sbtest8 WHERE id BETWEEN 4813190 AND 4813290
	Index Only Scan using sbtest8_pkey on sbtest8  (cost=0.43..6.45 rows=101 width=4)
	  Index Cond: ((id >= 4813190) AND (id <= 4813290))

explain: for range-covered :: explain SELECT id FROM sbtest%d WHERE id BETWEEN 4813190 AND 4813290
for range-covered
table 1 : explain SELECT id FROM sbtest1 WHERE id BETWEEN 4045137 AND 4045237
	Index Only Scan using sbtest1_pkey on sbtest1  (cost=0.43..10.44 rows=100 width=4)
	  Index Cond: ((id >= 4045137) AND (id <= 4045237))

table 2 : explain SELECT id FROM sbtest2 WHERE id BETWEEN 4045137 AND 4045237
	Index Only Scan using sbtest2_pkey on sbtest2  (cost=0.43..6.50 rows=103 width=4)
	  Index Cond: ((id >= 4045137) AND (id <= 4045237))

table 3 : explain SELECT id FROM sbtest3 WHERE id BETWEEN 4045137 AND 4045237
	Index Only Scan using sbtest3_pkey on sbtest3  (cost=0.43..10.65 rows=111 width=4)
	  Index Cond: ((id >= 4045137) AND (id <= 4045237))

table 4 : explain SELECT id FROM sbtest4 WHERE id BETWEEN 4045137 AND 4045237
	Index Only Scan using sbtest4_pkey on sbtest4  (cost=0.43..10.36 rows=96 width=4)
	  Index Cond: ((id >= 4045137) AND (id <= 4045237))

table 5 : explain SELECT id FROM sbtest5 WHERE id BETWEEN 4045137 AND 4045237
	Index Only Scan using sbtest5_pkey on sbtest5  (cost=0.43..10.28 rows=92 width=4)
	  Index Cond: ((id >= 4045137) AND (id <= 4045237))

table 6 : explain SELECT id FROM sbtest6 WHERE id BETWEEN 4045137 AND 4045237
	Index Only Scan using sbtest6_pkey on sbtest6  (cost=0.43..6.43 rows=100 width=4)
	  Index Cond: ((id >= 4045137) AND (id <= 4045237))

table 7 : explain SELECT id FROM sbtest7 WHERE id BETWEEN 4045137 AND 4045237
	Index Only Scan using sbtest7_pkey on sbtest7  (cost=0.43..10.68 rows=112 width=4)
	  Index Cond: ((id >= 4045137) AND (id <= 4045237))

table 8 : explain SELECT id FROM sbtest8 WHERE id BETWEEN 4045137 AND 4045237
	Index Only Scan using sbtest8_pkey on sbtest8  (cost=0.43..6.47 rows=102 width=4)
	  Index Cond: ((id >= 4045137) AND (id <= 4045237))

explain: for range-covered :: explain SELECT id FROM sbtest%d WHERE id BETWEEN 4045137 AND 4045237
for range-covered
table 1 : explain SELECT id FROM sbtest1 WHERE id BETWEEN 4813190 AND 4813290
	Index Only Scan using sbtest1_pkey on sbtest1  (cost=0.43..10.56 rows=106 width=4)
	  Index Cond: ((id >= 4813190) AND (id <= 4813290))

table 2 : explain SELECT id FROM sbtest2 WHERE id BETWEEN 4813190 AND 4813290
	Index Only Scan using sbtest2_pkey on sbtest2  (cost=0.43..6.67 rows=112 width=4)
	  Index Cond: ((id >= 4813190) AND (id <= 4813290))

table 3 : explain SELECT id FROM sbtest3 WHERE id BETWEEN 4813190 AND 4813290
	Index Only Scan using sbtest3_pkey on sbtest3  (cost=0.43..10.29 rows=93 width=4)
	  Index Cond: ((id >= 4813190) AND (id <= 4813290))

table 4 : explain SELECT id FROM sbtest4 WHERE id BETWEEN 4813190 AND 4813290
	Index Only Scan using sbtest4_pkey on sbtest4  (cost=0.43..10.50 rows=103 width=4)
	  Index Cond: ((id >= 4813190) AND (id <= 4813290))

table 5 : explain SELECT id FROM sbtest5 WHERE id BETWEEN 4813190 AND 4813290
	Index Only Scan using sbtest5_pkey on sbtest5  (cost=0.43..10.62 rows=109 width=4)
	  Index Cond: ((id >= 4813190) AND (id <= 4813290))

table 6 : explain SELECT id FROM sbtest6 WHERE id BETWEEN 4813190 AND 4813290
	Index Only Scan using sbtest6_pkey on sbtest6  (cost=0.43..6.37 rows=97 width=4)
	  Index Cond: ((id >= 4813190) AND (id <= 4813290))

table 7 : explain SELECT id FROM sbtest7 WHERE id BETWEEN 4813190 AND 4813290
	Index Only Scan using sbtest7_pkey on sbtest7  (cost=0.43..10.74 rows=115 width=4)
	  Index Cond: ((id >= 4813190) AND (id <= 4813290))

table 8 : explain SELECT id FROM sbtest8 WHERE id BETWEEN 4813190 AND 4813290
	Index Only Scan using sbtest8_pkey on sbtest8  (cost=0.43..6.45 rows=101 width=4)
	  Index Cond: ((id >= 4813190) AND (id <= 4813290))

explain: for range-covered :: explain SELECT id FROM sbtest%d WHERE id BETWEEN 4813190 AND 4813290
for range-covered
table 1 : explain SELECT id FROM sbtest1 WHERE id BETWEEN 4045137 AND 4045237
	Index Only Scan using sbtest1_pkey on sbtest1  (cost=0.43..10.44 rows=100 width=4)
	  Index Cond: ((id >= 4045137) AND (id <= 4045237))

table 2 : explain SELECT id FROM sbtest2 WHERE id BETWEEN 4045137 AND 4045237
	Index Only Scan using sbtest2_pkey on sbtest2  (cost=0.43..6.50 rows=103 width=4)
	  Index Cond: ((id >= 4045137) AND (id <= 4045237))

table 3 : explain SELECT id FROM sbtest3 WHERE id BETWEEN 4045137 AND 4045237
	Index Only Scan using sbtest3_pkey on sbtest3  (cost=0.43..10.65 rows=111 width=4)
	  Index Cond: ((id >= 4045137) AND (id <= 4045237))

table 4 : explain SELECT id FROM sbtest4 WHERE id BETWEEN 4045137 AND 4045237
	Index Only Scan using sbtest4_pkey on sbtest4  (cost=0.43..10.36 rows=96 width=4)
	  Index Cond: ((id >= 4045137) AND (id <= 4045237))

table 5 : explain SELECT id FROM sbtest5 WHERE id BETWEEN 4045137 AND 4045237
	Index Only Scan using sbtest5_pkey on sbtest5  (cost=0.43..10.28 rows=92 width=4)
	  Index Cond: ((id >= 4045137) AND (id <= 4045237))

table 6 : explain SELECT id FROM sbtest6 WHERE id BETWEEN 4045137 AND 4045237
	Index Only Scan using sbtest6_pkey on sbtest6  (cost=0.43..6.43 rows=100 width=4)
	  Index Cond: ((id >= 4045137) AND (id <= 4045237))

table 7 : explain SELECT id FROM sbtest7 WHERE id BETWEEN 4045137 AND 4045237
	Index Only Scan using sbtest7_pkey on sbtest7  (cost=0.43..10.68 rows=112 width=4)
	  Index Cond: ((id >= 4045137) AND (id <= 4045237))

table 8 : explain SELECT id FROM sbtest8 WHERE id BETWEEN 4045137 AND 4045237
	Index Only Scan using sbtest8_pkey on sbtest8  (cost=0.43..6.47 rows=102 width=4)
	  Index Cond: ((id >= 4045137) AND (id <= 4045237))

explain: for range-covered :: explain SELECT id FROM sbtest%d WHERE id BETWEEN 4045137 AND 4045237
for range-covered
table 1 : explain SELECT id FROM sbtest1 WHERE id BETWEEN 4813190 AND 4813290
	Index Only Scan using sbtest1_pkey on sbtest1  (cost=0.43..10.56 rows=106 width=4)
	  Index Cond: ((id >= 4813190) AND (id <= 4813290))

table 2 : explain SELECT id FROM sbtest2 WHERE id BETWEEN 4813190 AND 4813290
	Index Only Scan using sbtest2_pkey on sbtest2  (cost=0.43..6.67 rows=112 width=4)
	  Index Cond: ((id >= 4813190) AND (id <= 4813290))

table 3 : explain SELECT id FROM sbtest3 WHERE id BETWEEN 4813190 AND 4813290
	Index Only Scan using sbtest3_pkey on sbtest3  (cost=0.43..10.29 rows=93 width=4)
	  Index Cond: ((id >= 4813190) AND (id <= 4813290))

table 4 : explain SELECT id FROM sbtest4 WHERE id BETWEEN 4813190 AND 4813290
	Index Only Scan using sbtest4_pkey on sbtest4  (cost=0.43..10.50 rows=103 width=4)
	  Index Cond: ((id >= 4813190) AND (id <= 4813290))

table 5 : explain SELECT id FROM sbtest5 WHERE id BETWEEN 4813190 AND 4813290
	Index Only Scan using sbtest5_pkey on sbtest5  (cost=0.43..10.62 rows=109 width=4)
	  Index Cond: ((id >= 4813190) AND (id <= 4813290))

table 6 : explain SELECT id FROM sbtest6 WHERE id BETWEEN 4813190 AND 4813290
	Index Only Scan using sbtest6_pkey on sbtest6  (cost=0.43..6.37 rows=97 width=4)
	  Index Cond: ((id >= 4813190) AND (id <= 4813290))

table 7 : explain SELECT id FROM sbtest7 WHERE id BETWEEN 4813190 AND 4813290
	Index Only Scan using sbtest7_pkey on sbtest7  (cost=0.43..10.74 rows=115 width=4)
	  Index Cond: ((id >= 4813190) AND (id <= 4813290))

table 8 : explain SELECT id FROM sbtest8 WHERE id BETWEEN 4813190 AND 4813290
	Index Only Scan using sbtest8_pkey on sbtest8  (cost=0.43..6.45 rows=101 width=4)
	  Index Cond: ((id >= 4813190) AND (id <= 4813290))

explain: for range-covered :: explain SELECT id FROM sbtest%d WHERE id BETWEEN 4813190 AND 4813290
for range-covered
table 1 : explain SELECT id FROM sbtest1 WHERE id BETWEEN 4045137 AND 4045237
	Index Only Scan using sbtest1_pkey on sbtest1  (cost=0.43..10.44 rows=100 width=4)
	  Index Cond: ((id >= 4045137) AND (id <= 4045237))

table 2 : explain SELECT id FROM sbtest2 WHERE id BETWEEN 4045137 AND 4045237
	Index Only Scan using sbtest2_pkey on sbtest2  (cost=0.43..6.50 rows=103 width=4)
	  Index Cond: ((id >= 4045137) AND (id <= 4045237))

table 3 : explain SELECT id FROM sbtest3 WHERE id BETWEEN 4045137 AND 4045237
	Index Only Scan using sbtest3_pkey on sbtest3  (cost=0.43..10.65 rows=111 width=4)
	  Index Cond: ((id >= 4045137) AND (id <= 4045237))

table 4 : explain SELECT id FROM sbtest4 WHERE id BETWEEN 4045137 AND 4045237
	Index Only Scan using sbtest4_pkey on sbtest4  (cost=0.43..10.36 rows=96 width=4)
	  Index Cond: ((id >= 4045137) AND (id <= 4045237))

table 5 : explain SELECT id FROM sbtest5 WHERE id BETWEEN 4045137 AND 4045237
	Index Only Scan using sbtest5_pkey on sbtest5  (cost=0.43..10.28 rows=92 width=4)
	  Index Cond: ((id >= 4045137) AND (id <= 4045237))

table 6 : explain SELECT id FROM sbtest6 WHERE id BETWEEN 4045137 AND 4045237
	Index Only Scan using sbtest6_pkey on sbtest6  (cost=0.43..6.43 rows=100 width=4)
	  Index Cond: ((id >= 4045137) AND (id <= 4045237))

table 7 : explain SELECT id FROM sbtest7 WHERE id BETWEEN 4045137 AND 4045237
	Index Only Scan using sbtest7_pkey on sbtest7  (cost=0.43..10.68 rows=112 width=4)
	  Index Cond: ((id >= 4045137) AND (id <= 4045237))

table 8 : explain SELECT id FROM sbtest8 WHERE id BETWEEN 4045137 AND 4045237
	Index Only Scan using sbtest8_pkey on sbtest8  (cost=0.43..6.47 rows=102 width=4)
	  Index Cond: ((id >= 4045137) AND (id <= 4045237))

for range-covered
table 1 : explain SELECT id FROM sbtest1 WHERE id BETWEEN 4813190 AND 4813290
	Index Only Scan using sbtest1_pkey on sbtest1  (cost=0.43..10.56 rows=106 width=4)
	  Index Cond: ((id >= 4813190) AND (id <= 4813290))

table 2 : explain SELECT id FROM sbtest2 WHERE id BETWEEN 4813190 AND 4813290
	Index Only Scan using sbtest2_pkey on sbtest2  (cost=0.43..6.67 rows=112 width=4)
	  Index Cond: ((id >= 4813190) AND (id <= 4813290))

table 3 : explain SELECT id FROM sbtest3 WHERE id BETWEEN 4813190 AND 4813290
	Index Only Scan using sbtest3_pkey on sbtest3  (cost=0.43..10.29 rows=93 width=4)
	  Index Cond: ((id >= 4813190) AND (id <= 4813290))

table 4 : explain SELECT id FROM sbtest4 WHERE id BETWEEN 4813190 AND 4813290
	Index Only Scan using sbtest4_pkey on sbtest4  (cost=0.43..10.50 rows=103 width=4)
	  Index Cond: ((id >= 4813190) AND (id <= 4813290))

table 5 : explain SELECT id FROM sbtest5 WHERE id BETWEEN 4813190 AND 4813290
	Index Only Scan using sbtest5_pkey on sbtest5  (cost=0.43..10.62 rows=109 width=4)
	  Index Cond: ((id >= 4813190) AND (id <= 4813290))

table 6 : explain SELECT id FROM sbtest6 WHERE id BETWEEN 4813190 AND 4813290
	Index Only Scan using sbtest6_pkey on sbtest6  (cost=0.43..6.37 rows=97 width=4)
	  Index Cond: ((id >= 4813190) AND (id <= 4813290))

table 7 : explain SELECT id FROM sbtest7 WHERE id BETWEEN 4813190 AND 4813290
	Index Only Scan using sbtest7_pkey on sbtest7  (cost=0.43..10.74 rows=115 width=4)
	  Index Cond: ((id >= 4813190) AND (id <= 4813290))

table 8 : explain SELECT id FROM sbtest8 WHERE id BETWEEN 4813190 AND 4813290
	Index Only Scan using sbtest8_pkey on sbtest8  (cost=0.43..6.45 rows=101 width=4)
	  Index Cond: ((id >= 4813190) AND (id <= 4813290))

explain: for range-covered :: explain SELECT id FROM sbtest%d WHERE id BETWEEN 4813190 AND 4813290
for range-covered
table 1 : explain SELECT id FROM sbtest1 WHERE id BETWEEN 4813190 AND 4813290
	Index Only Scan using sbtest1_pkey on sbtest1  (cost=0.43..10.56 rows=106 width=4)
	  Index Cond: ((id >= 4813190) AND (id <= 4813290))

table 2 : explain SELECT id FROM sbtest2 WHERE id BETWEEN 4813190 AND 4813290
	Index Only Scan using sbtest2_pkey on sbtest2  (cost=0.43..6.67 rows=112 width=4)
	  Index Cond: ((id >= 4813190) AND (id <= 4813290))

table 3 : explain SELECT id FROM sbtest3 WHERE id BETWEEN 4813190 AND 4813290
	Index Only Scan using sbtest3_pkey on sbtest3  (cost=0.43..10.29 rows=93 width=4)
	  Index Cond: ((id >= 4813190) AND (id <= 4813290))

table 4 : explain SELECT id FROM sbtest4 WHERE id BETWEEN 4813190 AND 4813290
	Index Only Scan using sbtest4_pkey on sbtest4  (cost=0.43..10.50 rows=103 width=4)
	  Index Cond: ((id >= 4813190) AND (id <= 4813290))

table 5 : explain SELECT id FROM sbtest5 WHERE id BETWEEN 4813190 AND 4813290
	Index Only Scan using sbtest5_pkey on sbtest5  (cost=0.43..10.62 rows=109 width=4)
	  Index Cond: ((id >= 4813190) AND (id <= 4813290))

table 6 : explain SELECT id FROM sbtest6 WHERE id BETWEEN 4813190 AND 4813290
	Index Only Scan using sbtest6_pkey on sbtest6  (cost=0.43..6.37 rows=97 width=4)
	  Index Cond: ((id >= 4813190) AND (id <= 4813290))

table 7 : explain SELECT id FROM sbtest7 WHERE id BETWEEN 4813190 AND 4813290
	Index Only Scan using sbtest7_pkey on sbtest7  (cost=0.43..10.74 rows=115 width=4)
	  Index Cond: ((id >= 4813190) AND (id <= 4813290))

table 8 : explain SELECT id FROM sbtest8 WHERE id BETWEEN 4813190 AND 4813290
	Index Only Scan using sbtest8_pkey on sbtest8  (cost=0.43..6.45 rows=101 width=4)
	  Index Cond: ((id >= 4813190) AND (id <= 4813290))

Threads started!

Warming up for 5 seconds...

SQL statistics:
    queries performed:
        read:                            260516203
        write:                           0
        other:                           0
        total:                           260516203
    transactions:                        260516203 (413514.41 per sec.)
    queries:                             260516203 (413514.41 per sec.)
    ignored errors:                      0      (0.00 per sec.)
    reconnects:                          0      (0.00 per sec.)

Throughput:
    events/s (eps):                      413514.4095
    time elapsed:                        630.0053s
    total number of events:              260516203

Latency (ms):
         min:                                    0.06
         avg:                                    0.10
         max:                                   16.14
         95th percentile:                        0.11
         sum:                             25107758.26

Threads fairness:
    events (avg/stddev):           6512898.6750/37185.24
    execution time (avg/stddev):   627.6940/0.11

