LUA_PATH=/home/mdcallag/git/mytools/bench/sysbench.lua/lua/?.lua /home/mdcallag/git/mytools/bench/sysbench.lua/lua/sysbench --db-driver=pgsql --range-size=100 --table-size=10000000 --tables=8 --threads=40 --events=0 --warmup-time=5 --time=630 --pgsql_conn_id=true /home/mdcallag/git/mytools/bench/sysbench.lua/lua/oltp_range_covered.lua run --pgsql-user=root --pgsql-password=pw --pgsql-host=127.0.0.1 --pgsql-db=ib --rand-type=uniform --random-points=100 --skip-trx --on-id=false --covered=false
48 CPUs
sysbench 1.1.0-9072687 (using bundled LuaJIT 2.1.0-beta3)

Running the test with following options:
Number of threads: 40
Warmup time: 5s
Initializing random number generator from current time


Initializing worker threads...

explain: for range-notcovered :: explain SELECT k, c FROM sbtest%d WHERE k BETWEEN 5293017 AND 5293117
explain: for range-notcovered :: explain SELECT k, c FROM sbtest%d WHERE k BETWEEN 7317958 AND 7318058
explain: for range-notcovered :: explain SELECT k, c FROM sbtest%d WHERE k BETWEEN 7050781 AND 7050881
explain: for range-notcovered :: explain SELECT k, c FROM sbtest%d WHERE k BETWEEN 3325739 AND 3325839
explain: for range-notcovered :: explain SELECT k, c FROM sbtest%d WHERE k BETWEEN 5354017 AND 5354117
explain: for range-notcovered :: explain SELECT k, c FROM sbtest%d WHERE k BETWEEN 7653605 AND 7653705
explain: for range-notcovered :: explain SELECT k, c FROM sbtest%d WHERE k BETWEEN 8149386 AND 8149486
for range-notcovered
table 1 : explain SELECT k, c FROM sbtest1 WHERE k BETWEEN 5293017 AND 5293117
	Bitmap Heap Scan on sbtest1  (cost=5.40..377.93 rows=94 width=125)
	  Recheck Cond: ((k >= 5293017) AND (k <= 5293117))
	  ->  Bitmap Index Scan on k_1  (cost=0.00..5.38 rows=94 width=0)
	        Index Cond: ((k >= 5293017) AND (k <= 5293117))

table 2 : explain SELECT k, c FROM sbtest2 WHERE k BETWEEN 5293017 AND 5293117
	Bitmap Heap Scan on sbtest2  (cost=5.41..381.84 rows=95 width=125)
	  Recheck Cond: ((k >= 5293017) AND (k <= 5293117))
	  ->  Bitmap Index Scan on k_2  (cost=0.00..5.38 rows=95 width=0)
	        Index Cond: ((k >= 5293017) AND (k <= 5293117))

table 3 : explain SELECT k, c FROM sbtest3 WHERE k BETWEEN 5293017 AND 5293117
	Bitmap Heap Scan on sbtest3  (cost=5.46..401.76 rows=100 width=125)
	  Recheck Cond: ((k >= 5293017) AND (k <= 5293117))
	  ->  Bitmap Index Scan on k_3  (cost=0.00..5.43 rows=100 width=0)
	        Index Cond: ((k >= 5293017) AND (k <= 5293117))

table 4 : explain SELECT k, c FROM sbtest4 WHERE k BETWEEN 5293017 AND 5293117
	Bitmap Heap Scan on sbtest4  (cost=5.45..397.77 rows=99 width=125)
	  Recheck Cond: ((k >= 5293017) AND (k <= 5293117))
	  ->  Bitmap Index Scan on k_4  (cost=0.00..5.42 rows=99 width=0)
	        Index Cond: ((k >= 5293017) AND (k <= 5293117))

table 5 : explain SELECT k, c FROM sbtest5 WHERE k BETWEEN 5293017 AND 5293117
	Bitmap Heap Scan on sbtest5  (cost=5.44..393.69 rows=98 width=125)
	  Recheck Cond: ((k >= 5293017) AND (k <= 5293117))
	  ->  Bitmap Index Scan on k_5  (cost=0.00..5.42 rows=98 width=0)
	        Index Cond: ((k >= 5293017) AND (k <= 5293117))

table 6 : explain SELECT k, c FROM sbtest6 WHERE k BETWEEN 5293017 AND 5293117
	Bitmap Heap Scan on sbtest6  (cost=5.52..425.29 rows=106 width=125)
	  Recheck Cond: ((k >= 5293017) AND (k <= 5293117))
	  ->  Bitmap Index Scan on k_6  (cost=0.00..5.50 rows=106 width=0)
	        Index Cond: ((k >= 5293017) AND (k <= 5293117))

table 7 : explain SELECT k, c FROM sbtest7 WHERE k BETWEEN 5293017 AND 5293117
	Bitmap Heap Scan on sbtest7  (cost=5.47..405.72 rows=101 width=125)
	  Recheck Cond: ((k >= 5293017) AND (k <= 5293117))
	  ->  Bitmap Index Scan on k_7  (cost=0.00..5.44 rows=101 width=0)
	        Index Cond: ((k >= 5293017) AND (k <= 5293117))

table 8 : explain SELECT k, c FROM sbtest8 WHERE k BETWEEN 5293017 AND 5293117
	Bitmap Heap Scan on sbtest8  (cost=5.39..373.94 rows=93 width=125)
	  Recheck Cond: ((k >= 5293017) AND (k <= 5293117))
	  ->  Bitmap Index Scan on k_8  (cost=0.00..5.36 rows=93 width=0)
	        Index Cond: ((k >= 5293017) AND (k <= 5293117))

for range-notcovered
table 1 : explain SELECT k, c FROM sbtest1 WHERE k BETWEEN 7050781 AND 7050881
	Bitmap Heap Scan on sbtest1  (cost=5.48..409.49 rows=102 width=125)
	  Recheck Cond: ((k >= 7050781) AND (k <= 7050881))
	  ->  Bitmap Index Scan on k_1  (cost=0.00..5.45 rows=102 width=0)
	        Index Cond: ((k >= 7050781) AND (k <= 7050881))

table 2 : explain SELECT k, c FROM sbtest2 WHERE k BETWEEN 7050781 AND 7050881
	Bitmap Heap Scan on sbtest2  (cost=5.49..413.39 rows=103 width=125)
	  Recheck Cond: ((k >= 7050781) AND (k <= 7050881))
	  ->  Bitmap Index Scan on k_2  (cost=0.00..5.46 rows=103 width=0)
	        Index Cond: ((k >= 7050781) AND (k <= 7050881))

table 3 : explain SELECT k, c FROM sbtest3 WHERE k BETWEEN 7050781 AND 7050881
	Bitmap Heap Scan on sbtest3  (cost=5.44..393.86 rows=98 width=125)
	  Recheck Cond: ((k >= 7050781) AND (k <= 7050881))
	  ->  Bitmap Index Scan on k_3  (cost=0.00..5.42 rows=98 width=0)
	        Index Cond: ((k >= 7050781) AND (k <= 7050881))

table 4 : explain SELECT k, c FROM sbtest4 WHERE k BETWEEN 7050781 AND 7050881
	Bitmap Heap Scan on sbtest4  (cost=5.44..393.83 rows=98 width=125)
	  Recheck Cond: ((k >= 7050781) AND (k <= 7050881))
	  ->  Bitmap Index Scan on k_4  (cost=0.00..5.42 rows=98 width=0)
	        Index Cond: ((k >= 7050781) AND (k <= 7050881))

table 5 : explain SELECT k, c FROM sbtest5 WHERE k BETWEEN 7050781 AND 7050881
	Bitmap Heap Scan on sbtest5  (cost=5.49..413.41 rows=103 width=125)
	  Recheck Cond: ((k >= 7050781) AND (k <= 7050881))
	  ->  Bitmap Index Scan on k_5  (cost=0.00..5.46 rows=103 width=0)
	        Index Cond: ((k >= 7050781) AND (k <= 7050881))

table 6 : explain SELECT k, c FROM sbtest6 WHERE k BETWEEN 7050781 AND 7050881
	Bitmap Heap Scan on sbtest6  (cost=5.41..381.90 rows=95 width=125)
	  Recheck Cond: ((k >= 7050781) AND (k <= 7050881))
	  ->  Bitmap Index Scan on k_6  (cost=0.00..5.38 rows=95 width=0)
	        Index Cond: ((k >= 7050781) AND (k <= 7050881))

table 7 : explain SELECT k, c FROM sbtest7 WHERE k BETWEEN 7050781 AND 7050881
	Bitmap Heap Scan on sbtest7  (cost=5.58..449.11 rows=112 width=125)
	  Recheck Cond: ((k >= 7050781) AND (k <= 7050881))
	  ->  Bitmap Index Scan on k_7  (cost=0.00..5.55 rows=112 width=0)
	        Index Cond: ((k >= 7050781) AND (k <= 7050881))

table 8 : explain SELECT k, c FROM sbtest8 WHERE k BETWEEN 7050781 AND 7050881
	Bitmap Heap Scan on sbtest8  (cost=5.50..417.33 rows=104 width=125)
	  Recheck Cond: ((k >= 7050781) AND (k <= 7050881))
	  ->  Bitmap Index Scan on k_8  (cost=0.00..5.47 rows=104 width=0)
	        Index Cond: ((k >= 7050781) AND (k <= 7050881))

for range-notcovered
table 1 : explain SELECT k, c FROM sbtest1 WHERE k BETWEEN 7317958 AND 7318058
	Bitmap Heap Scan on sbtest1  (cost=5.49..413.44 rows=103 width=125)
	  Recheck Cond: ((k >= 7317958) AND (k <= 7318058))
	  ->  Bitmap Index Scan on k_1  (cost=0.00..5.46 rows=103 width=0)
	        Index Cond: ((k >= 7317958) AND (k <= 7318058))

table 2 : explain SELECT k, c FROM sbtest2 WHERE k BETWEEN 7317958 AND 7318058
	Bitmap Heap Scan on sbtest2  (cost=5.57..444.93 rows=111 width=125)
	  Recheck Cond: ((k >= 7317958) AND (k <= 7318058))
	  ->  Bitmap Index Scan on k_2  (cost=0.00..5.54 rows=111 width=0)
	        Index Cond: ((k >= 7317958) AND (k <= 7318058))

table 3 : explain SELECT k, c FROM sbtest3 WHERE k BETWEEN 7317958 AND 7318058
	Bitmap Heap Scan on sbtest3  (cost=5.54..433.32 rows=108 width=125)
	  Recheck Cond: ((k >= 7317958) AND (k <= 7318058))
	  ->  Bitmap Index Scan on k_3  (cost=0.00..5.51 rows=108 width=0)
	        Index Cond: ((k >= 7317958) AND (k <= 7318058))

table 4 : explain SELECT k, c FROM sbtest4 WHERE k BETWEEN 7317958 AND 7318058
	Bitmap Heap Scan on sbtest4  (cost=5.40..378.03 rows=94 width=125)
	  Recheck Cond: ((k >= 7317958) AND (k <= 7318058))
	  ->  Bitmap Index Scan on k_4  (cost=0.00..5.38 rows=94 width=0)
	        Index Cond: ((k >= 7317958) AND (k <= 7318058))

table 5 : explain SELECT k, c FROM sbtest5 WHERE k BETWEEN 7317958 AND 7318058
	Bitmap Heap Scan on sbtest5  (cost=5.53..429.18 rows=107 width=125)
	  Recheck Cond: ((k >= 7317958) AND (k <= 7318058))
	  ->  Bitmap Index Scan on k_5  (cost=0.00..5.50 rows=107 width=0)
	        Index Cond: ((k >= 7317958) AND (k <= 7318058))

table 6 : explain SELECT k, c FROM sbtest6 WHERE k BETWEEN 7317958 AND 7318058
	Bitmap Heap Scan on sbtest6  (cost=5.43..389.79 rows=97 width=125)
	  Recheck Cond: ((k >= 7317958) AND (k <= 7318058))
	  ->  Bitmap Index Scan on k_6  (cost=0.00..5.40 rows=97 width=0)
	        Index Cond: ((k >= 7317958) AND (k <= 7318058))

table 7 : explain SELECT k, c FROM sbtest7 WHERE k BETWEEN 7317958 AND 7318058
	Bitmap Heap Scan on sbtest7  (cost=5.55..437.28 rows=109 width=125)
	  Recheck Cond: ((k >= 7317958) AND (k <= 7318058))
	  ->  Bitmap Index Scan on k_7  (cost=0.00..5.52 rows=109 width=0)
	        Index Cond: ((k >= 7317958) AND (k <= 7318058))

table 8 : explain SELECT k, c FROM sbtest8 WHERE k BETWEEN 7317958 AND 7318058
	Bitmap Heap Scan on sbtest8  (cost=5.53..429.16 rows=107 width=125)
	  Recheck Cond: ((k >= 7317958) AND (k <= 7318058))
	  ->  Bitmap Index Scan on k_8  (cost=0.00..5.50 rows=107 width=0)
	        Index Cond: ((k >= 7317958) AND (k <= 7318058))

explain: for range-notcovered :: explain SELECT k, c FROM sbtest%d WHERE k BETWEEN 5293017 AND 5293117
explain: for range-notcovered :: explain SELECT k, c FROM sbtest%d WHERE k BETWEEN 2440212 AND 2440312
explain: for range-notcovered :: explain SELECT k, c FROM sbtest%d WHERE k BETWEEN 7050781 AND 7050881
explain: for range-notcovered :: explain SELECT k, c FROM sbtest%d WHERE k BETWEEN 7317958 AND 7318058
explain: for range-notcovered :: explain SELECT k, c FROM sbtest%d WHERE k BETWEEN 8934122 AND 8934222
for range-notcovered
table 1 : explain SELECT k, c FROM sbtest1 WHERE k BETWEEN 3325739 AND 3325839
	Bitmap Heap Scan on sbtest1  (cost=5.57..444.97 rows=111 width=125)
	  Recheck Cond: ((k >= 3325739) AND (k <= 3325839))
	  ->  Bitmap Index Scan on k_1  (cost=0.00..5.54 rows=111 width=0)
	        Index Cond: ((k >= 3325739) AND (k <= 3325839))

table 2 : explain SELECT k, c FROM sbtest2 WHERE k BETWEEN 3325739 AND 3325839
	Bitmap Heap Scan on sbtest2  (cost=5.59..452.80 rows=113 width=125)
	  Recheck Cond: ((k >= 3325739) AND (k <= 3325839))
	  ->  Bitmap Index Scan on k_2  (cost=0.00..5.56 rows=113 width=0)
	        Index Cond: ((k >= 3325739) AND (k <= 3325839))

table 3 : explain SELECT k, c FROM sbtest3 WHERE k BETWEEN 3325739 AND 3325839
	Bitmap Heap Scan on sbtest3  (cost=5.49..413.60 rows=103 width=125)
	  Recheck Cond: ((k >= 3325739) AND (k <= 3325839))
	  ->  Bitmap Index Scan on k_3  (cost=0.00..5.46 rows=103 width=0)
	        Index Cond: ((k >= 3325739) AND (k <= 3325839))

table 4 : explain SELECT k, c FROM sbtest4 WHERE k BETWEEN 3325739 AND 3325839
	Bitmap Heap Scan on sbtest4  (cost=5.67..480.58 rows=120 width=125)
	  Recheck Cond: ((k >= 3325739) AND (k <= 3325839))
	  ->  Bitmap Index Scan on k_4  (cost=0.00..5.63 rows=120 width=0)
	        Index Cond: ((k >= 3325739) AND (k <= 3325839))

table 5 : explain SELECT k, c FROM sbtest5 WHERE k BETWEEN 3325739 AND 3325839
	Bitmap Heap Scan on sbtest5  (cost=5.47..405.52 rows=101 width=125)
	  Recheck Cond: ((k >= 3325739) AND (k <= 3325839))
	  ->  Bitmap Index Scan on k_5  (cost=0.00..5.44 rows=101 width=0)
	        Index Cond: ((k >= 3325739) AND (k <= 3325839))

table 6 : explain SELECT k, c FROM sbtest6 WHERE k BETWEEN 3325739 AND 3325839
	Bitmap Heap Scan on sbtest6  (cost=5.50..417.41 rows=104 width=125)
	  Recheck Cond: ((k >= 3325739) AND (k <= 3325839))
	  ->  Bitmap Index Scan on k_6  (cost=0.00..5.47 rows=104 width=0)
	        Index Cond: ((k >= 3325739) AND (k <= 3325839))

table 7 : explain SELECT k, c FROM sbtest7 WHERE k BETWEEN 3325739 AND 3325839
	Bitmap Heap Scan on sbtest7  (cost=5.46..401.77 rows=100 width=125)
	  Recheck Cond: ((k >= 3325739) AND (k <= 3325839))
	  ->  Bitmap Index Scan on k_7  (cost=0.00..5.43 rows=100 width=0)
	        Index Cond: ((k >= 3325739) AND (k <= 3325839))

table 8 : explain SELECT k, c FROM sbtest8 WHERE k BETWEEN 3325739 AND 3325839
	Bitmap Heap Scan on sbtest8  (cost=5.44..393.67 rows=98 width=125)
	  Recheck Cond: ((k >= 3325739) AND (k <= 3325839))
	  ->  Bitmap Index Scan on k_8  (cost=0.00..5.42 rows=98 width=0)
	        Index Cond: ((k >= 3325739) AND (k <= 3325839))

explain: for range-notcovered :: explain SELECT k, c FROM sbtest%d WHERE k BETWEEN 3325739 AND 3325839
for range-notcovered
table 1 : explain SELECT k, c FROM sbtest1 WHERE k BETWEEN 7050781 AND 7050881
	Bitmap Heap Scan on sbtest1  (cost=5.48..409.49 rows=102 width=125)
	  Recheck Cond: ((k >= 7050781) AND (k <= 7050881))
	  ->  Bitmap Index Scan on k_1  (cost=0.00..5.45 rows=102 width=0)
	        Index Cond: ((k >= 7050781) AND (k <= 7050881))

table 2 : explain SELECT k, c FROM sbtest2 WHERE k BETWEEN 7050781 AND 7050881
	Bitmap Heap Scan on sbtest2  (cost=5.49..413.39 rows=103 width=125)
	  Recheck Cond: ((k >= 7050781) AND (k <= 7050881))
	  ->  Bitmap Index Scan on k_2  (cost=0.00..5.46 rows=103 width=0)
	        Index Cond: ((k >= 7050781) AND (k <= 7050881))

table 3 : explain SELECT k, c FROM sbtest3 WHERE k BETWEEN 7050781 AND 7050881
	Bitmap Heap Scan on sbtest3  (cost=5.44..393.86 rows=98 width=125)
	  Recheck Cond: ((k >= 7050781) AND (k <= 7050881))
	  ->  Bitmap Index Scan on k_3  (cost=0.00..5.42 rows=98 width=0)
	        Index Cond: ((k >= 7050781) AND (k <= 7050881))

table 4 : explain SELECT k, c FROM sbtest4 WHERE k BETWEEN 7050781 AND 7050881
	Bitmap Heap Scan on sbtest4  (cost=5.44..393.83 rows=98 width=125)
	  Recheck Cond: ((k >= 7050781) AND (k <= 7050881))
	  ->  Bitmap Index Scan on k_4  (cost=0.00..5.42 rows=98 width=0)
	        Index Cond: ((k >= 7050781) AND (k <= 7050881))

table 5 : explain SELECT k, c FROM sbtest5 WHERE k BETWEEN 7050781 AND 7050881
	Bitmap Heap Scan on sbtest5  (cost=5.49..413.41 rows=103 width=125)
	  Recheck Cond: ((k >= 7050781) AND (k <= 7050881))
	  ->  Bitmap Index Scan on k_5  (cost=0.00..5.46 rows=103 width=0)
	        Index Cond: ((k >= 7050781) AND (k <= 7050881))

table 6 : explain SELECT k, c FROM sbtest6 WHERE k BETWEEN 7050781 AND 7050881
	Bitmap Heap Scan on sbtest6  (cost=5.41..381.90 rows=95 width=125)
	  Recheck Cond: ((k >= 7050781) AND (k <= 7050881))
	  ->  Bitmap Index Scan on k_6  (cost=0.00..5.38 rows=95 width=0)
	        Index Cond: ((k >= 7050781) AND (k <= 7050881))

table 7 : explain SELECT k, c FROM sbtest7 WHERE k BETWEEN 7050781 AND 7050881
	Bitmap Heap Scan on sbtest7  (cost=5.58..449.11 rows=112 width=125)
	  Recheck Cond: ((k >= 7050781) AND (k <= 7050881))
	  ->  Bitmap Index Scan on k_7  (cost=0.00..5.55 rows=112 width=0)
	        Index Cond: ((k >= 7050781) AND (k <= 7050881))

table 8 : explain SELECT k, c FROM sbtest8 WHERE k BETWEEN 7050781 AND 7050881
	Bitmap Heap Scan on sbtest8  (cost=5.50..417.33 rows=104 width=125)
	  Recheck Cond: ((k >= 7050781) AND (k <= 7050881))
	  ->  Bitmap Index Scan on k_8  (cost=0.00..5.47 rows=104 width=0)
	        Index Cond: ((k >= 7050781) AND (k <= 7050881))

explain: for range-notcovered :: explain SELECT k, c FROM sbtest%d WHERE k BETWEEN 7050781 AND 7050881
for range-notcovered
table 1 : explain SELECT k, c FROM sbtest1 WHERE k BETWEEN 7317958 AND 7318058
	Bitmap Heap Scan on sbtest1  (cost=5.49..413.44 rows=103 width=125)
	  Recheck Cond: ((k >= 7317958) AND (k <= 7318058))
	  ->  Bitmap Index Scan on k_1  (cost=0.00..5.46 rows=103 width=0)
	        Index Cond: ((k >= 7317958) AND (k <= 7318058))

table 2 : explain SELECT k, c FROM sbtest2 WHERE k BETWEEN 7317958 AND 7318058
	Bitmap Heap Scan on sbtest2  (cost=5.57..444.93 rows=111 width=125)
	  Recheck Cond: ((k >= 7317958) AND (k <= 7318058))
	  ->  Bitmap Index Scan on k_2  (cost=0.00..5.54 rows=111 width=0)
	        Index Cond: ((k >= 7317958) AND (k <= 7318058))

table 3 : explain SELECT k, c FROM sbtest3 WHERE k BETWEEN 7317958 AND 7318058
	Bitmap Heap Scan on sbtest3  (cost=5.54..433.32 rows=108 width=125)
	  Recheck Cond: ((k >= 7317958) AND (k <= 7318058))
	  ->  Bitmap Index Scan on k_3  (cost=0.00..5.51 rows=108 width=0)
	        Index Cond: ((k >= 7317958) AND (k <= 7318058))

table 4 : explain SELECT k, c FROM sbtest4 WHERE k BETWEEN 7317958 AND 7318058
	Bitmap Heap Scan on sbtest4  (cost=5.40..378.03 rows=94 width=125)
	  Recheck Cond: ((k >= 7317958) AND (k <= 7318058))
	  ->  Bitmap Index Scan on k_4  (cost=0.00..5.38 rows=94 width=0)
	        Index Cond: ((k >= 7317958) AND (k <= 7318058))

table 5 : explain SELECT k, c FROM sbtest5 WHERE k BETWEEN 7317958 AND 7318058
	Bitmap Heap Scan on sbtest5  (cost=5.53..429.18 rows=107 width=125)
	  Recheck Cond: ((k >= 7317958) AND (k <= 7318058))
	  ->  Bitmap Index Scan on k_5  (cost=0.00..5.50 rows=107 width=0)
	        Index Cond: ((k >= 7317958) AND (k <= 7318058))

table 6 : explain SELECT k, c FROM sbtest6 WHERE k BETWEEN 7317958 AND 7318058
	Bitmap Heap Scan on sbtest6  (cost=5.43..389.79 rows=97 width=125)
	  Recheck Cond: ((k >= 7317958) AND (k <= 7318058))
	  ->  Bitmap Index Scan on k_6  (cost=0.00..5.40 rows=97 width=0)
	        Index Cond: ((k >= 7317958) AND (k <= 7318058))

table 7 : explain SELECT k, c FROM sbtest7 WHERE k BETWEEN 7317958 AND 7318058
	Bitmap Heap Scan on sbtest7  (cost=5.55..437.28 rows=109 width=125)
	  Recheck Cond: ((k >= 7317958) AND (k <= 7318058))
	  ->  Bitmap Index Scan on k_7  (cost=0.00..5.52 rows=109 width=0)
	        Index Cond: ((k >= 7317958) AND (k <= 7318058))

table 8 : explain SELECT k, c FROM sbtest8 WHERE k BETWEEN 7317958 AND 7318058
	Bitmap Heap Scan on sbtest8  (cost=5.53..429.16 rows=107 width=125)
	  Recheck Cond: ((k >= 7317958) AND (k <= 7318058))
	  ->  Bitmap Index Scan on k_8  (cost=0.00..5.50 rows=107 width=0)
	        Index Cond: ((k >= 7317958) AND (k <= 7318058))

for range-notcovered
table 1 : explain SELECT k, c FROM sbtest1 WHERE k BETWEEN 5293017 AND 5293117
	Bitmap Heap Scan on sbtest1  (cost=5.40..377.93 rows=94 width=125)
	  Recheck Cond: ((k >= 5293017) AND (k <= 5293117))
	  ->  Bitmap Index Scan on k_1  (cost=0.00..5.38 rows=94 width=0)
	        Index Cond: ((k >= 5293017) AND (k <= 5293117))

table 2 : explain SELECT k, c FROM sbtest2 WHERE k BETWEEN 5293017 AND 5293117
	Bitmap Heap Scan on sbtest2  (cost=5.41..381.84 rows=95 width=125)
	  Recheck Cond: ((k >= 5293017) AND (k <= 5293117))
	  ->  Bitmap Index Scan on k_2  (cost=0.00..5.38 rows=95 width=0)
	        Index Cond: ((k >= 5293017) AND (k <= 5293117))

table 3 : explain SELECT k, c FROM sbtest3 WHERE k BETWEEN 5293017 AND 5293117
	Bitmap Heap Scan on sbtest3  (cost=5.46..401.76 rows=100 width=125)
	  Recheck Cond: ((k >= 5293017) AND (k <= 5293117))
	  ->  Bitmap Index Scan on k_3  (cost=0.00..5.43 rows=100 width=0)
	        Index Cond: ((k >= 5293017) AND (k <= 5293117))

table 4 : explain SELECT k, c FROM sbtest4 WHERE k BETWEEN 5293017 AND 5293117
	Bitmap Heap Scan on sbtest4  (cost=5.45..397.77 rows=99 width=125)
	  Recheck Cond: ((k >= 5293017) AND (k <= 5293117))
	  ->  Bitmap Index Scan on k_4  (cost=0.00..5.42 rows=99 width=0)
	        Index Cond: ((k >= 5293017) AND (k <= 5293117))

table 5 : explain SELECT k, c FROM sbtest5 WHERE k BETWEEN 5293017 AND 5293117
	Bitmap Heap Scan on sbtest5  (cost=5.44..393.69 rows=98 width=125)
	  Recheck Cond: ((k >= 5293017) AND (k <= 5293117))
	  ->  Bitmap Index Scan on k_5  (cost=0.00..5.42 rows=98 width=0)
	        Index Cond: ((k >= 5293017) AND (k <= 5293117))

table 6 : explain SELECT k, c FROM sbtest6 WHERE k BETWEEN 5293017 AND 5293117
	Bitmap Heap Scan on sbtest6  (cost=5.52..425.29 rows=106 width=125)
	  Recheck Cond: ((k >= 5293017) AND (k <= 5293117))
	  ->  Bitmap Index Scan on k_6  (cost=0.00..5.50 rows=106 width=0)
	        Index Cond: ((k >= 5293017) AND (k <= 5293117))

table 7 : explain SELECT k, c FROM sbtest7 WHERE k BETWEEN 5293017 AND 5293117
	Bitmap Heap Scan on sbtest7  (cost=5.47..405.72 rows=101 width=125)
	  Recheck Cond: ((k >= 5293017) AND (k <= 5293117))
	  ->  Bitmap Index Scan on k_7  (cost=0.00..5.44 rows=101 width=0)
	        Index Cond: ((k >= 5293017) AND (k <= 5293117))

table 8 : explain SELECT k, c FROM sbtest8 WHERE k BETWEEN 5293017 AND 5293117
	Bitmap Heap Scan on sbtest8  (cost=5.39..373.94 rows=93 width=125)
	  Recheck Cond: ((k >= 5293017) AND (k <= 5293117))
	  ->  Bitmap Index Scan on k_8  (cost=0.00..5.36 rows=93 width=0)
	        Index Cond: ((k >= 5293017) AND (k <= 5293117))

explain: for range-notcovered :: explain SELECT k, c FROM sbtest%d WHERE k BETWEEN 7317958 AND 7318058
explain: for range-notcovered :: explain SELECT k, c FROM sbtest%d WHERE k BETWEEN 5293017 AND 5293117
for range-notcovered
table 1 : explain SELECT k, c FROM sbtest1 WHERE k BETWEEN 3325739 AND 3325839
	Bitmap Heap Scan on sbtest1  (cost=5.57..444.97 rows=111 width=125)
	  Recheck Cond: ((k >= 3325739) AND (k <= 3325839))
	  ->  Bitmap Index Scan on k_1  (cost=0.00..5.54 rows=111 width=0)
	        Index Cond: ((k >= 3325739) AND (k <= 3325839))

table 2 : explain SELECT k, c FROM sbtest2 WHERE k BETWEEN 3325739 AND 3325839
	Bitmap Heap Scan on sbtest2  (cost=5.59..452.80 rows=113 width=125)
	  Recheck Cond: ((k >= 3325739) AND (k <= 3325839))
	  ->  Bitmap Index Scan on k_2  (cost=0.00..5.56 rows=113 width=0)
	        Index Cond: ((k >= 3325739) AND (k <= 3325839))

table 3 : explain SELECT k, c FROM sbtest3 WHERE k BETWEEN 3325739 AND 3325839
	Bitmap Heap Scan on sbtest3  (cost=5.49..413.60 rows=103 width=125)
	  Recheck Cond: ((k >= 3325739) AND (k <= 3325839))
	  ->  Bitmap Index Scan on k_3  (cost=0.00..5.46 rows=103 width=0)
	        Index Cond: ((k >= 3325739) AND (k <= 3325839))

table 4 : explain SELECT k, c FROM sbtest4 WHERE k BETWEEN 3325739 AND 3325839
	Bitmap Heap Scan on sbtest4  (cost=5.67..480.58 rows=120 width=125)
	  Recheck Cond: ((k >= 3325739) AND (k <= 3325839))
	  ->  Bitmap Index Scan on k_4  (cost=0.00..5.63 rows=120 width=0)
	        Index Cond: ((k >= 3325739) AND (k <= 3325839))

table 5 : explain SELECT k, c FROM sbtest5 WHERE k BETWEEN 3325739 AND 3325839
	Bitmap Heap Scan on sbtest5  (cost=5.47..405.52 rows=101 width=125)
	  Recheck Cond: ((k >= 3325739) AND (k <= 3325839))
	  ->  Bitmap Index Scan on k_5  (cost=0.00..5.44 rows=101 width=0)
	        Index Cond: ((k >= 3325739) AND (k <= 3325839))

table 6 : explain SELECT k, c FROM sbtest6 WHERE k BETWEEN 3325739 AND 3325839
	Bitmap Heap Scan on sbtest6  (cost=5.50..417.41 rows=104 width=125)
	  Recheck Cond: ((k >= 3325739) AND (k <= 3325839))
	  ->  Bitmap Index Scan on k_6  (cost=0.00..5.47 rows=104 width=0)
	        Index Cond: ((k >= 3325739) AND (k <= 3325839))

table 7 : explain SELECT k, c FROM sbtest7 WHERE k BETWEEN 3325739 AND 3325839
	Bitmap Heap Scan on sbtest7  (cost=5.46..401.77 rows=100 width=125)
	  Recheck Cond: ((k >= 3325739) AND (k <= 3325839))
	  ->  Bitmap Index Scan on k_7  (cost=0.00..5.43 rows=100 width=0)
	        Index Cond: ((k >= 3325739) AND (k <= 3325839))

table 8 : explain SELECT k, c FROM sbtest8 WHERE k BETWEEN 3325739 AND 3325839
	Bitmap Heap Scan on sbtest8  (cost=5.44..393.67 rows=98 width=125)
	  Recheck Cond: ((k >= 3325739) AND (k <= 3325839))
	  ->  Bitmap Index Scan on k_8  (cost=0.00..5.42 rows=98 width=0)
	        Index Cond: ((k >= 3325739) AND (k <= 3325839))

explain: for range-notcovered :: explain SELECT k, c FROM sbtest%d WHERE k BETWEEN 3325739 AND 3325839
for range-notcovered
table 1 : explain SELECT k, c FROM sbtest1 WHERE k BETWEEN 7050781 AND 7050881
	Bitmap Heap Scan on sbtest1  (cost=5.48..409.49 rows=102 width=125)
	  Recheck Cond: ((k >= 7050781) AND (k <= 7050881))
	  ->  Bitmap Index Scan on k_1  (cost=0.00..5.45 rows=102 width=0)
	        Index Cond: ((k >= 7050781) AND (k <= 7050881))

table 2 : explain SELECT k, c FROM sbtest2 WHERE k BETWEEN 7050781 AND 7050881
	Bitmap Heap Scan on sbtest2  (cost=5.49..413.39 rows=103 width=125)
	  Recheck Cond: ((k >= 7050781) AND (k <= 7050881))
	  ->  Bitmap Index Scan on k_2  (cost=0.00..5.46 rows=103 width=0)
	        Index Cond: ((k >= 7050781) AND (k <= 7050881))

table 3 : explain SELECT k, c FROM sbtest3 WHERE k BETWEEN 7050781 AND 7050881
	Bitmap Heap Scan on sbtest3  (cost=5.44..393.86 rows=98 width=125)
	  Recheck Cond: ((k >= 7050781) AND (k <= 7050881))
	  ->  Bitmap Index Scan on k_3  (cost=0.00..5.42 rows=98 width=0)
	        Index Cond: ((k >= 7050781) AND (k <= 7050881))

table 4 : explain SELECT k, c FROM sbtest4 WHERE k BETWEEN 7050781 AND 7050881
	Bitmap Heap Scan on sbtest4  (cost=5.44..393.83 rows=98 width=125)
	  Recheck Cond: ((k >= 7050781) AND (k <= 7050881))
	  ->  Bitmap Index Scan on k_4  (cost=0.00..5.42 rows=98 width=0)
	        Index Cond: ((k >= 7050781) AND (k <= 7050881))

table 5 : explain SELECT k, c FROM sbtest5 WHERE k BETWEEN 7050781 AND 7050881
	Bitmap Heap Scan on sbtest5  (cost=5.49..413.41 rows=103 width=125)
	  Recheck Cond: ((k >= 7050781) AND (k <= 7050881))
	  ->  Bitmap Index Scan on k_5  (cost=0.00..5.46 rows=103 width=0)
	        Index Cond: ((k >= 7050781) AND (k <= 7050881))

table 6 : explain SELECT k, c FROM sbtest6 WHERE k BETWEEN 7050781 AND 7050881
	Bitmap Heap Scan on sbtest6  (cost=5.41..381.90 rows=95 width=125)
	  Recheck Cond: ((k >= 7050781) AND (k <= 7050881))
	  ->  Bitmap Index Scan on k_6  (cost=0.00..5.38 rows=95 width=0)
	        Index Cond: ((k >= 7050781) AND (k <= 7050881))

table 7 : explain SELECT k, c FROM sbtest7 WHERE k BETWEEN 7050781 AND 7050881
	Bitmap Heap Scan on sbtest7  (cost=5.58..449.11 rows=112 width=125)
	  Recheck Cond: ((k >= 7050781) AND (k <= 7050881))
	  ->  Bitmap Index Scan on k_7  (cost=0.00..5.55 rows=112 width=0)
	        Index Cond: ((k >= 7050781) AND (k <= 7050881))

table 8 : explain SELECT k, c FROM sbtest8 WHERE k BETWEEN 7050781 AND 7050881
	Bitmap Heap Scan on sbtest8  (cost=5.50..417.33 rows=104 width=125)
	  Recheck Cond: ((k >= 7050781) AND (k <= 7050881))
	  ->  Bitmap Index Scan on k_8  (cost=0.00..5.47 rows=104 width=0)
	        Index Cond: ((k >= 7050781) AND (k <= 7050881))

explain: for range-notcovered :: explain SELECT k, c FROM sbtest%d WHERE k BETWEEN 7050781 AND 7050881
for range-notcovered
table 1 : explain SELECT k, c FROM sbtest1 WHERE k BETWEEN 7317958 AND 7318058
	Bitmap Heap Scan on sbtest1  (cost=5.49..413.44 rows=103 width=125)
	  Recheck Cond: ((k >= 7317958) AND (k <= 7318058))
	  ->  Bitmap Index Scan on k_1  (cost=0.00..5.46 rows=103 width=0)
	        Index Cond: ((k >= 7317958) AND (k <= 7318058))

table 2 : explain SELECT k, c FROM sbtest2 WHERE k BETWEEN 7317958 AND 7318058
	Bitmap Heap Scan on sbtest2  (cost=5.57..444.93 rows=111 width=125)
	  Recheck Cond: ((k >= 7317958) AND (k <= 7318058))
	  ->  Bitmap Index Scan on k_2  (cost=0.00..5.54 rows=111 width=0)
	        Index Cond: ((k >= 7317958) AND (k <= 7318058))

table 3 : explain SELECT k, c FROM sbtest3 WHERE k BETWEEN 7317958 AND 7318058
	Bitmap Heap Scan on sbtest3  (cost=5.54..433.32 rows=108 width=125)
	  Recheck Cond: ((k >= 7317958) AND (k <= 7318058))
	  ->  Bitmap Index Scan on k_3  (cost=0.00..5.51 rows=108 width=0)
	        Index Cond: ((k >= 7317958) AND (k <= 7318058))

table 4 : explain SELECT k, c FROM sbtest4 WHERE k BETWEEN 7317958 AND 7318058
	Bitmap Heap Scan on sbtest4  (cost=5.40..378.03 rows=94 width=125)
	  Recheck Cond: ((k >= 7317958) AND (k <= 7318058))
	  ->  Bitmap Index Scan on k_4  (cost=0.00..5.38 rows=94 width=0)
	        Index Cond: ((k >= 7317958) AND (k <= 7318058))

table 5 : explain SELECT k, c FROM sbtest5 WHERE k BETWEEN 7317958 AND 7318058
	Bitmap Heap Scan on sbtest5  (cost=5.53..429.18 rows=107 width=125)
	  Recheck Cond: ((k >= 7317958) AND (k <= 7318058))
	  ->  Bitmap Index Scan on k_5  (cost=0.00..5.50 rows=107 width=0)
	        Index Cond: ((k >= 7317958) AND (k <= 7318058))

table 6 : explain SELECT k, c FROM sbtest6 WHERE k BETWEEN 7317958 AND 7318058
	Bitmap Heap Scan on sbtest6  (cost=5.43..389.79 rows=97 width=125)
	  Recheck Cond: ((k >= 7317958) AND (k <= 7318058))
	  ->  Bitmap Index Scan on k_6  (cost=0.00..5.40 rows=97 width=0)
	        Index Cond: ((k >= 7317958) AND (k <= 7318058))

table 7 : explain SELECT k, c FROM sbtest7 WHERE k BETWEEN 7317958 AND 7318058
	Bitmap Heap Scan on sbtest7  (cost=5.55..437.28 rows=109 width=125)
	  Recheck Cond: ((k >= 7317958) AND (k <= 7318058))
	  ->  Bitmap Index Scan on k_7  (cost=0.00..5.52 rows=109 width=0)
	        Index Cond: ((k >= 7317958) AND (k <= 7318058))

table 8 : explain SELECT k, c FROM sbtest8 WHERE k BETWEEN 7317958 AND 7318058
	Bitmap Heap Scan on sbtest8  (cost=5.53..429.16 rows=107 width=125)
	  Recheck Cond: ((k >= 7317958) AND (k <= 7318058))
	  ->  Bitmap Index Scan on k_8  (cost=0.00..5.50 rows=107 width=0)
	        Index Cond: ((k >= 7317958) AND (k <= 7318058))

explain: for range-notcovered :: explain SELECT k, c FROM sbtest%d WHERE k BETWEEN 7317958 AND 7318058
for range-notcovered
table 1 : explain SELECT k, c FROM sbtest1 WHERE k BETWEEN 5354017 AND 5354117
	Bitmap Heap Scan on sbtest1  (cost=5.52..425.26 rows=106 width=125)
	  Recheck Cond: ((k >= 5354017) AND (k <= 5354117))
	  ->  Bitmap Index Scan on k_1  (cost=0.00..5.50 rows=106 width=0)
	        Index Cond: ((k >= 5354017) AND (k <= 5354117))

table 2 : explain SELECT k, c FROM sbtest2 WHERE k BETWEEN 5354017 AND 5354117
	Bitmap Heap Scan on sbtest2  (cost=5.41..381.84 rows=95 width=125)
	  Recheck Cond: ((k >= 5354017) AND (k <= 5354117))
	  ->  Bitmap Index Scan on k_2  (cost=0.00..5.38 rows=95 width=0)
	        Index Cond: ((k >= 5354017) AND (k <= 5354117))

table 3 : explain SELECT k, c FROM sbtest3 WHERE k BETWEEN 5354017 AND 5354117
	Bitmap Heap Scan on sbtest3  (cost=5.45..397.81 rows=99 width=125)
	  Recheck Cond: ((k >= 5354017) AND (k <= 5354117))
	  ->  Bitmap Index Scan on k_3  (cost=0.00..5.42 rows=99 width=0)
	        Index Cond: ((k >= 5354017) AND (k <= 5354117))

table 4 : explain SELECT k, c FROM sbtest4 WHERE k BETWEEN 5354017 AND 5354117
	Bitmap Heap Scan on sbtest4  (cost=5.45..397.77 rows=99 width=125)
	  Recheck Cond: ((k >= 5354017) AND (k <= 5354117))
	  ->  Bitmap Index Scan on k_4  (cost=0.00..5.42 rows=99 width=0)
	        Index Cond: ((k >= 5354017) AND (k <= 5354117))

table 5 : explain SELECT k, c FROM sbtest5 WHERE k BETWEEN 5354017 AND 5354117
	Bitmap Heap Scan on sbtest5  (cost=5.38..370.01 rows=92 width=125)
	  Recheck Cond: ((k >= 5354017) AND (k <= 5354117))
	  ->  Bitmap Index Scan on k_5  (cost=0.00..5.35 rows=92 width=0)
	        Index Cond: ((k >= 5354017) AND (k <= 5354117))

table 6 : explain SELECT k, c FROM sbtest6 WHERE k BETWEEN 5354017 AND 5354117
	Bitmap Heap Scan on sbtest6  (cost=5.53..429.24 rows=107 width=125)
	  Recheck Cond: ((k >= 5354017) AND (k <= 5354117))
	  ->  Bitmap Index Scan on k_6  (cost=0.00..5.50 rows=107 width=0)
	        Index Cond: ((k >= 5354017) AND (k <= 5354117))

table 7 : explain SELECT k, c FROM sbtest7 WHERE k BETWEEN 5354017 AND 5354117
	Bitmap Heap Scan on sbtest7  (cost=5.47..405.72 rows=101 width=125)
	  Recheck Cond: ((k >= 5354017) AND (k <= 5354117))
	  ->  Bitmap Index Scan on k_7  (cost=0.00..5.44 rows=101 width=0)
	        Index Cond: ((k >= 5354017) AND (k <= 5354117))

table 8 : explain SELECT k, c FROM sbtest8 WHERE k BETWEEN 5354017 AND 5354117
	Bitmap Heap Scan on sbtest8  (cost=5.39..373.94 rows=93 width=125)
	  Recheck Cond: ((k >= 5354017) AND (k <= 5354117))
	  ->  Bitmap Index Scan on k_8  (cost=0.00..5.36 rows=93 width=0)
	        Index Cond: ((k >= 5354017) AND (k <= 5354117))

for range-notcovered
table 1 : explain SELECT k, c FROM sbtest1 WHERE k BETWEEN 5293017 AND 5293117
	Bitmap Heap Scan on sbtest1  (cost=5.40..377.93 rows=94 width=125)
	  Recheck Cond: ((k >= 5293017) AND (k <= 5293117))
	  ->  Bitmap Index Scan on k_1  (cost=0.00..5.38 rows=94 width=0)
	        Index Cond: ((k >= 5293017) AND (k <= 5293117))

table 2 : explain SELECT k, c FROM sbtest2 WHERE k BETWEEN 5293017 AND 5293117
	Bitmap Heap Scan on sbtest2  (cost=5.41..381.84 rows=95 width=125)
	  Recheck Cond: ((k >= 5293017) AND (k <= 5293117))
	  ->  Bitmap Index Scan on k_2  (cost=0.00..5.38 rows=95 width=0)
	        Index Cond: ((k >= 5293017) AND (k <= 5293117))

table 3 : explain SELECT k, c FROM sbtest3 WHERE k BETWEEN 5293017 AND 5293117
	Bitmap Heap Scan on sbtest3  (cost=5.46..401.76 rows=100 width=125)
	  Recheck Cond: ((k >= 5293017) AND (k <= 5293117))
	  ->  Bitmap Index Scan on k_3  (cost=0.00..5.43 rows=100 width=0)
	        Index Cond: ((k >= 5293017) AND (k <= 5293117))

table 4 : explain SELECT k, c FROM sbtest4 WHERE k BETWEEN 5293017 AND 5293117
	Bitmap Heap Scan on sbtest4  (cost=5.45..397.77 rows=99 width=125)
	  Recheck Cond: ((k >= 5293017) AND (k <= 5293117))
	  ->  Bitmap Index Scan on k_4  (cost=0.00..5.42 rows=99 width=0)
	        Index Cond: ((k >= 5293017) AND (k <= 5293117))

table 5 : explain SELECT k, c FROM sbtest5 WHERE k BETWEEN 5293017 AND 5293117
	Bitmap Heap Scan on sbtest5  (cost=5.44..393.69 rows=98 width=125)
	  Recheck Cond: ((k >= 5293017) AND (k <= 5293117))
	  ->  Bitmap Index Scan on k_5  (cost=0.00..5.42 rows=98 width=0)
	        Index Cond: ((k >= 5293017) AND (k <= 5293117))

table 6 : explain SELECT k, c FROM sbtest6 WHERE k BETWEEN 5293017 AND 5293117
	Bitmap Heap Scan on sbtest6  (cost=5.52..425.29 rows=106 width=125)
	  Recheck Cond: ((k >= 5293017) AND (k <= 5293117))
	  ->  Bitmap Index Scan on k_6  (cost=0.00..5.50 rows=106 width=0)
	        Index Cond: ((k >= 5293017) AND (k <= 5293117))

table 7 : explain SELECT k, c FROM sbtest7 WHERE k BETWEEN 5293017 AND 5293117
	Bitmap Heap Scan on sbtest7  (cost=5.47..405.72 rows=101 width=125)
	  Recheck Cond: ((k >= 5293017) AND (k <= 5293117))
	  ->  Bitmap Index Scan on k_7  (cost=0.00..5.44 rows=101 width=0)
	        Index Cond: ((k >= 5293017) AND (k <= 5293117))

table 8 : explain SELECT k, c FROM sbtest8 WHERE k BETWEEN 5293017 AND 5293117
	Bitmap Heap Scan on sbtest8  (cost=5.39..373.94 rows=93 width=125)
	  Recheck Cond: ((k >= 5293017) AND (k <= 5293117))
	  ->  Bitmap Index Scan on k_8  (cost=0.00..5.36 rows=93 width=0)
	        Index Cond: ((k >= 5293017) AND (k <= 5293117))

explain: for range-notcovered :: explain SELECT k, c FROM sbtest%d WHERE k BETWEEN 5354017 AND 5354117
explain: for range-notcovered :: explain SELECT k, c FROM sbtest%d WHERE k BETWEEN 5293017 AND 5293117
explain: for range-notcovered :: explain SELECT k, c FROM sbtest%d WHERE k BETWEEN 6198458 AND 6198558
for range-notcovered
table 1 : explain SELECT k, c FROM sbtest1 WHERE k BETWEEN 3325739 AND 3325839
	Bitmap Heap Scan on sbtest1  (cost=5.57..444.97 rows=111 width=125)
	  Recheck Cond: ((k >= 3325739) AND (k <= 3325839))
	  ->  Bitmap Index Scan on k_1  (cost=0.00..5.54 rows=111 width=0)
	        Index Cond: ((k >= 3325739) AND (k <= 3325839))

table 2 : explain SELECT k, c FROM sbtest2 WHERE k BETWEEN 3325739 AND 3325839
	Bitmap Heap Scan on sbtest2  (cost=5.59..452.80 rows=113 width=125)
	  Recheck Cond: ((k >= 3325739) AND (k <= 3325839))
	  ->  Bitmap Index Scan on k_2  (cost=0.00..5.56 rows=113 width=0)
	        Index Cond: ((k >= 3325739) AND (k <= 3325839))

table 3 : explain SELECT k, c FROM sbtest3 WHERE k BETWEEN 3325739 AND 3325839
	Bitmap Heap Scan on sbtest3  (cost=5.49..413.60 rows=103 width=125)
	  Recheck Cond: ((k >= 3325739) AND (k <= 3325839))
	  ->  Bitmap Index Scan on k_3  (cost=0.00..5.46 rows=103 width=0)
	        Index Cond: ((k >= 3325739) AND (k <= 3325839))

table 4 : explain SELECT k, c FROM sbtest4 WHERE k BETWEEN 3325739 AND 3325839
	Bitmap Heap Scan on sbtest4  (cost=5.67..480.58 rows=120 width=125)
	  Recheck Cond: ((k >= 3325739) AND (k <= 3325839))
	  ->  Bitmap Index Scan on k_4  (cost=0.00..5.63 rows=120 width=0)
	        Index Cond: ((k >= 3325739) AND (k <= 3325839))

table 5 : explain SELECT k, c FROM sbtest5 WHERE k BETWEEN 3325739 AND 3325839
	Bitmap Heap Scan on sbtest5  (cost=5.47..405.52 rows=101 width=125)
	  Recheck Cond: ((k >= 3325739) AND (k <= 3325839))
	  ->  Bitmap Index Scan on k_5  (cost=0.00..5.44 rows=101 width=0)
	        Index Cond: ((k >= 3325739) AND (k <= 3325839))

table 6 : explain SELECT k, c FROM sbtest6 WHERE k BETWEEN 3325739 AND 3325839
	Bitmap Heap Scan on sbtest6  (cost=5.50..417.41 rows=104 width=125)
	  Recheck Cond: ((k >= 3325739) AND (k <= 3325839))
	  ->  Bitmap Index Scan on k_6  (cost=0.00..5.47 rows=104 width=0)
	        Index Cond: ((k >= 3325739) AND (k <= 3325839))

table 7 : explain SELECT k, c FROM sbtest7 WHERE k BETWEEN 3325739 AND 3325839
	Bitmap Heap Scan on sbtest7  (cost=5.46..401.77 rows=100 width=125)
	  Recheck Cond: ((k >= 3325739) AND (k <= 3325839))
	  ->  Bitmap Index Scan on k_7  (cost=0.00..5.43 rows=100 width=0)
	        Index Cond: ((k >= 3325739) AND (k <= 3325839))

table 8 : explain SELECT k, c FROM sbtest8 WHERE k BETWEEN 3325739 AND 3325839
	Bitmap Heap Scan on sbtest8  (cost=5.44..393.67 rows=98 width=125)
	  Recheck Cond: ((k >= 3325739) AND (k <= 3325839))
	  ->  Bitmap Index Scan on k_8  (cost=0.00..5.42 rows=98 width=0)
	        Index Cond: ((k >= 3325739) AND (k <= 3325839))

explain: for range-notcovered :: explain SELECT k, c FROM sbtest%d WHERE k BETWEEN 3325739 AND 3325839
for range-notcovered
table 1 : explain SELECT k, c FROM sbtest1 WHERE k BETWEEN 7653605 AND 7653705
	Bitmap Heap Scan on sbtest1  (cost=5.42..385.82 rows=96 width=125)
	  Recheck Cond: ((k >= 7653605) AND (k <= 7653705))
	  ->  Bitmap Index Scan on k_1  (cost=0.00..5.39 rows=96 width=0)
	        Index Cond: ((k >= 7653605) AND (k <= 7653705))

table 2 : explain SELECT k, c FROM sbtest2 WHERE k BETWEEN 7653605 AND 7653705
	Bitmap Heap Scan on sbtest2  (cost=5.45..397.62 rows=99 width=125)
	  Recheck Cond: ((k >= 7653605) AND (k <= 7653705))
	  ->  Bitmap Index Scan on k_2  (cost=0.00..5.42 rows=99 width=0)
	        Index Cond: ((k >= 7653605) AND (k <= 7653705))

table 3 : explain SELECT k, c FROM sbtest3 WHERE k BETWEEN 7653605 AND 7653705
	Bitmap Heap Scan on sbtest3  (cost=5.46..401.76 rows=100 width=125)
	  Recheck Cond: ((k >= 7653605) AND (k <= 7653705))
	  ->  Bitmap Index Scan on k_3  (cost=0.00..5.43 rows=100 width=0)
	        Index Cond: ((k >= 7653605) AND (k <= 7653705))

table 4 : explain SELECT k, c FROM sbtest4 WHERE k BETWEEN 7653605 AND 7653705
	Bitmap Heap Scan on sbtest4  (cost=5.52..425.39 rows=106 width=125)
	  Recheck Cond: ((k >= 7653605) AND (k <= 7653705))
	  ->  Bitmap Index Scan on k_4  (cost=0.00..5.50 rows=106 width=0)
	        Index Cond: ((k >= 7653605) AND (k <= 7653705))

table 5 : explain SELECT k, c FROM sbtest5 WHERE k BETWEEN 7653605 AND 7653705
	Bitmap Heap Scan on sbtest5  (cost=5.40..377.90 rows=94 width=125)
	  Recheck Cond: ((k >= 7653605) AND (k <= 7653705))
	  ->  Bitmap Index Scan on k_5  (cost=0.00..5.38 rows=94 width=0)
	        Index Cond: ((k >= 7653605) AND (k <= 7653705))

table 6 : explain SELECT k, c FROM sbtest6 WHERE k BETWEEN 7653605 AND 7653705
	Bitmap Heap Scan on sbtest6  (cost=5.48..409.52 rows=102 width=125)
	  Recheck Cond: ((k >= 7653605) AND (k <= 7653705))
	  ->  Bitmap Index Scan on k_6  (cost=0.00..5.45 rows=102 width=0)
	        Index Cond: ((k >= 7653605) AND (k <= 7653705))

table 7 : explain SELECT k, c FROM sbtest7 WHERE k BETWEEN 7653605 AND 7653705
	Bitmap Heap Scan on sbtest7  (cost=5.46..401.77 rows=100 width=125)
	  Recheck Cond: ((k >= 7653605) AND (k <= 7653705))
	  ->  Bitmap Index Scan on k_7  (cost=0.00..5.43 rows=100 width=0)
	        Index Cond: ((k >= 7653605) AND (k <= 7653705))

table 8 : explain SELECT k, c FROM sbtest8 WHERE k BETWEEN 7653605 AND 7653705
	Bitmap Heap Scan on sbtest8  (cost=5.50..417.33 rows=104 width=125)
	  Recheck Cond: ((k >= 7653605) AND (k <= 7653705))
	  ->  Bitmap Index Scan on k_8  (cost=0.00..5.47 rows=104 width=0)
	        Index Cond: ((k >= 7653605) AND (k <= 7653705))

explain: for range-notcovered :: explain SELECT k, c FROM sbtest%d WHERE k BETWEEN 7653605 AND 7653705
for range-notcovered
table 1 : explain SELECT k, c FROM sbtest1 WHERE k BETWEEN 7653605 AND 7653705
	Bitmap Heap Scan on sbtest1  (cost=5.42..385.82 rows=96 width=125)
	  Recheck Cond: ((k >= 7653605) AND (k <= 7653705))
	  ->  Bitmap Index Scan on k_1  (cost=0.00..5.39 rows=96 width=0)
	        Index Cond: ((k >= 7653605) AND (k <= 7653705))

table 2 : explain SELECT k, c FROM sbtest2 WHERE k BETWEEN 7653605 AND 7653705
	Bitmap Heap Scan on sbtest2  (cost=5.45..397.62 rows=99 width=125)
	  Recheck Cond: ((k >= 7653605) AND (k <= 7653705))
	  ->  Bitmap Index Scan on k_2  (cost=0.00..5.42 rows=99 width=0)
	        Index Cond: ((k >= 7653605) AND (k <= 7653705))

table 3 : explain SELECT k, c FROM sbtest3 WHERE k BETWEEN 7653605 AND 7653705
	Bitmap Heap Scan on sbtest3  (cost=5.46..401.76 rows=100 width=125)
	  Recheck Cond: ((k >= 7653605) AND (k <= 7653705))
	  ->  Bitmap Index Scan on k_3  (cost=0.00..5.43 rows=100 width=0)
	        Index Cond: ((k >= 7653605) AND (k <= 7653705))

table 4 : explain SELECT k, c FROM sbtest4 WHERE k BETWEEN 7653605 AND 7653705
	Bitmap Heap Scan on sbtest4  (cost=5.52..425.39 rows=106 width=125)
	  Recheck Cond: ((k >= 7653605) AND (k <= 7653705))
	  ->  Bitmap Index Scan on k_4  (cost=0.00..5.50 rows=106 width=0)
	        Index Cond: ((k >= 7653605) AND (k <= 7653705))

table 5 : explain SELECT k, c FROM sbtest5 WHERE k BETWEEN 7653605 AND 7653705
	Bitmap Heap Scan on sbtest5  (cost=5.40..377.90 rows=94 width=125)
	  Recheck Cond: ((k >= 7653605) AND (k <= 7653705))
	  ->  Bitmap Index Scan on k_5  (cost=0.00..5.38 rows=94 width=0)
	        Index Cond: ((k >= 7653605) AND (k <= 7653705))

table 6 : explain SELECT k, c FROM sbtest6 WHERE k BETWEEN 7653605 AND 7653705
	Bitmap Heap Scan on sbtest6  (cost=5.48..409.52 rows=102 width=125)
	  Recheck Cond: ((k >= 7653605) AND (k <= 7653705))
	  ->  Bitmap Index Scan on k_6  (cost=0.00..5.45 rows=102 width=0)
	        Index Cond: ((k >= 7653605) AND (k <= 7653705))

table 7 : explain SELECT k, c FROM sbtest7 WHERE k BETWEEN 7653605 AND 7653705
	Bitmap Heap Scan on sbtest7  (cost=5.46..401.77 rows=100 width=125)
	  Recheck Cond: ((k >= 7653605) AND (k <= 7653705))
	  ->  Bitmap Index Scan on k_7  (cost=0.00..5.43 rows=100 width=0)
	        Index Cond: ((k >= 7653605) AND (k <= 7653705))

table 8 : explain SELECT k, c FROM sbtest8 WHERE k BETWEEN 7653605 AND 7653705
	Bitmap Heap Scan on sbtest8  (cost=5.50..417.33 rows=104 width=125)
	  Recheck Cond: ((k >= 7653605) AND (k <= 7653705))
	  ->  Bitmap Index Scan on k_8  (cost=0.00..5.47 rows=104 width=0)
	        Index Cond: ((k >= 7653605) AND (k <= 7653705))

explain: for range-notcovered :: explain SELECT k, c FROM sbtest%d WHERE k BETWEEN 7653605 AND 7653705
for range-notcovered
table 1 : explain SELECT k, c FROM sbtest1 WHERE k BETWEEN 5354017 AND 5354117
	Bitmap Heap Scan on sbtest1  (cost=5.52..425.26 rows=106 width=125)
	  Recheck Cond: ((k >= 5354017) AND (k <= 5354117))
	  ->  Bitmap Index Scan on k_1  (cost=0.00..5.50 rows=106 width=0)
	        Index Cond: ((k >= 5354017) AND (k <= 5354117))

table 2 : explain SELECT k, c FROM sbtest2 WHERE k BETWEEN 5354017 AND 5354117
	Bitmap Heap Scan on sbtest2  (cost=5.41..381.84 rows=95 width=125)
	  Recheck Cond: ((k >= 5354017) AND (k <= 5354117))
	  ->  Bitmap Index Scan on k_2  (cost=0.00..5.38 rows=95 width=0)
	        Index Cond: ((k >= 5354017) AND (k <= 5354117))

table 3 : explain SELECT k, c FROM sbtest3 WHERE k BETWEEN 5354017 AND 5354117
	Bitmap Heap Scan on sbtest3  (cost=5.45..397.81 rows=99 width=125)
	  Recheck Cond: ((k >= 5354017) AND (k <= 5354117))
	  ->  Bitmap Index Scan on k_3  (cost=0.00..5.42 rows=99 width=0)
	        Index Cond: ((k >= 5354017) AND (k <= 5354117))

table 4 : explain SELECT k, c FROM sbtest4 WHERE k BETWEEN 5354017 AND 5354117
	Bitmap Heap Scan on sbtest4  (cost=5.45..397.77 rows=99 width=125)
	  Recheck Cond: ((k >= 5354017) AND (k <= 5354117))
	  ->  Bitmap Index Scan on k_4  (cost=0.00..5.42 rows=99 width=0)
	        Index Cond: ((k >= 5354017) AND (k <= 5354117))

table 5 : explain SELECT k, c FROM sbtest5 WHERE k BETWEEN 5354017 AND 5354117
	Bitmap Heap Scan on sbtest5  (cost=5.38..370.01 rows=92 width=125)
	  Recheck Cond: ((k >= 5354017) AND (k <= 5354117))
	  ->  Bitmap Index Scan on k_5  (cost=0.00..5.35 rows=92 width=0)
	        Index Cond: ((k >= 5354017) AND (k <= 5354117))

table 6 : explain SELECT k, c FROM sbtest6 WHERE k BETWEEN 5354017 AND 5354117
	Bitmap Heap Scan on sbtest6  (cost=5.53..429.24 rows=107 width=125)
	  Recheck Cond: ((k >= 5354017) AND (k <= 5354117))
	  ->  Bitmap Index Scan on k_6  (cost=0.00..5.50 rows=107 width=0)
	        Index Cond: ((k >= 5354017) AND (k <= 5354117))

table 7 : explain SELECT k, c FROM sbtest7 WHERE k BETWEEN 5354017 AND 5354117
	Bitmap Heap Scan on sbtest7  (cost=5.47..405.72 rows=101 width=125)
	  Recheck Cond: ((k >= 5354017) AND (k <= 5354117))
	  ->  Bitmap Index Scan on k_7  (cost=0.00..5.44 rows=101 width=0)
	        Index Cond: ((k >= 5354017) AND (k <= 5354117))

table 8 : explain SELECT k, c FROM sbtest8 WHERE k BETWEEN 5354017 AND 5354117
	Bitmap Heap Scan on sbtest8  (cost=5.39..373.94 rows=93 width=125)
	  Recheck Cond: ((k >= 5354017) AND (k <= 5354117))
	  ->  Bitmap Index Scan on k_8  (cost=0.00..5.36 rows=93 width=0)
	        Index Cond: ((k >= 5354017) AND (k <= 5354117))

explain: for range-notcovered :: explain SELECT k, c FROM sbtest%d WHERE k BETWEEN 5354017 AND 5354117
explain: for range-notcovered :: explain SELECT k, c FROM sbtest%d WHERE k BETWEEN 7650953 AND 7651053
for range-notcovered
table 1 : explain SELECT k, c FROM sbtest1 WHERE k BETWEEN 7653605 AND 7653705
	Bitmap Heap Scan on sbtest1  (cost=5.42..385.82 rows=96 width=125)
	  Recheck Cond: ((k >= 7653605) AND (k <= 7653705))
	  ->  Bitmap Index Scan on k_1  (cost=0.00..5.39 rows=96 width=0)
	        Index Cond: ((k >= 7653605) AND (k <= 7653705))

table 2 : explain SELECT k, c FROM sbtest2 WHERE k BETWEEN 7653605 AND 7653705
	Bitmap Heap Scan on sbtest2  (cost=5.45..397.62 rows=99 width=125)
	  Recheck Cond: ((k >= 7653605) AND (k <= 7653705))
	  ->  Bitmap Index Scan on k_2  (cost=0.00..5.42 rows=99 width=0)
	        Index Cond: ((k >= 7653605) AND (k <= 7653705))

table 3 : explain SELECT k, c FROM sbtest3 WHERE k BETWEEN 7653605 AND 7653705
	Bitmap Heap Scan on sbtest3  (cost=5.46..401.76 rows=100 width=125)
	  Recheck Cond: ((k >= 7653605) AND (k <= 7653705))
	  ->  Bitmap Index Scan on k_3  (cost=0.00..5.43 rows=100 width=0)
	        Index Cond: ((k >= 7653605) AND (k <= 7653705))

table 4 : explain SELECT k, c FROM sbtest4 WHERE k BETWEEN 7653605 AND 7653705
	Bitmap Heap Scan on sbtest4  (cost=5.52..425.39 rows=106 width=125)
	  Recheck Cond: ((k >= 7653605) AND (k <= 7653705))
	  ->  Bitmap Index Scan on k_4  (cost=0.00..5.50 rows=106 width=0)
	        Index Cond: ((k >= 7653605) AND (k <= 7653705))

table 5 : explain SELECT k, c FROM sbtest5 WHERE k BETWEEN 7653605 AND 7653705
	Bitmap Heap Scan on sbtest5  (cost=5.40..377.90 rows=94 width=125)
	  Recheck Cond: ((k >= 7653605) AND (k <= 7653705))
	  ->  Bitmap Index Scan on k_5  (cost=0.00..5.38 rows=94 width=0)
	        Index Cond: ((k >= 7653605) AND (k <= 7653705))

table 6 : explain SELECT k, c FROM sbtest6 WHERE k BETWEEN 7653605 AND 7653705
	Bitmap Heap Scan on sbtest6  (cost=5.48..409.52 rows=102 width=125)
	  Recheck Cond: ((k >= 7653605) AND (k <= 7653705))
	  ->  Bitmap Index Scan on k_6  (cost=0.00..5.45 rows=102 width=0)
	        Index Cond: ((k >= 7653605) AND (k <= 7653705))

table 7 : explain SELECT k, c FROM sbtest7 WHERE k BETWEEN 7653605 AND 7653705
	Bitmap Heap Scan on sbtest7  (cost=5.46..401.77 rows=100 width=125)
	  Recheck Cond: ((k >= 7653605) AND (k <= 7653705))
	  ->  Bitmap Index Scan on k_7  (cost=0.00..5.43 rows=100 width=0)
	        Index Cond: ((k >= 7653605) AND (k <= 7653705))

table 8 : explain SELECT k, c FROM sbtest8 WHERE k BETWEEN 7653605 AND 7653705
	Bitmap Heap Scan on sbtest8  (cost=5.50..417.33 rows=104 width=125)
	  Recheck Cond: ((k >= 7653605) AND (k <= 7653705))
	  ->  Bitmap Index Scan on k_8  (cost=0.00..5.47 rows=104 width=0)
	        Index Cond: ((k >= 7653605) AND (k <= 7653705))

explain: for range-notcovered :: explain SELECT k, c FROM sbtest%d WHERE k BETWEEN 7653605 AND 7653705
for range-notcovered
table 1 : explain SELECT k, c FROM sbtest1 WHERE k BETWEEN 5354017 AND 5354117
	Bitmap Heap Scan on sbtest1  (cost=5.52..425.26 rows=106 width=125)
	  Recheck Cond: ((k >= 5354017) AND (k <= 5354117))
	  ->  Bitmap Index Scan on k_1  (cost=0.00..5.50 rows=106 width=0)
	        Index Cond: ((k >= 5354017) AND (k <= 5354117))

table 2 : explain SELECT k, c FROM sbtest2 WHERE k BETWEEN 5354017 AND 5354117
	Bitmap Heap Scan on sbtest2  (cost=5.41..381.84 rows=95 width=125)
	  Recheck Cond: ((k >= 5354017) AND (k <= 5354117))
	  ->  Bitmap Index Scan on k_2  (cost=0.00..5.38 rows=95 width=0)
	        Index Cond: ((k >= 5354017) AND (k <= 5354117))

table 3 : explain SELECT k, c FROM sbtest3 WHERE k BETWEEN 5354017 AND 5354117
	Bitmap Heap Scan on sbtest3  (cost=5.45..397.81 rows=99 width=125)
	  Recheck Cond: ((k >= 5354017) AND (k <= 5354117))
	  ->  Bitmap Index Scan on k_3  (cost=0.00..5.42 rows=99 width=0)
	        Index Cond: ((k >= 5354017) AND (k <= 5354117))

table 4 : explain SELECT k, c FROM sbtest4 WHERE k BETWEEN 5354017 AND 5354117
	Bitmap Heap Scan on sbtest4  (cost=5.45..397.77 rows=99 width=125)
	  Recheck Cond: ((k >= 5354017) AND (k <= 5354117))
	  ->  Bitmap Index Scan on k_4  (cost=0.00..5.42 rows=99 width=0)
	        Index Cond: ((k >= 5354017) AND (k <= 5354117))

table 5 : explain SELECT k, c FROM sbtest5 WHERE k BETWEEN 5354017 AND 5354117
	Bitmap Heap Scan on sbtest5  (cost=5.38..370.01 rows=92 width=125)
	  Recheck Cond: ((k >= 5354017) AND (k <= 5354117))
	  ->  Bitmap Index Scan on k_5  (cost=0.00..5.35 rows=92 width=0)
	        Index Cond: ((k >= 5354017) AND (k <= 5354117))

table 6 : explain SELECT k, c FROM sbtest6 WHERE k BETWEEN 5354017 AND 5354117
	Bitmap Heap Scan on sbtest6  (cost=5.53..429.24 rows=107 width=125)
	  Recheck Cond: ((k >= 5354017) AND (k <= 5354117))
	  ->  Bitmap Index Scan on k_6  (cost=0.00..5.50 rows=107 width=0)
	        Index Cond: ((k >= 5354017) AND (k <= 5354117))

table 7 : explain SELECT k, c FROM sbtest7 WHERE k BETWEEN 5354017 AND 5354117
	Bitmap Heap Scan on sbtest7  (cost=5.47..405.72 rows=101 width=125)
	  Recheck Cond: ((k >= 5354017) AND (k <= 5354117))
	  ->  Bitmap Index Scan on k_7  (cost=0.00..5.44 rows=101 width=0)
	        Index Cond: ((k >= 5354017) AND (k <= 5354117))

table 8 : explain SELECT k, c FROM sbtest8 WHERE k BETWEEN 5354017 AND 5354117
	Bitmap Heap Scan on sbtest8  (cost=5.39..373.94 rows=93 width=125)
	  Recheck Cond: ((k >= 5354017) AND (k <= 5354117))
	  ->  Bitmap Index Scan on k_8  (cost=0.00..5.36 rows=93 width=0)
	        Index Cond: ((k >= 5354017) AND (k <= 5354117))

explain: for range-notcovered :: explain SELECT k, c FROM sbtest%d WHERE k BETWEEN 5354017 AND 5354117
explain: for range-notcovered :: explain SELECT k, c FROM sbtest%d WHERE k BETWEEN 4557500 AND 4557600
for range-notcovered
table 1 : explain SELECT k, c FROM sbtest1 WHERE k BETWEEN 7050781 AND 7050881
	Bitmap Heap Scan on sbtest1  (cost=5.48..409.49 rows=102 width=125)
	  Recheck Cond: ((k >= 7050781) AND (k <= 7050881))
	  ->  Bitmap Index Scan on k_1  (cost=0.00..5.45 rows=102 width=0)
	        Index Cond: ((k >= 7050781) AND (k <= 7050881))

table 2 : explain SELECT k, c FROM sbtest2 WHERE k BETWEEN 7050781 AND 7050881
	Bitmap Heap Scan on sbtest2  (cost=5.49..413.39 rows=103 width=125)
	  Recheck Cond: ((k >= 7050781) AND (k <= 7050881))
	  ->  Bitmap Index Scan on k_2  (cost=0.00..5.46 rows=103 width=0)
	        Index Cond: ((k >= 7050781) AND (k <= 7050881))

table 3 : explain SELECT k, c FROM sbtest3 WHERE k BETWEEN 7050781 AND 7050881
	Bitmap Heap Scan on sbtest3  (cost=5.44..393.86 rows=98 width=125)
	  Recheck Cond: ((k >= 7050781) AND (k <= 7050881))
	  ->  Bitmap Index Scan on k_3  (cost=0.00..5.42 rows=98 width=0)
	        Index Cond: ((k >= 7050781) AND (k <= 7050881))

table 4 : explain SELECT k, c FROM sbtest4 WHERE k BETWEEN 7050781 AND 7050881
	Bitmap Heap Scan on sbtest4  (cost=5.44..393.83 rows=98 width=125)
	  Recheck Cond: ((k >= 7050781) AND (k <= 7050881))
	  ->  Bitmap Index Scan on k_4  (cost=0.00..5.42 rows=98 width=0)
	        Index Cond: ((k >= 7050781) AND (k <= 7050881))

table 5 : explain SELECT k, c FROM sbtest5 WHERE k BETWEEN 7050781 AND 7050881
	Bitmap Heap Scan on sbtest5  (cost=5.49..413.41 rows=103 width=125)
	  Recheck Cond: ((k >= 7050781) AND (k <= 7050881))
	  ->  Bitmap Index Scan on k_5  (cost=0.00..5.46 rows=103 width=0)
	        Index Cond: ((k >= 7050781) AND (k <= 7050881))

table 6 : explain SELECT k, c FROM sbtest6 WHERE k BETWEEN 7050781 AND 7050881
	Bitmap Heap Scan on sbtest6  (cost=5.41..381.90 rows=95 width=125)
	  Recheck Cond: ((k >= 7050781) AND (k <= 7050881))
	  ->  Bitmap Index Scan on k_6  (cost=0.00..5.38 rows=95 width=0)
	        Index Cond: ((k >= 7050781) AND (k <= 7050881))

table 7 : explain SELECT k, c FROM sbtest7 WHERE k BETWEEN 7050781 AND 7050881
	Bitmap Heap Scan on sbtest7  (cost=5.58..449.11 rows=112 width=125)
	  Recheck Cond: ((k >= 7050781) AND (k <= 7050881))
	  ->  Bitmap Index Scan on k_7  (cost=0.00..5.55 rows=112 width=0)
	        Index Cond: ((k >= 7050781) AND (k <= 7050881))

table 8 : explain SELECT k, c FROM sbtest8 WHERE k BETWEEN 7050781 AND 7050881
	Bitmap Heap Scan on sbtest8  (cost=5.50..417.33 rows=104 width=125)
	  Recheck Cond: ((k >= 7050781) AND (k <= 7050881))
	  ->  Bitmap Index Scan on k_8  (cost=0.00..5.47 rows=104 width=0)
	        Index Cond: ((k >= 7050781) AND (k <= 7050881))

for range-notcovered
table 1 : explain SELECT k, c FROM sbtest1 WHERE k BETWEEN 7317958 AND 7318058
	Bitmap Heap Scan on sbtest1  (cost=5.49..413.44 rows=103 width=125)
	  Recheck Cond: ((k >= 7317958) AND (k <= 7318058))
	  ->  Bitmap Index Scan on k_1  (cost=0.00..5.46 rows=103 width=0)
	        Index Cond: ((k >= 7317958) AND (k <= 7318058))

table 2 : explain SELECT k, c FROM sbtest2 WHERE k BETWEEN 7317958 AND 7318058
	Bitmap Heap Scan on sbtest2  (cost=5.57..444.93 rows=111 width=125)
	  Recheck Cond: ((k >= 7317958) AND (k <= 7318058))
	  ->  Bitmap Index Scan on k_2  (cost=0.00..5.54 rows=111 width=0)
	        Index Cond: ((k >= 7317958) AND (k <= 7318058))

table 3 : explain SELECT k, c FROM sbtest3 WHERE k BETWEEN 7317958 AND 7318058
	Bitmap Heap Scan on sbtest3  (cost=5.54..433.32 rows=108 width=125)
	  Recheck Cond: ((k >= 7317958) AND (k <= 7318058))
	  ->  Bitmap Index Scan on k_3  (cost=0.00..5.51 rows=108 width=0)
	        Index Cond: ((k >= 7317958) AND (k <= 7318058))

table 4 : explain SELECT k, c FROM sbtest4 WHERE k BETWEEN 7317958 AND 7318058
	Bitmap Heap Scan on sbtest4  (cost=5.40..378.03 rows=94 width=125)
	  Recheck Cond: ((k >= 7317958) AND (k <= 7318058))
	  ->  Bitmap Index Scan on k_4  (cost=0.00..5.38 rows=94 width=0)
	        Index Cond: ((k >= 7317958) AND (k <= 7318058))

table 5 : explain SELECT k, c FROM sbtest5 WHERE k BETWEEN 7317958 AND 7318058
	Bitmap Heap Scan on sbtest5  (cost=5.53..429.18 rows=107 width=125)
	  Recheck Cond: ((k >= 7317958) AND (k <= 7318058))
	  ->  Bitmap Index Scan on k_5  (cost=0.00..5.50 rows=107 width=0)
	        Index Cond: ((k >= 7317958) AND (k <= 7318058))

table 6 : explain SELECT k, c FROM sbtest6 WHERE k BETWEEN 7317958 AND 7318058
	Bitmap Heap Scan on sbtest6  (cost=5.43..389.79 rows=97 width=125)
	  Recheck Cond: ((k >= 7317958) AND (k <= 7318058))
	  ->  Bitmap Index Scan on k_6  (cost=0.00..5.40 rows=97 width=0)
	        Index Cond: ((k >= 7317958) AND (k <= 7318058))

table 7 : explain SELECT k, c FROM sbtest7 WHERE k BETWEEN 7317958 AND 7318058
	Bitmap Heap Scan on sbtest7  (cost=5.55..437.28 rows=109 width=125)
	  Recheck Cond: ((k >= 7317958) AND (k <= 7318058))
	  ->  Bitmap Index Scan on k_7  (cost=0.00..5.52 rows=109 width=0)
	        Index Cond: ((k >= 7317958) AND (k <= 7318058))

table 8 : explain SELECT k, c FROM sbtest8 WHERE k BETWEEN 7317958 AND 7318058
	Bitmap Heap Scan on sbtest8  (cost=5.53..429.16 rows=107 width=125)
	  Recheck Cond: ((k >= 7317958) AND (k <= 7318058))
	  ->  Bitmap Index Scan on k_8  (cost=0.00..5.50 rows=107 width=0)
	        Index Cond: ((k >= 7317958) AND (k <= 7318058))

explain: for range-notcovered :: explain SELECT k, c FROM sbtest%d WHERE k BETWEEN 7050781 AND 7050881
explain: for range-notcovered :: explain SELECT k, c FROM sbtest%d WHERE k BETWEEN 7317958 AND 7318058
for range-notcovered
table 1 : explain SELECT k, c FROM sbtest1 WHERE k BETWEEN 5293017 AND 5293117
	Bitmap Heap Scan on sbtest1  (cost=5.40..377.93 rows=94 width=125)
	  Recheck Cond: ((k >= 5293017) AND (k <= 5293117))
	  ->  Bitmap Index Scan on k_1  (cost=0.00..5.38 rows=94 width=0)
	        Index Cond: ((k >= 5293017) AND (k <= 5293117))

table 2 : explain SELECT k, c FROM sbtest2 WHERE k BETWEEN 5293017 AND 5293117
	Bitmap Heap Scan on sbtest2  (cost=5.41..381.84 rows=95 width=125)
	  Recheck Cond: ((k >= 5293017) AND (k <= 5293117))
	  ->  Bitmap Index Scan on k_2  (cost=0.00..5.38 rows=95 width=0)
	        Index Cond: ((k >= 5293017) AND (k <= 5293117))

table 3 : explain SELECT k, c FROM sbtest3 WHERE k BETWEEN 5293017 AND 5293117
	Bitmap Heap Scan on sbtest3  (cost=5.46..401.76 rows=100 width=125)
	  Recheck Cond: ((k >= 5293017) AND (k <= 5293117))
	  ->  Bitmap Index Scan on k_3  (cost=0.00..5.43 rows=100 width=0)
	        Index Cond: ((k >= 5293017) AND (k <= 5293117))

table 4 : explain SELECT k, c FROM sbtest4 WHERE k BETWEEN 5293017 AND 5293117
	Bitmap Heap Scan on sbtest4  (cost=5.45..397.77 rows=99 width=125)
	  Recheck Cond: ((k >= 5293017) AND (k <= 5293117))
	  ->  Bitmap Index Scan on k_4  (cost=0.00..5.42 rows=99 width=0)
	        Index Cond: ((k >= 5293017) AND (k <= 5293117))

table 5 : explain SELECT k, c FROM sbtest5 WHERE k BETWEEN 5293017 AND 5293117
	Bitmap Heap Scan on sbtest5  (cost=5.44..393.69 rows=98 width=125)
	  Recheck Cond: ((k >= 5293017) AND (k <= 5293117))
	  ->  Bitmap Index Scan on k_5  (cost=0.00..5.42 rows=98 width=0)
	        Index Cond: ((k >= 5293017) AND (k <= 5293117))

table 6 : explain SELECT k, c FROM sbtest6 WHERE k BETWEEN 5293017 AND 5293117
	Bitmap Heap Scan on sbtest6  (cost=5.52..425.29 rows=106 width=125)
	  Recheck Cond: ((k >= 5293017) AND (k <= 5293117))
	  ->  Bitmap Index Scan on k_6  (cost=0.00..5.50 rows=106 width=0)
	        Index Cond: ((k >= 5293017) AND (k <= 5293117))

table 7 : explain SELECT k, c FROM sbtest7 WHERE k BETWEEN 5293017 AND 5293117
	Bitmap Heap Scan on sbtest7  (cost=5.47..405.72 rows=101 width=125)
	  Recheck Cond: ((k >= 5293017) AND (k <= 5293117))
	  ->  Bitmap Index Scan on k_7  (cost=0.00..5.44 rows=101 width=0)
	        Index Cond: ((k >= 5293017) AND (k <= 5293117))

table 8 : explain SELECT k, c FROM sbtest8 WHERE k BETWEEN 5293017 AND 5293117
	Bitmap Heap Scan on sbtest8  (cost=5.39..373.94 rows=93 width=125)
	  Recheck Cond: ((k >= 5293017) AND (k <= 5293117))
	  ->  Bitmap Index Scan on k_8  (cost=0.00..5.36 rows=93 width=0)
	        Index Cond: ((k >= 5293017) AND (k <= 5293117))

for range-notcovered
table 1 : explain SELECT k, c FROM sbtest1 WHERE k BETWEEN 7653605 AND 7653705
	Bitmap Heap Scan on sbtest1  (cost=5.42..385.82 rows=96 width=125)
	  Recheck Cond: ((k >= 7653605) AND (k <= 7653705))
	  ->  Bitmap Index Scan on k_1  (cost=0.00..5.39 rows=96 width=0)
	        Index Cond: ((k >= 7653605) AND (k <= 7653705))

table 2 : explain SELECT k, c FROM sbtest2 WHERE k BETWEEN 7653605 AND 7653705
	Bitmap Heap Scan on sbtest2  (cost=5.45..397.62 rows=99 width=125)
	  Recheck Cond: ((k >= 7653605) AND (k <= 7653705))
	  ->  Bitmap Index Scan on k_2  (cost=0.00..5.42 rows=99 width=0)
	        Index Cond: ((k >= 7653605) AND (k <= 7653705))

table 3 : explain SELECT k, c FROM sbtest3 WHERE k BETWEEN 7653605 AND 7653705
	Bitmap Heap Scan on sbtest3  (cost=5.46..401.76 rows=100 width=125)
	  Recheck Cond: ((k >= 7653605) AND (k <= 7653705))
	  ->  Bitmap Index Scan on k_3  (cost=0.00..5.43 rows=100 width=0)
	        Index Cond: ((k >= 7653605) AND (k <= 7653705))

table 4 : explain SELECT k, c FROM sbtest4 WHERE k BETWEEN 7653605 AND 7653705
	Bitmap Heap Scan on sbtest4  (cost=5.52..425.39 rows=106 width=125)
	  Recheck Cond: ((k >= 7653605) AND (k <= 7653705))
	  ->  Bitmap Index Scan on k_4  (cost=0.00..5.50 rows=106 width=0)
	        Index Cond: ((k >= 7653605) AND (k <= 7653705))

table 5 : explain SELECT k, c FROM sbtest5 WHERE k BETWEEN 7653605 AND 7653705
	Bitmap Heap Scan on sbtest5  (cost=5.40..377.90 rows=94 width=125)
	  Recheck Cond: ((k >= 7653605) AND (k <= 7653705))
	  ->  Bitmap Index Scan on k_5  (cost=0.00..5.38 rows=94 width=0)
	        Index Cond: ((k >= 7653605) AND (k <= 7653705))

table 6 : explain SELECT k, c FROM sbtest6 WHERE k BETWEEN 7653605 AND 7653705
	Bitmap Heap Scan on sbtest6  (cost=5.48..409.52 rows=102 width=125)
	  Recheck Cond: ((k >= 7653605) AND (k <= 7653705))
	  ->  Bitmap Index Scan on k_6  (cost=0.00..5.45 rows=102 width=0)
	        Index Cond: ((k >= 7653605) AND (k <= 7653705))

table 7 : explain SELECT k, c FROM sbtest7 WHERE k BETWEEN 7653605 AND 7653705
	Bitmap Heap Scan on sbtest7  (cost=5.46..401.77 rows=100 width=125)
	  Recheck Cond: ((k >= 7653605) AND (k <= 7653705))
	  ->  Bitmap Index Scan on k_7  (cost=0.00..5.43 rows=100 width=0)
	        Index Cond: ((k >= 7653605) AND (k <= 7653705))

table 8 : explain SELECT k, c FROM sbtest8 WHERE k BETWEEN 7653605 AND 7653705
	Bitmap Heap Scan on sbtest8  (cost=5.50..417.33 rows=104 width=125)
	  Recheck Cond: ((k >= 7653605) AND (k <= 7653705))
	  ->  Bitmap Index Scan on k_8  (cost=0.00..5.47 rows=104 width=0)
	        Index Cond: ((k >= 7653605) AND (k <= 7653705))

explain: for range-notcovered :: explain SELECT k, c FROM sbtest%d WHERE k BETWEEN 5293017 AND 5293117
explain: for range-notcovered :: explain SELECT k, c FROM sbtest%d WHERE k BETWEEN 7653605 AND 7653705
for range-notcovered
table 1 : explain SELECT k, c FROM sbtest1 WHERE k BETWEEN 3325739 AND 3325839
	Bitmap Heap Scan on sbtest1  (cost=5.57..444.97 rows=111 width=125)
	  Recheck Cond: ((k >= 3325739) AND (k <= 3325839))
	  ->  Bitmap Index Scan on k_1  (cost=0.00..5.54 rows=111 width=0)
	        Index Cond: ((k >= 3325739) AND (k <= 3325839))

table 2 : explain SELECT k, c FROM sbtest2 WHERE k BETWEEN 3325739 AND 3325839
	Bitmap Heap Scan on sbtest2  (cost=5.59..452.80 rows=113 width=125)
	  Recheck Cond: ((k >= 3325739) AND (k <= 3325839))
	  ->  Bitmap Index Scan on k_2  (cost=0.00..5.56 rows=113 width=0)
	        Index Cond: ((k >= 3325739) AND (k <= 3325839))

table 3 : explain SELECT k, c FROM sbtest3 WHERE k BETWEEN 3325739 AND 3325839
	Bitmap Heap Scan on sbtest3  (cost=5.49..413.60 rows=103 width=125)
	  Recheck Cond: ((k >= 3325739) AND (k <= 3325839))
	  ->  Bitmap Index Scan on k_3  (cost=0.00..5.46 rows=103 width=0)
	        Index Cond: ((k >= 3325739) AND (k <= 3325839))

table 4 : explain SELECT k, c FROM sbtest4 WHERE k BETWEEN 3325739 AND 3325839
	Bitmap Heap Scan on sbtest4  (cost=5.67..480.58 rows=120 width=125)
	  Recheck Cond: ((k >= 3325739) AND (k <= 3325839))
	  ->  Bitmap Index Scan on k_4  (cost=0.00..5.63 rows=120 width=0)
	        Index Cond: ((k >= 3325739) AND (k <= 3325839))

table 5 : explain SELECT k, c FROM sbtest5 WHERE k BETWEEN 3325739 AND 3325839
	Bitmap Heap Scan on sbtest5  (cost=5.47..405.52 rows=101 width=125)
	  Recheck Cond: ((k >= 3325739) AND (k <= 3325839))
	  ->  Bitmap Index Scan on k_5  (cost=0.00..5.44 rows=101 width=0)
	        Index Cond: ((k >= 3325739) AND (k <= 3325839))

table 6 : explain SELECT k, c FROM sbtest6 WHERE k BETWEEN 3325739 AND 3325839
	Bitmap Heap Scan on sbtest6  (cost=5.50..417.41 rows=104 width=125)
	  Recheck Cond: ((k >= 3325739) AND (k <= 3325839))
	  ->  Bitmap Index Scan on k_6  (cost=0.00..5.47 rows=104 width=0)
	        Index Cond: ((k >= 3325739) AND (k <= 3325839))

table 7 : explain SELECT k, c FROM sbtest7 WHERE k BETWEEN 3325739 AND 3325839
	Bitmap Heap Scan on sbtest7  (cost=5.46..401.77 rows=100 width=125)
	  Recheck Cond: ((k >= 3325739) AND (k <= 3325839))
	  ->  Bitmap Index Scan on k_7  (cost=0.00..5.43 rows=100 width=0)
	        Index Cond: ((k >= 3325739) AND (k <= 3325839))

table 8 : explain SELECT k, c FROM sbtest8 WHERE k BETWEEN 3325739 AND 3325839
	Bitmap Heap Scan on sbtest8  (cost=5.44..393.67 rows=98 width=125)
	  Recheck Cond: ((k >= 3325739) AND (k <= 3325839))
	  ->  Bitmap Index Scan on k_8  (cost=0.00..5.42 rows=98 width=0)
	        Index Cond: ((k >= 3325739) AND (k <= 3325839))

explain: for range-notcovered :: explain SELECT k, c FROM sbtest%d WHERE k BETWEEN 3325739 AND 3325839
for range-notcovered
table 1 : explain SELECT k, c FROM sbtest1 WHERE k BETWEEN 2440212 AND 2440312
	Bitmap Heap Scan on sbtest1  (cost=5.41..381.87 rows=95 width=125)
	  Recheck Cond: ((k >= 2440212) AND (k <= 2440312))
	  ->  Bitmap Index Scan on k_1  (cost=0.00..5.38 rows=95 width=0)
	        Index Cond: ((k >= 2440212) AND (k <= 2440312))

table 2 : explain SELECT k, c FROM sbtest2 WHERE k BETWEEN 2440212 AND 2440312
	Bitmap Heap Scan on sbtest2  (cost=5.48..409.45 rows=102 width=125)
	  Recheck Cond: ((k >= 2440212) AND (k <= 2440312))
	  ->  Bitmap Index Scan on k_2  (cost=0.00..5.45 rows=102 width=0)
	        Index Cond: ((k >= 2440212) AND (k <= 2440312))

table 3 : explain SELECT k, c FROM sbtest3 WHERE k BETWEEN 2440212 AND 2440312
	Bitmap Heap Scan on sbtest3  (cost=5.50..417.54 rows=104 width=125)
	  Recheck Cond: ((k >= 2440212) AND (k <= 2440312))
	  ->  Bitmap Index Scan on k_3  (cost=0.00..5.47 rows=104 width=0)
	        Index Cond: ((k >= 2440212) AND (k <= 2440312))

table 4 : explain SELECT k, c FROM sbtest4 WHERE k BETWEEN 2440212 AND 2440312
	Bitmap Heap Scan on sbtest4  (cost=5.57..445.11 rows=111 width=125)
	  Recheck Cond: ((k >= 2440212) AND (k <= 2440312))
	  ->  Bitmap Index Scan on k_4  (cost=0.00..5.54 rows=111 width=0)
	        Index Cond: ((k >= 2440212) AND (k <= 2440312))

table 5 : explain SELECT k, c FROM sbtest5 WHERE k BETWEEN 2440212 AND 2440312
	Bitmap Heap Scan on sbtest5  (cost=5.43..389.74 rows=97 width=125)
	  Recheck Cond: ((k >= 2440212) AND (k <= 2440312))
	  ->  Bitmap Index Scan on k_5  (cost=0.00..5.40 rows=97 width=0)
	        Index Cond: ((k >= 2440212) AND (k <= 2440312))

table 6 : explain SELECT k, c FROM sbtest6 WHERE k BETWEEN 2440212 AND 2440312
	Bitmap Heap Scan on sbtest6  (cost=5.46..401.63 rows=100 width=125)
	  Recheck Cond: ((k >= 2440212) AND (k <= 2440312))
	  ->  Bitmap Index Scan on k_6  (cost=0.00..5.43 rows=100 width=0)
	        Index Cond: ((k >= 2440212) AND (k <= 2440312))

table 7 : explain SELECT k, c FROM sbtest7 WHERE k BETWEEN 2440212 AND 2440312
	Bitmap Heap Scan on sbtest7  (cost=5.46..401.77 rows=100 width=125)
	  Recheck Cond: ((k >= 2440212) AND (k <= 2440312))
	  ->  Bitmap Index Scan on k_7  (cost=0.00..5.43 rows=100 width=0)
	        Index Cond: ((k >= 2440212) AND (k <= 2440312))

table 8 : explain SELECT k, c FROM sbtest8 WHERE k BETWEEN 2440212 AND 2440312
	Bitmap Heap Scan on sbtest8  (cost=5.40..377.89 rows=94 width=125)
	  Recheck Cond: ((k >= 2440212) AND (k <= 2440312))
	  ->  Bitmap Index Scan on k_8  (cost=0.00..5.38 rows=94 width=0)
	        Index Cond: ((k >= 2440212) AND (k <= 2440312))

for range-notcovered
table 1 : explain SELECT k, c FROM sbtest1 WHERE k BETWEEN 7050781 AND 7050881
	Bitmap Heap Scan on sbtest1  (cost=5.48..409.49 rows=102 width=125)
	  Recheck Cond: ((k >= 7050781) AND (k <= 7050881))
	  ->  Bitmap Index Scan on k_1  (cost=0.00..5.45 rows=102 width=0)
	        Index Cond: ((k >= 7050781) AND (k <= 7050881))

table 2 : explain SELECT k, c FROM sbtest2 WHERE k BETWEEN 7050781 AND 7050881
	Bitmap Heap Scan on sbtest2  (cost=5.49..413.39 rows=103 width=125)
	  Recheck Cond: ((k >= 7050781) AND (k <= 7050881))
	  ->  Bitmap Index Scan on k_2  (cost=0.00..5.46 rows=103 width=0)
	        Index Cond: ((k >= 7050781) AND (k <= 7050881))

table 3 : explain SELECT k, c FROM sbtest3 WHERE k BETWEEN 7050781 AND 7050881
	Bitmap Heap Scan on sbtest3  (cost=5.44..393.86 rows=98 width=125)
	  Recheck Cond: ((k >= 7050781) AND (k <= 7050881))
	  ->  Bitmap Index Scan on k_3  (cost=0.00..5.42 rows=98 width=0)
	        Index Cond: ((k >= 7050781) AND (k <= 7050881))

table 4 : explain SELECT k, c FROM sbtest4 WHERE k BETWEEN 7050781 AND 7050881
	Bitmap Heap Scan on sbtest4  (cost=5.44..393.83 rows=98 width=125)
	  Recheck Cond: ((k >= 7050781) AND (k <= 7050881))
	  ->  Bitmap Index Scan on k_4  (cost=0.00..5.42 rows=98 width=0)
	        Index Cond: ((k >= 7050781) AND (k <= 7050881))

table 5 : explain SELECT k, c FROM sbtest5 WHERE k BETWEEN 7050781 AND 7050881
	Bitmap Heap Scan on sbtest5  (cost=5.49..413.41 rows=103 width=125)
	  Recheck Cond: ((k >= 7050781) AND (k <= 7050881))
	  ->  Bitmap Index Scan on k_5  (cost=0.00..5.46 rows=103 width=0)
	        Index Cond: ((k >= 7050781) AND (k <= 7050881))

table 6 : explain SELECT k, c FROM sbtest6 WHERE k BETWEEN 7050781 AND 7050881
	Bitmap Heap Scan on sbtest6  (cost=5.41..381.90 rows=95 width=125)
	  Recheck Cond: ((k >= 7050781) AND (k <= 7050881))
	  ->  Bitmap Index Scan on k_6  (cost=0.00..5.38 rows=95 width=0)
	        Index Cond: ((k >= 7050781) AND (k <= 7050881))

table 7 : explain SELECT k, c FROM sbtest7 WHERE k BETWEEN 7050781 AND 7050881
	Bitmap Heap Scan on sbtest7  (cost=5.58..449.11 rows=112 width=125)
	  Recheck Cond: ((k >= 7050781) AND (k <= 7050881))
	  ->  Bitmap Index Scan on k_7  (cost=0.00..5.55 rows=112 width=0)
	        Index Cond: ((k >= 7050781) AND (k <= 7050881))

table 8 : explain SELECT k, c FROM sbtest8 WHERE k BETWEEN 7050781 AND 7050881
	Bitmap Heap Scan on sbtest8  (cost=5.50..417.33 rows=104 width=125)
	  Recheck Cond: ((k >= 7050781) AND (k <= 7050881))
	  ->  Bitmap Index Scan on k_8  (cost=0.00..5.47 rows=104 width=0)
	        Index Cond: ((k >= 7050781) AND (k <= 7050881))
for range-notcovered
table 1 : explain SELECT k, c FROM sbtest1 WHERE k BETWEEN 7317958 AND 7318058
	Bitmap Heap Scan on sbtest1  (cost=5.49..413.44 rows=103 width=125)
	  Recheck Cond: ((k >= 7317958) AND (k <= 7318058))
	  ->  Bitmap Index Scan on k_1  (cost=0.00..5.46 rows=103 width=0)
	        Index Cond: ((k >= 7317958) AND (k <= 7318058))

table 2 : explain SELECT k, c FROM sbtest2 WHERE k BETWEEN 7317958 AND 7318058
	Bitmap Heap Scan on sbtest2  (cost=5.57..444.93 rows=111 width=125)
	  Recheck Cond: ((k >= 7317958) AND (k <= 7318058))
	  ->  Bitmap Index Scan on k_2  (cost=0.00..5.54 rows=111 width=0)
	        Index Cond: ((k >= 7317958) AND (k <= 7318058))

table 3 : explain SELECT k, c FROM sbtest3 WHERE k BETWEEN 7317958 AND 7318058
	Bitmap Heap Scan on sbtest3  (cost=5.54..433.32 rows=108 width=125)
	  Recheck Cond: ((k >= 7317958) AND (k <= 7318058))
	  ->  Bitmap Index Scan on k_3  (cost=0.00..5.51 rows=108 width=0)
	        Index Cond: ((k >= 7317958) AND (k <= 7318058))

table 4 : explain SELECT k, c FROM sbtest4 WHERE k BETWEEN 7317958 AND 7318058
	Bitmap Heap Scan on sbtest4  (cost=5.40..378.03 rows=94 width=125)
	  Recheck Cond: ((k >= 7317958) AND (k <= 7318058))
	  ->  Bitmap Index Scan on k_4  (cost=0.00..5.38 rows=94 width=0)
	        Index Cond: ((k >= 7317958) AND (k <= 7318058))

table 5 : explain SELECT k, c FROM sbtest5 WHERE k BETWEEN 7317958 AND 7318058
	Bitmap Heap Scan on sbtest5  (cost=5.53..429.18 rows=107 width=125)
	  Recheck Cond: ((k >= 7317958) AND (k <= 7318058))
	  ->  Bitmap Index Scan on k_5  (cost=0.00..5.50 rows=107 width=0)
	        Index Cond: ((k >= 7317958) AND (k <= 7318058))

table 6 : explain SELECT k, c FROM sbtest6 WHERE k BETWEEN 7317958 AND 7318058
	Bitmap Heap Scan on sbtest6  (cost=5.43..389.79 rows=97 width=125)
	  Recheck Cond: ((k >= 7317958) AND (k <= 7318058))
	  ->  Bitmap Index Scan on k_6  (cost=0.00..5.40 rows=97 width=0)
	        Index Cond: ((k >= 7317958) AND (k <= 7318058))

table 7 : explain SELECT k, c FROM sbtest7 WHERE k BETWEEN 7317958 AND 7318058
	Bitmap Heap Scan on sbtest7  (cost=5.55..437.28 rows=109 width=125)
	  Recheck Cond: ((k >= 7317958) AND (k <= 7318058))
	  ->  Bitmap Index Scan on k_7  (cost=0.00..5.52 rows=109 width=0)
	        Index Cond: ((k >= 7317958) AND (k <= 7318058))

table 8 : explain SELECT k, c FROM sbtest8 WHERE k BETWEEN 7317958 AND 7318058
	Bitmap Heap Scan on sbtest8  (cost=5.53..429.16 rows=107 width=125)
	  Recheck Cond: ((k >= 7317958) AND (k <= 7318058))
	  ->  Bitmap Index Scan on k_8  (cost=0.00..5.50 rows=107 width=0)
	        Index Cond: ((k >= 7317958) AND (k <= 7318058))


explain: for range-notcovered :: explain SELECT k, c FROM sbtest%d WHERE k BETWEEN 2440212 AND 2440312
explain: for range-notcovered :: explain SELECT k, c FROM sbtest%d WHERE k BETWEEN 7317958 AND 7318058
explain: for range-notcovered :: explain SELECT k, c FROM sbtest%d WHERE k BETWEEN 7050781 AND 7050881
for range-notcovered
table 1 : explain SELECT k, c FROM sbtest1 WHERE k BETWEEN 5293017 AND 5293117
	Bitmap Heap Scan on sbtest1  (cost=5.40..377.93 rows=94 width=125)
	  Recheck Cond: ((k >= 5293017) AND (k <= 5293117))
	  ->  Bitmap Index Scan on k_1  (cost=0.00..5.38 rows=94 width=0)
	        Index Cond: ((k >= 5293017) AND (k <= 5293117))

table 2 : explain SELECT k, c FROM sbtest2 WHERE k BETWEEN 5293017 AND 5293117
	Bitmap Heap Scan on sbtest2  (cost=5.41..381.84 rows=95 width=125)
	  Recheck Cond: ((k >= 5293017) AND (k <= 5293117))
	  ->  Bitmap Index Scan on k_2  (cost=0.00..5.38 rows=95 width=0)
	        Index Cond: ((k >= 5293017) AND (k <= 5293117))

table 3 : explain SELECT k, c FROM sbtest3 WHERE k BETWEEN 5293017 AND 5293117
	Bitmap Heap Scan on sbtest3  (cost=5.46..401.76 rows=100 width=125)
	  Recheck Cond: ((k >= 5293017) AND (k <= 5293117))
	  ->  Bitmap Index Scan on k_3  (cost=0.00..5.43 rows=100 width=0)
	        Index Cond: ((k >= 5293017) AND (k <= 5293117))

table 4 : explain SELECT k, c FROM sbtest4 WHERE k BETWEEN 5293017 AND 5293117
	Bitmap Heap Scan on sbtest4  (cost=5.45..397.77 rows=99 width=125)
	  Recheck Cond: ((k >= 5293017) AND (k <= 5293117))
	  ->  Bitmap Index Scan on k_4  (cost=0.00..5.42 rows=99 width=0)
	        Index Cond: ((k >= 5293017) AND (k <= 5293117))

table 5 : explain SELECT k, c FROM sbtest5 WHERE k BETWEEN 5293017 AND 5293117
	Bitmap Heap Scan on sbtest5  (cost=5.44..393.69 rows=98 width=125)
	  Recheck Cond: ((k >= 5293017) AND (k <= 5293117))
	  ->  Bitmap Index Scan on k_5  (cost=0.00..5.42 rows=98 width=0)
	        Index Cond: ((k >= 5293017) AND (k <= 5293117))

table 6 : explain SELECT k, c FROM sbtest6 WHERE k BETWEEN 5293017 AND 5293117
	Bitmap Heap Scan on sbtest6  (cost=5.52..425.29 rows=106 width=125)
	  Recheck Cond: ((k >= 5293017) AND (k <= 5293117))
	  ->  Bitmap Index Scan on k_6  (cost=0.00..5.50 rows=106 width=0)
	        Index Cond: ((k >= 5293017) AND (k <= 5293117))

table 7 : explain SELECT k, c FROM sbtest7 WHERE k BETWEEN 5293017 AND 5293117
	Bitmap Heap Scan on sbtest7  (cost=5.47..405.72 rows=101 width=125)
	  Recheck Cond: ((k >= 5293017) AND (k <= 5293117))
	  ->  Bitmap Index Scan on k_7  (cost=0.00..5.44 rows=101 width=0)
	        Index Cond: ((k >= 5293017) AND (k <= 5293117))

table 8 : explain SELECT k, c FROM sbtest8 WHERE k BETWEEN 5293017 AND 5293117
	Bitmap Heap Scan on sbtest8  (cost=5.39..373.94 rows=93 width=125)
	  Recheck Cond: ((k >= 5293017) AND (k <= 5293117))
	  ->  Bitmap Index Scan on k_8  (cost=0.00..5.36 rows=93 width=0)
	        Index Cond: ((k >= 5293017) AND (k <= 5293117))

for range-notcovered
table 1 : explain SELECT k, c FROM sbtest1 WHERE k BETWEEN 7653605 AND 7653705
	Bitmap Heap Scan on sbtest1  (cost=5.42..385.82 rows=96 width=125)
	  Recheck Cond: ((k >= 7653605) AND (k <= 7653705))
	  ->  Bitmap Index Scan on k_1  (cost=0.00..5.39 rows=96 width=0)
	        Index Cond: ((k >= 7653605) AND (k <= 7653705))

table 2 : explain SELECT k, c FROM sbtest2 WHERE k BETWEEN 7653605 AND 7653705
	Bitmap Heap Scan on sbtest2  (cost=5.45..397.62 rows=99 width=125)
	  Recheck Cond: ((k >= 7653605) AND (k <= 7653705))
	  ->  Bitmap Index Scan on k_2  (cost=0.00..5.42 rows=99 width=0)
	        Index Cond: ((k >= 7653605) AND (k <= 7653705))

table 3 : explain SELECT k, c FROM sbtest3 WHERE k BETWEEN 7653605 AND 7653705
	Bitmap Heap Scan on sbtest3  (cost=5.46..401.76 rows=100 width=125)
	  Recheck Cond: ((k >= 7653605) AND (k <= 7653705))
	  ->  Bitmap Index Scan on k_3  (cost=0.00..5.43 rows=100 width=0)
	        Index Cond: ((k >= 7653605) AND (k <= 7653705))

table 4 : explain SELECT k, c FROM sbtest4 WHERE k BETWEEN 7653605 AND 7653705
	Bitmap Heap Scan on sbtest4  (cost=5.52..425.39 rows=106 width=125)
	  Recheck Cond: ((k >= 7653605) AND (k <= 7653705))
	  ->  Bitmap Index Scan on k_4  (cost=0.00..5.50 rows=106 width=0)
	        Index Cond: ((k >= 7653605) AND (k <= 7653705))

table 5 : explain SELECT k, c FROM sbtest5 WHERE k BETWEEN 7653605 AND 7653705
	Bitmap Heap Scan on sbtest5  (cost=5.40..377.90 rows=94 width=125)
	  Recheck Cond: ((k >= 7653605) AND (k <= 7653705))
	  ->  Bitmap Index Scan on k_5  (cost=0.00..5.38 rows=94 width=0)
	        Index Cond: ((k >= 7653605) AND (k <= 7653705))

table 6 : explain SELECT k, c FROM sbtest6 WHERE k BETWEEN 7653605 AND 7653705
	Bitmap Heap Scan on sbtest6  (cost=5.48..409.52 rows=102 width=125)
	  Recheck Cond: ((k >= 7653605) AND (k <= 7653705))
	  ->  Bitmap Index Scan on k_6  (cost=0.00..5.45 rows=102 width=0)
	        Index Cond: ((k >= 7653605) AND (k <= 7653705))

table 7 : explain SELECT k, c FROM sbtest7 WHERE k BETWEEN 7653605 AND 7653705
	Bitmap Heap Scan on sbtest7  (cost=5.46..401.77 rows=100 width=125)
	  Recheck Cond: ((k >= 7653605) AND (k <= 7653705))
	  ->  Bitmap Index Scan on k_7  (cost=0.00..5.43 rows=100 width=0)
	        Index Cond: ((k >= 7653605) AND (k <= 7653705))

table 8 : explain SELECT k, c FROM sbtest8 WHERE k BETWEEN 7653605 AND 7653705
	Bitmap Heap Scan on sbtest8  (cost=5.50..417.33 rows=104 width=125)
	  Recheck Cond: ((k >= 7653605) AND (k <= 7653705))
	  ->  Bitmap Index Scan on k_8  (cost=0.00..5.47 rows=104 width=0)
	        Index Cond: ((k >= 7653605) AND (k <= 7653705))

explain: for range-notcovered :: explain SELECT k, c FROM sbtest%d WHERE k BETWEEN 5293017 AND 5293117
explain: for range-notcovered :: explain SELECT k, c FROM sbtest%d WHERE k BETWEEN 7653605 AND 7653705
for range-notcovered
table 1 : explain SELECT k, c FROM sbtest1 WHERE k BETWEEN 3325739 AND 3325839
	Bitmap Heap Scan on sbtest1  (cost=5.57..444.97 rows=111 width=125)
	  Recheck Cond: ((k >= 3325739) AND (k <= 3325839))
	  ->  Bitmap Index Scan on k_1  (cost=0.00..5.54 rows=111 width=0)
	        Index Cond: ((k >= 3325739) AND (k <= 3325839))

table 2 : explain SELECT k, c FROM sbtest2 WHERE k BETWEEN 3325739 AND 3325839
	Bitmap Heap Scan on sbtest2  (cost=5.59..452.80 rows=113 width=125)
	  Recheck Cond: ((k >= 3325739) AND (k <= 3325839))
	  ->  Bitmap Index Scan on k_2  (cost=0.00..5.56 rows=113 width=0)
	        Index Cond: ((k >= 3325739) AND (k <= 3325839))

table 3 : explain SELECT k, c FROM sbtest3 WHERE k BETWEEN 3325739 AND 3325839
	Bitmap Heap Scan on sbtest3  (cost=5.49..413.60 rows=103 width=125)
	  Recheck Cond: ((k >= 3325739) AND (k <= 3325839))
	  ->  Bitmap Index Scan on k_3  (cost=0.00..5.46 rows=103 width=0)
	        Index Cond: ((k >= 3325739) AND (k <= 3325839))

table 4 : explain SELECT k, c FROM sbtest4 WHERE k BETWEEN 3325739 AND 3325839
	Bitmap Heap Scan on sbtest4  (cost=5.67..480.58 rows=120 width=125)
	  Recheck Cond: ((k >= 3325739) AND (k <= 3325839))
	  ->  Bitmap Index Scan on k_4  (cost=0.00..5.63 rows=120 width=0)
	        Index Cond: ((k >= 3325739) AND (k <= 3325839))

table 5 : explain SELECT k, c FROM sbtest5 WHERE k BETWEEN 3325739 AND 3325839
	Bitmap Heap Scan on sbtest5  (cost=5.47..405.52 rows=101 width=125)
	  Recheck Cond: ((k >= 3325739) AND (k <= 3325839))
	  ->  Bitmap Index Scan on k_5  (cost=0.00..5.44 rows=101 width=0)
	        Index Cond: ((k >= 3325739) AND (k <= 3325839))

table 6 : explain SELECT k, c FROM sbtest6 WHERE k BETWEEN 3325739 AND 3325839
	Bitmap Heap Scan on sbtest6  (cost=5.50..417.41 rows=104 width=125)
	  Recheck Cond: ((k >= 3325739) AND (k <= 3325839))
	  ->  Bitmap Index Scan on k_6  (cost=0.00..5.47 rows=104 width=0)
	        Index Cond: ((k >= 3325739) AND (k <= 3325839))

table 7 : explain SELECT k, c FROM sbtest7 WHERE k BETWEEN 3325739 AND 3325839
	Bitmap Heap Scan on sbtest7  (cost=5.46..401.77 rows=100 width=125)
	  Recheck Cond: ((k >= 3325739) AND (k <= 3325839))
	  ->  Bitmap Index Scan on k_7  (cost=0.00..5.43 rows=100 width=0)
	        Index Cond: ((k >= 3325739) AND (k <= 3325839))

table 8 : explain SELECT k, c FROM sbtest8 WHERE k BETWEEN 3325739 AND 3325839
	Bitmap Heap Scan on sbtest8  (cost=5.44..393.67 rows=98 width=125)
	  Recheck Cond: ((k >= 3325739) AND (k <= 3325839))
	  ->  Bitmap Index Scan on k_8  (cost=0.00..5.42 rows=98 width=0)
	        Index Cond: ((k >= 3325739) AND (k <= 3325839))

explain: for range-notcovered :: explain SELECT k, c FROM sbtest%d WHERE k BETWEEN 3325739 AND 3325839
explain: for range-notcovered :: explain SELECT k, c FROM sbtest%d WHERE k BETWEEN 6856335 AND 6856435
for range-notcovered
table 1 : explain SELECT k, c FROM sbtest1 WHERE k BETWEEN 7317958 AND 7318058
	Bitmap Heap Scan on sbtest1  (cost=5.49..413.44 rows=103 width=125)
	  Recheck Cond: ((k >= 7317958) AND (k <= 7318058))
	  ->  Bitmap Index Scan on k_1  (cost=0.00..5.46 rows=103 width=0)
	        Index Cond: ((k >= 7317958) AND (k <= 7318058))

table 2 : explain SELECT k, c FROM sbtest2 WHERE k BETWEEN 7317958 AND 7318058
	Bitmap Heap Scan on sbtest2  (cost=5.57..444.93 rows=111 width=125)
	  Recheck Cond: ((k >= 7317958) AND (k <= 7318058))
	  ->  Bitmap Index Scan on k_2  (cost=0.00..5.54 rows=111 width=0)
	        Index Cond: ((k >= 7317958) AND (k <= 7318058))

table 3 : explain SELECT k, c FROM sbtest3 WHERE k BETWEEN 7317958 AND 7318058
	Bitmap Heap Scan on sbtest3  (cost=5.54..433.32 rows=108 width=125)
	  Recheck Cond: ((k >= 7317958) AND (k <= 7318058))
	  ->  Bitmap Index Scan on k_3  (cost=0.00..5.51 rows=108 width=0)
	        Index Cond: ((k >= 7317958) AND (k <= 7318058))

table 4 : explain SELECT k, c FROM sbtest4 WHERE k BETWEEN 7317958 AND 7318058
	Bitmap Heap Scan on sbtest4  (cost=5.40..378.03 rows=94 width=125)
	  Recheck Cond: ((k >= 7317958) AND (k <= 7318058))
	  ->  Bitmap Index Scan on k_4  (cost=0.00..5.38 rows=94 width=0)
	        Index Cond: ((k >= 7317958) AND (k <= 7318058))

table 5 : explain SELECT k, c FROM sbtest5 WHERE k BETWEEN 7317958 AND 7318058
	Bitmap Heap Scan on sbtest5  (cost=5.53..429.18 rows=107 width=125)
	  Recheck Cond: ((k >= 7317958) AND (k <= 7318058))
	  ->  Bitmap Index Scan on k_5  (cost=0.00..5.50 rows=107 width=0)
	        Index Cond: ((k >= 7317958) AND (k <= 7318058))

table 6 : explain SELECT k, c FROM sbtest6 WHERE k BETWEEN 7317958 AND 7318058
	Bitmap Heap Scan on sbtest6  (cost=5.43..389.79 rows=97 width=125)
	  Recheck Cond: ((k >= 7317958) AND (k <= 7318058))
	  ->  Bitmap Index Scan on k_6  (cost=0.00..5.40 rows=97 width=0)
	        Index Cond: ((k >= 7317958) AND (k <= 7318058))

table 7 : explain SELECT k, c FROM sbtest7 WHERE k BETWEEN 7317958 AND 7318058
	Bitmap Heap Scan on sbtest7  (cost=5.55..437.28 rows=109 width=125)
	  Recheck Cond: ((k >= 7317958) AND (k <= 7318058))
	  ->  Bitmap Index Scan on k_7  (cost=0.00..5.52 rows=109 width=0)
	        Index Cond: ((k >= 7317958) AND (k <= 7318058))

table 8 : explain SELECT k, c FROM sbtest8 WHERE k BETWEEN 7317958 AND 7318058
	Bitmap Heap Scan on sbtest8  (cost=5.53..429.16 rows=107 width=125)
	  Recheck Cond: ((k >= 7317958) AND (k <= 7318058))
	  ->  Bitmap Index Scan on k_8  (cost=0.00..5.50 rows=107 width=0)
	        Index Cond: ((k >= 7317958) AND (k <= 7318058))

for range-notcovered
table 1 : explain SELECT k, c FROM sbtest1 WHERE k BETWEEN 2440212 AND 2440312
	Bitmap Heap Scan on sbtest1  (cost=5.41..381.87 rows=95 width=125)
	  Recheck Cond: ((k >= 2440212) AND (k <= 2440312))
	  ->  Bitmap Index Scan on k_1  (cost=0.00..5.38 rows=95 width=0)
	        Index Cond: ((k >= 2440212) AND (k <= 2440312))

table 2 : explain SELECT k, c FROM sbtest2 WHERE k BETWEEN 2440212 AND 2440312
	Bitmap Heap Scan on sbtest2  (cost=5.48..409.45 rows=102 width=125)
	  Recheck Cond: ((k >= 2440212) AND (k <= 2440312))
	  ->  Bitmap Index Scan on k_2  (cost=0.00..5.45 rows=102 width=0)
	        Index Cond: ((k >= 2440212) AND (k <= 2440312))

table 3 : explain SELECT k, c FROM sbtest3 WHERE k BETWEEN 2440212 AND 2440312
	Bitmap Heap Scan on sbtest3  (cost=5.50..417.54 rows=104 width=125)
	  Recheck Cond: ((k >= 2440212) AND (k <= 2440312))
	  ->  Bitmap Index Scan on k_3  (cost=0.00..5.47 rows=104 width=0)
	        Index Cond: ((k >= 2440212) AND (k <= 2440312))

table 4 : explain SELECT k, c FROM sbtest4 WHERE k BETWEEN 2440212 AND 2440312
	Bitmap Heap Scan on sbtest4  (cost=5.57..445.11 rows=111 width=125)
	  Recheck Cond: ((k >= 2440212) AND (k <= 2440312))
	  ->  Bitmap Index Scan on k_4  (cost=0.00..5.54 rows=111 width=0)
	        Index Cond: ((k >= 2440212) AND (k <= 2440312))

table 5 : explain SELECT k, c FROM sbtest5 WHERE k BETWEEN 2440212 AND 2440312
	Bitmap Heap Scan on sbtest5  (cost=5.43..389.74 rows=97 width=125)
	  Recheck Cond: ((k >= 2440212) AND (k <= 2440312))
	  ->  Bitmap Index Scan on k_5  (cost=0.00..5.40 rows=97 width=0)
	        Index Cond: ((k >= 2440212) AND (k <= 2440312))

table 6 : explain SELECT k, c FROM sbtest6 WHERE k BETWEEN 2440212 AND 2440312
	Bitmap Heap Scan on sbtest6  (cost=5.46..401.63 rows=100 width=125)
	  Recheck Cond: ((k >= 2440212) AND (k <= 2440312))
	  ->  Bitmap Index Scan on k_6  (cost=0.00..5.43 rows=100 width=0)
	        Index Cond: ((k >= 2440212) AND (k <= 2440312))

table 7 : explain SELECT k, c FROM sbtest7 WHERE k BETWEEN 2440212 AND 2440312
	Bitmap Heap Scan on sbtest7  (cost=5.46..401.77 rows=100 width=125)
	  Recheck Cond: ((k >= 2440212) AND (k <= 2440312))
	  ->  Bitmap Index Scan on k_7  (cost=0.00..5.43 rows=100 width=0)
	        Index Cond: ((k >= 2440212) AND (k <= 2440312))

table 8 : explain SELECT k, c FROM sbtest8 WHERE k BETWEEN 2440212 AND 2440312
	Bitmap Heap Scan on sbtest8  (cost=5.40..377.89 rows=94 width=125)
	  Recheck Cond: ((k >= 2440212) AND (k <= 2440312))
	  ->  Bitmap Index Scan on k_8  (cost=0.00..5.38 rows=94 width=0)
	        Index Cond: ((k >= 2440212) AND (k <= 2440312))

explain: for range-notcovered :: explain SELECT k, c FROM sbtest%d WHERE k BETWEEN 2440212 AND 2440312
for range-notcovered
table 1 : explain SELECT k, c FROM sbtest1 WHERE k BETWEEN 7050781 AND 7050881
	Bitmap Heap Scan on sbtest1  (cost=5.48..409.49 rows=102 width=125)
	  Recheck Cond: ((k >= 7050781) AND (k <= 7050881))
	  ->  Bitmap Index Scan on k_1  (cost=0.00..5.45 rows=102 width=0)
	        Index Cond: ((k >= 7050781) AND (k <= 7050881))

table 2 : explain SELECT k, c FROM sbtest2 WHERE k BETWEEN 7050781 AND 7050881
	Bitmap Heap Scan on sbtest2  (cost=5.49..413.39 rows=103 width=125)
	  Recheck Cond: ((k >= 7050781) AND (k <= 7050881))
	  ->  Bitmap Index Scan on k_2  (cost=0.00..5.46 rows=103 width=0)
	        Index Cond: ((k >= 7050781) AND (k <= 7050881))

table 3 : explain SELECT k, c FROM sbtest3 WHERE k BETWEEN 7050781 AND 7050881
	Bitmap Heap Scan on sbtest3  (cost=5.44..393.86 rows=98 width=125)
	  Recheck Cond: ((k >= 7050781) AND (k <= 7050881))
	  ->  Bitmap Index Scan on k_3  (cost=0.00..5.42 rows=98 width=0)
	        Index Cond: ((k >= 7050781) AND (k <= 7050881))

table 4 : explain SELECT k, c FROM sbtest4 WHERE k BETWEEN 7050781 AND 7050881
	Bitmap Heap Scan on sbtest4  (cost=5.44..393.83 rows=98 width=125)
	  Recheck Cond: ((k >= 7050781) AND (k <= 7050881))
	  ->  Bitmap Index Scan on k_4  (cost=0.00..5.42 rows=98 width=0)
	        Index Cond: ((k >= 7050781) AND (k <= 7050881))

table 5 : explain SELECT k, c FROM sbtest5 WHERE k BETWEEN 7050781 AND 7050881
	Bitmap Heap Scan on sbtest5  (cost=5.49..413.41 rows=103 width=125)
	  Recheck Cond: ((k >= 7050781) AND (k <= 7050881))
	  ->  Bitmap Index Scan on k_5  (cost=0.00..5.46 rows=103 width=0)
	        Index Cond: ((k >= 7050781) AND (k <= 7050881))

table 6 : explain SELECT k, c FROM sbtest6 WHERE k BETWEEN 7050781 AND 7050881
	Bitmap Heap Scan on sbtest6  (cost=5.41..381.90 rows=95 width=125)
	  Recheck Cond: ((k >= 7050781) AND (k <= 7050881))
	  ->  Bitmap Index Scan on k_6  (cost=0.00..5.38 rows=95 width=0)
	        Index Cond: ((k >= 7050781) AND (k <= 7050881))

table 7 : explain SELECT k, c FROM sbtest7 WHERE k BETWEEN 7050781 AND 7050881
	Bitmap Heap Scan on sbtest7  (cost=5.58..449.11 rows=112 width=125)
	  Recheck Cond: ((k >= 7050781) AND (k <= 7050881))
	  ->  Bitmap Index Scan on k_7  (cost=0.00..5.55 rows=112 width=0)
	        Index Cond: ((k >= 7050781) AND (k <= 7050881))

table 8 : explain SELECT k, c FROM sbtest8 WHERE k BETWEEN 7050781 AND 7050881
	Bitmap Heap Scan on sbtest8  (cost=5.50..417.33 rows=104 width=125)
	  Recheck Cond: ((k >= 7050781) AND (k <= 7050881))
	  ->  Bitmap Index Scan on k_8  (cost=0.00..5.47 rows=104 width=0)
	        Index Cond: ((k >= 7050781) AND (k <= 7050881))

for range-notcovered
table 1 : explain SELECT k, c FROM sbtest1 WHERE k BETWEEN 5293017 AND 5293117
	Bitmap Heap Scan on sbtest1  (cost=5.40..377.93 rows=94 width=125)
	  Recheck Cond: ((k >= 5293017) AND (k <= 5293117))
	  ->  Bitmap Index Scan on k_1  (cost=0.00..5.38 rows=94 width=0)
	        Index Cond: ((k >= 5293017) AND (k <= 5293117))

table 2 : explain SELECT k, c FROM sbtest2 WHERE k BETWEEN 5293017 AND 5293117
	Bitmap Heap Scan on sbtest2  (cost=5.41..381.84 rows=95 width=125)
	  Recheck Cond: ((k >= 5293017) AND (k <= 5293117))
	  ->  Bitmap Index Scan on k_2  (cost=0.00..5.38 rows=95 width=0)
	        Index Cond: ((k >= 5293017) AND (k <= 5293117))

table 3 : explain SELECT k, c FROM sbtest3 WHERE k BETWEEN 5293017 AND 5293117
	Bitmap Heap Scan on sbtest3  (cost=5.46..401.76 rows=100 width=125)
	  Recheck Cond: ((k >= 5293017) AND (k <= 5293117))
	  ->  Bitmap Index Scan on k_3  (cost=0.00..5.43 rows=100 width=0)
	        Index Cond: ((k >= 5293017) AND (k <= 5293117))

table 4 : explain SELECT k, c FROM sbtest4 WHERE k BETWEEN 5293017 AND 5293117
	Bitmap Heap Scan on sbtest4  (cost=5.45..397.77 rows=99 width=125)
	  Recheck Cond: ((k >= 5293017) AND (k <= 5293117))
	  ->  Bitmap Index Scan on k_4  (cost=0.00..5.42 rows=99 width=0)
	        Index Cond: ((k >= 5293017) AND (k <= 5293117))

table 5 : explain SELECT k, c FROM sbtest5 WHERE k BETWEEN 5293017 AND 5293117
	Bitmap Heap Scan on sbtest5  (cost=5.44..393.69 rows=98 width=125)
	  Recheck Cond: ((k >= 5293017) AND (k <= 5293117))
	  ->  Bitmap Index Scan on k_5  (cost=0.00..5.42 rows=98 width=0)
	        Index Cond: ((k >= 5293017) AND (k <= 5293117))

table 6 : explain SELECT k, c FROM sbtest6 WHERE k BETWEEN 5293017 AND 5293117
	Bitmap Heap Scan on sbtest6  (cost=5.52..425.29 rows=106 width=125)
	  Recheck Cond: ((k >= 5293017) AND (k <= 5293117))
	  ->  Bitmap Index Scan on k_6  (cost=0.00..5.50 rows=106 width=0)
	        Index Cond: ((k >= 5293017) AND (k <= 5293117))

table 7 : explain SELECT k, c FROM sbtest7 WHERE k BETWEEN 5293017 AND 5293117
	Bitmap Heap Scan on sbtest7  (cost=5.47..405.72 rows=101 width=125)
	  Recheck Cond: ((k >= 5293017) AND (k <= 5293117))
	  ->  Bitmap Index Scan on k_7  (cost=0.00..5.44 rows=101 width=0)
	        Index Cond: ((k >= 5293017) AND (k <= 5293117))

table 8 : explain SELECT k, c FROM sbtest8 WHERE k BETWEEN 5293017 AND 5293117
	Bitmap Heap Scan on sbtest8  (cost=5.39..373.94 rows=93 width=125)
	  Recheck Cond: ((k >= 5293017) AND (k <= 5293117))
	  ->  Bitmap Index Scan on k_8  (cost=0.00..5.36 rows=93 width=0)
	        Index Cond: ((k >= 5293017) AND (k <= 5293117))

explain: for range-notcovered :: explain SELECT k, c FROM sbtest%d WHERE k BETWEEN 5293017 AND 5293117
for range-notcovered
table 1 : explain SELECT k, c FROM sbtest1 WHERE k BETWEEN 7653605 AND 7653705
	Bitmap Heap Scan on sbtest1  (cost=5.42..385.82 rows=96 width=125)
	  Recheck Cond: ((k >= 7653605) AND (k <= 7653705))
	  ->  Bitmap Index Scan on k_1  (cost=0.00..5.39 rows=96 width=0)
	        Index Cond: ((k >= 7653605) AND (k <= 7653705))

table 2 : explain SELECT k, c FROM sbtest2 WHERE k BETWEEN 7653605 AND 7653705
	Bitmap Heap Scan on sbtest2  (cost=5.45..397.62 rows=99 width=125)
	  Recheck Cond: ((k >= 7653605) AND (k <= 7653705))
	  ->  Bitmap Index Scan on k_2  (cost=0.00..5.42 rows=99 width=0)
	        Index Cond: ((k >= 7653605) AND (k <= 7653705))

table 3 : explain SELECT k, c FROM sbtest3 WHERE k BETWEEN 7653605 AND 7653705
	Bitmap Heap Scan on sbtest3  (cost=5.46..401.76 rows=100 width=125)
	  Recheck Cond: ((k >= 7653605) AND (k <= 7653705))
	  ->  Bitmap Index Scan on k_3  (cost=0.00..5.43 rows=100 width=0)
	        Index Cond: ((k >= 7653605) AND (k <= 7653705))

table 4 : explain SELECT k, c FROM sbtest4 WHERE k BETWEEN 7653605 AND 7653705
	Bitmap Heap Scan on sbtest4  (cost=5.52..425.39 rows=106 width=125)
	  Recheck Cond: ((k >= 7653605) AND (k <= 7653705))
	  ->  Bitmap Index Scan on k_4  (cost=0.00..5.50 rows=106 width=0)
	        Index Cond: ((k >= 7653605) AND (k <= 7653705))

table 5 : explain SELECT k, c FROM sbtest5 WHERE k BETWEEN 7653605 AND 7653705
	Bitmap Heap Scan on sbtest5  (cost=5.40..377.90 rows=94 width=125)
	  Recheck Cond: ((k >= 7653605) AND (k <= 7653705))
	  ->  Bitmap Index Scan on k_5  (cost=0.00..5.38 rows=94 width=0)
	        Index Cond: ((k >= 7653605) AND (k <= 7653705))

table 6 : explain SELECT k, c FROM sbtest6 WHERE k BETWEEN 7653605 AND 7653705
	Bitmap Heap Scan on sbtest6  (cost=5.48..409.52 rows=102 width=125)
	  Recheck Cond: ((k >= 7653605) AND (k <= 7653705))
	  ->  Bitmap Index Scan on k_6  (cost=0.00..5.45 rows=102 width=0)
	        Index Cond: ((k >= 7653605) AND (k <= 7653705))

table 7 : explain SELECT k, c FROM sbtest7 WHERE k BETWEEN 7653605 AND 7653705
	Bitmap Heap Scan on sbtest7  (cost=5.46..401.77 rows=100 width=125)
	  Recheck Cond: ((k >= 7653605) AND (k <= 7653705))
	  ->  Bitmap Index Scan on k_7  (cost=0.00..5.43 rows=100 width=0)
	        Index Cond: ((k >= 7653605) AND (k <= 7653705))

table 8 : explain SELECT k, c FROM sbtest8 WHERE k BETWEEN 7653605 AND 7653705
	Bitmap Heap Scan on sbtest8  (cost=5.50..417.33 rows=104 width=125)
	  Recheck Cond: ((k >= 7653605) AND (k <= 7653705))
	  ->  Bitmap Index Scan on k_8  (cost=0.00..5.47 rows=104 width=0)
	        Index Cond: ((k >= 7653605) AND (k <= 7653705))

for range-notcovered
table 1 : explain SELECT k, c FROM sbtest1 WHERE k BETWEEN 3325739 AND 3325839
	Bitmap Heap Scan on sbtest1  (cost=5.57..444.97 rows=111 width=125)
	  Recheck Cond: ((k >= 3325739) AND (k <= 3325839))
	  ->  Bitmap Index Scan on k_1  (cost=0.00..5.54 rows=111 width=0)
	        Index Cond: ((k >= 3325739) AND (k <= 3325839))

table 2 : explain SELECT k, c FROM sbtest2 WHERE k BETWEEN 3325739 AND 3325839
	Bitmap Heap Scan on sbtest2  (cost=5.59..452.80 rows=113 width=125)
	  Recheck Cond: ((k >= 3325739) AND (k <= 3325839))
	  ->  Bitmap Index Scan on k_2  (cost=0.00..5.56 rows=113 width=0)
	        Index Cond: ((k >= 3325739) AND (k <= 3325839))

table 3 : explain SELECT k, c FROM sbtest3 WHERE k BETWEEN 3325739 AND 3325839
	Bitmap Heap Scan on sbtest3  (cost=5.49..413.60 rows=103 width=125)
	  Recheck Cond: ((k >= 3325739) AND (k <= 3325839))
	  ->  Bitmap Index Scan on k_3  (cost=0.00..5.46 rows=103 width=0)
	        Index Cond: ((k >= 3325739) AND (k <= 3325839))

table 4 : explain SELECT k, c FROM sbtest4 WHERE k BETWEEN 3325739 AND 3325839
	Bitmap Heap Scan on sbtest4  (cost=5.67..480.58 rows=120 width=125)
	  Recheck Cond: ((k >= 3325739) AND (k <= 3325839))
	  ->  Bitmap Index Scan on k_4  (cost=0.00..5.63 rows=120 width=0)
	        Index Cond: ((k >= 3325739) AND (k <= 3325839))

table 5 : explain SELECT k, c FROM sbtest5 WHERE k BETWEEN 3325739 AND 3325839
	Bitmap Heap Scan on sbtest5  (cost=5.47..405.52 rows=101 width=125)
	  Recheck Cond: ((k >= 3325739) AND (k <= 3325839))
	  ->  Bitmap Index Scan on k_5  (cost=0.00..5.44 rows=101 width=0)
	        Index Cond: ((k >= 3325739) AND (k <= 3325839))

table 6 : explain SELECT k, c FROM sbtest6 WHERE k BETWEEN 3325739 AND 3325839
	Bitmap Heap Scan on sbtest6  (cost=5.50..417.41 rows=104 width=125)
	  Recheck Cond: ((k >= 3325739) AND (k <= 3325839))
	  ->  Bitmap Index Scan on k_6  (cost=0.00..5.47 rows=104 width=0)
	        Index Cond: ((k >= 3325739) AND (k <= 3325839))

table 7 : explain SELECT k, c FROM sbtest7 WHERE k BETWEEN 3325739 AND 3325839
	Bitmap Heap Scan on sbtest7  (cost=5.46..401.77 rows=100 width=125)
	  Recheck Cond: ((k >= 3325739) AND (k <= 3325839))
	  ->  Bitmap Index Scan on k_7  (cost=0.00..5.43 rows=100 width=0)
	        Index Cond: ((k >= 3325739) AND (k <= 3325839))

table 8 : explain SELECT k, c FROM sbtest8 WHERE k BETWEEN 3325739 AND 3325839
	Bitmap Heap Scan on sbtest8  (cost=5.44..393.67 rows=98 width=125)
	  Recheck Cond: ((k >= 3325739) AND (k <= 3325839))
	  ->  Bitmap Index Scan on k_8  (cost=0.00..5.42 rows=98 width=0)
	        Index Cond: ((k >= 3325739) AND (k <= 3325839))

explain: for range-notcovered :: explain SELECT k, c FROM sbtest%d WHERE k BETWEEN 3325739 AND 3325839
for range-notcovered
table 1 : explain SELECT k, c FROM sbtest1 WHERE k BETWEEN 2440212 AND 2440312
	Bitmap Heap Scan on sbtest1  (cost=5.41..381.87 rows=95 width=125)
	  Recheck Cond: ((k >= 2440212) AND (k <= 2440312))
	  ->  Bitmap Index Scan on k_1  (cost=0.00..5.38 rows=95 width=0)
	        Index Cond: ((k >= 2440212) AND (k <= 2440312))

table 2 : explain SELECT k, c FROM sbtest2 WHERE k BETWEEN 2440212 AND 2440312
	Bitmap Heap Scan on sbtest2  (cost=5.48..409.45 rows=102 width=125)
	  Recheck Cond: ((k >= 2440212) AND (k <= 2440312))
	  ->  Bitmap Index Scan on k_2  (cost=0.00..5.45 rows=102 width=0)
	        Index Cond: ((k >= 2440212) AND (k <= 2440312))

table 3 : explain SELECT k, c FROM sbtest3 WHERE k BETWEEN 2440212 AND 2440312
	Bitmap Heap Scan on sbtest3  (cost=5.50..417.54 rows=104 width=125)
	  Recheck Cond: ((k >= 2440212) AND (k <= 2440312))
	  ->  Bitmap Index Scan on k_3  (cost=0.00..5.47 rows=104 width=0)
	        Index Cond: ((k >= 2440212) AND (k <= 2440312))

table 4 : explain SELECT k, c FROM sbtest4 WHERE k BETWEEN 2440212 AND 2440312
	Bitmap Heap Scan on sbtest4  (cost=5.57..445.11 rows=111 width=125)
	  Recheck Cond: ((k >= 2440212) AND (k <= 2440312))
	  ->  Bitmap Index Scan on k_4  (cost=0.00..5.54 rows=111 width=0)
	        Index Cond: ((k >= 2440212) AND (k <= 2440312))

table 5 : explain SELECT k, c FROM sbtest5 WHERE k BETWEEN 2440212 AND 2440312
	Bitmap Heap Scan on sbtest5  (cost=5.43..389.74 rows=97 width=125)
	  Recheck Cond: ((k >= 2440212) AND (k <= 2440312))
	  ->  Bitmap Index Scan on k_5  (cost=0.00..5.40 rows=97 width=0)
	        Index Cond: ((k >= 2440212) AND (k <= 2440312))

table 6 : explain SELECT k, c FROM sbtest6 WHERE k BETWEEN 2440212 AND 2440312
	Bitmap Heap Scan on sbtest6  (cost=5.46..401.63 rows=100 width=125)
	  Recheck Cond: ((k >= 2440212) AND (k <= 2440312))
	  ->  Bitmap Index Scan on k_6  (cost=0.00..5.43 rows=100 width=0)
	        Index Cond: ((k >= 2440212) AND (k <= 2440312))

table 7 : explain SELECT k, c FROM sbtest7 WHERE k BETWEEN 2440212 AND 2440312
	Bitmap Heap Scan on sbtest7  (cost=5.46..401.77 rows=100 width=125)
	  Recheck Cond: ((k >= 2440212) AND (k <= 2440312))
	  ->  Bitmap Index Scan on k_7  (cost=0.00..5.43 rows=100 width=0)
	        Index Cond: ((k >= 2440212) AND (k <= 2440312))

table 8 : explain SELECT k, c FROM sbtest8 WHERE k BETWEEN 2440212 AND 2440312
	Bitmap Heap Scan on sbtest8  (cost=5.40..377.89 rows=94 width=125)
	  Recheck Cond: ((k >= 2440212) AND (k <= 2440312))
	  ->  Bitmap Index Scan on k_8  (cost=0.00..5.38 rows=94 width=0)
	        Index Cond: ((k >= 2440212) AND (k <= 2440312))

explain: for range-notcovered :: explain SELECT k, c FROM sbtest%d WHERE k BETWEEN 4830844 AND 4830944
explain: for range-notcovered :: explain SELECT k, c FROM sbtest%d WHERE k BETWEEN 6940961 AND 6941061
explain: for range-notcovered :: explain SELECT k, c FROM sbtest%d WHERE k BETWEEN 2440212 AND 2440312
explain: for range-notcovered :: explain SELECT k, c FROM sbtest%d WHERE k BETWEEN 6945512 AND 6945612
for range-notcovered
table 1 : explain SELECT k, c FROM sbtest1 WHERE k BETWEEN 5293017 AND 5293117
	Bitmap Heap Scan on sbtest1  (cost=5.40..377.93 rows=94 width=125)
	  Recheck Cond: ((k >= 5293017) AND (k <= 5293117))
	  ->  Bitmap Index Scan on k_1  (cost=0.00..5.38 rows=94 width=0)
	        Index Cond: ((k >= 5293017) AND (k <= 5293117))

table 2 : explain SELECT k, c FROM sbtest2 WHERE k BETWEEN 5293017 AND 5293117
	Bitmap Heap Scan on sbtest2  (cost=5.41..381.84 rows=95 width=125)
	  Recheck Cond: ((k >= 5293017) AND (k <= 5293117))
	  ->  Bitmap Index Scan on k_2  (cost=0.00..5.38 rows=95 width=0)
	        Index Cond: ((k >= 5293017) AND (k <= 5293117))

table 3 : explain SELECT k, c FROM sbtest3 WHERE k BETWEEN 5293017 AND 5293117
	Bitmap Heap Scan on sbtest3  (cost=5.46..401.76 rows=100 width=125)
	  Recheck Cond: ((k >= 5293017) AND (k <= 5293117))
	  ->  Bitmap Index Scan on k_3  (cost=0.00..5.43 rows=100 width=0)
	        Index Cond: ((k >= 5293017) AND (k <= 5293117))

table 4 : explain SELECT k, c FROM sbtest4 WHERE k BETWEEN 5293017 AND 5293117
	Bitmap Heap Scan on sbtest4  (cost=5.45..397.77 rows=99 width=125)
	  Recheck Cond: ((k >= 5293017) AND (k <= 5293117))
	  ->  Bitmap Index Scan on k_4  (cost=0.00..5.42 rows=99 width=0)
	        Index Cond: ((k >= 5293017) AND (k <= 5293117))

table 5 : explain SELECT k, c FROM sbtest5 WHERE k BETWEEN 5293017 AND 5293117
	Bitmap Heap Scan on sbtest5  (cost=5.44..393.69 rows=98 width=125)
	  Recheck Cond: ((k >= 5293017) AND (k <= 5293117))
	  ->  Bitmap Index Scan on k_5  (cost=0.00..5.42 rows=98 width=0)
	        Index Cond: ((k >= 5293017) AND (k <= 5293117))

table 6 : explain SELECT k, c FROM sbtest6 WHERE k BETWEEN 5293017 AND 5293117
	Bitmap Heap Scan on sbtest6  (cost=5.52..425.29 rows=106 width=125)
	  Recheck Cond: ((k >= 5293017) AND (k <= 5293117))
	  ->  Bitmap Index Scan on k_6  (cost=0.00..5.50 rows=106 width=0)
	        Index Cond: ((k >= 5293017) AND (k <= 5293117))

table 7 : explain SELECT k, c FROM sbtest7 WHERE k BETWEEN 5293017 AND 5293117
	Bitmap Heap Scan on sbtest7  (cost=5.47..405.72 rows=101 width=125)
	  Recheck Cond: ((k >= 5293017) AND (k <= 5293117))
	  ->  Bitmap Index Scan on k_7  (cost=0.00..5.44 rows=101 width=0)
	        Index Cond: ((k >= 5293017) AND (k <= 5293117))

table 8 : explain SELECT k, c FROM sbtest8 WHERE k BETWEEN 5293017 AND 5293117
	Bitmap Heap Scan on sbtest8  (cost=5.39..373.94 rows=93 width=125)
	  Recheck Cond: ((k >= 5293017) AND (k <= 5293117))
	  ->  Bitmap Index Scan on k_8  (cost=0.00..5.36 rows=93 width=0)
	        Index Cond: ((k >= 5293017) AND (k <= 5293117))

explain: for range-notcovered :: explain SELECT k, c FROM sbtest%d WHERE k BETWEEN 5293017 AND 5293117
for range-notcovered
table 1 : explain SELECT k, c FROM sbtest1 WHERE k BETWEEN 3325739 AND 3325839
	Bitmap Heap Scan on sbtest1  (cost=5.57..444.97 rows=111 width=125)
	  Recheck Cond: ((k >= 3325739) AND (k <= 3325839))
	  ->  Bitmap Index Scan on k_1  (cost=0.00..5.54 rows=111 width=0)
	        Index Cond: ((k >= 3325739) AND (k <= 3325839))

table 2 : explain SELECT k, c FROM sbtest2 WHERE k BETWEEN 3325739 AND 3325839
	Bitmap Heap Scan on sbtest2  (cost=5.59..452.80 rows=113 width=125)
	  Recheck Cond: ((k >= 3325739) AND (k <= 3325839))
	  ->  Bitmap Index Scan on k_2  (cost=0.00..5.56 rows=113 width=0)
	        Index Cond: ((k >= 3325739) AND (k <= 3325839))

table 3 : explain SELECT k, c FROM sbtest3 WHERE k BETWEEN 3325739 AND 3325839
	Bitmap Heap Scan on sbtest3  (cost=5.49..413.60 rows=103 width=125)
	  Recheck Cond: ((k >= 3325739) AND (k <= 3325839))
	  ->  Bitmap Index Scan on k_3  (cost=0.00..5.46 rows=103 width=0)
	        Index Cond: ((k >= 3325739) AND (k <= 3325839))

table 4 : explain SELECT k, c FROM sbtest4 WHERE k BETWEEN 3325739 AND 3325839
	Bitmap Heap Scan on sbtest4  (cost=5.67..480.58 rows=120 width=125)
	  Recheck Cond: ((k >= 3325739) AND (k <= 3325839))
	  ->  Bitmap Index Scan on k_4  (cost=0.00..5.63 rows=120 width=0)
	        Index Cond: ((k >= 3325739) AND (k <= 3325839))

table 5 : explain SELECT k, c FROM sbtest5 WHERE k BETWEEN 3325739 AND 3325839
	Bitmap Heap Scan on sbtest5  (cost=5.47..405.52 rows=101 width=125)
	  Recheck Cond: ((k >= 3325739) AND (k <= 3325839))
	  ->  Bitmap Index Scan on k_5  (cost=0.00..5.44 rows=101 width=0)
	        Index Cond: ((k >= 3325739) AND (k <= 3325839))

table 6 : explain SELECT k, c FROM sbtest6 WHERE k BETWEEN 3325739 AND 3325839
	Bitmap Heap Scan on sbtest6  (cost=5.50..417.41 rows=104 width=125)
	  Recheck Cond: ((k >= 3325739) AND (k <= 3325839))
	  ->  Bitmap Index Scan on k_6  (cost=0.00..5.47 rows=104 width=0)
	        Index Cond: ((k >= 3325739) AND (k <= 3325839))

table 7 : explain SELECT k, c FROM sbtest7 WHERE k BETWEEN 3325739 AND 3325839
	Bitmap Heap Scan on sbtest7  (cost=5.46..401.77 rows=100 width=125)
	  Recheck Cond: ((k >= 3325739) AND (k <= 3325839))
	  ->  Bitmap Index Scan on k_7  (cost=0.00..5.43 rows=100 width=0)
	        Index Cond: ((k >= 3325739) AND (k <= 3325839))

table 8 : explain SELECT k, c FROM sbtest8 WHERE k BETWEEN 3325739 AND 3325839
	Bitmap Heap Scan on sbtest8  (cost=5.44..393.67 rows=98 width=125)
	  Recheck Cond: ((k >= 3325739) AND (k <= 3325839))
	  ->  Bitmap Index Scan on k_8  (cost=0.00..5.42 rows=98 width=0)
	        Index Cond: ((k >= 3325739) AND (k <= 3325839))

explain: for range-notcovered :: explain SELECT k, c FROM sbtest%d WHERE k BETWEEN 3325739 AND 3325839
for range-notcovered
table 1 : explain SELECT k, c FROM sbtest1 WHERE k BETWEEN 5293017 AND 5293117
	Bitmap Heap Scan on sbtest1  (cost=5.40..377.93 rows=94 width=125)
	  Recheck Cond: ((k >= 5293017) AND (k <= 5293117))
	  ->  Bitmap Index Scan on k_1  (cost=0.00..5.38 rows=94 width=0)
	        Index Cond: ((k >= 5293017) AND (k <= 5293117))

table 2 : explain SELECT k, c FROM sbtest2 WHERE k BETWEEN 5293017 AND 5293117
	Bitmap Heap Scan on sbtest2  (cost=5.41..381.84 rows=95 width=125)
	  Recheck Cond: ((k >= 5293017) AND (k <= 5293117))
	  ->  Bitmap Index Scan on k_2  (cost=0.00..5.38 rows=95 width=0)
	        Index Cond: ((k >= 5293017) AND (k <= 5293117))

table 3 : explain SELECT k, c FROM sbtest3 WHERE k BETWEEN 5293017 AND 5293117
	Bitmap Heap Scan on sbtest3  (cost=5.46..401.76 rows=100 width=125)
	  Recheck Cond: ((k >= 5293017) AND (k <= 5293117))
	  ->  Bitmap Index Scan on k_3  (cost=0.00..5.43 rows=100 width=0)
	        Index Cond: ((k >= 5293017) AND (k <= 5293117))

table 4 : explain SELECT k, c FROM sbtest4 WHERE k BETWEEN 5293017 AND 5293117
	Bitmap Heap Scan on sbtest4  (cost=5.45..397.77 rows=99 width=125)
	  Recheck Cond: ((k >= 5293017) AND (k <= 5293117))
	  ->  Bitmap Index Scan on k_4  (cost=0.00..5.42 rows=99 width=0)
	        Index Cond: ((k >= 5293017) AND (k <= 5293117))

table 5 : explain SELECT k, c FROM sbtest5 WHERE k BETWEEN 5293017 AND 5293117
	Bitmap Heap Scan on sbtest5  (cost=5.44..393.69 rows=98 width=125)
	  Recheck Cond: ((k >= 5293017) AND (k <= 5293117))
	  ->  Bitmap Index Scan on k_5  (cost=0.00..5.42 rows=98 width=0)
	        Index Cond: ((k >= 5293017) AND (k <= 5293117))

table 6 : explain SELECT k, c FROM sbtest6 WHERE k BETWEEN 5293017 AND 5293117
	Bitmap Heap Scan on sbtest6  (cost=5.52..425.29 rows=106 width=125)
	  Recheck Cond: ((k >= 5293017) AND (k <= 5293117))
	  ->  Bitmap Index Scan on k_6  (cost=0.00..5.50 rows=106 width=0)
	        Index Cond: ((k >= 5293017) AND (k <= 5293117))

table 7 : explain SELECT k, c FROM sbtest7 WHERE k BETWEEN 5293017 AND 5293117
	Bitmap Heap Scan on sbtest7  (cost=5.47..405.72 rows=101 width=125)
	  Recheck Cond: ((k >= 5293017) AND (k <= 5293117))
	  ->  Bitmap Index Scan on k_7  (cost=0.00..5.44 rows=101 width=0)
	        Index Cond: ((k >= 5293017) AND (k <= 5293117))

table 8 : explain SELECT k, c FROM sbtest8 WHERE k BETWEEN 5293017 AND 5293117
	Bitmap Heap Scan on sbtest8  (cost=5.39..373.94 rows=93 width=125)
	  Recheck Cond: ((k >= 5293017) AND (k <= 5293117))
	  ->  Bitmap Index Scan on k_8  (cost=0.00..5.36 rows=93 width=0)
	        Index Cond: ((k >= 5293017) AND (k <= 5293117))

explain: for range-notcovered :: explain SELECT k, c FROM sbtest%d WHERE k BETWEEN 7050781 AND 7050881
explain: for range-notcovered :: explain SELECT k, c FROM sbtest%d WHERE k BETWEEN 7653605 AND 7653705
for range-notcovered
table 1 : explain SELECT k, c FROM sbtest1 WHERE k BETWEEN 8149386 AND 8149486
	Bitmap Heap Scan on sbtest1  (cost=5.56..441.03 rows=110 width=125)
	  Recheck Cond: ((k >= 8149386) AND (k <= 8149486))
	  ->  Bitmap Index Scan on k_1  (cost=0.00..5.53 rows=110 width=0)
	        Index Cond: ((k >= 8149386) AND (k <= 8149486))

table 2 : explain SELECT k, c FROM sbtest2 WHERE k BETWEEN 8149386 AND 8149486
	Bitmap Heap Scan on sbtest2  (cost=5.53..429.16 rows=107 width=125)
	  Recheck Cond: ((k >= 8149386) AND (k <= 8149486))
	  ->  Bitmap Index Scan on k_2  (cost=0.00..5.50 rows=107 width=0)
	        Index Cond: ((k >= 8149386) AND (k <= 8149486))

table 3 : explain SELECT k, c FROM sbtest3 WHERE k BETWEEN 8149386 AND 8149486
	Bitmap Heap Scan on sbtest3  (cost=5.48..409.65 rows=102 width=125)
	  Recheck Cond: ((k >= 8149386) AND (k <= 8149486))
	  ->  Bitmap Index Scan on k_3  (cost=0.00..5.45 rows=102 width=0)
	        Index Cond: ((k >= 8149386) AND (k <= 8149486))

table 4 : explain SELECT k, c FROM sbtest4 WHERE k BETWEEN 8149386 AND 8149486
	Bitmap Heap Scan on sbtest4  (cost=5.46..401.72 rows=100 width=125)
	  Recheck Cond: ((k >= 8149386) AND (k <= 8149486))
	  ->  Bitmap Index Scan on k_4  (cost=0.00..5.43 rows=100 width=0)
	        Index Cond: ((k >= 8149386) AND (k <= 8149486))

table 5 : explain SELECT k, c FROM sbtest5 WHERE k BETWEEN 8149386 AND 8149486
	Bitmap Heap Scan on sbtest5  (cost=5.45..397.63 rows=99 width=125)
	  Recheck Cond: ((k >= 8149386) AND (k <= 8149486))
	  ->  Bitmap Index Scan on k_5  (cost=0.00..5.42 rows=99 width=0)
	        Index Cond: ((k >= 8149386) AND (k <= 8149486))

table 6 : explain SELECT k, c FROM sbtest6 WHERE k BETWEEN 8149386 AND 8149486
	Bitmap Heap Scan on sbtest6  (cost=5.50..417.41 rows=104 width=125)
	  Recheck Cond: ((k >= 8149386) AND (k <= 8149486))
	  ->  Bitmap Index Scan on k_6  (cost=0.00..5.47 rows=104 width=0)
	        Index Cond: ((k >= 8149386) AND (k <= 8149486))

table 7 : explain SELECT k, c FROM sbtest7 WHERE k BETWEEN 8149386 AND 8149486
	Bitmap Heap Scan on sbtest7  (cost=5.50..417.56 rows=104 width=125)
	  Recheck Cond: ((k >= 8149386) AND (k <= 8149486))
	  ->  Bitmap Index Scan on k_7  (cost=0.00..5.47 rows=104 width=0)
	        Index Cond: ((k >= 8149386) AND (k <= 8149486))

table 8 : explain SELECT k, c FROM sbtest8 WHERE k BETWEEN 8149386 AND 8149486
	Bitmap Heap Scan on sbtest8  (cost=5.40..377.89 rows=94 width=125)
	  Recheck Cond: ((k >= 8149386) AND (k <= 8149486))
	  ->  Bitmap Index Scan on k_8  (cost=0.00..5.38 rows=94 width=0)
	        Index Cond: ((k >= 8149386) AND (k <= 8149486))

explain: for range-notcovered :: explain SELECT k, c FROM sbtest%d WHERE k BETWEEN 8149386 AND 8149486
for range-notcovered
table 1 : explain SELECT k, c FROM sbtest1 WHERE k BETWEEN 7050781 AND 7050881
	Bitmap Heap Scan on sbtest1  (cost=5.48..409.49 rows=102 width=125)
	  Recheck Cond: ((k >= 7050781) AND (k <= 7050881))
	  ->  Bitmap Index Scan on k_1  (cost=0.00..5.45 rows=102 width=0)
	        Index Cond: ((k >= 7050781) AND (k <= 7050881))

table 2 : explain SELECT k, c FROM sbtest2 WHERE k BETWEEN 7050781 AND 7050881
	Bitmap Heap Scan on sbtest2  (cost=5.49..413.39 rows=103 width=125)
	  Recheck Cond: ((k >= 7050781) AND (k <= 7050881))
	  ->  Bitmap Index Scan on k_2  (cost=0.00..5.46 rows=103 width=0)
	        Index Cond: ((k >= 7050781) AND (k <= 7050881))

table 3 : explain SELECT k, c FROM sbtest3 WHERE k BETWEEN 7050781 AND 7050881
	Bitmap Heap Scan on sbtest3  (cost=5.44..393.86 rows=98 width=125)
	  Recheck Cond: ((k >= 7050781) AND (k <= 7050881))
	  ->  Bitmap Index Scan on k_3  (cost=0.00..5.42 rows=98 width=0)
	        Index Cond: ((k >= 7050781) AND (k <= 7050881))

table 4 : explain SELECT k, c FROM sbtest4 WHERE k BETWEEN 7050781 AND 7050881
	Bitmap Heap Scan on sbtest4  (cost=5.44..393.83 rows=98 width=125)
	  Recheck Cond: ((k >= 7050781) AND (k <= 7050881))
	  ->  Bitmap Index Scan on k_4  (cost=0.00..5.42 rows=98 width=0)
	        Index Cond: ((k >= 7050781) AND (k <= 7050881))

table 5 : explain SELECT k, c FROM sbtest5 WHERE k BETWEEN 7050781 AND 7050881
	Bitmap Heap Scan on sbtest5  (cost=5.49..413.41 rows=103 width=125)
	  Recheck Cond: ((k >= 7050781) AND (k <= 7050881))
	  ->  Bitmap Index Scan on k_5  (cost=0.00..5.46 rows=103 width=0)
	        Index Cond: ((k >= 7050781) AND (k <= 7050881))

table 6 : explain SELECT k, c FROM sbtest6 WHERE k BETWEEN 7050781 AND 7050881
	Bitmap Heap Scan on sbtest6  (cost=5.41..381.90 rows=95 width=125)
	  Recheck Cond: ((k >= 7050781) AND (k <= 7050881))
	  ->  Bitmap Index Scan on k_6  (cost=0.00..5.38 rows=95 width=0)
	        Index Cond: ((k >= 7050781) AND (k <= 7050881))

table 7 : explain SELECT k, c FROM sbtest7 WHERE k BETWEEN 7050781 AND 7050881
	Bitmap Heap Scan on sbtest7  (cost=5.58..449.11 rows=112 width=125)
	  Recheck Cond: ((k >= 7050781) AND (k <= 7050881))
	  ->  Bitmap Index Scan on k_7  (cost=0.00..5.55 rows=112 width=0)
	        Index Cond: ((k >= 7050781) AND (k <= 7050881))

table 8 : explain SELECT k, c FROM sbtest8 WHERE k BETWEEN 7050781 AND 7050881
	Bitmap Heap Scan on sbtest8  (cost=5.50..417.33 rows=104 width=125)
	  Recheck Cond: ((k >= 7050781) AND (k <= 7050881))
	  ->  Bitmap Index Scan on k_8  (cost=0.00..5.47 rows=104 width=0)
	        Index Cond: ((k >= 7050781) AND (k <= 7050881))

for range-notcovered
table 1 : explain SELECT k, c FROM sbtest1 WHERE k BETWEEN 7653605 AND 7653705
	Bitmap Heap Scan on sbtest1  (cost=5.42..385.82 rows=96 width=125)
	  Recheck Cond: ((k >= 7653605) AND (k <= 7653705))
	  ->  Bitmap Index Scan on k_1  (cost=0.00..5.39 rows=96 width=0)
	        Index Cond: ((k >= 7653605) AND (k <= 7653705))

table 2 : explain SELECT k, c FROM sbtest2 WHERE k BETWEEN 7653605 AND 7653705
	Bitmap Heap Scan on sbtest2  (cost=5.45..397.62 rows=99 width=125)
	  Recheck Cond: ((k >= 7653605) AND (k <= 7653705))
	  ->  Bitmap Index Scan on k_2  (cost=0.00..5.42 rows=99 width=0)
	        Index Cond: ((k >= 7653605) AND (k <= 7653705))

table 3 : explain SELECT k, c FROM sbtest3 WHERE k BETWEEN 7653605 AND 7653705
	Bitmap Heap Scan on sbtest3  (cost=5.46..401.76 rows=100 width=125)
	  Recheck Cond: ((k >= 7653605) AND (k <= 7653705))
	  ->  Bitmap Index Scan on k_3  (cost=0.00..5.43 rows=100 width=0)
	        Index Cond: ((k >= 7653605) AND (k <= 7653705))

table 4 : explain SELECT k, c FROM sbtest4 WHERE k BETWEEN 7653605 AND 7653705
	Bitmap Heap Scan on sbtest4  (cost=5.52..425.39 rows=106 width=125)
	  Recheck Cond: ((k >= 7653605) AND (k <= 7653705))
	  ->  Bitmap Index Scan on k_4  (cost=0.00..5.50 rows=106 width=0)
	        Index Cond: ((k >= 7653605) AND (k <= 7653705))

table 5 : explain SELECT k, c FROM sbtest5 WHERE k BETWEEN 7653605 AND 7653705
	Bitmap Heap Scan on sbtest5  (cost=5.40..377.90 rows=94 width=125)
	  Recheck Cond: ((k >= 7653605) AND (k <= 7653705))
	  ->  Bitmap Index Scan on k_5  (cost=0.00..5.38 rows=94 width=0)
	        Index Cond: ((k >= 7653605) AND (k <= 7653705))

table 6 : explain SELECT k, c FROM sbtest6 WHERE k BETWEEN 7653605 AND 7653705
	Bitmap Heap Scan on sbtest6  (cost=5.48..409.52 rows=102 width=125)
	  Recheck Cond: ((k >= 7653605) AND (k <= 7653705))
	  ->  Bitmap Index Scan on k_6  (cost=0.00..5.45 rows=102 width=0)
	        Index Cond: ((k >= 7653605) AND (k <= 7653705))

table 7 : explain SELECT k, c FROM sbtest7 WHERE k BETWEEN 7653605 AND 7653705
	Bitmap Heap Scan on sbtest7  (cost=5.46..401.77 rows=100 width=125)
	  Recheck Cond: ((k >= 7653605) AND (k <= 7653705))
	  ->  Bitmap Index Scan on k_7  (cost=0.00..5.43 rows=100 width=0)
	        Index Cond: ((k >= 7653605) AND (k <= 7653705))

table 8 : explain SELECT k, c FROM sbtest8 WHERE k BETWEEN 7653605 AND 7653705
	Bitmap Heap Scan on sbtest8  (cost=5.50..417.33 rows=104 width=125)
	  Recheck Cond: ((k >= 7653605) AND (k <= 7653705))
	  ->  Bitmap Index Scan on k_8  (cost=0.00..5.47 rows=104 width=0)
	        Index Cond: ((k >= 7653605) AND (k <= 7653705))

explain: for range-notcovered :: explain SELECT k, c FROM sbtest%d WHERE k BETWEEN 7050781 AND 7050881
explain: for range-notcovered :: explain SELECT k, c FROM sbtest%d WHERE k BETWEEN 7653605 AND 7653705
explain: for range-notcovered :: explain SELECT k, c FROM sbtest%d WHERE k BETWEEN 7317958 AND 7318058
for range-notcovered
table 1 : explain SELECT k, c FROM sbtest1 WHERE k BETWEEN 5354017 AND 5354117
	Bitmap Heap Scan on sbtest1  (cost=5.52..425.26 rows=106 width=125)
	  Recheck Cond: ((k >= 5354017) AND (k <= 5354117))
	  ->  Bitmap Index Scan on k_1  (cost=0.00..5.50 rows=106 width=0)
	        Index Cond: ((k >= 5354017) AND (k <= 5354117))

table 2 : explain SELECT k, c FROM sbtest2 WHERE k BETWEEN 5354017 AND 5354117
	Bitmap Heap Scan on sbtest2  (cost=5.41..381.84 rows=95 width=125)
	  Recheck Cond: ((k >= 5354017) AND (k <= 5354117))
	  ->  Bitmap Index Scan on k_2  (cost=0.00..5.38 rows=95 width=0)
	        Index Cond: ((k >= 5354017) AND (k <= 5354117))

table 3 : explain SELECT k, c FROM sbtest3 WHERE k BETWEEN 5354017 AND 5354117
	Bitmap Heap Scan on sbtest3  (cost=5.45..397.81 rows=99 width=125)
	  Recheck Cond: ((k >= 5354017) AND (k <= 5354117))
	  ->  Bitmap Index Scan on k_3  (cost=0.00..5.42 rows=99 width=0)
	        Index Cond: ((k >= 5354017) AND (k <= 5354117))

table 4 : explain SELECT k, c FROM sbtest4 WHERE k BETWEEN 5354017 AND 5354117
	Bitmap Heap Scan on sbtest4  (cost=5.45..397.77 rows=99 width=125)
	  Recheck Cond: ((k >= 5354017) AND (k <= 5354117))
	  ->  Bitmap Index Scan on k_4  (cost=0.00..5.42 rows=99 width=0)
	        Index Cond: ((k >= 5354017) AND (k <= 5354117))

table 5 : explain SELECT k, c FROM sbtest5 WHERE k BETWEEN 5354017 AND 5354117
	Bitmap Heap Scan on sbtest5  (cost=5.38..370.01 rows=92 width=125)
	  Recheck Cond: ((k >= 5354017) AND (k <= 5354117))
	  ->  Bitmap Index Scan on k_5  (cost=0.00..5.35 rows=92 width=0)
	        Index Cond: ((k >= 5354017) AND (k <= 5354117))

table 6 : explain SELECT k, c FROM sbtest6 WHERE k BETWEEN 5354017 AND 5354117
	Bitmap Heap Scan on sbtest6  (cost=5.53..429.24 rows=107 width=125)
	  Recheck Cond: ((k >= 5354017) AND (k <= 5354117))
	  ->  Bitmap Index Scan on k_6  (cost=0.00..5.50 rows=107 width=0)
	        Index Cond: ((k >= 5354017) AND (k <= 5354117))

table 7 : explain SELECT k, c FROM sbtest7 WHERE k BETWEEN 5354017 AND 5354117
	Bitmap Heap Scan on sbtest7  (cost=5.47..405.72 rows=101 width=125)
	  Recheck Cond: ((k >= 5354017) AND (k <= 5354117))
	  ->  Bitmap Index Scan on k_7  (cost=0.00..5.44 rows=101 width=0)
	        Index Cond: ((k >= 5354017) AND (k <= 5354117))

table 8 : explain SELECT k, c FROM sbtest8 WHERE k BETWEEN 5354017 AND 5354117
	Bitmap Heap Scan on sbtest8  (cost=5.39..373.94 rows=93 width=125)
	  Recheck Cond: ((k >= 5354017) AND (k <= 5354117))
	  ->  Bitmap Index Scan on k_8  (cost=0.00..5.36 rows=93 width=0)
	        Index Cond: ((k >= 5354017) AND (k <= 5354117))

explain: for range-notcovered :: explain SELECT k, c FROM sbtest%d WHERE k BETWEEN 5354017 AND 5354117for range-notcovered
table 1 : explain SELECT k, c FROM sbtest1 WHERE k BETWEEN 2440212 AND 2440312
	Bitmap Heap Scan on sbtest1  (cost=5.41..381.87 rows=95 width=125)
	  Recheck Cond: ((k >= 2440212) AND (k <= 2440312))
	  ->  Bitmap Index Scan on k_1  (cost=0.00..5.38 rows=95 width=0)
	        Index Cond: ((k >= 2440212) AND (k <= 2440312))

table 2 : explain SELECT k, c FROM sbtest2 WHERE k BETWEEN 2440212 AND 2440312
	Bitmap Heap Scan on sbtest2  (cost=5.48..409.45 rows=102 width=125)
	  Recheck Cond: ((k >= 2440212) AND (k <= 2440312))
	  ->  Bitmap Index Scan on k_2  (cost=0.00..5.45 rows=102 width=0)
	        Index Cond: ((k >= 2440212) AND (k <= 2440312))

table 3 : explain SELECT k, c FROM sbtest3 WHERE k BETWEEN 2440212 AND 2440312
	Bitmap Heap Scan on sbtest3  (cost=5.50..417.54 rows=104 width=125)
	  Recheck Cond: ((k >= 2440212) AND (k <= 2440312))
	  ->  Bitmap Index Scan on k_3  (cost=0.00..5.47 rows=104 width=0)
	        Index Cond: ((k >= 2440212) AND (k <= 2440312))

table 4 : explain SELECT k, c FROM sbtest4 WHERE k BETWEEN 2440212 AND 2440312
	Bitmap Heap Scan on sbtest4  (cost=5.57..445.11 rows=111 width=125)
	  Recheck Cond: ((k >= 2440212) AND (k <= 2440312))
	  ->  Bitmap Index Scan on k_4  (cost=0.00..5.54 rows=111 width=0)
	        Index Cond: ((k >= 2440212) AND (k <= 2440312))

table 5 : explain SELECT k, c FROM sbtest5 WHERE k BETWEEN 2440212 AND 2440312
	Bitmap Heap Scan on sbtest5  (cost=5.43..389.74 rows=97 width=125)
	  Recheck Cond: ((k >= 2440212) AND (k <= 2440312))
	  ->  Bitmap Index Scan on k_5  (cost=0.00..5.40 rows=97 width=0)
	        Index Cond: ((k >= 2440212) AND (k <= 2440312))

table 6 : explain SELECT k, c FROM sbtest6 WHERE k BETWEEN 2440212 AND 2440312
	Bitmap Heap Scan on sbtest6  (cost=5.46..401.63 rows=100 width=125)
	  Recheck Cond: ((k >= 2440212) AND (k <= 2440312))
	  ->  Bitmap Index Scan on k_6  (cost=0.00..5.43 rows=100 width=0)
	        Index Cond: ((k >= 2440212) AND (k <= 2440312))

table 7 : explain SELECT k, c FROM sbtest7 WHERE k BETWEEN 2440212 AND 2440312
	Bitmap Heap Scan on sbtest7  (cost=5.46..401.77 rows=100 width=125)
	  Recheck Cond: ((k >= 2440212) AND (k <= 2440312))
	  ->  Bitmap Index Scan on k_7  (cost=0.00..5.43 rows=100 width=0)
	        Index Cond: ((k >= 2440212) AND (k <= 2440312))

table 8 : explain SELECT k, c FROM sbtest8 WHERE k BETWEEN 2440212 AND 2440312
	Bitmap Heap Scan on sbtest8  (cost=5.40..377.89 rows=94 width=125)
	  Recheck Cond: ((k >= 2440212) AND (k <= 2440312))
	  ->  Bitmap Index Scan on k_8  (cost=0.00..5.38 rows=94 width=0)
	        Index Cond: ((k >= 2440212) AND (k <= 2440312))


explain: for range-notcovered :: explain SELECT k, c FROM sbtest%d WHERE k BETWEEN 2440212 AND 2440312
for range-notcovered
table 1 : explain SELECT k, c FROM sbtest1 WHERE k BETWEEN 8149386 AND 8149486
	Bitmap Heap Scan on sbtest1  (cost=5.56..441.03 rows=110 width=125)
	  Recheck Cond: ((k >= 8149386) AND (k <= 8149486))
	  ->  Bitmap Index Scan on k_1  (cost=0.00..5.53 rows=110 width=0)
	        Index Cond: ((k >= 8149386) AND (k <= 8149486))

table 2 : explain SELECT k, c FROM sbtest2 WHERE k BETWEEN 8149386 AND 8149486
	Bitmap Heap Scan on sbtest2  (cost=5.53..429.16 rows=107 width=125)
	  Recheck Cond: ((k >= 8149386) AND (k <= 8149486))
	  ->  Bitmap Index Scan on k_2  (cost=0.00..5.50 rows=107 width=0)
	        Index Cond: ((k >= 8149386) AND (k <= 8149486))

table 3 : explain SELECT k, c FROM sbtest3 WHERE k BETWEEN 8149386 AND 8149486
	Bitmap Heap Scan on sbtest3  (cost=5.48..409.65 rows=102 width=125)
	  Recheck Cond: ((k >= 8149386) AND (k <= 8149486))
	  ->  Bitmap Index Scan on k_3  (cost=0.00..5.45 rows=102 width=0)
	        Index Cond: ((k >= 8149386) AND (k <= 8149486))

table 4 : explain SELECT k, c FROM sbtest4 WHERE k BETWEEN 8149386 AND 8149486
	Bitmap Heap Scan on sbtest4  (cost=5.46..401.72 rows=100 width=125)
	  Recheck Cond: ((k >= 8149386) AND (k <= 8149486))
	  ->  Bitmap Index Scan on k_4  (cost=0.00..5.43 rows=100 width=0)
	        Index Cond: ((k >= 8149386) AND (k <= 8149486))

table 5 : explain SELECT k, c FROM sbtest5 WHERE k BETWEEN 8149386 AND 8149486
	Bitmap Heap Scan on sbtest5  (cost=5.45..397.63 rows=99 width=125)
	  Recheck Cond: ((k >= 8149386) AND (k <= 8149486))
	  ->  Bitmap Index Scan on k_5  (cost=0.00..5.42 rows=99 width=0)
	        Index Cond: ((k >= 8149386) AND (k <= 8149486))

table 6 : explain SELECT k, c FROM sbtest6 WHERE k BETWEEN 8149386 AND 8149486
	Bitmap Heap Scan on sbtest6  (cost=5.50..417.41 rows=104 width=125)
	  Recheck Cond: ((k >= 8149386) AND (k <= 8149486))
	  ->  Bitmap Index Scan on k_6  (cost=0.00..5.47 rows=104 width=0)
	        Index Cond: ((k >= 8149386) AND (k <= 8149486))

table 7 : explain SELECT k, c FROM sbtest7 WHERE k BETWEEN 8149386 AND 8149486
	Bitmap Heap Scan on sbtest7  (cost=5.50..417.56 rows=104 width=125)
	  Recheck Cond: ((k >= 8149386) AND (k <= 8149486))
	  ->  Bitmap Index Scan on k_7  (cost=0.00..5.47 rows=104 width=0)
	        Index Cond: ((k >= 8149386) AND (k <= 8149486))

table 8 : explain SELECT k, c FROM sbtest8 WHERE k BETWEEN 8149386 AND 8149486
	Bitmap Heap Scan on sbtest8  (cost=5.40..377.89 rows=94 width=125)
	  Recheck Cond: ((k >= 8149386) AND (k <= 8149486))
	  ->  Bitmap Index Scan on k_8  (cost=0.00..5.38 rows=94 width=0)
	        Index Cond: ((k >= 8149386) AND (k <= 8149486))

explain: for range-notcovered :: explain SELECT k, c FROM sbtest%d WHERE k BETWEEN 8149386 AND 8149486
for range-notcovered
table 1 : explain SELECT k, c FROM sbtest1 WHERE k BETWEEN 3325739 AND 3325839
	Bitmap Heap Scan on sbtest1  (cost=5.57..444.97 rows=111 width=125)
	  Recheck Cond: ((k >= 3325739) AND (k <= 3325839))
	  ->  Bitmap Index Scan on k_1  (cost=0.00..5.54 rows=111 width=0)
	        Index Cond: ((k >= 3325739) AND (k <= 3325839))

table 2 : explain SELECT k, c FROM sbtest2 WHERE k BETWEEN 3325739 AND 3325839
	Bitmap Heap Scan on sbtest2  (cost=5.59..452.80 rows=113 width=125)
	  Recheck Cond: ((k >= 3325739) AND (k <= 3325839))
	  ->  Bitmap Index Scan on k_2  (cost=0.00..5.56 rows=113 width=0)
	        Index Cond: ((k >= 3325739) AND (k <= 3325839))

table 3 : explain SELECT k, c FROM sbtest3 WHERE k BETWEEN 3325739 AND 3325839
	Bitmap Heap Scan on sbtest3  (cost=5.49..413.60 rows=103 width=125)
	  Recheck Cond: ((k >= 3325739) AND (k <= 3325839))
	  ->  Bitmap Index Scan on k_3  (cost=0.00..5.46 rows=103 width=0)
	        Index Cond: ((k >= 3325739) AND (k <= 3325839))

table 4 : explain SELECT k, c FROM sbtest4 WHERE k BETWEEN 3325739 AND 3325839
	Bitmap Heap Scan on sbtest4  (cost=5.67..480.58 rows=120 width=125)
	  Recheck Cond: ((k >= 3325739) AND (k <= 3325839))
	  ->  Bitmap Index Scan on k_4  (cost=0.00..5.63 rows=120 width=0)
	        Index Cond: ((k >= 3325739) AND (k <= 3325839))

table 5 : explain SELECT k, c FROM sbtest5 WHERE k BETWEEN 3325739 AND 3325839
	Bitmap Heap Scan on sbtest5  (cost=5.47..405.52 rows=101 width=125)
	  Recheck Cond: ((k >= 3325739) AND (k <= 3325839))
	  ->  Bitmap Index Scan on k_5  (cost=0.00..5.44 rows=101 width=0)
	        Index Cond: ((k >= 3325739) AND (k <= 3325839))

table 6 : explain SELECT k, c FROM sbtest6 WHERE k BETWEEN 3325739 AND 3325839
	Bitmap Heap Scan on sbtest6  (cost=5.50..417.41 rows=104 width=125)
	  Recheck Cond: ((k >= 3325739) AND (k <= 3325839))
	  ->  Bitmap Index Scan on k_6  (cost=0.00..5.47 rows=104 width=0)
	        Index Cond: ((k >= 3325739) AND (k <= 3325839))

table 7 : explain SELECT k, c FROM sbtest7 WHERE k BETWEEN 3325739 AND 3325839
	Bitmap Heap Scan on sbtest7  (cost=5.46..401.77 rows=100 width=125)
	  Recheck Cond: ((k >= 3325739) AND (k <= 3325839))
	  ->  Bitmap Index Scan on k_7  (cost=0.00..5.43 rows=100 width=0)
	        Index Cond: ((k >= 3325739) AND (k <= 3325839))

table 8 : explain SELECT k, c FROM sbtest8 WHERE k BETWEEN 3325739 AND 3325839
	Bitmap Heap Scan on sbtest8  (cost=5.44..393.67 rows=98 width=125)
	  Recheck Cond: ((k >= 3325739) AND (k <= 3325839))
	  ->  Bitmap Index Scan on k_8  (cost=0.00..5.42 rows=98 width=0)
	        Index Cond: ((k >= 3325739) AND (k <= 3325839))

for range-notcovered
table 1 : explain SELECT k, c FROM sbtest1 WHERE k BETWEEN 5354017 AND 5354117
	Bitmap Heap Scan on sbtest1  (cost=5.52..425.26 rows=106 width=125)
	  Recheck Cond: ((k >= 5354017) AND (k <= 5354117))
	  ->  Bitmap Index Scan on k_1  (cost=0.00..5.50 rows=106 width=0)
	        Index Cond: ((k >= 5354017) AND (k <= 5354117))

table 2 : explain SELECT k, c FROM sbtest2 WHERE k BETWEEN 5354017 AND 5354117
	Bitmap Heap Scan on sbtest2  (cost=5.41..381.84 rows=95 width=125)
	  Recheck Cond: ((k >= 5354017) AND (k <= 5354117))
	  ->  Bitmap Index Scan on k_2  (cost=0.00..5.38 rows=95 width=0)
	        Index Cond: ((k >= 5354017) AND (k <= 5354117))

table 3 : explain SELECT k, c FROM sbtest3 WHERE k BETWEEN 5354017 AND 5354117
	Bitmap Heap Scan on sbtest3  (cost=5.45..397.81 rows=99 width=125)
	  Recheck Cond: ((k >= 5354017) AND (k <= 5354117))
	  ->  Bitmap Index Scan on k_3  (cost=0.00..5.42 rows=99 width=0)
	        Index Cond: ((k >= 5354017) AND (k <= 5354117))

table 4 : explain SELECT k, c FROM sbtest4 WHERE k BETWEEN 5354017 AND 5354117
	Bitmap Heap Scan on sbtest4  (cost=5.45..397.77 rows=99 width=125)
	  Recheck Cond: ((k >= 5354017) AND (k <= 5354117))
	  ->  Bitmap Index Scan on k_4  (cost=0.00..5.42 rows=99 width=0)
	        Index Cond: ((k >= 5354017) AND (k <= 5354117))

table 5 : explain SELECT k, c FROM sbtest5 WHERE k BETWEEN 5354017 AND 5354117
	Bitmap Heap Scan on sbtest5  (cost=5.38..370.01 rows=92 width=125)
	  Recheck Cond: ((k >= 5354017) AND (k <= 5354117))
	  ->  Bitmap Index Scan on k_5  (cost=0.00..5.35 rows=92 width=0)
	        Index Cond: ((k >= 5354017) AND (k <= 5354117))

table 6 : explain SELECT k, c FROM sbtest6 WHERE k BETWEEN 5354017 AND 5354117
	Bitmap Heap Scan on sbtest6  (cost=5.53..429.24 rows=107 width=125)
	  Recheck Cond: ((k >= 5354017) AND (k <= 5354117))
	  ->  Bitmap Index Scan on k_6  (cost=0.00..5.50 rows=107 width=0)
	        Index Cond: ((k >= 5354017) AND (k <= 5354117))

table 7 : explain SELECT k, c FROM sbtest7 WHERE k BETWEEN 5354017 AND 5354117
	Bitmap Heap Scan on sbtest7  (cost=5.47..405.72 rows=101 width=125)
	  Recheck Cond: ((k >= 5354017) AND (k <= 5354117))
	  ->  Bitmap Index Scan on k_7  (cost=0.00..5.44 rows=101 width=0)
	        Index Cond: ((k >= 5354017) AND (k <= 5354117))

table 8 : explain SELECT k, c FROM sbtest8 WHERE k BETWEEN 5354017 AND 5354117
	Bitmap Heap Scan on sbtest8  (cost=5.39..373.94 rows=93 width=125)
	  Recheck Cond: ((k >= 5354017) AND (k <= 5354117))
	  ->  Bitmap Index Scan on k_8  (cost=0.00..5.36 rows=93 width=0)
	        Index Cond: ((k >= 5354017) AND (k <= 5354117))

explain: for range-notcovered :: explain SELECT k, c FROM sbtest%d WHERE k BETWEEN 5354017 AND 5354117
for range-notcovered
table 1 : explain SELECT k, c FROM sbtest1 WHERE k BETWEEN 2440212 AND 2440312
	Bitmap Heap Scan on sbtest1  (cost=5.41..381.87 rows=95 width=125)
	  Recheck Cond: ((k >= 2440212) AND (k <= 2440312))
	  ->  Bitmap Index Scan on k_1  (cost=0.00..5.38 rows=95 width=0)
	        Index Cond: ((k >= 2440212) AND (k <= 2440312))

table 2 : explain SELECT k, c FROM sbtest2 WHERE k BETWEEN 2440212 AND 2440312
	Bitmap Heap Scan on sbtest2  (cost=5.48..409.45 rows=102 width=125)
	  Recheck Cond: ((k >= 2440212) AND (k <= 2440312))
	  ->  Bitmap Index Scan on k_2  (cost=0.00..5.45 rows=102 width=0)
	        Index Cond: ((k >= 2440212) AND (k <= 2440312))

table 3 : explain SELECT k, c FROM sbtest3 WHERE k BETWEEN 2440212 AND 2440312
	Bitmap Heap Scan on sbtest3  (cost=5.50..417.54 rows=104 width=125)
	  Recheck Cond: ((k >= 2440212) AND (k <= 2440312))
	  ->  Bitmap Index Scan on k_3  (cost=0.00..5.47 rows=104 width=0)
	        Index Cond: ((k >= 2440212) AND (k <= 2440312))

table 4 : explain SELECT k, c FROM sbtest4 WHERE k BETWEEN 2440212 AND 2440312
	Bitmap Heap Scan on sbtest4  (cost=5.57..445.11 rows=111 width=125)
	  Recheck Cond: ((k >= 2440212) AND (k <= 2440312))
	  ->  Bitmap Index Scan on k_4  (cost=0.00..5.54 rows=111 width=0)
	        Index Cond: ((k >= 2440212) AND (k <= 2440312))

table 5 : explain SELECT k, c FROM sbtest5 WHERE k BETWEEN 2440212 AND 2440312
	Bitmap Heap Scan on sbtest5  (cost=5.43..389.74 rows=97 width=125)
	  Recheck Cond: ((k >= 2440212) AND (k <= 2440312))
	  ->  Bitmap Index Scan on k_5  (cost=0.00..5.40 rows=97 width=0)
	        Index Cond: ((k >= 2440212) AND (k <= 2440312))

table 6 : explain SELECT k, c FROM sbtest6 WHERE k BETWEEN 2440212 AND 2440312
	Bitmap Heap Scan on sbtest6  (cost=5.46..401.63 rows=100 width=125)
	  Recheck Cond: ((k >= 2440212) AND (k <= 2440312))
	  ->  Bitmap Index Scan on k_6  (cost=0.00..5.43 rows=100 width=0)
	        Index Cond: ((k >= 2440212) AND (k <= 2440312))

table 7 : explain SELECT k, c FROM sbtest7 WHERE k BETWEEN 2440212 AND 2440312
	Bitmap Heap Scan on sbtest7  (cost=5.46..401.77 rows=100 width=125)
	  Recheck Cond: ((k >= 2440212) AND (k <= 2440312))
	  ->  Bitmap Index Scan on k_7  (cost=0.00..5.43 rows=100 width=0)
	        Index Cond: ((k >= 2440212) AND (k <= 2440312))

table 8 : explain SELECT k, c FROM sbtest8 WHERE k BETWEEN 2440212 AND 2440312
	Bitmap Heap Scan on sbtest8  (cost=5.40..377.89 rows=94 width=125)
	  Recheck Cond: ((k >= 2440212) AND (k <= 2440312))
	  ->  Bitmap Index Scan on k_8  (cost=0.00..5.38 rows=94 width=0)
	        Index Cond: ((k >= 2440212) AND (k <= 2440312))

explain: for range-notcovered :: explain SELECT k, c FROM sbtest%d WHERE k BETWEEN 2440212 AND 2440312
explain: for range-notcovered :: explain SELECT k, c FROM sbtest%d WHERE k BETWEEN 7407913 AND 7408013for range-notcovered
table 1 : explain SELECT k, c FROM sbtest1 WHERE k BETWEEN 8934122 AND 8934222
	Bitmap Heap Scan on sbtest1  (cost=5.44..393.71 rows=98 width=125)
	  Recheck Cond: ((k >= 8934122) AND (k <= 8934222))
	  ->  Bitmap Index Scan on k_1  (cost=0.00..5.42 rows=98 width=0)
	        Index Cond: ((k >= 8934122) AND (k <= 8934222))

table 2 : explain SELECT k, c FROM sbtest2 WHERE k BETWEEN 8934122 AND 8934222
	Bitmap Heap Scan on sbtest2  (cost=5.52..425.22 rows=106 width=125)
	  Recheck Cond: ((k >= 8934122) AND (k <= 8934222))
	  ->  Bitmap Index Scan on k_2  (cost=0.00..5.50 rows=106 width=0)
	        Index Cond: ((k >= 8934122) AND (k <= 8934222))

table 3 : explain SELECT k, c FROM sbtest3 WHERE k BETWEEN 8934122 AND 8934222
	Bitmap Heap Scan on sbtest3  (cost=5.55..437.27 rows=109 width=125)
	  Recheck Cond: ((k >= 8934122) AND (k <= 8934222))
	  ->  Bitmap Index Scan on k_3  (cost=0.00..5.52 rows=109 width=0)
	        Index Cond: ((k >= 8934122) AND (k <= 8934222))

table 4 : explain SELECT k, c FROM sbtest4 WHERE k BETWEEN 8934122 AND 8934222
	Bitmap Heap Scan on sbtest4  (cost=5.57..445.11 rows=111 width=125)
	  Recheck Cond: ((k >= 8934122) AND (k <= 8934222))
	  ->  Bitmap Index Scan on k_4  (cost=0.00..5.54 rows=111 width=0)
	        Index Cond: ((k >= 8934122) AND (k <= 8934222))

table 5 : explain SELECT k, c FROM sbtest5 WHERE k BETWEEN 8934122 AND 8934222
	Bitmap Heap Scan on sbtest5  (cost=5.50..417.35 rows=104 width=125)
	  Recheck Cond: ((k >= 8934122) AND (k <= 8934222))
	  ->  Bitmap Index Scan on k_5  (cost=0.00..5.47 rows=104 width=0)
	        Index Cond: ((k >= 8934122) AND (k <= 8934222))

table 6 : explain SELECT k, c FROM sbtest6 WHERE k BETWEEN 8934122 AND 8934222
	Bitmap Heap Scan on sbtest6  (cost=5.49..413.46 rows=103 width=125)
	  Recheck Cond: ((k >= 8934122) AND (k <= 8934222))
	  ->  Bitmap Index Scan on k_6  (cost=0.00..5.46 rows=103 width=0)
	        Index Cond: ((k >= 8934122) AND (k <= 8934222))

table 7 : explain SELECT k, c FROM sbtest7 WHERE k BETWEEN 8934122 AND 8934222
	Bitmap Heap Scan on sbtest7  (cost=5.43..389.93 rows=97 width=125)
	  Recheck Cond: ((k >= 8934122) AND (k <= 8934222))
	  ->  Bitmap Index Scan on k_7  (cost=0.00..5.40 rows=97 width=0)
	        Index Cond: ((k >= 8934122) AND (k <= 8934222))

table 8 : explain SELECT k, c FROM sbtest8 WHERE k BETWEEN 8934122 AND 8934222
	Bitmap Heap Scan on sbtest8  (cost=5.49..413.39 rows=103 width=125)
	  Recheck Cond: ((k >= 8934122) AND (k <= 8934222))
	  ->  Bitmap Index Scan on k_8  (cost=0.00..5.46 rows=103 width=0)
	        Index Cond: ((k >= 8934122) AND (k <= 8934222))


for range-notcovered
table 1 : explain SELECT k, c FROM sbtest1 WHERE k BETWEEN 8149386 AND 8149486
	Bitmap Heap Scan on sbtest1  (cost=5.56..441.03 rows=110 width=125)
	  Recheck Cond: ((k >= 8149386) AND (k <= 8149486))
	  ->  Bitmap Index Scan on k_1  (cost=0.00..5.53 rows=110 width=0)
	        Index Cond: ((k >= 8149386) AND (k <= 8149486))

table 2 : explain SELECT k, c FROM sbtest2 WHERE k BETWEEN 8149386 AND 8149486
	Bitmap Heap Scan on sbtest2  (cost=5.53..429.16 rows=107 width=125)
	  Recheck Cond: ((k >= 8149386) AND (k <= 8149486))
	  ->  Bitmap Index Scan on k_2  (cost=0.00..5.50 rows=107 width=0)
	        Index Cond: ((k >= 8149386) AND (k <= 8149486))

table 3 : explain SELECT k, c FROM sbtest3 WHERE k BETWEEN 8149386 AND 8149486
	Bitmap Heap Scan on sbtest3  (cost=5.48..409.65 rows=102 width=125)
	  Recheck Cond: ((k >= 8149386) AND (k <= 8149486))
	  ->  Bitmap Index Scan on k_3  (cost=0.00..5.45 rows=102 width=0)
	        Index Cond: ((k >= 8149386) AND (k <= 8149486))

table 4 : explain SELECT k, c FROM sbtest4 WHERE k BETWEEN 8149386 AND 8149486
	Bitmap Heap Scan on sbtest4  (cost=5.46..401.72 rows=100 width=125)
	  Recheck Cond: ((k >= 8149386) AND (k <= 8149486))
	  ->  Bitmap Index Scan on k_4  (cost=0.00..5.43 rows=100 width=0)
	        Index Cond: ((k >= 8149386) AND (k <= 8149486))

table 5 : explain SELECT k, c FROM sbtest5 WHERE k BETWEEN 8149386 AND 8149486
	Bitmap Heap Scan on sbtest5  (cost=5.45..397.63 rows=99 width=125)
	  Recheck Cond: ((k >= 8149386) AND (k <= 8149486))
	  ->  Bitmap Index Scan on k_5  (cost=0.00..5.42 rows=99 width=0)
	        Index Cond: ((k >= 8149386) AND (k <= 8149486))

table 6 : explain SELECT k, c FROM sbtest6 WHERE k BETWEEN 8149386 AND 8149486
	Bitmap Heap Scan on sbtest6  (cost=5.50..417.41 rows=104 width=125)
	  Recheck Cond: ((k >= 8149386) AND (k <= 8149486))
	  ->  Bitmap Index Scan on k_6  (cost=0.00..5.47 rows=104 width=0)
	        Index Cond: ((k >= 8149386) AND (k <= 8149486))

table 7 : explain SELECT k, c FROM sbtest7 WHERE k BETWEEN 8149386 AND 8149486
	Bitmap Heap Scan on sbtest7  (cost=5.50..417.56 rows=104 width=125)
	  Recheck Cond: ((k >= 8149386) AND (k <= 8149486))
	  ->  Bitmap Index Scan on k_7  (cost=0.00..5.47 rows=104 width=0)
	        Index Cond: ((k >= 8149386) AND (k <= 8149486))

table 8 : explain SELECT k, c FROM sbtest8 WHERE k BETWEEN 8149386 AND 8149486
	Bitmap Heap Scan on sbtest8  (cost=5.40..377.89 rows=94 width=125)
	  Recheck Cond: ((k >= 8149386) AND (k <= 8149486))
	  ->  Bitmap Index Scan on k_8  (cost=0.00..5.38 rows=94 width=0)
	        Index Cond: ((k >= 8149386) AND (k <= 8149486))

explain: for range-notcovered :: explain SELECT k, c FROM sbtest%d WHERE k BETWEEN 8934122 AND 8934222
explain: for range-notcovered :: explain SELECT k, c FROM sbtest%d WHERE k BETWEEN 8149386 AND 8149486
for range-notcovered
table 1 : explain SELECT k, c FROM sbtest1 WHERE k BETWEEN 5354017 AND 5354117
	Bitmap Heap Scan on sbtest1  (cost=5.52..425.26 rows=106 width=125)
	  Recheck Cond: ((k >= 5354017) AND (k <= 5354117))
	  ->  Bitmap Index Scan on k_1  (cost=0.00..5.50 rows=106 width=0)
	        Index Cond: ((k >= 5354017) AND (k <= 5354117))

table 2 : explain SELECT k, c FROM sbtest2 WHERE k BETWEEN 5354017 AND 5354117
	Bitmap Heap Scan on sbtest2  (cost=5.41..381.84 rows=95 width=125)
	  Recheck Cond: ((k >= 5354017) AND (k <= 5354117))
	  ->  Bitmap Index Scan on k_2  (cost=0.00..5.38 rows=95 width=0)
	        Index Cond: ((k >= 5354017) AND (k <= 5354117))

table 3 : explain SELECT k, c FROM sbtest3 WHERE k BETWEEN 5354017 AND 5354117
	Bitmap Heap Scan on sbtest3  (cost=5.45..397.81 rows=99 width=125)
	  Recheck Cond: ((k >= 5354017) AND (k <= 5354117))
	  ->  Bitmap Index Scan on k_3  (cost=0.00..5.42 rows=99 width=0)
	        Index Cond: ((k >= 5354017) AND (k <= 5354117))

table 4 : explain SELECT k, c FROM sbtest4 WHERE k BETWEEN 5354017 AND 5354117
	Bitmap Heap Scan on sbtest4  (cost=5.45..397.77 rows=99 width=125)
	  Recheck Cond: ((k >= 5354017) AND (k <= 5354117))
	  ->  Bitmap Index Scan on k_4  (cost=0.00..5.42 rows=99 width=0)
	        Index Cond: ((k >= 5354017) AND (k <= 5354117))

table 5 : explain SELECT k, c FROM sbtest5 WHERE k BETWEEN 5354017 AND 5354117
	Bitmap Heap Scan on sbtest5  (cost=5.38..370.01 rows=92 width=125)
	  Recheck Cond: ((k >= 5354017) AND (k <= 5354117))
	  ->  Bitmap Index Scan on k_5  (cost=0.00..5.35 rows=92 width=0)
	        Index Cond: ((k >= 5354017) AND (k <= 5354117))

table 6 : explain SELECT k, c FROM sbtest6 WHERE k BETWEEN 5354017 AND 5354117
	Bitmap Heap Scan on sbtest6  (cost=5.53..429.24 rows=107 width=125)
	  Recheck Cond: ((k >= 5354017) AND (k <= 5354117))
	  ->  Bitmap Index Scan on k_6  (cost=0.00..5.50 rows=107 width=0)
	        Index Cond: ((k >= 5354017) AND (k <= 5354117))

table 7 : explain SELECT k, c FROM sbtest7 WHERE k BETWEEN 5354017 AND 5354117
	Bitmap Heap Scan on sbtest7  (cost=5.47..405.72 rows=101 width=125)
	  Recheck Cond: ((k >= 5354017) AND (k <= 5354117))
	  ->  Bitmap Index Scan on k_7  (cost=0.00..5.44 rows=101 width=0)
	        Index Cond: ((k >= 5354017) AND (k <= 5354117))

table 8 : explain SELECT k, c FROM sbtest8 WHERE k BETWEEN 5354017 AND 5354117
	Bitmap Heap Scan on sbtest8  (cost=5.39..373.94 rows=93 width=125)
	  Recheck Cond: ((k >= 5354017) AND (k <= 5354117))
	  ->  Bitmap Index Scan on k_8  (cost=0.00..5.36 rows=93 width=0)
	        Index Cond: ((k >= 5354017) AND (k <= 5354117))

for range-notcovered
table 1 : explain SELECT k, c FROM sbtest1 WHERE k BETWEEN 2440212 AND 2440312
	Bitmap Heap Scan on sbtest1  (cost=5.41..381.87 rows=95 width=125)
	  Recheck Cond: ((k >= 2440212) AND (k <= 2440312))
	  ->  Bitmap Index Scan on k_1  (cost=0.00..5.38 rows=95 width=0)
	        Index Cond: ((k >= 2440212) AND (k <= 2440312))

table 2 : explain SELECT k, c FROM sbtest2 WHERE k BETWEEN 2440212 AND 2440312
	Bitmap Heap Scan on sbtest2  (cost=5.48..409.45 rows=102 width=125)
	  Recheck Cond: ((k >= 2440212) AND (k <= 2440312))
	  ->  Bitmap Index Scan on k_2  (cost=0.00..5.45 rows=102 width=0)
	        Index Cond: ((k >= 2440212) AND (k <= 2440312))

table 3 : explain SELECT k, c FROM sbtest3 WHERE k BETWEEN 2440212 AND 2440312
	Bitmap Heap Scan on sbtest3  (cost=5.50..417.54 rows=104 width=125)
	  Recheck Cond: ((k >= 2440212) AND (k <= 2440312))
	  ->  Bitmap Index Scan on k_3  (cost=0.00..5.47 rows=104 width=0)
	        Index Cond: ((k >= 2440212) AND (k <= 2440312))

table 4 : explain SELECT k, c FROM sbtest4 WHERE k BETWEEN 2440212 AND 2440312
	Bitmap Heap Scan on sbtest4  (cost=5.57..445.11 rows=111 width=125)
	  Recheck Cond: ((k >= 2440212) AND (k <= 2440312))
	  ->  Bitmap Index Scan on k_4  (cost=0.00..5.54 rows=111 width=0)
	        Index Cond: ((k >= 2440212) AND (k <= 2440312))

table 5 : explain SELECT k, c FROM sbtest5 WHERE k BETWEEN 2440212 AND 2440312
	Bitmap Heap Scan on sbtest5  (cost=5.43..389.74 rows=97 width=125)
	  Recheck Cond: ((k >= 2440212) AND (k <= 2440312))
	  ->  Bitmap Index Scan on k_5  (cost=0.00..5.40 rows=97 width=0)
	        Index Cond: ((k >= 2440212) AND (k <= 2440312))

table 6 : explain SELECT k, c FROM sbtest6 WHERE k BETWEEN 2440212 AND 2440312
	Bitmap Heap Scan on sbtest6  (cost=5.46..401.63 rows=100 width=125)
	  Recheck Cond: ((k >= 2440212) AND (k <= 2440312))
	  ->  Bitmap Index Scan on k_6  (cost=0.00..5.43 rows=100 width=0)
	        Index Cond: ((k >= 2440212) AND (k <= 2440312))

table 7 : explain SELECT k, c FROM sbtest7 WHERE k BETWEEN 2440212 AND 2440312
	Bitmap Heap Scan on sbtest7  (cost=5.46..401.77 rows=100 width=125)
	  Recheck Cond: ((k >= 2440212) AND (k <= 2440312))
	  ->  Bitmap Index Scan on k_7  (cost=0.00..5.43 rows=100 width=0)
	        Index Cond: ((k >= 2440212) AND (k <= 2440312))

table 8 : explain SELECT k, c FROM sbtest8 WHERE k BETWEEN 2440212 AND 2440312
	Bitmap Heap Scan on sbtest8  (cost=5.40..377.89 rows=94 width=125)
	  Recheck Cond: ((k >= 2440212) AND (k <= 2440312))
	  ->  Bitmap Index Scan on k_8  (cost=0.00..5.38 rows=94 width=0)
	        Index Cond: ((k >= 2440212) AND (k <= 2440312))

for range-notcovered
table 1 : explain SELECT k, c FROM sbtest1 WHERE k BETWEEN 8934122 AND 8934222
	Bitmap Heap Scan on sbtest1  (cost=5.44..393.71 rows=98 width=125)
	  Recheck Cond: ((k >= 8934122) AND (k <= 8934222))
	  ->  Bitmap Index Scan on k_1  (cost=0.00..5.42 rows=98 width=0)
	        Index Cond: ((k >= 8934122) AND (k <= 8934222))

table 2 : explain SELECT k, c FROM sbtest2 WHERE k BETWEEN 8934122 AND 8934222
	Bitmap Heap Scan on sbtest2  (cost=5.52..425.22 rows=106 width=125)
	  Recheck Cond: ((k >= 8934122) AND (k <= 8934222))
	  ->  Bitmap Index Scan on k_2  (cost=0.00..5.50 rows=106 width=0)
	        Index Cond: ((k >= 8934122) AND (k <= 8934222))

table 3 : explain SELECT k, c FROM sbtest3 WHERE k BETWEEN 8934122 AND 8934222
	Bitmap Heap Scan on sbtest3  (cost=5.55..437.27 rows=109 width=125)
	  Recheck Cond: ((k >= 8934122) AND (k <= 8934222))
	  ->  Bitmap Index Scan on k_3  (cost=0.00..5.52 rows=109 width=0)
	        Index Cond: ((k >= 8934122) AND (k <= 8934222))

table 4 : explain SELECT k, c FROM sbtest4 WHERE k BETWEEN 8934122 AND 8934222
	Bitmap Heap Scan on sbtest4  (cost=5.57..445.11 rows=111 width=125)
	  Recheck Cond: ((k >= 8934122) AND (k <= 8934222))
	  ->  Bitmap Index Scan on k_4  (cost=0.00..5.54 rows=111 width=0)
	        Index Cond: ((k >= 8934122) AND (k <= 8934222))

table 5 : explain SELECT k, c FROM sbtest5 WHERE k BETWEEN 8934122 AND 8934222
	Bitmap Heap Scan on sbtest5  (cost=5.50..417.35 rows=104 width=125)
	  Recheck Cond: ((k >= 8934122) AND (k <= 8934222))
	  ->  Bitmap Index Scan on k_5  (cost=0.00..5.47 rows=104 width=0)
	        Index Cond: ((k >= 8934122) AND (k <= 8934222))

table 6 : explain SELECT k, c FROM sbtest6 WHERE k BETWEEN 8934122 AND 8934222
	Bitmap Heap Scan on sbtest6  (cost=5.49..413.46 rows=103 width=125)
	  Recheck Cond: ((k >= 8934122) AND (k <= 8934222))
	  ->  Bitmap Index Scan on k_6  (cost=0.00..5.46 rows=103 width=0)
	        Index Cond: ((k >= 8934122) AND (k <= 8934222))

table 7 : explain SELECT k, c FROM sbtest7 WHERE k BETWEEN 8934122 AND 8934222
	Bitmap Heap Scan on sbtest7  (cost=5.43..389.93 rows=97 width=125)
	  Recheck Cond: ((k >= 8934122) AND (k <= 8934222))
	  ->  Bitmap Index Scan on k_7  (cost=0.00..5.40 rows=97 width=0)
	        Index Cond: ((k >= 8934122) AND (k <= 8934222))

table 8 : explain SELECT k, c FROM sbtest8 WHERE k BETWEEN 8934122 AND 8934222
	Bitmap Heap Scan on sbtest8  (cost=5.49..413.39 rows=103 width=125)
	  Recheck Cond: ((k >= 8934122) AND (k <= 8934222))
	  ->  Bitmap Index Scan on k_8  (cost=0.00..5.46 rows=103 width=0)
	        Index Cond: ((k >= 8934122) AND (k <= 8934222))

explain: for range-notcovered :: explain SELECT k, c FROM sbtest%d WHERE k BETWEEN 8934122 AND 8934222
for range-notcovered
table 1 : explain SELECT k, c FROM sbtest1 WHERE k BETWEEN 7317958 AND 7318058
	Bitmap Heap Scan on sbtest1  (cost=5.49..413.44 rows=103 width=125)
	  Recheck Cond: ((k >= 7317958) AND (k <= 7318058))
	  ->  Bitmap Index Scan on k_1  (cost=0.00..5.46 rows=103 width=0)
	        Index Cond: ((k >= 7317958) AND (k <= 7318058))

table 2 : explain SELECT k, c FROM sbtest2 WHERE k BETWEEN 7317958 AND 7318058
	Bitmap Heap Scan on sbtest2  (cost=5.57..444.93 rows=111 width=125)
	  Recheck Cond: ((k >= 7317958) AND (k <= 7318058))
	  ->  Bitmap Index Scan on k_2  (cost=0.00..5.54 rows=111 width=0)
	        Index Cond: ((k >= 7317958) AND (k <= 7318058))

table 3 : explain SELECT k, c FROM sbtest3 WHERE k BETWEEN 7317958 AND 7318058
	Bitmap Heap Scan on sbtest3  (cost=5.54..433.32 rows=108 width=125)
	  Recheck Cond: ((k >= 7317958) AND (k <= 7318058))
	  ->  Bitmap Index Scan on k_3  (cost=0.00..5.51 rows=108 width=0)
	        Index Cond: ((k >= 7317958) AND (k <= 7318058))

table 4 : explain SELECT k, c FROM sbtest4 WHERE k BETWEEN 7317958 AND 7318058
	Bitmap Heap Scan on sbtest4  (cost=5.40..378.03 rows=94 width=125)
	  Recheck Cond: ((k >= 7317958) AND (k <= 7318058))
	  ->  Bitmap Index Scan on k_4  (cost=0.00..5.38 rows=94 width=0)
	        Index Cond: ((k >= 7317958) AND (k <= 7318058))

table 5 : explain SELECT k, c FROM sbtest5 WHERE k BETWEEN 7317958 AND 7318058
	Bitmap Heap Scan on sbtest5  (cost=5.53..429.18 rows=107 width=125)
	  Recheck Cond: ((k >= 7317958) AND (k <= 7318058))
	  ->  Bitmap Index Scan on k_5  (cost=0.00..5.50 rows=107 width=0)
	        Index Cond: ((k >= 7317958) AND (k <= 7318058))

table 6 : explain SELECT k, c FROM sbtest6 WHERE k BETWEEN 7317958 AND 7318058
	Bitmap Heap Scan on sbtest6  (cost=5.43..389.79 rows=97 width=125)
	  Recheck Cond: ((k >= 7317958) AND (k <= 7318058))
	  ->  Bitmap Index Scan on k_6  (cost=0.00..5.40 rows=97 width=0)
	        Index Cond: ((k >= 7317958) AND (k <= 7318058))

table 7 : explain SELECT k, c FROM sbtest7 WHERE k BETWEEN 7317958 AND 7318058
	Bitmap Heap Scan on sbtest7  (cost=5.55..437.28 rows=109 width=125)
	  Recheck Cond: ((k >= 7317958) AND (k <= 7318058))
	  ->  Bitmap Index Scan on k_7  (cost=0.00..5.52 rows=109 width=0)
	        Index Cond: ((k >= 7317958) AND (k <= 7318058))

table 8 : explain SELECT k, c FROM sbtest8 WHERE k BETWEEN 7317958 AND 7318058
	Bitmap Heap Scan on sbtest8  (cost=5.53..429.16 rows=107 width=125)
	  Recheck Cond: ((k >= 7317958) AND (k <= 7318058))
	  ->  Bitmap Index Scan on k_8  (cost=0.00..5.50 rows=107 width=0)
	        Index Cond: ((k >= 7317958) AND (k <= 7318058))

for range-notcovered
table 1 : explain SELECT k, c FROM sbtest1 WHERE k BETWEEN 7653605 AND 7653705
	Bitmap Heap Scan on sbtest1  (cost=5.42..385.82 rows=96 width=125)
	  Recheck Cond: ((k >= 7653605) AND (k <= 7653705))
	  ->  Bitmap Index Scan on k_1  (cost=0.00..5.39 rows=96 width=0)
	        Index Cond: ((k >= 7653605) AND (k <= 7653705))

table 2 : explain SELECT k, c FROM sbtest2 WHERE k BETWEEN 7653605 AND 7653705
	Bitmap Heap Scan on sbtest2  (cost=5.45..397.62 rows=99 width=125)
	  Recheck Cond: ((k >= 7653605) AND (k <= 7653705))
	  ->  Bitmap Index Scan on k_2  (cost=0.00..5.42 rows=99 width=0)
	        Index Cond: ((k >= 7653605) AND (k <= 7653705))

table 3 : explain SELECT k, c FROM sbtest3 WHERE k BETWEEN 7653605 AND 7653705
	Bitmap Heap Scan on sbtest3  (cost=5.46..401.76 rows=100 width=125)
	  Recheck Cond: ((k >= 7653605) AND (k <= 7653705))
	  ->  Bitmap Index Scan on k_3  (cost=0.00..5.43 rows=100 width=0)
	        Index Cond: ((k >= 7653605) AND (k <= 7653705))

table 4 : explain SELECT k, c FROM sbtest4 WHERE k BETWEEN 7653605 AND 7653705
	Bitmap Heap Scan on sbtest4  (cost=5.52..425.39 rows=106 width=125)
	  Recheck Cond: ((k >= 7653605) AND (k <= 7653705))
	  ->  Bitmap Index Scan on k_4  (cost=0.00..5.50 rows=106 width=0)
	        Index Cond: ((k >= 7653605) AND (k <= 7653705))

table 5 : explain SELECT k, c FROM sbtest5 WHERE k BETWEEN 7653605 AND 7653705
	Bitmap Heap Scan on sbtest5  (cost=5.40..377.90 rows=94 width=125)
	  Recheck Cond: ((k >= 7653605) AND (k <= 7653705))
	  ->  Bitmap Index Scan on k_5  (cost=0.00..5.38 rows=94 width=0)
	        Index Cond: ((k >= 7653605) AND (k <= 7653705))

table 6 : explain SELECT k, c FROM sbtest6 WHERE k BETWEEN 7653605 AND 7653705
	Bitmap Heap Scan on sbtest6  (cost=5.48..409.52 rows=102 width=125)
	  Recheck Cond: ((k >= 7653605) AND (k <= 7653705))
	  ->  Bitmap Index Scan on k_6  (cost=0.00..5.45 rows=102 width=0)
	        Index Cond: ((k >= 7653605) AND (k <= 7653705))

table 7 : explain SELECT k, c FROM sbtest7 WHERE k BETWEEN 7653605 AND 7653705
	Bitmap Heap Scan on sbtest7  (cost=5.46..401.77 rows=100 width=125)
	  Recheck Cond: ((k >= 7653605) AND (k <= 7653705))
	  ->  Bitmap Index Scan on k_7  (cost=0.00..5.43 rows=100 width=0)
	        Index Cond: ((k >= 7653605) AND (k <= 7653705))

table 8 : explain SELECT k, c FROM sbtest8 WHERE k BETWEEN 7653605 AND 7653705
	Bitmap Heap Scan on sbtest8  (cost=5.50..417.33 rows=104 width=125)
	  Recheck Cond: ((k >= 7653605) AND (k <= 7653705))
	  ->  Bitmap Index Scan on k_8  (cost=0.00..5.47 rows=104 width=0)
	        Index Cond: ((k >= 7653605) AND (k <= 7653705))

explain: for range-notcovered :: explain SELECT k, c FROM sbtest%d WHERE k BETWEEN 7317958 AND 7318058
for range-notcovered
table 1 : explain SELECT k, c FROM sbtest1 WHERE k BETWEEN 7050781 AND 7050881
	Bitmap Heap Scan on sbtest1  (cost=5.48..409.49 rows=102 width=125)
	  Recheck Cond: ((k >= 7050781) AND (k <= 7050881))
	  ->  Bitmap Index Scan on k_1  (cost=0.00..5.45 rows=102 width=0)
	        Index Cond: ((k >= 7050781) AND (k <= 7050881))

table 2 : explain SELECT k, c FROM sbtest2 WHERE k BETWEEN 7050781 AND 7050881
	Bitmap Heap Scan on sbtest2  (cost=5.49..413.39 rows=103 width=125)
	  Recheck Cond: ((k >= 7050781) AND (k <= 7050881))
	  ->  Bitmap Index Scan on k_2  (cost=0.00..5.46 rows=103 width=0)
	        Index Cond: ((k >= 7050781) AND (k <= 7050881))

table 3 : explain SELECT k, c FROM sbtest3 WHERE k BETWEEN 7050781 AND 7050881
	Bitmap Heap Scan on sbtest3  (cost=5.44..393.86 rows=98 width=125)
	  Recheck Cond: ((k >= 7050781) AND (k <= 7050881))
	  ->  Bitmap Index Scan on k_3  (cost=0.00..5.42 rows=98 width=0)
	        Index Cond: ((k >= 7050781) AND (k <= 7050881))

table 4 : explain SELECT k, c FROM sbtest4 WHERE k BETWEEN 7050781 AND 7050881
	Bitmap Heap Scan on sbtest4  (cost=5.44..393.83 rows=98 width=125)
	  Recheck Cond: ((k >= 7050781) AND (k <= 7050881))
	  ->  Bitmap Index Scan on k_4  (cost=0.00..5.42 rows=98 width=0)
	        Index Cond: ((k >= 7050781) AND (k <= 7050881))

table 5 : explain SELECT k, c FROM sbtest5 WHERE k BETWEEN 7050781 AND 7050881
	Bitmap Heap Scan on sbtest5  (cost=5.49..413.41 rows=103 width=125)
	  Recheck Cond: ((k >= 7050781) AND (k <= 7050881))
	  ->  Bitmap Index Scan on k_5  (cost=0.00..5.46 rows=103 width=0)
	        Index Cond: ((k >= 7050781) AND (k <= 7050881))

table 6 : explain SELECT k, c FROM sbtest6 WHERE k BETWEEN 7050781 AND 7050881
	Bitmap Heap Scan on sbtest6  (cost=5.41..381.90 rows=95 width=125)
	  Recheck Cond: ((k >= 7050781) AND (k <= 7050881))
	  ->  Bitmap Index Scan on k_6  (cost=0.00..5.38 rows=95 width=0)
	        Index Cond: ((k >= 7050781) AND (k <= 7050881))

table 7 : explain SELECT k, c FROM sbtest7 WHERE k BETWEEN 7050781 AND 7050881
	Bitmap Heap Scan on sbtest7  (cost=5.58..449.11 rows=112 width=125)
	  Recheck Cond: ((k >= 7050781) AND (k <= 7050881))
	  ->  Bitmap Index Scan on k_7  (cost=0.00..5.55 rows=112 width=0)
	        Index Cond: ((k >= 7050781) AND (k <= 7050881))

table 8 : explain SELECT k, c FROM sbtest8 WHERE k BETWEEN 7050781 AND 7050881
	Bitmap Heap Scan on sbtest8  (cost=5.50..417.33 rows=104 width=125)
	  Recheck Cond: ((k >= 7050781) AND (k <= 7050881))
	  ->  Bitmap Index Scan on k_8  (cost=0.00..5.47 rows=104 width=0)
	        Index Cond: ((k >= 7050781) AND (k <= 7050881))

explain: for range-notcovered :: explain SELECT k, c FROM sbtest%d WHERE k BETWEEN 5354017 AND 5354117
explain: for range-notcovered :: explain SELECT k, c FROM sbtest%d WHERE k BETWEEN 2440212 AND 2440312
explain: for range-notcovered :: explain SELECT k, c FROM sbtest%d WHERE k BETWEEN 3792277 AND 3792377
for range-notcovered
table 1 : explain SELECT k, c FROM sbtest1 WHERE k BETWEEN 8934122 AND 8934222
	Bitmap Heap Scan on sbtest1  (cost=5.44..393.71 rows=98 width=125)
	  Recheck Cond: ((k >= 8934122) AND (k <= 8934222))
	  ->  Bitmap Index Scan on k_1  (cost=0.00..5.42 rows=98 width=0)
	        Index Cond: ((k >= 8934122) AND (k <= 8934222))

table 2 : explain SELECT k, c FROM sbtest2 WHERE k BETWEEN 8934122 AND 8934222
	Bitmap Heap Scan on sbtest2  (cost=5.52..425.22 rows=106 width=125)
	  Recheck Cond: ((k >= 8934122) AND (k <= 8934222))
	  ->  Bitmap Index Scan on k_2  (cost=0.00..5.50 rows=106 width=0)
	        Index Cond: ((k >= 8934122) AND (k <= 8934222))

table 3 : explain SELECT k, c FROM sbtest3 WHERE k BETWEEN 8934122 AND 8934222
	Bitmap Heap Scan on sbtest3  (cost=5.55..437.27 rows=109 width=125)
	  Recheck Cond: ((k >= 8934122) AND (k <= 8934222))
	  ->  Bitmap Index Scan on k_3  (cost=0.00..5.52 rows=109 width=0)
	        Index Cond: ((k >= 8934122) AND (k <= 8934222))

table 4 : explain SELECT k, c FROM sbtest4 WHERE k BETWEEN 8934122 AND 8934222
	Bitmap Heap Scan on sbtest4  (cost=5.57..445.11 rows=111 width=125)
	  Recheck Cond: ((k >= 8934122) AND (k <= 8934222))
	  ->  Bitmap Index Scan on k_4  (cost=0.00..5.54 rows=111 width=0)
	        Index Cond: ((k >= 8934122) AND (k <= 8934222))

table 5 : explain SELECT k, c FROM sbtest5 WHERE k BETWEEN 8934122 AND 8934222
	Bitmap Heap Scan on sbtest5  (cost=5.50..417.35 rows=104 width=125)
	  Recheck Cond: ((k >= 8934122) AND (k <= 8934222))
	  ->  Bitmap Index Scan on k_5  (cost=0.00..5.47 rows=104 width=0)
	        Index Cond: ((k >= 8934122) AND (k <= 8934222))

table 6 : explain SELECT k, c FROM sbtest6 WHERE k BETWEEN 8934122 AND 8934222
	Bitmap Heap Scan on sbtest6  (cost=5.49..413.46 rows=103 width=125)
	  Recheck Cond: ((k >= 8934122) AND (k <= 8934222))
	  ->  Bitmap Index Scan on k_6  (cost=0.00..5.46 rows=103 width=0)
	        Index Cond: ((k >= 8934122) AND (k <= 8934222))

table 7 : explain SELECT k, c FROM sbtest7 WHERE k BETWEEN 8934122 AND 8934222
	Bitmap Heap Scan on sbtest7  (cost=5.43..389.93 rows=97 width=125)
	  Recheck Cond: ((k >= 8934122) AND (k <= 8934222))
	  ->  Bitmap Index Scan on k_7  (cost=0.00..5.40 rows=97 width=0)
	        Index Cond: ((k >= 8934122) AND (k <= 8934222))

table 8 : explain SELECT k, c FROM sbtest8 WHERE k BETWEEN 8934122 AND 8934222
	Bitmap Heap Scan on sbtest8  (cost=5.49..413.39 rows=103 width=125)
	  Recheck Cond: ((k >= 8934122) AND (k <= 8934222))
	  ->  Bitmap Index Scan on k_8  (cost=0.00..5.46 rows=103 width=0)
	        Index Cond: ((k >= 8934122) AND (k <= 8934222))

explain: for range-notcovered :: explain SELECT k, c FROM sbtest%d WHERE k BETWEEN 2264125 AND 2264225
for range-notcovered
table 1 : explain SELECT k, c FROM sbtest1 WHERE k BETWEEN 8149386 AND 8149486
	Bitmap Heap Scan on sbtest1  (cost=5.56..441.03 rows=110 width=125)
	  Recheck Cond: ((k >= 8149386) AND (k <= 8149486))
	  ->  Bitmap Index Scan on k_1  (cost=0.00..5.53 rows=110 width=0)
	        Index Cond: ((k >= 8149386) AND (k <= 8149486))

table 2 : explain SELECT k, c FROM sbtest2 WHERE k BETWEEN 8149386 AND 8149486
	Bitmap Heap Scan on sbtest2  (cost=5.53..429.16 rows=107 width=125)
	  Recheck Cond: ((k >= 8149386) AND (k <= 8149486))
	  ->  Bitmap Index Scan on k_2  (cost=0.00..5.50 rows=107 width=0)
	        Index Cond: ((k >= 8149386) AND (k <= 8149486))

table 3 : explain SELECT k, c FROM sbtest3 WHERE k BETWEEN 8149386 AND 8149486
	Bitmap Heap Scan on sbtest3  (cost=5.48..409.65 rows=102 width=125)
	  Recheck Cond: ((k >= 8149386) AND (k <= 8149486))
	  ->  Bitmap Index Scan on k_3  (cost=0.00..5.45 rows=102 width=0)
	        Index Cond: ((k >= 8149386) AND (k <= 8149486))

table 4 : explain SELECT k, c FROM sbtest4 WHERE k BETWEEN 8149386 AND 8149486
	Bitmap Heap Scan on sbtest4  (cost=5.46..401.72 rows=100 width=125)
	  Recheck Cond: ((k >= 8149386) AND (k <= 8149486))
	  ->  Bitmap Index Scan on k_4  (cost=0.00..5.43 rows=100 width=0)
	        Index Cond: ((k >= 8149386) AND (k <= 8149486))

table 5 : explain SELECT k, c FROM sbtest5 WHERE k BETWEEN 8149386 AND 8149486
	Bitmap Heap Scan on sbtest5  (cost=5.45..397.63 rows=99 width=125)
	  Recheck Cond: ((k >= 8149386) AND (k <= 8149486))
	  ->  Bitmap Index Scan on k_5  (cost=0.00..5.42 rows=99 width=0)
	        Index Cond: ((k >= 8149386) AND (k <= 8149486))

table 6 : explain SELECT k, c FROM sbtest6 WHERE k BETWEEN 8149386 AND 8149486
	Bitmap Heap Scan on sbtest6  (cost=5.50..417.41 rows=104 width=125)
	  Recheck Cond: ((k >= 8149386) AND (k <= 8149486))
	  ->  Bitmap Index Scan on k_6  (cost=0.00..5.47 rows=104 width=0)
	        Index Cond: ((k >= 8149386) AND (k <= 8149486))

table 7 : explain SELECT k, c FROM sbtest7 WHERE k BETWEEN 8149386 AND 8149486
	Bitmap Heap Scan on sbtest7  (cost=5.50..417.56 rows=104 width=125)
	  Recheck Cond: ((k >= 8149386) AND (k <= 8149486))
	  ->  Bitmap Index Scan on k_7  (cost=0.00..5.47 rows=104 width=0)
	        Index Cond: ((k >= 8149386) AND (k <= 8149486))

table 8 : explain SELECT k, c FROM sbtest8 WHERE k BETWEEN 8149386 AND 8149486
	Bitmap Heap Scan on sbtest8  (cost=5.40..377.89 rows=94 width=125)
	  Recheck Cond: ((k >= 8149386) AND (k <= 8149486))
	  ->  Bitmap Index Scan on k_8  (cost=0.00..5.38 rows=94 width=0)
	        Index Cond: ((k >= 8149386) AND (k <= 8149486))

explain: for range-notcovered :: explain SELECT k, c FROM sbtest%d WHERE k BETWEEN 8934122 AND 8934222
explain: for range-notcovered :: explain SELECT k, c FROM sbtest%d WHERE k BETWEEN 8149386 AND 8149486
for range-notcovered
table 1 : explain SELECT k, c FROM sbtest1 WHERE k BETWEEN 5354017 AND 5354117
	Bitmap Heap Scan on sbtest1  (cost=5.52..425.26 rows=106 width=125)
	  Recheck Cond: ((k >= 5354017) AND (k <= 5354117))
	  ->  Bitmap Index Scan on k_1  (cost=0.00..5.50 rows=106 width=0)
	        Index Cond: ((k >= 5354017) AND (k <= 5354117))

table 2 : explain SELECT k, c FROM sbtest2 WHERE k BETWEEN 5354017 AND 5354117
	Bitmap Heap Scan on sbtest2  (cost=5.41..381.84 rows=95 width=125)
	  Recheck Cond: ((k >= 5354017) AND (k <= 5354117))
	  ->  Bitmap Index Scan on k_2  (cost=0.00..5.38 rows=95 width=0)
	        Index Cond: ((k >= 5354017) AND (k <= 5354117))

table 3 : explain SELECT k, c FROM sbtest3 WHERE k BETWEEN 5354017 AND 5354117
	Bitmap Heap Scan on sbtest3  (cost=5.45..397.81 rows=99 width=125)
	  Recheck Cond: ((k >= 5354017) AND (k <= 5354117))
	  ->  Bitmap Index Scan on k_3  (cost=0.00..5.42 rows=99 width=0)
	        Index Cond: ((k >= 5354017) AND (k <= 5354117))

table 4 : explain SELECT k, c FROM sbtest4 WHERE k BETWEEN 5354017 AND 5354117
	Bitmap Heap Scan on sbtest4  (cost=5.45..397.77 rows=99 width=125)
	  Recheck Cond: ((k >= 5354017) AND (k <= 5354117))
	  ->  Bitmap Index Scan on k_4  (cost=0.00..5.42 rows=99 width=0)
	        Index Cond: ((k >= 5354017) AND (k <= 5354117))

table 5 : explain SELECT k, c FROM sbtest5 WHERE k BETWEEN 5354017 AND 5354117
	Bitmap Heap Scan on sbtest5  (cost=5.38..370.01 rows=92 width=125)
	  Recheck Cond: ((k >= 5354017) AND (k <= 5354117))
	  ->  Bitmap Index Scan on k_5  (cost=0.00..5.35 rows=92 width=0)
	        Index Cond: ((k >= 5354017) AND (k <= 5354117))

table 6 : explain SELECT k, c FROM sbtest6 WHERE k BETWEEN 5354017 AND 5354117
	Bitmap Heap Scan on sbtest6  (cost=5.53..429.24 rows=107 width=125)
	  Recheck Cond: ((k >= 5354017) AND (k <= 5354117))
	  ->  Bitmap Index Scan on k_6  (cost=0.00..5.50 rows=107 width=0)
	        Index Cond: ((k >= 5354017) AND (k <= 5354117))

table 7 : explain SELECT k, c FROM sbtest7 WHERE k BETWEEN 5354017 AND 5354117
	Bitmap Heap Scan on sbtest7  (cost=5.47..405.72 rows=101 width=125)
	  Recheck Cond: ((k >= 5354017) AND (k <= 5354117))
	  ->  Bitmap Index Scan on k_7  (cost=0.00..5.44 rows=101 width=0)
	        Index Cond: ((k >= 5354017) AND (k <= 5354117))

table 8 : explain SELECT k, c FROM sbtest8 WHERE k BETWEEN 5354017 AND 5354117
	Bitmap Heap Scan on sbtest8  (cost=5.39..373.94 rows=93 width=125)
	  Recheck Cond: ((k >= 5354017) AND (k <= 5354117))
	  ->  Bitmap Index Scan on k_8  (cost=0.00..5.36 rows=93 width=0)
	        Index Cond: ((k >= 5354017) AND (k <= 5354117))

for range-notcovered
table 1 : explain SELECT k, c FROM sbtest1 WHERE k BETWEEN 6198458 AND 6198558
	Bitmap Heap Scan on sbtest1  (cost=5.34..354.23 rows=88 width=125)
	  Recheck Cond: ((k >= 6198458) AND (k <= 6198558))
	  ->  Bitmap Index Scan on k_1  (cost=0.00..5.31 rows=88 width=0)
	        Index Cond: ((k >= 6198458) AND (k <= 6198558))

table 2 : explain SELECT k, c FROM sbtest2 WHERE k BETWEEN 6198458 AND 6198558
	Bitmap Heap Scan on sbtest2  (cost=5.44..393.67 rows=98 width=125)
	  Recheck Cond: ((k >= 6198458) AND (k <= 6198558))
	  ->  Bitmap Index Scan on k_2  (cost=0.00..5.42 rows=98 width=0)
	        Index Cond: ((k >= 6198458) AND (k <= 6198558))

table 3 : explain SELECT k, c FROM sbtest3 WHERE k BETWEEN 6198458 AND 6198558
	Bitmap Heap Scan on sbtest3  (cost=5.48..409.65 rows=102 width=125)
	  Recheck Cond: ((k >= 6198458) AND (k <= 6198558))
	  ->  Bitmap Index Scan on k_3  (cost=0.00..5.45 rows=102 width=0)
	        Index Cond: ((k >= 6198458) AND (k <= 6198558))

table 4 : explain SELECT k, c FROM sbtest4 WHERE k BETWEEN 6198458 AND 6198558
	Bitmap Heap Scan on sbtest4  (cost=5.46..401.72 rows=100 width=125)
	  Recheck Cond: ((k >= 6198458) AND (k <= 6198558))
	  ->  Bitmap Index Scan on k_4  (cost=0.00..5.43 rows=100 width=0)
	        Index Cond: ((k >= 6198458) AND (k <= 6198558))

table 5 : explain SELECT k, c FROM sbtest5 WHERE k BETWEEN 6198458 AND 6198558
	Bitmap Heap Scan on sbtest5  (cost=5.55..437.06 rows=109 width=125)
	  Recheck Cond: ((k >= 6198458) AND (k <= 6198558))
	  ->  Bitmap Index Scan on k_5  (cost=0.00..5.52 rows=109 width=0)
	        Index Cond: ((k >= 6198458) AND (k <= 6198558))

table 6 : explain SELECT k, c FROM sbtest6 WHERE k BETWEEN 6198458 AND 6198558
	Bitmap Heap Scan on sbtest6  (cost=5.48..409.52 rows=102 width=125)
	  Recheck Cond: ((k >= 6198458) AND (k <= 6198558))
	  ->  Bitmap Index Scan on k_6  (cost=0.00..5.45 rows=102 width=0)
	        Index Cond: ((k >= 6198458) AND (k <= 6198558))

table 7 : explain SELECT k, c FROM sbtest7 WHERE k BETWEEN 6198458 AND 6198558
	Bitmap Heap Scan on sbtest7  (cost=5.42..385.98 rows=96 width=125)
	  Recheck Cond: ((k >= 6198458) AND (k <= 6198558))
	  ->  Bitmap Index Scan on k_7  (cost=0.00..5.39 rows=96 width=0)
	        Index Cond: ((k >= 6198458) AND (k <= 6198558))

table 8 : explain SELECT k, c FROM sbtest8 WHERE k BETWEEN 6198458 AND 6198558
	Bitmap Heap Scan on sbtest8  (cost=5.56..440.98 rows=110 width=125)
	  Recheck Cond: ((k >= 6198458) AND (k <= 6198558))
	  ->  Bitmap Index Scan on k_8  (cost=0.00..5.53 rows=110 width=0)
	        Index Cond: ((k >= 6198458) AND (k <= 6198558))

explain: for range-notcovered :: explain SELECT k, c FROM sbtest%d WHERE k BETWEEN 5354017 AND 5354117
explain: for range-notcovered :: explain SELECT k, c FROM sbtest%d WHERE k BETWEEN 6198458 AND 6198558
for range-notcovered
table 1 : explain SELECT k, c FROM sbtest1 WHERE k BETWEEN 8149386 AND 8149486
	Bitmap Heap Scan on sbtest1  (cost=5.56..441.03 rows=110 width=125)
	  Recheck Cond: ((k >= 8149386) AND (k <= 8149486))
	  ->  Bitmap Index Scan on k_1  (cost=0.00..5.53 rows=110 width=0)
	        Index Cond: ((k >= 8149386) AND (k <= 8149486))

table 2 : explain SELECT k, c FROM sbtest2 WHERE k BETWEEN 8149386 AND 8149486
	Bitmap Heap Scan on sbtest2  (cost=5.53..429.16 rows=107 width=125)
	  Recheck Cond: ((k >= 8149386) AND (k <= 8149486))
	  ->  Bitmap Index Scan on k_2  (cost=0.00..5.50 rows=107 width=0)
	        Index Cond: ((k >= 8149386) AND (k <= 8149486))

table 3 : explain SELECT k, c FROM sbtest3 WHERE k BETWEEN 8149386 AND 8149486
	Bitmap Heap Scan on sbtest3  (cost=5.48..409.65 rows=102 width=125)
	  Recheck Cond: ((k >= 8149386) AND (k <= 8149486))
	  ->  Bitmap Index Scan on k_3  (cost=0.00..5.45 rows=102 width=0)
	        Index Cond: ((k >= 8149386) AND (k <= 8149486))

table 4 : explain SELECT k, c FROM sbtest4 WHERE k BETWEEN 8149386 AND 8149486
	Bitmap Heap Scan on sbtest4  (cost=5.46..401.72 rows=100 width=125)
	  Recheck Cond: ((k >= 8149386) AND (k <= 8149486))
	  ->  Bitmap Index Scan on k_4  (cost=0.00..5.43 rows=100 width=0)
	        Index Cond: ((k >= 8149386) AND (k <= 8149486))

table 5 : explain SELECT k, c FROM sbtest5 WHERE k BETWEEN 8149386 AND 8149486
	Bitmap Heap Scan on sbtest5  (cost=5.45..397.63 rows=99 width=125)
	  Recheck Cond: ((k >= 8149386) AND (k <= 8149486))
	  ->  Bitmap Index Scan on k_5  (cost=0.00..5.42 rows=99 width=0)
	        Index Cond: ((k >= 8149386) AND (k <= 8149486))

table 6 : explain SELECT k, c FROM sbtest6 WHERE k BETWEEN 8149386 AND 8149486
	Bitmap Heap Scan on sbtest6  (cost=5.50..417.41 rows=104 width=125)
	  Recheck Cond: ((k >= 8149386) AND (k <= 8149486))
	  ->  Bitmap Index Scan on k_6  (cost=0.00..5.47 rows=104 width=0)
	        Index Cond: ((k >= 8149386) AND (k <= 8149486))

table 7 : explain SELECT k, c FROM sbtest7 WHERE k BETWEEN 8149386 AND 8149486
	Bitmap Heap Scan on sbtest7  (cost=5.50..417.56 rows=104 width=125)
	  Recheck Cond: ((k >= 8149386) AND (k <= 8149486))
	  ->  Bitmap Index Scan on k_7  (cost=0.00..5.47 rows=104 width=0)
	        Index Cond: ((k >= 8149386) AND (k <= 8149486))

table 8 : explain SELECT k, c FROM sbtest8 WHERE k BETWEEN 8149386 AND 8149486
	Bitmap Heap Scan on sbtest8  (cost=5.40..377.89 rows=94 width=125)
	  Recheck Cond: ((k >= 8149386) AND (k <= 8149486))
	  ->  Bitmap Index Scan on k_8  (cost=0.00..5.38 rows=94 width=0)
	        Index Cond: ((k >= 8149386) AND (k <= 8149486))

explain: for range-notcovered :: explain SELECT k, c FROM sbtest%d WHERE k BETWEEN 8149386 AND 8149486
for range-notcovered
table 1 : explain SELECT k, c FROM sbtest1 WHERE k BETWEEN 4830844 AND 4830944
	Bitmap Heap Scan on sbtest1  (cost=5.48..409.49 rows=102 width=125)
	  Recheck Cond: ((k >= 4830844) AND (k <= 4830944))
	  ->  Bitmap Index Scan on k_1  (cost=0.00..5.45 rows=102 width=0)
	        Index Cond: ((k >= 4830844) AND (k <= 4830944))

table 2 : explain SELECT k, c FROM sbtest2 WHERE k BETWEEN 4830844 AND 4830944
	Bitmap Heap Scan on sbtest2  (cost=5.46..401.56 rows=100 width=125)
	  Recheck Cond: ((k >= 4830844) AND (k <= 4830944))
	  ->  Bitmap Index Scan on k_2  (cost=0.00..5.43 rows=100 width=0)
	        Index Cond: ((k >= 4830844) AND (k <= 4830944))

table 3 : explain SELECT k, c FROM sbtest3 WHERE k BETWEEN 4830844 AND 4830944
	Bitmap Heap Scan on sbtest3  (cost=5.51..421.49 rows=105 width=125)
	  Recheck Cond: ((k >= 4830844) AND (k <= 4830944))
	  ->  Bitmap Index Scan on k_3  (cost=0.00..5.48 rows=105 width=0)
	        Index Cond: ((k >= 4830844) AND (k <= 4830944))

table 4 : explain SELECT k, c FROM sbtest4 WHERE k BETWEEN 4830844 AND 4830944
	Bitmap Heap Scan on sbtest4  (cost=5.51..421.45 rows=105 width=125)
	  Recheck Cond: ((k >= 4830844) AND (k <= 4830944))
	  ->  Bitmap Index Scan on k_4  (cost=0.00..5.48 rows=105 width=0)
	        Index Cond: ((k >= 4830844) AND (k <= 4830944))

table 5 : explain SELECT k, c FROM sbtest5 WHERE k BETWEEN 4830844 AND 4830944
	Bitmap Heap Scan on sbtest5  (cost=5.43..389.74 rows=97 width=125)
	  Recheck Cond: ((k >= 4830844) AND (k <= 4830944))
	  ->  Bitmap Index Scan on k_5  (cost=0.00..5.40 rows=97 width=0)
	        Index Cond: ((k >= 4830844) AND (k <= 4830944))

table 6 : explain SELECT k, c FROM sbtest6 WHERE k BETWEEN 4830844 AND 4830944
	Bitmap Heap Scan on sbtest6  (cost=5.62..464.70 rows=116 width=125)
	  Recheck Cond: ((k >= 4830844) AND (k <= 4830944))
	  ->  Bitmap Index Scan on k_6  (cost=0.00..5.59 rows=116 width=0)
	        Index Cond: ((k >= 4830844) AND (k <= 4830944))

table 7 : explain SELECT k, c FROM sbtest7 WHERE k BETWEEN 4830844 AND 4830944
	Bitmap Heap Scan on sbtest7  (cost=5.47..405.72 rows=101 width=125)
	  Recheck Cond: ((k >= 4830844) AND (k <= 4830944))
	  ->  Bitmap Index Scan on k_7  (cost=0.00..5.44 rows=101 width=0)
	        Index Cond: ((k >= 4830844) AND (k <= 4830944))

table 8 : explain SELECT k, c FROM sbtest8 WHERE k BETWEEN 4830844 AND 4830944
	Bitmap Heap Scan on sbtest8  (cost=5.46..401.56 rows=100 width=125)
	  Recheck Cond: ((k >= 4830844) AND (k <= 4830944))
	  ->  Bitmap Index Scan on k_8  (cost=0.00..5.43 rows=100 width=0)
	        Index Cond: ((k >= 4830844) AND (k <= 4830944))

for range-notcovered
table 1 : explain SELECT k, c FROM sbtest1 WHERE k BETWEEN 2440212 AND 2440312
	Bitmap Heap Scan on sbtest1  (cost=5.41..381.87 rows=95 width=125)
	  Recheck Cond: ((k >= 2440212) AND (k <= 2440312))
	  ->  Bitmap Index Scan on k_1  (cost=0.00..5.38 rows=95 width=0)
	        Index Cond: ((k >= 2440212) AND (k <= 2440312))

table 2 : explain SELECT k, c FROM sbtest2 WHERE k BETWEEN 2440212 AND 2440312
	Bitmap Heap Scan on sbtest2  (cost=5.48..409.45 rows=102 width=125)
	  Recheck Cond: ((k >= 2440212) AND (k <= 2440312))
	  ->  Bitmap Index Scan on k_2  (cost=0.00..5.45 rows=102 width=0)
	        Index Cond: ((k >= 2440212) AND (k <= 2440312))

table 3 : explain SELECT k, c FROM sbtest3 WHERE k BETWEEN 2440212 AND 2440312
	Bitmap Heap Scan on sbtest3  (cost=5.50..417.54 rows=104 width=125)
	  Recheck Cond: ((k >= 2440212) AND (k <= 2440312))
	  ->  Bitmap Index Scan on k_3  (cost=0.00..5.47 rows=104 width=0)
	        Index Cond: ((k >= 2440212) AND (k <= 2440312))

table 4 : explain SELECT k, c FROM sbtest4 WHERE k BETWEEN 2440212 AND 2440312
	Bitmap Heap Scan on sbtest4  (cost=5.57..445.11 rows=111 width=125)
	  Recheck Cond: ((k >= 2440212) AND (k <= 2440312))
	  ->  Bitmap Index Scan on k_4  (cost=0.00..5.54 rows=111 width=0)
	        Index Cond: ((k >= 2440212) AND (k <= 2440312))

table 5 : explain SELECT k, c FROM sbtest5 WHERE k BETWEEN 2440212 AND 2440312
	Bitmap Heap Scan on sbtest5  (cost=5.43..389.74 rows=97 width=125)
	  Recheck Cond: ((k >= 2440212) AND (k <= 2440312))
	  ->  Bitmap Index Scan on k_5  (cost=0.00..5.40 rows=97 width=0)
	        Index Cond: ((k >= 2440212) AND (k <= 2440312))

table 6 : explain SELECT k, c FROM sbtest6 WHERE k BETWEEN 2440212 AND 2440312
	Bitmap Heap Scan on sbtest6  (cost=5.46..401.63 rows=100 width=125)
	  Recheck Cond: ((k >= 2440212) AND (k <= 2440312))
	  ->  Bitmap Index Scan on k_6  (cost=0.00..5.43 rows=100 width=0)
	        Index Cond: ((k >= 2440212) AND (k <= 2440312))

table 7 : explain SELECT k, c FROM sbtest7 WHERE k BETWEEN 2440212 AND 2440312
	Bitmap Heap Scan on sbtest7  (cost=5.46..401.77 rows=100 width=125)
	  Recheck Cond: ((k >= 2440212) AND (k <= 2440312))
	  ->  Bitmap Index Scan on k_7  (cost=0.00..5.43 rows=100 width=0)
	        Index Cond: ((k >= 2440212) AND (k <= 2440312))

table 8 : explain SELECT k, c FROM sbtest8 WHERE k BETWEEN 2440212 AND 2440312
	Bitmap Heap Scan on sbtest8  (cost=5.40..377.89 rows=94 width=125)
	  Recheck Cond: ((k >= 2440212) AND (k <= 2440312))
	  ->  Bitmap Index Scan on k_8  (cost=0.00..5.38 rows=94 width=0)
	        Index Cond: ((k >= 2440212) AND (k <= 2440312))

for range-notcovered
table 1 : explain SELECT k, c FROM sbtest1 WHERE k BETWEEN 6856335 AND 6856435
	Bitmap Heap Scan on sbtest1  (cost=5.52..425.26 rows=106 width=125)
	  Recheck Cond: ((k >= 6856335) AND (k <= 6856435))
	  ->  Bitmap Index Scan on k_1  (cost=0.00..5.50 rows=106 width=0)
	        Index Cond: ((k >= 6856335) AND (k <= 6856435))

table 2 : explain SELECT k, c FROM sbtest2 WHERE k BETWEEN 6856335 AND 6856435
	Bitmap Heap Scan on sbtest2  (cost=5.45..397.62 rows=99 width=125)
	  Recheck Cond: ((k >= 6856335) AND (k <= 6856435))
	  ->  Bitmap Index Scan on k_2  (cost=0.00..5.42 rows=99 width=0)
	        Index Cond: ((k >= 6856335) AND (k <= 6856435))

table 3 : explain SELECT k, c FROM sbtest3 WHERE k BETWEEN 6856335 AND 6856435
	Bitmap Heap Scan on sbtest3  (cost=5.56..441.21 rows=110 width=125)
	  Recheck Cond: ((k >= 6856335) AND (k <= 6856435))
	  ->  Bitmap Index Scan on k_3  (cost=0.00..5.53 rows=110 width=0)
	        Index Cond: ((k >= 6856335) AND (k <= 6856435))

table 4 : explain SELECT k, c FROM sbtest4 WHERE k BETWEEN 6856335 AND 6856435
	Bitmap Heap Scan on sbtest4  (cost=5.49..413.56 rows=103 width=125)
	  Recheck Cond: ((k >= 6856335) AND (k <= 6856435))
	  ->  Bitmap Index Scan on k_4  (cost=0.00..5.46 rows=103 width=0)
	        Index Cond: ((k >= 6856335) AND (k <= 6856435))

table 5 : explain SELECT k, c FROM sbtest5 WHERE k BETWEEN 6856335 AND 6856435
	Bitmap Heap Scan on sbtest5  (cost=5.55..437.06 rows=109 width=125)
	  Recheck Cond: ((k >= 6856335) AND (k <= 6856435))
	  ->  Bitmap Index Scan on k_5  (cost=0.00..5.52 rows=109 width=0)
	        Index Cond: ((k >= 6856335) AND (k <= 6856435))

table 6 : explain SELECT k, c FROM sbtest6 WHERE k BETWEEN 6856335 AND 6856435
	Bitmap Heap Scan on sbtest6  (cost=5.45..397.68 rows=99 width=125)
	  Recheck Cond: ((k >= 6856335) AND (k <= 6856435))
	  ->  Bitmap Index Scan on k_6  (cost=0.00..5.42 rows=99 width=0)
	        Index Cond: ((k >= 6856335) AND (k <= 6856435))

table 7 : explain SELECT k, c FROM sbtest7 WHERE k BETWEEN 6856335 AND 6856435
	Bitmap Heap Scan on sbtest7  (cost=5.35..358.33 rows=89 width=125)
	  Recheck Cond: ((k >= 6856335) AND (k <= 6856435))
	  ->  Bitmap Index Scan on k_7  (cost=0.00..5.32 rows=89 width=0)
	        Index Cond: ((k >= 6856335) AND (k <= 6856435))

table 8 : explain SELECT k, c FROM sbtest8 WHERE k BETWEEN 6856335 AND 6856435
	Bitmap Heap Scan on sbtest8  (cost=5.45..397.61 rows=99 width=125)
	  Recheck Cond: ((k >= 6856335) AND (k <= 6856435))
	  ->  Bitmap Index Scan on k_8  (cost=0.00..5.42 rows=99 width=0)
	        Index Cond: ((k >= 6856335) AND (k <= 6856435))

explain: for range-notcovered :: explain SELECT k, c FROM sbtest%d WHERE k BETWEEN 4830844 AND 4830944
for range-notcovered
table 1 : explain SELECT k, c FROM sbtest1 WHERE k BETWEEN 6940961 AND 6941061
	Bitmap Heap Scan on sbtest1  (cost=5.61..460.73 rows=115 width=125)
	  Recheck Cond: ((k >= 6940961) AND (k <= 6941061))
	  ->  Bitmap Index Scan on k_1  (cost=0.00..5.58 rows=115 width=0)
	        Index Cond: ((k >= 6940961) AND (k <= 6941061))

table 2 : explain SELECT k, c FROM sbtest2 WHERE k BETWEEN 6940961 AND 6941061
	Bitmap Heap Scan on sbtest2  (cost=5.56..440.99 rows=110 width=125)
	  Recheck Cond: ((k >= 6940961) AND (k <= 6941061))
	  ->  Bitmap Index Scan on k_2  (cost=0.00..5.53 rows=110 width=0)
	        Index Cond: ((k >= 6940961) AND (k <= 6941061))

table 3 : explain SELECT k, c FROM sbtest3 WHERE k BETWEEN 6940961 AND 6941061
	Bitmap Heap Scan on sbtest3  (cost=5.43..389.92 rows=97 width=125)
	  Recheck Cond: ((k >= 6940961) AND (k <= 6941061))
	  ->  Bitmap Index Scan on k_3  (cost=0.00..5.40 rows=97 width=0)
	        Index Cond: ((k >= 6940961) AND (k <= 6941061))

table 4 : explain SELECT k, c FROM sbtest4 WHERE k BETWEEN 6940961 AND 6941061
	Bitmap Heap Scan on sbtest4  (cost=5.46..401.72 rows=100 width=125)
	  Recheck Cond: ((k >= 6940961) AND (k <= 6941061))
	  ->  Bitmap Index Scan on k_4  (cost=0.00..5.43 rows=100 width=0)
	        Index Cond: ((k >= 6940961) AND (k <= 6941061))

table 5 : explain SELECT k, c FROM sbtest5 WHERE k BETWEEN 6940961 AND 6941061
	Bitmap Heap Scan on sbtest5  (cost=5.53..429.18 rows=107 width=125)
	  Recheck Cond: ((k >= 6940961) AND (k <= 6941061))
	  ->  Bitmap Index Scan on k_5  (cost=0.00..5.50 rows=107 width=0)
	        Index Cond: ((k >= 6940961) AND (k <= 6941061))

table 6 : explain SELECT k, c FROM sbtest6 WHERE k BETWEEN 6940961 AND 6941061
	Bitmap Heap Scan on sbtest6  (cost=5.44..393.74 rows=98 width=125)
	  Recheck Cond: ((k >= 6940961) AND (k <= 6941061))
	  ->  Bitmap Index Scan on k_6  (cost=0.00..5.42 rows=98 width=0)
	        Index Cond: ((k >= 6940961) AND (k <= 6941061))

table 7 : explain SELECT k, c FROM sbtest7 WHERE k BETWEEN 6940961 AND 6941061
	Bitmap Heap Scan on sbtest7  (cost=5.67..480.65 rows=120 width=125)
	  Recheck Cond: ((k >= 6940961) AND (k <= 6941061))
	  ->  Bitmap Index Scan on k_7  (cost=0.00..5.63 rows=120 width=0)
	        Index Cond: ((k >= 6940961) AND (k <= 6941061))

table 8 : explain SELECT k, c FROM sbtest8 WHERE k BETWEEN 6940961 AND 6941061
	Bitmap Heap Scan on sbtest8  (cost=5.52..425.22 rows=106 width=125)
	  Recheck Cond: ((k >= 6940961) AND (k <= 6941061))
	  ->  Bitmap Index Scan on k_8  (cost=0.00..5.50 rows=106 width=0)
	        Index Cond: ((k >= 6940961) AND (k <= 6941061))

explain: for range-notcovered :: explain SELECT k, c FROM sbtest%d WHERE k BETWEEN 2440212 AND 2440312
explain: for range-notcovered :: explain SELECT k, c FROM sbtest%d WHERE k BETWEEN 6856335 AND 6856435
for range-notcovered
table 1 : explain SELECT k, c FROM sbtest1 WHERE k BETWEEN 7650953 AND 7651053
	Bitmap Heap Scan on sbtest1  (cost=5.42..385.82 rows=96 width=125)
	  Recheck Cond: ((k >= 7650953) AND (k <= 7651053))
	  ->  Bitmap Index Scan on k_1  (cost=0.00..5.39 rows=96 width=0)
	        Index Cond: ((k >= 7650953) AND (k <= 7651053))

table 2 : explain SELECT k, c FROM sbtest2 WHERE k BETWEEN 7650953 AND 7651053
	Bitmap Heap Scan on sbtest2  (cost=5.45..397.62 rows=99 width=125)
	  Recheck Cond: ((k >= 7650953) AND (k <= 7651053))
	  ->  Bitmap Index Scan on k_2  (cost=0.00..5.42 rows=99 width=0)
	        Index Cond: ((k >= 7650953) AND (k <= 7651053))

table 3 : explain SELECT k, c FROM sbtest3 WHERE k BETWEEN 7650953 AND 7651053
	Bitmap Heap Scan on sbtest3  (cost=5.46..401.76 rows=100 width=125)
	  Recheck Cond: ((k >= 7650953) AND (k <= 7651053))
	  ->  Bitmap Index Scan on k_3  (cost=0.00..5.43 rows=100 width=0)
	        Index Cond: ((k >= 7650953) AND (k <= 7651053))

table 4 : explain SELECT k, c FROM sbtest4 WHERE k BETWEEN 7650953 AND 7651053
	Bitmap Heap Scan on sbtest4  (cost=5.52..425.39 rows=106 width=125)
	  Recheck Cond: ((k >= 7650953) AND (k <= 7651053))
	  ->  Bitmap Index Scan on k_4  (cost=0.00..5.50 rows=106 width=0)
	        Index Cond: ((k >= 7650953) AND (k <= 7651053))

table 5 : explain SELECT k, c FROM sbtest5 WHERE k BETWEEN 7650953 AND 7651053
	Bitmap Heap Scan on sbtest5  (cost=5.40..377.90 rows=94 width=125)
	  Recheck Cond: ((k >= 7650953) AND (k <= 7651053))
	  ->  Bitmap Index Scan on k_5  (cost=0.00..5.38 rows=94 width=0)
	        Index Cond: ((k >= 7650953) AND (k <= 7651053))

table 6 : explain SELECT k, c FROM sbtest6 WHERE k BETWEEN 7650953 AND 7651053
	Bitmap Heap Scan on sbtest6  (cost=5.48..409.52 rows=102 width=125)
	  Recheck Cond: ((k >= 7650953) AND (k <= 7651053))
	  ->  Bitmap Index Scan on k_6  (cost=0.00..5.45 rows=102 width=0)
	        Index Cond: ((k >= 7650953) AND (k <= 7651053))

table 7 : explain SELECT k, c FROM sbtest7 WHERE k BETWEEN 7650953 AND 7651053
	Bitmap Heap Scan on sbtest7  (cost=5.46..401.77 rows=100 width=125)
	  Recheck Cond: ((k >= 7650953) AND (k <= 7651053))
	  ->  Bitmap Index Scan on k_7  (cost=0.00..5.43 rows=100 width=0)
	        Index Cond: ((k >= 7650953) AND (k <= 7651053))

table 8 : explain SELECT k, c FROM sbtest8 WHERE k BETWEEN 7650953 AND 7651053
	Bitmap Heap Scan on sbtest8  (cost=5.50..417.33 rows=104 width=125)
	  Recheck Cond: ((k >= 7650953) AND (k <= 7651053))
	  ->  Bitmap Index Scan on k_8  (cost=0.00..5.47 rows=104 width=0)
	        Index Cond: ((k >= 7650953) AND (k <= 7651053))

explain: for range-notcovered :: explain SELECT k, c FROM sbtest%d WHERE k BETWEEN 6940961 AND 6941061
for range-notcovered
table 1 : explain SELECT k, c FROM sbtest1 WHERE k BETWEEN 4557500 AND 4557600
	Bitmap Heap Scan on sbtest1  (cost=5.38..370.03 rows=92 width=125)
	  Recheck Cond: ((k >= 4557500) AND (k <= 4557600))
	  ->  Bitmap Index Scan on k_1  (cost=0.00..5.35 rows=92 width=0)
	        Index Cond: ((k >= 4557500) AND (k <= 4557600))

table 2 : explain SELECT k, c FROM sbtest2 WHERE k BETWEEN 4557500 AND 4557600
	Bitmap Heap Scan on sbtest2  (cost=5.55..437.05 rows=109 width=125)
	  Recheck Cond: ((k >= 4557500) AND (k <= 4557600))
	  ->  Bitmap Index Scan on k_2  (cost=0.00..5.52 rows=109 width=0)
	        Index Cond: ((k >= 4557500) AND (k <= 4557600))

table 3 : explain SELECT k, c FROM sbtest3 WHERE k BETWEEN 4557500 AND 4557600
	Bitmap Heap Scan on sbtest3  (cost=5.50..417.54 rows=104 width=125)
	  Recheck Cond: ((k >= 4557500) AND (k <= 4557600))
	  ->  Bitmap Index Scan on k_3  (cost=0.00..5.47 rows=104 width=0)
	        Index Cond: ((k >= 4557500) AND (k <= 4557600))

table 4 : explain SELECT k, c FROM sbtest4 WHERE k BETWEEN 4557500 AND 4557600
	Bitmap Heap Scan on sbtest4  (cost=5.53..429.34 rows=107 width=125)
	  Recheck Cond: ((k >= 4557500) AND (k <= 4557600))
	  ->  Bitmap Index Scan on k_4  (cost=0.00..5.50 rows=107 width=0)
	        Index Cond: ((k >= 4557500) AND (k <= 4557600))

table 5 : explain SELECT k, c FROM sbtest5 WHERE k BETWEEN 4557500 AND 4557600
	Bitmap Heap Scan on sbtest5  (cost=5.51..421.30 rows=105 width=125)
	  Recheck Cond: ((k >= 4557500) AND (k <= 4557600))
	  ->  Bitmap Index Scan on k_5  (cost=0.00..5.48 rows=105 width=0)
	        Index Cond: ((k >= 4557500) AND (k <= 4557600))

table 6 : explain SELECT k, c FROM sbtest6 WHERE k BETWEEN 4557500 AND 4557600
	Bitmap Heap Scan on sbtest6  (cost=5.42..385.84 rows=96 width=125)
	  Recheck Cond: ((k >= 4557500) AND (k <= 4557600))
	  ->  Bitmap Index Scan on k_6  (cost=0.00..5.39 rows=96 width=0)
	        Index Cond: ((k >= 4557500) AND (k <= 4557600))

table 7 : explain SELECT k, c FROM sbtest7 WHERE k BETWEEN 4557500 AND 4557600
	Bitmap Heap Scan on sbtest7  (cost=5.43..389.93 rows=97 width=125)
	  Recheck Cond: ((k >= 4557500) AND (k <= 4557600))
	  ->  Bitmap Index Scan on k_7  (cost=0.00..5.40 rows=97 width=0)
	        Index Cond: ((k >= 4557500) AND (k <= 4557600))

table 8 : explain SELECT k, c FROM sbtest8 WHERE k BETWEEN 4557500 AND 4557600
	Bitmap Heap Scan on sbtest8  (cost=5.48..409.45 rows=102 width=125)
	  Recheck Cond: ((k >= 4557500) AND (k <= 4557600))
	  ->  Bitmap Index Scan on k_8  (cost=0.00..5.45 rows=102 width=0)
	        Index Cond: ((k >= 4557500) AND (k <= 4557600))

for range-notcovered
table 1 : explain SELECT k, c FROM sbtest1 WHERE k BETWEEN 6945512 AND 6945612
	Bitmap Heap Scan on sbtest1  (cost=5.61..460.73 rows=115 width=125)
	  Recheck Cond: ((k >= 6945512) AND (k <= 6945612))
	  ->  Bitmap Index Scan on k_1  (cost=0.00..5.58 rows=115 width=0)
	        Index Cond: ((k >= 6945512) AND (k <= 6945612))

table 2 : explain SELECT k, c FROM sbtest2 WHERE k BETWEEN 6945512 AND 6945612
	Bitmap Heap Scan on sbtest2  (cost=5.56..440.99 rows=110 width=125)
	  Recheck Cond: ((k >= 6945512) AND (k <= 6945612))
	  ->  Bitmap Index Scan on k_2  (cost=0.00..5.53 rows=110 width=0)
	        Index Cond: ((k >= 6945512) AND (k <= 6945612))

table 3 : explain SELECT k, c FROM sbtest3 WHERE k BETWEEN 6945512 AND 6945612
	Bitmap Heap Scan on sbtest3  (cost=5.43..389.92 rows=97 width=125)
	  Recheck Cond: ((k >= 6945512) AND (k <= 6945612))
	  ->  Bitmap Index Scan on k_3  (cost=0.00..5.40 rows=97 width=0)
	        Index Cond: ((k >= 6945512) AND (k <= 6945612))

table 4 : explain SELECT k, c FROM sbtest4 WHERE k BETWEEN 6945512 AND 6945612
	Bitmap Heap Scan on sbtest4  (cost=5.46..401.72 rows=100 width=125)
	  Recheck Cond: ((k >= 6945512) AND (k <= 6945612))
	  ->  Bitmap Index Scan on k_4  (cost=0.00..5.43 rows=100 width=0)
	        Index Cond: ((k >= 6945512) AND (k <= 6945612))

table 5 : explain SELECT k, c FROM sbtest5 WHERE k BETWEEN 6945512 AND 6945612
	Bitmap Heap Scan on sbtest5  (cost=5.53..429.18 rows=107 width=125)
	  Recheck Cond: ((k >= 6945512) AND (k <= 6945612))
	  ->  Bitmap Index Scan on k_5  (cost=0.00..5.50 rows=107 width=0)
	        Index Cond: ((k >= 6945512) AND (k <= 6945612))

table 6 : explain SELECT k, c FROM sbtest6 WHERE k BETWEEN 6945512 AND 6945612
	Bitmap Heap Scan on sbtest6  (cost=5.44..393.74 rows=98 width=125)
	  Recheck Cond: ((k >= 6945512) AND (k <= 6945612))
	  ->  Bitmap Index Scan on k_6  (cost=0.00..5.42 rows=98 width=0)
	        Index Cond: ((k >= 6945512) AND (k <= 6945612))

table 7 : explain SELECT k, c FROM sbtest7 WHERE k BETWEEN 6945512 AND 6945612
	Bitmap Heap Scan on sbtest7  (cost=5.67..480.65 rows=120 width=125)
	  Recheck Cond: ((k >= 6945512) AND (k <= 6945612))
	  ->  Bitmap Index Scan on k_7  (cost=0.00..5.63 rows=120 width=0)
	        Index Cond: ((k >= 6945512) AND (k <= 6945612))

table 8 : explain SELECT k, c FROM sbtest8 WHERE k BETWEEN 6945512 AND 6945612
	Bitmap Heap Scan on sbtest8  (cost=5.52..425.22 rows=106 width=125)
	  Recheck Cond: ((k >= 6945512) AND (k <= 6945612))
	  ->  Bitmap Index Scan on k_8  (cost=0.00..5.50 rows=106 width=0)
	        Index Cond: ((k >= 6945512) AND (k <= 6945612))

for range-notcovered
table 1 : explain SELECT k, c FROM sbtest1 WHERE k BETWEEN 6198458 AND 6198558
	Bitmap Heap Scan on sbtest1  (cost=5.34..354.23 rows=88 width=125)
	  Recheck Cond: ((k >= 6198458) AND (k <= 6198558))
	  ->  Bitmap Index Scan on k_1  (cost=0.00..5.31 rows=88 width=0)
	        Index Cond: ((k >= 6198458) AND (k <= 6198558))

table 2 : explain SELECT k, c FROM sbtest2 WHERE k BETWEEN 6198458 AND 6198558
	Bitmap Heap Scan on sbtest2  (cost=5.44..393.67 rows=98 width=125)
	  Recheck Cond: ((k >= 6198458) AND (k <= 6198558))
	  ->  Bitmap Index Scan on k_2  (cost=0.00..5.42 rows=98 width=0)
	        Index Cond: ((k >= 6198458) AND (k <= 6198558))

table 3 : explain SELECT k, c FROM sbtest3 WHERE k BETWEEN 6198458 AND 6198558
	Bitmap Heap Scan on sbtest3  (cost=5.48..409.65 rows=102 width=125)
	  Recheck Cond: ((k >= 6198458) AND (k <= 6198558))
	  ->  Bitmap Index Scan on k_3  (cost=0.00..5.45 rows=102 width=0)
	        Index Cond: ((k >= 6198458) AND (k <= 6198558))

table 4 : explain SELECT k, c FROM sbtest4 WHERE k BETWEEN 6198458 AND 6198558
	Bitmap Heap Scan on sbtest4  (cost=5.46..401.72 rows=100 width=125)
	  Recheck Cond: ((k >= 6198458) AND (k <= 6198558))
	  ->  Bitmap Index Scan on k_4  (cost=0.00..5.43 rows=100 width=0)
	        Index Cond: ((k >= 6198458) AND (k <= 6198558))

table 5 : explain SELECT k, c FROM sbtest5 WHERE k BETWEEN 6198458 AND 6198558
	Bitmap Heap Scan on sbtest5  (cost=5.55..437.06 rows=109 width=125)
	  Recheck Cond: ((k >= 6198458) AND (k <= 6198558))
	  ->  Bitmap Index Scan on k_5  (cost=0.00..5.52 rows=109 width=0)
	        Index Cond: ((k >= 6198458) AND (k <= 6198558))

table 6 : explain SELECT k, c FROM sbtest6 WHERE k BETWEEN 6198458 AND 6198558
	Bitmap Heap Scan on sbtest6  (cost=5.48..409.52 rows=102 width=125)
	  Recheck Cond: ((k >= 6198458) AND (k <= 6198558))
	  ->  Bitmap Index Scan on k_6  (cost=0.00..5.45 rows=102 width=0)
	        Index Cond: ((k >= 6198458) AND (k <= 6198558))

table 7 : explain SELECT k, c FROM sbtest7 WHERE k BETWEEN 6198458 AND 6198558
	Bitmap Heap Scan on sbtest7  (cost=5.42..385.98 rows=96 width=125)
	  Recheck Cond: ((k >= 6198458) AND (k <= 6198558))
	  ->  Bitmap Index Scan on k_7  (cost=0.00..5.39 rows=96 width=0)
	        Index Cond: ((k >= 6198458) AND (k <= 6198558))

table 8 : explain SELECT k, c FROM sbtest8 WHERE k BETWEEN 6198458 AND 6198558
	Bitmap Heap Scan on sbtest8  (cost=5.56..440.98 rows=110 width=125)
	  Recheck Cond: ((k >= 6198458) AND (k <= 6198558))
	  ->  Bitmap Index Scan on k_8  (cost=0.00..5.53 rows=110 width=0)
	        Index Cond: ((k >= 6198458) AND (k <= 6198558))

explain: for range-notcovered :: explain SELECT k, c FROM sbtest%d WHERE k BETWEEN 7650953 AND 7651053
for range-notcovered
table 1 : explain SELECT k, c FROM sbtest1 WHERE k BETWEEN 8934122 AND 8934222
	Bitmap Heap Scan on sbtest1  (cost=5.44..393.71 rows=98 width=125)
	  Recheck Cond: ((k >= 8934122) AND (k <= 8934222))
	  ->  Bitmap Index Scan on k_1  (cost=0.00..5.42 rows=98 width=0)
	        Index Cond: ((k >= 8934122) AND (k <= 8934222))

table 2 : explain SELECT k, c FROM sbtest2 WHERE k BETWEEN 8934122 AND 8934222
	Bitmap Heap Scan on sbtest2  (cost=5.52..425.22 rows=106 width=125)
	  Recheck Cond: ((k >= 8934122) AND (k <= 8934222))
	  ->  Bitmap Index Scan on k_2  (cost=0.00..5.50 rows=106 width=0)
	        Index Cond: ((k >= 8934122) AND (k <= 8934222))

table 3 : explain SELECT k, c FROM sbtest3 WHERE k BETWEEN 8934122 AND 8934222
	Bitmap Heap Scan on sbtest3  (cost=5.55..437.27 rows=109 width=125)
	  Recheck Cond: ((k >= 8934122) AND (k <= 8934222))
	  ->  Bitmap Index Scan on k_3  (cost=0.00..5.52 rows=109 width=0)
	        Index Cond: ((k >= 8934122) AND (k <= 8934222))

table 4 : explain SELECT k, c FROM sbtest4 WHERE k BETWEEN 8934122 AND 8934222
	Bitmap Heap Scan on sbtest4  (cost=5.57..445.11 rows=111 width=125)
	  Recheck Cond: ((k >= 8934122) AND (k <= 8934222))
	  ->  Bitmap Index Scan on k_4  (cost=0.00..5.54 rows=111 width=0)
	        Index Cond: ((k >= 8934122) AND (k <= 8934222))

table 5 : explain SELECT k, c FROM sbtest5 WHERE k BETWEEN 8934122 AND 8934222
	Bitmap Heap Scan on sbtest5  (cost=5.50..417.35 rows=104 width=125)
	  Recheck Cond: ((k >= 8934122) AND (k <= 8934222))
	  ->  Bitmap Index Scan on k_5  (cost=0.00..5.47 rows=104 width=0)
	        Index Cond: ((k >= 8934122) AND (k <= 8934222))

table 6 : explain SELECT k, c FROM sbtest6 WHERE k BETWEEN 8934122 AND 8934222
	Bitmap Heap Scan on sbtest6  (cost=5.49..413.46 rows=103 width=125)
	  Recheck Cond: ((k >= 8934122) AND (k <= 8934222))
	  ->  Bitmap Index Scan on k_6  (cost=0.00..5.46 rows=103 width=0)
	        Index Cond: ((k >= 8934122) AND (k <= 8934222))

table 7 : explain SELECT k, c FROM sbtest7 WHERE k BETWEEN 8934122 AND 8934222
	Bitmap Heap Scan on sbtest7  (cost=5.43..389.93 rows=97 width=125)
	  Recheck Cond: ((k >= 8934122) AND (k <= 8934222))
	  ->  Bitmap Index Scan on k_7  (cost=0.00..5.40 rows=97 width=0)
	        Index Cond: ((k >= 8934122) AND (k <= 8934222))

table 8 : explain SELECT k, c FROM sbtest8 WHERE k BETWEEN 8934122 AND 8934222
	Bitmap Heap Scan on sbtest8  (cost=5.49..413.39 rows=103 width=125)
	  Recheck Cond: ((k >= 8934122) AND (k <= 8934222))
	  ->  Bitmap Index Scan on k_8  (cost=0.00..5.46 rows=103 width=0)
	        Index Cond: ((k >= 8934122) AND (k <= 8934222))

explain: for range-notcovered :: explain SELECT k, c FROM sbtest%d WHERE k BETWEEN 4557500 AND 4557600
explain: for range-notcovered :: explain SELECT k, c FROM sbtest%d WHERE k BETWEEN 6945512 AND 6945612
explain: for range-notcovered :: explain SELECT k, c FROM sbtest%d WHERE k BETWEEN 6198458 AND 6198558
explain: for range-notcovered :: explain SELECT k, c FROM sbtest%d WHERE k BETWEEN 8934122 AND 8934222
for range-notcovered
table 1 : explain SELECT k, c FROM sbtest1 WHERE k BETWEEN 7317958 AND 7318058
	Bitmap Heap Scan on sbtest1  (cost=5.49..413.44 rows=103 width=125)
	  Recheck Cond: ((k >= 7317958) AND (k <= 7318058))
	  ->  Bitmap Index Scan on k_1  (cost=0.00..5.46 rows=103 width=0)
	        Index Cond: ((k >= 7317958) AND (k <= 7318058))

table 2 : explain SELECT k, c FROM sbtest2 WHERE k BETWEEN 7317958 AND 7318058
	Bitmap Heap Scan on sbtest2  (cost=5.57..444.93 rows=111 width=125)
	  Recheck Cond: ((k >= 7317958) AND (k <= 7318058))
	  ->  Bitmap Index Scan on k_2  (cost=0.00..5.54 rows=111 width=0)
	        Index Cond: ((k >= 7317958) AND (k <= 7318058))

table 3 : explain SELECT k, c FROM sbtest3 WHERE k BETWEEN 7317958 AND 7318058
	Bitmap Heap Scan on sbtest3  (cost=5.54..433.32 rows=108 width=125)
	  Recheck Cond: ((k >= 7317958) AND (k <= 7318058))
	  ->  Bitmap Index Scan on k_3  (cost=0.00..5.51 rows=108 width=0)
	        Index Cond: ((k >= 7317958) AND (k <= 7318058))

table 4 : explain SELECT k, c FROM sbtest4 WHERE k BETWEEN 7317958 AND 7318058
	Bitmap Heap Scan on sbtest4  (cost=5.40..378.03 rows=94 width=125)
	  Recheck Cond: ((k >= 7317958) AND (k <= 7318058))
	  ->  Bitmap Index Scan on k_4  (cost=0.00..5.38 rows=94 width=0)
	        Index Cond: ((k >= 7317958) AND (k <= 7318058))

table 5 : explain SELECT k, c FROM sbtest5 WHERE k BETWEEN 7317958 AND 7318058
	Bitmap Heap Scan on sbtest5  (cost=5.53..429.18 rows=107 width=125)
	  Recheck Cond: ((k >= 7317958) AND (k <= 7318058))
	  ->  Bitmap Index Scan on k_5  (cost=0.00..5.50 rows=107 width=0)
	        Index Cond: ((k >= 7317958) AND (k <= 7318058))

table 6 : explain SELECT k, c FROM sbtest6 WHERE k BETWEEN 7317958 AND 7318058
	Bitmap Heap Scan on sbtest6  (cost=5.43..389.79 rows=97 width=125)
	  Recheck Cond: ((k >= 7317958) AND (k <= 7318058))
	  ->  Bitmap Index Scan on k_6  (cost=0.00..5.40 rows=97 width=0)
	        Index Cond: ((k >= 7317958) AND (k <= 7318058))

table 7 : explain SELECT k, c FROM sbtest7 WHERE k BETWEEN 7317958 AND 7318058
	Bitmap Heap Scan on sbtest7  (cost=5.55..437.28 rows=109 width=125)
	  Recheck Cond: ((k >= 7317958) AND (k <= 7318058))
	  ->  Bitmap Index Scan on k_7  (cost=0.00..5.52 rows=109 width=0)
	        Index Cond: ((k >= 7317958) AND (k <= 7318058))

table 8 : explain SELECT k, c FROM sbtest8 WHERE k BETWEEN 7317958 AND 7318058
	Bitmap Heap Scan on sbtest8  (cost=5.53..429.16 rows=107 width=125)
	  Recheck Cond: ((k >= 7317958) AND (k <= 7318058))
	  ->  Bitmap Index Scan on k_8  (cost=0.00..5.50 rows=107 width=0)
	        Index Cond: ((k >= 7317958) AND (k <= 7318058))

for range-notcovered
table 1 : explain SELECT k, c FROM sbtest1 WHERE k BETWEEN 8149386 AND 8149486
	Bitmap Heap Scan on sbtest1  (cost=5.56..441.03 rows=110 width=125)
	  Recheck Cond: ((k >= 8149386) AND (k <= 8149486))
	  ->  Bitmap Index Scan on k_1  (cost=0.00..5.53 rows=110 width=0)
	        Index Cond: ((k >= 8149386) AND (k <= 8149486))

table 2 : explain SELECT k, c FROM sbtest2 WHERE k BETWEEN 8149386 AND 8149486
	Bitmap Heap Scan on sbtest2  (cost=5.53..429.16 rows=107 width=125)
	  Recheck Cond: ((k >= 8149386) AND (k <= 8149486))
	  ->  Bitmap Index Scan on k_2  (cost=0.00..5.50 rows=107 width=0)
	        Index Cond: ((k >= 8149386) AND (k <= 8149486))

table 3 : explain SELECT k, c FROM sbtest3 WHERE k BETWEEN 8149386 AND 8149486
	Bitmap Heap Scan on sbtest3  (cost=5.48..409.65 rows=102 width=125)
	  Recheck Cond: ((k >= 8149386) AND (k <= 8149486))
	  ->  Bitmap Index Scan on k_3  (cost=0.00..5.45 rows=102 width=0)
	        Index Cond: ((k >= 8149386) AND (k <= 8149486))

table 4 : explain SELECT k, c FROM sbtest4 WHERE k BETWEEN 8149386 AND 8149486
	Bitmap Heap Scan on sbtest4  (cost=5.46..401.72 rows=100 width=125)
	  Recheck Cond: ((k >= 8149386) AND (k <= 8149486))
	  ->  Bitmap Index Scan on k_4  (cost=0.00..5.43 rows=100 width=0)
	        Index Cond: ((k >= 8149386) AND (k <= 8149486))

table 5 : explain SELECT k, c FROM sbtest5 WHERE k BETWEEN 8149386 AND 8149486
	Bitmap Heap Scan on sbtest5  (cost=5.45..397.63 rows=99 width=125)
	  Recheck Cond: ((k >= 8149386) AND (k <= 8149486))
	  ->  Bitmap Index Scan on k_5  (cost=0.00..5.42 rows=99 width=0)
	        Index Cond: ((k >= 8149386) AND (k <= 8149486))

table 6 : explain SELECT k, c FROM sbtest6 WHERE k BETWEEN 8149386 AND 8149486
	Bitmap Heap Scan on sbtest6  (cost=5.50..417.41 rows=104 width=125)
	  Recheck Cond: ((k >= 8149386) AND (k <= 8149486))
	  ->  Bitmap Index Scan on k_6  (cost=0.00..5.47 rows=104 width=0)
	        Index Cond: ((k >= 8149386) AND (k <= 8149486))

table 7 : explain SELECT k, c FROM sbtest7 WHERE k BETWEEN 8149386 AND 8149486
	Bitmap Heap Scan on sbtest7  (cost=5.50..417.56 rows=104 width=125)
	  Recheck Cond: ((k >= 8149386) AND (k <= 8149486))
	  ->  Bitmap Index Scan on k_7  (cost=0.00..5.47 rows=104 width=0)
	        Index Cond: ((k >= 8149386) AND (k <= 8149486))

table 8 : explain SELECT k, c FROM sbtest8 WHERE k BETWEEN 8149386 AND 8149486
	Bitmap Heap Scan on sbtest8  (cost=5.40..377.89 rows=94 width=125)
	  Recheck Cond: ((k >= 8149386) AND (k <= 8149486))
	  ->  Bitmap Index Scan on k_8  (cost=0.00..5.38 rows=94 width=0)
	        Index Cond: ((k >= 8149386) AND (k <= 8149486))

for range-notcovered
table 1 : explain SELECT k, c FROM sbtest1 WHERE k BETWEEN 5354017 AND 5354117
	Bitmap Heap Scan on sbtest1  (cost=5.52..425.26 rows=106 width=125)
	  Recheck Cond: ((k >= 5354017) AND (k <= 5354117))
	  ->  Bitmap Index Scan on k_1  (cost=0.00..5.50 rows=106 width=0)
	        Index Cond: ((k >= 5354017) AND (k <= 5354117))

table 2 : explain SELECT k, c FROM sbtest2 WHERE k BETWEEN 5354017 AND 5354117
	Bitmap Heap Scan on sbtest2  (cost=5.41..381.84 rows=95 width=125)
	  Recheck Cond: ((k >= 5354017) AND (k <= 5354117))
	  ->  Bitmap Index Scan on k_2  (cost=0.00..5.38 rows=95 width=0)
	        Index Cond: ((k >= 5354017) AND (k <= 5354117))

table 3 : explain SELECT k, c FROM sbtest3 WHERE k BETWEEN 5354017 AND 5354117
	Bitmap Heap Scan on sbtest3  (cost=5.45..397.81 rows=99 width=125)
	  Recheck Cond: ((k >= 5354017) AND (k <= 5354117))
	  ->  Bitmap Index Scan on k_3  (cost=0.00..5.42 rows=99 width=0)
	        Index Cond: ((k >= 5354017) AND (k <= 5354117))

table 4 : explain SELECT k, c FROM sbtest4 WHERE k BETWEEN 5354017 AND 5354117
	Bitmap Heap Scan on sbtest4  (cost=5.45..397.77 rows=99 width=125)
	  Recheck Cond: ((k >= 5354017) AND (k <= 5354117))
	  ->  Bitmap Index Scan on k_4  (cost=0.00..5.42 rows=99 width=0)
	        Index Cond: ((k >= 5354017) AND (k <= 5354117))

table 5 : explain SELECT k, c FROM sbtest5 WHERE k BETWEEN 5354017 AND 5354117
	Bitmap Heap Scan on sbtest5  (cost=5.38..370.01 rows=92 width=125)
	  Recheck Cond: ((k >= 5354017) AND (k <= 5354117))
	  ->  Bitmap Index Scan on k_5  (cost=0.00..5.35 rows=92 width=0)
	        Index Cond: ((k >= 5354017) AND (k <= 5354117))

table 6 : explain SELECT k, c FROM sbtest6 WHERE k BETWEEN 5354017 AND 5354117
	Bitmap Heap Scan on sbtest6  (cost=5.53..429.24 rows=107 width=125)
	  Recheck Cond: ((k >= 5354017) AND (k <= 5354117))
	  ->  Bitmap Index Scan on k_6  (cost=0.00..5.50 rows=107 width=0)
	        Index Cond: ((k >= 5354017) AND (k <= 5354117))

table 7 : explain SELECT k, c FROM sbtest7 WHERE k BETWEEN 5354017 AND 5354117
	Bitmap Heap Scan on sbtest7  (cost=5.47..405.72 rows=101 width=125)
	  Recheck Cond: ((k >= 5354017) AND (k <= 5354117))
	  ->  Bitmap Index Scan on k_7  (cost=0.00..5.44 rows=101 width=0)
	        Index Cond: ((k >= 5354017) AND (k <= 5354117))

table 8 : explain SELECT k, c FROM sbtest8 WHERE k BETWEEN 5354017 AND 5354117
	Bitmap Heap Scan on sbtest8  (cost=5.39..373.94 rows=93 width=125)
	  Recheck Cond: ((k >= 5354017) AND (k <= 5354117))
	  ->  Bitmap Index Scan on k_8  (cost=0.00..5.36 rows=93 width=0)
	        Index Cond: ((k >= 5354017) AND (k <= 5354117))

for range-notcovered
table 1 : explain SELECT k, c FROM sbtest1 WHERE k BETWEEN 4830844 AND 4830944
	Bitmap Heap Scan on sbtest1  (cost=5.48..409.49 rows=102 width=125)
	  Recheck Cond: ((k >= 4830844) AND (k <= 4830944))
	  ->  Bitmap Index Scan on k_1  (cost=0.00..5.45 rows=102 width=0)
	        Index Cond: ((k >= 4830844) AND (k <= 4830944))

table 2 : explain SELECT k, c FROM sbtest2 WHERE k BETWEEN 4830844 AND 4830944
	Bitmap Heap Scan on sbtest2  (cost=5.46..401.56 rows=100 width=125)
	  Recheck Cond: ((k >= 4830844) AND (k <= 4830944))
	  ->  Bitmap Index Scan on k_2  (cost=0.00..5.43 rows=100 width=0)
	        Index Cond: ((k >= 4830844) AND (k <= 4830944))

table 3 : explain SELECT k, c FROM sbtest3 WHERE k BETWEEN 4830844 AND 4830944
	Bitmap Heap Scan on sbtest3  (cost=5.51..421.49 rows=105 width=125)
	  Recheck Cond: ((k >= 4830844) AND (k <= 4830944))
	  ->  Bitmap Index Scan on k_3  (cost=0.00..5.48 rows=105 width=0)
	        Index Cond: ((k >= 4830844) AND (k <= 4830944))

table 4 : explain SELECT k, c FROM sbtest4 WHERE k BETWEEN 4830844 AND 4830944
	Bitmap Heap Scan on sbtest4  (cost=5.51..421.45 rows=105 width=125)
	  Recheck Cond: ((k >= 4830844) AND (k <= 4830944))
	  ->  Bitmap Index Scan on k_4  (cost=0.00..5.48 rows=105 width=0)
	        Index Cond: ((k >= 4830844) AND (k <= 4830944))

table 5 : explain SELECT k, c FROM sbtest5 WHERE k BETWEEN 4830844 AND 4830944
	Bitmap Heap Scan on sbtest5  (cost=5.43..389.74 rows=97 width=125)
	  Recheck Cond: ((k >= 4830844) AND (k <= 4830944))
	  ->  Bitmap Index Scan on k_5  (cost=0.00..5.40 rows=97 width=0)
	        Index Cond: ((k >= 4830844) AND (k <= 4830944))

table 6 : explain SELECT k, c FROM sbtest6 WHERE k BETWEEN 4830844 AND 4830944
	Bitmap Heap Scan on sbtest6  (cost=5.62..464.70 rows=116 width=125)
	  Recheck Cond: ((k >= 4830844) AND (k <= 4830944))
	  ->  Bitmap Index Scan on k_6  (cost=0.00..5.59 rows=116 width=0)
	        Index Cond: ((k >= 4830844) AND (k <= 4830944))

table 7 : explain SELECT k, c FROM sbtest7 WHERE k BETWEEN 4830844 AND 4830944
	Bitmap Heap Scan on sbtest7  (cost=5.47..405.72 rows=101 width=125)
	  Recheck Cond: ((k >= 4830844) AND (k <= 4830944))
	  ->  Bitmap Index Scan on k_7  (cost=0.00..5.44 rows=101 width=0)
	        Index Cond: ((k >= 4830844) AND (k <= 4830944))

table 8 : explain SELECT k, c FROM sbtest8 WHERE k BETWEEN 4830844 AND 4830944
	Bitmap Heap Scan on sbtest8  (cost=5.46..401.56 rows=100 width=125)
	  Recheck Cond: ((k >= 4830844) AND (k <= 4830944))
	  ->  Bitmap Index Scan on k_8  (cost=0.00..5.43 rows=100 width=0)
	        Index Cond: ((k >= 4830844) AND (k <= 4830944))

for range-notcovered
table 1 : explain SELECT k, c FROM sbtest1 WHERE k BETWEEN 6856335 AND 6856435
	Bitmap Heap Scan on sbtest1  (cost=5.52..425.26 rows=106 width=125)
	  Recheck Cond: ((k >= 6856335) AND (k <= 6856435))
	  ->  Bitmap Index Scan on k_1  (cost=0.00..5.50 rows=106 width=0)
	        Index Cond: ((k >= 6856335) AND (k <= 6856435))

table 2 : explain SELECT k, c FROM sbtest2 WHERE k BETWEEN 6856335 AND 6856435
	Bitmap Heap Scan on sbtest2  (cost=5.45..397.62 rows=99 width=125)
	  Recheck Cond: ((k >= 6856335) AND (k <= 6856435))
	  ->  Bitmap Index Scan on k_2  (cost=0.00..5.42 rows=99 width=0)
	        Index Cond: ((k >= 6856335) AND (k <= 6856435))

table 3 : explain SELECT k, c FROM sbtest3 WHERE k BETWEEN 6856335 AND 6856435
	Bitmap Heap Scan on sbtest3  (cost=5.56..441.21 rows=110 width=125)
	  Recheck Cond: ((k >= 6856335) AND (k <= 6856435))
	  ->  Bitmap Index Scan on k_3  (cost=0.00..5.53 rows=110 width=0)
	        Index Cond: ((k >= 6856335) AND (k <= 6856435))

table 4 : explain SELECT k, c FROM sbtest4 WHERE k BETWEEN 6856335 AND 6856435
	Bitmap Heap Scan on sbtest4  (cost=5.49..413.56 rows=103 width=125)
	  Recheck Cond: ((k >= 6856335) AND (k <= 6856435))
	  ->  Bitmap Index Scan on k_4  (cost=0.00..5.46 rows=103 width=0)
	        Index Cond: ((k >= 6856335) AND (k <= 6856435))

table 5 : explain SELECT k, c FROM sbtest5 WHERE k BETWEEN 6856335 AND 6856435
	Bitmap Heap Scan on sbtest5  (cost=5.55..437.06 rows=109 width=125)
	  Recheck Cond: ((k >= 6856335) AND (k <= 6856435))
	  ->  Bitmap Index Scan on k_5  (cost=0.00..5.52 rows=109 width=0)
	        Index Cond: ((k >= 6856335) AND (k <= 6856435))

table 6 : explain SELECT k, c FROM sbtest6 WHERE k BETWEEN 6856335 AND 6856435
	Bitmap Heap Scan on sbtest6  (cost=5.45..397.68 rows=99 width=125)
	  Recheck Cond: ((k >= 6856335) AND (k <= 6856435))
	  ->  Bitmap Index Scan on k_6  (cost=0.00..5.42 rows=99 width=0)
	        Index Cond: ((k >= 6856335) AND (k <= 6856435))

table 7 : explain SELECT k, c FROM sbtest7 WHERE k BETWEEN 6856335 AND 6856435
	Bitmap Heap Scan on sbtest7  (cost=5.35..358.33 rows=89 width=125)
	  Recheck Cond: ((k >= 6856335) AND (k <= 6856435))
	  ->  Bitmap Index Scan on k_7  (cost=0.00..5.32 rows=89 width=0)
	        Index Cond: ((k >= 6856335) AND (k <= 6856435))

table 8 : explain SELECT k, c FROM sbtest8 WHERE k BETWEEN 6856335 AND 6856435
	Bitmap Heap Scan on sbtest8  (cost=5.45..397.61 rows=99 width=125)
	  Recheck Cond: ((k >= 6856335) AND (k <= 6856435))
	  ->  Bitmap Index Scan on k_8  (cost=0.00..5.42 rows=99 width=0)
	        Index Cond: ((k >= 6856335) AND (k <= 6856435))

explain: for range-notcovered :: explain SELECT k, c FROM sbtest%d WHERE k BETWEEN 4830844 AND 4830944
for range-notcovered
table 1 : explain SELECT k, c FROM sbtest1 WHERE k BETWEEN 6940961 AND 6941061
	Bitmap Heap Scan on sbtest1  (cost=5.61..460.73 rows=115 width=125)
	  Recheck Cond: ((k >= 6940961) AND (k <= 6941061))
	  ->  Bitmap Index Scan on k_1  (cost=0.00..5.58 rows=115 width=0)
	        Index Cond: ((k >= 6940961) AND (k <= 6941061))

table 2 : explain SELECT k, c FROM sbtest2 WHERE k BETWEEN 6940961 AND 6941061
	Bitmap Heap Scan on sbtest2  (cost=5.56..440.99 rows=110 width=125)
	  Recheck Cond: ((k >= 6940961) AND (k <= 6941061))
	  ->  Bitmap Index Scan on k_2  (cost=0.00..5.53 rows=110 width=0)
	        Index Cond: ((k >= 6940961) AND (k <= 6941061))

table 3 : explain SELECT k, c FROM sbtest3 WHERE k BETWEEN 6940961 AND 6941061
	Bitmap Heap Scan on sbtest3  (cost=5.43..389.92 rows=97 width=125)
	  Recheck Cond: ((k >= 6940961) AND (k <= 6941061))
	  ->  Bitmap Index Scan on k_3  (cost=0.00..5.40 rows=97 width=0)
	        Index Cond: ((k >= 6940961) AND (k <= 6941061))

table 4 : explain SELECT k, c FROM sbtest4 WHERE k BETWEEN 6940961 AND 6941061
	Bitmap Heap Scan on sbtest4  (cost=5.46..401.72 rows=100 width=125)
	  Recheck Cond: ((k >= 6940961) AND (k <= 6941061))
	  ->  Bitmap Index Scan on k_4  (cost=0.00..5.43 rows=100 width=0)
	        Index Cond: ((k >= 6940961) AND (k <= 6941061))

table 5 : explain SELECT k, c FROM sbtest5 WHERE k BETWEEN 6940961 AND 6941061
	Bitmap Heap Scan on sbtest5  (cost=5.53..429.18 rows=107 width=125)
	  Recheck Cond: ((k >= 6940961) AND (k <= 6941061))
	  ->  Bitmap Index Scan on k_5  (cost=0.00..5.50 rows=107 width=0)
	        Index Cond: ((k >= 6940961) AND (k <= 6941061))

table 6 : explain SELECT k, c FROM sbtest6 WHERE k BETWEEN 6940961 AND 6941061
	Bitmap Heap Scan on sbtest6  (cost=5.44..393.74 rows=98 width=125)
	  Recheck Cond: ((k >= 6940961) AND (k <= 6941061))
	  ->  Bitmap Index Scan on k_6  (cost=0.00..5.42 rows=98 width=0)
	        Index Cond: ((k >= 6940961) AND (k <= 6941061))

table 7 : explain SELECT k, c FROM sbtest7 WHERE k BETWEEN 6940961 AND 6941061
	Bitmap Heap Scan on sbtest7  (cost=5.67..480.65 rows=120 width=125)
	  Recheck Cond: ((k >= 6940961) AND (k <= 6941061))
	  ->  Bitmap Index Scan on k_7  (cost=0.00..5.63 rows=120 width=0)
	        Index Cond: ((k >= 6940961) AND (k <= 6941061))

table 8 : explain SELECT k, c FROM sbtest8 WHERE k BETWEEN 6940961 AND 6941061
	Bitmap Heap Scan on sbtest8  (cost=5.52..425.22 rows=106 width=125)
	  Recheck Cond: ((k >= 6940961) AND (k <= 6941061))
	  ->  Bitmap Index Scan on k_8  (cost=0.00..5.50 rows=106 width=0)
	        Index Cond: ((k >= 6940961) AND (k <= 6941061))

explain: for range-notcovered :: explain SELECT k, c FROM sbtest%d WHERE k BETWEEN 6856335 AND 6856435
explain: for range-notcovered :: explain SELECT k, c FROM sbtest%d WHERE k BETWEEN 6940961 AND 6941061
for range-notcovered
table 1 : explain SELECT k, c FROM sbtest1 WHERE k BETWEEN 8934122 AND 8934222
	Bitmap Heap Scan on sbtest1  (cost=5.44..393.71 rows=98 width=125)
	  Recheck Cond: ((k >= 8934122) AND (k <= 8934222))
	  ->  Bitmap Index Scan on k_1  (cost=0.00..5.42 rows=98 width=0)
	        Index Cond: ((k >= 8934122) AND (k <= 8934222))

table 2 : explain SELECT k, c FROM sbtest2 WHERE k BETWEEN 8934122 AND 8934222
	Bitmap Heap Scan on sbtest2  (cost=5.52..425.22 rows=106 width=125)
	  Recheck Cond: ((k >= 8934122) AND (k <= 8934222))
	  ->  Bitmap Index Scan on k_2  (cost=0.00..5.50 rows=106 width=0)
	        Index Cond: ((k >= 8934122) AND (k <= 8934222))

table 3 : explain SELECT k, c FROM sbtest3 WHERE k BETWEEN 8934122 AND 8934222
	Bitmap Heap Scan on sbtest3  (cost=5.55..437.27 rows=109 width=125)
	  Recheck Cond: ((k >= 8934122) AND (k <= 8934222))
	  ->  Bitmap Index Scan on k_3  (cost=0.00..5.52 rows=109 width=0)
	        Index Cond: ((k >= 8934122) AND (k <= 8934222))

table 4 : explain SELECT k, c FROM sbtest4 WHERE k BETWEEN 8934122 AND 8934222
	Bitmap Heap Scan on sbtest4  (cost=5.57..445.11 rows=111 width=125)
	  Recheck Cond: ((k >= 8934122) AND (k <= 8934222))
	  ->  Bitmap Index Scan on k_4  (cost=0.00..5.54 rows=111 width=0)
	        Index Cond: ((k >= 8934122) AND (k <= 8934222))

table 5 : explain SELECT k, c FROM sbtest5 WHERE k BETWEEN 8934122 AND 8934222
	Bitmap Heap Scan on sbtest5  (cost=5.50..417.35 rows=104 width=125)
	  Recheck Cond: ((k >= 8934122) AND (k <= 8934222))
	  ->  Bitmap Index Scan on k_5  (cost=0.00..5.47 rows=104 width=0)
	        Index Cond: ((k >= 8934122) AND (k <= 8934222))

table 6 : explain SELECT k, c FROM sbtest6 WHERE k BETWEEN 8934122 AND 8934222
	Bitmap Heap Scan on sbtest6  (cost=5.49..413.46 rows=103 width=125)
	  Recheck Cond: ((k >= 8934122) AND (k <= 8934222))
	  ->  Bitmap Index Scan on k_6  (cost=0.00..5.46 rows=103 width=0)
	        Index Cond: ((k >= 8934122) AND (k <= 8934222))

table 7 : explain SELECT k, c FROM sbtest7 WHERE k BETWEEN 8934122 AND 8934222
	Bitmap Heap Scan on sbtest7  (cost=5.43..389.93 rows=97 width=125)
	  Recheck Cond: ((k >= 8934122) AND (k <= 8934222))
	  ->  Bitmap Index Scan on k_7  (cost=0.00..5.40 rows=97 width=0)
	        Index Cond: ((k >= 8934122) AND (k <= 8934222))

table 8 : explain SELECT k, c FROM sbtest8 WHERE k BETWEEN 8934122 AND 8934222
	Bitmap Heap Scan on sbtest8  (cost=5.49..413.39 rows=103 width=125)
	  Recheck Cond: ((k >= 8934122) AND (k <= 8934222))
	  ->  Bitmap Index Scan on k_8  (cost=0.00..5.46 rows=103 width=0)
	        Index Cond: ((k >= 8934122) AND (k <= 8934222))

for range-notcovered
table 1 : explain SELECT k, c FROM sbtest1 WHERE k BETWEEN 6945512 AND 6945612
	Bitmap Heap Scan on sbtest1  (cost=5.61..460.73 rows=115 width=125)
	  Recheck Cond: ((k >= 6945512) AND (k <= 6945612))
	  ->  Bitmap Index Scan on k_1  (cost=0.00..5.58 rows=115 width=0)
	        Index Cond: ((k >= 6945512) AND (k <= 6945612))

table 2 : explain SELECT k, c FROM sbtest2 WHERE k BETWEEN 6945512 AND 6945612
	Bitmap Heap Scan on sbtest2  (cost=5.56..440.99 rows=110 width=125)
	  Recheck Cond: ((k >= 6945512) AND (k <= 6945612))
	  ->  Bitmap Index Scan on k_2  (cost=0.00..5.53 rows=110 width=0)
	        Index Cond: ((k >= 6945512) AND (k <= 6945612))

table 3 : explain SELECT k, c FROM sbtest3 WHERE k BETWEEN 6945512 AND 6945612
	Bitmap Heap Scan on sbtest3  (cost=5.43..389.92 rows=97 width=125)
	  Recheck Cond: ((k >= 6945512) AND (k <= 6945612))
	  ->  Bitmap Index Scan on k_3  (cost=0.00..5.40 rows=97 width=0)
	        Index Cond: ((k >= 6945512) AND (k <= 6945612))

table 4 : explain SELECT k, c FROM sbtest4 WHERE k BETWEEN 6945512 AND 6945612
	Bitmap Heap Scan on sbtest4  (cost=5.46..401.72 rows=100 width=125)
	  Recheck Cond: ((k >= 6945512) AND (k <= 6945612))
	  ->  Bitmap Index Scan on k_4  (cost=0.00..5.43 rows=100 width=0)
	        Index Cond: ((k >= 6945512) AND (k <= 6945612))

table 5 : explain SELECT k, c FROM sbtest5 WHERE k BETWEEN 6945512 AND 6945612
	Bitmap Heap Scan on sbtest5  (cost=5.53..429.18 rows=107 width=125)
	  Recheck Cond: ((k >= 6945512) AND (k <= 6945612))
	  ->  Bitmap Index Scan on k_5  (cost=0.00..5.50 rows=107 width=0)
	        Index Cond: ((k >= 6945512) AND (k <= 6945612))

table 6 : explain SELECT k, c FROM sbtest6 WHERE k BETWEEN 6945512 AND 6945612
	Bitmap Heap Scan on sbtest6  (cost=5.44..393.74 rows=98 width=125)
	  Recheck Cond: ((k >= 6945512) AND (k <= 6945612))
	  ->  Bitmap Index Scan on k_6  (cost=0.00..5.42 rows=98 width=0)
	        Index Cond: ((k >= 6945512) AND (k <= 6945612))

table 7 : explain SELECT k, c FROM sbtest7 WHERE k BETWEEN 6945512 AND 6945612
	Bitmap Heap Scan on sbtest7  (cost=5.67..480.65 rows=120 width=125)
	  Recheck Cond: ((k >= 6945512) AND (k <= 6945612))
	  ->  Bitmap Index Scan on k_7  (cost=0.00..5.63 rows=120 width=0)
	        Index Cond: ((k >= 6945512) AND (k <= 6945612))

table 8 : explain SELECT k, c FROM sbtest8 WHERE k BETWEEN 6945512 AND 6945612
	Bitmap Heap Scan on sbtest8  (cost=5.52..425.22 rows=106 width=125)
	  Recheck Cond: ((k >= 6945512) AND (k <= 6945612))
	  ->  Bitmap Index Scan on k_8  (cost=0.00..5.50 rows=106 width=0)
	        Index Cond: ((k >= 6945512) AND (k <= 6945612))

explain: for range-notcovered :: explain SELECT k, c FROM sbtest%d WHERE k BETWEEN 8934122 AND 8934222
for range-notcovered
table 1 : explain SELECT k, c FROM sbtest1 WHERE k BETWEEN 4557500 AND 4557600
	Bitmap Heap Scan on sbtest1  (cost=5.38..370.03 rows=92 width=125)
	  Recheck Cond: ((k >= 4557500) AND (k <= 4557600))
	  ->  Bitmap Index Scan on k_1  (cost=0.00..5.35 rows=92 width=0)
	        Index Cond: ((k >= 4557500) AND (k <= 4557600))

table 2 : explain SELECT k, c FROM sbtest2 WHERE k BETWEEN 4557500 AND 4557600
	Bitmap Heap Scan on sbtest2  (cost=5.55..437.05 rows=109 width=125)
	  Recheck Cond: ((k >= 4557500) AND (k <= 4557600))
	  ->  Bitmap Index Scan on k_2  (cost=0.00..5.52 rows=109 width=0)
	        Index Cond: ((k >= 4557500) AND (k <= 4557600))

table 3 : explain SELECT k, c FROM sbtest3 WHERE k BETWEEN 4557500 AND 4557600
	Bitmap Heap Scan on sbtest3  (cost=5.50..417.54 rows=104 width=125)
	  Recheck Cond: ((k >= 4557500) AND (k <= 4557600))
	  ->  Bitmap Index Scan on k_3  (cost=0.00..5.47 rows=104 width=0)
	        Index Cond: ((k >= 4557500) AND (k <= 4557600))

table 4 : explain SELECT k, c FROM sbtest4 WHERE k BETWEEN 4557500 AND 4557600
	Bitmap Heap Scan on sbtest4  (cost=5.53..429.34 rows=107 width=125)
	  Recheck Cond: ((k >= 4557500) AND (k <= 4557600))
	  ->  Bitmap Index Scan on k_4  (cost=0.00..5.50 rows=107 width=0)
	        Index Cond: ((k >= 4557500) AND (k <= 4557600))

table 5 : explain SELECT k, c FROM sbtest5 WHERE k BETWEEN 4557500 AND 4557600
	Bitmap Heap Scan on sbtest5  (cost=5.51..421.30 rows=105 width=125)
	  Recheck Cond: ((k >= 4557500) AND (k <= 4557600))
	  ->  Bitmap Index Scan on k_5  (cost=0.00..5.48 rows=105 width=0)
	        Index Cond: ((k >= 4557500) AND (k <= 4557600))

table 6 : explain SELECT k, c FROM sbtest6 WHERE k BETWEEN 4557500 AND 4557600
	Bitmap Heap Scan on sbtest6  (cost=5.42..385.84 rows=96 width=125)
	  Recheck Cond: ((k >= 4557500) AND (k <= 4557600))
	  ->  Bitmap Index Scan on k_6  (cost=0.00..5.39 rows=96 width=0)
	        Index Cond: ((k >= 4557500) AND (k <= 4557600))

table 7 : explain SELECT k, c FROM sbtest7 WHERE k BETWEEN 4557500 AND 4557600
	Bitmap Heap Scan on sbtest7  (cost=5.43..389.93 rows=97 width=125)
	  Recheck Cond: ((k >= 4557500) AND (k <= 4557600))
	  ->  Bitmap Index Scan on k_7  (cost=0.00..5.40 rows=97 width=0)
	        Index Cond: ((k >= 4557500) AND (k <= 4557600))

table 8 : explain SELECT k, c FROM sbtest8 WHERE k BETWEEN 4557500 AND 4557600
	Bitmap Heap Scan on sbtest8  (cost=5.48..409.45 rows=102 width=125)
	  Recheck Cond: ((k >= 4557500) AND (k <= 4557600))
	  ->  Bitmap Index Scan on k_8  (cost=0.00..5.45 rows=102 width=0)
	        Index Cond: ((k >= 4557500) AND (k <= 4557600))

for range-notcovered
table 1 : explain SELECT k, c FROM sbtest1 WHERE k BETWEEN 6198458 AND 6198558
	Bitmap Heap Scan on sbtest1  (cost=5.34..354.23 rows=88 width=125)
	  Recheck Cond: ((k >= 6198458) AND (k <= 6198558))
	  ->  Bitmap Index Scan on k_1  (cost=0.00..5.31 rows=88 width=0)
	        Index Cond: ((k >= 6198458) AND (k <= 6198558))

table 2 : explain SELECT k, c FROM sbtest2 WHERE k BETWEEN 6198458 AND 6198558
	Bitmap Heap Scan on sbtest2  (cost=5.44..393.67 rows=98 width=125)
	  Recheck Cond: ((k >= 6198458) AND (k <= 6198558))
	  ->  Bitmap Index Scan on k_2  (cost=0.00..5.42 rows=98 width=0)
	        Index Cond: ((k >= 6198458) AND (k <= 6198558))

table 3 : explain SELECT k, c FROM sbtest3 WHERE k BETWEEN 6198458 AND 6198558
	Bitmap Heap Scan on sbtest3  (cost=5.48..409.65 rows=102 width=125)
	  Recheck Cond: ((k >= 6198458) AND (k <= 6198558))
	  ->  Bitmap Index Scan on k_3  (cost=0.00..5.45 rows=102 width=0)
	        Index Cond: ((k >= 6198458) AND (k <= 6198558))

table 4 : explain SELECT k, c FROM sbtest4 WHERE k BETWEEN 6198458 AND 6198558
	Bitmap Heap Scan on sbtest4  (cost=5.46..401.72 rows=100 width=125)
	  Recheck Cond: ((k >= 6198458) AND (k <= 6198558))
	  ->  Bitmap Index Scan on k_4  (cost=0.00..5.43 rows=100 width=0)
	        Index Cond: ((k >= 6198458) AND (k <= 6198558))

table 5 : explain SELECT k, c FROM sbtest5 WHERE k BETWEEN 6198458 AND 6198558
	Bitmap Heap Scan on sbtest5  (cost=5.55..437.06 rows=109 width=125)
	  Recheck Cond: ((k >= 6198458) AND (k <= 6198558))
	  ->  Bitmap Index Scan on k_5  (cost=0.00..5.52 rows=109 width=0)
	        Index Cond: ((k >= 6198458) AND (k <= 6198558))

table 6 : explain SELECT k, c FROM sbtest6 WHERE k BETWEEN 6198458 AND 6198558
	Bitmap Heap Scan on sbtest6  (cost=5.48..409.52 rows=102 width=125)
	  Recheck Cond: ((k >= 6198458) AND (k <= 6198558))
	  ->  Bitmap Index Scan on k_6  (cost=0.00..5.45 rows=102 width=0)
	        Index Cond: ((k >= 6198458) AND (k <= 6198558))

table 7 : explain SELECT k, c FROM sbtest7 WHERE k BETWEEN 6198458 AND 6198558
	Bitmap Heap Scan on sbtest7  (cost=5.42..385.98 rows=96 width=125)
	  Recheck Cond: ((k >= 6198458) AND (k <= 6198558))
	  ->  Bitmap Index Scan on k_7  (cost=0.00..5.39 rows=96 width=0)
	        Index Cond: ((k >= 6198458) AND (k <= 6198558))

table 8 : explain SELECT k, c FROM sbtest8 WHERE k BETWEEN 6198458 AND 6198558
	Bitmap Heap Scan on sbtest8  (cost=5.56..440.98 rows=110 width=125)
	  Recheck Cond: ((k >= 6198458) AND (k <= 6198558))
	  ->  Bitmap Index Scan on k_8  (cost=0.00..5.53 rows=110 width=0)
	        Index Cond: ((k >= 6198458) AND (k <= 6198558))

explain: for range-notcovered :: explain SELECT k, c FROM sbtest%d WHERE k BETWEEN 6945512 AND 6945612
explain: for range-notcovered :: explain SELECT k, c FROM sbtest%d WHERE k BETWEEN 4557500 AND 4557600
explain: for range-notcovered :: explain SELECT k, c FROM sbtest%d WHERE k BETWEEN 8149386 AND 8149486
explain: for range-notcovered :: explain SELECT k, c FROM sbtest%d WHERE k BETWEEN 6198458 AND 6198558
for range-notcovered
table 1 : explain SELECT k, c FROM sbtest1 WHERE k BETWEEN 7650953 AND 7651053
	Bitmap Heap Scan on sbtest1  (cost=5.42..385.82 rows=96 width=125)
	  Recheck Cond: ((k >= 7650953) AND (k <= 7651053))
	  ->  Bitmap Index Scan on k_1  (cost=0.00..5.39 rows=96 width=0)
	        Index Cond: ((k >= 7650953) AND (k <= 7651053))

table 2 : explain SELECT k, c FROM sbtest2 WHERE k BETWEEN 7650953 AND 7651053
	Bitmap Heap Scan on sbtest2  (cost=5.45..397.62 rows=99 width=125)
	  Recheck Cond: ((k >= 7650953) AND (k <= 7651053))
	  ->  Bitmap Index Scan on k_2  (cost=0.00..5.42 rows=99 width=0)
	        Index Cond: ((k >= 7650953) AND (k <= 7651053))

table 3 : explain SELECT k, c FROM sbtest3 WHERE k BETWEEN 7650953 AND 7651053
	Bitmap Heap Scan on sbtest3  (cost=5.46..401.76 rows=100 width=125)
	  Recheck Cond: ((k >= 7650953) AND (k <= 7651053))
	  ->  Bitmap Index Scan on k_3  (cost=0.00..5.43 rows=100 width=0)
	        Index Cond: ((k >= 7650953) AND (k <= 7651053))

table 4 : explain SELECT k, c FROM sbtest4 WHERE k BETWEEN 7650953 AND 7651053
	Bitmap Heap Scan on sbtest4  (cost=5.52..425.39 rows=106 width=125)
	  Recheck Cond: ((k >= 7650953) AND (k <= 7651053))
	  ->  Bitmap Index Scan on k_4  (cost=0.00..5.50 rows=106 width=0)
	        Index Cond: ((k >= 7650953) AND (k <= 7651053))

table 5 : explain SELECT k, c FROM sbtest5 WHERE k BETWEEN 7650953 AND 7651053
	Bitmap Heap Scan on sbtest5  (cost=5.40..377.90 rows=94 width=125)
	  Recheck Cond: ((k >= 7650953) AND (k <= 7651053))
	  ->  Bitmap Index Scan on k_5  (cost=0.00..5.38 rows=94 width=0)
	        Index Cond: ((k >= 7650953) AND (k <= 7651053))

table 6 : explain SELECT k, c FROM sbtest6 WHERE k BETWEEN 7650953 AND 7651053
	Bitmap Heap Scan on sbtest6  (cost=5.48..409.52 rows=102 width=125)
	  Recheck Cond: ((k >= 7650953) AND (k <= 7651053))
	  ->  Bitmap Index Scan on k_6  (cost=0.00..5.45 rows=102 width=0)
	        Index Cond: ((k >= 7650953) AND (k <= 7651053))

table 7 : explain SELECT k, c FROM sbtest7 WHERE k BETWEEN 7650953 AND 7651053
	Bitmap Heap Scan on sbtest7  (cost=5.46..401.77 rows=100 width=125)
	  Recheck Cond: ((k >= 7650953) AND (k <= 7651053))
	  ->  Bitmap Index Scan on k_7  (cost=0.00..5.43 rows=100 width=0)
	        Index Cond: ((k >= 7650953) AND (k <= 7651053))

table 8 : explain SELECT k, c FROM sbtest8 WHERE k BETWEEN 7650953 AND 7651053
	Bitmap Heap Scan on sbtest8  (cost=5.50..417.33 rows=104 width=125)
	  Recheck Cond: ((k >= 7650953) AND (k <= 7651053))
	  ->  Bitmap Index Scan on k_8  (cost=0.00..5.47 rows=104 width=0)
	        Index Cond: ((k >= 7650953) AND (k <= 7651053))

explain: for range-notcovered :: explain SELECT k, c FROM sbtest%d WHERE k BETWEEN 7568207 AND 7568307
explain: for range-notcovered :: explain SELECT k, c FROM sbtest%d WHERE k BETWEEN 5645914 AND 5646014
explain: for range-notcovered :: explain SELECT k, c FROM sbtest%d WHERE k BETWEEN 7650953 AND 7651053
for range-notcovered
table 1 : explain SELECT k, c FROM sbtest1 WHERE k BETWEEN 7407913 AND 7408013
	Bitmap Heap Scan on sbtest1  (cost=5.53..429.21 rows=107 width=125)
	  Recheck Cond: ((k >= 7407913) AND (k <= 7408013))
	  ->  Bitmap Index Scan on k_1  (cost=0.00..5.50 rows=107 width=0)
	        Index Cond: ((k >= 7407913) AND (k <= 7408013))

table 2 : explain SELECT k, c FROM sbtest2 WHERE k BETWEEN 7407913 AND 7408013
	Bitmap Heap Scan on sbtest2  (cost=5.53..429.16 rows=107 width=125)
	  Recheck Cond: ((k >= 7407913) AND (k <= 7408013))
	  ->  Bitmap Index Scan on k_2  (cost=0.00..5.50 rows=107 width=0)
	        Index Cond: ((k >= 7407913) AND (k <= 7408013))

table 3 : explain SELECT k, c FROM sbtest3 WHERE k BETWEEN 7407913 AND 7408013
	Bitmap Heap Scan on sbtest3  (cost=5.46..401.76 rows=100 width=125)
	  Recheck Cond: ((k >= 7407913) AND (k <= 7408013))
	  ->  Bitmap Index Scan on k_3  (cost=0.00..5.43 rows=100 width=0)
	        Index Cond: ((k >= 7407913) AND (k <= 7408013))

table 4 : explain SELECT k, c FROM sbtest4 WHERE k BETWEEN 7407913 AND 7408013
	Bitmap Heap Scan on sbtest4  (cost=5.48..409.61 rows=102 width=125)
	  Recheck Cond: ((k >= 7407913) AND (k <= 7408013))
	  ->  Bitmap Index Scan on k_4  (cost=0.00..5.45 rows=102 width=0)
	        Index Cond: ((k >= 7407913) AND (k <= 7408013))

table 5 : explain SELECT k, c FROM sbtest5 WHERE k BETWEEN 7407913 AND 7408013
	Bitmap Heap Scan on sbtest5  (cost=5.42..385.80 rows=96 width=125)
	  Recheck Cond: ((k >= 7407913) AND (k <= 7408013))
	  ->  Bitmap Index Scan on k_5  (cost=0.00..5.39 rows=96 width=0)
	        Index Cond: ((k >= 7407913) AND (k <= 7408013))

table 6 : explain SELECT k, c FROM sbtest6 WHERE k BETWEEN 7407913 AND 7408013
	Bitmap Heap Scan on sbtest6  (cost=5.52..425.29 rows=106 width=125)
	  Recheck Cond: ((k >= 7407913) AND (k <= 7408013))
	  ->  Bitmap Index Scan on k_6  (cost=0.00..5.50 rows=106 width=0)
	        Index Cond: ((k >= 7407913) AND (k <= 7408013))

table 7 : explain SELECT k, c FROM sbtest7 WHERE k BETWEEN 7407913 AND 7408013
	Bitmap Heap Scan on sbtest7  (cost=5.49..413.61 rows=103 width=125)
	  Recheck Cond: ((k >= 7407913) AND (k <= 7408013))
	  ->  Bitmap Index Scan on k_7  (cost=0.00..5.46 rows=103 width=0)
	        Index Cond: ((k >= 7407913) AND (k <= 7408013))

table 8 : explain SELECT k, c FROM sbtest8 WHERE k BETWEEN 7407913 AND 7408013
	Bitmap Heap Scan on sbtest8  (cost=5.53..429.16 rows=107 width=125)
	  Recheck Cond: ((k >= 7407913) AND (k <= 7408013))
	  ->  Bitmap Index Scan on k_8  (cost=0.00..5.50 rows=107 width=0)
	        Index Cond: ((k >= 7407913) AND (k <= 7408013))

explain: for range-notcovered :: explain SELECT k, c FROM sbtest%d WHERE k BETWEEN 7407913 AND 7408013
for range-notcovered
table 1 : explain SELECT k, c FROM sbtest1 WHERE k BETWEEN 4830844 AND 4830944
	Bitmap Heap Scan on sbtest1  (cost=5.48..409.49 rows=102 width=125)
	  Recheck Cond: ((k >= 4830844) AND (k <= 4830944))
	  ->  Bitmap Index Scan on k_1  (cost=0.00..5.45 rows=102 width=0)
	        Index Cond: ((k >= 4830844) AND (k <= 4830944))

table 2 : explain SELECT k, c FROM sbtest2 WHERE k BETWEEN 4830844 AND 4830944
	Bitmap Heap Scan on sbtest2  (cost=5.46..401.56 rows=100 width=125)
	  Recheck Cond: ((k >= 4830844) AND (k <= 4830944))
	  ->  Bitmap Index Scan on k_2  (cost=0.00..5.43 rows=100 width=0)
	        Index Cond: ((k >= 4830844) AND (k <= 4830944))

table 3 : explain SELECT k, c FROM sbtest3 WHERE k BETWEEN 4830844 AND 4830944
	Bitmap Heap Scan on sbtest3  (cost=5.51..421.49 rows=105 width=125)
	  Recheck Cond: ((k >= 4830844) AND (k <= 4830944))
	  ->  Bitmap Index Scan on k_3  (cost=0.00..5.48 rows=105 width=0)
	        Index Cond: ((k >= 4830844) AND (k <= 4830944))

table 4 : explain SELECT k, c FROM sbtest4 WHERE k BETWEEN 4830844 AND 4830944
	Bitmap Heap Scan on sbtest4  (cost=5.51..421.45 rows=105 width=125)
	  Recheck Cond: ((k >= 4830844) AND (k <= 4830944))
	  ->  Bitmap Index Scan on k_4  (cost=0.00..5.48 rows=105 width=0)
	        Index Cond: ((k >= 4830844) AND (k <= 4830944))

table 5 : explain SELECT k, c FROM sbtest5 WHERE k BETWEEN 4830844 AND 4830944
	Bitmap Heap Scan on sbtest5  (cost=5.43..389.74 rows=97 width=125)
	  Recheck Cond: ((k >= 4830844) AND (k <= 4830944))
	  ->  Bitmap Index Scan on k_5  (cost=0.00..5.40 rows=97 width=0)
	        Index Cond: ((k >= 4830844) AND (k <= 4830944))

table 6 : explain SELECT k, c FROM sbtest6 WHERE k BETWEEN 4830844 AND 4830944
	Bitmap Heap Scan on sbtest6  (cost=5.62..464.70 rows=116 width=125)
	  Recheck Cond: ((k >= 4830844) AND (k <= 4830944))
	  ->  Bitmap Index Scan on k_6  (cost=0.00..5.59 rows=116 width=0)
	        Index Cond: ((k >= 4830844) AND (k <= 4830944))

table 7 : explain SELECT k, c FROM sbtest7 WHERE k BETWEEN 4830844 AND 4830944
	Bitmap Heap Scan on sbtest7  (cost=5.47..405.72 rows=101 width=125)
	  Recheck Cond: ((k >= 4830844) AND (k <= 4830944))
	  ->  Bitmap Index Scan on k_7  (cost=0.00..5.44 rows=101 width=0)
	        Index Cond: ((k >= 4830844) AND (k <= 4830944))

table 8 : explain SELECT k, c FROM sbtest8 WHERE k BETWEEN 4830844 AND 4830944
	Bitmap Heap Scan on sbtest8  (cost=5.46..401.56 rows=100 width=125)
	  Recheck Cond: ((k >= 4830844) AND (k <= 4830944))
	  ->  Bitmap Index Scan on k_8  (cost=0.00..5.43 rows=100 width=0)
	        Index Cond: ((k >= 4830844) AND (k <= 4830944))

for range-notcovered
table 1 : explain SELECT k, c FROM sbtest1 WHERE k BETWEEN 6856335 AND 6856435
	Bitmap Heap Scan on sbtest1  (cost=5.52..425.26 rows=106 width=125)
	  Recheck Cond: ((k >= 6856335) AND (k <= 6856435))
	  ->  Bitmap Index Scan on k_1  (cost=0.00..5.50 rows=106 width=0)
	        Index Cond: ((k >= 6856335) AND (k <= 6856435))

table 2 : explain SELECT k, c FROM sbtest2 WHERE k BETWEEN 6856335 AND 6856435
	Bitmap Heap Scan on sbtest2  (cost=5.45..397.62 rows=99 width=125)
	  Recheck Cond: ((k >= 6856335) AND (k <= 6856435))
	  ->  Bitmap Index Scan on k_2  (cost=0.00..5.42 rows=99 width=0)
	        Index Cond: ((k >= 6856335) AND (k <= 6856435))

table 3 : explain SELECT k, c FROM sbtest3 WHERE k BETWEEN 6856335 AND 6856435
	Bitmap Heap Scan on sbtest3  (cost=5.56..441.21 rows=110 width=125)
	  Recheck Cond: ((k >= 6856335) AND (k <= 6856435))
	  ->  Bitmap Index Scan on k_3  (cost=0.00..5.53 rows=110 width=0)
	        Index Cond: ((k >= 6856335) AND (k <= 6856435))

table 4 : explain SELECT k, c FROM sbtest4 WHERE k BETWEEN 6856335 AND 6856435
	Bitmap Heap Scan on sbtest4  (cost=5.49..413.56 rows=103 width=125)
	  Recheck Cond: ((k >= 6856335) AND (k <= 6856435))
	  ->  Bitmap Index Scan on k_4  (cost=0.00..5.46 rows=103 width=0)
	        Index Cond: ((k >= 6856335) AND (k <= 6856435))

table 5 : explain SELECT k, c FROM sbtest5 WHERE k BETWEEN 6856335 AND 6856435
	Bitmap Heap Scan on sbtest5  (cost=5.55..437.06 rows=109 width=125)
	  Recheck Cond: ((k >= 6856335) AND (k <= 6856435))
	  ->  Bitmap Index Scan on k_5  (cost=0.00..5.52 rows=109 width=0)
	        Index Cond: ((k >= 6856335) AND (k <= 6856435))

table 6 : explain SELECT k, c FROM sbtest6 WHERE k BETWEEN 6856335 AND 6856435
	Bitmap Heap Scan on sbtest6  (cost=5.45..397.68 rows=99 width=125)
	  Recheck Cond: ((k >= 6856335) AND (k <= 6856435))
	  ->  Bitmap Index Scan on k_6  (cost=0.00..5.42 rows=99 width=0)
	        Index Cond: ((k >= 6856335) AND (k <= 6856435))

table 7 : explain SELECT k, c FROM sbtest7 WHERE k BETWEEN 6856335 AND 6856435
	Bitmap Heap Scan on sbtest7  (cost=5.35..358.33 rows=89 width=125)
	  Recheck Cond: ((k >= 6856335) AND (k <= 6856435))
	  ->  Bitmap Index Scan on k_7  (cost=0.00..5.32 rows=89 width=0)
	        Index Cond: ((k >= 6856335) AND (k <= 6856435))

table 8 : explain SELECT k, c FROM sbtest8 WHERE k BETWEEN 6856335 AND 6856435
	Bitmap Heap Scan on sbtest8  (cost=5.45..397.61 rows=99 width=125)
	  Recheck Cond: ((k >= 6856335) AND (k <= 6856435))
	  ->  Bitmap Index Scan on k_8  (cost=0.00..5.42 rows=99 width=0)
	        Index Cond: ((k >= 6856335) AND (k <= 6856435))

explain: for range-notcovered :: explain SELECT k, c FROM sbtest%d WHERE k BETWEEN 4830844 AND 4830944
for range-notcovered
table 1 : explain SELECT k, c FROM sbtest1 WHERE k BETWEEN 6940961 AND 6941061
	Bitmap Heap Scan on sbtest1  (cost=5.61..460.73 rows=115 width=125)
	  Recheck Cond: ((k >= 6940961) AND (k <= 6941061))
	  ->  Bitmap Index Scan on k_1  (cost=0.00..5.58 rows=115 width=0)
	        Index Cond: ((k >= 6940961) AND (k <= 6941061))

table 2 : explain SELECT k, c FROM sbtest2 WHERE k BETWEEN 6940961 AND 6941061
	Bitmap Heap Scan on sbtest2  (cost=5.56..440.99 rows=110 width=125)
	  Recheck Cond: ((k >= 6940961) AND (k <= 6941061))
	  ->  Bitmap Index Scan on k_2  (cost=0.00..5.53 rows=110 width=0)
	        Index Cond: ((k >= 6940961) AND (k <= 6941061))

table 3 : explain SELECT k, c FROM sbtest3 WHERE k BETWEEN 6940961 AND 6941061
	Bitmap Heap Scan on sbtest3  (cost=5.43..389.92 rows=97 width=125)
	  Recheck Cond: ((k >= 6940961) AND (k <= 6941061))
	  ->  Bitmap Index Scan on k_3  (cost=0.00..5.40 rows=97 width=0)
	        Index Cond: ((k >= 6940961) AND (k <= 6941061))

table 4 : explain SELECT k, c FROM sbtest4 WHERE k BETWEEN 6940961 AND 6941061
	Bitmap Heap Scan on sbtest4  (cost=5.46..401.72 rows=100 width=125)
	  Recheck Cond: ((k >= 6940961) AND (k <= 6941061))
	  ->  Bitmap Index Scan on k_4  (cost=0.00..5.43 rows=100 width=0)
	        Index Cond: ((k >= 6940961) AND (k <= 6941061))

table 5 : explain SELECT k, c FROM sbtest5 WHERE k BETWEEN 6940961 AND 6941061
	Bitmap Heap Scan on sbtest5  (cost=5.53..429.18 rows=107 width=125)
	  Recheck Cond: ((k >= 6940961) AND (k <= 6941061))
	  ->  Bitmap Index Scan on k_5  (cost=0.00..5.50 rows=107 width=0)
	        Index Cond: ((k >= 6940961) AND (k <= 6941061))

table 6 : explain SELECT k, c FROM sbtest6 WHERE k BETWEEN 6940961 AND 6941061
	Bitmap Heap Scan on sbtest6  (cost=5.44..393.74 rows=98 width=125)
	  Recheck Cond: ((k >= 6940961) AND (k <= 6941061))
	  ->  Bitmap Index Scan on k_6  (cost=0.00..5.42 rows=98 width=0)
	        Index Cond: ((k >= 6940961) AND (k <= 6941061))

table 7 : explain SELECT k, c FROM sbtest7 WHERE k BETWEEN 6940961 AND 6941061
	Bitmap Heap Scan on sbtest7  (cost=5.67..480.65 rows=120 width=125)
	  Recheck Cond: ((k >= 6940961) AND (k <= 6941061))
	  ->  Bitmap Index Scan on k_7  (cost=0.00..5.63 rows=120 width=0)
	        Index Cond: ((k >= 6940961) AND (k <= 6941061))

table 8 : explain SELECT k, c FROM sbtest8 WHERE k BETWEEN 6940961 AND 6941061
	Bitmap Heap Scan on sbtest8  (cost=5.52..425.22 rows=106 width=125)
	  Recheck Cond: ((k >= 6940961) AND (k <= 6941061))
	  ->  Bitmap Index Scan on k_8  (cost=0.00..5.50 rows=106 width=0)
	        Index Cond: ((k >= 6940961) AND (k <= 6941061))

for range-notcovered
table 1 : explain SELECT k, c FROM sbtest1 WHERE k BETWEEN 8934122 AND 8934222
	Bitmap Heap Scan on sbtest1  (cost=5.44..393.71 rows=98 width=125)
	  Recheck Cond: ((k >= 8934122) AND (k <= 8934222))
	  ->  Bitmap Index Scan on k_1  (cost=0.00..5.42 rows=98 width=0)
	        Index Cond: ((k >= 8934122) AND (k <= 8934222))

table 2 : explain SELECT k, c FROM sbtest2 WHERE k BETWEEN 8934122 AND 8934222
	Bitmap Heap Scan on sbtest2  (cost=5.52..425.22 rows=106 width=125)
	  Recheck Cond: ((k >= 8934122) AND (k <= 8934222))
	  ->  Bitmap Index Scan on k_2  (cost=0.00..5.50 rows=106 width=0)
	        Index Cond: ((k >= 8934122) AND (k <= 8934222))

table 3 : explain SELECT k, c FROM sbtest3 WHERE k BETWEEN 8934122 AND 8934222
	Bitmap Heap Scan on sbtest3  (cost=5.55..437.27 rows=109 width=125)
	  Recheck Cond: ((k >= 8934122) AND (k <= 8934222))
	  ->  Bitmap Index Scan on k_3  (cost=0.00..5.52 rows=109 width=0)
	        Index Cond: ((k >= 8934122) AND (k <= 8934222))

table 4 : explain SELECT k, c FROM sbtest4 WHERE k BETWEEN 8934122 AND 8934222
	Bitmap Heap Scan on sbtest4  (cost=5.57..445.11 rows=111 width=125)
	  Recheck Cond: ((k >= 8934122) AND (k <= 8934222))
	  ->  Bitmap Index Scan on k_4  (cost=0.00..5.54 rows=111 width=0)
	        Index Cond: ((k >= 8934122) AND (k <= 8934222))

table 5 : explain SELECT k, c FROM sbtest5 WHERE k BETWEEN 8934122 AND 8934222
	Bitmap Heap Scan on sbtest5  (cost=5.50..417.35 rows=104 width=125)
	  Recheck Cond: ((k >= 8934122) AND (k <= 8934222))
	  ->  Bitmap Index Scan on k_5  (cost=0.00..5.47 rows=104 width=0)
	        Index Cond: ((k >= 8934122) AND (k <= 8934222))

table 6 : explain SELECT k, c FROM sbtest6 WHERE k BETWEEN 8934122 AND 8934222
	Bitmap Heap Scan on sbtest6  (cost=5.49..413.46 rows=103 width=125)
	  Recheck Cond: ((k >= 8934122) AND (k <= 8934222))
	  ->  Bitmap Index Scan on k_6  (cost=0.00..5.46 rows=103 width=0)
	        Index Cond: ((k >= 8934122) AND (k <= 8934222))

table 7 : explain SELECT k, c FROM sbtest7 WHERE k BETWEEN 8934122 AND 8934222
	Bitmap Heap Scan on sbtest7  (cost=5.43..389.93 rows=97 width=125)
	  Recheck Cond: ((k >= 8934122) AND (k <= 8934222))
	  ->  Bitmap Index Scan on k_7  (cost=0.00..5.40 rows=97 width=0)
	        Index Cond: ((k >= 8934122) AND (k <= 8934222))

table 8 : explain SELECT k, c FROM sbtest8 WHERE k BETWEEN 8934122 AND 8934222
	Bitmap Heap Scan on sbtest8  (cost=5.49..413.39 rows=103 width=125)
	  Recheck Cond: ((k >= 8934122) AND (k <= 8934222))
	  ->  Bitmap Index Scan on k_8  (cost=0.00..5.46 rows=103 width=0)
	        Index Cond: ((k >= 8934122) AND (k <= 8934222))

explain: for range-notcovered :: explain SELECT k, c FROM sbtest%d WHERE k BETWEEN 6856335 AND 6856435
explain: for range-notcovered :: explain SELECT k, c FROM sbtest%d WHERE k BETWEEN 6940961 AND 6941061
for range-notcovered
table 1 : explain SELECT k, c FROM sbtest1 WHERE k BETWEEN 6945512 AND 6945612
	Bitmap Heap Scan on sbtest1  (cost=5.61..460.73 rows=115 width=125)
	  Recheck Cond: ((k >= 6945512) AND (k <= 6945612))
	  ->  Bitmap Index Scan on k_1  (cost=0.00..5.58 rows=115 width=0)
	        Index Cond: ((k >= 6945512) AND (k <= 6945612))

table 2 : explain SELECT k, c FROM sbtest2 WHERE k BETWEEN 6945512 AND 6945612
	Bitmap Heap Scan on sbtest2  (cost=5.56..440.99 rows=110 width=125)
	  Recheck Cond: ((k >= 6945512) AND (k <= 6945612))
	  ->  Bitmap Index Scan on k_2  (cost=0.00..5.53 rows=110 width=0)
	        Index Cond: ((k >= 6945512) AND (k <= 6945612))

table 3 : explain SELECT k, c FROM sbtest3 WHERE k BETWEEN 6945512 AND 6945612
	Bitmap Heap Scan on sbtest3  (cost=5.43..389.92 rows=97 width=125)
	  Recheck Cond: ((k >= 6945512) AND (k <= 6945612))
	  ->  Bitmap Index Scan on k_3  (cost=0.00..5.40 rows=97 width=0)
	        Index Cond: ((k >= 6945512) AND (k <= 6945612))

table 4 : explain SELECT k, c FROM sbtest4 WHERE k BETWEEN 6945512 AND 6945612
	Bitmap Heap Scan on sbtest4  (cost=5.46..401.72 rows=100 width=125)
	  Recheck Cond: ((k >= 6945512) AND (k <= 6945612))
	  ->  Bitmap Index Scan on k_4  (cost=0.00..5.43 rows=100 width=0)
	        Index Cond: ((k >= 6945512) AND (k <= 6945612))

table 5 : explain SELECT k, c FROM sbtest5 WHERE k BETWEEN 6945512 AND 6945612
	Bitmap Heap Scan on sbtest5  (cost=5.53..429.18 rows=107 width=125)
	  Recheck Cond: ((k >= 6945512) AND (k <= 6945612))
	  ->  Bitmap Index Scan on k_5  (cost=0.00..5.50 rows=107 width=0)
	        Index Cond: ((k >= 6945512) AND (k <= 6945612))

table 6 : explain SELECT k, c FROM sbtest6 WHERE k BETWEEN 6945512 AND 6945612
	Bitmap Heap Scan on sbtest6  (cost=5.44..393.74 rows=98 width=125)
	  Recheck Cond: ((k >= 6945512) AND (k <= 6945612))
	  ->  Bitmap Index Scan on k_6  (cost=0.00..5.42 rows=98 width=0)
	        Index Cond: ((k >= 6945512) AND (k <= 6945612))

table 7 : explain SELECT k, c FROM sbtest7 WHERE k BETWEEN 6945512 AND 6945612
	Bitmap Heap Scan on sbtest7  (cost=5.67..480.65 rows=120 width=125)
	  Recheck Cond: ((k >= 6945512) AND (k <= 6945612))
	  ->  Bitmap Index Scan on k_7  (cost=0.00..5.63 rows=120 width=0)
	        Index Cond: ((k >= 6945512) AND (k <= 6945612))

table 8 : explain SELECT k, c FROM sbtest8 WHERE k BETWEEN 6945512 AND 6945612
	Bitmap Heap Scan on sbtest8  (cost=5.52..425.22 rows=106 width=125)
	  Recheck Cond: ((k >= 6945512) AND (k <= 6945612))
	  ->  Bitmap Index Scan on k_8  (cost=0.00..5.50 rows=106 width=0)
	        Index Cond: ((k >= 6945512) AND (k <= 6945612))

explain: for range-notcovered :: explain SELECT k, c FROM sbtest%d WHERE k BETWEEN 6945512 AND 6945612
for range-notcovered
table 1 : explain SELECT k, c FROM sbtest1 WHERE k BETWEEN 4557500 AND 4557600
	Bitmap Heap Scan on sbtest1  (cost=5.38..370.03 rows=92 width=125)
	  Recheck Cond: ((k >= 4557500) AND (k <= 4557600))
	  ->  Bitmap Index Scan on k_1  (cost=0.00..5.35 rows=92 width=0)
	        Index Cond: ((k >= 4557500) AND (k <= 4557600))

table 2 : explain SELECT k, c FROM sbtest2 WHERE k BETWEEN 4557500 AND 4557600
	Bitmap Heap Scan on sbtest2  (cost=5.55..437.05 rows=109 width=125)
	  Recheck Cond: ((k >= 4557500) AND (k <= 4557600))
	  ->  Bitmap Index Scan on k_2  (cost=0.00..5.52 rows=109 width=0)
	        Index Cond: ((k >= 4557500) AND (k <= 4557600))

table 3 : explain SELECT k, c FROM sbtest3 WHERE k BETWEEN 4557500 AND 4557600
	Bitmap Heap Scan on sbtest3  (cost=5.50..417.54 rows=104 width=125)
	  Recheck Cond: ((k >= 4557500) AND (k <= 4557600))
	  ->  Bitmap Index Scan on k_3  (cost=0.00..5.47 rows=104 width=0)
	        Index Cond: ((k >= 4557500) AND (k <= 4557600))

table 4 : explain SELECT k, c FROM sbtest4 WHERE k BETWEEN 4557500 AND 4557600
	Bitmap Heap Scan on sbtest4  (cost=5.53..429.34 rows=107 width=125)
	  Recheck Cond: ((k >= 4557500) AND (k <= 4557600))
	  ->  Bitmap Index Scan on k_4  (cost=0.00..5.50 rows=107 width=0)
	        Index Cond: ((k >= 4557500) AND (k <= 4557600))

table 5 : explain SELECT k, c FROM sbtest5 WHERE k BETWEEN 4557500 AND 4557600
	Bitmap Heap Scan on sbtest5  (cost=5.51..421.30 rows=105 width=125)
	  Recheck Cond: ((k >= 4557500) AND (k <= 4557600))
	  ->  Bitmap Index Scan on k_5  (cost=0.00..5.48 rows=105 width=0)
	        Index Cond: ((k >= 4557500) AND (k <= 4557600))

table 6 : explain SELECT k, c FROM sbtest6 WHERE k BETWEEN 4557500 AND 4557600
	Bitmap Heap Scan on sbtest6  (cost=5.42..385.84 rows=96 width=125)
	  Recheck Cond: ((k >= 4557500) AND (k <= 4557600))
	  ->  Bitmap Index Scan on k_6  (cost=0.00..5.39 rows=96 width=0)
	        Index Cond: ((k >= 4557500) AND (k <= 4557600))

table 7 : explain SELECT k, c FROM sbtest7 WHERE k BETWEEN 4557500 AND 4557600
	Bitmap Heap Scan on sbtest7  (cost=5.43..389.93 rows=97 width=125)
	  Recheck Cond: ((k >= 4557500) AND (k <= 4557600))
	  ->  Bitmap Index Scan on k_7  (cost=0.00..5.40 rows=97 width=0)
	        Index Cond: ((k >= 4557500) AND (k <= 4557600))

table 8 : explain SELECT k, c FROM sbtest8 WHERE k BETWEEN 4557500 AND 4557600
	Bitmap Heap Scan on sbtest8  (cost=5.48..409.45 rows=102 width=125)
	  Recheck Cond: ((k >= 4557500) AND (k <= 4557600))
	  ->  Bitmap Index Scan on k_8  (cost=0.00..5.45 rows=102 width=0)
	        Index Cond: ((k >= 4557500) AND (k <= 4557600))

explain: for range-notcovered :: explain SELECT k, c FROM sbtest%d WHERE k BETWEEN 8934122 AND 8934222
explain: for range-notcovered :: explain SELECT k, c FROM sbtest%d WHERE k BETWEEN 6900185 AND 6900285
explain: for range-notcovered :: explain SELECT k, c FROM sbtest%d WHERE k BETWEEN 4557500 AND 4557600
for range-notcovered
table 1 : explain SELECT k, c FROM sbtest1 WHERE k BETWEEN 2440212 AND 2440312
	Bitmap Heap Scan on sbtest1  (cost=5.41..381.87 rows=95 width=125)
	  Recheck Cond: ((k >= 2440212) AND (k <= 2440312))
	  ->  Bitmap Index Scan on k_1  (cost=0.00..5.38 rows=95 width=0)
	        Index Cond: ((k >= 2440212) AND (k <= 2440312))

table 2 : explain SELECT k, c FROM sbtest2 WHERE k BETWEEN 2440212 AND 2440312
	Bitmap Heap Scan on sbtest2  (cost=5.48..409.45 rows=102 width=125)
	  Recheck Cond: ((k >= 2440212) AND (k <= 2440312))
	  ->  Bitmap Index Scan on k_2  (cost=0.00..5.45 rows=102 width=0)
	        Index Cond: ((k >= 2440212) AND (k <= 2440312))

table 3 : explain SELECT k, c FROM sbtest3 WHERE k BETWEEN 2440212 AND 2440312
	Bitmap Heap Scan on sbtest3  (cost=5.50..417.54 rows=104 width=125)
	  Recheck Cond: ((k >= 2440212) AND (k <= 2440312))
	  ->  Bitmap Index Scan on k_3  (cost=0.00..5.47 rows=104 width=0)
	        Index Cond: ((k >= 2440212) AND (k <= 2440312))

table 4 : explain SELECT k, c FROM sbtest4 WHERE k BETWEEN 2440212 AND 2440312
	Bitmap Heap Scan on sbtest4  (cost=5.57..445.11 rows=111 width=125)
	  Recheck Cond: ((k >= 2440212) AND (k <= 2440312))
	  ->  Bitmap Index Scan on k_4  (cost=0.00..5.54 rows=111 width=0)
	        Index Cond: ((k >= 2440212) AND (k <= 2440312))

table 5 : explain SELECT k, c FROM sbtest5 WHERE k BETWEEN 2440212 AND 2440312
	Bitmap Heap Scan on sbtest5  (cost=5.43..389.74 rows=97 width=125)
	  Recheck Cond: ((k >= 2440212) AND (k <= 2440312))
	  ->  Bitmap Index Scan on k_5  (cost=0.00..5.40 rows=97 width=0)
	        Index Cond: ((k >= 2440212) AND (k <= 2440312))

table 6 : explain SELECT k, c FROM sbtest6 WHERE k BETWEEN 2440212 AND 2440312
	Bitmap Heap Scan on sbtest6  (cost=5.46..401.63 rows=100 width=125)
	  Recheck Cond: ((k >= 2440212) AND (k <= 2440312))
	  ->  Bitmap Index Scan on k_6  (cost=0.00..5.43 rows=100 width=0)
	        Index Cond: ((k >= 2440212) AND (k <= 2440312))

table 7 : explain SELECT k, c FROM sbtest7 WHERE k BETWEEN 2440212 AND 2440312
	Bitmap Heap Scan on sbtest7  (cost=5.46..401.77 rows=100 width=125)
	  Recheck Cond: ((k >= 2440212) AND (k <= 2440312))
	  ->  Bitmap Index Scan on k_7  (cost=0.00..5.43 rows=100 width=0)
	        Index Cond: ((k >= 2440212) AND (k <= 2440312))

table 8 : explain SELECT k, c FROM sbtest8 WHERE k BETWEEN 2440212 AND 2440312
	Bitmap Heap Scan on sbtest8  (cost=5.40..377.89 rows=94 width=125)
	  Recheck Cond: ((k >= 2440212) AND (k <= 2440312))
	  ->  Bitmap Index Scan on k_8  (cost=0.00..5.38 rows=94 width=0)
	        Index Cond: ((k >= 2440212) AND (k <= 2440312))

explain: for range-notcovered :: explain SELECT k, c FROM sbtest%d WHERE k BETWEEN 6518508 AND 6518608
for range-notcovered
table 1 : explain SELECT k, c FROM sbtest1 WHERE k BETWEEN 8149386 AND 8149486
	Bitmap Heap Scan on sbtest1  (cost=5.56..441.03 rows=110 width=125)
	  Recheck Cond: ((k >= 8149386) AND (k <= 8149486))
	  ->  Bitmap Index Scan on k_1  (cost=0.00..5.53 rows=110 width=0)
	        Index Cond: ((k >= 8149386) AND (k <= 8149486))

table 2 : explain SELECT k, c FROM sbtest2 WHERE k BETWEEN 8149386 AND 8149486
	Bitmap Heap Scan on sbtest2  (cost=5.53..429.16 rows=107 width=125)
	  Recheck Cond: ((k >= 8149386) AND (k <= 8149486))
	  ->  Bitmap Index Scan on k_2  (cost=0.00..5.50 rows=107 width=0)
	        Index Cond: ((k >= 8149386) AND (k <= 8149486))

table 3 : explain SELECT k, c FROM sbtest3 WHERE k BETWEEN 8149386 AND 8149486
	Bitmap Heap Scan on sbtest3  (cost=5.48..409.65 rows=102 width=125)
	  Recheck Cond: ((k >= 8149386) AND (k <= 8149486))
	  ->  Bitmap Index Scan on k_3  (cost=0.00..5.45 rows=102 width=0)
	        Index Cond: ((k >= 8149386) AND (k <= 8149486))

table 4 : explain SELECT k, c FROM sbtest4 WHERE k BETWEEN 8149386 AND 8149486
	Bitmap Heap Scan on sbtest4  (cost=5.46..401.72 rows=100 width=125)
	  Recheck Cond: ((k >= 8149386) AND (k <= 8149486))
	  ->  Bitmap Index Scan on k_4  (cost=0.00..5.43 rows=100 width=0)
	        Index Cond: ((k >= 8149386) AND (k <= 8149486))

table 5 : explain SELECT k, c FROM sbtest5 WHERE k BETWEEN 8149386 AND 8149486
	Bitmap Heap Scan on sbtest5  (cost=5.45..397.63 rows=99 width=125)
	  Recheck Cond: ((k >= 8149386) AND (k <= 8149486))
	  ->  Bitmap Index Scan on k_5  (cost=0.00..5.42 rows=99 width=0)
	        Index Cond: ((k >= 8149386) AND (k <= 8149486))

table 6 : explain SELECT k, c FROM sbtest6 WHERE k BETWEEN 8149386 AND 8149486
	Bitmap Heap Scan on sbtest6  (cost=5.50..417.41 rows=104 width=125)
	  Recheck Cond: ((k >= 8149386) AND (k <= 8149486))
	  ->  Bitmap Index Scan on k_6  (cost=0.00..5.47 rows=104 width=0)
	        Index Cond: ((k >= 8149386) AND (k <= 8149486))

table 7 : explain SELECT k, c FROM sbtest7 WHERE k BETWEEN 8149386 AND 8149486
	Bitmap Heap Scan on sbtest7  (cost=5.50..417.56 rows=104 width=125)
	  Recheck Cond: ((k >= 8149386) AND (k <= 8149486))
	  ->  Bitmap Index Scan on k_7  (cost=0.00..5.47 rows=104 width=0)
	        Index Cond: ((k >= 8149386) AND (k <= 8149486))

table 8 : explain SELECT k, c FROM sbtest8 WHERE k BETWEEN 8149386 AND 8149486
	Bitmap Heap Scan on sbtest8  (cost=5.40..377.89 rows=94 width=125)
	  Recheck Cond: ((k >= 8149386) AND (k <= 8149486))
	  ->  Bitmap Index Scan on k_8  (cost=0.00..5.38 rows=94 width=0)
	        Index Cond: ((k >= 8149386) AND (k <= 8149486))

for range-notcovered
table 1 : explain SELECT k, c FROM sbtest1 WHERE k BETWEEN 7407913 AND 7408013
	Bitmap Heap Scan on sbtest1  (cost=5.53..429.21 rows=107 width=125)
	  Recheck Cond: ((k >= 7407913) AND (k <= 7408013))
	  ->  Bitmap Index Scan on k_1  (cost=0.00..5.50 rows=107 width=0)
	        Index Cond: ((k >= 7407913) AND (k <= 7408013))

table 2 : explain SELECT k, c FROM sbtest2 WHERE k BETWEEN 7407913 AND 7408013
	Bitmap Heap Scan on sbtest2  (cost=5.53..429.16 rows=107 width=125)
	  Recheck Cond: ((k >= 7407913) AND (k <= 7408013))
	  ->  Bitmap Index Scan on k_2  (cost=0.00..5.50 rows=107 width=0)
	        Index Cond: ((k >= 7407913) AND (k <= 7408013))

table 3 : explain SELECT k, c FROM sbtest3 WHERE k BETWEEN 7407913 AND 7408013
	Bitmap Heap Scan on sbtest3  (cost=5.46..401.76 rows=100 width=125)
	  Recheck Cond: ((k >= 7407913) AND (k <= 7408013))
	  ->  Bitmap Index Scan on k_3  (cost=0.00..5.43 rows=100 width=0)
	        Index Cond: ((k >= 7407913) AND (k <= 7408013))

table 4 : explain SELECT k, c FROM sbtest4 WHERE k BETWEEN 7407913 AND 7408013
	Bitmap Heap Scan on sbtest4  (cost=5.48..409.61 rows=102 width=125)
	  Recheck Cond: ((k >= 7407913) AND (k <= 7408013))
	  ->  Bitmap Index Scan on k_4  (cost=0.00..5.45 rows=102 width=0)
	        Index Cond: ((k >= 7407913) AND (k <= 7408013))

table 5 : explain SELECT k, c FROM sbtest5 WHERE k BETWEEN 7407913 AND 7408013
	Bitmap Heap Scan on sbtest5  (cost=5.42..385.80 rows=96 width=125)
	  Recheck Cond: ((k >= 7407913) AND (k <= 7408013))
	  ->  Bitmap Index Scan on k_5  (cost=0.00..5.39 rows=96 width=0)
	        Index Cond: ((k >= 7407913) AND (k <= 7408013))

table 6 : explain SELECT k, c FROM sbtest6 WHERE k BETWEEN 7407913 AND 7408013
	Bitmap Heap Scan on sbtest6  (cost=5.52..425.29 rows=106 width=125)
	  Recheck Cond: ((k >= 7407913) AND (k <= 7408013))
	  ->  Bitmap Index Scan on k_6  (cost=0.00..5.50 rows=106 width=0)
	        Index Cond: ((k >= 7407913) AND (k <= 7408013))

table 7 : explain SELECT k, c FROM sbtest7 WHERE k BETWEEN 7407913 AND 7408013
	Bitmap Heap Scan on sbtest7  (cost=5.49..413.61 rows=103 width=125)
	  Recheck Cond: ((k >= 7407913) AND (k <= 7408013))
	  ->  Bitmap Index Scan on k_7  (cost=0.00..5.46 rows=103 width=0)
	        Index Cond: ((k >= 7407913) AND (k <= 7408013))

table 8 : explain SELECT k, c FROM sbtest8 WHERE k BETWEEN 7407913 AND 7408013
	Bitmap Heap Scan on sbtest8  (cost=5.53..429.16 rows=107 width=125)
	  Recheck Cond: ((k >= 7407913) AND (k <= 7408013))
	  ->  Bitmap Index Scan on k_8  (cost=0.00..5.50 rows=107 width=0)
	        Index Cond: ((k >= 7407913) AND (k <= 7408013))

for range-notcovered
table 1 : explain SELECT k, c FROM sbtest1 WHERE k BETWEEN 7650953 AND 7651053
	Bitmap Heap Scan on sbtest1  (cost=5.42..385.82 rows=96 width=125)
	  Recheck Cond: ((k >= 7650953) AND (k <= 7651053))
	  ->  Bitmap Index Scan on k_1  (cost=0.00..5.39 rows=96 width=0)
	        Index Cond: ((k >= 7650953) AND (k <= 7651053))

table 2 : explain SELECT k, c FROM sbtest2 WHERE k BETWEEN 7650953 AND 7651053
	Bitmap Heap Scan on sbtest2  (cost=5.45..397.62 rows=99 width=125)
	  Recheck Cond: ((k >= 7650953) AND (k <= 7651053))
	  ->  Bitmap Index Scan on k_2  (cost=0.00..5.42 rows=99 width=0)
	        Index Cond: ((k >= 7650953) AND (k <= 7651053))

table 3 : explain SELECT k, c FROM sbtest3 WHERE k BETWEEN 7650953 AND 7651053
	Bitmap Heap Scan on sbtest3  (cost=5.46..401.76 rows=100 width=125)
	  Recheck Cond: ((k >= 7650953) AND (k <= 7651053))
	  ->  Bitmap Index Scan on k_3  (cost=0.00..5.43 rows=100 width=0)
	        Index Cond: ((k >= 7650953) AND (k <= 7651053))

table 4 : explain SELECT k, c FROM sbtest4 WHERE k BETWEEN 7650953 AND 7651053
	Bitmap Heap Scan on sbtest4  (cost=5.52..425.39 rows=106 width=125)
	  Recheck Cond: ((k >= 7650953) AND (k <= 7651053))
	  ->  Bitmap Index Scan on k_4  (cost=0.00..5.50 rows=106 width=0)
	        Index Cond: ((k >= 7650953) AND (k <= 7651053))

table 5 : explain SELECT k, c FROM sbtest5 WHERE k BETWEEN 7650953 AND 7651053
	Bitmap Heap Scan on sbtest5  (cost=5.40..377.90 rows=94 width=125)
	  Recheck Cond: ((k >= 7650953) AND (k <= 7651053))
	  ->  Bitmap Index Scan on k_5  (cost=0.00..5.38 rows=94 width=0)
	        Index Cond: ((k >= 7650953) AND (k <= 7651053))

table 6 : explain SELECT k, c FROM sbtest6 WHERE k BETWEEN 7650953 AND 7651053
	Bitmap Heap Scan on sbtest6  (cost=5.48..409.52 rows=102 width=125)
	  Recheck Cond: ((k >= 7650953) AND (k <= 7651053))
	  ->  Bitmap Index Scan on k_6  (cost=0.00..5.45 rows=102 width=0)
	        Index Cond: ((k >= 7650953) AND (k <= 7651053))

table 7 : explain SELECT k, c FROM sbtest7 WHERE k BETWEEN 7650953 AND 7651053
	Bitmap Heap Scan on sbtest7  (cost=5.46..401.77 rows=100 width=125)
	  Recheck Cond: ((k >= 7650953) AND (k <= 7651053))
	  ->  Bitmap Index Scan on k_7  (cost=0.00..5.43 rows=100 width=0)
	        Index Cond: ((k >= 7650953) AND (k <= 7651053))

table 8 : explain SELECT k, c FROM sbtest8 WHERE k BETWEEN 7650953 AND 7651053
	Bitmap Heap Scan on sbtest8  (cost=5.50..417.33 rows=104 width=125)
	  Recheck Cond: ((k >= 7650953) AND (k <= 7651053))
	  ->  Bitmap Index Scan on k_8  (cost=0.00..5.47 rows=104 width=0)
	        Index Cond: ((k >= 7650953) AND (k <= 7651053))

explain: for range-notcovered :: explain SELECT k, c FROM sbtest%d WHERE k BETWEEN 7407913 AND 7408013
explain: for range-notcovered :: explain SELECT k, c FROM sbtest%d WHERE k BETWEEN 7650953 AND 7651053
explain: for range-notcovered :: explain SELECT k, c FROM sbtest%d WHERE k BETWEEN 8149386 AND 8149486
for range-notcovered
table 1 : explain SELECT k, c FROM sbtest1 WHERE k BETWEEN 8934122 AND 8934222
	Bitmap Heap Scan on sbtest1  (cost=5.44..393.71 rows=98 width=125)
	  Recheck Cond: ((k >= 8934122) AND (k <= 8934222))
	  ->  Bitmap Index Scan on k_1  (cost=0.00..5.42 rows=98 width=0)
	        Index Cond: ((k >= 8934122) AND (k <= 8934222))

table 2 : explain SELECT k, c FROM sbtest2 WHERE k BETWEEN 8934122 AND 8934222
	Bitmap Heap Scan on sbtest2  (cost=5.52..425.22 rows=106 width=125)
	  Recheck Cond: ((k >= 8934122) AND (k <= 8934222))
	  ->  Bitmap Index Scan on k_2  (cost=0.00..5.50 rows=106 width=0)
	        Index Cond: ((k >= 8934122) AND (k <= 8934222))

table 3 : explain SELECT k, c FROM sbtest3 WHERE k BETWEEN 8934122 AND 8934222
	Bitmap Heap Scan on sbtest3  (cost=5.55..437.27 rows=109 width=125)
	  Recheck Cond: ((k >= 8934122) AND (k <= 8934222))
	  ->  Bitmap Index Scan on k_3  (cost=0.00..5.52 rows=109 width=0)
	        Index Cond: ((k >= 8934122) AND (k <= 8934222))

table 4 : explain SELECT k, c FROM sbtest4 WHERE k BETWEEN 8934122 AND 8934222
	Bitmap Heap Scan on sbtest4  (cost=5.57..445.11 rows=111 width=125)
	  Recheck Cond: ((k >= 8934122) AND (k <= 8934222))
	  ->  Bitmap Index Scan on k_4  (cost=0.00..5.54 rows=111 width=0)
	        Index Cond: ((k >= 8934122) AND (k <= 8934222))

table 5 : explain SELECT k, c FROM sbtest5 WHERE k BETWEEN 8934122 AND 8934222
	Bitmap Heap Scan on sbtest5  (cost=5.50..417.35 rows=104 width=125)
	  Recheck Cond: ((k >= 8934122) AND (k <= 8934222))
	  ->  Bitmap Index Scan on k_5  (cost=0.00..5.47 rows=104 width=0)
	        Index Cond: ((k >= 8934122) AND (k <= 8934222))

table 6 : explain SELECT k, c FROM sbtest6 WHERE k BETWEEN 8934122 AND 8934222
	Bitmap Heap Scan on sbtest6  (cost=5.49..413.46 rows=103 width=125)
	  Recheck Cond: ((k >= 8934122) AND (k <= 8934222))
	  ->  Bitmap Index Scan on k_6  (cost=0.00..5.46 rows=103 width=0)
	        Index Cond: ((k >= 8934122) AND (k <= 8934222))

table 7 : explain SELECT k, c FROM sbtest7 WHERE k BETWEEN 8934122 AND 8934222
	Bitmap Heap Scan on sbtest7  (cost=5.43..389.93 rows=97 width=125)
	  Recheck Cond: ((k >= 8934122) AND (k <= 8934222))
	  ->  Bitmap Index Scan on k_7  (cost=0.00..5.40 rows=97 width=0)
	        Index Cond: ((k >= 8934122) AND (k <= 8934222))

table 8 : explain SELECT k, c FROM sbtest8 WHERE k BETWEEN 8934122 AND 8934222
	Bitmap Heap Scan on sbtest8  (cost=5.49..413.39 rows=103 width=125)
	  Recheck Cond: ((k >= 8934122) AND (k <= 8934222))
	  ->  Bitmap Index Scan on k_8  (cost=0.00..5.46 rows=103 width=0)
	        Index Cond: ((k >= 8934122) AND (k <= 8934222))

for range-notcovered
table 1 : explain SELECT k, c FROM sbtest1 WHERE k BETWEEN 6198458 AND 6198558
	Bitmap Heap Scan on sbtest1  (cost=5.34..354.23 rows=88 width=125)
	  Recheck Cond: ((k >= 6198458) AND (k <= 6198558))
	  ->  Bitmap Index Scan on k_1  (cost=0.00..5.31 rows=88 width=0)
	        Index Cond: ((k >= 6198458) AND (k <= 6198558))

table 2 : explain SELECT k, c FROM sbtest2 WHERE k BETWEEN 6198458 AND 6198558
	Bitmap Heap Scan on sbtest2  (cost=5.44..393.67 rows=98 width=125)
	  Recheck Cond: ((k >= 6198458) AND (k <= 6198558))
	  ->  Bitmap Index Scan on k_2  (cost=0.00..5.42 rows=98 width=0)
	        Index Cond: ((k >= 6198458) AND (k <= 6198558))

table 3 : explain SELECT k, c FROM sbtest3 WHERE k BETWEEN 6198458 AND 6198558
	Bitmap Heap Scan on sbtest3  (cost=5.48..409.65 rows=102 width=125)
	  Recheck Cond: ((k >= 6198458) AND (k <= 6198558))
	  ->  Bitmap Index Scan on k_3  (cost=0.00..5.45 rows=102 width=0)
	        Index Cond: ((k >= 6198458) AND (k <= 6198558))

table 4 : explain SELECT k, c FROM sbtest4 WHERE k BETWEEN 6198458 AND 6198558
	Bitmap Heap Scan on sbtest4  (cost=5.46..401.72 rows=100 width=125)
	  Recheck Cond: ((k >= 6198458) AND (k <= 6198558))
	  ->  Bitmap Index Scan on k_4  (cost=0.00..5.43 rows=100 width=0)
	        Index Cond: ((k >= 6198458) AND (k <= 6198558))

table 5 : explain SELECT k, c FROM sbtest5 WHERE k BETWEEN 6198458 AND 6198558
	Bitmap Heap Scan on sbtest5  (cost=5.55..437.06 rows=109 width=125)
	  Recheck Cond: ((k >= 6198458) AND (k <= 6198558))
	  ->  Bitmap Index Scan on k_5  (cost=0.00..5.52 rows=109 width=0)
	        Index Cond: ((k >= 6198458) AND (k <= 6198558))

table 6 : explain SELECT k, c FROM sbtest6 WHERE k BETWEEN 6198458 AND 6198558
	Bitmap Heap Scan on sbtest6  (cost=5.48..409.52 rows=102 width=125)
	  Recheck Cond: ((k >= 6198458) AND (k <= 6198558))
	  ->  Bitmap Index Scan on k_6  (cost=0.00..5.45 rows=102 width=0)
	        Index Cond: ((k >= 6198458) AND (k <= 6198558))

table 7 : explain SELECT k, c FROM sbtest7 WHERE k BETWEEN 6198458 AND 6198558
	Bitmap Heap Scan on sbtest7  (cost=5.42..385.98 rows=96 width=125)
	  Recheck Cond: ((k >= 6198458) AND (k <= 6198558))
	  ->  Bitmap Index Scan on k_7  (cost=0.00..5.39 rows=96 width=0)
	        Index Cond: ((k >= 6198458) AND (k <= 6198558))

table 8 : explain SELECT k, c FROM sbtest8 WHERE k BETWEEN 6198458 AND 6198558
	Bitmap Heap Scan on sbtest8  (cost=5.56..440.98 rows=110 width=125)
	  Recheck Cond: ((k >= 6198458) AND (k <= 6198558))
	  ->  Bitmap Index Scan on k_8  (cost=0.00..5.53 rows=110 width=0)
	        Index Cond: ((k >= 6198458) AND (k <= 6198558))

explain: for range-notcovered :: explain SELECT k, c FROM sbtest%d WHERE k BETWEEN 8934122 AND 8934222
explain: for range-notcovered :: explain SELECT k, c FROM sbtest%d WHERE k BETWEEN 6198458 AND 6198558
for range-notcovered
table 1 : explain SELECT k, c FROM sbtest1 WHERE k BETWEEN 6856335 AND 6856435
	Bitmap Heap Scan on sbtest1  (cost=5.52..425.26 rows=106 width=125)
	  Recheck Cond: ((k >= 6856335) AND (k <= 6856435))
	  ->  Bitmap Index Scan on k_1  (cost=0.00..5.50 rows=106 width=0)
	        Index Cond: ((k >= 6856335) AND (k <= 6856435))

table 2 : explain SELECT k, c FROM sbtest2 WHERE k BETWEEN 6856335 AND 6856435
	Bitmap Heap Scan on sbtest2  (cost=5.45..397.62 rows=99 width=125)
	  Recheck Cond: ((k >= 6856335) AND (k <= 6856435))
	  ->  Bitmap Index Scan on k_2  (cost=0.00..5.42 rows=99 width=0)
	        Index Cond: ((k >= 6856335) AND (k <= 6856435))

table 3 : explain SELECT k, c FROM sbtest3 WHERE k BETWEEN 6856335 AND 6856435
	Bitmap Heap Scan on sbtest3  (cost=5.56..441.21 rows=110 width=125)
	  Recheck Cond: ((k >= 6856335) AND (k <= 6856435))
	  ->  Bitmap Index Scan on k_3  (cost=0.00..5.53 rows=110 width=0)
	        Index Cond: ((k >= 6856335) AND (k <= 6856435))

table 4 : explain SELECT k, c FROM sbtest4 WHERE k BETWEEN 6856335 AND 6856435
	Bitmap Heap Scan on sbtest4  (cost=5.49..413.56 rows=103 width=125)
	  Recheck Cond: ((k >= 6856335) AND (k <= 6856435))
	  ->  Bitmap Index Scan on k_4  (cost=0.00..5.46 rows=103 width=0)
	        Index Cond: ((k >= 6856335) AND (k <= 6856435))

table 5 : explain SELECT k, c FROM sbtest5 WHERE k BETWEEN 6856335 AND 6856435
	Bitmap Heap Scan on sbtest5  (cost=5.55..437.06 rows=109 width=125)
	  Recheck Cond: ((k >= 6856335) AND (k <= 6856435))
	  ->  Bitmap Index Scan on k_5  (cost=0.00..5.52 rows=109 width=0)
	        Index Cond: ((k >= 6856335) AND (k <= 6856435))

table 6 : explain SELECT k, c FROM sbtest6 WHERE k BETWEEN 6856335 AND 6856435
	Bitmap Heap Scan on sbtest6  (cost=5.45..397.68 rows=99 width=125)
	  Recheck Cond: ((k >= 6856335) AND (k <= 6856435))
	  ->  Bitmap Index Scan on k_6  (cost=0.00..5.42 rows=99 width=0)
	        Index Cond: ((k >= 6856335) AND (k <= 6856435))

table 7 : explain SELECT k, c FROM sbtest7 WHERE k BETWEEN 6856335 AND 6856435
	Bitmap Heap Scan on sbtest7  (cost=5.35..358.33 rows=89 width=125)
	  Recheck Cond: ((k >= 6856335) AND (k <= 6856435))
	  ->  Bitmap Index Scan on k_7  (cost=0.00..5.32 rows=89 width=0)
	        Index Cond: ((k >= 6856335) AND (k <= 6856435))

table 8 : explain SELECT k, c FROM sbtest8 WHERE k BETWEEN 6856335 AND 6856435
	Bitmap Heap Scan on sbtest8  (cost=5.45..397.61 rows=99 width=125)
	  Recheck Cond: ((k >= 6856335) AND (k <= 6856435))
	  ->  Bitmap Index Scan on k_8  (cost=0.00..5.42 rows=99 width=0)
	        Index Cond: ((k >= 6856335) AND (k <= 6856435))

explain: for range-notcovered :: explain SELECT k, c FROM sbtest%d WHERE k BETWEEN 6856335 AND 6856435
for range-notcovered
table 1 : explain SELECT k, c FROM sbtest1 WHERE k BETWEEN 7407913 AND 7408013
	Bitmap Heap Scan on sbtest1  (cost=5.53..429.21 rows=107 width=125)
	  Recheck Cond: ((k >= 7407913) AND (k <= 7408013))
	  ->  Bitmap Index Scan on k_1  (cost=0.00..5.50 rows=107 width=0)
	        Index Cond: ((k >= 7407913) AND (k <= 7408013))

table 2 : explain SELECT k, c FROM sbtest2 WHERE k BETWEEN 7407913 AND 7408013
	Bitmap Heap Scan on sbtest2  (cost=5.53..429.16 rows=107 width=125)
	  Recheck Cond: ((k >= 7407913) AND (k <= 7408013))
	  ->  Bitmap Index Scan on k_2  (cost=0.00..5.50 rows=107 width=0)
	        Index Cond: ((k >= 7407913) AND (k <= 7408013))

table 3 : explain SELECT k, c FROM sbtest3 WHERE k BETWEEN 7407913 AND 7408013
	Bitmap Heap Scan on sbtest3  (cost=5.46..401.76 rows=100 width=125)
	  Recheck Cond: ((k >= 7407913) AND (k <= 7408013))
	  ->  Bitmap Index Scan on k_3  (cost=0.00..5.43 rows=100 width=0)
	        Index Cond: ((k >= 7407913) AND (k <= 7408013))

table 4 : explain SELECT k, c FROM sbtest4 WHERE k BETWEEN 7407913 AND 7408013
	Bitmap Heap Scan on sbtest4  (cost=5.48..409.61 rows=102 width=125)
	  Recheck Cond: ((k >= 7407913) AND (k <= 7408013))
	  ->  Bitmap Index Scan on k_4  (cost=0.00..5.45 rows=102 width=0)
	        Index Cond: ((k >= 7407913) AND (k <= 7408013))

table 5 : explain SELECT k, c FROM sbtest5 WHERE k BETWEEN 7407913 AND 7408013
	Bitmap Heap Scan on sbtest5  (cost=5.42..385.80 rows=96 width=125)
	  Recheck Cond: ((k >= 7407913) AND (k <= 7408013))
	  ->  Bitmap Index Scan on k_5  (cost=0.00..5.39 rows=96 width=0)
	        Index Cond: ((k >= 7407913) AND (k <= 7408013))

table 6 : explain SELECT k, c FROM sbtest6 WHERE k BETWEEN 7407913 AND 7408013
	Bitmap Heap Scan on sbtest6  (cost=5.52..425.29 rows=106 width=125)
	  Recheck Cond: ((k >= 7407913) AND (k <= 7408013))
	  ->  Bitmap Index Scan on k_6  (cost=0.00..5.50 rows=106 width=0)
	        Index Cond: ((k >= 7407913) AND (k <= 7408013))

table 7 : explain SELECT k, c FROM sbtest7 WHERE k BETWEEN 7407913 AND 7408013
	Bitmap Heap Scan on sbtest7  (cost=5.49..413.61 rows=103 width=125)
	  Recheck Cond: ((k >= 7407913) AND (k <= 7408013))
	  ->  Bitmap Index Scan on k_7  (cost=0.00..5.46 rows=103 width=0)
	        Index Cond: ((k >= 7407913) AND (k <= 7408013))

table 8 : explain SELECT k, c FROM sbtest8 WHERE k BETWEEN 7407913 AND 7408013
	Bitmap Heap Scan on sbtest8  (cost=5.53..429.16 rows=107 width=125)
	  Recheck Cond: ((k >= 7407913) AND (k <= 7408013))
	  ->  Bitmap Index Scan on k_8  (cost=0.00..5.50 rows=107 width=0)
	        Index Cond: ((k >= 7407913) AND (k <= 7408013))

explain: for range-notcovered :: explain SELECT k, c FROM sbtest%d WHERE k BETWEEN 4879440 AND 4879540
explain: for range-notcovered :: explain SELECT k, c FROM sbtest%d WHERE k BETWEEN 7407913 AND 7408013
explain: for range-notcovered :: explain SELECT k, c FROM sbtest%d WHERE k BETWEEN 2987361 AND 2987461
for range-notcovered
table 1 : explain SELECT k, c FROM sbtest1 WHERE k BETWEEN 6945512 AND 6945612
	Bitmap Heap Scan on sbtest1  (cost=5.61..460.73 rows=115 width=125)
	  Recheck Cond: ((k >= 6945512) AND (k <= 6945612))
	  ->  Bitmap Index Scan on k_1  (cost=0.00..5.58 rows=115 width=0)
	        Index Cond: ((k >= 6945512) AND (k <= 6945612))

table 2 : explain SELECT k, c FROM sbtest2 WHERE k BETWEEN 6945512 AND 6945612
	Bitmap Heap Scan on sbtest2  (cost=5.56..440.99 rows=110 width=125)
	  Recheck Cond: ((k >= 6945512) AND (k <= 6945612))
	  ->  Bitmap Index Scan on k_2  (cost=0.00..5.53 rows=110 width=0)
	        Index Cond: ((k >= 6945512) AND (k <= 6945612))

table 3 : explain SELECT k, c FROM sbtest3 WHERE k BETWEEN 6945512 AND 6945612
	Bitmap Heap Scan on sbtest3  (cost=5.43..389.92 rows=97 width=125)
	  Recheck Cond: ((k >= 6945512) AND (k <= 6945612))
	  ->  Bitmap Index Scan on k_3  (cost=0.00..5.40 rows=97 width=0)
	        Index Cond: ((k >= 6945512) AND (k <= 6945612))

table 4 : explain SELECT k, c FROM sbtest4 WHERE k BETWEEN 6945512 AND 6945612
	Bitmap Heap Scan on sbtest4  (cost=5.46..401.72 rows=100 width=125)
	  Recheck Cond: ((k >= 6945512) AND (k <= 6945612))
	  ->  Bitmap Index Scan on k_4  (cost=0.00..5.43 rows=100 width=0)
	        Index Cond: ((k >= 6945512) AND (k <= 6945612))

table 5 : explain SELECT k, c FROM sbtest5 WHERE k BETWEEN 6945512 AND 6945612
	Bitmap Heap Scan on sbtest5  (cost=5.53..429.18 rows=107 width=125)
	  Recheck Cond: ((k >= 6945512) AND (k <= 6945612))
	  ->  Bitmap Index Scan on k_5  (cost=0.00..5.50 rows=107 width=0)
	        Index Cond: ((k >= 6945512) AND (k <= 6945612))

table 6 : explain SELECT k, c FROM sbtest6 WHERE k BETWEEN 6945512 AND 6945612
	Bitmap Heap Scan on sbtest6  (cost=5.44..393.74 rows=98 width=125)
	  Recheck Cond: ((k >= 6945512) AND (k <= 6945612))
	  ->  Bitmap Index Scan on k_6  (cost=0.00..5.42 rows=98 width=0)
	        Index Cond: ((k >= 6945512) AND (k <= 6945612))

table 7 : explain SELECT k, c FROM sbtest7 WHERE k BETWEEN 6945512 AND 6945612
	Bitmap Heap Scan on sbtest7  (cost=5.67..480.65 rows=120 width=125)
	  Recheck Cond: ((k >= 6945512) AND (k <= 6945612))
	  ->  Bitmap Index Scan on k_7  (cost=0.00..5.63 rows=120 width=0)
	        Index Cond: ((k >= 6945512) AND (k <= 6945612))

table 8 : explain SELECT k, c FROM sbtest8 WHERE k BETWEEN 6945512 AND 6945612
	Bitmap Heap Scan on sbtest8  (cost=5.52..425.22 rows=106 width=125)
	  Recheck Cond: ((k >= 6945512) AND (k <= 6945612))
	  ->  Bitmap Index Scan on k_8  (cost=0.00..5.50 rows=106 width=0)
	        Index Cond: ((k >= 6945512) AND (k <= 6945612))

for range-notcovered
table 1 : explain SELECT k, c FROM sbtest1 WHERE k BETWEEN 6940961 AND 6941061
	Bitmap Heap Scan on sbtest1  (cost=5.61..460.73 rows=115 width=125)
	  Recheck Cond: ((k >= 6940961) AND (k <= 6941061))
	  ->  Bitmap Index Scan on k_1  (cost=0.00..5.58 rows=115 width=0)
	        Index Cond: ((k >= 6940961) AND (k <= 6941061))

table 2 : explain SELECT k, c FROM sbtest2 WHERE k BETWEEN 6940961 AND 6941061
	Bitmap Heap Scan on sbtest2  (cost=5.56..440.99 rows=110 width=125)
	  Recheck Cond: ((k >= 6940961) AND (k <= 6941061))
	  ->  Bitmap Index Scan on k_2  (cost=0.00..5.53 rows=110 width=0)
	        Index Cond: ((k >= 6940961) AND (k <= 6941061))

table 3 : explain SELECT k, c FROM sbtest3 WHERE k BETWEEN 6940961 AND 6941061
	Bitmap Heap Scan on sbtest3  (cost=5.43..389.92 rows=97 width=125)
	  Recheck Cond: ((k >= 6940961) AND (k <= 6941061))
	  ->  Bitmap Index Scan on k_3  (cost=0.00..5.40 rows=97 width=0)
	        Index Cond: ((k >= 6940961) AND (k <= 6941061))

table 4 : explain SELECT k, c FROM sbtest4 WHERE k BETWEEN 6940961 AND 6941061
	Bitmap Heap Scan on sbtest4  (cost=5.46..401.72 rows=100 width=125)
	  Recheck Cond: ((k >= 6940961) AND (k <= 6941061))
	  ->  Bitmap Index Scan on k_4  (cost=0.00..5.43 rows=100 width=0)
	        Index Cond: ((k >= 6940961) AND (k <= 6941061))

table 5 : explain SELECT k, c FROM sbtest5 WHERE k BETWEEN 6940961 AND 6941061
	Bitmap Heap Scan on sbtest5  (cost=5.53..429.18 rows=107 width=125)
	  Recheck Cond: ((k >= 6940961) AND (k <= 6941061))
	  ->  Bitmap Index Scan on k_5  (cost=0.00..5.50 rows=107 width=0)
	        Index Cond: ((k >= 6940961) AND (k <= 6941061))

table 6 : explain SELECT k, c FROM sbtest6 WHERE k BETWEEN 6940961 AND 6941061
	Bitmap Heap Scan on sbtest6  (cost=5.44..393.74 rows=98 width=125)
	  Recheck Cond: ((k >= 6940961) AND (k <= 6941061))
	  ->  Bitmap Index Scan on k_6  (cost=0.00..5.42 rows=98 width=0)
	        Index Cond: ((k >= 6940961) AND (k <= 6941061))

table 7 : explain SELECT k, c FROM sbtest7 WHERE k BETWEEN 6940961 AND 6941061
	Bitmap Heap Scan on sbtest7  (cost=5.67..480.65 rows=120 width=125)
	  Recheck Cond: ((k >= 6940961) AND (k <= 6941061))
	  ->  Bitmap Index Scan on k_7  (cost=0.00..5.63 rows=120 width=0)
	        Index Cond: ((k >= 6940961) AND (k <= 6941061))

table 8 : explain SELECT k, c FROM sbtest8 WHERE k BETWEEN 6940961 AND 6941061
	Bitmap Heap Scan on sbtest8  (cost=5.52..425.22 rows=106 width=125)
	  Recheck Cond: ((k >= 6940961) AND (k <= 6941061))
	  ->  Bitmap Index Scan on k_8  (cost=0.00..5.50 rows=106 width=0)
	        Index Cond: ((k >= 6940961) AND (k <= 6941061))

explain: for range-notcovered :: explain SELECT k, c FROM sbtest%d WHERE k BETWEEN 6945512 AND 6945612
explain: for range-notcovered :: explain SELECT k, c FROM sbtest%d WHERE k BETWEEN 6940961 AND 6941061
explain: for range-notcovered :: explain SELECT k, c FROM sbtest%d WHERE k BETWEEN 1785409 AND 1785509
for range-notcovered
table 1 : explain SELECT k, c FROM sbtest1 WHERE k BETWEEN 8934122 AND 8934222
	Bitmap Heap Scan on sbtest1  (cost=5.44..393.71 rows=98 width=125)
	  Recheck Cond: ((k >= 8934122) AND (k <= 8934222))
	  ->  Bitmap Index Scan on k_1  (cost=0.00..5.42 rows=98 width=0)
	        Index Cond: ((k >= 8934122) AND (k <= 8934222))

table 2 : explain SELECT k, c FROM sbtest2 WHERE k BETWEEN 8934122 AND 8934222
	Bitmap Heap Scan on sbtest2  (cost=5.52..425.22 rows=106 width=125)
	  Recheck Cond: ((k >= 8934122) AND (k <= 8934222))
	  ->  Bitmap Index Scan on k_2  (cost=0.00..5.50 rows=106 width=0)
	        Index Cond: ((k >= 8934122) AND (k <= 8934222))

table 3 : explain SELECT k, c FROM sbtest3 WHERE k BETWEEN 8934122 AND 8934222
	Bitmap Heap Scan on sbtest3  (cost=5.55..437.27 rows=109 width=125)
	  Recheck Cond: ((k >= 8934122) AND (k <= 8934222))
	  ->  Bitmap Index Scan on k_3  (cost=0.00..5.52 rows=109 width=0)
	        Index Cond: ((k >= 8934122) AND (k <= 8934222))

table 4 : explain SELECT k, c FROM sbtest4 WHERE k BETWEEN 8934122 AND 8934222
	Bitmap Heap Scan on sbtest4  (cost=5.57..445.11 rows=111 width=125)
	  Recheck Cond: ((k >= 8934122) AND (k <= 8934222))
	  ->  Bitmap Index Scan on k_4  (cost=0.00..5.54 rows=111 width=0)
	        Index Cond: ((k >= 8934122) AND (k <= 8934222))

table 5 : explain SELECT k, c FROM sbtest5 WHERE k BETWEEN 8934122 AND 8934222
	Bitmap Heap Scan on sbtest5  (cost=5.50..417.35 rows=104 width=125)
	  Recheck Cond: ((k >= 8934122) AND (k <= 8934222))
	  ->  Bitmap Index Scan on k_5  (cost=0.00..5.47 rows=104 width=0)
	        Index Cond: ((k >= 8934122) AND (k <= 8934222))

table 6 : explain SELECT k, c FROM sbtest6 WHERE k BETWEEN 8934122 AND 8934222
	Bitmap Heap Scan on sbtest6  (cost=5.49..413.46 rows=103 width=125)
	  Recheck Cond: ((k >= 8934122) AND (k <= 8934222))
	  ->  Bitmap Index Scan on k_6  (cost=0.00..5.46 rows=103 width=0)
	        Index Cond: ((k >= 8934122) AND (k <= 8934222))

table 7 : explain SELECT k, c FROM sbtest7 WHERE k BETWEEN 8934122 AND 8934222
	Bitmap Heap Scan on sbtest7  (cost=5.43..389.93 rows=97 width=125)
	  Recheck Cond: ((k >= 8934122) AND (k <= 8934222))
	  ->  Bitmap Index Scan on k_7  (cost=0.00..5.40 rows=97 width=0)
	        Index Cond: ((k >= 8934122) AND (k <= 8934222))

table 8 : explain SELECT k, c FROM sbtest8 WHERE k BETWEEN 8934122 AND 8934222
	Bitmap Heap Scan on sbtest8  (cost=5.49..413.39 rows=103 width=125)
	  Recheck Cond: ((k >= 8934122) AND (k <= 8934222))
	  ->  Bitmap Index Scan on k_8  (cost=0.00..5.46 rows=103 width=0)
	        Index Cond: ((k >= 8934122) AND (k <= 8934222))

for range-notcovered
table 1 : explain SELECT k, c FROM sbtest1 WHERE k BETWEEN 4557500 AND 4557600
	Bitmap Heap Scan on sbtest1  (cost=5.38..370.03 rows=92 width=125)
	  Recheck Cond: ((k >= 4557500) AND (k <= 4557600))
	  ->  Bitmap Index Scan on k_1  (cost=0.00..5.35 rows=92 width=0)
	        Index Cond: ((k >= 4557500) AND (k <= 4557600))

table 2 : explain SELECT k, c FROM sbtest2 WHERE k BETWEEN 4557500 AND 4557600
	Bitmap Heap Scan on sbtest2  (cost=5.55..437.05 rows=109 width=125)
	  Recheck Cond: ((k >= 4557500) AND (k <= 4557600))
	  ->  Bitmap Index Scan on k_2  (cost=0.00..5.52 rows=109 width=0)
	        Index Cond: ((k >= 4557500) AND (k <= 4557600))

table 3 : explain SELECT k, c FROM sbtest3 WHERE k BETWEEN 4557500 AND 4557600
	Bitmap Heap Scan on sbtest3  (cost=5.50..417.54 rows=104 width=125)
	  Recheck Cond: ((k >= 4557500) AND (k <= 4557600))
	  ->  Bitmap Index Scan on k_3  (cost=0.00..5.47 rows=104 width=0)
	        Index Cond: ((k >= 4557500) AND (k <= 4557600))

table 4 : explain SELECT k, c FROM sbtest4 WHERE k BETWEEN 4557500 AND 4557600
	Bitmap Heap Scan on sbtest4  (cost=5.53..429.34 rows=107 width=125)
	  Recheck Cond: ((k >= 4557500) AND (k <= 4557600))
	  ->  Bitmap Index Scan on k_4  (cost=0.00..5.50 rows=107 width=0)
	        Index Cond: ((k >= 4557500) AND (k <= 4557600))

table 5 : explain SELECT k, c FROM sbtest5 WHERE k BETWEEN 4557500 AND 4557600
	Bitmap Heap Scan on sbtest5  (cost=5.51..421.30 rows=105 width=125)
	  Recheck Cond: ((k >= 4557500) AND (k <= 4557600))
	  ->  Bitmap Index Scan on k_5  (cost=0.00..5.48 rows=105 width=0)
	        Index Cond: ((k >= 4557500) AND (k <= 4557600))

table 6 : explain SELECT k, c FROM sbtest6 WHERE k BETWEEN 4557500 AND 4557600
	Bitmap Heap Scan on sbtest6  (cost=5.42..385.84 rows=96 width=125)
	  Recheck Cond: ((k >= 4557500) AND (k <= 4557600))
	  ->  Bitmap Index Scan on k_6  (cost=0.00..5.39 rows=96 width=0)
	        Index Cond: ((k >= 4557500) AND (k <= 4557600))

table 7 : explain SELECT k, c FROM sbtest7 WHERE k BETWEEN 4557500 AND 4557600
	Bitmap Heap Scan on sbtest7  (cost=5.43..389.93 rows=97 width=125)
	  Recheck Cond: ((k >= 4557500) AND (k <= 4557600))
	  ->  Bitmap Index Scan on k_7  (cost=0.00..5.40 rows=97 width=0)
	        Index Cond: ((k >= 4557500) AND (k <= 4557600))

table 8 : explain SELECT k, c FROM sbtest8 WHERE k BETWEEN 4557500 AND 4557600
	Bitmap Heap Scan on sbtest8  (cost=5.48..409.45 rows=102 width=125)
	  Recheck Cond: ((k >= 4557500) AND (k <= 4557600))
	  ->  Bitmap Index Scan on k_8  (cost=0.00..5.45 rows=102 width=0)
	        Index Cond: ((k >= 4557500) AND (k <= 4557600))

for range-notcovered
table 1 : explain SELECT k, c FROM sbtest1 WHERE k BETWEEN 8149386 AND 8149486
	Bitmap Heap Scan on sbtest1  (cost=5.56..441.03 rows=110 width=125)
	  Recheck Cond: ((k >= 8149386) AND (k <= 8149486))
	  ->  Bitmap Index Scan on k_1  (cost=0.00..5.53 rows=110 width=0)
	        Index Cond: ((k >= 8149386) AND (k <= 8149486))

table 2 : explain SELECT k, c FROM sbtest2 WHERE k BETWEEN 8149386 AND 8149486
	Bitmap Heap Scan on sbtest2  (cost=5.53..429.16 rows=107 width=125)
	  Recheck Cond: ((k >= 8149386) AND (k <= 8149486))
	  ->  Bitmap Index Scan on k_2  (cost=0.00..5.50 rows=107 width=0)
	        Index Cond: ((k >= 8149386) AND (k <= 8149486))

table 3 : explain SELECT k, c FROM sbtest3 WHERE k BETWEEN 8149386 AND 8149486
	Bitmap Heap Scan on sbtest3  (cost=5.48..409.65 rows=102 width=125)
	  Recheck Cond: ((k >= 8149386) AND (k <= 8149486))
	  ->  Bitmap Index Scan on k_3  (cost=0.00..5.45 rows=102 width=0)
	        Index Cond: ((k >= 8149386) AND (k <= 8149486))

table 4 : explain SELECT k, c FROM sbtest4 WHERE k BETWEEN 8149386 AND 8149486
	Bitmap Heap Scan on sbtest4  (cost=5.46..401.72 rows=100 width=125)
	  Recheck Cond: ((k >= 8149386) AND (k <= 8149486))
	  ->  Bitmap Index Scan on k_4  (cost=0.00..5.43 rows=100 width=0)
	        Index Cond: ((k >= 8149386) AND (k <= 8149486))

table 5 : explain SELECT k, c FROM sbtest5 WHERE k BETWEEN 8149386 AND 8149486
	Bitmap Heap Scan on sbtest5  (cost=5.45..397.63 rows=99 width=125)
	  Recheck Cond: ((k >= 8149386) AND (k <= 8149486))
	  ->  Bitmap Index Scan on k_5  (cost=0.00..5.42 rows=99 width=0)
	        Index Cond: ((k >= 8149386) AND (k <= 8149486))

table 6 : explain SELECT k, c FROM sbtest6 WHERE k BETWEEN 8149386 AND 8149486
	Bitmap Heap Scan on sbtest6  (cost=5.50..417.41 rows=104 width=125)
	  Recheck Cond: ((k >= 8149386) AND (k <= 8149486))
	  ->  Bitmap Index Scan on k_6  (cost=0.00..5.47 rows=104 width=0)
	        Index Cond: ((k >= 8149386) AND (k <= 8149486))

table 7 : explain SELECT k, c FROM sbtest7 WHERE k BETWEEN 8149386 AND 8149486
	Bitmap Heap Scan on sbtest7  (cost=5.50..417.56 rows=104 width=125)
	  Recheck Cond: ((k >= 8149386) AND (k <= 8149486))
	  ->  Bitmap Index Scan on k_7  (cost=0.00..5.47 rows=104 width=0)
	        Index Cond: ((k >= 8149386) AND (k <= 8149486))

table 8 : explain SELECT k, c FROM sbtest8 WHERE k BETWEEN 8149386 AND 8149486
	Bitmap Heap Scan on sbtest8  (cost=5.40..377.89 rows=94 width=125)
	  Recheck Cond: ((k >= 8149386) AND (k <= 8149486))
	  ->  Bitmap Index Scan on k_8  (cost=0.00..5.38 rows=94 width=0)
	        Index Cond: ((k >= 8149386) AND (k <= 8149486))

explain: for range-notcovered :: explain SELECT k, c FROM sbtest%d WHERE k BETWEEN 4557500 AND 4557600
for range-notcovered
table 1 : explain SELECT k, c FROM sbtest1 WHERE k BETWEEN 6198458 AND 6198558
	Bitmap Heap Scan on sbtest1  (cost=5.34..354.23 rows=88 width=125)
	  Recheck Cond: ((k >= 6198458) AND (k <= 6198558))
	  ->  Bitmap Index Scan on k_1  (cost=0.00..5.31 rows=88 width=0)
	        Index Cond: ((k >= 6198458) AND (k <= 6198558))

table 2 : explain SELECT k, c FROM sbtest2 WHERE k BETWEEN 6198458 AND 6198558
	Bitmap Heap Scan on sbtest2  (cost=5.44..393.67 rows=98 width=125)
	  Recheck Cond: ((k >= 6198458) AND (k <= 6198558))
	  ->  Bitmap Index Scan on k_2  (cost=0.00..5.42 rows=98 width=0)
	        Index Cond: ((k >= 6198458) AND (k <= 6198558))

table 3 : explain SELECT k, c FROM sbtest3 WHERE k BETWEEN 6198458 AND 6198558
	Bitmap Heap Scan on sbtest3  (cost=5.48..409.65 rows=102 width=125)
	  Recheck Cond: ((k >= 6198458) AND (k <= 6198558))
	  ->  Bitmap Index Scan on k_3  (cost=0.00..5.45 rows=102 width=0)
	        Index Cond: ((k >= 6198458) AND (k <= 6198558))

table 4 : explain SELECT k, c FROM sbtest4 WHERE k BETWEEN 6198458 AND 6198558
	Bitmap Heap Scan on sbtest4  (cost=5.46..401.72 rows=100 width=125)
	  Recheck Cond: ((k >= 6198458) AND (k <= 6198558))
	  ->  Bitmap Index Scan on k_4  (cost=0.00..5.43 rows=100 width=0)
	        Index Cond: ((k >= 6198458) AND (k <= 6198558))

table 5 : explain SELECT k, c FROM sbtest5 WHERE k BETWEEN 6198458 AND 6198558
	Bitmap Heap Scan on sbtest5  (cost=5.55..437.06 rows=109 width=125)
	  Recheck Cond: ((k >= 6198458) AND (k <= 6198558))
	  ->  Bitmap Index Scan on k_5  (cost=0.00..5.52 rows=109 width=0)
	        Index Cond: ((k >= 6198458) AND (k <= 6198558))

table 6 : explain SELECT k, c FROM sbtest6 WHERE k BETWEEN 6198458 AND 6198558
	Bitmap Heap Scan on sbtest6  (cost=5.48..409.52 rows=102 width=125)
	  Recheck Cond: ((k >= 6198458) AND (k <= 6198558))
	  ->  Bitmap Index Scan on k_6  (cost=0.00..5.45 rows=102 width=0)
	        Index Cond: ((k >= 6198458) AND (k <= 6198558))

table 7 : explain SELECT k, c FROM sbtest7 WHERE k BETWEEN 6198458 AND 6198558
	Bitmap Heap Scan on sbtest7  (cost=5.42..385.98 rows=96 width=125)
	  Recheck Cond: ((k >= 6198458) AND (k <= 6198558))
	  ->  Bitmap Index Scan on k_7  (cost=0.00..5.39 rows=96 width=0)
	        Index Cond: ((k >= 6198458) AND (k <= 6198558))

table 8 : explain SELECT k, c FROM sbtest8 WHERE k BETWEEN 6198458 AND 6198558
	Bitmap Heap Scan on sbtest8  (cost=5.56..440.98 rows=110 width=125)
	  Recheck Cond: ((k >= 6198458) AND (k <= 6198558))
	  ->  Bitmap Index Scan on k_8  (cost=0.00..5.53 rows=110 width=0)
	        Index Cond: ((k >= 6198458) AND (k <= 6198558))

explain: for range-notcovered :: explain SELECT k, c FROM sbtest%d WHERE k BETWEEN 6198458 AND 6198558
for range-notcovered
table 1 : explain SELECT k, c FROM sbtest1 WHERE k BETWEEN 6856335 AND 6856435
	Bitmap Heap Scan on sbtest1  (cost=5.52..425.26 rows=106 width=125)
	  Recheck Cond: ((k >= 6856335) AND (k <= 6856435))
	  ->  Bitmap Index Scan on k_1  (cost=0.00..5.50 rows=106 width=0)
	        Index Cond: ((k >= 6856335) AND (k <= 6856435))

table 2 : explain SELECT k, c FROM sbtest2 WHERE k BETWEEN 6856335 AND 6856435
	Bitmap Heap Scan on sbtest2  (cost=5.45..397.62 rows=99 width=125)
	  Recheck Cond: ((k >= 6856335) AND (k <= 6856435))
	  ->  Bitmap Index Scan on k_2  (cost=0.00..5.42 rows=99 width=0)
	        Index Cond: ((k >= 6856335) AND (k <= 6856435))

table 3 : explain SELECT k, c FROM sbtest3 WHERE k BETWEEN 6856335 AND 6856435
	Bitmap Heap Scan on sbtest3  (cost=5.56..441.21 rows=110 width=125)
	  Recheck Cond: ((k >= 6856335) AND (k <= 6856435))
	  ->  Bitmap Index Scan on k_3  (cost=0.00..5.53 rows=110 width=0)
	        Index Cond: ((k >= 6856335) AND (k <= 6856435))

table 4 : explain SELECT k, c FROM sbtest4 WHERE k BETWEEN 6856335 AND 6856435
	Bitmap Heap Scan on sbtest4  (cost=5.49..413.56 rows=103 width=125)
	  Recheck Cond: ((k >= 6856335) AND (k <= 6856435))
	  ->  Bitmap Index Scan on k_4  (cost=0.00..5.46 rows=103 width=0)
	        Index Cond: ((k >= 6856335) AND (k <= 6856435))

table 5 : explain SELECT k, c FROM sbtest5 WHERE k BETWEEN 6856335 AND 6856435
	Bitmap Heap Scan on sbtest5  (cost=5.55..437.06 rows=109 width=125)
	  Recheck Cond: ((k >= 6856335) AND (k <= 6856435))
	  ->  Bitmap Index Scan on k_5  (cost=0.00..5.52 rows=109 width=0)
	        Index Cond: ((k >= 6856335) AND (k <= 6856435))

table 6 : explain SELECT k, c FROM sbtest6 WHERE k BETWEEN 6856335 AND 6856435
	Bitmap Heap Scan on sbtest6  (cost=5.45..397.68 rows=99 width=125)
	  Recheck Cond: ((k >= 6856335) AND (k <= 6856435))
	  ->  Bitmap Index Scan on k_6  (cost=0.00..5.42 rows=99 width=0)
	        Index Cond: ((k >= 6856335) AND (k <= 6856435))

table 7 : explain SELECT k, c FROM sbtest7 WHERE k BETWEEN 6856335 AND 6856435
	Bitmap Heap Scan on sbtest7  (cost=5.35..358.33 rows=89 width=125)
	  Recheck Cond: ((k >= 6856335) AND (k <= 6856435))
	  ->  Bitmap Index Scan on k_7  (cost=0.00..5.32 rows=89 width=0)
	        Index Cond: ((k >= 6856335) AND (k <= 6856435))

table 8 : explain SELECT k, c FROM sbtest8 WHERE k BETWEEN 6856335 AND 6856435
	Bitmap Heap Scan on sbtest8  (cost=5.45..397.61 rows=99 width=125)
	  Recheck Cond: ((k >= 6856335) AND (k <= 6856435))
	  ->  Bitmap Index Scan on k_8  (cost=0.00..5.42 rows=99 width=0)
	        Index Cond: ((k >= 6856335) AND (k <= 6856435))

for range-notcovered
table 1 : explain SELECT k, c FROM sbtest1 WHERE k BETWEEN 4830844 AND 4830944
	Bitmap Heap Scan on sbtest1  (cost=5.48..409.49 rows=102 width=125)
	  Recheck Cond: ((k >= 4830844) AND (k <= 4830944))
	  ->  Bitmap Index Scan on k_1  (cost=0.00..5.45 rows=102 width=0)
	        Index Cond: ((k >= 4830844) AND (k <= 4830944))

table 2 : explain SELECT k, c FROM sbtest2 WHERE k BETWEEN 4830844 AND 4830944
	Bitmap Heap Scan on sbtest2  (cost=5.46..401.56 rows=100 width=125)
	  Recheck Cond: ((k >= 4830844) AND (k <= 4830944))
	  ->  Bitmap Index Scan on k_2  (cost=0.00..5.43 rows=100 width=0)
	        Index Cond: ((k >= 4830844) AND (k <= 4830944))

table 3 : explain SELECT k, c FROM sbtest3 WHERE k BETWEEN 4830844 AND 4830944
	Bitmap Heap Scan on sbtest3  (cost=5.51..421.49 rows=105 width=125)
	  Recheck Cond: ((k >= 4830844) AND (k <= 4830944))
	  ->  Bitmap Index Scan on k_3  (cost=0.00..5.48 rows=105 width=0)
	        Index Cond: ((k >= 4830844) AND (k <= 4830944))

table 4 : explain SELECT k, c FROM sbtest4 WHERE k BETWEEN 4830844 AND 4830944
	Bitmap Heap Scan on sbtest4  (cost=5.51..421.45 rows=105 width=125)
	  Recheck Cond: ((k >= 4830844) AND (k <= 4830944))
	  ->  Bitmap Index Scan on k_4  (cost=0.00..5.48 rows=105 width=0)
	        Index Cond: ((k >= 4830844) AND (k <= 4830944))

table 5 : explain SELECT k, c FROM sbtest5 WHERE k BETWEEN 4830844 AND 4830944
	Bitmap Heap Scan on sbtest5  (cost=5.43..389.74 rows=97 width=125)
	  Recheck Cond: ((k >= 4830844) AND (k <= 4830944))
	  ->  Bitmap Index Scan on k_5  (cost=0.00..5.40 rows=97 width=0)
	        Index Cond: ((k >= 4830844) AND (k <= 4830944))

table 6 : explain SELECT k, c FROM sbtest6 WHERE k BETWEEN 4830844 AND 4830944
	Bitmap Heap Scan on sbtest6  (cost=5.62..464.70 rows=116 width=125)
	  Recheck Cond: ((k >= 4830844) AND (k <= 4830944))
	  ->  Bitmap Index Scan on k_6  (cost=0.00..5.59 rows=116 width=0)
	        Index Cond: ((k >= 4830844) AND (k <= 4830944))

table 7 : explain SELECT k, c FROM sbtest7 WHERE k BETWEEN 4830844 AND 4830944
	Bitmap Heap Scan on sbtest7  (cost=5.47..405.72 rows=101 width=125)
	  Recheck Cond: ((k >= 4830844) AND (k <= 4830944))
	  ->  Bitmap Index Scan on k_7  (cost=0.00..5.44 rows=101 width=0)
	        Index Cond: ((k >= 4830844) AND (k <= 4830944))

table 8 : explain SELECT k, c FROM sbtest8 WHERE k BETWEEN 4830844 AND 4830944
	Bitmap Heap Scan on sbtest8  (cost=5.46..401.56 rows=100 width=125)
	  Recheck Cond: ((k >= 4830844) AND (k <= 4830944))
	  ->  Bitmap Index Scan on k_8  (cost=0.00..5.43 rows=100 width=0)
	        Index Cond: ((k >= 4830844) AND (k <= 4830944))

explain: for range-notcovered :: explain SELECT k, c FROM sbtest%d WHERE k BETWEEN 6856335 AND 6856435
explain: for range-notcovered :: explain SELECT k, c FROM sbtest%d WHERE k BETWEEN 4830844 AND 4830944
for range-notcovered
table 1 : explain SELECT k, c FROM sbtest1 WHERE k BETWEEN 7407913 AND 7408013
	Bitmap Heap Scan on sbtest1  (cost=5.53..429.21 rows=107 width=125)
	  Recheck Cond: ((k >= 7407913) AND (k <= 7408013))
	  ->  Bitmap Index Scan on k_1  (cost=0.00..5.50 rows=107 width=0)
	        Index Cond: ((k >= 7407913) AND (k <= 7408013))

table 2 : explain SELECT k, c FROM sbtest2 WHERE k BETWEEN 7407913 AND 7408013
	Bitmap Heap Scan on sbtest2  (cost=5.53..429.16 rows=107 width=125)
	  Recheck Cond: ((k >= 7407913) AND (k <= 7408013))
	  ->  Bitmap Index Scan on k_2  (cost=0.00..5.50 rows=107 width=0)
	        Index Cond: ((k >= 7407913) AND (k <= 7408013))

table 3 : explain SELECT k, c FROM sbtest3 WHERE k BETWEEN 7407913 AND 7408013
	Bitmap Heap Scan on sbtest3  (cost=5.46..401.76 rows=100 width=125)
	  Recheck Cond: ((k >= 7407913) AND (k <= 7408013))
	  ->  Bitmap Index Scan on k_3  (cost=0.00..5.43 rows=100 width=0)
	        Index Cond: ((k >= 7407913) AND (k <= 7408013))

table 4 : explain SELECT k, c FROM sbtest4 WHERE k BETWEEN 7407913 AND 7408013
	Bitmap Heap Scan on sbtest4  (cost=5.48..409.61 rows=102 width=125)
	  Recheck Cond: ((k >= 7407913) AND (k <= 7408013))
	  ->  Bitmap Index Scan on k_4  (cost=0.00..5.45 rows=102 width=0)
	        Index Cond: ((k >= 7407913) AND (k <= 7408013))

table 5 : explain SELECT k, c FROM sbtest5 WHERE k BETWEEN 7407913 AND 7408013
	Bitmap Heap Scan on sbtest5  (cost=5.42..385.80 rows=96 width=125)
	  Recheck Cond: ((k >= 7407913) AND (k <= 7408013))
	  ->  Bitmap Index Scan on k_5  (cost=0.00..5.39 rows=96 width=0)
	        Index Cond: ((k >= 7407913) AND (k <= 7408013))

table 6 : explain SELECT k, c FROM sbtest6 WHERE k BETWEEN 7407913 AND 7408013
	Bitmap Heap Scan on sbtest6  (cost=5.52..425.29 rows=106 width=125)
	  Recheck Cond: ((k >= 7407913) AND (k <= 7408013))
	  ->  Bitmap Index Scan on k_6  (cost=0.00..5.50 rows=106 width=0)
	        Index Cond: ((k >= 7407913) AND (k <= 7408013))

table 7 : explain SELECT k, c FROM sbtest7 WHERE k BETWEEN 7407913 AND 7408013
	Bitmap Heap Scan on sbtest7  (cost=5.49..413.61 rows=103 width=125)
	  Recheck Cond: ((k >= 7407913) AND (k <= 7408013))
	  ->  Bitmap Index Scan on k_7  (cost=0.00..5.46 rows=103 width=0)
	        Index Cond: ((k >= 7407913) AND (k <= 7408013))

table 8 : explain SELECT k, c FROM sbtest8 WHERE k BETWEEN 7407913 AND 7408013
	Bitmap Heap Scan on sbtest8  (cost=5.53..429.16 rows=107 width=125)
	  Recheck Cond: ((k >= 7407913) AND (k <= 7408013))
	  ->  Bitmap Index Scan on k_8  (cost=0.00..5.50 rows=107 width=0)
	        Index Cond: ((k >= 7407913) AND (k <= 7408013))

explain: for range-notcovered :: explain SELECT k, c FROM sbtest%d WHERE k BETWEEN 7407913 AND 7408013
for range-notcovered
table 1 : explain SELECT k, c FROM sbtest1 WHERE k BETWEEN 7650953 AND 7651053
	Bitmap Heap Scan on sbtest1  (cost=5.42..385.82 rows=96 width=125)
	  Recheck Cond: ((k >= 7650953) AND (k <= 7651053))
	  ->  Bitmap Index Scan on k_1  (cost=0.00..5.39 rows=96 width=0)
	        Index Cond: ((k >= 7650953) AND (k <= 7651053))

table 2 : explain SELECT k, c FROM sbtest2 WHERE k BETWEEN 7650953 AND 7651053
	Bitmap Heap Scan on sbtest2  (cost=5.45..397.62 rows=99 width=125)
	  Recheck Cond: ((k >= 7650953) AND (k <= 7651053))
	  ->  Bitmap Index Scan on k_2  (cost=0.00..5.42 rows=99 width=0)
	        Index Cond: ((k >= 7650953) AND (k <= 7651053))

table 3 : explain SELECT k, c FROM sbtest3 WHERE k BETWEEN 7650953 AND 7651053
	Bitmap Heap Scan on sbtest3  (cost=5.46..401.76 rows=100 width=125)
	  Recheck Cond: ((k >= 7650953) AND (k <= 7651053))
	  ->  Bitmap Index Scan on k_3  (cost=0.00..5.43 rows=100 width=0)
	        Index Cond: ((k >= 7650953) AND (k <= 7651053))

table 4 : explain SELECT k, c FROM sbtest4 WHERE k BETWEEN 7650953 AND 7651053
	Bitmap Heap Scan on sbtest4  (cost=5.52..425.39 rows=106 width=125)
	  Recheck Cond: ((k >= 7650953) AND (k <= 7651053))
	  ->  Bitmap Index Scan on k_4  (cost=0.00..5.50 rows=106 width=0)
	        Index Cond: ((k >= 7650953) AND (k <= 7651053))

table 5 : explain SELECT k, c FROM sbtest5 WHERE k BETWEEN 7650953 AND 7651053
	Bitmap Heap Scan on sbtest5  (cost=5.40..377.90 rows=94 width=125)
	  Recheck Cond: ((k >= 7650953) AND (k <= 7651053))
	  ->  Bitmap Index Scan on k_5  (cost=0.00..5.38 rows=94 width=0)
	        Index Cond: ((k >= 7650953) AND (k <= 7651053))

table 6 : explain SELECT k, c FROM sbtest6 WHERE k BETWEEN 7650953 AND 7651053
	Bitmap Heap Scan on sbtest6  (cost=5.48..409.52 rows=102 width=125)
	  Recheck Cond: ((k >= 7650953) AND (k <= 7651053))
	  ->  Bitmap Index Scan on k_6  (cost=0.00..5.45 rows=102 width=0)
	        Index Cond: ((k >= 7650953) AND (k <= 7651053))

table 7 : explain SELECT k, c FROM sbtest7 WHERE k BETWEEN 7650953 AND 7651053
	Bitmap Heap Scan on sbtest7  (cost=5.46..401.77 rows=100 width=125)
	  Recheck Cond: ((k >= 7650953) AND (k <= 7651053))
	  ->  Bitmap Index Scan on k_7  (cost=0.00..5.43 rows=100 width=0)
	        Index Cond: ((k >= 7650953) AND (k <= 7651053))

table 8 : explain SELECT k, c FROM sbtest8 WHERE k BETWEEN 7650953 AND 7651053
	Bitmap Heap Scan on sbtest8  (cost=5.50..417.33 rows=104 width=125)
	  Recheck Cond: ((k >= 7650953) AND (k <= 7651053))
	  ->  Bitmap Index Scan on k_8  (cost=0.00..5.47 rows=104 width=0)
	        Index Cond: ((k >= 7650953) AND (k <= 7651053))

explain: for range-notcovered :: explain SELECT k, c FROM sbtest%d WHERE k BETWEEN 4122321 AND 4122421
explain: for range-notcovered :: explain SELECT k, c FROM sbtest%d WHERE k BETWEEN 7650953 AND 7651053
for range-notcovered
table 1 : explain SELECT k, c FROM sbtest1 WHERE k BETWEEN 6945512 AND 6945612
	Bitmap Heap Scan on sbtest1  (cost=5.61..460.73 rows=115 width=125)
	  Recheck Cond: ((k >= 6945512) AND (k <= 6945612))
	  ->  Bitmap Index Scan on k_1  (cost=0.00..5.58 rows=115 width=0)
	        Index Cond: ((k >= 6945512) AND (k <= 6945612))

table 2 : explain SELECT k, c FROM sbtest2 WHERE k BETWEEN 6945512 AND 6945612
	Bitmap Heap Scan on sbtest2  (cost=5.56..440.99 rows=110 width=125)
	  Recheck Cond: ((k >= 6945512) AND (k <= 6945612))
	  ->  Bitmap Index Scan on k_2  (cost=0.00..5.53 rows=110 width=0)
	        Index Cond: ((k >= 6945512) AND (k <= 6945612))

table 3 : explain SELECT k, c FROM sbtest3 WHERE k BETWEEN 6945512 AND 6945612
	Bitmap Heap Scan on sbtest3  (cost=5.43..389.92 rows=97 width=125)
	  Recheck Cond: ((k >= 6945512) AND (k <= 6945612))
	  ->  Bitmap Index Scan on k_3  (cost=0.00..5.40 rows=97 width=0)
	        Index Cond: ((k >= 6945512) AND (k <= 6945612))

table 4 : explain SELECT k, c FROM sbtest4 WHERE k BETWEEN 6945512 AND 6945612
	Bitmap Heap Scan on sbtest4  (cost=5.46..401.72 rows=100 width=125)
	  Recheck Cond: ((k >= 6945512) AND (k <= 6945612))
	  ->  Bitmap Index Scan on k_4  (cost=0.00..5.43 rows=100 width=0)
	        Index Cond: ((k >= 6945512) AND (k <= 6945612))

table 5 : explain SELECT k, c FROM sbtest5 WHERE k BETWEEN 6945512 AND 6945612
	Bitmap Heap Scan on sbtest5  (cost=5.53..429.18 rows=107 width=125)
	  Recheck Cond: ((k >= 6945512) AND (k <= 6945612))
	  ->  Bitmap Index Scan on k_5  (cost=0.00..5.50 rows=107 width=0)
	        Index Cond: ((k >= 6945512) AND (k <= 6945612))

table 6 : explain SELECT k, c FROM sbtest6 WHERE k BETWEEN 6945512 AND 6945612
	Bitmap Heap Scan on sbtest6  (cost=5.44..393.74 rows=98 width=125)
	  Recheck Cond: ((k >= 6945512) AND (k <= 6945612))
	  ->  Bitmap Index Scan on k_6  (cost=0.00..5.42 rows=98 width=0)
	        Index Cond: ((k >= 6945512) AND (k <= 6945612))

table 7 : explain SELECT k, c FROM sbtest7 WHERE k BETWEEN 6945512 AND 6945612
	Bitmap Heap Scan on sbtest7  (cost=5.67..480.65 rows=120 width=125)
	  Recheck Cond: ((k >= 6945512) AND (k <= 6945612))
	  ->  Bitmap Index Scan on k_7  (cost=0.00..5.63 rows=120 width=0)
	        Index Cond: ((k >= 6945512) AND (k <= 6945612))

table 8 : explain SELECT k, c FROM sbtest8 WHERE k BETWEEN 6945512 AND 6945612
	Bitmap Heap Scan on sbtest8  (cost=5.52..425.22 rows=106 width=125)
	  Recheck Cond: ((k >= 6945512) AND (k <= 6945612))
	  ->  Bitmap Index Scan on k_8  (cost=0.00..5.50 rows=106 width=0)
	        Index Cond: ((k >= 6945512) AND (k <= 6945612))

for range-notcovered
table 1 : explain SELECT k, c FROM sbtest1 WHERE k BETWEEN 6940961 AND 6941061
	Bitmap Heap Scan on sbtest1  (cost=5.61..460.73 rows=115 width=125)
	  Recheck Cond: ((k >= 6940961) AND (k <= 6941061))
	  ->  Bitmap Index Scan on k_1  (cost=0.00..5.58 rows=115 width=0)
	        Index Cond: ((k >= 6940961) AND (k <= 6941061))

table 2 : explain SELECT k, c FROM sbtest2 WHERE k BETWEEN 6940961 AND 6941061
	Bitmap Heap Scan on sbtest2  (cost=5.56..440.99 rows=110 width=125)
	  Recheck Cond: ((k >= 6940961) AND (k <= 6941061))
	  ->  Bitmap Index Scan on k_2  (cost=0.00..5.53 rows=110 width=0)
	        Index Cond: ((k >= 6940961) AND (k <= 6941061))

table 3 : explain SELECT k, c FROM sbtest3 WHERE k BETWEEN 6940961 AND 6941061
	Bitmap Heap Scan on sbtest3  (cost=5.43..389.92 rows=97 width=125)
	  Recheck Cond: ((k >= 6940961) AND (k <= 6941061))
	  ->  Bitmap Index Scan on k_3  (cost=0.00..5.40 rows=97 width=0)
	        Index Cond: ((k >= 6940961) AND (k <= 6941061))

table 4 : explain SELECT k, c FROM sbtest4 WHERE k BETWEEN 6940961 AND 6941061
	Bitmap Heap Scan on sbtest4  (cost=5.46..401.72 rows=100 width=125)
	  Recheck Cond: ((k >= 6940961) AND (k <= 6941061))
	  ->  Bitmap Index Scan on k_4  (cost=0.00..5.43 rows=100 width=0)
	        Index Cond: ((k >= 6940961) AND (k <= 6941061))

table 5 : explain SELECT k, c FROM sbtest5 WHERE k BETWEEN 6940961 AND 6941061
	Bitmap Heap Scan on sbtest5  (cost=5.53..429.18 rows=107 width=125)
	  Recheck Cond: ((k >= 6940961) AND (k <= 6941061))
	  ->  Bitmap Index Scan on k_5  (cost=0.00..5.50 rows=107 width=0)
	        Index Cond: ((k >= 6940961) AND (k <= 6941061))

table 6 : explain SELECT k, c FROM sbtest6 WHERE k BETWEEN 6940961 AND 6941061
	Bitmap Heap Scan on sbtest6  (cost=5.44..393.74 rows=98 width=125)
	  Recheck Cond: ((k >= 6940961) AND (k <= 6941061))
	  ->  Bitmap Index Scan on k_6  (cost=0.00..5.42 rows=98 width=0)
	        Index Cond: ((k >= 6940961) AND (k <= 6941061))

table 7 : explain SELECT k, c FROM sbtest7 WHERE k BETWEEN 6940961 AND 6941061
	Bitmap Heap Scan on sbtest7  (cost=5.67..480.65 rows=120 width=125)
	  Recheck Cond: ((k >= 6940961) AND (k <= 6941061))
	  ->  Bitmap Index Scan on k_7  (cost=0.00..5.63 rows=120 width=0)
	        Index Cond: ((k >= 6940961) AND (k <= 6941061))

table 8 : explain SELECT k, c FROM sbtest8 WHERE k BETWEEN 6940961 AND 6941061
	Bitmap Heap Scan on sbtest8  (cost=5.52..425.22 rows=106 width=125)
	  Recheck Cond: ((k >= 6940961) AND (k <= 6941061))
	  ->  Bitmap Index Scan on k_8  (cost=0.00..5.50 rows=106 width=0)
	        Index Cond: ((k >= 6940961) AND (k <= 6941061))

explain: for range-notcovered :: explain SELECT k, c FROM sbtest%d WHERE k BETWEEN 6945512 AND 6945612
explain: for range-notcovered :: explain SELECT k, c FROM sbtest%d WHERE k BETWEEN 6940961 AND 6941061
for range-notcovered
table 1 : explain SELECT k, c FROM sbtest1 WHERE k BETWEEN 2264125 AND 2264225
	Bitmap Heap Scan on sbtest1  (cost=5.52..425.26 rows=106 width=125)
	  Recheck Cond: ((k >= 2264125) AND (k <= 2264225))
	  ->  Bitmap Index Scan on k_1  (cost=0.00..5.50 rows=106 width=0)
	        Index Cond: ((k >= 2264125) AND (k <= 2264225))

table 2 : explain SELECT k, c FROM sbtest2 WHERE k BETWEEN 2264125 AND 2264225
	Bitmap Heap Scan on sbtest2  (cost=5.50..417.34 rows=104 width=125)
	  Recheck Cond: ((k >= 2264125) AND (k <= 2264225))
	  ->  Bitmap Index Scan on k_2  (cost=0.00..5.47 rows=104 width=0)
	        Index Cond: ((k >= 2264125) AND (k <= 2264225))

table 3 : explain SELECT k, c FROM sbtest3 WHERE k BETWEEN 2264125 AND 2264225
	Bitmap Heap Scan on sbtest3  (cost=5.40..378.07 rows=94 width=125)
	  Recheck Cond: ((k >= 2264125) AND (k <= 2264225))
	  ->  Bitmap Index Scan on k_3  (cost=0.00..5.38 rows=94 width=0)
	        Index Cond: ((k >= 2264125) AND (k <= 2264225))

table 4 : explain SELECT k, c FROM sbtest4 WHERE k BETWEEN 2264125 AND 2264225
	Bitmap Heap Scan on sbtest4  (cost=5.45..397.77 rows=99 width=125)
	  Recheck Cond: ((k >= 2264125) AND (k <= 2264225))
	  ->  Bitmap Index Scan on k_4  (cost=0.00..5.42 rows=99 width=0)
	        Index Cond: ((k >= 2264125) AND (k <= 2264225))

table 5 : explain SELECT k, c FROM sbtest5 WHERE k BETWEEN 2264125 AND 2264225
	Bitmap Heap Scan on sbtest5  (cost=5.47..405.52 rows=101 width=125)
	  Recheck Cond: ((k >= 2264125) AND (k <= 2264225))
	  ->  Bitmap Index Scan on k_5  (cost=0.00..5.44 rows=101 width=0)
	        Index Cond: ((k >= 2264125) AND (k <= 2264225))

table 6 : explain SELECT k, c FROM sbtest6 WHERE k BETWEEN 2264125 AND 2264225
	Bitmap Heap Scan on sbtest6  (cost=5.45..397.68 rows=99 width=125)
	  Recheck Cond: ((k >= 2264125) AND (k <= 2264225))
	  ->  Bitmap Index Scan on k_6  (cost=0.00..5.42 rows=99 width=0)
	        Index Cond: ((k >= 2264125) AND (k <= 2264225))

table 7 : explain SELECT k, c FROM sbtest7 WHERE k BETWEEN 2264125 AND 2264225
	Bitmap Heap Scan on sbtest7  (cost=5.49..413.61 rows=103 width=125)
	  Recheck Cond: ((k >= 2264125) AND (k <= 2264225))
	  ->  Bitmap Index Scan on k_7  (cost=0.00..5.46 rows=103 width=0)
	        Index Cond: ((k >= 2264125) AND (k <= 2264225))

table 8 : explain SELECT k, c FROM sbtest8 WHERE k BETWEEN 2264125 AND 2264225
	Bitmap Heap Scan on sbtest8  (cost=5.46..401.56 rows=100 width=125)
	  Recheck Cond: ((k >= 2264125) AND (k <= 2264225))
	  ->  Bitmap Index Scan on k_8  (cost=0.00..5.43 rows=100 width=0)
	        Index Cond: ((k >= 2264125) AND (k <= 2264225))

explain: for range-notcovered :: explain SELECT k, c FROM sbtest%d WHERE k BETWEEN 2264125 AND 2264225for range-notcovered
table 1 : explain SELECT k, c FROM sbtest1 WHERE k BETWEEN 4557500 AND 4557600
	Bitmap Heap Scan on sbtest1  (cost=5.38..370.03 rows=92 width=125)
	  Recheck Cond: ((k >= 4557500) AND (k <= 4557600))
	  ->  Bitmap Index Scan on k_1  (cost=0.00..5.35 rows=92 width=0)
	        Index Cond: ((k >= 4557500) AND (k <= 4557600))

table 2 : explain SELECT k, c FROM sbtest2 WHERE k BETWEEN 4557500 AND 4557600
	Bitmap Heap Scan on sbtest2  (cost=5.55..437.05 rows=109 width=125)
	  Recheck Cond: ((k >= 4557500) AND (k <= 4557600))
	  ->  Bitmap Index Scan on k_2  (cost=0.00..5.52 rows=109 width=0)
	        Index Cond: ((k >= 4557500) AND (k <= 4557600))

table 3 : explain SELECT k, c FROM sbtest3 WHERE k BETWEEN 4557500 AND 4557600
	Bitmap Heap Scan on sbtest3  (cost=5.50..417.54 rows=104 width=125)
	  Recheck Cond: ((k >= 4557500) AND (k <= 4557600))
	  ->  Bitmap Index Scan on k_3  (cost=0.00..5.47 rows=104 width=0)
	        Index Cond: ((k >= 4557500) AND (k <= 4557600))

table 4 : explain SELECT k, c FROM sbtest4 WHERE k BETWEEN 4557500 AND 4557600
	Bitmap Heap Scan on sbtest4  (cost=5.53..429.34 rows=107 width=125)
	  Recheck Cond: ((k >= 4557500) AND (k <= 4557600))
	  ->  Bitmap Index Scan on k_4  (cost=0.00..5.50 rows=107 width=0)
	        Index Cond: ((k >= 4557500) AND (k <= 4557600))

table 5 : explain SELECT k, c FROM sbtest5 WHERE k BETWEEN 4557500 AND 4557600
	Bitmap Heap Scan on sbtest5  (cost=5.51..421.30 rows=105 width=125)
	  Recheck Cond: ((k >= 4557500) AND (k <= 4557600))
	  ->  Bitmap Index Scan on k_5  (cost=0.00..5.48 rows=105 width=0)
	        Index Cond: ((k >= 4557500) AND (k <= 4557600))

table 6 : explain SELECT k, c FROM sbtest6 WHERE k BETWEEN 4557500 AND 4557600
	Bitmap Heap Scan on sbtest6  (cost=5.42..385.84 rows=96 width=125)
	  Recheck Cond: ((k >= 4557500) AND (k <= 4557600))
	  ->  Bitmap Index Scan on k_6  (cost=0.00..5.39 rows=96 width=0)
	        Index Cond: ((k >= 4557500) AND (k <= 4557600))

table 7 : explain SELECT k, c FROM sbtest7 WHERE k BETWEEN 4557500 AND 4557600
	Bitmap Heap Scan on sbtest7  (cost=5.43..389.93 rows=97 width=125)
	  Recheck Cond: ((k >= 4557500) AND (k <= 4557600))
	  ->  Bitmap Index Scan on k_7  (cost=0.00..5.40 rows=97 width=0)
	        Index Cond: ((k >= 4557500) AND (k <= 4557600))

table 8 : explain SELECT k, c FROM sbtest8 WHERE k BETWEEN 4557500 AND 4557600
	Bitmap Heap Scan on sbtest8  (cost=5.48..409.45 rows=102 width=125)
	  Recheck Cond: ((k >= 4557500) AND (k <= 4557600))
	  ->  Bitmap Index Scan on k_8  (cost=0.00..5.45 rows=102 width=0)
	        Index Cond: ((k >= 4557500) AND (k <= 4557600))


for range-notcovered
table 1 : explain SELECT k, c FROM sbtest1 WHERE k BETWEEN 6198458 AND 6198558
	Bitmap Heap Scan on sbtest1  (cost=5.34..354.23 rows=88 width=125)
	  Recheck Cond: ((k >= 6198458) AND (k <= 6198558))
	  ->  Bitmap Index Scan on k_1  (cost=0.00..5.31 rows=88 width=0)
	        Index Cond: ((k >= 6198458) AND (k <= 6198558))

table 2 : explain SELECT k, c FROM sbtest2 WHERE k BETWEEN 6198458 AND 6198558
	Bitmap Heap Scan on sbtest2  (cost=5.44..393.67 rows=98 width=125)
	  Recheck Cond: ((k >= 6198458) AND (k <= 6198558))
	  ->  Bitmap Index Scan on k_2  (cost=0.00..5.42 rows=98 width=0)
	        Index Cond: ((k >= 6198458) AND (k <= 6198558))

table 3 : explain SELECT k, c FROM sbtest3 WHERE k BETWEEN 6198458 AND 6198558
	Bitmap Heap Scan on sbtest3  (cost=5.48..409.65 rows=102 width=125)
	  Recheck Cond: ((k >= 6198458) AND (k <= 6198558))
	  ->  Bitmap Index Scan on k_3  (cost=0.00..5.45 rows=102 width=0)
	        Index Cond: ((k >= 6198458) AND (k <= 6198558))

table 4 : explain SELECT k, c FROM sbtest4 WHERE k BETWEEN 6198458 AND 6198558
	Bitmap Heap Scan on sbtest4  (cost=5.46..401.72 rows=100 width=125)
	  Recheck Cond: ((k >= 6198458) AND (k <= 6198558))
	  ->  Bitmap Index Scan on k_4  (cost=0.00..5.43 rows=100 width=0)
	        Index Cond: ((k >= 6198458) AND (k <= 6198558))

table 5 : explain SELECT k, c FROM sbtest5 WHERE k BETWEEN 6198458 AND 6198558
	Bitmap Heap Scan on sbtest5  (cost=5.55..437.06 rows=109 width=125)
	  Recheck Cond: ((k >= 6198458) AND (k <= 6198558))
	  ->  Bitmap Index Scan on k_5  (cost=0.00..5.52 rows=109 width=0)
	        Index Cond: ((k >= 6198458) AND (k <= 6198558))

table 6 : explain SELECT k, c FROM sbtest6 WHERE k BETWEEN 6198458 AND 6198558
	Bitmap Heap Scan on sbtest6  (cost=5.48..409.52 rows=102 width=125)
	  Recheck Cond: ((k >= 6198458) AND (k <= 6198558))
	  ->  Bitmap Index Scan on k_6  (cost=0.00..5.45 rows=102 width=0)
	        Index Cond: ((k >= 6198458) AND (k <= 6198558))

table 7 : explain SELECT k, c FROM sbtest7 WHERE k BETWEEN 6198458 AND 6198558
	Bitmap Heap Scan on sbtest7  (cost=5.42..385.98 rows=96 width=125)
	  Recheck Cond: ((k >= 6198458) AND (k <= 6198558))
	  ->  Bitmap Index Scan on k_7  (cost=0.00..5.39 rows=96 width=0)
	        Index Cond: ((k >= 6198458) AND (k <= 6198558))

table 8 : explain SELECT k, c FROM sbtest8 WHERE k BETWEEN 6198458 AND 6198558
	Bitmap Heap Scan on sbtest8  (cost=5.56..440.98 rows=110 width=125)
	  Recheck Cond: ((k >= 6198458) AND (k <= 6198558))
	  ->  Bitmap Index Scan on k_8  (cost=0.00..5.53 rows=110 width=0)
	        Index Cond: ((k >= 6198458) AND (k <= 6198558))

explain: for range-notcovered :: explain SELECT k, c FROM sbtest%d WHERE k BETWEEN 4557500 AND 4557600
explain: for range-notcovered :: explain SELECT k, c FROM sbtest%d WHERE k BETWEEN 6198458 AND 6198558
for range-notcovered
table 1 : explain SELECT k, c FROM sbtest1 WHERE k BETWEEN 4830844 AND 4830944
	Bitmap Heap Scan on sbtest1  (cost=5.48..409.49 rows=102 width=125)
	  Recheck Cond: ((k >= 4830844) AND (k <= 4830944))
	  ->  Bitmap Index Scan on k_1  (cost=0.00..5.45 rows=102 width=0)
	        Index Cond: ((k >= 4830844) AND (k <= 4830944))

table 2 : explain SELECT k, c FROM sbtest2 WHERE k BETWEEN 4830844 AND 4830944
	Bitmap Heap Scan on sbtest2  (cost=5.46..401.56 rows=100 width=125)
	  Recheck Cond: ((k >= 4830844) AND (k <= 4830944))
	  ->  Bitmap Index Scan on k_2  (cost=0.00..5.43 rows=100 width=0)
	        Index Cond: ((k >= 4830844) AND (k <= 4830944))

table 3 : explain SELECT k, c FROM sbtest3 WHERE k BETWEEN 4830844 AND 4830944
	Bitmap Heap Scan on sbtest3  (cost=5.51..421.49 rows=105 width=125)
	  Recheck Cond: ((k >= 4830844) AND (k <= 4830944))
	  ->  Bitmap Index Scan on k_3  (cost=0.00..5.48 rows=105 width=0)
	        Index Cond: ((k >= 4830844) AND (k <= 4830944))

table 4 : explain SELECT k, c FROM sbtest4 WHERE k BETWEEN 4830844 AND 4830944
	Bitmap Heap Scan on sbtest4  (cost=5.51..421.45 rows=105 width=125)
	  Recheck Cond: ((k >= 4830844) AND (k <= 4830944))
	  ->  Bitmap Index Scan on k_4  (cost=0.00..5.48 rows=105 width=0)
	        Index Cond: ((k >= 4830844) AND (k <= 4830944))

table 5 : explain SELECT k, c FROM sbtest5 WHERE k BETWEEN 4830844 AND 4830944
	Bitmap Heap Scan on sbtest5  (cost=5.43..389.74 rows=97 width=125)
	  Recheck Cond: ((k >= 4830844) AND (k <= 4830944))
	  ->  Bitmap Index Scan on k_5  (cost=0.00..5.40 rows=97 width=0)
	        Index Cond: ((k >= 4830844) AND (k <= 4830944))

table 6 : explain SELECT k, c FROM sbtest6 WHERE k BETWEEN 4830844 AND 4830944
	Bitmap Heap Scan on sbtest6  (cost=5.62..464.70 rows=116 width=125)
	  Recheck Cond: ((k >= 4830844) AND (k <= 4830944))
	  ->  Bitmap Index Scan on k_6  (cost=0.00..5.59 rows=116 width=0)
	        Index Cond: ((k >= 4830844) AND (k <= 4830944))

table 7 : explain SELECT k, c FROM sbtest7 WHERE k BETWEEN 4830844 AND 4830944
	Bitmap Heap Scan on sbtest7  (cost=5.47..405.72 rows=101 width=125)
	  Recheck Cond: ((k >= 4830844) AND (k <= 4830944))
	  ->  Bitmap Index Scan on k_7  (cost=0.00..5.44 rows=101 width=0)
	        Index Cond: ((k >= 4830844) AND (k <= 4830944))

table 8 : explain SELECT k, c FROM sbtest8 WHERE k BETWEEN 4830844 AND 4830944
	Bitmap Heap Scan on sbtest8  (cost=5.46..401.56 rows=100 width=125)
	  Recheck Cond: ((k >= 4830844) AND (k <= 4830944))
	  ->  Bitmap Index Scan on k_8  (cost=0.00..5.43 rows=100 width=0)
	        Index Cond: ((k >= 4830844) AND (k <= 4830944))

for range-notcovered
table 1 : explain SELECT k, c FROM sbtest1 WHERE k BETWEEN 6856335 AND 6856435
	Bitmap Heap Scan on sbtest1  (cost=5.52..425.26 rows=106 width=125)
	  Recheck Cond: ((k >= 6856335) AND (k <= 6856435))
	  ->  Bitmap Index Scan on k_1  (cost=0.00..5.50 rows=106 width=0)
	        Index Cond: ((k >= 6856335) AND (k <= 6856435))

table 2 : explain SELECT k, c FROM sbtest2 WHERE k BETWEEN 6856335 AND 6856435
	Bitmap Heap Scan on sbtest2  (cost=5.45..397.62 rows=99 width=125)
	  Recheck Cond: ((k >= 6856335) AND (k <= 6856435))
	  ->  Bitmap Index Scan on k_2  (cost=0.00..5.42 rows=99 width=0)
	        Index Cond: ((k >= 6856335) AND (k <= 6856435))

table 3 : explain SELECT k, c FROM sbtest3 WHERE k BETWEEN 6856335 AND 6856435
	Bitmap Heap Scan on sbtest3  (cost=5.56..441.21 rows=110 width=125)
	  Recheck Cond: ((k >= 6856335) AND (k <= 6856435))
	  ->  Bitmap Index Scan on k_3  (cost=0.00..5.53 rows=110 width=0)
	        Index Cond: ((k >= 6856335) AND (k <= 6856435))

table 4 : explain SELECT k, c FROM sbtest4 WHERE k BETWEEN 6856335 AND 6856435
	Bitmap Heap Scan on sbtest4  (cost=5.49..413.56 rows=103 width=125)
	  Recheck Cond: ((k >= 6856335) AND (k <= 6856435))
	  ->  Bitmap Index Scan on k_4  (cost=0.00..5.46 rows=103 width=0)
	        Index Cond: ((k >= 6856335) AND (k <= 6856435))

table 5 : explain SELECT k, c FROM sbtest5 WHERE k BETWEEN 6856335 AND 6856435
	Bitmap Heap Scan on sbtest5  (cost=5.55..437.06 rows=109 width=125)
	  Recheck Cond: ((k >= 6856335) AND (k <= 6856435))
	  ->  Bitmap Index Scan on k_5  (cost=0.00..5.52 rows=109 width=0)
	        Index Cond: ((k >= 6856335) AND (k <= 6856435))

table 6 : explain SELECT k, c FROM sbtest6 WHERE k BETWEEN 6856335 AND 6856435
	Bitmap Heap Scan on sbtest6  (cost=5.45..397.68 rows=99 width=125)
	  Recheck Cond: ((k >= 6856335) AND (k <= 6856435))
	  ->  Bitmap Index Scan on k_6  (cost=0.00..5.42 rows=99 width=0)
	        Index Cond: ((k >= 6856335) AND (k <= 6856435))

table 7 : explain SELECT k, c FROM sbtest7 WHERE k BETWEEN 6856335 AND 6856435
	Bitmap Heap Scan on sbtest7  (cost=5.35..358.33 rows=89 width=125)
	  Recheck Cond: ((k >= 6856335) AND (k <= 6856435))
	  ->  Bitmap Index Scan on k_7  (cost=0.00..5.32 rows=89 width=0)
	        Index Cond: ((k >= 6856335) AND (k <= 6856435))

table 8 : explain SELECT k, c FROM sbtest8 WHERE k BETWEEN 6856335 AND 6856435
	Bitmap Heap Scan on sbtest8  (cost=5.45..397.61 rows=99 width=125)
	  Recheck Cond: ((k >= 6856335) AND (k <= 6856435))
	  ->  Bitmap Index Scan on k_8  (cost=0.00..5.42 rows=99 width=0)
	        Index Cond: ((k >= 6856335) AND (k <= 6856435))

for range-notcovered
table 1 : explain SELECT k, c FROM sbtest1 WHERE k BETWEEN 7407913 AND 7408013
	Bitmap Heap Scan on sbtest1  (cost=5.53..429.21 rows=107 width=125)
	  Recheck Cond: ((k >= 7407913) AND (k <= 7408013))
	  ->  Bitmap Index Scan on k_1  (cost=0.00..5.50 rows=107 width=0)
	        Index Cond: ((k >= 7407913) AND (k <= 7408013))

table 2 : explain SELECT k, c FROM sbtest2 WHERE k BETWEEN 7407913 AND 7408013
	Bitmap Heap Scan on sbtest2  (cost=5.53..429.16 rows=107 width=125)
	  Recheck Cond: ((k >= 7407913) AND (k <= 7408013))
	  ->  Bitmap Index Scan on k_2  (cost=0.00..5.50 rows=107 width=0)
	        Index Cond: ((k >= 7407913) AND (k <= 7408013))

table 3 : explain SELECT k, c FROM sbtest3 WHERE k BETWEEN 7407913 AND 7408013
	Bitmap Heap Scan on sbtest3  (cost=5.46..401.76 rows=100 width=125)
	  Recheck Cond: ((k >= 7407913) AND (k <= 7408013))
	  ->  Bitmap Index Scan on k_3  (cost=0.00..5.43 rows=100 width=0)
	        Index Cond: ((k >= 7407913) AND (k <= 7408013))

table 4 : explain SELECT k, c FROM sbtest4 WHERE k BETWEEN 7407913 AND 7408013
	Bitmap Heap Scan on sbtest4  (cost=5.48..409.61 rows=102 width=125)
	  Recheck Cond: ((k >= 7407913) AND (k <= 7408013))
	  ->  Bitmap Index Scan on k_4  (cost=0.00..5.45 rows=102 width=0)
	        Index Cond: ((k >= 7407913) AND (k <= 7408013))

table 5 : explain SELECT k, c FROM sbtest5 WHERE k BETWEEN 7407913 AND 7408013
	Bitmap Heap Scan on sbtest5  (cost=5.42..385.80 rows=96 width=125)
	  Recheck Cond: ((k >= 7407913) AND (k <= 7408013))
	  ->  Bitmap Index Scan on k_5  (cost=0.00..5.39 rows=96 width=0)
	        Index Cond: ((k >= 7407913) AND (k <= 7408013))

table 6 : explain SELECT k, c FROM sbtest6 WHERE k BETWEEN 7407913 AND 7408013
	Bitmap Heap Scan on sbtest6  (cost=5.52..425.29 rows=106 width=125)
	  Recheck Cond: ((k >= 7407913) AND (k <= 7408013))
	  ->  Bitmap Index Scan on k_6  (cost=0.00..5.50 rows=106 width=0)
	        Index Cond: ((k >= 7407913) AND (k <= 7408013))

table 7 : explain SELECT k, c FROM sbtest7 WHERE k BETWEEN 7407913 AND 7408013
	Bitmap Heap Scan on sbtest7  (cost=5.49..413.61 rows=103 width=125)
	  Recheck Cond: ((k >= 7407913) AND (k <= 7408013))
	  ->  Bitmap Index Scan on k_7  (cost=0.00..5.46 rows=103 width=0)
	        Index Cond: ((k >= 7407913) AND (k <= 7408013))

table 8 : explain SELECT k, c FROM sbtest8 WHERE k BETWEEN 7407913 AND 7408013
	Bitmap Heap Scan on sbtest8  (cost=5.53..429.16 rows=107 width=125)
	  Recheck Cond: ((k >= 7407913) AND (k <= 7408013))
	  ->  Bitmap Index Scan on k_8  (cost=0.00..5.50 rows=107 width=0)
	        Index Cond: ((k >= 7407913) AND (k <= 7408013))

explain: for range-notcovered :: explain SELECT k, c FROM sbtest%d WHERE k BETWEEN 4830844 AND 4830944
explain: for range-notcovered :: explain SELECT k, c FROM sbtest%d WHERE k BETWEEN 7077320 AND 7077420
explain: for range-notcovered :: explain SELECT k, c FROM sbtest%d WHERE k BETWEEN 6856335 AND 6856435
explain: for range-notcovered :: explain SELECT k, c FROM sbtest%d WHERE k BETWEEN 7407913 AND 7408013
explain: for range-notcovered :: explain SELECT k, c FROM sbtest%d WHERE k BETWEEN 4671107 AND 4671207
for range-notcovered
table 1 : explain SELECT k, c FROM sbtest1 WHERE k BETWEEN 7650953 AND 7651053
	Bitmap Heap Scan on sbtest1  (cost=5.42..385.82 rows=96 width=125)
	  Recheck Cond: ((k >= 7650953) AND (k <= 7651053))
	  ->  Bitmap Index Scan on k_1  (cost=0.00..5.39 rows=96 width=0)
	        Index Cond: ((k >= 7650953) AND (k <= 7651053))

table 2 : explain SELECT k, c FROM sbtest2 WHERE k BETWEEN 7650953 AND 7651053
	Bitmap Heap Scan on sbtest2  (cost=5.45..397.62 rows=99 width=125)
	  Recheck Cond: ((k >= 7650953) AND (k <= 7651053))
	  ->  Bitmap Index Scan on k_2  (cost=0.00..5.42 rows=99 width=0)
	        Index Cond: ((k >= 7650953) AND (k <= 7651053))

table 3 : explain SELECT k, c FROM sbtest3 WHERE k BETWEEN 7650953 AND 7651053
	Bitmap Heap Scan on sbtest3  (cost=5.46..401.76 rows=100 width=125)
	  Recheck Cond: ((k >= 7650953) AND (k <= 7651053))
	  ->  Bitmap Index Scan on k_3  (cost=0.00..5.43 rows=100 width=0)
	        Index Cond: ((k >= 7650953) AND (k <= 7651053))

table 4 : explain SELECT k, c FROM sbtest4 WHERE k BETWEEN 7650953 AND 7651053
	Bitmap Heap Scan on sbtest4  (cost=5.52..425.39 rows=106 width=125)
	  Recheck Cond: ((k >= 7650953) AND (k <= 7651053))
	  ->  Bitmap Index Scan on k_4  (cost=0.00..5.50 rows=106 width=0)
	        Index Cond: ((k >= 7650953) AND (k <= 7651053))

table 5 : explain SELECT k, c FROM sbtest5 WHERE k BETWEEN 7650953 AND 7651053
	Bitmap Heap Scan on sbtest5  (cost=5.40..377.90 rows=94 width=125)
	  Recheck Cond: ((k >= 7650953) AND (k <= 7651053))
	  ->  Bitmap Index Scan on k_5  (cost=0.00..5.38 rows=94 width=0)
	        Index Cond: ((k >= 7650953) AND (k <= 7651053))

table 6 : explain SELECT k, c FROM sbtest6 WHERE k BETWEEN 7650953 AND 7651053
	Bitmap Heap Scan on sbtest6  (cost=5.48..409.52 rows=102 width=125)
	  Recheck Cond: ((k >= 7650953) AND (k <= 7651053))
	  ->  Bitmap Index Scan on k_6  (cost=0.00..5.45 rows=102 width=0)
	        Index Cond: ((k >= 7650953) AND (k <= 7651053))

table 7 : explain SELECT k, c FROM sbtest7 WHERE k BETWEEN 7650953 AND 7651053
	Bitmap Heap Scan on sbtest7  (cost=5.46..401.77 rows=100 width=125)
	  Recheck Cond: ((k >= 7650953) AND (k <= 7651053))
	  ->  Bitmap Index Scan on k_7  (cost=0.00..5.43 rows=100 width=0)
	        Index Cond: ((k >= 7650953) AND (k <= 7651053))

table 8 : explain SELECT k, c FROM sbtest8 WHERE k BETWEEN 7650953 AND 7651053
	Bitmap Heap Scan on sbtest8  (cost=5.50..417.33 rows=104 width=125)
	  Recheck Cond: ((k >= 7650953) AND (k <= 7651053))
	  ->  Bitmap Index Scan on k_8  (cost=0.00..5.47 rows=104 width=0)
	        Index Cond: ((k >= 7650953) AND (k <= 7651053))

explain: for range-notcovered :: explain SELECT k, c FROM sbtest%d WHERE k BETWEEN 7650953 AND 7651053
for range-notcovered
table 1 : explain SELECT k, c FROM sbtest1 WHERE k BETWEEN 7568207 AND 7568307
	Bitmap Heap Scan on sbtest1  (cost=5.47..405.55 rows=101 width=125)
	  Recheck Cond: ((k >= 7568207) AND (k <= 7568307))
	  ->  Bitmap Index Scan on k_1  (cost=0.00..5.44 rows=101 width=0)
	        Index Cond: ((k >= 7568207) AND (k <= 7568307))

table 2 : explain SELECT k, c FROM sbtest2 WHERE k BETWEEN 7568207 AND 7568307
	Bitmap Heap Scan on sbtest2  (cost=5.47..405.51 rows=101 width=125)
	  Recheck Cond: ((k >= 7568207) AND (k <= 7568307))
	  ->  Bitmap Index Scan on k_2  (cost=0.00..5.44 rows=101 width=0)
	        Index Cond: ((k >= 7568207) AND (k <= 7568307))

table 3 : explain SELECT k, c FROM sbtest3 WHERE k BETWEEN 7568207 AND 7568307
	Bitmap Heap Scan on sbtest3  (cost=5.54..433.32 rows=108 width=125)
	  Recheck Cond: ((k >= 7568207) AND (k <= 7568307))
	  ->  Bitmap Index Scan on k_3  (cost=0.00..5.51 rows=108 width=0)
	        Index Cond: ((k >= 7568207) AND (k <= 7568307))

table 4 : explain SELECT k, c FROM sbtest4 WHERE k BETWEEN 7568207 AND 7568307
	Bitmap Heap Scan on sbtest4  (cost=5.44..393.83 rows=98 width=125)
	  Recheck Cond: ((k >= 7568207) AND (k <= 7568307))
	  ->  Bitmap Index Scan on k_4  (cost=0.00..5.42 rows=98 width=0)
	        Index Cond: ((k >= 7568207) AND (k <= 7568307))

table 5 : explain SELECT k, c FROM sbtest5 WHERE k BETWEEN 7568207 AND 7568307
	Bitmap Heap Scan on sbtest5  (cost=5.55..437.06 rows=109 width=125)
	  Recheck Cond: ((k >= 7568207) AND (k <= 7568307))
	  ->  Bitmap Index Scan on k_5  (cost=0.00..5.52 rows=109 width=0)
	        Index Cond: ((k >= 7568207) AND (k <= 7568307))

table 6 : explain SELECT k, c FROM sbtest6 WHERE k BETWEEN 7568207 AND 7568307
	Bitmap Heap Scan on sbtest6  (cost=5.55..437.12 rows=109 width=125)
	  Recheck Cond: ((k >= 7568207) AND (k <= 7568307))
	  ->  Bitmap Index Scan on k_6  (cost=0.00..5.52 rows=109 width=0)
	        Index Cond: ((k >= 7568207) AND (k <= 7568307))

table 7 : explain SELECT k, c FROM sbtest7 WHERE k BETWEEN 7568207 AND 7568307
	Bitmap Heap Scan on sbtest7  (cost=5.41..382.03 rows=95 width=125)
	  Recheck Cond: ((k >= 7568207) AND (k <= 7568307))
	  ->  Bitmap Index Scan on k_7  (cost=0.00..5.38 rows=95 width=0)
	        Index Cond: ((k >= 7568207) AND (k <= 7568307))

table 8 : explain SELECT k, c FROM sbtest8 WHERE k BETWEEN 7568207 AND 7568307
	Bitmap Heap Scan on sbtest8  (cost=5.49..413.39 rows=103 width=125)
	  Recheck Cond: ((k >= 7568207) AND (k <= 7568307))
	  ->  Bitmap Index Scan on k_8  (cost=0.00..5.46 rows=103 width=0)
	        Index Cond: ((k >= 7568207) AND (k <= 7568307))

for range-notcovered
table 1 : explain SELECT k, c FROM sbtest1 WHERE k BETWEEN 6940961 AND 6941061
	Bitmap Heap Scan on sbtest1  (cost=5.61..460.73 rows=115 width=125)
	  Recheck Cond: ((k >= 6940961) AND (k <= 6941061))
	  ->  Bitmap Index Scan on k_1  (cost=0.00..5.58 rows=115 width=0)
	        Index Cond: ((k >= 6940961) AND (k <= 6941061))

table 2 : explain SELECT k, c FROM sbtest2 WHERE k BETWEEN 6940961 AND 6941061
	Bitmap Heap Scan on sbtest2  (cost=5.56..440.99 rows=110 width=125)
	  Recheck Cond: ((k >= 6940961) AND (k <= 6941061))
	  ->  Bitmap Index Scan on k_2  (cost=0.00..5.53 rows=110 width=0)
	        Index Cond: ((k >= 6940961) AND (k <= 6941061))

table 3 : explain SELECT k, c FROM sbtest3 WHERE k BETWEEN 6940961 AND 6941061
	Bitmap Heap Scan on sbtest3  (cost=5.43..389.92 rows=97 width=125)
	  Recheck Cond: ((k >= 6940961) AND (k <= 6941061))
	  ->  Bitmap Index Scan on k_3  (cost=0.00..5.40 rows=97 width=0)
	        Index Cond: ((k >= 6940961) AND (k <= 6941061))

table 4 : explain SELECT k, c FROM sbtest4 WHERE k BETWEEN 6940961 AND 6941061
	Bitmap Heap Scan on sbtest4  (cost=5.46..401.72 rows=100 width=125)
	  Recheck Cond: ((k >= 6940961) AND (k <= 6941061))
	  ->  Bitmap Index Scan on k_4  (cost=0.00..5.43 rows=100 width=0)
	        Index Cond: ((k >= 6940961) AND (k <= 6941061))

table 5 : explain SELECT k, c FROM sbtest5 WHERE k BETWEEN 6940961 AND 6941061
	Bitmap Heap Scan on sbtest5  (cost=5.53..429.18 rows=107 width=125)
	  Recheck Cond: ((k >= 6940961) AND (k <= 6941061))
	  ->  Bitmap Index Scan on k_5  (cost=0.00..5.50 rows=107 width=0)
	        Index Cond: ((k >= 6940961) AND (k <= 6941061))

table 6 : explain SELECT k, c FROM sbtest6 WHERE k BETWEEN 6940961 AND 6941061
	Bitmap Heap Scan on sbtest6  (cost=5.44..393.74 rows=98 width=125)
	  Recheck Cond: ((k >= 6940961) AND (k <= 6941061))
	  ->  Bitmap Index Scan on k_6  (cost=0.00..5.42 rows=98 width=0)
	        Index Cond: ((k >= 6940961) AND (k <= 6941061))

table 7 : explain SELECT k, c FROM sbtest7 WHERE k BETWEEN 6940961 AND 6941061
	Bitmap Heap Scan on sbtest7  (cost=5.67..480.65 rows=120 width=125)
	  Recheck Cond: ((k >= 6940961) AND (k <= 6941061))
	  ->  Bitmap Index Scan on k_7  (cost=0.00..5.63 rows=120 width=0)
	        Index Cond: ((k >= 6940961) AND (k <= 6941061))

table 8 : explain SELECT k, c FROM sbtest8 WHERE k BETWEEN 6940961 AND 6941061
	Bitmap Heap Scan on sbtest8  (cost=5.52..425.22 rows=106 width=125)
	  Recheck Cond: ((k >= 6940961) AND (k <= 6941061))
	  ->  Bitmap Index Scan on k_8  (cost=0.00..5.50 rows=106 width=0)
	        Index Cond: ((k >= 6940961) AND (k <= 6941061))

for range-notcovered
table 1 : explain SELECT k, c FROM sbtest1 WHERE k BETWEEN 6945512 AND 6945612
	Bitmap Heap Scan on sbtest1  (cost=5.61..460.73 rows=115 width=125)
	  Recheck Cond: ((k >= 6945512) AND (k <= 6945612))
	  ->  Bitmap Index Scan on k_1  (cost=0.00..5.58 rows=115 width=0)
	        Index Cond: ((k >= 6945512) AND (k <= 6945612))

table 2 : explain SELECT k, c FROM sbtest2 WHERE k BETWEEN 6945512 AND 6945612
	Bitmap Heap Scan on sbtest2  (cost=5.56..440.99 rows=110 width=125)
	  Recheck Cond: ((k >= 6945512) AND (k <= 6945612))
	  ->  Bitmap Index Scan on k_2  (cost=0.00..5.53 rows=110 width=0)
	        Index Cond: ((k >= 6945512) AND (k <= 6945612))

table 3 : explain SELECT k, c FROM sbtest3 WHERE k BETWEEN 6945512 AND 6945612
	Bitmap Heap Scan on sbtest3  (cost=5.43..389.92 rows=97 width=125)
	  Recheck Cond: ((k >= 6945512) AND (k <= 6945612))
	  ->  Bitmap Index Scan on k_3  (cost=0.00..5.40 rows=97 width=0)
	        Index Cond: ((k >= 6945512) AND (k <= 6945612))

table 4 : explain SELECT k, c FROM sbtest4 WHERE k BETWEEN 6945512 AND 6945612
	Bitmap Heap Scan on sbtest4  (cost=5.46..401.72 rows=100 width=125)
	  Recheck Cond: ((k >= 6945512) AND (k <= 6945612))
	  ->  Bitmap Index Scan on k_4  (cost=0.00..5.43 rows=100 width=0)
	        Index Cond: ((k >= 6945512) AND (k <= 6945612))

table 5 : explain SELECT k, c FROM sbtest5 WHERE k BETWEEN 6945512 AND 6945612
	Bitmap Heap Scan on sbtest5  (cost=5.53..429.18 rows=107 width=125)
	  Recheck Cond: ((k >= 6945512) AND (k <= 6945612))
	  ->  Bitmap Index Scan on k_5  (cost=0.00..5.50 rows=107 width=0)
	        Index Cond: ((k >= 6945512) AND (k <= 6945612))

table 6 : explain SELECT k, c FROM sbtest6 WHERE k BETWEEN 6945512 AND 6945612
	Bitmap Heap Scan on sbtest6  (cost=5.44..393.74 rows=98 width=125)
	  Recheck Cond: ((k >= 6945512) AND (k <= 6945612))
	  ->  Bitmap Index Scan on k_6  (cost=0.00..5.42 rows=98 width=0)
	        Index Cond: ((k >= 6945512) AND (k <= 6945612))

table 7 : explain SELECT k, c FROM sbtest7 WHERE k BETWEEN 6945512 AND 6945612
	Bitmap Heap Scan on sbtest7  (cost=5.67..480.65 rows=120 width=125)
	  Recheck Cond: ((k >= 6945512) AND (k <= 6945612))
	  ->  Bitmap Index Scan on k_7  (cost=0.00..5.63 rows=120 width=0)
	        Index Cond: ((k >= 6945512) AND (k <= 6945612))

table 8 : explain SELECT k, c FROM sbtest8 WHERE k BETWEEN 6945512 AND 6945612
	Bitmap Heap Scan on sbtest8  (cost=5.52..425.22 rows=106 width=125)
	  Recheck Cond: ((k >= 6945512) AND (k <= 6945612))
	  ->  Bitmap Index Scan on k_8  (cost=0.00..5.50 rows=106 width=0)
	        Index Cond: ((k >= 6945512) AND (k <= 6945612))

for range-notcovered
table 1 : explain SELECT k, c FROM sbtest1 WHERE k BETWEEN 5645914 AND 5646014
	Bitmap Heap Scan on sbtest1  (cost=5.46..401.60 rows=100 width=125)
	  Recheck Cond: ((k >= 5645914) AND (k <= 5646014))
	  ->  Bitmap Index Scan on k_1  (cost=0.00..5.43 rows=100 width=0)
	        Index Cond: ((k >= 5645914) AND (k <= 5646014))

table 2 : explain SELECT k, c FROM sbtest2 WHERE k BETWEEN 5645914 AND 5646014
	Bitmap Heap Scan on sbtest2  (cost=5.46..401.56 rows=100 width=125)
	  Recheck Cond: ((k >= 5645914) AND (k <= 5646014))
	  ->  Bitmap Index Scan on k_2  (cost=0.00..5.43 rows=100 width=0)
	        Index Cond: ((k >= 5645914) AND (k <= 5646014))

table 3 : explain SELECT k, c FROM sbtest3 WHERE k BETWEEN 5645914 AND 5646014
	Bitmap Heap Scan on sbtest3  (cost=5.49..413.60 rows=103 width=125)
	  Recheck Cond: ((k >= 5645914) AND (k <= 5646014))
	  ->  Bitmap Index Scan on k_3  (cost=0.00..5.46 rows=103 width=0)
	        Index Cond: ((k >= 5645914) AND (k <= 5646014))

table 4 : explain SELECT k, c FROM sbtest4 WHERE k BETWEEN 5645914 AND 5646014
	Bitmap Heap Scan on sbtest4  (cost=5.42..385.93 rows=96 width=125)
	  Recheck Cond: ((k >= 5645914) AND (k <= 5646014))
	  ->  Bitmap Index Scan on k_4  (cost=0.00..5.39 rows=96 width=0)
	        Index Cond: ((k >= 5645914) AND (k <= 5646014))

table 5 : explain SELECT k, c FROM sbtest5 WHERE k BETWEEN 5645914 AND 5646014
	Bitmap Heap Scan on sbtest5  (cost=5.43..389.74 rows=97 width=125)
	  Recheck Cond: ((k >= 5645914) AND (k <= 5646014))
	  ->  Bitmap Index Scan on k_5  (cost=0.00..5.40 rows=97 width=0)
	        Index Cond: ((k >= 5645914) AND (k <= 5646014))

table 6 : explain SELECT k, c FROM sbtest6 WHERE k BETWEEN 5645914 AND 5646014
	Bitmap Heap Scan on sbtest6  (cost=5.53..429.24 rows=107 width=125)
	  Recheck Cond: ((k >= 5645914) AND (k <= 5646014))
	  ->  Bitmap Index Scan on k_6  (cost=0.00..5.50 rows=107 width=0)
	        Index Cond: ((k >= 5645914) AND (k <= 5646014))

table 7 : explain SELECT k, c FROM sbtest7 WHERE k BETWEEN 5645914 AND 5646014
	Bitmap Heap Scan on sbtest7  (cost=5.51..421.50 rows=105 width=125)
	  Recheck Cond: ((k >= 5645914) AND (k <= 5646014))
	  ->  Bitmap Index Scan on k_7  (cost=0.00..5.48 rows=105 width=0)
	        Index Cond: ((k >= 5645914) AND (k <= 5646014))

table 8 : explain SELECT k, c FROM sbtest8 WHERE k BETWEEN 5645914 AND 5646014
	Bitmap Heap Scan on sbtest8  (cost=5.48..409.45 rows=102 width=125)
	  Recheck Cond: ((k >= 5645914) AND (k <= 5646014))
	  ->  Bitmap Index Scan on k_8  (cost=0.00..5.45 rows=102 width=0)
	        Index Cond: ((k >= 5645914) AND (k <= 5646014))

explain: for range-notcovered :: explain SELECT k, c FROM sbtest%d WHERE k BETWEEN 5087132 AND 5087232
explain: for range-notcovered :: explain SELECT k, c FROM sbtest%d WHERE k BETWEEN 7568207 AND 7568307
explain: for range-notcovered :: explain SELECT k, c FROM sbtest%d WHERE k BETWEEN 6940961 AND 6941061
explain: for range-notcovered :: explain SELECT k, c FROM sbtest%d WHERE k BETWEEN 6945512 AND 6945612
explain: for range-notcovered :: explain SELECT k, c FROM sbtest%d WHERE k BETWEEN 5645914 AND 5646014
for range-notcovered
table 1 : explain SELECT k, c FROM sbtest1 WHERE k BETWEEN 3792277 AND 3792377
	Bitmap Heap Scan on sbtest1  (cost=5.44..393.71 rows=98 width=125)
	  Recheck Cond: ((k >= 3792277) AND (k <= 3792377))
	  ->  Bitmap Index Scan on k_1  (cost=0.00..5.42 rows=98 width=0)
	        Index Cond: ((k >= 3792277) AND (k <= 3792377))

table 2 : explain SELECT k, c FROM sbtest2 WHERE k BETWEEN 3792277 AND 3792377
	Bitmap Heap Scan on sbtest2  (cost=5.45..397.62 rows=99 width=125)
	  Recheck Cond: ((k >= 3792277) AND (k <= 3792377))
	  ->  Bitmap Index Scan on k_2  (cost=0.00..5.42 rows=99 width=0)
	        Index Cond: ((k >= 3792277) AND (k <= 3792377))

table 3 : explain SELECT k, c FROM sbtest3 WHERE k BETWEEN 3792277 AND 3792377
	Bitmap Heap Scan on sbtest3  (cost=5.45..397.81 rows=99 width=125)
	  Recheck Cond: ((k >= 3792277) AND (k <= 3792377))
	  ->  Bitmap Index Scan on k_3  (cost=0.00..5.42 rows=99 width=0)
	        Index Cond: ((k >= 3792277) AND (k <= 3792377))

table 4 : explain SELECT k, c FROM sbtest4 WHERE k BETWEEN 3792277 AND 3792377
	Bitmap Heap Scan on sbtest4  (cost=5.55..437.23 rows=109 width=125)
	  Recheck Cond: ((k >= 3792277) AND (k <= 3792377))
	  ->  Bitmap Index Scan on k_4  (cost=0.00..5.52 rows=109 width=0)
	        Index Cond: ((k >= 3792277) AND (k <= 3792377))

table 5 : explain SELECT k, c FROM sbtest5 WHERE k BETWEEN 3792277 AND 3792377
	Bitmap Heap Scan on sbtest5  (cost=5.43..389.74 rows=97 width=125)
	  Recheck Cond: ((k >= 3792277) AND (k <= 3792377))
	  ->  Bitmap Index Scan on k_5  (cost=0.00..5.40 rows=97 width=0)
	        Index Cond: ((k >= 3792277) AND (k <= 3792377))

table 6 : explain SELECT k, c FROM sbtest6 WHERE k BETWEEN 3792277 AND 3792377
	Bitmap Heap Scan on sbtest6  (cost=5.56..441.06 rows=110 width=125)
	  Recheck Cond: ((k >= 3792277) AND (k <= 3792377))
	  ->  Bitmap Index Scan on k_6  (cost=0.00..5.53 rows=110 width=0)
	        Index Cond: ((k >= 3792277) AND (k <= 3792377))

table 7 : explain SELECT k, c FROM sbtest7 WHERE k BETWEEN 3792277 AND 3792377
	Bitmap Heap Scan on sbtest7  (cost=5.40..378.08 rows=94 width=125)
	  Recheck Cond: ((k >= 3792277) AND (k <= 3792377))
	  ->  Bitmap Index Scan on k_7  (cost=0.00..5.38 rows=94 width=0)
	        Index Cond: ((k >= 3792277) AND (k <= 3792377))

table 8 : explain SELECT k, c FROM sbtest8 WHERE k BETWEEN 3792277 AND 3792377
	Bitmap Heap Scan on sbtest8  (cost=5.41..381.83 rows=95 width=125)
	  Recheck Cond: ((k >= 3792277) AND (k <= 3792377))
	  ->  Bitmap Index Scan on k_8  (cost=0.00..5.38 rows=95 width=0)
	        Index Cond: ((k >= 3792277) AND (k <= 3792377))

for range-notcovered
table 1 : explain SELECT k, c FROM sbtest1 WHERE k BETWEEN 2264125 AND 2264225
	Bitmap Heap Scan on sbtest1  (cost=5.52..425.26 rows=106 width=125)
	  Recheck Cond: ((k >= 2264125) AND (k <= 2264225))
	  ->  Bitmap Index Scan on k_1  (cost=0.00..5.50 rows=106 width=0)
	        Index Cond: ((k >= 2264125) AND (k <= 2264225))

table 2 : explain SELECT k, c FROM sbtest2 WHERE k BETWEEN 2264125 AND 2264225
	Bitmap Heap Scan on sbtest2  (cost=5.50..417.34 rows=104 width=125)
	  Recheck Cond: ((k >= 2264125) AND (k <= 2264225))
	  ->  Bitmap Index Scan on k_2  (cost=0.00..5.47 rows=104 width=0)
	        Index Cond: ((k >= 2264125) AND (k <= 2264225))

table 3 : explain SELECT k, c FROM sbtest3 WHERE k BETWEEN 2264125 AND 2264225
	Bitmap Heap Scan on sbtest3  (cost=5.40..378.07 rows=94 width=125)
	  Recheck Cond: ((k >= 2264125) AND (k <= 2264225))
	  ->  Bitmap Index Scan on k_3  (cost=0.00..5.38 rows=94 width=0)
	        Index Cond: ((k >= 2264125) AND (k <= 2264225))

table 4 : explain SELECT k, c FROM sbtest4 WHERE k BETWEEN 2264125 AND 2264225
	Bitmap Heap Scan on sbtest4  (cost=5.45..397.77 rows=99 width=125)
	  Recheck Cond: ((k >= 2264125) AND (k <= 2264225))
	  ->  Bitmap Index Scan on k_4  (cost=0.00..5.42 rows=99 width=0)
	        Index Cond: ((k >= 2264125) AND (k <= 2264225))

table 5 : explain SELECT k, c FROM sbtest5 WHERE k BETWEEN 2264125 AND 2264225
	Bitmap Heap Scan on sbtest5  (cost=5.47..405.52 rows=101 width=125)
	  Recheck Cond: ((k >= 2264125) AND (k <= 2264225))
	  ->  Bitmap Index Scan on k_5  (cost=0.00..5.44 rows=101 width=0)
	        Index Cond: ((k >= 2264125) AND (k <= 2264225))

table 6 : explain SELECT k, c FROM sbtest6 WHERE k BETWEEN 2264125 AND 2264225
	Bitmap Heap Scan on sbtest6  (cost=5.45..397.68 rows=99 width=125)
	  Recheck Cond: ((k >= 2264125) AND (k <= 2264225))
	  ->  Bitmap Index Scan on k_6  (cost=0.00..5.42 rows=99 width=0)
	        Index Cond: ((k >= 2264125) AND (k <= 2264225))

table 7 : explain SELECT k, c FROM sbtest7 WHERE k BETWEEN 2264125 AND 2264225
	Bitmap Heap Scan on sbtest7  (cost=5.49..413.61 rows=103 width=125)
	  Recheck Cond: ((k >= 2264125) AND (k <= 2264225))
	  ->  Bitmap Index Scan on k_7  (cost=0.00..5.46 rows=103 width=0)
	        Index Cond: ((k >= 2264125) AND (k <= 2264225))

table 8 : explain SELECT k, c FROM sbtest8 WHERE k BETWEEN 2264125 AND 2264225
	Bitmap Heap Scan on sbtest8  (cost=5.46..401.56 rows=100 width=125)
	  Recheck Cond: ((k >= 2264125) AND (k <= 2264225))
	  ->  Bitmap Index Scan on k_8  (cost=0.00..5.43 rows=100 width=0)
	        Index Cond: ((k >= 2264125) AND (k <= 2264225))

for range-notcovered
table 1 : explain SELECT k, c FROM sbtest1 WHERE k BETWEEN 6198458 AND 6198558
	Bitmap Heap Scan on sbtest1  (cost=5.34..354.23 rows=88 width=125)
	  Recheck Cond: ((k >= 6198458) AND (k <= 6198558))
	  ->  Bitmap Index Scan on k_1  (cost=0.00..5.31 rows=88 width=0)
	        Index Cond: ((k >= 6198458) AND (k <= 6198558))

table 2 : explain SELECT k, c FROM sbtest2 WHERE k BETWEEN 6198458 AND 6198558
	Bitmap Heap Scan on sbtest2  (cost=5.44..393.67 rows=98 width=125)
	  Recheck Cond: ((k >= 6198458) AND (k <= 6198558))
	  ->  Bitmap Index Scan on k_2  (cost=0.00..5.42 rows=98 width=0)
	        Index Cond: ((k >= 6198458) AND (k <= 6198558))

table 3 : explain SELECT k, c FROM sbtest3 WHERE k BETWEEN 6198458 AND 6198558
	Bitmap Heap Scan on sbtest3  (cost=5.48..409.65 rows=102 width=125)
	  Recheck Cond: ((k >= 6198458) AND (k <= 6198558))
	  ->  Bitmap Index Scan on k_3  (cost=0.00..5.45 rows=102 width=0)
	        Index Cond: ((k >= 6198458) AND (k <= 6198558))

table 4 : explain SELECT k, c FROM sbtest4 WHERE k BETWEEN 6198458 AND 6198558
	Bitmap Heap Scan on sbtest4  (cost=5.46..401.72 rows=100 width=125)
	  Recheck Cond: ((k >= 6198458) AND (k <= 6198558))
	  ->  Bitmap Index Scan on k_4  (cost=0.00..5.43 rows=100 width=0)
	        Index Cond: ((k >= 6198458) AND (k <= 6198558))

table 5 : explain SELECT k, c FROM sbtest5 WHERE k BETWEEN 6198458 AND 6198558
	Bitmap Heap Scan on sbtest5  (cost=5.55..437.06 rows=109 width=125)
	  Recheck Cond: ((k >= 6198458) AND (k <= 6198558))
	  ->  Bitmap Index Scan on k_5  (cost=0.00..5.52 rows=109 width=0)
	        Index Cond: ((k >= 6198458) AND (k <= 6198558))

table 6 : explain SELECT k, c FROM sbtest6 WHERE k BETWEEN 6198458 AND 6198558
	Bitmap Heap Scan on sbtest6  (cost=5.48..409.52 rows=102 width=125)
	  Recheck Cond: ((k >= 6198458) AND (k <= 6198558))
	  ->  Bitmap Index Scan on k_6  (cost=0.00..5.45 rows=102 width=0)
	        Index Cond: ((k >= 6198458) AND (k <= 6198558))

table 7 : explain SELECT k, c FROM sbtest7 WHERE k BETWEEN 6198458 AND 6198558
	Bitmap Heap Scan on sbtest7  (cost=5.42..385.98 rows=96 width=125)
	  Recheck Cond: ((k >= 6198458) AND (k <= 6198558))
	  ->  Bitmap Index Scan on k_7  (cost=0.00..5.39 rows=96 width=0)
	        Index Cond: ((k >= 6198458) AND (k <= 6198558))

table 8 : explain SELECT k, c FROM sbtest8 WHERE k BETWEEN 6198458 AND 6198558
	Bitmap Heap Scan on sbtest8  (cost=5.56..440.98 rows=110 width=125)
	  Recheck Cond: ((k >= 6198458) AND (k <= 6198558))
	  ->  Bitmap Index Scan on k_8  (cost=0.00..5.53 rows=110 width=0)
	        Index Cond: ((k >= 6198458) AND (k <= 6198558))

explain: for range-notcovered :: explain SELECT k, c FROM sbtest%d WHERE k BETWEEN 3792277 AND 3792377
explain: for range-notcovered :: explain SELECT k, c FROM sbtest%d WHERE k BETWEEN 1805649 AND 1805749
explain: for range-notcovered :: explain SELECT k, c FROM sbtest%d WHERE k BETWEEN 2264125 AND 2264225
explain: for range-notcovered :: explain SELECT k, c FROM sbtest%d WHERE k BETWEEN 6198458 AND 6198558
for range-notcovered
table 1 : explain SELECT k, c FROM sbtest1 WHERE k BETWEEN 4557500 AND 4557600
	Bitmap Heap Scan on sbtest1  (cost=5.38..370.03 rows=92 width=125)
	  Recheck Cond: ((k >= 4557500) AND (k <= 4557600))
	  ->  Bitmap Index Scan on k_1  (cost=0.00..5.35 rows=92 width=0)
	        Index Cond: ((k >= 4557500) AND (k <= 4557600))

table 2 : explain SELECT k, c FROM sbtest2 WHERE k BETWEEN 4557500 AND 4557600
	Bitmap Heap Scan on sbtest2  (cost=5.55..437.05 rows=109 width=125)
	  Recheck Cond: ((k >= 4557500) AND (k <= 4557600))
	  ->  Bitmap Index Scan on k_2  (cost=0.00..5.52 rows=109 width=0)
	        Index Cond: ((k >= 4557500) AND (k <= 4557600))

table 3 : explain SELECT k, c FROM sbtest3 WHERE k BETWEEN 4557500 AND 4557600
	Bitmap Heap Scan on sbtest3  (cost=5.50..417.54 rows=104 width=125)
	  Recheck Cond: ((k >= 4557500) AND (k <= 4557600))
	  ->  Bitmap Index Scan on k_3  (cost=0.00..5.47 rows=104 width=0)
	        Index Cond: ((k >= 4557500) AND (k <= 4557600))

table 4 : explain SELECT k, c FROM sbtest4 WHERE k BETWEEN 4557500 AND 4557600
	Bitmap Heap Scan on sbtest4  (cost=5.53..429.34 rows=107 width=125)
	  Recheck Cond: ((k >= 4557500) AND (k <= 4557600))
	  ->  Bitmap Index Scan on k_4  (cost=0.00..5.50 rows=107 width=0)
	        Index Cond: ((k >= 4557500) AND (k <= 4557600))

table 5 : explain SELECT k, c FROM sbtest5 WHERE k BETWEEN 4557500 AND 4557600
	Bitmap Heap Scan on sbtest5  (cost=5.51..421.30 rows=105 width=125)
	  Recheck Cond: ((k >= 4557500) AND (k <= 4557600))
	  ->  Bitmap Index Scan on k_5  (cost=0.00..5.48 rows=105 width=0)
	        Index Cond: ((k >= 4557500) AND (k <= 4557600))

table 6 : explain SELECT k, c FROM sbtest6 WHERE k BETWEEN 4557500 AND 4557600
	Bitmap Heap Scan on sbtest6  (cost=5.42..385.84 rows=96 width=125)
	  Recheck Cond: ((k >= 4557500) AND (k <= 4557600))
	  ->  Bitmap Index Scan on k_6  (cost=0.00..5.39 rows=96 width=0)
	        Index Cond: ((k >= 4557500) AND (k <= 4557600))

table 7 : explain SELECT k, c FROM sbtest7 WHERE k BETWEEN 4557500 AND 4557600
	Bitmap Heap Scan on sbtest7  (cost=5.43..389.93 rows=97 width=125)
	  Recheck Cond: ((k >= 4557500) AND (k <= 4557600))
	  ->  Bitmap Index Scan on k_7  (cost=0.00..5.40 rows=97 width=0)
	        Index Cond: ((k >= 4557500) AND (k <= 4557600))

table 8 : explain SELECT k, c FROM sbtest8 WHERE k BETWEEN 4557500 AND 4557600
	Bitmap Heap Scan on sbtest8  (cost=5.48..409.45 rows=102 width=125)
	  Recheck Cond: ((k >= 4557500) AND (k <= 4557600))
	  ->  Bitmap Index Scan on k_8  (cost=0.00..5.45 rows=102 width=0)
	        Index Cond: ((k >= 4557500) AND (k <= 4557600))

for range-notcovered
table 1 : explain SELECT k, c FROM sbtest1 WHERE k BETWEEN 4830844 AND 4830944
	Bitmap Heap Scan on sbtest1  (cost=5.48..409.49 rows=102 width=125)
	  Recheck Cond: ((k >= 4830844) AND (k <= 4830944))
	  ->  Bitmap Index Scan on k_1  (cost=0.00..5.45 rows=102 width=0)
	        Index Cond: ((k >= 4830844) AND (k <= 4830944))

table 2 : explain SELECT k, c FROM sbtest2 WHERE k BETWEEN 4830844 AND 4830944
	Bitmap Heap Scan on sbtest2  (cost=5.46..401.56 rows=100 width=125)
	  Recheck Cond: ((k >= 4830844) AND (k <= 4830944))
	  ->  Bitmap Index Scan on k_2  (cost=0.00..5.43 rows=100 width=0)
	        Index Cond: ((k >= 4830844) AND (k <= 4830944))

table 3 : explain SELECT k, c FROM sbtest3 WHERE k BETWEEN 4830844 AND 4830944
	Bitmap Heap Scan on sbtest3  (cost=5.51..421.49 rows=105 width=125)
	  Recheck Cond: ((k >= 4830844) AND (k <= 4830944))
	  ->  Bitmap Index Scan on k_3  (cost=0.00..5.48 rows=105 width=0)
	        Index Cond: ((k >= 4830844) AND (k <= 4830944))

table 4 : explain SELECT k, c FROM sbtest4 WHERE k BETWEEN 4830844 AND 4830944
	Bitmap Heap Scan on sbtest4  (cost=5.51..421.45 rows=105 width=125)
	  Recheck Cond: ((k >= 4830844) AND (k <= 4830944))
	  ->  Bitmap Index Scan on k_4  (cost=0.00..5.48 rows=105 width=0)
	        Index Cond: ((k >= 4830844) AND (k <= 4830944))

table 5 : explain SELECT k, c FROM sbtest5 WHERE k BETWEEN 4830844 AND 4830944
	Bitmap Heap Scan on sbtest5  (cost=5.43..389.74 rows=97 width=125)
	  Recheck Cond: ((k >= 4830844) AND (k <= 4830944))
	  ->  Bitmap Index Scan on k_5  (cost=0.00..5.40 rows=97 width=0)
	        Index Cond: ((k >= 4830844) AND (k <= 4830944))

table 6 : explain SELECT k, c FROM sbtest6 WHERE k BETWEEN 4830844 AND 4830944
	Bitmap Heap Scan on sbtest6  (cost=5.62..464.70 rows=116 width=125)
	  Recheck Cond: ((k >= 4830844) AND (k <= 4830944))
	  ->  Bitmap Index Scan on k_6  (cost=0.00..5.59 rows=116 width=0)
	        Index Cond: ((k >= 4830844) AND (k <= 4830944))

table 7 : explain SELECT k, c FROM sbtest7 WHERE k BETWEEN 4830844 AND 4830944
	Bitmap Heap Scan on sbtest7  (cost=5.47..405.72 rows=101 width=125)
	  Recheck Cond: ((k >= 4830844) AND (k <= 4830944))
	  ->  Bitmap Index Scan on k_7  (cost=0.00..5.44 rows=101 width=0)
	        Index Cond: ((k >= 4830844) AND (k <= 4830944))

table 8 : explain SELECT k, c FROM sbtest8 WHERE k BETWEEN 4830844 AND 4830944
	Bitmap Heap Scan on sbtest8  (cost=5.46..401.56 rows=100 width=125)
	  Recheck Cond: ((k >= 4830844) AND (k <= 4830944))
	  ->  Bitmap Index Scan on k_8  (cost=0.00..5.43 rows=100 width=0)
	        Index Cond: ((k >= 4830844) AND (k <= 4830944))

for range-notcovered
table 1 : explain SELECT k, c FROM sbtest1 WHERE k BETWEEN 6900185 AND 6900285
	Bitmap Heap Scan on sbtest1  (cost=5.52..425.26 rows=106 width=125)
	  Recheck Cond: ((k >= 6900185) AND (k <= 6900285))
	  ->  Bitmap Index Scan on k_1  (cost=0.00..5.50 rows=106 width=0)
	        Index Cond: ((k >= 6900185) AND (k <= 6900285))

table 2 : explain SELECT k, c FROM sbtest2 WHERE k BETWEEN 6900185 AND 6900285
	Bitmap Heap Scan on sbtest2  (cost=5.45..397.62 rows=99 width=125)
	  Recheck Cond: ((k >= 6900185) AND (k <= 6900285))
	  ->  Bitmap Index Scan on k_2  (cost=0.00..5.42 rows=99 width=0)
	        Index Cond: ((k >= 6900185) AND (k <= 6900285))

table 3 : explain SELECT k, c FROM sbtest3 WHERE k BETWEEN 6900185 AND 6900285
	Bitmap Heap Scan on sbtest3  (cost=5.56..441.21 rows=110 width=125)
	  Recheck Cond: ((k >= 6900185) AND (k <= 6900285))
	  ->  Bitmap Index Scan on k_3  (cost=0.00..5.53 rows=110 width=0)
	        Index Cond: ((k >= 6900185) AND (k <= 6900285))

table 4 : explain SELECT k, c FROM sbtest4 WHERE k BETWEEN 6900185 AND 6900285
	Bitmap Heap Scan on sbtest4  (cost=5.49..413.56 rows=103 width=125)
	  Recheck Cond: ((k >= 6900185) AND (k <= 6900285))
	  ->  Bitmap Index Scan on k_4  (cost=0.00..5.46 rows=103 width=0)
	        Index Cond: ((k >= 6900185) AND (k <= 6900285))

table 5 : explain SELECT k, c FROM sbtest5 WHERE k BETWEEN 6900185 AND 6900285
	Bitmap Heap Scan on sbtest5  (cost=5.55..437.06 rows=109 width=125)
	  Recheck Cond: ((k >= 6900185) AND (k <= 6900285))
	  ->  Bitmap Index Scan on k_5  (cost=0.00..5.52 rows=109 width=0)
	        Index Cond: ((k >= 6900185) AND (k <= 6900285))

table 6 : explain SELECT k, c FROM sbtest6 WHERE k BETWEEN 6900185 AND 6900285
	Bitmap Heap Scan on sbtest6  (cost=5.44..393.74 rows=98 width=125)
	  Recheck Cond: ((k >= 6900185) AND (k <= 6900285))
	  ->  Bitmap Index Scan on k_6  (cost=0.00..5.42 rows=98 width=0)
	        Index Cond: ((k >= 6900185) AND (k <= 6900285))

table 7 : explain SELECT k, c FROM sbtest7 WHERE k BETWEEN 6900185 AND 6900285
	Bitmap Heap Scan on sbtest7  (cost=5.35..358.33 rows=89 width=125)
	  Recheck Cond: ((k >= 6900185) AND (k <= 6900285))
	  ->  Bitmap Index Scan on k_7  (cost=0.00..5.32 rows=89 width=0)
	        Index Cond: ((k >= 6900185) AND (k <= 6900285))

table 8 : explain SELECT k, c FROM sbtest8 WHERE k BETWEEN 6900185 AND 6900285
	Bitmap Heap Scan on sbtest8  (cost=5.45..397.61 rows=99 width=125)
	  Recheck Cond: ((k >= 6900185) AND (k <= 6900285))
	  ->  Bitmap Index Scan on k_8  (cost=0.00..5.42 rows=99 width=0)
	        Index Cond: ((k >= 6900185) AND (k <= 6900285))

for range-notcovered
table 1 : explain SELECT k, c FROM sbtest1 WHERE k BETWEEN 6856335 AND 6856435
	Bitmap Heap Scan on sbtest1  (cost=5.52..425.26 rows=106 width=125)
	  Recheck Cond: ((k >= 6856335) AND (k <= 6856435))
	  ->  Bitmap Index Scan on k_1  (cost=0.00..5.50 rows=106 width=0)
	        Index Cond: ((k >= 6856335) AND (k <= 6856435))

table 2 : explain SELECT k, c FROM sbtest2 WHERE k BETWEEN 6856335 AND 6856435
	Bitmap Heap Scan on sbtest2  (cost=5.45..397.62 rows=99 width=125)
	  Recheck Cond: ((k >= 6856335) AND (k <= 6856435))
	  ->  Bitmap Index Scan on k_2  (cost=0.00..5.42 rows=99 width=0)
	        Index Cond: ((k >= 6856335) AND (k <= 6856435))

table 3 : explain SELECT k, c FROM sbtest3 WHERE k BETWEEN 6856335 AND 6856435
	Bitmap Heap Scan on sbtest3  (cost=5.56..441.21 rows=110 width=125)
	  Recheck Cond: ((k >= 6856335) AND (k <= 6856435))
	  ->  Bitmap Index Scan on k_3  (cost=0.00..5.53 rows=110 width=0)
	        Index Cond: ((k >= 6856335) AND (k <= 6856435))

table 4 : explain SELECT k, c FROM sbtest4 WHERE k BETWEEN 6856335 AND 6856435
	Bitmap Heap Scan on sbtest4  (cost=5.49..413.56 rows=103 width=125)
	  Recheck Cond: ((k >= 6856335) AND (k <= 6856435))
	  ->  Bitmap Index Scan on k_4  (cost=0.00..5.46 rows=103 width=0)
	        Index Cond: ((k >= 6856335) AND (k <= 6856435))

table 5 : explain SELECT k, c FROM sbtest5 WHERE k BETWEEN 6856335 AND 6856435
	Bitmap Heap Scan on sbtest5  (cost=5.55..437.06 rows=109 width=125)
	  Recheck Cond: ((k >= 6856335) AND (k <= 6856435))
	  ->  Bitmap Index Scan on k_5  (cost=0.00..5.52 rows=109 width=0)
	        Index Cond: ((k >= 6856335) AND (k <= 6856435))

table 6 : explain SELECT k, c FROM sbtest6 WHERE k BETWEEN 6856335 AND 6856435
	Bitmap Heap Scan on sbtest6  (cost=5.45..397.68 rows=99 width=125)
	  Recheck Cond: ((k >= 6856335) AND (k <= 6856435))
	  ->  Bitmap Index Scan on k_6  (cost=0.00..5.42 rows=99 width=0)
	        Index Cond: ((k >= 6856335) AND (k <= 6856435))

table 7 : explain SELECT k, c FROM sbtest7 WHERE k BETWEEN 6856335 AND 6856435
	Bitmap Heap Scan on sbtest7  (cost=5.35..358.33 rows=89 width=125)
	  Recheck Cond: ((k >= 6856335) AND (k <= 6856435))
	  ->  Bitmap Index Scan on k_7  (cost=0.00..5.32 rows=89 width=0)
	        Index Cond: ((k >= 6856335) AND (k <= 6856435))

table 8 : explain SELECT k, c FROM sbtest8 WHERE k BETWEEN 6856335 AND 6856435
	Bitmap Heap Scan on sbtest8  (cost=5.45..397.61 rows=99 width=125)
	  Recheck Cond: ((k >= 6856335) AND (k <= 6856435))
	  ->  Bitmap Index Scan on k_8  (cost=0.00..5.42 rows=99 width=0)
	        Index Cond: ((k >= 6856335) AND (k <= 6856435))
for range-notcovered
table 1 : explain SELECT k, c FROM sbtest1 WHERE k BETWEEN 7407913 AND 7408013
	Bitmap Heap Scan on sbtest1  (cost=5.53..429.21 rows=107 width=125)
	  Recheck Cond: ((k >= 7407913) AND (k <= 7408013))
	  ->  Bitmap Index Scan on k_1  (cost=0.00..5.50 rows=107 width=0)
	        Index Cond: ((k >= 7407913) AND (k <= 7408013))

table 2 : explain SELECT k, c FROM sbtest2 WHERE k BETWEEN 7407913 AND 7408013
	Bitmap Heap Scan on sbtest2  (cost=5.53..429.16 rows=107 width=125)
	  Recheck Cond: ((k >= 7407913) AND (k <= 7408013))
	  ->  Bitmap Index Scan on k_2  (cost=0.00..5.50 rows=107 width=0)
	        Index Cond: ((k >= 7407913) AND (k <= 7408013))

table 3 : explain SELECT k, c FROM sbtest3 WHERE k BETWEEN 7407913 AND 7408013
	Bitmap Heap Scan on sbtest3  (cost=5.46..401.76 rows=100 width=125)
	  Recheck Cond: ((k >= 7407913) AND (k <= 7408013))
	  ->  Bitmap Index Scan on k_3  (cost=0.00..5.43 rows=100 width=0)
	        Index Cond: ((k >= 7407913) AND (k <= 7408013))

table 4 : explain SELECT k, c FROM sbtest4 WHERE k BETWEEN 7407913 AND 7408013
	Bitmap Heap Scan on sbtest4  (cost=5.48..409.61 rows=102 width=125)
	  Recheck Cond: ((k >= 7407913) AND (k <= 7408013))
	  ->  Bitmap Index Scan on k_4  (cost=0.00..5.45 rows=102 width=0)
	        Index Cond: ((k >= 7407913) AND (k <= 7408013))

table 5 : explain SELECT k, c FROM sbtest5 WHERE k BETWEEN 7407913 AND 7408013
	Bitmap Heap Scan on sbtest5  (cost=5.42..385.80 rows=96 width=125)
	  Recheck Cond: ((k >= 7407913) AND (k <= 7408013))
	  ->  Bitmap Index Scan on k_5  (cost=0.00..5.39 rows=96 width=0)
	        Index Cond: ((k >= 7407913) AND (k <= 7408013))

table 6 : explain SELECT k, c FROM sbtest6 WHERE k BETWEEN 7407913 AND 7408013
	Bitmap Heap Scan on sbtest6  (cost=5.52..425.29 rows=106 width=125)
	  Recheck Cond: ((k >= 7407913) AND (k <= 7408013))
	  ->  Bitmap Index Scan on k_6  (cost=0.00..5.50 rows=106 width=0)
	        Index Cond: ((k >= 7407913) AND (k <= 7408013))

table 7 : explain SELECT k, c FROM sbtest7 WHERE k BETWEEN 7407913 AND 7408013
	Bitmap Heap Scan on sbtest7  (cost=5.49..413.61 rows=103 width=125)
	  Recheck Cond: ((k >= 7407913) AND (k <= 7408013))
	  ->  Bitmap Index Scan on k_7  (cost=0.00..5.46 rows=103 width=0)
	        Index Cond: ((k >= 7407913) AND (k <= 7408013))

table 8 : explain SELECT k, c FROM sbtest8 WHERE k BETWEEN 7407913 AND 7408013
	Bitmap Heap Scan on sbtest8  (cost=5.53..429.16 rows=107 width=125)
	  Recheck Cond: ((k >= 7407913) AND (k <= 7408013))
	  ->  Bitmap Index Scan on k_8  (cost=0.00..5.50 rows=107 width=0)
	        Index Cond: ((k >= 7407913) AND (k <= 7408013))


explain: for range-notcovered :: explain SELECT k, c FROM sbtest%d WHERE k BETWEEN 4557500 AND 4557600
explain: for range-notcovered :: explain SELECT k, c FROM sbtest%d WHERE k BETWEEN 4830844 AND 4830944for range-notcovered
table 1 : explain SELECT k, c FROM sbtest1 WHERE k BETWEEN 6518508 AND 6518608
	Bitmap Heap Scan on sbtest1  (cost=5.44..393.71 rows=98 width=125)
	  Recheck Cond: ((k >= 6518508) AND (k <= 6518608))
	  ->  Bitmap Index Scan on k_1  (cost=0.00..5.42 rows=98 width=0)
	        Index Cond: ((k >= 6518508) AND (k <= 6518608))

table 2 : explain SELECT k, c FROM sbtest2 WHERE k BETWEEN 6518508 AND 6518608
	Bitmap Heap Scan on sbtest2  (cost=5.62..464.62 rows=116 width=125)
	  Recheck Cond: ((k >= 6518508) AND (k <= 6518608))
	  ->  Bitmap Index Scan on k_2  (cost=0.00..5.59 rows=116 width=0)
	        Index Cond: ((k >= 6518508) AND (k <= 6518608))

table 3 : explain SELECT k, c FROM sbtest3 WHERE k BETWEEN 6518508 AND 6518608
	Bitmap Heap Scan on sbtest3  (cost=5.51..421.49 rows=105 width=125)
	  Recheck Cond: ((k >= 6518508) AND (k <= 6518608))
	  ->  Bitmap Index Scan on k_3  (cost=0.00..5.48 rows=105 width=0)
	        Index Cond: ((k >= 6518508) AND (k <= 6518608))

table 4 : explain SELECT k, c FROM sbtest4 WHERE k BETWEEN 6518508 AND 6518608
	Bitmap Heap Scan on sbtest4  (cost=5.49..413.56 rows=103 width=125)
	  Recheck Cond: ((k >= 6518508) AND (k <= 6518608))
	  ->  Bitmap Index Scan on k_4  (cost=0.00..5.46 rows=103 width=0)
	        Index Cond: ((k >= 6518508) AND (k <= 6518608))

table 5 : explain SELECT k, c FROM sbtest5 WHERE k BETWEEN 6518508 AND 6518608
	Bitmap Heap Scan on sbtest5  (cost=5.64..472.52 rows=118 width=125)
	  Recheck Cond: ((k >= 6518508) AND (k <= 6518608))
	  ->  Bitmap Index Scan on k_5  (cost=0.00..5.61 rows=118 width=0)
	        Index Cond: ((k >= 6518508) AND (k <= 6518608))

table 6 : explain SELECT k, c FROM sbtest6 WHERE k BETWEEN 6518508 AND 6518608
	Bitmap Heap Scan on sbtest6  (cost=5.52..425.29 rows=106 width=125)
	  Recheck Cond: ((k >= 6518508) AND (k <= 6518608))
	  ->  Bitmap Index Scan on k_6  (cost=0.00..5.50 rows=106 width=0)
	        Index Cond: ((k >= 6518508) AND (k <= 6518608))

table 7 : explain SELECT k, c FROM sbtest7 WHERE k BETWEEN 6518508 AND 6518608
	Bitmap Heap Scan on sbtest7  (cost=5.50..417.56 rows=104 width=125)
	  Recheck Cond: ((k >= 6518508) AND (k <= 6518608))
	  ->  Bitmap Index Scan on k_7  (cost=0.00..5.47 rows=104 width=0)
	        Index Cond: ((k >= 6518508) AND (k <= 6518608))

table 8 : explain SELECT k, c FROM sbtest8 WHERE k BETWEEN 6518508 AND 6518608
	Bitmap Heap Scan on sbtest8  (cost=5.49..413.39 rows=103 width=125)
	  Recheck Cond: ((k >= 6518508) AND (k <= 6518608))
	  ->  Bitmap Index Scan on k_8  (cost=0.00..5.46 rows=103 width=0)
	        Index Cond: ((k >= 6518508) AND (k <= 6518608))


explain: for range-notcovered :: explain SELECT k, c FROM sbtest%d WHERE k BETWEEN 6900185 AND 6900285
explain: for range-notcovered :: explain SELECT k, c FROM sbtest%d WHERE k BETWEEN 7407913 AND 7408013
explain: for range-notcovered :: explain SELECT k, c FROM sbtest%d WHERE k BETWEEN 6856335 AND 6856435
for range-notcovered
table 1 : explain SELECT k, c FROM sbtest1 WHERE k BETWEEN 7650953 AND 7651053
	Bitmap Heap Scan on sbtest1  (cost=5.42..385.82 rows=96 width=125)
	  Recheck Cond: ((k >= 7650953) AND (k <= 7651053))
	  ->  Bitmap Index Scan on k_1  (cost=0.00..5.39 rows=96 width=0)
	        Index Cond: ((k >= 7650953) AND (k <= 7651053))

table 2 : explain SELECT k, c FROM sbtest2 WHERE k BETWEEN 7650953 AND 7651053
	Bitmap Heap Scan on sbtest2  (cost=5.45..397.62 rows=99 width=125)
	  Recheck Cond: ((k >= 7650953) AND (k <= 7651053))
	  ->  Bitmap Index Scan on k_2  (cost=0.00..5.42 rows=99 width=0)
	        Index Cond: ((k >= 7650953) AND (k <= 7651053))

table 3 : explain SELECT k, c FROM sbtest3 WHERE k BETWEEN 7650953 AND 7651053
	Bitmap Heap Scan on sbtest3  (cost=5.46..401.76 rows=100 width=125)
	  Recheck Cond: ((k >= 7650953) AND (k <= 7651053))
	  ->  Bitmap Index Scan on k_3  (cost=0.00..5.43 rows=100 width=0)
	        Index Cond: ((k >= 7650953) AND (k <= 7651053))

table 4 : explain SELECT k, c FROM sbtest4 WHERE k BETWEEN 7650953 AND 7651053
	Bitmap Heap Scan on sbtest4  (cost=5.52..425.39 rows=106 width=125)
	  Recheck Cond: ((k >= 7650953) AND (k <= 7651053))
	  ->  Bitmap Index Scan on k_4  (cost=0.00..5.50 rows=106 width=0)
	        Index Cond: ((k >= 7650953) AND (k <= 7651053))

table 5 : explain SELECT k, c FROM sbtest5 WHERE k BETWEEN 7650953 AND 7651053
	Bitmap Heap Scan on sbtest5  (cost=5.40..377.90 rows=94 width=125)
	  Recheck Cond: ((k >= 7650953) AND (k <= 7651053))
	  ->  Bitmap Index Scan on k_5  (cost=0.00..5.38 rows=94 width=0)
	        Index Cond: ((k >= 7650953) AND (k <= 7651053))

table 6 : explain SELECT k, c FROM sbtest6 WHERE k BETWEEN 7650953 AND 7651053
	Bitmap Heap Scan on sbtest6  (cost=5.48..409.52 rows=102 width=125)
	  Recheck Cond: ((k >= 7650953) AND (k <= 7651053))
	  ->  Bitmap Index Scan on k_6  (cost=0.00..5.45 rows=102 width=0)
	        Index Cond: ((k >= 7650953) AND (k <= 7651053))

table 7 : explain SELECT k, c FROM sbtest7 WHERE k BETWEEN 7650953 AND 7651053
	Bitmap Heap Scan on sbtest7  (cost=5.46..401.77 rows=100 width=125)
	  Recheck Cond: ((k >= 7650953) AND (k <= 7651053))
	  ->  Bitmap Index Scan on k_7  (cost=0.00..5.43 rows=100 width=0)
	        Index Cond: ((k >= 7650953) AND (k <= 7651053))

table 8 : explain SELECT k, c FROM sbtest8 WHERE k BETWEEN 7650953 AND 7651053
	Bitmap Heap Scan on sbtest8  (cost=5.50..417.33 rows=104 width=125)
	  Recheck Cond: ((k >= 7650953) AND (k <= 7651053))
	  ->  Bitmap Index Scan on k_8  (cost=0.00..5.47 rows=104 width=0)
	        Index Cond: ((k >= 7650953) AND (k <= 7651053))

explain: for range-notcovered :: explain SELECT k, c FROM sbtest%d WHERE k BETWEEN 6518508 AND 6518608
explain: for range-notcovered :: explain SELECT k, c FROM sbtest%d WHERE k BETWEEN 7650953 AND 7651053for range-notcovered
table 1 : explain SELECT k, c FROM sbtest1 WHERE k BETWEEN 6940961 AND 6941061
	Bitmap Heap Scan on sbtest1  (cost=5.61..460.73 rows=115 width=125)
	  Recheck Cond: ((k >= 6940961) AND (k <= 6941061))
	  ->  Bitmap Index Scan on k_1  (cost=0.00..5.58 rows=115 width=0)
	        Index Cond: ((k >= 6940961) AND (k <= 6941061))

table 2 : explain SELECT k, c FROM sbtest2 WHERE k BETWEEN 6940961 AND 6941061
	Bitmap Heap Scan on sbtest2  (cost=5.56..440.99 rows=110 width=125)
	  Recheck Cond: ((k >= 6940961) AND (k <= 6941061))
	  ->  Bitmap Index Scan on k_2  (cost=0.00..5.53 rows=110 width=0)
	        Index Cond: ((k >= 6940961) AND (k <= 6941061))

table 3 : explain SELECT k, c FROM sbtest3 WHERE k BETWEEN 6940961 AND 6941061
	Bitmap Heap Scan on sbtest3  (cost=5.43..389.92 rows=97 width=125)
	  Recheck Cond: ((k >= 6940961) AND (k <= 6941061))
	  ->  Bitmap Index Scan on k_3  (cost=0.00..5.40 rows=97 width=0)
	        Index Cond: ((k >= 6940961) AND (k <= 6941061))

table 4 : explain SELECT k, c FROM sbtest4 WHERE k BETWEEN 6940961 AND 6941061
	Bitmap Heap Scan on sbtest4  (cost=5.46..401.72 rows=100 width=125)
	  Recheck Cond: ((k >= 6940961) AND (k <= 6941061))
	  ->  Bitmap Index Scan on k_4  (cost=0.00..5.43 rows=100 width=0)
	        Index Cond: ((k >= 6940961) AND (k <= 6941061))

table 5 : explain SELECT k, c FROM sbtest5 WHERE k BETWEEN 6940961 AND 6941061
	Bitmap Heap Scan on sbtest5  (cost=5.53..429.18 rows=107 width=125)
	  Recheck Cond: ((k >= 6940961) AND (k <= 6941061))
	  ->  Bitmap Index Scan on k_5  (cost=0.00..5.50 rows=107 width=0)
	        Index Cond: ((k >= 6940961) AND (k <= 6941061))

table 6 : explain SELECT k, c FROM sbtest6 WHERE k BETWEEN 6940961 AND 6941061
	Bitmap Heap Scan on sbtest6  (cost=5.44..393.74 rows=98 width=125)
	  Recheck Cond: ((k >= 6940961) AND (k <= 6941061))
	  ->  Bitmap Index Scan on k_6  (cost=0.00..5.42 rows=98 width=0)
	        Index Cond: ((k >= 6940961) AND (k <= 6941061))

table 7 : explain SELECT k, c FROM sbtest7 WHERE k BETWEEN 6940961 AND 6941061
	Bitmap Heap Scan on sbtest7  (cost=5.67..480.65 rows=120 width=125)
	  Recheck Cond: ((k >= 6940961) AND (k <= 6941061))
	  ->  Bitmap Index Scan on k_7  (cost=0.00..5.63 rows=120 width=0)
	        Index Cond: ((k >= 6940961) AND (k <= 6941061))

table 8 : explain SELECT k, c FROM sbtest8 WHERE k BETWEEN 6940961 AND 6941061
	Bitmap Heap Scan on sbtest8  (cost=5.52..425.22 rows=106 width=125)
	  Recheck Cond: ((k >= 6940961) AND (k <= 6941061))
	  ->  Bitmap Index Scan on k_8  (cost=0.00..5.50 rows=106 width=0)
	        Index Cond: ((k >= 6940961) AND (k <= 6941061))


explain: for range-notcovered :: explain SELECT k, c FROM sbtest%d WHERE k BETWEEN 3544069 AND 3544169
for range-notcovered
table 1 : explain SELECT k, c FROM sbtest1 WHERE k BETWEEN 5645914 AND 5646014
	Bitmap Heap Scan on sbtest1  (cost=5.46..401.60 rows=100 width=125)
	  Recheck Cond: ((k >= 5645914) AND (k <= 5646014))
	  ->  Bitmap Index Scan on k_1  (cost=0.00..5.43 rows=100 width=0)
	        Index Cond: ((k >= 5645914) AND (k <= 5646014))

table 2 : explain SELECT k, c FROM sbtest2 WHERE k BETWEEN 5645914 AND 5646014
	Bitmap Heap Scan on sbtest2  (cost=5.46..401.56 rows=100 width=125)
	  Recheck Cond: ((k >= 5645914) AND (k <= 5646014))
	  ->  Bitmap Index Scan on k_2  (cost=0.00..5.43 rows=100 width=0)
	        Index Cond: ((k >= 5645914) AND (k <= 5646014))

table 3 : explain SELECT k, c FROM sbtest3 WHERE k BETWEEN 5645914 AND 5646014
	Bitmap Heap Scan on sbtest3  (cost=5.49..413.60 rows=103 width=125)
	  Recheck Cond: ((k >= 5645914) AND (k <= 5646014))
	  ->  Bitmap Index Scan on k_3  (cost=0.00..5.46 rows=103 width=0)
	        Index Cond: ((k >= 5645914) AND (k <= 5646014))

table 4 : explain SELECT k, c FROM sbtest4 WHERE k BETWEEN 5645914 AND 5646014
	Bitmap Heap Scan on sbtest4  (cost=5.42..385.93 rows=96 width=125)
	  Recheck Cond: ((k >= 5645914) AND (k <= 5646014))
	  ->  Bitmap Index Scan on k_4  (cost=0.00..5.39 rows=96 width=0)
	        Index Cond: ((k >= 5645914) AND (k <= 5646014))

table 5 : explain SELECT k, c FROM sbtest5 WHERE k BETWEEN 5645914 AND 5646014
	Bitmap Heap Scan on sbtest5  (cost=5.43..389.74 rows=97 width=125)
	  Recheck Cond: ((k >= 5645914) AND (k <= 5646014))
	  ->  Bitmap Index Scan on k_5  (cost=0.00..5.40 rows=97 width=0)
	        Index Cond: ((k >= 5645914) AND (k <= 5646014))

table 6 : explain SELECT k, c FROM sbtest6 WHERE k BETWEEN 5645914 AND 5646014
	Bitmap Heap Scan on sbtest6  (cost=5.53..429.24 rows=107 width=125)
	  Recheck Cond: ((k >= 5645914) AND (k <= 5646014))
	  ->  Bitmap Index Scan on k_6  (cost=0.00..5.50 rows=107 width=0)
	        Index Cond: ((k >= 5645914) AND (k <= 5646014))

table 7 : explain SELECT k, c FROM sbtest7 WHERE k BETWEEN 5645914 AND 5646014
	Bitmap Heap Scan on sbtest7  (cost=5.51..421.50 rows=105 width=125)
	  Recheck Cond: ((k >= 5645914) AND (k <= 5646014))
	  ->  Bitmap Index Scan on k_7  (cost=0.00..5.48 rows=105 width=0)
	        Index Cond: ((k >= 5645914) AND (k <= 5646014))

table 8 : explain SELECT k, c FROM sbtest8 WHERE k BETWEEN 5645914 AND 5646014
	Bitmap Heap Scan on sbtest8  (cost=5.48..409.45 rows=102 width=125)
	  Recheck Cond: ((k >= 5645914) AND (k <= 5646014))
	  ->  Bitmap Index Scan on k_8  (cost=0.00..5.45 rows=102 width=0)
	        Index Cond: ((k >= 5645914) AND (k <= 5646014))

for range-notcovered
table 1 : explain SELECT k, c FROM sbtest1 WHERE k BETWEEN 6945512 AND 6945612
	Bitmap Heap Scan on sbtest1  (cost=5.61..460.73 rows=115 width=125)
	  Recheck Cond: ((k >= 6945512) AND (k <= 6945612))
	  ->  Bitmap Index Scan on k_1  (cost=0.00..5.58 rows=115 width=0)
	        Index Cond: ((k >= 6945512) AND (k <= 6945612))

table 2 : explain SELECT k, c FROM sbtest2 WHERE k BETWEEN 6945512 AND 6945612
	Bitmap Heap Scan on sbtest2  (cost=5.56..440.99 rows=110 width=125)
	  Recheck Cond: ((k >= 6945512) AND (k <= 6945612))
	  ->  Bitmap Index Scan on k_2  (cost=0.00..5.53 rows=110 width=0)
	        Index Cond: ((k >= 6945512) AND (k <= 6945612))

table 3 : explain SELECT k, c FROM sbtest3 WHERE k BETWEEN 6945512 AND 6945612
	Bitmap Heap Scan on sbtest3  (cost=5.43..389.92 rows=97 width=125)
	  Recheck Cond: ((k >= 6945512) AND (k <= 6945612))
	  ->  Bitmap Index Scan on k_3  (cost=0.00..5.40 rows=97 width=0)
	        Index Cond: ((k >= 6945512) AND (k <= 6945612))

table 4 : explain SELECT k, c FROM sbtest4 WHERE k BETWEEN 6945512 AND 6945612
	Bitmap Heap Scan on sbtest4  (cost=5.46..401.72 rows=100 width=125)
	  Recheck Cond: ((k >= 6945512) AND (k <= 6945612))
	  ->  Bitmap Index Scan on k_4  (cost=0.00..5.43 rows=100 width=0)
	        Index Cond: ((k >= 6945512) AND (k <= 6945612))

table 5 : explain SELECT k, c FROM sbtest5 WHERE k BETWEEN 6945512 AND 6945612
	Bitmap Heap Scan on sbtest5  (cost=5.53..429.18 rows=107 width=125)
	  Recheck Cond: ((k >= 6945512) AND (k <= 6945612))
	  ->  Bitmap Index Scan on k_5  (cost=0.00..5.50 rows=107 width=0)
	        Index Cond: ((k >= 6945512) AND (k <= 6945612))

table 6 : explain SELECT k, c FROM sbtest6 WHERE k BETWEEN 6945512 AND 6945612
	Bitmap Heap Scan on sbtest6  (cost=5.44..393.74 rows=98 width=125)
	  Recheck Cond: ((k >= 6945512) AND (k <= 6945612))
	  ->  Bitmap Index Scan on k_6  (cost=0.00..5.42 rows=98 width=0)
	        Index Cond: ((k >= 6945512) AND (k <= 6945612))

table 7 : explain SELECT k, c FROM sbtest7 WHERE k BETWEEN 6945512 AND 6945612
	Bitmap Heap Scan on sbtest7  (cost=5.67..480.65 rows=120 width=125)
	  Recheck Cond: ((k >= 6945512) AND (k <= 6945612))
	  ->  Bitmap Index Scan on k_7  (cost=0.00..5.63 rows=120 width=0)
	        Index Cond: ((k >= 6945512) AND (k <= 6945612))

table 8 : explain SELECT k, c FROM sbtest8 WHERE k BETWEEN 6945512 AND 6945612
	Bitmap Heap Scan on sbtest8  (cost=5.52..425.22 rows=106 width=125)
	  Recheck Cond: ((k >= 6945512) AND (k <= 6945612))
	  ->  Bitmap Index Scan on k_8  (cost=0.00..5.50 rows=106 width=0)
	        Index Cond: ((k >= 6945512) AND (k <= 6945612))

explain: for range-notcovered :: explain SELECT k, c FROM sbtest%d WHERE k BETWEEN 6940961 AND 6941061
for range-notcovered
table 1 : explain SELECT k, c FROM sbtest1 WHERE k BETWEEN 7568207 AND 7568307
	Bitmap Heap Scan on sbtest1  (cost=5.47..405.55 rows=101 width=125)
	  Recheck Cond: ((k >= 7568207) AND (k <= 7568307))
	  ->  Bitmap Index Scan on k_1  (cost=0.00..5.44 rows=101 width=0)
	        Index Cond: ((k >= 7568207) AND (k <= 7568307))

table 2 : explain SELECT k, c FROM sbtest2 WHERE k BETWEEN 7568207 AND 7568307
	Bitmap Heap Scan on sbtest2  (cost=5.47..405.51 rows=101 width=125)
	  Recheck Cond: ((k >= 7568207) AND (k <= 7568307))
	  ->  Bitmap Index Scan on k_2  (cost=0.00..5.44 rows=101 width=0)
	        Index Cond: ((k >= 7568207) AND (k <= 7568307))

table 3 : explain SELECT k, c FROM sbtest3 WHERE k BETWEEN 7568207 AND 7568307
	Bitmap Heap Scan on sbtest3  (cost=5.54..433.32 rows=108 width=125)
	  Recheck Cond: ((k >= 7568207) AND (k <= 7568307))
	  ->  Bitmap Index Scan on k_3  (cost=0.00..5.51 rows=108 width=0)
	        Index Cond: ((k >= 7568207) AND (k <= 7568307))

table 4 : explain SELECT k, c FROM sbtest4 WHERE k BETWEEN 7568207 AND 7568307
	Bitmap Heap Scan on sbtest4  (cost=5.44..393.83 rows=98 width=125)
	  Recheck Cond: ((k >= 7568207) AND (k <= 7568307))
	  ->  Bitmap Index Scan on k_4  (cost=0.00..5.42 rows=98 width=0)
	        Index Cond: ((k >= 7568207) AND (k <= 7568307))

table 5 : explain SELECT k, c FROM sbtest5 WHERE k BETWEEN 7568207 AND 7568307
	Bitmap Heap Scan on sbtest5  (cost=5.55..437.06 rows=109 width=125)
	  Recheck Cond: ((k >= 7568207) AND (k <= 7568307))
	  ->  Bitmap Index Scan on k_5  (cost=0.00..5.52 rows=109 width=0)
	        Index Cond: ((k >= 7568207) AND (k <= 7568307))

table 6 : explain SELECT k, c FROM sbtest6 WHERE k BETWEEN 7568207 AND 7568307
	Bitmap Heap Scan on sbtest6  (cost=5.55..437.12 rows=109 width=125)
	  Recheck Cond: ((k >= 7568207) AND (k <= 7568307))
	  ->  Bitmap Index Scan on k_6  (cost=0.00..5.52 rows=109 width=0)
	        Index Cond: ((k >= 7568207) AND (k <= 7568307))

table 7 : explain SELECT k, c FROM sbtest7 WHERE k BETWEEN 7568207 AND 7568307
	Bitmap Heap Scan on sbtest7  (cost=5.41..382.03 rows=95 width=125)
	  Recheck Cond: ((k >= 7568207) AND (k <= 7568307))
	  ->  Bitmap Index Scan on k_7  (cost=0.00..5.38 rows=95 width=0)
	        Index Cond: ((k >= 7568207) AND (k <= 7568307))

table 8 : explain SELECT k, c FROM sbtest8 WHERE k BETWEEN 7568207 AND 7568307
	Bitmap Heap Scan on sbtest8  (cost=5.49..413.39 rows=103 width=125)
	  Recheck Cond: ((k >= 7568207) AND (k <= 7568307))
	  ->  Bitmap Index Scan on k_8  (cost=0.00..5.46 rows=103 width=0)
	        Index Cond: ((k >= 7568207) AND (k <= 7568307))

explain: for range-notcovered :: explain SELECT k, c FROM sbtest%d WHERE k BETWEEN 5645914 AND 5646014
explain: for range-notcovered :: explain SELECT k, c FROM sbtest%d WHERE k BETWEEN 7568207 AND 7568307
explain: for range-notcovered :: explain SELECT k, c FROM sbtest%d WHERE k BETWEEN 6945512 AND 6945612
for range-notcovered
table 1 : explain SELECT k, c FROM sbtest1 WHERE k BETWEEN 2264125 AND 2264225
	Bitmap Heap Scan on sbtest1  (cost=5.52..425.26 rows=106 width=125)
	  Recheck Cond: ((k >= 2264125) AND (k <= 2264225))
	  ->  Bitmap Index Scan on k_1  (cost=0.00..5.50 rows=106 width=0)
	        Index Cond: ((k >= 2264125) AND (k <= 2264225))

table 2 : explain SELECT k, c FROM sbtest2 WHERE k BETWEEN 2264125 AND 2264225
	Bitmap Heap Scan on sbtest2  (cost=5.50..417.34 rows=104 width=125)
	  Recheck Cond: ((k >= 2264125) AND (k <= 2264225))
	  ->  Bitmap Index Scan on k_2  (cost=0.00..5.47 rows=104 width=0)
	        Index Cond: ((k >= 2264125) AND (k <= 2264225))

table 3 : explain SELECT k, c FROM sbtest3 WHERE k BETWEEN 2264125 AND 2264225
	Bitmap Heap Scan on sbtest3  (cost=5.40..378.07 rows=94 width=125)
	  Recheck Cond: ((k >= 2264125) AND (k <= 2264225))
	  ->  Bitmap Index Scan on k_3  (cost=0.00..5.38 rows=94 width=0)
	        Index Cond: ((k >= 2264125) AND (k <= 2264225))

table 4 : explain SELECT k, c FROM sbtest4 WHERE k BETWEEN 2264125 AND 2264225
	Bitmap Heap Scan on sbtest4  (cost=5.45..397.77 rows=99 width=125)
	  Recheck Cond: ((k >= 2264125) AND (k <= 2264225))
	  ->  Bitmap Index Scan on k_4  (cost=0.00..5.42 rows=99 width=0)
	        Index Cond: ((k >= 2264125) AND (k <= 2264225))

table 5 : explain SELECT k, c FROM sbtest5 WHERE k BETWEEN 2264125 AND 2264225
	Bitmap Heap Scan on sbtest5  (cost=5.47..405.52 rows=101 width=125)
	  Recheck Cond: ((k >= 2264125) AND (k <= 2264225))
	  ->  Bitmap Index Scan on k_5  (cost=0.00..5.44 rows=101 width=0)
	        Index Cond: ((k >= 2264125) AND (k <= 2264225))

table 6 : explain SELECT k, c FROM sbtest6 WHERE k BETWEEN 2264125 AND 2264225
	Bitmap Heap Scan on sbtest6  (cost=5.45..397.68 rows=99 width=125)
	  Recheck Cond: ((k >= 2264125) AND (k <= 2264225))
	  ->  Bitmap Index Scan on k_6  (cost=0.00..5.42 rows=99 width=0)
	        Index Cond: ((k >= 2264125) AND (k <= 2264225))

table 7 : explain SELECT k, c FROM sbtest7 WHERE k BETWEEN 2264125 AND 2264225
	Bitmap Heap Scan on sbtest7  (cost=5.49..413.61 rows=103 width=125)
	  Recheck Cond: ((k >= 2264125) AND (k <= 2264225))
	  ->  Bitmap Index Scan on k_7  (cost=0.00..5.46 rows=103 width=0)
	        Index Cond: ((k >= 2264125) AND (k <= 2264225))

table 8 : explain SELECT k, c FROM sbtest8 WHERE k BETWEEN 2264125 AND 2264225
	Bitmap Heap Scan on sbtest8  (cost=5.46..401.56 rows=100 width=125)
	  Recheck Cond: ((k >= 2264125) AND (k <= 2264225))
	  ->  Bitmap Index Scan on k_8  (cost=0.00..5.43 rows=100 width=0)
	        Index Cond: ((k >= 2264125) AND (k <= 2264225))

for range-notcovered
table 1 : explain SELECT k, c FROM sbtest1 WHERE k BETWEEN 6198458 AND 6198558
	Bitmap Heap Scan on sbtest1  (cost=5.34..354.23 rows=88 width=125)
	  Recheck Cond: ((k >= 6198458) AND (k <= 6198558))
	  ->  Bitmap Index Scan on k_1  (cost=0.00..5.31 rows=88 width=0)
	        Index Cond: ((k >= 6198458) AND (k <= 6198558))

table 2 : explain SELECT k, c FROM sbtest2 WHERE k BETWEEN 6198458 AND 6198558
	Bitmap Heap Scan on sbtest2  (cost=5.44..393.67 rows=98 width=125)
	  Recheck Cond: ((k >= 6198458) AND (k <= 6198558))
	  ->  Bitmap Index Scan on k_2  (cost=0.00..5.42 rows=98 width=0)
	        Index Cond: ((k >= 6198458) AND (k <= 6198558))

table 3 : explain SELECT k, c FROM sbtest3 WHERE k BETWEEN 6198458 AND 6198558
	Bitmap Heap Scan on sbtest3  (cost=5.48..409.65 rows=102 width=125)
	  Recheck Cond: ((k >= 6198458) AND (k <= 6198558))
	  ->  Bitmap Index Scan on k_3  (cost=0.00..5.45 rows=102 width=0)
	        Index Cond: ((k >= 6198458) AND (k <= 6198558))

table 4 : explain SELECT k, c FROM sbtest4 WHERE k BETWEEN 6198458 AND 6198558
	Bitmap Heap Scan on sbtest4  (cost=5.46..401.72 rows=100 width=125)
	  Recheck Cond: ((k >= 6198458) AND (k <= 6198558))
	  ->  Bitmap Index Scan on k_4  (cost=0.00..5.43 rows=100 width=0)
	        Index Cond: ((k >= 6198458) AND (k <= 6198558))

table 5 : explain SELECT k, c FROM sbtest5 WHERE k BETWEEN 6198458 AND 6198558
	Bitmap Heap Scan on sbtest5  (cost=5.55..437.06 rows=109 width=125)
	  Recheck Cond: ((k >= 6198458) AND (k <= 6198558))
	  ->  Bitmap Index Scan on k_5  (cost=0.00..5.52 rows=109 width=0)
	        Index Cond: ((k >= 6198458) AND (k <= 6198558))

table 6 : explain SELECT k, c FROM sbtest6 WHERE k BETWEEN 6198458 AND 6198558
	Bitmap Heap Scan on sbtest6  (cost=5.48..409.52 rows=102 width=125)
	  Recheck Cond: ((k >= 6198458) AND (k <= 6198558))
	  ->  Bitmap Index Scan on k_6  (cost=0.00..5.45 rows=102 width=0)
	        Index Cond: ((k >= 6198458) AND (k <= 6198558))

table 7 : explain SELECT k, c FROM sbtest7 WHERE k BETWEEN 6198458 AND 6198558
	Bitmap Heap Scan on sbtest7  (cost=5.42..385.98 rows=96 width=125)
	  Recheck Cond: ((k >= 6198458) AND (k <= 6198558))
	  ->  Bitmap Index Scan on k_7  (cost=0.00..5.39 rows=96 width=0)
	        Index Cond: ((k >= 6198458) AND (k <= 6198558))

table 8 : explain SELECT k, c FROM sbtest8 WHERE k BETWEEN 6198458 AND 6198558
	Bitmap Heap Scan on sbtest8  (cost=5.56..440.98 rows=110 width=125)
	  Recheck Cond: ((k >= 6198458) AND (k <= 6198558))
	  ->  Bitmap Index Scan on k_8  (cost=0.00..5.53 rows=110 width=0)
	        Index Cond: ((k >= 6198458) AND (k <= 6198558))

for range-notcovered
table 1 : explain SELECT k, c FROM sbtest1 WHERE k BETWEEN 3792277 AND 3792377
	Bitmap Heap Scan on sbtest1  (cost=5.44..393.71 rows=98 width=125)
	  Recheck Cond: ((k >= 3792277) AND (k <= 3792377))
	  ->  Bitmap Index Scan on k_1  (cost=0.00..5.42 rows=98 width=0)
	        Index Cond: ((k >= 3792277) AND (k <= 3792377))

table 2 : explain SELECT k, c FROM sbtest2 WHERE k BETWEEN 3792277 AND 3792377
	Bitmap Heap Scan on sbtest2  (cost=5.45..397.62 rows=99 width=125)
	  Recheck Cond: ((k >= 3792277) AND (k <= 3792377))
	  ->  Bitmap Index Scan on k_2  (cost=0.00..5.42 rows=99 width=0)
	        Index Cond: ((k >= 3792277) AND (k <= 3792377))

table 3 : explain SELECT k, c FROM sbtest3 WHERE k BETWEEN 3792277 AND 3792377
	Bitmap Heap Scan on sbtest3  (cost=5.45..397.81 rows=99 width=125)
	  Recheck Cond: ((k >= 3792277) AND (k <= 3792377))
	  ->  Bitmap Index Scan on k_3  (cost=0.00..5.42 rows=99 width=0)
	        Index Cond: ((k >= 3792277) AND (k <= 3792377))

table 4 : explain SELECT k, c FROM sbtest4 WHERE k BETWEEN 3792277 AND 3792377
	Bitmap Heap Scan on sbtest4  (cost=5.55..437.23 rows=109 width=125)
	  Recheck Cond: ((k >= 3792277) AND (k <= 3792377))
	  ->  Bitmap Index Scan on k_4  (cost=0.00..5.52 rows=109 width=0)
	        Index Cond: ((k >= 3792277) AND (k <= 3792377))

table 5 : explain SELECT k, c FROM sbtest5 WHERE k BETWEEN 3792277 AND 3792377
	Bitmap Heap Scan on sbtest5  (cost=5.43..389.74 rows=97 width=125)
	  Recheck Cond: ((k >= 3792277) AND (k <= 3792377))
	  ->  Bitmap Index Scan on k_5  (cost=0.00..5.40 rows=97 width=0)
	        Index Cond: ((k >= 3792277) AND (k <= 3792377))

table 6 : explain SELECT k, c FROM sbtest6 WHERE k BETWEEN 3792277 AND 3792377
	Bitmap Heap Scan on sbtest6  (cost=5.56..441.06 rows=110 width=125)
	  Recheck Cond: ((k >= 3792277) AND (k <= 3792377))
	  ->  Bitmap Index Scan on k_6  (cost=0.00..5.53 rows=110 width=0)
	        Index Cond: ((k >= 3792277) AND (k <= 3792377))

table 7 : explain SELECT k, c FROM sbtest7 WHERE k BETWEEN 3792277 AND 3792377
	Bitmap Heap Scan on sbtest7  (cost=5.40..378.08 rows=94 width=125)
	  Recheck Cond: ((k >= 3792277) AND (k <= 3792377))
	  ->  Bitmap Index Scan on k_7  (cost=0.00..5.38 rows=94 width=0)
	        Index Cond: ((k >= 3792277) AND (k <= 3792377))

table 8 : explain SELECT k, c FROM sbtest8 WHERE k BETWEEN 3792277 AND 3792377
	Bitmap Heap Scan on sbtest8  (cost=5.41..381.83 rows=95 width=125)
	  Recheck Cond: ((k >= 3792277) AND (k <= 3792377))
	  ->  Bitmap Index Scan on k_8  (cost=0.00..5.38 rows=95 width=0)
	        Index Cond: ((k >= 3792277) AND (k <= 3792377))

explain: for range-notcovered :: explain SELECT k, c FROM sbtest%d WHERE k BETWEEN 2264125 AND 2264225
explain: for range-notcovered :: explain SELECT k, c FROM sbtest%d WHERE k BETWEEN 3792277 AND 3792377
for range-notcovered
table 1 : explain SELECT k, c FROM sbtest1 WHERE k BETWEEN 4830844 AND 4830944
	Bitmap Heap Scan on sbtest1  (cost=5.48..409.49 rows=102 width=125)
	  Recheck Cond: ((k >= 4830844) AND (k <= 4830944))
	  ->  Bitmap Index Scan on k_1  (cost=0.00..5.45 rows=102 width=0)
	        Index Cond: ((k >= 4830844) AND (k <= 4830944))

table 2 : explain SELECT k, c FROM sbtest2 WHERE k BETWEEN 4830844 AND 4830944
	Bitmap Heap Scan on sbtest2  (cost=5.46..401.56 rows=100 width=125)
	  Recheck Cond: ((k >= 4830844) AND (k <= 4830944))
	  ->  Bitmap Index Scan on k_2  (cost=0.00..5.43 rows=100 width=0)
	        Index Cond: ((k >= 4830844) AND (k <= 4830944))

table 3 : explain SELECT k, c FROM sbtest3 WHERE k BETWEEN 4830844 AND 4830944
	Bitmap Heap Scan on sbtest3  (cost=5.51..421.49 rows=105 width=125)
	  Recheck Cond: ((k >= 4830844) AND (k <= 4830944))
	  ->  Bitmap Index Scan on k_3  (cost=0.00..5.48 rows=105 width=0)
	        Index Cond: ((k >= 4830844) AND (k <= 4830944))

table 4 : explain SELECT k, c FROM sbtest4 WHERE k BETWEEN 4830844 AND 4830944
	Bitmap Heap Scan on sbtest4  (cost=5.51..421.45 rows=105 width=125)
	  Recheck Cond: ((k >= 4830844) AND (k <= 4830944))
	  ->  Bitmap Index Scan on k_4  (cost=0.00..5.48 rows=105 width=0)
	        Index Cond: ((k >= 4830844) AND (k <= 4830944))

table 5 : explain SELECT k, c FROM sbtest5 WHERE k BETWEEN 4830844 AND 4830944
	Bitmap Heap Scan on sbtest5  (cost=5.43..389.74 rows=97 width=125)
	  Recheck Cond: ((k >= 4830844) AND (k <= 4830944))
	  ->  Bitmap Index Scan on k_5  (cost=0.00..5.40 rows=97 width=0)
	        Index Cond: ((k >= 4830844) AND (k <= 4830944))

table 6 : explain SELECT k, c FROM sbtest6 WHERE k BETWEEN 4830844 AND 4830944
	Bitmap Heap Scan on sbtest6  (cost=5.62..464.70 rows=116 width=125)
	  Recheck Cond: ((k >= 4830844) AND (k <= 4830944))
	  ->  Bitmap Index Scan on k_6  (cost=0.00..5.59 rows=116 width=0)
	        Index Cond: ((k >= 4830844) AND (k <= 4830944))

table 7 : explain SELECT k, c FROM sbtest7 WHERE k BETWEEN 4830844 AND 4830944
	Bitmap Heap Scan on sbtest7  (cost=5.47..405.72 rows=101 width=125)
	  Recheck Cond: ((k >= 4830844) AND (k <= 4830944))
	  ->  Bitmap Index Scan on k_7  (cost=0.00..5.44 rows=101 width=0)
	        Index Cond: ((k >= 4830844) AND (k <= 4830944))

table 8 : explain SELECT k, c FROM sbtest8 WHERE k BETWEEN 4830844 AND 4830944
	Bitmap Heap Scan on sbtest8  (cost=5.46..401.56 rows=100 width=125)
	  Recheck Cond: ((k >= 4830844) AND (k <= 4830944))
	  ->  Bitmap Index Scan on k_8  (cost=0.00..5.43 rows=100 width=0)
	        Index Cond: ((k >= 4830844) AND (k <= 4830944))
for range-notcovered
table 1 : explain SELECT k, c FROM sbtest1 WHERE k BETWEEN 2987361 AND 2987461
	Bitmap Heap Scan on sbtest1  (cost=5.55..437.09 rows=109 width=125)
	  Recheck Cond: ((k >= 2987361) AND (k <= 2987461))
	  ->  Bitmap Index Scan on k_1  (cost=0.00..5.52 rows=109 width=0)
	        Index Cond: ((k >= 2987361) AND (k <= 2987461))

table 2 : explain SELECT k, c FROM sbtest2 WHERE k BETWEEN 2987361 AND 2987461
	Bitmap Heap Scan on sbtest2  (cost=5.44..393.67 rows=98 width=125)
	  Recheck Cond: ((k >= 2987361) AND (k <= 2987461))
	  ->  Bitmap Index Scan on k_2  (cost=0.00..5.42 rows=98 width=0)
	        Index Cond: ((k >= 2987361) AND (k <= 2987461))

table 3 : explain SELECT k, c FROM sbtest3 WHERE k BETWEEN 2987361 AND 2987461
	Bitmap Heap Scan on sbtest3  (cost=5.42..385.97 rows=96 width=125)
	  Recheck Cond: ((k >= 2987361) AND (k <= 2987461))
	  ->  Bitmap Index Scan on k_3  (cost=0.00..5.39 rows=96 width=0)
	        Index Cond: ((k >= 2987361) AND (k <= 2987461))

table 4 : explain SELECT k, c FROM sbtest4 WHERE k BETWEEN 2987361 AND 2987461
	Bitmap Heap Scan on sbtest4  (cost=5.54..433.28 rows=108 width=125)
	  Recheck Cond: ((k >= 2987361) AND (k <= 2987461))
	  ->  Bitmap Index Scan on k_4  (cost=0.00..5.51 rows=108 width=0)
	        Index Cond: ((k >= 2987361) AND (k <= 2987461))

table 5 : explain SELECT k, c FROM sbtest5 WHERE k BETWEEN 2987361 AND 2987461
	Bitmap Heap Scan on sbtest5  (cost=5.50..417.35 rows=104 width=125)
	  Recheck Cond: ((k >= 2987361) AND (k <= 2987461))
	  ->  Bitmap Index Scan on k_5  (cost=0.00..5.47 rows=104 width=0)
	        Index Cond: ((k >= 2987361) AND (k <= 2987461))

table 6 : explain SELECT k, c FROM sbtest6 WHERE k BETWEEN 2987361 AND 2987461
	Bitmap Heap Scan on sbtest6  (cost=5.40..377.95 rows=94 width=125)
	  Recheck Cond: ((k >= 2987361) AND (k <= 2987461))
	  ->  Bitmap Index Scan on k_6  (cost=0.00..5.38 rows=94 width=0)
	        Index Cond: ((k >= 2987361) AND (k <= 2987461))

table 7 : explain SELECT k, c FROM sbtest7 WHERE k BETWEEN 2987361 AND 2987461
	Bitmap Heap Scan on sbtest7  (cost=5.48..409.67 rows=102 width=125)
	  Recheck Cond: ((k >= 2987361) AND (k <= 2987461))
	  ->  Bitmap Index Scan on k_7  (cost=0.00..5.45 rows=102 width=0)
	        Index Cond: ((k >= 2987361) AND (k <= 2987461))

table 8 : explain SELECT k, c FROM sbtest8 WHERE k BETWEEN 2987361 AND 2987461
	Bitmap Heap Scan on sbtest8  (cost=5.52..425.22 rows=106 width=125)
	  Recheck Cond: ((k >= 2987361) AND (k <= 2987461))
	  ->  Bitmap Index Scan on k_8  (cost=0.00..5.50 rows=106 width=0)
	        Index Cond: ((k >= 2987361) AND (k <= 2987461))

explain: for range-notcovered :: explain SELECT k, c FROM sbtest%d WHERE k BETWEEN 4982726 AND 4982826
explain: for range-notcovered :: explain SELECT k, c FROM sbtest%d WHERE k BETWEEN 3618693 AND 3618793for range-notcovered
table 1 : explain SELECT k, c FROM sbtest1 WHERE k BETWEEN 6856335 AND 6856435
	Bitmap Heap Scan on sbtest1  (cost=5.52..425.26 rows=106 width=125)
	  Recheck Cond: ((k >= 6856335) AND (k <= 6856435))
	  ->  Bitmap Index Scan on k_1  (cost=0.00..5.50 rows=106 width=0)
	        Index Cond: ((k >= 6856335) AND (k <= 6856435))

table 2 : explain SELECT k, c FROM sbtest2 WHERE k BETWEEN 6856335 AND 6856435
	Bitmap Heap Scan on sbtest2  (cost=5.45..397.62 rows=99 width=125)
	  Recheck Cond: ((k >= 6856335) AND (k <= 6856435))
	  ->  Bitmap Index Scan on k_2  (cost=0.00..5.42 rows=99 width=0)
	        Index Cond: ((k >= 6856335) AND (k <= 6856435))

table 3 : explain SELECT k, c FROM sbtest3 WHERE k BETWEEN 6856335 AND 6856435
	Bitmap Heap Scan on sbtest3  (cost=5.56..441.21 rows=110 width=125)
	  Recheck Cond: ((k >= 6856335) AND (k <= 6856435))
	  ->  Bitmap Index Scan on k_3  (cost=0.00..5.53 rows=110 width=0)
	        Index Cond: ((k >= 6856335) AND (k <= 6856435))

table 4 : explain SELECT k, c FROM sbtest4 WHERE k BETWEEN 6856335 AND 6856435
	Bitmap Heap Scan on sbtest4  (cost=5.49..413.56 rows=103 width=125)
	  Recheck Cond: ((k >= 6856335) AND (k <= 6856435))
	  ->  Bitmap Index Scan on k_4  (cost=0.00..5.46 rows=103 width=0)
	        Index Cond: ((k >= 6856335) AND (k <= 6856435))

table 5 : explain SELECT k, c FROM sbtest5 WHERE k BETWEEN 6856335 AND 6856435
	Bitmap Heap Scan on sbtest5  (cost=5.55..437.06 rows=109 width=125)
	  Recheck Cond: ((k >= 6856335) AND (k <= 6856435))
	  ->  Bitmap Index Scan on k_5  (cost=0.00..5.52 rows=109 width=0)
	        Index Cond: ((k >= 6856335) AND (k <= 6856435))

table 6 : explain SELECT k, c FROM sbtest6 WHERE k BETWEEN 6856335 AND 6856435
	Bitmap Heap Scan on sbtest6  (cost=5.45..397.68 rows=99 width=125)
	  Recheck Cond: ((k >= 6856335) AND (k <= 6856435))
	  ->  Bitmap Index Scan on k_6  (cost=0.00..5.42 rows=99 width=0)
	        Index Cond: ((k >= 6856335) AND (k <= 6856435))

table 7 : explain SELECT k, c FROM sbtest7 WHERE k BETWEEN 6856335 AND 6856435
	Bitmap Heap Scan on sbtest7  (cost=5.35..358.33 rows=89 width=125)
	  Recheck Cond: ((k >= 6856335) AND (k <= 6856435))
	  ->  Bitmap Index Scan on k_7  (cost=0.00..5.32 rows=89 width=0)
	        Index Cond: ((k >= 6856335) AND (k <= 6856435))

table 8 : explain SELECT k, c FROM sbtest8 WHERE k BETWEEN 6856335 AND 6856435
	Bitmap Heap Scan on sbtest8  (cost=5.45..397.61 rows=99 width=125)
	  Recheck Cond: ((k >= 6856335) AND (k <= 6856435))
	  ->  Bitmap Index Scan on k_8  (cost=0.00..5.42 rows=99 width=0)
	        Index Cond: ((k >= 6856335) AND (k <= 6856435))

for range-notcovered
table 1 : explain SELECT k, c FROM sbtest1 WHERE k BETWEEN 4557500 AND 4557600
	Bitmap Heap Scan on sbtest1  (cost=5.38..370.03 rows=92 width=125)
	  Recheck Cond: ((k >= 4557500) AND (k <= 4557600))
	  ->  Bitmap Index Scan on k_1  (cost=0.00..5.35 rows=92 width=0)
	        Index Cond: ((k >= 4557500) AND (k <= 4557600))

table 2 : explain SELECT k, c FROM sbtest2 WHERE k BETWEEN 4557500 AND 4557600
	Bitmap Heap Scan on sbtest2  (cost=5.55..437.05 rows=109 width=125)
	  Recheck Cond: ((k >= 4557500) AND (k <= 4557600))
	  ->  Bitmap Index Scan on k_2  (cost=0.00..5.52 rows=109 width=0)
	        Index Cond: ((k >= 4557500) AND (k <= 4557600))

table 3 : explain SELECT k, c FROM sbtest3 WHERE k BETWEEN 4557500 AND 4557600
	Bitmap Heap Scan on sbtest3  (cost=5.50..417.54 rows=104 width=125)
	  Recheck Cond: ((k >= 4557500) AND (k <= 4557600))
	  ->  Bitmap Index Scan on k_3  (cost=0.00..5.47 rows=104 width=0)
	        Index Cond: ((k >= 4557500) AND (k <= 4557600))

table 4 : explain SELECT k, c FROM sbtest4 WHERE k BETWEEN 4557500 AND 4557600
	Bitmap Heap Scan on sbtest4  (cost=5.53..429.34 rows=107 width=125)
	  Recheck Cond: ((k >= 4557500) AND (k <= 4557600))
	  ->  Bitmap Index Scan on k_4  (cost=0.00..5.50 rows=107 width=0)
	        Index Cond: ((k >= 4557500) AND (k <= 4557600))

table 5 : explain SELECT k, c FROM sbtest5 WHERE k BETWEEN 4557500 AND 4557600
	Bitmap Heap Scan on sbtest5  (cost=5.51..421.30 rows=105 width=125)
	  Recheck Cond: ((k >= 4557500) AND (k <= 4557600))
	  ->  Bitmap Index Scan on k_5  (cost=0.00..5.48 rows=105 width=0)
	        Index Cond: ((k >= 4557500) AND (k <= 4557600))

table 6 : explain SELECT k, c FROM sbtest6 WHERE k BETWEEN 4557500 AND 4557600
	Bitmap Heap Scan on sbtest6  (cost=5.42..385.84 rows=96 width=125)
	  Recheck Cond: ((k >= 4557500) AND (k <= 4557600))
	  ->  Bitmap Index Scan on k_6  (cost=0.00..5.39 rows=96 width=0)
	        Index Cond: ((k >= 4557500) AND (k <= 4557600))

table 7 : explain SELECT k, c FROM sbtest7 WHERE k BETWEEN 4557500 AND 4557600
	Bitmap Heap Scan on sbtest7  (cost=5.43..389.93 rows=97 width=125)
	  Recheck Cond: ((k >= 4557500) AND (k <= 4557600))
	  ->  Bitmap Index Scan on k_7  (cost=0.00..5.40 rows=97 width=0)
	        Index Cond: ((k >= 4557500) AND (k <= 4557600))

table 8 : explain SELECT k, c FROM sbtest8 WHERE k BETWEEN 4557500 AND 4557600
	Bitmap Heap Scan on sbtest8  (cost=5.48..409.45 rows=102 width=125)
	  Recheck Cond: ((k >= 4557500) AND (k <= 4557600))
	  ->  Bitmap Index Scan on k_8  (cost=0.00..5.45 rows=102 width=0)
	        Index Cond: ((k >= 4557500) AND (k <= 4557600))

explain: for range-notcovered :: explain SELECT k, c FROM sbtest%d WHERE k BETWEEN 2987361 AND 2987461

for range-notcovered
table 1 : explain SELECT k, c FROM sbtest1 WHERE k BETWEEN 4879440 AND 4879540
	Bitmap Heap Scan on sbtest1  (cost=5.48..409.49 rows=102 width=125)
	  Recheck Cond: ((k >= 4879440) AND (k <= 4879540))
	  ->  Bitmap Index Scan on k_1  (cost=0.00..5.45 rows=102 width=0)
	        Index Cond: ((k >= 4879440) AND (k <= 4879540))

table 2 : explain SELECT k, c FROM sbtest2 WHERE k BETWEEN 4879440 AND 4879540
	Bitmap Heap Scan on sbtest2  (cost=5.46..401.56 rows=100 width=125)
	  Recheck Cond: ((k >= 4879440) AND (k <= 4879540))
	  ->  Bitmap Index Scan on k_2  (cost=0.00..5.43 rows=100 width=0)
	        Index Cond: ((k >= 4879440) AND (k <= 4879540))

table 3 : explain SELECT k, c FROM sbtest3 WHERE k BETWEEN 4879440 AND 4879540
	Bitmap Heap Scan on sbtest3  (cost=5.51..421.49 rows=105 width=125)
	  Recheck Cond: ((k >= 4879440) AND (k <= 4879540))
	  ->  Bitmap Index Scan on k_3  (cost=0.00..5.48 rows=105 width=0)
	        Index Cond: ((k >= 4879440) AND (k <= 4879540))

table 4 : explain SELECT k, c FROM sbtest4 WHERE k BETWEEN 4879440 AND 4879540
	Bitmap Heap Scan on sbtest4  (cost=5.51..421.45 rows=105 width=125)
	  Recheck Cond: ((k >= 4879440) AND (k <= 4879540))
	  ->  Bitmap Index Scan on k_4  (cost=0.00..5.48 rows=105 width=0)
	        Index Cond: ((k >= 4879440) AND (k <= 4879540))

table 5 : explain SELECT k, c FROM sbtest5 WHERE k BETWEEN 4879440 AND 4879540
	Bitmap Heap Scan on sbtest5  (cost=5.56..441.00 rows=110 width=125)
	  Recheck Cond: ((k >= 4879440) AND (k <= 4879540))
	  ->  Bitmap Index Scan on k_5  (cost=0.00..5.53 rows=110 width=0)
	        Index Cond: ((k >= 4879440) AND (k <= 4879540))

table 6 : explain SELECT k, c FROM sbtest6 WHERE k BETWEEN 4879440 AND 4879540
	Bitmap Heap Scan on sbtest6  (cost=5.43..389.79 rows=97 width=125)
	  Recheck Cond: ((k >= 4879440) AND (k <= 4879540))
	  ->  Bitmap Index Scan on k_6  (cost=0.00..5.40 rows=97 width=0)
	        Index Cond: ((k >= 4879440) AND (k <= 4879540))

table 7 : explain SELECT k, c FROM sbtest7 WHERE k BETWEEN 4879440 AND 4879540
	Bitmap Heap Scan on sbtest7  (cost=5.47..405.72 rows=101 width=125)
	  Recheck Cond: ((k >= 4879440) AND (k <= 4879540))
	  ->  Bitmap Index Scan on k_7  (cost=0.00..5.44 rows=101 width=0)
	        Index Cond: ((k >= 4879440) AND (k <= 4879540))

table 8 : explain SELECT k, c FROM sbtest8 WHERE k BETWEEN 4879440 AND 4879540
	Bitmap Heap Scan on sbtest8  (cost=5.46..401.56 rows=100 width=125)
	  Recheck Cond: ((k >= 4879440) AND (k <= 4879540))
	  ->  Bitmap Index Scan on k_8  (cost=0.00..5.43 rows=100 width=0)
	        Index Cond: ((k >= 4879440) AND (k <= 4879540))
for range-notcovered
table 1 : explain SELECT k, c FROM sbtest1 WHERE k BETWEEN 7407913 AND 7408013
	Bitmap Heap Scan on sbtest1  (cost=5.53..429.21 rows=107 width=125)
	  Recheck Cond: ((k >= 7407913) AND (k <= 7408013))
	  ->  Bitmap Index Scan on k_1  (cost=0.00..5.50 rows=107 width=0)
	        Index Cond: ((k >= 7407913) AND (k <= 7408013))

table 2 : explain SELECT k, c FROM sbtest2 WHERE k BETWEEN 7407913 AND 7408013
	Bitmap Heap Scan on sbtest2  (cost=5.53..429.16 rows=107 width=125)
	  Recheck Cond: ((k >= 7407913) AND (k <= 7408013))
	  ->  Bitmap Index Scan on k_2  (cost=0.00..5.50 rows=107 width=0)
	        Index Cond: ((k >= 7407913) AND (k <= 7408013))

table 3 : explain SELECT k, c FROM sbtest3 WHERE k BETWEEN 7407913 AND 7408013
	Bitmap Heap Scan on sbtest3  (cost=5.46..401.76 rows=100 width=125)
	  Recheck Cond: ((k >= 7407913) AND (k <= 7408013))
	  ->  Bitmap Index Scan on k_3  (cost=0.00..5.43 rows=100 width=0)
	        Index Cond: ((k >= 7407913) AND (k <= 7408013))

table 4 : explain SELECT k, c FROM sbtest4 WHERE k BETWEEN 7407913 AND 7408013
	Bitmap Heap Scan on sbtest4  (cost=5.48..409.61 rows=102 width=125)
	  Recheck Cond: ((k >= 7407913) AND (k <= 7408013))
	  ->  Bitmap Index Scan on k_4  (cost=0.00..5.45 rows=102 width=0)
	        Index Cond: ((k >= 7407913) AND (k <= 7408013))

table 5 : explain SELECT k, c FROM sbtest5 WHERE k BETWEEN 7407913 AND 7408013
	Bitmap Heap Scan on sbtest5  (cost=5.42..385.80 rows=96 width=125)
	  Recheck Cond: ((k >= 7407913) AND (k <= 7408013))
	  ->  Bitmap Index Scan on k_5  (cost=0.00..5.39 rows=96 width=0)
	        Index Cond: ((k >= 7407913) AND (k <= 7408013))

table 6 : explain SELECT k, c FROM sbtest6 WHERE k BETWEEN 7407913 AND 7408013
	Bitmap Heap Scan on sbtest6  (cost=5.52..425.29 rows=106 width=125)
	  Recheck Cond: ((k >= 7407913) AND (k <= 7408013))
	  ->  Bitmap Index Scan on k_6  (cost=0.00..5.50 rows=106 width=0)
	        Index Cond: ((k >= 7407913) AND (k <= 7408013))

table 7 : explain SELECT k, c FROM sbtest7 WHERE k BETWEEN 7407913 AND 7408013
	Bitmap Heap Scan on sbtest7  (cost=5.49..413.61 rows=103 width=125)
	  Recheck Cond: ((k >= 7407913) AND (k <= 7408013))
	  ->  Bitmap Index Scan on k_7  (cost=0.00..5.46 rows=103 width=0)
	        Index Cond: ((k >= 7407913) AND (k <= 7408013))

table 8 : explain SELECT k, c FROM sbtest8 WHERE k BETWEEN 7407913 AND 7408013
	Bitmap Heap Scan on sbtest8  (cost=5.53..429.16 rows=107 width=125)
	  Recheck Cond: ((k >= 7407913) AND (k <= 7408013))
	  ->  Bitmap Index Scan on k_8  (cost=0.00..5.50 rows=107 width=0)
	        Index Cond: ((k >= 7407913) AND (k <= 7408013))



for range-notcovered
table 1 : explain SELECT k, c FROM sbtest1 WHERE k BETWEEN 6900185 AND 6900285
	Bitmap Heap Scan on sbtest1  (cost=5.52..425.26 rows=106 width=125)
	  Recheck Cond: ((k >= 6900185) AND (k <= 6900285))
	  ->  Bitmap Index Scan on k_1  (cost=0.00..5.50 rows=106 width=0)
	        Index Cond: ((k >= 6900185) AND (k <= 6900285))

table 2 : explain SELECT k, c FROM sbtest2 WHERE k BETWEEN 6900185 AND 6900285
	Bitmap Heap Scan on sbtest2  (cost=5.45..397.62 rows=99 width=125)
	  Recheck Cond: ((k >= 6900185) AND (k <= 6900285))
	  ->  Bitmap Index Scan on k_2  (cost=0.00..5.42 rows=99 width=0)
	        Index Cond: ((k >= 6900185) AND (k <= 6900285))

table 3 : explain SELECT k, c FROM sbtest3 WHERE k BETWEEN 6900185 AND 6900285
	Bitmap Heap Scan on sbtest3  (cost=5.56..441.21 rows=110 width=125)
	  Recheck Cond: ((k >= 6900185) AND (k <= 6900285))
	  ->  Bitmap Index Scan on k_3  (cost=0.00..5.53 rows=110 width=0)
	        Index Cond: ((k >= 6900185) AND (k <= 6900285))

table 4 : explain SELECT k, c FROM sbtest4 WHERE k BETWEEN 6900185 AND 6900285
	Bitmap Heap Scan on sbtest4  (cost=5.49..413.56 rows=103 width=125)
	  Recheck Cond: ((k >= 6900185) AND (k <= 6900285))
	  ->  Bitmap Index Scan on k_4  (cost=0.00..5.46 rows=103 width=0)
	        Index Cond: ((k >= 6900185) AND (k <= 6900285))

table 5 : explain SELECT k, c FROM sbtest5 WHERE k BETWEEN 6900185 AND 6900285
	Bitmap Heap Scan on sbtest5  (cost=5.55..437.06 rows=109 width=125)
	  Recheck Cond: ((k >= 6900185) AND (k <= 6900285))
	  ->  Bitmap Index Scan on k_5  (cost=0.00..5.52 rows=109 width=0)
	        Index Cond: ((k >= 6900185) AND (k <= 6900285))

table 6 : explain SELECT k, c FROM sbtest6 WHERE k BETWEEN 6900185 AND 6900285
	Bitmap Heap Scan on sbtest6  (cost=5.44..393.74 rows=98 width=125)
	  Recheck Cond: ((k >= 6900185) AND (k <= 6900285))
	  ->  Bitmap Index Scan on k_6  (cost=0.00..5.42 rows=98 width=0)
	        Index Cond: ((k >= 6900185) AND (k <= 6900285))

table 7 : explain SELECT k, c FROM sbtest7 WHERE k BETWEEN 6900185 AND 6900285
	Bitmap Heap Scan on sbtest7  (cost=5.35..358.33 rows=89 width=125)
	  Recheck Cond: ((k >= 6900185) AND (k <= 6900285))
	  ->  Bitmap Index Scan on k_7  (cost=0.00..5.32 rows=89 width=0)
	        Index Cond: ((k >= 6900185) AND (k <= 6900285))

table 8 : explain SELECT k, c FROM sbtest8 WHERE k BETWEEN 6900185 AND 6900285
	Bitmap Heap Scan on sbtest8  (cost=5.45..397.61 rows=99 width=125)
	  Recheck Cond: ((k >= 6900185) AND (k <= 6900285))
	  ->  Bitmap Index Scan on k_8  (cost=0.00..5.42 rows=99 width=0)
	        Index Cond: ((k >= 6900185) AND (k <= 6900285))

explain: for range-notcovered :: explain SELECT k, c FROM sbtest%d WHERE k BETWEEN 4830844 AND 4830944
explain: for range-notcovered :: explain SELECT k, c FROM sbtest%d WHERE k BETWEEN 4557500 AND 4557600for range-notcovered
table 1 : explain SELECT k, c FROM sbtest1 WHERE k BETWEEN 7650953 AND 7651053
	Bitmap Heap Scan on sbtest1  (cost=5.42..385.82 rows=96 width=125)
	  Recheck Cond: ((k >= 7650953) AND (k <= 7651053))
	  ->  Bitmap Index Scan on k_1  (cost=0.00..5.39 rows=96 width=0)
	        Index Cond: ((k >= 7650953) AND (k <= 7651053))

table 2 : explain SELECT k, c FROM sbtest2 WHERE k BETWEEN 7650953 AND 7651053
	Bitmap Heap Scan on sbtest2  (cost=5.45..397.62 rows=99 width=125)
	  Recheck Cond: ((k >= 7650953) AND (k <= 7651053))
	  ->  Bitmap Index Scan on k_2  (cost=0.00..5.42 rows=99 width=0)
	        Index Cond: ((k >= 7650953) AND (k <= 7651053))

table 3 : explain SELECT k, c FROM sbtest3 WHERE k BETWEEN 7650953 AND 7651053
	Bitmap Heap Scan on sbtest3  (cost=5.46..401.76 rows=100 width=125)
	  Recheck Cond: ((k >= 7650953) AND (k <= 7651053))
	  ->  Bitmap Index Scan on k_3  (cost=0.00..5.43 rows=100 width=0)
	        Index Cond: ((k >= 7650953) AND (k <= 7651053))

table 4 : explain SELECT k, c FROM sbtest4 WHERE k BETWEEN 7650953 AND 7651053
	Bitmap Heap Scan on sbtest4  (cost=5.52..425.39 rows=106 width=125)
	  Recheck Cond: ((k >= 7650953) AND (k <= 7651053))
	  ->  Bitmap Index Scan on k_4  (cost=0.00..5.50 rows=106 width=0)
	        Index Cond: ((k >= 7650953) AND (k <= 7651053))

table 5 : explain SELECT k, c FROM sbtest5 WHERE k BETWEEN 7650953 AND 7651053
	Bitmap Heap Scan on sbtest5  (cost=5.40..377.90 rows=94 width=125)
	  Recheck Cond: ((k >= 7650953) AND (k <= 7651053))
	  ->  Bitmap Index Scan on k_5  (cost=0.00..5.38 rows=94 width=0)
	        Index Cond: ((k >= 7650953) AND (k <= 7651053))

table 6 : explain SELECT k, c FROM sbtest6 WHERE k BETWEEN 7650953 AND 7651053
	Bitmap Heap Scan on sbtest6  (cost=5.48..409.52 rows=102 width=125)
	  Recheck Cond: ((k >= 7650953) AND (k <= 7651053))
	  ->  Bitmap Index Scan on k_6  (cost=0.00..5.45 rows=102 width=0)
	        Index Cond: ((k >= 7650953) AND (k <= 7651053))

table 7 : explain SELECT k, c FROM sbtest7 WHERE k BETWEEN 7650953 AND 7651053
	Bitmap Heap Scan on sbtest7  (cost=5.46..401.77 rows=100 width=125)
	  Recheck Cond: ((k >= 7650953) AND (k <= 7651053))
	  ->  Bitmap Index Scan on k_7  (cost=0.00..5.43 rows=100 width=0)
	        Index Cond: ((k >= 7650953) AND (k <= 7651053))

table 8 : explain SELECT k, c FROM sbtest8 WHERE k BETWEEN 7650953 AND 7651053
	Bitmap Heap Scan on sbtest8  (cost=5.50..417.33 rows=104 width=125)
	  Recheck Cond: ((k >= 7650953) AND (k <= 7651053))
	  ->  Bitmap Index Scan on k_8  (cost=0.00..5.47 rows=104 width=0)
	        Index Cond: ((k >= 7650953) AND (k <= 7651053))


for range-notcovered
table 1 : explain SELECT k, c FROM sbtest1 WHERE k BETWEEN 6518508 AND 6518608
	Bitmap Heap Scan on sbtest1  (cost=5.44..393.71 rows=98 width=125)
	  Recheck Cond: ((k >= 6518508) AND (k <= 6518608))
	  ->  Bitmap Index Scan on k_1  (cost=0.00..5.42 rows=98 width=0)
	        Index Cond: ((k >= 6518508) AND (k <= 6518608))

table 2 : explain SELECT k, c FROM sbtest2 WHERE k BETWEEN 6518508 AND 6518608
	Bitmap Heap Scan on sbtest2  (cost=5.62..464.62 rows=116 width=125)
	  Recheck Cond: ((k >= 6518508) AND (k <= 6518608))
	  ->  Bitmap Index Scan on k_2  (cost=0.00..5.59 rows=116 width=0)
	        Index Cond: ((k >= 6518508) AND (k <= 6518608))

table 3 : explain SELECT k, c FROM sbtest3 WHERE k BETWEEN 6518508 AND 6518608
	Bitmap Heap Scan on sbtest3  (cost=5.51..421.49 rows=105 width=125)
	  Recheck Cond: ((k >= 6518508) AND (k <= 6518608))
	  ->  Bitmap Index Scan on k_3  (cost=0.00..5.48 rows=105 width=0)
	        Index Cond: ((k >= 6518508) AND (k <= 6518608))

table 4 : explain SELECT k, c FROM sbtest4 WHERE k BETWEEN 6518508 AND 6518608
	Bitmap Heap Scan on sbtest4  (cost=5.49..413.56 rows=103 width=125)
	  Recheck Cond: ((k >= 6518508) AND (k <= 6518608))
	  ->  Bitmap Index Scan on k_4  (cost=0.00..5.46 rows=103 width=0)
	        Index Cond: ((k >= 6518508) AND (k <= 6518608))

table 5 : explain SELECT k, c FROM sbtest5 WHERE k BETWEEN 6518508 AND 6518608
	Bitmap Heap Scan on sbtest5  (cost=5.64..472.52 rows=118 width=125)
	  Recheck Cond: ((k >= 6518508) AND (k <= 6518608))
	  ->  Bitmap Index Scan on k_5  (cost=0.00..5.61 rows=118 width=0)
	        Index Cond: ((k >= 6518508) AND (k <= 6518608))

table 6 : explain SELECT k, c FROM sbtest6 WHERE k BETWEEN 6518508 AND 6518608
	Bitmap Heap Scan on sbtest6  (cost=5.52..425.29 rows=106 width=125)
	  Recheck Cond: ((k >= 6518508) AND (k <= 6518608))
	  ->  Bitmap Index Scan on k_6  (cost=0.00..5.50 rows=106 width=0)
	        Index Cond: ((k >= 6518508) AND (k <= 6518608))

table 7 : explain SELECT k, c FROM sbtest7 WHERE k BETWEEN 6518508 AND 6518608
	Bitmap Heap Scan on sbtest7  (cost=5.50..417.56 rows=104 width=125)
	  Recheck Cond: ((k >= 6518508) AND (k <= 6518608))
	  ->  Bitmap Index Scan on k_7  (cost=0.00..5.47 rows=104 width=0)
	        Index Cond: ((k >= 6518508) AND (k <= 6518608))

table 8 : explain SELECT k, c FROM sbtest8 WHERE k BETWEEN 6518508 AND 6518608
	Bitmap Heap Scan on sbtest8  (cost=5.49..413.39 rows=103 width=125)
	  Recheck Cond: ((k >= 6518508) AND (k <= 6518608))
	  ->  Bitmap Index Scan on k_8  (cost=0.00..5.46 rows=103 width=0)
	        Index Cond: ((k >= 6518508) AND (k <= 6518608))

explain: for range-notcovered :: explain SELECT k, c FROM sbtest%d WHERE k BETWEEN 4879440 AND 4879540
explain: for range-notcovered :: explain SELECT k, c FROM sbtest%d WHERE k BETWEEN 7407913 AND 7408013for range-notcovered
table 1 : explain SELECT k, c FROM sbtest1 WHERE k BETWEEN 1785409 AND 1785509
	Bitmap Heap Scan on sbtest1  (cost=5.50..417.38 rows=104 width=125)
	  Recheck Cond: ((k >= 1785409) AND (k <= 1785509))
	  ->  Bitmap Index Scan on k_1  (cost=0.00..5.47 rows=104 width=0)
	        Index Cond: ((k >= 1785409) AND (k <= 1785509))

table 2 : explain SELECT k, c FROM sbtest2 WHERE k BETWEEN 1785409 AND 1785509
	Bitmap Heap Scan on sbtest2  (cost=5.41..381.84 rows=95 width=125)
	  Recheck Cond: ((k >= 1785409) AND (k <= 1785509))
	  ->  Bitmap Index Scan on k_2  (cost=0.00..5.38 rows=95 width=0)
	        Index Cond: ((k >= 1785409) AND (k <= 1785509))

table 3 : explain SELECT k, c FROM sbtest3 WHERE k BETWEEN 1785409 AND 1785509
	Bitmap Heap Scan on sbtest3  (cost=5.43..389.92 rows=97 width=125)
	  Recheck Cond: ((k >= 1785409) AND (k <= 1785509))
	  ->  Bitmap Index Scan on k_3  (cost=0.00..5.40 rows=97 width=0)
	        Index Cond: ((k >= 1785409) AND (k <= 1785509))

table 4 : explain SELECT k, c FROM sbtest4 WHERE k BETWEEN 1785409 AND 1785509
	Bitmap Heap Scan on sbtest4  (cost=5.41..381.98 rows=95 width=125)
	  Recheck Cond: ((k >= 1785409) AND (k <= 1785509))
	  ->  Bitmap Index Scan on k_4  (cost=0.00..5.38 rows=95 width=0)
	        Index Cond: ((k >= 1785409) AND (k <= 1785509))

table 5 : explain SELECT k, c FROM sbtest5 WHERE k BETWEEN 1785409 AND 1785509
	Bitmap Heap Scan on sbtest5  (cost=5.51..421.30 rows=105 width=125)
	  Recheck Cond: ((k >= 1785409) AND (k <= 1785509))
	  ->  Bitmap Index Scan on k_5  (cost=0.00..5.48 rows=105 width=0)
	        Index Cond: ((k >= 1785409) AND (k <= 1785509))

table 6 : explain SELECT k, c FROM sbtest6 WHERE k BETWEEN 1785409 AND 1785509
	Bitmap Heap Scan on sbtest6  (cost=5.50..417.41 rows=104 width=125)
	  Recheck Cond: ((k >= 1785409) AND (k <= 1785509))
	  ->  Bitmap Index Scan on k_6  (cost=0.00..5.47 rows=104 width=0)
	        Index Cond: ((k >= 1785409) AND (k <= 1785509))

table 7 : explain SELECT k, c FROM sbtest7 WHERE k BETWEEN 1785409 AND 1785509
	Bitmap Heap Scan on sbtest7  (cost=5.46..401.77 rows=100 width=125)
	  Recheck Cond: ((k >= 1785409) AND (k <= 1785509))
	  ->  Bitmap Index Scan on k_7  (cost=0.00..5.43 rows=100 width=0)
	        Index Cond: ((k >= 1785409) AND (k <= 1785509))

table 8 : explain SELECT k, c FROM sbtest8 WHERE k BETWEEN 1785409 AND 1785509
	Bitmap Heap Scan on sbtest8  (cost=5.44..393.67 rows=98 width=125)
	  Recheck Cond: ((k >= 1785409) AND (k <= 1785509))
	  ->  Bitmap Index Scan on k_8  (cost=0.00..5.42 rows=98 width=0)
	        Index Cond: ((k >= 1785409) AND (k <= 1785509))
for range-notcovered
table 1 : explain SELECT k, c FROM sbtest1 WHERE k BETWEEN 6940961 AND 6941061
	Bitmap Heap Scan on sbtest1  (cost=5.61..460.73 rows=115 width=125)
	  Recheck Cond: ((k >= 6940961) AND (k <= 6941061))
	  ->  Bitmap Index Scan on k_1  (cost=0.00..5.58 rows=115 width=0)
	        Index Cond: ((k >= 6940961) AND (k <= 6941061))

table 2 : explain SELECT k, c FROM sbtest2 WHERE k BETWEEN 6940961 AND 6941061
	Bitmap Heap Scan on sbtest2  (cost=5.56..440.99 rows=110 width=125)
	  Recheck Cond: ((k >= 6940961) AND (k <= 6941061))
	  ->  Bitmap Index Scan on k_2  (cost=0.00..5.53 rows=110 width=0)
	        Index Cond: ((k >= 6940961) AND (k <= 6941061))

table 3 : explain SELECT k, c FROM sbtest3 WHERE k BETWEEN 6940961 AND 6941061
	Bitmap Heap Scan on sbtest3  (cost=5.43..389.92 rows=97 width=125)
	  Recheck Cond: ((k >= 6940961) AND (k <= 6941061))
	  ->  Bitmap Index Scan on k_3  (cost=0.00..5.40 rows=97 width=0)
	        Index Cond: ((k >= 6940961) AND (k <= 6941061))

table 4 : explain SELECT k, c FROM sbtest4 WHERE k BETWEEN 6940961 AND 6941061
	Bitmap Heap Scan on sbtest4  (cost=5.46..401.72 rows=100 width=125)
	  Recheck Cond: ((k >= 6940961) AND (k <= 6941061))
	  ->  Bitmap Index Scan on k_4  (cost=0.00..5.43 rows=100 width=0)
	        Index Cond: ((k >= 6940961) AND (k <= 6941061))

table 5 : explain SELECT k, c FROM sbtest5 WHERE k BETWEEN 6940961 AND 6941061
	Bitmap Heap Scan on sbtest5  (cost=5.53..429.18 rows=107 width=125)
	  Recheck Cond: ((k >= 6940961) AND (k <= 6941061))
	  ->  Bitmap Index Scan on k_5  (cost=0.00..5.50 rows=107 width=0)
	        Index Cond: ((k >= 6940961) AND (k <= 6941061))

table 6 : explain SELECT k, c FROM sbtest6 WHERE k BETWEEN 6940961 AND 6941061
	Bitmap Heap Scan on sbtest6  (cost=5.44..393.74 rows=98 width=125)
	  Recheck Cond: ((k >= 6940961) AND (k <= 6941061))
	  ->  Bitmap Index Scan on k_6  (cost=0.00..5.42 rows=98 width=0)
	        Index Cond: ((k >= 6940961) AND (k <= 6941061))

table 7 : explain SELECT k, c FROM sbtest7 WHERE k BETWEEN 6940961 AND 6941061
	Bitmap Heap Scan on sbtest7  (cost=5.67..480.65 rows=120 width=125)
	  Recheck Cond: ((k >= 6940961) AND (k <= 6941061))
	  ->  Bitmap Index Scan on k_7  (cost=0.00..5.63 rows=120 width=0)
	        Index Cond: ((k >= 6940961) AND (k <= 6941061))

table 8 : explain SELECT k, c FROM sbtest8 WHERE k BETWEEN 6940961 AND 6941061
	Bitmap Heap Scan on sbtest8  (cost=5.52..425.22 rows=106 width=125)
	  Recheck Cond: ((k >= 6940961) AND (k <= 6941061))
	  ->  Bitmap Index Scan on k_8  (cost=0.00..5.50 rows=106 width=0)
	        Index Cond: ((k >= 6940961) AND (k <= 6941061))

explain: for range-notcovered :: explain SELECT k, c FROM sbtest%d WHERE k BETWEEN 6900185 AND 6900285
explain: for range-notcovered :: explain SELECT k, c FROM sbtest%d WHERE k BETWEEN 7650953 AND 7651053explain: for range-notcovered :: explain SELECT k, c FROM sbtest%d WHERE k BETWEEN 6518508 AND 6518608



explain: for range-notcovered :: explain SELECT k, c FROM sbtest%d WHERE k BETWEEN 1785409 AND 1785509
for range-notcovered
table 1 : explain SELECT k, c FROM sbtest1 WHERE k BETWEEN 7568207 AND 7568307
	Bitmap Heap Scan on sbtest1  (cost=5.47..405.55 rows=101 width=125)
	  Recheck Cond: ((k >= 7568207) AND (k <= 7568307))
	  ->  Bitmap Index Scan on k_1  (cost=0.00..5.44 rows=101 width=0)
	        Index Cond: ((k >= 7568207) AND (k <= 7568307))

table 2 : explain SELECT k, c FROM sbtest2 WHERE k BETWEEN 7568207 AND 7568307
	Bitmap Heap Scan on sbtest2  (cost=5.47..405.51 rows=101 width=125)
	  Recheck Cond: ((k >= 7568207) AND (k <= 7568307))
	  ->  Bitmap Index Scan on k_2  (cost=0.00..5.44 rows=101 width=0)
	        Index Cond: ((k >= 7568207) AND (k <= 7568307))

table 3 : explain SELECT k, c FROM sbtest3 WHERE k BETWEEN 7568207 AND 7568307
	Bitmap Heap Scan on sbtest3  (cost=5.54..433.32 rows=108 width=125)
	  Recheck Cond: ((k >= 7568207) AND (k <= 7568307))
	  ->  Bitmap Index Scan on k_3  (cost=0.00..5.51 rows=108 width=0)
	        Index Cond: ((k >= 7568207) AND (k <= 7568307))

table 4 : explain SELECT k, c FROM sbtest4 WHERE k BETWEEN 7568207 AND 7568307
	Bitmap Heap Scan on sbtest4  (cost=5.44..393.83 rows=98 width=125)
	  Recheck Cond: ((k >= 7568207) AND (k <= 7568307))
	  ->  Bitmap Index Scan on k_4  (cost=0.00..5.42 rows=98 width=0)
	        Index Cond: ((k >= 7568207) AND (k <= 7568307))

table 5 : explain SELECT k, c FROM sbtest5 WHERE k BETWEEN 7568207 AND 7568307
	Bitmap Heap Scan on sbtest5  (cost=5.55..437.06 rows=109 width=125)
	  Recheck Cond: ((k >= 7568207) AND (k <= 7568307))
	  ->  Bitmap Index Scan on k_5  (cost=0.00..5.52 rows=109 width=0)
	        Index Cond: ((k >= 7568207) AND (k <= 7568307))

table 6 : explain SELECT k, c FROM sbtest6 WHERE k BETWEEN 7568207 AND 7568307
	Bitmap Heap Scan on sbtest6  (cost=5.55..437.12 rows=109 width=125)
	  Recheck Cond: ((k >= 7568207) AND (k <= 7568307))
	  ->  Bitmap Index Scan on k_6  (cost=0.00..5.52 rows=109 width=0)
	        Index Cond: ((k >= 7568207) AND (k <= 7568307))

table 7 : explain SELECT k, c FROM sbtest7 WHERE k BETWEEN 7568207 AND 7568307
	Bitmap Heap Scan on sbtest7  (cost=5.41..382.03 rows=95 width=125)
	  Recheck Cond: ((k >= 7568207) AND (k <= 7568307))
	  ->  Bitmap Index Scan on k_7  (cost=0.00..5.38 rows=95 width=0)
	        Index Cond: ((k >= 7568207) AND (k <= 7568307))

table 8 : explain SELECT k, c FROM sbtest8 WHERE k BETWEEN 7568207 AND 7568307
	Bitmap Heap Scan on sbtest8  (cost=5.49..413.39 rows=103 width=125)
	  Recheck Cond: ((k >= 7568207) AND (k <= 7568307))
	  ->  Bitmap Index Scan on k_8  (cost=0.00..5.46 rows=103 width=0)
	        Index Cond: ((k >= 7568207) AND (k <= 7568307))

explain: for range-notcovered :: explain SELECT k, c FROM sbtest%d WHERE k BETWEEN 3288888 AND 3288988
for range-notcovered
table 1 : explain SELECT k, c FROM sbtest1 WHERE k BETWEEN 5645914 AND 5646014
	Bitmap Heap Scan on sbtest1  (cost=5.46..401.60 rows=100 width=125)
	  Recheck Cond: ((k >= 5645914) AND (k <= 5646014))
	  ->  Bitmap Index Scan on k_1  (cost=0.00..5.43 rows=100 width=0)
	        Index Cond: ((k >= 5645914) AND (k <= 5646014))

table 2 : explain SELECT k, c FROM sbtest2 WHERE k BETWEEN 5645914 AND 5646014
	Bitmap Heap Scan on sbtest2  (cost=5.46..401.56 rows=100 width=125)
	  Recheck Cond: ((k >= 5645914) AND (k <= 5646014))
	  ->  Bitmap Index Scan on k_2  (cost=0.00..5.43 rows=100 width=0)
	        Index Cond: ((k >= 5645914) AND (k <= 5646014))

table 3 : explain SELECT k, c FROM sbtest3 WHERE k BETWEEN 5645914 AND 5646014
	Bitmap Heap Scan on sbtest3  (cost=5.49..413.60 rows=103 width=125)
	  Recheck Cond: ((k >= 5645914) AND (k <= 5646014))
	  ->  Bitmap Index Scan on k_3  (cost=0.00..5.46 rows=103 width=0)
	        Index Cond: ((k >= 5645914) AND (k <= 5646014))

table 4 : explain SELECT k, c FROM sbtest4 WHERE k BETWEEN 5645914 AND 5646014
	Bitmap Heap Scan on sbtest4  (cost=5.42..385.93 rows=96 width=125)
	  Recheck Cond: ((k >= 5645914) AND (k <= 5646014))
	  ->  Bitmap Index Scan on k_4  (cost=0.00..5.39 rows=96 width=0)
	        Index Cond: ((k >= 5645914) AND (k <= 5646014))

table 5 : explain SELECT k, c FROM sbtest5 WHERE k BETWEEN 5645914 AND 5646014
	Bitmap Heap Scan on sbtest5  (cost=5.43..389.74 rows=97 width=125)
	  Recheck Cond: ((k >= 5645914) AND (k <= 5646014))
	  ->  Bitmap Index Scan on k_5  (cost=0.00..5.40 rows=97 width=0)
	        Index Cond: ((k >= 5645914) AND (k <= 5646014))

table 6 : explain SELECT k, c FROM sbtest6 WHERE k BETWEEN 5645914 AND 5646014
	Bitmap Heap Scan on sbtest6  (cost=5.53..429.24 rows=107 width=125)
	  Recheck Cond: ((k >= 5645914) AND (k <= 5646014))
	  ->  Bitmap Index Scan on k_6  (cost=0.00..5.50 rows=107 width=0)
	        Index Cond: ((k >= 5645914) AND (k <= 5646014))

table 7 : explain SELECT k, c FROM sbtest7 WHERE k BETWEEN 5645914 AND 5646014
	Bitmap Heap Scan on sbtest7  (cost=5.51..421.50 rows=105 width=125)
	  Recheck Cond: ((k >= 5645914) AND (k <= 5646014))
	  ->  Bitmap Index Scan on k_7  (cost=0.00..5.48 rows=105 width=0)
	        Index Cond: ((k >= 5645914) AND (k <= 5646014))

table 8 : explain SELECT k, c FROM sbtest8 WHERE k BETWEEN 5645914 AND 5646014
	Bitmap Heap Scan on sbtest8  (cost=5.48..409.45 rows=102 width=125)
	  Recheck Cond: ((k >= 5645914) AND (k <= 5646014))
	  ->  Bitmap Index Scan on k_8  (cost=0.00..5.45 rows=102 width=0)
	        Index Cond: ((k >= 5645914) AND (k <= 5646014))

explain: for range-notcovered :: explain SELECT k, c FROM sbtest%d WHERE k BETWEEN 7568207 AND 7568307
for range-notcovered
table 1 : explain SELECT k, c FROM sbtest1 WHERE k BETWEEN 6945512 AND 6945612
	Bitmap Heap Scan on sbtest1  (cost=5.61..460.73 rows=115 width=125)
	  Recheck Cond: ((k >= 6945512) AND (k <= 6945612))
	  ->  Bitmap Index Scan on k_1  (cost=0.00..5.58 rows=115 width=0)
	        Index Cond: ((k >= 6945512) AND (k <= 6945612))

table 2 : explain SELECT k, c FROM sbtest2 WHERE k BETWEEN 6945512 AND 6945612
	Bitmap Heap Scan on sbtest2  (cost=5.56..440.99 rows=110 width=125)
	  Recheck Cond: ((k >= 6945512) AND (k <= 6945612))
	  ->  Bitmap Index Scan on k_2  (cost=0.00..5.53 rows=110 width=0)
	        Index Cond: ((k >= 6945512) AND (k <= 6945612))

table 3 : explain SELECT k, c FROM sbtest3 WHERE k BETWEEN 6945512 AND 6945612
	Bitmap Heap Scan on sbtest3  (cost=5.43..389.92 rows=97 width=125)
	  Recheck Cond: ((k >= 6945512) AND (k <= 6945612))
	  ->  Bitmap Index Scan on k_3  (cost=0.00..5.40 rows=97 width=0)
	        Index Cond: ((k >= 6945512) AND (k <= 6945612))

table 4 : explain SELECT k, c FROM sbtest4 WHERE k BETWEEN 6945512 AND 6945612
	Bitmap Heap Scan on sbtest4  (cost=5.46..401.72 rows=100 width=125)
	  Recheck Cond: ((k >= 6945512) AND (k <= 6945612))
	  ->  Bitmap Index Scan on k_4  (cost=0.00..5.43 rows=100 width=0)
	        Index Cond: ((k >= 6945512) AND (k <= 6945612))

table 5 : explain SELECT k, c FROM sbtest5 WHERE k BETWEEN 6945512 AND 6945612
	Bitmap Heap Scan on sbtest5  (cost=5.53..429.18 rows=107 width=125)
	  Recheck Cond: ((k >= 6945512) AND (k <= 6945612))
	  ->  Bitmap Index Scan on k_5  (cost=0.00..5.50 rows=107 width=0)
	        Index Cond: ((k >= 6945512) AND (k <= 6945612))

table 6 : explain SELECT k, c FROM sbtest6 WHERE k BETWEEN 6945512 AND 6945612
	Bitmap Heap Scan on sbtest6  (cost=5.44..393.74 rows=98 width=125)
	  Recheck Cond: ((k >= 6945512) AND (k <= 6945612))
	  ->  Bitmap Index Scan on k_6  (cost=0.00..5.42 rows=98 width=0)
	        Index Cond: ((k >= 6945512) AND (k <= 6945612))

table 7 : explain SELECT k, c FROM sbtest7 WHERE k BETWEEN 6945512 AND 6945612
	Bitmap Heap Scan on sbtest7  (cost=5.67..480.65 rows=120 width=125)
	  Recheck Cond: ((k >= 6945512) AND (k <= 6945612))
	  ->  Bitmap Index Scan on k_7  (cost=0.00..5.63 rows=120 width=0)
	        Index Cond: ((k >= 6945512) AND (k <= 6945612))

table 8 : explain SELECT k, c FROM sbtest8 WHERE k BETWEEN 6945512 AND 6945612
	Bitmap Heap Scan on sbtest8  (cost=5.52..425.22 rows=106 width=125)
	  Recheck Cond: ((k >= 6945512) AND (k <= 6945612))
	  ->  Bitmap Index Scan on k_8  (cost=0.00..5.50 rows=106 width=0)
	        Index Cond: ((k >= 6945512) AND (k <= 6945612))

for range-notcovered
table 1 : explain SELECT k, c FROM sbtest1 WHERE k BETWEEN 2264125 AND 2264225
	Bitmap Heap Scan on sbtest1  (cost=5.52..425.26 rows=106 width=125)
	  Recheck Cond: ((k >= 2264125) AND (k <= 2264225))
	  ->  Bitmap Index Scan on k_1  (cost=0.00..5.50 rows=106 width=0)
	        Index Cond: ((k >= 2264125) AND (k <= 2264225))

table 2 : explain SELECT k, c FROM sbtest2 WHERE k BETWEEN 2264125 AND 2264225
	Bitmap Heap Scan on sbtest2  (cost=5.50..417.34 rows=104 width=125)
	  Recheck Cond: ((k >= 2264125) AND (k <= 2264225))
	  ->  Bitmap Index Scan on k_2  (cost=0.00..5.47 rows=104 width=0)
	        Index Cond: ((k >= 2264125) AND (k <= 2264225))

table 3 : explain SELECT k, c FROM sbtest3 WHERE k BETWEEN 2264125 AND 2264225
	Bitmap Heap Scan on sbtest3  (cost=5.40..378.07 rows=94 width=125)
	  Recheck Cond: ((k >= 2264125) AND (k <= 2264225))
	  ->  Bitmap Index Scan on k_3  (cost=0.00..5.38 rows=94 width=0)
	        Index Cond: ((k >= 2264125) AND (k <= 2264225))

table 4 : explain SELECT k, c FROM sbtest4 WHERE k BETWEEN 2264125 AND 2264225
	Bitmap Heap Scan on sbtest4  (cost=5.45..397.77 rows=99 width=125)
	  Recheck Cond: ((k >= 2264125) AND (k <= 2264225))
	  ->  Bitmap Index Scan on k_4  (cost=0.00..5.42 rows=99 width=0)
	        Index Cond: ((k >= 2264125) AND (k <= 2264225))

table 5 : explain SELECT k, c FROM sbtest5 WHERE k BETWEEN 2264125 AND 2264225
	Bitmap Heap Scan on sbtest5  (cost=5.47..405.52 rows=101 width=125)
	  Recheck Cond: ((k >= 2264125) AND (k <= 2264225))
	  ->  Bitmap Index Scan on k_5  (cost=0.00..5.44 rows=101 width=0)
	        Index Cond: ((k >= 2264125) AND (k <= 2264225))

table 6 : explain SELECT k, c FROM sbtest6 WHERE k BETWEEN 2264125 AND 2264225
	Bitmap Heap Scan on sbtest6  (cost=5.45..397.68 rows=99 width=125)
	  Recheck Cond: ((k >= 2264125) AND (k <= 2264225))
	  ->  Bitmap Index Scan on k_6  (cost=0.00..5.42 rows=99 width=0)
	        Index Cond: ((k >= 2264125) AND (k <= 2264225))

table 7 : explain SELECT k, c FROM sbtest7 WHERE k BETWEEN 2264125 AND 2264225
	Bitmap Heap Scan on sbtest7  (cost=5.49..413.61 rows=103 width=125)
	  Recheck Cond: ((k >= 2264125) AND (k <= 2264225))
	  ->  Bitmap Index Scan on k_7  (cost=0.00..5.46 rows=103 width=0)
	        Index Cond: ((k >= 2264125) AND (k <= 2264225))

table 8 : explain SELECT k, c FROM sbtest8 WHERE k BETWEEN 2264125 AND 2264225
	Bitmap Heap Scan on sbtest8  (cost=5.46..401.56 rows=100 width=125)
	  Recheck Cond: ((k >= 2264125) AND (k <= 2264225))
	  ->  Bitmap Index Scan on k_8  (cost=0.00..5.43 rows=100 width=0)
	        Index Cond: ((k >= 2264125) AND (k <= 2264225))

explain: for range-notcovered :: explain SELECT k, c FROM sbtest%d WHERE k BETWEEN 2108221 AND 2108321
explain: for range-notcovered :: explain SELECT k, c FROM sbtest%d WHERE k BETWEEN 5645914 AND 5646014
explain: for range-notcovered :: explain SELECT k, c FROM sbtest%d WHERE k BETWEEN 2264125 AND 2264225
for range-notcovered
table 1 : explain SELECT k, c FROM sbtest1 WHERE k BETWEEN 3792277 AND 3792377
	Bitmap Heap Scan on sbtest1  (cost=5.44..393.71 rows=98 width=125)
	  Recheck Cond: ((k >= 3792277) AND (k <= 3792377))
	  ->  Bitmap Index Scan on k_1  (cost=0.00..5.42 rows=98 width=0)
	        Index Cond: ((k >= 3792277) AND (k <= 3792377))

table 2 : explain SELECT k, c FROM sbtest2 WHERE k BETWEEN 3792277 AND 3792377
	Bitmap Heap Scan on sbtest2  (cost=5.45..397.62 rows=99 width=125)
	  Recheck Cond: ((k >= 3792277) AND (k <= 3792377))
	  ->  Bitmap Index Scan on k_2  (cost=0.00..5.42 rows=99 width=0)
	        Index Cond: ((k >= 3792277) AND (k <= 3792377))

table 3 : explain SELECT k, c FROM sbtest3 WHERE k BETWEEN 3792277 AND 3792377
	Bitmap Heap Scan on sbtest3  (cost=5.45..397.81 rows=99 width=125)
	  Recheck Cond: ((k >= 3792277) AND (k <= 3792377))
	  ->  Bitmap Index Scan on k_3  (cost=0.00..5.42 rows=99 width=0)
	        Index Cond: ((k >= 3792277) AND (k <= 3792377))

table 4 : explain SELECT k, c FROM sbtest4 WHERE k BETWEEN 3792277 AND 3792377
	Bitmap Heap Scan on sbtest4  (cost=5.55..437.23 rows=109 width=125)
	  Recheck Cond: ((k >= 3792277) AND (k <= 3792377))
	  ->  Bitmap Index Scan on k_4  (cost=0.00..5.52 rows=109 width=0)
	        Index Cond: ((k >= 3792277) AND (k <= 3792377))

table 5 : explain SELECT k, c FROM sbtest5 WHERE k BETWEEN 3792277 AND 3792377
	Bitmap Heap Scan on sbtest5  (cost=5.43..389.74 rows=97 width=125)
	  Recheck Cond: ((k >= 3792277) AND (k <= 3792377))
	  ->  Bitmap Index Scan on k_5  (cost=0.00..5.40 rows=97 width=0)
	        Index Cond: ((k >= 3792277) AND (k <= 3792377))

table 6 : explain SELECT k, c FROM sbtest6 WHERE k BETWEEN 3792277 AND 3792377
	Bitmap Heap Scan on sbtest6  (cost=5.56..441.06 rows=110 width=125)
	  Recheck Cond: ((k >= 3792277) AND (k <= 3792377))
	  ->  Bitmap Index Scan on k_6  (cost=0.00..5.53 rows=110 width=0)
	        Index Cond: ((k >= 3792277) AND (k <= 3792377))

table 7 : explain SELECT k, c FROM sbtest7 WHERE k BETWEEN 3792277 AND 3792377
	Bitmap Heap Scan on sbtest7  (cost=5.40..378.08 rows=94 width=125)
	  Recheck Cond: ((k >= 3792277) AND (k <= 3792377))
	  ->  Bitmap Index Scan on k_7  (cost=0.00..5.38 rows=94 width=0)
	        Index Cond: ((k >= 3792277) AND (k <= 3792377))

table 8 : explain SELECT k, c FROM sbtest8 WHERE k BETWEEN 3792277 AND 3792377
	Bitmap Heap Scan on sbtest8  (cost=5.41..381.83 rows=95 width=125)
	  Recheck Cond: ((k >= 3792277) AND (k <= 3792377))
	  ->  Bitmap Index Scan on k_8  (cost=0.00..5.38 rows=95 width=0)
	        Index Cond: ((k >= 3792277) AND (k <= 3792377))

explain: for range-notcovered :: explain SELECT k, c FROM sbtest%d WHERE k BETWEEN 3792277 AND 3792377
for range-notcovered
table 1 : explain SELECT k, c FROM sbtest1 WHERE k BETWEEN 4830844 AND 4830944
	Bitmap Heap Scan on sbtest1  (cost=5.48..409.49 rows=102 width=125)
	  Recheck Cond: ((k >= 4830844) AND (k <= 4830944))
	  ->  Bitmap Index Scan on k_1  (cost=0.00..5.45 rows=102 width=0)
	        Index Cond: ((k >= 4830844) AND (k <= 4830944))

table 2 : explain SELECT k, c FROM sbtest2 WHERE k BETWEEN 4830844 AND 4830944
	Bitmap Heap Scan on sbtest2  (cost=5.46..401.56 rows=100 width=125)
	  Recheck Cond: ((k >= 4830844) AND (k <= 4830944))
	  ->  Bitmap Index Scan on k_2  (cost=0.00..5.43 rows=100 width=0)
	        Index Cond: ((k >= 4830844) AND (k <= 4830944))

table 3 : explain SELECT k, c FROM sbtest3 WHERE k BETWEEN 4830844 AND 4830944
	Bitmap Heap Scan on sbtest3  (cost=5.51..421.49 rows=105 width=125)
	  Recheck Cond: ((k >= 4830844) AND (k <= 4830944))
	  ->  Bitmap Index Scan on k_3  (cost=0.00..5.48 rows=105 width=0)
	        Index Cond: ((k >= 4830844) AND (k <= 4830944))

table 4 : explain SELECT k, c FROM sbtest4 WHERE k BETWEEN 4830844 AND 4830944
	Bitmap Heap Scan on sbtest4  (cost=5.51..421.45 rows=105 width=125)
	  Recheck Cond: ((k >= 4830844) AND (k <= 4830944))
	  ->  Bitmap Index Scan on k_4  (cost=0.00..5.48 rows=105 width=0)
	        Index Cond: ((k >= 4830844) AND (k <= 4830944))

table 5 : explain SELECT k, c FROM sbtest5 WHERE k BETWEEN 4830844 AND 4830944
	Bitmap Heap Scan on sbtest5  (cost=5.43..389.74 rows=97 width=125)
	  Recheck Cond: ((k >= 4830844) AND (k <= 4830944))
	  ->  Bitmap Index Scan on k_5  (cost=0.00..5.40 rows=97 width=0)
	        Index Cond: ((k >= 4830844) AND (k <= 4830944))

table 6 : explain SELECT k, c FROM sbtest6 WHERE k BETWEEN 4830844 AND 4830944
	Bitmap Heap Scan on sbtest6  (cost=5.62..464.70 rows=116 width=125)
	  Recheck Cond: ((k >= 4830844) AND (k <= 4830944))
	  ->  Bitmap Index Scan on k_6  (cost=0.00..5.59 rows=116 width=0)
	        Index Cond: ((k >= 4830844) AND (k <= 4830944))

table 7 : explain SELECT k, c FROM sbtest7 WHERE k BETWEEN 4830844 AND 4830944
	Bitmap Heap Scan on sbtest7  (cost=5.47..405.72 rows=101 width=125)
	  Recheck Cond: ((k >= 4830844) AND (k <= 4830944))
	  ->  Bitmap Index Scan on k_7  (cost=0.00..5.44 rows=101 width=0)
	        Index Cond: ((k >= 4830844) AND (k <= 4830944))

table 8 : explain SELECT k, c FROM sbtest8 WHERE k BETWEEN 4830844 AND 4830944
	Bitmap Heap Scan on sbtest8  (cost=5.46..401.56 rows=100 width=125)
	  Recheck Cond: ((k >= 4830844) AND (k <= 4830944))
	  ->  Bitmap Index Scan on k_8  (cost=0.00..5.43 rows=100 width=0)
	        Index Cond: ((k >= 4830844) AND (k <= 4830944))

for range-notcovered
table 1 : explain SELECT k, c FROM sbtest1 WHERE k BETWEEN 4557500 AND 4557600
	Bitmap Heap Scan on sbtest1  (cost=5.38..370.03 rows=92 width=125)
	  Recheck Cond: ((k >= 4557500) AND (k <= 4557600))
	  ->  Bitmap Index Scan on k_1  (cost=0.00..5.35 rows=92 width=0)
	        Index Cond: ((k >= 4557500) AND (k <= 4557600))

table 2 : explain SELECT k, c FROM sbtest2 WHERE k BETWEEN 4557500 AND 4557600
	Bitmap Heap Scan on sbtest2  (cost=5.55..437.05 rows=109 width=125)
	  Recheck Cond: ((k >= 4557500) AND (k <= 4557600))
	  ->  Bitmap Index Scan on k_2  (cost=0.00..5.52 rows=109 width=0)
	        Index Cond: ((k >= 4557500) AND (k <= 4557600))

table 3 : explain SELECT k, c FROM sbtest3 WHERE k BETWEEN 4557500 AND 4557600
	Bitmap Heap Scan on sbtest3  (cost=5.50..417.54 rows=104 width=125)
	  Recheck Cond: ((k >= 4557500) AND (k <= 4557600))
	  ->  Bitmap Index Scan on k_3  (cost=0.00..5.47 rows=104 width=0)
	        Index Cond: ((k >= 4557500) AND (k <= 4557600))

table 4 : explain SELECT k, c FROM sbtest4 WHERE k BETWEEN 4557500 AND 4557600
	Bitmap Heap Scan on sbtest4  (cost=5.53..429.34 rows=107 width=125)
	  Recheck Cond: ((k >= 4557500) AND (k <= 4557600))
	  ->  Bitmap Index Scan on k_4  (cost=0.00..5.50 rows=107 width=0)
	        Index Cond: ((k >= 4557500) AND (k <= 4557600))

table 5 : explain SELECT k, c FROM sbtest5 WHERE k BETWEEN 4557500 AND 4557600
	Bitmap Heap Scan on sbtest5  (cost=5.51..421.30 rows=105 width=125)
	  Recheck Cond: ((k >= 4557500) AND (k <= 4557600))
	  ->  Bitmap Index Scan on k_5  (cost=0.00..5.48 rows=105 width=0)
	        Index Cond: ((k >= 4557500) AND (k <= 4557600))

table 6 : explain SELECT k, c FROM sbtest6 WHERE k BETWEEN 4557500 AND 4557600
	Bitmap Heap Scan on sbtest6  (cost=5.42..385.84 rows=96 width=125)
	  Recheck Cond: ((k >= 4557500) AND (k <= 4557600))
	  ->  Bitmap Index Scan on k_6  (cost=0.00..5.39 rows=96 width=0)
	        Index Cond: ((k >= 4557500) AND (k <= 4557600))

table 7 : explain SELECT k, c FROM sbtest7 WHERE k BETWEEN 4557500 AND 4557600
	Bitmap Heap Scan on sbtest7  (cost=5.43..389.93 rows=97 width=125)
	  Recheck Cond: ((k >= 4557500) AND (k <= 4557600))
	  ->  Bitmap Index Scan on k_7  (cost=0.00..5.40 rows=97 width=0)
	        Index Cond: ((k >= 4557500) AND (k <= 4557600))

table 8 : explain SELECT k, c FROM sbtest8 WHERE k BETWEEN 4557500 AND 4557600
	Bitmap Heap Scan on sbtest8  (cost=5.48..409.45 rows=102 width=125)
	  Recheck Cond: ((k >= 4557500) AND (k <= 4557600))
	  ->  Bitmap Index Scan on k_8  (cost=0.00..5.45 rows=102 width=0)
	        Index Cond: ((k >= 4557500) AND (k <= 4557600))

for range-notcovered
table 1 : explain SELECT k, c FROM sbtest1 WHERE k BETWEEN 2987361 AND 2987461
	Bitmap Heap Scan on sbtest1  (cost=5.55..437.09 rows=109 width=125)
	  Recheck Cond: ((k >= 2987361) AND (k <= 2987461))
	  ->  Bitmap Index Scan on k_1  (cost=0.00..5.52 rows=109 width=0)
	        Index Cond: ((k >= 2987361) AND (k <= 2987461))

table 2 : explain SELECT k, c FROM sbtest2 WHERE k BETWEEN 2987361 AND 2987461
	Bitmap Heap Scan on sbtest2  (cost=5.44..393.67 rows=98 width=125)
	  Recheck Cond: ((k >= 2987361) AND (k <= 2987461))
	  ->  Bitmap Index Scan on k_2  (cost=0.00..5.42 rows=98 width=0)
	        Index Cond: ((k >= 2987361) AND (k <= 2987461))

table 3 : explain SELECT k, c FROM sbtest3 WHERE k BETWEEN 2987361 AND 2987461
	Bitmap Heap Scan on sbtest3  (cost=5.42..385.97 rows=96 width=125)
	  Recheck Cond: ((k >= 2987361) AND (k <= 2987461))
	  ->  Bitmap Index Scan on k_3  (cost=0.00..5.39 rows=96 width=0)
	        Index Cond: ((k >= 2987361) AND (k <= 2987461))

table 4 : explain SELECT k, c FROM sbtest4 WHERE k BETWEEN 2987361 AND 2987461
	Bitmap Heap Scan on sbtest4  (cost=5.54..433.28 rows=108 width=125)
	  Recheck Cond: ((k >= 2987361) AND (k <= 2987461))
	  ->  Bitmap Index Scan on k_4  (cost=0.00..5.51 rows=108 width=0)
	        Index Cond: ((k >= 2987361) AND (k <= 2987461))

table 5 : explain SELECT k, c FROM sbtest5 WHERE k BETWEEN 2987361 AND 2987461
	Bitmap Heap Scan on sbtest5  (cost=5.50..417.35 rows=104 width=125)
	  Recheck Cond: ((k >= 2987361) AND (k <= 2987461))
	  ->  Bitmap Index Scan on k_5  (cost=0.00..5.47 rows=104 width=0)
	        Index Cond: ((k >= 2987361) AND (k <= 2987461))

table 6 : explain SELECT k, c FROM sbtest6 WHERE k BETWEEN 2987361 AND 2987461
	Bitmap Heap Scan on sbtest6  (cost=5.40..377.95 rows=94 width=125)
	  Recheck Cond: ((k >= 2987361) AND (k <= 2987461))
	  ->  Bitmap Index Scan on k_6  (cost=0.00..5.38 rows=94 width=0)
	        Index Cond: ((k >= 2987361) AND (k <= 2987461))

table 7 : explain SELECT k, c FROM sbtest7 WHERE k BETWEEN 2987361 AND 2987461
	Bitmap Heap Scan on sbtest7  (cost=5.48..409.67 rows=102 width=125)
	  Recheck Cond: ((k >= 2987361) AND (k <= 2987461))
	  ->  Bitmap Index Scan on k_7  (cost=0.00..5.45 rows=102 width=0)
	        Index Cond: ((k >= 2987361) AND (k <= 2987461))

table 8 : explain SELECT k, c FROM sbtest8 WHERE k BETWEEN 2987361 AND 2987461
	Bitmap Heap Scan on sbtest8  (cost=5.52..425.22 rows=106 width=125)
	  Recheck Cond: ((k >= 2987361) AND (k <= 2987461))
	  ->  Bitmap Index Scan on k_8  (cost=0.00..5.50 rows=106 width=0)
	        Index Cond: ((k >= 2987361) AND (k <= 2987461))

explain: for range-notcovered :: explain SELECT k, c FROM sbtest%d WHERE k BETWEEN 2987361 AND 2987461for range-notcovered
table 1 : explain SELECT k, c FROM sbtest1 WHERE k BETWEEN 6900185 AND 6900285
	Bitmap Heap Scan on sbtest1  (cost=5.52..425.26 rows=106 width=125)
	  Recheck Cond: ((k >= 6900185) AND (k <= 6900285))
	  ->  Bitmap Index Scan on k_1  (cost=0.00..5.50 rows=106 width=0)
	        Index Cond: ((k >= 6900185) AND (k <= 6900285))

table 2 : explain SELECT k, c FROM sbtest2 WHERE k BETWEEN 6900185 AND 6900285
	Bitmap Heap Scan on sbtest2  (cost=5.45..397.62 rows=99 width=125)
	  Recheck Cond: ((k >= 6900185) AND (k <= 6900285))
	  ->  Bitmap Index Scan on k_2  (cost=0.00..5.42 rows=99 width=0)
	        Index Cond: ((k >= 6900185) AND (k <= 6900285))

table 3 : explain SELECT k, c FROM sbtest3 WHERE k BETWEEN 6900185 AND 6900285
	Bitmap Heap Scan on sbtest3  (cost=5.56..441.21 rows=110 width=125)
	  Recheck Cond: ((k >= 6900185) AND (k <= 6900285))
	  ->  Bitmap Index Scan on k_3  (cost=0.00..5.53 rows=110 width=0)
	        Index Cond: ((k >= 6900185) AND (k <= 6900285))

table 4 : explain SELECT k, c FROM sbtest4 WHERE k BETWEEN 6900185 AND 6900285
	Bitmap Heap Scan on sbtest4  (cost=5.49..413.56 rows=103 width=125)
	  Recheck Cond: ((k >= 6900185) AND (k <= 6900285))
	  ->  Bitmap Index Scan on k_4  (cost=0.00..5.46 rows=103 width=0)
	        Index Cond: ((k >= 6900185) AND (k <= 6900285))

table 5 : explain SELECT k, c FROM sbtest5 WHERE k BETWEEN 6900185 AND 6900285
	Bitmap Heap Scan on sbtest5  (cost=5.55..437.06 rows=109 width=125)
	  Recheck Cond: ((k >= 6900185) AND (k <= 6900285))
	  ->  Bitmap Index Scan on k_5  (cost=0.00..5.52 rows=109 width=0)
	        Index Cond: ((k >= 6900185) AND (k <= 6900285))

table 6 : explain SELECT k, c FROM sbtest6 WHERE k BETWEEN 6900185 AND 6900285
	Bitmap Heap Scan on sbtest6  (cost=5.44..393.74 rows=98 width=125)
	  Recheck Cond: ((k >= 6900185) AND (k <= 6900285))
	  ->  Bitmap Index Scan on k_6  (cost=0.00..5.42 rows=98 width=0)
	        Index Cond: ((k >= 6900185) AND (k <= 6900285))

table 7 : explain SELECT k, c FROM sbtest7 WHERE k BETWEEN 6900185 AND 6900285
	Bitmap Heap Scan on sbtest7  (cost=5.35..358.33 rows=89 width=125)
	  Recheck Cond: ((k >= 6900185) AND (k <= 6900285))
	  ->  Bitmap Index Scan on k_7  (cost=0.00..5.32 rows=89 width=0)
	        Index Cond: ((k >= 6900185) AND (k <= 6900285))

table 8 : explain SELECT k, c FROM sbtest8 WHERE k BETWEEN 6900185 AND 6900285
	Bitmap Heap Scan on sbtest8  (cost=5.45..397.61 rows=99 width=125)
	  Recheck Cond: ((k >= 6900185) AND (k <= 6900285))
	  ->  Bitmap Index Scan on k_8  (cost=0.00..5.42 rows=99 width=0)
	        Index Cond: ((k >= 6900185) AND (k <= 6900285))

for range-notcovered
table 1 : explain SELECT k, c FROM sbtest1 WHERE k BETWEEN 7407913 AND 7408013
	Bitmap Heap Scan on sbtest1  (cost=5.53..429.21 rows=107 width=125)
	  Recheck Cond: ((k >= 7407913) AND (k <= 7408013))
	  ->  Bitmap Index Scan on k_1  (cost=0.00..5.50 rows=107 width=0)
	        Index Cond: ((k >= 7407913) AND (k <= 7408013))

table 2 : explain SELECT k, c FROM sbtest2 WHERE k BETWEEN 7407913 AND 7408013
	Bitmap Heap Scan on sbtest2  (cost=5.53..429.16 rows=107 width=125)
	  Recheck Cond: ((k >= 7407913) AND (k <= 7408013))
	  ->  Bitmap Index Scan on k_2  (cost=0.00..5.50 rows=107 width=0)
	        Index Cond: ((k >= 7407913) AND (k <= 7408013))

table 3 : explain SELECT k, c FROM sbtest3 WHERE k BETWEEN 7407913 AND 7408013
	Bitmap Heap Scan on sbtest3  (cost=5.46..401.76 rows=100 width=125)
	  Recheck Cond: ((k >= 7407913) AND (k <= 7408013))
	  ->  Bitmap Index Scan on k_3  (cost=0.00..5.43 rows=100 width=0)
	        Index Cond: ((k >= 7407913) AND (k <= 7408013))

table 4 : explain SELECT k, c FROM sbtest4 WHERE k BETWEEN 7407913 AND 7408013
	Bitmap Heap Scan on sbtest4  (cost=5.48..409.61 rows=102 width=125)
	  Recheck Cond: ((k >= 7407913) AND (k <= 7408013))
	  ->  Bitmap Index Scan on k_4  (cost=0.00..5.45 rows=102 width=0)
	        Index Cond: ((k >= 7407913) AND (k <= 7408013))

table 5 : explain SELECT k, c FROM sbtest5 WHERE k BETWEEN 7407913 AND 7408013
	Bitmap Heap Scan on sbtest5  (cost=5.42..385.80 rows=96 width=125)
	  Recheck Cond: ((k >= 7407913) AND (k <= 7408013))
	  ->  Bitmap Index Scan on k_5  (cost=0.00..5.39 rows=96 width=0)
	        Index Cond: ((k >= 7407913) AND (k <= 7408013))

table 6 : explain SELECT k, c FROM sbtest6 WHERE k BETWEEN 7407913 AND 7408013
	Bitmap Heap Scan on sbtest6  (cost=5.52..425.29 rows=106 width=125)
	  Recheck Cond: ((k >= 7407913) AND (k <= 7408013))
	  ->  Bitmap Index Scan on k_6  (cost=0.00..5.50 rows=106 width=0)
	        Index Cond: ((k >= 7407913) AND (k <= 7408013))

table 7 : explain SELECT k, c FROM sbtest7 WHERE k BETWEEN 7407913 AND 7408013
	Bitmap Heap Scan on sbtest7  (cost=5.49..413.61 rows=103 width=125)
	  Recheck Cond: ((k >= 7407913) AND (k <= 7408013))
	  ->  Bitmap Index Scan on k_7  (cost=0.00..5.46 rows=103 width=0)
	        Index Cond: ((k >= 7407913) AND (k <= 7408013))

table 8 : explain SELECT k, c FROM sbtest8 WHERE k BETWEEN 7407913 AND 7408013
	Bitmap Heap Scan on sbtest8  (cost=5.53..429.16 rows=107 width=125)
	  Recheck Cond: ((k >= 7407913) AND (k <= 7408013))
	  ->  Bitmap Index Scan on k_8  (cost=0.00..5.50 rows=107 width=0)
	        Index Cond: ((k >= 7407913) AND (k <= 7408013))

for range-notcovered
table 1 : explain SELECT k, c FROM sbtest1 WHERE k BETWEEN 6518508 AND 6518608
	Bitmap Heap Scan on sbtest1  (cost=5.44..393.71 rows=98 width=125)
	  Recheck Cond: ((k >= 6518508) AND (k <= 6518608))
	  ->  Bitmap Index Scan on k_1  (cost=0.00..5.42 rows=98 width=0)
	        Index Cond: ((k >= 6518508) AND (k <= 6518608))

table 2 : explain SELECT k, c FROM sbtest2 WHERE k BETWEEN 6518508 AND 6518608
	Bitmap Heap Scan on sbtest2  (cost=5.62..464.62 rows=116 width=125)
	  Recheck Cond: ((k >= 6518508) AND (k <= 6518608))
	  ->  Bitmap Index Scan on k_2  (cost=0.00..5.59 rows=116 width=0)
	        Index Cond: ((k >= 6518508) AND (k <= 6518608))

table 3 : explain SELECT k, c FROM sbtest3 WHERE k BETWEEN 6518508 AND 6518608
	Bitmap Heap Scan on sbtest3  (cost=5.51..421.49 rows=105 width=125)
	  Recheck Cond: ((k >= 6518508) AND (k <= 6518608))
	  ->  Bitmap Index Scan on k_3  (cost=0.00..5.48 rows=105 width=0)
	        Index Cond: ((k >= 6518508) AND (k <= 6518608))

table 4 : explain SELECT k, c FROM sbtest4 WHERE k BETWEEN 6518508 AND 6518608
	Bitmap Heap Scan on sbtest4  (cost=5.49..413.56 rows=103 width=125)
	  Recheck Cond: ((k >= 6518508) AND (k <= 6518608))
	  ->  Bitmap Index Scan on k_4  (cost=0.00..5.46 rows=103 width=0)
	        Index Cond: ((k >= 6518508) AND (k <= 6518608))

table 5 : explain SELECT k, c FROM sbtest5 WHERE k BETWEEN 6518508 AND 6518608
	Bitmap Heap Scan on sbtest5  (cost=5.64..472.52 rows=118 width=125)
	  Recheck Cond: ((k >= 6518508) AND (k <= 6518608))
	  ->  Bitmap Index Scan on k_5  (cost=0.00..5.61 rows=118 width=0)
	        Index Cond: ((k >= 6518508) AND (k <= 6518608))

table 6 : explain SELECT k, c FROM sbtest6 WHERE k BETWEEN 6518508 AND 6518608
	Bitmap Heap Scan on sbtest6  (cost=5.52..425.29 rows=106 width=125)
	  Recheck Cond: ((k >= 6518508) AND (k <= 6518608))
	  ->  Bitmap Index Scan on k_6  (cost=0.00..5.50 rows=106 width=0)
	        Index Cond: ((k >= 6518508) AND (k <= 6518608))

table 7 : explain SELECT k, c FROM sbtest7 WHERE k BETWEEN 6518508 AND 6518608
	Bitmap Heap Scan on sbtest7  (cost=5.50..417.56 rows=104 width=125)
	  Recheck Cond: ((k >= 6518508) AND (k <= 6518608))
	  ->  Bitmap Index Scan on k_7  (cost=0.00..5.47 rows=104 width=0)
	        Index Cond: ((k >= 6518508) AND (k <= 6518608))

table 8 : explain SELECT k, c FROM sbtest8 WHERE k BETWEEN 6518508 AND 6518608
	Bitmap Heap Scan on sbtest8  (cost=5.49..413.39 rows=103 width=125)
	  Recheck Cond: ((k >= 6518508) AND (k <= 6518608))
	  ->  Bitmap Index Scan on k_8  (cost=0.00..5.46 rows=103 width=0)
	        Index Cond: ((k >= 6518508) AND (k <= 6518608))

explain: for range-notcovered :: explain SELECT k, c FROM sbtest%d WHERE k BETWEEN 4791258 AND 4791358
for range-notcovered
table 1 : explain SELECT k, c FROM sbtest1 WHERE k BETWEEN 4879440 AND 4879540
	Bitmap Heap Scan on sbtest1  (cost=5.48..409.49 rows=102 width=125)
	  Recheck Cond: ((k >= 4879440) AND (k <= 4879540))
	  ->  Bitmap Index Scan on k_1  (cost=0.00..5.45 rows=102 width=0)
	        Index Cond: ((k >= 4879440) AND (k <= 4879540))

table 2 : explain SELECT k, c FROM sbtest2 WHERE k BETWEEN 4879440 AND 4879540
	Bitmap Heap Scan on sbtest2  (cost=5.46..401.56 rows=100 width=125)
	  Recheck Cond: ((k >= 4879440) AND (k <= 4879540))
	  ->  Bitmap Index Scan on k_2  (cost=0.00..5.43 rows=100 width=0)
	        Index Cond: ((k >= 4879440) AND (k <= 4879540))

table 3 : explain SELECT k, c FROM sbtest3 WHERE k BETWEEN 4879440 AND 4879540
	Bitmap Heap Scan on sbtest3  (cost=5.51..421.49 rows=105 width=125)
	  Recheck Cond: ((k >= 4879440) AND (k <= 4879540))
	  ->  Bitmap Index Scan on k_3  (cost=0.00..5.48 rows=105 width=0)
	        Index Cond: ((k >= 4879440) AND (k <= 4879540))

table 4 : explain SELECT k, c FROM sbtest4 WHERE k BETWEEN 4879440 AND 4879540
	Bitmap Heap Scan on sbtest4  (cost=5.51..421.45 rows=105 width=125)
	  Recheck Cond: ((k >= 4879440) AND (k <= 4879540))
	  ->  Bitmap Index Scan on k_4  (cost=0.00..5.48 rows=105 width=0)
	        Index Cond: ((k >= 4879440) AND (k <= 4879540))

table 5 : explain SELECT k, c FROM sbtest5 WHERE k BETWEEN 4879440 AND 4879540
	Bitmap Heap Scan on sbtest5  (cost=5.56..441.00 rows=110 width=125)
	  Recheck Cond: ((k >= 4879440) AND (k <= 4879540))
	  ->  Bitmap Index Scan on k_5  (cost=0.00..5.53 rows=110 width=0)
	        Index Cond: ((k >= 4879440) AND (k <= 4879540))

table 6 : explain SELECT k, c FROM sbtest6 WHERE k BETWEEN 4879440 AND 4879540
	Bitmap Heap Scan on sbtest6  (cost=5.43..389.79 rows=97 width=125)
	  Recheck Cond: ((k >= 4879440) AND (k <= 4879540))
	  ->  Bitmap Index Scan on k_6  (cost=0.00..5.40 rows=97 width=0)
	        Index Cond: ((k >= 4879440) AND (k <= 4879540))

table 7 : explain SELECT k, c FROM sbtest7 WHERE k BETWEEN 4879440 AND 4879540
	Bitmap Heap Scan on sbtest7  (cost=5.47..405.72 rows=101 width=125)
	  Recheck Cond: ((k >= 4879440) AND (k <= 4879540))
	  ->  Bitmap Index Scan on k_7  (cost=0.00..5.44 rows=101 width=0)
	        Index Cond: ((k >= 4879440) AND (k <= 4879540))

table 8 : explain SELECT k, c FROM sbtest8 WHERE k BETWEEN 4879440 AND 4879540
	Bitmap Heap Scan on sbtest8  (cost=5.46..401.56 rows=100 width=125)
	  Recheck Cond: ((k >= 4879440) AND (k <= 4879540))
	  ->  Bitmap Index Scan on k_8  (cost=0.00..5.43 rows=100 width=0)
	        Index Cond: ((k >= 4879440) AND (k <= 4879540))

explain: for range-notcovered :: explain SELECT k, c FROM sbtest%d WHERE k BETWEEN 4108565 AND 4108665
explain: for range-notcovered :: explain SELECT k, c FROM sbtest%d WHERE k BETWEEN 6518508 AND 6518608
for range-notcovered
table 1 : explain SELECT k, c FROM sbtest1 WHERE k BETWEEN 7650953 AND 7651053
	Bitmap Heap Scan on sbtest1  (cost=5.42..385.82 rows=96 width=125)
	  Recheck Cond: ((k >= 7650953) AND (k <= 7651053))
	  ->  Bitmap Index Scan on k_1  (cost=0.00..5.39 rows=96 width=0)
	        Index Cond: ((k >= 7650953) AND (k <= 7651053))

table 2 : explain SELECT k, c FROM sbtest2 WHERE k BETWEEN 7650953 AND 7651053
	Bitmap Heap Scan on sbtest2  (cost=5.45..397.62 rows=99 width=125)
	  Recheck Cond: ((k >= 7650953) AND (k <= 7651053))
	  ->  Bitmap Index Scan on k_2  (cost=0.00..5.42 rows=99 width=0)
	        Index Cond: ((k >= 7650953) AND (k <= 7651053))

table 3 : explain SELECT k, c FROM sbtest3 WHERE k BETWEEN 7650953 AND 7651053
	Bitmap Heap Scan on sbtest3  (cost=5.46..401.76 rows=100 width=125)
	  Recheck Cond: ((k >= 7650953) AND (k <= 7651053))
	  ->  Bitmap Index Scan on k_3  (cost=0.00..5.43 rows=100 width=0)
	        Index Cond: ((k >= 7650953) AND (k <= 7651053))

table 4 : explain SELECT k, c FROM sbtest4 WHERE k BETWEEN 7650953 AND 7651053
	Bitmap Heap Scan on sbtest4  (cost=5.52..425.39 rows=106 width=125)
	  Recheck Cond: ((k >= 7650953) AND (k <= 7651053))
	  ->  Bitmap Index Scan on k_4  (cost=0.00..5.50 rows=106 width=0)
	        Index Cond: ((k >= 7650953) AND (k <= 7651053))

table 5 : explain SELECT k, c FROM sbtest5 WHERE k BETWEEN 7650953 AND 7651053
	Bitmap Heap Scan on sbtest5  (cost=5.40..377.90 rows=94 width=125)
	  Recheck Cond: ((k >= 7650953) AND (k <= 7651053))
	  ->  Bitmap Index Scan on k_5  (cost=0.00..5.38 rows=94 width=0)
	        Index Cond: ((k >= 7650953) AND (k <= 7651053))

table 6 : explain SELECT k, c FROM sbtest6 WHERE k BETWEEN 7650953 AND 7651053
	Bitmap Heap Scan on sbtest6  (cost=5.48..409.52 rows=102 width=125)
	  Recheck Cond: ((k >= 7650953) AND (k <= 7651053))
	  ->  Bitmap Index Scan on k_6  (cost=0.00..5.45 rows=102 width=0)
	        Index Cond: ((k >= 7650953) AND (k <= 7651053))

table 7 : explain SELECT k, c FROM sbtest7 WHERE k BETWEEN 7650953 AND 7651053
	Bitmap Heap Scan on sbtest7  (cost=5.46..401.77 rows=100 width=125)
	  Recheck Cond: ((k >= 7650953) AND (k <= 7651053))
	  ->  Bitmap Index Scan on k_7  (cost=0.00..5.43 rows=100 width=0)
	        Index Cond: ((k >= 7650953) AND (k <= 7651053))

table 8 : explain SELECT k, c FROM sbtest8 WHERE k BETWEEN 7650953 AND 7651053
	Bitmap Heap Scan on sbtest8  (cost=5.50..417.33 rows=104 width=125)
	  Recheck Cond: ((k >= 7650953) AND (k <= 7651053))
	  ->  Bitmap Index Scan on k_8  (cost=0.00..5.47 rows=104 width=0)
	        Index Cond: ((k >= 7650953) AND (k <= 7651053))

explain: for range-notcovered :: explain SELECT k, c FROM sbtest%d WHERE k BETWEEN 6900185 AND 6900285

explain: for range-notcovered :: explain SELECT k, c FROM sbtest%d WHERE k BETWEEN 4879440 AND 4879540
for range-notcovered
table 1 : explain SELECT k, c FROM sbtest1 WHERE k BETWEEN 2264125 AND 2264225
	Bitmap Heap Scan on sbtest1  (cost=5.52..425.26 rows=106 width=125)
	  Recheck Cond: ((k >= 2264125) AND (k <= 2264225))
	  ->  Bitmap Index Scan on k_1  (cost=0.00..5.50 rows=106 width=0)
	        Index Cond: ((k >= 2264125) AND (k <= 2264225))

table 2 : explain SELECT k, c FROM sbtest2 WHERE k BETWEEN 2264125 AND 2264225
	Bitmap Heap Scan on sbtest2  (cost=5.50..417.34 rows=104 width=125)
	  Recheck Cond: ((k >= 2264125) AND (k <= 2264225))
	  ->  Bitmap Index Scan on k_2  (cost=0.00..5.47 rows=104 width=0)
	        Index Cond: ((k >= 2264125) AND (k <= 2264225))

table 3 : explain SELECT k, c FROM sbtest3 WHERE k BETWEEN 2264125 AND 2264225
	Bitmap Heap Scan on sbtest3  (cost=5.40..378.07 rows=94 width=125)
	  Recheck Cond: ((k >= 2264125) AND (k <= 2264225))
	  ->  Bitmap Index Scan on k_3  (cost=0.00..5.38 rows=94 width=0)
	        Index Cond: ((k >= 2264125) AND (k <= 2264225))

table 4 : explain SELECT k, c FROM sbtest4 WHERE k BETWEEN 2264125 AND 2264225
	Bitmap Heap Scan on sbtest4  (cost=5.45..397.77 rows=99 width=125)
	  Recheck Cond: ((k >= 2264125) AND (k <= 2264225))
	  ->  Bitmap Index Scan on k_4  (cost=0.00..5.42 rows=99 width=0)
	        Index Cond: ((k >= 2264125) AND (k <= 2264225))

table 5 : explain SELECT k, c FROM sbtest5 WHERE k BETWEEN 2264125 AND 2264225
	Bitmap Heap Scan on sbtest5  (cost=5.47..405.52 rows=101 width=125)
	  Recheck Cond: ((k >= 2264125) AND (k <= 2264225))
	  ->  Bitmap Index Scan on k_5  (cost=0.00..5.44 rows=101 width=0)
	        Index Cond: ((k >= 2264125) AND (k <= 2264225))

table 6 : explain SELECT k, c FROM sbtest6 WHERE k BETWEEN 2264125 AND 2264225
	Bitmap Heap Scan on sbtest6  (cost=5.45..397.68 rows=99 width=125)
	  Recheck Cond: ((k >= 2264125) AND (k <= 2264225))
	  ->  Bitmap Index Scan on k_6  (cost=0.00..5.42 rows=99 width=0)
	        Index Cond: ((k >= 2264125) AND (k <= 2264225))

table 7 : explain SELECT k, c FROM sbtest7 WHERE k BETWEEN 2264125 AND 2264225
	Bitmap Heap Scan on sbtest7  (cost=5.49..413.61 rows=103 width=125)
	  Recheck Cond: ((k >= 2264125) AND (k <= 2264225))
	  ->  Bitmap Index Scan on k_7  (cost=0.00..5.46 rows=103 width=0)
	        Index Cond: ((k >= 2264125) AND (k <= 2264225))

table 8 : explain SELECT k, c FROM sbtest8 WHERE k BETWEEN 2264125 AND 2264225
	Bitmap Heap Scan on sbtest8  (cost=5.46..401.56 rows=100 width=125)
	  Recheck Cond: ((k >= 2264125) AND (k <= 2264225))
	  ->  Bitmap Index Scan on k_8  (cost=0.00..5.43 rows=100 width=0)
	        Index Cond: ((k >= 2264125) AND (k <= 2264225))

explain: for range-notcovered :: explain SELECT k, c FROM sbtest%d WHERE k BETWEEN 4271217 AND 4271317
for range-notcovered
table 1 : explain SELECT k, c FROM sbtest1 WHERE k BETWEEN 1785409 AND 1785509
	Bitmap Heap Scan on sbtest1  (cost=5.50..417.38 rows=104 width=125)
	  Recheck Cond: ((k >= 1785409) AND (k <= 1785509))
	  ->  Bitmap Index Scan on k_1  (cost=0.00..5.47 rows=104 width=0)
	        Index Cond: ((k >= 1785409) AND (k <= 1785509))

table 2 : explain SELECT k, c FROM sbtest2 WHERE k BETWEEN 1785409 AND 1785509
	Bitmap Heap Scan on sbtest2  (cost=5.41..381.84 rows=95 width=125)
	  Recheck Cond: ((k >= 1785409) AND (k <= 1785509))
	  ->  Bitmap Index Scan on k_2  (cost=0.00..5.38 rows=95 width=0)
	        Index Cond: ((k >= 1785409) AND (k <= 1785509))

table 3 : explain SELECT k, c FROM sbtest3 WHERE k BETWEEN 1785409 AND 1785509
	Bitmap Heap Scan on sbtest3  (cost=5.43..389.92 rows=97 width=125)
	  Recheck Cond: ((k >= 1785409) AND (k <= 1785509))
	  ->  Bitmap Index Scan on k_3  (cost=0.00..5.40 rows=97 width=0)
	        Index Cond: ((k >= 1785409) AND (k <= 1785509))

table 4 : explain SELECT k, c FROM sbtest4 WHERE k BETWEEN 1785409 AND 1785509
	Bitmap Heap Scan on sbtest4  (cost=5.41..381.98 rows=95 width=125)
	  Recheck Cond: ((k >= 1785409) AND (k <= 1785509))
	  ->  Bitmap Index Scan on k_4  (cost=0.00..5.38 rows=95 width=0)
	        Index Cond: ((k >= 1785409) AND (k <= 1785509))

table 5 : explain SELECT k, c FROM sbtest5 WHERE k BETWEEN 1785409 AND 1785509
	Bitmap Heap Scan on sbtest5  (cost=5.51..421.30 rows=105 width=125)
	  Recheck Cond: ((k >= 1785409) AND (k <= 1785509))
	  ->  Bitmap Index Scan on k_5  (cost=0.00..5.48 rows=105 width=0)
	        Index Cond: ((k >= 1785409) AND (k <= 1785509))

table 6 : explain SELECT k, c FROM sbtest6 WHERE k BETWEEN 1785409 AND 1785509
	Bitmap Heap Scan on sbtest6  (cost=5.50..417.41 rows=104 width=125)
	  Recheck Cond: ((k >= 1785409) AND (k <= 1785509))
	  ->  Bitmap Index Scan on k_6  (cost=0.00..5.47 rows=104 width=0)
	        Index Cond: ((k >= 1785409) AND (k <= 1785509))

table 7 : explain SELECT k, c FROM sbtest7 WHERE k BETWEEN 1785409 AND 1785509
	Bitmap Heap Scan on sbtest7  (cost=5.46..401.77 rows=100 width=125)
	  Recheck Cond: ((k >= 1785409) AND (k <= 1785509))
	  ->  Bitmap Index Scan on k_7  (cost=0.00..5.43 rows=100 width=0)
	        Index Cond: ((k >= 1785409) AND (k <= 1785509))

table 8 : explain SELECT k, c FROM sbtest8 WHERE k BETWEEN 1785409 AND 1785509
	Bitmap Heap Scan on sbtest8  (cost=5.44..393.67 rows=98 width=125)
	  Recheck Cond: ((k >= 1785409) AND (k <= 1785509))
	  ->  Bitmap Index Scan on k_8  (cost=0.00..5.42 rows=98 width=0)
	        Index Cond: ((k >= 1785409) AND (k <= 1785509))

explain: for range-notcovered :: explain SELECT k, c FROM sbtest%d WHERE k BETWEEN 2264125 AND 2264225
explain: for range-notcovered :: explain SELECT k, c FROM sbtest%d WHERE k BETWEEN 1785409 AND 1785509
for range-notcovered
table 1 : explain SELECT k, c FROM sbtest1 WHERE k BETWEEN 7568207 AND 7568307
	Bitmap Heap Scan on sbtest1  (cost=5.47..405.55 rows=101 width=125)
	  Recheck Cond: ((k >= 7568207) AND (k <= 7568307))
	  ->  Bitmap Index Scan on k_1  (cost=0.00..5.44 rows=101 width=0)
	        Index Cond: ((k >= 7568207) AND (k <= 7568307))

table 2 : explain SELECT k, c FROM sbtest2 WHERE k BETWEEN 7568207 AND 7568307
	Bitmap Heap Scan on sbtest2  (cost=5.47..405.51 rows=101 width=125)
	  Recheck Cond: ((k >= 7568207) AND (k <= 7568307))
	  ->  Bitmap Index Scan on k_2  (cost=0.00..5.44 rows=101 width=0)
	        Index Cond: ((k >= 7568207) AND (k <= 7568307))

table 3 : explain SELECT k, c FROM sbtest3 WHERE k BETWEEN 7568207 AND 7568307
	Bitmap Heap Scan on sbtest3  (cost=5.54..433.32 rows=108 width=125)
	  Recheck Cond: ((k >= 7568207) AND (k <= 7568307))
	  ->  Bitmap Index Scan on k_3  (cost=0.00..5.51 rows=108 width=0)
	        Index Cond: ((k >= 7568207) AND (k <= 7568307))

table 4 : explain SELECT k, c FROM sbtest4 WHERE k BETWEEN 7568207 AND 7568307
	Bitmap Heap Scan on sbtest4  (cost=5.44..393.83 rows=98 width=125)
	  Recheck Cond: ((k >= 7568207) AND (k <= 7568307))
	  ->  Bitmap Index Scan on k_4  (cost=0.00..5.42 rows=98 width=0)
	        Index Cond: ((k >= 7568207) AND (k <= 7568307))

table 5 : explain SELECT k, c FROM sbtest5 WHERE k BETWEEN 7568207 AND 7568307
	Bitmap Heap Scan on sbtest5  (cost=5.55..437.06 rows=109 width=125)
	  Recheck Cond: ((k >= 7568207) AND (k <= 7568307))
	  ->  Bitmap Index Scan on k_5  (cost=0.00..5.52 rows=109 width=0)
	        Index Cond: ((k >= 7568207) AND (k <= 7568307))

table 6 : explain SELECT k, c FROM sbtest6 WHERE k BETWEEN 7568207 AND 7568307
	Bitmap Heap Scan on sbtest6  (cost=5.55..437.12 rows=109 width=125)
	  Recheck Cond: ((k >= 7568207) AND (k <= 7568307))
	  ->  Bitmap Index Scan on k_6  (cost=0.00..5.52 rows=109 width=0)
	        Index Cond: ((k >= 7568207) AND (k <= 7568307))

table 7 : explain SELECT k, c FROM sbtest7 WHERE k BETWEEN 7568207 AND 7568307
	Bitmap Heap Scan on sbtest7  (cost=5.41..382.03 rows=95 width=125)
	  Recheck Cond: ((k >= 7568207) AND (k <= 7568307))
	  ->  Bitmap Index Scan on k_7  (cost=0.00..5.38 rows=95 width=0)
	        Index Cond: ((k >= 7568207) AND (k <= 7568307))

table 8 : explain SELECT k, c FROM sbtest8 WHERE k BETWEEN 7568207 AND 7568307
	Bitmap Heap Scan on sbtest8  (cost=5.49..413.39 rows=103 width=125)
	  Recheck Cond: ((k >= 7568207) AND (k <= 7568307))
	  ->  Bitmap Index Scan on k_8  (cost=0.00..5.46 rows=103 width=0)
	        Index Cond: ((k >= 7568207) AND (k <= 7568307))

explain: for range-notcovered :: explain SELECT k, c FROM sbtest%d WHERE k BETWEEN 7568207 AND 7568307
for range-notcovered
table 1 : explain SELECT k, c FROM sbtest1 WHERE k BETWEEN 5645914 AND 5646014
	Bitmap Heap Scan on sbtest1  (cost=5.46..401.60 rows=100 width=125)
	  Recheck Cond: ((k >= 5645914) AND (k <= 5646014))
	  ->  Bitmap Index Scan on k_1  (cost=0.00..5.43 rows=100 width=0)
	        Index Cond: ((k >= 5645914) AND (k <= 5646014))

table 2 : explain SELECT k, c FROM sbtest2 WHERE k BETWEEN 5645914 AND 5646014
	Bitmap Heap Scan on sbtest2  (cost=5.46..401.56 rows=100 width=125)
	  Recheck Cond: ((k >= 5645914) AND (k <= 5646014))
	  ->  Bitmap Index Scan on k_2  (cost=0.00..5.43 rows=100 width=0)
	        Index Cond: ((k >= 5645914) AND (k <= 5646014))

table 3 : explain SELECT k, c FROM sbtest3 WHERE k BETWEEN 5645914 AND 5646014
	Bitmap Heap Scan on sbtest3  (cost=5.49..413.60 rows=103 width=125)
	  Recheck Cond: ((k >= 5645914) AND (k <= 5646014))
	  ->  Bitmap Index Scan on k_3  (cost=0.00..5.46 rows=103 width=0)
	        Index Cond: ((k >= 5645914) AND (k <= 5646014))

table 4 : explain SELECT k, c FROM sbtest4 WHERE k BETWEEN 5645914 AND 5646014
	Bitmap Heap Scan on sbtest4  (cost=5.42..385.93 rows=96 width=125)
	  Recheck Cond: ((k >= 5645914) AND (k <= 5646014))
	  ->  Bitmap Index Scan on k_4  (cost=0.00..5.39 rows=96 width=0)
	        Index Cond: ((k >= 5645914) AND (k <= 5646014))

table 5 : explain SELECT k, c FROM sbtest5 WHERE k BETWEEN 5645914 AND 5646014
	Bitmap Heap Scan on sbtest5  (cost=5.43..389.74 rows=97 width=125)
	  Recheck Cond: ((k >= 5645914) AND (k <= 5646014))
	  ->  Bitmap Index Scan on k_5  (cost=0.00..5.40 rows=97 width=0)
	        Index Cond: ((k >= 5645914) AND (k <= 5646014))

table 6 : explain SELECT k, c FROM sbtest6 WHERE k BETWEEN 5645914 AND 5646014
	Bitmap Heap Scan on sbtest6  (cost=5.53..429.24 rows=107 width=125)
	  Recheck Cond: ((k >= 5645914) AND (k <= 5646014))
	  ->  Bitmap Index Scan on k_6  (cost=0.00..5.50 rows=107 width=0)
	        Index Cond: ((k >= 5645914) AND (k <= 5646014))

table 7 : explain SELECT k, c FROM sbtest7 WHERE k BETWEEN 5645914 AND 5646014
	Bitmap Heap Scan on sbtest7  (cost=5.51..421.50 rows=105 width=125)
	  Recheck Cond: ((k >= 5645914) AND (k <= 5646014))
	  ->  Bitmap Index Scan on k_7  (cost=0.00..5.48 rows=105 width=0)
	        Index Cond: ((k >= 5645914) AND (k <= 5646014))

table 8 : explain SELECT k, c FROM sbtest8 WHERE k BETWEEN 5645914 AND 5646014
	Bitmap Heap Scan on sbtest8  (cost=5.48..409.45 rows=102 width=125)
	  Recheck Cond: ((k >= 5645914) AND (k <= 5646014))
	  ->  Bitmap Index Scan on k_8  (cost=0.00..5.45 rows=102 width=0)
	        Index Cond: ((k >= 5645914) AND (k <= 5646014))

explain: for range-notcovered :: explain SELECT k, c FROM sbtest%d WHERE k BETWEEN 5645914 AND 5646014
for range-notcovered
table 1 : explain SELECT k, c FROM sbtest1 WHERE k BETWEEN 3792277 AND 3792377
	Bitmap Heap Scan on sbtest1  (cost=5.44..393.71 rows=98 width=125)
	  Recheck Cond: ((k >= 3792277) AND (k <= 3792377))
	  ->  Bitmap Index Scan on k_1  (cost=0.00..5.42 rows=98 width=0)
	        Index Cond: ((k >= 3792277) AND (k <= 3792377))

table 2 : explain SELECT k, c FROM sbtest2 WHERE k BETWEEN 3792277 AND 3792377
	Bitmap Heap Scan on sbtest2  (cost=5.45..397.62 rows=99 width=125)
	  Recheck Cond: ((k >= 3792277) AND (k <= 3792377))
	  ->  Bitmap Index Scan on k_2  (cost=0.00..5.42 rows=99 width=0)
	        Index Cond: ((k >= 3792277) AND (k <= 3792377))

table 3 : explain SELECT k, c FROM sbtest3 WHERE k BETWEEN 3792277 AND 3792377
	Bitmap Heap Scan on sbtest3  (cost=5.45..397.81 rows=99 width=125)
	  Recheck Cond: ((k >= 3792277) AND (k <= 3792377))
	  ->  Bitmap Index Scan on k_3  (cost=0.00..5.42 rows=99 width=0)
	        Index Cond: ((k >= 3792277) AND (k <= 3792377))

table 4 : explain SELECT k, c FROM sbtest4 WHERE k BETWEEN 3792277 AND 3792377
	Bitmap Heap Scan on sbtest4  (cost=5.55..437.23 rows=109 width=125)
	  Recheck Cond: ((k >= 3792277) AND (k <= 3792377))
	  ->  Bitmap Index Scan on k_4  (cost=0.00..5.52 rows=109 width=0)
	        Index Cond: ((k >= 3792277) AND (k <= 3792377))

table 5 : explain SELECT k, c FROM sbtest5 WHERE k BETWEEN 3792277 AND 3792377
	Bitmap Heap Scan on sbtest5  (cost=5.43..389.74 rows=97 width=125)
	  Recheck Cond: ((k >= 3792277) AND (k <= 3792377))
	  ->  Bitmap Index Scan on k_5  (cost=0.00..5.40 rows=97 width=0)
	        Index Cond: ((k >= 3792277) AND (k <= 3792377))

table 6 : explain SELECT k, c FROM sbtest6 WHERE k BETWEEN 3792277 AND 3792377
	Bitmap Heap Scan on sbtest6  (cost=5.56..441.06 rows=110 width=125)
	  Recheck Cond: ((k >= 3792277) AND (k <= 3792377))
	  ->  Bitmap Index Scan on k_6  (cost=0.00..5.53 rows=110 width=0)
	        Index Cond: ((k >= 3792277) AND (k <= 3792377))

table 7 : explain SELECT k, c FROM sbtest7 WHERE k BETWEEN 3792277 AND 3792377
	Bitmap Heap Scan on sbtest7  (cost=5.40..378.08 rows=94 width=125)
	  Recheck Cond: ((k >= 3792277) AND (k <= 3792377))
	  ->  Bitmap Index Scan on k_7  (cost=0.00..5.38 rows=94 width=0)
	        Index Cond: ((k >= 3792277) AND (k <= 3792377))

table 8 : explain SELECT k, c FROM sbtest8 WHERE k BETWEEN 3792277 AND 3792377
	Bitmap Heap Scan on sbtest8  (cost=5.41..381.83 rows=95 width=125)
	  Recheck Cond: ((k >= 3792277) AND (k <= 3792377))
	  ->  Bitmap Index Scan on k_8  (cost=0.00..5.38 rows=95 width=0)
	        Index Cond: ((k >= 3792277) AND (k <= 3792377))

for range-notcovered
table 1 : explain SELECT k, c FROM sbtest1 WHERE k BETWEEN 4671107 AND 4671207
	Bitmap Heap Scan on sbtest1  (cost=5.45..397.66 rows=99 width=125)
	  Recheck Cond: ((k >= 4671107) AND (k <= 4671207))
	  ->  Bitmap Index Scan on k_1  (cost=0.00..5.42 rows=99 width=0)
	        Index Cond: ((k >= 4671107) AND (k <= 4671207))

table 2 : explain SELECT k, c FROM sbtest2 WHERE k BETWEEN 4671107 AND 4671207
	Bitmap Heap Scan on sbtest2  (cost=5.39..373.94 rows=93 width=125)
	  Recheck Cond: ((k >= 4671107) AND (k <= 4671207))
	  ->  Bitmap Index Scan on k_2  (cost=0.00..5.36 rows=93 width=0)
	        Index Cond: ((k >= 4671107) AND (k <= 4671207))

table 3 : explain SELECT k, c FROM sbtest3 WHERE k BETWEEN 4671107 AND 4671207
	Bitmap Heap Scan on sbtest3  (cost=5.43..389.92 rows=97 width=125)
	  Recheck Cond: ((k >= 4671107) AND (k <= 4671207))
	  ->  Bitmap Index Scan on k_3  (cost=0.00..5.40 rows=97 width=0)
	        Index Cond: ((k >= 4671107) AND (k <= 4671207))

table 4 : explain SELECT k, c FROM sbtest4 WHERE k BETWEEN 4671107 AND 4671207
	Bitmap Heap Scan on sbtest4  (cost=5.44..393.83 rows=98 width=125)
	  Recheck Cond: ((k >= 4671107) AND (k <= 4671207))
	  ->  Bitmap Index Scan on k_4  (cost=0.00..5.42 rows=98 width=0)
	        Index Cond: ((k >= 4671107) AND (k <= 4671207))

table 5 : explain SELECT k, c FROM sbtest5 WHERE k BETWEEN 4671107 AND 4671207
	Bitmap Heap Scan on sbtest5  (cost=5.45..397.63 rows=99 width=125)
	  Recheck Cond: ((k >= 4671107) AND (k <= 4671207))
	  ->  Bitmap Index Scan on k_5  (cost=0.00..5.42 rows=99 width=0)
	        Index Cond: ((k >= 4671107) AND (k <= 4671207))

table 6 : explain SELECT k, c FROM sbtest6 WHERE k BETWEEN 4671107 AND 4671207
	Bitmap Heap Scan on sbtest6  (cost=5.42..385.84 rows=96 width=125)
	  Recheck Cond: ((k >= 4671107) AND (k <= 4671207))
	  ->  Bitmap Index Scan on k_6  (cost=0.00..5.39 rows=96 width=0)
	        Index Cond: ((k >= 4671107) AND (k <= 4671207))

table 7 : explain SELECT k, c FROM sbtest7 WHERE k BETWEEN 4671107 AND 4671207
	Bitmap Heap Scan on sbtest7  (cost=5.46..401.77 rows=100 width=125)
	  Recheck Cond: ((k >= 4671107) AND (k <= 4671207))
	  ->  Bitmap Index Scan on k_7  (cost=0.00..5.43 rows=100 width=0)
	        Index Cond: ((k >= 4671107) AND (k <= 4671207))

table 8 : explain SELECT k, c FROM sbtest8 WHERE k BETWEEN 4671107 AND 4671207
	Bitmap Heap Scan on sbtest8  (cost=5.45..397.61 rows=99 width=125)
	  Recheck Cond: ((k >= 4671107) AND (k <= 4671207))
	  ->  Bitmap Index Scan on k_8  (cost=0.00..5.42 rows=99 width=0)
	        Index Cond: ((k >= 4671107) AND (k <= 4671207))

explain: for range-notcovered :: explain SELECT k, c FROM sbtest%d WHERE k BETWEEN 3792277 AND 3792377
for range-notcovered
table 1 : explain SELECT k, c FROM sbtest1 WHERE k BETWEEN 7077320 AND 7077420
	Bitmap Heap Scan on sbtest1  (cost=5.48..409.49 rows=102 width=125)
	  Recheck Cond: ((k >= 7077320) AND (k <= 7077420))
	  ->  Bitmap Index Scan on k_1  (cost=0.00..5.45 rows=102 width=0)
	        Index Cond: ((k >= 7077320) AND (k <= 7077420))

table 2 : explain SELECT k, c FROM sbtest2 WHERE k BETWEEN 7077320 AND 7077420
	Bitmap Heap Scan on sbtest2  (cost=5.49..413.39 rows=103 width=125)
	  Recheck Cond: ((k >= 7077320) AND (k <= 7077420))
	  ->  Bitmap Index Scan on k_2  (cost=0.00..5.46 rows=103 width=0)
	        Index Cond: ((k >= 7077320) AND (k <= 7077420))

table 3 : explain SELECT k, c FROM sbtest3 WHERE k BETWEEN 7077320 AND 7077420
	Bitmap Heap Scan on sbtest3  (cost=5.44..393.86 rows=98 width=125)
	  Recheck Cond: ((k >= 7077320) AND (k <= 7077420))
	  ->  Bitmap Index Scan on k_3  (cost=0.00..5.42 rows=98 width=0)
	        Index Cond: ((k >= 7077320) AND (k <= 7077420))

table 4 : explain SELECT k, c FROM sbtest4 WHERE k BETWEEN 7077320 AND 7077420
	Bitmap Heap Scan on sbtest4  (cost=5.44..393.83 rows=98 width=125)
	  Recheck Cond: ((k >= 7077320) AND (k <= 7077420))
	  ->  Bitmap Index Scan on k_4  (cost=0.00..5.42 rows=98 width=0)
	        Index Cond: ((k >= 7077320) AND (k <= 7077420))

table 5 : explain SELECT k, c FROM sbtest5 WHERE k BETWEEN 7077320 AND 7077420
	Bitmap Heap Scan on sbtest5  (cost=5.49..413.41 rows=103 width=125)
	  Recheck Cond: ((k >= 7077320) AND (k <= 7077420))
	  ->  Bitmap Index Scan on k_5  (cost=0.00..5.46 rows=103 width=0)
	        Index Cond: ((k >= 7077320) AND (k <= 7077420))

table 6 : explain SELECT k, c FROM sbtest6 WHERE k BETWEEN 7077320 AND 7077420
	Bitmap Heap Scan on sbtest6  (cost=5.41..381.90 rows=95 width=125)
	  Recheck Cond: ((k >= 7077320) AND (k <= 7077420))
	  ->  Bitmap Index Scan on k_6  (cost=0.00..5.38 rows=95 width=0)
	        Index Cond: ((k >= 7077320) AND (k <= 7077420))

table 7 : explain SELECT k, c FROM sbtest7 WHERE k BETWEEN 7077320 AND 7077420
	Bitmap Heap Scan on sbtest7  (cost=5.58..449.11 rows=112 width=125)
	  Recheck Cond: ((k >= 7077320) AND (k <= 7077420))
	  ->  Bitmap Index Scan on k_7  (cost=0.00..5.55 rows=112 width=0)
	        Index Cond: ((k >= 7077320) AND (k <= 7077420))

table 8 : explain SELECT k, c FROM sbtest8 WHERE k BETWEEN 7077320 AND 7077420
	Bitmap Heap Scan on sbtest8  (cost=5.50..417.33 rows=104 width=125)
	  Recheck Cond: ((k >= 7077320) AND (k <= 7077420))
	  ->  Bitmap Index Scan on k_8  (cost=0.00..5.47 rows=104 width=0)
	        Index Cond: ((k >= 7077320) AND (k <= 7077420))

explain: for range-notcovered :: explain SELECT k, c FROM sbtest%d WHERE k BETWEEN 4671107 AND 4671207
explain: for range-notcovered :: explain SELECT k, c FROM sbtest%d WHERE k BETWEEN 7077320 AND 7077420
for range-notcovered
table 1 : explain SELECT k, c FROM sbtest1 WHERE k BETWEEN 6518508 AND 6518608
	Bitmap Heap Scan on sbtest1  (cost=5.44..393.71 rows=98 width=125)
	  Recheck Cond: ((k >= 6518508) AND (k <= 6518608))
	  ->  Bitmap Index Scan on k_1  (cost=0.00..5.42 rows=98 width=0)
	        Index Cond: ((k >= 6518508) AND (k <= 6518608))

table 2 : explain SELECT k, c FROM sbtest2 WHERE k BETWEEN 6518508 AND 6518608
	Bitmap Heap Scan on sbtest2  (cost=5.62..464.62 rows=116 width=125)
	  Recheck Cond: ((k >= 6518508) AND (k <= 6518608))
	  ->  Bitmap Index Scan on k_2  (cost=0.00..5.59 rows=116 width=0)
	        Index Cond: ((k >= 6518508) AND (k <= 6518608))

table 3 : explain SELECT k, c FROM sbtest3 WHERE k BETWEEN 6518508 AND 6518608
	Bitmap Heap Scan on sbtest3  (cost=5.51..421.49 rows=105 width=125)
	  Recheck Cond: ((k >= 6518508) AND (k <= 6518608))
	  ->  Bitmap Index Scan on k_3  (cost=0.00..5.48 rows=105 width=0)
	        Index Cond: ((k >= 6518508) AND (k <= 6518608))

table 4 : explain SELECT k, c FROM sbtest4 WHERE k BETWEEN 6518508 AND 6518608
	Bitmap Heap Scan on sbtest4  (cost=5.49..413.56 rows=103 width=125)
	  Recheck Cond: ((k >= 6518508) AND (k <= 6518608))
	  ->  Bitmap Index Scan on k_4  (cost=0.00..5.46 rows=103 width=0)
	        Index Cond: ((k >= 6518508) AND (k <= 6518608))

table 5 : explain SELECT k, c FROM sbtest5 WHERE k BETWEEN 6518508 AND 6518608
	Bitmap Heap Scan on sbtest5  (cost=5.64..472.52 rows=118 width=125)
	  Recheck Cond: ((k >= 6518508) AND (k <= 6518608))
	  ->  Bitmap Index Scan on k_5  (cost=0.00..5.61 rows=118 width=0)
	        Index Cond: ((k >= 6518508) AND (k <= 6518608))

table 6 : explain SELECT k, c FROM sbtest6 WHERE k BETWEEN 6518508 AND 6518608
	Bitmap Heap Scan on sbtest6  (cost=5.52..425.29 rows=106 width=125)
	  Recheck Cond: ((k >= 6518508) AND (k <= 6518608))
	  ->  Bitmap Index Scan on k_6  (cost=0.00..5.50 rows=106 width=0)
	        Index Cond: ((k >= 6518508) AND (k <= 6518608))

table 7 : explain SELECT k, c FROM sbtest7 WHERE k BETWEEN 6518508 AND 6518608
	Bitmap Heap Scan on sbtest7  (cost=5.50..417.56 rows=104 width=125)
	  Recheck Cond: ((k >= 6518508) AND (k <= 6518608))
	  ->  Bitmap Index Scan on k_7  (cost=0.00..5.47 rows=104 width=0)
	        Index Cond: ((k >= 6518508) AND (k <= 6518608))

table 8 : explain SELECT k, c FROM sbtest8 WHERE k BETWEEN 6518508 AND 6518608
	Bitmap Heap Scan on sbtest8  (cost=5.49..413.39 rows=103 width=125)
	  Recheck Cond: ((k >= 6518508) AND (k <= 6518608))
	  ->  Bitmap Index Scan on k_8  (cost=0.00..5.46 rows=103 width=0)
	        Index Cond: ((k >= 6518508) AND (k <= 6518608))

for range-notcovered
table 1 : explain SELECT k, c FROM sbtest1 WHERE k BETWEEN 4879440 AND 4879540
	Bitmap Heap Scan on sbtest1  (cost=5.48..409.49 rows=102 width=125)
	  Recheck Cond: ((k >= 4879440) AND (k <= 4879540))
	  ->  Bitmap Index Scan on k_1  (cost=0.00..5.45 rows=102 width=0)
	        Index Cond: ((k >= 4879440) AND (k <= 4879540))

table 2 : explain SELECT k, c FROM sbtest2 WHERE k BETWEEN 4879440 AND 4879540
	Bitmap Heap Scan on sbtest2  (cost=5.46..401.56 rows=100 width=125)
	  Recheck Cond: ((k >= 4879440) AND (k <= 4879540))
	  ->  Bitmap Index Scan on k_2  (cost=0.00..5.43 rows=100 width=0)
	        Index Cond: ((k >= 4879440) AND (k <= 4879540))

table 3 : explain SELECT k, c FROM sbtest3 WHERE k BETWEEN 4879440 AND 4879540
	Bitmap Heap Scan on sbtest3  (cost=5.51..421.49 rows=105 width=125)
	  Recheck Cond: ((k >= 4879440) AND (k <= 4879540))
	  ->  Bitmap Index Scan on k_3  (cost=0.00..5.48 rows=105 width=0)
	        Index Cond: ((k >= 4879440) AND (k <= 4879540))

table 4 : explain SELECT k, c FROM sbtest4 WHERE k BETWEEN 4879440 AND 4879540
	Bitmap Heap Scan on sbtest4  (cost=5.51..421.45 rows=105 width=125)
	  Recheck Cond: ((k >= 4879440) AND (k <= 4879540))
	  ->  Bitmap Index Scan on k_4  (cost=0.00..5.48 rows=105 width=0)
	        Index Cond: ((k >= 4879440) AND (k <= 4879540))

table 5 : explain SELECT k, c FROM sbtest5 WHERE k BETWEEN 4879440 AND 4879540
	Bitmap Heap Scan on sbtest5  (cost=5.56..441.00 rows=110 width=125)
	  Recheck Cond: ((k >= 4879440) AND (k <= 4879540))
	  ->  Bitmap Index Scan on k_5  (cost=0.00..5.53 rows=110 width=0)
	        Index Cond: ((k >= 4879440) AND (k <= 4879540))

table 6 : explain SELECT k, c FROM sbtest6 WHERE k BETWEEN 4879440 AND 4879540
	Bitmap Heap Scan on sbtest6  (cost=5.43..389.79 rows=97 width=125)
	  Recheck Cond: ((k >= 4879440) AND (k <= 4879540))
	  ->  Bitmap Index Scan on k_6  (cost=0.00..5.40 rows=97 width=0)
	        Index Cond: ((k >= 4879440) AND (k <= 4879540))

table 7 : explain SELECT k, c FROM sbtest7 WHERE k BETWEEN 4879440 AND 4879540
	Bitmap Heap Scan on sbtest7  (cost=5.47..405.72 rows=101 width=125)
	  Recheck Cond: ((k >= 4879440) AND (k <= 4879540))
	  ->  Bitmap Index Scan on k_7  (cost=0.00..5.44 rows=101 width=0)
	        Index Cond: ((k >= 4879440) AND (k <= 4879540))

table 8 : explain SELECT k, c FROM sbtest8 WHERE k BETWEEN 4879440 AND 4879540
	Bitmap Heap Scan on sbtest8  (cost=5.46..401.56 rows=100 width=125)
	  Recheck Cond: ((k >= 4879440) AND (k <= 4879540))
	  ->  Bitmap Index Scan on k_8  (cost=0.00..5.43 rows=100 width=0)
	        Index Cond: ((k >= 4879440) AND (k <= 4879540))

for range-notcovered
table 1 : explain SELECT k, c FROM sbtest1 WHERE k BETWEEN 2987361 AND 2987461
	Bitmap Heap Scan on sbtest1  (cost=5.55..437.09 rows=109 width=125)
	  Recheck Cond: ((k >= 2987361) AND (k <= 2987461))
	  ->  Bitmap Index Scan on k_1  (cost=0.00..5.52 rows=109 width=0)
	        Index Cond: ((k >= 2987361) AND (k <= 2987461))

table 2 : explain SELECT k, c FROM sbtest2 WHERE k BETWEEN 2987361 AND 2987461
	Bitmap Heap Scan on sbtest2  (cost=5.44..393.67 rows=98 width=125)
	  Recheck Cond: ((k >= 2987361) AND (k <= 2987461))
	  ->  Bitmap Index Scan on k_2  (cost=0.00..5.42 rows=98 width=0)
	        Index Cond: ((k >= 2987361) AND (k <= 2987461))

table 3 : explain SELECT k, c FROM sbtest3 WHERE k BETWEEN 2987361 AND 2987461
	Bitmap Heap Scan on sbtest3  (cost=5.42..385.97 rows=96 width=125)
	  Recheck Cond: ((k >= 2987361) AND (k <= 2987461))
	  ->  Bitmap Index Scan on k_3  (cost=0.00..5.39 rows=96 width=0)
	        Index Cond: ((k >= 2987361) AND (k <= 2987461))

table 4 : explain SELECT k, c FROM sbtest4 WHERE k BETWEEN 2987361 AND 2987461
	Bitmap Heap Scan on sbtest4  (cost=5.54..433.28 rows=108 width=125)
	  Recheck Cond: ((k >= 2987361) AND (k <= 2987461))
	  ->  Bitmap Index Scan on k_4  (cost=0.00..5.51 rows=108 width=0)
	        Index Cond: ((k >= 2987361) AND (k <= 2987461))

table 5 : explain SELECT k, c FROM sbtest5 WHERE k BETWEEN 2987361 AND 2987461
	Bitmap Heap Scan on sbtest5  (cost=5.50..417.35 rows=104 width=125)
	  Recheck Cond: ((k >= 2987361) AND (k <= 2987461))
	  ->  Bitmap Index Scan on k_5  (cost=0.00..5.47 rows=104 width=0)
	        Index Cond: ((k >= 2987361) AND (k <= 2987461))

table 6 : explain SELECT k, c FROM sbtest6 WHERE k BETWEEN 2987361 AND 2987461
	Bitmap Heap Scan on sbtest6  (cost=5.40..377.95 rows=94 width=125)
	  Recheck Cond: ((k >= 2987361) AND (k <= 2987461))
	  ->  Bitmap Index Scan on k_6  (cost=0.00..5.38 rows=94 width=0)
	        Index Cond: ((k >= 2987361) AND (k <= 2987461))

table 7 : explain SELECT k, c FROM sbtest7 WHERE k BETWEEN 2987361 AND 2987461
	Bitmap Heap Scan on sbtest7  (cost=5.48..409.67 rows=102 width=125)
	  Recheck Cond: ((k >= 2987361) AND (k <= 2987461))
	  ->  Bitmap Index Scan on k_7  (cost=0.00..5.45 rows=102 width=0)
	        Index Cond: ((k >= 2987361) AND (k <= 2987461))

table 8 : explain SELECT k, c FROM sbtest8 WHERE k BETWEEN 2987361 AND 2987461
	Bitmap Heap Scan on sbtest8  (cost=5.52..425.22 rows=106 width=125)
	  Recheck Cond: ((k >= 2987361) AND (k <= 2987461))
	  ->  Bitmap Index Scan on k_8  (cost=0.00..5.50 rows=106 width=0)
	        Index Cond: ((k >= 2987361) AND (k <= 2987461))

for range-notcovered
table 1 : explain SELECT k, c FROM sbtest1 WHERE k BETWEEN 2264125 AND 2264225
	Bitmap Heap Scan on sbtest1  (cost=5.52..425.26 rows=106 width=125)
	  Recheck Cond: ((k >= 2264125) AND (k <= 2264225))
	  ->  Bitmap Index Scan on k_1  (cost=0.00..5.50 rows=106 width=0)
	        Index Cond: ((k >= 2264125) AND (k <= 2264225))

table 2 : explain SELECT k, c FROM sbtest2 WHERE k BETWEEN 2264125 AND 2264225
	Bitmap Heap Scan on sbtest2  (cost=5.50..417.34 rows=104 width=125)
	  Recheck Cond: ((k >= 2264125) AND (k <= 2264225))
	  ->  Bitmap Index Scan on k_2  (cost=0.00..5.47 rows=104 width=0)
	        Index Cond: ((k >= 2264125) AND (k <= 2264225))

table 3 : explain SELECT k, c FROM sbtest3 WHERE k BETWEEN 2264125 AND 2264225
	Bitmap Heap Scan on sbtest3  (cost=5.40..378.07 rows=94 width=125)
	  Recheck Cond: ((k >= 2264125) AND (k <= 2264225))
	  ->  Bitmap Index Scan on k_3  (cost=0.00..5.38 rows=94 width=0)
	        Index Cond: ((k >= 2264125) AND (k <= 2264225))

table 4 : explain SELECT k, c FROM sbtest4 WHERE k BETWEEN 2264125 AND 2264225
	Bitmap Heap Scan on sbtest4  (cost=5.45..397.77 rows=99 width=125)
	  Recheck Cond: ((k >= 2264125) AND (k <= 2264225))
	  ->  Bitmap Index Scan on k_4  (cost=0.00..5.42 rows=99 width=0)
	        Index Cond: ((k >= 2264125) AND (k <= 2264225))

table 5 : explain SELECT k, c FROM sbtest5 WHERE k BETWEEN 2264125 AND 2264225
	Bitmap Heap Scan on sbtest5  (cost=5.47..405.52 rows=101 width=125)
	  Recheck Cond: ((k >= 2264125) AND (k <= 2264225))
	  ->  Bitmap Index Scan on k_5  (cost=0.00..5.44 rows=101 width=0)
	        Index Cond: ((k >= 2264125) AND (k <= 2264225))

table 6 : explain SELECT k, c FROM sbtest6 WHERE k BETWEEN 2264125 AND 2264225
	Bitmap Heap Scan on sbtest6  (cost=5.45..397.68 rows=99 width=125)
	  Recheck Cond: ((k >= 2264125) AND (k <= 2264225))
	  ->  Bitmap Index Scan on k_6  (cost=0.00..5.42 rows=99 width=0)
	        Index Cond: ((k >= 2264125) AND (k <= 2264225))

table 7 : explain SELECT k, c FROM sbtest7 WHERE k BETWEEN 2264125 AND 2264225
	Bitmap Heap Scan on sbtest7  (cost=5.49..413.61 rows=103 width=125)
	  Recheck Cond: ((k >= 2264125) AND (k <= 2264225))
	  ->  Bitmap Index Scan on k_7  (cost=0.00..5.46 rows=103 width=0)
	        Index Cond: ((k >= 2264125) AND (k <= 2264225))

table 8 : explain SELECT k, c FROM sbtest8 WHERE k BETWEEN 2264125 AND 2264225
	Bitmap Heap Scan on sbtest8  (cost=5.46..401.56 rows=100 width=125)
	  Recheck Cond: ((k >= 2264125) AND (k <= 2264225))
	  ->  Bitmap Index Scan on k_8  (cost=0.00..5.43 rows=100 width=0)
	        Index Cond: ((k >= 2264125) AND (k <= 2264225))

explain: for range-notcovered :: explain SELECT k, c FROM sbtest%d WHERE k BETWEEN 6518508 AND 6518608
explain: for range-notcovered :: explain SELECT k, c FROM sbtest%d WHERE k BETWEEN 4879440 AND 4879540
for range-notcovered
table 1 : explain SELECT k, c FROM sbtest1 WHERE k BETWEEN 6900185 AND 6900285
	Bitmap Heap Scan on sbtest1  (cost=5.52..425.26 rows=106 width=125)
	  Recheck Cond: ((k >= 6900185) AND (k <= 6900285))
	  ->  Bitmap Index Scan on k_1  (cost=0.00..5.50 rows=106 width=0)
	        Index Cond: ((k >= 6900185) AND (k <= 6900285))

table 2 : explain SELECT k, c FROM sbtest2 WHERE k BETWEEN 6900185 AND 6900285
	Bitmap Heap Scan on sbtest2  (cost=5.45..397.62 rows=99 width=125)
	  Recheck Cond: ((k >= 6900185) AND (k <= 6900285))
	  ->  Bitmap Index Scan on k_2  (cost=0.00..5.42 rows=99 width=0)
	        Index Cond: ((k >= 6900185) AND (k <= 6900285))

table 3 : explain SELECT k, c FROM sbtest3 WHERE k BETWEEN 6900185 AND 6900285
	Bitmap Heap Scan on sbtest3  (cost=5.56..441.21 rows=110 width=125)
	  Recheck Cond: ((k >= 6900185) AND (k <= 6900285))
	  ->  Bitmap Index Scan on k_3  (cost=0.00..5.53 rows=110 width=0)
	        Index Cond: ((k >= 6900185) AND (k <= 6900285))

table 4 : explain SELECT k, c FROM sbtest4 WHERE k BETWEEN 6900185 AND 6900285
	Bitmap Heap Scan on sbtest4  (cost=5.49..413.56 rows=103 width=125)
	  Recheck Cond: ((k >= 6900185) AND (k <= 6900285))
	  ->  Bitmap Index Scan on k_4  (cost=0.00..5.46 rows=103 width=0)
	        Index Cond: ((k >= 6900185) AND (k <= 6900285))

table 5 : explain SELECT k, c FROM sbtest5 WHERE k BETWEEN 6900185 AND 6900285
	Bitmap Heap Scan on sbtest5  (cost=5.55..437.06 rows=109 width=125)
	  Recheck Cond: ((k >= 6900185) AND (k <= 6900285))
	  ->  Bitmap Index Scan on k_5  (cost=0.00..5.52 rows=109 width=0)
	        Index Cond: ((k >= 6900185) AND (k <= 6900285))

table 6 : explain SELECT k, c FROM sbtest6 WHERE k BETWEEN 6900185 AND 6900285
	Bitmap Heap Scan on sbtest6  (cost=5.44..393.74 rows=98 width=125)
	  Recheck Cond: ((k >= 6900185) AND (k <= 6900285))
	  ->  Bitmap Index Scan on k_6  (cost=0.00..5.42 rows=98 width=0)
	        Index Cond: ((k >= 6900185) AND (k <= 6900285))

table 7 : explain SELECT k, c FROM sbtest7 WHERE k BETWEEN 6900185 AND 6900285
	Bitmap Heap Scan on sbtest7  (cost=5.35..358.33 rows=89 width=125)
	  Recheck Cond: ((k >= 6900185) AND (k <= 6900285))
	  ->  Bitmap Index Scan on k_7  (cost=0.00..5.32 rows=89 width=0)
	        Index Cond: ((k >= 6900185) AND (k <= 6900285))

table 8 : explain SELECT k, c FROM sbtest8 WHERE k BETWEEN 6900185 AND 6900285
	Bitmap Heap Scan on sbtest8  (cost=5.45..397.61 rows=99 width=125)
	  Recheck Cond: ((k >= 6900185) AND (k <= 6900285))
	  ->  Bitmap Index Scan on k_8  (cost=0.00..5.42 rows=99 width=0)
	        Index Cond: ((k >= 6900185) AND (k <= 6900285))

explain: for range-notcovered :: explain SELECT k, c FROM sbtest%d WHERE k BETWEEN 2264125 AND 2264225
explain: for range-notcovered :: explain SELECT k, c FROM sbtest%d WHERE k BETWEEN 7558343 AND 7558443
for range-notcovered
table 1 : explain SELECT k, c FROM sbtest1 WHERE k BETWEEN 5087132 AND 5087232
	Bitmap Heap Scan on sbtest1  (cost=5.42..385.82 rows=96 width=125)
	  Recheck Cond: ((k >= 5087132) AND (k <= 5087232))
	  ->  Bitmap Index Scan on k_1  (cost=0.00..5.39 rows=96 width=0)
	        Index Cond: ((k >= 5087132) AND (k <= 5087232))

table 2 : explain SELECT k, c FROM sbtest2 WHERE k BETWEEN 5087132 AND 5087232
	Bitmap Heap Scan on sbtest2  (cost=5.53..429.16 rows=107 width=125)
	  Recheck Cond: ((k >= 5087132) AND (k <= 5087232))
	  ->  Bitmap Index Scan on k_2  (cost=0.00..5.50 rows=107 width=0)
	        Index Cond: ((k >= 5087132) AND (k <= 5087232))

table 3 : explain SELECT k, c FROM sbtest3 WHERE k BETWEEN 5087132 AND 5087232
	Bitmap Heap Scan on sbtest3  (cost=5.43..389.92 rows=97 width=125)
	  Recheck Cond: ((k >= 5087132) AND (k <= 5087232))
	  ->  Bitmap Index Scan on k_3  (cost=0.00..5.40 rows=97 width=0)
	        Index Cond: ((k >= 5087132) AND (k <= 5087232))

table 4 : explain SELECT k, c FROM sbtest4 WHERE k BETWEEN 5087132 AND 5087232
	Bitmap Heap Scan on sbtest4  (cost=5.42..385.93 rows=96 width=125)
	  Recheck Cond: ((k >= 5087132) AND (k <= 5087232))
	  ->  Bitmap Index Scan on k_4  (cost=0.00..5.39 rows=96 width=0)
	        Index Cond: ((k >= 5087132) AND (k <= 5087232))

table 5 : explain SELECT k, c FROM sbtest5 WHERE k BETWEEN 5087132 AND 5087232
	Bitmap Heap Scan on sbtest5  (cost=5.49..413.41 rows=103 width=125)
	  Recheck Cond: ((k >= 5087132) AND (k <= 5087232))
	  ->  Bitmap Index Scan on k_5  (cost=0.00..5.46 rows=103 width=0)
	        Index Cond: ((k >= 5087132) AND (k <= 5087232))

table 6 : explain SELECT k, c FROM sbtest6 WHERE k BETWEEN 5087132 AND 5087232
	Bitmap Heap Scan on sbtest6  (cost=5.49..413.46 rows=103 width=125)
	  Recheck Cond: ((k >= 5087132) AND (k <= 5087232))
	  ->  Bitmap Index Scan on k_6  (cost=0.00..5.46 rows=103 width=0)
	        Index Cond: ((k >= 5087132) AND (k <= 5087232))

table 7 : explain SELECT k, c FROM sbtest7 WHERE k BETWEEN 5087132 AND 5087232
	Bitmap Heap Scan on sbtest7  (cost=5.55..437.28 rows=109 width=125)
	  Recheck Cond: ((k >= 5087132) AND (k <= 5087232))
	  ->  Bitmap Index Scan on k_7  (cost=0.00..5.52 rows=109 width=0)
	        Index Cond: ((k >= 5087132) AND (k <= 5087232))

table 8 : explain SELECT k, c FROM sbtest8 WHERE k BETWEEN 5087132 AND 5087232
	Bitmap Heap Scan on sbtest8  (cost=5.55..437.04 rows=109 width=125)
	  Recheck Cond: ((k >= 5087132) AND (k <= 5087232))
	  ->  Bitmap Index Scan on k_8  (cost=0.00..5.52 rows=109 width=0)
	        Index Cond: ((k >= 5087132) AND (k <= 5087232))

for range-notcovered
table 1 : explain SELECT k, c FROM sbtest1 WHERE k BETWEEN 1785409 AND 1785509
	Bitmap Heap Scan on sbtest1  (cost=5.50..417.38 rows=104 width=125)
	  Recheck Cond: ((k >= 1785409) AND (k <= 1785509))
	  ->  Bitmap Index Scan on k_1  (cost=0.00..5.47 rows=104 width=0)
	        Index Cond: ((k >= 1785409) AND (k <= 1785509))

table 2 : explain SELECT k, c FROM sbtest2 WHERE k BETWEEN 1785409 AND 1785509
	Bitmap Heap Scan on sbtest2  (cost=5.41..381.84 rows=95 width=125)
	  Recheck Cond: ((k >= 1785409) AND (k <= 1785509))
	  ->  Bitmap Index Scan on k_2  (cost=0.00..5.38 rows=95 width=0)
	        Index Cond: ((k >= 1785409) AND (k <= 1785509))

table 3 : explain SELECT k, c FROM sbtest3 WHERE k BETWEEN 1785409 AND 1785509
	Bitmap Heap Scan on sbtest3  (cost=5.43..389.92 rows=97 width=125)
	  Recheck Cond: ((k >= 1785409) AND (k <= 1785509))
	  ->  Bitmap Index Scan on k_3  (cost=0.00..5.40 rows=97 width=0)
	        Index Cond: ((k >= 1785409) AND (k <= 1785509))

table 4 : explain SELECT k, c FROM sbtest4 WHERE k BETWEEN 1785409 AND 1785509
	Bitmap Heap Scan on sbtest4  (cost=5.41..381.98 rows=95 width=125)
	  Recheck Cond: ((k >= 1785409) AND (k <= 1785509))
	  ->  Bitmap Index Scan on k_4  (cost=0.00..5.38 rows=95 width=0)
	        Index Cond: ((k >= 1785409) AND (k <= 1785509))

table 5 : explain SELECT k, c FROM sbtest5 WHERE k BETWEEN 1785409 AND 1785509
	Bitmap Heap Scan on sbtest5  (cost=5.51..421.30 rows=105 width=125)
	  Recheck Cond: ((k >= 1785409) AND (k <= 1785509))
	  ->  Bitmap Index Scan on k_5  (cost=0.00..5.48 rows=105 width=0)
	        Index Cond: ((k >= 1785409) AND (k <= 1785509))

table 6 : explain SELECT k, c FROM sbtest6 WHERE k BETWEEN 1785409 AND 1785509
	Bitmap Heap Scan on sbtest6  (cost=5.50..417.41 rows=104 width=125)
	  Recheck Cond: ((k >= 1785409) AND (k <= 1785509))
	  ->  Bitmap Index Scan on k_6  (cost=0.00..5.47 rows=104 width=0)
	        Index Cond: ((k >= 1785409) AND (k <= 1785509))

table 7 : explain SELECT k, c FROM sbtest7 WHERE k BETWEEN 1785409 AND 1785509
	Bitmap Heap Scan on sbtest7  (cost=5.46..401.77 rows=100 width=125)
	  Recheck Cond: ((k >= 1785409) AND (k <= 1785509))
	  ->  Bitmap Index Scan on k_7  (cost=0.00..5.43 rows=100 width=0)
	        Index Cond: ((k >= 1785409) AND (k <= 1785509))

table 8 : explain SELECT k, c FROM sbtest8 WHERE k BETWEEN 1785409 AND 1785509
	Bitmap Heap Scan on sbtest8  (cost=5.44..393.67 rows=98 width=125)
	  Recheck Cond: ((k >= 1785409) AND (k <= 1785509))
	  ->  Bitmap Index Scan on k_8  (cost=0.00..5.42 rows=98 width=0)
	        Index Cond: ((k >= 1785409) AND (k <= 1785509))

for range-notcovered
table 1 : explain SELECT k, c FROM sbtest1 WHERE k BETWEEN 7568207 AND 7568307
	Bitmap Heap Scan on sbtest1  (cost=5.47..405.55 rows=101 width=125)
	  Recheck Cond: ((k >= 7568207) AND (k <= 7568307))
	  ->  Bitmap Index Scan on k_1  (cost=0.00..5.44 rows=101 width=0)
	        Index Cond: ((k >= 7568207) AND (k <= 7568307))

table 2 : explain SELECT k, c FROM sbtest2 WHERE k BETWEEN 7568207 AND 7568307
	Bitmap Heap Scan on sbtest2  (cost=5.47..405.51 rows=101 width=125)
	  Recheck Cond: ((k >= 7568207) AND (k <= 7568307))
	  ->  Bitmap Index Scan on k_2  (cost=0.00..5.44 rows=101 width=0)
	        Index Cond: ((k >= 7568207) AND (k <= 7568307))

table 3 : explain SELECT k, c FROM sbtest3 WHERE k BETWEEN 7568207 AND 7568307
	Bitmap Heap Scan on sbtest3  (cost=5.54..433.32 rows=108 width=125)
	  Recheck Cond: ((k >= 7568207) AND (k <= 7568307))
	  ->  Bitmap Index Scan on k_3  (cost=0.00..5.51 rows=108 width=0)
	        Index Cond: ((k >= 7568207) AND (k <= 7568307))

table 4 : explain SELECT k, c FROM sbtest4 WHERE k BETWEEN 7568207 AND 7568307
	Bitmap Heap Scan on sbtest4  (cost=5.44..393.83 rows=98 width=125)
	  Recheck Cond: ((k >= 7568207) AND (k <= 7568307))
	  ->  Bitmap Index Scan on k_4  (cost=0.00..5.42 rows=98 width=0)
	        Index Cond: ((k >= 7568207) AND (k <= 7568307))

table 5 : explain SELECT k, c FROM sbtest5 WHERE k BETWEEN 7568207 AND 7568307
	Bitmap Heap Scan on sbtest5  (cost=5.55..437.06 rows=109 width=125)
	  Recheck Cond: ((k >= 7568207) AND (k <= 7568307))
	  ->  Bitmap Index Scan on k_5  (cost=0.00..5.52 rows=109 width=0)
	        Index Cond: ((k >= 7568207) AND (k <= 7568307))

table 6 : explain SELECT k, c FROM sbtest6 WHERE k BETWEEN 7568207 AND 7568307
	Bitmap Heap Scan on sbtest6  (cost=5.55..437.12 rows=109 width=125)
	  Recheck Cond: ((k >= 7568207) AND (k <= 7568307))
	  ->  Bitmap Index Scan on k_6  (cost=0.00..5.52 rows=109 width=0)
	        Index Cond: ((k >= 7568207) AND (k <= 7568307))

table 7 : explain SELECT k, c FROM sbtest7 WHERE k BETWEEN 7568207 AND 7568307
	Bitmap Heap Scan on sbtest7  (cost=5.41..382.03 rows=95 width=125)
	  Recheck Cond: ((k >= 7568207) AND (k <= 7568307))
	  ->  Bitmap Index Scan on k_7  (cost=0.00..5.38 rows=95 width=0)
	        Index Cond: ((k >= 7568207) AND (k <= 7568307))

table 8 : explain SELECT k, c FROM sbtest8 WHERE k BETWEEN 7568207 AND 7568307
	Bitmap Heap Scan on sbtest8  (cost=5.49..413.39 rows=103 width=125)
	  Recheck Cond: ((k >= 7568207) AND (k <= 7568307))
	  ->  Bitmap Index Scan on k_8  (cost=0.00..5.46 rows=103 width=0)
	        Index Cond: ((k >= 7568207) AND (k <= 7568307))

explain: for range-notcovered :: explain SELECT k, c FROM sbtest%d WHERE k BETWEEN 6900185 AND 6900285
explain: for range-notcovered :: explain SELECT k, c FROM sbtest%d WHERE k BETWEEN 2987361 AND 2987461
for range-notcovered
table 1 : explain SELECT k, c FROM sbtest1 WHERE k BETWEEN 5645914 AND 5646014
	Bitmap Heap Scan on sbtest1  (cost=5.46..401.60 rows=100 width=125)
	  Recheck Cond: ((k >= 5645914) AND (k <= 5646014))
	  ->  Bitmap Index Scan on k_1  (cost=0.00..5.43 rows=100 width=0)
	        Index Cond: ((k >= 5645914) AND (k <= 5646014))

table 2 : explain SELECT k, c FROM sbtest2 WHERE k BETWEEN 5645914 AND 5646014
	Bitmap Heap Scan on sbtest2  (cost=5.46..401.56 rows=100 width=125)
	  Recheck Cond: ((k >= 5645914) AND (k <= 5646014))
	  ->  Bitmap Index Scan on k_2  (cost=0.00..5.43 rows=100 width=0)
	        Index Cond: ((k >= 5645914) AND (k <= 5646014))

table 3 : explain SELECT k, c FROM sbtest3 WHERE k BETWEEN 5645914 AND 5646014
	Bitmap Heap Scan on sbtest3  (cost=5.49..413.60 rows=103 width=125)
	  Recheck Cond: ((k >= 5645914) AND (k <= 5646014))
	  ->  Bitmap Index Scan on k_3  (cost=0.00..5.46 rows=103 width=0)
	        Index Cond: ((k >= 5645914) AND (k <= 5646014))

table 4 : explain SELECT k, c FROM sbtest4 WHERE k BETWEEN 5645914 AND 5646014
	Bitmap Heap Scan on sbtest4  (cost=5.42..385.93 rows=96 width=125)
	  Recheck Cond: ((k >= 5645914) AND (k <= 5646014))
	  ->  Bitmap Index Scan on k_4  (cost=0.00..5.39 rows=96 width=0)
	        Index Cond: ((k >= 5645914) AND (k <= 5646014))

table 5 : explain SELECT k, c FROM sbtest5 WHERE k BETWEEN 5645914 AND 5646014
	Bitmap Heap Scan on sbtest5  (cost=5.43..389.74 rows=97 width=125)
	  Recheck Cond: ((k >= 5645914) AND (k <= 5646014))
	  ->  Bitmap Index Scan on k_5  (cost=0.00..5.40 rows=97 width=0)
	        Index Cond: ((k >= 5645914) AND (k <= 5646014))

table 6 : explain SELECT k, c FROM sbtest6 WHERE k BETWEEN 5645914 AND 5646014
	Bitmap Heap Scan on sbtest6  (cost=5.53..429.24 rows=107 width=125)
	  Recheck Cond: ((k >= 5645914) AND (k <= 5646014))
	  ->  Bitmap Index Scan on k_6  (cost=0.00..5.50 rows=107 width=0)
	        Index Cond: ((k >= 5645914) AND (k <= 5646014))

table 7 : explain SELECT k, c FROM sbtest7 WHERE k BETWEEN 5645914 AND 5646014
	Bitmap Heap Scan on sbtest7  (cost=5.51..421.50 rows=105 width=125)
	  Recheck Cond: ((k >= 5645914) AND (k <= 5646014))
	  ->  Bitmap Index Scan on k_7  (cost=0.00..5.48 rows=105 width=0)
	        Index Cond: ((k >= 5645914) AND (k <= 5646014))

table 8 : explain SELECT k, c FROM sbtest8 WHERE k BETWEEN 5645914 AND 5646014
	Bitmap Heap Scan on sbtest8  (cost=5.48..409.45 rows=102 width=125)
	  Recheck Cond: ((k >= 5645914) AND (k <= 5646014))
	  ->  Bitmap Index Scan on k_8  (cost=0.00..5.45 rows=102 width=0)
	        Index Cond: ((k >= 5645914) AND (k <= 5646014))

explain: for range-notcovered :: explain SELECT k, c FROM sbtest%d WHERE k BETWEEN 5087132 AND 5087232
explain: for range-notcovered :: explain SELECT k, c FROM sbtest%d WHERE k BETWEEN 1785409 AND 1785509
explain: for range-notcovered :: explain SELECT k, c FROM sbtest%d WHERE k BETWEEN 7568207 AND 7568307
for range-notcovered
table 1 : explain SELECT k, c FROM sbtest1 WHERE k BETWEEN 1805649 AND 1805749
	Bitmap Heap Scan on sbtest1  (cost=5.50..417.38 rows=104 width=125)
	  Recheck Cond: ((k >= 1805649) AND (k <= 1805749))
	  ->  Bitmap Index Scan on k_1  (cost=0.00..5.47 rows=104 width=0)
	        Index Cond: ((k >= 1805649) AND (k <= 1805749))

table 2 : explain SELECT k, c FROM sbtest2 WHERE k BETWEEN 1805649 AND 1805749
	Bitmap Heap Scan on sbtest2  (cost=5.41..381.84 rows=95 width=125)
	  Recheck Cond: ((k >= 1805649) AND (k <= 1805749))
	  ->  Bitmap Index Scan on k_2  (cost=0.00..5.38 rows=95 width=0)
	        Index Cond: ((k >= 1805649) AND (k <= 1805749))

table 3 : explain SELECT k, c FROM sbtest3 WHERE k BETWEEN 1805649 AND 1805749
	Bitmap Heap Scan on sbtest3  (cost=5.45..397.81 rows=99 width=125)
	  Recheck Cond: ((k >= 1805649) AND (k <= 1805749))
	  ->  Bitmap Index Scan on k_3  (cost=0.00..5.42 rows=99 width=0)
	        Index Cond: ((k >= 1805649) AND (k <= 1805749))

table 4 : explain SELECT k, c FROM sbtest4 WHERE k BETWEEN 1805649 AND 1805749
	Bitmap Heap Scan on sbtest4  (cost=5.51..421.45 rows=105 width=125)
	  Recheck Cond: ((k >= 1805649) AND (k <= 1805749))
	  ->  Bitmap Index Scan on k_4  (cost=0.00..5.48 rows=105 width=0)
	        Index Cond: ((k >= 1805649) AND (k <= 1805749))

table 5 : explain SELECT k, c FROM sbtest5 WHERE k BETWEEN 1805649 AND 1805749
	Bitmap Heap Scan on sbtest5  (cost=5.51..421.30 rows=105 width=125)
	  Recheck Cond: ((k >= 1805649) AND (k <= 1805749))
	  ->  Bitmap Index Scan on k_5  (cost=0.00..5.48 rows=105 width=0)
	        Index Cond: ((k >= 1805649) AND (k <= 1805749))

table 6 : explain SELECT k, c FROM sbtest6 WHERE k BETWEEN 1805649 AND 1805749
	Bitmap Heap Scan on sbtest6  (cost=5.50..417.41 rows=104 width=125)
	  Recheck Cond: ((k >= 1805649) AND (k <= 1805749))
	  ->  Bitmap Index Scan on k_6  (cost=0.00..5.47 rows=104 width=0)
	        Index Cond: ((k >= 1805649) AND (k <= 1805749))

table 7 : explain SELECT k, c FROM sbtest7 WHERE k BETWEEN 1805649 AND 1805749
	Bitmap Heap Scan on sbtest7  (cost=5.46..401.77 rows=100 width=125)
	  Recheck Cond: ((k >= 1805649) AND (k <= 1805749))
	  ->  Bitmap Index Scan on k_7  (cost=0.00..5.43 rows=100 width=0)
	        Index Cond: ((k >= 1805649) AND (k <= 1805749))

table 8 : explain SELECT k, c FROM sbtest8 WHERE k BETWEEN 1805649 AND 1805749
	Bitmap Heap Scan on sbtest8  (cost=5.42..385.78 rows=96 width=125)
	  Recheck Cond: ((k >= 1805649) AND (k <= 1805749))
	  ->  Bitmap Index Scan on k_8  (cost=0.00..5.39 rows=96 width=0)
	        Index Cond: ((k >= 1805649) AND (k <= 1805749))

explain: for range-notcovered :: explain SELECT k, c FROM sbtest%d WHERE k BETWEEN 5645914 AND 5646014
explain: for range-notcovered :: explain SELECT k, c FROM sbtest%d WHERE k BETWEEN 1805649 AND 1805749
for range-notcovered
table 1 : explain SELECT k, c FROM sbtest1 WHERE k BETWEEN 3792277 AND 3792377
	Bitmap Heap Scan on sbtest1  (cost=5.44..393.71 rows=98 width=125)
	  Recheck Cond: ((k >= 3792277) AND (k <= 3792377))
	  ->  Bitmap Index Scan on k_1  (cost=0.00..5.42 rows=98 width=0)
	        Index Cond: ((k >= 3792277) AND (k <= 3792377))

table 2 : explain SELECT k, c FROM sbtest2 WHERE k BETWEEN 3792277 AND 3792377
	Bitmap Heap Scan on sbtest2  (cost=5.45..397.62 rows=99 width=125)
	  Recheck Cond: ((k >= 3792277) AND (k <= 3792377))
	  ->  Bitmap Index Scan on k_2  (cost=0.00..5.42 rows=99 width=0)
	        Index Cond: ((k >= 3792277) AND (k <= 3792377))

table 3 : explain SELECT k, c FROM sbtest3 WHERE k BETWEEN 3792277 AND 3792377
	Bitmap Heap Scan on sbtest3  (cost=5.45..397.81 rows=99 width=125)
	  Recheck Cond: ((k >= 3792277) AND (k <= 3792377))
	  ->  Bitmap Index Scan on k_3  (cost=0.00..5.42 rows=99 width=0)
	        Index Cond: ((k >= 3792277) AND (k <= 3792377))

table 4 : explain SELECT k, c FROM sbtest4 WHERE k BETWEEN 3792277 AND 3792377
	Bitmap Heap Scan on sbtest4  (cost=5.55..437.23 rows=109 width=125)
	  Recheck Cond: ((k >= 3792277) AND (k <= 3792377))
	  ->  Bitmap Index Scan on k_4  (cost=0.00..5.52 rows=109 width=0)
	        Index Cond: ((k >= 3792277) AND (k <= 3792377))

table 5 : explain SELECT k, c FROM sbtest5 WHERE k BETWEEN 3792277 AND 3792377
	Bitmap Heap Scan on sbtest5  (cost=5.43..389.74 rows=97 width=125)
	  Recheck Cond: ((k >= 3792277) AND (k <= 3792377))
	  ->  Bitmap Index Scan on k_5  (cost=0.00..5.40 rows=97 width=0)
	        Index Cond: ((k >= 3792277) AND (k <= 3792377))

table 6 : explain SELECT k, c FROM sbtest6 WHERE k BETWEEN 3792277 AND 3792377
	Bitmap Heap Scan on sbtest6  (cost=5.56..441.06 rows=110 width=125)
	  Recheck Cond: ((k >= 3792277) AND (k <= 3792377))
	  ->  Bitmap Index Scan on k_6  (cost=0.00..5.53 rows=110 width=0)
	        Index Cond: ((k >= 3792277) AND (k <= 3792377))

table 7 : explain SELECT k, c FROM sbtest7 WHERE k BETWEEN 3792277 AND 3792377
	Bitmap Heap Scan on sbtest7  (cost=5.40..378.08 rows=94 width=125)
	  Recheck Cond: ((k >= 3792277) AND (k <= 3792377))
	  ->  Bitmap Index Scan on k_7  (cost=0.00..5.38 rows=94 width=0)
	        Index Cond: ((k >= 3792277) AND (k <= 3792377))

table 8 : explain SELECT k, c FROM sbtest8 WHERE k BETWEEN 3792277 AND 3792377
	Bitmap Heap Scan on sbtest8  (cost=5.41..381.83 rows=95 width=125)
	  Recheck Cond: ((k >= 3792277) AND (k <= 3792377))
	  ->  Bitmap Index Scan on k_8  (cost=0.00..5.38 rows=95 width=0)
	        Index Cond: ((k >= 3792277) AND (k <= 3792377))

for range-notcovered
table 1 : explain SELECT k, c FROM sbtest1 WHERE k BETWEEN 4671107 AND 4671207
	Bitmap Heap Scan on sbtest1  (cost=5.45..397.66 rows=99 width=125)
	  Recheck Cond: ((k >= 4671107) AND (k <= 4671207))
	  ->  Bitmap Index Scan on k_1  (cost=0.00..5.42 rows=99 width=0)
	        Index Cond: ((k >= 4671107) AND (k <= 4671207))

table 2 : explain SELECT k, c FROM sbtest2 WHERE k BETWEEN 4671107 AND 4671207
	Bitmap Heap Scan on sbtest2  (cost=5.39..373.94 rows=93 width=125)
	  Recheck Cond: ((k >= 4671107) AND (k <= 4671207))
	  ->  Bitmap Index Scan on k_2  (cost=0.00..5.36 rows=93 width=0)
	        Index Cond: ((k >= 4671107) AND (k <= 4671207))

table 3 : explain SELECT k, c FROM sbtest3 WHERE k BETWEEN 4671107 AND 4671207
	Bitmap Heap Scan on sbtest3  (cost=5.43..389.92 rows=97 width=125)
	  Recheck Cond: ((k >= 4671107) AND (k <= 4671207))
	  ->  Bitmap Index Scan on k_3  (cost=0.00..5.40 rows=97 width=0)
	        Index Cond: ((k >= 4671107) AND (k <= 4671207))

table 4 : explain SELECT k, c FROM sbtest4 WHERE k BETWEEN 4671107 AND 4671207
	Bitmap Heap Scan on sbtest4  (cost=5.44..393.83 rows=98 width=125)
	  Recheck Cond: ((k >= 4671107) AND (k <= 4671207))
	  ->  Bitmap Index Scan on k_4  (cost=0.00..5.42 rows=98 width=0)
	        Index Cond: ((k >= 4671107) AND (k <= 4671207))

table 5 : explain SELECT k, c FROM sbtest5 WHERE k BETWEEN 4671107 AND 4671207
	Bitmap Heap Scan on sbtest5  (cost=5.45..397.63 rows=99 width=125)
	  Recheck Cond: ((k >= 4671107) AND (k <= 4671207))
	  ->  Bitmap Index Scan on k_5  (cost=0.00..5.42 rows=99 width=0)
	        Index Cond: ((k >= 4671107) AND (k <= 4671207))

table 6 : explain SELECT k, c FROM sbtest6 WHERE k BETWEEN 4671107 AND 4671207
	Bitmap Heap Scan on sbtest6  (cost=5.42..385.84 rows=96 width=125)
	  Recheck Cond: ((k >= 4671107) AND (k <= 4671207))
	  ->  Bitmap Index Scan on k_6  (cost=0.00..5.39 rows=96 width=0)
	        Index Cond: ((k >= 4671107) AND (k <= 4671207))

table 7 : explain SELECT k, c FROM sbtest7 WHERE k BETWEEN 4671107 AND 4671207
	Bitmap Heap Scan on sbtest7  (cost=5.46..401.77 rows=100 width=125)
	  Recheck Cond: ((k >= 4671107) AND (k <= 4671207))
	  ->  Bitmap Index Scan on k_7  (cost=0.00..5.43 rows=100 width=0)
	        Index Cond: ((k >= 4671107) AND (k <= 4671207))

table 8 : explain SELECT k, c FROM sbtest8 WHERE k BETWEEN 4671107 AND 4671207
	Bitmap Heap Scan on sbtest8  (cost=5.45..397.61 rows=99 width=125)
	  Recheck Cond: ((k >= 4671107) AND (k <= 4671207))
	  ->  Bitmap Index Scan on k_8  (cost=0.00..5.42 rows=99 width=0)
	        Index Cond: ((k >= 4671107) AND (k <= 4671207))

for range-notcovered
table 1 : explain SELECT k, c FROM sbtest1 WHERE k BETWEEN 3544069 AND 3544169
	Bitmap Heap Scan on sbtest1  (cost=5.53..429.21 rows=107 width=125)
	  Recheck Cond: ((k >= 3544069) AND (k <= 3544169))
	  ->  Bitmap Index Scan on k_1  (cost=0.00..5.50 rows=107 width=0)
	        Index Cond: ((k >= 3544069) AND (k <= 3544169))

table 2 : explain SELECT k, c FROM sbtest2 WHERE k BETWEEN 3544069 AND 3544169
	Bitmap Heap Scan on sbtest2  (cost=5.54..433.10 rows=108 width=125)
	  Recheck Cond: ((k >= 3544069) AND (k <= 3544169))
	  ->  Bitmap Index Scan on k_2  (cost=0.00..5.51 rows=108 width=0)
	        Index Cond: ((k >= 3544069) AND (k <= 3544169))

table 3 : explain SELECT k, c FROM sbtest3 WHERE k BETWEEN 3544069 AND 3544169
	Bitmap Heap Scan on sbtest3  (cost=5.46..401.76 rows=100 width=125)
	  Recheck Cond: ((k >= 3544069) AND (k <= 3544169))
	  ->  Bitmap Index Scan on k_3  (cost=0.00..5.43 rows=100 width=0)
	        Index Cond: ((k >= 3544069) AND (k <= 3544169))

table 4 : explain SELECT k, c FROM sbtest4 WHERE k BETWEEN 3544069 AND 3544169
	Bitmap Heap Scan on sbtest4  (cost=5.39..374.08 rows=93 width=125)
	  Recheck Cond: ((k >= 3544069) AND (k <= 3544169))
	  ->  Bitmap Index Scan on k_4  (cost=0.00..5.36 rows=93 width=0)
	        Index Cond: ((k >= 3544069) AND (k <= 3544169))

table 5 : explain SELECT k, c FROM sbtest5 WHERE k BETWEEN 3544069 AND 3544169
	Bitmap Heap Scan on sbtest5  (cost=5.47..405.52 rows=101 width=125)
	  Recheck Cond: ((k >= 3544069) AND (k <= 3544169))
	  ->  Bitmap Index Scan on k_5  (cost=0.00..5.44 rows=101 width=0)
	        Index Cond: ((k >= 3544069) AND (k <= 3544169))

table 6 : explain SELECT k, c FROM sbtest6 WHERE k BETWEEN 3544069 AND 3544169
	Bitmap Heap Scan on sbtest6  (cost=5.48..409.52 rows=102 width=125)
	  Recheck Cond: ((k >= 3544069) AND (k <= 3544169))
	  ->  Bitmap Index Scan on k_6  (cost=0.00..5.45 rows=102 width=0)
	        Index Cond: ((k >= 3544069) AND (k <= 3544169))

table 7 : explain SELECT k, c FROM sbtest7 WHERE k BETWEEN 3544069 AND 3544169
	Bitmap Heap Scan on sbtest7  (cost=5.60..457.00 rows=114 width=125)
	  Recheck Cond: ((k >= 3544069) AND (k <= 3544169))
	  ->  Bitmap Index Scan on k_7  (cost=0.00..5.58 rows=114 width=0)
	        Index Cond: ((k >= 3544069) AND (k <= 3544169))

table 8 : explain SELECT k, c FROM sbtest8 WHERE k BETWEEN 3544069 AND 3544169
	Bitmap Heap Scan on sbtest8  (cost=5.42..385.78 rows=96 width=125)
	  Recheck Cond: ((k >= 3544069) AND (k <= 3544169))
	  ->  Bitmap Index Scan on k_8  (cost=0.00..5.39 rows=96 width=0)
	        Index Cond: ((k >= 3544069) AND (k <= 3544169))

explain: for range-notcovered :: explain SELECT k, c FROM sbtest%d WHERE k BETWEEN 3792277 AND 3792377for range-notcovered
table 1 : explain SELECT k, c FROM sbtest1 WHERE k BETWEEN 7077320 AND 7077420
	Bitmap Heap Scan on sbtest1  (cost=5.48..409.49 rows=102 width=125)
	  Recheck Cond: ((k >= 7077320) AND (k <= 7077420))
	  ->  Bitmap Index Scan on k_1  (cost=0.00..5.45 rows=102 width=0)
	        Index Cond: ((k >= 7077320) AND (k <= 7077420))

table 2 : explain SELECT k, c FROM sbtest2 WHERE k BETWEEN 7077320 AND 7077420
	Bitmap Heap Scan on sbtest2  (cost=5.49..413.39 rows=103 width=125)
	  Recheck Cond: ((k >= 7077320) AND (k <= 7077420))
	  ->  Bitmap Index Scan on k_2  (cost=0.00..5.46 rows=103 width=0)
	        Index Cond: ((k >= 7077320) AND (k <= 7077420))

table 3 : explain SELECT k, c FROM sbtest3 WHERE k BETWEEN 7077320 AND 7077420
	Bitmap Heap Scan on sbtest3  (cost=5.44..393.86 rows=98 width=125)
	  Recheck Cond: ((k >= 7077320) AND (k <= 7077420))
	  ->  Bitmap Index Scan on k_3  (cost=0.00..5.42 rows=98 width=0)
	        Index Cond: ((k >= 7077320) AND (k <= 7077420))

table 4 : explain SELECT k, c FROM sbtest4 WHERE k BETWEEN 7077320 AND 7077420
	Bitmap Heap Scan on sbtest4  (cost=5.44..393.83 rows=98 width=125)
	  Recheck Cond: ((k >= 7077320) AND (k <= 7077420))
	  ->  Bitmap Index Scan on k_4  (cost=0.00..5.42 rows=98 width=0)
	        Index Cond: ((k >= 7077320) AND (k <= 7077420))

table 5 : explain SELECT k, c FROM sbtest5 WHERE k BETWEEN 7077320 AND 7077420
	Bitmap Heap Scan on sbtest5  (cost=5.49..413.41 rows=103 width=125)
	  Recheck Cond: ((k >= 7077320) AND (k <= 7077420))
	  ->  Bitmap Index Scan on k_5  (cost=0.00..5.46 rows=103 width=0)
	        Index Cond: ((k >= 7077320) AND (k <= 7077420))

table 6 : explain SELECT k, c FROM sbtest6 WHERE k BETWEEN 7077320 AND 7077420
	Bitmap Heap Scan on sbtest6  (cost=5.41..381.90 rows=95 width=125)
	  Recheck Cond: ((k >= 7077320) AND (k <= 7077420))
	  ->  Bitmap Index Scan on k_6  (cost=0.00..5.38 rows=95 width=0)
	        Index Cond: ((k >= 7077320) AND (k <= 7077420))

table 7 : explain SELECT k, c FROM sbtest7 WHERE k BETWEEN 7077320 AND 7077420
	Bitmap Heap Scan on sbtest7  (cost=5.58..449.11 rows=112 width=125)
	  Recheck Cond: ((k >= 7077320) AND (k <= 7077420))
	  ->  Bitmap Index Scan on k_7  (cost=0.00..5.55 rows=112 width=0)
	        Index Cond: ((k >= 7077320) AND (k <= 7077420))

table 8 : explain SELECT k, c FROM sbtest8 WHERE k BETWEEN 7077320 AND 7077420
	Bitmap Heap Scan on sbtest8  (cost=5.50..417.33 rows=104 width=125)
	  Recheck Cond: ((k >= 7077320) AND (k <= 7077420))
	  ->  Bitmap Index Scan on k_8  (cost=0.00..5.47 rows=104 width=0)
	        Index Cond: ((k >= 7077320) AND (k <= 7077420))


explain: for range-notcovered :: explain SELECT k, c FROM sbtest%d WHERE k BETWEEN 4671107 AND 4671207
explain: for range-notcovered :: explain SELECT k, c FROM sbtest%d WHERE k BETWEEN 3544069 AND 3544169
explain: for range-notcovered :: explain SELECT k, c FROM sbtest%d WHERE k BETWEEN 7077320 AND 7077420
for range-notcovered
table 1 : explain SELECT k, c FROM sbtest1 WHERE k BETWEEN 2264125 AND 2264225
	Bitmap Heap Scan on sbtest1  (cost=5.52..425.26 rows=106 width=125)
	  Recheck Cond: ((k >= 2264125) AND (k <= 2264225))
	  ->  Bitmap Index Scan on k_1  (cost=0.00..5.50 rows=106 width=0)
	        Index Cond: ((k >= 2264125) AND (k <= 2264225))

table 2 : explain SELECT k, c FROM sbtest2 WHERE k BETWEEN 2264125 AND 2264225
	Bitmap Heap Scan on sbtest2  (cost=5.50..417.34 rows=104 width=125)
	  Recheck Cond: ((k >= 2264125) AND (k <= 2264225))
	  ->  Bitmap Index Scan on k_2  (cost=0.00..5.47 rows=104 width=0)
	        Index Cond: ((k >= 2264125) AND (k <= 2264225))

table 3 : explain SELECT k, c FROM sbtest3 WHERE k BETWEEN 2264125 AND 2264225
	Bitmap Heap Scan on sbtest3  (cost=5.40..378.07 rows=94 width=125)
	  Recheck Cond: ((k >= 2264125) AND (k <= 2264225))
	  ->  Bitmap Index Scan on k_3  (cost=0.00..5.38 rows=94 width=0)
	        Index Cond: ((k >= 2264125) AND (k <= 2264225))

table 4 : explain SELECT k, c FROM sbtest4 WHERE k BETWEEN 2264125 AND 2264225
	Bitmap Heap Scan on sbtest4  (cost=5.45..397.77 rows=99 width=125)
	  Recheck Cond: ((k >= 2264125) AND (k <= 2264225))
	  ->  Bitmap Index Scan on k_4  (cost=0.00..5.42 rows=99 width=0)
	        Index Cond: ((k >= 2264125) AND (k <= 2264225))

table 5 : explain SELECT k, c FROM sbtest5 WHERE k BETWEEN 2264125 AND 2264225
	Bitmap Heap Scan on sbtest5  (cost=5.47..405.52 rows=101 width=125)
	  Recheck Cond: ((k >= 2264125) AND (k <= 2264225))
	  ->  Bitmap Index Scan on k_5  (cost=0.00..5.44 rows=101 width=0)
	        Index Cond: ((k >= 2264125) AND (k <= 2264225))

table 6 : explain SELECT k, c FROM sbtest6 WHERE k BETWEEN 2264125 AND 2264225
	Bitmap Heap Scan on sbtest6  (cost=5.45..397.68 rows=99 width=125)
	  Recheck Cond: ((k >= 2264125) AND (k <= 2264225))
	  ->  Bitmap Index Scan on k_6  (cost=0.00..5.42 rows=99 width=0)
	        Index Cond: ((k >= 2264125) AND (k <= 2264225))

table 7 : explain SELECT k, c FROM sbtest7 WHERE k BETWEEN 2264125 AND 2264225
	Bitmap Heap Scan on sbtest7  (cost=5.49..413.61 rows=103 width=125)
	  Recheck Cond: ((k >= 2264125) AND (k <= 2264225))
	  ->  Bitmap Index Scan on k_7  (cost=0.00..5.46 rows=103 width=0)
	        Index Cond: ((k >= 2264125) AND (k <= 2264225))

table 8 : explain SELECT k, c FROM sbtest8 WHERE k BETWEEN 2264125 AND 2264225
	Bitmap Heap Scan on sbtest8  (cost=5.46..401.56 rows=100 width=125)
	  Recheck Cond: ((k >= 2264125) AND (k <= 2264225))
	  ->  Bitmap Index Scan on k_8  (cost=0.00..5.43 rows=100 width=0)
	        Index Cond: ((k >= 2264125) AND (k <= 2264225))

for range-notcovered
table 1 : explain SELECT k, c FROM sbtest1 WHERE k BETWEEN 6518508 AND 6518608
	Bitmap Heap Scan on sbtest1  (cost=5.44..393.71 rows=98 width=125)
	  Recheck Cond: ((k >= 6518508) AND (k <= 6518608))
	  ->  Bitmap Index Scan on k_1  (cost=0.00..5.42 rows=98 width=0)
	        Index Cond: ((k >= 6518508) AND (k <= 6518608))

table 2 : explain SELECT k, c FROM sbtest2 WHERE k BETWEEN 6518508 AND 6518608
	Bitmap Heap Scan on sbtest2  (cost=5.62..464.62 rows=116 width=125)
	  Recheck Cond: ((k >= 6518508) AND (k <= 6518608))
	  ->  Bitmap Index Scan on k_2  (cost=0.00..5.59 rows=116 width=0)
	        Index Cond: ((k >= 6518508) AND (k <= 6518608))

table 3 : explain SELECT k, c FROM sbtest3 WHERE k BETWEEN 6518508 AND 6518608
	Bitmap Heap Scan on sbtest3  (cost=5.51..421.49 rows=105 width=125)
	  Recheck Cond: ((k >= 6518508) AND (k <= 6518608))
	  ->  Bitmap Index Scan on k_3  (cost=0.00..5.48 rows=105 width=0)
	        Index Cond: ((k >= 6518508) AND (k <= 6518608))

table 4 : explain SELECT k, c FROM sbtest4 WHERE k BETWEEN 6518508 AND 6518608
	Bitmap Heap Scan on sbtest4  (cost=5.49..413.56 rows=103 width=125)
	  Recheck Cond: ((k >= 6518508) AND (k <= 6518608))
	  ->  Bitmap Index Scan on k_4  (cost=0.00..5.46 rows=103 width=0)
	        Index Cond: ((k >= 6518508) AND (k <= 6518608))

table 5 : explain SELECT k, c FROM sbtest5 WHERE k BETWEEN 6518508 AND 6518608
	Bitmap Heap Scan on sbtest5  (cost=5.64..472.52 rows=118 width=125)
	  Recheck Cond: ((k >= 6518508) AND (k <= 6518608))
	  ->  Bitmap Index Scan on k_5  (cost=0.00..5.61 rows=118 width=0)
	        Index Cond: ((k >= 6518508) AND (k <= 6518608))

table 6 : explain SELECT k, c FROM sbtest6 WHERE k BETWEEN 6518508 AND 6518608
	Bitmap Heap Scan on sbtest6  (cost=5.52..425.29 rows=106 width=125)
	  Recheck Cond: ((k >= 6518508) AND (k <= 6518608))
	  ->  Bitmap Index Scan on k_6  (cost=0.00..5.50 rows=106 width=0)
	        Index Cond: ((k >= 6518508) AND (k <= 6518608))

table 7 : explain SELECT k, c FROM sbtest7 WHERE k BETWEEN 6518508 AND 6518608
	Bitmap Heap Scan on sbtest7  (cost=5.50..417.56 rows=104 width=125)
	  Recheck Cond: ((k >= 6518508) AND (k <= 6518608))
	  ->  Bitmap Index Scan on k_7  (cost=0.00..5.47 rows=104 width=0)
	        Index Cond: ((k >= 6518508) AND (k <= 6518608))

table 8 : explain SELECT k, c FROM sbtest8 WHERE k BETWEEN 6518508 AND 6518608
	Bitmap Heap Scan on sbtest8  (cost=5.49..413.39 rows=103 width=125)
	  Recheck Cond: ((k >= 6518508) AND (k <= 6518608))
	  ->  Bitmap Index Scan on k_8  (cost=0.00..5.46 rows=103 width=0)
	        Index Cond: ((k >= 6518508) AND (k <= 6518608))

for range-notcovered
table 1 : explain SELECT k, c FROM sbtest1 WHERE k BETWEEN 4122321 AND 4122421
	Bitmap Heap Scan on sbtest1  (cost=5.43..389.77 rows=97 width=125)
	  Recheck Cond: ((k >= 4122321) AND (k <= 4122421))
	  ->  Bitmap Index Scan on k_1  (cost=0.00..5.40 rows=97 width=0)
	        Index Cond: ((k >= 4122321) AND (k <= 4122421))

table 2 : explain SELECT k, c FROM sbtest2 WHERE k BETWEEN 4122321 AND 4122421
	Bitmap Heap Scan on sbtest2  (cost=5.52..425.22 rows=106 width=125)
	  Recheck Cond: ((k >= 4122321) AND (k <= 4122421))
	  ->  Bitmap Index Scan on k_2  (cost=0.00..5.50 rows=106 width=0)
	        Index Cond: ((k >= 4122321) AND (k <= 4122421))

table 3 : explain SELECT k, c FROM sbtest3 WHERE k BETWEEN 4122321 AND 4122421
	Bitmap Heap Scan on sbtest3  (cost=5.48..409.65 rows=102 width=125)
	  Recheck Cond: ((k >= 4122321) AND (k <= 4122421))
	  ->  Bitmap Index Scan on k_3  (cost=0.00..5.45 rows=102 width=0)
	        Index Cond: ((k >= 4122321) AND (k <= 4122421))

table 4 : explain SELECT k, c FROM sbtest4 WHERE k BETWEEN 4122321 AND 4122421
	Bitmap Heap Scan on sbtest4  (cost=5.55..437.23 rows=109 width=125)
	  Recheck Cond: ((k >= 4122321) AND (k <= 4122421))
	  ->  Bitmap Index Scan on k_4  (cost=0.00..5.52 rows=109 width=0)
	        Index Cond: ((k >= 4122321) AND (k <= 4122421))

table 5 : explain SELECT k, c FROM sbtest5 WHERE k BETWEEN 4122321 AND 4122421
	Bitmap Heap Scan on sbtest5  (cost=5.39..373.96 rows=93 width=125)
	  Recheck Cond: ((k >= 4122321) AND (k <= 4122421))
	  ->  Bitmap Index Scan on k_5  (cost=0.00..5.36 rows=93 width=0)
	        Index Cond: ((k >= 4122321) AND (k <= 4122421))

table 6 : explain SELECT k, c FROM sbtest6 WHERE k BETWEEN 4122321 AND 4122421
	Bitmap Heap Scan on sbtest6  (cost=5.51..421.35 rows=105 width=125)
	  Recheck Cond: ((k >= 4122321) AND (k <= 4122421))
	  ->  Bitmap Index Scan on k_6  (cost=0.00..5.48 rows=105 width=0)
	        Index Cond: ((k >= 4122321) AND (k <= 4122421))

table 7 : explain SELECT k, c FROM sbtest7 WHERE k BETWEEN 4122321 AND 4122421
	Bitmap Heap Scan on sbtest7  (cost=5.54..433.34 rows=108 width=125)
	  Recheck Cond: ((k >= 4122321) AND (k <= 4122421))
	  ->  Bitmap Index Scan on k_7  (cost=0.00..5.51 rows=108 width=0)
	        Index Cond: ((k >= 4122321) AND (k <= 4122421))

table 8 : explain SELECT k, c FROM sbtest8 WHERE k BETWEEN 4122321 AND 4122421
	Bitmap Heap Scan on sbtest8  (cost=5.54..433.10 rows=108 width=125)
	  Recheck Cond: ((k >= 4122321) AND (k <= 4122421))
	  ->  Bitmap Index Scan on k_8  (cost=0.00..5.51 rows=108 width=0)
	        Index Cond: ((k >= 4122321) AND (k <= 4122421))

explain: for range-notcovered :: explain SELECT k, c FROM sbtest%d WHERE k BETWEEN 2264125 AND 2264225
for range-notcovered
table 1 : explain SELECT k, c FROM sbtest1 WHERE k BETWEEN 4879440 AND 4879540
	Bitmap Heap Scan on sbtest1  (cost=5.48..409.49 rows=102 width=125)
	  Recheck Cond: ((k >= 4879440) AND (k <= 4879540))
	  ->  Bitmap Index Scan on k_1  (cost=0.00..5.45 rows=102 width=0)
	        Index Cond: ((k >= 4879440) AND (k <= 4879540))

table 2 : explain SELECT k, c FROM sbtest2 WHERE k BETWEEN 4879440 AND 4879540
	Bitmap Heap Scan on sbtest2  (cost=5.46..401.56 rows=100 width=125)
	  Recheck Cond: ((k >= 4879440) AND (k <= 4879540))
	  ->  Bitmap Index Scan on k_2  (cost=0.00..5.43 rows=100 width=0)
	        Index Cond: ((k >= 4879440) AND (k <= 4879540))

table 3 : explain SELECT k, c FROM sbtest3 WHERE k BETWEEN 4879440 AND 4879540
	Bitmap Heap Scan on sbtest3  (cost=5.51..421.49 rows=105 width=125)
	  Recheck Cond: ((k >= 4879440) AND (k <= 4879540))
	  ->  Bitmap Index Scan on k_3  (cost=0.00..5.48 rows=105 width=0)
	        Index Cond: ((k >= 4879440) AND (k <= 4879540))

table 4 : explain SELECT k, c FROM sbtest4 WHERE k BETWEEN 4879440 AND 4879540
	Bitmap Heap Scan on sbtest4  (cost=5.51..421.45 rows=105 width=125)
	  Recheck Cond: ((k >= 4879440) AND (k <= 4879540))
	  ->  Bitmap Index Scan on k_4  (cost=0.00..5.48 rows=105 width=0)
	        Index Cond: ((k >= 4879440) AND (k <= 4879540))

table 5 : explain SELECT k, c FROM sbtest5 WHERE k BETWEEN 4879440 AND 4879540
	Bitmap Heap Scan on sbtest5  (cost=5.56..441.00 rows=110 width=125)
	  Recheck Cond: ((k >= 4879440) AND (k <= 4879540))
	  ->  Bitmap Index Scan on k_5  (cost=0.00..5.53 rows=110 width=0)
	        Index Cond: ((k >= 4879440) AND (k <= 4879540))

table 6 : explain SELECT k, c FROM sbtest6 WHERE k BETWEEN 4879440 AND 4879540
	Bitmap Heap Scan on sbtest6  (cost=5.43..389.79 rows=97 width=125)
	  Recheck Cond: ((k >= 4879440) AND (k <= 4879540))
	  ->  Bitmap Index Scan on k_6  (cost=0.00..5.40 rows=97 width=0)
	        Index Cond: ((k >= 4879440) AND (k <= 4879540))

table 7 : explain SELECT k, c FROM sbtest7 WHERE k BETWEEN 4879440 AND 4879540
	Bitmap Heap Scan on sbtest7  (cost=5.47..405.72 rows=101 width=125)
	  Recheck Cond: ((k >= 4879440) AND (k <= 4879540))
	  ->  Bitmap Index Scan on k_7  (cost=0.00..5.44 rows=101 width=0)
	        Index Cond: ((k >= 4879440) AND (k <= 4879540))

table 8 : explain SELECT k, c FROM sbtest8 WHERE k BETWEEN 4879440 AND 4879540
	Bitmap Heap Scan on sbtest8  (cost=5.46..401.56 rows=100 width=125)
	  Recheck Cond: ((k >= 4879440) AND (k <= 4879540))
	  ->  Bitmap Index Scan on k_8  (cost=0.00..5.43 rows=100 width=0)
	        Index Cond: ((k >= 4879440) AND (k <= 4879540))

explain: for range-notcovered :: explain SELECT k, c FROM sbtest%d WHERE k BETWEEN 6518508 AND 6518608
for range-notcovered
table 1 : explain SELECT k, c FROM sbtest1 WHERE k BETWEEN 6900185 AND 6900285
	Bitmap Heap Scan on sbtest1  (cost=5.52..425.26 rows=106 width=125)
	  Recheck Cond: ((k >= 6900185) AND (k <= 6900285))
	  ->  Bitmap Index Scan on k_1  (cost=0.00..5.50 rows=106 width=0)
	        Index Cond: ((k >= 6900185) AND (k <= 6900285))

table 2 : explain SELECT k, c FROM sbtest2 WHERE k BETWEEN 6900185 AND 6900285
	Bitmap Heap Scan on sbtest2  (cost=5.45..397.62 rows=99 width=125)
	  Recheck Cond: ((k >= 6900185) AND (k <= 6900285))
	  ->  Bitmap Index Scan on k_2  (cost=0.00..5.42 rows=99 width=0)
	        Index Cond: ((k >= 6900185) AND (k <= 6900285))

table 3 : explain SELECT k, c FROM sbtest3 WHERE k BETWEEN 6900185 AND 6900285
	Bitmap Heap Scan on sbtest3  (cost=5.56..441.21 rows=110 width=125)
	  Recheck Cond: ((k >= 6900185) AND (k <= 6900285))
	  ->  Bitmap Index Scan on k_3  (cost=0.00..5.53 rows=110 width=0)
	        Index Cond: ((k >= 6900185) AND (k <= 6900285))

table 4 : explain SELECT k, c FROM sbtest4 WHERE k BETWEEN 6900185 AND 6900285
	Bitmap Heap Scan on sbtest4  (cost=5.49..413.56 rows=103 width=125)
	  Recheck Cond: ((k >= 6900185) AND (k <= 6900285))
	  ->  Bitmap Index Scan on k_4  (cost=0.00..5.46 rows=103 width=0)
	        Index Cond: ((k >= 6900185) AND (k <= 6900285))

table 5 : explain SELECT k, c FROM sbtest5 WHERE k BETWEEN 6900185 AND 6900285
	Bitmap Heap Scan on sbtest5  (cost=5.55..437.06 rows=109 width=125)
	  Recheck Cond: ((k >= 6900185) AND (k <= 6900285))
	  ->  Bitmap Index Scan on k_5  (cost=0.00..5.52 rows=109 width=0)
	        Index Cond: ((k >= 6900185) AND (k <= 6900285))

table 6 : explain SELECT k, c FROM sbtest6 WHERE k BETWEEN 6900185 AND 6900285
	Bitmap Heap Scan on sbtest6  (cost=5.44..393.74 rows=98 width=125)
	  Recheck Cond: ((k >= 6900185) AND (k <= 6900285))
	  ->  Bitmap Index Scan on k_6  (cost=0.00..5.42 rows=98 width=0)
	        Index Cond: ((k >= 6900185) AND (k <= 6900285))

table 7 : explain SELECT k, c FROM sbtest7 WHERE k BETWEEN 6900185 AND 6900285
	Bitmap Heap Scan on sbtest7  (cost=5.35..358.33 rows=89 width=125)
	  Recheck Cond: ((k >= 6900185) AND (k <= 6900285))
	  ->  Bitmap Index Scan on k_7  (cost=0.00..5.32 rows=89 width=0)
	        Index Cond: ((k >= 6900185) AND (k <= 6900285))

table 8 : explain SELECT k, c FROM sbtest8 WHERE k BETWEEN 6900185 AND 6900285
	Bitmap Heap Scan on sbtest8  (cost=5.45..397.61 rows=99 width=125)
	  Recheck Cond: ((k >= 6900185) AND (k <= 6900285))
	  ->  Bitmap Index Scan on k_8  (cost=0.00..5.42 rows=99 width=0)
	        Index Cond: ((k >= 6900185) AND (k <= 6900285))

for range-notcovered
table 1 : explain SELECT k, c FROM sbtest1 WHERE k BETWEEN 7568207 AND 7568307
	Bitmap Heap Scan on sbtest1  (cost=5.47..405.55 rows=101 width=125)
	  Recheck Cond: ((k >= 7568207) AND (k <= 7568307))
	  ->  Bitmap Index Scan on k_1  (cost=0.00..5.44 rows=101 width=0)
	        Index Cond: ((k >= 7568207) AND (k <= 7568307))

table 2 : explain SELECT k, c FROM sbtest2 WHERE k BETWEEN 7568207 AND 7568307
	Bitmap Heap Scan on sbtest2  (cost=5.47..405.51 rows=101 width=125)
	  Recheck Cond: ((k >= 7568207) AND (k <= 7568307))
	  ->  Bitmap Index Scan on k_2  (cost=0.00..5.44 rows=101 width=0)
	        Index Cond: ((k >= 7568207) AND (k <= 7568307))

table 3 : explain SELECT k, c FROM sbtest3 WHERE k BETWEEN 7568207 AND 7568307
	Bitmap Heap Scan on sbtest3  (cost=5.54..433.32 rows=108 width=125)
	  Recheck Cond: ((k >= 7568207) AND (k <= 7568307))
	  ->  Bitmap Index Scan on k_3  (cost=0.00..5.51 rows=108 width=0)
	        Index Cond: ((k >= 7568207) AND (k <= 7568307))

table 4 : explain SELECT k, c FROM sbtest4 WHERE k BETWEEN 7568207 AND 7568307
	Bitmap Heap Scan on sbtest4  (cost=5.44..393.83 rows=98 width=125)
	  Recheck Cond: ((k >= 7568207) AND (k <= 7568307))
	  ->  Bitmap Index Scan on k_4  (cost=0.00..5.42 rows=98 width=0)
	        Index Cond: ((k >= 7568207) AND (k <= 7568307))

table 5 : explain SELECT k, c FROM sbtest5 WHERE k BETWEEN 7568207 AND 7568307
	Bitmap Heap Scan on sbtest5  (cost=5.55..437.06 rows=109 width=125)
	  Recheck Cond: ((k >= 7568207) AND (k <= 7568307))
	  ->  Bitmap Index Scan on k_5  (cost=0.00..5.52 rows=109 width=0)
	        Index Cond: ((k >= 7568207) AND (k <= 7568307))

table 6 : explain SELECT k, c FROM sbtest6 WHERE k BETWEEN 7568207 AND 7568307
	Bitmap Heap Scan on sbtest6  (cost=5.55..437.12 rows=109 width=125)
	  Recheck Cond: ((k >= 7568207) AND (k <= 7568307))
	  ->  Bitmap Index Scan on k_6  (cost=0.00..5.52 rows=109 width=0)
	        Index Cond: ((k >= 7568207) AND (k <= 7568307))

table 7 : explain SELECT k, c FROM sbtest7 WHERE k BETWEEN 7568207 AND 7568307
	Bitmap Heap Scan on sbtest7  (cost=5.41..382.03 rows=95 width=125)
	  Recheck Cond: ((k >= 7568207) AND (k <= 7568307))
	  ->  Bitmap Index Scan on k_7  (cost=0.00..5.38 rows=95 width=0)
	        Index Cond: ((k >= 7568207) AND (k <= 7568307))

table 8 : explain SELECT k, c FROM sbtest8 WHERE k BETWEEN 7568207 AND 7568307
	Bitmap Heap Scan on sbtest8  (cost=5.49..413.39 rows=103 width=125)
	  Recheck Cond: ((k >= 7568207) AND (k <= 7568307))
	  ->  Bitmap Index Scan on k_8  (cost=0.00..5.46 rows=103 width=0)
	        Index Cond: ((k >= 7568207) AND (k <= 7568307))

explain: for range-notcovered :: explain SELECT k, c FROM sbtest%d WHERE k BETWEEN 4879440 AND 4879540
for range-notcovered
table 1 : explain SELECT k, c FROM sbtest1 WHERE k BETWEEN 5645914 AND 5646014
	Bitmap Heap Scan on sbtest1  (cost=5.46..401.60 rows=100 width=125)
	  Recheck Cond: ((k >= 5645914) AND (k <= 5646014))
	  ->  Bitmap Index Scan on k_1  (cost=0.00..5.43 rows=100 width=0)
	        Index Cond: ((k >= 5645914) AND (k <= 5646014))

table 2 : explain SELECT k, c FROM sbtest2 WHERE k BETWEEN 5645914 AND 5646014
	Bitmap Heap Scan on sbtest2  (cost=5.46..401.56 rows=100 width=125)
	  Recheck Cond: ((k >= 5645914) AND (k <= 5646014))
	  ->  Bitmap Index Scan on k_2  (cost=0.00..5.43 rows=100 width=0)
	        Index Cond: ((k >= 5645914) AND (k <= 5646014))

table 3 : explain SELECT k, c FROM sbtest3 WHERE k BETWEEN 5645914 AND 5646014
	Bitmap Heap Scan on sbtest3  (cost=5.49..413.60 rows=103 width=125)
	  Recheck Cond: ((k >= 5645914) AND (k <= 5646014))
	  ->  Bitmap Index Scan on k_3  (cost=0.00..5.46 rows=103 width=0)
	        Index Cond: ((k >= 5645914) AND (k <= 5646014))

table 4 : explain SELECT k, c FROM sbtest4 WHERE k BETWEEN 5645914 AND 5646014
	Bitmap Heap Scan on sbtest4  (cost=5.42..385.93 rows=96 width=125)
	  Recheck Cond: ((k >= 5645914) AND (k <= 5646014))
	  ->  Bitmap Index Scan on k_4  (cost=0.00..5.39 rows=96 width=0)
	        Index Cond: ((k >= 5645914) AND (k <= 5646014))

table 5 : explain SELECT k, c FROM sbtest5 WHERE k BETWEEN 5645914 AND 5646014
	Bitmap Heap Scan on sbtest5  (cost=5.43..389.74 rows=97 width=125)
	  Recheck Cond: ((k >= 5645914) AND (k <= 5646014))
	  ->  Bitmap Index Scan on k_5  (cost=0.00..5.40 rows=97 width=0)
	        Index Cond: ((k >= 5645914) AND (k <= 5646014))

table 6 : explain SELECT k, c FROM sbtest6 WHERE k BETWEEN 5645914 AND 5646014
	Bitmap Heap Scan on sbtest6  (cost=5.53..429.24 rows=107 width=125)
	  Recheck Cond: ((k >= 5645914) AND (k <= 5646014))
	  ->  Bitmap Index Scan on k_6  (cost=0.00..5.50 rows=107 width=0)
	        Index Cond: ((k >= 5645914) AND (k <= 5646014))

table 7 : explain SELECT k, c FROM sbtest7 WHERE k BETWEEN 5645914 AND 5646014
	Bitmap Heap Scan on sbtest7  (cost=5.51..421.50 rows=105 width=125)
	  Recheck Cond: ((k >= 5645914) AND (k <= 5646014))
	  ->  Bitmap Index Scan on k_7  (cost=0.00..5.48 rows=105 width=0)
	        Index Cond: ((k >= 5645914) AND (k <= 5646014))

table 8 : explain SELECT k, c FROM sbtest8 WHERE k BETWEEN 5645914 AND 5646014
	Bitmap Heap Scan on sbtest8  (cost=5.48..409.45 rows=102 width=125)
	  Recheck Cond: ((k >= 5645914) AND (k <= 5646014))
	  ->  Bitmap Index Scan on k_8  (cost=0.00..5.45 rows=102 width=0)
	        Index Cond: ((k >= 5645914) AND (k <= 5646014))

for range-notcovered
table 1 : explain SELECT k, c FROM sbtest1 WHERE k BETWEEN 2987361 AND 2987461
	Bitmap Heap Scan on sbtest1  (cost=5.55..437.09 rows=109 width=125)
	  Recheck Cond: ((k >= 2987361) AND (k <= 2987461))
	  ->  Bitmap Index Scan on k_1  (cost=0.00..5.52 rows=109 width=0)
	        Index Cond: ((k >= 2987361) AND (k <= 2987461))

table 2 : explain SELECT k, c FROM sbtest2 WHERE k BETWEEN 2987361 AND 2987461
	Bitmap Heap Scan on sbtest2  (cost=5.44..393.67 rows=98 width=125)
	  Recheck Cond: ((k >= 2987361) AND (k <= 2987461))
	  ->  Bitmap Index Scan on k_2  (cost=0.00..5.42 rows=98 width=0)
	        Index Cond: ((k >= 2987361) AND (k <= 2987461))

table 3 : explain SELECT k, c FROM sbtest3 WHERE k BETWEEN 2987361 AND 2987461
	Bitmap Heap Scan on sbtest3  (cost=5.42..385.97 rows=96 width=125)
	  Recheck Cond: ((k >= 2987361) AND (k <= 2987461))
	  ->  Bitmap Index Scan on k_3  (cost=0.00..5.39 rows=96 width=0)
	        Index Cond: ((k >= 2987361) AND (k <= 2987461))

table 4 : explain SELECT k, c FROM sbtest4 WHERE k BETWEEN 2987361 AND 2987461
	Bitmap Heap Scan on sbtest4  (cost=5.54..433.28 rows=108 width=125)
	  Recheck Cond: ((k >= 2987361) AND (k <= 2987461))
	  ->  Bitmap Index Scan on k_4  (cost=0.00..5.51 rows=108 width=0)
	        Index Cond: ((k >= 2987361) AND (k <= 2987461))

table 5 : explain SELECT k, c FROM sbtest5 WHERE k BETWEEN 2987361 AND 2987461
	Bitmap Heap Scan on sbtest5  (cost=5.50..417.35 rows=104 width=125)
	  Recheck Cond: ((k >= 2987361) AND (k <= 2987461))
	  ->  Bitmap Index Scan on k_5  (cost=0.00..5.47 rows=104 width=0)
	        Index Cond: ((k >= 2987361) AND (k <= 2987461))

table 6 : explain SELECT k, c FROM sbtest6 WHERE k BETWEEN 2987361 AND 2987461
	Bitmap Heap Scan on sbtest6  (cost=5.40..377.95 rows=94 width=125)
	  Recheck Cond: ((k >= 2987361) AND (k <= 2987461))
	  ->  Bitmap Index Scan on k_6  (cost=0.00..5.38 rows=94 width=0)
	        Index Cond: ((k >= 2987361) AND (k <= 2987461))

table 7 : explain SELECT k, c FROM sbtest7 WHERE k BETWEEN 2987361 AND 2987461
	Bitmap Heap Scan on sbtest7  (cost=5.48..409.67 rows=102 width=125)
	  Recheck Cond: ((k >= 2987361) AND (k <= 2987461))
	  ->  Bitmap Index Scan on k_7  (cost=0.00..5.45 rows=102 width=0)
	        Index Cond: ((k >= 2987361) AND (k <= 2987461))

table 8 : explain SELECT k, c FROM sbtest8 WHERE k BETWEEN 2987361 AND 2987461
	Bitmap Heap Scan on sbtest8  (cost=5.52..425.22 rows=106 width=125)
	  Recheck Cond: ((k >= 2987361) AND (k <= 2987461))
	  ->  Bitmap Index Scan on k_8  (cost=0.00..5.50 rows=106 width=0)
	        Index Cond: ((k >= 2987361) AND (k <= 2987461))

explain: for range-notcovered :: explain SELECT k, c FROM sbtest%d WHERE k BETWEEN 6900185 AND 6900285
explain: for range-notcovered :: explain SELECT k, c FROM sbtest%d WHERE k BETWEEN 7568207 AND 7568307
for range-notcovered
table 1 : explain SELECT k, c FROM sbtest1 WHERE k BETWEEN 1785409 AND 1785509
	Bitmap Heap Scan on sbtest1  (cost=5.50..417.38 rows=104 width=125)
	  Recheck Cond: ((k >= 1785409) AND (k <= 1785509))
	  ->  Bitmap Index Scan on k_1  (cost=0.00..5.47 rows=104 width=0)
	        Index Cond: ((k >= 1785409) AND (k <= 1785509))

table 2 : explain SELECT k, c FROM sbtest2 WHERE k BETWEEN 1785409 AND 1785509
	Bitmap Heap Scan on sbtest2  (cost=5.41..381.84 rows=95 width=125)
	  Recheck Cond: ((k >= 1785409) AND (k <= 1785509))
	  ->  Bitmap Index Scan on k_2  (cost=0.00..5.38 rows=95 width=0)
	        Index Cond: ((k >= 1785409) AND (k <= 1785509))

table 3 : explain SELECT k, c FROM sbtest3 WHERE k BETWEEN 1785409 AND 1785509
	Bitmap Heap Scan on sbtest3  (cost=5.43..389.92 rows=97 width=125)
	  Recheck Cond: ((k >= 1785409) AND (k <= 1785509))
	  ->  Bitmap Index Scan on k_3  (cost=0.00..5.40 rows=97 width=0)
	        Index Cond: ((k >= 1785409) AND (k <= 1785509))

table 4 : explain SELECT k, c FROM sbtest4 WHERE k BETWEEN 1785409 AND 1785509
	Bitmap Heap Scan on sbtest4  (cost=5.41..381.98 rows=95 width=125)
	  Recheck Cond: ((k >= 1785409) AND (k <= 1785509))
	  ->  Bitmap Index Scan on k_4  (cost=0.00..5.38 rows=95 width=0)
	        Index Cond: ((k >= 1785409) AND (k <= 1785509))

table 5 : explain SELECT k, c FROM sbtest5 WHERE k BETWEEN 1785409 AND 1785509
	Bitmap Heap Scan on sbtest5  (cost=5.51..421.30 rows=105 width=125)
	  Recheck Cond: ((k >= 1785409) AND (k <= 1785509))
	  ->  Bitmap Index Scan on k_5  (cost=0.00..5.48 rows=105 width=0)
	        Index Cond: ((k >= 1785409) AND (k <= 1785509))

table 6 : explain SELECT k, c FROM sbtest6 WHERE k BETWEEN 1785409 AND 1785509
	Bitmap Heap Scan on sbtest6  (cost=5.50..417.41 rows=104 width=125)
	  Recheck Cond: ((k >= 1785409) AND (k <= 1785509))
	  ->  Bitmap Index Scan on k_6  (cost=0.00..5.47 rows=104 width=0)
	        Index Cond: ((k >= 1785409) AND (k <= 1785509))

table 7 : explain SELECT k, c FROM sbtest7 WHERE k BETWEEN 1785409 AND 1785509
	Bitmap Heap Scan on sbtest7  (cost=5.46..401.77 rows=100 width=125)
	  Recheck Cond: ((k >= 1785409) AND (k <= 1785509))
	  ->  Bitmap Index Scan on k_7  (cost=0.00..5.43 rows=100 width=0)
	        Index Cond: ((k >= 1785409) AND (k <= 1785509))

table 8 : explain SELECT k, c FROM sbtest8 WHERE k BETWEEN 1785409 AND 1785509
	Bitmap Heap Scan on sbtest8  (cost=5.44..393.67 rows=98 width=125)
	  Recheck Cond: ((k >= 1785409) AND (k <= 1785509))
	  ->  Bitmap Index Scan on k_8  (cost=0.00..5.42 rows=98 width=0)
	        Index Cond: ((k >= 1785409) AND (k <= 1785509))

explain: for range-notcovered :: explain SELECT k, c FROM sbtest%d WHERE k BETWEEN 2987361 AND 2987461
for range-notcovered
table 1 : explain SELECT k, c FROM sbtest1 WHERE k BETWEEN 5087132 AND 5087232
	Bitmap Heap Scan on sbtest1  (cost=5.42..385.82 rows=96 width=125)
	  Recheck Cond: ((k >= 5087132) AND (k <= 5087232))
	  ->  Bitmap Index Scan on k_1  (cost=0.00..5.39 rows=96 width=0)
	        Index Cond: ((k >= 5087132) AND (k <= 5087232))

table 2 : explain SELECT k, c FROM sbtest2 WHERE k BETWEEN 5087132 AND 5087232
	Bitmap Heap Scan on sbtest2  (cost=5.53..429.16 rows=107 width=125)
	  Recheck Cond: ((k >= 5087132) AND (k <= 5087232))
	  ->  Bitmap Index Scan on k_2  (cost=0.00..5.50 rows=107 width=0)
	        Index Cond: ((k >= 5087132) AND (k <= 5087232))

table 3 : explain SELECT k, c FROM sbtest3 WHERE k BETWEEN 5087132 AND 5087232
	Bitmap Heap Scan on sbtest3  (cost=5.43..389.92 rows=97 width=125)
	  Recheck Cond: ((k >= 5087132) AND (k <= 5087232))
	  ->  Bitmap Index Scan on k_3  (cost=0.00..5.40 rows=97 width=0)
	        Index Cond: ((k >= 5087132) AND (k <= 5087232))

table 4 : explain SELECT k, c FROM sbtest4 WHERE k BETWEEN 5087132 AND 5087232
	Bitmap Heap Scan on sbtest4  (cost=5.42..385.93 rows=96 width=125)
	  Recheck Cond: ((k >= 5087132) AND (k <= 5087232))
	  ->  Bitmap Index Scan on k_4  (cost=0.00..5.39 rows=96 width=0)
	        Index Cond: ((k >= 5087132) AND (k <= 5087232))

table 5 : explain SELECT k, c FROM sbtest5 WHERE k BETWEEN 5087132 AND 5087232
	Bitmap Heap Scan on sbtest5  (cost=5.49..413.41 rows=103 width=125)
	  Recheck Cond: ((k >= 5087132) AND (k <= 5087232))
	  ->  Bitmap Index Scan on k_5  (cost=0.00..5.46 rows=103 width=0)
	        Index Cond: ((k >= 5087132) AND (k <= 5087232))

table 6 : explain SELECT k, c FROM sbtest6 WHERE k BETWEEN 5087132 AND 5087232
	Bitmap Heap Scan on sbtest6  (cost=5.49..413.46 rows=103 width=125)
	  Recheck Cond: ((k >= 5087132) AND (k <= 5087232))
	  ->  Bitmap Index Scan on k_6  (cost=0.00..5.46 rows=103 width=0)
	        Index Cond: ((k >= 5087132) AND (k <= 5087232))

table 7 : explain SELECT k, c FROM sbtest7 WHERE k BETWEEN 5087132 AND 5087232
	Bitmap Heap Scan on sbtest7  (cost=5.55..437.28 rows=109 width=125)
	  Recheck Cond: ((k >= 5087132) AND (k <= 5087232))
	  ->  Bitmap Index Scan on k_7  (cost=0.00..5.52 rows=109 width=0)
	        Index Cond: ((k >= 5087132) AND (k <= 5087232))

table 8 : explain SELECT k, c FROM sbtest8 WHERE k BETWEEN 5087132 AND 5087232
	Bitmap Heap Scan on sbtest8  (cost=5.55..437.04 rows=109 width=125)
	  Recheck Cond: ((k >= 5087132) AND (k <= 5087232))
	  ->  Bitmap Index Scan on k_8  (cost=0.00..5.52 rows=109 width=0)
	        Index Cond: ((k >= 5087132) AND (k <= 5087232))

explain: for range-notcovered :: explain SELECT k, c FROM sbtest%d WHERE k BETWEEN 5645914 AND 5646014
explain: for range-notcovered :: explain SELECT k, c FROM sbtest%d WHERE k BETWEEN 1785409 AND 1785509
for range-notcovered
table 1 : explain SELECT k, c FROM sbtest1 WHERE k BETWEEN 1805649 AND 1805749
	Bitmap Heap Scan on sbtest1  (cost=5.50..417.38 rows=104 width=125)
	  Recheck Cond: ((k >= 1805649) AND (k <= 1805749))
	  ->  Bitmap Index Scan on k_1  (cost=0.00..5.47 rows=104 width=0)
	        Index Cond: ((k >= 1805649) AND (k <= 1805749))

table 2 : explain SELECT k, c FROM sbtest2 WHERE k BETWEEN 1805649 AND 1805749
	Bitmap Heap Scan on sbtest2  (cost=5.41..381.84 rows=95 width=125)
	  Recheck Cond: ((k >= 1805649) AND (k <= 1805749))
	  ->  Bitmap Index Scan on k_2  (cost=0.00..5.38 rows=95 width=0)
	        Index Cond: ((k >= 1805649) AND (k <= 1805749))

table 3 : explain SELECT k, c FROM sbtest3 WHERE k BETWEEN 1805649 AND 1805749
	Bitmap Heap Scan on sbtest3  (cost=5.45..397.81 rows=99 width=125)
	  Recheck Cond: ((k >= 1805649) AND (k <= 1805749))
	  ->  Bitmap Index Scan on k_3  (cost=0.00..5.42 rows=99 width=0)
	        Index Cond: ((k >= 1805649) AND (k <= 1805749))

table 4 : explain SELECT k, c FROM sbtest4 WHERE k BETWEEN 1805649 AND 1805749
	Bitmap Heap Scan on sbtest4  (cost=5.51..421.45 rows=105 width=125)
	  Recheck Cond: ((k >= 1805649) AND (k <= 1805749))
	  ->  Bitmap Index Scan on k_4  (cost=0.00..5.48 rows=105 width=0)
	        Index Cond: ((k >= 1805649) AND (k <= 1805749))

table 5 : explain SELECT k, c FROM sbtest5 WHERE k BETWEEN 1805649 AND 1805749
	Bitmap Heap Scan on sbtest5  (cost=5.51..421.30 rows=105 width=125)
	  Recheck Cond: ((k >= 1805649) AND (k <= 1805749))
	  ->  Bitmap Index Scan on k_5  (cost=0.00..5.48 rows=105 width=0)
	        Index Cond: ((k >= 1805649) AND (k <= 1805749))

table 6 : explain SELECT k, c FROM sbtest6 WHERE k BETWEEN 1805649 AND 1805749
	Bitmap Heap Scan on sbtest6  (cost=5.50..417.41 rows=104 width=125)
	  Recheck Cond: ((k >= 1805649) AND (k <= 1805749))
	  ->  Bitmap Index Scan on k_6  (cost=0.00..5.47 rows=104 width=0)
	        Index Cond: ((k >= 1805649) AND (k <= 1805749))

table 7 : explain SELECT k, c FROM sbtest7 WHERE k BETWEEN 1805649 AND 1805749
	Bitmap Heap Scan on sbtest7  (cost=5.46..401.77 rows=100 width=125)
	  Recheck Cond: ((k >= 1805649) AND (k <= 1805749))
	  ->  Bitmap Index Scan on k_7  (cost=0.00..5.43 rows=100 width=0)
	        Index Cond: ((k >= 1805649) AND (k <= 1805749))

table 8 : explain SELECT k, c FROM sbtest8 WHERE k BETWEEN 1805649 AND 1805749
	Bitmap Heap Scan on sbtest8  (cost=5.42..385.78 rows=96 width=125)
	  Recheck Cond: ((k >= 1805649) AND (k <= 1805749))
	  ->  Bitmap Index Scan on k_8  (cost=0.00..5.39 rows=96 width=0)
	        Index Cond: ((k >= 1805649) AND (k <= 1805749))

for range-notcovered
table 1 : explain SELECT k, c FROM sbtest1 WHERE k BETWEEN 4671107 AND 4671207
	Bitmap Heap Scan on sbtest1  (cost=5.45..397.66 rows=99 width=125)
	  Recheck Cond: ((k >= 4671107) AND (k <= 4671207))
	  ->  Bitmap Index Scan on k_1  (cost=0.00..5.42 rows=99 width=0)
	        Index Cond: ((k >= 4671107) AND (k <= 4671207))

table 2 : explain SELECT k, c FROM sbtest2 WHERE k BETWEEN 4671107 AND 4671207
	Bitmap Heap Scan on sbtest2  (cost=5.39..373.94 rows=93 width=125)
	  Recheck Cond: ((k >= 4671107) AND (k <= 4671207))
	  ->  Bitmap Index Scan on k_2  (cost=0.00..5.36 rows=93 width=0)
	        Index Cond: ((k >= 4671107) AND (k <= 4671207))

table 3 : explain SELECT k, c FROM sbtest3 WHERE k BETWEEN 4671107 AND 4671207
	Bitmap Heap Scan on sbtest3  (cost=5.43..389.92 rows=97 width=125)
	  Recheck Cond: ((k >= 4671107) AND (k <= 4671207))
	  ->  Bitmap Index Scan on k_3  (cost=0.00..5.40 rows=97 width=0)
	        Index Cond: ((k >= 4671107) AND (k <= 4671207))

table 4 : explain SELECT k, c FROM sbtest4 WHERE k BETWEEN 4671107 AND 4671207
	Bitmap Heap Scan on sbtest4  (cost=5.44..393.83 rows=98 width=125)
	  Recheck Cond: ((k >= 4671107) AND (k <= 4671207))
	  ->  Bitmap Index Scan on k_4  (cost=0.00..5.42 rows=98 width=0)
	        Index Cond: ((k >= 4671107) AND (k <= 4671207))

table 5 : explain SELECT k, c FROM sbtest5 WHERE k BETWEEN 4671107 AND 4671207
	Bitmap Heap Scan on sbtest5  (cost=5.45..397.63 rows=99 width=125)
	  Recheck Cond: ((k >= 4671107) AND (k <= 4671207))
	  ->  Bitmap Index Scan on k_5  (cost=0.00..5.42 rows=99 width=0)
	        Index Cond: ((k >= 4671107) AND (k <= 4671207))

table 6 : explain SELECT k, c FROM sbtest6 WHERE k BETWEEN 4671107 AND 4671207
	Bitmap Heap Scan on sbtest6  (cost=5.42..385.84 rows=96 width=125)
	  Recheck Cond: ((k >= 4671107) AND (k <= 4671207))
	  ->  Bitmap Index Scan on k_6  (cost=0.00..5.39 rows=96 width=0)
	        Index Cond: ((k >= 4671107) AND (k <= 4671207))

table 7 : explain SELECT k, c FROM sbtest7 WHERE k BETWEEN 4671107 AND 4671207
	Bitmap Heap Scan on sbtest7  (cost=5.46..401.77 rows=100 width=125)
	  Recheck Cond: ((k >= 4671107) AND (k <= 4671207))
	  ->  Bitmap Index Scan on k_7  (cost=0.00..5.43 rows=100 width=0)
	        Index Cond: ((k >= 4671107) AND (k <= 4671207))

table 8 : explain SELECT k, c FROM sbtest8 WHERE k BETWEEN 4671107 AND 4671207
	Bitmap Heap Scan on sbtest8  (cost=5.45..397.61 rows=99 width=125)
	  Recheck Cond: ((k >= 4671107) AND (k <= 4671207))
	  ->  Bitmap Index Scan on k_8  (cost=0.00..5.42 rows=99 width=0)
	        Index Cond: ((k >= 4671107) AND (k <= 4671207))

explain: for range-notcovered :: explain SELECT k, c FROM sbtest%d WHERE k BETWEEN 5087132 AND 5087232explain: for range-notcovered :: explain SELECT k, c FROM sbtest%d WHERE k BETWEEN 1805649 AND 1805749for range-notcovered
table 1 : explain SELECT k, c FROM sbtest1 WHERE k BETWEEN 7077320 AND 7077420
	Bitmap Heap Scan on sbtest1  (cost=5.48..409.49 rows=102 width=125)
	  Recheck Cond: ((k >= 7077320) AND (k <= 7077420))
	  ->  Bitmap Index Scan on k_1  (cost=0.00..5.45 rows=102 width=0)
	        Index Cond: ((k >= 7077320) AND (k <= 7077420))

table 2 : explain SELECT k, c FROM sbtest2 WHERE k BETWEEN 7077320 AND 7077420
	Bitmap Heap Scan on sbtest2  (cost=5.49..413.39 rows=103 width=125)
	  Recheck Cond: ((k >= 7077320) AND (k <= 7077420))
	  ->  Bitmap Index Scan on k_2  (cost=0.00..5.46 rows=103 width=0)
	        Index Cond: ((k >= 7077320) AND (k <= 7077420))

table 3 : explain SELECT k, c FROM sbtest3 WHERE k BETWEEN 7077320 AND 7077420
	Bitmap Heap Scan on sbtest3  (cost=5.44..393.86 rows=98 width=125)
	  Recheck Cond: ((k >= 7077320) AND (k <= 7077420))
	  ->  Bitmap Index Scan on k_3  (cost=0.00..5.42 rows=98 width=0)
	        Index Cond: ((k >= 7077320) AND (k <= 7077420))

table 4 : explain SELECT k, c FROM sbtest4 WHERE k BETWEEN 7077320 AND 7077420
	Bitmap Heap Scan on sbtest4  (cost=5.44..393.83 rows=98 width=125)
	  Recheck Cond: ((k >= 7077320) AND (k <= 7077420))
	  ->  Bitmap Index Scan on k_4  (cost=0.00..5.42 rows=98 width=0)
	        Index Cond: ((k >= 7077320) AND (k <= 7077420))

table 5 : explain SELECT k, c FROM sbtest5 WHERE k BETWEEN 7077320 AND 7077420
	Bitmap Heap Scan on sbtest5  (cost=5.49..413.41 rows=103 width=125)
	  Recheck Cond: ((k >= 7077320) AND (k <= 7077420))
	  ->  Bitmap Index Scan on k_5  (cost=0.00..5.46 rows=103 width=0)
	        Index Cond: ((k >= 7077320) AND (k <= 7077420))

table 6 : explain SELECT k, c FROM sbtest6 WHERE k BETWEEN 7077320 AND 7077420
	Bitmap Heap Scan on sbtest6  (cost=5.41..381.90 rows=95 width=125)
	  Recheck Cond: ((k >= 7077320) AND (k <= 7077420))
	  ->  Bitmap Index Scan on k_6  (cost=0.00..5.38 rows=95 width=0)
	        Index Cond: ((k >= 7077320) AND (k <= 7077420))

table 7 : explain SELECT k, c FROM sbtest7 WHERE k BETWEEN 7077320 AND 7077420
	Bitmap Heap Scan on sbtest7  (cost=5.58..449.11 rows=112 width=125)
	  Recheck Cond: ((k >= 7077320) AND (k <= 7077420))
	  ->  Bitmap Index Scan on k_7  (cost=0.00..5.55 rows=112 width=0)
	        Index Cond: ((k >= 7077320) AND (k <= 7077420))

table 8 : explain SELECT k, c FROM sbtest8 WHERE k BETWEEN 7077320 AND 7077420
	Bitmap Heap Scan on sbtest8  (cost=5.50..417.33 rows=104 width=125)
	  Recheck Cond: ((k >= 7077320) AND (k <= 7077420))
	  ->  Bitmap Index Scan on k_8  (cost=0.00..5.47 rows=104 width=0)
	        Index Cond: ((k >= 7077320) AND (k <= 7077420))

for range-notcovered
table 1 : explain SELECT k, c FROM sbtest1 WHERE k BETWEEN 4982726 AND 4982826
	Bitmap Heap Scan on sbtest1  (cost=5.55..437.09 rows=109 width=125)
	  Recheck Cond: ((k >= 4982726) AND (k <= 4982826))
	  ->  Bitmap Index Scan on k_1  (cost=0.00..5.52 rows=109 width=0)
	        Index Cond: ((k >= 4982726) AND (k <= 4982826))

table 2 : explain SELECT k, c FROM sbtest2 WHERE k BETWEEN 4982726 AND 4982826
	Bitmap Heap Scan on sbtest2  (cost=5.46..401.56 rows=100 width=125)
	  Recheck Cond: ((k >= 4982726) AND (k <= 4982826))
	  ->  Bitmap Index Scan on k_2  (cost=0.00..5.43 rows=100 width=0)
	        Index Cond: ((k >= 4982726) AND (k <= 4982826))

table 3 : explain SELECT k, c FROM sbtest3 WHERE k BETWEEN 4982726 AND 4982826
	Bitmap Heap Scan on sbtest3  (cost=5.38..370.17 rows=92 width=125)
	  Recheck Cond: ((k >= 4982726) AND (k <= 4982826))
	  ->  Bitmap Index Scan on k_3  (cost=0.00..5.35 rows=92 width=0)
	        Index Cond: ((k >= 4982726) AND (k <= 4982826))

table 4 : explain SELECT k, c FROM sbtest4 WHERE k BETWEEN 4982726 AND 4982826
	Bitmap Heap Scan on sbtest4  (cost=5.54..433.28 rows=108 width=125)
	  Recheck Cond: ((k >= 4982726) AND (k <= 4982826))
	  ->  Bitmap Index Scan on k_4  (cost=0.00..5.51 rows=108 width=0)
	        Index Cond: ((k >= 4982726) AND (k <= 4982826))

table 5 : explain SELECT k, c FROM sbtest5 WHERE k BETWEEN 4982726 AND 4982826
	Bitmap Heap Scan on sbtest5  (cost=5.45..397.63 rows=99 width=125)
	  Recheck Cond: ((k >= 4982726) AND (k <= 4982826))
	  ->  Bitmap Index Scan on k_5  (cost=0.00..5.42 rows=99 width=0)
	        Index Cond: ((k >= 4982726) AND (k <= 4982826))

table 6 : explain SELECT k, c FROM sbtest6 WHERE k BETWEEN 4982726 AND 4982826
	Bitmap Heap Scan on sbtest6  (cost=5.48..409.52 rows=102 width=125)
	  Recheck Cond: ((k >= 4982726) AND (k <= 4982826))
	  ->  Bitmap Index Scan on k_6  (cost=0.00..5.45 rows=102 width=0)
	        Index Cond: ((k >= 4982726) AND (k <= 4982826))

table 7 : explain SELECT k, c FROM sbtest7 WHERE k BETWEEN 4982726 AND 4982826
	Bitmap Heap Scan on sbtest7  (cost=5.49..413.61 rows=103 width=125)
	  Recheck Cond: ((k >= 4982726) AND (k <= 4982826))
	  ->  Bitmap Index Scan on k_7  (cost=0.00..5.46 rows=103 width=0)
	        Index Cond: ((k >= 4982726) AND (k <= 4982826))

table 8 : explain SELECT k, c FROM sbtest8 WHERE k BETWEEN 4982726 AND 4982826
	Bitmap Heap Scan on sbtest8  (cost=5.62..464.62 rows=116 width=125)
	  Recheck Cond: ((k >= 4982726) AND (k <= 4982826))
	  ->  Bitmap Index Scan on k_8  (cost=0.00..5.59 rows=116 width=0)
	        Index Cond: ((k >= 4982726) AND (k <= 4982826))

for range-notcovered
table 1 : explain SELECT k, c FROM sbtest1 WHERE k BETWEEN 3544069 AND 3544169
	Bitmap Heap Scan on sbtest1  (cost=5.53..429.21 rows=107 width=125)
	  Recheck Cond: ((k >= 3544069) AND (k <= 3544169))
	  ->  Bitmap Index Scan on k_1  (cost=0.00..5.50 rows=107 width=0)
	        Index Cond: ((k >= 3544069) AND (k <= 3544169))

table 2 : explain SELECT k, c FROM sbtest2 WHERE k BETWEEN 3544069 AND 3544169
	Bitmap Heap Scan on sbtest2  (cost=5.54..433.10 rows=108 width=125)
	  Recheck Cond: ((k >= 3544069) AND (k <= 3544169))
	  ->  Bitmap Index Scan on k_2  (cost=0.00..5.51 rows=108 width=0)
	        Index Cond: ((k >= 3544069) AND (k <= 3544169))

table 3 : explain SELECT k, c FROM sbtest3 WHERE k BETWEEN 3544069 AND 3544169
	Bitmap Heap Scan on sbtest3  (cost=5.46..401.76 rows=100 width=125)
	  Recheck Cond: ((k >= 3544069) AND (k <= 3544169))
	  ->  Bitmap Index Scan on k_3  (cost=0.00..5.43 rows=100 width=0)
	        Index Cond: ((k >= 3544069) AND (k <= 3544169))

table 4 : explain SELECT k, c FROM sbtest4 WHERE k BETWEEN 3544069 AND 3544169
	Bitmap Heap Scan on sbtest4  (cost=5.39..374.08 rows=93 width=125)
	  Recheck Cond: ((k >= 3544069) AND (k <= 3544169))
	  ->  Bitmap Index Scan on k_4  (cost=0.00..5.36 rows=93 width=0)
	        Index Cond: ((k >= 3544069) AND (k <= 3544169))

table 5 : explain SELECT k, c FROM sbtest5 WHERE k BETWEEN 3544069 AND 3544169
	Bitmap Heap Scan on sbtest5  (cost=5.47..405.52 rows=101 width=125)
	  Recheck Cond: ((k >= 3544069) AND (k <= 3544169))
	  ->  Bitmap Index Scan on k_5  (cost=0.00..5.44 rows=101 width=0)
	        Index Cond: ((k >= 3544069) AND (k <= 3544169))

table 6 : explain SELECT k, c FROM sbtest6 WHERE k BETWEEN 3544069 AND 3544169
	Bitmap Heap Scan on sbtest6  (cost=5.48..409.52 rows=102 width=125)
	  Recheck Cond: ((k >= 3544069) AND (k <= 3544169))
	  ->  Bitmap Index Scan on k_6  (cost=0.00..5.45 rows=102 width=0)
	        Index Cond: ((k >= 3544069) AND (k <= 3544169))

table 7 : explain SELECT k, c FROM sbtest7 WHERE k BETWEEN 3544069 AND 3544169
	Bitmap Heap Scan on sbtest7  (cost=5.60..457.00 rows=114 width=125)
	  Recheck Cond: ((k >= 3544069) AND (k <= 3544169))
	  ->  Bitmap Index Scan on k_7  (cost=0.00..5.58 rows=114 width=0)
	        Index Cond: ((k >= 3544069) AND (k <= 3544169))

table 8 : explain SELECT k, c FROM sbtest8 WHERE k BETWEEN 3544069 AND 3544169
	Bitmap Heap Scan on sbtest8  (cost=5.42..385.78 rows=96 width=125)
	  Recheck Cond: ((k >= 3544069) AND (k <= 3544169))
	  ->  Bitmap Index Scan on k_8  (cost=0.00..5.39 rows=96 width=0)
	        Index Cond: ((k >= 3544069) AND (k <= 3544169))
explain: for range-notcovered :: explain SELECT k, c FROM sbtest%d WHERE k BETWEEN 4671107 AND 4671207for range-notcovered
table 1 : explain SELECT k, c FROM sbtest1 WHERE k BETWEEN 3792277 AND 3792377
	Bitmap Heap Scan on sbtest1  (cost=5.44..393.71 rows=98 width=125)
	  Recheck Cond: ((k >= 3792277) AND (k <= 3792377))
	  ->  Bitmap Index Scan on k_1  (cost=0.00..5.42 rows=98 width=0)
	        Index Cond: ((k >= 3792277) AND (k <= 3792377))

table 2 : explain SELECT k, c FROM sbtest2 WHERE k BETWEEN 3792277 AND 3792377
	Bitmap Heap Scan on sbtest2  (cost=5.45..397.62 rows=99 width=125)
	  Recheck Cond: ((k >= 3792277) AND (k <= 3792377))
	  ->  Bitmap Index Scan on k_2  (cost=0.00..5.42 rows=99 width=0)
	        Index Cond: ((k >= 3792277) AND (k <= 3792377))

table 3 : explain SELECT k, c FROM sbtest3 WHERE k BETWEEN 3792277 AND 3792377
	Bitmap Heap Scan on sbtest3  (cost=5.45..397.81 rows=99 width=125)
	  Recheck Cond: ((k >= 3792277) AND (k <= 3792377))
	  ->  Bitmap Index Scan on k_3  (cost=0.00..5.42 rows=99 width=0)
	        Index Cond: ((k >= 3792277) AND (k <= 3792377))

table 4 : explain SELECT k, c FROM sbtest4 WHERE k BETWEEN 3792277 AND 3792377
	Bitmap Heap Scan on sbtest4  (cost=5.55..437.23 rows=109 width=125)
	  Recheck Cond: ((k >= 3792277) AND (k <= 3792377))
	  ->  Bitmap Index Scan on k_4  (cost=0.00..5.52 rows=109 width=0)
	        Index Cond: ((k >= 3792277) AND (k <= 3792377))

table 5 : explain SELECT k, c FROM sbtest5 WHERE k BETWEEN 3792277 AND 3792377
	Bitmap Heap Scan on sbtest5  (cost=5.43..389.74 rows=97 width=125)
	  Recheck Cond: ((k >= 3792277) AND (k <= 3792377))
	  ->  Bitmap Index Scan on k_5  (cost=0.00..5.40 rows=97 width=0)
	        Index Cond: ((k >= 3792277) AND (k <= 3792377))

table 6 : explain SELECT k, c FROM sbtest6 WHERE k BETWEEN 3792277 AND 3792377
	Bitmap Heap Scan on sbtest6  (cost=5.56..441.06 rows=110 width=125)
	  Recheck Cond: ((k >= 3792277) AND (k <= 3792377))
	  ->  Bitmap Index Scan on k_6  (cost=0.00..5.53 rows=110 width=0)
	        Index Cond: ((k >= 3792277) AND (k <= 3792377))

table 7 : explain SELECT k, c FROM sbtest7 WHERE k BETWEEN 3792277 AND 3792377
	Bitmap Heap Scan on sbtest7  (cost=5.40..378.08 rows=94 width=125)
	  Recheck Cond: ((k >= 3792277) AND (k <= 3792377))
	  ->  Bitmap Index Scan on k_7  (cost=0.00..5.38 rows=94 width=0)
	        Index Cond: ((k >= 3792277) AND (k <= 3792377))

table 8 : explain SELECT k, c FROM sbtest8 WHERE k BETWEEN 3792277 AND 3792377
	Bitmap Heap Scan on sbtest8  (cost=5.41..381.83 rows=95 width=125)
	  Recheck Cond: ((k >= 3792277) AND (k <= 3792377))
	  ->  Bitmap Index Scan on k_8  (cost=0.00..5.38 rows=95 width=0)
	        Index Cond: ((k >= 3792277) AND (k <= 3792377))
explain: for range-notcovered :: explain SELECT k, c FROM sbtest%d WHERE k BETWEEN 7077320 AND 7077420
for range-notcovered
table 1 : explain SELECT k, c FROM sbtest1 WHERE k BETWEEN 3618693 AND 3618793
	Bitmap Heap Scan on sbtest1  (cost=5.45..397.66 rows=99 width=125)
	  Recheck Cond: ((k >= 3618693) AND (k <= 3618793))
	  ->  Bitmap Index Scan on k_1  (cost=0.00..5.42 rows=99 width=0)
	        Index Cond: ((k >= 3618693) AND (k <= 3618793))

table 2 : explain SELECT k, c FROM sbtest2 WHERE k BETWEEN 3618693 AND 3618793
	Bitmap Heap Scan on sbtest2  (cost=5.42..385.78 rows=96 width=125)
	  Recheck Cond: ((k >= 3618693) AND (k <= 3618793))
	  ->  Bitmap Index Scan on k_2  (cost=0.00..5.39 rows=96 width=0)
	        Index Cond: ((k >= 3618693) AND (k <= 3618793))

table 3 : explain SELECT k, c FROM sbtest3 WHERE k BETWEEN 3618693 AND 3618793
	Bitmap Heap Scan on sbtest3  (cost=5.51..421.49 rows=105 width=125)
	  Recheck Cond: ((k >= 3618693) AND (k <= 3618793))
	  ->  Bitmap Index Scan on k_3  (cost=0.00..5.48 rows=105 width=0)
	        Index Cond: ((k >= 3618693) AND (k <= 3618793))

table 4 : explain SELECT k, c FROM sbtest4 WHERE k BETWEEN 3618693 AND 3618793
	Bitmap Heap Scan on sbtest4  (cost=5.47..405.67 rows=101 width=125)
	  Recheck Cond: ((k >= 3618693) AND (k <= 3618793))
	  ->  Bitmap Index Scan on k_4  (cost=0.00..5.44 rows=101 width=0)
	        Index Cond: ((k >= 3618693) AND (k <= 3618793))

table 5 : explain SELECT k, c FROM sbtest5 WHERE k BETWEEN 3618693 AND 3618793
	Bitmap Heap Scan on sbtest5  (cost=5.50..417.35 rows=104 width=125)
	  Recheck Cond: ((k >= 3618693) AND (k <= 3618793))
	  ->  Bitmap Index Scan on k_5  (cost=0.00..5.47 rows=104 width=0)
	        Index Cond: ((k >= 3618693) AND (k <= 3618793))

table 6 : explain SELECT k, c FROM sbtest6 WHERE k BETWEEN 3618693 AND 3618793
	Bitmap Heap Scan on sbtest6  (cost=5.43..389.79 rows=97 width=125)
	  Recheck Cond: ((k >= 3618693) AND (k <= 3618793))
	  ->  Bitmap Index Scan on k_6  (cost=0.00..5.40 rows=97 width=0)
	        Index Cond: ((k >= 3618693) AND (k <= 3618793))

table 7 : explain SELECT k, c FROM sbtest7 WHERE k BETWEEN 3618693 AND 3618793
	Bitmap Heap Scan on sbtest7  (cost=5.51..421.50 rows=105 width=125)
	  Recheck Cond: ((k >= 3618693) AND (k <= 3618793))
	  ->  Bitmap Index Scan on k_7  (cost=0.00..5.48 rows=105 width=0)
	        Index Cond: ((k >= 3618693) AND (k <= 3618793))

table 8 : explain SELECT k, c FROM sbtest8 WHERE k BETWEEN 3618693 AND 3618793
	Bitmap Heap Scan on sbtest8  (cost=5.42..385.78 rows=96 width=125)
	  Recheck Cond: ((k >= 3618693) AND (k <= 3618793))
	  ->  Bitmap Index Scan on k_8  (cost=0.00..5.39 rows=96 width=0)
	        Index Cond: ((k >= 3618693) AND (k <= 3618793))





for range-notcovered
table 1 : explain SELECT k, c FROM sbtest1 WHERE k BETWEEN 2264125 AND 2264225
	Bitmap Heap Scan on sbtest1  (cost=5.52..425.26 rows=106 width=125)
	  Recheck Cond: ((k >= 2264125) AND (k <= 2264225))
	  ->  Bitmap Index Scan on k_1  (cost=0.00..5.50 rows=106 width=0)
	        Index Cond: ((k >= 2264125) AND (k <= 2264225))

table 2 : explain SELECT k, c FROM sbtest2 WHERE k BETWEEN 2264125 AND 2264225
	Bitmap Heap Scan on sbtest2  (cost=5.50..417.34 rows=104 width=125)
	  Recheck Cond: ((k >= 2264125) AND (k <= 2264225))
	  ->  Bitmap Index Scan on k_2  (cost=0.00..5.47 rows=104 width=0)
	        Index Cond: ((k >= 2264125) AND (k <= 2264225))

table 3 : explain SELECT k, c FROM sbtest3 WHERE k BETWEEN 2264125 AND 2264225
	Bitmap Heap Scan on sbtest3  (cost=5.40..378.07 rows=94 width=125)
	  Recheck Cond: ((k >= 2264125) AND (k <= 2264225))
	  ->  Bitmap Index Scan on k_3  (cost=0.00..5.38 rows=94 width=0)
	        Index Cond: ((k >= 2264125) AND (k <= 2264225))

table 4 : explain SELECT k, c FROM sbtest4 WHERE k BETWEEN 2264125 AND 2264225
	Bitmap Heap Scan on sbtest4  (cost=5.45..397.77 rows=99 width=125)
	  Recheck Cond: ((k >= 2264125) AND (k <= 2264225))
	  ->  Bitmap Index Scan on k_4  (cost=0.00..5.42 rows=99 width=0)
	        Index Cond: ((k >= 2264125) AND (k <= 2264225))

table 5 : explain SELECT k, c FROM sbtest5 WHERE k BETWEEN 2264125 AND 2264225
	Bitmap Heap Scan on sbtest5  (cost=5.47..405.52 rows=101 width=125)
	  Recheck Cond: ((k >= 2264125) AND (k <= 2264225))
	  ->  Bitmap Index Scan on k_5  (cost=0.00..5.44 rows=101 width=0)
	        Index Cond: ((k >= 2264125) AND (k <= 2264225))

table 6 : explain SELECT k, c FROM sbtest6 WHERE k BETWEEN 2264125 AND 2264225
	Bitmap Heap Scan on sbtest6  (cost=5.45..397.68 rows=99 width=125)
	  Recheck Cond: ((k >= 2264125) AND (k <= 2264225))
	  ->  Bitmap Index Scan on k_6  (cost=0.00..5.42 rows=99 width=0)
	        Index Cond: ((k >= 2264125) AND (k <= 2264225))

table 7 : explain SELECT k, c FROM sbtest7 WHERE k BETWEEN 2264125 AND 2264225
	Bitmap Heap Scan on sbtest7  (cost=5.49..413.61 rows=103 width=125)
	  Recheck Cond: ((k >= 2264125) AND (k <= 2264225))
	  ->  Bitmap Index Scan on k_7  (cost=0.00..5.46 rows=103 width=0)
	        Index Cond: ((k >= 2264125) AND (k <= 2264225))

table 8 : explain SELECT k, c FROM sbtest8 WHERE k BETWEEN 2264125 AND 2264225
	Bitmap Heap Scan on sbtest8  (cost=5.46..401.56 rows=100 width=125)
	  Recheck Cond: ((k >= 2264125) AND (k <= 2264225))
	  ->  Bitmap Index Scan on k_8  (cost=0.00..5.43 rows=100 width=0)
	        Index Cond: ((k >= 2264125) AND (k <= 2264225))

explain: for range-notcovered :: explain SELECT k, c FROM sbtest%d WHERE k BETWEEN 4122321 AND 4122421
explain: for range-notcovered :: explain SELECT k, c FROM sbtest%d WHERE k BETWEEN 4982726 AND 4982826

for range-notcovered
table 1 : explain SELECT k, c FROM sbtest1 WHERE k BETWEEN 6518508 AND 6518608
	Bitmap Heap Scan on sbtest1  (cost=5.44..393.71 rows=98 width=125)
	  Recheck Cond: ((k >= 6518508) AND (k <= 6518608))
	  ->  Bitmap Index Scan on k_1  (cost=0.00..5.42 rows=98 width=0)
	        Index Cond: ((k >= 6518508) AND (k <= 6518608))

table 2 : explain SELECT k, c FROM sbtest2 WHERE k BETWEEN 6518508 AND 6518608
	Bitmap Heap Scan on sbtest2  (cost=5.62..464.62 rows=116 width=125)
	  Recheck Cond: ((k >= 6518508) AND (k <= 6518608))
	  ->  Bitmap Index Scan on k_2  (cost=0.00..5.59 rows=116 width=0)
	        Index Cond: ((k >= 6518508) AND (k <= 6518608))

table 3 : explain SELECT k, c FROM sbtest3 WHERE k BETWEEN 6518508 AND 6518608
	Bitmap Heap Scan on sbtest3  (cost=5.51..421.49 rows=105 width=125)
	  Recheck Cond: ((k >= 6518508) AND (k <= 6518608))
	  ->  Bitmap Index Scan on k_3  (cost=0.00..5.48 rows=105 width=0)
	        Index Cond: ((k >= 6518508) AND (k <= 6518608))

table 4 : explain SELECT k, c FROM sbtest4 WHERE k BETWEEN 6518508 AND 6518608
	Bitmap Heap Scan on sbtest4  (cost=5.49..413.56 rows=103 width=125)
	  Recheck Cond: ((k >= 6518508) AND (k <= 6518608))
	  ->  Bitmap Index Scan on k_4  (cost=0.00..5.46 rows=103 width=0)
	        Index Cond: ((k >= 6518508) AND (k <= 6518608))

table 5 : explain SELECT k, c FROM sbtest5 WHERE k BETWEEN 6518508 AND 6518608
	Bitmap Heap Scan on sbtest5  (cost=5.64..472.52 rows=118 width=125)
	  Recheck Cond: ((k >= 6518508) AND (k <= 6518608))
	  ->  Bitmap Index Scan on k_5  (cost=0.00..5.61 rows=118 width=0)
	        Index Cond: ((k >= 6518508) AND (k <= 6518608))

table 6 : explain SELECT k, c FROM sbtest6 WHERE k BETWEEN 6518508 AND 6518608
	Bitmap Heap Scan on sbtest6  (cost=5.52..425.29 rows=106 width=125)
	  Recheck Cond: ((k >= 6518508) AND (k <= 6518608))
	  ->  Bitmap Index Scan on k_6  (cost=0.00..5.50 rows=106 width=0)
	        Index Cond: ((k >= 6518508) AND (k <= 6518608))

table 7 : explain SELECT k, c FROM sbtest7 WHERE k BETWEEN 6518508 AND 6518608
	Bitmap Heap Scan on sbtest7  (cost=5.50..417.56 rows=104 width=125)
	  Recheck Cond: ((k >= 6518508) AND (k <= 6518608))
	  ->  Bitmap Index Scan on k_7  (cost=0.00..5.47 rows=104 width=0)
	        Index Cond: ((k >= 6518508) AND (k <= 6518608))

table 8 : explain SELECT k, c FROM sbtest8 WHERE k BETWEEN 6518508 AND 6518608
	Bitmap Heap Scan on sbtest8  (cost=5.49..413.39 rows=103 width=125)
	  Recheck Cond: ((k >= 6518508) AND (k <= 6518608))
	  ->  Bitmap Index Scan on k_8  (cost=0.00..5.46 rows=103 width=0)
	        Index Cond: ((k >= 6518508) AND (k <= 6518608))
explain: for range-notcovered :: explain SELECT k, c FROM sbtest%d WHERE k BETWEEN 3544069 AND 3544169
for range-notcovered
table 1 : explain SELECT k, c FROM sbtest1 WHERE k BETWEEN 4879440 AND 4879540
	Bitmap Heap Scan on sbtest1  (cost=5.48..409.49 rows=102 width=125)
	  Recheck Cond: ((k >= 4879440) AND (k <= 4879540))
	  ->  Bitmap Index Scan on k_1  (cost=0.00..5.45 rows=102 width=0)
	        Index Cond: ((k >= 4879440) AND (k <= 4879540))

table 2 : explain SELECT k, c FROM sbtest2 WHERE k BETWEEN 4879440 AND 4879540
	Bitmap Heap Scan on sbtest2  (cost=5.46..401.56 rows=100 width=125)
	  Recheck Cond: ((k >= 4879440) AND (k <= 4879540))
	  ->  Bitmap Index Scan on k_2  (cost=0.00..5.43 rows=100 width=0)
	        Index Cond: ((k >= 4879440) AND (k <= 4879540))

table 3 : explain SELECT k, c FROM sbtest3 WHERE k BETWEEN 4879440 AND 4879540
	Bitmap Heap Scan on sbtest3  (cost=5.51..421.49 rows=105 width=125)
	  Recheck Cond: ((k >= 4879440) AND (k <= 4879540))
	  ->  Bitmap Index Scan on k_3  (cost=0.00..5.48 rows=105 width=0)
	        Index Cond: ((k >= 4879440) AND (k <= 4879540))

table 4 : explain SELECT k, c FROM sbtest4 WHERE k BETWEEN 4879440 AND 4879540
	Bitmap Heap Scan on sbtest4  (cost=5.51..421.45 rows=105 width=125)
	  Recheck Cond: ((k >= 4879440) AND (k <= 4879540))
	  ->  Bitmap Index Scan on k_4  (cost=0.00..5.48 rows=105 width=0)
	        Index Cond: ((k >= 4879440) AND (k <= 4879540))

table 5 : explain SELECT k, c FROM sbtest5 WHERE k BETWEEN 4879440 AND 4879540
	Bitmap Heap Scan on sbtest5  (cost=5.56..441.00 rows=110 width=125)
	  Recheck Cond: ((k >= 4879440) AND (k <= 4879540))
	  ->  Bitmap Index Scan on k_5  (cost=0.00..5.53 rows=110 width=0)
	        Index Cond: ((k >= 4879440) AND (k <= 4879540))

table 6 : explain SELECT k, c FROM sbtest6 WHERE k BETWEEN 4879440 AND 4879540
	Bitmap Heap Scan on sbtest6  (cost=5.43..389.79 rows=97 width=125)
	  Recheck Cond: ((k >= 4879440) AND (k <= 4879540))
	  ->  Bitmap Index Scan on k_6  (cost=0.00..5.40 rows=97 width=0)
	        Index Cond: ((k >= 4879440) AND (k <= 4879540))

table 7 : explain SELECT k, c FROM sbtest7 WHERE k BETWEEN 4879440 AND 4879540
	Bitmap Heap Scan on sbtest7  (cost=5.47..405.72 rows=101 width=125)
	  Recheck Cond: ((k >= 4879440) AND (k <= 4879540))
	  ->  Bitmap Index Scan on k_7  (cost=0.00..5.44 rows=101 width=0)
	        Index Cond: ((k >= 4879440) AND (k <= 4879540))

table 8 : explain SELECT k, c FROM sbtest8 WHERE k BETWEEN 4879440 AND 4879540
	Bitmap Heap Scan on sbtest8  (cost=5.46..401.56 rows=100 width=125)
	  Recheck Cond: ((k >= 4879440) AND (k <= 4879540))
	  ->  Bitmap Index Scan on k_8  (cost=0.00..5.43 rows=100 width=0)
	        Index Cond: ((k >= 4879440) AND (k <= 4879540))

explain: for range-notcovered :: explain SELECT k, c FROM sbtest%d WHERE k BETWEEN 3618693 AND 3618793for range-notcovered
table 1 : explain SELECT k, c FROM sbtest1 WHERE k BETWEEN 7568207 AND 7568307
	Bitmap Heap Scan on sbtest1  (cost=5.47..405.55 rows=101 width=125)
	  Recheck Cond: ((k >= 7568207) AND (k <= 7568307))
	  ->  Bitmap Index Scan on k_1  (cost=0.00..5.44 rows=101 width=0)
	        Index Cond: ((k >= 7568207) AND (k <= 7568307))

table 2 : explain SELECT k, c FROM sbtest2 WHERE k BETWEEN 7568207 AND 7568307
	Bitmap Heap Scan on sbtest2  (cost=5.47..405.51 rows=101 width=125)
	  Recheck Cond: ((k >= 7568207) AND (k <= 7568307))
	  ->  Bitmap Index Scan on k_2  (cost=0.00..5.44 rows=101 width=0)
	        Index Cond: ((k >= 7568207) AND (k <= 7568307))

table 3 : explain SELECT k, c FROM sbtest3 WHERE k BETWEEN 7568207 AND 7568307
	Bitmap Heap Scan on sbtest3  (cost=5.54..433.32 rows=108 width=125)
	  Recheck Cond: ((k >= 7568207) AND (k <= 7568307))
	  ->  Bitmap Index Scan on k_3  (cost=0.00..5.51 rows=108 width=0)
	        Index Cond: ((k >= 7568207) AND (k <= 7568307))

table 4 : explain SELECT k, c FROM sbtest4 WHERE k BETWEEN 7568207 AND 7568307
	Bitmap Heap Scan on sbtest4  (cost=5.44..393.83 rows=98 width=125)
	  Recheck Cond: ((k >= 7568207) AND (k <= 7568307))
	  ->  Bitmap Index Scan on k_4  (cost=0.00..5.42 rows=98 width=0)
	        Index Cond: ((k >= 7568207) AND (k <= 7568307))

table 5 : explain SELECT k, c FROM sbtest5 WHERE k BETWEEN 7568207 AND 7568307
	Bitmap Heap Scan on sbtest5  (cost=5.55..437.06 rows=109 width=125)
	  Recheck Cond: ((k >= 7568207) AND (k <= 7568307))
	  ->  Bitmap Index Scan on k_5  (cost=0.00..5.52 rows=109 width=0)
	        Index Cond: ((k >= 7568207) AND (k <= 7568307))

table 6 : explain SELECT k, c FROM sbtest6 WHERE k BETWEEN 7568207 AND 7568307
	Bitmap Heap Scan on sbtest6  (cost=5.55..437.12 rows=109 width=125)
	  Recheck Cond: ((k >= 7568207) AND (k <= 7568307))
	  ->  Bitmap Index Scan on k_6  (cost=0.00..5.52 rows=109 width=0)
	        Index Cond: ((k >= 7568207) AND (k <= 7568307))

table 7 : explain SELECT k, c FROM sbtest7 WHERE k BETWEEN 7568207 AND 7568307
	Bitmap Heap Scan on sbtest7  (cost=5.41..382.03 rows=95 width=125)
	  Recheck Cond: ((k >= 7568207) AND (k <= 7568307))
	  ->  Bitmap Index Scan on k_7  (cost=0.00..5.38 rows=95 width=0)
	        Index Cond: ((k >= 7568207) AND (k <= 7568307))

table 8 : explain SELECT k, c FROM sbtest8 WHERE k BETWEEN 7568207 AND 7568307
	Bitmap Heap Scan on sbtest8  (cost=5.49..413.39 rows=103 width=125)
	  Recheck Cond: ((k >= 7568207) AND (k <= 7568307))
	  ->  Bitmap Index Scan on k_8  (cost=0.00..5.46 rows=103 width=0)
	        Index Cond: ((k >= 7568207) AND (k <= 7568307))

explain: for range-notcovered :: explain SELECT k, c FROM sbtest%d WHERE k BETWEEN 3792277 AND 3792377

for range-notcovered
table 1 : explain SELECT k, c FROM sbtest1 WHERE k BETWEEN 2987361 AND 2987461
	Bitmap Heap Scan on sbtest1  (cost=5.55..437.09 rows=109 width=125)
	  Recheck Cond: ((k >= 2987361) AND (k <= 2987461))
	  ->  Bitmap Index Scan on k_1  (cost=0.00..5.52 rows=109 width=0)
	        Index Cond: ((k >= 2987361) AND (k <= 2987461))

table 2 : explain SELECT k, c FROM sbtest2 WHERE k BETWEEN 2987361 AND 2987461
	Bitmap Heap Scan on sbtest2  (cost=5.44..393.67 rows=98 width=125)
	  Recheck Cond: ((k >= 2987361) AND (k <= 2987461))
	  ->  Bitmap Index Scan on k_2  (cost=0.00..5.42 rows=98 width=0)
	        Index Cond: ((k >= 2987361) AND (k <= 2987461))

table 3 : explain SELECT k, c FROM sbtest3 WHERE k BETWEEN 2987361 AND 2987461
	Bitmap Heap Scan on sbtest3  (cost=5.42..385.97 rows=96 width=125)
	  Recheck Cond: ((k >= 2987361) AND (k <= 2987461))
	  ->  Bitmap Index Scan on k_3  (cost=0.00..5.39 rows=96 width=0)
	        Index Cond: ((k >= 2987361) AND (k <= 2987461))

table 4 : explain SELECT k, c FROM sbtest4 WHERE k BETWEEN 2987361 AND 2987461
	Bitmap Heap Scan on sbtest4  (cost=5.54..433.28 rows=108 width=125)
	  Recheck Cond: ((k >= 2987361) AND (k <= 2987461))
	  ->  Bitmap Index Scan on k_4  (cost=0.00..5.51 rows=108 width=0)
	        Index Cond: ((k >= 2987361) AND (k <= 2987461))

table 5 : explain SELECT k, c FROM sbtest5 WHERE k BETWEEN 2987361 AND 2987461
	Bitmap Heap Scan on sbtest5  (cost=5.50..417.35 rows=104 width=125)
	  Recheck Cond: ((k >= 2987361) AND (k <= 2987461))
	  ->  Bitmap Index Scan on k_5  (cost=0.00..5.47 rows=104 width=0)
	        Index Cond: ((k >= 2987361) AND (k <= 2987461))

table 6 : explain SELECT k, c FROM sbtest6 WHERE k BETWEEN 2987361 AND 2987461
	Bitmap Heap Scan on sbtest6  (cost=5.40..377.95 rows=94 width=125)
	  Recheck Cond: ((k >= 2987361) AND (k <= 2987461))
	  ->  Bitmap Index Scan on k_6  (cost=0.00..5.38 rows=94 width=0)
	        Index Cond: ((k >= 2987361) AND (k <= 2987461))

table 7 : explain SELECT k, c FROM sbtest7 WHERE k BETWEEN 2987361 AND 2987461
	Bitmap Heap Scan on sbtest7  (cost=5.48..409.67 rows=102 width=125)
	  Recheck Cond: ((k >= 2987361) AND (k <= 2987461))
	  ->  Bitmap Index Scan on k_7  (cost=0.00..5.45 rows=102 width=0)
	        Index Cond: ((k >= 2987361) AND (k <= 2987461))

table 8 : explain SELECT k, c FROM sbtest8 WHERE k BETWEEN 2987361 AND 2987461
	Bitmap Heap Scan on sbtest8  (cost=5.52..425.22 rows=106 width=125)
	  Recheck Cond: ((k >= 2987361) AND (k <= 2987461))
	  ->  Bitmap Index Scan on k_8  (cost=0.00..5.50 rows=106 width=0)
	        Index Cond: ((k >= 2987361) AND (k <= 2987461))
explain: for range-notcovered :: explain SELECT k, c FROM sbtest%d WHERE k BETWEEN 4879440 AND 4879540
for range-notcovered
table 1 : explain SELECT k, c FROM sbtest1 WHERE k BETWEEN 1785409 AND 1785509
	Bitmap Heap Scan on sbtest1  (cost=5.50..417.38 rows=104 width=125)
	  Recheck Cond: ((k >= 1785409) AND (k <= 1785509))
	  ->  Bitmap Index Scan on k_1  (cost=0.00..5.47 rows=104 width=0)
	        Index Cond: ((k >= 1785409) AND (k <= 1785509))

table 2 : explain SELECT k, c FROM sbtest2 WHERE k BETWEEN 1785409 AND 1785509
	Bitmap Heap Scan on sbtest2  (cost=5.41..381.84 rows=95 width=125)
	  Recheck Cond: ((k >= 1785409) AND (k <= 1785509))
	  ->  Bitmap Index Scan on k_2  (cost=0.00..5.38 rows=95 width=0)
	        Index Cond: ((k >= 1785409) AND (k <= 1785509))

table 3 : explain SELECT k, c FROM sbtest3 WHERE k BETWEEN 1785409 AND 1785509
	Bitmap Heap Scan on sbtest3  (cost=5.43..389.92 rows=97 width=125)
	  Recheck Cond: ((k >= 1785409) AND (k <= 1785509))
	  ->  Bitmap Index Scan on k_3  (cost=0.00..5.40 rows=97 width=0)
	        Index Cond: ((k >= 1785409) AND (k <= 1785509))

table 4 : explain SELECT k, c FROM sbtest4 WHERE k BETWEEN 1785409 AND 1785509
	Bitmap Heap Scan on sbtest4  (cost=5.41..381.98 rows=95 width=125)
	  Recheck Cond: ((k >= 1785409) AND (k <= 1785509))
	  ->  Bitmap Index Scan on k_4  (cost=0.00..5.38 rows=95 width=0)
	        Index Cond: ((k >= 1785409) AND (k <= 1785509))

table 5 : explain SELECT k, c FROM sbtest5 WHERE k BETWEEN 1785409 AND 1785509
	Bitmap Heap Scan on sbtest5  (cost=5.51..421.30 rows=105 width=125)
	  Recheck Cond: ((k >= 1785409) AND (k <= 1785509))
	  ->  Bitmap Index Scan on k_5  (cost=0.00..5.48 rows=105 width=0)
	        Index Cond: ((k >= 1785409) AND (k <= 1785509))

table 6 : explain SELECT k, c FROM sbtest6 WHERE k BETWEEN 1785409 AND 1785509
	Bitmap Heap Scan on sbtest6  (cost=5.50..417.41 rows=104 width=125)
	  Recheck Cond: ((k >= 1785409) AND (k <= 1785509))
	  ->  Bitmap Index Scan on k_6  (cost=0.00..5.47 rows=104 width=0)
	        Index Cond: ((k >= 1785409) AND (k <= 1785509))

table 7 : explain SELECT k, c FROM sbtest7 WHERE k BETWEEN 1785409 AND 1785509
	Bitmap Heap Scan on sbtest7  (cost=5.46..401.77 rows=100 width=125)
	  Recheck Cond: ((k >= 1785409) AND (k <= 1785509))
	  ->  Bitmap Index Scan on k_7  (cost=0.00..5.43 rows=100 width=0)
	        Index Cond: ((k >= 1785409) AND (k <= 1785509))

table 8 : explain SELECT k, c FROM sbtest8 WHERE k BETWEEN 1785409 AND 1785509
	Bitmap Heap Scan on sbtest8  (cost=5.44..393.67 rows=98 width=125)
	  Recheck Cond: ((k >= 1785409) AND (k <= 1785509))
	  ->  Bitmap Index Scan on k_8  (cost=0.00..5.42 rows=98 width=0)
	        Index Cond: ((k >= 1785409) AND (k <= 1785509))
explain: for range-notcovered :: explain SELECT k, c FROM sbtest%d WHERE k BETWEEN 7568207 AND 7568307
for range-notcovered
table 1 : explain SELECT k, c FROM sbtest1 WHERE k BETWEEN 6900185 AND 6900285
	Bitmap Heap Scan on sbtest1  (cost=5.52..425.26 rows=106 width=125)
	  Recheck Cond: ((k >= 6900185) AND (k <= 6900285))
	  ->  Bitmap Index Scan on k_1  (cost=0.00..5.50 rows=106 width=0)
	        Index Cond: ((k >= 6900185) AND (k <= 6900285))

table 2 : explain SELECT k, c FROM sbtest2 WHERE k BETWEEN 6900185 AND 6900285
	Bitmap Heap Scan on sbtest2  (cost=5.45..397.62 rows=99 width=125)
	  Recheck Cond: ((k >= 6900185) AND (k <= 6900285))
	  ->  Bitmap Index Scan on k_2  (cost=0.00..5.42 rows=99 width=0)
	        Index Cond: ((k >= 6900185) AND (k <= 6900285))

table 3 : explain SELECT k, c FROM sbtest3 WHERE k BETWEEN 6900185 AND 6900285
	Bitmap Heap Scan on sbtest3  (cost=5.56..441.21 rows=110 width=125)
	  Recheck Cond: ((k >= 6900185) AND (k <= 6900285))
	  ->  Bitmap Index Scan on k_3  (cost=0.00..5.53 rows=110 width=0)
	        Index Cond: ((k >= 6900185) AND (k <= 6900285))

table 4 : explain SELECT k, c FROM sbtest4 WHERE k BETWEEN 6900185 AND 6900285
	Bitmap Heap Scan on sbtest4  (cost=5.49..413.56 rows=103 width=125)
	  Recheck Cond: ((k >= 6900185) AND (k <= 6900285))
	  ->  Bitmap Index Scan on k_4  (cost=0.00..5.46 rows=103 width=0)
	        Index Cond: ((k >= 6900185) AND (k <= 6900285))

table 5 : explain SELECT k, c FROM sbtest5 WHERE k BETWEEN 6900185 AND 6900285
	Bitmap Heap Scan on sbtest5  (cost=5.55..437.06 rows=109 width=125)
	  Recheck Cond: ((k >= 6900185) AND (k <= 6900285))
	  ->  Bitmap Index Scan on k_5  (cost=0.00..5.52 rows=109 width=0)
	        Index Cond: ((k >= 6900185) AND (k <= 6900285))

table 6 : explain SELECT k, c FROM sbtest6 WHERE k BETWEEN 6900185 AND 6900285
	Bitmap Heap Scan on sbtest6  (cost=5.44..393.74 rows=98 width=125)
	  Recheck Cond: ((k >= 6900185) AND (k <= 6900285))
	  ->  Bitmap Index Scan on k_6  (cost=0.00..5.42 rows=98 width=0)
	        Index Cond: ((k >= 6900185) AND (k <= 6900285))

table 7 : explain SELECT k, c FROM sbtest7 WHERE k BETWEEN 6900185 AND 6900285
	Bitmap Heap Scan on sbtest7  (cost=5.35..358.33 rows=89 width=125)
	  Recheck Cond: ((k >= 6900185) AND (k <= 6900285))
	  ->  Bitmap Index Scan on k_7  (cost=0.00..5.32 rows=89 width=0)
	        Index Cond: ((k >= 6900185) AND (k <= 6900285))

table 8 : explain SELECT k, c FROM sbtest8 WHERE k BETWEEN 6900185 AND 6900285
	Bitmap Heap Scan on sbtest8  (cost=5.45..397.61 rows=99 width=125)
	  Recheck Cond: ((k >= 6900185) AND (k <= 6900285))
	  ->  Bitmap Index Scan on k_8  (cost=0.00..5.42 rows=99 width=0)
	        Index Cond: ((k >= 6900185) AND (k <= 6900285))




explain: for range-notcovered :: explain SELECT k, c FROM sbtest%d WHERE k BETWEEN 6518508 AND 6518608
for range-notcovered
table 1 : explain SELECT k, c FROM sbtest1 WHERE k BETWEEN 3288888 AND 3288988
	Bitmap Heap Scan on sbtest1  (cost=5.57..444.97 rows=111 width=125)
	  Recheck Cond: ((k >= 3288888) AND (k <= 3288988))
	  ->  Bitmap Index Scan on k_1  (cost=0.00..5.54 rows=111 width=0)
	        Index Cond: ((k >= 3288888) AND (k <= 3288988))

table 2 : explain SELECT k, c FROM sbtest2 WHERE k BETWEEN 3288888 AND 3288988
	Bitmap Heap Scan on sbtest2  (cost=5.49..413.39 rows=103 width=125)
	  Recheck Cond: ((k >= 3288888) AND (k <= 3288988))
	  ->  Bitmap Index Scan on k_2  (cost=0.00..5.46 rows=103 width=0)
	        Index Cond: ((k >= 3288888) AND (k <= 3288988))

table 3 : explain SELECT k, c FROM sbtest3 WHERE k BETWEEN 3288888 AND 3288988
	Bitmap Heap Scan on sbtest3  (cost=5.50..417.54 rows=104 width=125)
	  Recheck Cond: ((k >= 3288888) AND (k <= 3288988))
	  ->  Bitmap Index Scan on k_3  (cost=0.00..5.47 rows=104 width=0)
	        Index Cond: ((k >= 3288888) AND (k <= 3288988))

table 4 : explain SELECT k, c FROM sbtest4 WHERE k BETWEEN 3288888 AND 3288988
	Bitmap Heap Scan on sbtest4  (cost=5.39..374.08 rows=93 width=125)
	  Recheck Cond: ((k >= 3288888) AND (k <= 3288988))
	  ->  Bitmap Index Scan on k_4  (cost=0.00..5.36 rows=93 width=0)
	        Index Cond: ((k >= 3288888) AND (k <= 3288988))

table 5 : explain SELECT k, c FROM sbtest5 WHERE k BETWEEN 3288888 AND 3288988
	Bitmap Heap Scan on sbtest5  (cost=5.47..405.52 rows=101 width=125)
	  Recheck Cond: ((k >= 3288888) AND (k <= 3288988))
	  ->  Bitmap Index Scan on k_5  (cost=0.00..5.44 rows=101 width=0)
	        Index Cond: ((k >= 3288888) AND (k <= 3288988))

table 6 : explain SELECT k, c FROM sbtest6 WHERE k BETWEEN 3288888 AND 3288988
	Bitmap Heap Scan on sbtest6  (cost=5.50..417.41 rows=104 width=125)
	  Recheck Cond: ((k >= 3288888) AND (k <= 3288988))
	  ->  Bitmap Index Scan on k_6  (cost=0.00..5.47 rows=104 width=0)
	        Index Cond: ((k >= 3288888) AND (k <= 3288988))

table 7 : explain SELECT k, c FROM sbtest7 WHERE k BETWEEN 3288888 AND 3288988
	Bitmap Heap Scan on sbtest7  (cost=5.46..401.77 rows=100 width=125)
	  Recheck Cond: ((k >= 3288888) AND (k <= 3288988))
	  ->  Bitmap Index Scan on k_7  (cost=0.00..5.43 rows=100 width=0)
	        Index Cond: ((k >= 3288888) AND (k <= 3288988))

table 8 : explain SELECT k, c FROM sbtest8 WHERE k BETWEEN 3288888 AND 3288988
	Bitmap Heap Scan on sbtest8  (cost=5.44..393.67 rows=98 width=125)
	  Recheck Cond: ((k >= 3288888) AND (k <= 3288988))
	  ->  Bitmap Index Scan on k_8  (cost=0.00..5.42 rows=98 width=0)
	        Index Cond: ((k >= 3288888) AND (k <= 3288988))

for range-notcovered
table 1 : explain SELECT k, c FROM sbtest1 WHERE k BETWEEN 5645914 AND 5646014
	Bitmap Heap Scan on sbtest1  (cost=5.46..401.60 rows=100 width=125)
	  Recheck Cond: ((k >= 5645914) AND (k <= 5646014))
	  ->  Bitmap Index Scan on k_1  (cost=0.00..5.43 rows=100 width=0)
	        Index Cond: ((k >= 5645914) AND (k <= 5646014))

table 2 : explain SELECT k, c FROM sbtest2 WHERE k BETWEEN 5645914 AND 5646014
	Bitmap Heap Scan on sbtest2  (cost=5.46..401.56 rows=100 width=125)
	  Recheck Cond: ((k >= 5645914) AND (k <= 5646014))
	  ->  Bitmap Index Scan on k_2  (cost=0.00..5.43 rows=100 width=0)
	        Index Cond: ((k >= 5645914) AND (k <= 5646014))

table 3 : explain SELECT k, c FROM sbtest3 WHERE k BETWEEN 5645914 AND 5646014
	Bitmap Heap Scan on sbtest3  (cost=5.49..413.60 rows=103 width=125)
	  Recheck Cond: ((k >= 5645914) AND (k <= 5646014))
	  ->  Bitmap Index Scan on k_3  (cost=0.00..5.46 rows=103 width=0)
	        Index Cond: ((k >= 5645914) AND (k <= 5646014))

table 4 : explain SELECT k, c FROM sbtest4 WHERE k BETWEEN 5645914 AND 5646014
	Bitmap Heap Scan on sbtest4  (cost=5.42..385.93 rows=96 width=125)
	  Recheck Cond: ((k >= 5645914) AND (k <= 5646014))
	  ->  Bitmap Index Scan on k_4  (cost=0.00..5.39 rows=96 width=0)
	        Index Cond: ((k >= 5645914) AND (k <= 5646014))

table 5 : explain SELECT k, c FROM sbtest5 WHERE k BETWEEN 5645914 AND 5646014
	Bitmap Heap Scan on sbtest5  (cost=5.43..389.74 rows=97 width=125)
	  Recheck Cond: ((k >= 5645914) AND (k <= 5646014))
	  ->  Bitmap Index Scan on k_5  (cost=0.00..5.40 rows=97 width=0)
	        Index Cond: ((k >= 5645914) AND (k <= 5646014))

table 6 : explain SELECT k, c FROM sbtest6 WHERE k BETWEEN 5645914 AND 5646014
	Bitmap Heap Scan on sbtest6  (cost=5.53..429.24 rows=107 width=125)
	  Recheck Cond: ((k >= 5645914) AND (k <= 5646014))
	  ->  Bitmap Index Scan on k_6  (cost=0.00..5.50 rows=107 width=0)
	        Index Cond: ((k >= 5645914) AND (k <= 5646014))

table 7 : explain SELECT k, c FROM sbtest7 WHERE k BETWEEN 5645914 AND 5646014
	Bitmap Heap Scan on sbtest7  (cost=5.51..421.50 rows=105 width=125)
	  Recheck Cond: ((k >= 5645914) AND (k <= 5646014))
	  ->  Bitmap Index Scan on k_7  (cost=0.00..5.48 rows=105 width=0)
	        Index Cond: ((k >= 5645914) AND (k <= 5646014))

table 8 : explain SELECT k, c FROM sbtest8 WHERE k BETWEEN 5645914 AND 5646014
	Bitmap Heap Scan on sbtest8  (cost=5.48..409.45 rows=102 width=125)
	  Recheck Cond: ((k >= 5645914) AND (k <= 5646014))
	  ->  Bitmap Index Scan on k_8  (cost=0.00..5.45 rows=102 width=0)
	        Index Cond: ((k >= 5645914) AND (k <= 5646014))

explain: for range-notcovered :: explain SELECT k, c FROM sbtest%d WHERE k BETWEEN 6900185 AND 6900285
explain: for range-notcovered :: explain SELECT k, c FROM sbtest%d WHERE k BETWEEN 1785409 AND 1785509
explain: for range-notcovered :: explain SELECT k, c FROM sbtest%d WHERE k BETWEEN 2987361 AND 2987461
explain: for range-notcovered :: explain SELECT k, c FROM sbtest%d WHERE k BETWEEN 5645914 AND 5646014
explain: for range-notcovered :: explain SELECT k, c FROM sbtest%d WHERE k BETWEEN 3288888 AND 3288988
for range-notcovered
table 1 : explain SELECT k, c FROM sbtest1 WHERE k BETWEEN 2108221 AND 2108321
	Bitmap Heap Scan on sbtest1  (cost=5.45..397.66 rows=99 width=125)
	  Recheck Cond: ((k >= 2108221) AND (k <= 2108321))
	  ->  Bitmap Index Scan on k_1  (cost=0.00..5.42 rows=99 width=0)
	        Index Cond: ((k >= 2108221) AND (k <= 2108321))

table 2 : explain SELECT k, c FROM sbtest2 WHERE k BETWEEN 2108221 AND 2108321
	Bitmap Heap Scan on sbtest2  (cost=5.42..385.78 rows=96 width=125)
	  Recheck Cond: ((k >= 2108221) AND (k <= 2108321))
	  ->  Bitmap Index Scan on k_2  (cost=0.00..5.39 rows=96 width=0)
	        Index Cond: ((k >= 2108221) AND (k <= 2108321))

table 3 : explain SELECT k, c FROM sbtest3 WHERE k BETWEEN 2108221 AND 2108321
	Bitmap Heap Scan on sbtest3  (cost=5.51..421.49 rows=105 width=125)
	  Recheck Cond: ((k >= 2108221) AND (k <= 2108321))
	  ->  Bitmap Index Scan on k_3  (cost=0.00..5.48 rows=105 width=0)
	        Index Cond: ((k >= 2108221) AND (k <= 2108321))

table 4 : explain SELECT k, c FROM sbtest4 WHERE k BETWEEN 2108221 AND 2108321
	Bitmap Heap Scan on sbtest4  (cost=5.42..385.93 rows=96 width=125)
	  Recheck Cond: ((k >= 2108221) AND (k <= 2108321))
	  ->  Bitmap Index Scan on k_4  (cost=0.00..5.39 rows=96 width=0)
	        Index Cond: ((k >= 2108221) AND (k <= 2108321))

table 5 : explain SELECT k, c FROM sbtest5 WHERE k BETWEEN 2108221 AND 2108321
	Bitmap Heap Scan on sbtest5  (cost=5.49..413.41 rows=103 width=125)
	  Recheck Cond: ((k >= 2108221) AND (k <= 2108321))
	  ->  Bitmap Index Scan on k_5  (cost=0.00..5.46 rows=103 width=0)
	        Index Cond: ((k >= 2108221) AND (k <= 2108321))

table 6 : explain SELECT k, c FROM sbtest6 WHERE k BETWEEN 2108221 AND 2108321
	Bitmap Heap Scan on sbtest6  (cost=5.59..452.88 rows=113 width=125)
	  Recheck Cond: ((k >= 2108221) AND (k <= 2108321))
	  ->  Bitmap Index Scan on k_6  (cost=0.00..5.56 rows=113 width=0)
	        Index Cond: ((k >= 2108221) AND (k <= 2108321))

table 7 : explain SELECT k, c FROM sbtest7 WHERE k BETWEEN 2108221 AND 2108321
	Bitmap Heap Scan on sbtest7  (cost=5.38..370.18 rows=92 width=125)
	  Recheck Cond: ((k >= 2108221) AND (k <= 2108321))
	  ->  Bitmap Index Scan on k_7  (cost=0.00..5.35 rows=92 width=0)
	        Index Cond: ((k >= 2108221) AND (k <= 2108321))

table 8 : explain SELECT k, c FROM sbtest8 WHERE k BETWEEN 2108221 AND 2108321
	Bitmap Heap Scan on sbtest8  (cost=5.43..389.72 rows=97 width=125)
	  Recheck Cond: ((k >= 2108221) AND (k <= 2108321))
	  ->  Bitmap Index Scan on k_8  (cost=0.00..5.40 rows=97 width=0)
	        Index Cond: ((k >= 2108221) AND (k <= 2108321))

explain: for range-notcovered :: explain SELECT k, c FROM sbtest%d WHERE k BETWEEN 2108221 AND 2108321
for range-notcovered
table 1 : explain SELECT k, c FROM sbtest1 WHERE k BETWEEN 4671107 AND 4671207
	Bitmap Heap Scan on sbtest1  (cost=5.45..397.66 rows=99 width=125)
	  Recheck Cond: ((k >= 4671107) AND (k <= 4671207))
	  ->  Bitmap Index Scan on k_1  (cost=0.00..5.42 rows=99 width=0)
	        Index Cond: ((k >= 4671107) AND (k <= 4671207))

table 2 : explain SELECT k, c FROM sbtest2 WHERE k BETWEEN 4671107 AND 4671207
	Bitmap Heap Scan on sbtest2  (cost=5.39..373.94 rows=93 width=125)
	  Recheck Cond: ((k >= 4671107) AND (k <= 4671207))
	  ->  Bitmap Index Scan on k_2  (cost=0.00..5.36 rows=93 width=0)
	        Index Cond: ((k >= 4671107) AND (k <= 4671207))

table 3 : explain SELECT k, c FROM sbtest3 WHERE k BETWEEN 4671107 AND 4671207
	Bitmap Heap Scan on sbtest3  (cost=5.43..389.92 rows=97 width=125)
	  Recheck Cond: ((k >= 4671107) AND (k <= 4671207))
	  ->  Bitmap Index Scan on k_3  (cost=0.00..5.40 rows=97 width=0)
	        Index Cond: ((k >= 4671107) AND (k <= 4671207))

table 4 : explain SELECT k, c FROM sbtest4 WHERE k BETWEEN 4671107 AND 4671207
	Bitmap Heap Scan on sbtest4  (cost=5.44..393.83 rows=98 width=125)
	  Recheck Cond: ((k >= 4671107) AND (k <= 4671207))
	  ->  Bitmap Index Scan on k_4  (cost=0.00..5.42 rows=98 width=0)
	        Index Cond: ((k >= 4671107) AND (k <= 4671207))

table 5 : explain SELECT k, c FROM sbtest5 WHERE k BETWEEN 4671107 AND 4671207
	Bitmap Heap Scan on sbtest5  (cost=5.45..397.63 rows=99 width=125)
	  Recheck Cond: ((k >= 4671107) AND (k <= 4671207))
	  ->  Bitmap Index Scan on k_5  (cost=0.00..5.42 rows=99 width=0)
	        Index Cond: ((k >= 4671107) AND (k <= 4671207))

table 6 : explain SELECT k, c FROM sbtest6 WHERE k BETWEEN 4671107 AND 4671207
	Bitmap Heap Scan on sbtest6  (cost=5.42..385.84 rows=96 width=125)
	  Recheck Cond: ((k >= 4671107) AND (k <= 4671207))
	  ->  Bitmap Index Scan on k_6  (cost=0.00..5.39 rows=96 width=0)
	        Index Cond: ((k >= 4671107) AND (k <= 4671207))

table 7 : explain SELECT k, c FROM sbtest7 WHERE k BETWEEN 4671107 AND 4671207
	Bitmap Heap Scan on sbtest7  (cost=5.46..401.77 rows=100 width=125)
	  Recheck Cond: ((k >= 4671107) AND (k <= 4671207))
	  ->  Bitmap Index Scan on k_7  (cost=0.00..5.43 rows=100 width=0)
	        Index Cond: ((k >= 4671107) AND (k <= 4671207))

table 8 : explain SELECT k, c FROM sbtest8 WHERE k BETWEEN 4671107 AND 4671207
	Bitmap Heap Scan on sbtest8  (cost=5.45..397.61 rows=99 width=125)
	  Recheck Cond: ((k >= 4671107) AND (k <= 4671207))
	  ->  Bitmap Index Scan on k_8  (cost=0.00..5.42 rows=99 width=0)
	        Index Cond: ((k >= 4671107) AND (k <= 4671207))

for range-notcovered
table 1 : explain SELECT k, c FROM sbtest1 WHERE k BETWEEN 7077320 AND 7077420
	Bitmap Heap Scan on sbtest1  (cost=5.48..409.49 rows=102 width=125)
	  Recheck Cond: ((k >= 7077320) AND (k <= 7077420))
	  ->  Bitmap Index Scan on k_1  (cost=0.00..5.45 rows=102 width=0)
	        Index Cond: ((k >= 7077320) AND (k <= 7077420))

table 2 : explain SELECT k, c FROM sbtest2 WHERE k BETWEEN 7077320 AND 7077420
	Bitmap Heap Scan on sbtest2  (cost=5.49..413.39 rows=103 width=125)
	  Recheck Cond: ((k >= 7077320) AND (k <= 7077420))
	  ->  Bitmap Index Scan on k_2  (cost=0.00..5.46 rows=103 width=0)
	        Index Cond: ((k >= 7077320) AND (k <= 7077420))

table 3 : explain SELECT k, c FROM sbtest3 WHERE k BETWEEN 7077320 AND 7077420
	Bitmap Heap Scan on sbtest3  (cost=5.44..393.86 rows=98 width=125)
	  Recheck Cond: ((k >= 7077320) AND (k <= 7077420))
	  ->  Bitmap Index Scan on k_3  (cost=0.00..5.42 rows=98 width=0)
	        Index Cond: ((k >= 7077320) AND (k <= 7077420))

table 4 : explain SELECT k, c FROM sbtest4 WHERE k BETWEEN 7077320 AND 7077420
	Bitmap Heap Scan on sbtest4  (cost=5.44..393.83 rows=98 width=125)
	  Recheck Cond: ((k >= 7077320) AND (k <= 7077420))
	  ->  Bitmap Index Scan on k_4  (cost=0.00..5.42 rows=98 width=0)
	        Index Cond: ((k >= 7077320) AND (k <= 7077420))

table 5 : explain SELECT k, c FROM sbtest5 WHERE k BETWEEN 7077320 AND 7077420
	Bitmap Heap Scan on sbtest5  (cost=5.49..413.41 rows=103 width=125)
	  Recheck Cond: ((k >= 7077320) AND (k <= 7077420))
	  ->  Bitmap Index Scan on k_5  (cost=0.00..5.46 rows=103 width=0)
	        Index Cond: ((k >= 7077320) AND (k <= 7077420))

table 6 : explain SELECT k, c FROM sbtest6 WHERE k BETWEEN 7077320 AND 7077420
	Bitmap Heap Scan on sbtest6  (cost=5.41..381.90 rows=95 width=125)
	  Recheck Cond: ((k >= 7077320) AND (k <= 7077420))
	  ->  Bitmap Index Scan on k_6  (cost=0.00..5.38 rows=95 width=0)
	        Index Cond: ((k >= 7077320) AND (k <= 7077420))

table 7 : explain SELECT k, c FROM sbtest7 WHERE k BETWEEN 7077320 AND 7077420
	Bitmap Heap Scan on sbtest7  (cost=5.58..449.11 rows=112 width=125)
	  Recheck Cond: ((k >= 7077320) AND (k <= 7077420))
	  ->  Bitmap Index Scan on k_7  (cost=0.00..5.55 rows=112 width=0)
	        Index Cond: ((k >= 7077320) AND (k <= 7077420))

table 8 : explain SELECT k, c FROM sbtest8 WHERE k BETWEEN 7077320 AND 7077420
	Bitmap Heap Scan on sbtest8  (cost=5.50..417.33 rows=104 width=125)
	  Recheck Cond: ((k >= 7077320) AND (k <= 7077420))
	  ->  Bitmap Index Scan on k_8  (cost=0.00..5.47 rows=104 width=0)
	        Index Cond: ((k >= 7077320) AND (k <= 7077420))

for range-notcovered
table 1 : explain SELECT k, c FROM sbtest1 WHERE k BETWEEN 1805649 AND 1805749
	Bitmap Heap Scan on sbtest1  (cost=5.50..417.38 rows=104 width=125)
	  Recheck Cond: ((k >= 1805649) AND (k <= 1805749))
	  ->  Bitmap Index Scan on k_1  (cost=0.00..5.47 rows=104 width=0)
	        Index Cond: ((k >= 1805649) AND (k <= 1805749))

table 2 : explain SELECT k, c FROM sbtest2 WHERE k BETWEEN 1805649 AND 1805749
	Bitmap Heap Scan on sbtest2  (cost=5.41..381.84 rows=95 width=125)
	  Recheck Cond: ((k >= 1805649) AND (k <= 1805749))
	  ->  Bitmap Index Scan on k_2  (cost=0.00..5.38 rows=95 width=0)
	        Index Cond: ((k >= 1805649) AND (k <= 1805749))

table 3 : explain SELECT k, c FROM sbtest3 WHERE k BETWEEN 1805649 AND 1805749
	Bitmap Heap Scan on sbtest3  (cost=5.45..397.81 rows=99 width=125)
	  Recheck Cond: ((k >= 1805649) AND (k <= 1805749))
	  ->  Bitmap Index Scan on k_3  (cost=0.00..5.42 rows=99 width=0)
	        Index Cond: ((k >= 1805649) AND (k <= 1805749))

table 4 : explain SELECT k, c FROM sbtest4 WHERE k BETWEEN 1805649 AND 1805749
	Bitmap Heap Scan on sbtest4  (cost=5.51..421.45 rows=105 width=125)
	  Recheck Cond: ((k >= 1805649) AND (k <= 1805749))
	  ->  Bitmap Index Scan on k_4  (cost=0.00..5.48 rows=105 width=0)
	        Index Cond: ((k >= 1805649) AND (k <= 1805749))

table 5 : explain SELECT k, c FROM sbtest5 WHERE k BETWEEN 1805649 AND 1805749
	Bitmap Heap Scan on sbtest5  (cost=5.51..421.30 rows=105 width=125)
	  Recheck Cond: ((k >= 1805649) AND (k <= 1805749))
	  ->  Bitmap Index Scan on k_5  (cost=0.00..5.48 rows=105 width=0)
	        Index Cond: ((k >= 1805649) AND (k <= 1805749))

table 6 : explain SELECT k, c FROM sbtest6 WHERE k BETWEEN 1805649 AND 1805749
	Bitmap Heap Scan on sbtest6  (cost=5.50..417.41 rows=104 width=125)
	  Recheck Cond: ((k >= 1805649) AND (k <= 1805749))
	  ->  Bitmap Index Scan on k_6  (cost=0.00..5.47 rows=104 width=0)
	        Index Cond: ((k >= 1805649) AND (k <= 1805749))

table 7 : explain SELECT k, c FROM sbtest7 WHERE k BETWEEN 1805649 AND 1805749
	Bitmap Heap Scan on sbtest7  (cost=5.46..401.77 rows=100 width=125)
	  Recheck Cond: ((k >= 1805649) AND (k <= 1805749))
	  ->  Bitmap Index Scan on k_7  (cost=0.00..5.43 rows=100 width=0)
	        Index Cond: ((k >= 1805649) AND (k <= 1805749))

table 8 : explain SELECT k, c FROM sbtest8 WHERE k BETWEEN 1805649 AND 1805749
	Bitmap Heap Scan on sbtest8  (cost=5.42..385.78 rows=96 width=125)
	  Recheck Cond: ((k >= 1805649) AND (k <= 1805749))
	  ->  Bitmap Index Scan on k_8  (cost=0.00..5.39 rows=96 width=0)
	        Index Cond: ((k >= 1805649) AND (k <= 1805749))

for range-notcovered
table 1 : explain SELECT k, c FROM sbtest1 WHERE k BETWEEN 4982726 AND 4982826
	Bitmap Heap Scan on sbtest1  (cost=5.55..437.09 rows=109 width=125)
	  Recheck Cond: ((k >= 4982726) AND (k <= 4982826))
	  ->  Bitmap Index Scan on k_1  (cost=0.00..5.52 rows=109 width=0)
	        Index Cond: ((k >= 4982726) AND (k <= 4982826))

table 2 : explain SELECT k, c FROM sbtest2 WHERE k BETWEEN 4982726 AND 4982826
	Bitmap Heap Scan on sbtest2  (cost=5.46..401.56 rows=100 width=125)
	  Recheck Cond: ((k >= 4982726) AND (k <= 4982826))
	  ->  Bitmap Index Scan on k_2  (cost=0.00..5.43 rows=100 width=0)
	        Index Cond: ((k >= 4982726) AND (k <= 4982826))

table 3 : explain SELECT k, c FROM sbtest3 WHERE k BETWEEN 4982726 AND 4982826
	Bitmap Heap Scan on sbtest3  (cost=5.38..370.17 rows=92 width=125)
	  Recheck Cond: ((k >= 4982726) AND (k <= 4982826))
	  ->  Bitmap Index Scan on k_3  (cost=0.00..5.35 rows=92 width=0)
	        Index Cond: ((k >= 4982726) AND (k <= 4982826))

table 4 : explain SELECT k, c FROM sbtest4 WHERE k BETWEEN 4982726 AND 4982826
	Bitmap Heap Scan on sbtest4  (cost=5.54..433.28 rows=108 width=125)
	  Recheck Cond: ((k >= 4982726) AND (k <= 4982826))
	  ->  Bitmap Index Scan on k_4  (cost=0.00..5.51 rows=108 width=0)
	        Index Cond: ((k >= 4982726) AND (k <= 4982826))

table 5 : explain SELECT k, c FROM sbtest5 WHERE k BETWEEN 4982726 AND 4982826
	Bitmap Heap Scan on sbtest5  (cost=5.45..397.63 rows=99 width=125)
	  Recheck Cond: ((k >= 4982726) AND (k <= 4982826))
	  ->  Bitmap Index Scan on k_5  (cost=0.00..5.42 rows=99 width=0)
	        Index Cond: ((k >= 4982726) AND (k <= 4982826))

table 6 : explain SELECT k, c FROM sbtest6 WHERE k BETWEEN 4982726 AND 4982826
	Bitmap Heap Scan on sbtest6  (cost=5.48..409.52 rows=102 width=125)
	  Recheck Cond: ((k >= 4982726) AND (k <= 4982826))
	  ->  Bitmap Index Scan on k_6  (cost=0.00..5.45 rows=102 width=0)
	        Index Cond: ((k >= 4982726) AND (k <= 4982826))

table 7 : explain SELECT k, c FROM sbtest7 WHERE k BETWEEN 4982726 AND 4982826
	Bitmap Heap Scan on sbtest7  (cost=5.49..413.61 rows=103 width=125)
	  Recheck Cond: ((k >= 4982726) AND (k <= 4982826))
	  ->  Bitmap Index Scan on k_7  (cost=0.00..5.46 rows=103 width=0)
	        Index Cond: ((k >= 4982726) AND (k <= 4982826))

table 8 : explain SELECT k, c FROM sbtest8 WHERE k BETWEEN 4982726 AND 4982826
	Bitmap Heap Scan on sbtest8  (cost=5.62..464.62 rows=116 width=125)
	  Recheck Cond: ((k >= 4982726) AND (k <= 4982826))
	  ->  Bitmap Index Scan on k_8  (cost=0.00..5.59 rows=116 width=0)
	        Index Cond: ((k >= 4982726) AND (k <= 4982826))

explain: for range-notcovered :: explain SELECT k, c FROM sbtest%d WHERE k BETWEEN 4671107 AND 4671207
explain: for range-notcovered :: explain SELECT k, c FROM sbtest%d WHERE k BETWEEN 7077320 AND 7077420
explain: for range-notcovered :: explain SELECT k, c FROM sbtest%d WHERE k BETWEEN 1805649 AND 1805749
explain: for range-notcovered :: explain SELECT k, c FROM sbtest%d WHERE k BETWEEN 4982726 AND 4982826
for range-notcovered
table 1 : explain SELECT k, c FROM sbtest1 WHERE k BETWEEN 5087132 AND 5087232
	Bitmap Heap Scan on sbtest1  (cost=5.42..385.82 rows=96 width=125)
	  Recheck Cond: ((k >= 5087132) AND (k <= 5087232))
	  ->  Bitmap Index Scan on k_1  (cost=0.00..5.39 rows=96 width=0)
	        Index Cond: ((k >= 5087132) AND (k <= 5087232))

table 2 : explain SELECT k, c FROM sbtest2 WHERE k BETWEEN 5087132 AND 5087232
	Bitmap Heap Scan on sbtest2  (cost=5.53..429.16 rows=107 width=125)
	  Recheck Cond: ((k >= 5087132) AND (k <= 5087232))
	  ->  Bitmap Index Scan on k_2  (cost=0.00..5.50 rows=107 width=0)
	        Index Cond: ((k >= 5087132) AND (k <= 5087232))

table 3 : explain SELECT k, c FROM sbtest3 WHERE k BETWEEN 5087132 AND 5087232
	Bitmap Heap Scan on sbtest3  (cost=5.43..389.92 rows=97 width=125)
	  Recheck Cond: ((k >= 5087132) AND (k <= 5087232))
	  ->  Bitmap Index Scan on k_3  (cost=0.00..5.40 rows=97 width=0)
	        Index Cond: ((k >= 5087132) AND (k <= 5087232))

table 4 : explain SELECT k, c FROM sbtest4 WHERE k BETWEEN 5087132 AND 5087232
	Bitmap Heap Scan on sbtest4  (cost=5.42..385.93 rows=96 width=125)
	  Recheck Cond: ((k >= 5087132) AND (k <= 5087232))
	  ->  Bitmap Index Scan on k_4  (cost=0.00..5.39 rows=96 width=0)
	        Index Cond: ((k >= 5087132) AND (k <= 5087232))

table 5 : explain SELECT k, c FROM sbtest5 WHERE k BETWEEN 5087132 AND 5087232
	Bitmap Heap Scan on sbtest5  (cost=5.49..413.41 rows=103 width=125)
	  Recheck Cond: ((k >= 5087132) AND (k <= 5087232))
	  ->  Bitmap Index Scan on k_5  (cost=0.00..5.46 rows=103 width=0)
	        Index Cond: ((k >= 5087132) AND (k <= 5087232))

table 6 : explain SELECT k, c FROM sbtest6 WHERE k BETWEEN 5087132 AND 5087232
	Bitmap Heap Scan on sbtest6  (cost=5.49..413.46 rows=103 width=125)
	  Recheck Cond: ((k >= 5087132) AND (k <= 5087232))
	  ->  Bitmap Index Scan on k_6  (cost=0.00..5.46 rows=103 width=0)
	        Index Cond: ((k >= 5087132) AND (k <= 5087232))

table 7 : explain SELECT k, c FROM sbtest7 WHERE k BETWEEN 5087132 AND 5087232
	Bitmap Heap Scan on sbtest7  (cost=5.55..437.28 rows=109 width=125)
	  Recheck Cond: ((k >= 5087132) AND (k <= 5087232))
	  ->  Bitmap Index Scan on k_7  (cost=0.00..5.52 rows=109 width=0)
	        Index Cond: ((k >= 5087132) AND (k <= 5087232))

table 8 : explain SELECT k, c FROM sbtest8 WHERE k BETWEEN 5087132 AND 5087232
	Bitmap Heap Scan on sbtest8  (cost=5.55..437.04 rows=109 width=125)
	  Recheck Cond: ((k >= 5087132) AND (k <= 5087232))
	  ->  Bitmap Index Scan on k_8  (cost=0.00..5.52 rows=109 width=0)
	        Index Cond: ((k >= 5087132) AND (k <= 5087232))

for range-notcovered
table 1 : explain SELECT k, c FROM sbtest1 WHERE k BETWEEN 3792277 AND 3792377
	Bitmap Heap Scan on sbtest1  (cost=5.44..393.71 rows=98 width=125)
	  Recheck Cond: ((k >= 3792277) AND (k <= 3792377))
	  ->  Bitmap Index Scan on k_1  (cost=0.00..5.42 rows=98 width=0)
	        Index Cond: ((k >= 3792277) AND (k <= 3792377))

table 2 : explain SELECT k, c FROM sbtest2 WHERE k BETWEEN 3792277 AND 3792377
	Bitmap Heap Scan on sbtest2  (cost=5.45..397.62 rows=99 width=125)
	  Recheck Cond: ((k >= 3792277) AND (k <= 3792377))
	  ->  Bitmap Index Scan on k_2  (cost=0.00..5.42 rows=99 width=0)
	        Index Cond: ((k >= 3792277) AND (k <= 3792377))

table 3 : explain SELECT k, c FROM sbtest3 WHERE k BETWEEN 3792277 AND 3792377
	Bitmap Heap Scan on sbtest3  (cost=5.45..397.81 rows=99 width=125)
	  Recheck Cond: ((k >= 3792277) AND (k <= 3792377))
	  ->  Bitmap Index Scan on k_3  (cost=0.00..5.42 rows=99 width=0)
	        Index Cond: ((k >= 3792277) AND (k <= 3792377))

table 4 : explain SELECT k, c FROM sbtest4 WHERE k BETWEEN 3792277 AND 3792377
	Bitmap Heap Scan on sbtest4  (cost=5.55..437.23 rows=109 width=125)
	  Recheck Cond: ((k >= 3792277) AND (k <= 3792377))
	  ->  Bitmap Index Scan on k_4  (cost=0.00..5.52 rows=109 width=0)
	        Index Cond: ((k >= 3792277) AND (k <= 3792377))

table 5 : explain SELECT k, c FROM sbtest5 WHERE k BETWEEN 3792277 AND 3792377
	Bitmap Heap Scan on sbtest5  (cost=5.43..389.74 rows=97 width=125)
	  Recheck Cond: ((k >= 3792277) AND (k <= 3792377))
	  ->  Bitmap Index Scan on k_5  (cost=0.00..5.40 rows=97 width=0)
	        Index Cond: ((k >= 3792277) AND (k <= 3792377))

table 6 : explain SELECT k, c FROM sbtest6 WHERE k BETWEEN 3792277 AND 3792377
	Bitmap Heap Scan on sbtest6  (cost=5.56..441.06 rows=110 width=125)
	  Recheck Cond: ((k >= 3792277) AND (k <= 3792377))
	  ->  Bitmap Index Scan on k_6  (cost=0.00..5.53 rows=110 width=0)
	        Index Cond: ((k >= 3792277) AND (k <= 3792377))

table 7 : explain SELECT k, c FROM sbtest7 WHERE k BETWEEN 3792277 AND 3792377
	Bitmap Heap Scan on sbtest7  (cost=5.40..378.08 rows=94 width=125)
	  Recheck Cond: ((k >= 3792277) AND (k <= 3792377))
	  ->  Bitmap Index Scan on k_7  (cost=0.00..5.38 rows=94 width=0)
	        Index Cond: ((k >= 3792277) AND (k <= 3792377))

table 8 : explain SELECT k, c FROM sbtest8 WHERE k BETWEEN 3792277 AND 3792377
	Bitmap Heap Scan on sbtest8  (cost=5.41..381.83 rows=95 width=125)
	  Recheck Cond: ((k >= 3792277) AND (k <= 3792377))
	  ->  Bitmap Index Scan on k_8  (cost=0.00..5.38 rows=95 width=0)
	        Index Cond: ((k >= 3792277) AND (k <= 3792377))
for range-notcovered
table 1 : explain SELECT k, c FROM sbtest1 WHERE k BETWEEN 7568207 AND 7568307
	Bitmap Heap Scan on sbtest1  (cost=5.47..405.55 rows=101 width=125)
	  Recheck Cond: ((k >= 7568207) AND (k <= 7568307))
	  ->  Bitmap Index Scan on k_1  (cost=0.00..5.44 rows=101 width=0)
	        Index Cond: ((k >= 7568207) AND (k <= 7568307))

table 2 : explain SELECT k, c FROM sbtest2 WHERE k BETWEEN 7568207 AND 7568307
	Bitmap Heap Scan on sbtest2  (cost=5.47..405.51 rows=101 width=125)
	  Recheck Cond: ((k >= 7568207) AND (k <= 7568307))
	  ->  Bitmap Index Scan on k_2  (cost=0.00..5.44 rows=101 width=0)
	        Index Cond: ((k >= 7568207) AND (k <= 7568307))

table 3 : explain SELECT k, c FROM sbtest3 WHERE k BETWEEN 7568207 AND 7568307
	Bitmap Heap Scan on sbtest3  (cost=5.54..433.32 rows=108 width=125)
	  Recheck Cond: ((k >= 7568207) AND (k <= 7568307))
	  ->  Bitmap Index Scan on k_3  (cost=0.00..5.51 rows=108 width=0)
	        Index Cond: ((k >= 7568207) AND (k <= 7568307))

table 4 : explain SELECT k, c FROM sbtest4 WHERE k BETWEEN 7568207 AND 7568307
	Bitmap Heap Scan on sbtest4  (cost=5.44..393.83 rows=98 width=125)
	  Recheck Cond: ((k >= 7568207) AND (k <= 7568307))
	  ->  Bitmap Index Scan on k_4  (cost=0.00..5.42 rows=98 width=0)
	        Index Cond: ((k >= 7568207) AND (k <= 7568307))

table 5 : explain SELECT k, c FROM sbtest5 WHERE k BETWEEN 7568207 AND 7568307
	Bitmap Heap Scan on sbtest5  (cost=5.55..437.06 rows=109 width=125)
	  Recheck Cond: ((k >= 7568207) AND (k <= 7568307))
	  ->  Bitmap Index Scan on k_5  (cost=0.00..5.52 rows=109 width=0)
	        Index Cond: ((k >= 7568207) AND (k <= 7568307))

table 6 : explain SELECT k, c FROM sbtest6 WHERE k BETWEEN 7568207 AND 7568307
	Bitmap Heap Scan on sbtest6  (cost=5.55..437.12 rows=109 width=125)
	  Recheck Cond: ((k >= 7568207) AND (k <= 7568307))
	  ->  Bitmap Index Scan on k_6  (cost=0.00..5.52 rows=109 width=0)
	        Index Cond: ((k >= 7568207) AND (k <= 7568307))

table 7 : explain SELECT k, c FROM sbtest7 WHERE k BETWEEN 7568207 AND 7568307
	Bitmap Heap Scan on sbtest7  (cost=5.41..382.03 rows=95 width=125)
	  Recheck Cond: ((k >= 7568207) AND (k <= 7568307))
	  ->  Bitmap Index Scan on k_7  (cost=0.00..5.38 rows=95 width=0)
	        Index Cond: ((k >= 7568207) AND (k <= 7568307))

table 8 : explain SELECT k, c FROM sbtest8 WHERE k BETWEEN 7568207 AND 7568307
	Bitmap Heap Scan on sbtest8  (cost=5.49..413.39 rows=103 width=125)
	  Recheck Cond: ((k >= 7568207) AND (k <= 7568307))
	  ->  Bitmap Index Scan on k_8  (cost=0.00..5.46 rows=103 width=0)
	        Index Cond: ((k >= 7568207) AND (k <= 7568307))
for range-notcovered
table 1 : explain SELECT k, c FROM sbtest1 WHERE k BETWEEN 4879440 AND 4879540
	Bitmap Heap Scan on sbtest1  (cost=5.48..409.49 rows=102 width=125)
	  Recheck Cond: ((k >= 4879440) AND (k <= 4879540))
	  ->  Bitmap Index Scan on k_1  (cost=0.00..5.45 rows=102 width=0)
	        Index Cond: ((k >= 4879440) AND (k <= 4879540))

table 2 : explain SELECT k, c FROM sbtest2 WHERE k BETWEEN 4879440 AND 4879540
	Bitmap Heap Scan on sbtest2  (cost=5.46..401.56 rows=100 width=125)
	  Recheck Cond: ((k >= 4879440) AND (k <= 4879540))
	  ->  Bitmap Index Scan on k_2  (cost=0.00..5.43 rows=100 width=0)
	        Index Cond: ((k >= 4879440) AND (k <= 4879540))

table 3 : explain SELECT k, c FROM sbtest3 WHERE k BETWEEN 4879440 AND 4879540
	Bitmap Heap Scan on sbtest3  (cost=5.51..421.49 rows=105 width=125)
	  Recheck Cond: ((k >= 4879440) AND (k <= 4879540))
	  ->  Bitmap Index Scan on k_3  (cost=0.00..5.48 rows=105 width=0)
	        Index Cond: ((k >= 4879440) AND (k <= 4879540))

table 4 : explain SELECT k, c FROM sbtest4 WHERE k BETWEEN 4879440 AND 4879540
	Bitmap Heap Scan on sbtest4  (cost=5.51..421.45 rows=105 width=125)
	  Recheck Cond: ((k >= 4879440) AND (k <= 4879540))
	  ->  Bitmap Index Scan on k_4  (cost=0.00..5.48 rows=105 width=0)
	        Index Cond: ((k >= 4879440) AND (k <= 4879540))

table 5 : explain SELECT k, c FROM sbtest5 WHERE k BETWEEN 4879440 AND 4879540
	Bitmap Heap Scan on sbtest5  (cost=5.56..441.00 rows=110 width=125)
	  Recheck Cond: ((k >= 4879440) AND (k <= 4879540))
	  ->  Bitmap Index Scan on k_5  (cost=0.00..5.53 rows=110 width=0)
	        Index Cond: ((k >= 4879440) AND (k <= 4879540))

table 6 : explain SELECT k, c FROM sbtest6 WHERE k BETWEEN 4879440 AND 4879540
	Bitmap Heap Scan on sbtest6  (cost=5.43..389.79 rows=97 width=125)
	  Recheck Cond: ((k >= 4879440) AND (k <= 4879540))
	  ->  Bitmap Index Scan on k_6  (cost=0.00..5.40 rows=97 width=0)
	        Index Cond: ((k >= 4879440) AND (k <= 4879540))

table 7 : explain SELECT k, c FROM sbtest7 WHERE k BETWEEN 4879440 AND 4879540
	Bitmap Heap Scan on sbtest7  (cost=5.47..405.72 rows=101 width=125)
	  Recheck Cond: ((k >= 4879440) AND (k <= 4879540))
	  ->  Bitmap Index Scan on k_7  (cost=0.00..5.44 rows=101 width=0)
	        Index Cond: ((k >= 4879440) AND (k <= 4879540))

table 8 : explain SELECT k, c FROM sbtest8 WHERE k BETWEEN 4879440 AND 4879540
	Bitmap Heap Scan on sbtest8  (cost=5.46..401.56 rows=100 width=125)
	  Recheck Cond: ((k >= 4879440) AND (k <= 4879540))
	  ->  Bitmap Index Scan on k_8  (cost=0.00..5.43 rows=100 width=0)
	        Index Cond: ((k >= 4879440) AND (k <= 4879540))
for range-notcovered
table 1 : explain SELECT k, c FROM sbtest1 WHERE k BETWEEN 4122321 AND 4122421
	Bitmap Heap Scan on sbtest1  (cost=5.43..389.77 rows=97 width=125)
	  Recheck Cond: ((k >= 4122321) AND (k <= 4122421))
	  ->  Bitmap Index Scan on k_1  (cost=0.00..5.40 rows=97 width=0)
	        Index Cond: ((k >= 4122321) AND (k <= 4122421))

table 2 : explain SELECT k, c FROM sbtest2 WHERE k BETWEEN 4122321 AND 4122421
	Bitmap Heap Scan on sbtest2  (cost=5.52..425.22 rows=106 width=125)
	  Recheck Cond: ((k >= 4122321) AND (k <= 4122421))
	  ->  Bitmap Index Scan on k_2  (cost=0.00..5.50 rows=106 width=0)
	        Index Cond: ((k >= 4122321) AND (k <= 4122421))

table 3 : explain SELECT k, c FROM sbtest3 WHERE k BETWEEN 4122321 AND 4122421
	Bitmap Heap Scan on sbtest3  (cost=5.48..409.65 rows=102 width=125)
	  Recheck Cond: ((k >= 4122321) AND (k <= 4122421))
	  ->  Bitmap Index Scan on k_3  (cost=0.00..5.45 rows=102 width=0)
	        Index Cond: ((k >= 4122321) AND (k <= 4122421))

table 4 : explain SELECT k, c FROM sbtest4 WHERE k BETWEEN 4122321 AND 4122421
	Bitmap Heap Scan on sbtest4  (cost=5.55..437.23 rows=109 width=125)
	  Recheck Cond: ((k >= 4122321) AND (k <= 4122421))
	  ->  Bitmap Index Scan on k_4  (cost=0.00..5.52 rows=109 width=0)
	        Index Cond: ((k >= 4122321) AND (k <= 4122421))

table 5 : explain SELECT k, c FROM sbtest5 WHERE k BETWEEN 4122321 AND 4122421
	Bitmap Heap Scan on sbtest5  (cost=5.39..373.96 rows=93 width=125)
	  Recheck Cond: ((k >= 4122321) AND (k <= 4122421))
	  ->  Bitmap Index Scan on k_5  (cost=0.00..5.36 rows=93 width=0)
	        Index Cond: ((k >= 4122321) AND (k <= 4122421))

table 6 : explain SELECT k, c FROM sbtest6 WHERE k BETWEEN 4122321 AND 4122421
	Bitmap Heap Scan on sbtest6  (cost=5.51..421.35 rows=105 width=125)
	  Recheck Cond: ((k >= 4122321) AND (k <= 4122421))
	  ->  Bitmap Index Scan on k_6  (cost=0.00..5.48 rows=105 width=0)
	        Index Cond: ((k >= 4122321) AND (k <= 4122421))

table 7 : explain SELECT k, c FROM sbtest7 WHERE k BETWEEN 4122321 AND 4122421
	Bitmap Heap Scan on sbtest7  (cost=5.54..433.34 rows=108 width=125)
	  Recheck Cond: ((k >= 4122321) AND (k <= 4122421))
	  ->  Bitmap Index Scan on k_7  (cost=0.00..5.51 rows=108 width=0)
	        Index Cond: ((k >= 4122321) AND (k <= 4122421))

table 8 : explain SELECT k, c FROM sbtest8 WHERE k BETWEEN 4122321 AND 4122421
	Bitmap Heap Scan on sbtest8  (cost=5.54..433.10 rows=108 width=125)
	  Recheck Cond: ((k >= 4122321) AND (k <= 4122421))
	  ->  Bitmap Index Scan on k_8  (cost=0.00..5.51 rows=108 width=0)
	        Index Cond: ((k >= 4122321) AND (k <= 4122421))

for range-notcovered
table 1 : explain SELECT k, c FROM sbtest1 WHERE k BETWEEN 4791258 AND 4791358
	Bitmap Heap Scan on sbtest1  (cost=5.57..444.97 rows=111 width=125)
	  Recheck Cond: ((k >= 4791258) AND (k <= 4791358))
	  ->  Bitmap Index Scan on k_1  (cost=0.00..5.54 rows=111 width=0)
	        Index Cond: ((k >= 4791258) AND (k <= 4791358))

table 2 : explain SELECT k, c FROM sbtest2 WHERE k BETWEEN 4791258 AND 4791358
	Bitmap Heap Scan on sbtest2  (cost=5.46..401.56 rows=100 width=125)
	  Recheck Cond: ((k >= 4791258) AND (k <= 4791358))
	  ->  Bitmap Index Scan on k_2  (cost=0.00..5.43 rows=100 width=0)
	        Index Cond: ((k >= 4791258) AND (k <= 4791358))

table 3 : explain SELECT k, c FROM sbtest3 WHERE k BETWEEN 4791258 AND 4791358
	Bitmap Heap Scan on sbtest3  (cost=5.51..421.49 rows=105 width=125)
	  Recheck Cond: ((k >= 4791258) AND (k <= 4791358))
	  ->  Bitmap Index Scan on k_3  (cost=0.00..5.48 rows=105 width=0)
	        Index Cond: ((k >= 4791258) AND (k <= 4791358))

table 4 : explain SELECT k, c FROM sbtest4 WHERE k BETWEEN 4791258 AND 4791358
	Bitmap Heap Scan on sbtest4  (cost=5.48..409.61 rows=102 width=125)
	  Recheck Cond: ((k >= 4791258) AND (k <= 4791358))
	  ->  Bitmap Index Scan on k_4  (cost=0.00..5.45 rows=102 width=0)
	        Index Cond: ((k >= 4791258) AND (k <= 4791358))

table 5 : explain SELECT k, c FROM sbtest5 WHERE k BETWEEN 4791258 AND 4791358
	Bitmap Heap Scan on sbtest5  (cost=5.43..389.74 rows=97 width=125)
	  Recheck Cond: ((k >= 4791258) AND (k <= 4791358))
	  ->  Bitmap Index Scan on k_5  (cost=0.00..5.40 rows=97 width=0)
	        Index Cond: ((k >= 4791258) AND (k <= 4791358))

table 6 : explain SELECT k, c FROM sbtest6 WHERE k BETWEEN 4791258 AND 4791358
	Bitmap Heap Scan on sbtest6  (cost=5.62..464.70 rows=116 width=125)
	  Recheck Cond: ((k >= 4791258) AND (k <= 4791358))
	  ->  Bitmap Index Scan on k_6  (cost=0.00..5.59 rows=116 width=0)
	        Index Cond: ((k >= 4791258) AND (k <= 4791358))

table 7 : explain SELECT k, c FROM sbtest7 WHERE k BETWEEN 4791258 AND 4791358
	Bitmap Heap Scan on sbtest7  (cost=5.56..441.23 rows=110 width=125)
	  Recheck Cond: ((k >= 4791258) AND (k <= 4791358))
	  ->  Bitmap Index Scan on k_7  (cost=0.00..5.53 rows=110 width=0)
	        Index Cond: ((k >= 4791258) AND (k <= 4791358))

table 8 : explain SELECT k, c FROM sbtest8 WHERE k BETWEEN 4791258 AND 4791358
	Bitmap Heap Scan on sbtest8  (cost=5.46..401.56 rows=100 width=125)
	  Recheck Cond: ((k >= 4791258) AND (k <= 4791358))
	  ->  Bitmap Index Scan on k_8  (cost=0.00..5.43 rows=100 width=0)
	        Index Cond: ((k >= 4791258) AND (k <= 4791358))

for range-notcovered
table 1 : explain SELECT k, c FROM sbtest1 WHERE k BETWEEN 6518508 AND 6518608
	Bitmap Heap Scan on sbtest1  (cost=5.44..393.71 rows=98 width=125)
	  Recheck Cond: ((k >= 6518508) AND (k <= 6518608))
	  ->  Bitmap Index Scan on k_1  (cost=0.00..5.42 rows=98 width=0)
	        Index Cond: ((k >= 6518508) AND (k <= 6518608))

table 2 : explain SELECT k, c FROM sbtest2 WHERE k BETWEEN 6518508 AND 6518608
	Bitmap Heap Scan on sbtest2  (cost=5.62..464.62 rows=116 width=125)
	  Recheck Cond: ((k >= 6518508) AND (k <= 6518608))
	  ->  Bitmap Index Scan on k_2  (cost=0.00..5.59 rows=116 width=0)
	        Index Cond: ((k >= 6518508) AND (k <= 6518608))

table 3 : explain SELECT k, c FROM sbtest3 WHERE k BETWEEN 6518508 AND 6518608
	Bitmap Heap Scan on sbtest3  (cost=5.51..421.49 rows=105 width=125)
	  Recheck Cond: ((k >= 6518508) AND (k <= 6518608))
	  ->  Bitmap Index Scan on k_3  (cost=0.00..5.48 rows=105 width=0)
	        Index Cond: ((k >= 6518508) AND (k <= 6518608))

table 4 : explain SELECT k, c FROM sbtest4 WHERE k BETWEEN 6518508 AND 6518608
	Bitmap Heap Scan on sbtest4  (cost=5.49..413.56 rows=103 width=125)
	  Recheck Cond: ((k >= 6518508) AND (k <= 6518608))
	  ->  Bitmap Index Scan on k_4  (cost=0.00..5.46 rows=103 width=0)
	        Index Cond: ((k >= 6518508) AND (k <= 6518608))

table 5 : explain SELECT k, c FROM sbtest5 WHERE k BETWEEN 6518508 AND 6518608
	Bitmap Heap Scan on sbtest5  (cost=5.64..472.52 rows=118 width=125)
	  Recheck Cond: ((k >= 6518508) AND (k <= 6518608))
	  ->  Bitmap Index Scan on k_5  (cost=0.00..5.61 rows=118 width=0)
	        Index Cond: ((k >= 6518508) AND (k <= 6518608))

table 6 : explain SELECT k, c FROM sbtest6 WHERE k BETWEEN 6518508 AND 6518608
	Bitmap Heap Scan on sbtest6  (cost=5.52..425.29 rows=106 width=125)
	  Recheck Cond: ((k >= 6518508) AND (k <= 6518608))
	  ->  Bitmap Index Scan on k_6  (cost=0.00..5.50 rows=106 width=0)
	        Index Cond: ((k >= 6518508) AND (k <= 6518608))

table 7 : explain SELECT k, c FROM sbtest7 WHERE k BETWEEN 6518508 AND 6518608
	Bitmap Heap Scan on sbtest7  (cost=5.50..417.56 rows=104 width=125)
	  Recheck Cond: ((k >= 6518508) AND (k <= 6518608))
	  ->  Bitmap Index Scan on k_7  (cost=0.00..5.47 rows=104 width=0)
	        Index Cond: ((k >= 6518508) AND (k <= 6518608))

table 8 : explain SELECT k, c FROM sbtest8 WHERE k BETWEEN 6518508 AND 6518608
	Bitmap Heap Scan on sbtest8  (cost=5.49..413.39 rows=103 width=125)
	  Recheck Cond: ((k >= 6518508) AND (k <= 6518608))
	  ->  Bitmap Index Scan on k_8  (cost=0.00..5.46 rows=103 width=0)
	        Index Cond: ((k >= 6518508) AND (k <= 6518608))

explain: for range-notcovered :: explain SELECT k, c FROM sbtest%d WHERE k BETWEEN 5087132 AND 5087232

explain: for range-notcovered :: explain SELECT k, c FROM sbtest%d WHERE k BETWEEN 4122321 AND 4122421

for range-notcovered
table 1 : explain SELECT k, c FROM sbtest1 WHERE k BETWEEN 3618693 AND 3618793
	Bitmap Heap Scan on sbtest1  (cost=5.45..397.66 rows=99 width=125)
	  Recheck Cond: ((k >= 3618693) AND (k <= 3618793))
	  ->  Bitmap Index Scan on k_1  (cost=0.00..5.42 rows=99 width=0)
	        Index Cond: ((k >= 3618693) AND (k <= 3618793))

table 2 : explain SELECT k, c FROM sbtest2 WHERE k BETWEEN 3618693 AND 3618793
	Bitmap Heap Scan on sbtest2  (cost=5.42..385.78 rows=96 width=125)
	  Recheck Cond: ((k >= 3618693) AND (k <= 3618793))
	  ->  Bitmap Index Scan on k_2  (cost=0.00..5.39 rows=96 width=0)
	        Index Cond: ((k >= 3618693) AND (k <= 3618793))

table 3 : explain SELECT k, c FROM sbtest3 WHERE k BETWEEN 3618693 AND 3618793
	Bitmap Heap Scan on sbtest3  (cost=5.51..421.49 rows=105 width=125)
	  Recheck Cond: ((k >= 3618693) AND (k <= 3618793))
	  ->  Bitmap Index Scan on k_3  (cost=0.00..5.48 rows=105 width=0)
	        Index Cond: ((k >= 3618693) AND (k <= 3618793))

table 4 : explain SELECT k, c FROM sbtest4 WHERE k BETWEEN 3618693 AND 3618793
	Bitmap Heap Scan on sbtest4  (cost=5.47..405.67 rows=101 width=125)
	  Recheck Cond: ((k >= 3618693) AND (k <= 3618793))
	  ->  Bitmap Index Scan on k_4  (cost=0.00..5.44 rows=101 width=0)
	        Index Cond: ((k >= 3618693) AND (k <= 3618793))

table 5 : explain SELECT k, c FROM sbtest5 WHERE k BETWEEN 3618693 AND 3618793
	Bitmap Heap Scan on sbtest5  (cost=5.50..417.35 rows=104 width=125)
	  Recheck Cond: ((k >= 3618693) AND (k <= 3618793))
	  ->  Bitmap Index Scan on k_5  (cost=0.00..5.47 rows=104 width=0)
	        Index Cond: ((k >= 3618693) AND (k <= 3618793))

table 6 : explain SELECT k, c FROM sbtest6 WHERE k BETWEEN 3618693 AND 3618793
	Bitmap Heap Scan on sbtest6  (cost=5.43..389.79 rows=97 width=125)
	  Recheck Cond: ((k >= 3618693) AND (k <= 3618793))
	  ->  Bitmap Index Scan on k_6  (cost=0.00..5.40 rows=97 width=0)
	        Index Cond: ((k >= 3618693) AND (k <= 3618793))

table 7 : explain SELECT k, c FROM sbtest7 WHERE k BETWEEN 3618693 AND 3618793
	Bitmap Heap Scan on sbtest7  (cost=5.51..421.50 rows=105 width=125)
	  Recheck Cond: ((k >= 3618693) AND (k <= 3618793))
	  ->  Bitmap Index Scan on k_7  (cost=0.00..5.48 rows=105 width=0)
	        Index Cond: ((k >= 3618693) AND (k <= 3618793))

table 8 : explain SELECT k, c FROM sbtest8 WHERE k BETWEEN 3618693 AND 3618793
	Bitmap Heap Scan on sbtest8  (cost=5.42..385.78 rows=96 width=125)
	  Recheck Cond: ((k >= 3618693) AND (k <= 3618793))
	  ->  Bitmap Index Scan on k_8  (cost=0.00..5.39 rows=96 width=0)
	        Index Cond: ((k >= 3618693) AND (k <= 3618793))
for range-notcovered
table 1 : explain SELECT k, c FROM sbtest1 WHERE k BETWEEN 6900185 AND 6900285
	Bitmap Heap Scan on sbtest1  (cost=5.52..425.26 rows=106 width=125)
	  Recheck Cond: ((k >= 6900185) AND (k <= 6900285))
	  ->  Bitmap Index Scan on k_1  (cost=0.00..5.50 rows=106 width=0)
	        Index Cond: ((k >= 6900185) AND (k <= 6900285))

table 2 : explain SELECT k, c FROM sbtest2 WHERE k BETWEEN 6900185 AND 6900285
	Bitmap Heap Scan on sbtest2  (cost=5.45..397.62 rows=99 width=125)
	  Recheck Cond: ((k >= 6900185) AND (k <= 6900285))
	  ->  Bitmap Index Scan on k_2  (cost=0.00..5.42 rows=99 width=0)
	        Index Cond: ((k >= 6900185) AND (k <= 6900285))

table 3 : explain SELECT k, c FROM sbtest3 WHERE k BETWEEN 6900185 AND 6900285
	Bitmap Heap Scan on sbtest3  (cost=5.56..441.21 rows=110 width=125)
	  Recheck Cond: ((k >= 6900185) AND (k <= 6900285))
	  ->  Bitmap Index Scan on k_3  (cost=0.00..5.53 rows=110 width=0)
	        Index Cond: ((k >= 6900185) AND (k <= 6900285))

table 4 : explain SELECT k, c FROM sbtest4 WHERE k BETWEEN 6900185 AND 6900285
	Bitmap Heap Scan on sbtest4  (cost=5.49..413.56 rows=103 width=125)
	  Recheck Cond: ((k >= 6900185) AND (k <= 6900285))
	  ->  Bitmap Index Scan on k_4  (cost=0.00..5.46 rows=103 width=0)
	        Index Cond: ((k >= 6900185) AND (k <= 6900285))

table 5 : explain SELECT k, c FROM sbtest5 WHERE k BETWEEN 6900185 AND 6900285
	Bitmap Heap Scan on sbtest5  (cost=5.55..437.06 rows=109 width=125)
	  Recheck Cond: ((k >= 6900185) AND (k <= 6900285))
	  ->  Bitmap Index Scan on k_5  (cost=0.00..5.52 rows=109 width=0)
	        Index Cond: ((k >= 6900185) AND (k <= 6900285))

table 6 : explain SELECT k, c FROM sbtest6 WHERE k BETWEEN 6900185 AND 6900285
	Bitmap Heap Scan on sbtest6  (cost=5.44..393.74 rows=98 width=125)
	  Recheck Cond: ((k >= 6900185) AND (k <= 6900285))
	  ->  Bitmap Index Scan on k_6  (cost=0.00..5.42 rows=98 width=0)
	        Index Cond: ((k >= 6900185) AND (k <= 6900285))

table 7 : explain SELECT k, c FROM sbtest7 WHERE k BETWEEN 6900185 AND 6900285
	Bitmap Heap Scan on sbtest7  (cost=5.35..358.33 rows=89 width=125)
	  Recheck Cond: ((k >= 6900185) AND (k <= 6900285))
	  ->  Bitmap Index Scan on k_7  (cost=0.00..5.32 rows=89 width=0)
	        Index Cond: ((k >= 6900185) AND (k <= 6900285))

table 8 : explain SELECT k, c FROM sbtest8 WHERE k BETWEEN 6900185 AND 6900285
	Bitmap Heap Scan on sbtest8  (cost=5.45..397.61 rows=99 width=125)
	  Recheck Cond: ((k >= 6900185) AND (k <= 6900285))
	  ->  Bitmap Index Scan on k_8  (cost=0.00..5.42 rows=99 width=0)
	        Index Cond: ((k >= 6900185) AND (k <= 6900285))

explain: for range-notcovered :: explain SELECT k, c FROM sbtest%d WHERE k BETWEEN 4791258 AND 4791358for range-notcovered
table 1 : explain SELECT k, c FROM sbtest1 WHERE k BETWEEN 3544069 AND 3544169
	Bitmap Heap Scan on sbtest1  (cost=5.53..429.21 rows=107 width=125)
	  Recheck Cond: ((k >= 3544069) AND (k <= 3544169))
	  ->  Bitmap Index Scan on k_1  (cost=0.00..5.50 rows=107 width=0)
	        Index Cond: ((k >= 3544069) AND (k <= 3544169))

table 2 : explain SELECT k, c FROM sbtest2 WHERE k BETWEEN 3544069 AND 3544169
	Bitmap Heap Scan on sbtest2  (cost=5.54..433.10 rows=108 width=125)
	  Recheck Cond: ((k >= 3544069) AND (k <= 3544169))
	  ->  Bitmap Index Scan on k_2  (cost=0.00..5.51 rows=108 width=0)
	        Index Cond: ((k >= 3544069) AND (k <= 3544169))

table 3 : explain SELECT k, c FROM sbtest3 WHERE k BETWEEN 3544069 AND 3544169
	Bitmap Heap Scan on sbtest3  (cost=5.46..401.76 rows=100 width=125)
	  Recheck Cond: ((k >= 3544069) AND (k <= 3544169))
	  ->  Bitmap Index Scan on k_3  (cost=0.00..5.43 rows=100 width=0)
	        Index Cond: ((k >= 3544069) AND (k <= 3544169))

table 4 : explain SELECT k, c FROM sbtest4 WHERE k BETWEEN 3544069 AND 3544169
	Bitmap Heap Scan on sbtest4  (cost=5.39..374.08 rows=93 width=125)
	  Recheck Cond: ((k >= 3544069) AND (k <= 3544169))
	  ->  Bitmap Index Scan on k_4  (cost=0.00..5.36 rows=93 width=0)
	        Index Cond: ((k >= 3544069) AND (k <= 3544169))

table 5 : explain SELECT k, c FROM sbtest5 WHERE k BETWEEN 3544069 AND 3544169
	Bitmap Heap Scan on sbtest5  (cost=5.47..405.52 rows=101 width=125)
	  Recheck Cond: ((k >= 3544069) AND (k <= 3544169))
	  ->  Bitmap Index Scan on k_5  (cost=0.00..5.44 rows=101 width=0)
	        Index Cond: ((k >= 3544069) AND (k <= 3544169))

table 6 : explain SELECT k, c FROM sbtest6 WHERE k BETWEEN 3544069 AND 3544169
	Bitmap Heap Scan on sbtest6  (cost=5.48..409.52 rows=102 width=125)
	  Recheck Cond: ((k >= 3544069) AND (k <= 3544169))
	  ->  Bitmap Index Scan on k_6  (cost=0.00..5.45 rows=102 width=0)
	        Index Cond: ((k >= 3544069) AND (k <= 3544169))

table 7 : explain SELECT k, c FROM sbtest7 WHERE k BETWEEN 3544069 AND 3544169
	Bitmap Heap Scan on sbtest7  (cost=5.60..457.00 rows=114 width=125)
	  Recheck Cond: ((k >= 3544069) AND (k <= 3544169))
	  ->  Bitmap Index Scan on k_7  (cost=0.00..5.58 rows=114 width=0)
	        Index Cond: ((k >= 3544069) AND (k <= 3544169))

table 8 : explain SELECT k, c FROM sbtest8 WHERE k BETWEEN 3544069 AND 3544169
	Bitmap Heap Scan on sbtest8  (cost=5.42..385.78 rows=96 width=125)
	  Recheck Cond: ((k >= 3544069) AND (k <= 3544169))
	  ->  Bitmap Index Scan on k_8  (cost=0.00..5.39 rows=96 width=0)
	        Index Cond: ((k >= 3544069) AND (k <= 3544169))
explain: for range-notcovered :: explain SELECT k, c FROM sbtest%d WHERE k BETWEEN 4879440 AND 4879540

for range-notcovered
table 1 : explain SELECT k, c FROM sbtest1 WHERE k BETWEEN 4271217 AND 4271317
	Bitmap Heap Scan on sbtest1  (cost=5.45..397.66 rows=99 width=125)
	  Recheck Cond: ((k >= 4271217) AND (k <= 4271317))
	  ->  Bitmap Index Scan on k_1  (cost=0.00..5.42 rows=99 width=0)
	        Index Cond: ((k >= 4271217) AND (k <= 4271317))

table 2 : explain SELECT k, c FROM sbtest2 WHERE k BETWEEN 4271217 AND 4271317
	Bitmap Heap Scan on sbtest2  (cost=5.45..397.62 rows=99 width=125)
	  Recheck Cond: ((k >= 4271217) AND (k <= 4271317))
	  ->  Bitmap Index Scan on k_2  (cost=0.00..5.42 rows=99 width=0)
	        Index Cond: ((k >= 4271217) AND (k <= 4271317))

table 3 : explain SELECT k, c FROM sbtest3 WHERE k BETWEEN 4271217 AND 4271317
	Bitmap Heap Scan on sbtest3  (cost=5.37..366.22 rows=91 width=125)
	  Recheck Cond: ((k >= 4271217) AND (k <= 4271317))
	  ->  Bitmap Index Scan on k_3  (cost=0.00..5.34 rows=91 width=0)
	        Index Cond: ((k >= 4271217) AND (k <= 4271317))

table 4 : explain SELECT k, c FROM sbtest4 WHERE k BETWEEN 4271217 AND 4271317
	Bitmap Heap Scan on sbtest4  (cost=5.47..405.67 rows=101 width=125)
	  Recheck Cond: ((k >= 4271217) AND (k <= 4271317))
	  ->  Bitmap Index Scan on k_4  (cost=0.00..5.44 rows=101 width=0)
	        Index Cond: ((k >= 4271217) AND (k <= 4271317))

table 5 : explain SELECT k, c FROM sbtest5 WHERE k BETWEEN 4271217 AND 4271317
	Bitmap Heap Scan on sbtest5  (cost=5.50..417.35 rows=104 width=125)
	  Recheck Cond: ((k >= 4271217) AND (k <= 4271317))
	  ->  Bitmap Index Scan on k_5  (cost=0.00..5.47 rows=104 width=0)
	        Index Cond: ((k >= 4271217) AND (k <= 4271317))

table 6 : explain SELECT k, c FROM sbtest6 WHERE k BETWEEN 4271217 AND 4271317
	Bitmap Heap Scan on sbtest6  (cost=5.52..425.29 rows=106 width=125)
	  Recheck Cond: ((k >= 4271217) AND (k <= 4271317))
	  ->  Bitmap Index Scan on k_6  (cost=0.00..5.50 rows=106 width=0)
	        Index Cond: ((k >= 4271217) AND (k <= 4271317))

table 7 : explain SELECT k, c FROM sbtest7 WHERE k BETWEEN 4271217 AND 4271317
	Bitmap Heap Scan on sbtest7  (cost=5.46..401.77 rows=100 width=125)
	  Recheck Cond: ((k >= 4271217) AND (k <= 4271317))
	  ->  Bitmap Index Scan on k_7  (cost=0.00..5.43 rows=100 width=0)
	        Index Cond: ((k >= 4271217) AND (k <= 4271317))

table 8 : explain SELECT k, c FROM sbtest8 WHERE k BETWEEN 4271217 AND 4271317
	Bitmap Heap Scan on sbtest8  (cost=5.49..413.39 rows=103 width=125)
	  Recheck Cond: ((k >= 4271217) AND (k <= 4271317))
	  ->  Bitmap Index Scan on k_8  (cost=0.00..5.46 rows=103 width=0)
	        Index Cond: ((k >= 4271217) AND (k <= 4271317))
explain: for range-notcovered :: explain SELECT k, c FROM sbtest%d WHERE k BETWEEN 3792277 AND 3792377

for range-notcovered
table 1 : explain SELECT k, c FROM sbtest1 WHERE k BETWEEN 2987361 AND 2987461
	Bitmap Heap Scan on sbtest1  (cost=5.55..437.09 rows=109 width=125)
	  Recheck Cond: ((k >= 2987361) AND (k <= 2987461))
	  ->  Bitmap Index Scan on k_1  (cost=0.00..5.52 rows=109 width=0)
	        Index Cond: ((k >= 2987361) AND (k <= 2987461))

table 2 : explain SELECT k, c FROM sbtest2 WHERE k BETWEEN 2987361 AND 2987461
	Bitmap Heap Scan on sbtest2  (cost=5.44..393.67 rows=98 width=125)
	  Recheck Cond: ((k >= 2987361) AND (k <= 2987461))
	  ->  Bitmap Index Scan on k_2  (cost=0.00..5.42 rows=98 width=0)
	        Index Cond: ((k >= 2987361) AND (k <= 2987461))

table 3 : explain SELECT k, c FROM sbtest3 WHERE k BETWEEN 2987361 AND 2987461
	Bitmap Heap Scan on sbtest3  (cost=5.42..385.97 rows=96 width=125)
	  Recheck Cond: ((k >= 2987361) AND (k <= 2987461))
	  ->  Bitmap Index Scan on k_3  (cost=0.00..5.39 rows=96 width=0)
	        Index Cond: ((k >= 2987361) AND (k <= 2987461))

table 4 : explain SELECT k, c FROM sbtest4 WHERE k BETWEEN 2987361 AND 2987461
	Bitmap Heap Scan on sbtest4  (cost=5.54..433.28 rows=108 width=125)
	  Recheck Cond: ((k >= 2987361) AND (k <= 2987461))
	  ->  Bitmap Index Scan on k_4  (cost=0.00..5.51 rows=108 width=0)
	        Index Cond: ((k >= 2987361) AND (k <= 2987461))

table 5 : explain SELECT k, c FROM sbtest5 WHERE k BETWEEN 2987361 AND 2987461
	Bitmap Heap Scan on sbtest5  (cost=5.50..417.35 rows=104 width=125)
	  Recheck Cond: ((k >= 2987361) AND (k <= 2987461))
	  ->  Bitmap Index Scan on k_5  (cost=0.00..5.47 rows=104 width=0)
	        Index Cond: ((k >= 2987361) AND (k <= 2987461))

table 6 : explain SELECT k, c FROM sbtest6 WHERE k BETWEEN 2987361 AND 2987461
	Bitmap Heap Scan on sbtest6  (cost=5.40..377.95 rows=94 width=125)
	  Recheck Cond: ((k >= 2987361) AND (k <= 2987461))
	  ->  Bitmap Index Scan on k_6  (cost=0.00..5.38 rows=94 width=0)
	        Index Cond: ((k >= 2987361) AND (k <= 2987461))

table 7 : explain SELECT k, c FROM sbtest7 WHERE k BETWEEN 2987361 AND 2987461
	Bitmap Heap Scan on sbtest7  (cost=5.48..409.67 rows=102 width=125)
	  Recheck Cond: ((k >= 2987361) AND (k <= 2987461))
	  ->  Bitmap Index Scan on k_7  (cost=0.00..5.45 rows=102 width=0)
	        Index Cond: ((k >= 2987361) AND (k <= 2987461))

table 8 : explain SELECT k, c FROM sbtest8 WHERE k BETWEEN 2987361 AND 2987461
	Bitmap Heap Scan on sbtest8  (cost=5.52..425.22 rows=106 width=125)
	  Recheck Cond: ((k >= 2987361) AND (k <= 2987461))
	  ->  Bitmap Index Scan on k_8  (cost=0.00..5.50 rows=106 width=0)
	        Index Cond: ((k >= 2987361) AND (k <= 2987461))


for range-notcovered
table 1 : explain SELECT k, c FROM sbtest1 WHERE k BETWEEN 4108565 AND 4108665
	Bitmap Heap Scan on sbtest1  (cost=5.43..389.77 rows=97 width=125)
	  Recheck Cond: ((k >= 4108565) AND (k <= 4108665))
	  ->  Bitmap Index Scan on k_1  (cost=0.00..5.40 rows=97 width=0)
	        Index Cond: ((k >= 4108565) AND (k <= 4108665))

table 2 : explain SELECT k, c FROM sbtest2 WHERE k BETWEEN 4108565 AND 4108665
	Bitmap Heap Scan on sbtest2  (cost=5.52..425.22 rows=106 width=125)
	  Recheck Cond: ((k >= 4108565) AND (k <= 4108665))
	  ->  Bitmap Index Scan on k_2  (cost=0.00..5.50 rows=106 width=0)
	        Index Cond: ((k >= 4108565) AND (k <= 4108665))

table 3 : explain SELECT k, c FROM sbtest3 WHERE k BETWEEN 4108565 AND 4108665
	Bitmap Heap Scan on sbtest3  (cost=5.48..409.65 rows=102 width=125)
	  Recheck Cond: ((k >= 4108565) AND (k <= 4108665))
	  ->  Bitmap Index Scan on k_3  (cost=0.00..5.45 rows=102 width=0)
	        Index Cond: ((k >= 4108565) AND (k <= 4108665))

table 4 : explain SELECT k, c FROM sbtest4 WHERE k BETWEEN 4108565 AND 4108665
	Bitmap Heap Scan on sbtest4  (cost=5.55..437.23 rows=109 width=125)
	  Recheck Cond: ((k >= 4108565) AND (k <= 4108665))
	  ->  Bitmap Index Scan on k_4  (cost=0.00..5.52 rows=109 width=0)
	        Index Cond: ((k >= 4108565) AND (k <= 4108665))

table 5 : explain SELECT k, c FROM sbtest5 WHERE k BETWEEN 4108565 AND 4108665
	Bitmap Heap Scan on sbtest5  (cost=5.39..373.96 rows=93 width=125)
	  Recheck Cond: ((k >= 4108565) AND (k <= 4108665))
	  ->  Bitmap Index Scan on k_5  (cost=0.00..5.36 rows=93 width=0)
	        Index Cond: ((k >= 4108565) AND (k <= 4108665))

table 6 : explain SELECT k, c FROM sbtest6 WHERE k BETWEEN 4108565 AND 4108665
	Bitmap Heap Scan on sbtest6  (cost=5.51..421.35 rows=105 width=125)
	  Recheck Cond: ((k >= 4108565) AND (k <= 4108665))
	  ->  Bitmap Index Scan on k_6  (cost=0.00..5.48 rows=105 width=0)
	        Index Cond: ((k >= 4108565) AND (k <= 4108665))

table 7 : explain SELECT k, c FROM sbtest7 WHERE k BETWEEN 4108565 AND 4108665
	Bitmap Heap Scan on sbtest7  (cost=5.54..433.34 rows=108 width=125)
	  Recheck Cond: ((k >= 4108565) AND (k <= 4108665))
	  ->  Bitmap Index Scan on k_7  (cost=0.00..5.51 rows=108 width=0)
	        Index Cond: ((k >= 4108565) AND (k <= 4108665))

table 8 : explain SELECT k, c FROM sbtest8 WHERE k BETWEEN 4108565 AND 4108665
	Bitmap Heap Scan on sbtest8  (cost=5.54..433.10 rows=108 width=125)
	  Recheck Cond: ((k >= 4108565) AND (k <= 4108665))
	  ->  Bitmap Index Scan on k_8  (cost=0.00..5.51 rows=108 width=0)
	        Index Cond: ((k >= 4108565) AND (k <= 4108665))


for range-notcovered
table 1 : explain SELECT k, c FROM sbtest1 WHERE k BETWEEN 5645914 AND 5646014
	Bitmap Heap Scan on sbtest1  (cost=5.46..401.60 rows=100 width=125)
	  Recheck Cond: ((k >= 5645914) AND (k <= 5646014))
	  ->  Bitmap Index Scan on k_1  (cost=0.00..5.43 rows=100 width=0)
	        Index Cond: ((k >= 5645914) AND (k <= 5646014))

table 2 : explain SELECT k, c FROM sbtest2 WHERE k BETWEEN 5645914 AND 5646014
	Bitmap Heap Scan on sbtest2  (cost=5.46..401.56 rows=100 width=125)
	  Recheck Cond: ((k >= 5645914) AND (k <= 5646014))
	  ->  Bitmap Index Scan on k_2  (cost=0.00..5.43 rows=100 width=0)
	        Index Cond: ((k >= 5645914) AND (k <= 5646014))

table 3 : explain SELECT k, c FROM sbtest3 WHERE k BETWEEN 5645914 AND 5646014
	Bitmap Heap Scan on sbtest3  (cost=5.49..413.60 rows=103 width=125)
	  Recheck Cond: ((k >= 5645914) AND (k <= 5646014))
	  ->  Bitmap Index Scan on k_3  (cost=0.00..5.46 rows=103 width=0)
	        Index Cond: ((k >= 5645914) AND (k <= 5646014))

table 4 : explain SELECT k, c FROM sbtest4 WHERE k BETWEEN 5645914 AND 5646014
	Bitmap Heap Scan on sbtest4  (cost=5.42..385.93 rows=96 width=125)
	  Recheck Cond: ((k >= 5645914) AND (k <= 5646014))
	  ->  Bitmap Index Scan on k_4  (cost=0.00..5.39 rows=96 width=0)
	        Index Cond: ((k >= 5645914) AND (k <= 5646014))

table 5 : explain SELECT k, c FROM sbtest5 WHERE k BETWEEN 5645914 AND 5646014
	Bitmap Heap Scan on sbtest5  (cost=5.43..389.74 rows=97 width=125)
	  Recheck Cond: ((k >= 5645914) AND (k <= 5646014))
	  ->  Bitmap Index Scan on k_5  (cost=0.00..5.40 rows=97 width=0)
	        Index Cond: ((k >= 5645914) AND (k <= 5646014))

table 6 : explain SELECT k, c FROM sbtest6 WHERE k BETWEEN 5645914 AND 5646014
	Bitmap Heap Scan on sbtest6  (cost=5.53..429.24 rows=107 width=125)
	  Recheck Cond: ((k >= 5645914) AND (k <= 5646014))
	  ->  Bitmap Index Scan on k_6  (cost=0.00..5.50 rows=107 width=0)
	        Index Cond: ((k >= 5645914) AND (k <= 5646014))

table 7 : explain SELECT k, c FROM sbtest7 WHERE k BETWEEN 5645914 AND 5646014
	Bitmap Heap Scan on sbtest7  (cost=5.51..421.50 rows=105 width=125)
	  Recheck Cond: ((k >= 5645914) AND (k <= 5646014))
	  ->  Bitmap Index Scan on k_7  (cost=0.00..5.48 rows=105 width=0)
	        Index Cond: ((k >= 5645914) AND (k <= 5646014))

table 8 : explain SELECT k, c FROM sbtest8 WHERE k BETWEEN 5645914 AND 5646014
	Bitmap Heap Scan on sbtest8  (cost=5.48..409.45 rows=102 width=125)
	  Recheck Cond: ((k >= 5645914) AND (k <= 5646014))
	  ->  Bitmap Index Scan on k_8  (cost=0.00..5.45 rows=102 width=0)
	        Index Cond: ((k >= 5645914) AND (k <= 5646014))


for range-notcovered
table 1 : explain SELECT k, c FROM sbtest1 WHERE k BETWEEN 1785409 AND 1785509
	Bitmap Heap Scan on sbtest1  (cost=5.50..417.38 rows=104 width=125)
	  Recheck Cond: ((k >= 1785409) AND (k <= 1785509))
	  ->  Bitmap Index Scan on k_1  (cost=0.00..5.47 rows=104 width=0)
	        Index Cond: ((k >= 1785409) AND (k <= 1785509))

table 2 : explain SELECT k, c FROM sbtest2 WHERE k BETWEEN 1785409 AND 1785509
	Bitmap Heap Scan on sbtest2  (cost=5.41..381.84 rows=95 width=125)
	  Recheck Cond: ((k >= 1785409) AND (k <= 1785509))
	  ->  Bitmap Index Scan on k_2  (cost=0.00..5.38 rows=95 width=0)
	        Index Cond: ((k >= 1785409) AND (k <= 1785509))

table 3 : explain SELECT k, c FROM sbtest3 WHERE k BETWEEN 1785409 AND 1785509
	Bitmap Heap Scan on sbtest3  (cost=5.43..389.92 rows=97 width=125)
	  Recheck Cond: ((k >= 1785409) AND (k <= 1785509))
	  ->  Bitmap Index Scan on k_3  (cost=0.00..5.40 rows=97 width=0)
	        Index Cond: ((k >= 1785409) AND (k <= 1785509))

table 4 : explain SELECT k, c FROM sbtest4 WHERE k BETWEEN 1785409 AND 1785509
	Bitmap Heap Scan on sbtest4  (cost=5.41..381.98 rows=95 width=125)
	  Recheck Cond: ((k >= 1785409) AND (k <= 1785509))
	  ->  Bitmap Index Scan on k_4  (cost=0.00..5.38 rows=95 width=0)
	        Index Cond: ((k >= 1785409) AND (k <= 1785509))

table 5 : explain SELECT k, c FROM sbtest5 WHERE k BETWEEN 1785409 AND 1785509
	Bitmap Heap Scan on sbtest5  (cost=5.51..421.30 rows=105 width=125)
	  Recheck Cond: ((k >= 1785409) AND (k <= 1785509))
	  ->  Bitmap Index Scan on k_5  (cost=0.00..5.48 rows=105 width=0)
	        Index Cond: ((k >= 1785409) AND (k <= 1785509))

table 6 : explain SELECT k, c FROM sbtest6 WHERE k BETWEEN 1785409 AND 1785509
	Bitmap Heap Scan on sbtest6  (cost=5.50..417.41 rows=104 width=125)
	  Recheck Cond: ((k >= 1785409) AND (k <= 1785509))
	  ->  Bitmap Index Scan on k_6  (cost=0.00..5.47 rows=104 width=0)
	        Index Cond: ((k >= 1785409) AND (k <= 1785509))

table 7 : explain SELECT k, c FROM sbtest7 WHERE k BETWEEN 1785409 AND 1785509
	Bitmap Heap Scan on sbtest7  (cost=5.46..401.77 rows=100 width=125)
	  Recheck Cond: ((k >= 1785409) AND (k <= 1785509))
	  ->  Bitmap Index Scan on k_7  (cost=0.00..5.43 rows=100 width=0)
	        Index Cond: ((k >= 1785409) AND (k <= 1785509))

table 8 : explain SELECT k, c FROM sbtest8 WHERE k BETWEEN 1785409 AND 1785509
	Bitmap Heap Scan on sbtest8  (cost=5.44..393.67 rows=98 width=125)
	  Recheck Cond: ((k >= 1785409) AND (k <= 1785509))
	  ->  Bitmap Index Scan on k_8  (cost=0.00..5.42 rows=98 width=0)
	        Index Cond: ((k >= 1785409) AND (k <= 1785509))
explain: for range-notcovered :: explain SELECT k, c FROM sbtest%d WHERE k BETWEEN 2987361 AND 2987461explain: for range-notcovered :: explain SELECT k, c FROM sbtest%d WHERE k BETWEEN 6518508 AND 6518608explain: for range-notcovered :: explain SELECT k, c FROM sbtest%d WHERE k BETWEEN 6900185 AND 6900285for range-notcovered
table 1 : explain SELECT k, c FROM sbtest1 WHERE k BETWEEN 3288888 AND 3288988
	Bitmap Heap Scan on sbtest1  (cost=5.57..444.97 rows=111 width=125)
	  Recheck Cond: ((k >= 3288888) AND (k <= 3288988))
	  ->  Bitmap Index Scan on k_1  (cost=0.00..5.54 rows=111 width=0)
	        Index Cond: ((k >= 3288888) AND (k <= 3288988))

table 2 : explain SELECT k, c FROM sbtest2 WHERE k BETWEEN 3288888 AND 3288988
	Bitmap Heap Scan on sbtest2  (cost=5.49..413.39 rows=103 width=125)
	  Recheck Cond: ((k >= 3288888) AND (k <= 3288988))
	  ->  Bitmap Index Scan on k_2  (cost=0.00..5.46 rows=103 width=0)
	        Index Cond: ((k >= 3288888) AND (k <= 3288988))

table 3 : explain SELECT k, c FROM sbtest3 WHERE k BETWEEN 3288888 AND 3288988
	Bitmap Heap Scan on sbtest3  (cost=5.50..417.54 rows=104 width=125)
	  Recheck Cond: ((k >= 3288888) AND (k <= 3288988))
	  ->  Bitmap Index Scan on k_3  (cost=0.00..5.47 rows=104 width=0)
	        Index Cond: ((k >= 3288888) AND (k <= 3288988))

table 4 : explain SELECT k, c FROM sbtest4 WHERE k BETWEEN 3288888 AND 3288988
	Bitmap Heap Scan on sbtest4  (cost=5.39..374.08 rows=93 width=125)
	  Recheck Cond: ((k >= 3288888) AND (k <= 3288988))
	  ->  Bitmap Index Scan on k_4  (cost=0.00..5.36 rows=93 width=0)
	        Index Cond: ((k >= 3288888) AND (k <= 3288988))

table 5 : explain SELECT k, c FROM sbtest5 WHERE k BETWEEN 3288888 AND 3288988
	Bitmap Heap Scan on sbtest5  (cost=5.47..405.52 rows=101 width=125)
	  Recheck Cond: ((k >= 3288888) AND (k <= 3288988))
	  ->  Bitmap Index Scan on k_5  (cost=0.00..5.44 rows=101 width=0)
	        Index Cond: ((k >= 3288888) AND (k <= 3288988))

table 6 : explain SELECT k, c FROM sbtest6 WHERE k BETWEEN 3288888 AND 3288988
	Bitmap Heap Scan on sbtest6  (cost=5.50..417.41 rows=104 width=125)
	  Recheck Cond: ((k >= 3288888) AND (k <= 3288988))
	  ->  Bitmap Index Scan on k_6  (cost=0.00..5.47 rows=104 width=0)
	        Index Cond: ((k >= 3288888) AND (k <= 3288988))

table 7 : explain SELECT k, c FROM sbtest7 WHERE k BETWEEN 3288888 AND 3288988
	Bitmap Heap Scan on sbtest7  (cost=5.46..401.77 rows=100 width=125)
	  Recheck Cond: ((k >= 3288888) AND (k <= 3288988))
	  ->  Bitmap Index Scan on k_7  (cost=0.00..5.43 rows=100 width=0)
	        Index Cond: ((k >= 3288888) AND (k <= 3288988))

table 8 : explain SELECT k, c FROM sbtest8 WHERE k BETWEEN 3288888 AND 3288988
	Bitmap Heap Scan on sbtest8  (cost=5.44..393.67 rows=98 width=125)
	  Recheck Cond: ((k >= 3288888) AND (k <= 3288988))
	  ->  Bitmap Index Scan on k_8  (cost=0.00..5.42 rows=98 width=0)
	        Index Cond: ((k >= 3288888) AND (k <= 3288988))

explain: for range-notcovered :: explain SELECT k, c FROM sbtest%d WHERE k BETWEEN 3544069 AND 3544169
explain: for range-notcovered :: explain SELECT k, c FROM sbtest%d WHERE k BETWEEN 3618693 AND 3618793

explain: for range-notcovered :: explain SELECT k, c FROM sbtest%d WHERE k BETWEEN 4271217 AND 4271317
explain: for range-notcovered :: explain SELECT k, c FROM sbtest%d WHERE k BETWEEN 4108565 AND 4108665


explain: for range-notcovered :: explain SELECT k, c FROM sbtest%d WHERE k BETWEEN 3288888 AND 3288988
for range-notcovered
table 1 : explain SELECT k, c FROM sbtest1 WHERE k BETWEEN 4671107 AND 4671207
	Bitmap Heap Scan on sbtest1  (cost=5.45..397.66 rows=99 width=125)
	  Recheck Cond: ((k >= 4671107) AND (k <= 4671207))
	  ->  Bitmap Index Scan on k_1  (cost=0.00..5.42 rows=99 width=0)
	        Index Cond: ((k >= 4671107) AND (k <= 4671207))

table 2 : explain SELECT k, c FROM sbtest2 WHERE k BETWEEN 4671107 AND 4671207
	Bitmap Heap Scan on sbtest2  (cost=5.39..373.94 rows=93 width=125)
	  Recheck Cond: ((k >= 4671107) AND (k <= 4671207))
	  ->  Bitmap Index Scan on k_2  (cost=0.00..5.36 rows=93 width=0)
	        Index Cond: ((k >= 4671107) AND (k <= 4671207))

table 3 : explain SELECT k, c FROM sbtest3 WHERE k BETWEEN 4671107 AND 4671207
	Bitmap Heap Scan on sbtest3  (cost=5.43..389.92 rows=97 width=125)
	  Recheck Cond: ((k >= 4671107) AND (k <= 4671207))
	  ->  Bitmap Index Scan on k_3  (cost=0.00..5.40 rows=97 width=0)
	        Index Cond: ((k >= 4671107) AND (k <= 4671207))

table 4 : explain SELECT k, c FROM sbtest4 WHERE k BETWEEN 4671107 AND 4671207
	Bitmap Heap Scan on sbtest4  (cost=5.44..393.83 rows=98 width=125)
	  Recheck Cond: ((k >= 4671107) AND (k <= 4671207))
	  ->  Bitmap Index Scan on k_4  (cost=0.00..5.42 rows=98 width=0)
	        Index Cond: ((k >= 4671107) AND (k <= 4671207))

table 5 : explain SELECT k, c FROM sbtest5 WHERE k BETWEEN 4671107 AND 4671207
	Bitmap Heap Scan on sbtest5  (cost=5.45..397.63 rows=99 width=125)
	  Recheck Cond: ((k >= 4671107) AND (k <= 4671207))
	  ->  Bitmap Index Scan on k_5  (cost=0.00..5.42 rows=99 width=0)
	        Index Cond: ((k >= 4671107) AND (k <= 4671207))

table 6 : explain SELECT k, c FROM sbtest6 WHERE k BETWEEN 4671107 AND 4671207
	Bitmap Heap Scan on sbtest6  (cost=5.42..385.84 rows=96 width=125)
	  Recheck Cond: ((k >= 4671107) AND (k <= 4671207))
	  ->  Bitmap Index Scan on k_6  (cost=0.00..5.39 rows=96 width=0)
	        Index Cond: ((k >= 4671107) AND (k <= 4671207))

table 7 : explain SELECT k, c FROM sbtest7 WHERE k BETWEEN 4671107 AND 4671207
	Bitmap Heap Scan on sbtest7  (cost=5.46..401.77 rows=100 width=125)
	  Recheck Cond: ((k >= 4671107) AND (k <= 4671207))
	  ->  Bitmap Index Scan on k_7  (cost=0.00..5.43 rows=100 width=0)
	        Index Cond: ((k >= 4671107) AND (k <= 4671207))

table 8 : explain SELECT k, c FROM sbtest8 WHERE k BETWEEN 4671107 AND 4671207
	Bitmap Heap Scan on sbtest8  (cost=5.45..397.61 rows=99 width=125)
	  Recheck Cond: ((k >= 4671107) AND (k <= 4671207))
	  ->  Bitmap Index Scan on k_8  (cost=0.00..5.42 rows=99 width=0)
	        Index Cond: ((k >= 4671107) AND (k <= 4671207))

for range-notcovered
table 1 : explain SELECT k, c FROM sbtest1 WHERE k BETWEEN 7077320 AND 7077420
	Bitmap Heap Scan on sbtest1  (cost=5.48..409.49 rows=102 width=125)
	  Recheck Cond: ((k >= 7077320) AND (k <= 7077420))
	  ->  Bitmap Index Scan on k_1  (cost=0.00..5.45 rows=102 width=0)
	        Index Cond: ((k >= 7077320) AND (k <= 7077420))

table 2 : explain SELECT k, c FROM sbtest2 WHERE k BETWEEN 7077320 AND 7077420
	Bitmap Heap Scan on sbtest2  (cost=5.49..413.39 rows=103 width=125)
	  Recheck Cond: ((k >= 7077320) AND (k <= 7077420))
	  ->  Bitmap Index Scan on k_2  (cost=0.00..5.46 rows=103 width=0)
	        Index Cond: ((k >= 7077320) AND (k <= 7077420))

table 3 : explain SELECT k, c FROM sbtest3 WHERE k BETWEEN 7077320 AND 7077420
	Bitmap Heap Scan on sbtest3  (cost=5.44..393.86 rows=98 width=125)
	  Recheck Cond: ((k >= 7077320) AND (k <= 7077420))
	  ->  Bitmap Index Scan on k_3  (cost=0.00..5.42 rows=98 width=0)
	        Index Cond: ((k >= 7077320) AND (k <= 7077420))

table 4 : explain SELECT k, c FROM sbtest4 WHERE k BETWEEN 7077320 AND 7077420
	Bitmap Heap Scan on sbtest4  (cost=5.44..393.83 rows=98 width=125)
	  Recheck Cond: ((k >= 7077320) AND (k <= 7077420))
	  ->  Bitmap Index Scan on k_4  (cost=0.00..5.42 rows=98 width=0)
	        Index Cond: ((k >= 7077320) AND (k <= 7077420))

table 5 : explain SELECT k, c FROM sbtest5 WHERE k BETWEEN 7077320 AND 7077420
	Bitmap Heap Scan on sbtest5  (cost=5.49..413.41 rows=103 width=125)
	  Recheck Cond: ((k >= 7077320) AND (k <= 7077420))
	  ->  Bitmap Index Scan on k_5  (cost=0.00..5.46 rows=103 width=0)
	        Index Cond: ((k >= 7077320) AND (k <= 7077420))

table 6 : explain SELECT k, c FROM sbtest6 WHERE k BETWEEN 7077320 AND 7077420
	Bitmap Heap Scan on sbtest6  (cost=5.41..381.90 rows=95 width=125)
	  Recheck Cond: ((k >= 7077320) AND (k <= 7077420))
	  ->  Bitmap Index Scan on k_6  (cost=0.00..5.38 rows=95 width=0)
	        Index Cond: ((k >= 7077320) AND (k <= 7077420))

table 7 : explain SELECT k, c FROM sbtest7 WHERE k BETWEEN 7077320 AND 7077420
	Bitmap Heap Scan on sbtest7  (cost=5.58..449.11 rows=112 width=125)
	  Recheck Cond: ((k >= 7077320) AND (k <= 7077420))
	  ->  Bitmap Index Scan on k_7  (cost=0.00..5.55 rows=112 width=0)
	        Index Cond: ((k >= 7077320) AND (k <= 7077420))

table 8 : explain SELECT k, c FROM sbtest8 WHERE k BETWEEN 7077320 AND 7077420
	Bitmap Heap Scan on sbtest8  (cost=5.50..417.33 rows=104 width=125)
	  Recheck Cond: ((k >= 7077320) AND (k <= 7077420))
	  ->  Bitmap Index Scan on k_8  (cost=0.00..5.47 rows=104 width=0)
	        Index Cond: ((k >= 7077320) AND (k <= 7077420))
explain: for range-notcovered :: explain SELECT k, c FROM sbtest%d WHERE k BETWEEN 1785409 AND 1785509


for range-notcovered
table 1 : explain SELECT k, c FROM sbtest1 WHERE k BETWEEN 2108221 AND 2108321
	Bitmap Heap Scan on sbtest1  (cost=5.45..397.66 rows=99 width=125)
	  Recheck Cond: ((k >= 2108221) AND (k <= 2108321))
	  ->  Bitmap Index Scan on k_1  (cost=0.00..5.42 rows=99 width=0)
	        Index Cond: ((k >= 2108221) AND (k <= 2108321))

table 2 : explain SELECT k, c FROM sbtest2 WHERE k BETWEEN 2108221 AND 2108321
	Bitmap Heap Scan on sbtest2  (cost=5.42..385.78 rows=96 width=125)
	  Recheck Cond: ((k >= 2108221) AND (k <= 2108321))
	  ->  Bitmap Index Scan on k_2  (cost=0.00..5.39 rows=96 width=0)
	        Index Cond: ((k >= 2108221) AND (k <= 2108321))

table 3 : explain SELECT k, c FROM sbtest3 WHERE k BETWEEN 2108221 AND 2108321
	Bitmap Heap Scan on sbtest3  (cost=5.51..421.49 rows=105 width=125)
	  Recheck Cond: ((k >= 2108221) AND (k <= 2108321))
	  ->  Bitmap Index Scan on k_3  (cost=0.00..5.48 rows=105 width=0)
	        Index Cond: ((k >= 2108221) AND (k <= 2108321))

table 4 : explain SELECT k, c FROM sbtest4 WHERE k BETWEEN 2108221 AND 2108321
	Bitmap Heap Scan on sbtest4  (cost=5.42..385.93 rows=96 width=125)
	  Recheck Cond: ((k >= 2108221) AND (k <= 2108321))
	  ->  Bitmap Index Scan on k_4  (cost=0.00..5.39 rows=96 width=0)
	        Index Cond: ((k >= 2108221) AND (k <= 2108321))

table 5 : explain SELECT k, c FROM sbtest5 WHERE k BETWEEN 2108221 AND 2108321
	Bitmap Heap Scan on sbtest5  (cost=5.49..413.41 rows=103 width=125)
	  Recheck Cond: ((k >= 2108221) AND (k <= 2108321))
	  ->  Bitmap Index Scan on k_5  (cost=0.00..5.46 rows=103 width=0)
	        Index Cond: ((k >= 2108221) AND (k <= 2108321))

table 6 : explain SELECT k, c FROM sbtest6 WHERE k BETWEEN 2108221 AND 2108321
	Bitmap Heap Scan on sbtest6  (cost=5.59..452.88 rows=113 width=125)
	  Recheck Cond: ((k >= 2108221) AND (k <= 2108321))
	  ->  Bitmap Index Scan on k_6  (cost=0.00..5.56 rows=113 width=0)
	        Index Cond: ((k >= 2108221) AND (k <= 2108321))

table 7 : explain SELECT k, c FROM sbtest7 WHERE k BETWEEN 2108221 AND 2108321
	Bitmap Heap Scan on sbtest7  (cost=5.38..370.18 rows=92 width=125)
	  Recheck Cond: ((k >= 2108221) AND (k <= 2108321))
	  ->  Bitmap Index Scan on k_7  (cost=0.00..5.35 rows=92 width=0)
	        Index Cond: ((k >= 2108221) AND (k <= 2108321))

table 8 : explain SELECT k, c FROM sbtest8 WHERE k BETWEEN 2108221 AND 2108321
	Bitmap Heap Scan on sbtest8  (cost=5.43..389.72 rows=97 width=125)
	  Recheck Cond: ((k >= 2108221) AND (k <= 2108321))
	  ->  Bitmap Index Scan on k_8  (cost=0.00..5.40 rows=97 width=0)
	        Index Cond: ((k >= 2108221) AND (k <= 2108321))

explain: for range-notcovered :: explain SELECT k, c FROM sbtest%d WHERE k BETWEEN 4671107 AND 4671207
for range-notcovered
table 1 : explain SELECT k, c FROM sbtest1 WHERE k BETWEEN 1805649 AND 1805749
	Bitmap Heap Scan on sbtest1  (cost=5.50..417.38 rows=104 width=125)
	  Recheck Cond: ((k >= 1805649) AND (k <= 1805749))
	  ->  Bitmap Index Scan on k_1  (cost=0.00..5.47 rows=104 width=0)
	        Index Cond: ((k >= 1805649) AND (k <= 1805749))

table 2 : explain SELECT k, c FROM sbtest2 WHERE k BETWEEN 1805649 AND 1805749
	Bitmap Heap Scan on sbtest2  (cost=5.41..381.84 rows=95 width=125)
	  Recheck Cond: ((k >= 1805649) AND (k <= 1805749))
	  ->  Bitmap Index Scan on k_2  (cost=0.00..5.38 rows=95 width=0)
	        Index Cond: ((k >= 1805649) AND (k <= 1805749))

table 3 : explain SELECT k, c FROM sbtest3 WHERE k BETWEEN 1805649 AND 1805749
	Bitmap Heap Scan on sbtest3  (cost=5.45..397.81 rows=99 width=125)
	  Recheck Cond: ((k >= 1805649) AND (k <= 1805749))
	  ->  Bitmap Index Scan on k_3  (cost=0.00..5.42 rows=99 width=0)
	        Index Cond: ((k >= 1805649) AND (k <= 1805749))

table 4 : explain SELECT k, c FROM sbtest4 WHERE k BETWEEN 1805649 AND 1805749
	Bitmap Heap Scan on sbtest4  (cost=5.51..421.45 rows=105 width=125)
	  Recheck Cond: ((k >= 1805649) AND (k <= 1805749))
	  ->  Bitmap Index Scan on k_4  (cost=0.00..5.48 rows=105 width=0)
	        Index Cond: ((k >= 1805649) AND (k <= 1805749))

table 5 : explain SELECT k, c FROM sbtest5 WHERE k BETWEEN 1805649 AND 1805749
	Bitmap Heap Scan on sbtest5  (cost=5.51..421.30 rows=105 width=125)
	  Recheck Cond: ((k >= 1805649) AND (k <= 1805749))
	  ->  Bitmap Index Scan on k_5  (cost=0.00..5.48 rows=105 width=0)
	        Index Cond: ((k >= 1805649) AND (k <= 1805749))

table 6 : explain SELECT k, c FROM sbtest6 WHERE k BETWEEN 1805649 AND 1805749
	Bitmap Heap Scan on sbtest6  (cost=5.50..417.41 rows=104 width=125)
	  Recheck Cond: ((k >= 1805649) AND (k <= 1805749))
	  ->  Bitmap Index Scan on k_6  (cost=0.00..5.47 rows=104 width=0)
	        Index Cond: ((k >= 1805649) AND (k <= 1805749))

table 7 : explain SELECT k, c FROM sbtest7 WHERE k BETWEEN 1805649 AND 1805749
	Bitmap Heap Scan on sbtest7  (cost=5.46..401.77 rows=100 width=125)
	  Recheck Cond: ((k >= 1805649) AND (k <= 1805749))
	  ->  Bitmap Index Scan on k_7  (cost=0.00..5.43 rows=100 width=0)
	        Index Cond: ((k >= 1805649) AND (k <= 1805749))

table 8 : explain SELECT k, c FROM sbtest8 WHERE k BETWEEN 1805649 AND 1805749
	Bitmap Heap Scan on sbtest8  (cost=5.42..385.78 rows=96 width=125)
	  Recheck Cond: ((k >= 1805649) AND (k <= 1805749))
	  ->  Bitmap Index Scan on k_8  (cost=0.00..5.39 rows=96 width=0)
	        Index Cond: ((k >= 1805649) AND (k <= 1805749))
explain: for range-notcovered :: explain SELECT k, c FROM sbtest%d WHERE k BETWEEN 7077320 AND 7077420explain: for range-notcovered :: explain SELECT k, c FROM sbtest%d WHERE k BETWEEN 2108221 AND 2108321

for range-notcovered
table 1 : explain SELECT k, c FROM sbtest1 WHERE k BETWEEN 4982726 AND 4982826
	Bitmap Heap Scan on sbtest1  (cost=5.55..437.09 rows=109 width=125)
	  Recheck Cond: ((k >= 4982726) AND (k <= 4982826))
	  ->  Bitmap Index Scan on k_1  (cost=0.00..5.52 rows=109 width=0)
	        Index Cond: ((k >= 4982726) AND (k <= 4982826))

table 2 : explain SELECT k, c FROM sbtest2 WHERE k BETWEEN 4982726 AND 4982826
	Bitmap Heap Scan on sbtest2  (cost=5.46..401.56 rows=100 width=125)
	  Recheck Cond: ((k >= 4982726) AND (k <= 4982826))
	  ->  Bitmap Index Scan on k_2  (cost=0.00..5.43 rows=100 width=0)
	        Index Cond: ((k >= 4982726) AND (k <= 4982826))

table 3 : explain SELECT k, c FROM sbtest3 WHERE k BETWEEN 4982726 AND 4982826
	Bitmap Heap Scan on sbtest3  (cost=5.38..370.17 rows=92 width=125)
	  Recheck Cond: ((k >= 4982726) AND (k <= 4982826))
	  ->  Bitmap Index Scan on k_3  (cost=0.00..5.35 rows=92 width=0)
	        Index Cond: ((k >= 4982726) AND (k <= 4982826))

table 4 : explain SELECT k, c FROM sbtest4 WHERE k BETWEEN 4982726 AND 4982826
	Bitmap Heap Scan on sbtest4  (cost=5.54..433.28 rows=108 width=125)
	  Recheck Cond: ((k >= 4982726) AND (k <= 4982826))
	  ->  Bitmap Index Scan on k_4  (cost=0.00..5.51 rows=108 width=0)
	        Index Cond: ((k >= 4982726) AND (k <= 4982826))

table 5 : explain SELECT k, c FROM sbtest5 WHERE k BETWEEN 4982726 AND 4982826
	Bitmap Heap Scan on sbtest5  (cost=5.45..397.63 rows=99 width=125)
	  Recheck Cond: ((k >= 4982726) AND (k <= 4982826))
	  ->  Bitmap Index Scan on k_5  (cost=0.00..5.42 rows=99 width=0)
	        Index Cond: ((k >= 4982726) AND (k <= 4982826))

table 6 : explain SELECT k, c FROM sbtest6 WHERE k BETWEEN 4982726 AND 4982826
	Bitmap Heap Scan on sbtest6  (cost=5.48..409.52 rows=102 width=125)
	  Recheck Cond: ((k >= 4982726) AND (k <= 4982826))
	  ->  Bitmap Index Scan on k_6  (cost=0.00..5.45 rows=102 width=0)
	        Index Cond: ((k >= 4982726) AND (k <= 4982826))

table 7 : explain SELECT k, c FROM sbtest7 WHERE k BETWEEN 4982726 AND 4982826
	Bitmap Heap Scan on sbtest7  (cost=5.49..413.61 rows=103 width=125)
	  Recheck Cond: ((k >= 4982726) AND (k <= 4982826))
	  ->  Bitmap Index Scan on k_7  (cost=0.00..5.46 rows=103 width=0)
	        Index Cond: ((k >= 4982726) AND (k <= 4982826))

table 8 : explain SELECT k, c FROM sbtest8 WHERE k BETWEEN 4982726 AND 4982826
	Bitmap Heap Scan on sbtest8  (cost=5.62..464.62 rows=116 width=125)
	  Recheck Cond: ((k >= 4982726) AND (k <= 4982826))
	  ->  Bitmap Index Scan on k_8  (cost=0.00..5.59 rows=116 width=0)
	        Index Cond: ((k >= 4982726) AND (k <= 4982826))


explain: for range-notcovered :: explain SELECT k, c FROM sbtest%d WHERE k BETWEEN 4982726 AND 4982826
explain: for range-notcovered :: explain SELECT k, c FROM sbtest%d WHERE k BETWEEN 1805649 AND 1805749
for range-notcovered
table 1 : explain SELECT k, c FROM sbtest1 WHERE k BETWEEN 5087132 AND 5087232
	Bitmap Heap Scan on sbtest1  (cost=5.42..385.82 rows=96 width=125)
	  Recheck Cond: ((k >= 5087132) AND (k <= 5087232))
	  ->  Bitmap Index Scan on k_1  (cost=0.00..5.39 rows=96 width=0)
	        Index Cond: ((k >= 5087132) AND (k <= 5087232))

table 2 : explain SELECT k, c FROM sbtest2 WHERE k BETWEEN 5087132 AND 5087232
	Bitmap Heap Scan on sbtest2  (cost=5.53..429.16 rows=107 width=125)
	  Recheck Cond: ((k >= 5087132) AND (k <= 5087232))
	  ->  Bitmap Index Scan on k_2  (cost=0.00..5.50 rows=107 width=0)
	        Index Cond: ((k >= 5087132) AND (k <= 5087232))

table 3 : explain SELECT k, c FROM sbtest3 WHERE k BETWEEN 5087132 AND 5087232
	Bitmap Heap Scan on sbtest3  (cost=5.43..389.92 rows=97 width=125)
	  Recheck Cond: ((k >= 5087132) AND (k <= 5087232))
	  ->  Bitmap Index Scan on k_3  (cost=0.00..5.40 rows=97 width=0)
	        Index Cond: ((k >= 5087132) AND (k <= 5087232))

table 4 : explain SELECT k, c FROM sbtest4 WHERE k BETWEEN 5087132 AND 5087232
	Bitmap Heap Scan on sbtest4  (cost=5.42..385.93 rows=96 width=125)
	  Recheck Cond: ((k >= 5087132) AND (k <= 5087232))
	  ->  Bitmap Index Scan on k_4  (cost=0.00..5.39 rows=96 width=0)
	        Index Cond: ((k >= 5087132) AND (k <= 5087232))

table 5 : explain SELECT k, c FROM sbtest5 WHERE k BETWEEN 5087132 AND 5087232
	Bitmap Heap Scan on sbtest5  (cost=5.49..413.41 rows=103 width=125)
	  Recheck Cond: ((k >= 5087132) AND (k <= 5087232))
	  ->  Bitmap Index Scan on k_5  (cost=0.00..5.46 rows=103 width=0)
	        Index Cond: ((k >= 5087132) AND (k <= 5087232))

table 6 : explain SELECT k, c FROM sbtest6 WHERE k BETWEEN 5087132 AND 5087232
	Bitmap Heap Scan on sbtest6  (cost=5.49..413.46 rows=103 width=125)
	  Recheck Cond: ((k >= 5087132) AND (k <= 5087232))
	  ->  Bitmap Index Scan on k_6  (cost=0.00..5.46 rows=103 width=0)
	        Index Cond: ((k >= 5087132) AND (k <= 5087232))

table 7 : explain SELECT k, c FROM sbtest7 WHERE k BETWEEN 5087132 AND 5087232
	Bitmap Heap Scan on sbtest7  (cost=5.55..437.28 rows=109 width=125)
	  Recheck Cond: ((k >= 5087132) AND (k <= 5087232))
	  ->  Bitmap Index Scan on k_7  (cost=0.00..5.52 rows=109 width=0)
	        Index Cond: ((k >= 5087132) AND (k <= 5087232))

table 8 : explain SELECT k, c FROM sbtest8 WHERE k BETWEEN 5087132 AND 5087232
	Bitmap Heap Scan on sbtest8  (cost=5.55..437.04 rows=109 width=125)
	  Recheck Cond: ((k >= 5087132) AND (k <= 5087232))
	  ->  Bitmap Index Scan on k_8  (cost=0.00..5.52 rows=109 width=0)
	        Index Cond: ((k >= 5087132) AND (k <= 5087232))

explain: for range-notcovered :: explain SELECT k, c FROM sbtest%d WHERE k BETWEEN 5087132 AND 5087232
for range-notcovered
table 1 : explain SELECT k, c FROM sbtest1 WHERE k BETWEEN 4122321 AND 4122421
	Bitmap Heap Scan on sbtest1  (cost=5.43..389.77 rows=97 width=125)
	  Recheck Cond: ((k >= 4122321) AND (k <= 4122421))
	  ->  Bitmap Index Scan on k_1  (cost=0.00..5.40 rows=97 width=0)
	        Index Cond: ((k >= 4122321) AND (k <= 4122421))

table 2 : explain SELECT k, c FROM sbtest2 WHERE k BETWEEN 4122321 AND 4122421
	Bitmap Heap Scan on sbtest2  (cost=5.52..425.22 rows=106 width=125)
	  Recheck Cond: ((k >= 4122321) AND (k <= 4122421))
	  ->  Bitmap Index Scan on k_2  (cost=0.00..5.50 rows=106 width=0)
	        Index Cond: ((k >= 4122321) AND (k <= 4122421))

table 3 : explain SELECT k, c FROM sbtest3 WHERE k BETWEEN 4122321 AND 4122421
	Bitmap Heap Scan on sbtest3  (cost=5.48..409.65 rows=102 width=125)
	  Recheck Cond: ((k >= 4122321) AND (k <= 4122421))
	  ->  Bitmap Index Scan on k_3  (cost=0.00..5.45 rows=102 width=0)
	        Index Cond: ((k >= 4122321) AND (k <= 4122421))

table 4 : explain SELECT k, c FROM sbtest4 WHERE k BETWEEN 4122321 AND 4122421
	Bitmap Heap Scan on sbtest4  (cost=5.55..437.23 rows=109 width=125)
	  Recheck Cond: ((k >= 4122321) AND (k <= 4122421))
	  ->  Bitmap Index Scan on k_4  (cost=0.00..5.52 rows=109 width=0)
	        Index Cond: ((k >= 4122321) AND (k <= 4122421))

table 5 : explain SELECT k, c FROM sbtest5 WHERE k BETWEEN 4122321 AND 4122421
	Bitmap Heap Scan on sbtest5  (cost=5.39..373.96 rows=93 width=125)
	  Recheck Cond: ((k >= 4122321) AND (k <= 4122421))
	  ->  Bitmap Index Scan on k_5  (cost=0.00..5.36 rows=93 width=0)
	        Index Cond: ((k >= 4122321) AND (k <= 4122421))

table 6 : explain SELECT k, c FROM sbtest6 WHERE k BETWEEN 4122321 AND 4122421
	Bitmap Heap Scan on sbtest6  (cost=5.51..421.35 rows=105 width=125)
	  Recheck Cond: ((k >= 4122321) AND (k <= 4122421))
	  ->  Bitmap Index Scan on k_6  (cost=0.00..5.48 rows=105 width=0)
	        Index Cond: ((k >= 4122321) AND (k <= 4122421))

table 7 : explain SELECT k, c FROM sbtest7 WHERE k BETWEEN 4122321 AND 4122421
	Bitmap Heap Scan on sbtest7  (cost=5.54..433.34 rows=108 width=125)
	  Recheck Cond: ((k >= 4122321) AND (k <= 4122421))
	  ->  Bitmap Index Scan on k_7  (cost=0.00..5.51 rows=108 width=0)
	        Index Cond: ((k >= 4122321) AND (k <= 4122421))

table 8 : explain SELECT k, c FROM sbtest8 WHERE k BETWEEN 4122321 AND 4122421
	Bitmap Heap Scan on sbtest8  (cost=5.54..433.10 rows=108 width=125)
	  Recheck Cond: ((k >= 4122321) AND (k <= 4122421))
	  ->  Bitmap Index Scan on k_8  (cost=0.00..5.51 rows=108 width=0)
	        Index Cond: ((k >= 4122321) AND (k <= 4122421))

for range-notcovered
table 1 : explain SELECT k, c FROM sbtest1 WHERE k BETWEEN 4879440 AND 4879540
	Bitmap Heap Scan on sbtest1  (cost=5.48..409.49 rows=102 width=125)
	  Recheck Cond: ((k >= 4879440) AND (k <= 4879540))
	  ->  Bitmap Index Scan on k_1  (cost=0.00..5.45 rows=102 width=0)
	        Index Cond: ((k >= 4879440) AND (k <= 4879540))

table 2 : explain SELECT k, c FROM sbtest2 WHERE k BETWEEN 4879440 AND 4879540
	Bitmap Heap Scan on sbtest2  (cost=5.46..401.56 rows=100 width=125)
	  Recheck Cond: ((k >= 4879440) AND (k <= 4879540))
	  ->  Bitmap Index Scan on k_2  (cost=0.00..5.43 rows=100 width=0)
	        Index Cond: ((k >= 4879440) AND (k <= 4879540))

table 3 : explain SELECT k, c FROM sbtest3 WHERE k BETWEEN 4879440 AND 4879540
	Bitmap Heap Scan on sbtest3  (cost=5.51..421.49 rows=105 width=125)
	  Recheck Cond: ((k >= 4879440) AND (k <= 4879540))
	  ->  Bitmap Index Scan on k_3  (cost=0.00..5.48 rows=105 width=0)
	        Index Cond: ((k >= 4879440) AND (k <= 4879540))

table 4 : explain SELECT k, c FROM sbtest4 WHERE k BETWEEN 4879440 AND 4879540
	Bitmap Heap Scan on sbtest4  (cost=5.51..421.45 rows=105 width=125)
	  Recheck Cond: ((k >= 4879440) AND (k <= 4879540))
	  ->  Bitmap Index Scan on k_4  (cost=0.00..5.48 rows=105 width=0)
	        Index Cond: ((k >= 4879440) AND (k <= 4879540))

table 5 : explain SELECT k, c FROM sbtest5 WHERE k BETWEEN 4879440 AND 4879540
	Bitmap Heap Scan on sbtest5  (cost=5.56..441.00 rows=110 width=125)
	  Recheck Cond: ((k >= 4879440) AND (k <= 4879540))
	  ->  Bitmap Index Scan on k_5  (cost=0.00..5.53 rows=110 width=0)
	        Index Cond: ((k >= 4879440) AND (k <= 4879540))

table 6 : explain SELECT k, c FROM sbtest6 WHERE k BETWEEN 4879440 AND 4879540
	Bitmap Heap Scan on sbtest6  (cost=5.43..389.79 rows=97 width=125)
	  Recheck Cond: ((k >= 4879440) AND (k <= 4879540))
	  ->  Bitmap Index Scan on k_6  (cost=0.00..5.40 rows=97 width=0)
	        Index Cond: ((k >= 4879440) AND (k <= 4879540))

table 7 : explain SELECT k, c FROM sbtest7 WHERE k BETWEEN 4879440 AND 4879540
	Bitmap Heap Scan on sbtest7  (cost=5.47..405.72 rows=101 width=125)
	  Recheck Cond: ((k >= 4879440) AND (k <= 4879540))
	  ->  Bitmap Index Scan on k_7  (cost=0.00..5.44 rows=101 width=0)
	        Index Cond: ((k >= 4879440) AND (k <= 4879540))

table 8 : explain SELECT k, c FROM sbtest8 WHERE k BETWEEN 4879440 AND 4879540
	Bitmap Heap Scan on sbtest8  (cost=5.46..401.56 rows=100 width=125)
	  Recheck Cond: ((k >= 4879440) AND (k <= 4879540))
	  ->  Bitmap Index Scan on k_8  (cost=0.00..5.43 rows=100 width=0)
	        Index Cond: ((k >= 4879440) AND (k <= 4879540))

explain: for range-notcovered :: explain SELECT k, c FROM sbtest%d WHERE k BETWEEN 4122321 AND 4122421
for range-notcovered
table 1 : explain SELECT k, c FROM sbtest1 WHERE k BETWEEN 4791258 AND 4791358
	Bitmap Heap Scan on sbtest1  (cost=5.57..444.97 rows=111 width=125)
	  Recheck Cond: ((k >= 4791258) AND (k <= 4791358))
	  ->  Bitmap Index Scan on k_1  (cost=0.00..5.54 rows=111 width=0)
	        Index Cond: ((k >= 4791258) AND (k <= 4791358))

table 2 : explain SELECT k, c FROM sbtest2 WHERE k BETWEEN 4791258 AND 4791358
	Bitmap Heap Scan on sbtest2  (cost=5.46..401.56 rows=100 width=125)
	  Recheck Cond: ((k >= 4791258) AND (k <= 4791358))
	  ->  Bitmap Index Scan on k_2  (cost=0.00..5.43 rows=100 width=0)
	        Index Cond: ((k >= 4791258) AND (k <= 4791358))

table 3 : explain SELECT k, c FROM sbtest3 WHERE k BETWEEN 4791258 AND 4791358
	Bitmap Heap Scan on sbtest3  (cost=5.51..421.49 rows=105 width=125)
	  Recheck Cond: ((k >= 4791258) AND (k <= 4791358))
	  ->  Bitmap Index Scan on k_3  (cost=0.00..5.48 rows=105 width=0)
	        Index Cond: ((k >= 4791258) AND (k <= 4791358))

table 4 : explain SELECT k, c FROM sbtest4 WHERE k BETWEEN 4791258 AND 4791358
	Bitmap Heap Scan on sbtest4  (cost=5.48..409.61 rows=102 width=125)
	  Recheck Cond: ((k >= 4791258) AND (k <= 4791358))
	  ->  Bitmap Index Scan on k_4  (cost=0.00..5.45 rows=102 width=0)
	        Index Cond: ((k >= 4791258) AND (k <= 4791358))

table 5 : explain SELECT k, c FROM sbtest5 WHERE k BETWEEN 4791258 AND 4791358
	Bitmap Heap Scan on sbtest5  (cost=5.43..389.74 rows=97 width=125)
	  Recheck Cond: ((k >= 4791258) AND (k <= 4791358))
	  ->  Bitmap Index Scan on k_5  (cost=0.00..5.40 rows=97 width=0)
	        Index Cond: ((k >= 4791258) AND (k <= 4791358))

table 6 : explain SELECT k, c FROM sbtest6 WHERE k BETWEEN 4791258 AND 4791358
	Bitmap Heap Scan on sbtest6  (cost=5.62..464.70 rows=116 width=125)
	  Recheck Cond: ((k >= 4791258) AND (k <= 4791358))
	  ->  Bitmap Index Scan on k_6  (cost=0.00..5.59 rows=116 width=0)
	        Index Cond: ((k >= 4791258) AND (k <= 4791358))

table 7 : explain SELECT k, c FROM sbtest7 WHERE k BETWEEN 4791258 AND 4791358
	Bitmap Heap Scan on sbtest7  (cost=5.56..441.23 rows=110 width=125)
	  Recheck Cond: ((k >= 4791258) AND (k <= 4791358))
	  ->  Bitmap Index Scan on k_7  (cost=0.00..5.53 rows=110 width=0)
	        Index Cond: ((k >= 4791258) AND (k <= 4791358))

table 8 : explain SELECT k, c FROM sbtest8 WHERE k BETWEEN 4791258 AND 4791358
	Bitmap Heap Scan on sbtest8  (cost=5.46..401.56 rows=100 width=125)
	  Recheck Cond: ((k >= 4791258) AND (k <= 4791358))
	  ->  Bitmap Index Scan on k_8  (cost=0.00..5.43 rows=100 width=0)
	        Index Cond: ((k >= 4791258) AND (k <= 4791358))

explain: for range-notcovered :: explain SELECT k, c FROM sbtest%d WHERE k BETWEEN 4879440 AND 4879540
explain: for range-notcovered :: explain SELECT k, c FROM sbtest%d WHERE k BETWEEN 4791258 AND 4791358
for range-notcovered
table 1 : explain SELECT k, c FROM sbtest1 WHERE k BETWEEN 3544069 AND 3544169
	Bitmap Heap Scan on sbtest1  (cost=5.53..429.21 rows=107 width=125)
	  Recheck Cond: ((k >= 3544069) AND (k <= 3544169))
	  ->  Bitmap Index Scan on k_1  (cost=0.00..5.50 rows=107 width=0)
	        Index Cond: ((k >= 3544069) AND (k <= 3544169))

table 2 : explain SELECT k, c FROM sbtest2 WHERE k BETWEEN 3544069 AND 3544169
	Bitmap Heap Scan on sbtest2  (cost=5.54..433.10 rows=108 width=125)
	  Recheck Cond: ((k >= 3544069) AND (k <= 3544169))
	  ->  Bitmap Index Scan on k_2  (cost=0.00..5.51 rows=108 width=0)
	        Index Cond: ((k >= 3544069) AND (k <= 3544169))

table 3 : explain SELECT k, c FROM sbtest3 WHERE k BETWEEN 3544069 AND 3544169
	Bitmap Heap Scan on sbtest3  (cost=5.46..401.76 rows=100 width=125)
	  Recheck Cond: ((k >= 3544069) AND (k <= 3544169))
	  ->  Bitmap Index Scan on k_3  (cost=0.00..5.43 rows=100 width=0)
	        Index Cond: ((k >= 3544069) AND (k <= 3544169))

table 4 : explain SELECT k, c FROM sbtest4 WHERE k BETWEEN 3544069 AND 3544169
	Bitmap Heap Scan on sbtest4  (cost=5.39..374.08 rows=93 width=125)
	  Recheck Cond: ((k >= 3544069) AND (k <= 3544169))
	  ->  Bitmap Index Scan on k_4  (cost=0.00..5.36 rows=93 width=0)
	        Index Cond: ((k >= 3544069) AND (k <= 3544169))

table 5 : explain SELECT k, c FROM sbtest5 WHERE k BETWEEN 3544069 AND 3544169
	Bitmap Heap Scan on sbtest5  (cost=5.47..405.52 rows=101 width=125)
	  Recheck Cond: ((k >= 3544069) AND (k <= 3544169))
	  ->  Bitmap Index Scan on k_5  (cost=0.00..5.44 rows=101 width=0)
	        Index Cond: ((k >= 3544069) AND (k <= 3544169))

table 6 : explain SELECT k, c FROM sbtest6 WHERE k BETWEEN 3544069 AND 3544169
	Bitmap Heap Scan on sbtest6  (cost=5.48..409.52 rows=102 width=125)
	  Recheck Cond: ((k >= 3544069) AND (k <= 3544169))
	  ->  Bitmap Index Scan on k_6  (cost=0.00..5.45 rows=102 width=0)
	        Index Cond: ((k >= 3544069) AND (k <= 3544169))

table 7 : explain SELECT k, c FROM sbtest7 WHERE k BETWEEN 3544069 AND 3544169
	Bitmap Heap Scan on sbtest7  (cost=5.60..457.00 rows=114 width=125)
	  Recheck Cond: ((k >= 3544069) AND (k <= 3544169))
	  ->  Bitmap Index Scan on k_7  (cost=0.00..5.58 rows=114 width=0)
	        Index Cond: ((k >= 3544069) AND (k <= 3544169))

table 8 : explain SELECT k, c FROM sbtest8 WHERE k BETWEEN 3544069 AND 3544169
	Bitmap Heap Scan on sbtest8  (cost=5.42..385.78 rows=96 width=125)
	  Recheck Cond: ((k >= 3544069) AND (k <= 3544169))
	  ->  Bitmap Index Scan on k_8  (cost=0.00..5.39 rows=96 width=0)
	        Index Cond: ((k >= 3544069) AND (k <= 3544169))

for range-notcovered
table 1 : explain SELECT k, c FROM sbtest1 WHERE k BETWEEN 3618693 AND 3618793
	Bitmap Heap Scan on sbtest1  (cost=5.45..397.66 rows=99 width=125)
	  Recheck Cond: ((k >= 3618693) AND (k <= 3618793))
	  ->  Bitmap Index Scan on k_1  (cost=0.00..5.42 rows=99 width=0)
	        Index Cond: ((k >= 3618693) AND (k <= 3618793))

table 2 : explain SELECT k, c FROM sbtest2 WHERE k BETWEEN 3618693 AND 3618793
	Bitmap Heap Scan on sbtest2  (cost=5.42..385.78 rows=96 width=125)
	  Recheck Cond: ((k >= 3618693) AND (k <= 3618793))
	  ->  Bitmap Index Scan on k_2  (cost=0.00..5.39 rows=96 width=0)
	        Index Cond: ((k >= 3618693) AND (k <= 3618793))

table 3 : explain SELECT k, c FROM sbtest3 WHERE k BETWEEN 3618693 AND 3618793
	Bitmap Heap Scan on sbtest3  (cost=5.51..421.49 rows=105 width=125)
	  Recheck Cond: ((k >= 3618693) AND (k <= 3618793))
	  ->  Bitmap Index Scan on k_3  (cost=0.00..5.48 rows=105 width=0)
	        Index Cond: ((k >= 3618693) AND (k <= 3618793))

table 4 : explain SELECT k, c FROM sbtest4 WHERE k BETWEEN 3618693 AND 3618793
	Bitmap Heap Scan on sbtest4  (cost=5.47..405.67 rows=101 width=125)
	  Recheck Cond: ((k >= 3618693) AND (k <= 3618793))
	  ->  Bitmap Index Scan on k_4  (cost=0.00..5.44 rows=101 width=0)
	        Index Cond: ((k >= 3618693) AND (k <= 3618793))

table 5 : explain SELECT k, c FROM sbtest5 WHERE k BETWEEN 3618693 AND 3618793
	Bitmap Heap Scan on sbtest5  (cost=5.50..417.35 rows=104 width=125)
	  Recheck Cond: ((k >= 3618693) AND (k <= 3618793))
	  ->  Bitmap Index Scan on k_5  (cost=0.00..5.47 rows=104 width=0)
	        Index Cond: ((k >= 3618693) AND (k <= 3618793))

table 6 : explain SELECT k, c FROM sbtest6 WHERE k BETWEEN 3618693 AND 3618793
	Bitmap Heap Scan on sbtest6  (cost=5.43..389.79 rows=97 width=125)
	  Recheck Cond: ((k >= 3618693) AND (k <= 3618793))
	  ->  Bitmap Index Scan on k_6  (cost=0.00..5.40 rows=97 width=0)
	        Index Cond: ((k >= 3618693) AND (k <= 3618793))

table 7 : explain SELECT k, c FROM sbtest7 WHERE k BETWEEN 3618693 AND 3618793
	Bitmap Heap Scan on sbtest7  (cost=5.51..421.50 rows=105 width=125)
	  Recheck Cond: ((k >= 3618693) AND (k <= 3618793))
	  ->  Bitmap Index Scan on k_7  (cost=0.00..5.48 rows=105 width=0)
	        Index Cond: ((k >= 3618693) AND (k <= 3618793))

table 8 : explain SELECT k, c FROM sbtest8 WHERE k BETWEEN 3618693 AND 3618793
	Bitmap Heap Scan on sbtest8  (cost=5.42..385.78 rows=96 width=125)
	  Recheck Cond: ((k >= 3618693) AND (k <= 3618793))
	  ->  Bitmap Index Scan on k_8  (cost=0.00..5.39 rows=96 width=0)
	        Index Cond: ((k >= 3618693) AND (k <= 3618793))

for range-notcovered
table 1 : explain SELECT k, c FROM sbtest1 WHERE k BETWEEN 4108565 AND 4108665
	Bitmap Heap Scan on sbtest1  (cost=5.43..389.77 rows=97 width=125)
	  Recheck Cond: ((k >= 4108565) AND (k <= 4108665))
	  ->  Bitmap Index Scan on k_1  (cost=0.00..5.40 rows=97 width=0)
	        Index Cond: ((k >= 4108565) AND (k <= 4108665))

table 2 : explain SELECT k, c FROM sbtest2 WHERE k BETWEEN 4108565 AND 4108665
	Bitmap Heap Scan on sbtest2  (cost=5.52..425.22 rows=106 width=125)
	  Recheck Cond: ((k >= 4108565) AND (k <= 4108665))
	  ->  Bitmap Index Scan on k_2  (cost=0.00..5.50 rows=106 width=0)
	        Index Cond: ((k >= 4108565) AND (k <= 4108665))

table 3 : explain SELECT k, c FROM sbtest3 WHERE k BETWEEN 4108565 AND 4108665
	Bitmap Heap Scan on sbtest3  (cost=5.48..409.65 rows=102 width=125)
	  Recheck Cond: ((k >= 4108565) AND (k <= 4108665))
	  ->  Bitmap Index Scan on k_3  (cost=0.00..5.45 rows=102 width=0)
	        Index Cond: ((k >= 4108565) AND (k <= 4108665))

table 4 : explain SELECT k, c FROM sbtest4 WHERE k BETWEEN 4108565 AND 4108665
	Bitmap Heap Scan on sbtest4  (cost=5.55..437.23 rows=109 width=125)
	  Recheck Cond: ((k >= 4108565) AND (k <= 4108665))
	  ->  Bitmap Index Scan on k_4  (cost=0.00..5.52 rows=109 width=0)
	        Index Cond: ((k >= 4108565) AND (k <= 4108665))

table 5 : explain SELECT k, c FROM sbtest5 WHERE k BETWEEN 4108565 AND 4108665
	Bitmap Heap Scan on sbtest5  (cost=5.39..373.96 rows=93 width=125)
	  Recheck Cond: ((k >= 4108565) AND (k <= 4108665))
	  ->  Bitmap Index Scan on k_5  (cost=0.00..5.36 rows=93 width=0)
	        Index Cond: ((k >= 4108565) AND (k <= 4108665))

table 6 : explain SELECT k, c FROM sbtest6 WHERE k BETWEEN 4108565 AND 4108665
	Bitmap Heap Scan on sbtest6  (cost=5.51..421.35 rows=105 width=125)
	  Recheck Cond: ((k >= 4108565) AND (k <= 4108665))
	  ->  Bitmap Index Scan on k_6  (cost=0.00..5.48 rows=105 width=0)
	        Index Cond: ((k >= 4108565) AND (k <= 4108665))

table 7 : explain SELECT k, c FROM sbtest7 WHERE k BETWEEN 4108565 AND 4108665
	Bitmap Heap Scan on sbtest7  (cost=5.54..433.34 rows=108 width=125)
	  Recheck Cond: ((k >= 4108565) AND (k <= 4108665))
	  ->  Bitmap Index Scan on k_7  (cost=0.00..5.51 rows=108 width=0)
	        Index Cond: ((k >= 4108565) AND (k <= 4108665))

table 8 : explain SELECT k, c FROM sbtest8 WHERE k BETWEEN 4108565 AND 4108665
	Bitmap Heap Scan on sbtest8  (cost=5.54..433.10 rows=108 width=125)
	  Recheck Cond: ((k >= 4108565) AND (k <= 4108665))
	  ->  Bitmap Index Scan on k_8  (cost=0.00..5.51 rows=108 width=0)
	        Index Cond: ((k >= 4108565) AND (k <= 4108665))

for range-notcovered
table 1 : explain SELECT k, c FROM sbtest1 WHERE k BETWEEN 4271217 AND 4271317
	Bitmap Heap Scan on sbtest1  (cost=5.45..397.66 rows=99 width=125)
	  Recheck Cond: ((k >= 4271217) AND (k <= 4271317))
	  ->  Bitmap Index Scan on k_1  (cost=0.00..5.42 rows=99 width=0)
	        Index Cond: ((k >= 4271217) AND (k <= 4271317))

table 2 : explain SELECT k, c FROM sbtest2 WHERE k BETWEEN 4271217 AND 4271317
	Bitmap Heap Scan on sbtest2  (cost=5.45..397.62 rows=99 width=125)
	  Recheck Cond: ((k >= 4271217) AND (k <= 4271317))
	  ->  Bitmap Index Scan on k_2  (cost=0.00..5.42 rows=99 width=0)
	        Index Cond: ((k >= 4271217) AND (k <= 4271317))

table 3 : explain SELECT k, c FROM sbtest3 WHERE k BETWEEN 4271217 AND 4271317
	Bitmap Heap Scan on sbtest3  (cost=5.37..366.22 rows=91 width=125)
	  Recheck Cond: ((k >= 4271217) AND (k <= 4271317))
	  ->  Bitmap Index Scan on k_3  (cost=0.00..5.34 rows=91 width=0)
	        Index Cond: ((k >= 4271217) AND (k <= 4271317))

table 4 : explain SELECT k, c FROM sbtest4 WHERE k BETWEEN 4271217 AND 4271317
	Bitmap Heap Scan on sbtest4  (cost=5.47..405.67 rows=101 width=125)
	  Recheck Cond: ((k >= 4271217) AND (k <= 4271317))
	  ->  Bitmap Index Scan on k_4  (cost=0.00..5.44 rows=101 width=0)
	        Index Cond: ((k >= 4271217) AND (k <= 4271317))

table 5 : explain SELECT k, c FROM sbtest5 WHERE k BETWEEN 4271217 AND 4271317
	Bitmap Heap Scan on sbtest5  (cost=5.50..417.35 rows=104 width=125)
	  Recheck Cond: ((k >= 4271217) AND (k <= 4271317))
	  ->  Bitmap Index Scan on k_5  (cost=0.00..5.47 rows=104 width=0)
	        Index Cond: ((k >= 4271217) AND (k <= 4271317))

table 6 : explain SELECT k, c FROM sbtest6 WHERE k BETWEEN 4271217 AND 4271317
	Bitmap Heap Scan on sbtest6  (cost=5.52..425.29 rows=106 width=125)
	  Recheck Cond: ((k >= 4271217) AND (k <= 4271317))
	  ->  Bitmap Index Scan on k_6  (cost=0.00..5.50 rows=106 width=0)
	        Index Cond: ((k >= 4271217) AND (k <= 4271317))

table 7 : explain SELECT k, c FROM sbtest7 WHERE k BETWEEN 4271217 AND 4271317
	Bitmap Heap Scan on sbtest7  (cost=5.46..401.77 rows=100 width=125)
	  Recheck Cond: ((k >= 4271217) AND (k <= 4271317))
	  ->  Bitmap Index Scan on k_7  (cost=0.00..5.43 rows=100 width=0)
	        Index Cond: ((k >= 4271217) AND (k <= 4271317))

table 8 : explain SELECT k, c FROM sbtest8 WHERE k BETWEEN 4271217 AND 4271317
	Bitmap Heap Scan on sbtest8  (cost=5.49..413.39 rows=103 width=125)
	  Recheck Cond: ((k >= 4271217) AND (k <= 4271317))
	  ->  Bitmap Index Scan on k_8  (cost=0.00..5.46 rows=103 width=0)
	        Index Cond: ((k >= 4271217) AND (k <= 4271317))

explain: for range-notcovered :: explain SELECT k, c FROM sbtest%d WHERE k BETWEEN 3544069 AND 3544169
for range-notcovered
table 1 : explain SELECT k, c FROM sbtest1 WHERE k BETWEEN 2987361 AND 2987461
	Bitmap Heap Scan on sbtest1  (cost=5.55..437.09 rows=109 width=125)
	  Recheck Cond: ((k >= 2987361) AND (k <= 2987461))
	  ->  Bitmap Index Scan on k_1  (cost=0.00..5.52 rows=109 width=0)
	        Index Cond: ((k >= 2987361) AND (k <= 2987461))

table 2 : explain SELECT k, c FROM sbtest2 WHERE k BETWEEN 2987361 AND 2987461
	Bitmap Heap Scan on sbtest2  (cost=5.44..393.67 rows=98 width=125)
	  Recheck Cond: ((k >= 2987361) AND (k <= 2987461))
	  ->  Bitmap Index Scan on k_2  (cost=0.00..5.42 rows=98 width=0)
	        Index Cond: ((k >= 2987361) AND (k <= 2987461))

table 3 : explain SELECT k, c FROM sbtest3 WHERE k BETWEEN 2987361 AND 2987461
	Bitmap Heap Scan on sbtest3  (cost=5.42..385.97 rows=96 width=125)
	  Recheck Cond: ((k >= 2987361) AND (k <= 2987461))
	  ->  Bitmap Index Scan on k_3  (cost=0.00..5.39 rows=96 width=0)
	        Index Cond: ((k >= 2987361) AND (k <= 2987461))

table 4 : explain SELECT k, c FROM sbtest4 WHERE k BETWEEN 2987361 AND 2987461
	Bitmap Heap Scan on sbtest4  (cost=5.54..433.28 rows=108 width=125)
	  Recheck Cond: ((k >= 2987361) AND (k <= 2987461))
	  ->  Bitmap Index Scan on k_4  (cost=0.00..5.51 rows=108 width=0)
	        Index Cond: ((k >= 2987361) AND (k <= 2987461))

table 5 : explain SELECT k, c FROM sbtest5 WHERE k BETWEEN 2987361 AND 2987461
	Bitmap Heap Scan on sbtest5  (cost=5.50..417.35 rows=104 width=125)
	  Recheck Cond: ((k >= 2987361) AND (k <= 2987461))
	  ->  Bitmap Index Scan on k_5  (cost=0.00..5.47 rows=104 width=0)
	        Index Cond: ((k >= 2987361) AND (k <= 2987461))

table 6 : explain SELECT k, c FROM sbtest6 WHERE k BETWEEN 2987361 AND 2987461
	Bitmap Heap Scan on sbtest6  (cost=5.40..377.95 rows=94 width=125)
	  Recheck Cond: ((k >= 2987361) AND (k <= 2987461))
	  ->  Bitmap Index Scan on k_6  (cost=0.00..5.38 rows=94 width=0)
	        Index Cond: ((k >= 2987361) AND (k <= 2987461))

table 7 : explain SELECT k, c FROM sbtest7 WHERE k BETWEEN 2987361 AND 2987461
	Bitmap Heap Scan on sbtest7  (cost=5.48..409.67 rows=102 width=125)
	  Recheck Cond: ((k >= 2987361) AND (k <= 2987461))
	  ->  Bitmap Index Scan on k_7  (cost=0.00..5.45 rows=102 width=0)
	        Index Cond: ((k >= 2987361) AND (k <= 2987461))

table 8 : explain SELECT k, c FROM sbtest8 WHERE k BETWEEN 2987361 AND 2987461
	Bitmap Heap Scan on sbtest8  (cost=5.52..425.22 rows=106 width=125)
	  Recheck Cond: ((k >= 2987361) AND (k <= 2987461))
	  ->  Bitmap Index Scan on k_8  (cost=0.00..5.50 rows=106 width=0)
	        Index Cond: ((k >= 2987361) AND (k <= 2987461))

for range-notcovered
table 1 : explain SELECT k, c FROM sbtest1 WHERE k BETWEEN 4671107 AND 4671207
	Bitmap Heap Scan on sbtest1  (cost=5.45..397.66 rows=99 width=125)
	  Recheck Cond: ((k >= 4671107) AND (k <= 4671207))
	  ->  Bitmap Index Scan on k_1  (cost=0.00..5.42 rows=99 width=0)
	        Index Cond: ((k >= 4671107) AND (k <= 4671207))

table 2 : explain SELECT k, c FROM sbtest2 WHERE k BETWEEN 4671107 AND 4671207
	Bitmap Heap Scan on sbtest2  (cost=5.39..373.94 rows=93 width=125)
	  Recheck Cond: ((k >= 4671107) AND (k <= 4671207))
	  ->  Bitmap Index Scan on k_2  (cost=0.00..5.36 rows=93 width=0)
	        Index Cond: ((k >= 4671107) AND (k <= 4671207))

table 3 : explain SELECT k, c FROM sbtest3 WHERE k BETWEEN 4671107 AND 4671207
	Bitmap Heap Scan on sbtest3  (cost=5.43..389.92 rows=97 width=125)
	  Recheck Cond: ((k >= 4671107) AND (k <= 4671207))
	  ->  Bitmap Index Scan on k_3  (cost=0.00..5.40 rows=97 width=0)
	        Index Cond: ((k >= 4671107) AND (k <= 4671207))

table 4 : explain SELECT k, c FROM sbtest4 WHERE k BETWEEN 4671107 AND 4671207
	Bitmap Heap Scan on sbtest4  (cost=5.44..393.83 rows=98 width=125)
	  Recheck Cond: ((k >= 4671107) AND (k <= 4671207))
	  ->  Bitmap Index Scan on k_4  (cost=0.00..5.42 rows=98 width=0)
	        Index Cond: ((k >= 4671107) AND (k <= 4671207))

table 5 : explain SELECT k, c FROM sbtest5 WHERE k BETWEEN 4671107 AND 4671207
	Bitmap Heap Scan on sbtest5  (cost=5.45..397.63 rows=99 width=125)
	  Recheck Cond: ((k >= 4671107) AND (k <= 4671207))
	  ->  Bitmap Index Scan on k_5  (cost=0.00..5.42 rows=99 width=0)
	        Index Cond: ((k >= 4671107) AND (k <= 4671207))

table 6 : explain SELECT k, c FROM sbtest6 WHERE k BETWEEN 4671107 AND 4671207
	Bitmap Heap Scan on sbtest6  (cost=5.42..385.84 rows=96 width=125)
	  Recheck Cond: ((k >= 4671107) AND (k <= 4671207))
	  ->  Bitmap Index Scan on k_6  (cost=0.00..5.39 rows=96 width=0)
	        Index Cond: ((k >= 4671107) AND (k <= 4671207))

table 7 : explain SELECT k, c FROM sbtest7 WHERE k BETWEEN 4671107 AND 4671207
	Bitmap Heap Scan on sbtest7  (cost=5.46..401.77 rows=100 width=125)
	  Recheck Cond: ((k >= 4671107) AND (k <= 4671207))
	  ->  Bitmap Index Scan on k_7  (cost=0.00..5.43 rows=100 width=0)
	        Index Cond: ((k >= 4671107) AND (k <= 4671207))

table 8 : explain SELECT k, c FROM sbtest8 WHERE k BETWEEN 4671107 AND 4671207
	Bitmap Heap Scan on sbtest8  (cost=5.45..397.61 rows=99 width=125)
	  Recheck Cond: ((k >= 4671107) AND (k <= 4671207))
	  ->  Bitmap Index Scan on k_8  (cost=0.00..5.42 rows=99 width=0)
	        Index Cond: ((k >= 4671107) AND (k <= 4671207))

explain: for range-notcovered :: explain SELECT k, c FROM sbtest%d WHERE k BETWEEN 3618693 AND 3618793
for range-notcovered
table 1 : explain SELECT k, c FROM sbtest1 WHERE k BETWEEN 3792277 AND 3792377
	Bitmap Heap Scan on sbtest1  (cost=5.44..393.71 rows=98 width=125)
	  Recheck Cond: ((k >= 3792277) AND (k <= 3792377))
	  ->  Bitmap Index Scan on k_1  (cost=0.00..5.42 rows=98 width=0)
	        Index Cond: ((k >= 3792277) AND (k <= 3792377))

table 2 : explain SELECT k, c FROM sbtest2 WHERE k BETWEEN 3792277 AND 3792377
	Bitmap Heap Scan on sbtest2  (cost=5.45..397.62 rows=99 width=125)
	  Recheck Cond: ((k >= 3792277) AND (k <= 3792377))
	  ->  Bitmap Index Scan on k_2  (cost=0.00..5.42 rows=99 width=0)
	        Index Cond: ((k >= 3792277) AND (k <= 3792377))

table 3 : explain SELECT k, c FROM sbtest3 WHERE k BETWEEN 3792277 AND 3792377
	Bitmap Heap Scan on sbtest3  (cost=5.45..397.81 rows=99 width=125)
	  Recheck Cond: ((k >= 3792277) AND (k <= 3792377))
	  ->  Bitmap Index Scan on k_3  (cost=0.00..5.42 rows=99 width=0)
	        Index Cond: ((k >= 3792277) AND (k <= 3792377))

table 4 : explain SELECT k, c FROM sbtest4 WHERE k BETWEEN 3792277 AND 3792377
	Bitmap Heap Scan on sbtest4  (cost=5.55..437.23 rows=109 width=125)
	  Recheck Cond: ((k >= 3792277) AND (k <= 3792377))
	  ->  Bitmap Index Scan on k_4  (cost=0.00..5.52 rows=109 width=0)
	        Index Cond: ((k >= 3792277) AND (k <= 3792377))

table 5 : explain SELECT k, c FROM sbtest5 WHERE k BETWEEN 3792277 AND 3792377
	Bitmap Heap Scan on sbtest5  (cost=5.43..389.74 rows=97 width=125)
	  Recheck Cond: ((k >= 3792277) AND (k <= 3792377))
	  ->  Bitmap Index Scan on k_5  (cost=0.00..5.40 rows=97 width=0)
	        Index Cond: ((k >= 3792277) AND (k <= 3792377))

table 6 : explain SELECT k, c FROM sbtest6 WHERE k BETWEEN 3792277 AND 3792377
	Bitmap Heap Scan on sbtest6  (cost=5.56..441.06 rows=110 width=125)
	  Recheck Cond: ((k >= 3792277) AND (k <= 3792377))
	  ->  Bitmap Index Scan on k_6  (cost=0.00..5.53 rows=110 width=0)
	        Index Cond: ((k >= 3792277) AND (k <= 3792377))

table 7 : explain SELECT k, c FROM sbtest7 WHERE k BETWEEN 3792277 AND 3792377
	Bitmap Heap Scan on sbtest7  (cost=5.40..378.08 rows=94 width=125)
	  Recheck Cond: ((k >= 3792277) AND (k <= 3792377))
	  ->  Bitmap Index Scan on k_7  (cost=0.00..5.38 rows=94 width=0)
	        Index Cond: ((k >= 3792277) AND (k <= 3792377))

table 8 : explain SELECT k, c FROM sbtest8 WHERE k BETWEEN 3792277 AND 3792377
	Bitmap Heap Scan on sbtest8  (cost=5.41..381.83 rows=95 width=125)
	  Recheck Cond: ((k >= 3792277) AND (k <= 3792377))
	  ->  Bitmap Index Scan on k_8  (cost=0.00..5.38 rows=95 width=0)
	        Index Cond: ((k >= 3792277) AND (k <= 3792377))

for range-notcovered
table 1 : explain SELECT k, c FROM sbtest1 WHERE k BETWEEN 1785409 AND 1785509
	Bitmap Heap Scan on sbtest1  (cost=5.50..417.38 rows=104 width=125)
	  Recheck Cond: ((k >= 1785409) AND (k <= 1785509))
	  ->  Bitmap Index Scan on k_1  (cost=0.00..5.47 rows=104 width=0)
	        Index Cond: ((k >= 1785409) AND (k <= 1785509))

table 2 : explain SELECT k, c FROM sbtest2 WHERE k BETWEEN 1785409 AND 1785509
	Bitmap Heap Scan on sbtest2  (cost=5.41..381.84 rows=95 width=125)
	  Recheck Cond: ((k >= 1785409) AND (k <= 1785509))
	  ->  Bitmap Index Scan on k_2  (cost=0.00..5.38 rows=95 width=0)
	        Index Cond: ((k >= 1785409) AND (k <= 1785509))

table 3 : explain SELECT k, c FROM sbtest3 WHERE k BETWEEN 1785409 AND 1785509
	Bitmap Heap Scan on sbtest3  (cost=5.43..389.92 rows=97 width=125)
	  Recheck Cond: ((k >= 1785409) AND (k <= 1785509))
	  ->  Bitmap Index Scan on k_3  (cost=0.00..5.40 rows=97 width=0)
	        Index Cond: ((k >= 1785409) AND (k <= 1785509))

table 4 : explain SELECT k, c FROM sbtest4 WHERE k BETWEEN 1785409 AND 1785509
	Bitmap Heap Scan on sbtest4  (cost=5.41..381.98 rows=95 width=125)
	  Recheck Cond: ((k >= 1785409) AND (k <= 1785509))
	  ->  Bitmap Index Scan on k_4  (cost=0.00..5.38 rows=95 width=0)
	        Index Cond: ((k >= 1785409) AND (k <= 1785509))

table 5 : explain SELECT k, c FROM sbtest5 WHERE k BETWEEN 1785409 AND 1785509
	Bitmap Heap Scan on sbtest5  (cost=5.51..421.30 rows=105 width=125)
	  Recheck Cond: ((k >= 1785409) AND (k <= 1785509))
	  ->  Bitmap Index Scan on k_5  (cost=0.00..5.48 rows=105 width=0)
	        Index Cond: ((k >= 1785409) AND (k <= 1785509))

table 6 : explain SELECT k, c FROM sbtest6 WHERE k BETWEEN 1785409 AND 1785509
	Bitmap Heap Scan on sbtest6  (cost=5.50..417.41 rows=104 width=125)
	  Recheck Cond: ((k >= 1785409) AND (k <= 1785509))
	  ->  Bitmap Index Scan on k_6  (cost=0.00..5.47 rows=104 width=0)
	        Index Cond: ((k >= 1785409) AND (k <= 1785509))

table 7 : explain SELECT k, c FROM sbtest7 WHERE k BETWEEN 1785409 AND 1785509
	Bitmap Heap Scan on sbtest7  (cost=5.46..401.77 rows=100 width=125)
	  Recheck Cond: ((k >= 1785409) AND (k <= 1785509))
	  ->  Bitmap Index Scan on k_7  (cost=0.00..5.43 rows=100 width=0)
	        Index Cond: ((k >= 1785409) AND (k <= 1785509))

table 8 : explain SELECT k, c FROM sbtest8 WHERE k BETWEEN 1785409 AND 1785509
	Bitmap Heap Scan on sbtest8  (cost=5.44..393.67 rows=98 width=125)
	  Recheck Cond: ((k >= 1785409) AND (k <= 1785509))
	  ->  Bitmap Index Scan on k_8  (cost=0.00..5.42 rows=98 width=0)
	        Index Cond: ((k >= 1785409) AND (k <= 1785509))
explain: for range-notcovered :: explain SELECT k, c FROM sbtest%d WHERE k BETWEEN 2987361 AND 2987461
explain: for range-notcovered :: explain SELECT k, c FROM sbtest%d WHERE k BETWEEN 4271217 AND 4271317for range-notcovered
table 1 : explain SELECT k, c FROM sbtest1 WHERE k BETWEEN 7077320 AND 7077420
	Bitmap Heap Scan on sbtest1  (cost=5.48..409.49 rows=102 width=125)
	  Recheck Cond: ((k >= 7077320) AND (k <= 7077420))
	  ->  Bitmap Index Scan on k_1  (cost=0.00..5.45 rows=102 width=0)
	        Index Cond: ((k >= 7077320) AND (k <= 7077420))

table 2 : explain SELECT k, c FROM sbtest2 WHERE k BETWEEN 7077320 AND 7077420
	Bitmap Heap Scan on sbtest2  (cost=5.49..413.39 rows=103 width=125)
	  Recheck Cond: ((k >= 7077320) AND (k <= 7077420))
	  ->  Bitmap Index Scan on k_2  (cost=0.00..5.46 rows=103 width=0)
	        Index Cond: ((k >= 7077320) AND (k <= 7077420))

table 3 : explain SELECT k, c FROM sbtest3 WHERE k BETWEEN 7077320 AND 7077420
	Bitmap Heap Scan on sbtest3  (cost=5.44..393.86 rows=98 width=125)
	  Recheck Cond: ((k >= 7077320) AND (k <= 7077420))
	  ->  Bitmap Index Scan on k_3  (cost=0.00..5.42 rows=98 width=0)
	        Index Cond: ((k >= 7077320) AND (k <= 7077420))

table 4 : explain SELECT k, c FROM sbtest4 WHERE k BETWEEN 7077320 AND 7077420
	Bitmap Heap Scan on sbtest4  (cost=5.44..393.83 rows=98 width=125)
	  Recheck Cond: ((k >= 7077320) AND (k <= 7077420))
	  ->  Bitmap Index Scan on k_4  (cost=0.00..5.42 rows=98 width=0)
	        Index Cond: ((k >= 7077320) AND (k <= 7077420))

table 5 : explain SELECT k, c FROM sbtest5 WHERE k BETWEEN 7077320 AND 7077420
	Bitmap Heap Scan on sbtest5  (cost=5.49..413.41 rows=103 width=125)
	  Recheck Cond: ((k >= 7077320) AND (k <= 7077420))
	  ->  Bitmap Index Scan on k_5  (cost=0.00..5.46 rows=103 width=0)
	        Index Cond: ((k >= 7077320) AND (k <= 7077420))

table 6 : explain SELECT k, c FROM sbtest6 WHERE k BETWEEN 7077320 AND 7077420
	Bitmap Heap Scan on sbtest6  (cost=5.41..381.90 rows=95 width=125)
	  Recheck Cond: ((k >= 7077320) AND (k <= 7077420))
	  ->  Bitmap Index Scan on k_6  (cost=0.00..5.38 rows=95 width=0)
	        Index Cond: ((k >= 7077320) AND (k <= 7077420))

table 7 : explain SELECT k, c FROM sbtest7 WHERE k BETWEEN 7077320 AND 7077420
	Bitmap Heap Scan on sbtest7  (cost=5.58..449.11 rows=112 width=125)
	  Recheck Cond: ((k >= 7077320) AND (k <= 7077420))
	  ->  Bitmap Index Scan on k_7  (cost=0.00..5.55 rows=112 width=0)
	        Index Cond: ((k >= 7077320) AND (k <= 7077420))

table 8 : explain SELECT k, c FROM sbtest8 WHERE k BETWEEN 7077320 AND 7077420
	Bitmap Heap Scan on sbtest8  (cost=5.50..417.33 rows=104 width=125)
	  Recheck Cond: ((k >= 7077320) AND (k <= 7077420))
	  ->  Bitmap Index Scan on k_8  (cost=0.00..5.47 rows=104 width=0)
	        Index Cond: ((k >= 7077320) AND (k <= 7077420))

explain: for range-notcovered :: explain SELECT k, c FROM sbtest%d WHERE k BETWEEN 4671107 AND 4671207
for range-notcovered
table 1 : explain SELECT k, c FROM sbtest1 WHERE k BETWEEN 2108221 AND 2108321
	Bitmap Heap Scan on sbtest1  (cost=5.45..397.66 rows=99 width=125)
	  Recheck Cond: ((k >= 2108221) AND (k <= 2108321))
	  ->  Bitmap Index Scan on k_1  (cost=0.00..5.42 rows=99 width=0)
	        Index Cond: ((k >= 2108221) AND (k <= 2108321))

table 2 : explain SELECT k, c FROM sbtest2 WHERE k BETWEEN 2108221 AND 2108321
	Bitmap Heap Scan on sbtest2  (cost=5.42..385.78 rows=96 width=125)
	  Recheck Cond: ((k >= 2108221) AND (k <= 2108321))
	  ->  Bitmap Index Scan on k_2  (cost=0.00..5.39 rows=96 width=0)
	        Index Cond: ((k >= 2108221) AND (k <= 2108321))

table 3 : explain SELECT k, c FROM sbtest3 WHERE k BETWEEN 2108221 AND 2108321
	Bitmap Heap Scan on sbtest3  (cost=5.51..421.49 rows=105 width=125)
	  Recheck Cond: ((k >= 2108221) AND (k <= 2108321))
	  ->  Bitmap Index Scan on k_3  (cost=0.00..5.48 rows=105 width=0)
	        Index Cond: ((k >= 2108221) AND (k <= 2108321))

table 4 : explain SELECT k, c FROM sbtest4 WHERE k BETWEEN 2108221 AND 2108321
	Bitmap Heap Scan on sbtest4  (cost=5.42..385.93 rows=96 width=125)
	  Recheck Cond: ((k >= 2108221) AND (k <= 2108321))
	  ->  Bitmap Index Scan on k_4  (cost=0.00..5.39 rows=96 width=0)
	        Index Cond: ((k >= 2108221) AND (k <= 2108321))

table 5 : explain SELECT k, c FROM sbtest5 WHERE k BETWEEN 2108221 AND 2108321
	Bitmap Heap Scan on sbtest5  (cost=5.49..413.41 rows=103 width=125)
	  Recheck Cond: ((k >= 2108221) AND (k <= 2108321))
	  ->  Bitmap Index Scan on k_5  (cost=0.00..5.46 rows=103 width=0)
	        Index Cond: ((k >= 2108221) AND (k <= 2108321))

table 6 : explain SELECT k, c FROM sbtest6 WHERE k BETWEEN 2108221 AND 2108321
	Bitmap Heap Scan on sbtest6  (cost=5.59..452.88 rows=113 width=125)
	  Recheck Cond: ((k >= 2108221) AND (k <= 2108321))
	  ->  Bitmap Index Scan on k_6  (cost=0.00..5.56 rows=113 width=0)
	        Index Cond: ((k >= 2108221) AND (k <= 2108321))

table 7 : explain SELECT k, c FROM sbtest7 WHERE k BETWEEN 2108221 AND 2108321
	Bitmap Heap Scan on sbtest7  (cost=5.38..370.18 rows=92 width=125)
	  Recheck Cond: ((k >= 2108221) AND (k <= 2108321))
	  ->  Bitmap Index Scan on k_7  (cost=0.00..5.35 rows=92 width=0)
	        Index Cond: ((k >= 2108221) AND (k <= 2108321))

table 8 : explain SELECT k, c FROM sbtest8 WHERE k BETWEEN 2108221 AND 2108321
	Bitmap Heap Scan on sbtest8  (cost=5.43..389.72 rows=97 width=125)
	  Recheck Cond: ((k >= 2108221) AND (k <= 2108321))
	  ->  Bitmap Index Scan on k_8  (cost=0.00..5.40 rows=97 width=0)
	        Index Cond: ((k >= 2108221) AND (k <= 2108321))



for range-notcovered
table 1 : explain SELECT k, c FROM sbtest1 WHERE k BETWEEN 1805649 AND 1805749
	Bitmap Heap Scan on sbtest1  (cost=5.50..417.38 rows=104 width=125)
	  Recheck Cond: ((k >= 1805649) AND (k <= 1805749))
	  ->  Bitmap Index Scan on k_1  (cost=0.00..5.47 rows=104 width=0)
	        Index Cond: ((k >= 1805649) AND (k <= 1805749))

table 2 : explain SELECT k, c FROM sbtest2 WHERE k BETWEEN 1805649 AND 1805749
	Bitmap Heap Scan on sbtest2  (cost=5.41..381.84 rows=95 width=125)
	  Recheck Cond: ((k >= 1805649) AND (k <= 1805749))
	  ->  Bitmap Index Scan on k_2  (cost=0.00..5.38 rows=95 width=0)
	        Index Cond: ((k >= 1805649) AND (k <= 1805749))

table 3 : explain SELECT k, c FROM sbtest3 WHERE k BETWEEN 1805649 AND 1805749
	Bitmap Heap Scan on sbtest3  (cost=5.45..397.81 rows=99 width=125)
	  Recheck Cond: ((k >= 1805649) AND (k <= 1805749))
	  ->  Bitmap Index Scan on k_3  (cost=0.00..5.42 rows=99 width=0)
	        Index Cond: ((k >= 1805649) AND (k <= 1805749))

table 4 : explain SELECT k, c FROM sbtest4 WHERE k BETWEEN 1805649 AND 1805749
	Bitmap Heap Scan on sbtest4  (cost=5.51..421.45 rows=105 width=125)
	  Recheck Cond: ((k >= 1805649) AND (k <= 1805749))
	  ->  Bitmap Index Scan on k_4  (cost=0.00..5.48 rows=105 width=0)
	        Index Cond: ((k >= 1805649) AND (k <= 1805749))

table 5 : explain SELECT k, c FROM sbtest5 WHERE k BETWEEN 1805649 AND 1805749
	Bitmap Heap Scan on sbtest5  (cost=5.51..421.30 rows=105 width=125)
	  Recheck Cond: ((k >= 1805649) AND (k <= 1805749))
	  ->  Bitmap Index Scan on k_5  (cost=0.00..5.48 rows=105 width=0)
	        Index Cond: ((k >= 1805649) AND (k <= 1805749))

table 6 : explain SELECT k, c FROM sbtest6 WHERE k BETWEEN 1805649 AND 1805749
	Bitmap Heap Scan on sbtest6  (cost=5.50..417.41 rows=104 width=125)
	  Recheck Cond: ((k >= 1805649) AND (k <= 1805749))
	  ->  Bitmap Index Scan on k_6  (cost=0.00..5.47 rows=104 width=0)
	        Index Cond: ((k >= 1805649) AND (k <= 1805749))

table 7 : explain SELECT k, c FROM sbtest7 WHERE k BETWEEN 1805649 AND 1805749
	Bitmap Heap Scan on sbtest7  (cost=5.46..401.77 rows=100 width=125)
	  Recheck Cond: ((k >= 1805649) AND (k <= 1805749))
	  ->  Bitmap Index Scan on k_7  (cost=0.00..5.43 rows=100 width=0)
	        Index Cond: ((k >= 1805649) AND (k <= 1805749))

table 8 : explain SELECT k, c FROM sbtest8 WHERE k BETWEEN 1805649 AND 1805749
	Bitmap Heap Scan on sbtest8  (cost=5.42..385.78 rows=96 width=125)
	  Recheck Cond: ((k >= 1805649) AND (k <= 1805749))
	  ->  Bitmap Index Scan on k_8  (cost=0.00..5.39 rows=96 width=0)
	        Index Cond: ((k >= 1805649) AND (k <= 1805749))

explain: for range-notcovered :: explain SELECT k, c FROM sbtest%d WHERE k BETWEEN 4108565 AND 4108665
for range-notcovered
table 1 : explain SELECT k, c FROM sbtest1 WHERE k BETWEEN 6518508 AND 6518608
	Bitmap Heap Scan on sbtest1  (cost=5.44..393.71 rows=98 width=125)
	  Recheck Cond: ((k >= 6518508) AND (k <= 6518608))
	  ->  Bitmap Index Scan on k_1  (cost=0.00..5.42 rows=98 width=0)
	        Index Cond: ((k >= 6518508) AND (k <= 6518608))

table 2 : explain SELECT k, c FROM sbtest2 WHERE k BETWEEN 6518508 AND 6518608
	Bitmap Heap Scan on sbtest2  (cost=5.62..464.62 rows=116 width=125)
	  Recheck Cond: ((k >= 6518508) AND (k <= 6518608))
	  ->  Bitmap Index Scan on k_2  (cost=0.00..5.59 rows=116 width=0)
	        Index Cond: ((k >= 6518508) AND (k <= 6518608))

table 3 : explain SELECT k, c FROM sbtest3 WHERE k BETWEEN 6518508 AND 6518608
	Bitmap Heap Scan on sbtest3  (cost=5.51..421.49 rows=105 width=125)
	  Recheck Cond: ((k >= 6518508) AND (k <= 6518608))
	  ->  Bitmap Index Scan on k_3  (cost=0.00..5.48 rows=105 width=0)
	        Index Cond: ((k >= 6518508) AND (k <= 6518608))

table 4 : explain SELECT k, c FROM sbtest4 WHERE k BETWEEN 6518508 AND 6518608
	Bitmap Heap Scan on sbtest4  (cost=5.49..413.56 rows=103 width=125)
	  Recheck Cond: ((k >= 6518508) AND (k <= 6518608))
	  ->  Bitmap Index Scan on k_4  (cost=0.00..5.46 rows=103 width=0)
	        Index Cond: ((k >= 6518508) AND (k <= 6518608))

table 5 : explain SELECT k, c FROM sbtest5 WHERE k BETWEEN 6518508 AND 6518608
	Bitmap Heap Scan on sbtest5  (cost=5.64..472.52 rows=118 width=125)
	  Recheck Cond: ((k >= 6518508) AND (k <= 6518608))
	  ->  Bitmap Index Scan on k_5  (cost=0.00..5.61 rows=118 width=0)
	        Index Cond: ((k >= 6518508) AND (k <= 6518608))

table 6 : explain SELECT k, c FROM sbtest6 WHERE k BETWEEN 6518508 AND 6518608
	Bitmap Heap Scan on sbtest6  (cost=5.52..425.29 rows=106 width=125)
	  Recheck Cond: ((k >= 6518508) AND (k <= 6518608))
	  ->  Bitmap Index Scan on k_6  (cost=0.00..5.50 rows=106 width=0)
	        Index Cond: ((k >= 6518508) AND (k <= 6518608))

table 7 : explain SELECT k, c FROM sbtest7 WHERE k BETWEEN 6518508 AND 6518608
	Bitmap Heap Scan on sbtest7  (cost=5.50..417.56 rows=104 width=125)
	  Recheck Cond: ((k >= 6518508) AND (k <= 6518608))
	  ->  Bitmap Index Scan on k_7  (cost=0.00..5.47 rows=104 width=0)
	        Index Cond: ((k >= 6518508) AND (k <= 6518608))

table 8 : explain SELECT k, c FROM sbtest8 WHERE k BETWEEN 6518508 AND 6518608
	Bitmap Heap Scan on sbtest8  (cost=5.49..413.39 rows=103 width=125)
	  Recheck Cond: ((k >= 6518508) AND (k <= 6518608))
	  ->  Bitmap Index Scan on k_8  (cost=0.00..5.46 rows=103 width=0)
	        Index Cond: ((k >= 6518508) AND (k <= 6518608))
for range-notcovered
table 1 : explain SELECT k, c FROM sbtest1 WHERE k BETWEEN 3288888 AND 3288988
	Bitmap Heap Scan on sbtest1  (cost=5.57..444.97 rows=111 width=125)
	  Recheck Cond: ((k >= 3288888) AND (k <= 3288988))
	  ->  Bitmap Index Scan on k_1  (cost=0.00..5.54 rows=111 width=0)
	        Index Cond: ((k >= 3288888) AND (k <= 3288988))

table 2 : explain SELECT k, c FROM sbtest2 WHERE k BETWEEN 3288888 AND 3288988
	Bitmap Heap Scan on sbtest2  (cost=5.49..413.39 rows=103 width=125)
	  Recheck Cond: ((k >= 3288888) AND (k <= 3288988))
	  ->  Bitmap Index Scan on k_2  (cost=0.00..5.46 rows=103 width=0)
	        Index Cond: ((k >= 3288888) AND (k <= 3288988))

table 3 : explain SELECT k, c FROM sbtest3 WHERE k BETWEEN 3288888 AND 3288988
	Bitmap Heap Scan on sbtest3  (cost=5.50..417.54 rows=104 width=125)
	  Recheck Cond: ((k >= 3288888) AND (k <= 3288988))
	  ->  Bitmap Index Scan on k_3  (cost=0.00..5.47 rows=104 width=0)
	        Index Cond: ((k >= 3288888) AND (k <= 3288988))

table 4 : explain SELECT k, c FROM sbtest4 WHERE k BETWEEN 3288888 AND 3288988
	Bitmap Heap Scan on sbtest4  (cost=5.39..374.08 rows=93 width=125)
	  Recheck Cond: ((k >= 3288888) AND (k <= 3288988))
	  ->  Bitmap Index Scan on k_4  (cost=0.00..5.36 rows=93 width=0)
	        Index Cond: ((k >= 3288888) AND (k <= 3288988))

table 5 : explain SELECT k, c FROM sbtest5 WHERE k BETWEEN 3288888 AND 3288988
	Bitmap Heap Scan on sbtest5  (cost=5.47..405.52 rows=101 width=125)
	  Recheck Cond: ((k >= 3288888) AND (k <= 3288988))
	  ->  Bitmap Index Scan on k_5  (cost=0.00..5.44 rows=101 width=0)
	        Index Cond: ((k >= 3288888) AND (k <= 3288988))

table 6 : explain SELECT k, c FROM sbtest6 WHERE k BETWEEN 3288888 AND 3288988
	Bitmap Heap Scan on sbtest6  (cost=5.50..417.41 rows=104 width=125)
	  Recheck Cond: ((k >= 3288888) AND (k <= 3288988))
	  ->  Bitmap Index Scan on k_6  (cost=0.00..5.47 rows=104 width=0)
	        Index Cond: ((k >= 3288888) AND (k <= 3288988))

table 7 : explain SELECT k, c FROM sbtest7 WHERE k BETWEEN 3288888 AND 3288988
	Bitmap Heap Scan on sbtest7  (cost=5.46..401.77 rows=100 width=125)
	  Recheck Cond: ((k >= 3288888) AND (k <= 3288988))
	  ->  Bitmap Index Scan on k_7  (cost=0.00..5.43 rows=100 width=0)
	        Index Cond: ((k >= 3288888) AND (k <= 3288988))

table 8 : explain SELECT k, c FROM sbtest8 WHERE k BETWEEN 3288888 AND 3288988
	Bitmap Heap Scan on sbtest8  (cost=5.44..393.67 rows=98 width=125)
	  Recheck Cond: ((k >= 3288888) AND (k <= 3288988))
	  ->  Bitmap Index Scan on k_8  (cost=0.00..5.42 rows=98 width=0)
	        Index Cond: ((k >= 3288888) AND (k <= 3288988))


explain: for range-notcovered :: explain SELECT k, c FROM sbtest%d WHERE k BETWEEN 2108221 AND 2108321
explain: for range-notcovered :: explain SELECT k, c FROM sbtest%d WHERE k BETWEEN 1805649 AND 1805749explain: for range-notcovered :: explain SELECT k, c FROM sbtest%d WHERE k BETWEEN 1785409 AND 1785509

for range-notcovered
table 1 : explain SELECT k, c FROM sbtest1 WHERE k BETWEEN 6900185 AND 6900285
	Bitmap Heap Scan on sbtest1  (cost=5.52..425.26 rows=106 width=125)
	  Recheck Cond: ((k >= 6900185) AND (k <= 6900285))
	  ->  Bitmap Index Scan on k_1  (cost=0.00..5.50 rows=106 width=0)
	        Index Cond: ((k >= 6900185) AND (k <= 6900285))

table 2 : explain SELECT k, c FROM sbtest2 WHERE k BETWEEN 6900185 AND 6900285
	Bitmap Heap Scan on sbtest2  (cost=5.45..397.62 rows=99 width=125)
	  Recheck Cond: ((k >= 6900185) AND (k <= 6900285))
	  ->  Bitmap Index Scan on k_2  (cost=0.00..5.42 rows=99 width=0)
	        Index Cond: ((k >= 6900185) AND (k <= 6900285))

table 3 : explain SELECT k, c FROM sbtest3 WHERE k BETWEEN 6900185 AND 6900285
	Bitmap Heap Scan on sbtest3  (cost=5.56..441.21 rows=110 width=125)
	  Recheck Cond: ((k >= 6900185) AND (k <= 6900285))
	  ->  Bitmap Index Scan on k_3  (cost=0.00..5.53 rows=110 width=0)
	        Index Cond: ((k >= 6900185) AND (k <= 6900285))

table 4 : explain SELECT k, c FROM sbtest4 WHERE k BETWEEN 6900185 AND 6900285
	Bitmap Heap Scan on sbtest4  (cost=5.49..413.56 rows=103 width=125)
	  Recheck Cond: ((k >= 6900185) AND (k <= 6900285))
	  ->  Bitmap Index Scan on k_4  (cost=0.00..5.46 rows=103 width=0)
	        Index Cond: ((k >= 6900185) AND (k <= 6900285))

table 5 : explain SELECT k, c FROM sbtest5 WHERE k BETWEEN 6900185 AND 6900285
	Bitmap Heap Scan on sbtest5  (cost=5.55..437.06 rows=109 width=125)
	  Recheck Cond: ((k >= 6900185) AND (k <= 6900285))
	  ->  Bitmap Index Scan on k_5  (cost=0.00..5.52 rows=109 width=0)
	        Index Cond: ((k >= 6900185) AND (k <= 6900285))

table 6 : explain SELECT k, c FROM sbtest6 WHERE k BETWEEN 6900185 AND 6900285
	Bitmap Heap Scan on sbtest6  (cost=5.44..393.74 rows=98 width=125)
	  Recheck Cond: ((k >= 6900185) AND (k <= 6900285))
	  ->  Bitmap Index Scan on k_6  (cost=0.00..5.42 rows=98 width=0)
	        Index Cond: ((k >= 6900185) AND (k <= 6900285))

table 7 : explain SELECT k, c FROM sbtest7 WHERE k BETWEEN 6900185 AND 6900285
	Bitmap Heap Scan on sbtest7  (cost=5.35..358.33 rows=89 width=125)
	  Recheck Cond: ((k >= 6900185) AND (k <= 6900285))
	  ->  Bitmap Index Scan on k_7  (cost=0.00..5.32 rows=89 width=0)
	        Index Cond: ((k >= 6900185) AND (k <= 6900285))

table 8 : explain SELECT k, c FROM sbtest8 WHERE k BETWEEN 6900185 AND 6900285
	Bitmap Heap Scan on sbtest8  (cost=5.45..397.61 rows=99 width=125)
	  Recheck Cond: ((k >= 6900185) AND (k <= 6900285))
	  ->  Bitmap Index Scan on k_8  (cost=0.00..5.42 rows=99 width=0)
	        Index Cond: ((k >= 6900185) AND (k <= 6900285))

explain: for range-notcovered :: explain SELECT k, c FROM sbtest%d WHERE k BETWEEN 7077320 AND 7077420
explain: for range-notcovered :: explain SELECT k, c FROM sbtest%d WHERE k BETWEEN 3288888 AND 3288988
for range-notcovered
table 1 : explain SELECT k, c FROM sbtest1 WHERE k BETWEEN 4982726 AND 4982826
	Bitmap Heap Scan on sbtest1  (cost=5.55..437.09 rows=109 width=125)
	  Recheck Cond: ((k >= 4982726) AND (k <= 4982826))
	  ->  Bitmap Index Scan on k_1  (cost=0.00..5.52 rows=109 width=0)
	        Index Cond: ((k >= 4982726) AND (k <= 4982826))

table 2 : explain SELECT k, c FROM sbtest2 WHERE k BETWEEN 4982726 AND 4982826
	Bitmap Heap Scan on sbtest2  (cost=5.46..401.56 rows=100 width=125)
	  Recheck Cond: ((k >= 4982726) AND (k <= 4982826))
	  ->  Bitmap Index Scan on k_2  (cost=0.00..5.43 rows=100 width=0)
	        Index Cond: ((k >= 4982726) AND (k <= 4982826))

table 3 : explain SELECT k, c FROM sbtest3 WHERE k BETWEEN 4982726 AND 4982826
	Bitmap Heap Scan on sbtest3  (cost=5.38..370.17 rows=92 width=125)
	  Recheck Cond: ((k >= 4982726) AND (k <= 4982826))
	  ->  Bitmap Index Scan on k_3  (cost=0.00..5.35 rows=92 width=0)
	        Index Cond: ((k >= 4982726) AND (k <= 4982826))

table 4 : explain SELECT k, c FROM sbtest4 WHERE k BETWEEN 4982726 AND 4982826
	Bitmap Heap Scan on sbtest4  (cost=5.54..433.28 rows=108 width=125)
	  Recheck Cond: ((k >= 4982726) AND (k <= 4982826))
	  ->  Bitmap Index Scan on k_4  (cost=0.00..5.51 rows=108 width=0)
	        Index Cond: ((k >= 4982726) AND (k <= 4982826))

table 5 : explain SELECT k, c FROM sbtest5 WHERE k BETWEEN 4982726 AND 4982826
	Bitmap Heap Scan on sbtest5  (cost=5.45..397.63 rows=99 width=125)
	  Recheck Cond: ((k >= 4982726) AND (k <= 4982826))
	  ->  Bitmap Index Scan on k_5  (cost=0.00..5.42 rows=99 width=0)
	        Index Cond: ((k >= 4982726) AND (k <= 4982826))

table 6 : explain SELECT k, c FROM sbtest6 WHERE k BETWEEN 4982726 AND 4982826
	Bitmap Heap Scan on sbtest6  (cost=5.48..409.52 rows=102 width=125)
	  Recheck Cond: ((k >= 4982726) AND (k <= 4982826))
	  ->  Bitmap Index Scan on k_6  (cost=0.00..5.45 rows=102 width=0)
	        Index Cond: ((k >= 4982726) AND (k <= 4982826))

table 7 : explain SELECT k, c FROM sbtest7 WHERE k BETWEEN 4982726 AND 4982826
	Bitmap Heap Scan on sbtest7  (cost=5.49..413.61 rows=103 width=125)
	  Recheck Cond: ((k >= 4982726) AND (k <= 4982826))
	  ->  Bitmap Index Scan on k_7  (cost=0.00..5.46 rows=103 width=0)
	        Index Cond: ((k >= 4982726) AND (k <= 4982826))

table 8 : explain SELECT k, c FROM sbtest8 WHERE k BETWEEN 4982726 AND 4982826
	Bitmap Heap Scan on sbtest8  (cost=5.62..464.62 rows=116 width=125)
	  Recheck Cond: ((k >= 4982726) AND (k <= 4982826))
	  ->  Bitmap Index Scan on k_8  (cost=0.00..5.59 rows=116 width=0)
	        Index Cond: ((k >= 4982726) AND (k <= 4982826))

explain: for range-notcovered :: explain SELECT k, c FROM sbtest%d WHERE k BETWEEN 4982726 AND 4982826
for range-notcovered
table 1 : explain SELECT k, c FROM sbtest1 WHERE k BETWEEN 7558343 AND 7558443
	Bitmap Heap Scan on sbtest1  (cost=5.47..405.55 rows=101 width=125)
	  Recheck Cond: ((k >= 7558343) AND (k <= 7558443))
	  ->  Bitmap Index Scan on k_1  (cost=0.00..5.44 rows=101 width=0)
	        Index Cond: ((k >= 7558343) AND (k <= 7558443))

table 2 : explain SELECT k, c FROM sbtest2 WHERE k BETWEEN 7558343 AND 7558443
	Bitmap Heap Scan on sbtest2  (cost=5.47..405.51 rows=101 width=125)
	  Recheck Cond: ((k >= 7558343) AND (k <= 7558443))
	  ->  Bitmap Index Scan on k_2  (cost=0.00..5.44 rows=101 width=0)
	        Index Cond: ((k >= 7558343) AND (k <= 7558443))

table 3 : explain SELECT k, c FROM sbtest3 WHERE k BETWEEN 7558343 AND 7558443
	Bitmap Heap Scan on sbtest3  (cost=5.54..433.32 rows=108 width=125)
	  Recheck Cond: ((k >= 7558343) AND (k <= 7558443))
	  ->  Bitmap Index Scan on k_3  (cost=0.00..5.51 rows=108 width=0)
	        Index Cond: ((k >= 7558343) AND (k <= 7558443))

table 4 : explain SELECT k, c FROM sbtest4 WHERE k BETWEEN 7558343 AND 7558443
	Bitmap Heap Scan on sbtest4  (cost=5.44..393.83 rows=98 width=125)
	  Recheck Cond: ((k >= 7558343) AND (k <= 7558443))
	  ->  Bitmap Index Scan on k_4  (cost=0.00..5.42 rows=98 width=0)
	        Index Cond: ((k >= 7558343) AND (k <= 7558443))

table 5 : explain SELECT k, c FROM sbtest5 WHERE k BETWEEN 7558343 AND 7558443
	Bitmap Heap Scan on sbtest5  (cost=5.55..437.06 rows=109 width=125)
	  Recheck Cond: ((k >= 7558343) AND (k <= 7558443))
	  ->  Bitmap Index Scan on k_5  (cost=0.00..5.52 rows=109 width=0)
	        Index Cond: ((k >= 7558343) AND (k <= 7558443))

table 6 : explain SELECT k, c FROM sbtest6 WHERE k BETWEEN 7558343 AND 7558443
	Bitmap Heap Scan on sbtest6  (cost=5.55..437.12 rows=109 width=125)
	  Recheck Cond: ((k >= 7558343) AND (k <= 7558443))
	  ->  Bitmap Index Scan on k_6  (cost=0.00..5.52 rows=109 width=0)
	        Index Cond: ((k >= 7558343) AND (k <= 7558443))

table 7 : explain SELECT k, c FROM sbtest7 WHERE k BETWEEN 7558343 AND 7558443
	Bitmap Heap Scan on sbtest7  (cost=5.41..382.03 rows=95 width=125)
	  Recheck Cond: ((k >= 7558343) AND (k <= 7558443))
	  ->  Bitmap Index Scan on k_7  (cost=0.00..5.38 rows=95 width=0)
	        Index Cond: ((k >= 7558343) AND (k <= 7558443))

table 8 : explain SELECT k, c FROM sbtest8 WHERE k BETWEEN 7558343 AND 7558443
	Bitmap Heap Scan on sbtest8  (cost=5.49..413.39 rows=103 width=125)
	  Recheck Cond: ((k >= 7558343) AND (k <= 7558443))
	  ->  Bitmap Index Scan on k_8  (cost=0.00..5.46 rows=103 width=0)
	        Index Cond: ((k >= 7558343) AND (k <= 7558443))

for range-notcovered
table 1 : explain SELECT k, c FROM sbtest1 WHERE k BETWEEN 5087132 AND 5087232
	Bitmap Heap Scan on sbtest1  (cost=5.42..385.82 rows=96 width=125)
	  Recheck Cond: ((k >= 5087132) AND (k <= 5087232))
	  ->  Bitmap Index Scan on k_1  (cost=0.00..5.39 rows=96 width=0)
	        Index Cond: ((k >= 5087132) AND (k <= 5087232))

table 2 : explain SELECT k, c FROM sbtest2 WHERE k BETWEEN 5087132 AND 5087232
	Bitmap Heap Scan on sbtest2  (cost=5.53..429.16 rows=107 width=125)
	  Recheck Cond: ((k >= 5087132) AND (k <= 5087232))
	  ->  Bitmap Index Scan on k_2  (cost=0.00..5.50 rows=107 width=0)
	        Index Cond: ((k >= 5087132) AND (k <= 5087232))

table 3 : explain SELECT k, c FROM sbtest3 WHERE k BETWEEN 5087132 AND 5087232
	Bitmap Heap Scan on sbtest3  (cost=5.43..389.92 rows=97 width=125)
	  Recheck Cond: ((k >= 5087132) AND (k <= 5087232))
	  ->  Bitmap Index Scan on k_3  (cost=0.00..5.40 rows=97 width=0)
	        Index Cond: ((k >= 5087132) AND (k <= 5087232))

table 4 : explain SELECT k, c FROM sbtest4 WHERE k BETWEEN 5087132 AND 5087232
	Bitmap Heap Scan on sbtest4  (cost=5.42..385.93 rows=96 width=125)
	  Recheck Cond: ((k >= 5087132) AND (k <= 5087232))
	  ->  Bitmap Index Scan on k_4  (cost=0.00..5.39 rows=96 width=0)
	        Index Cond: ((k >= 5087132) AND (k <= 5087232))

table 5 : explain SELECT k, c FROM sbtest5 WHERE k BETWEEN 5087132 AND 5087232
	Bitmap Heap Scan on sbtest5  (cost=5.49..413.41 rows=103 width=125)
	  Recheck Cond: ((k >= 5087132) AND (k <= 5087232))
	  ->  Bitmap Index Scan on k_5  (cost=0.00..5.46 rows=103 width=0)
	        Index Cond: ((k >= 5087132) AND (k <= 5087232))

table 6 : explain SELECT k, c FROM sbtest6 WHERE k BETWEEN 5087132 AND 5087232
	Bitmap Heap Scan on sbtest6  (cost=5.49..413.46 rows=103 width=125)
	  Recheck Cond: ((k >= 5087132) AND (k <= 5087232))
	  ->  Bitmap Index Scan on k_6  (cost=0.00..5.46 rows=103 width=0)
	        Index Cond: ((k >= 5087132) AND (k <= 5087232))

table 7 : explain SELECT k, c FROM sbtest7 WHERE k BETWEEN 5087132 AND 5087232
	Bitmap Heap Scan on sbtest7  (cost=5.55..437.28 rows=109 width=125)
	  Recheck Cond: ((k >= 5087132) AND (k <= 5087232))
	  ->  Bitmap Index Scan on k_7  (cost=0.00..5.52 rows=109 width=0)
	        Index Cond: ((k >= 5087132) AND (k <= 5087232))

table 8 : explain SELECT k, c FROM sbtest8 WHERE k BETWEEN 5087132 AND 5087232
	Bitmap Heap Scan on sbtest8  (cost=5.55..437.04 rows=109 width=125)
	  Recheck Cond: ((k >= 5087132) AND (k <= 5087232))
	  ->  Bitmap Index Scan on k_8  (cost=0.00..5.52 rows=109 width=0)
	        Index Cond: ((k >= 5087132) AND (k <= 5087232))
explain: for range-notcovered :: explain SELECT k, c FROM sbtest%d WHERE k BETWEEN 7558343 AND 7558443for range-notcovered
table 1 : explain SELECT k, c FROM sbtest1 WHERE k BETWEEN 4879440 AND 4879540
	Bitmap Heap Scan on sbtest1  (cost=5.48..409.49 rows=102 width=125)
	  Recheck Cond: ((k >= 4879440) AND (k <= 4879540))
	  ->  Bitmap Index Scan on k_1  (cost=0.00..5.45 rows=102 width=0)
	        Index Cond: ((k >= 4879440) AND (k <= 4879540))

table 2 : explain SELECT k, c FROM sbtest2 WHERE k BETWEEN 4879440 AND 4879540
	Bitmap Heap Scan on sbtest2  (cost=5.46..401.56 rows=100 width=125)
	  Recheck Cond: ((k >= 4879440) AND (k <= 4879540))
	  ->  Bitmap Index Scan on k_2  (cost=0.00..5.43 rows=100 width=0)
	        Index Cond: ((k >= 4879440) AND (k <= 4879540))

table 3 : explain SELECT k, c FROM sbtest3 WHERE k BETWEEN 4879440 AND 4879540
	Bitmap Heap Scan on sbtest3  (cost=5.51..421.49 rows=105 width=125)
	  Recheck Cond: ((k >= 4879440) AND (k <= 4879540))
	  ->  Bitmap Index Scan on k_3  (cost=0.00..5.48 rows=105 width=0)
	        Index Cond: ((k >= 4879440) AND (k <= 4879540))

table 4 : explain SELECT k, c FROM sbtest4 WHERE k BETWEEN 4879440 AND 4879540
	Bitmap Heap Scan on sbtest4  (cost=5.51..421.45 rows=105 width=125)
	  Recheck Cond: ((k >= 4879440) AND (k <= 4879540))
	  ->  Bitmap Index Scan on k_4  (cost=0.00..5.48 rows=105 width=0)
	        Index Cond: ((k >= 4879440) AND (k <= 4879540))

table 5 : explain SELECT k, c FROM sbtest5 WHERE k BETWEEN 4879440 AND 4879540
	Bitmap Heap Scan on sbtest5  (cost=5.56..441.00 rows=110 width=125)
	  Recheck Cond: ((k >= 4879440) AND (k <= 4879540))
	  ->  Bitmap Index Scan on k_5  (cost=0.00..5.53 rows=110 width=0)
	        Index Cond: ((k >= 4879440) AND (k <= 4879540))

table 6 : explain SELECT k, c FROM sbtest6 WHERE k BETWEEN 4879440 AND 4879540
	Bitmap Heap Scan on sbtest6  (cost=5.43..389.79 rows=97 width=125)
	  Recheck Cond: ((k >= 4879440) AND (k <= 4879540))
	  ->  Bitmap Index Scan on k_6  (cost=0.00..5.40 rows=97 width=0)
	        Index Cond: ((k >= 4879440) AND (k <= 4879540))

table 7 : explain SELECT k, c FROM sbtest7 WHERE k BETWEEN 4879440 AND 4879540
	Bitmap Heap Scan on sbtest7  (cost=5.47..405.72 rows=101 width=125)
	  Recheck Cond: ((k >= 4879440) AND (k <= 4879540))
	  ->  Bitmap Index Scan on k_7  (cost=0.00..5.44 rows=101 width=0)
	        Index Cond: ((k >= 4879440) AND (k <= 4879540))

table 8 : explain SELECT k, c FROM sbtest8 WHERE k BETWEEN 4879440 AND 4879540
	Bitmap Heap Scan on sbtest8  (cost=5.46..401.56 rows=100 width=125)
	  Recheck Cond: ((k >= 4879440) AND (k <= 4879540))
	  ->  Bitmap Index Scan on k_8  (cost=0.00..5.43 rows=100 width=0)
	        Index Cond: ((k >= 4879440) AND (k <= 4879540))



for range-notcovered
table 1 : explain SELECT k, c FROM sbtest1 WHERE k BETWEEN 4122321 AND 4122421
	Bitmap Heap Scan on sbtest1  (cost=5.43..389.77 rows=97 width=125)
	  Recheck Cond: ((k >= 4122321) AND (k <= 4122421))
	  ->  Bitmap Index Scan on k_1  (cost=0.00..5.40 rows=97 width=0)
	        Index Cond: ((k >= 4122321) AND (k <= 4122421))

table 2 : explain SELECT k, c FROM sbtest2 WHERE k BETWEEN 4122321 AND 4122421
	Bitmap Heap Scan on sbtest2  (cost=5.52..425.22 rows=106 width=125)
	  Recheck Cond: ((k >= 4122321) AND (k <= 4122421))
	  ->  Bitmap Index Scan on k_2  (cost=0.00..5.50 rows=106 width=0)
	        Index Cond: ((k >= 4122321) AND (k <= 4122421))

table 3 : explain SELECT k, c FROM sbtest3 WHERE k BETWEEN 4122321 AND 4122421
	Bitmap Heap Scan on sbtest3  (cost=5.48..409.65 rows=102 width=125)
	  Recheck Cond: ((k >= 4122321) AND (k <= 4122421))
	  ->  Bitmap Index Scan on k_3  (cost=0.00..5.45 rows=102 width=0)
	        Index Cond: ((k >= 4122321) AND (k <= 4122421))

table 4 : explain SELECT k, c FROM sbtest4 WHERE k BETWEEN 4122321 AND 4122421
	Bitmap Heap Scan on sbtest4  (cost=5.55..437.23 rows=109 width=125)
	  Recheck Cond: ((k >= 4122321) AND (k <= 4122421))
	  ->  Bitmap Index Scan on k_4  (cost=0.00..5.52 rows=109 width=0)
	        Index Cond: ((k >= 4122321) AND (k <= 4122421))

table 5 : explain SELECT k, c FROM sbtest5 WHERE k BETWEEN 4122321 AND 4122421
	Bitmap Heap Scan on sbtest5  (cost=5.39..373.96 rows=93 width=125)
	  Recheck Cond: ((k >= 4122321) AND (k <= 4122421))
	  ->  Bitmap Index Scan on k_5  (cost=0.00..5.36 rows=93 width=0)
	        Index Cond: ((k >= 4122321) AND (k <= 4122421))

table 6 : explain SELECT k, c FROM sbtest6 WHERE k BETWEEN 4122321 AND 4122421
	Bitmap Heap Scan on sbtest6  (cost=5.51..421.35 rows=105 width=125)
	  Recheck Cond: ((k >= 4122321) AND (k <= 4122421))
	  ->  Bitmap Index Scan on k_6  (cost=0.00..5.48 rows=105 width=0)
	        Index Cond: ((k >= 4122321) AND (k <= 4122421))

table 7 : explain SELECT k, c FROM sbtest7 WHERE k BETWEEN 4122321 AND 4122421
	Bitmap Heap Scan on sbtest7  (cost=5.54..433.34 rows=108 width=125)
	  Recheck Cond: ((k >= 4122321) AND (k <= 4122421))
	  ->  Bitmap Index Scan on k_7  (cost=0.00..5.51 rows=108 width=0)
	        Index Cond: ((k >= 4122321) AND (k <= 4122421))

table 8 : explain SELECT k, c FROM sbtest8 WHERE k BETWEEN 4122321 AND 4122421
	Bitmap Heap Scan on sbtest8  (cost=5.54..433.10 rows=108 width=125)
	  Recheck Cond: ((k >= 4122321) AND (k <= 4122421))
	  ->  Bitmap Index Scan on k_8  (cost=0.00..5.51 rows=108 width=0)
	        Index Cond: ((k >= 4122321) AND (k <= 4122421))

explain: for range-notcovered :: explain SELECT k, c FROM sbtest%d WHERE k BETWEEN 5087132 AND 5087232
for range-notcovered
table 1 : explain SELECT k, c FROM sbtest1 WHERE k BETWEEN 4791258 AND 4791358
	Bitmap Heap Scan on sbtest1  (cost=5.57..444.97 rows=111 width=125)
	  Recheck Cond: ((k >= 4791258) AND (k <= 4791358))
	  ->  Bitmap Index Scan on k_1  (cost=0.00..5.54 rows=111 width=0)
	        Index Cond: ((k >= 4791258) AND (k <= 4791358))

table 2 : explain SELECT k, c FROM sbtest2 WHERE k BETWEEN 4791258 AND 4791358
	Bitmap Heap Scan on sbtest2  (cost=5.46..401.56 rows=100 width=125)
	  Recheck Cond: ((k >= 4791258) AND (k <= 4791358))
	  ->  Bitmap Index Scan on k_2  (cost=0.00..5.43 rows=100 width=0)
	        Index Cond: ((k >= 4791258) AND (k <= 4791358))

table 3 : explain SELECT k, c FROM sbtest3 WHERE k BETWEEN 4791258 AND 4791358
	Bitmap Heap Scan on sbtest3  (cost=5.51..421.49 rows=105 width=125)
	  Recheck Cond: ((k >= 4791258) AND (k <= 4791358))
	  ->  Bitmap Index Scan on k_3  (cost=0.00..5.48 rows=105 width=0)
	        Index Cond: ((k >= 4791258) AND (k <= 4791358))

table 4 : explain SELECT k, c FROM sbtest4 WHERE k BETWEEN 4791258 AND 4791358
	Bitmap Heap Scan on sbtest4  (cost=5.48..409.61 rows=102 width=125)
	  Recheck Cond: ((k >= 4791258) AND (k <= 4791358))
	  ->  Bitmap Index Scan on k_4  (cost=0.00..5.45 rows=102 width=0)
	        Index Cond: ((k >= 4791258) AND (k <= 4791358))

table 5 : explain SELECT k, c FROM sbtest5 WHERE k BETWEEN 4791258 AND 4791358
	Bitmap Heap Scan on sbtest5  (cost=5.43..389.74 rows=97 width=125)
	  Recheck Cond: ((k >= 4791258) AND (k <= 4791358))
	  ->  Bitmap Index Scan on k_5  (cost=0.00..5.40 rows=97 width=0)
	        Index Cond: ((k >= 4791258) AND (k <= 4791358))

table 6 : explain SELECT k, c FROM sbtest6 WHERE k BETWEEN 4791258 AND 4791358
	Bitmap Heap Scan on sbtest6  (cost=5.62..464.70 rows=116 width=125)
	  Recheck Cond: ((k >= 4791258) AND (k <= 4791358))
	  ->  Bitmap Index Scan on k_6  (cost=0.00..5.59 rows=116 width=0)
	        Index Cond: ((k >= 4791258) AND (k <= 4791358))

table 7 : explain SELECT k, c FROM sbtest7 WHERE k BETWEEN 4791258 AND 4791358
	Bitmap Heap Scan on sbtest7  (cost=5.56..441.23 rows=110 width=125)
	  Recheck Cond: ((k >= 4791258) AND (k <= 4791358))
	  ->  Bitmap Index Scan on k_7  (cost=0.00..5.53 rows=110 width=0)
	        Index Cond: ((k >= 4791258) AND (k <= 4791358))

table 8 : explain SELECT k, c FROM sbtest8 WHERE k BETWEEN 4791258 AND 4791358
	Bitmap Heap Scan on sbtest8  (cost=5.46..401.56 rows=100 width=125)
	  Recheck Cond: ((k >= 4791258) AND (k <= 4791358))
	  ->  Bitmap Index Scan on k_8  (cost=0.00..5.43 rows=100 width=0)
	        Index Cond: ((k >= 4791258) AND (k <= 4791358))

for range-notcovered
table 1 : explain SELECT k, c FROM sbtest1 WHERE k BETWEEN 3544069 AND 3544169
	Bitmap Heap Scan on sbtest1  (cost=5.53..429.21 rows=107 width=125)
	  Recheck Cond: ((k >= 3544069) AND (k <= 3544169))
	  ->  Bitmap Index Scan on k_1  (cost=0.00..5.50 rows=107 width=0)
	        Index Cond: ((k >= 3544069) AND (k <= 3544169))

table 2 : explain SELECT k, c FROM sbtest2 WHERE k BETWEEN 3544069 AND 3544169
	Bitmap Heap Scan on sbtest2  (cost=5.54..433.10 rows=108 width=125)
	  Recheck Cond: ((k >= 3544069) AND (k <= 3544169))
	  ->  Bitmap Index Scan on k_2  (cost=0.00..5.51 rows=108 width=0)
	        Index Cond: ((k >= 3544069) AND (k <= 3544169))

table 3 : explain SELECT k, c FROM sbtest3 WHERE k BETWEEN 3544069 AND 3544169
	Bitmap Heap Scan on sbtest3  (cost=5.46..401.76 rows=100 width=125)
	  Recheck Cond: ((k >= 3544069) AND (k <= 3544169))
	  ->  Bitmap Index Scan on k_3  (cost=0.00..5.43 rows=100 width=0)
	        Index Cond: ((k >= 3544069) AND (k <= 3544169))

table 4 : explain SELECT k, c FROM sbtest4 WHERE k BETWEEN 3544069 AND 3544169
	Bitmap Heap Scan on sbtest4  (cost=5.39..374.08 rows=93 width=125)
	  Recheck Cond: ((k >= 3544069) AND (k <= 3544169))
	  ->  Bitmap Index Scan on k_4  (cost=0.00..5.36 rows=93 width=0)
	        Index Cond: ((k >= 3544069) AND (k <= 3544169))

table 5 : explain SELECT k, c FROM sbtest5 WHERE k BETWEEN 3544069 AND 3544169
	Bitmap Heap Scan on sbtest5  (cost=5.47..405.52 rows=101 width=125)
	  Recheck Cond: ((k >= 3544069) AND (k <= 3544169))
	  ->  Bitmap Index Scan on k_5  (cost=0.00..5.44 rows=101 width=0)
	        Index Cond: ((k >= 3544069) AND (k <= 3544169))

table 6 : explain SELECT k, c FROM sbtest6 WHERE k BETWEEN 3544069 AND 3544169
	Bitmap Heap Scan on sbtest6  (cost=5.48..409.52 rows=102 width=125)
	  Recheck Cond: ((k >= 3544069) AND (k <= 3544169))
	  ->  Bitmap Index Scan on k_6  (cost=0.00..5.45 rows=102 width=0)
	        Index Cond: ((k >= 3544069) AND (k <= 3544169))

table 7 : explain SELECT k, c FROM sbtest7 WHERE k BETWEEN 3544069 AND 3544169
	Bitmap Heap Scan on sbtest7  (cost=5.60..457.00 rows=114 width=125)
	  Recheck Cond: ((k >= 3544069) AND (k <= 3544169))
	  ->  Bitmap Index Scan on k_7  (cost=0.00..5.58 rows=114 width=0)
	        Index Cond: ((k >= 3544069) AND (k <= 3544169))

table 8 : explain SELECT k, c FROM sbtest8 WHERE k BETWEEN 3544069 AND 3544169
	Bitmap Heap Scan on sbtest8  (cost=5.42..385.78 rows=96 width=125)
	  Recheck Cond: ((k >= 3544069) AND (k <= 3544169))
	  ->  Bitmap Index Scan on k_8  (cost=0.00..5.39 rows=96 width=0)
	        Index Cond: ((k >= 3544069) AND (k <= 3544169))

explain: for range-notcovered :: explain SELECT k, c FROM sbtest%d WHERE k BETWEEN 4122321 AND 4122421
explain: for range-notcovered :: explain SELECT k, c FROM sbtest%d WHERE k BETWEEN 4791258 AND 4791358
explain: for range-notcovered :: explain SELECT k, c FROM sbtest%d WHERE k BETWEEN 3544069 AND 3544169
for range-notcovered
table 1 : explain SELECT k, c FROM sbtest1 WHERE k BETWEEN 2987361 AND 2987461
	Bitmap Heap Scan on sbtest1  (cost=5.55..437.09 rows=109 width=125)
	  Recheck Cond: ((k >= 2987361) AND (k <= 2987461))
	  ->  Bitmap Index Scan on k_1  (cost=0.00..5.52 rows=109 width=0)
	        Index Cond: ((k >= 2987361) AND (k <= 2987461))

table 2 : explain SELECT k, c FROM sbtest2 WHERE k BETWEEN 2987361 AND 2987461
	Bitmap Heap Scan on sbtest2  (cost=5.44..393.67 rows=98 width=125)
	  Recheck Cond: ((k >= 2987361) AND (k <= 2987461))
	  ->  Bitmap Index Scan on k_2  (cost=0.00..5.42 rows=98 width=0)
	        Index Cond: ((k >= 2987361) AND (k <= 2987461))

table 3 : explain SELECT k, c FROM sbtest3 WHERE k BETWEEN 2987361 AND 2987461
	Bitmap Heap Scan on sbtest3  (cost=5.42..385.97 rows=96 width=125)
	  Recheck Cond: ((k >= 2987361) AND (k <= 2987461))
	  ->  Bitmap Index Scan on k_3  (cost=0.00..5.39 rows=96 width=0)
	        Index Cond: ((k >= 2987361) AND (k <= 2987461))

table 4 : explain SELECT k, c FROM sbtest4 WHERE k BETWEEN 2987361 AND 2987461
	Bitmap Heap Scan on sbtest4  (cost=5.54..433.28 rows=108 width=125)
	  Recheck Cond: ((k >= 2987361) AND (k <= 2987461))
	  ->  Bitmap Index Scan on k_4  (cost=0.00..5.51 rows=108 width=0)
	        Index Cond: ((k >= 2987361) AND (k <= 2987461))

table 5 : explain SELECT k, c FROM sbtest5 WHERE k BETWEEN 2987361 AND 2987461
	Bitmap Heap Scan on sbtest5  (cost=5.50..417.35 rows=104 width=125)
	  Recheck Cond: ((k >= 2987361) AND (k <= 2987461))
	  ->  Bitmap Index Scan on k_5  (cost=0.00..5.47 rows=104 width=0)
	        Index Cond: ((k >= 2987361) AND (k <= 2987461))

table 6 : explain SELECT k, c FROM sbtest6 WHERE k BETWEEN 2987361 AND 2987461
	Bitmap Heap Scan on sbtest6  (cost=5.40..377.95 rows=94 width=125)
	  Recheck Cond: ((k >= 2987361) AND (k <= 2987461))
	  ->  Bitmap Index Scan on k_6  (cost=0.00..5.38 rows=94 width=0)
	        Index Cond: ((k >= 2987361) AND (k <= 2987461))

table 7 : explain SELECT k, c FROM sbtest7 WHERE k BETWEEN 2987361 AND 2987461
	Bitmap Heap Scan on sbtest7  (cost=5.48..409.67 rows=102 width=125)
	  Recheck Cond: ((k >= 2987361) AND (k <= 2987461))
	  ->  Bitmap Index Scan on k_7  (cost=0.00..5.45 rows=102 width=0)
	        Index Cond: ((k >= 2987361) AND (k <= 2987461))

table 8 : explain SELECT k, c FROM sbtest8 WHERE k BETWEEN 2987361 AND 2987461
	Bitmap Heap Scan on sbtest8  (cost=5.52..425.22 rows=106 width=125)
	  Recheck Cond: ((k >= 2987361) AND (k <= 2987461))
	  ->  Bitmap Index Scan on k_8  (cost=0.00..5.50 rows=106 width=0)
	        Index Cond: ((k >= 2987361) AND (k <= 2987461))

for range-notcovered
table 1 : explain SELECT k, c FROM sbtest1 WHERE k BETWEEN 4671107 AND 4671207
	Bitmap Heap Scan on sbtest1  (cost=5.45..397.66 rows=99 width=125)
	  Recheck Cond: ((k >= 4671107) AND (k <= 4671207))
	  ->  Bitmap Index Scan on k_1  (cost=0.00..5.42 rows=99 width=0)
	        Index Cond: ((k >= 4671107) AND (k <= 4671207))

table 2 : explain SELECT k, c FROM sbtest2 WHERE k BETWEEN 4671107 AND 4671207
	Bitmap Heap Scan on sbtest2  (cost=5.39..373.94 rows=93 width=125)
	  Recheck Cond: ((k >= 4671107) AND (k <= 4671207))
	  ->  Bitmap Index Scan on k_2  (cost=0.00..5.36 rows=93 width=0)
	        Index Cond: ((k >= 4671107) AND (k <= 4671207))

table 3 : explain SELECT k, c FROM sbtest3 WHERE k BETWEEN 4671107 AND 4671207
	Bitmap Heap Scan on sbtest3  (cost=5.43..389.92 rows=97 width=125)
	  Recheck Cond: ((k >= 4671107) AND (k <= 4671207))
	  ->  Bitmap Index Scan on k_3  (cost=0.00..5.40 rows=97 width=0)
	        Index Cond: ((k >= 4671107) AND (k <= 4671207))

table 4 : explain SELECT k, c FROM sbtest4 WHERE k BETWEEN 4671107 AND 4671207
	Bitmap Heap Scan on sbtest4  (cost=5.44..393.83 rows=98 width=125)
	  Recheck Cond: ((k >= 4671107) AND (k <= 4671207))
	  ->  Bitmap Index Scan on k_4  (cost=0.00..5.42 rows=98 width=0)
	        Index Cond: ((k >= 4671107) AND (k <= 4671207))

table 5 : explain SELECT k, c FROM sbtest5 WHERE k BETWEEN 4671107 AND 4671207
	Bitmap Heap Scan on sbtest5  (cost=5.45..397.63 rows=99 width=125)
	  Recheck Cond: ((k >= 4671107) AND (k <= 4671207))
	  ->  Bitmap Index Scan on k_5  (cost=0.00..5.42 rows=99 width=0)
	        Index Cond: ((k >= 4671107) AND (k <= 4671207))

table 6 : explain SELECT k, c FROM sbtest6 WHERE k BETWEEN 4671107 AND 4671207
	Bitmap Heap Scan on sbtest6  (cost=5.42..385.84 rows=96 width=125)
	  Recheck Cond: ((k >= 4671107) AND (k <= 4671207))
	  ->  Bitmap Index Scan on k_6  (cost=0.00..5.39 rows=96 width=0)
	        Index Cond: ((k >= 4671107) AND (k <= 4671207))

table 7 : explain SELECT k, c FROM sbtest7 WHERE k BETWEEN 4671107 AND 4671207
	Bitmap Heap Scan on sbtest7  (cost=5.46..401.77 rows=100 width=125)
	  Recheck Cond: ((k >= 4671107) AND (k <= 4671207))
	  ->  Bitmap Index Scan on k_7  (cost=0.00..5.43 rows=100 width=0)
	        Index Cond: ((k >= 4671107) AND (k <= 4671207))

table 8 : explain SELECT k, c FROM sbtest8 WHERE k BETWEEN 4671107 AND 4671207
	Bitmap Heap Scan on sbtest8  (cost=5.45..397.61 rows=99 width=125)
	  Recheck Cond: ((k >= 4671107) AND (k <= 4671207))
	  ->  Bitmap Index Scan on k_8  (cost=0.00..5.42 rows=99 width=0)
	        Index Cond: ((k >= 4671107) AND (k <= 4671207))

for range-notcovered
table 1 : explain SELECT k, c FROM sbtest1 WHERE k BETWEEN 3618693 AND 3618793
	Bitmap Heap Scan on sbtest1  (cost=5.45..397.66 rows=99 width=125)
	  Recheck Cond: ((k >= 3618693) AND (k <= 3618793))
	  ->  Bitmap Index Scan on k_1  (cost=0.00..5.42 rows=99 width=0)
	        Index Cond: ((k >= 3618693) AND (k <= 3618793))

table 2 : explain SELECT k, c FROM sbtest2 WHERE k BETWEEN 3618693 AND 3618793
	Bitmap Heap Scan on sbtest2  (cost=5.42..385.78 rows=96 width=125)
	  Recheck Cond: ((k >= 3618693) AND (k <= 3618793))
	  ->  Bitmap Index Scan on k_2  (cost=0.00..5.39 rows=96 width=0)
	        Index Cond: ((k >= 3618693) AND (k <= 3618793))

table 3 : explain SELECT k, c FROM sbtest3 WHERE k BETWEEN 3618693 AND 3618793
	Bitmap Heap Scan on sbtest3  (cost=5.51..421.49 rows=105 width=125)
	  Recheck Cond: ((k >= 3618693) AND (k <= 3618793))
	  ->  Bitmap Index Scan on k_3  (cost=0.00..5.48 rows=105 width=0)
	        Index Cond: ((k >= 3618693) AND (k <= 3618793))

table 4 : explain SELECT k, c FROM sbtest4 WHERE k BETWEEN 3618693 AND 3618793
	Bitmap Heap Scan on sbtest4  (cost=5.47..405.67 rows=101 width=125)
	  Recheck Cond: ((k >= 3618693) AND (k <= 3618793))
	  ->  Bitmap Index Scan on k_4  (cost=0.00..5.44 rows=101 width=0)
	        Index Cond: ((k >= 3618693) AND (k <= 3618793))

table 5 : explain SELECT k, c FROM sbtest5 WHERE k BETWEEN 3618693 AND 3618793
	Bitmap Heap Scan on sbtest5  (cost=5.50..417.35 rows=104 width=125)
	  Recheck Cond: ((k >= 3618693) AND (k <= 3618793))
	  ->  Bitmap Index Scan on k_5  (cost=0.00..5.47 rows=104 width=0)
	        Index Cond: ((k >= 3618693) AND (k <= 3618793))

table 6 : explain SELECT k, c FROM sbtest6 WHERE k BETWEEN 3618693 AND 3618793
	Bitmap Heap Scan on sbtest6  (cost=5.43..389.79 rows=97 width=125)
	  Recheck Cond: ((k >= 3618693) AND (k <= 3618793))
	  ->  Bitmap Index Scan on k_6  (cost=0.00..5.40 rows=97 width=0)
	        Index Cond: ((k >= 3618693) AND (k <= 3618793))

table 7 : explain SELECT k, c FROM sbtest7 WHERE k BETWEEN 3618693 AND 3618793
	Bitmap Heap Scan on sbtest7  (cost=5.51..421.50 rows=105 width=125)
	  Recheck Cond: ((k >= 3618693) AND (k <= 3618793))
	  ->  Bitmap Index Scan on k_7  (cost=0.00..5.48 rows=105 width=0)
	        Index Cond: ((k >= 3618693) AND (k <= 3618793))

table 8 : explain SELECT k, c FROM sbtest8 WHERE k BETWEEN 3618693 AND 3618793
	Bitmap Heap Scan on sbtest8  (cost=5.42..385.78 rows=96 width=125)
	  Recheck Cond: ((k >= 3618693) AND (k <= 3618793))
	  ->  Bitmap Index Scan on k_8  (cost=0.00..5.39 rows=96 width=0)
	        Index Cond: ((k >= 3618693) AND (k <= 3618793))

for range-notcovered
table 1 : explain SELECT k, c FROM sbtest1 WHERE k BETWEEN 4271217 AND 4271317
	Bitmap Heap Scan on sbtest1  (cost=5.45..397.66 rows=99 width=125)
	  Recheck Cond: ((k >= 4271217) AND (k <= 4271317))
	  ->  Bitmap Index Scan on k_1  (cost=0.00..5.42 rows=99 width=0)
	        Index Cond: ((k >= 4271217) AND (k <= 4271317))

table 2 : explain SELECT k, c FROM sbtest2 WHERE k BETWEEN 4271217 AND 4271317
	Bitmap Heap Scan on sbtest2  (cost=5.45..397.62 rows=99 width=125)
	  Recheck Cond: ((k >= 4271217) AND (k <= 4271317))
	  ->  Bitmap Index Scan on k_2  (cost=0.00..5.42 rows=99 width=0)
	        Index Cond: ((k >= 4271217) AND (k <= 4271317))

table 3 : explain SELECT k, c FROM sbtest3 WHERE k BETWEEN 4271217 AND 4271317
	Bitmap Heap Scan on sbtest3  (cost=5.37..366.22 rows=91 width=125)
	  Recheck Cond: ((k >= 4271217) AND (k <= 4271317))
	  ->  Bitmap Index Scan on k_3  (cost=0.00..5.34 rows=91 width=0)
	        Index Cond: ((k >= 4271217) AND (k <= 4271317))

table 4 : explain SELECT k, c FROM sbtest4 WHERE k BETWEEN 4271217 AND 4271317
	Bitmap Heap Scan on sbtest4  (cost=5.47..405.67 rows=101 width=125)
	  Recheck Cond: ((k >= 4271217) AND (k <= 4271317))
	  ->  Bitmap Index Scan on k_4  (cost=0.00..5.44 rows=101 width=0)
	        Index Cond: ((k >= 4271217) AND (k <= 4271317))

table 5 : explain SELECT k, c FROM sbtest5 WHERE k BETWEEN 4271217 AND 4271317
	Bitmap Heap Scan on sbtest5  (cost=5.50..417.35 rows=104 width=125)
	  Recheck Cond: ((k >= 4271217) AND (k <= 4271317))
	  ->  Bitmap Index Scan on k_5  (cost=0.00..5.47 rows=104 width=0)
	        Index Cond: ((k >= 4271217) AND (k <= 4271317))

table 6 : explain SELECT k, c FROM sbtest6 WHERE k BETWEEN 4271217 AND 4271317
	Bitmap Heap Scan on sbtest6  (cost=5.52..425.29 rows=106 width=125)
	  Recheck Cond: ((k >= 4271217) AND (k <= 4271317))
	  ->  Bitmap Index Scan on k_6  (cost=0.00..5.50 rows=106 width=0)
	        Index Cond: ((k >= 4271217) AND (k <= 4271317))

table 7 : explain SELECT k, c FROM sbtest7 WHERE k BETWEEN 4271217 AND 4271317
	Bitmap Heap Scan on sbtest7  (cost=5.46..401.77 rows=100 width=125)
	  Recheck Cond: ((k >= 4271217) AND (k <= 4271317))
	  ->  Bitmap Index Scan on k_7  (cost=0.00..5.43 rows=100 width=0)
	        Index Cond: ((k >= 4271217) AND (k <= 4271317))

table 8 : explain SELECT k, c FROM sbtest8 WHERE k BETWEEN 4271217 AND 4271317
	Bitmap Heap Scan on sbtest8  (cost=5.49..413.39 rows=103 width=125)
	  Recheck Cond: ((k >= 4271217) AND (k <= 4271317))
	  ->  Bitmap Index Scan on k_8  (cost=0.00..5.46 rows=103 width=0)
	        Index Cond: ((k >= 4271217) AND (k <= 4271317))

explain: for range-notcovered :: explain SELECT k, c FROM sbtest%d WHERE k BETWEEN 4671107 AND 4671207
explain: for range-notcovered :: explain SELECT k, c FROM sbtest%d WHERE k BETWEEN 3618693 AND 3618793
explain: for range-notcovered :: explain SELECT k, c FROM sbtest%d WHERE k BETWEEN 4271217 AND 4271317
for range-notcovered
table 1 : explain SELECT k, c FROM sbtest1 WHERE k BETWEEN 1805649 AND 1805749
	Bitmap Heap Scan on sbtest1  (cost=5.50..417.38 rows=104 width=125)
	  Recheck Cond: ((k >= 1805649) AND (k <= 1805749))
	  ->  Bitmap Index Scan on k_1  (cost=0.00..5.47 rows=104 width=0)
	        Index Cond: ((k >= 1805649) AND (k <= 1805749))

table 2 : explain SELECT k, c FROM sbtest2 WHERE k BETWEEN 1805649 AND 1805749
	Bitmap Heap Scan on sbtest2  (cost=5.41..381.84 rows=95 width=125)
	  Recheck Cond: ((k >= 1805649) AND (k <= 1805749))
	  ->  Bitmap Index Scan on k_2  (cost=0.00..5.38 rows=95 width=0)
	        Index Cond: ((k >= 1805649) AND (k <= 1805749))

table 3 : explain SELECT k, c FROM sbtest3 WHERE k BETWEEN 1805649 AND 1805749
	Bitmap Heap Scan on sbtest3  (cost=5.45..397.81 rows=99 width=125)
	  Recheck Cond: ((k >= 1805649) AND (k <= 1805749))
	  ->  Bitmap Index Scan on k_3  (cost=0.00..5.42 rows=99 width=0)
	        Index Cond: ((k >= 1805649) AND (k <= 1805749))

table 4 : explain SELECT k, c FROM sbtest4 WHERE k BETWEEN 1805649 AND 1805749
	Bitmap Heap Scan on sbtest4  (cost=5.51..421.45 rows=105 width=125)
	  Recheck Cond: ((k >= 1805649) AND (k <= 1805749))
	  ->  Bitmap Index Scan on k_4  (cost=0.00..5.48 rows=105 width=0)
	        Index Cond: ((k >= 1805649) AND (k <= 1805749))

table 5 : explain SELECT k, c FROM sbtest5 WHERE k BETWEEN 1805649 AND 1805749
	Bitmap Heap Scan on sbtest5  (cost=5.51..421.30 rows=105 width=125)
	  Recheck Cond: ((k >= 1805649) AND (k <= 1805749))
	  ->  Bitmap Index Scan on k_5  (cost=0.00..5.48 rows=105 width=0)
	        Index Cond: ((k >= 1805649) AND (k <= 1805749))

table 6 : explain SELECT k, c FROM sbtest6 WHERE k BETWEEN 1805649 AND 1805749
	Bitmap Heap Scan on sbtest6  (cost=5.50..417.41 rows=104 width=125)
	  Recheck Cond: ((k >= 1805649) AND (k <= 1805749))
	  ->  Bitmap Index Scan on k_6  (cost=0.00..5.47 rows=104 width=0)
	        Index Cond: ((k >= 1805649) AND (k <= 1805749))

table 7 : explain SELECT k, c FROM sbtest7 WHERE k BETWEEN 1805649 AND 1805749
	Bitmap Heap Scan on sbtest7  (cost=5.46..401.77 rows=100 width=125)
	  Recheck Cond: ((k >= 1805649) AND (k <= 1805749))
	  ->  Bitmap Index Scan on k_7  (cost=0.00..5.43 rows=100 width=0)
	        Index Cond: ((k >= 1805649) AND (k <= 1805749))

table 8 : explain SELECT k, c FROM sbtest8 WHERE k BETWEEN 1805649 AND 1805749
	Bitmap Heap Scan on sbtest8  (cost=5.42..385.78 rows=96 width=125)
	  Recheck Cond: ((k >= 1805649) AND (k <= 1805749))
	  ->  Bitmap Index Scan on k_8  (cost=0.00..5.39 rows=96 width=0)
	        Index Cond: ((k >= 1805649) AND (k <= 1805749))

for range-notcovered
table 1 : explain SELECT k, c FROM sbtest1 WHERE k BETWEEN 2108221 AND 2108321
	Bitmap Heap Scan on sbtest1  (cost=5.45..397.66 rows=99 width=125)
	  Recheck Cond: ((k >= 2108221) AND (k <= 2108321))
	  ->  Bitmap Index Scan on k_1  (cost=0.00..5.42 rows=99 width=0)
	        Index Cond: ((k >= 2108221) AND (k <= 2108321))

table 2 : explain SELECT k, c FROM sbtest2 WHERE k BETWEEN 2108221 AND 2108321
	Bitmap Heap Scan on sbtest2  (cost=5.42..385.78 rows=96 width=125)
	  Recheck Cond: ((k >= 2108221) AND (k <= 2108321))
	  ->  Bitmap Index Scan on k_2  (cost=0.00..5.39 rows=96 width=0)
	        Index Cond: ((k >= 2108221) AND (k <= 2108321))

table 3 : explain SELECT k, c FROM sbtest3 WHERE k BETWEEN 2108221 AND 2108321
	Bitmap Heap Scan on sbtest3  (cost=5.51..421.49 rows=105 width=125)
	  Recheck Cond: ((k >= 2108221) AND (k <= 2108321))
	  ->  Bitmap Index Scan on k_3  (cost=0.00..5.48 rows=105 width=0)
	        Index Cond: ((k >= 2108221) AND (k <= 2108321))

table 4 : explain SELECT k, c FROM sbtest4 WHERE k BETWEEN 2108221 AND 2108321
	Bitmap Heap Scan on sbtest4  (cost=5.42..385.93 rows=96 width=125)
	  Recheck Cond: ((k >= 2108221) AND (k <= 2108321))
	  ->  Bitmap Index Scan on k_4  (cost=0.00..5.39 rows=96 width=0)
	        Index Cond: ((k >= 2108221) AND (k <= 2108321))

table 5 : explain SELECT k, c FROM sbtest5 WHERE k BETWEEN 2108221 AND 2108321
	Bitmap Heap Scan on sbtest5  (cost=5.49..413.41 rows=103 width=125)
	  Recheck Cond: ((k >= 2108221) AND (k <= 2108321))
	  ->  Bitmap Index Scan on k_5  (cost=0.00..5.46 rows=103 width=0)
	        Index Cond: ((k >= 2108221) AND (k <= 2108321))

table 6 : explain SELECT k, c FROM sbtest6 WHERE k BETWEEN 2108221 AND 2108321
	Bitmap Heap Scan on sbtest6  (cost=5.59..452.88 rows=113 width=125)
	  Recheck Cond: ((k >= 2108221) AND (k <= 2108321))
	  ->  Bitmap Index Scan on k_6  (cost=0.00..5.56 rows=113 width=0)
	        Index Cond: ((k >= 2108221) AND (k <= 2108321))

table 7 : explain SELECT k, c FROM sbtest7 WHERE k BETWEEN 2108221 AND 2108321
	Bitmap Heap Scan on sbtest7  (cost=5.38..370.18 rows=92 width=125)
	  Recheck Cond: ((k >= 2108221) AND (k <= 2108321))
	  ->  Bitmap Index Scan on k_7  (cost=0.00..5.35 rows=92 width=0)
	        Index Cond: ((k >= 2108221) AND (k <= 2108321))

table 8 : explain SELECT k, c FROM sbtest8 WHERE k BETWEEN 2108221 AND 2108321
	Bitmap Heap Scan on sbtest8  (cost=5.43..389.72 rows=97 width=125)
	  Recheck Cond: ((k >= 2108221) AND (k <= 2108321))
	  ->  Bitmap Index Scan on k_8  (cost=0.00..5.40 rows=97 width=0)
	        Index Cond: ((k >= 2108221) AND (k <= 2108321))
for range-notcovered
table 1 : explain SELECT k, c FROM sbtest1 WHERE k BETWEEN 1785409 AND 1785509
	Bitmap Heap Scan on sbtest1  (cost=5.50..417.38 rows=104 width=125)
	  Recheck Cond: ((k >= 1785409) AND (k <= 1785509))
	  ->  Bitmap Index Scan on k_1  (cost=0.00..5.47 rows=104 width=0)
	        Index Cond: ((k >= 1785409) AND (k <= 1785509))

table 2 : explain SELECT k, c FROM sbtest2 WHERE k BETWEEN 1785409 AND 1785509
	Bitmap Heap Scan on sbtest2  (cost=5.41..381.84 rows=95 width=125)
	  Recheck Cond: ((k >= 1785409) AND (k <= 1785509))
	  ->  Bitmap Index Scan on k_2  (cost=0.00..5.38 rows=95 width=0)
	        Index Cond: ((k >= 1785409) AND (k <= 1785509))

table 3 : explain SELECT k, c FROM sbtest3 WHERE k BETWEEN 1785409 AND 1785509
	Bitmap Heap Scan on sbtest3  (cost=5.43..389.92 rows=97 width=125)
	  Recheck Cond: ((k >= 1785409) AND (k <= 1785509))
	  ->  Bitmap Index Scan on k_3  (cost=0.00..5.40 rows=97 width=0)
	        Index Cond: ((k >= 1785409) AND (k <= 1785509))

table 4 : explain SELECT k, c FROM sbtest4 WHERE k BETWEEN 1785409 AND 1785509
	Bitmap Heap Scan on sbtest4  (cost=5.41..381.98 rows=95 width=125)
	  Recheck Cond: ((k >= 1785409) AND (k <= 1785509))
	  ->  Bitmap Index Scan on k_4  (cost=0.00..5.38 rows=95 width=0)
	        Index Cond: ((k >= 1785409) AND (k <= 1785509))

table 5 : explain SELECT k, c FROM sbtest5 WHERE k BETWEEN 1785409 AND 1785509
	Bitmap Heap Scan on sbtest5  (cost=5.51..421.30 rows=105 width=125)
	  Recheck Cond: ((k >= 1785409) AND (k <= 1785509))
	  ->  Bitmap Index Scan on k_5  (cost=0.00..5.48 rows=105 width=0)
	        Index Cond: ((k >= 1785409) AND (k <= 1785509))

table 6 : explain SELECT k, c FROM sbtest6 WHERE k BETWEEN 1785409 AND 1785509
	Bitmap Heap Scan on sbtest6  (cost=5.50..417.41 rows=104 width=125)
	  Recheck Cond: ((k >= 1785409) AND (k <= 1785509))
	  ->  Bitmap Index Scan on k_6  (cost=0.00..5.47 rows=104 width=0)
	        Index Cond: ((k >= 1785409) AND (k <= 1785509))

table 7 : explain SELECT k, c FROM sbtest7 WHERE k BETWEEN 1785409 AND 1785509
	Bitmap Heap Scan on sbtest7  (cost=5.46..401.77 rows=100 width=125)
	  Recheck Cond: ((k >= 1785409) AND (k <= 1785509))
	  ->  Bitmap Index Scan on k_7  (cost=0.00..5.43 rows=100 width=0)
	        Index Cond: ((k >= 1785409) AND (k <= 1785509))

table 8 : explain SELECT k, c FROM sbtest8 WHERE k BETWEEN 1785409 AND 1785509
	Bitmap Heap Scan on sbtest8  (cost=5.44..393.67 rows=98 width=125)
	  Recheck Cond: ((k >= 1785409) AND (k <= 1785509))
	  ->  Bitmap Index Scan on k_8  (cost=0.00..5.42 rows=98 width=0)
	        Index Cond: ((k >= 1785409) AND (k <= 1785509))


for range-notcovered
table 1 : explain SELECT k, c FROM sbtest1 WHERE k BETWEEN 7077320 AND 7077420
	Bitmap Heap Scan on sbtest1  (cost=5.48..409.49 rows=102 width=125)
	  Recheck Cond: ((k >= 7077320) AND (k <= 7077420))
	  ->  Bitmap Index Scan on k_1  (cost=0.00..5.45 rows=102 width=0)
	        Index Cond: ((k >= 7077320) AND (k <= 7077420))

table 2 : explain SELECT k, c FROM sbtest2 WHERE k BETWEEN 7077320 AND 7077420
	Bitmap Heap Scan on sbtest2  (cost=5.49..413.39 rows=103 width=125)
	  Recheck Cond: ((k >= 7077320) AND (k <= 7077420))
	  ->  Bitmap Index Scan on k_2  (cost=0.00..5.46 rows=103 width=0)
	        Index Cond: ((k >= 7077320) AND (k <= 7077420))

table 3 : explain SELECT k, c FROM sbtest3 WHERE k BETWEEN 7077320 AND 7077420
	Bitmap Heap Scan on sbtest3  (cost=5.44..393.86 rows=98 width=125)
	  Recheck Cond: ((k >= 7077320) AND (k <= 7077420))
	  ->  Bitmap Index Scan on k_3  (cost=0.00..5.42 rows=98 width=0)
	        Index Cond: ((k >= 7077320) AND (k <= 7077420))

table 4 : explain SELECT k, c FROM sbtest4 WHERE k BETWEEN 7077320 AND 7077420
	Bitmap Heap Scan on sbtest4  (cost=5.44..393.83 rows=98 width=125)
	  Recheck Cond: ((k >= 7077320) AND (k <= 7077420))
	  ->  Bitmap Index Scan on k_4  (cost=0.00..5.42 rows=98 width=0)
	        Index Cond: ((k >= 7077320) AND (k <= 7077420))

table 5 : explain SELECT k, c FROM sbtest5 WHERE k BETWEEN 7077320 AND 7077420
	Bitmap Heap Scan on sbtest5  (cost=5.49..413.41 rows=103 width=125)
	  Recheck Cond: ((k >= 7077320) AND (k <= 7077420))
	  ->  Bitmap Index Scan on k_5  (cost=0.00..5.46 rows=103 width=0)
	        Index Cond: ((k >= 7077320) AND (k <= 7077420))

table 6 : explain SELECT k, c FROM sbtest6 WHERE k BETWEEN 7077320 AND 7077420
	Bitmap Heap Scan on sbtest6  (cost=5.41..381.90 rows=95 width=125)
	  Recheck Cond: ((k >= 7077320) AND (k <= 7077420))
	  ->  Bitmap Index Scan on k_6  (cost=0.00..5.38 rows=95 width=0)
	        Index Cond: ((k >= 7077320) AND (k <= 7077420))

table 7 : explain SELECT k, c FROM sbtest7 WHERE k BETWEEN 7077320 AND 7077420
	Bitmap Heap Scan on sbtest7  (cost=5.58..449.11 rows=112 width=125)
	  Recheck Cond: ((k >= 7077320) AND (k <= 7077420))
	  ->  Bitmap Index Scan on k_7  (cost=0.00..5.55 rows=112 width=0)
	        Index Cond: ((k >= 7077320) AND (k <= 7077420))

table 8 : explain SELECT k, c FROM sbtest8 WHERE k BETWEEN 7077320 AND 7077420
	Bitmap Heap Scan on sbtest8  (cost=5.50..417.33 rows=104 width=125)
	  Recheck Cond: ((k >= 7077320) AND (k <= 7077420))
	  ->  Bitmap Index Scan on k_8  (cost=0.00..5.47 rows=104 width=0)
	        Index Cond: ((k >= 7077320) AND (k <= 7077420))

explain: for range-notcovered :: explain SELECT k, c FROM sbtest%d WHERE k BETWEEN 1805649 AND 1805749
for range-notcovered
table 1 : explain SELECT k, c FROM sbtest1 WHERE k BETWEEN 4982726 AND 4982826
	Bitmap Heap Scan on sbtest1  (cost=5.55..437.09 rows=109 width=125)
	  Recheck Cond: ((k >= 4982726) AND (k <= 4982826))
	  ->  Bitmap Index Scan on k_1  (cost=0.00..5.52 rows=109 width=0)
	        Index Cond: ((k >= 4982726) AND (k <= 4982826))

table 2 : explain SELECT k, c FROM sbtest2 WHERE k BETWEEN 4982726 AND 4982826
	Bitmap Heap Scan on sbtest2  (cost=5.46..401.56 rows=100 width=125)
	  Recheck Cond: ((k >= 4982726) AND (k <= 4982826))
	  ->  Bitmap Index Scan on k_2  (cost=0.00..5.43 rows=100 width=0)
	        Index Cond: ((k >= 4982726) AND (k <= 4982826))

table 3 : explain SELECT k, c FROM sbtest3 WHERE k BETWEEN 4982726 AND 4982826
	Bitmap Heap Scan on sbtest3  (cost=5.38..370.17 rows=92 width=125)
	  Recheck Cond: ((k >= 4982726) AND (k <= 4982826))
	  ->  Bitmap Index Scan on k_3  (cost=0.00..5.35 rows=92 width=0)
	        Index Cond: ((k >= 4982726) AND (k <= 4982826))

table 4 : explain SELECT k, c FROM sbtest4 WHERE k BETWEEN 4982726 AND 4982826
	Bitmap Heap Scan on sbtest4  (cost=5.54..433.28 rows=108 width=125)
	  Recheck Cond: ((k >= 4982726) AND (k <= 4982826))
	  ->  Bitmap Index Scan on k_4  (cost=0.00..5.51 rows=108 width=0)
	        Index Cond: ((k >= 4982726) AND (k <= 4982826))

table 5 : explain SELECT k, c FROM sbtest5 WHERE k BETWEEN 4982726 AND 4982826
	Bitmap Heap Scan on sbtest5  (cost=5.45..397.63 rows=99 width=125)
	  Recheck Cond: ((k >= 4982726) AND (k <= 4982826))
	  ->  Bitmap Index Scan on k_5  (cost=0.00..5.42 rows=99 width=0)
	        Index Cond: ((k >= 4982726) AND (k <= 4982826))

table 6 : explain SELECT k, c FROM sbtest6 WHERE k BETWEEN 4982726 AND 4982826
	Bitmap Heap Scan on sbtest6  (cost=5.48..409.52 rows=102 width=125)
	  Recheck Cond: ((k >= 4982726) AND (k <= 4982826))
	  ->  Bitmap Index Scan on k_6  (cost=0.00..5.45 rows=102 width=0)
	        Index Cond: ((k >= 4982726) AND (k <= 4982826))

table 7 : explain SELECT k, c FROM sbtest7 WHERE k BETWEEN 4982726 AND 4982826
	Bitmap Heap Scan on sbtest7  (cost=5.49..413.61 rows=103 width=125)
	  Recheck Cond: ((k >= 4982726) AND (k <= 4982826))
	  ->  Bitmap Index Scan on k_7  (cost=0.00..5.46 rows=103 width=0)
	        Index Cond: ((k >= 4982726) AND (k <= 4982826))

table 8 : explain SELECT k, c FROM sbtest8 WHERE k BETWEEN 4982726 AND 4982826
	Bitmap Heap Scan on sbtest8  (cost=5.62..464.62 rows=116 width=125)
	  Recheck Cond: ((k >= 4982726) AND (k <= 4982826))
	  ->  Bitmap Index Scan on k_8  (cost=0.00..5.59 rows=116 width=0)
	        Index Cond: ((k >= 4982726) AND (k <= 4982826))

explain: for range-notcovered :: explain SELECT k, c FROM sbtest%d WHERE k BETWEEN 2108221 AND 2108321
explain: for range-notcovered :: explain SELECT k, c FROM sbtest%d WHERE k BETWEEN 7077320 AND 7077420
explain: for range-notcovered :: explain SELECT k, c FROM sbtest%d WHERE k BETWEEN 4982726 AND 4982826
for range-notcovered
table 1 : explain SELECT k, c FROM sbtest1 WHERE k BETWEEN 3288888 AND 3288988
	Bitmap Heap Scan on sbtest1  (cost=5.57..444.97 rows=111 width=125)
	  Recheck Cond: ((k >= 3288888) AND (k <= 3288988))
	  ->  Bitmap Index Scan on k_1  (cost=0.00..5.54 rows=111 width=0)
	        Index Cond: ((k >= 3288888) AND (k <= 3288988))

table 2 : explain SELECT k, c FROM sbtest2 WHERE k BETWEEN 3288888 AND 3288988
	Bitmap Heap Scan on sbtest2  (cost=5.49..413.39 rows=103 width=125)
	  Recheck Cond: ((k >= 3288888) AND (k <= 3288988))
	  ->  Bitmap Index Scan on k_2  (cost=0.00..5.46 rows=103 width=0)
	        Index Cond: ((k >= 3288888) AND (k <= 3288988))

table 3 : explain SELECT k, c FROM sbtest3 WHERE k BETWEEN 3288888 AND 3288988
	Bitmap Heap Scan on sbtest3  (cost=5.50..417.54 rows=104 width=125)
	  Recheck Cond: ((k >= 3288888) AND (k <= 3288988))
	  ->  Bitmap Index Scan on k_3  (cost=0.00..5.47 rows=104 width=0)
	        Index Cond: ((k >= 3288888) AND (k <= 3288988))

table 4 : explain SELECT k, c FROM sbtest4 WHERE k BETWEEN 3288888 AND 3288988
	Bitmap Heap Scan on sbtest4  (cost=5.39..374.08 rows=93 width=125)
	  Recheck Cond: ((k >= 3288888) AND (k <= 3288988))
	  ->  Bitmap Index Scan on k_4  (cost=0.00..5.36 rows=93 width=0)
	        Index Cond: ((k >= 3288888) AND (k <= 3288988))

table 5 : explain SELECT k, c FROM sbtest5 WHERE k BETWEEN 3288888 AND 3288988
	Bitmap Heap Scan on sbtest5  (cost=5.47..405.52 rows=101 width=125)
	  Recheck Cond: ((k >= 3288888) AND (k <= 3288988))
	  ->  Bitmap Index Scan on k_5  (cost=0.00..5.44 rows=101 width=0)
	        Index Cond: ((k >= 3288888) AND (k <= 3288988))

table 6 : explain SELECT k, c FROM sbtest6 WHERE k BETWEEN 3288888 AND 3288988
	Bitmap Heap Scan on sbtest6  (cost=5.50..417.41 rows=104 width=125)
	  Recheck Cond: ((k >= 3288888) AND (k <= 3288988))
	  ->  Bitmap Index Scan on k_6  (cost=0.00..5.47 rows=104 width=0)
	        Index Cond: ((k >= 3288888) AND (k <= 3288988))

table 7 : explain SELECT k, c FROM sbtest7 WHERE k BETWEEN 3288888 AND 3288988
	Bitmap Heap Scan on sbtest7  (cost=5.46..401.77 rows=100 width=125)
	  Recheck Cond: ((k >= 3288888) AND (k <= 3288988))
	  ->  Bitmap Index Scan on k_7  (cost=0.00..5.43 rows=100 width=0)
	        Index Cond: ((k >= 3288888) AND (k <= 3288988))

table 8 : explain SELECT k, c FROM sbtest8 WHERE k BETWEEN 3288888 AND 3288988
	Bitmap Heap Scan on sbtest8  (cost=5.44..393.67 rows=98 width=125)
	  Recheck Cond: ((k >= 3288888) AND (k <= 3288988))
	  ->  Bitmap Index Scan on k_8  (cost=0.00..5.42 rows=98 width=0)
	        Index Cond: ((k >= 3288888) AND (k <= 3288988))

for range-notcovered
table 1 : explain SELECT k, c FROM sbtest1 WHERE k BETWEEN 4108565 AND 4108665
	Bitmap Heap Scan on sbtest1  (cost=5.43..389.77 rows=97 width=125)
	  Recheck Cond: ((k >= 4108565) AND (k <= 4108665))
	  ->  Bitmap Index Scan on k_1  (cost=0.00..5.40 rows=97 width=0)
	        Index Cond: ((k >= 4108565) AND (k <= 4108665))

table 2 : explain SELECT k, c FROM sbtest2 WHERE k BETWEEN 4108565 AND 4108665
	Bitmap Heap Scan on sbtest2  (cost=5.52..425.22 rows=106 width=125)
	  Recheck Cond: ((k >= 4108565) AND (k <= 4108665))
	  ->  Bitmap Index Scan on k_2  (cost=0.00..5.50 rows=106 width=0)
	        Index Cond: ((k >= 4108565) AND (k <= 4108665))

table 3 : explain SELECT k, c FROM sbtest3 WHERE k BETWEEN 4108565 AND 4108665
	Bitmap Heap Scan on sbtest3  (cost=5.48..409.65 rows=102 width=125)
	  Recheck Cond: ((k >= 4108565) AND (k <= 4108665))
	  ->  Bitmap Index Scan on k_3  (cost=0.00..5.45 rows=102 width=0)
	        Index Cond: ((k >= 4108565) AND (k <= 4108665))

table 4 : explain SELECT k, c FROM sbtest4 WHERE k BETWEEN 4108565 AND 4108665
	Bitmap Heap Scan on sbtest4  (cost=5.55..437.23 rows=109 width=125)
	  Recheck Cond: ((k >= 4108565) AND (k <= 4108665))
	  ->  Bitmap Index Scan on k_4  (cost=0.00..5.52 rows=109 width=0)
	        Index Cond: ((k >= 4108565) AND (k <= 4108665))

table 5 : explain SELECT k, c FROM sbtest5 WHERE k BETWEEN 4108565 AND 4108665
	Bitmap Heap Scan on sbtest5  (cost=5.39..373.96 rows=93 width=125)
	  Recheck Cond: ((k >= 4108565) AND (k <= 4108665))
	  ->  Bitmap Index Scan on k_5  (cost=0.00..5.36 rows=93 width=0)
	        Index Cond: ((k >= 4108565) AND (k <= 4108665))

table 6 : explain SELECT k, c FROM sbtest6 WHERE k BETWEEN 4108565 AND 4108665
	Bitmap Heap Scan on sbtest6  (cost=5.51..421.35 rows=105 width=125)
	  Recheck Cond: ((k >= 4108565) AND (k <= 4108665))
	  ->  Bitmap Index Scan on k_6  (cost=0.00..5.48 rows=105 width=0)
	        Index Cond: ((k >= 4108565) AND (k <= 4108665))

table 7 : explain SELECT k, c FROM sbtest7 WHERE k BETWEEN 4108565 AND 4108665
	Bitmap Heap Scan on sbtest7  (cost=5.54..433.34 rows=108 width=125)
	  Recheck Cond: ((k >= 4108565) AND (k <= 4108665))
	  ->  Bitmap Index Scan on k_7  (cost=0.00..5.51 rows=108 width=0)
	        Index Cond: ((k >= 4108565) AND (k <= 4108665))

table 8 : explain SELECT k, c FROM sbtest8 WHERE k BETWEEN 4108565 AND 4108665
	Bitmap Heap Scan on sbtest8  (cost=5.54..433.10 rows=108 width=125)
	  Recheck Cond: ((k >= 4108565) AND (k <= 4108665))
	  ->  Bitmap Index Scan on k_8  (cost=0.00..5.51 rows=108 width=0)
	        Index Cond: ((k >= 4108565) AND (k <= 4108665))

explain: for range-notcovered :: explain SELECT k, c FROM sbtest%d WHERE k BETWEEN 3288888 AND 3288988
explain: for range-notcovered :: explain SELECT k, c FROM sbtest%d WHERE k BETWEEN 4108565 AND 4108665
for range-notcovered
table 1 : explain SELECT k, c FROM sbtest1 WHERE k BETWEEN 5087132 AND 5087232
	Bitmap Heap Scan on sbtest1  (cost=5.42..385.82 rows=96 width=125)
	  Recheck Cond: ((k >= 5087132) AND (k <= 5087232))
	  ->  Bitmap Index Scan on k_1  (cost=0.00..5.39 rows=96 width=0)
	        Index Cond: ((k >= 5087132) AND (k <= 5087232))

table 2 : explain SELECT k, c FROM sbtest2 WHERE k BETWEEN 5087132 AND 5087232
	Bitmap Heap Scan on sbtest2  (cost=5.53..429.16 rows=107 width=125)
	  Recheck Cond: ((k >= 5087132) AND (k <= 5087232))
	  ->  Bitmap Index Scan on k_2  (cost=0.00..5.50 rows=107 width=0)
	        Index Cond: ((k >= 5087132) AND (k <= 5087232))

table 3 : explain SELECT k, c FROM sbtest3 WHERE k BETWEEN 5087132 AND 5087232
	Bitmap Heap Scan on sbtest3  (cost=5.43..389.92 rows=97 width=125)
	  Recheck Cond: ((k >= 5087132) AND (k <= 5087232))
	  ->  Bitmap Index Scan on k_3  (cost=0.00..5.40 rows=97 width=0)
	        Index Cond: ((k >= 5087132) AND (k <= 5087232))

table 4 : explain SELECT k, c FROM sbtest4 WHERE k BETWEEN 5087132 AND 5087232
	Bitmap Heap Scan on sbtest4  (cost=5.42..385.93 rows=96 width=125)
	  Recheck Cond: ((k >= 5087132) AND (k <= 5087232))
	  ->  Bitmap Index Scan on k_4  (cost=0.00..5.39 rows=96 width=0)
	        Index Cond: ((k >= 5087132) AND (k <= 5087232))

table 5 : explain SELECT k, c FROM sbtest5 WHERE k BETWEEN 5087132 AND 5087232
	Bitmap Heap Scan on sbtest5  (cost=5.49..413.41 rows=103 width=125)
	  Recheck Cond: ((k >= 5087132) AND (k <= 5087232))
	  ->  Bitmap Index Scan on k_5  (cost=0.00..5.46 rows=103 width=0)
	        Index Cond: ((k >= 5087132) AND (k <= 5087232))

table 6 : explain SELECT k, c FROM sbtest6 WHERE k BETWEEN 5087132 AND 5087232
	Bitmap Heap Scan on sbtest6  (cost=5.49..413.46 rows=103 width=125)
	  Recheck Cond: ((k >= 5087132) AND (k <= 5087232))
	  ->  Bitmap Index Scan on k_6  (cost=0.00..5.46 rows=103 width=0)
	        Index Cond: ((k >= 5087132) AND (k <= 5087232))

table 7 : explain SELECT k, c FROM sbtest7 WHERE k BETWEEN 5087132 AND 5087232
	Bitmap Heap Scan on sbtest7  (cost=5.55..437.28 rows=109 width=125)
	  Recheck Cond: ((k >= 5087132) AND (k <= 5087232))
	  ->  Bitmap Index Scan on k_7  (cost=0.00..5.52 rows=109 width=0)
	        Index Cond: ((k >= 5087132) AND (k <= 5087232))

table 8 : explain SELECT k, c FROM sbtest8 WHERE k BETWEEN 5087132 AND 5087232
	Bitmap Heap Scan on sbtest8  (cost=5.55..437.04 rows=109 width=125)
	  Recheck Cond: ((k >= 5087132) AND (k <= 5087232))
	  ->  Bitmap Index Scan on k_8  (cost=0.00..5.52 rows=109 width=0)
	        Index Cond: ((k >= 5087132) AND (k <= 5087232))

for range-notcovered
table 1 : explain SELECT k, c FROM sbtest1 WHERE k BETWEEN 3544069 AND 3544169
	Bitmap Heap Scan on sbtest1  (cost=5.53..429.21 rows=107 width=125)
	  Recheck Cond: ((k >= 3544069) AND (k <= 3544169))
	  ->  Bitmap Index Scan on k_1  (cost=0.00..5.50 rows=107 width=0)
	        Index Cond: ((k >= 3544069) AND (k <= 3544169))

table 2 : explain SELECT k, c FROM sbtest2 WHERE k BETWEEN 3544069 AND 3544169
	Bitmap Heap Scan on sbtest2  (cost=5.54..433.10 rows=108 width=125)
	  Recheck Cond: ((k >= 3544069) AND (k <= 3544169))
	  ->  Bitmap Index Scan on k_2  (cost=0.00..5.51 rows=108 width=0)
	        Index Cond: ((k >= 3544069) AND (k <= 3544169))

table 3 : explain SELECT k, c FROM sbtest3 WHERE k BETWEEN 3544069 AND 3544169
	Bitmap Heap Scan on sbtest3  (cost=5.46..401.76 rows=100 width=125)
	  Recheck Cond: ((k >= 3544069) AND (k <= 3544169))
	  ->  Bitmap Index Scan on k_3  (cost=0.00..5.43 rows=100 width=0)
	        Index Cond: ((k >= 3544069) AND (k <= 3544169))

table 4 : explain SELECT k, c FROM sbtest4 WHERE k BETWEEN 3544069 AND 3544169
	Bitmap Heap Scan on sbtest4  (cost=5.39..374.08 rows=93 width=125)
	  Recheck Cond: ((k >= 3544069) AND (k <= 3544169))
	  ->  Bitmap Index Scan on k_4  (cost=0.00..5.36 rows=93 width=0)
	        Index Cond: ((k >= 3544069) AND (k <= 3544169))

table 5 : explain SELECT k, c FROM sbtest5 WHERE k BETWEEN 3544069 AND 3544169
	Bitmap Heap Scan on sbtest5  (cost=5.47..405.52 rows=101 width=125)
	  Recheck Cond: ((k >= 3544069) AND (k <= 3544169))
	  ->  Bitmap Index Scan on k_5  (cost=0.00..5.44 rows=101 width=0)
	        Index Cond: ((k >= 3544069) AND (k <= 3544169))

table 6 : explain SELECT k, c FROM sbtest6 WHERE k BETWEEN 3544069 AND 3544169
	Bitmap Heap Scan on sbtest6  (cost=5.48..409.52 rows=102 width=125)
	  Recheck Cond: ((k >= 3544069) AND (k <= 3544169))
	  ->  Bitmap Index Scan on k_6  (cost=0.00..5.45 rows=102 width=0)
	        Index Cond: ((k >= 3544069) AND (k <= 3544169))

table 7 : explain SELECT k, c FROM sbtest7 WHERE k BETWEEN 3544069 AND 3544169
	Bitmap Heap Scan on sbtest7  (cost=5.60..457.00 rows=114 width=125)
	  Recheck Cond: ((k >= 3544069) AND (k <= 3544169))
	  ->  Bitmap Index Scan on k_7  (cost=0.00..5.58 rows=114 width=0)
	        Index Cond: ((k >= 3544069) AND (k <= 3544169))

table 8 : explain SELECT k, c FROM sbtest8 WHERE k BETWEEN 3544069 AND 3544169
	Bitmap Heap Scan on sbtest8  (cost=5.42..385.78 rows=96 width=125)
	  Recheck Cond: ((k >= 3544069) AND (k <= 3544169))
	  ->  Bitmap Index Scan on k_8  (cost=0.00..5.39 rows=96 width=0)
	        Index Cond: ((k >= 3544069) AND (k <= 3544169))
explain: for range-notcovered :: explain SELECT k, c FROM sbtest%d WHERE k BETWEEN 5087132 AND 5087232

for range-notcovered
table 1 : explain SELECT k, c FROM sbtest1 WHERE k BETWEEN 4791258 AND 4791358
	Bitmap Heap Scan on sbtest1  (cost=5.57..444.97 rows=111 width=125)
	  Recheck Cond: ((k >= 4791258) AND (k <= 4791358))
	  ->  Bitmap Index Scan on k_1  (cost=0.00..5.54 rows=111 width=0)
	        Index Cond: ((k >= 4791258) AND (k <= 4791358))

table 2 : explain SELECT k, c FROM sbtest2 WHERE k BETWEEN 4791258 AND 4791358
	Bitmap Heap Scan on sbtest2  (cost=5.46..401.56 rows=100 width=125)
	  Recheck Cond: ((k >= 4791258) AND (k <= 4791358))
	  ->  Bitmap Index Scan on k_2  (cost=0.00..5.43 rows=100 width=0)
	        Index Cond: ((k >= 4791258) AND (k <= 4791358))

table 3 : explain SELECT k, c FROM sbtest3 WHERE k BETWEEN 4791258 AND 4791358
	Bitmap Heap Scan on sbtest3  (cost=5.51..421.49 rows=105 width=125)
	  Recheck Cond: ((k >= 4791258) AND (k <= 4791358))
	  ->  Bitmap Index Scan on k_3  (cost=0.00..5.48 rows=105 width=0)
	        Index Cond: ((k >= 4791258) AND (k <= 4791358))

table 4 : explain SELECT k, c FROM sbtest4 WHERE k BETWEEN 4791258 AND 4791358
	Bitmap Heap Scan on sbtest4  (cost=5.48..409.61 rows=102 width=125)
	  Recheck Cond: ((k >= 4791258) AND (k <= 4791358))
	  ->  Bitmap Index Scan on k_4  (cost=0.00..5.45 rows=102 width=0)
	        Index Cond: ((k >= 4791258) AND (k <= 4791358))

table 5 : explain SELECT k, c FROM sbtest5 WHERE k BETWEEN 4791258 AND 4791358
	Bitmap Heap Scan on sbtest5  (cost=5.43..389.74 rows=97 width=125)
	  Recheck Cond: ((k >= 4791258) AND (k <= 4791358))
	  ->  Bitmap Index Scan on k_5  (cost=0.00..5.40 rows=97 width=0)
	        Index Cond: ((k >= 4791258) AND (k <= 4791358))

table 6 : explain SELECT k, c FROM sbtest6 WHERE k BETWEEN 4791258 AND 4791358
	Bitmap Heap Scan on sbtest6  (cost=5.62..464.70 rows=116 width=125)
	  Recheck Cond: ((k >= 4791258) AND (k <= 4791358))
	  ->  Bitmap Index Scan on k_6  (cost=0.00..5.59 rows=116 width=0)
	        Index Cond: ((k >= 4791258) AND (k <= 4791358))

table 7 : explain SELECT k, c FROM sbtest7 WHERE k BETWEEN 4791258 AND 4791358
	Bitmap Heap Scan on sbtest7  (cost=5.56..441.23 rows=110 width=125)
	  Recheck Cond: ((k >= 4791258) AND (k <= 4791358))
	  ->  Bitmap Index Scan on k_7  (cost=0.00..5.53 rows=110 width=0)
	        Index Cond: ((k >= 4791258) AND (k <= 4791358))

table 8 : explain SELECT k, c FROM sbtest8 WHERE k BETWEEN 4791258 AND 4791358
	Bitmap Heap Scan on sbtest8  (cost=5.46..401.56 rows=100 width=125)
	  Recheck Cond: ((k >= 4791258) AND (k <= 4791358))
	  ->  Bitmap Index Scan on k_8  (cost=0.00..5.43 rows=100 width=0)
	        Index Cond: ((k >= 4791258) AND (k <= 4791358))

for range-notcovered
table 1 : explain SELECT k, c FROM sbtest1 WHERE k BETWEEN 7558343 AND 7558443
	Bitmap Heap Scan on sbtest1  (cost=5.47..405.55 rows=101 width=125)
	  Recheck Cond: ((k >= 7558343) AND (k <= 7558443))
	  ->  Bitmap Index Scan on k_1  (cost=0.00..5.44 rows=101 width=0)
	        Index Cond: ((k >= 7558343) AND (k <= 7558443))

table 2 : explain SELECT k, c FROM sbtest2 WHERE k BETWEEN 7558343 AND 7558443
	Bitmap Heap Scan on sbtest2  (cost=5.47..405.51 rows=101 width=125)
	  Recheck Cond: ((k >= 7558343) AND (k <= 7558443))
	  ->  Bitmap Index Scan on k_2  (cost=0.00..5.44 rows=101 width=0)
	        Index Cond: ((k >= 7558343) AND (k <= 7558443))

table 3 : explain SELECT k, c FROM sbtest3 WHERE k BETWEEN 7558343 AND 7558443
	Bitmap Heap Scan on sbtest3  (cost=5.54..433.32 rows=108 width=125)
	  Recheck Cond: ((k >= 7558343) AND (k <= 7558443))
	  ->  Bitmap Index Scan on k_3  (cost=0.00..5.51 rows=108 width=0)
	        Index Cond: ((k >= 7558343) AND (k <= 7558443))

table 4 : explain SELECT k, c FROM sbtest4 WHERE k BETWEEN 7558343 AND 7558443
	Bitmap Heap Scan on sbtest4  (cost=5.44..393.83 rows=98 width=125)
	  Recheck Cond: ((k >= 7558343) AND (k <= 7558443))
	  ->  Bitmap Index Scan on k_4  (cost=0.00..5.42 rows=98 width=0)
	        Index Cond: ((k >= 7558343) AND (k <= 7558443))

table 5 : explain SELECT k, c FROM sbtest5 WHERE k BETWEEN 7558343 AND 7558443
	Bitmap Heap Scan on sbtest5  (cost=5.55..437.06 rows=109 width=125)
	  Recheck Cond: ((k >= 7558343) AND (k <= 7558443))
	  ->  Bitmap Index Scan on k_5  (cost=0.00..5.52 rows=109 width=0)
	        Index Cond: ((k >= 7558343) AND (k <= 7558443))

table 6 : explain SELECT k, c FROM sbtest6 WHERE k BETWEEN 7558343 AND 7558443
	Bitmap Heap Scan on sbtest6  (cost=5.55..437.12 rows=109 width=125)
	  Recheck Cond: ((k >= 7558343) AND (k <= 7558443))
	  ->  Bitmap Index Scan on k_6  (cost=0.00..5.52 rows=109 width=0)
	        Index Cond: ((k >= 7558343) AND (k <= 7558443))

table 7 : explain SELECT k, c FROM sbtest7 WHERE k BETWEEN 7558343 AND 7558443
	Bitmap Heap Scan on sbtest7  (cost=5.41..382.03 rows=95 width=125)
	  Recheck Cond: ((k >= 7558343) AND (k <= 7558443))
	  ->  Bitmap Index Scan on k_7  (cost=0.00..5.38 rows=95 width=0)
	        Index Cond: ((k >= 7558343) AND (k <= 7558443))

table 8 : explain SELECT k, c FROM sbtest8 WHERE k BETWEEN 7558343 AND 7558443
	Bitmap Heap Scan on sbtest8  (cost=5.49..413.39 rows=103 width=125)
	  Recheck Cond: ((k >= 7558343) AND (k <= 7558443))
	  ->  Bitmap Index Scan on k_8  (cost=0.00..5.46 rows=103 width=0)
	        Index Cond: ((k >= 7558343) AND (k <= 7558443))
for range-notcovered
table 1 : explain SELECT k, c FROM sbtest1 WHERE k BETWEEN 4122321 AND 4122421
	Bitmap Heap Scan on sbtest1  (cost=5.43..389.77 rows=97 width=125)
	  Recheck Cond: ((k >= 4122321) AND (k <= 4122421))
	  ->  Bitmap Index Scan on k_1  (cost=0.00..5.40 rows=97 width=0)
	        Index Cond: ((k >= 4122321) AND (k <= 4122421))

table 2 : explain SELECT k, c FROM sbtest2 WHERE k BETWEEN 4122321 AND 4122421
	Bitmap Heap Scan on sbtest2  (cost=5.52..425.22 rows=106 width=125)
	  Recheck Cond: ((k >= 4122321) AND (k <= 4122421))
	  ->  Bitmap Index Scan on k_2  (cost=0.00..5.50 rows=106 width=0)
	        Index Cond: ((k >= 4122321) AND (k <= 4122421))

table 3 : explain SELECT k, c FROM sbtest3 WHERE k BETWEEN 4122321 AND 4122421
	Bitmap Heap Scan on sbtest3  (cost=5.48..409.65 rows=102 width=125)
	  Recheck Cond: ((k >= 4122321) AND (k <= 4122421))
	  ->  Bitmap Index Scan on k_3  (cost=0.00..5.45 rows=102 width=0)
	        Index Cond: ((k >= 4122321) AND (k <= 4122421))

table 4 : explain SELECT k, c FROM sbtest4 WHERE k BETWEEN 4122321 AND 4122421
	Bitmap Heap Scan on sbtest4  (cost=5.55..437.23 rows=109 width=125)
	  Recheck Cond: ((k >= 4122321) AND (k <= 4122421))
	  ->  Bitmap Index Scan on k_4  (cost=0.00..5.52 rows=109 width=0)
	        Index Cond: ((k >= 4122321) AND (k <= 4122421))

table 5 : explain SELECT k, c FROM sbtest5 WHERE k BETWEEN 4122321 AND 4122421
	Bitmap Heap Scan on sbtest5  (cost=5.39..373.96 rows=93 width=125)
	  Recheck Cond: ((k >= 4122321) AND (k <= 4122421))
	  ->  Bitmap Index Scan on k_5  (cost=0.00..5.36 rows=93 width=0)
	        Index Cond: ((k >= 4122321) AND (k <= 4122421))

table 6 : explain SELECT k, c FROM sbtest6 WHERE k BETWEEN 4122321 AND 4122421
	Bitmap Heap Scan on sbtest6  (cost=5.51..421.35 rows=105 width=125)
	  Recheck Cond: ((k >= 4122321) AND (k <= 4122421))
	  ->  Bitmap Index Scan on k_6  (cost=0.00..5.48 rows=105 width=0)
	        Index Cond: ((k >= 4122321) AND (k <= 4122421))

table 7 : explain SELECT k, c FROM sbtest7 WHERE k BETWEEN 4122321 AND 4122421
	Bitmap Heap Scan on sbtest7  (cost=5.54..433.34 rows=108 width=125)
	  Recheck Cond: ((k >= 4122321) AND (k <= 4122421))
	  ->  Bitmap Index Scan on k_7  (cost=0.00..5.51 rows=108 width=0)
	        Index Cond: ((k >= 4122321) AND (k <= 4122421))

table 8 : explain SELECT k, c FROM sbtest8 WHERE k BETWEEN 4122321 AND 4122421
	Bitmap Heap Scan on sbtest8  (cost=5.54..433.10 rows=108 width=125)
	  Recheck Cond: ((k >= 4122321) AND (k <= 4122421))
	  ->  Bitmap Index Scan on k_8  (cost=0.00..5.51 rows=108 width=0)
	        Index Cond: ((k >= 4122321) AND (k <= 4122421))


explain: for range-notcovered :: explain SELECT k, c FROM sbtest%d WHERE k BETWEEN 3544069 AND 3544169
for range-notcovered
table 1 : explain SELECT k, c FROM sbtest1 WHERE k BETWEEN 3618693 AND 3618793
	Bitmap Heap Scan on sbtest1  (cost=5.45..397.66 rows=99 width=125)
	  Recheck Cond: ((k >= 3618693) AND (k <= 3618793))
	  ->  Bitmap Index Scan on k_1  (cost=0.00..5.42 rows=99 width=0)
	        Index Cond: ((k >= 3618693) AND (k <= 3618793))

table 2 : explain SELECT k, c FROM sbtest2 WHERE k BETWEEN 3618693 AND 3618793
	Bitmap Heap Scan on sbtest2  (cost=5.42..385.78 rows=96 width=125)
	  Recheck Cond: ((k >= 3618693) AND (k <= 3618793))
	  ->  Bitmap Index Scan on k_2  (cost=0.00..5.39 rows=96 width=0)
	        Index Cond: ((k >= 3618693) AND (k <= 3618793))

table 3 : explain SELECT k, c FROM sbtest3 WHERE k BETWEEN 3618693 AND 3618793
	Bitmap Heap Scan on sbtest3  (cost=5.51..421.49 rows=105 width=125)
	  Recheck Cond: ((k >= 3618693) AND (k <= 3618793))
	  ->  Bitmap Index Scan on k_3  (cost=0.00..5.48 rows=105 width=0)
	        Index Cond: ((k >= 3618693) AND (k <= 3618793))

table 4 : explain SELECT k, c FROM sbtest4 WHERE k BETWEEN 3618693 AND 3618793
	Bitmap Heap Scan on sbtest4  (cost=5.47..405.67 rows=101 width=125)
	  Recheck Cond: ((k >= 3618693) AND (k <= 3618793))
	  ->  Bitmap Index Scan on k_4  (cost=0.00..5.44 rows=101 width=0)
	        Index Cond: ((k >= 3618693) AND (k <= 3618793))

table 5 : explain SELECT k, c FROM sbtest5 WHERE k BETWEEN 3618693 AND 3618793
	Bitmap Heap Scan on sbtest5  (cost=5.50..417.35 rows=104 width=125)
	  Recheck Cond: ((k >= 3618693) AND (k <= 3618793))
	  ->  Bitmap Index Scan on k_5  (cost=0.00..5.47 rows=104 width=0)
	        Index Cond: ((k >= 3618693) AND (k <= 3618793))

table 6 : explain SELECT k, c FROM sbtest6 WHERE k BETWEEN 3618693 AND 3618793
	Bitmap Heap Scan on sbtest6  (cost=5.43..389.79 rows=97 width=125)
	  Recheck Cond: ((k >= 3618693) AND (k <= 3618793))
	  ->  Bitmap Index Scan on k_6  (cost=0.00..5.40 rows=97 width=0)
	        Index Cond: ((k >= 3618693) AND (k <= 3618793))

table 7 : explain SELECT k, c FROM sbtest7 WHERE k BETWEEN 3618693 AND 3618793
	Bitmap Heap Scan on sbtest7  (cost=5.51..421.50 rows=105 width=125)
	  Recheck Cond: ((k >= 3618693) AND (k <= 3618793))
	  ->  Bitmap Index Scan on k_7  (cost=0.00..5.48 rows=105 width=0)
	        Index Cond: ((k >= 3618693) AND (k <= 3618793))

table 8 : explain SELECT k, c FROM sbtest8 WHERE k BETWEEN 3618693 AND 3618793
	Bitmap Heap Scan on sbtest8  (cost=5.42..385.78 rows=96 width=125)
	  Recheck Cond: ((k >= 3618693) AND (k <= 3618793))
	  ->  Bitmap Index Scan on k_8  (cost=0.00..5.39 rows=96 width=0)
	        Index Cond: ((k >= 3618693) AND (k <= 3618793))

explain: for range-notcovered :: explain SELECT k, c FROM sbtest%d WHERE k BETWEEN 4791258 AND 4791358
for range-notcovered
table 1 : explain SELECT k, c FROM sbtest1 WHERE k BETWEEN 4671107 AND 4671207
	Bitmap Heap Scan on sbtest1  (cost=5.45..397.66 rows=99 width=125)
	  Recheck Cond: ((k >= 4671107) AND (k <= 4671207))
	  ->  Bitmap Index Scan on k_1  (cost=0.00..5.42 rows=99 width=0)
	        Index Cond: ((k >= 4671107) AND (k <= 4671207))

table 2 : explain SELECT k, c FROM sbtest2 WHERE k BETWEEN 4671107 AND 4671207
	Bitmap Heap Scan on sbtest2  (cost=5.39..373.94 rows=93 width=125)
	  Recheck Cond: ((k >= 4671107) AND (k <= 4671207))
	  ->  Bitmap Index Scan on k_2  (cost=0.00..5.36 rows=93 width=0)
	        Index Cond: ((k >= 4671107) AND (k <= 4671207))

table 3 : explain SELECT k, c FROM sbtest3 WHERE k BETWEEN 4671107 AND 4671207
	Bitmap Heap Scan on sbtest3  (cost=5.43..389.92 rows=97 width=125)
	  Recheck Cond: ((k >= 4671107) AND (k <= 4671207))
	  ->  Bitmap Index Scan on k_3  (cost=0.00..5.40 rows=97 width=0)
	        Index Cond: ((k >= 4671107) AND (k <= 4671207))

table 4 : explain SELECT k, c FROM sbtest4 WHERE k BETWEEN 4671107 AND 4671207
	Bitmap Heap Scan on sbtest4  (cost=5.44..393.83 rows=98 width=125)
	  Recheck Cond: ((k >= 4671107) AND (k <= 4671207))
	  ->  Bitmap Index Scan on k_4  (cost=0.00..5.42 rows=98 width=0)
	        Index Cond: ((k >= 4671107) AND (k <= 4671207))

table 5 : explain SELECT k, c FROM sbtest5 WHERE k BETWEEN 4671107 AND 4671207
	Bitmap Heap Scan on sbtest5  (cost=5.45..397.63 rows=99 width=125)
	  Recheck Cond: ((k >= 4671107) AND (k <= 4671207))
	  ->  Bitmap Index Scan on k_5  (cost=0.00..5.42 rows=99 width=0)
	        Index Cond: ((k >= 4671107) AND (k <= 4671207))

table 6 : explain SELECT k, c FROM sbtest6 WHERE k BETWEEN 4671107 AND 4671207
	Bitmap Heap Scan on sbtest6  (cost=5.42..385.84 rows=96 width=125)
	  Recheck Cond: ((k >= 4671107) AND (k <= 4671207))
	  ->  Bitmap Index Scan on k_6  (cost=0.00..5.39 rows=96 width=0)
	        Index Cond: ((k >= 4671107) AND (k <= 4671207))

table 7 : explain SELECT k, c FROM sbtest7 WHERE k BETWEEN 4671107 AND 4671207
	Bitmap Heap Scan on sbtest7  (cost=5.46..401.77 rows=100 width=125)
	  Recheck Cond: ((k >= 4671107) AND (k <= 4671207))
	  ->  Bitmap Index Scan on k_7  (cost=0.00..5.43 rows=100 width=0)
	        Index Cond: ((k >= 4671107) AND (k <= 4671207))

table 8 : explain SELECT k, c FROM sbtest8 WHERE k BETWEEN 4671107 AND 4671207
	Bitmap Heap Scan on sbtest8  (cost=5.45..397.61 rows=99 width=125)
	  Recheck Cond: ((k >= 4671107) AND (k <= 4671207))
	  ->  Bitmap Index Scan on k_8  (cost=0.00..5.42 rows=99 width=0)
	        Index Cond: ((k >= 4671107) AND (k <= 4671207))

explain: for range-notcovered :: explain SELECT k, c FROM sbtest%d WHERE k BETWEEN 7558343 AND 7558443
for range-notcovered
table 1 : explain SELECT k, c FROM sbtest1 WHERE k BETWEEN 4271217 AND 4271317
	Bitmap Heap Scan on sbtest1  (cost=5.45..397.66 rows=99 width=125)
	  Recheck Cond: ((k >= 4271217) AND (k <= 4271317))
	  ->  Bitmap Index Scan on k_1  (cost=0.00..5.42 rows=99 width=0)
	        Index Cond: ((k >= 4271217) AND (k <= 4271317))

table 2 : explain SELECT k, c FROM sbtest2 WHERE k BETWEEN 4271217 AND 4271317
	Bitmap Heap Scan on sbtest2  (cost=5.45..397.62 rows=99 width=125)
	  Recheck Cond: ((k >= 4271217) AND (k <= 4271317))
	  ->  Bitmap Index Scan on k_2  (cost=0.00..5.42 rows=99 width=0)
	        Index Cond: ((k >= 4271217) AND (k <= 4271317))

table 3 : explain SELECT k, c FROM sbtest3 WHERE k BETWEEN 4271217 AND 4271317
	Bitmap Heap Scan on sbtest3  (cost=5.37..366.22 rows=91 width=125)
	  Recheck Cond: ((k >= 4271217) AND (k <= 4271317))
	  ->  Bitmap Index Scan on k_3  (cost=0.00..5.34 rows=91 width=0)
	        Index Cond: ((k >= 4271217) AND (k <= 4271317))

table 4 : explain SELECT k, c FROM sbtest4 WHERE k BETWEEN 4271217 AND 4271317
	Bitmap Heap Scan on sbtest4  (cost=5.47..405.67 rows=101 width=125)
	  Recheck Cond: ((k >= 4271217) AND (k <= 4271317))
	  ->  Bitmap Index Scan on k_4  (cost=0.00..5.44 rows=101 width=0)
	        Index Cond: ((k >= 4271217) AND (k <= 4271317))

table 5 : explain SELECT k, c FROM sbtest5 WHERE k BETWEEN 4271217 AND 4271317
	Bitmap Heap Scan on sbtest5  (cost=5.50..417.35 rows=104 width=125)
	  Recheck Cond: ((k >= 4271217) AND (k <= 4271317))
	  ->  Bitmap Index Scan on k_5  (cost=0.00..5.47 rows=104 width=0)
	        Index Cond: ((k >= 4271217) AND (k <= 4271317))

table 6 : explain SELECT k, c FROM sbtest6 WHERE k BETWEEN 4271217 AND 4271317
	Bitmap Heap Scan on sbtest6  (cost=5.52..425.29 rows=106 width=125)
	  Recheck Cond: ((k >= 4271217) AND (k <= 4271317))
	  ->  Bitmap Index Scan on k_6  (cost=0.00..5.50 rows=106 width=0)
	        Index Cond: ((k >= 4271217) AND (k <= 4271317))

table 7 : explain SELECT k, c FROM sbtest7 WHERE k BETWEEN 4271217 AND 4271317
	Bitmap Heap Scan on sbtest7  (cost=5.46..401.77 rows=100 width=125)
	  Recheck Cond: ((k >= 4271217) AND (k <= 4271317))
	  ->  Bitmap Index Scan on k_7  (cost=0.00..5.43 rows=100 width=0)
	        Index Cond: ((k >= 4271217) AND (k <= 4271317))

table 8 : explain SELECT k, c FROM sbtest8 WHERE k BETWEEN 4271217 AND 4271317
	Bitmap Heap Scan on sbtest8  (cost=5.49..413.39 rows=103 width=125)
	  Recheck Cond: ((k >= 4271217) AND (k <= 4271317))
	  ->  Bitmap Index Scan on k_8  (cost=0.00..5.46 rows=103 width=0)
	        Index Cond: ((k >= 4271217) AND (k <= 4271317))

explain: for range-notcovered :: explain SELECT k, c FROM sbtest%d WHERE k BETWEEN 4122321 AND 4122421
for range-notcovered
table 1 : explain SELECT k, c FROM sbtest1 WHERE k BETWEEN 1805649 AND 1805749
	Bitmap Heap Scan on sbtest1  (cost=5.50..417.38 rows=104 width=125)
	  Recheck Cond: ((k >= 1805649) AND (k <= 1805749))
	  ->  Bitmap Index Scan on k_1  (cost=0.00..5.47 rows=104 width=0)
	        Index Cond: ((k >= 1805649) AND (k <= 1805749))

table 2 : explain SELECT k, c FROM sbtest2 WHERE k BETWEEN 1805649 AND 1805749
	Bitmap Heap Scan on sbtest2  (cost=5.41..381.84 rows=95 width=125)
	  Recheck Cond: ((k >= 1805649) AND (k <= 1805749))
	  ->  Bitmap Index Scan on k_2  (cost=0.00..5.38 rows=95 width=0)
	        Index Cond: ((k >= 1805649) AND (k <= 1805749))

table 3 : explain SELECT k, c FROM sbtest3 WHERE k BETWEEN 1805649 AND 1805749
	Bitmap Heap Scan on sbtest3  (cost=5.45..397.81 rows=99 width=125)
	  Recheck Cond: ((k >= 1805649) AND (k <= 1805749))
	  ->  Bitmap Index Scan on k_3  (cost=0.00..5.42 rows=99 width=0)
	        Index Cond: ((k >= 1805649) AND (k <= 1805749))

table 4 : explain SELECT k, c FROM sbtest4 WHERE k BETWEEN 1805649 AND 1805749
	Bitmap Heap Scan on sbtest4  (cost=5.51..421.45 rows=105 width=125)
	  Recheck Cond: ((k >= 1805649) AND (k <= 1805749))
	  ->  Bitmap Index Scan on k_4  (cost=0.00..5.48 rows=105 width=0)
	        Index Cond: ((k >= 1805649) AND (k <= 1805749))

table 5 : explain SELECT k, c FROM sbtest5 WHERE k BETWEEN 1805649 AND 1805749
	Bitmap Heap Scan on sbtest5  (cost=5.51..421.30 rows=105 width=125)
	  Recheck Cond: ((k >= 1805649) AND (k <= 1805749))
	  ->  Bitmap Index Scan on k_5  (cost=0.00..5.48 rows=105 width=0)
	        Index Cond: ((k >= 1805649) AND (k <= 1805749))

table 6 : explain SELECT k, c FROM sbtest6 WHERE k BETWEEN 1805649 AND 1805749
	Bitmap Heap Scan on sbtest6  (cost=5.50..417.41 rows=104 width=125)
	  Recheck Cond: ((k >= 1805649) AND (k <= 1805749))
	  ->  Bitmap Index Scan on k_6  (cost=0.00..5.47 rows=104 width=0)
	        Index Cond: ((k >= 1805649) AND (k <= 1805749))

table 7 : explain SELECT k, c FROM sbtest7 WHERE k BETWEEN 1805649 AND 1805749
	Bitmap Heap Scan on sbtest7  (cost=5.46..401.77 rows=100 width=125)
	  Recheck Cond: ((k >= 1805649) AND (k <= 1805749))
	  ->  Bitmap Index Scan on k_7  (cost=0.00..5.43 rows=100 width=0)
	        Index Cond: ((k >= 1805649) AND (k <= 1805749))

table 8 : explain SELECT k, c FROM sbtest8 WHERE k BETWEEN 1805649 AND 1805749
	Bitmap Heap Scan on sbtest8  (cost=5.42..385.78 rows=96 width=125)
	  Recheck Cond: ((k >= 1805649) AND (k <= 1805749))
	  ->  Bitmap Index Scan on k_8  (cost=0.00..5.39 rows=96 width=0)
	        Index Cond: ((k >= 1805649) AND (k <= 1805749))

explain: for range-notcovered :: explain SELECT k, c FROM sbtest%d WHERE k BETWEEN 3618693 AND 3618793explain: for range-notcovered :: explain SELECT k, c FROM sbtest%d WHERE k BETWEEN 4271217 AND 4271317

for range-notcovered
table 1 : explain SELECT k, c FROM sbtest1 WHERE k BETWEEN 7077320 AND 7077420
	Bitmap Heap Scan on sbtest1  (cost=5.48..409.49 rows=102 width=125)
	  Recheck Cond: ((k >= 7077320) AND (k <= 7077420))
	  ->  Bitmap Index Scan on k_1  (cost=0.00..5.45 rows=102 width=0)
	        Index Cond: ((k >= 7077320) AND (k <= 7077420))

table 2 : explain SELECT k, c FROM sbtest2 WHERE k BETWEEN 7077320 AND 7077420
	Bitmap Heap Scan on sbtest2  (cost=5.49..413.39 rows=103 width=125)
	  Recheck Cond: ((k >= 7077320) AND (k <= 7077420))
	  ->  Bitmap Index Scan on k_2  (cost=0.00..5.46 rows=103 width=0)
	        Index Cond: ((k >= 7077320) AND (k <= 7077420))

table 3 : explain SELECT k, c FROM sbtest3 WHERE k BETWEEN 7077320 AND 7077420
	Bitmap Heap Scan on sbtest3  (cost=5.44..393.86 rows=98 width=125)
	  Recheck Cond: ((k >= 7077320) AND (k <= 7077420))
	  ->  Bitmap Index Scan on k_3  (cost=0.00..5.42 rows=98 width=0)
	        Index Cond: ((k >= 7077320) AND (k <= 7077420))

table 4 : explain SELECT k, c FROM sbtest4 WHERE k BETWEEN 7077320 AND 7077420
	Bitmap Heap Scan on sbtest4  (cost=5.44..393.83 rows=98 width=125)
	  Recheck Cond: ((k >= 7077320) AND (k <= 7077420))
	  ->  Bitmap Index Scan on k_4  (cost=0.00..5.42 rows=98 width=0)
	        Index Cond: ((k >= 7077320) AND (k <= 7077420))

table 5 : explain SELECT k, c FROM sbtest5 WHERE k BETWEEN 7077320 AND 7077420
	Bitmap Heap Scan on sbtest5  (cost=5.49..413.41 rows=103 width=125)
	  Recheck Cond: ((k >= 7077320) AND (k <= 7077420))
	  ->  Bitmap Index Scan on k_5  (cost=0.00..5.46 rows=103 width=0)
	        Index Cond: ((k >= 7077320) AND (k <= 7077420))

table 6 : explain SELECT k, c FROM sbtest6 WHERE k BETWEEN 7077320 AND 7077420
	Bitmap Heap Scan on sbtest6  (cost=5.41..381.90 rows=95 width=125)
	  Recheck Cond: ((k >= 7077320) AND (k <= 7077420))
	  ->  Bitmap Index Scan on k_6  (cost=0.00..5.38 rows=95 width=0)
	        Index Cond: ((k >= 7077320) AND (k <= 7077420))

table 7 : explain SELECT k, c FROM sbtest7 WHERE k BETWEEN 7077320 AND 7077420
	Bitmap Heap Scan on sbtest7  (cost=5.58..449.11 rows=112 width=125)
	  Recheck Cond: ((k >= 7077320) AND (k <= 7077420))
	  ->  Bitmap Index Scan on k_7  (cost=0.00..5.55 rows=112 width=0)
	        Index Cond: ((k >= 7077320) AND (k <= 7077420))

table 8 : explain SELECT k, c FROM sbtest8 WHERE k BETWEEN 7077320 AND 7077420
	Bitmap Heap Scan on sbtest8  (cost=5.50..417.33 rows=104 width=125)
	  Recheck Cond: ((k >= 7077320) AND (k <= 7077420))
	  ->  Bitmap Index Scan on k_8  (cost=0.00..5.47 rows=104 width=0)
	        Index Cond: ((k >= 7077320) AND (k <= 7077420))

for range-notcovered
table 1 : explain SELECT k, c FROM sbtest1 WHERE k BETWEEN 2108221 AND 2108321
	Bitmap Heap Scan on sbtest1  (cost=5.45..397.66 rows=99 width=125)
	  Recheck Cond: ((k >= 2108221) AND (k <= 2108321))
	  ->  Bitmap Index Scan on k_1  (cost=0.00..5.42 rows=99 width=0)
	        Index Cond: ((k >= 2108221) AND (k <= 2108321))

table 2 : explain SELECT k, c FROM sbtest2 WHERE k BETWEEN 2108221 AND 2108321
	Bitmap Heap Scan on sbtest2  (cost=5.42..385.78 rows=96 width=125)
	  Recheck Cond: ((k >= 2108221) AND (k <= 2108321))
	  ->  Bitmap Index Scan on k_2  (cost=0.00..5.39 rows=96 width=0)
	        Index Cond: ((k >= 2108221) AND (k <= 2108321))

table 3 : explain SELECT k, c FROM sbtest3 WHERE k BETWEEN 2108221 AND 2108321
	Bitmap Heap Scan on sbtest3  (cost=5.51..421.49 rows=105 width=125)
	  Recheck Cond: ((k >= 2108221) AND (k <= 2108321))
	  ->  Bitmap Index Scan on k_3  (cost=0.00..5.48 rows=105 width=0)
	        Index Cond: ((k >= 2108221) AND (k <= 2108321))

table 4 : explain SELECT k, c FROM sbtest4 WHERE k BETWEEN 2108221 AND 2108321
	Bitmap Heap Scan on sbtest4  (cost=5.42..385.93 rows=96 width=125)
	  Recheck Cond: ((k >= 2108221) AND (k <= 2108321))
	  ->  Bitmap Index Scan on k_4  (cost=0.00..5.39 rows=96 width=0)
	        Index Cond: ((k >= 2108221) AND (k <= 2108321))

table 5 : explain SELECT k, c FROM sbtest5 WHERE k BETWEEN 2108221 AND 2108321
	Bitmap Heap Scan on sbtest5  (cost=5.49..413.41 rows=103 width=125)
	  Recheck Cond: ((k >= 2108221) AND (k <= 2108321))
	  ->  Bitmap Index Scan on k_5  (cost=0.00..5.46 rows=103 width=0)
	        Index Cond: ((k >= 2108221) AND (k <= 2108321))

table 6 : explain SELECT k, c FROM sbtest6 WHERE k BETWEEN 2108221 AND 2108321
	Bitmap Heap Scan on sbtest6  (cost=5.59..452.88 rows=113 width=125)
	  Recheck Cond: ((k >= 2108221) AND (k <= 2108321))
	  ->  Bitmap Index Scan on k_6  (cost=0.00..5.56 rows=113 width=0)
	        Index Cond: ((k >= 2108221) AND (k <= 2108321))

table 7 : explain SELECT k, c FROM sbtest7 WHERE k BETWEEN 2108221 AND 2108321
	Bitmap Heap Scan on sbtest7  (cost=5.38..370.18 rows=92 width=125)
	  Recheck Cond: ((k >= 2108221) AND (k <= 2108321))
	  ->  Bitmap Index Scan on k_7  (cost=0.00..5.35 rows=92 width=0)
	        Index Cond: ((k >= 2108221) AND (k <= 2108321))

table 8 : explain SELECT k, c FROM sbtest8 WHERE k BETWEEN 2108221 AND 2108321
	Bitmap Heap Scan on sbtest8  (cost=5.43..389.72 rows=97 width=125)
	  Recheck Cond: ((k >= 2108221) AND (k <= 2108321))
	  ->  Bitmap Index Scan on k_8  (cost=0.00..5.40 rows=97 width=0)
	        Index Cond: ((k >= 2108221) AND (k <= 2108321))

explain: for range-notcovered :: explain SELECT k, c FROM sbtest%d WHERE k BETWEEN 1805649 AND 1805749
for range-notcovered
table 1 : explain SELECT k, c FROM sbtest1 WHERE k BETWEEN 4982726 AND 4982826
	Bitmap Heap Scan on sbtest1  (cost=5.55..437.09 rows=109 width=125)
	  Recheck Cond: ((k >= 4982726) AND (k <= 4982826))
	  ->  Bitmap Index Scan on k_1  (cost=0.00..5.52 rows=109 width=0)
	        Index Cond: ((k >= 4982726) AND (k <= 4982826))

table 2 : explain SELECT k, c FROM sbtest2 WHERE k BETWEEN 4982726 AND 4982826
	Bitmap Heap Scan on sbtest2  (cost=5.46..401.56 rows=100 width=125)
	  Recheck Cond: ((k >= 4982726) AND (k <= 4982826))
	  ->  Bitmap Index Scan on k_2  (cost=0.00..5.43 rows=100 width=0)
	        Index Cond: ((k >= 4982726) AND (k <= 4982826))

table 3 : explain SELECT k, c FROM sbtest3 WHERE k BETWEEN 4982726 AND 4982826
	Bitmap Heap Scan on sbtest3  (cost=5.38..370.17 rows=92 width=125)
	  Recheck Cond: ((k >= 4982726) AND (k <= 4982826))
	  ->  Bitmap Index Scan on k_3  (cost=0.00..5.35 rows=92 width=0)
	        Index Cond: ((k >= 4982726) AND (k <= 4982826))

table 4 : explain SELECT k, c FROM sbtest4 WHERE k BETWEEN 4982726 AND 4982826
	Bitmap Heap Scan on sbtest4  (cost=5.54..433.28 rows=108 width=125)
	  Recheck Cond: ((k >= 4982726) AND (k <= 4982826))
	  ->  Bitmap Index Scan on k_4  (cost=0.00..5.51 rows=108 width=0)
	        Index Cond: ((k >= 4982726) AND (k <= 4982826))

table 5 : explain SELECT k, c FROM sbtest5 WHERE k BETWEEN 4982726 AND 4982826
	Bitmap Heap Scan on sbtest5  (cost=5.45..397.63 rows=99 width=125)
	  Recheck Cond: ((k >= 4982726) AND (k <= 4982826))
	  ->  Bitmap Index Scan on k_5  (cost=0.00..5.42 rows=99 width=0)
	        Index Cond: ((k >= 4982726) AND (k <= 4982826))

table 6 : explain SELECT k, c FROM sbtest6 WHERE k BETWEEN 4982726 AND 4982826
	Bitmap Heap Scan on sbtest6  (cost=5.48..409.52 rows=102 width=125)
	  Recheck Cond: ((k >= 4982726) AND (k <= 4982826))
	  ->  Bitmap Index Scan on k_6  (cost=0.00..5.45 rows=102 width=0)
	        Index Cond: ((k >= 4982726) AND (k <= 4982826))

table 7 : explain SELECT k, c FROM sbtest7 WHERE k BETWEEN 4982726 AND 4982826
	Bitmap Heap Scan on sbtest7  (cost=5.49..413.61 rows=103 width=125)
	  Recheck Cond: ((k >= 4982726) AND (k <= 4982826))
	  ->  Bitmap Index Scan on k_7  (cost=0.00..5.46 rows=103 width=0)
	        Index Cond: ((k >= 4982726) AND (k <= 4982826))

table 8 : explain SELECT k, c FROM sbtest8 WHERE k BETWEEN 4982726 AND 4982826
	Bitmap Heap Scan on sbtest8  (cost=5.62..464.62 rows=116 width=125)
	  Recheck Cond: ((k >= 4982726) AND (k <= 4982826))
	  ->  Bitmap Index Scan on k_8  (cost=0.00..5.59 rows=116 width=0)
	        Index Cond: ((k >= 4982726) AND (k <= 4982826))

explain: for range-notcovered :: explain SELECT k, c FROM sbtest%d WHERE k BETWEEN 2108221 AND 2108321
explain: for range-notcovered :: explain SELECT k, c FROM sbtest%d WHERE k BETWEEN 4982726 AND 4982826
for range-notcovered
table 1 : explain SELECT k, c FROM sbtest1 WHERE k BETWEEN 3288888 AND 3288988
	Bitmap Heap Scan on sbtest1  (cost=5.57..444.97 rows=111 width=125)
	  Recheck Cond: ((k >= 3288888) AND (k <= 3288988))
	  ->  Bitmap Index Scan on k_1  (cost=0.00..5.54 rows=111 width=0)
	        Index Cond: ((k >= 3288888) AND (k <= 3288988))

table 2 : explain SELECT k, c FROM sbtest2 WHERE k BETWEEN 3288888 AND 3288988
	Bitmap Heap Scan on sbtest2  (cost=5.49..413.39 rows=103 width=125)
	  Recheck Cond: ((k >= 3288888) AND (k <= 3288988))
	  ->  Bitmap Index Scan on k_2  (cost=0.00..5.46 rows=103 width=0)
	        Index Cond: ((k >= 3288888) AND (k <= 3288988))

table 3 : explain SELECT k, c FROM sbtest3 WHERE k BETWEEN 3288888 AND 3288988
	Bitmap Heap Scan on sbtest3  (cost=5.50..417.54 rows=104 width=125)
	  Recheck Cond: ((k >= 3288888) AND (k <= 3288988))
	  ->  Bitmap Index Scan on k_3  (cost=0.00..5.47 rows=104 width=0)
	        Index Cond: ((k >= 3288888) AND (k <= 3288988))

table 4 : explain SELECT k, c FROM sbtest4 WHERE k BETWEEN 3288888 AND 3288988
	Bitmap Heap Scan on sbtest4  (cost=5.39..374.08 rows=93 width=125)
	  Recheck Cond: ((k >= 3288888) AND (k <= 3288988))
	  ->  Bitmap Index Scan on k_4  (cost=0.00..5.36 rows=93 width=0)
	        Index Cond: ((k >= 3288888) AND (k <= 3288988))

table 5 : explain SELECT k, c FROM sbtest5 WHERE k BETWEEN 3288888 AND 3288988
	Bitmap Heap Scan on sbtest5  (cost=5.47..405.52 rows=101 width=125)
	  Recheck Cond: ((k >= 3288888) AND (k <= 3288988))
	  ->  Bitmap Index Scan on k_5  (cost=0.00..5.44 rows=101 width=0)
	        Index Cond: ((k >= 3288888) AND (k <= 3288988))

table 6 : explain SELECT k, c FROM sbtest6 WHERE k BETWEEN 3288888 AND 3288988
	Bitmap Heap Scan on sbtest6  (cost=5.50..417.41 rows=104 width=125)
	  Recheck Cond: ((k >= 3288888) AND (k <= 3288988))
	  ->  Bitmap Index Scan on k_6  (cost=0.00..5.47 rows=104 width=0)
	        Index Cond: ((k >= 3288888) AND (k <= 3288988))

table 7 : explain SELECT k, c FROM sbtest7 WHERE k BETWEEN 3288888 AND 3288988
	Bitmap Heap Scan on sbtest7  (cost=5.46..401.77 rows=100 width=125)
	  Recheck Cond: ((k >= 3288888) AND (k <= 3288988))
	  ->  Bitmap Index Scan on k_7  (cost=0.00..5.43 rows=100 width=0)
	        Index Cond: ((k >= 3288888) AND (k <= 3288988))

table 8 : explain SELECT k, c FROM sbtest8 WHERE k BETWEEN 3288888 AND 3288988
	Bitmap Heap Scan on sbtest8  (cost=5.44..393.67 rows=98 width=125)
	  Recheck Cond: ((k >= 3288888) AND (k <= 3288988))
	  ->  Bitmap Index Scan on k_8  (cost=0.00..5.42 rows=98 width=0)
	        Index Cond: ((k >= 3288888) AND (k <= 3288988))

explain: for range-notcovered :: explain SELECT k, c FROM sbtest%d WHERE k BETWEEN 3288888 AND 3288988
for range-notcovered
table 1 : explain SELECT k, c FROM sbtest1 WHERE k BETWEEN 4108565 AND 4108665
	Bitmap Heap Scan on sbtest1  (cost=5.43..389.77 rows=97 width=125)
	  Recheck Cond: ((k >= 4108565) AND (k <= 4108665))
	  ->  Bitmap Index Scan on k_1  (cost=0.00..5.40 rows=97 width=0)
	        Index Cond: ((k >= 4108565) AND (k <= 4108665))

table 2 : explain SELECT k, c FROM sbtest2 WHERE k BETWEEN 4108565 AND 4108665
	Bitmap Heap Scan on sbtest2  (cost=5.52..425.22 rows=106 width=125)
	  Recheck Cond: ((k >= 4108565) AND (k <= 4108665))
	  ->  Bitmap Index Scan on k_2  (cost=0.00..5.50 rows=106 width=0)
	        Index Cond: ((k >= 4108565) AND (k <= 4108665))

table 3 : explain SELECT k, c FROM sbtest3 WHERE k BETWEEN 4108565 AND 4108665
	Bitmap Heap Scan on sbtest3  (cost=5.48..409.65 rows=102 width=125)
	  Recheck Cond: ((k >= 4108565) AND (k <= 4108665))
	  ->  Bitmap Index Scan on k_3  (cost=0.00..5.45 rows=102 width=0)
	        Index Cond: ((k >= 4108565) AND (k <= 4108665))

table 4 : explain SELECT k, c FROM sbtest4 WHERE k BETWEEN 4108565 AND 4108665
	Bitmap Heap Scan on sbtest4  (cost=5.55..437.23 rows=109 width=125)
	  Recheck Cond: ((k >= 4108565) AND (k <= 4108665))
	  ->  Bitmap Index Scan on k_4  (cost=0.00..5.52 rows=109 width=0)
	        Index Cond: ((k >= 4108565) AND (k <= 4108665))

table 5 : explain SELECT k, c FROM sbtest5 WHERE k BETWEEN 4108565 AND 4108665
	Bitmap Heap Scan on sbtest5  (cost=5.39..373.96 rows=93 width=125)
	  Recheck Cond: ((k >= 4108565) AND (k <= 4108665))
	  ->  Bitmap Index Scan on k_5  (cost=0.00..5.36 rows=93 width=0)
	        Index Cond: ((k >= 4108565) AND (k <= 4108665))

table 6 : explain SELECT k, c FROM sbtest6 WHERE k BETWEEN 4108565 AND 4108665
	Bitmap Heap Scan on sbtest6  (cost=5.51..421.35 rows=105 width=125)
	  Recheck Cond: ((k >= 4108565) AND (k <= 4108665))
	  ->  Bitmap Index Scan on k_6  (cost=0.00..5.48 rows=105 width=0)
	        Index Cond: ((k >= 4108565) AND (k <= 4108665))

table 7 : explain SELECT k, c FROM sbtest7 WHERE k BETWEEN 4108565 AND 4108665
	Bitmap Heap Scan on sbtest7  (cost=5.54..433.34 rows=108 width=125)
	  Recheck Cond: ((k >= 4108565) AND (k <= 4108665))
	  ->  Bitmap Index Scan on k_7  (cost=0.00..5.51 rows=108 width=0)
	        Index Cond: ((k >= 4108565) AND (k <= 4108665))

table 8 : explain SELECT k, c FROM sbtest8 WHERE k BETWEEN 4108565 AND 4108665
	Bitmap Heap Scan on sbtest8  (cost=5.54..433.10 rows=108 width=125)
	  Recheck Cond: ((k >= 4108565) AND (k <= 4108665))
	  ->  Bitmap Index Scan on k_8  (cost=0.00..5.51 rows=108 width=0)
	        Index Cond: ((k >= 4108565) AND (k <= 4108665))

explain: for range-notcovered :: explain SELECT k, c FROM sbtest%d WHERE k BETWEEN 4108565 AND 4108665
for range-notcovered
table 1 : explain SELECT k, c FROM sbtest1 WHERE k BETWEEN 5087132 AND 5087232
	Bitmap Heap Scan on sbtest1  (cost=5.42..385.82 rows=96 width=125)
	  Recheck Cond: ((k >= 5087132) AND (k <= 5087232))
	  ->  Bitmap Index Scan on k_1  (cost=0.00..5.39 rows=96 width=0)
	        Index Cond: ((k >= 5087132) AND (k <= 5087232))

table 2 : explain SELECT k, c FROM sbtest2 WHERE k BETWEEN 5087132 AND 5087232
	Bitmap Heap Scan on sbtest2  (cost=5.53..429.16 rows=107 width=125)
	  Recheck Cond: ((k >= 5087132) AND (k <= 5087232))
	  ->  Bitmap Index Scan on k_2  (cost=0.00..5.50 rows=107 width=0)
	        Index Cond: ((k >= 5087132) AND (k <= 5087232))

table 3 : explain SELECT k, c FROM sbtest3 WHERE k BETWEEN 5087132 AND 5087232
	Bitmap Heap Scan on sbtest3  (cost=5.43..389.92 rows=97 width=125)
	  Recheck Cond: ((k >= 5087132) AND (k <= 5087232))
	  ->  Bitmap Index Scan on k_3  (cost=0.00..5.40 rows=97 width=0)
	        Index Cond: ((k >= 5087132) AND (k <= 5087232))

table 4 : explain SELECT k, c FROM sbtest4 WHERE k BETWEEN 5087132 AND 5087232
	Bitmap Heap Scan on sbtest4  (cost=5.42..385.93 rows=96 width=125)
	  Recheck Cond: ((k >= 5087132) AND (k <= 5087232))
	  ->  Bitmap Index Scan on k_4  (cost=0.00..5.39 rows=96 width=0)
	        Index Cond: ((k >= 5087132) AND (k <= 5087232))

table 5 : explain SELECT k, c FROM sbtest5 WHERE k BETWEEN 5087132 AND 5087232
	Bitmap Heap Scan on sbtest5  (cost=5.49..413.41 rows=103 width=125)
	  Recheck Cond: ((k >= 5087132) AND (k <= 5087232))
	  ->  Bitmap Index Scan on k_5  (cost=0.00..5.46 rows=103 width=0)
	        Index Cond: ((k >= 5087132) AND (k <= 5087232))

table 6 : explain SELECT k, c FROM sbtest6 WHERE k BETWEEN 5087132 AND 5087232
	Bitmap Heap Scan on sbtest6  (cost=5.49..413.46 rows=103 width=125)
	  Recheck Cond: ((k >= 5087132) AND (k <= 5087232))
	  ->  Bitmap Index Scan on k_6  (cost=0.00..5.46 rows=103 width=0)
	        Index Cond: ((k >= 5087132) AND (k <= 5087232))

table 7 : explain SELECT k, c FROM sbtest7 WHERE k BETWEEN 5087132 AND 5087232
	Bitmap Heap Scan on sbtest7  (cost=5.55..437.28 rows=109 width=125)
	  Recheck Cond: ((k >= 5087132) AND (k <= 5087232))
	  ->  Bitmap Index Scan on k_7  (cost=0.00..5.52 rows=109 width=0)
	        Index Cond: ((k >= 5087132) AND (k <= 5087232))

table 8 : explain SELECT k, c FROM sbtest8 WHERE k BETWEEN 5087132 AND 5087232
	Bitmap Heap Scan on sbtest8  (cost=5.55..437.04 rows=109 width=125)
	  Recheck Cond: ((k >= 5087132) AND (k <= 5087232))
	  ->  Bitmap Index Scan on k_8  (cost=0.00..5.52 rows=109 width=0)
	        Index Cond: ((k >= 5087132) AND (k <= 5087232))

explain: for range-notcovered :: explain SELECT k, c FROM sbtest%d WHERE k BETWEEN 5087132 AND 5087232
for range-notcovered
table 1 : explain SELECT k, c FROM sbtest1 WHERE k BETWEEN 3544069 AND 3544169
	Bitmap Heap Scan on sbtest1  (cost=5.53..429.21 rows=107 width=125)
	  Recheck Cond: ((k >= 3544069) AND (k <= 3544169))
	  ->  Bitmap Index Scan on k_1  (cost=0.00..5.50 rows=107 width=0)
	        Index Cond: ((k >= 3544069) AND (k <= 3544169))

table 2 : explain SELECT k, c FROM sbtest2 WHERE k BETWEEN 3544069 AND 3544169
	Bitmap Heap Scan on sbtest2  (cost=5.54..433.10 rows=108 width=125)
	  Recheck Cond: ((k >= 3544069) AND (k <= 3544169))
	  ->  Bitmap Index Scan on k_2  (cost=0.00..5.51 rows=108 width=0)
	        Index Cond: ((k >= 3544069) AND (k <= 3544169))

table 3 : explain SELECT k, c FROM sbtest3 WHERE k BETWEEN 3544069 AND 3544169
	Bitmap Heap Scan on sbtest3  (cost=5.46..401.76 rows=100 width=125)
	  Recheck Cond: ((k >= 3544069) AND (k <= 3544169))
	  ->  Bitmap Index Scan on k_3  (cost=0.00..5.43 rows=100 width=0)
	        Index Cond: ((k >= 3544069) AND (k <= 3544169))

table 4 : explain SELECT k, c FROM sbtest4 WHERE k BETWEEN 3544069 AND 3544169
	Bitmap Heap Scan on sbtest4  (cost=5.39..374.08 rows=93 width=125)
	  Recheck Cond: ((k >= 3544069) AND (k <= 3544169))
	  ->  Bitmap Index Scan on k_4  (cost=0.00..5.36 rows=93 width=0)
	        Index Cond: ((k >= 3544069) AND (k <= 3544169))

table 5 : explain SELECT k, c FROM sbtest5 WHERE k BETWEEN 3544069 AND 3544169
	Bitmap Heap Scan on sbtest5  (cost=5.47..405.52 rows=101 width=125)
	  Recheck Cond: ((k >= 3544069) AND (k <= 3544169))
	  ->  Bitmap Index Scan on k_5  (cost=0.00..5.44 rows=101 width=0)
	        Index Cond: ((k >= 3544069) AND (k <= 3544169))

table 6 : explain SELECT k, c FROM sbtest6 WHERE k BETWEEN 3544069 AND 3544169
	Bitmap Heap Scan on sbtest6  (cost=5.48..409.52 rows=102 width=125)
	  Recheck Cond: ((k >= 3544069) AND (k <= 3544169))
	  ->  Bitmap Index Scan on k_6  (cost=0.00..5.45 rows=102 width=0)
	        Index Cond: ((k >= 3544069) AND (k <= 3544169))

table 7 : explain SELECT k, c FROM sbtest7 WHERE k BETWEEN 3544069 AND 3544169
	Bitmap Heap Scan on sbtest7  (cost=5.60..457.00 rows=114 width=125)
	  Recheck Cond: ((k >= 3544069) AND (k <= 3544169))
	  ->  Bitmap Index Scan on k_7  (cost=0.00..5.58 rows=114 width=0)
	        Index Cond: ((k >= 3544069) AND (k <= 3544169))

table 8 : explain SELECT k, c FROM sbtest8 WHERE k BETWEEN 3544069 AND 3544169
	Bitmap Heap Scan on sbtest8  (cost=5.42..385.78 rows=96 width=125)
	  Recheck Cond: ((k >= 3544069) AND (k <= 3544169))
	  ->  Bitmap Index Scan on k_8  (cost=0.00..5.39 rows=96 width=0)
	        Index Cond: ((k >= 3544069) AND (k <= 3544169))

for range-notcovered
table 1 : explain SELECT k, c FROM sbtest1 WHERE k BETWEEN 4791258 AND 4791358
	Bitmap Heap Scan on sbtest1  (cost=5.57..444.97 rows=111 width=125)
	  Recheck Cond: ((k >= 4791258) AND (k <= 4791358))
	  ->  Bitmap Index Scan on k_1  (cost=0.00..5.54 rows=111 width=0)
	        Index Cond: ((k >= 4791258) AND (k <= 4791358))

table 2 : explain SELECT k, c FROM sbtest2 WHERE k BETWEEN 4791258 AND 4791358
	Bitmap Heap Scan on sbtest2  (cost=5.46..401.56 rows=100 width=125)
	  Recheck Cond: ((k >= 4791258) AND (k <= 4791358))
	  ->  Bitmap Index Scan on k_2  (cost=0.00..5.43 rows=100 width=0)
	        Index Cond: ((k >= 4791258) AND (k <= 4791358))

table 3 : explain SELECT k, c FROM sbtest3 WHERE k BETWEEN 4791258 AND 4791358
	Bitmap Heap Scan on sbtest3  (cost=5.51..421.49 rows=105 width=125)
	  Recheck Cond: ((k >= 4791258) AND (k <= 4791358))
	  ->  Bitmap Index Scan on k_3  (cost=0.00..5.48 rows=105 width=0)
	        Index Cond: ((k >= 4791258) AND (k <= 4791358))

table 4 : explain SELECT k, c FROM sbtest4 WHERE k BETWEEN 4791258 AND 4791358
	Bitmap Heap Scan on sbtest4  (cost=5.48..409.61 rows=102 width=125)
	  Recheck Cond: ((k >= 4791258) AND (k <= 4791358))
	  ->  Bitmap Index Scan on k_4  (cost=0.00..5.45 rows=102 width=0)
	        Index Cond: ((k >= 4791258) AND (k <= 4791358))

table 5 : explain SELECT k, c FROM sbtest5 WHERE k BETWEEN 4791258 AND 4791358
	Bitmap Heap Scan on sbtest5  (cost=5.43..389.74 rows=97 width=125)
	  Recheck Cond: ((k >= 4791258) AND (k <= 4791358))
	  ->  Bitmap Index Scan on k_5  (cost=0.00..5.40 rows=97 width=0)
	        Index Cond: ((k >= 4791258) AND (k <= 4791358))

table 6 : explain SELECT k, c FROM sbtest6 WHERE k BETWEEN 4791258 AND 4791358
	Bitmap Heap Scan on sbtest6  (cost=5.62..464.70 rows=116 width=125)
	  Recheck Cond: ((k >= 4791258) AND (k <= 4791358))
	  ->  Bitmap Index Scan on k_6  (cost=0.00..5.59 rows=116 width=0)
	        Index Cond: ((k >= 4791258) AND (k <= 4791358))

table 7 : explain SELECT k, c FROM sbtest7 WHERE k BETWEEN 4791258 AND 4791358
	Bitmap Heap Scan on sbtest7  (cost=5.56..441.23 rows=110 width=125)
	  Recheck Cond: ((k >= 4791258) AND (k <= 4791358))
	  ->  Bitmap Index Scan on k_7  (cost=0.00..5.53 rows=110 width=0)
	        Index Cond: ((k >= 4791258) AND (k <= 4791358))

table 8 : explain SELECT k, c FROM sbtest8 WHERE k BETWEEN 4791258 AND 4791358
	Bitmap Heap Scan on sbtest8  (cost=5.46..401.56 rows=100 width=125)
	  Recheck Cond: ((k >= 4791258) AND (k <= 4791358))
	  ->  Bitmap Index Scan on k_8  (cost=0.00..5.43 rows=100 width=0)
	        Index Cond: ((k >= 4791258) AND (k <= 4791358))

explain: for range-notcovered :: explain SELECT k, c FROM sbtest%d WHERE k BETWEEN 3544069 AND 3544169
explain: for range-notcovered :: explain SELECT k, c FROM sbtest%d WHERE k BETWEEN 4791258 AND 4791358
for range-notcovered
table 1 : explain SELECT k, c FROM sbtest1 WHERE k BETWEEN 7558343 AND 7558443
	Bitmap Heap Scan on sbtest1  (cost=5.47..405.55 rows=101 width=125)
	  Recheck Cond: ((k >= 7558343) AND (k <= 7558443))
	  ->  Bitmap Index Scan on k_1  (cost=0.00..5.44 rows=101 width=0)
	        Index Cond: ((k >= 7558343) AND (k <= 7558443))

table 2 : explain SELECT k, c FROM sbtest2 WHERE k BETWEEN 7558343 AND 7558443
	Bitmap Heap Scan on sbtest2  (cost=5.47..405.51 rows=101 width=125)
	  Recheck Cond: ((k >= 7558343) AND (k <= 7558443))
	  ->  Bitmap Index Scan on k_2  (cost=0.00..5.44 rows=101 width=0)
	        Index Cond: ((k >= 7558343) AND (k <= 7558443))

table 3 : explain SELECT k, c FROM sbtest3 WHERE k BETWEEN 7558343 AND 7558443
	Bitmap Heap Scan on sbtest3  (cost=5.54..433.32 rows=108 width=125)
	  Recheck Cond: ((k >= 7558343) AND (k <= 7558443))
	  ->  Bitmap Index Scan on k_3  (cost=0.00..5.51 rows=108 width=0)
	        Index Cond: ((k >= 7558343) AND (k <= 7558443))

table 4 : explain SELECT k, c FROM sbtest4 WHERE k BETWEEN 7558343 AND 7558443
	Bitmap Heap Scan on sbtest4  (cost=5.44..393.83 rows=98 width=125)
	  Recheck Cond: ((k >= 7558343) AND (k <= 7558443))
	  ->  Bitmap Index Scan on k_4  (cost=0.00..5.42 rows=98 width=0)
	        Index Cond: ((k >= 7558343) AND (k <= 7558443))

table 5 : explain SELECT k, c FROM sbtest5 WHERE k BETWEEN 7558343 AND 7558443
	Bitmap Heap Scan on sbtest5  (cost=5.55..437.06 rows=109 width=125)
	  Recheck Cond: ((k >= 7558343) AND (k <= 7558443))
	  ->  Bitmap Index Scan on k_5  (cost=0.00..5.52 rows=109 width=0)
	        Index Cond: ((k >= 7558343) AND (k <= 7558443))

table 6 : explain SELECT k, c FROM sbtest6 WHERE k BETWEEN 7558343 AND 7558443
	Bitmap Heap Scan on sbtest6  (cost=5.55..437.12 rows=109 width=125)
	  Recheck Cond: ((k >= 7558343) AND (k <= 7558443))
	  ->  Bitmap Index Scan on k_6  (cost=0.00..5.52 rows=109 width=0)
	        Index Cond: ((k >= 7558343) AND (k <= 7558443))

table 7 : explain SELECT k, c FROM sbtest7 WHERE k BETWEEN 7558343 AND 7558443
	Bitmap Heap Scan on sbtest7  (cost=5.41..382.03 rows=95 width=125)
	  Recheck Cond: ((k >= 7558343) AND (k <= 7558443))
	  ->  Bitmap Index Scan on k_7  (cost=0.00..5.38 rows=95 width=0)
	        Index Cond: ((k >= 7558343) AND (k <= 7558443))

table 8 : explain SELECT k, c FROM sbtest8 WHERE k BETWEEN 7558343 AND 7558443
	Bitmap Heap Scan on sbtest8  (cost=5.49..413.39 rows=103 width=125)
	  Recheck Cond: ((k >= 7558343) AND (k <= 7558443))
	  ->  Bitmap Index Scan on k_8  (cost=0.00..5.46 rows=103 width=0)
	        Index Cond: ((k >= 7558343) AND (k <= 7558443))

for range-notcovered
table 1 : explain SELECT k, c FROM sbtest1 WHERE k BETWEEN 4122321 AND 4122421
	Bitmap Heap Scan on sbtest1  (cost=5.43..389.77 rows=97 width=125)
	  Recheck Cond: ((k >= 4122321) AND (k <= 4122421))
	  ->  Bitmap Index Scan on k_1  (cost=0.00..5.40 rows=97 width=0)
	        Index Cond: ((k >= 4122321) AND (k <= 4122421))

table 2 : explain SELECT k, c FROM sbtest2 WHERE k BETWEEN 4122321 AND 4122421
	Bitmap Heap Scan on sbtest2  (cost=5.52..425.22 rows=106 width=125)
	  Recheck Cond: ((k >= 4122321) AND (k <= 4122421))
	  ->  Bitmap Index Scan on k_2  (cost=0.00..5.50 rows=106 width=0)
	        Index Cond: ((k >= 4122321) AND (k <= 4122421))

table 3 : explain SELECT k, c FROM sbtest3 WHERE k BETWEEN 4122321 AND 4122421
	Bitmap Heap Scan on sbtest3  (cost=5.48..409.65 rows=102 width=125)
	  Recheck Cond: ((k >= 4122321) AND (k <= 4122421))
	  ->  Bitmap Index Scan on k_3  (cost=0.00..5.45 rows=102 width=0)
	        Index Cond: ((k >= 4122321) AND (k <= 4122421))

table 4 : explain SELECT k, c FROM sbtest4 WHERE k BETWEEN 4122321 AND 4122421
	Bitmap Heap Scan on sbtest4  (cost=5.55..437.23 rows=109 width=125)
	  Recheck Cond: ((k >= 4122321) AND (k <= 4122421))
	  ->  Bitmap Index Scan on k_4  (cost=0.00..5.52 rows=109 width=0)
	        Index Cond: ((k >= 4122321) AND (k <= 4122421))

table 5 : explain SELECT k, c FROM sbtest5 WHERE k BETWEEN 4122321 AND 4122421
	Bitmap Heap Scan on sbtest5  (cost=5.39..373.96 rows=93 width=125)
	  Recheck Cond: ((k >= 4122321) AND (k <= 4122421))
	  ->  Bitmap Index Scan on k_5  (cost=0.00..5.36 rows=93 width=0)
	        Index Cond: ((k >= 4122321) AND (k <= 4122421))

table 6 : explain SELECT k, c FROM sbtest6 WHERE k BETWEEN 4122321 AND 4122421
	Bitmap Heap Scan on sbtest6  (cost=5.51..421.35 rows=105 width=125)
	  Recheck Cond: ((k >= 4122321) AND (k <= 4122421))
	  ->  Bitmap Index Scan on k_6  (cost=0.00..5.48 rows=105 width=0)
	        Index Cond: ((k >= 4122321) AND (k <= 4122421))

table 7 : explain SELECT k, c FROM sbtest7 WHERE k BETWEEN 4122321 AND 4122421
	Bitmap Heap Scan on sbtest7  (cost=5.54..433.34 rows=108 width=125)
	  Recheck Cond: ((k >= 4122321) AND (k <= 4122421))
	  ->  Bitmap Index Scan on k_7  (cost=0.00..5.51 rows=108 width=0)
	        Index Cond: ((k >= 4122321) AND (k <= 4122421))

table 8 : explain SELECT k, c FROM sbtest8 WHERE k BETWEEN 4122321 AND 4122421
	Bitmap Heap Scan on sbtest8  (cost=5.54..433.10 rows=108 width=125)
	  Recheck Cond: ((k >= 4122321) AND (k <= 4122421))
	  ->  Bitmap Index Scan on k_8  (cost=0.00..5.51 rows=108 width=0)
	        Index Cond: ((k >= 4122321) AND (k <= 4122421))

for range-notcovered
table 1 : explain SELECT k, c FROM sbtest1 WHERE k BETWEEN 4271217 AND 4271317
	Bitmap Heap Scan on sbtest1  (cost=5.45..397.66 rows=99 width=125)
	  Recheck Cond: ((k >= 4271217) AND (k <= 4271317))
	  ->  Bitmap Index Scan on k_1  (cost=0.00..5.42 rows=99 width=0)
	        Index Cond: ((k >= 4271217) AND (k <= 4271317))

table 2 : explain SELECT k, c FROM sbtest2 WHERE k BETWEEN 4271217 AND 4271317
	Bitmap Heap Scan on sbtest2  (cost=5.45..397.62 rows=99 width=125)
	  Recheck Cond: ((k >= 4271217) AND (k <= 4271317))
	  ->  Bitmap Index Scan on k_2  (cost=0.00..5.42 rows=99 width=0)
	        Index Cond: ((k >= 4271217) AND (k <= 4271317))

table 3 : explain SELECT k, c FROM sbtest3 WHERE k BETWEEN 4271217 AND 4271317
	Bitmap Heap Scan on sbtest3  (cost=5.37..366.22 rows=91 width=125)
	  Recheck Cond: ((k >= 4271217) AND (k <= 4271317))
	  ->  Bitmap Index Scan on k_3  (cost=0.00..5.34 rows=91 width=0)
	        Index Cond: ((k >= 4271217) AND (k <= 4271317))

table 4 : explain SELECT k, c FROM sbtest4 WHERE k BETWEEN 4271217 AND 4271317
	Bitmap Heap Scan on sbtest4  (cost=5.47..405.67 rows=101 width=125)
	  Recheck Cond: ((k >= 4271217) AND (k <= 4271317))
	  ->  Bitmap Index Scan on k_4  (cost=0.00..5.44 rows=101 width=0)
	        Index Cond: ((k >= 4271217) AND (k <= 4271317))

table 5 : explain SELECT k, c FROM sbtest5 WHERE k BETWEEN 4271217 AND 4271317
	Bitmap Heap Scan on sbtest5  (cost=5.50..417.35 rows=104 width=125)
	  Recheck Cond: ((k >= 4271217) AND (k <= 4271317))
	  ->  Bitmap Index Scan on k_5  (cost=0.00..5.47 rows=104 width=0)
	        Index Cond: ((k >= 4271217) AND (k <= 4271317))

table 6 : explain SELECT k, c FROM sbtest6 WHERE k BETWEEN 4271217 AND 4271317
	Bitmap Heap Scan on sbtest6  (cost=5.52..425.29 rows=106 width=125)
	  Recheck Cond: ((k >= 4271217) AND (k <= 4271317))
	  ->  Bitmap Index Scan on k_6  (cost=0.00..5.50 rows=106 width=0)
	        Index Cond: ((k >= 4271217) AND (k <= 4271317))

table 7 : explain SELECT k, c FROM sbtest7 WHERE k BETWEEN 4271217 AND 4271317
	Bitmap Heap Scan on sbtest7  (cost=5.46..401.77 rows=100 width=125)
	  Recheck Cond: ((k >= 4271217) AND (k <= 4271317))
	  ->  Bitmap Index Scan on k_7  (cost=0.00..5.43 rows=100 width=0)
	        Index Cond: ((k >= 4271217) AND (k <= 4271317))

table 8 : explain SELECT k, c FROM sbtest8 WHERE k BETWEEN 4271217 AND 4271317
	Bitmap Heap Scan on sbtest8  (cost=5.49..413.39 rows=103 width=125)
	  Recheck Cond: ((k >= 4271217) AND (k <= 4271317))
	  ->  Bitmap Index Scan on k_8  (cost=0.00..5.46 rows=103 width=0)
	        Index Cond: ((k >= 4271217) AND (k <= 4271317))

for range-notcovered
table 1 : explain SELECT k, c FROM sbtest1 WHERE k BETWEEN 3618693 AND 3618793
	Bitmap Heap Scan on sbtest1  (cost=5.45..397.66 rows=99 width=125)
	  Recheck Cond: ((k >= 3618693) AND (k <= 3618793))
	  ->  Bitmap Index Scan on k_1  (cost=0.00..5.42 rows=99 width=0)
	        Index Cond: ((k >= 3618693) AND (k <= 3618793))

table 2 : explain SELECT k, c FROM sbtest2 WHERE k BETWEEN 3618693 AND 3618793
	Bitmap Heap Scan on sbtest2  (cost=5.42..385.78 rows=96 width=125)
	  Recheck Cond: ((k >= 3618693) AND (k <= 3618793))
	  ->  Bitmap Index Scan on k_2  (cost=0.00..5.39 rows=96 width=0)
	        Index Cond: ((k >= 3618693) AND (k <= 3618793))

table 3 : explain SELECT k, c FROM sbtest3 WHERE k BETWEEN 3618693 AND 3618793
	Bitmap Heap Scan on sbtest3  (cost=5.51..421.49 rows=105 width=125)
	  Recheck Cond: ((k >= 3618693) AND (k <= 3618793))
	  ->  Bitmap Index Scan on k_3  (cost=0.00..5.48 rows=105 width=0)
	        Index Cond: ((k >= 3618693) AND (k <= 3618793))

table 4 : explain SELECT k, c FROM sbtest4 WHERE k BETWEEN 3618693 AND 3618793
	Bitmap Heap Scan on sbtest4  (cost=5.47..405.67 rows=101 width=125)
	  Recheck Cond: ((k >= 3618693) AND (k <= 3618793))
	  ->  Bitmap Index Scan on k_4  (cost=0.00..5.44 rows=101 width=0)
	        Index Cond: ((k >= 3618693) AND (k <= 3618793))

table 5 : explain SELECT k, c FROM sbtest5 WHERE k BETWEEN 3618693 AND 3618793
	Bitmap Heap Scan on sbtest5  (cost=5.50..417.35 rows=104 width=125)
	  Recheck Cond: ((k >= 3618693) AND (k <= 3618793))
	  ->  Bitmap Index Scan on k_5  (cost=0.00..5.47 rows=104 width=0)
	        Index Cond: ((k >= 3618693) AND (k <= 3618793))

table 6 : explain SELECT k, c FROM sbtest6 WHERE k BETWEEN 3618693 AND 3618793
	Bitmap Heap Scan on sbtest6  (cost=5.43..389.79 rows=97 width=125)
	  Recheck Cond: ((k >= 3618693) AND (k <= 3618793))
	  ->  Bitmap Index Scan on k_6  (cost=0.00..5.40 rows=97 width=0)
	        Index Cond: ((k >= 3618693) AND (k <= 3618793))

table 7 : explain SELECT k, c FROM sbtest7 WHERE k BETWEEN 3618693 AND 3618793
	Bitmap Heap Scan on sbtest7  (cost=5.51..421.50 rows=105 width=125)
	  Recheck Cond: ((k >= 3618693) AND (k <= 3618793))
	  ->  Bitmap Index Scan on k_7  (cost=0.00..5.48 rows=105 width=0)
	        Index Cond: ((k >= 3618693) AND (k <= 3618793))

table 8 : explain SELECT k, c FROM sbtest8 WHERE k BETWEEN 3618693 AND 3618793
	Bitmap Heap Scan on sbtest8  (cost=5.42..385.78 rows=96 width=125)
	  Recheck Cond: ((k >= 3618693) AND (k <= 3618793))
	  ->  Bitmap Index Scan on k_8  (cost=0.00..5.39 rows=96 width=0)
	        Index Cond: ((k >= 3618693) AND (k <= 3618793))

explain: for range-notcovered :: explain SELECT k, c FROM sbtest%d WHERE k BETWEEN 7558343 AND 7558443
for range-notcovered
table 1 : explain SELECT k, c FROM sbtest1 WHERE k BETWEEN 1805649 AND 1805749
	Bitmap Heap Scan on sbtest1  (cost=5.50..417.38 rows=104 width=125)
	  Recheck Cond: ((k >= 1805649) AND (k <= 1805749))
	  ->  Bitmap Index Scan on k_1  (cost=0.00..5.47 rows=104 width=0)
	        Index Cond: ((k >= 1805649) AND (k <= 1805749))

table 2 : explain SELECT k, c FROM sbtest2 WHERE k BETWEEN 1805649 AND 1805749
	Bitmap Heap Scan on sbtest2  (cost=5.41..381.84 rows=95 width=125)
	  Recheck Cond: ((k >= 1805649) AND (k <= 1805749))
	  ->  Bitmap Index Scan on k_2  (cost=0.00..5.38 rows=95 width=0)
	        Index Cond: ((k >= 1805649) AND (k <= 1805749))

table 3 : explain SELECT k, c FROM sbtest3 WHERE k BETWEEN 1805649 AND 1805749
	Bitmap Heap Scan on sbtest3  (cost=5.45..397.81 rows=99 width=125)
	  Recheck Cond: ((k >= 1805649) AND (k <= 1805749))
	  ->  Bitmap Index Scan on k_3  (cost=0.00..5.42 rows=99 width=0)
	        Index Cond: ((k >= 1805649) AND (k <= 1805749))

table 4 : explain SELECT k, c FROM sbtest4 WHERE k BETWEEN 1805649 AND 1805749
	Bitmap Heap Scan on sbtest4  (cost=5.51..421.45 rows=105 width=125)
	  Recheck Cond: ((k >= 1805649) AND (k <= 1805749))
	  ->  Bitmap Index Scan on k_4  (cost=0.00..5.48 rows=105 width=0)
	        Index Cond: ((k >= 1805649) AND (k <= 1805749))

table 5 : explain SELECT k, c FROM sbtest5 WHERE k BETWEEN 1805649 AND 1805749
	Bitmap Heap Scan on sbtest5  (cost=5.51..421.30 rows=105 width=125)
	  Recheck Cond: ((k >= 1805649) AND (k <= 1805749))
	  ->  Bitmap Index Scan on k_5  (cost=0.00..5.48 rows=105 width=0)
	        Index Cond: ((k >= 1805649) AND (k <= 1805749))

table 6 : explain SELECT k, c FROM sbtest6 WHERE k BETWEEN 1805649 AND 1805749
	Bitmap Heap Scan on sbtest6  (cost=5.50..417.41 rows=104 width=125)
	  Recheck Cond: ((k >= 1805649) AND (k <= 1805749))
	  ->  Bitmap Index Scan on k_6  (cost=0.00..5.47 rows=104 width=0)
	        Index Cond: ((k >= 1805649) AND (k <= 1805749))

table 7 : explain SELECT k, c FROM sbtest7 WHERE k BETWEEN 1805649 AND 1805749
	Bitmap Heap Scan on sbtest7  (cost=5.46..401.77 rows=100 width=125)
	  Recheck Cond: ((k >= 1805649) AND (k <= 1805749))
	  ->  Bitmap Index Scan on k_7  (cost=0.00..5.43 rows=100 width=0)
	        Index Cond: ((k >= 1805649) AND (k <= 1805749))

table 8 : explain SELECT k, c FROM sbtest8 WHERE k BETWEEN 1805649 AND 1805749
	Bitmap Heap Scan on sbtest8  (cost=5.42..385.78 rows=96 width=125)
	  Recheck Cond: ((k >= 1805649) AND (k <= 1805749))
	  ->  Bitmap Index Scan on k_8  (cost=0.00..5.39 rows=96 width=0)
	        Index Cond: ((k >= 1805649) AND (k <= 1805749))
explain: for range-notcovered :: explain SELECT k, c FROM sbtest%d WHERE k BETWEEN 3618693 AND 3618793explain: for range-notcovered :: explain SELECT k, c FROM sbtest%d WHERE k BETWEEN 4122321 AND 4122421explain: for range-notcovered :: explain SELECT k, c FROM sbtest%d WHERE k BETWEEN 4271217 AND 4271317


for range-notcovered
table 1 : explain SELECT k, c FROM sbtest1 WHERE k BETWEEN 2108221 AND 2108321
	Bitmap Heap Scan on sbtest1  (cost=5.45..397.66 rows=99 width=125)
	  Recheck Cond: ((k >= 2108221) AND (k <= 2108321))
	  ->  Bitmap Index Scan on k_1  (cost=0.00..5.42 rows=99 width=0)
	        Index Cond: ((k >= 2108221) AND (k <= 2108321))

table 2 : explain SELECT k, c FROM sbtest2 WHERE k BETWEEN 2108221 AND 2108321
	Bitmap Heap Scan on sbtest2  (cost=5.42..385.78 rows=96 width=125)
	  Recheck Cond: ((k >= 2108221) AND (k <= 2108321))
	  ->  Bitmap Index Scan on k_2  (cost=0.00..5.39 rows=96 width=0)
	        Index Cond: ((k >= 2108221) AND (k <= 2108321))

table 3 : explain SELECT k, c FROM sbtest3 WHERE k BETWEEN 2108221 AND 2108321
	Bitmap Heap Scan on sbtest3  (cost=5.51..421.49 rows=105 width=125)
	  Recheck Cond: ((k >= 2108221) AND (k <= 2108321))
	  ->  Bitmap Index Scan on k_3  (cost=0.00..5.48 rows=105 width=0)
	        Index Cond: ((k >= 2108221) AND (k <= 2108321))

table 4 : explain SELECT k, c FROM sbtest4 WHERE k BETWEEN 2108221 AND 2108321
	Bitmap Heap Scan on sbtest4  (cost=5.42..385.93 rows=96 width=125)
	  Recheck Cond: ((k >= 2108221) AND (k <= 2108321))
	  ->  Bitmap Index Scan on k_4  (cost=0.00..5.39 rows=96 width=0)
	        Index Cond: ((k >= 2108221) AND (k <= 2108321))

table 5 : explain SELECT k, c FROM sbtest5 WHERE k BETWEEN 2108221 AND 2108321
	Bitmap Heap Scan on sbtest5  (cost=5.49..413.41 rows=103 width=125)
	  Recheck Cond: ((k >= 2108221) AND (k <= 2108321))
	  ->  Bitmap Index Scan on k_5  (cost=0.00..5.46 rows=103 width=0)
	        Index Cond: ((k >= 2108221) AND (k <= 2108321))

table 6 : explain SELECT k, c FROM sbtest6 WHERE k BETWEEN 2108221 AND 2108321
	Bitmap Heap Scan on sbtest6  (cost=5.59..452.88 rows=113 width=125)
	  Recheck Cond: ((k >= 2108221) AND (k <= 2108321))
	  ->  Bitmap Index Scan on k_6  (cost=0.00..5.56 rows=113 width=0)
	        Index Cond: ((k >= 2108221) AND (k <= 2108321))

table 7 : explain SELECT k, c FROM sbtest7 WHERE k BETWEEN 2108221 AND 2108321
	Bitmap Heap Scan on sbtest7  (cost=5.38..370.18 rows=92 width=125)
	  Recheck Cond: ((k >= 2108221) AND (k <= 2108321))
	  ->  Bitmap Index Scan on k_7  (cost=0.00..5.35 rows=92 width=0)
	        Index Cond: ((k >= 2108221) AND (k <= 2108321))

table 8 : explain SELECT k, c FROM sbtest8 WHERE k BETWEEN 2108221 AND 2108321
	Bitmap Heap Scan on sbtest8  (cost=5.43..389.72 rows=97 width=125)
	  Recheck Cond: ((k >= 2108221) AND (k <= 2108321))
	  ->  Bitmap Index Scan on k_8  (cost=0.00..5.40 rows=97 width=0)
	        Index Cond: ((k >= 2108221) AND (k <= 2108321))


for range-notcovered
table 1 : explain SELECT k, c FROM sbtest1 WHERE k BETWEEN 4982726 AND 4982826
	Bitmap Heap Scan on sbtest1  (cost=5.55..437.09 rows=109 width=125)
	  Recheck Cond: ((k >= 4982726) AND (k <= 4982826))
	  ->  Bitmap Index Scan on k_1  (cost=0.00..5.52 rows=109 width=0)
	        Index Cond: ((k >= 4982726) AND (k <= 4982826))

table 2 : explain SELECT k, c FROM sbtest2 WHERE k BETWEEN 4982726 AND 4982826
	Bitmap Heap Scan on sbtest2  (cost=5.46..401.56 rows=100 width=125)
	  Recheck Cond: ((k >= 4982726) AND (k <= 4982826))
	  ->  Bitmap Index Scan on k_2  (cost=0.00..5.43 rows=100 width=0)
	        Index Cond: ((k >= 4982726) AND (k <= 4982826))

table 3 : explain SELECT k, c FROM sbtest3 WHERE k BETWEEN 4982726 AND 4982826
	Bitmap Heap Scan on sbtest3  (cost=5.38..370.17 rows=92 width=125)
	  Recheck Cond: ((k >= 4982726) AND (k <= 4982826))
	  ->  Bitmap Index Scan on k_3  (cost=0.00..5.35 rows=92 width=0)
	        Index Cond: ((k >= 4982726) AND (k <= 4982826))

table 4 : explain SELECT k, c FROM sbtest4 WHERE k BETWEEN 4982726 AND 4982826
	Bitmap Heap Scan on sbtest4  (cost=5.54..433.28 rows=108 width=125)
	  Recheck Cond: ((k >= 4982726) AND (k <= 4982826))
	  ->  Bitmap Index Scan on k_4  (cost=0.00..5.51 rows=108 width=0)
	        Index Cond: ((k >= 4982726) AND (k <= 4982826))

table 5 : explain SELECT k, c FROM sbtest5 WHERE k BETWEEN 4982726 AND 4982826
	Bitmap Heap Scan on sbtest5  (cost=5.45..397.63 rows=99 width=125)
	  Recheck Cond: ((k >= 4982726) AND (k <= 4982826))
	  ->  Bitmap Index Scan on k_5  (cost=0.00..5.42 rows=99 width=0)
	        Index Cond: ((k >= 4982726) AND (k <= 4982826))

table 6 : explain SELECT k, c FROM sbtest6 WHERE k BETWEEN 4982726 AND 4982826
	Bitmap Heap Scan on sbtest6  (cost=5.48..409.52 rows=102 width=125)
	  Recheck Cond: ((k >= 4982726) AND (k <= 4982826))
	  ->  Bitmap Index Scan on k_6  (cost=0.00..5.45 rows=102 width=0)
	        Index Cond: ((k >= 4982726) AND (k <= 4982826))

table 7 : explain SELECT k, c FROM sbtest7 WHERE k BETWEEN 4982726 AND 4982826
	Bitmap Heap Scan on sbtest7  (cost=5.49..413.61 rows=103 width=125)
	  Recheck Cond: ((k >= 4982726) AND (k <= 4982826))
	  ->  Bitmap Index Scan on k_7  (cost=0.00..5.46 rows=103 width=0)
	        Index Cond: ((k >= 4982726) AND (k <= 4982826))

table 8 : explain SELECT k, c FROM sbtest8 WHERE k BETWEEN 4982726 AND 4982826
	Bitmap Heap Scan on sbtest8  (cost=5.62..464.62 rows=116 width=125)
	  Recheck Cond: ((k >= 4982726) AND (k <= 4982826))
	  ->  Bitmap Index Scan on k_8  (cost=0.00..5.59 rows=116 width=0)
	        Index Cond: ((k >= 4982726) AND (k <= 4982826))

explain: for range-notcovered :: explain SELECT k, c FROM sbtest%d WHERE k BETWEEN 2108221 AND 2108321
explain: for range-notcovered :: explain SELECT k, c FROM sbtest%d WHERE k BETWEEN 4982726 AND 4982826
for range-notcovered
table 1 : explain SELECT k, c FROM sbtest1 WHERE k BETWEEN 3288888 AND 3288988
	Bitmap Heap Scan on sbtest1  (cost=5.57..444.97 rows=111 width=125)
	  Recheck Cond: ((k >= 3288888) AND (k <= 3288988))
	  ->  Bitmap Index Scan on k_1  (cost=0.00..5.54 rows=111 width=0)
	        Index Cond: ((k >= 3288888) AND (k <= 3288988))

table 2 : explain SELECT k, c FROM sbtest2 WHERE k BETWEEN 3288888 AND 3288988
	Bitmap Heap Scan on sbtest2  (cost=5.49..413.39 rows=103 width=125)
	  Recheck Cond: ((k >= 3288888) AND (k <= 3288988))
	  ->  Bitmap Index Scan on k_2  (cost=0.00..5.46 rows=103 width=0)
	        Index Cond: ((k >= 3288888) AND (k <= 3288988))

table 3 : explain SELECT k, c FROM sbtest3 WHERE k BETWEEN 3288888 AND 3288988
	Bitmap Heap Scan on sbtest3  (cost=5.50..417.54 rows=104 width=125)
	  Recheck Cond: ((k >= 3288888) AND (k <= 3288988))
	  ->  Bitmap Index Scan on k_3  (cost=0.00..5.47 rows=104 width=0)
	        Index Cond: ((k >= 3288888) AND (k <= 3288988))

table 4 : explain SELECT k, c FROM sbtest4 WHERE k BETWEEN 3288888 AND 3288988
	Bitmap Heap Scan on sbtest4  (cost=5.39..374.08 rows=93 width=125)
	  Recheck Cond: ((k >= 3288888) AND (k <= 3288988))
	  ->  Bitmap Index Scan on k_4  (cost=0.00..5.36 rows=93 width=0)
	        Index Cond: ((k >= 3288888) AND (k <= 3288988))

table 5 : explain SELECT k, c FROM sbtest5 WHERE k BETWEEN 3288888 AND 3288988
	Bitmap Heap Scan on sbtest5  (cost=5.47..405.52 rows=101 width=125)
	  Recheck Cond: ((k >= 3288888) AND (k <= 3288988))
	  ->  Bitmap Index Scan on k_5  (cost=0.00..5.44 rows=101 width=0)
	        Index Cond: ((k >= 3288888) AND (k <= 3288988))

table 6 : explain SELECT k, c FROM sbtest6 WHERE k BETWEEN 3288888 AND 3288988
	Bitmap Heap Scan on sbtest6  (cost=5.50..417.41 rows=104 width=125)
	  Recheck Cond: ((k >= 3288888) AND (k <= 3288988))
	  ->  Bitmap Index Scan on k_6  (cost=0.00..5.47 rows=104 width=0)
	        Index Cond: ((k >= 3288888) AND (k <= 3288988))

table 7 : explain SELECT k, c FROM sbtest7 WHERE k BETWEEN 3288888 AND 3288988
	Bitmap Heap Scan on sbtest7  (cost=5.46..401.77 rows=100 width=125)
	  Recheck Cond: ((k >= 3288888) AND (k <= 3288988))
	  ->  Bitmap Index Scan on k_7  (cost=0.00..5.43 rows=100 width=0)
	        Index Cond: ((k >= 3288888) AND (k <= 3288988))

table 8 : explain SELECT k, c FROM sbtest8 WHERE k BETWEEN 3288888 AND 3288988
	Bitmap Heap Scan on sbtest8  (cost=5.44..393.67 rows=98 width=125)
	  Recheck Cond: ((k >= 3288888) AND (k <= 3288988))
	  ->  Bitmap Index Scan on k_8  (cost=0.00..5.42 rows=98 width=0)
	        Index Cond: ((k >= 3288888) AND (k <= 3288988))

for range-notcovered
table 1 : explain SELECT k, c FROM sbtest1 WHERE k BETWEEN 4108565 AND 4108665
	Bitmap Heap Scan on sbtest1  (cost=5.43..389.77 rows=97 width=125)
	  Recheck Cond: ((k >= 4108565) AND (k <= 4108665))
	  ->  Bitmap Index Scan on k_1  (cost=0.00..5.40 rows=97 width=0)
	        Index Cond: ((k >= 4108565) AND (k <= 4108665))

table 2 : explain SELECT k, c FROM sbtest2 WHERE k BETWEEN 4108565 AND 4108665
	Bitmap Heap Scan on sbtest2  (cost=5.52..425.22 rows=106 width=125)
	  Recheck Cond: ((k >= 4108565) AND (k <= 4108665))
	  ->  Bitmap Index Scan on k_2  (cost=0.00..5.50 rows=106 width=0)
	        Index Cond: ((k >= 4108565) AND (k <= 4108665))

table 3 : explain SELECT k, c FROM sbtest3 WHERE k BETWEEN 4108565 AND 4108665
	Bitmap Heap Scan on sbtest3  (cost=5.48..409.65 rows=102 width=125)
	  Recheck Cond: ((k >= 4108565) AND (k <= 4108665))
	  ->  Bitmap Index Scan on k_3  (cost=0.00..5.45 rows=102 width=0)
	        Index Cond: ((k >= 4108565) AND (k <= 4108665))

table 4 : explain SELECT k, c FROM sbtest4 WHERE k BETWEEN 4108565 AND 4108665
	Bitmap Heap Scan on sbtest4  (cost=5.55..437.23 rows=109 width=125)
	  Recheck Cond: ((k >= 4108565) AND (k <= 4108665))
	  ->  Bitmap Index Scan on k_4  (cost=0.00..5.52 rows=109 width=0)
	        Index Cond: ((k >= 4108565) AND (k <= 4108665))

table 5 : explain SELECT k, c FROM sbtest5 WHERE k BETWEEN 4108565 AND 4108665
	Bitmap Heap Scan on sbtest5  (cost=5.39..373.96 rows=93 width=125)
	  Recheck Cond: ((k >= 4108565) AND (k <= 4108665))
	  ->  Bitmap Index Scan on k_5  (cost=0.00..5.36 rows=93 width=0)
	        Index Cond: ((k >= 4108565) AND (k <= 4108665))

table 6 : explain SELECT k, c FROM sbtest6 WHERE k BETWEEN 4108565 AND 4108665
	Bitmap Heap Scan on sbtest6  (cost=5.51..421.35 rows=105 width=125)
	  Recheck Cond: ((k >= 4108565) AND (k <= 4108665))
	  ->  Bitmap Index Scan on k_6  (cost=0.00..5.48 rows=105 width=0)
	        Index Cond: ((k >= 4108565) AND (k <= 4108665))

table 7 : explain SELECT k, c FROM sbtest7 WHERE k BETWEEN 4108565 AND 4108665
	Bitmap Heap Scan on sbtest7  (cost=5.54..433.34 rows=108 width=125)
	  Recheck Cond: ((k >= 4108565) AND (k <= 4108665))
	  ->  Bitmap Index Scan on k_7  (cost=0.00..5.51 rows=108 width=0)
	        Index Cond: ((k >= 4108565) AND (k <= 4108665))

table 8 : explain SELECT k, c FROM sbtest8 WHERE k BETWEEN 4108565 AND 4108665
	Bitmap Heap Scan on sbtest8  (cost=5.54..433.10 rows=108 width=125)
	  Recheck Cond: ((k >= 4108565) AND (k <= 4108665))
	  ->  Bitmap Index Scan on k_8  (cost=0.00..5.51 rows=108 width=0)
	        Index Cond: ((k >= 4108565) AND (k <= 4108665))

explain: for range-notcovered :: explain SELECT k, c FROM sbtest%d WHERE k BETWEEN 3288888 AND 3288988
explain: for range-notcovered :: explain SELECT k, c FROM sbtest%d WHERE k BETWEEN 4108565 AND 4108665
for range-notcovered
table 1 : explain SELECT k, c FROM sbtest1 WHERE k BETWEEN 5087132 AND 5087232
	Bitmap Heap Scan on sbtest1  (cost=5.42..385.82 rows=96 width=125)
	  Recheck Cond: ((k >= 5087132) AND (k <= 5087232))
	  ->  Bitmap Index Scan on k_1  (cost=0.00..5.39 rows=96 width=0)
	        Index Cond: ((k >= 5087132) AND (k <= 5087232))

table 2 : explain SELECT k, c FROM sbtest2 WHERE k BETWEEN 5087132 AND 5087232
	Bitmap Heap Scan on sbtest2  (cost=5.53..429.16 rows=107 width=125)
	  Recheck Cond: ((k >= 5087132) AND (k <= 5087232))
	  ->  Bitmap Index Scan on k_2  (cost=0.00..5.50 rows=107 width=0)
	        Index Cond: ((k >= 5087132) AND (k <= 5087232))

table 3 : explain SELECT k, c FROM sbtest3 WHERE k BETWEEN 5087132 AND 5087232
	Bitmap Heap Scan on sbtest3  (cost=5.43..389.92 rows=97 width=125)
	  Recheck Cond: ((k >= 5087132) AND (k <= 5087232))
	  ->  Bitmap Index Scan on k_3  (cost=0.00..5.40 rows=97 width=0)
	        Index Cond: ((k >= 5087132) AND (k <= 5087232))

table 4 : explain SELECT k, c FROM sbtest4 WHERE k BETWEEN 5087132 AND 5087232
	Bitmap Heap Scan on sbtest4  (cost=5.42..385.93 rows=96 width=125)
	  Recheck Cond: ((k >= 5087132) AND (k <= 5087232))
	  ->  Bitmap Index Scan on k_4  (cost=0.00..5.39 rows=96 width=0)
	        Index Cond: ((k >= 5087132) AND (k <= 5087232))

table 5 : explain SELECT k, c FROM sbtest5 WHERE k BETWEEN 5087132 AND 5087232
	Bitmap Heap Scan on sbtest5  (cost=5.49..413.41 rows=103 width=125)
	  Recheck Cond: ((k >= 5087132) AND (k <= 5087232))
	  ->  Bitmap Index Scan on k_5  (cost=0.00..5.46 rows=103 width=0)
	        Index Cond: ((k >= 5087132) AND (k <= 5087232))

table 6 : explain SELECT k, c FROM sbtest6 WHERE k BETWEEN 5087132 AND 5087232
	Bitmap Heap Scan on sbtest6  (cost=5.49..413.46 rows=103 width=125)
	  Recheck Cond: ((k >= 5087132) AND (k <= 5087232))
	  ->  Bitmap Index Scan on k_6  (cost=0.00..5.46 rows=103 width=0)
	        Index Cond: ((k >= 5087132) AND (k <= 5087232))

table 7 : explain SELECT k, c FROM sbtest7 WHERE k BETWEEN 5087132 AND 5087232
	Bitmap Heap Scan on sbtest7  (cost=5.55..437.28 rows=109 width=125)
	  Recheck Cond: ((k >= 5087132) AND (k <= 5087232))
	  ->  Bitmap Index Scan on k_7  (cost=0.00..5.52 rows=109 width=0)
	        Index Cond: ((k >= 5087132) AND (k <= 5087232))

table 8 : explain SELECT k, c FROM sbtest8 WHERE k BETWEEN 5087132 AND 5087232
	Bitmap Heap Scan on sbtest8  (cost=5.55..437.04 rows=109 width=125)
	  Recheck Cond: ((k >= 5087132) AND (k <= 5087232))
	  ->  Bitmap Index Scan on k_8  (cost=0.00..5.52 rows=109 width=0)
	        Index Cond: ((k >= 5087132) AND (k <= 5087232))

for range-notcovered
table 1 : explain SELECT k, c FROM sbtest1 WHERE k BETWEEN 3544069 AND 3544169
	Bitmap Heap Scan on sbtest1  (cost=5.53..429.21 rows=107 width=125)
	  Recheck Cond: ((k >= 3544069) AND (k <= 3544169))
	  ->  Bitmap Index Scan on k_1  (cost=0.00..5.50 rows=107 width=0)
	        Index Cond: ((k >= 3544069) AND (k <= 3544169))

table 2 : explain SELECT k, c FROM sbtest2 WHERE k BETWEEN 3544069 AND 3544169
	Bitmap Heap Scan on sbtest2  (cost=5.54..433.10 rows=108 width=125)
	  Recheck Cond: ((k >= 3544069) AND (k <= 3544169))
	  ->  Bitmap Index Scan on k_2  (cost=0.00..5.51 rows=108 width=0)
	        Index Cond: ((k >= 3544069) AND (k <= 3544169))

table 3 : explain SELECT k, c FROM sbtest3 WHERE k BETWEEN 3544069 AND 3544169
	Bitmap Heap Scan on sbtest3  (cost=5.46..401.76 rows=100 width=125)
	  Recheck Cond: ((k >= 3544069) AND (k <= 3544169))
	  ->  Bitmap Index Scan on k_3  (cost=0.00..5.43 rows=100 width=0)
	        Index Cond: ((k >= 3544069) AND (k <= 3544169))

table 4 : explain SELECT k, c FROM sbtest4 WHERE k BETWEEN 3544069 AND 3544169
	Bitmap Heap Scan on sbtest4  (cost=5.39..374.08 rows=93 width=125)
	  Recheck Cond: ((k >= 3544069) AND (k <= 3544169))
	  ->  Bitmap Index Scan on k_4  (cost=0.00..5.36 rows=93 width=0)
	        Index Cond: ((k >= 3544069) AND (k <= 3544169))

table 5 : explain SELECT k, c FROM sbtest5 WHERE k BETWEEN 3544069 AND 3544169
	Bitmap Heap Scan on sbtest5  (cost=5.47..405.52 rows=101 width=125)
	  Recheck Cond: ((k >= 3544069) AND (k <= 3544169))
	  ->  Bitmap Index Scan on k_5  (cost=0.00..5.44 rows=101 width=0)
	        Index Cond: ((k >= 3544069) AND (k <= 3544169))

table 6 : explain SELECT k, c FROM sbtest6 WHERE k BETWEEN 3544069 AND 3544169
	Bitmap Heap Scan on sbtest6  (cost=5.48..409.52 rows=102 width=125)
	  Recheck Cond: ((k >= 3544069) AND (k <= 3544169))
	  ->  Bitmap Index Scan on k_6  (cost=0.00..5.45 rows=102 width=0)
	        Index Cond: ((k >= 3544069) AND (k <= 3544169))

table 7 : explain SELECT k, c FROM sbtest7 WHERE k BETWEEN 3544069 AND 3544169
	Bitmap Heap Scan on sbtest7  (cost=5.60..457.00 rows=114 width=125)
	  Recheck Cond: ((k >= 3544069) AND (k <= 3544169))
	  ->  Bitmap Index Scan on k_7  (cost=0.00..5.58 rows=114 width=0)
	        Index Cond: ((k >= 3544069) AND (k <= 3544169))

table 8 : explain SELECT k, c FROM sbtest8 WHERE k BETWEEN 3544069 AND 3544169
	Bitmap Heap Scan on sbtest8  (cost=5.42..385.78 rows=96 width=125)
	  Recheck Cond: ((k >= 3544069) AND (k <= 3544169))
	  ->  Bitmap Index Scan on k_8  (cost=0.00..5.39 rows=96 width=0)
	        Index Cond: ((k >= 3544069) AND (k <= 3544169))

for range-notcovered
table 1 : explain SELECT k, c FROM sbtest1 WHERE k BETWEEN 4791258 AND 4791358
	Bitmap Heap Scan on sbtest1  (cost=5.57..444.97 rows=111 width=125)
	  Recheck Cond: ((k >= 4791258) AND (k <= 4791358))
	  ->  Bitmap Index Scan on k_1  (cost=0.00..5.54 rows=111 width=0)
	        Index Cond: ((k >= 4791258) AND (k <= 4791358))

table 2 : explain SELECT k, c FROM sbtest2 WHERE k BETWEEN 4791258 AND 4791358
	Bitmap Heap Scan on sbtest2  (cost=5.46..401.56 rows=100 width=125)
	  Recheck Cond: ((k >= 4791258) AND (k <= 4791358))
	  ->  Bitmap Index Scan on k_2  (cost=0.00..5.43 rows=100 width=0)
	        Index Cond: ((k >= 4791258) AND (k <= 4791358))

table 3 : explain SELECT k, c FROM sbtest3 WHERE k BETWEEN 4791258 AND 4791358
	Bitmap Heap Scan on sbtest3  (cost=5.51..421.49 rows=105 width=125)
	  Recheck Cond: ((k >= 4791258) AND (k <= 4791358))
	  ->  Bitmap Index Scan on k_3  (cost=0.00..5.48 rows=105 width=0)
	        Index Cond: ((k >= 4791258) AND (k <= 4791358))

table 4 : explain SELECT k, c FROM sbtest4 WHERE k BETWEEN 4791258 AND 4791358
	Bitmap Heap Scan on sbtest4  (cost=5.48..409.61 rows=102 width=125)
	  Recheck Cond: ((k >= 4791258) AND (k <= 4791358))
	  ->  Bitmap Index Scan on k_4  (cost=0.00..5.45 rows=102 width=0)
	        Index Cond: ((k >= 4791258) AND (k <= 4791358))

table 5 : explain SELECT k, c FROM sbtest5 WHERE k BETWEEN 4791258 AND 4791358
	Bitmap Heap Scan on sbtest5  (cost=5.43..389.74 rows=97 width=125)
	  Recheck Cond: ((k >= 4791258) AND (k <= 4791358))
	  ->  Bitmap Index Scan on k_5  (cost=0.00..5.40 rows=97 width=0)
	        Index Cond: ((k >= 4791258) AND (k <= 4791358))

table 6 : explain SELECT k, c FROM sbtest6 WHERE k BETWEEN 4791258 AND 4791358
	Bitmap Heap Scan on sbtest6  (cost=5.62..464.70 rows=116 width=125)
	  Recheck Cond: ((k >= 4791258) AND (k <= 4791358))
	  ->  Bitmap Index Scan on k_6  (cost=0.00..5.59 rows=116 width=0)
	        Index Cond: ((k >= 4791258) AND (k <= 4791358))

table 7 : explain SELECT k, c FROM sbtest7 WHERE k BETWEEN 4791258 AND 4791358
	Bitmap Heap Scan on sbtest7  (cost=5.56..441.23 rows=110 width=125)
	  Recheck Cond: ((k >= 4791258) AND (k <= 4791358))
	  ->  Bitmap Index Scan on k_7  (cost=0.00..5.53 rows=110 width=0)
	        Index Cond: ((k >= 4791258) AND (k <= 4791358))

table 8 : explain SELECT k, c FROM sbtest8 WHERE k BETWEEN 4791258 AND 4791358
	Bitmap Heap Scan on sbtest8  (cost=5.46..401.56 rows=100 width=125)
	  Recheck Cond: ((k >= 4791258) AND (k <= 4791358))
	  ->  Bitmap Index Scan on k_8  (cost=0.00..5.43 rows=100 width=0)
	        Index Cond: ((k >= 4791258) AND (k <= 4791358))

explain: for range-notcovered :: explain SELECT k, c FROM sbtest%d WHERE k BETWEEN 4791258 AND 4791358
for range-notcovered
table 1 : explain SELECT k, c FROM sbtest1 WHERE k BETWEEN 3618693 AND 3618793
	Bitmap Heap Scan on sbtest1  (cost=5.45..397.66 rows=99 width=125)
	  Recheck Cond: ((k >= 3618693) AND (k <= 3618793))
	  ->  Bitmap Index Scan on k_1  (cost=0.00..5.42 rows=99 width=0)
	        Index Cond: ((k >= 3618693) AND (k <= 3618793))

table 2 : explain SELECT k, c FROM sbtest2 WHERE k BETWEEN 3618693 AND 3618793
	Bitmap Heap Scan on sbtest2  (cost=5.42..385.78 rows=96 width=125)
	  Recheck Cond: ((k >= 3618693) AND (k <= 3618793))
	  ->  Bitmap Index Scan on k_2  (cost=0.00..5.39 rows=96 width=0)
	        Index Cond: ((k >= 3618693) AND (k <= 3618793))

table 3 : explain SELECT k, c FROM sbtest3 WHERE k BETWEEN 3618693 AND 3618793
	Bitmap Heap Scan on sbtest3  (cost=5.51..421.49 rows=105 width=125)
	  Recheck Cond: ((k >= 3618693) AND (k <= 3618793))
	  ->  Bitmap Index Scan on k_3  (cost=0.00..5.48 rows=105 width=0)
	        Index Cond: ((k >= 3618693) AND (k <= 3618793))

table 4 : explain SELECT k, c FROM sbtest4 WHERE k BETWEEN 3618693 AND 3618793
	Bitmap Heap Scan on sbtest4  (cost=5.47..405.67 rows=101 width=125)
	  Recheck Cond: ((k >= 3618693) AND (k <= 3618793))
	  ->  Bitmap Index Scan on k_4  (cost=0.00..5.44 rows=101 width=0)
	        Index Cond: ((k >= 3618693) AND (k <= 3618793))

table 5 : explain SELECT k, c FROM sbtest5 WHERE k BETWEEN 3618693 AND 3618793
	Bitmap Heap Scan on sbtest5  (cost=5.50..417.35 rows=104 width=125)
	  Recheck Cond: ((k >= 3618693) AND (k <= 3618793))
	  ->  Bitmap Index Scan on k_5  (cost=0.00..5.47 rows=104 width=0)
	        Index Cond: ((k >= 3618693) AND (k <= 3618793))

table 6 : explain SELECT k, c FROM sbtest6 WHERE k BETWEEN 3618693 AND 3618793
	Bitmap Heap Scan on sbtest6  (cost=5.43..389.79 rows=97 width=125)
	  Recheck Cond: ((k >= 3618693) AND (k <= 3618793))
	  ->  Bitmap Index Scan on k_6  (cost=0.00..5.40 rows=97 width=0)
	        Index Cond: ((k >= 3618693) AND (k <= 3618793))

table 7 : explain SELECT k, c FROM sbtest7 WHERE k BETWEEN 3618693 AND 3618793
	Bitmap Heap Scan on sbtest7  (cost=5.51..421.50 rows=105 width=125)
	  Recheck Cond: ((k >= 3618693) AND (k <= 3618793))
	  ->  Bitmap Index Scan on k_7  (cost=0.00..5.48 rows=105 width=0)
	        Index Cond: ((k >= 3618693) AND (k <= 3618793))

table 8 : explain SELECT k, c FROM sbtest8 WHERE k BETWEEN 3618693 AND 3618793
	Bitmap Heap Scan on sbtest8  (cost=5.42..385.78 rows=96 width=125)
	  Recheck Cond: ((k >= 3618693) AND (k <= 3618793))
	  ->  Bitmap Index Scan on k_8  (cost=0.00..5.39 rows=96 width=0)
	        Index Cond: ((k >= 3618693) AND (k <= 3618793))

for range-notcovered
table 1 : explain SELECT k, c FROM sbtest1 WHERE k BETWEEN 4271217 AND 4271317
	Bitmap Heap Scan on sbtest1  (cost=5.45..397.66 rows=99 width=125)
	  Recheck Cond: ((k >= 4271217) AND (k <= 4271317))
	  ->  Bitmap Index Scan on k_1  (cost=0.00..5.42 rows=99 width=0)
	        Index Cond: ((k >= 4271217) AND (k <= 4271317))

table 2 : explain SELECT k, c FROM sbtest2 WHERE k BETWEEN 4271217 AND 4271317
	Bitmap Heap Scan on sbtest2  (cost=5.45..397.62 rows=99 width=125)
	  Recheck Cond: ((k >= 4271217) AND (k <= 4271317))
	  ->  Bitmap Index Scan on k_2  (cost=0.00..5.42 rows=99 width=0)
	        Index Cond: ((k >= 4271217) AND (k <= 4271317))

table 3 : explain SELECT k, c FROM sbtest3 WHERE k BETWEEN 4271217 AND 4271317
	Bitmap Heap Scan on sbtest3  (cost=5.37..366.22 rows=91 width=125)
	  Recheck Cond: ((k >= 4271217) AND (k <= 4271317))
	  ->  Bitmap Index Scan on k_3  (cost=0.00..5.34 rows=91 width=0)
	        Index Cond: ((k >= 4271217) AND (k <= 4271317))

table 4 : explain SELECT k, c FROM sbtest4 WHERE k BETWEEN 4271217 AND 4271317
	Bitmap Heap Scan on sbtest4  (cost=5.47..405.67 rows=101 width=125)
	  Recheck Cond: ((k >= 4271217) AND (k <= 4271317))
	  ->  Bitmap Index Scan on k_4  (cost=0.00..5.44 rows=101 width=0)
	        Index Cond: ((k >= 4271217) AND (k <= 4271317))

table 5 : explain SELECT k, c FROM sbtest5 WHERE k BETWEEN 4271217 AND 4271317
	Bitmap Heap Scan on sbtest5  (cost=5.50..417.35 rows=104 width=125)
	  Recheck Cond: ((k >= 4271217) AND (k <= 4271317))
	  ->  Bitmap Index Scan on k_5  (cost=0.00..5.47 rows=104 width=0)
	        Index Cond: ((k >= 4271217) AND (k <= 4271317))

table 6 : explain SELECT k, c FROM sbtest6 WHERE k BETWEEN 4271217 AND 4271317
	Bitmap Heap Scan on sbtest6  (cost=5.52..425.29 rows=106 width=125)
	  Recheck Cond: ((k >= 4271217) AND (k <= 4271317))
	  ->  Bitmap Index Scan on k_6  (cost=0.00..5.50 rows=106 width=0)
	        Index Cond: ((k >= 4271217) AND (k <= 4271317))

table 7 : explain SELECT k, c FROM sbtest7 WHERE k BETWEEN 4271217 AND 4271317
	Bitmap Heap Scan on sbtest7  (cost=5.46..401.77 rows=100 width=125)
	  Recheck Cond: ((k >= 4271217) AND (k <= 4271317))
	  ->  Bitmap Index Scan on k_7  (cost=0.00..5.43 rows=100 width=0)
	        Index Cond: ((k >= 4271217) AND (k <= 4271317))

table 8 : explain SELECT k, c FROM sbtest8 WHERE k BETWEEN 4271217 AND 4271317
	Bitmap Heap Scan on sbtest8  (cost=5.49..413.39 rows=103 width=125)
	  Recheck Cond: ((k >= 4271217) AND (k <= 4271317))
	  ->  Bitmap Index Scan on k_8  (cost=0.00..5.46 rows=103 width=0)
	        Index Cond: ((k >= 4271217) AND (k <= 4271317))

for range-notcovered
table 1 : explain SELECT k, c FROM sbtest1 WHERE k BETWEEN 7558343 AND 7558443
	Bitmap Heap Scan on sbtest1  (cost=5.47..405.55 rows=101 width=125)
	  Recheck Cond: ((k >= 7558343) AND (k <= 7558443))
	  ->  Bitmap Index Scan on k_1  (cost=0.00..5.44 rows=101 width=0)
	        Index Cond: ((k >= 7558343) AND (k <= 7558443))

table 2 : explain SELECT k, c FROM sbtest2 WHERE k BETWEEN 7558343 AND 7558443
	Bitmap Heap Scan on sbtest2  (cost=5.47..405.51 rows=101 width=125)
	  Recheck Cond: ((k >= 7558343) AND (k <= 7558443))
	  ->  Bitmap Index Scan on k_2  (cost=0.00..5.44 rows=101 width=0)
	        Index Cond: ((k >= 7558343) AND (k <= 7558443))

table 3 : explain SELECT k, c FROM sbtest3 WHERE k BETWEEN 7558343 AND 7558443
	Bitmap Heap Scan on sbtest3  (cost=5.54..433.32 rows=108 width=125)
	  Recheck Cond: ((k >= 7558343) AND (k <= 7558443))
	  ->  Bitmap Index Scan on k_3  (cost=0.00..5.51 rows=108 width=0)
	        Index Cond: ((k >= 7558343) AND (k <= 7558443))

table 4 : explain SELECT k, c FROM sbtest4 WHERE k BETWEEN 7558343 AND 7558443
	Bitmap Heap Scan on sbtest4  (cost=5.44..393.83 rows=98 width=125)
	  Recheck Cond: ((k >= 7558343) AND (k <= 7558443))
	  ->  Bitmap Index Scan on k_4  (cost=0.00..5.42 rows=98 width=0)
	        Index Cond: ((k >= 7558343) AND (k <= 7558443))

table 5 : explain SELECT k, c FROM sbtest5 WHERE k BETWEEN 7558343 AND 7558443
	Bitmap Heap Scan on sbtest5  (cost=5.55..437.06 rows=109 width=125)
	  Recheck Cond: ((k >= 7558343) AND (k <= 7558443))
	  ->  Bitmap Index Scan on k_5  (cost=0.00..5.52 rows=109 width=0)
	        Index Cond: ((k >= 7558343) AND (k <= 7558443))

table 6 : explain SELECT k, c FROM sbtest6 WHERE k BETWEEN 7558343 AND 7558443
	Bitmap Heap Scan on sbtest6  (cost=5.55..437.12 rows=109 width=125)
	  Recheck Cond: ((k >= 7558343) AND (k <= 7558443))
	  ->  Bitmap Index Scan on k_6  (cost=0.00..5.52 rows=109 width=0)
	        Index Cond: ((k >= 7558343) AND (k <= 7558443))

table 7 : explain SELECT k, c FROM sbtest7 WHERE k BETWEEN 7558343 AND 7558443
	Bitmap Heap Scan on sbtest7  (cost=5.41..382.03 rows=95 width=125)
	  Recheck Cond: ((k >= 7558343) AND (k <= 7558443))
	  ->  Bitmap Index Scan on k_7  (cost=0.00..5.38 rows=95 width=0)
	        Index Cond: ((k >= 7558343) AND (k <= 7558443))

table 8 : explain SELECT k, c FROM sbtest8 WHERE k BETWEEN 7558343 AND 7558443
	Bitmap Heap Scan on sbtest8  (cost=5.49..413.39 rows=103 width=125)
	  Recheck Cond: ((k >= 7558343) AND (k <= 7558443))
	  ->  Bitmap Index Scan on k_8  (cost=0.00..5.46 rows=103 width=0)
	        Index Cond: ((k >= 7558343) AND (k <= 7558443))

for range-notcovered
table 1 : explain SELECT k, c FROM sbtest1 WHERE k BETWEEN 4122321 AND 4122421
	Bitmap Heap Scan on sbtest1  (cost=5.43..389.77 rows=97 width=125)
	  Recheck Cond: ((k >= 4122321) AND (k <= 4122421))
	  ->  Bitmap Index Scan on k_1  (cost=0.00..5.40 rows=97 width=0)
	        Index Cond: ((k >= 4122321) AND (k <= 4122421))

table 2 : explain SELECT k, c FROM sbtest2 WHERE k BETWEEN 4122321 AND 4122421
	Bitmap Heap Scan on sbtest2  (cost=5.52..425.22 rows=106 width=125)
	  Recheck Cond: ((k >= 4122321) AND (k <= 4122421))
	  ->  Bitmap Index Scan on k_2  (cost=0.00..5.50 rows=106 width=0)
	        Index Cond: ((k >= 4122321) AND (k <= 4122421))

table 3 : explain SELECT k, c FROM sbtest3 WHERE k BETWEEN 4122321 AND 4122421
	Bitmap Heap Scan on sbtest3  (cost=5.48..409.65 rows=102 width=125)
	  Recheck Cond: ((k >= 4122321) AND (k <= 4122421))
	  ->  Bitmap Index Scan on k_3  (cost=0.00..5.45 rows=102 width=0)
	        Index Cond: ((k >= 4122321) AND (k <= 4122421))

table 4 : explain SELECT k, c FROM sbtest4 WHERE k BETWEEN 4122321 AND 4122421
	Bitmap Heap Scan on sbtest4  (cost=5.55..437.23 rows=109 width=125)
	  Recheck Cond: ((k >= 4122321) AND (k <= 4122421))
	  ->  Bitmap Index Scan on k_4  (cost=0.00..5.52 rows=109 width=0)
	        Index Cond: ((k >= 4122321) AND (k <= 4122421))

table 5 : explain SELECT k, c FROM sbtest5 WHERE k BETWEEN 4122321 AND 4122421
	Bitmap Heap Scan on sbtest5  (cost=5.39..373.96 rows=93 width=125)
	  Recheck Cond: ((k >= 4122321) AND (k <= 4122421))
	  ->  Bitmap Index Scan on k_5  (cost=0.00..5.36 rows=93 width=0)
	        Index Cond: ((k >= 4122321) AND (k <= 4122421))

table 6 : explain SELECT k, c FROM sbtest6 WHERE k BETWEEN 4122321 AND 4122421
	Bitmap Heap Scan on sbtest6  (cost=5.51..421.35 rows=105 width=125)
	  Recheck Cond: ((k >= 4122321) AND (k <= 4122421))
	  ->  Bitmap Index Scan on k_6  (cost=0.00..5.48 rows=105 width=0)
	        Index Cond: ((k >= 4122321) AND (k <= 4122421))

table 7 : explain SELECT k, c FROM sbtest7 WHERE k BETWEEN 4122321 AND 4122421
	Bitmap Heap Scan on sbtest7  (cost=5.54..433.34 rows=108 width=125)
	  Recheck Cond: ((k >= 4122321) AND (k <= 4122421))
	  ->  Bitmap Index Scan on k_7  (cost=0.00..5.51 rows=108 width=0)
	        Index Cond: ((k >= 4122321) AND (k <= 4122421))

table 8 : explain SELECT k, c FROM sbtest8 WHERE k BETWEEN 4122321 AND 4122421
	Bitmap Heap Scan on sbtest8  (cost=5.54..433.10 rows=108 width=125)
	  Recheck Cond: ((k >= 4122321) AND (k <= 4122421))
	  ->  Bitmap Index Scan on k_8  (cost=0.00..5.51 rows=108 width=0)
	        Index Cond: ((k >= 4122321) AND (k <= 4122421))

explain: for range-notcovered :: explain SELECT k, c FROM sbtest%d WHERE k BETWEEN 3618693 AND 3618793
for range-notcovered
table 1 : explain SELECT k, c FROM sbtest1 WHERE k BETWEEN 2108221 AND 2108321
	Bitmap Heap Scan on sbtest1  (cost=5.45..397.66 rows=99 width=125)
	  Recheck Cond: ((k >= 2108221) AND (k <= 2108321))
	  ->  Bitmap Index Scan on k_1  (cost=0.00..5.42 rows=99 width=0)
	        Index Cond: ((k >= 2108221) AND (k <= 2108321))

table 2 : explain SELECT k, c FROM sbtest2 WHERE k BETWEEN 2108221 AND 2108321
	Bitmap Heap Scan on sbtest2  (cost=5.42..385.78 rows=96 width=125)
	  Recheck Cond: ((k >= 2108221) AND (k <= 2108321))
	  ->  Bitmap Index Scan on k_2  (cost=0.00..5.39 rows=96 width=0)
	        Index Cond: ((k >= 2108221) AND (k <= 2108321))

table 3 : explain SELECT k, c FROM sbtest3 WHERE k BETWEEN 2108221 AND 2108321
	Bitmap Heap Scan on sbtest3  (cost=5.51..421.49 rows=105 width=125)
	  Recheck Cond: ((k >= 2108221) AND (k <= 2108321))
	  ->  Bitmap Index Scan on k_3  (cost=0.00..5.48 rows=105 width=0)
	        Index Cond: ((k >= 2108221) AND (k <= 2108321))

table 4 : explain SELECT k, c FROM sbtest4 WHERE k BETWEEN 2108221 AND 2108321
	Bitmap Heap Scan on sbtest4  (cost=5.42..385.93 rows=96 width=125)
	  Recheck Cond: ((k >= 2108221) AND (k <= 2108321))
	  ->  Bitmap Index Scan on k_4  (cost=0.00..5.39 rows=96 width=0)
	        Index Cond: ((k >= 2108221) AND (k <= 2108321))

table 5 : explain SELECT k, c FROM sbtest5 WHERE k BETWEEN 2108221 AND 2108321
	Bitmap Heap Scan on sbtest5  (cost=5.49..413.41 rows=103 width=125)
	  Recheck Cond: ((k >= 2108221) AND (k <= 2108321))
	  ->  Bitmap Index Scan on k_5  (cost=0.00..5.46 rows=103 width=0)
	        Index Cond: ((k >= 2108221) AND (k <= 2108321))

table 6 : explain SELECT k, c FROM sbtest6 WHERE k BETWEEN 2108221 AND 2108321
	Bitmap Heap Scan on sbtest6  (cost=5.59..452.88 rows=113 width=125)
	  Recheck Cond: ((k >= 2108221) AND (k <= 2108321))
	  ->  Bitmap Index Scan on k_6  (cost=0.00..5.56 rows=113 width=0)
	        Index Cond: ((k >= 2108221) AND (k <= 2108321))

table 7 : explain SELECT k, c FROM sbtest7 WHERE k BETWEEN 2108221 AND 2108321
	Bitmap Heap Scan on sbtest7  (cost=5.38..370.18 rows=92 width=125)
	  Recheck Cond: ((k >= 2108221) AND (k <= 2108321))
	  ->  Bitmap Index Scan on k_7  (cost=0.00..5.35 rows=92 width=0)
	        Index Cond: ((k >= 2108221) AND (k <= 2108321))

table 8 : explain SELECT k, c FROM sbtest8 WHERE k BETWEEN 2108221 AND 2108321
	Bitmap Heap Scan on sbtest8  (cost=5.43..389.72 rows=97 width=125)
	  Recheck Cond: ((k >= 2108221) AND (k <= 2108321))
	  ->  Bitmap Index Scan on k_8  (cost=0.00..5.40 rows=97 width=0)
	        Index Cond: ((k >= 2108221) AND (k <= 2108321))
explain: for range-notcovered :: explain SELECT k, c FROM sbtest%d WHERE k BETWEEN 7558343 AND 7558443
for range-notcovered
table 1 : explain SELECT k, c FROM sbtest1 WHERE k BETWEEN 4982726 AND 4982826
	Bitmap Heap Scan on sbtest1  (cost=5.55..437.09 rows=109 width=125)
	  Recheck Cond: ((k >= 4982726) AND (k <= 4982826))
	  ->  Bitmap Index Scan on k_1  (cost=0.00..5.52 rows=109 width=0)
	        Index Cond: ((k >= 4982726) AND (k <= 4982826))

table 2 : explain SELECT k, c FROM sbtest2 WHERE k BETWEEN 4982726 AND 4982826
	Bitmap Heap Scan on sbtest2  (cost=5.46..401.56 rows=100 width=125)
	  Recheck Cond: ((k >= 4982726) AND (k <= 4982826))
	  ->  Bitmap Index Scan on k_2  (cost=0.00..5.43 rows=100 width=0)
	        Index Cond: ((k >= 4982726) AND (k <= 4982826))

table 3 : explain SELECT k, c FROM sbtest3 WHERE k BETWEEN 4982726 AND 4982826
	Bitmap Heap Scan on sbtest3  (cost=5.38..370.17 rows=92 width=125)
	  Recheck Cond: ((k >= 4982726) AND (k <= 4982826))
	  ->  Bitmap Index Scan on k_3  (cost=0.00..5.35 rows=92 width=0)
	        Index Cond: ((k >= 4982726) AND (k <= 4982826))

table 4 : explain SELECT k, c FROM sbtest4 WHERE k BETWEEN 4982726 AND 4982826
	Bitmap Heap Scan on sbtest4  (cost=5.54..433.28 rows=108 width=125)
	  Recheck Cond: ((k >= 4982726) AND (k <= 4982826))
	  ->  Bitmap Index Scan on k_4  (cost=0.00..5.51 rows=108 width=0)
	        Index Cond: ((k >= 4982726) AND (k <= 4982826))

table 5 : explain SELECT k, c FROM sbtest5 WHERE k BETWEEN 4982726 AND 4982826
	Bitmap Heap Scan on sbtest5  (cost=5.45..397.63 rows=99 width=125)
	  Recheck Cond: ((k >= 4982726) AND (k <= 4982826))
	  ->  Bitmap Index Scan on k_5  (cost=0.00..5.42 rows=99 width=0)
	        Index Cond: ((k >= 4982726) AND (k <= 4982826))

table 6 : explain SELECT k, c FROM sbtest6 WHERE k BETWEEN 4982726 AND 4982826
	Bitmap Heap Scan on sbtest6  (cost=5.48..409.52 rows=102 width=125)
	  Recheck Cond: ((k >= 4982726) AND (k <= 4982826))
	  ->  Bitmap Index Scan on k_6  (cost=0.00..5.45 rows=102 width=0)
	        Index Cond: ((k >= 4982726) AND (k <= 4982826))

table 7 : explain SELECT k, c FROM sbtest7 WHERE k BETWEEN 4982726 AND 4982826
	Bitmap Heap Scan on sbtest7  (cost=5.49..413.61 rows=103 width=125)
	  Recheck Cond: ((k >= 4982726) AND (k <= 4982826))
	  ->  Bitmap Index Scan on k_7  (cost=0.00..5.46 rows=103 width=0)
	        Index Cond: ((k >= 4982726) AND (k <= 4982826))

table 8 : explain SELECT k, c FROM sbtest8 WHERE k BETWEEN 4982726 AND 4982826
	Bitmap Heap Scan on sbtest8  (cost=5.62..464.62 rows=116 width=125)
	  Recheck Cond: ((k >= 4982726) AND (k <= 4982826))
	  ->  Bitmap Index Scan on k_8  (cost=0.00..5.59 rows=116 width=0)
	        Index Cond: ((k >= 4982726) AND (k <= 4982826))

explain: for range-notcovered :: explain SELECT k, c FROM sbtest%d WHERE k BETWEEN 4122321 AND 4122421

explain: for range-notcovered :: explain SELECT k, c FROM sbtest%d WHERE k BETWEEN 4271217 AND 4271317
explain: for range-notcovered :: explain SELECT k, c FROM sbtest%d WHERE k BETWEEN 2108221 AND 2108321
for range-notcovered
table 1 : explain SELECT k, c FROM sbtest1 WHERE k BETWEEN 4108565 AND 4108665
	Bitmap Heap Scan on sbtest1  (cost=5.43..389.77 rows=97 width=125)
	  Recheck Cond: ((k >= 4108565) AND (k <= 4108665))
	  ->  Bitmap Index Scan on k_1  (cost=0.00..5.40 rows=97 width=0)
	        Index Cond: ((k >= 4108565) AND (k <= 4108665))

table 2 : explain SELECT k, c FROM sbtest2 WHERE k BETWEEN 4108565 AND 4108665
	Bitmap Heap Scan on sbtest2  (cost=5.52..425.22 rows=106 width=125)
	  Recheck Cond: ((k >= 4108565) AND (k <= 4108665))
	  ->  Bitmap Index Scan on k_2  (cost=0.00..5.50 rows=106 width=0)
	        Index Cond: ((k >= 4108565) AND (k <= 4108665))

table 3 : explain SELECT k, c FROM sbtest3 WHERE k BETWEEN 4108565 AND 4108665
	Bitmap Heap Scan on sbtest3  (cost=5.48..409.65 rows=102 width=125)
	  Recheck Cond: ((k >= 4108565) AND (k <= 4108665))
	  ->  Bitmap Index Scan on k_3  (cost=0.00..5.45 rows=102 width=0)
	        Index Cond: ((k >= 4108565) AND (k <= 4108665))

table 4 : explain SELECT k, c FROM sbtest4 WHERE k BETWEEN 4108565 AND 4108665
	Bitmap Heap Scan on sbtest4  (cost=5.55..437.23 rows=109 width=125)
	  Recheck Cond: ((k >= 4108565) AND (k <= 4108665))
	  ->  Bitmap Index Scan on k_4  (cost=0.00..5.52 rows=109 width=0)
	        Index Cond: ((k >= 4108565) AND (k <= 4108665))

table 5 : explain SELECT k, c FROM sbtest5 WHERE k BETWEEN 4108565 AND 4108665
	Bitmap Heap Scan on sbtest5  (cost=5.39..373.96 rows=93 width=125)
	  Recheck Cond: ((k >= 4108565) AND (k <= 4108665))
	  ->  Bitmap Index Scan on k_5  (cost=0.00..5.36 rows=93 width=0)
	        Index Cond: ((k >= 4108565) AND (k <= 4108665))

table 6 : explain SELECT k, c FROM sbtest6 WHERE k BETWEEN 4108565 AND 4108665
	Bitmap Heap Scan on sbtest6  (cost=5.51..421.35 rows=105 width=125)
	  Recheck Cond: ((k >= 4108565) AND (k <= 4108665))
	  ->  Bitmap Index Scan on k_6  (cost=0.00..5.48 rows=105 width=0)
	        Index Cond: ((k >= 4108565) AND (k <= 4108665))

table 7 : explain SELECT k, c FROM sbtest7 WHERE k BETWEEN 4108565 AND 4108665
	Bitmap Heap Scan on sbtest7  (cost=5.54..433.34 rows=108 width=125)
	  Recheck Cond: ((k >= 4108565) AND (k <= 4108665))
	  ->  Bitmap Index Scan on k_7  (cost=0.00..5.51 rows=108 width=0)
	        Index Cond: ((k >= 4108565) AND (k <= 4108665))

table 8 : explain SELECT k, c FROM sbtest8 WHERE k BETWEEN 4108565 AND 4108665
	Bitmap Heap Scan on sbtest8  (cost=5.54..433.10 rows=108 width=125)
	  Recheck Cond: ((k >= 4108565) AND (k <= 4108665))
	  ->  Bitmap Index Scan on k_8  (cost=0.00..5.51 rows=108 width=0)
	        Index Cond: ((k >= 4108565) AND (k <= 4108665))

for range-notcovered
table 1 : explain SELECT k, c FROM sbtest1 WHERE k BETWEEN 3288888 AND 3288988
	Bitmap Heap Scan on sbtest1  (cost=5.57..444.97 rows=111 width=125)
	  Recheck Cond: ((k >= 3288888) AND (k <= 3288988))
	  ->  Bitmap Index Scan on k_1  (cost=0.00..5.54 rows=111 width=0)
	        Index Cond: ((k >= 3288888) AND (k <= 3288988))

table 2 : explain SELECT k, c FROM sbtest2 WHERE k BETWEEN 3288888 AND 3288988
	Bitmap Heap Scan on sbtest2  (cost=5.49..413.39 rows=103 width=125)
	  Recheck Cond: ((k >= 3288888) AND (k <= 3288988))
	  ->  Bitmap Index Scan on k_2  (cost=0.00..5.46 rows=103 width=0)
	        Index Cond: ((k >= 3288888) AND (k <= 3288988))

table 3 : explain SELECT k, c FROM sbtest3 WHERE k BETWEEN 3288888 AND 3288988
	Bitmap Heap Scan on sbtest3  (cost=5.50..417.54 rows=104 width=125)
	  Recheck Cond: ((k >= 3288888) AND (k <= 3288988))
	  ->  Bitmap Index Scan on k_3  (cost=0.00..5.47 rows=104 width=0)
	        Index Cond: ((k >= 3288888) AND (k <= 3288988))

table 4 : explain SELECT k, c FROM sbtest4 WHERE k BETWEEN 3288888 AND 3288988
	Bitmap Heap Scan on sbtest4  (cost=5.39..374.08 rows=93 width=125)
	  Recheck Cond: ((k >= 3288888) AND (k <= 3288988))
	  ->  Bitmap Index Scan on k_4  (cost=0.00..5.36 rows=93 width=0)
	        Index Cond: ((k >= 3288888) AND (k <= 3288988))

table 5 : explain SELECT k, c FROM sbtest5 WHERE k BETWEEN 3288888 AND 3288988
	Bitmap Heap Scan on sbtest5  (cost=5.47..405.52 rows=101 width=125)
	  Recheck Cond: ((k >= 3288888) AND (k <= 3288988))
	  ->  Bitmap Index Scan on k_5  (cost=0.00..5.44 rows=101 width=0)
	        Index Cond: ((k >= 3288888) AND (k <= 3288988))

table 6 : explain SELECT k, c FROM sbtest6 WHERE k BETWEEN 3288888 AND 3288988
	Bitmap Heap Scan on sbtest6  (cost=5.50..417.41 rows=104 width=125)
	  Recheck Cond: ((k >= 3288888) AND (k <= 3288988))
	  ->  Bitmap Index Scan on k_6  (cost=0.00..5.47 rows=104 width=0)
	        Index Cond: ((k >= 3288888) AND (k <= 3288988))

table 7 : explain SELECT k, c FROM sbtest7 WHERE k BETWEEN 3288888 AND 3288988
	Bitmap Heap Scan on sbtest7  (cost=5.46..401.77 rows=100 width=125)
	  Recheck Cond: ((k >= 3288888) AND (k <= 3288988))
	  ->  Bitmap Index Scan on k_7  (cost=0.00..5.43 rows=100 width=0)
	        Index Cond: ((k >= 3288888) AND (k <= 3288988))

table 8 : explain SELECT k, c FROM sbtest8 WHERE k BETWEEN 3288888 AND 3288988
	Bitmap Heap Scan on sbtest8  (cost=5.44..393.67 rows=98 width=125)
	  Recheck Cond: ((k >= 3288888) AND (k <= 3288988))
	  ->  Bitmap Index Scan on k_8  (cost=0.00..5.42 rows=98 width=0)
	        Index Cond: ((k >= 3288888) AND (k <= 3288988))

explain: for range-notcovered :: explain SELECT k, c FROM sbtest%d WHERE k BETWEEN 4108565 AND 4108665
explain: for range-notcovered :: explain SELECT k, c FROM sbtest%d WHERE k BETWEEN 3288888 AND 3288988
for range-notcovered
table 1 : explain SELECT k, c FROM sbtest1 WHERE k BETWEEN 4791258 AND 4791358
	Bitmap Heap Scan on sbtest1  (cost=5.57..444.97 rows=111 width=125)
	  Recheck Cond: ((k >= 4791258) AND (k <= 4791358))
	  ->  Bitmap Index Scan on k_1  (cost=0.00..5.54 rows=111 width=0)
	        Index Cond: ((k >= 4791258) AND (k <= 4791358))

table 2 : explain SELECT k, c FROM sbtest2 WHERE k BETWEEN 4791258 AND 4791358
	Bitmap Heap Scan on sbtest2  (cost=5.46..401.56 rows=100 width=125)
	  Recheck Cond: ((k >= 4791258) AND (k <= 4791358))
	  ->  Bitmap Index Scan on k_2  (cost=0.00..5.43 rows=100 width=0)
	        Index Cond: ((k >= 4791258) AND (k <= 4791358))

table 3 : explain SELECT k, c FROM sbtest3 WHERE k BETWEEN 4791258 AND 4791358
	Bitmap Heap Scan on sbtest3  (cost=5.51..421.49 rows=105 width=125)
	  Recheck Cond: ((k >= 4791258) AND (k <= 4791358))
	  ->  Bitmap Index Scan on k_3  (cost=0.00..5.48 rows=105 width=0)
	        Index Cond: ((k >= 4791258) AND (k <= 4791358))

table 4 : explain SELECT k, c FROM sbtest4 WHERE k BETWEEN 4791258 AND 4791358
	Bitmap Heap Scan on sbtest4  (cost=5.48..409.61 rows=102 width=125)
	  Recheck Cond: ((k >= 4791258) AND (k <= 4791358))
	  ->  Bitmap Index Scan on k_4  (cost=0.00..5.45 rows=102 width=0)
	        Index Cond: ((k >= 4791258) AND (k <= 4791358))

table 5 : explain SELECT k, c FROM sbtest5 WHERE k BETWEEN 4791258 AND 4791358
	Bitmap Heap Scan on sbtest5  (cost=5.43..389.74 rows=97 width=125)
	  Recheck Cond: ((k >= 4791258) AND (k <= 4791358))
	  ->  Bitmap Index Scan on k_5  (cost=0.00..5.40 rows=97 width=0)
	        Index Cond: ((k >= 4791258) AND (k <= 4791358))

table 6 : explain SELECT k, c FROM sbtest6 WHERE k BETWEEN 4791258 AND 4791358
	Bitmap Heap Scan on sbtest6  (cost=5.62..464.70 rows=116 width=125)
	  Recheck Cond: ((k >= 4791258) AND (k <= 4791358))
	  ->  Bitmap Index Scan on k_6  (cost=0.00..5.59 rows=116 width=0)
	        Index Cond: ((k >= 4791258) AND (k <= 4791358))

table 7 : explain SELECT k, c FROM sbtest7 WHERE k BETWEEN 4791258 AND 4791358
	Bitmap Heap Scan on sbtest7  (cost=5.56..441.23 rows=110 width=125)
	  Recheck Cond: ((k >= 4791258) AND (k <= 4791358))
	  ->  Bitmap Index Scan on k_7  (cost=0.00..5.53 rows=110 width=0)
	        Index Cond: ((k >= 4791258) AND (k <= 4791358))

table 8 : explain SELECT k, c FROM sbtest8 WHERE k BETWEEN 4791258 AND 4791358
	Bitmap Heap Scan on sbtest8  (cost=5.46..401.56 rows=100 width=125)
	  Recheck Cond: ((k >= 4791258) AND (k <= 4791358))
	  ->  Bitmap Index Scan on k_8  (cost=0.00..5.43 rows=100 width=0)
	        Index Cond: ((k >= 4791258) AND (k <= 4791358))

explain: for range-notcovered :: explain SELECT k, c FROM sbtest%d WHERE k BETWEEN 4791258 AND 4791358
for range-notcovered
table 1 : explain SELECT k, c FROM sbtest1 WHERE k BETWEEN 3618693 AND 3618793
	Bitmap Heap Scan on sbtest1  (cost=5.45..397.66 rows=99 width=125)
	  Recheck Cond: ((k >= 3618693) AND (k <= 3618793))
	  ->  Bitmap Index Scan on k_1  (cost=0.00..5.42 rows=99 width=0)
	        Index Cond: ((k >= 3618693) AND (k <= 3618793))

table 2 : explain SELECT k, c FROM sbtest2 WHERE k BETWEEN 3618693 AND 3618793
	Bitmap Heap Scan on sbtest2  (cost=5.42..385.78 rows=96 width=125)
	  Recheck Cond: ((k >= 3618693) AND (k <= 3618793))
	  ->  Bitmap Index Scan on k_2  (cost=0.00..5.39 rows=96 width=0)
	        Index Cond: ((k >= 3618693) AND (k <= 3618793))

table 3 : explain SELECT k, c FROM sbtest3 WHERE k BETWEEN 3618693 AND 3618793
	Bitmap Heap Scan on sbtest3  (cost=5.51..421.49 rows=105 width=125)
	  Recheck Cond: ((k >= 3618693) AND (k <= 3618793))
	  ->  Bitmap Index Scan on k_3  (cost=0.00..5.48 rows=105 width=0)
	        Index Cond: ((k >= 3618693) AND (k <= 3618793))

table 4 : explain SELECT k, c FROM sbtest4 WHERE k BETWEEN 3618693 AND 3618793
	Bitmap Heap Scan on sbtest4  (cost=5.47..405.67 rows=101 width=125)
	  Recheck Cond: ((k >= 3618693) AND (k <= 3618793))
	  ->  Bitmap Index Scan on k_4  (cost=0.00..5.44 rows=101 width=0)
	        Index Cond: ((k >= 3618693) AND (k <= 3618793))

table 5 : explain SELECT k, c FROM sbtest5 WHERE k BETWEEN 3618693 AND 3618793
	Bitmap Heap Scan on sbtest5  (cost=5.50..417.35 rows=104 width=125)
	  Recheck Cond: ((k >= 3618693) AND (k <= 3618793))
	  ->  Bitmap Index Scan on k_5  (cost=0.00..5.47 rows=104 width=0)
	        Index Cond: ((k >= 3618693) AND (k <= 3618793))

table 6 : explain SELECT k, c FROM sbtest6 WHERE k BETWEEN 3618693 AND 3618793
	Bitmap Heap Scan on sbtest6  (cost=5.43..389.79 rows=97 width=125)
	  Recheck Cond: ((k >= 3618693) AND (k <= 3618793))
	  ->  Bitmap Index Scan on k_6  (cost=0.00..5.40 rows=97 width=0)
	        Index Cond: ((k >= 3618693) AND (k <= 3618793))

table 7 : explain SELECT k, c FROM sbtest7 WHERE k BETWEEN 3618693 AND 3618793
	Bitmap Heap Scan on sbtest7  (cost=5.51..421.50 rows=105 width=125)
	  Recheck Cond: ((k >= 3618693) AND (k <= 3618793))
	  ->  Bitmap Index Scan on k_7  (cost=0.00..5.48 rows=105 width=0)
	        Index Cond: ((k >= 3618693) AND (k <= 3618793))

table 8 : explain SELECT k, c FROM sbtest8 WHERE k BETWEEN 3618693 AND 3618793
	Bitmap Heap Scan on sbtest8  (cost=5.42..385.78 rows=96 width=125)
	  Recheck Cond: ((k >= 3618693) AND (k <= 3618793))
	  ->  Bitmap Index Scan on k_8  (cost=0.00..5.39 rows=96 width=0)
	        Index Cond: ((k >= 3618693) AND (k <= 3618793))

for range-notcovered
table 1 : explain SELECT k, c FROM sbtest1 WHERE k BETWEEN 7558343 AND 7558443
	Bitmap Heap Scan on sbtest1  (cost=5.47..405.55 rows=101 width=125)
	  Recheck Cond: ((k >= 7558343) AND (k <= 7558443))
	  ->  Bitmap Index Scan on k_1  (cost=0.00..5.44 rows=101 width=0)
	        Index Cond: ((k >= 7558343) AND (k <= 7558443))

table 2 : explain SELECT k, c FROM sbtest2 WHERE k BETWEEN 7558343 AND 7558443
	Bitmap Heap Scan on sbtest2  (cost=5.47..405.51 rows=101 width=125)
	  Recheck Cond: ((k >= 7558343) AND (k <= 7558443))
	  ->  Bitmap Index Scan on k_2  (cost=0.00..5.44 rows=101 width=0)
	        Index Cond: ((k >= 7558343) AND (k <= 7558443))

table 3 : explain SELECT k, c FROM sbtest3 WHERE k BETWEEN 7558343 AND 7558443
	Bitmap Heap Scan on sbtest3  (cost=5.54..433.32 rows=108 width=125)
	  Recheck Cond: ((k >= 7558343) AND (k <= 7558443))
	  ->  Bitmap Index Scan on k_3  (cost=0.00..5.51 rows=108 width=0)
	        Index Cond: ((k >= 7558343) AND (k <= 7558443))

table 4 : explain SELECT k, c FROM sbtest4 WHERE k BETWEEN 7558343 AND 7558443
	Bitmap Heap Scan on sbtest4  (cost=5.44..393.83 rows=98 width=125)
	  Recheck Cond: ((k >= 7558343) AND (k <= 7558443))
	  ->  Bitmap Index Scan on k_4  (cost=0.00..5.42 rows=98 width=0)
	        Index Cond: ((k >= 7558343) AND (k <= 7558443))

table 5 : explain SELECT k, c FROM sbtest5 WHERE k BETWEEN 7558343 AND 7558443
	Bitmap Heap Scan on sbtest5  (cost=5.55..437.06 rows=109 width=125)
	  Recheck Cond: ((k >= 7558343) AND (k <= 7558443))
	  ->  Bitmap Index Scan on k_5  (cost=0.00..5.52 rows=109 width=0)
	        Index Cond: ((k >= 7558343) AND (k <= 7558443))

table 6 : explain SELECT k, c FROM sbtest6 WHERE k BETWEEN 7558343 AND 7558443
	Bitmap Heap Scan on sbtest6  (cost=5.55..437.12 rows=109 width=125)
	  Recheck Cond: ((k >= 7558343) AND (k <= 7558443))
	  ->  Bitmap Index Scan on k_6  (cost=0.00..5.52 rows=109 width=0)
	        Index Cond: ((k >= 7558343) AND (k <= 7558443))

table 7 : explain SELECT k, c FROM sbtest7 WHERE k BETWEEN 7558343 AND 7558443
	Bitmap Heap Scan on sbtest7  (cost=5.41..382.03 rows=95 width=125)
	  Recheck Cond: ((k >= 7558343) AND (k <= 7558443))
	  ->  Bitmap Index Scan on k_7  (cost=0.00..5.38 rows=95 width=0)
	        Index Cond: ((k >= 7558343) AND (k <= 7558443))

table 8 : explain SELECT k, c FROM sbtest8 WHERE k BETWEEN 7558343 AND 7558443
	Bitmap Heap Scan on sbtest8  (cost=5.49..413.39 rows=103 width=125)
	  Recheck Cond: ((k >= 7558343) AND (k <= 7558443))
	  ->  Bitmap Index Scan on k_8  (cost=0.00..5.46 rows=103 width=0)
	        Index Cond: ((k >= 7558343) AND (k <= 7558443))

for range-notcovered
table 1 : explain SELECT k, c FROM sbtest1 WHERE k BETWEEN 4122321 AND 4122421
	Bitmap Heap Scan on sbtest1  (cost=5.43..389.77 rows=97 width=125)
	  Recheck Cond: ((k >= 4122321) AND (k <= 4122421))
	  ->  Bitmap Index Scan on k_1  (cost=0.00..5.40 rows=97 width=0)
	        Index Cond: ((k >= 4122321) AND (k <= 4122421))

table 2 : explain SELECT k, c FROM sbtest2 WHERE k BETWEEN 4122321 AND 4122421
	Bitmap Heap Scan on sbtest2  (cost=5.52..425.22 rows=106 width=125)
	  Recheck Cond: ((k >= 4122321) AND (k <= 4122421))
	  ->  Bitmap Index Scan on k_2  (cost=0.00..5.50 rows=106 width=0)
	        Index Cond: ((k >= 4122321) AND (k <= 4122421))

table 3 : explain SELECT k, c FROM sbtest3 WHERE k BETWEEN 4122321 AND 4122421
	Bitmap Heap Scan on sbtest3  (cost=5.48..409.65 rows=102 width=125)
	  Recheck Cond: ((k >= 4122321) AND (k <= 4122421))
	  ->  Bitmap Index Scan on k_3  (cost=0.00..5.45 rows=102 width=0)
	        Index Cond: ((k >= 4122321) AND (k <= 4122421))

table 4 : explain SELECT k, c FROM sbtest4 WHERE k BETWEEN 4122321 AND 4122421
	Bitmap Heap Scan on sbtest4  (cost=5.55..437.23 rows=109 width=125)
	  Recheck Cond: ((k >= 4122321) AND (k <= 4122421))
	  ->  Bitmap Index Scan on k_4  (cost=0.00..5.52 rows=109 width=0)
	        Index Cond: ((k >= 4122321) AND (k <= 4122421))

table 5 : explain SELECT k, c FROM sbtest5 WHERE k BETWEEN 4122321 AND 4122421
	Bitmap Heap Scan on sbtest5  (cost=5.39..373.96 rows=93 width=125)
	  Recheck Cond: ((k >= 4122321) AND (k <= 4122421))
	  ->  Bitmap Index Scan on k_5  (cost=0.00..5.36 rows=93 width=0)
	        Index Cond: ((k >= 4122321) AND (k <= 4122421))

table 6 : explain SELECT k, c FROM sbtest6 WHERE k BETWEEN 4122321 AND 4122421
	Bitmap Heap Scan on sbtest6  (cost=5.51..421.35 rows=105 width=125)
	  Recheck Cond: ((k >= 4122321) AND (k <= 4122421))
	  ->  Bitmap Index Scan on k_6  (cost=0.00..5.48 rows=105 width=0)
	        Index Cond: ((k >= 4122321) AND (k <= 4122421))

table 7 : explain SELECT k, c FROM sbtest7 WHERE k BETWEEN 4122321 AND 4122421
	Bitmap Heap Scan on sbtest7  (cost=5.54..433.34 rows=108 width=125)
	  Recheck Cond: ((k >= 4122321) AND (k <= 4122421))
	  ->  Bitmap Index Scan on k_7  (cost=0.00..5.51 rows=108 width=0)
	        Index Cond: ((k >= 4122321) AND (k <= 4122421))

table 8 : explain SELECT k, c FROM sbtest8 WHERE k BETWEEN 4122321 AND 4122421
	Bitmap Heap Scan on sbtest8  (cost=5.54..433.10 rows=108 width=125)
	  Recheck Cond: ((k >= 4122321) AND (k <= 4122421))
	  ->  Bitmap Index Scan on k_8  (cost=0.00..5.51 rows=108 width=0)
	        Index Cond: ((k >= 4122321) AND (k <= 4122421))
for range-notcovered
table 1 : explain SELECT k, c FROM sbtest1 WHERE k BETWEEN 4271217 AND 4271317
	Bitmap Heap Scan on sbtest1  (cost=5.45..397.66 rows=99 width=125)
	  Recheck Cond: ((k >= 4271217) AND (k <= 4271317))
	  ->  Bitmap Index Scan on k_1  (cost=0.00..5.42 rows=99 width=0)
	        Index Cond: ((k >= 4271217) AND (k <= 4271317))

table 2 : explain SELECT k, c FROM sbtest2 WHERE k BETWEEN 4271217 AND 4271317
	Bitmap Heap Scan on sbtest2  (cost=5.45..397.62 rows=99 width=125)
	  Recheck Cond: ((k >= 4271217) AND (k <= 4271317))
	  ->  Bitmap Index Scan on k_2  (cost=0.00..5.42 rows=99 width=0)
	        Index Cond: ((k >= 4271217) AND (k <= 4271317))

table 3 : explain SELECT k, c FROM sbtest3 WHERE k BETWEEN 4271217 AND 4271317
	Bitmap Heap Scan on sbtest3  (cost=5.37..366.22 rows=91 width=125)
	  Recheck Cond: ((k >= 4271217) AND (k <= 4271317))
	  ->  Bitmap Index Scan on k_3  (cost=0.00..5.34 rows=91 width=0)
	        Index Cond: ((k >= 4271217) AND (k <= 4271317))

table 4 : explain SELECT k, c FROM sbtest4 WHERE k BETWEEN 4271217 AND 4271317
	Bitmap Heap Scan on sbtest4  (cost=5.47..405.67 rows=101 width=125)
	  Recheck Cond: ((k >= 4271217) AND (k <= 4271317))
	  ->  Bitmap Index Scan on k_4  (cost=0.00..5.44 rows=101 width=0)
	        Index Cond: ((k >= 4271217) AND (k <= 4271317))

table 5 : explain SELECT k, c FROM sbtest5 WHERE k BETWEEN 4271217 AND 4271317
	Bitmap Heap Scan on sbtest5  (cost=5.50..417.35 rows=104 width=125)
	  Recheck Cond: ((k >= 4271217) AND (k <= 4271317))
	  ->  Bitmap Index Scan on k_5  (cost=0.00..5.47 rows=104 width=0)
	        Index Cond: ((k >= 4271217) AND (k <= 4271317))

table 6 : explain SELECT k, c FROM sbtest6 WHERE k BETWEEN 4271217 AND 4271317
	Bitmap Heap Scan on sbtest6  (cost=5.52..425.29 rows=106 width=125)
	  Recheck Cond: ((k >= 4271217) AND (k <= 4271317))
	  ->  Bitmap Index Scan on k_6  (cost=0.00..5.50 rows=106 width=0)
	        Index Cond: ((k >= 4271217) AND (k <= 4271317))

table 7 : explain SELECT k, c FROM sbtest7 WHERE k BETWEEN 4271217 AND 4271317
	Bitmap Heap Scan on sbtest7  (cost=5.46..401.77 rows=100 width=125)
	  Recheck Cond: ((k >= 4271217) AND (k <= 4271317))
	  ->  Bitmap Index Scan on k_7  (cost=0.00..5.43 rows=100 width=0)
	        Index Cond: ((k >= 4271217) AND (k <= 4271317))

table 8 : explain SELECT k, c FROM sbtest8 WHERE k BETWEEN 4271217 AND 4271317
	Bitmap Heap Scan on sbtest8  (cost=5.49..413.39 rows=103 width=125)
	  Recheck Cond: ((k >= 4271217) AND (k <= 4271317))
	  ->  Bitmap Index Scan on k_8  (cost=0.00..5.46 rows=103 width=0)
	        Index Cond: ((k >= 4271217) AND (k <= 4271317))


explain: for range-notcovered :: explain SELECT k, c FROM sbtest%d WHERE k BETWEEN 7558343 AND 7558443
explain: for range-notcovered :: explain SELECT k, c FROM sbtest%d WHERE k BETWEEN 4271217 AND 4271317
for range-notcovered
table 1 : explain SELECT k, c FROM sbtest1 WHERE k BETWEEN 2108221 AND 2108321
	Bitmap Heap Scan on sbtest1  (cost=5.45..397.66 rows=99 width=125)
	  Recheck Cond: ((k >= 2108221) AND (k <= 2108321))
	  ->  Bitmap Index Scan on k_1  (cost=0.00..5.42 rows=99 width=0)
	        Index Cond: ((k >= 2108221) AND (k <= 2108321))

table 2 : explain SELECT k, c FROM sbtest2 WHERE k BETWEEN 2108221 AND 2108321
	Bitmap Heap Scan on sbtest2  (cost=5.42..385.78 rows=96 width=125)
	  Recheck Cond: ((k >= 2108221) AND (k <= 2108321))
	  ->  Bitmap Index Scan on k_2  (cost=0.00..5.39 rows=96 width=0)
	        Index Cond: ((k >= 2108221) AND (k <= 2108321))

table 3 : explain SELECT k, c FROM sbtest3 WHERE k BETWEEN 2108221 AND 2108321
	Bitmap Heap Scan on sbtest3  (cost=5.51..421.49 rows=105 width=125)
	  Recheck Cond: ((k >= 2108221) AND (k <= 2108321))
	  ->  Bitmap Index Scan on k_3  (cost=0.00..5.48 rows=105 width=0)
	        Index Cond: ((k >= 2108221) AND (k <= 2108321))

table 4 : explain SELECT k, c FROM sbtest4 WHERE k BETWEEN 2108221 AND 2108321
	Bitmap Heap Scan on sbtest4  (cost=5.42..385.93 rows=96 width=125)
	  Recheck Cond: ((k >= 2108221) AND (k <= 2108321))
	  ->  Bitmap Index Scan on k_4  (cost=0.00..5.39 rows=96 width=0)
	        Index Cond: ((k >= 2108221) AND (k <= 2108321))

table 5 : explain SELECT k, c FROM sbtest5 WHERE k BETWEEN 2108221 AND 2108321
	Bitmap Heap Scan on sbtest5  (cost=5.49..413.41 rows=103 width=125)
	  Recheck Cond: ((k >= 2108221) AND (k <= 2108321))
	  ->  Bitmap Index Scan on k_5  (cost=0.00..5.46 rows=103 width=0)
	        Index Cond: ((k >= 2108221) AND (k <= 2108321))

table 6 : explain SELECT k, c FROM sbtest6 WHERE k BETWEEN 2108221 AND 2108321
	Bitmap Heap Scan on sbtest6  (cost=5.59..452.88 rows=113 width=125)
	  Recheck Cond: ((k >= 2108221) AND (k <= 2108321))
	  ->  Bitmap Index Scan on k_6  (cost=0.00..5.56 rows=113 width=0)
	        Index Cond: ((k >= 2108221) AND (k <= 2108321))

table 7 : explain SELECT k, c FROM sbtest7 WHERE k BETWEEN 2108221 AND 2108321
	Bitmap Heap Scan on sbtest7  (cost=5.38..370.18 rows=92 width=125)
	  Recheck Cond: ((k >= 2108221) AND (k <= 2108321))
	  ->  Bitmap Index Scan on k_7  (cost=0.00..5.35 rows=92 width=0)
	        Index Cond: ((k >= 2108221) AND (k <= 2108321))

table 8 : explain SELECT k, c FROM sbtest8 WHERE k BETWEEN 2108221 AND 2108321
	Bitmap Heap Scan on sbtest8  (cost=5.43..389.72 rows=97 width=125)
	  Recheck Cond: ((k >= 2108221) AND (k <= 2108321))
	  ->  Bitmap Index Scan on k_8  (cost=0.00..5.40 rows=97 width=0)
	        Index Cond: ((k >= 2108221) AND (k <= 2108321))

for range-notcovered
table 1 : explain SELECT k, c FROM sbtest1 WHERE k BETWEEN 4108565 AND 4108665
	Bitmap Heap Scan on sbtest1  (cost=5.43..389.77 rows=97 width=125)
	  Recheck Cond: ((k >= 4108565) AND (k <= 4108665))
	  ->  Bitmap Index Scan on k_1  (cost=0.00..5.40 rows=97 width=0)
	        Index Cond: ((k >= 4108565) AND (k <= 4108665))

table 2 : explain SELECT k, c FROM sbtest2 WHERE k BETWEEN 4108565 AND 4108665
	Bitmap Heap Scan on sbtest2  (cost=5.52..425.22 rows=106 width=125)
	  Recheck Cond: ((k >= 4108565) AND (k <= 4108665))
	  ->  Bitmap Index Scan on k_2  (cost=0.00..5.50 rows=106 width=0)
	        Index Cond: ((k >= 4108565) AND (k <= 4108665))

table 3 : explain SELECT k, c FROM sbtest3 WHERE k BETWEEN 4108565 AND 4108665
	Bitmap Heap Scan on sbtest3  (cost=5.48..409.65 rows=102 width=125)
	  Recheck Cond: ((k >= 4108565) AND (k <= 4108665))
	  ->  Bitmap Index Scan on k_3  (cost=0.00..5.45 rows=102 width=0)
	        Index Cond: ((k >= 4108565) AND (k <= 4108665))

table 4 : explain SELECT k, c FROM sbtest4 WHERE k BETWEEN 4108565 AND 4108665
	Bitmap Heap Scan on sbtest4  (cost=5.55..437.23 rows=109 width=125)
	  Recheck Cond: ((k >= 4108565) AND (k <= 4108665))
	  ->  Bitmap Index Scan on k_4  (cost=0.00..5.52 rows=109 width=0)
	        Index Cond: ((k >= 4108565) AND (k <= 4108665))

table 5 : explain SELECT k, c FROM sbtest5 WHERE k BETWEEN 4108565 AND 4108665
	Bitmap Heap Scan on sbtest5  (cost=5.39..373.96 rows=93 width=125)
	  Recheck Cond: ((k >= 4108565) AND (k <= 4108665))
	  ->  Bitmap Index Scan on k_5  (cost=0.00..5.36 rows=93 width=0)
	        Index Cond: ((k >= 4108565) AND (k <= 4108665))

table 6 : explain SELECT k, c FROM sbtest6 WHERE k BETWEEN 4108565 AND 4108665
	Bitmap Heap Scan on sbtest6  (cost=5.51..421.35 rows=105 width=125)
	  Recheck Cond: ((k >= 4108565) AND (k <= 4108665))
	  ->  Bitmap Index Scan on k_6  (cost=0.00..5.48 rows=105 width=0)
	        Index Cond: ((k >= 4108565) AND (k <= 4108665))

table 7 : explain SELECT k, c FROM sbtest7 WHERE k BETWEEN 4108565 AND 4108665
	Bitmap Heap Scan on sbtest7  (cost=5.54..433.34 rows=108 width=125)
	  Recheck Cond: ((k >= 4108565) AND (k <= 4108665))
	  ->  Bitmap Index Scan on k_7  (cost=0.00..5.51 rows=108 width=0)
	        Index Cond: ((k >= 4108565) AND (k <= 4108665))

table 8 : explain SELECT k, c FROM sbtest8 WHERE k BETWEEN 4108565 AND 4108665
	Bitmap Heap Scan on sbtest8  (cost=5.54..433.10 rows=108 width=125)
	  Recheck Cond: ((k >= 4108565) AND (k <= 4108665))
	  ->  Bitmap Index Scan on k_8  (cost=0.00..5.51 rows=108 width=0)
	        Index Cond: ((k >= 4108565) AND (k <= 4108665))

for range-notcovered
table 1 : explain SELECT k, c FROM sbtest1 WHERE k BETWEEN 3288888 AND 3288988
	Bitmap Heap Scan on sbtest1  (cost=5.57..444.97 rows=111 width=125)
	  Recheck Cond: ((k >= 3288888) AND (k <= 3288988))
	  ->  Bitmap Index Scan on k_1  (cost=0.00..5.54 rows=111 width=0)
	        Index Cond: ((k >= 3288888) AND (k <= 3288988))

table 2 : explain SELECT k, c FROM sbtest2 WHERE k BETWEEN 3288888 AND 3288988
	Bitmap Heap Scan on sbtest2  (cost=5.49..413.39 rows=103 width=125)
	  Recheck Cond: ((k >= 3288888) AND (k <= 3288988))
	  ->  Bitmap Index Scan on k_2  (cost=0.00..5.46 rows=103 width=0)
	        Index Cond: ((k >= 3288888) AND (k <= 3288988))

table 3 : explain SELECT k, c FROM sbtest3 WHERE k BETWEEN 3288888 AND 3288988
	Bitmap Heap Scan on sbtest3  (cost=5.50..417.54 rows=104 width=125)
	  Recheck Cond: ((k >= 3288888) AND (k <= 3288988))
	  ->  Bitmap Index Scan on k_3  (cost=0.00..5.47 rows=104 width=0)
	        Index Cond: ((k >= 3288888) AND (k <= 3288988))

table 4 : explain SELECT k, c FROM sbtest4 WHERE k BETWEEN 3288888 AND 3288988
	Bitmap Heap Scan on sbtest4  (cost=5.39..374.08 rows=93 width=125)
	  Recheck Cond: ((k >= 3288888) AND (k <= 3288988))
	  ->  Bitmap Index Scan on k_4  (cost=0.00..5.36 rows=93 width=0)
	        Index Cond: ((k >= 3288888) AND (k <= 3288988))

table 5 : explain SELECT k, c FROM sbtest5 WHERE k BETWEEN 3288888 AND 3288988
	Bitmap Heap Scan on sbtest5  (cost=5.47..405.52 rows=101 width=125)
	  Recheck Cond: ((k >= 3288888) AND (k <= 3288988))
	  ->  Bitmap Index Scan on k_5  (cost=0.00..5.44 rows=101 width=0)
	        Index Cond: ((k >= 3288888) AND (k <= 3288988))

table 6 : explain SELECT k, c FROM sbtest6 WHERE k BETWEEN 3288888 AND 3288988
	Bitmap Heap Scan on sbtest6  (cost=5.50..417.41 rows=104 width=125)
	  Recheck Cond: ((k >= 3288888) AND (k <= 3288988))
	  ->  Bitmap Index Scan on k_6  (cost=0.00..5.47 rows=104 width=0)
	        Index Cond: ((k >= 3288888) AND (k <= 3288988))

table 7 : explain SELECT k, c FROM sbtest7 WHERE k BETWEEN 3288888 AND 3288988
	Bitmap Heap Scan on sbtest7  (cost=5.46..401.77 rows=100 width=125)
	  Recheck Cond: ((k >= 3288888) AND (k <= 3288988))
	  ->  Bitmap Index Scan on k_7  (cost=0.00..5.43 rows=100 width=0)
	        Index Cond: ((k >= 3288888) AND (k <= 3288988))

table 8 : explain SELECT k, c FROM sbtest8 WHERE k BETWEEN 3288888 AND 3288988
	Bitmap Heap Scan on sbtest8  (cost=5.44..393.67 rows=98 width=125)
	  Recheck Cond: ((k >= 3288888) AND (k <= 3288988))
	  ->  Bitmap Index Scan on k_8  (cost=0.00..5.42 rows=98 width=0)
	        Index Cond: ((k >= 3288888) AND (k <= 3288988))

explain: for range-notcovered :: explain SELECT k, c FROM sbtest%d WHERE k BETWEEN 4108565 AND 4108665
for range-notcovered
table 1 : explain SELECT k, c FROM sbtest1 WHERE k BETWEEN 4791258 AND 4791358
	Bitmap Heap Scan on sbtest1  (cost=5.57..444.97 rows=111 width=125)
	  Recheck Cond: ((k >= 4791258) AND (k <= 4791358))
	  ->  Bitmap Index Scan on k_1  (cost=0.00..5.54 rows=111 width=0)
	        Index Cond: ((k >= 4791258) AND (k <= 4791358))

table 2 : explain SELECT k, c FROM sbtest2 WHERE k BETWEEN 4791258 AND 4791358
	Bitmap Heap Scan on sbtest2  (cost=5.46..401.56 rows=100 width=125)
	  Recheck Cond: ((k >= 4791258) AND (k <= 4791358))
	  ->  Bitmap Index Scan on k_2  (cost=0.00..5.43 rows=100 width=0)
	        Index Cond: ((k >= 4791258) AND (k <= 4791358))

table 3 : explain SELECT k, c FROM sbtest3 WHERE k BETWEEN 4791258 AND 4791358
	Bitmap Heap Scan on sbtest3  (cost=5.51..421.49 rows=105 width=125)
	  Recheck Cond: ((k >= 4791258) AND (k <= 4791358))
	  ->  Bitmap Index Scan on k_3  (cost=0.00..5.48 rows=105 width=0)
	        Index Cond: ((k >= 4791258) AND (k <= 4791358))

table 4 : explain SELECT k, c FROM sbtest4 WHERE k BETWEEN 4791258 AND 4791358
	Bitmap Heap Scan on sbtest4  (cost=5.48..409.61 rows=102 width=125)
	  Recheck Cond: ((k >= 4791258) AND (k <= 4791358))
	  ->  Bitmap Index Scan on k_4  (cost=0.00..5.45 rows=102 width=0)
	        Index Cond: ((k >= 4791258) AND (k <= 4791358))

table 5 : explain SELECT k, c FROM sbtest5 WHERE k BETWEEN 4791258 AND 4791358
	Bitmap Heap Scan on sbtest5  (cost=5.43..389.74 rows=97 width=125)
	  Recheck Cond: ((k >= 4791258) AND (k <= 4791358))
	  ->  Bitmap Index Scan on k_5  (cost=0.00..5.40 rows=97 width=0)
	        Index Cond: ((k >= 4791258) AND (k <= 4791358))

table 6 : explain SELECT k, c FROM sbtest6 WHERE k BETWEEN 4791258 AND 4791358
	Bitmap Heap Scan on sbtest6  (cost=5.62..464.70 rows=116 width=125)
	  Recheck Cond: ((k >= 4791258) AND (k <= 4791358))
	  ->  Bitmap Index Scan on k_6  (cost=0.00..5.59 rows=116 width=0)
	        Index Cond: ((k >= 4791258) AND (k <= 4791358))

table 7 : explain SELECT k, c FROM sbtest7 WHERE k BETWEEN 4791258 AND 4791358
	Bitmap Heap Scan on sbtest7  (cost=5.56..441.23 rows=110 width=125)
	  Recheck Cond: ((k >= 4791258) AND (k <= 4791358))
	  ->  Bitmap Index Scan on k_7  (cost=0.00..5.53 rows=110 width=0)
	        Index Cond: ((k >= 4791258) AND (k <= 4791358))

table 8 : explain SELECT k, c FROM sbtest8 WHERE k BETWEEN 4791258 AND 4791358
	Bitmap Heap Scan on sbtest8  (cost=5.46..401.56 rows=100 width=125)
	  Recheck Cond: ((k >= 4791258) AND (k <= 4791358))
	  ->  Bitmap Index Scan on k_8  (cost=0.00..5.43 rows=100 width=0)
	        Index Cond: ((k >= 4791258) AND (k <= 4791358))

for range-notcovered
table 1 : explain SELECT k, c FROM sbtest1 WHERE k BETWEEN 7558343 AND 7558443
	Bitmap Heap Scan on sbtest1  (cost=5.47..405.55 rows=101 width=125)
	  Recheck Cond: ((k >= 7558343) AND (k <= 7558443))
	  ->  Bitmap Index Scan on k_1  (cost=0.00..5.44 rows=101 width=0)
	        Index Cond: ((k >= 7558343) AND (k <= 7558443))

table 2 : explain SELECT k, c FROM sbtest2 WHERE k BETWEEN 7558343 AND 7558443
	Bitmap Heap Scan on sbtest2  (cost=5.47..405.51 rows=101 width=125)
	  Recheck Cond: ((k >= 7558343) AND (k <= 7558443))
	  ->  Bitmap Index Scan on k_2  (cost=0.00..5.44 rows=101 width=0)
	        Index Cond: ((k >= 7558343) AND (k <= 7558443))

table 3 : explain SELECT k, c FROM sbtest3 WHERE k BETWEEN 7558343 AND 7558443
	Bitmap Heap Scan on sbtest3  (cost=5.54..433.32 rows=108 width=125)
	  Recheck Cond: ((k >= 7558343) AND (k <= 7558443))
	  ->  Bitmap Index Scan on k_3  (cost=0.00..5.51 rows=108 width=0)
	        Index Cond: ((k >= 7558343) AND (k <= 7558443))

table 4 : explain SELECT k, c FROM sbtest4 WHERE k BETWEEN 7558343 AND 7558443
	Bitmap Heap Scan on sbtest4  (cost=5.44..393.83 rows=98 width=125)
	  Recheck Cond: ((k >= 7558343) AND (k <= 7558443))
	  ->  Bitmap Index Scan on k_4  (cost=0.00..5.42 rows=98 width=0)
	        Index Cond: ((k >= 7558343) AND (k <= 7558443))

table 5 : explain SELECT k, c FROM sbtest5 WHERE k BETWEEN 7558343 AND 7558443
	Bitmap Heap Scan on sbtest5  (cost=5.55..437.06 rows=109 width=125)
	  Recheck Cond: ((k >= 7558343) AND (k <= 7558443))
	  ->  Bitmap Index Scan on k_5  (cost=0.00..5.52 rows=109 width=0)
	        Index Cond: ((k >= 7558343) AND (k <= 7558443))

table 6 : explain SELECT k, c FROM sbtest6 WHERE k BETWEEN 7558343 AND 7558443
	Bitmap Heap Scan on sbtest6  (cost=5.55..437.12 rows=109 width=125)
	  Recheck Cond: ((k >= 7558343) AND (k <= 7558443))
	  ->  Bitmap Index Scan on k_6  (cost=0.00..5.52 rows=109 width=0)
	        Index Cond: ((k >= 7558343) AND (k <= 7558443))

table 7 : explain SELECT k, c FROM sbtest7 WHERE k BETWEEN 7558343 AND 7558443
	Bitmap Heap Scan on sbtest7  (cost=5.41..382.03 rows=95 width=125)
	  Recheck Cond: ((k >= 7558343) AND (k <= 7558443))
	  ->  Bitmap Index Scan on k_7  (cost=0.00..5.38 rows=95 width=0)
	        Index Cond: ((k >= 7558343) AND (k <= 7558443))

table 8 : explain SELECT k, c FROM sbtest8 WHERE k BETWEEN 7558343 AND 7558443
	Bitmap Heap Scan on sbtest8  (cost=5.49..413.39 rows=103 width=125)
	  Recheck Cond: ((k >= 7558343) AND (k <= 7558443))
	  ->  Bitmap Index Scan on k_8  (cost=0.00..5.46 rows=103 width=0)
	        Index Cond: ((k >= 7558343) AND (k <= 7558443))

for range-notcovered
table 1 : explain SELECT k, c FROM sbtest1 WHERE k BETWEEN 4271217 AND 4271317
	Bitmap Heap Scan on sbtest1  (cost=5.45..397.66 rows=99 width=125)
	  Recheck Cond: ((k >= 4271217) AND (k <= 4271317))
	  ->  Bitmap Index Scan on k_1  (cost=0.00..5.42 rows=99 width=0)
	        Index Cond: ((k >= 4271217) AND (k <= 4271317))

table 2 : explain SELECT k, c FROM sbtest2 WHERE k BETWEEN 4271217 AND 4271317
	Bitmap Heap Scan on sbtest2  (cost=5.45..397.62 rows=99 width=125)
	  Recheck Cond: ((k >= 4271217) AND (k <= 4271317))
	  ->  Bitmap Index Scan on k_2  (cost=0.00..5.42 rows=99 width=0)
	        Index Cond: ((k >= 4271217) AND (k <= 4271317))

table 3 : explain SELECT k, c FROM sbtest3 WHERE k BETWEEN 4271217 AND 4271317
	Bitmap Heap Scan on sbtest3  (cost=5.37..366.22 rows=91 width=125)
	  Recheck Cond: ((k >= 4271217) AND (k <= 4271317))
	  ->  Bitmap Index Scan on k_3  (cost=0.00..5.34 rows=91 width=0)
	        Index Cond: ((k >= 4271217) AND (k <= 4271317))

table 4 : explain SELECT k, c FROM sbtest4 WHERE k BETWEEN 4271217 AND 4271317
	Bitmap Heap Scan on sbtest4  (cost=5.47..405.67 rows=101 width=125)
	  Recheck Cond: ((k >= 4271217) AND (k <= 4271317))
	  ->  Bitmap Index Scan on k_4  (cost=0.00..5.44 rows=101 width=0)
	        Index Cond: ((k >= 4271217) AND (k <= 4271317))

table 5 : explain SELECT k, c FROM sbtest5 WHERE k BETWEEN 4271217 AND 4271317
	Bitmap Heap Scan on sbtest5  (cost=5.50..417.35 rows=104 width=125)
	  Recheck Cond: ((k >= 4271217) AND (k <= 4271317))
	  ->  Bitmap Index Scan on k_5  (cost=0.00..5.47 rows=104 width=0)
	        Index Cond: ((k >= 4271217) AND (k <= 4271317))

table 6 : explain SELECT k, c FROM sbtest6 WHERE k BETWEEN 4271217 AND 4271317
	Bitmap Heap Scan on sbtest6  (cost=5.52..425.29 rows=106 width=125)
	  Recheck Cond: ((k >= 4271217) AND (k <= 4271317))
	  ->  Bitmap Index Scan on k_6  (cost=0.00..5.50 rows=106 width=0)
	        Index Cond: ((k >= 4271217) AND (k <= 4271317))

table 7 : explain SELECT k, c FROM sbtest7 WHERE k BETWEEN 4271217 AND 4271317
	Bitmap Heap Scan on sbtest7  (cost=5.46..401.77 rows=100 width=125)
	  Recheck Cond: ((k >= 4271217) AND (k <= 4271317))
	  ->  Bitmap Index Scan on k_7  (cost=0.00..5.43 rows=100 width=0)
	        Index Cond: ((k >= 4271217) AND (k <= 4271317))

table 8 : explain SELECT k, c FROM sbtest8 WHERE k BETWEEN 4271217 AND 4271317
	Bitmap Heap Scan on sbtest8  (cost=5.49..413.39 rows=103 width=125)
	  Recheck Cond: ((k >= 4271217) AND (k <= 4271317))
	  ->  Bitmap Index Scan on k_8  (cost=0.00..5.46 rows=103 width=0)
	        Index Cond: ((k >= 4271217) AND (k <= 4271317))

explain: for range-notcovered :: explain SELECT k, c FROM sbtest%d WHERE k BETWEEN 7558343 AND 7558443
for range-notcovered
table 1 : explain SELECT k, c FROM sbtest1 WHERE k BETWEEN 4108565 AND 4108665
	Bitmap Heap Scan on sbtest1  (cost=5.43..389.77 rows=97 width=125)
	  Recheck Cond: ((k >= 4108565) AND (k <= 4108665))
	  ->  Bitmap Index Scan on k_1  (cost=0.00..5.40 rows=97 width=0)
	        Index Cond: ((k >= 4108565) AND (k <= 4108665))

table 2 : explain SELECT k, c FROM sbtest2 WHERE k BETWEEN 4108565 AND 4108665
	Bitmap Heap Scan on sbtest2  (cost=5.52..425.22 rows=106 width=125)
	  Recheck Cond: ((k >= 4108565) AND (k <= 4108665))
	  ->  Bitmap Index Scan on k_2  (cost=0.00..5.50 rows=106 width=0)
	        Index Cond: ((k >= 4108565) AND (k <= 4108665))

table 3 : explain SELECT k, c FROM sbtest3 WHERE k BETWEEN 4108565 AND 4108665
	Bitmap Heap Scan on sbtest3  (cost=5.48..409.65 rows=102 width=125)
	  Recheck Cond: ((k >= 4108565) AND (k <= 4108665))
	  ->  Bitmap Index Scan on k_3  (cost=0.00..5.45 rows=102 width=0)
	        Index Cond: ((k >= 4108565) AND (k <= 4108665))

table 4 : explain SELECT k, c FROM sbtest4 WHERE k BETWEEN 4108565 AND 4108665
	Bitmap Heap Scan on sbtest4  (cost=5.55..437.23 rows=109 width=125)
	  Recheck Cond: ((k >= 4108565) AND (k <= 4108665))
	  ->  Bitmap Index Scan on k_4  (cost=0.00..5.52 rows=109 width=0)
	        Index Cond: ((k >= 4108565) AND (k <= 4108665))

table 5 : explain SELECT k, c FROM sbtest5 WHERE k BETWEEN 4108565 AND 4108665
	Bitmap Heap Scan on sbtest5  (cost=5.39..373.96 rows=93 width=125)
	  Recheck Cond: ((k >= 4108565) AND (k <= 4108665))
	  ->  Bitmap Index Scan on k_5  (cost=0.00..5.36 rows=93 width=0)
	        Index Cond: ((k >= 4108565) AND (k <= 4108665))

table 6 : explain SELECT k, c FROM sbtest6 WHERE k BETWEEN 4108565 AND 4108665
	Bitmap Heap Scan on sbtest6  (cost=5.51..421.35 rows=105 width=125)
	  Recheck Cond: ((k >= 4108565) AND (k <= 4108665))
	  ->  Bitmap Index Scan on k_6  (cost=0.00..5.48 rows=105 width=0)
	        Index Cond: ((k >= 4108565) AND (k <= 4108665))

table 7 : explain SELECT k, c FROM sbtest7 WHERE k BETWEEN 4108565 AND 4108665
	Bitmap Heap Scan on sbtest7  (cost=5.54..433.34 rows=108 width=125)
	  Recheck Cond: ((k >= 4108565) AND (k <= 4108665))
	  ->  Bitmap Index Scan on k_7  (cost=0.00..5.51 rows=108 width=0)
	        Index Cond: ((k >= 4108565) AND (k <= 4108665))

table 8 : explain SELECT k, c FROM sbtest8 WHERE k BETWEEN 4108565 AND 4108665
	Bitmap Heap Scan on sbtest8  (cost=5.54..433.10 rows=108 width=125)
	  Recheck Cond: ((k >= 4108565) AND (k <= 4108665))
	  ->  Bitmap Index Scan on k_8  (cost=0.00..5.51 rows=108 width=0)
	        Index Cond: ((k >= 4108565) AND (k <= 4108665))

for range-notcovered
table 1 : explain SELECT k, c FROM sbtest1 WHERE k BETWEEN 7558343 AND 7558443
	Bitmap Heap Scan on sbtest1  (cost=5.47..405.55 rows=101 width=125)
	  Recheck Cond: ((k >= 7558343) AND (k <= 7558443))
	  ->  Bitmap Index Scan on k_1  (cost=0.00..5.44 rows=101 width=0)
	        Index Cond: ((k >= 7558343) AND (k <= 7558443))

table 2 : explain SELECT k, c FROM sbtest2 WHERE k BETWEEN 7558343 AND 7558443
	Bitmap Heap Scan on sbtest2  (cost=5.47..405.51 rows=101 width=125)
	  Recheck Cond: ((k >= 7558343) AND (k <= 7558443))
	  ->  Bitmap Index Scan on k_2  (cost=0.00..5.44 rows=101 width=0)
	        Index Cond: ((k >= 7558343) AND (k <= 7558443))

table 3 : explain SELECT k, c FROM sbtest3 WHERE k BETWEEN 7558343 AND 7558443
	Bitmap Heap Scan on sbtest3  (cost=5.54..433.32 rows=108 width=125)
	  Recheck Cond: ((k >= 7558343) AND (k <= 7558443))
	  ->  Bitmap Index Scan on k_3  (cost=0.00..5.51 rows=108 width=0)
	        Index Cond: ((k >= 7558343) AND (k <= 7558443))

table 4 : explain SELECT k, c FROM sbtest4 WHERE k BETWEEN 7558343 AND 7558443
	Bitmap Heap Scan on sbtest4  (cost=5.44..393.83 rows=98 width=125)
	  Recheck Cond: ((k >= 7558343) AND (k <= 7558443))
	  ->  Bitmap Index Scan on k_4  (cost=0.00..5.42 rows=98 width=0)
	        Index Cond: ((k >= 7558343) AND (k <= 7558443))

table 5 : explain SELECT k, c FROM sbtest5 WHERE k BETWEEN 7558343 AND 7558443
	Bitmap Heap Scan on sbtest5  (cost=5.55..437.06 rows=109 width=125)
	  Recheck Cond: ((k >= 7558343) AND (k <= 7558443))
	  ->  Bitmap Index Scan on k_5  (cost=0.00..5.52 rows=109 width=0)
	        Index Cond: ((k >= 7558343) AND (k <= 7558443))

table 6 : explain SELECT k, c FROM sbtest6 WHERE k BETWEEN 7558343 AND 7558443
	Bitmap Heap Scan on sbtest6  (cost=5.55..437.12 rows=109 width=125)
	  Recheck Cond: ((k >= 7558343) AND (k <= 7558443))
	  ->  Bitmap Index Scan on k_6  (cost=0.00..5.52 rows=109 width=0)
	        Index Cond: ((k >= 7558343) AND (k <= 7558443))

table 7 : explain SELECT k, c FROM sbtest7 WHERE k BETWEEN 7558343 AND 7558443
	Bitmap Heap Scan on sbtest7  (cost=5.41..382.03 rows=95 width=125)
	  Recheck Cond: ((k >= 7558343) AND (k <= 7558443))
	  ->  Bitmap Index Scan on k_7  (cost=0.00..5.38 rows=95 width=0)
	        Index Cond: ((k >= 7558343) AND (k <= 7558443))

table 8 : explain SELECT k, c FROM sbtest8 WHERE k BETWEEN 7558343 AND 7558443
	Bitmap Heap Scan on sbtest8  (cost=5.49..413.39 rows=103 width=125)
	  Recheck Cond: ((k >= 7558343) AND (k <= 7558443))
	  ->  Bitmap Index Scan on k_8  (cost=0.00..5.46 rows=103 width=0)
	        Index Cond: ((k >= 7558343) AND (k <= 7558443))

explain: for range-notcovered :: explain SELECT k, c FROM sbtest%d WHERE k BETWEEN 7558343 AND 7558443
for range-notcovered
table 1 : explain SELECT k, c FROM sbtest1 WHERE k BETWEEN 7558343 AND 7558443
	Bitmap Heap Scan on sbtest1  (cost=5.47..405.55 rows=101 width=125)
	  Recheck Cond: ((k >= 7558343) AND (k <= 7558443))
	  ->  Bitmap Index Scan on k_1  (cost=0.00..5.44 rows=101 width=0)
	        Index Cond: ((k >= 7558343) AND (k <= 7558443))

table 2 : explain SELECT k, c FROM sbtest2 WHERE k BETWEEN 7558343 AND 7558443
	Bitmap Heap Scan on sbtest2  (cost=5.47..405.51 rows=101 width=125)
	  Recheck Cond: ((k >= 7558343) AND (k <= 7558443))
	  ->  Bitmap Index Scan on k_2  (cost=0.00..5.44 rows=101 width=0)
	        Index Cond: ((k >= 7558343) AND (k <= 7558443))

table 3 : explain SELECT k, c FROM sbtest3 WHERE k BETWEEN 7558343 AND 7558443
	Bitmap Heap Scan on sbtest3  (cost=5.54..433.32 rows=108 width=125)
	  Recheck Cond: ((k >= 7558343) AND (k <= 7558443))
	  ->  Bitmap Index Scan on k_3  (cost=0.00..5.51 rows=108 width=0)
	        Index Cond: ((k >= 7558343) AND (k <= 7558443))

table 4 : explain SELECT k, c FROM sbtest4 WHERE k BETWEEN 7558343 AND 7558443
	Bitmap Heap Scan on sbtest4  (cost=5.44..393.83 rows=98 width=125)
	  Recheck Cond: ((k >= 7558343) AND (k <= 7558443))
	  ->  Bitmap Index Scan on k_4  (cost=0.00..5.42 rows=98 width=0)
	        Index Cond: ((k >= 7558343) AND (k <= 7558443))

table 5 : explain SELECT k, c FROM sbtest5 WHERE k BETWEEN 7558343 AND 7558443
	Bitmap Heap Scan on sbtest5  (cost=5.55..437.06 rows=109 width=125)
	  Recheck Cond: ((k >= 7558343) AND (k <= 7558443))
	  ->  Bitmap Index Scan on k_5  (cost=0.00..5.52 rows=109 width=0)
	        Index Cond: ((k >= 7558343) AND (k <= 7558443))

table 6 : explain SELECT k, c FROM sbtest6 WHERE k BETWEEN 7558343 AND 7558443
	Bitmap Heap Scan on sbtest6  (cost=5.55..437.12 rows=109 width=125)
	  Recheck Cond: ((k >= 7558343) AND (k <= 7558443))
	  ->  Bitmap Index Scan on k_6  (cost=0.00..5.52 rows=109 width=0)
	        Index Cond: ((k >= 7558343) AND (k <= 7558443))

table 7 : explain SELECT k, c FROM sbtest7 WHERE k BETWEEN 7558343 AND 7558443
	Bitmap Heap Scan on sbtest7  (cost=5.41..382.03 rows=95 width=125)
	  Recheck Cond: ((k >= 7558343) AND (k <= 7558443))
	  ->  Bitmap Index Scan on k_7  (cost=0.00..5.38 rows=95 width=0)
	        Index Cond: ((k >= 7558343) AND (k <= 7558443))

table 8 : explain SELECT k, c FROM sbtest8 WHERE k BETWEEN 7558343 AND 7558443
	Bitmap Heap Scan on sbtest8  (cost=5.49..413.39 rows=103 width=125)
	  Recheck Cond: ((k >= 7558343) AND (k <= 7558443))
	  ->  Bitmap Index Scan on k_8  (cost=0.00..5.46 rows=103 width=0)
	        Index Cond: ((k >= 7558343) AND (k <= 7558443))

Threads started!

Warming up for 5 seconds...

SQL statistics:
    queries performed:
        read:                            102945350
        write:                           0
        other:                           0
        total:                           102945350
    transactions:                        102945350 (163403.69 per sec.)
    queries:                             102945350 (163403.69 per sec.)
    ignored errors:                      0      (0.00 per sec.)
    reconnects:                          0      (0.00 per sec.)

Throughput:
    events/s (eps):                      163403.6913
    time elapsed:                        630.0064s
    total number of events:              102945350

Latency (ms):
         min:                                    0.07
         avg:                                    0.24
         max:                                   16.33
         95th percentile:                        0.28
         sum:                             25153523.19

Threads fairness:
    events (avg/stddev):           2573630.6250/8844.26
    execution time (avg/stddev):   628.8381/0.02

