LUA_PATH=/home/mdcallag/git/mytools/bench/sysbench.lua/lua/?.lua /home/mdcallag/git/mytools/bench/sysbench.lua/lua/sysbench --db-driver=pgsql --range-size=1000 --table-size=10000000 --tables=8 --threads=40 --events=0 --warmup-time=5 --time=630 --pgsql_conn_id=true /home/mdcallag/git/mytools/bench/sysbench.lua/lua/oltp_read_only.lua run --pgsql-user=root --pgsql-password=pw --pgsql-host=127.0.0.1 --pgsql-db=ib --rand-type=uniform --simple-ranges=0 --sum-ranges=0 --order-ranges=1 --distinct-ranges=0
48 CPUs
sysbench 1.1.0-9072687 (using bundled LuaJIT 2.1.0-beta3)

Running the test with following options:
Number of threads: 40
Warmup time: 5s
Initializing random number generator from current time


Initializing worker threads...

explain: for point_selects :: explain SELECT c FROM sbtest%u WHERE id=%u
explain: for point_selects :: explain SELECT c FROM sbtest%u WHERE id=%u
explain: for point_selects :: explain SELECT c FROM sbtest%u WHERE id=%u
for point_selects
table 1 : explain SELECT c FROM sbtest1 WHERE id=8400121
	Index Scan using sbtest1_pkey on sbtest1  (cost=0.43..8.45 rows=1 width=121)
	  Index Cond: (id = 8400121)

table 2 : explain SELECT c FROM sbtest2 WHERE id=3588763
	Index Scan using sbtest2_pkey on sbtest2  (cost=0.43..8.45 rows=1 width=121)
	  Index Cond: (id = 3588763)

table 3 : explain SELECT c FROM sbtest3 WHERE id=4220806
	Index Scan using sbtest3_pkey on sbtest3  (cost=0.43..8.45 rows=1 width=121)
	  Index Cond: (id = 4220806)

table 4 : explain SELECT c FROM sbtest4 WHERE id=7622552
	Index Scan using sbtest4_pkey on sbtest4  (cost=0.43..8.45 rows=1 width=121)
	  Index Cond: (id = 7622552)

table 5 : explain SELECT c FROM sbtest5 WHERE id=5738102
	Index Scan using sbtest5_pkey on sbtest5  (cost=0.43..8.45 rows=1 width=121)
	  Index Cond: (id = 5738102)

table 6 : explain SELECT c FROM sbtest6 WHERE id=7847310
	Index Scan using sbtest6_pkey on sbtest6  (cost=0.43..8.45 rows=1 width=121)
	  Index Cond: (id = 7847310)

table 7 : explain SELECT c FROM sbtest7 WHERE id=5292966
	Index Scan using sbtest7_pkey on sbtest7  (cost=0.43..8.45 rows=1 width=121)
	  Index Cond: (id = 5292966)

table 8 : explain SELECT c FROM sbtest8 WHERE id=2884346
	Index Scan using sbtest8_pkey on sbtest8  (cost=0.43..8.45 rows=1 width=121)
	  Index Cond: (id = 2884346)

for point_selects
table 1 : explain SELECT c FROM sbtest1 WHERE id=2825963
	Index Scan using sbtest1_pkey on sbtest1  (cost=0.43..8.45 rows=1 width=121)
	  Index Cond: (id = 2825963)

table 2 : explain SELECT c FROM sbtest2 WHERE id=1685078
	Index Scan using sbtest2_pkey on sbtest2  (cost=0.43..8.45 rows=1 width=121)
	  Index Cond: (id = 1685078)

table 3 : explain SELECT c FROM sbtest3 WHERE id=742088
	Index Scan using sbtest3_pkey on sbtest3  (cost=0.43..8.45 rows=1 width=121)
	  Index Cond: (id = 742088)

table 4 : explain SELECT c FROM sbtest4 WHERE id=3781470
	Index Scan using sbtest4_pkey on sbtest4  (cost=0.43..8.45 rows=1 width=121)
	  Index Cond: (id = 3781470)

table 5 : explain SELECT c FROM sbtest5 WHERE id=5537599
	Index Scan using sbtest5_pkey on sbtest5  (cost=0.43..8.45 rows=1 width=121)
	  Index Cond: (id = 5537599)

table 6 : explain SELECT c FROM sbtest6 WHERE id=4955064
	Index Scan using sbtest6_pkey on sbtest6  (cost=0.43..8.45 rows=1 width=121)
	  Index Cond: (id = 4955064)

table 7 : explain SELECT c FROM sbtest7 WHERE id=9819152
	Index Scan using sbtest7_pkey on sbtest7  (cost=0.43..8.45 rows=1 width=121)
	  Index Cond: (id = 9819152)

table 8 : explain SELECT c FROM sbtest8 WHERE id=9658050
	Index Scan using sbtest8_pkey on sbtest8  (cost=0.43..8.45 rows=1 width=121)
	  Index Cond: (id = 9658050)

for: simple_ranges
table 1 : explain SELECT c FROM sbtest1 WHERE id BETWEEN 2471974 AND 2472973
	Bitmap Heap Scan on sbtest1  (cost=30.91..3955.46 rows=1022 width=121)
	  Recheck Cond: ((id >= 2471974) AND (id <= 2472973))
	  ->  Bitmap Index Scan on sbtest1_pkey  (cost=0.00..30.65 rows=1022 width=0)
	        Index Cond: ((id >= 2471974) AND (id <= 2472973))

table 2 : explain SELECT c FROM sbtest2 WHERE id BETWEEN 7438426 AND 7439425
	Bitmap Heap Scan on sbtest2  (cost=25.74..3519.93 rows=908 width=121)
	  Recheck Cond: ((id >= 7438426) AND (id <= 7439425))
	  ->  Bitmap Index Scan on sbtest2_pkey  (cost=0.00..25.51 rows=908 width=0)
	        Index Cond: ((id >= 7438426) AND (id <= 7439425))

table 3 : explain SELECT c FROM sbtest3 WHERE id BETWEEN 9616411 AND 9617410
	Bitmap Heap Scan on sbtest3  (cost=30.89..3953.01 rows=1020 width=121)
	  Recheck Cond: ((id >= 9616411) AND (id <= 9617410))
	  ->  Bitmap Index Scan on sbtest3_pkey  (cost=0.00..30.64 rows=1020 width=0)
	        Index Cond: ((id >= 9616411) AND (id <= 9617410))

table 4 : explain SELECT c FROM sbtest4 WHERE id BETWEEN 4797885 AND 4798884
	Bitmap Heap Scan on sbtest4  (cost=30.87..3944.24 rows=1018 width=121)
	  Recheck Cond: ((id >= 4797885) AND (id <= 4798884))
	  ->  Bitmap Index Scan on sbtest4_pkey  (cost=0.00..30.61 rows=1018 width=0)
	        Index Cond: ((id >= 4797885) AND (id <= 4798884))

table 5 : explain SELECT c FROM sbtest5 WHERE id BETWEEN 7885310 AND 7886309
	Bitmap Heap Scan on sbtest5  (cost=30.33..3739.74 rows=965 width=121)
	  Recheck Cond: ((id >= 7885310) AND (id <= 7886309))
	  ->  Bitmap Index Scan on sbtest5_pkey  (cost=0.00..30.08 rows=965 width=0)
	        Index Cond: ((id >= 7885310) AND (id <= 7886309))

table 6 : explain SELECT c FROM sbtest6 WHERE id BETWEEN 3574382 AND 3575381
	Bitmap Heap Scan on sbtest6  (cost=30.39..3763.91 rows=971 width=121)
	  Recheck Cond: ((id >= 3574382) AND (id <= 3575381))
	  ->  Bitmap Index Scan on sbtest6_pkey  (cost=0.00..30.14 rows=971 width=0)
	        Index Cond: ((id >= 3574382) AND (id <= 3575381))

table 7 : explain SELECT c FROM sbtest7 WHERE id BETWEEN 3854935 AND 3855934
	Bitmap Heap Scan on sbtest7  (cost=31.44..4157.22 rows=1074 width=121)
	  Recheck Cond: ((id >= 3854935) AND (id <= 3855934))
	  ->  Bitmap Index Scan on sbtest7_pkey  (cost=0.00..31.18 rows=1074 width=0)
	        Index Cond: ((id >= 3854935) AND (id <= 3855934))

table 8 : explain SELECT c FROM sbtest8 WHERE id BETWEEN 9464397 AND 9465396
	Bitmap Heap Scan on sbtest8  (cost=29.88..3572.98 rows=921 width=121)
	  Recheck Cond: ((id >= 9464397) AND (id <= 9465396))
	  ->  Bitmap Index Scan on sbtest8_pkey  (cost=0.00..29.64 rows=921 width=0)
	        Index Cond: ((id >= 9464397) AND (id <= 9465396))

for: simple_ranges
table 1 : explain SELECT c FROM sbtest1 WHERE id BETWEEN 4385309 AND 4386308
	Bitmap Heap Scan on sbtest1  (cost=25.71..3509.67 rows=905 width=121)
	  Recheck Cond: ((id >= 4385309) AND (id <= 4386308))
	  ->  Bitmap Index Scan on sbtest1_pkey  (cost=0.00..25.48 rows=905 width=0)
	        Index Cond: ((id >= 4385309) AND (id <= 4386308))

table 2 : explain SELECT c FROM sbtest2 WHERE id BETWEEN 1947452 AND 1948451
	Bitmap Heap Scan on sbtest2  (cost=30.59..3837.33 rows=991 width=121)
	  Recheck Cond: ((id >= 1947452) AND (id <= 1948451))
	  ->  Bitmap Index Scan on sbtest2_pkey  (cost=0.00..30.34 rows=991 width=0)
	        Index Cond: ((id >= 1947452) AND (id <= 1948451))

table 3 : explain SELECT c FROM sbtest3 WHERE id BETWEEN 6183578 AND 6184577
	Bitmap Heap Scan on sbtest3  (cost=31.22..4073.79 rows=1052 width=121)
	  Recheck Cond: ((id >= 6183578) AND (id <= 6184577))
	  ->  Bitmap Index Scan on sbtest3_pkey  (cost=0.00..30.95 rows=1052 width=0)
	        Index Cond: ((id >= 6183578) AND (id <= 6184577))

table 4 : explain SELECT c FROM sbtest4 WHERE id BETWEEN 3557248 AND 3558247
	Bitmap Heap Scan on sbtest4  (cost=32.42..4509.11 rows=1169 width=121)
	  Recheck Cond: ((id >= 3557248) AND (id <= 3558247))
	  ->  Bitmap Index Scan on sbtest4_pkey  (cost=0.00..32.12 rows=1169 width=0)
	        Index Cond: ((id >= 3557248) AND (id <= 3558247))

table 5 : explain SELECT c FROM sbtest5 WHERE id BETWEEN 5296744 AND 5297743
	Bitmap Heap Scan on sbtest5  (cost=30.36..3751.06 rows=968 width=121)
	  Recheck Cond: ((id >= 5296744) AND (id <= 5297743))
	  ->  Bitmap Index Scan on sbtest5_pkey  (cost=0.00..30.11 rows=968 width=0)
	        Index Cond: ((id >= 5296744) AND (id <= 5297743))

table 6 : explain SELECT c FROM sbtest6 WHERE id BETWEEN 2536352 AND 2537351
	Bitmap Heap Scan on sbtest6  (cost=31.70..4246.24 rows=1099 width=121)
	  Recheck Cond: ((id >= 2536352) AND (id <= 2537351))
	  ->  Bitmap Index Scan on sbtest6_pkey  (cost=0.00..31.43 rows=1099 width=0)
	        Index Cond: ((id >= 2536352) AND (id <= 2537351))

table 7 : explain SELECT c FROM sbtest7 WHERE id BETWEEN 5390863 AND 5391862
	Bitmap Heap Scan on sbtest7  (cost=29.94..3601.66 rows=927 width=121)
	  Recheck Cond: ((id >= 5390863) AND (id <= 5391862))
	  ->  Bitmap Index Scan on sbtest7_pkey  (cost=0.00..29.70 rows=927 width=0)
	        Index Cond: ((id >= 5390863) AND (id <= 5391862))

table 8 : explain SELECT c FROM sbtest8 WHERE id BETWEEN 5563547 AND 5564546
	Bitmap Heap Scan on sbtest8  (cost=30.48..3795.75 rows=980 width=121)
	  Recheck Cond: ((id >= 5563547) AND (id <= 5564546))
	  ->  Bitmap Index Scan on sbtest8_pkey  (cost=0.00..30.23 rows=980 width=0)
	        Index Cond: ((id >= 5563547) AND (id <= 5564546))

for point_selects
table 1 : explain SELECT c FROM sbtest1 WHERE id=6546135
	Index Scan using sbtest1_pkey on sbtest1  (cost=0.43..8.45 rows=1 width=121)
	  Index Cond: (id = 6546135)

table 2 : explain SELECT c FROM sbtest2 WHERE id=5098478
	Index Scan using sbtest2_pkey on sbtest2  (cost=0.43..8.45 rows=1 width=121)
	  Index Cond: (id = 5098478)

table 3 : explain SELECT c FROM sbtest3 WHERE id=7346836
	Index Scan using sbtest3_pkey on sbtest3  (cost=0.43..8.45 rows=1 width=121)
	  Index Cond: (id = 7346836)

table 4 : explain SELECT c FROM sbtest4 WHERE id=9641171
	Index Scan using sbtest4_pkey on sbtest4  (cost=0.43..8.45 rows=1 width=121)
	  Index Cond: (id = 9641171)

table 5 : explain SELECT c FROM sbtest5 WHERE id=5380080
	Index Scan using sbtest5_pkey on sbtest5  (cost=0.43..8.45 rows=1 width=121)
	  Index Cond: (id = 5380080)

table 6 : explain SELECT c FROM sbtest6 WHERE id=7760957
	Index Scan using sbtest6_pkey on sbtest6  (cost=0.43..8.45 rows=1 width=121)
	  Index Cond: (id = 7760957)

table 7 : explain SELECT c FROM sbtest7 WHERE id=1630178
	Index Scan using sbtest7_pkey on sbtest7  (cost=0.43..8.45 rows=1 width=121)
	  Index Cond: (id = 1630178)

table 8 : explain SELECT c FROM sbtest8 WHERE id=5703502
	Index Scan using sbtest8_pkey on sbtest8  (cost=0.43..8.45 rows=1 width=121)
	  Index Cond: (id = 5703502)

explain: for point_selects :: explain SELECT c FROM sbtest%u WHERE id=%u
explain: for point_selects :: explain SELECT c FROM sbtest%u WHERE id=%u
explain: for point_selects :: explain SELECT c FROM sbtest%u WHERE id=%u
explain: for point_selects :: explain SELECT c FROM sbtest%u WHERE id=%u
explain: for point_selects :: explain SELECT c FROM sbtest%u WHERE id=%u
for: simple_ranges
table 1 : explain SELECT c FROM sbtest1 WHERE id BETWEEN 8544243 AND 8545242
	Bitmap Heap Scan on sbtest1  (cost=25.72..3513.46 rows=906 width=121)
	  Recheck Cond: ((id >= 8544243) AND (id <= 8545242))
	  ->  Bitmap Index Scan on sbtest1_pkey  (cost=0.00..25.50 rows=906 width=0)
	        Index Cond: ((id >= 8544243) AND (id <= 8545242))

table 2 : explain SELECT c FROM sbtest2 WHERE id BETWEEN 608984 AND 609983
	Bitmap Heap Scan on sbtest2  (cost=30.41..3769.44 rows=973 width=121)
	  Recheck Cond: ((id >= 608984) AND (id <= 609983))
	  ->  Bitmap Index Scan on sbtest2_pkey  (cost=0.00..30.16 rows=973 width=0)
	        Index Cond: ((id >= 608984) AND (id <= 609983))

table 3 : explain SELECT c FROM sbtest3 WHERE id BETWEEN 6934011 AND 6935010
	Bitmap Heap Scan on sbtest3  (cost=31.54..4190.68 rows=1083 width=121)
	  Recheck Cond: ((id >= 6934011) AND (id <= 6935010))
	  ->  Bitmap Index Scan on sbtest3_pkey  (cost=0.00..31.26 rows=1083 width=0)
	        Index Cond: ((id >= 6934011) AND (id <= 6935010))

table 4 : explain SELECT c FROM sbtest4 WHERE id BETWEEN 6375391 AND 6376390
	Bitmap Heap Scan on sbtest4  (cost=30.73..3891.38 rows=1004 width=121)
	  Recheck Cond: ((id >= 6375391) AND (id <= 6376390))
	  ->  Bitmap Index Scan on sbtest4_pkey  (cost=0.00..30.47 rows=1004 width=0)
	        Index Cond: ((id >= 6375391) AND (id <= 6376390))

table 5 : explain SELECT c FROM sbtest5 WHERE id BETWEEN 8503190 AND 8504189
	Bitmap Heap Scan on sbtest5  (cost=30.87..3939.61 rows=1018 width=121)
	  Recheck Cond: ((id >= 8503190) AND (id <= 8504189))
	  ->  Bitmap Index Scan on sbtest5_pkey  (cost=0.00..30.61 rows=1018 width=0)
	        Index Cond: ((id >= 8503190) AND (id <= 8504189))

table 6 : explain SELECT c FROM sbtest6 WHERE id BETWEEN 3607405 AND 3608404
	Bitmap Heap Scan on sbtest6  (cost=31.04..4005.33 rows=1035 width=121)
	  Recheck Cond: ((id >= 3607405) AND (id <= 3608404))
	  ->  Bitmap Index Scan on sbtest6_pkey  (cost=0.00..30.79 rows=1035 width=0)
	        Index Cond: ((id >= 3607405) AND (id <= 3608404))

table 7 : explain SELECT c FROM sbtest7 WHERE id BETWEEN 6673734 AND 6674733
	Bitmap Heap Scan on sbtest7  (cost=30.26..3722.83 rows=959 width=121)
	  Recheck Cond: ((id >= 6673734) AND (id <= 6674733))
	  ->  Bitmap Index Scan on sbtest7_pkey  (cost=0.00..30.02 rows=959 width=0)
	        Index Cond: ((id >= 6673734) AND (id <= 6674733))

table 8 : explain SELECT c FROM sbtest8 WHERE id BETWEEN 4405488 AND 4406487
	Bitmap Heap Scan on sbtest8  (cost=30.52..3810.83 rows=984 width=121)
	  Recheck Cond: ((id >= 4405488) AND (id <= 4406487))
	  ->  Bitmap Index Scan on sbtest8_pkey  (cost=0.00..30.27 rows=984 width=0)
	        Index Cond: ((id >= 4405488) AND (id <= 4406487))

for point_selects
table 1 : explain SELECT c FROM sbtest1 WHERE id=1629296
	Index Scan using sbtest1_pkey on sbtest1  (cost=0.43..8.45 rows=1 width=121)
	  Index Cond: (id = 1629296)

table 2 : explain SELECT c FROM sbtest2 WHERE id=6758668
	Index Scan using sbtest2_pkey on sbtest2  (cost=0.43..8.45 rows=1 width=121)
	  Index Cond: (id = 6758668)

table 3 : explain SELECT c FROM sbtest3 WHERE id=5060309
	Index Scan using sbtest3_pkey on sbtest3  (cost=0.43..8.45 rows=1 width=121)
	  Index Cond: (id = 5060309)

table 4 : explain SELECT c FROM sbtest4 WHERE id=7620952
	Index Scan using sbtest4_pkey on sbtest4  (cost=0.43..8.45 rows=1 width=121)
	  Index Cond: (id = 7620952)

table 5 : explain SELECT c FROM sbtest5 WHERE id=642952
	Index Scan using sbtest5_pkey on sbtest5  (cost=0.43..8.45 rows=1 width=121)
	  Index Cond: (id = 642952)

table 6 : explain SELECT c FROM sbtest6 WHERE id=9124604
	Index Scan using sbtest6_pkey on sbtest6  (cost=0.43..8.45 rows=1 width=121)
	  Index Cond: (id = 9124604)

table 7 : explain SELECT c FROM sbtest7 WHERE id=3331241
	Index Scan using sbtest7_pkey on sbtest7  (cost=0.43..8.45 rows=1 width=121)
	  Index Cond: (id = 3331241)

table 8 : explain SELECT c FROM sbtest8 WHERE id=1932257
	Index Scan using sbtest8_pkey on sbtest8  (cost=0.43..8.45 rows=1 width=121)
	  Index Cond: (id = 1932257)

for point_selects
table 1 : explain SELECT c FROM sbtest1 WHERE id=3917557
	Index Scan using sbtest1_pkey on sbtest1  (cost=0.43..8.45 rows=1 width=121)
	  Index Cond: (id = 3917557)

table 2 : explain SELECT c FROM sbtest2 WHERE id=7124422
	Index Scan using sbtest2_pkey on sbtest2  (cost=0.43..8.45 rows=1 width=121)
	  Index Cond: (id = 7124422)

table 3 : explain SELECT c FROM sbtest3 WHERE id=8476065
	Index Scan using sbtest3_pkey on sbtest3  (cost=0.43..8.45 rows=1 width=121)
	  Index Cond: (id = 8476065)

table 4 : explain SELECT c FROM sbtest4 WHERE id=1767029
	Index Scan using sbtest4_pkey on sbtest4  (cost=0.43..8.45 rows=1 width=121)
	  Index Cond: (id = 1767029)

table 5 : explain SELECT c FROM sbtest5 WHERE id=1810096
	Index Scan using sbtest5_pkey on sbtest5  (cost=0.43..8.45 rows=1 width=121)
	  Index Cond: (id = 1810096)

table 6 : explain SELECT c FROM sbtest6 WHERE id=4232594
	Index Scan using sbtest6_pkey on sbtest6  (cost=0.43..8.45 rows=1 width=121)
	  Index Cond: (id = 4232594)

table 7 : explain SELECT c FROM sbtest7 WHERE id=9763223
	Index Scan using sbtest7_pkey on sbtest7  (cost=0.43..8.45 rows=1 width=121)
	  Index Cond: (id = 9763223)

table 8 : explain SELECT c FROM sbtest8 WHERE id=9945631
	Index Scan using sbtest8_pkey on sbtest8  (cost=0.43..8.45 rows=1 width=121)
	  Index Cond: (id = 9945631)

explain: for point_selects :: explain SELECT c FROM sbtest%u WHERE id=%u
for point_selects
table 1 : explain SELECT c FROM sbtest1 WHERE id=452786
	Index Scan using sbtest1_pkey on sbtest1  (cost=0.43..8.45 rows=1 width=121)
	  Index Cond: (id = 452786)

table 2 : explain SELECT c FROM sbtest2 WHERE id=6873346
	Index Scan using sbtest2_pkey on sbtest2  (cost=0.43..8.45 rows=1 width=121)
	  Index Cond: (id = 6873346)

table 3 : explain SELECT c FROM sbtest3 WHERE id=491968
	Index Scan using sbtest3_pkey on sbtest3  (cost=0.43..8.45 rows=1 width=121)
	  Index Cond: (id = 491968)

table 4 : explain SELECT c FROM sbtest4 WHERE id=1224655
	Index Scan using sbtest4_pkey on sbtest4  (cost=0.43..8.45 rows=1 width=121)
	  Index Cond: (id = 1224655)

table 5 : explain SELECT c FROM sbtest5 WHERE id=7719340
	Index Scan using sbtest5_pkey on sbtest5  (cost=0.43..8.45 rows=1 width=121)
	  Index Cond: (id = 7719340)

table 6 : explain SELECT c FROM sbtest6 WHERE id=9798555
	Index Scan using sbtest6_pkey on sbtest6  (cost=0.43..8.45 rows=1 width=121)
	  Index Cond: (id = 9798555)

table 7 : explain SELECT c FROM sbtest7 WHERE id=1641633
	Index Scan using sbtest7_pkey on sbtest7  (cost=0.43..8.45 rows=1 width=121)
	  Index Cond: (id = 1641633)

table 8 : explain SELECT c FROM sbtest8 WHERE id=8001339
	Index Scan using sbtest8_pkey on sbtest8  (cost=0.43..8.45 rows=1 width=121)
	  Index Cond: (id = 8001339)

explain: for point_selects :: explain SELECT c FROM sbtest%u WHERE id=%u
for point_selects
table 1 : explain SELECT c FROM sbtest1 WHERE id=7433653
	Index Scan using sbtest1_pkey on sbtest1  (cost=0.43..8.45 rows=1 width=121)
	  Index Cond: (id = 7433653)

table 2 : explain SELECT c FROM sbtest2 WHERE id=105449
	Index Scan using sbtest2_pkey on sbtest2  (cost=0.43..8.45 rows=1 width=121)
	  Index Cond: (id = 105449)

table 3 : explain SELECT c FROM sbtest3 WHERE id=1084678
	Index Scan using sbtest3_pkey on sbtest3  (cost=0.43..8.45 rows=1 width=121)
	  Index Cond: (id = 1084678)

table 4 : explain SELECT c FROM sbtest4 WHERE id=1603858
	Index Scan using sbtest4_pkey on sbtest4  (cost=0.43..8.45 rows=1 width=121)
	  Index Cond: (id = 1603858)

table 5 : explain SELECT c FROM sbtest5 WHERE id=6671338
	Index Scan using sbtest5_pkey on sbtest5  (cost=0.43..8.45 rows=1 width=121)
	  Index Cond: (id = 6671338)

table 6 : explain SELECT c FROM sbtest6 WHERE id=5225048
	Index Scan using sbtest6_pkey on sbtest6  (cost=0.43..8.45 rows=1 width=121)
	  Index Cond: (id = 5225048)

table 7 : explain SELECT c FROM sbtest7 WHERE id=8360816
	Index Scan using sbtest7_pkey on sbtest7  (cost=0.43..8.45 rows=1 width=121)
	  Index Cond: (id = 8360816)

table 8 : explain SELECT c FROM sbtest8 WHERE id=841211
	Index Scan using sbtest8_pkey on sbtest8  (cost=0.43..8.45 rows=1 width=121)
	  Index Cond: (id = 841211)

for: sum_ranges
table 1 : explain SELECT SUM(k) FROM sbtest1 WHERE id BETWEEN 6454959 AND 6455958
	Aggregate  (cost=3965.56..3965.57 rows=1 width=8)
	  ->  Bitmap Heap Scan on sbtest1  (cost=30.93..3963.00 rows=1024 width=4)
	        Recheck Cond: ((id >= 6454959) AND (id <= 6455958))
	        ->  Bitmap Index Scan on sbtest1_pkey  (cost=0.00..30.68 rows=1024 width=0)
	              Index Cond: ((id >= 6454959) AND (id <= 6455958))

table 2 : explain SELECT SUM(k) FROM sbtest2 WHERE id BETWEEN 2020773 AND 2021772
	Aggregate  (cost=3518.42..3518.43 rows=1 width=8)
	  ->  Bitmap Heap Scan on sbtest2  (cost=25.73..3516.15 rows=907 width=4)
	        Recheck Cond: ((id >= 2020773) AND (id <= 2021772))
	        ->  Bitmap Index Scan on sbtest2_pkey  (cost=0.00..25.50 rows=907 width=0)
	              Index Cond: ((id >= 2020773) AND (id <= 2021772))

table 3 : explain SELECT SUM(k) FROM sbtest3 WHERE id BETWEEN 9901601 AND 9902600
	Aggregate  (cost=3618.77..3618.78 rows=1 width=8)
	  ->  Bitmap Heap Scan on sbtest3  (cost=29.98..3616.44 rows=931 width=4)
	        Recheck Cond: ((id >= 9901601) AND (id <= 9902600))
	        ->  Bitmap Index Scan on sbtest3_pkey  (cost=0.00..29.75 rows=931 width=0)
	              Index Cond: ((id >= 9901601) AND (id <= 9902600))

table 4 : explain SELECT SUM(k) FROM sbtest4 WHERE id BETWEEN 1057492 AND 1058491
	Aggregate  (cost=3439.30..3439.31 rows=1 width=8)
	  ->  Bitmap Heap Scan on sbtest4  (cost=25.51..3437.09 rows=885 width=4)
	        Recheck Cond: ((id >= 1057492) AND (id <= 1058491))
	        ->  Bitmap Index Scan on sbtest4_pkey  (cost=0.00..25.29 rows=885 width=0)
	              Index Cond: ((id >= 1057492) AND (id <= 1058491))

table 5 : explain SELECT SUM(k) FROM sbtest5 WHERE id BETWEEN 5964356 AND 5965355
	Aggregate  (cost=3972.32..3972.33 rows=1 width=8)
	  ->  Bitmap Heap Scan on sbtest5  (cost=30.95..3969.75 rows=1026 width=4)
	        Recheck Cond: ((id >= 5964356) AND (id <= 5965355))
	        ->  Bitmap Index Scan on sbtest5_pkey  (cost=0.00..30.69 rows=1026 width=0)
	              Index Cond: ((id >= 5964356) AND (id <= 5965355))

table 6 : explain SELECT SUM(k) FROM sbtest6 WHERE id BETWEEN 5434513 AND 5435512
	Aggregate  (cost=4053.15..4053.16 rows=1 width=8)
	  ->  Bitmap Heap Scan on sbtest6  (cost=31.17..4050.54 rows=1047 width=4)
	        Recheck Cond: ((id >= 5434513) AND (id <= 5435512))
	        ->  Bitmap Index Scan on sbtest6_pkey  (cost=0.00..30.90 rows=1047 width=0)
	              Index Cond: ((id >= 5434513) AND (id <= 5435512))

table 7 : explain SELECT SUM(k) FROM sbtest7 WHERE id BETWEEN 1238966 AND 1239965
	Aggregate  (cost=3763.09..3763.10 rows=1 width=8)
	  ->  Bitmap Heap Scan on sbtest7  (cost=30.37..3760.66 rows=969 width=4)
	        Recheck Cond: ((id >= 1238966) AND (id <= 1239965))
	        ->  Bitmap Index Scan on sbtest7_pkey  (cost=0.00..30.12 rows=969 width=0)
	              Index Cond: ((id >= 1238966) AND (id <= 1239965))

table 8 : explain SELECT SUM(k) FROM sbtest8 WHERE id BETWEEN 8283693 AND 8284692
	Aggregate  (cost=3847.25..3847.26 rows=1 width=8)
	  ->  Bitmap Heap Scan on sbtest8  (cost=30.61..3844.77 rows=993 width=4)
	        Recheck Cond: ((id >= 8283693) AND (id <= 8284692))
	        ->  Bitmap Index Scan on sbtest8_pkey  (cost=0.00..30.36 rows=993 width=0)
	              Index Cond: ((id >= 8283693) AND (id <= 8284692))

for: simple_ranges
table 1 : explain SELECT c FROM sbtest1 WHERE id BETWEEN 7896691 AND 7897690
	Bitmap Heap Scan on sbtest1  (cost=30.63..3853.67 rows=995 width=121)
	  Recheck Cond: ((id >= 7896691) AND (id <= 7897690))
	  ->  Bitmap Index Scan on sbtest1_pkey  (cost=0.00..30.39 rows=995 width=0)
	        Index Cond: ((id >= 7896691) AND (id <= 7897690))

table 2 : explain SELECT c FROM sbtest2 WHERE id BETWEEN 7876795 AND 7877794
	Bitmap Heap Scan on sbtest2  (cost=31.11..4025.70 rows=1041 width=121)
	  Recheck Cond: ((id >= 7876795) AND (id <= 7877794))
	  ->  Bitmap Index Scan on sbtest2_pkey  (cost=0.00..30.84 rows=1041 width=0)
	        Index Cond: ((id >= 7876795) AND (id <= 7877794))

table 3 : explain SELECT c FROM sbtest3 WHERE id BETWEEN 9866211 AND 9867210
	Bitmap Heap Scan on sbtest3  (cost=30.21..3703.52 rows=954 width=121)
	  Recheck Cond: ((id >= 9866211) AND (id <= 9867210))
	  ->  Bitmap Index Scan on sbtest3_pkey  (cost=0.00..29.97 rows=954 width=0)
	        Index Cond: ((id >= 9866211) AND (id <= 9867210))

table 4 : explain SELECT c FROM sbtest4 WHERE id BETWEEN 5578074 AND 5579073
	Bitmap Heap Scan on sbtest4  (cost=31.94..4336.14 rows=1122 width=121)
	  Recheck Cond: ((id >= 5578074) AND (id <= 5579073))
	  ->  Bitmap Index Scan on sbtest4_pkey  (cost=0.00..31.65 rows=1122 width=0)
	        Index Cond: ((id >= 5578074) AND (id <= 5579073))

table 5 : explain SELECT c FROM sbtest5 WHERE id BETWEEN 8068409 AND 8069408
	Bitmap Heap Scan on sbtest5  (cost=26.11..3656.44 rows=944 width=121)
	  Recheck Cond: ((id >= 8068409) AND (id <= 8069408))
	  ->  Bitmap Index Scan on sbtest5_pkey  (cost=0.00..25.87 rows=944 width=0)
	        Index Cond: ((id >= 8068409) AND (id <= 8069408))

table 6 : explain SELECT c FROM sbtest6 WHERE id BETWEEN 3755447 AND 3756446
	Bitmap Heap Scan on sbtest6  (cost=25.75..3525.54 rows=909 width=121)
	  Recheck Cond: ((id >= 3755447) AND (id <= 3756446))
	  ->  Bitmap Index Scan on sbtest6_pkey  (cost=0.00..25.52 rows=909 width=0)
	        Index Cond: ((id >= 3755447) AND (id <= 3756446))

table 7 : explain SELECT c FROM sbtest7 WHERE id BETWEEN 2534948 AND 2535947
	Bitmap Heap Scan on sbtest7  (cost=30.94..3972.33 rows=1025 width=121)
	  Recheck Cond: ((id >= 2534948) AND (id <= 2535947))
	  ->  Bitmap Index Scan on sbtest7_pkey  (cost=0.00..30.68 rows=1025 width=0)
	        Index Cond: ((id >= 2534948) AND (id <= 2535947))

table 8 : explain SELECT c FROM sbtest8 WHERE id BETWEEN 7592034 AND 7593033
	Bitmap Heap Scan on sbtest8  (cost=30.45..3784.43 rows=977 width=121)
	  Recheck Cond: ((id >= 7592034) AND (id <= 7593033))
	  ->  Bitmap Index Scan on sbtest8_pkey  (cost=0.00..30.20 rows=977 width=0)
	        Index Cond: ((id >= 7592034) AND (id <= 7593033))

for: simple_ranges
table 1 : explain SELECT c FROM sbtest1 WHERE id BETWEEN 5804467 AND 5805466
	Bitmap Heap Scan on sbtest1  (cost=31.29..4094.81 rows=1059 width=121)
	  Recheck Cond: ((id >= 5804467) AND (id <= 5805466))
	  ->  Bitmap Index Scan on sbtest1_pkey  (cost=0.00..31.02 rows=1059 width=0)
	        Index Cond: ((id >= 5804467) AND (id <= 5805466))

table 2 : explain SELECT c FROM sbtest2 WHERE id BETWEEN 9795488 AND 9796487
	Bitmap Heap Scan on sbtest2  (cost=30.16..3678.86 rows=949 width=121)
	  Recheck Cond: ((id >= 9795488) AND (id <= 9796487))
	  ->  Bitmap Index Scan on sbtest2_pkey  (cost=0.00..29.93 rows=949 width=0)
	        Index Cond: ((id >= 9795488) AND (id <= 9796487))

table 3 : explain SELECT c FROM sbtest3 WHERE id BETWEEN 988529 AND 989528
	Bitmap Heap Scan on sbtest3  (cost=29.70..3514.14 rows=904 width=121)
	  Recheck Cond: ((id >= 988529) AND (id <= 989528))
	  ->  Bitmap Index Scan on sbtest3_pkey  (cost=0.00..29.47 rows=904 width=0)
	        Index Cond: ((id >= 988529) AND (id <= 989528))

table 4 : explain SELECT c FROM sbtest4 WHERE id BETWEEN 2418316 AND 2419315
	Bitmap Heap Scan on sbtest4  (cost=25.91..3584.87 rows=924 width=121)
	  Recheck Cond: ((id >= 2418316) AND (id <= 2419315))
	  ->  Bitmap Index Scan on sbtest4_pkey  (cost=0.00..25.68 rows=924 width=0)
	        Index Cond: ((id >= 2418316) AND (id <= 2419315))

table 5 : explain SELECT c FROM sbtest5 WHERE id BETWEEN 7447183 AND 7448182
	Bitmap Heap Scan on sbtest5  (cost=31.28..4090.23 rows=1058 width=121)
	  Recheck Cond: ((id >= 7447183) AND (id <= 7448182))
	  ->  Bitmap Index Scan on sbtest5_pkey  (cost=0.00..31.01 rows=1058 width=0)
	        Index Cond: ((id >= 7447183) AND (id <= 7448182))

table 6 : explain SELECT c FROM sbtest6 WHERE id BETWEEN 376182 AND 377181
	Bitmap Heap Scan on sbtest6  (cost=30.74..3892.23 rows=1005 width=121)
	  Recheck Cond: ((id >= 376182) AND (id <= 377181))
	  ->  Bitmap Index Scan on sbtest6_pkey  (cost=0.00..30.48 rows=1005 width=0)
	        Index Cond: ((id >= 376182) AND (id <= 377181))

table 7 : explain SELECT c FROM sbtest7 WHERE id BETWEEN 7720138 AND 7721137
	Bitmap Heap Scan on sbtest7  (cost=29.78..3544.82 rows=912 width=121)
	  Recheck Cond: ((id >= 7720138) AND (id <= 7721137))
	  ->  Bitmap Index Scan on sbtest7_pkey  (cost=0.00..29.55 rows=912 width=0)
	        Index Cond: ((id >= 7720138) AND (id <= 7721137))

table 8 : explain SELECT c FROM sbtest8 WHERE id BETWEEN 176382 AND 177381
	Bitmap Heap Scan on sbtest8  (cost=31.36..4119.65 rows=1066 width=121)
	  Recheck Cond: ((id >= 176382) AND (id <= 177381))
	  ->  Bitmap Index Scan on sbtest8_pkey  (cost=0.00..31.09 rows=1066 width=0)
	        Index Cond: ((id >= 176382) AND (id <= 177381))

explain: for point_selects :: explain SELECT c FROM sbtest%u WHERE id=%u
for: simple_ranges
table 1 : explain SELECT c FROM sbtest1 WHERE id BETWEEN 6833189 AND 6834188
	Bitmap Heap Scan on sbtest1  (cost=30.48..3797.08 rows=980 width=121)
	  Recheck Cond: ((id >= 6833189) AND (id <= 6834188))
	  ->  Bitmap Index Scan on sbtest1_pkey  (cost=0.00..30.23 rows=980 width=0)
	        Index Cond: ((id >= 6833189) AND (id <= 6834188))

table 2 : explain SELECT c FROM sbtest2 WHERE id BETWEEN 4548787 AND 4549786
	Bitmap Heap Scan on sbtest2  (cost=29.88..3573.08 rows=921 width=121)
	  Recheck Cond: ((id >= 4548787) AND (id <= 4549786))
	  ->  Bitmap Index Scan on sbtest2_pkey  (cost=0.00..29.64 rows=921 width=0)
	        Index Cond: ((id >= 4548787) AND (id <= 4549786))

table 3 : explain SELECT c FROM sbtest3 WHERE id BETWEEN 5602493 AND 5603492
	Bitmap Heap Scan on sbtest3  (cost=31.19..4062.47 rows=1049 width=121)
	  Recheck Cond: ((id >= 5602493) AND (id <= 5603492))
	  ->  Bitmap Index Scan on sbtest3_pkey  (cost=0.00..30.93 rows=1049 width=0)
	        Index Cond: ((id >= 5602493) AND (id <= 5603492))

table 4 : explain SELECT c FROM sbtest4 WHERE id BETWEEN 9586480 AND 9587479
	Bitmap Heap Scan on sbtest4  (cost=30.80..3917.81 rows=1011 width=121)
	  Recheck Cond: ((id >= 9586480) AND (id <= 9587479))
	  ->  Bitmap Index Scan on sbtest4_pkey  (cost=0.00..30.54 rows=1011 width=0)
	        Index Cond: ((id >= 9586480) AND (id <= 9587479))

table 5 : explain SELECT c FROM sbtest5 WHERE id BETWEEN 7373686 AND 7374685
	Bitmap Heap Scan on sbtest5  (cost=25.83..3554.41 rows=917 width=121)
	  Recheck Cond: ((id >= 7373686) AND (id <= 7374685))
	  ->  Bitmap Index Scan on sbtest5_pkey  (cost=0.00..25.61 rows=917 width=0)
	        Index Cond: ((id >= 7373686) AND (id <= 7374685))

table 6 : explain SELECT c FROM sbtest6 WHERE id BETWEEN 3934019 AND 3935018
	Bitmap Heap Scan on sbtest6  (cost=30.66..3865.82 rows=998 width=121)
	  Recheck Cond: ((id >= 3934019) AND (id <= 3935018))
	  ->  Bitmap Index Scan on sbtest6_pkey  (cost=0.00..30.41 rows=998 width=0)
	        Index Cond: ((id >= 3934019) AND (id <= 3935018))

table 7 : explain SELECT c FROM sbtest7 WHERE id BETWEEN 2128785 AND 2129784
	Bitmap Heap Scan on sbtest7  (cost=30.00..3624.39 rows=933 width=121)
	  Recheck Cond: ((id >= 2128785) AND (id <= 2129784))
	  ->  Bitmap Index Scan on sbtest7_pkey  (cost=0.00..29.76 rows=933 width=0)
	        Index Cond: ((id >= 2128785) AND (id <= 2129784))

table 8 : explain SELECT c FROM sbtest8 WHERE id BETWEEN 4561028 AND 4562027
	Bitmap Heap Scan on sbtest8  (cost=31.34..4112.12 rows=1064 width=121)
	  Recheck Cond: ((id >= 4561028) AND (id <= 4562027))
	  ->  Bitmap Index Scan on sbtest8_pkey  (cost=0.00..31.07 rows=1064 width=0)
	        Index Cond: ((id >= 4561028) AND (id <= 4562027))

explain: for point_selects :: explain SELECT c FROM sbtest%u WHERE id=%u
for: simple_ranges
table 1 : explain SELECT c FROM sbtest1 WHERE id BETWEEN 7863550 AND 7864549
	Bitmap Heap Scan on sbtest1  (cost=31.08..4019.51 rows=1039 width=121)
	  Recheck Cond: ((id >= 7863550) AND (id <= 7864549))
	  ->  Bitmap Index Scan on sbtest1_pkey  (cost=0.00..30.82 rows=1039 width=0)
	        Index Cond: ((id >= 7863550) AND (id <= 7864549))

table 2 : explain SELECT c FROM sbtest2 WHERE id BETWEEN 7538297 AND 7539296
	Bitmap Heap Scan on sbtest2  (cost=29.97..3607.09 rows=930 width=121)
	  Recheck Cond: ((id >= 7538297) AND (id <= 7539296))
	  ->  Bitmap Index Scan on sbtest2_pkey  (cost=0.00..29.73 rows=930 width=0)
	        Index Cond: ((id >= 7538297) AND (id <= 7539296))

table 3 : explain SELECT c FROM sbtest3 WHERE id BETWEEN 1917332 AND 1918331
	Bitmap Heap Scan on sbtest3  (cost=30.18..3692.16 rows=951 width=121)
	  Recheck Cond: ((id >= 1917332) AND (id <= 1918331))
	  ->  Bitmap Index Scan on sbtest3_pkey  (cost=0.00..29.94 rows=951 width=0)
	        Index Cond: ((id >= 1917332) AND (id <= 1918331))

table 4 : explain SELECT c FROM sbtest4 WHERE id BETWEEN 7479363 AND 7480362
	Bitmap Heap Scan on sbtest4  (cost=30.19..3694.84 rows=952 width=121)
	  Recheck Cond: ((id >= 7479363) AND (id <= 7480362))
	  ->  Bitmap Index Scan on sbtest4_pkey  (cost=0.00..29.95 rows=952 width=0)
	        Index Cond: ((id >= 7479363) AND (id <= 7480362))

table 5 : explain SELECT c FROM sbtest5 WHERE id BETWEEN 92864 AND 93863
	Bitmap Heap Scan on sbtest5  (cost=25.74..3520.37 rows=908 width=121)
	  Recheck Cond: ((id >= 92864) AND (id <= 93863))
	  ->  Bitmap Index Scan on sbtest5_pkey  (cost=0.00..25.51 rows=908 width=0)
	        Index Cond: ((id >= 92864) AND (id <= 93863))

table 6 : explain SELECT c FROM sbtest6 WHERE id BETWEEN 3244423 AND 3245422
	Bitmap Heap Scan on sbtest6  (cost=30.17..3684.58 rows=950 width=121)
	  Recheck Cond: ((id >= 3244423) AND (id <= 3245422))
	  ->  Bitmap Index Scan on sbtest6_pkey  (cost=0.00..29.93 rows=950 width=0)
	        Index Cond: ((id >= 3244423) AND (id <= 3245422))

table 7 : explain SELECT c FROM sbtest7 WHERE id BETWEEN 107312 AND 108311
	Bitmap Heap Scan on sbtest7  (cost=30.59..3843.86 rows=991 width=121)
	  Recheck Cond: ((id >= 107312) AND (id <= 108311))
	  ->  Bitmap Index Scan on sbtest7_pkey  (cost=0.00..30.34 rows=991 width=0)
	        Index Cond: ((id >= 107312) AND (id <= 108311))

table 8 : explain SELECT c FROM sbtest8 WHERE id BETWEEN 2236281 AND 2237280
	Bitmap Heap Scan on sbtest8  (cost=31.90..4315.07 rows=1119 width=121)
	  Recheck Cond: ((id >= 2236281) AND (id <= 2237280))
	  ->  Bitmap Index Scan on sbtest8_pkey  (cost=0.00..31.62 rows=1119 width=0)
	        Index Cond: ((id >= 2236281) AND (id <= 2237280))

for point_selects
table 1 : explain SELECT c FROM sbtest1 WHERE id=64326
	Index Scan using sbtest1_pkey on sbtest1  (cost=0.43..8.45 rows=1 width=121)
	  Index Cond: (id = 64326)

table 2 : explain SELECT c FROM sbtest2 WHERE id=5750468
	Index Scan using sbtest2_pkey on sbtest2  (cost=0.43..8.45 rows=1 width=121)
	  Index Cond: (id = 5750468)

table 3 : explain SELECT c FROM sbtest3 WHERE id=4464023
	Index Scan using sbtest3_pkey on sbtest3  (cost=0.43..8.45 rows=1 width=121)
	  Index Cond: (id = 4464023)

table 4 : explain SELECT c FROM sbtest4 WHERE id=8421085
	Index Scan using sbtest4_pkey on sbtest4  (cost=0.43..8.45 rows=1 width=121)
	  Index Cond: (id = 8421085)

table 5 : explain SELECT c FROM sbtest5 WHERE id=7085091
	Index Scan using sbtest5_pkey on sbtest5  (cost=0.43..8.45 rows=1 width=121)
	  Index Cond: (id = 7085091)

table 6 : explain SELECT c FROM sbtest6 WHERE id=111518
	Index Scan using sbtest6_pkey on sbtest6  (cost=0.43..8.45 rows=1 width=121)
	  Index Cond: (id = 111518)

table 7 : explain SELECT c FROM sbtest7 WHERE id=6423379
	Index Scan using sbtest7_pkey on sbtest7  (cost=0.43..8.45 rows=1 width=121)
	  Index Cond: (id = 6423379)

table 8 : explain SELECT c FROM sbtest8 WHERE id=6656338
	Index Scan using sbtest8_pkey on sbtest8  (cost=0.43..8.45 rows=1 width=121)
	  Index Cond: (id = 6656338)

for point_selects
table 1 : explain SELECT c FROM sbtest1 WHERE id=3576761
	Index Scan using sbtest1_pkey on sbtest1  (cost=0.43..8.45 rows=1 width=121)
	  Index Cond: (id = 3576761)

table 2 : explain SELECT c FROM sbtest2 WHERE id=6080690
	Index Scan using sbtest2_pkey on sbtest2  (cost=0.43..8.45 rows=1 width=121)
	  Index Cond: (id = 6080690)

table 3 : explain SELECT c FROM sbtest3 WHERE id=9941217
	Index Scan using sbtest3_pkey on sbtest3  (cost=0.43..8.45 rows=1 width=121)
	  Index Cond: (id = 9941217)

table 4 : explain SELECT c FROM sbtest4 WHERE id=2198505
	Index Scan using sbtest4_pkey on sbtest4  (cost=0.43..8.45 rows=1 width=121)
	  Index Cond: (id = 2198505)

table 5 : explain SELECT c FROM sbtest5 WHERE id=4391903
	Index Scan using sbtest5_pkey on sbtest5  (cost=0.43..8.45 rows=1 width=121)
	  Index Cond: (id = 4391903)

table 6 : explain SELECT c FROM sbtest6 WHERE id=9510426
	Index Scan using sbtest6_pkey on sbtest6  (cost=0.43..8.45 rows=1 width=121)
	  Index Cond: (id = 9510426)

table 7 : explain SELECT c FROM sbtest7 WHERE id=2037408
	Index Scan using sbtest7_pkey on sbtest7  (cost=0.43..8.45 rows=1 width=121)
	  Index Cond: (id = 2037408)

table 8 : explain SELECT c FROM sbtest8 WHERE id=4448667
	Index Scan using sbtest8_pkey on sbtest8  (cost=0.43..8.45 rows=1 width=121)
	  Index Cond: (id = 4448667)

for: sum_ranges
table 1 : explain SELECT SUM(k) FROM sbtest1 WHERE id BETWEEN 8547695 AND 8548694
	Aggregate  (cost=3515.72..3515.73 rows=1 width=8)
	  ->  Bitmap Heap Scan on sbtest1  (cost=25.72..3513.46 rows=906 width=4)
	        Recheck Cond: ((id >= 8547695) AND (id <= 8548694))
	        ->  Bitmap Index Scan on sbtest1_pkey  (cost=0.00..25.50 rows=906 width=0)
	              Index Cond: ((id >= 8547695) AND (id <= 8548694))

table 2 : explain SELECT SUM(k) FROM sbtest2 WHERE id BETWEEN 1799079 AND 1800078
	Aggregate  (cost=3851.13..3851.14 rows=1 width=8)
	  ->  Bitmap Heap Scan on sbtest2  (cost=30.62..3848.64 rows=994 width=4)
	        Recheck Cond: ((id >= 1799079) AND (id <= 1800078))
	        ->  Bitmap Index Scan on sbtest2_pkey  (cost=0.00..30.37 rows=994 width=0)
	              Index Cond: ((id >= 1799079) AND (id <= 1800078))

table 3 : explain SELECT SUM(k) FROM sbtest3 WHERE id BETWEEN 1455999 AND 1456998
	Aggregate  (cost=3948.01..3948.02 rows=1 width=8)
	  ->  Bitmap Heap Scan on sbtest3  (cost=30.87..3945.46 rows=1018 width=4)
	        Recheck Cond: ((id >= 1455999) AND (id <= 1456998))
	        ->  Bitmap Index Scan on sbtest3_pkey  (cost=0.00..30.61 rows=1018 width=0)
	              Index Cond: ((id >= 1455999) AND (id <= 1456998))

table 4 : explain SELECT SUM(k) FROM sbtest4 WHERE id BETWEEN 8266598 AND 8267597
	Aggregate  (cost=3776.68..3776.69 rows=1 width=8)
	  ->  Bitmap Heap Scan on sbtest4  (cost=30.41..3774.25 rows=973 width=4)
	        Recheck Cond: ((id >= 8266598) AND (id <= 8267597))
	        ->  Bitmap Index Scan on sbtest4_pkey  (cost=0.00..30.16 rows=973 width=0)
	              Index Cond: ((id >= 8266598) AND (id <= 8267597))

table 5 : explain SELECT SUM(k) FROM sbtest5 WHERE id BETWEEN 2552230 AND 2553229
	Aggregate  (cost=3927.08..3927.09 rows=1 width=8)
	  ->  Bitmap Heap Scan on sbtest5  (cost=30.83..3924.54 rows=1014 width=4)
	        Recheck Cond: ((id >= 2552230) AND (id <= 2553229))
	        ->  Bitmap Index Scan on sbtest5_pkey  (cost=0.00..30.57 rows=1014 width=0)
	              Index Cond: ((id >= 2552230) AND (id <= 2553229))

table 6 : explain SELECT SUM(k) FROM sbtest6 WHERE id BETWEEN 1770442 AND 1771441
	Aggregate  (cost=3690.74..3690.75 rows=1 width=8)
	  ->  Bitmap Heap Scan on sbtest6  (cost=30.18..3688.36 rows=951 width=4)
	        Recheck Cond: ((id >= 1770442) AND (id <= 1771441))
	        ->  Bitmap Index Scan on sbtest6_pkey  (cost=0.00..29.94 rows=951 width=0)
	              Index Cond: ((id >= 1770442) AND (id <= 1771441))

table 7 : explain SELECT SUM(k) FROM sbtest7 WHERE id BETWEEN 3383588 AND 3384587
	Aggregate  (cost=3535.72..3535.73 rows=1 width=8)
	  ->  Bitmap Heap Scan on sbtest7  (cost=29.75..3533.45 rows=909 width=4)
	        Recheck Cond: ((id >= 3383588) AND (id <= 3384587))
	        ->  Bitmap Index Scan on sbtest7_pkey  (cost=0.00..29.52 rows=909 width=0)
	              Index Cond: ((id >= 3383588) AND (id <= 3384587))

table 8 : explain SELECT SUM(k) FROM sbtest8 WHERE id BETWEEN 5610787 AND 5611786
	Aggregate  (cost=4095.97..4095.98 rows=1 width=8)
	  ->  Bitmap Heap Scan on sbtest8  (cost=31.29..4093.32 rows=1059 width=4)
	        Recheck Cond: ((id >= 5610787) AND (id <= 5611786))
	        ->  Bitmap Index Scan on sbtest8_pkey  (cost=0.00..31.02 rows=1059 width=0)
	              Index Cond: ((id >= 5610787) AND (id <= 5611786))

for: simple_ranges
table 1 : explain SELECT c FROM sbtest1 WHERE id BETWEEN 1103229 AND 1104228
	Bitmap Heap Scan on sbtest1  (cost=30.97..3978.07 rows=1028 width=121)
	  Recheck Cond: ((id >= 1103229) AND (id <= 1104228))
	  ->  Bitmap Index Scan on sbtest1_pkey  (cost=0.00..30.71 rows=1028 width=0)
	        Index Cond: ((id >= 1103229) AND (id <= 1104228))

table 2 : explain SELECT c FROM sbtest2 WHERE id BETWEEN 1102029 AND 1103028
	Bitmap Heap Scan on sbtest2  (cost=30.34..3743.03 rows=966 width=121)
	  Recheck Cond: ((id >= 1102029) AND (id <= 1103028))
	  ->  Bitmap Index Scan on sbtest2_pkey  (cost=0.00..30.09 rows=966 width=0)
	        Index Cond: ((id >= 1102029) AND (id <= 1103028))

table 3 : explain SELECT c FROM sbtest3 WHERE id BETWEEN 3883716 AND 3884715
	Bitmap Heap Scan on sbtest3  (cost=30.17..3688.38 rows=950 width=121)
	  Recheck Cond: ((id >= 3883716) AND (id <= 3884715))
	  ->  Bitmap Index Scan on sbtest3_pkey  (cost=0.00..29.93 rows=950 width=0)
	        Index Cond: ((id >= 3883716) AND (id <= 3884715))

table 4 : explain SELECT c FROM sbtest4 WHERE id BETWEEN 9915012 AND 9916011
	Bitmap Heap Scan on sbtest4  (cost=31.68..4242.05 rows=1097 width=121)
	  Recheck Cond: ((id >= 9915012) AND (id <= 9916011))
	  ->  Bitmap Index Scan on sbtest4_pkey  (cost=0.00..31.40 rows=1097 width=0)
	        Index Cond: ((id >= 9915012) AND (id <= 9916011))

table 5 : explain SELECT c FROM sbtest5 WHERE id BETWEEN 2888363 AND 2889362
	Bitmap Heap Scan on sbtest5  (cost=25.34..3372.77 rows=869 width=121)
	  Recheck Cond: ((id >= 2888363) AND (id <= 2889362))
	  ->  Bitmap Index Scan on sbtest5_pkey  (cost=0.00..25.12 rows=869 width=0)
	        Index Cond: ((id >= 2888363) AND (id <= 2889362))

table 6 : explain SELECT c FROM sbtest6 WHERE id BETWEEN 303940 AND 304939
	Bitmap Heap Scan on sbtest6  (cost=30.84..3929.94 rows=1015 width=121)
	  Recheck Cond: ((id >= 303940) AND (id <= 304939))
	  ->  Bitmap Index Scan on sbtest6_pkey  (cost=0.00..30.58 rows=1015 width=0)
	        Index Cond: ((id >= 303940) AND (id <= 304939))

table 7 : explain SELECT c FROM sbtest7 WHERE id BETWEEN 6981375 AND 6982374
	Bitmap Heap Scan on sbtest7  (cost=35.56..4202.68 rows=1085 width=121)
	  Recheck Cond: ((id >= 6981375) AND (id <= 6982374))
	  ->  Bitmap Index Scan on sbtest7_pkey  (cost=0.00..35.29 rows=1085 width=0)
	        Index Cond: ((id >= 6981375) AND (id <= 6982374))

table 8 : explain SELECT c FROM sbtest8 WHERE id BETWEEN 1540789 AND 1541788
	Bitmap Heap Scan on sbtest8  (cost=30.49..3799.52 rows=981 width=121)
	  Recheck Cond: ((id >= 1540789) AND (id <= 1541788))
	  ->  Bitmap Index Scan on sbtest8_pkey  (cost=0.00..30.25 rows=981 width=0)
	        Index Cond: ((id >= 1540789) AND (id <= 1541788))

explain: for point_selects :: explain SELECT c FROM sbtest%u WHERE id=%u
for: simple_ranges
table 1 : explain SELECT c FROM sbtest1 WHERE id BETWEEN 8905221 AND 8906220
	Bitmap Heap Scan on sbtest1  (cost=31.26..4083.52 rows=1056 width=121)
	  Recheck Cond: ((id >= 8905221) AND (id <= 8906220))
	  ->  Bitmap Index Scan on sbtest1_pkey  (cost=0.00..31.00 rows=1056 width=0)
	        Index Cond: ((id >= 8905221) AND (id <= 8906220))

table 2 : explain SELECT c FROM sbtest2 WHERE id BETWEEN 6347443 AND 6348442
	Bitmap Heap Scan on sbtest2  (cost=30.83..3924.02 rows=1014 width=121)
	  Recheck Cond: ((id >= 6347443) AND (id <= 6348442))
	  ->  Bitmap Index Scan on sbtest2_pkey  (cost=0.00..30.57 rows=1014 width=0)
	        Index Cond: ((id >= 6347443) AND (id <= 6348442))

table 3 : explain SELECT c FROM sbtest3 WHERE id BETWEEN 5915360 AND 5916359
	Bitmap Heap Scan on sbtest3  (cost=30.96..3979.45 rows=1027 width=121)
	  Recheck Cond: ((id >= 5915360) AND (id <= 5916359))
	  ->  Bitmap Index Scan on sbtest3_pkey  (cost=0.00..30.70 rows=1027 width=0)
	        Index Cond: ((id >= 5915360) AND (id <= 5916359))

table 4 : explain SELECT c FROM sbtest4 WHERE id BETWEEN 9456070 AND 9457069
	Bitmap Heap Scan on sbtest4  (cost=25.99..3615.15 rows=932 width=121)
	  Recheck Cond: ((id >= 9456070) AND (id <= 9457069))
	  ->  Bitmap Index Scan on sbtest4_pkey  (cost=0.00..25.75 rows=932 width=0)
	        Index Cond: ((id >= 9456070) AND (id <= 9457069))

table 5 : explain SELECT c FROM sbtest5 WHERE id BETWEEN 3991132 AND 3992131
	Bitmap Heap Scan on sbtest5  (cost=31.23..4071.41 rows=1053 width=121)
	  Recheck Cond: ((id >= 3991132) AND (id <= 3992131))
	  ->  Bitmap Index Scan on sbtest5_pkey  (cost=0.00..30.96 rows=1053 width=0)
	        Index Cond: ((id >= 3991132) AND (id <= 3992131))

table 6 : explain SELECT c FROM sbtest6 WHERE id BETWEEN 4322688 AND 4323687
	Bitmap Heap Scan on sbtest6  (cost=25.80..3544.46 rows=914 width=121)
	  Recheck Cond: ((id >= 4322688) AND (id <= 4323687))
	  ->  Bitmap Index Scan on sbtest6_pkey  (cost=0.00..25.57 rows=914 width=0)
	        Index Cond: ((id >= 4322688) AND (id <= 4323687))

table 7 : explain SELECT c FROM sbtest7 WHERE id BETWEEN 1538059 AND 1539058
	Bitmap Heap Scan on sbtest7  (cost=35.87..4319.47 rows=1116 width=121)
	  Recheck Cond: ((id >= 1538059) AND (id <= 1539058))
	  ->  Bitmap Index Scan on sbtest7_pkey  (cost=0.00..35.59 rows=1116 width=0)
	        Index Cond: ((id >= 1538059) AND (id <= 1539058))

table 8 : explain SELECT c FROM sbtest8 WHERE id BETWEEN 5341709 AND 5342708
	Bitmap Heap Scan on sbtest8  (cost=30.76..3897.54 rows=1007 width=121)
	  Recheck Cond: ((id >= 5341709) AND (id <= 5342708))
	  ->  Bitmap Index Scan on sbtest8_pkey  (cost=0.00..30.50 rows=1007 width=0)
	        Index Cond: ((id >= 5341709) AND (id <= 5342708))

for: sum_ranges
table 1 : explain SELECT SUM(k) FROM sbtest1 WHERE id BETWEEN 284630 AND 285629
	Aggregate  (cost=3939.16..3939.17 rows=1 width=8)
	  ->  Bitmap Heap Scan on sbtest1  (cost=30.86..3936.62 rows=1017 width=4)
	        Recheck Cond: ((id >= 284630) AND (id <= 285629))
	        ->  Bitmap Index Scan on sbtest1_pkey  (cost=0.00..30.61 rows=1017 width=0)
	              Index Cond: ((id >= 284630) AND (id <= 285629))

table 2 : explain SELECT SUM(k) FROM sbtest2 WHERE id BETWEEN 5288742 AND 5289741
	Aggregate  (cost=3703.90..3703.91 rows=1 width=8)
	  ->  Bitmap Heap Scan on sbtest2  (cost=30.22..3701.51 rows=955 width=4)
	        Recheck Cond: ((id >= 5288742) AND (id <= 5289741))
	        ->  Bitmap Index Scan on sbtest2_pkey  (cost=0.00..29.98 rows=955 width=0)
	              Index Cond: ((id >= 5288742) AND (id <= 5289741))

table 3 : explain SELECT SUM(k) FROM sbtest3 WHERE id BETWEEN 1372731 AND 1373730
	Aggregate  (cost=3508.81..3508.82 rows=1 width=8)
	  ->  Bitmap Heap Scan on sbtest3  (cost=29.68..3506.55 rows=902 width=4)
	        Recheck Cond: ((id >= 1372731) AND (id <= 1373730))
	        ->  Bitmap Index Scan on sbtest3_pkey  (cost=0.00..29.45 rows=902 width=0)
	              Index Cond: ((id >= 1372731) AND (id <= 1373730))

table 4 : explain SELECT SUM(k) FROM sbtest4 WHERE id BETWEEN 5144936 AND 5145935
	Aggregate  (cost=4018.52..4018.53 rows=1 width=8)
	  ->  Bitmap Heap Scan on sbtest4  (cost=31.06..4015.93 rows=1037 width=4)
	        Recheck Cond: ((id >= 5144936) AND (id <= 5145935))
	        ->  Bitmap Index Scan on sbtest4_pkey  (cost=0.00..30.80 rows=1037 width=0)
	              Index Cond: ((id >= 5144936) AND (id <= 5145935))

table 5 : explain SELECT SUM(k) FROM sbtest5 WHERE id BETWEEN 3314780 AND 3315779
	Aggregate  (cost=3795.02..3795.03 rows=1 width=8)
	  ->  Bitmap Heap Scan on sbtest5  (cost=30.47..3792.57 rows=979 width=4)
	        Recheck Cond: ((id >= 3314780) AND (id <= 3315779))
	        ->  Bitmap Index Scan on sbtest5_pkey  (cost=0.00..30.22 rows=979 width=0)
	              Index Cond: ((id >= 3314780) AND (id <= 3315779))

table 6 : explain SELECT SUM(k) FROM sbtest6 WHERE id BETWEEN 8664061 AND 8665060
	Aggregate  (cost=3607.52..3607.53 rows=1 width=8)
	  ->  Bitmap Heap Scan on sbtest6  (cost=29.96..3605.19 rows=929 width=4)
	        Recheck Cond: ((id >= 8664061) AND (id <= 8665060))
	        ->  Bitmap Index Scan on sbtest6_pkey  (cost=0.00..29.72 rows=929 width=0)
	              Index Cond: ((id >= 8664061) AND (id <= 8665060))

table 7 : explain SELECT SUM(k) FROM sbtest7 WHERE id BETWEEN 3897181 AND 3898180
	Aggregate  (cost=4027.78..4027.79 rows=1 width=8)
	  ->  Bitmap Heap Scan on sbtest7  (cost=31.08..4025.18 rows=1039 width=4)
	        Recheck Cond: ((id >= 3897181) AND (id <= 3898180))
	        ->  Bitmap Index Scan on sbtest7_pkey  (cost=0.00..30.82 rows=1039 width=0)
	              Index Cond: ((id >= 3897181) AND (id <= 3898180))

table 8 : explain SELECT SUM(k) FROM sbtest8 WHERE id BETWEEN 2533140 AND 2534139
	Aggregate  (cost=3760.45..3760.46 rows=1 width=8)
	  ->  Bitmap Heap Scan on sbtest8  (cost=30.38..3758.02 rows=970 width=4)
	        Recheck Cond: ((id >= 2533140) AND (id <= 2534139))
	        ->  Bitmap Index Scan on sbtest8_pkey  (cost=0.00..30.14 rows=970 width=0)
	              Index Cond: ((id >= 2533140) AND (id <= 2534139))

for point_selects
table 1 : explain SELECT c FROM sbtest1 WHERE id=2052533
	Index Scan using sbtest1_pkey on sbtest1  (cost=0.43..8.45 rows=1 width=121)
	  Index Cond: (id = 2052533)

table 2 : explain SELECT c FROM sbtest2 WHERE id=4578141
	Index Scan using sbtest2_pkey on sbtest2  (cost=0.43..8.45 rows=1 width=121)
	  Index Cond: (id = 4578141)

table 3 : explain SELECT c FROM sbtest3 WHERE id=6313117
	Index Scan using sbtest3_pkey on sbtest3  (cost=0.43..8.45 rows=1 width=121)
	  Index Cond: (id = 6313117)

table 4 : explain SELECT c FROM sbtest4 WHERE id=1538033
	Index Scan using sbtest4_pkey on sbtest4  (cost=0.43..8.45 rows=1 width=121)
	  Index Cond: (id = 1538033)

table 5 : explain SELECT c FROM sbtest5 WHERE id=3280268
	Index Scan using sbtest5_pkey on sbtest5  (cost=0.43..8.45 rows=1 width=121)
	  Index Cond: (id = 3280268)

table 6 : explain SELECT c FROM sbtest6 WHERE id=6466097
	Index Scan using sbtest6_pkey on sbtest6  (cost=0.43..8.45 rows=1 width=121)
	  Index Cond: (id = 6466097)

table 7 : explain SELECT c FROM sbtest7 WHERE id=9599675
	Index Scan using sbtest7_pkey on sbtest7  (cost=0.43..8.45 rows=1 width=121)
	  Index Cond: (id = 9599675)

table 8 : explain SELECT c FROM sbtest8 WHERE id=6695214
	Index Scan using sbtest8_pkey on sbtest8  (cost=0.43..8.45 rows=1 width=121)
	  Index Cond: (id = 6695214)

for point_selects
table 1 : explain SELECT c FROM sbtest1 WHERE id=9037693
	Index Scan using sbtest1_pkey on sbtest1  (cost=0.43..8.45 rows=1 width=121)
	  Index Cond: (id = 9037693)

table 2 : explain SELECT c FROM sbtest2 WHERE id=1641981
	Index Scan using sbtest2_pkey on sbtest2  (cost=0.43..8.45 rows=1 width=121)
	  Index Cond: (id = 1641981)

table 3 : explain SELECT c FROM sbtest3 WHERE id=3407860
	Index Scan using sbtest3_pkey on sbtest3  (cost=0.43..8.45 rows=1 width=121)
	  Index Cond: (id = 3407860)

table 4 : explain SELECT c FROM sbtest4 WHERE id=5450943
	Index Scan using sbtest4_pkey on sbtest4  (cost=0.43..8.45 rows=1 width=121)
	  Index Cond: (id = 5450943)

table 5 : explain SELECT c FROM sbtest5 WHERE id=7666442
	Index Scan using sbtest5_pkey on sbtest5  (cost=0.43..8.45 rows=1 width=121)
	  Index Cond: (id = 7666442)

table 6 : explain SELECT c FROM sbtest6 WHERE id=2552039
	Index Scan using sbtest6_pkey on sbtest6  (cost=0.43..8.45 rows=1 width=121)
	  Index Cond: (id = 2552039)

table 7 : explain SELECT c FROM sbtest7 WHERE id=65529
	Index Scan using sbtest7_pkey on sbtest7  (cost=0.43..8.45 rows=1 width=121)
	  Index Cond: (id = 65529)

table 8 : explain SELECT c FROM sbtest8 WHERE id=2607465
	Index Scan using sbtest8_pkey on sbtest8  (cost=0.43..8.45 rows=1 width=121)
	  Index Cond: (id = 2607465)

explain: for point_selects :: explain SELECT c FROM sbtest%u WHERE id=%u
explain: for point_selects :: explain SELECT c FROM sbtest%u WHERE id=%u
for: simple_ranges
table 1 : explain SELECT c FROM sbtest1 WHERE id BETWEEN 1070566 AND 1071565
	Bitmap Heap Scan on sbtest1  (cost=30.97..3978.07 rows=1028 width=121)
	  Recheck Cond: ((id >= 1070566) AND (id <= 1071565))
	  ->  Bitmap Index Scan on sbtest1_pkey  (cost=0.00..30.71 rows=1028 width=0)
	        Index Cond: ((id >= 1070566) AND (id <= 1071565))

table 2 : explain SELECT c FROM sbtest2 WHERE id BETWEEN 6142705 AND 6143704
	Bitmap Heap Scan on sbtest2  (cost=30.89..3946.62 rows=1020 width=121)
	  Recheck Cond: ((id >= 6142705) AND (id <= 6143704))
	  ->  Bitmap Index Scan on sbtest2_pkey  (cost=0.00..30.64 rows=1020 width=0)
	        Index Cond: ((id >= 6142705) AND (id <= 6143704))

table 3 : explain SELECT c FROM sbtest3 WHERE id BETWEEN 394815 AND 395814
	Bitmap Heap Scan on sbtest3  (cost=30.14..3677.02 rows=947 width=121)
	  Recheck Cond: ((id >= 394815) AND (id <= 395814))
	  ->  Bitmap Index Scan on sbtest3_pkey  (cost=0.00..29.90 rows=947 width=0)
	        Index Cond: ((id >= 394815) AND (id <= 395814))

table 4 : explain SELECT c FROM sbtest4 WHERE id BETWEEN 3635437 AND 3636436
	Bitmap Heap Scan on sbtest4  (cost=31.22..4072.50 rows=1052 width=121)
	  Recheck Cond: ((id >= 3635437) AND (id <= 3636436))
	  ->  Bitmap Index Scan on sbtest4_pkey  (cost=0.00..30.95 rows=1052 width=0)
	        Index Cond: ((id >= 3635437) AND (id <= 3636436))

table 5 : explain SELECT c FROM sbtest5 WHERE id BETWEEN 4610759 AND 4611758
	Bitmap Heap Scan on sbtest5  (cost=25.97..3603.55 rows=930 width=121)
	  Recheck Cond: ((id >= 4610759) AND (id <= 4611758))
	  ->  Bitmap Index Scan on sbtest5_pkey  (cost=0.00..25.73 rows=930 width=0)
	        Index Cond: ((id >= 4610759) AND (id <= 4611758))

table 6 : explain SELECT c FROM sbtest6 WHERE id BETWEEN 3302777 AND 3303776
	Bitmap Heap Scan on sbtest6  (cost=30.17..3684.58 rows=950 width=121)
	  Recheck Cond: ((id >= 3302777) AND (id <= 3303776))
	  ->  Bitmap Index Scan on sbtest6_pkey  (cost=0.00..29.93 rows=950 width=0)
	        Index Cond: ((id >= 3302777) AND (id <= 3303776))

table 7 : explain SELECT c FROM sbtest7 WHERE id BETWEEN 9773565 AND 9774564
	Bitmap Heap Scan on sbtest7  (cost=29.63..3487.95 rows=897 width=121)
	  Recheck Cond: ((id >= 9773565) AND (id <= 9774564))
	  ->  Bitmap Index Scan on sbtest7_pkey  (cost=0.00..29.40 rows=897 width=0)
	        Index Cond: ((id >= 9773565) AND (id <= 9774564))

table 8 : explain SELECT c FROM sbtest8 WHERE id BETWEEN 5426473 AND 5427472
	Bitmap Heap Scan on sbtest8  (cost=30.30..3727.83 rows=962 width=121)
	  Recheck Cond: ((id >= 5426473) AND (id <= 5427472))
	  ->  Bitmap Index Scan on sbtest8_pkey  (cost=0.00..30.05 rows=962 width=0)
	        Index Cond: ((id >= 5426473) AND (id <= 5427472))

for point_selects
table 1 : explain SELECT c FROM sbtest1 WHERE id=8420958
	Index Scan using sbtest1_pkey on sbtest1  (cost=0.43..8.45 rows=1 width=121)
	  Index Cond: (id = 8420958)

table 2 : explain SELECT c FROM sbtest2 WHERE id=597964
	Index Scan using sbtest2_pkey on sbtest2  (cost=0.43..8.45 rows=1 width=121)
	  Index Cond: (id = 597964)

table 3 : explain SELECT c FROM sbtest3 WHERE id=5450256
	Index Scan using sbtest3_pkey on sbtest3  (cost=0.43..8.45 rows=1 width=121)
	  Index Cond: (id = 5450256)

table 4 : explain SELECT c FROM sbtest4 WHERE id=3877366
	Index Scan using sbtest4_pkey on sbtest4  (cost=0.43..8.45 rows=1 width=121)
	  Index Cond: (id = 3877366)

table 5 : explain SELECT c FROM sbtest5 WHERE id=6550280
	Index Scan using sbtest5_pkey on sbtest5  (cost=0.43..8.45 rows=1 width=121)
	  Index Cond: (id = 6550280)

table 6 : explain SELECT c FROM sbtest6 WHERE id=1227120
	Index Scan using sbtest6_pkey on sbtest6  (cost=0.43..8.45 rows=1 width=121)
	  Index Cond: (id = 1227120)

table 7 : explain SELECT c FROM sbtest7 WHERE id=3828026
	Index Scan using sbtest7_pkey on sbtest7  (cost=0.43..8.45 rows=1 width=121)
	  Index Cond: (id = 3828026)

table 8 : explain SELECT c FROM sbtest8 WHERE id=3358013
	Index Scan using sbtest8_pkey on sbtest8  (cost=0.43..8.45 rows=1 width=121)
	  Index Cond: (id = 3358013)

for: sum_ranges
table 1 : explain SELECT SUM(k) FROM sbtest1 WHERE id BETWEEN 1355757 AND 1356756
	Aggregate  (cost=3735.31..3735.32 rows=1 width=8)
	  ->  Bitmap Heap Scan on sbtest1  (cost=30.31..3732.90 rows=963 width=4)
	        Recheck Cond: ((id >= 1355757) AND (id <= 1356756))
	        ->  Bitmap Index Scan on sbtest1_pkey  (cost=0.00..30.07 rows=963 width=0)
	              Index Cond: ((id >= 1355757) AND (id <= 1356756))

table 2 : explain SELECT SUM(k) FROM sbtest2 WHERE id BETWEEN 2415957 AND 2416956
	Aggregate  (cost=4024.53..4024.54 rows=1 width=8)
	  ->  Bitmap Heap Scan on sbtest2  (cost=31.09..4021.93 rows=1040 width=4)
	        Recheck Cond: ((id >= 2415957) AND (id <= 2416956))
	        ->  Bitmap Index Scan on sbtest2_pkey  (cost=0.00..30.83 rows=1040 width=0)
	              Index Cond: ((id >= 2415957) AND (id <= 2416956))

table 3 : explain SELECT SUM(k) FROM sbtest3 WHERE id BETWEEN 6783651 AND 6784650
	Aggregate  (cost=4219.78..4219.79 rows=1 width=8)
	  ->  Bitmap Heap Scan on sbtest3  (cost=31.61..4217.05 rows=1090 width=4)
	        Recheck Cond: ((id >= 6783651) AND (id <= 6784650))
	        ->  Bitmap Index Scan on sbtest3_pkey  (cost=0.00..31.33 rows=1090 width=0)
	              Index Cond: ((id >= 6783651) AND (id <= 6784650))

table 4 : explain SELECT SUM(k) FROM sbtest4 WHERE id BETWEEN 2934608 AND 2935607
	Aggregate  (cost=4003.42..4003.43 rows=1 width=8)
	  ->  Bitmap Heap Scan on sbtest4  (cost=31.02..4000.84 rows=1033 width=4)
	        Recheck Cond: ((id >= 2934608) AND (id <= 2935607))
	        ->  Bitmap Index Scan on sbtest4_pkey  (cost=0.00..30.76 rows=1033 width=0)
	              Index Cond: ((id >= 2934608) AND (id <= 2935607))

table 5 : explain SELECT SUM(k) FROM sbtest5 WHERE id BETWEEN 5950445 AND 5951444
	Aggregate  (cost=3972.32..3972.33 rows=1 width=8)
	  ->  Bitmap Heap Scan on sbtest5  (cost=30.95..3969.75 rows=1026 width=4)
	        Recheck Cond: ((id >= 5950445) AND (id <= 5951444))
	        ->  Bitmap Index Scan on sbtest5_pkey  (cost=0.00..30.69 rows=1026 width=0)
	              Index Cond: ((id >= 5950445) AND (id <= 5951444))

table 6 : explain SELECT SUM(k) FROM sbtest6 WHERE id BETWEEN 3321790 AND 3322789
	Aggregate  (cost=3996.60..3996.61 rows=1 width=8)
	  ->  Bitmap Heap Scan on sbtest6  (cost=31.01..3994.02 rows=1032 width=4)
	        Recheck Cond: ((id >= 3321790) AND (id <= 3322789))
	        ->  Bitmap Index Scan on sbtest6_pkey  (cost=0.00..30.75 rows=1032 width=0)
	              Index Cond: ((id >= 3321790) AND (id <= 3322789))

table 7 : explain SELECT SUM(k) FROM sbtest7 WHERE id BETWEEN 4654044 AND 4655043
	Aggregate  (cost=3952.21..3952.22 rows=1 width=8)
	  ->  Bitmap Heap Scan on sbtest7  (cost=30.88..3949.67 rows=1019 width=4)
	        Recheck Cond: ((id >= 4654044) AND (id <= 4655043))
	        ->  Bitmap Index Scan on sbtest7_pkey  (cost=0.00..30.62 rows=1019 width=0)
	              Index Cond: ((id >= 4654044) AND (id <= 4655043))

table 8 : explain SELECT SUM(k) FROM sbtest8 WHERE id BETWEEN 4343411 AND 4344410
	Aggregate  (cost=3813.29..3813.30 rows=1 width=8)
	  ->  Bitmap Heap Scan on sbtest8  (cost=30.52..3810.83 rows=984 width=4)
	        Recheck Cond: ((id >= 4343411) AND (id <= 4344410))
	        ->  Bitmap Index Scan on sbtest8_pkey  (cost=0.00..30.27 rows=984 width=0)
	              Index Cond: ((id >= 4343411) AND (id <= 4344410))

for: order_ranges
table 1 : explain SELECT c FROM sbtest1 WHERE id BETWEEN 9839411 AND 9840410 ORDER BY c
	Sort  (cost=4163.30..4165.96 rows=1063 width=121)
	  Sort Key: c
	  ->  Bitmap Heap Scan on sbtest1  (cost=31.33..4109.87 rows=1063 width=121)
	        Recheck Cond: ((id >= 9839411) AND (id <= 9840410))
	        ->  Bitmap Index Scan on sbtest1_pkey  (cost=0.00..31.07 rows=1063 width=0)
	              Index Cond: ((id >= 9839411) AND (id <= 9840410))

table 2 : explain SELECT c FROM sbtest2 WHERE id BETWEEN 8956558 AND 8957557 ORDER BY c
	Sort  (cost=3882.82..3885.30 rows=990 width=121)
	  Sort Key: c
	  ->  Bitmap Heap Scan on sbtest2  (cost=30.58..3833.56 rows=990 width=121)
	        Recheck Cond: ((id >= 8956558) AND (id <= 8957557))
	        ->  Bitmap Index Scan on sbtest2_pkey  (cost=0.00..30.33 rows=990 width=0)
	              Index Cond: ((id >= 8956558) AND (id <= 8957557))

table 3 : explain SELECT c FROM sbtest3 WHERE id BETWEEN 2470399 AND 2471398 ORDER BY c
	Sort  (cost=3712.31..3714.67 rows=944 width=121)
	  Sort Key: c
	  ->  Bitmap Heap Scan on sbtest3  (cost=30.11..3665.66 rows=944 width=121)
	        Recheck Cond: ((id >= 2470399) AND (id <= 2471398))
	        ->  Bitmap Index Scan on sbtest3_pkey  (cost=0.00..29.87 rows=944 width=0)
	              Index Cond: ((id >= 2470399) AND (id <= 2471398))

table 4 : explain SELECT c FROM sbtest4 WHERE id BETWEEN 9055266 AND 9056265 ORDER BY c
	Sort  (cost=4224.80..4227.49 rows=1078 width=121)
	  Sort Key: c
	  ->  Bitmap Heap Scan on sbtest4  (cost=31.48..4170.50 rows=1078 width=121)
	        Recheck Cond: ((id >= 9055266) AND (id <= 9056265))
	        ->  Bitmap Index Scan on sbtest4_pkey  (cost=0.00..31.21 rows=1078 width=0)
	              Index Cond: ((id >= 9055266) AND (id <= 9056265))

table 5 : explain SELECT c FROM sbtest5 WHERE id BETWEEN 6756649 AND 6757648 ORDER BY c
	Sort  (cost=3760.59..3762.98 rows=959 width=121)
	  Sort Key: c
	  ->  Bitmap Heap Scan on sbtest5  (cost=26.26..3713.09 rows=959 width=121)
	        Recheck Cond: ((id >= 6756649) AND (id <= 6757648))
	        ->  Bitmap Index Scan on sbtest5_pkey  (cost=0.00..26.02 rows=959 width=0)
	              Index Cond: ((id >= 6756649) AND (id <= 6757648))

table 6 : explain SELECT c FROM sbtest6 WHERE id BETWEEN 286523 AND 287522 ORDER BY c
	Sort  (cost=3980.63..3983.16 rows=1015 width=121)
	  Sort Key: c
	  ->  Bitmap Heap Scan on sbtest6  (cost=30.84..3929.94 rows=1015 width=121)
	        Recheck Cond: ((id >= 286523) AND (id <= 287522))
	        ->  Bitmap Index Scan on sbtest6_pkey  (cost=0.00..30.58 rows=1015 width=0)
	              Index Cond: ((id >= 286523) AND (id <= 287522))

table 7 : explain SELECT c FROM sbtest7 WHERE id BETWEEN 9011529 AND 9012528 ORDER BY c
	Sort  (cost=3701.16..3703.51 rows=941 width=121)
	  Sort Key: c
	  ->  Bitmap Heap Scan on sbtest7  (cost=30.08..3654.69 rows=941 width=121)
	        Recheck Cond: ((id >= 9011529) AND (id <= 9012528))
	        ->  Bitmap Index Scan on sbtest7_pkey  (cost=0.00..29.84 rows=941 width=0)
	              Index Cond: ((id >= 9011529) AND (id <= 9012528))

table 8 : explain SELECT c FROM sbtest8 WHERE id BETWEEN 1090442 AND 1091441 ORDER BY c
	Sort  (cost=3844.44..3846.89 rows=980 width=121)
	  Sort Key: c
	  ->  Bitmap Heap Scan on sbtest8  (cost=30.48..3795.75 rows=980 width=121)
	        Recheck Cond: ((id >= 1090442) AND (id <= 1091441))
	        ->  Bitmap Index Scan on sbtest8_pkey  (cost=0.00..30.23 rows=980 width=0)
	              Index Cond: ((id >= 1090442) AND (id <= 1091441))

explain: for point_selects :: explain SELECT c FROM sbtest%u WHERE id=%u
for: sum_ranges
table 1 : explain SELECT SUM(k) FROM sbtest1 WHERE id BETWEEN 4039325 AND 4040324
	Aggregate  (cost=3837.28..3837.29 rows=1 width=8)
	  ->  Bitmap Heap Scan on sbtest1  (cost=30.58..3834.81 rows=990 width=4)
	        Recheck Cond: ((id >= 4039325) AND (id <= 4040324))
	        ->  Bitmap Index Scan on sbtest1_pkey  (cost=0.00..30.33 rows=990 width=0)
	              Index Cond: ((id >= 4039325) AND (id <= 4040324))

table 2 : explain SELECT SUM(k) FROM sbtest2 WHERE id BETWEEN 8539330 AND 8540329
	Aggregate  (cost=4020.77..4020.78 rows=1 width=8)
	  ->  Bitmap Heap Scan on sbtest2  (cost=31.08..4018.17 rows=1039 width=4)
	        Recheck Cond: ((id >= 8539330) AND (id <= 8540329))
	        ->  Bitmap Index Scan on sbtest2_pkey  (cost=0.00..30.82 rows=1039 width=0)
	              Index Cond: ((id >= 8539330) AND (id <= 8540329))

table 3 : explain SELECT SUM(k) FROM sbtest3 WHERE id BETWEEN 4194441 AND 4195440
	Aggregate  (cost=4042.44..4042.45 rows=1 width=8)
	  ->  Bitmap Heap Scan on sbtest3  (cost=31.13..4039.84 rows=1043 width=4)
	        Recheck Cond: ((id >= 4194441) AND (id <= 4195440))
	        ->  Bitmap Index Scan on sbtest3_pkey  (cost=0.00..30.86 rows=1043 width=0)
	              Index Cond: ((id >= 4194441) AND (id <= 4195440))

table 4 : explain SELECT SUM(k) FROM sbtest4 WHERE id BETWEEN 6665144 AND 6666143
	Aggregate  (cost=3920.34..3920.35 rows=1 width=8)
	  ->  Bitmap Heap Scan on sbtest4  (cost=30.80..3917.81 rows=1011 width=4)
	        Recheck Cond: ((id >= 6665144) AND (id <= 6666143))
	        ->  Bitmap Index Scan on sbtest4_pkey  (cost=0.00..30.54 rows=1011 width=0)
	              Index Cond: ((id >= 6665144) AND (id <= 6666143))

table 5 : explain SELECT SUM(k) FROM sbtest5 WHERE id BETWEEN 7392903 AND 7393902
	Aggregate  (cost=3556.70..3556.71 rows=1 width=8)
	  ->  Bitmap Heap Scan on sbtest5  (cost=25.83..3554.41 rows=917 width=4)
	        Recheck Cond: ((id >= 7392903) AND (id <= 7393902))
	        ->  Bitmap Index Scan on sbtest5_pkey  (cost=0.00..25.61 rows=917 width=0)
	              Index Cond: ((id >= 7392903) AND (id <= 7393902))

table 6 : explain SELECT SUM(k) FROM sbtest6 WHERE id BETWEEN 3143300 AND 3144299
	Aggregate  (cost=4072.00..4072.01 rows=1 width=8)
	  ->  Bitmap Heap Scan on sbtest6  (cost=31.22..4069.37 rows=1052 width=4)
	        Recheck Cond: ((id >= 3143300) AND (id <= 3144299))
	        ->  Bitmap Index Scan on sbtest6_pkey  (cost=0.00..30.95 rows=1052 width=0)
	              Index Cond: ((id >= 3143300) AND (id <= 3144299))

table 7 : explain SELECT SUM(k) FROM sbtest7 WHERE id BETWEEN 7652529 AND 7653528
	Aggregate  (cost=3547.10..3547.11 rows=1 width=8)
	  ->  Bitmap Heap Scan on sbtest7  (cost=29.78..3544.82 rows=912 width=4)
	        Recheck Cond: ((id >= 7652529) AND (id <= 7653528))
	        ->  Bitmap Index Scan on sbtest7_pkey  (cost=0.00..29.55 rows=912 width=0)
	              Index Cond: ((id >= 7652529) AND (id <= 7653528))

table 8 : explain SELECT SUM(k) FROM sbtest8 WHERE id BETWEEN 4534554 AND 4535553
	Aggregate  (cost=4114.78..4114.79 rows=1 width=8)
	  ->  Bitmap Heap Scan on sbtest8  (cost=31.34..4112.12 rows=1064 width=4)
	        Recheck Cond: ((id >= 4534554) AND (id <= 4535553))
	        ->  Bitmap Index Scan on sbtest8_pkey  (cost=0.00..31.07 rows=1064 width=0)
	              Index Cond: ((id >= 4534554) AND (id <= 4535553))

for: simple_ranges
table 1 : explain SELECT c FROM sbtest1 WHERE id BETWEEN 6726425 AND 6727424
	Bitmap Heap Scan on sbtest1  (cost=30.51..3808.40 rows=983 width=121)
	  Recheck Cond: ((id >= 6726425) AND (id <= 6727424))
	  ->  Bitmap Index Scan on sbtest1_pkey  (cost=0.00..30.26 rows=983 width=0)
	        Index Cond: ((id >= 6726425) AND (id <= 6727424))

table 2 : explain SELECT c FROM sbtest2 WHERE id BETWEEN 4512867 AND 4513866
	Bitmap Heap Scan on sbtest2  (cost=30.40..3765.67 rows=972 width=121)
	  Recheck Cond: ((id >= 4512867) AND (id <= 4513866))
	  ->  Bitmap Index Scan on sbtest2_pkey  (cost=0.00..30.15 rows=972 width=0)
	        Index Cond: ((id >= 4512867) AND (id <= 4513866))

table 3 : explain SELECT c FROM sbtest3 WHERE id BETWEEN 2737221 AND 2738220
	Bitmap Heap Scan on sbtest3  (cost=30.12..3669.45 rows=945 width=121)
	  Recheck Cond: ((id >= 2737221) AND (id <= 2738220))
	  ->  Bitmap Index Scan on sbtest3_pkey  (cost=0.00..29.89 rows=945 width=0)
	        Index Cond: ((id >= 2737221) AND (id <= 2738220))

table 4 : explain SELECT c FROM sbtest4 WHERE id BETWEEN 2901760 AND 2902759
	Bitmap Heap Scan on sbtest4  (cost=31.02..4000.84 rows=1033 width=121)
	  Recheck Cond: ((id >= 2901760) AND (id <= 2902759))
	  ->  Bitmap Index Scan on sbtest4_pkey  (cost=0.00..30.76 rows=1033 width=0)
	        Index Cond: ((id >= 2901760) AND (id <= 2902759))

table 5 : explain SELECT c FROM sbtest5 WHERE id BETWEEN 4832408 AND 4833407
	Bitmap Heap Scan on sbtest5  (cost=30.63..3852.92 rows=995 width=121)
	  Recheck Cond: ((id >= 4832408) AND (id <= 4833407))
	  ->  Bitmap Index Scan on sbtest5_pkey  (cost=0.00..30.39 rows=995 width=0)
	        Index Cond: ((id >= 4832408) AND (id <= 4833407))

table 6 : explain SELECT c FROM sbtest6 WHERE id BETWEEN 9909256 AND 9910255
	Bitmap Heap Scan on sbtest6  (cost=31.64..4223.67 rows=1093 width=121)
	  Recheck Cond: ((id >= 9909256) AND (id <= 9910255))
	  ->  Bitmap Index Scan on sbtest6_pkey  (cost=0.00..31.36 rows=1093 width=0)
	        Index Cond: ((id >= 9909256) AND (id <= 9910255))

table 7 : explain SELECT c FROM sbtest7 WHERE id BETWEEN 7606524 AND 7607523
	Bitmap Heap Scan on sbtest7  (cost=31.40..4142.13 rows=1070 width=121)
	  Recheck Cond: ((id >= 7606524) AND (id <= 7607523))
	  ->  Bitmap Index Scan on sbtest7_pkey  (cost=0.00..31.14 rows=1070 width=0)
	        Index Cond: ((id >= 7606524) AND (id <= 7607523))

table 8 : explain SELECT c FROM sbtest8 WHERE id BETWEEN 789575 AND 790574
	Bitmap Heap Scan on sbtest8  (cost=30.03..3629.66 rows=936 width=121)
	  Recheck Cond: ((id >= 789575) AND (id <= 790574))
	  ->  Bitmap Index Scan on sbtest8_pkey  (cost=0.00..29.79 rows=936 width=0)
	        Index Cond: ((id >= 789575) AND (id <= 790574))

explain: for point_selects :: explain SELECT c FROM sbtest%u WHERE id=%u
for point_selects
table 1 : explain SELECT c FROM sbtest1 WHERE id=3879731
	Index Scan using sbtest1_pkey on sbtest1  (cost=0.43..8.45 rows=1 width=121)
	  Index Cond: (id = 3879731)

table 2 : explain SELECT c FROM sbtest2 WHERE id=7119299
	Index Scan using sbtest2_pkey on sbtest2  (cost=0.43..8.45 rows=1 width=121)
	  Index Cond: (id = 7119299)

table 3 : explain SELECT c FROM sbtest3 WHERE id=7775102
	Index Scan using sbtest3_pkey on sbtest3  (cost=0.43..8.45 rows=1 width=121)
	  Index Cond: (id = 7775102)

table 4 : explain SELECT c FROM sbtest4 WHERE id=6889675
	Index Scan using sbtest4_pkey on sbtest4  (cost=0.43..8.45 rows=1 width=121)
	  Index Cond: (id = 6889675)

table 5 : explain SELECT c FROM sbtest5 WHERE id=7288921
	Index Scan using sbtest5_pkey on sbtest5  (cost=0.43..8.45 rows=1 width=121)
	  Index Cond: (id = 7288921)

table 6 : explain SELECT c FROM sbtest6 WHERE id=3133161
	Index Scan using sbtest6_pkey on sbtest6  (cost=0.43..8.45 rows=1 width=121)
	  Index Cond: (id = 3133161)

table 7 : explain SELECT c FROM sbtest7 WHERE id=309630
	Index Scan using sbtest7_pkey on sbtest7  (cost=0.43..8.45 rows=1 width=121)
	  Index Cond: (id = 309630)

table 8 : explain SELECT c FROM sbtest8 WHERE id=4479572
	Index Scan using sbtest8_pkey on sbtest8  (cost=0.43..8.45 rows=1 width=121)
	  Index Cond: (id = 4479572)

for: sum_ranges
table 1 : explain SELECT SUM(k) FROM sbtest1 WHERE id BETWEEN 699766 AND 700765
	Aggregate  (cost=3973.10..3973.11 rows=1 width=8)
	  ->  Bitmap Heap Scan on sbtest1  (cost=30.95..3970.54 rows=1026 width=4)
	        Recheck Cond: ((id >= 699766) AND (id <= 700765))
	        ->  Bitmap Index Scan on sbtest1_pkey  (cost=0.00..30.69 rows=1026 width=0)
	              Index Cond: ((id >= 699766) AND (id <= 700765))

table 2 : explain SELECT SUM(k) FROM sbtest2 WHERE id BETWEEN 9873617 AND 9874616
	Aggregate  (cost=3681.23..3681.24 rows=1 width=8)
	  ->  Bitmap Heap Scan on sbtest2  (cost=30.16..3678.86 rows=949 width=4)
	        Recheck Cond: ((id >= 9873617) AND (id <= 9874616))
	        ->  Bitmap Index Scan on sbtest2_pkey  (cost=0.00..29.93 rows=949 width=0)
	              Index Cond: ((id >= 9873617) AND (id <= 9874616))

table 3 : explain SELECT SUM(k) FROM sbtest3 WHERE id BETWEEN 6036620 AND 6037619
	Aggregate  (cost=3781.61..3781.62 rows=1 width=8)
	  ->  Bitmap Heap Scan on sbtest3  (cost=30.42..3779.18 rows=974 width=4)
	        Recheck Cond: ((id >= 6036620) AND (id <= 6037619))
	        ->  Bitmap Index Scan on sbtest3_pkey  (cost=0.00..30.18 rows=974 width=0)
	              Index Cond: ((id >= 6036620) AND (id <= 6037619))

table 4 : explain SELECT SUM(k) FROM sbtest4 WHERE id BETWEEN 9999311 AND 10000310
	Aggregate  (cost=2956.33..2956.34 rows=1 width=8)
	  ->  Bitmap Heap Scan on sbtest4  (cost=24.19..2954.44 rows=757 width=4)
	        Recheck Cond: ((id >= 9999311) AND (id <= 10000310))
	        ->  Bitmap Index Scan on sbtest4_pkey  (cost=0.00..24.00 rows=757 width=0)
	              Index Cond: ((id >= 9999311) AND (id <= 10000310))

table 5 : explain SELECT SUM(k) FROM sbtest5 WHERE id BETWEEN 4718107 AND 4719106
	Aggregate  (cost=3828.99..3829.00 rows=1 width=8)
	  ->  Bitmap Heap Scan on sbtest5  (cost=30.56..3826.52 rows=988 width=4)
	        Recheck Cond: ((id >= 4718107) AND (id <= 4719106))
	        ->  Bitmap Index Scan on sbtest5_pkey  (cost=0.00..30.32 rows=988 width=0)
	              Index Cond: ((id >= 4718107) AND (id <= 4719106))

table 6 : explain SELECT SUM(k) FROM sbtest6 WHERE id BETWEEN 4698134 AND 4699133
	Aggregate  (cost=3698.30..3698.31 rows=1 width=8)
	  ->  Bitmap Heap Scan on sbtest6  (cost=30.20..3695.92 rows=953 width=4)
	        Recheck Cond: ((id >= 4698134) AND (id <= 4699133))
	        ->  Bitmap Index Scan on sbtest6_pkey  (cost=0.00..29.96 rows=953 width=0)
	              Index Cond: ((id >= 4698134) AND (id <= 4699133))

table 7 : explain SELECT SUM(k) FROM sbtest7 WHERE id BETWEEN 7861591 AND 7862590
	Aggregate  (cost=3910.63..3910.64 rows=1 width=8)
	  ->  Bitmap Heap Scan on sbtest7  (cost=30.77..3908.11 rows=1008 width=4)
	        Recheck Cond: ((id >= 7861591) AND (id <= 7862590))
	        ->  Bitmap Index Scan on sbtest7_pkey  (cost=0.00..30.51 rows=1008 width=0)
	              Index Cond: ((id >= 7861591) AND (id <= 7862590))

table 8 : explain SELECT SUM(k) FROM sbtest8 WHERE id BETWEEN 384765 AND 385764
	Aggregate  (cost=3862.34..3862.35 rows=1 width=8)
	  ->  Bitmap Heap Scan on sbtest8  (cost=30.65..3859.85 rows=997 width=4)
	        Recheck Cond: ((id >= 384765) AND (id <= 385764))
	        ->  Bitmap Index Scan on sbtest8_pkey  (cost=0.00..30.40 rows=997 width=0)
	              Index Cond: ((id >= 384765) AND (id <= 385764))

for: sum_ranges
table 1 : explain SELECT SUM(k) FROM sbtest1 WHERE id BETWEEN 5739107 AND 5740106
	Aggregate  (cost=4097.46..4097.47 rows=1 width=8)
	  ->  Bitmap Heap Scan on sbtest1  (cost=31.29..4094.81 rows=1059 width=4)
	        Recheck Cond: ((id >= 5739107) AND (id <= 5740106))
	        ->  Bitmap Index Scan on sbtest1_pkey  (cost=0.00..31.02 rows=1059 width=0)
	              Index Cond: ((id >= 5739107) AND (id <= 5740106))

table 2 : explain SELECT SUM(k) FROM sbtest2 WHERE id BETWEEN 3333315 AND 3334314
	Aggregate  (cost=3952.94..3952.95 rows=1 width=8)
	  ->  Bitmap Heap Scan on sbtest2  (cost=30.90..3950.39 rows=1021 width=4)
	        Recheck Cond: ((id >= 3333315) AND (id <= 3334314))
	        ->  Bitmap Index Scan on sbtest2_pkey  (cost=0.00..30.64 rows=1021 width=0)
	              Index Cond: ((id >= 3333315) AND (id <= 3334314))

table 3 : explain SELECT SUM(k) FROM sbtest3 WHERE id BETWEEN 2378063 AND 2379062
	Aggregate  (cost=3985.79..3985.80 rows=1 width=8)
	  ->  Bitmap Heap Scan on sbtest3  (cost=30.97..3983.22 rows=1028 width=4)
	        Recheck Cond: ((id >= 2378063) AND (id <= 2379062))
	        ->  Bitmap Index Scan on sbtest3_pkey  (cost=0.00..30.71 rows=1028 width=0)
	              Index Cond: ((id >= 2378063) AND (id <= 2379062))

table 4 : explain SELECT SUM(k) FROM sbtest4 WHERE id BETWEEN 5999890 AND 6000889
	Aggregate  (cost=3701.00..3701.01 rows=1 width=8)
	  ->  Bitmap Heap Scan on sbtest4  (cost=30.20..3698.62 rows=953 width=4)
	        Recheck Cond: ((id >= 5999890) AND (id <= 6000889))
	        ->  Bitmap Index Scan on sbtest4_pkey  (cost=0.00..29.96 rows=953 width=0)
	              Index Cond: ((id >= 5999890) AND (id <= 6000889))

table 5 : explain SELECT SUM(k) FROM sbtest5 WHERE id BETWEEN 5687899 AND 5688898
	Aggregate  (cost=3972.32..3972.33 rows=1 width=8)
	  ->  Bitmap Heap Scan on sbtest5  (cost=30.95..3969.75 rows=1026 width=4)
	        Recheck Cond: ((id >= 5687899) AND (id <= 5688898))
	        ->  Bitmap Index Scan on sbtest5_pkey  (cost=0.00..30.69 rows=1026 width=0)
	              Index Cond: ((id >= 5687899) AND (id <= 5688898))

table 6 : explain SELECT SUM(k) FROM sbtest6 WHERE id BETWEEN 4710419 AND 4711418
	Aggregate  (cost=3728.54..3728.55 rows=1 width=8)
	  ->  Bitmap Heap Scan on sbtest6  (cost=30.29..3726.14 rows=961 width=4)
	        Recheck Cond: ((id >= 4710419) AND (id <= 4711418))
	        ->  Bitmap Index Scan on sbtest6_pkey  (cost=0.00..30.04 rows=961 width=0)
	              Index Cond: ((id >= 4710419) AND (id <= 4711418))

table 7 : explain SELECT SUM(k) FROM sbtest7 WHERE id BETWEEN 1413998 AND 1414997
	Aggregate  (cost=3853.91..3853.92 rows=1 width=8)
	  ->  Bitmap Heap Scan on sbtest7  (cost=30.61..3851.42 rows=993 width=4)
	        Recheck Cond: ((id >= 1413998) AND (id <= 1414997))
	        ->  Bitmap Index Scan on sbtest7_pkey  (cost=0.00..30.36 rows=993 width=0)
	              Index Cond: ((id >= 1413998) AND (id <= 1414997))

table 8 : explain SELECT SUM(k) FROM sbtest8 WHERE id BETWEEN 8830243 AND 8831242
	Aggregate  (cost=3900.05..3900.06 rows=1 width=8)
	  ->  Bitmap Heap Scan on sbtest8  (cost=30.76..3897.54 rows=1007 width=4)
	        Recheck Cond: ((id >= 8830243) AND (id <= 8831242))
	        ->  Bitmap Index Scan on sbtest8_pkey  (cost=0.00..30.50 rows=1007 width=0)
	              Index Cond: ((id >= 8830243) AND (id <= 8831242))

for: sum_ranges
table 1 : explain SELECT SUM(k) FROM sbtest1 WHERE id BETWEEN 2430680 AND 2431679
	Aggregate  (cost=3958.02..3958.03 rows=1 width=8)
	  ->  Bitmap Heap Scan on sbtest1  (cost=30.91..3955.46 rows=1022 width=4)
	        Recheck Cond: ((id >= 2430680) AND (id <= 2431679))
	        ->  Bitmap Index Scan on sbtest1_pkey  (cost=0.00..30.65 rows=1022 width=0)
	              Index Cond: ((id >= 2430680) AND (id <= 2431679))

table 2 : explain SELECT SUM(k) FROM sbtest2 WHERE id BETWEEN 5575129 AND 5576128
	Aggregate  (cost=3730.34..3730.35 rows=1 width=8)
	  ->  Bitmap Heap Scan on sbtest2  (cost=30.30..3727.93 rows=962 width=4)
	        Recheck Cond: ((id >= 5575129) AND (id <= 5576128))
	        ->  Bitmap Index Scan on sbtest2_pkey  (cost=0.00..30.05 rows=962 width=0)
	              Index Cond: ((id >= 5575129) AND (id <= 5576128))

table 3 : explain SELECT SUM(k) FROM sbtest3 WHERE id BETWEEN 1125115 AND 1126114
	Aggregate  (cost=3925.33..3925.34 rows=1 width=8)
	  ->  Bitmap Heap Scan on sbtest3  (cost=30.81..3922.80 rows=1012 width=4)
	        Recheck Cond: ((id >= 1125115) AND (id <= 1126114))
	        ->  Bitmap Index Scan on sbtest3_pkey  (cost=0.00..30.55 rows=1012 width=0)
	              Index Cond: ((id >= 1125115) AND (id <= 1126114))

table 4 : explain SELECT SUM(k) FROM sbtest4 WHERE id BETWEEN 887485 AND 888484
	Aggregate  (cost=3757.77..3757.78 rows=1 width=8)
	  ->  Bitmap Heap Scan on sbtest4  (cost=30.36..3755.35 rows=968 width=4)
	        Recheck Cond: ((id >= 887485) AND (id <= 888484))
	        ->  Bitmap Index Scan on sbtest4_pkey  (cost=0.00..30.11 rows=968 width=0)
	              Index Cond: ((id >= 887485) AND (id <= 888484))

table 5 : explain SELECT SUM(k) FROM sbtest5 WHERE id BETWEEN 4480066 AND 4481065
	Aggregate  (cost=3764.81..3764.82 rows=1 width=8)
	  ->  Bitmap Heap Scan on sbtest5  (cost=30.39..3762.39 rows=971 width=4)
	        Recheck Cond: ((id >= 4480066) AND (id <= 4481065))
	        ->  Bitmap Index Scan on sbtest5_pkey  (cost=0.00..30.14 rows=971 width=0)
	              Index Cond: ((id >= 4480066) AND (id <= 4481065))

table 6 : explain SELECT SUM(k) FROM sbtest6 WHERE id BETWEEN 6482284 AND 6483283
	Aggregate  (cost=3996.60..3996.61 rows=1 width=8)
	  ->  Bitmap Heap Scan on sbtest6  (cost=31.01..3994.02 rows=1032 width=4)
	        Recheck Cond: ((id >= 6482284) AND (id <= 6483283))
	        ->  Bitmap Index Scan on sbtest6_pkey  (cost=0.00..30.75 rows=1032 width=0)
	              Index Cond: ((id >= 6482284) AND (id <= 6483283))

table 7 : explain SELECT SUM(k) FROM sbtest7 WHERE id BETWEEN 5224721 AND 5225720
	Aggregate  (cost=3645.67..3645.68 rows=1 width=8)
	  ->  Bitmap Heap Scan on sbtest7  (cost=30.05..3643.33 rows=938 width=4)
	        Recheck Cond: ((id >= 5224721) AND (id <= 5225720))
	        ->  Bitmap Index Scan on sbtest7_pkey  (cost=0.00..29.82 rows=938 width=0)
	              Index Cond: ((id >= 5224721) AND (id <= 5225720))

table 8 : explain SELECT SUM(k) FROM sbtest8 WHERE id BETWEEN 6381400 AND 6382399
	Aggregate  (cost=3832.16..3832.17 rows=1 width=8)
	  ->  Bitmap Heap Scan on sbtest8  (cost=30.57..3829.69 rows=989 width=4)
	        Recheck Cond: ((id >= 6381400) AND (id <= 6382399))
	        ->  Bitmap Index Scan on sbtest8_pkey  (cost=0.00..30.32 rows=989 width=0)
	              Index Cond: ((id >= 6381400) AND (id <= 6382399))

for: order_ranges
table 1 : explain SELECT c FROM sbtest1 WHERE id BETWEEN 7005497 AND 7006496 ORDER BY c
	Sort  (cost=4293.14..4295.89 rows=1097 width=121)
	  Sort Key: c
	  ->  Bitmap Heap Scan on sbtest1  (cost=31.68..4237.75 rows=1097 width=121)
	        Recheck Cond: ((id >= 7005497) AND (id <= 7006496))
	        ->  Bitmap Index Scan on sbtest1_pkey  (cost=0.00..31.40 rows=1097 width=0)
	              Index Cond: ((id >= 7005497) AND (id <= 7006496))

table 2 : explain SELECT c FROM sbtest2 WHERE id BETWEEN 897443 AND 898442 ORDER BY c
	Sort  (cost=3626.10..3628.40 rows=923 width=121)
	  Sort Key: c
	  ->  Bitmap Heap Scan on sbtest2  (cost=29.90..3580.64 rows=923 width=121)
	        Recheck Cond: ((id >= 897443) AND (id <= 898442))
	        ->  Bitmap Index Scan on sbtest2_pkey  (cost=0.00..29.66 rows=923 width=0)
	              Index Cond: ((id >= 897443) AND (id <= 898442))

table 3 : explain SELECT c FROM sbtest3 WHERE id BETWEEN 2345356 AND 2346355 ORDER BY c
	Sort  (cost=4034.65..4037.22 rows=1028 width=121)
	  Sort Key: c
	  ->  Bitmap Heap Scan on sbtest3  (cost=30.97..3983.22 rows=1028 width=121)
	        Recheck Cond: ((id >= 2345356) AND (id <= 2346355))
	        ->  Bitmap Index Scan on sbtest3_pkey  (cost=0.00..30.71 rows=1028 width=0)
	              Index Cond: ((id >= 2345356) AND (id <= 2346355))

table 4 : explain SELECT c FROM sbtest4 WHERE id BETWEEN 497130 AND 498129 ORDER BY c
	Sort  (cost=4396.80..4399.61 rows=1123 width=121)
	  Sort Key: c
	  ->  Bitmap Heap Scan on sbtest4  (cost=31.95..4339.91 rows=1123 width=121)
	        Recheck Cond: ((id >= 497130) AND (id <= 498129))
	        ->  Bitmap Index Scan on sbtest4_pkey  (cost=0.00..31.66 rows=1123 width=0)
	              Index Cond: ((id >= 497130) AND (id <= 498129))

table 5 : explain SELECT c FROM sbtest5 WHERE id BETWEEN 4598619 AND 4599618 ORDER BY c
	Sort  (cost=3649.40..3651.73 rows=930 width=121)
	  Sort Key: c
	  ->  Bitmap Heap Scan on sbtest5  (cost=25.97..3603.55 rows=930 width=121)
	        Recheck Cond: ((id >= 4598619) AND (id <= 4599618))
	        ->  Bitmap Index Scan on sbtest5_pkey  (cost=0.00..25.73 rows=930 width=0)
	              Index Cond: ((id >= 4598619) AND (id <= 4599618))

table 6 : explain SELECT c FROM sbtest6 WHERE id BETWEEN 4390651 AND 4391650 ORDER BY c
	Sort  (cost=3589.41..3591.69 rows=914 width=121)
	  Sort Key: c
	  ->  Bitmap Heap Scan on sbtest6  (cost=25.80..3544.46 rows=914 width=121)
	        Recheck Cond: ((id >= 4390651) AND (id <= 4391650))
	        ->  Bitmap Index Scan on sbtest6_pkey  (cost=0.00..25.57 rows=914 width=0)
	              Index Cond: ((id >= 4390651) AND (id <= 4391650))

table 7 : explain SELECT c FROM sbtest7 WHERE id BETWEEN 4180209 AND 4181208 ORDER BY c
	Sort  (cost=3628.12..3630.42 rows=922 width=121)
	  Sort Key: c
	  ->  Bitmap Heap Scan on sbtest7  (cost=29.89..3582.72 rows=922 width=121)
	        Recheck Cond: ((id >= 4180209) AND (id <= 4181208))
	        ->  Bitmap Index Scan on sbtest7_pkey  (cost=0.00..29.65 rows=922 width=0)
	              Index Cond: ((id >= 4180209) AND (id <= 4181208))

table 8 : explain SELECT c FROM sbtest8 WHERE id BETWEEN 7168224 AND 7169223 ORDER BY c
	Sort  (cost=4058.65..4061.24 rows=1036 width=121)
	  Sort Key: c
	  ->  Bitmap Heap Scan on sbtest8  (cost=31.05..4006.76 rows=1036 width=121)
	        Recheck Cond: ((id >= 7168224) AND (id <= 7169223))
	        ->  Bitmap Index Scan on sbtest8_pkey  (cost=0.00..30.79 rows=1036 width=0)
	              Index Cond: ((id >= 7168224) AND (id <= 7169223))

for: simple_ranges
table 1 : explain SELECT c FROM sbtest1 WHERE id BETWEEN 5317893 AND 5318892
	Bitmap Heap Scan on sbtest1  (cost=30.83..3925.31 rows=1014 width=121)
	  Recheck Cond: ((id >= 5317893) AND (id <= 5318892))
	  ->  Bitmap Index Scan on sbtest1_pkey  (cost=0.00..30.57 rows=1014 width=0)
	        Index Cond: ((id >= 5317893) AND (id <= 5318892))

table 2 : explain SELECT c FROM sbtest2 WHERE id BETWEEN 3746626 AND 3747625
	Bitmap Heap Scan on sbtest2  (cost=25.80..3542.62 rows=914 width=121)
	  Recheck Cond: ((id >= 3746626) AND (id <= 3747625))
	  ->  Bitmap Index Scan on sbtest2_pkey  (cost=0.00..25.57 rows=914 width=0)
	        Index Cond: ((id >= 3746626) AND (id <= 3747625))

table 3 : explain SELECT c FROM sbtest3 WHERE id BETWEEN 3224538 AND 3225537
	Bitmap Heap Scan on sbtest3  (cost=30.94..3971.89 rows=1025 width=121)
	  Recheck Cond: ((id >= 3224538) AND (id <= 3225537))
	  ->  Bitmap Index Scan on sbtest3_pkey  (cost=0.00..30.68 rows=1025 width=0)
	        Index Cond: ((id >= 3224538) AND (id <= 3225537))

table 4 : explain SELECT c FROM sbtest4 WHERE id BETWEEN 3308890 AND 3309889
	Bitmap Heap Scan on sbtest4  (cost=30.86..3940.46 rows=1017 width=121)
	  Recheck Cond: ((id >= 3308890) AND (id <= 3309889))
	  ->  Bitmap Index Scan on sbtest4_pkey  (cost=0.00..30.61 rows=1017 width=0)
	        Index Cond: ((id >= 3308890) AND (id <= 3309889))

table 5 : explain SELECT c FROM sbtest5 WHERE id BETWEEN 2933802 AND 2934801
	Bitmap Heap Scan on sbtest5  (cost=31.07..4014.95 rows=1038 width=121)
	  Recheck Cond: ((id >= 2933802) AND (id <= 2934801))
	  ->  Bitmap Index Scan on sbtest5_pkey  (cost=0.00..30.82 rows=1038 width=0)
	        Index Cond: ((id >= 2933802) AND (id <= 2934801))

table 6 : explain SELECT c FROM sbtest6 WHERE id BETWEEN 5617444 AND 5618443
	Bitmap Heap Scan on sbtest6  (cost=30.17..3684.58 rows=950 width=121)
	  Recheck Cond: ((id >= 5617444) AND (id <= 5618443))
	  ->  Bitmap Index Scan on sbtest6_pkey  (cost=0.00..29.93 rows=950 width=0)
	        Index Cond: ((id >= 5617444) AND (id <= 5618443))

table 7 : explain SELECT c FROM sbtest7 WHERE id BETWEEN 9162644 AND 9163643
	Bitmap Heap Scan on sbtest7  (cost=31.24..4081.79 rows=1054 width=121)
	  Recheck Cond: ((id >= 9162644) AND (id <= 9163643))
	  ->  Bitmap Index Scan on sbtest7_pkey  (cost=0.00..30.97 rows=1054 width=0)
	        Index Cond: ((id >= 9162644) AND (id <= 9163643))

table 8 : explain SELECT c FROM sbtest8 WHERE id BETWEEN 3448904 AND 3449903
	Bitmap Heap Scan on sbtest8  (cost=30.22..3701.41 rows=955 width=121)
	  Recheck Cond: ((id >= 3448904) AND (id <= 3449903))
	  ->  Bitmap Index Scan on sbtest8_pkey  (cost=0.00..29.98 rows=955 width=0)
	        Index Cond: ((id >= 3448904) AND (id <= 3449903))

for: order_ranges
table 1 : explain SELECT c FROM sbtest1 WHERE id BETWEEN 767617 AND 768616 ORDER BY c
	Sort  (cost=3861.09..3863.55 rows=984 width=121)
	  Sort Key: c
	  ->  Bitmap Heap Scan on sbtest1  (cost=30.52..3812.17 rows=984 width=121)
	        Recheck Cond: ((id >= 767617) AND (id <= 768616))
	        ->  Bitmap Index Scan on sbtest1_pkey  (cost=0.00..30.27 rows=984 width=0)
	              Index Cond: ((id >= 767617) AND (id <= 768616))

table 2 : explain SELECT c FROM sbtest2 WHERE id BETWEEN 999567 AND 1000566 ORDER BY c
	Sort  (cost=3537.68..3539.93 rows=901 width=121)
	  Sort Key: c
	  ->  Bitmap Heap Scan on sbtest2  (cost=25.67..3493.46 rows=901 width=121)
	        Recheck Cond: ((id >= 999567) AND (id <= 1000566))
	        ->  Bitmap Index Scan on sbtest2_pkey  (cost=0.00..25.44 rows=901 width=0)
	              Index Cond: ((id >= 999567) AND (id <= 1000566))

table 3 : explain SELECT c FROM sbtest3 WHERE id BETWEEN 1694461 AND 1695460 ORDER BY c
	Sort  (cost=3846.72..3849.17 rows=979 width=121)
	  Sort Key: c
	  ->  Bitmap Heap Scan on sbtest3  (cost=30.47..3798.09 rows=979 width=121)
	        Recheck Cond: ((id >= 1694461) AND (id <= 1695460))
	        ->  Bitmap Index Scan on sbtest3_pkey  (cost=0.00..30.22 rows=979 width=0)
	              Index Cond: ((id >= 1694461) AND (id <= 1695460))

table 4 : explain SELECT c FROM sbtest4 WHERE id BETWEEN 2525323 AND 2526322 ORDER BY c
	Sort  (cost=4331.85..4334.61 rows=1106 width=121)
	  Sort Key: c
	  ->  Bitmap Heap Scan on sbtest4  (cost=31.77..4275.94 rows=1106 width=121)
	        Recheck Cond: ((id >= 2525323) AND (id <= 2526322))
	        ->  Bitmap Index Scan on sbtest4_pkey  (cost=0.00..31.50 rows=1106 width=0)
	              Index Cond: ((id >= 2525323) AND (id <= 2526322))

table 5 : explain SELECT c FROM sbtest5 WHERE id BETWEEN 4742595 AND 4743594 ORDER BY c
	Sort  (cost=4242.66..4245.37 rows=1084 width=121)
	  Sort Key: c
	  ->  Bitmap Heap Scan on sbtest5  (cost=31.55..4188.02 rows=1084 width=121)
	        Recheck Cond: ((id >= 4742595) AND (id <= 4743594))
	        ->  Bitmap Index Scan on sbtest5_pkey  (cost=0.00..31.27 rows=1084 width=0)
	              Index Cond: ((id >= 4742595) AND (id <= 4743594))

table 6 : explain SELECT c FROM sbtest6 WHERE id BETWEEN 9470726 AND 9471725 ORDER BY c
	Sort  (cost=4492.59..4495.46 rows=1150 width=121)
	  Sort Key: c
	  ->  Bitmap Heap Scan on sbtest6  (cost=32.22..4434.13 rows=1150 width=121)
	        Recheck Cond: ((id >= 9470726) AND (id <= 9471725))
	        ->  Bitmap Index Scan on sbtest6_pkey  (cost=0.00..31.93 rows=1150 width=0)
	              Index Cond: ((id >= 9470726) AND (id <= 9471725))

table 7 : explain SELECT c FROM sbtest7 WHERE id BETWEEN 497373 AND 498372 ORDER BY c
	Sort  (cost=4035.08..4037.65 rows=1028 width=121)
	  Sort Key: c
	  ->  Bitmap Heap Scan on sbtest7  (cost=30.97..3983.65 rows=1028 width=121)
	        Recheck Cond: ((id >= 497373) AND (id <= 498372))
	        ->  Bitmap Index Scan on sbtest7_pkey  (cost=0.00..30.71 rows=1028 width=0)
	              Index Cond: ((id >= 497373) AND (id <= 498372))

table 8 : explain SELECT c FROM sbtest8 WHERE id BETWEEN 8780044 AND 8781043 ORDER BY c
	Sort  (cost=4123.61..4126.24 rows=1053 width=121)
	  Sort Key: c
	  ->  Bitmap Heap Scan on sbtest8  (cost=31.23..4070.74 rows=1053 width=121)
	        Recheck Cond: ((id >= 8780044) AND (id <= 8781043))
	        ->  Bitmap Index Scan on sbtest8_pkey  (cost=0.00..30.96 rows=1053 width=0)
	              Index Cond: ((id >= 8780044) AND (id <= 8781043))

for: sum_ranges
table 1 : explain SELECT SUM(k) FROM sbtest1 WHERE id BETWEEN 8996358 AND 8997357
	Aggregate  (cost=3844.83..3844.84 rows=1 width=8)
	  ->  Bitmap Heap Scan on sbtest1  (cost=30.60..3842.35 rows=992 width=4)
	        Recheck Cond: ((id >= 8996358) AND (id <= 8997357))
	        ->  Bitmap Index Scan on sbtest1_pkey  (cost=0.00..30.36 rows=992 width=0)
	              Index Cond: ((id >= 8996358) AND (id <= 8997357))

table 2 : explain SELECT SUM(k) FROM sbtest2 WHERE id BETWEEN 6165191 AND 6166190
	Aggregate  (cost=4250.32..4250.33 rows=1 width=8)
	  ->  Bitmap Heap Scan on sbtest2  (cost=31.71..4247.57 rows=1100 width=4)
	        Recheck Cond: ((id >= 6165191) AND (id <= 6166190))
	        ->  Bitmap Index Scan on sbtest2_pkey  (cost=0.00..31.43 rows=1100 width=0)
	              Index Cond: ((id >= 6165191) AND (id <= 6166190))

table 3 : explain SELECT SUM(k) FROM sbtest3 WHERE id BETWEEN 7456299 AND 7457298
	Aggregate  (cost=3705.90..3705.91 rows=1 width=8)
	  ->  Bitmap Heap Scan on sbtest3  (cost=30.21..3703.52 rows=954 width=4)
	        Recheck Cond: ((id >= 7456299) AND (id <= 7457298))
	        ->  Bitmap Index Scan on sbtest3_pkey  (cost=0.00..29.97 rows=954 width=0)
	              Index Cond: ((id >= 7456299) AND (id <= 7457298))

table 4 : explain SELECT SUM(k) FROM sbtest4 WHERE id BETWEEN 6922132 AND 6923131
	Aggregate  (cost=3655.57..3655.58 rows=1 width=8)
	  ->  Bitmap Heap Scan on sbtest4  (cost=30.08..3653.22 rows=941 width=4)
	        Recheck Cond: ((id >= 6922132) AND (id <= 6923131))
	        ->  Bitmap Index Scan on sbtest4_pkey  (cost=0.00..29.84 rows=941 width=0)
	              Index Cond: ((id >= 6922132) AND (id <= 6923131))

table 5 : explain SELECT SUM(k) FROM sbtest5 WHERE id BETWEEN 1191713 AND 1192712
	Aggregate  (cost=4051.45..4051.46 rows=1 width=8)
	  ->  Bitmap Heap Scan on sbtest5  (cost=31.17..4048.83 rows=1047 width=4)
	        Recheck Cond: ((id >= 1191713) AND (id <= 1192712))
	        ->  Bitmap Index Scan on sbtest5_pkey  (cost=0.00..30.90 rows=1047 width=0)
	              Index Cond: ((id >= 1191713) AND (id <= 1192712))

table 6 : explain SELECT SUM(k) FROM sbtest6 WHERE id BETWEEN 3534228 AND 3535227
	Aggregate  (cost=3766.34..3766.35 rows=1 width=8)
	  ->  Bitmap Heap Scan on sbtest6  (cost=30.39..3763.91 rows=971 width=4)
	        Recheck Cond: ((id >= 3534228) AND (id <= 3535227))
	        ->  Bitmap Index Scan on sbtest6_pkey  (cost=0.00..30.14 rows=971 width=0)
	              Index Cond: ((id >= 3534228) AND (id <= 3535227))

table 7 : explain SELECT SUM(k) FROM sbtest7 WHERE id BETWEEN 2201404 AND 2202403
	Aggregate  (cost=3910.63..3910.64 rows=1 width=8)
	  ->  Bitmap Heap Scan on sbtest7  (cost=30.77..3908.11 rows=1008 width=4)
	        Recheck Cond: ((id >= 2201404) AND (id <= 2202403))
	        ->  Bitmap Index Scan on sbtest7_pkey  (cost=0.00..30.51 rows=1008 width=0)
	              Index Cond: ((id >= 2201404) AND (id <= 2202403))

table 8 : explain SELECT SUM(k) FROM sbtest8 WHERE id BETWEEN 8875852 AND 8876851
	Aggregate  (cost=3900.05..3900.06 rows=1 width=8)
	  ->  Bitmap Heap Scan on sbtest8  (cost=30.76..3897.54 rows=1007 width=4)
	        Recheck Cond: ((id >= 8875852) AND (id <= 8876851))
	        ->  Bitmap Index Scan on sbtest8_pkey  (cost=0.00..30.50 rows=1007 width=0)
	              Index Cond: ((id >= 8875852) AND (id <= 8876851))

for point_selects
table 1 : explain SELECT c FROM sbtest1 WHERE id=1146251
	Index Scan using sbtest1_pkey on sbtest1  (cost=0.43..8.45 rows=1 width=121)
	  Index Cond: (id = 1146251)

table 2 : explain SELECT c FROM sbtest2 WHERE id=8159858
	Index Scan using sbtest2_pkey on sbtest2  (cost=0.43..8.45 rows=1 width=121)
	  Index Cond: (id = 8159858)

table 3 : explain SELECT c FROM sbtest3 WHERE id=1874025
	Index Scan using sbtest3_pkey on sbtest3  (cost=0.43..8.45 rows=1 width=121)
	  Index Cond: (id = 1874025)

table 4 : explain SELECT c FROM sbtest4 WHERE id=5787937
	Index Scan using sbtest4_pkey on sbtest4  (cost=0.43..8.45 rows=1 width=121)
	  Index Cond: (id = 5787937)

table 5 : explain SELECT c FROM sbtest5 WHERE id=2922810
	Index Scan using sbtest5_pkey on sbtest5  (cost=0.43..8.45 rows=1 width=121)
	  Index Cond: (id = 2922810)

table 6 : explain SELECT c FROM sbtest6 WHERE id=5226179
	Index Scan using sbtest6_pkey on sbtest6  (cost=0.43..8.45 rows=1 width=121)
	  Index Cond: (id = 5226179)

table 7 : explain SELECT c FROM sbtest7 WHERE id=2736326
	Index Scan using sbtest7_pkey on sbtest7  (cost=0.43..8.45 rows=1 width=121)
	  Index Cond: (id = 2736326)

table 8 : explain SELECT c FROM sbtest8 WHERE id=2003500
	Index Scan using sbtest8_pkey on sbtest8  (cost=0.43..8.45 rows=1 width=121)
	  Index Cond: (id = 2003500)

for: distinct_ranges
table 1 : explain SELECT DISTINCT c FROM sbtest1 WHERE id BETWEEN 3383517 AND 3384516 ORDER BY c
	Unique  (cost=3788.29..3793.12 rows=965 width=121)
	  ->  Sort  (cost=3788.29..3790.70 rows=965 width=121)
	        Sort Key: c
	        ->  Bitmap Heap Scan on sbtest1  (cost=30.33..3740.45 rows=965 width=121)
	              Recheck Cond: ((id >= 3383517) AND (id <= 3384516))
	              ->  Bitmap Index Scan on sbtest1_pkey  (cost=0.00..30.08 rows=965 width=0)
	                    Index Cond: ((id >= 3383517) AND (id <= 3384516))

table 2 : explain SELECT DISTINCT c FROM sbtest2 WHERE id BETWEEN 6312712 AND 6313711 ORDER BY c
	Unique  (cost=4051.12..4056.29 rows=1034 width=121)
	  ->  Sort  (cost=4051.12..4053.70 rows=1034 width=121)
	        Sort Key: c
	        ->  Bitmap Heap Scan on sbtest2  (cost=31.03..3999.35 rows=1034 width=121)
	              Recheck Cond: ((id >= 6312712) AND (id <= 6313711))
	              ->  Bitmap Index Scan on sbtest2_pkey  (cost=0.00..30.77 rows=1034 width=0)
	                    Index Cond: ((id >= 6312712) AND (id <= 6313711))

table 3 : explain SELECT DISTINCT c FROM sbtest3 WHERE id BETWEEN 4525736 AND 4526735 ORDER BY c
	Unique  (cost=3931.13..3936.14 rows=1001 width=121)
	  ->  Sort  (cost=3931.13..3933.63 rows=1001 width=121)
	        Sort Key: c
	        ->  Bitmap Heap Scan on sbtest3  (cost=30.70..3881.24 rows=1001 width=121)
	              Recheck Cond: ((id >= 4525736) AND (id <= 4526735))
	              ->  Bitmap Index Scan on sbtest3_pkey  (cost=0.00..30.44 rows=1001 width=0)
	                    Index Cond: ((id >= 4525736) AND (id <= 4526735))

table 4 : explain SELECT DISTINCT c FROM sbtest4 WHERE id BETWEEN 1010988 AND 1011987 ORDER BY c
	Unique  (cost=3480.41..3484.84 rows=885 width=121)
	  ->  Sort  (cost=3480.41..3482.62 rows=885 width=121)
	        Sort Key: c
	        ->  Bitmap Heap Scan on sbtest4  (cost=25.51..3437.09 rows=885 width=121)
	              Recheck Cond: ((id >= 1010988) AND (id <= 1011987))
	              ->  Bitmap Index Scan on sbtest4_pkey  (cost=0.00..25.29 rows=885 width=0)
	                    Index Cond: ((id >= 1010988) AND (id <= 1011987))

table 5 : explain SELECT DISTINCT c FROM sbtest5 WHERE id BETWEEN 3958611 AND 3959610 ORDER BY c
	Unique  (cost=4124.27..4129.54 rows=1053 width=121)
	  ->  Sort  (cost=4124.27..4126.91 rows=1053 width=121)
	        Sort Key: c
	        ->  Bitmap Heap Scan on sbtest5  (cost=31.23..4071.41 rows=1053 width=121)
	              Recheck Cond: ((id >= 3958611) AND (id <= 3959610))
	              ->  Bitmap Index Scan on sbtest5_pkey  (cost=0.00..30.96 rows=1053 width=0)
	                    Index Cond: ((id >= 3958611) AND (id <= 3959610))

table 6 : explain SELECT DISTINCT c FROM sbtest6 WHERE id BETWEEN 2394267 AND 2395266 ORDER BY c
	Unique  (cost=3988.28..3993.37 rows=1017 width=121)
	  ->  Sort  (cost=3988.28..3990.82 rows=1017 width=121)
	        Sort Key: c
	        ->  Bitmap Heap Scan on sbtest6  (cost=30.86..3937.48 rows=1017 width=121)
	              Recheck Cond: ((id >= 2394267) AND (id <= 2395266))
	              ->  Bitmap Index Scan on sbtest6_pkey  (cost=0.00..30.61 rows=1017 width=0)
	                    Index Cond: ((id >= 2394267) AND (id <= 2395266))

table 7 : explain SELECT DISTINCT c FROM sbtest7 WHERE id BETWEEN 7448635 AND 7449634 ORDER BY c
	Unique  (cost=4345.37..4350.91 rows=1108 width=121)
	  ->  Sort  (cost=4345.37..4348.14 rows=1108 width=121)
	        Sort Key: c
	        ->  Bitmap Heap Scan on sbtest7  (cost=35.79..4289.34 rows=1108 width=121)
	              Recheck Cond: ((id >= 7448635) AND (id <= 7449634))
	              ->  Bitmap Index Scan on sbtest7_pkey  (cost=0.00..35.52 rows=1108 width=0)
	                    Index Cond: ((id >= 7448635) AND (id <= 7449634))

table 8 : explain SELECT DISTINCT c FROM sbtest8 WHERE id BETWEEN 2898891 AND 2899890 ORDER BY c
	Unique  (cost=4245.78..4251.21 rows=1085 width=121)
	  ->  Sort  (cost=4245.78..4248.50 rows=1085 width=121)
	        Sort Key: c
	        ->  Bitmap Heap Scan on sbtest8  (cost=31.56..4191.08 rows=1085 width=121)
	              Recheck Cond: ((id >= 2898891) AND (id <= 2899890))
	              ->  Bitmap Index Scan on sbtest8_pkey  (cost=0.00..31.29 rows=1085 width=0)
	                    Index Cond: ((id >= 2898891) AND (id <= 2899890))

for: sum_ranges
table 1 : explain SELECT SUM(k) FROM sbtest1 WHERE id BETWEEN 7347688 AND 7348687
	Aggregate  (cost=3773.09..3773.10 rows=1 width=8)
	  ->  Bitmap Heap Scan on sbtest1  (cost=30.41..3770.66 rows=973 width=4)
	        Recheck Cond: ((id >= 7347688) AND (id <= 7348687))
	        ->  Bitmap Index Scan on sbtest1_pkey  (cost=0.00..30.16 rows=973 width=0)
	              Index Cond: ((id >= 7347688) AND (id <= 7348687))

table 2 : explain SELECT SUM(k) FROM sbtest2 WHERE id BETWEEN 3209414 AND 3210413
	Aggregate  (cost=3594.29..3594.30 rows=1 width=8)
	  ->  Bitmap Heap Scan on sbtest2  (cost=29.93..3591.97 rows=926 width=4)
	        Recheck Cond: ((id >= 3209414) AND (id <= 3210413))
	        ->  Bitmap Index Scan on sbtest2_pkey  (cost=0.00..29.69 rows=926 width=0)
	              Index Cond: ((id >= 3209414) AND (id <= 3210413))

table 3 : explain SELECT SUM(k) FROM sbtest3 WHERE id BETWEEN 1815732 AND 1816731
	Aggregate  (cost=3982.01..3982.02 rows=1 width=8)
	  ->  Bitmap Heap Scan on sbtest3  (cost=30.96..3979.45 rows=1027 width=4)
	        Recheck Cond: ((id >= 1815732) AND (id <= 1816731))
	        ->  Bitmap Index Scan on sbtest3_pkey  (cost=0.00..30.70 rows=1027 width=0)
	              Index Cond: ((id >= 1815732) AND (id <= 1816731))

table 4 : explain SELECT SUM(k) FROM sbtest4 WHERE id BETWEEN 4098263 AND 4099262
	Aggregate  (cost=4052.49..4052.50 rows=1 width=8)
	  ->  Bitmap Heap Scan on sbtest4  (cost=31.16..4049.88 rows=1046 width=4)
	        Recheck Cond: ((id >= 4098263) AND (id <= 4099262))
	        ->  Bitmap Index Scan on sbtest4_pkey  (cost=0.00..30.89 rows=1046 width=0)
	              Index Cond: ((id >= 4098263) AND (id <= 4099262))

table 5 : explain SELECT SUM(k) FROM sbtest5 WHERE id BETWEEN 3935890 AND 3936889
	Aggregate  (cost=4074.04..4074.05 rows=1 width=8)
	  ->  Bitmap Heap Scan on sbtest5  (cost=31.23..4071.41 rows=1053 width=4)
	        Recheck Cond: ((id >= 3935890) AND (id <= 3936889))
	        ->  Bitmap Index Scan on sbtest5_pkey  (cost=0.00..30.96 rows=1053 width=0)
	              Index Cond: ((id >= 3935890) AND (id <= 3936889))

table 6 : explain SELECT SUM(k) FROM sbtest6 WHERE id BETWEEN 4313591 AND 4314590
	Aggregate  (cost=3546.74..3546.75 rows=1 width=8)
	  ->  Bitmap Heap Scan on sbtest6  (cost=25.80..3544.46 rows=914 width=4)
	        Recheck Cond: ((id >= 4313591) AND (id <= 4314590))
	        ->  Bitmap Index Scan on sbtest6_pkey  (cost=0.00..25.57 rows=914 width=0)
	              Index Cond: ((id >= 4313591) AND (id <= 4314590))

table 7 : explain SELECT SUM(k) FROM sbtest7 WHERE id BETWEEN 1942656 AND 1943655
	Aggregate  (cost=3486.40..3486.41 rows=1 width=8)
	  ->  Bitmap Heap Scan on sbtest7  (cost=29.62..3484.16 rows=896 width=4)
	        Recheck Cond: ((id >= 1942656) AND (id <= 1943655))
	        ->  Bitmap Index Scan on sbtest7_pkey  (cost=0.00..29.39 rows=896 width=0)
	              Index Cond: ((id >= 1942656) AND (id <= 1943655))

table 8 : explain SELECT SUM(k) FROM sbtest8 WHERE id BETWEEN 7464405 AND 7465404
	Aggregate  (cost=3684.91..3684.92 rows=1 width=8)
	  ->  Bitmap Heap Scan on sbtest8  (cost=30.17..3682.53 rows=950 width=4)
	        Recheck Cond: ((id >= 7464405) AND (id <= 7465404))
	        ->  Bitmap Index Scan on sbtest8_pkey  (cost=0.00..29.93 rows=950 width=0)
	              Index Cond: ((id >= 7464405) AND (id <= 7465404))

for: order_ranges
table 1 : explain SELECT c FROM sbtest1 WHERE id BETWEEN 79760 AND 80759 ORDER BY c
	Sort  (cost=3884.07..3886.54 rows=990 width=121)
	  Sort Key: c
	  ->  Bitmap Heap Scan on sbtest1  (cost=30.58..3834.81 rows=990 width=121)
	        Recheck Cond: ((id >= 79760) AND (id <= 80759))
	        ->  Bitmap Index Scan on sbtest1_pkey  (cost=0.00..30.33 rows=990 width=0)
	              Index Cond: ((id >= 79760) AND (id <= 80759))

table 2 : explain SELECT c FROM sbtest2 WHERE id BETWEEN 3050623 AND 3051622 ORDER BY c
	Sort  (cost=4016.71..4019.28 rows=1025 width=121)
	  Sort Key: c
	  ->  Bitmap Heap Scan on sbtest2  (cost=30.94..3965.46 rows=1025 width=121)
	        Recheck Cond: ((id >= 3050623) AND (id <= 3051622))
	        ->  Bitmap Index Scan on sbtest2_pkey  (cost=0.00..30.68 rows=1025 width=0)
	              Index Cond: ((id >= 3050623) AND (id <= 3051622))

table 3 : explain SELECT c FROM sbtest3 WHERE id BETWEEN 5030579 AND 5031578 ORDER BY c
	Sort  (cost=3980.98..3983.52 rows=1014 width=121)
	  Sort Key: c
	  ->  Bitmap Heap Scan on sbtest3  (cost=30.83..3930.36 rows=1014 width=121)
	        Recheck Cond: ((id >= 5030579) AND (id <= 5031578))
	        ->  Bitmap Index Scan on sbtest3_pkey  (cost=0.00..30.57 rows=1014 width=0)
	              Index Cond: ((id >= 5030579) AND (id <= 5031578))

table 4 : explain SELECT c FROM sbtest4 WHERE id BETWEEN 2084237 AND 2085236 ORDER BY c
	Sort  (cost=3983.60..3986.13 rows=1015 width=121)
	  Sort Key: c
	  ->  Bitmap Heap Scan on sbtest4  (cost=30.84..3932.91 rows=1015 width=121)
	        Recheck Cond: ((id >= 2084237) AND (id <= 2085236))
	        ->  Bitmap Index Scan on sbtest4_pkey  (cost=0.00..30.58 rows=1015 width=0)
	              Index Cond: ((id >= 2084237) AND (id <= 2085236))

table 5 : explain SELECT c FROM sbtest5 WHERE id BETWEEN 1649207 AND 1650206 ORDER BY c
	Sort  (cost=4448.71..4451.56 rows=1139 width=121)
	  Sort Key: c
	  ->  Bitmap Heap Scan on sbtest5  (cost=32.11..4390.89 rows=1139 width=121)
	        Recheck Cond: ((id >= 1649207) AND (id <= 1650206))
	        ->  Bitmap Index Scan on sbtest5_pkey  (cost=0.00..31.82 rows=1139 width=0)
	              Index Cond: ((id >= 1649207) AND (id <= 1650206))

table 6 : explain SELECT c FROM sbtest6 WHERE id BETWEEN 2417546 AND 2418545 ORDER BY c
	Sort  (cost=3846.58..3849.03 rows=980 width=121)
	  Sort Key: c
	  ->  Bitmap Heap Scan on sbtest6  (cost=30.48..3797.89 rows=980 width=121)
	        Recheck Cond: ((id >= 2417546) AND (id <= 2418545))
	        ->  Bitmap Index Scan on sbtest6_pkey  (cost=0.00..30.23 rows=980 width=0)
	              Index Cond: ((id >= 2417546) AND (id <= 2418545))

table 7 : explain SELECT c FROM sbtest7 WHERE id BETWEEN 7843631 AND 7844630 ORDER BY c
	Sort  (cost=4180.66..4183.32 rows=1066 width=121)
	  Sort Key: c
	  ->  Bitmap Heap Scan on sbtest7  (cost=31.36..4127.05 rows=1066 width=121)
	        Recheck Cond: ((id >= 7843631) AND (id <= 7844630))
	        ->  Bitmap Index Scan on sbtest7_pkey  (cost=0.00..31.09 rows=1066 width=0)
	              Index Cond: ((id >= 7843631) AND (id <= 7844630))

table 8 : explain SELECT c FROM sbtest8 WHERE id BETWEEN 8002237 AND 8003236 ORDER BY c
	Sort  (cost=3487.67..3489.89 rows=888 width=121)
	  Sort Key: c
	  ->  Bitmap Heap Scan on sbtest8  (cost=25.54..3444.19 rows=888 width=121)
	        Recheck Cond: ((id >= 8002237) AND (id <= 8003236))
	        ->  Bitmap Index Scan on sbtest8_pkey  (cost=0.00..25.32 rows=888 width=0)
	              Index Cond: ((id >= 8002237) AND (id <= 8003236))

explain: for point_selects :: explain SELECT c FROM sbtest%u WHERE id=%u
for: simple_ranges
table 1 : explain SELECT c FROM sbtest1 WHERE id BETWEEN 5255982 AND 5256981
	Bitmap Heap Scan on sbtest1  (cost=30.83..3925.31 rows=1014 width=121)
	  Recheck Cond: ((id >= 5255982) AND (id <= 5256981))
	  ->  Bitmap Index Scan on sbtest1_pkey  (cost=0.00..30.57 rows=1014 width=0)
	        Index Cond: ((id >= 5255982) AND (id <= 5256981))

table 2 : explain SELECT c FROM sbtest2 WHERE id BETWEEN 7368416 AND 7369415
	Bitmap Heap Scan on sbtest2  (cost=31.46..4157.37 rows=1076 width=121)
	  Recheck Cond: ((id >= 7368416) AND (id <= 7369415))
	  ->  Bitmap Index Scan on sbtest2_pkey  (cost=0.00..31.19 rows=1076 width=0)
	        Index Cond: ((id >= 7368416) AND (id <= 7369415))

table 3 : explain SELECT c FROM sbtest3 WHERE id BETWEEN 2340406 AND 2341405
	Bitmap Heap Scan on sbtest3  (cost=30.97..3983.22 rows=1028 width=121)
	  Recheck Cond: ((id >= 2340406) AND (id <= 2341405))
	  ->  Bitmap Index Scan on sbtest3_pkey  (cost=0.00..30.71 rows=1028 width=0)
	        Index Cond: ((id >= 2340406) AND (id <= 2341405))

table 4 : explain SELECT c FROM sbtest4 WHERE id BETWEEN 5779920 AND 5780919
	Bitmap Heap Scan on sbtest4  (cost=31.14..4042.34 rows=1044 width=121)
	  Recheck Cond: ((id >= 5779920) AND (id <= 5780919))
	  ->  Bitmap Index Scan on sbtest4_pkey  (cost=0.00..30.87 rows=1044 width=0)
	        Index Cond: ((id >= 5779920) AND (id <= 5780919))

table 5 : explain SELECT c FROM sbtest5 WHERE id BETWEEN 2164949 AND 2165948
	Bitmap Heap Scan on sbtest5  (cost=26.00..3614.88 rows=933 width=121)
	  Recheck Cond: ((id >= 2164949) AND (id <= 2165948))
	  ->  Bitmap Index Scan on sbtest5_pkey  (cost=0.00..25.76 rows=933 width=0)
	        Index Cond: ((id >= 2164949) AND (id <= 2165948))

table 6 : explain SELECT c FROM sbtest6 WHERE id BETWEEN 2981860 AND 2982859
	Bitmap Heap Scan on sbtest6  (cost=30.29..3726.14 rows=961 width=121)
	  Recheck Cond: ((id >= 2981860) AND (id <= 2982859))
	  ->  Bitmap Index Scan on sbtest6_pkey  (cost=0.00..30.04 rows=961 width=0)
	        Index Cond: ((id >= 2981860) AND (id <= 2982859))

table 7 : explain SELECT c FROM sbtest7 WHERE id BETWEEN 113978 AND 114977
	Bitmap Heap Scan on sbtest7  (cost=30.59..3843.86 rows=991 width=121)
	  Recheck Cond: ((id >= 113978) AND (id <= 114977))
	  ->  Bitmap Index Scan on sbtest7_pkey  (cost=0.00..30.34 rows=991 width=0)
	        Index Cond: ((id >= 113978) AND (id <= 114977))

table 8 : explain SELECT c FROM sbtest8 WHERE id BETWEEN 6518675 AND 6519674
	Bitmap Heap Scan on sbtest8  (cost=30.79..3908.84 rows=1010 width=121)
	  Recheck Cond: ((id >= 6518675) AND (id <= 6519674))
	  ->  Bitmap Index Scan on sbtest8_pkey  (cost=0.00..30.54 rows=1010 width=0)
	        Index Cond: ((id >= 6518675) AND (id <= 6519674))

for: simple_ranges
table 1 : explain SELECT c FROM sbtest1 WHERE id BETWEEN 9086342 AND 9087341
	Bitmap Heap Scan on sbtest1  (cost=31.95..4331.72 rows=1123 width=121)
	  Recheck Cond: ((id >= 9086342) AND (id <= 9087341))
	  ->  Bitmap Index Scan on sbtest1_pkey  (cost=0.00..31.66 rows=1123 width=0)
	        Index Cond: ((id >= 9086342) AND (id <= 9087341))

table 2 : explain SELECT c FROM sbtest2 WHERE id BETWEEN 2551576 AND 2552575
	Bitmap Heap Scan on sbtest2  (cost=30.35..3746.80 rows=967 width=121)
	  Recheck Cond: ((id >= 2551576) AND (id <= 2552575))
	  ->  Bitmap Index Scan on sbtest2_pkey  (cost=0.00..30.11 rows=967 width=0)
	        Index Cond: ((id >= 2551576) AND (id <= 2552575))

table 3 : explain SELECT c FROM sbtest3 WHERE id BETWEEN 6195062 AND 6196061
	Bitmap Heap Scan on sbtest3  (cost=31.22..4073.79 rows=1052 width=121)
	  Recheck Cond: ((id >= 6195062) AND (id <= 6196061))
	  ->  Bitmap Index Scan on sbtest3_pkey  (cost=0.00..30.95 rows=1052 width=0)
	        Index Cond: ((id >= 6195062) AND (id <= 6196061))

table 4 : explain SELECT c FROM sbtest4 WHERE id BETWEEN 6841331 AND 6842330
	Bitmap Heap Scan on sbtest4  (cost=26.07..3645.43 rows=940 width=121)
	  Recheck Cond: ((id >= 6841331) AND (id <= 6842330))
	  ->  Bitmap Index Scan on sbtest4_pkey  (cost=0.00..25.83 rows=940 width=0)
	        Index Cond: ((id >= 6841331) AND (id <= 6842330))

table 5 : explain SELECT c FROM sbtest5 WHERE id BETWEEN 7045900 AND 7046899
	Bitmap Heap Scan on sbtest5  (cost=31.30..4097.75 rows=1060 width=121)
	  Recheck Cond: ((id >= 7045900) AND (id <= 7046899))
	  ->  Bitmap Index Scan on sbtest5_pkey  (cost=0.00..31.04 rows=1060 width=0)
	        Index Cond: ((id >= 7045900) AND (id <= 7046899))

table 6 : explain SELECT c FROM sbtest6 WHERE id BETWEEN 4142291 AND 4143290
	Bitmap Heap Scan on sbtest6  (cost=30.17..3684.58 rows=950 width=121)
	  Recheck Cond: ((id >= 4142291) AND (id <= 4143290))
	  ->  Bitmap Index Scan on sbtest6_pkey  (cost=0.00..29.93 rows=950 width=0)
	        Index Cond: ((id >= 4142291) AND (id <= 4143290))

table 7 : explain SELECT c FROM sbtest7 WHERE id BETWEEN 8922245 AND 8923244
	Bitmap Heap Scan on sbtest7  (cost=35.73..4266.74 rows=1102 width=121)
	  Recheck Cond: ((id >= 8922245) AND (id <= 8923244))
	  ->  Bitmap Index Scan on sbtest7_pkey  (cost=0.00..35.45 rows=1102 width=0)
	        Index Cond: ((id >= 8922245) AND (id <= 8923244))

table 8 : explain SELECT c FROM sbtest8 WHERE id BETWEEN 3939402 AND 3940401
	Bitmap Heap Scan on sbtest8  (cost=30.27..3720.28 rows=960 width=121)
	  Recheck Cond: ((id >= 3939402) AND (id <= 3940401))
	  ->  Bitmap Index Scan on sbtest8_pkey  (cost=0.00..30.04 rows=960 width=0)
	        Index Cond: ((id >= 3939402) AND (id <= 3940401))

for: distinct_ranges
table 1 : explain SELECT DISTINCT c FROM sbtest1 WHERE id BETWEEN 7042291 AND 7043290 ORDER BY c
	Unique  (cost=4293.14..4298.63 rows=1097 width=121)
	  ->  Sort  (cost=4293.14..4295.89 rows=1097 width=121)
	        Sort Key: c
	        ->  Bitmap Heap Scan on sbtest1  (cost=31.68..4237.75 rows=1097 width=121)
	              Recheck Cond: ((id >= 7042291) AND (id <= 7043290))
	              ->  Bitmap Index Scan on sbtest1_pkey  (cost=0.00..31.40 rows=1097 width=0)
	                    Index Cond: ((id >= 7042291) AND (id <= 7043290))

table 2 : explain SELECT DISTINCT c FROM sbtest2 WHERE id BETWEEN 2755071 AND 2756070 ORDER BY c
	Unique  (cost=3947.87..3952.91 rows=1007 width=121)
	  ->  Sort  (cost=3947.87..3950.39 rows=1007 width=121)
	        Sort Key: c
	        ->  Bitmap Heap Scan on sbtest2  (cost=30.76..3897.64 rows=1007 width=121)
	              Recheck Cond: ((id >= 2755071) AND (id <= 2756070))
	              ->  Bitmap Index Scan on sbtest2_pkey  (cost=0.00..30.50 rows=1007 width=0)
	                    Index Cond: ((id >= 2755071) AND (id <= 2756070))

table 3 : explain SELECT DISTINCT c FROM sbtest3 WHERE id BETWEEN 6701746 AND 6702745 ORDER BY c
	Unique  (cost=3550.83..3555.34 rows=902 width=121)
	  ->  Sort  (cost=3550.83..3553.08 rows=902 width=121)
	        Sort Key: c
	        ->  Bitmap Heap Scan on sbtest3  (cost=29.68..3506.55 rows=902 width=121)
	              Recheck Cond: ((id >= 6701746) AND (id <= 6702745))
	              ->  Bitmap Index Scan on sbtest3_pkey  (cost=0.00..29.45 rows=902 width=0)
	                    Index Cond: ((id >= 6701746) AND (id <= 6702745))

table 4 : explain SELECT DISTINCT c FROM sbtest4 WHERE id BETWEEN 8725266 AND 8726265 ORDER BY c
	Unique  (cost=3684.17..3688.86 rows=938 width=121)
	  ->  Sort  (cost=3684.17..3686.52 rows=938 width=121)
	        Sort Key: c
	        ->  Bitmap Heap Scan on sbtest4  (cost=26.05..3637.86 rows=938 width=121)
	              Recheck Cond: ((id >= 8725266) AND (id <= 8726265))
	              ->  Bitmap Index Scan on sbtest4_pkey  (cost=0.00..25.82 rows=938 width=0)
	                    Index Cond: ((id >= 8725266) AND (id <= 8726265))

table 5 : explain SELECT DISTINCT c FROM sbtest5 WHERE id BETWEEN 1460258 AND 1461257 ORDER BY c
	Unique  (cost=4257.93..4263.37 rows=1088 width=121)
	  ->  Sort  (cost=4257.93..4260.65 rows=1088 width=121)
	        Sort Key: c
	        ->  Bitmap Heap Scan on sbtest5  (cost=31.59..4203.06 rows=1088 width=121)
	              Recheck Cond: ((id >= 1460258) AND (id <= 1461257))
	              ->  Bitmap Index Scan on sbtest5_pkey  (cost=0.00..31.32 rows=1088 width=0)
	                    Index Cond: ((id >= 1460258) AND (id <= 1461257))

table 6 : explain SELECT DISTINCT c FROM sbtest6 WHERE id BETWEEN 626425 AND 627424 ORDER BY c
	Unique  (cost=4060.98..4066.16 rows=1036 width=121)
	  ->  Sort  (cost=4060.98..4063.57 rows=1036 width=121)
	        Sort Key: c
	        ->  Bitmap Heap Scan on sbtest6  (cost=31.05..4009.10 rows=1036 width=121)
	              Recheck Cond: ((id >= 626425) AND (id <= 627424))
	              ->  Bitmap Index Scan on sbtest6_pkey  (cost=0.00..30.79 rows=1036 width=0)
	                    Index Cond: ((id >= 626425) AND (id <= 627424))

table 7 : explain SELECT DISTINCT c FROM sbtest7 WHERE id BETWEEN 5517311 AND 5518310 ORDER BY c
	Unique  (cost=3885.50..3890.45 rows=989 width=121)
	  ->  Sort  (cost=3885.50..3887.98 rows=989 width=121)
	        Sort Key: c
	        ->  Bitmap Heap Scan on sbtest7  (cost=30.57..3836.30 rows=989 width=121)
	              Recheck Cond: ((id >= 5517311) AND (id <= 5518310))
	              ->  Bitmap Index Scan on sbtest7_pkey  (cost=0.00..30.32 rows=989 width=0)
	                    Index Cond: ((id >= 5517311) AND (id <= 5518310))

table 8 : explain SELECT DISTINCT c FROM sbtest8 WHERE id BETWEEN 1226577 AND 1227576 ORDER BY c
	Unique  (cost=3905.68..3910.66 rows=996 width=121)
	  ->  Sort  (cost=3905.68..3908.17 rows=996 width=121)
	        Sort Key: c
	        ->  Bitmap Heap Scan on sbtest8  (cost=30.64..3856.08 rows=996 width=121)
	              Recheck Cond: ((id >= 1226577) AND (id <= 1227576))
	              ->  Bitmap Index Scan on sbtest8_pkey  (cost=0.00..30.39 rows=996 width=0)
	                    Index Cond: ((id >= 1226577) AND (id <= 1227576))

for: order_ranges
table 1 : explain SELECT c FROM sbtest1 WHERE id BETWEEN 8019780 AND 8020779 ORDER BY c
	Sort  (cost=3907.04..3909.53 rows=996 width=121)
	  Sort Key: c
	  ->  Bitmap Heap Scan on sbtest1  (cost=30.64..3857.44 rows=996 width=121)
	        Recheck Cond: ((id >= 8019780) AND (id <= 8020779))
	        ->  Bitmap Index Scan on sbtest1_pkey  (cost=0.00..30.39 rows=996 width=0)
	              Index Cond: ((id >= 8019780) AND (id <= 8020779))

table 2 : explain SELECT c FROM sbtest2 WHERE id BETWEEN 3962379 AND 3963378 ORDER BY c
	Sort  (cost=3687.45..3689.80 rows=939 width=121)
	  Sort Key: c
	  ->  Bitmap Heap Scan on sbtest2  (cost=30.06..3641.09 rows=939 width=121)
	        Recheck Cond: ((id >= 3962379) AND (id <= 3963378))
	        ->  Bitmap Index Scan on sbtest2_pkey  (cost=0.00..29.82 rows=939 width=0)
	              Index Cond: ((id >= 3962379) AND (id <= 3963378))

table 3 : explain SELECT c FROM sbtest3 WHERE id BETWEEN 1120213 AND 1121212 ORDER BY c
	Sort  (cost=3973.32..3975.85 rows=1012 width=121)
	  Sort Key: c
	  ->  Bitmap Heap Scan on sbtest3  (cost=30.81..3922.80 rows=1012 width=121)
	        Recheck Cond: ((id >= 1120213) AND (id <= 1121212))
	        ->  Bitmap Index Scan on sbtest3_pkey  (cost=0.00..30.55 rows=1012 width=0)
	              Index Cond: ((id >= 1120213) AND (id <= 1121212))

table 4 : explain SELECT c FROM sbtest4 WHERE id BETWEEN 8558132 AND 8559131 ORDER BY c
	Sort  (cost=3795.68..3798.09 rows=966 width=121)
	  Sort Key: c
	  ->  Bitmap Heap Scan on sbtest4  (cost=30.34..3747.79 rows=966 width=121)
	        Recheck Cond: ((id >= 8558132) AND (id <= 8559131))
	        ->  Bitmap Index Scan on sbtest4_pkey  (cost=0.00..30.09 rows=966 width=0)
	              Index Cond: ((id >= 8558132) AND (id <= 8559131))

table 5 : explain SELECT c FROM sbtest5 WHERE id BETWEEN 2795227 AND 2796226 ORDER BY c
	Sort  (cost=4200.67..4203.35 rows=1073 width=121)
	  Sort Key: c
	  ->  Bitmap Heap Scan on sbtest5  (cost=31.43..4146.66 rows=1073 width=121)
	        Recheck Cond: ((id >= 2795227) AND (id <= 2796226))
	        ->  Bitmap Index Scan on sbtest5_pkey  (cost=0.00..31.16 rows=1073 width=0)
	              Index Cond: ((id >= 2795227) AND (id <= 2796226))

table 6 : explain SELECT c FROM sbtest6 WHERE id BETWEEN 8026225 AND 8027224 ORDER BY c
	Sort  (cost=4187.15..4189.83 rows=1069 width=121)
	  Sort Key: c
	  ->  Bitmap Heap Scan on sbtest6  (cost=31.39..4133.37 rows=1069 width=121)
	        Recheck Cond: ((id >= 8026225) AND (id <= 8027224))
	        ->  Bitmap Index Scan on sbtest6_pkey  (cost=0.00..31.12 rows=1069 width=0)
	              Index Cond: ((id >= 8026225) AND (id <= 8027224))

table 7 : explain SELECT c FROM sbtest7 WHERE id BETWEEN 788472 AND 789471 ORDER BY c
	Sort  (cost=4192.14..4194.82 rows=1069 width=121)
	  Sort Key: c
	  ->  Bitmap Heap Scan on sbtest7  (cost=31.39..4138.36 rows=1069 width=121)
	        Recheck Cond: ((id >= 788472) AND (id <= 789471))
	        ->  Bitmap Index Scan on sbtest7_pkey  (cost=0.00..31.12 rows=1069 width=0)
	              Index Cond: ((id >= 788472) AND (id <= 789471))

table 8 : explain SELECT c FROM sbtest8 WHERE id BETWEEN 9071822 AND 9072821 ORDER BY c
	Sort  (cost=3710.36..3712.72 rows=945 width=121)
	  Sort Key: c
	  ->  Bitmap Heap Scan on sbtest8  (cost=30.12..3663.65 rows=945 width=121)
	        Recheck Cond: ((id >= 9071822) AND (id <= 9072821))
	        ->  Bitmap Index Scan on sbtest8_pkey  (cost=0.00..29.89 rows=945 width=0)
	              Index Cond: ((id >= 9071822) AND (id <= 9072821))

for: order_ranges
table 1 : explain SELECT c FROM sbtest1 WHERE id BETWEEN 878040 AND 879039 ORDER BY c
	Sort  (cost=3726.95..3729.33 rows=949 width=121)
	  Sort Key: c
	  ->  Bitmap Heap Scan on sbtest1  (cost=30.16..3680.03 rows=949 width=121)
	        Recheck Cond: ((id >= 878040) AND (id <= 879039))
	        ->  Bitmap Index Scan on sbtest1_pkey  (cost=0.00..29.93 rows=949 width=0)
	              Index Cond: ((id >= 878040) AND (id <= 879039))

table 2 : explain SELECT c FROM sbtest2 WHERE id BETWEEN 8730226 AND 8731225 ORDER BY c
	Sort  (cost=3982.30..3984.84 rows=1016 width=121)
	  Sort Key: c
	  ->  Bitmap Heap Scan on sbtest2  (cost=30.85..3931.56 rows=1016 width=121)
	        Recheck Cond: ((id >= 8730226) AND (id <= 8731225))
	        ->  Bitmap Index Scan on sbtest2_pkey  (cost=0.00..30.59 rows=1016 width=0)
	              Index Cond: ((id >= 8730226) AND (id <= 8731225))

table 3 : explain SELECT c FROM sbtest3 WHERE id BETWEEN 8267804 AND 8268803 ORDER BY c
	Sort  (cost=3877.42..3879.89 rows=987 width=121)
	  Sort Key: c
	  ->  Bitmap Heap Scan on sbtest3  (cost=30.55..3828.33 rows=987 width=121)
	        Recheck Cond: ((id >= 8267804) AND (id <= 8268803))
	        ->  Bitmap Index Scan on sbtest3_pkey  (cost=0.00..30.30 rows=987 width=0)
	              Index Cond: ((id >= 8267804) AND (id <= 8268803))

table 4 : explain SELECT c FROM sbtest4 WHERE id BETWEEN 1934752 AND 1935751 ORDER BY c
	Sort  (cost=4373.88..4376.68 rows=1117 width=121)
	  Sort Key: c
	  ->  Bitmap Heap Scan on sbtest4  (cost=31.88..4317.33 rows=1117 width=121)
	        Recheck Cond: ((id >= 1934752) AND (id <= 1935751))
	        ->  Bitmap Index Scan on sbtest4_pkey  (cost=0.00..31.61 rows=1117 width=0)
	              Index Cond: ((id >= 1934752) AND (id <= 1935751))

table 5 : explain SELECT c FROM sbtest5 WHERE id BETWEEN 7236022 AND 7237021 ORDER BY c
	Sort  (cost=4063.12..4065.72 rows=1037 width=121)
	  Sort Key: c
	  ->  Bitmap Heap Scan on sbtest5  (cost=31.06..4011.18 rows=1037 width=121)
	        Recheck Cond: ((id >= 7236022) AND (id <= 7237021))
	        ->  Bitmap Index Scan on sbtest5_pkey  (cost=0.00..30.80 rows=1037 width=0)
	              Index Cond: ((id >= 7236022) AND (id <= 7237021))

table 6 : explain SELECT c FROM sbtest6 WHERE id BETWEEN 8073729 AND 8074728 ORDER BY c
	Sort  (cost=4187.15..4189.83 rows=1069 width=121)
	  Sort Key: c
	  ->  Bitmap Heap Scan on sbtest6  (cost=31.39..4133.37 rows=1069 width=121)
	        Recheck Cond: ((id >= 8073729) AND (id <= 8074728))
	        ->  Bitmap Index Scan on sbtest6_pkey  (cost=0.00..31.12 rows=1069 width=0)
	              Index Cond: ((id >= 8073729) AND (id <= 8074728))

table 7 : explain SELECT c FROM sbtest7 WHERE id BETWEEN 8642455 AND 8643454 ORDER BY c
	Sort  (cost=3843.28..3845.73 rows=978 width=121)
	  Sort Key: c
	  ->  Bitmap Heap Scan on sbtest7  (cost=30.46..3794.71 rows=978 width=121)
	        Recheck Cond: ((id >= 8642455) AND (id <= 8643454))
	        ->  Bitmap Index Scan on sbtest7_pkey  (cost=0.00..30.21 rows=978 width=0)
	              Index Cond: ((id >= 8642455) AND (id <= 8643454))

table 8 : explain SELECT c FROM sbtest8 WHERE id BETWEEN 5085329 AND 5086328 ORDER BY c
	Sort  (cost=4001.31..4003.86 rows=1021 width=121)
	  Sort Key: c
	  ->  Bitmap Heap Scan on sbtest8  (cost=30.90..3950.28 rows=1021 width=121)
	        Recheck Cond: ((id >= 5085329) AND (id <= 5086328))
	        ->  Bitmap Index Scan on sbtest8_pkey  (cost=0.00..30.64 rows=1021 width=0)
	              Index Cond: ((id >= 5085329) AND (id <= 5086328))

for: order_ranges
table 1 : explain SELECT c FROM sbtest1 WHERE id BETWEEN 5753413 AND 5754412 ORDER BY c
	Sort  (cost=4148.02..4150.67 rows=1059 width=121)
	  Sort Key: c
	  ->  Bitmap Heap Scan on sbtest1  (cost=31.29..4094.81 rows=1059 width=121)
	        Recheck Cond: ((id >= 5753413) AND (id <= 5754412))
	        ->  Bitmap Index Scan on sbtest1_pkey  (cost=0.00..31.02 rows=1059 width=0)
	              Index Cond: ((id >= 5753413) AND (id <= 5754412))

table 2 : explain SELECT c FROM sbtest2 WHERE id BETWEEN 834880 AND 835879 ORDER BY c
	Sort  (cost=3626.10..3628.40 rows=923 width=121)
	  Sort Key: c
	  ->  Bitmap Heap Scan on sbtest2  (cost=29.90..3580.64 rows=923 width=121)
	        Recheck Cond: ((id >= 834880) AND (id <= 835879))
	        ->  Bitmap Index Scan on sbtest2_pkey  (cost=0.00..29.66 rows=923 width=0)
	              Index Cond: ((id >= 834880) AND (id <= 835879))

table 3 : explain SELECT c FROM sbtest3 WHERE id BETWEEN 5720767 AND 5721766 ORDER BY c
	Sort  (cost=4026.98..4029.55 rows=1026 width=121)
	  Sort Key: c
	  ->  Bitmap Heap Scan on sbtest3  (cost=30.95..3975.67 rows=1026 width=121)
	        Recheck Cond: ((id >= 5720767) AND (id <= 5721766))
	        ->  Bitmap Index Scan on sbtest3_pkey  (cost=0.00..30.69 rows=1026 width=0)
	              Index Cond: ((id >= 5720767) AND (id <= 5721766))

table 4 : explain SELECT c FROM sbtest4 WHERE id BETWEEN 3709868 AND 3710867 ORDER BY c
	Sort  (cost=3784.17..3786.57 rows=963 width=121)
	  Sort Key: c
	  ->  Bitmap Heap Scan on sbtest4  (cost=30.31..3736.44 rows=963 width=121)
	        Recheck Cond: ((id >= 3709868) AND (id <= 3710867))
	        ->  Bitmap Index Scan on sbtest4_pkey  (cost=0.00..30.07 rows=963 width=0)
	              Index Cond: ((id >= 3709868) AND (id <= 3710867))

table 5 : explain SELECT c FROM sbtest5 WHERE id BETWEEN 5111997 AND 5112996 ORDER BY c
	Sort  (cost=3910.12..3912.61 rows=997 width=121)
	  Sort Key: c
	  ->  Bitmap Heap Scan on sbtest5  (cost=30.65..3860.46 rows=997 width=121)
	        Recheck Cond: ((id >= 5111997) AND (id <= 5112996))
	        ->  Bitmap Index Scan on sbtest5_pkey  (cost=0.00..30.40 rows=997 width=0)
	              Index Cond: ((id >= 5111997) AND (id <= 5112996))

table 6 : explain SELECT c FROM sbtest6 WHERE id BETWEEN 2340085 AND 2341084 ORDER BY c
	Sort  (cost=3988.28..3990.82 rows=1017 width=121)
	  Sort Key: c
	  ->  Bitmap Heap Scan on sbtest6  (cost=30.86..3937.48 rows=1017 width=121)
	        Recheck Cond: ((id >= 2340085) AND (id <= 2341084))
	        ->  Bitmap Index Scan on sbtest6_pkey  (cost=0.00..30.61 rows=1017 width=0)
	              Index Cond: ((id >= 2340085) AND (id <= 2341084))

table 7 : explain SELECT c FROM sbtest7 WHERE id BETWEEN 8698245 AND 8699244 ORDER BY c
	Sort  (cost=3558.88..3561.14 rows=904 width=121)
	  Sort Key: c
	  ->  Bitmap Heap Scan on sbtest7  (cost=29.70..3514.49 rows=904 width=121)
	        Recheck Cond: ((id >= 8698245) AND (id <= 8699244))
	        ->  Bitmap Index Scan on sbtest7_pkey  (cost=0.00..29.47 rows=904 width=0)
	              Index Cond: ((id >= 8698245) AND (id <= 8699244))

table 8 : explain SELECT c FROM sbtest8 WHERE id BETWEEN 1184912 AND 1185911 ORDER BY c
	Sort  (cost=4421.29..4424.12 rows=1132 width=121)
	  Sort Key: c
	  ->  Bitmap Heap Scan on sbtest8  (cost=32.04..4363.87 rows=1132 width=121)
	        Recheck Cond: ((id >= 1184912) AND (id <= 1185911))
	        ->  Bitmap Index Scan on sbtest8_pkey  (cost=0.00..31.75 rows=1132 width=0)
	              Index Cond: ((id >= 1184912) AND (id <= 1185911))

for: distinct_ranges
table 1 : explain SELECT DISTINCT c FROM sbtest1 WHERE id BETWEEN 962626 AND 963625 ORDER BY c
	Unique  (cost=3891.72..3896.68 rows=992 width=121)
	  ->  Sort  (cost=3891.72..3894.20 rows=992 width=121)
	        Sort Key: c
	        ->  Bitmap Heap Scan on sbtest1  (cost=30.60..3842.35 rows=992 width=121)
	              Recheck Cond: ((id >= 962626) AND (id <= 963625))
	              ->  Bitmap Index Scan on sbtest1_pkey  (cost=0.00..30.36 rows=992 width=0)
	                    Index Cond: ((id >= 962626) AND (id <= 963625))

table 2 : explain SELECT DISTINCT c FROM sbtest2 WHERE id BETWEEN 9491766 AND 9492765 ORDER BY c
	Unique  (cost=3871.34..3876.27 rows=987 width=121)
	  ->  Sort  (cost=3871.34..3873.80 rows=987 width=121)
	        Sort Key: c
	        ->  Bitmap Heap Scan on sbtest2  (cost=30.55..3822.25 rows=987 width=121)
	              Recheck Cond: ((id >= 9491766) AND (id <= 9492765))
	              ->  Bitmap Index Scan on sbtest2_pkey  (cost=0.00..30.30 rows=987 width=0)
	                    Index Cond: ((id >= 9491766) AND (id <= 9492765))

table 3 : explain SELECT DISTINCT c FROM sbtest3 WHERE id BETWEEN 8581383 AND 8582382 ORDER BY c
	Unique  (cost=4260.57..4266.00 rows=1087 width=121)
	  ->  Sort  (cost=4260.57..4263.29 rows=1087 width=121)
	        Sort Key: c
	        ->  Bitmap Heap Scan on sbtest3  (cost=31.58..4205.75 rows=1087 width=121)
	              Recheck Cond: ((id >= 8581383) AND (id <= 8582382))
	              ->  Bitmap Index Scan on sbtest3_pkey  (cost=0.00..31.30 rows=1087 width=0)
	                    Index Cond: ((id >= 8581383) AND (id <= 8582382))

table 4 : explain SELECT DISTINCT c FROM sbtest4 WHERE id BETWEEN 8042199 AND 8043198 ORDER BY c
	Unique  (cost=4198.02..4203.37 rows=1071 width=121)
	  ->  Sort  (cost=4198.02..4200.70 rows=1071 width=121)
	        Sort Key: c
	        ->  Bitmap Heap Scan on sbtest4  (cost=31.41..4144.12 rows=1071 width=121)
	              Recheck Cond: ((id >= 8042199) AND (id <= 8043198))
	              ->  Bitmap Index Scan on sbtest4_pkey  (cost=0.00..31.14 rows=1071 width=0)
	                    Index Cond: ((id >= 8042199) AND (id <= 8043198))

table 5 : explain SELECT DISTINCT c FROM sbtest5 WHERE id BETWEEN 7705076 AND 7706075 ORDER BY c
	Unique  (cost=4364.84..4370.42 rows=1117 width=121)
	  ->  Sort  (cost=4364.84..4367.63 rows=1117 width=121)
	        Sort Key: c
	        ->  Bitmap Heap Scan on sbtest5  (cost=31.88..4308.29 rows=1117 width=121)
	              Recheck Cond: ((id >= 7705076) AND (id <= 7706075))
	              ->  Bitmap Index Scan on sbtest5_pkey  (cost=0.00..31.61 rows=1117 width=0)
	                    Index Cond: ((id >= 7705076) AND (id <= 7706075))

table 6 : explain SELECT DISTINCT c FROM sbtest6 WHERE id BETWEEN 6873651 AND 6874650 ORDER BY c
	Unique  (cost=3527.95..3532.44 rows=898 width=121)
	  ->  Sort  (cost=3527.95..3530.19 rows=898 width=121)
	        Sort Key: c
	        ->  Bitmap Heap Scan on sbtest6  (cost=25.64..3483.90 rows=898 width=121)
	              Recheck Cond: ((id >= 6873651) AND (id <= 6874650))
	              ->  Bitmap Index Scan on sbtest6_pkey  (cost=0.00..25.41 rows=898 width=0)
	                    Index Cond: ((id >= 6873651) AND (id <= 6874650))

table 7 : explain SELECT DISTINCT c FROM sbtest7 WHERE id BETWEEN 9131710 AND 9132709 ORDER BY c
	Unique  (cost=4134.70..4139.97 rows=1054 width=121)
	  ->  Sort  (cost=4134.70..4137.34 rows=1054 width=121)
	        Sort Key: c
	        ->  Bitmap Heap Scan on sbtest7  (cost=31.24..4081.79 rows=1054 width=121)
	              Recheck Cond: ((id >= 9131710) AND (id <= 9132709))
	              ->  Bitmap Index Scan on sbtest7_pkey  (cost=0.00..30.97 rows=1054 width=0)
	                    Index Cond: ((id >= 9131710) AND (id <= 9132709))

table 8 : explain SELECT DISTINCT c FROM sbtest8 WHERE id BETWEEN 1903305 AND 1904304 ORDER BY c
	Unique  (cost=3464.63..3469.04 rows=882 width=121)
	  ->  Sort  (cost=3464.63..3466.83 rows=882 width=121)
	        Sort Key: c
	        ->  Bitmap Heap Scan on sbtest8  (cost=25.48..3421.48 rows=882 width=121)
	              Recheck Cond: ((id >= 1903305) AND (id <= 1904304))
	              ->  Bitmap Index Scan on sbtest8_pkey  (cost=0.00..25.25 rows=882 width=0)
	                    Index Cond: ((id >= 1903305) AND (id <= 1904304))

for: order_ranges
table 1 : explain SELECT c FROM sbtest1 WHERE id BETWEEN 8565708 AND 8566707 ORDER BY c
	Sort  (cost=3557.96..3560.22 rows=906 width=121)
	  Sort Key: c
	  ->  Bitmap Heap Scan on sbtest1  (cost=25.72..3513.46 rows=906 width=121)
	        Recheck Cond: ((id >= 8565708) AND (id <= 8566707))
	        ->  Bitmap Index Scan on sbtest1_pkey  (cost=0.00..25.50 rows=906 width=0)
	              Index Cond: ((id >= 8565708) AND (id <= 8566707))

table 2 : explain SELECT c FROM sbtest2 WHERE id BETWEEN 9452927 AND 9453926 ORDER BY c
	Sort  (cost=4127.54..4130.18 rows=1054 width=121)
	  Sort Key: c
	  ->  Bitmap Heap Scan on sbtest2  (cost=31.24..4074.62 rows=1054 width=121)
	        Recheck Cond: ((id >= 9452927) AND (id <= 9453926))
	        ->  Bitmap Index Scan on sbtest2_pkey  (cost=0.00..30.97 rows=1054 width=0)
	              Index Cond: ((id >= 9452927) AND (id <= 9453926))

table 3 : explain SELECT c FROM sbtest3 WHERE id BETWEEN 1784335 AND 1785334 ORDER BY c
	Sort  (cost=3881.26..3883.73 rows=988 width=121)
	  Sort Key: c
	  ->  Bitmap Heap Scan on sbtest3  (cost=30.56..3832.11 rows=988 width=121)
	        Recheck Cond: ((id >= 1784335) AND (id <= 1785334))
	        ->  Bitmap Index Scan on sbtest3_pkey  (cost=0.00..30.32 rows=988 width=0)
	              Index Cond: ((id >= 1784335) AND (id <= 1785334))

table 4 : explain SELECT c FROM sbtest4 WHERE id BETWEEN 8534014 AND 8535013 ORDER BY c
	Sort  (cost=3795.68..3798.09 rows=966 width=121)
	  Sort Key: c
	  ->  Bitmap Heap Scan on sbtest4  (cost=30.34..3747.79 rows=966 width=121)
	        Recheck Cond: ((id >= 8534014) AND (id <= 8535013))
	        ->  Bitmap Index Scan on sbtest4_pkey  (cost=0.00..30.09 rows=966 width=0)
	              Index Cond: ((id >= 8534014) AND (id <= 8535013))

table 5 : explain SELECT c FROM sbtest5 WHERE id BETWEEN 3610437 AND 3611436 ORDER BY c
	Sort  (cost=3971.34..3973.88 rows=1013 width=121)
	  Sort Key: c
	  ->  Bitmap Heap Scan on sbtest5  (cost=30.82..3920.77 rows=1013 width=121)
	        Recheck Cond: ((id >= 3610437) AND (id <= 3611436))
	        ->  Bitmap Index Scan on sbtest5_pkey  (cost=0.00..30.57 rows=1013 width=0)
	              Index Cond: ((id >= 3610437) AND (id <= 3611436))

table 6 : explain SELECT c FROM sbtest6 WHERE id BETWEEN 9176219 AND 9177218 ORDER BY c
	Sort  (cost=4110.70..4113.32 rows=1049 width=121)
	  Sort Key: c
	  ->  Bitmap Heap Scan on sbtest6  (cost=31.19..4058.07 rows=1049 width=121)
	        Recheck Cond: ((id >= 9176219) AND (id <= 9177218))
	        ->  Bitmap Index Scan on sbtest6_pkey  (cost=0.00..30.93 rows=1049 width=0)
	              Index Cond: ((id >= 9176219) AND (id <= 9177218))

table 7 : explain SELECT c FROM sbtest7 WHERE id BETWEEN 907603 AND 908602 ORDER BY c
	Sort  (cost=4081.07..4083.67 rows=1040 width=121)
	  Sort Key: c
	  ->  Bitmap Heap Scan on sbtest7  (cost=31.09..4028.96 rows=1040 width=121)
	        Recheck Cond: ((id >= 907603) AND (id <= 908602))
	        ->  Bitmap Index Scan on sbtest7_pkey  (cost=0.00..30.83 rows=1040 width=0)
	              Index Cond: ((id >= 907603) AND (id <= 908602))

table 8 : explain SELECT c FROM sbtest8 WHERE id BETWEEN 8088928 AND 8089927 ORDER BY c
	Sort  (cost=4123.61..4126.24 rows=1053 width=121)
	  Sort Key: c
	  ->  Bitmap Heap Scan on sbtest8  (cost=31.23..4070.74 rows=1053 width=121)
	        Recheck Cond: ((id >= 8088928) AND (id <= 8089927))
	        ->  Bitmap Index Scan on sbtest8_pkey  (cost=0.00..30.96 rows=1053 width=0)
	              Index Cond: ((id >= 8088928) AND (id <= 8089927))

for: order_ranges
table 1 : explain SELECT c FROM sbtest1 WHERE id BETWEEN 372201 AND 373200 ORDER BY c
	Sort  (cost=3903.21..3905.70 rows=995 width=121)
	  Sort Key: c
	  ->  Bitmap Heap Scan on sbtest1  (cost=30.63..3853.67 rows=995 width=121)
	        Recheck Cond: ((id >= 372201) AND (id <= 373200))
	        ->  Bitmap Index Scan on sbtest1_pkey  (cost=0.00..30.39 rows=995 width=0)
	              Index Cond: ((id >= 372201) AND (id <= 373200))

table 2 : explain SELECT c FROM sbtest2 WHERE id BETWEEN 800370 AND 801369 ORDER BY c
	Sort  (cost=3626.10..3628.40 rows=923 width=121)
	  Sort Key: c
	  ->  Bitmap Heap Scan on sbtest2  (cost=29.90..3580.64 rows=923 width=121)
	        Recheck Cond: ((id >= 800370) AND (id <= 801369))
	        ->  Bitmap Index Scan on sbtest2_pkey  (cost=0.00..29.66 rows=923 width=0)
	              Index Cond: ((id >= 800370) AND (id <= 801369))

table 3 : explain SELECT c FROM sbtest3 WHERE id BETWEEN 5451956 AND 5452955 ORDER BY c
	Sort  (cost=3808.33..3810.75 rows=969 width=121)
	  Sort Key: c
	  ->  Bitmap Heap Scan on sbtest3  (cost=30.37..3760.27 rows=969 width=121)
	        Recheck Cond: ((id >= 5451956) AND (id <= 5452955))
	        ->  Bitmap Index Scan on sbtest3_pkey  (cost=0.00..30.12 rows=969 width=0)
	              Index Cond: ((id >= 5451956) AND (id <= 5452955))

table 4 : explain SELECT c FROM sbtest4 WHERE id BETWEEN 1996367 AND 1997366 ORDER BY c
	Sort  (cost=4373.88..4376.68 rows=1117 width=121)
	  Sort Key: c
	  ->  Bitmap Heap Scan on sbtest4  (cost=31.88..4317.33 rows=1117 width=121)
	        Recheck Cond: ((id >= 1996367) AND (id <= 1997366))
	        ->  Bitmap Index Scan on sbtest4_pkey  (cost=0.00..31.61 rows=1117 width=0)
	              Index Cond: ((id >= 1996367) AND (id <= 1997366))

table 5 : explain SELECT c FROM sbtest5 WHERE id BETWEEN 8492882 AND 8493881 ORDER BY c
	Sort  (cost=4139.56..4142.20 rows=1057 width=121)
	  Sort Key: c
	  ->  Bitmap Heap Scan on sbtest5  (cost=31.27..4086.46 rows=1057 width=121)
	        Recheck Cond: ((id >= 8492882) AND (id <= 8493881))
	        ->  Bitmap Index Scan on sbtest5_pkey  (cost=0.00..31.00 rows=1057 width=0)
	              Index Cond: ((id >= 8492882) AND (id <= 8493881))

table 6 : explain SELECT c FROM sbtest6 WHERE id BETWEEN 1380727 AND 1381726 ORDER BY c
	Sort  (cost=3700.88..3703.23 rows=942 width=121)
	  Sort Key: c
	  ->  Bitmap Heap Scan on sbtest6  (cost=30.09..3654.35 rows=942 width=121)
	        Recheck Cond: ((id >= 1380727) AND (id <= 1381726))
	        ->  Bitmap Index Scan on sbtest6_pkey  (cost=0.00..29.86 rows=942 width=0)
	              Index Cond: ((id >= 1380727) AND (id <= 1381726))

table 7 : explain SELECT c FROM sbtest7 WHERE id BETWEEN 8762801 AND 8763800 ORDER BY c
	Sort  (cost=3558.88..3561.14 rows=904 width=121)
	  Sort Key: c
	  ->  Bitmap Heap Scan on sbtest7  (cost=29.70..3514.49 rows=904 width=121)
	        Recheck Cond: ((id >= 8762801) AND (id <= 8763800))
	        ->  Bitmap Index Scan on sbtest7_pkey  (cost=0.00..29.47 rows=904 width=0)
	              Index Cond: ((id >= 8762801) AND (id <= 8763800))

table 8 : explain SELECT c FROM sbtest8 WHERE id BETWEEN 1141977 AND 1142976 ORDER BY c
	Sort  (cost=4421.29..4424.12 rows=1132 width=121)
	  Sort Key: c
	  ->  Bitmap Heap Scan on sbtest8  (cost=32.04..4363.87 rows=1132 width=121)
	        Recheck Cond: ((id >= 1141977) AND (id <= 1142976))
	        ->  Bitmap Index Scan on sbtest8_pkey  (cost=0.00..31.75 rows=1132 width=0)
	              Index Cond: ((id >= 1141977) AND (id <= 1142976))

for: order_ranges
table 1 : explain SELECT c FROM sbtest1 WHERE id BETWEEN 4452697 AND 4453696 ORDER BY c
	Sort  (cost=3933.84..3936.35 rows=1003 width=121)
	  Sort Key: c
	  ->  Bitmap Heap Scan on sbtest1  (cost=30.72..3883.84 rows=1003 width=121)
	        Recheck Cond: ((id >= 4452697) AND (id <= 4453696))
	        ->  Bitmap Index Scan on sbtest1_pkey  (cost=0.00..30.46 rows=1003 width=0)
	              Index Cond: ((id >= 4452697) AND (id <= 4453696))

table 2 : explain SELECT c FROM sbtest2 WHERE id BETWEEN 7987477 AND 7988476 ORDER BY c
	Sort  (cost=4077.87..4080.47 rows=1041 width=121)
	  Sort Key: c
	  ->  Bitmap Heap Scan on sbtest2  (cost=31.11..4025.70 rows=1041 width=121)
	        Recheck Cond: ((id >= 7987477) AND (id <= 7988476))
	        ->  Bitmap Index Scan on sbtest2_pkey  (cost=0.00..30.84 rows=1041 width=0)
	              Index Cond: ((id >= 7987477) AND (id <= 7988476))

table 3 : explain SELECT c FROM sbtest3 WHERE id BETWEEN 8331257 AND 8332256 ORDER BY c
	Sort  (cost=3773.77..3776.17 rows=960 width=121)
	  Sort Key: c
	  ->  Bitmap Heap Scan on sbtest3  (cost=30.27..3726.22 rows=960 width=121)
	        Recheck Cond: ((id >= 8331257) AND (id <= 8332256))
	        ->  Bitmap Index Scan on sbtest3_pkey  (cost=0.00..30.04 rows=960 width=0)
	              Index Cond: ((id >= 8331257) AND (id <= 8332256))

table 4 : explain SELECT c FROM sbtest4 WHERE id BETWEEN 6747988 AND 6748987 ORDER BY c
	Sort  (cost=3691.85..3694.20 rows=940 width=121)
	  Sort Key: c
	  ->  Bitmap Heap Scan on sbtest4  (cost=26.07..3645.43 rows=940 width=121)
	        Recheck Cond: ((id >= 6747988) AND (id <= 6748987))
	        ->  Bitmap Index Scan on sbtest4_pkey  (cost=0.00..25.83 rows=940 width=0)
	              Index Cond: ((id >= 6747988) AND (id <= 6748987))

table 5 : explain SELECT c FROM sbtest5 WHERE id BETWEEN 6166659 AND 6167658 ORDER BY c
	Sort  (cost=3806.73..3809.16 rows=970 width=121)
	  Sort Key: c
	  ->  Bitmap Heap Scan on sbtest5  (cost=30.38..3758.61 rows=970 width=121)
	        Recheck Cond: ((id >= 6166659) AND (id <= 6167658))
	        ->  Bitmap Index Scan on sbtest5_pkey  (cost=0.00..30.14 rows=970 width=0)
	              Index Cond: ((id >= 6166659) AND (id <= 6167658))

table 6 : explain SELECT c FROM sbtest6 WHERE id BETWEEN 508965 AND 509964 ORDER BY c
	Sort  (cost=3965.31..3967.84 rows=1011 width=121)
	  Sort Key: c
	  ->  Bitmap Heap Scan on sbtest6  (cost=30.80..3914.86 rows=1011 width=121)
	        Recheck Cond: ((id >= 508965) AND (id <= 509964))
	        ->  Bitmap Index Scan on sbtest6_pkey  (cost=0.00..30.54 rows=1011 width=0)
	              Index Cond: ((id >= 508965) AND (id <= 509964))

table 7 : explain SELECT c FROM sbtest7 WHERE id BETWEEN 3338581 AND 3339580 ORDER BY c
	Sort  (cost=4130.87..4133.51 rows=1053 width=121)
	  Sort Key: c
	  ->  Bitmap Heap Scan on sbtest7  (cost=31.23..4078.01 rows=1053 width=121)
	        Recheck Cond: ((id >= 3338581) AND (id <= 3339580))
	        ->  Bitmap Index Scan on sbtest7_pkey  (cost=0.00..30.96 rows=1053 width=0)
	              Index Cond: ((id >= 3338581) AND (id <= 3339580))

table 8 : explain SELECT c FROM sbtest8 WHERE id BETWEEN 678760 AND 679759 ORDER BY c
	Sort  (cost=3760.18..3762.57 rows=958 width=121)
	  Sort Key: c
	  ->  Bitmap Heap Scan on sbtest8  (cost=30.25..3712.74 rows=958 width=121)
	        Recheck Cond: ((id >= 678760) AND (id <= 679759))
	        ->  Bitmap Index Scan on sbtest8_pkey  (cost=0.00..30.01 rows=958 width=0)
	              Index Cond: ((id >= 678760) AND (id <= 679759))

for point_selects
table 1 : explain SELECT c FROM sbtest1 WHERE id=4101458
	Index Scan using sbtest1_pkey on sbtest1  (cost=0.43..8.45 rows=1 width=121)
	  Index Cond: (id = 4101458)

table 2 : explain SELECT c FROM sbtest2 WHERE id=1438115
	Index Scan using sbtest2_pkey on sbtest2  (cost=0.43..8.45 rows=1 width=121)
	  Index Cond: (id = 1438115)

table 3 : explain SELECT c FROM sbtest3 WHERE id=7142799
	Index Scan using sbtest3_pkey on sbtest3  (cost=0.43..8.45 rows=1 width=121)
	  Index Cond: (id = 7142799)

table 4 : explain SELECT c FROM sbtest4 WHERE id=3301649
	Index Scan using sbtest4_pkey on sbtest4  (cost=0.43..8.45 rows=1 width=121)
	  Index Cond: (id = 3301649)

table 5 : explain SELECT c FROM sbtest5 WHERE id=5318001
	Index Scan using sbtest5_pkey on sbtest5  (cost=0.43..8.45 rows=1 width=121)
	  Index Cond: (id = 5318001)

table 6 : explain SELECT c FROM sbtest6 WHERE id=5512781
	Index Scan using sbtest6_pkey on sbtest6  (cost=0.43..8.45 rows=1 width=121)
	  Index Cond: (id = 5512781)

table 7 : explain SELECT c FROM sbtest7 WHERE id=5041627
	Index Scan using sbtest7_pkey on sbtest7  (cost=0.43..8.45 rows=1 width=121)
	  Index Cond: (id = 5041627)

table 8 : explain SELECT c FROM sbtest8 WHERE id=1323959
	Index Scan using sbtest8_pkey on sbtest8  (cost=0.43..8.45 rows=1 width=121)
	  Index Cond: (id = 1323959)

for: distinct_ranges
table 1 : explain SELECT DISTINCT c FROM sbtest1 WHERE id BETWEEN 9728829 AND 9729828 ORDER BY c
	Unique  (cost=4201.51..4206.87 rows=1073 width=121)
	  ->  Sort  (cost=4201.51..4204.19 rows=1073 width=121)
	        Sort Key: c
	        ->  Bitmap Heap Scan on sbtest1  (cost=31.43..4147.49 rows=1073 width=121)
	              Recheck Cond: ((id >= 9728829) AND (id <= 9729828))
	              ->  Bitmap Index Scan on sbtest1_pkey  (cost=0.00..31.16 rows=1073 width=0)
	                    Index Cond: ((id >= 9728829) AND (id <= 9729828))

table 2 : explain SELECT DISTINCT c FROM sbtest2 WHERE id BETWEEN 5889805 AND 5890804 ORDER BY c
	Unique  (cost=3510.80..3515.27 rows=894 width=121)
	  ->  Sort  (cost=3510.80..3513.04 rows=894 width=121)
	        Sort Key: c
	        ->  Bitmap Heap Scan on sbtest2  (cost=25.60..3466.98 rows=894 width=121)
	              Recheck Cond: ((id >= 5889805) AND (id <= 5890804))
	              ->  Bitmap Index Scan on sbtest2_pkey  (cost=0.00..25.37 rows=894 width=0)
	                    Index Cond: ((id >= 5889805) AND (id <= 5890804))

table 3 : explain SELECT DISTINCT c FROM sbtest3 WHERE id BETWEEN 1682420 AND 1683419 ORDER BY c
	Unique  (cost=3846.72..3851.61 rows=979 width=121)
	  ->  Sort  (cost=3846.72..3849.17 rows=979 width=121)
	        Sort Key: c
	        ->  Bitmap Heap Scan on sbtest3  (cost=30.47..3798.09 rows=979 width=121)
	              Recheck Cond: ((id >= 1682420) AND (id <= 1683419))
	              ->  Bitmap Index Scan on sbtest3_pkey  (cost=0.00..30.22 rows=979 width=0)
	                    Index Cond: ((id >= 1682420) AND (id <= 1683419))

table 4 : explain SELECT DISTINCT c FROM sbtest4 WHERE id BETWEEN 7048152 AND 7049151 ORDER BY c
	Unique  (cost=3507.34..3511.80 rows=892 width=121)
	  ->  Sort  (cost=3507.34..3509.57 rows=892 width=121)
	        Sort Key: c
	        ->  Bitmap Heap Scan on sbtest4  (cost=25.58..3463.63 rows=892 width=121)
	              Recheck Cond: ((id >= 7048152) AND (id <= 7049151))
	              ->  Bitmap Index Scan on sbtest4_pkey  (cost=0.00..25.36 rows=892 width=0)
	                    Index Cond: ((id >= 7048152) AND (id <= 7049151))

table 5 : explain SELECT DISTINCT c FROM sbtest5 WHERE id BETWEEN 1255619 AND 1256618 ORDER BY c
	Unique  (cost=3603.36..3607.95 rows=918 width=121)
	  ->  Sort  (cost=3603.36..3605.66 rows=918 width=121)
	        Sort Key: c
	        ->  Bitmap Heap Scan on sbtest5  (cost=25.84..3558.19 rows=918 width=121)
	              Recheck Cond: ((id >= 1255619) AND (id <= 1256618))
	              ->  Bitmap Index Scan on sbtest5_pkey  (cost=0.00..25.61 rows=918 width=0)
	                    Index Cond: ((id >= 1255619) AND (id <= 1256618))

table 6 : explain SELECT DISTINCT c FROM sbtest6 WHERE id BETWEEN 954969 AND 955968 ORDER BY c
	Unique  (cost=3972.97..3978.03 rows=1013 width=121)
	  ->  Sort  (cost=3972.97..3975.50 rows=1013 width=121)
	        Sort Key: c
	        ->  Bitmap Heap Scan on sbtest6  (cost=30.82..3922.40 rows=1013 width=121)
	              Recheck Cond: ((id >= 954969) AND (id <= 955968))
	              ->  Bitmap Index Scan on sbtest6_pkey  (cost=0.00..30.57 rows=1013 width=0)
	                    Index Cond: ((id >= 954969) AND (id <= 955968))

table 7 : explain SELECT DISTINCT c FROM sbtest7 WHERE id BETWEEN 3800029 AND 3801028 ORDER BY c
	Unique  (cost=4211.29..4216.66 rows=1074 width=121)
	  ->  Sort  (cost=4211.29..4213.97 rows=1074 width=121)
	        Sort Key: c
	        ->  Bitmap Heap Scan on sbtest7  (cost=31.44..4157.22 rows=1074 width=121)
	              Recheck Cond: ((id >= 3800029) AND (id <= 3801028))
	              ->  Bitmap Index Scan on sbtest7_pkey  (cost=0.00..31.18 rows=1074 width=0)
	                    Index Cond: ((id >= 3800029) AND (id <= 3801028))

table 8 : explain SELECT DISTINCT c FROM sbtest8 WHERE id BETWEEN 2807519 AND 2808518 ORDER BY c
	Unique  (cost=4188.53..4193.88 rows=1070 width=121)
	  ->  Sort  (cost=4188.53..4191.20 rows=1070 width=121)
	        Sort Key: c
	        ->  Bitmap Heap Scan on sbtest8  (cost=31.40..4134.69 rows=1070 width=121)
	              Recheck Cond: ((id >= 2807519) AND (id <= 2808518))
	              ->  Bitmap Index Scan on sbtest8_pkey  (cost=0.00..31.14 rows=1070 width=0)
	                    Index Cond: ((id >= 2807519) AND (id <= 2808518))

for: distinct_ranges
table 1 : explain SELECT DISTINCT c FROM sbtest1 WHERE id BETWEEN 8049264 AND 8050263 ORDER BY c
	Unique  (cost=3907.04..3912.02 rows=996 width=121)
	  ->  Sort  (cost=3907.04..3909.53 rows=996 width=121)
	        Sort Key: c
	        ->  Bitmap Heap Scan on sbtest1  (cost=30.64..3857.44 rows=996 width=121)
	              Recheck Cond: ((id >= 8049264) AND (id <= 8050263))
	              ->  Bitmap Index Scan on sbtest1_pkey  (cost=0.00..30.39 rows=996 width=0)
	                    Index Cond: ((id >= 8049264) AND (id <= 8050263))

table 2 : explain SELECT DISTINCT c FROM sbtest2 WHERE id BETWEEN 5546852 AND 5547851 ORDER BY c
	Unique  (cost=3775.60..3780.41 rows=962 width=121)
	  ->  Sort  (cost=3775.60..3778.00 rows=962 width=121)
	        Sort Key: c
	        ->  Bitmap Heap Scan on sbtest2  (cost=30.30..3727.93 rows=962 width=121)
	              Recheck Cond: ((id >= 5546852) AND (id <= 5547851))
	              ->  Bitmap Index Scan on sbtest2_pkey  (cost=0.00..30.05 rows=962 width=0)
	                    Index Cond: ((id >= 5546852) AND (id <= 5547851))

table 3 : explain SELECT DISTINCT c FROM sbtest3 WHERE id BETWEEN 8363291 AND 8364290 ORDER BY c
	Unique  (cost=3773.77..3778.57 rows=960 width=121)
	  ->  Sort  (cost=3773.77..3776.17 rows=960 width=121)
	        Sort Key: c
	        ->  Bitmap Heap Scan on sbtest3  (cost=30.27..3726.22 rows=960 width=121)
	              Recheck Cond: ((id >= 8363291) AND (id <= 8364290))
	              ->  Bitmap Index Scan on sbtest3_pkey  (cost=0.00..30.04 rows=960 width=0)
	                    Index Cond: ((id >= 8363291) AND (id <= 8364290))

table 4 : explain SELECT DISTINCT c FROM sbtest4 WHERE id BETWEEN 9476590 AND 9477589 ORDER BY c
	Unique  (cost=3661.12..3665.78 rows=932 width=121)
	  ->  Sort  (cost=3661.12..3663.45 rows=932 width=121)
	        Sort Key: c
	        ->  Bitmap Heap Scan on sbtest4  (cost=25.99..3615.15 rows=932 width=121)
	              Recheck Cond: ((id >= 9476590) AND (id <= 9477589))
	              ->  Bitmap Index Scan on sbtest4_pkey  (cost=0.00..25.75 rows=932 width=0)
	                    Index Cond: ((id >= 9476590) AND (id <= 9477589))

table 5 : explain SELECT DISTINCT c FROM sbtest5 WHERE id BETWEEN 1593697 AND 1594696 ORDER BY c
	Unique  (cost=3852.69..3857.60 rows=982 width=121)
	  ->  Sort  (cost=3852.69..3855.15 rows=982 width=121)
	        Sort Key: c
	        ->  Bitmap Heap Scan on sbtest5  (cost=30.50..3803.89 rows=982 width=121)
	              Recheck Cond: ((id >= 1593697) AND (id <= 1594696))
	              ->  Bitmap Index Scan on sbtest5_pkey  (cost=0.00..30.25 rows=982 width=0)
	                    Index Cond: ((id >= 1593697) AND (id <= 1594696))

table 6 : explain SELECT DISTINCT c FROM sbtest6 WHERE id BETWEEN 8549943 AND 8550942 ORDER BY c
	Unique  (cost=3896.39..3901.35 rows=993 width=121)
	  ->  Sort  (cost=3896.39..3898.87 rows=993 width=121)
	        Sort Key: c
	        ->  Bitmap Heap Scan on sbtest6  (cost=30.61..3846.96 rows=993 width=121)
	              Recheck Cond: ((id >= 8549943) AND (id <= 8550942))
	              ->  Bitmap Index Scan on sbtest6_pkey  (cost=0.00..30.36 rows=993 width=0)
	                    Index Cond: ((id >= 8549943) AND (id <= 8550942))

table 7 : explain SELECT DISTINCT c FROM sbtest7 WHERE id BETWEEN 8760579 AND 8761578 ORDER BY c
	Unique  (cost=3558.88..3563.40 rows=904 width=121)
	  ->  Sort  (cost=3558.88..3561.14 rows=904 width=121)
	        Sort Key: c
	        ->  Bitmap Heap Scan on sbtest7  (cost=29.70..3514.49 rows=904 width=121)
	              Recheck Cond: ((id >= 8760579) AND (id <= 8761578))
	              ->  Bitmap Index Scan on sbtest7_pkey  (cost=0.00..29.47 rows=904 width=0)
	                    Index Cond: ((id >= 8760579) AND (id <= 8761578))

table 8 : explain SELECT DISTINCT c FROM sbtest8 WHERE id BETWEEN 9334762 AND 9335761 ORDER BY c
	Unique  (cost=3575.96..3580.52 rows=911 width=121)
	  ->  Sort  (cost=3575.96..3578.24 rows=911 width=121)
	        Sort Key: c
	        ->  Bitmap Heap Scan on sbtest8  (cost=25.77..3531.18 rows=911 width=121)
	              Recheck Cond: ((id >= 9334762) AND (id <= 9335761))
	              ->  Bitmap Index Scan on sbtest8_pkey  (cost=0.00..25.54 rows=911 width=0)
	                    Index Cond: ((id >= 9334762) AND (id <= 9335761))

for: distinct_ranges
table 1 : explain SELECT DISTINCT c FROM sbtest1 WHERE id BETWEEN 7955833 AND 7956832 ORDER BY c
	Unique  (cost=3903.21..3908.19 rows=995 width=121)
	  ->  Sort  (cost=3903.21..3905.70 rows=995 width=121)
	        Sort Key: c
	        ->  Bitmap Heap Scan on sbtest1  (cost=30.63..3853.67 rows=995 width=121)
	              Recheck Cond: ((id >= 7955833) AND (id <= 7956832))
	              ->  Bitmap Index Scan on sbtest1_pkey  (cost=0.00..30.39 rows=995 width=0)
	                    Index Cond: ((id >= 7955833) AND (id <= 7956832))

table 2 : explain SELECT DISTINCT c FROM sbtest2 WHERE id BETWEEN 6336606 AND 6337605 ORDER BY c
	Unique  (cost=3974.65..3979.72 rows=1014 width=121)
	  ->  Sort  (cost=3974.65..3977.18 rows=1014 width=121)
	        Sort Key: c
	        ->  Bitmap Heap Scan on sbtest2  (cost=30.83..3924.02 rows=1014 width=121)
	              Recheck Cond: ((id >= 6336606) AND (id <= 6337605))
	              ->  Bitmap Index Scan on sbtest2_pkey  (cost=0.00..30.57 rows=1014 width=0)
	                    Index Cond: ((id >= 6336606) AND (id <= 6337605))

table 3 : explain SELECT DISTINCT c FROM sbtest3 WHERE id BETWEEN 9774237 AND 9775236 ORDER BY c
	Unique  (cost=4264.39..4269.83 rows=1088 width=121)
	  ->  Sort  (cost=4264.39..4267.11 rows=1088 width=121)
	        Sort Key: c
	        ->  Bitmap Heap Scan on sbtest3  (cost=31.59..4209.52 rows=1088 width=121)
	              Recheck Cond: ((id >= 9774237) AND (id <= 9775236))
	              ->  Bitmap Index Scan on sbtest3_pkey  (cost=0.00..31.32 rows=1088 width=0)
	                    Index Cond: ((id >= 9774237) AND (id <= 9775236))

table 4 : explain SELECT DISTINCT c FROM sbtest4 WHERE id BETWEEN 2731561 AND 2732560 ORDER BY c
	Unique  (cost=4037.24..4042.38 rows=1029 width=121)
	  ->  Sort  (cost=4037.24..4039.81 rows=1029 width=121)
	        Sort Key: c
	        ->  Bitmap Heap Scan on sbtest4  (cost=30.98..3985.75 rows=1029 width=121)
	              Recheck Cond: ((id >= 2731561) AND (id <= 2732560))
	              ->  Bitmap Index Scan on sbtest4_pkey  (cost=0.00..30.72 rows=1029 width=0)
	                    Index Cond: ((id >= 2731561) AND (id <= 2732560))

table 5 : explain SELECT DISTINCT c FROM sbtest5 WHERE id BETWEEN 9123023 AND 9124022 ORDER BY c
	Unique  (cost=3745.26..3750.03 rows=955 width=121)
	  ->  Sort  (cost=3745.26..3747.64 rows=955 width=121)
	        Sort Key: c
	        ->  Bitmap Heap Scan on sbtest5  (cost=26.22..3697.99 rows=955 width=121)
	              Recheck Cond: ((id >= 9123023) AND (id <= 9124022))
	              ->  Bitmap Index Scan on sbtest5_pkey  (cost=0.00..25.98 rows=955 width=0)
	                    Index Cond: ((id >= 9123023) AND (id <= 9124022))

table 6 : explain SELECT DISTINCT c FROM sbtest6 WHERE id BETWEEN 7553843 AND 7554842 ORDER BY c
	Unique  (cost=3812.09..3816.94 rows=971 width=121)
	  ->  Sort  (cost=3812.09..3814.52 rows=971 width=121)
	        Sort Key: c
	        ->  Bitmap Heap Scan on sbtest6  (cost=30.39..3763.91 rows=971 width=121)
	              Recheck Cond: ((id >= 7553843) AND (id <= 7554842))
	              ->  Bitmap Index Scan on sbtest6_pkey  (cost=0.00..30.14 rows=971 width=0)
	                    Index Cond: ((id >= 7553843) AND (id <= 7554842))

table 7 : explain SELECT DISTINCT c FROM sbtest7 WHERE id BETWEEN 5277109 AND 5278108 ORDER BY c
	Unique  (cost=4031.25..4036.38 rows=1027 width=121)
	  ->  Sort  (cost=4031.25..4033.82 rows=1027 width=121)
	        Sort Key: c
	        ->  Bitmap Heap Scan on sbtest7  (cost=30.96..3979.88 rows=1027 width=121)
	              Recheck Cond: ((id >= 5277109) AND (id <= 5278108))
	              ->  Bitmap Index Scan on sbtest7_pkey  (cost=0.00..30.70 rows=1027 width=0)
	                    Index Cond: ((id >= 5277109) AND (id <= 5278108))

table 8 : explain SELECT DISTINCT c FROM sbtest8 WHERE id BETWEEN 9765967 AND 9766966 ORDER BY c
	Unique  (cost=3905.68..3910.66 rows=996 width=121)
	  ->  Sort  (cost=3905.68..3908.17 rows=996 width=121)
	        Sort Key: c
	        ->  Bitmap Heap Scan on sbtest8  (cost=30.64..3856.08 rows=996 width=121)
	              Recheck Cond: ((id >= 9765967) AND (id <= 9766966))
	              ->  Bitmap Index Scan on sbtest8_pkey  (cost=0.00..30.39 rows=996 width=0)
	                    Index Cond: ((id >= 9765967) AND (id <= 9766966))

for: distinct_ranges
table 1 : explain SELECT DISTINCT c FROM sbtest1 WHERE id BETWEEN 6735992 AND 6736991 ORDER BY c
	Unique  (cost=3857.26..3862.17 rows=983 width=121)
	  ->  Sort  (cost=3857.26..3859.71 rows=983 width=121)
	        Sort Key: c
	        ->  Bitmap Heap Scan on sbtest1  (cost=30.51..3808.40 rows=983 width=121)
	              Recheck Cond: ((id >= 6735992) AND (id <= 6736991))
	              ->  Bitmap Index Scan on sbtest1_pkey  (cost=0.00..30.26 rows=983 width=0)
	                    Index Cond: ((id >= 6735992) AND (id <= 6736991))

table 2 : explain SELECT DISTINCT c FROM sbtest2 WHERE id BETWEEN 1285435 AND 1286434 ORDER BY c
	Unique  (cost=3798.58..3803.42 rows=968 width=121)
	  ->  Sort  (cost=3798.58..3801.00 rows=968 width=121)
	        Sort Key: c
	        ->  Bitmap Heap Scan on sbtest2  (cost=30.36..3750.58 rows=968 width=121)
	              Recheck Cond: ((id >= 1285435) AND (id <= 1286434))
	              ->  Bitmap Index Scan on sbtest2_pkey  (cost=0.00..30.11 rows=968 width=0)
	                    Index Cond: ((id >= 1285435) AND (id <= 1286434))

table 3 : explain SELECT DISTINCT c FROM sbtest3 WHERE id BETWEEN 4016078 AND 4017077 ORDER BY c
	Unique  (cost=3961.81..3966.86 rows=1009 width=121)
	  ->  Sort  (cost=3961.81..3964.33 rows=1009 width=121)
	        Sort Key: c
	        ->  Bitmap Heap Scan on sbtest3  (cost=30.78..3911.47 rows=1009 width=121)
	              Recheck Cond: ((id >= 4016078) AND (id <= 4017077))
	              ->  Bitmap Index Scan on sbtest3_pkey  (cost=0.00..30.52 rows=1009 width=0)
	                    Index Cond: ((id >= 4016078) AND (id <= 4017077))

table 4 : explain SELECT DISTINCT c FROM sbtest4 WHERE id BETWEEN 2376430 AND 2377429 ORDER BY c
	Unique  (cost=3880.09..3885.03 rows=988 width=121)
	  ->  Sort  (cost=3880.09..3882.56 rows=988 width=121)
	        Sort Key: c
	        ->  Bitmap Heap Scan on sbtest4  (cost=30.56..3830.94 rows=988 width=121)
	              Recheck Cond: ((id >= 2376430) AND (id <= 2377429))
	              ->  Bitmap Index Scan on sbtest4_pkey  (cost=0.00..30.32 rows=988 width=0)
	                    Index Cond: ((id >= 2376430) AND (id <= 2377429))

table 5 : explain SELECT DISTINCT c FROM sbtest5 WHERE id BETWEEN 8931799 AND 8932798 ORDER BY c
	Unique  (cost=3841.20..3846.10 rows=979 width=121)
	  ->  Sort  (cost=3841.20..3843.65 rows=979 width=121)
	        Sort Key: c
	        ->  Bitmap Heap Scan on sbtest5  (cost=30.47..3792.57 rows=979 width=121)
	              Recheck Cond: ((id >= 8931799) AND (id <= 8932798))
	              ->  Bitmap Index Scan on sbtest5_pkey  (cost=0.00..30.22 rows=979 width=0)
	                    Index Cond: ((id >= 8931799) AND (id <= 8932798))

table 6 : explain SELECT DISTINCT c FROM sbtest6 WHERE id BETWEEN 9563629 AND 9564628 ORDER BY c
	Unique  (cost=3950.00..3955.03 rows=1007 width=121)
	  ->  Sort  (cost=3950.00..3952.52 rows=1007 width=121)
	        Sort Key: c
	        ->  Bitmap Heap Scan on sbtest6  (cost=30.76..3899.77 rows=1007 width=121)
	              Recheck Cond: ((id >= 9563629) AND (id <= 9564628))
	              ->  Bitmap Index Scan on sbtest6_pkey  (cost=0.00..30.50 rows=1007 width=0)
	                    Index Cond: ((id >= 9563629) AND (id <= 9564628))

table 7 : explain SELECT DISTINCT c FROM sbtest7 WHERE id BETWEEN 13638 AND 14637 ORDER BY c
	Unique  (cost=4222.77..4228.15 rows=1077 width=121)
	  ->  Sort  (cost=4222.77..4225.46 rows=1077 width=121)
	        Sort Key: c
	        ->  Bitmap Heap Scan on sbtest7  (cost=31.47..4168.53 rows=1077 width=121)
	              Recheck Cond: ((id >= 13638) AND (id <= 14637))
	              ->  Bitmap Index Scan on sbtest7_pkey  (cost=0.00..31.20 rows=1077 width=0)
	                    Index Cond: ((id >= 13638) AND (id <= 14637))

table 8 : explain SELECT DISTINCT c FROM sbtest8 WHERE id BETWEEN 2534695 AND 2535694 ORDER BY c
	Unique  (cost=3806.14..3810.99 rows=970 width=121)
	  ->  Sort  (cost=3806.14..3808.57 rows=970 width=121)
	        Sort Key: c
	        ->  Bitmap Heap Scan on sbtest8  (cost=30.38..3758.02 rows=970 width=121)
	              Recheck Cond: ((id >= 2534695) AND (id <= 2535694))
	              ->  Bitmap Index Scan on sbtest8_pkey  (cost=0.00..30.14 rows=970 width=0)
	                    Index Cond: ((id >= 2534695) AND (id <= 2535694))

for: sum_ranges
table 1 : explain SELECT SUM(k) FROM sbtest1 WHERE id BETWEEN 3271093 AND 3272092
	Aggregate  (cost=3731.53..3731.54 rows=1 width=8)
	  ->  Bitmap Heap Scan on sbtest1  (cost=30.30..3729.13 rows=962 width=4)
	        Recheck Cond: ((id >= 3271093) AND (id <= 3272092))
	        ->  Bitmap Index Scan on sbtest1_pkey  (cost=0.00..30.05 rows=962 width=0)
	              Index Cond: ((id >= 3271093) AND (id <= 3272092))

table 2 : explain SELECT SUM(k) FROM sbtest2 WHERE id BETWEEN 5628585 AND 5629584
	Aggregate  (cost=3647.22..3647.23 rows=1 width=8)
	  ->  Bitmap Heap Scan on sbtest2  (cost=30.07..3644.87 rows=940 width=4)
	        Recheck Cond: ((id >= 5628585) AND (id <= 5629584))
	        ->  Bitmap Index Scan on sbtest2_pkey  (cost=0.00..29.83 rows=940 width=0)
	              Index Cond: ((id >= 5628585) AND (id <= 5629584))

table 3 : explain SELECT SUM(k) FROM sbtest3 WHERE id BETWEEN 7974674 AND 7975673
	Aggregate  (cost=3845.93..3845.94 rows=1 width=8)
	  ->  Bitmap Heap Scan on sbtest3  (cost=30.59..3843.45 rows=991 width=4)
	        Recheck Cond: ((id >= 7974674) AND (id <= 7975673))
	        ->  Bitmap Index Scan on sbtest3_pkey  (cost=0.00..30.34 rows=991 width=0)
	              Index Cond: ((id >= 7974674) AND (id <= 7975673))

table 4 : explain SELECT SUM(k) FROM sbtest4 WHERE id BETWEEN 4322896 AND 4323895
	Aggregate  (cost=3867.43..3867.44 rows=1 width=8)
	  ->  Bitmap Heap Scan on sbtest4  (cost=30.65..3864.94 rows=997 width=4)
	        Recheck Cond: ((id >= 4322896) AND (id <= 4323895))
	        ->  Bitmap Index Scan on sbtest4_pkey  (cost=0.00..30.40 rows=997 width=0)
	              Index Cond: ((id >= 4322896) AND (id <= 4323895))

table 5 : explain SELECT SUM(k) FROM sbtest5 WHERE id BETWEEN 1051323 AND 1052322
	Aggregate  (cost=3817.67..3817.68 rows=1 width=8)
	  ->  Bitmap Heap Scan on sbtest5  (cost=30.53..3815.21 rows=985 width=4)
	        Recheck Cond: ((id >= 1051323) AND (id <= 1052322))
	        ->  Bitmap Index Scan on sbtest5_pkey  (cost=0.00..30.29 rows=985 width=0)
	              Index Cond: ((id >= 1051323) AND (id <= 1052322))

table 6 : explain SELECT SUM(k) FROM sbtest6 WHERE id BETWEEN 477162 AND 478161
	Aggregate  (cost=4007.92..4007.93 rows=1 width=8)
	  ->  Bitmap Heap Scan on sbtest6  (cost=31.04..4005.33 rows=1035 width=4)
	        Recheck Cond: ((id >= 477162) AND (id <= 478161))
	        ->  Bitmap Index Scan on sbtest6_pkey  (cost=0.00..30.79 rows=1035 width=0)
	              Index Cond: ((id >= 477162) AND (id <= 478161))

table 7 : explain SELECT SUM(k) FROM sbtest7 WHERE id BETWEEN 4332690 AND 4333689
	Aggregate  (cost=3585.02..3585.03 rows=1 width=8)
	  ->  Bitmap Heap Scan on sbtest7  (cost=29.89..3582.72 rows=922 width=4)
	        Recheck Cond: ((id >= 4332690) AND (id <= 4333689))
	        ->  Bitmap Index Scan on sbtest7_pkey  (cost=0.00..29.65 rows=922 width=0)
	              Index Cond: ((id >= 4332690) AND (id <= 4333689))

table 8 : explain SELECT SUM(k) FROM sbtest8 WHERE id BETWEEN 4673726 AND 4674725
	Aggregate  (cost=3722.68..3722.69 rows=1 width=8)
	  ->  Bitmap Heap Scan on sbtest8  (cost=30.27..3720.28 rows=960 width=4)
	        Recheck Cond: ((id >= 4673726) AND (id <= 4674725))
	        ->  Bitmap Index Scan on sbtest8_pkey  (cost=0.00..30.04 rows=960 width=0)
	              Index Cond: ((id >= 4673726) AND (id <= 4674725))

explain: for point_selects :: explain SELECT c FROM sbtest%u WHERE id=%u
for: distinct_ranges
table 1 : explain SELECT DISTINCT c FROM sbtest1 WHERE id BETWEEN 1892148 AND 1893147 ORDER BY c
	Unique  (cost=4094.51..4099.73 rows=1045 width=121)
	  ->  Sort  (cost=4094.51..4097.12 rows=1045 width=121)
	        Sort Key: c
	        ->  Bitmap Heap Scan on sbtest1  (cost=31.15..4042.11 rows=1045 width=121)
	              Recheck Cond: ((id >= 1892148) AND (id <= 1893147))
	              ->  Bitmap Index Scan on sbtest1_pkey  (cost=0.00..30.89 rows=1045 width=0)
	                    Index Cond: ((id >= 1892148) AND (id <= 1893147))

table 2 : explain SELECT DISTINCT c FROM sbtest2 WHERE id BETWEEN 1629239 AND 1630238 ORDER BY c
	Unique  (cost=3898.13..3903.10 rows=994 width=121)
	  ->  Sort  (cost=3898.13..3900.62 rows=994 width=121)
	        Sort Key: c
	        ->  Bitmap Heap Scan on sbtest2  (cost=30.62..3848.64 rows=994 width=121)
	              Recheck Cond: ((id >= 1629239) AND (id <= 1630238))
	              ->  Bitmap Index Scan on sbtest2_pkey  (cost=0.00..30.37 rows=994 width=0)
	                    Index Cond: ((id >= 1629239) AND (id <= 1630238))

table 3 : explain SELECT DISTINCT c FROM sbtest3 WHERE id BETWEEN 4697282 AND 4698281 ORDER BY c
	Unique  (cost=3558.52..3563.04 rows=904 width=121)
	  ->  Sort  (cost=3558.52..3560.78 rows=904 width=121)
	        Sort Key: c
	        ->  Bitmap Heap Scan on sbtest3  (cost=29.70..3514.14 rows=904 width=121)
	              Recheck Cond: ((id >= 4697282) AND (id <= 4698281))
	              ->  Bitmap Index Scan on sbtest3_pkey  (cost=0.00..29.47 rows=904 width=0)
	                    Index Cond: ((id >= 4697282) AND (id <= 4698281))

table 4 : explain SELECT DISTINCT c FROM sbtest4 WHERE id BETWEEN 4580873 AND 4581872 ORDER BY c
	Unique  (cost=4347.14..4352.69 rows=1110 width=121)
	  ->  Sort  (cost=4347.14..4349.91 rows=1110 width=121)
	        Sort Key: c
	        ->  Bitmap Heap Scan on sbtest4  (cost=31.81..4290.99 rows=1110 width=121)
	              Recheck Cond: ((id >= 4580873) AND (id <= 4581872))
	              ->  Bitmap Index Scan on sbtest4_pkey  (cost=0.00..31.54 rows=1110 width=0)
	                    Index Cond: ((id >= 4580873) AND (id <= 4581872))

table 5 : explain SELECT DISTINCT c FROM sbtest5 WHERE id BETWEEN 2873991 AND 2874990 ORDER BY c
	Unique  (cost=3415.19..3419.53 rows=869 width=121)
	  ->  Sort  (cost=3415.19..3417.36 rows=869 width=121)
	        Sort Key: c
	        ->  Bitmap Heap Scan on sbtest5  (cost=25.34..3372.77 rows=869 width=121)
	              Recheck Cond: ((id >= 2873991) AND (id <= 2874990))
	              ->  Bitmap Index Scan on sbtest5_pkey  (cost=0.00..25.12 rows=869 width=0)
	                    Index Cond: ((id >= 2873991) AND (id <= 2874990))

table 6 : explain SELECT DISTINCT c FROM sbtest6 WHERE id BETWEEN 5437725 AND 5438724 ORDER BY c
	Unique  (cost=4103.05..4108.29 rows=1047 width=121)
	  ->  Sort  (cost=4103.05..4105.67 rows=1047 width=121)
	        Sort Key: c
	        ->  Bitmap Heap Scan on sbtest6  (cost=31.17..4050.54 rows=1047 width=121)
	              Recheck Cond: ((id >= 5437725) AND (id <= 5438724))
	              ->  Bitmap Index Scan on sbtest6_pkey  (cost=0.00..30.90 rows=1047 width=0)
	                    Index Cond: ((id >= 5437725) AND (id <= 5438724))

table 7 : explain SELECT DISTINCT c FROM sbtest7 WHERE id BETWEEN 2998704 AND 2999703 ORDER BY c
	Unique  (cost=4249.56..4254.98 rows=1084 width=121)
	  ->  Sort  (cost=4249.56..4252.27 rows=1084 width=121)
	        Sort Key: c
	        ->  Bitmap Heap Scan on sbtest7  (cost=31.55..4194.91 rows=1084 width=121)
	              Recheck Cond: ((id >= 2998704) AND (id <= 2999703))
	              ->  Bitmap Index Scan on sbtest7_pkey  (cost=0.00..31.27 rows=1084 width=0)
	                    Index Cond: ((id >= 2998704) AND (id <= 2999703))

table 8 : explain SELECT DISTINCT c FROM sbtest8 WHERE id BETWEEN 6941172 AND 6942171 ORDER BY c
	Unique  (cost=3764.01..3768.80 rows=959 width=121)
	  ->  Sort  (cost=3764.01..3766.40 rows=959 width=121)
	        Sort Key: c
	        ->  Bitmap Heap Scan on sbtest8  (cost=30.26..3716.51 rows=959 width=121)
	              Recheck Cond: ((id >= 6941172) AND (id <= 6942171))
	              ->  Bitmap Index Scan on sbtest8_pkey  (cost=0.00..30.02 rows=959 width=0)
	                    Index Cond: ((id >= 6941172) AND (id <= 6942171))

for point_selects
table 1 : explain SELECT c FROM sbtest1 WHERE id=1180838
	Index Scan using sbtest1_pkey on sbtest1  (cost=0.43..8.45 rows=1 width=121)
	  Index Cond: (id = 1180838)

table 2 : explain SELECT c FROM sbtest2 WHERE id=5983138
	Index Scan using sbtest2_pkey on sbtest2  (cost=0.43..8.45 rows=1 width=121)
	  Index Cond: (id = 5983138)

table 3 : explain SELECT c FROM sbtest3 WHERE id=6455624
	Index Scan using sbtest3_pkey on sbtest3  (cost=0.43..8.45 rows=1 width=121)
	  Index Cond: (id = 6455624)

table 4 : explain SELECT c FROM sbtest4 WHERE id=4170618
	Index Scan using sbtest4_pkey on sbtest4  (cost=0.43..8.45 rows=1 width=121)
	  Index Cond: (id = 4170618)

table 5 : explain SELECT c FROM sbtest5 WHERE id=6443692
	Index Scan using sbtest5_pkey on sbtest5  (cost=0.43..8.45 rows=1 width=121)
	  Index Cond: (id = 6443692)

table 6 : explain SELECT c FROM sbtest6 WHERE id=9942730
	Index Scan using sbtest6_pkey on sbtest6  (cost=0.43..8.45 rows=1 width=121)
	  Index Cond: (id = 9942730)

table 7 : explain SELECT c FROM sbtest7 WHERE id=5200296
	Index Scan using sbtest7_pkey on sbtest7  (cost=0.43..8.45 rows=1 width=121)
	  Index Cond: (id = 5200296)

table 8 : explain SELECT c FROM sbtest8 WHERE id=3717711
	Index Scan using sbtest8_pkey on sbtest8  (cost=0.43..8.45 rows=1 width=121)
	  Index Cond: (id = 3717711)

for: simple_ranges
table 1 : explain SELECT c FROM sbtest1 WHERE id BETWEEN 527005 AND 528004
	Bitmap Heap Scan on sbtest1  (cost=30.36..3751.78 rows=968 width=121)
	  Recheck Cond: ((id >= 527005) AND (id <= 528004))
	  ->  Bitmap Index Scan on sbtest1_pkey  (cost=0.00..30.11 rows=968 width=0)
	        Index Cond: ((id >= 527005) AND (id <= 528004))

table 2 : explain SELECT c FROM sbtest2 WHERE id BETWEEN 9911982 AND 9912981
	Bitmap Heap Scan on sbtest2  (cost=30.73..3886.34 rows=1004 width=121)
	  Recheck Cond: ((id >= 9911982) AND (id <= 9912981))
	  ->  Bitmap Index Scan on sbtest2_pkey  (cost=0.00..30.47 rows=1004 width=0)
	        Index Cond: ((id >= 9911982) AND (id <= 9912981))

table 3 : explain SELECT c FROM sbtest3 WHERE id BETWEEN 3207946 AND 3208945
	Bitmap Heap Scan on sbtest3  (cost=29.98..3616.44 rows=931 width=121)
	  Recheck Cond: ((id >= 3207946) AND (id <= 3208945))
	  ->  Bitmap Index Scan on sbtest3_pkey  (cost=0.00..29.75 rows=931 width=0)
	        Index Cond: ((id >= 3207946) AND (id <= 3208945))

table 4 : explain SELECT c FROM sbtest4 WHERE id BETWEEN 780932 AND 781931
	Bitmap Heap Scan on sbtest4  (cost=30.96..3978.20 rows=1027 width=121)
	  Recheck Cond: ((id >= 780932) AND (id <= 781931))
	  ->  Bitmap Index Scan on sbtest4_pkey  (cost=0.00..30.70 rows=1027 width=0)
	        Index Cond: ((id >= 780932) AND (id <= 781931))

table 5 : explain SELECT c FROM sbtest5 WHERE id BETWEEN 4159312 AND 4160311
	Bitmap Heap Scan on sbtest5  (cost=30.80..3913.24 rows=1011 width=121)
	  Recheck Cond: ((id >= 4159312) AND (id <= 4160311))
	  ->  Bitmap Index Scan on sbtest5_pkey  (cost=0.00..30.54 rows=1011 width=0)
	        Index Cond: ((id >= 4159312) AND (id <= 4160311))

table 6 : explain SELECT c FROM sbtest6 WHERE id BETWEEN 8769066 AND 8770065
	Bitmap Heap Scan on sbtest6  (cost=30.53..3816.76 rows=985 width=121)
	  Recheck Cond: ((id >= 8769066) AND (id <= 8770065))
	  ->  Bitmap Index Scan on sbtest6_pkey  (cost=0.00..30.29 rows=985 width=0)
	        Index Cond: ((id >= 8769066) AND (id <= 8770065))

table 7 : explain SELECT c FROM sbtest7 WHERE id BETWEEN 4035115 AND 4036114
	Bitmap Heap Scan on sbtest7  (cost=35.78..4285.57 rows=1107 width=121)
	  Recheck Cond: ((id >= 4035115) AND (id <= 4036114))
	  ->  Bitmap Index Scan on sbtest7_pkey  (cost=0.00..35.51 rows=1107 width=0)
	        Index Cond: ((id >= 4035115) AND (id <= 4036114))

table 8 : explain SELECT c FROM sbtest8 WHERE id BETWEEN 4811166 AND 4812165
	Bitmap Heap Scan on sbtest8  (cost=30.67..3867.39 rows=999 width=121)
	  Recheck Cond: ((id >= 4811166) AND (id <= 4812165))
	  ->  Bitmap Index Scan on sbtest8_pkey  (cost=0.00..30.43 rows=999 width=0)
	        Index Cond: ((id >= 4811166) AND (id <= 4812165))

for: sum_ranges
table 1 : explain SELECT SUM(k) FROM sbtest1 WHERE id BETWEEN 6560994 AND 6561993
	Aggregate  (cost=4255.54..4255.55 rows=1 width=8)
	  ->  Bitmap Heap Scan on sbtest1  (cost=31.72..4252.79 rows=1101 width=4)
	        Recheck Cond: ((id >= 6560994) AND (id <= 6561993))
	        ->  Bitmap Index Scan on sbtest1_pkey  (cost=0.00..31.44 rows=1101 width=0)
	              Index Cond: ((id >= 6560994) AND (id <= 6561993))

table 2 : explain SELECT SUM(k) FROM sbtest2 WHERE id BETWEEN 9356005 AND 9357004
	Aggregate  (cost=4359.32..4359.33 rows=1 width=8)
	  ->  Bitmap Heap Scan on sbtest2  (cost=32.02..4356.49 rows=1130 width=4)
	        Recheck Cond: ((id >= 9356005) AND (id <= 9357004))
	        ->  Bitmap Index Scan on sbtest2_pkey  (cost=0.00..31.73 rows=1130 width=0)
	              Index Cond: ((id >= 9356005) AND (id <= 9357004))

table 3 : explain SELECT SUM(k) FROM sbtest3 WHERE id BETWEEN 2001582 AND 2002581
	Aggregate  (cost=3698.33..3698.34 rows=1 width=8)
	  ->  Bitmap Heap Scan on sbtest3  (cost=30.19..3695.95 rows=952 width=4)
	        Recheck Cond: ((id >= 2001582) AND (id <= 2002581))
	        ->  Bitmap Index Scan on sbtest3_pkey  (cost=0.00..29.95 rows=952 width=0)
	              Index Cond: ((id >= 2001582) AND (id <= 2002581))

table 4 : explain SELECT SUM(k) FROM sbtest4 WHERE id BETWEEN 5765825 AND 5766824
	Aggregate  (cost=4044.95..4044.96 rows=1 width=8)
	  ->  Bitmap Heap Scan on sbtest4  (cost=31.14..4042.34 rows=1044 width=4)
	        Recheck Cond: ((id >= 5765825) AND (id <= 5766824))
	        ->  Bitmap Index Scan on sbtest4_pkey  (cost=0.00..30.87 rows=1044 width=0)
	              Index Cond: ((id >= 5765825) AND (id <= 5766824))

table 5 : explain SELECT SUM(k) FROM sbtest5 WHERE id BETWEEN 136175 AND 137174
	Aggregate  (cost=3594.53..3594.54 rows=1 width=8)
	  ->  Bitmap Heap Scan on sbtest5  (cost=25.94..3592.21 rows=927 width=4)
	        Recheck Cond: ((id >= 136175) AND (id <= 137174))
	        ->  Bitmap Index Scan on sbtest5_pkey  (cost=0.00..25.70 rows=927 width=0)
	              Index Cond: ((id >= 136175) AND (id <= 137174))

table 6 : explain SELECT SUM(k) FROM sbtest6 WHERE id BETWEEN 5848526 AND 5849525
	Aggregate  (cost=3890.97..3890.98 rows=1 width=8)
	  ->  Bitmap Heap Scan on sbtest6  (cost=30.73..3888.46 rows=1004 width=4)
	        Recheck Cond: ((id >= 5848526) AND (id <= 5849525))
	        ->  Bitmap Index Scan on sbtest6_pkey  (cost=0.00..30.47 rows=1004 width=0)
	              Index Cond: ((id >= 5848526) AND (id <= 5849525))

table 7 : explain SELECT SUM(k) FROM sbtest7 WHERE id BETWEEN 5077953 AND 5078952
	Aggregate  (cost=4080.64..4080.65 rows=1 width=8)
	  ->  Bitmap Heap Scan on sbtest7  (cost=31.23..4078.01 rows=1053 width=4)
	        Recheck Cond: ((id >= 5077953) AND (id <= 5078952))
	        ->  Bitmap Index Scan on sbtest7_pkey  (cost=0.00..30.96 rows=1053 width=0)
	              Index Cond: ((id >= 5077953) AND (id <= 5078952))

table 8 : explain SELECT SUM(k) FROM sbtest8 WHERE id BETWEEN 7003556 AND 7004555
	Aggregate  (cost=3786.87..3786.88 rows=1 width=8)
	  ->  Bitmap Heap Scan on sbtest8  (cost=30.45..3784.43 rows=977 width=4)
	        Recheck Cond: ((id >= 7003556) AND (id <= 7004555))
	        ->  Bitmap Index Scan on sbtest8_pkey  (cost=0.00..30.20 rows=977 width=0)
	              Index Cond: ((id >= 7003556) AND (id <= 7004555))

explain: for point_selects :: explain SELECT c FROM sbtest%u WHERE id=%u
explain: for point_selects :: explain SELECT c FROM sbtest%u WHERE id=%u
for: sum_ranges
table 1 : explain SELECT SUM(k) FROM sbtest1 WHERE id BETWEEN 7291761 AND 7292760
	Aggregate  (cost=3773.09..3773.10 rows=1 width=8)
	  ->  Bitmap Heap Scan on sbtest1  (cost=30.41..3770.66 rows=973 width=4)
	        Recheck Cond: ((id >= 7291761) AND (id <= 7292760))
	        ->  Bitmap Index Scan on sbtest1_pkey  (cost=0.00..30.16 rows=973 width=0)
	              Index Cond: ((id >= 7291761) AND (id <= 7292760))

table 2 : explain SELECT SUM(k) FROM sbtest2 WHERE id BETWEEN 8095698 AND 8096697
	Aggregate  (cost=3952.94..3952.95 rows=1 width=8)
	  ->  Bitmap Heap Scan on sbtest2  (cost=30.90..3950.39 rows=1021 width=4)
	        Recheck Cond: ((id >= 8095698) AND (id <= 8096697))
	        ->  Bitmap Index Scan on sbtest2_pkey  (cost=0.00..30.64 rows=1021 width=0)
	              Index Cond: ((id >= 8095698) AND (id <= 8096697))

table 3 : explain SELECT SUM(k) FROM sbtest3 WHERE id BETWEEN 6146883 AND 6147882
	Aggregate  (cost=4076.42..4076.43 rows=1 width=8)
	  ->  Bitmap Heap Scan on sbtest3  (cost=31.22..4073.79 rows=1052 width=4)
	        Recheck Cond: ((id >= 6146883) AND (id <= 6147882))
	        ->  Bitmap Index Scan on sbtest3_pkey  (cost=0.00..30.95 rows=1052 width=0)
	              Index Cond: ((id >= 6146883) AND (id <= 6147882))

table 4 : explain SELECT SUM(k) FROM sbtest4 WHERE id BETWEEN 5769084 AND 5770083
	Aggregate  (cost=4044.95..4044.96 rows=1 width=8)
	  ->  Bitmap Heap Scan on sbtest4  (cost=31.14..4042.34 rows=1044 width=4)
	        Recheck Cond: ((id >= 5769084) AND (id <= 5770083))
	        ->  Bitmap Index Scan on sbtest4_pkey  (cost=0.00..30.87 rows=1044 width=0)
	              Index Cond: ((id >= 5769084) AND (id <= 5770083))

table 5 : explain SELECT SUM(k) FROM sbtest5 WHERE id BETWEEN 4776491 AND 4777490
	Aggregate  (cost=4190.73..4190.74 rows=1 width=8)
	  ->  Bitmap Heap Scan on sbtest5  (cost=31.55..4188.02 rows=1084 width=4)
	        Recheck Cond: ((id >= 4776491) AND (id <= 4777490))
	        ->  Bitmap Index Scan on sbtest5_pkey  (cost=0.00..31.27 rows=1084 width=0)
	              Index Cond: ((id >= 4776491) AND (id <= 4777490))

table 6 : explain SELECT SUM(k) FROM sbtest6 WHERE id BETWEEN 9122084 AND 9123083
	Aggregate  (cost=4053.15..4053.16 rows=1 width=8)
	  ->  Bitmap Heap Scan on sbtest6  (cost=31.17..4050.54 rows=1047 width=4)
	        Recheck Cond: ((id >= 9122084) AND (id <= 9123083))
	        ->  Bitmap Index Scan on sbtest6_pkey  (cost=0.00..30.90 rows=1047 width=0)
	              Index Cond: ((id >= 9122084) AND (id <= 9123083))

table 7 : explain SELECT SUM(k) FROM sbtest7 WHERE id BETWEEN 4162584 AND 4163583
	Aggregate  (cost=3585.02..3585.03 rows=1 width=8)
	  ->  Bitmap Heap Scan on sbtest7  (cost=29.89..3582.72 rows=922 width=4)
	        Recheck Cond: ((id >= 4162584) AND (id <= 4163583))
	        ->  Bitmap Index Scan on sbtest7_pkey  (cost=0.00..29.65 rows=922 width=0)
	              Index Cond: ((id >= 4162584) AND (id <= 4163583))

table 8 : explain SELECT SUM(k) FROM sbtest8 WHERE id BETWEEN 1226457 AND 1227456
	Aggregate  (cost=3858.57..3858.58 rows=1 width=8)
	  ->  Bitmap Heap Scan on sbtest8  (cost=30.64..3856.08 rows=996 width=4)
	        Recheck Cond: ((id >= 1226457) AND (id <= 1227456))
	        ->  Bitmap Index Scan on sbtest8_pkey  (cost=0.00..30.39 rows=996 width=0)
	              Index Cond: ((id >= 1226457) AND (id <= 1227456))

for: distinct_ranges
table 1 : explain SELECT DISTINCT c FROM sbtest1 WHERE id BETWEEN 1817083 AND 1818082 ORDER BY c
	Unique  (cost=3696.27..3700.98 rows=941 width=121)
	  ->  Sort  (cost=3696.27..3698.63 rows=941 width=121)
	        Sort Key: c
	        ->  Bitmap Heap Scan on sbtest1  (cost=30.08..3649.80 rows=941 width=121)
	              Recheck Cond: ((id >= 1817083) AND (id <= 1818082))
	              ->  Bitmap Index Scan on sbtest1_pkey  (cost=0.00..29.84 rows=941 width=0)
	                    Index Cond: ((id >= 1817083) AND (id <= 1818082))

table 2 : explain SELECT DISTINCT c FROM sbtest2 WHERE id BETWEEN 3972017 AND 3973016 ORDER BY c
	Unique  (cost=3687.45..3692.15 rows=939 width=121)
	  ->  Sort  (cost=3687.45..3689.80 rows=939 width=121)
	        Sort Key: c
	        ->  Bitmap Heap Scan on sbtest2  (cost=30.06..3641.09 rows=939 width=121)
	              Recheck Cond: ((id >= 3972017) AND (id <= 3973016))
	              ->  Bitmap Index Scan on sbtest2_pkey  (cost=0.00..29.82 rows=939 width=0)
	                    Index Cond: ((id >= 3972017) AND (id <= 3973016))

table 3 : explain SELECT DISTINCT c FROM sbtest3 WHERE id BETWEEN 1569736 AND 1570735 ORDER BY c
	Unique  (cost=4069.14..4074.32 rows=1037 width=121)
	  ->  Sort  (cost=4069.14..4071.73 rows=1037 width=121)
	        Sort Key: c
	        ->  Bitmap Heap Scan on sbtest3  (cost=31.06..4017.19 rows=1037 width=121)
	              Recheck Cond: ((id >= 1569736) AND (id <= 1570735))
	              ->  Bitmap Index Scan on sbtest3_pkey  (cost=0.00..30.80 rows=1037 width=0)
	                    Index Cond: ((id >= 1569736) AND (id <= 1570735))

table 4 : explain SELECT DISTINCT c FROM sbtest4 WHERE id BETWEEN 5420002 AND 5421001 ORDER BY c
	Unique  (cost=4102.34..4107.57 rows=1046 width=121)
	  ->  Sort  (cost=4102.34..4104.95 rows=1046 width=121)
	        Sort Key: c
	        ->  Bitmap Heap Scan on sbtest4  (cost=31.16..4049.88 rows=1046 width=121)
	              Recheck Cond: ((id >= 5420002) AND (id <= 5421001))
	              ->  Bitmap Index Scan on sbtest4_pkey  (cost=0.00..30.89 rows=1046 width=0)
	                    Index Cond: ((id >= 5420002) AND (id <= 5421001))

table 5 : explain SELECT DISTINCT c FROM sbtest5 WHERE id BETWEEN 5684010 AND 5685009 ORDER BY c
	Unique  (cost=4021.07..4026.20 rows=1026 width=121)
	  ->  Sort  (cost=4021.07..4023.63 rows=1026 width=121)
	        Sort Key: c
	        ->  Bitmap Heap Scan on sbtest5  (cost=30.95..3969.75 rows=1026 width=121)
	              Recheck Cond: ((id >= 5684010) AND (id <= 5685009))
	              ->  Bitmap Index Scan on sbtest5_pkey  (cost=0.00..30.69 rows=1026 width=0)
	                    Index Cond: ((id >= 5684010) AND (id <= 5685009))

table 6 : explain SELECT DISTINCT c FROM sbtest6 WHERE id BETWEEN 8369837 AND 8370836 ORDER BY c
	Unique  (cost=3385.71..3390.01 rows=861 width=121)
	  ->  Sort  (cost=3385.71..3387.86 rows=861 width=121)
	        Sort Key: c
	        ->  Bitmap Heap Scan on sbtest6  (cost=25.26..3343.73 rows=861 width=121)
	              Recheck Cond: ((id >= 8369837) AND (id <= 8370836))
	              ->  Bitmap Index Scan on sbtest6_pkey  (cost=0.00..25.04 rows=861 width=0)
	                    Index Cond: ((id >= 8369837) AND (id <= 8370836))

table 7 : explain SELECT DISTINCT c FROM sbtest7 WHERE id BETWEEN 8517245 AND 8518244 ORDER BY c
	Unique  (cost=3778.00..3782.81 rows=961 width=121)
	  ->  Sort  (cost=3778.00..3780.41 rows=961 width=121)
	        Sort Key: c
	        ->  Bitmap Heap Scan on sbtest7  (cost=30.29..3730.39 rows=961 width=121)
	              Recheck Cond: ((id >= 8517245) AND (id <= 8518244))
	              ->  Bitmap Index Scan on sbtest7_pkey  (cost=0.00..30.04 rows=961 width=0)
	                    Index Cond: ((id >= 8517245) AND (id <= 8518244))

table 8 : explain SELECT DISTINCT c FROM sbtest8 WHERE id BETWEEN 5416586 AND 5417585 ORDER BY c
	Unique  (cost=3775.50..3780.31 rows=962 width=121)
	  ->  Sort  (cost=3775.50..3777.90 rows=962 width=121)
	        Sort Key: c
	        ->  Bitmap Heap Scan on sbtest8  (cost=30.30..3727.83 rows=962 width=121)
	              Recheck Cond: ((id >= 5416586) AND (id <= 5417585))
	              ->  Bitmap Index Scan on sbtest8_pkey  (cost=0.00..30.05 rows=962 width=0)
	                    Index Cond: ((id >= 5416586) AND (id <= 5417585))

explain: for point_selects :: explain SELECT c FROM sbtest%u WHERE id=%u
for: sum_ranges
table 1 : explain SELECT SUM(k) FROM sbtest1 WHERE id BETWEEN 6910764 AND 6911763
	Aggregate  (cost=4059.79..4059.80 rows=1 width=8)
	  ->  Bitmap Heap Scan on sbtest1  (cost=31.19..4057.17 rows=1049 width=4)
	        Recheck Cond: ((id >= 6910764) AND (id <= 6911763))
	        ->  Bitmap Index Scan on sbtest1_pkey  (cost=0.00..30.93 rows=1049 width=0)
	              Index Cond: ((id >= 6910764) AND (id <= 6911763))

table 2 : explain SELECT SUM(k) FROM sbtest2 WHERE id BETWEEN 5780243 AND 5781242
	Aggregate  (cost=3741.67..3741.68 rows=1 width=8)
	  ->  Bitmap Heap Scan on sbtest2  (cost=30.33..3739.26 rows=965 width=4)
	        Recheck Cond: ((id >= 5780243) AND (id <= 5781242))
	        ->  Bitmap Index Scan on sbtest2_pkey  (cost=0.00..30.08 rows=965 width=0)
	              Index Cond: ((id >= 5780243) AND (id <= 5781242))

table 3 : explain SELECT SUM(k) FROM sbtest3 WHERE id BETWEEN 2877739 AND 2878738
	Aggregate  (cost=3717.26..3717.27 rows=1 width=8)
	  ->  Bitmap Heap Scan on sbtest3  (cost=30.24..3714.87 rows=957 width=4)
	        Recheck Cond: ((id >= 2877739) AND (id <= 2878738))
	        ->  Bitmap Index Scan on sbtest3_pkey  (cost=0.00..30.00 rows=957 width=0)
	              Index Cond: ((id >= 2877739) AND (id <= 2878738))

table 4 : explain SELECT SUM(k) FROM sbtest4 WHERE id BETWEEN 4837816 AND 4838815
	Aggregate  (cost=3946.78..3946.79 rows=1 width=8)
	  ->  Bitmap Heap Scan on sbtest4  (cost=30.87..3944.24 rows=1018 width=4)
	        Recheck Cond: ((id >= 4837816) AND (id <= 4838815))
	        ->  Bitmap Index Scan on sbtest4_pkey  (cost=0.00..30.61 rows=1018 width=0)
	              Index Cond: ((id >= 4837816) AND (id <= 4838815))

table 5 : explain SELECT SUM(k) FROM sbtest5 WHERE id BETWEEN 3855040 AND 3856039
	Aggregate  (cost=3813.89..3813.90 rows=1 width=8)
	  ->  Bitmap Heap Scan on sbtest5  (cost=30.52..3811.43 rows=984 width=4)
	        Recheck Cond: ((id >= 3855040) AND (id <= 3856039))
	        ->  Bitmap Index Scan on sbtest5_pkey  (cost=0.00..30.27 rows=984 width=0)
	              Index Cond: ((id >= 3855040) AND (id <= 3856039))

table 6 : explain SELECT SUM(k) FROM sbtest6 WHERE id BETWEEN 7463714 AND 7464713
	Aggregate  (cost=4060.69..4060.70 rows=1 width=8)
	  ->  Bitmap Heap Scan on sbtest6  (cost=31.19..4058.07 rows=1049 width=4)
	        Recheck Cond: ((id >= 7463714) AND (id <= 7464713))
	        ->  Bitmap Index Scan on sbtest6_pkey  (cost=0.00..30.93 rows=1049 width=0)
	              Index Cond: ((id >= 7463714) AND (id <= 7464713))

table 7 : explain SELECT SUM(k) FROM sbtest7 WHERE id BETWEEN 8065261 AND 8066260
	Aggregate  (cost=3940.87..3940.88 rows=1 width=8)
	  ->  Bitmap Heap Scan on sbtest7  (cost=30.85..3938.33 rows=1016 width=4)
	        Recheck Cond: ((id >= 8065261) AND (id <= 8066260))
	        ->  Bitmap Index Scan on sbtest7_pkey  (cost=0.00..30.59 rows=1016 width=0)
	              Index Cond: ((id >= 8065261) AND (id <= 8066260))

table 8 : explain SELECT SUM(k) FROM sbtest8 WHERE id BETWEEN 5816446 AND 5817445
	Aggregate  (cost=3986.75..3986.76 rows=1 width=8)
	  ->  Bitmap Heap Scan on sbtest8  (cost=30.99..3984.17 rows=1030 width=4)
	        Recheck Cond: ((id >= 5816446) AND (id <= 5817445))
	        ->  Bitmap Index Scan on sbtest8_pkey  (cost=0.00..30.73 rows=1030 width=0)
	              Index Cond: ((id >= 5816446) AND (id <= 5817445))

for: distinct_ranges
table 1 : explain SELECT DISTINCT c FROM sbtest1 WHERE id BETWEEN 1015181 AND 1016180 ORDER BY c
	Unique  (cost=4029.50..4034.64 rows=1028 width=121)
	  ->  Sort  (cost=4029.50..4032.07 rows=1028 width=121)
	        Sort Key: c
	        ->  Bitmap Heap Scan on sbtest1  (cost=30.97..3978.07 rows=1028 width=121)
	              Recheck Cond: ((id >= 1015181) AND (id <= 1016180))
	              ->  Bitmap Index Scan on sbtest1_pkey  (cost=0.00..30.71 rows=1028 width=0)
	                    Index Cond: ((id >= 1015181) AND (id <= 1016180))

table 2 : explain SELECT DISTINCT c FROM sbtest2 WHERE id BETWEEN 725268 AND 726267 ORDER BY c
	Unique  (cost=3944.05..3949.08 rows=1006 width=121)
	  ->  Sort  (cost=3944.05..3946.56 rows=1006 width=121)
	        Sort Key: c
	        ->  Bitmap Heap Scan on sbtest2  (cost=30.75..3893.88 rows=1006 width=121)
	              Recheck Cond: ((id >= 725268) AND (id <= 726267))
	              ->  Bitmap Index Scan on sbtest2_pkey  (cost=0.00..30.50 rows=1006 width=0)
	                    Index Cond: ((id >= 725268) AND (id <= 726267))

table 3 : explain SELECT DISTINCT c FROM sbtest3 WHERE id BETWEEN 1851759 AND 1852758 ORDER BY c
	Unique  (cost=4030.82..4035.95 rows=1027 width=121)
	  ->  Sort  (cost=4030.82..4033.38 rows=1027 width=121)
	        Sort Key: c
	        ->  Bitmap Heap Scan on sbtest3  (cost=30.96..3979.45 rows=1027 width=121)
	              Recheck Cond: ((id >= 1851759) AND (id <= 1852758))
	              ->  Bitmap Index Scan on sbtest3_pkey  (cost=0.00..30.70 rows=1027 width=0)
	                    Index Cond: ((id >= 1851759) AND (id <= 1852758))

table 4 : explain SELECT DISTINCT c FROM sbtest4 WHERE id BETWEEN 1375159 AND 1376158 ORDER BY c
	Unique  (cost=3568.88..3573.42 rows=908 width=121)
	  ->  Sort  (cost=3568.88..3571.15 rows=908 width=121)
	        Sort Key: c
	        ->  Bitmap Heap Scan on sbtest4  (cost=25.74..3524.26 rows=908 width=121)
	              Recheck Cond: ((id >= 1375159) AND (id <= 1376158))
	              ->  Bitmap Index Scan on sbtest4_pkey  (cost=0.00..25.51 rows=908 width=0)
	                    Index Cond: ((id >= 1375159) AND (id <= 1376158))

table 5 : explain SELECT DISTINCT c FROM sbtest5 WHERE id BETWEEN 8889517 AND 8890516 ORDER BY c
	Unique  (cost=3841.20..3846.10 rows=979 width=121)
	  ->  Sort  (cost=3841.20..3843.65 rows=979 width=121)
	        Sort Key: c
	        ->  Bitmap Heap Scan on sbtest5  (cost=30.47..3792.57 rows=979 width=121)
	              Recheck Cond: ((id >= 8889517) AND (id <= 8890516))
	              ->  Bitmap Index Scan on sbtest5_pkey  (cost=0.00..30.22 rows=979 width=0)
	                    Index Cond: ((id >= 8889517) AND (id <= 8890516))

table 6 : explain SELECT DISTINCT c FROM sbtest6 WHERE id BETWEEN 3427818 AND 3428817 ORDER BY c
	Unique  (cost=4210.08..4215.46 rows=1075 width=121)
	  ->  Sort  (cost=4210.08..4212.77 rows=1075 width=121)
	        Sort Key: c
	        ->  Bitmap Heap Scan on sbtest6  (cost=31.45..4155.95 rows=1075 width=121)
	              Recheck Cond: ((id >= 3427818) AND (id <= 3428817))
	              ->  Bitmap Index Scan on sbtest6_pkey  (cost=0.00..31.18 rows=1075 width=0)
	                    Index Cond: ((id >= 3427818) AND (id <= 3428817))

table 7 : explain SELECT DISTINCT c FROM sbtest7 WHERE id BETWEEN 2403888 AND 2404887 ORDER BY c
	Unique  (cost=4081.07..4086.27 rows=1040 width=121)
	  ->  Sort  (cost=4081.07..4083.67 rows=1040 width=121)
	        Sort Key: c
	        ->  Bitmap Heap Scan on sbtest7  (cost=31.09..4028.96 rows=1040 width=121)
	              Recheck Cond: ((id >= 2403888) AND (id <= 2404887))
	              ->  Bitmap Index Scan on sbtest7_pkey  (cost=0.00..30.83 rows=1040 width=0)
	                    Index Cond: ((id >= 2403888) AND (id <= 2404887))

table 8 : explain SELECT DISTINCT c FROM sbtest8 WHERE id BETWEEN 1099817 AND 1100816 ORDER BY c
	Unique  (cost=3844.44..3849.34 rows=980 width=121)
	  ->  Sort  (cost=3844.44..3846.89 rows=980 width=121)
	        Sort Key: c
	        ->  Bitmap Heap Scan on sbtest8  (cost=30.48..3795.75 rows=980 width=121)
	              Recheck Cond: ((id >= 1099817) AND (id <= 1100816))
	              ->  Bitmap Index Scan on sbtest8_pkey  (cost=0.00..30.23 rows=980 width=0)
	                    Index Cond: ((id >= 1099817) AND (id <= 1100816))

explain: for point_selects :: explain SELECT c FROM sbtest%u WHERE id=%u
for: order_ranges
table 1 : explain SELECT c FROM sbtest1 WHERE id BETWEEN 4492222 AND 4493221 ORDER BY c
	Sort  (cost=3933.84..3936.35 rows=1003 width=121)
	  Sort Key: c
	  ->  Bitmap Heap Scan on sbtest1  (cost=30.72..3883.84 rows=1003 width=121)
	        Recheck Cond: ((id >= 4492222) AND (id <= 4493221))
	        ->  Bitmap Index Scan on sbtest1_pkey  (cost=0.00..30.46 rows=1003 width=0)
	              Index Cond: ((id >= 4492222) AND (id <= 4493221))

table 2 : explain SELECT c FROM sbtest2 WHERE id BETWEEN 345577 AND 346576 ORDER BY c
	Sort  (cost=4005.24..4007.80 rows=1022 width=121)
	  Sort Key: c
	  ->  Bitmap Heap Scan on sbtest2  (cost=30.91..3954.16 rows=1022 width=121)
	        Recheck Cond: ((id >= 345577) AND (id <= 346576))
	        ->  Bitmap Index Scan on sbtest2_pkey  (cost=0.00..30.65 rows=1022 width=0)
	              Index Cond: ((id >= 345577) AND (id <= 346576))

table 3 : explain SELECT c FROM sbtest3 WHERE id BETWEEN 1228349 AND 1229348 ORDER BY c
	Sort  (cost=3934.97..3937.47 rows=1002 width=121)
	  Sort Key: c
	  ->  Bitmap Heap Scan on sbtest3  (cost=30.71..3885.02 rows=1002 width=121)
	        Recheck Cond: ((id >= 1228349) AND (id <= 1229348))
	        ->  Bitmap Index Scan on sbtest3_pkey  (cost=0.00..30.45 rows=1002 width=0)
	              Index Cond: ((id >= 1228349) AND (id <= 1229348))

table 4 : explain SELECT c FROM sbtest4 WHERE id BETWEEN 3619203 AND 3620202 ORDER BY c
	Sort  (cost=4125.31..4127.94 rows=1052 width=121)
	  Sort Key: c
	  ->  Bitmap Heap Scan on sbtest4  (cost=31.22..4072.50 rows=1052 width=121)
	        Recheck Cond: ((id >= 3619203) AND (id <= 3620202))
	        ->  Bitmap Index Scan on sbtest4_pkey  (cost=0.00..30.95 rows=1052 width=0)
	              Index Cond: ((id >= 3619203) AND (id <= 3620202))

table 5 : explain SELECT c FROM sbtest5 WHERE id BETWEEN 2800955 AND 2801954 ORDER BY c
	Sort  (cost=4200.67..4203.35 rows=1073 width=121)
	  Sort Key: c
	  ->  Bitmap Heap Scan on sbtest5  (cost=31.43..4146.66 rows=1073 width=121)
	        Recheck Cond: ((id >= 2800955) AND (id <= 2801954))
	        ->  Bitmap Index Scan on sbtest5_pkey  (cost=0.00..31.16 rows=1073 width=0)
	              Index Cond: ((id >= 2800955) AND (id <= 2801954))

table 6 : explain SELECT c FROM sbtest6 WHERE id BETWEEN 5642984 AND 5643983 ORDER BY c
	Sort  (cost=3731.57..3733.94 rows=950 width=121)
	  Sort Key: c
	  ->  Bitmap Heap Scan on sbtest6  (cost=30.17..3684.58 rows=950 width=121)
	        Recheck Cond: ((id >= 5642984) AND (id <= 5643983))
	        ->  Bitmap Index Scan on sbtest6_pkey  (cost=0.00..29.93 rows=950 width=0)
	              Index Cond: ((id >= 5642984) AND (id <= 5643983))

table 7 : explain SELECT c FROM sbtest7 WHERE id BETWEEN 7459461 AND 7460460 ORDER BY c
	Sort  (cost=4138.53..4141.17 rows=1055 width=121)
	  Sort Key: c
	  ->  Bitmap Heap Scan on sbtest7  (cost=31.25..4085.56 rows=1055 width=121)
	        Recheck Cond: ((id >= 7459461) AND (id <= 7460460))
	        ->  Bitmap Index Scan on sbtest7_pkey  (cost=0.00..30.98 rows=1055 width=0)
	              Index Cond: ((id >= 7459461) AND (id <= 7460460))

table 8 : explain SELECT c FROM sbtest8 WHERE id BETWEEN 3022569 AND 3023568 ORDER BY c
	Sort  (cost=4104.51..4107.13 rows=1048 width=121)
	  Sort Key: c
	  ->  Bitmap Heap Scan on sbtest8  (cost=31.18..4051.93 rows=1048 width=121)
	        Recheck Cond: ((id >= 3022569) AND (id <= 3023568))
	        ->  Bitmap Index Scan on sbtest8_pkey  (cost=0.00..30.91 rows=1048 width=0)
	              Index Cond: ((id >= 3022569) AND (id <= 3023568))

for point_selects
table 1 : explain SELECT c FROM sbtest1 WHERE id=5754174
	Index Scan using sbtest1_pkey on sbtest1  (cost=0.43..8.45 rows=1 width=121)
	  Index Cond: (id = 5754174)

table 2 : explain SELECT c FROM sbtest2 WHERE id=3559030
	Index Scan using sbtest2_pkey on sbtest2  (cost=0.43..8.45 rows=1 width=121)
	  Index Cond: (id = 3559030)

table 3 : explain SELECT c FROM sbtest3 WHERE id=2300560
	Index Scan using sbtest3_pkey on sbtest3  (cost=0.43..8.45 rows=1 width=121)
	  Index Cond: (id = 2300560)

table 4 : explain SELECT c FROM sbtest4 WHERE id=1171593
	Index Scan using sbtest4_pkey on sbtest4  (cost=0.43..8.45 rows=1 width=121)
	  Index Cond: (id = 1171593)

table 5 : explain SELECT c FROM sbtest5 WHERE id=6543657
	Index Scan using sbtest5_pkey on sbtest5  (cost=0.43..8.45 rows=1 width=121)
	  Index Cond: (id = 6543657)

table 6 : explain SELECT c FROM sbtest6 WHERE id=9104925
	Index Scan using sbtest6_pkey on sbtest6  (cost=0.43..8.45 rows=1 width=121)
	  Index Cond: (id = 9104925)

table 7 : explain SELECT c FROM sbtest7 WHERE id=8052396
	Index Scan using sbtest7_pkey on sbtest7  (cost=0.43..8.45 rows=1 width=121)
	  Index Cond: (id = 8052396)

table 8 : explain SELECT c FROM sbtest8 WHERE id=4506902
	Index Scan using sbtest8_pkey on sbtest8  (cost=0.43..8.45 rows=1 width=121)
	  Index Cond: (id = 4506902)

for: simple_ranges
table 1 : explain SELECT c FROM sbtest1 WHERE id BETWEEN 1426980 AND 1427979
	Bitmap Heap Scan on sbtest1  (cost=31.23..4072.23 rows=1053 width=121)
	  Recheck Cond: ((id >= 1426980) AND (id <= 1427979))
	  ->  Bitmap Index Scan on sbtest1_pkey  (cost=0.00..30.96 rows=1053 width=0)
	        Index Cond: ((id >= 1426980) AND (id <= 1427979))

table 2 : explain SELECT c FROM sbtest2 WHERE id BETWEEN 9659210 AND 9660209
	Bitmap Heap Scan on sbtest2  (cost=30.44..3780.76 rows=976 width=121)
	  Recheck Cond: ((id >= 9659210) AND (id <= 9660209))
	  ->  Bitmap Index Scan on sbtest2_pkey  (cost=0.00..30.19 rows=976 width=0)
	        Index Cond: ((id >= 9659210) AND (id <= 9660209))

table 3 : explain SELECT c FROM sbtest3 WHERE id BETWEEN 7650101 AND 7651100
	Bitmap Heap Scan on sbtest3  (cost=31.44..4156.75 rows=1074 width=121)
	  Recheck Cond: ((id >= 7650101) AND (id <= 7651100))
	  ->  Bitmap Index Scan on sbtest3_pkey  (cost=0.00..31.18 rows=1074 width=0)
	        Index Cond: ((id >= 7650101) AND (id <= 7651100))

table 4 : explain SELECT c FROM sbtest4 WHERE id BETWEEN 7006466 AND 7007465
	Bitmap Heap Scan on sbtest4  (cost=25.58..3463.63 rows=892 width=121)
	  Recheck Cond: ((id >= 7006466) AND (id <= 7007465))
	  ->  Bitmap Index Scan on sbtest4_pkey  (cost=0.00..25.36 rows=892 width=0)
	        Index Cond: ((id >= 7006466) AND (id <= 7007465))

table 5 : explain SELECT c FROM sbtest5 WHERE id BETWEEN 8162609 AND 8163608
	Bitmap Heap Scan on sbtest5  (cost=26.22..3697.99 rows=955 width=121)
	  Recheck Cond: ((id >= 8162609) AND (id <= 8163608))
	  ->  Bitmap Index Scan on sbtest5_pkey  (cost=0.00..25.98 rows=955 width=0)
	        Index Cond: ((id >= 8162609) AND (id <= 8163608))

table 6 : explain SELECT c FROM sbtest6 WHERE id BETWEEN 101009 AND 102008
	Bitmap Heap Scan on sbtest6  (cost=25.70..3506.61 rows=904 width=121)
	  Recheck Cond: ((id >= 101009) AND (id <= 102008))
	  ->  Bitmap Index Scan on sbtest6_pkey  (cost=0.00..25.47 rows=904 width=0)
	        Index Cond: ((id >= 101009) AND (id <= 102008))

table 7 : explain SELECT c FROM sbtest7 WHERE id BETWEEN 8584265 AND 8585264
	Bitmap Heap Scan on sbtest7  (cost=30.46..3794.71 rows=978 width=121)
	  Recheck Cond: ((id >= 8584265) AND (id <= 8585264))
	  ->  Bitmap Index Scan on sbtest7_pkey  (cost=0.00..30.21 rows=978 width=0)
	        Index Cond: ((id >= 8584265) AND (id <= 8585264))

table 8 : explain SELECT c FROM sbtest8 WHERE id BETWEEN 7865674 AND 7866673
	Bitmap Heap Scan on sbtest8  (cost=25.47..3417.69 rows=881 width=121)
	  Recheck Cond: ((id >= 7865674) AND (id <= 7866673))
	  ->  Bitmap Index Scan on sbtest8_pkey  (cost=0.00..25.25 rows=881 width=0)
	        Index Cond: ((id >= 7865674) AND (id <= 7866673))

for point_selects
table 1 : explain SELECT c FROM sbtest1 WHERE id=9610085
	Index Scan using sbtest1_pkey on sbtest1  (cost=0.43..8.45 rows=1 width=121)
	  Index Cond: (id = 9610085)

table 2 : explain SELECT c FROM sbtest2 WHERE id=2108710
	Index Scan using sbtest2_pkey on sbtest2  (cost=0.43..8.45 rows=1 width=121)
	  Index Cond: (id = 2108710)

table 3 : explain SELECT c FROM sbtest3 WHERE id=9831692
	Index Scan using sbtest3_pkey on sbtest3  (cost=0.43..8.45 rows=1 width=121)
	  Index Cond: (id = 9831692)

table 4 : explain SELECT c FROM sbtest4 WHERE id=8365841
	Index Scan using sbtest4_pkey on sbtest4  (cost=0.43..8.45 rows=1 width=121)
	  Index Cond: (id = 8365841)

table 5 : explain SELECT c FROM sbtest5 WHERE id=8029887
	Index Scan using sbtest5_pkey on sbtest5  (cost=0.43..8.45 rows=1 width=121)
	  Index Cond: (id = 8029887)

table 6 : explain SELECT c FROM sbtest6 WHERE id=3702120
	Index Scan using sbtest6_pkey on sbtest6  (cost=0.43..8.45 rows=1 width=121)
	  Index Cond: (id = 3702120)

table 7 : explain SELECT c FROM sbtest7 WHERE id=8555308
	Index Scan using sbtest7_pkey on sbtest7  (cost=0.43..8.45 rows=1 width=121)
	  Index Cond: (id = 8555308)

table 8 : explain SELECT c FROM sbtest8 WHERE id=813878
	Index Scan using sbtest8_pkey on sbtest8  (cost=0.43..8.45 rows=1 width=121)
	  Index Cond: (id = 813878)

for: sum_ranges
table 1 : explain SELECT SUM(k) FROM sbtest1 WHERE id BETWEEN 5017559 AND 5018558
	Aggregate  (cost=3931.62..3931.63 rows=1 width=8)
	  ->  Bitmap Heap Scan on sbtest1  (cost=30.84..3929.08 rows=1015 width=4)
	        Recheck Cond: ((id >= 5017559) AND (id <= 5018558))
	        ->  Bitmap Index Scan on sbtest1_pkey  (cost=0.00..30.58 rows=1015 width=0)
	              Index Cond: ((id >= 5017559) AND (id <= 5018558))

table 2 : explain SELECT SUM(k) FROM sbtest2 WHERE id BETWEEN 1171129 AND 1172128
	Aggregate  (cost=3745.44..3745.45 rows=1 width=8)
	  ->  Bitmap Heap Scan on sbtest2  (cost=30.34..3743.03 rows=966 width=4)
	        Recheck Cond: ((id >= 1171129) AND (id <= 1172128))
	        ->  Bitmap Index Scan on sbtest2_pkey  (cost=0.00..30.09 rows=966 width=0)
	              Index Cond: ((id >= 1171129) AND (id <= 1172128))

table 3 : explain SELECT SUM(k) FROM sbtest3 WHERE id BETWEEN 3629576 AND 3630575
	Aggregate  (cost=3883.75..3883.76 rows=1 width=8)
	  ->  Bitmap Heap Scan on sbtest3  (cost=30.70..3881.24 rows=1001 width=4)
	        Recheck Cond: ((id >= 3629576) AND (id <= 3630575))
	        ->  Bitmap Index Scan on sbtest3_pkey  (cost=0.00..30.44 rows=1001 width=0)
	              Index Cond: ((id >= 3629576) AND (id <= 3630575))

table 4 : explain SELECT SUM(k) FROM sbtest4 WHERE id BETWEEN 9598211 AND 9599210
	Aggregate  (cost=3920.34..3920.35 rows=1 width=8)
	  ->  Bitmap Heap Scan on sbtest4  (cost=30.80..3917.81 rows=1011 width=4)
	        Recheck Cond: ((id >= 9598211) AND (id <= 9599210))
	        ->  Bitmap Index Scan on sbtest4_pkey  (cost=0.00..30.54 rows=1011 width=0)
	              Index Cond: ((id >= 9598211) AND (id <= 9599210))

table 5 : explain SELECT SUM(k) FROM sbtest5 WHERE id BETWEEN 6537837 AND 6538836
	Aggregate  (cost=4051.45..4051.46 rows=1 width=8)
	  ->  Bitmap Heap Scan on sbtest5  (cost=31.17..4048.83 rows=1047 width=4)
	        Recheck Cond: ((id >= 6537837) AND (id <= 6538836))
	        ->  Bitmap Index Scan on sbtest5_pkey  (cost=0.00..30.90 rows=1047 width=0)
	              Index Cond: ((id >= 6537837) AND (id <= 6538836))

table 6 : explain SELECT SUM(k) FROM sbtest6 WHERE id BETWEEN 9347725 AND 9348724
	Aggregate  (cost=3932.48..3932.49 rows=1 width=8)
	  ->  Bitmap Heap Scan on sbtest6  (cost=30.84..3929.94 rows=1015 width=4)
	        Recheck Cond: ((id >= 9347725) AND (id <= 9348724))
	        ->  Bitmap Index Scan on sbtest6_pkey  (cost=0.00..30.58 rows=1015 width=0)
	              Index Cond: ((id >= 9347725) AND (id <= 9348724))

table 7 : explain SELECT SUM(k) FROM sbtest7 WHERE id BETWEEN 4558915 AND 4559914
	Aggregate  (cost=3834.99..3835.00 rows=1 width=8)
	  ->  Bitmap Heap Scan on sbtest7  (cost=30.56..3832.52 rows=988 width=4)
	        Recheck Cond: ((id >= 4558915) AND (id <= 4559914))
	        ->  Bitmap Index Scan on sbtest7_pkey  (cost=0.00..30.32 rows=988 width=0)
	              Index Cond: ((id >= 4558915) AND (id <= 4559914))

table 8 : explain SELECT SUM(k) FROM sbtest8 WHERE id BETWEEN 5409491 AND 5410490
	Aggregate  (cost=3730.24..3730.25 rows=1 width=8)
	  ->  Bitmap Heap Scan on sbtest8  (cost=30.30..3727.83 rows=962 width=4)
	        Recheck Cond: ((id >= 5409491) AND (id <= 5410490))
	        ->  Bitmap Index Scan on sbtest8_pkey  (cost=0.00..30.05 rows=962 width=0)
	              Index Cond: ((id >= 5409491) AND (id <= 5410490))

for point_selects
table 1 : explain SELECT c FROM sbtest1 WHERE id=8874750
	Index Scan using sbtest1_pkey on sbtest1  (cost=0.43..8.45 rows=1 width=121)
	  Index Cond: (id = 8874750)

table 2 : explain SELECT c FROM sbtest2 WHERE id=8170093
	Index Scan using sbtest2_pkey on sbtest2  (cost=0.43..8.45 rows=1 width=121)
	  Index Cond: (id = 8170093)

table 3 : explain SELECT c FROM sbtest3 WHERE id=2435896
	Index Scan using sbtest3_pkey on sbtest3  (cost=0.43..8.45 rows=1 width=121)
	  Index Cond: (id = 2435896)

table 4 : explain SELECT c FROM sbtest4 WHERE id=4404018
	Index Scan using sbtest4_pkey on sbtest4  (cost=0.43..8.45 rows=1 width=121)
	  Index Cond: (id = 4404018)

table 5 : explain SELECT c FROM sbtest5 WHERE id=6733623
	Index Scan using sbtest5_pkey on sbtest5  (cost=0.43..8.45 rows=1 width=121)
	  Index Cond: (id = 6733623)

table 6 : explain SELECT c FROM sbtest6 WHERE id=7516989
	Index Scan using sbtest6_pkey on sbtest6  (cost=0.43..8.45 rows=1 width=121)
	  Index Cond: (id = 7516989)

table 7 : explain SELECT c FROM sbtest7 WHERE id=317925
	Index Scan using sbtest7_pkey on sbtest7  (cost=0.43..8.45 rows=1 width=121)
	  Index Cond: (id = 317925)

table 8 : explain SELECT c FROM sbtest8 WHERE id=4697837
	Index Scan using sbtest8_pkey on sbtest8  (cost=0.43..8.45 rows=1 width=121)
	  Index Cond: (id = 4697837)

for: distinct_ranges
table 1 : explain SELECT DISTINCT c FROM sbtest1 WHERE id BETWEEN 4006529 AND 4007528 ORDER BY c
	Unique  (cost=3592.51..3597.09 rows=915 width=121)
	  ->  Sort  (cost=3592.51..3594.80 rows=915 width=121)
	        Sort Key: c
	        ->  Bitmap Heap Scan on sbtest1  (cost=25.81..3547.50 rows=915 width=121)
	              Recheck Cond: ((id >= 4006529) AND (id <= 4007528))
	              ->  Bitmap Index Scan on sbtest1_pkey  (cost=0.00..25.58 rows=915 width=0)
	                    Index Cond: ((id >= 4006529) AND (id <= 4007528))

table 2 : explain SELECT DISTINCT c FROM sbtest2 WHERE id BETWEEN 1055292 AND 1056291 ORDER BY c
	Unique  (cost=3537.68..3542.18 rows=901 width=121)
	  ->  Sort  (cost=3537.68..3539.93 rows=901 width=121)
	        Sort Key: c
	        ->  Bitmap Heap Scan on sbtest2  (cost=25.67..3493.46 rows=901 width=121)
	              Recheck Cond: ((id >= 1055292) AND (id <= 1056291))
	              ->  Bitmap Index Scan on sbtest2_pkey  (cost=0.00..25.44 rows=901 width=0)
	                    Index Cond: ((id >= 1055292) AND (id <= 1056291))

table 3 : explain SELECT DISTINCT c FROM sbtest3 WHERE id BETWEEN 8832284 AND 8833283 ORDER BY c
	Unique  (cost=4310.47..4315.96 rows=1099 width=121)
	  ->  Sort  (cost=4310.47..4313.22 rows=1099 width=121)
	        Sort Key: c
	        ->  Bitmap Heap Scan on sbtest3  (cost=35.70..4254.96 rows=1099 width=121)
	              Recheck Cond: ((id >= 8832284) AND (id <= 8833283))
	              ->  Bitmap Index Scan on sbtest3_pkey  (cost=0.00..35.43 rows=1099 width=0)
	                    Index Cond: ((id >= 8832284) AND (id <= 8833283))

table 4 : explain SELECT DISTINCT c FROM sbtest4 WHERE id BETWEEN 8682733 AND 8683732 ORDER BY c
	Unique  (cost=3684.17..3688.86 rows=938 width=121)
	  ->  Sort  (cost=3684.17..3686.52 rows=938 width=121)
	        Sort Key: c
	        ->  Bitmap Heap Scan on sbtest4  (cost=26.05..3637.86 rows=938 width=121)
	              Recheck Cond: ((id >= 8682733) AND (id <= 8683732))
	              ->  Bitmap Index Scan on sbtest4_pkey  (cost=0.00..25.82 rows=938 width=0)
	                    Index Cond: ((id >= 8682733) AND (id <= 8683732))

table 5 : explain SELECT DISTINCT c FROM sbtest5 WHERE id BETWEEN 4417600 AND 4418599 ORDER BY c
	Unique  (cost=3726.09..3730.84 rows=950 width=121)
	  ->  Sort  (cost=3726.09..3728.47 rows=950 width=121)
	        Sort Key: c
	        ->  Bitmap Heap Scan on sbtest5  (cost=26.17..3679.11 rows=950 width=121)
	              Recheck Cond: ((id >= 4417600) AND (id <= 4418599))
	              ->  Bitmap Index Scan on sbtest5_pkey  (cost=0.00..25.93 rows=950 width=0)
	                    Index Cond: ((id >= 4417600) AND (id <= 4418599))

table 6 : explain SELECT DISTINCT c FROM sbtest6 WHERE id BETWEEN 8220800 AND 8221799 ORDER BY c
	Unique  (cost=4133.64..4138.92 rows=1055 width=121)
	  ->  Sort  (cost=4133.64..4136.28 rows=1055 width=121)
	        Sort Key: c
	        ->  Bitmap Heap Scan on sbtest6  (cost=31.25..4080.67 rows=1055 width=121)
	              Recheck Cond: ((id >= 8220800) AND (id <= 8221799))
	              ->  Bitmap Index Scan on sbtest6_pkey  (cost=0.00..30.98 rows=1055 width=0)
	                    Index Cond: ((id >= 8220800) AND (id <= 8221799))

table 7 : explain SELECT DISTINCT c FROM sbtest7 WHERE id BETWEEN 7501502 AND 7502501 ORDER BY c
	Unique  (cost=4138.53..4143.81 rows=1055 width=121)
	  ->  Sort  (cost=4138.53..4141.17 rows=1055 width=121)
	        Sort Key: c
	        ->  Bitmap Heap Scan on sbtest7  (cost=31.25..4085.56 rows=1055 width=121)
	              Recheck Cond: ((id >= 7501502) AND (id <= 7502501))
	              ->  Bitmap Index Scan on sbtest7_pkey  (cost=0.00..30.98 rows=1055 width=0)
	                    Index Cond: ((id >= 7501502) AND (id <= 7502501))

table 8 : explain SELECT DISTINCT c FROM sbtest8 WHERE id BETWEEN 4347620 AND 4348619 ORDER BY c
	Unique  (cost=3859.75..3864.67 rows=984 width=121)
	  ->  Sort  (cost=3859.75..3862.21 rows=984 width=121)
	        Sort Key: c
	        ->  Bitmap Heap Scan on sbtest8  (cost=30.52..3810.83 rows=984 width=121)
	              Recheck Cond: ((id >= 4347620) AND (id <= 4348619))
	              ->  Bitmap Index Scan on sbtest8_pkey  (cost=0.00..30.27 rows=984 width=0)
	                    Index Cond: ((id >= 4347620) AND (id <= 4348619))

for: simple_ranges
table 1 : explain SELECT c FROM sbtest1 WHERE id BETWEEN 2383253 AND 2384252
	Bitmap Heap Scan on sbtest1  (cost=30.88..3944.16 rows=1019 width=121)
	  Recheck Cond: ((id >= 2383253) AND (id <= 2384252))
	  ->  Bitmap Index Scan on sbtest1_pkey  (cost=0.00..30.62 rows=1019 width=0)
	        Index Cond: ((id >= 2383253) AND (id <= 2384252))

table 2 : explain SELECT c FROM sbtest2 WHERE id BETWEEN 5098954 AND 5099953
	Bitmap Heap Scan on sbtest2  (cost=30.72..3882.57 rows=1003 width=121)
	  Recheck Cond: ((id >= 5098954) AND (id <= 5099953))
	  ->  Bitmap Index Scan on sbtest2_pkey  (cost=0.00..30.46 rows=1003 width=0)
	        Index Cond: ((id >= 5098954) AND (id <= 5099953))

table 3 : explain SELECT c FROM sbtest3 WHERE id BETWEEN 4216810 AND 4217809
	Bitmap Heap Scan on sbtest3  (cost=31.14..4043.61 rows=1044 width=121)
	  Recheck Cond: ((id >= 4216810) AND (id <= 4217809))
	  ->  Bitmap Index Scan on sbtest3_pkey  (cost=0.00..30.87 rows=1044 width=0)
	        Index Cond: ((id >= 4216810) AND (id <= 4217809))

table 4 : explain SELECT c FROM sbtest4 WHERE id BETWEEN 4116459 AND 4117458
	Bitmap Heap Scan on sbtest4  (cost=31.16..4049.88 rows=1046 width=121)
	  Recheck Cond: ((id >= 4116459) AND (id <= 4117458))
	  ->  Bitmap Index Scan on sbtest4_pkey  (cost=0.00..30.89 rows=1046 width=0)
	        Index Cond: ((id >= 4116459) AND (id <= 4117458))

table 5 : explain SELECT c FROM sbtest5 WHERE id BETWEEN 2411827 AND 2412826
	Bitmap Heap Scan on sbtest5  (cost=26.12..3660.22 rows=945 width=121)
	  Recheck Cond: ((id >= 2411827) AND (id <= 2412826))
	  ->  Bitmap Index Scan on sbtest5_pkey  (cost=0.00..25.89 rows=945 width=0)
	        Index Cond: ((id >= 2411827) AND (id <= 2412826))

table 6 : explain SELECT c FROM sbtest6 WHERE id BETWEEN 5199312 AND 5200311
	Bitmap Heap Scan on sbtest6  (cost=30.41..3771.46 rows=973 width=121)
	  Recheck Cond: ((id >= 5199312) AND (id <= 5200311))
	  ->  Bitmap Index Scan on sbtest6_pkey  (cost=0.00..30.16 rows=973 width=0)
	        Index Cond: ((id >= 5199312) AND (id <= 5200311))

table 7 : explain SELECT c FROM sbtest7 WHERE id BETWEEN 7674899 AND 7675898
	Bitmap Heap Scan on sbtest7  (cost=29.78..3544.82 rows=912 width=121)
	  Recheck Cond: ((id >= 7674899) AND (id <= 7675898))
	  ->  Bitmap Index Scan on sbtest7_pkey  (cost=0.00..29.55 rows=912 width=0)
	        Index Cond: ((id >= 7674899) AND (id <= 7675898))

table 8 : explain SELECT c FROM sbtest8 WHERE id BETWEEN 1085217 AND 1086216
	Bitmap Heap Scan on sbtest8  (cost=30.48..3795.75 rows=980 width=121)
	  Recheck Cond: ((id >= 1085217) AND (id <= 1086216))
	  ->  Bitmap Index Scan on sbtest8_pkey  (cost=0.00..30.23 rows=980 width=0)
	        Index Cond: ((id >= 1085217) AND (id <= 1086216))

for point_selects
table 1 : explain SELECT c FROM sbtest1 WHERE id=6241314
	Index Scan using sbtest1_pkey on sbtest1  (cost=0.43..8.45 rows=1 width=121)
	  Index Cond: (id = 6241314)

table 2 : explain SELECT c FROM sbtest2 WHERE id=3238547
	Index Scan using sbtest2_pkey on sbtest2  (cost=0.43..8.45 rows=1 width=121)
	  Index Cond: (id = 3238547)

table 3 : explain SELECT c FROM sbtest3 WHERE id=7370425
	Index Scan using sbtest3_pkey on sbtest3  (cost=0.43..8.45 rows=1 width=121)
	  Index Cond: (id = 7370425)

table 4 : explain SELECT c FROM sbtest4 WHERE id=3646495
	Index Scan using sbtest4_pkey on sbtest4  (cost=0.43..8.45 rows=1 width=121)
	  Index Cond: (id = 3646495)

table 5 : explain SELECT c FROM sbtest5 WHERE id=9120166
	Index Scan using sbtest5_pkey on sbtest5  (cost=0.43..8.45 rows=1 width=121)
	  Index Cond: (id = 9120166)

table 6 : explain SELECT c FROM sbtest6 WHERE id=5910623
	Index Scan using sbtest6_pkey on sbtest6  (cost=0.43..8.45 rows=1 width=121)
	  Index Cond: (id = 5910623)

table 7 : explain SELECT c FROM sbtest7 WHERE id=202746
	Index Scan using sbtest7_pkey on sbtest7  (cost=0.43..8.45 rows=1 width=121)
	  Index Cond: (id = 202746)

table 8 : explain SELECT c FROM sbtest8 WHERE id=2577477
	Index Scan using sbtest8_pkey on sbtest8  (cost=0.43..8.45 rows=1 width=121)
	  Index Cond: (id = 2577477)

for: order_ranges
table 1 : explain SELECT c FROM sbtest1 WHERE id BETWEEN 3219498 AND 3220497 ORDER BY c
	Sort  (cost=3776.79..3779.20 rows=962 width=121)
	  Sort Key: c
	  ->  Bitmap Heap Scan on sbtest1  (cost=30.30..3729.13 rows=962 width=121)
	        Recheck Cond: ((id >= 3219498) AND (id <= 3220497))
	        ->  Bitmap Index Scan on sbtest1_pkey  (cost=0.00..30.05 rows=962 width=0)
	              Index Cond: ((id >= 3219498) AND (id <= 3220497))

table 2 : explain SELECT c FROM sbtest2 WHERE id BETWEEN 433491 AND 434490 ORDER BY c
	Sort  (cost=4238.27..4240.98 rows=1083 width=121)
	  Sort Key: c
	  ->  Bitmap Heap Scan on sbtest2  (cost=31.54..4183.68 rows=1083 width=121)
	        Recheck Cond: ((id >= 433491) AND (id <= 434490))
	        ->  Bitmap Index Scan on sbtest2_pkey  (cost=0.00..31.26 rows=1083 width=0)
	              Index Cond: ((id >= 433491) AND (id <= 434490))

table 3 : explain SELECT c FROM sbtest3 WHERE id BETWEEN 7934053 AND 7935052 ORDER BY c
	Sort  (cost=3892.77..3895.25 rows=991 width=121)
	  Sort Key: c
	  ->  Bitmap Heap Scan on sbtest3  (cost=30.59..3843.45 rows=991 width=121)
	        Recheck Cond: ((id >= 7934053) AND (id <= 7935052))
	        ->  Bitmap Index Scan on sbtest3_pkey  (cost=0.00..30.34 rows=991 width=0)
	              Index Cond: ((id >= 7934053) AND (id <= 7935052))

table 4 : explain SELECT c FROM sbtest4 WHERE id BETWEEN 9113511 AND 9114510 ORDER BY c
	Sort  (cost=3799.52..3801.93 rows=967 width=121)
	  Sort Key: c
	  ->  Bitmap Heap Scan on sbtest4  (cost=30.35..3751.57 rows=967 width=121)
	        Recheck Cond: ((id >= 9113511) AND (id <= 9114510))
	        ->  Bitmap Index Scan on sbtest4_pkey  (cost=0.00..30.11 rows=967 width=0)
	              Index Cond: ((id >= 9113511) AND (id <= 9114510))

table 5 : explain SELECT c FROM sbtest5 WHERE id BETWEEN 8523977 AND 8524976 ORDER BY c
	Sort  (cost=3990.47..3993.02 rows=1018 width=121)
	  Sort Key: c
	  ->  Bitmap Heap Scan on sbtest5  (cost=30.87..3939.61 rows=1018 width=121)
	        Recheck Cond: ((id >= 8523977) AND (id <= 8524976))
	        ->  Bitmap Index Scan on sbtest5_pkey  (cost=0.00..30.61 rows=1018 width=0)
	              Index Cond: ((id >= 8523977) AND (id <= 8524976))

table 6 : explain SELECT c FROM sbtest6 WHERE id BETWEEN 8449167 AND 8450166 ORDER BY c
	Sort  (cost=3792.92..3795.34 rows=966 width=121)
	  Sort Key: c
	  ->  Bitmap Heap Scan on sbtest6  (cost=30.34..3745.03 rows=966 width=121)
	        Recheck Cond: ((id >= 8449167) AND (id <= 8450166))
	        ->  Bitmap Index Scan on sbtest6_pkey  (cost=0.00..30.09 rows=966 width=0)
	              Index Cond: ((id >= 8449167) AND (id <= 8450166))

table 7 : explain SELECT c FROM sbtest7 WHERE id BETWEEN 4409109 AND 4410108 ORDER BY c
	Sort  (cost=4222.77..4225.46 rows=1077 width=121)
	  Sort Key: c
	  ->  Bitmap Heap Scan on sbtest7  (cost=31.47..4168.53 rows=1077 width=121)
	        Recheck Cond: ((id >= 4409109) AND (id <= 4410108))
	        ->  Bitmap Index Scan on sbtest7_pkey  (cost=0.00..31.20 rows=1077 width=0)
	              Index Cond: ((id >= 4409109) AND (id <= 4410108))

table 8 : explain SELECT c FROM sbtest8 WHERE id BETWEEN 8986495 AND 8987494 ORDER BY c
	Sort  (cost=4306.83..4309.58 rows=1101 width=121)
	  Sort Key: c
	  ->  Bitmap Heap Scan on sbtest8  (cost=31.72..4251.20 rows=1101 width=121)
	        Recheck Cond: ((id >= 8986495) AND (id <= 8987494))
	        ->  Bitmap Index Scan on sbtest8_pkey  (cost=0.00..31.44 rows=1101 width=0)
	              Index Cond: ((id >= 8986495) AND (id <= 8987494))

for: sum_ranges
table 1 : explain SELECT SUM(k) FROM sbtest1 WHERE id BETWEEN 2228168 AND 2229167
	Aggregate  (cost=3432.40..3432.41 rows=1 width=8)
	  ->  Bitmap Heap Scan on sbtest1  (cost=25.50..3430.19 rows=884 width=4)
	        Recheck Cond: ((id >= 2228168) AND (id <= 2229167))
	        ->  Bitmap Index Scan on sbtest1_pkey  (cost=0.00..25.27 rows=884 width=0)
	              Index Cond: ((id >= 2228168) AND (id <= 2229167))

table 2 : explain SELECT SUM(k) FROM sbtest2 WHERE id BETWEEN 2665795 AND 2666794
	Aggregate  (cost=3685.01..3685.02 rows=1 width=8)
	  ->  Bitmap Heap Scan on sbtest2  (cost=30.17..3682.63 rows=950 width=4)
	        Recheck Cond: ((id >= 2665795) AND (id <= 2666794))
	        ->  Bitmap Index Scan on sbtest2_pkey  (cost=0.00..29.93 rows=950 width=0)
	              Index Cond: ((id >= 2665795) AND (id <= 2666794))

table 3 : explain SELECT SUM(k) FROM sbtest3 WHERE id BETWEEN 7074057 AND 7075056
	Aggregate  (cost=3656.66..3656.67 rows=1 width=8)
	  ->  Bitmap Heap Scan on sbtest3  (cost=30.08..3654.31 rows=941 width=4)
	        Recheck Cond: ((id >= 7074057) AND (id <= 7075056))
	        ->  Bitmap Index Scan on sbtest3_pkey  (cost=0.00..29.84 rows=941 width=0)
	              Index Cond: ((id >= 7074057) AND (id <= 7075056))

table 4 : explain SELECT SUM(k) FROM sbtest4 WHERE id BETWEEN 6703148 AND 6704147
	Aggregate  (cost=3920.34..3920.35 rows=1 width=8)
	  ->  Bitmap Heap Scan on sbtest4  (cost=30.80..3917.81 rows=1011 width=4)
	        Recheck Cond: ((id >= 6703148) AND (id <= 6704147))
	        ->  Bitmap Index Scan on sbtest4_pkey  (cost=0.00..30.54 rows=1011 width=0)
	              Index Cond: ((id >= 6703148) AND (id <= 6704147))

table 5 : explain SELECT SUM(k) FROM sbtest5 WHERE id BETWEEN 4713822 AND 4714821
	Aggregate  (cost=3828.99..3829.00 rows=1 width=8)
	  ->  Bitmap Heap Scan on sbtest5  (cost=30.56..3826.52 rows=988 width=4)
	        Recheck Cond: ((id >= 4713822) AND (id <= 4714821))
	        ->  Bitmap Index Scan on sbtest5_pkey  (cost=0.00..30.32 rows=988 width=0)
	              Index Cond: ((id >= 4713822) AND (id <= 4714821))

table 6 : explain SELECT SUM(k) FROM sbtest6 WHERE id BETWEEN 304776 AND 305775
	Aggregate  (cost=3932.48..3932.49 rows=1 width=8)
	  ->  Bitmap Heap Scan on sbtest6  (cost=30.84..3929.94 rows=1015 width=4)
	        Recheck Cond: ((id >= 304776) AND (id <= 305775))
	        ->  Bitmap Index Scan on sbtest6_pkey  (cost=0.00..30.58 rows=1015 width=0)
	              Index Cond: ((id >= 304776) AND (id <= 305775))

table 7 : explain SELECT SUM(k) FROM sbtest7 WHERE id BETWEEN 9463248 AND 9464247
	Aggregate  (cost=3638.09..3638.10 rows=1 width=8)
	  ->  Bitmap Heap Scan on sbtest7  (cost=30.03..3635.75 rows=936 width=4)
	        Recheck Cond: ((id >= 9463248) AND (id <= 9464247))
	        ->  Bitmap Index Scan on sbtest7_pkey  (cost=0.00..29.79 rows=936 width=0)
	              Index Cond: ((id >= 9463248) AND (id <= 9464247))

table 8 : explain SELECT SUM(k) FROM sbtest8 WHERE id BETWEEN 9486960 AND 9487959
	Aggregate  (cost=3575.29..3575.30 rows=1 width=8)
	  ->  Bitmap Heap Scan on sbtest8  (cost=29.88..3572.98 rows=921 width=4)
	        Recheck Cond: ((id >= 9486960) AND (id <= 9487959))
	        ->  Bitmap Index Scan on sbtest8_pkey  (cost=0.00..29.64 rows=921 width=0)
	              Index Cond: ((id >= 9486960) AND (id <= 9487959))

for: order_ranges
table 1 : explain SELECT c FROM sbtest1 WHERE id BETWEEN 4438795 AND 4439794 ORDER BY c
	Sort  (cost=3933.84..3936.35 rows=1003 width=121)
	  Sort Key: c
	  ->  Bitmap Heap Scan on sbtest1  (cost=30.72..3883.84 rows=1003 width=121)
	        Recheck Cond: ((id >= 4438795) AND (id <= 4439794))
	        ->  Bitmap Index Scan on sbtest1_pkey  (cost=0.00..30.46 rows=1003 width=0)
	              Index Cond: ((id >= 4438795) AND (id <= 4439794))

table 2 : explain SELECT c FROM sbtest2 WHERE id BETWEEN 271908 AND 272907 ORDER BY c
	Sort  (cost=3491.60..3493.82 rows=889 width=121)
	  Sort Key: c
	  ->  Bitmap Heap Scan on sbtest2  (cost=25.55..3448.06 rows=889 width=121)
	        Recheck Cond: ((id >= 271908) AND (id <= 272907))
	        ->  Bitmap Index Scan on sbtest2_pkey  (cost=0.00..25.32 rows=889 width=0)
	              Index Cond: ((id >= 271908) AND (id <= 272907))

table 3 : explain SELECT c FROM sbtest3 WHERE id BETWEEN 4270537 AND 4271536 ORDER BY c
	Sort  (cost=4095.95..4098.56 rows=1044 width=121)
	  Sort Key: c
	  ->  Bitmap Heap Scan on sbtest3  (cost=31.14..4043.61 rows=1044 width=121)
	        Recheck Cond: ((id >= 4270537) AND (id <= 4271536))
	        ->  Bitmap Index Scan on sbtest3_pkey  (cost=0.00..30.87 rows=1044 width=0)
	              Index Cond: ((id >= 4270537) AND (id <= 4271536))

table 4 : explain SELECT c FROM sbtest4 WHERE id BETWEEN 6916560 AND 6917559 ORDER BY c
	Sort  (cost=3699.69..3702.05 rows=941 width=121)
	  Sort Key: c
	  ->  Bitmap Heap Scan on sbtest4  (cost=30.08..3653.22 rows=941 width=121)
	        Recheck Cond: ((id >= 6916560) AND (id <= 6917559))
	        ->  Bitmap Index Scan on sbtest4_pkey  (cost=0.00..29.84 rows=941 width=0)
	              Index Cond: ((id >= 6916560) AND (id <= 6917559))

table 5 : explain SELECT c FROM sbtest5 WHERE id BETWEEN 5633627 AND 5634626 ORDER BY c
	Sort  (cost=3933.08..3935.59 rows=1003 width=121)
	  Sort Key: c
	  ->  Bitmap Heap Scan on sbtest5  (cost=30.72..3883.08 rows=1003 width=121)
	        Recheck Cond: ((id >= 5633627) AND (id <= 5634626))
	        ->  Bitmap Index Scan on sbtest5_pkey  (cost=0.00..30.46 rows=1003 width=0)
	              Index Cond: ((id >= 5633627) AND (id <= 5634626))

table 6 : explain SELECT c FROM sbtest6 WHERE id BETWEEN 7439114 AND 7440113 ORDER BY c
	Sort  (cost=4110.70..4113.32 rows=1049 width=121)
	  Sort Key: c
	  ->  Bitmap Heap Scan on sbtest6  (cost=31.19..4058.07 rows=1049 width=121)
	        Recheck Cond: ((id >= 7439114) AND (id <= 7440113))
	        ->  Bitmap Index Scan on sbtest6_pkey  (cost=0.00..30.93 rows=1049 width=0)
	              Index Cond: ((id >= 7439114) AND (id <= 7440113))

table 7 : explain SELECT c FROM sbtest7 WHERE id BETWEEN 2302371 AND 2303370 ORDER BY c
	Sort  (cost=4440.94..4443.77 rows=1133 width=121)
	  Sort Key: c
	  ->  Bitmap Heap Scan on sbtest7  (cost=36.05..4383.46 rows=1133 width=121)
	        Recheck Cond: ((id >= 2302371) AND (id <= 2303370))
	        ->  Bitmap Index Scan on sbtest7_pkey  (cost=0.00..35.77 rows=1133 width=0)
	              Index Cond: ((id >= 2302371) AND (id <= 2303370))

table 8 : explain SELECT c FROM sbtest8 WHERE id BETWEEN 1837869 AND 1838868 ORDER BY c
	Sort  (cost=3464.63..3466.83 rows=882 width=121)
	  Sort Key: c
	  ->  Bitmap Heap Scan on sbtest8  (cost=25.48..3421.48 rows=882 width=121)
	        Recheck Cond: ((id >= 1837869) AND (id <= 1838868))
	        ->  Bitmap Index Scan on sbtest8_pkey  (cost=0.00..25.25 rows=882 width=0)
	              Index Cond: ((id >= 1837869) AND (id <= 1838868))

for point_selects
table 1 : explain SELECT c FROM sbtest1 WHERE id=7633623
	Index Scan using sbtest1_pkey on sbtest1  (cost=0.43..8.45 rows=1 width=121)
	  Index Cond: (id = 7633623)

table 2 : explain SELECT c FROM sbtest2 WHERE id=7996996
	Index Scan using sbtest2_pkey on sbtest2  (cost=0.43..8.45 rows=1 width=121)
	  Index Cond: (id = 7996996)

table 3 : explain SELECT c FROM sbtest3 WHERE id=4225683
	Index Scan using sbtest3_pkey on sbtest3  (cost=0.43..8.45 rows=1 width=121)
	  Index Cond: (id = 4225683)

table 4 : explain SELECT c FROM sbtest4 WHERE id=6427187
	Index Scan using sbtest4_pkey on sbtest4  (cost=0.43..8.45 rows=1 width=121)
	  Index Cond: (id = 6427187)

table 5 : explain SELECT c FROM sbtest5 WHERE id=1637067
	Index Scan using sbtest5_pkey on sbtest5  (cost=0.43..8.45 rows=1 width=121)
	  Index Cond: (id = 1637067)

table 6 : explain SELECT c FROM sbtest6 WHERE id=1440430
	Index Scan using sbtest6_pkey on sbtest6  (cost=0.43..8.45 rows=1 width=121)
	  Index Cond: (id = 1440430)

table 7 : explain SELECT c FROM sbtest7 WHERE id=2741514
	Index Scan using sbtest7_pkey on sbtest7  (cost=0.43..8.45 rows=1 width=121)
	  Index Cond: (id = 2741514)

table 8 : explain SELECT c FROM sbtest8 WHERE id=6480595
	Index Scan using sbtest8_pkey on sbtest8  (cost=0.43..8.45 rows=1 width=121)
	  Index Cond: (id = 6480595)

for: simple_ranges
table 1 : explain SELECT c FROM sbtest1 WHERE id BETWEEN 5123836 AND 5124835
	Bitmap Heap Scan on sbtest1  (cost=25.81..3547.50 rows=915 width=121)
	  Recheck Cond: ((id >= 5123836) AND (id <= 5124835))
	  ->  Bitmap Index Scan on sbtest1_pkey  (cost=0.00..25.58 rows=915 width=0)
	        Index Cond: ((id >= 5123836) AND (id <= 5124835))

table 2 : explain SELECT c FROM sbtest2 WHERE id BETWEEN 5451120 AND 5452119
	Bitmap Heap Scan on sbtest2  (cost=31.21..4063.33 rows=1051 width=121)
	  Recheck Cond: ((id >= 5451120) AND (id <= 5452119))
	  ->  Bitmap Index Scan on sbtest2_pkey  (cost=0.00..30.94 rows=1051 width=0)
	        Index Cond: ((id >= 5451120) AND (id <= 5452119))

table 3 : explain SELECT c FROM sbtest3 WHERE id BETWEEN 535030 AND 536029
	Bitmap Heap Scan on sbtest3  (cost=31.11..4032.29 rows=1041 width=121)
	  Recheck Cond: ((id >= 535030) AND (id <= 536029))
	  ->  Bitmap Index Scan on sbtest3_pkey  (cost=0.00..30.84 rows=1041 width=0)
	        Index Cond: ((id >= 535030) AND (id <= 536029))

table 4 : explain SELECT c FROM sbtest4 WHERE id BETWEEN 3490172 AND 3491171
	Bitmap Heap Scan on sbtest4  (cost=30.63..3857.39 rows=995 width=121)
	  Recheck Cond: ((id >= 3490172) AND (id <= 3491171))
	  ->  Bitmap Index Scan on sbtest4_pkey  (cost=0.00..30.39 rows=995 width=0)
	        Index Cond: ((id >= 3490172) AND (id <= 3491171))

table 5 : explain SELECT c FROM sbtest5 WHERE id BETWEEN 5756793 AND 5757792
	Bitmap Heap Scan on sbtest5  (cost=30.75..3894.39 rows=1006 width=121)
	  Recheck Cond: ((id >= 5756793) AND (id <= 5757792))
	  ->  Bitmap Index Scan on sbtest5_pkey  (cost=0.00..30.50 rows=1006 width=0)
	        Index Cond: ((id >= 5756793) AND (id <= 5757792))

table 6 : explain SELECT c FROM sbtest6 WHERE id BETWEEN 3725843 AND 3726842
	Bitmap Heap Scan on sbtest6  (cost=25.75..3525.54 rows=909 width=121)
	  Recheck Cond: ((id >= 3725843) AND (id <= 3726842))
	  ->  Bitmap Index Scan on sbtest6_pkey  (cost=0.00..25.52 rows=909 width=0)
	        Index Cond: ((id >= 3725843) AND (id <= 3726842))

table 7 : explain SELECT c FROM sbtest7 WHERE id BETWEEN 6621950 AND 6622949
	Bitmap Heap Scan on sbtest7  (cost=30.26..3722.83 rows=959 width=121)
	  Recheck Cond: ((id >= 6621950) AND (id <= 6622949))
	  ->  Bitmap Index Scan on sbtest7_pkey  (cost=0.00..30.02 rows=959 width=0)
	        Index Cond: ((id >= 6621950) AND (id <= 6622949))

table 8 : explain SELECT c FROM sbtest8 WHERE id BETWEEN 8836662 AND 8837661
	Bitmap Heap Scan on sbtest8  (cost=30.76..3897.54 rows=1007 width=121)
	  Recheck Cond: ((id >= 8836662) AND (id <= 8837661))
	  ->  Bitmap Index Scan on sbtest8_pkey  (cost=0.00..30.50 rows=1007 width=0)
	        Index Cond: ((id >= 8836662) AND (id <= 8837661))

for: simple_ranges
table 1 : explain SELECT c FROM sbtest1 WHERE id BETWEEN 2669881 AND 2670880
	Bitmap Heap Scan on sbtest1  (cost=30.73..3887.61 rows=1004 width=121)
	  Recheck Cond: ((id >= 2669881) AND (id <= 2670880))
	  ->  Bitmap Index Scan on sbtest1_pkey  (cost=0.00..30.47 rows=1004 width=0)
	        Index Cond: ((id >= 2669881) AND (id <= 2670880))

table 2 : explain SELECT c FROM sbtest2 WHERE id BETWEEN 5902460 AND 5903459
	Bitmap Heap Scan on sbtest2  (cost=25.60..3466.98 rows=894 width=121)
	  Recheck Cond: ((id >= 5902460) AND (id <= 5903459))
	  ->  Bitmap Index Scan on sbtest2_pkey  (cost=0.00..25.37 rows=894 width=0)
	        Index Cond: ((id >= 5902460) AND (id <= 5903459))

table 3 : explain SELECT c FROM sbtest3 WHERE id BETWEEN 5903830 AND 5904829
	Bitmap Heap Scan on sbtest3  (cost=30.26..3722.44 rows=959 width=121)
	  Recheck Cond: ((id >= 5903830) AND (id <= 5904829))
	  ->  Bitmap Index Scan on sbtest3_pkey  (cost=0.00..30.02 rows=959 width=0)
	        Index Cond: ((id >= 5903830) AND (id <= 5904829))

table 4 : explain SELECT c FROM sbtest4 WHERE id BETWEEN 5472282 AND 5473281
	Bitmap Heap Scan on sbtest4  (cost=31.82..4294.75 rows=1111 width=121)
	  Recheck Cond: ((id >= 5472282) AND (id <= 5473281))
	  ->  Bitmap Index Scan on sbtest4_pkey  (cost=0.00..31.54 rows=1111 width=0)
	        Index Cond: ((id >= 5472282) AND (id <= 5473281))

table 5 : explain SELECT c FROM sbtest5 WHERE id BETWEEN 7254959 AND 7255958
	Bitmap Heap Scan on sbtest5  (cost=31.06..4011.18 rows=1037 width=121)
	  Recheck Cond: ((id >= 7254959) AND (id <= 7255958))
	  ->  Bitmap Index Scan on sbtest5_pkey  (cost=0.00..30.80 rows=1037 width=0)
	        Index Cond: ((id >= 7254959) AND (id <= 7255958))

table 6 : explain SELECT c FROM sbtest6 WHERE id BETWEEN 2487665 AND 2488664
	Bitmap Heap Scan on sbtest6  (cost=30.48..3797.89 rows=980 width=121)
	  Recheck Cond: ((id >= 2487665) AND (id <= 2488664))
	  ->  Bitmap Index Scan on sbtest6_pkey  (cost=0.00..30.23 rows=980 width=0)
	        Index Cond: ((id >= 2487665) AND (id <= 2488664))

table 7 : explain SELECT c FROM sbtest7 WHERE id BETWEEN 3623890 AND 3624889
	Bitmap Heap Scan on sbtest7  (cost=30.27..3726.61 rows=960 width=121)
	  Recheck Cond: ((id >= 3623890) AND (id <= 3624889))
	  ->  Bitmap Index Scan on sbtest7_pkey  (cost=0.00..30.04 rows=960 width=0)
	        Index Cond: ((id >= 3623890) AND (id <= 3624889))

table 8 : explain SELECT c FROM sbtest8 WHERE id BETWEEN 6664997 AND 6665996
	Bitmap Heap Scan on sbtest8  (cost=29.84..3561.64 rows=918 width=121)
	  Recheck Cond: ((id >= 6664997) AND (id <= 6665996))
	  ->  Bitmap Index Scan on sbtest8_pkey  (cost=0.00..29.61 rows=918 width=0)
	        Index Cond: ((id >= 6664997) AND (id <= 6665996))

explain: for point_selects :: explain SELECT c FROM sbtest%u WHERE id=%u
for: sum_ranges
table 1 : explain SELECT SUM(k) FROM sbtest1 WHERE id BETWEEN 8637112 AND 8638111
	Aggregate  (cost=3803.30..3803.31 rows=1 width=8)
	  ->  Bitmap Heap Scan on sbtest1  (cost=30.49..3800.85 rows=981 width=4)
	        Recheck Cond: ((id >= 8637112) AND (id <= 8638111))
	        ->  Bitmap Index Scan on sbtest1_pkey  (cost=0.00..30.25 rows=981 width=0)
	              Index Cond: ((id >= 8637112) AND (id <= 8638111))

table 2 : explain SELECT SUM(k) FROM sbtest2 WHERE id BETWEEN 1506188 AND 1507187
	Aggregate  (cost=3692.56..3692.57 rows=1 width=8)
	  ->  Bitmap Heap Scan on sbtest2  (cost=30.19..3690.18 rows=952 width=4)
	        Recheck Cond: ((id >= 1506188) AND (id <= 1507187))
	        ->  Bitmap Index Scan on sbtest2_pkey  (cost=0.00..29.95 rows=952 width=0)
	              Index Cond: ((id >= 1506188) AND (id <= 1507187))

table 3 : explain SELECT SUM(k) FROM sbtest3 WHERE id BETWEEN 1146374 AND 1147373
	Aggregate  (cost=3925.33..3925.34 rows=1 width=8)
	  ->  Bitmap Heap Scan on sbtest3  (cost=30.81..3922.80 rows=1012 width=4)
	        Recheck Cond: ((id >= 1146374) AND (id <= 1147373))
	        ->  Bitmap Index Scan on sbtest3_pkey  (cost=0.00..30.55 rows=1012 width=0)
	              Index Cond: ((id >= 1146374) AND (id <= 1147373))

table 4 : explain SELECT SUM(k) FROM sbtest4 WHERE id BETWEEN 2376292 AND 2377291
	Aggregate  (cost=3833.41..3833.42 rows=1 width=8)
	  ->  Bitmap Heap Scan on sbtest4  (cost=30.56..3830.94 rows=988 width=4)
	        Recheck Cond: ((id >= 2376292) AND (id <= 2377291))
	        ->  Bitmap Index Scan on sbtest4_pkey  (cost=0.00..30.32 rows=988 width=0)
	              Index Cond: ((id >= 2376292) AND (id <= 2377291))

table 5 : explain SELECT SUM(k) FROM sbtest5 WHERE id BETWEEN 9681584 AND 9682583
	Aggregate  (cost=3696.60..3696.61 rows=1 width=8)
	  ->  Bitmap Heap Scan on sbtest5  (cost=26.21..3694.21 rows=954 width=4)
	        Recheck Cond: ((id >= 9681584) AND (id <= 9682583))
	        ->  Bitmap Index Scan on sbtest5_pkey  (cost=0.00..25.97 rows=954 width=0)
	              Index Cond: ((id >= 9681584) AND (id <= 9682583))

table 6 : explain SELECT SUM(k) FROM sbtest6 WHERE id BETWEEN 7720713 AND 7721712
	Aggregate  (cost=3713.42..3713.43 rows=1 width=8)
	  ->  Bitmap Heap Scan on sbtest6  (cost=30.24..3711.03 rows=957 width=4)
	        Recheck Cond: ((id >= 7720713) AND (id <= 7721712))
	        ->  Bitmap Index Scan on sbtest6_pkey  (cost=0.00..30.00 rows=957 width=0)
	              Index Cond: ((id >= 7720713) AND (id <= 7721712))

table 7 : explain SELECT SUM(k) FROM sbtest7 WHERE id BETWEEN 5624681 AND 5625680
	Aggregate  (cost=4005.11..4005.12 rows=1 width=8)
	  ->  Bitmap Heap Scan on sbtest7  (cost=31.02..4002.53 rows=1033 width=4)
	        Recheck Cond: ((id >= 5624681) AND (id <= 5625680))
	        ->  Bitmap Index Scan on sbtest7_pkey  (cost=0.00..30.76 rows=1033 width=0)
	              Index Cond: ((id >= 5624681) AND (id <= 5625680))

table 8 : explain SELECT SUM(k) FROM sbtest8 WHERE id BETWEEN 6632239 AND 6633238
	Aggregate  (cost=4035.72..4035.73 rows=1 width=8)
	  ->  Bitmap Heap Scan on sbtest8  (cost=31.13..4033.11 rows=1043 width=4)
	        Recheck Cond: ((id >= 6632239) AND (id <= 6633238))
	        ->  Bitmap Index Scan on sbtest8_pkey  (cost=0.00..30.86 rows=1043 width=0)
	              Index Cond: ((id >= 6632239) AND (id <= 6633238))

for: simple_ranges
table 1 : explain SELECT c FROM sbtest1 WHERE id BETWEEN 2949040 AND 2950039
	Bitmap Heap Scan on sbtest1  (cost=30.96..3974.30 rows=1027 width=121)
	  Recheck Cond: ((id >= 2949040) AND (id <= 2950039))
	  ->  Bitmap Index Scan on sbtest1_pkey  (cost=0.00..30.70 rows=1027 width=0)
	        Index Cond: ((id >= 2949040) AND (id <= 2950039))

table 2 : explain SELECT c FROM sbtest2 WHERE id BETWEEN 5092290 AND 5093289
	Bitmap Heap Scan on sbtest2  (cost=30.72..3882.57 rows=1003 width=121)
	  Recheck Cond: ((id >= 5092290) AND (id <= 5093289))
	  ->  Bitmap Index Scan on sbtest2_pkey  (cost=0.00..30.46 rows=1003 width=0)
	        Index Cond: ((id >= 5092290) AND (id <= 5093289))

table 3 : explain SELECT c FROM sbtest3 WHERE id BETWEEN 6486720 AND 6487719
	Bitmap Heap Scan on sbtest3  (cost=30.38..3764.05 rows=970 width=121)
	  Recheck Cond: ((id >= 6486720) AND (id <= 6487719))
	  ->  Bitmap Index Scan on sbtest3_pkey  (cost=0.00..30.14 rows=970 width=0)
	        Index Cond: ((id >= 6486720) AND (id <= 6487719))

table 4 : explain SELECT c FROM sbtest4 WHERE id BETWEEN 8151409 AND 8152408
	Bitmap Heap Scan on sbtest4  (cost=30.47..3796.93 rows=979 width=121)
	  Recheck Cond: ((id >= 8151409) AND (id <= 8152408))
	  ->  Bitmap Index Scan on sbtest4_pkey  (cost=0.00..30.22 rows=979 width=0)
	        Index Cond: ((id >= 8151409) AND (id <= 8152408))

table 5 : explain SELECT c FROM sbtest5 WHERE id BETWEEN 8218165 AND 8219164
	Bitmap Heap Scan on sbtest5  (cost=31.05..4007.42 rows=1036 width=121)
	  Recheck Cond: ((id >= 8218165) AND (id <= 8219164))
	  ->  Bitmap Index Scan on sbtest5_pkey  (cost=0.00..30.79 rows=1036 width=0)
	        Index Cond: ((id >= 8218165) AND (id <= 8219164))

table 6 : explain SELECT c FROM sbtest6 WHERE id BETWEEN 1974295 AND 1975294
	Bitmap Heap Scan on sbtest6  (cost=30.38..3760.13 rows=970 width=121)
	  Recheck Cond: ((id >= 1974295) AND (id <= 1975294))
	  ->  Bitmap Index Scan on sbtest6_pkey  (cost=0.00..30.14 rows=970 width=0)
	        Index Cond: ((id >= 1974295) AND (id <= 1975294))

table 7 : explain SELECT c FROM sbtest7 WHERE id BETWEEN 4742857 AND 4743856
	Bitmap Heap Scan on sbtest7  (cost=30.95..3976.10 rows=1026 width=121)
	  Recheck Cond: ((id >= 4742857) AND (id <= 4743856))
	  ->  Bitmap Index Scan on sbtest7_pkey  (cost=0.00..30.69 rows=1026 width=0)
	        Index Cond: ((id >= 4742857) AND (id <= 4743856))

table 8 : explain SELECT c FROM sbtest8 WHERE id BETWEEN 7256335 AND 7257334
	Bitmap Heap Scan on sbtest8  (cost=32.01..4352.61 rows=1129 width=121)
	  Recheck Cond: ((id >= 7256335) AND (id <= 7257334))
	  ->  Bitmap Index Scan on sbtest8_pkey  (cost=0.00..31.72 rows=1129 width=0)
	        Index Cond: ((id >= 7256335) AND (id <= 7257334))

for: distinct_ranges
table 1 : explain SELECT DISTINCT c FROM sbtest1 WHERE id BETWEEN 6311328 AND 6312327 ORDER BY c
	Unique  (cost=3941.50..3946.52 rows=1005 width=121)
	  ->  Sort  (cost=3941.50..3944.01 rows=1005 width=121)
	        Sort Key: c
	        ->  Bitmap Heap Scan on sbtest1  (cost=30.74..3891.38 rows=1005 width=121)
	              Recheck Cond: ((id >= 6311328) AND (id <= 6312327))
	              ->  Bitmap Index Scan on sbtest1_pkey  (cost=0.00..30.48 rows=1005 width=0)
	                    Index Cond: ((id >= 6311328) AND (id <= 6312327))

table 2 : explain SELECT DISTINCT c FROM sbtest2 WHERE id BETWEEN 9092289 AND 9093288 ORDER BY c
	Unique  (cost=3867.51..3872.44 rows=986 width=121)
	  ->  Sort  (cost=3867.51..3869.97 rows=986 width=121)
	        Sort Key: c
	        ->  Bitmap Heap Scan on sbtest2  (cost=30.54..3818.48 rows=986 width=121)
	              Recheck Cond: ((id >= 9092289) AND (id <= 9093288))
	              ->  Bitmap Index Scan on sbtest2_pkey  (cost=0.00..30.29 rows=986 width=0)
	                    Index Cond: ((id >= 9092289) AND (id <= 9093288))

table 3 : explain SELECT DISTINCT c FROM sbtest3 WHERE id BETWEEN 3602111 AND 3603110 ORDER BY c
	Unique  (cost=3789.13..3793.95 rows=964 width=121)
	  ->  Sort  (cost=3789.13..3791.54 rows=964 width=121)
	        Sort Key: c
	        ->  Bitmap Heap Scan on sbtest3  (cost=30.32..3741.35 rows=964 width=121)
	              Recheck Cond: ((id >= 3602111) AND (id <= 3603110))
	              ->  Bitmap Index Scan on sbtest3_pkey  (cost=0.00..30.07 rows=964 width=0)
	                    Index Cond: ((id >= 3602111) AND (id <= 3603110))

table 4 : explain SELECT DISTINCT c FROM sbtest4 WHERE id BETWEEN 7617567 AND 7618566 ORDER BY c
	Unique  (cost=4140.62..4145.90 rows=1056 width=121)
	  ->  Sort  (cost=4140.62..4143.26 rows=1056 width=121)
	        Sort Key: c
	        ->  Bitmap Heap Scan on sbtest4  (cost=31.26..4087.58 rows=1056 width=121)
	              Recheck Cond: ((id >= 7617567) AND (id <= 7618566))
	              ->  Bitmap Index Scan on sbtest4_pkey  (cost=0.00..31.00 rows=1056 width=0)
	                    Index Cond: ((id >= 7617567) AND (id <= 7618566))

table 5 : explain SELECT DISTINCT c FROM sbtest5 WHERE id BETWEEN 986057 AND 987056 ORDER BY c
	Unique  (cost=3814.39..3819.25 rows=972 width=121)
	  ->  Sort  (cost=3814.39..3816.82 rows=972 width=121)
	        Sort Key: c
	        ->  Bitmap Heap Scan on sbtest5  (cost=30.40..3766.16 rows=972 width=121)
	              Recheck Cond: ((id >= 986057) AND (id <= 987056))
	              ->  Bitmap Index Scan on sbtest5_pkey  (cost=0.00..30.15 rows=972 width=0)
	                    Index Cond: ((id >= 986057) AND (id <= 987056))

table 6 : explain SELECT DISTINCT c FROM sbtest6 WHERE id BETWEEN 3446382 AND 3447381 ORDER BY c
	Unique  (cost=4210.08..4215.46 rows=1075 width=121)
	  ->  Sort  (cost=4210.08..4212.77 rows=1075 width=121)
	        Sort Key: c
	        ->  Bitmap Heap Scan on sbtest6  (cost=31.45..4155.95 rows=1075 width=121)
	              Recheck Cond: ((id >= 3446382) AND (id <= 3447381))
	              ->  Bitmap Index Scan on sbtest6_pkey  (cost=0.00..31.18 rows=1075 width=0)
	                    Index Cond: ((id >= 3446382) AND (id <= 3447381))

table 7 : explain SELECT DISTINCT c FROM sbtest7 WHERE id BETWEEN 1123880 AND 1124879 ORDER BY c
	Unique  (cost=3989.08..3994.16 rows=1016 width=121)
	  ->  Sort  (cost=3989.08..3991.62 rows=1016 width=121)
	        Sort Key: c
	        ->  Bitmap Heap Scan on sbtest7  (cost=30.85..3938.33 rows=1016 width=121)
	              Recheck Cond: ((id >= 1123880) AND (id <= 1124879))
	              ->  Bitmap Index Scan on sbtest7_pkey  (cost=0.00..30.59 rows=1016 width=0)
	                    Index Cond: ((id >= 1123880) AND (id <= 1124879))

table 8 : explain SELECT DISTINCT c FROM sbtest8 WHERE id BETWEEN 4968460 AND 4969459 ORDER BY c
	Unique  (cost=4066.30..4071.49 rows=1038 width=121)
	  ->  Sort  (cost=4066.30..4068.89 rows=1038 width=121)
	        Sort Key: c
	        ->  Bitmap Heap Scan on sbtest8  (cost=31.07..4014.29 rows=1038 width=121)
	              Recheck Cond: ((id >= 4968460) AND (id <= 4969459))
	              ->  Bitmap Index Scan on sbtest8_pkey  (cost=0.00..30.82 rows=1038 width=0)
	                    Index Cond: ((id >= 4968460) AND (id <= 4969459))

for: sum_ranges
table 1 : explain SELECT SUM(k) FROM sbtest1 WHERE id BETWEEN 5867807 AND 5868806
	Aggregate  (cost=4104.99..4105.00 rows=1 width=8)
	  ->  Bitmap Heap Scan on sbtest1  (cost=31.31..4102.34 rows=1061 width=4)
	        Recheck Cond: ((id >= 5867807) AND (id <= 5868806))
	        ->  Bitmap Index Scan on sbtest1_pkey  (cost=0.00..31.04 rows=1061 width=0)
	              Index Cond: ((id >= 5867807) AND (id <= 5868806))

table 2 : explain SELECT SUM(k) FROM sbtest2 WHERE id BETWEEN 346607 AND 347606
	Aggregate  (cost=3956.71..3956.72 rows=1 width=8)
	  ->  Bitmap Heap Scan on sbtest2  (cost=30.91..3954.16 rows=1022 width=4)
	        Recheck Cond: ((id >= 346607) AND (id <= 347606))
	        ->  Bitmap Index Scan on sbtest2_pkey  (cost=0.00..30.65 rows=1022 width=0)
	              Index Cond: ((id >= 346607) AND (id <= 347606))

table 3 : explain SELECT SUM(k) FROM sbtest3 WHERE id BETWEEN 1283487 AND 1284486
	Aggregate  (cost=3887.53..3887.54 rows=1 width=8)
	  ->  Bitmap Heap Scan on sbtest3  (cost=30.71..3885.02 rows=1002 width=4)
	        Recheck Cond: ((id >= 1283487) AND (id <= 1284486))
	        ->  Bitmap Index Scan on sbtest3_pkey  (cost=0.00..30.45 rows=1002 width=0)
	              Index Cond: ((id >= 1283487) AND (id <= 1284486))

table 4 : explain SELECT SUM(k) FROM sbtest4 WHERE id BETWEEN 8658267 AND 8659266
	Aggregate  (cost=3909.00..3909.01 rows=1 width=8)
	  ->  Bitmap Heap Scan on sbtest4  (cost=30.77..3906.48 rows=1008 width=4)
	        Recheck Cond: ((id >= 8658267) AND (id <= 8659266))
	        ->  Bitmap Index Scan on sbtest4_pkey  (cost=0.00..30.51 rows=1008 width=0)
	              Index Cond: ((id >= 8658267) AND (id <= 8659266))

table 5 : explain SELECT SUM(k) FROM sbtest5 WHERE id BETWEEN 7245156 AND 7246155
	Aggregate  (cost=4013.77..4013.78 rows=1 width=8)
	  ->  Bitmap Heap Scan on sbtest5  (cost=31.06..4011.18 rows=1037 width=4)
	        Recheck Cond: ((id >= 7245156) AND (id <= 7246155))
	        ->  Bitmap Index Scan on sbtest5_pkey  (cost=0.00..30.80 rows=1037 width=0)
	              Index Cond: ((id >= 7245156) AND (id <= 7246155))

table 6 : explain SELECT SUM(k) FROM sbtest6 WHERE id BETWEEN 5931679 AND 5932678
	Aggregate  (cost=4015.46..4015.47 rows=1 width=8)
	  ->  Bitmap Heap Scan on sbtest6  (cost=31.06..4012.86 rows=1037 width=4)
	        Recheck Cond: ((id >= 5931679) AND (id <= 5932678))
	        ->  Bitmap Index Scan on sbtest6_pkey  (cost=0.00..30.80 rows=1037 width=0)
	              Index Cond: ((id >= 5931679) AND (id <= 5932678))

table 7 : explain SELECT SUM(k) FROM sbtest7 WHERE id BETWEEN 3490165 AND 3491164
	Aggregate  (cost=4012.67..4012.68 rows=1 width=8)
	  ->  Bitmap Heap Scan on sbtest7  (cost=31.04..4010.08 rows=1035 width=4)
	        Recheck Cond: ((id >= 3490165) AND (id <= 3491164))
	        ->  Bitmap Index Scan on sbtest7_pkey  (cost=0.00..30.79 rows=1035 width=0)
	              Index Cond: ((id >= 3490165) AND (id <= 3491164))

table 8 : explain SELECT SUM(k) FROM sbtest8 WHERE id BETWEEN 6556806 AND 6557805
	Aggregate  (cost=3911.37..3911.38 rows=1 width=8)
	  ->  Bitmap Heap Scan on sbtest8  (cost=30.79..3908.84 rows=1010 width=4)
	        Recheck Cond: ((id >= 6556806) AND (id <= 6557805))
	        ->  Bitmap Index Scan on sbtest8_pkey  (cost=0.00..30.54 rows=1010 width=0)
	              Index Cond: ((id >= 6556806) AND (id <= 6557805))

for: distinct_ranges
table 1 : explain SELECT DISTINCT c FROM sbtest1 WHERE id BETWEEN 3708384 AND 3709383 ORDER BY c
	Unique  (cost=3998.90..4004.00 rows=1020 width=121)
	  ->  Sort  (cost=3998.90..4001.45 rows=1020 width=121)
	        Sort Key: c
	        ->  Bitmap Heap Scan on sbtest1  (cost=30.89..3947.93 rows=1020 width=121)
	              Recheck Cond: ((id >= 3708384) AND (id <= 3709383))
	              ->  Bitmap Index Scan on sbtest1_pkey  (cost=0.00..30.64 rows=1020 width=0)
	                    Index Cond: ((id >= 3708384) AND (id <= 3709383))

table 2 : explain SELECT DISTINCT c FROM sbtest2 WHERE id BETWEEN 9634458 AND 9635457 ORDER BY c
	Unique  (cost=3829.22..3834.10 rows=976 width=121)
	  ->  Sort  (cost=3829.22..3831.66 rows=976 width=121)
	        Sort Key: c
	        ->  Bitmap Heap Scan on sbtest2  (cost=30.44..3780.76 rows=976 width=121)
	              Recheck Cond: ((id >= 9634458) AND (id <= 9635457))
	              ->  Bitmap Index Scan on sbtest2_pkey  (cost=0.00..30.19 rows=976 width=0)
	                    Index Cond: ((id >= 9634458) AND (id <= 9635457))

table 3 : explain SELECT DISTINCT c FROM sbtest3 WHERE id BETWEEN 2509135 AND 2510134 ORDER BY c
	Unique  (cost=3858.23..3863.14 rows=982 width=121)
	  ->  Sort  (cost=3858.23..3860.69 rows=982 width=121)
	        Sort Key: c
	        ->  Bitmap Heap Scan on sbtest3  (cost=30.50..3809.43 rows=982 width=121)
	              Recheck Cond: ((id >= 2509135) AND (id <= 2510134))
	              ->  Bitmap Index Scan on sbtest3_pkey  (cost=0.00..30.25 rows=982 width=0)
	                    Index Cond: ((id >= 2509135) AND (id <= 2510134))

table 4 : explain SELECT DISTINCT c FROM sbtest4 WHERE id BETWEEN 5699336 AND 5700335 ORDER BY c
	Unique  (cost=4155.93..4161.23 rows=1060 width=121)
	  ->  Sort  (cost=4155.93..4158.58 rows=1060 width=121)
	        Sort Key: c
	        ->  Bitmap Heap Scan on sbtest4  (cost=31.30..4102.66 rows=1060 width=121)
	              Recheck Cond: ((id >= 5699336) AND (id <= 5700335))
	              ->  Bitmap Index Scan on sbtest4_pkey  (cost=0.00..31.04 rows=1060 width=0)
	                    Index Cond: ((id >= 5699336) AND (id <= 5700335))

table 5 : explain SELECT DISTINCT c FROM sbtest5 WHERE id BETWEEN 6682514 AND 6683513 ORDER BY c
	Unique  (cost=4341.87..4347.42 rows=1110 width=121)
	  ->  Sort  (cost=4341.87..4344.65 rows=1110 width=121)
	        Sort Key: c
	        ->  Bitmap Heap Scan on sbtest5  (cost=31.81..4285.73 rows=1110 width=121)
	              Recheck Cond: ((id >= 6682514) AND (id <= 6683513))
	              ->  Bitmap Index Scan on sbtest5_pkey  (cost=0.00..31.54 rows=1110 width=0)
	                    Index Cond: ((id >= 6682514) AND (id <= 6683513))

table 6 : explain SELECT DISTINCT c FROM sbtest6 WHERE id BETWEEN 5556034 AND 5557033 ORDER BY c
	Unique  (cost=4091.58..4096.80 rows=1044 width=121)
	  ->  Sort  (cost=4091.58..4094.19 rows=1044 width=121)
	        Sort Key: c
	        ->  Bitmap Heap Scan on sbtest6  (cost=31.14..4039.24 rows=1044 width=121)
	              Recheck Cond: ((id >= 5556034) AND (id <= 5557033))
	              ->  Bitmap Index Scan on sbtest6_pkey  (cost=0.00..30.87 rows=1044 width=0)
	                    Index Cond: ((id >= 5556034) AND (id <= 5557033))

table 7 : explain SELECT DISTINCT c FROM sbtest7 WHERE id BETWEEN 3515243 AND 3516242 ORDER BY c
	Unique  (cost=4061.91..4067.09 rows=1035 width=121)
	  ->  Sort  (cost=4061.91..4064.50 rows=1035 width=121)
	        Sort Key: c
	        ->  Bitmap Heap Scan on sbtest7  (cost=31.04..4010.08 rows=1035 width=121)
	              Recheck Cond: ((id >= 3515243) AND (id <= 3516242))
	              ->  Bitmap Index Scan on sbtest7_pkey  (cost=0.00..30.79 rows=1035 width=0)
	                    Index Cond: ((id >= 3515243) AND (id <= 3516242))

table 8 : explain SELECT DISTINCT c FROM sbtest8 WHERE id BETWEEN 9483092 AND 9484091 ORDER BY c
	Unique  (cost=3618.33..3622.93 rows=921 width=121)
	  ->  Sort  (cost=3618.33..3620.63 rows=921 width=121)
	        Sort Key: c
	        ->  Bitmap Heap Scan on sbtest8  (cost=29.88..3572.98 rows=921 width=121)
	              Recheck Cond: ((id >= 9483092) AND (id <= 9484091))
	              ->  Bitmap Index Scan on sbtest8_pkey  (cost=0.00..29.64 rows=921 width=0)
	                    Index Cond: ((id >= 9483092) AND (id <= 9484091))

for: simple_ranges
table 1 : explain SELECT c FROM sbtest1 WHERE id BETWEEN 9741538 AND 9742537
	Bitmap Heap Scan on sbtest1  (cost=31.43..4147.49 rows=1073 width=121)
	  Recheck Cond: ((id >= 9741538) AND (id <= 9742537))
	  ->  Bitmap Index Scan on sbtest1_pkey  (cost=0.00..31.16 rows=1073 width=0)
	        Index Cond: ((id >= 9741538) AND (id <= 9742537))

table 2 : explain SELECT c FROM sbtest2 WHERE id BETWEEN 6382012 AND 6383011
	Bitmap Heap Scan on sbtest2  (cost=30.83..3924.02 rows=1014 width=121)
	  Recheck Cond: ((id >= 6382012) AND (id <= 6383011))
	  ->  Bitmap Index Scan on sbtest2_pkey  (cost=0.00..30.57 rows=1014 width=0)
	        Index Cond: ((id >= 6382012) AND (id <= 6383011))

table 3 : explain SELECT c FROM sbtest3 WHERE id BETWEEN 4518468 AND 4519467
	Bitmap Heap Scan on sbtest3  (cost=30.70..3881.24 rows=1001 width=121)
	  Recheck Cond: ((id >= 4518468) AND (id <= 4519467))
	  ->  Bitmap Index Scan on sbtest3_pkey  (cost=0.00..30.44 rows=1001 width=0)
	        Index Cond: ((id >= 4518468) AND (id <= 4519467))

table 4 : explain SELECT c FROM sbtest4 WHERE id BETWEEN 4803952 AND 4804951
	Bitmap Heap Scan on sbtest4  (cost=30.87..3944.24 rows=1018 width=121)
	  Recheck Cond: ((id >= 4803952) AND (id <= 4804951))
	  ->  Bitmap Index Scan on sbtest4_pkey  (cost=0.00..30.61 rows=1018 width=0)
	        Index Cond: ((id >= 4803952) AND (id <= 4804951))

table 5 : explain SELECT c FROM sbtest5 WHERE id BETWEEN 36729 AND 37728
	Bitmap Heap Scan on sbtest5  (cost=25.74..3520.37 rows=908 width=121)
	  Recheck Cond: ((id >= 36729) AND (id <= 37728))
	  ->  Bitmap Index Scan on sbtest5_pkey  (cost=0.00..25.51 rows=908 width=0)
	        Index Cond: ((id >= 36729) AND (id <= 37728))

table 6 : explain SELECT c FROM sbtest6 WHERE id BETWEEN 3499085 AND 3500084
	Bitmap Heap Scan on sbtest6  (cost=30.39..3763.91 rows=971 width=121)
	  Recheck Cond: ((id >= 3499085) AND (id <= 3500084))
	  ->  Bitmap Index Scan on sbtest6_pkey  (cost=0.00..30.14 rows=971 width=0)
	        Index Cond: ((id >= 3499085) AND (id <= 3500084))

table 7 : explain SELECT c FROM sbtest7 WHERE id BETWEEN 4815668 AND 4816667
	Bitmap Heap Scan on sbtest7  (cost=36.12..4409.80 rows=1140 width=121)
	  Recheck Cond: ((id >= 4815668) AND (id <= 4816667))
	  ->  Bitmap Index Scan on sbtest7_pkey  (cost=0.00..35.84 rows=1140 width=0)
	        Index Cond: ((id >= 4815668) AND (id <= 4816667))

table 8 : explain SELECT c FROM sbtest8 WHERE id BETWEEN 5693948 AND 5694947
	Bitmap Heap Scan on sbtest8  (cost=30.79..3908.84 rows=1010 width=121)
	  Recheck Cond: ((id >= 5693948) AND (id <= 5694947))
	  ->  Bitmap Index Scan on sbtest8_pkey  (cost=0.00..30.54 rows=1010 width=0)
	        Index Cond: ((id >= 5693948) AND (id <= 5694947))

for: order_ranges
table 1 : explain SELECT c FROM sbtest1 WHERE id BETWEEN 8467939 AND 8468938 ORDER BY c
	Sort  (cost=3765.29..3767.69 rows=959 width=121)
	  Sort Key: c
	  ->  Bitmap Heap Scan on sbtest1  (cost=30.26..3717.80 rows=959 width=121)
	        Recheck Cond: ((id >= 8467939) AND (id <= 8468938))
	        ->  Bitmap Index Scan on sbtest1_pkey  (cost=0.00..30.02 rows=959 width=0)
	              Index Cond: ((id >= 8467939) AND (id <= 8468938))

table 2 : explain SELECT c FROM sbtest2 WHERE id BETWEEN 7475413 AND 7476412 ORDER BY c
	Sort  (cost=3564.54..3566.81 rows=908 width=121)
	  Sort Key: c
	  ->  Bitmap Heap Scan on sbtest2  (cost=25.74..3519.93 rows=908 width=121)
	        Recheck Cond: ((id >= 7475413) AND (id <= 7476412))
	        ->  Bitmap Index Scan on sbtest2_pkey  (cost=0.00..25.51 rows=908 width=0)
	              Index Cond: ((id >= 7475413) AND (id <= 7476412))

table 3 : explain SELECT c FROM sbtest3 WHERE id BETWEEN 1837350 AND 1838349 ORDER BY c
	Sort  (cost=4030.82..4033.38 rows=1027 width=121)
	  Sort Key: c
	  ->  Bitmap Heap Scan on sbtest3  (cost=30.96..3979.45 rows=1027 width=121)
	        Recheck Cond: ((id >= 1837350) AND (id <= 1838349))
	        ->  Bitmap Index Scan on sbtest3_pkey  (cost=0.00..30.70 rows=1027 width=0)
	              Index Cond: ((id >= 1837350) AND (id <= 1838349))

table 4 : explain SELECT c FROM sbtest4 WHERE id BETWEEN 2105355 AND 2106354 ORDER BY c
	Sort  (cost=3903.10..3905.58 rows=994 width=121)
	  Sort Key: c
	  ->  Bitmap Heap Scan on sbtest4  (cost=30.62..3853.61 rows=994 width=121)
	        Recheck Cond: ((id >= 2105355) AND (id <= 2106354))
	        ->  Bitmap Index Scan on sbtest4_pkey  (cost=0.00..30.37 rows=994 width=0)
	              Index Cond: ((id >= 2105355) AND (id <= 2106354))

table 5 : explain SELECT c FROM sbtest5 WHERE id BETWEEN 5110378 AND 5111377 ORDER BY c
	Sort  (cost=3910.12..3912.61 rows=997 width=121)
	  Sort Key: c
	  ->  Bitmap Heap Scan on sbtest5  (cost=30.65..3860.46 rows=997 width=121)
	        Recheck Cond: ((id >= 5110378) AND (id <= 5111377))
	        ->  Bitmap Index Scan on sbtest5_pkey  (cost=0.00..30.40 rows=997 width=0)
	              Index Cond: ((id >= 5110378) AND (id <= 5111377))

table 6 : explain SELECT c FROM sbtest6 WHERE id BETWEEN 3696917 AND 3697916 ORDER BY c
	Sort  (cost=3570.20..3572.48 rows=909 width=121)
	  Sort Key: c
	  ->  Bitmap Heap Scan on sbtest6  (cost=25.75..3525.54 rows=909 width=121)
	        Recheck Cond: ((id >= 3696917) AND (id <= 3697916))
	        ->  Bitmap Index Scan on sbtest6_pkey  (cost=0.00..25.52 rows=909 width=0)
	              Index Cond: ((id >= 3696917) AND (id <= 3697916))

table 7 : explain SELECT c FROM sbtest7 WHERE id BETWEEN 4612881 AND 4613880 ORDER BY c
	Sort  (cost=4000.58..4003.13 rows=1019 width=121)
	  Sort Key: c
	  ->  Bitmap Heap Scan on sbtest7  (cost=30.88..3949.67 rows=1019 width=121)
	        Recheck Cond: ((id >= 4612881) AND (id <= 4613880))
	        ->  Bitmap Index Scan on sbtest7_pkey  (cost=0.00..30.62 rows=1019 width=0)
	              Index Cond: ((id >= 4612881) AND (id <= 4613880))

table 8 : explain SELECT c FROM sbtest8 WHERE id BETWEEN 2214523 AND 2215522 ORDER BY c
	Sort  (cost=3783.16..3785.57 rows=964 width=121)
	  Sort Key: c
	  ->  Bitmap Heap Scan on sbtest8  (cost=30.32..3735.38 rows=964 width=121)
	        Recheck Cond: ((id >= 2214523) AND (id <= 2215522))
	        ->  Bitmap Index Scan on sbtest8_pkey  (cost=0.00..30.07 rows=964 width=0)
	              Index Cond: ((id >= 2214523) AND (id <= 2215522))

for: order_ranges
table 1 : explain SELECT c FROM sbtest1 WHERE id BETWEEN 4567046 AND 4568045 ORDER BY c
	Sort  (cost=3757.63..3760.02 rows=957 width=121)
	  Sort Key: c
	  ->  Bitmap Heap Scan on sbtest1  (cost=30.24..3710.24 rows=957 width=121)
	        Recheck Cond: ((id >= 4567046) AND (id <= 4568045))
	        ->  Bitmap Index Scan on sbtest1_pkey  (cost=0.00..30.00 rows=957 width=0)
	              Index Cond: ((id >= 4567046) AND (id <= 4568045))

table 2 : explain SELECT c FROM sbtest2 WHERE id BETWEEN 8739783 AND 8740782 ORDER BY c
	Sort  (cost=3982.30..3984.84 rows=1016 width=121)
	  Sort Key: c
	  ->  Bitmap Heap Scan on sbtest2  (cost=30.85..3931.56 rows=1016 width=121)
	        Recheck Cond: ((id >= 8739783) AND (id <= 8740782))
	        ->  Bitmap Index Scan on sbtest2_pkey  (cost=0.00..30.59 rows=1016 width=0)
	              Index Cond: ((id >= 8739783) AND (id <= 8740782))

table 3 : explain SELECT c FROM sbtest3 WHERE id BETWEEN 806593 AND 807592 ORDER BY c
	Sort  (cost=4176.37..4179.04 rows=1065 width=121)
	  Sort Key: c
	  ->  Bitmap Heap Scan on sbtest3  (cost=31.35..4122.82 rows=1065 width=121)
	        Recheck Cond: ((id >= 806593) AND (id <= 807592))
	        ->  Bitmap Index Scan on sbtest3_pkey  (cost=0.00..31.08 rows=1065 width=0)
	              Index Cond: ((id >= 806593) AND (id <= 807592))

table 4 : explain SELECT c FROM sbtest4 WHERE id BETWEEN 5367515 AND 5368514 ORDER BY c
	Sort  (cost=4041.07..4043.64 rows=1030 width=121)
	  Sort Key: c
	  ->  Bitmap Heap Scan on sbtest4  (cost=30.99..3989.52 rows=1030 width=121)
	        Recheck Cond: ((id >= 5367515) AND (id <= 5368514))
	        ->  Bitmap Index Scan on sbtest4_pkey  (cost=0.00..30.73 rows=1030 width=0)
	              Index Cond: ((id >= 5367515) AND (id <= 5368514))

table 5 : explain SELECT c FROM sbtest5 WHERE id BETWEEN 4074610 AND 4075609 ORDER BY c
	Sort  (cost=3568.82..3571.10 rows=909 width=121)
	  Sort Key: c
	  ->  Bitmap Heap Scan on sbtest5  (cost=25.75..3524.15 rows=909 width=121)
	        Recheck Cond: ((id >= 4074610) AND (id <= 4075609))
	        ->  Bitmap Index Scan on sbtest5_pkey  (cost=0.00..25.52 rows=909 width=0)
	              Index Cond: ((id >= 4074610) AND (id <= 4075609))

table 6 : explain SELECT c FROM sbtest6 WHERE id BETWEEN 9956350 AND 9957349 ORDER BY c
	Sort  (cost=4278.84..4281.57 rows=1093 width=121)
	  Sort Key: c
	  ->  Bitmap Heap Scan on sbtest6  (cost=31.64..4223.67 rows=1093 width=121)
	        Recheck Cond: ((id >= 9956350) AND (id <= 9957349))
	        ->  Bitmap Index Scan on sbtest6_pkey  (cost=0.00..31.36 rows=1093 width=0)
	              Index Cond: ((id >= 9956350) AND (id <= 9957349))

table 7 : explain SELECT c FROM sbtest7 WHERE id BETWEEN 248446 AND 249445 ORDER BY c
	Sort  (cost=4096.40..4099.01 rows=1044 width=121)
	  Sort Key: c
	  ->  Bitmap Heap Scan on sbtest7  (cost=31.14..4044.05 rows=1044 width=121)
	        Recheck Cond: ((id >= 248446) AND (id <= 249445))
	        ->  Bitmap Index Scan on sbtest7_pkey  (cost=0.00..30.87 rows=1044 width=0)
	              Index Cond: ((id >= 248446) AND (id <= 249445))

table 8 : explain SELECT c FROM sbtest8 WHERE id BETWEEN 5280647 AND 5281646 ORDER BY c
	Sort  (cost=4348.86..4351.64 rows=1113 width=121)
	  Sort Key: c
	  ->  Bitmap Heap Scan on sbtest8  (cost=31.84..4292.54 rows=1113 width=121)
	        Recheck Cond: ((id >= 5280647) AND (id <= 5281646))
	        ->  Bitmap Index Scan on sbtest8_pkey  (cost=0.00..31.57 rows=1113 width=0)
	              Index Cond: ((id >= 5280647) AND (id <= 5281646))

explain: for point_selects :: explain SELECT c FROM sbtest%u WHERE id=%u
for point_selects
table 1 : explain SELECT c FROM sbtest1 WHERE id=9728697
	Index Scan using sbtest1_pkey on sbtest1  (cost=0.43..8.45 rows=1 width=121)
	  Index Cond: (id = 9728697)

table 2 : explain SELECT c FROM sbtest2 WHERE id=8159579
	Index Scan using sbtest2_pkey on sbtest2  (cost=0.43..8.45 rows=1 width=121)
	  Index Cond: (id = 8159579)

table 3 : explain SELECT c FROM sbtest3 WHERE id=3474852
	Index Scan using sbtest3_pkey on sbtest3  (cost=0.43..8.45 rows=1 width=121)
	  Index Cond: (id = 3474852)

table 4 : explain SELECT c FROM sbtest4 WHERE id=2683729
	Index Scan using sbtest4_pkey on sbtest4  (cost=0.43..8.45 rows=1 width=121)
	  Index Cond: (id = 2683729)

table 5 : explain SELECT c FROM sbtest5 WHERE id=8589500
	Index Scan using sbtest5_pkey on sbtest5  (cost=0.43..8.45 rows=1 width=121)
	  Index Cond: (id = 8589500)

table 6 : explain SELECT c FROM sbtest6 WHERE id=6726047
	Index Scan using sbtest6_pkey on sbtest6  (cost=0.43..8.45 rows=1 width=121)
	  Index Cond: (id = 6726047)

table 7 : explain SELECT c FROM sbtest7 WHERE id=1783799
	Index Scan using sbtest7_pkey on sbtest7  (cost=0.43..8.45 rows=1 width=121)
	  Index Cond: (id = 1783799)

table 8 : explain SELECT c FROM sbtest8 WHERE id=3258766
	Index Scan using sbtest8_pkey on sbtest8  (cost=0.43..8.45 rows=1 width=121)
	  Index Cond: (id = 3258766)

for: sum_ranges
table 1 : explain SELECT SUM(k) FROM sbtest1 WHERE id BETWEEN 9619570 AND 9620569
	Aggregate  (cost=3924.07..3924.08 rows=1 width=8)
	  ->  Bitmap Heap Scan on sbtest1  (cost=30.82..3921.54 rows=1013 width=4)
	        Recheck Cond: ((id >= 9619570) AND (id <= 9620569))
	        ->  Bitmap Index Scan on sbtest1_pkey  (cost=0.00..30.57 rows=1013 width=0)
	              Index Cond: ((id >= 9619570) AND (id <= 9620569))

table 2 : explain SELECT SUM(k) FROM sbtest2 WHERE id BETWEEN 2683527 AND 2684526
	Aggregate  (cost=3685.01..3685.02 rows=1 width=8)
	  ->  Bitmap Heap Scan on sbtest2  (cost=30.17..3682.63 rows=950 width=4)
	        Recheck Cond: ((id >= 2683527) AND (id <= 2684526))
	        ->  Bitmap Index Scan on sbtest2_pkey  (cost=0.00..29.93 rows=950 width=0)
	              Index Cond: ((id >= 2683527) AND (id <= 2684526))

table 3 : explain SELECT SUM(k) FROM sbtest3 WHERE id BETWEEN 5167776 AND 5168775
	Aggregate  (cost=4000.90..4000.91 rows=1 width=8)
	  ->  Bitmap Heap Scan on sbtest3  (cost=31.01..3998.32 rows=1032 width=4)
	        Recheck Cond: ((id >= 5167776) AND (id <= 5168775))
	        ->  Bitmap Index Scan on sbtest3_pkey  (cost=0.00..30.75 rows=1032 width=0)
	              Index Cond: ((id >= 5167776) AND (id <= 5168775))

table 4 : explain SELECT SUM(k) FROM sbtest4 WHERE id BETWEEN 6349816 AND 6350815
	Aggregate  (cost=3893.89..3893.90 rows=1 width=8)
	  ->  Bitmap Heap Scan on sbtest4  (cost=30.73..3891.38 rows=1004 width=4)
	        Recheck Cond: ((id >= 6349816) AND (id <= 6350815))
	        ->  Bitmap Index Scan on sbtest4_pkey  (cost=0.00..30.47 rows=1004 width=0)
	              Index Cond: ((id >= 6349816) AND (id <= 6350815))

table 5 : explain SELECT SUM(k) FROM sbtest5 WHERE id BETWEEN 1287948 AND 1288947
	Aggregate  (cost=3560.48..3560.49 rows=1 width=8)
	  ->  Bitmap Heap Scan on sbtest5  (cost=25.84..3558.19 rows=918 width=4)
	        Recheck Cond: ((id >= 1287948) AND (id <= 1288947))
	        ->  Bitmap Index Scan on sbtest5_pkey  (cost=0.00..25.61 rows=918 width=0)
	              Index Cond: ((id >= 1287948) AND (id <= 1288947))

table 6 : explain SELECT SUM(k) FROM sbtest6 WHERE id BETWEEN 4400225 AND 4401224
	Aggregate  (cost=3546.74..3546.75 rows=1 width=8)
	  ->  Bitmap Heap Scan on sbtest6  (cost=25.80..3544.46 rows=914 width=4)
	        Recheck Cond: ((id >= 4400225) AND (id <= 4401224))
	        ->  Bitmap Index Scan on sbtest6_pkey  (cost=0.00..25.57 rows=914 width=0)
	              Index Cond: ((id >= 4400225) AND (id <= 4401224))

table 7 : explain SELECT SUM(k) FROM sbtest7 WHERE id BETWEEN 9473228 AND 9474227
	Aggregate  (cost=3638.09..3638.10 rows=1 width=8)
	  ->  Bitmap Heap Scan on sbtest7  (cost=30.03..3635.75 rows=936 width=4)
	        Recheck Cond: ((id >= 9473228) AND (id <= 9474227))
	        ->  Bitmap Index Scan on sbtest7_pkey  (cost=0.00..29.79 rows=936 width=0)
	              Index Cond: ((id >= 9473228) AND (id <= 9474227))

table 8 : explain SELECT SUM(k) FROM sbtest8 WHERE id BETWEEN 8819661 AND 8820660
	Aggregate  (cost=3900.05..3900.06 rows=1 width=8)
	  ->  Bitmap Heap Scan on sbtest8  (cost=30.76..3897.54 rows=1007 width=4)
	        Recheck Cond: ((id >= 8819661) AND (id <= 8820660))
	        ->  Bitmap Index Scan on sbtest8_pkey  (cost=0.00..30.50 rows=1007 width=0)
	              Index Cond: ((id >= 8819661) AND (id <= 8820660))

explain: for point_selects :: explain SELECT c FROM sbtest%u WHERE id=%u
for: sum_ranges
table 1 : explain SELECT SUM(k) FROM sbtest1 WHERE id BETWEEN 7265990 AND 7266989
	Aggregate  (cost=3950.48..3950.49 rows=1 width=8)
	  ->  Bitmap Heap Scan on sbtest1  (cost=30.89..3947.93 rows=1020 width=4)
	        Recheck Cond: ((id >= 7265990) AND (id <= 7266989))
	        ->  Bitmap Index Scan on sbtest1_pkey  (cost=0.00..30.64 rows=1020 width=0)
	              Index Cond: ((id >= 7265990) AND (id <= 7266989))

table 2 : explain SELECT SUM(k) FROM sbtest2 WHERE id BETWEEN 3276361 AND 3277360
	Aggregate  (cost=3964.25..3964.26 rows=1 width=8)
	  ->  Bitmap Heap Scan on sbtest2  (cost=30.93..3961.69 rows=1024 width=4)
	        Recheck Cond: ((id >= 3276361) AND (id <= 3277360))
	        ->  Bitmap Index Scan on sbtest2_pkey  (cost=0.00..30.68 rows=1024 width=0)
	              Index Cond: ((id >= 3276361) AND (id <= 3277360))

table 3 : explain SELECT SUM(k) FROM sbtest3 WHERE id BETWEEN 7114283 AND 7115282
	Aggregate  (cost=4125.48..4125.49 rows=1 width=8)
	  ->  Bitmap Heap Scan on sbtest3  (cost=31.35..4122.82 rows=1065 width=4)
	        Recheck Cond: ((id >= 7114283) AND (id <= 7115282))
	        ->  Bitmap Index Scan on sbtest3_pkey  (cost=0.00..31.08 rows=1065 width=0)
	              Index Cond: ((id >= 7114283) AND (id <= 7115282))

table 4 : explain SELECT SUM(k) FROM sbtest4 WHERE id BETWEEN 7883683 AND 7884682
	Aggregate  (cost=3961.89..3961.90 rows=1 width=8)
	  ->  Bitmap Heap Scan on sbtest4  (cost=30.91..3959.33 rows=1022 width=4)
	        Recheck Cond: ((id >= 7883683) AND (id <= 7884682))
	        ->  Bitmap Index Scan on sbtest4_pkey  (cost=0.00..30.65 rows=1022 width=0)
	              Index Cond: ((id >= 7883683) AND (id <= 7884682))

table 5 : explain SELECT SUM(k) FROM sbtest5 WHERE id BETWEEN 388028 AND 389027
	Aggregate  (cost=3666.36..3666.37 rows=1 width=8)
	  ->  Bitmap Heap Scan on sbtest5  (cost=26.13..3664.00 rows=946 width=4)
	        Recheck Cond: ((id >= 388028) AND (id <= 389027))
	        ->  Bitmap Index Scan on sbtest5_pkey  (cost=0.00..25.89 rows=946 width=0)
	              Index Cond: ((id >= 388028) AND (id <= 389027))

table 6 : explain SELECT SUM(k) FROM sbtest6 WHERE id BETWEEN 9321538 AND 9322537
	Aggregate  (cost=4038.08..4038.09 rows=1 width=8)
	  ->  Bitmap Heap Scan on sbtest6  (cost=31.13..4035.47 rows=1043 width=4)
	        Recheck Cond: ((id >= 9321538) AND (id <= 9322537))
	        ->  Bitmap Index Scan on sbtest6_pkey  (cost=0.00..30.86 rows=1043 width=0)
	              Index Cond: ((id >= 9321538) AND (id <= 9322537))

table 7 : explain SELECT SUM(k) FROM sbtest7 WHERE id BETWEEN 9216421 AND 9217420
	Aggregate  (cost=3698.71..3698.72 rows=1 width=8)
	  ->  Bitmap Heap Scan on sbtest7  (cost=30.19..3696.33 rows=952 width=4)
	        Recheck Cond: ((id >= 9216421) AND (id <= 9217420))
	        ->  Bitmap Index Scan on sbtest7_pkey  (cost=0.00..29.95 rows=952 width=0)
	              Index Cond: ((id >= 9216421) AND (id <= 9217420))

table 8 : explain SELECT SUM(k) FROM sbtest8 WHERE id BETWEEN 4234145 AND 4235144
	Aggregate  (cost=3366.86..3366.87 rows=1 width=8)
	  ->  Bitmap Heap Scan on sbtest8  (cost=25.32..3364.69 rows=867 width=4)
	        Recheck Cond: ((id >= 4234145) AND (id <= 4235144))
	        ->  Bitmap Index Scan on sbtest8_pkey  (cost=0.00..25.11 rows=867 width=0)
	              Index Cond: ((id >= 4234145) AND (id <= 4235144))

for: order_ranges
table 1 : explain SELECT c FROM sbtest1 WHERE id BETWEEN 7321009 AND 7322008 ORDER BY c
	Sort  (cost=3818.95..3821.38 rows=973 width=121)
	  Sort Key: c
	  ->  Bitmap Heap Scan on sbtest1  (cost=30.41..3770.66 rows=973 width=121)
	        Recheck Cond: ((id >= 7321009) AND (id <= 7322008))
	        ->  Bitmap Index Scan on sbtest1_pkey  (cost=0.00..30.16 rows=973 width=0)
	              Index Cond: ((id >= 7321009) AND (id <= 7322008))

table 2 : explain SELECT c FROM sbtest2 WHERE id BETWEEN 7393581 AND 7394580 ORDER BY c
	Sort  (cost=3564.54..3566.81 rows=908 width=121)
	  Sort Key: c
	  ->  Bitmap Heap Scan on sbtest2  (cost=25.74..3519.93 rows=908 width=121)
	        Recheck Cond: ((id >= 7393581) AND (id <= 7394580))
	        ->  Bitmap Index Scan on sbtest2_pkey  (cost=0.00..25.51 rows=908 width=0)
	              Index Cond: ((id >= 7393581) AND (id <= 7394580))

table 3 : explain SELECT c FROM sbtest3 WHERE id BETWEEN 9629905 AND 9630904 ORDER BY c
	Sort  (cost=4003.99..4006.54 rows=1020 width=121)
	  Sort Key: c
	  ->  Bitmap Heap Scan on sbtest3  (cost=30.89..3953.01 rows=1020 width=121)
	        Recheck Cond: ((id >= 9629905) AND (id <= 9630904))
	        ->  Bitmap Index Scan on sbtest3_pkey  (cost=0.00..30.64 rows=1020 width=0)
	              Index Cond: ((id >= 9629905) AND (id <= 9630904))

table 4 : explain SELECT c FROM sbtest4 WHERE id BETWEEN 2470967 AND 2471966 ORDER BY c
	Sort  (cost=3630.38..3632.69 rows=924 width=121)
	  Sort Key: c
	  ->  Bitmap Heap Scan on sbtest4  (cost=25.91..3584.87 rows=924 width=121)
	        Recheck Cond: ((id >= 2470967) AND (id <= 2471966))
	        ->  Bitmap Index Scan on sbtest4_pkey  (cost=0.00..25.68 rows=924 width=0)
	              Index Cond: ((id >= 2470967) AND (id <= 2471966))

table 5 : explain SELECT c FROM sbtest5 WHERE id BETWEEN 1844688 AND 1845687 ORDER BY c
	Sort  (cost=3856.52..3858.98 rows=983 width=121)
	  Sort Key: c
	  ->  Bitmap Heap Scan on sbtest5  (cost=30.51..3807.66 rows=983 width=121)
	        Recheck Cond: ((id >= 1844688) AND (id <= 1845687))
	        ->  Bitmap Index Scan on sbtest5_pkey  (cost=0.00..30.26 rows=983 width=0)
	              Index Cond: ((id >= 1844688) AND (id <= 1845687))

table 6 : explain SELECT c FROM sbtest6 WHERE id BETWEEN 2209216 AND 2210215 ORDER BY c
	Sort  (cost=3781.42..3783.83 rows=963 width=121)
	  Sort Key: c
	  ->  Bitmap Heap Scan on sbtest6  (cost=30.31..3733.70 rows=963 width=121)
	        Recheck Cond: ((id >= 2209216) AND (id <= 2210215))
	        ->  Bitmap Index Scan on sbtest6_pkey  (cost=0.00..30.07 rows=963 width=0)
	              Index Cond: ((id >= 2209216) AND (id <= 2210215))

table 7 : explain SELECT c FROM sbtest7 WHERE id BETWEEN 7983374 AND 7984373 ORDER BY c
	Sort  (cost=3989.08..3991.62 rows=1016 width=121)
	  Sort Key: c
	  ->  Bitmap Heap Scan on sbtest7  (cost=30.85..3938.33 rows=1016 width=121)
	        Recheck Cond: ((id >= 7983374) AND (id <= 7984373))
	        ->  Bitmap Index Scan on sbtest7_pkey  (cost=0.00..30.59 rows=1016 width=0)
	              Index Cond: ((id >= 7983374) AND (id <= 7984373))

table 8 : explain SELECT c FROM sbtest8 WHERE id BETWEEN 4306799 AND 4307798 ORDER BY c
	Sort  (cost=3407.00..3409.17 rows=867 width=121)
	  Sort Key: c
	  ->  Bitmap Heap Scan on sbtest8  (cost=25.32..3364.69 rows=867 width=121)
	        Recheck Cond: ((id >= 4306799) AND (id <= 4307798))
	        ->  Bitmap Index Scan on sbtest8_pkey  (cost=0.00..25.11 rows=867 width=0)
	              Index Cond: ((id >= 4306799) AND (id <= 4307798))

for: distinct_ranges
table 1 : explain SELECT DISTINCT c FROM sbtest1 WHERE id BETWEEN 9606879 AND 9607878 ORDER BY c
	Unique  (cost=3450.39..3454.78 rows=878 width=121)
	  ->  Sort  (cost=3450.39..3452.59 rows=878 width=121)
	        Sort Key: c
	        ->  Bitmap Heap Scan on sbtest1  (cost=25.43..3407.47 rows=878 width=121)
	              Recheck Cond: ((id >= 9606879) AND (id <= 9607878))
	              ->  Bitmap Index Scan on sbtest1_pkey  (cost=0.00..25.21 rows=878 width=0)
	                    Index Cond: ((id >= 9606879) AND (id <= 9607878))

table 2 : explain SELECT DISTINCT c FROM sbtest2 WHERE id BETWEEN 6067420 AND 6068419 ORDER BY c
	Unique  (cost=3997.59..4002.69 rows=1020 width=121)
	  ->  Sort  (cost=3997.59..4000.14 rows=1020 width=121)
	        Sort Key: c
	        ->  Bitmap Heap Scan on sbtest2  (cost=30.89..3946.62 rows=1020 width=121)
	              Recheck Cond: ((id >= 6067420) AND (id <= 6068419))
	              ->  Bitmap Index Scan on sbtest2_pkey  (cost=0.00..30.64 rows=1020 width=0)
	                    Index Cond: ((id >= 6067420) AND (id <= 6068419))

table 3 : explain SELECT DISTINCT c FROM sbtest3 WHERE id BETWEEN 7976033 AND 7977032 ORDER BY c
	Unique  (cost=3892.77..3897.72 rows=991 width=121)
	  ->  Sort  (cost=3892.77..3895.25 rows=991 width=121)
	        Sort Key: c
	        ->  Bitmap Heap Scan on sbtest3  (cost=30.59..3843.45 rows=991 width=121)
	              Recheck Cond: ((id >= 7976033) AND (id <= 7977032))
	              ->  Bitmap Index Scan on sbtest3_pkey  (cost=0.00..30.34 rows=991 width=0)
	                    Index Cond: ((id >= 7976033) AND (id <= 7977032))

table 4 : explain SELECT DISTINCT c FROM sbtest4 WHERE id BETWEEN 8923115 AND 8924114 ORDER BY c
	Unique  (cost=3753.45..3758.23 rows=955 width=121)
	  ->  Sort  (cost=3753.45..3755.84 rows=955 width=121)
	        Sort Key: c
	        ->  Bitmap Heap Scan on sbtest4  (cost=30.22..3706.19 rows=955 width=121)
	              Recheck Cond: ((id >= 8923115) AND (id <= 8924114))
	              ->  Bitmap Index Scan on sbtest4_pkey  (cost=0.00..29.98 rows=955 width=0)
	                    Index Cond: ((id >= 8923115) AND (id <= 8924114))

table 5 : explain SELECT DISTINCT c FROM sbtest5 WHERE id BETWEEN 9359971 AND 9360970 ORDER BY c
	Unique  (cost=3929.26..3934.27 rows=1002 width=121)
	  ->  Sort  (cost=3929.26..3931.76 rows=1002 width=121)
	        Sort Key: c
	        ->  Bitmap Heap Scan on sbtest5  (cost=30.71..3879.31 rows=1002 width=121)
	              Recheck Cond: ((id >= 9359971) AND (id <= 9360970))
	              ->  Bitmap Index Scan on sbtest5_pkey  (cost=0.00..30.45 rows=1002 width=0)
	                    Index Cond: ((id >= 9359971) AND (id <= 9360970))

table 6 : explain SELECT DISTINCT c FROM sbtest6 WHERE id BETWEEN 4882673 AND 4883672 ORDER BY c
	Unique  (cost=4041.85..4047.01 rows=1031 width=121)
	  ->  Sort  (cost=4041.85..4044.43 rows=1031 width=121)
	        Sort Key: c
	        ->  Bitmap Heap Scan on sbtest6  (cost=31.00..3990.25 rows=1031 width=121)
	              Recheck Cond: ((id >= 4882673) AND (id <= 4883672))
	              ->  Bitmap Index Scan on sbtest6_pkey  (cost=0.00..30.75 rows=1031 width=0)
	                    Index Cond: ((id >= 4882673) AND (id <= 4883672))

table 7 : explain SELECT DISTINCT c FROM sbtest7 WHERE id BETWEEN 1738654 AND 1739653 ORDER BY c
	Unique  (cost=3900.85..3905.82 rows=993 width=121)
	  ->  Sort  (cost=3900.85..3903.34 rows=993 width=121)
	        Sort Key: c
	        ->  Bitmap Heap Scan on sbtest7  (cost=30.61..3851.42 rows=993 width=121)
	              Recheck Cond: ((id >= 1738654) AND (id <= 1739653))
	              ->  Bitmap Index Scan on sbtest7_pkey  (cost=0.00..30.36 rows=993 width=0)
	                    Index Cond: ((id >= 1738654) AND (id <= 1739653))

table 8 : explain SELECT DISTINCT c FROM sbtest8 WHERE id BETWEEN 5015926 AND 5016925 ORDER BY c
	Unique  (cost=4001.31..4006.41 rows=1021 width=121)
	  ->  Sort  (cost=4001.31..4003.86 rows=1021 width=121)
	        Sort Key: c
	        ->  Bitmap Heap Scan on sbtest8  (cost=30.90..3950.28 rows=1021 width=121)
	              Recheck Cond: ((id >= 5015926) AND (id <= 5016925))
	              ->  Bitmap Index Scan on sbtest8_pkey  (cost=0.00..30.64 rows=1021 width=0)
	                    Index Cond: ((id >= 5015926) AND (id <= 5016925))

for: simple_ranges
table 1 : explain SELECT c FROM sbtest1 WHERE id BETWEEN 2594490 AND 2595489
	Bitmap Heap Scan on sbtest1  (cost=30.46..3789.53 rows=978 width=121)
	  Recheck Cond: ((id >= 2594490) AND (id <= 2595489))
	  ->  Bitmap Index Scan on sbtest1_pkey  (cost=0.00..30.21 rows=978 width=0)
	        Index Cond: ((id >= 2594490) AND (id <= 2595489))

table 2 : explain SELECT c FROM sbtest2 WHERE id BETWEEN 6010898 AND 6011897
	Bitmap Heap Scan on sbtest2  (cost=25.49..3425.35 rows=883 width=121)
	  Recheck Cond: ((id >= 6010898) AND (id <= 6011897))
	  ->  Bitmap Index Scan on sbtest2_pkey  (cost=0.00..25.26 rows=883 width=0)
	        Index Cond: ((id >= 6010898) AND (id <= 6011897))

table 3 : explain SELECT c FROM sbtest3 WHERE id BETWEEN 7557077 AND 7558076
	Bitmap Heap Scan on sbtest3  (cost=29.76..3536.88 rows=910 width=121)
	  Recheck Cond: ((id >= 7557077) AND (id <= 7558076))
	  ->  Bitmap Index Scan on sbtest3_pkey  (cost=0.00..29.54 rows=910 width=0)
	        Index Cond: ((id >= 7557077) AND (id <= 7558076))

table 4 : explain SELECT c FROM sbtest4 WHERE id BETWEEN 4709245 AND 4710244
	Bitmap Heap Scan on sbtest4  (cost=25.70..3509.11 rows=904 width=121)
	  Recheck Cond: ((id >= 4709245) AND (id <= 4710244))
	  ->  Bitmap Index Scan on sbtest4_pkey  (cost=0.00..25.47 rows=904 width=0)
	        Index Cond: ((id >= 4709245) AND (id <= 4710244))

table 5 : explain SELECT c FROM sbtest5 WHERE id BETWEEN 3592851 AND 3593850
	Bitmap Heap Scan on sbtest5  (cost=30.82..3920.77 rows=1013 width=121)
	  Recheck Cond: ((id >= 3592851) AND (id <= 3593850))
	  ->  Bitmap Index Scan on sbtest5_pkey  (cost=0.00..30.57 rows=1013 width=0)
	        Index Cond: ((id >= 3592851) AND (id <= 3593850))

table 6 : explain SELECT c FROM sbtest6 WHERE id BETWEEN 7401429 AND 7402428
	Bitmap Heap Scan on sbtest6  (cost=30.79..3911.09 rows=1010 width=121)
	  Recheck Cond: ((id >= 7401429) AND (id <= 7402428))
	  ->  Bitmap Index Scan on sbtest6_pkey  (cost=0.00..30.54 rows=1010 width=0)
	        Index Cond: ((id >= 7401429) AND (id <= 7402428))

table 7 : explain SELECT c FROM sbtest7 WHERE id BETWEEN 9324353 AND 9325352
	Bitmap Heap Scan on sbtest7  (cost=29.85..3571.35 rows=919 width=121)
	  Recheck Cond: ((id >= 9324353) AND (id <= 9325352))
	  ->  Bitmap Index Scan on sbtest7_pkey  (cost=0.00..29.62 rows=919 width=0)
	        Index Cond: ((id >= 9324353) AND (id <= 9325352))

table 8 : explain SELECT c FROM sbtest8 WHERE id BETWEEN 592201 AND 593200
	Bitmap Heap Scan on sbtest8  (cost=30.48..3795.75 rows=980 width=121)
	  Recheck Cond: ((id >= 592201) AND (id <= 593200))
	  ->  Bitmap Index Scan on sbtest8_pkey  (cost=0.00..30.23 rows=980 width=0)
	        Index Cond: ((id >= 592201) AND (id <= 593200))

for: order_ranges
table 1 : explain SELECT c FROM sbtest1 WHERE id BETWEEN 2520195 AND 2521194 ORDER BY c
	Sort  (cost=4006.55..4009.10 rows=1022 width=121)
	  Sort Key: c
	  ->  Bitmap Heap Scan on sbtest1  (cost=30.91..3955.46 rows=1022 width=121)
	        Recheck Cond: ((id >= 2520195) AND (id <= 2521194))
	        ->  Bitmap Index Scan on sbtest1_pkey  (cost=0.00..30.65 rows=1022 width=0)
	              Index Cond: ((id >= 2520195) AND (id <= 2521194))

table 2 : explain SELECT c FROM sbtest2 WHERE id BETWEEN 9746040 AND 9747039 ORDER BY c
	Sort  (cost=3890.48..3892.96 rows=992 width=121)
	  Sort Key: c
	  ->  Bitmap Heap Scan on sbtest2  (cost=30.60..3841.10 rows=992 width=121)
	        Recheck Cond: ((id >= 9746040) AND (id <= 9747039))
	        ->  Bitmap Index Scan on sbtest2_pkey  (cost=0.00..30.36 rows=992 width=0)
	              Index Cond: ((id >= 9746040) AND (id <= 9747039))

table 3 : explain SELECT c FROM sbtest3 WHERE id BETWEEN 149298 AND 150297 ORDER BY c
	Sort  (cost=4061.47..4064.06 rows=1035 width=121)
	  Sort Key: c
	  ->  Bitmap Heap Scan on sbtest3  (cost=31.04..4009.64 rows=1035 width=121)
	        Recheck Cond: ((id >= 149298) AND (id <= 150297))
	        ->  Bitmap Index Scan on sbtest3_pkey  (cost=0.00..30.79 rows=1035 width=0)
	              Index Cond: ((id >= 149298) AND (id <= 150297))

table 4 : explain SELECT c FROM sbtest4 WHERE id BETWEEN 4106905 AND 4107904 ORDER BY c
	Sort  (cost=4102.34..4104.95 rows=1046 width=121)
	  Sort Key: c
	  ->  Bitmap Heap Scan on sbtest4  (cost=31.16..4049.88 rows=1046 width=121)
	        Recheck Cond: ((id >= 4106905) AND (id <= 4107904))
	        ->  Bitmap Index Scan on sbtest4_pkey  (cost=0.00..30.89 rows=1046 width=0)
	              Index Cond: ((id >= 4106905) AND (id <= 4107904))

table 5 : explain SELECT c FROM sbtest5 WHERE id BETWEEN 5677842 AND 5678841 ORDER BY c
	Sort  (cost=4021.07..4023.63 rows=1026 width=121)
	  Sort Key: c
	  ->  Bitmap Heap Scan on sbtest5  (cost=30.95..3969.75 rows=1026 width=121)
	        Recheck Cond: ((id >= 5677842) AND (id <= 5678841))
	        ->  Bitmap Index Scan on sbtest5_pkey  (cost=0.00..30.69 rows=1026 width=0)
	              Index Cond: ((id >= 5677842) AND (id <= 5678841))

table 6 : explain SELECT c FROM sbtest6 WHERE id BETWEEN 6955185 AND 6956184 ORDER BY c
	Sort  (cost=4072.46..4075.06 rows=1039 width=121)
	  Sort Key: c
	  ->  Bitmap Heap Scan on sbtest6  (cost=31.08..4020.40 rows=1039 width=121)
	        Recheck Cond: ((id >= 6955185) AND (id <= 6956184))
	        ->  Bitmap Index Scan on sbtest6_pkey  (cost=0.00..30.82 rows=1039 width=0)
	              Index Cond: ((id >= 6955185) AND (id <= 6956184))

table 7 : explain SELECT c FROM sbtest7 WHERE id BETWEEN 7388497 AND 7389496 ORDER BY c
	Sort  (cost=4345.37..4348.14 rows=1108 width=121)
	  Sort Key: c
	  ->  Bitmap Heap Scan on sbtest7  (cost=35.79..4289.34 rows=1108 width=121)
	        Recheck Cond: ((id >= 7388497) AND (id <= 7389496))
	        ->  Bitmap Index Scan on sbtest7_pkey  (cost=0.00..35.52 rows=1108 width=0)
	              Index Cond: ((id >= 7388497) AND (id <= 7389496))

table 8 : explain SELECT c FROM sbtest8 WHERE id BETWEEN 3495732 AND 3496731 ORDER BY c
	Sort  (cost=4142.71..4145.35 rows=1058 width=121)
	  Sort Key: c
	  ->  Bitmap Heap Scan on sbtest8  (cost=31.28..4089.56 rows=1058 width=121)
	        Recheck Cond: ((id >= 3495732) AND (id <= 3496731))
	        ->  Bitmap Index Scan on sbtest8_pkey  (cost=0.00..31.01 rows=1058 width=0)
	              Index Cond: ((id >= 3495732) AND (id <= 3496731))

explain: for point_selects :: explain SELECT c FROM sbtest%u WHERE id=%u
for: sum_ranges
table 1 : explain SELECT SUM(k) FROM sbtest1 WHERE id BETWEEN 3236712 AND 3237711
	Aggregate  (cost=3731.53..3731.54 rows=1 width=8)
	  ->  Bitmap Heap Scan on sbtest1  (cost=30.30..3729.13 rows=962 width=4)
	        Recheck Cond: ((id >= 3236712) AND (id <= 3237711))
	        ->  Bitmap Index Scan on sbtest1_pkey  (cost=0.00..30.05 rows=962 width=0)
	              Index Cond: ((id >= 3236712) AND (id <= 3237711))

table 2 : explain SELECT SUM(k) FROM sbtest2 WHERE id BETWEEN 5113363 AND 5114362
	Aggregate  (cost=3885.08..3885.09 rows=1 width=8)
	  ->  Bitmap Heap Scan on sbtest2  (cost=30.72..3882.57 rows=1003 width=4)
	        Recheck Cond: ((id >= 5113363) AND (id <= 5114362))
	        ->  Bitmap Index Scan on sbtest2_pkey  (cost=0.00..30.46 rows=1003 width=0)
	              Index Cond: ((id >= 5113363) AND (id <= 5114362))

table 3 : explain SELECT SUM(k) FROM sbtest3 WHERE id BETWEEN 2111283 AND 2112282
	Aggregate  (cost=3929.11..3929.12 rows=1 width=8)
	  ->  Bitmap Heap Scan on sbtest3  (cost=30.82..3926.58 rows=1013 width=4)
	        Recheck Cond: ((id >= 2111283) AND (id <= 2112282))
	        ->  Bitmap Index Scan on sbtest3_pkey  (cost=0.00..30.57 rows=1013 width=0)
	              Index Cond: ((id >= 2111283) AND (id <= 2112282))

table 4 : explain SELECT SUM(k) FROM sbtest4 WHERE id BETWEEN 2699710 AND 2700709
	Aggregate  (cost=3988.32..3988.33 rows=1 width=8)
	  ->  Bitmap Heap Scan on sbtest4  (cost=30.98..3985.75 rows=1029 width=4)
	        Recheck Cond: ((id >= 2699710) AND (id <= 2700709))
	        ->  Bitmap Index Scan on sbtest4_pkey  (cost=0.00..30.72 rows=1029 width=0)
	              Index Cond: ((id >= 2699710) AND (id <= 2700709))

table 5 : explain SELECT SUM(k) FROM sbtest5 WHERE id BETWEEN 8895454 AND 8896453
	Aggregate  (cost=3795.02..3795.03 rows=1 width=8)
	  ->  Bitmap Heap Scan on sbtest5  (cost=30.47..3792.57 rows=979 width=4)
	        Recheck Cond: ((id >= 8895454) AND (id <= 8896453))
	        ->  Bitmap Index Scan on sbtest5_pkey  (cost=0.00..30.22 rows=979 width=0)
	              Index Cond: ((id >= 8895454) AND (id <= 8896453))

table 6 : explain SELECT SUM(k) FROM sbtest6 WHERE id BETWEEN 6525621 AND 6526620
	Aggregate  (cost=3996.60..3996.61 rows=1 width=8)
	  ->  Bitmap Heap Scan on sbtest6  (cost=31.01..3994.02 rows=1032 width=4)
	        Recheck Cond: ((id >= 6525621) AND (id <= 6526620))
	        ->  Bitmap Index Scan on sbtest6_pkey  (cost=0.00..30.75 rows=1032 width=0)
	              Index Cond: ((id >= 6525621) AND (id <= 6526620))

table 7 : explain SELECT SUM(k) FROM sbtest7 WHERE id BETWEEN 9780480 AND 9781479
	Aggregate  (cost=3490.19..3490.20 rows=1 width=8)
	  ->  Bitmap Heap Scan on sbtest7  (cost=29.63..3487.95 rows=897 width=4)
	        Recheck Cond: ((id >= 9780480) AND (id <= 9781479))
	        ->  Bitmap Index Scan on sbtest7_pkey  (cost=0.00..29.40 rows=897 width=0)
	              Index Cond: ((id >= 9780480) AND (id <= 9781479))

table 8 : explain SELECT SUM(k) FROM sbtest8 WHERE id BETWEEN 7613071 AND 7614070
	Aggregate  (cost=3786.87..3786.88 rows=1 width=8)
	  ->  Bitmap Heap Scan on sbtest8  (cost=30.45..3784.43 rows=977 width=4)
	        Recheck Cond: ((id >= 7613071) AND (id <= 7614070))
	        ->  Bitmap Index Scan on sbtest8_pkey  (cost=0.00..30.20 rows=977 width=0)
	              Index Cond: ((id >= 7613071) AND (id <= 7614070))

for: distinct_ranges
table 1 : explain SELECT DISTINCT c FROM sbtest1 WHERE id BETWEEN 8782132 AND 8783131 ORDER BY c
	Unique  (cost=4060.10..4065.28 rows=1036 width=121)
	  ->  Sort  (cost=4060.10..4062.69 rows=1036 width=121)
	        Sort Key: c
	        ->  Bitmap Heap Scan on sbtest1  (cost=31.05..4008.21 rows=1036 width=121)
	              Recheck Cond: ((id >= 8782132) AND (id <= 8783131))
	              ->  Bitmap Index Scan on sbtest1_pkey  (cost=0.00..30.79 rows=1036 width=0)
	                    Index Cond: ((id >= 8782132) AND (id <= 8783131))

table 2 : explain SELECT DISTINCT c FROM sbtest2 WHERE id BETWEEN 9662949 AND 9663948 ORDER BY c
	Unique  (cost=3829.22..3834.10 rows=976 width=121)
	  ->  Sort  (cost=3829.22..3831.66 rows=976 width=121)
	        Sort Key: c
	        ->  Bitmap Heap Scan on sbtest2  (cost=30.44..3780.76 rows=976 width=121)
	              Recheck Cond: ((id >= 9662949) AND (id <= 9663948))
	              ->  Bitmap Index Scan on sbtest2_pkey  (cost=0.00..30.19 rows=976 width=0)
	                    Index Cond: ((id >= 9662949) AND (id <= 9663948))

table 3 : explain SELECT DISTINCT c FROM sbtest3 WHERE id BETWEEN 5704698 AND 5705697 ORDER BY c
	Unique  (cost=4023.15..4028.28 rows=1025 width=121)
	  ->  Sort  (cost=4023.15..4025.71 rows=1025 width=121)
	        Sort Key: c
	        ->  Bitmap Heap Scan on sbtest3  (cost=30.94..3971.89 rows=1025 width=121)
	              Recheck Cond: ((id >= 5704698) AND (id <= 5705697))
	              ->  Bitmap Index Scan on sbtest3_pkey  (cost=0.00..30.68 rows=1025 width=0)
	                    Index Cond: ((id >= 5704698) AND (id <= 5705697))

table 4 : explain SELECT DISTINCT c FROM sbtest4 WHERE id BETWEEN 7773962 AND 7774961 ORDER BY c
	Unique  (cost=3826.38..3831.25 rows=974 width=121)
	  ->  Sort  (cost=3826.38..3828.81 rows=974 width=121)
	        Sort Key: c
	        ->  Bitmap Heap Scan on sbtest4  (cost=30.42..3778.03 rows=974 width=121)
	              Recheck Cond: ((id >= 7773962) AND (id <= 7774961))
	              ->  Bitmap Index Scan on sbtest4_pkey  (cost=0.00..30.18 rows=974 width=0)
	                    Index Cond: ((id >= 7773962) AND (id <= 7774961))

table 5 : explain SELECT DISTINCT c FROM sbtest5 WHERE id BETWEEN 9998479 AND 9999478 ORDER BY c
	Unique  (cost=3902.46..3907.44 rows=995 width=121)
	  ->  Sort  (cost=3902.46..3904.95 rows=995 width=121)
	        Sort Key: c
	        ->  Bitmap Heap Scan on sbtest5  (cost=30.63..3852.92 rows=995 width=121)
	              Recheck Cond: ((id >= 9998479) AND (id <= 9999478))
	              ->  Bitmap Index Scan on sbtest5_pkey  (cost=0.00..30.39 rows=995 width=0)
	                    Index Cond: ((id >= 9998479) AND (id <= 9999478))

table 6 : explain SELECT DISTINCT c FROM sbtest6 WHERE id BETWEEN 6596146 AND 6597145 ORDER BY c
	Unique  (cost=3585.57..3590.13 rows=913 width=121)
	  ->  Sort  (cost=3585.57..3587.85 rows=913 width=121)
	        Sort Key: c
	        ->  Bitmap Heap Scan on sbtest6  (cost=25.79..3540.67 rows=913 width=121)
	              Recheck Cond: ((id >= 6596146) AND (id <= 6597145))
	              ->  Bitmap Index Scan on sbtest6_pkey  (cost=0.00..25.57 rows=913 width=0)
	                    Index Cond: ((id >= 6596146) AND (id <= 6597145))

table 7 : explain SELECT DISTINCT c FROM sbtest7 WHERE id BETWEEN 5583091 AND 5584090 ORDER BY c
	Unique  (cost=4054.25..4059.41 rows=1033 width=121)
	  ->  Sort  (cost=4054.25..4056.83 rows=1033 width=121)
	        Sort Key: c
	        ->  Bitmap Heap Scan on sbtest7  (cost=31.02..4002.53 rows=1033 width=121)
	              Recheck Cond: ((id >= 5583091) AND (id <= 5584090))
	              ->  Bitmap Index Scan on sbtest7_pkey  (cost=0.00..30.76 rows=1033 width=0)
	                    Index Cond: ((id >= 5583091) AND (id <= 5584090))

table 8 : explain SELECT DISTINCT c FROM sbtest8 WHERE id BETWEEN 5179275 AND 5180274 ORDER BY c
	Unique  (cost=4192.35..4197.70 rows=1071 width=121)
	  ->  Sort  (cost=4192.35..4195.02 rows=1071 width=121)
	        Sort Key: c
	        ->  Bitmap Heap Scan on sbtest8  (cost=31.41..4138.45 rows=1071 width=121)
	              Recheck Cond: ((id >= 5179275) AND (id <= 5180274))
	              ->  Bitmap Index Scan on sbtest8_pkey  (cost=0.00..31.14 rows=1071 width=0)
	                    Index Cond: ((id >= 5179275) AND (id <= 5180274))

for point_selects
table 1 : explain SELECT c FROM sbtest1 WHERE id=5623947
	Index Scan using sbtest1_pkey on sbtest1  (cost=0.43..8.45 rows=1 width=121)
	  Index Cond: (id = 5623947)

table 2 : explain SELECT c FROM sbtest2 WHERE id=5009533
	Index Scan using sbtest2_pkey on sbtest2  (cost=0.43..8.45 rows=1 width=121)
	  Index Cond: (id = 5009533)

table 3 : explain SELECT c FROM sbtest3 WHERE id=4901857
	Index Scan using sbtest3_pkey on sbtest3  (cost=0.43..8.45 rows=1 width=121)
	  Index Cond: (id = 4901857)

table 4 : explain SELECT c FROM sbtest4 WHERE id=4507164
	Index Scan using sbtest4_pkey on sbtest4  (cost=0.43..8.45 rows=1 width=121)
	  Index Cond: (id = 4507164)

table 5 : explain SELECT c FROM sbtest5 WHERE id=2249857
	Index Scan using sbtest5_pkey on sbtest5  (cost=0.43..8.45 rows=1 width=121)
	  Index Cond: (id = 2249857)

table 6 : explain SELECT c FROM sbtest6 WHERE id=4391953
	Index Scan using sbtest6_pkey on sbtest6  (cost=0.43..8.45 rows=1 width=121)
	  Index Cond: (id = 4391953)

table 7 : explain SELECT c FROM sbtest7 WHERE id=2798525
	Index Scan using sbtest7_pkey on sbtest7  (cost=0.43..8.45 rows=1 width=121)
	  Index Cond: (id = 2798525)

table 8 : explain SELECT c FROM sbtest8 WHERE id=9045058
	Index Scan using sbtest8_pkey on sbtest8  (cost=0.43..8.45 rows=1 width=121)
	  Index Cond: (id = 9045058)

for: sum_ranges
table 1 : explain SELECT SUM(k) FROM sbtest1 WHERE id BETWEEN 5473517 AND 5474516
	Aggregate  (cost=3667.28..3667.29 rows=1 width=8)
	  ->  Bitmap Heap Scan on sbtest1  (cost=30.12..3664.91 rows=945 width=4)
	        Recheck Cond: ((id >= 5473517) AND (id <= 5474516))
	        ->  Bitmap Index Scan on sbtest1_pkey  (cost=0.00..29.89 rows=945 width=0)
	              Index Cond: ((id >= 5473517) AND (id <= 5474516))

table 2 : explain SELECT SUM(k) FROM sbtest2 WHERE id BETWEEN 390328 AND 391327
	Aggregate  (cost=3956.71..3956.72 rows=1 width=8)
	  ->  Bitmap Heap Scan on sbtest2  (cost=30.91..3954.16 rows=1022 width=4)
	        Recheck Cond: ((id >= 390328) AND (id <= 391327))
	        ->  Bitmap Index Scan on sbtest2_pkey  (cost=0.00..30.65 rows=1022 width=0)
	              Index Cond: ((id >= 390328) AND (id <= 391327))

table 3 : explain SELECT SUM(k) FROM sbtest3 WHERE id BETWEEN 8663349 AND 8664348
	Aggregate  (cost=3683.18..3683.19 rows=1 width=8)
	  ->  Bitmap Heap Scan on sbtest3  (cost=30.15..3680.81 rows=948 width=4)
	        Recheck Cond: ((id >= 8663349) AND (id <= 8664348))
	        ->  Bitmap Index Scan on sbtest3_pkey  (cost=0.00..29.91 rows=948 width=0)
	              Index Cond: ((id >= 8663349) AND (id <= 8664348))

table 4 : explain SELECT SUM(k) FROM sbtest4 WHERE id BETWEEN 407302 AND 408301
	Aggregate  (cost=3685.86..3685.87 rows=1 width=8)
	  ->  Bitmap Heap Scan on sbtest4  (cost=30.16..3683.49 rows=949 width=4)
	        Recheck Cond: ((id >= 407302) AND (id <= 408301))
	        ->  Bitmap Index Scan on sbtest4_pkey  (cost=0.00..29.93 rows=949 width=0)
	              Index Cond: ((id >= 407302) AND (id <= 408301))

table 5 : explain SELECT SUM(k) FROM sbtest5 WHERE id BETWEEN 5619003 AND 5620002
	Aggregate  (cost=3885.59..3885.60 rows=1 width=8)
	  ->  Bitmap Heap Scan on sbtest5  (cost=30.72..3883.08 rows=1003 width=4)
	        Recheck Cond: ((id >= 5619003) AND (id <= 5620002))
	        ->  Bitmap Index Scan on sbtest5_pkey  (cost=0.00..30.46 rows=1003 width=0)
	              Index Cond: ((id >= 5619003) AND (id <= 5620002))

table 6 : explain SELECT SUM(k) FROM sbtest6 WHERE id BETWEEN 2156184 AND 2157183
	Aggregate  (cost=3864.54..3864.55 rows=1 width=8)
	  ->  Bitmap Heap Scan on sbtest6  (cost=30.65..3862.05 rows=997 width=4)
	        Recheck Cond: ((id >= 2156184) AND (id <= 2157183))
	        ->  Bitmap Index Scan on sbtest6_pkey  (cost=0.00..30.40 rows=997 width=0)
	              Index Cond: ((id >= 2156184) AND (id <= 2157183))

table 7 : explain SELECT SUM(k) FROM sbtest7 WHERE id BETWEEN 9458659 AND 9459658
	Aggregate  (cost=3638.09..3638.10 rows=1 width=8)
	  ->  Bitmap Heap Scan on sbtest7  (cost=30.03..3635.75 rows=936 width=4)
	        Recheck Cond: ((id >= 9458659) AND (id <= 9459658))
	        ->  Bitmap Index Scan on sbtest7_pkey  (cost=0.00..29.79 rows=936 width=0)
	              Index Cond: ((id >= 9458659) AND (id <= 9459658))

table 8 : explain SELECT SUM(k) FROM sbtest8 WHERE id BETWEEN 4768165 AND 4769164
	Aggregate  (cost=4043.25..4043.26 rows=1 width=8)
	  ->  Bitmap Heap Scan on sbtest8  (cost=31.15..4040.64 rows=1045 width=4)
	        Recheck Cond: ((id >= 4768165) AND (id <= 4769164))
	        ->  Bitmap Index Scan on sbtest8_pkey  (cost=0.00..30.89 rows=1045 width=0)
	              Index Cond: ((id >= 4768165) AND (id <= 4769164))

for: distinct_ranges
table 1 : explain SELECT DISTINCT c FROM sbtest1 WHERE id BETWEEN 7904187 AND 7905186 ORDER BY c
	Unique  (cost=3903.21..3908.19 rows=995 width=121)
	  ->  Sort  (cost=3903.21..3905.70 rows=995 width=121)
	        Sort Key: c
	        ->  Bitmap Heap Scan on sbtest1  (cost=30.63..3853.67 rows=995 width=121)
	              Recheck Cond: ((id >= 7904187) AND (id <= 7905186))
	              ->  Bitmap Index Scan on sbtest1_pkey  (cost=0.00..30.39 rows=995 width=0)
	                    Index Cond: ((id >= 7904187) AND (id <= 7905186))

table 2 : explain SELECT DISTINCT c FROM sbtest2 WHERE id BETWEEN 6497285 AND 6498284 ORDER BY c
	Unique  (cost=4131.36..4136.64 rows=1055 width=121)
	  ->  Sort  (cost=4131.36..4134.00 rows=1055 width=121)
	        Sort Key: c
	        ->  Bitmap Heap Scan on sbtest2  (cost=31.25..4078.38 rows=1055 width=121)
	              Recheck Cond: ((id >= 6497285) AND (id <= 6498284))
	              ->  Bitmap Index Scan on sbtest2_pkey  (cost=0.00..30.98 rows=1055 width=0)
	                    Index Cond: ((id >= 6497285) AND (id <= 6498284))

table 3 : explain SELECT DISTINCT c FROM sbtest3 WHERE id BETWEEN 3466206 AND 3467205 ORDER BY c
	Unique  (cost=4095.95..4101.17 rows=1044 width=121)
	  ->  Sort  (cost=4095.95..4098.56 rows=1044 width=121)
	        Sort Key: c
	        ->  Bitmap Heap Scan on sbtest3  (cost=31.14..4043.61 rows=1044 width=121)
	              Recheck Cond: ((id >= 3466206) AND (id <= 3467205))
	              ->  Bitmap Index Scan on sbtest3_pkey  (cost=0.00..30.87 rows=1044 width=0)
	                    Index Cond: ((id >= 3466206) AND (id <= 3467205))

table 4 : explain SELECT DISTINCT c FROM sbtest4 WHERE id BETWEEN 5687698 AND 5688697 ORDER BY c
	Unique  (cost=4155.93..4161.23 rows=1060 width=121)
	  ->  Sort  (cost=4155.93..4158.58 rows=1060 width=121)
	        Sort Key: c
	        ->  Bitmap Heap Scan on sbtest4  (cost=31.30..4102.66 rows=1060 width=121)
	              Recheck Cond: ((id >= 5687698) AND (id <= 5688697))
	              ->  Bitmap Index Scan on sbtest4_pkey  (cost=0.00..31.04 rows=1060 width=0)
	                    Index Cond: ((id >= 5687698) AND (id <= 5688697))

table 5 : explain SELECT DISTINCT c FROM sbtest5 WHERE id BETWEEN 807576 AND 808575 ORDER BY c
	Unique  (cost=4402.97..4408.60 rows=1127 width=121)
	  ->  Sort  (cost=4402.97..4405.79 rows=1127 width=121)
	        Sort Key: c
	        ->  Bitmap Heap Scan on sbtest5  (cost=31.99..4345.84 rows=1127 width=121)
	              Recheck Cond: ((id >= 807576) AND (id <= 808575))
	              ->  Bitmap Index Scan on sbtest5_pkey  (cost=0.00..31.70 rows=1127 width=0)
	                    Index Cond: ((id >= 807576) AND (id <= 808575))

table 6 : explain SELECT DISTINCT c FROM sbtest6 WHERE id BETWEEN 9243310 AND 9244309 ORDER BY c
	Unique  (cost=4087.76..4092.97 rows=1043 width=121)
	  ->  Sort  (cost=4087.76..4090.36 rows=1043 width=121)
	        Sort Key: c
	        ->  Bitmap Heap Scan on sbtest6  (cost=31.13..4035.47 rows=1043 width=121)
	              Recheck Cond: ((id >= 9243310) AND (id <= 9244309))
	              ->  Bitmap Index Scan on sbtest6_pkey  (cost=0.00..30.86 rows=1043 width=0)
	                    Index Cond: ((id >= 9243310) AND (id <= 9244309))

table 7 : explain SELECT DISTINCT c FROM sbtest7 WHERE id BETWEEN 7608491 AND 7609490 ORDER BY c
	Unique  (cost=4195.97..4201.32 rows=1070 width=121)
	  ->  Sort  (cost=4195.97..4198.65 rows=1070 width=121)
	        Sort Key: c
	        ->  Bitmap Heap Scan on sbtest7  (cost=31.40..4142.13 rows=1070 width=121)
	              Recheck Cond: ((id >= 7608491) AND (id <= 7609490))
	              ->  Bitmap Index Scan on sbtest7_pkey  (cost=0.00..31.14 rows=1070 width=0)
	                    Index Cond: ((id >= 7608491) AND (id <= 7609490))

table 8 : explain SELECT DISTINCT c FROM sbtest8 WHERE id BETWEEN 1775325 AND 1776324 ORDER BY c
	Unique  (cost=4222.88..4228.28 rows=1079 width=121)
	  ->  Sort  (cost=4222.88..4225.58 rows=1079 width=121)
	        Sort Key: c
	        ->  Bitmap Heap Scan on sbtest8  (cost=31.49..4168.53 rows=1079 width=121)
	              Recheck Cond: ((id >= 1775325) AND (id <= 1776324))
	              ->  Bitmap Index Scan on sbtest8_pkey  (cost=0.00..31.22 rows=1079 width=0)
	                    Index Cond: ((id >= 1775325) AND (id <= 1776324))

for: order_ranges
table 1 : explain SELECT c FROM sbtest1 WHERE id BETWEEN 7736286 AND 7737285 ORDER BY c
	Sort  (cost=4144.20..4146.84 rows=1058 width=121)
	  Sort Key: c
	  ->  Bitmap Heap Scan on sbtest1  (cost=31.28..4091.05 rows=1058 width=121)
	        Recheck Cond: ((id >= 7736286) AND (id <= 7737285))
	        ->  Bitmap Index Scan on sbtest1_pkey  (cost=0.00..31.01 rows=1058 width=0)
	              Index Cond: ((id >= 7736286) AND (id <= 7737285))

table 2 : explain SELECT c FROM sbtest2 WHERE id BETWEEN 3345875 AND 3346874 ORDER BY c
	Sort  (cost=4001.42..4003.97 rows=1021 width=121)
	  Sort Key: c
	  ->  Bitmap Heap Scan on sbtest2  (cost=30.90..3950.39 rows=1021 width=121)
	        Recheck Cond: ((id >= 3345875) AND (id <= 3346874))
	        ->  Bitmap Index Scan on sbtest2_pkey  (cost=0.00..30.64 rows=1021 width=0)
	              Index Cond: ((id >= 3345875) AND (id <= 3346874))

table 3 : explain SELECT c FROM sbtest3 WHERE id BETWEEN 5604618 AND 5605617 ORDER BY c
	Sort  (cost=4115.11..4117.73 rows=1049 width=121)
	  Sort Key: c
	  ->  Bitmap Heap Scan on sbtest3  (cost=31.19..4062.47 rows=1049 width=121)
	        Recheck Cond: ((id >= 5604618) AND (id <= 5605617))
	        ->  Bitmap Index Scan on sbtest3_pkey  (cost=0.00..30.93 rows=1049 width=0)
	              Index Cond: ((id >= 5604618) AND (id <= 5605617))

table 4 : explain SELECT c FROM sbtest4 WHERE id BETWEEN 935140 AND 936139 ORDER BY c
	Sort  (cost=3803.36..3805.78 rows=968 width=121)
	  Sort Key: c
	  ->  Bitmap Heap Scan on sbtest4  (cost=30.36..3755.35 rows=968 width=121)
	        Recheck Cond: ((id >= 935140) AND (id <= 936139))
	        ->  Bitmap Index Scan on sbtest4_pkey  (cost=0.00..30.11 rows=968 width=0)
	              Index Cond: ((id >= 935140) AND (id <= 936139))

table 5 : explain SELECT c FROM sbtest5 WHERE id BETWEEN 7697598 AND 7698597 ORDER BY c
	Sort  (cost=4364.84..4367.63 rows=1117 width=121)
	  Sort Key: c
	  ->  Bitmap Heap Scan on sbtest5  (cost=31.88..4308.29 rows=1117 width=121)
	        Recheck Cond: ((id >= 7697598) AND (id <= 7698597))
	        ->  Bitmap Index Scan on sbtest5_pkey  (cost=0.00..31.61 rows=1117 width=0)
	              Index Cond: ((id >= 7697598) AND (id <= 7698597))

table 6 : explain SELECT c FROM sbtest6 WHERE id BETWEEN 8222379 AND 8223378 ORDER BY c
	Sort  (cost=4133.64..4136.28 rows=1055 width=121)
	  Sort Key: c
	  ->  Bitmap Heap Scan on sbtest6  (cost=31.25..4080.67 rows=1055 width=121)
	        Recheck Cond: ((id >= 8222379) AND (id <= 8223378))
	        ->  Bitmap Index Scan on sbtest6_pkey  (cost=0.00..30.98 rows=1055 width=0)
	              Index Cond: ((id >= 8222379) AND (id <= 8223378))

table 7 : explain SELECT c FROM sbtest7 WHERE id BETWEEN 3403182 AND 3404181 ORDER BY c
	Sort  (cost=3578.12..3580.39 rows=909 width=121)
	  Sort Key: c
	  ->  Bitmap Heap Scan on sbtest7  (cost=29.75..3533.45 rows=909 width=121)
	        Recheck Cond: ((id >= 3403182) AND (id <= 3404181))
	        ->  Bitmap Index Scan on sbtest7_pkey  (cost=0.00..29.52 rows=909 width=0)
	              Index Cond: ((id >= 3403182) AND (id <= 3404181))

table 8 : explain SELECT c FROM sbtest8 WHERE id BETWEEN 7312827 AND 7313826 ORDER BY c
	Sort  (cost=3506.87..3509.10 rows=893 width=121)
	  Sort Key: c
	  ->  Bitmap Heap Scan on sbtest8  (cost=25.59..3463.10 rows=893 width=121)
	        Recheck Cond: ((id >= 7312827) AND (id <= 7313826))
	        ->  Bitmap Index Scan on sbtest8_pkey  (cost=0.00..25.36 rows=893 width=0)
	              Index Cond: ((id >= 7312827) AND (id <= 7313826))

explain: for point_selects :: explain SELECT c FROM sbtest%u WHERE id=%u
for: simple_ranges
table 1 : explain SELECT c FROM sbtest1 WHERE id BETWEEN 6458292 AND 6459291
	Bitmap Heap Scan on sbtest1  (cost=30.93..3963.00 rows=1024 width=121)
	  Recheck Cond: ((id >= 6458292) AND (id <= 6459291))
	  ->  Bitmap Index Scan on sbtest1_pkey  (cost=0.00..30.68 rows=1024 width=0)
	        Index Cond: ((id >= 6458292) AND (id <= 6459291))

table 2 : explain SELECT c FROM sbtest2 WHERE id BETWEEN 4363922 AND 4364921
	Bitmap Heap Scan on sbtest2  (cost=30.51..3807.16 rows=983 width=121)
	  Recheck Cond: ((id >= 4363922) AND (id <= 4364921))
	  ->  Bitmap Index Scan on sbtest2_pkey  (cost=0.00..30.26 rows=983 width=0)
	        Index Cond: ((id >= 4363922) AND (id <= 4364921))

table 3 : explain SELECT c FROM sbtest3 WHERE id BETWEEN 7958325 AND 7959324
	Bitmap Heap Scan on sbtest3  (cost=30.59..3843.45 rows=991 width=121)
	  Recheck Cond: ((id >= 7958325) AND (id <= 7959324))
	  ->  Bitmap Index Scan on sbtest3_pkey  (cost=0.00..30.34 rows=991 width=0)
	        Index Cond: ((id >= 7958325) AND (id <= 7959324))

table 4 : explain SELECT c FROM sbtest4 WHERE id BETWEEN 5137185 AND 5138184
	Bitmap Heap Scan on sbtest4  (cost=31.06..4015.93 rows=1037 width=121)
	  Recheck Cond: ((id >= 5137185) AND (id <= 5138184))
	  ->  Bitmap Index Scan on sbtest4_pkey  (cost=0.00..30.80 rows=1037 width=0)
	        Index Cond: ((id >= 5137185) AND (id <= 5138184))

table 5 : explain SELECT c FROM sbtest5 WHERE id BETWEEN 4934482 AND 4935481
	Bitmap Heap Scan on sbtest5  (cost=30.32..3735.96 rows=964 width=121)
	  Recheck Cond: ((id >= 4934482) AND (id <= 4935481))
	  ->  Bitmap Index Scan on sbtest5_pkey  (cost=0.00..30.07 rows=964 width=0)
	        Index Cond: ((id >= 4934482) AND (id <= 4935481))

table 6 : explain SELECT c FROM sbtest6 WHERE id BETWEEN 5448727 AND 5449726
	Bitmap Heap Scan on sbtest6  (cost=31.17..4050.54 rows=1047 width=121)
	  Recheck Cond: ((id >= 5448727) AND (id <= 5449726))
	  ->  Bitmap Index Scan on sbtest6_pkey  (cost=0.00..30.90 rows=1047 width=0)
	        Index Cond: ((id >= 5448727) AND (id <= 5449726))

table 7 : explain SELECT c FROM sbtest7 WHERE id BETWEEN 4336003 AND 4337002
	Bitmap Heap Scan on sbtest7  (cost=29.89..3582.72 rows=922 width=121)
	  Recheck Cond: ((id >= 4336003) AND (id <= 4337002))
	  ->  Bitmap Index Scan on sbtest7_pkey  (cost=0.00..29.65 rows=922 width=0)
	        Index Cond: ((id >= 4336003) AND (id <= 4337002))

table 8 : explain SELECT c FROM sbtest8 WHERE id BETWEEN 5333862 AND 5334861
	Bitmap Heap Scan on sbtest8  (cost=30.76..3897.54 rows=1007 width=121)
	  Recheck Cond: ((id >= 5333862) AND (id <= 5334861))
	  ->  Bitmap Index Scan on sbtest8_pkey  (cost=0.00..30.50 rows=1007 width=0)
	        Index Cond: ((id >= 5333862) AND (id <= 5334861))

for: order_ranges
table 1 : explain SELECT c FROM sbtest1 WHERE id BETWEEN 8784828 AND 8785827 ORDER BY c
	Sort  (cost=4060.10..4062.69 rows=1036 width=121)
	  Sort Key: c
	  ->  Bitmap Heap Scan on sbtest1  (cost=31.05..4008.21 rows=1036 width=121)
	        Recheck Cond: ((id >= 8784828) AND (id <= 8785827))
	        ->  Bitmap Index Scan on sbtest1_pkey  (cost=0.00..30.79 rows=1036 width=0)
	              Index Cond: ((id >= 8784828) AND (id <= 8785827))

table 2 : explain SELECT c FROM sbtest2 WHERE id BETWEEN 7099028 AND 7100027 ORDER BY c
	Sort  (cost=3909.61..3912.10 rows=997 width=121)
	  Sort Key: c
	  ->  Bitmap Heap Scan on sbtest2  (cost=30.65..3859.95 rows=997 width=121)
	        Recheck Cond: ((id >= 7099028) AND (id <= 7100027))
	        ->  Bitmap Index Scan on sbtest2_pkey  (cost=0.00..30.40 rows=997 width=0)
	              Index Cond: ((id >= 7099028) AND (id <= 7100027))

table 3 : explain SELECT c FROM sbtest3 WHERE id BETWEEN 9163191 AND 9164190 ORDER BY c
	Sort  (cost=3493.10..3495.32 rows=887 width=121)
	  Sort Key: c
	  ->  Bitmap Heap Scan on sbtest3  (cost=29.53..3449.67 rows=887 width=121)
	        Recheck Cond: ((id >= 9163191) AND (id <= 9164190))
	        ->  Bitmap Index Scan on sbtest3_pkey  (cost=0.00..29.30 rows=887 width=0)
	              Index Cond: ((id >= 9163191) AND (id <= 9164190))

table 4 : explain SELECT c FROM sbtest4 WHERE id BETWEEN 3067575 AND 3068574 ORDER BY c
	Sort  (cost=3887.76..3890.23 rows=990 width=121)
	  Sort Key: c
	  ->  Bitmap Heap Scan on sbtest4  (cost=30.58..3838.50 rows=990 width=121)
	        Recheck Cond: ((id >= 3067575) AND (id <= 3068574))
	        ->  Bitmap Index Scan on sbtest4_pkey  (cost=0.00..30.33 rows=990 width=0)
	              Index Cond: ((id >= 3067575) AND (id <= 3068574))

table 5 : explain SELECT c FROM sbtest5 WHERE id BETWEEN 3423023 AND 3424022 ORDER BY c
	Sort  (cost=3875.67..3878.14 rows=988 width=121)
	  Sort Key: c
	  ->  Bitmap Heap Scan on sbtest5  (cost=30.56..3826.52 rows=988 width=121)
	        Recheck Cond: ((id >= 3423023) AND (id <= 3424022))
	        ->  Bitmap Index Scan on sbtest5_pkey  (cost=0.00..30.32 rows=988 width=0)
	              Index Cond: ((id >= 3423023) AND (id <= 3424022))

table 6 : explain SELECT c FROM sbtest6 WHERE id BETWEEN 9697164 AND 9698163 ORDER BY c
	Sort  (cost=3976.80..3979.33 rows=1014 width=121)
	  Sort Key: c
	  ->  Bitmap Heap Scan on sbtest6  (cost=30.83..3926.17 rows=1014 width=121)
	        Recheck Cond: ((id >= 9697164) AND (id <= 9698163))
	        ->  Bitmap Index Scan on sbtest6_pkey  (cost=0.00..30.57 rows=1014 width=0)
	              Index Cond: ((id >= 9697164) AND (id <= 9698163))

table 7 : explain SELECT c FROM sbtest7 WHERE id BETWEEN 8206839 AND 8207838 ORDER BY c
	Sort  (cost=3562.73..3564.99 rows=905 width=121)
	  Sort Key: c
	  ->  Bitmap Heap Scan on sbtest7  (cost=29.71..3518.28 rows=905 width=121)
	        Recheck Cond: ((id >= 8206839) AND (id <= 8207838))
	        ->  Bitmap Index Scan on sbtest7_pkey  (cost=0.00..29.48 rows=905 width=0)
	              Index Cond: ((id >= 8206839) AND (id <= 8207838))

table 8 : explain SELECT c FROM sbtest8 WHERE id BETWEEN 5867171 AND 5868170 ORDER BY c
	Sort  (cost=4035.72..4038.29 rows=1030 width=121)
	  Sort Key: c
	  ->  Bitmap Heap Scan on sbtest8  (cost=30.99..3984.17 rows=1030 width=121)
	        Recheck Cond: ((id >= 5867171) AND (id <= 5868170))
	        ->  Bitmap Index Scan on sbtest8_pkey  (cost=0.00..30.73 rows=1030 width=0)
	              Index Cond: ((id >= 5867171) AND (id <= 5868170))

for: order_ranges
table 1 : explain SELECT c FROM sbtest1 WHERE id BETWEEN 2517974 AND 2518973 ORDER BY c
	Sort  (cost=4006.55..4009.10 rows=1022 width=121)
	  Sort Key: c
	  ->  Bitmap Heap Scan on sbtest1  (cost=30.91..3955.46 rows=1022 width=121)
	        Recheck Cond: ((id >= 2517974) AND (id <= 2518973))
	        ->  Bitmap Index Scan on sbtest1_pkey  (cost=0.00..30.65 rows=1022 width=0)
	              Index Cond: ((id >= 2517974) AND (id <= 2518973))

table 2 : explain SELECT c FROM sbtest2 WHERE id BETWEEN 7360735 AND 7361734 ORDER BY c
	Sort  (cost=4211.55..4214.24 rows=1076 width=121)
	  Sort Key: c
	  ->  Bitmap Heap Scan on sbtest2  (cost=31.46..4157.37 rows=1076 width=121)
	        Recheck Cond: ((id >= 7360735) AND (id <= 7361734))
	        ->  Bitmap Index Scan on sbtest2_pkey  (cost=0.00..31.19 rows=1076 width=0)
	              Index Cond: ((id >= 7360735) AND (id <= 7361734))

table 3 : explain SELECT c FROM sbtest3 WHERE id BETWEEN 3103740 AND 3104739 ORDER BY c
	Sort  (cost=4049.98..4052.56 rows=1032 width=121)
	  Sort Key: c
	  ->  Bitmap Heap Scan on sbtest3  (cost=31.01..3998.32 rows=1032 width=121)
	        Recheck Cond: ((id >= 3103740) AND (id <= 3104739))
	        ->  Bitmap Index Scan on sbtest3_pkey  (cost=0.00..30.75 rows=1032 width=0)
	              Index Cond: ((id >= 3103740) AND (id <= 3104739))

table 4 : explain SELECT c FROM sbtest4 WHERE id BETWEEN 4024119 AND 4025118 ORDER BY c
	Sort  (cost=3722.74..3725.10 rows=947 width=121)
	  Sort Key: c
	  ->  Bitmap Heap Scan on sbtest4  (cost=30.14..3675.92 rows=947 width=121)
	        Recheck Cond: ((id >= 4024119) AND (id <= 4025118))
	        ->  Bitmap Index Scan on sbtest4_pkey  (cost=0.00..29.90 rows=947 width=0)
	              Index Cond: ((id >= 4024119) AND (id <= 4025118))

table 5 : explain SELECT c FROM sbtest5 WHERE id BETWEEN 7270283 AND 7271282 ORDER BY c
	Sort  (cost=4063.12..4065.72 rows=1037 width=121)
	  Sort Key: c
	  ->  Bitmap Heap Scan on sbtest5  (cost=31.06..4011.18 rows=1037 width=121)
	        Recheck Cond: ((id >= 7270283) AND (id <= 7271282))
	        ->  Bitmap Index Scan on sbtest5_pkey  (cost=0.00..30.80 rows=1037 width=0)
	              Index Cond: ((id >= 7270283) AND (id <= 7271282))

table 6 : explain SELECT c FROM sbtest6 WHERE id BETWEEN 2014633 AND 2015632 ORDER BY c
	Sort  (cost=4148.93..4151.58 rows=1059 width=121)
	  Sort Key: c
	  ->  Bitmap Heap Scan on sbtest6  (cost=31.29..4095.73 rows=1059 width=121)
	        Recheck Cond: ((id >= 2014633) AND (id <= 2015632))
	        ->  Bitmap Index Scan on sbtest6_pkey  (cost=0.00..31.02 rows=1059 width=0)
	              Index Cond: ((id >= 2014633) AND (id <= 2015632))

table 7 : explain SELECT c FROM sbtest7 WHERE id BETWEEN 7936632 AND 7937631 ORDER BY c
	Sort  (cost=3958.40..3960.92 rows=1008 width=121)
	  Sort Key: c
	  ->  Bitmap Heap Scan on sbtest7  (cost=30.77..3908.11 rows=1008 width=121)
	        Recheck Cond: ((id >= 7936632) AND (id <= 7937631))
	        ->  Bitmap Index Scan on sbtest7_pkey  (cost=0.00..30.51 rows=1008 width=0)
	              Index Cond: ((id >= 7936632) AND (id <= 7937631))

table 8 : explain SELECT c FROM sbtest8 WHERE id BETWEEN 2414874 AND 2415873 ORDER BY c
	Sort  (cost=3729.52..3731.90 rows=950 width=121)
	  Sort Key: c
	  ->  Bitmap Heap Scan on sbtest8  (cost=30.17..3682.53 rows=950 width=121)
	        Recheck Cond: ((id >= 2414874) AND (id <= 2415873))
	        ->  Bitmap Index Scan on sbtest8_pkey  (cost=0.00..29.93 rows=950 width=0)
	              Index Cond: ((id >= 2414874) AND (id <= 2415873))

for: distinct_ranges
table 1 : explain SELECT DISTINCT c FROM sbtest1 WHERE id BETWEEN 5223546 AND 5224545 ORDER BY c
	Unique  (cost=3592.51..3597.09 rows=915 width=121)
	  ->  Sort  (cost=3592.51..3594.80 rows=915 width=121)
	        Sort Key: c
	        ->  Bitmap Heap Scan on sbtest1  (cost=25.81..3547.50 rows=915 width=121)
	              Recheck Cond: ((id >= 5223546) AND (id <= 5224545))
	              ->  Bitmap Index Scan on sbtest1_pkey  (cost=0.00..25.58 rows=915 width=0)
	                    Index Cond: ((id >= 5223546) AND (id <= 5224545))

table 2 : explain SELECT DISTINCT c FROM sbtest2 WHERE id BETWEEN 61470 AND 62469 ORDER BY c
	Unique  (cost=4081.69..4086.90 rows=1042 width=121)
	  ->  Sort  (cost=4081.69..4084.30 rows=1042 width=121)
	        Sort Key: c
	        ->  Bitmap Heap Scan on sbtest2  (cost=31.12..4029.46 rows=1042 width=121)
	              Recheck Cond: ((id >= 61470) AND (id <= 62469))
	              ->  Bitmap Index Scan on sbtest2_pkey  (cost=0.00..30.86 rows=1042 width=0)
	                    Index Cond: ((id >= 61470) AND (id <= 62469))

table 3 : explain SELECT DISTINCT c FROM sbtest3 WHERE id BETWEEN 7159663 AND 7160662 ORDER BY c
	Unique  (cost=4176.37..4181.70 rows=1065 width=121)
	  ->  Sort  (cost=4176.37..4179.04 rows=1065 width=121)
	        Sort Key: c
	        ->  Bitmap Heap Scan on sbtest3  (cost=31.35..4122.82 rows=1065 width=121)
	              Recheck Cond: ((id >= 7159663) AND (id <= 7160662))
	              ->  Bitmap Index Scan on sbtest3_pkey  (cost=0.00..31.08 rows=1065 width=0)
	                    Index Cond: ((id >= 7159663) AND (id <= 7160662))

table 4 : explain SELECT DISTINCT c FROM sbtest4 WHERE id BETWEEN 5209960 AND 5210959 ORDER BY c
	Unique  (cost=3991.26..3996.35 rows=1017 width=121)
	  ->  Sort  (cost=3991.26..3993.80 rows=1017 width=121)
	        Sort Key: c
	        ->  Bitmap Heap Scan on sbtest4  (cost=30.86..3940.46 rows=1017 width=121)
	              Recheck Cond: ((id >= 5209960) AND (id <= 5210959))
	              ->  Bitmap Index Scan on sbtest4_pkey  (cost=0.00..30.61 rows=1017 width=0)
	                    Index Cond: ((id >= 5209960) AND (id <= 5210959))

table 5 : explain SELECT DISTINCT c FROM sbtest5 WHERE id BETWEEN 956755 AND 957754 ORDER BY c
	Unique  (cost=3814.39..3819.25 rows=972 width=121)
	  ->  Sort  (cost=3814.39..3816.82 rows=972 width=121)
	        Sort Key: c
	        ->  Bitmap Heap Scan on sbtest5  (cost=30.40..3766.16 rows=972 width=121)
	              Recheck Cond: ((id >= 956755) AND (id <= 957754))
	              ->  Bitmap Index Scan on sbtest5_pkey  (cost=0.00..30.15 rows=972 width=0)
	                    Index Cond: ((id >= 956755) AND (id <= 957754))

table 6 : explain SELECT DISTINCT c FROM sbtest6 WHERE id BETWEEN 2597492 AND 2598491 ORDER BY c
	Unique  (cost=3808.25..3813.10 rows=970 width=121)
	  ->  Sort  (cost=3808.25..3810.68 rows=970 width=121)
	        Sort Key: c
	        ->  Bitmap Heap Scan on sbtest6  (cost=30.38..3760.13 rows=970 width=121)
	              Recheck Cond: ((id >= 2597492) AND (id <= 2598491))
	              ->  Bitmap Index Scan on sbtest6_pkey  (cost=0.00..30.14 rows=970 width=0)
	                    Index Cond: ((id >= 2597492) AND (id <= 2598491))

table 7 : explain SELECT DISTINCT c FROM sbtest7 WHERE id BETWEEN 2793677 AND 2794676 ORDER BY c
	Unique  (cost=3720.38..3725.11 rows=946 width=121)
	  ->  Sort  (cost=3720.38..3722.74 rows=946 width=121)
	        Sort Key: c
	        ->  Bitmap Heap Scan on sbtest7  (cost=30.13..3673.62 rows=946 width=121)
	              Recheck Cond: ((id >= 2793677) AND (id <= 2794676))
	              ->  Bitmap Index Scan on sbtest7_pkey  (cost=0.00..29.89 rows=946 width=0)
	                    Index Cond: ((id >= 2793677) AND (id <= 2794676))

table 8 : explain SELECT DISTINCT c FROM sbtest8 WHERE id BETWEEN 6586514 AND 6587513 ORDER BY c
	Unique  (cost=4085.40..4090.62 rows=1043 width=121)
	  ->  Sort  (cost=4085.40..4088.01 rows=1043 width=121)
	        Sort Key: c
	        ->  Bitmap Heap Scan on sbtest8  (cost=31.13..4033.11 rows=1043 width=121)
	              Recheck Cond: ((id >= 6586514) AND (id <= 6587513))
	              ->  Bitmap Index Scan on sbtest8_pkey  (cost=0.00..30.86 rows=1043 width=0)
	                    Index Cond: ((id >= 6586514) AND (id <= 6587513))

for point_selects
table 1 : explain SELECT c FROM sbtest1 WHERE id=1648486
	Index Scan using sbtest1_pkey on sbtest1  (cost=0.43..8.45 rows=1 width=121)
	  Index Cond: (id = 1648486)

table 2 : explain SELECT c FROM sbtest2 WHERE id=9168742
	Index Scan using sbtest2_pkey on sbtest2  (cost=0.43..8.45 rows=1 width=121)
	  Index Cond: (id = 9168742)

table 3 : explain SELECT c FROM sbtest3 WHERE id=6102644
	Index Scan using sbtest3_pkey on sbtest3  (cost=0.43..8.45 rows=1 width=121)
	  Index Cond: (id = 6102644)

table 4 : explain SELECT c FROM sbtest4 WHERE id=5528860
	Index Scan using sbtest4_pkey on sbtest4  (cost=0.43..8.45 rows=1 width=121)
	  Index Cond: (id = 5528860)

table 5 : explain SELECT c FROM sbtest5 WHERE id=1089992
	Index Scan using sbtest5_pkey on sbtest5  (cost=0.43..8.45 rows=1 width=121)
	  Index Cond: (id = 1089992)

table 6 : explain SELECT c FROM sbtest6 WHERE id=5174462
	Index Scan using sbtest6_pkey on sbtest6  (cost=0.43..8.45 rows=1 width=121)
	  Index Cond: (id = 5174462)

table 7 : explain SELECT c FROM sbtest7 WHERE id=5482972
	Index Scan using sbtest7_pkey on sbtest7  (cost=0.43..8.45 rows=1 width=121)
	  Index Cond: (id = 5482972)

table 8 : explain SELECT c FROM sbtest8 WHERE id=9903063
	Index Scan using sbtest8_pkey on sbtest8  (cost=0.43..8.45 rows=1 width=121)
	  Index Cond: (id = 9903063)

for point_selects
table 1 : explain SELECT c FROM sbtest1 WHERE id=9783514
	Index Scan using sbtest1_pkey on sbtest1  (cost=0.43..8.45 rows=1 width=121)
	  Index Cond: (id = 9783514)

table 2 : explain SELECT c FROM sbtest2 WHERE id=4568719
	Index Scan using sbtest2_pkey on sbtest2  (cost=0.43..8.45 rows=1 width=121)
	  Index Cond: (id = 4568719)

table 3 : explain SELECT c FROM sbtest3 WHERE id=5832249
	Index Scan using sbtest3_pkey on sbtest3  (cost=0.43..8.45 rows=1 width=121)
	  Index Cond: (id = 5832249)

table 4 : explain SELECT c FROM sbtest4 WHERE id=4296023
	Index Scan using sbtest4_pkey on sbtest4  (cost=0.43..8.45 rows=1 width=121)
	  Index Cond: (id = 4296023)

table 5 : explain SELECT c FROM sbtest5 WHERE id=8987388
	Index Scan using sbtest5_pkey on sbtest5  (cost=0.43..8.45 rows=1 width=121)
	  Index Cond: (id = 8987388)

table 6 : explain SELECT c FROM sbtest6 WHERE id=2817138
	Index Scan using sbtest6_pkey on sbtest6  (cost=0.43..8.45 rows=1 width=121)
	  Index Cond: (id = 2817138)

table 7 : explain SELECT c FROM sbtest7 WHERE id=5372328
	Index Scan using sbtest7_pkey on sbtest7  (cost=0.43..8.45 rows=1 width=121)
	  Index Cond: (id = 5372328)

table 8 : explain SELECT c FROM sbtest8 WHERE id=7494582
	Index Scan using sbtest8_pkey on sbtest8  (cost=0.43..8.45 rows=1 width=121)
	  Index Cond: (id = 7494582)

for point_selects
table 1 : explain SELECT c FROM sbtest1 WHERE id=7029602
	Index Scan using sbtest1_pkey on sbtest1  (cost=0.43..8.45 rows=1 width=121)
	  Index Cond: (id = 7029602)

table 2 : explain SELECT c FROM sbtest2 WHERE id=5326329
	Index Scan using sbtest2_pkey on sbtest2  (cost=0.43..8.45 rows=1 width=121)
	  Index Cond: (id = 5326329)

table 3 : explain SELECT c FROM sbtest3 WHERE id=3699225
	Index Scan using sbtest3_pkey on sbtest3  (cost=0.43..8.45 rows=1 width=121)
	  Index Cond: (id = 3699225)

table 4 : explain SELECT c FROM sbtest4 WHERE id=3242036
	Index Scan using sbtest4_pkey on sbtest4  (cost=0.43..8.45 rows=1 width=121)
	  Index Cond: (id = 3242036)

table 5 : explain SELECT c FROM sbtest5 WHERE id=1830547
	Index Scan using sbtest5_pkey on sbtest5  (cost=0.43..8.45 rows=1 width=121)
	  Index Cond: (id = 1830547)

table 6 : explain SELECT c FROM sbtest6 WHERE id=218614
	Index Scan using sbtest6_pkey on sbtest6  (cost=0.43..8.45 rows=1 width=121)
	  Index Cond: (id = 218614)

table 7 : explain SELECT c FROM sbtest7 WHERE id=6040216
	Index Scan using sbtest7_pkey on sbtest7  (cost=0.43..8.45 rows=1 width=121)
	  Index Cond: (id = 6040216)

table 8 : explain SELECT c FROM sbtest8 WHERE id=764084
	Index Scan using sbtest8_pkey on sbtest8  (cost=0.43..8.45 rows=1 width=121)
	  Index Cond: (id = 764084)

for: order_ranges
table 1 : explain SELECT c FROM sbtest1 WHERE id BETWEEN 309931 AND 310930 ORDER BY c
	Sort  (cost=3903.21..3905.70 rows=995 width=121)
	  Sort Key: c
	  ->  Bitmap Heap Scan on sbtest1  (cost=30.63..3853.67 rows=995 width=121)
	        Recheck Cond: ((id >= 309931) AND (id <= 310930))
	        ->  Bitmap Index Scan on sbtest1_pkey  (cost=0.00..30.39 rows=995 width=0)
	              Index Cond: ((id >= 309931) AND (id <= 310930))

table 2 : explain SELECT c FROM sbtest2 WHERE id BETWEEN 4642073 AND 4643072 ORDER BY c
	Sort  (cost=3702.79..3705.15 rows=943 width=121)
	  Sort Key: c
	  ->  Bitmap Heap Scan on sbtest2  (cost=30.10..3656.20 rows=943 width=121)
	        Recheck Cond: ((id >= 4642073) AND (id <= 4643072))
	        ->  Bitmap Index Scan on sbtest2_pkey  (cost=0.00..29.86 rows=943 width=0)
	              Index Cond: ((id >= 4642073) AND (id <= 4643072))

table 3 : explain SELECT c FROM sbtest3 WHERE id BETWEEN 9773154 AND 9774153 ORDER BY c
	Sort  (cost=4264.39..4267.11 rows=1088 width=121)
	  Sort Key: c
	  ->  Bitmap Heap Scan on sbtest3  (cost=31.59..4209.52 rows=1088 width=121)
	        Recheck Cond: ((id >= 9773154) AND (id <= 9774153))
	        ->  Bitmap Index Scan on sbtest3_pkey  (cost=0.00..31.32 rows=1088 width=0)
	              Index Cond: ((id >= 9773154) AND (id <= 9774153))

table 4 : explain SELECT c FROM sbtest4 WHERE id BETWEEN 8392736 AND 8393735 ORDER BY c
	Sort  (cost=3784.17..3786.57 rows=963 width=121)
	  Sort Key: c
	  ->  Bitmap Heap Scan on sbtest4  (cost=30.31..3736.44 rows=963 width=121)
	        Recheck Cond: ((id >= 8392736) AND (id <= 8393735))
	        ->  Bitmap Index Scan on sbtest4_pkey  (cost=0.00..30.07 rows=963 width=0)
	              Index Cond: ((id >= 8392736) AND (id <= 8393735))

table 5 : explain SELECT c FROM sbtest5 WHERE id BETWEEN 690461 AND 691460 ORDER BY c
	Sort  (cost=4135.74..4138.38 rows=1056 width=121)
	  Sort Key: c
	  ->  Bitmap Heap Scan on sbtest5  (cost=31.26..4082.70 rows=1056 width=121)
	        Recheck Cond: ((id >= 690461) AND (id <= 691460))
	        ->  Bitmap Index Scan on sbtest5_pkey  (cost=0.00..31.00 rows=1056 width=0)
	              Index Cond: ((id >= 690461) AND (id <= 691460))

table 6 : explain SELECT c FROM sbtest6 WHERE id BETWEEN 6862109 AND 6863108 ORDER BY c
	Sort  (cost=3527.95..3530.19 rows=898 width=121)
	  Sort Key: c
	  ->  Bitmap Heap Scan on sbtest6  (cost=25.64..3483.90 rows=898 width=121)
	        Recheck Cond: ((id >= 6862109) AND (id <= 6863108))
	        ->  Bitmap Index Scan on sbtest6_pkey  (cost=0.00..25.41 rows=898 width=0)
	              Index Cond: ((id >= 6862109) AND (id <= 6863108))

table 7 : explain SELECT c FROM sbtest7 WHERE id BETWEEN 8195997 AND 8196996 ORDER BY c
	Sort  (cost=3562.73..3564.99 rows=905 width=121)
	  Sort Key: c
	  ->  Bitmap Heap Scan on sbtest7  (cost=29.71..3518.28 rows=905 width=121)
	        Recheck Cond: ((id >= 8195997) AND (id <= 8196996))
	        ->  Bitmap Index Scan on sbtest7_pkey  (cost=0.00..29.48 rows=905 width=0)
	              Index Cond: ((id >= 8195997) AND (id <= 8196996))

table 8 : explain SELECT c FROM sbtest8 WHERE id BETWEEN 6056072 AND 6057071 ORDER BY c
	Sort  (cost=3733.35..3735.73 rows=951 width=121)
	  Sort Key: c
	  ->  Bitmap Heap Scan on sbtest8  (cost=30.18..3686.31 rows=951 width=121)
	        Recheck Cond: ((id >= 6056072) AND (id <= 6057071))
	        ->  Bitmap Index Scan on sbtest8_pkey  (cost=0.00..29.94 rows=951 width=0)
	              Index Cond: ((id >= 6056072) AND (id <= 6057071))

for: order_ranges
table 1 : explain SELECT c FROM sbtest1 WHERE id BETWEEN 8121581 AND 8122580 ORDER BY c
	Sort  (cost=4083.04..4085.64 rows=1042 width=121)
	  Sort Key: c
	  ->  Bitmap Heap Scan on sbtest1  (cost=31.12..4030.81 rows=1042 width=121)
	        Recheck Cond: ((id >= 8121581) AND (id <= 8122580))
	        ->  Bitmap Index Scan on sbtest1_pkey  (cost=0.00..30.86 rows=1042 width=0)
	              Index Cond: ((id >= 8121581) AND (id <= 8122580))

table 2 : explain SELECT c FROM sbtest2 WHERE id BETWEEN 6171812 AND 6172811 ORDER BY c
	Sort  (cost=4303.14..4305.89 rows=1100 width=121)
	  Sort Key: c
	  ->  Bitmap Heap Scan on sbtest2  (cost=31.71..4247.57 rows=1100 width=121)
	        Recheck Cond: ((id >= 6171812) AND (id <= 6172811))
	        ->  Bitmap Index Scan on sbtest2_pkey  (cost=0.00..31.43 rows=1100 width=0)
	              Index Cond: ((id >= 6171812) AND (id <= 6172811))

table 3 : explain SELECT c FROM sbtest3 WHERE id BETWEEN 6665089 AND 6666088 ORDER BY c
	Sort  (cost=3550.83..3553.08 rows=902 width=121)
	  Sort Key: c
	  ->  Bitmap Heap Scan on sbtest3  (cost=29.68..3506.55 rows=902 width=121)
	        Recheck Cond: ((id >= 6665089) AND (id <= 6666088))
	        ->  Bitmap Index Scan on sbtest3_pkey  (cost=0.00..29.45 rows=902 width=0)
	              Index Cond: ((id >= 6665089) AND (id <= 6666088))

table 4 : explain SELECT c FROM sbtest4 WHERE id BETWEEN 8910646 AND 8911645 ORDER BY c
	Sort  (cost=3753.45..3755.84 rows=955 width=121)
	  Sort Key: c
	  ->  Bitmap Heap Scan on sbtest4  (cost=30.22..3706.19 rows=955 width=121)
	        Recheck Cond: ((id >= 8910646) AND (id <= 8911645))
	        ->  Bitmap Index Scan on sbtest4_pkey  (cost=0.00..29.98 rows=955 width=0)
	              Index Cond: ((id >= 8910646) AND (id <= 8911645))

table 5 : explain SELECT c FROM sbtest5 WHERE id BETWEEN 1505022 AND 1506021 ORDER BY c
	Sort  (cost=3852.69..3855.15 rows=982 width=121)
	  Sort Key: c
	  ->  Bitmap Heap Scan on sbtest5  (cost=30.50..3803.89 rows=982 width=121)
	        Recheck Cond: ((id >= 1505022) AND (id <= 1506021))
	        ->  Bitmap Index Scan on sbtest5_pkey  (cost=0.00..30.25 rows=982 width=0)
	              Index Cond: ((id >= 1505022) AND (id <= 1506021))

table 6 : explain SELECT c FROM sbtest6 WHERE id BETWEEN 744996 AND 745995 ORDER BY c
	Sort  (cost=3577.89..3580.16 rows=911 width=121)
	  Sort Key: c
	  ->  Bitmap Heap Scan on sbtest6  (cost=25.77..3533.10 rows=911 width=121)
	        Recheck Cond: ((id >= 744996) AND (id <= 745995))
	        ->  Bitmap Index Scan on sbtest6_pkey  (cost=0.00..25.54 rows=911 width=0)
	              Index Cond: ((id >= 744996) AND (id <= 745995))

table 7 : explain SELECT c FROM sbtest7 WHERE id BETWEEN 7554835 AND 7555834 ORDER BY c
	Sort  (cost=4195.97..4198.65 rows=1070 width=121)
	  Sort Key: c
	  ->  Bitmap Heap Scan on sbtest7  (cost=31.40..4142.13 rows=1070 width=121)
	        Recheck Cond: ((id >= 7554835) AND (id <= 7555834))
	        ->  Bitmap Index Scan on sbtest7_pkey  (cost=0.00..31.14 rows=1070 width=0)
	              Index Cond: ((id >= 7554835) AND (id <= 7555834))

table 8 : explain SELECT c FROM sbtest8 WHERE id BETWEEN 5397545 AND 5398544 ORDER BY c
	Sort  (cost=3775.50..3777.90 rows=962 width=121)
	  Sort Key: c
	  ->  Bitmap Heap Scan on sbtest8  (cost=30.30..3727.83 rows=962 width=121)
	        Recheck Cond: ((id >= 5397545) AND (id <= 5398544))
	        ->  Bitmap Index Scan on sbtest8_pkey  (cost=0.00..30.05 rows=962 width=0)
	              Index Cond: ((id >= 5397545) AND (id <= 5398544))

for: distinct_ranges
table 1 : explain SELECT DISTINCT c FROM sbtest1 WHERE id BETWEEN 3983703 AND 3984702 ORDER BY c
	Unique  (cost=3592.51..3597.09 rows=915 width=121)
	  ->  Sort  (cost=3592.51..3594.80 rows=915 width=121)
	        Sort Key: c
	        ->  Bitmap Heap Scan on sbtest1  (cost=25.81..3547.50 rows=915 width=121)
	              Recheck Cond: ((id >= 3983703) AND (id <= 3984702))
	              ->  Bitmap Index Scan on sbtest1_pkey  (cost=0.00..25.58 rows=915 width=0)
	                    Index Cond: ((id >= 3983703) AND (id <= 3984702))

table 2 : explain SELECT DISTINCT c FROM sbtest2 WHERE id BETWEEN 7446406 AND 7447405 ORDER BY c
	Unique  (cost=3564.54..3569.08 rows=908 width=121)
	  ->  Sort  (cost=3564.54..3566.81 rows=908 width=121)
	        Sort Key: c
	        ->  Bitmap Heap Scan on sbtest2  (cost=25.74..3519.93 rows=908 width=121)
	              Recheck Cond: ((id >= 7446406) AND (id <= 7447405))
	              ->  Bitmap Index Scan on sbtest2_pkey  (cost=0.00..25.51 rows=908 width=0)
	                    Index Cond: ((id >= 7446406) AND (id <= 7447405))

table 3 : explain SELECT DISTINCT c FROM sbtest3 WHERE id BETWEEN 4465846 AND 4466845 ORDER BY c
	Unique  (cost=3654.66..3659.31 rows=929 width=121)
	  ->  Sort  (cost=3654.66..3656.99 rows=929 width=121)
	        Sort Key: c
	        ->  Bitmap Heap Scan on sbtest3  (cost=29.96..3608.87 rows=929 width=121)
	              Recheck Cond: ((id >= 4465846) AND (id <= 4466845))
	              ->  Bitmap Index Scan on sbtest3_pkey  (cost=0.00..29.72 rows=929 width=0)
	                    Index Cond: ((id >= 4465846) AND (id <= 4466845))

table 4 : explain SELECT DISTINCT c FROM sbtest4 WHERE id BETWEEN 5258645 AND 5259644 ORDER BY c
	Unique  (cost=3991.26..3996.35 rows=1017 width=121)
	  ->  Sort  (cost=3991.26..3993.80 rows=1017 width=121)
	        Sort Key: c
	        ->  Bitmap Heap Scan on sbtest4  (cost=30.86..3940.46 rows=1017 width=121)
	              Recheck Cond: ((id >= 5258645) AND (id <= 5259644))
	              ->  Bitmap Index Scan on sbtest4_pkey  (cost=0.00..30.61 rows=1017 width=0)
	                    Index Cond: ((id >= 5258645) AND (id <= 5259644))

table 5 : explain SELECT DISTINCT c FROM sbtest5 WHERE id BETWEEN 7857832 AND 7858831 ORDER BY c
	Unique  (cost=3825.88..3830.76 rows=975 width=121)
	  ->  Sort  (cost=3825.88..3828.32 rows=975 width=121)
	        Sort Key: c
	        ->  Bitmap Heap Scan on sbtest5  (cost=30.43..3777.48 rows=975 width=121)
	              Recheck Cond: ((id >= 7857832) AND (id <= 7858831))
	              ->  Bitmap Index Scan on sbtest5_pkey  (cost=0.00..30.18 rows=975 width=0)
	                    Index Cond: ((id >= 7857832) AND (id <= 7858831))

table 6 : explain SELECT DISTINCT c FROM sbtest6 WHERE id BETWEEN 2043045 AND 2044044 ORDER BY c
	Unique  (cost=4148.93..4154.23 rows=1059 width=121)
	  ->  Sort  (cost=4148.93..4151.58 rows=1059 width=121)
	        Sort Key: c
	        ->  Bitmap Heap Scan on sbtest6  (cost=31.29..4095.73 rows=1059 width=121)
	              Recheck Cond: ((id >= 2043045) AND (id <= 2044044))
	              ->  Bitmap Index Scan on sbtest6_pkey  (cost=0.00..31.02 rows=1059 width=0)
	                    Index Cond: ((id >= 2043045) AND (id <= 2044044))

table 7 : explain SELECT DISTINCT c FROM sbtest7 WHERE id BETWEEN 4441622 AND 4442621 ORDER BY c
	Unique  (cost=4222.77..4228.15 rows=1077 width=121)
	  ->  Sort  (cost=4222.77..4225.46 rows=1077 width=121)
	        Sort Key: c
	        ->  Bitmap Heap Scan on sbtest7  (cost=31.47..4168.53 rows=1077 width=121)
	              Recheck Cond: ((id >= 4441622) AND (id <= 4442621))
	              ->  Bitmap Index Scan on sbtest7_pkey  (cost=0.00..31.20 rows=1077 width=0)
	                    Index Cond: ((id >= 4441622) AND (id <= 4442621))

table 8 : explain SELECT DISTINCT c FROM sbtest8 WHERE id BETWEEN 8276066 AND 8277065 ORDER BY c
	Unique  (cost=3894.20..3899.16 rows=993 width=121)
	  ->  Sort  (cost=3894.20..3896.68 rows=993 width=121)
	        Sort Key: c
	        ->  Bitmap Heap Scan on sbtest8  (cost=30.61..3844.77 rows=993 width=121)
	              Recheck Cond: ((id >= 8276066) AND (id <= 8277065))
	              ->  Bitmap Index Scan on sbtest8_pkey  (cost=0.00..30.36 rows=993 width=0)
	                    Index Cond: ((id >= 8276066) AND (id <= 8277065))

explain: for point_selects :: explain SELECT c FROM sbtest%u WHERE id=%u
for: distinct_ranges
table 1 : explain SELECT DISTINCT c FROM sbtest1 WHERE id BETWEEN 427976 AND 428975 ORDER BY c
	Unique  (cost=3926.18..3931.19 rows=1001 width=121)
	  ->  Sort  (cost=3926.18..3928.69 rows=1001 width=121)
	        Sort Key: c
	        ->  Bitmap Heap Scan on sbtest1  (cost=30.70..3876.30 rows=1001 width=121)
	              Recheck Cond: ((id >= 427976) AND (id <= 428975))
	              ->  Bitmap Index Scan on sbtest1_pkey  (cost=0.00..30.44 rows=1001 width=0)
	                    Index Cond: ((id >= 427976) AND (id <= 428975))

table 2 : explain SELECT DISTINCT c FROM sbtest2 WHERE id BETWEEN 1877733 AND 1878732 ORDER BY c
	Unique  (cost=4276.43..4281.90 rows=1093 width=121)
	  ->  Sort  (cost=4276.43..4279.16 rows=1093 width=121)
	        Sort Key: c
	        ->  Bitmap Heap Scan on sbtest2  (cost=31.64..4221.27 rows=1093 width=121)
	              Recheck Cond: ((id >= 1877733) AND (id <= 1878732))
	              ->  Bitmap Index Scan on sbtest2_pkey  (cost=0.00..31.36 rows=1093 width=0)
	                    Index Cond: ((id >= 1877733) AND (id <= 1878732))

table 3 : explain SELECT DISTINCT c FROM sbtest3 WHERE id BETWEEN 22573 AND 23572 ORDER BY c
	Unique  (cost=3816.01..3820.86 rows=971 width=121)
	  ->  Sort  (cost=3816.01..3818.44 rows=971 width=121)
	        Sort Key: c
	        ->  Bitmap Heap Scan on sbtest3  (cost=30.39..3767.83 rows=971 width=121)
	              Recheck Cond: ((id >= 22573) AND (id <= 23572))
	              ->  Bitmap Index Scan on sbtest3_pkey  (cost=0.00..30.14 rows=971 width=0)
	                    Index Cond: ((id >= 22573) AND (id <= 23572))

table 4 : explain SELECT DISTINCT c FROM sbtest4 WHERE id BETWEEN 8685791 AND 8686790 ORDER BY c
	Unique  (cost=3684.17..3688.86 rows=938 width=121)
	  ->  Sort  (cost=3684.17..3686.52 rows=938 width=121)
	        Sort Key: c
	        ->  Bitmap Heap Scan on sbtest4  (cost=26.05..3637.86 rows=938 width=121)
	              Recheck Cond: ((id >= 8685791) AND (id <= 8686790))
	              ->  Bitmap Index Scan on sbtest4_pkey  (cost=0.00..25.82 rows=938 width=0)
	                    Index Cond: ((id >= 8685791) AND (id <= 8686790))

table 5 : explain SELECT DISTINCT c FROM sbtest5 WHERE id BETWEEN 7822059 AND 7823058 ORDER BY c
	Unique  (cost=3825.88..3830.76 rows=975 width=121)
	  ->  Sort  (cost=3825.88..3828.32 rows=975 width=121)
	        Sort Key: c
	        ->  Bitmap Heap Scan on sbtest5  (cost=30.43..3777.48 rows=975 width=121)
	              Recheck Cond: ((id >= 7822059) AND (id <= 7823058))
	              ->  Bitmap Index Scan on sbtest5_pkey  (cost=0.00..30.18 rows=975 width=0)
	                    Index Cond: ((id >= 7822059) AND (id <= 7823058))

table 6 : explain SELECT DISTINCT c FROM sbtest6 WHERE id BETWEEN 2265155 AND 2266154 ORDER BY c
	Unique  (cost=3781.42..3786.23 rows=963 width=121)
	  ->  Sort  (cost=3781.42..3783.83 rows=963 width=121)
	        Sort Key: c
	        ->  Bitmap Heap Scan on sbtest6  (cost=30.31..3733.70 rows=963 width=121)
	              Recheck Cond: ((id >= 2265155) AND (id <= 2266154))
	              ->  Bitmap Index Scan on sbtest6_pkey  (cost=0.00..30.07 rows=963 width=0)
	                    Index Cond: ((id >= 2265155) AND (id <= 2266154))

table 7 : explain SELECT DISTINCT c FROM sbtest7 WHERE id BETWEEN 5994117 AND 5995116 ORDER BY c
	Unique  (cost=3835.60..3840.48 rows=976 width=121)
	  ->  Sort  (cost=3835.60..3838.04 rows=976 width=121)
	        Sort Key: c
	        ->  Bitmap Heap Scan on sbtest7  (cost=30.44..3787.14 rows=976 width=121)
	              Recheck Cond: ((id >= 5994117) AND (id <= 5995116))
	              ->  Bitmap Index Scan on sbtest7_pkey  (cost=0.00..30.19 rows=976 width=0)
	                    Index Cond: ((id >= 5994117) AND (id <= 5995116))

table 8 : explain SELECT DISTINCT c FROM sbtest8 WHERE id BETWEEN 8055373 AND 8056372 ORDER BY c
	Unique  (cost=4123.61..4128.87 rows=1053 width=121)
	  ->  Sort  (cost=4123.61..4126.24 rows=1053 width=121)
	        Sort Key: c
	        ->  Bitmap Heap Scan on sbtest8  (cost=31.23..4070.74 rows=1053 width=121)
	              Recheck Cond: ((id >= 8055373) AND (id <= 8056372))
	              ->  Bitmap Index Scan on sbtest8_pkey  (cost=0.00..30.96 rows=1053 width=0)
	                    Index Cond: ((id >= 8055373) AND (id <= 8056372))

explain: for point_selects :: explain SELECT c FROM sbtest%u WHERE id=%u
explain: for point_selects :: explain SELECT c FROM sbtest%u WHERE id=%u
explain: for point_selects :: explain SELECT c FROM sbtest%u WHERE id=%u
explain: for point_selects :: explain SELECT c FROM sbtest%u WHERE id=%u
for: sum_ranges
table 1 : explain SELECT SUM(k) FROM sbtest1 WHERE id BETWEEN 6121016 AND 6122015
	Aggregate  (cost=3633.24..3633.25 rows=1 width=8)
	  ->  Bitmap Heap Scan on sbtest1  (cost=30.03..3630.90 rows=936 width=4)
	        Recheck Cond: ((id >= 6121016) AND (id <= 6122015))
	        ->  Bitmap Index Scan on sbtest1_pkey  (cost=0.00..29.79 rows=936 width=0)
	              Index Cond: ((id >= 6121016) AND (id <= 6122015))

table 2 : explain SELECT SUM(k) FROM sbtest2 WHERE id BETWEEN 4294906 AND 4295905
	Aggregate  (cost=3919.02..3919.03 rows=1 width=8)
	  ->  Bitmap Heap Scan on sbtest2  (cost=30.81..3916.49 rows=1012 width=4)
	        Recheck Cond: ((id >= 4294906) AND (id <= 4295905))
	        ->  Bitmap Index Scan on sbtest2_pkey  (cost=0.00..30.55 rows=1012 width=0)
	              Index Cond: ((id >= 4294906) AND (id <= 4295905))

table 3 : explain SELECT SUM(k) FROM sbtest3 WHERE id BETWEEN 6927999 AND 6928998
	Aggregate  (cost=4193.38..4193.39 rows=1 width=8)
	  ->  Bitmap Heap Scan on sbtest3  (cost=31.54..4190.68 rows=1083 width=4)
	        Recheck Cond: ((id >= 6927999) AND (id <= 6928998))
	        ->  Bitmap Index Scan on sbtest3_pkey  (cost=0.00..31.26 rows=1083 width=0)
	              Index Cond: ((id >= 6927999) AND (id <= 6928998))

table 4 : explain SELECT SUM(k) FROM sbtest4 WHERE id BETWEEN 1849790 AND 1850789
	Aggregate  (cost=3731.28..3731.29 rows=1 width=8)
	  ->  Bitmap Heap Scan on sbtest4  (cost=30.29..3728.88 rows=961 width=4)
	        Recheck Cond: ((id >= 1849790) AND (id <= 1850789))
	        ->  Bitmap Index Scan on sbtest4_pkey  (cost=0.00..30.04 rows=961 width=0)
	              Index Cond: ((id >= 1849790) AND (id <= 1850789))

table 5 : explain SELECT SUM(k) FROM sbtest5 WHERE id BETWEEN 7476088 AND 7477087
	Aggregate  (cost=4092.87..4092.88 rows=1 width=8)
	  ->  Bitmap Heap Scan on sbtest5  (cost=31.28..4090.23 rows=1058 width=4)
	        Recheck Cond: ((id >= 7476088) AND (id <= 7477087))
	        ->  Bitmap Index Scan on sbtest5_pkey  (cost=0.00..31.01 rows=1058 width=0)
	              Index Cond: ((id >= 7476088) AND (id <= 7477087))

table 6 : explain SELECT SUM(k) FROM sbtest6 WHERE id BETWEEN 6257780 AND 6258779
	Aggregate  (cost=4452.03..4452.04 rows=1 width=8)
	  ->  Bitmap Heap Scan on sbtest6  (cost=32.26..4449.14 rows=1154 width=4)
	        Recheck Cond: ((id >= 6257780) AND (id <= 6258779))
	        ->  Bitmap Index Scan on sbtest6_pkey  (cost=0.00..31.97 rows=1154 width=0)
	              Index Cond: ((id >= 6257780) AND (id <= 6258779))

table 7 : explain SELECT SUM(k) FROM sbtest7 WHERE id BETWEEN 9745943 AND 9746942
	Aggregate  (cost=3490.19..3490.20 rows=1 width=8)
	  ->  Bitmap Heap Scan on sbtest7  (cost=29.63..3487.95 rows=897 width=4)
	        Recheck Cond: ((id >= 9745943) AND (id <= 9746942))
	        ->  Bitmap Index Scan on sbtest7_pkey  (cost=0.00..29.40 rows=897 width=0)
	              Index Cond: ((id >= 9745943) AND (id <= 9746942))

table 8 : explain SELECT SUM(k) FROM sbtest8 WHERE id BETWEEN 7459368 AND 7460367
	Aggregate  (cost=3684.91..3684.92 rows=1 width=8)
	  ->  Bitmap Heap Scan on sbtest8  (cost=30.17..3682.53 rows=950 width=4)
	        Recheck Cond: ((id >= 7459368) AND (id <= 7460367))
	        ->  Bitmap Index Scan on sbtest8_pkey  (cost=0.00..29.93 rows=950 width=0)
	              Index Cond: ((id >= 7459368) AND (id <= 7460367))

for: simple_ranges
table 1 : explain SELECT c FROM sbtest1 WHERE id BETWEEN 60223 AND 61222
	Bitmap Heap Scan on sbtest1  (cost=30.58..3834.81 rows=990 width=121)
	  Recheck Cond: ((id >= 60223) AND (id <= 61222))
	  ->  Bitmap Index Scan on sbtest1_pkey  (cost=0.00..30.33 rows=990 width=0)
	        Index Cond: ((id >= 60223) AND (id <= 61222))

table 2 : explain SELECT c FROM sbtest2 WHERE id BETWEEN 2557636 AND 2558635
	Bitmap Heap Scan on sbtest2  (cost=30.35..3746.80 rows=967 width=121)
	  Recheck Cond: ((id >= 2557636) AND (id <= 2558635))
	  ->  Bitmap Index Scan on sbtest2_pkey  (cost=0.00..30.11 rows=967 width=0)
	        Index Cond: ((id >= 2557636) AND (id <= 2558635))

table 3 : explain SELECT c FROM sbtest3 WHERE id BETWEEN 9480744 AND 9481743
	Bitmap Heap Scan on sbtest3  (cost=31.67..4239.66 rows=1096 width=121)
	  Recheck Cond: ((id >= 9480744) AND (id <= 9481743))
	  ->  Bitmap Index Scan on sbtest3_pkey  (cost=0.00..31.39 rows=1096 width=0)
	        Index Cond: ((id >= 9480744) AND (id <= 9481743))

table 4 : explain SELECT c FROM sbtest4 WHERE id BETWEEN 3265590 AND 3266589
	Bitmap Heap Scan on sbtest4  (cost=31.38..4132.82 rows=1068 width=121)
	  Recheck Cond: ((id >= 3265590) AND (id <= 3266589))
	  ->  Bitmap Index Scan on sbtest4_pkey  (cost=0.00..31.11 rows=1068 width=0)
	        Index Cond: ((id >= 3265590) AND (id <= 3266589))

table 5 : explain SELECT c FROM sbtest5 WHERE id BETWEEN 2736256 AND 2737255
	Bitmap Heap Scan on sbtest5  (cost=31.43..4146.66 rows=1073 width=121)
	  Recheck Cond: ((id >= 2736256) AND (id <= 2737255))
	  ->  Bitmap Index Scan on sbtest5_pkey  (cost=0.00..31.16 rows=1073 width=0)
	        Index Cond: ((id >= 2736256) AND (id <= 2737255))

table 6 : explain SELECT c FROM sbtest6 WHERE id BETWEEN 2661463 AND 2662462
	Bitmap Heap Scan on sbtest6  (cost=30.38..3760.13 rows=970 width=121)
	  Recheck Cond: ((id >= 2661463) AND (id <= 2662462))
	  ->  Bitmap Index Scan on sbtest6_pkey  (cost=0.00..30.14 rows=970 width=0)
	        Index Cond: ((id >= 2661463) AND (id <= 2662462))

table 7 : explain SELECT c FROM sbtest7 WHERE id BETWEEN 2071224 AND 2072223
	Bitmap Heap Scan on sbtest7  (cost=30.00..3624.39 rows=933 width=121)
	  Recheck Cond: ((id >= 2071224) AND (id <= 2072223))
	  ->  Bitmap Index Scan on sbtest7_pkey  (cost=0.00..29.76 rows=933 width=0)
	        Index Cond: ((id >= 2071224) AND (id <= 2072223))

table 8 : explain SELECT c FROM sbtest8 WHERE id BETWEEN 3295915 AND 3296914
	Bitmap Heap Scan on sbtest8  (cost=30.75..3893.77 rows=1006 width=121)
	  Recheck Cond: ((id >= 3295915) AND (id <= 3296914))
	  ->  Bitmap Index Scan on sbtest8_pkey  (cost=0.00..30.50 rows=1006 width=0)
	        Index Cond: ((id >= 3295915) AND (id <= 3296914))

explain: for point_selects :: explain SELECT c FROM sbtest%u WHERE id=%u
for: simple_ranges
table 1 : explain SELECT c FROM sbtest1 WHERE id BETWEEN 4741643 AND 4742642
	Bitmap Heap Scan on sbtest1  (cost=31.22..4068.46 rows=1052 width=121)
	  Recheck Cond: ((id >= 4741643) AND (id <= 4742642))
	  ->  Bitmap Index Scan on sbtest1_pkey  (cost=0.00..30.95 rows=1052 width=0)
	        Index Cond: ((id >= 4741643) AND (id <= 4742642))

table 2 : explain SELECT c FROM sbtest2 WHERE id BETWEEN 1656341 AND 1657340
	Bitmap Heap Scan on sbtest2  (cost=30.62..3848.64 rows=994 width=121)
	  Recheck Cond: ((id >= 1656341) AND (id <= 1657340))
	  ->  Bitmap Index Scan on sbtest2_pkey  (cost=0.00..30.37 rows=994 width=0)
	        Index Cond: ((id >= 1656341) AND (id <= 1657340))

table 3 : explain SELECT c FROM sbtest3 WHERE id BETWEEN 5839120 AND 5840119
	Bitmap Heap Scan on sbtest3  (cost=30.26..3722.44 rows=959 width=121)
	  Recheck Cond: ((id >= 5839120) AND (id <= 5840119))
	  ->  Bitmap Index Scan on sbtest3_pkey  (cost=0.00..30.02 rows=959 width=0)
	        Index Cond: ((id >= 5839120) AND (id <= 5840119))

table 4 : explain SELECT c FROM sbtest4 WHERE id BETWEEN 7188130 AND 7189129
	Bitmap Heap Scan on sbtest4  (cost=30.35..3751.57 rows=967 width=121)
	  Recheck Cond: ((id >= 7188130) AND (id <= 7189129))
	  ->  Bitmap Index Scan on sbtest4_pkey  (cost=0.00..30.11 rows=967 width=0)
	        Index Cond: ((id >= 7188130) AND (id <= 7189129))

table 5 : explain SELECT c FROM sbtest5 WHERE id BETWEEN 8318941 AND 8319940
	Bitmap Heap Scan on sbtest5  (cost=30.50..3803.89 rows=982 width=121)
	  Recheck Cond: ((id >= 8318941) AND (id <= 8319940))
	  ->  Bitmap Index Scan on sbtest5_pkey  (cost=0.00..30.25 rows=982 width=0)
	        Index Cond: ((id >= 8318941) AND (id <= 8319940))

table 6 : explain SELECT c FROM sbtest6 WHERE id BETWEEN 3015459 AND 3016458
	Bitmap Heap Scan on sbtest6  (cost=30.36..3752.58 rows=968 width=121)
	  Recheck Cond: ((id >= 3015459) AND (id <= 3016458))
	  ->  Bitmap Index Scan on sbtest6_pkey  (cost=0.00..30.11 rows=968 width=0)
	        Index Cond: ((id >= 3015459) AND (id <= 3016458))

table 7 : explain SELECT c FROM sbtest7 WHERE id BETWEEN 3012541 AND 3013540
	Bitmap Heap Scan on sbtest7  (cost=31.55..4194.91 rows=1084 width=121)
	  Recheck Cond: ((id >= 3012541) AND (id <= 3013540))
	  ->  Bitmap Index Scan on sbtest7_pkey  (cost=0.00..31.27 rows=1084 width=0)
	        Index Cond: ((id >= 3012541) AND (id <= 3013540))

table 8 : explain SELECT c FROM sbtest8 WHERE id BETWEEN 9923595 AND 9924594
	Bitmap Heap Scan on sbtest8  (cost=30.98..3980.41 rows=1029 width=121)
	  Recheck Cond: ((id >= 9923595) AND (id <= 9924594))
	  ->  Bitmap Index Scan on sbtest8_pkey  (cost=0.00..30.72 rows=1029 width=0)
	        Index Cond: ((id >= 9923595) AND (id <= 9924594))

for: distinct_ranges
table 1 : explain SELECT DISTINCT c FROM sbtest1 WHERE id BETWEEN 7623133 AND 7624132 ORDER BY c
	Unique  (cost=3534.92..3539.42 rows=900 width=121)
	  ->  Sort  (cost=3534.92..3537.17 rows=900 width=121)
	        Sort Key: c
	        ->  Bitmap Heap Scan on sbtest1  (cost=25.66..3490.75 rows=900 width=121)
	              Recheck Cond: ((id >= 7623133) AND (id <= 7624132))
	              ->  Bitmap Index Scan on sbtest1_pkey  (cost=0.00..25.43 rows=900 width=0)
	                    Index Cond: ((id >= 7623133) AND (id <= 7624132))

table 2 : explain SELECT DISTINCT c FROM sbtest2 WHERE id BETWEEN 2682147 AND 2683146 ORDER BY c
	Unique  (cost=3729.62..3734.37 rows=950 width=121)
	  ->  Sort  (cost=3729.62..3731.99 rows=950 width=121)
	        Sort Key: c
	        ->  Bitmap Heap Scan on sbtest2  (cost=30.17..3682.63 rows=950 width=121)
	              Recheck Cond: ((id >= 2682147) AND (id <= 2683146))
	              ->  Bitmap Index Scan on sbtest2_pkey  (cost=0.00..29.93 rows=950 width=0)
	                    Index Cond: ((id >= 2682147) AND (id <= 2683146))

table 3 : explain SELECT DISTINCT c FROM sbtest3 WHERE id BETWEEN 1125077 AND 1126076 ORDER BY c
	Unique  (cost=3973.32..3978.38 rows=1012 width=121)
	  ->  Sort  (cost=3973.32..3975.85 rows=1012 width=121)
	        Sort Key: c
	        ->  Bitmap Heap Scan on sbtest3  (cost=30.81..3922.80 rows=1012 width=121)
	              Recheck Cond: ((id >= 1125077) AND (id <= 1126076))
	              ->  Bitmap Index Scan on sbtest3_pkey  (cost=0.00..30.55 rows=1012 width=0)
	                    Index Cond: ((id >= 1125077) AND (id <= 1126076))

table 4 : explain SELECT DISTINCT c FROM sbtest4 WHERE id BETWEEN 6666867 AND 6667866 ORDER BY c
	Unique  (cost=3968.27..3973.32 rows=1011 width=121)
	  ->  Sort  (cost=3968.27..3970.79 rows=1011 width=121)
	        Sort Key: c
	        ->  Bitmap Heap Scan on sbtest4  (cost=30.80..3917.81 rows=1011 width=121)
	              Recheck Cond: ((id >= 6666867) AND (id <= 6667866))
	              ->  Bitmap Index Scan on sbtest4_pkey  (cost=0.00..30.54 rows=1011 width=0)
	                    Index Cond: ((id >= 6666867) AND (id <= 6667866))

table 5 : explain SELECT DISTINCT c FROM sbtest5 WHERE id BETWEEN 702346 AND 703345 ORDER BY c
	Unique  (cost=4135.74..4141.02 rows=1056 width=121)
	  ->  Sort  (cost=4135.74..4138.38 rows=1056 width=121)
	        Sort Key: c
	        ->  Bitmap Heap Scan on sbtest5  (cost=31.26..4082.70 rows=1056 width=121)
	              Recheck Cond: ((id >= 702346) AND (id <= 703345))
	              ->  Bitmap Index Scan on sbtest5_pkey  (cost=0.00..31.00 rows=1056 width=0)
	                    Index Cond: ((id >= 702346) AND (id <= 703345))

table 6 : explain SELECT DISTINCT c FROM sbtest6 WHERE id BETWEEN 2695657 AND 2696656 ORDER BY c
	Unique  (cost=3904.05..3909.02 rows=995 width=121)
	  ->  Sort  (cost=3904.05..3906.53 rows=995 width=121)
	        Sort Key: c
	        ->  Bitmap Heap Scan on sbtest6  (cost=30.63..3854.50 rows=995 width=121)
	              Recheck Cond: ((id >= 2695657) AND (id <= 2696656))
	              ->  Bitmap Index Scan on sbtest6_pkey  (cost=0.00..30.39 rows=995 width=0)
	                    Index Cond: ((id >= 2695657) AND (id <= 2696656))

table 7 : explain SELECT DISTINCT c FROM sbtest7 WHERE id BETWEEN 4600697 AND 4601696 ORDER BY c
	Unique  (cost=4000.58..4005.67 rows=1019 width=121)
	  ->  Sort  (cost=4000.58..4003.13 rows=1019 width=121)
	        Sort Key: c
	        ->  Bitmap Heap Scan on sbtest7  (cost=30.88..3949.67 rows=1019 width=121)
	              Recheck Cond: ((id >= 4600697) AND (id <= 4601696))
	              ->  Bitmap Index Scan on sbtest7_pkey  (cost=0.00..30.62 rows=1019 width=0)
	                    Index Cond: ((id >= 4600697) AND (id <= 4601696))

table 8 : explain SELECT DISTINCT c FROM sbtest8 WHERE id BETWEEN 8934092 AND 8935091 ORDER BY c
	Unique  (cost=4306.83..4312.33 rows=1101 width=121)
	  ->  Sort  (cost=4306.83..4309.58 rows=1101 width=121)
	        Sort Key: c
	        ->  Bitmap Heap Scan on sbtest8  (cost=31.72..4251.20 rows=1101 width=121)
	              Recheck Cond: ((id >= 8934092) AND (id <= 8935091))
	              ->  Bitmap Index Scan on sbtest8_pkey  (cost=0.00..31.44 rows=1101 width=0)
	                    Index Cond: ((id >= 8934092) AND (id <= 8935091))

for: distinct_ranges
table 1 : explain SELECT DISTINCT c FROM sbtest1 WHERE id BETWEEN 7467725 AND 7468724 ORDER BY c
	Unique  (cost=3930.01..3935.02 rows=1002 width=121)
	  ->  Sort  (cost=3930.01..3932.52 rows=1002 width=121)
	        Sort Key: c
	        ->  Bitmap Heap Scan on sbtest1  (cost=30.71..3880.07 rows=1002 width=121)
	              Recheck Cond: ((id >= 7467725) AND (id <= 7468724))
	              ->  Bitmap Index Scan on sbtest1_pkey  (cost=0.00..30.45 rows=1002 width=0)
	                    Index Cond: ((id >= 7467725) AND (id <= 7468724))

table 2 : explain SELECT DISTINCT c FROM sbtest2 WHERE id BETWEEN 130936 AND 131935 ORDER BY c
	Unique  (cost=4173.37..4178.70 rows=1066 width=121)
	  ->  Sort  (cost=4173.37..4176.04 rows=1066 width=121)
	        Sort Key: c
	        ->  Bitmap Heap Scan on sbtest2  (cost=31.36..4119.76 rows=1066 width=121)
	              Recheck Cond: ((id >= 130936) AND (id <= 131935))
	              ->  Bitmap Index Scan on sbtest2_pkey  (cost=0.00..31.09 rows=1066 width=0)
	                    Index Cond: ((id >= 130936) AND (id <= 131935))

table 3 : explain SELECT DISTINCT c FROM sbtest3 WHERE id BETWEEN 2011306 AND 2012305 ORDER BY c
	Unique  (cost=3743.05..3747.81 rows=952 width=121)
	  ->  Sort  (cost=3743.05..3745.43 rows=952 width=121)
	        Sort Key: c
	        ->  Bitmap Heap Scan on sbtest3  (cost=30.19..3695.95 rows=952 width=121)
	              Recheck Cond: ((id >= 2011306) AND (id <= 2012305))
	              ->  Bitmap Index Scan on sbtest3_pkey  (cost=0.00..29.95 rows=952 width=0)
	                    Index Cond: ((id >= 2011306) AND (id <= 2012305))

table 4 : explain SELECT DISTINCT c FROM sbtest4 WHERE id BETWEEN 1767658 AND 1768657 ORDER BY c
	Unique  (cost=4198.02..4203.37 rows=1071 width=121)
	  ->  Sort  (cost=4198.02..4200.70 rows=1071 width=121)
	        Sort Key: c
	        ->  Bitmap Heap Scan on sbtest4  (cost=31.41..4144.12 rows=1071 width=121)
	              Recheck Cond: ((id >= 1767658) AND (id <= 1768657))
	              ->  Bitmap Index Scan on sbtest4_pkey  (cost=0.00..31.14 rows=1071 width=0)
	                    Index Cond: ((id >= 1767658) AND (id <= 1768657))

table 5 : explain SELECT DISTINCT c FROM sbtest5 WHERE id BETWEEN 8197401 AND 8198400 ORDER BY c
	Unique  (cost=3745.26..3750.03 rows=955 width=121)
	  ->  Sort  (cost=3745.26..3747.64 rows=955 width=121)
	        Sort Key: c
	        ->  Bitmap Heap Scan on sbtest5  (cost=26.22..3697.99 rows=955 width=121)
	              Recheck Cond: ((id >= 8197401) AND (id <= 8198400))
	              ->  Bitmap Index Scan on sbtest5_pkey  (cost=0.00..25.98 rows=955 width=0)
	                    Index Cond: ((id >= 8197401) AND (id <= 8198400))

table 6 : explain SELECT DISTINCT c FROM sbtest6 WHERE id BETWEEN 3414050 AND 3415049 ORDER BY c
	Unique  (cost=4210.08..4215.46 rows=1075 width=121)
	  ->  Sort  (cost=4210.08..4212.77 rows=1075 width=121)
	        Sort Key: c
	        ->  Bitmap Heap Scan on sbtest6  (cost=31.45..4155.95 rows=1075 width=121)
	              Recheck Cond: ((id >= 3414050) AND (id <= 3415049))
	              ->  Bitmap Index Scan on sbtest6_pkey  (cost=0.00..31.18 rows=1075 width=0)
	                    Index Cond: ((id >= 3414050) AND (id <= 3415049))

table 7 : explain SELECT DISTINCT c FROM sbtest7 WHERE id BETWEEN 7122387 AND 7123386 ORDER BY c
	Unique  (cost=4073.41..4078.60 rows=1038 width=121)
	  ->  Sort  (cost=4073.41..4076.00 rows=1038 width=121)
	        Sort Key: c
	        ->  Bitmap Heap Scan on sbtest7  (cost=31.07..4021.41 rows=1038 width=121)
	              Recheck Cond: ((id >= 7122387) AND (id <= 7123386))
	              ->  Bitmap Index Scan on sbtest7_pkey  (cost=0.00..30.82 rows=1038 width=0)
	                    Index Cond: ((id >= 7122387) AND (id <= 7123386))

table 8 : explain SELECT DISTINCT c FROM sbtest8 WHERE id BETWEEN 3877571 AND 3878570 ORDER BY c
	Unique  (cost=4024.25..4029.38 rows=1027 width=121)
	  ->  Sort  (cost=4024.25..4026.82 rows=1027 width=121)
	        Sort Key: c
	        ->  Bitmap Heap Scan on sbtest8  (cost=30.96..3972.88 rows=1027 width=121)
	              Recheck Cond: ((id >= 3877571) AND (id <= 3878570))
	              ->  Bitmap Index Scan on sbtest8_pkey  (cost=0.00..30.70 rows=1027 width=0)
	                    Index Cond: ((id >= 3877571) AND (id <= 3878570))

explain: for point_selects :: explain SELECT c FROM sbtest%u WHERE id=%u
for point_selects
table 1 : explain SELECT c FROM sbtest1 WHERE id=3740018
	Index Scan using sbtest1_pkey on sbtest1  (cost=0.43..8.45 rows=1 width=121)
	  Index Cond: (id = 3740018)

table 2 : explain SELECT c FROM sbtest2 WHERE id=4389594
	Index Scan using sbtest2_pkey on sbtest2  (cost=0.43..8.45 rows=1 width=121)
	  Index Cond: (id = 4389594)

table 3 : explain SELECT c FROM sbtest3 WHERE id=8847359
	Index Scan using sbtest3_pkey on sbtest3  (cost=0.43..8.45 rows=1 width=121)
	  Index Cond: (id = 8847359)

table 4 : explain SELECT c FROM sbtest4 WHERE id=7679543
	Index Scan using sbtest4_pkey on sbtest4  (cost=0.43..8.45 rows=1 width=121)
	  Index Cond: (id = 7679543)

table 5 : explain SELECT c FROM sbtest5 WHERE id=1752458
	Index Scan using sbtest5_pkey on sbtest5  (cost=0.43..8.45 rows=1 width=121)
	  Index Cond: (id = 1752458)

table 6 : explain SELECT c FROM sbtest6 WHERE id=7579634
	Index Scan using sbtest6_pkey on sbtest6  (cost=0.43..8.45 rows=1 width=121)
	  Index Cond: (id = 7579634)

table 7 : explain SELECT c FROM sbtest7 WHERE id=1223322
	Index Scan using sbtest7_pkey on sbtest7  (cost=0.43..8.45 rows=1 width=121)
	  Index Cond: (id = 1223322)

table 8 : explain SELECT c FROM sbtest8 WHERE id=8964001
	Index Scan using sbtest8_pkey on sbtest8  (cost=0.43..8.45 rows=1 width=121)
	  Index Cond: (id = 8964001)

for: simple_ranges
table 1 : explain SELECT c FROM sbtest1 WHERE id BETWEEN 3084393 AND 3085392
	Bitmap Heap Scan on sbtest1  (cost=30.84..3929.08 rows=1015 width=121)
	  Recheck Cond: ((id >= 3084393) AND (id <= 3085392))
	  ->  Bitmap Index Scan on sbtest1_pkey  (cost=0.00..30.58 rows=1015 width=0)
	        Index Cond: ((id >= 3084393) AND (id <= 3085392))

table 2 : explain SELECT c FROM sbtest2 WHERE id BETWEEN 8311227 AND 8312226
	Bitmap Heap Scan on sbtest2  (cost=30.35..3746.80 rows=967 width=121)
	  Recheck Cond: ((id >= 8311227) AND (id <= 8312226))
	  ->  Bitmap Index Scan on sbtest2_pkey  (cost=0.00..30.11 rows=967 width=0)
	        Index Cond: ((id >= 8311227) AND (id <= 8312226))

table 3 : explain SELECT c FROM sbtest3 WHERE id BETWEEN 6732463 AND 6733462
	Bitmap Heap Scan on sbtest3  (cost=31.61..4217.05 rows=1090 width=121)
	  Recheck Cond: ((id >= 6732463) AND (id <= 6733462))
	  ->  Bitmap Index Scan on sbtest3_pkey  (cost=0.00..31.33 rows=1090 width=0)
	        Index Cond: ((id >= 6732463) AND (id <= 6733462))

table 4 : explain SELECT c FROM sbtest4 WHERE id BETWEEN 5882366 AND 5883365
	Bitmap Heap Scan on sbtest4  (cost=31.75..4268.41 rows=1104 width=121)
	  Recheck Cond: ((id >= 5882366) AND (id <= 5883365))
	  ->  Bitmap Index Scan on sbtest4_pkey  (cost=0.00..31.47 rows=1104 width=0)
	        Index Cond: ((id >= 5882366) AND (id <= 5883365))

table 5 : explain SELECT c FROM sbtest5 WHERE id BETWEEN 2481907 AND 2482906
	Bitmap Heap Scan on sbtest5  (cost=26.12..3660.22 rows=945 width=121)
	  Recheck Cond: ((id >= 2481907) AND (id <= 2482906))
	  ->  Bitmap Index Scan on sbtest5_pkey  (cost=0.00..25.89 rows=945 width=0)
	        Index Cond: ((id >= 2481907) AND (id <= 2482906))

table 6 : explain SELECT c FROM sbtest6 WHERE id BETWEEN 7309444 AND 7310443
	Bitmap Heap Scan on sbtest6  (cost=30.10..3658.13 rows=943 width=121)
	  Recheck Cond: ((id >= 7309444) AND (id <= 7310443))
	  ->  Bitmap Index Scan on sbtest6_pkey  (cost=0.00..29.86 rows=943 width=0)
	        Index Cond: ((id >= 7309444) AND (id <= 7310443))

table 7 : explain SELECT c FROM sbtest7 WHERE id BETWEEN 6126749 AND 6127748
	Bitmap Heap Scan on sbtest7  (cost=29.92..3594.08 rows=925 width=121)
	  Recheck Cond: ((id >= 6126749) AND (id <= 6127748))
	  ->  Bitmap Index Scan on sbtest7_pkey  (cost=0.00..29.68 rows=925 width=0)
	        Index Cond: ((id >= 6126749) AND (id <= 6127748))

table 8 : explain SELECT c FROM sbtest8 WHERE id BETWEEN 900047 AND 901046
	Bitmap Heap Scan on sbtest8  (cost=30.06..3640.99 rows=939 width=121)
	  Recheck Cond: ((id >= 900047) AND (id <= 901046))
	  ->  Bitmap Index Scan on sbtest8_pkey  (cost=0.00..29.82 rows=939 width=0)
	        Index Cond: ((id >= 900047) AND (id <= 901046))

for: order_ranges
table 1 : explain SELECT c FROM sbtest1 WHERE id BETWEEN 769458 AND 770457 ORDER BY c
	Sort  (cost=3861.09..3863.55 rows=984 width=121)
	  Sort Key: c
	  ->  Bitmap Heap Scan on sbtest1  (cost=30.52..3812.17 rows=984 width=121)
	        Recheck Cond: ((id >= 769458) AND (id <= 770457))
	        ->  Bitmap Index Scan on sbtest1_pkey  (cost=0.00..30.27 rows=984 width=0)
	              Index Cond: ((id >= 769458) AND (id <= 770457))

table 2 : explain SELECT c FROM sbtest2 WHERE id BETWEEN 3835326 AND 3836325 ORDER BY c
	Sort  (cost=4383.30..4386.11 rows=1122 width=121)
	  Sort Key: c
	  ->  Bitmap Heap Scan on sbtest2  (cost=31.94..4326.46 rows=1122 width=121)
	        Recheck Cond: ((id >= 3835326) AND (id <= 3836325))
	        ->  Bitmap Index Scan on sbtest2_pkey  (cost=0.00..31.65 rows=1122 width=0)
	              Index Cond: ((id >= 3835326) AND (id <= 3836325))

table 3 : explain SELECT c FROM sbtest3 WHERE id BETWEEN 7192831 AND 7193830 ORDER BY c
	Sort  (cost=4176.37..4179.04 rows=1065 width=121)
	  Sort Key: c
	  ->  Bitmap Heap Scan on sbtest3  (cost=31.35..4122.82 rows=1065 width=121)
	        Recheck Cond: ((id >= 7192831) AND (id <= 7193830))
	        ->  Bitmap Index Scan on sbtest3_pkey  (cost=0.00..31.08 rows=1065 width=0)
	              Index Cond: ((id >= 7192831) AND (id <= 7193830))

table 4 : explain SELECT c FROM sbtest4 WHERE id BETWEEN 5968376 AND 5969375 ORDER BY c
	Sort  (cost=3745.78..3748.16 rows=953 width=121)
	  Sort Key: c
	  ->  Bitmap Heap Scan on sbtest4  (cost=30.20..3698.62 rows=953 width=121)
	        Recheck Cond: ((id >= 5968376) AND (id <= 5969375))
	        ->  Bitmap Index Scan on sbtest4_pkey  (cost=0.00..29.96 rows=953 width=0)
	              Index Cond: ((id >= 5968376) AND (id <= 5969375))

table 5 : explain SELECT c FROM sbtest5 WHERE id BETWEEN 5147435 AND 5148434 ORDER BY c
	Sort  (cost=3476.67..3478.88 rows=885 width=121)
	  Sort Key: c
	  ->  Bitmap Heap Scan on sbtest5  (cost=25.51..3433.35 rows=885 width=121)
	        Recheck Cond: ((id >= 5147435) AND (id <= 5148434))
	        ->  Bitmap Index Scan on sbtest5_pkey  (cost=0.00..25.29 rows=885 width=0)
	              Index Cond: ((id >= 5147435) AND (id <= 5148434))

table 6 : explain SELECT c FROM sbtest6 WHERE id BETWEEN 1143793 AND 1144792 ORDER BY c
	Sort  (cost=3858.08..3860.53 rows=983 width=121)
	  Sort Key: c
	  ->  Bitmap Heap Scan on sbtest6  (cost=30.51..3809.22 rows=983 width=121)
	        Recheck Cond: ((id >= 1143793) AND (id <= 1144792))
	        ->  Bitmap Index Scan on sbtest6_pkey  (cost=0.00..30.26 rows=983 width=0)
	              Index Cond: ((id >= 1143793) AND (id <= 1144792))

table 7 : explain SELECT c FROM sbtest7 WHERE id BETWEEN 2015073 AND 2016072 ORDER BY c
	Sort  (cost=4134.70..4137.34 rows=1054 width=121)
	  Sort Key: c
	  ->  Bitmap Heap Scan on sbtest7  (cost=31.24..4081.79 rows=1054 width=121)
	        Recheck Cond: ((id >= 2015073) AND (id <= 2016072))
	        ->  Bitmap Index Scan on sbtest7_pkey  (cost=0.00..30.97 rows=1054 width=0)
	              Index Cond: ((id >= 2015073) AND (id <= 2016072))

table 8 : explain SELECT c FROM sbtest8 WHERE id BETWEEN 1417763 AND 1418762 ORDER BY c
	Sort  (cost=3951.59..3954.11 rows=1008 width=121)
	  Sort Key: c
	  ->  Bitmap Heap Scan on sbtest8  (cost=30.77..3901.31 rows=1008 width=121)
	        Recheck Cond: ((id >= 1417763) AND (id <= 1418762))
	        ->  Bitmap Index Scan on sbtest8_pkey  (cost=0.00..30.51 rows=1008 width=0)
	              Index Cond: ((id >= 1417763) AND (id <= 1418762))

for: distinct_ranges
table 1 : explain SELECT DISTINCT c FROM sbtest1 WHERE id BETWEEN 1714609 AND 1715608 ORDER BY c
	Unique  (cost=3696.27..3700.98 rows=941 width=121)
	  ->  Sort  (cost=3696.27..3698.63 rows=941 width=121)
	        Sort Key: c
	        ->  Bitmap Heap Scan on sbtest1  (cost=30.08..3649.80 rows=941 width=121)
	              Recheck Cond: ((id >= 1714609) AND (id <= 1715608))
	              ->  Bitmap Index Scan on sbtest1_pkey  (cost=0.00..29.84 rows=941 width=0)
	                    Index Cond: ((id >= 1714609) AND (id <= 1715608))

table 2 : explain SELECT DISTINCT c FROM sbtest2 WHERE id BETWEEN 7902025 AND 7903024 ORDER BY c
	Unique  (cost=4077.87..4083.08 rows=1041 width=121)
	  ->  Sort  (cost=4077.87..4080.47 rows=1041 width=121)
	        Sort Key: c
	        ->  Bitmap Heap Scan on sbtest2  (cost=31.11..4025.70 rows=1041 width=121)
	              Recheck Cond: ((id >= 7902025) AND (id <= 7903024))
	              ->  Bitmap Index Scan on sbtest2_pkey  (cost=0.00..30.84 rows=1041 width=0)
	                    Index Cond: ((id >= 7902025) AND (id <= 7903024))

table 3 : explain SELECT DISTINCT c FROM sbtest3 WHERE id BETWEEN 3814196 AND 3815195 ORDER BY c
	Unique  (cost=4023.15..4028.28 rows=1025 width=121)
	  ->  Sort  (cost=4023.15..4025.71 rows=1025 width=121)
	        Sort Key: c
	        ->  Bitmap Heap Scan on sbtest3  (cost=30.94..3971.89 rows=1025 width=121)
	              Recheck Cond: ((id >= 3814196) AND (id <= 3815195))
	              ->  Bitmap Index Scan on sbtest3_pkey  (cost=0.00..30.68 rows=1025 width=0)
	                    Index Cond: ((id >= 3814196) AND (id <= 3815195))

table 4 : explain SELECT DISTINCT c FROM sbtest4 WHERE id BETWEEN 525466 AND 526465 ORDER BY c
	Unique  (cost=4343.31..4348.86 rows=1109 width=121)
	  ->  Sort  (cost=4343.31..4346.09 rows=1109 width=121)
	        Sort Key: c
	        ->  Bitmap Heap Scan on sbtest4  (cost=31.80..4287.23 rows=1109 width=121)
	              Recheck Cond: ((id >= 525466) AND (id <= 526465))
	              ->  Bitmap Index Scan on sbtest4_pkey  (cost=0.00..31.52 rows=1109 width=0)
	                    Index Cond: ((id >= 525466) AND (id <= 526465))

table 5 : explain SELECT DISTINCT c FROM sbtest5 WHERE id BETWEEN 6397708 AND 6398707 ORDER BY c
	Unique  (cost=4170.12..4175.44 rows=1065 width=121)
	  ->  Sort  (cost=4170.12..4172.78 rows=1065 width=121)
	        Sort Key: c
	        ->  Bitmap Heap Scan on sbtest5  (cost=31.35..4116.56 rows=1065 width=121)
	              Recheck Cond: ((id >= 6397708) AND (id <= 6398707))
	              ->  Bitmap Index Scan on sbtest5_pkey  (cost=0.00..31.08 rows=1065 width=0)
	                    Index Cond: ((id >= 6397708) AND (id <= 6398707))

table 6 : explain SELECT DISTINCT c FROM sbtest6 WHERE id BETWEEN 7401159 AND 7402158 ORDER BY c
	Unique  (cost=3961.49..3966.54 rows=1010 width=121)
	  ->  Sort  (cost=3961.49..3964.01 rows=1010 width=121)
	        Sort Key: c
	        ->  Bitmap Heap Scan on sbtest6  (cost=30.79..3911.09 rows=1010 width=121)
	              Recheck Cond: ((id >= 7401159) AND (id <= 7402158))
	              ->  Bitmap Index Scan on sbtest6_pkey  (cost=0.00..30.54 rows=1010 width=0)
	                    Index Cond: ((id >= 7401159) AND (id <= 7402158))

table 7 : explain SELECT DISTINCT c FROM sbtest7 WHERE id BETWEEN 2295504 AND 2296503 ORDER BY c
	Unique  (cost=4440.94..4446.60 rows=1133 width=121)
	  ->  Sort  (cost=4440.94..4443.77 rows=1133 width=121)
	        Sort Key: c
	        ->  Bitmap Heap Scan on sbtest7  (cost=36.05..4383.46 rows=1133 width=121)
	              Recheck Cond: ((id >= 2295504) AND (id <= 2296503))
	              ->  Bitmap Index Scan on sbtest7_pkey  (cost=0.00..35.77 rows=1133 width=0)
	                    Index Cond: ((id >= 2295504) AND (id <= 2296503))

table 8 : explain SELECT DISTINCT c FROM sbtest8 WHERE id BETWEEN 9784410 AND 9785409 ORDER BY c
	Unique  (cost=3905.68..3910.66 rows=996 width=121)
	  ->  Sort  (cost=3905.68..3908.17 rows=996 width=121)
	        Sort Key: c
	        ->  Bitmap Heap Scan on sbtest8  (cost=30.64..3856.08 rows=996 width=121)
	              Recheck Cond: ((id >= 9784410) AND (id <= 9785409))
	              ->  Bitmap Index Scan on sbtest8_pkey  (cost=0.00..30.39 rows=996 width=0)
	                    Index Cond: ((id >= 9784410) AND (id <= 9785409))

for: simple_ranges
table 1 : explain SELECT c FROM sbtest1 WHERE id BETWEEN 5285722 AND 5286721
	Bitmap Heap Scan on sbtest1  (cost=30.83..3925.31 rows=1014 width=121)
	  Recheck Cond: ((id >= 5285722) AND (id <= 5286721))
	  ->  Bitmap Index Scan on sbtest1_pkey  (cost=0.00..30.57 rows=1014 width=0)
	        Index Cond: ((id >= 5285722) AND (id <= 5286721))

table 2 : explain SELECT c FROM sbtest2 WHERE id BETWEEN 6695526 AND 6696525
	Bitmap Heap Scan on sbtest2  (cost=30.20..3693.96 rows=953 width=121)
	  Recheck Cond: ((id >= 6695526) AND (id <= 6696525))
	  ->  Bitmap Index Scan on sbtest2_pkey  (cost=0.00..29.96 rows=953 width=0)
	        Index Cond: ((id >= 6695526) AND (id <= 6696525))

table 3 : explain SELECT c FROM sbtest3 WHERE id BETWEEN 5205118 AND 5206117
	Bitmap Heap Scan on sbtest3  (cost=31.01..3998.32 rows=1032 width=121)
	  Recheck Cond: ((id >= 5205118) AND (id <= 5206117))
	  ->  Bitmap Index Scan on sbtest3_pkey  (cost=0.00..30.75 rows=1032 width=0)
	        Index Cond: ((id >= 5205118) AND (id <= 5206117))

table 4 : explain SELECT c FROM sbtest4 WHERE id BETWEEN 261091 AND 262090
	Bitmap Heap Scan on sbtest4  (cost=25.99..3615.15 rows=932 width=121)
	  Recheck Cond: ((id >= 261091) AND (id <= 262090))
	  ->  Bitmap Index Scan on sbtest4_pkey  (cost=0.00..25.75 rows=932 width=0)
	        Index Cond: ((id >= 261091) AND (id <= 262090))

table 5 : explain SELECT c FROM sbtest5 WHERE id BETWEEN 8143146 AND 8144145
	Bitmap Heap Scan on sbtest5  (cost=26.22..3697.99 rows=955 width=121)
	  Recheck Cond: ((id >= 8143146) AND (id <= 8144145))
	  ->  Bitmap Index Scan on sbtest5_pkey  (cost=0.00..25.98 rows=955 width=0)
	        Index Cond: ((id >= 8143146) AND (id <= 8144145))

table 6 : explain SELECT c FROM sbtest6 WHERE id BETWEEN 8191611 AND 8192610
	Bitmap Heap Scan on sbtest6  (cost=25.62..3476.33 rows=896 width=121)
	  Recheck Cond: ((id >= 8191611) AND (id <= 8192610))
	  ->  Bitmap Index Scan on sbtest6_pkey  (cost=0.00..25.39 rows=896 width=0)
	        Index Cond: ((id >= 8191611) AND (id <= 8192610))

table 7 : explain SELECT c FROM sbtest7 WHERE id BETWEEN 786604 AND 787603
	Bitmap Heap Scan on sbtest7  (cost=31.39..4138.36 rows=1069 width=121)
	  Recheck Cond: ((id >= 786604) AND (id <= 787603))
	  ->  Bitmap Index Scan on sbtest7_pkey  (cost=0.00..31.12 rows=1069 width=0)
	        Index Cond: ((id >= 786604) AND (id <= 787603))

table 8 : explain SELECT c FROM sbtest8 WHERE id BETWEEN 3934595 AND 3935594
	Bitmap Heap Scan on sbtest8  (cost=30.27..3720.28 rows=960 width=121)
	  Recheck Cond: ((id >= 3934595) AND (id <= 3935594))
	  ->  Bitmap Index Scan on sbtest8_pkey  (cost=0.00..30.04 rows=960 width=0)
	        Index Cond: ((id >= 3934595) AND (id <= 3935594))

for point_selects
table 1 : explain SELECT c FROM sbtest1 WHERE id=5961067
	Index Scan using sbtest1_pkey on sbtest1  (cost=0.43..8.45 rows=1 width=121)
	  Index Cond: (id = 5961067)

table 2 : explain SELECT c FROM sbtest2 WHERE id=6947728
	Index Scan using sbtest2_pkey on sbtest2  (cost=0.43..8.45 rows=1 width=121)
	  Index Cond: (id = 6947728)

table 3 : explain SELECT c FROM sbtest3 WHERE id=9931500
	Index Scan using sbtest3_pkey on sbtest3  (cost=0.43..8.45 rows=1 width=121)
	  Index Cond: (id = 9931500)

table 4 : explain SELECT c FROM sbtest4 WHERE id=1099740
	Index Scan using sbtest4_pkey on sbtest4  (cost=0.43..8.45 rows=1 width=121)
	  Index Cond: (id = 1099740)

table 5 : explain SELECT c FROM sbtest5 WHERE id=5107770
	Index Scan using sbtest5_pkey on sbtest5  (cost=0.43..8.45 rows=1 width=121)
	  Index Cond: (id = 5107770)

table 6 : explain SELECT c FROM sbtest6 WHERE id=7039041
	Index Scan using sbtest6_pkey on sbtest6  (cost=0.43..8.45 rows=1 width=121)
	  Index Cond: (id = 7039041)

table 7 : explain SELECT c FROM sbtest7 WHERE id=6168168
	Index Scan using sbtest7_pkey on sbtest7  (cost=0.43..8.45 rows=1 width=121)
	  Index Cond: (id = 6168168)

table 8 : explain SELECT c FROM sbtest8 WHERE id=7144236
	Index Scan using sbtest8_pkey on sbtest8  (cost=0.43..8.45 rows=1 width=121)
	  Index Cond: (id = 7144236)

for point_selects
table 1 : explain SELECT c FROM sbtest1 WHERE id=171253
	Index Scan using sbtest1_pkey on sbtest1  (cost=0.43..8.45 rows=1 width=121)
	  Index Cond: (id = 171253)

table 2 : explain SELECT c FROM sbtest2 WHERE id=7282244
	Index Scan using sbtest2_pkey on sbtest2  (cost=0.43..8.45 rows=1 width=121)
	  Index Cond: (id = 7282244)

table 3 : explain SELECT c FROM sbtest3 WHERE id=4752571
	Index Scan using sbtest3_pkey on sbtest3  (cost=0.43..8.45 rows=1 width=121)
	  Index Cond: (id = 4752571)

table 4 : explain SELECT c FROM sbtest4 WHERE id=7781808
	Index Scan using sbtest4_pkey on sbtest4  (cost=0.43..8.45 rows=1 width=121)
	  Index Cond: (id = 7781808)

table 5 : explain SELECT c FROM sbtest5 WHERE id=4497408
	Index Scan using sbtest5_pkey on sbtest5  (cost=0.43..8.45 rows=1 width=121)
	  Index Cond: (id = 4497408)

table 6 : explain SELECT c FROM sbtest6 WHERE id=7496434
	Index Scan using sbtest6_pkey on sbtest6  (cost=0.43..8.45 rows=1 width=121)
	  Index Cond: (id = 7496434)

table 7 : explain SELECT c FROM sbtest7 WHERE id=1889549
	Index Scan using sbtest7_pkey on sbtest7  (cost=0.43..8.45 rows=1 width=121)
	  Index Cond: (id = 1889549)

table 8 : explain SELECT c FROM sbtest8 WHERE id=917439
	Index Scan using sbtest8_pkey on sbtest8  (cost=0.43..8.45 rows=1 width=121)
	  Index Cond: (id = 917439)

for point_selects
table 1 : explain SELECT c FROM sbtest1 WHERE id=9845438
	Index Scan using sbtest1_pkey on sbtest1  (cost=0.43..8.45 rows=1 width=121)
	  Index Cond: (id = 9845438)

table 2 : explain SELECT c FROM sbtest2 WHERE id=6030100
	Index Scan using sbtest2_pkey on sbtest2  (cost=0.43..8.45 rows=1 width=121)
	  Index Cond: (id = 6030100)

table 3 : explain SELECT c FROM sbtest3 WHERE id=4757999
	Index Scan using sbtest3_pkey on sbtest3  (cost=0.43..8.45 rows=1 width=121)
	  Index Cond: (id = 4757999)

table 4 : explain SELECT c FROM sbtest4 WHERE id=1204740
	Index Scan using sbtest4_pkey on sbtest4  (cost=0.43..8.45 rows=1 width=121)
	  Index Cond: (id = 1204740)

table 5 : explain SELECT c FROM sbtest5 WHERE id=4281084
	Index Scan using sbtest5_pkey on sbtest5  (cost=0.43..8.45 rows=1 width=121)
	  Index Cond: (id = 4281084)

table 6 : explain SELECT c FROM sbtest6 WHERE id=4783548
	Index Scan using sbtest6_pkey on sbtest6  (cost=0.43..8.45 rows=1 width=121)
	  Index Cond: (id = 4783548)

table 7 : explain SELECT c FROM sbtest7 WHERE id=9354728
	Index Scan using sbtest7_pkey on sbtest7  (cost=0.43..8.45 rows=1 width=121)
	  Index Cond: (id = 9354728)

table 8 : explain SELECT c FROM sbtest8 WHERE id=4332458
	Index Scan using sbtest8_pkey on sbtest8  (cost=0.43..8.45 rows=1 width=121)
	  Index Cond: (id = 4332458)

for point_selects
table 1 : explain SELECT c FROM sbtest1 WHERE id=2298865
	Index Scan using sbtest1_pkey on sbtest1  (cost=0.43..8.45 rows=1 width=121)
	  Index Cond: (id = 2298865)

table 2 : explain SELECT c FROM sbtest2 WHERE id=9519288
	Index Scan using sbtest2_pkey on sbtest2  (cost=0.43..8.45 rows=1 width=121)
	  Index Cond: (id = 9519288)

table 3 : explain SELECT c FROM sbtest3 WHERE id=5281410
	Index Scan using sbtest3_pkey on sbtest3  (cost=0.43..8.45 rows=1 width=121)
	  Index Cond: (id = 5281410)

table 4 : explain SELECT c FROM sbtest4 WHERE id=1037651
	Index Scan using sbtest4_pkey on sbtest4  (cost=0.43..8.45 rows=1 width=121)
	  Index Cond: (id = 1037651)

table 5 : explain SELECT c FROM sbtest5 WHERE id=5322630
	Index Scan using sbtest5_pkey on sbtest5  (cost=0.43..8.45 rows=1 width=121)
	  Index Cond: (id = 5322630)

table 6 : explain SELECT c FROM sbtest6 WHERE id=341483
	Index Scan using sbtest6_pkey on sbtest6  (cost=0.43..8.45 rows=1 width=121)
	  Index Cond: (id = 341483)

table 7 : explain SELECT c FROM sbtest7 WHERE id=6584841
	Index Scan using sbtest7_pkey on sbtest7  (cost=0.43..8.45 rows=1 width=121)
	  Index Cond: (id = 6584841)

table 8 : explain SELECT c FROM sbtest8 WHERE id=4913102
	Index Scan using sbtest8_pkey on sbtest8  (cost=0.43..8.45 rows=1 width=121)
	  Index Cond: (id = 4913102)

for point_selects
table 1 : explain SELECT c FROM sbtest1 WHERE id=1953178
	Index Scan using sbtest1_pkey on sbtest1  (cost=0.43..8.45 rows=1 width=121)
	  Index Cond: (id = 1953178)

table 2 : explain SELECT c FROM sbtest2 WHERE id=3195779
	Index Scan using sbtest2_pkey on sbtest2  (cost=0.43..8.45 rows=1 width=121)
	  Index Cond: (id = 3195779)

table 3 : explain SELECT c FROM sbtest3 WHERE id=5049461
	Index Scan using sbtest3_pkey on sbtest3  (cost=0.43..8.45 rows=1 width=121)
	  Index Cond: (id = 5049461)

table 4 : explain SELECT c FROM sbtest4 WHERE id=9261758
	Index Scan using sbtest4_pkey on sbtest4  (cost=0.43..8.45 rows=1 width=121)
	  Index Cond: (id = 9261758)

table 5 : explain SELECT c FROM sbtest5 WHERE id=8500874
	Index Scan using sbtest5_pkey on sbtest5  (cost=0.43..8.45 rows=1 width=121)
	  Index Cond: (id = 8500874)

table 6 : explain SELECT c FROM sbtest6 WHERE id=3359453
	Index Scan using sbtest6_pkey on sbtest6  (cost=0.43..8.45 rows=1 width=121)
	  Index Cond: (id = 3359453)

table 7 : explain SELECT c FROM sbtest7 WHERE id=9313786
	Index Scan using sbtest7_pkey on sbtest7  (cost=0.43..8.45 rows=1 width=121)
	  Index Cond: (id = 9313786)

table 8 : explain SELECT c FROM sbtest8 WHERE id=6981479
	Index Scan using sbtest8_pkey on sbtest8  (cost=0.43..8.45 rows=1 width=121)
	  Index Cond: (id = 6981479)

for: sum_ranges
table 1 : explain SELECT SUM(k) FROM sbtest1 WHERE id BETWEEN 1094283 AND 1095282
	Aggregate  (cost=3980.64..3980.65 rows=1 width=8)
	  ->  Bitmap Heap Scan on sbtest1  (cost=30.97..3978.07 rows=1028 width=4)
	        Recheck Cond: ((id >= 1094283) AND (id <= 1095282))
	        ->  Bitmap Index Scan on sbtest1_pkey  (cost=0.00..30.71 rows=1028 width=0)
	              Index Cond: ((id >= 1094283) AND (id <= 1095282))

table 2 : explain SELECT SUM(k) FROM sbtest2 WHERE id BETWEEN 9265927 AND 9266926
	Aggregate  (cost=3544.90..3544.91 rows=1 width=8)
	  ->  Bitmap Heap Scan on sbtest2  (cost=25.80..3542.62 rows=914 width=4)
	        Recheck Cond: ((id >= 9265927) AND (id <= 9266926))
	        ->  Bitmap Index Scan on sbtest2_pkey  (cost=0.00..25.57 rows=914 width=0)
	              Index Cond: ((id >= 9265927) AND (id <= 9266926))

table 3 : explain SELECT SUM(k) FROM sbtest3 WHERE id BETWEEN 7730352 AND 7731351
	Aggregate  (cost=4136.80..4136.81 rows=1 width=8)
	  ->  Bitmap Heap Scan on sbtest3  (cost=31.38..4134.13 rows=1068 width=4)
	        Recheck Cond: ((id >= 7730352) AND (id <= 7731351))
	        ->  Bitmap Index Scan on sbtest3_pkey  (cost=0.00..31.11 rows=1068 width=0)
	              Index Cond: ((id >= 7730352) AND (id <= 7731351))

table 4 : explain SELECT SUM(k) FROM sbtest4 WHERE id BETWEEN 6981486 AND 6982485
	Aggregate  (cost=3465.86..3465.87 rows=1 width=8)
	  ->  Bitmap Heap Scan on sbtest4  (cost=25.58..3463.63 rows=892 width=4)
	        Recheck Cond: ((id >= 6981486) AND (id <= 6982485))
	        ->  Bitmap Index Scan on sbtest4_pkey  (cost=0.00..25.36 rows=892 width=0)
	              Index Cond: ((id >= 6981486) AND (id <= 6982485))

table 5 : explain SELECT SUM(k) FROM sbtest5 WHERE id BETWEEN 8920152 AND 8921151
	Aggregate  (cost=3795.02..3795.03 rows=1 width=8)
	  ->  Bitmap Heap Scan on sbtest5  (cost=30.47..3792.57 rows=979 width=4)
	        Recheck Cond: ((id >= 8920152) AND (id <= 8921151))
	        ->  Bitmap Index Scan on sbtest5_pkey  (cost=0.00..30.22 rows=979 width=0)
	              Index Cond: ((id >= 8920152) AND (id <= 8921151))

table 6 : explain SELECT SUM(k) FROM sbtest6 WHERE id BETWEEN 8578695 AND 8579694
	Aggregate  (cost=3849.44..3849.45 rows=1 width=8)
	  ->  Bitmap Heap Scan on sbtest6  (cost=30.61..3846.96 rows=993 width=4)
	        Recheck Cond: ((id >= 8578695) AND (id <= 8579694))
	        ->  Bitmap Index Scan on sbtest6_pkey  (cost=0.00..30.36 rows=993 width=0)
	              Index Cond: ((id >= 8578695) AND (id <= 8579694))

table 7 : explain SELECT SUM(k) FROM sbtest7 WHERE id BETWEEN 3549830 AND 3550829
	Aggregate  (cost=4012.67..4012.68 rows=1 width=8)
	  ->  Bitmap Heap Scan on sbtest7  (cost=31.04..4010.08 rows=1035 width=4)
	        Recheck Cond: ((id >= 3549830) AND (id <= 3550829))
	        ->  Bitmap Index Scan on sbtest7_pkey  (cost=0.00..30.79 rows=1035 width=0)
	              Index Cond: ((id >= 3549830) AND (id <= 3550829))

table 8 : explain SELECT SUM(k) FROM sbtest8 WHERE id BETWEEN 1027706 AND 1028705
	Aggregate  (cost=3798.20..3798.21 rows=1 width=8)
	  ->  Bitmap Heap Scan on sbtest8  (cost=30.48..3795.75 rows=980 width=4)
	        Recheck Cond: ((id >= 1027706) AND (id <= 1028705))
	        ->  Bitmap Index Scan on sbtest8_pkey  (cost=0.00..30.23 rows=980 width=0)
	              Index Cond: ((id >= 1027706) AND (id <= 1028705))

for: sum_ranges
table 1 : explain SELECT SUM(k) FROM sbtest1 WHERE id BETWEEN 1822450 AND 1823449
	Aggregate  (cost=4044.72..4044.73 rows=1 width=8)
	  ->  Bitmap Heap Scan on sbtest1  (cost=31.15..4042.11 rows=1045 width=4)
	        Recheck Cond: ((id >= 1822450) AND (id <= 1823449))
	        ->  Bitmap Index Scan on sbtest1_pkey  (cost=0.00..30.89 rows=1045 width=0)
	              Index Cond: ((id >= 1822450) AND (id <= 1823449))

table 2 : explain SELECT SUM(k) FROM sbtest2 WHERE id BETWEEN 3063377 AND 3064376
	Aggregate  (cost=3968.02..3968.03 rows=1 width=8)
	  ->  Bitmap Heap Scan on sbtest2  (cost=30.94..3965.46 rows=1025 width=4)
	        Recheck Cond: ((id >= 3063377) AND (id <= 3064376))
	        ->  Bitmap Index Scan on sbtest2_pkey  (cost=0.00..30.68 rows=1025 width=0)
	              Index Cond: ((id >= 3063377) AND (id <= 3064376))

table 3 : explain SELECT SUM(k) FROM sbtest3 WHERE id BETWEEN 5019534 AND 5020533
	Aggregate  (cost=4004.68..4004.69 rows=1 width=8)
	  ->  Bitmap Heap Scan on sbtest3  (cost=31.02..4002.10 rows=1033 width=4)
	        Recheck Cond: ((id >= 5019534) AND (id <= 5020533))
	        ->  Bitmap Index Scan on sbtest3_pkey  (cost=0.00..30.76 rows=1033 width=0)
	              Index Cond: ((id >= 5019534) AND (id <= 5020533))

table 4 : explain SELECT SUM(k) FROM sbtest4 WHERE id BETWEEN 6793688 AND 6794687
	Aggregate  (cost=3647.78..3647.79 rows=1 width=8)
	  ->  Bitmap Heap Scan on sbtest4  (cost=26.07..3645.43 rows=940 width=4)
	        Recheck Cond: ((id >= 6793688) AND (id <= 6794687))
	        ->  Bitmap Index Scan on sbtest4_pkey  (cost=0.00..25.83 rows=940 width=0)
	              Index Cond: ((id >= 6793688) AND (id <= 6794687))

table 5 : explain SELECT SUM(k) FROM sbtest5 WHERE id BETWEEN 3419458 AND 3420457
	Aggregate  (cost=3828.99..3829.00 rows=1 width=8)
	  ->  Bitmap Heap Scan on sbtest5  (cost=30.56..3826.52 rows=988 width=4)
	        Recheck Cond: ((id >= 3419458) AND (id <= 3420457))
	        ->  Bitmap Index Scan on sbtest5_pkey  (cost=0.00..30.32 rows=988 width=0)
	              Index Cond: ((id >= 3419458) AND (id <= 3420457))

table 6 : explain SELECT SUM(k) FROM sbtest6 WHERE id BETWEEN 915285 AND 916284
	Aggregate  (cost=3924.93..3924.94 rows=1 width=8)
	  ->  Bitmap Heap Scan on sbtest6  (cost=30.82..3922.40 rows=1013 width=4)
	        Recheck Cond: ((id >= 915285) AND (id <= 916284))
	        ->  Bitmap Index Scan on sbtest6_pkey  (cost=0.00..30.57 rows=1013 width=0)
	              Index Cond: ((id >= 915285) AND (id <= 916284))

table 7 : explain SELECT SUM(k) FROM sbtest7 WHERE id BETWEEN 4434227 AND 4435226
	Aggregate  (cost=4171.22..4171.23 rows=1 width=8)
	  ->  Bitmap Heap Scan on sbtest7  (cost=31.47..4168.53 rows=1077 width=4)
	        Recheck Cond: ((id >= 4434227) AND (id <= 4435226))
	        ->  Bitmap Index Scan on sbtest7_pkey  (cost=0.00..31.20 rows=1077 width=0)
	              Index Cond: ((id >= 4434227) AND (id <= 4435226))

table 8 : explain SELECT SUM(k) FROM sbtest8 WHERE id BETWEEN 1955773 AND 1956772
	Aggregate  (cost=3677.35..3677.36 rows=1 width=8)
	  ->  Bitmap Heap Scan on sbtest8  (cost=30.15..3674.98 rows=948 width=4)
	        Recheck Cond: ((id >= 1955773) AND (id <= 1956772))
	        ->  Bitmap Index Scan on sbtest8_pkey  (cost=0.00..29.91 rows=948 width=0)
	              Index Cond: ((id >= 1955773) AND (id <= 1956772))

explain: for point_selects :: explain SELECT c FROM sbtest%u WHERE id=%u
for point_selects
table 1 : explain SELECT c FROM sbtest1 WHERE id=8358350
	Index Scan using sbtest1_pkey on sbtest1  (cost=0.43..8.45 rows=1 width=121)
	  Index Cond: (id = 8358350)

table 2 : explain SELECT c FROM sbtest2 WHERE id=5667719
	Index Scan using sbtest2_pkey on sbtest2  (cost=0.43..8.45 rows=1 width=121)
	  Index Cond: (id = 5667719)

table 3 : explain SELECT c FROM sbtest3 WHERE id=3528189
	Index Scan using sbtest3_pkey on sbtest3  (cost=0.43..8.45 rows=1 width=121)
	  Index Cond: (id = 3528189)

table 4 : explain SELECT c FROM sbtest4 WHERE id=3144167
	Index Scan using sbtest4_pkey on sbtest4  (cost=0.43..8.45 rows=1 width=121)
	  Index Cond: (id = 3144167)

table 5 : explain SELECT c FROM sbtest5 WHERE id=3252311
	Index Scan using sbtest5_pkey on sbtest5  (cost=0.43..8.45 rows=1 width=121)
	  Index Cond: (id = 3252311)

table 6 : explain SELECT c FROM sbtest6 WHERE id=3640635
	Index Scan using sbtest6_pkey on sbtest6  (cost=0.43..8.45 rows=1 width=121)
	  Index Cond: (id = 3640635)

table 7 : explain SELECT c FROM sbtest7 WHERE id=1445979
	Index Scan using sbtest7_pkey on sbtest7  (cost=0.43..8.45 rows=1 width=121)
	  Index Cond: (id = 1445979)

table 8 : explain SELECT c FROM sbtest8 WHERE id=4375244
	Index Scan using sbtest8_pkey on sbtest8  (cost=0.43..8.45 rows=1 width=121)
	  Index Cond: (id = 4375244)

for point_selects
table 1 : explain SELECT c FROM sbtest1 WHERE id=7070021
	Index Scan using sbtest1_pkey on sbtest1  (cost=0.43..8.45 rows=1 width=121)
	  Index Cond: (id = 7070021)

table 2 : explain SELECT c FROM sbtest2 WHERE id=8390531
	Index Scan using sbtest2_pkey on sbtest2  (cost=0.43..8.45 rows=1 width=121)
	  Index Cond: (id = 8390531)

table 3 : explain SELECT c FROM sbtest3 WHERE id=1952786
	Index Scan using sbtest3_pkey on sbtest3  (cost=0.43..8.45 rows=1 width=121)
	  Index Cond: (id = 1952786)

table 4 : explain SELECT c FROM sbtest4 WHERE id=6981173
	Index Scan using sbtest4_pkey on sbtest4  (cost=0.43..8.45 rows=1 width=121)
	  Index Cond: (id = 6981173)

table 5 : explain SELECT c FROM sbtest5 WHERE id=9220824
	Index Scan using sbtest5_pkey on sbtest5  (cost=0.43..8.45 rows=1 width=121)
	  Index Cond: (id = 9220824)

table 6 : explain SELECT c FROM sbtest6 WHERE id=55142
	Index Scan using sbtest6_pkey on sbtest6  (cost=0.43..8.45 rows=1 width=121)
	  Index Cond: (id = 55142)

table 7 : explain SELECT c FROM sbtest7 WHERE id=7078139
	Index Scan using sbtest7_pkey on sbtest7  (cost=0.43..8.45 rows=1 width=121)
	  Index Cond: (id = 7078139)

table 8 : explain SELECT c FROM sbtest8 WHERE id=1821182
	Index Scan using sbtest8_pkey on sbtest8  (cost=0.43..8.45 rows=1 width=121)
	  Index Cond: (id = 1821182)

for point_selects
table 1 : explain SELECT c FROM sbtest1 WHERE id=274854
	Index Scan using sbtest1_pkey on sbtest1  (cost=0.43..8.45 rows=1 width=121)
	  Index Cond: (id = 274854)

table 2 : explain SELECT c FROM sbtest2 WHERE id=3800771
	Index Scan using sbtest2_pkey on sbtest2  (cost=0.43..8.45 rows=1 width=121)
	  Index Cond: (id = 3800771)

table 3 : explain SELECT c FROM sbtest3 WHERE id=3739952
	Index Scan using sbtest3_pkey on sbtest3  (cost=0.43..8.45 rows=1 width=121)
	  Index Cond: (id = 3739952)

table 4 : explain SELECT c FROM sbtest4 WHERE id=6650370
	Index Scan using sbtest4_pkey on sbtest4  (cost=0.43..8.45 rows=1 width=121)
	  Index Cond: (id = 6650370)

table 5 : explain SELECT c FROM sbtest5 WHERE id=573426
	Index Scan using sbtest5_pkey on sbtest5  (cost=0.43..8.45 rows=1 width=121)
	  Index Cond: (id = 573426)

table 6 : explain SELECT c FROM sbtest6 WHERE id=8447081
	Index Scan using sbtest6_pkey on sbtest6  (cost=0.43..8.45 rows=1 width=121)
	  Index Cond: (id = 8447081)

table 7 : explain SELECT c FROM sbtest7 WHERE id=866564
	Index Scan using sbtest7_pkey on sbtest7  (cost=0.43..8.45 rows=1 width=121)
	  Index Cond: (id = 866564)

table 8 : explain SELECT c FROM sbtest8 WHERE id=2375353
	Index Scan using sbtest8_pkey on sbtest8  (cost=0.43..8.45 rows=1 width=121)
	  Index Cond: (id = 2375353)

explain: for point_selects :: explain SELECT c FROM sbtest%u WHERE id=%u
for: distinct_ranges
table 1 : explain SELECT DISTINCT c FROM sbtest1 WHERE id BETWEEN 3035557 AND 3036556 ORDER BY c
	Unique  (cost=3979.77..3984.84 rows=1015 width=121)
	  ->  Sort  (cost=3979.77..3982.30 rows=1015 width=121)
	        Sort Key: c
	        ->  Bitmap Heap Scan on sbtest1  (cost=30.84..3929.08 rows=1015 width=121)
	              Recheck Cond: ((id >= 3035557) AND (id <= 3036556))
	              ->  Bitmap Index Scan on sbtest1_pkey  (cost=0.00..30.58 rows=1015 width=0)
	                    Index Cond: ((id >= 3035557) AND (id <= 3036556))

table 2 : explain SELECT DISTINCT c FROM sbtest2 WHERE id BETWEEN 3775700 AND 3776699 ORDER BY c
	Unique  (cost=3587.57..3592.14 rows=914 width=121)
	  ->  Sort  (cost=3587.57..3589.85 rows=914 width=121)
	        Sort Key: c
	        ->  Bitmap Heap Scan on sbtest2  (cost=25.80..3542.62 rows=914 width=121)
	              Recheck Cond: ((id >= 3775700) AND (id <= 3776699))
	              ->  Bitmap Index Scan on sbtest2_pkey  (cost=0.00..25.57 rows=914 width=0)
	                    Index Cond: ((id >= 3775700) AND (id <= 3776699))

table 3 : explain SELECT DISTINCT c FROM sbtest3 WHERE id BETWEEN 1938079 AND 1939078 ORDER BY c
	Unique  (cost=3739.20..3743.96 rows=951 width=121)
	  ->  Sort  (cost=3739.20..3741.58 rows=951 width=121)
	        Sort Key: c
	        ->  Bitmap Heap Scan on sbtest3  (cost=30.18..3692.16 rows=951 width=121)
	              Recheck Cond: ((id >= 1938079) AND (id <= 1939078))
	              ->  Bitmap Index Scan on sbtest3_pkey  (cost=0.00..29.94 rows=951 width=0)
	                    Index Cond: ((id >= 1938079) AND (id <= 1939078))

table 4 : explain SELECT DISTINCT c FROM sbtest4 WHERE id BETWEEN 2260722 AND 2261721 ORDER BY c
	Unique  (cost=4106.17..4111.40 rows=1047 width=121)
	  ->  Sort  (cost=4106.17..4108.78 rows=1047 width=121)
	        Sort Key: c
	        ->  Bitmap Heap Scan on sbtest4  (cost=31.17..4053.65 rows=1047 width=121)
	              Recheck Cond: ((id >= 2260722) AND (id <= 2261721))
	              ->  Bitmap Index Scan on sbtest4_pkey  (cost=0.00..30.90 rows=1047 width=0)
	                    Index Cond: ((id >= 2260722) AND (id <= 2261721))

table 5 : explain SELECT DISTINCT c FROM sbtest5 WHERE id BETWEEN 3149178 AND 3150177 ORDER BY c
	Unique  (cost=3825.88..3830.76 rows=975 width=121)
	  ->  Sort  (cost=3825.88..3828.32 rows=975 width=121)
	        Sort Key: c
	        ->  Bitmap Heap Scan on sbtest5  (cost=30.43..3777.48 rows=975 width=121)
	              Recheck Cond: ((id >= 3149178) AND (id <= 3150177))
	              ->  Bitmap Index Scan on sbtest5_pkey  (cost=0.00..30.18 rows=975 width=0)
	                    Index Cond: ((id >= 3149178) AND (id <= 3150177))

table 6 : explain SELECT DISTINCT c FROM sbtest6 WHERE id BETWEEN 3588324 AND 3589323 ORDER BY c
	Unique  (cost=3812.09..3816.94 rows=971 width=121)
	  ->  Sort  (cost=3812.09..3814.52 rows=971 width=121)
	        Sort Key: c
	        ->  Bitmap Heap Scan on sbtest6  (cost=30.39..3763.91 rows=971 width=121)
	              Recheck Cond: ((id >= 3588324) AND (id <= 3589323))
	              ->  Bitmap Index Scan on sbtest6_pkey  (cost=0.00..30.14 rows=971 width=0)
	                    Index Cond: ((id >= 3588324) AND (id <= 3589323))

table 7 : explain SELECT DISTINCT c FROM sbtest7 WHERE id BETWEEN 1567280 AND 1568279 ORDER BY c
	Unique  (cost=3981.41..3986.48 rows=1014 width=121)
	  ->  Sort  (cost=3981.41..3983.94 rows=1014 width=121)
	        Sort Key: c
	        ->  Bitmap Heap Scan on sbtest7  (cost=30.83..3930.78 rows=1014 width=121)
	              Recheck Cond: ((id >= 1567280) AND (id <= 1568279))
	              ->  Bitmap Index Scan on sbtest7_pkey  (cost=0.00..30.57 rows=1014 width=0)
	                    Index Cond: ((id >= 1567280) AND (id <= 1568279))

table 8 : explain SELECT DISTINCT c FROM sbtest8 WHERE id BETWEEN 6227995 AND 6228994 ORDER BY c
	Unique  (cost=4287.75..4293.23 rows=1096 width=121)
	  ->  Sort  (cost=4287.75..4290.49 rows=1096 width=121)
	        Sort Key: c
	        ->  Bitmap Heap Scan on sbtest8  (cost=31.67..4232.42 rows=1096 width=121)
	              Recheck Cond: ((id >= 6227995) AND (id <= 6228994))
	              ->  Bitmap Index Scan on sbtest8_pkey  (cost=0.00..31.39 rows=1096 width=0)
	                    Index Cond: ((id >= 6227995) AND (id <= 6228994))

for: simple_ranges
table 1 : explain SELECT c FROM sbtest1 WHERE id BETWEEN 5072514 AND 5073513
	Bitmap Heap Scan on sbtest1  (cost=31.55..4188.87 rows=1084 width=121)
	  Recheck Cond: ((id >= 5072514) AND (id <= 5073513))
	  ->  Bitmap Index Scan on sbtest1_pkey  (cost=0.00..31.27 rows=1084 width=0)
	        Index Cond: ((id >= 5072514) AND (id <= 5073513))

table 2 : explain SELECT c FROM sbtest2 WHERE id BETWEEN 7460246 AND 7461245
	Bitmap Heap Scan on sbtest2  (cost=25.74..3519.93 rows=908 width=121)
	  Recheck Cond: ((id >= 7460246) AND (id <= 7461245))
	  ->  Bitmap Index Scan on sbtest2_pkey  (cost=0.00..25.51 rows=908 width=0)
	        Index Cond: ((id >= 7460246) AND (id <= 7461245))

table 3 : explain SELECT c FROM sbtest3 WHERE id BETWEEN 1376453 AND 1377452
	Bitmap Heap Scan on sbtest3  (cost=29.68..3506.55 rows=902 width=121)
	  Recheck Cond: ((id >= 1376453) AND (id <= 1377452))
	  ->  Bitmap Index Scan on sbtest3_pkey  (cost=0.00..29.45 rows=902 width=0)
	        Index Cond: ((id >= 1376453) AND (id <= 1377452))

table 4 : explain SELECT c FROM sbtest4 WHERE id BETWEEN 7607489 AND 7608488
	Bitmap Heap Scan on sbtest4  (cost=31.26..4087.58 rows=1056 width=121)
	  Recheck Cond: ((id >= 7607489) AND (id <= 7608488))
	  ->  Bitmap Index Scan on sbtest4_pkey  (cost=0.00..31.00 rows=1056 width=0)
	        Index Cond: ((id >= 7607489) AND (id <= 7608488))

table 5 : explain SELECT c FROM sbtest5 WHERE id BETWEEN 2375603 AND 2376602
	Bitmap Heap Scan on sbtest5  (cost=26.06..3637.55 rows=939 width=121)
	  Recheck Cond: ((id >= 2375603) AND (id <= 2376602))
	  ->  Bitmap Index Scan on sbtest5_pkey  (cost=0.00..25.82 rows=939 width=0)
	        Index Cond: ((id >= 2375603) AND (id <= 2376602))

table 6 : explain SELECT c FROM sbtest6 WHERE id BETWEEN 4357231 AND 4358230
	Bitmap Heap Scan on sbtest6  (cost=25.80..3544.46 rows=914 width=121)
	  Recheck Cond: ((id >= 4357231) AND (id <= 4358230))
	  ->  Bitmap Index Scan on sbtest6_pkey  (cost=0.00..25.57 rows=914 width=0)
	        Index Cond: ((id >= 4357231) AND (id <= 4358230))

table 7 : explain SELECT c FROM sbtest7 WHERE id BETWEEN 5594937 AND 5595936
	Bitmap Heap Scan on sbtest7  (cost=31.02..4002.53 rows=1033 width=121)
	  Recheck Cond: ((id >= 5594937) AND (id <= 5595936))
	  ->  Bitmap Index Scan on sbtest7_pkey  (cost=0.00..30.76 rows=1033 width=0)
	        Index Cond: ((id >= 5594937) AND (id <= 5595936))

table 8 : explain SELECT c FROM sbtest8 WHERE id BETWEEN 8629272 AND 8630271
	Bitmap Heap Scan on sbtest8  (cost=30.19..3690.09 rows=952 width=121)
	  Recheck Cond: ((id >= 8629272) AND (id <= 8630271))
	  ->  Bitmap Index Scan on sbtest8_pkey  (cost=0.00..29.95 rows=952 width=0)
	        Index Cond: ((id >= 8629272) AND (id <= 8630271))

for: simple_ranges
table 1 : explain SELECT c FROM sbtest1 WHERE id BETWEEN 3213186 AND 3214185
	Bitmap Heap Scan on sbtest1  (cost=30.30..3729.13 rows=962 width=121)
	  Recheck Cond: ((id >= 3213186) AND (id <= 3214185))
	  ->  Bitmap Index Scan on sbtest1_pkey  (cost=0.00..30.05 rows=962 width=0)
	        Index Cond: ((id >= 3213186) AND (id <= 3214185))

table 2 : explain SELECT c FROM sbtest2 WHERE id BETWEEN 6063946 AND 6064945
	Bitmap Heap Scan on sbtest2  (cost=30.89..3946.62 rows=1020 width=121)
	  Recheck Cond: ((id >= 6063946) AND (id <= 6064945))
	  ->  Bitmap Index Scan on sbtest2_pkey  (cost=0.00..30.64 rows=1020 width=0)
	        Index Cond: ((id >= 6063946) AND (id <= 6064945))

table 3 : explain SELECT c FROM sbtest3 WHERE id BETWEEN 7820267 AND 7821266
	Bitmap Heap Scan on sbtest3  (cost=31.48..4171.83 rows=1078 width=121)
	  Recheck Cond: ((id >= 7820267) AND (id <= 7821266))
	  ->  Bitmap Index Scan on sbtest3_pkey  (cost=0.00..31.21 rows=1078 width=0)
	        Index Cond: ((id >= 7820267) AND (id <= 7821266))

table 4 : explain SELECT c FROM sbtest4 WHERE id BETWEEN 8686736 AND 8687735
	Bitmap Heap Scan on sbtest4  (cost=26.05..3637.86 rows=938 width=121)
	  Recheck Cond: ((id >= 8686736) AND (id <= 8687735))
	  ->  Bitmap Index Scan on sbtest4_pkey  (cost=0.00..25.82 rows=938 width=0)
	        Index Cond: ((id >= 8686736) AND (id <= 8687735))

table 5 : explain SELECT c FROM sbtest5 WHERE id BETWEEN 5581126 AND 5582125
	Bitmap Heap Scan on sbtest5  (cost=30.72..3883.08 rows=1003 width=121)
	  Recheck Cond: ((id >= 5581126) AND (id <= 5582125))
	  ->  Bitmap Index Scan on sbtest5_pkey  (cost=0.00..30.46 rows=1003 width=0)
	        Index Cond: ((id >= 5581126) AND (id <= 5582125))

table 6 : explain SELECT c FROM sbtest6 WHERE id BETWEEN 129334 AND 130333
	Bitmap Heap Scan on sbtest6  (cost=25.70..3506.61 rows=904 width=121)
	  Recheck Cond: ((id >= 129334) AND (id <= 130333))
	  ->  Bitmap Index Scan on sbtest6_pkey  (cost=0.00..25.47 rows=904 width=0)
	        Index Cond: ((id >= 129334) AND (id <= 130333))

table 7 : explain SELECT c FROM sbtest7 WHERE id BETWEEN 8776098 AND 8777097
	Bitmap Heap Scan on sbtest7  (cost=29.70..3514.49 rows=904 width=121)
	  Recheck Cond: ((id >= 8776098) AND (id <= 8777097))
	  ->  Bitmap Index Scan on sbtest7_pkey  (cost=0.00..29.47 rows=904 width=0)
	        Index Cond: ((id >= 8776098) AND (id <= 8777097))

table 8 : explain SELECT c FROM sbtest8 WHERE id BETWEEN 6199611 AND 6200610
	Bitmap Heap Scan on sbtest8  (cost=31.67..4232.42 rows=1096 width=121)
	  Recheck Cond: ((id >= 6199611) AND (id <= 6200610))
	  ->  Bitmap Index Scan on sbtest8_pkey  (cost=0.00..31.39 rows=1096 width=0)
	        Index Cond: ((id >= 6199611) AND (id <= 6200610))

for: simple_ranges
table 1 : explain SELECT c FROM sbtest1 WHERE id BETWEEN 3544942 AND 3545941
	Bitmap Heap Scan on sbtest1  (cost=30.70..3876.30 rows=1001 width=121)
	  Recheck Cond: ((id >= 3544942) AND (id <= 3545941))
	  ->  Bitmap Index Scan on sbtest1_pkey  (cost=0.00..30.44 rows=1001 width=0)
	        Index Cond: ((id >= 3544942) AND (id <= 3545941))

table 2 : explain SELECT c FROM sbtest2 WHERE id BETWEEN 6784663 AND 6785662
	Bitmap Heap Scan on sbtest2  (cost=30.47..3792.08 rows=979 width=121)
	  Recheck Cond: ((id >= 6784663) AND (id <= 6785662))
	  ->  Bitmap Index Scan on sbtest2_pkey  (cost=0.00..30.22 rows=979 width=0)
	        Index Cond: ((id >= 6784663) AND (id <= 6785662))

table 3 : explain SELECT c FROM sbtest3 WHERE id BETWEEN 7887886 AND 7888885
	Bitmap Heap Scan on sbtest3  (cost=31.48..4171.83 rows=1078 width=121)
	  Recheck Cond: ((id >= 7887886) AND (id <= 7888885))
	  ->  Bitmap Index Scan on sbtest3_pkey  (cost=0.00..31.21 rows=1078 width=0)
	        Index Cond: ((id >= 7887886) AND (id <= 7888885))

table 4 : explain SELECT c FROM sbtest4 WHERE id BETWEEN 7541116 AND 7542115
	Bitmap Heap Scan on sbtest4  (cost=31.90..4324.86 rows=1119 width=121)
	  Recheck Cond: ((id >= 7541116) AND (id <= 7542115))
	  ->  Bitmap Index Scan on sbtest4_pkey  (cost=0.00..31.62 rows=1119 width=0)
	        Index Cond: ((id >= 7541116) AND (id <= 7542115))

table 5 : explain SELECT c FROM sbtest5 WHERE id BETWEEN 8561775 AND 8562774
	Bitmap Heap Scan on sbtest5  (cost=30.87..3939.61 rows=1018 width=121)
	  Recheck Cond: ((id >= 8561775) AND (id <= 8562774))
	  ->  Bitmap Index Scan on sbtest5_pkey  (cost=0.00..30.61 rows=1018 width=0)
	        Index Cond: ((id >= 8561775) AND (id <= 8562774))

table 6 : explain SELECT c FROM sbtest6 WHERE id BETWEEN 5946243 AND 5947242
	Bitmap Heap Scan on sbtest6  (cost=31.06..4012.86 rows=1037 width=121)
	  Recheck Cond: ((id >= 5946243) AND (id <= 5947242))
	  ->  Bitmap Index Scan on sbtest6_pkey  (cost=0.00..30.80 rows=1037 width=0)
	        Index Cond: ((id >= 5946243) AND (id <= 5947242))

table 7 : explain SELECT c FROM sbtest7 WHERE id BETWEEN 1307184 AND 1308183
	Bitmap Heap Scan on sbtest7  (cost=30.40..3772.01 rows=972 width=121)
	  Recheck Cond: ((id >= 1307184) AND (id <= 1308183))
	  ->  Bitmap Index Scan on sbtest7_pkey  (cost=0.00..30.15 rows=972 width=0)
	        Index Cond: ((id >= 1307184) AND (id <= 1308183))

table 8 : explain SELECT c FROM sbtest8 WHERE id BETWEEN 7839767 AND 7840766
	Bitmap Heap Scan on sbtest8  (cost=25.47..3417.69 rows=881 width=121)
	  Recheck Cond: ((id >= 7839767) AND (id <= 7840766))
	  ->  Bitmap Index Scan on sbtest8_pkey  (cost=0.00..25.25 rows=881 width=0)
	        Index Cond: ((id >= 7839767) AND (id <= 7840766))

for: sum_ranges
table 1 : explain SELECT SUM(k) FROM sbtest1 WHERE id BETWEEN 8663515 AND 8664514
	Aggregate  (cost=3803.30..3803.31 rows=1 width=8)
	  ->  Bitmap Heap Scan on sbtest1  (cost=30.49..3800.85 rows=981 width=4)
	        Recheck Cond: ((id >= 8663515) AND (id <= 8664514))
	        ->  Bitmap Index Scan on sbtest1_pkey  (cost=0.00..30.25 rows=981 width=0)
	              Index Cond: ((id >= 8663515) AND (id <= 8664514))

table 2 : explain SELECT SUM(k) FROM sbtest2 WHERE id BETWEEN 6649713 AND 6650712
	Aggregate  (cost=3696.34..3696.35 rows=1 width=8)
	  ->  Bitmap Heap Scan on sbtest2  (cost=30.20..3693.96 rows=953 width=4)
	        Recheck Cond: ((id >= 6649713) AND (id <= 6650712))
	        ->  Bitmap Index Scan on sbtest2_pkey  (cost=0.00..29.96 rows=953 width=0)
	              Index Cond: ((id >= 6649713) AND (id <= 6650712))

table 3 : explain SELECT SUM(k) FROM sbtest3 WHERE id BETWEEN 7919014 AND 7920013
	Aggregate  (cost=3845.93..3845.94 rows=1 width=8)
	  ->  Bitmap Heap Scan on sbtest3  (cost=30.59..3843.45 rows=991 width=4)
	        Recheck Cond: ((id >= 7919014) AND (id <= 7920013))
	        ->  Bitmap Index Scan on sbtest3_pkey  (cost=0.00..30.34 rows=991 width=0)
	              Index Cond: ((id >= 7919014) AND (id <= 7920013))

table 4 : explain SELECT SUM(k) FROM sbtest4 WHERE id BETWEEN 6338195 AND 6339194
	Aggregate  (cost=3893.89..3893.90 rows=1 width=8)
	  ->  Bitmap Heap Scan on sbtest4  (cost=30.73..3891.38 rows=1004 width=4)
	        Recheck Cond: ((id >= 6338195) AND (id <= 6339194))
	        ->  Bitmap Index Scan on sbtest4_pkey  (cost=0.00..30.47 rows=1004 width=0)
	              Index Cond: ((id >= 6338195) AND (id <= 6339194))

table 5 : explain SELECT SUM(k) FROM sbtest5 WHERE id BETWEEN 9723588 AND 9724587
	Aggregate  (cost=3840.31..3840.32 rows=1 width=8)
	  ->  Bitmap Heap Scan on sbtest5  (cost=30.59..3837.84 rows=991 width=4)
	        Recheck Cond: ((id >= 9723588) AND (id <= 9724587))
	        ->  Bitmap Index Scan on sbtest5_pkey  (cost=0.00..30.34 rows=991 width=0)
	              Index Cond: ((id >= 9723588) AND (id <= 9724587))

table 6 : explain SELECT SUM(k) FROM sbtest6 WHERE id BETWEEN 2494867 AND 2495866
	Aggregate  (cost=3800.34..3800.35 rows=1 width=8)
	  ->  Bitmap Heap Scan on sbtest6  (cost=30.48..3797.89 rows=980 width=4)
	        Recheck Cond: ((id >= 2494867) AND (id <= 2495866))
	        ->  Bitmap Index Scan on sbtest6_pkey  (cost=0.00..30.23 rows=980 width=0)
	              Index Cond: ((id >= 2494867) AND (id <= 2495866))

table 7 : explain SELECT SUM(k) FROM sbtest7 WHERE id BETWEEN 3769615 AND 3770614
	Aggregate  (cost=3732.80..3732.81 rows=1 width=8)
	  ->  Bitmap Heap Scan on sbtest7  (cost=30.29..3730.39 rows=961 width=4)
	        Recheck Cond: ((id >= 3769615) AND (id <= 3770614))
	        ->  Bitmap Index Scan on sbtest7_pkey  (cost=0.00..30.04 rows=961 width=0)
	              Index Cond: ((id >= 3769615) AND (id <= 3770614))

table 8 : explain SELECT SUM(k) FROM sbtest8 WHERE id BETWEEN 1218219 AND 1219218
	Aggregate  (cost=3858.57..3858.58 rows=1 width=8)
	  ->  Bitmap Heap Scan on sbtest8  (cost=30.64..3856.08 rows=996 width=4)
	        Recheck Cond: ((id >= 1218219) AND (id <= 1219218))
	        ->  Bitmap Index Scan on sbtest8_pkey  (cost=0.00..30.39 rows=996 width=0)
	              Index Cond: ((id >= 1218219) AND (id <= 1219218))

for: simple_ranges
table 1 : explain SELECT c FROM sbtest1 WHERE id BETWEEN 2839304 AND 2840303
	Bitmap Heap Scan on sbtest1  (cost=31.61..4211.43 rows=1090 width=121)
	  Recheck Cond: ((id >= 2839304) AND (id <= 2840303))
	  ->  Bitmap Index Scan on sbtest1_pkey  (cost=0.00..31.33 rows=1090 width=0)
	        Index Cond: ((id >= 2839304) AND (id <= 2840303))

table 2 : explain SELECT c FROM sbtest2 WHERE id BETWEEN 6496699 AND 6497698
	Bitmap Heap Scan on sbtest2  (cost=31.25..4078.38 rows=1055 width=121)
	  Recheck Cond: ((id >= 6496699) AND (id <= 6497698))
	  ->  Bitmap Index Scan on sbtest2_pkey  (cost=0.00..30.98 rows=1055 width=0)
	        Index Cond: ((id >= 6496699) AND (id <= 6497698))

table 3 : explain SELECT c FROM sbtest3 WHERE id BETWEEN 7130521 AND 7131520
	Bitmap Heap Scan on sbtest3  (cost=31.35..4122.82 rows=1065 width=121)
	  Recheck Cond: ((id >= 7130521) AND (id <= 7131520))
	  ->  Bitmap Index Scan on sbtest3_pkey  (cost=0.00..31.08 rows=1065 width=0)
	        Index Cond: ((id >= 7130521) AND (id <= 7131520))

table 4 : explain SELECT c FROM sbtest4 WHERE id BETWEEN 9705476 AND 9706475
	Bitmap Heap Scan on sbtest4  (cost=30.22..3706.19 rows=955 width=121)
	  Recheck Cond: ((id >= 9705476) AND (id <= 9706475))
	  ->  Bitmap Index Scan on sbtest4_pkey  (cost=0.00..29.98 rows=955 width=0)
	        Index Cond: ((id >= 9705476) AND (id <= 9706475))

table 5 : explain SELECT c FROM sbtest5 WHERE id BETWEEN 9023619 AND 9024618
	Bitmap Heap Scan on sbtest5  (cost=31.23..4071.41 rows=1053 width=121)
	  Recheck Cond: ((id >= 9023619) AND (id <= 9024618))
	  ->  Bitmap Index Scan on sbtest5_pkey  (cost=0.00..30.96 rows=1053 width=0)
	        Index Cond: ((id >= 9023619) AND (id <= 9024618))

table 6 : explain SELECT c FROM sbtest6 WHERE id BETWEEN 4307469 AND 4308468
	Bitmap Heap Scan on sbtest6  (cost=25.80..3544.46 rows=914 width=121)
	  Recheck Cond: ((id >= 4307469) AND (id <= 4308468))
	  ->  Bitmap Index Scan on sbtest6_pkey  (cost=0.00..25.57 rows=914 width=0)
	        Index Cond: ((id >= 4307469) AND (id <= 4308468))

table 7 : explain SELECT c FROM sbtest7 WHERE id BETWEEN 648333 AND 649332
	Bitmap Heap Scan on sbtest7  (cost=30.73..3893.00 rows=1004 width=121)
	  Recheck Cond: ((id >= 648333) AND (id <= 649332))
	  ->  Bitmap Index Scan on sbtest7_pkey  (cost=0.00..30.47 rows=1004 width=0)
	        Index Cond: ((id >= 648333) AND (id <= 649332))

table 8 : explain SELECT c FROM sbtest8 WHERE id BETWEEN 1641868 AND 1642867
	Bitmap Heap Scan on sbtest8  (cost=30.10..3656.10 rows=943 width=121)
	  Recheck Cond: ((id >= 1641868) AND (id <= 1642867))
	  ->  Bitmap Index Scan on sbtest8_pkey  (cost=0.00..29.86 rows=943 width=0)
	        Index Cond: ((id >= 1641868) AND (id <= 1642867))

for: simple_ranges
table 1 : explain SELECT c FROM sbtest1 WHERE id BETWEEN 2828471 AND 2829470
	Bitmap Heap Scan on sbtest1  (cost=31.61..4211.43 rows=1090 width=121)
	  Recheck Cond: ((id >= 2828471) AND (id <= 2829470))
	  ->  Bitmap Index Scan on sbtest1_pkey  (cost=0.00..31.33 rows=1090 width=0)
	        Index Cond: ((id >= 2828471) AND (id <= 2829470))

table 2 : explain SELECT c FROM sbtest2 WHERE id BETWEEN 2082132 AND 2083131
	Bitmap Heap Scan on sbtest2  (cost=25.73..3516.15 rows=907 width=121)
	  Recheck Cond: ((id >= 2082132) AND (id <= 2083131))
	  ->  Bitmap Index Scan on sbtest2_pkey  (cost=0.00..25.50 rows=907 width=0)
	        Index Cond: ((id >= 2082132) AND (id <= 2083131))

table 3 : explain SELECT c FROM sbtest3 WHERE id BETWEEN 5191716 AND 5192715
	Bitmap Heap Scan on sbtest3  (cost=31.01..3998.32 rows=1032 width=121)
	  Recheck Cond: ((id >= 5191716) AND (id <= 5192715))
	  ->  Bitmap Index Scan on sbtest3_pkey  (cost=0.00..30.75 rows=1032 width=0)
	        Index Cond: ((id >= 5191716) AND (id <= 5192715))

table 4 : explain SELECT c FROM sbtest4 WHERE id BETWEEN 8982857 AND 8983856
	Bitmap Heap Scan on sbtest4  (cost=30.22..3706.19 rows=955 width=121)
	  Recheck Cond: ((id >= 8982857) AND (id <= 8983856))
	  ->  Bitmap Index Scan on sbtest4_pkey  (cost=0.00..29.98 rows=955 width=0)
	        Index Cond: ((id >= 8982857) AND (id <= 8983856))

table 5 : explain SELECT c FROM sbtest5 WHERE id BETWEEN 5726303 AND 5727302
	Bitmap Heap Scan on sbtest5  (cost=30.95..3969.75 rows=1026 width=121)
	  Recheck Cond: ((id >= 5726303) AND (id <= 5727302))
	  ->  Bitmap Index Scan on sbtest5_pkey  (cost=0.00..30.69 rows=1026 width=0)
	        Index Cond: ((id >= 5726303) AND (id <= 5727302))

table 6 : explain SELECT c FROM sbtest6 WHERE id BETWEEN 5993586 AND 5994585
	Bitmap Heap Scan on sbtest6  (cost=31.06..4012.86 rows=1037 width=121)
	  Recheck Cond: ((id >= 5993586) AND (id <= 5994585))
	  ->  Bitmap Index Scan on sbtest6_pkey  (cost=0.00..30.80 rows=1037 width=0)
	        Index Cond: ((id >= 5993586) AND (id <= 5994585))

table 7 : explain SELECT c FROM sbtest7 WHERE id BETWEEN 5373952 AND 5374951
	Bitmap Heap Scan on sbtest7  (cost=29.94..3601.66 rows=927 width=121)
	  Recheck Cond: ((id >= 5373952) AND (id <= 5374951))
	  ->  Bitmap Index Scan on sbtest7_pkey  (cost=0.00..29.70 rows=927 width=0)
	        Index Cond: ((id >= 5373952) AND (id <= 5374951))

table 8 : explain SELECT c FROM sbtest8 WHERE id BETWEEN 8514429 AND 8515428
	Bitmap Heap Scan on sbtest8  (cost=30.49..3799.52 rows=981 width=121)
	  Recheck Cond: ((id >= 8514429) AND (id <= 8515428))
	  ->  Bitmap Index Scan on sbtest8_pkey  (cost=0.00..30.25 rows=981 width=0)
	        Index Cond: ((id >= 8514429) AND (id <= 8515428))

for: sum_ranges
table 1 : explain SELECT SUM(k) FROM sbtest1 WHERE id BETWEEN 7060136 AND 7061135
	Aggregate  (cost=4240.49..4240.50 rows=1 width=8)
	  ->  Bitmap Heap Scan on sbtest1  (cost=31.68..4237.75 rows=1097 width=4)
	        Recheck Cond: ((id >= 7060136) AND (id <= 7061135))
	        ->  Bitmap Index Scan on sbtest1_pkey  (cost=0.00..31.40 rows=1097 width=0)
	              Index Cond: ((id >= 7060136) AND (id <= 7061135))

table 2 : explain SELECT SUM(k) FROM sbtest2 WHERE id BETWEEN 8837787 AND 8838786
	Aggregate  (cost=4013.23..4013.24 rows=1 width=8)
	  ->  Bitmap Heap Scan on sbtest2  (cost=31.06..4010.64 rows=1037 width=4)
	        Recheck Cond: ((id >= 8837787) AND (id <= 8838786))
	        ->  Bitmap Index Scan on sbtest2_pkey  (cost=0.00..30.80 rows=1037 width=0)
	              Index Cond: ((id >= 8837787) AND (id <= 8838786))

table 3 : explain SELECT SUM(k) FROM sbtest3 WHERE id BETWEEN 6769047 AND 6770046
	Aggregate  (cost=4219.78..4219.79 rows=1 width=8)
	  ->  Bitmap Heap Scan on sbtest3  (cost=31.61..4217.05 rows=1090 width=4)
	        Recheck Cond: ((id >= 6769047) AND (id <= 6770046))
	        ->  Bitmap Index Scan on sbtest3_pkey  (cost=0.00..31.33 rows=1090 width=0)
	              Index Cond: ((id >= 6769047) AND (id <= 6770046))

table 4 : explain SELECT SUM(k) FROM sbtest4 WHERE id BETWEEN 4073535 AND 4074534
	Aggregate  (cost=3678.29..3678.30 rows=1 width=8)
	  ->  Bitmap Heap Scan on sbtest4  (cost=30.14..3675.92 rows=947 width=4)
	        Recheck Cond: ((id >= 4073535) AND (id <= 4074534))
	        ->  Bitmap Index Scan on sbtest4_pkey  (cost=0.00..29.90 rows=947 width=0)
	              Index Cond: ((id >= 4073535) AND (id <= 4074534))

table 5 : explain SELECT SUM(k) FROM sbtest5 WHERE id BETWEEN 5816331 AND 5817330
	Aggregate  (cost=3896.91..3896.92 rows=1 width=8)
	  ->  Bitmap Heap Scan on sbtest5  (cost=30.75..3894.39 rows=1006 width=4)
	        Recheck Cond: ((id >= 5816331) AND (id <= 5817330))
	        ->  Bitmap Index Scan on sbtest5_pkey  (cost=0.00..30.50 rows=1006 width=0)
	              Index Cond: ((id >= 5816331) AND (id <= 5817330))

table 6 : explain SELECT SUM(k) FROM sbtest6 WHERE id BETWEEN 3744176 AND 3745175
	Aggregate  (cost=3527.81..3527.82 rows=1 width=8)
	  ->  Bitmap Heap Scan on sbtest6  (cost=25.75..3525.54 rows=909 width=4)
	        Recheck Cond: ((id >= 3744176) AND (id <= 3745175))
	        ->  Bitmap Index Scan on sbtest6_pkey  (cost=0.00..25.52 rows=909 width=0)
	              Index Cond: ((id >= 3744176) AND (id <= 3745175))

table 7 : explain SELECT SUM(k) FROM sbtest7 WHERE id BETWEEN 3582581 AND 3583580
	Aggregate  (cost=4012.67..4012.68 rows=1 width=8)
	  ->  Bitmap Heap Scan on sbtest7  (cost=31.04..4010.08 rows=1035 width=4)
	        Recheck Cond: ((id >= 3582581) AND (id <= 3583580))
	        ->  Bitmap Index Scan on sbtest7_pkey  (cost=0.00..30.79 rows=1035 width=0)
	              Index Cond: ((id >= 3582581) AND (id <= 3583580))

table 8 : explain SELECT SUM(k) FROM sbtest8 WHERE id BETWEEN 3461377 AND 3462376
	Aggregate  (cost=3703.80..3703.81 rows=1 width=8)
	  ->  Bitmap Heap Scan on sbtest8  (cost=30.22..3701.41 rows=955 width=4)
	        Recheck Cond: ((id >= 3461377) AND (id <= 3462376))
	        ->  Bitmap Index Scan on sbtest8_pkey  (cost=0.00..29.98 rows=955 width=0)
	              Index Cond: ((id >= 3461377) AND (id <= 3462376))

explain: for point_selects :: explain SELECT c FROM sbtest%u WHERE id=%u
for: simple_ranges
table 1 : explain SELECT c FROM sbtest1 WHERE id BETWEEN 8124566 AND 8125565
	Bitmap Heap Scan on sbtest1  (cost=31.12..4030.81 rows=1042 width=121)
	  Recheck Cond: ((id >= 8124566) AND (id <= 8125565))
	  ->  Bitmap Index Scan on sbtest1_pkey  (cost=0.00..30.86 rows=1042 width=0)
	        Index Cond: ((id >= 8124566) AND (id <= 8125565))

table 2 : explain SELECT c FROM sbtest2 WHERE id BETWEEN 7090531 AND 7091530
	Bitmap Heap Scan on sbtest2  (cost=30.65..3859.95 rows=997 width=121)
	  Recheck Cond: ((id >= 7090531) AND (id <= 7091530))
	  ->  Bitmap Index Scan on sbtest2_pkey  (cost=0.00..30.40 rows=997 width=0)
	        Index Cond: ((id >= 7090531) AND (id <= 7091530))

table 3 : explain SELECT c FROM sbtest3 WHERE id BETWEEN 5716892 AND 5717891
	Bitmap Heap Scan on sbtest3  (cost=30.95..3975.67 rows=1026 width=121)
	  Recheck Cond: ((id >= 5716892) AND (id <= 5717891))
	  ->  Bitmap Index Scan on sbtest3_pkey  (cost=0.00..30.69 rows=1026 width=0)
	        Index Cond: ((id >= 5716892) AND (id <= 5717891))

table 4 : explain SELECT c FROM sbtest4 WHERE id BETWEEN 9145297 AND 9146296
	Bitmap Heap Scan on sbtest4  (cost=30.35..3751.57 rows=967 width=121)
	  Recheck Cond: ((id >= 9145297) AND (id <= 9146296))
	  ->  Bitmap Index Scan on sbtest4_pkey  (cost=0.00..30.11 rows=967 width=0)
	        Index Cond: ((id >= 9145297) AND (id <= 9146296))

table 5 : explain SELECT c FROM sbtest5 WHERE id BETWEEN 2008313 AND 2009312
	Bitmap Heap Scan on sbtest5  (cost=31.42..4142.89 rows=1072 width=121)
	  Recheck Cond: ((id >= 2008313) AND (id <= 2009312))
	  ->  Bitmap Index Scan on sbtest5_pkey  (cost=0.00..31.15 rows=1072 width=0)
	        Index Cond: ((id >= 2008313) AND (id <= 2009312))

table 6 : explain SELECT c FROM sbtest6 WHERE id BETWEEN 6982469 AND 6983468
	Bitmap Heap Scan on sbtest6  (cost=31.08..4020.40 rows=1039 width=121)
	  Recheck Cond: ((id >= 6982469) AND (id <= 6983468))
	  ->  Bitmap Index Scan on sbtest6_pkey  (cost=0.00..30.82 rows=1039 width=0)
	        Index Cond: ((id >= 6982469) AND (id <= 6983468))

table 7 : explain SELECT c FROM sbtest7 WHERE id BETWEEN 6580545 AND 6581544
	Bitmap Heap Scan on sbtest7  (cost=30.27..3726.61 rows=960 width=121)
	  Recheck Cond: ((id >= 6580545) AND (id <= 6581544))
	  ->  Bitmap Index Scan on sbtest7_pkey  (cost=0.00..30.04 rows=960 width=0)
	        Index Cond: ((id >= 6580545) AND (id <= 6581544))

table 8 : explain SELECT c FROM sbtest8 WHERE id BETWEEN 4766726 AND 4767725
	Bitmap Heap Scan on sbtest8  (cost=31.15..4040.64 rows=1045 width=121)
	  Recheck Cond: ((id >= 4766726) AND (id <= 4767725))
	  ->  Bitmap Index Scan on sbtest8_pkey  (cost=0.00..30.89 rows=1045 width=0)
	        Index Cond: ((id >= 4766726) AND (id <= 4767725))

for: simple_ranges
table 1 : explain SELECT c FROM sbtest1 WHERE id BETWEEN 2592265 AND 2593264
	Bitmap Heap Scan on sbtest1  (cost=30.46..3789.53 rows=978 width=121)
	  Recheck Cond: ((id >= 2592265) AND (id <= 2593264))
	  ->  Bitmap Index Scan on sbtest1_pkey  (cost=0.00..30.21 rows=978 width=0)
	        Index Cond: ((id >= 2592265) AND (id <= 2593264))

table 2 : explain SELECT c FROM sbtest2 WHERE id BETWEEN 1850627 AND 1851626
	Bitmap Heap Scan on sbtest2  (cost=31.64..4221.27 rows=1093 width=121)
	  Recheck Cond: ((id >= 1850627) AND (id <= 1851626))
	  ->  Bitmap Index Scan on sbtest2_pkey  (cost=0.00..31.36 rows=1093 width=0)
	        Index Cond: ((id >= 1850627) AND (id <= 1851626))

table 3 : explain SELECT c FROM sbtest3 WHERE id BETWEEN 9255939 AND 9256938
	Bitmap Heap Scan on sbtest3  (cost=30.48..3801.87 rows=980 width=121)
	  Recheck Cond: ((id >= 9255939) AND (id <= 9256938))
	  ->  Bitmap Index Scan on sbtest3_pkey  (cost=0.00..30.23 rows=980 width=0)
	        Index Cond: ((id >= 9255939) AND (id <= 9256938))

table 4 : explain SELECT c FROM sbtest4 WHERE id BETWEEN 1908460 AND 1909459
	Bitmap Heap Scan on sbtest4  (cost=30.29..3728.88 rows=961 width=121)
	  Recheck Cond: ((id >= 1908460) AND (id <= 1909459))
	  ->  Bitmap Index Scan on sbtest4_pkey  (cost=0.00..30.04 rows=961 width=0)
	        Index Cond: ((id >= 1908460) AND (id <= 1909459))

table 5 : explain SELECT c FROM sbtest5 WHERE id BETWEEN 6830689 AND 6831688
	Bitmap Heap Scan on sbtest5  (cost=30.38..3758.61 rows=970 width=121)
	  Recheck Cond: ((id >= 6830689) AND (id <= 6831688))
	  ->  Bitmap Index Scan on sbtest5_pkey  (cost=0.00..30.14 rows=970 width=0)
	        Index Cond: ((id >= 6830689) AND (id <= 6831688))

table 6 : explain SELECT c FROM sbtest6 WHERE id BETWEEN 599137 AND 600136
	Bitmap Heap Scan on sbtest6  (cost=30.80..3914.86 rows=1011 width=121)
	  Recheck Cond: ((id >= 599137) AND (id <= 600136))
	  ->  Bitmap Index Scan on sbtest6_pkey  (cost=0.00..30.54 rows=1011 width=0)
	        Index Cond: ((id >= 599137) AND (id <= 600136))

table 7 : explain SELECT c FROM sbtest7 WHERE id BETWEEN 2766138 AND 2767137
	Bitmap Heap Scan on sbtest7  (cost=30.57..3836.30 rows=989 width=121)
	  Recheck Cond: ((id >= 2766138) AND (id <= 2767137))
	  ->  Bitmap Index Scan on sbtest7_pkey  (cost=0.00..30.32 rows=989 width=0)
	        Index Cond: ((id >= 2766138) AND (id <= 2767137))

table 8 : explain SELECT c FROM sbtest8 WHERE id BETWEEN 3174069 AND 3175068
	Bitmap Heap Scan on sbtest8  (cost=36.97..4708.89 rows=1223 width=121)
	  Recheck Cond: ((id >= 3174069) AND (id <= 3175068))
	  ->  Bitmap Index Scan on sbtest8_pkey  (cost=0.00..36.67 rows=1223 width=0)
	        Index Cond: ((id >= 3174069) AND (id <= 3175068))

for: simple_ranges
table 1 : explain SELECT c FROM sbtest1 WHERE id BETWEEN 2722056 AND 2723055
	Bitmap Heap Scan on sbtest1  (cost=30.73..3887.61 rows=1004 width=121)
	  Recheck Cond: ((id >= 2722056) AND (id <= 2723055))
	  ->  Bitmap Index Scan on sbtest1_pkey  (cost=0.00..30.47 rows=1004 width=0)
	        Index Cond: ((id >= 2722056) AND (id <= 2723055))

table 2 : explain SELECT c FROM sbtest2 WHERE id BETWEEN 8860198 AND 8861197
	Bitmap Heap Scan on sbtest2  (cost=31.06..4010.64 rows=1037 width=121)
	  Recheck Cond: ((id >= 8860198) AND (id <= 8861197))
	  ->  Bitmap Index Scan on sbtest2_pkey  (cost=0.00..30.80 rows=1037 width=0)
	        Index Cond: ((id >= 8860198) AND (id <= 8861197))

table 3 : explain SELECT c FROM sbtest3 WHERE id BETWEEN 2389934 AND 2390933
	Bitmap Heap Scan on sbtest3  (cost=30.97..3983.22 rows=1028 width=121)
	  Recheck Cond: ((id >= 2389934) AND (id <= 2390933))
	  ->  Bitmap Index Scan on sbtest3_pkey  (cost=0.00..30.71 rows=1028 width=0)
	        Index Cond: ((id >= 2389934) AND (id <= 2390933))

table 4 : explain SELECT c FROM sbtest4 WHERE id BETWEEN 2902852 AND 2903851
	Bitmap Heap Scan on sbtest4  (cost=31.02..4000.84 rows=1033 width=121)
	  Recheck Cond: ((id >= 2902852) AND (id <= 2903851))
	  ->  Bitmap Index Scan on sbtest4_pkey  (cost=0.00..30.76 rows=1033 width=0)
	        Index Cond: ((id >= 2902852) AND (id <= 2903851))

table 5 : explain SELECT c FROM sbtest5 WHERE id BETWEEN 5811839 AND 5812838
	Bitmap Heap Scan on sbtest5  (cost=30.75..3894.39 rows=1006 width=121)
	  Recheck Cond: ((id >= 5811839) AND (id <= 5812838))
	  ->  Bitmap Index Scan on sbtest5_pkey  (cost=0.00..30.50 rows=1006 width=0)
	        Index Cond: ((id >= 5811839) AND (id <= 5812838))

table 6 : explain SELECT c FROM sbtest6 WHERE id BETWEEN 2960286 AND 2961285
	Bitmap Heap Scan on sbtest6  (cost=30.29..3726.14 rows=961 width=121)
	  Recheck Cond: ((id >= 2960286) AND (id <= 2961285))
	  ->  Bitmap Index Scan on sbtest6_pkey  (cost=0.00..30.04 rows=961 width=0)
	        Index Cond: ((id >= 2960286) AND (id <= 2961285))

table 7 : explain SELECT c FROM sbtest7 WHERE id BETWEEN 6869519 AND 6870518
	Bitmap Heap Scan on sbtest7  (cost=31.16..4051.60 rows=1046 width=121)
	  Recheck Cond: ((id >= 6869519) AND (id <= 6870518))
	  ->  Bitmap Index Scan on sbtest7_pkey  (cost=0.00..30.89 rows=1046 width=0)
	        Index Cond: ((id >= 6869519) AND (id <= 6870518))

table 8 : explain SELECT c FROM sbtest8 WHERE id BETWEEN 7434689 AND 7435688
	Bitmap Heap Scan on sbtest8  (cost=30.17..3682.53 rows=950 width=121)
	  Recheck Cond: ((id >= 7434689) AND (id <= 7435688))
	  ->  Bitmap Index Scan on sbtest8_pkey  (cost=0.00..29.93 rows=950 width=0)
	        Index Cond: ((id >= 7434689) AND (id <= 7435688))

for point_selects
table 1 : explain SELECT c FROM sbtest1 WHERE id=1630212
	Index Scan using sbtest1_pkey on sbtest1  (cost=0.43..8.45 rows=1 width=121)
	  Index Cond: (id = 1630212)

table 2 : explain SELECT c FROM sbtest2 WHERE id=3360013
	Index Scan using sbtest2_pkey on sbtest2  (cost=0.43..8.45 rows=1 width=121)
	  Index Cond: (id = 3360013)

table 3 : explain SELECT c FROM sbtest3 WHERE id=6073117
	Index Scan using sbtest3_pkey on sbtest3  (cost=0.43..8.45 rows=1 width=121)
	  Index Cond: (id = 6073117)

table 4 : explain SELECT c FROM sbtest4 WHERE id=389098
	Index Scan using sbtest4_pkey on sbtest4  (cost=0.43..8.45 rows=1 width=121)
	  Index Cond: (id = 389098)

table 5 : explain SELECT c FROM sbtest5 WHERE id=8756351
	Index Scan using sbtest5_pkey on sbtest5  (cost=0.43..8.45 rows=1 width=121)
	  Index Cond: (id = 8756351)

table 6 : explain SELECT c FROM sbtest6 WHERE id=5957526
	Index Scan using sbtest6_pkey on sbtest6  (cost=0.43..8.45 rows=1 width=121)
	  Index Cond: (id = 5957526)

table 7 : explain SELECT c FROM sbtest7 WHERE id=9727318
	Index Scan using sbtest7_pkey on sbtest7  (cost=0.43..8.45 rows=1 width=121)
	  Index Cond: (id = 9727318)

table 8 : explain SELECT c FROM sbtest8 WHERE id=6587331
	Index Scan using sbtest8_pkey on sbtest8  (cost=0.43..8.45 rows=1 width=121)
	  Index Cond: (id = 6587331)

for: sum_ranges
table 1 : explain SELECT SUM(k) FROM sbtest1 WHERE id BETWEEN 6548383 AND 6549382
	Aggregate  (cost=4255.54..4255.55 rows=1 width=8)
	  ->  Bitmap Heap Scan on sbtest1  (cost=31.72..4252.79 rows=1101 width=4)
	        Recheck Cond: ((id >= 6548383) AND (id <= 6549382))
	        ->  Bitmap Index Scan on sbtest1_pkey  (cost=0.00..31.44 rows=1101 width=0)
	              Index Cond: ((id >= 6548383) AND (id <= 6549382))

table 2 : explain SELECT SUM(k) FROM sbtest2 WHERE id BETWEEN 5730335 AND 5731334
	Aggregate  (cost=3741.67..3741.68 rows=1 width=8)
	  ->  Bitmap Heap Scan on sbtest2  (cost=30.33..3739.26 rows=965 width=4)
	        Recheck Cond: ((id >= 5730335) AND (id <= 5731334))
	        ->  Bitmap Index Scan on sbtest2_pkey  (cost=0.00..30.08 rows=965 width=0)
	              Index Cond: ((id >= 5730335) AND (id <= 5731334))

table 3 : explain SELECT SUM(k) FROM sbtest3 WHERE id BETWEEN 5640506 AND 5641505
	Aggregate  (cost=3974.46..3974.47 rows=1 width=8)
	  ->  Bitmap Heap Scan on sbtest3  (cost=30.94..3971.89 rows=1025 width=4)
	        Recheck Cond: ((id >= 5640506) AND (id <= 5641505))
	        ->  Bitmap Index Scan on sbtest3_pkey  (cost=0.00..30.68 rows=1025 width=0)
	              Index Cond: ((id >= 5640506) AND (id <= 5641505))

table 4 : explain SELECT SUM(k) FROM sbtest4 WHERE id BETWEEN 641409 AND 642408
	Aggregate  (cost=4293.77..4293.78 rows=1 width=8)
	  ->  Bitmap Heap Scan on sbtest4  (cost=31.81..4290.99 rows=1110 width=4)
	        Recheck Cond: ((id >= 641409) AND (id <= 642408))
	        ->  Bitmap Index Scan on sbtest4_pkey  (cost=0.00..31.54 rows=1110 width=0)
	              Index Cond: ((id >= 641409) AND (id <= 642408))

table 5 : explain SELECT SUM(k) FROM sbtest5 WHERE id BETWEEN 991126 AND 992125
	Aggregate  (cost=3768.59..3768.60 rows=1 width=8)
	  ->  Bitmap Heap Scan on sbtest5  (cost=30.40..3766.16 rows=972 width=4)
	        Recheck Cond: ((id >= 991126) AND (id <= 992125))
	        ->  Bitmap Index Scan on sbtest5_pkey  (cost=0.00..30.15 rows=972 width=0)
	              Index Cond: ((id >= 991126) AND (id <= 992125))

table 6 : explain SELECT SUM(k) FROM sbtest6 WHERE id BETWEEN 163282 AND 164281
	Aggregate  (cost=3508.87..3508.88 rows=1 width=8)
	  ->  Bitmap Heap Scan on sbtest6  (cost=25.70..3506.61 rows=904 width=4)
	        Recheck Cond: ((id >= 163282) AND (id <= 164281))
	        ->  Bitmap Index Scan on sbtest6_pkey  (cost=0.00..25.47 rows=904 width=0)
	              Index Cond: ((id >= 163282) AND (id <= 164281))

table 7 : explain SELECT SUM(k) FROM sbtest7 WHERE id BETWEEN 441026 AND 442025
	Aggregate  (cost=4273.26..4273.27 rows=1 width=8)
	  ->  Bitmap Heap Scan on sbtest7  (cost=35.74..4270.51 rows=1103 width=4)
	        Recheck Cond: ((id >= 441026) AND (id <= 442025))
	        ->  Bitmap Index Scan on sbtest7_pkey  (cost=0.00..35.47 rows=1103 width=0)
	              Index Cond: ((id >= 441026) AND (id <= 442025))

table 8 : explain SELECT SUM(k) FROM sbtest8 WHERE id BETWEEN 445926 AND 446925
	Aggregate  (cost=4016.89..4016.90 rows=1 width=8)
	  ->  Bitmap Heap Scan on sbtest8  (cost=31.07..4014.29 rows=1038 width=4)
	        Recheck Cond: ((id >= 445926) AND (id <= 446925))
	        ->  Bitmap Index Scan on sbtest8_pkey  (cost=0.00..30.82 rows=1038 width=0)
	              Index Cond: ((id >= 445926) AND (id <= 446925))

explain: for point_selects :: explain SELECT c FROM sbtest%u WHERE id=%u
for: sum_ranges
table 1 : explain SELECT SUM(k) FROM sbtest1 WHERE id BETWEEN 809877 AND 810876
	Aggregate  (cost=3682.40..3682.41 rows=1 width=8)
	  ->  Bitmap Heap Scan on sbtest1  (cost=30.16..3680.03 rows=949 width=4)
	        Recheck Cond: ((id >= 809877) AND (id <= 810876))
	        ->  Bitmap Index Scan on sbtest1_pkey  (cost=0.00..29.93 rows=949 width=0)
	              Index Cond: ((id >= 809877) AND (id <= 810876))

table 2 : explain SELECT SUM(k) FROM sbtest2 WHERE id BETWEEN 8542123 AND 8543122
	Aggregate  (cost=4020.77..4020.78 rows=1 width=8)
	  ->  Bitmap Heap Scan on sbtest2  (cost=31.08..4018.17 rows=1039 width=4)
	        Recheck Cond: ((id >= 8542123) AND (id <= 8543122))
	        ->  Bitmap Index Scan on sbtest2_pkey  (cost=0.00..30.82 rows=1039 width=0)
	              Index Cond: ((id >= 8542123) AND (id <= 8543122))

table 3 : explain SELECT SUM(k) FROM sbtest3 WHERE id BETWEEN 233787 AND 234786
	Aggregate  (cost=3785.40..3785.41 rows=1 width=8)
	  ->  Bitmap Heap Scan on sbtest3  (cost=30.43..3782.96 rows=975 width=4)
	        Recheck Cond: ((id >= 233787) AND (id <= 234786))
	        ->  Bitmap Index Scan on sbtest3_pkey  (cost=0.00..30.18 rows=975 width=0)
	              Index Cond: ((id >= 233787) AND (id <= 234786))

table 4 : explain SELECT SUM(k) FROM sbtest4 WHERE id BETWEEN 735056 AND 736055
	Aggregate  (cost=3980.77..3980.78 rows=1 width=8)
	  ->  Bitmap Heap Scan on sbtest4  (cost=30.96..3978.20 rows=1027 width=4)
	        Recheck Cond: ((id >= 735056) AND (id <= 736055))
	        ->  Bitmap Index Scan on sbtest4_pkey  (cost=0.00..30.70 rows=1027 width=0)
	              Index Cond: ((id >= 735056) AND (id <= 736055))

table 5 : explain SELECT SUM(k) FROM sbtest5 WHERE id BETWEEN 6655978 AND 6656977
	Aggregate  (cost=4288.50..4288.51 rows=1 width=8)
	  ->  Bitmap Heap Scan on sbtest5  (cost=31.81..4285.73 rows=1110 width=4)
	        Recheck Cond: ((id >= 6655978) AND (id <= 6656977))
	        ->  Bitmap Index Scan on sbtest5_pkey  (cost=0.00..31.54 rows=1110 width=0)
	              Index Cond: ((id >= 6655978) AND (id <= 6656977))

table 6 : explain SELECT SUM(k) FROM sbtest6 WHERE id BETWEEN 7993303 AND 7994302
	Aggregate  (cost=3902.29..3902.30 rows=1 width=8)
	  ->  Bitmap Heap Scan on sbtest6  (cost=30.76..3899.77 rows=1007 width=4)
	        Recheck Cond: ((id >= 7993303) AND (id <= 7994302))
	        ->  Bitmap Index Scan on sbtest6_pkey  (cost=0.00..30.50 rows=1007 width=0)
	              Index Cond: ((id >= 7993303) AND (id <= 7994302))

table 7 : explain SELECT SUM(k) FROM sbtest7 WHERE id BETWEEN 4983767 AND 4984766
	Aggregate  (cost=3850.12..3850.13 rows=1 width=8)
	  ->  Bitmap Heap Scan on sbtest7  (cost=30.60..3847.64 rows=992 width=4)
	        Recheck Cond: ((id >= 4983767) AND (id <= 4984766))
	        ->  Bitmap Index Scan on sbtest7_pkey  (cost=0.00..30.36 rows=992 width=0)
	              Index Cond: ((id >= 4983767) AND (id <= 4984766))

table 8 : explain SELECT SUM(k) FROM sbtest8 WHERE id BETWEEN 6527638 AND 6528637
	Aggregate  (cost=3911.37..3911.38 rows=1 width=8)
	  ->  Bitmap Heap Scan on sbtest8  (cost=30.79..3908.84 rows=1010 width=4)
	        Recheck Cond: ((id >= 6527638) AND (id <= 6528637))
	        ->  Bitmap Index Scan on sbtest8_pkey  (cost=0.00..30.54 rows=1010 width=0)
	              Index Cond: ((id >= 6527638) AND (id <= 6528637))

for: order_ranges
table 1 : explain SELECT c FROM sbtest1 WHERE id BETWEEN 638521 AND 639520 ORDER BY c
	Sort  (cost=4021.85..4024.42 rows=1026 width=121)
	  Sort Key: c
	  ->  Bitmap Heap Scan on sbtest1  (cost=30.95..3970.54 rows=1026 width=121)
	        Recheck Cond: ((id >= 638521) AND (id <= 639520))
	        ->  Bitmap Index Scan on sbtest1_pkey  (cost=0.00..30.69 rows=1026 width=0)
	              Index Cond: ((id >= 638521) AND (id <= 639520))

table 2 : explain SELECT c FROM sbtest2 WHERE id BETWEEN 6468769 AND 6469768 ORDER BY c
	Sort  (cost=4131.36..4134.00 rows=1055 width=121)
	  Sort Key: c
	  ->  Bitmap Heap Scan on sbtest2  (cost=31.25..4078.38 rows=1055 width=121)
	        Recheck Cond: ((id >= 6468769) AND (id <= 6469768))
	        ->  Bitmap Index Scan on sbtest2_pkey  (cost=0.00..30.98 rows=1055 width=0)
	              Index Cond: ((id >= 6468769) AND (id <= 6469768))

table 3 : explain SELECT c FROM sbtest3 WHERE id BETWEEN 5482730 AND 5483729 ORDER BY c
	Sort  (cost=3808.33..3810.75 rows=969 width=121)
	  Sort Key: c
	  ->  Bitmap Heap Scan on sbtest3  (cost=30.37..3760.27 rows=969 width=121)
	        Recheck Cond: ((id >= 5482730) AND (id <= 5483729))
	        ->  Bitmap Index Scan on sbtest3_pkey  (cost=0.00..30.12 rows=969 width=0)
	              Index Cond: ((id >= 5482730) AND (id <= 5483729))

table 4 : explain SELECT c FROM sbtest4 WHERE id BETWEEN 5655417 AND 5656416 ORDER BY c
	Sort  (cost=4155.93..4158.58 rows=1060 width=121)
	  Sort Key: c
	  ->  Bitmap Heap Scan on sbtest4  (cost=31.30..4102.66 rows=1060 width=121)
	        Recheck Cond: ((id >= 5655417) AND (id <= 5656416))
	        ->  Bitmap Index Scan on sbtest4_pkey  (cost=0.00..31.04 rows=1060 width=0)
	              Index Cond: ((id >= 5655417) AND (id <= 5656416))

table 5 : explain SELECT c FROM sbtest5 WHERE id BETWEEN 4350687 AND 4351686 ORDER BY c
	Sort  (cost=3726.09..3728.47 rows=950 width=121)
	  Sort Key: c
	  ->  Bitmap Heap Scan on sbtest5  (cost=26.17..3679.11 rows=950 width=121)
	        Recheck Cond: ((id >= 4350687) AND (id <= 4351686))
	        ->  Bitmap Index Scan on sbtest5_pkey  (cost=0.00..25.93 rows=950 width=0)
	              Index Cond: ((id >= 4350687) AND (id <= 4351686))

table 6 : explain SELECT c FROM sbtest6 WHERE id BETWEEN 5746468 AND 5747467 ORDER BY c
	Sort  (cost=3858.08..3860.53 rows=983 width=121)
	  Sort Key: c
	  ->  Bitmap Heap Scan on sbtest6  (cost=30.51..3809.22 rows=983 width=121)
	        Recheck Cond: ((id >= 5746468) AND (id <= 5747467))
	        ->  Bitmap Index Scan on sbtest6_pkey  (cost=0.00..30.26 rows=983 width=0)
	              Index Cond: ((id >= 5746468) AND (id <= 5747467))

table 7 : explain SELECT c FROM sbtest7 WHERE id BETWEEN 622897 AND 623896 ORDER BY c
	Sort  (cost=3943.05..3945.56 rows=1004 width=121)
	  Sort Key: c
	  ->  Bitmap Heap Scan on sbtest7  (cost=30.73..3893.00 rows=1004 width=121)
	        Recheck Cond: ((id >= 622897) AND (id <= 623896))
	        ->  Bitmap Index Scan on sbtest7_pkey  (cost=0.00..30.47 rows=1004 width=0)
	              Index Cond: ((id >= 622897) AND (id <= 623896))

table 8 : explain SELECT c FROM sbtest8 WHERE id BETWEEN 9516018 AND 9517017 ORDER BY c
	Sort  (cost=3618.33..3620.63 rows=921 width=121)
	  Sort Key: c
	  ->  Bitmap Heap Scan on sbtest8  (cost=29.88..3572.98 rows=921 width=121)
	        Recheck Cond: ((id >= 9516018) AND (id <= 9517017))
	        ->  Bitmap Index Scan on sbtest8_pkey  (cost=0.00..29.64 rows=921 width=0)
	              Index Cond: ((id >= 9516018) AND (id <= 9517017))
for: sum_ranges
table 1 : explain SELECT SUM(k) FROM sbtest1 WHERE id BETWEEN 9489259 AND 9490258
	Aggregate  (cost=3750.42..3750.43 rows=1 width=8)
	  ->  Bitmap Heap Scan on sbtest1  (cost=30.35..3748.01 rows=967 width=4)
	        Recheck Cond: ((id >= 9489259) AND (id <= 9490258))
	        ->  Bitmap Index Scan on sbtest1_pkey  (cost=0.00..30.11 rows=967 width=0)
	              Index Cond: ((id >= 9489259) AND (id <= 9490258))

table 2 : explain SELECT SUM(k) FROM sbtest2 WHERE id BETWEEN 223392 AND 224391
	Aggregate  (cost=3450.28..3450.29 rows=1 width=8)
	  ->  Bitmap Heap Scan on sbtest2  (cost=25.55..3448.06 rows=889 width=4)
	        Recheck Cond: ((id >= 223392) AND (id <= 224391))
	        ->  Bitmap Index Scan on sbtest2_pkey  (cost=0.00..25.32 rows=889 width=0)
	              Index Cond: ((id >= 223392) AND (id <= 224391))

table 3 : explain SELECT SUM(k) FROM sbtest3 WHERE id BETWEEN 7818184 AND 7819183
	Aggregate  (cost=4174.53..4174.54 rows=1 width=8)
	  ->  Bitmap Heap Scan on sbtest3  (cost=31.48..4171.83 rows=1078 width=4)
	        Recheck Cond: ((id >= 7818184) AND (id <= 7819183))
	        ->  Bitmap Index Scan on sbtest3_pkey  (cost=0.00..31.21 rows=1078 width=0)
	              Index Cond: ((id >= 7818184) AND (id <= 7819183))

table 4 : explain SELECT SUM(k) FROM sbtest4 WHERE id BETWEEN 6384050 AND 6385049
	Aggregate  (cost=3893.89..3893.90 rows=1 width=8)
	  ->  Bitmap Heap Scan on sbtest4  (cost=30.73..3891.38 rows=1004 width=4)
	        Recheck Cond: ((id >= 6384050) AND (id <= 6385049))
	        ->  Bitmap Index Scan on sbtest4_pkey  (cost=0.00..30.47 rows=1004 width=0)
	              Index Cond: ((id >= 6384050) AND (id <= 6385049))

table 5 : explain SELECT SUM(k) FROM sbtest5 WHERE id BETWEEN 6176403 AND 6177402
	Aggregate  (cost=3761.04..3761.05 rows=1 width=8)
	  ->  Bitmap Heap Scan on sbtest5  (cost=30.38..3758.61 rows=970 width=4)
	        Recheck Cond: ((id >= 6176403) AND (id <= 6177402))
	        ->  Bitmap Index Scan on sbtest5_pkey  (cost=0.00..30.14 rows=970 width=0)
	              Index Cond: ((id >= 6176403) AND (id <= 6177402))

table 6 : explain SELECT SUM(k) FROM sbtest6 WHERE id BETWEEN 7444852 AND 7445851
	Aggregate  (cost=4060.69..4060.70 rows=1 width=8)
	  ->  Bitmap Heap Scan on sbtest6  (cost=31.19..4058.07 rows=1049 width=4)
	        Recheck Cond: ((id >= 7444852) AND (id <= 7445851))
	        ->  Bitmap Index Scan on sbtest6_pkey  (cost=0.00..30.93 rows=1049 width=0)
	              Index Cond: ((id >= 7444852) AND (id <= 7445851))

table 7 : explain SELECT SUM(k) FROM sbtest7 WHERE id BETWEEN 192120 AND 193119
	Aggregate  (cost=3846.34..3846.35 rows=1 width=8)
	  ->  Bitmap Heap Scan on sbtest7  (cost=30.59..3843.86 rows=991 width=4)
	        Recheck Cond: ((id >= 192120) AND (id <= 193119))
	        ->  Bitmap Index Scan on sbtest7_pkey  (cost=0.00..30.34 rows=991 width=0)
	              Index Cond: ((id >= 192120) AND (id <= 193119))

table 8 : explain SELECT SUM(k) FROM sbtest8 WHERE id BETWEEN 6599977 AND 6600976
	Aggregate  (cost=4035.72..4035.73 rows=1 width=8)
	  ->  Bitmap Heap Scan on sbtest8  (cost=31.13..4033.11 rows=1043 width=4)
	        Recheck Cond: ((id >= 6599977) AND (id <= 6600976))
	        ->  Bitmap Index Scan on sbtest8_pkey  (cost=0.00..30.86 rows=1043 width=0)
	              Index Cond: ((id >= 6599977) AND (id <= 6600976))
for: order_ranges
table 1 : explain SELECT c FROM sbtest1 WHERE id BETWEEN 419485 AND 420484 ORDER BY c
	Sort  (cost=3926.18..3928.69 rows=1001 width=121)
	  Sort Key: c
	  ->  Bitmap Heap Scan on sbtest1  (cost=30.70..3876.30 rows=1001 width=121)
	        Recheck Cond: ((id >= 419485) AND (id <= 420484))
	        ->  Bitmap Index Scan on sbtest1_pkey  (cost=0.00..30.44 rows=1001 width=0)
	              Index Cond: ((id >= 419485) AND (id <= 420484))

table 2 : explain SELECT c FROM sbtest2 WHERE id BETWEEN 7892732 AND 7893731 ORDER BY c
	Sort  (cost=4077.87..4080.47 rows=1041 width=121)
	  Sort Key: c
	  ->  Bitmap Heap Scan on sbtest2  (cost=31.11..4025.70 rows=1041 width=121)
	        Recheck Cond: ((id >= 7892732) AND (id <= 7893731))
	        ->  Bitmap Index Scan on sbtest2_pkey  (cost=0.00..30.84 rows=1041 width=0)
	              Index Cond: ((id >= 7892732) AND (id <= 7893731))

table 3 : explain SELECT c FROM sbtest3 WHERE id BETWEEN 2887307 AND 2888306 ORDER BY c
	Sort  (cost=3762.25..3764.64 rows=957 width=121)
	  Sort Key: c
	  ->  Bitmap Heap Scan on sbtest3  (cost=30.24..3714.87 rows=957 width=121)
	        Recheck Cond: ((id >= 2887307) AND (id <= 2888306))
	        ->  Bitmap Index Scan on sbtest3_pkey  (cost=0.00..30.00 rows=957 width=0)
	              Index Cond: ((id >= 2887307) AND (id <= 2888306))

table 4 : explain SELECT c FROM sbtest4 WHERE id BETWEEN 162203 AND 163202 ORDER BY c
	Sort  (cost=3749.62..3752.00 rows=954 width=121)
	  Sort Key: c
	  ->  Bitmap Heap Scan on sbtest4  (cost=30.21..3702.40 rows=954 width=121)
	        Recheck Cond: ((id >= 162203) AND (id <= 163202))
	        ->  Bitmap Index Scan on sbtest4_pkey  (cost=0.00..29.97 rows=954 width=0)
	              Index Cond: ((id >= 162203) AND (id <= 163202))

table 5 : explain SELECT c FROM sbtest5 WHERE id BETWEEN 265120 AND 266119 ORDER BY c
	Sort  (cost=3979.00..3981.53 rows=1015 width=121)
	  Sort Key: c
	  ->  Bitmap Heap Scan on sbtest5  (cost=30.84..3928.31 rows=1015 width=121)
	        Recheck Cond: ((id >= 265120) AND (id <= 266119))
	        ->  Bitmap Index Scan on sbtest5_pkey  (cost=0.00..30.58 rows=1015 width=0)
	              Index Cond: ((id >= 265120) AND (id <= 266119))

table 6 : explain SELECT c FROM sbtest6 WHERE id BETWEEN 8568989 AND 8569988 ORDER BY c
	Sort  (cost=3896.39..3898.87 rows=993 width=121)
	  Sort Key: c
	  ->  Bitmap Heap Scan on sbtest6  (cost=30.61..3846.96 rows=993 width=121)
	        Recheck Cond: ((id >= 8568989) AND (id <= 8569988))
	        ->  Bitmap Index Scan on sbtest6_pkey  (cost=0.00..30.36 rows=993 width=0)
	              Index Cond: ((id >= 8568989) AND (id <= 8569988))

table 7 : explain SELECT c FROM sbtest7 WHERE id BETWEEN 2704152 AND 2705151 ORDER BY c
	Sort  (cost=3885.50..3887.98 rows=989 width=121)
	  Sort Key: c
	  ->  Bitmap Heap Scan on sbtest7  (cost=30.57..3836.30 rows=989 width=121)
	        Recheck Cond: ((id >= 2704152) AND (id <= 2705151))
	        ->  Bitmap Index Scan on sbtest7_pkey  (cost=0.00..30.32 rows=989 width=0)
	              Index Cond: ((id >= 2704152) AND (id <= 2705151))

table 8 : explain SELECT c FROM sbtest8 WHERE id BETWEEN 1529423 AND 1530422 ORDER BY c
	Sort  (cost=3848.26..3850.72 rows=981 width=121)
	  Sort Key: c
	  ->  Bitmap Heap Scan on sbtest8  (cost=30.49..3799.52 rows=981 width=121)
	        Recheck Cond: ((id >= 1529423) AND (id <= 1530422))
	        ->  Bitmap Index Scan on sbtest8_pkey  (cost=0.00..30.25 rows=981 width=0)
	              Index Cond: ((id >= 1529423) AND (id <= 1530422))



for: sum_ranges
table 1 : explain SELECT SUM(k) FROM sbtest1 WHERE id BETWEEN 4020681 AND 4021680
	Aggregate  (cost=3837.28..3837.29 rows=1 width=8)
	  ->  Bitmap Heap Scan on sbtest1  (cost=30.58..3834.81 rows=990 width=4)
	        Recheck Cond: ((id >= 4020681) AND (id <= 4021680))
	        ->  Bitmap Index Scan on sbtest1_pkey  (cost=0.00..30.33 rows=990 width=0)
	              Index Cond: ((id >= 4020681) AND (id <= 4021680))

table 2 : explain SELECT SUM(k) FROM sbtest2 WHERE id BETWEEN 9090579 AND 9091578
	Aggregate  (cost=3820.94..3820.95 rows=1 width=8)
	  ->  Bitmap Heap Scan on sbtest2  (cost=30.54..3818.48 rows=986 width=4)
	        Recheck Cond: ((id >= 9090579) AND (id <= 9091578))
	        ->  Bitmap Index Scan on sbtest2_pkey  (cost=0.00..30.29 rows=986 width=0)
	              Index Cond: ((id >= 9090579) AND (id <= 9091578))

table 3 : explain SELECT SUM(k) FROM sbtest3 WHERE id BETWEEN 8086100 AND 8087099
	Aggregate  (cost=3951.79..3951.80 rows=1 width=8)
	  ->  Bitmap Heap Scan on sbtest3  (cost=30.88..3949.24 rows=1019 width=4)
	        Recheck Cond: ((id >= 8086100) AND (id <= 8087099))
	        ->  Bitmap Index Scan on sbtest3_pkey  (cost=0.00..30.62 rows=1019 width=0)
	              Index Cond: ((id >= 8086100) AND (id <= 8087099))

table 4 : explain SELECT SUM(k) FROM sbtest4 WHERE id BETWEEN 6681034 AND 6682033
	Aggregate  (cost=3920.34..3920.35 rows=1 width=8)
	  ->  Bitmap Heap Scan on sbtest4  (cost=30.80..3917.81 rows=1011 width=4)
	        Recheck Cond: ((id >= 6681034) AND (id <= 6682033))
	        ->  Bitmap Index Scan on sbtest4_pkey  (cost=0.00..30.54 rows=1011 width=0)
	              Index Cond: ((id >= 6681034) AND (id <= 6682033))

table 5 : explain SELECT SUM(k) FROM sbtest5 WHERE id BETWEEN 6028422 AND 6029421
	Aggregate  (cost=3972.32..3972.33 rows=1 width=8)
	  ->  Bitmap Heap Scan on sbtest5  (cost=30.95..3969.75 rows=1026 width=4)
	        Recheck Cond: ((id >= 6028422) AND (id <= 6029421))
	        ->  Bitmap Index Scan on sbtest5_pkey  (cost=0.00..30.69 rows=1026 width=0)
	              Index Cond: ((id >= 6028422) AND (id <= 6029421))

table 6 : explain SELECT SUM(k) FROM sbtest6 WHERE id BETWEEN 2481437 AND 2482436
	Aggregate  (cost=3800.34..3800.35 rows=1 width=8)
	  ->  Bitmap Heap Scan on sbtest6  (cost=30.48..3797.89 rows=980 width=4)
	        Recheck Cond: ((id >= 2481437) AND (id <= 2482436))
	        ->  Bitmap Index Scan on sbtest6_pkey  (cost=0.00..30.23 rows=980 width=0)
	              Index Cond: ((id >= 2481437) AND (id <= 2482436))

table 7 : explain SELECT SUM(k) FROM sbtest7 WHERE id BETWEEN 5120940 AND 5121939
	Aggregate  (cost=4080.64..4080.65 rows=1 width=8)
	  ->  Bitmap Heap Scan on sbtest7  (cost=31.23..4078.01 rows=1053 width=4)
	        Recheck Cond: ((id >= 5120940) AND (id <= 5121939))
	        ->  Bitmap Index Scan on sbtest7_pkey  (cost=0.00..30.96 rows=1053 width=0)
	              Index Cond: ((id >= 5120940) AND (id <= 5121939))

table 8 : explain SELECT SUM(k) FROM sbtest8 WHERE id BETWEEN 6826003 AND 6827002
	Aggregate  (cost=3681.13..3681.14 rows=1 width=8)
	  ->  Bitmap Heap Scan on sbtest8  (cost=30.16..3678.76 rows=949 width=4)
	        Recheck Cond: ((id >= 6826003) AND (id <= 6827002))
	        ->  Bitmap Index Scan on sbtest8_pkey  (cost=0.00..29.93 rows=949 width=0)
	              Index Cond: ((id >= 6826003) AND (id <= 6827002))

for point_selects
table 1 : explain SELECT c FROM sbtest1 WHERE id=9678614
	Index Scan using sbtest1_pkey on sbtest1  (cost=0.43..8.45 rows=1 width=121)
	  Index Cond: (id = 9678614)

table 2 : explain SELECT c FROM sbtest2 WHERE id=3672466
	Index Scan using sbtest2_pkey on sbtest2  (cost=0.43..8.45 rows=1 width=121)
	  Index Cond: (id = 3672466)

table 3 : explain SELECT c FROM sbtest3 WHERE id=9132323
	Index Scan using sbtest3_pkey on sbtest3  (cost=0.43..8.45 rows=1 width=121)
	  Index Cond: (id = 9132323)

table 4 : explain SELECT c FROM sbtest4 WHERE id=380369
	Index Scan using sbtest4_pkey on sbtest4  (cost=0.43..8.45 rows=1 width=121)
	  Index Cond: (id = 380369)

table 5 : explain SELECT c FROM sbtest5 WHERE id=9349971
	Index Scan using sbtest5_pkey on sbtest5  (cost=0.43..8.45 rows=1 width=121)
	  Index Cond: (id = 9349971)

table 6 : explain SELECT c FROM sbtest6 WHERE id=4296978
	Index Scan using sbtest6_pkey on sbtest6  (cost=0.43..8.45 rows=1 width=121)
	  Index Cond: (id = 4296978)

table 7 : explain SELECT c FROM sbtest7 WHERE id=2241743
	Index Scan using sbtest7_pkey on sbtest7  (cost=0.43..8.45 rows=1 width=121)
	  Index Cond: (id = 2241743)

table 8 : explain SELECT c FROM sbtest8 WHERE id=858303
	Index Scan using sbtest8_pkey on sbtest8  (cost=0.43..8.45 rows=1 width=121)
	  Index Cond: (id = 858303)

for: simple_ranges
table 1 : explain SELECT c FROM sbtest1 WHERE id BETWEEN 2213842 AND 2214841
	Bitmap Heap Scan on sbtest1  (cost=30.73..3887.61 rows=1004 width=121)
	  Recheck Cond: ((id >= 2213842) AND (id <= 2214841))
	  ->  Bitmap Index Scan on sbtest1_pkey  (cost=0.00..30.47 rows=1004 width=0)
	        Index Cond: ((id >= 2213842) AND (id <= 2214841))

table 2 : explain SELECT c FROM sbtest2 WHERE id BETWEEN 6313077 AND 6314076
	Bitmap Heap Scan on sbtest2  (cost=31.03..3999.35 rows=1034 width=121)
	  Recheck Cond: ((id >= 6313077) AND (id <= 6314076))
	  ->  Bitmap Index Scan on sbtest2_pkey  (cost=0.00..30.77 rows=1034 width=0)
	        Index Cond: ((id >= 6313077) AND (id <= 6314076))

table 3 : explain SELECT c FROM sbtest3 WHERE id BETWEEN 7001548 AND 7002547
	Bitmap Heap Scan on sbtest3  (cost=31.54..4190.68 rows=1083 width=121)
	  Recheck Cond: ((id >= 7001548) AND (id <= 7002547))
	  ->  Bitmap Index Scan on sbtest3_pkey  (cost=0.00..31.26 rows=1083 width=0)
	        Index Cond: ((id >= 7001548) AND (id <= 7002547))

table 4 : explain SELECT c FROM sbtest4 WHERE id BETWEEN 8937122 AND 8938121
	Bitmap Heap Scan on sbtest4  (cost=30.22..3706.19 rows=955 width=121)
	  Recheck Cond: ((id >= 8937122) AND (id <= 8938121))
	  ->  Bitmap Index Scan on sbtest4_pkey  (cost=0.00..29.98 rows=955 width=0)
	        Index Cond: ((id >= 8937122) AND (id <= 8938121))

table 5 : explain SELECT c FROM sbtest5 WHERE id BETWEEN 6243553 AND 6244552
	Bitmap Heap Scan on sbtest5  (cost=31.47..4161.70 rows=1077 width=121)
	  Recheck Cond: ((id >= 6243553) AND (id <= 6244552))
	  ->  Bitmap Index Scan on sbtest5_pkey  (cost=0.00..31.20 rows=1077 width=0)
	        Index Cond: ((id >= 6243553) AND (id <= 6244552))

table 6 : explain SELECT c FROM sbtest6 WHERE id BETWEEN 6545574 AND 6546573
	Bitmap Heap Scan on sbtest6  (cost=31.01..3994.02 rows=1032 width=121)
	  Recheck Cond: ((id >= 6545574) AND (id <= 6546573))
	  ->  Bitmap Index Scan on sbtest6_pkey  (cost=0.00..30.75 rows=1032 width=0)
	        Index Cond: ((id >= 6545574) AND (id <= 6546573))

table 7 : explain SELECT c FROM sbtest7 WHERE id BETWEEN 2444188 AND 2445187
	Bitmap Heap Scan on sbtest7  (cost=31.09..4028.96 rows=1040 width=121)
	  Recheck Cond: ((id >= 2444188) AND (id <= 2445187))
	  ->  Bitmap Index Scan on sbtest7_pkey  (cost=0.00..30.83 rows=1040 width=0)
	        Index Cond: ((id >= 2444188) AND (id <= 2445187))

table 8 : explain SELECT c FROM sbtest8 WHERE id BETWEEN 5248369 AND 5249368
	Bitmap Heap Scan on sbtest8  (cost=31.84..4292.54 rows=1113 width=121)
	  Recheck Cond: ((id >= 5248369) AND (id <= 5249368))
	  ->  Bitmap Index Scan on sbtest8_pkey  (cost=0.00..31.57 rows=1113 width=0)
	        Index Cond: ((id >= 5248369) AND (id <= 5249368))

explain: for point_selects :: explain SELECT c FROM sbtest%u WHERE id=%u
for: sum_ranges
table 1 : explain SELECT SUM(k) FROM sbtest1 WHERE id BETWEEN 2520239 AND 2521238
	Aggregate  (cost=3958.02..3958.03 rows=1 width=8)
	  ->  Bitmap Heap Scan on sbtest1  (cost=30.91..3955.46 rows=1022 width=4)
	        Recheck Cond: ((id >= 2520239) AND (id <= 2521238))
	        ->  Bitmap Index Scan on sbtest1_pkey  (cost=0.00..30.65 rows=1022 width=0)
	              Index Cond: ((id >= 2520239) AND (id <= 2521238))

table 2 : explain SELECT SUM(k) FROM sbtest2 WHERE id BETWEEN 1531685 AND 1532684
	Aggregate  (cost=3734.11..3734.12 rows=1 width=8)
	  ->  Bitmap Heap Scan on sbtest2  (cost=30.31..3731.71 rows=963 width=4)
	        Recheck Cond: ((id >= 1531685) AND (id <= 1532684))
	        ->  Bitmap Index Scan on sbtest2_pkey  (cost=0.00..30.07 rows=963 width=0)
	              Index Cond: ((id >= 1531685) AND (id <= 1532684))

table 3 : explain SELECT SUM(k) FROM sbtest3 WHERE id BETWEEN 2621131 AND 2622130
	Aggregate  (cost=3872.40..3872.41 rows=1 width=8)
	  ->  Bitmap Heap Scan on sbtest3  (cost=30.66..3869.91 rows=998 width=4)
	        Recheck Cond: ((id >= 2621131) AND (id <= 2622130))
	        ->  Bitmap Index Scan on sbtest3_pkey  (cost=0.00..30.41 rows=998 width=0)
	              Index Cond: ((id >= 2621131) AND (id <= 2622130))

table 4 : explain SELECT SUM(k) FROM sbtest4 WHERE id BETWEEN 7610590 AND 7611589
	Aggregate  (cost=4090.22..4090.23 rows=1 width=8)
	  ->  Bitmap Heap Scan on sbtest4  (cost=31.26..4087.58 rows=1056 width=4)
	        Recheck Cond: ((id >= 7610590) AND (id <= 7611589))
	        ->  Bitmap Index Scan on sbtest4_pkey  (cost=0.00..31.00 rows=1056 width=0)
	              Index Cond: ((id >= 7610590) AND (id <= 7611589))

table 5 : explain SELECT SUM(k) FROM sbtest5 WHERE id BETWEEN 1679251 AND 1680250
	Aggregate  (cost=4393.73..4393.74 rows=1 width=8)
	  ->  Bitmap Heap Scan on sbtest5  (cost=32.11..4390.89 rows=1139 width=4)
	        Recheck Cond: ((id >= 1679251) AND (id <= 1680250))
	        ->  Bitmap Index Scan on sbtest5_pkey  (cost=0.00..31.82 rows=1139 width=0)
	              Index Cond: ((id >= 1679251) AND (id <= 1680250))

table 6 : explain SELECT SUM(k) FROM sbtest6 WHERE id BETWEEN 6819456 AND 6820455
	Aggregate  (cost=3486.14..3486.15 rows=1 width=8)
	  ->  Bitmap Heap Scan on sbtest6  (cost=25.64..3483.90 rows=898 width=4)
	        Recheck Cond: ((id >= 6819456) AND (id <= 6820455))
	        ->  Bitmap Index Scan on sbtest6_pkey  (cost=0.00..25.41 rows=898 width=0)
	              Index Cond: ((id >= 6819456) AND (id <= 6820455))

table 7 : explain SELECT SUM(k) FROM sbtest7 WHERE id BETWEEN 7018102 AND 7019101
	Aggregate  (cost=4205.40..4205.41 rows=1 width=8)
	  ->  Bitmap Heap Scan on sbtest7  (cost=35.56..4202.68 rows=1085 width=4)
	        Recheck Cond: ((id >= 7018102) AND (id <= 7019101))
	        ->  Bitmap Index Scan on sbtest7_pkey  (cost=0.00..35.29 rows=1085 width=0)
	              Index Cond: ((id >= 7018102) AND (id <= 7019101))

table 8 : explain SELECT SUM(k) FROM sbtest8 WHERE id BETWEEN 7365798 AND 7366797
	Aggregate  (cost=3465.34..3465.35 rows=1 width=8)
	  ->  Bitmap Heap Scan on sbtest8  (cost=25.59..3463.10 rows=893 width=4)
	        Recheck Cond: ((id >= 7365798) AND (id <= 7366797))
	        ->  Bitmap Index Scan on sbtest8_pkey  (cost=0.00..25.36 rows=893 width=0)
	              Index Cond: ((id >= 7365798) AND (id <= 7366797))

for: sum_ranges
table 1 : explain SELECT SUM(k) FROM sbtest1 WHERE id BETWEEN 6623126 AND 6624125
	Aggregate  (cost=4153.94..4153.95 rows=1 width=8)
	  ->  Bitmap Heap Scan on sbtest1  (cost=31.44..4151.26 rows=1074 width=4)
	        Recheck Cond: ((id >= 6623126) AND (id <= 6624125))
	        ->  Bitmap Index Scan on sbtest1_pkey  (cost=0.00..31.18 rows=1074 width=0)
	              Index Cond: ((id >= 6623126) AND (id <= 6624125))

table 2 : explain SELECT SUM(k) FROM sbtest2 WHERE id BETWEEN 176693 AND 177692
	Aggregate  (cost=4122.43..4122.44 rows=1 width=8)
	  ->  Bitmap Heap Scan on sbtest2  (cost=31.36..4119.76 rows=1066 width=4)
	        Recheck Cond: ((id >= 176693) AND (id <= 177692))
	        ->  Bitmap Index Scan on sbtest2_pkey  (cost=0.00..31.09 rows=1066 width=0)
	              Index Cond: ((id >= 176693) AND (id <= 177692))

table 3 : explain SELECT SUM(k) FROM sbtest3 WHERE id BETWEEN 9574721 AND 9575720
	Aggregate  (cost=3913.99..3914.00 rows=1 width=8)
	  ->  Bitmap Heap Scan on sbtest3  (cost=30.78..3911.47 rows=1009 width=4)
	        Recheck Cond: ((id >= 9574721) AND (id <= 9575720))
	        ->  Bitmap Index Scan on sbtest3_pkey  (cost=0.00..30.52 rows=1009 width=0)
	              Index Cond: ((id >= 9574721) AND (id <= 9575720))

table 4 : explain SELECT SUM(k) FROM sbtest4 WHERE id BETWEEN 6728329 AND 6729328
	Aggregate  (cost=3920.34..3920.35 rows=1 width=8)
	  ->  Bitmap Heap Scan on sbtest4  (cost=30.80..3917.81 rows=1011 width=4)
	        Recheck Cond: ((id >= 6728329) AND (id <= 6729328))
	        ->  Bitmap Index Scan on sbtest4_pkey  (cost=0.00..30.54 rows=1011 width=0)
	              Index Cond: ((id >= 6728329) AND (id <= 6729328))

table 5 : explain SELECT SUM(k) FROM sbtest5 WHERE id BETWEEN 5873691 AND 5874690
	Aggregate  (cost=3908.22..3908.23 rows=1 width=8)
	  ->  Bitmap Heap Scan on sbtest5  (cost=30.78..3905.70 rows=1009 width=4)
	        Recheck Cond: ((id >= 5873691) AND (id <= 5874690))
	        ->  Bitmap Index Scan on sbtest5_pkey  (cost=0.00..30.52 rows=1009 width=0)
	              Index Cond: ((id >= 5873691) AND (id <= 5874690))

table 6 : explain SELECT SUM(k) FROM sbtest6 WHERE id BETWEEN 3913516 AND 3914515
	Aggregate  (cost=3868.32..3868.33 rows=1 width=8)
	  ->  Bitmap Heap Scan on sbtest6  (cost=30.66..3865.82 rows=998 width=4)
	        Recheck Cond: ((id >= 3913516) AND (id <= 3914515))
	        ->  Bitmap Index Scan on sbtest6_pkey  (cost=0.00..30.41 rows=998 width=0)
	              Index Cond: ((id >= 3913516) AND (id <= 3914515))

table 7 : explain SELECT SUM(k) FROM sbtest7 WHERE id BETWEEN 1868314 AND 1869313
	Aggregate  (cost=3486.40..3486.41 rows=1 width=8)
	  ->  Bitmap Heap Scan on sbtest7  (cost=29.62..3484.16 rows=896 width=4)
	        Recheck Cond: ((id >= 1868314) AND (id <= 1869313))
	        ->  Bitmap Index Scan on sbtest7_pkey  (cost=0.00..29.39 rows=896 width=0)
	              Index Cond: ((id >= 1868314) AND (id <= 1869313))

table 8 : explain SELECT SUM(k) FROM sbtest8 WHERE id BETWEEN 1220833 AND 1221832
	Aggregate  (cost=3858.57..3858.58 rows=1 width=8)
	  ->  Bitmap Heap Scan on sbtest8  (cost=30.64..3856.08 rows=996 width=4)
	        Recheck Cond: ((id >= 1220833) AND (id <= 1221832))
	        ->  Bitmap Index Scan on sbtest8_pkey  (cost=0.00..30.39 rows=996 width=0)
	              Index Cond: ((id >= 1220833) AND (id <= 1221832))

for point_selects
table 1 : explain SELECT c FROM sbtest1 WHERE id=8404989
	Index Scan using sbtest1_pkey on sbtest1  (cost=0.43..8.45 rows=1 width=121)
	  Index Cond: (id = 8404989)

table 2 : explain SELECT c FROM sbtest2 WHERE id=7649560
	Index Scan using sbtest2_pkey on sbtest2  (cost=0.43..8.45 rows=1 width=121)
	  Index Cond: (id = 7649560)

table 3 : explain SELECT c FROM sbtest3 WHERE id=6991846
	Index Scan using sbtest3_pkey on sbtest3  (cost=0.43..8.45 rows=1 width=121)
	  Index Cond: (id = 6991846)

table 4 : explain SELECT c FROM sbtest4 WHERE id=8214829
	Index Scan using sbtest4_pkey on sbtest4  (cost=0.43..8.45 rows=1 width=121)
	  Index Cond: (id = 8214829)

table 5 : explain SELECT c FROM sbtest5 WHERE id=3247957
	Index Scan using sbtest5_pkey on sbtest5  (cost=0.43..8.45 rows=1 width=121)
	  Index Cond: (id = 3247957)

table 6 : explain SELECT c FROM sbtest6 WHERE id=9392536
	Index Scan using sbtest6_pkey on sbtest6  (cost=0.43..8.45 rows=1 width=121)
	  Index Cond: (id = 9392536)

table 7 : explain SELECT c FROM sbtest7 WHERE id=8562173
	Index Scan using sbtest7_pkey on sbtest7  (cost=0.43..8.45 rows=1 width=121)
	  Index Cond: (id = 8562173)

table 8 : explain SELECT c FROM sbtest8 WHERE id=6868960
	Index Scan using sbtest8_pkey on sbtest8  (cost=0.43..8.45 rows=1 width=121)
	  Index Cond: (id = 6868960)

for: order_ranges
table 1 : explain SELECT c FROM sbtest1 WHERE id BETWEEN 6056831 AND 6057830 ORDER BY c
	Sort  (cost=4040.98..4043.55 rows=1031 width=121)
	  Sort Key: c
	  ->  Bitmap Heap Scan on sbtest1  (cost=31.00..3989.37 rows=1031 width=121)
	        Recheck Cond: ((id >= 6056831) AND (id <= 6057830))
	        ->  Bitmap Index Scan on sbtest1_pkey  (cost=0.00..30.75 rows=1031 width=0)
	              Index Cond: ((id >= 6056831) AND (id <= 6057830))

table 2 : explain SELECT c FROM sbtest2 WHERE id BETWEEN 6602438 AND 6603437 ORDER BY c
	Sort  (cost=4165.74..4168.40 rows=1064 width=121)
	  Sort Key: c
	  ->  Bitmap Heap Scan on sbtest2  (cost=31.34..4112.24 rows=1064 width=121)
	        Recheck Cond: ((id >= 6602438) AND (id <= 6603437))
	        ->  Bitmap Index Scan on sbtest2_pkey  (cost=0.00..31.07 rows=1064 width=0)
	              Index Cond: ((id >= 6602438) AND (id <= 6603437))

table 3 : explain SELECT c FROM sbtest3 WHERE id BETWEEN 6636237 AND 6637236 ORDER BY c
	Sort  (cost=3550.83..3553.08 rows=902 width=121)
	  Sort Key: c
	  ->  Bitmap Heap Scan on sbtest3  (cost=29.68..3506.55 rows=902 width=121)
	        Recheck Cond: ((id >= 6636237) AND (id <= 6637236))
	        ->  Bitmap Index Scan on sbtest3_pkey  (cost=0.00..29.45 rows=902 width=0)
	              Index Cond: ((id >= 6636237) AND (id <= 6637236))

table 4 : explain SELECT c FROM sbtest4 WHERE id BETWEEN 217775 AND 218774 ORDER BY c
	Sort  (cost=3661.12..3663.45 rows=932 width=121)
	  Sort Key: c
	  ->  Bitmap Heap Scan on sbtest4  (cost=25.99..3615.15 rows=932 width=121)
	        Recheck Cond: ((id >= 217775) AND (id <= 218774))
	        ->  Bitmap Index Scan on sbtest4_pkey  (cost=0.00..25.75 rows=932 width=0)
	              Index Cond: ((id >= 217775) AND (id <= 218774))

table 5 : explain SELECT c FROM sbtest5 WHERE id BETWEEN 1142003 AND 1143002 ORDER BY c
	Sort  (cost=4101.35..4103.96 rows=1047 width=121)
	  Sort Key: c
	  ->  Bitmap Heap Scan on sbtest5  (cost=31.17..4048.83 rows=1047 width=121)
	        Recheck Cond: ((id >= 1142003) AND (id <= 1143002))
	        ->  Bitmap Index Scan on sbtest5_pkey  (cost=0.00..30.90 rows=1047 width=0)
	              Index Cond: ((id >= 1142003) AND (id <= 1143002))

table 6 : explain SELECT c FROM sbtest6 WHERE id BETWEEN 5630353 AND 5631352 ORDER BY c
	Sort  (cost=3731.57..3733.94 rows=950 width=121)
	  Sort Key: c
	  ->  Bitmap Heap Scan on sbtest6  (cost=30.17..3684.58 rows=950 width=121)
	        Recheck Cond: ((id >= 5630353) AND (id <= 5631352))
	        ->  Bitmap Index Scan on sbtest6_pkey  (cost=0.00..29.93 rows=950 width=0)
	              Index Cond: ((id >= 5630353) AND (id <= 5631352))

table 7 : explain SELECT c FROM sbtest7 WHERE id BETWEEN 279574 AND 280573 ORDER BY c
	Sort  (cost=4096.40..4099.01 rows=1044 width=121)
	  Sort Key: c
	  ->  Bitmap Heap Scan on sbtest7  (cost=31.14..4044.05 rows=1044 width=121)
	        Recheck Cond: ((id >= 279574) AND (id <= 280573))
	        ->  Bitmap Index Scan on sbtest7_pkey  (cost=0.00..30.87 rows=1044 width=0)
	              Index Cond: ((id >= 279574) AND (id <= 280573))

table 8 : explain SELECT c FROM sbtest8 WHERE id BETWEEN 9472117 AND 9473116 ORDER BY c
	Sort  (cost=3618.33..3620.63 rows=921 width=121)
	  Sort Key: c
	  ->  Bitmap Heap Scan on sbtest8  (cost=29.88..3572.98 rows=921 width=121)
	        Recheck Cond: ((id >= 9472117) AND (id <= 9473116))
	        ->  Bitmap Index Scan on sbtest8_pkey  (cost=0.00..29.64 rows=921 width=0)
	              Index Cond: ((id >= 9472117) AND (id <= 9473116))

for: distinct_ranges
table 1 : explain SELECT DISTINCT c FROM sbtest1 WHERE id BETWEEN 6827822 AND 6828821 ORDER BY c
	Unique  (cost=3845.77..3850.67 rows=980 width=121)
	  ->  Sort  (cost=3845.77..3848.22 rows=980 width=121)
	        Sort Key: c
	        ->  Bitmap Heap Scan on sbtest1  (cost=30.48..3797.08 rows=980 width=121)
	              Recheck Cond: ((id >= 6827822) AND (id <= 6828821))
	              ->  Bitmap Index Scan on sbtest1_pkey  (cost=0.00..30.23 rows=980 width=0)
	                    Index Cond: ((id >= 6827822) AND (id <= 6828821))

table 2 : explain SELECT DISTINCT c FROM sbtest2 WHERE id BETWEEN 9244372 AND 9245371 ORDER BY c
	Unique  (cost=3587.57..3592.14 rows=914 width=121)
	  ->  Sort  (cost=3587.57..3589.85 rows=914 width=121)
	        Sort Key: c
	        ->  Bitmap Heap Scan on sbtest2  (cost=25.80..3542.62 rows=914 width=121)
	              Recheck Cond: ((id >= 9244372) AND (id <= 9245371))
	              ->  Bitmap Index Scan on sbtest2_pkey  (cost=0.00..25.57 rows=914 width=0)
	                    Index Cond: ((id >= 9244372) AND (id <= 9245371))

table 3 : explain SELECT DISTINCT c FROM sbtest3 WHERE id BETWEEN 7112213 AND 7113212 ORDER BY c
	Unique  (cost=4176.37..4181.70 rows=1065 width=121)
	  ->  Sort  (cost=4176.37..4179.04 rows=1065 width=121)
	        Sort Key: c
	        ->  Bitmap Heap Scan on sbtest3  (cost=31.35..4122.82 rows=1065 width=121)
	              Recheck Cond: ((id >= 7112213) AND (id <= 7113212))
	              ->  Bitmap Index Scan on sbtest3_pkey  (cost=0.00..31.08 rows=1065 width=0)
	                    Index Cond: ((id >= 7112213) AND (id <= 7113212))

table 4 : explain SELECT DISTINCT c FROM sbtest4 WHERE id BETWEEN 3450617 AND 3451616 ORDER BY c
	Unique  (cost=3906.93..3911.90 rows=995 width=121)
	  ->  Sort  (cost=3906.93..3909.42 rows=995 width=121)
	        Sort Key: c
	        ->  Bitmap Heap Scan on sbtest4  (cost=30.63..3857.39 rows=995 width=121)
	              Recheck Cond: ((id >= 3450617) AND (id <= 3451616))
	              ->  Bitmap Index Scan on sbtest4_pkey  (cost=0.00..30.39 rows=995 width=0)
	                    Index Cond: ((id >= 3450617) AND (id <= 3451616))

table 5 : explain SELECT DISTINCT c FROM sbtest5 WHERE id BETWEEN 8266135 AND 8267134 ORDER BY c
	Unique  (cost=4059.30..4064.48 rows=1036 width=121)
	  ->  Sort  (cost=4059.30..4061.89 rows=1036 width=121)
	        Sort Key: c
	        ->  Bitmap Heap Scan on sbtest5  (cost=31.05..4007.42 rows=1036 width=121)
	              Recheck Cond: ((id >= 8266135) AND (id <= 8267134))
	              ->  Bitmap Index Scan on sbtest5_pkey  (cost=0.00..30.79 rows=1036 width=0)
	                    Index Cond: ((id >= 8266135) AND (id <= 8267134))

table 6 : explain SELECT DISTINCT c FROM sbtest6 WHERE id BETWEEN 1523242 AND 1524241 ORDER BY c
	Unique  (cost=4336.10..4341.64 rows=1108 width=121)
	  ->  Sort  (cost=4336.10..4338.87 rows=1108 width=121)
	        Sort Key: c
	        ->  Bitmap Heap Scan on sbtest6  (cost=31.79..4280.07 rows=1108 width=121)
	              Recheck Cond: ((id >= 1523242) AND (id <= 1524241))
	              ->  Bitmap Index Scan on sbtest6_pkey  (cost=0.00..31.51 rows=1108 width=0)
	                    Index Cond: ((id >= 1523242) AND (id <= 1524241))

table 7 : explain SELECT DISTINCT c FROM sbtest7 WHERE id BETWEEN 7848332 AND 7849331 ORDER BY c
	Unique  (cost=4180.66..4185.99 rows=1066 width=121)
	  ->  Sort  (cost=4180.66..4183.32 rows=1066 width=121)
	        Sort Key: c
	        ->  Bitmap Heap Scan on sbtest7  (cost=31.36..4127.05 rows=1066 width=121)
	              Recheck Cond: ((id >= 7848332) AND (id <= 7849331))
	              ->  Bitmap Index Scan on sbtest7_pkey  (cost=0.00..31.09 rows=1066 width=0)
	                    Index Cond: ((id >= 7848332) AND (id <= 7849331))

table 8 : explain SELECT DISTINCT c FROM sbtest8 WHERE id BETWEEN 7119689 AND 7120688 ORDER BY c
	Unique  (cost=4058.65..4063.83 rows=1036 width=121)
	  ->  Sort  (cost=4058.65..4061.24 rows=1036 width=121)
	        Sort Key: c
	        ->  Bitmap Heap Scan on sbtest8  (cost=31.05..4006.76 rows=1036 width=121)
	              Recheck Cond: ((id >= 7119689) AND (id <= 7120688))
	              ->  Bitmap Index Scan on sbtest8_pkey  (cost=0.00..30.79 rows=1036 width=0)
	                    Index Cond: ((id >= 7119689) AND (id <= 7120688))

for: distinct_ranges
table 1 : explain SELECT DISTINCT c FROM sbtest1 WHERE id BETWEEN 3744711 AND 3745710 ORDER BY c
	Unique  (cost=4060.10..4065.28 rows=1036 width=121)
	  ->  Sort  (cost=4060.10..4062.69 rows=1036 width=121)
	        Sort Key: c
	        ->  Bitmap Heap Scan on sbtest1  (cost=31.05..4008.21 rows=1036 width=121)
	              Recheck Cond: ((id >= 3744711) AND (id <= 3745710))
	              ->  Bitmap Index Scan on sbtest1_pkey  (cost=0.00..30.79 rows=1036 width=0)
	                    Index Cond: ((id >= 3744711) AND (id <= 3745710))

table 2 : explain SELECT DISTINCT c FROM sbtest2 WHERE id BETWEEN 7020339 AND 7021338 ORDER BY c
	Unique  (cost=3909.61..3914.60 rows=997 width=121)
	  ->  Sort  (cost=3909.61..3912.10 rows=997 width=121)
	        Sort Key: c
	        ->  Bitmap Heap Scan on sbtest2  (cost=30.65..3859.95 rows=997 width=121)
	              Recheck Cond: ((id >= 7020339) AND (id <= 7021338))
	              ->  Bitmap Index Scan on sbtest2_pkey  (cost=0.00..30.40 rows=997 width=0)
	                    Index Cond: ((id >= 7020339) AND (id <= 7021338))

table 3 : explain SELECT DISTINCT c FROM sbtest3 WHERE id BETWEEN 3718810 AND 3719809 ORDER BY c
	Unique  (cost=3954.14..3959.18 rows=1007 width=121)
	  ->  Sort  (cost=3954.14..3956.66 rows=1007 width=121)
	        Sort Key: c
	        ->  Bitmap Heap Scan on sbtest3  (cost=30.76..3903.91 rows=1007 width=121)
	              Recheck Cond: ((id >= 3718810) AND (id <= 3719809))
	              ->  Bitmap Index Scan on sbtest3_pkey  (cost=0.00..30.50 rows=1007 width=0)
	                    Index Cond: ((id >= 3718810) AND (id <= 3719809))

table 4 : explain SELECT DISTINCT c FROM sbtest4 WHERE id BETWEEN 9891109 AND 9892108 ORDER BY c
	Unique  (cost=3822.54..3827.41 rows=973 width=121)
	  ->  Sort  (cost=3822.54..3824.97 rows=973 width=121)
	        Sort Key: c
	        ->  Bitmap Heap Scan on sbtest4  (cost=30.41..3774.25 rows=973 width=121)
	              Recheck Cond: ((id >= 9891109) AND (id <= 9892108))
	              ->  Bitmap Index Scan on sbtest4_pkey  (cost=0.00..30.16 rows=973 width=0)
	                    Index Cond: ((id >= 9891109) AND (id <= 9892108))

table 5 : explain SELECT DISTINCT c FROM sbtest5 WHERE id BETWEEN 6714068 AND 6715067 ORDER BY c
	Unique  (cost=3760.59..3765.38 rows=959 width=121)
	  ->  Sort  (cost=3760.59..3762.98 rows=959 width=121)
	        Sort Key: c
	        ->  Bitmap Heap Scan on sbtest5  (cost=26.26..3713.09 rows=959 width=121)
	              Recheck Cond: ((id >= 6714068) AND (id <= 6715067))
	              ->  Bitmap Index Scan on sbtest5_pkey  (cost=0.00..26.02 rows=959 width=0)
	                    Index Cond: ((id >= 6714068) AND (id <= 6715067))

table 6 : explain SELECT DISTINCT c FROM sbtest6 WHERE id BETWEEN 3539991 AND 3540990 ORDER BY c
	Unique  (cost=3812.09..3816.94 rows=971 width=121)
	  ->  Sort  (cost=3812.09..3814.52 rows=971 width=121)
	        Sort Key: c
	        ->  Bitmap Heap Scan on sbtest6  (cost=30.39..3763.91 rows=971 width=121)
	              Recheck Cond: ((id >= 3539991) AND (id <= 3540990))
	              ->  Bitmap Index Scan on sbtest6_pkey  (cost=0.00..30.14 rows=971 width=0)
	                    Index Cond: ((id >= 3539991) AND (id <= 3540990))

table 7 : explain SELECT DISTINCT c FROM sbtest7 WHERE id BETWEEN 7141738 AND 7142737 ORDER BY c
	Unique  (cost=4073.41..4078.60 rows=1038 width=121)
	  ->  Sort  (cost=4073.41..4076.00 rows=1038 width=121)
	        Sort Key: c
	        ->  Bitmap Heap Scan on sbtest7  (cost=31.07..4021.41 rows=1038 width=121)
	              Recheck Cond: ((id >= 7141738) AND (id <= 7142737))
	              ->  Bitmap Index Scan on sbtest7_pkey  (cost=0.00..30.82 rows=1038 width=0)
	                    Index Cond: ((id >= 7141738) AND (id <= 7142737))

table 8 : explain SELECT DISTINCT c FROM sbtest8 WHERE id BETWEEN 3575350 AND 3576349 ORDER BY c
	Unique  (cost=4142.71..4148.00 rows=1058 width=121)
	  ->  Sort  (cost=4142.71..4145.35 rows=1058 width=121)
	        Sort Key: c
	        ->  Bitmap Heap Scan on sbtest8  (cost=31.28..4089.56 rows=1058 width=121)
	              Recheck Cond: ((id >= 3575350) AND (id <= 3576349))
	              ->  Bitmap Index Scan on sbtest8_pkey  (cost=0.00..31.01 rows=1058 width=0)
	                    Index Cond: ((id >= 3575350) AND (id <= 3576349))

for: order_ranges
table 1 : explain SELECT c FROM sbtest1 WHERE id BETWEEN 9530323 AND 9531322 ORDER BY c
	Sort  (cost=3450.39..3452.59 rows=878 width=121)
	  Sort Key: c
	  ->  Bitmap Heap Scan on sbtest1  (cost=25.43..3407.47 rows=878 width=121)
	        Recheck Cond: ((id >= 9530323) AND (id <= 9531322))
	        ->  Bitmap Index Scan on sbtest1_pkey  (cost=0.00..25.21 rows=878 width=0)
	              Index Cond: ((id >= 9530323) AND (id <= 9531322))

table 2 : explain SELECT c FROM sbtest2 WHERE id BETWEEN 8357979 AND 8358978 ORDER BY c
	Sort  (cost=3794.75..3797.17 rows=967 width=121)
	  Sort Key: c
	  ->  Bitmap Heap Scan on sbtest2  (cost=30.35..3746.80 rows=967 width=121)
	        Recheck Cond: ((id >= 8357979) AND (id <= 8358978))
	        ->  Bitmap Index Scan on sbtest2_pkey  (cost=0.00..30.11 rows=967 width=0)
	              Index Cond: ((id >= 8357979) AND (id <= 8358978))

table 3 : explain SELECT c FROM sbtest3 WHERE id BETWEEN 953156 AND 954155 ORDER BY c
	Sort  (cost=3558.52..3560.78 rows=904 width=121)
	  Sort Key: c
	  ->  Bitmap Heap Scan on sbtest3  (cost=29.70..3514.14 rows=904 width=121)
	        Recheck Cond: ((id >= 953156) AND (id <= 954155))
	        ->  Bitmap Index Scan on sbtest3_pkey  (cost=0.00..29.47 rows=904 width=0)
	              Index Cond: ((id >= 953156) AND (id <= 954155))

table 4 : explain SELECT c FROM sbtest4 WHERE id BETWEEN 1710123 AND 1711122 ORDER BY c
	Sort  (cost=3956.77..3959.29 rows=1008 width=121)
	  Sort Key: c
	  ->  Bitmap Heap Scan on sbtest4  (cost=30.77..3906.48 rows=1008 width=121)
	        Recheck Cond: ((id >= 1710123) AND (id <= 1711122))
	        ->  Bitmap Index Scan on sbtest4_pkey  (cost=0.00..30.51 rows=1008 width=0)
	              Index Cond: ((id >= 1710123) AND (id <= 1711122))

table 5 : explain SELECT c FROM sbtest5 WHERE id BETWEEN 2909855 AND 2910854 ORDER BY c
	Sort  (cost=3415.19..3417.36 rows=869 width=121)
	  Sort Key: c
	  ->  Bitmap Heap Scan on sbtest5  (cost=25.34..3372.77 rows=869 width=121)
	        Recheck Cond: ((id >= 2909855) AND (id <= 2910854))
	        ->  Bitmap Index Scan on sbtest5_pkey  (cost=0.00..25.12 rows=869 width=0)
	              Index Cond: ((id >= 2909855) AND (id <= 2910854))

table 6 : explain SELECT c FROM sbtest6 WHERE id BETWEEN 2694459 AND 2695458 ORDER BY c
	Sort  (cost=3808.25..3810.68 rows=970 width=121)
	  Sort Key: c
	  ->  Bitmap Heap Scan on sbtest6  (cost=30.38..3760.13 rows=970 width=121)
	        Recheck Cond: ((id >= 2694459) AND (id <= 2695458))
	        ->  Bitmap Index Scan on sbtest6_pkey  (cost=0.00..30.14 rows=970 width=0)
	              Index Cond: ((id >= 2694459) AND (id <= 2695458))

table 7 : explain SELECT c FROM sbtest7 WHERE id BETWEEN 6561821 AND 6562820 ORDER BY c
	Sort  (cost=3774.16..3776.56 rows=960 width=121)
	  Sort Key: c
	  ->  Bitmap Heap Scan on sbtest7  (cost=30.27..3726.61 rows=960 width=121)
	        Recheck Cond: ((id >= 6561821) AND (id <= 6562820))
	        ->  Bitmap Index Scan on sbtest7_pkey  (cost=0.00..30.04 rows=960 width=0)
	              Index Cond: ((id >= 6561821) AND (id <= 6562820))

table 8 : explain SELECT c FROM sbtest8 WHERE id BETWEEN 450534 AND 451533 ORDER BY c
	Sort  (cost=4066.30..4068.89 rows=1038 width=121)
	  Sort Key: c
	  ->  Bitmap Heap Scan on sbtest8  (cost=31.07..4014.29 rows=1038 width=121)
	        Recheck Cond: ((id >= 450534) AND (id <= 451533))
	        ->  Bitmap Index Scan on sbtest8_pkey  (cost=0.00..30.82 rows=1038 width=0)
	              Index Cond: ((id >= 450534) AND (id <= 451533))

for: simple_ranges
table 1 : explain SELECT c FROM sbtest1 WHERE id BETWEEN 8639079 AND 8640078
	Bitmap Heap Scan on sbtest1  (cost=30.49..3800.85 rows=981 width=121)
	  Recheck Cond: ((id >= 8639079) AND (id <= 8640078))
	  ->  Bitmap Index Scan on sbtest1_pkey  (cost=0.00..30.25 rows=981 width=0)
	        Index Cond: ((id >= 8639079) AND (id <= 8640078))

table 2 : explain SELECT c FROM sbtest2 WHERE id BETWEEN 2819360 AND 2820359
	Bitmap Heap Scan on sbtest2  (cost=30.09..3652.42 rows=942 width=121)
	  Recheck Cond: ((id >= 2819360) AND (id <= 2820359))
	  ->  Bitmap Index Scan on sbtest2_pkey  (cost=0.00..29.86 rows=942 width=0)
	        Index Cond: ((id >= 2819360) AND (id <= 2820359))

table 3 : explain SELECT c FROM sbtest3 WHERE id BETWEEN 9602022 AND 9603021
	Bitmap Heap Scan on sbtest3  (cost=30.89..3953.01 rows=1020 width=121)
	  Recheck Cond: ((id >= 9602022) AND (id <= 9603021))
	  ->  Bitmap Index Scan on sbtest3_pkey  (cost=0.00..30.64 rows=1020 width=0)
	        Index Cond: ((id >= 9602022) AND (id <= 9603021))

table 4 : explain SELECT c FROM sbtest4 WHERE id BETWEEN 210554 AND 211553
	Bitmap Heap Scan on sbtest4  (cost=25.99..3615.15 rows=932 width=121)
	  Recheck Cond: ((id >= 210554) AND (id <= 211553))
	  ->  Bitmap Index Scan on sbtest4_pkey  (cost=0.00..25.75 rows=932 width=0)
	        Index Cond: ((id >= 210554) AND (id <= 211553))

table 5 : explain SELECT c FROM sbtest5 WHERE id BETWEEN 2604381 AND 2605380
	Bitmap Heap Scan on sbtest5  (cost=30.83..3924.54 rows=1014 width=121)
	  Recheck Cond: ((id >= 2604381) AND (id <= 2605380))
	  ->  Bitmap Index Scan on sbtest5_pkey  (cost=0.00..30.57 rows=1014 width=0)
	        Index Cond: ((id >= 2604381) AND (id <= 2605380))

table 6 : explain SELECT c FROM sbtest6 WHERE id BETWEEN 4631863 AND 4632862
	Bitmap Heap Scan on sbtest6  (cost=30.20..3695.92 rows=953 width=121)
	  Recheck Cond: ((id >= 4631863) AND (id <= 4632862))
	  ->  Bitmap Index Scan on sbtest6_pkey  (cost=0.00..29.96 rows=953 width=0)
	        Index Cond: ((id >= 4631863) AND (id <= 4632862))

table 7 : explain SELECT c FROM sbtest7 WHERE id BETWEEN 2566293 AND 2567292
	Bitmap Heap Scan on sbtest7  (cost=30.05..3643.33 rows=938 width=121)
	  Recheck Cond: ((id >= 2566293) AND (id <= 2567292))
	  ->  Bitmap Index Scan on sbtest7_pkey  (cost=0.00..29.82 rows=938 width=0)
	        Index Cond: ((id >= 2566293) AND (id <= 2567292))

table 8 : explain SELECT c FROM sbtest8 WHERE id BETWEEN 2974128 AND 2975127
	Bitmap Heap Scan on sbtest8  (cost=31.44..4149.73 rows=1074 width=121)
	  Recheck Cond: ((id >= 2974128) AND (id <= 2975127))
	  ->  Bitmap Index Scan on sbtest8_pkey  (cost=0.00..31.18 rows=1074 width=0)
	        Index Cond: ((id >= 2974128) AND (id <= 2975127))

for: order_ranges
table 1 : explain SELECT c FROM sbtest1 WHERE id BETWEEN 2481227 AND 2482226 ORDER BY c
	Sort  (cost=4006.55..4009.10 rows=1022 width=121)
	  Sort Key: c
	  ->  Bitmap Heap Scan on sbtest1  (cost=30.91..3955.46 rows=1022 width=121)
	        Recheck Cond: ((id >= 2481227) AND (id <= 2482226))
	        ->  Bitmap Index Scan on sbtest1_pkey  (cost=0.00..30.65 rows=1022 width=0)
	              Index Cond: ((id >= 2481227) AND (id <= 2482226))

table 2 : explain SELECT c FROM sbtest2 WHERE id BETWEEN 8074746 AND 8075745 ORDER BY c
	Sort  (cost=4001.42..4003.97 rows=1021 width=121)
	  Sort Key: c
	  ->  Bitmap Heap Scan on sbtest2  (cost=30.90..3950.39 rows=1021 width=121)
	        Recheck Cond: ((id >= 8074746) AND (id <= 8075745))
	        ->  Bitmap Index Scan on sbtest2_pkey  (cost=0.00..30.64 rows=1021 width=0)
	              Index Cond: ((id >= 8074746) AND (id <= 8075745))

table 3 : explain SELECT c FROM sbtest3 WHERE id BETWEEN 2213056 AND 2214055 ORDER BY c
	Sort  (cost=3915.79..3918.28 rows=997 width=121)
	  Sort Key: c
	  ->  Bitmap Heap Scan on sbtest3  (cost=30.65..3866.13 rows=997 width=121)
	        Recheck Cond: ((id >= 2213056) AND (id <= 2214055))
	        ->  Bitmap Index Scan on sbtest3_pkey  (cost=0.00..30.40 rows=997 width=0)
	              Index Cond: ((id >= 2213056) AND (id <= 2214055))

table 4 : explain SELECT c FROM sbtest4 WHERE id BETWEEN 1097054 AND 1098053 ORDER BY c
	Sort  (cost=3526.58..3528.82 rows=897 width=121)
	  Sort Key: c
	  ->  Bitmap Heap Scan on sbtest4  (cost=25.63..3482.58 rows=897 width=121)
	        Recheck Cond: ((id >= 1097054) AND (id <= 1098053))
	        ->  Bitmap Index Scan on sbtest4_pkey  (cost=0.00..25.40 rows=897 width=0)
	              Index Cond: ((id >= 1097054) AND (id <= 1098053))

table 5 : explain SELECT c FROM sbtest5 WHERE id BETWEEN 6054087 AND 6055086 ORDER BY c
	Sort  (cost=4032.54..4035.11 rows=1029 width=121)
	  Sort Key: c
	  ->  Bitmap Heap Scan on sbtest5  (cost=30.98..3981.05 rows=1029 width=121)
	        Recheck Cond: ((id >= 6054087) AND (id <= 6055086))
	        ->  Bitmap Index Scan on sbtest5_pkey  (cost=0.00..30.72 rows=1029 width=0)
	              Index Cond: ((id >= 6054087) AND (id <= 6055086))

table 6 : explain SELECT c FROM sbtest6 WHERE id BETWEEN 2840935 AND 2841934 ORDER BY c
	Sort  (cost=3800.59..3803.01 rows=968 width=121)
	  Sort Key: c
	  ->  Bitmap Heap Scan on sbtest6  (cost=30.36..3752.58 rows=968 width=121)
	        Recheck Cond: ((id >= 2840935) AND (id <= 2841934))
	        ->  Bitmap Index Scan on sbtest6_pkey  (cost=0.00..30.11 rows=968 width=0)
	              Index Cond: ((id >= 2840935) AND (id <= 2841934))

table 7 : explain SELECT c FROM sbtest7 WHERE id BETWEEN 7951611 AND 7952610 ORDER BY c
	Sort  (cost=3989.08..3991.62 rows=1016 width=121)
	  Sort Key: c
	  ->  Bitmap Heap Scan on sbtest7  (cost=30.85..3938.33 rows=1016 width=121)
	        Recheck Cond: ((id >= 7951611) AND (id <= 7952610))
	        ->  Bitmap Index Scan on sbtest7_pkey  (cost=0.00..30.59 rows=1016 width=0)
	              Index Cond: ((id >= 7951611) AND (id <= 7952610))

table 8 : explain SELECT c FROM sbtest8 WHERE id BETWEEN 3451822 AND 3452821 ORDER BY c
	Sort  (cost=3748.68..3751.07 rows=955 width=121)
	  Sort Key: c
	  ->  Bitmap Heap Scan on sbtest8  (cost=30.22..3701.41 rows=955 width=121)
	        Recheck Cond: ((id >= 3451822) AND (id <= 3452821))
	        ->  Bitmap Index Scan on sbtest8_pkey  (cost=0.00..29.98 rows=955 width=0)
	              Index Cond: ((id >= 3451822) AND (id <= 3452821))

for: order_ranges
table 1 : explain SELECT c FROM sbtest1 WHERE id BETWEEN 1871526 AND 1872525 ORDER BY c
	Sort  (cost=4094.51..4097.12 rows=1045 width=121)
	  Sort Key: c
	  ->  Bitmap Heap Scan on sbtest1  (cost=31.15..4042.11 rows=1045 width=121)
	        Recheck Cond: ((id >= 1871526) AND (id <= 1872525))
	        ->  Bitmap Index Scan on sbtest1_pkey  (cost=0.00..30.89 rows=1045 width=0)
	              Index Cond: ((id >= 1871526) AND (id <= 1872525))

table 2 : explain SELECT c FROM sbtest2 WHERE id BETWEEN 9741562 AND 9742561 ORDER BY c
	Sort  (cost=3890.48..3892.96 rows=992 width=121)
	  Sort Key: c
	  ->  Bitmap Heap Scan on sbtest2  (cost=30.60..3841.10 rows=992 width=121)
	        Recheck Cond: ((id >= 9741562) AND (id <= 9742561))
	        ->  Bitmap Index Scan on sbtest2_pkey  (cost=0.00..30.36 rows=992 width=0)
	              Index Cond: ((id >= 9741562) AND (id <= 9742561))

table 3 : explain SELECT c FROM sbtest3 WHERE id BETWEEN 8320338 AND 8321337 ORDER BY c
	Sort  (cost=3773.77..3776.17 rows=960 width=121)
	  Sort Key: c
	  ->  Bitmap Heap Scan on sbtest3  (cost=30.27..3726.22 rows=960 width=121)
	        Recheck Cond: ((id >= 8320338) AND (id <= 8321337))
	        ->  Bitmap Index Scan on sbtest3_pkey  (cost=0.00..30.04 rows=960 width=0)
	              Index Cond: ((id >= 8320338) AND (id <= 8321337))

table 4 : explain SELECT c FROM sbtest4 WHERE id BETWEEN 6167445 AND 6168444 ORDER BY c
	Sort  (cost=3784.17..3786.57 rows=963 width=121)
	  Sort Key: c
	  ->  Bitmap Heap Scan on sbtest4  (cost=30.31..3736.44 rows=963 width=121)
	        Recheck Cond: ((id >= 6167445) AND (id <= 6168444))
	        ->  Bitmap Index Scan on sbtest4_pkey  (cost=0.00..30.07 rows=963 width=0)
	              Index Cond: ((id >= 6167445) AND (id <= 6168444))

table 5 : explain SELECT c FROM sbtest5 WHERE id BETWEEN 9085748 AND 9086747 ORDER BY c
	Sort  (cost=3745.26..3747.64 rows=955 width=121)
	  Sort Key: c
	  ->  Bitmap Heap Scan on sbtest5  (cost=26.22..3697.99 rows=955 width=121)
	        Recheck Cond: ((id >= 9085748) AND (id <= 9086747))
	        ->  Bitmap Index Scan on sbtest5_pkey  (cost=0.00..25.98 rows=955 width=0)
	              Index Cond: ((id >= 9085748) AND (id <= 9086747))

table 6 : explain SELECT c FROM sbtest6 WHERE id BETWEEN 4446857 AND 4447856 ORDER BY c
	Sort  (cost=4190.98..4193.65 rows=1070 width=121)
	  Sort Key: c
	  ->  Bitmap Heap Scan on sbtest6  (cost=31.40..4137.14 rows=1070 width=121)
	        Recheck Cond: ((id >= 4446857) AND (id <= 4447856))
	        ->  Bitmap Index Scan on sbtest6_pkey  (cost=0.00..31.14 rows=1070 width=0)
	              Index Cond: ((id >= 4446857) AND (id <= 4447856))

table 7 : explain SELECT c FROM sbtest7 WHERE id BETWEEN 1917150 AND 1918149 ORDER BY c
	Sort  (cost=3528.09..3530.33 rows=896 width=121)
	  Sort Key: c
	  ->  Bitmap Heap Scan on sbtest7  (cost=29.62..3484.16 rows=896 width=121)
	        Recheck Cond: ((id >= 1917150) AND (id <= 1918149))
	        ->  Bitmap Index Scan on sbtest7_pkey  (cost=0.00..29.39 rows=896 width=0)
	              Index Cond: ((id >= 1917150) AND (id <= 1918149))

table 8 : explain SELECT c FROM sbtest8 WHERE id BETWEEN 8339584 AND 8340583 ORDER BY c
	Sort  (cost=3714.19..3716.55 rows=946 width=121)
	  Sort Key: c
	  ->  Bitmap Heap Scan on sbtest8  (cost=30.13..3667.43 rows=946 width=121)
	        Recheck Cond: ((id >= 8339584) AND (id <= 8340583))
	        ->  Bitmap Index Scan on sbtest8_pkey  (cost=0.00..29.89 rows=946 width=0)
	              Index Cond: ((id >= 8339584) AND (id <= 8340583))

for: simple_ranges
table 1 : explain SELECT c FROM sbtest1 WHERE id BETWEEN 507243 AND 508242
	Bitmap Heap Scan on sbtest1  (cost=30.36..3751.78 rows=968 width=121)
	  Recheck Cond: ((id >= 507243) AND (id <= 508242))
	  ->  Bitmap Index Scan on sbtest1_pkey  (cost=0.00..30.11 rows=968 width=0)
	        Index Cond: ((id >= 507243) AND (id <= 508242))

table 2 : explain SELECT c FROM sbtest2 WHERE id BETWEEN 8819058 AND 8820057
	Bitmap Heap Scan on sbtest2  (cost=31.06..4010.64 rows=1037 width=121)
	  Recheck Cond: ((id >= 8819058) AND (id <= 8820057))
	  ->  Bitmap Index Scan on sbtest2_pkey  (cost=0.00..30.80 rows=1037 width=0)
	        Index Cond: ((id >= 8819058) AND (id <= 8820057))

table 3 : explain SELECT c FROM sbtest3 WHERE id BETWEEN 6355125 AND 6356124
	Bitmap Heap Scan on sbtest3  (cost=30.42..3779.18 rows=974 width=121)
	  Recheck Cond: ((id >= 6355125) AND (id <= 6356124))
	  ->  Bitmap Index Scan on sbtest3_pkey  (cost=0.00..30.18 rows=974 width=0)
	        Index Cond: ((id >= 6355125) AND (id <= 6356124))

table 4 : explain SELECT c FROM sbtest4 WHERE id BETWEEN 5877577 AND 5878576
	Bitmap Heap Scan on sbtest4  (cost=31.75..4268.41 rows=1104 width=121)
	  Recheck Cond: ((id >= 5877577) AND (id <= 5878576))
	  ->  Bitmap Index Scan on sbtest4_pkey  (cost=0.00..31.47 rows=1104 width=0)
	        Index Cond: ((id >= 5877577) AND (id <= 5878576))

table 5 : explain SELECT c FROM sbtest5 WHERE id BETWEEN 4960904 AND 4961903
	Bitmap Heap Scan on sbtest5  (cost=30.32..3735.96 rows=964 width=121)
	  Recheck Cond: ((id >= 4960904) AND (id <= 4961903))
	  ->  Bitmap Index Scan on sbtest5_pkey  (cost=0.00..30.07 rows=964 width=0)
	        Index Cond: ((id >= 4960904) AND (id <= 4961903))

table 6 : explain SELECT c FROM sbtest6 WHERE id BETWEEN 3704083 AND 3705082
	Bitmap Heap Scan on sbtest6  (cost=25.75..3525.54 rows=909 width=121)
	  Recheck Cond: ((id >= 3704083) AND (id <= 3705082))
	  ->  Bitmap Index Scan on sbtest6_pkey  (cost=0.00..25.52 rows=909 width=0)
	        Index Cond: ((id >= 3704083) AND (id <= 3705082))

table 7 : explain SELECT c FROM sbtest7 WHERE id BETWEEN 7153279 AND 7154278
	Bitmap Heap Scan on sbtest7  (cost=31.07..4021.41 rows=1038 width=121)
	  Recheck Cond: ((id >= 7153279) AND (id <= 7154278))
	  ->  Bitmap Index Scan on sbtest7_pkey  (cost=0.00..30.82 rows=1038 width=0)
	        Index Cond: ((id >= 7153279) AND (id <= 7154278))

table 8 : explain SELECT c FROM sbtest8 WHERE id BETWEEN 7548684 AND 7549683
	Bitmap Heap Scan on sbtest8  (cost=30.95..3969.11 rows=1026 width=121)
	  Recheck Cond: ((id >= 7548684) AND (id <= 7549683))
	  ->  Bitmap Index Scan on sbtest8_pkey  (cost=0.00..30.69 rows=1026 width=0)
	        Index Cond: ((id >= 7548684) AND (id <= 7549683))

for: order_ranges
table 1 : explain SELECT c FROM sbtest1 WHERE id BETWEEN 4897675 AND 4898674 ORDER BY c
	Sort  (cost=3726.95..3729.33 rows=949 width=121)
	  Sort Key: c
	  ->  Bitmap Heap Scan on sbtest1  (cost=30.16..3680.03 rows=949 width=121)
	        Recheck Cond: ((id >= 4897675) AND (id <= 4898674))
	        ->  Bitmap Index Scan on sbtest1_pkey  (cost=0.00..29.93 rows=949 width=0)
	              Index Cond: ((id >= 4897675) AND (id <= 4898674))

table 2 : explain SELECT c FROM sbtest2 WHERE id BETWEEN 7932815 AND 7933814 ORDER BY c
	Sort  (cost=4077.87..4080.47 rows=1041 width=121)
	  Sort Key: c
	  ->  Bitmap Heap Scan on sbtest2  (cost=31.11..4025.70 rows=1041 width=121)
	        Recheck Cond: ((id >= 7932815) AND (id <= 7933814))
	        ->  Bitmap Index Scan on sbtest2_pkey  (cost=0.00..30.84 rows=1041 width=0)
	              Index Cond: ((id >= 7932815) AND (id <= 7933814))

table 3 : explain SELECT c FROM sbtest3 WHERE id BETWEEN 1517146 AND 1518145 ORDER BY c
	Sort  (cost=4069.14..4071.73 rows=1037 width=121)
	  Sort Key: c
	  ->  Bitmap Heap Scan on sbtest3  (cost=31.06..4017.19 rows=1037 width=121)
	        Recheck Cond: ((id >= 1517146) AND (id <= 1518145))
	        ->  Bitmap Index Scan on sbtest3_pkey  (cost=0.00..30.80 rows=1037 width=0)
	              Index Cond: ((id >= 1517146) AND (id <= 1518145))

table 4 : explain SELECT c FROM sbtest4 WHERE id BETWEEN 9618363 AND 9619362 ORDER BY c
	Sort  (cost=3987.43..3989.97 rows=1016 width=121)
	  Sort Key: c
	  ->  Bitmap Heap Scan on sbtest4  (cost=30.85..3936.69 rows=1016 width=121)
	        Recheck Cond: ((id >= 9618363) AND (id <= 9619362))
	        ->  Bitmap Index Scan on sbtest4_pkey  (cost=0.00..30.59 rows=1016 width=0)
	              Index Cond: ((id >= 9618363) AND (id <= 9619362))

table 5 : explain SELECT c FROM sbtest5 WHERE id BETWEEN 4126465 AND 4127464 ORDER BY c
	Sort  (cost=3963.69..3966.22 rows=1011 width=121)
	  Sort Key: c
	  ->  Bitmap Heap Scan on sbtest5  (cost=30.80..3913.24 rows=1011 width=121)
	        Recheck Cond: ((id >= 4126465) AND (id <= 4127464))
	        ->  Bitmap Index Scan on sbtest5_pkey  (cost=0.00..30.54 rows=1011 width=0)
	              Index Cond: ((id >= 4126465) AND (id <= 4127464))

table 6 : explain SELECT c FROM sbtest6 WHERE id BETWEEN 7813438 AND 7814437 ORDER BY c
	Sort  (cost=3888.72..3891.20 rows=991 width=121)
	  Sort Key: c
	  ->  Bitmap Heap Scan on sbtest6  (cost=30.59..3839.41 rows=991 width=121)
	        Recheck Cond: ((id >= 7813438) AND (id <= 7814437))
	        ->  Bitmap Index Scan on sbtest6_pkey  (cost=0.00..30.34 rows=991 width=0)
	              Index Cond: ((id >= 7813438) AND (id <= 7814437))

table 7 : explain SELECT c FROM sbtest7 WHERE id BETWEEN 8081152 AND 8082151 ORDER BY c
	Sort  (cost=3989.08..3991.62 rows=1016 width=121)
	  Sort Key: c
	  ->  Bitmap Heap Scan on sbtest7  (cost=30.85..3938.33 rows=1016 width=121)
	        Recheck Cond: ((id >= 8081152) AND (id <= 8082151))
	        ->  Bitmap Index Scan on sbtest7_pkey  (cost=0.00..30.59 rows=1016 width=0)
	              Index Cond: ((id >= 8081152) AND (id <= 8082151))

table 8 : explain SELECT c FROM sbtest8 WHERE id BETWEEN 7415040 AND 7416039 ORDER BY c
	Sort  (cost=3729.52..3731.90 rows=950 width=121)
	  Sort Key: c
	  ->  Bitmap Heap Scan on sbtest8  (cost=30.17..3682.53 rows=950 width=121)
	        Recheck Cond: ((id >= 7415040) AND (id <= 7416039))
	        ->  Bitmap Index Scan on sbtest8_pkey  (cost=0.00..29.93 rows=950 width=0)
	              Index Cond: ((id >= 7415040) AND (id <= 7416039))

for: sum_ranges
table 1 : explain SELECT SUM(k) FROM sbtest1 WHERE id BETWEEN 5698708 AND 5699707
	Aggregate  (cost=3833.51..3833.52 rows=1 width=8)
	  ->  Bitmap Heap Scan on sbtest1  (cost=30.57..3831.03 rows=989 width=4)
	        Recheck Cond: ((id >= 5698708) AND (id <= 5699707))
	        ->  Bitmap Index Scan on sbtest1_pkey  (cost=0.00..30.32 rows=989 width=0)
	              Index Cond: ((id >= 5698708) AND (id <= 5699707))

table 2 : explain SELECT SUM(k) FROM sbtest2 WHERE id BETWEEN 3330299 AND 3331298
	Aggregate  (cost=3952.94..3952.95 rows=1 width=8)
	  ->  Bitmap Heap Scan on sbtest2  (cost=30.90..3950.39 rows=1021 width=4)
	        Recheck Cond: ((id >= 3330299) AND (id <= 3331298))
	        ->  Bitmap Index Scan on sbtest2_pkey  (cost=0.00..30.64 rows=1021 width=0)
	              Index Cond: ((id >= 3330299) AND (id <= 3331298))

table 3 : explain SELECT SUM(k) FROM sbtest3 WHERE id BETWEEN 2949977 AND 2950976
	Aggregate  (cost=3792.97..3792.98 rows=1 width=8)
	  ->  Bitmap Heap Scan on sbtest3  (cost=30.45..3790.52 rows=977 width=4)
	        Recheck Cond: ((id >= 2949977) AND (id <= 2950976))
	        ->  Bitmap Index Scan on sbtest3_pkey  (cost=0.00..30.20 rows=977 width=0)
	              Index Cond: ((id >= 2949977) AND (id <= 2950976))

table 4 : explain SELECT SUM(k) FROM sbtest4 WHERE id BETWEEN 4701125 AND 4702124
	Aggregate  (cost=3511.37..3511.38 rows=1 width=8)
	  ->  Bitmap Heap Scan on sbtest4  (cost=25.70..3509.11 rows=904 width=4)
	        Recheck Cond: ((id >= 4701125) AND (id <= 4702124))
	        ->  Bitmap Index Scan on sbtest4_pkey  (cost=0.00..25.47 rows=904 width=0)
	              Index Cond: ((id >= 4701125) AND (id <= 4702124))

table 5 : explain SELECT SUM(k) FROM sbtest5 WHERE id BETWEEN 1815430 AND 1816429
	Aggregate  (cost=3810.12..3810.13 rows=1 width=8)
	  ->  Bitmap Heap Scan on sbtest5  (cost=30.51..3807.66 rows=983 width=4)
	        Recheck Cond: ((id >= 1815430) AND (id <= 1816429))
	        ->  Bitmap Index Scan on sbtest5_pkey  (cost=0.00..30.26 rows=983 width=0)
	              Index Cond: ((id >= 1815430) AND (id <= 1816429))

table 6 : explain SELECT SUM(k) FROM sbtest6 WHERE id BETWEEN 2119418 AND 2120417
	Aggregate  (cost=3864.54..3864.55 rows=1 width=8)
	  ->  Bitmap Heap Scan on sbtest6  (cost=30.65..3862.05 rows=997 width=4)
	        Recheck Cond: ((id >= 2119418) AND (id <= 2120417))
	        ->  Bitmap Index Scan on sbtest6_pkey  (cost=0.00..30.40 rows=997 width=0)
	              Index Cond: ((id >= 2119418) AND (id <= 2120417))

table 7 : explain SELECT SUM(k) FROM sbtest7 WHERE id BETWEEN 1327995 AND 1328994
	Aggregate  (cost=3774.44..3774.45 rows=1 width=8)
	  ->  Bitmap Heap Scan on sbtest7  (cost=30.40..3772.01 rows=972 width=4)
	        Recheck Cond: ((id >= 1327995) AND (id <= 1328994))
	        ->  Bitmap Index Scan on sbtest7_pkey  (cost=0.00..30.15 rows=972 width=0)
	              Index Cond: ((id >= 1327995) AND (id <= 1328994))

table 8 : explain SELECT SUM(k) FROM sbtest8 WHERE id BETWEEN 6127713 AND 6128712
	Aggregate  (cost=4171.23..4171.24 rows=1 width=8)
	  ->  Bitmap Heap Scan on sbtest8  (cost=31.49..4168.53 rows=1079 width=4)
	        Recheck Cond: ((id >= 6127713) AND (id <= 6128712))
	        ->  Bitmap Index Scan on sbtest8_pkey  (cost=0.00..31.22 rows=1079 width=0)
	              Index Cond: ((id >= 6127713) AND (id <= 6128712))

for point_selects
table 1 : explain SELECT c FROM sbtest1 WHERE id=1693582
	Index Scan using sbtest1_pkey on sbtest1  (cost=0.43..8.45 rows=1 width=121)
	  Index Cond: (id = 1693582)

table 2 : explain SELECT c FROM sbtest2 WHERE id=213872
	Index Scan using sbtest2_pkey on sbtest2  (cost=0.43..8.45 rows=1 width=121)
	  Index Cond: (id = 213872)

table 3 : explain SELECT c FROM sbtest3 WHERE id=7416269
	Index Scan using sbtest3_pkey on sbtest3  (cost=0.43..8.45 rows=1 width=121)
	  Index Cond: (id = 7416269)

table 4 : explain SELECT c FROM sbtest4 WHERE id=837794
	Index Scan using sbtest4_pkey on sbtest4  (cost=0.43..8.45 rows=1 width=121)
	  Index Cond: (id = 837794)

table 5 : explain SELECT c FROM sbtest5 WHERE id=5195019
	Index Scan using sbtest5_pkey on sbtest5  (cost=0.43..8.45 rows=1 width=121)
	  Index Cond: (id = 5195019)

table 6 : explain SELECT c FROM sbtest6 WHERE id=4373994
	Index Scan using sbtest6_pkey on sbtest6  (cost=0.43..8.45 rows=1 width=121)
	  Index Cond: (id = 4373994)

table 7 : explain SELECT c FROM sbtest7 WHERE id=7434546
	Index Scan using sbtest7_pkey on sbtest7  (cost=0.43..8.45 rows=1 width=121)
	  Index Cond: (id = 7434546)

table 8 : explain SELECT c FROM sbtest8 WHERE id=9789688
	Index Scan using sbtest8_pkey on sbtest8  (cost=0.43..8.45 rows=1 width=121)
	  Index Cond: (id = 9789688)

for: order_ranges
table 1 : explain SELECT c FROM sbtest1 WHERE id BETWEEN 733928 AND 734927 ORDER BY c
	Sort  (cost=3861.09..3863.55 rows=984 width=121)
	  Sort Key: c
	  ->  Bitmap Heap Scan on sbtest1  (cost=30.52..3812.17 rows=984 width=121)
	        Recheck Cond: ((id >= 733928) AND (id <= 734927))
	        ->  Bitmap Index Scan on sbtest1_pkey  (cost=0.00..30.27 rows=984 width=0)
	              Index Cond: ((id >= 733928) AND (id <= 734927))

table 2 : explain SELECT c FROM sbtest2 WHERE id BETWEEN 8292234 AND 8293233 ORDER BY c
	Sort  (cost=3974.65..3977.18 rows=1014 width=121)
	  Sort Key: c
	  ->  Bitmap Heap Scan on sbtest2  (cost=30.83..3924.02 rows=1014 width=121)
	        Recheck Cond: ((id >= 8292234) AND (id <= 8293233))
	        ->  Bitmap Index Scan on sbtest2_pkey  (cost=0.00..30.57 rows=1014 width=0)
	              Index Cond: ((id >= 8292234) AND (id <= 8293233))

table 3 : explain SELECT c FROM sbtest3 WHERE id BETWEEN 9320891 AND 9321890 ORDER BY c
	Sort  (cost=3604.68..3606.97 rows=916 width=121)
	  Sort Key: c
	  ->  Bitmap Heap Scan on sbtest3  (cost=29.82..3559.62 rows=916 width=121)
	        Recheck Cond: ((id >= 9320891) AND (id <= 9321890))
	        ->  Bitmap Index Scan on sbtest3_pkey  (cost=0.00..29.59 rows=916 width=0)
	              Index Cond: ((id >= 9320891) AND (id <= 9321890))

table 4 : explain SELECT c FROM sbtest4 WHERE id BETWEEN 821664 AND 822663 ORDER BY c
	Sort  (cost=4018.08..4020.64 rows=1024 width=121)
	  Sort Key: c
	  ->  Bitmap Heap Scan on sbtest4  (cost=30.93..3966.88 rows=1024 width=121)
	        Recheck Cond: ((id >= 821664) AND (id <= 822663))
	        ->  Bitmap Index Scan on sbtest4_pkey  (cost=0.00..30.68 rows=1024 width=0)
	              Index Cond: ((id >= 821664) AND (id <= 822663))

table 5 : explain SELECT c FROM sbtest5 WHERE id BETWEEN 591533 AND 592532 ORDER BY c
	Sort  (cost=3657.07..3659.40 rows=932 width=121)
	  Sort Key: c
	  ->  Bitmap Heap Scan on sbtest5  (cost=25.99..3611.11 rows=932 width=121)
	        Recheck Cond: ((id >= 591533) AND (id <= 592532))
	        ->  Bitmap Index Scan on sbtest5_pkey  (cost=0.00..25.75 rows=932 width=0)
	              Index Cond: ((id >= 591533) AND (id <= 592532))

table 6 : explain SELECT c FROM sbtest6 WHERE id BETWEEN 9845690 AND 9846689 ORDER BY c
	Sort  (cost=4194.80..4197.47 rows=1071 width=121)
	  Sort Key: c
	  ->  Bitmap Heap Scan on sbtest6  (cost=31.41..4140.90 rows=1071 width=121)
	        Recheck Cond: ((id >= 9845690) AND (id <= 9846689))
	        ->  Bitmap Index Scan on sbtest6_pkey  (cost=0.00..31.14 rows=1071 width=0)
	              Index Cond: ((id >= 9845690) AND (id <= 9846689))

table 7 : explain SELECT c FROM sbtest7 WHERE id BETWEEN 7561600 AND 7562599 ORDER BY c
	Sort  (cost=4195.97..4198.65 rows=1070 width=121)
	  Sort Key: c
	  ->  Bitmap Heap Scan on sbtest7  (cost=31.40..4142.13 rows=1070 width=121)
	        Recheck Cond: ((id >= 7561600) AND (id <= 7562599))
	        ->  Bitmap Index Scan on sbtest7_pkey  (cost=0.00..31.14 rows=1070 width=0)
	              Index Cond: ((id >= 7561600) AND (id <= 7562599))

table 8 : explain SELECT c FROM sbtest8 WHERE id BETWEEN 8801791 AND 8802790 ORDER BY c
	Sort  (cost=4123.61..4126.24 rows=1053 width=121)
	  Sort Key: c
	  ->  Bitmap Heap Scan on sbtest8  (cost=31.23..4070.74 rows=1053 width=121)
	        Recheck Cond: ((id >= 8801791) AND (id <= 8802790))
	        ->  Bitmap Index Scan on sbtest8_pkey  (cost=0.00..30.96 rows=1053 width=0)
	              Index Cond: ((id >= 8801791) AND (id <= 8802790))

for: distinct_ranges
table 1 : explain SELECT DISTINCT c FROM sbtest1 WHERE id BETWEEN 1470860 AND 1471859 ORDER BY c
	Unique  (cost=4125.09..4130.35 rows=1053 width=121)
	  ->  Sort  (cost=4125.09..4127.72 rows=1053 width=121)
	        Sort Key: c
	        ->  Bitmap Heap Scan on sbtest1  (cost=31.23..4072.23 rows=1053 width=121)
	              Recheck Cond: ((id >= 1470860) AND (id <= 1471859))
	              ->  Bitmap Index Scan on sbtest1_pkey  (cost=0.00..30.96 rows=1053 width=0)
	                    Index Cond: ((id >= 1470860) AND (id <= 1471859))

table 2 : explain SELECT DISTINCT c FROM sbtest2 WHERE id BETWEEN 756438 AND 757437 ORDER BY c
	Unique  (cost=3944.05..3949.08 rows=1006 width=121)
	  ->  Sort  (cost=3944.05..3946.56 rows=1006 width=121)
	        Sort Key: c
	        ->  Bitmap Heap Scan on sbtest2  (cost=30.75..3893.88 rows=1006 width=121)
	              Recheck Cond: ((id >= 756438) AND (id <= 757437))
	              ->  Bitmap Index Scan on sbtest2_pkey  (cost=0.00..30.50 rows=1006 width=0)
	                    Index Cond: ((id >= 756438) AND (id <= 757437))

table 3 : explain SELECT DISTINCT c FROM sbtest3 WHERE id BETWEEN 8329903 AND 8330902 ORDER BY c
	Unique  (cost=3773.77..3778.57 rows=960 width=121)
	  ->  Sort  (cost=3773.77..3776.17 rows=960 width=121)
	        Sort Key: c
	        ->  Bitmap Heap Scan on sbtest3  (cost=30.27..3726.22 rows=960 width=121)
	              Recheck Cond: ((id >= 8329903) AND (id <= 8330902))
	              ->  Bitmap Index Scan on sbtest3_pkey  (cost=0.00..30.04 rows=960 width=0)
	                    Index Cond: ((id >= 8329903) AND (id <= 8330902))

table 4 : explain SELECT DISTINCT c FROM sbtest4 WHERE id BETWEEN 5508648 AND 5509647 ORDER BY c
	Unique  (cost=4350.96..4356.51 rows=1111 width=121)
	  ->  Sort  (cost=4350.96..4353.73 rows=1111 width=121)
	        Sort Key: c
	        ->  Bitmap Heap Scan on sbtest4  (cost=31.82..4294.75 rows=1111 width=121)
	              Recheck Cond: ((id >= 5508648) AND (id <= 5509647))
	              ->  Bitmap Index Scan on sbtest4_pkey  (cost=0.00..31.54 rows=1111 width=0)
	                    Index Cond: ((id >= 5508648) AND (id <= 5509647))

table 5 : explain SELECT DISTINCT c FROM sbtest5 WHERE id BETWEEN 8984955 AND 8985954 ORDER BY c
	Unique  (cost=3841.20..3846.10 rows=979 width=121)
	  ->  Sort  (cost=3841.20..3843.65 rows=979 width=121)
	        Sort Key: c
	        ->  Bitmap Heap Scan on sbtest5  (cost=30.47..3792.57 rows=979 width=121)
	              Recheck Cond: ((id >= 8984955) AND (id <= 8985954))
	              ->  Bitmap Index Scan on sbtest5_pkey  (cost=0.00..30.22 rows=979 width=0)
	                    Index Cond: ((id >= 8984955) AND (id <= 8985954))

table 6 : explain SELECT DISTINCT c FROM sbtest6 WHERE id BETWEEN 4223795 AND 4224794 ORDER BY c
	Unique  (cost=4156.58..4161.88 rows=1061 width=121)
	  ->  Sort  (cost=4156.58..4159.23 rows=1061 width=121)
	        Sort Key: c
	        ->  Bitmap Heap Scan on sbtest6  (cost=31.31..4103.26 rows=1061 width=121)
	              Recheck Cond: ((id >= 4223795) AND (id <= 4224794))
	              ->  Bitmap Index Scan on sbtest6_pkey  (cost=0.00..31.04 rows=1061 width=0)
	                    Index Cond: ((id >= 4223795) AND (id <= 4224794))

table 7 : explain SELECT DISTINCT c FROM sbtest7 WHERE id BETWEEN 2600458 AND 2601457 ORDER BY c
	Unique  (cost=3689.63..3694.32 rows=938 width=121)
	  ->  Sort  (cost=3689.63..3691.98 rows=938 width=121)
	        Sort Key: c
	        ->  Bitmap Heap Scan on sbtest7  (cost=30.05..3643.33 rows=938 width=121)
	              Recheck Cond: ((id >= 2600458) AND (id <= 2601457))
	              ->  Bitmap Index Scan on sbtest7_pkey  (cost=0.00..29.82 rows=938 width=0)
	                    Index Cond: ((id >= 2600458) AND (id <= 2601457))

table 8 : explain SELECT DISTINCT c FROM sbtest8 WHERE id BETWEEN 1795680 AND 1796679 ORDER BY c
	Unique  (cost=4222.88..4228.28 rows=1079 width=121)
	  ->  Sort  (cost=4222.88..4225.58 rows=1079 width=121)
	        Sort Key: c
	        ->  Bitmap Heap Scan on sbtest8  (cost=31.49..4168.53 rows=1079 width=121)
	              Recheck Cond: ((id >= 1795680) AND (id <= 1796679))
	              ->  Bitmap Index Scan on sbtest8_pkey  (cost=0.00..31.22 rows=1079 width=0)
	                    Index Cond: ((id >= 1795680) AND (id <= 1796679))

for: distinct_ranges
table 1 : explain SELECT DISTINCT c FROM sbtest1 WHERE id BETWEEN 6068360 AND 6069359 ORDER BY c
	Unique  (cost=4040.98..4046.13 rows=1031 width=121)
	  ->  Sort  (cost=4040.98..4043.55 rows=1031 width=121)
	        Sort Key: c
	        ->  Bitmap Heap Scan on sbtest1  (cost=31.00..3989.37 rows=1031 width=121)
	              Recheck Cond: ((id >= 6068360) AND (id <= 6069359))
	              ->  Bitmap Index Scan on sbtest1_pkey  (cost=0.00..30.75 rows=1031 width=0)
	                    Index Cond: ((id >= 6068360) AND (id <= 6069359))

table 2 : explain SELECT DISTINCT c FROM sbtest2 WHERE id BETWEEN 9190011 AND 9191010 ORDER BY c
	Unique  (cost=3955.52..3960.57 rows=1009 width=121)
	  ->  Sort  (cost=3955.52..3958.05 rows=1009 width=121)
	        Sort Key: c
	        ->  Bitmap Heap Scan on sbtest2  (cost=30.78..3905.18 rows=1009 width=121)
	              Recheck Cond: ((id >= 9190011) AND (id <= 9191010))
	              ->  Bitmap Index Scan on sbtest2_pkey  (cost=0.00..30.52 rows=1009 width=0)
	                    Index Cond: ((id >= 9190011) AND (id <= 9191010))

table 3 : explain SELECT DISTINCT c FROM sbtest3 WHERE id BETWEEN 7793188 AND 7794187 ORDER BY c
	Unique  (cost=4187.86..4193.20 rows=1068 width=121)
	  ->  Sort  (cost=4187.86..4190.53 rows=1068 width=121)
	        Sort Key: c
	        ->  Bitmap Heap Scan on sbtest3  (cost=31.38..4134.13 rows=1068 width=121)
	              Recheck Cond: ((id >= 7793188) AND (id <= 7794187))
	              ->  Bitmap Index Scan on sbtest3_pkey  (cost=0.00..31.11 rows=1068 width=0)
	                    Index Cond: ((id >= 7793188) AND (id <= 7794187))

table 4 : explain SELECT DISTINCT c FROM sbtest4 WHERE id BETWEEN 7552654 AND 7553653 ORDER BY c
	Unique  (cost=4381.52..4387.12 rows=1119 width=121)
	  ->  Sort  (cost=4381.52..4384.32 rows=1119 width=121)
	        Sort Key: c
	        ->  Bitmap Heap Scan on sbtest4  (cost=31.90..4324.86 rows=1119 width=121)
	              Recheck Cond: ((id >= 7552654) AND (id <= 7553653))
	              ->  Bitmap Index Scan on sbtest4_pkey  (cost=0.00..31.62 rows=1119 width=0)
	                    Index Cond: ((id >= 7552654) AND (id <= 7553653))

table 5 : explain SELECT DISTINCT c FROM sbtest5 WHERE id BETWEEN 1081496 AND 1082495 ORDER BY c
	Unique  (cost=3864.18..3869.11 rows=985 width=121)
	  ->  Sort  (cost=3864.18..3866.64 rows=985 width=121)
	        Sort Key: c
	        ->  Bitmap Heap Scan on sbtest5  (cost=30.53..3815.21 rows=985 width=121)
	              Recheck Cond: ((id >= 1081496) AND (id <= 1082495))
	              ->  Bitmap Index Scan on sbtest5_pkey  (cost=0.00..30.29 rows=985 width=0)
	                    Index Cond: ((id >= 1081496) AND (id <= 1082495))

table 6 : explain SELECT DISTINCT c FROM sbtest6 WHERE id BETWEEN 7381920 AND 7382919 ORDER BY c
	Unique  (cost=3961.49..3966.54 rows=1010 width=121)
	  ->  Sort  (cost=3961.49..3964.01 rows=1010 width=121)
	        Sort Key: c
	        ->  Bitmap Heap Scan on sbtest6  (cost=30.79..3911.09 rows=1010 width=121)
	              Recheck Cond: ((id >= 7381920) AND (id <= 7382919))
	              ->  Bitmap Index Scan on sbtest6_pkey  (cost=0.00..30.54 rows=1010 width=0)
	                    Index Cond: ((id >= 7381920) AND (id <= 7382919))

table 7 : explain SELECT DISTINCT c FROM sbtest7 WHERE id BETWEEN 3032095 AND 3033094 ORDER BY c
	Unique  (cost=4249.56..4254.98 rows=1084 width=121)
	  ->  Sort  (cost=4249.56..4252.27 rows=1084 width=121)
	        Sort Key: c
	        ->  Bitmap Heap Scan on sbtest7  (cost=31.55..4194.91 rows=1084 width=121)
	              Recheck Cond: ((id >= 3032095) AND (id <= 3033094))
	              ->  Bitmap Index Scan on sbtest7_pkey  (cost=0.00..31.27 rows=1084 width=0)
	                    Index Cond: ((id >= 3032095) AND (id <= 3033094))

table 8 : explain SELECT DISTINCT c FROM sbtest8 WHERE id BETWEEN 4860305 AND 4861304 ORDER BY c
	Unique  (cost=3917.16..3922.15 rows=999 width=121)
	  ->  Sort  (cost=3917.16..3919.66 rows=999 width=121)
	        Sort Key: c
	        ->  Bitmap Heap Scan on sbtest8  (cost=30.67..3867.39 rows=999 width=121)
	              Recheck Cond: ((id >= 4860305) AND (id <= 4861304))
	              ->  Bitmap Index Scan on sbtest8_pkey  (cost=0.00..30.43 rows=999 width=0)
	                    Index Cond: ((id >= 4860305) AND (id <= 4861304))

for: distinct_ranges
table 1 : explain SELECT DISTINCT c FROM sbtest1 WHERE id BETWEEN 5217591 AND 5218590 ORDER BY c
	Unique  (cost=3592.51..3597.09 rows=915 width=121)
	  ->  Sort  (cost=3592.51..3594.80 rows=915 width=121)
	        Sort Key: c
	        ->  Bitmap Heap Scan on sbtest1  (cost=25.81..3547.50 rows=915 width=121)
	              Recheck Cond: ((id >= 5217591) AND (id <= 5218590))
	              ->  Bitmap Index Scan on sbtest1_pkey  (cost=0.00..25.58 rows=915 width=0)
	                    Index Cond: ((id >= 5217591) AND (id <= 5218590))

table 2 : explain SELECT DISTINCT c FROM sbtest2 WHERE id BETWEEN 5593536 AND 5594535 ORDER BY c
	Unique  (cost=3775.60..3780.41 rows=962 width=121)
	  ->  Sort  (cost=3775.60..3778.00 rows=962 width=121)
	        Sort Key: c
	        ->  Bitmap Heap Scan on sbtest2  (cost=30.30..3727.93 rows=962 width=121)
	              Recheck Cond: ((id >= 5593536) AND (id <= 5594535))
	              ->  Bitmap Index Scan on sbtest2_pkey  (cost=0.00..30.05 rows=962 width=0)
	                    Index Cond: ((id >= 5593536) AND (id <= 5594535))

table 3 : explain SELECT DISTINCT c FROM sbtest3 WHERE id BETWEEN 9016720 AND 9017719 ORDER BY c
	Unique  (cost=3873.58..3878.51 rows=986 width=121)
	  ->  Sort  (cost=3873.58..3876.05 rows=986 width=121)
	        Sort Key: c
	        ->  Bitmap Heap Scan on sbtest3  (cost=30.54..3824.55 rows=986 width=121)
	              Recheck Cond: ((id >= 9016720) AND (id <= 9017719))
	              ->  Bitmap Index Scan on sbtest3_pkey  (cost=0.00..30.29 rows=986 width=0)
	                    Index Cond: ((id >= 9016720) AND (id <= 9017719))

table 4 : explain SELECT DISTINCT c FROM sbtest4 WHERE id BETWEEN 6522435 AND 6523434 ORDER BY c
	Unique  (cost=3926.10..3931.10 rows=1000 width=121)
	  ->  Sort  (cost=3926.10..3928.60 rows=1000 width=121)
	        Sort Key: c
	        ->  Bitmap Heap Scan on sbtest4  (cost=30.68..3876.27 rows=1000 width=121)
	              Recheck Cond: ((id >= 6522435) AND (id <= 6523434))
	              ->  Bitmap Index Scan on sbtest4_pkey  (cost=0.00..30.43 rows=1000 width=0)
	                    Index Cond: ((id >= 6522435) AND (id <= 6523434))

table 5 : explain SELECT DISTINCT c FROM sbtest5 WHERE id BETWEEN 5914798 AND 5915797 ORDER BY c
	Unique  (cost=3956.04..3961.09 rows=1009 width=121)
	  ->  Sort  (cost=3956.04..3958.56 rows=1009 width=121)
	        Sort Key: c
	        ->  Bitmap Heap Scan on sbtest5  (cost=30.78..3905.70 rows=1009 width=121)
	              Recheck Cond: ((id >= 5914798) AND (id <= 5915797))
	              ->  Bitmap Index Scan on sbtest5_pkey  (cost=0.00..30.52 rows=1009 width=0)
	                    Index Cond: ((id >= 5914798) AND (id <= 5915797))

table 6 : explain SELECT DISTINCT c FROM sbtest6 WHERE id BETWEEN 923900 AND 924899 ORDER BY c
	Unique  (cost=3972.97..3978.03 rows=1013 width=121)
	  ->  Sort  (cost=3972.97..3975.50 rows=1013 width=121)
	        Sort Key: c
	        ->  Bitmap Heap Scan on sbtest6  (cost=30.82..3922.40 rows=1013 width=121)
	              Recheck Cond: ((id >= 923900) AND (id <= 924899))
	              ->  Bitmap Index Scan on sbtest6_pkey  (cost=0.00..30.57 rows=1013 width=0)
	                    Index Cond: ((id >= 923900) AND (id <= 924899))

table 7 : explain SELECT DISTINCT c FROM sbtest7 WHERE id BETWEEN 7766303 AND 7767302 ORDER BY c
	Unique  (cost=4180.66..4185.99 rows=1066 width=121)
	  ->  Sort  (cost=4180.66..4183.32 rows=1066 width=121)
	        Sort Key: c
	        ->  Bitmap Heap Scan on sbtest7  (cost=31.36..4127.05 rows=1066 width=121)
	              Recheck Cond: ((id >= 7766303) AND (id <= 7767302))
	              ->  Bitmap Index Scan on sbtest7_pkey  (cost=0.00..31.09 rows=1066 width=0)
	                    Index Cond: ((id >= 7766303) AND (id <= 7767302))

table 8 : explain SELECT DISTINCT c FROM sbtest8 WHERE id BETWEEN 8562101 AND 8563100 ORDER BY c
	Unique  (cost=4199.98..4205.35 rows=1073 width=121)
	  ->  Sort  (cost=4199.98..4202.66 rows=1073 width=121)
	        Sort Key: c
	        ->  Bitmap Heap Scan on sbtest8  (cost=31.43..4145.97 rows=1073 width=121)
	              Recheck Cond: ((id >= 8562101) AND (id <= 8563100))
	              ->  Bitmap Index Scan on sbtest8_pkey  (cost=0.00..31.16 rows=1073 width=0)
	                    Index Cond: ((id >= 8562101) AND (id <= 8563100))

for point_selects
table 1 : explain SELECT c FROM sbtest1 WHERE id=5447536
	Index Scan using sbtest1_pkey on sbtest1  (cost=0.43..8.45 rows=1 width=121)
	  Index Cond: (id = 5447536)

table 2 : explain SELECT c FROM sbtest2 WHERE id=5640009
	Index Scan using sbtest2_pkey on sbtest2  (cost=0.43..8.45 rows=1 width=121)
	  Index Cond: (id = 5640009)

table 3 : explain SELECT c FROM sbtest3 WHERE id=4965317
	Index Scan using sbtest3_pkey on sbtest3  (cost=0.43..8.45 rows=1 width=121)
	  Index Cond: (id = 4965317)

table 4 : explain SELECT c FROM sbtest4 WHERE id=6100815
	Index Scan using sbtest4_pkey on sbtest4  (cost=0.43..8.45 rows=1 width=121)
	  Index Cond: (id = 6100815)

table 5 : explain SELECT c FROM sbtest5 WHERE id=4623651
	Index Scan using sbtest5_pkey on sbtest5  (cost=0.43..8.45 rows=1 width=121)
	  Index Cond: (id = 4623651)

table 6 : explain SELECT c FROM sbtest6 WHERE id=8002558
	Index Scan using sbtest6_pkey on sbtest6  (cost=0.43..8.45 rows=1 width=121)
	  Index Cond: (id = 8002558)

table 7 : explain SELECT c FROM sbtest7 WHERE id=845393
	Index Scan using sbtest7_pkey on sbtest7  (cost=0.43..8.45 rows=1 width=121)
	  Index Cond: (id = 845393)

table 8 : explain SELECT c FROM sbtest8 WHERE id=4644966
	Index Scan using sbtest8_pkey on sbtest8  (cost=0.43..8.45 rows=1 width=121)
	  Index Cond: (id = 4644966)

for: distinct_ranges
table 1 : explain SELECT DISTINCT c FROM sbtest1 WHERE id BETWEEN 4591340 AND 4592339 ORDER BY c
	Unique  (cost=3757.63..3762.41 rows=957 width=121)
	  ->  Sort  (cost=3757.63..3760.02 rows=957 width=121)
	        Sort Key: c
	        ->  Bitmap Heap Scan on sbtest1  (cost=30.24..3710.24 rows=957 width=121)
	              Recheck Cond: ((id >= 4591340) AND (id <= 4592339))
	              ->  Bitmap Index Scan on sbtest1_pkey  (cost=0.00..30.00 rows=957 width=0)
	                    Index Cond: ((id >= 4591340) AND (id <= 4592339))

table 2 : explain SELECT DISTINCT c FROM sbtest2 WHERE id BETWEEN 7894327 AND 7895326 ORDER BY c
	Unique  (cost=4077.87..4083.08 rows=1041 width=121)
	  ->  Sort  (cost=4077.87..4080.47 rows=1041 width=121)
	        Sort Key: c
	        ->  Bitmap Heap Scan on sbtest2  (cost=31.11..4025.70 rows=1041 width=121)
	              Recheck Cond: ((id >= 7894327) AND (id <= 7895326))
	              ->  Bitmap Index Scan on sbtest2_pkey  (cost=0.00..30.84 rows=1041 width=0)
	                    Index Cond: ((id >= 7894327) AND (id <= 7895326))

table 3 : explain SELECT DISTINCT c FROM sbtest3 WHERE id BETWEEN 7571726 AND 7572725 ORDER BY c
	Unique  (cost=3581.60..3586.15 rows=910 width=121)
	  ->  Sort  (cost=3581.60..3583.88 rows=910 width=121)
	        Sort Key: c
	        ->  Bitmap Heap Scan on sbtest3  (cost=29.76..3536.88 rows=910 width=121)
	              Recheck Cond: ((id >= 7571726) AND (id <= 7572725))
	              ->  Bitmap Index Scan on sbtest3_pkey  (cost=0.00..29.54 rows=910 width=0)
	                    Index Cond: ((id >= 7571726) AND (id <= 7572725))

table 4 : explain SELECT DISTINCT c FROM sbtest4 WHERE id BETWEEN 7138305 AND 7139304 ORDER BY c
	Unique  (cost=3834.05..3838.93 rows=976 width=121)
	  ->  Sort  (cost=3834.05..3836.49 rows=976 width=121)
	        Sort Key: c
	        ->  Bitmap Heap Scan on sbtest4  (cost=30.44..3785.59 rows=976 width=121)
	              Recheck Cond: ((id >= 7138305) AND (id <= 7139304))
	              ->  Bitmap Index Scan on sbtest4_pkey  (cost=0.00..30.19 rows=976 width=0)
	                    Index Cond: ((id >= 7138305) AND (id <= 7139304))

table 5 : explain SELECT DISTINCT c FROM sbtest5 WHERE id BETWEEN 464340 AND 465339 ORDER BY c
	Unique  (cost=4158.66..4163.97 rows=1062 width=121)
	  ->  Sort  (cost=4158.66..4161.31 rows=1062 width=121)
	        Sort Key: c
	        ->  Bitmap Heap Scan on sbtest5  (cost=31.32..4105.28 rows=1062 width=121)
	              Recheck Cond: ((id >= 464340) AND (id <= 465339))
	              ->  Bitmap Index Scan on sbtest5_pkey  (cost=0.00..31.05 rows=1062 width=0)
	                    Index Cond: ((id >= 464340) AND (id <= 465339))

table 6 : explain SELECT DISTINCT c FROM sbtest6 WHERE id BETWEEN 7022511 AND 7023510 ORDER BY c
	Unique  (cost=4225.36..4230.76 rows=1079 width=121)
	  ->  Sort  (cost=4225.36..4228.06 rows=1079 width=121)
	        Sort Key: c
	        ->  Bitmap Heap Scan on sbtest6  (cost=31.49..4171.01 rows=1079 width=121)
	              Recheck Cond: ((id >= 7022511) AND (id <= 7023510))
	              ->  Bitmap Index Scan on sbtest6_pkey  (cost=0.00..31.22 rows=1079 width=0)
	                    Index Cond: ((id >= 7022511) AND (id <= 7023510))

table 7 : explain SELECT DISTINCT c FROM sbtest7 WHERE id BETWEEN 4857629 AND 4858628 ORDER BY c
	Unique  (cost=4467.69..4473.39 rows=1140 width=121)
	  ->  Sort  (cost=4467.69..4470.54 rows=1140 width=121)
	        Sort Key: c
	        ->  Bitmap Heap Scan on sbtest7  (cost=36.12..4409.80 rows=1140 width=121)
	              Recheck Cond: ((id >= 4857629) AND (id <= 4858628))
	              ->  Bitmap Index Scan on sbtest7_pkey  (cost=0.00..35.84 rows=1140 width=0)
	                    Index Cond: ((id >= 4857629) AND (id <= 4858628))

table 8 : explain SELECT DISTINCT c FROM sbtest8 WHERE id BETWEEN 6830818 AND 6831817 ORDER BY c
	Unique  (cost=3725.69..3730.43 rows=949 width=121)
	  ->  Sort  (cost=3725.69..3728.06 rows=949 width=121)
	        Sort Key: c
	        ->  Bitmap Heap Scan on sbtest8  (cost=30.16..3678.76 rows=949 width=121)
	              Recheck Cond: ((id >= 6830818) AND (id <= 6831817))
	              ->  Bitmap Index Scan on sbtest8_pkey  (cost=0.00..29.93 rows=949 width=0)
	                    Index Cond: ((id >= 6830818) AND (id <= 6831817))

for: sum_ranges
table 1 : explain SELECT SUM(k) FROM sbtest1 WHERE id BETWEEN 1089628 AND 1090627
	Aggregate  (cost=3980.64..3980.65 rows=1 width=8)
	  ->  Bitmap Heap Scan on sbtest1  (cost=30.97..3978.07 rows=1028 width=4)
	        Recheck Cond: ((id >= 1089628) AND (id <= 1090627))
	        ->  Bitmap Index Scan on sbtest1_pkey  (cost=0.00..30.71 rows=1028 width=0)
	              Index Cond: ((id >= 1089628) AND (id <= 1090627))

table 2 : explain SELECT SUM(k) FROM sbtest2 WHERE id BETWEEN 3248388 AND 3249387
	Aggregate  (cost=3964.25..3964.26 rows=1 width=8)
	  ->  Bitmap Heap Scan on sbtest2  (cost=30.93..3961.69 rows=1024 width=4)
	        Recheck Cond: ((id >= 3248388) AND (id <= 3249387))
	        ->  Bitmap Index Scan on sbtest2_pkey  (cost=0.00..30.68 rows=1024 width=0)
	              Index Cond: ((id >= 3248388) AND (id <= 3249387))

table 3 : explain SELECT SUM(k) FROM sbtest3 WHERE id BETWEEN 7767041 AND 7768040
	Aggregate  (cost=4136.80..4136.81 rows=1 width=8)
	  ->  Bitmap Heap Scan on sbtest3  (cost=31.38..4134.13 rows=1068 width=4)
	        Recheck Cond: ((id >= 7767041) AND (id <= 7768040))
	        ->  Bitmap Index Scan on sbtest3_pkey  (cost=0.00..31.11 rows=1068 width=0)
	              Index Cond: ((id >= 7767041) AND (id <= 7768040))

table 4 : explain SELECT SUM(k) FROM sbtest4 WHERE id BETWEEN 1675987 AND 1676986
	Aggregate  (cost=3909.00..3909.01 rows=1 width=8)
	  ->  Bitmap Heap Scan on sbtest4  (cost=30.77..3906.48 rows=1008 width=4)
	        Recheck Cond: ((id >= 1675987) AND (id <= 1676986))
	        ->  Bitmap Index Scan on sbtest4_pkey  (cost=0.00..30.51 rows=1008 width=0)
	              Index Cond: ((id >= 1675987) AND (id <= 1676986))

table 5 : explain SELECT SUM(k) FROM sbtest5 WHERE id BETWEEN 3483363 AND 3484362
	Aggregate  (cost=3828.99..3829.00 rows=1 width=8)
	  ->  Bitmap Heap Scan on sbtest5  (cost=30.56..3826.52 rows=988 width=4)
	        Recheck Cond: ((id >= 3483363) AND (id <= 3484362))
	        ->  Bitmap Index Scan on sbtest5_pkey  (cost=0.00..30.32 rows=988 width=0)
	              Index Cond: ((id >= 3483363) AND (id <= 3484362))

table 6 : explain SELECT SUM(k) FROM sbtest6 WHERE id BETWEEN 1394508 AND 1395507
	Aggregate  (cost=3656.70..3656.71 rows=1 width=8)
	  ->  Bitmap Heap Scan on sbtest6  (cost=30.09..3654.35 rows=942 width=4)
	        Recheck Cond: ((id >= 1394508) AND (id <= 1395507))
	        ->  Bitmap Index Scan on sbtest6_pkey  (cost=0.00..29.86 rows=942 width=0)
	              Index Cond: ((id >= 1394508) AND (id <= 1395507))

table 7 : explain SELECT SUM(k) FROM sbtest7 WHERE id BETWEEN 7223173 AND 7224172
	Aggregate  (cost=3778.23..3778.24 rows=1 width=8)
	  ->  Bitmap Heap Scan on sbtest7  (cost=30.41..3775.79 rows=973 width=4)
	        Recheck Cond: ((id >= 7223173) AND (id <= 7224172))
	        ->  Bitmap Index Scan on sbtest7_pkey  (cost=0.00..30.16 rows=973 width=0)
	              Index Cond: ((id >= 7223173) AND (id <= 7224172))

table 8 : explain SELECT SUM(k) FROM sbtest8 WHERE id BETWEEN 2130222 AND 2131221
	Aggregate  (cost=3737.79..3737.80 rows=1 width=8)
	  ->  Bitmap Heap Scan on sbtest8  (cost=30.32..3735.38 rows=964 width=4)
	        Recheck Cond: ((id >= 2130222) AND (id <= 2131221))
	        ->  Bitmap Index Scan on sbtest8_pkey  (cost=0.00..30.07 rows=964 width=0)
	              Index Cond: ((id >= 2130222) AND (id <= 2131221))

for: distinct_ranges
table 1 : explain SELECT DISTINCT c FROM sbtest1 WHERE id BETWEEN 5466102 AND 5467101 ORDER BY c
	Unique  (cost=3711.62..3716.34 rows=945 width=121)
	  ->  Sort  (cost=3711.62..3713.98 rows=945 width=121)
	        Sort Key: c
	        ->  Bitmap Heap Scan on sbtest1  (cost=30.12..3664.91 rows=945 width=121)
	              Recheck Cond: ((id >= 5466102) AND (id <= 5467101))
	              ->  Bitmap Index Scan on sbtest1_pkey  (cost=0.00..29.89 rows=945 width=0)
	                    Index Cond: ((id >= 5466102) AND (id <= 5467101))

table 2 : explain SELECT DISTINCT c FROM sbtest2 WHERE id BETWEEN 4058286 AND 4059285 ORDER BY c
	Unique  (cost=3982.30..3987.38 rows=1016 width=121)
	  ->  Sort  (cost=3982.30..3984.84 rows=1016 width=121)
	        Sort Key: c
	        ->  Bitmap Heap Scan on sbtest2  (cost=30.85..3931.56 rows=1016 width=121)
	              Recheck Cond: ((id >= 4058286) AND (id <= 4059285))
	              ->  Bitmap Index Scan on sbtest2_pkey  (cost=0.00..30.59 rows=1016 width=0)
	                    Index Cond: ((id >= 4058286) AND (id <= 4059285))

table 3 : explain SELECT DISTINCT c FROM sbtest3 WHERE id BETWEEN 3555755 AND 3556754 ORDER BY c
	Unique  (cost=3789.13..3793.95 rows=964 width=121)
	  ->  Sort  (cost=3789.13..3791.54 rows=964 width=121)
	        Sort Key: c
	        ->  Bitmap Heap Scan on sbtest3  (cost=30.32..3741.35 rows=964 width=121)
	              Recheck Cond: ((id >= 3555755) AND (id <= 3556754))
	              ->  Bitmap Index Scan on sbtest3_pkey  (cost=0.00..30.07 rows=964 width=0)
	                    Index Cond: ((id >= 3555755) AND (id <= 3556754))

table 4 : explain SELECT DISTINCT c FROM sbtest4 WHERE id BETWEEN 7053084 AND 7054083 ORDER BY c
	Unique  (cost=3507.34..3511.80 rows=892 width=121)
	  ->  Sort  (cost=3507.34..3509.57 rows=892 width=121)
	        Sort Key: c
	        ->  Bitmap Heap Scan on sbtest4  (cost=25.58..3463.63 rows=892 width=121)
	              Recheck Cond: ((id >= 7053084) AND (id <= 7054083))
	              ->  Bitmap Index Scan on sbtest4_pkey  (cost=0.00..25.36 rows=892 width=0)
	                    Index Cond: ((id >= 7053084) AND (id <= 7054083))

table 5 : explain SELECT DISTINCT c FROM sbtest5 WHERE id BETWEEN 9104200 AND 9105199 ORDER BY c
	Unique  (cost=3745.26..3750.03 rows=955 width=121)
	  ->  Sort  (cost=3745.26..3747.64 rows=955 width=121)
	        Sort Key: c
	        ->  Bitmap Heap Scan on sbtest5  (cost=26.22..3697.99 rows=955 width=121)
	              Recheck Cond: ((id >= 9104200) AND (id <= 9105199))
	              ->  Bitmap Index Scan on sbtest5_pkey  (cost=0.00..25.98 rows=955 width=0)
	                    Index Cond: ((id >= 9104200) AND (id <= 9105199))

table 6 : explain SELECT DISTINCT c FROM sbtest6 WHERE id BETWEEN 8967712 AND 8968711 ORDER BY c
	Unique  (cost=4133.64..4138.92 rows=1055 width=121)
	  ->  Sort  (cost=4133.64..4136.28 rows=1055 width=121)
	        Sort Key: c
	        ->  Bitmap Heap Scan on sbtest6  (cost=31.25..4080.67 rows=1055 width=121)
	              Recheck Cond: ((id >= 8967712) AND (id <= 8968711))
	              ->  Bitmap Index Scan on sbtest6_pkey  (cost=0.00..30.98 rows=1055 width=0)
	                    Index Cond: ((id >= 8967712) AND (id <= 8968711))

table 7 : explain SELECT DISTINCT c FROM sbtest7 WHERE id BETWEEN 6471086 AND 6472085 ORDER BY c
	Unique  (cost=3639.65..3644.28 rows=925 width=121)
	  ->  Sort  (cost=3639.65..3641.97 rows=925 width=121)
	        Sort Key: c
	        ->  Bitmap Heap Scan on sbtest7  (cost=29.92..3594.08 rows=925 width=121)
	              Recheck Cond: ((id >= 6471086) AND (id <= 6472085))
	              ->  Bitmap Index Scan on sbtest7_pkey  (cost=0.00..29.68 rows=925 width=0)
	                    Index Cond: ((id >= 6471086) AND (id <= 6472085))

table 8 : explain SELECT DISTINCT c FROM sbtest8 WHERE id BETWEEN 3197388 AND 3198387 ORDER BY c
	Unique  (cost=4070.12..4075.31 rows=1039 width=121)
	  ->  Sort  (cost=4070.12..4072.71 rows=1039 width=121)
	        Sort Key: c
	        ->  Bitmap Heap Scan on sbtest8  (cost=31.08..4018.06 rows=1039 width=121)
	              Recheck Cond: ((id >= 3197388) AND (id <= 3198387))
	              ->  Bitmap Index Scan on sbtest8_pkey  (cost=0.00..30.82 rows=1039 width=0)
	                    Index Cond: ((id >= 3197388) AND (id <= 3198387))

for: sum_ranges
table 1 : explain SELECT SUM(k) FROM sbtest1 WHERE id BETWEEN 7695461 AND 7696460
	Aggregate  (cost=3493.00..3493.01 rows=1 width=8)
	  ->  Bitmap Heap Scan on sbtest1  (cost=25.66..3490.75 rows=900 width=4)
	        Recheck Cond: ((id >= 7695461) AND (id <= 7696460))
	        ->  Bitmap Index Scan on sbtest1_pkey  (cost=0.00..25.43 rows=900 width=0)
	              Index Cond: ((id >= 7695461) AND (id <= 7696460))

table 2 : explain SELECT SUM(k) FROM sbtest2 WHERE id BETWEEN 3276421 AND 3277420
	Aggregate  (cost=3964.25..3964.26 rows=1 width=8)
	  ->  Bitmap Heap Scan on sbtest2  (cost=30.93..3961.69 rows=1024 width=4)
	        Recheck Cond: ((id >= 3276421) AND (id <= 3277420))
	        ->  Bitmap Index Scan on sbtest2_pkey  (cost=0.00..30.68 rows=1024 width=0)
	              Index Cond: ((id >= 3276421) AND (id <= 3277420))

table 3 : explain SELECT SUM(k) FROM sbtest3 WHERE id BETWEEN 4013317 AND 4014316
	Aggregate  (cost=3913.99..3914.00 rows=1 width=8)
	  ->  Bitmap Heap Scan on sbtest3  (cost=30.78..3911.47 rows=1009 width=4)
	        Recheck Cond: ((id >= 4013317) AND (id <= 4014316))
	        ->  Bitmap Index Scan on sbtest3_pkey  (cost=0.00..30.52 rows=1009 width=0)
	              Index Cond: ((id >= 4013317) AND (id <= 4014316))

table 4 : explain SELECT SUM(k) FROM sbtest4 WHERE id BETWEEN 7650112 AND 7651111
	Aggregate  (cost=4090.22..4090.23 rows=1 width=8)
	  ->  Bitmap Heap Scan on sbtest4  (cost=31.26..4087.58 rows=1056 width=4)
	        Recheck Cond: ((id >= 7650112) AND (id <= 7651111))
	        ->  Bitmap Index Scan on sbtest4_pkey  (cost=0.00..31.00 rows=1056 width=0)
	              Index Cond: ((id >= 7650112) AND (id <= 7651111))

table 5 : explain SELECT SUM(k) FROM sbtest5 WHERE id BETWEEN 2989768 AND 2990767
	Aggregate  (cost=4017.54..4017.55 rows=1 width=8)
	  ->  Bitmap Heap Scan on sbtest5  (cost=31.07..4014.95 rows=1038 width=4)
	        Recheck Cond: ((id >= 2989768) AND (id <= 2990767))
	        ->  Bitmap Index Scan on sbtest5_pkey  (cost=0.00..30.82 rows=1038 width=0)
	              Index Cond: ((id >= 2989768) AND (id <= 2990767))

table 6 : explain SELECT SUM(k) FROM sbtest6 WHERE id BETWEEN 2956252 AND 2957251
	Aggregate  (cost=3728.54..3728.55 rows=1 width=8)
	  ->  Bitmap Heap Scan on sbtest6  (cost=30.29..3726.14 rows=961 width=4)
	        Recheck Cond: ((id >= 2956252) AND (id <= 2957251))
	        ->  Bitmap Index Scan on sbtest6_pkey  (cost=0.00..30.04 rows=961 width=0)
	              Index Cond: ((id >= 2956252) AND (id <= 2957251))

table 7 : explain SELECT SUM(k) FROM sbtest7 WHERE id BETWEEN 5910474 AND 5911473
	Aggregate  (cost=3997.56..3997.57 rows=1 width=8)
	  ->  Bitmap Heap Scan on sbtest7  (cost=31.00..3994.98 rows=1031 width=4)
	        Recheck Cond: ((id >= 5910474) AND (id <= 5911473))
	        ->  Bitmap Index Scan on sbtest7_pkey  (cost=0.00..30.75 rows=1031 width=0)
	              Index Cond: ((id >= 5910474) AND (id <= 5911473))

table 8 : explain SELECT SUM(k) FROM sbtest8 WHERE id BETWEEN 4337104 AND 4338103
	Aggregate  (cost=3813.29..3813.30 rows=1 width=8)
	  ->  Bitmap Heap Scan on sbtest8  (cost=30.52..3810.83 rows=984 width=4)
	        Recheck Cond: ((id >= 4337104) AND (id <= 4338103))
	        ->  Bitmap Index Scan on sbtest8_pkey  (cost=0.00..30.27 rows=984 width=0)
	              Index Cond: ((id >= 4337104) AND (id <= 4338103))

for: simple_ranges
table 1 : explain SELECT c FROM sbtest1 WHERE id BETWEEN 273115 AND 274114
	Bitmap Heap Scan on sbtest1  (cost=30.86..3936.62 rows=1017 width=121)
	  Recheck Cond: ((id >= 273115) AND (id <= 274114))
	  ->  Bitmap Index Scan on sbtest1_pkey  (cost=0.00..30.61 rows=1017 width=0)
	        Index Cond: ((id >= 273115) AND (id <= 274114))

table 2 : explain SELECT c FROM sbtest2 WHERE id BETWEEN 4234457 AND 4235456
	Bitmap Heap Scan on sbtest2  (cost=30.81..3916.49 rows=1012 width=121)
	  Recheck Cond: ((id >= 4234457) AND (id <= 4235456))
	  ->  Bitmap Index Scan on sbtest2_pkey  (cost=0.00..30.55 rows=1012 width=0)
	        Index Cond: ((id >= 4234457) AND (id <= 4235456))

table 3 : explain SELECT c FROM sbtest3 WHERE id BETWEEN 7929528 AND 7930527
	Bitmap Heap Scan on sbtest3  (cost=30.59..3843.45 rows=991 width=121)
	  Recheck Cond: ((id >= 7929528) AND (id <= 7930527))
	  ->  Bitmap Index Scan on sbtest3_pkey  (cost=0.00..30.34 rows=991 width=0)
	        Index Cond: ((id >= 7929528) AND (id <= 7930527))

table 4 : explain SELECT c FROM sbtest4 WHERE id BETWEEN 4969099 AND 4970098
	Bitmap Heap Scan on sbtest4  (cost=30.14..3675.92 rows=947 width=121)
	  Recheck Cond: ((id >= 4969099) AND (id <= 4970098))
	  ->  Bitmap Index Scan on sbtest4_pkey  (cost=0.00..29.90 rows=947 width=0)
	        Index Cond: ((id >= 4969099) AND (id <= 4970098))

table 5 : explain SELECT c FROM sbtest5 WHERE id BETWEEN 8257310 AND 8258309
	Bitmap Heap Scan on sbtest5  (cost=31.05..4007.42 rows=1036 width=121)
	  Recheck Cond: ((id >= 8257310) AND (id <= 8258309))
	  ->  Bitmap Index Scan on sbtest5_pkey  (cost=0.00..30.79 rows=1036 width=0)
	        Index Cond: ((id >= 8257310) AND (id <= 8258309))

table 6 : explain SELECT c FROM sbtest6 WHERE id BETWEEN 272061 AND 273060
	Bitmap Heap Scan on sbtest6  (cost=30.84..3929.94 rows=1015 width=121)
	  Recheck Cond: ((id >= 272061) AND (id <= 273060))
	  ->  Bitmap Index Scan on sbtest6_pkey  (cost=0.00..30.58 rows=1015 width=0)
	        Index Cond: ((id >= 272061) AND (id <= 273060))

table 7 : explain SELECT c FROM sbtest7 WHERE id BETWEEN 4803359 AND 4804358
	Bitmap Heap Scan on sbtest7  (cost=36.12..4409.80 rows=1140 width=121)
	  Recheck Cond: ((id >= 4803359) AND (id <= 4804358))
	  ->  Bitmap Index Scan on sbtest7_pkey  (cost=0.00..35.84 rows=1140 width=0)
	        Index Cond: ((id >= 4803359) AND (id <= 4804358))

table 8 : explain SELECT c FROM sbtest8 WHERE id BETWEEN 8136717 AND 8137716
	Bitmap Heap Scan on sbtest8  (cost=29.98..3610.77 rows=931 width=121)
	  Recheck Cond: ((id >= 8136717) AND (id <= 8137716))
	  ->  Bitmap Index Scan on sbtest8_pkey  (cost=0.00..29.75 rows=931 width=0)
	        Index Cond: ((id >= 8136717) AND (id <= 8137716))

for: sum_ranges
table 1 : explain SELECT SUM(k) FROM sbtest1 WHERE id BETWEEN 9006581 AND 9007580
	Aggregate  (cost=3844.83..3844.84 rows=1 width=8)
	  ->  Bitmap Heap Scan on sbtest1  (cost=30.60..3842.35 rows=992 width=4)
	        Recheck Cond: ((id >= 9006581) AND (id <= 9007580))
	        ->  Bitmap Index Scan on sbtest1_pkey  (cost=0.00..30.36 rows=992 width=0)
	              Index Cond: ((id >= 9006581) AND (id <= 9007580))

table 2 : explain SELECT SUM(k) FROM sbtest2 WHERE id BETWEEN 1390279 AND 1391278
	Aggregate  (cost=3937.87..3937.88 rows=1 width=8)
	  ->  Bitmap Heap Scan on sbtest2  (cost=30.86..3935.32 rows=1017 width=4)
	        Recheck Cond: ((id >= 1390279) AND (id <= 1391278))
	        ->  Bitmap Index Scan on sbtest2_pkey  (cost=0.00..30.61 rows=1017 width=0)
	              Index Cond: ((id >= 1390279) AND (id <= 1391278))

table 3 : explain SELECT SUM(k) FROM sbtest3 WHERE id BETWEEN 6920820 AND 6921819
	Aggregate  (cost=4193.38..4193.39 rows=1 width=8)
	  ->  Bitmap Heap Scan on sbtest3  (cost=31.54..4190.68 rows=1083 width=4)
	        Recheck Cond: ((id >= 6920820) AND (id <= 6921819))
	        ->  Bitmap Index Scan on sbtest3_pkey  (cost=0.00..31.26 rows=1083 width=0)
	              Index Cond: ((id >= 6920820) AND (id <= 6921819))

table 4 : explain SELECT SUM(k) FROM sbtest4 WHERE id BETWEEN 7636231 AND 7637230
	Aggregate  (cost=4090.22..4090.23 rows=1 width=8)
	  ->  Bitmap Heap Scan on sbtest4  (cost=31.26..4087.58 rows=1056 width=4)
	        Recheck Cond: ((id >= 7636231) AND (id <= 7637230))
	        ->  Bitmap Index Scan on sbtest4_pkey  (cost=0.00..31.00 rows=1056 width=0)
	              Index Cond: ((id >= 7636231) AND (id <= 7637230))

table 5 : explain SELECT SUM(k) FROM sbtest5 WHERE id BETWEEN 1604379 AND 1605378
	Aggregate  (cost=4393.73..4393.74 rows=1 width=8)
	  ->  Bitmap Heap Scan on sbtest5  (cost=32.11..4390.89 rows=1139 width=4)
	        Recheck Cond: ((id >= 1604379) AND (id <= 1605378))
	        ->  Bitmap Index Scan on sbtest5_pkey  (cost=0.00..31.82 rows=1139 width=0)
	              Index Cond: ((id >= 1604379) AND (id <= 1605378))

table 6 : explain SELECT SUM(k) FROM sbtest6 WHERE id BETWEEN 453920 AND 454919
	Aggregate  (cost=4007.92..4007.93 rows=1 width=8)
	  ->  Bitmap Heap Scan on sbtest6  (cost=31.04..4005.33 rows=1035 width=4)
	        Recheck Cond: ((id >= 453920) AND (id <= 454919))
	        ->  Bitmap Index Scan on sbtest6_pkey  (cost=0.00..30.79 rows=1035 width=0)
	              Index Cond: ((id >= 453920) AND (id <= 454919))

table 7 : explain SELECT SUM(k) FROM sbtest7 WHERE id BETWEEN 6744165 AND 6745164
	Aggregate  (cost=4008.89..4008.90 rows=1 width=8)
	  ->  Bitmap Heap Scan on sbtest7  (cost=31.03..4006.31 rows=1034 width=4)
	        Recheck Cond: ((id >= 6744165) AND (id <= 6745164))
	        ->  Bitmap Index Scan on sbtest7_pkey  (cost=0.00..30.77 rows=1034 width=0)
	              Index Cond: ((id >= 6744165) AND (id <= 6745164))

table 8 : explain SELECT SUM(k) FROM sbtest8 WHERE id BETWEEN 3615242 AND 3616241
	Aggregate  (cost=3722.68..3722.69 rows=1 width=8)
	  ->  Bitmap Heap Scan on sbtest8  (cost=30.27..3720.28 rows=960 width=4)
	        Recheck Cond: ((id >= 3615242) AND (id <= 3616241))
	        ->  Bitmap Index Scan on sbtest8_pkey  (cost=0.00..30.04 rows=960 width=0)
	              Index Cond: ((id >= 3615242) AND (id <= 3616241))

for: distinct_ranges
table 1 : explain SELECT DISTINCT c FROM sbtest1 WHERE id BETWEEN 6070686 AND 6071685 ORDER BY c
	Unique  (cost=4040.98..4046.13 rows=1031 width=121)
	  ->  Sort  (cost=4040.98..4043.55 rows=1031 width=121)
	        Sort Key: c
	        ->  Bitmap Heap Scan on sbtest1  (cost=31.00..3989.37 rows=1031 width=121)
	              Recheck Cond: ((id >= 6070686) AND (id <= 6071685))
	              ->  Bitmap Index Scan on sbtest1_pkey  (cost=0.00..30.75 rows=1031 width=0)
	                    Index Cond: ((id >= 6070686) AND (id <= 6071685))

table 2 : explain SELECT DISTINCT c FROM sbtest2 WHERE id BETWEEN 2243881 AND 2244880 ORDER BY c
	Unique  (cost=3928.74..3933.75 rows=1002 width=121)
	  ->  Sort  (cost=3928.74..3931.25 rows=1002 width=121)
	        Sort Key: c
	        ->  Bitmap Heap Scan on sbtest2  (cost=30.71..3878.80 rows=1002 width=121)
	              Recheck Cond: ((id >= 2243881) AND (id <= 2244880))
	              ->  Bitmap Index Scan on sbtest2_pkey  (cost=0.00..30.45 rows=1002 width=0)
	                    Index Cond: ((id >= 2243881) AND (id <= 2244880))

table 3 : explain SELECT DISTINCT c FROM sbtest3 WHERE id BETWEEN 8012291 AND 8013290 ORDER BY c
	Unique  (cost=4000.15..4005.25 rows=1019 width=121)
	  ->  Sort  (cost=4000.15..4002.70 rows=1019 width=121)
	        Sort Key: c
	        ->  Bitmap Heap Scan on sbtest3  (cost=30.88..3949.24 rows=1019 width=121)
	              Recheck Cond: ((id >= 8012291) AND (id <= 8013290))
	              ->  Bitmap Index Scan on sbtest3_pkey  (cost=0.00..30.62 rows=1019 width=0)
	                    Index Cond: ((id >= 8012291) AND (id <= 8013290))

table 4 : explain SELECT DISTINCT c FROM sbtest4 WHERE id BETWEEN 2374140 AND 2375139 ORDER BY c
	Unique  (cost=3880.09..3885.03 rows=988 width=121)
	  ->  Sort  (cost=3880.09..3882.56 rows=988 width=121)
	        Sort Key: c
	        ->  Bitmap Heap Scan on sbtest4  (cost=30.56..3830.94 rows=988 width=121)
	              Recheck Cond: ((id >= 2374140) AND (id <= 2375139))
	              ->  Bitmap Index Scan on sbtest4_pkey  (cost=0.00..30.32 rows=988 width=0)
	                    Index Cond: ((id >= 2374140) AND (id <= 2375139))

table 5 : explain SELECT DISTINCT c FROM sbtest5 WHERE id BETWEEN 331844 AND 332843 ORDER BY c
	Unique  (cost=3710.76..3715.49 rows=946 width=121)
	  ->  Sort  (cost=3710.76..3713.12 rows=946 width=121)
	        Sort Key: c
	        ->  Bitmap Heap Scan on sbtest5  (cost=26.13..3664.00 rows=946 width=121)
	              Recheck Cond: ((id >= 331844) AND (id <= 332843))
	              ->  Bitmap Index Scan on sbtest5_pkey  (cost=0.00..25.89 rows=946 width=0)
	                    Index Cond: ((id >= 331844) AND (id <= 332843))

table 6 : explain SELECT DISTINCT c FROM sbtest6 WHERE id BETWEEN 8023557 AND 8024556 ORDER BY c
	Unique  (cost=4187.15..4192.50 rows=1069 width=121)
	  ->  Sort  (cost=4187.15..4189.83 rows=1069 width=121)
	        Sort Key: c
	        ->  Bitmap Heap Scan on sbtest6  (cost=31.39..4133.37 rows=1069 width=121)
	              Recheck Cond: ((id >= 8023557) AND (id <= 8024556))
	              ->  Bitmap Index Scan on sbtest6_pkey  (cost=0.00..31.12 rows=1069 width=0)
	                    Index Cond: ((id >= 8023557) AND (id <= 8024556))

table 7 : explain SELECT DISTINCT c FROM sbtest7 WHERE id BETWEEN 2061289 AND 2062288 ORDER BY c
	Unique  (cost=4134.70..4139.97 rows=1054 width=121)
	  ->  Sort  (cost=4134.70..4137.34 rows=1054 width=121)
	        Sort Key: c
	        ->  Bitmap Heap Scan on sbtest7  (cost=31.24..4081.79 rows=1054 width=121)
	              Recheck Cond: ((id >= 2061289) AND (id <= 2062288))
	              ->  Bitmap Index Scan on sbtest7_pkey  (cost=0.00..30.97 rows=1054 width=0)
	                    Index Cond: ((id >= 2061289) AND (id <= 2062288))

table 8 : explain SELECT DISTINCT c FROM sbtest8 WHERE id BETWEEN 3895212 AND 3896211 ORDER BY c
	Unique  (cost=3767.84..3772.64 rows=960 width=121)
	  ->  Sort  (cost=3767.84..3770.24 rows=960 width=121)
	        Sort Key: c
	        ->  Bitmap Heap Scan on sbtest8  (cost=30.27..3720.28 rows=960 width=121)
	              Recheck Cond: ((id >= 3895212) AND (id <= 3896211))
	              ->  Bitmap Index Scan on sbtest8_pkey  (cost=0.00..30.04 rows=960 width=0)
	                    Index Cond: ((id >= 3895212) AND (id <= 3896211))

for: order_ranges
table 1 : explain SELECT c FROM sbtest1 WHERE id BETWEEN 9756553 AND 9757552 ORDER BY c
	Sort  (cost=4201.51..4204.19 rows=1073 width=121)
	  Sort Key: c
	  ->  Bitmap Heap Scan on sbtest1  (cost=31.43..4147.49 rows=1073 width=121)
	        Recheck Cond: ((id >= 9756553) AND (id <= 9757552))
	        ->  Bitmap Index Scan on sbtest1_pkey  (cost=0.00..31.16 rows=1073 width=0)
	              Index Cond: ((id >= 9756553) AND (id <= 9757552))

table 2 : explain SELECT c FROM sbtest2 WHERE id BETWEEN 7019616 AND 7020615 ORDER BY c
	Sort  (cost=3909.61..3912.10 rows=997 width=121)
	  Sort Key: c
	  ->  Bitmap Heap Scan on sbtest2  (cost=30.65..3859.95 rows=997 width=121)
	        Recheck Cond: ((id >= 7019616) AND (id <= 7020615))
	        ->  Bitmap Index Scan on sbtest2_pkey  (cost=0.00..30.40 rows=997 width=0)
	              Index Cond: ((id >= 7019616) AND (id <= 7020615))

table 3 : explain SELECT c FROM sbtest3 WHERE id BETWEEN 6110030 AND 6111029 ORDER BY c
	Sort  (cost=4126.60..4129.23 rows=1052 width=121)
	  Sort Key: c
	  ->  Bitmap Heap Scan on sbtest3  (cost=31.22..4073.79 rows=1052 width=121)
	        Recheck Cond: ((id >= 6110030) AND (id <= 6111029))
	        ->  Bitmap Index Scan on sbtest3_pkey  (cost=0.00..30.95 rows=1052 width=0)
	              Index Cond: ((id >= 6110030) AND (id <= 6111029))

table 4 : explain SELECT c FROM sbtest4 WHERE id BETWEEN 7737743 AND 7738742 ORDER BY c
	Sort  (cost=4132.96..4135.60 rows=1054 width=121)
	  Sort Key: c
	  ->  Bitmap Heap Scan on sbtest4  (cost=31.24..4080.04 rows=1054 width=121)
	        Recheck Cond: ((id >= 7737743) AND (id <= 7738742))
	        ->  Bitmap Index Scan on sbtest4_pkey  (cost=0.00..30.97 rows=1054 width=0)
	              Index Cond: ((id >= 7737743) AND (id <= 7738742))

table 5 : explain SELECT c FROM sbtest5 WHERE id BETWEEN 7596049 AND 7597048 ORDER BY c
	Sort  (cost=3818.22..3820.66 rows=973 width=121)
	  Sort Key: c
	  ->  Bitmap Heap Scan on sbtest5  (cost=30.41..3769.93 rows=973 width=121)
	        Recheck Cond: ((id >= 7596049) AND (id <= 7597048))
	        ->  Bitmap Index Scan on sbtest5_pkey  (cost=0.00..30.16 rows=973 width=0)
	              Index Cond: ((id >= 7596049) AND (id <= 7597048))

table 6 : explain SELECT c FROM sbtest6 WHERE id BETWEEN 7038783 AND 7039782 ORDER BY c
	Sort  (cost=4225.36..4228.06 rows=1079 width=121)
	  Sort Key: c
	  ->  Bitmap Heap Scan on sbtest6  (cost=31.49..4171.01 rows=1079 width=121)
	        Recheck Cond: ((id >= 7038783) AND (id <= 7039782))
	        ->  Bitmap Index Scan on sbtest6_pkey  (cost=0.00..31.22 rows=1079 width=0)
	              Index Cond: ((id >= 7038783) AND (id <= 7039782))

table 7 : explain SELECT c FROM sbtest7 WHERE id BETWEEN 9822003 AND 9823002 ORDER BY c
	Sort  (cost=3766.48..3768.88 rows=958 width=121)
	  Sort Key: c
	  ->  Bitmap Heap Scan on sbtest7  (cost=30.25..3719.04 rows=958 width=121)
	        Recheck Cond: ((id >= 9822003) AND (id <= 9823002))
	        ->  Bitmap Index Scan on sbtest7_pkey  (cost=0.00..30.01 rows=958 width=0)
	              Index Cond: ((id >= 9822003) AND (id <= 9823002))

table 8 : explain SELECT c FROM sbtest8 WHERE id BETWEEN 5892723 AND 5893722 ORDER BY c
	Sort  (cost=4058.65..4061.24 rows=1036 width=121)
	  Sort Key: c
	  ->  Bitmap Heap Scan on sbtest8  (cost=31.05..4006.76 rows=1036 width=121)
	        Recheck Cond: ((id >= 5892723) AND (id <= 5893722))
	        ->  Bitmap Index Scan on sbtest8_pkey  (cost=0.00..30.79 rows=1036 width=0)
	              Index Cond: ((id >= 5892723) AND (id <= 5893722))

for: sum_ranges
table 1 : explain SELECT SUM(k) FROM sbtest1 WHERE id BETWEEN 3642566 AND 3643565
	Aggregate  (cost=3893.89..3893.90 rows=1 width=8)
	  ->  Bitmap Heap Scan on sbtest1  (cost=30.74..3891.38 rows=1005 width=4)
	        Recheck Cond: ((id >= 3642566) AND (id <= 3643565))
	        ->  Bitmap Index Scan on sbtest1_pkey  (cost=0.00..30.48 rows=1005 width=0)
	              Index Cond: ((id >= 3642566) AND (id <= 3643565))

table 2 : explain SELECT SUM(k) FROM sbtest2 WHERE id BETWEEN 9715952 AND 9716951
	Aggregate  (cost=3843.58..3843.59 rows=1 width=8)
	  ->  Bitmap Heap Scan on sbtest2  (cost=30.60..3841.10 rows=992 width=4)
	        Recheck Cond: ((id >= 9715952) AND (id <= 9716951))
	        ->  Bitmap Index Scan on sbtest2_pkey  (cost=0.00..30.36 rows=992 width=0)
	              Index Cond: ((id >= 9715952) AND (id <= 9716951))

table 3 : explain SELECT SUM(k) FROM sbtest3 WHERE id BETWEEN 9089503 AND 9090502
	Aggregate  (cost=3451.89..3451.90 rows=1 width=8)
	  ->  Bitmap Heap Scan on sbtest3  (cost=29.53..3449.67 rows=887 width=4)
	        Recheck Cond: ((id >= 9089503) AND (id <= 9090502))
	        ->  Bitmap Index Scan on sbtest3_pkey  (cost=0.00..29.30 rows=887 width=0)
	              Index Cond: ((id >= 9089503) AND (id <= 9090502))

table 4 : explain SELECT SUM(k) FROM sbtest4 WHERE id BETWEEN 3617448 AND 3618447
	Aggregate  (cost=4075.13..4075.14 rows=1 width=8)
	  ->  Bitmap Heap Scan on sbtest4  (cost=31.22..4072.50 rows=1052 width=4)
	        Recheck Cond: ((id >= 3617448) AND (id <= 3618447))
	        ->  Bitmap Index Scan on sbtest4_pkey  (cost=0.00..30.95 rows=1052 width=0)
	              Index Cond: ((id >= 3617448) AND (id <= 3618447))

table 5 : explain SELECT SUM(k) FROM sbtest5 WHERE id BETWEEN 8052630 AND 8053629
	Aggregate  (cost=3658.80..3658.81 rows=1 width=8)
	  ->  Bitmap Heap Scan on sbtest5  (cost=26.11..3656.44 rows=944 width=4)
	        Recheck Cond: ((id >= 8052630) AND (id <= 8053629))
	        ->  Bitmap Index Scan on sbtest5_pkey  (cost=0.00..25.87 rows=944 width=0)
	              Index Cond: ((id >= 8052630) AND (id <= 8053629))

table 6 : explain SELECT SUM(k) FROM sbtest6 WHERE id BETWEEN 1831006 AND 1832005
	Aggregate  (cost=3599.95..3599.96 rows=1 width=8)
	  ->  Bitmap Heap Scan on sbtest6  (cost=29.94..3597.63 rows=927 width=4)
	        Recheck Cond: ((id >= 1831006) AND (id <= 1832005))
	        ->  Bitmap Index Scan on sbtest6_pkey  (cost=0.00..29.70 rows=927 width=0)
	              Index Cond: ((id >= 1831006) AND (id <= 1832005))

table 7 : explain SELECT SUM(k) FROM sbtest7 WHERE id BETWEEN 4578328 AND 4579327
	Aggregate  (cost=3834.99..3835.00 rows=1 width=8)
	  ->  Bitmap Heap Scan on sbtest7  (cost=30.56..3832.52 rows=988 width=4)
	        Recheck Cond: ((id >= 4578328) AND (id <= 4579327))
	        ->  Bitmap Index Scan on sbtest7_pkey  (cost=0.00..30.32 rows=988 width=0)
	              Index Cond: ((id >= 4578328) AND (id <= 4579327))

table 8 : explain SELECT SUM(k) FROM sbtest8 WHERE id BETWEEN 2097857 AND 2098856
	Aggregate  (cost=3718.91..3718.92 rows=1 width=8)
	  ->  Bitmap Heap Scan on sbtest8  (cost=30.26..3716.51 rows=959 width=4)
	        Recheck Cond: ((id >= 2097857) AND (id <= 2098856))
	        ->  Bitmap Index Scan on sbtest8_pkey  (cost=0.00..30.02 rows=959 width=0)
	              Index Cond: ((id >= 2097857) AND (id <= 2098856))

for: order_ranges
table 1 : explain SELECT c FROM sbtest1 WHERE id BETWEEN 3823697 AND 3824696 ORDER BY c
	Sort  (cost=4113.62..4116.25 rows=1050 width=121)
	  Sort Key: c
	  ->  Bitmap Heap Scan on sbtest1  (cost=31.20..4060.93 rows=1050 width=121)
	        Recheck Cond: ((id >= 3823697) AND (id <= 3824696))
	        ->  Bitmap Index Scan on sbtest1_pkey  (cost=0.00..30.93 rows=1050 width=0)
	              Index Cond: ((id >= 3823697) AND (id <= 3824696))

table 2 : explain SELECT c FROM sbtest2 WHERE id BETWEEN 8499004 AND 8500003 ORDER BY c
	Sort  (cost=3890.48..3892.96 rows=992 width=121)
	  Sort Key: c
	  ->  Bitmap Heap Scan on sbtest2  (cost=30.60..3841.10 rows=992 width=121)
	        Recheck Cond: ((id >= 8499004) AND (id <= 8500003))
	        ->  Bitmap Index Scan on sbtest2_pkey  (cost=0.00..30.36 rows=992 width=0)
	              Index Cond: ((id >= 8499004) AND (id <= 8500003))

table 3 : explain SELECT c FROM sbtest3 WHERE id BETWEEN 673745 AND 674744 ORDER BY c
	Sort  (cost=4095.95..4098.56 rows=1044 width=121)
	  Sort Key: c
	  ->  Bitmap Heap Scan on sbtest3  (cost=31.14..4043.61 rows=1044 width=121)
	        Recheck Cond: ((id >= 673745) AND (id <= 674744))
	        ->  Bitmap Index Scan on sbtest3_pkey  (cost=0.00..30.87 rows=1044 width=0)
	              Index Cond: ((id >= 673745) AND (id <= 674744))

table 4 : explain SELECT c FROM sbtest4 WHERE id BETWEEN 3173690 AND 3174689 ORDER BY c
	Sort  (cost=3837.89..3840.33 rows=977 width=121)
	  Sort Key: c
	  ->  Bitmap Heap Scan on sbtest4  (cost=30.45..3789.37 rows=977 width=121)
	        Recheck Cond: ((id >= 3173690) AND (id <= 3174689))
	        ->  Bitmap Index Scan on sbtest4_pkey  (cost=0.00..30.20 rows=977 width=0)
	              Index Cond: ((id >= 3173690) AND (id <= 3174689))

table 5 : explain SELECT c FROM sbtest5 WHERE id BETWEEN 2778297 AND 2779296 ORDER BY c
	Sort  (cost=4200.67..4203.35 rows=1073 width=121)
	  Sort Key: c
	  ->  Bitmap Heap Scan on sbtest5  (cost=31.43..4146.66 rows=1073 width=121)
	        Recheck Cond: ((id >= 2778297) AND (id <= 2779296))
	        ->  Bitmap Index Scan on sbtest5_pkey  (cost=0.00..31.16 rows=1073 width=0)
	              Index Cond: ((id >= 2778297) AND (id <= 2779296))

table 6 : explain SELECT c FROM sbtest6 WHERE id BETWEEN 5198866 AND 5199865 ORDER BY c
	Sort  (cost=3819.75..3822.19 rows=973 width=121)
	  Sort Key: c
	  ->  Bitmap Heap Scan on sbtest6  (cost=30.41..3771.46 rows=973 width=121)
	        Recheck Cond: ((id >= 5198866) AND (id <= 5199865))
	        ->  Bitmap Index Scan on sbtest6_pkey  (cost=0.00..30.16 rows=973 width=0)
	              Index Cond: ((id >= 5198866) AND (id <= 5199865))

table 7 : explain SELECT c FROM sbtest7 WHERE id BETWEEN 3897468 AND 3898467 ORDER BY c
	Sort  (cost=4077.24..4079.84 rows=1039 width=121)
	  Sort Key: c
	  ->  Bitmap Heap Scan on sbtest7  (cost=31.08..4025.18 rows=1039 width=121)
	        Recheck Cond: ((id >= 3897468) AND (id <= 3898467))
	        ->  Bitmap Index Scan on sbtest7_pkey  (cost=0.00..30.82 rows=1039 width=0)
	              Index Cond: ((id >= 3897468) AND (id <= 3898467))

table 8 : explain SELECT c FROM sbtest8 WHERE id BETWEEN 9123061 AND 9124060 ORDER BY c
	Sort  (cost=4398.42..4401.24 rows=1126 width=121)
	  Sort Key: c
	  ->  Bitmap Heap Scan on sbtest8  (cost=31.98..4341.35 rows=1126 width=121)
	        Recheck Cond: ((id >= 9123061) AND (id <= 9124060))
	        ->  Bitmap Index Scan on sbtest8_pkey  (cost=0.00..31.69 rows=1126 width=0)
	              Index Cond: ((id >= 9123061) AND (id <= 9124060))

for: simple_ranges
table 1 : explain SELECT c FROM sbtest1 WHERE id BETWEEN 5089451 AND 5090450
	Bitmap Heap Scan on sbtest1  (cost=31.55..4188.87 rows=1084 width=121)
	  Recheck Cond: ((id >= 5089451) AND (id <= 5090450))
	  ->  Bitmap Index Scan on sbtest1_pkey  (cost=0.00..31.27 rows=1084 width=0)
	        Index Cond: ((id >= 5089451) AND (id <= 5090450))

table 2 : explain SELECT c FROM sbtest2 WHERE id BETWEEN 5209843 AND 5210842
	Bitmap Heap Scan on sbtest2  (cost=31.48..4164.89 rows=1078 width=121)
	  Recheck Cond: ((id >= 5209843) AND (id <= 5210842))
	  ->  Bitmap Index Scan on sbtest2_pkey  (cost=0.00..31.21 rows=1078 width=0)
	        Index Cond: ((id >= 5209843) AND (id <= 5210842))

table 3 : explain SELECT c FROM sbtest3 WHERE id BETWEEN 1310946 AND 1311945
	Bitmap Heap Scan on sbtest3  (cost=29.68..3506.55 rows=902 width=121)
	  Recheck Cond: ((id >= 1310946) AND (id <= 1311945))
	  ->  Bitmap Index Scan on sbtest3_pkey  (cost=0.00..29.45 rows=902 width=0)
	        Index Cond: ((id >= 1310946) AND (id <= 1311945))

table 4 : explain SELECT c FROM sbtest4 WHERE id BETWEEN 9831573 AND 9832572
	Bitmap Heap Scan on sbtest4  (cost=30.41..3774.25 rows=973 width=121)
	  Recheck Cond: ((id >= 9831573) AND (id <= 9832572))
	  ->  Bitmap Index Scan on sbtest4_pkey  (cost=0.00..30.16 rows=973 width=0)
	        Index Cond: ((id >= 9831573) AND (id <= 9832572))

table 5 : explain SELECT c FROM sbtest5 WHERE id BETWEEN 4037583 AND 4038582
	Bitmap Heap Scan on sbtest5  (cost=25.75..3524.15 rows=909 width=121)
	  Recheck Cond: ((id >= 4037583) AND (id <= 4038582))
	  ->  Bitmap Index Scan on sbtest5_pkey  (cost=0.00..25.52 rows=909 width=0)
	        Index Cond: ((id >= 4037583) AND (id <= 4038582))

table 6 : explain SELECT c FROM sbtest6 WHERE id BETWEEN 5150106 AND 5151105
	Bitmap Heap Scan on sbtest6  (cost=30.41..3771.46 rows=973 width=121)
	  Recheck Cond: ((id >= 5150106) AND (id <= 5151105))
	  ->  Bitmap Index Scan on sbtest6_pkey  (cost=0.00..30.16 rows=973 width=0)
	        Index Cond: ((id >= 5150106) AND (id <= 5151105))

table 7 : explain SELECT c FROM sbtest7 WHERE id BETWEEN 9415985 AND 9416984
	Bitmap Heap Scan on sbtest7  (cost=30.03..3635.75 rows=936 width=121)
	  Recheck Cond: ((id >= 9415985) AND (id <= 9416984))
	  ->  Bitmap Index Scan on sbtest7_pkey  (cost=0.00..29.79 rows=936 width=0)
	        Index Cond: ((id >= 9415985) AND (id <= 9416984))

table 8 : explain SELECT c FROM sbtest8 WHERE id BETWEEN 4180768 AND 4181767
	Bitmap Heap Scan on sbtest8  (cost=30.89..3946.51 rows=1020 width=121)
	  Recheck Cond: ((id >= 4180768) AND (id <= 4181767))
	  ->  Bitmap Index Scan on sbtest8_pkey  (cost=0.00..30.64 rows=1020 width=0)
	        Index Cond: ((id >= 4180768) AND (id <= 4181767))

for: order_ranges
table 1 : explain SELECT c FROM sbtest1 WHERE id BETWEEN 5471067 AND 5472066 ORDER BY c
	Sort  (cost=3711.62..3713.98 rows=945 width=121)
	  Sort Key: c
	  ->  Bitmap Heap Scan on sbtest1  (cost=30.12..3664.91 rows=945 width=121)
	        Recheck Cond: ((id >= 5471067) AND (id <= 5472066))
	        ->  Bitmap Index Scan on sbtest1_pkey  (cost=0.00..29.89 rows=945 width=0)
	              Index Cond: ((id >= 5471067) AND (id <= 5472066))

table 2 : explain SELECT c FROM sbtest2 WHERE id BETWEEN 3327203 AND 3328202 ORDER BY c
	Sort  (cost=4001.42..4003.97 rows=1021 width=121)
	  Sort Key: c
	  ->  Bitmap Heap Scan on sbtest2  (cost=30.90..3950.39 rows=1021 width=121)
	        Recheck Cond: ((id >= 3327203) AND (id <= 3328202))
	        ->  Bitmap Index Scan on sbtest2_pkey  (cost=0.00..30.64 rows=1021 width=0)
	              Index Cond: ((id >= 3327203) AND (id <= 3328202))

table 3 : explain SELECT c FROM sbtest3 WHERE id BETWEEN 1348562 AND 1349561 ORDER BY c
	Sort  (cost=3550.83..3553.08 rows=902 width=121)
	  Sort Key: c
	  ->  Bitmap Heap Scan on sbtest3  (cost=29.68..3506.55 rows=902 width=121)
	        Recheck Cond: ((id >= 1348562) AND (id <= 1349561))
	        ->  Bitmap Index Scan on sbtest3_pkey  (cost=0.00..29.45 rows=902 width=0)
	              Index Cond: ((id >= 1348562) AND (id <= 1349561))

table 4 : explain SELECT c FROM sbtest4 WHERE id BETWEEN 4495049 AND 4496048 ORDER BY c
	Sort  (cost=4247.74..4250.45 rows=1084 width=121)
	  Sort Key: c
	  ->  Bitmap Heap Scan on sbtest4  (cost=31.55..4193.10 rows=1084 width=121)
	        Recheck Cond: ((id >= 4495049) AND (id <= 4496048))
	        ->  Bitmap Index Scan on sbtest4_pkey  (cost=0.00..31.27 rows=1084 width=0)
	              Index Cond: ((id >= 4495049) AND (id <= 4496048))

table 5 : explain SELECT c FROM sbtest5 WHERE id BETWEEN 4415953 AND 4416952 ORDER BY c
	Sort  (cost=3726.09..3728.47 rows=950 width=121)
	  Sort Key: c
	  ->  Bitmap Heap Scan on sbtest5  (cost=26.17..3679.11 rows=950 width=121)
	        Recheck Cond: ((id >= 4415953) AND (id <= 4416952))
	        ->  Bitmap Index Scan on sbtest5_pkey  (cost=0.00..25.93 rows=950 width=0)
	              Index Cond: ((id >= 4415953) AND (id <= 4416952))

table 6 : explain SELECT c FROM sbtest6 WHERE id BETWEEN 2828233 AND 2829232 ORDER BY c
	Sort  (cost=3800.59..3803.01 rows=968 width=121)
	  Sort Key: c
	  ->  Bitmap Heap Scan on sbtest6  (cost=30.36..3752.58 rows=968 width=121)
	        Recheck Cond: ((id >= 2828233) AND (id <= 2829232))
	        ->  Bitmap Index Scan on sbtest6_pkey  (cost=0.00..30.11 rows=968 width=0)
	              Index Cond: ((id >= 2828233) AND (id <= 2829232))

table 7 : explain SELECT c FROM sbtest7 WHERE id BETWEEN 7165320 AND 7166319 ORDER BY c
	Sort  (cost=4073.41..4076.00 rows=1038 width=121)
	  Sort Key: c
	  ->  Bitmap Heap Scan on sbtest7  (cost=31.07..4021.41 rows=1038 width=121)
	        Recheck Cond: ((id >= 7165320) AND (id <= 7166319))
	        ->  Bitmap Index Scan on sbtest7_pkey  (cost=0.00..30.82 rows=1038 width=0)
	              Index Cond: ((id >= 7165320) AND (id <= 7166319))

table 8 : explain SELECT c FROM sbtest8 WHERE id BETWEEN 7484828 AND 7485827 ORDER BY c
	Sort  (cost=3909.51..3912.00 rows=997 width=121)
	  Sort Key: c
	  ->  Bitmap Heap Scan on sbtest8  (cost=30.65..3859.85 rows=997 width=121)
	        Recheck Cond: ((id >= 7484828) AND (id <= 7485827))
	        ->  Bitmap Index Scan on sbtest8_pkey  (cost=0.00..30.40 rows=997 width=0)
	              Index Cond: ((id >= 7484828) AND (id <= 7485827))

for: distinct_ranges
table 1 : explain SELECT DISTINCT c FROM sbtest1 WHERE id BETWEEN 7302320 AND 7303319 ORDER BY c
	Unique  (cost=3818.95..3823.81 rows=973 width=121)
	  ->  Sort  (cost=3818.95..3821.38 rows=973 width=121)
	        Sort Key: c
	        ->  Bitmap Heap Scan on sbtest1  (cost=30.41..3770.66 rows=973 width=121)
	              Recheck Cond: ((id >= 7302320) AND (id <= 7303319))
	              ->  Bitmap Index Scan on sbtest1_pkey  (cost=0.00..30.16 rows=973 width=0)
	                    Index Cond: ((id >= 7302320) AND (id <= 7303319))

table 2 : explain SELECT DISTINCT c FROM sbtest2 WHERE id BETWEEN 7494476 AND 7495475 ORDER BY c
	Unique  (cost=3564.54..3569.08 rows=908 width=121)
	  ->  Sort  (cost=3564.54..3566.81 rows=908 width=121)
	        Sort Key: c
	        ->  Bitmap Heap Scan on sbtest2  (cost=25.74..3519.93 rows=908 width=121)
	              Recheck Cond: ((id >= 7494476) AND (id <= 7495475))
	              ->  Bitmap Index Scan on sbtest2_pkey  (cost=0.00..25.51 rows=908 width=0)
	                    Index Cond: ((id >= 7494476) AND (id <= 7495475))

table 3 : explain SELECT DISTINCT c FROM sbtest3 WHERE id BETWEEN 9137948 AND 9138947 ORDER BY c
	Unique  (cost=3493.10..3497.54 rows=887 width=121)
	  ->  Sort  (cost=3493.10..3495.32 rows=887 width=121)
	        Sort Key: c
	        ->  Bitmap Heap Scan on sbtest3  (cost=29.53..3449.67 rows=887 width=121)
	              Recheck Cond: ((id >= 9137948) AND (id <= 9138947))
	              ->  Bitmap Index Scan on sbtest3_pkey  (cost=0.00..29.30 rows=887 width=0)
	                    Index Cond: ((id >= 9137948) AND (id <= 9138947))

table 4 : explain SELECT DISTINCT c FROM sbtest4 WHERE id BETWEEN 5191971 AND 5192970 ORDER BY c
	Unique  (cost=3991.26..3996.35 rows=1017 width=121)
	  ->  Sort  (cost=3991.26..3993.80 rows=1017 width=121)
	        Sort Key: c
	        ->  Bitmap Heap Scan on sbtest4  (cost=30.86..3940.46 rows=1017 width=121)
	              Recheck Cond: ((id >= 5191971) AND (id <= 5192970))
	              ->  Bitmap Index Scan on sbtest4_pkey  (cost=0.00..30.61 rows=1017 width=0)
	                    Index Cond: ((id >= 5191971) AND (id <= 5192970))

table 5 : explain SELECT DISTINCT c FROM sbtest5 WHERE id BETWEEN 641767 AND 642766 ORDER BY c
	Unique  (cost=4135.74..4141.02 rows=1056 width=121)
	  ->  Sort  (cost=4135.74..4138.38 rows=1056 width=121)
	        Sort Key: c
	        ->  Bitmap Heap Scan on sbtest5  (cost=31.26..4082.70 rows=1056 width=121)
	              Recheck Cond: ((id >= 641767) AND (id <= 642766))
	              ->  Bitmap Index Scan on sbtest5_pkey  (cost=0.00..31.00 rows=1056 width=0)
	                    Index Cond: ((id >= 641767) AND (id <= 642766))

table 6 : explain SELECT DISTINCT c FROM sbtest6 WHERE id BETWEEN 2124363 AND 2125362 ORDER BY c
	Unique  (cost=3911.71..3916.69 rows=997 width=121)
	  ->  Sort  (cost=3911.71..3914.20 rows=997 width=121)
	        Sort Key: c
	        ->  Bitmap Heap Scan on sbtest6  (cost=30.65..3862.05 rows=997 width=121)
	              Recheck Cond: ((id >= 2124363) AND (id <= 2125362))
	              ->  Bitmap Index Scan on sbtest6_pkey  (cost=0.00..30.40 rows=997 width=0)
	                    Index Cond: ((id >= 2124363) AND (id <= 2125362))

table 7 : explain SELECT DISTINCT c FROM sbtest7 WHERE id BETWEEN 3981994 AND 3982993 ORDER BY c
	Unique  (cost=4077.24..4082.43 rows=1039 width=121)
	  ->  Sort  (cost=4077.24..4079.84 rows=1039 width=121)
	        Sort Key: c
	        ->  Bitmap Heap Scan on sbtest7  (cost=31.08..4025.18 rows=1039 width=121)
	              Recheck Cond: ((id >= 3981994) AND (id <= 3982993))
	              ->  Bitmap Index Scan on sbtest7_pkey  (cost=0.00..30.82 rows=1039 width=0)
	                    Index Cond: ((id >= 3981994) AND (id <= 3982993))

table 8 : explain SELECT DISTINCT c FROM sbtest8 WHERE id BETWEEN 4816310 AND 4817309 ORDER BY c
	Unique  (cost=3917.16..3922.15 rows=999 width=121)
	  ->  Sort  (cost=3917.16..3919.66 rows=999 width=121)
	        Sort Key: c
	        ->  Bitmap Heap Scan on sbtest8  (cost=30.67..3867.39 rows=999 width=121)
	              Recheck Cond: ((id >= 4816310) AND (id <= 4817309))
	              ->  Bitmap Index Scan on sbtest8_pkey  (cost=0.00..30.43 rows=999 width=0)
	                    Index Cond: ((id >= 4816310) AND (id <= 4817309))

for: order_ranges
table 1 : explain SELECT c FROM sbtest1 WHERE id BETWEEN 6579566 AND 6580565 ORDER BY c
	Sort  (cost=4308.41..4311.16 rows=1101 width=121)
	  Sort Key: c
	  ->  Bitmap Heap Scan on sbtest1  (cost=31.72..4252.79 rows=1101 width=121)
	        Recheck Cond: ((id >= 6579566) AND (id <= 6580565))
	        ->  Bitmap Index Scan on sbtest1_pkey  (cost=0.00..31.44 rows=1101 width=0)
	              Index Cond: ((id >= 6579566) AND (id <= 6580565))

table 2 : explain SELECT c FROM sbtest2 WHERE id BETWEEN 2463478 AND 2464477 ORDER BY c
	Sort  (cost=4074.05..4076.65 rows=1040 width=121)
	  Sort Key: c
	  ->  Bitmap Heap Scan on sbtest2  (cost=31.09..4021.93 rows=1040 width=121)
	        Recheck Cond: ((id >= 2463478) AND (id <= 2464477))
	        ->  Bitmap Index Scan on sbtest2_pkey  (cost=0.00..30.83 rows=1040 width=0)
	              Index Cond: ((id >= 2463478) AND (id <= 2464477))

table 3 : explain SELECT c FROM sbtest3 WHERE id BETWEEN 343993 AND 344992 ORDER BY c
	Sort  (cost=3723.84..3726.20 rows=947 width=121)
	  Sort Key: c
	  ->  Bitmap Heap Scan on sbtest3  (cost=30.14..3677.02 rows=947 width=121)
	        Recheck Cond: ((id >= 343993) AND (id <= 344992))
	        ->  Bitmap Index Scan on sbtest3_pkey  (cost=0.00..29.90 rows=947 width=0)
	              Index Cond: ((id >= 343993) AND (id <= 344992))

table 4 : explain SELECT c FROM sbtest4 WHERE id BETWEEN 6411552 AND 6412551 ORDER BY c
	Sort  (cost=3941.44..3943.95 rows=1004 width=121)
	  Sort Key: c
	  ->  Bitmap Heap Scan on sbtest4  (cost=30.73..3891.38 rows=1004 width=121)
	        Recheck Cond: ((id >= 6411552) AND (id <= 6412551))
	        ->  Bitmap Index Scan on sbtest4_pkey  (cost=0.00..30.47 rows=1004 width=0)
	              Index Cond: ((id >= 6411552) AND (id <= 6412551))

table 5 : explain SELECT c FROM sbtest5 WHERE id BETWEEN 1910746 AND 1911745 ORDER BY c
	Sort  (cost=4055.48..4058.07 rows=1035 width=121)
	  Sort Key: c
	  ->  Bitmap Heap Scan on sbtest5  (cost=31.04..4003.65 rows=1035 width=121)
	        Recheck Cond: ((id >= 1910746) AND (id <= 1911745))
	        ->  Bitmap Index Scan on sbtest5_pkey  (cost=0.00..30.79 rows=1035 width=0)
	              Index Cond: ((id >= 1910746) AND (id <= 1911745))

table 6 : explain SELECT c FROM sbtest6 WHERE id BETWEEN 2448821 AND 2449820 ORDER BY c
	Sort  (cost=3846.58..3849.03 rows=980 width=121)
	  Sort Key: c
	  ->  Bitmap Heap Scan on sbtest6  (cost=30.48..3797.89 rows=980 width=121)
	        Recheck Cond: ((id >= 2448821) AND (id <= 2449820))
	        ->  Bitmap Index Scan on sbtest6_pkey  (cost=0.00..30.23 rows=980 width=0)
	              Index Cond: ((id >= 2448821) AND (id <= 2449820))

table 7 : explain SELECT c FROM sbtest7 WHERE id BETWEEN 3473905 AND 3474904 ORDER BY c
	Sort  (cost=3578.12..3580.39 rows=909 width=121)
	  Sort Key: c
	  ->  Bitmap Heap Scan on sbtest7  (cost=29.75..3533.45 rows=909 width=121)
	        Recheck Cond: ((id >= 3473905) AND (id <= 3474904))
	        ->  Bitmap Index Scan on sbtest7_pkey  (cost=0.00..29.52 rows=909 width=0)
	              Index Cond: ((id >= 3473905) AND (id <= 3474904))

table 8 : explain SELECT c FROM sbtest8 WHERE id BETWEEN 1745021 AND 1746020 ORDER BY c
	Sort  (cost=4222.88..4225.58 rows=1079 width=121)
	  Sort Key: c
	  ->  Bitmap Heap Scan on sbtest8  (cost=31.49..4168.53 rows=1079 width=121)
	        Recheck Cond: ((id >= 1745021) AND (id <= 1746020))
	        ->  Bitmap Index Scan on sbtest8_pkey  (cost=0.00..31.22 rows=1079 width=0)
	              Index Cond: ((id >= 1745021) AND (id <= 1746020))

for: sum_ranges
table 1 : explain SELECT SUM(k) FROM sbtest1 WHERE id BETWEEN 9387874 AND 9388873
	Aggregate  (cost=3496.79..3496.80 rows=1 width=8)
	  ->  Bitmap Heap Scan on sbtest1  (cost=25.67..3494.54 rows=901 width=4)
	        Recheck Cond: ((id >= 9387874) AND (id <= 9388873))
	        ->  Bitmap Index Scan on sbtest1_pkey  (cost=0.00..25.44 rows=901 width=0)
	              Index Cond: ((id >= 9387874) AND (id <= 9388873))

table 2 : explain SELECT SUM(k) FROM sbtest2 WHERE id BETWEEN 8431956 AND 8432955
	Aggregate  (cost=3843.58..3843.59 rows=1 width=8)
	  ->  Bitmap Heap Scan on sbtest2  (cost=30.60..3841.10 rows=992 width=4)
	        Recheck Cond: ((id >= 8431956) AND (id <= 8432955))
	        ->  Bitmap Index Scan on sbtest2_pkey  (cost=0.00..30.36 rows=992 width=0)
	              Index Cond: ((id >= 8431956) AND (id <= 8432955))

table 3 : explain SELECT SUM(k) FROM sbtest3 WHERE id BETWEEN 6910812 AND 6911811
	Aggregate  (cost=3774.04..3774.05 rows=1 width=8)
	  ->  Bitmap Heap Scan on sbtest3  (cost=30.40..3771.61 rows=972 width=4)
	        Recheck Cond: ((id >= 6910812) AND (id <= 6911811))
	        ->  Bitmap Index Scan on sbtest3_pkey  (cost=0.00..30.15 rows=972 width=0)
	              Index Cond: ((id >= 6910812) AND (id <= 6911811))

table 4 : explain SELECT SUM(k) FROM sbtest4 WHERE id BETWEEN 1847188 AND 1848187
	Aggregate  (cost=3731.28..3731.29 rows=1 width=8)
	  ->  Bitmap Heap Scan on sbtest4  (cost=30.29..3728.88 rows=961 width=4)
	        Recheck Cond: ((id >= 1847188) AND (id <= 1848187))
	        ->  Bitmap Index Scan on sbtest4_pkey  (cost=0.00..30.04 rows=961 width=0)
	              Index Cond: ((id >= 1847188) AND (id <= 1848187))

table 5 : explain SELECT SUM(k) FROM sbtest5 WHERE id BETWEEN 6242280 AND 6243279
	Aggregate  (cost=4164.39..4164.40 rows=1 width=8)
	  ->  Bitmap Heap Scan on sbtest5  (cost=31.47..4161.70 rows=1077 width=4)
	        Recheck Cond: ((id >= 6242280) AND (id <= 6243279))
	        ->  Bitmap Index Scan on sbtest5_pkey  (cost=0.00..31.20 rows=1077 width=0)
	              Index Cond: ((id >= 6242280) AND (id <= 6243279))

table 6 : explain SELECT SUM(k) FROM sbtest6 WHERE id BETWEEN 788189 AND 789188
	Aggregate  (cost=3535.38..3535.39 rows=1 width=8)
	  ->  Bitmap Heap Scan on sbtest6  (cost=25.77..3533.10 rows=911 width=4)
	        Recheck Cond: ((id >= 788189) AND (id <= 789188))
	        ->  Bitmap Index Scan on sbtest6_pkey  (cost=0.00..25.54 rows=911 width=0)
	              Index Cond: ((id >= 788189) AND (id <= 789188))

table 7 : explain SELECT SUM(k) FROM sbtest7 WHERE id BETWEEN 2676797 AND 2677796
	Aggregate  (cost=3838.77..3838.78 rows=1 width=8)
	  ->  Bitmap Heap Scan on sbtest7  (cost=30.57..3836.30 rows=989 width=4)
	        Recheck Cond: ((id >= 2676797) AND (id <= 2677796))
	        ->  Bitmap Index Scan on sbtest7_pkey  (cost=0.00..30.32 rows=989 width=0)
	              Index Cond: ((id >= 2676797) AND (id <= 2677796))

table 8 : explain SELECT SUM(k) FROM sbtest8 WHERE id BETWEEN 7975199 AND 7976198
	Aggregate  (cost=3446.41..3446.42 rows=1 width=8)
	  ->  Bitmap Heap Scan on sbtest8  (cost=25.54..3444.19 rows=888 width=4)
	        Recheck Cond: ((id >= 7975199) AND (id <= 7976198))
	        ->  Bitmap Index Scan on sbtest8_pkey  (cost=0.00..25.32 rows=888 width=0)
	              Index Cond: ((id >= 7975199) AND (id <= 7976198))

for: order_ranges
table 1 : explain SELECT c FROM sbtest1 WHERE id BETWEEN 7047160 AND 7048159 ORDER BY c
	Sort  (cost=4293.14..4295.89 rows=1097 width=121)
	  Sort Key: c
	  ->  Bitmap Heap Scan on sbtest1  (cost=31.68..4237.75 rows=1097 width=121)
	        Recheck Cond: ((id >= 7047160) AND (id <= 7048159))
	        ->  Bitmap Index Scan on sbtest1_pkey  (cost=0.00..31.40 rows=1097 width=0)
	              Index Cond: ((id >= 7047160) AND (id <= 7048159))

table 2 : explain SELECT c FROM sbtest2 WHERE id BETWEEN 1739504 AND 1740503 ORDER BY c
	Sort  (cost=3898.13..3900.62 rows=994 width=121)
	  Sort Key: c
	  ->  Bitmap Heap Scan on sbtest2  (cost=30.62..3848.64 rows=994 width=121)
	        Recheck Cond: ((id >= 1739504) AND (id <= 1740503))
	        ->  Bitmap Index Scan on sbtest2_pkey  (cost=0.00..30.37 rows=994 width=0)
	              Index Cond: ((id >= 1739504) AND (id <= 1740503))

table 3 : explain SELECT c FROM sbtest3 WHERE id BETWEEN 176657 AND 177656 ORDER BY c
	Sort  (cost=4061.47..4064.06 rows=1035 width=121)
	  Sort Key: c
	  ->  Bitmap Heap Scan on sbtest3  (cost=31.04..4009.64 rows=1035 width=121)
	        Recheck Cond: ((id >= 176657) AND (id <= 177656))
	        ->  Bitmap Index Scan on sbtest3_pkey  (cost=0.00..30.79 rows=1035 width=0)
	              Index Cond: ((id >= 176657) AND (id <= 177656))

table 4 : explain SELECT c FROM sbtest4 WHERE id BETWEEN 1766622 AND 1767621 ORDER BY c
	Sort  (cost=4198.02..4200.70 rows=1071 width=121)
	  Sort Key: c
	  ->  Bitmap Heap Scan on sbtest4  (cost=31.41..4144.12 rows=1071 width=121)
	        Recheck Cond: ((id >= 1766622) AND (id <= 1767621))
	        ->  Bitmap Index Scan on sbtest4_pkey  (cost=0.00..31.14 rows=1071 width=0)
	              Index Cond: ((id >= 1766622) AND (id <= 1767621))

table 5 : explain SELECT c FROM sbtest5 WHERE id BETWEEN 2392073 AND 2393072 ORDER BY c
	Sort  (cost=3683.92..3686.27 rows=939 width=121)
	  Sort Key: c
	  ->  Bitmap Heap Scan on sbtest5  (cost=26.06..3637.55 rows=939 width=121)
	        Recheck Cond: ((id >= 2392073) AND (id <= 2393072))
	        ->  Bitmap Index Scan on sbtest5_pkey  (cost=0.00..25.82 rows=939 width=0)
	              Index Cond: ((id >= 2392073) AND (id <= 2393072))

table 6 : explain SELECT c FROM sbtest6 WHERE id BETWEEN 839522 AND 840521 ORDER BY c
	Sort  (cost=4137.47..4140.11 rows=1056 width=121)
	  Sort Key: c
	  ->  Bitmap Heap Scan on sbtest6  (cost=31.26..4084.43 rows=1056 width=121)
	        Recheck Cond: ((id >= 839522) AND (id <= 840521))
	        ->  Bitmap Index Scan on sbtest6_pkey  (cost=0.00..31.00 rows=1056 width=0)
	              Index Cond: ((id >= 839522) AND (id <= 840521))

table 7 : explain SELECT c FROM sbtest7 WHERE id BETWEEN 7817349 AND 7818348 ORDER BY c
	Sort  (cost=4180.66..4183.32 rows=1066 width=121)
	  Sort Key: c
	  ->  Bitmap Heap Scan on sbtest7  (cost=31.36..4127.05 rows=1066 width=121)
	        Recheck Cond: ((id >= 7817349) AND (id <= 7818348))
	        ->  Bitmap Index Scan on sbtest7_pkey  (cost=0.00..31.09 rows=1066 width=0)
	              Index Cond: ((id >= 7817349) AND (id <= 7818348))

table 8 : explain SELECT c FROM sbtest8 WHERE id BETWEEN 1278044 AND 1279043 ORDER BY c
	Sort  (cost=3905.68..3908.17 rows=996 width=121)
	  Sort Key: c
	  ->  Bitmap Heap Scan on sbtest8  (cost=30.64..3856.08 rows=996 width=121)
	        Recheck Cond: ((id >= 1278044) AND (id <= 1279043))
	        ->  Bitmap Index Scan on sbtest8_pkey  (cost=0.00..30.39 rows=996 width=0)
	              Index Cond: ((id >= 1278044) AND (id <= 1279043))

for: distinct_ranges
table 1 : explain SELECT DISTINCT c FROM sbtest1 WHERE id BETWEEN 4145400 AND 4146399 ORDER BY c
	Unique  (cost=4025.68..4030.81 rows=1027 width=121)
	  ->  Sort  (cost=4025.68..4028.24 rows=1027 width=121)
	        Sort Key: c
	        ->  Bitmap Heap Scan on sbtest1  (cost=30.96..3974.30 rows=1027 width=121)
	              Recheck Cond: ((id >= 4145400) AND (id <= 4146399))
	              ->  Bitmap Index Scan on sbtest1_pkey  (cost=0.00..30.70 rows=1027 width=0)
	                    Index Cond: ((id >= 4145400) AND (id <= 4146399))

table 2 : explain SELECT DISTINCT c FROM sbtest2 WHERE id BETWEEN 4480023 AND 4481022 ORDER BY c
	Unique  (cost=3813.90..3818.76 rows=972 width=121)
	  ->  Sort  (cost=3813.90..3816.33 rows=972 width=121)
	        Sort Key: c
	        ->  Bitmap Heap Scan on sbtest2  (cost=30.40..3765.67 rows=972 width=121)
	              Recheck Cond: ((id >= 4480023) AND (id <= 4481022))
	              ->  Bitmap Index Scan on sbtest2_pkey  (cost=0.00..30.15 rows=972 width=0)
	                    Index Cond: ((id >= 4480023) AND (id <= 4481022))

table 3 : explain SELECT DISTINCT c FROM sbtest3 WHERE id BETWEEN 1668209 AND 1669208 ORDER BY c
	Unique  (cost=3846.72..3851.61 rows=979 width=121)
	  ->  Sort  (cost=3846.72..3849.17 rows=979 width=121)
	        Sort Key: c
	        ->  Bitmap Heap Scan on sbtest3  (cost=30.47..3798.09 rows=979 width=121)
	              Recheck Cond: ((id >= 1668209) AND (id <= 1669208))
	              ->  Bitmap Index Scan on sbtest3_pkey  (cost=0.00..30.22 rows=979 width=0)
	                    Index Cond: ((id >= 1668209) AND (id <= 1669208))

table 4 : explain SELECT DISTINCT c FROM sbtest4 WHERE id BETWEEN 5764224 AND 5765223 ORDER BY c
	Unique  (cost=4094.68..4099.90 rows=1044 width=121)
	  ->  Sort  (cost=4094.68..4097.29 rows=1044 width=121)
	        Sort Key: c
	        ->  Bitmap Heap Scan on sbtest4  (cost=31.14..4042.34 rows=1044 width=121)
	              Recheck Cond: ((id >= 5764224) AND (id <= 5765223))
	              ->  Bitmap Index Scan on sbtest4_pkey  (cost=0.00..30.87 rows=1044 width=0)
	                    Index Cond: ((id >= 5764224) AND (id <= 5765223))

table 5 : explain SELECT DISTINCT c FROM sbtest5 WHERE id BETWEEN 5816227 AND 5817226 ORDER BY c
	Unique  (cost=3944.56..3949.59 rows=1006 width=121)
	  ->  Sort  (cost=3944.56..3947.08 rows=1006 width=121)
	        Sort Key: c
	        ->  Bitmap Heap Scan on sbtest5  (cost=30.75..3894.39 rows=1006 width=121)
	              Recheck Cond: ((id >= 5816227) AND (id <= 5817226))
	              ->  Bitmap Index Scan on sbtest5_pkey  (cost=0.00..30.50 rows=1006 width=0)
	                    Index Cond: ((id >= 5816227) AND (id <= 5817226))

table 6 : explain SELECT DISTINCT c FROM sbtest6 WHERE id BETWEEN 4873291 AND 4874290 ORDER BY c
	Unique  (cost=4041.85..4047.01 rows=1031 width=121)
	  ->  Sort  (cost=4041.85..4044.43 rows=1031 width=121)
	        Sort Key: c
	        ->  Bitmap Heap Scan on sbtest6  (cost=31.00..3990.25 rows=1031 width=121)
	              Recheck Cond: ((id >= 4873291) AND (id <= 4874290))
	              ->  Bitmap Index Scan on sbtest6_pkey  (cost=0.00..30.75 rows=1031 width=0)
	                    Index Cond: ((id >= 4873291) AND (id <= 4874290))

table 7 : explain SELECT DISTINCT c FROM sbtest7 WHERE id BETWEEN 2528734 AND 2529733 ORDER BY c
	Unique  (cost=4023.58..4028.71 rows=1025 width=121)
	  ->  Sort  (cost=4023.58..4026.14 rows=1025 width=121)
	        Sort Key: c
	        ->  Bitmap Heap Scan on sbtest7  (cost=30.94..3972.33 rows=1025 width=121)
	              Recheck Cond: ((id >= 2528734) AND (id <= 2529733))
	              ->  Bitmap Index Scan on sbtest7_pkey  (cost=0.00..30.68 rows=1025 width=0)
	                    Index Cond: ((id >= 2528734) AND (id <= 2529733))

table 8 : explain SELECT DISTINCT c FROM sbtest8 WHERE id BETWEEN 815779 AND 816778 ORDER BY c
	Unique  (cost=3687.36..3692.05 rows=939 width=121)
	  ->  Sort  (cost=3687.36..3689.70 rows=939 width=121)
	        Sort Key: c
	        ->  Bitmap Heap Scan on sbtest8  (cost=30.06..3640.99 rows=939 width=121)
	              Recheck Cond: ((id >= 815779) AND (id <= 816778))
	              ->  Bitmap Index Scan on sbtest8_pkey  (cost=0.00..29.82 rows=939 width=0)
	                    Index Cond: ((id >= 815779) AND (id <= 816778))

for: order_ranges
table 1 : explain SELECT c FROM sbtest1 WHERE id BETWEEN 4580103 AND 4581102 ORDER BY c
	Sort  (cost=3757.63..3760.02 rows=957 width=121)
	  Sort Key: c
	  ->  Bitmap Heap Scan on sbtest1  (cost=30.24..3710.24 rows=957 width=121)
	        Recheck Cond: ((id >= 4580103) AND (id <= 4581102))
	        ->  Bitmap Index Scan on sbtest1_pkey  (cost=0.00..30.00 rows=957 width=0)
	              Index Cond: ((id >= 4580103) AND (id <= 4581102))

table 2 : explain SELECT c FROM sbtest2 WHERE id BETWEEN 6103520 AND 6104519 ORDER BY c
	Sort  (cost=3997.59..4000.14 rows=1020 width=121)
	  Sort Key: c
	  ->  Bitmap Heap Scan on sbtest2  (cost=30.89..3946.62 rows=1020 width=121)
	        Recheck Cond: ((id >= 6103520) AND (id <= 6104519))
	        ->  Bitmap Index Scan on sbtest2_pkey  (cost=0.00..30.64 rows=1020 width=0)
	              Index Cond: ((id >= 6103520) AND (id <= 6104519))

table 3 : explain SELECT c FROM sbtest3 WHERE id BETWEEN 5645036 AND 5646035 ORDER BY c
	Sort  (cost=4023.15..4025.71 rows=1025 width=121)
	  Sort Key: c
	  ->  Bitmap Heap Scan on sbtest3  (cost=30.94..3971.89 rows=1025 width=121)
	        Recheck Cond: ((id >= 5645036) AND (id <= 5646035))
	        ->  Bitmap Index Scan on sbtest3_pkey  (cost=0.00..30.68 rows=1025 width=0)
	              Index Cond: ((id >= 5645036) AND (id <= 5646035))

table 4 : explain SELECT c FROM sbtest4 WHERE id BETWEEN 9318581 AND 9319580 ORDER BY c
	Sort  (cost=3784.17..3786.57 rows=963 width=121)
	  Sort Key: c
	  ->  Bitmap Heap Scan on sbtest4  (cost=30.31..3736.44 rows=963 width=121)
	        Recheck Cond: ((id >= 9318581) AND (id <= 9319580))
	        ->  Bitmap Index Scan on sbtest4_pkey  (cost=0.00..30.07 rows=963 width=0)
	              Index Cond: ((id >= 9318581) AND (id <= 9319580))

table 5 : explain SELECT c FROM sbtest5 WHERE id BETWEEN 5881204 AND 5882203 ORDER BY c
	Sort  (cost=3956.04..3958.56 rows=1009 width=121)
	  Sort Key: c
	  ->  Bitmap Heap Scan on sbtest5  (cost=30.78..3905.70 rows=1009 width=121)
	        Recheck Cond: ((id >= 5881204) AND (id <= 5882203))
	        ->  Bitmap Index Scan on sbtest5_pkey  (cost=0.00..30.52 rows=1009 width=0)
	              Index Cond: ((id >= 5881204) AND (id <= 5882203))

table 6 : explain SELECT c FROM sbtest6 WHERE id BETWEEN 2130677 AND 2131676 ORDER BY c
	Sort  (cost=3911.71..3914.20 rows=997 width=121)
	  Sort Key: c
	  ->  Bitmap Heap Scan on sbtest6  (cost=30.65..3862.05 rows=997 width=121)
	        Recheck Cond: ((id >= 2130677) AND (id <= 2131676))
	        ->  Bitmap Index Scan on sbtest6_pkey  (cost=0.00..30.40 rows=997 width=0)
	              Index Cond: ((id >= 2130677) AND (id <= 2131676))

table 7 : explain SELECT c FROM sbtest7 WHERE id BETWEEN 4907694 AND 4908693 ORDER BY c
	Sort  (cost=4272.69..4275.41 rows=1089 width=121)
	  Sort Key: c
	  ->  Bitmap Heap Scan on sbtest7  (cost=35.60..4217.76 rows=1089 width=121)
	        Recheck Cond: ((id >= 4907694) AND (id <= 4908693))
	        ->  Bitmap Index Scan on sbtest7_pkey  (cost=0.00..35.33 rows=1089 width=0)
	              Index Cond: ((id >= 4907694) AND (id <= 4908693))

table 8 : explain SELECT c FROM sbtest8 WHERE id BETWEEN 9935147 AND 9936146 ORDER BY c
	Sort  (cost=4031.90..4034.47 rows=1029 width=121)
	  Sort Key: c
	  ->  Bitmap Heap Scan on sbtest8  (cost=30.98..3980.41 rows=1029 width=121)
	        Recheck Cond: ((id >= 9935147) AND (id <= 9936146))
	        ->  Bitmap Index Scan on sbtest8_pkey  (cost=0.00..30.72 rows=1029 width=0)
	              Index Cond: ((id >= 9935147) AND (id <= 9936146))

for: distinct_ranges
table 1 : explain SELECT DISTINCT c FROM sbtest1 WHERE id BETWEEN 4384701 AND 4385700 ORDER BY c
	Unique  (cost=3554.12..3558.64 rows=905 width=121)
	  ->  Sort  (cost=3554.12..3556.38 rows=905 width=121)
	        Sort Key: c
	        ->  Bitmap Heap Scan on sbtest1  (cost=25.71..3509.67 rows=905 width=121)
	              Recheck Cond: ((id >= 4384701) AND (id <= 4385700))
	              ->  Bitmap Index Scan on sbtest1_pkey  (cost=0.00..25.48 rows=905 width=0)
	                    Index Cond: ((id >= 4384701) AND (id <= 4385700))

table 2 : explain SELECT DISTINCT c FROM sbtest2 WHERE id BETWEEN 1252256 AND 1253255 ORDER BY c
	Unique  (cost=3798.58..3803.42 rows=968 width=121)
	  ->  Sort  (cost=3798.58..3801.00 rows=968 width=121)
	        Sort Key: c
	        ->  Bitmap Heap Scan on sbtest2  (cost=30.36..3750.58 rows=968 width=121)
	              Recheck Cond: ((id >= 1252256) AND (id <= 1253255))
	              ->  Bitmap Index Scan on sbtest2_pkey  (cost=0.00..30.11 rows=968 width=0)
	                    Index Cond: ((id >= 1252256) AND (id <= 1253255))

table 3 : explain SELECT DISTINCT c FROM sbtest3 WHERE id BETWEEN 2868367 AND 2869366 ORDER BY c
	Unique  (cost=3762.25..3767.04 rows=957 width=121)
	  ->  Sort  (cost=3762.25..3764.64 rows=957 width=121)
	        Sort Key: c
	        ->  Bitmap Heap Scan on sbtest3  (cost=30.24..3714.87 rows=957 width=121)
	              Recheck Cond: ((id >= 2868367) AND (id <= 2869366))
	              ->  Bitmap Index Scan on sbtest3_pkey  (cost=0.00..30.00 rows=957 width=0)
	                    Index Cond: ((id >= 2868367) AND (id <= 2869366))

table 4 : explain SELECT DISTINCT c FROM sbtest4 WHERE id BETWEEN 3473444 AND 3474443 ORDER BY c
	Unique  (cost=3906.93..3911.90 rows=995 width=121)
	  ->  Sort  (cost=3906.93..3909.42 rows=995 width=121)
	        Sort Key: c
	        ->  Bitmap Heap Scan on sbtest4  (cost=30.63..3857.39 rows=995 width=121)
	              Recheck Cond: ((id >= 3473444) AND (id <= 3474443))
	              ->  Bitmap Index Scan on sbtest4_pkey  (cost=0.00..30.39 rows=995 width=0)
	                    Index Cond: ((id >= 3473444) AND (id <= 3474443))

table 5 : explain SELECT DISTINCT c FROM sbtest5 WHERE id BETWEEN 375664 AND 376663 ORDER BY c
	Unique  (cost=3710.76..3715.49 rows=946 width=121)
	  ->  Sort  (cost=3710.76..3713.12 rows=946 width=121)
	        Sort Key: c
	        ->  Bitmap Heap Scan on sbtest5  (cost=26.13..3664.00 rows=946 width=121)
	              Recheck Cond: ((id >= 375664) AND (id <= 376663))
	              ->  Bitmap Index Scan on sbtest5_pkey  (cost=0.00..25.89 rows=946 width=0)
	                    Index Cond: ((id >= 375664) AND (id <= 376663))

table 6 : explain SELECT DISTINCT c FROM sbtest6 WHERE id BETWEEN 7277401 AND 7278400 ORDER BY c
	Unique  (cost=3704.71..3709.43 rows=943 width=121)
	  ->  Sort  (cost=3704.71..3707.07 rows=943 width=121)
	        Sort Key: c
	        ->  Bitmap Heap Scan on sbtest6  (cost=30.10..3658.13 rows=943 width=121)
	              Recheck Cond: ((id >= 7277401) AND (id <= 7278400))
	              ->  Bitmap Index Scan on sbtest6_pkey  (cost=0.00..29.86 rows=943 width=0)
	                    Index Cond: ((id >= 7277401) AND (id <= 7278400))

table 7 : explain SELECT DISTINCT c FROM sbtest7 WHERE id BETWEEN 2538240 AND 2539239 ORDER BY c
	Unique  (cost=4023.58..4028.71 rows=1025 width=121)
	  ->  Sort  (cost=4023.58..4026.14 rows=1025 width=121)
	        Sort Key: c
	        ->  Bitmap Heap Scan on sbtest7  (cost=30.94..3972.33 rows=1025 width=121)
	              Recheck Cond: ((id >= 2538240) AND (id <= 2539239))
	              ->  Bitmap Index Scan on sbtest7_pkey  (cost=0.00..30.68 rows=1025 width=0)
	                    Index Cond: ((id >= 2538240) AND (id <= 2539239))

table 8 : explain SELECT DISTINCT c FROM sbtest8 WHERE id BETWEEN 2202905 AND 2203904 ORDER BY c
	Unique  (cost=3783.16..3787.98 rows=964 width=121)
	  ->  Sort  (cost=3783.16..3785.57 rows=964 width=121)
	        Sort Key: c
	        ->  Bitmap Heap Scan on sbtest8  (cost=30.32..3735.38 rows=964 width=121)
	              Recheck Cond: ((id >= 2202905) AND (id <= 2203904))
	              ->  Bitmap Index Scan on sbtest8_pkey  (cost=0.00..30.07 rows=964 width=0)
	                    Index Cond: ((id >= 2202905) AND (id <= 2203904))

for: sum_ranges
table 1 : explain SELECT SUM(k) FROM sbtest1 WHERE id BETWEEN 9114874 AND 9115873
	Aggregate  (cost=4123.82..4123.83 rows=1 width=8)
	  ->  Bitmap Heap Scan on sbtest1  (cost=31.36..4121.16 rows=1066 width=4)
	        Recheck Cond: ((id >= 9114874) AND (id <= 9115873))
	        ->  Bitmap Index Scan on sbtest1_pkey  (cost=0.00..31.09 rows=1066 width=0)
	              Index Cond: ((id >= 9114874) AND (id <= 9115873))

table 2 : explain SELECT SUM(k) FROM sbtest2 WHERE id BETWEEN 2637773 AND 2638772
	Aggregate  (cost=3685.01..3685.02 rows=1 width=8)
	  ->  Bitmap Heap Scan on sbtest2  (cost=30.17..3682.63 rows=950 width=4)
	        Recheck Cond: ((id >= 2637773) AND (id <= 2638772))
	        ->  Bitmap Index Scan on sbtest2_pkey  (cost=0.00..29.93 rows=950 width=0)
	              Index Cond: ((id >= 2637773) AND (id <= 2638772))

table 3 : explain SELECT SUM(k) FROM sbtest3 WHERE id BETWEEN 2973135 AND 2974134
	Aggregate  (cost=3792.97..3792.98 rows=1 width=8)
	  ->  Bitmap Heap Scan on sbtest3  (cost=30.45..3790.52 rows=977 width=4)
	        Recheck Cond: ((id >= 2973135) AND (id <= 2974134))
	        ->  Bitmap Index Scan on sbtest3_pkey  (cost=0.00..30.20 rows=977 width=0)
	              Index Cond: ((id >= 2973135) AND (id <= 2974134))

table 4 : explain SELECT SUM(k) FROM sbtest4 WHERE id BETWEEN 7526314 AND 7527313
	Aggregate  (cost=4327.66..4327.67 rows=1 width=8)
	  ->  Bitmap Heap Scan on sbtest4  (cost=31.90..4324.86 rows=1119 width=4)
	        Recheck Cond: ((id >= 7526314) AND (id <= 7527313))
	        ->  Bitmap Index Scan on sbtest4_pkey  (cost=0.00..31.62 rows=1119 width=0)
	              Index Cond: ((id >= 7526314) AND (id <= 7527313))

table 5 : explain SELECT SUM(k) FROM sbtest5 WHERE id BETWEEN 4475490 AND 4476489
	Aggregate  (cost=3764.81..3764.82 rows=1 width=8)
	  ->  Bitmap Heap Scan on sbtest5  (cost=30.39..3762.39 rows=971 width=4)
	        Recheck Cond: ((id >= 4475490) AND (id <= 4476489))
	        ->  Bitmap Index Scan on sbtest5_pkey  (cost=0.00..30.14 rows=971 width=0)
	              Index Cond: ((id >= 4475490) AND (id <= 4476489))

table 6 : explain SELECT SUM(k) FROM sbtest6 WHERE id BETWEEN 8628665 AND 8629664
	Aggregate  (cost=3747.44..3747.45 rows=1 width=8)
	  ->  Bitmap Heap Scan on sbtest6  (cost=30.34..3745.03 rows=966 width=4)
	        Recheck Cond: ((id >= 8628665) AND (id <= 8629664))
	        ->  Bitmap Index Scan on sbtest6_pkey  (cost=0.00..30.09 rows=966 width=0)
	              Index Cond: ((id >= 8628665) AND (id <= 8629664))

table 7 : explain SELECT SUM(k) FROM sbtest7 WHERE id BETWEEN 8325886 AND 8326885
	Aggregate  (cost=3622.93..3622.94 rows=1 width=8)
	  ->  Bitmap Heap Scan on sbtest7  (cost=29.99..3620.60 rows=932 width=4)
	        Recheck Cond: ((id >= 8325886) AND (id <= 8326885))
	        ->  Bitmap Index Scan on sbtest7_pkey  (cost=0.00..29.75 rows=932 width=0)
	              Index Cond: ((id >= 8325886) AND (id <= 8326885))

table 8 : explain SELECT SUM(k) FROM sbtest8 WHERE id BETWEEN 1078665 AND 1079664
	Aggregate  (cost=3798.20..3798.21 rows=1 width=8)
	  ->  Bitmap Heap Scan on sbtest8  (cost=30.48..3795.75 rows=980 width=4)
	        Recheck Cond: ((id >= 1078665) AND (id <= 1079664))
	        ->  Bitmap Index Scan on sbtest8_pkey  (cost=0.00..30.23 rows=980 width=0)
	              Index Cond: ((id >= 1078665) AND (id <= 1079664))

for: distinct_ranges
table 1 : explain SELECT DISTINCT c FROM sbtest1 WHERE id BETWEEN 4586491 AND 4587490 ORDER BY c
	Unique  (cost=3757.63..3762.41 rows=957 width=121)
	  ->  Sort  (cost=3757.63..3760.02 rows=957 width=121)
	        Sort Key: c
	        ->  Bitmap Heap Scan on sbtest1  (cost=30.24..3710.24 rows=957 width=121)
	              Recheck Cond: ((id >= 4586491) AND (id <= 4587490))
	              ->  Bitmap Index Scan on sbtest1_pkey  (cost=0.00..30.00 rows=957 width=0)
	                    Index Cond: ((id >= 4586491) AND (id <= 4587490))

table 2 : explain SELECT DISTINCT c FROM sbtest2 WHERE id BETWEEN 4404906 AND 4405905 ORDER BY c
	Unique  (cost=3856.02..3860.94 rows=983 width=121)
	  ->  Sort  (cost=3856.02..3858.48 rows=983 width=121)
	        Sort Key: c
	        ->  Bitmap Heap Scan on sbtest2  (cost=30.51..3807.16 rows=983 width=121)
	              Recheck Cond: ((id >= 4404906) AND (id <= 4405905))
	              ->  Bitmap Index Scan on sbtest2_pkey  (cost=0.00..30.26 rows=983 width=0)
	                    Index Cond: ((id >= 4404906) AND (id <= 4405905))

table 3 : explain SELECT DISTINCT c FROM sbtest3 WHERE id BETWEEN 8778951 AND 8779950 ORDER BY c
	Unique  (cost=3858.23..3863.14 rows=982 width=121)
	  ->  Sort  (cost=3858.23..3860.69 rows=982 width=121)
	        Sort Key: c
	        ->  Bitmap Heap Scan on sbtest3  (cost=30.50..3809.43 rows=982 width=121)
	              Recheck Cond: ((id >= 8778951) AND (id <= 8779950))
	              ->  Bitmap Index Scan on sbtest3_pkey  (cost=0.00..30.25 rows=982 width=0)
	                    Index Cond: ((id >= 8778951) AND (id <= 8779950))

table 4 : explain SELECT DISTINCT c FROM sbtest4 WHERE id BETWEEN 2529132 AND 2530131 ORDER BY c
	Unique  (cost=4331.85..4337.38 rows=1106 width=121)
	  ->  Sort  (cost=4331.85..4334.61 rows=1106 width=121)
	        Sort Key: c
	        ->  Bitmap Heap Scan on sbtest4  (cost=31.77..4275.94 rows=1106 width=121)
	              Recheck Cond: ((id >= 2529132) AND (id <= 2530131))
	              ->  Bitmap Index Scan on sbtest4_pkey  (cost=0.00..31.50 rows=1106 width=0)
	                    Index Cond: ((id >= 2529132) AND (id <= 2530131))

table 5 : explain SELECT DISTINCT c FROM sbtest5 WHERE id BETWEEN 950250 AND 951249 ORDER BY c
	Unique  (cost=3814.39..3819.25 rows=972 width=121)
	  ->  Sort  (cost=3814.39..3816.82 rows=972 width=121)
	        Sort Key: c
	        ->  Bitmap Heap Scan on sbtest5  (cost=30.40..3766.16 rows=972 width=121)
	              Recheck Cond: ((id >= 950250) AND (id <= 951249))
	              ->  Bitmap Index Scan on sbtest5_pkey  (cost=0.00..30.15 rows=972 width=0)
	                    Index Cond: ((id >= 950250) AND (id <= 951249))

table 6 : explain SELECT DISTINCT c FROM sbtest6 WHERE id BETWEEN 6720903 AND 6721902 ORDER BY c
	Unique  (cost=3789.09..3793.91 rows=965 width=121)
	  ->  Sort  (cost=3789.09..3791.50 rows=965 width=121)
	        Sort Key: c
	        ->  Bitmap Heap Scan on sbtest6  (cost=30.33..3741.25 rows=965 width=121)
	              Recheck Cond: ((id >= 6720903) AND (id <= 6721902))
	              ->  Bitmap Index Scan on sbtest6_pkey  (cost=0.00..30.08 rows=965 width=0)
	                    Index Cond: ((id >= 6720903) AND (id <= 6721902))

table 7 : explain SELECT DISTINCT c FROM sbtest7 WHERE id BETWEEN 7716398 AND 7717397 ORDER BY c
	Unique  (cost=3589.66..3594.22 rows=912 width=121)
	  ->  Sort  (cost=3589.66..3591.94 rows=912 width=121)
	        Sort Key: c
	        ->  Bitmap Heap Scan on sbtest7  (cost=29.78..3544.82 rows=912 width=121)
	              Recheck Cond: ((id >= 7716398) AND (id <= 7717397))
	              ->  Bitmap Index Scan on sbtest7_pkey  (cost=0.00..29.55 rows=912 width=0)
	                    Index Cond: ((id >= 7716398) AND (id <= 7717397))

table 8 : explain SELECT DISTINCT c FROM sbtest8 WHERE id BETWEEN 189298 AND 190297 ORDER BY c
	Unique  (cost=4173.26..4178.59 rows=1066 width=121)
	  ->  Sort  (cost=4173.26..4175.92 rows=1066 width=121)
	        Sort Key: c
	        ->  Bitmap Heap Scan on sbtest8  (cost=31.36..4119.65 rows=1066 width=121)
	              Recheck Cond: ((id >= 189298) AND (id <= 190297))
	              ->  Bitmap Index Scan on sbtest8_pkey  (cost=0.00..31.09 rows=1066 width=0)
	                    Index Cond: ((id >= 189298) AND (id <= 190297))

for: order_ranges
table 1 : explain SELECT c FROM sbtest1 WHERE id BETWEEN 9270447 AND 9271446 ORDER BY c
	Sort  (cost=4193.87..4196.54 rows=1071 width=121)
	  Sort Key: c
	  ->  Bitmap Heap Scan on sbtest1  (cost=31.41..4139.97 rows=1071 width=121)
	        Recheck Cond: ((id >= 9270447) AND (id <= 9271446))
	        ->  Bitmap Index Scan on sbtest1_pkey  (cost=0.00..31.14 rows=1071 width=0)
	              Index Cond: ((id >= 9270447) AND (id <= 9271446))

table 2 : explain SELECT c FROM sbtest2 WHERE id BETWEEN 6904050 AND 6905049 ORDER BY c
	Sort  (cost=4619.63..4622.59 rows=1183 width=121)
	  Sort Key: c
	  ->  Bitmap Heap Scan on sbtest2  (cost=36.56..4559.25 rows=1183 width=121)
	        Recheck Cond: ((id >= 6904050) AND (id <= 6905049))
	        ->  Bitmap Index Scan on sbtest2_pkey  (cost=0.00..36.27 rows=1183 width=0)
	              Index Cond: ((id >= 6904050) AND (id <= 6905049))

table 3 : explain SELECT c FROM sbtest3 WHERE id BETWEEN 6717054 AND 6718053 ORDER BY c
	Sort  (cost=3550.83..3553.08 rows=902 width=121)
	  Sort Key: c
	  ->  Bitmap Heap Scan on sbtest3  (cost=29.68..3506.55 rows=902 width=121)
	        Recheck Cond: ((id >= 6717054) AND (id <= 6718053))
	        ->  Bitmap Index Scan on sbtest3_pkey  (cost=0.00..29.45 rows=902 width=0)
	              Index Cond: ((id >= 6717054) AND (id <= 6718053))

table 4 : explain SELECT c FROM sbtest4 WHERE id BETWEEN 6760585 AND 6761584 ORDER BY c
	Sort  (cost=3691.85..3694.20 rows=940 width=121)
	  Sort Key: c
	  ->  Bitmap Heap Scan on sbtest4  (cost=26.07..3645.43 rows=940 width=121)
	        Recheck Cond: ((id >= 6760585) AND (id <= 6761584))
	        ->  Bitmap Index Scan on sbtest4_pkey  (cost=0.00..25.83 rows=940 width=0)
	              Index Cond: ((id >= 6760585) AND (id <= 6761584))

table 5 : explain SELECT c FROM sbtest5 WHERE id BETWEEN 3929730 AND 3930729 ORDER BY c
	Sort  (cost=4124.27..4126.91 rows=1053 width=121)
	  Sort Key: c
	  ->  Bitmap Heap Scan on sbtest5  (cost=31.23..4071.41 rows=1053 width=121)
	        Recheck Cond: ((id >= 3929730) AND (id <= 3930729))
	        ->  Bitmap Index Scan on sbtest5_pkey  (cost=0.00..30.96 rows=1053 width=0)
	              Index Cond: ((id >= 3929730) AND (id <= 3930729))

table 6 : explain SELECT c FROM sbtest6 WHERE id BETWEEN 6904302 AND 6905301 ORDER BY c
	Sort  (cost=4072.46..4075.06 rows=1039 width=121)
	  Sort Key: c
	  ->  Bitmap Heap Scan on sbtest6  (cost=31.08..4020.40 rows=1039 width=121)
	        Recheck Cond: ((id >= 6904302) AND (id <= 6905301))
	        ->  Bitmap Index Scan on sbtest6_pkey  (cost=0.00..30.82 rows=1039 width=0)
	              Index Cond: ((id >= 6904302) AND (id <= 6905301))

table 7 : explain SELECT c FROM sbtest7 WHERE id BETWEEN 4026723 AND 4027722 ORDER BY c
	Sort  (cost=4341.55..4344.31 rows=1107 width=121)
	  Sort Key: c
	  ->  Bitmap Heap Scan on sbtest7  (cost=35.78..4285.57 rows=1107 width=121)
	        Recheck Cond: ((id >= 4026723) AND (id <= 4027722))
	        ->  Bitmap Index Scan on sbtest7_pkey  (cost=0.00..35.51 rows=1107 width=0)
	              Index Cond: ((id >= 4026723) AND (id <= 4027722))

table 8 : explain SELECT c FROM sbtest8 WHERE id BETWEEN 3975821 AND 3976820 ORDER BY c
	Sort  (cost=3767.84..3770.24 rows=960 width=121)
	  Sort Key: c
	  ->  Bitmap Heap Scan on sbtest8  (cost=30.27..3720.28 rows=960 width=121)
	        Recheck Cond: ((id >= 3975821) AND (id <= 3976820))
	        ->  Bitmap Index Scan on sbtest8_pkey  (cost=0.00..30.04 rows=960 width=0)
	              Index Cond: ((id >= 3975821) AND (id <= 3976820))

for: distinct_ranges
table 1 : explain SELECT DISTINCT c FROM sbtest1 WHERE id BETWEEN 1596204 AND 1597203 ORDER BY c
	Unique  (cost=3692.44..3697.14 rows=940 width=121)
	  ->  Sort  (cost=3692.44..3694.79 rows=940 width=121)
	        Sort Key: c
	        ->  Bitmap Heap Scan on sbtest1  (cost=30.07..3646.02 rows=940 width=121)
	              Recheck Cond: ((id >= 1596204) AND (id <= 1597203))
	              ->  Bitmap Index Scan on sbtest1_pkey  (cost=0.00..29.83 rows=940 width=0)
	                    Index Cond: ((id >= 1596204) AND (id <= 1597203))

table 2 : explain SELECT DISTINCT c FROM sbtest2 WHERE id BETWEEN 8610978 AND 8611977 ORDER BY c
	Unique  (cost=3737.28..3742.04 rows=952 width=121)
	  ->  Sort  (cost=3737.28..3739.66 rows=952 width=121)
	        Sort Key: c
	        ->  Bitmap Heap Scan on sbtest2  (cost=30.19..3690.18 rows=952 width=121)
	              Recheck Cond: ((id >= 8610978) AND (id <= 8611977))
	              ->  Bitmap Index Scan on sbtest2_pkey  (cost=0.00..29.95 rows=952 width=0)
	                    Index Cond: ((id >= 8610978) AND (id <= 8611977))

table 3 : explain SELECT DISTINCT c FROM sbtest3 WHERE id BETWEEN 4509324 AND 4510323 ORDER BY c
	Unique  (cost=3654.66..3659.31 rows=929 width=121)
	  ->  Sort  (cost=3654.66..3656.99 rows=929 width=121)
	        Sort Key: c
	        ->  Bitmap Heap Scan on sbtest3  (cost=29.96..3608.87 rows=929 width=121)
	              Recheck Cond: ((id >= 4509324) AND (id <= 4510323))
	              ->  Bitmap Index Scan on sbtest3_pkey  (cost=0.00..29.72 rows=929 width=0)
	                    Index Cond: ((id >= 4509324) AND (id <= 4510323))

table 4 : explain SELECT DISTINCT c FROM sbtest4 WHERE id BETWEEN 3434953 AND 3435952 ORDER BY c
	Unique  (cost=3906.93..3911.90 rows=995 width=121)
	  ->  Sort  (cost=3906.93..3909.42 rows=995 width=121)
	        Sort Key: c
	        ->  Bitmap Heap Scan on sbtest4  (cost=30.63..3857.39 rows=995 width=121)
	              Recheck Cond: ((id >= 3434953) AND (id <= 3435952))
	              ->  Bitmap Index Scan on sbtest4_pkey  (cost=0.00..30.39 rows=995 width=0)
	                    Index Cond: ((id >= 3434953) AND (id <= 3435952))

table 5 : explain SELECT DISTINCT c FROM sbtest5 WHERE id BETWEEN 87391 AND 88390 ORDER BY c
	Unique  (cost=3564.98..3569.52 rows=908 width=121)
	  ->  Sort  (cost=3564.98..3567.25 rows=908 width=121)
	        Sort Key: c
	        ->  Bitmap Heap Scan on sbtest5  (cost=25.74..3520.37 rows=908 width=121)
	              Recheck Cond: ((id >= 87391) AND (id <= 88390))
	              ->  Bitmap Index Scan on sbtest5_pkey  (cost=0.00..25.51 rows=908 width=0)
	                    Index Cond: ((id >= 87391) AND (id <= 88390))

table 6 : explain SELECT DISTINCT c FROM sbtest6 WHERE id BETWEEN 6410961 AND 6411960 ORDER BY c
	Unique  (cost=3919.37..3924.36 rows=999 width=121)
	  ->  Sort  (cost=3919.37..3921.86 rows=999 width=121)
	        Sort Key: c
	        ->  Bitmap Heap Scan on sbtest6  (cost=30.67..3869.59 rows=999 width=121)
	              Recheck Cond: ((id >= 6410961) AND (id <= 6411960))
	              ->  Bitmap Index Scan on sbtest6_pkey  (cost=0.00..30.43 rows=999 width=0)
	                    Index Cond: ((id >= 6410961) AND (id <= 6411960))

table 7 : explain SELECT DISTINCT c FROM sbtest7 WHERE id BETWEEN 5259847 AND 5260846 ORDER BY c
	Unique  (cost=4031.25..4036.38 rows=1027 width=121)
	  ->  Sort  (cost=4031.25..4033.82 rows=1027 width=121)
	        Sort Key: c
	        ->  Bitmap Heap Scan on sbtest7  (cost=30.96..3979.88 rows=1027 width=121)
	              Recheck Cond: ((id >= 5259847) AND (id <= 5260846))
	              ->  Bitmap Index Scan on sbtest7_pkey  (cost=0.00..30.70 rows=1027 width=0)
	                    Index Cond: ((id >= 5259847) AND (id <= 5260846))

table 8 : explain SELECT DISTINCT c FROM sbtest8 WHERE id BETWEEN 9738473 AND 9739472 ORDER BY c
	Unique  (cost=3905.68..3910.66 rows=996 width=121)
	  ->  Sort  (cost=3905.68..3908.17 rows=996 width=121)
	        Sort Key: c
	        ->  Bitmap Heap Scan on sbtest8  (cost=30.64..3856.08 rows=996 width=121)
	              Recheck Cond: ((id >= 9738473) AND (id <= 9739472))
	              ->  Bitmap Index Scan on sbtest8_pkey  (cost=0.00..30.39 rows=996 width=0)
	                    Index Cond: ((id >= 9738473) AND (id <= 9739472))

for: distinct_ranges
table 1 : explain SELECT DISTINCT c FROM sbtest1 WHERE id BETWEEN 3416210 AND 3417209 ORDER BY c
	Unique  (cost=4056.27..4061.45 rows=1035 width=121)
	  ->  Sort  (cost=4056.27..4058.86 rows=1035 width=121)
	        Sort Key: c
	        ->  Bitmap Heap Scan on sbtest1  (cost=31.04..4004.44 rows=1035 width=121)
	              Recheck Cond: ((id >= 3416210) AND (id <= 3417209))
	              ->  Bitmap Index Scan on sbtest1_pkey  (cost=0.00..30.79 rows=1035 width=0)
	                    Index Cond: ((id >= 3416210) AND (id <= 3417209))

table 2 : explain SELECT DISTINCT c FROM sbtest2 WHERE id BETWEEN 2097613 AND 2098612 ORDER BY c
	Unique  (cost=3560.70..3565.24 rows=907 width=121)
	  ->  Sort  (cost=3560.70..3562.97 rows=907 width=121)
	        Sort Key: c
	        ->  Bitmap Heap Scan on sbtest2  (cost=25.73..3516.15 rows=907 width=121)
	              Recheck Cond: ((id >= 2097613) AND (id <= 2098612))
	              ->  Bitmap Index Scan on sbtest2_pkey  (cost=0.00..25.50 rows=907 width=0)
	                    Index Cond: ((id >= 2097613) AND (id <= 2098612))

table 3 : explain SELECT DISTINCT c FROM sbtest3 WHERE id BETWEEN 4557806 AND 4558805 ORDER BY c
	Unique  (cost=3931.13..3936.14 rows=1001 width=121)
	  ->  Sort  (cost=3931.13..3933.63 rows=1001 width=121)
	        Sort Key: c
	        ->  Bitmap Heap Scan on sbtest3  (cost=30.70..3881.24 rows=1001 width=121)
	              Recheck Cond: ((id >= 4557806) AND (id <= 4558805))
	              ->  Bitmap Index Scan on sbtest3_pkey  (cost=0.00..30.44 rows=1001 width=0)
	                    Index Cond: ((id >= 4557806) AND (id <= 4558805))

table 4 : explain SELECT DISTINCT c FROM sbtest4 WHERE id BETWEEN 1555518 AND 1556517 ORDER BY c
	Unique  (cost=3849.40..3854.30 rows=980 width=121)
	  ->  Sort  (cost=3849.40..3851.85 rows=980 width=121)
	        Sort Key: c
	        ->  Bitmap Heap Scan on sbtest4  (cost=30.48..3800.71 rows=980 width=121)
	              Recheck Cond: ((id >= 1555518) AND (id <= 1556517))
	              ->  Bitmap Index Scan on sbtest4_pkey  (cost=0.00..30.23 rows=980 width=0)
	                    Index Cond: ((id >= 1555518) AND (id <= 1556517))

table 5 : explain SELECT DISTINCT c FROM sbtest5 WHERE id BETWEEN 9474636 AND 9475635 ORDER BY c
	Unique  (cost=3837.37..3842.26 rows=978 width=121)
	  ->  Sort  (cost=3837.37..3839.82 rows=978 width=121)
	        Sort Key: c
	        ->  Bitmap Heap Scan on sbtest5  (cost=30.46..3788.80 rows=978 width=121)
	              Recheck Cond: ((id >= 9474636) AND (id <= 9475635))
	              ->  Bitmap Index Scan on sbtest5_pkey  (cost=0.00..30.21 rows=978 width=0)
	                    Index Cond: ((id >= 9474636) AND (id <= 9475635))

table 6 : explain SELECT DISTINCT c FROM sbtest6 WHERE id BETWEEN 8450648 AND 8451647 ORDER BY c
	Unique  (cost=3792.92..3797.75 rows=966 width=121)
	  ->  Sort  (cost=3792.92..3795.34 rows=966 width=121)
	        Sort Key: c
	        ->  Bitmap Heap Scan on sbtest6  (cost=30.34..3745.03 rows=966 width=121)
	              Recheck Cond: ((id >= 8450648) AND (id <= 8451647))
	              ->  Bitmap Index Scan on sbtest6_pkey  (cost=0.00..30.09 rows=966 width=0)
	                    Index Cond: ((id >= 8450648) AND (id <= 8451647))

table 7 : explain SELECT DISTINCT c FROM sbtest7 WHERE id BETWEEN 6209488 AND 6210487 ORDER BY c
	Unique  (cost=4054.25..4059.41 rows=1033 width=121)
	  ->  Sort  (cost=4054.25..4056.83 rows=1033 width=121)
	        Sort Key: c
	        ->  Bitmap Heap Scan on sbtest7  (cost=31.02..4002.53 rows=1033 width=121)
	              Recheck Cond: ((id >= 6209488) AND (id <= 6210487))
	              ->  Bitmap Index Scan on sbtest7_pkey  (cost=0.00..30.76 rows=1033 width=0)
	                    Index Cond: ((id >= 6209488) AND (id <= 6210487))

table 8 : explain SELECT DISTINCT c FROM sbtest8 WHERE id BETWEEN 6660216 AND 6661215 ORDER BY c
	Unique  (cost=4085.40..4090.62 rows=1043 width=121)
	  ->  Sort  (cost=4085.40..4088.01 rows=1043 width=121)
	        Sort Key: c
	        ->  Bitmap Heap Scan on sbtest8  (cost=31.13..4033.11 rows=1043 width=121)
	              Recheck Cond: ((id >= 6660216) AND (id <= 6661215))
	              ->  Bitmap Index Scan on sbtest8_pkey  (cost=0.00..30.86 rows=1043 width=0)
	                    Index Cond: ((id >= 6660216) AND (id <= 6661215))

for: order_ranges
table 1 : explain SELECT c FROM sbtest1 WHERE id BETWEEN 2452453 AND 2453452 ORDER BY c
	Sort  (cost=4006.55..4009.10 rows=1022 width=121)
	  Sort Key: c
	  ->  Bitmap Heap Scan on sbtest1  (cost=30.91..3955.46 rows=1022 width=121)
	        Recheck Cond: ((id >= 2452453) AND (id <= 2453452))
	        ->  Bitmap Index Scan on sbtest1_pkey  (cost=0.00..30.65 rows=1022 width=0)
	              Index Cond: ((id >= 2452453) AND (id <= 2453452))

table 2 : explain SELECT c FROM sbtest2 WHERE id BETWEEN 9099284 AND 9100283 ORDER BY c
	Sort  (cost=3951.70..3954.22 rows=1008 width=121)
	  Sort Key: c
	  ->  Bitmap Heap Scan on sbtest2  (cost=30.77..3901.41 rows=1008 width=121)
	        Recheck Cond: ((id >= 9099284) AND (id <= 9100283))
	        ->  Bitmap Index Scan on sbtest2_pkey  (cost=0.00..30.51 rows=1008 width=0)
	              Index Cond: ((id >= 9099284) AND (id <= 9100283))

table 3 : explain SELECT c FROM sbtest3 WHERE id BETWEEN 3509172 AND 3510171 ORDER BY c
	Sort  (cost=4095.95..4098.56 rows=1044 width=121)
	  Sort Key: c
	  ->  Bitmap Heap Scan on sbtest3  (cost=31.14..4043.61 rows=1044 width=121)
	        Recheck Cond: ((id >= 3509172) AND (id <= 3510171))
	        ->  Bitmap Index Scan on sbtest3_pkey  (cost=0.00..30.87 rows=1044 width=0)
	              Index Cond: ((id >= 3509172) AND (id <= 3510171))

table 4 : explain SELECT c FROM sbtest4 WHERE id BETWEEN 7029939 AND 7030938 ORDER BY c
	Sort  (cost=3507.34..3509.57 rows=892 width=121)
	  Sort Key: c
	  ->  Bitmap Heap Scan on sbtest4  (cost=25.58..3463.63 rows=892 width=121)
	        Recheck Cond: ((id >= 7029939) AND (id <= 7030938))
	        ->  Bitmap Index Scan on sbtest4_pkey  (cost=0.00..25.36 rows=892 width=0)
	              Index Cond: ((id >= 7029939) AND (id <= 7030938))

table 5 : explain SELECT c FROM sbtest5 WHERE id BETWEEN 7493509 AND 7494508 ORDER BY c
	Sort  (cost=4021.07..4023.63 rows=1026 width=121)
	  Sort Key: c
	  ->  Bitmap Heap Scan on sbtest5  (cost=30.95..3969.75 rows=1026 width=121)
	        Recheck Cond: ((id >= 7493509) AND (id <= 7494508))
	        ->  Bitmap Index Scan on sbtest5_pkey  (cost=0.00..30.69 rows=1026 width=0)
	              Index Cond: ((id >= 7493509) AND (id <= 7494508))

table 6 : explain SELECT c FROM sbtest6 WHERE id BETWEEN 8924031 AND 8925030 ORDER BY c
	Sort  (cost=3493.37..3495.59 rows=889 width=121)
	  Sort Key: c
	  ->  Bitmap Heap Scan on sbtest6  (cost=25.55..3449.82 rows=889 width=121)
	        Recheck Cond: ((id >= 8924031) AND (id <= 8925030))
	        ->  Bitmap Index Scan on sbtest6_pkey  (cost=0.00..25.32 rows=889 width=0)
	              Index Cond: ((id >= 8924031) AND (id <= 8925030))

table 7 : explain SELECT c FROM sbtest7 WHERE id BETWEEN 5018764 AND 5019763 ORDER BY c
	Sort  (cost=3897.02..3899.50 rows=992 width=121)
	  Sort Key: c
	  ->  Bitmap Heap Scan on sbtest7  (cost=30.60..3847.64 rows=992 width=121)
	        Recheck Cond: ((id >= 5018764) AND (id <= 5019763))
	        ->  Bitmap Index Scan on sbtest7_pkey  (cost=0.00..30.36 rows=992 width=0)
	              Index Cond: ((id >= 5018764) AND (id <= 5019763))

table 8 : explain SELECT c FROM sbtest8 WHERE id BETWEEN 1231248 AND 1232247 ORDER BY c
	Sort  (cost=3905.68..3908.17 rows=996 width=121)
	  Sort Key: c
	  ->  Bitmap Heap Scan on sbtest8  (cost=30.64..3856.08 rows=996 width=121)
	        Recheck Cond: ((id >= 1231248) AND (id <= 1232247))
	        ->  Bitmap Index Scan on sbtest8_pkey  (cost=0.00..30.39 rows=996 width=0)
	              Index Cond: ((id >= 1231248) AND (id <= 1232247))

for: order_ranges
table 1 : explain SELECT c FROM sbtest1 WHERE id BETWEEN 7707501 AND 7708500 ORDER BY c
	Sort  (cost=4144.20..4146.84 rows=1058 width=121)
	  Sort Key: c
	  ->  Bitmap Heap Scan on sbtest1  (cost=31.28..4091.05 rows=1058 width=121)
	        Recheck Cond: ((id >= 7707501) AND (id <= 7708500))
	        ->  Bitmap Index Scan on sbtest1_pkey  (cost=0.00..31.01 rows=1058 width=0)
	              Index Cond: ((id >= 7707501) AND (id <= 7708500))

table 2 : explain SELECT c FROM sbtest2 WHERE id BETWEEN 9339282 AND 9340281 ORDER BY c
	Sort  (cost=4413.79..4416.62 rows=1130 width=121)
	  Sort Key: c
	  ->  Bitmap Heap Scan on sbtest2  (cost=32.02..4356.49 rows=1130 width=121)
	        Recheck Cond: ((id >= 9339282) AND (id <= 9340281))
	        ->  Bitmap Index Scan on sbtest2_pkey  (cost=0.00..31.73 rows=1130 width=0)
	              Index Cond: ((id >= 9339282) AND (id <= 9340281))

table 3 : explain SELECT c FROM sbtest3 WHERE id BETWEEN 2852214 AND 2853213 ORDER BY c
	Sort  (cost=3762.25..3764.64 rows=957 width=121)
	  Sort Key: c
	  ->  Bitmap Heap Scan on sbtest3  (cost=30.24..3714.87 rows=957 width=121)
	        Recheck Cond: ((id >= 2852214) AND (id <= 2853213))
	        ->  Bitmap Index Scan on sbtest3_pkey  (cost=0.00..30.00 rows=957 width=0)
	              Index Cond: ((id >= 2852214) AND (id <= 2853213))

table 4 : explain SELECT c FROM sbtest4 WHERE id BETWEEN 6913789 AND 6914788 ORDER BY c
	Sort  (cost=3699.69..3702.05 rows=941 width=121)
	  Sort Key: c
	  ->  Bitmap Heap Scan on sbtest4  (cost=30.08..3653.22 rows=941 width=121)
	        Recheck Cond: ((id >= 6913789) AND (id <= 6914788))
	        ->  Bitmap Index Scan on sbtest4_pkey  (cost=0.00..29.84 rows=941 width=0)
	              Index Cond: ((id >= 6913789) AND (id <= 6914788))

table 5 : explain SELECT c FROM sbtest5 WHERE id BETWEEN 498157 AND 499156 ORDER BY c
	Sort  (cost=4158.66..4161.31 rows=1062 width=121)
	  Sort Key: c
	  ->  Bitmap Heap Scan on sbtest5  (cost=31.32..4105.28 rows=1062 width=121)
	        Recheck Cond: ((id >= 498157) AND (id <= 499156))
	        ->  Bitmap Index Scan on sbtest5_pkey  (cost=0.00..31.05 rows=1062 width=0)
	              Index Cond: ((id >= 498157) AND (id <= 499156))

table 6 : explain SELECT c FROM sbtest6 WHERE id BETWEEN 715276 AND 716275 ORDER BY c
	Sort  (cost=3577.89..3580.16 rows=911 width=121)
	  Sort Key: c
	  ->  Bitmap Heap Scan on sbtest6  (cost=25.77..3533.10 rows=911 width=121)
	        Recheck Cond: ((id >= 715276) AND (id <= 716275))
	        ->  Bitmap Index Scan on sbtest6_pkey  (cost=0.00..25.54 rows=911 width=0)
	              Index Cond: ((id >= 715276) AND (id <= 716275))

table 7 : explain SELECT c FROM sbtest7 WHERE id BETWEEN 9799876 AND 9800875 ORDER BY c
	Sort  (cost=3766.48..3768.88 rows=958 width=121)
	  Sort Key: c
	  ->  Bitmap Heap Scan on sbtest7  (cost=30.25..3719.04 rows=958 width=121)
	        Recheck Cond: ((id >= 9799876) AND (id <= 9800875))
	        ->  Bitmap Index Scan on sbtest7_pkey  (cost=0.00..30.01 rows=958 width=0)
	              Index Cond: ((id >= 9799876) AND (id <= 9800875))

table 8 : explain SELECT c FROM sbtest8 WHERE id BETWEEN 3838018 AND 3839017 ORDER BY c
	Sort  (cost=4024.25..4026.82 rows=1027 width=121)
	  Sort Key: c
	  ->  Bitmap Heap Scan on sbtest8  (cost=30.96..3972.88 rows=1027 width=121)
	        Recheck Cond: ((id >= 3838018) AND (id <= 3839017))
	        ->  Bitmap Index Scan on sbtest8_pkey  (cost=0.00..30.70 rows=1027 width=0)
	              Index Cond: ((id >= 3838018) AND (id <= 3839017))

for: distinct_ranges
table 1 : explain SELECT DISTINCT c FROM sbtest1 WHERE id BETWEEN 3924329 AND 3925328 ORDER BY c
	Unique  (cost=3592.51..3597.09 rows=915 width=121)
	  ->  Sort  (cost=3592.51..3594.80 rows=915 width=121)
	        Sort Key: c
	        ->  Bitmap Heap Scan on sbtest1  (cost=25.81..3547.50 rows=915 width=121)
	              Recheck Cond: ((id >= 3924329) AND (id <= 3925328))
	              ->  Bitmap Index Scan on sbtest1_pkey  (cost=0.00..25.58 rows=915 width=0)
	                    Index Cond: ((id >= 3924329) AND (id <= 3925328))

table 2 : explain SELECT DISTINCT c FROM sbtest2 WHERE id BETWEEN 5317048 AND 5318047 ORDER BY c
	Unique  (cost=3748.78..3753.55 rows=955 width=121)
	  ->  Sort  (cost=3748.78..3751.17 rows=955 width=121)
	        Sort Key: c
	        ->  Bitmap Heap Scan on sbtest2  (cost=30.22..3701.51 rows=955 width=121)
	              Recheck Cond: ((id >= 5317048) AND (id <= 5318047))
	              ->  Bitmap Index Scan on sbtest2_pkey  (cost=0.00..29.98 rows=955 width=0)
	                    Index Cond: ((id >= 5317048) AND (id <= 5318047))

table 3 : explain SELECT DISTINCT c FROM sbtest3 WHERE id BETWEEN 9101481 AND 9102480 ORDER BY c
	Unique  (cost=3493.10..3497.54 rows=887 width=121)
	  ->  Sort  (cost=3493.10..3495.32 rows=887 width=121)
	        Sort Key: c
	        ->  Bitmap Heap Scan on sbtest3  (cost=29.53..3449.67 rows=887 width=121)
	              Recheck Cond: ((id >= 9101481) AND (id <= 9102480))
	              ->  Bitmap Index Scan on sbtest3_pkey  (cost=0.00..29.30 rows=887 width=0)
	                    Index Cond: ((id >= 9101481) AND (id <= 9102480))

table 4 : explain SELECT DISTINCT c FROM sbtest4 WHERE id BETWEEN 3573832 AND 3574831 ORDER BY c
	Unique  (cost=4568.67..4574.52 rows=1169 width=121)
	  ->  Sort  (cost=4568.67..4571.59 rows=1169 width=121)
	        Sort Key: c
	        ->  Bitmap Heap Scan on sbtest4  (cost=32.42..4509.11 rows=1169 width=121)
	              Recheck Cond: ((id >= 3573832) AND (id <= 3574831))
	              ->  Bitmap Index Scan on sbtest4_pkey  (cost=0.00..32.12 rows=1169 width=0)
	                    Index Cond: ((id >= 3573832) AND (id <= 3574831))

table 5 : explain SELECT DISTINCT c FROM sbtest5 WHERE id BETWEEN 3383239 AND 3384238 ORDER BY c
	Unique  (cost=3829.71..3834.59 rows=976 width=121)
	  ->  Sort  (cost=3829.71..3832.15 rows=976 width=121)
	        Sort Key: c
	        ->  Bitmap Heap Scan on sbtest5  (cost=30.44..3781.25 rows=976 width=121)
	              Recheck Cond: ((id >= 3383239) AND (id <= 3384238))
	              ->  Bitmap Index Scan on sbtest5_pkey  (cost=0.00..30.19 rows=976 width=0)
	                    Index Cond: ((id >= 3383239) AND (id <= 3384238))

table 6 : explain SELECT DISTINCT c FROM sbtest6 WHERE id BETWEEN 7011612 AND 7012611 ORDER BY c
	Unique  (cost=4225.36..4230.76 rows=1079 width=121)
	  ->  Sort  (cost=4225.36..4228.06 rows=1079 width=121)
	        Sort Key: c
	        ->  Bitmap Heap Scan on sbtest6  (cost=31.49..4171.01 rows=1079 width=121)
	              Recheck Cond: ((id >= 7011612) AND (id <= 7012611))
	              ->  Bitmap Index Scan on sbtest6_pkey  (cost=0.00..31.22 rows=1079 width=0)
	                    Index Cond: ((id >= 7011612) AND (id <= 7012611))

table 7 : explain SELECT DISTINCT c FROM sbtest7 WHERE id BETWEEN 1539008 AND 1540007 ORDER BY c
	Unique  (cost=4375.96..4381.54 rows=1116 width=121)
	  ->  Sort  (cost=4375.96..4378.75 rows=1116 width=121)
	        Sort Key: c
	        ->  Bitmap Heap Scan on sbtest7  (cost=35.87..4319.47 rows=1116 width=121)
	              Recheck Cond: ((id >= 1539008) AND (id <= 1540007))
	              ->  Bitmap Index Scan on sbtest7_pkey  (cost=0.00..35.59 rows=1116 width=0)
	                    Index Cond: ((id >= 1539008) AND (id <= 1540007))

table 8 : explain SELECT DISTINCT c FROM sbtest8 WHERE id BETWEEN 4517866 AND 4518865 ORDER BY c
	Unique  (cost=4165.62..4170.94 rows=1064 width=121)
	  ->  Sort  (cost=4165.62..4168.28 rows=1064 width=121)
	        Sort Key: c
	        ->  Bitmap Heap Scan on sbtest8  (cost=31.34..4112.12 rows=1064 width=121)
	              Recheck Cond: ((id >= 4517866) AND (id <= 4518865))
	              ->  Bitmap Index Scan on sbtest8_pkey  (cost=0.00..31.07 rows=1064 width=0)
	                    Index Cond: ((id >= 4517866) AND (id <= 4518865))

for: distinct_ranges
table 1 : explain SELECT DISTINCT c FROM sbtest1 WHERE id BETWEEN 9590685 AND 9591684 ORDER BY c
	Unique  (cost=3450.39..3454.78 rows=878 width=121)
	  ->  Sort  (cost=3450.39..3452.59 rows=878 width=121)
	        Sort Key: c
	        ->  Bitmap Heap Scan on sbtest1  (cost=25.43..3407.47 rows=878 width=121)
	              Recheck Cond: ((id >= 9590685) AND (id <= 9591684))
	              ->  Bitmap Index Scan on sbtest1_pkey  (cost=0.00..25.21 rows=878 width=0)
	                    Index Cond: ((id >= 9590685) AND (id <= 9591684))

table 2 : explain SELECT DISTINCT c FROM sbtest2 WHERE id BETWEEN 9283840 AND 9284839 ORDER BY c
	Unique  (cost=3587.57..3592.14 rows=914 width=121)
	  ->  Sort  (cost=3587.57..3589.85 rows=914 width=121)
	        Sort Key: c
	        ->  Bitmap Heap Scan on sbtest2  (cost=25.80..3542.62 rows=914 width=121)
	              Recheck Cond: ((id >= 9283840) AND (id <= 9284839))
	              ->  Bitmap Index Scan on sbtest2_pkey  (cost=0.00..25.57 rows=914 width=0)
	                    Index Cond: ((id >= 9283840) AND (id <= 9284839))

table 3 : explain SELECT DISTINCT c FROM sbtest3 WHERE id BETWEEN 3471145 AND 3472144 ORDER BY c
	Unique  (cost=4095.95..4101.17 rows=1044 width=121)
	  ->  Sort  (cost=4095.95..4098.56 rows=1044 width=121)
	        Sort Key: c
	        ->  Bitmap Heap Scan on sbtest3  (cost=31.14..4043.61 rows=1044 width=121)
	              Recheck Cond: ((id >= 3471145) AND (id <= 3472144))
	              ->  Bitmap Index Scan on sbtest3_pkey  (cost=0.00..30.87 rows=1044 width=0)
	                    Index Cond: ((id >= 3471145) AND (id <= 3472144))

table 4 : explain SELECT DISTINCT c FROM sbtest4 WHERE id BETWEEN 2053491 AND 2054490 ORDER BY c
	Unique  (cost=3983.60..3988.67 rows=1015 width=121)
	  ->  Sort  (cost=3983.60..3986.13 rows=1015 width=121)
	        Sort Key: c
	        ->  Bitmap Heap Scan on sbtest4  (cost=30.84..3932.91 rows=1015 width=121)
	              Recheck Cond: ((id >= 2053491) AND (id <= 2054490))
	              ->  Bitmap Index Scan on sbtest4_pkey  (cost=0.00..30.58 rows=1015 width=0)
	                    Index Cond: ((id >= 2053491) AND (id <= 2054490))

table 5 : explain SELECT DISTINCT c FROM sbtest5 WHERE id BETWEEN 6179528 AND 6180527 ORDER BY c
	Unique  (cost=3806.73..3811.58 rows=970 width=121)
	  ->  Sort  (cost=3806.73..3809.16 rows=970 width=121)
	        Sort Key: c
	        ->  Bitmap Heap Scan on sbtest5  (cost=30.38..3758.61 rows=970 width=121)
	              Recheck Cond: ((id >= 6179528) AND (id <= 6180527))
	              ->  Bitmap Index Scan on sbtest5_pkey  (cost=0.00..30.14 rows=970 width=0)
	                    Index Cond: ((id >= 6179528) AND (id <= 6180527))

table 6 : explain SELECT DISTINCT c FROM sbtest6 WHERE id BETWEEN 1665567 AND 1666566 ORDER BY c
	Unique  (cost=3762.25..3767.04 rows=958 width=121)
	  ->  Sort  (cost=3762.25..3764.64 rows=958 width=121)
	        Sort Key: c
	        ->  Bitmap Heap Scan on sbtest6  (cost=30.25..3714.81 rows=958 width=121)
	              Recheck Cond: ((id >= 1665567) AND (id <= 1666566))
	              ->  Bitmap Index Scan on sbtest6_pkey  (cost=0.00..30.01 rows=958 width=0)
	                    Index Cond: ((id >= 1665567) AND (id <= 1666566))

table 7 : explain SELECT DISTINCT c FROM sbtest7 WHERE id BETWEEN 3507362 AND 3508361 ORDER BY c
	Unique  (cost=4061.91..4067.09 rows=1035 width=121)
	  ->  Sort  (cost=4061.91..4064.50 rows=1035 width=121)
	        Sort Key: c
	        ->  Bitmap Heap Scan on sbtest7  (cost=31.04..4010.08 rows=1035 width=121)
	              Recheck Cond: ((id >= 3507362) AND (id <= 3508361))
	              ->  Bitmap Index Scan on sbtest7_pkey  (cost=0.00..30.79 rows=1035 width=0)
	                    Index Cond: ((id >= 3507362) AND (id <= 3508361))

table 8 : explain SELECT DISTINCT c FROM sbtest8 WHERE id BETWEEN 2025504 AND 2026503 ORDER BY c
	Unique  (cost=3764.01..3768.80 rows=959 width=121)
	  ->  Sort  (cost=3764.01..3766.40 rows=959 width=121)
	        Sort Key: c
	        ->  Bitmap Heap Scan on sbtest8  (cost=30.26..3716.51 rows=959 width=121)
	              Recheck Cond: ((id >= 2025504) AND (id <= 2026503))
	              ->  Bitmap Index Scan on sbtest8_pkey  (cost=0.00..30.02 rows=959 width=0)
	                    Index Cond: ((id >= 2025504) AND (id <= 2026503))

for: distinct_ranges
table 1 : explain SELECT DISTINCT c FROM sbtest1 WHERE id BETWEEN 6400117 AND 6401116 ORDER BY c
	Unique  (cost=3822.78..3827.65 rows=974 width=121)
	  ->  Sort  (cost=3822.78..3825.21 rows=974 width=121)
	        Sort Key: c
	        ->  Bitmap Heap Scan on sbtest1  (cost=30.42..3774.43 rows=974 width=121)
	              Recheck Cond: ((id >= 6400117) AND (id <= 6401116))
	              ->  Bitmap Index Scan on sbtest1_pkey  (cost=0.00..30.18 rows=974 width=0)
	                    Index Cond: ((id >= 6400117) AND (id <= 6401116))

table 2 : explain SELECT DISTINCT c FROM sbtest2 WHERE id BETWEEN 4385781 AND 4386780 ORDER BY c
	Unique  (cost=3856.02..3860.94 rows=983 width=121)
	  ->  Sort  (cost=3856.02..3858.48 rows=983 width=121)
	        Sort Key: c
	        ->  Bitmap Heap Scan on sbtest2  (cost=30.51..3807.16 rows=983 width=121)
	              Recheck Cond: ((id >= 4385781) AND (id <= 4386780))
	              ->  Bitmap Index Scan on sbtest2_pkey  (cost=0.00..30.26 rows=983 width=0)
	                    Index Cond: ((id >= 4385781) AND (id <= 4386780))

table 3 : explain SELECT DISTINCT c FROM sbtest3 WHERE id BETWEEN 8168569 AND 8169568 ORDER BY c
	Unique  (cost=4356.36..4361.91 rows=1111 width=121)
	  ->  Sort  (cost=4356.36..4359.13 rows=1111 width=121)
	        Sort Key: c
	        ->  Bitmap Heap Scan on sbtest3  (cost=35.82..4300.15 rows=1111 width=121)
	              Recheck Cond: ((id >= 8168569) AND (id <= 8169568))
	              ->  Bitmap Index Scan on sbtest3_pkey  (cost=0.00..35.55 rows=1111 width=0)
	                    Index Cond: ((id >= 8168569) AND (id <= 8169568))

table 4 : explain SELECT DISTINCT c FROM sbtest4 WHERE id BETWEEN 1220122 AND 1221121 ORDER BY c
	Unique  (cost=3887.76..3892.71 rows=990 width=121)
	  ->  Sort  (cost=3887.76..3890.23 rows=990 width=121)
	        Sort Key: c
	        ->  Bitmap Heap Scan on sbtest4  (cost=30.58..3838.50 rows=990 width=121)
	              Recheck Cond: ((id >= 1220122) AND (id <= 1221121))
	              ->  Bitmap Index Scan on sbtest4_pkey  (cost=0.00..30.33 rows=990 width=0)
	                    Index Cond: ((id >= 1220122) AND (id <= 1221121))

table 5 : explain SELECT DISTINCT c FROM sbtest5 WHERE id BETWEEN 2216203 AND 2217202 ORDER BY c
	Unique  (cost=3580.34..3584.90 rows=912 width=121)
	  ->  Sort  (cost=3580.34..3582.62 rows=912 width=121)
	        Sort Key: c
	        ->  Bitmap Heap Scan on sbtest5  (cost=25.78..3535.50 rows=912 width=121)
	              Recheck Cond: ((id >= 2216203) AND (id <= 2217202))
	              ->  Bitmap Index Scan on sbtest5_pkey  (cost=0.00..25.55 rows=912 width=0)
	                    Index Cond: ((id >= 2216203) AND (id <= 2217202))

table 6 : explain SELECT DISTINCT c FROM sbtest6 WHERE id BETWEEN 9778530 AND 9779529 ORDER BY c
	Unique  (cost=3907.88..3912.86 rows=996 width=121)
	  ->  Sort  (cost=3907.88..3910.37 rows=996 width=121)
	        Sort Key: c
	        ->  Bitmap Heap Scan on sbtest6  (cost=30.64..3858.28 rows=996 width=121)
	              Recheck Cond: ((id >= 9778530) AND (id <= 9779529))
	              ->  Bitmap Index Scan on sbtest6_pkey  (cost=0.00..30.39 rows=996 width=0)
	                    Index Cond: ((id >= 9778530) AND (id <= 9779529))

table 7 : explain SELECT DISTINCT c FROM sbtest7 WHERE id BETWEEN 5325036 AND 5326035 ORDER BY c
	Unique  (cost=4031.25..4036.38 rows=1027 width=121)
	  ->  Sort  (cost=4031.25..4033.82 rows=1027 width=121)
	        Sort Key: c
	        ->  Bitmap Heap Scan on sbtest7  (cost=30.96..3979.88 rows=1027 width=121)
	              Recheck Cond: ((id >= 5325036) AND (id <= 5326035))
	              ->  Bitmap Index Scan on sbtest7_pkey  (cost=0.00..30.70 rows=1027 width=0)
	                    Index Cond: ((id >= 5325036) AND (id <= 5326035))

table 8 : explain SELECT DISTINCT c FROM sbtest8 WHERE id BETWEEN 9276339 AND 9277338 ORDER BY c
	Unique  (cost=3959.24..3964.29 rows=1010 width=121)
	  ->  Sort  (cost=3959.24..3961.77 rows=1010 width=121)
	        Sort Key: c
	        ->  Bitmap Heap Scan on sbtest8  (cost=30.79..3908.84 rows=1010 width=121)
	              Recheck Cond: ((id >= 9276339) AND (id <= 9277338))
	              ->  Bitmap Index Scan on sbtest8_pkey  (cost=0.00..30.54 rows=1010 width=0)
	                    Index Cond: ((id >= 9276339) AND (id <= 9277338))

Threads started!

Warming up for 5 seconds...

SQL statistics:
    queries performed:
        read:                            91538977
        write:                           0
        other:                           16643476
        total:                           108182453
    transactions:                        8321758 (13209.00 per sec.)
    queries:                             108182453 (171716.32 per sec.)
    ignored errors:                      0      (0.00 per sec.)
    reconnects:                          0      (0.00 per sec.)

Throughput:
    events/s (eps):                      13208.9970
    time elapsed:                        630.0069s
    total number of events:              8321758

Latency (ms):
         min:                                    0.50
         avg:                                    3.03
         max:                                   15.27
         95th percentile:                        3.13
         sum:                             25190755.41

Threads fairness:
    events (avg/stddev):           208043.7250/452.97
    execution time (avg/stddev):   629.7689/0.00

