LUA_PATH=/home/mdcallag/git/mytools/bench/sysbench.lua/lua/?.lua /home/mdcallag/git/mytools/bench/sysbench.lua/lua/sysbench --db-driver=pgsql --range-size=100 --table-size=10000000 --tables=8 --threads=40 --events=0 --warmup-time=5 --time=930 --pgsql_conn_id=true /home/mdcallag/git/mytools/bench/sysbench.lua/lua/oltp_inlist_update.lua run --pgsql-user=root --pgsql-password=pw --pgsql-host=127.0.0.1 --pgsql-db=ib --rand-type=uniform
48 CPUs
sysbench 1.1.0-9072687 (using bundled LuaJIT 2.1.0-beta3)

Running the test with following options:
Number of threads: 40
Warmup time: 5s
Initializing random number generator from current time


Initializing worker threads...

explain: for update-inlist :: explain UPDATE sbtest%d set c=7 WHERE id IN ( 9202649, 9769862, 7360362, 2286657, 6064986, 6559877, 9152957, 5300788, 739468, 8886317)
explain: for update-inlist :: explain UPDATE sbtest%d set c=7 WHERE id IN ( 5943292, 5257505, 2746918, 9150446, 9029495, 9150958, 4036721, 9991607, 4907682, 2838043)
for update-inlist
table 1 : explain UPDATE sbtest1 set c=7 WHERE id IN ( 9202649, 9769862, 7360362, 2286657, 6064986, 6559877, 9152957, 5300788, 739468, 8886317)
	Update on sbtest1  (cost=0.43..48.53 rows=0 width=0)
	  ->  Index Scan using sbtest1_pkey on sbtest1  (cost=0.43..48.53 rows=10 width=490)
	        Index Cond: (id = ANY ('{9202649,9769862,7360362,2286657,6064986,6559877,9152957,5300788,739468,8886317}'::integer[]))

table 2 : explain UPDATE sbtest2 set c=7 WHERE id IN ( 9202649, 9769862, 7360362, 2286657, 6064986, 6559877, 9152957, 5300788, 739468, 8886317)
	Update on sbtest2  (cost=0.43..48.53 rows=0 width=0)
	  ->  Index Scan using sbtest2_pkey on sbtest2  (cost=0.43..48.53 rows=10 width=490)
	        Index Cond: (id = ANY ('{9202649,9769862,7360362,2286657,6064986,6559877,9152957,5300788,739468,8886317}'::integer[]))

table 3 : explain UPDATE sbtest3 set c=7 WHERE id IN ( 9202649, 9769862, 7360362, 2286657, 6064986, 6559877, 9152957, 5300788, 739468, 8886317)
	Update on sbtest3  (cost=0.43..48.53 rows=0 width=0)
	  ->  Index Scan using sbtest3_pkey on sbtest3  (cost=0.43..48.53 rows=10 width=490)
	        Index Cond: (id = ANY ('{9202649,9769862,7360362,2286657,6064986,6559877,9152957,5300788,739468,8886317}'::integer[]))

table 4 : explain UPDATE sbtest4 set c=7 WHERE id IN ( 9202649, 9769862, 7360362, 2286657, 6064986, 6559877, 9152957, 5300788, 739468, 8886317)
	Update on sbtest4  (cost=0.43..48.53 rows=0 width=0)
	  ->  Index Scan using sbtest4_pkey on sbtest4  (cost=0.43..48.53 rows=10 width=490)
	        Index Cond: (id = ANY ('{9202649,9769862,7360362,2286657,6064986,6559877,9152957,5300788,739468,8886317}'::integer[]))

table 5 : explain UPDATE sbtest5 set c=7 WHERE id IN ( 9202649, 9769862, 7360362, 2286657, 6064986, 6559877, 9152957, 5300788, 739468, 8886317)
	Update on sbtest5  (cost=0.43..48.53 rows=0 width=0)
	  ->  Index Scan using sbtest5_pkey on sbtest5  (cost=0.43..48.53 rows=10 width=490)
	        Index Cond: (id = ANY ('{9202649,9769862,7360362,2286657,6064986,6559877,9152957,5300788,739468,8886317}'::integer[]))

table 6 : explain UPDATE sbtest6 set c=7 WHERE id IN ( 9202649, 9769862, 7360362, 2286657, 6064986, 6559877, 9152957, 5300788, 739468, 8886317)
	Update on sbtest6  (cost=0.43..48.53 rows=0 width=0)
	  ->  Index Scan using sbtest6_pkey on sbtest6  (cost=0.43..48.53 rows=10 width=490)
	        Index Cond: (id = ANY ('{9202649,9769862,7360362,2286657,6064986,6559877,9152957,5300788,739468,8886317}'::integer[]))

table 7 : explain UPDATE sbtest7 set c=7 WHERE id IN ( 9202649, 9769862, 7360362, 2286657, 6064986, 6559877, 9152957, 5300788, 739468, 8886317)
	Update on sbtest7  (cost=0.43..48.53 rows=0 width=0)
	  ->  Index Scan using sbtest7_pkey on sbtest7  (cost=0.43..48.53 rows=10 width=490)
	        Index Cond: (id = ANY ('{9202649,9769862,7360362,2286657,6064986,6559877,9152957,5300788,739468,8886317}'::integer[]))

table 8 : explain UPDATE sbtest8 set c=7 WHERE id IN ( 9202649, 9769862, 7360362, 2286657, 6064986, 6559877, 9152957, 5300788, 739468, 8886317)
	Update on sbtest8  (cost=0.43..48.53 rows=0 width=0)
	  ->  Index Scan using sbtest8_pkey on sbtest8  (cost=0.43..48.53 rows=10 width=490)
	        Index Cond: (id = ANY ('{9202649,9769862,7360362,2286657,6064986,6559877,9152957,5300788,739468,8886317}'::integer[]))

for update-inlist
table 1 : explain UPDATE sbtest1 set c=7 WHERE id IN ( 5943292, 5257505, 2746918, 9150446, 9029495, 9150958, 4036721, 9991607, 4907682, 2838043)
	Update on sbtest1  (cost=0.43..48.53 rows=0 width=0)
	  ->  Index Scan using sbtest1_pkey on sbtest1  (cost=0.43..48.53 rows=10 width=490)
	        Index Cond: (id = ANY ('{5943292,5257505,2746918,9150446,9029495,9150958,4036721,9991607,4907682,2838043}'::integer[]))

table 2 : explain UPDATE sbtest2 set c=7 WHERE id IN ( 5943292, 5257505, 2746918, 9150446, 9029495, 9150958, 4036721, 9991607, 4907682, 2838043)
	Update on sbtest2  (cost=0.43..48.53 rows=0 width=0)
	  ->  Index Scan using sbtest2_pkey on sbtest2  (cost=0.43..48.53 rows=10 width=490)
	        Index Cond: (id = ANY ('{5943292,5257505,2746918,9150446,9029495,9150958,4036721,9991607,4907682,2838043}'::integer[]))

table 3 : explain UPDATE sbtest3 set c=7 WHERE id IN ( 5943292, 5257505, 2746918, 9150446, 9029495, 9150958, 4036721, 9991607, 4907682, 2838043)
	Update on sbtest3  (cost=0.43..48.53 rows=0 width=0)
	  ->  Index Scan using sbtest3_pkey on sbtest3  (cost=0.43..48.53 rows=10 width=490)
	        Index Cond: (id = ANY ('{5943292,5257505,2746918,9150446,9029495,9150958,4036721,9991607,4907682,2838043}'::integer[]))

table 4 : explain UPDATE sbtest4 set c=7 WHERE id IN ( 5943292, 5257505, 2746918, 9150446, 9029495, 9150958, 4036721, 9991607, 4907682, 2838043)
	Update on sbtest4  (cost=0.43..48.53 rows=0 width=0)
	  ->  Index Scan using sbtest4_pkey on sbtest4  (cost=0.43..48.53 rows=10 width=490)
	        Index Cond: (id = ANY ('{5943292,5257505,2746918,9150446,9029495,9150958,4036721,9991607,4907682,2838043}'::integer[]))

table 5 : explain UPDATE sbtest5 set c=7 WHERE id IN ( 5943292, 5257505, 2746918, 9150446, 9029495, 9150958, 4036721, 9991607, 4907682, 2838043)
	Update on sbtest5  (cost=0.43..48.53 rows=0 width=0)
	  ->  Index Scan using sbtest5_pkey on sbtest5  (cost=0.43..48.53 rows=10 width=490)
	        Index Cond: (id = ANY ('{5943292,5257505,2746918,9150446,9029495,9150958,4036721,9991607,4907682,2838043}'::integer[]))

table 6 : explain UPDATE sbtest6 set c=7 WHERE id IN ( 5943292, 5257505, 2746918, 9150446, 9029495, 9150958, 4036721, 9991607, 4907682, 2838043)
	Update on sbtest6  (cost=0.43..48.53 rows=0 width=0)
	  ->  Index Scan using sbtest6_pkey on sbtest6  (cost=0.43..48.53 rows=10 width=490)
	        Index Cond: (id = ANY ('{5943292,5257505,2746918,9150446,9029495,9150958,4036721,9991607,4907682,2838043}'::integer[]))

table 7 : explain UPDATE sbtest7 set c=7 WHERE id IN ( 5943292, 5257505, 2746918, 9150446, 9029495, 9150958, 4036721, 9991607, 4907682, 2838043)
	Update on sbtest7  (cost=0.43..48.53 rows=0 width=0)
	  ->  Index Scan using sbtest7_pkey on sbtest7  (cost=0.43..48.53 rows=10 width=490)
	        Index Cond: (id = ANY ('{5943292,5257505,2746918,9150446,9029495,9150958,4036721,9991607,4907682,2838043}'::integer[]))

table 8 : explain UPDATE sbtest8 set c=7 WHERE id IN ( 5943292, 5257505, 2746918, 9150446, 9029495, 9150958, 4036721, 9991607, 4907682, 2838043)
	Update on sbtest8  (cost=0.43..48.53 rows=0 width=0)
	  ->  Index Scan using sbtest8_pkey on sbtest8  (cost=0.43..48.53 rows=10 width=490)
	        Index Cond: (id = ANY ('{5943292,5257505,2746918,9150446,9029495,9150958,4036721,9991607,4907682,2838043}'::integer[]))

explain: for update-inlist :: explain UPDATE sbtest%d set c=7 WHERE id IN ( 6577488, 9814126, 2144120, 9872046, 3638020, 5232509, 3770892, 9605866, 3618631, 5346640)
for update-inlist
table 1 : explain UPDATE sbtest1 set c=7 WHERE id IN ( 6577488, 9814126, 2144120, 9872046, 3638020, 5232509, 3770892, 9605866, 3618631, 5346640)
	Update on sbtest1  (cost=0.43..48.53 rows=0 width=0)
	  ->  Index Scan using sbtest1_pkey on sbtest1  (cost=0.43..48.53 rows=10 width=490)
	        Index Cond: (id = ANY ('{6577488,9814126,2144120,9872046,3638020,5232509,3770892,9605866,3618631,5346640}'::integer[]))

table 2 : explain UPDATE sbtest2 set c=7 WHERE id IN ( 6577488, 9814126, 2144120, 9872046, 3638020, 5232509, 3770892, 9605866, 3618631, 5346640)
	Update on sbtest2  (cost=0.43..48.53 rows=0 width=0)
	  ->  Index Scan using sbtest2_pkey on sbtest2  (cost=0.43..48.53 rows=10 width=490)
	        Index Cond: (id = ANY ('{6577488,9814126,2144120,9872046,3638020,5232509,3770892,9605866,3618631,5346640}'::integer[]))

table 3 : explain UPDATE sbtest3 set c=7 WHERE id IN ( 6577488, 9814126, 2144120, 9872046, 3638020, 5232509, 3770892, 9605866, 3618631, 5346640)
	Update on sbtest3  (cost=0.43..48.53 rows=0 width=0)
	  ->  Index Scan using sbtest3_pkey on sbtest3  (cost=0.43..48.53 rows=10 width=490)
	        Index Cond: (id = ANY ('{6577488,9814126,2144120,9872046,3638020,5232509,3770892,9605866,3618631,5346640}'::integer[]))

table 4 : explain UPDATE sbtest4 set c=7 WHERE id IN ( 6577488, 9814126, 2144120, 9872046, 3638020, 5232509, 3770892, 9605866, 3618631, 5346640)
	Update on sbtest4  (cost=0.43..48.53 rows=0 width=0)
	  ->  Index Scan using sbtest4_pkey on sbtest4  (cost=0.43..48.53 rows=10 width=490)
	        Index Cond: (id = ANY ('{6577488,9814126,2144120,9872046,3638020,5232509,3770892,9605866,3618631,5346640}'::integer[]))

table 5 : explain UPDATE sbtest5 set c=7 WHERE id IN ( 6577488, 9814126, 2144120, 9872046, 3638020, 5232509, 3770892, 9605866, 3618631, 5346640)
	Update on sbtest5  (cost=0.43..48.53 rows=0 width=0)
	  ->  Index Scan using sbtest5_pkey on sbtest5  (cost=0.43..48.53 rows=10 width=490)
	        Index Cond: (id = ANY ('{6577488,9814126,2144120,9872046,3638020,5232509,3770892,9605866,3618631,5346640}'::integer[]))

table 6 : explain UPDATE sbtest6 set c=7 WHERE id IN ( 6577488, 9814126, 2144120, 9872046, 3638020, 5232509, 3770892, 9605866, 3618631, 5346640)
	Update on sbtest6  (cost=0.43..48.53 rows=0 width=0)
	  ->  Index Scan using sbtest6_pkey on sbtest6  (cost=0.43..48.53 rows=10 width=490)
	        Index Cond: (id = ANY ('{6577488,9814126,2144120,9872046,3638020,5232509,3770892,9605866,3618631,5346640}'::integer[]))

table 7 : explain UPDATE sbtest7 set c=7 WHERE id IN ( 6577488, 9814126, 2144120, 9872046, 3638020, 5232509, 3770892, 9605866, 3618631, 5346640)
	Update on sbtest7  (cost=0.43..48.53 rows=0 width=0)
	  ->  Index Scan using sbtest7_pkey on sbtest7  (cost=0.43..48.53 rows=10 width=490)
	        Index Cond: (id = ANY ('{6577488,9814126,2144120,9872046,3638020,5232509,3770892,9605866,3618631,5346640}'::integer[]))

table 8 : explain UPDATE sbtest8 set c=7 WHERE id IN ( 6577488, 9814126, 2144120, 9872046, 3638020, 5232509, 3770892, 9605866, 3618631, 5346640)
	Update on sbtest8  (cost=0.43..48.53 rows=0 width=0)
	  ->  Index Scan using sbtest8_pkey on sbtest8  (cost=0.43..48.53 rows=10 width=490)
	        Index Cond: (id = ANY ('{6577488,9814126,2144120,9872046,3638020,5232509,3770892,9605866,3618631,5346640}'::integer[]))

explain: for update-inlist :: explain UPDATE sbtest%d set c=7 WHERE id IN ( 9063969, 9015126, 9759160, 5489115, 4129609, 8688975, 5200400, 8368945, 1831673, 2880595)
for update-inlist
table 1 : explain UPDATE sbtest1 set c=7 WHERE id IN ( 9063969, 9015126, 9759160, 5489115, 4129609, 8688975, 5200400, 8368945, 1831673, 2880595)
	Update on sbtest1  (cost=0.43..48.53 rows=0 width=0)
	  ->  Index Scan using sbtest1_pkey on sbtest1  (cost=0.43..48.53 rows=10 width=490)
	        Index Cond: (id = ANY ('{9063969,9015126,9759160,5489115,4129609,8688975,5200400,8368945,1831673,2880595}'::integer[]))

table 2 : explain UPDATE sbtest2 set c=7 WHERE id IN ( 9063969, 9015126, 9759160, 5489115, 4129609, 8688975, 5200400, 8368945, 1831673, 2880595)
	Update on sbtest2  (cost=0.43..48.53 rows=0 width=0)
	  ->  Index Scan using sbtest2_pkey on sbtest2  (cost=0.43..48.53 rows=10 width=490)
	        Index Cond: (id = ANY ('{9063969,9015126,9759160,5489115,4129609,8688975,5200400,8368945,1831673,2880595}'::integer[]))

table 3 : explain UPDATE sbtest3 set c=7 WHERE id IN ( 9063969, 9015126, 9759160, 5489115, 4129609, 8688975, 5200400, 8368945, 1831673, 2880595)
	Update on sbtest3  (cost=0.43..48.53 rows=0 width=0)
	  ->  Index Scan using sbtest3_pkey on sbtest3  (cost=0.43..48.53 rows=10 width=490)
	        Index Cond: (id = ANY ('{9063969,9015126,9759160,5489115,4129609,8688975,5200400,8368945,1831673,2880595}'::integer[]))

table 4 : explain UPDATE sbtest4 set c=7 WHERE id IN ( 9063969, 9015126, 9759160, 5489115, 4129609, 8688975, 5200400, 8368945, 1831673, 2880595)
	Update on sbtest4  (cost=0.43..48.53 rows=0 width=0)
	  ->  Index Scan using sbtest4_pkey on sbtest4  (cost=0.43..48.53 rows=10 width=490)
	        Index Cond: (id = ANY ('{9063969,9015126,9759160,5489115,4129609,8688975,5200400,8368945,1831673,2880595}'::integer[]))

table 5 : explain UPDATE sbtest5 set c=7 WHERE id IN ( 9063969, 9015126, 9759160, 5489115, 4129609, 8688975, 5200400, 8368945, 1831673, 2880595)
	Update on sbtest5  (cost=0.43..48.53 rows=0 width=0)
	  ->  Index Scan using sbtest5_pkey on sbtest5  (cost=0.43..48.53 rows=10 width=490)
	        Index Cond: (id = ANY ('{9063969,9015126,9759160,5489115,4129609,8688975,5200400,8368945,1831673,2880595}'::integer[]))

table 6 : explain UPDATE sbtest6 set c=7 WHERE id IN ( 9063969, 9015126, 9759160, 5489115, 4129609, 8688975, 5200400, 8368945, 1831673, 2880595)
	Update on sbtest6  (cost=0.43..48.53 rows=0 width=0)
	  ->  Index Scan using sbtest6_pkey on sbtest6  (cost=0.43..48.53 rows=10 width=490)
	        Index Cond: (id = ANY ('{9063969,9015126,9759160,5489115,4129609,8688975,5200400,8368945,1831673,2880595}'::integer[]))

table 7 : explain UPDATE sbtest7 set c=7 WHERE id IN ( 9063969, 9015126, 9759160, 5489115, 4129609, 8688975, 5200400, 8368945, 1831673, 2880595)
	Update on sbtest7  (cost=0.43..48.53 rows=0 width=0)
	  ->  Index Scan using sbtest7_pkey on sbtest7  (cost=0.43..48.53 rows=10 width=490)
	        Index Cond: (id = ANY ('{9063969,9015126,9759160,5489115,4129609,8688975,5200400,8368945,1831673,2880595}'::integer[]))

table 8 : explain UPDATE sbtest8 set c=7 WHERE id IN ( 9063969, 9015126, 9759160, 5489115, 4129609, 8688975, 5200400, 8368945, 1831673, 2880595)
	Update on sbtest8  (cost=0.43..48.53 rows=0 width=0)
	  ->  Index Scan using sbtest8_pkey on sbtest8  (cost=0.43..48.53 rows=10 width=490)
	        Index Cond: (id = ANY ('{9063969,9015126,9759160,5489115,4129609,8688975,5200400,8368945,1831673,2880595}'::integer[]))

explain: for update-inlist :: explain UPDATE sbtest%d set c=7 WHERE id IN ( 3500993, 5695372, 7832962, 8252453, 9017357, 1193342, 3182305, 1055413, 8352839, 5383183)
explain: for update-inlist :: explain UPDATE sbtest%d set c=7 WHERE id IN ( 1780908, 4124632, 6480920, 3999150, 9073449, 4103987, 136504, 2304868, 3868707, 243246)
for update-inlist
table 1 : explain UPDATE sbtest1 set c=7 WHERE id IN ( 3500993, 5695372, 7832962, 8252453, 9017357, 1193342, 3182305, 1055413, 8352839, 5383183)
	Update on sbtest1  (cost=0.43..48.53 rows=0 width=0)
	  ->  Index Scan using sbtest1_pkey on sbtest1  (cost=0.43..48.53 rows=10 width=490)
	        Index Cond: (id = ANY ('{3500993,5695372,7832962,8252453,9017357,1193342,3182305,1055413,8352839,5383183}'::integer[]))

table 2 : explain UPDATE sbtest2 set c=7 WHERE id IN ( 3500993, 5695372, 7832962, 8252453, 9017357, 1193342, 3182305, 1055413, 8352839, 5383183)
	Update on sbtest2  (cost=0.43..48.53 rows=0 width=0)
	  ->  Index Scan using sbtest2_pkey on sbtest2  (cost=0.43..48.53 rows=10 width=490)
	        Index Cond: (id = ANY ('{3500993,5695372,7832962,8252453,9017357,1193342,3182305,1055413,8352839,5383183}'::integer[]))

table 3 : explain UPDATE sbtest3 set c=7 WHERE id IN ( 3500993, 5695372, 7832962, 8252453, 9017357, 1193342, 3182305, 1055413, 8352839, 5383183)
	Update on sbtest3  (cost=0.43..48.53 rows=0 width=0)
	  ->  Index Scan using sbtest3_pkey on sbtest3  (cost=0.43..48.53 rows=10 width=490)
	        Index Cond: (id = ANY ('{3500993,5695372,7832962,8252453,9017357,1193342,3182305,1055413,8352839,5383183}'::integer[]))

table 4 : explain UPDATE sbtest4 set c=7 WHERE id IN ( 3500993, 5695372, 7832962, 8252453, 9017357, 1193342, 3182305, 1055413, 8352839, 5383183)
	Update on sbtest4  (cost=0.43..48.53 rows=0 width=0)
	  ->  Index Scan using sbtest4_pkey on sbtest4  (cost=0.43..48.53 rows=10 width=490)
	        Index Cond: (id = ANY ('{3500993,5695372,7832962,8252453,9017357,1193342,3182305,1055413,8352839,5383183}'::integer[]))

table 5 : explain UPDATE sbtest5 set c=7 WHERE id IN ( 3500993, 5695372, 7832962, 8252453, 9017357, 1193342, 3182305, 1055413, 8352839, 5383183)
	Update on sbtest5  (cost=0.43..48.53 rows=0 width=0)
	  ->  Index Scan using sbtest5_pkey on sbtest5  (cost=0.43..48.53 rows=10 width=490)
	        Index Cond: (id = ANY ('{3500993,5695372,7832962,8252453,9017357,1193342,3182305,1055413,8352839,5383183}'::integer[]))

table 6 : explain UPDATE sbtest6 set c=7 WHERE id IN ( 3500993, 5695372, 7832962, 8252453, 9017357, 1193342, 3182305, 1055413, 8352839, 5383183)
	Update on sbtest6  (cost=0.43..48.53 rows=0 width=0)
	  ->  Index Scan using sbtest6_pkey on sbtest6  (cost=0.43..48.53 rows=10 width=490)
	        Index Cond: (id = ANY ('{3500993,5695372,7832962,8252453,9017357,1193342,3182305,1055413,8352839,5383183}'::integer[]))

table 7 : explain UPDATE sbtest7 set c=7 WHERE id IN ( 3500993, 5695372, 7832962, 8252453, 9017357, 1193342, 3182305, 1055413, 8352839, 5383183)
	Update on sbtest7  (cost=0.43..48.53 rows=0 width=0)
	  ->  Index Scan using sbtest7_pkey on sbtest7  (cost=0.43..48.53 rows=10 width=490)
	        Index Cond: (id = ANY ('{3500993,5695372,7832962,8252453,9017357,1193342,3182305,1055413,8352839,5383183}'::integer[]))

table 8 : explain UPDATE sbtest8 set c=7 WHERE id IN ( 3500993, 5695372, 7832962, 8252453, 9017357, 1193342, 3182305, 1055413, 8352839, 5383183)
	Update on sbtest8  (cost=0.43..48.53 rows=0 width=0)
	  ->  Index Scan using sbtest8_pkey on sbtest8  (cost=0.43..48.53 rows=10 width=490)
	        Index Cond: (id = ANY ('{3500993,5695372,7832962,8252453,9017357,1193342,3182305,1055413,8352839,5383183}'::integer[]))

for update-inlist
table 1 : explain UPDATE sbtest1 set c=7 WHERE id IN ( 1780908, 4124632, 6480920, 3999150, 9073449, 4103987, 136504, 2304868, 3868707, 243246)
	Update on sbtest1  (cost=0.43..48.53 rows=0 width=0)
	  ->  Index Scan using sbtest1_pkey on sbtest1  (cost=0.43..48.53 rows=10 width=490)
	        Index Cond: (id = ANY ('{1780908,4124632,6480920,3999150,9073449,4103987,136504,2304868,3868707,243246}'::integer[]))

table 2 : explain UPDATE sbtest2 set c=7 WHERE id IN ( 1780908, 4124632, 6480920, 3999150, 9073449, 4103987, 136504, 2304868, 3868707, 243246)
	Update on sbtest2  (cost=0.43..48.53 rows=0 width=0)
	  ->  Index Scan using sbtest2_pkey on sbtest2  (cost=0.43..48.53 rows=10 width=490)
	        Index Cond: (id = ANY ('{1780908,4124632,6480920,3999150,9073449,4103987,136504,2304868,3868707,243246}'::integer[]))

table 3 : explain UPDATE sbtest3 set c=7 WHERE id IN ( 1780908, 4124632, 6480920, 3999150, 9073449, 4103987, 136504, 2304868, 3868707, 243246)
	Update on sbtest3  (cost=0.43..48.53 rows=0 width=0)
	  ->  Index Scan using sbtest3_pkey on sbtest3  (cost=0.43..48.53 rows=10 width=490)
	        Index Cond: (id = ANY ('{1780908,4124632,6480920,3999150,9073449,4103987,136504,2304868,3868707,243246}'::integer[]))

table 4 : explain UPDATE sbtest4 set c=7 WHERE id IN ( 1780908, 4124632, 6480920, 3999150, 9073449, 4103987, 136504, 2304868, 3868707, 243246)
	Update on sbtest4  (cost=0.43..48.53 rows=0 width=0)
	  ->  Index Scan using sbtest4_pkey on sbtest4  (cost=0.43..48.53 rows=10 width=490)
	        Index Cond: (id = ANY ('{1780908,4124632,6480920,3999150,9073449,4103987,136504,2304868,3868707,243246}'::integer[]))

table 5 : explain UPDATE sbtest5 set c=7 WHERE id IN ( 1780908, 4124632, 6480920, 3999150, 9073449, 4103987, 136504, 2304868, 3868707, 243246)
	Update on sbtest5  (cost=0.43..48.53 rows=0 width=0)
	  ->  Index Scan using sbtest5_pkey on sbtest5  (cost=0.43..48.53 rows=10 width=490)
	        Index Cond: (id = ANY ('{1780908,4124632,6480920,3999150,9073449,4103987,136504,2304868,3868707,243246}'::integer[]))

table 6 : explain UPDATE sbtest6 set c=7 WHERE id IN ( 1780908, 4124632, 6480920, 3999150, 9073449, 4103987, 136504, 2304868, 3868707, 243246)
	Update on sbtest6  (cost=0.43..48.53 rows=0 width=0)
	  ->  Index Scan using sbtest6_pkey on sbtest6  (cost=0.43..48.53 rows=10 width=490)
	        Index Cond: (id = ANY ('{1780908,4124632,6480920,3999150,9073449,4103987,136504,2304868,3868707,243246}'::integer[]))

table 7 : explain UPDATE sbtest7 set c=7 WHERE id IN ( 1780908, 4124632, 6480920, 3999150, 9073449, 4103987, 136504, 2304868, 3868707, 243246)
	Update on sbtest7  (cost=0.43..48.53 rows=0 width=0)
	  ->  Index Scan using sbtest7_pkey on sbtest7  (cost=0.43..48.53 rows=10 width=490)
	        Index Cond: (id = ANY ('{1780908,4124632,6480920,3999150,9073449,4103987,136504,2304868,3868707,243246}'::integer[]))

table 8 : explain UPDATE sbtest8 set c=7 WHERE id IN ( 1780908, 4124632, 6480920, 3999150, 9073449, 4103987, 136504, 2304868, 3868707, 243246)
	Update on sbtest8  (cost=0.43..48.53 rows=0 width=0)
	  ->  Index Scan using sbtest8_pkey on sbtest8  (cost=0.43..48.53 rows=10 width=490)
	        Index Cond: (id = ANY ('{1780908,4124632,6480920,3999150,9073449,4103987,136504,2304868,3868707,243246}'::integer[]))

explain: for update-inlist :: explain UPDATE sbtest%d set c=7 WHERE id IN ( 4979668, 778896, 5902146, 8759624, 4120124, 9200216, 4823697, 1691637, 9150396, 5305133)
explain: for update-inlist :: explain UPDATE sbtest%d set c=7 WHERE id IN ( 1528960, 2454331, 4078310, 256808, 3047878, 2695996, 3602444, 957731, 9342823, 5521983)
explain: for update-inlist :: explain UPDATE sbtest%d set c=7 WHERE id IN ( 9516442, 1527337, 1957927, 3687828, 4004394, 8050213, 758267, 5194397, 2818819, 9265492)
for update-inlist
table 1 : explain UPDATE sbtest1 set c=7 WHERE id IN ( 4979668, 778896, 5902146, 8759624, 4120124, 9200216, 4823697, 1691637, 9150396, 5305133)
	Update on sbtest1  (cost=0.43..48.53 rows=0 width=0)
	  ->  Index Scan using sbtest1_pkey on sbtest1  (cost=0.43..48.53 rows=10 width=490)
	        Index Cond: (id = ANY ('{4979668,778896,5902146,8759624,4120124,9200216,4823697,1691637,9150396,5305133}'::integer[]))

table 2 : explain UPDATE sbtest2 set c=7 WHERE id IN ( 4979668, 778896, 5902146, 8759624, 4120124, 9200216, 4823697, 1691637, 9150396, 5305133)
	Update on sbtest2  (cost=0.43..48.53 rows=0 width=0)
	  ->  Index Scan using sbtest2_pkey on sbtest2  (cost=0.43..48.53 rows=10 width=490)
	        Index Cond: (id = ANY ('{4979668,778896,5902146,8759624,4120124,9200216,4823697,1691637,9150396,5305133}'::integer[]))

table 3 : explain UPDATE sbtest3 set c=7 WHERE id IN ( 4979668, 778896, 5902146, 8759624, 4120124, 9200216, 4823697, 1691637, 9150396, 5305133)
	Update on sbtest3  (cost=0.43..48.53 rows=0 width=0)
	  ->  Index Scan using sbtest3_pkey on sbtest3  (cost=0.43..48.53 rows=10 width=490)
	        Index Cond: (id = ANY ('{4979668,778896,5902146,8759624,4120124,9200216,4823697,1691637,9150396,5305133}'::integer[]))

table 4 : explain UPDATE sbtest4 set c=7 WHERE id IN ( 4979668, 778896, 5902146, 8759624, 4120124, 9200216, 4823697, 1691637, 9150396, 5305133)
	Update on sbtest4  (cost=0.43..48.53 rows=0 width=0)
	  ->  Index Scan using sbtest4_pkey on sbtest4  (cost=0.43..48.53 rows=10 width=490)
	        Index Cond: (id = ANY ('{4979668,778896,5902146,8759624,4120124,9200216,4823697,1691637,9150396,5305133}'::integer[]))

table 5 : explain UPDATE sbtest5 set c=7 WHERE id IN ( 4979668, 778896, 5902146, 8759624, 4120124, 9200216, 4823697, 1691637, 9150396, 5305133)
	Update on sbtest5  (cost=0.43..48.53 rows=0 width=0)
	  ->  Index Scan using sbtest5_pkey on sbtest5  (cost=0.43..48.53 rows=10 width=490)
	        Index Cond: (id = ANY ('{4979668,778896,5902146,8759624,4120124,9200216,4823697,1691637,9150396,5305133}'::integer[]))

table 6 : explain UPDATE sbtest6 set c=7 WHERE id IN ( 4979668, 778896, 5902146, 8759624, 4120124, 9200216, 4823697, 1691637, 9150396, 5305133)
	Update on sbtest6  (cost=0.43..48.53 rows=0 width=0)
	  ->  Index Scan using sbtest6_pkey on sbtest6  (cost=0.43..48.53 rows=10 width=490)
	        Index Cond: (id = ANY ('{4979668,778896,5902146,8759624,4120124,9200216,4823697,1691637,9150396,5305133}'::integer[]))

table 7 : explain UPDATE sbtest7 set c=7 WHERE id IN ( 4979668, 778896, 5902146, 8759624, 4120124, 9200216, 4823697, 1691637, 9150396, 5305133)
	Update on sbtest7  (cost=0.43..48.53 rows=0 width=0)
	  ->  Index Scan using sbtest7_pkey on sbtest7  (cost=0.43..48.53 rows=10 width=490)
	        Index Cond: (id = ANY ('{4979668,778896,5902146,8759624,4120124,9200216,4823697,1691637,9150396,5305133}'::integer[]))

table 8 : explain UPDATE sbtest8 set c=7 WHERE id IN ( 4979668, 778896, 5902146, 8759624, 4120124, 9200216, 4823697, 1691637, 9150396, 5305133)
	Update on sbtest8  (cost=0.43..48.53 rows=0 width=0)
	  ->  Index Scan using sbtest8_pkey on sbtest8  (cost=0.43..48.53 rows=10 width=490)
	        Index Cond: (id = ANY ('{4979668,778896,5902146,8759624,4120124,9200216,4823697,1691637,9150396,5305133}'::integer[]))

explain: for update-inlist :: explain UPDATE sbtest%d set c=7 WHERE id IN ( 5717579, 9602858, 2241719, 6056639, 1912591, 9935640, 5838082, 2668798, 6751463, 1106802)
explain: for update-inlist :: explain UPDATE sbtest%d set c=7 WHERE id IN ( 3008180, 2735731, 8801085, 5226124, 7187532, 1833305, 7779445, 3126405, 2924429, 2397277)
for update-inlist
table 1 : explain UPDATE sbtest1 set c=7 WHERE id IN ( 1528960, 2454331, 4078310, 256808, 3047878, 2695996, 3602444, 957731, 9342823, 5521983)
	Update on sbtest1  (cost=0.43..48.53 rows=0 width=0)
	  ->  Index Scan using sbtest1_pkey on sbtest1  (cost=0.43..48.53 rows=10 width=490)
	        Index Cond: (id = ANY ('{1528960,2454331,4078310,256808,3047878,2695996,3602444,957731,9342823,5521983}'::integer[]))

table 2 : explain UPDATE sbtest2 set c=7 WHERE id IN ( 1528960, 2454331, 4078310, 256808, 3047878, 2695996, 3602444, 957731, 9342823, 5521983)
	Update on sbtest2  (cost=0.43..48.53 rows=0 width=0)
	  ->  Index Scan using sbtest2_pkey on sbtest2  (cost=0.43..48.53 rows=10 width=490)
	        Index Cond: (id = ANY ('{1528960,2454331,4078310,256808,3047878,2695996,3602444,957731,9342823,5521983}'::integer[]))

table 3 : explain UPDATE sbtest3 set c=7 WHERE id IN ( 1528960, 2454331, 4078310, 256808, 3047878, 2695996, 3602444, 957731, 9342823, 5521983)
	Update on sbtest3  (cost=0.43..48.53 rows=0 width=0)
	  ->  Index Scan using sbtest3_pkey on sbtest3  (cost=0.43..48.53 rows=10 width=490)
	        Index Cond: (id = ANY ('{1528960,2454331,4078310,256808,3047878,2695996,3602444,957731,9342823,5521983}'::integer[]))

table 4 : explain UPDATE sbtest4 set c=7 WHERE id IN ( 1528960, 2454331, 4078310, 256808, 3047878, 2695996, 3602444, 957731, 9342823, 5521983)
	Update on sbtest4  (cost=0.43..48.53 rows=0 width=0)
	  ->  Index Scan using sbtest4_pkey on sbtest4  (cost=0.43..48.53 rows=10 width=490)
	        Index Cond: (id = ANY ('{1528960,2454331,4078310,256808,3047878,2695996,3602444,957731,9342823,5521983}'::integer[]))

table 5 : explain UPDATE sbtest5 set c=7 WHERE id IN ( 1528960, 2454331, 4078310, 256808, 3047878, 2695996, 3602444, 957731, 9342823, 5521983)
	Update on sbtest5  (cost=0.43..48.53 rows=0 width=0)
	  ->  Index Scan using sbtest5_pkey on sbtest5  (cost=0.43..48.53 rows=10 width=490)
	        Index Cond: (id = ANY ('{1528960,2454331,4078310,256808,3047878,2695996,3602444,957731,9342823,5521983}'::integer[]))

table 6 : explain UPDATE sbtest6 set c=7 WHERE id IN ( 1528960, 2454331, 4078310, 256808, 3047878, 2695996, 3602444, 957731, 9342823, 5521983)
	Update on sbtest6  (cost=0.43..48.53 rows=0 width=0)
	  ->  Index Scan using sbtest6_pkey on sbtest6  (cost=0.43..48.53 rows=10 width=490)
	        Index Cond: (id = ANY ('{1528960,2454331,4078310,256808,3047878,2695996,3602444,957731,9342823,5521983}'::integer[]))

table 7 : explain UPDATE sbtest7 set c=7 WHERE id IN ( 1528960, 2454331, 4078310, 256808, 3047878, 2695996, 3602444, 957731, 9342823, 5521983)
	Update on sbtest7  (cost=0.43..48.53 rows=0 width=0)
	  ->  Index Scan using sbtest7_pkey on sbtest7  (cost=0.43..48.53 rows=10 width=490)
	        Index Cond: (id = ANY ('{1528960,2454331,4078310,256808,3047878,2695996,3602444,957731,9342823,5521983}'::integer[]))

table 8 : explain UPDATE sbtest8 set c=7 WHERE id IN ( 1528960, 2454331, 4078310, 256808, 3047878, 2695996, 3602444, 957731, 9342823, 5521983)
	Update on sbtest8  (cost=0.43..48.53 rows=0 width=0)
	  ->  Index Scan using sbtest8_pkey on sbtest8  (cost=0.43..48.53 rows=10 width=490)
	        Index Cond: (id = ANY ('{1528960,2454331,4078310,256808,3047878,2695996,3602444,957731,9342823,5521983}'::integer[]))

explain: for update-inlist :: explain UPDATE sbtest%d set c=7 WHERE id IN ( 5484028, 5947866, 693803, 9128310, 3532009, 3564835, 9636698, 9814917, 1145955, 3964966)
explain: for update-inlist :: explain UPDATE sbtest%d set c=7 WHERE id IN ( 5571588, 2316827, 8206164, 9324439, 7202447, 4182731, 3319800, 7852353, 3990225, 3861844)
explain: for update-inlist :: explain UPDATE sbtest%d set c=7 WHERE id IN ( 9867273, 7243172, 3664325, 6876679, 7158991, 9427847, 8174774, 964423, 2494914, 350360)
explain: for update-inlist :: explain UPDATE sbtest%d set c=7 WHERE id IN ( 6434283, 537769, 6181892, 7060122, 1073932, 7478181, 7405820, 1981865, 2675057, 4985766)
for update-inlist
table 1 : explain UPDATE sbtest1 set c=7 WHERE id IN ( 9516442, 1527337, 1957927, 3687828, 4004394, 8050213, 758267, 5194397, 2818819, 9265492)
	Update on sbtest1  (cost=0.43..48.53 rows=0 width=0)
	  ->  Index Scan using sbtest1_pkey on sbtest1  (cost=0.43..48.53 rows=10 width=490)
	        Index Cond: (id = ANY ('{9516442,1527337,1957927,3687828,4004394,8050213,758267,5194397,2818819,9265492}'::integer[]))

table 2 : explain UPDATE sbtest2 set c=7 WHERE id IN ( 9516442, 1527337, 1957927, 3687828, 4004394, 8050213, 758267, 5194397, 2818819, 9265492)
	Update on sbtest2  (cost=0.43..48.53 rows=0 width=0)
	  ->  Index Scan using sbtest2_pkey on sbtest2  (cost=0.43..48.53 rows=10 width=490)
	        Index Cond: (id = ANY ('{9516442,1527337,1957927,3687828,4004394,8050213,758267,5194397,2818819,9265492}'::integer[]))

table 3 : explain UPDATE sbtest3 set c=7 WHERE id IN ( 9516442, 1527337, 1957927, 3687828, 4004394, 8050213, 758267, 5194397, 2818819, 9265492)
	Update on sbtest3  (cost=0.43..48.53 rows=0 width=0)
	  ->  Index Scan using sbtest3_pkey on sbtest3  (cost=0.43..48.53 rows=10 width=490)
	        Index Cond: (id = ANY ('{9516442,1527337,1957927,3687828,4004394,8050213,758267,5194397,2818819,9265492}'::integer[]))

table 4 : explain UPDATE sbtest4 set c=7 WHERE id IN ( 9516442, 1527337, 1957927, 3687828, 4004394, 8050213, 758267, 5194397, 2818819, 9265492)
	Update on sbtest4  (cost=0.43..48.53 rows=0 width=0)
	  ->  Index Scan using sbtest4_pkey on sbtest4  (cost=0.43..48.53 rows=10 width=490)
	        Index Cond: (id = ANY ('{9516442,1527337,1957927,3687828,4004394,8050213,758267,5194397,2818819,9265492}'::integer[]))

table 5 : explain UPDATE sbtest5 set c=7 WHERE id IN ( 9516442, 1527337, 1957927, 3687828, 4004394, 8050213, 758267, 5194397, 2818819, 9265492)
	Update on sbtest5  (cost=0.43..48.53 rows=0 width=0)
	  ->  Index Scan using sbtest5_pkey on sbtest5  (cost=0.43..48.53 rows=10 width=490)
	        Index Cond: (id = ANY ('{9516442,1527337,1957927,3687828,4004394,8050213,758267,5194397,2818819,9265492}'::integer[]))

table 6 : explain UPDATE sbtest6 set c=7 WHERE id IN ( 9516442, 1527337, 1957927, 3687828, 4004394, 8050213, 758267, 5194397, 2818819, 9265492)
	Update on sbtest6  (cost=0.43..48.53 rows=0 width=0)
	  ->  Index Scan using sbtest6_pkey on sbtest6  (cost=0.43..48.53 rows=10 width=490)
	        Index Cond: (id = ANY ('{9516442,1527337,1957927,3687828,4004394,8050213,758267,5194397,2818819,9265492}'::integer[]))

table 7 : explain UPDATE sbtest7 set c=7 WHERE id IN ( 9516442, 1527337, 1957927, 3687828, 4004394, 8050213, 758267, 5194397, 2818819, 9265492)
	Update on sbtest7  (cost=0.43..48.53 rows=0 width=0)
	  ->  Index Scan using sbtest7_pkey on sbtest7  (cost=0.43..48.53 rows=10 width=490)
	        Index Cond: (id = ANY ('{9516442,1527337,1957927,3687828,4004394,8050213,758267,5194397,2818819,9265492}'::integer[]))

table 8 : explain UPDATE sbtest8 set c=7 WHERE id IN ( 9516442, 1527337, 1957927, 3687828, 4004394, 8050213, 758267, 5194397, 2818819, 9265492)
	Update on sbtest8  (cost=0.43..48.53 rows=0 width=0)
	  ->  Index Scan using sbtest8_pkey on sbtest8  (cost=0.43..48.53 rows=10 width=490)
	        Index Cond: (id = ANY ('{9516442,1527337,1957927,3687828,4004394,8050213,758267,5194397,2818819,9265492}'::integer[]))

for update-inlist
table 1 : explain UPDATE sbtest1 set c=7 WHERE id IN ( 5717579, 9602858, 2241719, 6056639, 1912591, 9935640, 5838082, 2668798, 6751463, 1106802)
	Update on sbtest1  (cost=0.43..48.53 rows=0 width=0)
	  ->  Index Scan using sbtest1_pkey on sbtest1  (cost=0.43..48.53 rows=10 width=490)
	        Index Cond: (id = ANY ('{5717579,9602858,2241719,6056639,1912591,9935640,5838082,2668798,6751463,1106802}'::integer[]))

table 2 : explain UPDATE sbtest2 set c=7 WHERE id IN ( 5717579, 9602858, 2241719, 6056639, 1912591, 9935640, 5838082, 2668798, 6751463, 1106802)
	Update on sbtest2  (cost=0.43..48.53 rows=0 width=0)
	  ->  Index Scan using sbtest2_pkey on sbtest2  (cost=0.43..48.53 rows=10 width=490)
	        Index Cond: (id = ANY ('{5717579,9602858,2241719,6056639,1912591,9935640,5838082,2668798,6751463,1106802}'::integer[]))

table 3 : explain UPDATE sbtest3 set c=7 WHERE id IN ( 5717579, 9602858, 2241719, 6056639, 1912591, 9935640, 5838082, 2668798, 6751463, 1106802)
	Update on sbtest3  (cost=0.43..48.53 rows=0 width=0)
	  ->  Index Scan using sbtest3_pkey on sbtest3  (cost=0.43..48.53 rows=10 width=490)
	        Index Cond: (id = ANY ('{5717579,9602858,2241719,6056639,1912591,9935640,5838082,2668798,6751463,1106802}'::integer[]))

table 4 : explain UPDATE sbtest4 set c=7 WHERE id IN ( 5717579, 9602858, 2241719, 6056639, 1912591, 9935640, 5838082, 2668798, 6751463, 1106802)
	Update on sbtest4  (cost=0.43..48.53 rows=0 width=0)
	  ->  Index Scan using sbtest4_pkey on sbtest4  (cost=0.43..48.53 rows=10 width=490)
	        Index Cond: (id = ANY ('{5717579,9602858,2241719,6056639,1912591,9935640,5838082,2668798,6751463,1106802}'::integer[]))

table 5 : explain UPDATE sbtest5 set c=7 WHERE id IN ( 5717579, 9602858, 2241719, 6056639, 1912591, 9935640, 5838082, 2668798, 6751463, 1106802)
	Update on sbtest5  (cost=0.43..48.53 rows=0 width=0)
	  ->  Index Scan using sbtest5_pkey on sbtest5  (cost=0.43..48.53 rows=10 width=490)
	        Index Cond: (id = ANY ('{5717579,9602858,2241719,6056639,1912591,9935640,5838082,2668798,6751463,1106802}'::integer[]))

table 6 : explain UPDATE sbtest6 set c=7 WHERE id IN ( 5717579, 9602858, 2241719, 6056639, 1912591, 9935640, 5838082, 2668798, 6751463, 1106802)
	Update on sbtest6  (cost=0.43..48.53 rows=0 width=0)
	  ->  Index Scan using sbtest6_pkey on sbtest6  (cost=0.43..48.53 rows=10 width=490)
	        Index Cond: (id = ANY ('{5717579,9602858,2241719,6056639,1912591,9935640,5838082,2668798,6751463,1106802}'::integer[]))

table 7 : explain UPDATE sbtest7 set c=7 WHERE id IN ( 5717579, 9602858, 2241719, 6056639, 1912591, 9935640, 5838082, 2668798, 6751463, 1106802)
	Update on sbtest7  (cost=0.43..48.53 rows=0 width=0)
	  ->  Index Scan using sbtest7_pkey on sbtest7  (cost=0.43..48.53 rows=10 width=490)
	        Index Cond: (id = ANY ('{5717579,9602858,2241719,6056639,1912591,9935640,5838082,2668798,6751463,1106802}'::integer[]))

table 8 : explain UPDATE sbtest8 set c=7 WHERE id IN ( 5717579, 9602858, 2241719, 6056639, 1912591, 9935640, 5838082, 2668798, 6751463, 1106802)
	Update on sbtest8  (cost=0.43..48.53 rows=0 width=0)
	  ->  Index Scan using sbtest8_pkey on sbtest8  (cost=0.43..48.53 rows=10 width=490)
	        Index Cond: (id = ANY ('{5717579,9602858,2241719,6056639,1912591,9935640,5838082,2668798,6751463,1106802}'::integer[]))

for update-inlist
table 1 : explain UPDATE sbtest1 set c=7 WHERE id IN ( 5571588, 2316827, 8206164, 9324439, 7202447, 4182731, 3319800, 7852353, 3990225, 3861844)
	Update on sbtest1  (cost=0.43..48.53 rows=0 width=0)
	  ->  Index Scan using sbtest1_pkey on sbtest1  (cost=0.43..48.53 rows=10 width=490)
	        Index Cond: (id = ANY ('{5571588,2316827,8206164,9324439,7202447,4182731,3319800,7852353,3990225,3861844}'::integer[]))

table 2 : explain UPDATE sbtest2 set c=7 WHERE id IN ( 5571588, 2316827, 8206164, 9324439, 7202447, 4182731, 3319800, 7852353, 3990225, 3861844)
	Update on sbtest2  (cost=0.43..48.53 rows=0 width=0)
	  ->  Index Scan using sbtest2_pkey on sbtest2  (cost=0.43..48.53 rows=10 width=490)
	        Index Cond: (id = ANY ('{5571588,2316827,8206164,9324439,7202447,4182731,3319800,7852353,3990225,3861844}'::integer[]))

table 3 : explain UPDATE sbtest3 set c=7 WHERE id IN ( 5571588, 2316827, 8206164, 9324439, 7202447, 4182731, 3319800, 7852353, 3990225, 3861844)
	Update on sbtest3  (cost=0.43..48.53 rows=0 width=0)
	  ->  Index Scan using sbtest3_pkey on sbtest3  (cost=0.43..48.53 rows=10 width=490)
	        Index Cond: (id = ANY ('{5571588,2316827,8206164,9324439,7202447,4182731,3319800,7852353,3990225,3861844}'::integer[]))

table 4 : explain UPDATE sbtest4 set c=7 WHERE id IN ( 5571588, 2316827, 8206164, 9324439, 7202447, 4182731, 3319800, 7852353, 3990225, 3861844)
	Update on sbtest4  (cost=0.43..48.53 rows=0 width=0)
	  ->  Index Scan using sbtest4_pkey on sbtest4  (cost=0.43..48.53 rows=10 width=490)
	        Index Cond: (id = ANY ('{5571588,2316827,8206164,9324439,7202447,4182731,3319800,7852353,3990225,3861844}'::integer[]))

table 5 : explain UPDATE sbtest5 set c=7 WHERE id IN ( 5571588, 2316827, 8206164, 9324439, 7202447, 4182731, 3319800, 7852353, 3990225, 3861844)
	Update on sbtest5  (cost=0.43..48.53 rows=0 width=0)
	  ->  Index Scan using sbtest5_pkey on sbtest5  (cost=0.43..48.53 rows=10 width=490)
	        Index Cond: (id = ANY ('{5571588,2316827,8206164,9324439,7202447,4182731,3319800,7852353,3990225,3861844}'::integer[]))

table 6 : explain UPDATE sbtest6 set c=7 WHERE id IN ( 5571588, 2316827, 8206164, 9324439, 7202447, 4182731, 3319800, 7852353, 3990225, 3861844)
	Update on sbtest6  (cost=0.43..48.53 rows=0 width=0)
	  ->  Index Scan using sbtest6_pkey on sbtest6  (cost=0.43..48.53 rows=10 width=490)
	        Index Cond: (id = ANY ('{5571588,2316827,8206164,9324439,7202447,4182731,3319800,7852353,3990225,3861844}'::integer[]))

table 7 : explain UPDATE sbtest7 set c=7 WHERE id IN ( 5571588, 2316827, 8206164, 9324439, 7202447, 4182731, 3319800, 7852353, 3990225, 3861844)
	Update on sbtest7  (cost=0.43..48.53 rows=0 width=0)
	  ->  Index Scan using sbtest7_pkey on sbtest7  (cost=0.43..48.53 rows=10 width=490)
	        Index Cond: (id = ANY ('{5571588,2316827,8206164,9324439,7202447,4182731,3319800,7852353,3990225,3861844}'::integer[]))

table 8 : explain UPDATE sbtest8 set c=7 WHERE id IN ( 5571588, 2316827, 8206164, 9324439, 7202447, 4182731, 3319800, 7852353, 3990225, 3861844)
	Update on sbtest8  (cost=0.43..48.53 rows=0 width=0)
	  ->  Index Scan using sbtest8_pkey on sbtest8  (cost=0.43..48.53 rows=10 width=490)
	        Index Cond: (id = ANY ('{5571588,2316827,8206164,9324439,7202447,4182731,3319800,7852353,3990225,3861844}'::integer[]))

explain: for update-inlist :: explain UPDATE sbtest%d set c=7 WHERE id IN ( 4676237, 4347809, 4353292, 9077553, 7728496, 2226612, 8213524, 7112460, 8911965, 7965885)
explain: for update-inlist :: explain UPDATE sbtest%d set c=7 WHERE id IN ( 2941346, 389024, 2466704, 2417912, 5751613, 3201235, 1216814, 2345556, 9899549, 2468189)
for update-inlist
table 1 : explain UPDATE sbtest1 set c=7 WHERE id IN ( 9867273, 7243172, 3664325, 6876679, 7158991, 9427847, 8174774, 964423, 2494914, 350360)
	Update on sbtest1  (cost=0.43..48.53 rows=0 width=0)
	  ->  Index Scan using sbtest1_pkey on sbtest1  (cost=0.43..48.53 rows=10 width=490)
	        Index Cond: (id = ANY ('{9867273,7243172,3664325,6876679,7158991,9427847,8174774,964423,2494914,350360}'::integer[]))

table 2 : explain UPDATE sbtest2 set c=7 WHERE id IN ( 9867273, 7243172, 3664325, 6876679, 7158991, 9427847, 8174774, 964423, 2494914, 350360)
	Update on sbtest2  (cost=0.43..48.53 rows=0 width=0)
	  ->  Index Scan using sbtest2_pkey on sbtest2  (cost=0.43..48.53 rows=10 width=490)
	        Index Cond: (id = ANY ('{9867273,7243172,3664325,6876679,7158991,9427847,8174774,964423,2494914,350360}'::integer[]))

table 3 : explain UPDATE sbtest3 set c=7 WHERE id IN ( 9867273, 7243172, 3664325, 6876679, 7158991, 9427847, 8174774, 964423, 2494914, 350360)
	Update on sbtest3  (cost=0.43..48.53 rows=0 width=0)
	  ->  Index Scan using sbtest3_pkey on sbtest3  (cost=0.43..48.53 rows=10 width=490)
	        Index Cond: (id = ANY ('{9867273,7243172,3664325,6876679,7158991,9427847,8174774,964423,2494914,350360}'::integer[]))

table 4 : explain UPDATE sbtest4 set c=7 WHERE id IN ( 9867273, 7243172, 3664325, 6876679, 7158991, 9427847, 8174774, 964423, 2494914, 350360)
	Update on sbtest4  (cost=0.43..48.53 rows=0 width=0)
	  ->  Index Scan using sbtest4_pkey on sbtest4  (cost=0.43..48.53 rows=10 width=490)
	        Index Cond: (id = ANY ('{9867273,7243172,3664325,6876679,7158991,9427847,8174774,964423,2494914,350360}'::integer[]))

table 5 : explain UPDATE sbtest5 set c=7 WHERE id IN ( 9867273, 7243172, 3664325, 6876679, 7158991, 9427847, 8174774, 964423, 2494914, 350360)
	Update on sbtest5  (cost=0.43..48.53 rows=0 width=0)
	  ->  Index Scan using sbtest5_pkey on sbtest5  (cost=0.43..48.53 rows=10 width=490)
	        Index Cond: (id = ANY ('{9867273,7243172,3664325,6876679,7158991,9427847,8174774,964423,2494914,350360}'::integer[]))

table 6 : explain UPDATE sbtest6 set c=7 WHERE id IN ( 9867273, 7243172, 3664325, 6876679, 7158991, 9427847, 8174774, 964423, 2494914, 350360)
	Update on sbtest6  (cost=0.43..48.53 rows=0 width=0)
	  ->  Index Scan using sbtest6_pkey on sbtest6  (cost=0.43..48.53 rows=10 width=490)
	        Index Cond: (id = ANY ('{9867273,7243172,3664325,6876679,7158991,9427847,8174774,964423,2494914,350360}'::integer[]))

table 7 : explain UPDATE sbtest7 set c=7 WHERE id IN ( 9867273, 7243172, 3664325, 6876679, 7158991, 9427847, 8174774, 964423, 2494914, 350360)
	Update on sbtest7  (cost=0.43..48.53 rows=0 width=0)
	  ->  Index Scan using sbtest7_pkey on sbtest7  (cost=0.43..48.53 rows=10 width=490)
	        Index Cond: (id = ANY ('{9867273,7243172,3664325,6876679,7158991,9427847,8174774,964423,2494914,350360}'::integer[]))

table 8 : explain UPDATE sbtest8 set c=7 WHERE id IN ( 9867273, 7243172, 3664325, 6876679, 7158991, 9427847, 8174774, 964423, 2494914, 350360)
	Update on sbtest8  (cost=0.43..48.53 rows=0 width=0)
	  ->  Index Scan using sbtest8_pkey on sbtest8  (cost=0.43..48.53 rows=10 width=490)
	        Index Cond: (id = ANY ('{9867273,7243172,3664325,6876679,7158991,9427847,8174774,964423,2494914,350360}'::integer[]))

explain: for update-inlist :: explain UPDATE sbtest%d set c=7 WHERE id IN ( 6740527, 7921563, 6716447, 7860760, 3978246, 2404186, 3022180, 5079833, 4276181, 2419262)
for update-inlist
table 1 : explain UPDATE sbtest1 set c=7 WHERE id IN ( 3008180, 2735731, 8801085, 5226124, 7187532, 1833305, 7779445, 3126405, 2924429, 2397277)
	Update on sbtest1  (cost=0.43..48.53 rows=0 width=0)
	  ->  Index Scan using sbtest1_pkey on sbtest1  (cost=0.43..48.53 rows=10 width=490)
	        Index Cond: (id = ANY ('{3008180,2735731,8801085,5226124,7187532,1833305,7779445,3126405,2924429,2397277}'::integer[]))

table 2 : explain UPDATE sbtest2 set c=7 WHERE id IN ( 3008180, 2735731, 8801085, 5226124, 7187532, 1833305, 7779445, 3126405, 2924429, 2397277)
	Update on sbtest2  (cost=0.43..48.53 rows=0 width=0)
	  ->  Index Scan using sbtest2_pkey on sbtest2  (cost=0.43..48.53 rows=10 width=490)
	        Index Cond: (id = ANY ('{3008180,2735731,8801085,5226124,7187532,1833305,7779445,3126405,2924429,2397277}'::integer[]))

table 3 : explain UPDATE sbtest3 set c=7 WHERE id IN ( 3008180, 2735731, 8801085, 5226124, 7187532, 1833305, 7779445, 3126405, 2924429, 2397277)
	Update on sbtest3  (cost=0.43..48.53 rows=0 width=0)
	  ->  Index Scan using sbtest3_pkey on sbtest3  (cost=0.43..48.53 rows=10 width=490)
	        Index Cond: (id = ANY ('{3008180,2735731,8801085,5226124,7187532,1833305,7779445,3126405,2924429,2397277}'::integer[]))

table 4 : explain UPDATE sbtest4 set c=7 WHERE id IN ( 3008180, 2735731, 8801085, 5226124, 7187532, 1833305, 7779445, 3126405, 2924429, 2397277)
	Update on sbtest4  (cost=0.43..48.53 rows=0 width=0)
	  ->  Index Scan using sbtest4_pkey on sbtest4  (cost=0.43..48.53 rows=10 width=490)
	        Index Cond: (id = ANY ('{3008180,2735731,8801085,5226124,7187532,1833305,7779445,3126405,2924429,2397277}'::integer[]))

table 5 : explain UPDATE sbtest5 set c=7 WHERE id IN ( 3008180, 2735731, 8801085, 5226124, 7187532, 1833305, 7779445, 3126405, 2924429, 2397277)
	Update on sbtest5  (cost=0.43..48.53 rows=0 width=0)
	  ->  Index Scan using sbtest5_pkey on sbtest5  (cost=0.43..48.53 rows=10 width=490)
	        Index Cond: (id = ANY ('{3008180,2735731,8801085,5226124,7187532,1833305,7779445,3126405,2924429,2397277}'::integer[]))

table 6 : explain UPDATE sbtest6 set c=7 WHERE id IN ( 3008180, 2735731, 8801085, 5226124, 7187532, 1833305, 7779445, 3126405, 2924429, 2397277)
	Update on sbtest6  (cost=0.43..48.53 rows=0 width=0)
	  ->  Index Scan using sbtest6_pkey on sbtest6  (cost=0.43..48.53 rows=10 width=490)
	        Index Cond: (id = ANY ('{3008180,2735731,8801085,5226124,7187532,1833305,7779445,3126405,2924429,2397277}'::integer[]))

table 7 : explain UPDATE sbtest7 set c=7 WHERE id IN ( 3008180, 2735731, 8801085, 5226124, 7187532, 1833305, 7779445, 3126405, 2924429, 2397277)
	Update on sbtest7  (cost=0.43..48.53 rows=0 width=0)
	  ->  Index Scan using sbtest7_pkey on sbtest7  (cost=0.43..48.53 rows=10 width=490)
	        Index Cond: (id = ANY ('{3008180,2735731,8801085,5226124,7187532,1833305,7779445,3126405,2924429,2397277}'::integer[]))

table 8 : explain UPDATE sbtest8 set c=7 WHERE id IN ( 3008180, 2735731, 8801085, 5226124, 7187532, 1833305, 7779445, 3126405, 2924429, 2397277)
	Update on sbtest8  (cost=0.43..48.53 rows=0 width=0)
	  ->  Index Scan using sbtest8_pkey on sbtest8  (cost=0.43..48.53 rows=10 width=490)
	        Index Cond: (id = ANY ('{3008180,2735731,8801085,5226124,7187532,1833305,7779445,3126405,2924429,2397277}'::integer[]))

explain: for update-inlist :: explain UPDATE sbtest%d set c=7 WHERE id IN ( 9125170, 8696831, 463183, 9711058, 4720301, 7372502, 6007927, 4707850, 4951229, 6566453)
explain: for update-inlist :: explain UPDATE sbtest%d set c=7 WHERE id IN ( 1044004, 3590421, 7171131, 6277116, 8250593, 5409380, 9449007, 1724945, 1377860, 7535725)
explain: for update-inlist :: explain UPDATE sbtest%d set c=7 WHERE id IN ( 7658770, 7364690, 6559214, 5385213, 538263, 6699957, 4917938, 5494223, 7131338, 8493570)
explain: for update-inlist :: explain UPDATE sbtest%d set c=7 WHERE id IN ( 9648061, 892997, 9159336, 9524095, 9226428, 5836941, 7651931, 435429, 1522660, 996758)
for update-inlist
table 1 : explain UPDATE sbtest1 set c=7 WHERE id IN ( 2941346, 389024, 2466704, 2417912, 5751613, 3201235, 1216814, 2345556, 9899549, 2468189)
	Update on sbtest1  (cost=0.43..48.53 rows=0 width=0)
	  ->  Index Scan using sbtest1_pkey on sbtest1  (cost=0.43..48.53 rows=10 width=490)
	        Index Cond: (id = ANY ('{2941346,389024,2466704,2417912,5751613,3201235,1216814,2345556,9899549,2468189}'::integer[]))

table 2 : explain UPDATE sbtest2 set c=7 WHERE id IN ( 2941346, 389024, 2466704, 2417912, 5751613, 3201235, 1216814, 2345556, 9899549, 2468189)
	Update on sbtest2  (cost=0.43..48.53 rows=0 width=0)
	  ->  Index Scan using sbtest2_pkey on sbtest2  (cost=0.43..48.53 rows=10 width=490)
	        Index Cond: (id = ANY ('{2941346,389024,2466704,2417912,5751613,3201235,1216814,2345556,9899549,2468189}'::integer[]))

table 3 : explain UPDATE sbtest3 set c=7 WHERE id IN ( 2941346, 389024, 2466704, 2417912, 5751613, 3201235, 1216814, 2345556, 9899549, 2468189)
	Update on sbtest3  (cost=0.43..48.53 rows=0 width=0)
	  ->  Index Scan using sbtest3_pkey on sbtest3  (cost=0.43..48.53 rows=10 width=490)
	        Index Cond: (id = ANY ('{2941346,389024,2466704,2417912,5751613,3201235,1216814,2345556,9899549,2468189}'::integer[]))

table 4 : explain UPDATE sbtest4 set c=7 WHERE id IN ( 2941346, 389024, 2466704, 2417912, 5751613, 3201235, 1216814, 2345556, 9899549, 2468189)
	Update on sbtest4  (cost=0.43..48.53 rows=0 width=0)
	  ->  Index Scan using sbtest4_pkey on sbtest4  (cost=0.43..48.53 rows=10 width=490)
	        Index Cond: (id = ANY ('{2941346,389024,2466704,2417912,5751613,3201235,1216814,2345556,9899549,2468189}'::integer[]))

table 5 : explain UPDATE sbtest5 set c=7 WHERE id IN ( 2941346, 389024, 2466704, 2417912, 5751613, 3201235, 1216814, 2345556, 9899549, 2468189)
	Update on sbtest5  (cost=0.43..48.53 rows=0 width=0)
	  ->  Index Scan using sbtest5_pkey on sbtest5  (cost=0.43..48.53 rows=10 width=490)
	        Index Cond: (id = ANY ('{2941346,389024,2466704,2417912,5751613,3201235,1216814,2345556,9899549,2468189}'::integer[]))

table 6 : explain UPDATE sbtest6 set c=7 WHERE id IN ( 2941346, 389024, 2466704, 2417912, 5751613, 3201235, 1216814, 2345556, 9899549, 2468189)
	Update on sbtest6  (cost=0.43..48.53 rows=0 width=0)
	  ->  Index Scan using sbtest6_pkey on sbtest6  (cost=0.43..48.53 rows=10 width=490)
	        Index Cond: (id = ANY ('{2941346,389024,2466704,2417912,5751613,3201235,1216814,2345556,9899549,2468189}'::integer[]))

table 7 : explain UPDATE sbtest7 set c=7 WHERE id IN ( 2941346, 389024, 2466704, 2417912, 5751613, 3201235, 1216814, 2345556, 9899549, 2468189)
	Update on sbtest7  (cost=0.43..48.53 rows=0 width=0)
	  ->  Index Scan using sbtest7_pkey on sbtest7  (cost=0.43..48.53 rows=10 width=490)
	        Index Cond: (id = ANY ('{2941346,389024,2466704,2417912,5751613,3201235,1216814,2345556,9899549,2468189}'::integer[]))

table 8 : explain UPDATE sbtest8 set c=7 WHERE id IN ( 2941346, 389024, 2466704, 2417912, 5751613, 3201235, 1216814, 2345556, 9899549, 2468189)
	Update on sbtest8  (cost=0.43..48.53 rows=0 width=0)
	  ->  Index Scan using sbtest8_pkey on sbtest8  (cost=0.43..48.53 rows=10 width=490)
	        Index Cond: (id = ANY ('{2941346,389024,2466704,2417912,5751613,3201235,1216814,2345556,9899549,2468189}'::integer[]))

explain: for update-inlist :: explain UPDATE sbtest%d set c=7 WHERE id IN ( 2738459, 7458128, 4698389, 8023254, 7540564, 2112391, 6765194, 7421804, 8512374, 2635497)
for update-inlist
table 1 : explain UPDATE sbtest1 set c=7 WHERE id IN ( 6740527, 7921563, 6716447, 7860760, 3978246, 2404186, 3022180, 5079833, 4276181, 2419262)
	Update on sbtest1  (cost=0.43..48.53 rows=0 width=0)
	  ->  Index Scan using sbtest1_pkey on sbtest1  (cost=0.43..48.53 rows=10 width=490)
	        Index Cond: (id = ANY ('{6740527,7921563,6716447,7860760,3978246,2404186,3022180,5079833,4276181,2419262}'::integer[]))

table 2 : explain UPDATE sbtest2 set c=7 WHERE id IN ( 6740527, 7921563, 6716447, 7860760, 3978246, 2404186, 3022180, 5079833, 4276181, 2419262)
	Update on sbtest2  (cost=0.43..48.53 rows=0 width=0)
	  ->  Index Scan using sbtest2_pkey on sbtest2  (cost=0.43..48.53 rows=10 width=490)
	        Index Cond: (id = ANY ('{6740527,7921563,6716447,7860760,3978246,2404186,3022180,5079833,4276181,2419262}'::integer[]))

table 3 : explain UPDATE sbtest3 set c=7 WHERE id IN ( 6740527, 7921563, 6716447, 7860760, 3978246, 2404186, 3022180, 5079833, 4276181, 2419262)
	Update on sbtest3  (cost=0.43..48.53 rows=0 width=0)
	  ->  Index Scan using sbtest3_pkey on sbtest3  (cost=0.43..48.53 rows=10 width=490)
	        Index Cond: (id = ANY ('{6740527,7921563,6716447,7860760,3978246,2404186,3022180,5079833,4276181,2419262}'::integer[]))

table 4 : explain UPDATE sbtest4 set c=7 WHERE id IN ( 6740527, 7921563, 6716447, 7860760, 3978246, 2404186, 3022180, 5079833, 4276181, 2419262)
	Update on sbtest4  (cost=0.43..48.53 rows=0 width=0)
	  ->  Index Scan using sbtest4_pkey on sbtest4  (cost=0.43..48.53 rows=10 width=490)
	        Index Cond: (id = ANY ('{6740527,7921563,6716447,7860760,3978246,2404186,3022180,5079833,4276181,2419262}'::integer[]))

table 5 : explain UPDATE sbtest5 set c=7 WHERE id IN ( 6740527, 7921563, 6716447, 7860760, 3978246, 2404186, 3022180, 5079833, 4276181, 2419262)
	Update on sbtest5  (cost=0.43..48.53 rows=0 width=0)
	  ->  Index Scan using sbtest5_pkey on sbtest5  (cost=0.43..48.53 rows=10 width=490)
	        Index Cond: (id = ANY ('{6740527,7921563,6716447,7860760,3978246,2404186,3022180,5079833,4276181,2419262}'::integer[]))

table 6 : explain UPDATE sbtest6 set c=7 WHERE id IN ( 6740527, 7921563, 6716447, 7860760, 3978246, 2404186, 3022180, 5079833, 4276181, 2419262)
	Update on sbtest6  (cost=0.43..48.53 rows=0 width=0)
	  ->  Index Scan using sbtest6_pkey on sbtest6  (cost=0.43..48.53 rows=10 width=490)
	        Index Cond: (id = ANY ('{6740527,7921563,6716447,7860760,3978246,2404186,3022180,5079833,4276181,2419262}'::integer[]))

table 7 : explain UPDATE sbtest7 set c=7 WHERE id IN ( 6740527, 7921563, 6716447, 7860760, 3978246, 2404186, 3022180, 5079833, 4276181, 2419262)
	Update on sbtest7  (cost=0.43..48.53 rows=0 width=0)
	  ->  Index Scan using sbtest7_pkey on sbtest7  (cost=0.43..48.53 rows=10 width=490)
	        Index Cond: (id = ANY ('{6740527,7921563,6716447,7860760,3978246,2404186,3022180,5079833,4276181,2419262}'::integer[]))

table 8 : explain UPDATE sbtest8 set c=7 WHERE id IN ( 6740527, 7921563, 6716447, 7860760, 3978246, 2404186, 3022180, 5079833, 4276181, 2419262)
	Update on sbtest8  (cost=0.43..48.53 rows=0 width=0)
	  ->  Index Scan using sbtest8_pkey on sbtest8  (cost=0.43..48.53 rows=10 width=490)
	        Index Cond: (id = ANY ('{6740527,7921563,6716447,7860760,3978246,2404186,3022180,5079833,4276181,2419262}'::integer[]))

explain: for update-inlist :: explain UPDATE sbtest%d set c=7 WHERE id IN ( 6153844, 413376, 7483873, 8979976, 6867253, 3121247, 5439681, 9683475, 9374492, 9975994)
for update-inlist
table 1 : explain UPDATE sbtest1 set c=7 WHERE id IN ( 6434283, 537769, 6181892, 7060122, 1073932, 7478181, 7405820, 1981865, 2675057, 4985766)
	Update on sbtest1  (cost=0.43..48.53 rows=0 width=0)
	  ->  Index Scan using sbtest1_pkey on sbtest1  (cost=0.43..48.53 rows=10 width=490)
	        Index Cond: (id = ANY ('{6434283,537769,6181892,7060122,1073932,7478181,7405820,1981865,2675057,4985766}'::integer[]))

table 2 : explain UPDATE sbtest2 set c=7 WHERE id IN ( 6434283, 537769, 6181892, 7060122, 1073932, 7478181, 7405820, 1981865, 2675057, 4985766)
	Update on sbtest2  (cost=0.43..48.53 rows=0 width=0)
	  ->  Index Scan using sbtest2_pkey on sbtest2  (cost=0.43..48.53 rows=10 width=490)
	        Index Cond: (id = ANY ('{6434283,537769,6181892,7060122,1073932,7478181,7405820,1981865,2675057,4985766}'::integer[]))

table 3 : explain UPDATE sbtest3 set c=7 WHERE id IN ( 6434283, 537769, 6181892, 7060122, 1073932, 7478181, 7405820, 1981865, 2675057, 4985766)
	Update on sbtest3  (cost=0.43..48.53 rows=0 width=0)
	  ->  Index Scan using sbtest3_pkey on sbtest3  (cost=0.43..48.53 rows=10 width=490)
	        Index Cond: (id = ANY ('{6434283,537769,6181892,7060122,1073932,7478181,7405820,1981865,2675057,4985766}'::integer[]))

table 4 : explain UPDATE sbtest4 set c=7 WHERE id IN ( 6434283, 537769, 6181892, 7060122, 1073932, 7478181, 7405820, 1981865, 2675057, 4985766)
	Update on sbtest4  (cost=0.43..48.53 rows=0 width=0)
	  ->  Index Scan using sbtest4_pkey on sbtest4  (cost=0.43..48.53 rows=10 width=490)
	        Index Cond: (id = ANY ('{6434283,537769,6181892,7060122,1073932,7478181,7405820,1981865,2675057,4985766}'::integer[]))

table 5 : explain UPDATE sbtest5 set c=7 WHERE id IN ( 6434283, 537769, 6181892, 7060122, 1073932, 7478181, 7405820, 1981865, 2675057, 4985766)
	Update on sbtest5  (cost=0.43..48.53 rows=0 width=0)
	  ->  Index Scan using sbtest5_pkey on sbtest5  (cost=0.43..48.53 rows=10 width=490)
	        Index Cond: (id = ANY ('{6434283,537769,6181892,7060122,1073932,7478181,7405820,1981865,2675057,4985766}'::integer[]))

table 6 : explain UPDATE sbtest6 set c=7 WHERE id IN ( 6434283, 537769, 6181892, 7060122, 1073932, 7478181, 7405820, 1981865, 2675057, 4985766)
	Update on sbtest6  (cost=0.43..48.53 rows=0 width=0)
	  ->  Index Scan using sbtest6_pkey on sbtest6  (cost=0.43..48.53 rows=10 width=490)
	        Index Cond: (id = ANY ('{6434283,537769,6181892,7060122,1073932,7478181,7405820,1981865,2675057,4985766}'::integer[]))

table 7 : explain UPDATE sbtest7 set c=7 WHERE id IN ( 6434283, 537769, 6181892, 7060122, 1073932, 7478181, 7405820, 1981865, 2675057, 4985766)
	Update on sbtest7  (cost=0.43..48.53 rows=0 width=0)
	  ->  Index Scan using sbtest7_pkey on sbtest7  (cost=0.43..48.53 rows=10 width=490)
	        Index Cond: (id = ANY ('{6434283,537769,6181892,7060122,1073932,7478181,7405820,1981865,2675057,4985766}'::integer[]))

table 8 : explain UPDATE sbtest8 set c=7 WHERE id IN ( 6434283, 537769, 6181892, 7060122, 1073932, 7478181, 7405820, 1981865, 2675057, 4985766)
	Update on sbtest8  (cost=0.43..48.53 rows=0 width=0)
	  ->  Index Scan using sbtest8_pkey on sbtest8  (cost=0.43..48.53 rows=10 width=490)
	        Index Cond: (id = ANY ('{6434283,537769,6181892,7060122,1073932,7478181,7405820,1981865,2675057,4985766}'::integer[]))

for update-inlist
table 1 : explain UPDATE sbtest1 set c=7 WHERE id IN ( 4676237, 4347809, 4353292, 9077553, 7728496, 2226612, 8213524, 7112460, 8911965, 7965885)
	Update on sbtest1  (cost=0.43..48.53 rows=0 width=0)
	  ->  Index Scan using sbtest1_pkey on sbtest1  (cost=0.43..48.53 rows=10 width=490)
	        Index Cond: (id = ANY ('{4676237,4347809,4353292,9077553,7728496,2226612,8213524,7112460,8911965,7965885}'::integer[]))

table 2 : explain UPDATE sbtest2 set c=7 WHERE id IN ( 4676237, 4347809, 4353292, 9077553, 7728496, 2226612, 8213524, 7112460, 8911965, 7965885)
	Update on sbtest2  (cost=0.43..48.53 rows=0 width=0)
	  ->  Index Scan using sbtest2_pkey on sbtest2  (cost=0.43..48.53 rows=10 width=490)
	        Index Cond: (id = ANY ('{4676237,4347809,4353292,9077553,7728496,2226612,8213524,7112460,8911965,7965885}'::integer[]))

table 3 : explain UPDATE sbtest3 set c=7 WHERE id IN ( 4676237, 4347809, 4353292, 9077553, 7728496, 2226612, 8213524, 7112460, 8911965, 7965885)
	Update on sbtest3  (cost=0.43..48.53 rows=0 width=0)
	  ->  Index Scan using sbtest3_pkey on sbtest3  (cost=0.43..48.53 rows=10 width=490)
	        Index Cond: (id = ANY ('{4676237,4347809,4353292,9077553,7728496,2226612,8213524,7112460,8911965,7965885}'::integer[]))

table 4 : explain UPDATE sbtest4 set c=7 WHERE id IN ( 4676237, 4347809, 4353292, 9077553, 7728496, 2226612, 8213524, 7112460, 8911965, 7965885)
	Update on sbtest4  (cost=0.43..48.53 rows=0 width=0)
	  ->  Index Scan using sbtest4_pkey on sbtest4  (cost=0.43..48.53 rows=10 width=490)
	        Index Cond: (id = ANY ('{4676237,4347809,4353292,9077553,7728496,2226612,8213524,7112460,8911965,7965885}'::integer[]))

table 5 : explain UPDATE sbtest5 set c=7 WHERE id IN ( 4676237, 4347809, 4353292, 9077553, 7728496, 2226612, 8213524, 7112460, 8911965, 7965885)
	Update on sbtest5  (cost=0.43..48.53 rows=0 width=0)
	  ->  Index Scan using sbtest5_pkey on sbtest5  (cost=0.43..48.53 rows=10 width=490)
	        Index Cond: (id = ANY ('{4676237,4347809,4353292,9077553,7728496,2226612,8213524,7112460,8911965,7965885}'::integer[]))

table 6 : explain UPDATE sbtest6 set c=7 WHERE id IN ( 4676237, 4347809, 4353292, 9077553, 7728496, 2226612, 8213524, 7112460, 8911965, 7965885)
	Update on sbtest6  (cost=0.43..48.53 rows=0 width=0)
	  ->  Index Scan using sbtest6_pkey on sbtest6  (cost=0.43..48.53 rows=10 width=490)
	        Index Cond: (id = ANY ('{4676237,4347809,4353292,9077553,7728496,2226612,8213524,7112460,8911965,7965885}'::integer[]))

table 7 : explain UPDATE sbtest7 set c=7 WHERE id IN ( 4676237, 4347809, 4353292, 9077553, 7728496, 2226612, 8213524, 7112460, 8911965, 7965885)
	Update on sbtest7  (cost=0.43..48.53 rows=0 width=0)
	  ->  Index Scan using sbtest7_pkey on sbtest7  (cost=0.43..48.53 rows=10 width=490)
	        Index Cond: (id = ANY ('{4676237,4347809,4353292,9077553,7728496,2226612,8213524,7112460,8911965,7965885}'::integer[]))

table 8 : explain UPDATE sbtest8 set c=7 WHERE id IN ( 4676237, 4347809, 4353292, 9077553, 7728496, 2226612, 8213524, 7112460, 8911965, 7965885)
	Update on sbtest8  (cost=0.43..48.53 rows=0 width=0)
	  ->  Index Scan using sbtest8_pkey on sbtest8  (cost=0.43..48.53 rows=10 width=490)
	        Index Cond: (id = ANY ('{4676237,4347809,4353292,9077553,7728496,2226612,8213524,7112460,8911965,7965885}'::integer[]))

explain: for update-inlist :: explain UPDATE sbtest%d set c=7 WHERE id IN ( 2276961, 1764203, 9326965, 3839938, 8585800, 448659, 5680861, 1512337, 2072294, 492236)
for update-inlist
table 1 : explain UPDATE sbtest1 set c=7 WHERE id IN ( 9125170, 8696831, 463183, 9711058, 4720301, 7372502, 6007927, 4707850, 4951229, 6566453)
	Update on sbtest1  (cost=0.43..48.53 rows=0 width=0)
	  ->  Index Scan using sbtest1_pkey on sbtest1  (cost=0.43..48.53 rows=10 width=490)
	        Index Cond: (id = ANY ('{9125170,8696831,463183,9711058,4720301,7372502,6007927,4707850,4951229,6566453}'::integer[]))

table 2 : explain UPDATE sbtest2 set c=7 WHERE id IN ( 9125170, 8696831, 463183, 9711058, 4720301, 7372502, 6007927, 4707850, 4951229, 6566453)
	Update on sbtest2  (cost=0.43..48.53 rows=0 width=0)
	  ->  Index Scan using sbtest2_pkey on sbtest2  (cost=0.43..48.53 rows=10 width=490)
	        Index Cond: (id = ANY ('{9125170,8696831,463183,9711058,4720301,7372502,6007927,4707850,4951229,6566453}'::integer[]))

table 3 : explain UPDATE sbtest3 set c=7 WHERE id IN ( 9125170, 8696831, 463183, 9711058, 4720301, 7372502, 6007927, 4707850, 4951229, 6566453)
	Update on sbtest3  (cost=0.43..48.53 rows=0 width=0)
	  ->  Index Scan using sbtest3_pkey on sbtest3  (cost=0.43..48.53 rows=10 width=490)
	        Index Cond: (id = ANY ('{9125170,8696831,463183,9711058,4720301,7372502,6007927,4707850,4951229,6566453}'::integer[]))

table 4 : explain UPDATE sbtest4 set c=7 WHERE id IN ( 9125170, 8696831, 463183, 9711058, 4720301, 7372502, 6007927, 4707850, 4951229, 6566453)
	Update on sbtest4  (cost=0.43..48.53 rows=0 width=0)
	  ->  Index Scan using sbtest4_pkey on sbtest4  (cost=0.43..48.53 rows=10 width=490)
	        Index Cond: (id = ANY ('{9125170,8696831,463183,9711058,4720301,7372502,6007927,4707850,4951229,6566453}'::integer[]))

table 5 : explain UPDATE sbtest5 set c=7 WHERE id IN ( 9125170, 8696831, 463183, 9711058, 4720301, 7372502, 6007927, 4707850, 4951229, 6566453)
	Update on sbtest5  (cost=0.43..48.53 rows=0 width=0)
	  ->  Index Scan using sbtest5_pkey on sbtest5  (cost=0.43..48.53 rows=10 width=490)
	        Index Cond: (id = ANY ('{9125170,8696831,463183,9711058,4720301,7372502,6007927,4707850,4951229,6566453}'::integer[]))

table 6 : explain UPDATE sbtest6 set c=7 WHERE id IN ( 9125170, 8696831, 463183, 9711058, 4720301, 7372502, 6007927, 4707850, 4951229, 6566453)
	Update on sbtest6  (cost=0.43..48.53 rows=0 width=0)
	  ->  Index Scan using sbtest6_pkey on sbtest6  (cost=0.43..48.53 rows=10 width=490)
	        Index Cond: (id = ANY ('{9125170,8696831,463183,9711058,4720301,7372502,6007927,4707850,4951229,6566453}'::integer[]))

table 7 : explain UPDATE sbtest7 set c=7 WHERE id IN ( 9125170, 8696831, 463183, 9711058, 4720301, 7372502, 6007927, 4707850, 4951229, 6566453)
	Update on sbtest7  (cost=0.43..48.53 rows=0 width=0)
	  ->  Index Scan using sbtest7_pkey on sbtest7  (cost=0.43..48.53 rows=10 width=490)
	        Index Cond: (id = ANY ('{9125170,8696831,463183,9711058,4720301,7372502,6007927,4707850,4951229,6566453}'::integer[]))

table 8 : explain UPDATE sbtest8 set c=7 WHERE id IN ( 9125170, 8696831, 463183, 9711058, 4720301, 7372502, 6007927, 4707850, 4951229, 6566453)
	Update on sbtest8  (cost=0.43..48.53 rows=0 width=0)
	  ->  Index Scan using sbtest8_pkey on sbtest8  (cost=0.43..48.53 rows=10 width=490)
	        Index Cond: (id = ANY ('{9125170,8696831,463183,9711058,4720301,7372502,6007927,4707850,4951229,6566453}'::integer[]))

for update-inlist
table 1 : explain UPDATE sbtest1 set c=7 WHERE id IN ( 7658770, 7364690, 6559214, 5385213, 538263, 6699957, 4917938, 5494223, 7131338, 8493570)
	Update on sbtest1  (cost=0.43..48.53 rows=0 width=0)
	  ->  Index Scan using sbtest1_pkey on sbtest1  (cost=0.43..48.53 rows=10 width=490)
	        Index Cond: (id = ANY ('{7658770,7364690,6559214,5385213,538263,6699957,4917938,5494223,7131338,8493570}'::integer[]))

table 2 : explain UPDATE sbtest2 set c=7 WHERE id IN ( 7658770, 7364690, 6559214, 5385213, 538263, 6699957, 4917938, 5494223, 7131338, 8493570)
	Update on sbtest2  (cost=0.43..48.53 rows=0 width=0)
	  ->  Index Scan using sbtest2_pkey on sbtest2  (cost=0.43..48.53 rows=10 width=490)
	        Index Cond: (id = ANY ('{7658770,7364690,6559214,5385213,538263,6699957,4917938,5494223,7131338,8493570}'::integer[]))

table 3 : explain UPDATE sbtest3 set c=7 WHERE id IN ( 7658770, 7364690, 6559214, 5385213, 538263, 6699957, 4917938, 5494223, 7131338, 8493570)
	Update on sbtest3  (cost=0.43..48.53 rows=0 width=0)
	  ->  Index Scan using sbtest3_pkey on sbtest3  (cost=0.43..48.53 rows=10 width=490)
	        Index Cond: (id = ANY ('{7658770,7364690,6559214,5385213,538263,6699957,4917938,5494223,7131338,8493570}'::integer[]))

table 4 : explain UPDATE sbtest4 set c=7 WHERE id IN ( 7658770, 7364690, 6559214, 5385213, 538263, 6699957, 4917938, 5494223, 7131338, 8493570)
	Update on sbtest4  (cost=0.43..48.53 rows=0 width=0)
	  ->  Index Scan using sbtest4_pkey on sbtest4  (cost=0.43..48.53 rows=10 width=490)
	        Index Cond: (id = ANY ('{7658770,7364690,6559214,5385213,538263,6699957,4917938,5494223,7131338,8493570}'::integer[]))

table 5 : explain UPDATE sbtest5 set c=7 WHERE id IN ( 7658770, 7364690, 6559214, 5385213, 538263, 6699957, 4917938, 5494223, 7131338, 8493570)
	Update on sbtest5  (cost=0.43..48.53 rows=0 width=0)
	  ->  Index Scan using sbtest5_pkey on sbtest5  (cost=0.43..48.53 rows=10 width=490)
	        Index Cond: (id = ANY ('{7658770,7364690,6559214,5385213,538263,6699957,4917938,5494223,7131338,8493570}'::integer[]))

table 6 : explain UPDATE sbtest6 set c=7 WHERE id IN ( 7658770, 7364690, 6559214, 5385213, 538263, 6699957, 4917938, 5494223, 7131338, 8493570)
	Update on sbtest6  (cost=0.43..48.53 rows=0 width=0)
	  ->  Index Scan using sbtest6_pkey on sbtest6  (cost=0.43..48.53 rows=10 width=490)
	        Index Cond: (id = ANY ('{7658770,7364690,6559214,5385213,538263,6699957,4917938,5494223,7131338,8493570}'::integer[]))

table 7 : explain UPDATE sbtest7 set c=7 WHERE id IN ( 7658770, 7364690, 6559214, 5385213, 538263, 6699957, 4917938, 5494223, 7131338, 8493570)
	Update on sbtest7  (cost=0.43..48.53 rows=0 width=0)
	  ->  Index Scan using sbtest7_pkey on sbtest7  (cost=0.43..48.53 rows=10 width=490)
	        Index Cond: (id = ANY ('{7658770,7364690,6559214,5385213,538263,6699957,4917938,5494223,7131338,8493570}'::integer[]))

table 8 : explain UPDATE sbtest8 set c=7 WHERE id IN ( 7658770, 7364690, 6559214, 5385213, 538263, 6699957, 4917938, 5494223, 7131338, 8493570)
	Update on sbtest8  (cost=0.43..48.53 rows=0 width=0)
	  ->  Index Scan using sbtest8_pkey on sbtest8  (cost=0.43..48.53 rows=10 width=490)
	        Index Cond: (id = ANY ('{7658770,7364690,6559214,5385213,538263,6699957,4917938,5494223,7131338,8493570}'::integer[]))

for update-inlist
table 1 : explain UPDATE sbtest1 set c=7 WHERE id IN ( 9648061, 892997, 9159336, 9524095, 9226428, 5836941, 7651931, 435429, 1522660, 996758)
	Update on sbtest1  (cost=0.43..48.53 rows=0 width=0)
	  ->  Index Scan using sbtest1_pkey on sbtest1  (cost=0.43..48.53 rows=10 width=490)
	        Index Cond: (id = ANY ('{9648061,892997,9159336,9524095,9226428,5836941,7651931,435429,1522660,996758}'::integer[]))

table 2 : explain UPDATE sbtest2 set c=7 WHERE id IN ( 9648061, 892997, 9159336, 9524095, 9226428, 5836941, 7651931, 435429, 1522660, 996758)
	Update on sbtest2  (cost=0.43..48.53 rows=0 width=0)
	  ->  Index Scan using sbtest2_pkey on sbtest2  (cost=0.43..48.53 rows=10 width=490)
	        Index Cond: (id = ANY ('{9648061,892997,9159336,9524095,9226428,5836941,7651931,435429,1522660,996758}'::integer[]))

table 3 : explain UPDATE sbtest3 set c=7 WHERE id IN ( 9648061, 892997, 9159336, 9524095, 9226428, 5836941, 7651931, 435429, 1522660, 996758)
	Update on sbtest3  (cost=0.43..48.53 rows=0 width=0)
	  ->  Index Scan using sbtest3_pkey on sbtest3  (cost=0.43..48.53 rows=10 width=490)
	        Index Cond: (id = ANY ('{9648061,892997,9159336,9524095,9226428,5836941,7651931,435429,1522660,996758}'::integer[]))

table 4 : explain UPDATE sbtest4 set c=7 WHERE id IN ( 9648061, 892997, 9159336, 9524095, 9226428, 5836941, 7651931, 435429, 1522660, 996758)
	Update on sbtest4  (cost=0.43..48.53 rows=0 width=0)
	  ->  Index Scan using sbtest4_pkey on sbtest4  (cost=0.43..48.53 rows=10 width=490)
	        Index Cond: (id = ANY ('{9648061,892997,9159336,9524095,9226428,5836941,7651931,435429,1522660,996758}'::integer[]))

table 5 : explain UPDATE sbtest5 set c=7 WHERE id IN ( 9648061, 892997, 9159336, 9524095, 9226428, 5836941, 7651931, 435429, 1522660, 996758)
	Update on sbtest5  (cost=0.43..48.53 rows=0 width=0)
	  ->  Index Scan using sbtest5_pkey on sbtest5  (cost=0.43..48.53 rows=10 width=490)
	        Index Cond: (id = ANY ('{9648061,892997,9159336,9524095,9226428,5836941,7651931,435429,1522660,996758}'::integer[]))

table 6 : explain UPDATE sbtest6 set c=7 WHERE id IN ( 9648061, 892997, 9159336, 9524095, 9226428, 5836941, 7651931, 435429, 1522660, 996758)
	Update on sbtest6  (cost=0.43..48.53 rows=0 width=0)
	  ->  Index Scan using sbtest6_pkey on sbtest6  (cost=0.43..48.53 rows=10 width=490)
	        Index Cond: (id = ANY ('{9648061,892997,9159336,9524095,9226428,5836941,7651931,435429,1522660,996758}'::integer[]))

table 7 : explain UPDATE sbtest7 set c=7 WHERE id IN ( 9648061, 892997, 9159336, 9524095, 9226428, 5836941, 7651931, 435429, 1522660, 996758)
	Update on sbtest7  (cost=0.43..48.53 rows=0 width=0)
	  ->  Index Scan using sbtest7_pkey on sbtest7  (cost=0.43..48.53 rows=10 width=490)
	        Index Cond: (id = ANY ('{9648061,892997,9159336,9524095,9226428,5836941,7651931,435429,1522660,996758}'::integer[]))

table 8 : explain UPDATE sbtest8 set c=7 WHERE id IN ( 9648061, 892997, 9159336, 9524095, 9226428, 5836941, 7651931, 435429, 1522660, 996758)
	Update on sbtest8  (cost=0.43..48.53 rows=0 width=0)
	  ->  Index Scan using sbtest8_pkey on sbtest8  (cost=0.43..48.53 rows=10 width=490)
	        Index Cond: (id = ANY ('{9648061,892997,9159336,9524095,9226428,5836941,7651931,435429,1522660,996758}'::integer[]))

explain: for update-inlist :: explain UPDATE sbtest%d set c=7 WHERE id IN ( 198170, 8621998, 4982704, 6995142, 8707518, 6474635, 4364680, 3323078, 215001, 73241)
for update-inlist
table 1 : explain UPDATE sbtest1 set c=7 WHERE id IN ( 6153844, 413376, 7483873, 8979976, 6867253, 3121247, 5439681, 9683475, 9374492, 9975994)
	Update on sbtest1  (cost=0.43..48.53 rows=0 width=0)
	  ->  Index Scan using sbtest1_pkey on sbtest1  (cost=0.43..48.53 rows=10 width=490)
	        Index Cond: (id = ANY ('{6153844,413376,7483873,8979976,6867253,3121247,5439681,9683475,9374492,9975994}'::integer[]))

table 2 : explain UPDATE sbtest2 set c=7 WHERE id IN ( 6153844, 413376, 7483873, 8979976, 6867253, 3121247, 5439681, 9683475, 9374492, 9975994)
	Update on sbtest2  (cost=0.43..48.53 rows=0 width=0)
	  ->  Index Scan using sbtest2_pkey on sbtest2  (cost=0.43..48.53 rows=10 width=490)
	        Index Cond: (id = ANY ('{6153844,413376,7483873,8979976,6867253,3121247,5439681,9683475,9374492,9975994}'::integer[]))

table 3 : explain UPDATE sbtest3 set c=7 WHERE id IN ( 6153844, 413376, 7483873, 8979976, 6867253, 3121247, 5439681, 9683475, 9374492, 9975994)
	Update on sbtest3  (cost=0.43..48.53 rows=0 width=0)
	  ->  Index Scan using sbtest3_pkey on sbtest3  (cost=0.43..48.53 rows=10 width=490)
	        Index Cond: (id = ANY ('{6153844,413376,7483873,8979976,6867253,3121247,5439681,9683475,9374492,9975994}'::integer[]))

table 4 : explain UPDATE sbtest4 set c=7 WHERE id IN ( 6153844, 413376, 7483873, 8979976, 6867253, 3121247, 5439681, 9683475, 9374492, 9975994)
	Update on sbtest4  (cost=0.43..48.53 rows=0 width=0)
	  ->  Index Scan using sbtest4_pkey on sbtest4  (cost=0.43..48.53 rows=10 width=490)
	        Index Cond: (id = ANY ('{6153844,413376,7483873,8979976,6867253,3121247,5439681,9683475,9374492,9975994}'::integer[]))

table 5 : explain UPDATE sbtest5 set c=7 WHERE id IN ( 6153844, 413376, 7483873, 8979976, 6867253, 3121247, 5439681, 9683475, 9374492, 9975994)
	Update on sbtest5  (cost=0.43..48.53 rows=0 width=0)
	  ->  Index Scan using sbtest5_pkey on sbtest5  (cost=0.43..48.53 rows=10 width=490)
	        Index Cond: (id = ANY ('{6153844,413376,7483873,8979976,6867253,3121247,5439681,9683475,9374492,9975994}'::integer[]))

table 6 : explain UPDATE sbtest6 set c=7 WHERE id IN ( 6153844, 413376, 7483873, 8979976, 6867253, 3121247, 5439681, 9683475, 9374492, 9975994)
	Update on sbtest6  (cost=0.43..48.53 rows=0 width=0)
	  ->  Index Scan using sbtest6_pkey on sbtest6  (cost=0.43..48.53 rows=10 width=490)
	        Index Cond: (id = ANY ('{6153844,413376,7483873,8979976,6867253,3121247,5439681,9683475,9374492,9975994}'::integer[]))

table 7 : explain UPDATE sbtest7 set c=7 WHERE id IN ( 6153844, 413376, 7483873, 8979976, 6867253, 3121247, 5439681, 9683475, 9374492, 9975994)
	Update on sbtest7  (cost=0.43..48.53 rows=0 width=0)
	  ->  Index Scan using sbtest7_pkey on sbtest7  (cost=0.43..48.53 rows=10 width=490)
	        Index Cond: (id = ANY ('{6153844,413376,7483873,8979976,6867253,3121247,5439681,9683475,9374492,9975994}'::integer[]))

table 8 : explain UPDATE sbtest8 set c=7 WHERE id IN ( 6153844, 413376, 7483873, 8979976, 6867253, 3121247, 5439681, 9683475, 9374492, 9975994)
	Update on sbtest8  (cost=0.43..48.53 rows=0 width=0)
	  ->  Index Scan using sbtest8_pkey on sbtest8  (cost=0.43..48.53 rows=10 width=490)
	        Index Cond: (id = ANY ('{6153844,413376,7483873,8979976,6867253,3121247,5439681,9683475,9374492,9975994}'::integer[]))

explain: for update-inlist :: explain UPDATE sbtest%d set c=7 WHERE id IN ( 9536368, 893188, 6423628, 4795764, 736716, 5893800, 3849575, 7168456, 4070552, 613242)
for update-inlist
table 1 : explain UPDATE sbtest1 set c=7 WHERE id IN ( 5484028, 5947866, 693803, 9128310, 3532009, 3564835, 9636698, 9814917, 1145955, 3964966)
	Update on sbtest1  (cost=0.43..48.53 rows=0 width=0)
	  ->  Index Scan using sbtest1_pkey on sbtest1  (cost=0.43..48.53 rows=10 width=490)
	        Index Cond: (id = ANY ('{5484028,5947866,693803,9128310,3532009,3564835,9636698,9814917,1145955,3964966}'::integer[]))

table 2 : explain UPDATE sbtest2 set c=7 WHERE id IN ( 5484028, 5947866, 693803, 9128310, 3532009, 3564835, 9636698, 9814917, 1145955, 3964966)
	Update on sbtest2  (cost=0.43..48.53 rows=0 width=0)
	  ->  Index Scan using sbtest2_pkey on sbtest2  (cost=0.43..48.53 rows=10 width=490)
	        Index Cond: (id = ANY ('{5484028,5947866,693803,9128310,3532009,3564835,9636698,9814917,1145955,3964966}'::integer[]))

table 3 : explain UPDATE sbtest3 set c=7 WHERE id IN ( 5484028, 5947866, 693803, 9128310, 3532009, 3564835, 9636698, 9814917, 1145955, 3964966)
	Update on sbtest3  (cost=0.43..48.53 rows=0 width=0)
	  ->  Index Scan using sbtest3_pkey on sbtest3  (cost=0.43..48.53 rows=10 width=490)
	        Index Cond: (id = ANY ('{5484028,5947866,693803,9128310,3532009,3564835,9636698,9814917,1145955,3964966}'::integer[]))

table 4 : explain UPDATE sbtest4 set c=7 WHERE id IN ( 5484028, 5947866, 693803, 9128310, 3532009, 3564835, 9636698, 9814917, 1145955, 3964966)
	Update on sbtest4  (cost=0.43..48.53 rows=0 width=0)
	  ->  Index Scan using sbtest4_pkey on sbtest4  (cost=0.43..48.53 rows=10 width=490)
	        Index Cond: (id = ANY ('{5484028,5947866,693803,9128310,3532009,3564835,9636698,9814917,1145955,3964966}'::integer[]))

table 5 : explain UPDATE sbtest5 set c=7 WHERE id IN ( 5484028, 5947866, 693803, 9128310, 3532009, 3564835, 9636698, 9814917, 1145955, 3964966)
	Update on sbtest5  (cost=0.43..48.53 rows=0 width=0)
	  ->  Index Scan using sbtest5_pkey on sbtest5  (cost=0.43..48.53 rows=10 width=490)
	        Index Cond: (id = ANY ('{5484028,5947866,693803,9128310,3532009,3564835,9636698,9814917,1145955,3964966}'::integer[]))

table 6 : explain UPDATE sbtest6 set c=7 WHERE id IN ( 5484028, 5947866, 693803, 9128310, 3532009, 3564835, 9636698, 9814917, 1145955, 3964966)
	Update on sbtest6  (cost=0.43..48.53 rows=0 width=0)
	  ->  Index Scan using sbtest6_pkey on sbtest6  (cost=0.43..48.53 rows=10 width=490)
	        Index Cond: (id = ANY ('{5484028,5947866,693803,9128310,3532009,3564835,9636698,9814917,1145955,3964966}'::integer[]))

table 7 : explain UPDATE sbtest7 set c=7 WHERE id IN ( 5484028, 5947866, 693803, 9128310, 3532009, 3564835, 9636698, 9814917, 1145955, 3964966)
	Update on sbtest7  (cost=0.43..48.53 rows=0 width=0)
	  ->  Index Scan using sbtest7_pkey on sbtest7  (cost=0.43..48.53 rows=10 width=490)
	        Index Cond: (id = ANY ('{5484028,5947866,693803,9128310,3532009,3564835,9636698,9814917,1145955,3964966}'::integer[]))

table 8 : explain UPDATE sbtest8 set c=7 WHERE id IN ( 5484028, 5947866, 693803, 9128310, 3532009, 3564835, 9636698, 9814917, 1145955, 3964966)
	Update on sbtest8  (cost=0.43..48.53 rows=0 width=0)
	  ->  Index Scan using sbtest8_pkey on sbtest8  (cost=0.43..48.53 rows=10 width=490)
	        Index Cond: (id = ANY ('{5484028,5947866,693803,9128310,3532009,3564835,9636698,9814917,1145955,3964966}'::integer[]))

explain: for update-inlist :: explain UPDATE sbtest%d set c=7 WHERE id IN ( 6601698, 7155676, 1131918, 4162517, 9473558, 5994167, 7025171, 6901709, 97312, 7718803)
explain: for update-inlist :: explain UPDATE sbtest%d set c=7 WHERE id IN ( 2929287, 7722663, 177398, 3847392, 1632202, 8136799, 1948186, 1231066, 8301653, 9686948)
for update-inlist
table 1 : explain UPDATE sbtest1 set c=7 WHERE id IN ( 2738459, 7458128, 4698389, 8023254, 7540564, 2112391, 6765194, 7421804, 8512374, 2635497)
	Update on sbtest1  (cost=0.43..48.53 rows=0 width=0)
	  ->  Index Scan using sbtest1_pkey on sbtest1  (cost=0.43..48.53 rows=10 width=490)
	        Index Cond: (id = ANY ('{2738459,7458128,4698389,8023254,7540564,2112391,6765194,7421804,8512374,2635497}'::integer[]))

table 2 : explain UPDATE sbtest2 set c=7 WHERE id IN ( 2738459, 7458128, 4698389, 8023254, 7540564, 2112391, 6765194, 7421804, 8512374, 2635497)
	Update on sbtest2  (cost=0.43..48.53 rows=0 width=0)
	  ->  Index Scan using sbtest2_pkey on sbtest2  (cost=0.43..48.53 rows=10 width=490)
	        Index Cond: (id = ANY ('{2738459,7458128,4698389,8023254,7540564,2112391,6765194,7421804,8512374,2635497}'::integer[]))

table 3 : explain UPDATE sbtest3 set c=7 WHERE id IN ( 2738459, 7458128, 4698389, 8023254, 7540564, 2112391, 6765194, 7421804, 8512374, 2635497)
	Update on sbtest3  (cost=0.43..48.53 rows=0 width=0)
	  ->  Index Scan using sbtest3_pkey on sbtest3  (cost=0.43..48.53 rows=10 width=490)
	        Index Cond: (id = ANY ('{2738459,7458128,4698389,8023254,7540564,2112391,6765194,7421804,8512374,2635497}'::integer[]))

table 4 : explain UPDATE sbtest4 set c=7 WHERE id IN ( 2738459, 7458128, 4698389, 8023254, 7540564, 2112391, 6765194, 7421804, 8512374, 2635497)
	Update on sbtest4  (cost=0.43..48.53 rows=0 width=0)
	  ->  Index Scan using sbtest4_pkey on sbtest4  (cost=0.43..48.53 rows=10 width=490)
	        Index Cond: (id = ANY ('{2738459,7458128,4698389,8023254,7540564,2112391,6765194,7421804,8512374,2635497}'::integer[]))

table 5 : explain UPDATE sbtest5 set c=7 WHERE id IN ( 2738459, 7458128, 4698389, 8023254, 7540564, 2112391, 6765194, 7421804, 8512374, 2635497)
	Update on sbtest5  (cost=0.43..48.53 rows=0 width=0)
	  ->  Index Scan using sbtest5_pkey on sbtest5  (cost=0.43..48.53 rows=10 width=490)
	        Index Cond: (id = ANY ('{2738459,7458128,4698389,8023254,7540564,2112391,6765194,7421804,8512374,2635497}'::integer[]))

table 6 : explain UPDATE sbtest6 set c=7 WHERE id IN ( 2738459, 7458128, 4698389, 8023254, 7540564, 2112391, 6765194, 7421804, 8512374, 2635497)
	Update on sbtest6  (cost=0.43..48.53 rows=0 width=0)
	  ->  Index Scan using sbtest6_pkey on sbtest6  (cost=0.43..48.53 rows=10 width=490)
	        Index Cond: (id = ANY ('{2738459,7458128,4698389,8023254,7540564,2112391,6765194,7421804,8512374,2635497}'::integer[]))

table 7 : explain UPDATE sbtest7 set c=7 WHERE id IN ( 2738459, 7458128, 4698389, 8023254, 7540564, 2112391, 6765194, 7421804, 8512374, 2635497)
	Update on sbtest7  (cost=0.43..48.53 rows=0 width=0)
	  ->  Index Scan using sbtest7_pkey on sbtest7  (cost=0.43..48.53 rows=10 width=490)
	        Index Cond: (id = ANY ('{2738459,7458128,4698389,8023254,7540564,2112391,6765194,7421804,8512374,2635497}'::integer[]))

table 8 : explain UPDATE sbtest8 set c=7 WHERE id IN ( 2738459, 7458128, 4698389, 8023254, 7540564, 2112391, 6765194, 7421804, 8512374, 2635497)
	Update on sbtest8  (cost=0.43..48.53 rows=0 width=0)
	  ->  Index Scan using sbtest8_pkey on sbtest8  (cost=0.43..48.53 rows=10 width=490)
	        Index Cond: (id = ANY ('{2738459,7458128,4698389,8023254,7540564,2112391,6765194,7421804,8512374,2635497}'::integer[]))

for update-inlist
table 1 : explain UPDATE sbtest1 set c=7 WHERE id IN ( 1044004, 3590421, 7171131, 6277116, 8250593, 5409380, 9449007, 1724945, 1377860, 7535725)
	Update on sbtest1  (cost=0.43..48.53 rows=0 width=0)
	  ->  Index Scan using sbtest1_pkey on sbtest1  (cost=0.43..48.53 rows=10 width=490)
	        Index Cond: (id = ANY ('{1044004,3590421,7171131,6277116,8250593,5409380,9449007,1724945,1377860,7535725}'::integer[]))

table 2 : explain UPDATE sbtest2 set c=7 WHERE id IN ( 1044004, 3590421, 7171131, 6277116, 8250593, 5409380, 9449007, 1724945, 1377860, 7535725)
	Update on sbtest2  (cost=0.43..48.53 rows=0 width=0)
	  ->  Index Scan using sbtest2_pkey on sbtest2  (cost=0.43..48.53 rows=10 width=490)
	        Index Cond: (id = ANY ('{1044004,3590421,7171131,6277116,8250593,5409380,9449007,1724945,1377860,7535725}'::integer[]))

table 3 : explain UPDATE sbtest3 set c=7 WHERE id IN ( 1044004, 3590421, 7171131, 6277116, 8250593, 5409380, 9449007, 1724945, 1377860, 7535725)
	Update on sbtest3  (cost=0.43..48.53 rows=0 width=0)
	  ->  Index Scan using sbtest3_pkey on sbtest3  (cost=0.43..48.53 rows=10 width=490)
	        Index Cond: (id = ANY ('{1044004,3590421,7171131,6277116,8250593,5409380,9449007,1724945,1377860,7535725}'::integer[]))

table 4 : explain UPDATE sbtest4 set c=7 WHERE id IN ( 1044004, 3590421, 7171131, 6277116, 8250593, 5409380, 9449007, 1724945, 1377860, 7535725)
	Update on sbtest4  (cost=0.43..48.53 rows=0 width=0)
	  ->  Index Scan using sbtest4_pkey on sbtest4  (cost=0.43..48.53 rows=10 width=490)
	        Index Cond: (id = ANY ('{1044004,3590421,7171131,6277116,8250593,5409380,9449007,1724945,1377860,7535725}'::integer[]))

table 5 : explain UPDATE sbtest5 set c=7 WHERE id IN ( 1044004, 3590421, 7171131, 6277116, 8250593, 5409380, 9449007, 1724945, 1377860, 7535725)
	Update on sbtest5  (cost=0.43..48.53 rows=0 width=0)
	  ->  Index Scan using sbtest5_pkey on sbtest5  (cost=0.43..48.53 rows=10 width=490)
	        Index Cond: (id = ANY ('{1044004,3590421,7171131,6277116,8250593,5409380,9449007,1724945,1377860,7535725}'::integer[]))

table 6 : explain UPDATE sbtest6 set c=7 WHERE id IN ( 1044004, 3590421, 7171131, 6277116, 8250593, 5409380, 9449007, 1724945, 1377860, 7535725)
	Update on sbtest6  (cost=0.43..48.53 rows=0 width=0)
	  ->  Index Scan using sbtest6_pkey on sbtest6  (cost=0.43..48.53 rows=10 width=490)
	        Index Cond: (id = ANY ('{1044004,3590421,7171131,6277116,8250593,5409380,9449007,1724945,1377860,7535725}'::integer[]))

table 7 : explain UPDATE sbtest7 set c=7 WHERE id IN ( 1044004, 3590421, 7171131, 6277116, 8250593, 5409380, 9449007, 1724945, 1377860, 7535725)
	Update on sbtest7  (cost=0.43..48.53 rows=0 width=0)
	  ->  Index Scan using sbtest7_pkey on sbtest7  (cost=0.43..48.53 rows=10 width=490)
	        Index Cond: (id = ANY ('{1044004,3590421,7171131,6277116,8250593,5409380,9449007,1724945,1377860,7535725}'::integer[]))

table 8 : explain UPDATE sbtest8 set c=7 WHERE id IN ( 1044004, 3590421, 7171131, 6277116, 8250593, 5409380, 9449007, 1724945, 1377860, 7535725)
	Update on sbtest8  (cost=0.43..48.53 rows=0 width=0)
	  ->  Index Scan using sbtest8_pkey on sbtest8  (cost=0.43..48.53 rows=10 width=490)
	        Index Cond: (id = ANY ('{1044004,3590421,7171131,6277116,8250593,5409380,9449007,1724945,1377860,7535725}'::integer[]))

explain: for update-inlist :: explain UPDATE sbtest%d set c=7 WHERE id IN ( 7271473, 1386405, 1662538, 2137741, 578841, 6198982, 6233593, 908347, 9325483, 1577052)
for update-inlist
table 1 : explain UPDATE sbtest1 set c=7 WHERE id IN ( 198170, 8621998, 4982704, 6995142, 8707518, 6474635, 4364680, 3323078, 215001, 73241)
	Update on sbtest1  (cost=0.43..48.53 rows=0 width=0)
	  ->  Index Scan using sbtest1_pkey on sbtest1  (cost=0.43..48.53 rows=10 width=490)
	        Index Cond: (id = ANY ('{198170,8621998,4982704,6995142,8707518,6474635,4364680,3323078,215001,73241}'::integer[]))

table 2 : explain UPDATE sbtest2 set c=7 WHERE id IN ( 198170, 8621998, 4982704, 6995142, 8707518, 6474635, 4364680, 3323078, 215001, 73241)
	Update on sbtest2  (cost=0.43..48.53 rows=0 width=0)
	  ->  Index Scan using sbtest2_pkey on sbtest2  (cost=0.43..48.53 rows=10 width=490)
	        Index Cond: (id = ANY ('{198170,8621998,4982704,6995142,8707518,6474635,4364680,3323078,215001,73241}'::integer[]))

table 3 : explain UPDATE sbtest3 set c=7 WHERE id IN ( 198170, 8621998, 4982704, 6995142, 8707518, 6474635, 4364680, 3323078, 215001, 73241)
	Update on sbtest3  (cost=0.43..48.53 rows=0 width=0)
	  ->  Index Scan using sbtest3_pkey on sbtest3  (cost=0.43..48.53 rows=10 width=490)
	        Index Cond: (id = ANY ('{198170,8621998,4982704,6995142,8707518,6474635,4364680,3323078,215001,73241}'::integer[]))

table 4 : explain UPDATE sbtest4 set c=7 WHERE id IN ( 198170, 8621998, 4982704, 6995142, 8707518, 6474635, 4364680, 3323078, 215001, 73241)
	Update on sbtest4  (cost=0.43..48.53 rows=0 width=0)
	  ->  Index Scan using sbtest4_pkey on sbtest4  (cost=0.43..48.53 rows=10 width=490)
	        Index Cond: (id = ANY ('{198170,8621998,4982704,6995142,8707518,6474635,4364680,3323078,215001,73241}'::integer[]))

table 5 : explain UPDATE sbtest5 set c=7 WHERE id IN ( 198170, 8621998, 4982704, 6995142, 8707518, 6474635, 4364680, 3323078, 215001, 73241)
	Update on sbtest5  (cost=0.43..48.53 rows=0 width=0)
	  ->  Index Scan using sbtest5_pkey on sbtest5  (cost=0.43..48.53 rows=10 width=490)
	        Index Cond: (id = ANY ('{198170,8621998,4982704,6995142,8707518,6474635,4364680,3323078,215001,73241}'::integer[]))

table 6 : explain UPDATE sbtest6 set c=7 WHERE id IN ( 198170, 8621998, 4982704, 6995142, 8707518, 6474635, 4364680, 3323078, 215001, 73241)
	Update on sbtest6  (cost=0.43..48.53 rows=0 width=0)
	  ->  Index Scan using sbtest6_pkey on sbtest6  (cost=0.43..48.53 rows=10 width=490)
	        Index Cond: (id = ANY ('{198170,8621998,4982704,6995142,8707518,6474635,4364680,3323078,215001,73241}'::integer[]))

table 7 : explain UPDATE sbtest7 set c=7 WHERE id IN ( 198170, 8621998, 4982704, 6995142, 8707518, 6474635, 4364680, 3323078, 215001, 73241)
	Update on sbtest7  (cost=0.43..48.53 rows=0 width=0)
	  ->  Index Scan using sbtest7_pkey on sbtest7  (cost=0.43..48.53 rows=10 width=490)
	        Index Cond: (id = ANY ('{198170,8621998,4982704,6995142,8707518,6474635,4364680,3323078,215001,73241}'::integer[]))

table 8 : explain UPDATE sbtest8 set c=7 WHERE id IN ( 198170, 8621998, 4982704, 6995142, 8707518, 6474635, 4364680, 3323078, 215001, 73241)
	Update on sbtest8  (cost=0.43..48.53 rows=0 width=0)
	  ->  Index Scan using sbtest8_pkey on sbtest8  (cost=0.43..48.53 rows=10 width=490)
	        Index Cond: (id = ANY ('{198170,8621998,4982704,6995142,8707518,6474635,4364680,3323078,215001,73241}'::integer[]))

for update-inlist
table 1 : explain UPDATE sbtest1 set c=7 WHERE id IN ( 9536368, 893188, 6423628, 4795764, 736716, 5893800, 3849575, 7168456, 4070552, 613242)
	Update on sbtest1  (cost=0.43..48.53 rows=0 width=0)
	  ->  Index Scan using sbtest1_pkey on sbtest1  (cost=0.43..48.53 rows=10 width=490)
	        Index Cond: (id = ANY ('{9536368,893188,6423628,4795764,736716,5893800,3849575,7168456,4070552,613242}'::integer[]))

table 2 : explain UPDATE sbtest2 set c=7 WHERE id IN ( 9536368, 893188, 6423628, 4795764, 736716, 5893800, 3849575, 7168456, 4070552, 613242)
	Update on sbtest2  (cost=0.43..48.53 rows=0 width=0)
	  ->  Index Scan using sbtest2_pkey on sbtest2  (cost=0.43..48.53 rows=10 width=490)
	        Index Cond: (id = ANY ('{9536368,893188,6423628,4795764,736716,5893800,3849575,7168456,4070552,613242}'::integer[]))

table 3 : explain UPDATE sbtest3 set c=7 WHERE id IN ( 9536368, 893188, 6423628, 4795764, 736716, 5893800, 3849575, 7168456, 4070552, 613242)
	Update on sbtest3  (cost=0.43..48.53 rows=0 width=0)
	  ->  Index Scan using sbtest3_pkey on sbtest3  (cost=0.43..48.53 rows=10 width=490)
	        Index Cond: (id = ANY ('{9536368,893188,6423628,4795764,736716,5893800,3849575,7168456,4070552,613242}'::integer[]))

table 4 : explain UPDATE sbtest4 set c=7 WHERE id IN ( 9536368, 893188, 6423628, 4795764, 736716, 5893800, 3849575, 7168456, 4070552, 613242)
	Update on sbtest4  (cost=0.43..48.53 rows=0 width=0)
	  ->  Index Scan using sbtest4_pkey on sbtest4  (cost=0.43..48.53 rows=10 width=490)
	        Index Cond: (id = ANY ('{9536368,893188,6423628,4795764,736716,5893800,3849575,7168456,4070552,613242}'::integer[]))

table 5 : explain UPDATE sbtest5 set c=7 WHERE id IN ( 9536368, 893188, 6423628, 4795764, 736716, 5893800, 3849575, 7168456, 4070552, 613242)
	Update on sbtest5  (cost=0.43..48.53 rows=0 width=0)
	  ->  Index Scan using sbtest5_pkey on sbtest5  (cost=0.43..48.53 rows=10 width=490)
	        Index Cond: (id = ANY ('{9536368,893188,6423628,4795764,736716,5893800,3849575,7168456,4070552,613242}'::integer[]))

table 6 : explain UPDATE sbtest6 set c=7 WHERE id IN ( 9536368, 893188, 6423628, 4795764, 736716, 5893800, 3849575, 7168456, 4070552, 613242)
	Update on sbtest6  (cost=0.43..48.53 rows=0 width=0)
	  ->  Index Scan using sbtest6_pkey on sbtest6  (cost=0.43..48.53 rows=10 width=490)
	        Index Cond: (id = ANY ('{9536368,893188,6423628,4795764,736716,5893800,3849575,7168456,4070552,613242}'::integer[]))

table 7 : explain UPDATE sbtest7 set c=7 WHERE id IN ( 9536368, 893188, 6423628, 4795764, 736716, 5893800, 3849575, 7168456, 4070552, 613242)
	Update on sbtest7  (cost=0.43..48.53 rows=0 width=0)
	  ->  Index Scan using sbtest7_pkey on sbtest7  (cost=0.43..48.53 rows=10 width=490)
	        Index Cond: (id = ANY ('{9536368,893188,6423628,4795764,736716,5893800,3849575,7168456,4070552,613242}'::integer[]))

table 8 : explain UPDATE sbtest8 set c=7 WHERE id IN ( 9536368, 893188, 6423628, 4795764, 736716, 5893800, 3849575, 7168456, 4070552, 613242)
	Update on sbtest8  (cost=0.43..48.53 rows=0 width=0)
	  ->  Index Scan using sbtest8_pkey on sbtest8  (cost=0.43..48.53 rows=10 width=490)
	        Index Cond: (id = ANY ('{9536368,893188,6423628,4795764,736716,5893800,3849575,7168456,4070552,613242}'::integer[]))

for update-inlist
table 1 : explain UPDATE sbtest1 set c=7 WHERE id IN ( 2929287, 7722663, 177398, 3847392, 1632202, 8136799, 1948186, 1231066, 8301653, 9686948)
	Update on sbtest1  (cost=0.43..48.53 rows=0 width=0)
	  ->  Index Scan using sbtest1_pkey on sbtest1  (cost=0.43..48.53 rows=10 width=490)
	        Index Cond: (id = ANY ('{2929287,7722663,177398,3847392,1632202,8136799,1948186,1231066,8301653,9686948}'::integer[]))

table 2 : explain UPDATE sbtest2 set c=7 WHERE id IN ( 2929287, 7722663, 177398, 3847392, 1632202, 8136799, 1948186, 1231066, 8301653, 9686948)
	Update on sbtest2  (cost=0.43..48.53 rows=0 width=0)
	  ->  Index Scan using sbtest2_pkey on sbtest2  (cost=0.43..48.53 rows=10 width=490)
	        Index Cond: (id = ANY ('{2929287,7722663,177398,3847392,1632202,8136799,1948186,1231066,8301653,9686948}'::integer[]))

table 3 : explain UPDATE sbtest3 set c=7 WHERE id IN ( 2929287, 7722663, 177398, 3847392, 1632202, 8136799, 1948186, 1231066, 8301653, 9686948)
	Update on sbtest3  (cost=0.43..48.53 rows=0 width=0)
	  ->  Index Scan using sbtest3_pkey on sbtest3  (cost=0.43..48.53 rows=10 width=490)
	        Index Cond: (id = ANY ('{2929287,7722663,177398,3847392,1632202,8136799,1948186,1231066,8301653,9686948}'::integer[]))

table 4 : explain UPDATE sbtest4 set c=7 WHERE id IN ( 2929287, 7722663, 177398, 3847392, 1632202, 8136799, 1948186, 1231066, 8301653, 9686948)
	Update on sbtest4  (cost=0.43..48.53 rows=0 width=0)
	  ->  Index Scan using sbtest4_pkey on sbtest4  (cost=0.43..48.53 rows=10 width=490)
	        Index Cond: (id = ANY ('{2929287,7722663,177398,3847392,1632202,8136799,1948186,1231066,8301653,9686948}'::integer[]))

table 5 : explain UPDATE sbtest5 set c=7 WHERE id IN ( 2929287, 7722663, 177398, 3847392, 1632202, 8136799, 1948186, 1231066, 8301653, 9686948)
	Update on sbtest5  (cost=0.43..48.53 rows=0 width=0)
	  ->  Index Scan using sbtest5_pkey on sbtest5  (cost=0.43..48.53 rows=10 width=490)
	        Index Cond: (id = ANY ('{2929287,7722663,177398,3847392,1632202,8136799,1948186,1231066,8301653,9686948}'::integer[]))

table 6 : explain UPDATE sbtest6 set c=7 WHERE id IN ( 2929287, 7722663, 177398, 3847392, 1632202, 8136799, 1948186, 1231066, 8301653, 9686948)
	Update on sbtest6  (cost=0.43..48.53 rows=0 width=0)
	  ->  Index Scan using sbtest6_pkey on sbtest6  (cost=0.43..48.53 rows=10 width=490)
	        Index Cond: (id = ANY ('{2929287,7722663,177398,3847392,1632202,8136799,1948186,1231066,8301653,9686948}'::integer[]))

table 7 : explain UPDATE sbtest7 set c=7 WHERE id IN ( 2929287, 7722663, 177398, 3847392, 1632202, 8136799, 1948186, 1231066, 8301653, 9686948)
	Update on sbtest7  (cost=0.43..48.53 rows=0 width=0)
	  ->  Index Scan using sbtest7_pkey on sbtest7  (cost=0.43..48.53 rows=10 width=490)
	        Index Cond: (id = ANY ('{2929287,7722663,177398,3847392,1632202,8136799,1948186,1231066,8301653,9686948}'::integer[]))

table 8 : explain UPDATE sbtest8 set c=7 WHERE id IN ( 2929287, 7722663, 177398, 3847392, 1632202, 8136799, 1948186, 1231066, 8301653, 9686948)
	Update on sbtest8  (cost=0.43..48.53 rows=0 width=0)
	  ->  Index Scan using sbtest8_pkey on sbtest8  (cost=0.43..48.53 rows=10 width=490)
	        Index Cond: (id = ANY ('{2929287,7722663,177398,3847392,1632202,8136799,1948186,1231066,8301653,9686948}'::integer[]))

for update-inlist
table 1 : explain UPDATE sbtest1 set c=7 WHERE id IN ( 2276961, 1764203, 9326965, 3839938, 8585800, 448659, 5680861, 1512337, 2072294, 492236)
	Update on sbtest1  (cost=0.43..48.53 rows=0 width=0)
	  ->  Index Scan using sbtest1_pkey on sbtest1  (cost=0.43..48.53 rows=10 width=490)
	        Index Cond: (id = ANY ('{2276961,1764203,9326965,3839938,8585800,448659,5680861,1512337,2072294,492236}'::integer[]))

table 2 : explain UPDATE sbtest2 set c=7 WHERE id IN ( 2276961, 1764203, 9326965, 3839938, 8585800, 448659, 5680861, 1512337, 2072294, 492236)
	Update on sbtest2  (cost=0.43..48.53 rows=0 width=0)
	  ->  Index Scan using sbtest2_pkey on sbtest2  (cost=0.43..48.53 rows=10 width=490)
	        Index Cond: (id = ANY ('{2276961,1764203,9326965,3839938,8585800,448659,5680861,1512337,2072294,492236}'::integer[]))

table 3 : explain UPDATE sbtest3 set c=7 WHERE id IN ( 2276961, 1764203, 9326965, 3839938, 8585800, 448659, 5680861, 1512337, 2072294, 492236)
	Update on sbtest3  (cost=0.43..48.53 rows=0 width=0)
	  ->  Index Scan using sbtest3_pkey on sbtest3  (cost=0.43..48.53 rows=10 width=490)
	        Index Cond: (id = ANY ('{2276961,1764203,9326965,3839938,8585800,448659,5680861,1512337,2072294,492236}'::integer[]))

table 4 : explain UPDATE sbtest4 set c=7 WHERE id IN ( 2276961, 1764203, 9326965, 3839938, 8585800, 448659, 5680861, 1512337, 2072294, 492236)
	Update on sbtest4  (cost=0.43..48.53 rows=0 width=0)
	  ->  Index Scan using sbtest4_pkey on sbtest4  (cost=0.43..48.53 rows=10 width=490)
	        Index Cond: (id = ANY ('{2276961,1764203,9326965,3839938,8585800,448659,5680861,1512337,2072294,492236}'::integer[]))

table 5 : explain UPDATE sbtest5 set c=7 WHERE id IN ( 2276961, 1764203, 9326965, 3839938, 8585800, 448659, 5680861, 1512337, 2072294, 492236)
	Update on sbtest5  (cost=0.43..48.53 rows=0 width=0)
	  ->  Index Scan using sbtest5_pkey on sbtest5  (cost=0.43..48.53 rows=10 width=490)
	        Index Cond: (id = ANY ('{2276961,1764203,9326965,3839938,8585800,448659,5680861,1512337,2072294,492236}'::integer[]))

table 6 : explain UPDATE sbtest6 set c=7 WHERE id IN ( 2276961, 1764203, 9326965, 3839938, 8585800, 448659, 5680861, 1512337, 2072294, 492236)
	Update on sbtest6  (cost=0.43..48.53 rows=0 width=0)
	  ->  Index Scan using sbtest6_pkey on sbtest6  (cost=0.43..48.53 rows=10 width=490)
	        Index Cond: (id = ANY ('{2276961,1764203,9326965,3839938,8585800,448659,5680861,1512337,2072294,492236}'::integer[]))

table 7 : explain UPDATE sbtest7 set c=7 WHERE id IN ( 2276961, 1764203, 9326965, 3839938, 8585800, 448659, 5680861, 1512337, 2072294, 492236)
	Update on sbtest7  (cost=0.43..48.53 rows=0 width=0)
	  ->  Index Scan using sbtest7_pkey on sbtest7  (cost=0.43..48.53 rows=10 width=490)
	        Index Cond: (id = ANY ('{2276961,1764203,9326965,3839938,8585800,448659,5680861,1512337,2072294,492236}'::integer[]))

table 8 : explain UPDATE sbtest8 set c=7 WHERE id IN ( 2276961, 1764203, 9326965, 3839938, 8585800, 448659, 5680861, 1512337, 2072294, 492236)
	Update on sbtest8  (cost=0.43..48.53 rows=0 width=0)
	  ->  Index Scan using sbtest8_pkey on sbtest8  (cost=0.43..48.53 rows=10 width=490)
	        Index Cond: (id = ANY ('{2276961,1764203,9326965,3839938,8585800,448659,5680861,1512337,2072294,492236}'::integer[]))

explain: for update-inlist :: explain UPDATE sbtest%d set c=7 WHERE id IN ( 9109255, 7280162, 5547662, 3845933, 4054027, 2770208, 7858256, 2630348, 9665302, 3066035)
for update-inlist
table 1 : explain UPDATE sbtest1 set c=7 WHERE id IN ( 7271473, 1386405, 1662538, 2137741, 578841, 6198982, 6233593, 908347, 9325483, 1577052)
	Update on sbtest1  (cost=0.43..48.53 rows=0 width=0)
	  ->  Index Scan using sbtest1_pkey on sbtest1  (cost=0.43..48.53 rows=10 width=490)
	        Index Cond: (id = ANY ('{7271473,1386405,1662538,2137741,578841,6198982,6233593,908347,9325483,1577052}'::integer[]))

table 2 : explain UPDATE sbtest2 set c=7 WHERE id IN ( 7271473, 1386405, 1662538, 2137741, 578841, 6198982, 6233593, 908347, 9325483, 1577052)
	Update on sbtest2  (cost=0.43..48.53 rows=0 width=0)
	  ->  Index Scan using sbtest2_pkey on sbtest2  (cost=0.43..48.53 rows=10 width=490)
	        Index Cond: (id = ANY ('{7271473,1386405,1662538,2137741,578841,6198982,6233593,908347,9325483,1577052}'::integer[]))

table 3 : explain UPDATE sbtest3 set c=7 WHERE id IN ( 7271473, 1386405, 1662538, 2137741, 578841, 6198982, 6233593, 908347, 9325483, 1577052)
	Update on sbtest3  (cost=0.43..48.53 rows=0 width=0)
	  ->  Index Scan using sbtest3_pkey on sbtest3  (cost=0.43..48.53 rows=10 width=490)
	        Index Cond: (id = ANY ('{7271473,1386405,1662538,2137741,578841,6198982,6233593,908347,9325483,1577052}'::integer[]))

table 4 : explain UPDATE sbtest4 set c=7 WHERE id IN ( 7271473, 1386405, 1662538, 2137741, 578841, 6198982, 6233593, 908347, 9325483, 1577052)
	Update on sbtest4  (cost=0.43..48.53 rows=0 width=0)
	  ->  Index Scan using sbtest4_pkey on sbtest4  (cost=0.43..48.53 rows=10 width=490)
	        Index Cond: (id = ANY ('{7271473,1386405,1662538,2137741,578841,6198982,6233593,908347,9325483,1577052}'::integer[]))

table 5 : explain UPDATE sbtest5 set c=7 WHERE id IN ( 7271473, 1386405, 1662538, 2137741, 578841, 6198982, 6233593, 908347, 9325483, 1577052)
	Update on sbtest5  (cost=0.43..48.53 rows=0 width=0)
	  ->  Index Scan using sbtest5_pkey on sbtest5  (cost=0.43..48.53 rows=10 width=490)
	        Index Cond: (id = ANY ('{7271473,1386405,1662538,2137741,578841,6198982,6233593,908347,9325483,1577052}'::integer[]))

table 6 : explain UPDATE sbtest6 set c=7 WHERE id IN ( 7271473, 1386405, 1662538, 2137741, 578841, 6198982, 6233593, 908347, 9325483, 1577052)
	Update on sbtest6  (cost=0.43..48.53 rows=0 width=0)
	  ->  Index Scan using sbtest6_pkey on sbtest6  (cost=0.43..48.53 rows=10 width=490)
	        Index Cond: (id = ANY ('{7271473,1386405,1662538,2137741,578841,6198982,6233593,908347,9325483,1577052}'::integer[]))

table 7 : explain UPDATE sbtest7 set c=7 WHERE id IN ( 7271473, 1386405, 1662538, 2137741, 578841, 6198982, 6233593, 908347, 9325483, 1577052)
	Update on sbtest7  (cost=0.43..48.53 rows=0 width=0)
	  ->  Index Scan using sbtest7_pkey on sbtest7  (cost=0.43..48.53 rows=10 width=490)
	        Index Cond: (id = ANY ('{7271473,1386405,1662538,2137741,578841,6198982,6233593,908347,9325483,1577052}'::integer[]))

table 8 : explain UPDATE sbtest8 set c=7 WHERE id IN ( 7271473, 1386405, 1662538, 2137741, 578841, 6198982, 6233593, 908347, 9325483, 1577052)
	Update on sbtest8  (cost=0.43..48.53 rows=0 width=0)
	  ->  Index Scan using sbtest8_pkey on sbtest8  (cost=0.43..48.53 rows=10 width=490)
	        Index Cond: (id = ANY ('{7271473,1386405,1662538,2137741,578841,6198982,6233593,908347,9325483,1577052}'::integer[]))

explain: for update-inlist :: explain UPDATE sbtest%d set c=7 WHERE id IN ( 2055813, 841752, 8667519, 9448698, 6648964, 7690159, 6517344, 3448323, 7242897, 6042146)
explain: for update-inlist :: explain UPDATE sbtest%d set c=7 WHERE id IN ( 6706784, 7225499, 6367323, 5729617, 8887333, 795978, 1133246, 9439328, 6582363, 3894456)
explain: for update-inlist :: explain UPDATE sbtest%d set c=7 WHERE id IN ( 5024995, 7226785, 7106793, 8212024, 2361164, 5123864, 9331160, 6534614, 4689271, 4908010)
for update-inlist
table 1 : explain UPDATE sbtest1 set c=7 WHERE id IN ( 6601698, 7155676, 1131918, 4162517, 9473558, 5994167, 7025171, 6901709, 97312, 7718803)
	Update on sbtest1  (cost=0.43..48.53 rows=0 width=0)
	  ->  Index Scan using sbtest1_pkey on sbtest1  (cost=0.43..48.53 rows=10 width=490)
	        Index Cond: (id = ANY ('{6601698,7155676,1131918,4162517,9473558,5994167,7025171,6901709,97312,7718803}'::integer[]))

table 2 : explain UPDATE sbtest2 set c=7 WHERE id IN ( 6601698, 7155676, 1131918, 4162517, 9473558, 5994167, 7025171, 6901709, 97312, 7718803)
	Update on sbtest2  (cost=0.43..48.53 rows=0 width=0)
	  ->  Index Scan using sbtest2_pkey on sbtest2  (cost=0.43..48.53 rows=10 width=490)
	        Index Cond: (id = ANY ('{6601698,7155676,1131918,4162517,9473558,5994167,7025171,6901709,97312,7718803}'::integer[]))

table 3 : explain UPDATE sbtest3 set c=7 WHERE id IN ( 6601698, 7155676, 1131918, 4162517, 9473558, 5994167, 7025171, 6901709, 97312, 7718803)
	Update on sbtest3  (cost=0.43..48.53 rows=0 width=0)
	  ->  Index Scan using sbtest3_pkey on sbtest3  (cost=0.43..48.53 rows=10 width=490)
	        Index Cond: (id = ANY ('{6601698,7155676,1131918,4162517,9473558,5994167,7025171,6901709,97312,7718803}'::integer[]))

table 4 : explain UPDATE sbtest4 set c=7 WHERE id IN ( 6601698, 7155676, 1131918, 4162517, 9473558, 5994167, 7025171, 6901709, 97312, 7718803)
	Update on sbtest4  (cost=0.43..48.53 rows=0 width=0)
	  ->  Index Scan using sbtest4_pkey on sbtest4  (cost=0.43..48.53 rows=10 width=490)
	        Index Cond: (id = ANY ('{6601698,7155676,1131918,4162517,9473558,5994167,7025171,6901709,97312,7718803}'::integer[]))

table 5 : explain UPDATE sbtest5 set c=7 WHERE id IN ( 6601698, 7155676, 1131918, 4162517, 9473558, 5994167, 7025171, 6901709, 97312, 7718803)
	Update on sbtest5  (cost=0.43..48.53 rows=0 width=0)
	  ->  Index Scan using sbtest5_pkey on sbtest5  (cost=0.43..48.53 rows=10 width=490)
	        Index Cond: (id = ANY ('{6601698,7155676,1131918,4162517,9473558,5994167,7025171,6901709,97312,7718803}'::integer[]))

table 6 : explain UPDATE sbtest6 set c=7 WHERE id IN ( 6601698, 7155676, 1131918, 4162517, 9473558, 5994167, 7025171, 6901709, 97312, 7718803)
	Update on sbtest6  (cost=0.43..48.53 rows=0 width=0)
	  ->  Index Scan using sbtest6_pkey on sbtest6  (cost=0.43..48.53 rows=10 width=490)
	        Index Cond: (id = ANY ('{6601698,7155676,1131918,4162517,9473558,5994167,7025171,6901709,97312,7718803}'::integer[]))

table 7 : explain UPDATE sbtest7 set c=7 WHERE id IN ( 6601698, 7155676, 1131918, 4162517, 9473558, 5994167, 7025171, 6901709, 97312, 7718803)
	Update on sbtest7  (cost=0.43..48.53 rows=0 width=0)
	  ->  Index Scan using sbtest7_pkey on sbtest7  (cost=0.43..48.53 rows=10 width=490)
	        Index Cond: (id = ANY ('{6601698,7155676,1131918,4162517,9473558,5994167,7025171,6901709,97312,7718803}'::integer[]))

table 8 : explain UPDATE sbtest8 set c=7 WHERE id IN ( 6601698, 7155676, 1131918, 4162517, 9473558, 5994167, 7025171, 6901709, 97312, 7718803)
	Update on sbtest8  (cost=0.43..48.53 rows=0 width=0)
	  ->  Index Scan using sbtest8_pkey on sbtest8  (cost=0.43..48.53 rows=10 width=490)
	        Index Cond: (id = ANY ('{6601698,7155676,1131918,4162517,9473558,5994167,7025171,6901709,97312,7718803}'::integer[]))

for update-inlist
table 1 : explain UPDATE sbtest1 set c=7 WHERE id IN ( 9109255, 7280162, 5547662, 3845933, 4054027, 2770208, 7858256, 2630348, 9665302, 3066035)
	Update on sbtest1  (cost=0.43..48.53 rows=0 width=0)
	  ->  Index Scan using sbtest1_pkey on sbtest1  (cost=0.43..48.53 rows=10 width=490)
	        Index Cond: (id = ANY ('{9109255,7280162,5547662,3845933,4054027,2770208,7858256,2630348,9665302,3066035}'::integer[]))

table 2 : explain UPDATE sbtest2 set c=7 WHERE id IN ( 9109255, 7280162, 5547662, 3845933, 4054027, 2770208, 7858256, 2630348, 9665302, 3066035)
	Update on sbtest2  (cost=0.43..48.53 rows=0 width=0)
	  ->  Index Scan using sbtest2_pkey on sbtest2  (cost=0.43..48.53 rows=10 width=490)
	        Index Cond: (id = ANY ('{9109255,7280162,5547662,3845933,4054027,2770208,7858256,2630348,9665302,3066035}'::integer[]))

table 3 : explain UPDATE sbtest3 set c=7 WHERE id IN ( 9109255, 7280162, 5547662, 3845933, 4054027, 2770208, 7858256, 2630348, 9665302, 3066035)
	Update on sbtest3  (cost=0.43..48.53 rows=0 width=0)
	  ->  Index Scan using sbtest3_pkey on sbtest3  (cost=0.43..48.53 rows=10 width=490)
	        Index Cond: (id = ANY ('{9109255,7280162,5547662,3845933,4054027,2770208,7858256,2630348,9665302,3066035}'::integer[]))

table 4 : explain UPDATE sbtest4 set c=7 WHERE id IN ( 9109255, 7280162, 5547662, 3845933, 4054027, 2770208, 7858256, 2630348, 9665302, 3066035)
	Update on sbtest4  (cost=0.43..48.53 rows=0 width=0)
	  ->  Index Scan using sbtest4_pkey on sbtest4  (cost=0.43..48.53 rows=10 width=490)
	        Index Cond: (id = ANY ('{9109255,7280162,5547662,3845933,4054027,2770208,7858256,2630348,9665302,3066035}'::integer[]))

table 5 : explain UPDATE sbtest5 set c=7 WHERE id IN ( 9109255, 7280162, 5547662, 3845933, 4054027, 2770208, 7858256, 2630348, 9665302, 3066035)
	Update on sbtest5  (cost=0.43..48.53 rows=0 width=0)
	  ->  Index Scan using sbtest5_pkey on sbtest5  (cost=0.43..48.53 rows=10 width=490)
	        Index Cond: (id = ANY ('{9109255,7280162,5547662,3845933,4054027,2770208,7858256,2630348,9665302,3066035}'::integer[]))

table 6 : explain UPDATE sbtest6 set c=7 WHERE id IN ( 9109255, 7280162, 5547662, 3845933, 4054027, 2770208, 7858256, 2630348, 9665302, 3066035)
	Update on sbtest6  (cost=0.43..48.53 rows=0 width=0)
	  ->  Index Scan using sbtest6_pkey on sbtest6  (cost=0.43..48.53 rows=10 width=490)
	        Index Cond: (id = ANY ('{9109255,7280162,5547662,3845933,4054027,2770208,7858256,2630348,9665302,3066035}'::integer[]))

table 7 : explain UPDATE sbtest7 set c=7 WHERE id IN ( 9109255, 7280162, 5547662, 3845933, 4054027, 2770208, 7858256, 2630348, 9665302, 3066035)
	Update on sbtest7  (cost=0.43..48.53 rows=0 width=0)
	  ->  Index Scan using sbtest7_pkey on sbtest7  (cost=0.43..48.53 rows=10 width=490)
	        Index Cond: (id = ANY ('{9109255,7280162,5547662,3845933,4054027,2770208,7858256,2630348,9665302,3066035}'::integer[]))

table 8 : explain UPDATE sbtest8 set c=7 WHERE id IN ( 9109255, 7280162, 5547662, 3845933, 4054027, 2770208, 7858256, 2630348, 9665302, 3066035)
	Update on sbtest8  (cost=0.43..48.53 rows=0 width=0)
	  ->  Index Scan using sbtest8_pkey on sbtest8  (cost=0.43..48.53 rows=10 width=490)
	        Index Cond: (id = ANY ('{9109255,7280162,5547662,3845933,4054027,2770208,7858256,2630348,9665302,3066035}'::integer[]))

explain: for update-inlist :: explain UPDATE sbtest%d set c=7 WHERE id IN ( 2705567, 9435413, 8829231, 7976640, 1654273, 2195488, 1241798, 2525472, 2911792, 238247)
explain: for update-inlist :: explain UPDATE sbtest%d set c=7 WHERE id IN ( 8023497, 4106386, 6724472, 3096734, 9009260, 642617, 368675, 6052880, 5531279, 3404029)
explain: for update-inlist :: explain UPDATE sbtest%d set c=7 WHERE id IN ( 1487190, 5981902, 4848720, 4009991, 7687294, 5935958, 6568821, 4993559, 6572207, 1419014)
for update-inlist
table 1 : explain UPDATE sbtest1 set c=7 WHERE id IN ( 6706784, 7225499, 6367323, 5729617, 8887333, 795978, 1133246, 9439328, 6582363, 3894456)
	Update on sbtest1  (cost=0.43..48.53 rows=0 width=0)
	  ->  Index Scan using sbtest1_pkey on sbtest1  (cost=0.43..48.53 rows=10 width=490)
	        Index Cond: (id = ANY ('{6706784,7225499,6367323,5729617,8887333,795978,1133246,9439328,6582363,3894456}'::integer[]))

table 2 : explain UPDATE sbtest2 set c=7 WHERE id IN ( 6706784, 7225499, 6367323, 5729617, 8887333, 795978, 1133246, 9439328, 6582363, 3894456)
	Update on sbtest2  (cost=0.43..48.53 rows=0 width=0)
	  ->  Index Scan using sbtest2_pkey on sbtest2  (cost=0.43..48.53 rows=10 width=490)
	        Index Cond: (id = ANY ('{6706784,7225499,6367323,5729617,8887333,795978,1133246,9439328,6582363,3894456}'::integer[]))

table 3 : explain UPDATE sbtest3 set c=7 WHERE id IN ( 6706784, 7225499, 6367323, 5729617, 8887333, 795978, 1133246, 9439328, 6582363, 3894456)
	Update on sbtest3  (cost=0.43..48.53 rows=0 width=0)
	  ->  Index Scan using sbtest3_pkey on sbtest3  (cost=0.43..48.53 rows=10 width=490)
	        Index Cond: (id = ANY ('{6706784,7225499,6367323,5729617,8887333,795978,1133246,9439328,6582363,3894456}'::integer[]))

table 4 : explain UPDATE sbtest4 set c=7 WHERE id IN ( 6706784, 7225499, 6367323, 5729617, 8887333, 795978, 1133246, 9439328, 6582363, 3894456)
	Update on sbtest4  (cost=0.43..48.53 rows=0 width=0)
	  ->  Index Scan using sbtest4_pkey on sbtest4  (cost=0.43..48.53 rows=10 width=490)
	        Index Cond: (id = ANY ('{6706784,7225499,6367323,5729617,8887333,795978,1133246,9439328,6582363,3894456}'::integer[]))

table 5 : explain UPDATE sbtest5 set c=7 WHERE id IN ( 6706784, 7225499, 6367323, 5729617, 8887333, 795978, 1133246, 9439328, 6582363, 3894456)
	Update on sbtest5  (cost=0.43..48.53 rows=0 width=0)
	  ->  Index Scan using sbtest5_pkey on sbtest5  (cost=0.43..48.53 rows=10 width=490)
	        Index Cond: (id = ANY ('{6706784,7225499,6367323,5729617,8887333,795978,1133246,9439328,6582363,3894456}'::integer[]))

table 6 : explain UPDATE sbtest6 set c=7 WHERE id IN ( 6706784, 7225499, 6367323, 5729617, 8887333, 795978, 1133246, 9439328, 6582363, 3894456)
	Update on sbtest6  (cost=0.43..48.53 rows=0 width=0)
	  ->  Index Scan using sbtest6_pkey on sbtest6  (cost=0.43..48.53 rows=10 width=490)
	        Index Cond: (id = ANY ('{6706784,7225499,6367323,5729617,8887333,795978,1133246,9439328,6582363,3894456}'::integer[]))

table 7 : explain UPDATE sbtest7 set c=7 WHERE id IN ( 6706784, 7225499, 6367323, 5729617, 8887333, 795978, 1133246, 9439328, 6582363, 3894456)
	Update on sbtest7  (cost=0.43..48.53 rows=0 width=0)
	  ->  Index Scan using sbtest7_pkey on sbtest7  (cost=0.43..48.53 rows=10 width=490)
	        Index Cond: (id = ANY ('{6706784,7225499,6367323,5729617,8887333,795978,1133246,9439328,6582363,3894456}'::integer[]))

table 8 : explain UPDATE sbtest8 set c=7 WHERE id IN ( 6706784, 7225499, 6367323, 5729617, 8887333, 795978, 1133246, 9439328, 6582363, 3894456)
	Update on sbtest8  (cost=0.43..48.53 rows=0 width=0)
	  ->  Index Scan using sbtest8_pkey on sbtest8  (cost=0.43..48.53 rows=10 width=490)
	        Index Cond: (id = ANY ('{6706784,7225499,6367323,5729617,8887333,795978,1133246,9439328,6582363,3894456}'::integer[]))

for update-inlist
table 1 : explain UPDATE sbtest1 set c=7 WHERE id IN ( 5024995, 7226785, 7106793, 8212024, 2361164, 5123864, 9331160, 6534614, 4689271, 4908010)
	Update on sbtest1  (cost=0.43..48.53 rows=0 width=0)
	  ->  Index Scan using sbtest1_pkey on sbtest1  (cost=0.43..48.53 rows=10 width=490)
	        Index Cond: (id = ANY ('{5024995,7226785,7106793,8212024,2361164,5123864,9331160,6534614,4689271,4908010}'::integer[]))

table 2 : explain UPDATE sbtest2 set c=7 WHERE id IN ( 5024995, 7226785, 7106793, 8212024, 2361164, 5123864, 9331160, 6534614, 4689271, 4908010)
	Update on sbtest2  (cost=0.43..48.53 rows=0 width=0)
	  ->  Index Scan using sbtest2_pkey on sbtest2  (cost=0.43..48.53 rows=10 width=490)
	        Index Cond: (id = ANY ('{5024995,7226785,7106793,8212024,2361164,5123864,9331160,6534614,4689271,4908010}'::integer[]))

table 3 : explain UPDATE sbtest3 set c=7 WHERE id IN ( 5024995, 7226785, 7106793, 8212024, 2361164, 5123864, 9331160, 6534614, 4689271, 4908010)
	Update on sbtest3  (cost=0.43..48.53 rows=0 width=0)
	  ->  Index Scan using sbtest3_pkey on sbtest3  (cost=0.43..48.53 rows=10 width=490)
	        Index Cond: (id = ANY ('{5024995,7226785,7106793,8212024,2361164,5123864,9331160,6534614,4689271,4908010}'::integer[]))

table 4 : explain UPDATE sbtest4 set c=7 WHERE id IN ( 5024995, 7226785, 7106793, 8212024, 2361164, 5123864, 9331160, 6534614, 4689271, 4908010)
	Update on sbtest4  (cost=0.43..48.53 rows=0 width=0)
	  ->  Index Scan using sbtest4_pkey on sbtest4  (cost=0.43..48.53 rows=10 width=490)
	        Index Cond: (id = ANY ('{5024995,7226785,7106793,8212024,2361164,5123864,9331160,6534614,4689271,4908010}'::integer[]))

table 5 : explain UPDATE sbtest5 set c=7 WHERE id IN ( 5024995, 7226785, 7106793, 8212024, 2361164, 5123864, 9331160, 6534614, 4689271, 4908010)
	Update on sbtest5  (cost=0.43..48.53 rows=0 width=0)
	  ->  Index Scan using sbtest5_pkey on sbtest5  (cost=0.43..48.53 rows=10 width=490)
	        Index Cond: (id = ANY ('{5024995,7226785,7106793,8212024,2361164,5123864,9331160,6534614,4689271,4908010}'::integer[]))

table 6 : explain UPDATE sbtest6 set c=7 WHERE id IN ( 5024995, 7226785, 7106793, 8212024, 2361164, 5123864, 9331160, 6534614, 4689271, 4908010)
	Update on sbtest6  (cost=0.43..48.53 rows=0 width=0)
	  ->  Index Scan using sbtest6_pkey on sbtest6  (cost=0.43..48.53 rows=10 width=490)
	        Index Cond: (id = ANY ('{5024995,7226785,7106793,8212024,2361164,5123864,9331160,6534614,4689271,4908010}'::integer[]))

table 7 : explain UPDATE sbtest7 set c=7 WHERE id IN ( 5024995, 7226785, 7106793, 8212024, 2361164, 5123864, 9331160, 6534614, 4689271, 4908010)
	Update on sbtest7  (cost=0.43..48.53 rows=0 width=0)
	  ->  Index Scan using sbtest7_pkey on sbtest7  (cost=0.43..48.53 rows=10 width=490)
	        Index Cond: (id = ANY ('{5024995,7226785,7106793,8212024,2361164,5123864,9331160,6534614,4689271,4908010}'::integer[]))

table 8 : explain UPDATE sbtest8 set c=7 WHERE id IN ( 5024995, 7226785, 7106793, 8212024, 2361164, 5123864, 9331160, 6534614, 4689271, 4908010)
	Update on sbtest8  (cost=0.43..48.53 rows=0 width=0)
	  ->  Index Scan using sbtest8_pkey on sbtest8  (cost=0.43..48.53 rows=10 width=490)
	        Index Cond: (id = ANY ('{5024995,7226785,7106793,8212024,2361164,5123864,9331160,6534614,4689271,4908010}'::integer[]))

for update-inlist
table 1 : explain UPDATE sbtest1 set c=7 WHERE id IN ( 2055813, 841752, 8667519, 9448698, 6648964, 7690159, 6517344, 3448323, 7242897, 6042146)
	Update on sbtest1  (cost=0.43..48.53 rows=0 width=0)
	  ->  Index Scan using sbtest1_pkey on sbtest1  (cost=0.43..48.53 rows=10 width=490)
	        Index Cond: (id = ANY ('{2055813,841752,8667519,9448698,6648964,7690159,6517344,3448323,7242897,6042146}'::integer[]))

table 2 : explain UPDATE sbtest2 set c=7 WHERE id IN ( 2055813, 841752, 8667519, 9448698, 6648964, 7690159, 6517344, 3448323, 7242897, 6042146)
	Update on sbtest2  (cost=0.43..48.53 rows=0 width=0)
	  ->  Index Scan using sbtest2_pkey on sbtest2  (cost=0.43..48.53 rows=10 width=490)
	        Index Cond: (id = ANY ('{2055813,841752,8667519,9448698,6648964,7690159,6517344,3448323,7242897,6042146}'::integer[]))

table 3 : explain UPDATE sbtest3 set c=7 WHERE id IN ( 2055813, 841752, 8667519, 9448698, 6648964, 7690159, 6517344, 3448323, 7242897, 6042146)
	Update on sbtest3  (cost=0.43..48.53 rows=0 width=0)
	  ->  Index Scan using sbtest3_pkey on sbtest3  (cost=0.43..48.53 rows=10 width=490)
	        Index Cond: (id = ANY ('{2055813,841752,8667519,9448698,6648964,7690159,6517344,3448323,7242897,6042146}'::integer[]))

table 4 : explain UPDATE sbtest4 set c=7 WHERE id IN ( 2055813, 841752, 8667519, 9448698, 6648964, 7690159, 6517344, 3448323, 7242897, 6042146)
	Update on sbtest4  (cost=0.43..48.53 rows=0 width=0)
	  ->  Index Scan using sbtest4_pkey on sbtest4  (cost=0.43..48.53 rows=10 width=490)
	        Index Cond: (id = ANY ('{2055813,841752,8667519,9448698,6648964,7690159,6517344,3448323,7242897,6042146}'::integer[]))

table 5 : explain UPDATE sbtest5 set c=7 WHERE id IN ( 2055813, 841752, 8667519, 9448698, 6648964, 7690159, 6517344, 3448323, 7242897, 6042146)
	Update on sbtest5  (cost=0.43..48.53 rows=0 width=0)
	  ->  Index Scan using sbtest5_pkey on sbtest5  (cost=0.43..48.53 rows=10 width=490)
	        Index Cond: (id = ANY ('{2055813,841752,8667519,9448698,6648964,7690159,6517344,3448323,7242897,6042146}'::integer[]))

table 6 : explain UPDATE sbtest6 set c=7 WHERE id IN ( 2055813, 841752, 8667519, 9448698, 6648964, 7690159, 6517344, 3448323, 7242897, 6042146)
	Update on sbtest6  (cost=0.43..48.53 rows=0 width=0)
	  ->  Index Scan using sbtest6_pkey on sbtest6  (cost=0.43..48.53 rows=10 width=490)
	        Index Cond: (id = ANY ('{2055813,841752,8667519,9448698,6648964,7690159,6517344,3448323,7242897,6042146}'::integer[]))

table 7 : explain UPDATE sbtest7 set c=7 WHERE id IN ( 2055813, 841752, 8667519, 9448698, 6648964, 7690159, 6517344, 3448323, 7242897, 6042146)
	Update on sbtest7  (cost=0.43..48.53 rows=0 width=0)
	  ->  Index Scan using sbtest7_pkey on sbtest7  (cost=0.43..48.53 rows=10 width=490)
	        Index Cond: (id = ANY ('{2055813,841752,8667519,9448698,6648964,7690159,6517344,3448323,7242897,6042146}'::integer[]))

table 8 : explain UPDATE sbtest8 set c=7 WHERE id IN ( 2055813, 841752, 8667519, 9448698, 6648964, 7690159, 6517344, 3448323, 7242897, 6042146)
	Update on sbtest8  (cost=0.43..48.53 rows=0 width=0)
	  ->  Index Scan using sbtest8_pkey on sbtest8  (cost=0.43..48.53 rows=10 width=490)
	        Index Cond: (id = ANY ('{2055813,841752,8667519,9448698,6648964,7690159,6517344,3448323,7242897,6042146}'::integer[]))

for update-inlist
table 1 : explain UPDATE sbtest1 set c=7 WHERE id IN ( 2705567, 9435413, 8829231, 7976640, 1654273, 2195488, 1241798, 2525472, 2911792, 238247)
	Update on sbtest1  (cost=0.43..48.53 rows=0 width=0)
	  ->  Index Scan using sbtest1_pkey on sbtest1  (cost=0.43..48.53 rows=10 width=490)
	        Index Cond: (id = ANY ('{2705567,9435413,8829231,7976640,1654273,2195488,1241798,2525472,2911792,238247}'::integer[]))

table 2 : explain UPDATE sbtest2 set c=7 WHERE id IN ( 2705567, 9435413, 8829231, 7976640, 1654273, 2195488, 1241798, 2525472, 2911792, 238247)
	Update on sbtest2  (cost=0.43..48.53 rows=0 width=0)
	  ->  Index Scan using sbtest2_pkey on sbtest2  (cost=0.43..48.53 rows=10 width=490)
	        Index Cond: (id = ANY ('{2705567,9435413,8829231,7976640,1654273,2195488,1241798,2525472,2911792,238247}'::integer[]))

table 3 : explain UPDATE sbtest3 set c=7 WHERE id IN ( 2705567, 9435413, 8829231, 7976640, 1654273, 2195488, 1241798, 2525472, 2911792, 238247)
	Update on sbtest3  (cost=0.43..48.53 rows=0 width=0)
	  ->  Index Scan using sbtest3_pkey on sbtest3  (cost=0.43..48.53 rows=10 width=490)
	        Index Cond: (id = ANY ('{2705567,9435413,8829231,7976640,1654273,2195488,1241798,2525472,2911792,238247}'::integer[]))

table 4 : explain UPDATE sbtest4 set c=7 WHERE id IN ( 2705567, 9435413, 8829231, 7976640, 1654273, 2195488, 1241798, 2525472, 2911792, 238247)
	Update on sbtest4  (cost=0.43..48.53 rows=0 width=0)
	  ->  Index Scan using sbtest4_pkey on sbtest4  (cost=0.43..48.53 rows=10 width=490)
	        Index Cond: (id = ANY ('{2705567,9435413,8829231,7976640,1654273,2195488,1241798,2525472,2911792,238247}'::integer[]))

table 5 : explain UPDATE sbtest5 set c=7 WHERE id IN ( 2705567, 9435413, 8829231, 7976640, 1654273, 2195488, 1241798, 2525472, 2911792, 238247)
	Update on sbtest5  (cost=0.43..48.53 rows=0 width=0)
	  ->  Index Scan using sbtest5_pkey on sbtest5  (cost=0.43..48.53 rows=10 width=490)
	        Index Cond: (id = ANY ('{2705567,9435413,8829231,7976640,1654273,2195488,1241798,2525472,2911792,238247}'::integer[]))

table 6 : explain UPDATE sbtest6 set c=7 WHERE id IN ( 2705567, 9435413, 8829231, 7976640, 1654273, 2195488, 1241798, 2525472, 2911792, 238247)
	Update on sbtest6  (cost=0.43..48.53 rows=0 width=0)
	  ->  Index Scan using sbtest6_pkey on sbtest6  (cost=0.43..48.53 rows=10 width=490)
	        Index Cond: (id = ANY ('{2705567,9435413,8829231,7976640,1654273,2195488,1241798,2525472,2911792,238247}'::integer[]))

table 7 : explain UPDATE sbtest7 set c=7 WHERE id IN ( 2705567, 9435413, 8829231, 7976640, 1654273, 2195488, 1241798, 2525472, 2911792, 238247)
	Update on sbtest7  (cost=0.43..48.53 rows=0 width=0)
	  ->  Index Scan using sbtest7_pkey on sbtest7  (cost=0.43..48.53 rows=10 width=490)
	        Index Cond: (id = ANY ('{2705567,9435413,8829231,7976640,1654273,2195488,1241798,2525472,2911792,238247}'::integer[]))

table 8 : explain UPDATE sbtest8 set c=7 WHERE id IN ( 2705567, 9435413, 8829231, 7976640, 1654273, 2195488, 1241798, 2525472, 2911792, 238247)
	Update on sbtest8  (cost=0.43..48.53 rows=0 width=0)
	  ->  Index Scan using sbtest8_pkey on sbtest8  (cost=0.43..48.53 rows=10 width=490)
	        Index Cond: (id = ANY ('{2705567,9435413,8829231,7976640,1654273,2195488,1241798,2525472,2911792,238247}'::integer[]))

for update-inlist
table 1 : explain UPDATE sbtest1 set c=7 WHERE id IN ( 8023497, 4106386, 6724472, 3096734, 9009260, 642617, 368675, 6052880, 5531279, 3404029)
	Update on sbtest1  (cost=0.43..48.53 rows=0 width=0)
	  ->  Index Scan using sbtest1_pkey on sbtest1  (cost=0.43..48.53 rows=10 width=490)
	        Index Cond: (id = ANY ('{8023497,4106386,6724472,3096734,9009260,642617,368675,6052880,5531279,3404029}'::integer[]))

table 2 : explain UPDATE sbtest2 set c=7 WHERE id IN ( 8023497, 4106386, 6724472, 3096734, 9009260, 642617, 368675, 6052880, 5531279, 3404029)
	Update on sbtest2  (cost=0.43..48.53 rows=0 width=0)
	  ->  Index Scan using sbtest2_pkey on sbtest2  (cost=0.43..48.53 rows=10 width=490)
	        Index Cond: (id = ANY ('{8023497,4106386,6724472,3096734,9009260,642617,368675,6052880,5531279,3404029}'::integer[]))

table 3 : explain UPDATE sbtest3 set c=7 WHERE id IN ( 8023497, 4106386, 6724472, 3096734, 9009260, 642617, 368675, 6052880, 5531279, 3404029)
	Update on sbtest3  (cost=0.43..48.53 rows=0 width=0)
	  ->  Index Scan using sbtest3_pkey on sbtest3  (cost=0.43..48.53 rows=10 width=490)
	        Index Cond: (id = ANY ('{8023497,4106386,6724472,3096734,9009260,642617,368675,6052880,5531279,3404029}'::integer[]))

table 4 : explain UPDATE sbtest4 set c=7 WHERE id IN ( 8023497, 4106386, 6724472, 3096734, 9009260, 642617, 368675, 6052880, 5531279, 3404029)
	Update on sbtest4  (cost=0.43..48.53 rows=0 width=0)
	  ->  Index Scan using sbtest4_pkey on sbtest4  (cost=0.43..48.53 rows=10 width=490)
	        Index Cond: (id = ANY ('{8023497,4106386,6724472,3096734,9009260,642617,368675,6052880,5531279,3404029}'::integer[]))

table 5 : explain UPDATE sbtest5 set c=7 WHERE id IN ( 8023497, 4106386, 6724472, 3096734, 9009260, 642617, 368675, 6052880, 5531279, 3404029)
	Update on sbtest5  (cost=0.43..48.53 rows=0 width=0)
	  ->  Index Scan using sbtest5_pkey on sbtest5  (cost=0.43..48.53 rows=10 width=490)
	        Index Cond: (id = ANY ('{8023497,4106386,6724472,3096734,9009260,642617,368675,6052880,5531279,3404029}'::integer[]))

table 6 : explain UPDATE sbtest6 set c=7 WHERE id IN ( 8023497, 4106386, 6724472, 3096734, 9009260, 642617, 368675, 6052880, 5531279, 3404029)
	Update on sbtest6  (cost=0.43..48.53 rows=0 width=0)
	  ->  Index Scan using sbtest6_pkey on sbtest6  (cost=0.43..48.53 rows=10 width=490)
	        Index Cond: (id = ANY ('{8023497,4106386,6724472,3096734,9009260,642617,368675,6052880,5531279,3404029}'::integer[]))

table 7 : explain UPDATE sbtest7 set c=7 WHERE id IN ( 8023497, 4106386, 6724472, 3096734, 9009260, 642617, 368675, 6052880, 5531279, 3404029)
	Update on sbtest7  (cost=0.43..48.53 rows=0 width=0)
	  ->  Index Scan using sbtest7_pkey on sbtest7  (cost=0.43..48.53 rows=10 width=490)
	        Index Cond: (id = ANY ('{8023497,4106386,6724472,3096734,9009260,642617,368675,6052880,5531279,3404029}'::integer[]))

table 8 : explain UPDATE sbtest8 set c=7 WHERE id IN ( 8023497, 4106386, 6724472, 3096734, 9009260, 642617, 368675, 6052880, 5531279, 3404029)
	Update on sbtest8  (cost=0.43..48.53 rows=0 width=0)
	  ->  Index Scan using sbtest8_pkey on sbtest8  (cost=0.43..48.53 rows=10 width=490)
	        Index Cond: (id = ANY ('{8023497,4106386,6724472,3096734,9009260,642617,368675,6052880,5531279,3404029}'::integer[]))

for update-inlist
table 1 : explain UPDATE sbtest1 set c=7 WHERE id IN ( 1487190, 5981902, 4848720, 4009991, 7687294, 5935958, 6568821, 4993559, 6572207, 1419014)
	Update on sbtest1  (cost=0.43..48.53 rows=0 width=0)
	  ->  Index Scan using sbtest1_pkey on sbtest1  (cost=0.43..48.53 rows=10 width=490)
	        Index Cond: (id = ANY ('{1487190,5981902,4848720,4009991,7687294,5935958,6568821,4993559,6572207,1419014}'::integer[]))

table 2 : explain UPDATE sbtest2 set c=7 WHERE id IN ( 1487190, 5981902, 4848720, 4009991, 7687294, 5935958, 6568821, 4993559, 6572207, 1419014)
	Update on sbtest2  (cost=0.43..48.53 rows=0 width=0)
	  ->  Index Scan using sbtest2_pkey on sbtest2  (cost=0.43..48.53 rows=10 width=490)
	        Index Cond: (id = ANY ('{1487190,5981902,4848720,4009991,7687294,5935958,6568821,4993559,6572207,1419014}'::integer[]))

table 3 : explain UPDATE sbtest3 set c=7 WHERE id IN ( 1487190, 5981902, 4848720, 4009991, 7687294, 5935958, 6568821, 4993559, 6572207, 1419014)
	Update on sbtest3  (cost=0.43..48.53 rows=0 width=0)
	  ->  Index Scan using sbtest3_pkey on sbtest3  (cost=0.43..48.53 rows=10 width=490)
	        Index Cond: (id = ANY ('{1487190,5981902,4848720,4009991,7687294,5935958,6568821,4993559,6572207,1419014}'::integer[]))

table 4 : explain UPDATE sbtest4 set c=7 WHERE id IN ( 1487190, 5981902, 4848720, 4009991, 7687294, 5935958, 6568821, 4993559, 6572207, 1419014)
	Update on sbtest4  (cost=0.43..48.53 rows=0 width=0)
	  ->  Index Scan using sbtest4_pkey on sbtest4  (cost=0.43..48.53 rows=10 width=490)
	        Index Cond: (id = ANY ('{1487190,5981902,4848720,4009991,7687294,5935958,6568821,4993559,6572207,1419014}'::integer[]))

table 5 : explain UPDATE sbtest5 set c=7 WHERE id IN ( 1487190, 5981902, 4848720, 4009991, 7687294, 5935958, 6568821, 4993559, 6572207, 1419014)
	Update on sbtest5  (cost=0.43..48.53 rows=0 width=0)
	  ->  Index Scan using sbtest5_pkey on sbtest5  (cost=0.43..48.53 rows=10 width=490)
	        Index Cond: (id = ANY ('{1487190,5981902,4848720,4009991,7687294,5935958,6568821,4993559,6572207,1419014}'::integer[]))

table 6 : explain UPDATE sbtest6 set c=7 WHERE id IN ( 1487190, 5981902, 4848720, 4009991, 7687294, 5935958, 6568821, 4993559, 6572207, 1419014)
	Update on sbtest6  (cost=0.43..48.53 rows=0 width=0)
	  ->  Index Scan using sbtest6_pkey on sbtest6  (cost=0.43..48.53 rows=10 width=490)
	        Index Cond: (id = ANY ('{1487190,5981902,4848720,4009991,7687294,5935958,6568821,4993559,6572207,1419014}'::integer[]))

table 7 : explain UPDATE sbtest7 set c=7 WHERE id IN ( 1487190, 5981902, 4848720, 4009991, 7687294, 5935958, 6568821, 4993559, 6572207, 1419014)
	Update on sbtest7  (cost=0.43..48.53 rows=0 width=0)
	  ->  Index Scan using sbtest7_pkey on sbtest7  (cost=0.43..48.53 rows=10 width=490)
	        Index Cond: (id = ANY ('{1487190,5981902,4848720,4009991,7687294,5935958,6568821,4993559,6572207,1419014}'::integer[]))

table 8 : explain UPDATE sbtest8 set c=7 WHERE id IN ( 1487190, 5981902, 4848720, 4009991, 7687294, 5935958, 6568821, 4993559, 6572207, 1419014)
	Update on sbtest8  (cost=0.43..48.53 rows=0 width=0)
	  ->  Index Scan using sbtest8_pkey on sbtest8  (cost=0.43..48.53 rows=10 width=490)
	        Index Cond: (id = ANY ('{1487190,5981902,4848720,4009991,7687294,5935958,6568821,4993559,6572207,1419014}'::integer[]))

explain: for update-inlist :: explain UPDATE sbtest%d set c=7 WHERE id IN ( 5230631, 1447238, 217812, 686322, 9680877, 6666697, 900347, 347113, 8082362, 4184742)
for update-inlist
table 1 : explain UPDATE sbtest1 set c=7 WHERE id IN ( 5230631, 1447238, 217812, 686322, 9680877, 6666697, 900347, 347113, 8082362, 4184742)
	Update on sbtest1  (cost=0.43..48.53 rows=0 width=0)
	  ->  Index Scan using sbtest1_pkey on sbtest1  (cost=0.43..48.53 rows=10 width=490)
	        Index Cond: (id = ANY ('{5230631,1447238,217812,686322,9680877,6666697,900347,347113,8082362,4184742}'::integer[]))

table 2 : explain UPDATE sbtest2 set c=7 WHERE id IN ( 5230631, 1447238, 217812, 686322, 9680877, 6666697, 900347, 347113, 8082362, 4184742)
	Update on sbtest2  (cost=0.43..48.53 rows=0 width=0)
	  ->  Index Scan using sbtest2_pkey on sbtest2  (cost=0.43..48.53 rows=10 width=490)
	        Index Cond: (id = ANY ('{5230631,1447238,217812,686322,9680877,6666697,900347,347113,8082362,4184742}'::integer[]))

table 3 : explain UPDATE sbtest3 set c=7 WHERE id IN ( 5230631, 1447238, 217812, 686322, 9680877, 6666697, 900347, 347113, 8082362, 4184742)
	Update on sbtest3  (cost=0.43..48.53 rows=0 width=0)
	  ->  Index Scan using sbtest3_pkey on sbtest3  (cost=0.43..48.53 rows=10 width=490)
	        Index Cond: (id = ANY ('{5230631,1447238,217812,686322,9680877,6666697,900347,347113,8082362,4184742}'::integer[]))

table 4 : explain UPDATE sbtest4 set c=7 WHERE id IN ( 5230631, 1447238, 217812, 686322, 9680877, 6666697, 900347, 347113, 8082362, 4184742)
	Update on sbtest4  (cost=0.43..48.53 rows=0 width=0)
	  ->  Index Scan using sbtest4_pkey on sbtest4  (cost=0.43..48.53 rows=10 width=490)
	        Index Cond: (id = ANY ('{5230631,1447238,217812,686322,9680877,6666697,900347,347113,8082362,4184742}'::integer[]))

table 5 : explain UPDATE sbtest5 set c=7 WHERE id IN ( 5230631, 1447238, 217812, 686322, 9680877, 6666697, 900347, 347113, 8082362, 4184742)
	Update on sbtest5  (cost=0.43..48.53 rows=0 width=0)
	  ->  Index Scan using sbtest5_pkey on sbtest5  (cost=0.43..48.53 rows=10 width=490)
	        Index Cond: (id = ANY ('{5230631,1447238,217812,686322,9680877,6666697,900347,347113,8082362,4184742}'::integer[]))

table 6 : explain UPDATE sbtest6 set c=7 WHERE id IN ( 5230631, 1447238, 217812, 686322, 9680877, 6666697, 900347, 347113, 8082362, 4184742)
	Update on sbtest6  (cost=0.43..48.53 rows=0 width=0)
	  ->  Index Scan using sbtest6_pkey on sbtest6  (cost=0.43..48.53 rows=10 width=490)
	        Index Cond: (id = ANY ('{5230631,1447238,217812,686322,9680877,6666697,900347,347113,8082362,4184742}'::integer[]))

table 7 : explain UPDATE sbtest7 set c=7 WHERE id IN ( 5230631, 1447238, 217812, 686322, 9680877, 6666697, 900347, 347113, 8082362, 4184742)
	Update on sbtest7  (cost=0.43..48.53 rows=0 width=0)
	  ->  Index Scan using sbtest7_pkey on sbtest7  (cost=0.43..48.53 rows=10 width=490)
	        Index Cond: (id = ANY ('{5230631,1447238,217812,686322,9680877,6666697,900347,347113,8082362,4184742}'::integer[]))

table 8 : explain UPDATE sbtest8 set c=7 WHERE id IN ( 5230631, 1447238, 217812, 686322, 9680877, 6666697, 900347, 347113, 8082362, 4184742)
	Update on sbtest8  (cost=0.43..48.53 rows=0 width=0)
	  ->  Index Scan using sbtest8_pkey on sbtest8  (cost=0.43..48.53 rows=10 width=490)
	        Index Cond: (id = ANY ('{5230631,1447238,217812,686322,9680877,6666697,900347,347113,8082362,4184742}'::integer[]))

explain: for update-inlist :: explain UPDATE sbtest%d set c=7 WHERE id IN ( 145366, 3201947, 5055260, 7813270, 39401, 5113615, 8237323, 1556377, 9212331, 687150)
explain: for update-inlist :: explain UPDATE sbtest%d set c=7 WHERE id IN ( 5827876, 1399757, 7166620, 9226212, 6270635, 8771919, 188578, 1195152, 8837047, 1001184)
for update-inlist
table 1 : explain UPDATE sbtest1 set c=7 WHERE id IN ( 145366, 3201947, 5055260, 7813270, 39401, 5113615, 8237323, 1556377, 9212331, 687150)
	Update on sbtest1  (cost=0.43..48.53 rows=0 width=0)
	  ->  Index Scan using sbtest1_pkey on sbtest1  (cost=0.43..48.53 rows=10 width=490)
	        Index Cond: (id = ANY ('{145366,3201947,5055260,7813270,39401,5113615,8237323,1556377,9212331,687150}'::integer[]))

table 2 : explain UPDATE sbtest2 set c=7 WHERE id IN ( 145366, 3201947, 5055260, 7813270, 39401, 5113615, 8237323, 1556377, 9212331, 687150)
	Update on sbtest2  (cost=0.43..48.53 rows=0 width=0)
	  ->  Index Scan using sbtest2_pkey on sbtest2  (cost=0.43..48.53 rows=10 width=490)
	        Index Cond: (id = ANY ('{145366,3201947,5055260,7813270,39401,5113615,8237323,1556377,9212331,687150}'::integer[]))

table 3 : explain UPDATE sbtest3 set c=7 WHERE id IN ( 145366, 3201947, 5055260, 7813270, 39401, 5113615, 8237323, 1556377, 9212331, 687150)
	Update on sbtest3  (cost=0.43..48.53 rows=0 width=0)
	  ->  Index Scan using sbtest3_pkey on sbtest3  (cost=0.43..48.53 rows=10 width=490)
	        Index Cond: (id = ANY ('{145366,3201947,5055260,7813270,39401,5113615,8237323,1556377,9212331,687150}'::integer[]))

table 4 : explain UPDATE sbtest4 set c=7 WHERE id IN ( 145366, 3201947, 5055260, 7813270, 39401, 5113615, 8237323, 1556377, 9212331, 687150)
	Update on sbtest4  (cost=0.43..48.53 rows=0 width=0)
	  ->  Index Scan using sbtest4_pkey on sbtest4  (cost=0.43..48.53 rows=10 width=490)
	        Index Cond: (id = ANY ('{145366,3201947,5055260,7813270,39401,5113615,8237323,1556377,9212331,687150}'::integer[]))

table 5 : explain UPDATE sbtest5 set c=7 WHERE id IN ( 145366, 3201947, 5055260, 7813270, 39401, 5113615, 8237323, 1556377, 9212331, 687150)
	Update on sbtest5  (cost=0.43..48.53 rows=0 width=0)
	  ->  Index Scan using sbtest5_pkey on sbtest5  (cost=0.43..48.53 rows=10 width=490)
	        Index Cond: (id = ANY ('{145366,3201947,5055260,7813270,39401,5113615,8237323,1556377,9212331,687150}'::integer[]))

table 6 : explain UPDATE sbtest6 set c=7 WHERE id IN ( 145366, 3201947, 5055260, 7813270, 39401, 5113615, 8237323, 1556377, 9212331, 687150)
	Update on sbtest6  (cost=0.43..48.53 rows=0 width=0)
	  ->  Index Scan using sbtest6_pkey on sbtest6  (cost=0.43..48.53 rows=10 width=490)
	        Index Cond: (id = ANY ('{145366,3201947,5055260,7813270,39401,5113615,8237323,1556377,9212331,687150}'::integer[]))

table 7 : explain UPDATE sbtest7 set c=7 WHERE id IN ( 145366, 3201947, 5055260, 7813270, 39401, 5113615, 8237323, 1556377, 9212331, 687150)
	Update on sbtest7  (cost=0.43..48.53 rows=0 width=0)
	  ->  Index Scan using sbtest7_pkey on sbtest7  (cost=0.43..48.53 rows=10 width=490)
	        Index Cond: (id = ANY ('{145366,3201947,5055260,7813270,39401,5113615,8237323,1556377,9212331,687150}'::integer[]))

table 8 : explain UPDATE sbtest8 set c=7 WHERE id IN ( 145366, 3201947, 5055260, 7813270, 39401, 5113615, 8237323, 1556377, 9212331, 687150)
	Update on sbtest8  (cost=0.43..48.53 rows=0 width=0)
	  ->  Index Scan using sbtest8_pkey on sbtest8  (cost=0.43..48.53 rows=10 width=490)
	        Index Cond: (id = ANY ('{145366,3201947,5055260,7813270,39401,5113615,8237323,1556377,9212331,687150}'::integer[]))

for update-inlist
table 1 : explain UPDATE sbtest1 set c=7 WHERE id IN ( 5827876, 1399757, 7166620, 9226212, 6270635, 8771919, 188578, 1195152, 8837047, 1001184)
	Update on sbtest1  (cost=0.43..48.53 rows=0 width=0)
	  ->  Index Scan using sbtest1_pkey on sbtest1  (cost=0.43..48.53 rows=10 width=490)
	        Index Cond: (id = ANY ('{5827876,1399757,7166620,9226212,6270635,8771919,188578,1195152,8837047,1001184}'::integer[]))

table 2 : explain UPDATE sbtest2 set c=7 WHERE id IN ( 5827876, 1399757, 7166620, 9226212, 6270635, 8771919, 188578, 1195152, 8837047, 1001184)
	Update on sbtest2  (cost=0.43..48.53 rows=0 width=0)
	  ->  Index Scan using sbtest2_pkey on sbtest2  (cost=0.43..48.53 rows=10 width=490)
	        Index Cond: (id = ANY ('{5827876,1399757,7166620,9226212,6270635,8771919,188578,1195152,8837047,1001184}'::integer[]))

table 3 : explain UPDATE sbtest3 set c=7 WHERE id IN ( 5827876, 1399757, 7166620, 9226212, 6270635, 8771919, 188578, 1195152, 8837047, 1001184)
	Update on sbtest3  (cost=0.43..48.53 rows=0 width=0)
	  ->  Index Scan using sbtest3_pkey on sbtest3  (cost=0.43..48.53 rows=10 width=490)
	        Index Cond: (id = ANY ('{5827876,1399757,7166620,9226212,6270635,8771919,188578,1195152,8837047,1001184}'::integer[]))

table 4 : explain UPDATE sbtest4 set c=7 WHERE id IN ( 5827876, 1399757, 7166620, 9226212, 6270635, 8771919, 188578, 1195152, 8837047, 1001184)
	Update on sbtest4  (cost=0.43..48.53 rows=0 width=0)
	  ->  Index Scan using sbtest4_pkey on sbtest4  (cost=0.43..48.53 rows=10 width=490)
	        Index Cond: (id = ANY ('{5827876,1399757,7166620,9226212,6270635,8771919,188578,1195152,8837047,1001184}'::integer[]))

table 5 : explain UPDATE sbtest5 set c=7 WHERE id IN ( 5827876, 1399757, 7166620, 9226212, 6270635, 8771919, 188578, 1195152, 8837047, 1001184)
	Update on sbtest5  (cost=0.43..48.53 rows=0 width=0)
	  ->  Index Scan using sbtest5_pkey on sbtest5  (cost=0.43..48.53 rows=10 width=490)
	        Index Cond: (id = ANY ('{5827876,1399757,7166620,9226212,6270635,8771919,188578,1195152,8837047,1001184}'::integer[]))

table 6 : explain UPDATE sbtest6 set c=7 WHERE id IN ( 5827876, 1399757, 7166620, 9226212, 6270635, 8771919, 188578, 1195152, 8837047, 1001184)
	Update on sbtest6  (cost=0.43..48.53 rows=0 width=0)
	  ->  Index Scan using sbtest6_pkey on sbtest6  (cost=0.43..48.53 rows=10 width=490)
	        Index Cond: (id = ANY ('{5827876,1399757,7166620,9226212,6270635,8771919,188578,1195152,8837047,1001184}'::integer[]))

table 7 : explain UPDATE sbtest7 set c=7 WHERE id IN ( 5827876, 1399757, 7166620, 9226212, 6270635, 8771919, 188578, 1195152, 8837047, 1001184)
	Update on sbtest7  (cost=0.43..48.53 rows=0 width=0)
	  ->  Index Scan using sbtest7_pkey on sbtest7  (cost=0.43..48.53 rows=10 width=490)
	        Index Cond: (id = ANY ('{5827876,1399757,7166620,9226212,6270635,8771919,188578,1195152,8837047,1001184}'::integer[]))

table 8 : explain UPDATE sbtest8 set c=7 WHERE id IN ( 5827876, 1399757, 7166620, 9226212, 6270635, 8771919, 188578, 1195152, 8837047, 1001184)
	Update on sbtest8  (cost=0.43..48.53 rows=0 width=0)
	  ->  Index Scan using sbtest8_pkey on sbtest8  (cost=0.43..48.53 rows=10 width=490)
	        Index Cond: (id = ANY ('{5827876,1399757,7166620,9226212,6270635,8771919,188578,1195152,8837047,1001184}'::integer[]))

Threads started!

Warming up for 5 seconds...

SQL statistics:
    queries performed:
        read:                            0
        write:                           108802920
        other:                           0
        total:                           108802920
    transactions:                        108802920 (116991.41 per sec.)
    queries:                             108802920 (116991.41 per sec.)
    ignored errors:                      0      (0.00 per sec.)
    reconnects:                          0      (0.00 per sec.)

Throughput:
    events/s (eps):                      116991.4113
    time elapsed:                        930.0080s
    total number of events:              108802920

Latency (ms):
         min:                                    0.11
         avg:                                    0.34
         max:                                  242.68
         95th percentile:                        0.51
         sum:                             37128996.97

Threads fairness:
    events (avg/stddev):           2720073.0000/16587.83
    execution time (avg/stddev):   928.2249/0.03

