LUA_PATH=/home/mdcallag/git/mytools/bench/sysbench.lua/lua/?.lua /home/mdcallag/git/mytools/bench/sysbench.lua/lua/sysbench --db-driver=pgsql --range-size=10000 --table-size=10000000 --tables=8 --threads=40 --events=0 --warmup-time=5 --time=630 --pgsql_conn_id=true /home/mdcallag/git/mytools/bench/sysbench.lua/lua/oltp_read_only.lua run --pgsql-user=root --pgsql-password=pw --pgsql-host=127.0.0.1 --pgsql-db=ib --rand-type=uniform
48 CPUs
sysbench 1.1.0-9072687 (using bundled LuaJIT 2.1.0-beta3)

Running the test with following options:
Number of threads: 40
Warmup time: 5s
Initializing random number generator from current time


Initializing worker threads...

explain: for point_selects :: explain SELECT c FROM sbtest%u WHERE id=%u
explain: for point_selects :: explain SELECT c FROM sbtest%u WHERE id=%u
explain: for point_selects :: explain SELECT c FROM sbtest%u WHERE id=%u
explain: for point_selects :: explain SELECT c FROM sbtest%u WHERE id=%u
for point_selects
table 1 : explain SELECT c FROM sbtest1 WHERE id=19304
	Index Scan using sbtest1_pkey on sbtest1  (cost=0.43..8.45 rows=1 width=121)
	  Index Cond: (id = 19304)

table 2 : explain SELECT c FROM sbtest2 WHERE id=5272920
	Index Scan using sbtest2_pkey on sbtest2  (cost=0.43..8.45 rows=1 width=121)
	  Index Cond: (id = 5272920)

table 3 : explain SELECT c FROM sbtest3 WHERE id=8858027
	Index Scan using sbtest3_pkey on sbtest3  (cost=0.43..8.45 rows=1 width=121)
	  Index Cond: (id = 8858027)

table 4 : explain SELECT c FROM sbtest4 WHERE id=1773160
	Index Scan using sbtest4_pkey on sbtest4  (cost=0.43..8.45 rows=1 width=121)
	  Index Cond: (id = 1773160)

table 5 : explain SELECT c FROM sbtest5 WHERE id=7502252
	Index Scan using sbtest5_pkey on sbtest5  (cost=0.43..8.45 rows=1 width=121)
	  Index Cond: (id = 7502252)

table 6 : explain SELECT c FROM sbtest6 WHERE id=3893031
	Index Scan using sbtest6_pkey on sbtest6  (cost=0.43..8.45 rows=1 width=121)
	  Index Cond: (id = 3893031)

table 7 : explain SELECT c FROM sbtest7 WHERE id=8826002
	Index Scan using sbtest7_pkey on sbtest7  (cost=0.43..8.45 rows=1 width=121)
	  Index Cond: (id = 8826002)

table 8 : explain SELECT c FROM sbtest8 WHERE id=5141696
	Index Scan using sbtest8_pkey on sbtest8  (cost=0.43..8.45 rows=1 width=121)
	  Index Cond: (id = 5141696)

for point_selects
table 1 : explain SELECT c FROM sbtest1 WHERE id=7557617
	Index Scan using sbtest1_pkey on sbtest1  (cost=0.43..8.45 rows=1 width=121)
	  Index Cond: (id = 7557617)

table 2 : explain SELECT c FROM sbtest2 WHERE id=566723
	Index Scan using sbtest2_pkey on sbtest2  (cost=0.43..8.45 rows=1 width=121)
	  Index Cond: (id = 566723)

table 3 : explain SELECT c FROM sbtest3 WHERE id=6320689
	Index Scan using sbtest3_pkey on sbtest3  (cost=0.43..8.45 rows=1 width=121)
	  Index Cond: (id = 6320689)

table 4 : explain SELECT c FROM sbtest4 WHERE id=2134061
	Index Scan using sbtest4_pkey on sbtest4  (cost=0.43..8.45 rows=1 width=121)
	  Index Cond: (id = 2134061)

table 5 : explain SELECT c FROM sbtest5 WHERE id=3943331
	Index Scan using sbtest5_pkey on sbtest5  (cost=0.43..8.45 rows=1 width=121)
	  Index Cond: (id = 3943331)

table 6 : explain SELECT c FROM sbtest6 WHERE id=2342560
	Index Scan using sbtest6_pkey on sbtest6  (cost=0.43..8.45 rows=1 width=121)
	  Index Cond: (id = 2342560)

table 7 : explain SELECT c FROM sbtest7 WHERE id=8816298
	Index Scan using sbtest7_pkey on sbtest7  (cost=0.43..8.45 rows=1 width=121)
	  Index Cond: (id = 8816298)

table 8 : explain SELECT c FROM sbtest8 WHERE id=9711257
	Index Scan using sbtest8_pkey on sbtest8  (cost=0.43..8.45 rows=1 width=121)
	  Index Cond: (id = 9711257)

for: simple_ranges
table 1 : explain SELECT c FROM sbtest1 WHERE id BETWEEN 3171599 AND 3181598
	Bitmap Heap Scan on sbtest1  (cost=272.88..33941.36 rows=9800 width=121)
	  Recheck Cond: ((id >= 3171599) AND (id <= 3181598))
	  ->  Bitmap Index Scan on sbtest1_pkey  (cost=0.00..270.44 rows=9800 width=0)
	        Index Cond: ((id >= 3171599) AND (id <= 3181598))

table 2 : explain SELECT c FROM sbtest2 WHERE id BETWEEN 6380666 AND 6390665
	Bitmap Heap Scan on sbtest2  (cost=284.37..34965.74 rows=10140 width=121)
	  Recheck Cond: ((id >= 6380666) AND (id <= 6390665))
	  ->  Bitmap Index Scan on sbtest2_pkey  (cost=0.00..281.83 rows=10140 width=0)
	        Index Cond: ((id >= 6380666) AND (id <= 6390665))

table 3 : explain SELECT c FROM sbtest3 WHERE id BETWEEN 2752626 AND 2762625
	Bitmap Heap Scan on sbtest3  (cost=273.32..33015.60 rows=9452 width=121)
	  Recheck Cond: ((id >= 2752626) AND (id <= 2762625))
	  ->  Bitmap Index Scan on sbtest3_pkey  (cost=0.00..270.95 rows=9452 width=0)
	        Index Cond: ((id >= 2752626) AND (id <= 2762625))

table 4 : explain SELECT c FROM sbtest4 WHERE id BETWEEN 5758075 AND 5768074
	Bitmap Heap Scan on sbtest4  (cost=287.40..36081.29 rows=10436 width=121)
	  Recheck Cond: ((id >= 5758075) AND (id <= 5768074))
	  ->  Bitmap Index Scan on sbtest4_pkey  (cost=0.00..284.80 rows=10436 width=0)
	        Index Cond: ((id >= 5758075) AND (id <= 5768074))

table 5 : explain SELECT c FROM sbtest5 WHERE id BETWEEN 6156042 AND 6166041
	Bitmap Heap Scan on sbtest5  (cost=263.82..33580.78 rows=9696 width=121)
	  Recheck Cond: ((id >= 6156042) AND (id <= 6166041))
	  ->  Bitmap Index Scan on sbtest5_pkey  (cost=0.00..261.40 rows=9696 width=0)
	        Index Cond: ((id >= 6156042) AND (id <= 6166041))

table 6 : explain SELECT c FROM sbtest6 WHERE id BETWEEN 3252405 AND 3262404
	Bitmap Heap Scan on sbtest6  (cost=265.77..33008.08 rows=9496 width=121)
	  Recheck Cond: ((id >= 3252405) AND (id <= 3262404))
	  ->  Bitmap Index Scan on sbtest6_pkey  (cost=0.00..263.40 rows=9496 width=0)
	        Index Cond: ((id >= 3252405) AND (id <= 3262404))

table 7 : explain SELECT c FROM sbtest7 WHERE id BETWEEN 4195274 AND 4205273
	Bitmap Heap Scan on sbtest7  (cost=310.13..36997.91 rows=10702 width=121)
	  Recheck Cond: ((id >= 4195274) AND (id <= 4205273))
	  ->  Bitmap Index Scan on sbtest7_pkey  (cost=0.00..307.45 rows=10702 width=0)
	        Index Cond: ((id >= 4195274) AND (id <= 4205273))

table 8 : explain SELECT c FROM sbtest8 WHERE id BETWEEN 1738337 AND 1748336
	Bitmap Heap Scan on sbtest8  (cost=303.02..36983.53 rows=10789 width=121)
	  Recheck Cond: ((id >= 1738337) AND (id <= 1748336))
	  ->  Bitmap Index Scan on sbtest8_pkey  (cost=0.00..300.32 rows=10789 width=0)
	        Index Cond: ((id >= 1738337) AND (id <= 1748336))

explain: for point_selects :: explain SELECT c FROM sbtest%u WHERE id=%u
for point_selects
table 1 : explain SELECT c FROM sbtest1 WHERE id=3769068
	Index Scan using sbtest1_pkey on sbtest1  (cost=0.43..8.45 rows=1 width=121)
	  Index Cond: (id = 3769068)

table 2 : explain SELECT c FROM sbtest2 WHERE id=9001471
	Index Scan using sbtest2_pkey on sbtest2  (cost=0.43..8.45 rows=1 width=121)
	  Index Cond: (id = 9001471)

table 3 : explain SELECT c FROM sbtest3 WHERE id=9778708
	Index Scan using sbtest3_pkey on sbtest3  (cost=0.43..8.45 rows=1 width=121)
	  Index Cond: (id = 9778708)

table 4 : explain SELECT c FROM sbtest4 WHERE id=1972949
	Index Scan using sbtest4_pkey on sbtest4  (cost=0.43..8.45 rows=1 width=121)
	  Index Cond: (id = 1972949)

table 5 : explain SELECT c FROM sbtest5 WHERE id=8547935
	Index Scan using sbtest5_pkey on sbtest5  (cost=0.43..8.45 rows=1 width=121)
	  Index Cond: (id = 8547935)

table 6 : explain SELECT c FROM sbtest6 WHERE id=4760131
	Index Scan using sbtest6_pkey on sbtest6  (cost=0.43..8.45 rows=1 width=121)
	  Index Cond: (id = 4760131)

table 7 : explain SELECT c FROM sbtest7 WHERE id=3866530
	Index Scan using sbtest7_pkey on sbtest7  (cost=0.43..8.45 rows=1 width=121)
	  Index Cond: (id = 3866530)

table 8 : explain SELECT c FROM sbtest8 WHERE id=5730980
	Index Scan using sbtest8_pkey on sbtest8  (cost=0.43..8.45 rows=1 width=121)
	  Index Cond: (id = 5730980)

for: simple_ranges
table 1 : explain SELECT c FROM sbtest1 WHERE id BETWEEN 7562979 AND 7572978
	Bitmap Heap Scan on sbtest1  (cost=260.79..32674.45 rows=9400 width=121)
	  Recheck Cond: ((id >= 7562979) AND (id <= 7572978))
	  ->  Bitmap Index Scan on sbtest1_pkey  (cost=0.00..258.44 rows=9400 width=0)
	        Index Cond: ((id >= 7562979) AND (id <= 7572978))

table 2 : explain SELECT c FROM sbtest2 WHERE id BETWEEN 50132 AND 60131
	Bitmap Heap Scan on sbtest2  (cost=291.24..35840.18 rows=10420 width=121)
	  Recheck Cond: ((id >= 50132) AND (id <= 60131))
	  ->  Bitmap Index Scan on sbtest2_pkey  (cost=0.00..288.63 rows=10420 width=0)
	        Index Cond: ((id >= 50132) AND (id <= 60131))

table 3 : explain SELECT c FROM sbtest3 WHERE id BETWEEN 4217592 AND 4227591
	Bitmap Heap Scan on sbtest3  (cost=299.47..36158.49 rows=10442 width=121)
	  Recheck Cond: ((id >= 4217592) AND (id <= 4227591))
	  ->  Bitmap Index Scan on sbtest3_pkey  (cost=0.00..296.86 rows=10442 width=0)
	        Index Cond: ((id >= 4217592) AND (id <= 4227591))

table 4 : explain SELECT c FROM sbtest4 WHERE id BETWEEN 1835480 AND 1845479
	Bitmap Heap Scan on sbtest4  (cost=262.90..33452.75 rows=9606 width=121)
	  Recheck Cond: ((id >= 1835480) AND (id <= 1845479))
	  ->  Bitmap Index Scan on sbtest4_pkey  (cost=0.00..260.50 rows=9606 width=0)
	        Index Cond: ((id >= 1835480) AND (id <= 1845479))

table 5 : explain SELECT c FROM sbtest5 WHERE id BETWEEN 942119 AND 952118
	Bitmap Heap Scan on sbtest5  (cost=264.02..33642.29 rows=9716 width=121)
	  Recheck Cond: ((id >= 942119) AND (id <= 952118))
	  ->  Bitmap Index Scan on sbtest5_pkey  (cost=0.00..261.59 rows=9716 width=0)
	        Index Cond: ((id >= 942119) AND (id <= 952118))

table 6 : explain SELECT c FROM sbtest6 WHERE id BETWEEN 2060784 AND 2070783
	Bitmap Heap Scan on sbtest6  (cost=292.94..36436.23 rows=10586 width=121)
	  Recheck Cond: ((id >= 2060784) AND (id <= 2070783))
	  ->  Bitmap Index Scan on sbtest6_pkey  (cost=0.00..290.30 rows=10586 width=0)
	        Index Cond: ((id >= 2060784) AND (id <= 2070783))

table 7 : explain SELECT c FROM sbtest7 WHERE id BETWEEN 9516862 AND 9526861
	Bitmap Heap Scan on sbtest7  (cost=316.44..37704.58 rows=10927 width=121)
	  Recheck Cond: ((id >= 9516862) AND (id <= 9526861))
	  ->  Bitmap Index Scan on sbtest7_pkey  (cost=0.00..313.70 rows=10927 width=0)
	        Index Cond: ((id >= 9516862) AND (id <= 9526861))

table 8 : explain SELECT c FROM sbtest8 WHERE id BETWEEN 5910637 AND 5920636
	Bitmap Heap Scan on sbtest8  (cost=290.65..35653.90 rows=10362 width=121)
	  Recheck Cond: ((id >= 5910637) AND (id <= 5920636))
	  ->  Bitmap Index Scan on sbtest8_pkey  (cost=0.00..288.06 rows=10362 width=0)
	        Index Cond: ((id >= 5910637) AND (id <= 5920636))

explain: for point_selects :: explain SELECT c FROM sbtest%u WHERE id=%u
for point_selects
table 1 : explain SELECT c FROM sbtest1 WHERE id=1258653
	Index Scan using sbtest1_pkey on sbtest1  (cost=0.43..8.45 rows=1 width=121)
	  Index Cond: (id = 1258653)

table 2 : explain SELECT c FROM sbtest2 WHERE id=5267207
	Index Scan using sbtest2_pkey on sbtest2  (cost=0.43..8.45 rows=1 width=121)
	  Index Cond: (id = 5267207)

table 3 : explain SELECT c FROM sbtest3 WHERE id=9476251
	Index Scan using sbtest3_pkey on sbtest3  (cost=0.43..8.45 rows=1 width=121)
	  Index Cond: (id = 9476251)

table 4 : explain SELECT c FROM sbtest4 WHERE id=3994719
	Index Scan using sbtest4_pkey on sbtest4  (cost=0.43..8.45 rows=1 width=121)
	  Index Cond: (id = 3994719)

table 5 : explain SELECT c FROM sbtest5 WHERE id=3162819
	Index Scan using sbtest5_pkey on sbtest5  (cost=0.43..8.45 rows=1 width=121)
	  Index Cond: (id = 3162819)

table 6 : explain SELECT c FROM sbtest6 WHERE id=1683414
	Index Scan using sbtest6_pkey on sbtest6  (cost=0.43..8.45 rows=1 width=121)
	  Index Cond: (id = 1683414)

table 7 : explain SELECT c FROM sbtest7 WHERE id=7306693
	Index Scan using sbtest7_pkey on sbtest7  (cost=0.43..8.45 rows=1 width=121)
	  Index Cond: (id = 7306693)

table 8 : explain SELECT c FROM sbtest8 WHERE id=7215922
	Index Scan using sbtest8_pkey on sbtest8  (cost=0.43..8.45 rows=1 width=121)
	  Index Cond: (id = 7215922)

for: simple_ranges
table 1 : explain SELECT c FROM sbtest1 WHERE id BETWEEN 4718438 AND 4728437
	Bitmap Heap Scan on sbtest1  (cost=284.35..35005.59 rows=10138 width=121)
	  Recheck Cond: ((id >= 4718438) AND (id <= 4728437))
	  ->  Bitmap Index Scan on sbtest1_pkey  (cost=0.00..281.81 rows=10138 width=0)
	        Index Cond: ((id >= 4718438) AND (id <= 4728437))

table 2 : explain SELECT c FROM sbtest2 WHERE id BETWEEN 6741582 AND 6751581
	Bitmap Heap Scan on sbtest2  (cost=272.79..33867.93 rows=9791 width=121)
	  Recheck Cond: ((id >= 6741582) AND (id <= 6751581))
	  ->  Bitmap Index Scan on sbtest2_pkey  (cost=0.00..270.34 rows=9791 width=0)
	        Index Cond: ((id >= 6741582) AND (id <= 6751581))

table 3 : explain SELECT c FROM sbtest3 WHERE id BETWEEN 9303439 AND 9313438
	Bitmap Heap Scan on sbtest3  (cost=262.30..32069.91 rows=9158 width=121)
	  Recheck Cond: ((id >= 9303439) AND (id <= 9313438))
	  ->  Bitmap Index Scan on sbtest3_pkey  (cost=0.00..260.01 rows=9158 width=0)
	        Index Cond: ((id >= 9303439) AND (id <= 9313438))

table 4 : explain SELECT c FROM sbtest4 WHERE id BETWEEN 1422298 AND 1432297
	Bitmap Heap Scan on sbtest4  (cost=262.33..33276.59 rows=9551 width=121)
	  Recheck Cond: ((id >= 1422298) AND (id <= 1432297))
	  ->  Bitmap Index Scan on sbtest4_pkey  (cost=0.00..259.94 rows=9551 width=0)
	        Index Cond: ((id >= 1422298) AND (id <= 1432297))

table 5 : explain SELECT c FROM sbtest5 WHERE id BETWEEN 3645697 AND 3655696
	Bitmap Heap Scan on sbtest5  (cost=289.97..36679.53 rows=10686 width=121)
	  Recheck Cond: ((id >= 3645697) AND (id <= 3655696))
	  ->  Bitmap Index Scan on sbtest5_pkey  (cost=0.00..287.30 rows=10686 width=0)
	        Index Cond: ((id >= 3645697) AND (id <= 3655696))

table 6 : explain SELECT c FROM sbtest6 WHERE id BETWEEN 5497614 AND 5507613
	Bitmap Heap Scan on sbtest6  (cost=291.50..35999.27 rows=10445 width=121)
	  Recheck Cond: ((id >= 5497614) AND (id <= 5507613))
	  ->  Bitmap Index Scan on sbtest6_pkey  (cost=0.00..288.88 rows=10445 width=0)
	        Index Cond: ((id >= 5497614) AND (id <= 5507613))

table 7 : explain SELECT c FROM sbtest7 WHERE id BETWEEN 7630650 AND 7640649
	Bitmap Heap Scan on sbtest7  (cost=310.14..37001.13 rows=10703 width=121)
	  Recheck Cond: ((id >= 7630650) AND (id <= 7640649))
	  ->  Bitmap Index Scan on sbtest7_pkey  (cost=0.00..307.46 rows=10703 width=0)
	        Index Cond: ((id >= 7630650) AND (id <= 7640649))

table 8 : explain SELECT c FROM sbtest8 WHERE id BETWEEN 8762623 AND 8772622
	Bitmap Heap Scan on sbtest8  (cost=296.38..36183.51 rows=10531 width=121)
	  Recheck Cond: ((id >= 8762623) AND (id <= 8772622))
	  ->  Bitmap Index Scan on sbtest8_pkey  (cost=0.00..293.75 rows=10531 width=0)
	        Index Cond: ((id >= 8762623) AND (id <= 8772622))

for: simple_ranges
table 1 : explain SELECT c FROM sbtest1 WHERE id BETWEEN 2653775 AND 2663774
	Bitmap Heap Scan on sbtest1  (cost=279.31..34685.50 rows=10037 width=121)
	  Recheck Cond: ((id >= 2653775) AND (id <= 2663774))
	  ->  Bitmap Index Scan on sbtest1_pkey  (cost=0.00..276.81 rows=10037 width=0)
	        Index Cond: ((id >= 2653775) AND (id <= 2663774))

table 2 : explain SELECT c FROM sbtest2 WHERE id BETWEEN 8501785 AND 8511784
	Bitmap Heap Scan on sbtest2  (cost=290.90..35737.55 rows=10387 width=121)
	  Recheck Cond: ((id >= 8501785) AND (id <= 8511784))
	  ->  Bitmap Index Scan on sbtest2_pkey  (cost=0.00..288.31 rows=10387 width=0)
	        Index Cond: ((id >= 8501785) AND (id <= 8511784))

table 3 : explain SELECT c FROM sbtest3 WHERE id BETWEEN 9243194 AND 9253193
	Bitmap Heap Scan on sbtest3  (cost=280.92..34133.31 rows=9803 width=121)
	  Recheck Cond: ((id >= 9243194) AND (id <= 9253193))
	  ->  Bitmap Index Scan on sbtest3_pkey  (cost=0.00..278.46 rows=9803 width=0)
	        Index Cond: ((id >= 9243194) AND (id <= 9253193))

table 4 : explain SELECT c FROM sbtest4 WHERE id BETWEEN 8800503 AND 8810502
	Bitmap Heap Scan on sbtest4  (cost=262.39..33296.17 rows=9557 width=121)
	  Recheck Cond: ((id >= 8800503) AND (id <= 8810502))
	  ->  Bitmap Index Scan on sbtest4_pkey  (cost=0.00..260.00 rows=9557 width=0)
	        Index Cond: ((id >= 8800503) AND (id <= 8810502))

table 5 : explain SELECT c FROM sbtest5 WHERE id BETWEEN 2103067 AND 2113066
	Bitmap Heap Scan on sbtest5  (cost=252.08..32424.17 rows=9331 width=121)
	  Recheck Cond: ((id >= 2103067) AND (id <= 2113066))
	  ->  Bitmap Index Scan on sbtest5_pkey  (cost=0.00..249.75 rows=9331 width=0)
	        Index Cond: ((id >= 2103067) AND (id <= 2113066))

table 6 : explain SELECT c FROM sbtest6 WHERE id BETWEEN 597817 AND 607816
	Bitmap Heap Scan on sbtest6  (cost=285.24..35309.47 rows=10225 width=121)
	  Recheck Cond: ((id >= 597817) AND (id <= 607816))
	  ->  Bitmap Index Scan on sbtest6_pkey  (cost=0.00..282.69 rows=10225 width=0)
	        Index Cond: ((id >= 597817) AND (id <= 607816))

table 7 : explain SELECT c FROM sbtest7 WHERE id BETWEEN 1770301 AND 1780300
	Bitmap Heap Scan on sbtest7  (cost=285.77..34417.03 rows=9886 width=121)
	  Recheck Cond: ((id >= 1770301) AND (id <= 1780300))
	  ->  Bitmap Index Scan on sbtest7_pkey  (cost=0.00..283.30 rows=9886 width=0)
	        Index Cond: ((id >= 1770301) AND (id <= 1780300))

table 8 : explain SELECT c FROM sbtest8 WHERE id BETWEEN 62408 AND 72407
	Bitmap Heap Scan on sbtest8  (cost=265.06..32717.72 rows=9427 width=121)
	  Recheck Cond: ((id >= 62408) AND (id <= 72407))
	  ->  Bitmap Index Scan on sbtest8_pkey  (cost=0.00..262.70 rows=9427 width=0)
	        Index Cond: ((id >= 62408) AND (id <= 72407))

explain: for point_selects :: explain SELECT c FROM sbtest%u WHERE id=%u
for point_selects
table 1 : explain SELECT c FROM sbtest1 WHERE id=8576079
	Index Scan using sbtest1_pkey on sbtest1  (cost=0.43..8.45 rows=1 width=121)
	  Index Cond: (id = 8576079)

table 2 : explain SELECT c FROM sbtest2 WHERE id=7095436
	Index Scan using sbtest2_pkey on sbtest2  (cost=0.43..8.45 rows=1 width=121)
	  Index Cond: (id = 7095436)

table 3 : explain SELECT c FROM sbtest3 WHERE id=6424502
	Index Scan using sbtest3_pkey on sbtest3  (cost=0.43..8.45 rows=1 width=121)
	  Index Cond: (id = 6424502)

table 4 : explain SELECT c FROM sbtest4 WHERE id=6541536
	Index Scan using sbtest4_pkey on sbtest4  (cost=0.43..8.45 rows=1 width=121)
	  Index Cond: (id = 6541536)

table 5 : explain SELECT c FROM sbtest5 WHERE id=9290040
	Index Scan using sbtest5_pkey on sbtest5  (cost=0.43..8.45 rows=1 width=121)
	  Index Cond: (id = 9290040)

table 6 : explain SELECT c FROM sbtest6 WHERE id=5107611
	Index Scan using sbtest6_pkey on sbtest6  (cost=0.43..8.45 rows=1 width=121)
	  Index Cond: (id = 5107611)

table 7 : explain SELECT c FROM sbtest7 WHERE id=6704517
	Index Scan using sbtest7_pkey on sbtest7  (cost=0.43..8.45 rows=1 width=121)
	  Index Cond: (id = 6704517)

table 8 : explain SELECT c FROM sbtest8 WHERE id=8481573
	Index Scan using sbtest8_pkey on sbtest8  (cost=0.43..8.45 rows=1 width=121)
	  Index Cond: (id = 8481573)

explain: for point_selects :: explain SELECT c FROM sbtest%u WHERE id=%u
for point_selects
table 1 : explain SELECT c FROM sbtest1 WHERE id=7986150
	Index Scan using sbtest1_pkey on sbtest1  (cost=0.43..8.45 rows=1 width=121)
	  Index Cond: (id = 7986150)

table 2 : explain SELECT c FROM sbtest2 WHERE id=3413274
	Index Scan using sbtest2_pkey on sbtest2  (cost=0.43..8.45 rows=1 width=121)
	  Index Cond: (id = 3413274)

table 3 : explain SELECT c FROM sbtest3 WHERE id=5618086
	Index Scan using sbtest3_pkey on sbtest3  (cost=0.43..8.45 rows=1 width=121)
	  Index Cond: (id = 5618086)

table 4 : explain SELECT c FROM sbtest4 WHERE id=3437934
	Index Scan using sbtest4_pkey on sbtest4  (cost=0.43..8.45 rows=1 width=121)
	  Index Cond: (id = 3437934)

table 5 : explain SELECT c FROM sbtest5 WHERE id=413179
	Index Scan using sbtest5_pkey on sbtest5  (cost=0.43..8.45 rows=1 width=121)
	  Index Cond: (id = 413179)

table 6 : explain SELECT c FROM sbtest6 WHERE id=7886384
	Index Scan using sbtest6_pkey on sbtest6  (cost=0.43..8.45 rows=1 width=121)
	  Index Cond: (id = 7886384)

table 7 : explain SELECT c FROM sbtest7 WHERE id=8247103
	Index Scan using sbtest7_pkey on sbtest7  (cost=0.43..8.45 rows=1 width=121)
	  Index Cond: (id = 8247103)

table 8 : explain SELECT c FROM sbtest8 WHERE id=1213952
	Index Scan using sbtest8_pkey on sbtest8  (cost=0.43..8.45 rows=1 width=121)
	  Index Cond: (id = 1213952)

for: simple_ranges
table 1 : explain SELECT c FROM sbtest1 WHERE id BETWEEN 579284 AND 589283
	Bitmap Heap Scan on sbtest1  (cost=271.68..33568.89 rows=9682 width=121)
	  Recheck Cond: ((id >= 579284) AND (id <= 589283))
	  ->  Bitmap Index Scan on sbtest1_pkey  (cost=0.00..269.25 rows=9682 width=0)
	        Index Cond: ((id >= 579284) AND (id <= 589283))

table 2 : explain SELECT c FROM sbtest2 WHERE id BETWEEN 3312776 AND 3322775
	Bitmap Heap Scan on sbtest2  (cost=285.39..35277.63 rows=10240 width=121)
	  Recheck Cond: ((id >= 3312776) AND (id <= 3322775))
	  ->  Bitmap Index Scan on sbtest2_pkey  (cost=0.00..282.83 rows=10240 width=0)
	        Index Cond: ((id >= 3312776) AND (id <= 3322775))

table 3 : explain SELECT c FROM sbtest3 WHERE id BETWEEN 5815182 AND 5825181
	Bitmap Heap Scan on sbtest3  (cost=274.70..33444.00 rows=9587 width=121)
	  Recheck Cond: ((id >= 5815182) AND (id <= 5825181))
	  ->  Bitmap Index Scan on sbtest3_pkey  (cost=0.00..272.31 rows=9587 width=0)
	        Index Cond: ((id >= 5815182) AND (id <= 5825181))

table 4 : explain SELECT c FROM sbtest4 WHERE id BETWEEN 5636235 AND 5646234
	Bitmap Heap Scan on sbtest4  (cost=301.42..37917.53 rows=11023 width=121)
	  Recheck Cond: ((id >= 5636235) AND (id <= 5646234))
	  ->  Bitmap Index Scan on sbtest4_pkey  (cost=0.00..298.67 rows=11023 width=0)
	        Index Cond: ((id >= 5636235) AND (id <= 5646234))

table 5 : explain SELECT c FROM sbtest5 WHERE id BETWEEN 353466 AND 363465
	Bitmap Heap Scan on sbtest5  (cost=257.40..32834.35 rows=9460 width=121)
	  Recheck Cond: ((id >= 353466) AND (id <= 363465))
	  ->  Bitmap Index Scan on sbtest5_pkey  (cost=0.00..255.04 rows=9460 width=0)
	        Index Cond: ((id >= 353466) AND (id <= 363465))

table 6 : explain SELECT c FROM sbtest6 WHERE id BETWEEN 2504479 AND 2514478
	Bitmap Heap Scan on sbtest6  (cost=305.08..37696.44 rows=10990 width=121)
	  Recheck Cond: ((id >= 2504479) AND (id <= 2514478))
	  ->  Bitmap Index Scan on sbtest6_pkey  (cost=0.00..302.33 rows=10990 width=0)
	        Index Cond: ((id >= 2504479) AND (id <= 2514478))

table 7 : explain SELECT c FROM sbtest7 WHERE id BETWEEN 9167060 AND 9177059
	Bitmap Heap Scan on sbtest7  (cost=292.36..35218.06 rows=10139 width=121)
	  Recheck Cond: ((id >= 9167060) AND (id <= 9177059))
	  ->  Bitmap Index Scan on sbtest7_pkey  (cost=0.00..289.82 rows=10139 width=0)
	        Index Cond: ((id >= 9167060) AND (id <= 9177059))

table 8 : explain SELECT c FROM sbtest8 WHERE id BETWEEN 3272320 AND 3282319
	Bitmap Heap Scan on sbtest8  (cost=290.90..35734.07 rows=10387 width=121)
	  Recheck Cond: ((id >= 3272320) AND (id <= 3282319))
	  ->  Bitmap Index Scan on sbtest8_pkey  (cost=0.00..288.31 rows=10387 width=0)
	        Index Cond: ((id >= 3272320) AND (id <= 3282319))

for: simple_ranges
table 1 : explain SELECT c FROM sbtest1 WHERE id BETWEEN 2937264 AND 2947263
	Bitmap Heap Scan on sbtest1  (cost=285.71..35421.07 rows=10271 width=121)
	  Recheck Cond: ((id >= 2937264) AND (id <= 2947263))
	  ->  Bitmap Index Scan on sbtest1_pkey  (cost=0.00..283.15 rows=10271 width=0)
	        Index Cond: ((id >= 2937264) AND (id <= 2947263))

table 2 : explain SELECT c FROM sbtest2 WHERE id BETWEEN 2380029 AND 2390028
	Bitmap Heap Scan on sbtest2  (cost=272.14..33667.51 rows=9727 width=121)
	  Recheck Cond: ((id >= 2380029) AND (id <= 2390028))
	  ->  Bitmap Index Scan on sbtest2_pkey  (cost=0.00..269.70 rows=9727 width=0)
	        Index Cond: ((id >= 2380029) AND (id <= 2390028))

table 3 : explain SELECT c FROM sbtest3 WHERE id BETWEEN 1701889 AND 1711888
	Bitmap Heap Scan on sbtest3  (cost=285.75..34394.65 rows=9884 width=121)
	  Recheck Cond: ((id >= 1701889) AND (id <= 1711888))
	  ->  Bitmap Index Scan on sbtest3_pkey  (cost=0.00..283.28 rows=9884 width=0)
	        Index Cond: ((id >= 1701889) AND (id <= 1711888))

table 4 : explain SELECT c FROM sbtest4 WHERE id BETWEEN 1398216 AND 1408215
	Bitmap Heap Scan on sbtest4  (cost=250.15..31973.01 rows=9143 width=121)
	  Recheck Cond: ((id >= 1398216) AND (id <= 1408215))
	  ->  Bitmap Index Scan on sbtest4_pkey  (cost=0.00..247.87 rows=9143 width=0)
	        Index Cond: ((id >= 1398216) AND (id <= 1408215))

table 5 : explain SELECT c FROM sbtest5 WHERE id BETWEEN 7759816 AND 7769815
	Bitmap Heap Scan on sbtest5  (cost=302.92..38173.94 rows=11169 width=121)
	  Recheck Cond: ((id >= 7759816) AND (id <= 7769815))
	  ->  Bitmap Index Scan on sbtest5_pkey  (cost=0.00..300.12 rows=11169 width=0)
	        Index Cond: ((id >= 7759816) AND (id <= 7769815))

table 6 : explain SELECT c FROM sbtest6 WHERE id BETWEEN 4637726 AND 4647725
	Bitmap Heap Scan on sbtest6  (cost=266.11..33112.14 rows=9529 width=121)
	  Recheck Cond: ((id >= 4637726) AND (id <= 4647725))
	  ->  Bitmap Index Scan on sbtest6_pkey  (cost=0.00..263.73 rows=9529 width=0)
	        Index Cond: ((id >= 4637726) AND (id <= 4647725))

table 7 : explain SELECT c FROM sbtest7 WHERE id BETWEEN 2824679 AND 2834678
	Bitmap Heap Scan on sbtest7  (cost=273.41..33060.14 rows=9461 width=121)
	  Recheck Cond: ((id >= 2824679) AND (id <= 2834678))
	  ->  Bitmap Index Scan on sbtest7_pkey  (cost=0.00..271.05 rows=9461 width=0)
	        Index Cond: ((id >= 2824679) AND (id <= 2834678))

table 8 : explain SELECT c FROM sbtest8 WHERE id BETWEEN 2677940 AND 2687939
	Bitmap Heap Scan on sbtest8  (cost=285.48..35296.74 rows=10248 width=121)
	  Recheck Cond: ((id >= 2677940) AND (id <= 2687939))
	  ->  Bitmap Index Scan on sbtest8_pkey  (cost=0.00..282.92 rows=10248 width=0)
	        Index Cond: ((id >= 2677940) AND (id <= 2687939))

for: sum_ranges
table 1 : explain SELECT SUM(k) FROM sbtest1 WHERE id BETWEEN 2377203 AND 2387202
	Aggregate  (cost=35201.83..35201.84 rows=1 width=8)
	  ->  Bitmap Heap Scan on sbtest1  (cost=284.90..35176.35 rows=10192 width=4)
	        Recheck Cond: ((id >= 2377203) AND (id <= 2387202))
	        ->  Bitmap Index Scan on sbtest1_pkey  (cost=0.00..282.36 rows=10192 width=0)
	              Index Cond: ((id >= 2377203) AND (id <= 2387202))

table 2 : explain SELECT SUM(k) FROM sbtest2 WHERE id BETWEEN 7574900 AND 7584899
	Aggregate  (cost=32333.91..32333.92 rows=1 width=8)
	  ->  Bitmap Heap Scan on sbtest2  (cost=259.74..32310.67 rows=9298 width=4)
	        Recheck Cond: ((id >= 7574900) AND (id <= 7584899))
	        ->  Bitmap Index Scan on sbtest2_pkey  (cost=0.00..257.42 rows=9298 width=0)
	              Index Cond: ((id >= 7574900) AND (id <= 7584899))

table 3 : explain SELECT SUM(k) FROM sbtest3 WHERE id BETWEEN 4851858 AND 4861857
	Aggregate  (cost=35434.93..35434.94 rows=1 width=8)
	  ->  Bitmap Heap Scan on sbtest3  (cost=293.04..35409.41 rows=10205 width=4)
	        Recheck Cond: ((id >= 4851858) AND (id <= 4861857))
	        ->  Bitmap Index Scan on sbtest3_pkey  (cost=0.00..290.49 rows=10205 width=0)
	              Index Cond: ((id >= 4851858) AND (id <= 4861857))

table 4 : explain SELECT SUM(k) FROM sbtest4 WHERE id BETWEEN 528590 AND 538589
	Aggregate  (cost=38164.10..38164.11 rows=1 width=8)
	  ->  Bitmap Heap Scan on sbtest4  (cost=306.13..38136.37 rows=11092 width=4)
	        Recheck Cond: ((id >= 528590) AND (id <= 538589))
	        ->  Bitmap Index Scan on sbtest4_pkey  (cost=0.00..303.36 rows=11092 width=0)
	              Index Cond: ((id >= 528590) AND (id <= 538589))

table 5 : explain SELECT SUM(k) FROM sbtest5 WHERE id BETWEEN 7501097 AND 7511096
	Aggregate  (cost=35392.01..35392.02 rows=1 width=8)
	  ->  Bitmap Heap Scan on sbtest5  (cost=277.65..35366.35 rows=10265 width=4)
	        Recheck Cond: ((id >= 7501097) AND (id <= 7511096))
	        ->  Bitmap Index Scan on sbtest5_pkey  (cost=0.00..275.08 rows=10265 width=0)
	              Index Cond: ((id >= 7501097) AND (id <= 7511096))

table 6 : explain SELECT SUM(k) FROM sbtest6 WHERE id BETWEEN 8557514 AND 8567513
	Aggregate  (cost=34399.38..34399.39 rows=1 width=8)
	  ->  Bitmap Heap Scan on sbtest6  (cost=274.21..34374.56 rows=9929 width=4)
	        Recheck Cond: ((id >= 8557514) AND (id <= 8567513))
	        ->  Bitmap Index Scan on sbtest6_pkey  (cost=0.00..271.73 rows=9929 width=0)
	              Index Cond: ((id >= 8557514) AND (id <= 8567513))

table 7 : explain SELECT SUM(k) FROM sbtest7 WHERE id BETWEEN 3359901 AND 3369900
	Aggregate  (cost=36496.91..36496.92 rows=1 width=8)
	  ->  Bitmap Heap Scan on sbtest7  (cost=304.42..36470.57 rows=10535 width=4)
	        Recheck Cond: ((id >= 3359901) AND (id <= 3369900))
	        ->  Bitmap Index Scan on sbtest7_pkey  (cost=0.00..301.79 rows=10535 width=0)
	              Index Cond: ((id >= 3359901) AND (id <= 3369900))

table 8 : explain SELECT SUM(k) FROM sbtest8 WHERE id BETWEEN 9733357 AND 9743356
	Aggregate  (cost=34403.59..34403.60 rows=1 width=8)
	  ->  Bitmap Heap Scan on sbtest8  (cost=278.47..34378.70 rows=9955 width=4)
	        Recheck Cond: ((id >= 9733357) AND (id <= 9743356))
	        ->  Bitmap Index Scan on sbtest8_pkey  (cost=0.00..275.99 rows=9955 width=0)
	              Index Cond: ((id >= 9733357) AND (id <= 9743356))

for point_selects
table 1 : explain SELECT c FROM sbtest1 WHERE id=8452466
	Index Scan using sbtest1_pkey on sbtest1  (cost=0.43..8.45 rows=1 width=121)
	  Index Cond: (id = 8452466)

table 2 : explain SELECT c FROM sbtest2 WHERE id=2080135
	Index Scan using sbtest2_pkey on sbtest2  (cost=0.43..8.45 rows=1 width=121)
	  Index Cond: (id = 2080135)

table 3 : explain SELECT c FROM sbtest3 WHERE id=440962
	Index Scan using sbtest3_pkey on sbtest3  (cost=0.43..8.45 rows=1 width=121)
	  Index Cond: (id = 440962)

table 4 : explain SELECT c FROM sbtest4 WHERE id=3926424
	Index Scan using sbtest4_pkey on sbtest4  (cost=0.43..8.45 rows=1 width=121)
	  Index Cond: (id = 3926424)

table 5 : explain SELECT c FROM sbtest5 WHERE id=2842516
	Index Scan using sbtest5_pkey on sbtest5  (cost=0.43..8.45 rows=1 width=121)
	  Index Cond: (id = 2842516)

table 6 : explain SELECT c FROM sbtest6 WHERE id=4378918
	Index Scan using sbtest6_pkey on sbtest6  (cost=0.43..8.45 rows=1 width=121)
	  Index Cond: (id = 4378918)

table 7 : explain SELECT c FROM sbtest7 WHERE id=8198156
	Index Scan using sbtest7_pkey on sbtest7  (cost=0.43..8.45 rows=1 width=121)
	  Index Cond: (id = 8198156)

table 8 : explain SELECT c FROM sbtest8 WHERE id=2493166
	Index Scan using sbtest8_pkey on sbtest8  (cost=0.43..8.45 rows=1 width=121)
	  Index Cond: (id = 2493166)

explain: for point_selects :: explain SELECT c FROM sbtest%u WHERE id=%u
explain: for point_selects :: explain SELECT c FROM sbtest%u WHERE id=%u
for: sum_ranges
table 1 : explain SELECT SUM(k) FROM sbtest1 WHERE id BETWEEN 9802440 AND 9812439
	Aggregate  (cost=36711.05..36711.06 rows=1 width=8)
	  ->  Bitmap Heap Scan on sbtest1  (cost=297.85..36684.36 rows=10675 width=4)
	        Recheck Cond: ((id >= 9802440) AND (id <= 9812439))
	        ->  Bitmap Index Scan on sbtest1_pkey  (cost=0.00..295.19 rows=10675 width=0)
	              Index Cond: ((id >= 9802440) AND (id <= 9812439))

table 2 : explain SELECT SUM(k) FROM sbtest2 WHERE id BETWEEN 8772720 AND 8782719
	Aggregate  (cost=35058.71..35058.72 rows=1 width=8)
	  ->  Bitmap Heap Scan on sbtest2  (cost=284.60..35033.30 rows=10162 width=4)
	        Recheck Cond: ((id >= 8772720) AND (id <= 8782719))
	        ->  Bitmap Index Scan on sbtest2_pkey  (cost=0.00..282.06 rows=10162 width=0)
	              Index Cond: ((id >= 8772720) AND (id <= 8782719))

table 3 : explain SELECT SUM(k) FROM sbtest3 WHERE id BETWEEN 6036126 AND 6046125
	Aggregate  (cost=33958.77..33958.78 rows=1 width=8)
	  ->  Bitmap Heap Scan on sbtest3  (cost=280.27..33934.42 rows=9740 width=4)
	        Recheck Cond: ((id >= 6036126) AND (id <= 6046125))
	        ->  Bitmap Index Scan on sbtest3_pkey  (cost=0.00..277.83 rows=9740 width=0)
	              Index Cond: ((id >= 6036126) AND (id <= 6046125))

table 4 : explain SELECT SUM(k) FROM sbtest4 WHERE id BETWEEN 3772991 AND 3782990
	Aggregate  (cost=34546.69..34546.70 rows=1 width=8)
	  ->  Bitmap Heap Scan on sbtest4  (cost=274.34..34521.83 rows=9942 width=4)
	        Recheck Cond: ((id >= 3772991) AND (id <= 3782990))
	        ->  Bitmap Index Scan on sbtest4_pkey  (cost=0.00..271.86 rows=9942 width=0)
	              Index Cond: ((id >= 3772991) AND (id <= 3782990))

table 5 : explain SELECT SUM(k) FROM sbtest5 WHERE id BETWEEN 1880105 AND 1890104
	Aggregate  (cost=34038.82..34038.83 rows=1 width=8)
	  ->  Bitmap Heap Scan on sbtest5  (cost=265.24..34014.23 rows=9835 width=4)
	        Recheck Cond: ((id >= 1880105) AND (id <= 1890104))
	        ->  Bitmap Index Scan on sbtest5_pkey  (cost=0.00..262.79 rows=9835 width=0)
	              Index Cond: ((id >= 1880105) AND (id <= 1890104))

table 6 : explain SELECT SUM(k) FROM sbtest6 WHERE id BETWEEN 5169841 AND 5179840
	Aggregate  (cost=33757.46..33757.47 rows=1 width=8)
	  ->  Bitmap Heap Scan on sbtest6  (cost=272.12..33733.15 rows=9725 width=4)
	        Recheck Cond: ((id >= 5169841) AND (id <= 5179840))
	        ->  Bitmap Index Scan on sbtest6_pkey  (cost=0.00..269.69 rows=9725 width=0)
	              Index Cond: ((id >= 5169841) AND (id <= 5179840))

table 7 : explain SELECT SUM(k) FROM sbtest7 WHERE id BETWEEN 8604419 AND 8614418
	Aggregate  (cost=34109.00..34109.01 rows=1 width=8)
	  ->  Bitmap Heap Scan on sbtest7  (cost=284.70..34084.55 rows=9782 width=4)
	        Recheck Cond: ((id >= 8604419) AND (id <= 8614418))
	        ->  Bitmap Index Scan on sbtest7_pkey  (cost=0.00..282.25 rows=9782 width=0)
	              Index Cond: ((id >= 8604419) AND (id <= 8614418))

table 8 : explain SELECT SUM(k) FROM sbtest8 WHERE id BETWEEN 7729921 AND 7739920
	Aggregate  (cost=34584.21..34584.22 rows=1 width=8)
	  ->  Bitmap Heap Scan on sbtest8  (cost=279.06..34559.18 rows=10012 width=4)
	        Recheck Cond: ((id >= 7729921) AND (id <= 7739920))
	        ->  Bitmap Index Scan on sbtest8_pkey  (cost=0.00..276.56 rows=10012 width=0)
	              Index Cond: ((id >= 7729921) AND (id <= 7739920))

for point_selects
table 1 : explain SELECT c FROM sbtest1 WHERE id=9601944
	Index Scan using sbtest1_pkey on sbtest1  (cost=0.43..8.45 rows=1 width=121)
	  Index Cond: (id = 9601944)

table 2 : explain SELECT c FROM sbtest2 WHERE id=2360689
	Index Scan using sbtest2_pkey on sbtest2  (cost=0.43..8.45 rows=1 width=121)
	  Index Cond: (id = 2360689)

table 3 : explain SELECT c FROM sbtest3 WHERE id=7778029
	Index Scan using sbtest3_pkey on sbtest3  (cost=0.43..8.45 rows=1 width=121)
	  Index Cond: (id = 7778029)

table 4 : explain SELECT c FROM sbtest4 WHERE id=6829840
	Index Scan using sbtest4_pkey on sbtest4  (cost=0.43..8.45 rows=1 width=121)
	  Index Cond: (id = 6829840)

table 5 : explain SELECT c FROM sbtest5 WHERE id=3123338
	Index Scan using sbtest5_pkey on sbtest5  (cost=0.43..8.45 rows=1 width=121)
	  Index Cond: (id = 3123338)

table 6 : explain SELECT c FROM sbtest6 WHERE id=4228410
	Index Scan using sbtest6_pkey on sbtest6  (cost=0.43..8.45 rows=1 width=121)
	  Index Cond: (id = 4228410)

table 7 : explain SELECT c FROM sbtest7 WHERE id=3234555
	Index Scan using sbtest7_pkey on sbtest7  (cost=0.43..8.45 rows=1 width=121)
	  Index Cond: (id = 3234555)

table 8 : explain SELECT c FROM sbtest8 WHERE id=9203000
	Index Scan using sbtest8_pkey on sbtest8  (cost=0.43..8.45 rows=1 width=121)
	  Index Cond: (id = 9203000)

for: sum_ranges
table 1 : explain SELECT SUM(k) FROM sbtest1 WHERE id BETWEEN 8697451 AND 8707450
	Aggregate  (cost=33991.80..33991.81 rows=1 width=8)
	  ->  Bitmap Heap Scan on sbtest1  (cost=272.98..33967.27 rows=9809 width=4)
	        Recheck Cond: ((id >= 8697451) AND (id <= 8707450))
	        ->  Bitmap Index Scan on sbtest1_pkey  (cost=0.00..270.53 rows=9809 width=0)
	              Index Cond: ((id >= 8697451) AND (id <= 8707450))

table 2 : explain SELECT SUM(k) FROM sbtest2 WHERE id BETWEEN 8459723 AND 8469722
	Aggregate  (cost=34306.76..34306.77 rows=1 width=8)
	  ->  Bitmap Heap Scan on sbtest2  (cost=278.14..34281.96 rows=9922 width=4)
	        Recheck Cond: ((id >= 8459723) AND (id <= 8469722))
	        ->  Bitmap Index Scan on sbtest2_pkey  (cost=0.00..275.66 rows=9922 width=0)
	              Index Cond: ((id >= 8459723) AND (id <= 8469722))

table 3 : explain SELECT SUM(k) FROM sbtest3 WHERE id BETWEEN 9390549 AND 9400548
	Aggregate  (cost=32092.81..32092.82 rows=1 width=8)
	  ->  Bitmap Heap Scan on sbtest3  (cost=262.30..32069.91 rows=9158 width=4)
	        Recheck Cond: ((id >= 9390549) AND (id <= 9400548))
	        ->  Bitmap Index Scan on sbtest3_pkey  (cost=0.00..260.01 rows=9158 width=0)
	              Index Cond: ((id >= 9390549) AND (id <= 9400548))

table 4 : explain SELECT SUM(k) FROM sbtest4 WHERE id BETWEEN 8970635 AND 8980634
	Aggregate  (cost=33290.64..33290.65 rows=1 width=8)
	  ->  Bitmap Heap Scan on sbtest4  (cost=262.29..33266.78 rows=9547 width=4)
	        Recheck Cond: ((id >= 8970635) AND (id <= 8980634))
	        ->  Bitmap Index Scan on sbtest4_pkey  (cost=0.00..259.91 rows=9547 width=0)
	              Index Cond: ((id >= 8970635) AND (id <= 8980634))

table 5 : explain SELECT SUM(k) FROM sbtest5 WHERE id BETWEEN 4487435 AND 4497434
	Aggregate  (cost=33663.34..33663.35 rows=1 width=8)
	  ->  Bitmap Heap Scan on sbtest5  (cost=264.01..33639.06 rows=9715 width=4)
	        Recheck Cond: ((id >= 4487435) AND (id <= 4497434))
	        ->  Bitmap Index Scan on sbtest5_pkey  (cost=0.00..261.58 rows=9715 width=0)
	              Index Cond: ((id >= 4487435) AND (id <= 4497434))

table 6 : explain SELECT SUM(k) FROM sbtest6 WHERE id BETWEEN 5788934 AND 5798933
	Aggregate  (cost=34094.82..34094.83 rows=1 width=8)
	  ->  Bitmap Heap Scan on sbtest6  (cost=273.21..34070.24 rows=9832 width=4)
	        Recheck Cond: ((id >= 5788934) AND (id <= 5798933))
	        ->  Bitmap Index Scan on sbtest6_pkey  (cost=0.00..270.75 rows=9832 width=0)
	              Index Cond: ((id >= 5788934) AND (id <= 5798933))

table 7 : explain SELECT SUM(k) FROM sbtest7 WHERE id BETWEEN 2081826 AND 2091825
	Aggregate  (cost=32650.91..32650.92 rows=1 width=8)
	  ->  Bitmap Heap Scan on sbtest7  (cost=272.03..32627.59 rows=9326 width=4)
	        Recheck Cond: ((id >= 2081826) AND (id <= 2091825))
	        ->  Bitmap Index Scan on sbtest7_pkey  (cost=0.00..269.69 rows=9326 width=0)
	              Index Cond: ((id >= 2081826) AND (id <= 2091825))

table 8 : explain SELECT SUM(k) FROM sbtest8 WHERE id BETWEEN 195613 AND 205612
	Aggregate  (cost=35567.38..35567.39 rows=1 width=8)
	  ->  Bitmap Heap Scan on sbtest8  (cost=290.27..35541.56 rows=10325 width=4)
	        Recheck Cond: ((id >= 195613) AND (id <= 205612))
	        ->  Bitmap Index Scan on sbtest8_pkey  (cost=0.00..287.69 rows=10325 width=0)
	              Index Cond: ((id >= 195613) AND (id <= 205612))

explain: for point_selects :: explain SELECT c FROM sbtest%u WHERE id=%u
for: sum_ranges
table 1 : explain SELECT SUM(k) FROM sbtest1 WHERE id BETWEEN 8613002 AND 8623001
	Aggregate  (cost=33244.99..33245.00 rows=1 width=8)
	  ->  Bitmap Heap Scan on sbtest1  (cost=266.55..33221.06 rows=9572 width=4)
	        Recheck Cond: ((id >= 8613002) AND (id <= 8623001))
	        ->  Bitmap Index Scan on sbtest1_pkey  (cost=0.00..264.16 rows=9572 width=0)
	              Index Cond: ((id >= 8613002) AND (id <= 8623001))

table 2 : explain SELECT SUM(k) FROM sbtest2 WHERE id BETWEEN 8046246 AND 8056245
	Aggregate  (cost=35197.08..35197.09 rows=1 width=8)
	  ->  Bitmap Heap Scan on sbtest2  (cost=285.05..35171.57 rows=10206 width=4)
	        Recheck Cond: ((id >= 8046246) AND (id <= 8056245))
	        ->  Bitmap Index Scan on sbtest2_pkey  (cost=0.00..282.50 rows=10206 width=0)
	              Index Cond: ((id >= 8046246) AND (id <= 8056245))

table 3 : explain SELECT SUM(k) FROM sbtest3 WHERE id BETWEEN 150647 AND 160646
	Aggregate  (cost=35912.49..35912.50 rows=1 width=8)
	  ->  Bitmap Heap Scan on sbtest3  (cost=298.57..35886.60 rows=10355 width=4)
	        Recheck Cond: ((id >= 150647) AND (id <= 160646))
	        ->  Bitmap Index Scan on sbtest3_pkey  (cost=0.00..295.99 rows=10355 width=0)
	              Index Cond: ((id >= 150647) AND (id <= 160646))

table 4 : explain SELECT SUM(k) FROM sbtest4 WHERE id BETWEEN 717698 AND 727697
	Aggregate  (cost=35592.21..35592.22 rows=1 width=8)
	  ->  Bitmap Heap Scan on sbtest4  (cost=281.73..35566.53 rows=10273 width=4)
	        Recheck Cond: ((id >= 717698) AND (id <= 727697))
	        ->  Bitmap Index Scan on sbtest4_pkey  (cost=0.00..279.17 rows=10273 width=0)
	              Index Cond: ((id >= 717698) AND (id <= 727697))

table 5 : explain SELECT SUM(k) FROM sbtest5 WHERE id BETWEEN 2410913 AND 2420912
	Aggregate  (cost=32806.02..32806.03 rows=1 width=8)
	  ->  Bitmap Heap Scan on sbtest5  (cost=257.24..32782.41 rows=9444 width=4)
	        Recheck Cond: ((id >= 2410913) AND (id <= 2420912))
	        ->  Bitmap Index Scan on sbtest5_pkey  (cost=0.00..254.88 rows=9444 width=0)
	              Index Cond: ((id >= 2410913) AND (id <= 2420912))

table 6 : explain SELECT SUM(k) FROM sbtest6 WHERE id BETWEEN 427831 AND 437830
	Aggregate  (cost=35721.93..35721.94 rows=1 width=8)
	  ->  Bitmap Heap Scan on sbtest6  (cost=286.51..35696.06 rows=10349 width=4)
	        Recheck Cond: ((id >= 427831) AND (id <= 437830))
	        ->  Bitmap Index Scan on sbtest6_pkey  (cost=0.00..283.93 rows=10349 width=0)
	              Index Cond: ((id >= 427831) AND (id <= 437830))

table 7 : explain SELECT SUM(k) FROM sbtest7 WHERE id BETWEEN 738959 AND 748958
	Aggregate  (cost=33837.16..33837.17 rows=1 width=8)
	  ->  Bitmap Heap Scan on sbtest7  (cost=279.83..33812.92 rows=9697 width=4)
	        Recheck Cond: ((id >= 738959) AND (id <= 748958))
	        ->  Bitmap Index Scan on sbtest7_pkey  (cost=0.00..277.41 rows=9697 width=0)
	              Index Cond: ((id >= 738959) AND (id <= 748958))

table 8 : explain SELECT SUM(k) FROM sbtest8 WHERE id BETWEEN 7099622 AND 7109621
	Aggregate  (cost=35676.60..35676.61 rows=1 width=8)
	  ->  Bitmap Heap Scan on sbtest8  (cost=290.64..35650.69 rows=10361 width=4)
	        Recheck Cond: ((id >= 7099622) AND (id <= 7109621))
	        ->  Bitmap Index Scan on sbtest8_pkey  (cost=0.00..288.05 rows=10361 width=0)
	              Index Cond: ((id >= 7099622) AND (id <= 7109621))

for point_selects
table 1 : explain SELECT c FROM sbtest1 WHERE id=4307066
	Index Scan using sbtest1_pkey on sbtest1  (cost=0.43..8.45 rows=1 width=121)
	  Index Cond: (id = 4307066)

table 2 : explain SELECT c FROM sbtest2 WHERE id=6464087
	Index Scan using sbtest2_pkey on sbtest2  (cost=0.43..8.45 rows=1 width=121)
	  Index Cond: (id = 6464087)

table 3 : explain SELECT c FROM sbtest3 WHERE id=8704173
	Index Scan using sbtest3_pkey on sbtest3  (cost=0.43..8.45 rows=1 width=121)
	  Index Cond: (id = 8704173)

table 4 : explain SELECT c FROM sbtest4 WHERE id=1921456
	Index Scan using sbtest4_pkey on sbtest4  (cost=0.43..8.45 rows=1 width=121)
	  Index Cond: (id = 1921456)

table 5 : explain SELECT c FROM sbtest5 WHERE id=274152
	Index Scan using sbtest5_pkey on sbtest5  (cost=0.43..8.45 rows=1 width=121)
	  Index Cond: (id = 274152)

table 6 : explain SELECT c FROM sbtest6 WHERE id=4332886
	Index Scan using sbtest6_pkey on sbtest6  (cost=0.43..8.45 rows=1 width=121)
	  Index Cond: (id = 4332886)

table 7 : explain SELECT c FROM sbtest7 WHERE id=7197683
	Index Scan using sbtest7_pkey on sbtest7  (cost=0.43..8.45 rows=1 width=121)
	  Index Cond: (id = 7197683)

table 8 : explain SELECT c FROM sbtest8 WHERE id=5993185
	Index Scan using sbtest8_pkey on sbtest8  (cost=0.43..8.45 rows=1 width=121)
	  Index Cond: (id = 5993185)

for: order_ranges
table 1 : explain SELECT c FROM sbtest1 WHERE id BETWEEN 3799599 AND 3809598 ORDER BY c
	Sort  (cost=36590.04..36616.09 rows=10422 width=121)
	  Sort Key: c
	  ->  Bitmap Heap Scan on sbtest1  (cost=291.26..35894.51 rows=10422 width=121)
	        Recheck Cond: ((id >= 3799599) AND (id <= 3809598))
	        ->  Bitmap Index Scan on sbtest1_pkey  (cost=0.00..288.66 rows=10422 width=0)
	              Index Cond: ((id >= 3799599) AND (id <= 3809598))

table 2 : explain SELECT c FROM sbtest2 WHERE id BETWEEN 1750813 AND 1760812 ORDER BY c
	Sort  (cost=35006.67..35031.52 rows=9943 width=121)
	  Sort Key: c
	  ->  Bitmap Heap Scan on sbtest2  (cost=278.35..34346.48 rows=9943 width=121)
	        Recheck Cond: ((id >= 1750813) AND (id <= 1760812))
	        ->  Bitmap Index Scan on sbtest2_pkey  (cost=0.00..275.87 rows=9943 width=0)
	              Index Cond: ((id >= 1750813) AND (id <= 1760812))

table 3 : explain SELECT c FROM sbtest3 WHERE id BETWEEN 6211955 AND 6221954 ORDER BY c
	Sort  (cost=32773.33..32796.30 rows=9189 width=121)
	  Sort Key: c
	  ->  Bitmap Heap Scan on sbtest3  (cost=262.62..32168.43 rows=9189 width=121)
	        Recheck Cond: ((id >= 6211955) AND (id <= 6221954))
	        ->  Bitmap Index Scan on sbtest3_pkey  (cost=0.00..260.32 rows=9189 width=0)
	              Index Cond: ((id >= 6211955) AND (id <= 6221954))

table 4 : explain SELECT c FROM sbtest4 WHERE id BETWEEN 4464925 AND 4474924 ORDER BY c
	Sort  (cost=33282.18..33305.57 rows=9359 width=121)
	  Sort Key: c
	  ->  Bitmap Heap Scan on sbtest4  (cost=256.36..32664.85 rows=9359 width=121)
	        Recheck Cond: ((id >= 4464925) AND (id <= 4474924))
	        ->  Bitmap Index Scan on sbtest4_pkey  (cost=0.00..254.03 rows=9359 width=0)
	              Index Cond: ((id >= 4464925) AND (id <= 4474924))

table 5 : explain SELECT c FROM sbtest5 WHERE id BETWEEN 7255694 AND 7265693 ORDER BY c
	Sort  (cost=36389.84..36415.77 rows=10371 width=121)
	  Sort Key: c
	  ->  Bitmap Heap Scan on sbtest5  (cost=282.74..35698.08 rows=10371 width=121)
	        Recheck Cond: ((id >= 7255694) AND (id <= 7265693))
	        ->  Bitmap Index Scan on sbtest5_pkey  (cost=0.00..280.15 rows=10371 width=0)
	              Index Cond: ((id >= 7255694) AND (id <= 7265693))

table 6 : explain SELECT c FROM sbtest6 WHERE id BETWEEN 9219526 AND 9229525 ORDER BY c
	Sort  (cost=36844.55..36870.78 rows=10491 width=121)
	  Sort Key: c
	  ->  Bitmap Heap Scan on sbtest6  (cost=291.97..36143.92 rows=10491 width=121)
	        Recheck Cond: ((id >= 9219526) AND (id <= 9229525))
	        ->  Bitmap Index Scan on sbtest6_pkey  (cost=0.00..289.34 rows=10491 width=0)
	              Index Cond: ((id >= 9219526) AND (id <= 9229525))

table 7 : explain SELECT c FROM sbtest7 WHERE id BETWEEN 8290320 AND 8300319 ORDER BY c
	Sort  (cost=33208.34..33231.63 rows=9317 width=121)
	  Sort Key: c
	  ->  Bitmap Heap Scan on sbtest7  (cost=267.93..32594.08 rows=9317 width=121)
	        Recheck Cond: ((id >= 8290320) AND (id <= 8300319))
	        ->  Bitmap Index Scan on sbtest7_pkey  (cost=0.00..265.61 rows=9317 width=0)
	              Index Cond: ((id >= 8290320) AND (id <= 8300319))

table 8 : explain SELECT c FROM sbtest8 WHERE id BETWEEN 1665067 AND 1675066 ORDER BY c
	Sort  (cost=33360.03..33383.62 rows=9434 width=121)
	  Sort Key: c
	  ->  Bitmap Heap Scan on sbtest8  (cost=265.13..32737.22 rows=9434 width=121)
	        Recheck Cond: ((id >= 1665067) AND (id <= 1675066))
	        ->  Bitmap Index Scan on sbtest8_pkey  (cost=0.00..262.78 rows=9434 width=0)
	              Index Cond: ((id >= 1665067) AND (id <= 1675066))

for: order_ranges
table 1 : explain SELECT c FROM sbtest1 WHERE id BETWEEN 6384529 AND 6394528 ORDER BY c
	Sort  (cost=34398.83..34423.18 rows=9740 width=121)
	  Sort Key: c
	  ->  Bitmap Heap Scan on sbtest1  (cost=272.27..33753.56 rows=9740 width=121)
	        Recheck Cond: ((id >= 6384529) AND (id <= 6394528))
	        ->  Bitmap Index Scan on sbtest1_pkey  (cost=0.00..269.83 rows=9740 width=0)
	              Index Cond: ((id >= 6384529) AND (id <= 6394528))

table 2 : explain SELECT c FROM sbtest2 WHERE id BETWEEN 8816481 AND 8826480 ORDER BY c
	Sort  (cost=36391.12..36417.06 rows=10375 width=121)
	  Sort Key: c
	  ->  Bitmap Heap Scan on sbtest2  (cost=290.78..35699.06 rows=10375 width=121)
	        Recheck Cond: ((id >= 8816481) AND (id <= 8826480))
	        ->  Bitmap Index Scan on sbtest2_pkey  (cost=0.00..288.19 rows=10375 width=0)
	              Index Cond: ((id >= 8816481) AND (id <= 8826480))

table 3 : explain SELECT c FROM sbtest3 WHERE id BETWEEN 9566841 AND 9576840 ORDER BY c
	Sort  (cost=35712.78..35738.00 rows=10089 width=121)
	  Sort Key: c
	  ->  Bitmap Heap Scan on sbtest3  (cost=287.85..35041.84 rows=10089 width=121)
	        Recheck Cond: ((id >= 9566841) AND (id <= 9576840))
	        ->  Bitmap Index Scan on sbtest3_pkey  (cost=0.00..285.32 rows=10089 width=0)
	              Index Cond: ((id >= 9566841) AND (id <= 9576840))

table 4 : explain SELECT c FROM sbtest4 WHERE id BETWEEN 3896601 AND 3906600 ORDER BY c
	Sort  (cost=36314.01..36339.74 rows=10293 width=121)
	  Sort Key: c
	  ->  Bitmap Heap Scan on sbtest4  (cost=281.94..35628.01 rows=10293 width=121)
	        Recheck Cond: ((id >= 3896601) AND (id <= 3906600))
	        ->  Bitmap Index Scan on sbtest4_pkey  (cost=0.00..279.37 rows=10293 width=0)
	              Index Cond: ((id >= 3896601) AND (id <= 3906600))

table 5 : explain SELECT c FROM sbtest5 WHERE id BETWEEN 3621152 AND 3631151 ORDER BY c
	Sort  (cost=37394.61..37421.33 rows=10686 width=121)
	  Sort Key: c
	  ->  Bitmap Heap Scan on sbtest5  (cost=289.97..36679.53 rows=10686 width=121)
	        Recheck Cond: ((id >= 3621152) AND (id <= 3631151))
	        ->  Bitmap Index Scan on sbtest5_pkey  (cost=0.00..287.30 rows=10686 width=0)
	              Index Cond: ((id >= 3621152) AND (id <= 3631151))

table 6 : explain SELECT c FROM sbtest6 WHERE id BETWEEN 1314535 AND 1324534 ORDER BY c
	Sort  (cost=33381.65..33405.19 rows=9418 width=121)
	  Sort Key: c
	  ->  Bitmap Heap Scan on sbtest6  (cost=260.97..32760.00 rows=9418 width=121)
	        Recheck Cond: ((id >= 1314535) AND (id <= 1324534))
	        ->  Bitmap Index Scan on sbtest6_pkey  (cost=0.00..258.62 rows=9418 width=0)
	              Index Cond: ((id >= 1314535) AND (id <= 1324534))

table 7 : explain SELECT c FROM sbtest7 WHERE id BETWEEN 1899217 AND 1909216 ORDER BY c
	Sort  (cost=32017.44..32039.83 rows=8954 width=121)
	  Sort Key: c
	  ->  Bitmap Heap Scan on sbtest7  (cost=260.21..31429.69 rows=8954 width=121)
	        Recheck Cond: ((id >= 1899217) AND (id <= 1909216))
	        ->  Bitmap Index Scan on sbtest7_pkey  (cost=0.00..257.98 rows=8954 width=0)
	              Index Cond: ((id >= 1899217) AND (id <= 1909216))

table 8 : explain SELECT c FROM sbtest8 WHERE id BETWEEN 7451852 AND 7461851 ORDER BY c
	Sort  (cost=33582.41..33606.17 rows=9503 width=121)
	  Sort Key: c
	  ->  Bitmap Heap Scan on sbtest8  (cost=265.84..32954.54 rows=9503 width=121)
	        Recheck Cond: ((id >= 7451852) AND (id <= 7461851))
	        ->  Bitmap Index Scan on sbtest8_pkey  (cost=0.00..263.46 rows=9503 width=0)
	              Index Cond: ((id >= 7451852) AND (id <= 7461851))

for: order_ranges
table 1 : explain SELECT c FROM sbtest1 WHERE id BETWEEN 5367433 AND 5377432 ORDER BY c
	Sort  (cost=36029.63..36055.25 rows=10247 width=121)
	  Sort Key: c
	  ->  Bitmap Heap Scan on sbtest1  (cost=285.47..35347.03 rows=10247 width=121)
	        Recheck Cond: ((id >= 5367433) AND (id <= 5377432))
	        ->  Bitmap Index Scan on sbtest1_pkey  (cost=0.00..282.91 rows=10247 width=0)
	              Index Cond: ((id >= 5367433) AND (id <= 5377432))

table 2 : explain SELECT c FROM sbtest2 WHERE id BETWEEN 1080231 AND 1090230 ORDER BY c
	Sort  (cost=31993.21..32015.74 rows=9012 width=121)
	  Sort Key: c
	  ->  Bitmap Heap Scan on sbtest2  (cost=252.81..31401.23 rows=9012 width=121)
	        Recheck Cond: ((id >= 1080231) AND (id <= 1090230))
	        ->  Bitmap Index Scan on sbtest2_pkey  (cost=0.00..250.56 rows=9012 width=0)
	              Index Cond: ((id >= 1080231) AND (id <= 1090230))

table 3 : explain SELECT c FROM sbtest3 WHERE id BETWEEN 4285990 AND 4295989 ORDER BY c
	Sort  (cost=36855.49..36881.60 rows=10442 width=121)
	  Sort Key: c
	  ->  Bitmap Heap Scan on sbtest3  (cost=299.47..36158.49 rows=10442 width=121)
	        Recheck Cond: ((id >= 4285990) AND (id <= 4295989))
	        ->  Bitmap Index Scan on sbtest3_pkey  (cost=0.00..296.86 rows=10442 width=0)
	              Index Cond: ((id >= 4285990) AND (id <= 4295989))

table 4 : explain SELECT c FROM sbtest4 WHERE id BETWEEN 3476276 AND 3486275 ORDER BY c
	Sort  (cost=35195.23..35220.10 rows=9946 width=121)
	  Sort Key: c
	  ->  Bitmap Heap Scan on sbtest4  (cost=274.38..34534.82 rows=9946 width=121)
	        Recheck Cond: ((id >= 3476276) AND (id <= 3486275))
	        ->  Bitmap Index Scan on sbtest4_pkey  (cost=0.00..271.90 rows=9946 width=0)
	              Index Cond: ((id >= 3476276) AND (id <= 3486275))

table 5 : explain SELECT c FROM sbtest5 WHERE id BETWEEN 4626503 AND 4636502 ORDER BY c
	Sort  (cost=33937.12..33961.14 rows=9609 width=121)
	  Sort Key: c
	  ->  Bitmap Heap Scan on sbtest5  (cost=258.93..33301.47 rows=9609 width=121)
	        Recheck Cond: ((id >= 4626503) AND (id <= 4636502))
	        ->  Bitmap Index Scan on sbtest5_pkey  (cost=0.00..256.53 rows=9609 width=0)
	              Index Cond: ((id >= 4626503) AND (id <= 4636502))

table 6 : explain SELECT c FROM sbtest6 WHERE id BETWEEN 2423307 AND 2433306 ORDER BY c
	Sort  (cost=34606.22..34630.71 rows=9796 width=121)
	  Sort Key: c
	  ->  Bitmap Heap Scan on sbtest6  (cost=272.84..33956.85 rows=9796 width=121)
	        Recheck Cond: ((id >= 2423307) AND (id <= 2433306))
	        ->  Bitmap Index Scan on sbtest6_pkey  (cost=0.00..270.40 rows=9796 width=0)
	              Index Cond: ((id >= 2423307) AND (id <= 2433306))

table 7 : explain SELECT c FROM sbtest7 WHERE id BETWEEN 5101276 AND 5111275 ORDER BY c
	Sort  (cost=37157.93..37184.26 rows=10530 width=121)
	  Sort Key: c
	  ->  Bitmap Heap Scan on sbtest7  (cost=304.37..36454.41 rows=10530 width=121)
	        Recheck Cond: ((id >= 5101276) AND (id <= 5111275))
	        ->  Bitmap Index Scan on sbtest7_pkey  (cost=0.00..301.74 rows=10530 width=0)
	              Index Cond: ((id >= 5101276) AND (id <= 5111275))

table 8 : explain SELECT c FROM sbtest8 WHERE id BETWEEN 9492292 AND 9502291 ORDER BY c
	Sort  (cost=32641.11..32664.14 rows=9212 width=121)
	  Sort Key: c
	  ->  Bitmap Heap Scan on sbtest8  (cost=258.86..32034.53 rows=9212 width=121)
	        Recheck Cond: ((id >= 9492292) AND (id <= 9502291))
	        ->  Bitmap Index Scan on sbtest8_pkey  (cost=0.00..256.56 rows=9212 width=0)
	              Index Cond: ((id >= 9492292) AND (id <= 9502291))

explain: for point_selects :: explain SELECT c FROM sbtest%u WHERE id=%u
for: simple_ranges
table 1 : explain SELECT c FROM sbtest1 WHERE id BETWEEN 1903282 AND 1913281
	Bitmap Heap Scan on sbtest1  (cost=291.53..35974.81 rows=10448 width=121)
	  Recheck Cond: ((id >= 1903282) AND (id <= 1913281))
	  ->  Bitmap Index Scan on sbtest1_pkey  (cost=0.00..288.92 rows=10448 width=0)
	        Index Cond: ((id >= 1903282) AND (id <= 1913281))

table 2 : explain SELECT c FROM sbtest2 WHERE id BETWEEN 1563417 AND 1573416
	Bitmap Heap Scan on sbtest2  (cost=267.09..33343.17 rows=9625 width=121)
	  Recheck Cond: ((id >= 1563417) AND (id <= 1573416))
	  ->  Bitmap Index Scan on sbtest2_pkey  (cost=0.00..264.69 rows=9625 width=0)
	        Index Cond: ((id >= 1563417) AND (id <= 1573416))

table 3 : explain SELECT c FROM sbtest3 WHERE id BETWEEN 3161962 AND 3171961
	Bitmap Heap Scan on sbtest3  (cost=267.83..32549.73 rows=9307 width=121)
	  Recheck Cond: ((id >= 3161962) AND (id <= 3171961))
	  ->  Bitmap Index Scan on sbtest3_pkey  (cost=0.00..265.50 rows=9307 width=0)
	        Index Cond: ((id >= 3161962) AND (id <= 3171961))

table 4 : explain SELECT c FROM sbtest4 WHERE id BETWEEN 1481145 AND 1491144
	Bitmap Heap Scan on sbtest4  (cost=262.33..33276.59 rows=9551 width=121)
	  Recheck Cond: ((id >= 1481145) AND (id <= 1491144))
	  ->  Bitmap Index Scan on sbtest4_pkey  (cost=0.00..259.94 rows=9551 width=0)
	        Index Cond: ((id >= 1481145) AND (id <= 1491144))

table 5 : explain SELECT c FROM sbtest5 WHERE id BETWEEN 418384 AND 428383
	Bitmap Heap Scan on sbtest5  (cost=276.55..35031.79 rows=10158 width=121)
	  Recheck Cond: ((id >= 418384) AND (id <= 428383))
	  ->  Bitmap Index Scan on sbtest5_pkey  (cost=0.00..274.01 rows=10158 width=0)
	        Index Cond: ((id >= 418384) AND (id <= 428383))

table 6 : explain SELECT c FROM sbtest6 WHERE id BETWEEN 4102047 AND 4112046
	Bitmap Heap Scan on sbtest6  (cost=266.00..33082.86 rows=9519 width=121)
	  Recheck Cond: ((id >= 4102047) AND (id <= 4112046))
	  ->  Bitmap Index Scan on sbtest6_pkey  (cost=0.00..263.62 rows=9519 width=0)
	        Index Cond: ((id >= 4102047) AND (id <= 4112046))

table 7 : explain SELECT c FROM sbtest7 WHERE id BETWEEN 4850253 AND 4860252
	Bitmap Heap Scan on sbtest7  (cost=329.29..39179.89 rows=11400 width=121)
	  Recheck Cond: ((id >= 4850253) AND (id <= 4860252))
	  ->  Bitmap Index Scan on sbtest7_pkey  (cost=0.00..326.44 rows=11400 width=0)
	        Index Cond: ((id >= 4850253) AND (id <= 4860252))

table 8 : explain SELECT c FROM sbtest8 WHERE id BETWEEN 2365617 AND 2375616
	Bitmap Heap Scan on sbtest8  (cost=265.81..32944.82 rows=9500 width=121)
	  Recheck Cond: ((id >= 2365617) AND (id <= 2375616))
	  ->  Bitmap Index Scan on sbtest8_pkey  (cost=0.00..263.44 rows=9500 width=0)
	        Index Cond: ((id >= 2365617) AND (id <= 2375616))

for point_selects
table 1 : explain SELECT c FROM sbtest1 WHERE id=3258512
	Index Scan using sbtest1_pkey on sbtest1  (cost=0.43..8.45 rows=1 width=121)
	  Index Cond: (id = 3258512)

table 2 : explain SELECT c FROM sbtest2 WHERE id=4997882
	Index Scan using sbtest2_pkey on sbtest2  (cost=0.43..8.45 rows=1 width=121)
	  Index Cond: (id = 4997882)

table 3 : explain SELECT c FROM sbtest3 WHERE id=9036166
	Index Scan using sbtest3_pkey on sbtest3  (cost=0.43..8.45 rows=1 width=121)
	  Index Cond: (id = 9036166)

table 4 : explain SELECT c FROM sbtest4 WHERE id=6023983
	Index Scan using sbtest4_pkey on sbtest4  (cost=0.43..8.45 rows=1 width=121)
	  Index Cond: (id = 6023983)

table 5 : explain SELECT c FROM sbtest5 WHERE id=4438999
	Index Scan using sbtest5_pkey on sbtest5  (cost=0.43..8.45 rows=1 width=121)
	  Index Cond: (id = 4438999)

table 6 : explain SELECT c FROM sbtest6 WHERE id=9011141
	Index Scan using sbtest6_pkey on sbtest6  (cost=0.43..8.45 rows=1 width=121)
	  Index Cond: (id = 9011141)

table 7 : explain SELECT c FROM sbtest7 WHERE id=7746819
	Index Scan using sbtest7_pkey on sbtest7  (cost=0.43..8.45 rows=1 width=121)
	  Index Cond: (id = 7746819)

table 8 : explain SELECT c FROM sbtest8 WHERE id=3552577
	Index Scan using sbtest8_pkey on sbtest8  (cost=0.43..8.45 rows=1 width=121)
	  Index Cond: (id = 3552577)

explain: for point_selects :: explain SELECT c FROM sbtest%u WHERE id=%u
for: simple_ranges
table 1 : explain SELECT c FROM sbtest1 WHERE id BETWEEN 8345785 AND 8355784
	Bitmap Heap Scan on sbtest1  (cost=248.15..31234.50 rows=8948 width=121)
	  Recheck Cond: ((id >= 8345785) AND (id <= 8355784))
	  ->  Bitmap Index Scan on sbtest1_pkey  (cost=0.00..245.92 rows=8948 width=0)
	        Index Cond: ((id >= 8345785) AND (id <= 8355784))

table 2 : explain SELECT c FROM sbtest2 WHERE id BETWEEN 8146193 AND 8156192
	Bitmap Heap Scan on sbtest2  (cost=311.24..38255.53 rows=11200 width=121)
	  Recheck Cond: ((id >= 8146193) AND (id <= 8156192))
	  ->  Bitmap Index Scan on sbtest2_pkey  (cost=0.00..308.44 rows=11200 width=0)
	        Index Cond: ((id >= 8146193) AND (id <= 8156192))

table 3 : explain SELECT c FROM sbtest3 WHERE id BETWEEN 2279588 AND 2289587
	Bitmap Heap Scan on sbtest3  (cost=286.67..34677.79 rows=9974 width=121)
	  Recheck Cond: ((id >= 2279588) AND (id <= 2289587))
	  ->  Bitmap Index Scan on sbtest3_pkey  (cost=0.00..284.18 rows=9974 width=0)
	        Index Cond: ((id >= 2279588) AND (id <= 2289587))

table 4 : explain SELECT c FROM sbtest4 WHERE id BETWEEN 9772631 AND 9782630
	Bitmap Heap Scan on sbtest4  (cost=262.27..33260.25 rows=9545 width=121)
	  Recheck Cond: ((id >= 9772631) AND (id <= 9782630))
	  ->  Bitmap Index Scan on sbtest4_pkey  (cost=0.00..259.88 rows=9545 width=0)
	        Index Cond: ((id >= 9772631) AND (id <= 9782630))

table 5 : explain SELECT c FROM sbtest5 WHERE id BETWEEN 5210280 AND 5220279
	Bitmap Heap Scan on sbtest5  (cost=239.12..30879.77 rows=8847 width=121)
	  Recheck Cond: ((id >= 5210280) AND (id <= 5220279))
	  ->  Bitmap Index Scan on sbtest5_pkey  (cost=0.00..236.91 rows=8847 width=0)
	        Index Cond: ((id >= 5210280) AND (id <= 5220279))

table 6 : explain SELECT c FROM sbtest6 WHERE id BETWEEN 1688546 AND 1698545
	Bitmap Heap Scan on sbtest6  (cost=265.89..33047.10 rows=9508 width=121)
	  Recheck Cond: ((id >= 1688546) AND (id <= 1698545))
	  ->  Bitmap Index Scan on sbtest6_pkey  (cost=0.00..263.51 rows=9508 width=0)
	        Index Cond: ((id >= 1688546) AND (id <= 1698545))

table 7 : explain SELECT c FROM sbtest7 WHERE id BETWEEN 3155756 AND 3165755
	Bitmap Heap Scan on sbtest7  (cost=286.49..34638.51 rows=9957 width=121)
	  Recheck Cond: ((id >= 3155756) AND (id <= 3165755))
	  ->  Bitmap Index Scan on sbtest7_pkey  (cost=0.00..284.00 rows=9957 width=0)
	        Index Cond: ((id >= 3155756) AND (id <= 3165755))

table 8 : explain SELECT c FROM sbtest8 WHERE id BETWEEN 5241597 AND 5251596
	Bitmap Heap Scan on sbtest8  (cost=310.53..38038.74 rows=11131 width=121)
	  Recheck Cond: ((id >= 5241597) AND (id <= 5251596))
	  ->  Bitmap Index Scan on sbtest8_pkey  (cost=0.00..307.75 rows=11131 width=0)
	        Index Cond: ((id >= 5241597) AND (id <= 5251596))

explain: for point_selects :: explain SELECT c FROM sbtest%u WHERE id=%u
for: order_ranges
table 1 : explain SELECT c FROM sbtest1 WHERE id BETWEEN 4896679 AND 4906678 ORDER BY c
	Sort  (cost=33594.85..33618.58 rows=9492 width=121)
	  Sort Key: c
	  ->  Bitmap Heap Scan on sbtest1  (cost=265.73..32967.78 rows=9492 width=121)
	        Recheck Cond: ((id >= 4896679) AND (id <= 4906678))
	        ->  Bitmap Index Scan on sbtest1_pkey  (cost=0.00..263.36 rows=9492 width=0)
	              Index Cond: ((id >= 4896679) AND (id <= 4906678))

table 2 : explain SELECT c FROM sbtest2 WHERE id BETWEEN 2980923 AND 2990922 ORDER BY c
	Sort  (cost=36278.71..36304.57 rows=10341 width=121)
	  Sort Key: c
	  ->  Bitmap Heap Scan on sbtest2  (cost=286.43..35589.17 rows=10341 width=121)
	        Recheck Cond: ((id >= 2980923) AND (id <= 2990922))
	        ->  Bitmap Index Scan on sbtest2_pkey  (cost=0.00..283.84 rows=10341 width=0)
	              Index Cond: ((id >= 2980923) AND (id <= 2990922))

table 3 : explain SELECT c FROM sbtest3 WHERE id BETWEEN 5739055 AND 5749054 ORDER BY c
	Sort  (cost=36264.75..36290.40 rows=10259 width=121)
	  Sort Key: c
	  ->  Bitmap Heap Scan on sbtest3  (cost=293.59..35581.27 rows=10259 width=121)
	        Recheck Cond: ((id >= 5739055) AND (id <= 5749054))
	        ->  Bitmap Index Scan on sbtest3_pkey  (cost=0.00..291.03 rows=10259 width=0)
	              Index Cond: ((id >= 5739055) AND (id <= 5749054))

table 4 : explain SELECT c FROM sbtest4 WHERE id BETWEEN 4302722 AND 4312721 ORDER BY c
	Sort  (cost=35255.11..35280.02 rows=9965 width=121)
	  Sort Key: c
	  ->  Bitmap Heap Scan on sbtest4  (cost=274.58..34593.30 rows=9965 width=121)
	        Recheck Cond: ((id >= 4302722) AND (id <= 4312721))
	        ->  Bitmap Index Scan on sbtest4_pkey  (cost=0.00..272.08 rows=9965 width=0)
	              Index Cond: ((id >= 4302722) AND (id <= 4312721))

table 5 : explain SELECT c FROM sbtest5 WHERE id BETWEEN 3746289 AND 3756288 ORDER BY c
	Sort  (cost=34166.53..34190.73 rows=9679 width=121)
	  Sort Key: c
	  ->  Bitmap Heap Scan on sbtest5  (cost=263.64..33525.75 rows=9679 width=121)
	        Recheck Cond: ((id >= 3746289) AND (id <= 3756288))
	        ->  Bitmap Index Scan on sbtest5_pkey  (cost=0.00..261.23 rows=9679 width=0)
	              Index Cond: ((id >= 3746289) AND (id <= 3756288))

table 6 : explain SELECT c FROM sbtest6 WHERE id BETWEEN 7343915 AND 7353914 ORDER BY c
	Sort  (cost=35583.53..35608.78 rows=10099 width=121)
	  Sort Key: c
	  ->  Bitmap Heap Scan on sbtest6  (cost=279.95..34911.85 rows=10099 width=121)
	        Recheck Cond: ((id >= 7343915) AND (id <= 7353914))
	        ->  Bitmap Index Scan on sbtest6_pkey  (cost=0.00..277.43 rows=10099 width=0)
	              Index Cond: ((id >= 7343915) AND (id <= 7353914))

table 7 : explain SELECT c FROM sbtest7 WHERE id BETWEEN 9091609 AND 9101608 ORDER BY c
	Sort  (cost=37194.31..37220.66 rows=10541 width=121)
	  Sort Key: c
	  ->  Bitmap Heap Scan on sbtest7  (cost=304.48..36489.97 rows=10541 width=121)
	        Recheck Cond: ((id >= 9091609) AND (id <= 9101608))
	        ->  Bitmap Index Scan on sbtest7_pkey  (cost=0.00..301.84 rows=10541 width=0)
	              Index Cond: ((id >= 9091609) AND (id <= 9101608))

table 8 : explain SELECT c FROM sbtest8 WHERE id BETWEEN 8610982 AND 8620981 ORDER BY c
	Sort  (cost=35254.20..35279.25 rows=10022 width=121)
	  Sort Key: c
	  ->  Bitmap Heap Scan on sbtest8  (cost=279.16..34588.19 rows=10022 width=121)
	        Recheck Cond: ((id >= 8610982) AND (id <= 8620981))
	        ->  Bitmap Index Scan on sbtest8_pkey  (cost=0.00..276.66 rows=10022 width=0)
	              Index Cond: ((id >= 8610982) AND (id <= 8620981))

for: sum_ranges
table 1 : explain SELECT SUM(k) FROM sbtest1 WHERE id BETWEEN 3250566 AND 3260565
	Aggregate  (cost=33400.88..33400.89 rows=1 width=8)
	  ->  Bitmap Heap Scan on sbtest1  (cost=267.06..33376.82 rows=9622 width=4)
	        Recheck Cond: ((id >= 3250566) AND (id <= 3260565))
	        ->  Bitmap Index Scan on sbtest1_pkey  (cost=0.00..264.66 rows=9622 width=0)
	              Index Cond: ((id >= 3250566) AND (id <= 3260565))

table 2 : explain SELECT SUM(k) FROM sbtest2 WHERE id BETWEEN 7045156 AND 7055155
	Aggregate  (cost=34464.92..34464.93 rows=1 width=8)
	  ->  Bitmap Heap Scan on sbtest2  (cost=278.66..34439.99 rows=9973 width=4)
	        Recheck Cond: ((id >= 7045156) AND (id <= 7055155))
	        ->  Bitmap Index Scan on sbtest2_pkey  (cost=0.00..276.17 rows=9973 width=0)
	              Index Cond: ((id >= 7045156) AND (id <= 7055155))

table 3 : explain SELECT SUM(k) FROM sbtest3 WHERE id BETWEEN 5918619 AND 5928618
	Aggregate  (cost=35632.89..35632.90 rows=1 width=8)
	  ->  Bitmap Heap Scan on sbtest3  (cost=293.68..35607.22 rows=10268 width=4)
	        Recheck Cond: ((id >= 5918619) AND (id <= 5928618))
	        ->  Bitmap Index Scan on sbtest3_pkey  (cost=0.00..291.12 rows=10268 width=0)
	              Index Cond: ((id >= 5918619) AND (id <= 5928618))

table 4 : explain SELECT SUM(k) FROM sbtest4 WHERE id BETWEEN 7780595 AND 7790594
	Aggregate  (cost=33891.71..33891.72 rows=1 width=8)
	  ->  Bitmap Heap Scan on sbtest4  (cost=268.23..33867.37 rows=9736 width=4)
	        Recheck Cond: ((id >= 7780595) AND (id <= 7790594))
	        ->  Bitmap Index Scan on sbtest4_pkey  (cost=0.00..265.80 rows=9736 width=0)
	              Index Cond: ((id >= 7780595) AND (id <= 7790594))

table 5 : explain SELECT SUM(k) FROM sbtest5 WHERE id BETWEEN 1892516 AND 1902515
	Aggregate  (cost=34846.92..34846.93 rows=1 width=8)
	  ->  Bitmap Heap Scan on sbtest5  (cost=271.88..34821.69 rows=10092 width=4)
	        Recheck Cond: ((id >= 1892516) AND (id <= 1902515))
	        ->  Bitmap Index Scan on sbtest5_pkey  (cost=0.00..269.36 rows=10092 width=0)
	              Index Cond: ((id >= 1892516) AND (id <= 1902515))

table 6 : explain SELECT SUM(k) FROM sbtest6 WHERE id BETWEEN 9436435 AND 9446434
	Aggregate  (cost=39294.17..39294.18 rows=1 width=8)
	  ->  Bitmap Heap Scan on sbtest6  (cost=318.28..39265.42 rows=11497 width=4)
	        Recheck Cond: ((id >= 9436435) AND (id <= 9446434))
	        ->  Bitmap Index Scan on sbtest6_pkey  (cost=0.00..315.41 rows=11497 width=0)
	              Index Cond: ((id >= 9436435) AND (id <= 9446434))

table 7 : explain SELECT SUM(k) FROM sbtest7 WHERE id BETWEEN 143682 AND 153681
	Aggregate  (cost=34529.77..34529.78 rows=1 width=8)
	  ->  Bitmap Heap Scan on sbtest7  (cost=286.05..34504.99 rows=9914 width=4)
	        Recheck Cond: ((id >= 143682) AND (id <= 153681))
	        ->  Bitmap Index Scan on sbtest7_pkey  (cost=0.00..283.57 rows=9914 width=0)
	              Index Cond: ((id >= 143682) AND (id <= 153681))

table 8 : explain SELECT SUM(k) FROM sbtest8 WHERE id BETWEEN 4828286 AND 4838285
	Aggregate  (cost=34516.50..34516.51 rows=1 width=8)
	  ->  Bitmap Heap Scan on sbtest8  (cost=278.84..34491.52 rows=9991 width=4)
	        Recheck Cond: ((id >= 4828286) AND (id <= 4838285))
	        ->  Bitmap Index Scan on sbtest8_pkey  (cost=0.00..276.34 rows=9991 width=0)
	              Index Cond: ((id >= 4828286) AND (id <= 4838285))

for: distinct_ranges
table 1 : explain SELECT DISTINCT c FROM sbtest1 WHERE id BETWEEN 156875 AND 166874 ORDER BY c
	Unique  (cost=35091.48..35141.25 rows=9955 width=121)
	  ->  Sort  (cost=35091.48..35116.37 rows=9955 width=121)
	        Sort Key: c
	        ->  Bitmap Heap Scan on sbtest1  (cost=278.47..34430.41 rows=9955 width=121)
	              Recheck Cond: ((id >= 156875) AND (id <= 166874))
	              ->  Bitmap Index Scan on sbtest1_pkey  (cost=0.00..275.99 rows=9955 width=0)
	                    Index Cond: ((id >= 156875) AND (id <= 166874))

table 2 : explain SELECT DISTINCT c FROM sbtest2 WHERE id BETWEEN 1655400 AND 1665399 ORDER BY c
	Unique  (cost=35009.96..35059.68 rows=9944 width=121)
	  ->  Sort  (cost=35009.96..35034.82 rows=9944 width=121)
	        Sort Key: c
	        ->  Bitmap Heap Scan on sbtest2  (cost=278.36..34349.70 rows=9944 width=121)
	              Recheck Cond: ((id >= 1655400) AND (id <= 1665399))
	              ->  Bitmap Index Scan on sbtest2_pkey  (cost=0.00..275.88 rows=9944 width=0)
	                    Index Cond: ((id >= 1655400) AND (id <= 1665399))

table 3 : explain SELECT DISTINCT c FROM sbtest3 WHERE id BETWEEN 6808743 AND 6818742 ORDER BY c
	Unique  (cost=35047.17..35096.59 rows=9883 width=121)
	  ->  Sort  (cost=35047.17..35071.88 rows=9883 width=121)
	        Sort Key: c
	        ->  Bitmap Heap Scan on sbtest3  (cost=285.74..34391.40 rows=9883 width=121)
	              Recheck Cond: ((id >= 6808743) AND (id <= 6818742))
	              ->  Bitmap Index Scan on sbtest3_pkey  (cost=0.00..283.26 rows=9883 width=0)
	                    Index Cond: ((id >= 6808743) AND (id <= 6818742))

table 4 : explain SELECT DISTINCT c FROM sbtest4 WHERE id BETWEEN 5406222 AND 5416221 ORDER BY c
	Unique  (cost=36847.30..36899.59 rows=10458 width=121)
	  ->  Sort  (cost=36847.30..36873.45 rows=10458 width=121)
	        Sort Key: c
	        ->  Bitmap Heap Scan on sbtest4  (cost=287.63..36149.11 rows=10458 width=121)
	              Recheck Cond: ((id >= 5406222) AND (id <= 5416221))
	              ->  Bitmap Index Scan on sbtest4_pkey  (cost=0.00..285.01 rows=10458 width=0)
	                    Index Cond: ((id >= 5406222) AND (id <= 5416221))

table 5 : explain SELECT DISTINCT c FROM sbtest5 WHERE id BETWEEN 1656956 AND 1666955 ORDER BY c
	Unique  (cost=39638.22..39695.20 rows=11395 width=121)
	  ->  Sort  (cost=39638.22..39666.71 rows=11395 width=121)
	        Sort Key: c
	        ->  Bitmap Heap Scan on sbtest5  (cost=309.23..38870.42 rows=11395 width=121)
	              Recheck Cond: ((id >= 1656956) AND (id <= 1666955))
	              ->  Bitmap Index Scan on sbtest5_pkey  (cost=0.00..306.38 rows=11395 width=0)
	                    Index Cond: ((id >= 1656956) AND (id <= 1666955))

table 6 : explain SELECT DISTINCT c FROM sbtest6 WHERE id BETWEEN 182229 AND 192228 ORDER BY c
	Unique  (cost=32145.79..32190.98 rows=9039 width=121)
	  ->  Sort  (cost=32145.79..32168.38 rows=9039 width=121)
	        Sort Key: c
	        ->  Bitmap Heap Scan on sbtest6  (cost=253.08..31551.84 rows=9039 width=121)
	              Recheck Cond: ((id >= 182229) AND (id <= 192228))
	              ->  Bitmap Index Scan on sbtest6_pkey  (cost=0.00..250.82 rows=9039 width=0)
	                    Index Cond: ((id >= 182229) AND (id <= 192228))

table 7 : explain SELECT DISTINCT c FROM sbtest7 WHERE id BETWEEN 7434878 AND 7444877 ORDER BY c
	Unique  (cost=38922.38..38977.77 rows=11078 width=121)
	  ->  Sort  (cost=38922.38..38950.07 rows=11078 width=121)
	        Sort Key: c
	        ->  Bitmap Heap Scan on sbtest7  (cost=321.98..38178.19 rows=11078 width=121)
	              Recheck Cond: ((id >= 7434878) AND (id <= 7444877))
	              ->  Bitmap Index Scan on sbtest7_pkey  (cost=0.00..319.21 rows=11078 width=0)
	                    Index Cond: ((id >= 7434878) AND (id <= 7444877))

table 8 : explain SELECT DISTINCT c FROM sbtest8 WHERE id BETWEEN 5233064 AND 5243063 ORDER BY c
	Unique  (cost=38786.87..38842.53 rows=11131 width=121)
	  ->  Sort  (cost=38786.87..38814.70 rows=11131 width=121)
	        Sort Key: c
	        ->  Bitmap Heap Scan on sbtest8  (cost=310.53..38038.74 rows=11131 width=121)
	              Recheck Cond: ((id >= 5233064) AND (id <= 5243063))
	              ->  Bitmap Index Scan on sbtest8_pkey  (cost=0.00..307.75 rows=11131 width=0)
	                    Index Cond: ((id >= 5233064) AND (id <= 5243063))

for point_selects
table 1 : explain SELECT c FROM sbtest1 WHERE id=9506014
	Index Scan using sbtest1_pkey on sbtest1  (cost=0.43..8.45 rows=1 width=121)
	  Index Cond: (id = 9506014)

table 2 : explain SELECT c FROM sbtest2 WHERE id=5211664
	Index Scan using sbtest2_pkey on sbtest2  (cost=0.43..8.45 rows=1 width=121)
	  Index Cond: (id = 5211664)

table 3 : explain SELECT c FROM sbtest3 WHERE id=4847851
	Index Scan using sbtest3_pkey on sbtest3  (cost=0.43..8.45 rows=1 width=121)
	  Index Cond: (id = 4847851)

table 4 : explain SELECT c FROM sbtest4 WHERE id=7587918
	Index Scan using sbtest4_pkey on sbtest4  (cost=0.43..8.45 rows=1 width=121)
	  Index Cond: (id = 7587918)

table 5 : explain SELECT c FROM sbtest5 WHERE id=2031842
	Index Scan using sbtest5_pkey on sbtest5  (cost=0.43..8.45 rows=1 width=121)
	  Index Cond: (id = 2031842)

table 6 : explain SELECT c FROM sbtest6 WHERE id=3583822
	Index Scan using sbtest6_pkey on sbtest6  (cost=0.43..8.45 rows=1 width=121)
	  Index Cond: (id = 3583822)

table 7 : explain SELECT c FROM sbtest7 WHERE id=7862204
	Index Scan using sbtest7_pkey on sbtest7  (cost=0.43..8.45 rows=1 width=121)
	  Index Cond: (id = 7862204)

table 8 : explain SELECT c FROM sbtest8 WHERE id=8516426
	Index Scan using sbtest8_pkey on sbtest8  (cost=0.43..8.45 rows=1 width=121)
	  Index Cond: (id = 8516426)

for: distinct_ranges
table 1 : explain SELECT DISTINCT c FROM sbtest1 WHERE id BETWEEN 6922109 AND 6932108 ORDER BY c
	Unique  (cost=36823.41..36875.89 rows=10495 width=121)
	  ->  Sort  (cost=36823.41..36849.65 rows=10495 width=121)
	        Sort Key: c
	        ->  Bitmap Heap Scan on sbtest1  (cost=292.01..36122.48 rows=10495 width=121)
	              Recheck Cond: ((id >= 6922109) AND (id <= 6932108))
	              ->  Bitmap Index Scan on sbtest1_pkey  (cost=0.00..289.38 rows=10495 width=0)
	                    Index Cond: ((id >= 6922109) AND (id <= 6932108))

table 2 : explain SELECT DISTINCT c FROM sbtest2 WHERE id BETWEEN 1518883 AND 1528882 ORDER BY c
	Unique  (cost=33979.99..34028.11 rows=9625 width=121)
	  ->  Sort  (cost=33979.99..34004.05 rows=9625 width=121)
	        Sort Key: c
	        ->  Bitmap Heap Scan on sbtest2  (cost=267.09..33343.17 rows=9625 width=121)
	              Recheck Cond: ((id >= 1518883) AND (id <= 1528882))
	              ->  Bitmap Index Scan on sbtest2_pkey  (cost=0.00..264.69 rows=9625 width=0)
	                    Index Cond: ((id >= 1518883) AND (id <= 1528882))

table 3 : explain SELECT DISTINCT c FROM sbtest3 WHERE id BETWEEN 3349957 AND 3359956 ORDER BY c
	Unique  (cost=35556.54..35606.75 rows=10041 width=121)
	  ->  Sort  (cost=35556.54..35581.64 rows=10041 width=121)
	        Sort Key: c
	        ->  Bitmap Heap Scan on sbtest3  (cost=287.36..34889.13 rows=10041 width=121)
	              Recheck Cond: ((id >= 3349957) AND (id <= 3359956))
	              ->  Bitmap Index Scan on sbtest3_pkey  (cost=0.00..284.84 rows=10041 width=0)
	                    Index Cond: ((id >= 3349957) AND (id <= 3359956))

table 4 : explain SELECT DISTINCT c FROM sbtest4 WHERE id BETWEEN 3618064 AND 3628063 ORDER BY c
	Unique  (cost=37052.15..37104.76 rows=10522 width=121)
	  ->  Sort  (cost=37052.15..37078.45 rows=10522 width=121)
	        Sort Key: c
	        ->  Bitmap Heap Scan on sbtest4  (cost=288.29..36349.22 rows=10522 width=121)
	              Recheck Cond: ((id >= 3618064) AND (id <= 3628063))
	              ->  Bitmap Index Scan on sbtest4_pkey  (cost=0.00..285.66 rows=10522 width=0)
	                    Index Cond: ((id >= 3618064) AND (id <= 3628063))

table 5 : explain SELECT DISTINCT c FROM sbtest5 WHERE id BETWEEN 940633 AND 950632 ORDER BY c
	Unique  (cost=34285.79..34334.37 rows=9716 width=121)
	  ->  Sort  (cost=34285.79..34310.08 rows=9716 width=121)
	        Sort Key: c
	        ->  Bitmap Heap Scan on sbtest5  (cost=264.02..33642.29 rows=9716 width=121)
	              Recheck Cond: ((id >= 940633) AND (id <= 950632))
	              ->  Bitmap Index Scan on sbtest5_pkey  (cost=0.00..261.59 rows=9716 width=0)
	                    Index Cond: ((id >= 940633) AND (id <= 950632))

table 6 : explain SELECT DISTINCT c FROM sbtest6 WHERE id BETWEEN 2851080 AND 2861079 ORDER BY c
	Unique  (cost=34227.16..34275.55 rows=9679 width=121)
	  ->  Sort  (cost=34227.16..34251.36 rows=9679 width=121)
	        Sort Key: c
	        ->  Bitmap Heap Scan on sbtest6  (cost=267.64..33586.38 rows=9679 width=121)
	              Recheck Cond: ((id >= 2851080) AND (id <= 2861079))
	              ->  Bitmap Index Scan on sbtest6_pkey  (cost=0.00..265.23 rows=9679 width=0)
	                    Index Cond: ((id >= 2851080) AND (id <= 2861079))

table 7 : explain SELECT DISTINCT c FROM sbtest7 WHERE id BETWEEN 7979146 AND 7989145 ORDER BY c
	Unique  (cost=35975.81..36026.64 rows=10165 width=121)
	  ->  Sort  (cost=35975.81..36001.22 rows=10165 width=121)
	        Sort Key: c
	        ->  Bitmap Heap Scan on sbtest7  (cost=292.63..35299.26 rows=10165 width=121)
	              Recheck Cond: ((id >= 7979146) AND (id <= 7989145))
	              ->  Bitmap Index Scan on sbtest7_pkey  (cost=0.00..290.08 rows=10165 width=0)
	                    Index Cond: ((id >= 7979146) AND (id <= 7989145))

table 8 : explain SELECT DISTINCT c FROM sbtest8 WHERE id BETWEEN 2854484 AND 2864483 ORDER BY c
	Unique  (cost=37892.50..37946.74 rows=10848 width=121)
	  ->  Sort  (cost=37892.50..37919.62 rows=10848 width=121)
	        Sort Key: c
	        ->  Bitmap Heap Scan on sbtest8  (cost=303.63..37165.40 rows=10848 width=121)
	              Recheck Cond: ((id >= 2854484) AND (id <= 2864483))
	              ->  Bitmap Index Scan on sbtest8_pkey  (cost=0.00..300.92 rows=10848 width=0)
	                    Index Cond: ((id >= 2854484) AND (id <= 2864483))

for: sum_ranges
table 1 : explain SELECT SUM(k) FROM sbtest1 WHERE id BETWEEN 8430367 AND 8440366
	Aggregate  (cost=33283.99..33284.00 rows=1 width=8)
	  ->  Bitmap Heap Scan on sbtest1  (cost=266.68..33260.02 rows=9585 width=4)
	        Recheck Cond: ((id >= 8430367) AND (id <= 8440366))
	        ->  Bitmap Index Scan on sbtest1_pkey  (cost=0.00..264.29 rows=9585 width=0)
	              Index Cond: ((id >= 8430367) AND (id <= 8440366))

table 2 : explain SELECT SUM(k) FROM sbtest2 WHERE id BETWEEN 9087959 AND 9097958
	Aggregate  (cost=34102.51..34102.52 rows=1 width=8)
	  ->  Bitmap Heap Scan on sbtest2  (cost=273.48..34077.87 rows=9858 width=4)
	        Recheck Cond: ((id >= 9087959) AND (id <= 9097958))
	        ->  Bitmap Index Scan on sbtest2_pkey  (cost=0.00..271.01 rows=9858 width=0)
	              Index Cond: ((id >= 9087959) AND (id <= 9097958))

table 3 : explain SELECT SUM(k) FROM sbtest3 WHERE id BETWEEN 3784924 AND 3794923
	Aggregate  (cost=35574.48..35574.49 rows=1 width=8)
	  ->  Bitmap Heap Scan on sbtest3  (cost=293.49..35548.86 rows=10249 width=4)
	        Recheck Cond: ((id >= 3784924) AND (id <= 3794923))
	        ->  Bitmap Index Scan on sbtest3_pkey  (cost=0.00..290.93 rows=10249 width=0)
	              Index Cond: ((id >= 3784924) AND (id <= 3794923))

table 4 : explain SELECT SUM(k) FROM sbtest4 WHERE id BETWEEN 4875557 AND 4885556
	Aggregate  (cost=33039.03..33039.04 rows=1 width=8)
	  ->  Bitmap Heap Scan on sbtest4  (cost=261.48..33015.36 rows=9468 width=4)
	        Recheck Cond: ((id >= 4875557) AND (id <= 4885556))
	        ->  Bitmap Index Scan on sbtest4_pkey  (cost=0.00..259.12 rows=9468 width=0)
	              Index Cond: ((id >= 4875557) AND (id <= 4885556))

table 5 : explain SELECT SUM(k) FROM sbtest5 WHERE id BETWEEN 3304095 AND 3314094
	Aggregate  (cost=33902.92..33902.93 rows=1 width=8)
	  ->  Bitmap Heap Scan on sbtest5  (cost=264.79..33878.44 rows=9791 width=4)
	        Recheck Cond: ((id >= 3304095) AND (id <= 3314094))
	        ->  Bitmap Index Scan on sbtest5_pkey  (cost=0.00..262.34 rows=9791 width=0)
	              Index Cond: ((id >= 3304095) AND (id <= 3314094))

table 6 : explain SELECT SUM(k) FROM sbtest6 WHERE id BETWEEN 6304169 AND 6314168
	Aggregate  (cost=35812.13..35812.14 rows=1 width=8)
	  ->  Bitmap Heap Scan on sbtest6  (cost=286.81..35786.19 rows=10378 width=4)
	        Recheck Cond: ((id >= 6304169) AND (id <= 6314168))
	        ->  Bitmap Index Scan on sbtest6_pkey  (cost=0.00..284.21 rows=10378 width=0)
	              Index Cond: ((id >= 6304169) AND (id <= 6314168))

table 7 : explain SELECT SUM(k) FROM sbtest7 WHERE id BETWEEN 3728261 AND 3738260
	Aggregate  (cost=33552.73..33552.74 rows=1 width=8)
	  ->  Bitmap Heap Scan on sbtest7  (cost=278.92..33528.71 rows=9608 width=4)
	        Recheck Cond: ((id >= 3728261) AND (id <= 3738260))
	        ->  Bitmap Index Scan on sbtest7_pkey  (cost=0.00..276.51 rows=9608 width=0)
	              Index Cond: ((id >= 3728261) AND (id <= 3738260))

table 8 : explain SELECT SUM(k) FROM sbtest8 WHERE id BETWEEN 6908881 AND 6918880
	Aggregate  (cost=33260.43..33260.44 rows=1 width=8)
	  ->  Bitmap Heap Scan on sbtest8  (cost=266.75..33236.45 rows=9592 width=4)
	        Recheck Cond: ((id >= 6908881) AND (id <= 6918880))
	        ->  Bitmap Index Scan on sbtest8_pkey  (cost=0.00..264.36 rows=9592 width=0)
	              Index Cond: ((id >= 6908881) AND (id <= 6918880))

for: distinct_ranges
table 1 : explain SELECT DISTINCT c FROM sbtest1 WHERE id BETWEEN 5301515 AND 5311514 ORDER BY c
	Unique  (cost=35696.62..35747.34 rows=10143 width=121)
	  ->  Sort  (cost=35696.62..35721.98 rows=10143 width=121)
	        Sort Key: c
	        ->  Bitmap Heap Scan on sbtest1  (cost=284.40..35021.70 rows=10143 width=121)
	              Recheck Cond: ((id >= 5301515) AND (id <= 5311514))
	              ->  Bitmap Index Scan on sbtest1_pkey  (cost=0.00..281.87 rows=10143 width=0)
	                    Index Cond: ((id >= 5301515) AND (id <= 5311514))

table 2 : explain SELECT DISTINCT c FROM sbtest2 WHERE id BETWEEN 4670521 AND 4680520 ORDER BY c
	Unique  (cost=33366.27..33413.44 rows=9434 width=121)
	  ->  Sort  (cost=33366.27..33389.85 rows=9434 width=121)
	        Sort Key: c
	        ->  Bitmap Heap Scan on sbtest2  (cost=265.13..32743.45 rows=9434 width=121)
	              Recheck Cond: ((id >= 4670521) AND (id <= 4680520))
	              ->  Bitmap Index Scan on sbtest2_pkey  (cost=0.00..262.78 rows=9434 width=0)
	                    Index Cond: ((id >= 4670521) AND (id <= 4680520))

table 3 : explain SELECT DISTINCT c FROM sbtest3 WHERE id BETWEEN 3487402 AND 3497401 ORDER BY c
	Unique  (cost=36842.26..36894.45 rows=10438 width=121)
	  ->  Sort  (cost=36842.26..36868.36 rows=10438 width=121)
	        Sort Key: c
	        ->  Bitmap Heap Scan on sbtest3  (cost=299.42..36145.55 rows=10438 width=121)
	              Recheck Cond: ((id >= 3487402) AND (id <= 3497401))
	              ->  Bitmap Index Scan on sbtest3_pkey  (cost=0.00..296.81 rows=10438 width=0)
	                    Index Cond: ((id >= 3487402) AND (id <= 3497401))

table 4 : explain SELECT DISTINCT c FROM sbtest4 WHERE id BETWEEN 9028113 AND 9038112 ORDER BY c
	Unique  (cost=37887.25..37941.16 rows=10782 width=121)
	  ->  Sort  (cost=37887.25..37914.20 rows=10782 width=121)
	        Sort Key: c
	        ->  Bitmap Heap Scan on sbtest4  (cost=294.95..37165.05 rows=10782 width=121)
	              Recheck Cond: ((id >= 9028113) AND (id <= 9038112))
	              ->  Bitmap Index Scan on sbtest4_pkey  (cost=0.00..292.25 rows=10782 width=0)
	                    Index Cond: ((id >= 9028113) AND (id <= 9038112))

table 5 : explain SELECT DISTINCT c FROM sbtest5 WHERE id BETWEEN 3903269 AND 3913268 ORDER BY c
	Unique  (cost=34686.30..34735.51 rows=9841 width=121)
	  ->  Sort  (cost=34686.30..34710.90 rows=9841 width=121)
	        Sort Key: c
	        ->  Bitmap Heap Scan on sbtest5  (cost=265.31..34033.62 rows=9841 width=121)
	              Recheck Cond: ((id >= 3903269) AND (id <= 3913268))
	              ->  Bitmap Index Scan on sbtest5_pkey  (cost=0.00..262.84 rows=9841 width=0)
	                    Index Cond: ((id >= 3903269) AND (id <= 3913268))

table 6 : explain SELECT DISTINCT c FROM sbtest6 WHERE id BETWEEN 1734344 AND 1744343 ORDER BY c
	Unique  (cost=33675.34..33722.88 rows=9508 width=121)
	  ->  Sort  (cost=33675.34..33699.11 rows=9508 width=121)
	        Sort Key: c
	        ->  Bitmap Heap Scan on sbtest6  (cost=265.89..33047.10 rows=9508 width=121)
	              Recheck Cond: ((id >= 1734344) AND (id <= 1744343))
	              ->  Bitmap Index Scan on sbtest6_pkey  (cost=0.00..263.51 rows=9508 width=0)
	                    Index Cond: ((id >= 1734344) AND (id <= 1744343))

table 7 : explain SELECT DISTINCT c FROM sbtest7 WHERE id BETWEEN 8980850 AND 8990849 ORDER BY c
	Unique  (cost=33530.84..33577.91 rows=9414 width=121)
	  ->  Sort  (cost=33530.84..33554.37 rows=9414 width=121)
	        Sort Key: c
	        ->  Bitmap Heap Scan on sbtest7  (cost=272.93..32909.49 rows=9414 width=121)
	              Recheck Cond: ((id >= 8980850) AND (id <= 8990849))
	              ->  Bitmap Index Scan on sbtest7_pkey  (cost=0.00..270.57 rows=9414 width=0)
	                    Index Cond: ((id >= 8980850) AND (id <= 8990849))

table 8 : explain SELECT DISTINCT c FROM sbtest8 WHERE id BETWEEN 4244626 AND 4254625 ORDER BY c
	Unique  (cost=30862.03..30905.37 rows=8668 width=121)
	  ->  Sort  (cost=30862.03..30883.70 rows=8668 width=121)
	        Sort Key: c
	        ->  Bitmap Heap Scan on sbtest8  (cost=241.28..30295.08 rows=8668 width=121)
	              Recheck Cond: ((id >= 4244626) AND (id <= 4254625))
	              ->  Bitmap Index Scan on sbtest8_pkey  (cost=0.00..239.12 rows=8668 width=0)
	                    Index Cond: ((id >= 4244626) AND (id <= 4254625))

for: distinct_ranges
table 1 : explain SELECT DISTINCT c FROM sbtest1 WHERE id BETWEEN 8755052 AND 8765051 ORDER BY c
	Unique  (cost=36382.77..36434.56 rows=10357 width=121)
	  ->  Sort  (cost=36382.77..36408.67 rows=10357 width=121)
	        Sort Key: c
	        ->  Bitmap Heap Scan on sbtest1  (cost=290.59..35692.05 rows=10357 width=121)
	              Recheck Cond: ((id >= 8755052) AND (id <= 8765051))
	              ->  Bitmap Index Scan on sbtest1_pkey  (cost=0.00..288.00 rows=10357 width=0)
	                    Index Cond: ((id >= 8755052) AND (id <= 8765051))

table 2 : explain SELECT DISTINCT c FROM sbtest2 WHERE id BETWEEN 9305565 AND 9315564 ORDER BY c
	Unique  (cost=37932.10..37986.40 rows=10859 width=121)
	  ->  Sort  (cost=37932.10..37959.25 rows=10859 width=121)
	        Sort Key: c
	        ->  Bitmap Heap Scan on sbtest2  (cost=303.74..37204.19 rows=10859 width=121)
	              Recheck Cond: ((id >= 9305565) AND (id <= 9315564))
	              ->  Bitmap Index Scan on sbtest2_pkey  (cost=0.00..301.03 rows=10859 width=0)
	                    Index Cond: ((id >= 9305565) AND (id <= 9315564))

table 3 : explain SELECT DISTINCT c FROM sbtest3 WHERE id BETWEEN 2875037 AND 2885036 ORDER BY c
	Unique  (cost=34031.17..34079.03 rows=9572 width=121)
	  ->  Sort  (cost=34031.17..34055.10 rows=9572 width=121)
	        Sort Key: c
	        ->  Bitmap Heap Scan on sbtest3  (cost=274.55..33398.24 rows=9572 width=121)
	              Recheck Cond: ((id >= 2875037) AND (id <= 2885036))
	              ->  Bitmap Index Scan on sbtest3_pkey  (cost=0.00..272.16 rows=9572 width=0)
	                    Index Cond: ((id >= 2875037) AND (id <= 2885036))

table 4 : explain SELECT DISTINCT c FROM sbtest4 WHERE id BETWEEN 7866623 AND 7876622 ORDER BY c
	Unique  (cost=35371.39..35421.40 rows=10001 width=121)
	  ->  Sort  (cost=35371.39..35396.39 rows=10001 width=121)
	        Sort Key: c
	        ->  Bitmap Heap Scan on sbtest4  (cost=274.95..34706.93 rows=10001 width=121)
	              Recheck Cond: ((id >= 7866623) AND (id <= 7876622))
	              ->  Bitmap Index Scan on sbtest4_pkey  (cost=0.00..272.44 rows=10001 width=0)
	                    Index Cond: ((id >= 7866623) AND (id <= 7876622))

table 5 : explain SELECT DISTINCT c FROM sbtest5 WHERE id BETWEEN 5467552 AND 5477551 ORDER BY c
	Unique  (cost=33059.49..33106.18 rows=9338 width=121)
	  ->  Sort  (cost=33059.49..33082.83 rows=9338 width=121)
	        Sort Key: c
	        ->  Bitmap Heap Scan on sbtest5  (cost=252.15..32443.70 rows=9338 width=121)
	              Recheck Cond: ((id >= 5467552) AND (id <= 5477551))
	              ->  Bitmap Index Scan on sbtest5_pkey  (cost=0.00..249.81 rows=9338 width=0)
	                    Index Cond: ((id >= 5467552) AND (id <= 5477551))

table 6 : explain SELECT DISTINCT c FROM sbtest6 WHERE id BETWEEN 620345 AND 630344 ORDER BY c
	Unique  (cost=36419.12..36470.91 rows=10359 width=121)
	  ->  Sort  (cost=36419.12..36445.01 rows=10359 width=121)
	        Sort Key: c
	        ->  Bitmap Heap Scan on sbtest6  (cost=286.61..35728.24 rows=10359 width=121)
	              Recheck Cond: ((id >= 620345) AND (id <= 630344))
	              ->  Bitmap Index Scan on sbtest6_pkey  (cost=0.00..284.03 rows=10359 width=0)
	                    Index Cond: ((id >= 620345) AND (id <= 630344))

table 7 : explain SELECT DISTINCT c FROM sbtest7 WHERE id BETWEEN 3395294 AND 3405293 ORDER BY c
	Unique  (cost=32468.50..32513.96 rows=9091 width=121)
	  ->  Sort  (cost=32468.50..32491.23 rows=9091 width=121)
	        Sort Key: c
	        ->  Bitmap Heap Scan on sbtest7  (cost=261.62..31870.76 rows=9091 width=121)
	              Recheck Cond: ((id >= 3395294) AND (id <= 3405293))
	              ->  Bitmap Index Scan on sbtest7_pkey  (cost=0.00..259.34 rows=9091 width=0)
	                    Index Cond: ((id >= 3395294) AND (id <= 3405293))

table 8 : explain SELECT DISTINCT c FROM sbtest8 WHERE id BETWEEN 3811853 AND 3821852 ORDER BY c
	Unique  (cost=36058.35..36109.72 rows=10273 width=121)
	  ->  Sort  (cost=36058.35..36084.04 rows=10273 width=121)
	        Sort Key: c
	        ->  Bitmap Heap Scan on sbtest8  (cost=285.73..35373.84 rows=10273 width=121)
	              Recheck Cond: ((id >= 3811853) AND (id <= 3821852))
	              ->  Bitmap Index Scan on sbtest8_pkey  (cost=0.00..283.17 rows=10273 width=0)
	                    Index Cond: ((id >= 3811853) AND (id <= 3821852))

for point_selects
table 1 : explain SELECT c FROM sbtest1 WHERE id=9225741
	Index Scan using sbtest1_pkey on sbtest1  (cost=0.43..8.45 rows=1 width=121)
	  Index Cond: (id = 9225741)

table 2 : explain SELECT c FROM sbtest2 WHERE id=1886363
	Index Scan using sbtest2_pkey on sbtest2  (cost=0.43..8.45 rows=1 width=121)
	  Index Cond: (id = 1886363)

table 3 : explain SELECT c FROM sbtest3 WHERE id=6587059
	Index Scan using sbtest3_pkey on sbtest3  (cost=0.43..8.45 rows=1 width=121)
	  Index Cond: (id = 6587059)

table 4 : explain SELECT c FROM sbtest4 WHERE id=5668505
	Index Scan using sbtest4_pkey on sbtest4  (cost=0.43..8.45 rows=1 width=121)
	  Index Cond: (id = 5668505)

table 5 : explain SELECT c FROM sbtest5 WHERE id=7481393
	Index Scan using sbtest5_pkey on sbtest5  (cost=0.43..8.45 rows=1 width=121)
	  Index Cond: (id = 7481393)

table 6 : explain SELECT c FROM sbtest6 WHERE id=3930445
	Index Scan using sbtest6_pkey on sbtest6  (cost=0.43..8.45 rows=1 width=121)
	  Index Cond: (id = 3930445)

table 7 : explain SELECT c FROM sbtest7 WHERE id=638279
	Index Scan using sbtest7_pkey on sbtest7  (cost=0.43..8.45 rows=1 width=121)
	  Index Cond: (id = 638279)

table 8 : explain SELECT c FROM sbtest8 WHERE id=1739125
	Index Scan using sbtest8_pkey on sbtest8  (cost=0.43..8.45 rows=1 width=121)
	  Index Cond: (id = 1739125)

for: sum_ranges
table 1 : explain SELECT SUM(k) FROM sbtest1 WHERE id BETWEEN 2523020 AND 2533019
	Aggregate  (cost=34075.97..34075.98 rows=1 width=8)
	  ->  Bitmap Heap Scan on sbtest1  (cost=273.24..34051.38 rows=9835 width=4)
	        Recheck Cond: ((id >= 2523020) AND (id <= 2533019))
	        ->  Bitmap Index Scan on sbtest1_pkey  (cost=0.00..270.79 rows=9835 width=0)
	              Index Cond: ((id >= 2523020) AND (id <= 2533019))

table 2 : explain SELECT SUM(k) FROM sbtest2 WHERE id BETWEEN 994753 AND 1004752
	Aggregate  (cost=31423.76..31423.77 rows=1 width=8)
	  ->  Bitmap Heap Scan on sbtest2  (cost=252.81..31401.23 rows=9012 width=4)
	        Recheck Cond: ((id >= 994753) AND (id <= 1004752))
	        ->  Bitmap Index Scan on sbtest2_pkey  (cost=0.00..250.56 rows=9012 width=0)
	              Index Cond: ((id >= 994753) AND (id <= 1004752))

table 3 : explain SELECT SUM(k) FROM sbtest3 WHERE id BETWEEN 7137303 AND 7147302
	Aggregate  (cost=36851.48..36851.49 rows=1 width=8)
	  ->  Bitmap Heap Scan on sbtest3  (cost=305.63..36824.85 rows=10653 width=4)
	        Recheck Cond: ((id >= 7137303) AND (id <= 7147302))
	        ->  Bitmap Index Scan on sbtest3_pkey  (cost=0.00..302.96 rows=10653 width=0)
	              Index Cond: ((id >= 7137303) AND (id <= 7147302))

table 4 : explain SELECT SUM(k) FROM sbtest4 WHERE id BETWEEN 8154144 AND 8164143
	Aggregate  (cost=34048.08..34048.09 rows=1 width=8)
	  ->  Bitmap Heap Scan on sbtest4  (cost=268.73..34023.62 rows=9785 width=4)
	        Recheck Cond: ((id >= 8154144) AND (id <= 8164143))
	        ->  Bitmap Index Scan on sbtest4_pkey  (cost=0.00..266.29 rows=9785 width=0)
	              Index Cond: ((id >= 8154144) AND (id <= 8164143))

table 5 : explain SELECT SUM(k) FROM sbtest5 WHERE id BETWEEN 6732030 AND 6742029
	Aggregate  (cost=33267.10..33267.11 rows=1 width=8)
	  ->  Bitmap Heap Scan on sbtest5  (cost=258.73..33243.12 rows=9590 width=4)
	        Recheck Cond: ((id >= 6732030) AND (id <= 6742029))
	        ->  Bitmap Index Scan on sbtest5_pkey  (cost=0.00..256.34 rows=9590 width=0)
	              Index Cond: ((id >= 6732030) AND (id <= 6742029))

table 6 : explain SELECT SUM(k) FROM sbtest6 WHERE id BETWEEN 1312590 AND 1322589
	Aggregate  (cost=32783.55..32783.56 rows=1 width=8)
	  ->  Bitmap Heap Scan on sbtest6  (cost=260.97..32760.00 rows=9418 width=4)
	        Recheck Cond: ((id >= 1312590) AND (id <= 1322589))
	        ->  Bitmap Index Scan on sbtest6_pkey  (cost=0.00..258.62 rows=9418 width=0)
	              Index Cond: ((id >= 1312590) AND (id <= 1322589))

table 7 : explain SELECT SUM(k) FROM sbtest7 WHERE id BETWEEN 184615 AND 194614
	Aggregate  (cost=34608.00..34608.01 rows=1 width=8)
	  ->  Bitmap Heap Scan on sbtest7  (cost=286.31..34583.15 rows=9939 width=4)
	        Recheck Cond: ((id >= 184615) AND (id <= 194614))
	        ->  Bitmap Index Scan on sbtest7_pkey  (cost=0.00..283.82 rows=9939 width=0)
	              Index Cond: ((id >= 184615) AND (id <= 194614))

table 8 : explain SELECT SUM(k) FROM sbtest8 WHERE id BETWEEN 2928 AND 12927
	Aggregate  (cost=32741.29..32741.30 rows=1 width=8)
	  ->  Bitmap Heap Scan on sbtest8  (cost=265.06..32717.72 rows=9427 width=4)
	        Recheck Cond: ((id >= 2928) AND (id <= 12927))
	        ->  Bitmap Index Scan on sbtest8_pkey  (cost=0.00..262.70 rows=9427 width=0)
	              Index Cond: ((id >= 2928) AND (id <= 12927))

for: simple_ranges
table 1 : explain SELECT c FROM sbtest1 WHERE id BETWEEN 3565417 AND 3575416
	Bitmap Heap Scan on sbtest1  (cost=279.03..34598.35 rows=10009 width=121)
	  Recheck Cond: ((id >= 3565417) AND (id <= 3575416))
	  ->  Bitmap Index Scan on sbtest1_pkey  (cost=0.00..276.53 rows=10009 width=0)
	        Index Cond: ((id >= 3565417) AND (id <= 3575416))

table 2 : explain SELECT c FROM sbtest2 WHERE id BETWEEN 2693506 AND 2703505
	Bitmap Heap Scan on sbtest2  (cost=265.77..32938.11 rows=9496 width=121)
	  Recheck Cond: ((id >= 2693506) AND (id <= 2703505))
	  ->  Bitmap Index Scan on sbtest2_pkey  (cost=0.00..263.40 rows=9496 width=0)
	        Index Cond: ((id >= 2693506) AND (id <= 2703505))

table 3 : explain SELECT c FROM sbtest3 WHERE id BETWEEN 9771860 AND 9781859
	Bitmap Heap Scan on sbtest3  (cost=311.98..37541.16 rows=10882 width=121)
	  Recheck Cond: ((id >= 9771860) AND (id <= 9781859))
	  ->  Bitmap Index Scan on sbtest3_pkey  (cost=0.00..309.25 rows=10882 width=0)
	        Index Cond: ((id >= 9771860) AND (id <= 9781859))

table 4 : explain SELECT c FROM sbtest4 WHERE id BETWEEN 4371624 AND 4381623
	Bitmap Heap Scan on sbtest4  (cost=256.41..32677.93 rows=9363 width=121)
	  Recheck Cond: ((id >= 4371624) AND (id <= 4381623))
	  ->  Bitmap Index Scan on sbtest4_pkey  (cost=0.00..254.06 rows=9363 width=0)
	        Index Cond: ((id >= 4371624) AND (id <= 4381623))

table 5 : explain SELECT c FROM sbtest5 WHERE id BETWEEN 4645931 AND 4655930
	Bitmap Heap Scan on sbtest5  (cost=269.71..34160.38 rows=9880 width=121)
	  Recheck Cond: ((id >= 4645931) AND (id <= 4655930))
	  ->  Bitmap Index Scan on sbtest5_pkey  (cost=0.00..267.24 rows=9880 width=0)
	        Index Cond: ((id >= 4645931) AND (id <= 4655930))

table 6 : explain SELECT c FROM sbtest6 WHERE id BETWEEN 2435316 AND 2445315
	Bitmap Heap Scan on sbtest6  (cost=272.84..33956.85 rows=9796 width=121)
	  Recheck Cond: ((id >= 2435316) AND (id <= 2445315))
	  ->  Bitmap Index Scan on sbtest6_pkey  (cost=0.00..270.40 rows=9796 width=0)
	        Index Cond: ((id >= 2435316) AND (id <= 2445315))

table 7 : explain SELECT c FROM sbtest7 WHERE id BETWEEN 4168724 AND 4178723
	Bitmap Heap Scan on sbtest7  (cost=266.96..32292.14 rows=9222 width=121)
	  Recheck Cond: ((id >= 4168724) AND (id <= 4178723))
	  ->  Bitmap Index Scan on sbtest7_pkey  (cost=0.00..264.66 rows=9222 width=0)
	        Index Cond: ((id >= 4168724) AND (id <= 4178723))

table 8 : explain SELECT c FROM sbtest8 WHERE id BETWEEN 3071712 AND 3081711
	Bitmap Heap Scan on sbtest8  (cost=291.86..36019.39 rows=10480 width=121)
	  Recheck Cond: ((id >= 3071712) AND (id <= 3081711))
	  ->  Bitmap Index Scan on sbtest8_pkey  (cost=0.00..289.24 rows=10480 width=0)
	        Index Cond: ((id >= 3071712) AND (id <= 3081711))

for: order_ranges
table 1 : explain SELECT c FROM sbtest1 WHERE id BETWEEN 1626231 AND 1636230 ORDER BY c
	Sort  (cost=34703.63..34728.21 rows=9835 width=121)
	  Sort Key: c
	  ->  Bitmap Heap Scan on sbtest1  (cost=273.24..34051.38 rows=9835 width=121)
	        Recheck Cond: ((id >= 1626231) AND (id <= 1636230))
	        ->  Bitmap Index Scan on sbtest1_pkey  (cost=0.00..270.79 rows=9835 width=0)
	              Index Cond: ((id >= 1626231) AND (id <= 1636230))

table 2 : explain SELECT c FROM sbtest2 WHERE id BETWEEN 6678133 AND 6688132 ORDER BY c
	Sort  (cost=33658.39..33682.20 rows=9525 width=121)
	  Sort Key: c
	  ->  Bitmap Heap Scan on sbtest2  (cost=266.07..33028.91 rows=9525 width=121)
	        Recheck Cond: ((id >= 6678133) AND (id <= 6688132))
	        ->  Bitmap Index Scan on sbtest2_pkey  (cost=0.00..263.69 rows=9525 width=0)
	              Index Cond: ((id >= 6678133) AND (id <= 6688132))

table 3 : explain SELECT c FROM sbtest3 WHERE id BETWEEN 7550085 AND 7560084 ORDER BY c
	Sort  (cost=32494.39..32517.14 rows=9103 width=121)
	  Sort Key: c
	  ->  Bitmap Heap Scan on sbtest3  (cost=261.74..31895.77 rows=9103 width=121)
	        Recheck Cond: ((id >= 7550085) AND (id <= 7560084))
	        ->  Bitmap Index Scan on sbtest3_pkey  (cost=0.00..259.46 rows=9103 width=0)
	              Index Cond: ((id >= 7550085) AND (id <= 7560084))

table 4 : explain SELECT c FROM sbtest4 WHERE id BETWEEN 203588 AND 213587 ORDER BY c
	Sort  (cost=33151.65..33174.95 rows=9319 width=121)
	  Sort Key: c
	  ->  Bitmap Heap Scan on sbtest4  (cost=255.95..32537.25 rows=9319 width=121)
	        Recheck Cond: ((id >= 203588) AND (id <= 213587))
	        ->  Bitmap Index Scan on sbtest4_pkey  (cost=0.00..253.62 rows=9319 width=0)
	              Index Cond: ((id >= 203588) AND (id <= 213587))

table 5 : explain SELECT c FROM sbtest5 WHERE id BETWEEN 4701763 AND 4711762 ORDER BY c
	Sort  (cost=34815.93..34840.63 rows=9880 width=121)
	  Sort Key: c
	  ->  Bitmap Heap Scan on sbtest5  (cost=269.71..34160.38 rows=9880 width=121)
	        Recheck Cond: ((id >= 4701763) AND (id <= 4711762))
	        ->  Bitmap Index Scan on sbtest5_pkey  (cost=0.00..267.24 rows=9880 width=0)
	              Index Cond: ((id >= 4701763) AND (id <= 4711762))

table 6 : explain SELECT c FROM sbtest6 WHERE id BETWEEN 3926543 AND 3936542 ORDER BY c
	Sort  (cost=35206.48..35231.43 rows=9981 width=121)
	  Sort Key: c
	  ->  Bitmap Heap Scan on sbtest6  (cost=278.74..34543.50 rows=9981 width=121)
	        Recheck Cond: ((id >= 3926543) AND (id <= 3936542))
	        ->  Bitmap Index Scan on sbtest6_pkey  (cost=0.00..276.25 rows=9981 width=0)
	              Index Cond: ((id >= 3926543) AND (id <= 3936542))

table 7 : explain SELECT c FROM sbtest7 WHERE id BETWEEN 6956285 AND 6966284 ORDER BY c
	Sort  (cost=36135.92..36161.46 rows=10213 width=121)
	  Sort Key: c
	  ->  Bitmap Heap Scan on sbtest7  (cost=297.12..35455.83 rows=10213 width=121)
	        Recheck Cond: ((id >= 6956285) AND (id <= 6966284))
	        ->  Bitmap Index Scan on sbtest7_pkey  (cost=0.00..294.56 rows=10213 width=0)
	              Index Cond: ((id >= 6956285) AND (id <= 6966284))

table 8 : explain SELECT c FROM sbtest8 WHERE id BETWEEN 407613 AND 417612 ORDER BY c
	Sort  (cost=36410.61..36436.57 rows=10382 width=121)
	  Sort Key: c
	  ->  Bitmap Heap Scan on sbtest8  (cost=290.85..35718.04 rows=10382 width=121)
	        Recheck Cond: ((id >= 407613) AND (id <= 417612))
	        ->  Bitmap Index Scan on sbtest8_pkey  (cost=0.00..288.25 rows=10382 width=0)
	              Index Cond: ((id >= 407613) AND (id <= 417612))

for: simple_ranges
table 1 : explain SELECT c FROM sbtest1 WHERE id BETWEEN 5774689 AND 5784688
	Bitmap Heap Scan on sbtest1  (cost=296.95..36411.98 rows=10587 width=121)
	  Recheck Cond: ((id >= 5774689) AND (id <= 5784688))
	  ->  Bitmap Index Scan on sbtest1_pkey  (cost=0.00..294.31 rows=10587 width=0)
	        Index Cond: ((id >= 5774689) AND (id <= 5784688))

table 2 : explain SELECT c FROM sbtest2 WHERE id BETWEEN 7961682 AND 7971681
	Bitmap Heap Scan on sbtest2  (cost=291.17..35817.74 rows=10413 width=121)
	  Recheck Cond: ((id >= 7961682) AND (id <= 7971681))
	  ->  Bitmap Index Scan on sbtest2_pkey  (cost=0.00..288.56 rows=10413 width=0)
	        Index Cond: ((id >= 7961682) AND (id <= 7971681))

table 3 : explain SELECT c FROM sbtest3 WHERE id BETWEEN 6230294 AND 6240293
	Bitmap Heap Scan on sbtest3  (cost=262.62..32168.43 rows=9189 width=121)
	  Recheck Cond: ((id >= 6230294) AND (id <= 6240293))
	  ->  Bitmap Index Scan on sbtest3_pkey  (cost=0.00..260.32 rows=9189 width=0)
	        Index Cond: ((id >= 6230294) AND (id <= 6240293))

table 4 : explain SELECT c FROM sbtest4 WHERE id BETWEEN 4565717 AND 4575716
	Bitmap Heap Scan on sbtest4  (cost=300.82..37734.61 rows=10964 width=121)
	  Recheck Cond: ((id >= 4565717) AND (id <= 4575716))
	  ->  Bitmap Index Scan on sbtest4_pkey  (cost=0.00..298.07 rows=10964 width=0)
	        Index Cond: ((id >= 4565717) AND (id <= 4575716))

table 5 : explain SELECT c FROM sbtest5 WHERE id BETWEEN 2953169 AND 2963168
	Bitmap Heap Scan on sbtest5  (cost=282.82..35723.76 rows=10379 width=121)
	  Recheck Cond: ((id >= 2953169) AND (id <= 2963168))
	  ->  Bitmap Index Scan on sbtest5_pkey  (cost=0.00..280.23 rows=10379 width=0)
	        Index Cond: ((id >= 2953169) AND (id <= 2963168))

table 6 : explain SELECT c FROM sbtest6 WHERE id BETWEEN 143752 AND 153751
	Bitmap Heap Scan on sbtest6  (cost=253.08..31551.84 rows=9039 width=121)
	  Recheck Cond: ((id >= 143752) AND (id <= 153751))
	  ->  Bitmap Index Scan on sbtest6_pkey  (cost=0.00..250.82 rows=9039 width=0)
	        Index Cond: ((id >= 143752) AND (id <= 153751))

table 7 : explain SELECT c FROM sbtest7 WHERE id BETWEEN 9174151 AND 9184150
	Bitmap Heap Scan on sbtest7  (cost=273.97..33233.63 rows=9516 width=121)
	  Recheck Cond: ((id >= 9174151) AND (id <= 9184150))
	  ->  Bitmap Index Scan on sbtest7_pkey  (cost=0.00..271.59 rows=9516 width=0)
	        Index Cond: ((id >= 9174151) AND (id <= 9184150))

table 8 : explain SELECT c FROM sbtest8 WHERE id BETWEEN 4218968 AND 4228967
	Bitmap Heap Scan on sbtest8  (cost=241.28..30295.08 rows=8668 width=121)
	  Recheck Cond: ((id >= 4218968) AND (id <= 4228967))
	  ->  Bitmap Index Scan on sbtest8_pkey  (cost=0.00..239.12 rows=8668 width=0)
	        Index Cond: ((id >= 4218968) AND (id <= 4228967))

explain: for point_selects :: explain SELECT c FROM sbtest%u WHERE id=%u
for: simple_ranges
table 1 : explain SELECT c FROM sbtest1 WHERE id BETWEEN 7418938 AND 7428937
	Bitmap Heap Scan on sbtest1  (cost=279.13..34630.62 rows=10019 width=121)
	  Recheck Cond: ((id >= 7418938) AND (id <= 7428937))
	  ->  Bitmap Index Scan on sbtest1_pkey  (cost=0.00..276.62 rows=10019 width=0)
	        Index Cond: ((id >= 7418938) AND (id <= 7428937))

table 2 : explain SELECT c FROM sbtest2 WHERE id BETWEEN 1477777 AND 1487776
	Bitmap Heap Scan on sbtest2  (cost=266.06..33025.66 rows=9524 width=121)
	  Recheck Cond: ((id >= 1477777) AND (id <= 1487776))
	  ->  Bitmap Index Scan on sbtest2_pkey  (cost=0.00..263.68 rows=9524 width=0)
	        Index Cond: ((id >= 1477777) AND (id <= 1487776))

table 3 : explain SELECT c FROM sbtest3 WHERE id BETWEEN 1749112 AND 1759111
	Bitmap Heap Scan on sbtest3  (cost=285.75..34394.65 rows=9884 width=121)
	  Recheck Cond: ((id >= 1749112) AND (id <= 1759111))
	  ->  Bitmap Index Scan on sbtest3_pkey  (cost=0.00..283.28 rows=9884 width=0)
	        Index Cond: ((id >= 1749112) AND (id <= 1759111))

table 4 : explain SELECT c FROM sbtest4 WHERE id BETWEEN 9487537 AND 9497536
	Bitmap Heap Scan on sbtest4  (cost=256.00..32550.34 rows=9323 width=121)
	  Recheck Cond: ((id >= 9487537) AND (id <= 9497536))
	  ->  Bitmap Index Scan on sbtest4_pkey  (cost=0.00..253.67 rows=9323 width=0)
	        Index Cond: ((id >= 9487537) AND (id <= 9497536))

table 5 : explain SELECT c FROM sbtest5 WHERE id BETWEEN 502955 AND 512954
	Bitmap Heap Scan on sbtest5  (cost=289.34..36490.74 rows=10625 width=121)
	  Recheck Cond: ((id >= 502955) AND (id <= 512954))
	  ->  Bitmap Index Scan on sbtest5_pkey  (cost=0.00..286.69 rows=10625 width=0)
	        Index Cond: ((id >= 502955) AND (id <= 512954))

table 6 : explain SELECT c FROM sbtest6 WHERE id BETWEEN 7397833 AND 7407832
	Bitmap Heap Scan on sbtest6  (cost=279.95..34911.85 rows=10099 width=121)
	  Recheck Cond: ((id >= 7397833) AND (id <= 7407832))
	  ->  Bitmap Index Scan on sbtest6_pkey  (cost=0.00..277.43 rows=10099 width=0)
	        Index Cond: ((id >= 7397833) AND (id <= 7407832))

table 7 : explain SELECT c FROM sbtest7 WHERE id BETWEEN 5614265 AND 5624264
	Bitmap Heap Scan on sbtest7  (cost=298.28..35812.60 rows=10326 width=121)
	  Recheck Cond: ((id >= 5614265) AND (id <= 5624264))
	  ->  Bitmap Index Scan on sbtest7_pkey  (cost=0.00..295.69 rows=10326 width=0)
	        Index Cond: ((id >= 5614265) AND (id <= 5624264))

table 8 : explain SELECT c FROM sbtest8 WHERE id BETWEEN 1600581 AND 1610580
	Bitmap Heap Scan on sbtest8  (cost=265.13..32737.22 rows=9434 width=121)
	  Recheck Cond: ((id >= 1600581) AND (id <= 1610580))
	  ->  Bitmap Index Scan on sbtest8_pkey  (cost=0.00..262.78 rows=9434 width=0)
	        Index Cond: ((id >= 1600581) AND (id <= 1610580))

explain: for point_selects :: explain SELECT c FROM sbtest%u WHERE id=%u
for point_selects
table 1 : explain SELECT c FROM sbtest1 WHERE id=8690606
	Index Scan using sbtest1_pkey on sbtest1  (cost=0.43..8.45 rows=1 width=121)
	  Index Cond: (id = 8690606)

table 2 : explain SELECT c FROM sbtest2 WHERE id=5922848
	Index Scan using sbtest2_pkey on sbtest2  (cost=0.43..8.45 rows=1 width=121)
	  Index Cond: (id = 5922848)

table 3 : explain SELECT c FROM sbtest3 WHERE id=6826840
	Index Scan using sbtest3_pkey on sbtest3  (cost=0.43..8.45 rows=1 width=121)
	  Index Cond: (id = 6826840)

table 4 : explain SELECT c FROM sbtest4 WHERE id=3364116
	Index Scan using sbtest4_pkey on sbtest4  (cost=0.43..8.45 rows=1 width=121)
	  Index Cond: (id = 3364116)

table 5 : explain SELECT c FROM sbtest5 WHERE id=6239793
	Index Scan using sbtest5_pkey on sbtest5  (cost=0.43..8.45 rows=1 width=121)
	  Index Cond: (id = 6239793)

table 6 : explain SELECT c FROM sbtest6 WHERE id=6357311
	Index Scan using sbtest6_pkey on sbtest6  (cost=0.43..8.45 rows=1 width=121)
	  Index Cond: (id = 6357311)

table 7 : explain SELECT c FROM sbtest7 WHERE id=2271904
	Index Scan using sbtest7_pkey on sbtest7  (cost=0.43..8.45 rows=1 width=121)
	  Index Cond: (id = 2271904)

table 8 : explain SELECT c FROM sbtest8 WHERE id=4115775
	Index Scan using sbtest8_pkey on sbtest8  (cost=0.43..8.45 rows=1 width=121)
	  Index Cond: (id = 4115775)

for: order_ranges
table 1 : explain SELECT c FROM sbtest1 WHERE id BETWEEN 4293585 AND 4303584 ORDER BY c
	Sort  (cost=34992.26..35017.07 rows=9924 width=121)
	  Sort Key: c
	  ->  Bitmap Heap Scan on sbtest1  (cost=278.16..34333.47 rows=9924 width=121)
	        Recheck Cond: ((id >= 4293585) AND (id <= 4303584))
	        ->  Bitmap Index Scan on sbtest1_pkey  (cost=0.00..275.68 rows=9924 width=0)
	              Index Cond: ((id >= 4293585) AND (id <= 4303584))

table 2 : explain SELECT c FROM sbtest2 WHERE id BETWEEN 9423633 AND 9433632 ORDER BY c
	Sort  (cost=36932.50..36958.87 rows=10545 width=121)
	  Sort Key: c
	  ->  Bitmap Heap Scan on sbtest2  (cost=292.52..36227.87 rows=10545 width=121)
	        Recheck Cond: ((id >= 9423633) AND (id <= 9433632))
	        ->  Bitmap Index Scan on sbtest2_pkey  (cost=0.00..289.88 rows=10545 width=0)
	              Index Cond: ((id >= 9423633) AND (id <= 9433632))

table 3 : explain SELECT c FROM sbtest3 WHERE id BETWEEN 5622994 AND 5632993 ORDER BY c
	Sort  (cost=36221.66..36247.27 rows=10246 width=121)
	  Sort Key: c
	  ->  Bitmap Heap Scan on sbtest3  (cost=293.46..35539.13 rows=10246 width=121)
	        Recheck Cond: ((id >= 5622994) AND (id <= 5632993))
	        ->  Bitmap Index Scan on sbtest3_pkey  (cost=0.00..290.90 rows=10246 width=0)
	              Index Cond: ((id >= 5622994) AND (id <= 5632993))

table 4 : explain SELECT c FROM sbtest4 WHERE id BETWEEN 4475394 AND 4485393 ORDER BY c
	Sort  (cost=36513.21..36539.10 rows=10353 width=121)
	  Sort Key: c
	  ->  Bitmap Heap Scan on sbtest4  (cost=286.55..35822.78 rows=10353 width=121)
	        Recheck Cond: ((id >= 4475394) AND (id <= 4485393))
	        ->  Bitmap Index Scan on sbtest4_pkey  (cost=0.00..283.96 rows=10353 width=0)
	              Index Cond: ((id >= 4475394) AND (id <= 4485393))

table 5 : explain SELECT c FROM sbtest5 WHERE id BETWEEN 4423543 AND 4433542 ORDER BY c
	Sort  (cost=34282.48..34306.77 rows=9715 width=121)
	  Sort Key: c
	  ->  Bitmap Heap Scan on sbtest5  (cost=264.01..33639.06 rows=9715 width=121)
	        Recheck Cond: ((id >= 4423543) AND (id <= 4433542))
	        ->  Bitmap Index Scan on sbtest5_pkey  (cost=0.00..261.58 rows=9715 width=0)
	              Index Cond: ((id >= 4423543) AND (id <= 4433542))

table 6 : explain SELECT c FROM sbtest6 WHERE id BETWEEN 9023060 AND 9033059 ORDER BY c
	Sort  (cost=37048.47..37074.85 rows=10555 width=121)
	  Sort Key: c
	  ->  Bitmap Heap Scan on sbtest6  (cost=292.62..36343.10 rows=10555 width=121)
	        Recheck Cond: ((id >= 9023060) AND (id <= 9033059))
	        ->  Bitmap Index Scan on sbtest6_pkey  (cost=0.00..289.99 rows=10555 width=0)
	              Index Cond: ((id >= 9023060) AND (id <= 9033059))

table 7 : explain SELECT c FROM sbtest7 WHERE id BETWEEN 4666049 AND 4676048 ORDER BY c
	Sort  (cost=36052.17..36077.64 rows=10188 width=121)
	  Sort Key: c
	  ->  Bitmap Heap Scan on sbtest7  (cost=292.86..35373.92 rows=10188 width=121)
	        Recheck Cond: ((id >= 4666049) AND (id <= 4676048))
	        ->  Bitmap Index Scan on sbtest7_pkey  (cost=0.00..290.31 rows=10188 width=0)
	              Index Cond: ((id >= 4666049) AND (id <= 4676048))

table 8 : explain SELECT c FROM sbtest8 WHERE id BETWEEN 9451241 AND 9461240 ORDER BY c
	Sort  (cost=32641.11..32664.14 rows=9212 width=121)
	  Sort Key: c
	  ->  Bitmap Heap Scan on sbtest8  (cost=258.86..32034.53 rows=9212 width=121)
	        Recheck Cond: ((id >= 9451241) AND (id <= 9461240))
	        ->  Bitmap Index Scan on sbtest8_pkey  (cost=0.00..256.56 rows=9212 width=0)
	              Index Cond: ((id >= 9451241) AND (id <= 9461240))

for: distinct_ranges
table 1 : explain SELECT DISTINCT c FROM sbtest1 WHERE id BETWEEN 6618266 AND 6628265 ORDER BY c
	Unique  (cost=37611.69..37665.40 rows=10742 width=121)
	  ->  Sort  (cost=37611.69..37638.54 rows=10742 width=121)
	        Sort Key: c
	        ->  Bitmap Heap Scan on sbtest1  (cost=298.54..36892.46 rows=10742 width=121)
	              Recheck Cond: ((id >= 6618266) AND (id <= 6628265))
	              ->  Bitmap Index Scan on sbtest1_pkey  (cost=0.00..295.86 rows=10742 width=0)
	                    Index Cond: ((id >= 6618266) AND (id <= 6628265))

table 2 : explain SELECT DISTINCT c FROM sbtest2 WHERE id BETWEEN 7585575 AND 7595574 ORDER BY c
	Unique  (cost=32923.53..32970.02 rows=9298 width=121)
	  ->  Sort  (cost=32923.53..32946.78 rows=9298 width=121)
	        Sort Key: c
	        ->  Bitmap Heap Scan on sbtest2  (cost=259.74..32310.67 rows=9298 width=121)
	              Recheck Cond: ((id >= 7585575) AND (id <= 7595574))
	              ->  Bitmap Index Scan on sbtest2_pkey  (cost=0.00..257.42 rows=9298 width=0)
	                    Index Cond: ((id >= 7585575) AND (id <= 7595574))

table 3 : explain SELECT DISTINCT c FROM sbtest3 WHERE id BETWEEN 9937700 AND 9947699 ORDER BY c
	Unique  (cost=33159.90..33206.43 rows=9306 width=121)
	  ->  Sort  (cost=33159.90..33183.17 rows=9306 width=121)
	        Sort Key: c
	        ->  Bitmap Heap Scan on sbtest3  (cost=267.82..32546.45 rows=9306 width=121)
	              Recheck Cond: ((id >= 9937700) AND (id <= 9947699))
	              ->  Bitmap Index Scan on sbtest3_pkey  (cost=0.00..265.50 rows=9306 width=0)
	                    Index Cond: ((id >= 9937700) AND (id <= 9947699))

table 4 : explain SELECT DISTINCT c FROM sbtest4 WHERE id BETWEEN 5626349 AND 5636348 ORDER BY c
	Unique  (cost=39294.85..39350.96 rows=11222 width=121)
	  ->  Sort  (cost=39294.85..39322.90 rows=11222 width=121)
	        Sort Key: c
	        ->  Bitmap Heap Scan on sbtest4  (cost=307.46..38539.94 rows=11222 width=121)
	              Recheck Cond: ((id >= 5626349) AND (id <= 5636348))
	              ->  Bitmap Index Scan on sbtest4_pkey  (cost=0.00..304.66 rows=11222 width=0)
	                    Index Cond: ((id >= 5626349) AND (id <= 5636348))

table 5 : explain SELECT DISTINCT c FROM sbtest5 WHERE id BETWEEN 8106833 AND 8116832 ORDER BY c
	Unique  (cost=33747.99..33795.74 rows=9550 width=121)
	  ->  Sort  (cost=33747.99..33771.87 rows=9550 width=121)
	        Sort Key: c
	        ->  Bitmap Heap Scan on sbtest5  (cost=258.32..33116.67 rows=9550 width=121)
	              Recheck Cond: ((id >= 8106833) AND (id <= 8116832))
	              ->  Bitmap Index Scan on sbtest5_pkey  (cost=0.00..255.94 rows=9550 width=0)
	                    Index Cond: ((id >= 8106833) AND (id <= 8116832))

table 6 : explain SELECT DISTINCT c FROM sbtest6 WHERE id BETWEEN 3609868 AND 3619867 ORDER BY c
	Unique  (cost=36382.90..36434.64 rows=10348 width=121)
	  ->  Sort  (cost=36382.90..36408.77 rows=10348 width=121)
	        Sort Key: c
	        ->  Bitmap Heap Scan on sbtest6  (cost=286.50..35692.84 rows=10348 width=121)
	              Recheck Cond: ((id >= 3609868) AND (id <= 3619867))
	              ->  Bitmap Index Scan on sbtest6_pkey  (cost=0.00..283.92 rows=10348 width=0)
	                    Index Cond: ((id >= 3609868) AND (id <= 3619867))

table 7 : explain SELECT DISTINCT c FROM sbtest7 WHERE id BETWEEN 6150381 AND 6160380 ORDER BY c
	Unique  (cost=32973.37..33019.59 rows=9245 width=121)
	  ->  Sort  (cost=32973.37..32996.48 rows=9245 width=121)
	        Sort Key: c
	        ->  Bitmap Heap Scan on sbtest7  (cost=267.20..32364.38 rows=9245 width=121)
	              Recheck Cond: ((id >= 6150381) AND (id <= 6160380))
	              ->  Bitmap Index Scan on sbtest7_pkey  (cost=0.00..264.88 rows=9245 width=0)
	                    Index Cond: ((id >= 6150381) AND (id <= 6160380))

table 8 : explain SELECT DISTINCT c FROM sbtest8 WHERE id BETWEEN 6827635 AND 6837634 ORDER BY c
	Unique  (cost=33535.90..33583.34 rows=9488 width=121)
	  ->  Sort  (cost=33535.90..33559.62 rows=9488 width=121)
	        Sort Key: c
	        ->  Bitmap Heap Scan on sbtest8  (cost=265.69..32909.13 rows=9488 width=121)
	              Recheck Cond: ((id >= 6827635) AND (id <= 6837634))
	              ->  Bitmap Index Scan on sbtest8_pkey  (cost=0.00..263.31 rows=9488 width=0)
	                    Index Cond: ((id >= 6827635) AND (id <= 6837634))

for: sum_ranges
table 1 : explain SELECT SUM(k) FROM sbtest1 WHERE id BETWEEN 8823396 AND 8833395
	Aggregate  (cost=36338.17..36338.18 rows=1 width=8)
	  ->  Bitmap Heap Scan on sbtest1  (cost=292.63..36311.78 rows=10556 width=4)
	        Recheck Cond: ((id >= 8823396) AND (id <= 8833395))
	        ->  Bitmap Index Scan on sbtest1_pkey  (cost=0.00..290.00 rows=10556 width=0)
	              Index Cond: ((id >= 8823396) AND (id <= 8833395))

table 2 : explain SELECT SUM(k) FROM sbtest2 WHERE id BETWEEN 4363978 AND 4373977
	Aggregate  (cost=34021.72..34021.73 rows=1 width=8)
	  ->  Bitmap Heap Scan on sbtest2  (cost=273.21..33997.14 rows=9832 width=4)
	        Recheck Cond: ((id >= 4363978) AND (id <= 4373977))
	        ->  Bitmap Index Scan on sbtest2_pkey  (cost=0.00..270.75 rows=9832 width=0)
	              Index Cond: ((id >= 4363978) AND (id <= 4373977))

table 3 : explain SELECT SUM(k) FROM sbtest3 WHERE id BETWEEN 4074009 AND 4084008
	Aggregate  (cost=37900.74..37900.75 rows=1 width=8)
	  ->  Bitmap Heap Scan on sbtest3  (cost=317.05..37873.27 rows=10987 width=4)
	        Recheck Cond: ((id >= 4074009) AND (id <= 4084008))
	        ->  Bitmap Index Scan on sbtest3_pkey  (cost=0.00..314.31 rows=10987 width=0)
	              Index Cond: ((id >= 4074009) AND (id <= 4084008))

table 4 : explain SELECT SUM(k) FROM sbtest4 WHERE id BETWEEN 4901154 AND 4911153
	Aggregate  (cost=33039.03..33039.04 rows=1 width=8)
	  ->  Bitmap Heap Scan on sbtest4  (cost=261.48..33015.36 rows=9468 width=4)
	        Recheck Cond: ((id >= 4901154) AND (id <= 4911153))
	        ->  Bitmap Index Scan on sbtest4_pkey  (cost=0.00..259.12 rows=9468 width=0)
	              Index Cond: ((id >= 4901154) AND (id <= 4911153))

table 5 : explain SELECT SUM(k) FROM sbtest5 WHERE id BETWEEN 8638284 AND 8648283
	Aggregate  (cost=35942.42..35942.43 rows=1 width=8)
	  ->  Bitmap Heap Scan on sbtest5  (cost=283.46..35916.32 rows=10441 width=4)
	        Recheck Cond: ((id >= 8638284) AND (id <= 8648283))
	        ->  Bitmap Index Scan on sbtest5_pkey  (cost=0.00..280.84 rows=10441 width=0)
	              Index Cond: ((id >= 8638284) AND (id <= 8648283))

table 6 : explain SELECT SUM(k) FROM sbtest6 WHERE id BETWEEN 4081692 AND 4091691
	Aggregate  (cost=34438.22..34438.23 rows=1 width=8)
	  ->  Bitmap Heap Scan on sbtest6  (cost=274.33..34413.37 rows=9941 width=4)
	        Recheck Cond: ((id >= 4081692) AND (id <= 4091691))
	        ->  Bitmap Index Scan on sbtest6_pkey  (cost=0.00..271.84 rows=9941 width=0)
	              Index Cond: ((id >= 4081692) AND (id <= 4091691))

table 7 : explain SELECT SUM(k) FROM sbtest7 WHERE id BETWEEN 8286621 AND 8296620
	Aggregate  (cost=32617.38..32617.39 rows=1 width=8)
	  ->  Bitmap Heap Scan on sbtest7  (cost=267.93..32594.08 rows=9317 width=4)
	        Recheck Cond: ((id >= 8286621) AND (id <= 8296620))
	        ->  Bitmap Index Scan on sbtest7_pkey  (cost=0.00..265.61 rows=9317 width=0)
	              Index Cond: ((id >= 8286621) AND (id <= 8296620))

table 8 : explain SELECT SUM(k) FROM sbtest8 WHERE id BETWEEN 6128090 AND 6138089
	Aggregate  (cost=37020.08..37020.09 rows=1 width=8)
	  ->  Bitmap Heap Scan on sbtest8  (cost=303.05..36993.10 rows=10792 width=4)
	        Recheck Cond: ((id >= 6128090) AND (id <= 6138089))
	        ->  Bitmap Index Scan on sbtest8_pkey  (cost=0.00..300.36 rows=10792 width=0)
	              Index Cond: ((id >= 6128090) AND (id <= 6138089))

for: sum_ranges
table 1 : explain SELECT SUM(k) FROM sbtest1 WHERE id BETWEEN 1070953 AND 1080952
	Aggregate  (cost=35478.94..35478.95 rows=1 width=8)
	  ->  Bitmap Heap Scan on sbtest1  (cost=285.82..35453.24 rows=10281 width=4)
	        Recheck Cond: ((id >= 1070953) AND (id <= 1080952))
	        ->  Bitmap Index Scan on sbtest1_pkey  (cost=0.00..283.25 rows=10281 width=0)
	              Index Cond: ((id >= 1070953) AND (id <= 1080952))

table 2 : explain SELECT SUM(k) FROM sbtest2 WHERE id BETWEEN 6741910 AND 6751909
	Aggregate  (cost=33892.41..33892.42 rows=1 width=8)
	  ->  Bitmap Heap Scan on sbtest2  (cost=272.79..33867.93 rows=9791 width=4)
	        Recheck Cond: ((id >= 6741910) AND (id <= 6751909))
	        ->  Bitmap Index Scan on sbtest2_pkey  (cost=0.00..270.34 rows=9791 width=0)
	              Index Cond: ((id >= 6741910) AND (id <= 6751909))

table 3 : explain SELECT SUM(k) FROM sbtest3 WHERE id BETWEEN 2294995 AND 2304994
	Aggregate  (cost=34793.86..34793.87 rows=1 width=8)
	  ->  Bitmap Heap Scan on sbtest3  (cost=286.97..34768.86 rows=10003 width=4)
	        Recheck Cond: ((id >= 2294995) AND (id <= 2304994))
	        ->  Bitmap Index Scan on sbtest3_pkey  (cost=0.00..284.46 rows=10003 width=0)
	              Index Cond: ((id >= 2294995) AND (id <= 2304994))

table 4 : explain SELECT SUM(k) FROM sbtest4 WHERE id BETWEEN 8337891 AND 8347890
	Aggregate  (cost=33855.87..33855.88 rows=1 width=8)
	  ->  Bitmap Heap Scan on sbtest4  (cost=268.12..33831.56 rows=9725 width=4)
	        Recheck Cond: ((id >= 8337891) AND (id <= 8347890))
	        ->  Bitmap Index Scan on sbtest4_pkey  (cost=0.00..265.69 rows=9725 width=0)
	              Index Cond: ((id >= 8337891) AND (id <= 8347890))

table 5 : explain SELECT SUM(k) FROM sbtest5 WHERE id BETWEEN 4675343 AND 4685342
	Aggregate  (cost=34185.08..34185.09 rows=1 width=8)
	  ->  Bitmap Heap Scan on sbtest5  (cost=269.71..34160.38 rows=9880 width=4)
	        Recheck Cond: ((id >= 4675343) AND (id <= 4685342))
	        ->  Bitmap Index Scan on sbtest5_pkey  (cost=0.00..267.24 rows=9880 width=0)
	              Index Cond: ((id >= 4675343) AND (id <= 4685342))

table 6 : explain SELECT SUM(k) FROM sbtest6 WHERE id BETWEEN 5364275 AND 5374274
	Aggregate  (cost=36954.59..36954.60 rows=1 width=8)
	  ->  Bitmap Heap Scan on sbtest6  (cost=298.55..36927.73 rows=10743 width=4)
	        Recheck Cond: ((id >= 5364275) AND (id <= 5374274))
	        ->  Bitmap Index Scan on sbtest6_pkey  (cost=0.00..295.87 rows=10743 width=0)
	              Index Cond: ((id >= 5364275) AND (id <= 5374274))

table 7 : explain SELECT SUM(k) FROM sbtest7 WHERE id BETWEEN 6186895 AND 6196894
	Aggregate  (cost=35838.44..35838.45 rows=1 width=8)
	  ->  Bitmap Heap Scan on sbtest7  (cost=298.29..35812.63 rows=10327 width=4)
	        Recheck Cond: ((id >= 6186895) AND (id <= 6196894))
	        ->  Bitmap Index Scan on sbtest7_pkey  (cost=0.00..295.70 rows=10327 width=0)
	              Index Cond: ((id >= 6186895) AND (id <= 6196894))

table 8 : explain SELECT SUM(k) FROM sbtest8 WHERE id BETWEEN 4738962 AND 4748961
	Aggregate  (cost=35949.35..35949.36 rows=1 width=8)
	  ->  Bitmap Heap Scan on sbtest8  (cost=291.53..35923.23 rows=10448 width=4)
	        Recheck Cond: ((id >= 4738962) AND (id <= 4748961))
	        ->  Bitmap Index Scan on sbtest8_pkey  (cost=0.00..288.92 rows=10448 width=0)
	              Index Cond: ((id >= 4738962) AND (id <= 4748961))

for: sum_ranges
table 1 : explain SELECT SUM(k) FROM sbtest1 WHERE id BETWEEN 6188215 AND 6198214
	Aggregate  (cost=32574.23..32574.24 rows=1 width=8)
	  ->  Bitmap Heap Scan on sbtest1  (cost=260.39..32550.83 rows=9361 width=4)
	        Recheck Cond: ((id >= 6188215) AND (id <= 6198214))
	        ->  Bitmap Index Scan on sbtest1_pkey  (cost=0.00..258.05 rows=9361 width=0)
	              Index Cond: ((id >= 6188215) AND (id <= 6198214))

table 2 : explain SELECT SUM(k) FROM sbtest2 WHERE id BETWEEN 9901157 AND 9911156
	Aggregate  (cost=34677.79..34677.80 rows=1 width=8)
	  ->  Bitmap Heap Scan on sbtest2  (cost=279.36..34652.68 rows=10041 width=4)
	        Recheck Cond: ((id >= 9901157) AND (id <= 9911156))
	        ->  Bitmap Index Scan on sbtest2_pkey  (cost=0.00..276.84 rows=10041 width=0)
	              Index Cond: ((id >= 9901157) AND (id <= 9911156))

table 3 : explain SELECT SUM(k) FROM sbtest3 WHERE id BETWEEN 2972182 AND 2982181
	Aggregate  (cost=34053.42..34053.43 rows=1 width=8)
	  ->  Bitmap Heap Scan on sbtest3  (cost=280.58..34028.99 rows=9770 width=4)
	        Recheck Cond: ((id >= 2972182) AND (id <= 2982181))
	        ->  Bitmap Index Scan on sbtest3_pkey  (cost=0.00..278.13 rows=9770 width=0)
	              Index Cond: ((id >= 2972182) AND (id <= 2982181))

table 4 : explain SELECT SUM(k) FROM sbtest4 WHERE id BETWEEN 7702328 AND 7712327
	Aggregate  (cost=36443.31..36443.32 rows=1 width=8)
	  ->  Bitmap Heap Scan on sbtest4  (cost=288.50..36416.95 rows=10543 width=4)
	        Recheck Cond: ((id >= 7702328) AND (id <= 7712327))
	        ->  Bitmap Index Scan on sbtest4_pkey  (cost=0.00..285.87 rows=10543 width=0)
	              Index Cond: ((id >= 7702328) AND (id <= 7712327))

table 5 : explain SELECT SUM(k) FROM sbtest5 WHERE id BETWEEN 1858007 AND 1868006
	Aggregate  (cost=34038.82..34038.83 rows=1 width=8)
	  ->  Bitmap Heap Scan on sbtest5  (cost=265.24..34014.23 rows=9835 width=4)
	        Recheck Cond: ((id >= 1858007) AND (id <= 1868006))
	        ->  Bitmap Index Scan on sbtest5_pkey  (cost=0.00..262.79 rows=9835 width=0)
	              Index Cond: ((id >= 1858007) AND (id <= 1868006))

table 6 : explain SELECT SUM(k) FROM sbtest6 WHERE id BETWEEN 1784476 AND 1794475
	Aggregate  (cost=32897.59..32897.60 rows=1 width=8)
	  ->  Bitmap Heap Scan on sbtest6  (cost=261.35..32873.95 rows=9455 width=4)
	        Recheck Cond: ((id >= 1784476) AND (id <= 1794475))
	        ->  Bitmap Index Scan on sbtest6_pkey  (cost=0.00..258.99 rows=9455 width=0)
	              Index Cond: ((id >= 1784476) AND (id <= 1794475))

table 7 : explain SELECT SUM(k) FROM sbtest7 WHERE id BETWEEN 571795 AND 581794
	Aggregate  (cost=35340.92..35340.93 rows=1 width=8)
	  ->  Bitmap Heap Scan on sbtest7  (cost=292.68..35315.50 rows=10170 width=4)
	        Recheck Cond: ((id >= 571795) AND (id <= 581794))
	        ->  Bitmap Index Scan on sbtest7_pkey  (cost=0.00..290.13 rows=10170 width=0)
	              Index Cond: ((id >= 571795) AND (id <= 581794))

table 8 : explain SELECT SUM(k) FROM sbtest8 WHERE id BETWEEN 8262602 AND 8272601
	Aggregate  (cost=34313.22..34313.23 rows=1 width=8)
	  ->  Bitmap Heap Scan on sbtest8  (cost=278.18..34288.41 rows=9926 width=4)
	        Recheck Cond: ((id >= 8262602) AND (id <= 8272601))
	        ->  Bitmap Index Scan on sbtest8_pkey  (cost=0.00..275.69 rows=9926 width=0)
	              Index Cond: ((id >= 8262602) AND (id <= 8272601))

explain: for point_selects :: explain SELECT c FROM sbtest%u WHERE id=%u
explain: for point_selects :: explain SELECT c FROM sbtest%u WHERE id=%u
for point_selects
table 1 : explain SELECT c FROM sbtest1 WHERE id=562951
	Index Scan using sbtest1_pkey on sbtest1  (cost=0.43..8.45 rows=1 width=121)
	  Index Cond: (id = 562951)

table 2 : explain SELECT c FROM sbtest2 WHERE id=8243463
	Index Scan using sbtest2_pkey on sbtest2  (cost=0.43..8.45 rows=1 width=121)
	  Index Cond: (id = 8243463)

table 3 : explain SELECT c FROM sbtest3 WHERE id=8543128
	Index Scan using sbtest3_pkey on sbtest3  (cost=0.43..8.45 rows=1 width=121)
	  Index Cond: (id = 8543128)

table 4 : explain SELECT c FROM sbtest4 WHERE id=6933300
	Index Scan using sbtest4_pkey on sbtest4  (cost=0.43..8.45 rows=1 width=121)
	  Index Cond: (id = 6933300)

table 5 : explain SELECT c FROM sbtest5 WHERE id=7783275
	Index Scan using sbtest5_pkey on sbtest5  (cost=0.43..8.45 rows=1 width=121)
	  Index Cond: (id = 7783275)

table 6 : explain SELECT c FROM sbtest6 WHERE id=2997685
	Index Scan using sbtest6_pkey on sbtest6  (cost=0.43..8.45 rows=1 width=121)
	  Index Cond: (id = 2997685)

table 7 : explain SELECT c FROM sbtest7 WHERE id=4279667
	Index Scan using sbtest7_pkey on sbtest7  (cost=0.43..8.45 rows=1 width=121)
	  Index Cond: (id = 4279667)

table 8 : explain SELECT c FROM sbtest8 WHERE id=9201175
	Index Scan using sbtest8_pkey on sbtest8  (cost=0.43..8.45 rows=1 width=121)
	  Index Cond: (id = 9201175)

for: order_ranges
table 1 : explain SELECT c FROM sbtest1 WHERE id BETWEEN 531483 AND 541482 ORDER BY c
	Sort  (cost=34209.90..34234.10 rows=9682 width=121)
	  Sort Key: c
	  ->  Bitmap Heap Scan on sbtest1  (cost=271.68..33568.89 rows=9682 width=121)
	        Recheck Cond: ((id >= 531483) AND (id <= 541482))
	        ->  Bitmap Index Scan on sbtest1_pkey  (cost=0.00..269.25 rows=9682 width=0)
	              Index Cond: ((id >= 531483) AND (id <= 541482))

table 2 : explain SELECT c FROM sbtest2 WHERE id BETWEEN 1975297 AND 1985296 ORDER BY c
	Sort  (cost=34894.41..34919.18 rows=9908 width=121)
	  Sort Key: c
	  ->  Bitmap Heap Scan on sbtest2  (cost=277.99..34236.80 rows=9908 width=121)
	        Recheck Cond: ((id >= 1975297) AND (id <= 1985296))
	        ->  Bitmap Index Scan on sbtest2_pkey  (cost=0.00..275.51 rows=9908 width=0)
	              Index Cond: ((id >= 1975297) AND (id <= 1985296))

table 3 : explain SELECT c FROM sbtest3 WHERE id BETWEEN 7658822 AND 7668821 ORDER BY c
	Sort  (cost=37824.78..37851.64 rows=10743 width=121)
	  Sort Key: c
	  ->  Bitmap Heap Scan on sbtest3  (cost=306.55..37105.48 rows=10743 width=121)
	        Recheck Cond: ((id >= 7658822) AND (id <= 7668821))
	        ->  Bitmap Index Scan on sbtest3_pkey  (cost=0.00..303.87 rows=10743 width=0)
	              Index Cond: ((id >= 7658822) AND (id <= 7668821))

table 4 : explain SELECT c FROM sbtest4 WHERE id BETWEEN 7072183 AND 7082182 ORDER BY c
	Sort  (cost=34598.98..34623.38 rows=9763 width=121)
	  Sort Key: c
	  ->  Bitmap Heap Scan on sbtest4  (cost=268.51..33952.03 rows=9763 width=121)
	        Recheck Cond: ((id >= 7072183) AND (id <= 7082182))
	        ->  Bitmap Index Scan on sbtest4_pkey  (cost=0.00..266.06 rows=9763 width=0)
	              Index Cond: ((id >= 7072183) AND (id <= 7082182))

table 5 : explain SELECT c FROM sbtest5 WHERE id BETWEEN 469074 AND 479073 ORDER BY c
	Sort  (cost=37201.29..37227.86 rows=10625 width=121)
	  Sort Key: c
	  ->  Bitmap Heap Scan on sbtest5  (cost=289.34..36490.74 rows=10625 width=121)
	        Recheck Cond: ((id >= 469074) AND (id <= 479073))
	        ->  Bitmap Index Scan on sbtest5_pkey  (cost=0.00..286.69 rows=10625 width=0)
	              Index Cond: ((id >= 469074) AND (id <= 479073))

table 6 : explain SELECT c FROM sbtest6 WHERE id BETWEEN 9921031 AND 9931030 ORDER BY c
	Sort  (cost=38250.79..38278.12 rows=10932 width=121)
	  Sort Key: c
	  ->  Bitmap Heap Scan on sbtest6  (cost=304.49..37517.45 rows=10932 width=121)
	        Recheck Cond: ((id >= 9921031) AND (id <= 9931030))
	        ->  Bitmap Index Scan on sbtest6_pkey  (cost=0.00..301.75 rows=10932 width=0)
	              Index Cond: ((id >= 9921031) AND (id <= 9931030))

table 7 : explain SELECT c FROM sbtest7 WHERE id BETWEEN 183914 AND 193913 ORDER BY c
	Sort  (cost=35163.04..35187.83 rows=9914 width=121)
	  Sort Key: c
	  ->  Bitmap Heap Scan on sbtest7  (cost=286.05..34504.99 rows=9914 width=121)
	        Recheck Cond: ((id >= 183914) AND (id <= 193913))
	        ->  Bitmap Index Scan on sbtest7_pkey  (cost=0.00..283.57 rows=9914 width=0)
	              Index Cond: ((id >= 183914) AND (id <= 193913))

table 8 : explain SELECT c FROM sbtest8 WHERE id BETWEEN 4024018 AND 4034017 ORDER BY c
	Sort  (cost=35469.16..35494.38 rows=10088 width=121)
	  Sort Key: c
	  ->  Bitmap Heap Scan on sbtest8  (cost=283.84..34798.29 rows=10088 width=121)
	        Recheck Cond: ((id >= 4024018) AND (id <= 4034017))
	        ->  Bitmap Index Scan on sbtest8_pkey  (cost=0.00..281.31 rows=10088 width=0)
	              Index Cond: ((id >= 4024018) AND (id <= 4034017))

for: sum_ranges
table 1 : explain SELECT SUM(k) FROM sbtest1 WHERE id BETWEEN 5045027 AND 5055026
	Aggregate  (cost=37217.83..37217.84 rows=1 width=8)
	  ->  Bitmap Heap Scan on sbtest1  (cost=303.52..37190.74 rows=10838 width=4)
	        Recheck Cond: ((id >= 5045027) AND (id <= 5055026))
	        ->  Bitmap Index Scan on sbtest1_pkey  (cost=0.00..300.81 rows=10838 width=0)
	              Index Cond: ((id >= 5045027) AND (id <= 5055026))

table 2 : explain SELECT SUM(k) FROM sbtest2 WHERE id BETWEEN 3214380 AND 3224379
	Aggregate  (cost=32226.52..32226.53 rows=1 width=8)
	  ->  Bitmap Heap Scan on sbtest2  (cost=259.39..32203.36 rows=9264 width=4)
	        Recheck Cond: ((id >= 3214380) AND (id <= 3224379))
	        ->  Bitmap Index Scan on sbtest2_pkey  (cost=0.00..257.07 rows=9264 width=0)
	              Index Cond: ((id >= 3214380) AND (id <= 3224379))

table 3 : explain SELECT SUM(k) FROM sbtest3 WHERE id BETWEEN 9159896 AND 9169895
	Aggregate  (cost=31156.92..31156.93 rows=1 width=8)
	  ->  Bitmap Heap Scan on sbtest3  (cost=255.32..31134.76 rows=8867 width=4)
	        Recheck Cond: ((id >= 9159896) AND (id <= 9169895))
	        ->  Bitmap Index Scan on sbtest3_pkey  (cost=0.00..253.11 rows=8867 width=0)
	              Index Cond: ((id >= 9159896) AND (id <= 9169895))

table 4 : explain SELECT SUM(k) FROM sbtest4 WHERE id BETWEEN 2817586 AND 2827585
	Aggregate  (cost=33088.08..33088.09 rows=1 width=8)
	  ->  Bitmap Heap Scan on sbtest4  (cost=261.65..33064.37 rows=9484 width=4)
	        Recheck Cond: ((id >= 2817586) AND (id <= 2827585))
	        ->  Bitmap Index Scan on sbtest4_pkey  (cost=0.00..259.28 rows=9484 width=0)
	              Index Cond: ((id >= 2817586) AND (id <= 2827585))

table 5 : explain SELECT SUM(k) FROM sbtest5 WHERE id BETWEEN 9878706 AND 9888705
	Aggregate  (cost=32473.55..32473.56 rows=1 width=8)
	  ->  Bitmap Heap Scan on sbtest5  (cost=252.17..32450.20 rows=9340 width=4)
	        Recheck Cond: ((id >= 9878706) AND (id <= 9888705))
	        ->  Bitmap Index Scan on sbtest5_pkey  (cost=0.00..249.84 rows=9340 width=0)
	              Index Cond: ((id >= 9878706) AND (id <= 9888705))

table 6 : explain SELECT SUM(k) FROM sbtest6 WHERE id BETWEEN 8575524 AND 8585523
	Aggregate  (cost=34399.38..34399.39 rows=1 width=8)
	  ->  Bitmap Heap Scan on sbtest6  (cost=274.21..34374.56 rows=9929 width=4)
	        Recheck Cond: ((id >= 8575524) AND (id <= 8585523))
	        ->  Bitmap Index Scan on sbtest6_pkey  (cost=0.00..271.73 rows=9929 width=0)
	              Index Cond: ((id >= 8575524) AND (id <= 8585523))

table 7 : explain SELECT SUM(k) FROM sbtest7 WHERE id BETWEEN 7125555 AND 7135554
	Aggregate  (cost=36000.57..36000.58 rows=1 width=8)
	  ->  Bitmap Heap Scan on sbtest7  (cost=298.81..35974.63 rows=10378 width=4)
	        Recheck Cond: ((id >= 7125555) AND (id <= 7135554))
	        ->  Bitmap Index Scan on sbtest7_pkey  (cost=0.00..296.21 rows=10378 width=0)
	              Index Cond: ((id >= 7125555) AND (id <= 7135554))

table 8 : explain SELECT SUM(k) FROM sbtest8 WHERE id BETWEEN 5812210 AND 5822209
	Aggregate  (cost=35490.29..35490.30 rows=1 width=8)
	  ->  Bitmap Heap Scan on sbtest8  (cost=290.02..35464.54 rows=10301 width=4)
	        Recheck Cond: ((id >= 5812210) AND (id <= 5822209))
	        ->  Bitmap Index Scan on sbtest8_pkey  (cost=0.00..287.44 rows=10301 width=0)
	              Index Cond: ((id >= 5812210) AND (id <= 5822209))

for: order_ranges
table 1 : explain SELECT c FROM sbtest1 WHERE id BETWEEN 443974 AND 453973 ORDER BY c
	Sort  (cost=35279.90..35304.94 rows=10014 width=121)
	  Sort Key: c
	  ->  Bitmap Heap Scan on sbtest1  (cost=279.08..34614.49 rows=10014 width=121)
	        Recheck Cond: ((id >= 443974) AND (id <= 453973))
	        ->  Bitmap Index Scan on sbtest1_pkey  (cost=0.00..276.57 rows=10014 width=0)
	              Index Cond: ((id >= 443974) AND (id <= 453973))

table 2 : explain SELECT c FROM sbtest2 WHERE id BETWEEN 2552087 AND 2562086 ORDER BY c
	Sort  (cost=34133.11..34157.29 rows=9672 width=121)
	  Sort Key: c
	  ->  Bitmap Heap Scan on sbtest2  (cost=271.57..33492.85 rows=9672 width=121)
	        Recheck Cond: ((id >= 2552087) AND (id <= 2562086))
	        ->  Bitmap Index Scan on sbtest2_pkey  (cost=0.00..269.16 rows=9672 width=0)
	              Index Cond: ((id >= 2552087) AND (id <= 2562086))

table 3 : explain SELECT c FROM sbtest3 WHERE id BETWEEN 454409 AND 464408 ORDER BY c
	Sort  (cost=35223.75..35248.59 rows=9938 width=121)
	  Sort Key: c
	  ->  Bitmap Heap Scan on sbtest3  (cost=286.30..34563.93 rows=9938 width=121)
	        Recheck Cond: ((id >= 454409) AND (id <= 464408))
	        ->  Bitmap Index Scan on sbtest3_pkey  (cost=0.00..283.81 rows=9938 width=0)
	              Index Cond: ((id >= 454409) AND (id <= 464408))

table 4 : explain SELECT c FROM sbtest4 WHERE id BETWEEN 892327 AND 902326 ORDER BY c
	Sort  (cost=34322.32..34346.51 rows=9677 width=121)
	  Sort Key: c
	  ->  Bitmap Heap Scan on sbtest4  (cost=267.62..33681.69 rows=9677 width=121)
	        Recheck Cond: ((id >= 892327) AND (id <= 902326))
	        ->  Bitmap Index Scan on sbtest4_pkey  (cost=0.00..265.20 rows=9677 width=0)
	              Index Cond: ((id >= 892327) AND (id <= 902326))

table 5 : explain SELECT c FROM sbtest5 WHERE id BETWEEN 5668839 AND 5678838 ORDER BY c
	Sort  (cost=36033.84..36059.49 rows=10260 width=121)
	  Sort Key: c
	  ->  Bitmap Heap Scan on sbtest5  (cost=277.60..35350.28 rows=10260 width=121)
	        Recheck Cond: ((id >= 5668839) AND (id <= 5678838))
	        ->  Bitmap Index Scan on sbtest5_pkey  (cost=0.00..275.04 rows=10260 width=0)
	              Index Cond: ((id >= 5668839) AND (id <= 5678838))

table 6 : explain SELECT c FROM sbtest6 WHERE id BETWEEN 9161142 AND 9171141 ORDER BY c
	Sort  (cost=36844.55..36870.78 rows=10491 width=121)
	  Sort Key: c
	  ->  Bitmap Heap Scan on sbtest6  (cost=291.97..36143.92 rows=10491 width=121)
	        Recheck Cond: ((id >= 9161142) AND (id <= 9171141))
	        ->  Bitmap Index Scan on sbtest6_pkey  (cost=0.00..289.34 rows=10491 width=0)
	              Index Cond: ((id >= 9161142) AND (id <= 9171141))

table 7 : explain SELECT c FROM sbtest7 WHERE id BETWEEN 285848 AND 295847 ORDER BY c
	Sort  (cost=36341.80..36367.49 rows=10277 width=121)
	  Sort Key: c
	  ->  Bitmap Heap Scan on sbtest7  (cost=297.77..35656.99 rows=10277 width=121)
	        Recheck Cond: ((id >= 285848) AND (id <= 295847))
	        ->  Bitmap Index Scan on sbtest7_pkey  (cost=0.00..295.20 rows=10277 width=0)
	              Index Cond: ((id >= 285848) AND (id <= 295847))

table 8 : explain SELECT c FROM sbtest8 WHERE id BETWEEN 7069379 AND 7079378 ORDER BY c
	Sort  (cost=34434.46..34458.87 rows=9767 width=121)
	  Sort Key: c
	  ->  Bitmap Heap Scan on sbtest8  (cost=272.55..33787.21 rows=9767 width=121)
	        Recheck Cond: ((id >= 7069379) AND (id <= 7079378))
	        ->  Bitmap Index Scan on sbtest8_pkey  (cost=0.00..270.11 rows=9767 width=0)
	              Index Cond: ((id >= 7069379) AND (id <= 7079378))

for: simple_ranges
table 1 : explain SELECT c FROM sbtest1 WHERE id BETWEEN 5538402 AND 5548401
	Bitmap Heap Scan on sbtest1  (cost=285.27..35285.87 rows=10228 width=121)
	  Recheck Cond: ((id >= 5538402) AND (id <= 5548401))
	  ->  Bitmap Index Scan on sbtest1_pkey  (cost=0.00..282.71 rows=10228 width=0)
	        Index Cond: ((id >= 5538402) AND (id <= 5548401))

table 2 : explain SELECT c FROM sbtest2 WHERE id BETWEEN 9908701 AND 9918700
	Bitmap Heap Scan on sbtest2  (cost=279.36..34652.68 rows=10041 width=121)
	  Recheck Cond: ((id >= 9908701) AND (id <= 9918700))
	  ->  Bitmap Index Scan on sbtest2_pkey  (cost=0.00..276.84 rows=10041 width=0)
	        Index Cond: ((id >= 9908701) AND (id <= 9918700))

table 3 : explain SELECT c FROM sbtest3 WHERE id BETWEEN 5229755 AND 5239754
	Bitmap Heap Scan on sbtest3  (cost=281.31..34253.87 rows=9841 width=121)
	  Recheck Cond: ((id >= 5229755) AND (id <= 5239754))
	  ->  Bitmap Index Scan on sbtest3_pkey  (cost=0.00..278.84 rows=9841 width=0)
	        Index Cond: ((id >= 5229755) AND (id <= 5239754))

table 4 : explain SELECT c FROM sbtest4 WHERE id BETWEEN 4215712 AND 4225711
	Bitmap Heap Scan on sbtest4  (cost=282.41..35773.53 rows=10339 width=121)
	  Recheck Cond: ((id >= 4215712) AND (id <= 4225711))
	  ->  Bitmap Index Scan on sbtest4_pkey  (cost=0.00..279.82 rows=10339 width=0)
	        Index Cond: ((id >= 4215712) AND (id <= 4225711))

table 5 : explain SELECT c FROM sbtest5 WHERE id BETWEEN 900284 AND 910283
	Bitmap Heap Scan on sbtest5  (cost=264.02..33642.29 rows=9716 width=121)
	  Recheck Cond: ((id >= 900284) AND (id <= 910283))
	  ->  Bitmap Index Scan on sbtest5_pkey  (cost=0.00..261.59 rows=9716 width=0)
	        Index Cond: ((id >= 900284) AND (id <= 910283))

table 6 : explain SELECT c FROM sbtest6 WHERE id BETWEEN 8149032 AND 8159031
	Bitmap Heap Scan on sbtest6  (cost=248.23..31285.99 rows=8956 width=121)
	  Recheck Cond: ((id >= 8149032) AND (id <= 8159031))
	  ->  Bitmap Index Scan on sbtest6_pkey  (cost=0.00..246.00 rows=8956 width=0)
	        Index Cond: ((id >= 8149032) AND (id <= 8159031))

table 7 : explain SELECT c FROM sbtest7 WHERE id BETWEEN 3675497 AND 3685496
	Bitmap Heap Scan on sbtest7  (cost=278.89..33522.15 rows=9605 width=121)
	  Recheck Cond: ((id >= 3675497) AND (id <= 3685496))
	  ->  Bitmap Index Scan on sbtest7_pkey  (cost=0.00..276.49 rows=9605 width=0)
	        Index Cond: ((id >= 3675497) AND (id <= 3685496))

table 8 : explain SELECT c FROM sbtest8 WHERE id BETWEEN 4394035 AND 4404034
	Bitmap Heap Scan on sbtest8  (cost=277.26..34010.87 rows=9837 width=121)
	  Recheck Cond: ((id >= 4394035) AND (id <= 4404034))
	  ->  Bitmap Index Scan on sbtest8_pkey  (cost=0.00..274.81 rows=9837 width=0)
	        Index Cond: ((id >= 4394035) AND (id <= 4404034))

for: order_ranges
table 1 : explain SELECT c FROM sbtest1 WHERE id BETWEEN 3746402 AND 3756401 ORDER BY c
	Sort  (cost=36409.08..36434.99 rows=10365 width=121)
	  Sort Key: c
	  ->  Bitmap Heap Scan on sbtest1  (cost=290.68..35717.76 rows=10365 width=121)
	        Recheck Cond: ((id >= 3746402) AND (id <= 3756401))
	        ->  Bitmap Index Scan on sbtest1_pkey  (cost=0.00..288.08 rows=10365 width=0)
	              Index Cond: ((id >= 3746402) AND (id <= 3756401))

table 2 : explain SELECT c FROM sbtest2 WHERE id BETWEEN 3785519 AND 3795518 ORDER BY c
	Sort  (cost=32410.16..32433.01 rows=9141 width=121)
	  Sort Key: c
	  ->  Bitmap Heap Scan on sbtest2  (cost=254.13..31808.77 rows=9141 width=121)
	        Recheck Cond: ((id >= 3785519) AND (id <= 3795518))
	        ->  Bitmap Index Scan on sbtest2_pkey  (cost=0.00..251.84 rows=9141 width=0)
	              Index Cond: ((id >= 3785519) AND (id <= 3795518))

table 3 : explain SELECT c FROM sbtest3 WHERE id BETWEEN 7605867 AND 7615866 ORDER BY c
	Sort  (cost=32494.39..32517.14 rows=9103 width=121)
	  Sort Key: c
	  ->  Bitmap Heap Scan on sbtest3  (cost=261.74..31895.77 rows=9103 width=121)
	        Recheck Cond: ((id >= 7605867) AND (id <= 7615866))
	        ->  Bitmap Index Scan on sbtest3_pkey  (cost=0.00..259.46 rows=9103 width=0)
	              Index Cond: ((id >= 7605867) AND (id <= 7615866))

table 4 : explain SELECT c FROM sbtest4 WHERE id BETWEEN 2675219 AND 2685218 ORDER BY c
	Sort  (cost=35733.23..35758.51 rows=10113 width=121)
	  Sort Key: c
	  ->  Bitmap Heap Scan on sbtest4  (cost=276.09..35060.51 rows=10113 width=121)
	        Recheck Cond: ((id >= 2675219) AND (id <= 2685218))
	        ->  Bitmap Index Scan on sbtest4_pkey  (cost=0.00..273.56 rows=10113 width=0)
	              Index Cond: ((id >= 2675219) AND (id <= 2685218))

table 5 : explain SELECT c FROM sbtest5 WHERE id BETWEEN 4562063 AND 4572062 ORDER BY c
	Sort  (cost=32939.69..32962.95 rows=9301 width=121)
	  Sort Key: c
	  ->  Bitmap Heap Scan on sbtest5  (cost=251.77..32326.61 rows=9301 width=121)
	        Recheck Cond: ((id >= 4562063) AND (id <= 4572062))
	        ->  Bitmap Index Scan on sbtest5_pkey  (cost=0.00..249.44 rows=9301 width=0)
	              Index Cond: ((id >= 4562063) AND (id <= 4572062))

table 6 : explain SELECT c FROM sbtest6 WHERE id BETWEEN 7848128 AND 7858127 ORDER BY c
	Sort  (cost=36550.96..36576.96 rows=10401 width=121)
	  Sort Key: c
	  ->  Bitmap Heap Scan on sbtest6  (cost=287.05..35856.98 rows=10401 width=121)
	        Recheck Cond: ((id >= 7848128) AND (id <= 7858127))
	        ->  Bitmap Index Scan on sbtest6_pkey  (cost=0.00..284.44 rows=10401 width=0)
	              Index Cond: ((id >= 7848128) AND (id <= 7858127))

table 7 : explain SELECT c FROM sbtest7 WHERE id BETWEEN 8180962 AND 8190961 ORDER BY c
	Sort  (cost=32323.83..32346.45 rows=9047 width=121)
	  Sort Key: c
	  ->  Bitmap Heap Scan on sbtest7  (cost=261.17..31729.30 rows=9047 width=121)
	        Recheck Cond: ((id >= 8180962) AND (id <= 8190961))
	        ->  Bitmap Index Scan on sbtest7_pkey  (cost=0.00..258.91 rows=9047 width=0)
	              Index Cond: ((id >= 8180962) AND (id <= 8190961))

table 8 : explain SELECT c FROM sbtest8 WHERE id BETWEEN 3776028 AND 3786027 ORDER BY c
	Sort  (cost=32173.93..32196.60 rows=9069 width=121)
	  Sort Key: c
	  ->  Bitmap Heap Scan on sbtest8  (cost=253.39..31577.79 rows=9069 width=121)
	        Recheck Cond: ((id >= 3776028) AND (id <= 3786027))
	        ->  Bitmap Index Scan on sbtest8_pkey  (cost=0.00..251.12 rows=9069 width=0)
	              Index Cond: ((id >= 3776028) AND (id <= 3786027))

for point_selects
table 1 : explain SELECT c FROM sbtest1 WHERE id=9412589
	Index Scan using sbtest1_pkey on sbtest1  (cost=0.43..8.45 rows=1 width=121)
	  Index Cond: (id = 9412589)

table 2 : explain SELECT c FROM sbtest2 WHERE id=6383736
	Index Scan using sbtest2_pkey on sbtest2  (cost=0.43..8.45 rows=1 width=121)
	  Index Cond: (id = 6383736)

table 3 : explain SELECT c FROM sbtest3 WHERE id=576688
	Index Scan using sbtest3_pkey on sbtest3  (cost=0.43..8.45 rows=1 width=121)
	  Index Cond: (id = 576688)

table 4 : explain SELECT c FROM sbtest4 WHERE id=2955976
	Index Scan using sbtest4_pkey on sbtest4  (cost=0.43..8.45 rows=1 width=121)
	  Index Cond: (id = 2955976)

table 5 : explain SELECT c FROM sbtest5 WHERE id=5668402
	Index Scan using sbtest5_pkey on sbtest5  (cost=0.43..8.45 rows=1 width=121)
	  Index Cond: (id = 5668402)

table 6 : explain SELECT c FROM sbtest6 WHERE id=5169356
	Index Scan using sbtest6_pkey on sbtest6  (cost=0.43..8.45 rows=1 width=121)
	  Index Cond: (id = 5169356)

table 7 : explain SELECT c FROM sbtest7 WHERE id=5976442
	Index Scan using sbtest7_pkey on sbtest7  (cost=0.43..8.45 rows=1 width=121)
	  Index Cond: (id = 5976442)

table 8 : explain SELECT c FROM sbtest8 WHERE id=4611569
	Index Scan using sbtest8_pkey on sbtest8  (cost=0.43..8.45 rows=1 width=121)
	  Index Cond: (id = 4611569)

for: distinct_ranges
table 1 : explain SELECT DISTINCT c FROM sbtest1 WHERE id BETWEEN 2227630 AND 2237629 ORDER BY c
	Unique  (cost=31460.20..31504.39 rows=8837 width=121)
	  ->  Sort  (cost=31460.20..31482.29 rows=8837 width=121)
	        Sort Key: c
	        ->  Bitmap Heap Scan on sbtest1  (cost=247.01..30880.96 rows=8837 width=121)
	              Recheck Cond: ((id >= 2227630) AND (id <= 2237629))
	              ->  Bitmap Index Scan on sbtest1_pkey  (cost=0.00..244.81 rows=8837 width=0)
	                    Index Cond: ((id >= 2227630) AND (id <= 2237629))

table 2 : explain SELECT DISTINCT c FROM sbtest2 WHERE id BETWEEN 1211552 AND 1221551 ORDER BY c
	Unique  (cost=34149.66..34198.04 rows=9677 width=121)
	  ->  Sort  (cost=34149.66..34173.85 rows=9677 width=121)
	        Sort Key: c
	        ->  Bitmap Heap Scan on sbtest2  (cost=271.62..33509.02 rows=9677 width=121)
	              Recheck Cond: ((id >= 1211552) AND (id <= 1221551))
	              ->  Bitmap Index Scan on sbtest2_pkey  (cost=0.00..269.20 rows=9677 width=0)
	                    Index Cond: ((id >= 1211552) AND (id <= 1221551))

table 3 : explain SELECT DISTINCT c FROM sbtest3 WHERE id BETWEEN 868809 AND 878808 ORDER BY c
	Unique  (cost=37514.38..37567.61 rows=10646 width=121)
	  ->  Sort  (cost=37514.38..37540.99 rows=10646 width=121)
	        Sort Key: c
	        ->  Bitmap Heap Scan on sbtest3  (cost=305.56..36802.26 rows=10646 width=121)
	              Recheck Cond: ((id >= 868809) AND (id <= 878808))
	              ->  Bitmap Index Scan on sbtest3_pkey  (cost=0.00..302.90 rows=10646 width=0)
	                    Index Cond: ((id >= 868809) AND (id <= 878808))

table 4 : explain SELECT DISTINCT c FROM sbtest4 WHERE id BETWEEN 6052212 AND 6062211 ORDER BY c
	Unique  (cost=36516.52..36568.29 rows=10354 width=121)
	  ->  Sort  (cost=36516.52..36542.40 rows=10354 width=121)
	        Sort Key: c
	        ->  Bitmap Heap Scan on sbtest4  (cost=286.56..35826.02 rows=10354 width=121)
	              Recheck Cond: ((id >= 6052212) AND (id <= 6062211))
	              ->  Bitmap Index Scan on sbtest4_pkey  (cost=0.00..283.98 rows=10354 width=0)
	                    Index Cond: ((id >= 6052212) AND (id <= 6062211))

table 5 : explain SELECT DISTINCT c FROM sbtest5 WHERE id BETWEEN 6999756 AND 7009755 ORDER BY c
	Unique  (cost=37967.96..38022.29 rows=10866 width=121)
	  ->  Sort  (cost=37967.96..37995.12 rows=10866 width=121)
	        Sort Key: c
	        ->  Bitmap Heap Scan on sbtest5  (cost=295.81..37239.53 rows=10866 width=121)
	              Recheck Cond: ((id >= 6999756) AND (id <= 7009755))
	              ->  Bitmap Index Scan on sbtest5_pkey  (cost=0.00..293.09 rows=10866 width=0)
	                    Index Cond: ((id >= 6999756) AND (id <= 7009755))

table 6 : explain SELECT DISTINCT c FROM sbtest6 WHERE id BETWEEN 2847193 AND 2857192 ORDER BY c
	Unique  (cost=34227.16..34275.55 rows=9679 width=121)
	  ->  Sort  (cost=34227.16..34251.36 rows=9679 width=121)
	        Sort Key: c
	        ->  Bitmap Heap Scan on sbtest6  (cost=267.64..33586.38 rows=9679 width=121)
	              Recheck Cond: ((id >= 2847193) AND (id <= 2857192))
	              ->  Bitmap Index Scan on sbtest6_pkey  (cost=0.00..265.23 rows=9679 width=0)
	                    Index Cond: ((id >= 2847193) AND (id <= 2857192))

table 7 : explain SELECT DISTINCT c FROM sbtest7 WHERE id BETWEEN 8400287 AND 8410286 ORDER BY c
	Unique  (cost=36823.34..36875.46 rows=10425 width=121)
	  ->  Sort  (cost=36823.34..36849.40 rows=10425 width=121)
	        Sort Key: c
	        ->  Bitmap Heap Scan on sbtest7  (cost=303.29..36127.59 rows=10425 width=121)
	              Recheck Cond: ((id >= 8400287) AND (id <= 8410286))
	              ->  Bitmap Index Scan on sbtest7_pkey  (cost=0.00..300.69 rows=10425 width=0)
	                    Index Cond: ((id >= 8400287) AND (id <= 8410286))

table 8 : explain SELECT DISTINCT c FROM sbtest8 WHERE id BETWEEN 5895608 AND 5905607 ORDER BY c
	Unique  (cost=36344.99..36396.80 rows=10362 width=121)
	  ->  Sort  (cost=36344.99..36370.90 rows=10362 width=121)
	        Sort Key: c
	        ->  Bitmap Heap Scan on sbtest8  (cost=290.65..35653.90 rows=10362 width=121)
	              Recheck Cond: ((id >= 5895608) AND (id <= 5905607))
	              ->  Bitmap Index Scan on sbtest8_pkey  (cost=0.00..288.06 rows=10362 width=0)
	                    Index Cond: ((id >= 5895608) AND (id <= 5905607))

for: order_ranges
table 1 : explain SELECT c FROM sbtest1 WHERE id BETWEEN 9304327 AND 9314326 ORDER BY c
	Sort  (cost=32036.55..32059.09 rows=9013 width=121)
	  Sort Key: c
	  ->  Bitmap Heap Scan on sbtest1  (cost=252.82..31444.50 rows=9013 width=121)
	        Recheck Cond: ((id >= 9304327) AND (id <= 9314326))
	        ->  Bitmap Index Scan on sbtest1_pkey  (cost=0.00..250.56 rows=9013 width=0)
	              Index Cond: ((id >= 9304327) AND (id <= 9314326))

table 2 : explain SELECT c FROM sbtest2 WHERE id BETWEEN 243849 AND 253848 ORDER BY c
	Sort  (cost=31588.40..31610.62 rows=8889 width=121)
	  Sort Key: c
	  ->  Bitmap Heap Scan on sbtest2  (cost=247.55..31005.38 rows=8889 width=121)
	        Recheck Cond: ((id >= 243849) AND (id <= 253848))
	        ->  Bitmap Index Scan on sbtest2_pkey  (cost=0.00..245.32 rows=8889 width=0)
	              Index Cond: ((id >= 243849) AND (id <= 253848))

table 3 : explain SELECT c FROM sbtest3 WHERE id BETWEEN 8989923 AND 8999922 ORDER BY c
	Sort  (cost=34963.17..34987.81 rows=9858 width=121)
	  Sort Key: c
	  ->  Bitmap Heap Scan on sbtest3  (cost=281.48..34309.23 rows=9858 width=121)
	        Recheck Cond: ((id >= 8989923) AND (id <= 8999922))
	        ->  Bitmap Index Scan on sbtest3_pkey  (cost=0.00..279.01 rows=9858 width=0)
	              Index Cond: ((id >= 8989923) AND (id <= 8999922))

table 4 : explain SELECT c FROM sbtest4 WHERE id BETWEEN 9294899 AND 9304898 ORDER BY c
	Sort  (cost=34178.27..34202.36 rows=9634 width=121)
	  Sort Key: c
	  ->  Bitmap Heap Scan on sbtest4  (cost=263.18..33540.80 rows=9634 width=121)
	        Recheck Cond: ((id >= 9294899) AND (id <= 9304898))
	        ->  Bitmap Index Scan on sbtest4_pkey  (cost=0.00..260.78 rows=9634 width=0)
	              Index Cond: ((id >= 9294899) AND (id <= 9304898))

table 5 : explain SELECT c FROM sbtest5 WHERE id BETWEEN 3138404 AND 3148403 ORDER BY c
	Sort  (cost=34388.45..34412.82 rows=9748 width=121)
	  Sort Key: c
	  ->  Bitmap Heap Scan on sbtest5  (cost=264.35..33742.61 rows=9748 width=121)
	        Recheck Cond: ((id >= 3138404) AND (id <= 3148403))
	        ->  Bitmap Index Scan on sbtest5_pkey  (cost=0.00..261.92 rows=9748 width=0)
	              Index Cond: ((id >= 3138404) AND (id <= 3148403))

table 6 : explain SELECT c FROM sbtest6 WHERE id BETWEEN 1705660 AND 1715659 ORDER BY c
	Sort  (cost=33675.34..33699.11 rows=9508 width=121)
	  Sort Key: c
	  ->  Bitmap Heap Scan on sbtest6  (cost=265.89..33047.10 rows=9508 width=121)
	        Recheck Cond: ((id >= 1705660) AND (id <= 1715659))
	        ->  Bitmap Index Scan on sbtest6_pkey  (cost=0.00..263.51 rows=9508 width=0)
	              Index Cond: ((id >= 1705660) AND (id <= 1715659))

table 7 : explain SELECT c FROM sbtest7 WHERE id BETWEEN 2253494 AND 2263493 ORDER BY c
	Sort  (cost=35713.09..35738.29 rows=10083 width=121)
	  Sort Key: c
	  ->  Bitmap Heap Scan on sbtest7  (cost=291.79..35042.59 rows=10083 width=121)
	        Recheck Cond: ((id >= 2253494) AND (id <= 2263493))
	        ->  Bitmap Index Scan on sbtest7_pkey  (cost=0.00..289.26 rows=10083 width=0)
	              Index Cond: ((id >= 2253494) AND (id <= 2263493))

table 8 : explain SELECT c FROM sbtest8 WHERE id BETWEEN 2279217 AND 2289216 ORDER BY c
	Sort  (cost=38965.91..38993.88 rows=11188 width=121)
	  Sort Key: c
	  ->  Bitmap Heap Scan on sbtest8  (cost=311.11..38213.53 rows=11188 width=121)
	        Recheck Cond: ((id >= 2279217) AND (id <= 2289216))
	        ->  Bitmap Index Scan on sbtest8_pkey  (cost=0.00..308.31 rows=11188 width=0)
	              Index Cond: ((id >= 2279217) AND (id <= 2289216))

explain: for point_selects :: explain SELECT c FROM sbtest%u WHERE id=%u
for: simple_ranges
table 1 : explain SELECT c FROM sbtest1 WHERE id BETWEEN 3856560 AND 3866559
	Bitmap Heap Scan on sbtest1  (cost=292.07..36141.73 rows=10501 width=121)
	  Recheck Cond: ((id >= 3856560) AND (id <= 3866559))
	  ->  Bitmap Index Scan on sbtest1_pkey  (cost=0.00..289.44 rows=10501 width=0)
	        Index Cond: ((id >= 3856560) AND (id <= 3866559))

table 2 : explain SELECT c FROM sbtest2 WHERE id BETWEEN 7017637 AND 7027636
	Bitmap Heap Scan on sbtest2  (cost=278.66..34439.99 rows=9973 width=121)
	  Recheck Cond: ((id >= 7017637) AND (id <= 7027636))
	  ->  Bitmap Index Scan on sbtest2_pkey  (cost=0.00..276.17 rows=9973 width=0)
	        Index Cond: ((id >= 7017637) AND (id <= 7027636))

table 3 : explain SELECT c FROM sbtest3 WHERE id BETWEEN 5583277 AND 5593276
	Bitmap Heap Scan on sbtest3  (cost=299.93..36300.78 rows=10487 width=121)
	  Recheck Cond: ((id >= 5583277) AND (id <= 5593276))
	  ->  Bitmap Index Scan on sbtest3_pkey  (cost=0.00..297.31 rows=10487 width=0)
	        Index Cond: ((id >= 5583277) AND (id <= 5593276))

table 4 : explain SELECT c FROM sbtest4 WHERE id BETWEEN 9368981 AND 9378980
	Bitmap Heap Scan on sbtest4  (cost=263.18..33540.80 rows=9634 width=121)
	  Recheck Cond: ((id >= 9368981) AND (id <= 9378980))
	  ->  Bitmap Index Scan on sbtest4_pkey  (cost=0.00..260.78 rows=9634 width=0)
	        Index Cond: ((id >= 9368981) AND (id <= 9378980))

table 5 : explain SELECT c FROM sbtest5 WHERE id BETWEEN 5898996 AND 5908995
	Bitmap Heap Scan on sbtest5  (cost=271.88..34821.69 rows=10092 width=121)
	  Recheck Cond: ((id >= 5898996) AND (id <= 5908995))
	  ->  Bitmap Index Scan on sbtest5_pkey  (cost=0.00..269.36 rows=10092 width=0)
	        Index Cond: ((id >= 5898996) AND (id <= 5908995))

table 6 : explain SELECT c FROM sbtest6 WHERE id BETWEEN 7066866 AND 7076865
	Bitmap Heap Scan on sbtest6  (cost=299.05..37081.47 rows=10792 width=121)
	  Recheck Cond: ((id >= 7066866) AND (id <= 7076865))
	  ->  Bitmap Index Scan on sbtest6_pkey  (cost=0.00..296.36 rows=10792 width=0)
	        Index Cond: ((id >= 7066866) AND (id <= 7076865))

table 7 : explain SELECT c FROM sbtest7 WHERE id BETWEEN 6408441 AND 6418440
	Bitmap Heap Scan on sbtest7  (cost=267.23..32374.23 rows=9248 width=121)
	  Recheck Cond: ((id >= 6408441) AND (id <= 6418440))
	  ->  Bitmap Index Scan on sbtest7_pkey  (cost=0.00..264.92 rows=9248 width=0)
	        Index Cond: ((id >= 6408441) AND (id <= 6418440))

table 8 : explain SELECT c FROM sbtest8 WHERE id BETWEEN 1148063 AND 1158062
	Bitmap Heap Scan on sbtest8  (cost=316.52..38636.56 rows=11325 width=121)
	  Recheck Cond: ((id >= 1148063) AND (id <= 1158062))
	  ->  Bitmap Index Scan on sbtest8_pkey  (cost=0.00..313.69 rows=11325 width=0)
	        Index Cond: ((id >= 1148063) AND (id <= 1158062))

for: distinct_ranges
table 1 : explain SELECT DISTINCT c FROM sbtest1 WHERE id BETWEEN 8414678 AND 8424677 ORDER BY c
	Unique  (cost=33893.91..33941.83 rows=9585 width=121)
	  ->  Sort  (cost=33893.91..33917.87 rows=9585 width=121)
	        Sort Key: c
	        ->  Bitmap Heap Scan on sbtest1  (cost=266.68..33260.02 rows=9585 width=121)
	              Recheck Cond: ((id >= 8414678) AND (id <= 8424677))
	              ->  Bitmap Index Scan on sbtest1_pkey  (cost=0.00..264.29 rows=9585 width=0)
	                    Index Cond: ((id >= 8414678) AND (id <= 8424677))

table 2 : explain SELECT DISTINCT c FROM sbtest2 WHERE id BETWEEN 355346 AND 365345 ORDER BY c
	Unique  (cost=35887.40..35938.49 rows=10218 width=121)
	  ->  Sort  (cost=35887.40..35912.95 rows=10218 width=121)
	        Sort Key: c
	        ->  Bitmap Heap Scan on sbtest2  (cost=285.17..35206.94 rows=10218 width=121)
	              Recheck Cond: ((id >= 355346) AND (id <= 365345))
	              ->  Bitmap Index Scan on sbtest2_pkey  (cost=0.00..282.62 rows=10218 width=0)
	                    Index Cond: ((id >= 355346) AND (id <= 365345))

table 3 : explain SELECT DISTINCT c FROM sbtest3 WHERE id BETWEEN 8757516 AND 8767515 ORDER BY c
	Unique  (cost=34826.51..34875.59 rows=9816 width=121)
	  ->  Sort  (cost=34826.51..34851.05 rows=9816 width=121)
	        Sort Key: c
	        ->  Bitmap Heap Scan on sbtest3  (cost=281.05..34175.67 rows=9816 width=121)
	              Recheck Cond: ((id >= 8757516) AND (id <= 8767515))
	              ->  Bitmap Index Scan on sbtest3_pkey  (cost=0.00..278.59 rows=9816 width=0)
	                    Index Cond: ((id >= 8757516) AND (id <= 8767515))

table 4 : explain SELECT DISTINCT c FROM sbtest4 WHERE id BETWEEN 9120170 AND 9130169 ORDER BY c
	Unique  (cost=34285.67..34334.00 rows=9666 width=121)
	  ->  Sort  (cost=34285.67..34309.84 rows=9666 width=121)
	        Sort Key: c
	        ->  Bitmap Heap Scan on sbtest4  (cost=267.51..33645.85 rows=9666 width=121)
	              Recheck Cond: ((id >= 9120170) AND (id <= 9130169))
	              ->  Bitmap Index Scan on sbtest4_pkey  (cost=0.00..265.09 rows=9666 width=0)
	                    Index Cond: ((id >= 9120170) AND (id <= 9130169))

table 5 : explain SELECT DISTINCT c FROM sbtest5 WHERE id BETWEEN 4358296 AND 4368295 ORDER BY c
	Unique  (cost=33585.27..33632.77 rows=9499 width=121)
	  ->  Sort  (cost=33585.27..33609.02 rows=9499 width=121)
	        Sort Key: c
	        ->  Bitmap Heap Scan on sbtest5  (cost=257.80..32957.70 rows=9499 width=121)
	              Recheck Cond: ((id >= 4358296) AND (id <= 4368295))
	              ->  Bitmap Index Scan on sbtest5_pkey  (cost=0.00..255.43 rows=9499 width=0)
	                    Index Cond: ((id >= 4358296) AND (id <= 4368295))

table 6 : explain SELECT DISTINCT c FROM sbtest6 WHERE id BETWEEN 8842307 AND 8852306 ORDER BY c
	Unique  (cost=31646.03..31690.46 rows=8886 width=121)
	  ->  Sort  (cost=31646.03..31668.24 rows=8886 width=121)
	        Sort Key: c
	        ->  Bitmap Heap Scan on sbtest6  (cost=247.52..31063.23 rows=8886 width=121)
	              Recheck Cond: ((id >= 8842307) AND (id <= 8852306))
	              ->  Bitmap Index Scan on sbtest6_pkey  (cost=0.00..245.30 rows=8886 width=0)
	                    Index Cond: ((id >= 8842307) AND (id <= 8852306))

table 7 : explain SELECT DISTINCT c FROM sbtest7 WHERE id BETWEEN 1126380 AND 1136379 ORDER BY c
	Unique  (cost=35965.85..36016.66 rows=10162 width=121)
	  ->  Sort  (cost=35965.85..35991.25 rows=10162 width=121)
	        Sort Key: c
	        ->  Bitmap Heap Scan on sbtest7  (cost=292.60..35289.52 rows=10162 width=121)
	              Recheck Cond: ((id >= 1126380) AND (id <= 1136379))
	              ->  Bitmap Index Scan on sbtest7_pkey  (cost=0.00..290.06 rows=10162 width=0)
	                    Index Cond: ((id >= 1126380) AND (id <= 1136379))

table 8 : explain SELECT DISTINCT c FROM sbtest8 WHERE id BETWEEN 2826747 AND 2836746 ORDER BY c
	Unique  (cost=37892.50..37946.74 rows=10848 width=121)
	  ->  Sort  (cost=37892.50..37919.62 rows=10848 width=121)
	        Sort Key: c
	        ->  Bitmap Heap Scan on sbtest8  (cost=303.63..37165.40 rows=10848 width=121)
	              Recheck Cond: ((id >= 2826747) AND (id <= 2836746))
	              ->  Bitmap Index Scan on sbtest8_pkey  (cost=0.00..300.92 rows=10848 width=0)
	                    Index Cond: ((id >= 2826747) AND (id <= 2836746))

for point_selects
table 1 : explain SELECT c FROM sbtest1 WHERE id=650325
	Index Scan using sbtest1_pkey on sbtest1  (cost=0.43..8.45 rows=1 width=121)
	  Index Cond: (id = 650325)

table 2 : explain SELECT c FROM sbtest2 WHERE id=2593316
	Index Scan using sbtest2_pkey on sbtest2  (cost=0.43..8.45 rows=1 width=121)
	  Index Cond: (id = 2593316)

table 3 : explain SELECT c FROM sbtest3 WHERE id=9348841
	Index Scan using sbtest3_pkey on sbtest3  (cost=0.43..8.45 rows=1 width=121)
	  Index Cond: (id = 9348841)

table 4 : explain SELECT c FROM sbtest4 WHERE id=9322760
	Index Scan using sbtest4_pkey on sbtest4  (cost=0.43..8.45 rows=1 width=121)
	  Index Cond: (id = 9322760)

table 5 : explain SELECT c FROM sbtest5 WHERE id=7679044
	Index Scan using sbtest5_pkey on sbtest5  (cost=0.43..8.45 rows=1 width=121)
	  Index Cond: (id = 7679044)

table 6 : explain SELECT c FROM sbtest6 WHERE id=1070209
	Index Scan using sbtest6_pkey on sbtest6  (cost=0.43..8.45 rows=1 width=121)
	  Index Cond: (id = 1070209)

table 7 : explain SELECT c FROM sbtest7 WHERE id=7864233
	Index Scan using sbtest7_pkey on sbtest7  (cost=0.43..8.45 rows=1 width=121)
	  Index Cond: (id = 7864233)

table 8 : explain SELECT c FROM sbtest8 WHERE id=5460530
	Index Scan using sbtest8_pkey on sbtest8  (cost=0.43..8.45 rows=1 width=121)
	  Index Cond: (id = 5460530)

for: distinct_ranges
table 1 : explain SELECT DISTINCT c FROM sbtest1 WHERE id BETWEEN 4367755 AND 4377754 ORDER BY c
	Unique  (cost=32140.19..32185.42 rows=9045 width=121)
	  ->  Sort  (cost=32140.19..32162.80 rows=9045 width=121)
	        Sort Key: c
	        ->  Bitmap Heap Scan on sbtest1  (cost=253.15..31545.80 rows=9045 width=121)
	              Recheck Cond: ((id >= 4367755) AND (id <= 4377754))
	              ->  Bitmap Index Scan on sbtest1_pkey  (cost=0.00..250.88 rows=9045 width=0)
	                    Index Cond: ((id >= 4367755) AND (id <= 4377754))

table 2 : explain SELECT DISTINCT c FROM sbtest2 WHERE id BETWEEN 2454136 AND 2464135 ORDER BY c
	Unique  (cost=36473.24..36525.24 rows=10401 width=121)
	  ->  Sort  (cost=36473.24..36499.24 rows=10401 width=121)
	        Sort Key: c
	        ->  Bitmap Heap Scan on sbtest2  (cost=291.05..35779.26 rows=10401 width=121)
	              Recheck Cond: ((id >= 2454136) AND (id <= 2464135))
	              ->  Bitmap Index Scan on sbtest2_pkey  (cost=0.00..288.44 rows=10401 width=0)
	                    Index Cond: ((id >= 2454136) AND (id <= 2464135))

table 3 : explain SELECT DISTINCT c FROM sbtest3 WHERE id BETWEEN 5891688 AND 5901687 ORDER BY c
	Unique  (cost=34078.03..34125.97 rows=9587 width=121)
	  ->  Sort  (cost=34078.03..34102.00 rows=9587 width=121)
	        Sort Key: c
	        ->  Bitmap Heap Scan on sbtest3  (cost=274.70..33444.00 rows=9587 width=121)
	              Recheck Cond: ((id >= 5891688) AND (id <= 5901687))
	              ->  Bitmap Index Scan on sbtest3_pkey  (cost=0.00..272.31 rows=9587 width=0)
	                    Index Cond: ((id >= 5891688) AND (id <= 5901687))

table 4 : explain SELECT DISTINCT c FROM sbtest4 WHERE id BETWEEN 7785682 AND 7795681 ORDER BY c
	Unique  (cost=34512.34..34561.02 rows=9736 width=121)
	  ->  Sort  (cost=34512.34..34536.68 rows=9736 width=121)
	        Sort Key: c
	        ->  Bitmap Heap Scan on sbtest4  (cost=268.23..33867.37 rows=9736 width=121)
	              Recheck Cond: ((id >= 7785682) AND (id <= 7795681))
	              ->  Bitmap Index Scan on sbtest4_pkey  (cost=0.00..265.80 rows=9736 width=0)
	                    Index Cond: ((id >= 7785682) AND (id <= 7795681))

table 5 : explain SELECT DISTINCT c FROM sbtest5 WHERE id BETWEEN 3477541 AND 3487540 ORDER BY c
	Unique  (cost=34825.84..34875.26 rows=9883 width=121)
	  ->  Sort  (cost=34825.84..34850.55 rows=9883 width=121)
	        Sort Key: c
	        ->  Bitmap Heap Scan on sbtest5  (cost=269.74..34170.07 rows=9883 width=121)
	              Recheck Cond: ((id >= 3477541) AND (id <= 3487540))
	              ->  Bitmap Index Scan on sbtest5_pkey  (cost=0.00..267.26 rows=9883 width=0)
	                    Index Cond: ((id >= 3477541) AND (id <= 3487540))

table 6 : explain SELECT DISTINCT c FROM sbtest6 WHERE id BETWEEN 7277620 AND 7287619 ORDER BY c
	Unique  (cost=33415.02..33462.17 rows=9429 width=121)
	  ->  Sort  (cost=33415.02..33438.60 rows=9429 width=121)
	        Sort Key: c
	        ->  Bitmap Heap Scan on sbtest6  (cost=261.08..32792.57 rows=9429 width=121)
	              Recheck Cond: ((id >= 7277620) AND (id <= 7287619))
	              ->  Bitmap Index Scan on sbtest6_pkey  (cost=0.00..258.73 rows=9429 width=0)
	                    Index Cond: ((id >= 7277620) AND (id <= 7287619))

table 7 : explain SELECT DISTINCT c FROM sbtest7 WHERE id BETWEEN 8861443 AND 8871442 ORDER BY c
	Unique  (cost=34792.91..34841.91 rows=9800 width=121)
	  ->  Sort  (cost=34792.91..34817.41 rows=9800 width=121)
	        Sort Key: c
	        ->  Bitmap Heap Scan on sbtest7  (cost=284.88..34143.24 rows=9800 width=121)
	              Recheck Cond: ((id >= 8861443) AND (id <= 8871442))
	              ->  Bitmap Index Scan on sbtest7_pkey  (cost=0.00..282.44 rows=9800 width=0)
	                    Index Cond: ((id >= 8861443) AND (id <= 8871442))

table 8 : explain SELECT DISTINCT c FROM sbtest8 WHERE id BETWEEN 4953114 AND 4963113 ORDER BY c
	Unique  (cost=36410.61..36462.52 rows=10382 width=121)
	  ->  Sort  (cost=36410.61..36436.57 rows=10382 width=121)
	        Sort Key: c
	        ->  Bitmap Heap Scan on sbtest8  (cost=290.85..35718.04 rows=10382 width=121)
	              Recheck Cond: ((id >= 4953114) AND (id <= 4963113))
	              ->  Bitmap Index Scan on sbtest8_pkey  (cost=0.00..288.25 rows=10382 width=0)
	                    Index Cond: ((id >= 4953114) AND (id <= 4963113))

for: simple_ranges
table 1 : explain SELECT c FROM sbtest1 WHERE id BETWEEN 8968618 AND 8978617
	Bitmap Heap Scan on sbtest1  (cost=278.06..34304.39 rows=9915 width=121)
	  Recheck Cond: ((id >= 8968618) AND (id <= 8978617))
	  ->  Bitmap Index Scan on sbtest1_pkey  (cost=0.00..275.58 rows=9915 width=0)
	        Index Cond: ((id >= 8968618) AND (id <= 8978617))

table 2 : explain SELECT c FROM sbtest2 WHERE id BETWEEN 3581502 AND 3591501
	Bitmap Heap Scan on sbtest2  (cost=273.37..34042.36 rows=9847 width=121)
	  Recheck Cond: ((id >= 3581502) AND (id <= 3591501))
	  ->  Bitmap Index Scan on sbtest2_pkey  (cost=0.00..270.91 rows=9847 width=0)
	        Index Cond: ((id >= 3581502) AND (id <= 3591501))

table 3 : explain SELECT c FROM sbtest3 WHERE id BETWEEN 5530406 AND 5540405
	Bitmap Heap Scan on sbtest3  (cost=299.93..36300.78 rows=10487 width=121)
	  Recheck Cond: ((id >= 5530406) AND (id <= 5540405))
	  ->  Bitmap Index Scan on sbtest3_pkey  (cost=0.00..297.31 rows=10487 width=0)
	        Index Cond: ((id >= 5530406) AND (id <= 5540405))

table 4 : explain SELECT c FROM sbtest4 WHERE id BETWEEN 2618828 AND 2628827
	Bitmap Heap Scan on sbtest4  (cost=276.09..35060.51 rows=10113 width=121)
	  Recheck Cond: ((id >= 2618828) AND (id <= 2628827))
	  ->  Bitmap Index Scan on sbtest4_pkey  (cost=0.00..273.56 rows=10113 width=0)
	        Index Cond: ((id >= 2618828) AND (id <= 2628827))

table 5 : explain SELECT c FROM sbtest5 WHERE id BETWEEN 9696175 AND 9706174
	Bitmap Heap Scan on sbtest5  (cost=270.02..34257.26 rows=9911 width=121)
	  Recheck Cond: ((id >= 9696175) AND (id <= 9706174))
	  ->  Bitmap Index Scan on sbtest5_pkey  (cost=0.00..267.55 rows=9911 width=0)
	        Index Cond: ((id >= 9696175) AND (id <= 9706174))

table 6 : explain SELECT c FROM sbtest6 WHERE id BETWEEN 2180256 AND 2190255
	Bitmap Heap Scan on sbtest6  (cost=278.61..34501.47 rows=9968 width=121)
	  Recheck Cond: ((id >= 2180256) AND (id <= 2190255))
	  ->  Bitmap Index Scan on sbtest6_pkey  (cost=0.00..276.12 rows=9968 width=0)
	        Index Cond: ((id >= 2180256) AND (id <= 2190255))

table 7 : explain SELECT c FROM sbtest7 WHERE id BETWEEN 4122552 AND 4132551
	Bitmap Heap Scan on sbtest7  (cost=266.96..32292.14 rows=9222 width=121)
	  Recheck Cond: ((id >= 4122552) AND (id <= 4132551))
	  ->  Bitmap Index Scan on sbtest7_pkey  (cost=0.00..264.66 rows=9222 width=0)
	        Index Cond: ((id >= 4122552) AND (id <= 4132551))

table 8 : explain SELECT c FROM sbtest8 WHERE id BETWEEN 1767288 AND 1777287
	Bitmap Heap Scan on sbtest8  (cost=303.02..36983.53 rows=10789 width=121)
	  Recheck Cond: ((id >= 1767288) AND (id <= 1777287))
	  ->  Bitmap Index Scan on sbtest8_pkey  (cost=0.00..300.32 rows=10789 width=0)
	        Index Cond: ((id >= 1767288) AND (id <= 1777287))

for: simple_ranges
table 1 : explain SELECT c FROM sbtest1 WHERE id BETWEEN 9809503 AND 9819502
	Bitmap Heap Scan on sbtest1  (cost=297.36..36533.81 rows=10627 width=121)
	  Recheck Cond: ((id >= 9809503) AND (id <= 9819502))
	  ->  Bitmap Index Scan on sbtest1_pkey  (cost=0.00..294.70 rows=10627 width=0)
	        Index Cond: ((id >= 9809503) AND (id <= 9819502))

table 2 : explain SELECT c FROM sbtest2 WHERE id BETWEEN 6620354 AND 6630353
	Bitmap Heap Scan on sbtest2  (cost=273.31..34022.99 rows=9841 width=121)
	  Recheck Cond: ((id >= 6620354) AND (id <= 6630353))
	  ->  Bitmap Index Scan on sbtest2_pkey  (cost=0.00..270.84 rows=9841 width=0)
	        Index Cond: ((id >= 6620354) AND (id <= 6630353))

table 3 : explain SELECT c FROM sbtest3 WHERE id BETWEEN 2813235 AND 2823234
	Bitmap Heap Scan on sbtest3  (cost=274.43..33359.03 rows=9560 width=121)
	  Recheck Cond: ((id >= 2813235) AND (id <= 2823234))
	  ->  Bitmap Index Scan on sbtest3_pkey  (cost=0.00..272.04 rows=9560 width=0)
	        Index Cond: ((id >= 2813235) AND (id <= 2823234))

table 4 : explain SELECT c FROM sbtest4 WHERE id BETWEEN 8894631 AND 8904630
	Bitmap Heap Scan on sbtest4  (cost=262.29..33266.78 rows=9547 width=121)
	  Recheck Cond: ((id >= 8894631) AND (id <= 8904630))
	  ->  Bitmap Index Scan on sbtest4_pkey  (cost=0.00..259.91 rows=9547 width=0)
	        Index Cond: ((id >= 8894631) AND (id <= 8904630))

table 5 : explain SELECT c FROM sbtest5 WHERE id BETWEEN 5098577 AND 5108576
	Bitmap Heap Scan on sbtest5  (cost=270.65..34447.69 rows=9972 width=121)
	  Recheck Cond: ((id >= 5098577) AND (id <= 5108576))
	  ->  Bitmap Index Scan on sbtest5_pkey  (cost=0.00..268.16 rows=9972 width=0)
	        Index Cond: ((id >= 5098577) AND (id <= 5108576))

table 6 : explain SELECT c FROM sbtest6 WHERE id BETWEEN 1265691 AND 1275690
	Bitmap Heap Scan on sbtest6  (cost=292.06..36169.65 rows=10500 width=121)
	  Recheck Cond: ((id >= 1265691) AND (id <= 1275690))
	  ->  Bitmap Index Scan on sbtest6_pkey  (cost=0.00..289.44 rows=10500 width=0)
	        Index Cond: ((id >= 1265691) AND (id <= 1275690))

table 7 : explain SELECT c FROM sbtest7 WHERE id BETWEEN 9796208 AND 9806207
	Bitmap Heap Scan on sbtest7  (cost=273.31..33027.40 rows=9451 width=121)
	  Recheck Cond: ((id >= 9796208) AND (id <= 9806207))
	  ->  Bitmap Index Scan on sbtest7_pkey  (cost=0.00..270.94 rows=9451 width=0)
	        Index Cond: ((id >= 9796208) AND (id <= 9806207))

table 8 : explain SELECT c FROM sbtest8 WHERE id BETWEEN 5395126 AND 5405125
	Bitmap Heap Scan on sbtest8  (cost=271.06..33334.36 rows=9622 width=121)
	  Recheck Cond: ((id >= 5395126) AND (id <= 5405125))
	  ->  Bitmap Index Scan on sbtest8_pkey  (cost=0.00..268.66 rows=9622 width=0)
	        Index Cond: ((id >= 5395126) AND (id <= 5405125))

explain: for point_selects :: explain SELECT c FROM sbtest%u WHERE id=%u
for: distinct_ranges
table 1 : explain SELECT DISTINCT c FROM sbtest1 WHERE id BETWEEN 1554984 AND 1564983 ORDER BY c
	Unique  (cost=33284.80..33331.79 rows=9397 width=121)
	  ->  Sort  (cost=33284.80..33308.30 rows=9397 width=121)
	        Sort Key: c
	        ->  Bitmap Heap Scan on sbtest1  (cost=260.75..32664.70 rows=9397 width=121)
	              Recheck Cond: ((id >= 1554984) AND (id <= 1564983))
	              ->  Bitmap Index Scan on sbtest1_pkey  (cost=0.00..258.41 rows=9397 width=0)
	                    Index Cond: ((id >= 1554984) AND (id <= 1564983))

table 2 : explain SELECT DISTINCT c FROM sbtest2 WHERE id BETWEEN 2106749 AND 2116748 ORDER BY c
	Unique  (cost=32173.44..32218.78 rows=9068 width=121)
	  ->  Sort  (cost=32173.44..32196.11 rows=9068 width=121)
	        Sort Key: c
	        ->  Bitmap Heap Scan on sbtest2  (cost=253.38..31577.37 rows=9068 width=121)
	              Recheck Cond: ((id >= 2106749) AND (id <= 2116748))
	              ->  Bitmap Index Scan on sbtest2_pkey  (cost=0.00..251.12 rows=9068 width=0)
	                    Index Cond: ((id >= 2106749) AND (id <= 2116748))

table 3 : explain SELECT DISTINCT c FROM sbtest3 WHERE id BETWEEN 9279514 AND 9289513 ORDER BY c
	Unique  (cost=34783.20..34832.21 rows=9803 width=121)
	  ->  Sort  (cost=34783.20..34807.71 rows=9803 width=121)
	        Sort Key: c
	        ->  Bitmap Heap Scan on sbtest3  (cost=280.92..34133.31 rows=9803 width=121)
	              Recheck Cond: ((id >= 9279514) AND (id <= 9289513))
	              ->  Bitmap Index Scan on sbtest3_pkey  (cost=0.00..278.46 rows=9803 width=0)
	                    Index Cond: ((id >= 9279514) AND (id <= 9289513))

table 4 : explain SELECT DISTINCT c FROM sbtest4 WHERE id BETWEEN 5723559 AND 5733558 ORDER BY c
	Unique  (cost=37303.71..37356.71 rows=10599 width=121)
	  ->  Sort  (cost=37303.71..37330.21 rows=10599 width=121)
	        Sort Key: c
	        ->  Bitmap Heap Scan on sbtest4  (cost=293.07..36595.08 rows=10599 width=121)
	              Recheck Cond: ((id >= 5723559) AND (id <= 5733558))
	              ->  Bitmap Index Scan on sbtest4_pkey  (cost=0.00..290.43 rows=10599 width=0)
	                    Index Cond: ((id >= 5723559) AND (id <= 5733558))

table 5 : explain SELECT DISTINCT c FROM sbtest5 WHERE id BETWEEN 1231246 AND 1241245 ORDER BY c
	Unique  (cost=32559.90..32605.82 rows=9183 width=121)
	  ->  Sort  (cost=32559.90..32582.86 rows=9183 width=121)
	        Sort Key: c
	        ->  Bitmap Heap Scan on sbtest5  (cost=250.56..31955.44 rows=9183 width=121)
	              Recheck Cond: ((id >= 1231246) AND (id <= 1241245))
	              ->  Bitmap Index Scan on sbtest5_pkey  (cost=0.00..248.26 rows=9183 width=0)
	                    Index Cond: ((id >= 1231246) AND (id <= 1241245))

table 6 : explain SELECT DISTINCT c FROM sbtest6 WHERE id BETWEEN 6553572 AND 6563571 ORDER BY c
	Unique  (cost=36307.07..36358.69 rows=10324 width=121)
	  ->  Sort  (cost=36307.07..36332.88 rows=10324 width=121)
	        Sort Key: c
	        ->  Bitmap Heap Scan on sbtest6  (cost=286.26..35618.78 rows=10324 width=121)
	              Recheck Cond: ((id >= 6553572) AND (id <= 6563571))
	              ->  Bitmap Index Scan on sbtest6_pkey  (cost=0.00..283.68 rows=10324 width=0)
	                    Index Cond: ((id >= 6553572) AND (id <= 6563571))

table 7 : explain SELECT DISTINCT c FROM sbtest7 WHERE id BETWEEN 4830578 AND 4840577 ORDER BY c
	Unique  (cost=39948.06..40005.06 rows=11400 width=121)
	  ->  Sort  (cost=39948.06..39976.56 rows=11400 width=121)
	        Sort Key: c
	        ->  Bitmap Heap Scan on sbtest7  (cost=329.29..39179.89 rows=11400 width=121)
	              Recheck Cond: ((id >= 4830578) AND (id <= 4840577))
	              ->  Bitmap Index Scan on sbtest7_pkey  (cost=0.00..326.44 rows=11400 width=0)
	                    Index Cond: ((id >= 4830578) AND (id <= 4840577))

table 8 : explain SELECT DISTINCT c FROM sbtest8 WHERE id BETWEEN 2303736 AND 2313735 ORDER BY c
	Unique  (cost=38965.91..39021.85 rows=11188 width=121)
	  ->  Sort  (cost=38965.91..38993.88 rows=11188 width=121)
	        Sort Key: c
	        ->  Bitmap Heap Scan on sbtest8  (cost=311.11..38213.53 rows=11188 width=121)
	              Recheck Cond: ((id >= 2303736) AND (id <= 2313735))
	              ->  Bitmap Index Scan on sbtest8_pkey  (cost=0.00..308.31 rows=11188 width=0)
	                    Index Cond: ((id >= 2303736) AND (id <= 2313735))

for: sum_ranges
table 1 : explain SELECT SUM(k) FROM sbtest1 WHERE id BETWEEN 4646880 AND 4656879
	Aggregate  (cost=34380.91..34380.92 rows=1 width=8)
	  ->  Bitmap Heap Scan on sbtest1  (cost=278.23..34356.09 rows=9931 width=4)
	        Recheck Cond: ((id >= 4646880) AND (id <= 4656879))
	        ->  Bitmap Index Scan on sbtest1_pkey  (cost=0.00..275.75 rows=9931 width=0)
	              Index Cond: ((id >= 4646880) AND (id <= 4656879))

table 2 : explain SELECT SUM(k) FROM sbtest2 WHERE id BETWEEN 2611602 AND 2621601
	Aggregate  (cost=33062.45..33062.46 rows=1 width=8)
	  ->  Bitmap Heap Scan on sbtest2  (cost=266.10..33038.63 rows=9528 width=4)
	        Recheck Cond: ((id >= 2611602) AND (id <= 2621601))
	        ->  Bitmap Index Scan on sbtest2_pkey  (cost=0.00..263.71 rows=9528 width=0)
	              Index Cond: ((id >= 2611602) AND (id <= 2621601))

table 3 : explain SELECT SUM(k) FROM sbtest3 WHERE id BETWEEN 988805 AND 998804
	Aggregate  (cost=31701.37..31701.38 rows=1 width=8)
	  ->  Bitmap Heap Scan on sbtest3  (cost=261.05..31678.78 rows=9036 width=4)
	        Recheck Cond: ((id >= 988805) AND (id <= 998804))
	        ->  Bitmap Index Scan on sbtest3_pkey  (cost=0.00..258.80 rows=9036 width=0)
	              Index Cond: ((id >= 988805) AND (id <= 998804))

table 4 : explain SELECT SUM(k) FROM sbtest4 WHERE id BETWEEN 6939082 AND 6949081
	Aggregate  (cost=32862.44..32862.45 rows=1 width=8)
	  ->  Bitmap Heap Scan on sbtest4  (cost=260.92..32838.91 rows=9413 width=4)
	        Recheck Cond: ((id >= 6939082) AND (id <= 6949081))
	        ->  Bitmap Index Scan on sbtest4_pkey  (cost=0.00..258.56 rows=9413 width=0)
	              Index Cond: ((id >= 6939082) AND (id <= 6949081))

table 5 : explain SELECT SUM(k) FROM sbtest5 WHERE id BETWEEN 9253772 AND 9263771
	Aggregate  (cost=35147.38..35147.39 rows=1 width=8)
	  ->  Bitmap Heap Scan on sbtest5  (cost=276.85..35121.91 rows=10187 width=4)
	        Recheck Cond: ((id >= 9253772) AND (id <= 9263771))
	        ->  Bitmap Index Scan on sbtest5_pkey  (cost=0.00..274.31 rows=10187 width=0)
	              Index Cond: ((id >= 9253772) AND (id <= 9263771))

table 6 : explain SELECT SUM(k) FROM sbtest6 WHERE id BETWEEN 5973209 AND 5983208
	Aggregate  (cost=35783.15..35783.16 rows=1 width=8)
	  ->  Bitmap Heap Scan on sbtest6  (cost=286.72..35757.23 rows=10369 width=4)
	        Recheck Cond: ((id >= 5973209) AND (id <= 5983208))
	        ->  Bitmap Index Scan on sbtest6_pkey  (cost=0.00..284.12 rows=10369 width=0)
	              Index Cond: ((id >= 5973209) AND (id <= 5983208))

table 7 : explain SELECT SUM(k) FROM sbtest7 WHERE id BETWEEN 9398757 AND 9408756
	Aggregate  (cost=32749.36..32749.37 rows=1 width=8)
	  ->  Bitmap Heap Scan on sbtest7  (cost=272.34..32725.97 rows=9357 width=4)
	        Recheck Cond: ((id >= 9398757) AND (id <= 9408756))
	        ->  Bitmap Index Scan on sbtest7_pkey  (cost=0.00..270.00 rows=9357 width=0)
	              Index Cond: ((id >= 9398757) AND (id <= 9408756))

table 8 : explain SELECT SUM(k) FROM sbtest8 WHERE id BETWEEN 1479745 AND 1489744
	Aggregate  (cost=34804.18..34804.19 rows=1 width=8)
	  ->  Bitmap Heap Scan on sbtest8  (cost=283.78..34778.98 rows=10082 width=4)
	        Recheck Cond: ((id >= 1479745) AND (id <= 1489744))
	        ->  Bitmap Index Scan on sbtest8_pkey  (cost=0.00..281.25 rows=10082 width=0)
	              Index Cond: ((id >= 1479745) AND (id <= 1489744))

for point_selects
table 1 : explain SELECT c FROM sbtest1 WHERE id=2470882
	Index Scan using sbtest1_pkey on sbtest1  (cost=0.43..8.45 rows=1 width=121)
	  Index Cond: (id = 2470882)

table 2 : explain SELECT c FROM sbtest2 WHERE id=5913045
	Index Scan using sbtest2_pkey on sbtest2  (cost=0.43..8.45 rows=1 width=121)
	  Index Cond: (id = 5913045)

table 3 : explain SELECT c FROM sbtest3 WHERE id=4751925
	Index Scan using sbtest3_pkey on sbtest3  (cost=0.43..8.45 rows=1 width=121)
	  Index Cond: (id = 4751925)

table 4 : explain SELECT c FROM sbtest4 WHERE id=7013206
	Index Scan using sbtest4_pkey on sbtest4  (cost=0.43..8.45 rows=1 width=121)
	  Index Cond: (id = 7013206)

table 5 : explain SELECT c FROM sbtest5 WHERE id=3589491
	Index Scan using sbtest5_pkey on sbtest5  (cost=0.43..8.45 rows=1 width=121)
	  Index Cond: (id = 3589491)

table 6 : explain SELECT c FROM sbtest6 WHERE id=4635581
	Index Scan using sbtest6_pkey on sbtest6  (cost=0.43..8.45 rows=1 width=121)
	  Index Cond: (id = 4635581)

table 7 : explain SELECT c FROM sbtest7 WHERE id=9757738
	Index Scan using sbtest7_pkey on sbtest7  (cost=0.43..8.45 rows=1 width=121)
	  Index Cond: (id = 9757738)

table 8 : explain SELECT c FROM sbtest8 WHERE id=7501656
	Index Scan using sbtest8_pkey on sbtest8  (cost=0.43..8.45 rows=1 width=121)
	  Index Cond: (id = 7501656)

for: simple_ranges
table 1 : explain SELECT c FROM sbtest1 WHERE id BETWEEN 9095832 AND 9105831
	Bitmap Heap Scan on sbtest1  (cost=303.84..37286.62 rows=10869 width=121)
	  Recheck Cond: ((id >= 9095832) AND (id <= 9105831))
	  ->  Bitmap Index Scan on sbtest1_pkey  (cost=0.00..301.12 rows=10869 width=0)
	        Index Cond: ((id >= 9095832) AND (id <= 9105831))

table 2 : explain SELECT c FROM sbtest2 WHERE id BETWEEN 9117229 AND 9127228
	Bitmap Heap Scan on sbtest2  (cost=279.90..34816.93 rows=10094 width=121)
	  Recheck Cond: ((id >= 9117229) AND (id <= 9127228))
	  ->  Bitmap Index Scan on sbtest2_pkey  (cost=0.00..277.38 rows=10094 width=0)
	        Index Cond: ((id >= 9117229) AND (id <= 9127228))

table 3 : explain SELECT c FROM sbtest3 WHERE id BETWEEN 6731455 AND 6741454
	Bitmap Heap Scan on sbtest3  (cost=312.17..37602.29 rows=10901 width=121)
	  Recheck Cond: ((id >= 6731455) AND (id <= 6741454))
	  ->  Bitmap Index Scan on sbtest3_pkey  (cost=0.00..309.44 rows=10901 width=0)
	        Index Cond: ((id >= 6731455) AND (id <= 6741454))

table 4 : explain SELECT c FROM sbtest4 WHERE id BETWEEN 6519732 AND 6529731
	Bitmap Heap Scan on sbtest4  (cost=274.95..34706.93 rows=10001 width=121)
	  Recheck Cond: ((id >= 6519732) AND (id <= 6529731))
	  ->  Bitmap Index Scan on sbtest4_pkey  (cost=0.00..272.44 rows=10001 width=0)
	        Index Cond: ((id >= 6519732) AND (id <= 6529731))

table 5 : explain SELECT c FROM sbtest5 WHERE id BETWEEN 8269045 AND 8279044
	Bitmap Heap Scan on sbtest5  (cost=278.58..35649.11 rows=10356 width=121)
	  Recheck Cond: ((id >= 8269045) AND (id <= 8279044))
	  ->  Bitmap Index Scan on sbtest5_pkey  (cost=0.00..276.00 rows=10356 width=0)
	        Index Cond: ((id >= 8269045) AND (id <= 8279044))

table 6 : explain SELECT c FROM sbtest6 WHERE id BETWEEN 8752059 AND 8762058
	Bitmap Heap Scan on sbtest6  (cost=273.45..34144.72 rows=9855 width=121)
	  Recheck Cond: ((id >= 8752059) AND (id <= 8762058))
	  ->  Bitmap Index Scan on sbtest6_pkey  (cost=0.00..270.99 rows=9855 width=0)
	        Index Cond: ((id >= 8752059) AND (id <= 8762058))

table 7 : explain SELECT c FROM sbtest7 WHERE id BETWEEN 2430779 AND 2440778
	Bitmap Heap Scan on sbtest7  (cost=299.06..36049.13 rows=10402 width=121)
	  Recheck Cond: ((id >= 2430779) AND (id <= 2440778))
	  ->  Bitmap Index Scan on sbtest7_pkey  (cost=0.00..296.45 rows=10402 width=0)
	        Index Cond: ((id >= 2430779) AND (id <= 2440778))

table 8 : explain SELECT c FROM sbtest8 WHERE id BETWEEN 703961 AND 713960
	Bitmap Heap Scan on sbtest8  (cost=260.32..32486.45 rows=9355 width=121)
	  Recheck Cond: ((id >= 703961) AND (id <= 713960))
	  ->  Bitmap Index Scan on sbtest8_pkey  (cost=0.00..257.99 rows=9355 width=0)
	        Index Cond: ((id >= 703961) AND (id <= 713960))

for point_selects
table 1 : explain SELECT c FROM sbtest1 WHERE id=7556433
	Index Scan using sbtest1_pkey on sbtest1  (cost=0.43..8.45 rows=1 width=121)
	  Index Cond: (id = 7556433)

table 2 : explain SELECT c FROM sbtest2 WHERE id=3373742
	Index Scan using sbtest2_pkey on sbtest2  (cost=0.43..8.45 rows=1 width=121)
	  Index Cond: (id = 3373742)

table 3 : explain SELECT c FROM sbtest3 WHERE id=2488829
	Index Scan using sbtest3_pkey on sbtest3  (cost=0.43..8.45 rows=1 width=121)
	  Index Cond: (id = 2488829)

table 4 : explain SELECT c FROM sbtest4 WHERE id=2656088
	Index Scan using sbtest4_pkey on sbtest4  (cost=0.43..8.45 rows=1 width=121)
	  Index Cond: (id = 2656088)

table 5 : explain SELECT c FROM sbtest5 WHERE id=3984475
	Index Scan using sbtest5_pkey on sbtest5  (cost=0.43..8.45 rows=1 width=121)
	  Index Cond: (id = 3984475)

table 6 : explain SELECT c FROM sbtest6 WHERE id=8106186
	Index Scan using sbtest6_pkey on sbtest6  (cost=0.43..8.45 rows=1 width=121)
	  Index Cond: (id = 8106186)

table 7 : explain SELECT c FROM sbtest7 WHERE id=8160001
	Index Scan using sbtest7_pkey on sbtest7  (cost=0.43..8.45 rows=1 width=121)
	  Index Cond: (id = 8160001)

table 8 : explain SELECT c FROM sbtest8 WHERE id=4976235
	Index Scan using sbtest8_pkey on sbtest8  (cost=0.43..8.45 rows=1 width=121)
	  Index Cond: (id = 4976235)

for: distinct_ranges
table 1 : explain SELECT DISTINCT c FROM sbtest1 WHERE id BETWEEN 3638812 AND 3648811 ORDER BY c
	Unique  (cost=35402.11..35452.37 rows=10052 width=121)
	  ->  Sort  (cost=35402.11..35427.24 rows=10052 width=121)
	        Sort Key: c
	        ->  Bitmap Heap Scan on sbtest1  (cost=279.47..34733.90 rows=10052 width=121)
	              Recheck Cond: ((id >= 3638812) AND (id <= 3648811))
	              ->  Bitmap Index Scan on sbtest1_pkey  (cost=0.00..276.95 rows=10052 width=0)
	                    Index Cond: ((id >= 3638812) AND (id <= 3648811))

table 2 : explain SELECT DISTINCT c FROM sbtest2 WHERE id BETWEEN 3814230 AND 3824229 ORDER BY c
	Unique  (cost=34487.20..34536.11 rows=9782 width=121)
	  ->  Sort  (cost=34487.20..34511.65 rows=9782 width=121)
	        Sort Key: c
	        ->  Bitmap Heap Scan on sbtest2  (cost=272.70..33838.85 rows=9782 width=121)
	              Recheck Cond: ((id >= 3814230) AND (id <= 3824229))
	              ->  Bitmap Index Scan on sbtest2_pkey  (cost=0.00..270.25 rows=9782 width=0)
	                    Index Cond: ((id >= 3814230) AND (id <= 3824229))

table 3 : explain SELECT DISTINCT c FROM sbtest3 WHERE id BETWEEN 470249 AND 480248 ORDER BY c
	Unique  (cost=35223.75..35273.44 rows=9938 width=121)
	  ->  Sort  (cost=35223.75..35248.59 rows=9938 width=121)
	        Sort Key: c
	        ->  Bitmap Heap Scan on sbtest3  (cost=286.30..34563.93 rows=9938 width=121)
	              Recheck Cond: ((id >= 470249) AND (id <= 480248))
	              ->  Bitmap Index Scan on sbtest3_pkey  (cost=0.00..283.81 rows=9938 width=0)
	                    Index Cond: ((id >= 470249) AND (id <= 480248))

table 4 : explain SELECT DISTINCT c FROM sbtest4 WHERE id BETWEEN 907215 AND 917214 ORDER BY c
	Unique  (cost=34322.32..34370.71 rows=9677 width=121)
	  ->  Sort  (cost=34322.32..34346.51 rows=9677 width=121)
	        Sort Key: c
	        ->  Bitmap Heap Scan on sbtest4  (cost=267.62..33681.69 rows=9677 width=121)
	              Recheck Cond: ((id >= 907215) AND (id <= 917214))
	              ->  Bitmap Index Scan on sbtest4_pkey  (cost=0.00..265.20 rows=9677 width=0)
	                    Index Cond: ((id >= 907215) AND (id <= 917214))

table 5 : explain SELECT DISTINCT c FROM sbtest5 WHERE id BETWEEN 4476798 AND 4486797 ORDER BY c
	Unique  (cost=34282.48..34331.06 rows=9715 width=121)
	  ->  Sort  (cost=34282.48..34306.77 rows=9715 width=121)
	        Sort Key: c
	        ->  Bitmap Heap Scan on sbtest5  (cost=264.01..33639.06 rows=9715 width=121)
	              Recheck Cond: ((id >= 4476798) AND (id <= 4486797))
	              ->  Bitmap Index Scan on sbtest5_pkey  (cost=0.00..261.58 rows=9715 width=0)
	                    Index Cond: ((id >= 4476798) AND (id <= 4486797))

table 6 : explain SELECT DISTINCT c FROM sbtest6 WHERE id BETWEEN 176222 AND 186221 ORDER BY c
	Unique  (cost=32145.79..32190.98 rows=9039 width=121)
	  ->  Sort  (cost=32145.79..32168.38 rows=9039 width=121)
	        Sort Key: c
	        ->  Bitmap Heap Scan on sbtest6  (cost=253.08..31551.84 rows=9039 width=121)
	              Recheck Cond: ((id >= 176222) AND (id <= 186221))
	              ->  Bitmap Index Scan on sbtest6_pkey  (cost=0.00..250.82 rows=9039 width=0)
	                    Index Cond: ((id >= 176222) AND (id <= 186221))

table 7 : explain SELECT DISTINCT c FROM sbtest7 WHERE id BETWEEN 499065 AND 509064 ORDER BY c
	Unique  (cost=36338.48..36389.86 rows=10276 width=121)
	  ->  Sort  (cost=36338.48..36364.17 rows=10276 width=121)
	        Sort Key: c
	        ->  Bitmap Heap Scan on sbtest7  (cost=297.76..35653.74 rows=10276 width=121)
	              Recheck Cond: ((id >= 499065) AND (id <= 509064))
	              ->  Bitmap Index Scan on sbtest7_pkey  (cost=0.00..295.19 rows=10276 width=0)
	                    Index Cond: ((id >= 499065) AND (id <= 509064))

table 8 : explain SELECT DISTINCT c FROM sbtest8 WHERE id BETWEEN 2267399 AND 2277398 ORDER BY c
	Unique  (cost=38965.91..39021.85 rows=11188 width=121)
	  ->  Sort  (cost=38965.91..38993.88 rows=11188 width=121)
	        Sort Key: c
	        ->  Bitmap Heap Scan on sbtest8  (cost=311.11..38213.53 rows=11188 width=121)
	              Recheck Cond: ((id >= 2267399) AND (id <= 2277398))
	              ->  Bitmap Index Scan on sbtest8_pkey  (cost=0.00..308.31 rows=11188 width=0)
	                    Index Cond: ((id >= 2267399) AND (id <= 2277398))

for: sum_ranges
table 1 : explain SELECT SUM(k) FROM sbtest1 WHERE id BETWEEN 5099754 AND 5109753
	Aggregate  (cost=37217.83..37217.84 rows=1 width=8)
	  ->  Bitmap Heap Scan on sbtest1  (cost=303.52..37190.74 rows=10838 width=4)
	        Recheck Cond: ((id >= 5099754) AND (id <= 5109753))
	        ->  Bitmap Index Scan on sbtest1_pkey  (cost=0.00..300.81 rows=10838 width=0)
	              Index Cond: ((id >= 5099754) AND (id <= 5109753))

table 2 : explain SELECT SUM(k) FROM sbtest2 WHERE id BETWEEN 3187512 AND 3197511
	Aggregate  (cost=32226.52..32226.53 rows=1 width=8)
	  ->  Bitmap Heap Scan on sbtest2  (cost=259.39..32203.36 rows=9264 width=4)
	        Recheck Cond: ((id >= 3187512) AND (id <= 3197511))
	        ->  Bitmap Index Scan on sbtest2_pkey  (cost=0.00..257.07 rows=9264 width=0)
	              Index Cond: ((id >= 3187512) AND (id <= 3197511))

table 3 : explain SELECT SUM(k) FROM sbtest3 WHERE id BETWEEN 3859742 AND 3869741
	Aggregate  (cost=33176.76..33176.77 rows=1 width=8)
	  ->  Bitmap Heap Scan on sbtest3  (cost=273.76..33153.02 rows=9495 width=4)
	        Recheck Cond: ((id >= 3859742) AND (id <= 3869741))
	        ->  Bitmap Index Scan on sbtest3_pkey  (cost=0.00..271.38 rows=9495 width=0)
	              Index Cond: ((id >= 3859742) AND (id <= 3869741))

table 4 : explain SELECT SUM(k) FROM sbtest4 WHERE id BETWEEN 1937298 AND 1947297
	Aggregate  (cost=38398.17..38398.18 rows=1 width=8)
	  ->  Bitmap Heap Scan on sbtest4  (cost=306.90..38370.25 rows=11167 width=4)
	        Recheck Cond: ((id >= 1937298) AND (id <= 1947297))
	        ->  Bitmap Index Scan on sbtest4_pkey  (cost=0.00..304.11 rows=11167 width=0)
	              Index Cond: ((id >= 1937298) AND (id <= 1947297))

table 5 : explain SELECT SUM(k) FROM sbtest5 WHERE id BETWEEN 6411248 AND 6421247
	Aggregate  (cost=36606.99..36607.00 rows=1 width=8)
	  ->  Bitmap Heap Scan on sbtest5  (cost=289.64..36580.35 rows=10654 width=4)
	        Recheck Cond: ((id >= 6411248) AND (id <= 6421247))
	        ->  Bitmap Index Scan on sbtest5_pkey  (cost=0.00..286.98 rows=10654 width=0)
	              Index Cond: ((id >= 6411248) AND (id <= 6421247))

table 6 : explain SELECT SUM(k) FROM sbtest6 WHERE id BETWEEN 1875151 AND 1885150
	Aggregate  (cost=32300.88..32300.89 rows=1 width=8)
	  ->  Bitmap Heap Scan on sbtest6  (cost=259.41..32277.72 rows=9266 width=4)
	        Recheck Cond: ((id >= 1875151) AND (id <= 1885150))
	        ->  Bitmap Index Scan on sbtest6_pkey  (cost=0.00..257.09 rows=9266 width=0)
	              Index Cond: ((id >= 1875151) AND (id <= 1885150))

table 7 : explain SELECT SUM(k) FROM sbtest7 WHERE id BETWEEN 9202321 AND 9212320
	Aggregate  (cost=33257.42..33257.43 rows=1 width=8)
	  ->  Bitmap Heap Scan on sbtest7  (cost=273.97..33233.63 rows=9516 width=4)
	        Recheck Cond: ((id >= 9202321) AND (id <= 9212320))
	        ->  Bitmap Index Scan on sbtest7_pkey  (cost=0.00..271.59 rows=9516 width=0)
	              Index Cond: ((id >= 9202321) AND (id <= 9212320))

table 8 : explain SELECT SUM(k) FROM sbtest8 WHERE id BETWEEN 4982275 AND 4992274
	Aggregate  (cost=35744.00..35744.01 rows=1 width=8)
	  ->  Bitmap Heap Scan on sbtest8  (cost=290.85..35718.04 rows=10382 width=4)
	        Recheck Cond: ((id >= 4982275) AND (id <= 4992274))
	        ->  Bitmap Index Scan on sbtest8_pkey  (cost=0.00..288.25 rows=10382 width=0)
	              Index Cond: ((id >= 4982275) AND (id <= 4992274))

explain: for point_selects :: explain SELECT c FROM sbtest%u WHERE id=%u
for: sum_ranges
table 1 : explain SELECT SUM(k) FROM sbtest1 WHERE id BETWEEN 6662912 AND 6672911
	Aggregate  (cost=36919.31..36919.32 rows=1 width=8)
	  ->  Bitmap Heap Scan on sbtest1  (cost=298.54..36892.46 rows=10742 width=4)
	        Recheck Cond: ((id >= 6662912) AND (id <= 6672911))
	        ->  Bitmap Index Scan on sbtest1_pkey  (cost=0.00..295.86 rows=10742 width=0)
	              Index Cond: ((id >= 6662912) AND (id <= 6672911))

table 2 : explain SELECT SUM(k) FROM sbtest2 WHERE id BETWEEN 5315973 AND 5325972
	Aggregate  (cost=34613.29..34613.30 rows=1 width=8)
	  ->  Bitmap Heap Scan on sbtest2  (cost=279.14..34588.24 rows=10020 width=4)
	        Recheck Cond: ((id >= 5315973) AND (id <= 5325972))
	        ->  Bitmap Index Scan on sbtest2_pkey  (cost=0.00..276.63 rows=10020 width=0)
	              Index Cond: ((id >= 5315973) AND (id <= 5325972))

table 3 : explain SELECT SUM(k) FROM sbtest3 WHERE id BETWEEN 6597024 AND 6607023
	Aggregate  (cost=37278.28..37278.29 rows=1 width=8)
	  ->  Bitmap Heap Scan on sbtest3  (cost=311.02..37251.31 rows=10789 width=4)
	        Recheck Cond: ((id >= 6597024) AND (id <= 6607023))
	        ->  Bitmap Index Scan on sbtest3_pkey  (cost=0.00..308.32 rows=10789 width=0)
	              Index Cond: ((id >= 6597024) AND (id <= 6607023))

table 4 : explain SELECT SUM(k) FROM sbtest4 WHERE id BETWEEN 2303750 AND 2313749
	Aggregate  (cost=34354.81..34354.82 rows=1 width=8)
	  ->  Bitmap Heap Scan on sbtest4  (cost=273.72..34330.11 rows=9881 width=4)
	        Recheck Cond: ((id >= 2303750) AND (id <= 2313749))
	        ->  Bitmap Index Scan on sbtest4_pkey  (cost=0.00..271.25 rows=9881 width=0)
	              Index Cond: ((id >= 2303750) AND (id <= 2313749))

table 5 : explain SELECT SUM(k) FROM sbtest5 WHERE id BETWEEN 6641045 AND 6651044
	Aggregate  (cost=37998.04..37998.05 rows=1 width=8)
	  ->  Bitmap Heap Scan on sbtest5  (cost=302.23..37970.28 rows=11102 width=4)
	        Recheck Cond: ((id >= 6641045) AND (id <= 6651044))
	        ->  Bitmap Index Scan on sbtest5_pkey  (cost=0.00..299.45 rows=11102 width=0)
	              Index Cond: ((id >= 6641045) AND (id <= 6651044))

table 6 : explain SELECT SUM(k) FROM sbtest6 WHERE id BETWEEN 4011326 AND 4021325
	Aggregate  (cost=34438.22..34438.23 rows=1 width=8)
	  ->  Bitmap Heap Scan on sbtest6  (cost=274.33..34413.37 rows=9941 width=4)
	        Recheck Cond: ((id >= 4011326) AND (id <= 4021325))
	        ->  Bitmap Index Scan on sbtest6_pkey  (cost=0.00..271.84 rows=9941 width=0)
	              Index Cond: ((id >= 4011326) AND (id <= 4021325))

table 7 : explain SELECT SUM(k) FROM sbtest7 WHERE id BETWEEN 7241066 AND 7251065
	Aggregate  (cost=33941.71..33941.72 rows=1 width=8)
	  ->  Bitmap Heap Scan on sbtest7  (cost=280.17..33917.39 rows=9730 width=4)
	        Recheck Cond: ((id >= 7241066) AND (id <= 7251065))
	        ->  Bitmap Index Scan on sbtest7_pkey  (cost=0.00..277.74 rows=9730 width=0)
	              Index Cond: ((id >= 7241066) AND (id <= 7251065))

table 8 : explain SELECT SUM(k) FROM sbtest8 WHERE id BETWEEN 830809 AND 840808
	Aggregate  (cost=32630.84..32630.85 rows=1 width=8)
	  ->  Bitmap Heap Scan on sbtest8  (cost=264.70..32607.36 rows=9392 width=4)
	        Recheck Cond: ((id >= 830809) AND (id <= 840808))
	        ->  Bitmap Index Scan on sbtest8_pkey  (cost=0.00..262.36 rows=9392 width=0)
	              Index Cond: ((id >= 830809) AND (id <= 840808))

for: sum_ranges
table 1 : explain SELECT SUM(k) FROM sbtest1 WHERE id BETWEEN 320427 AND 330426
	Aggregate  (cost=34429.43..34429.44 rows=1 width=8)
	  ->  Bitmap Heap Scan on sbtest1  (cost=278.39..34404.57 rows=9947 width=4)
	        Recheck Cond: ((id >= 320427) AND (id <= 330426))
	        ->  Bitmap Index Scan on sbtest1_pkey  (cost=0.00..275.91 rows=9947 width=0)
	              Index Cond: ((id >= 320427) AND (id <= 330426))

table 2 : explain SELECT SUM(k) FROM sbtest2 WHERE id BETWEEN 3288393 AND 3298392
	Aggregate  (cost=35303.23..35303.24 rows=1 width=8)
	  ->  Bitmap Heap Scan on sbtest2  (cost=285.39..35277.63 rows=10240 width=4)
	        Recheck Cond: ((id >= 3288393) AND (id <= 3298392))
	        ->  Bitmap Index Scan on sbtest2_pkey  (cost=0.00..282.83 rows=10240 width=0)
	              Index Cond: ((id >= 3288393) AND (id <= 3298392))

table 3 : explain SELECT SUM(k) FROM sbtest3 WHERE id BETWEEN 1929375 AND 1939374
	Aggregate  (cost=33212.76..33212.77 rows=1 width=8)
	  ->  Bitmap Heap Scan on sbtest3  (cost=273.87..33188.99 rows=9506 width=4)
	        Recheck Cond: ((id >= 1929375) AND (id <= 1939374))
	        ->  Bitmap Index Scan on sbtest3_pkey  (cost=0.00..271.50 rows=9506 width=0)
	              Index Cond: ((id >= 1929375) AND (id <= 1939374))

table 4 : explain SELECT SUM(k) FROM sbtest4 WHERE id BETWEEN 7497455 AND 7507454
	Aggregate  (cost=38475.09..38475.10 rows=1 width=8)
	  ->  Bitmap Heap Scan on sbtest4  (cost=307.15..38447.11 rows=11192 width=4)
	        Recheck Cond: ((id >= 7497455) AND (id <= 7507454))
	        ->  Bitmap Index Scan on sbtest4_pkey  (cost=0.00..304.36 rows=11192 width=0)
	              Index Cond: ((id >= 7497455) AND (id <= 7507454))

table 5 : explain SELECT SUM(k) FROM sbtest5 WHERE id BETWEEN 8730724 AND 8740723
	Aggregate  (cost=34113.18..34113.19 rows=1 width=8)
	  ->  Bitmap Heap Scan on sbtest5  (cost=265.48..34088.53 rows=9858 width=4)
	        Recheck Cond: ((id >= 8730724) AND (id <= 8740723))
	        ->  Bitmap Index Scan on sbtest5_pkey  (cost=0.00..263.01 rows=9858 width=0)
	              Index Cond: ((id >= 8730724) AND (id <= 8740723))

table 6 : explain SELECT SUM(k) FROM sbtest6 WHERE id BETWEEN 7363013 AND 7373012
	Aggregate  (cost=34937.10..34937.11 rows=1 width=8)
	  ->  Bitmap Heap Scan on sbtest6  (cost=279.95..34911.85 rows=10099 width=4)
	        Recheck Cond: ((id >= 7363013) AND (id <= 7373012))
	        ->  Bitmap Index Scan on sbtest6_pkey  (cost=0.00..277.43 rows=10099 width=0)
	              Index Cond: ((id >= 7363013) AND (id <= 7373012))

table 7 : explain SELECT SUM(k) FROM sbtest7 WHERE id BETWEEN 9308626 AND 9318625
	Aggregate  (cost=32210.01..32210.02 rows=1 width=8)
	  ->  Bitmap Heap Scan on sbtest7  (cost=266.62..32187.03 rows=9189 width=4)
	        Recheck Cond: ((id >= 9308626) AND (id <= 9318625))
	        ->  Bitmap Index Scan on sbtest7_pkey  (cost=0.00..264.32 rows=9189 width=0)
	              Index Cond: ((id >= 9308626) AND (id <= 9318625))

table 8 : explain SELECT SUM(k) FROM sbtest8 WHERE id BETWEEN 6842579 AND 6852578
	Aggregate  (cost=32932.85..32932.86 rows=1 width=8)
	  ->  Bitmap Heap Scan on sbtest8  (cost=265.69..32909.13 rows=9488 width=4)
	        Recheck Cond: ((id >= 6842579) AND (id <= 6852578))
	        ->  Bitmap Index Scan on sbtest8_pkey  (cost=0.00..263.31 rows=9488 width=0)
	              Index Cond: ((id >= 6842579) AND (id <= 6852578))

for: simple_ranges
table 1 : explain SELECT c FROM sbtest1 WHERE id BETWEEN 9022873 AND 9032872
	Bitmap Heap Scan on sbtest1  (cost=311.58..38416.22 rows=11234 width=121)
	  Recheck Cond: ((id >= 9022873) AND (id <= 9032872))
	  ->  Bitmap Index Scan on sbtest1_pkey  (cost=0.00..308.78 rows=11234 width=0)
	        Index Cond: ((id >= 9022873) AND (id <= 9032872))

table 2 : explain SELECT c FROM sbtest2 WHERE id BETWEEN 1987733 AND 1997732
	Bitmap Heap Scan on sbtest2  (cost=277.99..34236.80 rows=9908 width=121)
	  Recheck Cond: ((id >= 1987733) AND (id <= 1997732))
	  ->  Bitmap Index Scan on sbtest2_pkey  (cost=0.00..275.51 rows=9908 width=0)
	        Index Cond: ((id >= 1987733) AND (id <= 1997732))

table 3 : explain SELECT c FROM sbtest3 WHERE id BETWEEN 6672442 AND 6682441
	Bitmap Heap Scan on sbtest3  (cost=260.91..31636.00 rows=9022 width=121)
	  Recheck Cond: ((id >= 6672442) AND (id <= 6682441))
	  ->  Bitmap Index Scan on sbtest3_pkey  (cost=0.00..258.66 rows=9022 width=0)
	        Index Cond: ((id >= 6672442) AND (id <= 6682441))

table 4 : explain SELECT c FROM sbtest4 WHERE id BETWEEN 6650683 AND 6660682
	Bitmap Heap Scan on sbtest4  (cost=276.10..35063.76 rows=10114 width=121)
	  Recheck Cond: ((id >= 6650683) AND (id <= 6660682))
	  ->  Bitmap Index Scan on sbtest4_pkey  (cost=0.00..273.57 rows=10114 width=0)
	        Index Cond: ((id >= 6650683) AND (id <= 6660682))

table 5 : explain SELECT c FROM sbtest5 WHERE id BETWEEN 377654 AND 387653
	Bitmap Heap Scan on sbtest5  (cost=257.40..32834.35 rows=9460 width=121)
	  Recheck Cond: ((id >= 377654) AND (id <= 387653))
	  ->  Bitmap Index Scan on sbtest5_pkey  (cost=0.00..255.04 rows=9460 width=0)
	        Index Cond: ((id >= 377654) AND (id <= 387653))

table 6 : explain SELECT c FROM sbtest6 WHERE id BETWEEN 652377 AND 662376
	Bitmap Heap Scan on sbtest6  (cost=286.61..35728.24 rows=10359 width=121)
	  Recheck Cond: ((id >= 652377) AND (id <= 662376))
	  ->  Bitmap Index Scan on sbtest6_pkey  (cost=0.00..284.03 rows=10359 width=0)
	        Index Cond: ((id >= 652377) AND (id <= 662376))

table 7 : explain SELECT c FROM sbtest7 WHERE id BETWEEN 9351410 AND 9361409
	Bitmap Heap Scan on sbtest7  (cost=266.62..32187.03 rows=9189 width=121)
	  Recheck Cond: ((id >= 9351410) AND (id <= 9361409))
	  ->  Bitmap Index Scan on sbtest7_pkey  (cost=0.00..264.32 rows=9189 width=0)
	        Index Cond: ((id >= 9351410) AND (id <= 9361409))

table 8 : explain SELECT c FROM sbtest8 WHERE id BETWEEN 122508 AND 132507
	Bitmap Heap Scan on sbtest8  (cost=297.70..36580.24 rows=10660 width=121)
	  Recheck Cond: ((id >= 122508) AND (id <= 132507))
	  ->  Bitmap Index Scan on sbtest8_pkey  (cost=0.00..295.04 rows=10660 width=0)
	        Index Cond: ((id >= 122508) AND (id <= 132507))

for: order_ranges
table 1 : explain SELECT c FROM sbtest1 WHERE id BETWEEN 3620541 AND 3630540 ORDER BY c
	Sort  (cost=35402.11..35427.24 rows=10052 width=121)
	  Sort Key: c
	  ->  Bitmap Heap Scan on sbtest1  (cost=279.47..34733.90 rows=10052 width=121)
	        Recheck Cond: ((id >= 3620541) AND (id <= 3630540))
	        ->  Bitmap Index Scan on sbtest1_pkey  (cost=0.00..276.95 rows=10052 width=0)
	              Index Cond: ((id >= 3620541) AND (id <= 3630540))

table 2 : explain SELECT c FROM sbtest2 WHERE id BETWEEN 3491236 AND 3501235 ORDER BY c
	Sort  (cost=39122.64..39150.73 rows=11236 width=121)
	  Sort Key: c
	  ->  Bitmap Heap Scan on sbtest2  (cost=311.60..38366.69 rows=11236 width=121)
	        Recheck Cond: ((id >= 3491236) AND (id <= 3501235))
	        ->  Bitmap Index Scan on sbtest2_pkey  (cost=0.00..308.80 rows=11236 width=0)
	              Index Cond: ((id >= 3491236) AND (id <= 3501235))

table 3 : explain SELECT c FROM sbtest3 WHERE id BETWEEN 7961990 AND 7971989 ORDER BY c
	Sort  (cost=35150.45..35175.24 rows=9915 width=121)
	  Sort Key: c
	  ->  Bitmap Heap Scan on sbtest3  (cost=286.06..34492.32 rows=9915 width=121)
	        Recheck Cond: ((id >= 7961990) AND (id <= 7971989))
	        ->  Bitmap Index Scan on sbtest3_pkey  (cost=0.00..283.58 rows=9915 width=0)
	              Index Cond: ((id >= 7961990) AND (id <= 7971989))

table 4 : explain SELECT c FROM sbtest4 WHERE id BETWEEN 937213 AND 947212 ORDER BY c
	Sort  (cost=34322.32..34346.51 rows=9677 width=121)
	  Sort Key: c
	  ->  Bitmap Heap Scan on sbtest4  (cost=267.62..33681.69 rows=9677 width=121)
	        Recheck Cond: ((id >= 937213) AND (id <= 947212))
	        ->  Bitmap Index Scan on sbtest4_pkey  (cost=0.00..265.20 rows=9677 width=0)
	              Index Cond: ((id >= 937213) AND (id <= 947212))

table 5 : explain SELECT c FROM sbtest5 WHERE id BETWEEN 7277667 AND 7287666 ORDER BY c
	Sort  (cost=36389.84..36415.77 rows=10371 width=121)
	  Sort Key: c
	  ->  Bitmap Heap Scan on sbtest5  (cost=282.74..35698.08 rows=10371 width=121)
	        Recheck Cond: ((id >= 7277667) AND (id <= 7287666))
	        ->  Bitmap Index Scan on sbtest5_pkey  (cost=0.00..280.15 rows=10371 width=0)
	              Index Cond: ((id >= 7277667) AND (id <= 7287666))

table 6 : explain SELECT c FROM sbtest6 WHERE id BETWEEN 5730045 AND 5740044 ORDER BY c
	Sort  (cost=34722.27..34746.85 rows=9832 width=121)
	  Sort Key: c
	  ->  Bitmap Heap Scan on sbtest6  (cost=273.21..34070.24 rows=9832 width=121)
	        Recheck Cond: ((id >= 5730045) AND (id <= 5740044))
	        ->  Bitmap Index Scan on sbtest6_pkey  (cost=0.00..270.75 rows=9832 width=0)
	              Index Cond: ((id >= 5730045) AND (id <= 5740044))

table 7 : explain SELECT c FROM sbtest7 WHERE id BETWEEN 2491073 AND 2501072 ORDER BY c
	Sort  (cost=36248.83..36274.45 rows=10248 width=121)
	  Sort Key: c
	  ->  Bitmap Heap Scan on sbtest7  (cost=297.48..35566.16 rows=10248 width=121)
	        Recheck Cond: ((id >= 2491073) AND (id <= 2501072))
	        ->  Bitmap Index Scan on sbtest7_pkey  (cost=0.00..294.92 rows=10248 width=0)
	              Index Cond: ((id >= 2491073) AND (id <= 2501072))

table 8 : explain SELECT c FROM sbtest8 WHERE id BETWEEN 1019352 AND 1029351 ORDER BY c
	Sort  (cost=34523.76..34548.25 rows=9795 width=121)
	  Sort Key: c
	  ->  Bitmap Heap Scan on sbtest8  (cost=272.83..33874.46 rows=9795 width=121)
	        Recheck Cond: ((id >= 1019352) AND (id <= 1029351))
	        ->  Bitmap Index Scan on sbtest8_pkey  (cost=0.00..270.38 rows=9795 width=0)
	              Index Cond: ((id >= 1019352) AND (id <= 1029351))

for: order_ranges
table 1 : explain SELECT c FROM sbtest1 WHERE id BETWEEN 3450475 AND 3460474 ORDER BY c
	Sort  (cost=36346.50..36372.37 rows=10345 width=121)
	  Sort Key: c
	  ->  Bitmap Heap Scan on sbtest1  (cost=290.47..35656.67 rows=10345 width=121)
	        Recheck Cond: ((id >= 3450475) AND (id <= 3460474))
	        ->  Bitmap Index Scan on sbtest1_pkey  (cost=0.00..287.88 rows=10345 width=0)
	              Index Cond: ((id >= 3450475) AND (id <= 3460474))

table 2 : explain SELECT c FROM sbtest2 WHERE id BETWEEN 3971449 AND 3981448 ORDER BY c
	Sort  (cost=33209.49..33232.96 rows=9387 width=121)
	  Sort Key: c
	  ->  Bitmap Heap Scan on sbtest2  (cost=260.65..32590.12 rows=9387 width=121)
	        Recheck Cond: ((id >= 3971449) AND (id <= 3981448))
	        ->  Bitmap Index Scan on sbtest2_pkey  (cost=0.00..258.31 rows=9387 width=0)
	              Index Cond: ((id >= 3971449) AND (id <= 3981448))

table 3 : explain SELECT c FROM sbtest3 WHERE id BETWEEN 2207246 AND 2217245 ORDER BY c
	Sort  (cost=35340.27..35365.20 rows=9974 width=121)
	  Sort Key: c
	  ->  Bitmap Heap Scan on sbtest3  (cost=286.67..34677.79 rows=9974 width=121)
	        Recheck Cond: ((id >= 2207246) AND (id <= 2217245))
	        ->  Bitmap Index Scan on sbtest3_pkey  (cost=0.00..284.18 rows=9974 width=0)
	              Index Cond: ((id >= 2207246) AND (id <= 2217245))

table 4 : explain SELECT c FROM sbtest4 WHERE id BETWEEN 5415624 AND 5425623 ORDER BY c
	Sort  (cost=36847.30..36873.45 rows=10458 width=121)
	  Sort Key: c
	  ->  Bitmap Heap Scan on sbtest4  (cost=287.63..36149.11 rows=10458 width=121)
	        Recheck Cond: ((id >= 5415624) AND (id <= 5425623))
	        ->  Bitmap Index Scan on sbtest4_pkey  (cost=0.00..285.01 rows=10458 width=0)
	              Index Cond: ((id >= 5415624) AND (id <= 5425623))

table 5 : explain SELECT c FROM sbtest5 WHERE id BETWEEN 9239274 AND 9249273 ORDER BY c
	Sort  (cost=35800.08..35825.55 rows=10187 width=121)
	  Sort Key: c
	  ->  Bitmap Heap Scan on sbtest5  (cost=276.85..35121.91 rows=10187 width=121)
	        Recheck Cond: ((id >= 9239274) AND (id <= 9249273))
	        ->  Bitmap Index Scan on sbtest5_pkey  (cost=0.00..274.31 rows=10187 width=0)
	              Index Cond: ((id >= 9239274) AND (id <= 9249273))

table 6 : explain SELECT c FROM sbtest6 WHERE id BETWEEN 5691121 AND 5701120 ORDER BY c
	Sort  (cost=33904.84..33928.78 rows=9579 width=121)
	  Sort Key: c
	  ->  Bitmap Heap Scan on sbtest6  (cost=266.62..33271.39 rows=9579 width=121)
	        Recheck Cond: ((id >= 5691121) AND (id <= 5701120))
	        ->  Bitmap Index Scan on sbtest6_pkey  (cost=0.00..264.23 rows=9579 width=0)
	              Index Cond: ((id >= 5691121) AND (id <= 5701120))

table 7 : explain SELECT c FROM sbtest7 WHERE id BETWEEN 5509261 AND 5519260 ORDER BY c
	Sort  (cost=35076.46..35101.18 rows=9888 width=121)
	  Sort Key: c
	  ->  Bitmap Heap Scan on sbtest7  (cost=285.79..34420.32 rows=9888 width=121)
	        Recheck Cond: ((id >= 5509261) AND (id <= 5519260))
	        ->  Bitmap Index Scan on sbtest7_pkey  (cost=0.00..283.31 rows=9888 width=0)
	              Index Cond: ((id >= 5509261) AND (id <= 5519260))

table 8 : explain SELECT c FROM sbtest8 WHERE id BETWEEN 4582810 AND 4592809 ORDER BY c
	Sort  (cost=37244.24..37270.85 rows=10644 width=121)
	  Sort Key: c
	  ->  Bitmap Heap Scan on sbtest8  (cost=297.54..36532.27 rows=10644 width=121)
	        Recheck Cond: ((id >= 4582810) AND (id <= 4592809))
	        ->  Bitmap Index Scan on sbtest8_pkey  (cost=0.00..294.88 rows=10644 width=0)
	              Index Cond: ((id >= 4582810) AND (id <= 4592809))

for point_selects
table 1 : explain SELECT c FROM sbtest1 WHERE id=3663870
	Index Scan using sbtest1_pkey on sbtest1  (cost=0.43..8.45 rows=1 width=121)
	  Index Cond: (id = 3663870)

table 2 : explain SELECT c FROM sbtest2 WHERE id=4281320
	Index Scan using sbtest2_pkey on sbtest2  (cost=0.43..8.45 rows=1 width=121)
	  Index Cond: (id = 4281320)

table 3 : explain SELECT c FROM sbtest3 WHERE id=2434930
	Index Scan using sbtest3_pkey on sbtest3  (cost=0.43..8.45 rows=1 width=121)
	  Index Cond: (id = 2434930)

table 4 : explain SELECT c FROM sbtest4 WHERE id=7988513
	Index Scan using sbtest4_pkey on sbtest4  (cost=0.43..8.45 rows=1 width=121)
	  Index Cond: (id = 7988513)

table 5 : explain SELECT c FROM sbtest5 WHERE id=4620304
	Index Scan using sbtest5_pkey on sbtest5  (cost=0.43..8.45 rows=1 width=121)
	  Index Cond: (id = 4620304)

table 6 : explain SELECT c FROM sbtest6 WHERE id=1995800
	Index Scan using sbtest6_pkey on sbtest6  (cost=0.43..8.45 rows=1 width=121)
	  Index Cond: (id = 1995800)

table 7 : explain SELECT c FROM sbtest7 WHERE id=1741246
	Index Scan using sbtest7_pkey on sbtest7  (cost=0.43..8.45 rows=1 width=121)
	  Index Cond: (id = 1741246)

table 8 : explain SELECT c FROM sbtest8 WHERE id=7100228
	Index Scan using sbtest8_pkey on sbtest8  (cost=0.43..8.45 rows=1 width=121)
	  Index Cond: (id = 7100228)

for: sum_ranges
table 1 : explain SELECT SUM(k) FROM sbtest1 WHERE id BETWEEN 9799883 AND 9809882
	Aggregate  (cost=36794.38..36794.39 rows=1 width=8)
	  ->  Bitmap Heap Scan on sbtest1  (cost=298.13..36767.63 rows=10702 width=4)
	        Recheck Cond: ((id >= 9799883) AND (id <= 9809882))
	        ->  Bitmap Index Scan on sbtest1_pkey  (cost=0.00..295.45 rows=10702 width=0)
	              Index Cond: ((id >= 9799883) AND (id <= 9809882))

table 2 : explain SELECT SUM(k) FROM sbtest2 WHERE id BETWEEN 5878175 AND 5888174
	Aggregate  (cost=31197.60..31197.61 rows=1 width=8)
	  ->  Bitmap Heap Scan on sbtest2  (cost=248.09..31175.25 rows=8942 width=4)
	        Recheck Cond: ((id >= 5878175) AND (id <= 5888174))
	        ->  Bitmap Index Scan on sbtest2_pkey  (cost=0.00..245.86 rows=8942 width=0)
	              Index Cond: ((id >= 5878175) AND (id <= 5888174))

table 3 : explain SELECT SUM(k) FROM sbtest3 WHERE id BETWEEN 4907718 AND 4917717
	Aggregate  (cost=35434.93..35434.94 rows=1 width=8)
	  ->  Bitmap Heap Scan on sbtest3  (cost=293.04..35409.41 rows=10205 width=4)
	        Recheck Cond: ((id >= 4907718) AND (id <= 4917717))
	        ->  Bitmap Index Scan on sbtest3_pkey  (cost=0.00..290.49 rows=10205 width=0)
	              Index Cond: ((id >= 4907718) AND (id <= 4917717))

table 4 : explain SELECT SUM(k) FROM sbtest4 WHERE id BETWEEN 546356 AND 556355
	Aggregate  (cost=38164.10..38164.11 rows=1 width=8)
	  ->  Bitmap Heap Scan on sbtest4  (cost=306.13..38136.37 rows=11092 width=4)
	        Recheck Cond: ((id >= 546356) AND (id <= 556355))
	        ->  Bitmap Index Scan on sbtest4_pkey  (cost=0.00..303.36 rows=11092 width=0)
	              Index Cond: ((id >= 546356) AND (id <= 556355))

table 5 : explain SELECT SUM(k) FROM sbtest5 WHERE id BETWEEN 3335269 AND 3345268
	Aggregate  (cost=33805.82..33805.83 rows=1 width=8)
	  ->  Bitmap Heap Scan on sbtest5  (cost=264.48..33781.42 rows=9760 width=4)
	        Recheck Cond: ((id >= 3335269) AND (id <= 3345268))
	        ->  Bitmap Index Scan on sbtest5_pkey  (cost=0.00..262.04 rows=9760 width=0)
	              Index Cond: ((id >= 3335269) AND (id <= 3345268))

table 6 : explain SELECT SUM(k) FROM sbtest6 WHERE id BETWEEN 4555223 AND 4565222
	Aggregate  (cost=34434.98..34434.99 rows=1 width=8)
	  ->  Bitmap Heap Scan on sbtest6  (cost=274.32..34410.13 rows=9940 width=4)
	        Recheck Cond: ((id >= 4555223) AND (id <= 4565222))
	        ->  Bitmap Index Scan on sbtest6_pkey  (cost=0.00..271.83 rows=9940 width=0)
	              Index Cond: ((id >= 4555223) AND (id <= 4565222))

table 7 : explain SELECT SUM(k) FROM sbtest7 WHERE id BETWEEN 2858024 AND 2868023
	Aggregate  (cost=33083.79..33083.80 rows=1 width=8)
	  ->  Bitmap Heap Scan on sbtest7  (cost=273.41..33060.14 rows=9461 width=4)
	        Recheck Cond: ((id >= 2858024) AND (id <= 2868023))
	        ->  Bitmap Index Scan on sbtest7_pkey  (cost=0.00..271.05 rows=9461 width=0)
	              Index Cond: ((id >= 2858024) AND (id <= 2868023))

table 8 : explain SELECT SUM(k) FROM sbtest8 WHERE id BETWEEN 1205453 AND 1215452
	Aggregate  (cost=34426.17..34426.18 rows=1 width=8)
	  ->  Bitmap Heap Scan on sbtest8  (cost=278.55..34401.27 rows=9962 width=4)
	        Recheck Cond: ((id >= 1205453) AND (id <= 1215452))
	        ->  Bitmap Index Scan on sbtest8_pkey  (cost=0.00..276.06 rows=9962 width=0)
	              Index Cond: ((id >= 1205453) AND (id <= 1215452))

for: order_ranges
table 1 : explain SELECT c FROM sbtest1 WHERE id BETWEEN 1505365 AND 1515364 ORDER BY c
	Sort  (cost=33284.80..33308.30 rows=9397 width=121)
	  Sort Key: c
	  ->  Bitmap Heap Scan on sbtest1  (cost=260.75..32664.70 rows=9397 width=121)
	        Recheck Cond: ((id >= 1505365) AND (id <= 1515364))
	        ->  Bitmap Index Scan on sbtest1_pkey  (cost=0.00..258.41 rows=9397 width=0)
	              Index Cond: ((id >= 1505365) AND (id <= 1515364))

table 2 : explain SELECT c FROM sbtest2 WHERE id BETWEEN 9273107 AND 9283106 ORDER BY c
	Sort  (cost=32420.15..32443.01 rows=9144 width=121)
	  Sort Key: c
	  ->  Bitmap Heap Scan on sbtest2  (cost=254.16..31818.54 rows=9144 width=121)
	        Recheck Cond: ((id >= 9273107) AND (id <= 9283106))
	        ->  Bitmap Index Scan on sbtest2_pkey  (cost=0.00..251.88 rows=9144 width=0)
	              Index Cond: ((id >= 9273107) AND (id <= 9283106))

table 3 : explain SELECT c FROM sbtest3 WHERE id BETWEEN 6472003 AND 6482002 ORDER BY c
	Sort  (cost=34446.18..34470.42 rows=9699 width=121)
	  Sort Key: c
	  ->  Bitmap Heap Scan on sbtest3  (cost=279.85..33803.93 rows=9699 width=121)
	        Recheck Cond: ((id >= 6472003) AND (id <= 6482002))
	        ->  Bitmap Index Scan on sbtest3_pkey  (cost=0.00..277.43 rows=9699 width=0)
	              Index Cond: ((id >= 6472003) AND (id <= 6482002))

table 4 : explain SELECT c FROM sbtest4 WHERE id BETWEEN 5520558 AND 5530557 ORDER BY c
	Sort  (cost=38947.27..38975.05 rows=11113 width=121)
	  Sort Key: c
	  ->  Bitmap Heap Scan on sbtest4  (cost=306.34..38200.48 rows=11113 width=121)
	        Recheck Cond: ((id >= 5520558) AND (id <= 5530557))
	        ->  Bitmap Index Scan on sbtest4_pkey  (cost=0.00..303.56 rows=11113 width=0)
	              Index Cond: ((id >= 5520558) AND (id <= 5530557))

table 5 : explain SELECT c FROM sbtest5 WHERE id BETWEEN 5484647 AND 5494646 ORDER BY c
	Sort  (cost=33059.49..33082.83 rows=9338 width=121)
	  Sort Key: c
	  ->  Bitmap Heap Scan on sbtest5  (cost=252.15..32443.70 rows=9338 width=121)
	        Recheck Cond: ((id >= 5484647) AND (id <= 5494646))
	        ->  Bitmap Index Scan on sbtest5_pkey  (cost=0.00..249.81 rows=9338 width=0)
	              Index Cond: ((id >= 5484647) AND (id <= 5494646))

table 6 : explain SELECT c FROM sbtest6 WHERE id BETWEEN 9695820 AND 9705819 ORDER BY c
	Sort  (cost=35725.57..35750.93 rows=10143 width=121)
	  Sort Key: c
	  ->  Bitmap Heap Scan on sbtest6  (cost=280.40..35050.64 rows=10143 width=121)
	        Recheck Cond: ((id >= 9695820) AND (id <= 9705819))
	        ->  Bitmap Index Scan on sbtest6_pkey  (cost=0.00..277.87 rows=10143 width=0)
	              Index Cond: ((id >= 9695820) AND (id <= 9705819))

table 7 : explain SELECT c FROM sbtest7 WHERE id BETWEEN 7441152 AND 7451151 ORDER BY c
	Sort  (cost=38922.38..38950.07 rows=11078 width=121)
	  Sort Key: c
	  ->  Bitmap Heap Scan on sbtest7  (cost=321.98..38178.19 rows=11078 width=121)
	        Recheck Cond: ((id >= 7441152) AND (id <= 7451151))
	        ->  Bitmap Index Scan on sbtest7_pkey  (cost=0.00..319.21 rows=11078 width=0)
	              Index Cond: ((id >= 7441152) AND (id <= 7451151))

table 8 : explain SELECT c FROM sbtest8 WHERE id BETWEEN 247403 AND 257402 ORDER BY c
	Sort  (cost=35419.67..35444.85 rows=10072 width=121)
	  Sort Key: c
	  ->  Bitmap Heap Scan on sbtest8  (cost=283.67..34749.98 rows=10072 width=121)
	        Recheck Cond: ((id >= 247403) AND (id <= 257402))
	        ->  Bitmap Index Scan on sbtest8_pkey  (cost=0.00..281.16 rows=10072 width=0)
	              Index Cond: ((id >= 247403) AND (id <= 257402))

for: distinct_ranges
table 1 : explain SELECT DISTINCT c FROM sbtest1 WHERE id BETWEEN 4037969 AND 4047968 ORDER BY c
	Unique  (cost=34912.84..34962.34 rows=9899 width=121)
	  ->  Sort  (cost=34912.84..34937.59 rows=9899 width=121)
	        Sort Key: c
	        ->  Bitmap Heap Scan on sbtest1  (cost=277.90..34255.89 rows=9899 width=121)
	              Recheck Cond: ((id >= 4037969) AND (id <= 4047968))
	              ->  Bitmap Index Scan on sbtest1_pkey  (cost=0.00..275.43 rows=9899 width=0)
	                    Index Cond: ((id >= 4037969) AND (id <= 4047968))

table 2 : explain SELECT DISTINCT c FROM sbtest2 WHERE id BETWEEN 1786981 AND 1796980 ORDER BY c
	Unique  (cost=35006.67..35056.38 rows=9943 width=121)
	  ->  Sort  (cost=35006.67..35031.52 rows=9943 width=121)
	        Sort Key: c
	        ->  Bitmap Heap Scan on sbtest2  (cost=278.35..34346.48 rows=9943 width=121)
	              Recheck Cond: ((id >= 1786981) AND (id <= 1796980))
	              ->  Bitmap Index Scan on sbtest2_pkey  (cost=0.00..275.87 rows=9943 width=0)
	                    Index Cond: ((id >= 1786981) AND (id <= 1796980))

table 3 : explain SELECT DISTINCT c FROM sbtest3 WHERE id BETWEEN 9675651 AND 9685650 ORDER BY c
	Unique  (cost=36082.28..36133.29 rows=10203 width=121)
	  ->  Sort  (cost=36082.28..36107.79 rows=10203 width=121)
	        Sort Key: c
	        ->  Bitmap Heap Scan on sbtest3  (cost=293.02..35402.93 rows=10203 width=121)
	              Recheck Cond: ((id >= 9675651) AND (id <= 9685650))
	              ->  Bitmap Index Scan on sbtest3_pkey  (cost=0.00..290.46 rows=10203 width=0)
	                    Index Cond: ((id >= 9675651) AND (id <= 9685650))

table 4 : explain SELECT DISTINCT c FROM sbtest4 WHERE id BETWEEN 329199 AND 339198 ORDER BY c
	Unique  (cost=33697.53..33744.96 rows=9486 width=121)
	  ->  Sort  (cost=33697.53..33721.24 rows=9486 width=121)
	        Sort Key: c
	        ->  Bitmap Heap Scan on sbtest4  (cost=261.67..33070.90 rows=9486 width=121)
	              Recheck Cond: ((id >= 329199) AND (id <= 339198))
	              ->  Bitmap Index Scan on sbtest4_pkey  (cost=0.00..259.30 rows=9486 width=0)
	                    Index Cond: ((id >= 329199) AND (id <= 339198))

table 5 : explain SELECT DISTINCT c FROM sbtest5 WHERE id BETWEEN 3416830 AND 3426829 ORDER BY c
	Unique  (cost=34716.04..34765.29 rows=9850 width=121)
	  ->  Sort  (cost=34716.04..34740.66 rows=9850 width=121)
	        Sort Key: c
	        ->  Bitmap Heap Scan on sbtest5  (cost=265.40..34062.69 rows=9850 width=121)
	              Recheck Cond: ((id >= 3416830) AND (id <= 3426829))
	              ->  Bitmap Index Scan on sbtest5_pkey  (cost=0.00..262.94 rows=9850 width=0)
	                    Index Cond: ((id >= 3416830) AND (id <= 3426829))

table 6 : explain SELECT DISTINCT c FROM sbtest6 WHERE id BETWEEN 3768354 AND 3778353 ORDER BY c
	Unique  (cost=32296.29..32341.72 rows=9085 width=121)
	  ->  Sort  (cost=32296.29..32319.01 rows=9085 width=121)
	        Sort Key: c
	        ->  Bitmap Heap Scan on sbtest6  (cost=253.56..31698.99 rows=9085 width=121)
	              Recheck Cond: ((id >= 3768354) AND (id <= 3778353))
	              ->  Bitmap Index Scan on sbtest6_pkey  (cost=0.00..251.29 rows=9085 width=0)
	                    Index Cond: ((id >= 3768354) AND (id <= 3778353))

table 7 : explain SELECT DISTINCT c FROM sbtest7 WHERE id BETWEEN 7328655 AND 7338654 ORDER BY c
	Unique  (cost=36610.59..36662.39 rows=10361 width=121)
	  ->  Sort  (cost=36610.59..36636.49 rows=10361 width=121)
	        Sort Key: c
	        ->  Bitmap Heap Scan on sbtest7  (cost=298.64..35919.57 rows=10361 width=121)
	              Recheck Cond: ((id >= 7328655) AND (id <= 7338654))
	              ->  Bitmap Index Scan on sbtest7_pkey  (cost=0.00..296.05 rows=10361 width=0)
	                    Index Cond: ((id >= 7328655) AND (id <= 7338654))

table 8 : explain SELECT DISTINCT c FROM sbtest8 WHERE id BETWEEN 2451002 AND 2461001 ORDER BY c
	Unique  (cost=32103.84..32149.08 rows=9047 width=121)
	  ->  Sort  (cost=32103.84..32126.46 rows=9047 width=121)
	        Sort Key: c
	        ->  Bitmap Heap Scan on sbtest8  (cost=253.17..31509.31 rows=9047 width=121)
	              Recheck Cond: ((id >= 2451002) AND (id <= 2461001))
	              ->  Bitmap Index Scan on sbtest8_pkey  (cost=0.00..250.91 rows=9047 width=0)
	                    Index Cond: ((id >= 2451002) AND (id <= 2461001))

explain: for point_selects :: explain SELECT c FROM sbtest%u WHERE id=%u
for: simple_ranges
table 1 : explain SELECT c FROM sbtest1 WHERE id BETWEEN 1040622 AND 1050621
	Bitmap Heap Scan on sbtest1  (cost=285.82..35453.24 rows=10281 width=121)
	  Recheck Cond: ((id >= 1040622) AND (id <= 1050621))
	  ->  Bitmap Index Scan on sbtest1_pkey  (cost=0.00..283.25 rows=10281 width=0)
	        Index Cond: ((id >= 1040622) AND (id <= 1050621))

table 2 : explain SELECT c FROM sbtest2 WHERE id BETWEEN 2009150 AND 2019149
	Bitmap Heap Scan on sbtest2  (cost=253.38..31577.37 rows=9068 width=121)
	  Recheck Cond: ((id >= 2009150) AND (id <= 2019149))
	  ->  Bitmap Index Scan on sbtest2_pkey  (cost=0.00..251.12 rows=9068 width=0)
	        Index Cond: ((id >= 2009150) AND (id <= 2019149))

table 3 : explain SELECT c FROM sbtest3 WHERE id BETWEEN 6876163 AND 6886162
	Bitmap Heap Scan on sbtest3  (cost=280.06..33872.43 rows=9720 width=121)
	  Recheck Cond: ((id >= 6876163) AND (id <= 6886162))
	  ->  Bitmap Index Scan on sbtest3_pkey  (cost=0.00..277.63 rows=9720 width=0)
	        Index Cond: ((id >= 6876163) AND (id <= 6886162))

table 4 : explain SELECT c FROM sbtest4 WHERE id BETWEEN 6819273 AND 6829272
	Bitmap Heap Scan on sbtest4  (cost=256.82..32805.46 rows=9403 width=121)
	  Recheck Cond: ((id >= 6819273) AND (id <= 6829272))
	  ->  Bitmap Index Scan on sbtest4_pkey  (cost=0.00..254.47 rows=9403 width=0)
	        Index Cond: ((id >= 6819273) AND (id <= 6829272))

table 5 : explain SELECT c FROM sbtest5 WHERE id BETWEEN 7133589 AND 7143588
	Bitmap Heap Scan on sbtest5  (cost=289.74..36612.34 rows=10664 width=121)
	  Recheck Cond: ((id >= 7133589) AND (id <= 7143588))
	  ->  Bitmap Index Scan on sbtest5_pkey  (cost=0.00..287.07 rows=10664 width=0)
	        Index Cond: ((id >= 7133589) AND (id <= 7143588))

table 6 : explain SELECT c FROM sbtest6 WHERE id BETWEEN 1497530 AND 1507529
	Bitmap Heap Scan on sbtest6  (cost=306.05..37987.02 rows=11084 width=121)
	  Recheck Cond: ((id >= 1497530) AND (id <= 1507529))
	  ->  Bitmap Index Scan on sbtest6_pkey  (cost=0.00..303.28 rows=11084 width=0)
	        Index Cond: ((id >= 1497530) AND (id <= 1507529))

table 7 : explain SELECT c FROM sbtest7 WHERE id BETWEEN 6442234 AND 6452233
	Bitmap Heap Scan on sbtest7  (cost=267.23..32374.23 rows=9248 width=121)
	  Recheck Cond: ((id >= 6442234) AND (id <= 6452233))
	  ->  Bitmap Index Scan on sbtest7_pkey  (cost=0.00..264.92 rows=9248 width=0)
	        Index Cond: ((id >= 6442234) AND (id <= 6452233))

table 8 : explain SELECT c FROM sbtest8 WHERE id BETWEEN 523056 AND 533055
	Bitmap Heap Scan on sbtest8  (cost=272.87..33887.38 rows=9799 width=121)
	  Recheck Cond: ((id >= 523056) AND (id <= 533055))
	  ->  Bitmap Index Scan on sbtest8_pkey  (cost=0.00..270.43 rows=9799 width=0)
	        Index Cond: ((id >= 523056) AND (id <= 533055))

for point_selects
table 1 : explain SELECT c FROM sbtest1 WHERE id=4363201
	Index Scan using sbtest1_pkey on sbtest1  (cost=0.43..8.45 rows=1 width=121)
	  Index Cond: (id = 4363201)

table 2 : explain SELECT c FROM sbtest2 WHERE id=9548037
	Index Scan using sbtest2_pkey on sbtest2  (cost=0.43..8.45 rows=1 width=121)
	  Index Cond: (id = 9548037)

table 3 : explain SELECT c FROM sbtest3 WHERE id=2060739
	Index Scan using sbtest3_pkey on sbtest3  (cost=0.43..8.45 rows=1 width=121)
	  Index Cond: (id = 2060739)

table 4 : explain SELECT c FROM sbtest4 WHERE id=8191627
	Index Scan using sbtest4_pkey on sbtest4  (cost=0.43..8.45 rows=1 width=121)
	  Index Cond: (id = 8191627)

table 5 : explain SELECT c FROM sbtest5 WHERE id=2312025
	Index Scan using sbtest5_pkey on sbtest5  (cost=0.43..8.45 rows=1 width=121)
	  Index Cond: (id = 2312025)

table 6 : explain SELECT c FROM sbtest6 WHERE id=1976775
	Index Scan using sbtest6_pkey on sbtest6  (cost=0.43..8.45 rows=1 width=121)
	  Index Cond: (id = 1976775)

table 7 : explain SELECT c FROM sbtest7 WHERE id=5087678
	Index Scan using sbtest7_pkey on sbtest7  (cost=0.43..8.45 rows=1 width=121)
	  Index Cond: (id = 5087678)

table 8 : explain SELECT c FROM sbtest8 WHERE id=1919257
	Index Scan using sbtest8_pkey on sbtest8  (cost=0.43..8.45 rows=1 width=121)
	  Index Cond: (id = 1919257)

for: simple_ranges
table 1 : explain SELECT c FROM sbtest1 WHERE id BETWEEN 1190122 AND 1200121
	Bitmap Heap Scan on sbtest1  (cost=265.37..32857.29 rows=9457 width=121)
	  Recheck Cond: ((id >= 1190122) AND (id <= 1200121))
	  ->  Bitmap Index Scan on sbtest1_pkey  (cost=0.00..263.00 rows=9457 width=0)
	        Index Cond: ((id >= 1190122) AND (id <= 1200121))

table 2 : explain SELECT c FROM sbtest2 WHERE id BETWEEN 6223023 AND 6233022
	Bitmap Heap Scan on sbtest2  (cost=305.24..37653.56 rows=11005 width=121)
	  Recheck Cond: ((id >= 6223023) AND (id <= 6233022))
	  ->  Bitmap Index Scan on sbtest2_pkey  (cost=0.00..302.49 rows=11005 width=0)
	        Index Cond: ((id >= 6223023) AND (id <= 6233022))

table 3 : explain SELECT c FROM sbtest3 WHERE id BETWEEN 513837 AND 523836
	Bitmap Heap Scan on sbtest3  (cost=299.19..36074.36 rows=10415 width=121)
	  Recheck Cond: ((id >= 513837) AND (id <= 523836))
	  ->  Bitmap Index Scan on sbtest3_pkey  (cost=0.00..296.58 rows=10415 width=0)
	        Index Cond: ((id >= 513837) AND (id <= 523836))

table 4 : explain SELECT c FROM sbtest4 WHERE id BETWEEN 8038261 AND 8048260
	Bitmap Heap Scan on sbtest4  (cost=294.25..36952.66 rows=10714 width=121)
	  Recheck Cond: ((id >= 8038261) AND (id <= 8048260))
	  ->  Bitmap Index Scan on sbtest4_pkey  (cost=0.00..291.57 rows=10714 width=0)
	        Index Cond: ((id >= 8038261) AND (id <= 8048260))

table 5 : explain SELECT c FROM sbtest5 WHERE id BETWEEN 6280561 AND 6290560
	Bitmap Heap Scan on sbtest5  (cost=290.84..36941.71 rows=10771 width=121)
	  Recheck Cond: ((id >= 6280561) AND (id <= 6290560))
	  ->  Bitmap Index Scan on sbtest5_pkey  (cost=0.00..288.15 rows=10771 width=0)
	        Index Cond: ((id >= 6280561) AND (id <= 6290560))

table 6 : explain SELECT c FROM sbtest6 WHERE id BETWEEN 5796627 AND 5806626
	Bitmap Heap Scan on sbtest6  (cost=278.56..34485.30 rows=9963 width=121)
	  Recheck Cond: ((id >= 5796627) AND (id <= 5806626))
	  ->  Bitmap Index Scan on sbtest6_pkey  (cost=0.00..276.06 rows=9963 width=0)
	        Index Cond: ((id >= 5796627) AND (id <= 5806626))

table 7 : explain SELECT c FROM sbtest7 WHERE id BETWEEN 8150657 AND 8160656
	Bitmap Heap Scan on sbtest7  (cost=261.17..31729.30 rows=9047 width=121)
	  Recheck Cond: ((id >= 8150657) AND (id <= 8160656))
	  ->  Bitmap Index Scan on sbtest7_pkey  (cost=0.00..258.91 rows=9047 width=0)
	        Index Cond: ((id >= 8150657) AND (id <= 8160656))

table 8 : explain SELECT c FROM sbtest8 WHERE id BETWEEN 7965038 AND 7975037
	Bitmap Heap Scan on sbtest8  (cost=247.48..30979.75 rows=8882 width=121)
	  Recheck Cond: ((id >= 7965038) AND (id <= 7975037))
	  ->  Bitmap Index Scan on sbtest8_pkey  (cost=0.00..245.25 rows=8882 width=0)
	        Index Cond: ((id >= 7965038) AND (id <= 7975037))

for: distinct_ranges
table 1 : explain SELECT DISTINCT c FROM sbtest1 WHERE id BETWEEN 7957705 AND 7967704 ORDER BY c
	Unique  (cost=35068.35..35118.09 rows=9948 width=121)
	  ->  Sort  (cost=35068.35..35093.22 rows=9948 width=121)
	        Sort Key: c
	        ->  Bitmap Heap Scan on sbtest1  (cost=278.40..34407.80 rows=9948 width=121)
	              Recheck Cond: ((id >= 7957705) AND (id <= 7967704))
	              ->  Bitmap Index Scan on sbtest1_pkey  (cost=0.00..275.92 rows=9948 width=0)
	                    Index Cond: ((id >= 7957705) AND (id <= 7967704))

table 2 : explain SELECT DISTINCT c FROM sbtest2 WHERE id BETWEEN 3550258 AND 3560257 ORDER BY c
	Unique  (cost=34695.48..34744.72 rows=9847 width=121)
	  ->  Sort  (cost=34695.48..34720.10 rows=9847 width=121)
	        Sort Key: c
	        ->  Bitmap Heap Scan on sbtest2  (cost=273.37..34042.36 rows=9847 width=121)
	              Recheck Cond: ((id >= 3550258) AND (id <= 3560257))
	              ->  Bitmap Index Scan on sbtest2_pkey  (cost=0.00..270.91 rows=9847 width=0)
	                    Index Cond: ((id >= 3550258) AND (id <= 3560257))

table 3 : explain SELECT DISTINCT c FROM sbtest3 WHERE id BETWEEN 9438773 AND 9448772 ORDER BY c
	Unique  (cost=38521.08..38575.88 rows=10960 width=121)
	  ->  Sort  (cost=38521.08..38548.48 rows=10960 width=121)
	        Sort Key: c
	        ->  Bitmap Heap Scan on sbtest3  (cost=312.78..37785.67 rows=10960 width=121)
	              Recheck Cond: ((id >= 9438773) AND (id <= 9448772))
	              ->  Bitmap Index Scan on sbtest3_pkey  (cost=0.00..310.04 rows=10960 width=0)
	                    Index Cond: ((id >= 9438773) AND (id <= 9448772))

table 4 : explain SELECT DISTINCT c FROM sbtest4 WHERE id BETWEEN 6107874 AND 6117873 ORDER BY c
	Unique  (cost=36516.52..36568.29 rows=10354 width=121)
	  ->  Sort  (cost=36516.52..36542.40 rows=10354 width=121)
	        Sort Key: c
	        ->  Bitmap Heap Scan on sbtest4  (cost=286.56..35826.02 rows=10354 width=121)
	              Recheck Cond: ((id >= 6107874) AND (id <= 6117873))
	              ->  Bitmap Index Scan on sbtest4_pkey  (cost=0.00..283.98 rows=10354 width=0)
	                    Index Cond: ((id >= 6107874) AND (id <= 6117873))

table 5 : explain SELECT DISTINCT c FROM sbtest5 WHERE id BETWEEN 5053790 AND 5063789 ORDER BY c
	Unique  (cost=35110.02..35159.88 rows=9972 width=121)
	  ->  Sort  (cost=35110.02..35134.95 rows=9972 width=121)
	        Sort Key: c
	        ->  Bitmap Heap Scan on sbtest5  (cost=270.65..34447.69 rows=9972 width=121)
	              Recheck Cond: ((id >= 5053790) AND (id <= 5063789))
	              ->  Bitmap Index Scan on sbtest5_pkey  (cost=0.00..268.16 rows=9972 width=0)
	                    Index Cond: ((id >= 5053790) AND (id <= 5063789))

table 6 : explain SELECT DISTINCT c FROM sbtest6 WHERE id BETWEEN 9687920 AND 9697919 ORDER BY c
	Unique  (cost=35725.57..35776.28 rows=10143 width=121)
	  ->  Sort  (cost=35725.57..35750.93 rows=10143 width=121)
	        Sort Key: c
	        ->  Bitmap Heap Scan on sbtest6  (cost=280.40..35050.64 rows=10143 width=121)
	              Recheck Cond: ((id >= 9687920) AND (id <= 9697919))
	              ->  Bitmap Index Scan on sbtest6_pkey  (cost=0.00..277.87 rows=10143 width=0)
	                    Index Cond: ((id >= 9687920) AND (id <= 9697919))

table 7 : explain SELECT DISTINCT c FROM sbtest7 WHERE id BETWEEN 4812354 AND 4822353 ORDER BY c
	Unique  (cost=39948.06..40005.06 rows=11400 width=121)
	  ->  Sort  (cost=39948.06..39976.56 rows=11400 width=121)
	        Sort Key: c
	        ->  Bitmap Heap Scan on sbtest7  (cost=329.29..39179.89 rows=11400 width=121)
	              Recheck Cond: ((id >= 4812354) AND (id <= 4822353))
	              ->  Bitmap Index Scan on sbtest7_pkey  (cost=0.00..326.44 rows=11400 width=0)
	                    Index Cond: ((id >= 4812354) AND (id <= 4822353))

table 8 : explain SELECT DISTINCT c FROM sbtest8 WHERE id BETWEEN 4147597 AND 4157596 ORDER BY c
	Unique  (cost=35818.17..35869.15 rows=10197 width=121)
	  ->  Sort  (cost=35818.17..35843.66 rows=10197 width=121)
	        Sort Key: c
	        ->  Bitmap Heap Scan on sbtest8  (cost=284.95..35139.26 rows=10197 width=121)
	              Recheck Cond: ((id >= 4147597) AND (id <= 4157596))
	              ->  Bitmap Index Scan on sbtest8_pkey  (cost=0.00..282.41 rows=10197 width=0)
	                    Index Cond: ((id >= 4147597) AND (id <= 4157596))

for: order_ranges
table 1 : explain SELECT c FROM sbtest1 WHERE id BETWEEN 9347617 AND 9357616 ORDER BY c
	Sort  (cost=32036.55..32059.09 rows=9013 width=121)
	  Sort Key: c
	  ->  Bitmap Heap Scan on sbtest1  (cost=252.82..31444.50 rows=9013 width=121)
	        Recheck Cond: ((id >= 9347617) AND (id <= 9357616))
	        ->  Bitmap Index Scan on sbtest1_pkey  (cost=0.00..250.56 rows=9013 width=0)
	              Index Cond: ((id >= 9347617) AND (id <= 9357616))

table 2 : explain SELECT c FROM sbtest2 WHERE id BETWEEN 2651143 AND 2661142 ORDER BY c
	Sort  (cost=33565.47..33589.21 rows=9496 width=121)
	  Sort Key: c
	  ->  Bitmap Heap Scan on sbtest2  (cost=265.77..32938.11 rows=9496 width=121)
	        Recheck Cond: ((id >= 2651143) AND (id <= 2661142))
	        ->  Bitmap Index Scan on sbtest2_pkey  (cost=0.00..263.40 rows=9496 width=0)
	              Index Cond: ((id >= 2651143) AND (id <= 2661142))

table 3 : explain SELECT c FROM sbtest3 WHERE id BETWEEN 7302584 AND 7312583 ORDER BY c
	Sort  (cost=35443.44..35468.45 rows=10006 width=121)
	  Sort Key: c
	  ->  Bitmap Heap Scan on sbtest3  (cost=287.00..34778.61 rows=10006 width=121)
	        Recheck Cond: ((id >= 7302584) AND (id <= 7312583))
	        ->  Bitmap Index Scan on sbtest3_pkey  (cost=0.00..284.50 rows=10006 width=0)
	              Index Cond: ((id >= 7302584) AND (id <= 7312583))

table 4 : explain SELECT c FROM sbtest4 WHERE id BETWEEN 2264672 AND 2274671 ORDER BY c
	Sort  (cost=36877.02..36903.19 rows=10467 width=121)
	  Sort Key: c
	  ->  Bitmap Heap Scan on sbtest4  (cost=287.72..36178.16 rows=10467 width=121)
	        Recheck Cond: ((id >= 2264672) AND (id <= 2274671))
	        ->  Bitmap Index Scan on sbtest4_pkey  (cost=0.00..285.11 rows=10467 width=0)
	              Index Cond: ((id >= 2264672) AND (id <= 2274671))

table 5 : explain SELECT c FROM sbtest5 WHERE id BETWEEN 4206968 AND 4216967 ORDER BY c
	Sort  (cost=35562.03..35587.31 rows=10113 width=121)
	  Sort Key: c
	  ->  Bitmap Heap Scan on sbtest5  (cost=272.09..34889.32 rows=10113 width=121)
	        Recheck Cond: ((id >= 4206968) AND (id <= 4216967))
	        ->  Bitmap Index Scan on sbtest5_pkey  (cost=0.00..269.56 rows=10113 width=0)
	              Index Cond: ((id >= 4206968) AND (id <= 4216967))

table 6 : explain SELECT c FROM sbtest6 WHERE id BETWEEN 3172046 AND 3182045 ORDER BY c
	Sort  (cost=36949.91..36976.23 rows=10525 width=121)
	  Sort Key: c
	  ->  Bitmap Heap Scan on sbtest6  (cost=292.32..36246.76 rows=10525 width=121)
	        Recheck Cond: ((id >= 3172046) AND (id <= 3182045))
	        ->  Bitmap Index Scan on sbtest6_pkey  (cost=0.00..289.69 rows=10525 width=0)
	              Index Cond: ((id >= 3172046) AND (id <= 3182045))

table 7 : explain SELECT c FROM sbtest7 WHERE id BETWEEN 6399498 AND 6409497 ORDER BY c
	Sort  (cost=32983.44..33006.56 rows=9248 width=121)
	  Sort Key: c
	  ->  Bitmap Heap Scan on sbtest7  (cost=267.23..32374.23 rows=9248 width=121)
	        Recheck Cond: ((id >= 6399498) AND (id <= 6409497))
	        ->  Bitmap Index Scan on sbtest7_pkey  (cost=0.00..264.92 rows=9248 width=0)
	              Index Cond: ((id >= 6399498) AND (id <= 6409497))

table 8 : explain SELECT c FROM sbtest8 WHERE id BETWEEN 8468550 AND 8478549 ORDER BY c
	Sort  (cost=34583.21..34607.74 rows=9813 width=121)
	  Sort Key: c
	  ->  Bitmap Heap Scan on sbtest8  (cost=273.02..33932.59 rows=9813 width=121)
	        Recheck Cond: ((id >= 8468550) AND (id <= 8478549))
	        ->  Bitmap Index Scan on sbtest8_pkey  (cost=0.00..270.56 rows=9813 width=0)
	              Index Cond: ((id >= 8468550) AND (id <= 8478549))

for: order_ranges
table 1 : explain SELECT c FROM sbtest1 WHERE id BETWEEN 4940785 AND 4950784 ORDER BY c
	Sort  (cost=35716.40..35741.77 rows=10149 width=121)
	  Sort Key: c
	  ->  Bitmap Heap Scan on sbtest1  (cost=284.46..35041.03 rows=10149 width=121)
	        Recheck Cond: ((id >= 4940785) AND (id <= 4950784))
	        ->  Bitmap Index Scan on sbtest1_pkey  (cost=0.00..281.93 rows=10149 width=0)
	              Index Cond: ((id >= 4940785) AND (id <= 4950784))

table 2 : explain SELECT c FROM sbtest2 WHERE id BETWEEN 8069463 AND 8079462 ORDER BY c
	Sort  (cost=35851.14..35876.65 rows=10206 width=121)
	  Sort Key: c
	  ->  Bitmap Heap Scan on sbtest2  (cost=285.05..35171.57 rows=10206 width=121)
	        Recheck Cond: ((id >= 8069463) AND (id <= 8079462))
	        ->  Bitmap Index Scan on sbtest2_pkey  (cost=0.00..282.50 rows=10206 width=0)
	              Index Cond: ((id >= 8069463) AND (id <= 8079462))

table 3 : explain SELECT c FROM sbtest3 WHERE id BETWEEN 8784309 AND 8794308 ORDER BY c
	Sort  (cost=34826.51..34851.05 rows=9816 width=121)
	  Sort Key: c
	  ->  Bitmap Heap Scan on sbtest3  (cost=281.05..34175.67 rows=9816 width=121)
	        Recheck Cond: ((id >= 8784309) AND (id <= 8794308))
	        ->  Bitmap Index Scan on sbtest3_pkey  (cost=0.00..278.59 rows=9816 width=0)
	              Index Cond: ((id >= 8784309) AND (id <= 8794308))

table 4 : explain SELECT c FROM sbtest4 WHERE id BETWEEN 8360239 AND 8370238 ORDER BY c
	Sort  (cost=34392.37..34416.61 rows=9699 width=121)
	  Sort Key: c
	  ->  Bitmap Heap Scan on sbtest4  (cost=267.85..33750.12 rows=9699 width=121)
	        Recheck Cond: ((id >= 8360239) AND (id <= 8370238))
	        ->  Bitmap Index Scan on sbtest4_pkey  (cost=0.00..265.43 rows=9699 width=0)
	              Index Cond: ((id >= 8360239) AND (id <= 8370238))

table 5 : explain SELECT c FROM sbtest5 WHERE id BETWEEN 5196334 AND 5206333 ORDER BY c
	Sort  (cost=31459.74..31481.85 rows=8847 width=121)
	  Sort Key: c
	  ->  Bitmap Heap Scan on sbtest5  (cost=239.12..30879.77 rows=8847 width=121)
	        Recheck Cond: ((id >= 5196334) AND (id <= 5206333))
	        ->  Bitmap Index Scan on sbtest5_pkey  (cost=0.00..236.91 rows=8847 width=0)
	              Index Cond: ((id >= 5196334) AND (id <= 5206333))

table 6 : explain SELECT c FROM sbtest6 WHERE id BETWEEN 4103129 AND 4113128 ORDER BY c
	Sort  (cost=33648.74..33672.49 rows=9500 width=121)
	  Sort Key: c
	  ->  Bitmap Heap Scan on sbtest6  (cost=265.81..33021.09 rows=9500 width=121)
	        Recheck Cond: ((id >= 4103129) AND (id <= 4113128))
	        ->  Bitmap Index Scan on sbtest6_pkey  (cost=0.00..263.44 rows=9500 width=0)
	              Index Cond: ((id >= 4103129) AND (id <= 4113128))

table 7 : explain SELECT c FROM sbtest7 WHERE id BETWEEN 6030944 AND 6040943 ORDER BY c
	Sort  (cost=34676.10..34700.51 rows=9764 width=121)
	  Sort Key: c
	  ->  Bitmap Heap Scan on sbtest7  (cost=284.52..34029.08 rows=9764 width=121)
	        Recheck Cond: ((id >= 6030944) AND (id <= 6040943))
	        ->  Bitmap Index Scan on sbtest7_pkey  (cost=0.00..282.07 rows=9764 width=0)
	              Index Cond: ((id >= 6030944) AND (id <= 6040943))

table 8 : explain SELECT c FROM sbtest8 WHERE id BETWEEN 2202038 AND 2212037 ORDER BY c
	Sort  (cost=34017.39..34041.48 rows=9637 width=121)
	  Sort Key: c
	  ->  Bitmap Heap Scan on sbtest8  (cost=271.21..33379.69 rows=9637 width=121)
	        Recheck Cond: ((id >= 2202038) AND (id <= 2212037))
	        ->  Bitmap Index Scan on sbtest8_pkey  (cost=0.00..268.81 rows=9637 width=0)
	              Index Cond: ((id >= 2202038) AND (id <= 2212037))

for: distinct_ranges
table 1 : explain SELECT DISTINCT c FROM sbtest1 WHERE id BETWEEN 9951031 AND 9961030 ORDER BY c
	Unique  (cost=35577.14..35627.67 rows=10107 width=121)
	  ->  Sort  (cost=35577.14..35602.40 rows=10107 width=121)
	        Sort Key: c
	        ->  Bitmap Heap Scan on sbtest1  (cost=280.03..34904.87 rows=10107 width=121)
	              Recheck Cond: ((id >= 9951031) AND (id <= 9961030))
	              ->  Bitmap Index Scan on sbtest1_pkey  (cost=0.00..277.50 rows=10107 width=0)
	                    Index Cond: ((id >= 9951031) AND (id <= 9961030))

table 2 : explain SELECT DISTINCT c FROM sbtest2 WHERE id BETWEEN 3846533 AND 3856532 ORDER BY c
	Unique  (cost=39064.15..39120.24 rows=11218 width=121)
	  ->  Sort  (cost=39064.15..39092.19 rows=11218 width=121)
	        Sort Key: c
	        ->  Bitmap Heap Scan on sbtest2  (cost=311.42..38309.54 rows=11218 width=121)
	              Recheck Cond: ((id >= 3846533) AND (id <= 3856532))
	              ->  Bitmap Index Scan on sbtest2_pkey  (cost=0.00..308.62 rows=11218 width=0)
	                    Index Cond: ((id >= 3846533) AND (id <= 3856532))

table 3 : explain SELECT DISTINCT c FROM sbtest3 WHERE id BETWEEN 7814562 AND 7824561 ORDER BY c
	Unique  (cost=37960.84..38014.76 rows=10785 width=121)
	  ->  Sort  (cost=37960.84..37987.80 rows=10785 width=121)
	        Sort Key: c
	        ->  Bitmap Heap Scan on sbtest3  (cost=310.98..37238.42 rows=10785 width=121)
	              Recheck Cond: ((id >= 7814562) AND (id <= 7824561))
	              ->  Bitmap Index Scan on sbtest3_pkey  (cost=0.00..308.29 rows=10785 width=0)
	                    Index Cond: ((id >= 7814562) AND (id <= 7824561))

table 4 : explain SELECT DISTINCT c FROM sbtest4 WHERE id BETWEEN 5191510 AND 5201509 ORDER BY c
	Unique  (cost=35913.05..35963.89 rows=10168 width=121)
	  ->  Sort  (cost=35913.05..35938.47 rows=10168 width=121)
	        Sort Key: c
	        ->  Bitmap Heap Scan on sbtest4  (cost=280.66..35236.28 rows=10168 width=121)
	              Recheck Cond: ((id >= 5191510) AND (id <= 5201509))
	              ->  Bitmap Index Scan on sbtest4_pkey  (cost=0.00..278.12 rows=10168 width=0)
	                    Index Cond: ((id >= 5191510) AND (id <= 5201509))

table 5 : explain SELECT DISTINCT c FROM sbtest5 WHERE id BETWEEN 2747484 AND 2757483 ORDER BY c
	Unique  (cost=37545.28..37598.95 rows=10734 width=121)
	  ->  Sort  (cost=37545.28..37572.12 rows=10734 width=121)
	        Sort Key: c
	        ->  Bitmap Heap Scan on sbtest5  (cost=290.46..36826.65 rows=10734 width=121)
	              Recheck Cond: ((id >= 2747484) AND (id <= 2757483))
	              ->  Bitmap Index Scan on sbtest5_pkey  (cost=0.00..287.78 rows=10734 width=0)
	                    Index Cond: ((id >= 2747484) AND (id <= 2757483))

table 6 : explain SELECT DISTINCT c FROM sbtest6 WHERE id BETWEEN 9943765 AND 9953764 ORDER BY c
	Unique  (cost=38250.79..38305.45 rows=10932 width=121)
	  ->  Sort  (cost=38250.79..38278.12 rows=10932 width=121)
	        Sort Key: c
	        ->  Bitmap Heap Scan on sbtest6  (cost=304.49..37517.45 rows=10932 width=121)
	              Recheck Cond: ((id >= 9943765) AND (id <= 9953764))
	              ->  Bitmap Index Scan on sbtest6_pkey  (cost=0.00..301.75 rows=10932 width=0)
	                    Index Cond: ((id >= 9943765) AND (id <= 9953764))

table 7 : explain SELECT DISTINCT c FROM sbtest7 WHERE id BETWEEN 3138760 AND 3148759 ORDER BY c
	Unique  (cost=35299.72..35349.51 rows=9957 width=121)
	  ->  Sort  (cost=35299.72..35324.62 rows=9957 width=121)
	        Sort Key: c
	        ->  Bitmap Heap Scan on sbtest7  (cost=286.49..34638.51 rows=9957 width=121)
	              Recheck Cond: ((id >= 3138760) AND (id <= 3148759))
	              ->  Bitmap Index Scan on sbtest7_pkey  (cost=0.00..284.00 rows=9957 width=0)
	                    Index Cond: ((id >= 3138760) AND (id <= 3148759))

table 8 : explain SELECT DISTINCT c FROM sbtest8 WHERE id BETWEEN 7583398 AND 7593397 ORDER BY c
	Unique  (cost=34444.37..34493.22 rows=9770 width=121)
	  ->  Sort  (cost=34444.37..34468.80 rows=9770 width=121)
	        Sort Key: c
	        ->  Bitmap Heap Scan on sbtest8  (cost=272.58..33796.91 rows=9770 width=121)
	              Recheck Cond: ((id >= 7583398) AND (id <= 7593397))
	              ->  Bitmap Index Scan on sbtest8_pkey  (cost=0.00..270.13 rows=9770 width=0)
	                    Index Cond: ((id >= 7583398) AND (id <= 7593397))

explain: for point_selects :: explain SELECT c FROM sbtest%u WHERE id=%u
for: simple_ranges
table 1 : explain SELECT c FROM sbtest1 WHERE id BETWEEN 9882569 AND 9892568
	Bitmap Heap Scan on sbtest1  (cost=297.36..36533.81 rows=10627 width=121)
	  Recheck Cond: ((id >= 9882569) AND (id <= 9892568))
	  ->  Bitmap Index Scan on sbtest1_pkey  (cost=0.00..294.70 rows=10627 width=0)
	        Index Cond: ((id >= 9882569) AND (id <= 9892568))

table 2 : explain SELECT c FROM sbtest2 WHERE id BETWEEN 5953460 AND 5963459
	Bitmap Heap Scan on sbtest2  (cost=246.92..30812.48 rows=8828 width=121)
	  Recheck Cond: ((id >= 5953460) AND (id <= 5963459))
	  ->  Bitmap Index Scan on sbtest2_pkey  (cost=0.00..244.72 rows=8828 width=0)
	        Index Cond: ((id >= 5953460) AND (id <= 5963459))

table 3 : explain SELECT c FROM sbtest3 WHERE id BETWEEN 1006001 AND 1016000
	Bitmap Heap Scan on sbtest3  (cost=329.94..39359.45 rows=11464 width=121)
	  Recheck Cond: ((id >= 1006001) AND (id <= 1016000))
	  ->  Bitmap Index Scan on sbtest3_pkey  (cost=0.00..327.07 rows=11464 width=0)
	        Index Cond: ((id >= 1006001) AND (id <= 1016000))

table 4 : explain SELECT c FROM sbtest4 WHERE id BETWEEN 3358441 AND 3368440
	Bitmap Heap Scan on sbtest4  (cost=280.66..35236.28 rows=10168 width=121)
	  Recheck Cond: ((id >= 3358441) AND (id <= 3368440))
	  ->  Bitmap Index Scan on sbtest4_pkey  (cost=0.00..278.12 rows=10168 width=0)
	        Index Cond: ((id >= 3358441) AND (id <= 3368440))

table 5 : explain SELECT c FROM sbtest5 WHERE id BETWEEN 2064887 AND 2074886
	Bitmap Heap Scan on sbtest5  (cost=290.31..36785.07 rows=10720 width=121)
	  Recheck Cond: ((id >= 2064887) AND (id <= 2074886))
	  ->  Bitmap Index Scan on sbtest5_pkey  (cost=0.00..287.63 rows=10720 width=0)
	        Index Cond: ((id >= 2064887) AND (id <= 2074886))

table 6 : explain SELECT c FROM sbtest6 WHERE id BETWEEN 3626253 AND 3636252
	Bitmap Heap Scan on sbtest6  (cost=286.50..35692.84 rows=10348 width=121)
	  Recheck Cond: ((id >= 3626253) AND (id <= 3636252))
	  ->  Bitmap Index Scan on sbtest6_pkey  (cost=0.00..283.92 rows=10348 width=0)
	        Index Cond: ((id >= 3626253) AND (id <= 3636252))

table 7 : explain SELECT c FROM sbtest7 WHERE id BETWEEN 238272 AND 248271
	Bitmap Heap Scan on sbtest7  (cost=303.50..36189.10 rows=10445 width=121)
	  Recheck Cond: ((id >= 238272) AND (id <= 248271))
	  ->  Bitmap Index Scan on sbtest7_pkey  (cost=0.00..300.88 rows=10445 width=0)
	        Index Cond: ((id >= 238272) AND (id <= 248271))

table 8 : explain SELECT c FROM sbtest8 WHERE id BETWEEN 6001730 AND 6011729
	Bitmap Heap Scan on sbtest8  (cost=265.94..32986.96 rows=9513 width=121)
	  Recheck Cond: ((id >= 6001730) AND (id <= 6011729))
	  ->  Bitmap Index Scan on sbtest8_pkey  (cost=0.00..263.56 rows=9513 width=0)
	        Index Cond: ((id >= 6001730) AND (id <= 6011729))

for: sum_ranges
table 1 : explain SELECT SUM(k) FROM sbtest1 WHERE id BETWEEN 2587480 AND 2597479
	Aggregate  (cost=33888.13..33888.14 rows=1 width=8)
	  ->  Bitmap Heap Scan on sbtest1  (cost=272.64..33863.69 rows=9776 width=4)
	        Recheck Cond: ((id >= 2587480) AND (id <= 2597479))
	        ->  Bitmap Index Scan on sbtest1_pkey  (cost=0.00..270.19 rows=9776 width=0)
	              Index Cond: ((id >= 2587480) AND (id <= 2597479))

table 2 : explain SELECT SUM(k) FROM sbtest2 WHERE id BETWEEN 4595325 AND 4605324
	Aggregate  (cost=32040.93..32040.94 rows=1 width=8)
	  ->  Bitmap Heap Scan on sbtest2  (cost=258.80..32017.92 rows=9206 width=4)
	        Recheck Cond: ((id >= 4595325) AND (id <= 4605324))
	        ->  Bitmap Index Scan on sbtest2_pkey  (cost=0.00..256.50 rows=9206 width=0)
	              Index Cond: ((id >= 4595325) AND (id <= 4605324))

table 3 : explain SELECT SUM(k) FROM sbtest3 WHERE id BETWEEN 6630716 AND 6640715
	Aggregate  (cost=31658.55..31658.56 rows=1 width=8)
	  ->  Bitmap Heap Scan on sbtest3  (cost=260.91..31636.00 rows=9022 width=4)
	        Recheck Cond: ((id >= 6630716) AND (id <= 6640715))
	        ->  Bitmap Index Scan on sbtest3_pkey  (cost=0.00..258.66 rows=9022 width=0)
	              Index Cond: ((id >= 6630716) AND (id <= 6640715))

table 4 : explain SELECT SUM(k) FROM sbtest4 WHERE id BETWEEN 218090 AND 228089
	Aggregate  (cost=32560.55..32560.56 rows=1 width=8)
	  ->  Bitmap Heap Scan on sbtest4  (cost=255.95..32537.25 rows=9319 width=4)
	        Recheck Cond: ((id >= 218090) AND (id <= 228089))
	        ->  Bitmap Index Scan on sbtest4_pkey  (cost=0.00..253.62 rows=9319 width=0)
	              Index Cond: ((id >= 218090) AND (id <= 228089))

table 5 : explain SELECT SUM(k) FROM sbtest5 WHERE id BETWEEN 6099292 AND 6109291
	Aggregate  (cost=35456.36..35456.37 rows=1 width=8)
	  ->  Bitmap Heap Scan on sbtest5  (cost=277.87..35430.65 rows=10286 width=4)
	        Recheck Cond: ((id >= 6099292) AND (id <= 6109291))
	        ->  Bitmap Index Scan on sbtest5_pkey  (cost=0.00..275.30 rows=10286 width=0)
	              Index Cond: ((id >= 6099292) AND (id <= 6109291))

table 6 : explain SELECT SUM(k) FROM sbtest6 WHERE id BETWEEN 8850219 AND 8860218
	Aggregate  (cost=31085.44..31085.45 rows=1 width=8)
	  ->  Bitmap Heap Scan on sbtest6  (cost=247.52..31063.23 rows=8886 width=4)
	        Recheck Cond: ((id >= 8850219) AND (id <= 8860218))
	        ->  Bitmap Index Scan on sbtest6_pkey  (cost=0.00..245.30 rows=8886 width=0)
	              Index Cond: ((id >= 8850219) AND (id <= 8860218))

table 7 : explain SELECT SUM(k) FROM sbtest7 WHERE id BETWEEN 2836168 AND 2846167
	Aggregate  (cost=33083.79..33083.80 rows=1 width=8)
	  ->  Bitmap Heap Scan on sbtest7  (cost=273.41..33060.14 rows=9461 width=4)
	        Recheck Cond: ((id >= 2836168) AND (id <= 2846167))
	        ->  Bitmap Index Scan on sbtest7_pkey  (cost=0.00..271.05 rows=9461 width=0)
	              Index Cond: ((id >= 2836168) AND (id <= 2846167))

table 8 : explain SELECT SUM(k) FROM sbtest8 WHERE id BETWEEN 4640524 AND 4650523
	Aggregate  (cost=33270.15..33270.16 rows=1 width=8)
	  ->  Bitmap Heap Scan on sbtest8  (cost=266.78..33246.16 rows=9595 width=4)
	        Recheck Cond: ((id >= 4640524) AND (id <= 4650523))
	        ->  Bitmap Index Scan on sbtest8_pkey  (cost=0.00..264.38 rows=9595 width=0)
	              Index Cond: ((id >= 4640524) AND (id <= 4650523))

for: sum_ranges
table 1 : explain SELECT SUM(k) FROM sbtest1 WHERE id BETWEEN 2570676 AND 2580675
	Aggregate  (cost=33888.13..33888.14 rows=1 width=8)
	  ->  Bitmap Heap Scan on sbtest1  (cost=272.64..33863.69 rows=9776 width=4)
	        Recheck Cond: ((id >= 2570676) AND (id <= 2580675))
	        ->  Bitmap Index Scan on sbtest1_pkey  (cost=0.00..270.19 rows=9776 width=0)
	              Index Cond: ((id >= 2570676) AND (id <= 2580675))

table 2 : explain SELECT SUM(k) FROM sbtest2 WHERE id BETWEEN 8675939 AND 8685938
	Aggregate  (cost=33023.52..33023.53 rows=1 width=8)
	  ->  Bitmap Heap Scan on sbtest2  (cost=265.97..32999.73 rows=9516 width=4)
	        Recheck Cond: ((id >= 8675939) AND (id <= 8685938))
	        ->  Bitmap Index Scan on sbtest2_pkey  (cost=0.00..263.59 rows=9516 width=0)
	              Index Cond: ((id >= 8675939) AND (id <= 8685938))

table 3 : explain SELECT SUM(k) FROM sbtest3 WHERE id BETWEEN 8262614 AND 8272613
	Aggregate  (cost=34353.46..34353.47 rows=1 width=8)
	  ->  Bitmap Heap Scan on sbtest3  (cost=281.55..34328.80 rows=9865 width=4)
	        Recheck Cond: ((id >= 8262614) AND (id <= 8272613))
	        ->  Bitmap Index Scan on sbtest3_pkey  (cost=0.00..279.08 rows=9865 width=0)
	              Index Cond: ((id >= 8262614) AND (id <= 8272613))

table 4 : explain SELECT SUM(k) FROM sbtest4 WHERE id BETWEEN 9041899 AND 9051898
	Aggregate  (cost=37192.00..37192.01 rows=1 width=8)
	  ->  Bitmap Heap Scan on sbtest4  (cost=294.95..37165.05 rows=10782 width=4)
	        Recheck Cond: ((id >= 9041899) AND (id <= 9051898))
	        ->  Bitmap Index Scan on sbtest4_pkey  (cost=0.00..292.25 rows=10782 width=0)
	              Index Cond: ((id >= 9041899) AND (id <= 9051898))

table 5 : explain SELECT SUM(k) FROM sbtest5 WHERE id BETWEEN 1286569 AND 1296568
	Aggregate  (cost=31978.40..31978.41 rows=1 width=8)
	  ->  Bitmap Heap Scan on sbtest5  (cost=250.56..31955.44 rows=9183 width=4)
	        Recheck Cond: ((id >= 1286569) AND (id <= 1296568))
	        ->  Bitmap Index Scan on sbtest5_pkey  (cost=0.00..248.26 rows=9183 width=0)
	              Index Cond: ((id >= 1286569) AND (id <= 1296568))

table 6 : explain SELECT SUM(k) FROM sbtest6 WHERE id BETWEEN 9121716 AND 9131715
	Aggregate  (cost=36102.62..36102.63 rows=1 width=8)
	  ->  Bitmap Heap Scan on sbtest6  (cost=291.75..36076.44 rows=10470 width=4)
	        Recheck Cond: ((id >= 9121716) AND (id <= 9131715))
	        ->  Bitmap Index Scan on sbtest6_pkey  (cost=0.00..289.13 rows=10470 width=0)
	              Index Cond: ((id >= 9121716) AND (id <= 9131715))

table 7 : explain SELECT SUM(k) FROM sbtest7 WHERE id BETWEEN 7346168 AND 7356167
	Aggregate  (cost=35945.47..35945.48 rows=1 width=8)
	  ->  Bitmap Heap Scan on sbtest7  (cost=298.64..35919.57 rows=10361 width=4)
	        Recheck Cond: ((id >= 7346168) AND (id <= 7356167))
	        ->  Bitmap Index Scan on sbtest7_pkey  (cost=0.00..296.05 rows=10361 width=0)
	              Index Cond: ((id >= 7346168) AND (id <= 7356167))

table 8 : explain SELECT SUM(k) FROM sbtest8 WHERE id BETWEEN 2306903 AND 2316902
	Aggregate  (cost=36997.73..36997.74 rows=1 width=8)
	  ->  Bitmap Heap Scan on sbtest8  (cost=302.98..36970.76 rows=10785 width=4)
	        Recheck Cond: ((id >= 2306903) AND (id <= 2316902))
	        ->  Bitmap Index Scan on sbtest8_pkey  (cost=0.00..300.29 rows=10785 width=0)
	              Index Cond: ((id >= 2306903) AND (id <= 2316902))

for point_selects
table 1 : explain SELECT c FROM sbtest1 WHERE id=4748923
	Index Scan using sbtest1_pkey on sbtest1  (cost=0.43..8.45 rows=1 width=121)
	  Index Cond: (id = 4748923)

table 2 : explain SELECT c FROM sbtest2 WHERE id=708874
	Index Scan using sbtest2_pkey on sbtest2  (cost=0.43..8.45 rows=1 width=121)
	  Index Cond: (id = 708874)

table 3 : explain SELECT c FROM sbtest3 WHERE id=5697890
	Index Scan using sbtest3_pkey on sbtest3  (cost=0.43..8.45 rows=1 width=121)
	  Index Cond: (id = 5697890)

table 4 : explain SELECT c FROM sbtest4 WHERE id=5608245
	Index Scan using sbtest4_pkey on sbtest4  (cost=0.43..8.45 rows=1 width=121)
	  Index Cond: (id = 5608245)

table 5 : explain SELECT c FROM sbtest5 WHERE id=5798977
	Index Scan using sbtest5_pkey on sbtest5  (cost=0.43..8.45 rows=1 width=121)
	  Index Cond: (id = 5798977)

table 6 : explain SELECT c FROM sbtest6 WHERE id=1437819
	Index Scan using sbtest6_pkey on sbtest6  (cost=0.43..8.45 rows=1 width=121)
	  Index Cond: (id = 1437819)

table 7 : explain SELECT c FROM sbtest7 WHERE id=2445569
	Index Scan using sbtest7_pkey on sbtest7  (cost=0.43..8.45 rows=1 width=121)
	  Index Cond: (id = 2445569)

table 8 : explain SELECT c FROM sbtest8 WHERE id=3695832
	Index Scan using sbtest8_pkey on sbtest8  (cost=0.43..8.45 rows=1 width=121)
	  Index Cond: (id = 3695832)

for: distinct_ranges
table 1 : explain SELECT DISTINCT c FROM sbtest1 WHERE id BETWEEN 6056928 AND 6066927 ORDER BY c
	Unique  (cost=36233.87..36285.42 rows=10311 width=121)
	  ->  Sort  (cost=36233.87..36259.64 rows=10311 width=121)
	        Sort Key: c
	        ->  Bitmap Heap Scan on sbtest1  (cost=286.12..35546.54 rows=10311 width=121)
	              Recheck Cond: ((id >= 6056928) AND (id <= 6066927))
	              ->  Bitmap Index Scan on sbtest1_pkey  (cost=0.00..283.55 rows=10311 width=0)
	                    Index Cond: ((id >= 6056928) AND (id <= 6066927))

table 2 : explain SELECT DISTINCT c FROM sbtest2 WHERE id BETWEEN 1658848 AND 1668847 ORDER BY c
	Unique  (cost=35009.96..35059.68 rows=9944 width=121)
	  ->  Sort  (cost=35009.96..35034.82 rows=9944 width=121)
	        Sort Key: c
	        ->  Bitmap Heap Scan on sbtest2  (cost=278.36..34349.70 rows=9944 width=121)
	              Recheck Cond: ((id >= 1658848) AND (id <= 1668847))
	              ->  Bitmap Index Scan on sbtest2_pkey  (cost=0.00..275.88 rows=9944 width=0)
	                    Index Cond: ((id >= 1658848) AND (id <= 1668847))

table 3 : explain SELECT DISTINCT c FROM sbtest3 WHERE id BETWEEN 4340991 AND 4350990 ORDER BY c
	Unique  (cost=35330.29..35380.14 rows=9971 width=121)
	  ->  Sort  (cost=35330.29..35355.22 rows=9971 width=121)
	        Sort Key: c
	        ->  Bitmap Heap Scan on sbtest3  (cost=286.64..34668.04 rows=9971 width=121)
	              Recheck Cond: ((id >= 4340991) AND (id <= 4350990))
	              ->  Bitmap Index Scan on sbtest3_pkey  (cost=0.00..284.15 rows=9971 width=0)
	                    Index Cond: ((id >= 4340991) AND (id <= 4350990))

table 4 : explain SELECT DISTINCT c FROM sbtest4 WHERE id BETWEEN 3644601 AND 3654600 ORDER BY c
	Unique  (cost=37052.15..37104.76 rows=10522 width=121)
	  ->  Sort  (cost=37052.15..37078.45 rows=10522 width=121)
	        Sort Key: c
	        ->  Bitmap Heap Scan on sbtest4  (cost=288.29..36349.22 rows=10522 width=121)
	              Recheck Cond: ((id >= 3644601) AND (id <= 3654600))
	              ->  Bitmap Index Scan on sbtest4_pkey  (cost=0.00..285.66 rows=10522 width=0)
	                    Index Cond: ((id >= 3644601) AND (id <= 3654600))

table 5 : explain SELECT DISTINCT c FROM sbtest5 WHERE id BETWEEN 9401400 AND 9411399 ORDER BY c
	Unique  (cost=34494.39..34543.29 rows=9781 width=121)
	  ->  Sort  (cost=34494.39..34518.84 rows=9781 width=121)
	        Sort Key: c
	        ->  Bitmap Heap Scan on sbtest5  (cost=264.69..33846.11 rows=9781 width=121)
	              Recheck Cond: ((id >= 9401400) AND (id <= 9411399))
	              ->  Bitmap Index Scan on sbtest5_pkey  (cost=0.00..262.25 rows=9781 width=0)
	                    Index Cond: ((id >= 9401400) AND (id <= 9411399))

table 6 : explain SELECT DISTINCT c FROM sbtest6 WHERE id BETWEEN 2012971 AND 2022970 ORDER BY c
	Unique  (cost=37143.90..37196.83 rows=10586 width=121)
	  ->  Sort  (cost=37143.90..37170.37 rows=10586 width=121)
	        Sort Key: c
	        ->  Bitmap Heap Scan on sbtest6  (cost=292.94..36436.23 rows=10586 width=121)
	              Recheck Cond: ((id >= 2012971) AND (id <= 2022970))
	              ->  Bitmap Index Scan on sbtest6_pkey  (cost=0.00..290.30 rows=10586 width=0)
	                    Index Cond: ((id >= 2012971) AND (id <= 2022970))

table 7 : explain SELECT DISTINCT c FROM sbtest7 WHERE id BETWEEN 6464353 AND 6474352 ORDER BY c
	Unique  (cost=32983.44..33029.68 rows=9248 width=121)
	  ->  Sort  (cost=32983.44..33006.56 rows=9248 width=121)
	        Sort Key: c
	        ->  Bitmap Heap Scan on sbtest7  (cost=267.23..32374.23 rows=9248 width=121)
	              Recheck Cond: ((id >= 6464353) AND (id <= 6474352))
	              ->  Bitmap Index Scan on sbtest7_pkey  (cost=0.00..264.92 rows=9248 width=0)
	                    Index Cond: ((id >= 6464353) AND (id <= 6474352))

table 8 : explain SELECT DISTINCT c FROM sbtest8 WHERE id BETWEEN 8438764 AND 8448763 ORDER BY c
	Unique  (cost=34583.21..34632.28 rows=9813 width=121)
	  ->  Sort  (cost=34583.21..34607.74 rows=9813 width=121)
	        Sort Key: c
	        ->  Bitmap Heap Scan on sbtest8  (cost=273.02..33932.59 rows=9813 width=121)
	              Recheck Cond: ((id >= 8438764) AND (id <= 8448763))
	              ->  Bitmap Index Scan on sbtest8_pkey  (cost=0.00..270.56 rows=9813 width=0)
	                    Index Cond: ((id >= 8438764) AND (id <= 8448763))

for point_selects
table 1 : explain SELECT c FROM sbtest1 WHERE id=9167289
	Index Scan using sbtest1_pkey on sbtest1  (cost=0.43..8.45 rows=1 width=121)
	  Index Cond: (id = 9167289)

table 2 : explain SELECT c FROM sbtest2 WHERE id=9418555
	Index Scan using sbtest2_pkey on sbtest2  (cost=0.43..8.45 rows=1 width=121)
	  Index Cond: (id = 9418555)

table 3 : explain SELECT c FROM sbtest3 WHERE id=7504152
	Index Scan using sbtest3_pkey on sbtest3  (cost=0.43..8.45 rows=1 width=121)
	  Index Cond: (id = 7504152)

table 4 : explain SELECT c FROM sbtest4 WHERE id=5204407
	Index Scan using sbtest4_pkey on sbtest4  (cost=0.43..8.45 rows=1 width=121)
	  Index Cond: (id = 5204407)

table 5 : explain SELECT c FROM sbtest5 WHERE id=4051005
	Index Scan using sbtest5_pkey on sbtest5  (cost=0.43..8.45 rows=1 width=121)
	  Index Cond: (id = 4051005)

table 6 : explain SELECT c FROM sbtest6 WHERE id=5804850
	Index Scan using sbtest6_pkey on sbtest6  (cost=0.43..8.45 rows=1 width=121)
	  Index Cond: (id = 5804850)

table 7 : explain SELECT c FROM sbtest7 WHERE id=4253213
	Index Scan using sbtest7_pkey on sbtest7  (cost=0.43..8.45 rows=1 width=121)
	  Index Cond: (id = 4253213)

table 8 : explain SELECT c FROM sbtest8 WHERE id=6536131
	Index Scan using sbtest8_pkey on sbtest8  (cost=0.43..8.45 rows=1 width=121)
	  Index Cond: (id = 6536131)

explain: for point_selects :: explain SELECT c FROM sbtest%u WHERE id=%u
for: sum_ranges
table 1 : explain SELECT SUM(k) FROM sbtest1 WHERE id BETWEEN 5271390 AND 5281389
	Aggregate  (cost=35047.06..35047.07 rows=1 width=8)
	  ->  Bitmap Heap Scan on sbtest1  (cost=284.40..35021.70 rows=10143 width=4)
	        Recheck Cond: ((id >= 5271390) AND (id <= 5281389))
	        ->  Bitmap Index Scan on sbtest1_pkey  (cost=0.00..281.87 rows=10143 width=0)
	              Index Cond: ((id >= 5271390) AND (id <= 5281389))

table 2 : explain SELECT SUM(k) FROM sbtest2 WHERE id BETWEEN 9488033 AND 9498032
	Aggregate  (cost=34726.15..34726.16 rows=1 width=8)
	  ->  Bitmap Heap Scan on sbtest2  (cost=279.52..34701.01 rows=10057 width=4)
	        Recheck Cond: ((id >= 9488033) AND (id <= 9498032))
	        ->  Bitmap Index Scan on sbtest2_pkey  (cost=0.00..277.00 rows=10057 width=0)
	              Index Cond: ((id >= 9488033) AND (id <= 9498032))

table 3 : explain SELECT SUM(k) FROM sbtest3 WHERE id BETWEEN 715356 AND 725355
	Aggregate  (cost=34043.63..34043.64 rows=1 width=8)
	  ->  Bitmap Heap Scan on sbtest3  (cost=280.55..34019.21 rows=9767 width=4)
	        Recheck Cond: ((id >= 715356) AND (id <= 725355))
	        ->  Bitmap Index Scan on sbtest3_pkey  (cost=0.00..278.11 rows=9767 width=0)
	              Index Cond: ((id >= 715356) AND (id <= 725355))

table 4 : explain SELECT SUM(k) FROM sbtest4 WHERE id BETWEEN 1731030 AND 1741029
	Aggregate  (cost=36973.01..36973.02 rows=1 width=8)
	  ->  Bitmap Heap Scan on sbtest4  (cost=294.23..36946.23 rows=10712 width=4)
	        Recheck Cond: ((id >= 1731030) AND (id <= 1741029))
	        ->  Bitmap Index Scan on sbtest4_pkey  (cost=0.00..291.56 rows=10712 width=0)
	              Index Cond: ((id >= 1731030) AND (id <= 1741029))

table 5 : explain SELECT SUM(k) FROM sbtest5 WHERE id BETWEEN 4476914 AND 4486913
	Aggregate  (cost=33663.34..33663.35 rows=1 width=8)
	  ->  Bitmap Heap Scan on sbtest5  (cost=264.01..33639.06 rows=9715 width=4)
	        Recheck Cond: ((id >= 4476914) AND (id <= 4486913))
	        ->  Bitmap Index Scan on sbtest5_pkey  (cost=0.00..261.58 rows=9715 width=0)
	              Index Cond: ((id >= 4476914) AND (id <= 4486913))

table 6 : explain SELECT SUM(k) FROM sbtest6 WHERE id BETWEEN 6870100 AND 6880099
	Aggregate  (cost=31390.31..31390.32 rows=1 width=8)
	  ->  Bitmap Heap Scan on sbtest6  (cost=248.50..31367.85 rows=8982 width=4)
	        Recheck Cond: ((id >= 6870100) AND (id <= 6880099))
	        ->  Bitmap Index Scan on sbtest6_pkey  (cost=0.00..246.25 rows=8982 width=0)
	              Index Cond: ((id >= 6870100) AND (id <= 6880099))

table 7 : explain SELECT SUM(k) FROM sbtest7 WHERE id BETWEEN 8432966 AND 8442965
	Aggregate  (cost=36153.65..36153.66 rows=1 width=8)
	  ->  Bitmap Heap Scan on sbtest7  (cost=303.29..36127.59 rows=10425 width=4)
	        Recheck Cond: ((id >= 8432966) AND (id <= 8442965))
	        ->  Bitmap Index Scan on sbtest7_pkey  (cost=0.00..300.69 rows=10425 width=0)
	              Index Cond: ((id >= 8432966) AND (id <= 8442965))

table 8 : explain SELECT SUM(k) FROM sbtest8 WHERE id BETWEEN 341249 AND 351248
	Aggregate  (cost=34448.75..34448.76 rows=1 width=8)
	  ->  Bitmap Heap Scan on sbtest8  (cost=278.62..34423.83 rows=9969 width=4)
	        Recheck Cond: ((id >= 341249) AND (id <= 351248))
	        ->  Bitmap Index Scan on sbtest8_pkey  (cost=0.00..276.12 rows=9969 width=0)
	              Index Cond: ((id >= 341249) AND (id <= 351248))

for: simple_ranges
table 1 : explain SELECT c FROM sbtest1 WHERE id BETWEEN 4395206 AND 4405205
	Bitmap Heap Scan on sbtest1  (cost=253.15..31545.80 rows=9045 width=121)
	  Recheck Cond: ((id >= 4395206) AND (id <= 4405205))
	  ->  Bitmap Index Scan on sbtest1_pkey  (cost=0.00..250.88 rows=9045 width=0)
	        Index Cond: ((id >= 4395206) AND (id <= 4405205))

table 2 : explain SELECT c FROM sbtest2 WHERE id BETWEEN 7147156 AND 7157155
	Bitmap Heap Scan on sbtest2  (cost=290.51..35618.84 rows=10349 width=121)
	  Recheck Cond: ((id >= 7147156) AND (id <= 7157155))
	  ->  Bitmap Index Scan on sbtest2_pkey  (cost=0.00..287.93 rows=10349 width=0)
	        Index Cond: ((id >= 7147156) AND (id <= 7157155))

table 3 : explain SELECT c FROM sbtest3 WHERE id BETWEEN 1236461 AND 1246460
	Bitmap Heap Scan on sbtest3  (cost=287.15..34827.37 rows=10021 width=121)
	  Recheck Cond: ((id >= 1236461) AND (id <= 1246460))
	  ->  Bitmap Index Scan on sbtest3_pkey  (cost=0.00..284.65 rows=10021 width=0)
	        Index Cond: ((id >= 1236461) AND (id <= 1246460))

table 4 : explain SELECT c FROM sbtest4 WHERE id BETWEEN 7341093 AND 7351092
	Bitmap Heap Scan on sbtest4  (cost=248.73..31529.86 rows=9004 width=121)
	  Recheck Cond: ((id >= 7341093) AND (id <= 7351092))
	  ->  Bitmap Index Scan on sbtest4_pkey  (cost=0.00..246.48 rows=9004 width=0)
	        Index Cond: ((id >= 7341093) AND (id <= 7351092))

table 5 : explain SELECT c FROM sbtest5 WHERE id BETWEEN 1767754 AND 1777753
	Bitmap Heap Scan on sbtest5  (cost=245.82..31723.27 rows=9111 width=121)
	  Recheck Cond: ((id >= 1767754) AND (id <= 1777753))
	  ->  Bitmap Index Scan on sbtest5_pkey  (cost=0.00..243.55 rows=9111 width=0)
	        Index Cond: ((id >= 1767754) AND (id <= 1777753))

table 6 : explain SELECT c FROM sbtest6 WHERE id BETWEEN 7254530 AND 7264529
	Bitmap Heap Scan on sbtest6  (cost=261.08..32792.57 rows=9429 width=121)
	  Recheck Cond: ((id >= 7254530) AND (id <= 7264529))
	  ->  Bitmap Index Scan on sbtest6_pkey  (cost=0.00..258.73 rows=9429 width=0)
	        Index Cond: ((id >= 7254530) AND (id <= 7264529))

table 7 : explain SELECT c FROM sbtest7 WHERE id BETWEEN 9279465 AND 9289464
	Bitmap Heap Scan on sbtest7  (cost=266.62..32187.03 rows=9189 width=121)
	  Recheck Cond: ((id >= 9279465) AND (id <= 9289464))
	  ->  Bitmap Index Scan on sbtest7_pkey  (cost=0.00..264.32 rows=9189 width=0)
	        Index Cond: ((id >= 9279465) AND (id <= 9289464))

table 8 : explain SELECT c FROM sbtest8 WHERE id BETWEEN 7551851 AND 7561850
	Bitmap Heap Scan on sbtest8  (cost=285.64..35348.12 rows=10264 width=121)
	  Recheck Cond: ((id >= 7551851) AND (id <= 7561850))
	  ->  Bitmap Index Scan on sbtest8_pkey  (cost=0.00..283.07 rows=10264 width=0)
	        Index Cond: ((id >= 7551851) AND (id <= 7561850))

for point_selects
table 1 : explain SELECT c FROM sbtest1 WHERE id=3260245
	Index Scan using sbtest1_pkey on sbtest1  (cost=0.43..8.45 rows=1 width=121)
	  Index Cond: (id = 3260245)

table 2 : explain SELECT c FROM sbtest2 WHERE id=8382916
	Index Scan using sbtest2_pkey on sbtest2  (cost=0.43..8.45 rows=1 width=121)
	  Index Cond: (id = 8382916)

table 3 : explain SELECT c FROM sbtest3 WHERE id=616220
	Index Scan using sbtest3_pkey on sbtest3  (cost=0.43..8.45 rows=1 width=121)
	  Index Cond: (id = 616220)

table 4 : explain SELECT c FROM sbtest4 WHERE id=1506130
	Index Scan using sbtest4_pkey on sbtest4  (cost=0.43..8.45 rows=1 width=121)
	  Index Cond: (id = 1506130)

table 5 : explain SELECT c FROM sbtest5 WHERE id=3332341
	Index Scan using sbtest5_pkey on sbtest5  (cost=0.43..8.45 rows=1 width=121)
	  Index Cond: (id = 3332341)

table 6 : explain SELECT c FROM sbtest6 WHERE id=5329969
	Index Scan using sbtest6_pkey on sbtest6  (cost=0.43..8.45 rows=1 width=121)
	  Index Cond: (id = 5329969)

table 7 : explain SELECT c FROM sbtest7 WHERE id=1508652
	Index Scan using sbtest7_pkey on sbtest7  (cost=0.43..8.45 rows=1 width=121)
	  Index Cond: (id = 1508652)

table 8 : explain SELECT c FROM sbtest8 WHERE id=2790953
	Index Scan using sbtest8_pkey on sbtest8  (cost=0.43..8.45 rows=1 width=121)
	  Index Cond: (id = 2790953)

for: order_ranges
table 1 : explain SELECT c FROM sbtest1 WHERE id BETWEEN 4888314 AND 4898313 ORDER BY c
	Sort  (cost=33594.85..33618.58 rows=9492 width=121)
	  Sort Key: c
	  ->  Bitmap Heap Scan on sbtest1  (cost=265.73..32967.78 rows=9492 width=121)
	        Recheck Cond: ((id >= 4888314) AND (id <= 4898313))
	        ->  Bitmap Index Scan on sbtest1_pkey  (cost=0.00..263.36 rows=9492 width=0)
	              Index Cond: ((id >= 4888314) AND (id <= 4898313))

table 2 : explain SELECT c FROM sbtest2 WHERE id BETWEEN 8821006 AND 8831005 ORDER BY c
	Sort  (cost=36391.12..36417.06 rows=10375 width=121)
	  Sort Key: c
	  ->  Bitmap Heap Scan on sbtest2  (cost=290.78..35699.06 rows=10375 width=121)
	        Recheck Cond: ((id >= 8821006) AND (id <= 8831005))
	        ->  Bitmap Index Scan on sbtest2_pkey  (cost=0.00..288.19 rows=10375 width=0)
	              Index Cond: ((id >= 8821006) AND (id <= 8831005))

table 3 : explain SELECT c FROM sbtest3 WHERE id BETWEEN 6950521 AND 6960520 ORDER BY c
	Sort  (cost=38119.09..38146.18 rows=10834 width=121)
	  Sort Key: c
	  ->  Bitmap Heap Scan on sbtest3  (cost=311.48..37393.04 rows=10834 width=121)
	        Recheck Cond: ((id >= 6950521) AND (id <= 6960520))
	        ->  Bitmap Index Scan on sbtest3_pkey  (cost=0.00..308.78 rows=10834 width=0)
	              Index Cond: ((id >= 6950521) AND (id <= 6960520))

table 4 : explain SELECT c FROM sbtest4 WHERE id BETWEEN 4210625 AND 4220624 ORDER BY c
	Sort  (cost=36462.93..36488.78 rows=10339 width=121)
	  Sort Key: c
	  ->  Bitmap Heap Scan on sbtest4  (cost=282.41..35773.53 rows=10339 width=121)
	        Recheck Cond: ((id >= 4210625) AND (id <= 4220624))
	        ->  Bitmap Index Scan on sbtest4_pkey  (cost=0.00..279.82 rows=10339 width=0)
	              Index Cond: ((id >= 4210625) AND (id <= 4220624))

table 5 : explain SELECT c FROM sbtest5 WHERE id BETWEEN 1384876 AND 1394875 ORDER BY c
	Sort  (cost=34931.60..34956.39 rows=9916 width=121)
	  Sort Key: c
	  ->  Bitmap Heap Scan on sbtest5  (cost=270.07..34273.40 rows=9916 width=121)
	        Recheck Cond: ((id >= 1384876) AND (id <= 1394875))
	        ->  Bitmap Index Scan on sbtest5_pkey  (cost=0.00..267.59 rows=9916 width=0)
	              Index Cond: ((id >= 1384876) AND (id <= 1394875))

table 6 : explain SELECT c FROM sbtest6 WHERE id BETWEEN 4883924 AND 4893923 ORDER BY c
	Sort  (cost=36251.08..36276.85 rows=10307 width=121)
	  Sort Key: c
	  ->  Bitmap Heap Scan on sbtest6  (cost=286.08..35564.05 rows=10307 width=121)
	        Recheck Cond: ((id >= 4883924) AND (id <= 4893923))
	        ->  Bitmap Index Scan on sbtest6_pkey  (cost=0.00..283.50 rows=10307 width=0)
	              Index Cond: ((id >= 4883924) AND (id <= 4893923))

table 7 : explain SELECT c FROM sbtest7 WHERE id BETWEEN 4240762 AND 4250761 ORDER BY c
	Sort  (cost=37714.17..37740.92 rows=10702 width=121)
	  Sort Key: c
	  ->  Bitmap Heap Scan on sbtest7  (cost=310.13..36997.91 rows=10702 width=121)
	        Recheck Cond: ((id >= 4240762) AND (id <= 4250761))
	        ->  Bitmap Index Scan on sbtest7_pkey  (cost=0.00..307.45 rows=10702 width=0)
	              Index Cond: ((id >= 4240762) AND (id <= 4250761))

table 8 : explain SELECT c FROM sbtest8 WHERE id BETWEEN 3333927 AND 3343926 ORDER BY c
	Sort  (cost=35389.33..35414.49 rows=10064 width=121)
	  Sort Key: c
	  ->  Bitmap Heap Scan on sbtest8  (cost=279.59..34720.23 rows=10064 width=121)
	        Recheck Cond: ((id >= 3333927) AND (id <= 3343926))
	        ->  Bitmap Index Scan on sbtest8_pkey  (cost=0.00..277.07 rows=10064 width=0)
	              Index Cond: ((id >= 3333927) AND (id <= 3343926))

for: distinct_ranges
table 1 : explain SELECT DISTINCT c FROM sbtest1 WHERE id BETWEEN 2785294 AND 2795293 ORDER BY c
	Unique  (cost=39132.95..39189.06 rows=11222 width=121)
	  ->  Sort  (cost=39132.95..39161.00 rows=11222 width=121)
	        Sort Key: c
	        ->  Bitmap Heap Scan on sbtest1  (cost=311.46..38378.04 rows=11222 width=121)
	              Recheck Cond: ((id >= 2785294) AND (id <= 2795293))
	              ->  Bitmap Index Scan on sbtest1_pkey  (cost=0.00..308.66 rows=11222 width=0)
	                    Index Cond: ((id >= 2785294) AND (id <= 2795293))

table 2 : explain SELECT DISTINCT c FROM sbtest2 WHERE id BETWEEN 3600836 AND 3610835 ORDER BY c
	Unique  (cost=34695.48..34744.72 rows=9847 width=121)
	  ->  Sort  (cost=34695.48..34720.10 rows=9847 width=121)
	        Sort Key: c
	        ->  Bitmap Heap Scan on sbtest2  (cost=273.37..34042.36 rows=9847 width=121)
	              Recheck Cond: ((id >= 3600836) AND (id <= 3610835))
	              ->  Bitmap Index Scan on sbtest2_pkey  (cost=0.00..270.91 rows=9847 width=0)
	                    Index Cond: ((id >= 3600836) AND (id <= 3610835))

table 3 : explain SELECT DISTINCT c FROM sbtest3 WHERE id BETWEEN 4907663 AND 4917662 ORDER BY c
	Unique  (cost=36088.91..36139.94 rows=10205 width=121)
	  ->  Sort  (cost=36088.91..36114.42 rows=10205 width=121)
	        Sort Key: c
	        ->  Bitmap Heap Scan on sbtest3  (cost=293.04..35409.41 rows=10205 width=121)
	              Recheck Cond: ((id >= 4907663) AND (id <= 4917662))
	              ->  Bitmap Index Scan on sbtest3_pkey  (cost=0.00..290.49 rows=10205 width=0)
	                    Index Cond: ((id >= 4907663) AND (id <= 4917662))

table 4 : explain SELECT DISTINCT c FROM sbtest4 WHERE id BETWEEN 3196863 AND 3206862 ORDER BY c
	Unique  (cost=37028.95..37081.52 rows=10514 width=121)
	  ->  Sort  (cost=37028.95..37055.24 rows=10514 width=121)
	        Sort Key: c
	        ->  Bitmap Heap Scan on sbtest4  (cost=288.20..36326.62 rows=10514 width=121)
	              Recheck Cond: ((id >= 3196863) AND (id <= 3206862))
	              ->  Bitmap Index Scan on sbtest4_pkey  (cost=0.00..285.57 rows=10514 width=0)
	                    Index Cond: ((id >= 3196863) AND (id <= 3206862))

table 5 : explain SELECT DISTINCT c FROM sbtest5 WHERE id BETWEEN 5643055 AND 5653054 ORDER BY c
	Unique  (cost=36020.69..36071.97 rows=10256 width=121)
	  ->  Sort  (cost=36020.69..36046.33 rows=10256 width=121)
	        Sort Key: c
	        ->  Bitmap Heap Scan on sbtest5  (cost=277.56..35337.42 rows=10256 width=121)
	              Recheck Cond: ((id >= 5643055) AND (id <= 5653054))
	              ->  Bitmap Index Scan on sbtest5_pkey  (cost=0.00..275.00 rows=10256 width=0)
	                    Index Cond: ((id >= 5643055) AND (id <= 5653054))

table 6 : explain SELECT DISTINCT c FROM sbtest6 WHERE id BETWEEN 1475757 AND 1485756 ORDER BY c
	Unique  (cost=36264.26..36315.81 rows=10311 width=121)
	  ->  Sort  (cost=36264.26..36290.03 rows=10311 width=121)
	        Sort Key: c
	        ->  Bitmap Heap Scan on sbtest6  (cost=286.12..35576.93 rows=10311 width=121)
	              Recheck Cond: ((id >= 1475757) AND (id <= 1485756))
	              ->  Bitmap Index Scan on sbtest6_pkey  (cost=0.00..283.55 rows=10311 width=0)
	                    Index Cond: ((id >= 1475757) AND (id <= 1485756))

table 7 : explain SELECT DISTINCT c FROM sbtest7 WHERE id BETWEEN 2443232 AND 2453231 ORDER BY c
	Unique  (cost=36743.18..36795.19 rows=10402 width=121)
	  ->  Sort  (cost=36743.18..36769.19 rows=10402 width=121)
	        Sort Key: c
	        ->  Bitmap Heap Scan on sbtest7  (cost=299.06..36049.13 rows=10402 width=121)
	              Recheck Cond: ((id >= 2443232) AND (id <= 2453231))
	              ->  Bitmap Index Scan on sbtest7_pkey  (cost=0.00..296.45 rows=10402 width=0)
	                    Index Cond: ((id >= 2443232) AND (id <= 2453231))

table 8 : explain SELECT DISTINCT c FROM sbtest8 WHERE id BETWEEN 45850 AND 55849 ORDER BY c
	Unique  (cost=33340.03..33387.16 rows=9427 width=121)
	  ->  Sort  (cost=33340.03..33363.59 rows=9427 width=121)
	        Sort Key: c
	        ->  Bitmap Heap Scan on sbtest8  (cost=265.06..32717.72 rows=9427 width=121)
	              Recheck Cond: ((id >= 45850) AND (id <= 55849))
	              ->  Bitmap Index Scan on sbtest8_pkey  (cost=0.00..262.70 rows=9427 width=0)
	                    Index Cond: ((id >= 45850) AND (id <= 55849))

for: order_ranges
table 1 : explain SELECT c FROM sbtest1 WHERE id BETWEEN 3214199 AND 3224198 ORDER BY c
	Sort  (cost=34013.42..34037.47 rows=9622 width=121)
	  Sort Key: c
	  ->  Bitmap Heap Scan on sbtest1  (cost=267.06..33376.82 rows=9622 width=121)
	        Recheck Cond: ((id >= 3214199) AND (id <= 3224198))
	        ->  Bitmap Index Scan on sbtest1_pkey  (cost=0.00..264.66 rows=9622 width=0)
	              Index Cond: ((id >= 3214199) AND (id <= 3224198))

table 2 : explain SELECT c FROM sbtest2 WHERE id BETWEEN 8134400 AND 8144399 ORDER BY c
	Sort  (cost=39008.80..39036.80 rows=11200 width=121)
	  Sort Key: c
	  ->  Bitmap Heap Scan on sbtest2  (cost=311.24..38255.53 rows=11200 width=121)
	        Recheck Cond: ((id >= 8134400) AND (id <= 8144399))
	        ->  Bitmap Index Scan on sbtest2_pkey  (cost=0.00..308.44 rows=11200 width=0)
	              Index Cond: ((id >= 8134400) AND (id <= 8144399))

table 3 : explain SELECT c FROM sbtest3 WHERE id BETWEEN 9820650 AND 9830649 ORDER BY c
	Sort  (cost=33917.46..33941.30 rows=9537 width=121)
	  Sort Key: c
	  ->  Bitmap Heap Scan on sbtest3  (cost=274.19..33287.10 rows=9537 width=121)
	        Recheck Cond: ((id >= 9820650) AND (id <= 9830649))
	        ->  Bitmap Index Scan on sbtest3_pkey  (cost=0.00..271.81 rows=9537 width=0)
	              Index Cond: ((id >= 9820650) AND (id <= 9830649))

table 4 : explain SELECT c FROM sbtest4 WHERE id BETWEEN 1495922 AND 1505921 ORDER BY c
	Sort  (cost=33907.98..33931.86 rows=9551 width=121)
	  Sort Key: c
	  ->  Bitmap Heap Scan on sbtest4  (cost=262.33..33276.59 rows=9551 width=121)
	        Recheck Cond: ((id >= 1495922) AND (id <= 1505921))
	        ->  Bitmap Index Scan on sbtest4_pkey  (cost=0.00..259.94 rows=9551 width=0)
	              Index Cond: ((id >= 1495922) AND (id <= 1505921))

table 5 : explain SELECT c FROM sbtest5 WHERE id BETWEEN 8015620 AND 8025619 ORDER BY c
	Sort  (cost=33402.64..33426.24 rows=9443 width=121)
	  Sort Key: c
	  ->  Bitmap Heap Scan on sbtest5  (cost=257.23..32779.16 rows=9443 width=121)
	        Recheck Cond: ((id >= 8015620) AND (id <= 8025619))
	        ->  Bitmap Index Scan on sbtest5_pkey  (cost=0.00..254.87 rows=9443 width=0)
	              Index Cond: ((id >= 8015620) AND (id <= 8025619))

table 6 : explain SELECT c FROM sbtest6 WHERE id BETWEEN 4422505 AND 4432504 ORDER BY c
	Sort  (cost=37528.82..37555.58 rows=10705 width=121)
	  Sort Key: c
	  ->  Bitmap Heap Scan on sbtest6  (cost=298.16..36812.33 rows=10705 width=121)
	        Recheck Cond: ((id >= 4422505) AND (id <= 4432504))
	        ->  Bitmap Index Scan on sbtest6_pkey  (cost=0.00..295.49 rows=10705 width=0)
	              Index Cond: ((id >= 4422505) AND (id <= 4432504))

table 7 : explain SELECT c FROM sbtest7 WHERE id BETWEEN 1947393 AND 1957392 ORDER BY c
	Sort  (cost=32017.44..32039.83 rows=8954 width=121)
	  Sort Key: c
	  ->  Bitmap Heap Scan on sbtest7  (cost=260.21..31429.69 rows=8954 width=121)
	        Recheck Cond: ((id >= 1947393) AND (id <= 1957392))
	        ->  Bitmap Index Scan on sbtest7_pkey  (cost=0.00..257.98 rows=8954 width=0)
	              Index Cond: ((id >= 1947393) AND (id <= 1957392))

table 8 : explain SELECT c FROM sbtest8 WHERE id BETWEEN 6565932 AND 6575931 ORDER BY c
	Sort  (cost=36548.56..36574.63 rows=10426 width=121)
	  Sort Key: c
	  ->  Bitmap Heap Scan on sbtest8  (cost=291.30..35852.74 rows=10426 width=121)
	        Recheck Cond: ((id >= 6565932) AND (id <= 6575931))
	        ->  Bitmap Index Scan on sbtest8_pkey  (cost=0.00..288.69 rows=10426 width=0)
	              Index Cond: ((id >= 6565932) AND (id <= 6575931))

for: sum_ranges
table 1 : explain SELECT SUM(k) FROM sbtest1 WHERE id BETWEEN 271188 AND 281187
	Aggregate  (cost=35134.14..35134.15 rows=1 width=8)
	  ->  Bitmap Heap Scan on sbtest1  (cost=284.69..35108.71 rows=10171 width=4)
	        Recheck Cond: ((id >= 271188) AND (id <= 281187))
	        ->  Bitmap Index Scan on sbtest1_pkey  (cost=0.00..282.15 rows=10171 width=0)
	              Index Cond: ((id >= 271188) AND (id <= 281187))

table 2 : explain SELECT SUM(k) FROM sbtest2 WHERE id BETWEEN 2266836 AND 2276835
	Aggregate  (cost=34613.29..34613.30 rows=1 width=8)
	  ->  Bitmap Heap Scan on sbtest2  (cost=279.14..34588.24 rows=10020 width=4)
	        Recheck Cond: ((id >= 2266836) AND (id <= 2276835))
	        ->  Bitmap Index Scan on sbtest2_pkey  (cost=0.00..276.63 rows=10020 width=0)
	              Index Cond: ((id >= 2266836) AND (id <= 2276835))

table 3 : explain SELECT SUM(k) FROM sbtest3 WHERE id BETWEEN 894706 AND 904705
	Aggregate  (cost=31717.83..31717.84 rows=1 width=8)
	  ->  Bitmap Heap Scan on sbtest3  (cost=261.11..31695.22 rows=9041 width=4)
	        Recheck Cond: ((id >= 894706) AND (id <= 904705))
	        ->  Bitmap Index Scan on sbtest3_pkey  (cost=0.00..258.84 rows=9041 width=0)
	              Index Cond: ((id >= 894706) AND (id <= 904705))

table 4 : explain SELECT SUM(k) FROM sbtest4 WHERE id BETWEEN 4613599 AND 4623598
	Aggregate  (cost=38208.99..38209.00 rows=1 width=8)
	  ->  Bitmap Heap Scan on sbtest4  (cost=306.27..38181.23 rows=11106 width=4)
	        Recheck Cond: ((id >= 4613599) AND (id <= 4623598))
	        ->  Bitmap Index Scan on sbtest4_pkey  (cost=0.00..303.50 rows=11106 width=0)
	              Index Cond: ((id >= 4613599) AND (id <= 4623598))

table 5 : explain SELECT SUM(k) FROM sbtest5 WHERE id BETWEEN 935792 AND 945791
	Aggregate  (cost=33666.58..33666.59 rows=1 width=8)
	  ->  Bitmap Heap Scan on sbtest5  (cost=264.02..33642.29 rows=9716 width=4)
	        Recheck Cond: ((id >= 935792) AND (id <= 945791))
	        ->  Bitmap Index Scan on sbtest5_pkey  (cost=0.00..261.59 rows=9716 width=0)
	              Index Cond: ((id >= 935792) AND (id <= 945791))

table 6 : explain SELECT SUM(k) FROM sbtest6 WHERE id BETWEEN 1254638 AND 1264637
	Aggregate  (cost=36195.90..36195.91 rows=1 width=8)
	  ->  Bitmap Heap Scan on sbtest6  (cost=292.06..36169.65 rows=10500 width=4)
	        Recheck Cond: ((id >= 1254638) AND (id <= 1264637))
	        ->  Bitmap Index Scan on sbtest6_pkey  (cost=0.00..289.44 rows=10500 width=0)
	              Index Cond: ((id >= 1254638) AND (id <= 1264637))

table 7 : explain SELECT SUM(k) FROM sbtest7 WHERE id BETWEEN 9817827 AND 9827826
	Aggregate  (cost=33448.03..33448.04 rows=1 width=8)
	  ->  Bitmap Heap Scan on sbtest7  (cost=278.58..33424.09 rows=9575 width=4)
	        Recheck Cond: ((id >= 9817827) AND (id <= 9827826))
	        ->  Bitmap Index Scan on sbtest7_pkey  (cost=0.00..276.19 rows=9575 width=0)
	              Index Cond: ((id >= 9817827) AND (id <= 9827826))

table 8 : explain SELECT SUM(k) FROM sbtest8 WHERE id BETWEEN 8233948 AND 8243947
	Aggregate  (cost=34313.22..34313.23 rows=1 width=8)
	  ->  Bitmap Heap Scan on sbtest8  (cost=278.18..34288.41 rows=9926 width=4)
	        Recheck Cond: ((id >= 8233948) AND (id <= 8243947))
	        ->  Bitmap Index Scan on sbtest8_pkey  (cost=0.00..275.69 rows=9926 width=0)
	              Index Cond: ((id >= 8233948) AND (id <= 8243947))

for: simple_ranges
table 1 : explain SELECT c FROM sbtest1 WHERE id BETWEEN 7029030 AND 7039029
	Bitmap Heap Scan on sbtest1  (cost=304.87..37596.39 rows=10969 width=121)
	  Recheck Cond: ((id >= 7029030) AND (id <= 7039029))
	  ->  Bitmap Index Scan on sbtest1_pkey  (cost=0.00..302.12 rows=10969 width=0)
	        Index Cond: ((id >= 7029030) AND (id <= 7039029))

table 2 : explain SELECT c FROM sbtest2 WHERE id BETWEEN 17411 AND 27410
	Bitmap Heap Scan on sbtest2  (cost=291.24..35840.18 rows=10420 width=121)
	  Recheck Cond: ((id >= 17411) AND (id <= 27410))
	  ->  Bitmap Index Scan on sbtest2_pkey  (cost=0.00..288.63 rows=10420 width=0)
	        Index Cond: ((id >= 17411) AND (id <= 27410))

table 3 : explain SELECT c FROM sbtest3 WHERE id BETWEEN 2367207 AND 2377206
	Bitmap Heap Scan on sbtest3  (cost=293.85..35659.07 rows=10284 width=121)
	  Recheck Cond: ((id >= 2367207) AND (id <= 2377206))
	  ->  Bitmap Index Scan on sbtest3_pkey  (cost=0.00..291.28 rows=10284 width=0)
	        Index Cond: ((id >= 2367207) AND (id <= 2377206))

table 4 : explain SELECT c FROM sbtest4 WHERE id BETWEEN 9176538 AND 9186537
	Bitmap Heap Scan on sbtest4  (cost=267.51..33645.85 rows=9666 width=121)
	  Recheck Cond: ((id >= 9176538) AND (id <= 9186537))
	  ->  Bitmap Index Scan on sbtest4_pkey  (cost=0.00..265.09 rows=9666 width=0)
	        Index Cond: ((id >= 9176538) AND (id <= 9186537))

table 5 : explain SELECT c FROM sbtest5 WHERE id BETWEEN 1109607 AND 1119606
	Bitmap Heap Scan on sbtest5  (cost=283.80..36022.16 rows=10475 width=121)
	  Recheck Cond: ((id >= 1109607) AND (id <= 1119606))
	  ->  Bitmap Index Scan on sbtest5_pkey  (cost=0.00..281.19 rows=10475 width=0)
	        Index Cond: ((id >= 1109607) AND (id <= 1119606))

table 6 : explain SELECT c FROM sbtest6 WHERE id BETWEEN 7701024 AND 7711023
	Bitmap Heap Scan on sbtest6  (cost=273.55..34173.88 rows=9865 width=121)
	  Recheck Cond: ((id >= 7701024) AND (id <= 7711023))
	  ->  Bitmap Index Scan on sbtest6_pkey  (cost=0.00..271.08 rows=9865 width=0)
	        Index Cond: ((id >= 7701024) AND (id <= 7711023))

table 7 : explain SELECT c FROM sbtest7 WHERE id BETWEEN 7543637 AND 7553636
	Bitmap Heap Scan on sbtest7  (cost=304.82..36593.42 rows=10574 width=121)
	  Recheck Cond: ((id >= 7543637) AND (id <= 7553636))
	  ->  Bitmap Index Scan on sbtest7_pkey  (cost=0.00..302.18 rows=10574 width=0)
	        Index Cond: ((id >= 7543637) AND (id <= 7553636))

table 8 : explain SELECT c FROM sbtest8 WHERE id BETWEEN 5757947 AND 5767946
	Bitmap Heap Scan on sbtest8  (cost=283.98..34843.34 rows=10102 width=121)
	  Recheck Cond: ((id >= 5757947) AND (id <= 5767946))
	  ->  Bitmap Index Scan on sbtest8_pkey  (cost=0.00..281.45 rows=10102 width=0)
	        Index Cond: ((id >= 5757947) AND (id <= 5767946))

for: order_ranges
table 1 : explain SELECT c FROM sbtest1 WHERE id BETWEEN 3205305 AND 3215304 ORDER BY c
	Sort  (cost=34013.42..34037.47 rows=9622 width=121)
	  Sort Key: c
	  ->  Bitmap Heap Scan on sbtest1  (cost=267.06..33376.82 rows=9622 width=121)
	        Recheck Cond: ((id >= 3205305) AND (id <= 3215304))
	        ->  Bitmap Index Scan on sbtest1_pkey  (cost=0.00..264.66 rows=9622 width=0)
	              Index Cond: ((id >= 3205305) AND (id <= 3215304))

table 2 : explain SELECT c FROM sbtest2 WHERE id BETWEEN 9445760 AND 9455759 ORDER BY c
	Sort  (cost=36932.50..36958.87 rows=10545 width=121)
	  Sort Key: c
	  ->  Bitmap Heap Scan on sbtest2  (cost=292.52..36227.87 rows=10545 width=121)
	        Recheck Cond: ((id >= 9445760) AND (id <= 9455759))
	        ->  Bitmap Index Scan on sbtest2_pkey  (cost=0.00..289.88 rows=10545 width=0)
	              Index Cond: ((id >= 9445760) AND (id <= 9455759))

table 3 : explain SELECT c FROM sbtest3 WHERE id BETWEEN 1630275 AND 1640274 ORDER BY c
	Sort  (cost=34749.78..34774.26 rows=9792 width=121)
	  Sort Key: c
	  ->  Bitmap Heap Scan on sbtest3  (cost=280.80..34100.70 rows=9792 width=121)
	        Recheck Cond: ((id >= 1630275) AND (id <= 1640274))
	        ->  Bitmap Index Scan on sbtest3_pkey  (cost=0.00..278.36 rows=9792 width=0)
	              Index Cond: ((id >= 1630275) AND (id <= 1640274))

table 4 : explain SELECT c FROM sbtest4 WHERE id BETWEEN 4848664 AND 4858663 ORDER BY c
	Sort  (cost=35939.55..35964.99 rows=10176 width=121)
	  Sort Key: c
	  ->  Bitmap Heap Scan on sbtest4  (cost=280.74..35262.19 rows=10176 width=121)
	        Recheck Cond: ((id >= 4848664) AND (id <= 4858663))
	        ->  Bitmap Index Scan on sbtest4_pkey  (cost=0.00..278.19 rows=10176 width=0)
	              Index Cond: ((id >= 4848664) AND (id <= 4858663))

table 5 : explain SELECT c FROM sbtest5 WHERE id BETWEEN 3355539 AND 3365538 ORDER BY c
	Sort  (cost=34428.15..34452.55 rows=9760 width=121)
	  Sort Key: c
	  ->  Bitmap Heap Scan on sbtest5  (cost=264.48..33781.42 rows=9760 width=121)
	        Recheck Cond: ((id >= 3355539) AND (id <= 3365538))
	        ->  Bitmap Index Scan on sbtest5_pkey  (cost=0.00..262.04 rows=9760 width=0)
	              Index Cond: ((id >= 3355539) AND (id <= 3365538))

table 6 : explain SELECT c FROM sbtest6 WHERE id BETWEEN 3540447 AND 3550446 ORDER BY c
	Sort  (cost=34333.41..34357.69 rows=9712 width=121)
	  Sort Key: c
	  ->  Bitmap Heap Scan on sbtest6  (cost=267.98..33690.21 rows=9712 width=121)
	        Recheck Cond: ((id >= 3540447) AND (id <= 3550446))
	        ->  Bitmap Index Scan on sbtest6_pkey  (cost=0.00..265.56 rows=9712 width=0)
	              Index Cond: ((id >= 3540447) AND (id <= 3550446))

table 7 : explain SELECT c FROM sbtest7 WHERE id BETWEEN 2759097 AND 2769096 ORDER BY c
	Sort  (cost=34933.00..34957.61 rows=9843 width=121)
	  Sort Key: c
	  ->  Bitmap Heap Scan on sbtest7  (cost=285.33..34280.17 rows=9843 width=121)
	        Recheck Cond: ((id >= 2759097) AND (id <= 2769096))
	        ->  Bitmap Index Scan on sbtest7_pkey  (cost=0.00..282.87 rows=9843 width=0)
	              Index Cond: ((id >= 2759097) AND (id <= 2769096))

table 8 : explain SELECT c FROM sbtest8 WHERE id BETWEEN 3662275 AND 3672274 ORDER BY c
	Sort  (cost=33894.12..33918.12 rows=9600 width=121)
	  Sort Key: c
	  ->  Bitmap Heap Scan on sbtest8  (cost=266.83..33259.14 rows=9600 width=121)
	        Recheck Cond: ((id >= 3662275) AND (id <= 3672274))
	        ->  Bitmap Index Scan on sbtest8_pkey  (cost=0.00..264.44 rows=9600 width=0)
	              Index Cond: ((id >= 3662275) AND (id <= 3672274))

for: sum_ranges
table 1 : explain SELECT SUM(k) FROM sbtest1 WHERE id BETWEEN 8091151 AND 8101150
	Aggregate  (cost=35240.53..35240.54 rows=1 width=8)
	  ->  Bitmap Heap Scan on sbtest1  (cost=285.04..35215.02 rows=10205 width=4)
	        Recheck Cond: ((id >= 8091151) AND (id <= 8101150))
	        ->  Bitmap Index Scan on sbtest1_pkey  (cost=0.00..282.49 rows=10205 width=0)
	              Index Cond: ((id >= 8091151) AND (id <= 8101150))

table 2 : explain SELECT SUM(k) FROM sbtest2 WHERE id BETWEEN 1060971 AND 1070970
	Aggregate  (cost=31423.76..31423.77 rows=1 width=8)
	  ->  Bitmap Heap Scan on sbtest2  (cost=252.81..31401.23 rows=9012 width=4)
	        Recheck Cond: ((id >= 1060971) AND (id <= 1070970))
	        ->  Bitmap Index Scan on sbtest2_pkey  (cost=0.00..250.56 rows=9012 width=0)
	              Index Cond: ((id >= 1060971) AND (id <= 1070970))

table 3 : explain SELECT SUM(k) FROM sbtest3 WHERE id BETWEEN 2409102 AND 2419101
	Aggregate  (cost=32986.08..32986.09 rows=1 width=8)
	  ->  Bitmap Heap Scan on sbtest3  (cost=269.15..32962.49 rows=9436 width=4)
	        Recheck Cond: ((id >= 2409102) AND (id <= 2419101))
	        ->  Bitmap Index Scan on sbtest3_pkey  (cost=0.00..266.80 rows=9436 width=0)
	              Index Cond: ((id >= 2409102) AND (id <= 2419101))

table 4 : explain SELECT SUM(k) FROM sbtest4 WHERE id BETWEEN 2500371 AND 2510370
	Aggregate  (cost=35082.55..35082.56 rows=1 width=8)
	  ->  Bitmap Heap Scan on sbtest4  (cost=276.08..35057.27 rows=10112 width=4)
	        Recheck Cond: ((id >= 2500371) AND (id <= 2510370))
	        ->  Bitmap Index Scan on sbtest4_pkey  (cost=0.00..273.56 rows=10112 width=0)
	              Index Cond: ((id >= 2500371) AND (id <= 2510370))

table 5 : explain SELECT SUM(k) FROM sbtest5 WHERE id BETWEEN 7457397 AND 7467396
	Aggregate  (cost=36388.34..36388.35 rows=1 width=8)
	  ->  Bitmap Heap Scan on sbtest5  (cost=284.93..36361.87 rows=10585 width=4)
	        Recheck Cond: ((id >= 7457397) AND (id <= 7467396))
	        ->  Bitmap Index Scan on sbtest5_pkey  (cost=0.00..282.29 rows=10585 width=0)
	              Index Cond: ((id >= 7457397) AND (id <= 7467396))

table 6 : explain SELECT SUM(k) FROM sbtest6 WHERE id BETWEEN 9962303 AND 9972302
	Aggregate  (cost=37544.78..37544.79 rows=1 width=8)
	  ->  Bitmap Heap Scan on sbtest6  (cost=304.49..37517.45 rows=10932 width=4)
	        Recheck Cond: ((id >= 9962303) AND (id <= 9972302))
	        ->  Bitmap Index Scan on sbtest6_pkey  (cost=0.00..301.75 rows=10932 width=0)
	              Index Cond: ((id >= 9962303) AND (id <= 9972302))

table 7 : explain SELECT SUM(k) FROM sbtest7 WHERE id BETWEEN 8824708 AND 8834707
	Aggregate  (cost=34167.74..34167.75 rows=1 width=8)
	  ->  Bitmap Heap Scan on sbtest7  (cost=284.88..34143.24 rows=9800 width=4)
	        Recheck Cond: ((id >= 8824708) AND (id <= 8834707))
	        ->  Bitmap Index Scan on sbtest7_pkey  (cost=0.00..282.44 rows=9800 width=0)
	              Index Cond: ((id >= 8824708) AND (id <= 8834707))

table 8 : explain SELECT SUM(k) FROM sbtest8 WHERE id BETWEEN 8522309 AND 8532308
	Aggregate  (cost=36840.33..36840.34 rows=1 width=8)
	  ->  Bitmap Heap Scan on sbtest8  (cost=298.47..36813.49 rows=10735 width=4)
	        Recheck Cond: ((id >= 8522309) AND (id <= 8532308))
	        ->  Bitmap Index Scan on sbtest8_pkey  (cost=0.00..295.79 rows=10735 width=0)
	              Index Cond: ((id >= 8522309) AND (id <= 8532308))

for: simple_ranges
table 1 : explain SELECT c FROM sbtest1 WHERE id BETWEEN 7345517 AND 7355516
	Bitmap Heap Scan on sbtest1  (cost=272.21..33734.13 rows=9734 width=121)
	  Recheck Cond: ((id >= 7345517) AND (id <= 7355516))
	  ->  Bitmap Index Scan on sbtest1_pkey  (cost=0.00..269.78 rows=9734 width=0)
	        Index Cond: ((id >= 7345517) AND (id <= 7355516))

table 2 : explain SELECT c FROM sbtest2 WHERE id BETWEEN 7479363 AND 7489362
	Bitmap Heap Scan on sbtest2  (cost=253.52..31619.75 rows=9081 width=121)
	  Recheck Cond: ((id >= 7479363) AND (id <= 7489362))
	  ->  Bitmap Index Scan on sbtest2_pkey  (cost=0.00..251.25 rows=9081 width=0)
	        Index Cond: ((id >= 7479363) AND (id <= 7489362))

table 3 : explain SELECT c FROM sbtest3 WHERE id BETWEEN 276992 AND 286991
	Bitmap Heap Scan on sbtest3  (cost=280.40..33976.81 rows=9753 width=121)
	  Recheck Cond: ((id >= 276992) AND (id <= 286991))
	  ->  Bitmap Index Scan on sbtest3_pkey  (cost=0.00..277.96 rows=9753 width=0)
	        Index Cond: ((id >= 276992) AND (id <= 286991))

table 4 : explain SELECT c FROM sbtest4 WHERE id BETWEEN 2275922 AND 2285921
	Bitmap Heap Scan on sbtest4  (cost=287.72..36178.16 rows=10467 width=121)
	  Recheck Cond: ((id >= 2275922) AND (id <= 2285921))
	  ->  Bitmap Index Scan on sbtest4_pkey  (cost=0.00..285.11 rows=10467 width=0)
	        Index Cond: ((id >= 2275922) AND (id <= 2285921))

table 5 : explain SELECT c FROM sbtest5 WHERE id BETWEEN 3110907 AND 3120906
	Bitmap Heap Scan on sbtest5  (cost=264.97..33930.19 rows=9808 width=121)
	  Recheck Cond: ((id >= 3110907) AND (id <= 3120906))
	  ->  Bitmap Index Scan on sbtest5_pkey  (cost=0.00..262.51 rows=9808 width=0)
	        Index Cond: ((id >= 3110907) AND (id <= 3120906))

table 6 : explain SELECT c FROM sbtest6 WHERE id BETWEEN 8472829 AND 8482828
	Bitmap Heap Scan on sbtest6  (cost=267.40..33511.72 rows=9655 width=121)
	  Recheck Cond: ((id >= 8472829) AND (id <= 8482828))
	  ->  Bitmap Index Scan on sbtest6_pkey  (cost=0.00..264.99 rows=9655 width=0)
	        Index Cond: ((id >= 8472829) AND (id <= 8482828))

table 7 : explain SELECT c FROM sbtest7 WHERE id BETWEEN 6941006 AND 6951005
	Bitmap Heap Scan on sbtest7  (cost=297.12..35455.83 rows=10213 width=121)
	  Recheck Cond: ((id >= 6941006) AND (id <= 6951005))
	  ->  Bitmap Index Scan on sbtest7_pkey  (cost=0.00..294.56 rows=10213 width=0)
	        Index Cond: ((id >= 6941006) AND (id <= 6951005))

table 8 : explain SELECT c FROM sbtest8 WHERE id BETWEEN 6056945 AND 6066944
	Bitmap Heap Scan on sbtest8  (cost=265.94..32986.96 rows=9513 width=121)
	  Recheck Cond: ((id >= 6056945) AND (id <= 6066944))
	  ->  Bitmap Index Scan on sbtest8_pkey  (cost=0.00..263.56 rows=9513 width=0)
	        Index Cond: ((id >= 6056945) AND (id <= 6066944))

for: order_ranges
table 1 : explain SELECT c FROM sbtest1 WHERE id BETWEEN 447431 AND 457430 ORDER BY c
	Sort  (cost=35279.90..35304.94 rows=10014 width=121)
	  Sort Key: c
	  ->  Bitmap Heap Scan on sbtest1  (cost=279.08..34614.49 rows=10014 width=121)
	        Recheck Cond: ((id >= 447431) AND (id <= 457430))
	        ->  Bitmap Index Scan on sbtest1_pkey  (cost=0.00..276.57 rows=10014 width=0)
	              Index Cond: ((id >= 447431) AND (id <= 457430))

table 2 : explain SELECT c FROM sbtest2 WHERE id BETWEEN 1605442 AND 1615441 ORDER BY c
	Sort  (cost=34026.43..34050.53 rows=9640 width=121)
	  Sort Key: c
	  ->  Bitmap Heap Scan on sbtest2  (cost=267.25..33388.51 rows=9640 width=121)
	        Recheck Cond: ((id >= 1605442) AND (id <= 1615441))
	        ->  Bitmap Index Scan on sbtest2_pkey  (cost=0.00..264.83 rows=9640 width=0)
	              Index Cond: ((id >= 1605442) AND (id <= 1615441))

table 3 : explain SELECT c FROM sbtest3 WHERE id BETWEEN 6113278 AND 6123277 ORDER BY c
	Sort  (cost=37113.62..37139.92 rows=10522 width=121)
	  Sort Key: c
	  ->  Bitmap Heap Scan on sbtest3  (cost=300.29..36410.69 rows=10522 width=121)
	        Recheck Cond: ((id >= 6113278) AND (id <= 6123277))
	        ->  Bitmap Index Scan on sbtest3_pkey  (cost=0.00..297.66 rows=10522 width=0)
	              Index Cond: ((id >= 6113278) AND (id <= 6123277))

table 4 : explain SELECT c FROM sbtest4 WHERE id BETWEEN 1758935 AND 1768934 ORDER BY c
	Sort  (cost=37663.23..37690.01 rows=10712 width=121)
	  Sort Key: c
	  ->  Bitmap Heap Scan on sbtest4  (cost=294.23..36946.23 rows=10712 width=121)
	        Recheck Cond: ((id >= 1758935) AND (id <= 1768934))
	        ->  Bitmap Index Scan on sbtest4_pkey  (cost=0.00..291.56 rows=10712 width=0)
	              Index Cond: ((id >= 1758935) AND (id <= 1768934))

table 5 : explain SELECT c FROM sbtest5 WHERE id BETWEEN 7169716 AND 7179715 ORDER BY c
	Sort  (cost=37325.79..37352.45 rows=10664 width=121)
	  Sort Key: c
	  ->  Bitmap Heap Scan on sbtest5  (cost=289.74..36612.34 rows=10664 width=121)
	        Recheck Cond: ((id >= 7169716) AND (id <= 7179715))
	        ->  Bitmap Index Scan on sbtest5_pkey  (cost=0.00..287.07 rows=10664 width=0)
	              Index Cond: ((id >= 7169716) AND (id <= 7179715))

table 6 : explain SELECT c FROM sbtest6 WHERE id BETWEEN 9159077 AND 9169076 ORDER BY c
	Sort  (cost=36844.55..36870.78 rows=10491 width=121)
	  Sort Key: c
	  ->  Bitmap Heap Scan on sbtest6  (cost=291.97..36143.92 rows=10491 width=121)
	        Recheck Cond: ((id >= 9159077) AND (id <= 9169076))
	        ->  Bitmap Index Scan on sbtest6_pkey  (cost=0.00..289.34 rows=10491 width=0)
	              Index Cond: ((id >= 9159077) AND (id <= 9169076))

table 7 : explain SELECT c FROM sbtest7 WHERE id BETWEEN 6512976 AND 6522975 ORDER BY c
	Sort  (cost=34144.14..34168.14 rows=9601 width=121)
	  Sort Key: c
	  ->  Bitmap Heap Scan on sbtest7  (cost=278.85..33509.08 rows=9601 width=121)
	        Recheck Cond: ((id >= 6512976) AND (id <= 6522975))
	        ->  Bitmap Index Scan on sbtest7_pkey  (cost=0.00..276.44 rows=9601 width=0)
	              Index Cond: ((id >= 6512976) AND (id <= 6522975))

table 8 : explain SELECT c FROM sbtest8 WHERE id BETWEEN 3854714 AND 3864713 ORDER BY c
	Sort  (cost=36058.35..36084.04 rows=10273 width=121)
	  Sort Key: c
	  ->  Bitmap Heap Scan on sbtest8  (cost=285.73..35373.84 rows=10273 width=121)
	        Recheck Cond: ((id >= 3854714) AND (id <= 3864713))
	        ->  Bitmap Index Scan on sbtest8_pkey  (cost=0.00..283.17 rows=10273 width=0)
	              Index Cond: ((id >= 3854714) AND (id <= 3864713))

for point_selects
table 1 : explain SELECT c FROM sbtest1 WHERE id=8652726
	Index Scan using sbtest1_pkey on sbtest1  (cost=0.43..8.45 rows=1 width=121)
	  Index Cond: (id = 8652726)

table 2 : explain SELECT c FROM sbtest2 WHERE id=8962368
	Index Scan using sbtest2_pkey on sbtest2  (cost=0.43..8.45 rows=1 width=121)
	  Index Cond: (id = 8962368)

table 3 : explain SELECT c FROM sbtest3 WHERE id=9959121
	Index Scan using sbtest3_pkey on sbtest3  (cost=0.43..8.45 rows=1 width=121)
	  Index Cond: (id = 9959121)

table 4 : explain SELECT c FROM sbtest4 WHERE id=8303824
	Index Scan using sbtest4_pkey on sbtest4  (cost=0.43..8.45 rows=1 width=121)
	  Index Cond: (id = 8303824)

table 5 : explain SELECT c FROM sbtest5 WHERE id=7111934
	Index Scan using sbtest5_pkey on sbtest5  (cost=0.43..8.45 rows=1 width=121)
	  Index Cond: (id = 7111934)

table 6 : explain SELECT c FROM sbtest6 WHERE id=461475
	Index Scan using sbtest6_pkey on sbtest6  (cost=0.43..8.45 rows=1 width=121)
	  Index Cond: (id = 461475)

table 7 : explain SELECT c FROM sbtest7 WHERE id=6446461
	Index Scan using sbtest7_pkey on sbtest7  (cost=0.43..8.45 rows=1 width=121)
	  Index Cond: (id = 6446461)

table 8 : explain SELECT c FROM sbtest8 WHERE id=7294162
	Index Scan using sbtest8_pkey on sbtest8  (cost=0.43..8.45 rows=1 width=121)
	  Index Cond: (id = 7294162)

explain: for point_selects :: explain SELECT c FROM sbtest%u WHERE id=%u
for: distinct_ranges
table 1 : explain SELECT DISTINCT c FROM sbtest1 WHERE id BETWEEN 7378102 AND 7388101 ORDER BY c
	Unique  (cost=34511.60..34560.48 rows=9776 width=121)
	  ->  Sort  (cost=34511.60..34536.04 rows=9776 width=121)
	        Sort Key: c
	        ->  Bitmap Heap Scan on sbtest1  (cost=272.64..33863.69 rows=9776 width=121)
	              Recheck Cond: ((id >= 7378102) AND (id <= 7388101))
	              ->  Bitmap Index Scan on sbtest1_pkey  (cost=0.00..270.19 rows=9776 width=0)
	                    Index Cond: ((id >= 7378102) AND (id <= 7388101))

table 2 : explain SELECT DISTINCT c FROM sbtest2 WHERE id BETWEEN 4132990 AND 4142989 ORDER BY c
	Unique  (cost=33325.77..33372.88 rows=9423 width=121)
	  ->  Sort  (cost=33325.77..33349.32 rows=9423 width=121)
	        Sort Key: c
	        ->  Bitmap Heap Scan on sbtest2  (cost=261.02..32703.75 rows=9423 width=121)
	              Recheck Cond: ((id >= 4132990) AND (id <= 4142989))
	              ->  Bitmap Index Scan on sbtest2_pkey  (cost=0.00..258.67 rows=9423 width=0)
	                    Index Cond: ((id >= 4132990) AND (id <= 4142989))

table 3 : explain SELECT DISTINCT c FROM sbtest3 WHERE id BETWEEN 4526872 AND 4536871 ORDER BY c
	Unique  (cost=35443.44..35493.47 rows=10006 width=121)
	  ->  Sort  (cost=35443.44..35468.45 rows=10006 width=121)
	        Sort Key: c
	        ->  Bitmap Heap Scan on sbtest3  (cost=287.00..34778.61 rows=10006 width=121)
	              Recheck Cond: ((id >= 4526872) AND (id <= 4536871))
	              ->  Bitmap Index Scan on sbtest3_pkey  (cost=0.00..284.50 rows=10006 width=0)
	                    Index Cond: ((id >= 4526872) AND (id <= 4536871))

table 4 : explain SELECT DISTINCT c FROM sbtest4 WHERE id BETWEEN 1343065 AND 1353064 ORDER BY c
	Unique  (cost=32373.26..32418.67 rows=9082 width=121)
	  ->  Sort  (cost=32373.26..32395.96 rows=9082 width=121)
	        Sort Key: c
	        ->  Bitmap Heap Scan on sbtest4  (cost=249.53..31776.17 rows=9082 width=121)
	              Recheck Cond: ((id >= 1343065) AND (id <= 1353064))
	              ->  Bitmap Index Scan on sbtest4_pkey  (cost=0.00..247.25 rows=9082 width=0)
	                    Index Cond: ((id >= 1343065) AND (id <= 1353064))

table 5 : explain SELECT DISTINCT c FROM sbtest5 WHERE id BETWEEN 4417311 AND 4427310 ORDER BY c
	Unique  (cost=34050.54..34098.75 rows=9643 width=121)
	  ->  Sort  (cost=34050.54..34074.65 rows=9643 width=121)
	        Sort Key: c
	        ->  Bitmap Heap Scan on sbtest5  (cost=263.28..33412.40 rows=9643 width=121)
	              Recheck Cond: ((id >= 4417311) AND (id <= 4427310))
	              ->  Bitmap Index Scan on sbtest5_pkey  (cost=0.00..260.87 rows=9643 width=0)
	                    Index Cond: ((id >= 4417311) AND (id <= 4427310))

table 6 : explain SELECT DISTINCT c FROM sbtest6 WHERE id BETWEEN 4410127 AND 4420126 ORDER BY c
	Unique  (cost=36989.34..37042.02 rows=10537 width=121)
	  ->  Sort  (cost=36989.34..37015.68 rows=10537 width=121)
	        Sort Key: c
	        ->  Bitmap Heap Scan on sbtest6  (cost=292.44..36285.30 rows=10537 width=121)
	              Recheck Cond: ((id >= 4410127) AND (id <= 4420126))
	              ->  Bitmap Index Scan on sbtest6_pkey  (cost=0.00..289.81 rows=10537 width=0)
	                    Index Cond: ((id >= 4410127) AND (id <= 4420126))

table 7 : explain SELECT DISTINCT c FROM sbtest7 WHERE id BETWEEN 5947068 AND 5957067 ORDER BY c
	Unique  (cost=35882.73..35933.41 rows=10136 width=121)
	  ->  Sort  (cost=35882.73..35908.07 rows=10136 width=121)
	        Sort Key: c
	        ->  Bitmap Heap Scan on sbtest7  (cost=292.33..35208.32 rows=10136 width=121)
	              Recheck Cond: ((id >= 5947068) AND (id <= 5957067))
	              ->  Bitmap Index Scan on sbtest7_pkey  (cost=0.00..289.80 rows=10136 width=0)
	                    Index Cond: ((id >= 5947068) AND (id <= 5957067))

table 8 : explain SELECT DISTINCT c FROM sbtest8 WHERE id BETWEEN 2563122 AND 2573121 ORDER BY c
	Unique  (cost=34212.78..34261.27 rows=9698 width=121)
	  ->  Sort  (cost=34212.78..34237.02 rows=9698 width=121)
	        Sort Key: c
	        ->  Bitmap Heap Scan on sbtest8  (cost=271.84..33570.60 rows=9698 width=121)
	              Recheck Cond: ((id >= 2563122) AND (id <= 2573121))
	              ->  Bitmap Index Scan on sbtest8_pkey  (cost=0.00..269.42 rows=9698 width=0)
	                    Index Cond: ((id >= 2563122) AND (id <= 2573121))

explain: for point_selects :: explain SELECT c FROM sbtest%u WHERE id=%u
explain: for point_selects :: explain SELECT c FROM sbtest%u WHERE id=%u
for: distinct_ranges
table 1 : explain SELECT DISTINCT c FROM sbtest1 WHERE id BETWEEN 1776227 AND 1786226 ORDER BY c
	Unique  (cost=33328.13..33375.18 rows=9411 width=121)
	  ->  Sort  (cost=33328.13..33351.65 rows=9411 width=121)
	        Sort Key: c
	        ->  Bitmap Heap Scan on sbtest1  (cost=260.90..32707.00 rows=9411 width=121)
	              Recheck Cond: ((id >= 1776227) AND (id <= 1786226))
	              ->  Bitmap Index Scan on sbtest1_pkey  (cost=0.00..258.55 rows=9411 width=0)
	                    Index Cond: ((id >= 1776227) AND (id <= 1786226))

table 2 : explain SELECT DISTINCT c FROM sbtest2 WHERE id BETWEEN 3380449 AND 3390448 ORDER BY c
	Unique  (cost=35867.68..35918.74 rows=10212 width=121)
	  ->  Sort  (cost=35867.68..35893.21 rows=10212 width=121)
	        Sort Key: c
	        ->  Bitmap Heap Scan on sbtest2  (cost=285.11..35187.66 rows=10212 width=121)
	              Recheck Cond: ((id >= 3380449) AND (id <= 3390448))
	              ->  Bitmap Index Scan on sbtest2_pkey  (cost=0.00..282.56 rows=10212 width=0)
	                    Index Cond: ((id >= 3380449) AND (id <= 3390448))

table 3 : explain SELECT DISTINCT c FROM sbtest3 WHERE id BETWEEN 7827134 AND 7837133 ORDER BY c
	Unique  (cost=37960.84..38014.76 rows=10785 width=121)
	  ->  Sort  (cost=37960.84..37987.80 rows=10785 width=121)
	        Sort Key: c
	        ->  Bitmap Heap Scan on sbtest3  (cost=310.98..37238.42 rows=10785 width=121)
	              Recheck Cond: ((id >= 7827134) AND (id <= 7837133))
	              ->  Bitmap Index Scan on sbtest3_pkey  (cost=0.00..308.29 rows=10785 width=0)
	                    Index Cond: ((id >= 7827134) AND (id <= 7837133))

table 4 : explain SELECT DISTINCT c FROM sbtest4 WHERE id BETWEEN 9940771 AND 9950770 ORDER BY c
	Unique  (cost=38506.44..38561.31 rows=10975 width=121)
	  ->  Sort  (cost=38506.44..38533.88 rows=10975 width=121)
	        Sort Key: c
	        ->  Bitmap Heap Scan on sbtest4  (cost=300.93..37769.91 rows=10975 width=121)
	              Recheck Cond: ((id >= 9940771) AND (id <= 9950770))
	              ->  Bitmap Index Scan on sbtest4_pkey  (cost=0.00..298.19 rows=10975 width=0)
	                    Index Cond: ((id >= 9940771) AND (id <= 9950770))

table 5 : explain SELECT DISTINCT c FROM sbtest5 WHERE id BETWEEN 4619539 AND 4629538 ORDER BY c
	Unique  (cost=32939.69..32986.20 rows=9301 width=121)
	  ->  Sort  (cost=32939.69..32962.95 rows=9301 width=121)
	        Sort Key: c
	        ->  Bitmap Heap Scan on sbtest5  (cost=251.77..32326.61 rows=9301 width=121)
	              Recheck Cond: ((id >= 4619539) AND (id <= 4629538))
	              ->  Bitmap Index Scan on sbtest5_pkey  (cost=0.00..249.44 rows=9301 width=0)
	                    Index Cond: ((id >= 4619539) AND (id <= 4629538))

table 6 : explain SELECT DISTINCT c FROM sbtest6 WHERE id BETWEEN 4700172 AND 4710171 ORDER BY c
	Unique  (cost=33745.24..33792.89 rows=9530 width=121)
	  ->  Sort  (cost=33745.24..33769.07 rows=9530 width=121)
	        Sort Key: c
	        ->  Bitmap Heap Scan on sbtest6  (cost=266.12..33115.39 rows=9530 width=121)
	              Recheck Cond: ((id >= 4700172) AND (id <= 4710171))
	              ->  Bitmap Index Scan on sbtest6_pkey  (cost=0.00..263.74 rows=9530 width=0)
	                    Index Cond: ((id >= 4700172) AND (id <= 4710171))

table 7 : explain SELECT DISTINCT c FROM sbtest7 WHERE id BETWEEN 1332328 AND 1342327 ORDER BY c
	Unique  (cost=34521.87..34570.46 rows=9718 width=121)
	  ->  Sort  (cost=34521.87..34546.17 rows=9718 width=121)
	        Sort Key: c
	        ->  Bitmap Heap Scan on sbtest7  (cost=280.04..33878.23 rows=9718 width=121)
	              Recheck Cond: ((id >= 1332328) AND (id <= 1342327))
	              ->  Bitmap Index Scan on sbtest7_pkey  (cost=0.00..277.62 rows=9718 width=0)
	                    Index Cond: ((id >= 1332328) AND (id <= 1342327))

table 8 : explain SELECT DISTINCT c FROM sbtest8 WHERE id BETWEEN 4637368 AND 4647367 ORDER BY c
	Unique  (cost=33880.78..33928.75 rows=9595 width=121)
	  ->  Sort  (cost=33880.78..33904.77 rows=9595 width=121)
	        Sort Key: c
	        ->  Bitmap Heap Scan on sbtest8  (cost=266.78..33246.16 rows=9595 width=121)
	              Recheck Cond: ((id >= 4637368) AND (id <= 4647367))
	              ->  Bitmap Index Scan on sbtest8_pkey  (cost=0.00..264.38 rows=9595 width=0)
	                    Index Cond: ((id >= 4637368) AND (id <= 4647367))

for: sum_ranges
table 1 : explain SELECT SUM(k) FROM sbtest1 WHERE id BETWEEN 2498679 AND 2508678
	Aggregate  (cost=35272.75..35272.76 rows=1 width=8)
	  ->  Bitmap Heap Scan on sbtest1  (cost=285.14..35247.22 rows=10215 width=4)
	        Recheck Cond: ((id >= 2498679) AND (id <= 2508678))
	        ->  Bitmap Index Scan on sbtest1_pkey  (cost=0.00..282.58 rows=10215 width=0)
	              Index Cond: ((id >= 2498679) AND (id <= 2508678))

table 2 : explain SELECT SUM(k) FROM sbtest2 WHERE id BETWEEN 5656334 AND 5666333
	Aggregate  (cost=32652.57..32652.58 rows=1 width=8)
	  ->  Bitmap Heap Scan on sbtest2  (cost=260.77..32629.08 rows=9399 width=4)
	        Recheck Cond: ((id >= 5656334) AND (id <= 5666333))
	        ->  Bitmap Index Scan on sbtest2_pkey  (cost=0.00..258.43 rows=9399 width=0)
	              Index Cond: ((id >= 5656334) AND (id <= 5666333))

table 3 : explain SELECT SUM(k) FROM sbtest3 WHERE id BETWEEN 1685532 AND 1695531
	Aggregate  (cost=34125.18..34125.19 rows=1 width=8)
	  ->  Bitmap Heap Scan on sbtest3  (cost=280.80..34100.70 rows=9792 width=4)
	        Recheck Cond: ((id >= 1685532) AND (id <= 1695531))
	        ->  Bitmap Index Scan on sbtest3_pkey  (cost=0.00..278.36 rows=9792 width=0)
	              Index Cond: ((id >= 1685532) AND (id <= 1695531))

table 4 : explain SELECT SUM(k) FROM sbtest4 WHERE id BETWEEN 4476413 AND 4486412
	Aggregate  (cost=36320.61..36320.62 rows=1 width=8)
	  ->  Bitmap Heap Scan on sbtest4  (cost=288.10..36294.35 rows=10504 width=4)
	        Recheck Cond: ((id >= 4476413) AND (id <= 4486412))
	        ->  Bitmap Index Scan on sbtest4_pkey  (cost=0.00..285.48 rows=10504 width=0)
	              Index Cond: ((id >= 4476413) AND (id <= 4486412))

table 5 : explain SELECT SUM(k) FROM sbtest5 WHERE id BETWEEN 2652106 AND 2662105
	Aggregate  (cost=36539.72..36539.73 rows=1 width=8)
	  ->  Bitmap Heap Scan on sbtest5  (cost=289.41..36513.14 rows=10632 width=4)
	        Recheck Cond: ((id >= 2652106) AND (id <= 2662105))
	        ->  Bitmap Index Scan on sbtest5_pkey  (cost=0.00..286.75 rows=10632 width=0)
	              Index Cond: ((id >= 2652106) AND (id <= 2662105))

table 6 : explain SELECT SUM(k) FROM sbtest6 WHERE id BETWEEN 9653063 AND 9663062
	Aggregate  (cost=35076.00..35076.01 rows=1 width=8)
	  ->  Bitmap Heap Scan on sbtest6  (cost=280.40..35050.64 rows=10143 width=4)
	        Recheck Cond: ((id >= 9653063) AND (id <= 9663062))
	        ->  Bitmap Index Scan on sbtest6_pkey  (cost=0.00..277.87 rows=10143 width=0)
	              Index Cond: ((id >= 9653063) AND (id <= 9663062))

table 7 : explain SELECT SUM(k) FROM sbtest7 WHERE id BETWEEN 9338089 AND 9348088
	Aggregate  (cost=32210.01..32210.02 rows=1 width=8)
	  ->  Bitmap Heap Scan on sbtest7  (cost=266.62..32187.03 rows=9189 width=4)
	        Recheck Cond: ((id >= 9338089) AND (id <= 9348088))
	        ->  Bitmap Index Scan on sbtest7_pkey  (cost=0.00..264.32 rows=9189 width=0)
	              Index Cond: ((id >= 9338089) AND (id <= 9348088))

table 8 : explain SELECT SUM(k) FROM sbtest8 WHERE id BETWEEN 9746316 AND 9756315
	Aggregate  (cost=34403.59..34403.60 rows=1 width=8)
	  ->  Bitmap Heap Scan on sbtest8  (cost=278.47..34378.70 rows=9955 width=4)
	        Recheck Cond: ((id >= 9746316) AND (id <= 9756315))
	        ->  Bitmap Index Scan on sbtest8_pkey  (cost=0.00..275.99 rows=9955 width=0)
	              Index Cond: ((id >= 9746316) AND (id <= 9756315))

for: order_ranges
table 1 : explain SELECT c FROM sbtest1 WHERE id BETWEEN 5554422 AND 5564421 ORDER BY c
	Sort  (cost=35967.07..35992.64 rows=10228 width=121)
	  Sort Key: c
	  ->  Bitmap Heap Scan on sbtest1  (cost=285.27..35285.87 rows=10228 width=121)
	        Recheck Cond: ((id >= 5554422) AND (id <= 5564421))
	        ->  Bitmap Index Scan on sbtest1_pkey  (cost=0.00..282.71 rows=10228 width=0)
	              Index Cond: ((id >= 5554422) AND (id <= 5564421))

table 2 : explain SELECT c FROM sbtest2 WHERE id BETWEEN 6412802 AND 6422801 ORDER BY c
	Sort  (cost=35640.44..35665.79 rows=10140 width=121)
	  Sort Key: c
	  ->  Bitmap Heap Scan on sbtest2  (cost=284.37..34965.74 rows=10140 width=121)
	        Recheck Cond: ((id >= 6412802) AND (id <= 6422801))
	        ->  Bitmap Index Scan on sbtest2_pkey  (cost=0.00..281.83 rows=10140 width=0)
	              Index Cond: ((id >= 6412802) AND (id <= 6422801))

table 3 : explain SELECT c FROM sbtest3 WHERE id BETWEEN 1382038 AND 1392037 ORDER BY c
	Sort  (cost=32215.26..32237.81 rows=9018 width=121)
	  Sort Key: c
	  ->  Bitmap Heap Scan on sbtest3  (cost=260.87..31622.84 rows=9018 width=121)
	        Recheck Cond: ((id >= 1382038) AND (id <= 1392037))
	        ->  Bitmap Index Scan on sbtest3_pkey  (cost=0.00..258.62 rows=9018 width=0)
	              Index Cond: ((id >= 1382038) AND (id <= 1392037))

table 4 : explain SELECT c FROM sbtest4 WHERE id BETWEEN 4142245 AND 4152244 ORDER BY c
	Sort  (cost=36844.00..36870.14 rows=10457 width=121)
	  Sort Key: c
	  ->  Bitmap Heap Scan on sbtest4  (cost=287.62..36145.88 rows=10457 width=121)
	        Recheck Cond: ((id >= 4142245) AND (id <= 4152244))
	        ->  Bitmap Index Scan on sbtest4_pkey  (cost=0.00..285.00 rows=10457 width=0)
	              Index Cond: ((id >= 4142245) AND (id <= 4152244))

table 5 : explain SELECT c FROM sbtest5 WHERE id BETWEEN 7653766 AND 7663765 ORDER BY c
	Sort  (cost=34322.19..34346.51 rows=9727 width=121)
	  Sort Key: c
	  ->  Bitmap Heap Scan on sbtest5  (cost=264.14..33677.88 rows=9727 width=121)
	        Recheck Cond: ((id >= 7653766) AND (id <= 7663765))
	        ->  Bitmap Index Scan on sbtest5_pkey  (cost=0.00..261.70 rows=9727 width=0)
	              Index Cond: ((id >= 7653766) AND (id <= 7663765))

table 6 : explain SELECT c FROM sbtest6 WHERE id BETWEEN 3477800 AND 3487799 ORDER BY c
	Sort  (cost=37686.36..37713.25 rows=10755 width=121)
	  Sort Key: c
	  ->  Bitmap Heap Scan on sbtest6  (cost=298.67..36966.17 rows=10755 width=121)
	        Recheck Cond: ((id >= 3477800) AND (id <= 3487799))
	        ->  Bitmap Index Scan on sbtest6_pkey  (cost=0.00..295.99 rows=10755 width=0)
	              Index Cond: ((id >= 3477800) AND (id <= 3487799))

table 7 : explain SELECT c FROM sbtest7 WHERE id BETWEEN 3628602 AND 3638601 ORDER BY c
	Sort  (cost=34157.50..34181.51 rows=9605 width=121)
	  Sort Key: c
	  ->  Bitmap Heap Scan on sbtest7  (cost=278.89..33522.15 rows=9605 width=121)
	        Recheck Cond: ((id >= 3628602) AND (id <= 3638601))
	        ->  Bitmap Index Scan on sbtest7_pkey  (cost=0.00..276.49 rows=9605 width=0)
	              Index Cond: ((id >= 3628602) AND (id <= 3638601))

table 8 : explain SELECT c FROM sbtest8 WHERE id BETWEEN 8389936 AND 8399935 ORDER BY c
	Sort  (cost=33459.54..33483.20 rows=9464 width=121)
	  Sort Key: c
	  ->  Bitmap Heap Scan on sbtest8  (cost=265.44..32834.53 rows=9464 width=121)
	        Recheck Cond: ((id >= 8389936) AND (id <= 8399935))
	        ->  Bitmap Index Scan on sbtest8_pkey  (cost=0.00..263.07 rows=9464 width=0)
	              Index Cond: ((id >= 8389936) AND (id <= 8399935))

for: sum_ranges
table 1 : explain SELECT SUM(k) FROM sbtest1 WHERE id BETWEEN 3194436 AND 3204435
	Aggregate  (cost=33965.86..33965.87 rows=1 width=8)
	  ->  Bitmap Heap Scan on sbtest1  (cost=272.88..33941.36 rows=9800 width=4)
	        Recheck Cond: ((id >= 3194436) AND (id <= 3204435))
	        ->  Bitmap Index Scan on sbtest1_pkey  (cost=0.00..270.44 rows=9800 width=0)
	              Index Cond: ((id >= 3194436) AND (id <= 3204435))

table 2 : explain SELECT SUM(k) FROM sbtest2 WHERE id BETWEEN 6202723 AND 6212722
	Aggregate  (cost=37681.07..37681.08 rows=1 width=8)
	  ->  Bitmap Heap Scan on sbtest2  (cost=305.24..37653.56 rows=11005 width=4)
	        Recheck Cond: ((id >= 6202723) AND (id <= 6212722))
	        ->  Bitmap Index Scan on sbtest2_pkey  (cost=0.00..302.49 rows=11005 width=0)
	              Index Cond: ((id >= 6202723) AND (id <= 6212722))

table 3 : explain SELECT SUM(k) FROM sbtest3 WHERE id BETWEEN 4994538 AND 5004537
	Aggregate  (cost=35828.20..35828.21 rows=1 width=8)
	  ->  Bitmap Heap Scan on sbtest3  (cost=298.30..35802.38 rows=10328 width=4)
	        Recheck Cond: ((id >= 4994538) AND (id <= 5004537))
	        ->  Bitmap Index Scan on sbtest3_pkey  (cost=0.00..295.71 rows=10328 width=0)
	              Index Cond: ((id >= 4994538) AND (id <= 5004537))

table 4 : explain SELECT SUM(k) FROM sbtest4 WHERE id BETWEEN 3769167 AND 3779166
	Aggregate  (cost=33956.86..33956.87 rows=1 width=8)
	  ->  Bitmap Heap Scan on sbtest4  (cost=268.43..33932.47 rows=9756 width=4)
	        Recheck Cond: ((id >= 3769167) AND (id <= 3779166))
	        ->  Bitmap Index Scan on sbtest4_pkey  (cost=0.00..266.00 rows=9756 width=0)
	              Index Cond: ((id >= 3769167) AND (id <= 3779166))

table 5 : explain SELECT SUM(k) FROM sbtest5 WHERE id BETWEEN 1823952 AND 1833951
	Aggregate  (cost=34038.82..34038.83 rows=1 width=8)
	  ->  Bitmap Heap Scan on sbtest5  (cost=265.24..34014.23 rows=9835 width=4)
	        Recheck Cond: ((id >= 1823952) AND (id <= 1833951))
	        ->  Bitmap Index Scan on sbtest5_pkey  (cost=0.00..262.79 rows=9835 width=0)
	              Index Cond: ((id >= 1823952) AND (id <= 1833951))

table 6 : explain SELECT SUM(k) FROM sbtest6 WHERE id BETWEEN 4359764 AND 4369763
	Aggregate  (cost=31901.60..31901.61 rows=1 width=8)
	  ->  Bitmap Heap Scan on sbtest6  (cost=254.14..31878.74 rows=9142 width=4)
	        Recheck Cond: ((id >= 4359764) AND (id <= 4369763))
	        ->  Bitmap Index Scan on sbtest6_pkey  (cost=0.00..251.86 rows=9142 width=0)
	              Index Cond: ((id >= 4359764) AND (id <= 4369763))

table 7 : explain SELECT SUM(k) FROM sbtest7 WHERE id BETWEEN 4939033 AND 4949032
	Aggregate  (cost=37628.78..37628.79 rows=1 width=8)
	  ->  Bitmap Heap Scan on sbtest7  (cost=316.10..37601.55 rows=10894 width=4)
	        Recheck Cond: ((id >= 4939033) AND (id <= 4949032))
	        ->  Bitmap Index Scan on sbtest7_pkey  (cost=0.00..313.38 rows=10894 width=0)
	              Index Cond: ((id >= 4939033) AND (id <= 4949032))

table 8 : explain SELECT SUM(k) FROM sbtest8 WHERE id BETWEEN 7567353 AND 7577352
	Aggregate  (cost=35373.78..35373.79 rows=1 width=8)
	  ->  Bitmap Heap Scan on sbtest8  (cost=285.64..35348.12 rows=10264 width=4)
	        Recheck Cond: ((id >= 7567353) AND (id <= 7577352))
	        ->  Bitmap Index Scan on sbtest8_pkey  (cost=0.00..283.07 rows=10264 width=0)
	              Index Cond: ((id >= 7567353) AND (id <= 7577352))

for: simple_ranges
table 1 : explain SELECT c FROM sbtest1 WHERE id BETWEEN 9856129 AND 9866128
	Bitmap Heap Scan on sbtest1  (cost=297.36..36533.81 rows=10627 width=121)
	  Recheck Cond: ((id >= 9856129) AND (id <= 9866128))
	  ->  Bitmap Index Scan on sbtest1_pkey  (cost=0.00..294.70 rows=10627 width=0)
	        Index Cond: ((id >= 9856129) AND (id <= 9866128))

table 2 : explain SELECT c FROM sbtest2 WHERE id BETWEEN 9050780 AND 9060779
	Bitmap Heap Scan on sbtest2  (cost=273.48..34077.87 rows=9858 width=121)
	  Recheck Cond: ((id >= 9050780) AND (id <= 9060779))
	  ->  Bitmap Index Scan on sbtest2_pkey  (cost=0.00..271.01 rows=9858 width=0)
	        Index Cond: ((id >= 9050780) AND (id <= 9060779))

table 3 : explain SELECT c FROM sbtest3 WHERE id BETWEEN 5551153 AND 5561152
	Bitmap Heap Scan on sbtest3  (cost=299.93..36300.78 rows=10487 width=121)
	  Recheck Cond: ((id >= 5551153) AND (id <= 5561152))
	  ->  Bitmap Index Scan on sbtest3_pkey  (cost=0.00..297.31 rows=10487 width=0)
	        Index Cond: ((id >= 5551153) AND (id <= 5561152))

table 4 : explain SELECT c FROM sbtest4 WHERE id BETWEEN 2596128 AND 2606127
	Bitmap Heap Scan on sbtest4  (cost=276.09..35060.51 rows=10113 width=121)
	  Recheck Cond: ((id >= 2596128) AND (id <= 2606127))
	  ->  Bitmap Index Scan on sbtest4_pkey  (cost=0.00..273.56 rows=10113 width=0)
	        Index Cond: ((id >= 2596128) AND (id <= 2606127))

table 5 : explain SELECT c FROM sbtest5 WHERE id BETWEEN 2844435 AND 2854434
	Bitmap Heap Scan on sbtest5  (cost=237.52..30385.18 rows=8691 width=121)
	  Recheck Cond: ((id >= 2844435) AND (id <= 2854434))
	  ->  Bitmap Index Scan on sbtest5_pkey  (cost=0.00..235.34 rows=8691 width=0)
	        Index Cond: ((id >= 2844435) AND (id <= 2854434))

table 6 : explain SELECT c FROM sbtest6 WHERE id BETWEEN 9824508 AND 9834507
	Bitmap Heap Scan on sbtest6  (cost=298.25..36837.99 rows=10714 width=121)
	  Recheck Cond: ((id >= 9824508) AND (id <= 9834507))
	  ->  Bitmap Index Scan on sbtest6_pkey  (cost=0.00..295.57 rows=10714 width=0)
	        Index Cond: ((id >= 9824508) AND (id <= 9834507))

table 7 : explain SELECT c FROM sbtest7 WHERE id BETWEEN 7746264 AND 7756263
	Bitmap Heap Scan on sbtest7  (cost=267.26..32384.07 rows=9251 width=121)
	  Recheck Cond: ((id >= 7746264) AND (id <= 7756263))
	  ->  Bitmap Index Scan on sbtest7_pkey  (cost=0.00..264.94 rows=9251 width=0)
	        Index Cond: ((id >= 7746264) AND (id <= 7756263))

table 8 : explain SELECT c FROM sbtest8 WHERE id BETWEEN 9349432 AND 9359431
	Bitmap Heap Scan on sbtest8  (cost=253.85..31721.18 rows=9114 width=121)
	  Recheck Cond: ((id >= 9349432) AND (id <= 9359431))
	  ->  Bitmap Index Scan on sbtest8_pkey  (cost=0.00..251.57 rows=9114 width=0)
	        Index Cond: ((id >= 9349432) AND (id <= 9359431))

for: order_ranges
table 1 : explain SELECT c FROM sbtest1 WHERE id BETWEEN 4806442 AND 4816441 ORDER BY c
	Sort  (cost=36889.16..36915.45 rows=10516 width=121)
	  Sort Key: c
	  ->  Bitmap Heap Scan on sbtest1  (cost=292.22..36186.68 rows=10516 width=121)
	        Recheck Cond: ((id >= 4806442) AND (id <= 4816441))
	        ->  Bitmap Index Scan on sbtest1_pkey  (cost=0.00..289.59 rows=10516 width=0)
	              Index Cond: ((id >= 4806442) AND (id <= 4816441))

table 2 : explain SELECT c FROM sbtest2 WHERE id BETWEEN 4316779 AND 4326778 ORDER BY c
	Sort  (cost=34934.00..34958.80 rows=9920 width=121)
	  Sort Key: c
	  ->  Bitmap Heap Scan on sbtest2  (cost=278.12..34275.51 rows=9920 width=121)
	        Recheck Cond: ((id >= 4316779) AND (id <= 4326778))
	        ->  Bitmap Index Scan on sbtest2_pkey  (cost=0.00..275.63 rows=9920 width=0)
	              Index Cond: ((id >= 4316779) AND (id <= 4326778))

table 3 : explain SELECT c FROM sbtest3 WHERE id BETWEEN 9739552 AND 9749551 ORDER BY c
	Sort  (cost=38270.78..38297.98 rows=10882 width=121)
	  Sort Key: c
	  ->  Bitmap Heap Scan on sbtest3  (cost=311.98..37541.16 rows=10882 width=121)
	        Recheck Cond: ((id >= 9739552) AND (id <= 9749551))
	        ->  Bitmap Index Scan on sbtest3_pkey  (cost=0.00..309.25 rows=10882 width=0)
	              Index Cond: ((id >= 9739552) AND (id <= 9749551))

table 4 : explain SELECT c FROM sbtest4 WHERE id BETWEEN 3148137 AND 3158136 ORDER BY c
	Sort  (cost=34615.62..34640.04 rows=9768 width=121)
	  Sort Key: c
	  ->  Bitmap Heap Scan on sbtest4  (cost=268.56..33968.30 rows=9768 width=121)
	        Recheck Cond: ((id >= 3148137) AND (id <= 3158136))
	        ->  Bitmap Index Scan on sbtest4_pkey  (cost=0.00..266.12 rows=9768 width=0)
	              Index Cond: ((id >= 3148137) AND (id <= 3158136))

table 5 : explain SELECT c FROM sbtest5 WHERE id BETWEEN 5762598 AND 5772597 ORDER BY c
	Sort  (cost=35397.19..35422.35 rows=10062 width=121)
	  Sort Key: c
	  ->  Bitmap Heap Scan on sbtest5  (cost=271.57..34728.24 rows=10062 width=121)
	        Recheck Cond: ((id >= 5762598) AND (id <= 5772597))
	        ->  Bitmap Index Scan on sbtest5_pkey  (cost=0.00..269.06 rows=10062 width=0)
	              Index Cond: ((id >= 5762598) AND (id <= 5772597))

table 6 : explain SELECT c FROM sbtest6 WHERE id BETWEEN 6041127 AND 6051126 ORDER BY c
	Sort  (cost=36445.45..36471.37 rows=10367 width=121)
	  Sort Key: c
	  ->  Bitmap Heap Scan on sbtest6  (cost=286.70..35753.99 rows=10367 width=121)
	        Recheck Cond: ((id >= 6041127) AND (id <= 6051126))
	        ->  Bitmap Index Scan on sbtest6_pkey  (cost=0.00..284.11 rows=10367 width=0)
	              Index Cond: ((id >= 6041127) AND (id <= 6051126))

table 7 : explain SELECT c FROM sbtest7 WHERE id BETWEEN 8226532 AND 8236531 ORDER BY c
	Sort  (cost=32323.83..32346.45 rows=9047 width=121)
	  Sort Key: c
	  ->  Bitmap Heap Scan on sbtest7  (cost=261.17..31729.30 rows=9047 width=121)
	        Recheck Cond: ((id >= 8226532) AND (id <= 8236531))
	        ->  Bitmap Index Scan on sbtest7_pkey  (cost=0.00..258.91 rows=9047 width=0)
	              Index Cond: ((id >= 8226532) AND (id <= 8236531))

table 8 : explain SELECT c FROM sbtest8 WHERE id BETWEEN 5223227 AND 5233226 ORDER BY c
	Sort  (cost=38786.87..38814.70 rows=11131 width=121)
	  Sort Key: c
	  ->  Bitmap Heap Scan on sbtest8  (cost=310.53..38038.74 rows=11131 width=121)
	        Recheck Cond: ((id >= 5223227) AND (id <= 5233226))
	        ->  Bitmap Index Scan on sbtest8_pkey  (cost=0.00..307.75 rows=11131 width=0)
	              Index Cond: ((id >= 5223227) AND (id <= 5233226))

for: distinct_ranges
table 1 : explain SELECT DISTINCT c FROM sbtest1 WHERE id BETWEEN 3304350 AND 3314349 ORDER BY c
	Unique  (cost=34069.79..34117.99 rows=9639 width=121)
	  ->  Sort  (cost=34069.79..34093.89 rows=9639 width=121)
	        Sort Key: c
	        ->  Bitmap Heap Scan on sbtest1  (cost=267.23..33431.95 rows=9639 width=121)
	              Recheck Cond: ((id >= 3304350) AND (id <= 3314349))
	              ->  Bitmap Index Scan on sbtest1_pkey  (cost=0.00..264.82 rows=9639 width=0)
	                    Index Cond: ((id >= 3304350) AND (id <= 3314349))

table 2 : explain SELECT DISTINCT c FROM sbtest2 WHERE id BETWEEN 1226408 AND 1236407 ORDER BY c
	Unique  (cost=34149.66..34198.04 rows=9677 width=121)
	  ->  Sort  (cost=34149.66..34173.85 rows=9677 width=121)
	        Sort Key: c
	        ->  Bitmap Heap Scan on sbtest2  (cost=271.62..33509.02 rows=9677 width=121)
	              Recheck Cond: ((id >= 1226408) AND (id <= 1236407))
	              ->  Bitmap Index Scan on sbtest2_pkey  (cost=0.00..269.20 rows=9677 width=0)
	                    Index Cond: ((id >= 1226408) AND (id <= 1236407))

table 3 : explain SELECT DISTINCT c FROM sbtest3 WHERE id BETWEEN 7666627 AND 7676626 ORDER BY c
	Unique  (cost=37824.78..37878.50 rows=10743 width=121)
	  ->  Sort  (cost=37824.78..37851.64 rows=10743 width=121)
	        Sort Key: c
	        ->  Bitmap Heap Scan on sbtest3  (cost=306.55..37105.48 rows=10743 width=121)
	              Recheck Cond: ((id >= 7666627) AND (id <= 7676626))
	              ->  Bitmap Index Scan on sbtest3_pkey  (cost=0.00..303.87 rows=10743 width=0)
	                    Index Cond: ((id >= 7666627) AND (id <= 7676626))

table 4 : explain SELECT DISTINCT c FROM sbtest4 WHERE id BETWEEN 7390746 AND 7400745 ORDER BY c
	Unique  (cost=33807.78..33855.38 rows=9520 width=121)
	  ->  Sort  (cost=33807.78..33831.58 rows=9520 width=121)
	        Sort Key: c
	        ->  Bitmap Heap Scan on sbtest4  (cost=262.01..33178.66 rows=9520 width=121)
	              Recheck Cond: ((id >= 7390746) AND (id <= 7400745))
	              ->  Bitmap Index Scan on sbtest4_pkey  (cost=0.00..259.63 rows=9520 width=0)
	                    Index Cond: ((id >= 7390746) AND (id <= 7400745))

table 5 : explain SELECT DISTINCT c FROM sbtest5 WHERE id BETWEEN 9950710 AND 9960709 ORDER BY c
	Unique  (cost=35040.63..35090.38 rows=9950 width=121)
	  ->  Sort  (cost=35040.63..35065.50 rows=9950 width=121)
	        Sort Key: c
	        ->  Bitmap Heap Scan on sbtest5  (cost=270.42..34379.92 rows=9950 width=121)
	              Recheck Cond: ((id >= 9950710) AND (id <= 9960709))
	              ->  Bitmap Index Scan on sbtest5_pkey  (cost=0.00..267.94 rows=9950 width=0)
	                    Index Cond: ((id >= 9950710) AND (id <= 9960709))

table 6 : explain SELECT DISTINCT c FROM sbtest6 WHERE id BETWEEN 5344230 AND 5354229 ORDER BY c
	Unique  (cost=37647.03..37700.75 rows=10743 width=121)
	  ->  Sort  (cost=37647.03..37673.89 rows=10743 width=121)
	        Sort Key: c
	        ->  Bitmap Heap Scan on sbtest6  (cost=298.55..36927.73 rows=10743 width=121)
	              Recheck Cond: ((id >= 5344230) AND (id <= 5354229))
	              ->  Bitmap Index Scan on sbtest6_pkey  (cost=0.00..295.87 rows=10743 width=0)
	                    Index Cond: ((id >= 5344230) AND (id <= 5354229))

table 7 : explain SELECT DISTINCT c FROM sbtest7 WHERE id BETWEEN 6477269 AND 6487268 ORDER BY c
	Unique  (cost=34087.33..34135.25 rows=9584 width=121)
	  ->  Sort  (cost=34087.33..34111.29 rows=9584 width=121)
	        Sort Key: c
	        ->  Bitmap Heap Scan on sbtest7  (cost=278.67..33453.52 rows=9584 width=121)
	              Recheck Cond: ((id >= 6477269) AND (id <= 6487268))
	              ->  Bitmap Index Scan on sbtest7_pkey  (cost=0.00..276.28 rows=9584 width=0)
	                    Index Cond: ((id >= 6477269) AND (id <= 6487268))

table 8 : explain SELECT DISTINCT c FROM sbtest8 WHERE id BETWEEN 6275129 AND 6285128 ORDER BY c
	Unique  (cost=36174.11..36225.65 rows=10308 width=121)
	  ->  Sort  (cost=36174.11..36199.88 rows=10308 width=121)
	        Sort Key: c
	        ->  Bitmap Heap Scan on sbtest8  (cost=290.09..35487.01 rows=10308 width=121)
	              Recheck Cond: ((id >= 6275129) AND (id <= 6285128))
	              ->  Bitmap Index Scan on sbtest8_pkey  (cost=0.00..287.51 rows=10308 width=0)
	                    Index Cond: ((id >= 6275129) AND (id <= 6285128))

for: distinct_ranges
table 1 : explain SELECT DISTINCT c FROM sbtest1 WHERE id BETWEEN 3484619 AND 3494618 ORDER BY c
	Unique  (cost=36346.50..36398.23 rows=10345 width=121)
	  ->  Sort  (cost=36346.50..36372.37 rows=10345 width=121)
	        Sort Key: c
	        ->  Bitmap Heap Scan on sbtest1  (cost=290.47..35656.67 rows=10345 width=121)
	              Recheck Cond: ((id >= 3484619) AND (id <= 3494618))
	              ->  Bitmap Index Scan on sbtest1_pkey  (cost=0.00..287.88 rows=10345 width=0)
	                    Index Cond: ((id >= 3484619) AND (id <= 3494618))

table 2 : explain SELECT DISTINCT c FROM sbtest2 WHERE id BETWEEN 5037234 AND 5047233 ORDER BY c
	Unique  (cost=35277.26..35327.40 rows=10028 width=121)
	  ->  Sort  (cost=35277.26..35302.33 rows=10028 width=121)
	        Sort Key: c
	        ->  Bitmap Heap Scan on sbtest2  (cost=279.22..34610.81 rows=10028 width=121)
	              Recheck Cond: ((id >= 5037234) AND (id <= 5047233))
	              ->  Bitmap Index Scan on sbtest2_pkey  (cost=0.00..276.71 rows=10028 width=0)
	                    Index Cond: ((id >= 5037234) AND (id <= 5047233))

table 3 : explain SELECT DISTINCT c FROM sbtest3 WHERE id BETWEEN 5440697 AND 5450696 ORDER BY c
	Unique  (cost=34429.50..34477.97 rows=9694 width=121)
	  ->  Sort  (cost=34429.50..34453.73 rows=9694 width=121)
	        Sort Key: c
	        ->  Bitmap Heap Scan on sbtest3  (cost=279.80..33787.61 rows=9694 width=121)
	              Recheck Cond: ((id >= 5440697) AND (id <= 5450696))
	              ->  Bitmap Index Scan on sbtest3_pkey  (cost=0.00..277.38 rows=9694 width=0)
	                    Index Cond: ((id >= 5440697) AND (id <= 5450696))

table 4 : explain SELECT DISTINCT c FROM sbtest4 WHERE id BETWEEN 1033070 AND 1043069 ORDER BY c
	Unique  (cost=31609.42..31653.66 rows=8849 width=121)
	  ->  Sort  (cost=31609.42..31631.54 rows=8849 width=121)
	        Sort Key: c
	        ->  Bitmap Heap Scan on sbtest4  (cost=243.14..31029.31 rows=8849 width=121)
	              Recheck Cond: ((id >= 1033070) AND (id <= 1043069))
	              ->  Bitmap Index Scan on sbtest4_pkey  (cost=0.00..240.93 rows=8849 width=0)
	                    Index Cond: ((id >= 1033070) AND (id <= 1043069))

table 5 : explain SELECT DISTINCT c FROM sbtest5 WHERE id BETWEEN 742775 AND 752774 ORDER BY c
	Unique  (cost=39956.45..40013.93 rows=11496 width=121)
	  ->  Sort  (cost=39956.45..39985.19 rows=11496 width=121)
	        Sort Key: c
	        ->  Bitmap Heap Scan on sbtest5  (cost=310.27..39181.11 rows=11496 width=121)
	              Recheck Cond: ((id >= 742775) AND (id <= 752774))
	              ->  Bitmap Index Scan on sbtest5_pkey  (cost=0.00..307.40 rows=11496 width=0)
	                    Index Cond: ((id >= 742775) AND (id <= 752774))

table 6 : explain SELECT DISTINCT c FROM sbtest6 WHERE id BETWEEN 9977179 AND 9987178 ORDER BY c
	Unique  (cost=38250.79..38305.45 rows=10932 width=121)
	  ->  Sort  (cost=38250.79..38278.12 rows=10932 width=121)
	        Sort Key: c
	        ->  Bitmap Heap Scan on sbtest6  (cost=304.49..37517.45 rows=10932 width=121)
	              Recheck Cond: ((id >= 9977179) AND (id <= 9987178))
	              ->  Bitmap Index Scan on sbtest6_pkey  (cost=0.00..301.75 rows=10932 width=0)
	                    Index Cond: ((id >= 9977179) AND (id <= 9987178))

table 7 : explain SELECT DISTINCT c FROM sbtest7 WHERE id BETWEEN 9304085 AND 9314084 ORDER BY c
	Unique  (cost=32791.93..32837.88 rows=9189 width=121)
	  ->  Sort  (cost=32791.93..32814.90 rows=9189 width=121)
	        Sort Key: c
	        ->  Bitmap Heap Scan on sbtest7  (cost=266.62..32187.03 rows=9189 width=121)
	              Recheck Cond: ((id >= 9304085) AND (id <= 9314084))
	              ->  Bitmap Index Scan on sbtest7_pkey  (cost=0.00..264.32 rows=9189 width=0)
	                    Index Cond: ((id >= 9304085) AND (id <= 9314084))

table 8 : explain SELECT DISTINCT c FROM sbtest8 WHERE id BETWEEN 4362121 AND 4372120 ORDER BY c
	Unique  (cost=34663.26..34712.44 rows=9837 width=121)
	  ->  Sort  (cost=34663.26..34687.85 rows=9837 width=121)
	        Sort Key: c
	        ->  Bitmap Heap Scan on sbtest8  (cost=277.26..34010.87 rows=9837 width=121)
	              Recheck Cond: ((id >= 4362121) AND (id <= 4372120))
	              ->  Bitmap Index Scan on sbtest8_pkey  (cost=0.00..274.81 rows=9837 width=0)
	                    Index Cond: ((id >= 4362121) AND (id <= 4372120))

for: distinct_ranges
table 1 : explain SELECT DISTINCT c FROM sbtest1 WHERE id BETWEEN 178026 AND 188025 ORDER BY c
	Unique  (cost=35091.48..35141.25 rows=9955 width=121)
	  ->  Sort  (cost=35091.48..35116.37 rows=9955 width=121)
	        Sort Key: c
	        ->  Bitmap Heap Scan on sbtest1  (cost=278.47..34430.41 rows=9955 width=121)
	              Recheck Cond: ((id >= 178026) AND (id <= 188025))
	              ->  Bitmap Index Scan on sbtest1_pkey  (cost=0.00..275.99 rows=9955 width=0)
	                    Index Cond: ((id >= 178026) AND (id <= 188025))

table 2 : explain SELECT DISTINCT c FROM sbtest2 WHERE id BETWEEN 54836 AND 64835 ORDER BY c
	Unique  (cost=36535.56..36587.66 rows=10420 width=121)
	  ->  Sort  (cost=36535.56..36561.61 rows=10420 width=121)
	        Sort Key: c
	        ->  Bitmap Heap Scan on sbtest2  (cost=291.24..35840.18 rows=10420 width=121)
	              Recheck Cond: ((id >= 54836) AND (id <= 64835))
	              ->  Bitmap Index Scan on sbtest2_pkey  (cost=0.00..288.63 rows=10420 width=0)
	                    Index Cond: ((id >= 54836) AND (id <= 64835))

table 3 : explain SELECT DISTINCT c FROM sbtest3 WHERE id BETWEEN 4249835 AND 4259834 ORDER BY c
	Unique  (cost=36855.49..36907.70 rows=10442 width=121)
	  ->  Sort  (cost=36855.49..36881.60 rows=10442 width=121)
	        Sort Key: c
	        ->  Bitmap Heap Scan on sbtest3  (cost=299.47..36158.49 rows=10442 width=121)
	              Recheck Cond: ((id >= 4249835) AND (id <= 4259834))
	              ->  Bitmap Index Scan on sbtest3_pkey  (cost=0.00..296.86 rows=10442 width=0)
	                    Index Cond: ((id >= 4249835) AND (id <= 4259834))

table 4 : explain SELECT DISTINCT c FROM sbtest4 WHERE id BETWEEN 8427420 AND 8437419 ORDER BY c
	Unique  (cost=34168.27..34216.43 rows=9631 width=121)
	  ->  Sort  (cost=34168.27..34192.35 rows=9631 width=121)
	        Sort Key: c
	        ->  Bitmap Heap Scan on sbtest4  (cost=263.15..33531.02 rows=9631 width=121)
	              Recheck Cond: ((id >= 8427420) AND (id <= 8437419))
	              ->  Bitmap Index Scan on sbtest4_pkey  (cost=0.00..260.75 rows=9631 width=0)
	                    Index Cond: ((id >= 8427420) AND (id <= 8437419))

table 5 : explain SELECT DISTINCT c FROM sbtest5 WHERE id BETWEEN 7349713 AND 7359712 ORDER BY c
	Unique  (cost=32499.95..32545.77 rows=9165 width=121)
	  ->  Sort  (cost=32499.95..32522.86 rows=9165 width=121)
	        Sort Key: c
	        ->  Bitmap Heap Scan on sbtest5  (cost=250.38..31896.80 rows=9165 width=121)
	              Recheck Cond: ((id >= 7349713) AND (id <= 7359712))
	              ->  Bitmap Index Scan on sbtest5_pkey  (cost=0.00..248.09 rows=9165 width=0)
	                    Index Cond: ((id >= 7349713) AND (id <= 7359712))

table 6 : explain SELECT DISTINCT c FROM sbtest6 WHERE id BETWEEN 2461359 AND 2471358 ORDER BY c
	Unique  (cost=34606.22..34655.20 rows=9796 width=121)
	  ->  Sort  (cost=34606.22..34630.71 rows=9796 width=121)
	        Sort Key: c
	        ->  Bitmap Heap Scan on sbtest6  (cost=272.84..33956.85 rows=9796 width=121)
	              Recheck Cond: ((id >= 2461359) AND (id <= 2471358))
	              ->  Bitmap Index Scan on sbtest6_pkey  (cost=0.00..270.40 rows=9796 width=0)
	                    Index Cond: ((id >= 2461359) AND (id <= 2471358))

table 7 : explain SELECT DISTINCT c FROM sbtest7 WHERE id BETWEEN 6205048 AND 6215047 ORDER BY c
	Unique  (cost=36501.13..36552.77 rows=10327 width=121)
	  ->  Sort  (cost=36501.13..36526.95 rows=10327 width=121)
	        Sort Key: c
	        ->  Bitmap Heap Scan on sbtest7  (cost=298.29..35812.63 rows=10327 width=121)
	              Recheck Cond: ((id >= 6205048) AND (id <= 6215047))
	              ->  Bitmap Index Scan on sbtest7_pkey  (cost=0.00..295.70 rows=10327 width=0)
	                    Index Cond: ((id >= 6205048) AND (id <= 6215047))

table 8 : explain SELECT DISTINCT c FROM sbtest8 WHERE id BETWEEN 9778101 AND 9788100 ORDER BY c
	Unique  (cost=35039.78..35089.55 rows=9955 width=121)
	  ->  Sort  (cost=35039.78..35064.66 rows=9955 width=121)
	        Sort Key: c
	        ->  Bitmap Heap Scan on sbtest8  (cost=278.47..34378.70 rows=9955 width=121)
	              Recheck Cond: ((id >= 9778101) AND (id <= 9788100))
	              ->  Bitmap Index Scan on sbtest8_pkey  (cost=0.00..275.99 rows=9955 width=0)
	                    Index Cond: ((id >= 9778101) AND (id <= 9788100))

for: distinct_ranges
table 1 : explain SELECT DISTINCT c FROM sbtest1 WHERE id BETWEEN 5035392 AND 5045391 ORDER BY c
	Unique  (cost=37917.09..37971.28 rows=10838 width=121)
	  ->  Sort  (cost=37917.09..37944.18 rows=10838 width=121)
	        Sort Key: c
	        ->  Bitmap Heap Scan on sbtest1  (cost=303.52..37190.74 rows=10838 width=121)
	              Recheck Cond: ((id >= 5035392) AND (id <= 5045391))
	              ->  Bitmap Index Scan on sbtest1_pkey  (cost=0.00..300.81 rows=10838 width=0)
	                    Index Cond: ((id >= 5035392) AND (id <= 5045391))

table 2 : explain SELECT DISTINCT c FROM sbtest2 WHERE id BETWEEN 9515813 AND 9525812 ORDER BY c
	Unique  (cost=34771.51..34820.87 rows=9871 width=121)
	  ->  Sort  (cost=34771.51..34796.19 rows=9871 width=121)
	        Sort Key: c
	        ->  Bitmap Heap Scan on sbtest2  (cost=273.61..34116.62 rows=9871 width=121)
	              Recheck Cond: ((id >= 9515813) AND (id <= 9525812))
	              ->  Bitmap Index Scan on sbtest2_pkey  (cost=0.00..271.15 rows=9871 width=0)
	                    Index Cond: ((id >= 9515813) AND (id <= 9525812))

table 3 : explain SELECT DISTINCT c FROM sbtest3 WHERE id BETWEEN 2830717 AND 2840716 ORDER BY c
	Unique  (cost=34031.17..34079.03 rows=9572 width=121)
	  ->  Sort  (cost=34031.17..34055.10 rows=9572 width=121)
	        Sort Key: c
	        ->  Bitmap Heap Scan on sbtest3  (cost=274.55..33398.24 rows=9572 width=121)
	              Recheck Cond: ((id >= 2830717) AND (id <= 2840716))
	              ->  Bitmap Index Scan on sbtest3_pkey  (cost=0.00..272.16 rows=9572 width=0)
	                    Index Cond: ((id >= 2830717) AND (id <= 2840716))

table 4 : explain SELECT DISTINCT c FROM sbtest4 WHERE id BETWEEN 1775600 AND 1785599 ORDER BY c
	Unique  (cost=37663.23..37716.79 rows=10712 width=121)
	  ->  Sort  (cost=37663.23..37690.01 rows=10712 width=121)
	        Sort Key: c
	        ->  Bitmap Heap Scan on sbtest4  (cost=294.23..36946.23 rows=10712 width=121)
	              Recheck Cond: ((id >= 1775600) AND (id <= 1785599))
	              ->  Bitmap Index Scan on sbtest4_pkey  (cost=0.00..291.56 rows=10712 width=0)
	                    Index Cond: ((id >= 1775600) AND (id <= 1785599))

table 5 : explain SELECT DISTINCT c FROM sbtest5 WHERE id BETWEEN 8201865 AND 8211864 ORDER BY c
	Unique  (cost=36339.76..36391.54 rows=10356 width=121)
	  ->  Sort  (cost=36339.76..36365.65 rows=10356 width=121)
	        Sort Key: c
	        ->  Bitmap Heap Scan on sbtest5  (cost=278.58..35649.11 rows=10356 width=121)
	              Recheck Cond: ((id >= 8201865) AND (id <= 8211864))
	              ->  Bitmap Index Scan on sbtest5_pkey  (cost=0.00..276.00 rows=10356 width=0)
	                    Index Cond: ((id >= 8201865) AND (id <= 8211864))

table 6 : explain SELECT DISTINCT c FROM sbtest6 WHERE id BETWEEN 6370718 AND 6380717 ORDER BY c
	Unique  (cost=36478.46..36530.35 rows=10378 width=121)
	  ->  Sort  (cost=36478.46..36504.41 rows=10378 width=121)
	        Sort Key: c
	        ->  Bitmap Heap Scan on sbtest6  (cost=286.81..35786.19 rows=10378 width=121)
	              Recheck Cond: ((id >= 6370718) AND (id <= 6380717))
	              ->  Bitmap Index Scan on sbtest6_pkey  (cost=0.00..284.21 rows=10378 width=0)
	                    Index Cond: ((id >= 6370718) AND (id <= 6380717))

table 7 : explain SELECT DISTINCT c FROM sbtest7 WHERE id BETWEEN 6038922 AND 6048921 ORDER BY c
	Unique  (cost=34676.10..34724.92 rows=9764 width=121)
	  ->  Sort  (cost=34676.10..34700.51 rows=9764 width=121)
	        Sort Key: c
	        ->  Bitmap Heap Scan on sbtest7  (cost=284.52..34029.08 rows=9764 width=121)
	              Recheck Cond: ((id >= 6038922) AND (id <= 6048921))
	              ->  Bitmap Index Scan on sbtest7_pkey  (cost=0.00..282.07 rows=9764 width=0)
	                    Index Cond: ((id >= 6038922) AND (id <= 6048921))

table 8 : explain SELECT DISTINCT c FROM sbtest8 WHERE id BETWEEN 3457325 AND 3467324 ORDER BY c
	Unique  (cost=33744.89..33792.65 rows=9553 width=121)
	  ->  Sort  (cost=33744.89..33768.77 rows=9553 width=121)
	        Sort Key: c
	        ->  Bitmap Heap Scan on sbtest8  (cost=266.35..33113.35 rows=9553 width=121)
	              Recheck Cond: ((id >= 3457325) AND (id <= 3467324))
	              ->  Bitmap Index Scan on sbtest8_pkey  (cost=0.00..263.96 rows=9553 width=0)
	                    Index Cond: ((id >= 3457325) AND (id <= 3467324))

for: order_ranges
table 1 : explain SELECT c FROM sbtest1 WHERE id BETWEEN 8900831 AND 8910830 ORDER BY c
	Sort  (cost=36747.80..36773.98 rows=10471 width=121)
	  Sort Key: c
	  ->  Bitmap Heap Scan on sbtest1  (cost=291.76..36048.64 rows=10471 width=121)
	        Recheck Cond: ((id >= 8900831) AND (id <= 8910830))
	        ->  Bitmap Index Scan on sbtest1_pkey  (cost=0.00..289.15 rows=10471 width=0)
	              Index Cond: ((id >= 8900831) AND (id <= 8910830))

table 2 : explain SELECT c FROM sbtest2 WHERE id BETWEEN 8347852 AND 8357851 ORDER BY c
	Sort  (cost=34139.73..34163.92 rows=9674 width=121)
	  Sort Key: c
	  ->  Bitmap Heap Scan on sbtest2  (cost=271.59..33499.32 rows=9674 width=121)
	        Recheck Cond: ((id >= 8347852) AND (id <= 8357851))
	        ->  Bitmap Index Scan on sbtest2_pkey  (cost=0.00..269.18 rows=9674 width=0)
	              Index Cond: ((id >= 8347852) AND (id <= 8357851))

table 3 : explain SELECT c FROM sbtest3 WHERE id BETWEEN 2777676 AND 2787675 ORDER BY c
	Sort  (cost=33639.74..33663.37 rows=9452 width=121)
	  Sort Key: c
	  ->  Bitmap Heap Scan on sbtest3  (cost=273.32..33015.60 rows=9452 width=121)
	        Recheck Cond: ((id >= 2777676) AND (id <= 2787675))
	        ->  Bitmap Index Scan on sbtest3_pkey  (cost=0.00..270.95 rows=9452 width=0)
	              Index Cond: ((id >= 2777676) AND (id <= 2787675))

table 4 : explain SELECT c FROM sbtest4 WHERE id BETWEEN 306890 AND 316889 ORDER BY c
	Sort  (cost=33483.57..33507.12 rows=9420 width=121)
	  Sort Key: c
	  ->  Bitmap Heap Scan on sbtest4  (cost=260.99..32861.78 rows=9420 width=121)
	        Recheck Cond: ((id >= 306890) AND (id <= 316889))
	        ->  Bitmap Index Scan on sbtest4_pkey  (cost=0.00..258.63 rows=9420 width=0)
	              Index Cond: ((id >= 306890) AND (id <= 316889))

table 5 : explain SELECT c FROM sbtest5 WHERE id BETWEEN 8128424 AND 8138423 ORDER BY c
	Sort  (cost=33747.99..33771.87 rows=9550 width=121)
	  Sort Key: c
	  ->  Bitmap Heap Scan on sbtest5  (cost=258.32..33116.67 rows=9550 width=121)
	        Recheck Cond: ((id >= 8128424) AND (id <= 8138423))
	        ->  Bitmap Index Scan on sbtest5_pkey  (cost=0.00..255.94 rows=9550 width=0)
	              Index Cond: ((id >= 8128424) AND (id <= 8138423))

table 6 : explain SELECT c FROM sbtest6 WHERE id BETWEEN 6754442 AND 6764441 ORDER BY c
	Sort  (cost=34120.87..34144.98 rows=9646 width=121)
	  Sort Key: c
	  ->  Bitmap Heap Scan on sbtest6  (cost=267.31..33482.51 rows=9646 width=121)
	        Recheck Cond: ((id >= 6754442) AND (id <= 6764441))
	        ->  Bitmap Index Scan on sbtest6_pkey  (cost=0.00..264.90 rows=9646 width=0)
	              Index Cond: ((id >= 6754442) AND (id <= 6764441))

table 7 : explain SELECT c FROM sbtest7 WHERE id BETWEEN 9854072 AND 9864071 ORDER BY c
	Sort  (cost=34057.24..34081.18 rows=9575 width=121)
	  Sort Key: c
	  ->  Bitmap Heap Scan on sbtest7  (cost=278.58..33424.09 rows=9575 width=121)
	        Recheck Cond: ((id >= 9854072) AND (id <= 9864071))
	        ->  Bitmap Index Scan on sbtest7_pkey  (cost=0.00..276.19 rows=9575 width=0)
	              Index Cond: ((id >= 9854072) AND (id <= 9864071))

table 8 : explain SELECT c FROM sbtest8 WHERE id BETWEEN 1683074 AND 1693073 ORDER BY c
	Sort  (cost=33360.03..33383.62 rows=9434 width=121)
	  Sort Key: c
	  ->  Bitmap Heap Scan on sbtest8  (cost=265.13..32737.22 rows=9434 width=121)
	        Recheck Cond: ((id >= 1683074) AND (id <= 1693073))
	        ->  Bitmap Index Scan on sbtest8_pkey  (cost=0.00..262.78 rows=9434 width=0)
	              Index Cond: ((id >= 1683074) AND (id <= 1693073))

for: order_ranges
table 1 : explain SELECT c FROM sbtest1 WHERE id BETWEEN 937980 AND 947979 ORDER BY c
	Sort  (cost=34982.35..35007.15 rows=9921 width=121)
	  Sort Key: c
	  ->  Bitmap Heap Scan on sbtest1  (cost=278.13..34323.78 rows=9921 width=121)
	        Recheck Cond: ((id >= 937980) AND (id <= 947979))
	        ->  Bitmap Index Scan on sbtest1_pkey  (cost=0.00..275.65 rows=9921 width=0)
	              Index Cond: ((id >= 937980) AND (id <= 947979))

table 2 : explain SELECT c FROM sbtest2 WHERE id BETWEEN 6754419 AND 6764418 ORDER BY c
	Sort  (cost=34516.94..34541.41 rows=9791 width=121)
	  Sort Key: c
	  ->  Bitmap Heap Scan on sbtest2  (cost=272.79..33867.93 rows=9791 width=121)
	        Recheck Cond: ((id >= 6754419) AND (id <= 6764418))
	        ->  Bitmap Index Scan on sbtest2_pkey  (cost=0.00..270.34 rows=9791 width=0)
	              Index Cond: ((id >= 6754419) AND (id <= 6764418))

table 3 : explain SELECT c FROM sbtest3 WHERE id BETWEEN 5511888 AND 5521887 ORDER BY c
	Sort  (cost=36749.51..36775.54 rows=10409 width=121)
	  Sort Key: c
	  ->  Bitmap Heap Scan on sbtest3  (cost=299.13..36054.94 rows=10409 width=121)
	        Recheck Cond: ((id >= 5511888) AND (id <= 5521887))
	        ->  Bitmap Index Scan on sbtest3_pkey  (cost=0.00..296.53 rows=10409 width=0)
	              Index Cond: ((id >= 5511888) AND (id <= 5521887))

table 4 : explain SELECT c FROM sbtest4 WHERE id BETWEEN 2487242 AND 2497241 ORDER BY c
	Sort  (cost=32880.36..32903.45 rows=9236 width=121)
	  Sort Key: c
	  ->  Bitmap Heap Scan on sbtest4  (cost=255.10..32272.03 rows=9236 width=121)
	        Recheck Cond: ((id >= 2487242) AND (id <= 2497241))
	        ->  Bitmap Index Scan on sbtest4_pkey  (cost=0.00..252.80 rows=9236 width=0)
	              Index Cond: ((id >= 2487242) AND (id <= 2497241))

table 5 : explain SELECT c FROM sbtest5 WHERE id BETWEEN 8609097 AND 8619096 ORDER BY c
	Sort  (cost=36613.25..36639.36 rows=10441 width=121)
	  Sort Key: c
	  ->  Bitmap Heap Scan on sbtest5  (cost=283.46..35916.32 rows=10441 width=121)
	        Recheck Cond: ((id >= 8609097) AND (id <= 8619096))
	        ->  Bitmap Index Scan on sbtest5_pkey  (cost=0.00..280.84 rows=10441 width=0)
	              Index Cond: ((id >= 8609097) AND (id <= 8619096))

table 6 : explain SELECT c FROM sbtest6 WHERE id BETWEEN 4959009 AND 4969008 ORDER BY c
	Sort  (cost=38037.19..38064.36 rows=10866 width=121)
	  Sort Key: c
	  ->  Bitmap Heap Scan on sbtest6  (cost=299.81..37308.76 rows=10866 width=121)
	        Recheck Cond: ((id >= 4959009) AND (id <= 4969008))
	        ->  Bitmap Index Scan on sbtest6_pkey  (cost=0.00..297.09 rows=10866 width=0)
	              Index Cond: ((id >= 4959009) AND (id <= 4969008))

table 7 : explain SELECT c FROM sbtest7 WHERE id BETWEEN 3230131 AND 3240130 ORDER BY c
	Sort  (cost=35792.94..35818.21 rows=10108 width=121)
	  Sort Key: c
	  ->  Bitmap Heap Scan on sbtest7  (cost=292.04..35120.59 rows=10108 width=121)
	        Recheck Cond: ((id >= 3230131) AND (id <= 3240130))
	        ->  Bitmap Index Scan on sbtest7_pkey  (cost=0.00..289.51 rows=10108 width=0)
	              Index Cond: ((id >= 3230131) AND (id <= 3240130))

table 8 : explain SELECT c FROM sbtest8 WHERE id BETWEEN 6306432 AND 6316431 ORDER BY c
	Sort  (cost=36174.11..36199.88 rows=10308 width=121)
	  Sort Key: c
	  ->  Bitmap Heap Scan on sbtest8  (cost=290.09..35487.01 rows=10308 width=121)
	        Recheck Cond: ((id >= 6306432) AND (id <= 6316431))
	        ->  Bitmap Index Scan on sbtest8_pkey  (cost=0.00..287.51 rows=10308 width=0)
	              Index Cond: ((id >= 6306432) AND (id <= 6316431))

for: sum_ranges
table 1 : explain SELECT SUM(k) FROM sbtest1 WHERE id BETWEEN 8403666 AND 8413665
	Aggregate  (cost=33283.99..33284.00 rows=1 width=8)
	  ->  Bitmap Heap Scan on sbtest1  (cost=266.68..33260.02 rows=9585 width=4)
	        Recheck Cond: ((id >= 8403666) AND (id <= 8413665))
	        ->  Bitmap Index Scan on sbtest1_pkey  (cost=0.00..264.29 rows=9585 width=0)
	              Index Cond: ((id >= 8403666) AND (id <= 8413665))

table 2 : explain SELECT SUM(k) FROM sbtest2 WHERE id BETWEEN 3762273 AND 3772272
	Aggregate  (cost=31831.62..31831.63 rows=1 width=8)
	  ->  Bitmap Heap Scan on sbtest2  (cost=254.13..31808.77 rows=9141 width=4)
	        Recheck Cond: ((id >= 3762273) AND (id <= 3772272))
	        ->  Bitmap Index Scan on sbtest2_pkey  (cost=0.00..251.84 rows=9141 width=0)
	              Index Cond: ((id >= 3762273) AND (id <= 3772272))

table 3 : explain SELECT SUM(k) FROM sbtest3 WHERE id BETWEEN 3963523 AND 3973522
	Aggregate  (cost=35073.56..35073.57 rows=1 width=8)
	  ->  Bitmap Heap Scan on sbtest3  (cost=287.87..35048.33 rows=10091 width=4)
	        Recheck Cond: ((id >= 3963523) AND (id <= 3973522))
	        ->  Bitmap Index Scan on sbtest3_pkey  (cost=0.00..285.34 rows=10091 width=0)
	              Index Cond: ((id >= 3963523) AND (id <= 3973522))

table 4 : explain SELECT SUM(k) FROM sbtest4 WHERE id BETWEEN 8094645 AND 8104644
	Aggregate  (cost=34048.08..34048.09 rows=1 width=8)
	  ->  Bitmap Heap Scan on sbtest4  (cost=268.73..34023.62 rows=9785 width=4)
	        Recheck Cond: ((id >= 8094645) AND (id <= 8104644))
	        ->  Bitmap Index Scan on sbtest4_pkey  (cost=0.00..266.29 rows=9785 width=0)
	              Index Cond: ((id >= 8094645) AND (id <= 8104644))

table 5 : explain SELECT SUM(k) FROM sbtest5 WHERE id BETWEEN 2079643 AND 2089642
	Aggregate  (cost=35897.48..35897.49 rows=1 width=8)
	  ->  Bitmap Heap Scan on sbtest5  (cost=283.31..35871.41 rows=10427 width=4)
	        Recheck Cond: ((id >= 2079643) AND (id <= 2089642))
	        ->  Bitmap Index Scan on sbtest5_pkey  (cost=0.00..280.70 rows=10427 width=0)
	              Index Cond: ((id >= 2079643) AND (id <= 2089642))

table 6 : explain SELECT SUM(k) FROM sbtest6 WHERE id BETWEEN 3077161 AND 3087160
	Aggregate  (cost=33604.08..33604.09 rows=1 width=8)
	  ->  Bitmap Heap Scan on sbtest6  (cost=267.62..33579.89 rows=9677 width=4)
	        Recheck Cond: ((id >= 3077161) AND (id <= 3087160))
	        ->  Bitmap Index Scan on sbtest6_pkey  (cost=0.00..265.20 rows=9677 width=0)
	              Index Cond: ((id >= 3077161) AND (id <= 3087160))

table 7 : explain SELECT SUM(k) FROM sbtest7 WHERE id BETWEEN 5312841 AND 5322840
	Aggregate  (cost=35646.98..35646.99 rows=1 width=8)
	  ->  Bitmap Heap Scan on sbtest7  (cost=297.66..35621.32 rows=10266 width=4)
	        Recheck Cond: ((id >= 5312841) AND (id <= 5322840))
	        ->  Bitmap Index Scan on sbtest7_pkey  (cost=0.00..295.09 rows=10266 width=0)
	              Index Cond: ((id >= 5312841) AND (id <= 5322840))

table 8 : explain SELECT SUM(k) FROM sbtest8 WHERE id BETWEEN 4477634 AND 4487633
	Aggregate  (cost=33530.09..33530.10 rows=1 width=8)
	  ->  Bitmap Heap Scan on sbtest8  (cost=271.62..33505.89 rows=9677 width=4)
	        Recheck Cond: ((id >= 4477634) AND (id <= 4487633))
	        ->  Bitmap Index Scan on sbtest8_pkey  (cost=0.00..269.20 rows=9677 width=0)
	              Index Cond: ((id >= 4477634) AND (id <= 4487633))

for point_selects
table 1 : explain SELECT c FROM sbtest1 WHERE id=39269
	Index Scan using sbtest1_pkey on sbtest1  (cost=0.43..8.45 rows=1 width=121)
	  Index Cond: (id = 39269)

table 2 : explain SELECT c FROM sbtest2 WHERE id=8850331
	Index Scan using sbtest2_pkey on sbtest2  (cost=0.43..8.45 rows=1 width=121)
	  Index Cond: (id = 8850331)

table 3 : explain SELECT c FROM sbtest3 WHERE id=7804158
	Index Scan using sbtest3_pkey on sbtest3  (cost=0.43..8.45 rows=1 width=121)
	  Index Cond: (id = 7804158)

table 4 : explain SELECT c FROM sbtest4 WHERE id=4067166
	Index Scan using sbtest4_pkey on sbtest4  (cost=0.43..8.45 rows=1 width=121)
	  Index Cond: (id = 4067166)

table 5 : explain SELECT c FROM sbtest5 WHERE id=8484973
	Index Scan using sbtest5_pkey on sbtest5  (cost=0.43..8.45 rows=1 width=121)
	  Index Cond: (id = 8484973)

table 6 : explain SELECT c FROM sbtest6 WHERE id=2664242
	Index Scan using sbtest6_pkey on sbtest6  (cost=0.43..8.45 rows=1 width=121)
	  Index Cond: (id = 2664242)

table 7 : explain SELECT c FROM sbtest7 WHERE id=6098446
	Index Scan using sbtest7_pkey on sbtest7  (cost=0.43..8.45 rows=1 width=121)
	  Index Cond: (id = 6098446)

table 8 : explain SELECT c FROM sbtest8 WHERE id=6000075
	Index Scan using sbtest8_pkey on sbtest8  (cost=0.43..8.45 rows=1 width=121)
	  Index Cond: (id = 6000075)

for point_selects
table 1 : explain SELECT c FROM sbtest1 WHERE id=8011130
	Index Scan using sbtest1_pkey on sbtest1  (cost=0.43..8.45 rows=1 width=121)
	  Index Cond: (id = 8011130)

table 2 : explain SELECT c FROM sbtest2 WHERE id=3027534
	Index Scan using sbtest2_pkey on sbtest2  (cost=0.43..8.45 rows=1 width=121)
	  Index Cond: (id = 3027534)

table 3 : explain SELECT c FROM sbtest3 WHERE id=3842329
	Index Scan using sbtest3_pkey on sbtest3  (cost=0.43..8.45 rows=1 width=121)
	  Index Cond: (id = 3842329)

table 4 : explain SELECT c FROM sbtest4 WHERE id=4357906
	Index Scan using sbtest4_pkey on sbtest4  (cost=0.43..8.45 rows=1 width=121)
	  Index Cond: (id = 4357906)

table 5 : explain SELECT c FROM sbtest5 WHERE id=4613123
	Index Scan using sbtest5_pkey on sbtest5  (cost=0.43..8.45 rows=1 width=121)
	  Index Cond: (id = 4613123)

table 6 : explain SELECT c FROM sbtest6 WHERE id=8253871
	Index Scan using sbtest6_pkey on sbtest6  (cost=0.43..8.45 rows=1 width=121)
	  Index Cond: (id = 8253871)

table 7 : explain SELECT c FROM sbtest7 WHERE id=6953124
	Index Scan using sbtest7_pkey on sbtest7  (cost=0.43..8.45 rows=1 width=121)
	  Index Cond: (id = 6953124)

table 8 : explain SELECT c FROM sbtest8 WHERE id=8432380
	Index Scan using sbtest8_pkey on sbtest8  (cost=0.43..8.45 rows=1 width=121)
	  Index Cond: (id = 8432380)

for point_selects
table 1 : explain SELECT c FROM sbtest1 WHERE id=6194722
	Index Scan using sbtest1_pkey on sbtest1  (cost=0.43..8.45 rows=1 width=121)
	  Index Cond: (id = 6194722)

table 2 : explain SELECT c FROM sbtest2 WHERE id=2546615
	Index Scan using sbtest2_pkey on sbtest2  (cost=0.43..8.45 rows=1 width=121)
	  Index Cond: (id = 2546615)

table 3 : explain SELECT c FROM sbtest3 WHERE id=4700290
	Index Scan using sbtest3_pkey on sbtest3  (cost=0.43..8.45 rows=1 width=121)
	  Index Cond: (id = 4700290)

table 4 : explain SELECT c FROM sbtest4 WHERE id=7810690
	Index Scan using sbtest4_pkey on sbtest4  (cost=0.43..8.45 rows=1 width=121)
	  Index Cond: (id = 7810690)

table 5 : explain SELECT c FROM sbtest5 WHERE id=4885164
	Index Scan using sbtest5_pkey on sbtest5  (cost=0.43..8.45 rows=1 width=121)
	  Index Cond: (id = 4885164)

table 6 : explain SELECT c FROM sbtest6 WHERE id=5948176
	Index Scan using sbtest6_pkey on sbtest6  (cost=0.43..8.45 rows=1 width=121)
	  Index Cond: (id = 5948176)

table 7 : explain SELECT c FROM sbtest7 WHERE id=9282264
	Index Scan using sbtest7_pkey on sbtest7  (cost=0.43..8.45 rows=1 width=121)
	  Index Cond: (id = 9282264)

table 8 : explain SELECT c FROM sbtest8 WHERE id=2496548
	Index Scan using sbtest8_pkey on sbtest8  (cost=0.43..8.45 rows=1 width=121)
	  Index Cond: (id = 2496548)

explain: for point_selects :: explain SELECT c FROM sbtest%u WHERE id=%u
for: distinct_ranges
table 1 : explain SELECT DISTINCT c FROM sbtest1 WHERE id BETWEEN 165427 AND 175426 ORDER BY c
	Unique  (cost=35091.48..35141.25 rows=9955 width=121)
	  ->  Sort  (cost=35091.48..35116.37 rows=9955 width=121)
	        Sort Key: c
	        ->  Bitmap Heap Scan on sbtest1  (cost=278.47..34430.41 rows=9955 width=121)
	              Recheck Cond: ((id >= 165427) AND (id <= 175426))
	              ->  Bitmap Index Scan on sbtest1_pkey  (cost=0.00..275.99 rows=9955 width=0)
	                    Index Cond: ((id >= 165427) AND (id <= 175426))

table 2 : explain SELECT DISTINCT c FROM sbtest2 WHERE id BETWEEN 2381660 AND 2391659 ORDER BY c
	Unique  (cost=34311.82..34360.45 rows=9727 width=121)
	  ->  Sort  (cost=34311.82..34336.14 rows=9727 width=121)
	        Sort Key: c
	        ->  Bitmap Heap Scan on sbtest2  (cost=272.14..33667.51 rows=9727 width=121)
	              Recheck Cond: ((id >= 2381660) AND (id <= 2391659))
	              ->  Bitmap Index Scan on sbtest2_pkey  (cost=0.00..269.70 rows=9727 width=0)
	                    Index Cond: ((id >= 2381660) AND (id <= 2391659))

table 3 : explain SELECT DISTINCT c FROM sbtest3 WHERE id BETWEEN 8631062 AND 8641061 ORDER BY c
	Unique  (cost=33726.80..33774.20 rows=9479 width=121)
	  ->  Sort  (cost=33726.80..33750.50 rows=9479 width=121)
	        Sort Key: c
	        ->  Bitmap Heap Scan on sbtest3  (cost=273.59..33100.69 rows=9479 width=121)
	              Recheck Cond: ((id >= 8631062) AND (id <= 8641061))
	              ->  Bitmap Index Scan on sbtest3_pkey  (cost=0.00..271.23 rows=9479 width=0)
	                    Index Cond: ((id >= 8631062) AND (id <= 8641061))

table 4 : explain SELECT DISTINCT c FROM sbtest4 WHERE id BETWEEN 3000699 AND 3010698 ORDER BY c
	Unique  (cost=35039.00..35088.49 rows=9898 width=121)
	  ->  Sort  (cost=35039.00..35063.75 rows=9898 width=121)
	        Sort Key: c
	        ->  Bitmap Heap Scan on sbtest4  (cost=273.89..34382.13 rows=9898 width=121)
	              Recheck Cond: ((id >= 3000699) AND (id <= 3010698))
	              ->  Bitmap Index Scan on sbtest4_pkey  (cost=0.00..271.42 rows=9898 width=0)
	                    Index Cond: ((id >= 3000699) AND (id <= 3010698))

table 5 : explain SELECT DISTINCT c FROM sbtest5 WHERE id BETWEEN 2754655 AND 2764654 ORDER BY c
	Unique  (cost=37545.28..37598.95 rows=10734 width=121)
	  ->  Sort  (cost=37545.28..37572.12 rows=10734 width=121)
	        Sort Key: c
	        ->  Bitmap Heap Scan on sbtest5  (cost=290.46..36826.65 rows=10734 width=121)
	              Recheck Cond: ((id >= 2754655) AND (id <= 2764654))
	              ->  Bitmap Index Scan on sbtest5_pkey  (cost=0.00..287.78 rows=10734 width=0)
	                    Index Cond: ((id >= 2754655) AND (id <= 2764654))

table 6 : explain SELECT DISTINCT c FROM sbtest6 WHERE id BETWEEN 2436031 AND 2446030 ORDER BY c
	Unique  (cost=34606.22..34655.20 rows=9796 width=121)
	  ->  Sort  (cost=34606.22..34630.71 rows=9796 width=121)
	        Sort Key: c
	        ->  Bitmap Heap Scan on sbtest6  (cost=272.84..33956.85 rows=9796 width=121)
	              Recheck Cond: ((id >= 2436031) AND (id <= 2446030))
	              ->  Bitmap Index Scan on sbtest6_pkey  (cost=0.00..270.40 rows=9796 width=0)
	                    Index Cond: ((id >= 2436031) AND (id <= 2446030))

table 7 : explain SELECT DISTINCT c FROM sbtest7 WHERE id BETWEEN 7197622 AND 7207621 ORDER BY c
	Unique  (cost=34561.91..34610.56 rows=9730 width=121)
	  ->  Sort  (cost=34561.91..34586.24 rows=9730 width=121)
	        Sort Key: c
	        ->  Bitmap Heap Scan on sbtest7  (cost=280.17..33917.39 rows=9730 width=121)
	              Recheck Cond: ((id >= 7197622) AND (id <= 7207621))
	              ->  Bitmap Index Scan on sbtest7_pkey  (cost=0.00..277.74 rows=9730 width=0)
	                    Index Cond: ((id >= 7197622) AND (id <= 7207621))

table 8 : explain SELECT DISTINCT c FROM sbtest8 WHERE id BETWEEN 9659561 AND 9669560 ORDER BY c
	Unique  (cost=35745.83..35796.70 rows=10175 width=121)
	  ->  Sort  (cost=35745.83..35771.27 rows=10175 width=121)
	        Sort Key: c
	        ->  Bitmap Heap Scan on sbtest8  (cost=284.73..35068.54 rows=10175 width=121)
	              Recheck Cond: ((id >= 9659561) AND (id <= 9669560))
	              ->  Bitmap Index Scan on sbtest8_pkey  (cost=0.00..282.19 rows=10175 width=0)
	                    Index Cond: ((id >= 9659561) AND (id <= 9669560))

explain: for point_selects :: explain SELECT c FROM sbtest%u WHERE id=%u
for: order_ranges
table 1 : explain SELECT c FROM sbtest1 WHERE id BETWEEN 2774585 AND 2784584 ORDER BY c
	Sort  (cost=39132.95..39161.00 rows=11222 width=121)
	  Sort Key: c
	  ->  Bitmap Heap Scan on sbtest1  (cost=311.46..38378.04 rows=11222 width=121)
	        Recheck Cond: ((id >= 2774585) AND (id <= 2784584))
	        ->  Bitmap Index Scan on sbtest1_pkey  (cost=0.00..308.66 rows=11222 width=0)
	              Index Cond: ((id >= 2774585) AND (id <= 2784584))

table 2 : explain SELECT c FROM sbtest2 WHERE id BETWEEN 8897946 AND 8907945 ORDER BY c
	Sort  (cost=34884.52..34909.28 rows=9905 width=121)
	  Sort Key: c
	  ->  Bitmap Heap Scan on sbtest2  (cost=277.96..34227.12 rows=9905 width=121)
	        Recheck Cond: ((id >= 8897946) AND (id <= 8907945))
	        ->  Bitmap Index Scan on sbtest2_pkey  (cost=0.00..275.49 rows=9905 width=0)
	              Index Cond: ((id >= 8897946) AND (id <= 8907945))

table 3 : explain SELECT c FROM sbtest3 WHERE id BETWEEN 5617250 AND 5627249 ORDER BY c
	Sort  (cost=36221.66..36247.27 rows=10246 width=121)
	  Sort Key: c
	  ->  Bitmap Heap Scan on sbtest3  (cost=293.46..35539.13 rows=10246 width=121)
	        Recheck Cond: ((id >= 5617250) AND (id <= 5627249))
	        ->  Bitmap Index Scan on sbtest3_pkey  (cost=0.00..290.90 rows=10246 width=0)
	              Index Cond: ((id >= 5617250) AND (id <= 5627249))

table 4 : explain SELECT c FROM sbtest4 WHERE id BETWEEN 6996591 AND 7006590 ORDER BY c
	Sort  (cost=31838.25..31860.55 rows=8919 width=121)
	  Sort Key: c
	  ->  Bitmap Heap Scan on sbtest4  (cost=243.85..31253.04 rows=8919 width=121)
	        Recheck Cond: ((id >= 6996591) AND (id <= 7006590))
	        ->  Bitmap Index Scan on sbtest4_pkey  (cost=0.00..241.62 rows=8919 width=0)
	              Index Cond: ((id >= 6996591) AND (id <= 7006590))

table 5 : explain SELECT c FROM sbtest5 WHERE id BETWEEN 7785154 AND 7795153 ORDER BY c
	Sort  (cost=34381.84..34406.20 rows=9746 width=121)
	  Sort Key: c
	  ->  Bitmap Heap Scan on sbtest5  (cost=264.33..33736.14 rows=9746 width=121)
	        Recheck Cond: ((id >= 7785154) AND (id <= 7795153))
	        ->  Bitmap Index Scan on sbtest5_pkey  (cost=0.00..261.90 rows=9746 width=0)
	              Index Cond: ((id >= 7785154) AND (id <= 7795153))

table 6 : explain SELECT c FROM sbtest6 WHERE id BETWEEN 936906 AND 946905 ORDER BY c
	Sort  (cost=35682.66..35707.99 rows=10130 width=121)
	  Sort Key: c
	  ->  Bitmap Heap Scan on sbtest6  (cost=280.27..35008.70 rows=10130 width=121)
	        Recheck Cond: ((id >= 936906) AND (id <= 946905))
	        ->  Bitmap Index Scan on sbtest6_pkey  (cost=0.00..277.74 rows=10130 width=0)
	              Index Cond: ((id >= 936906) AND (id <= 946905))

table 7 : explain SELECT c FROM sbtest7 WHERE id BETWEEN 7133141 AND 7143140 ORDER BY c
	Sort  (cost=36666.90..36692.85 rows=10378 width=121)
	  Sort Key: c
	  ->  Bitmap Heap Scan on sbtest7  (cost=298.81..35974.63 rows=10378 width=121)
	        Recheck Cond: ((id >= 7133141) AND (id <= 7143140))
	        ->  Bitmap Index Scan on sbtest7_pkey  (cost=0.00..296.21 rows=10378 width=0)
	              Index Cond: ((id >= 7133141) AND (id <= 7143140))

table 8 : explain SELECT c FROM sbtest8 WHERE id BETWEEN 9039292 AND 9049291 ORDER BY c
	Sort  (cost=33426.37..33450.01 rows=9454 width=121)
	  Sort Key: c
	  ->  Bitmap Heap Scan on sbtest8  (cost=265.34..32802.09 rows=9454 width=121)
	        Recheck Cond: ((id >= 9039292) AND (id <= 9049291))
	        ->  Bitmap Index Scan on sbtest8_pkey  (cost=0.00..262.98 rows=9454 width=0)
	              Index Cond: ((id >= 9039292) AND (id <= 9049291))

for: simple_ranges
table 1 : explain SELECT c FROM sbtest1 WHERE id BETWEEN 5984447 AND 5994446
	Bitmap Heap Scan on sbtest1  (cost=279.11..34624.17 rows=10017 width=121)
	  Recheck Cond: ((id >= 5984447) AND (id <= 5994446))
	  ->  Bitmap Index Scan on sbtest1_pkey  (cost=0.00..276.61 rows=10017 width=0)
	        Index Cond: ((id >= 5984447) AND (id <= 5994446))

table 2 : explain SELECT c FROM sbtest2 WHERE id BETWEEN 9769974 AND 9779973
	Bitmap Heap Scan on sbtest2  (cost=278.16..34288.41 rows=9924 width=121)
	  Recheck Cond: ((id >= 9769974) AND (id <= 9779973))
	  ->  Bitmap Index Scan on sbtest2_pkey  (cost=0.00..275.68 rows=9924 width=0)
	        Index Cond: ((id >= 9769974) AND (id <= 9779973))

table 3 : explain SELECT c FROM sbtest3 WHERE id BETWEEN 3590278 AND 3600277
	Bitmap Heap Scan on sbtest3  (cost=275.19..33597.53 rows=9635 width=121)
	  Recheck Cond: ((id >= 3590278) AND (id <= 3600277))
	  ->  Bitmap Index Scan on sbtest3_pkey  (cost=0.00..272.79 rows=9635 width=0)
	        Index Cond: ((id >= 3590278) AND (id <= 3600277))

table 4 : explain SELECT c FROM sbtest4 WHERE id BETWEEN 1655174 AND 1665173
	Bitmap Heap Scan on sbtest4  (cost=275.71..34943.79 rows=10076 width=121)
	  Recheck Cond: ((id >= 1655174) AND (id <= 1665173))
	  ->  Bitmap Index Scan on sbtest4_pkey  (cost=0.00..273.19 rows=10076 width=0)
	        Index Cond: ((id >= 1655174) AND (id <= 1665173))

table 5 : explain SELECT c FROM sbtest5 WHERE id BETWEEN 1474913 AND 1484912
	Bitmap Heap Scan on sbtest5  (cost=295.97..37284.22 rows=10881 width=121)
	  Recheck Cond: ((id >= 1474913) AND (id <= 1484912))
	  ->  Bitmap Index Scan on sbtest5_pkey  (cost=0.00..293.25 rows=10881 width=0)
	        Index Cond: ((id >= 1474913) AND (id <= 1484912))

table 6 : explain SELECT c FROM sbtest6 WHERE id BETWEEN 680230 AND 690229
	Bitmap Heap Scan on sbtest6  (cost=286.61..35728.24 rows=10359 width=121)
	  Recheck Cond: ((id >= 680230) AND (id <= 690229))
	  ->  Bitmap Index Scan on sbtest6_pkey  (cost=0.00..284.03 rows=10359 width=0)
	        Index Cond: ((id >= 680230) AND (id <= 690229))

table 7 : explain SELECT c FROM sbtest7 WHERE id BETWEEN 1620528 AND 1630527
	Bitmap Heap Scan on sbtest7  (cost=292.32..35205.07 rows=10135 width=121)
	  Recheck Cond: ((id >= 1620528) AND (id <= 1630527))
	  ->  Bitmap Index Scan on sbtest7_pkey  (cost=0.00..289.79 rows=10135 width=0)
	        Index Cond: ((id >= 1620528) AND (id <= 1630527))

table 8 : explain SELECT c FROM sbtest8 WHERE id BETWEEN 6716390 AND 6726389
	Bitmap Heap Scan on sbtest8  (cost=258.48..31917.35 rows=9175 width=121)
	  Recheck Cond: ((id >= 6716390) AND (id <= 6726389))
	  ->  Bitmap Index Scan on sbtest8_pkey  (cost=0.00..256.19 rows=9175 width=0)
	        Index Cond: ((id >= 6716390) AND (id <= 6726389))

explain: for point_selects :: explain SELECT c FROM sbtest%u WHERE id=%u
for: distinct_ranges
table 1 : explain SELECT DISTINCT c FROM sbtest1 WHERE id BETWEEN 3643212 AND 3653211 ORDER BY c
	Unique  (cost=35402.11..35452.37 rows=10052 width=121)
	  ->  Sort  (cost=35402.11..35427.24 rows=10052 width=121)
	        Sort Key: c
	        ->  Bitmap Heap Scan on sbtest1  (cost=279.47..34733.90 rows=10052 width=121)
	              Recheck Cond: ((id >= 3643212) AND (id <= 3653211))
	              ->  Bitmap Index Scan on sbtest1_pkey  (cost=0.00..276.95 rows=10052 width=0)
	                    Index Cond: ((id >= 3643212) AND (id <= 3653211))

table 2 : explain SELECT DISTINCT c FROM sbtest2 WHERE id BETWEEN 2905121 AND 2915120 ORDER BY c
	Unique  (cost=33319.13..33366.23 rows=9421 width=121)
	  ->  Sort  (cost=33319.13..33342.68 rows=9421 width=121)
	        Sort Key: c
	        ->  Bitmap Heap Scan on sbtest2  (cost=261.00..32697.26 rows=9421 width=121)
	              Recheck Cond: ((id >= 2905121) AND (id <= 2915120))
	              ->  Bitmap Index Scan on sbtest2_pkey  (cost=0.00..258.65 rows=9421 width=0)
	                    Index Cond: ((id >= 2905121) AND (id <= 2915120))

table 3 : explain SELECT DISTINCT c FROM sbtest3 WHERE id BETWEEN 1388966 AND 1398965 ORDER BY c
	Unique  (cost=32215.26..32260.35 rows=9018 width=121)
	  ->  Sort  (cost=32215.26..32237.81 rows=9018 width=121)
	        Sort Key: c
	        ->  Bitmap Heap Scan on sbtest3  (cost=260.87..31622.84 rows=9018 width=121)
	              Recheck Cond: ((id >= 1388966) AND (id <= 1398965))
	              ->  Bitmap Index Scan on sbtest3_pkey  (cost=0.00..258.62 rows=9018 width=0)
	                    Index Cond: ((id >= 1388966) AND (id <= 1398965))

table 4 : explain SELECT DISTINCT c FROM sbtest4 WHERE id BETWEEN 9001641 AND 9011640 ORDER BY c
	Unique  (cost=37887.25..37941.16 rows=10782 width=121)
	  ->  Sort  (cost=37887.25..37914.20 rows=10782 width=121)
	        Sort Key: c
	        ->  Bitmap Heap Scan on sbtest4  (cost=294.95..37165.05 rows=10782 width=121)
	              Recheck Cond: ((id >= 9001641) AND (id <= 9011640))
	              ->  Bitmap Index Scan on sbtest4_pkey  (cost=0.00..292.25 rows=10782 width=0)
	                    Index Cond: ((id >= 9001641) AND (id <= 9011640))

table 5 : explain SELECT DISTINCT c FROM sbtest5 WHERE id BETWEEN 9472809 AND 9482808 ORDER BY c
	Unique  (cost=34494.39..34543.29 rows=9781 width=121)
	  ->  Sort  (cost=34494.39..34518.84 rows=9781 width=121)
	        Sort Key: c
	        ->  Bitmap Heap Scan on sbtest5  (cost=264.69..33846.11 rows=9781 width=121)
	              Recheck Cond: ((id >= 9472809) AND (id <= 9482808))
	              ->  Bitmap Index Scan on sbtest5_pkey  (cost=0.00..262.25 rows=9781 width=0)
	                    Index Cond: ((id >= 9472809) AND (id <= 9482808))

table 6 : explain SELECT DISTINCT c FROM sbtest6 WHERE id BETWEEN 5035549 AND 5045548 ORDER BY c
	Unique  (cost=33678.66..33726.21 rows=9509 width=121)
	  ->  Sort  (cost=33678.66..33702.43 rows=9509 width=121)
	        Sort Key: c
	        ->  Bitmap Heap Scan on sbtest6  (cost=265.90..33050.35 rows=9509 width=121)
	              Recheck Cond: ((id >= 5035549) AND (id <= 5045548))
	              ->  Bitmap Index Scan on sbtest6_pkey  (cost=0.00..263.53 rows=9509 width=0)
	                    Index Cond: ((id >= 5035549) AND (id <= 5045548))

table 7 : explain SELECT DISTINCT c FROM sbtest7 WHERE id BETWEEN 8588340 AND 8598339 ORDER BY c
	Unique  (cost=34732.89..34781.80 rows=9782 width=121)
	  ->  Sort  (cost=34732.89..34757.35 rows=9782 width=121)
	        Sort Key: c
	        ->  Bitmap Heap Scan on sbtest7  (cost=284.70..34084.55 rows=9782 width=121)
	              Recheck Cond: ((id >= 8588340) AND (id <= 8598339))
	              ->  Bitmap Index Scan on sbtest7_pkey  (cost=0.00..282.25 rows=9782 width=0)
	                    Index Cond: ((id >= 8588340) AND (id <= 8598339))

table 8 : explain SELECT DISTINCT c FROM sbtest8 WHERE id BETWEEN 2450717 AND 2460716 ORDER BY c
	Unique  (cost=32103.84..32149.08 rows=9047 width=121)
	  ->  Sort  (cost=32103.84..32126.46 rows=9047 width=121)
	        Sort Key: c
	        ->  Bitmap Heap Scan on sbtest8  (cost=253.17..31509.31 rows=9047 width=121)
	              Recheck Cond: ((id >= 2450717) AND (id <= 2460716))
	              ->  Bitmap Index Scan on sbtest8_pkey  (cost=0.00..250.91 rows=9047 width=0)
	                    Index Cond: ((id >= 2450717) AND (id <= 2460716))

for: simple_ranges
table 1 : explain SELECT c FROM sbtest1 WHERE id BETWEEN 9991158 AND 10001157
	Bitmap Heap Scan on sbtest1  (cost=248.04..31198.52 rows=8937 width=121)
	  Recheck Cond: ((id >= 9991158) AND (id <= 10001157))
	  ->  Bitmap Index Scan on sbtest1_pkey  (cost=0.00..245.81 rows=8937 width=0)
	        Index Cond: ((id >= 9991158) AND (id <= 10001157))

table 2 : explain SELECT c FROM sbtest2 WHERE id BETWEEN 6266969 AND 6276968
	Bitmap Heap Scan on sbtest2  (cost=286.46..35598.80 rows=10344 width=121)
	  Recheck Cond: ((id >= 6266969) AND (id <= 6276968))
	  ->  Bitmap Index Scan on sbtest2_pkey  (cost=0.00..283.88 rows=10344 width=0)
	        Index Cond: ((id >= 6266969) AND (id <= 6276968))

table 3 : explain SELECT c FROM sbtest3 WHERE id BETWEEN 7225848 AND 7235847
	Bitmap Heap Scan on sbtest3  (cost=275.37..33653.02 rows=9652 width=121)
	  Recheck Cond: ((id >= 7225848) AND (id <= 7235847))
	  ->  Bitmap Index Scan on sbtest3_pkey  (cost=0.00..272.95 rows=9652 width=0)
	        Index Cond: ((id >= 7225848) AND (id <= 7235847))

table 4 : explain SELECT c FROM sbtest4 WHERE id BETWEEN 4425639 AND 4435638
	Bitmap Heap Scan on sbtest4  (cost=256.36..32664.85 rows=9359 width=121)
	  Recheck Cond: ((id >= 4425639) AND (id <= 4435638))
	  ->  Bitmap Index Scan on sbtest4_pkey  (cost=0.00..254.03 rows=9359 width=0)
	        Index Cond: ((id >= 4425639) AND (id <= 4435638))

table 5 : explain SELECT c FROM sbtest5 WHERE id BETWEEN 6026799 AND 6036798
	Bitmap Heap Scan on sbtest5  (cost=277.60..35350.28 rows=10260 width=121)
	  Recheck Cond: ((id >= 6026799) AND (id <= 6036798))
	  ->  Bitmap Index Scan on sbtest5_pkey  (cost=0.00..275.04 rows=10260 width=0)
	        Index Cond: ((id >= 6026799) AND (id <= 6036798))

table 6 : explain SELECT c FROM sbtest6 WHERE id BETWEEN 2664240 AND 2674239
	Bitmap Heap Scan on sbtest6  (cost=267.81..33635.07 rows=9695 width=121)
	  Recheck Cond: ((id >= 2664240) AND (id <= 2674239))
	  ->  Bitmap Index Scan on sbtest6_pkey  (cost=0.00..265.38 rows=9695 width=0)
	        Index Cond: ((id >= 2664240) AND (id <= 2674239))

table 7 : explain SELECT c FROM sbtest7 WHERE id BETWEEN 8124011 AND 8134010
	Bitmap Heap Scan on sbtest7  (cost=292.52..35270.02 rows=10155 width=121)
	  Recheck Cond: ((id >= 8124011) AND (id <= 8134010))
	  ->  Bitmap Index Scan on sbtest7_pkey  (cost=0.00..289.99 rows=10155 width=0)
	        Index Cond: ((id >= 8124011) AND (id <= 8134010))

table 8 : explain SELECT c FROM sbtest8 WHERE id BETWEEN 1633969 AND 1643968
	Bitmap Heap Scan on sbtest8  (cost=265.13..32737.22 rows=9434 width=121)
	  Recheck Cond: ((id >= 1633969) AND (id <= 1643968))
	  ->  Bitmap Index Scan on sbtest8_pkey  (cost=0.00..262.78 rows=9434 width=0)
	        Index Cond: ((id >= 1633969) AND (id <= 1643968))

for: simple_ranges
table 1 : explain SELECT c FROM sbtest1 WHERE id BETWEEN 4826090 AND 4836089
	Bitmap Heap Scan on sbtest1  (cost=265.73..32967.78 rows=9492 width=121)
	  Recheck Cond: ((id >= 4826090) AND (id <= 4836089))
	  ->  Bitmap Index Scan on sbtest1_pkey  (cost=0.00..263.36 rows=9492 width=0)
	        Index Cond: ((id >= 4826090) AND (id <= 4836089))

table 2 : explain SELECT c FROM sbtest2 WHERE id BETWEEN 8935204 AND 8945203
	Bitmap Heap Scan on sbtest2  (cost=277.96..34227.12 rows=9905 width=121)
	  Recheck Cond: ((id >= 8935204) AND (id <= 8945203))
	  ->  Bitmap Index Scan on sbtest2_pkey  (cost=0.00..275.49 rows=9905 width=0)
	        Index Cond: ((id >= 8935204) AND (id <= 8945203))

table 3 : explain SELECT c FROM sbtest3 WHERE id BETWEEN 8914197 AND 8924196
	Bitmap Heap Scan on sbtest3  (cost=293.22..35467.78 rows=10223 width=121)
	  Recheck Cond: ((id >= 8914197) AND (id <= 8924196))
	  ->  Bitmap Index Scan on sbtest3_pkey  (cost=0.00..290.67 rows=10223 width=0)
	        Index Cond: ((id >= 8914197) AND (id <= 8924196))

table 4 : explain SELECT c FROM sbtest4 WHERE id BETWEEN 8733693 AND 8743692
	Bitmap Heap Scan on sbtest4  (cost=256.53..32713.93 rows=9375 width=121)
	  Recheck Cond: ((id >= 8733693) AND (id <= 8743692))
	  ->  Bitmap Index Scan on sbtest4_pkey  (cost=0.00..254.19 rows=9375 width=0)
	        Index Cond: ((id >= 8733693) AND (id <= 8743692))

table 5 : explain SELECT c FROM sbtest5 WHERE id BETWEEN 6677815 AND 6687814
	Bitmap Heap Scan on sbtest5  (cost=302.23..37970.28 rows=11102 width=121)
	  Recheck Cond: ((id >= 6677815) AND (id <= 6687814))
	  ->  Bitmap Index Scan on sbtest5_pkey  (cost=0.00..299.45 rows=11102 width=0)
	        Index Cond: ((id >= 6677815) AND (id <= 6687814))

table 6 : explain SELECT c FROM sbtest6 WHERE id BETWEEN 9586354 AND 9596353
	Bitmap Heap Scan on sbtest6  (cost=279.69..34834.34 rows=10074 width=121)
	  Recheck Cond: ((id >= 9586354) AND (id <= 9596353))
	  ->  Bitmap Index Scan on sbtest6_pkey  (cost=0.00..277.18 rows=10074 width=0)
	        Index Cond: ((id >= 9586354) AND (id <= 9596353))

table 7 : explain SELECT c FROM sbtest7 WHERE id BETWEEN 5052867 AND 5062866
	Bitmap Heap Scan on sbtest7  (cost=297.81..35666.71 rows=10280 width=121)
	  Recheck Cond: ((id >= 5052867) AND (id <= 5062866))
	  ->  Bitmap Index Scan on sbtest7_pkey  (cost=0.00..295.24 rows=10280 width=0)
	        Index Cond: ((id >= 5052867) AND (id <= 5062866))

table 8 : explain SELECT c FROM sbtest8 WHERE id BETWEEN 243763 AND 253762
	Bitmap Heap Scan on sbtest8  (cost=283.67..34749.98 rows=10072 width=121)
	  Recheck Cond: ((id >= 243763) AND (id <= 253762))
	  ->  Bitmap Index Scan on sbtest8_pkey  (cost=0.00..281.16 rows=10072 width=0)
	        Index Cond: ((id >= 243763) AND (id <= 253762))

for: distinct_ranges
table 1 : explain SELECT DISTINCT c FROM sbtest1 WHERE id BETWEEN 1359468 AND 1369467 ORDER BY c
	Unique  (cost=34049.90..34098.06 rows=9633 width=121)
	  ->  Sort  (cost=34049.90..34073.98 rows=9633 width=121)
	        Sort Key: c
	        ->  Bitmap Heap Scan on sbtest1  (cost=267.17..33412.49 rows=9633 width=121)
	              Recheck Cond: ((id >= 1359468) AND (id <= 1369467))
	              ->  Bitmap Index Scan on sbtest1_pkey  (cost=0.00..264.76 rows=9633 width=0)
	                    Index Cond: ((id >= 1359468) AND (id <= 1369467))

table 2 : explain SELECT DISTINCT c FROM sbtest2 WHERE id BETWEEN 8678946 AND 8688945 ORDER BY c
	Unique  (cost=33628.56..33676.14 rows=9516 width=121)
	  ->  Sort  (cost=33628.56..33652.35 rows=9516 width=121)
	        Sort Key: c
	        ->  Bitmap Heap Scan on sbtest2  (cost=265.97..32999.73 rows=9516 width=121)
	              Recheck Cond: ((id >= 8678946) AND (id <= 8688945))
	              ->  Bitmap Index Scan on sbtest2_pkey  (cost=0.00..263.59 rows=9516 width=0)
	                    Index Cond: ((id >= 8678946) AND (id <= 8688945))

table 3 : explain SELECT DISTINCT c FROM sbtest3 WHERE id BETWEEN 6135915 AND 6145914 ORDER BY c
	Unique  (cost=37113.62..37166.23 rows=10522 width=121)
	  ->  Sort  (cost=37113.62..37139.92 rows=10522 width=121)
	        Sort Key: c
	        ->  Bitmap Heap Scan on sbtest3  (cost=300.29..36410.69 rows=10522 width=121)
	              Recheck Cond: ((id >= 6135915) AND (id <= 6145914))
	              ->  Bitmap Index Scan on sbtest3_pkey  (cost=0.00..297.66 rows=10522 width=0)
	                    Index Cond: ((id >= 6135915) AND (id <= 6145914))

table 4 : explain SELECT DISTINCT c FROM sbtest4 WHERE id BETWEEN 8651813 AND 8661812 ORDER BY c
	Unique  (cost=35613.77..35664.15 rows=10076 width=121)
	  ->  Sort  (cost=35613.77..35638.96 rows=10076 width=121)
	        Sort Key: c
	        ->  Bitmap Heap Scan on sbtest4  (cost=275.71..34943.79 rows=10076 width=121)
	              Recheck Cond: ((id >= 8651813) AND (id <= 8661812))
	              ->  Bitmap Index Scan on sbtest4_pkey  (cost=0.00..273.19 rows=10076 width=0)
	                    Index Cond: ((id >= 8651813) AND (id <= 8661812))

table 5 : explain SELECT DISTINCT c FROM sbtest5 WHERE id BETWEEN 2165628 AND 2175627 ORDER BY c
	Unique  (cost=33039.44..33086.10 rows=9331 width=121)
	  ->  Sort  (cost=33039.44..33062.77 rows=9331 width=121)
	        Sort Key: c
	        ->  Bitmap Heap Scan on sbtest5  (cost=252.08..32424.17 rows=9331 width=121)
	              Recheck Cond: ((id >= 2165628) AND (id <= 2175627))
	              ->  Bitmap Index Scan on sbtest5_pkey  (cost=0.00..249.75 rows=9331 width=0)
	                    Index Cond: ((id >= 2165628) AND (id <= 2175627))

table 6 : explain SELECT DISTINCT c FROM sbtest6 WHERE id BETWEEN 452634 AND 462633 ORDER BY c
	Unique  (cost=36386.19..36437.94 rows=10349 width=121)
	  ->  Sort  (cost=36386.19..36412.07 rows=10349 width=121)
	        Sort Key: c
	        ->  Bitmap Heap Scan on sbtest6  (cost=286.51..35696.06 rows=10349 width=121)
	              Recheck Cond: ((id >= 452634) AND (id <= 462633))
	              ->  Bitmap Index Scan on sbtest6_pkey  (cost=0.00..283.93 rows=10349 width=0)
	                    Index Cond: ((id >= 452634) AND (id <= 462633))

table 7 : explain SELECT DISTINCT c FROM sbtest7 WHERE id BETWEEN 933667 AND 943666 ORDER BY c
	Unique  (cost=36736.56..36788.56 rows=10400 width=121)
	  ->  Sort  (cost=36736.56..36762.56 rows=10400 width=121)
	        Sort Key: c
	        ->  Bitmap Heap Scan on sbtest7  (cost=299.04..36042.65 rows=10400 width=121)
	              Recheck Cond: ((id >= 933667) AND (id <= 943666))
	              ->  Bitmap Index Scan on sbtest7_pkey  (cost=0.00..296.44 rows=10400 width=0)
	                    Index Cond: ((id >= 933667) AND (id <= 943666))

table 8 : explain SELECT DISTINCT c FROM sbtest8 WHERE id BETWEEN 9005685 AND 9015684 ORDER BY c
	Unique  (cost=33426.37..33473.64 rows=9454 width=121)
	  ->  Sort  (cost=33426.37..33450.01 rows=9454 width=121)
	        Sort Key: c
	        ->  Bitmap Heap Scan on sbtest8  (cost=265.34..32802.09 rows=9454 width=121)
	              Recheck Cond: ((id >= 9005685) AND (id <= 9015684))
	              ->  Bitmap Index Scan on sbtest8_pkey  (cost=0.00..262.98 rows=9454 width=0)
	                    Index Cond: ((id >= 9005685) AND (id <= 9015684))

explain: for point_selects :: explain SELECT c FROM sbtest%u WHERE id=%u
explain: for point_selects :: explain SELECT c FROM sbtest%u WHERE id=%u
explain: for point_selects :: explain SELECT c FROM sbtest%u WHERE id=%u
for: sum_ranges
table 1 : explain SELECT SUM(k) FROM sbtest1 WHERE id BETWEEN 8591165 AND 8601164
	Aggregate  (cost=31624.01..31624.02 rows=1 width=8)
	  ->  Bitmap Heap Scan on sbtest1  (cost=253.33..31601.35 rows=9063 width=4)
	        Recheck Cond: ((id >= 8591165) AND (id <= 8601164))
	        ->  Bitmap Index Scan on sbtest1_pkey  (cost=0.00..251.06 rows=9063 width=0)
	              Index Cond: ((id >= 8591165) AND (id <= 8601164))

table 2 : explain SELECT SUM(k) FROM sbtest2 WHERE id BETWEEN 5726038 AND 5736037
	Aggregate  (cost=33457.95..33457.96 rows=1 width=8)
	  ->  Bitmap Heap Scan on sbtest2  (cost=267.39..33433.82 rows=9654 width=4)
	        Recheck Cond: ((id >= 5726038) AND (id <= 5736037))
	        ->  Bitmap Index Scan on sbtest2_pkey  (cost=0.00..264.98 rows=9654 width=0)
	              Index Cond: ((id >= 5726038) AND (id <= 5736037))

table 3 : explain SELECT SUM(k) FROM sbtest3 WHERE id BETWEEN 7168280 AND 7178279
	Aggregate  (cost=36851.48..36851.49 rows=1 width=8)
	  ->  Bitmap Heap Scan on sbtest3  (cost=305.63..36824.85 rows=10653 width=4)
	        Recheck Cond: ((id >= 7168280) AND (id <= 7178279))
	        ->  Bitmap Index Scan on sbtest3_pkey  (cost=0.00..302.96 rows=10653 width=0)
	              Index Cond: ((id >= 7168280) AND (id <= 7178279))

table 4 : explain SELECT SUM(k) FROM sbtest4 WHERE id BETWEEN 9207239 AND 9217238
	Aggregate  (cost=33434.34..33434.35 rows=1 width=8)
	  ->  Bitmap Heap Scan on sbtest4  (cost=262.76..33410.36 rows=9593 width=4)
	        Recheck Cond: ((id >= 9207239) AND (id <= 9217238))
	        ->  Bitmap Index Scan on sbtest4_pkey  (cost=0.00..260.37 rows=9593 width=0)
	              Index Cond: ((id >= 9207239) AND (id <= 9217238))

table 5 : explain SELECT SUM(k) FROM sbtest5 WHERE id BETWEEN 4709118 AND 4719117
	Aggregate  (cost=34185.08..34185.09 rows=1 width=8)
	  ->  Bitmap Heap Scan on sbtest5  (cost=269.71..34160.38 rows=9880 width=4)
	        Recheck Cond: ((id >= 4709118) AND (id <= 4719117))
	        ->  Bitmap Index Scan on sbtest5_pkey  (cost=0.00..267.24 rows=9880 width=0)
	              Index Cond: ((id >= 4709118) AND (id <= 4719117))

table 6 : explain SELECT SUM(k) FROM sbtest6 WHERE id BETWEEN 8146283 AND 8156282
	Aggregate  (cost=31308.38..31308.39 rows=1 width=8)
	  ->  Bitmap Heap Scan on sbtest6  (cost=248.23..31285.99 rows=8956 width=4)
	        Recheck Cond: ((id >= 8146283) AND (id <= 8156282))
	        ->  Bitmap Index Scan on sbtest6_pkey  (cost=0.00..246.00 rows=8956 width=0)
	              Index Cond: ((id >= 8146283) AND (id <= 8156282))

table 7 : explain SELECT SUM(k) FROM sbtest7 WHERE id BETWEEN 6255152 AND 6265151
	Aggregate  (cost=34856.26..34856.27 rows=1 width=8)
	  ->  Bitmap Heap Scan on sbtest7  (cost=291.10..34831.22 rows=10016 width=4)
	        Recheck Cond: ((id >= 6255152) AND (id <= 6265151))
	        ->  Bitmap Index Scan on sbtest7_pkey  (cost=0.00..288.59 rows=10016 width=0)
	              Index Cond: ((id >= 6255152) AND (id <= 6265151))

table 8 : explain SELECT SUM(k) FROM sbtest8 WHERE id BETWEEN 1872959 AND 1882958
	Aggregate  (cost=30799.09..30799.10 rows=1 width=8)
	  ->  Bitmap Heap Scan on sbtest8  (cost=246.82..30777.04 rows=8818 width=4)
	        Recheck Cond: ((id >= 1872959) AND (id <= 1882958))
	        ->  Bitmap Index Scan on sbtest8_pkey  (cost=0.00..244.62 rows=8818 width=0)
	              Index Cond: ((id >= 1872959) AND (id <= 1882958))

for point_selects
table 1 : explain SELECT c FROM sbtest1 WHERE id=8230417
	Index Scan using sbtest1_pkey on sbtest1  (cost=0.43..8.45 rows=1 width=121)
	  Index Cond: (id = 8230417)

table 2 : explain SELECT c FROM sbtest2 WHERE id=2083856
	Index Scan using sbtest2_pkey on sbtest2  (cost=0.43..8.45 rows=1 width=121)
	  Index Cond: (id = 2083856)

table 3 : explain SELECT c FROM sbtest3 WHERE id=4668910
	Index Scan using sbtest3_pkey on sbtest3  (cost=0.43..8.45 rows=1 width=121)
	  Index Cond: (id = 4668910)

table 4 : explain SELECT c FROM sbtest4 WHERE id=8954548
	Index Scan using sbtest4_pkey on sbtest4  (cost=0.43..8.45 rows=1 width=121)
	  Index Cond: (id = 8954548)

table 5 : explain SELECT c FROM sbtest5 WHERE id=2703491
	Index Scan using sbtest5_pkey on sbtest5  (cost=0.43..8.45 rows=1 width=121)
	  Index Cond: (id = 2703491)

table 6 : explain SELECT c FROM sbtest6 WHERE id=1183495
	Index Scan using sbtest6_pkey on sbtest6  (cost=0.43..8.45 rows=1 width=121)
	  Index Cond: (id = 1183495)

table 7 : explain SELECT c FROM sbtest7 WHERE id=1423916
	Index Scan using sbtest7_pkey on sbtest7  (cost=0.43..8.45 rows=1 width=121)
	  Index Cond: (id = 1423916)

table 8 : explain SELECT c FROM sbtest8 WHERE id=7915420
	Index Scan using sbtest8_pkey on sbtest8  (cost=0.43..8.45 rows=1 width=121)
	  Index Cond: (id = 7915420)

for: sum_ranges
table 1 : explain SELECT SUM(k) FROM sbtest1 WHERE id BETWEEN 8606915 AND 8616914
	Aggregate  (cost=31800.46..31800.47 rows=1 width=8)
	  ->  Bitmap Heap Scan on sbtest1  (cost=253.89..31777.66 rows=9118 width=4)
	        Recheck Cond: ((id >= 8606915) AND (id <= 8616914))
	        ->  Bitmap Index Scan on sbtest1_pkey  (cost=0.00..251.62 rows=9118 width=0)
	              Index Cond: ((id >= 8606915) AND (id <= 8616914))

table 2 : explain SELECT SUM(k) FROM sbtest2 WHERE id BETWEEN 4439692 AND 4449691
	Aggregate  (cost=33675.65..33675.66 rows=1 width=8)
	  ->  Bitmap Heap Scan on sbtest2  (cost=272.09..33651.35 rows=9722 width=4)
	        Recheck Cond: ((id >= 4439692) AND (id <= 4449691))
	        ->  Bitmap Index Scan on sbtest2_pkey  (cost=0.00..269.66 rows=9722 width=0)
	              Index Cond: ((id >= 4439692) AND (id <= 4449691))

table 3 : explain SELECT SUM(k) FROM sbtest3 WHERE id BETWEEN 2784403 AND 2794402
	Aggregate  (cost=33039.23..33039.24 rows=1 width=8)
	  ->  Bitmap Heap Scan on sbtest3  (cost=273.32..33015.60 rows=9452 width=4)
	        Recheck Cond: ((id >= 2784403) AND (id <= 2794402))
	        ->  Bitmap Index Scan on sbtest3_pkey  (cost=0.00..270.95 rows=9452 width=0)
	              Index Cond: ((id >= 2784403) AND (id <= 2794402))

table 4 : explain SELECT SUM(k) FROM sbtest4 WHERE id BETWEEN 2961934 AND 2971933
	Aggregate  (cost=35760.56..35760.57 rows=1 width=8)
	  ->  Bitmap Heap Scan on sbtest4  (cost=282.29..35734.74 rows=10327 width=4)
	        Recheck Cond: ((id >= 2961934) AND (id <= 2971933))
	        ->  Bitmap Index Scan on sbtest4_pkey  (cost=0.00..279.70 rows=10327 width=0)
	              Index Cond: ((id >= 2961934) AND (id <= 2971933))

table 5 : explain SELECT SUM(k) FROM sbtest5 WHERE id BETWEEN 1274911 AND 1284910
	Aggregate  (cost=31978.40..31978.41 rows=1 width=8)
	  ->  Bitmap Heap Scan on sbtest5  (cost=250.56..31955.44 rows=9183 width=4)
	        Recheck Cond: ((id >= 1274911) AND (id <= 1284910))
	        ->  Bitmap Index Scan on sbtest5_pkey  (cost=0.00..248.26 rows=9183 width=0)
	              Index Cond: ((id >= 1274911) AND (id <= 1284910))

table 6 : explain SELECT SUM(k) FROM sbtest6 WHERE id BETWEEN 1657846 AND 1667845
	Aggregate  (cost=33301.84..33301.85 rows=1 width=8)
	  ->  Bitmap Heap Scan on sbtest6  (cost=266.64..33277.89 rows=9581 width=4)
	        Recheck Cond: ((id >= 1657846) AND (id <= 1667845))
	        ->  Bitmap Index Scan on sbtest6_pkey  (cost=0.00..264.25 rows=9581 width=0)
	              Index Cond: ((id >= 1657846) AND (id <= 1667845))

table 7 : explain SELECT SUM(k) FROM sbtest7 WHERE id BETWEEN 9620379 AND 9630378
	Aggregate  (cost=34872.54..34872.55 rows=1 width=8)
	  ->  Bitmap Heap Scan on sbtest7  (cost=291.15..34847.48 rows=10021 width=4)
	        Recheck Cond: ((id >= 9620379) AND (id <= 9630378))
	        ->  Bitmap Index Scan on sbtest7_pkey  (cost=0.00..288.65 rows=10021 width=0)
	              Index Cond: ((id >= 9620379) AND (id <= 9630378))

table 8 : explain SELECT SUM(k) FROM sbtest8 WHERE id BETWEEN 4752130 AND 4762129
	Aggregate  (cost=35949.35..35949.36 rows=1 width=8)
	  ->  Bitmap Heap Scan on sbtest8  (cost=291.53..35923.23 rows=10448 width=4)
	        Recheck Cond: ((id >= 4752130) AND (id <= 4762129))
	        ->  Bitmap Index Scan on sbtest8_pkey  (cost=0.00..288.92 rows=10448 width=0)
	              Index Cond: ((id >= 4752130) AND (id <= 4762129))

for: sum_ranges
table 1 : explain SELECT SUM(k) FROM sbtest1 WHERE id BETWEEN 9046102 AND 9056101
	Aggregate  (cost=38444.30..38444.31 rows=1 width=8)
	  ->  Bitmap Heap Scan on sbtest1  (cost=311.58..38416.22 rows=11234 width=4)
	        Recheck Cond: ((id >= 9046102) AND (id <= 9056101))
	        ->  Bitmap Index Scan on sbtest1_pkey  (cost=0.00..308.78 rows=11234 width=0)
	              Index Cond: ((id >= 9046102) AND (id <= 9056101))

table 2 : explain SELECT SUM(k) FROM sbtest2 WHERE id BETWEEN 3317376 AND 3327375
	Aggregate  (cost=35267.86..35267.87 rows=1 width=8)
	  ->  Bitmap Heap Scan on sbtest2  (cost=285.28..35242.29 rows=10229 width=4)
	        Recheck Cond: ((id >= 3317376) AND (id <= 3327375))
	        ->  Bitmap Index Scan on sbtest2_pkey  (cost=0.00..282.73 rows=10229 width=0)
	              Index Cond: ((id >= 3317376) AND (id <= 3327375))

table 3 : explain SELECT SUM(k) FROM sbtest3 WHERE id BETWEEN 7998124 AND 8008123
	Aggregate  (cost=35402.44..35402.45 rows=1 width=8)
	  ->  Bitmap Heap Scan on sbtest3  (cost=292.92..35376.95 rows=10194 width=4)
	        Recheck Cond: ((id >= 7998124) AND (id <= 8008123))
	        ->  Bitmap Index Scan on sbtest3_pkey  (cost=0.00..290.38 rows=10194 width=0)
	              Index Cond: ((id >= 7998124) AND (id <= 8008123))

table 4 : explain SELECT SUM(k) FROM sbtest4 WHERE id BETWEEN 8536365 AND 8546364
	Aggregate  (cost=33634.14..33634.15 rows=1 width=8)
	  ->  Bitmap Heap Scan on sbtest4  (cost=267.40..33610.00 rows=9655 width=4)
	        Recheck Cond: ((id >= 8536365) AND (id <= 8546364))
	        ->  Bitmap Index Scan on sbtest4_pkey  (cost=0.00..264.99 rows=9655 width=0)
	              Index Cond: ((id >= 8536365) AND (id <= 8546364))

table 5 : explain SELECT SUM(k) FROM sbtest5 WHERE id BETWEEN 898461 AND 908460
	Aggregate  (cost=33666.58..33666.59 rows=1 width=8)
	  ->  Bitmap Heap Scan on sbtest5  (cost=264.02..33642.29 rows=9716 width=4)
	        Recheck Cond: ((id >= 898461) AND (id <= 908460))
	        ->  Bitmap Index Scan on sbtest5_pkey  (cost=0.00..261.59 rows=9716 width=0)
	              Index Cond: ((id >= 898461) AND (id <= 908460))

table 6 : explain SELECT SUM(k) FROM sbtest6 WHERE id BETWEEN 9352564 AND 9362563
	Aggregate  (cost=35088.92..35088.93 rows=1 width=8)
	  ->  Bitmap Heap Scan on sbtest6  (cost=280.44..35063.55 rows=10147 width=4)
	        Recheck Cond: ((id >= 9352564) AND (id <= 9362563))
	        ->  Bitmap Index Scan on sbtest6_pkey  (cost=0.00..277.91 rows=10147 width=0)
	              Index Cond: ((id >= 9352564) AND (id <= 9362563))

table 7 : explain SELECT SUM(k) FROM sbtest7 WHERE id BETWEEN 1277570 AND 1287569
	Aggregate  (cost=33902.52..33902.53 rows=1 width=8)
	  ->  Bitmap Heap Scan on sbtest7  (cost=280.04..33878.23 rows=9718 width=4)
	        Recheck Cond: ((id >= 1277570) AND (id <= 1287569))
	        ->  Bitmap Index Scan on sbtest7_pkey  (cost=0.00..277.62 rows=9718 width=0)
	              Index Cond: ((id >= 1277570) AND (id <= 1287569))

table 8 : explain SELECT SUM(k) FROM sbtest8 WHERE id BETWEEN 4331180 AND 4341179
	Aggregate  (cost=34035.46..34035.47 rows=1 width=8)
	  ->  Bitmap Heap Scan on sbtest8  (cost=277.26..34010.87 rows=9837 width=4)
	        Recheck Cond: ((id >= 4331180) AND (id <= 4341179))
	        ->  Bitmap Index Scan on sbtest8_pkey  (cost=0.00..274.81 rows=9837 width=0)
	              Index Cond: ((id >= 4331180) AND (id <= 4341179))

for point_selects
table 1 : explain SELECT c FROM sbtest1 WHERE id=8378395
	Index Scan using sbtest1_pkey on sbtest1  (cost=0.43..8.45 rows=1 width=121)
	  Index Cond: (id = 8378395)

table 2 : explain SELECT c FROM sbtest2 WHERE id=8439129
	Index Scan using sbtest2_pkey on sbtest2  (cost=0.43..8.45 rows=1 width=121)
	  Index Cond: (id = 8439129)

table 3 : explain SELECT c FROM sbtest3 WHERE id=410315
	Index Scan using sbtest3_pkey on sbtest3  (cost=0.43..8.45 rows=1 width=121)
	  Index Cond: (id = 410315)

table 4 : explain SELECT c FROM sbtest4 WHERE id=1756694
	Index Scan using sbtest4_pkey on sbtest4  (cost=0.43..8.45 rows=1 width=121)
	  Index Cond: (id = 1756694)

table 5 : explain SELECT c FROM sbtest5 WHERE id=509569
	Index Scan using sbtest5_pkey on sbtest5  (cost=0.43..8.45 rows=1 width=121)
	  Index Cond: (id = 509569)

table 6 : explain SELECT c FROM sbtest6 WHERE id=964722
	Index Scan using sbtest6_pkey on sbtest6  (cost=0.43..8.45 rows=1 width=121)
	  Index Cond: (id = 964722)

table 7 : explain SELECT c FROM sbtest7 WHERE id=5112181
	Index Scan using sbtest7_pkey on sbtest7  (cost=0.43..8.45 rows=1 width=121)
	  Index Cond: (id = 5112181)

table 8 : explain SELECT c FROM sbtest8 WHERE id=615439
	Index Scan using sbtest8_pkey on sbtest8  (cost=0.43..8.45 rows=1 width=121)
	  Index Cond: (id = 615439)

for point_selects
table 1 : explain SELECT c FROM sbtest1 WHERE id=8707116
	Index Scan using sbtest1_pkey on sbtest1  (cost=0.43..8.45 rows=1 width=121)
	  Index Cond: (id = 8707116)

table 2 : explain SELECT c FROM sbtest2 WHERE id=5337154
	Index Scan using sbtest2_pkey on sbtest2  (cost=0.43..8.45 rows=1 width=121)
	  Index Cond: (id = 5337154)

table 3 : explain SELECT c FROM sbtest3 WHERE id=8981315
	Index Scan using sbtest3_pkey on sbtest3  (cost=0.43..8.45 rows=1 width=121)
	  Index Cond: (id = 8981315)

table 4 : explain SELECT c FROM sbtest4 WHERE id=4758367
	Index Scan using sbtest4_pkey on sbtest4  (cost=0.43..8.45 rows=1 width=121)
	  Index Cond: (id = 4758367)

table 5 : explain SELECT c FROM sbtest5 WHERE id=5894836
	Index Scan using sbtest5_pkey on sbtest5  (cost=0.43..8.45 rows=1 width=121)
	  Index Cond: (id = 5894836)

table 6 : explain SELECT c FROM sbtest6 WHERE id=6762058
	Index Scan using sbtest6_pkey on sbtest6  (cost=0.43..8.45 rows=1 width=121)
	  Index Cond: (id = 6762058)

table 7 : explain SELECT c FROM sbtest7 WHERE id=9638307
	Index Scan using sbtest7_pkey on sbtest7  (cost=0.43..8.45 rows=1 width=121)
	  Index Cond: (id = 9638307)

table 8 : explain SELECT c FROM sbtest8 WHERE id=580306
	Index Scan using sbtest8_pkey on sbtest8  (cost=0.43..8.45 rows=1 width=121)
	  Index Cond: (id = 580306)

for: simple_ranges
table 1 : explain SELECT c FROM sbtest1 WHERE id BETWEEN 6409830 AND 6419829
	Bitmap Heap Scan on sbtest1  (cost=272.27..33753.56 rows=9740 width=121)
	  Recheck Cond: ((id >= 6409830) AND (id <= 6419829))
	  ->  Bitmap Index Scan on sbtest1_pkey  (cost=0.00..269.83 rows=9740 width=0)
	        Index Cond: ((id >= 6409830) AND (id <= 6419829))

table 2 : explain SELECT c FROM sbtest2 WHERE id BETWEEN 7517155 AND 7527154
	Bitmap Heap Scan on sbtest2  (cost=259.74..32310.67 rows=9298 width=121)
	  Recheck Cond: ((id >= 7517155) AND (id <= 7527154))
	  ->  Bitmap Index Scan on sbtest2_pkey  (cost=0.00..257.42 rows=9298 width=0)
	        Index Cond: ((id >= 7517155) AND (id <= 7527154))

table 3 : explain SELECT c FROM sbtest3 WHERE id BETWEEN 9560530 AND 9570529
	Bitmap Heap Scan on sbtest3  (cost=287.85..35041.84 rows=10089 width=121)
	  Recheck Cond: ((id >= 9560530) AND (id <= 9570529))
	  ->  Bitmap Index Scan on sbtest3_pkey  (cost=0.00..285.32 rows=10089 width=0)
	        Index Cond: ((id >= 9560530) AND (id <= 9570529))

table 4 : explain SELECT c FROM sbtest4 WHERE id BETWEEN 4699768 AND 4709767
	Bitmap Heap Scan on sbtest4  (cost=249.04..31628.41 rows=9035 width=121)
	  Recheck Cond: ((id >= 4699768) AND (id <= 4709767))
	  ->  Bitmap Index Scan on sbtest4_pkey  (cost=0.00..246.79 rows=9035 width=0)
	        Index Cond: ((id >= 4699768) AND (id <= 4709767))

table 5 : explain SELECT c FROM sbtest5 WHERE id BETWEEN 3555943 AND 3565942
	Bitmap Heap Scan on sbtest5  (cost=276.25..34938.42 rows=10128 width=121)
	  Recheck Cond: ((id >= 3555943) AND (id <= 3565942))
	  ->  Bitmap Index Scan on sbtest5_pkey  (cost=0.00..273.71 rows=10128 width=0)
	        Index Cond: ((id >= 3555943) AND (id <= 3565942))

table 6 : explain SELECT c FROM sbtest6 WHERE id BETWEEN 9000252 AND 9010251
	Bitmap Heap Scan on sbtest6  (cost=292.62..36343.10 rows=10555 width=121)
	  Recheck Cond: ((id >= 9000252) AND (id <= 9010251))
	  ->  Bitmap Index Scan on sbtest6_pkey  (cost=0.00..289.99 rows=10555 width=0)
	        Index Cond: ((id >= 9000252) AND (id <= 9010251))

table 7 : explain SELECT c FROM sbtest7 WHERE id BETWEEN 6393365 AND 6403364
	Bitmap Heap Scan on sbtest7  (cost=267.23..32374.23 rows=9248 width=121)
	  Recheck Cond: ((id >= 6393365) AND (id <= 6403364))
	  ->  Bitmap Index Scan on sbtest7_pkey  (cost=0.00..264.92 rows=9248 width=0)
	        Index Cond: ((id >= 6393365) AND (id <= 6403364))

table 8 : explain SELECT c FROM sbtest8 WHERE id BETWEEN 8333654 AND 8343653
	Bitmap Heap Scan on sbtest8  (cost=265.44..32834.53 rows=9464 width=121)
	  Recheck Cond: ((id >= 8333654) AND (id <= 8343653))
	  ->  Bitmap Index Scan on sbtest8_pkey  (cost=0.00..263.07 rows=9464 width=0)
	        Index Cond: ((id >= 8333654) AND (id <= 8343653))

for: order_ranges
table 1 : explain SELECT c FROM sbtest1 WHERE id BETWEEN 7854464 AND 7864463 ORDER BY c
	Sort  (cost=36491.36..36517.33 rows=10391 width=121)
	  Sort Key: c
	  ->  Bitmap Heap Scan on sbtest1  (cost=290.94..35798.12 rows=10391 width=121)
	        Recheck Cond: ((id >= 7854464) AND (id <= 7864463))
	        ->  Bitmap Index Scan on sbtest1_pkey  (cost=0.00..288.34 rows=10391 width=0)
	              Index Cond: ((id >= 7854464) AND (id <= 7864463))

table 2 : explain SELECT c FROM sbtest2 WHERE id BETWEEN 31505 AND 41504 ORDER BY c
	Sort  (cost=36535.56..36561.61 rows=10420 width=121)
	  Sort Key: c
	  ->  Bitmap Heap Scan on sbtest2  (cost=291.24..35840.18 rows=10420 width=121)
	        Recheck Cond: ((id >= 31505) AND (id <= 41504))
	        ->  Bitmap Index Scan on sbtest2_pkey  (cost=0.00..288.63 rows=10420 width=0)
	              Index Cond: ((id >= 31505) AND (id <= 41504))

table 3 : explain SELECT c FROM sbtest3 WHERE id BETWEEN 457565 AND 467564 ORDER BY c
	Sort  (cost=35223.75..35248.59 rows=9938 width=121)
	  Sort Key: c
	  ->  Bitmap Heap Scan on sbtest3  (cost=286.30..34563.93 rows=9938 width=121)
	        Recheck Cond: ((id >= 457565) AND (id <= 467564))
	        ->  Bitmap Index Scan on sbtest3_pkey  (cost=0.00..283.81 rows=9938 width=0)
	              Index Cond: ((id >= 457565) AND (id <= 467564))

table 4 : explain SELECT c FROM sbtest4 WHERE id BETWEEN 7909457 AND 7919456 ORDER BY c
	Sort  (cost=36078.74..36104.29 rows=10219 width=121)
	  Sort Key: c
	  ->  Bitmap Heap Scan on sbtest4  (cost=281.18..35398.21 rows=10219 width=121)
	        Recheck Cond: ((id >= 7909457) AND (id <= 7919456))
	        ->  Bitmap Index Scan on sbtest4_pkey  (cost=0.00..278.62 rows=10219 width=0)
	              Index Cond: ((id >= 7909457) AND (id <= 7919456))

table 5 : explain SELECT c FROM sbtest5 WHERE id BETWEEN 8169997 AND 8179996 ORDER BY c
	Sort  (cost=33747.99..33771.87 rows=9550 width=121)
	  Sort Key: c
	  ->  Bitmap Heap Scan on sbtest5  (cost=258.32..33116.67 rows=9550 width=121)
	        Recheck Cond: ((id >= 8169997) AND (id <= 8179996))
	        ->  Bitmap Index Scan on sbtest5_pkey  (cost=0.00..255.94 rows=9550 width=0)
	              Index Cond: ((id >= 8169997) AND (id <= 8179996))

table 6 : explain SELECT c FROM sbtest6 WHERE id BETWEEN 5211727 AND 5221726 ORDER BY c
	Sort  (cost=35702.47..35727.81 rows=10136 width=121)
	  Sort Key: c
	  ->  Bitmap Heap Scan on sbtest6  (cost=280.33..35028.06 rows=10136 width=121)
	        Recheck Cond: ((id >= 5211727) AND (id <= 5221726))
	        ->  Bitmap Index Scan on sbtest6_pkey  (cost=0.00..277.80 rows=10136 width=0)
	              Index Cond: ((id >= 5211727) AND (id <= 5221726))

table 7 : explain SELECT c FROM sbtest7 WHERE id BETWEEN 6225553 AND 6235552 ORDER BY c
	Sort  (cost=36501.13..36526.95 rows=10327 width=121)
	  Sort Key: c
	  ->  Bitmap Heap Scan on sbtest7  (cost=298.29..35812.63 rows=10327 width=121)
	        Recheck Cond: ((id >= 6225553) AND (id <= 6235552))
	        ->  Bitmap Index Scan on sbtest7_pkey  (cost=0.00..295.70 rows=10327 width=0)
	              Index Cond: ((id >= 6225553) AND (id <= 6235552))

table 8 : explain SELECT c FROM sbtest8 WHERE id BETWEEN 9019725 AND 9029724 ORDER BY c
	Sort  (cost=33426.37..33450.01 rows=9454 width=121)
	  Sort Key: c
	  ->  Bitmap Heap Scan on sbtest8  (cost=265.34..32802.09 rows=9454 width=121)
	        Recheck Cond: ((id >= 9019725) AND (id <= 9029724))
	        ->  Bitmap Index Scan on sbtest8_pkey  (cost=0.00..262.98 rows=9454 width=0)
	              Index Cond: ((id >= 9019725) AND (id <= 9029724))

for: order_ranges
table 1 : explain SELECT c FROM sbtest1 WHERE id BETWEEN 8464436 AND 8474435 ORDER BY c
	Sort  (cost=33893.91..33917.87 rows=9585 width=121)
	  Sort Key: c
	  ->  Bitmap Heap Scan on sbtest1  (cost=266.68..33260.02 rows=9585 width=121)
	        Recheck Cond: ((id >= 8464436) AND (id <= 8474435))
	        ->  Bitmap Index Scan on sbtest1_pkey  (cost=0.00..264.29 rows=9585 width=0)
	              Index Cond: ((id >= 8464436) AND (id <= 8474435))

table 2 : explain SELECT c FROM sbtest2 WHERE id BETWEEN 3559034 AND 3569033 ORDER BY c
	Sort  (cost=34695.48..34720.10 rows=9847 width=121)
	  Sort Key: c
	  ->  Bitmap Heap Scan on sbtest2  (cost=273.37..34042.36 rows=9847 width=121)
	        Recheck Cond: ((id >= 3559034) AND (id <= 3569033))
	        ->  Bitmap Index Scan on sbtest2_pkey  (cost=0.00..270.91 rows=9847 width=0)
	              Index Cond: ((id >= 3559034) AND (id <= 3569033))

table 3 : explain SELECT c FROM sbtest3 WHERE id BETWEEN 697680 AND 707679 ORDER BY c
	Sort  (cost=34913.22..34937.82 rows=9843 width=121)
	  Sort Key: c
	  ->  Bitmap Heap Scan on sbtest3  (cost=281.33..34260.38 rows=9843 width=121)
	        Recheck Cond: ((id >= 697680) AND (id <= 707679))
	        ->  Bitmap Index Scan on sbtest3_pkey  (cost=0.00..278.87 rows=9843 width=0)
	              Index Cond: ((id >= 697680) AND (id <= 707679))

table 4 : explain SELECT c FROM sbtest4 WHERE id BETWEEN 5557624 AND 5567623 ORDER BY c
	Sort  (cost=39294.85..39322.90 rows=11222 width=121)
	  Sort Key: c
	  ->  Bitmap Heap Scan on sbtest4  (cost=307.46..38539.94 rows=11222 width=121)
	        Recheck Cond: ((id >= 5557624) AND (id <= 5567623))
	        ->  Bitmap Index Scan on sbtest4_pkey  (cost=0.00..304.66 rows=11222 width=0)
	              Index Cond: ((id >= 5557624) AND (id <= 5567623))

table 5 : explain SELECT c FROM sbtest5 WHERE id BETWEEN 2762565 AND 2772564 ORDER BY c
	Sort  (cost=37545.28..37572.12 rows=10734 width=121)
	  Sort Key: c
	  ->  Bitmap Heap Scan on sbtest5  (cost=290.46..36826.65 rows=10734 width=121)
	        Recheck Cond: ((id >= 2762565) AND (id <= 2772564))
	        ->  Bitmap Index Scan on sbtest5_pkey  (cost=0.00..287.78 rows=10734 width=0)
	              Index Cond: ((id >= 2762565) AND (id <= 2772564))

table 6 : explain SELECT c FROM sbtest6 WHERE id BETWEEN 9501059 AND 9511058 ORDER BY c
	Sort  (cost=40040.84..40069.58 rows=11497 width=121)
	  Sort Key: c
	  ->  Bitmap Heap Scan on sbtest6  (cost=318.28..39265.42 rows=11497 width=121)
	        Recheck Cond: ((id >= 9501059) AND (id <= 9511058))
	        ->  Bitmap Index Scan on sbtest6_pkey  (cost=0.00..315.41 rows=11497 width=0)
	              Index Cond: ((id >= 9501059) AND (id <= 9511058))

table 7 : explain SELECT c FROM sbtest7 WHERE id BETWEEN 8975554 AND 8985553 ORDER BY c
	Sort  (cost=33530.84..33554.37 rows=9414 width=121)
	  Sort Key: c
	  ->  Bitmap Heap Scan on sbtest7  (cost=272.93..32909.49 rows=9414 width=121)
	        Recheck Cond: ((id >= 8975554) AND (id <= 8985553))
	        ->  Bitmap Index Scan on sbtest7_pkey  (cost=0.00..270.57 rows=9414 width=0)
	              Index Cond: ((id >= 8975554) AND (id <= 8985553))

table 8 : explain SELECT c FROM sbtest8 WHERE id BETWEEN 4681292 AND 4691291 ORDER BY c
	Sort  (cost=33880.78..33904.77 rows=9595 width=121)
	  Sort Key: c
	  ->  Bitmap Heap Scan on sbtest8  (cost=266.78..33246.16 rows=9595 width=121)
	        Recheck Cond: ((id >= 4681292) AND (id <= 4691291))
	        ->  Bitmap Index Scan on sbtest8_pkey  (cost=0.00..264.38 rows=9595 width=0)
	              Index Cond: ((id >= 4681292) AND (id <= 4691291))

for: simple_ranges
table 1 : explain SELECT c FROM sbtest1 WHERE id BETWEEN 5627246 AND 5637245
	Bitmap Heap Scan on sbtest1  (cost=277.81..34226.80 rows=9890 width=121)
	  Recheck Cond: ((id >= 5627246) AND (id <= 5637245))
	  ->  Bitmap Index Scan on sbtest1_pkey  (cost=0.00..275.33 rows=9890 width=0)
	        Index Cond: ((id >= 5627246) AND (id <= 5637245))

table 2 : explain SELECT c FROM sbtest2 WHERE id BETWEEN 6541889 AND 6551888
	Bitmap Heap Scan on sbtest2  (cost=297.55..36539.07 rows=10645 width=121)
	  Recheck Cond: ((id >= 6541889) AND (id <= 6551888))
	  ->  Bitmap Index Scan on sbtest2_pkey  (cost=0.00..294.88 rows=10645 width=0)
	        Index Cond: ((id >= 6541889) AND (id <= 6551888))

table 3 : explain SELECT c FROM sbtest3 WHERE id BETWEEN 8205649 AND 8215648
	Bitmap Heap Scan on sbtest3  (cost=281.55..34328.80 rows=9865 width=121)
	  Recheck Cond: ((id >= 8205649) AND (id <= 8215648))
	  ->  Bitmap Index Scan on sbtest3_pkey  (cost=0.00..279.08 rows=9865 width=0)
	        Index Cond: ((id >= 8205649) AND (id <= 8215648))

table 4 : explain SELECT c FROM sbtest4 WHERE id BETWEEN 760048 AND 770047
	Bitmap Heap Scan on sbtest4  (cost=281.73..35566.53 rows=10273 width=121)
	  Recheck Cond: ((id >= 760048) AND (id <= 770047))
	  ->  Bitmap Index Scan on sbtest4_pkey  (cost=0.00..279.17 rows=10273 width=0)
	        Index Cond: ((id >= 760048) AND (id <= 770047))

table 5 : explain SELECT c FROM sbtest5 WHERE id BETWEEN 4708598 AND 4718597
	Bitmap Heap Scan on sbtest5  (cost=269.71..34160.38 rows=9880 width=121)
	  Recheck Cond: ((id >= 4708598) AND (id <= 4718597))
	  ->  Bitmap Index Scan on sbtest5_pkey  (cost=0.00..267.24 rows=9880 width=0)
	        Index Cond: ((id >= 4708598) AND (id <= 4718597))

table 6 : explain SELECT c FROM sbtest6 WHERE id BETWEEN 1295768 AND 1305767
	Bitmap Heap Scan on sbtest6  (cost=260.97..32760.00 rows=9418 width=121)
	  Recheck Cond: ((id >= 1295768) AND (id <= 1305767))
	  ->  Bitmap Index Scan on sbtest6_pkey  (cost=0.00..258.62 rows=9418 width=0)
	        Index Cond: ((id >= 1295768) AND (id <= 1305767))

table 7 : explain SELECT c FROM sbtest7 WHERE id BETWEEN 2632873 AND 2642872
	Bitmap Heap Scan on sbtest7  (cost=272.54..32788.24 rows=9376 width=121)
	  Recheck Cond: ((id >= 2632873) AND (id <= 2642872))
	  ->  Bitmap Index Scan on sbtest7_pkey  (cost=0.00..270.19 rows=9376 width=0)
	        Index Cond: ((id >= 2632873) AND (id <= 2642872))

table 8 : explain SELECT c FROM sbtest8 WHERE id BETWEEN 4684009 AND 4694008
	Bitmap Heap Scan on sbtest8  (cost=266.78..33246.16 rows=9595 width=121)
	  Recheck Cond: ((id >= 4684009) AND (id <= 4694008))
	  ->  Bitmap Index Scan on sbtest8_pkey  (cost=0.00..264.38 rows=9595 width=0)
	        Index Cond: ((id >= 4684009) AND (id <= 4694008))

for: simple_ranges
table 1 : explain SELECT c FROM sbtest1 WHERE id BETWEEN 9563910 AND 9573909
	Bitmap Heap Scan on sbtest1  (cost=246.38..30681.08 rows=8775 width=121)
	  Recheck Cond: ((id >= 9563910) AND (id <= 9573909))
	  ->  Bitmap Index Scan on sbtest1_pkey  (cost=0.00..244.19 rows=8775 width=0)
	        Index Cond: ((id >= 9563910) AND (id <= 9573909))

table 2 : explain SELECT c FROM sbtest2 WHERE id BETWEEN 9430804 AND 9440803
	Bitmap Heap Scan on sbtest2  (cost=292.52..36227.87 rows=10545 width=121)
	  Recheck Cond: ((id >= 9430804) AND (id <= 9440803))
	  ->  Bitmap Index Scan on sbtest2_pkey  (cost=0.00..289.88 rows=10545 width=0)
	        Index Cond: ((id >= 9430804) AND (id <= 9440803))

table 3 : explain SELECT c FROM sbtest3 WHERE id BETWEEN 6520426 AND 6530425
	Bitmap Heap Scan on sbtest3  (cost=311.02..37251.31 rows=10789 width=121)
	  Recheck Cond: ((id >= 6520426) AND (id <= 6530425))
	  ->  Bitmap Index Scan on sbtest3_pkey  (cost=0.00..308.32 rows=10789 width=0)
	        Index Cond: ((id >= 6520426) AND (id <= 6530425))

table 4 : explain SELECT c FROM sbtest4 WHERE id BETWEEN 4533596 AND 4543595
	Bitmap Heap Scan on sbtest4  (cost=299.54..37349.13 rows=10840 width=121)
	  Recheck Cond: ((id >= 4533596) AND (id <= 4543595))
	  ->  Bitmap Index Scan on sbtest4_pkey  (cost=0.00..296.83 rows=10840 width=0)
	        Index Cond: ((id >= 4533596) AND (id <= 4543595))

table 5 : explain SELECT c FROM sbtest5 WHERE id BETWEEN 5946422 AND 5956421
	Bitmap Heap Scan on sbtest5  (cost=277.60..35350.28 rows=10260 width=121)
	  Recheck Cond: ((id >= 5946422) AND (id <= 5956421))
	  ->  Bitmap Index Scan on sbtest5_pkey  (cost=0.00..275.04 rows=10260 width=0)
	        Index Cond: ((id >= 5946422) AND (id <= 5956421))

table 6 : explain SELECT c FROM sbtest6 WHERE id BETWEEN 3423735 AND 3433734
	Bitmap Heap Scan on sbtest6  (cost=298.67..36966.17 rows=10755 width=121)
	  Recheck Cond: ((id >= 3423735) AND (id <= 3433734))
	  ->  Bitmap Index Scan on sbtest6_pkey  (cost=0.00..295.99 rows=10755 width=0)
	        Index Cond: ((id >= 3423735) AND (id <= 3433734))

table 7 : explain SELECT c FROM sbtest7 WHERE id BETWEEN 6956120 AND 6966119
	Bitmap Heap Scan on sbtest7  (cost=297.12..35455.83 rows=10213 width=121)
	  Recheck Cond: ((id >= 6956120) AND (id <= 6966119))
	  ->  Bitmap Index Scan on sbtest7_pkey  (cost=0.00..294.56 rows=10213 width=0)
	        Index Cond: ((id >= 6956120) AND (id <= 6966119))

table 8 : explain SELECT c FROM sbtest8 WHERE id BETWEEN 1584632 AND 1594631
	Bitmap Heap Scan on sbtest8  (cost=273.00..33926.13 rows=9811 width=121)
	  Recheck Cond: ((id >= 1584632) AND (id <= 1594631))
	  ->  Bitmap Index Scan on sbtest8_pkey  (cost=0.00..270.55 rows=9811 width=0)
	        Index Cond: ((id >= 1584632) AND (id <= 1594631))

for point_selects
table 1 : explain SELECT c FROM sbtest1 WHERE id=6669565
	Index Scan using sbtest1_pkey on sbtest1  (cost=0.43..8.45 rows=1 width=121)
	  Index Cond: (id = 6669565)

table 2 : explain SELECT c FROM sbtest2 WHERE id=2217601
	Index Scan using sbtest2_pkey on sbtest2  (cost=0.43..8.45 rows=1 width=121)
	  Index Cond: (id = 2217601)

table 3 : explain SELECT c FROM sbtest3 WHERE id=641802
	Index Scan using sbtest3_pkey on sbtest3  (cost=0.43..8.45 rows=1 width=121)
	  Index Cond: (id = 641802)

table 4 : explain SELECT c FROM sbtest4 WHERE id=935612
	Index Scan using sbtest4_pkey on sbtest4  (cost=0.43..8.45 rows=1 width=121)
	  Index Cond: (id = 935612)

table 5 : explain SELECT c FROM sbtest5 WHERE id=9881787
	Index Scan using sbtest5_pkey on sbtest5  (cost=0.43..8.45 rows=1 width=121)
	  Index Cond: (id = 9881787)

table 6 : explain SELECT c FROM sbtest6 WHERE id=7306646
	Index Scan using sbtest6_pkey on sbtest6  (cost=0.43..8.45 rows=1 width=121)
	  Index Cond: (id = 7306646)

table 7 : explain SELECT c FROM sbtest7 WHERE id=3837447
	Index Scan using sbtest7_pkey on sbtest7  (cost=0.43..8.45 rows=1 width=121)
	  Index Cond: (id = 3837447)

table 8 : explain SELECT c FROM sbtest8 WHERE id=2146131
	Index Scan using sbtest8_pkey on sbtest8  (cost=0.43..8.45 rows=1 width=121)
	  Index Cond: (id = 2146131)

for point_selects
table 1 : explain SELECT c FROM sbtest1 WHERE id=4943959
	Index Scan using sbtest1_pkey on sbtest1  (cost=0.43..8.45 rows=1 width=121)
	  Index Cond: (id = 4943959)

table 2 : explain SELECT c FROM sbtest2 WHERE id=5678273
	Index Scan using sbtest2_pkey on sbtest2  (cost=0.43..8.45 rows=1 width=121)
	  Index Cond: (id = 5678273)

table 3 : explain SELECT c FROM sbtest3 WHERE id=8111089
	Index Scan using sbtest3_pkey on sbtest3  (cost=0.43..8.45 rows=1 width=121)
	  Index Cond: (id = 8111089)

table 4 : explain SELECT c FROM sbtest4 WHERE id=4791704
	Index Scan using sbtest4_pkey on sbtest4  (cost=0.43..8.45 rows=1 width=121)
	  Index Cond: (id = 4791704)

table 5 : explain SELECT c FROM sbtest5 WHERE id=2253861
	Index Scan using sbtest5_pkey on sbtest5  (cost=0.43..8.45 rows=1 width=121)
	  Index Cond: (id = 2253861)

table 6 : explain SELECT c FROM sbtest6 WHERE id=6255687
	Index Scan using sbtest6_pkey on sbtest6  (cost=0.43..8.45 rows=1 width=121)
	  Index Cond: (id = 6255687)

table 7 : explain SELECT c FROM sbtest7 WHERE id=8424746
	Index Scan using sbtest7_pkey on sbtest7  (cost=0.43..8.45 rows=1 width=121)
	  Index Cond: (id = 8424746)

table 8 : explain SELECT c FROM sbtest8 WHERE id=6978462
	Index Scan using sbtest8_pkey on sbtest8  (cost=0.43..8.45 rows=1 width=121)
	  Index Cond: (id = 6978462)

for point_selects
table 1 : explain SELECT c FROM sbtest1 WHERE id=8298526
	Index Scan using sbtest1_pkey on sbtest1  (cost=0.43..8.45 rows=1 width=121)
	  Index Cond: (id = 8298526)

table 2 : explain SELECT c FROM sbtest2 WHERE id=151815
	Index Scan using sbtest2_pkey on sbtest2  (cost=0.43..8.45 rows=1 width=121)
	  Index Cond: (id = 151815)

table 3 : explain SELECT c FROM sbtest3 WHERE id=7280116
	Index Scan using sbtest3_pkey on sbtest3  (cost=0.43..8.45 rows=1 width=121)
	  Index Cond: (id = 7280116)

table 4 : explain SELECT c FROM sbtest4 WHERE id=6334566
	Index Scan using sbtest4_pkey on sbtest4  (cost=0.43..8.45 rows=1 width=121)
	  Index Cond: (id = 6334566)

table 5 : explain SELECT c FROM sbtest5 WHERE id=6614252
	Index Scan using sbtest5_pkey on sbtest5  (cost=0.43..8.45 rows=1 width=121)
	  Index Cond: (id = 6614252)

table 6 : explain SELECT c FROM sbtest6 WHERE id=5787745
	Index Scan using sbtest6_pkey on sbtest6  (cost=0.43..8.45 rows=1 width=121)
	  Index Cond: (id = 5787745)

table 7 : explain SELECT c FROM sbtest7 WHERE id=2876912
	Index Scan using sbtest7_pkey on sbtest7  (cost=0.43..8.45 rows=1 width=121)
	  Index Cond: (id = 2876912)

table 8 : explain SELECT c FROM sbtest8 WHERE id=4496988
	Index Scan using sbtest8_pkey on sbtest8  (cost=0.43..8.45 rows=1 width=121)
	  Index Cond: (id = 4496988)

explain: for point_selects :: explain SELECT c FROM sbtest%u WHERE id=%u
explain: for point_selects :: explain SELECT c FROM sbtest%u WHERE id=%u
for: sum_ranges
table 1 : explain SELECT SUM(k) FROM sbtest1 WHERE id BETWEEN 2815049 AND 2825048
	Aggregate  (cost=37467.24..37467.25 rows=1 width=8)
	  ->  Bitmap Heap Scan on sbtest1  (cost=304.34..37439.94 rows=10918 width=4)
	        Recheck Cond: ((id >= 2815049) AND (id <= 2825048))
	        ->  Bitmap Index Scan on sbtest1_pkey  (cost=0.00..301.62 rows=10918 width=0)
	              Index Cond: ((id >= 2815049) AND (id <= 2825048))

table 2 : explain SELECT SUM(k) FROM sbtest2 WHERE id BETWEEN 1805019 AND 1815018
	Aggregate  (cost=34371.34..34371.35 rows=1 width=8)
	  ->  Bitmap Heap Scan on sbtest2  (cost=278.35..34346.48 rows=9943 width=4)
	        Recheck Cond: ((id >= 1805019) AND (id <= 1815018))
	        ->  Bitmap Index Scan on sbtest2_pkey  (cost=0.00..275.87 rows=9943 width=0)
	              Index Cond: ((id >= 1805019) AND (id <= 1815018))

table 3 : explain SELECT SUM(k) FROM sbtest3 WHERE id BETWEEN 2885465 AND 2895464
	Aggregate  (cost=33422.17..33422.18 rows=1 width=8)
	  ->  Bitmap Heap Scan on sbtest3  (cost=274.55..33398.24 rows=9572 width=4)
	        Recheck Cond: ((id >= 2885465) AND (id <= 2895464))
	        ->  Bitmap Index Scan on sbtest3_pkey  (cost=0.00..272.16 rows=9572 width=0)
	              Index Cond: ((id >= 2885465) AND (id <= 2895464))

table 4 : explain SELECT SUM(k) FROM sbtest4 WHERE id BETWEEN 8279736 AND 8289735
	Aggregate  (cost=33855.87..33855.88 rows=1 width=8)
	  ->  Bitmap Heap Scan on sbtest4  (cost=268.12..33831.56 rows=9725 width=4)
	        Recheck Cond: ((id >= 8279736) AND (id <= 8289735))
	        ->  Bitmap Index Scan on sbtest4_pkey  (cost=0.00..265.69 rows=9725 width=0)
	              Index Cond: ((id >= 8279736) AND (id <= 8289735))

table 5 : explain SELECT SUM(k) FROM sbtest5 WHERE id BETWEEN 218052 AND 228051
	Aggregate  (cost=35031.42..35031.43 rows=1 width=8)
	  ->  Bitmap Heap Scan on sbtest5  (cost=276.47..35006.04 rows=10150 width=4)
	        Recheck Cond: ((id >= 218052) AND (id <= 228051))
	        ->  Bitmap Index Scan on sbtest5_pkey  (cost=0.00..273.94 rows=10150 width=0)
	              Index Cond: ((id >= 218052) AND (id <= 228051))

table 6 : explain SELECT SUM(k) FROM sbtest6 WHERE id BETWEEN 6809358 AND 6819357
	Aggregate  (cost=31390.31..31390.32 rows=1 width=8)
	  ->  Bitmap Heap Scan on sbtest6  (cost=248.50..31367.85 rows=8982 width=4)
	        Recheck Cond: ((id >= 6809358) AND (id <= 6819357))
	        ->  Bitmap Index Scan on sbtest6_pkey  (cost=0.00..246.25 rows=8982 width=0)
	              Index Cond: ((id >= 6809358) AND (id <= 6819357))

table 7 : explain SELECT SUM(k) FROM sbtest7 WHERE id BETWEEN 6873508 AND 6883507
	Aggregate  (cost=35945.47..35945.48 rows=1 width=8)
	  ->  Bitmap Heap Scan on sbtest7  (cost=298.64..35919.57 rows=10361 width=4)
	        Recheck Cond: ((id >= 6873508) AND (id <= 6883507))
	        ->  Bitmap Index Scan on sbtest7_pkey  (cost=0.00..296.05 rows=10361 width=0)
	              Index Cond: ((id >= 6873508) AND (id <= 6883507))

table 8 : explain SELECT SUM(k) FROM sbtest8 WHERE id BETWEEN 3601219 AND 3611218
	Aggregate  (cost=33283.14..33283.15 rows=1 width=8)
	  ->  Bitmap Heap Scan on sbtest8  (cost=266.83..33259.14 rows=9600 width=4)
	        Recheck Cond: ((id >= 3601219) AND (id <= 3611218))
	        ->  Bitmap Index Scan on sbtest8_pkey  (cost=0.00..264.44 rows=9600 width=0)
	              Index Cond: ((id >= 3601219) AND (id <= 3611218))

for: distinct_ranges
table 1 : explain SELECT DISTINCT c FROM sbtest1 WHERE id BETWEEN 3980174 AND 3990173 ORDER BY c
	Unique  (cost=32474.21..32519.95 rows=9148 width=121)
	  ->  Sort  (cost=32474.21..32497.08 rows=9148 width=121)
	        Sort Key: c
	        ->  Bitmap Heap Scan on sbtest1  (cost=254.20..31872.31 rows=9148 width=121)
	              Recheck Cond: ((id >= 3980174) AND (id <= 3990173))
	              ->  Bitmap Index Scan on sbtest1_pkey  (cost=0.00..251.92 rows=9148 width=0)
	                    Index Cond: ((id >= 3980174) AND (id <= 3990173))

table 2 : explain SELECT DISTINCT c FROM sbtest2 WHERE id BETWEEN 1987641 AND 1997640 ORDER BY c
	Unique  (cost=34894.41..34943.95 rows=9908 width=121)
	  ->  Sort  (cost=34894.41..34919.18 rows=9908 width=121)
	        Sort Key: c
	        ->  Bitmap Heap Scan on sbtest2  (cost=277.99..34236.80 rows=9908 width=121)
	              Recheck Cond: ((id >= 1987641) AND (id <= 1997640))
	              ->  Bitmap Index Scan on sbtest2_pkey  (cost=0.00..275.51 rows=9908 width=0)
	                    Index Cond: ((id >= 1987641) AND (id <= 1997640))

table 3 : explain SELECT DISTINCT c FROM sbtest3 WHERE id BETWEEN 9277814 AND 9287813 ORDER BY c
	Unique  (cost=34783.20..34832.21 rows=9803 width=121)
	  ->  Sort  (cost=34783.20..34807.71 rows=9803 width=121)
	        Sort Key: c
	        ->  Bitmap Heap Scan on sbtest3  (cost=280.92..34133.31 rows=9803 width=121)
	              Recheck Cond: ((id >= 9277814) AND (id <= 9287813))
	              ->  Bitmap Index Scan on sbtest3_pkey  (cost=0.00..278.46 rows=9803 width=0)
	                    Index Cond: ((id >= 9277814) AND (id <= 9287813))

table 4 : explain SELECT DISTINCT c FROM sbtest4 WHERE id BETWEEN 5926017 AND 5936016 ORDER BY c
	Unique  (cost=33851.16..33898.83 rows=9533 width=121)
	  ->  Sort  (cost=33851.16..33874.99 rows=9533 width=121)
	        Sort Key: c
	        ->  Bitmap Heap Scan on sbtest4  (cost=262.15..33221.09 rows=9533 width=121)
	              Recheck Cond: ((id >= 5926017) AND (id <= 5936016))
	              ->  Bitmap Index Scan on sbtest4_pkey  (cost=0.00..259.76 rows=9533 width=0)
	                    Index Cond: ((id >= 5926017) AND (id <= 5936016))

table 5 : explain SELECT DISTINCT c FROM sbtest5 WHERE id BETWEEN 4823642 AND 4833641 ORDER BY c
	Unique  (cost=35347.66..35397.89 rows=10046 width=121)
	  ->  Sort  (cost=35347.66..35372.77 rows=10046 width=121)
	        Sort Key: c
	        ->  Bitmap Heap Scan on sbtest5  (cost=271.41..34679.88 rows=10046 width=121)
	              Recheck Cond: ((id >= 4823642) AND (id <= 4833641))
	              ->  Bitmap Index Scan on sbtest5_pkey  (cost=0.00..268.90 rows=10046 width=0)
	                    Index Cond: ((id >= 4823642) AND (id <= 4833641))

table 6 : explain SELECT DISTINCT c FROM sbtest6 WHERE id BETWEEN 104421 AND 114420 ORDER BY c
	Unique  (cost=32145.79..32190.98 rows=9039 width=121)
	  ->  Sort  (cost=32145.79..32168.38 rows=9039 width=121)
	        Sort Key: c
	        ->  Bitmap Heap Scan on sbtest6  (cost=253.08..31551.84 rows=9039 width=121)
	              Recheck Cond: ((id >= 104421) AND (id <= 114420))
	              ->  Bitmap Index Scan on sbtest6_pkey  (cost=0.00..250.82 rows=9039 width=0)
	                    Index Cond: ((id >= 104421) AND (id <= 114420))

table 7 : explain SELECT DISTINCT c FROM sbtest7 WHERE id BETWEEN 2353761 AND 2363760 ORDER BY c
	Unique  (cost=39728.19..39784.84 rows=11330 width=121)
	  ->  Sort  (cost=39728.19..39756.51 rows=11330 width=121)
	        Sort Key: c
	        ->  Bitmap Heap Scan on sbtest7  (cost=328.57..38965.23 rows=11330 width=121)
	              Recheck Cond: ((id >= 2353761) AND (id <= 2363760))
	              ->  Bitmap Index Scan on sbtest7_pkey  (cost=0.00..325.74 rows=11330 width=0)
	                    Index Cond: ((id >= 2353761) AND (id <= 2363760))

table 8 : explain SELECT DISTINCT c FROM sbtest8 WHERE id BETWEEN 5406254 AND 5416253 ORDER BY c
	Unique  (cost=33970.95..34019.06 rows=9622 width=121)
	  ->  Sort  (cost=33970.95..33995.01 rows=9622 width=121)
	        Sort Key: c
	        ->  Bitmap Heap Scan on sbtest8  (cost=271.06..33334.36 rows=9622 width=121)
	              Recheck Cond: ((id >= 5406254) AND (id <= 5416253))
	              ->  Bitmap Index Scan on sbtest8_pkey  (cost=0.00..268.66 rows=9622 width=0)
	                    Index Cond: ((id >= 5406254) AND (id <= 5416253))

for: distinct_ranges
table 1 : explain SELECT DISTINCT c FROM sbtest1 WHERE id BETWEEN 8916242 AND 8926241 ORDER BY c
	Unique  (cost=34962.52..35012.09 rows=9915 width=121)
	  ->  Sort  (cost=34962.52..34987.31 rows=9915 width=121)
	        Sort Key: c
	        ->  Bitmap Heap Scan on sbtest1  (cost=278.06..34304.39 rows=9915 width=121)
	              Recheck Cond: ((id >= 8916242) AND (id <= 8926241))
	              ->  Bitmap Index Scan on sbtest1_pkey  (cost=0.00..275.58 rows=9915 width=0)
	                    Index Cond: ((id >= 8916242) AND (id <= 8926241))

table 2 : explain SELECT DISTINCT c FROM sbtest2 WHERE id BETWEEN 5424080 AND 5434079 ORDER BY c
	Unique  (cost=36817.76..36870.30 rows=10509 width=121)
	  ->  Sort  (cost=36817.76..36844.03 rows=10509 width=121)
	        Sort Key: c
	        ->  Bitmap Heap Scan on sbtest2  (cost=292.15..36115.79 rows=10509 width=121)
	              Recheck Cond: ((id >= 5424080) AND (id <= 5434079))
	              ->  Bitmap Index Scan on sbtest2_pkey  (cost=0.00..289.53 rows=10509 width=0)
	                    Index Cond: ((id >= 5424080) AND (id <= 5434079))

table 3 : explain SELECT DISTINCT c FROM sbtest3 WHERE id BETWEEN 9087819 AND 9097818 ORDER BY c
	Unique  (cost=31716.18..31760.51 rows=8867 width=121)
	  ->  Sort  (cost=31716.18..31738.34 rows=8867 width=121)
	        Sort Key: c
	        ->  Bitmap Heap Scan on sbtest3  (cost=255.32..31134.76 rows=8867 width=121)
	              Recheck Cond: ((id >= 9087819) AND (id <= 9097818))
	              ->  Bitmap Index Scan on sbtest3_pkey  (cost=0.00..253.11 rows=8867 width=0)
	                    Index Cond: ((id >= 9087819) AND (id <= 9097818))

table 4 : explain SELECT DISTINCT c FROM sbtest4 WHERE id BETWEEN 929337 AND 939336 ORDER BY c
	Unique  (cost=34322.32..34370.71 rows=9677 width=121)
	  ->  Sort  (cost=34322.32..34346.51 rows=9677 width=121)
	        Sort Key: c
	        ->  Bitmap Heap Scan on sbtest4  (cost=267.62..33681.69 rows=9677 width=121)
	              Recheck Cond: ((id >= 929337) AND (id <= 939336))
	              ->  Bitmap Index Scan on sbtest4_pkey  (cost=0.00..265.20 rows=9677 width=0)
	                    Index Cond: ((id >= 929337) AND (id <= 939336))

table 5 : explain SELECT DISTINCT c FROM sbtest5 WHERE id BETWEEN 5412799 AND 5422798 ORDER BY c
	Unique  (cost=38601.41..38656.74 rows=11067 width=121)
	  ->  Sort  (cost=38601.41..38629.08 rows=11067 width=121)
	        Sort Key: c
	        ->  Bitmap Heap Scan on sbtest5  (cost=297.87..37858.04 rows=11067 width=121)
	              Recheck Cond: ((id >= 5412799) AND (id <= 5422798))
	              ->  Bitmap Index Scan on sbtest5_pkey  (cost=0.00..295.11 rows=11067 width=0)
	                    Index Cond: ((id >= 5412799) AND (id <= 5422798))

table 6 : explain SELECT DISTINCT c FROM sbtest6 WHERE id BETWEEN 6622833 AND 6632832 ORDER BY c
	Unique  (cost=32433.36..32478.99 rows=9127 width=121)
	  ->  Sort  (cost=32433.36..32456.17 rows=9127 width=121)
	        Sort Key: c
	        ->  Bitmap Heap Scan on sbtest6  (cost=253.99..31832.99 rows=9127 width=121)
	              Recheck Cond: ((id >= 6622833) AND (id <= 6632832))
	              ->  Bitmap Index Scan on sbtest6_pkey  (cost=0.00..251.70 rows=9127 width=0)
	                    Index Cond: ((id >= 6622833) AND (id <= 6632832))

table 7 : explain SELECT DISTINCT c FROM sbtest7 WHERE id BETWEEN 9044589 AND 9054588 ORDER BY c
	Unique  (cost=33530.84..33577.91 rows=9414 width=121)
	  ->  Sort  (cost=33530.84..33554.37 rows=9414 width=121)
	        Sort Key: c
	        ->  Bitmap Heap Scan on sbtest7  (cost=272.93..32909.49 rows=9414 width=121)
	              Recheck Cond: ((id >= 9044589) AND (id <= 9054588))
	              ->  Bitmap Index Scan on sbtest7_pkey  (cost=0.00..270.57 rows=9414 width=0)
	                    Index Cond: ((id >= 9044589) AND (id <= 9054588))

table 8 : explain SELECT DISTINCT c FROM sbtest8 WHERE id BETWEEN 2956985 AND 2966984 ORDER BY c
	Unique  (cost=37558.34..37612.05 rows=10743 width=121)
	  ->  Sort  (cost=37558.34..37585.20 rows=10743 width=121)
	        Sort Key: c
	        ->  Bitmap Heap Scan on sbtest8  (cost=298.55..36839.03 rows=10743 width=121)
	              Recheck Cond: ((id >= 2956985) AND (id <= 2966984))
	              ->  Bitmap Index Scan on sbtest8_pkey  (cost=0.00..295.87 rows=10743 width=0)
	                    Index Cond: ((id >= 2956985) AND (id <= 2966984))

for: simple_ranges
table 1 : explain SELECT c FROM sbtest1 WHERE id BETWEEN 8254552 AND 8264551
	Bitmap Heap Scan on sbtest1  (cost=285.22..35272.97 rows=10223 width=121)
	  Recheck Cond: ((id >= 8254552) AND (id <= 8264551))
	  ->  Bitmap Index Scan on sbtest1_pkey  (cost=0.00..282.67 rows=10223 width=0)
	        Index Cond: ((id >= 8254552) AND (id <= 8264551))

table 2 : explain SELECT c FROM sbtest2 WHERE id BETWEEN 5546840 AND 5556839
	Bitmap Heap Scan on sbtest2  (cost=267.00..33314.04 rows=9616 width=121)
	  Recheck Cond: ((id >= 5546840) AND (id <= 5556839))
	  ->  Bitmap Index Scan on sbtest2_pkey  (cost=0.00..264.59 rows=9616 width=0)
	        Index Cond: ((id >= 5546840) AND (id <= 5556839))

table 3 : explain SELECT c FROM sbtest3 WHERE id BETWEEN 7624667 AND 7634666
	Bitmap Heap Scan on sbtest3  (cost=306.55..37105.48 rows=10743 width=121)
	  Recheck Cond: ((id >= 7624667) AND (id <= 7634666))
	  ->  Bitmap Index Scan on sbtest3_pkey  (cost=0.00..303.87 rows=10743 width=0)
	        Index Cond: ((id >= 7624667) AND (id <= 7634666))

table 4 : explain SELECT c FROM sbtest4 WHERE id BETWEEN 1650458 AND 1660457
	Bitmap Heap Scan on sbtest4  (cost=275.71..34943.79 rows=10076 width=121)
	  Recheck Cond: ((id >= 1650458) AND (id <= 1660457))
	  ->  Bitmap Index Scan on sbtest4_pkey  (cost=0.00..273.19 rows=10076 width=0)
	        Index Cond: ((id >= 1650458) AND (id <= 1660457))

table 5 : explain SELECT c FROM sbtest5 WHERE id BETWEEN 217139 AND 227138
	Bitmap Heap Scan on sbtest5  (cost=271.65..34754.02 rows=10070 width=121)
	  Recheck Cond: ((id >= 217139) AND (id <= 227138))
	  ->  Bitmap Index Scan on sbtest5_pkey  (cost=0.00..269.13 rows=10070 width=0)
	        Index Cond: ((id >= 217139) AND (id <= 227138))

table 6 : explain SELECT c FROM sbtest6 WHERE id BETWEEN 1268154 AND 1278153
	Bitmap Heap Scan on sbtest6  (cost=292.06..36169.65 rows=10500 width=121)
	  Recheck Cond: ((id >= 1268154) AND (id <= 1278153))
	  ->  Bitmap Index Scan on sbtest6_pkey  (cost=0.00..289.44 rows=10500 width=0)
	        Index Cond: ((id >= 1268154) AND (id <= 1278153))

table 7 : explain SELECT c FROM sbtest7 WHERE id BETWEEN 7120228 AND 7130227
	Bitmap Heap Scan on sbtest7  (cost=298.81..35974.63 rows=10378 width=121)
	  Recheck Cond: ((id >= 7120228) AND (id <= 7130227))
	  ->  Bitmap Index Scan on sbtest7_pkey  (cost=0.00..296.21 rows=10378 width=0)
	        Index Cond: ((id >= 7120228) AND (id <= 7130227))

table 8 : explain SELECT c FROM sbtest8 WHERE id BETWEEN 5422803 AND 5432802
	Bitmap Heap Scan on sbtest8  (cost=271.06..33334.36 rows=9622 width=121)
	  Recheck Cond: ((id >= 5422803) AND (id <= 5432802))
	  ->  Bitmap Index Scan on sbtest8_pkey  (cost=0.00..268.66 rows=9622 width=0)
	        Index Cond: ((id >= 5422803) AND (id <= 5432802))

for: simple_ranges
table 1 : explain SELECT c FROM sbtest1 WHERE id BETWEEN 8468611 AND 8478610
	Bitmap Heap Scan on sbtest1  (cost=266.68..33260.02 rows=9585 width=121)
	  Recheck Cond: ((id >= 8468611) AND (id <= 8478610))
	  ->  Bitmap Index Scan on sbtest1_pkey  (cost=0.00..264.29 rows=9585 width=0)
	        Index Cond: ((id >= 8468611) AND (id <= 8478610))

table 2 : explain SELECT c FROM sbtest2 WHERE id BETWEEN 8134117 AND 8144116
	Bitmap Heap Scan on sbtest2  (cost=311.24..38255.53 rows=11200 width=121)
	  Recheck Cond: ((id >= 8134117) AND (id <= 8144116))
	  ->  Bitmap Index Scan on sbtest2_pkey  (cost=0.00..308.44 rows=11200 width=0)
	        Index Cond: ((id >= 8134117) AND (id <= 8144116))

table 3 : explain SELECT c FROM sbtest3 WHERE id BETWEEN 3607664 AND 3617663
	Bitmap Heap Scan on sbtest3  (cost=275.19..33597.53 rows=9635 width=121)
	  Recheck Cond: ((id >= 3607664) AND (id <= 3617663))
	  ->  Bitmap Index Scan on sbtest3_pkey  (cost=0.00..272.79 rows=9635 width=0)
	        Index Cond: ((id >= 3607664) AND (id <= 3617663))

table 4 : explain SELECT c FROM sbtest4 WHERE id BETWEEN 271631 AND 281630
	Bitmap Heap Scan on sbtest4  (cost=255.95..32537.25 rows=9319 width=121)
	  Recheck Cond: ((id >= 271631) AND (id <= 281630))
	  ->  Bitmap Index Scan on sbtest4_pkey  (cost=0.00..253.62 rows=9319 width=0)
	        Index Cond: ((id >= 271631) AND (id <= 281630))

table 5 : explain SELECT c FROM sbtest5 WHERE id BETWEEN 9823429 AND 9833428
	Bitmap Heap Scan on sbtest5  (cost=252.17..32450.20 rows=9340 width=121)
	  Recheck Cond: ((id >= 9823429) AND (id <= 9833428))
	  ->  Bitmap Index Scan on sbtest5_pkey  (cost=0.00..249.84 rows=9340 width=0)
	        Index Cond: ((id >= 9823429) AND (id <= 9833428))

table 6 : explain SELECT c FROM sbtest6 WHERE id BETWEEN 1561520 AND 1571519
	Bitmap Heap Scan on sbtest6  (cost=306.05..37987.02 rows=11084 width=121)
	  Recheck Cond: ((id >= 1561520) AND (id <= 1571519))
	  ->  Bitmap Index Scan on sbtest6_pkey  (cost=0.00..303.28 rows=11084 width=0)
	        Index Cond: ((id >= 1561520) AND (id <= 1571519))

table 7 : explain SELECT c FROM sbtest7 WHERE id BETWEEN 5489442 AND 5499441
	Bitmap Heap Scan on sbtest7  (cost=285.79..34420.32 rows=9888 width=121)
	  Recheck Cond: ((id >= 5489442) AND (id <= 5499441))
	  ->  Bitmap Index Scan on sbtest7_pkey  (cost=0.00..283.31 rows=9888 width=0)
	        Index Cond: ((id >= 5489442) AND (id <= 5499441))

table 8 : explain SELECT c FROM sbtest8 WHERE id BETWEEN 6445647 AND 6455646
	Bitmap Heap Scan on sbtest8  (cost=277.77..34165.79 rows=9886 width=121)
	  Recheck Cond: ((id >= 6445647) AND (id <= 6455646))
	  ->  Bitmap Index Scan on sbtest8_pkey  (cost=0.00..275.30 rows=9886 width=0)
	        Index Cond: ((id >= 6445647) AND (id <= 6455646))

for: simple_ranges
table 1 : explain SELECT c FROM sbtest1 WHERE id BETWEEN 698227 AND 708226
	Bitmap Heap Scan on sbtest1  (cost=278.59..34465.93 rows=9966 width=121)
	  Recheck Cond: ((id >= 698227) AND (id <= 708226))
	  ->  Bitmap Index Scan on sbtest1_pkey  (cost=0.00..276.09 rows=9966 width=0)
	        Index Cond: ((id >= 698227) AND (id <= 708226))

table 2 : explain SELECT c FROM sbtest2 WHERE id BETWEEN 4534698 AND 4544697
	Bitmap Heap Scan on sbtest2  (cost=258.80..32017.92 rows=9206 width=121)
	  Recheck Cond: ((id >= 4534698) AND (id <= 4544697))
	  ->  Bitmap Index Scan on sbtest2_pkey  (cost=0.00..256.50 rows=9206 width=0)
	        Index Cond: ((id >= 4534698) AND (id <= 4544697))

table 3 : explain SELECT c FROM sbtest3 WHERE id BETWEEN 6934196 AND 6944195
	Bitmap Heap Scan on sbtest3  (cost=311.48..37393.04 rows=10834 width=121)
	  Recheck Cond: ((id >= 6934196) AND (id <= 6944195))
	  ->  Bitmap Index Scan on sbtest3_pkey  (cost=0.00..308.78 rows=10834 width=0)
	        Index Cond: ((id >= 6934196) AND (id <= 6944195))

table 4 : explain SELECT c FROM sbtest4 WHERE id BETWEEN 3675046 AND 3685045
	Bitmap Heap Scan on sbtest4  (cost=263.10..33514.72 rows=9626 width=121)
	  Recheck Cond: ((id >= 3675046) AND (id <= 3685045))
	  ->  Bitmap Index Scan on sbtest4_pkey  (cost=0.00..260.69 rows=9626 width=0)
	        Index Cond: ((id >= 3675046) AND (id <= 3685045))

table 5 : explain SELECT c FROM sbtest5 WHERE id BETWEEN 2148268 AND 2158267
	Bitmap Heap Scan on sbtest5  (cost=252.08..32424.17 rows=9331 width=121)
	  Recheck Cond: ((id >= 2148268) AND (id <= 2158267))
	  ->  Bitmap Index Scan on sbtest5_pkey  (cost=0.00..249.75 rows=9331 width=0)
	        Index Cond: ((id >= 2148268) AND (id <= 2158267))

table 6 : explain SELECT c FROM sbtest6 WHERE id BETWEEN 7232816 AND 7242815
	Bitmap Heap Scan on sbtest6  (cost=261.08..32792.57 rows=9429 width=121)
	  Recheck Cond: ((id >= 7232816) AND (id <= 7242815))
	  ->  Bitmap Index Scan on sbtest6_pkey  (cost=0.00..258.73 rows=9429 width=0)
	        Index Cond: ((id >= 7232816) AND (id <= 7242815))

table 7 : explain SELECT c FROM sbtest7 WHERE id BETWEEN 5494843 AND 5504842
	Bitmap Heap Scan on sbtest7  (cost=285.79..34420.32 rows=9888 width=121)
	  Recheck Cond: ((id >= 5494843) AND (id <= 5504842))
	  ->  Bitmap Index Scan on sbtest7_pkey  (cost=0.00..283.31 rows=9888 width=0)
	        Index Cond: ((id >= 5494843) AND (id <= 5504842))

table 8 : explain SELECT c FROM sbtest8 WHERE id BETWEEN 1786861 AND 1796860
	Bitmap Heap Scan on sbtest8  (cost=303.02..36983.53 rows=10789 width=121)
	  Recheck Cond: ((id >= 1786861) AND (id <= 1796860))
	  ->  Bitmap Index Scan on sbtest8_pkey  (cost=0.00..300.32 rows=10789 width=0)
	        Index Cond: ((id >= 1786861) AND (id <= 1796860))

for: sum_ranges
table 1 : explain SELECT SUM(k) FROM sbtest1 WHERE id BETWEEN 2372604 AND 2382603
	Aggregate  (cost=35201.83..35201.84 rows=1 width=8)
	  ->  Bitmap Heap Scan on sbtest1  (cost=284.90..35176.35 rows=10192 width=4)
	        Recheck Cond: ((id >= 2372604) AND (id <= 2382603))
	        ->  Bitmap Index Scan on sbtest1_pkey  (cost=0.00..282.36 rows=10192 width=0)
	              Index Cond: ((id >= 2372604) AND (id <= 2382603))

table 2 : explain SELECT SUM(k) FROM sbtest2 WHERE id BETWEEN 4114309 AND 4124308
	Aggregate  (cost=32893.70..32893.71 rows=1 width=8)
	  ->  Bitmap Heap Scan on sbtest2  (cost=265.55..32870.02 rows=9475 width=4)
	        Recheck Cond: ((id >= 4114309) AND (id <= 4124308))
	        ->  Bitmap Index Scan on sbtest2_pkey  (cost=0.00..263.19 rows=9475 width=0)
	              Index Cond: ((id >= 4114309) AND (id <= 4124308))

table 3 : explain SELECT SUM(k) FROM sbtest3 WHERE id BETWEEN 67110 AND 77109
	Aggregate  (cost=33864.09..33864.10 rows=1 width=8)
	  ->  Bitmap Heap Scan on sbtest3  (cost=279.96..33839.81 rows=9710 width=4)
	        Recheck Cond: ((id >= 67110) AND (id <= 77109))
	        ->  Bitmap Index Scan on sbtest3_pkey  (cost=0.00..277.54 rows=9710 width=0)
	              Index Cond: ((id >= 67110) AND (id <= 77109))

table 4 : explain SELECT SUM(k) FROM sbtest4 WHERE id BETWEEN 1365519 AND 1375518
	Aggregate  (cost=31798.88..31798.89 rows=1 width=8)
	  ->  Bitmap Heap Scan on sbtest4  (cost=249.53..31776.17 rows=9082 width=4)
	        Recheck Cond: ((id >= 1365519) AND (id <= 1375518))
	        ->  Bitmap Index Scan on sbtest4_pkey  (cost=0.00..247.25 rows=9082 width=0)
	              Index Cond: ((id >= 1365519) AND (id <= 1375518))

table 5 : explain SELECT SUM(k) FROM sbtest5 WHERE id BETWEEN 838360 AND 848359
	Aggregate  (cost=38513.62..38513.63 rows=1 width=8)
	  ->  Bitmap Heap Scan on sbtest5  (cost=303.95..38485.45 rows=11270 width=4)
	        Recheck Cond: ((id >= 838360) AND (id <= 848359))
	        ->  Bitmap Index Scan on sbtest5_pkey  (cost=0.00..301.13 rows=11270 width=0)
	              Index Cond: ((id >= 838360) AND (id <= 848359))

table 6 : explain SELECT SUM(k) FROM sbtest6 WHERE id BETWEEN 8747634 AND 8757633
	Aggregate  (cost=34169.36..34169.37 rows=1 width=8)
	  ->  Bitmap Heap Scan on sbtest6  (cost=273.45..34144.72 rows=9855 width=4)
	        Recheck Cond: ((id >= 8747634) AND (id <= 8757633))
	        ->  Bitmap Index Scan on sbtest6_pkey  (cost=0.00..270.99 rows=9855 width=0)
	              Index Cond: ((id >= 8747634) AND (id <= 8757633))

table 7 : explain SELECT SUM(k) FROM sbtest7 WHERE id BETWEEN 1407755 AND 1417754
	Aggregate  (cost=34575.42..34575.43 rows=1 width=8)
	  ->  Bitmap Heap Scan on sbtest7  (cost=286.21..34550.59 rows=9929 width=4)
	        Recheck Cond: ((id >= 1407755) AND (id <= 1417754))
	        ->  Bitmap Index Scan on sbtest7_pkey  (cost=0.00..283.73 rows=9929 width=0)
	              Index Cond: ((id >= 1407755) AND (id <= 1417754))

table 8 : explain SELECT SUM(k) FROM sbtest8 WHERE id BETWEEN 2854564 AND 2864563
	Aggregate  (cost=37192.52..37192.53 rows=1 width=8)
	  ->  Bitmap Heap Scan on sbtest8  (cost=303.63..37165.40 rows=10848 width=4)
	        Recheck Cond: ((id >= 2854564) AND (id <= 2864563))
	        ->  Bitmap Index Scan on sbtest8_pkey  (cost=0.00..300.92 rows=10848 width=0)
	              Index Cond: ((id >= 2854564) AND (id <= 2864563))

for: sum_ranges
table 1 : explain SELECT SUM(k) FROM sbtest1 WHERE id BETWEEN 1084644 AND 1094643
	Aggregate  (cost=35478.94..35478.95 rows=1 width=8)
	  ->  Bitmap Heap Scan on sbtest1  (cost=285.82..35453.24 rows=10281 width=4)
	        Recheck Cond: ((id >= 1084644) AND (id <= 1094643))
	        ->  Bitmap Index Scan on sbtest1_pkey  (cost=0.00..283.25 rows=10281 width=0)
	              Index Cond: ((id >= 1084644) AND (id <= 1094643))

table 2 : explain SELECT SUM(k) FROM sbtest2 WHERE id BETWEEN 6089302 AND 6099301
	Aggregate  (cost=35164.91..35164.92 rows=1 width=8)
	  ->  Bitmap Heap Scan on sbtest2  (cost=284.94..35139.42 rows=10196 width=4)
	        Recheck Cond: ((id >= 6089302) AND (id <= 6099301))
	        ->  Bitmap Index Scan on sbtest2_pkey  (cost=0.00..282.40 rows=10196 width=0)
	              Index Cond: ((id >= 6089302) AND (id <= 6099301))

table 3 : explain SELECT SUM(k) FROM sbtest3 WHERE id BETWEEN 6025311 AND 6035310
	Aggregate  (cost=33958.77..33958.78 rows=1 width=8)
	  ->  Bitmap Heap Scan on sbtest3  (cost=280.27..33934.42 rows=9740 width=4)
	        Recheck Cond: ((id >= 6025311) AND (id <= 6035310))
	        ->  Bitmap Index Scan on sbtest3_pkey  (cost=0.00..277.83 rows=9740 width=0)
	              Index Cond: ((id >= 6025311) AND (id <= 6035310))

table 4 : explain SELECT SUM(k) FROM sbtest4 WHERE id BETWEEN 3544500 AND 3554499
	Aggregate  (cost=40013.72..40013.73 rows=1 width=8)
	  ->  Bitmap Heap Scan on sbtest4  (cost=320.24..39984.50 rows=11688 width=4)
	        Recheck Cond: ((id >= 3544500) AND (id <= 3554499))
	        ->  Bitmap Index Scan on sbtest4_pkey  (cost=0.00..317.31 rows=11688 width=0)
	              Index Cond: ((id >= 3544500) AND (id <= 3554499))

table 5 : explain SELECT SUM(k) FROM sbtest5 WHERE id BETWEEN 5019621 AND 5029620
	Aggregate  (cost=33494.84..33494.85 rows=1 width=8)
	  ->  Bitmap Heap Scan on sbtest5  (cost=263.46..33470.69 rows=9661 width=4)
	        Recheck Cond: ((id >= 5019621) AND (id <= 5029620))
	        ->  Bitmap Index Scan on sbtest5_pkey  (cost=0.00..261.05 rows=9661 width=0)
	              Index Cond: ((id >= 5019621) AND (id <= 5029620))

table 6 : explain SELECT SUM(k) FROM sbtest6 WHERE id BETWEEN 1029679 AND 1039678
	Aggregate  (cost=38037.08..38037.09 rows=1 width=8)
	  ->  Bitmap Heap Scan on sbtest6  (cost=306.12..38009.36 rows=11091 width=4)
	        Recheck Cond: ((id >= 1029679) AND (id <= 1039678))
	        ->  Bitmap Index Scan on sbtest6_pkey  (cost=0.00..303.34 rows=11091 width=0)
	              Index Cond: ((id >= 1029679) AND (id <= 1039678))

table 7 : explain SELECT SUM(k) FROM sbtest7 WHERE id BETWEEN 979013 AND 989012
	Aggregate  (cost=36373.92..36373.93 rows=1 width=8)
	  ->  Bitmap Heap Scan on sbtest7  (cost=304.02..36347.68 rows=10496 width=4)
	        Recheck Cond: ((id >= 979013) AND (id <= 989012))
	        ->  Bitmap Index Scan on sbtest7_pkey  (cost=0.00..301.40 rows=10496 width=0)
	              Index Cond: ((id >= 979013) AND (id <= 989012))

table 8 : explain SELECT SUM(k) FROM sbtest8 WHERE id BETWEEN 8520999 AND 8530998
	Aggregate  (cost=36574.88..36574.89 rows=1 width=8)
	  ->  Bitmap Heap Scan on sbtest8  (cost=297.59..36548.25 rows=10649 width=4)
	        Recheck Cond: ((id >= 8520999) AND (id <= 8530998))
	        ->  Bitmap Index Scan on sbtest8_pkey  (cost=0.00..294.93 rows=10649 width=0)
	              Index Cond: ((id >= 8520999) AND (id <= 8530998))

explain: for point_selects :: explain SELECT c FROM sbtest%u WHERE id=%u
for: order_ranges
table 1 : explain SELECT c FROM sbtest1 WHERE id BETWEEN 9373593 AND 9383592 ORDER BY c
	Sort  (cost=32036.55..32059.09 rows=9013 width=121)
	  Sort Key: c
	  ->  Bitmap Heap Scan on sbtest1  (cost=252.82..31444.50 rows=9013 width=121)
	        Recheck Cond: ((id >= 9373593) AND (id <= 9383592))
	        ->  Bitmap Index Scan on sbtest1_pkey  (cost=0.00..250.56 rows=9013 width=0)
	              Index Cond: ((id >= 9373593) AND (id <= 9383592))

table 2 : explain SELECT c FROM sbtest2 WHERE id BETWEEN 4845774 AND 4855773 ORDER BY c
	Sort  (cost=37048.03..37074.48 rows=10581 width=121)
	  Sort Key: c
	  ->  Bitmap Heap Scan on sbtest2  (cost=296.89..36340.73 rows=10581 width=121)
	        Recheck Cond: ((id >= 4845774) AND (id <= 4855773))
	        ->  Bitmap Index Scan on sbtest2_pkey  (cost=0.00..294.25 rows=10581 width=0)
	              Index Cond: ((id >= 4845774) AND (id <= 4855773))

table 3 : explain SELECT c FROM sbtest3 WHERE id BETWEEN 2669621 AND 2679620 ORDER BY c
	Sort  (cost=35343.59..35368.53 rows=9975 width=121)
	  Sort Key: c
	  ->  Bitmap Heap Scan on sbtest3  (cost=286.68..34681.05 rows=9975 width=121)
	        Recheck Cond: ((id >= 2669621) AND (id <= 2679620))
	        ->  Bitmap Index Scan on sbtest3_pkey  (cost=0.00..284.19 rows=9975 width=0)
	              Index Cond: ((id >= 2669621) AND (id <= 2679620))

table 4 : explain SELECT c FROM sbtest4 WHERE id BETWEEN 7192048 AND 7202047 ORDER BY c
	Sort  (cost=34302.33..34326.51 rows=9671 width=121)
	  Sort Key: c
	  ->  Bitmap Heap Scan on sbtest4  (cost=267.56..33662.14 rows=9671 width=121)
	        Recheck Cond: ((id >= 7192048) AND (id <= 7202047))
	        ->  Bitmap Index Scan on sbtest4_pkey  (cost=0.00..265.15 rows=9671 width=0)
	              Index Cond: ((id >= 7192048) AND (id <= 7202047))

table 5 : explain SELECT c FROM sbtest5 WHERE id BETWEEN 507037 AND 517036 ORDER BY c
	Sort  (cost=37000.57..37026.97 rows=10563 width=121)
	  Sort Key: c
	  ->  Bitmap Heap Scan on sbtest5  (cost=284.71..36294.60 rows=10563 width=121)
	        Recheck Cond: ((id >= 507037) AND (id <= 517036))
	        ->  Bitmap Index Scan on sbtest5_pkey  (cost=0.00..282.06 rows=10563 width=0)
	              Index Cond: ((id >= 507037) AND (id <= 517036))

table 6 : explain SELECT c FROM sbtest6 WHERE id BETWEEN 715517 AND 725516 ORDER BY c
	Sort  (cost=32373.23..32396.01 rows=9109 width=121)
	  Sort Key: c
	  ->  Bitmap Heap Scan on sbtest6  (cost=253.80..31774.18 rows=9109 width=121)
	        Recheck Cond: ((id >= 715517) AND (id <= 725516))
	        ->  Bitmap Index Scan on sbtest6_pkey  (cost=0.00..251.53 rows=9109 width=0)
	              Index Cond: ((id >= 715517) AND (id <= 725516))

table 7 : explain SELECT c FROM sbtest7 WHERE id BETWEEN 4482989 AND 4492988 ORDER BY c
	Sort  (cost=35049.71..35074.41 rows=9879 width=121)
	  Sort Key: c
	  ->  Bitmap Heap Scan on sbtest7  (cost=285.69..34394.23 rows=9879 width=121)
	        Recheck Cond: ((id >= 4482989) AND (id <= 4492988))
	        ->  Bitmap Index Scan on sbtest7_pkey  (cost=0.00..283.23 rows=9879 width=0)
	              Index Cond: ((id >= 4482989) AND (id <= 4492988))

table 8 : explain SELECT c FROM sbtest8 WHERE id BETWEEN 9105863 AND 9115862 ORDER BY c
	Sort  (cost=36226.64..36252.45 rows=10324 width=121)
	  Sort Key: c
	  ->  Bitmap Heap Scan on sbtest8  (cost=290.26..35538.36 rows=10324 width=121)
	        Recheck Cond: ((id >= 9105863) AND (id <= 9115862))
	        ->  Bitmap Index Scan on sbtest8_pkey  (cost=0.00..287.68 rows=10324 width=0)
	              Index Cond: ((id >= 9105863) AND (id <= 9115862))

for point_selects
table 1 : explain SELECT c FROM sbtest1 WHERE id=2268587
	Index Scan using sbtest1_pkey on sbtest1  (cost=0.43..8.45 rows=1 width=121)
	  Index Cond: (id = 2268587)

table 2 : explain SELECT c FROM sbtest2 WHERE id=774438
	Index Scan using sbtest2_pkey on sbtest2  (cost=0.43..8.45 rows=1 width=121)
	  Index Cond: (id = 774438)

table 3 : explain SELECT c FROM sbtest3 WHERE id=5903822
	Index Scan using sbtest3_pkey on sbtest3  (cost=0.43..8.45 rows=1 width=121)
	  Index Cond: (id = 5903822)

table 4 : explain SELECT c FROM sbtest4 WHERE id=8078361
	Index Scan using sbtest4_pkey on sbtest4  (cost=0.43..8.45 rows=1 width=121)
	  Index Cond: (id = 8078361)

table 5 : explain SELECT c FROM sbtest5 WHERE id=5256315
	Index Scan using sbtest5_pkey on sbtest5  (cost=0.43..8.45 rows=1 width=121)
	  Index Cond: (id = 5256315)

table 6 : explain SELECT c FROM sbtest6 WHERE id=1963498
	Index Scan using sbtest6_pkey on sbtest6  (cost=0.43..8.45 rows=1 width=121)
	  Index Cond: (id = 1963498)

table 7 : explain SELECT c FROM sbtest7 WHERE id=3419675
	Index Scan using sbtest7_pkey on sbtest7  (cost=0.43..8.45 rows=1 width=121)
	  Index Cond: (id = 3419675)

table 8 : explain SELECT c FROM sbtest8 WHERE id=4156094
	Index Scan using sbtest8_pkey on sbtest8  (cost=0.43..8.45 rows=1 width=121)
	  Index Cond: (id = 4156094)

for: sum_ranges
table 1 : explain SELECT SUM(k) FROM sbtest1 WHERE id BETWEEN 5030144 AND 5040143
	Aggregate  (cost=37217.83..37217.84 rows=1 width=8)
	  ->  Bitmap Heap Scan on sbtest1  (cost=303.52..37190.74 rows=10838 width=4)
	        Recheck Cond: ((id >= 5030144) AND (id <= 5040143))
	        ->  Bitmap Index Scan on sbtest1_pkey  (cost=0.00..300.81 rows=10838 width=0)
	              Index Cond: ((id >= 5030144) AND (id <= 5040143))

table 2 : explain SELECT SUM(k) FROM sbtest2 WHERE id BETWEEN 4096635 AND 4106634
	Aggregate  (cost=35065.14..35065.15 rows=1 width=8)
	  ->  Bitmap Heap Scan on sbtest2  (cost=284.62..35039.73 rows=10164 width=4)
	        Recheck Cond: ((id >= 4096635) AND (id <= 4106634))
	        ->  Bitmap Index Scan on sbtest2_pkey  (cost=0.00..282.07 rows=10164 width=0)
	              Index Cond: ((id >= 4096635) AND (id <= 4106634))

table 3 : explain SELECT SUM(k) FROM sbtest3 WHERE id BETWEEN 8034768 AND 8044767
	Aggregate  (cost=35402.44..35402.45 rows=1 width=8)
	  ->  Bitmap Heap Scan on sbtest3  (cost=292.92..35376.95 rows=10194 width=4)
	        Recheck Cond: ((id >= 8034768) AND (id <= 8044767))
	        ->  Bitmap Index Scan on sbtest3_pkey  (cost=0.00..290.38 rows=10194 width=0)
	              Index Cond: ((id >= 8034768) AND (id <= 8044767))

table 4 : explain SELECT SUM(k) FROM sbtest4 WHERE id BETWEEN 3258832 AND 3268831
	Aggregate  (cost=36882.78..36882.79 rows=1 width=8)
	  ->  Bitmap Heap Scan on sbtest4  (cost=293.94..36856.07 rows=10683 width=4)
	        Recheck Cond: ((id >= 3258832) AND (id <= 3268831))
	        ->  Bitmap Index Scan on sbtest4_pkey  (cost=0.00..291.26 rows=10683 width=0)
	              Index Cond: ((id >= 3258832) AND (id <= 3268831))

table 5 : explain SELECT SUM(k) FROM sbtest5 WHERE id BETWEEN 6096150 AND 6106149
	Aggregate  (cost=35456.36..35456.37 rows=1 width=8)
	  ->  Bitmap Heap Scan on sbtest5  (cost=277.87..35430.65 rows=10286 width=4)
	        Recheck Cond: ((id >= 6096150) AND (id <= 6106149))
	        ->  Bitmap Index Scan on sbtest5_pkey  (cost=0.00..275.30 rows=10286 width=0)
	              Index Cond: ((id >= 6096150) AND (id <= 6106149))

table 6 : explain SELECT SUM(k) FROM sbtest6 WHERE id BETWEEN 8755756 AND 8765755
	Aggregate  (cost=34169.36..34169.37 rows=1 width=8)
	  ->  Bitmap Heap Scan on sbtest6  (cost=273.45..34144.72 rows=9855 width=4)
	        Recheck Cond: ((id >= 8755756) AND (id <= 8765755))
	        ->  Bitmap Index Scan on sbtest6_pkey  (cost=0.00..270.99 rows=9855 width=0)
	              Index Cond: ((id >= 8755756) AND (id <= 8765755))

table 7 : explain SELECT SUM(k) FROM sbtest7 WHERE id BETWEEN 8478010 AND 8488009
	Aggregate  (cost=33565.81..33565.82 rows=1 width=8)
	  ->  Bitmap Heap Scan on sbtest7  (cost=278.96..33541.78 rows=9612 width=4)
	        Recheck Cond: ((id >= 8478010) AND (id <= 8488009))
	        ->  Bitmap Index Scan on sbtest7_pkey  (cost=0.00..276.56 rows=9612 width=0)
	              Index Cond: ((id >= 8478010) AND (id <= 8488009))

table 8 : explain SELECT SUM(k) FROM sbtest8 WHERE id BETWEEN 5695495 AND 5705494
	Aggregate  (cost=34868.59..34868.60 rows=1 width=8)
	  ->  Bitmap Heap Scan on sbtest8  (cost=283.98..34843.34 rows=10102 width=4)
	        Recheck Cond: ((id >= 5695495) AND (id <= 5705494))
	        ->  Bitmap Index Scan on sbtest8_pkey  (cost=0.00..281.45 rows=10102 width=0)
	              Index Cond: ((id >= 5695495) AND (id <= 5705494))

for: sum_ranges
table 1 : explain SELECT SUM(k) FROM sbtest1 WHERE id BETWEEN 31786 AND 41785
	Aggregate  (cost=34270.94..34270.95 rows=1 width=8)
	  ->  Bitmap Heap Scan on sbtest1  (cost=277.87..34246.20 rows=9896 width=4)
	        Recheck Cond: ((id >= 31786) AND (id <= 41785))
	        ->  Bitmap Index Scan on sbtest1_pkey  (cost=0.00..275.40 rows=9896 width=0)
	              Index Cond: ((id >= 31786) AND (id <= 41785))

table 2 : explain SELECT SUM(k) FROM sbtest2 WHERE id BETWEEN 1607548 AND 1617547
	Aggregate  (cost=33630.35..33630.36 rows=1 width=8)
	  ->  Bitmap Heap Scan on sbtest2  (cost=271.94..33606.08 rows=9708 width=4)
	        Recheck Cond: ((id >= 1607548) AND (id <= 1617547))
	        ->  Bitmap Index Scan on sbtest2_pkey  (cost=0.00..269.51 rows=9708 width=0)
	              Index Cond: ((id >= 1607548) AND (id <= 1617547))

table 3 : explain SELECT SUM(k) FROM sbtest3 WHERE id BETWEEN 3619033 AND 3629032
	Aggregate  (cost=34722.25..34722.26 rows=1 width=8)
	  ->  Bitmap Heap Scan on sbtest3  (cost=286.73..34697.30 rows=9980 width=4)
	        Recheck Cond: ((id >= 3619033) AND (id <= 3629032))
	        ->  Bitmap Index Scan on sbtest3_pkey  (cost=0.00..284.24 rows=9980 width=0)
	              Index Cond: ((id >= 3619033) AND (id <= 3629032))

table 4 : explain SELECT SUM(k) FROM sbtest4 WHERE id BETWEEN 1715902 AND 1725901
	Aggregate  (cost=36973.01..36973.02 rows=1 width=8)
	  ->  Bitmap Heap Scan on sbtest4  (cost=294.23..36946.23 rows=10712 width=4)
	        Recheck Cond: ((id >= 1715902) AND (id <= 1725901))
	        ->  Bitmap Index Scan on sbtest4_pkey  (cost=0.00..291.56 rows=10712 width=0)
	              Index Cond: ((id >= 1715902) AND (id <= 1725901))

table 5 : explain SELECT SUM(k) FROM sbtest5 WHERE id BETWEEN 2382950 AND 2392949
	Aggregate  (cost=32629.70..32629.71 rows=1 width=8)
	  ->  Bitmap Heap Scan on sbtest5  (cost=252.67..32606.22 rows=9389 width=4)
	        Recheck Cond: ((id >= 2382950) AND (id <= 2392949))
	        ->  Bitmap Index Scan on sbtest5_pkey  (cost=0.00..250.32 rows=9389 width=0)
	              Index Cond: ((id >= 2382950) AND (id <= 2392949))

table 6 : explain SELECT SUM(k) FROM sbtest6 WHERE id BETWEEN 7110760 AND 7120759
	Aggregate  (cost=30615.25..30615.26 rows=1 width=8)
	  ->  Bitmap Heap Scan on sbtest6  (cost=242.02..30593.40 rows=8740 width=4)
	        Recheck Cond: ((id >= 7110760) AND (id <= 7120759))
	        ->  Bitmap Index Scan on sbtest6_pkey  (cost=0.00..239.84 rows=8740 width=0)
	              Index Cond: ((id >= 7110760) AND (id <= 7120759))

table 7 : explain SELECT SUM(k) FROM sbtest7 WHERE id BETWEEN 2732743 AND 2742742
	Aggregate  (cost=34458.07..34458.08 rows=1 width=8)
	  ->  Bitmap Heap Scan on sbtest7  (cost=285.83..34433.34 rows=9892 width=4)
	        Recheck Cond: ((id >= 2732743) AND (id <= 2742742))
	        ->  Bitmap Index Scan on sbtest7_pkey  (cost=0.00..283.36 rows=9892 width=0)
	              Index Cond: ((id >= 2732743) AND (id <= 2742742))

table 8 : explain SELECT SUM(k) FROM sbtest8 WHERE id BETWEEN 217613 AND 227612
	Aggregate  (cost=34775.16..34775.17 rows=1 width=8)
	  ->  Bitmap Heap Scan on sbtest8  (cost=283.67..34749.98 rows=10072 width=4)
	        Recheck Cond: ((id >= 217613) AND (id <= 227612))
	        ->  Bitmap Index Scan on sbtest8_pkey  (cost=0.00..281.16 rows=10072 width=0)
	              Index Cond: ((id >= 217613) AND (id <= 227612))

for: sum_ranges
table 1 : explain SELECT SUM(k) FROM sbtest1 WHERE id BETWEEN 6285467 AND 6295466
	Aggregate  (cost=34765.48..34765.49 rows=1 width=8)
	  ->  Bitmap Heap Scan on sbtest1  (cost=279.49..34740.35 rows=10054 width=4)
	        Recheck Cond: ((id >= 6285467) AND (id <= 6295466))
	        ->  Bitmap Index Scan on sbtest1_pkey  (cost=0.00..276.98 rows=10054 width=0)
	              Index Cond: ((id >= 6285467) AND (id <= 6295466))

table 2 : explain SELECT SUM(k) FROM sbtest2 WHERE id BETWEEN 4070511 AND 4080510
	Aggregate  (cost=35065.14..35065.15 rows=1 width=8)
	  ->  Bitmap Heap Scan on sbtest2  (cost=284.62..35039.73 rows=10164 width=4)
	        Recheck Cond: ((id >= 4070511) AND (id <= 4080510))
	        ->  Bitmap Index Scan on sbtest2_pkey  (cost=0.00..282.07 rows=10164 width=0)
	              Index Cond: ((id >= 4070511) AND (id <= 4080510))

table 3 : explain SELECT SUM(k) FROM sbtest3 WHERE id BETWEEN 484218 AND 494217
	Aggregate  (cost=34588.77..34588.78 rows=1 width=8)
	  ->  Bitmap Heap Scan on sbtest3  (cost=286.30..34563.93 rows=9938 width=4)
	        Recheck Cond: ((id >= 484218) AND (id <= 494217))
	        ->  Bitmap Index Scan on sbtest3_pkey  (cost=0.00..283.81 rows=9938 width=0)
	              Index Cond: ((id >= 484218) AND (id <= 494217))

table 4 : explain SELECT SUM(k) FROM sbtest4 WHERE id BETWEEN 6407590 AND 6417589
	Aggregate  (cost=34871.58..34871.59 rows=1 width=8)
	  ->  Bitmap Heap Scan on sbtest4  (cost=275.40..34846.47 rows=10045 width=4)
	        Recheck Cond: ((id >= 6407590) AND (id <= 6417589))
	        ->  Bitmap Index Scan on sbtest4_pkey  (cost=0.00..272.88 rows=10045 width=0)
	              Index Cond: ((id >= 6407590) AND (id <= 6417589))

table 5 : explain SELECT SUM(k) FROM sbtest5 WHERE id BETWEEN 99353 AND 109352
	Aggregate  (cost=31657.91..31657.92 rows=1 width=8)
	  ->  Bitmap Heap Scan on sbtest5  (cost=245.54..31635.20 rows=9083 width=4)
	        Recheck Cond: ((id >= 99353) AND (id <= 109352))
	        ->  Bitmap Index Scan on sbtest5_pkey  (cost=0.00..243.26 rows=9083 width=0)
	              Index Cond: ((id >= 99353) AND (id <= 109352))

table 6 : explain SELECT SUM(k) FROM sbtest6 WHERE id BETWEEN 6600810 AND 6610809
	Aggregate  (cost=31855.80..31855.81 rows=1 width=8)
	  ->  Bitmap Heap Scan on sbtest6  (cost=253.99..31832.99 rows=9127 width=4)
	        Recheck Cond: ((id >= 6600810) AND (id <= 6610809))
	        ->  Bitmap Index Scan on sbtest6_pkey  (cost=0.00..251.70 rows=9127 width=0)
	              Index Cond: ((id >= 6600810) AND (id <= 6610809))

table 7 : explain SELECT SUM(k) FROM sbtest7 WHERE id BETWEEN 7161451 AND 7171450
	Aggregate  (cost=35002.74..35002.75 rows=1 width=8)
	  ->  Bitmap Heap Scan on sbtest7  (cost=291.58..34977.58 rows=10063 width=4)
	        Recheck Cond: ((id >= 7161451) AND (id <= 7171450))
	        ->  Bitmap Index Scan on sbtest7_pkey  (cost=0.00..289.06 rows=10063 width=0)
	              Index Cond: ((id >= 7161451) AND (id <= 7171450))

table 8 : explain SELECT SUM(k) FROM sbtest8 WHERE id BETWEEN 9369353 AND 9379352
	Aggregate  (cost=31743.97..31743.98 rows=1 width=8)
	  ->  Bitmap Heap Scan on sbtest8  (cost=253.85..31721.18 rows=9114 width=4)
	        Recheck Cond: ((id >= 9369353) AND (id <= 9379352))
	        ->  Bitmap Index Scan on sbtest8_pkey  (cost=0.00..251.57 rows=9114 width=0)
	              Index Cond: ((id >= 9369353) AND (id <= 9379352))

for: order_ranges
table 1 : explain SELECT c FROM sbtest1 WHERE id BETWEEN 2939422 AND 2949421 ORDER BY c
	Sort  (cost=36105.44..36131.12 rows=10271 width=121)
	  Sort Key: c
	  ->  Bitmap Heap Scan on sbtest1  (cost=285.71..35421.07 rows=10271 width=121)
	        Recheck Cond: ((id >= 2939422) AND (id <= 2949421))
	        ->  Bitmap Index Scan on sbtest1_pkey  (cost=0.00..283.15 rows=10271 width=0)
	              Index Cond: ((id >= 2939422) AND (id <= 2949421))

table 2 : explain SELECT c FROM sbtest2 WHERE id BETWEEN 2712179 AND 2722178 ORDER BY c
	Sort  (cost=34209.20..34233.44 rows=9695 width=121)
	  Sort Key: c
	  ->  Bitmap Heap Scan on sbtest2  (cost=271.81..33567.25 rows=9695 width=121)
	        Recheck Cond: ((id >= 2712179) AND (id <= 2722178))
	        ->  Bitmap Index Scan on sbtest2_pkey  (cost=0.00..269.38 rows=9695 width=0)
	              Index Cond: ((id >= 2712179) AND (id <= 2722178))

table 3 : explain SELECT c FROM sbtest3 WHERE id BETWEEN 8877907 AND 8887906 ORDER BY c
	Sort  (cost=38231.17..38258.34 rows=10869 width=121)
	  Sort Key: c
	  ->  Bitmap Heap Scan on sbtest3  (cost=311.84..37502.51 rows=10869 width=121)
	        Recheck Cond: ((id >= 8877907) AND (id <= 8887906))
	        ->  Bitmap Index Scan on sbtest3_pkey  (cost=0.00..309.12 rows=10869 width=0)
	              Index Cond: ((id >= 8877907) AND (id <= 8887906))

table 4 : explain SELECT c FROM sbtest4 WHERE id BETWEEN 6250604 AND 6260603 ORDER BY c
	Sort  (cost=33811.12..33834.92 rows=9521 width=121)
	  Sort Key: c
	  ->  Bitmap Heap Scan on sbtest4  (cost=262.03..33181.93 rows=9521 width=121)
	        Recheck Cond: ((id >= 6250604) AND (id <= 6260603))
	        ->  Bitmap Index Scan on sbtest4_pkey  (cost=0.00..259.65 rows=9521 width=0)
	              Index Cond: ((id >= 6250604) AND (id <= 6260603))

table 5 : explain SELECT c FROM sbtest5 WHERE id BETWEEN 3096017 AND 3106016 ORDER BY c
	Sort  (cost=35977.93..36003.54 rows=10243 width=121)
	  Sort Key: c
	  ->  Bitmap Heap Scan on sbtest5  (cost=277.43..35295.63 rows=10243 width=121)
	        Recheck Cond: ((id >= 3096017) AND (id <= 3106016))
	        ->  Bitmap Index Scan on sbtest5_pkey  (cost=0.00..274.87 rows=10243 width=0)
	              Index Cond: ((id >= 3096017) AND (id <= 3106016))

table 6 : explain SELECT c FROM sbtest6 WHERE id BETWEEN 5836409 AND 5846408 ORDER BY c
	Sort  (cost=35398.37..35423.48 rows=10041 width=121)
	  Sort Key: c
	  ->  Bitmap Heap Scan on sbtest6  (cost=279.36..34730.97 rows=10041 width=121)
	        Recheck Cond: ((id >= 5836409) AND (id <= 5846408))
	        ->  Bitmap Index Scan on sbtest6_pkey  (cost=0.00..276.84 rows=10041 width=0)
	              Index Cond: ((id >= 5836409) AND (id <= 5846408))

table 7 : explain SELECT c FROM sbtest7 WHERE id BETWEEN 7724325 AND 7734324 ORDER BY c
	Sort  (cost=32570.06..32592.86 rows=9121 width=121)
	  Sort Key: c
	  ->  Bitmap Heap Scan on sbtest7  (cost=265.93..31970.13 rows=9121 width=121)
	        Recheck Cond: ((id >= 7724325) AND (id <= 7734324))
	        ->  Bitmap Index Scan on sbtest7_pkey  (cost=0.00..263.65 rows=9121 width=0)
	              Index Cond: ((id >= 7724325) AND (id <= 7734324))

table 8 : explain SELECT c FROM sbtest8 WHERE id BETWEEN 2970788 AND 2980787 ORDER BY c
	Sort  (cost=37558.34..37585.20 rows=10743 width=121)
	  Sort Key: c
	  ->  Bitmap Heap Scan on sbtest8  (cost=298.55..36839.03 rows=10743 width=121)
	        Recheck Cond: ((id >= 2970788) AND (id <= 2980787))
	        ->  Bitmap Index Scan on sbtest8_pkey  (cost=0.00..295.87 rows=10743 width=0)
	              Index Cond: ((id >= 2970788) AND (id <= 2980787))

for point_selects
table 1 : explain SELECT c FROM sbtest1 WHERE id=116077
	Index Scan using sbtest1_pkey on sbtest1  (cost=0.43..8.45 rows=1 width=121)
	  Index Cond: (id = 116077)

table 2 : explain SELECT c FROM sbtest2 WHERE id=6350002
	Index Scan using sbtest2_pkey on sbtest2  (cost=0.43..8.45 rows=1 width=121)
	  Index Cond: (id = 6350002)

table 3 : explain SELECT c FROM sbtest3 WHERE id=5799475
	Index Scan using sbtest3_pkey on sbtest3  (cost=0.43..8.45 rows=1 width=121)
	  Index Cond: (id = 5799475)

table 4 : explain SELECT c FROM sbtest4 WHERE id=829025
	Index Scan using sbtest4_pkey on sbtest4  (cost=0.43..8.45 rows=1 width=121)
	  Index Cond: (id = 829025)

table 5 : explain SELECT c FROM sbtest5 WHERE id=5436854
	Index Scan using sbtest5_pkey on sbtest5  (cost=0.43..8.45 rows=1 width=121)
	  Index Cond: (id = 5436854)

table 6 : explain SELECT c FROM sbtest6 WHERE id=3730358
	Index Scan using sbtest6_pkey on sbtest6  (cost=0.43..8.45 rows=1 width=121)
	  Index Cond: (id = 3730358)

table 7 : explain SELECT c FROM sbtest7 WHERE id=8456184
	Index Scan using sbtest7_pkey on sbtest7  (cost=0.43..8.45 rows=1 width=121)
	  Index Cond: (id = 8456184)

table 8 : explain SELECT c FROM sbtest8 WHERE id=6289966
	Index Scan using sbtest8_pkey on sbtest8  (cost=0.43..8.45 rows=1 width=121)
	  Index Cond: (id = 6289966)

explain: for point_selects :: explain SELECT c FROM sbtest%u WHERE id=%u
explain: for point_selects :: explain SELECT c FROM sbtest%u WHERE id=%u
explain: for point_selects :: explain SELECT c FROM sbtest%u WHERE id=%u
for: order_ranges
table 1 : explain SELECT c FROM sbtest1 WHERE id BETWEEN 8855437 AND 8865436 ORDER BY c
	Sort  (cost=37017.23..37043.62 rows=10556 width=121)
	  Sort Key: c
	  ->  Bitmap Heap Scan on sbtest1  (cost=292.63..36311.78 rows=10556 width=121)
	        Recheck Cond: ((id >= 8855437) AND (id <= 8865436))
	        ->  Bitmap Index Scan on sbtest1_pkey  (cost=0.00..290.00 rows=10556 width=0)
	              Index Cond: ((id >= 8855437) AND (id <= 8865436))

table 2 : explain SELECT c FROM sbtest2 WHERE id BETWEEN 8180496 AND 8190495 ORDER BY c
	Sort  (cost=39008.80..39036.80 rows=11200 width=121)
	  Sort Key: c
	  ->  Bitmap Heap Scan on sbtest2  (cost=311.24..38255.53 rows=11200 width=121)
	        Recheck Cond: ((id >= 8180496) AND (id <= 8190495))
	        ->  Bitmap Index Scan on sbtest2_pkey  (cost=0.00..308.44 rows=11200 width=0)
	              Index Cond: ((id >= 8180496) AND (id <= 8190495))

table 3 : explain SELECT c FROM sbtest3 WHERE id BETWEEN 5879190 AND 5889189 ORDER BY c
	Sort  (cost=34078.03..34102.00 rows=9587 width=121)
	  Sort Key: c
	  ->  Bitmap Heap Scan on sbtest3  (cost=274.70..33444.00 rows=9587 width=121)
	        Recheck Cond: ((id >= 5879190) AND (id <= 5889189))
	        ->  Bitmap Index Scan on sbtest3_pkey  (cost=0.00..272.31 rows=9587 width=0)
	              Index Cond: ((id >= 5879190) AND (id <= 5889189))

table 4 : explain SELECT c FROM sbtest4 WHERE id BETWEEN 76826 AND 86825 ORDER BY c
	Sort  (cost=35956.12..35981.57 rows=10181 width=121)
	  Sort Key: c
	  ->  Bitmap Heap Scan on sbtest4  (cost=280.79..35278.39 rows=10181 width=121)
	        Recheck Cond: ((id >= 76826) AND (id <= 86825))
	        ->  Bitmap Index Scan on sbtest4_pkey  (cost=0.00..278.25 rows=10181 width=0)
	              Index Cond: ((id >= 76826) AND (id <= 86825))

table 5 : explain SELECT c FROM sbtest5 WHERE id BETWEEN 8457637 AND 8467636 ORDER BY c
	Sort  (cost=37013.67..37040.09 rows=10567 width=121)
	  Sort Key: c
	  ->  Bitmap Heap Scan on sbtest5  (cost=284.75..36307.41 rows=10567 width=121)
	        Recheck Cond: ((id >= 8457637) AND (id <= 8467636))
	        ->  Bitmap Index Scan on sbtest5_pkey  (cost=0.00..282.11 rows=10567 width=0)
	              Index Cond: ((id >= 8457637) AND (id <= 8467636))

table 6 : explain SELECT c FROM sbtest6 WHERE id BETWEEN 5066903 AND 5076902 ORDER BY c
	Sort  (cost=33678.66..33702.43 rows=9509 width=121)
	  Sort Key: c
	  ->  Bitmap Heap Scan on sbtest6  (cost=265.90..33050.35 rows=9509 width=121)
	        Recheck Cond: ((id >= 5066903) AND (id <= 5076902))
	        ->  Bitmap Index Scan on sbtest6_pkey  (cost=0.00..263.53 rows=9509 width=0)
	              Index Cond: ((id >= 5066903) AND (id <= 5076902))

table 7 : explain SELECT c FROM sbtest7 WHERE id BETWEEN 3629341 AND 3639340 ORDER BY c
	Sort  (cost=34157.50..34181.51 rows=9605 width=121)
	  Sort Key: c
	  ->  Bitmap Heap Scan on sbtest7  (cost=278.89..33522.15 rows=9605 width=121)
	        Recheck Cond: ((id >= 3629341) AND (id <= 3639340))
	        ->  Bitmap Index Scan on sbtest7_pkey  (cost=0.00..276.49 rows=9605 width=0)
	              Index Cond: ((id >= 3629341) AND (id <= 3639340))

table 8 : explain SELECT c FROM sbtest8 WHERE id BETWEEN 2600157 AND 2610156 ORDER BY c
	Sort  (cost=34212.78..34237.02 rows=9698 width=121)
	  Sort Key: c
	  ->  Bitmap Heap Scan on sbtest8  (cost=271.84..33570.60 rows=9698 width=121)
	        Recheck Cond: ((id >= 2600157) AND (id <= 2610156))
	        ->  Bitmap Index Scan on sbtest8_pkey  (cost=0.00..269.42 rows=9698 width=0)
	              Index Cond: ((id >= 2600157) AND (id <= 2610156))

for: distinct_ranges
table 1 : explain SELECT DISTINCT c FROM sbtest1 WHERE id BETWEEN 5039064 AND 5049063 ORDER BY c
	Unique  (cost=37917.09..37971.28 rows=10838 width=121)
	  ->  Sort  (cost=37917.09..37944.18 rows=10838 width=121)
	        Sort Key: c
	        ->  Bitmap Heap Scan on sbtest1  (cost=303.52..37190.74 rows=10838 width=121)
	              Recheck Cond: ((id >= 5039064) AND (id <= 5049063))
	              ->  Bitmap Index Scan on sbtest1_pkey  (cost=0.00..300.81 rows=10838 width=0)
	                    Index Cond: ((id >= 5039064) AND (id <= 5049063))

table 2 : explain SELECT DISTINCT c FROM sbtest2 WHERE id BETWEEN 3012098 AND 3022097 ORDER BY c
	Unique  (cost=36239.22..36290.86 rows=10328 width=121)
	  ->  Sort  (cost=36239.22..36265.04 rows=10328 width=121)
	        Sort Key: c
	        ->  Bitmap Heap Scan on sbtest2  (cost=286.30..35550.64 rows=10328 width=121)
	              Recheck Cond: ((id >= 3012098) AND (id <= 3022097))
	              ->  Bitmap Index Scan on sbtest2_pkey  (cost=0.00..283.71 rows=10328 width=0)
	                    Index Cond: ((id >= 3012098) AND (id <= 3022097))

table 3 : explain SELECT DISTINCT c FROM sbtest3 WHERE id BETWEEN 3628549 AND 3638548 ORDER BY c
	Unique  (cost=35453.41..35503.45 rows=10009 width=121)
	  ->  Sort  (cost=35453.41..35478.43 rows=10009 width=121)
	        Sort Key: c
	        ->  Bitmap Heap Scan on sbtest3  (cost=287.03..34788.36 rows=10009 width=121)
	              Recheck Cond: ((id >= 3628549) AND (id <= 3638548))
	              ->  Bitmap Index Scan on sbtest3_pkey  (cost=0.00..284.53 rows=10009 width=0)
	                    Index Cond: ((id >= 3628549) AND (id <= 3638548))

table 4 : explain SELECT DISTINCT c FROM sbtest4 WHERE id BETWEEN 2467020 AND 2477019 ORDER BY c
	Unique  (cost=32880.36..32926.54 rows=9236 width=121)
	  ->  Sort  (cost=32880.36..32903.45 rows=9236 width=121)
	        Sort Key: c
	        ->  Bitmap Heap Scan on sbtest4  (cost=255.10..32272.03 rows=9236 width=121)
	              Recheck Cond: ((id >= 2467020) AND (id <= 2477019))
	              ->  Bitmap Index Scan on sbtest4_pkey  (cost=0.00..252.80 rows=9236 width=0)
	                    Index Cond: ((id >= 2467020) AND (id <= 2477019))

table 5 : explain SELECT DISTINCT c FROM sbtest5 WHERE id BETWEEN 5526133 AND 5536132 ORDER BY c
	Unique  (cost=33059.49..33106.18 rows=9338 width=121)
	  ->  Sort  (cost=33059.49..33082.83 rows=9338 width=121)
	        Sort Key: c
	        ->  Bitmap Heap Scan on sbtest5  (cost=252.15..32443.70 rows=9338 width=121)
	              Recheck Cond: ((id >= 5526133) AND (id <= 5536132))
	              ->  Bitmap Index Scan on sbtest5_pkey  (cost=0.00..249.81 rows=9338 width=0)
	                    Index Cond: ((id >= 5526133) AND (id <= 5536132))

table 6 : explain SELECT DISTINCT c FROM sbtest6 WHERE id BETWEEN 313229 AND 323228 ORDER BY c
	Unique  (cost=35428.11..35478.36 rows=10050 width=121)
	  ->  Sort  (cost=35428.11..35453.23 rows=10050 width=121)
	        Sort Key: c
	        ->  Bitmap Heap Scan on sbtest6  (cost=279.45..34760.04 rows=10050 width=121)
	              Recheck Cond: ((id >= 313229) AND (id <= 323228))
	              ->  Bitmap Index Scan on sbtest6_pkey  (cost=0.00..276.94 rows=10050 width=0)
	                    Index Cond: ((id >= 313229) AND (id <= 323228))

table 7 : explain SELECT DISTINCT c FROM sbtest7 WHERE id BETWEEN 3796497 AND 3806496 ORDER BY c
	Unique  (cost=37839.67..37893.37 rows=10741 width=121)
	  ->  Sort  (cost=37839.67..37866.52 rows=10741 width=121)
	        Sort Key: c
	        ->  Bitmap Heap Scan on sbtest7  (cost=310.53..37120.51 rows=10741 width=121)
	              Recheck Cond: ((id >= 3796497) AND (id <= 3806496))
	              ->  Bitmap Index Scan on sbtest7_pkey  (cost=0.00..307.84 rows=10741 width=0)
	                    Index Cond: ((id >= 3796497) AND (id <= 3806496))

table 8 : explain SELECT DISTINCT c FROM sbtest8 WHERE id BETWEEN 6953219 AND 6963218 ORDER BY c
	Unique  (cost=33870.85..33918.81 rows=9592 width=121)
	  ->  Sort  (cost=33870.85..33894.83 rows=9592 width=121)
	        Sort Key: c
	        ->  Bitmap Heap Scan on sbtest8  (cost=266.75..33236.45 rows=9592 width=121)
	              Recheck Cond: ((id >= 6953219) AND (id <= 6963218))
	              ->  Bitmap Index Scan on sbtest8_pkey  (cost=0.00..264.36 rows=9592 width=0)
	                    Index Cond: ((id >= 6953219) AND (id <= 6963218))

for: simple_ranges
table 1 : explain SELECT c FROM sbtest1 WHERE id BETWEEN 1609954 AND 1619953
	Bitmap Heap Scan on sbtest1  (cost=272.51..33824.82 rows=9763 width=121)
	  Recheck Cond: ((id >= 1609954) AND (id <= 1619953))
	  ->  Bitmap Index Scan on sbtest1_pkey  (cost=0.00..270.06 rows=9763 width=0)
	        Index Cond: ((id >= 1609954) AND (id <= 1619953))

table 2 : explain SELECT c FROM sbtest2 WHERE id BETWEEN 5584220 AND 5594219
	Bitmap Heap Scan on sbtest2  (cost=267.00..33314.04 rows=9616 width=121)
	  Recheck Cond: ((id >= 5584220) AND (id <= 5594219))
	  ->  Bitmap Index Scan on sbtest2_pkey  (cost=0.00..264.59 rows=9616 width=0)
	        Index Cond: ((id >= 5584220) AND (id <= 5594219))

table 3 : explain SELECT c FROM sbtest3 WHERE id BETWEEN 4186089 AND 4196088
	Bitmap Heap Scan on sbtest3  (cost=299.31..36113.18 rows=10427 width=121)
	  Recheck Cond: ((id >= 4186089) AND (id <= 4196088))
	  ->  Bitmap Index Scan on sbtest3_pkey  (cost=0.00..296.70 rows=10427 width=0)
	        Index Cond: ((id >= 4186089) AND (id <= 4196088))

table 4 : explain SELECT c FROM sbtest4 WHERE id BETWEEN 8672945 AND 8682944
	Bitmap Heap Scan on sbtest4  (cost=261.68..33074.17 rows=9487 width=121)
	  Recheck Cond: ((id >= 8672945) AND (id <= 8682944))
	  ->  Bitmap Index Scan on sbtest4_pkey  (cost=0.00..259.31 rows=9487 width=0)
	        Index Cond: ((id >= 8672945) AND (id <= 8682944))

table 5 : explain SELECT c FROM sbtest5 WHERE id BETWEEN 6039847 AND 6049846
	Bitmap Heap Scan on sbtest5  (cost=277.87..35430.65 rows=10286 width=121)
	  Recheck Cond: ((id >= 6039847) AND (id <= 6049846))
	  ->  Bitmap Index Scan on sbtest5_pkey  (cost=0.00..275.30 rows=10286 width=0)
	        Index Cond: ((id >= 6039847) AND (id <= 6049846))

table 6 : explain SELECT c FROM sbtest6 WHERE id BETWEEN 779494 AND 789493
	Bitmap Heap Scan on sbtest6  (cost=253.80..31774.18 rows=9109 width=121)
	  Recheck Cond: ((id >= 779494) AND (id <= 789493))
	  ->  Bitmap Index Scan on sbtest6_pkey  (cost=0.00..251.53 rows=9109 width=0)
	        Index Cond: ((id >= 779494) AND (id <= 789493))

table 7 : explain SELECT c FROM sbtest7 WHERE id BETWEEN 2555228 AND 2565227
	Bitmap Heap Scan on sbtest7  (cost=284.56..34042.12 rows=9768 width=121)
	  Recheck Cond: ((id >= 2555228) AND (id <= 2565227))
	  ->  Bitmap Index Scan on sbtest7_pkey  (cost=0.00..282.12 rows=9768 width=0)
	        Index Cond: ((id >= 2555228) AND (id <= 2565227))

table 8 : explain SELECT c FROM sbtest8 WHERE id BETWEEN 600537 AND 610536
	Bitmap Heap Scan on sbtest8  (cost=266.63..33197.59 rows=9580 width=121)
	  Recheck Cond: ((id >= 600537) AND (id <= 610536))
	  ->  Bitmap Index Scan on sbtest8_pkey  (cost=0.00..264.24 rows=9580 width=0)
	        Index Cond: ((id >= 600537) AND (id <= 610536))

explain: for point_selects :: explain SELECT c FROM sbtest%u WHERE id=%u
for: order_ranges
table 1 : explain SELECT c FROM sbtest1 WHERE id BETWEEN 2033890 AND 2043889 ORDER BY c
	Sort  (cost=34919.45..34944.21 rows=9901 width=121)
	  Sort Key: c
	  ->  Bitmap Heap Scan on sbtest1  (cost=277.92..34262.36 rows=9901 width=121)
	        Recheck Cond: ((id >= 2033890) AND (id <= 2043889))
	        ->  Bitmap Index Scan on sbtest1_pkey  (cost=0.00..275.44 rows=9901 width=0)
	              Index Cond: ((id >= 2033890) AND (id <= 2043889))

table 2 : explain SELECT c FROM sbtest2 WHERE id BETWEEN 5945853 AND 5955852 ORDER BY c
	Sort  (cost=31391.06..31413.13 rows=8828 width=121)
	  Sort Key: c
	  ->  Bitmap Heap Scan on sbtest2  (cost=246.92..30812.48 rows=8828 width=121)
	        Recheck Cond: ((id >= 5945853) AND (id <= 5955852))
	        ->  Bitmap Index Scan on sbtest2_pkey  (cost=0.00..244.72 rows=8828 width=0)
	              Index Cond: ((id >= 5945853) AND (id <= 5955852))

table 3 : explain SELECT c FROM sbtest3 WHERE id BETWEEN 8247238 AND 8257237 ORDER BY c
	Sort  (cost=34983.24..35007.91 rows=9865 width=121)
	  Sort Key: c
	  ->  Bitmap Heap Scan on sbtest3  (cost=281.55..34328.80 rows=9865 width=121)
	        Recheck Cond: ((id >= 8247238) AND (id <= 8257237))
	        ->  Bitmap Index Scan on sbtest3_pkey  (cost=0.00..279.08 rows=9865 width=0)
	              Index Cond: ((id >= 8247238) AND (id <= 8257237))

table 4 : explain SELECT c FROM sbtest4 WHERE id BETWEEN 4733475 AND 4743474 ORDER BY c
	Sort  (cost=32222.07..32244.66 rows=9035 width=121)
	  Sort Key: c
	  ->  Bitmap Heap Scan on sbtest4  (cost=249.04..31628.41 rows=9035 width=121)
	        Recheck Cond: ((id >= 4733475) AND (id <= 4743474))
	        ->  Bitmap Index Scan on sbtest4_pkey  (cost=0.00..246.79 rows=9035 width=0)
	              Index Cond: ((id >= 4733475) AND (id <= 4743474))

table 5 : explain SELECT c FROM sbtest5 WHERE id BETWEEN 1345104 AND 1355103 ORDER BY c
	Sort  (cost=34931.60..34956.39 rows=9916 width=121)
	  Sort Key: c
	  ->  Bitmap Heap Scan on sbtest5  (cost=270.07..34273.40 rows=9916 width=121)
	        Recheck Cond: ((id >= 1345104) AND (id <= 1355103))
	        ->  Bitmap Index Scan on sbtest5_pkey  (cost=0.00..267.59 rows=9916 width=0)
	              Index Cond: ((id >= 1345104) AND (id <= 1355103))

table 6 : explain SELECT c FROM sbtest6 WHERE id BETWEEN 557748 AND 567747 ORDER BY c
	Sort  (cost=35629.75..35655.03 rows=10113 width=121)
	  Sort Key: c
	  ->  Bitmap Heap Scan on sbtest6  (cost=280.09..34957.04 rows=10113 width=121)
	        Recheck Cond: ((id >= 557748) AND (id <= 567747))
	        ->  Bitmap Index Scan on sbtest6_pkey  (cost=0.00..277.56 rows=10113 width=0)
	              Index Cond: ((id >= 557748) AND (id <= 567747))

table 7 : explain SELECT c FROM sbtest7 WHERE id BETWEEN 782985 AND 792984 ORDER BY c
	Sort  (cost=37671.26..37697.98 rows=10689 width=121)
	  Sort Key: c
	  ->  Bitmap Heap Scan on sbtest7  (cost=310.00..36955.96 rows=10689 width=121)
	        Recheck Cond: ((id >= 782985) AND (id <= 792984))
	        ->  Bitmap Index Scan on sbtest7_pkey  (cost=0.00..307.32 rows=10689 width=0)
	              Index Cond: ((id >= 782985) AND (id <= 792984))

table 8 : explain SELECT c FROM sbtest8 WHERE id BETWEEN 2401125 AND 2411124 ORDER BY c
	Sort  (cost=33572.47..33596.22 rows=9500 width=121)
	  Sort Key: c
	  ->  Bitmap Heap Scan on sbtest8  (cost=265.81..32944.82 rows=9500 width=121)
	        Recheck Cond: ((id >= 2401125) AND (id <= 2411124))
	        ->  Bitmap Index Scan on sbtest8_pkey  (cost=0.00..263.44 rows=9500 width=0)
	              Index Cond: ((id >= 2401125) AND (id <= 2411124))

for: order_ranges
table 1 : explain SELECT c FROM sbtest1 WHERE id BETWEEN 8293393 AND 8303392 ORDER BY c
	Sort  (cost=31821.81..31844.18 rows=8948 width=121)
	  Sort Key: c
	  ->  Bitmap Heap Scan on sbtest1  (cost=248.15..31234.50 rows=8948 width=121)
	        Recheck Cond: ((id >= 8293393) AND (id <= 8303392))
	        ->  Bitmap Index Scan on sbtest1_pkey  (cost=0.00..245.92 rows=8948 width=0)
	              Index Cond: ((id >= 8293393) AND (id <= 8303392))

table 2 : explain SELECT c FROM sbtest2 WHERE id BETWEEN 9276501 AND 9286500 ORDER BY c
	Sort  (cost=32420.15..32443.01 rows=9144 width=121)
	  Sort Key: c
	  ->  Bitmap Heap Scan on sbtest2  (cost=254.16..31818.54 rows=9144 width=121)
	        Recheck Cond: ((id >= 9276501) AND (id <= 9286500))
	        ->  Bitmap Index Scan on sbtest2_pkey  (cost=0.00..251.88 rows=9144 width=0)
	              Index Cond: ((id >= 9276501) AND (id <= 9286500))

table 3 : explain SELECT c FROM sbtest3 WHERE id BETWEEN 5830953 AND 5840952 ORDER BY c
	Sort  (cost=34078.03..34102.00 rows=9587 width=121)
	  Sort Key: c
	  ->  Bitmap Heap Scan on sbtest3  (cost=274.70..33444.00 rows=9587 width=121)
	        Recheck Cond: ((id >= 5830953) AND (id <= 5840952))
	        ->  Bitmap Index Scan on sbtest3_pkey  (cost=0.00..272.31 rows=9587 width=0)
	              Index Cond: ((id >= 5830953) AND (id <= 5840952))

table 4 : explain SELECT c FROM sbtest4 WHERE id BETWEEN 1840673 AND 1850672 ORDER BY c
	Sort  (cost=34088.17..34112.19 rows=9606 width=121)
	  Sort Key: c
	  ->  Bitmap Heap Scan on sbtest4  (cost=262.90..33452.75 rows=9606 width=121)
	        Recheck Cond: ((id >= 1840673) AND (id <= 1850672))
	        ->  Bitmap Index Scan on sbtest4_pkey  (cost=0.00..260.50 rows=9606 width=0)
	              Index Cond: ((id >= 1840673) AND (id <= 1850672))

table 5 : explain SELECT c FROM sbtest5 WHERE id BETWEEN 1546707 AND 1556706 ORDER BY c
	Sort  (cost=34613.50..34638.04 rows=9818 width=121)
	  Sort Key: c
	  ->  Bitmap Heap Scan on sbtest5  (cost=265.07..33962.50 rows=9818 width=121)
	        Recheck Cond: ((id >= 1546707) AND (id <= 1556706))
	        ->  Bitmap Index Scan on sbtest5_pkey  (cost=0.00..262.62 rows=9818 width=0)
	              Index Cond: ((id >= 1546707) AND (id <= 1556706))

table 6 : explain SELECT c FROM sbtest6 WHERE id BETWEEN 7262993 AND 7272992 ORDER BY c
	Sort  (cost=33415.02..33438.60 rows=9429 width=121)
	  Sort Key: c
	  ->  Bitmap Heap Scan on sbtest6  (cost=261.08..32792.57 rows=9429 width=121)
	        Recheck Cond: ((id >= 7262993) AND (id <= 7272992))
	        ->  Bitmap Index Scan on sbtest6_pkey  (cost=0.00..258.73 rows=9429 width=0)
	              Index Cond: ((id >= 7262993) AND (id <= 7272992))

table 7 : explain SELECT c FROM sbtest7 WHERE id BETWEEN 2667368 AND 2677367 ORDER BY c
	Sort  (cost=35089.78..35114.51 rows=9892 width=121)
	  Sort Key: c
	  ->  Bitmap Heap Scan on sbtest7  (cost=285.83..34433.34 rows=9892 width=121)
	        Recheck Cond: ((id >= 2667368) AND (id <= 2677367))
	        ->  Bitmap Index Scan on sbtest7_pkey  (cost=0.00..283.36 rows=9892 width=0)
	              Index Cond: ((id >= 2667368) AND (id <= 2677367))

table 8 : explain SELECT c FROM sbtest8 WHERE id BETWEEN 1694969 AND 1704968 ORDER BY c
	Sort  (cost=33360.03..33383.62 rows=9434 width=121)
	  Sort Key: c
	  ->  Bitmap Heap Scan on sbtest8  (cost=265.13..32737.22 rows=9434 width=121)
	        Recheck Cond: ((id >= 1694969) AND (id <= 1704968))
	        ->  Bitmap Index Scan on sbtest8_pkey  (cost=0.00..262.78 rows=9434 width=0)
	              Index Cond: ((id >= 1694969) AND (id <= 1704968))

for: simple_ranges
table 1 : explain SELECT c FROM sbtest1 WHERE id BETWEEN 3403731 AND 3413730
	Bitmap Heap Scan on sbtest1  (cost=272.06..33688.79 rows=9720 width=121)
	  Recheck Cond: ((id >= 3403731) AND (id <= 3413730))
	  ->  Bitmap Index Scan on sbtest1_pkey  (cost=0.00..269.63 rows=9720 width=0)
	        Index Cond: ((id >= 3403731) AND (id <= 3413730))

table 2 : explain SELECT c FROM sbtest2 WHERE id BETWEEN 4498195 AND 4508194
	Bitmap Heap Scan on sbtest2  (cost=272.09..33651.35 rows=9722 width=121)
	  Recheck Cond: ((id >= 4498195) AND (id <= 4508194))
	  ->  Bitmap Index Scan on sbtest2_pkey  (cost=0.00..269.66 rows=9722 width=0)
	        Index Cond: ((id >= 4498195) AND (id <= 4508194))

table 3 : explain SELECT c FROM sbtest3 WHERE id BETWEEN 1524494 AND 1534493
	Bitmap Heap Scan on sbtest3  (cost=298.75..35938.42 rows=10372 width=121)
	  Recheck Cond: ((id >= 1524494) AND (id <= 1534493))
	  ->  Bitmap Index Scan on sbtest3_pkey  (cost=0.00..296.16 rows=10372 width=0)
	        Index Cond: ((id >= 1524494) AND (id <= 1534493))

table 4 : explain SELECT c FROM sbtest4 WHERE id BETWEEN 2551264 AND 2561263
	Bitmap Heap Scan on sbtest4  (cost=305.82..38043.39 rows=11062 width=121)
	  Recheck Cond: ((id >= 2551264) AND (id <= 2561263))
	  ->  Bitmap Index Scan on sbtest4_pkey  (cost=0.00..303.06 rows=11062 width=0)
	        Index Cond: ((id >= 2551264) AND (id <= 2561263))

table 5 : explain SELECT c FROM sbtest5 WHERE id BETWEEN 6445857 AND 6455856
	Bitmap Heap Scan on sbtest5  (cost=277.54..35330.99 rows=10254 width=121)
	  Recheck Cond: ((id >= 6445857) AND (id <= 6455856))
	  ->  Bitmap Index Scan on sbtest5_pkey  (cost=0.00..274.98 rows=10254 width=0)
	        Index Cond: ((id >= 6445857) AND (id <= 6455856))

table 6 : explain SELECT c FROM sbtest6 WHERE id BETWEEN 3481306 AND 3491305
	Bitmap Heap Scan on sbtest6  (cost=298.67..36966.17 rows=10755 width=121)
	  Recheck Cond: ((id >= 3481306) AND (id <= 3491305))
	  ->  Bitmap Index Scan on sbtest6_pkey  (cost=0.00..295.99 rows=10755 width=0)
	        Index Cond: ((id >= 3481306) AND (id <= 3491305))

table 7 : explain SELECT c FROM sbtest7 WHERE id BETWEEN 1750718 AND 1760717
	Bitmap Heap Scan on sbtest7  (cost=286.25..34563.62 rows=9933 width=121)
	  Recheck Cond: ((id >= 1750718) AND (id <= 1760717))
	  ->  Bitmap Index Scan on sbtest7_pkey  (cost=0.00..283.76 rows=9933 width=0)
	        Index Cond: ((id >= 1750718) AND (id <= 1760717))

table 8 : explain SELECT c FROM sbtest8 WHERE id BETWEEN 9272464 AND 9282463
	Bitmap Heap Scan on sbtest8  (cost=283.96..34836.90 rows=10100 width=121)
	  Recheck Cond: ((id >= 9272464) AND (id <= 9282463))
	  ->  Bitmap Index Scan on sbtest8_pkey  (cost=0.00..281.44 rows=10100 width=0)
	        Index Cond: ((id >= 9272464) AND (id <= 9282463))

for: distinct_ranges
table 1 : explain SELECT DISTINCT c FROM sbtest1 WHERE id BETWEEN 9382297 AND 9392296 ORDER BY c
	Unique  (cost=32036.55..32081.62 rows=9013 width=121)
	  ->  Sort  (cost=32036.55..32059.09 rows=9013 width=121)
	        Sort Key: c
	        ->  Bitmap Heap Scan on sbtest1  (cost=252.82..31444.50 rows=9013 width=121)
	              Recheck Cond: ((id >= 9382297) AND (id <= 9392296))
	              ->  Bitmap Index Scan on sbtest1_pkey  (cost=0.00..250.56 rows=9013 width=0)
	                    Index Cond: ((id >= 9382297) AND (id <= 9392296))

table 2 : explain SELECT DISTINCT c FROM sbtest2 WHERE id BETWEEN 3846039 AND 3856038 ORDER BY c
	Unique  (cost=39064.15..39120.24 rows=11218 width=121)
	  ->  Sort  (cost=39064.15..39092.19 rows=11218 width=121)
	        Sort Key: c
	        ->  Bitmap Heap Scan on sbtest2  (cost=311.42..38309.54 rows=11218 width=121)
	              Recheck Cond: ((id >= 3846039) AND (id <= 3856038))
	              ->  Bitmap Index Scan on sbtest2_pkey  (cost=0.00..308.62 rows=11218 width=0)
	                    Index Cond: ((id >= 3846039) AND (id <= 3856038))

table 3 : explain SELECT DISTINCT c FROM sbtest3 WHERE id BETWEEN 2876810 AND 2886809 ORDER BY c
	Unique  (cost=34031.17..34079.03 rows=9572 width=121)
	  ->  Sort  (cost=34031.17..34055.10 rows=9572 width=121)
	        Sort Key: c
	        ->  Bitmap Heap Scan on sbtest3  (cost=274.55..33398.24 rows=9572 width=121)
	              Recheck Cond: ((id >= 2876810) AND (id <= 2886809))
	              ->  Bitmap Index Scan on sbtest3_pkey  (cost=0.00..272.16 rows=9572 width=0)
	                    Index Cond: ((id >= 2876810) AND (id <= 2886809))

table 4 : explain SELECT DISTINCT c FROM sbtest4 WHERE id BETWEEN 4701825 AND 4711824 ORDER BY c
	Unique  (cost=32222.07..32267.24 rows=9035 width=121)
	  ->  Sort  (cost=32222.07..32244.66 rows=9035 width=121)
	        Sort Key: c
	        ->  Bitmap Heap Scan on sbtest4  (cost=249.04..31628.41 rows=9035 width=121)
	              Recheck Cond: ((id >= 4701825) AND (id <= 4711824))
	              ->  Bitmap Index Scan on sbtest4_pkey  (cost=0.00..246.79 rows=9035 width=0)
	                    Index Cond: ((id >= 4701825) AND (id <= 4711824))

table 5 : explain SELECT DISTINCT c FROM sbtest5 WHERE id BETWEEN 6485406 AND 6495405 ORDER BY c
	Unique  (cost=36014.11..36065.38 rows=10254 width=121)
	  ->  Sort  (cost=36014.11..36039.74 rows=10254 width=121)
	        Sort Key: c
	        ->  Bitmap Heap Scan on sbtest5  (cost=277.54..35330.99 rows=10254 width=121)
	              Recheck Cond: ((id >= 6485406) AND (id <= 6495405))
	              ->  Bitmap Index Scan on sbtest5_pkey  (cost=0.00..274.98 rows=10254 width=0)
	                    Index Cond: ((id >= 6485406) AND (id <= 6495405))

table 6 : explain SELECT DISTINCT c FROM sbtest6 WHERE id BETWEEN 59440 AND 69439 ORDER BY c
	Unique  (cost=35431.41..35481.67 rows=10051 width=121)
	  ->  Sort  (cost=35431.41..35456.54 rows=10051 width=121)
	        Sort Key: c
	        ->  Bitmap Heap Scan on sbtest6  (cost=279.46..34763.27 rows=10051 width=121)
	              Recheck Cond: ((id >= 59440) AND (id <= 69439))
	              ->  Bitmap Index Scan on sbtest6_pkey  (cost=0.00..276.94 rows=10051 width=0)
	                    Index Cond: ((id >= 59440) AND (id <= 69439))

table 7 : explain SELECT DISTINCT c FROM sbtest7 WHERE id BETWEEN 5175050 AND 5185049 ORDER BY c
	Unique  (cost=33416.86..33463.76 rows=9379 width=121)
	  ->  Sort  (cost=33416.86..33440.31 rows=9379 width=121)
	        Sort Key: c
	        ->  Bitmap Heap Scan on sbtest7  (cost=272.57..32798.07 rows=9379 width=121)
	              Recheck Cond: ((id >= 5175050) AND (id <= 5185049))
	              ->  Bitmap Index Scan on sbtest7_pkey  (cost=0.00..270.23 rows=9379 width=0)
	                    Index Cond: ((id >= 5175050) AND (id <= 5185049))

table 8 : explain SELECT DISTINCT c FROM sbtest8 WHERE id BETWEEN 1925643 AND 1935642 ORDER BY c
	Unique  (cost=33506.06..33553.46 rows=9479 width=121)
	  ->  Sort  (cost=33506.06..33529.76 rows=9479 width=121)
	        Sort Key: c
	        ->  Bitmap Heap Scan on sbtest8  (cost=265.59..32879.95 rows=9479 width=121)
	              Recheck Cond: ((id >= 1925643) AND (id <= 1935642))
	              ->  Bitmap Index Scan on sbtest8_pkey  (cost=0.00..263.23 rows=9479 width=0)
	                    Index Cond: ((id >= 1925643) AND (id <= 1935642))

for: order_ranges
table 1 : explain SELECT c FROM sbtest1 WHERE id BETWEEN 5958938 AND 5968937 ORDER BY c
	Sort  (cost=35289.81..35314.85 rows=10017 width=121)
	  Sort Key: c
	  ->  Bitmap Heap Scan on sbtest1  (cost=279.11..34624.17 rows=10017 width=121)
	        Recheck Cond: ((id >= 5958938) AND (id <= 5968937))
	        ->  Bitmap Index Scan on sbtest1_pkey  (cost=0.00..276.61 rows=10017 width=0)
	              Index Cond: ((id >= 5958938) AND (id <= 5968937))

table 2 : explain SELECT c FROM sbtest2 WHERE id BETWEEN 7417305 AND 7427304 ORDER BY c
	Sort  (cost=32216.76..32239.46 rows=9081 width=121)
	  Sort Key: c
	  ->  Bitmap Heap Scan on sbtest2  (cost=253.52..31619.75 rows=9081 width=121)
	        Recheck Cond: ((id >= 7417305) AND (id <= 7427304))
	        ->  Bitmap Index Scan on sbtest2_pkey  (cost=0.00..251.25 rows=9081 width=0)
	              Index Cond: ((id >= 7417305) AND (id <= 7427304))

table 3 : explain SELECT c FROM sbtest3 WHERE id BETWEEN 3160335 AND 3170334 ORDER BY c
	Sort  (cost=33163.25..33186.52 rows=9307 width=121)
	  Sort Key: c
	  ->  Bitmap Heap Scan on sbtest3  (cost=267.83..32549.73 rows=9307 width=121)
	        Recheck Cond: ((id >= 3160335) AND (id <= 3170334))
	        ->  Bitmap Index Scan on sbtest3_pkey  (cost=0.00..265.50 rows=9307 width=0)
	              Index Cond: ((id >= 3160335) AND (id <= 3170334))

table 4 : explain SELECT c FROM sbtest4 WHERE id BETWEEN 3855374 AND 3865373 ORDER BY c
	Sort  (cost=35733.23..35758.51 rows=10113 width=121)
	  Sort Key: c
	  ->  Bitmap Heap Scan on sbtest4  (cost=276.09..35060.51 rows=10113 width=121)
	        Recheck Cond: ((id >= 3855374) AND (id <= 3865373))
	        ->  Bitmap Index Scan on sbtest4_pkey  (cost=0.00..273.56 rows=10113 width=0)
	              Index Cond: ((id >= 3855374) AND (id <= 3865373))

table 5 : explain SELECT c FROM sbtest5 WHERE id BETWEEN 5271968 AND 5281967 ORDER BY c
	Sort  (cost=34159.91..34184.10 rows=9677 width=121)
	  Sort Key: c
	  ->  Bitmap Heap Scan on sbtest5  (cost=263.62..33519.28 rows=9677 width=121)
	        Recheck Cond: ((id >= 5271968) AND (id <= 5281967))
	        ->  Bitmap Index Scan on sbtest5_pkey  (cost=0.00..261.20 rows=9677 width=0)
	              Index Cond: ((id >= 5271968) AND (id <= 5281967))

table 6 : explain SELECT c FROM sbtest6 WHERE id BETWEEN 7099093 AND 7109092 ORDER BY c
	Sort  (cost=31165.59..31187.44 rows=8740 width=121)
	  Sort Key: c
	  ->  Bitmap Heap Scan on sbtest6  (cost=242.02..30593.40 rows=8740 width=121)
	        Recheck Cond: ((id >= 7099093) AND (id <= 7109092))
	        ->  Bitmap Index Scan on sbtest6_pkey  (cost=0.00..239.84 rows=8740 width=0)
	              Index Cond: ((id >= 7099093) AND (id <= 7109092))

table 7 : explain SELECT c FROM sbtest7 WHERE id BETWEEN 7619542 AND 7629541 ORDER BY c
	Sort  (cost=37717.47..37744.23 rows=10703 width=121)
	  Sort Key: c
	  ->  Bitmap Heap Scan on sbtest7  (cost=310.14..37001.13 rows=10703 width=121)
	        Recheck Cond: ((id >= 7619542) AND (id <= 7629541))
	        ->  Bitmap Index Scan on sbtest7_pkey  (cost=0.00..307.46 rows=10703 width=0)
	              Index Cond: ((id >= 7619542) AND (id <= 7629541))

table 8 : explain SELECT c FROM sbtest8 WHERE id BETWEEN 8749493 AND 8759492 ORDER BY c
	Sort  (cost=36887.10..36913.43 rows=10531 width=121)
	  Sort Key: c
	  ->  Bitmap Heap Scan on sbtest8  (cost=296.38..36183.51 rows=10531 width=121)
	        Recheck Cond: ((id >= 8749493) AND (id <= 8759492))
	        ->  Bitmap Index Scan on sbtest8_pkey  (cost=0.00..293.75 rows=10531 width=0)
	              Index Cond: ((id >= 8749493) AND (id <= 8759492))

for: sum_ranges
table 1 : explain SELECT SUM(k) FROM sbtest1 WHERE id BETWEEN 876314 AND 886313
	Aggregate  (cost=32988.26..32988.27 rows=1 width=8)
	  ->  Bitmap Heap Scan on sbtest1  (cost=265.72..32964.53 rows=9491 width=4)
	        Recheck Cond: ((id >= 876314) AND (id <= 886313))
	        ->  Bitmap Index Scan on sbtest1_pkey  (cost=0.00..263.34 rows=9491 width=0)
	              Index Cond: ((id >= 876314) AND (id <= 886313))

table 2 : explain SELECT SUM(k) FROM sbtest2 WHERE id BETWEEN 8556759 AND 8566758
	Aggregate  (cost=35763.52..35763.53 rows=1 width=8)
	  ->  Bitmap Heap Scan on sbtest2  (cost=290.90..35737.55 rows=10387 width=4)
	        Recheck Cond: ((id >= 8556759) AND (id <= 8566758))
	        ->  Bitmap Index Scan on sbtest2_pkey  (cost=0.00..288.31 rows=10387 width=0)
	              Index Cond: ((id >= 8556759) AND (id <= 8566758))

table 3 : explain SELECT SUM(k) FROM sbtest3 WHERE id BETWEEN 9748938 AND 9758937
	Aggregate  (cost=37568.36..37568.37 rows=1 width=8)
	  ->  Bitmap Heap Scan on sbtest3  (cost=311.98..37541.16 rows=10882 width=4)
	        Recheck Cond: ((id >= 9748938) AND (id <= 9758937))
	        ->  Bitmap Index Scan on sbtest3_pkey  (cost=0.00..309.25 rows=10882 width=0)
	              Index Cond: ((id >= 9748938) AND (id <= 9758937))

table 4 : explain SELECT SUM(k) FROM sbtest4 WHERE id BETWEEN 1224320 AND 1234319
	Aggregate  (cost=34400.37..34400.38 rows=1 width=8)
	  ->  Bitmap Heap Scan on sbtest4  (cost=273.87..34375.63 rows=9896 width=4)
	        Recheck Cond: ((id >= 1224320) AND (id <= 1234319))
	        ->  Bitmap Index Scan on sbtest4_pkey  (cost=0.00..271.40 rows=9896 width=0)
	              Index Cond: ((id >= 1224320) AND (id <= 1234319))

table 5 : explain SELECT SUM(k) FROM sbtest5 WHERE id BETWEEN 4262863 AND 4272862
	Aggregate  (cost=36917.45..36917.46 rows=1 width=8)
	  ->  Bitmap Heap Scan on sbtest5  (cost=290.66..36890.56 rows=10754 width=4)
	        Recheck Cond: ((id >= 4262863) AND (id <= 4272862))
	        ->  Bitmap Index Scan on sbtest5_pkey  (cost=0.00..287.98 rows=10754 width=0)
	              Index Cond: ((id >= 4262863) AND (id <= 4272862))

table 6 : explain SELECT SUM(k) FROM sbtest6 WHERE id BETWEEN 1654164 AND 1664163
	Aggregate  (cost=33301.84..33301.85 rows=1 width=8)
	  ->  Bitmap Heap Scan on sbtest6  (cost=266.64..33277.89 rows=9581 width=4)
	        Recheck Cond: ((id >= 1654164) AND (id <= 1664163))
	        ->  Bitmap Index Scan on sbtest6_pkey  (cost=0.00..264.25 rows=9581 width=0)
	              Index Cond: ((id >= 1654164) AND (id <= 1664163))

table 7 : explain SELECT SUM(k) FROM sbtest7 WHERE id BETWEEN 2261517 AND 2271516
	Aggregate  (cost=35067.79..35067.80 rows=1 width=8)
	  ->  Bitmap Heap Scan on sbtest7  (cost=291.79..35042.59 rows=10083 width=4)
	        Recheck Cond: ((id >= 2261517) AND (id <= 2271516))
	        ->  Bitmap Index Scan on sbtest7_pkey  (cost=0.00..289.26 rows=10083 width=0)
	              Index Cond: ((id >= 2261517) AND (id <= 2271516))

table 8 : explain SELECT SUM(k) FROM sbtest8 WHERE id BETWEEN 5851987 AND 5861986
	Aggregate  (cost=35490.29..35490.30 rows=1 width=8)
	  ->  Bitmap Heap Scan on sbtest8  (cost=290.02..35464.54 rows=10301 width=4)
	        Recheck Cond: ((id >= 5851987) AND (id <= 5861986))
	        ->  Bitmap Index Scan on sbtest8_pkey  (cost=0.00..287.44 rows=10301 width=0)
	              Index Cond: ((id >= 5851987) AND (id <= 5861986))

for: distinct_ranges
table 1 : explain SELECT DISTINCT c FROM sbtest1 WHERE id BETWEEN 6116047 AND 6126046 ORDER BY c
	Unique  (cost=33168.30..33215.10 rows=9361 width=121)
	  ->  Sort  (cost=33168.30..33191.70 rows=9361 width=121)
	        Sort Key: c
	        ->  Bitmap Heap Scan on sbtest1  (cost=260.39..32550.83 rows=9361 width=121)
	              Recheck Cond: ((id >= 6116047) AND (id <= 6126046))
	              ->  Bitmap Index Scan on sbtest1_pkey  (cost=0.00..258.05 rows=9361 width=0)
	                    Index Cond: ((id >= 6116047) AND (id <= 6126046))

table 2 : explain SELECT DISTINCT c FROM sbtest2 WHERE id BETWEEN 4111644 AND 4121643 ORDER BY c
	Unique  (cost=34133.11..34181.47 rows=9672 width=121)
	  ->  Sort  (cost=34133.11..34157.29 rows=9672 width=121)
	        Sort Key: c
	        ->  Bitmap Heap Scan on sbtest2  (cost=271.57..33492.85 rows=9672 width=121)
	              Recheck Cond: ((id >= 4111644) AND (id <= 4121643))
	              ->  Bitmap Index Scan on sbtest2_pkey  (cost=0.00..269.16 rows=9672 width=0)
	                    Index Cond: ((id >= 4111644) AND (id <= 4121643))

table 3 : explain SELECT DISTINCT c FROM sbtest3 WHERE id BETWEEN 7891257 AND 7901256 ORDER BY c
	Unique  (cost=36746.20..36798.24 rows=10408 width=121)
	  ->  Sort  (cost=36746.20..36772.22 rows=10408 width=121)
	        Sort Key: c
	        ->  Bitmap Heap Scan on sbtest3  (cost=299.12..36051.71 rows=10408 width=121)
	              Recheck Cond: ((id >= 7891257) AND (id <= 7901256))
	              ->  Bitmap Index Scan on sbtest3_pkey  (cost=0.00..296.51 rows=10408 width=0)
	                    Index Cond: ((id >= 7891257) AND (id <= 7901256))

table 4 : explain SELECT DISTINCT c FROM sbtest4 WHERE id BETWEEN 109567 AND 119566 ORDER BY c
	Unique  (cost=33857.83..33905.51 rows=9535 width=121)
	  ->  Sort  (cost=33857.83..33881.67 rows=9535 width=121)
	        Sort Key: c
	        ->  Bitmap Heap Scan on sbtest4  (cost=262.17..33227.62 rows=9535 width=121)
	              Recheck Cond: ((id >= 109567) AND (id <= 119566))
	              ->  Bitmap Index Scan on sbtest4_pkey  (cost=0.00..259.79 rows=9535 width=0)
	                    Index Cond: ((id >= 109567) AND (id <= 119566))

table 5 : explain SELECT DISTINCT c FROM sbtest5 WHERE id BETWEEN 4518554 AND 4528553 ORDER BY c
	Unique  (cost=33618.55..33666.10 rows=9510 width=121)
	  ->  Sort  (cost=33618.55..33642.32 rows=9510 width=121)
	        Sort Key: c
	        ->  Bitmap Heap Scan on sbtest5  (cost=257.91..32990.16 rows=9510 width=121)
	              Recheck Cond: ((id >= 4518554) AND (id <= 4528553))
	              ->  Bitmap Index Scan on sbtest5_pkey  (cost=0.00..255.54 rows=9510 width=0)
	                    Index Cond: ((id >= 4518554) AND (id <= 4528553))

table 6 : explain SELECT DISTINCT c FROM sbtest6 WHERE id BETWEEN 4995905 AND 5005904 ORDER BY c
	Unique  (cost=36735.97..36788.25 rows=10457 width=121)
	  ->  Sort  (cost=36735.97..36762.11 rows=10457 width=121)
	        Sort Key: c
	        ->  Bitmap Heap Scan on sbtest6  (cost=291.62..36037.85 rows=10457 width=121)
	              Recheck Cond: ((id >= 4995905) AND (id <= 5005904))
	              ->  Bitmap Index Scan on sbtest6_pkey  (cost=0.00..289.00 rows=10457 width=0)
	                    Index Cond: ((id >= 4995905) AND (id <= 5005904))

table 7 : explain SELECT DISTINCT c FROM sbtest7 WHERE id BETWEEN 5811299 AND 5821298 ORDER BY c
	Unique  (cost=36252.15..36303.40 rows=10249 width=121)
	  ->  Sort  (cost=36252.15..36277.77 rows=10249 width=121)
	        Sort Key: c
	        ->  Bitmap Heap Scan on sbtest7  (cost=297.49..35569.40 rows=10249 width=121)
	              Recheck Cond: ((id >= 5811299) AND (id <= 5821298))
	              ->  Bitmap Index Scan on sbtest7_pkey  (cost=0.00..294.93 rows=10249 width=0)
	                    Index Cond: ((id >= 5811299) AND (id <= 5821298))

table 8 : explain SELECT DISTINCT c FROM sbtest8 WHERE id BETWEEN 4114613 AND 4124612 ORDER BY c
	Unique  (cost=35818.17..35869.15 rows=10197 width=121)
	  ->  Sort  (cost=35818.17..35843.66 rows=10197 width=121)
	        Sort Key: c
	        ->  Bitmap Heap Scan on sbtest8  (cost=284.95..35139.26 rows=10197 width=121)
	              Recheck Cond: ((id >= 4114613) AND (id <= 4124612))
	              ->  Bitmap Index Scan on sbtest8_pkey  (cost=0.00..282.41 rows=10197 width=0)
	                    Index Cond: ((id >= 4114613) AND (id <= 4124612))

for point_selects
table 1 : explain SELECT c FROM sbtest1 WHERE id=7991998
	Index Scan using sbtest1_pkey on sbtest1  (cost=0.43..8.45 rows=1 width=121)
	  Index Cond: (id = 7991998)

table 2 : explain SELECT c FROM sbtest2 WHERE id=3431211
	Index Scan using sbtest2_pkey on sbtest2  (cost=0.43..8.45 rows=1 width=121)
	  Index Cond: (id = 3431211)

table 3 : explain SELECT c FROM sbtest3 WHERE id=5262587
	Index Scan using sbtest3_pkey on sbtest3  (cost=0.43..8.45 rows=1 width=121)
	  Index Cond: (id = 5262587)

table 4 : explain SELECT c FROM sbtest4 WHERE id=4412404
	Index Scan using sbtest4_pkey on sbtest4  (cost=0.43..8.45 rows=1 width=121)
	  Index Cond: (id = 4412404)

table 5 : explain SELECT c FROM sbtest5 WHERE id=1062121
	Index Scan using sbtest5_pkey on sbtest5  (cost=0.43..8.45 rows=1 width=121)
	  Index Cond: (id = 1062121)

table 6 : explain SELECT c FROM sbtest6 WHERE id=7657088
	Index Scan using sbtest6_pkey on sbtest6  (cost=0.43..8.45 rows=1 width=121)
	  Index Cond: (id = 7657088)

table 7 : explain SELECT c FROM sbtest7 WHERE id=6000442
	Index Scan using sbtest7_pkey on sbtest7  (cost=0.43..8.45 rows=1 width=121)
	  Index Cond: (id = 6000442)

table 8 : explain SELECT c FROM sbtest8 WHERE id=5925747
	Index Scan using sbtest8_pkey on sbtest8  (cost=0.43..8.45 rows=1 width=121)
	  Index Cond: (id = 5925747)

for: distinct_ranges
table 1 : explain SELECT DISTINCT c FROM sbtest1 WHERE id BETWEEN 163902 AND 173901 ORDER BY c
	Unique  (cost=35091.48..35141.25 rows=9955 width=121)
	  ->  Sort  (cost=35091.48..35116.37 rows=9955 width=121)
	        Sort Key: c
	        ->  Bitmap Heap Scan on sbtest1  (cost=278.47..34430.41 rows=9955 width=121)
	              Recheck Cond: ((id >= 163902) AND (id <= 173901))
	              ->  Bitmap Index Scan on sbtest1_pkey  (cost=0.00..275.99 rows=9955 width=0)
	                    Index Cond: ((id >= 163902) AND (id <= 173901))

table 2 : explain SELECT DISTINCT c FROM sbtest2 WHERE id BETWEEN 2752938 AND 2762937 ORDER BY c
	Unique  (cost=35399.24..35449.57 rows=10066 width=121)
	  ->  Sort  (cost=35399.24..35424.40 rows=10066 width=121)
	        Sort Key: c
	        ->  Bitmap Heap Scan on sbtest2  (cost=279.61..34729.99 rows=10066 width=121)
	              Recheck Cond: ((id >= 2752938) AND (id <= 2762937))
	              ->  Bitmap Index Scan on sbtest2_pkey  (cost=0.00..277.09 rows=10066 width=0)
	                    Index Cond: ((id >= 2752938) AND (id <= 2762937))

table 3 : explain SELECT DISTINCT c FROM sbtest3 WHERE id BETWEEN 2375607 AND 2385606 ORDER BY c
	Unique  (cost=36344.40..36395.82 rows=10284 width=121)
	  ->  Sort  (cost=36344.40..36370.11 rows=10284 width=121)
	        Sort Key: c
	        ->  Bitmap Heap Scan on sbtest3  (cost=293.85..35659.07 rows=10284 width=121)
	              Recheck Cond: ((id >= 2375607) AND (id <= 2385606))
	              ->  Bitmap Index Scan on sbtest3_pkey  (cost=0.00..291.28 rows=10284 width=0)
	                    Index Cond: ((id >= 2375607) AND (id <= 2385606))

table 4 : explain SELECT DISTINCT c FROM sbtest4 WHERE id BETWEEN 90302 AND 100301 ORDER BY c
	Unique  (cost=35550.66..35600.94 rows=10056 width=121)
	  ->  Sort  (cost=35550.66..35575.80 rows=10056 width=121)
	        Sort Key: c
	        ->  Bitmap Heap Scan on sbtest4  (cost=275.51..34882.15 rows=10056 width=121)
	              Recheck Cond: ((id >= 90302) AND (id <= 100301))
	              ->  Bitmap Index Scan on sbtest4_pkey  (cost=0.00..273.00 rows=10056 width=0)
	                    Index Cond: ((id >= 90302) AND (id <= 100301))

table 5 : explain SELECT DISTINCT c FROM sbtest5 WHERE id BETWEEN 9207373 AND 9217372 ORDER BY c
	Unique  (cost=35800.08..35851.02 rows=10187 width=121)
	  ->  Sort  (cost=35800.08..35825.55 rows=10187 width=121)
	        Sort Key: c
	        ->  Bitmap Heap Scan on sbtest5  (cost=276.85..35121.91 rows=10187 width=121)
	              Recheck Cond: ((id >= 9207373) AND (id <= 9217372))
	              ->  Bitmap Index Scan on sbtest5_pkey  (cost=0.00..274.31 rows=10187 width=0)
	                    Index Cond: ((id >= 9207373) AND (id <= 9217372))

table 6 : explain SELECT DISTINCT c FROM sbtest6 WHERE id BETWEEN 6508160 AND 6518159 ORDER BY c
	Unique  (cost=36307.07..36358.69 rows=10324 width=121)
	  ->  Sort  (cost=36307.07..36332.88 rows=10324 width=121)
	        Sort Key: c
	        ->  Bitmap Heap Scan on sbtest6  (cost=286.26..35618.78 rows=10324 width=121)
	              Recheck Cond: ((id >= 6508160) AND (id <= 6518159))
	              ->  Bitmap Index Scan on sbtest6_pkey  (cost=0.00..283.68 rows=10324 width=0)
	                    Index Cond: ((id >= 6508160) AND (id <= 6518159))

table 7 : explain SELECT DISTINCT c FROM sbtest7 WHERE id BETWEEN 1785374 AND 1795373 ORDER BY c
	Unique  (cost=35073.03..35122.46 rows=9886 width=121)
	  ->  Sort  (cost=35073.03..35097.74 rows=9886 width=121)
	        Sort Key: c
	        ->  Bitmap Heap Scan on sbtest7  (cost=285.77..34417.03 rows=9886 width=121)
	              Recheck Cond: ((id >= 1785374) AND (id <= 1795373))
	              ->  Bitmap Index Scan on sbtest7_pkey  (cost=0.00..283.30 rows=9886 width=0)
	                    Index Cond: ((id >= 1785374) AND (id <= 1795373))

table 8 : explain SELECT DISTINCT c FROM sbtest8 WHERE id BETWEEN 5274475 AND 5284474 ORDER BY c
	Unique  (cost=38786.87..38842.53 rows=11131 width=121)
	  ->  Sort  (cost=38786.87..38814.70 rows=11131 width=121)
	        Sort Key: c
	        ->  Bitmap Heap Scan on sbtest8  (cost=310.53..38038.74 rows=11131 width=121)
	              Recheck Cond: ((id >= 5274475) AND (id <= 5284474))
	              ->  Bitmap Index Scan on sbtest8_pkey  (cost=0.00..307.75 rows=11131 width=0)
	                    Index Cond: ((id >= 5274475) AND (id <= 5284474))

for point_selects
table 1 : explain SELECT c FROM sbtest1 WHERE id=4179267
	Index Scan using sbtest1_pkey on sbtest1  (cost=0.43..8.45 rows=1 width=121)
	  Index Cond: (id = 4179267)

table 2 : explain SELECT c FROM sbtest2 WHERE id=1192379
	Index Scan using sbtest2_pkey on sbtest2  (cost=0.43..8.45 rows=1 width=121)
	  Index Cond: (id = 1192379)

table 3 : explain SELECT c FROM sbtest3 WHERE id=1246768
	Index Scan using sbtest3_pkey on sbtest3  (cost=0.43..8.45 rows=1 width=121)
	  Index Cond: (id = 1246768)

table 4 : explain SELECT c FROM sbtest4 WHERE id=9162890
	Index Scan using sbtest4_pkey on sbtest4  (cost=0.43..8.45 rows=1 width=121)
	  Index Cond: (id = 9162890)

table 5 : explain SELECT c FROM sbtest5 WHERE id=1675929
	Index Scan using sbtest5_pkey on sbtest5  (cost=0.43..8.45 rows=1 width=121)
	  Index Cond: (id = 1675929)

table 6 : explain SELECT c FROM sbtest6 WHERE id=2037566
	Index Scan using sbtest6_pkey on sbtest6  (cost=0.43..8.45 rows=1 width=121)
	  Index Cond: (id = 2037566)

table 7 : explain SELECT c FROM sbtest7 WHERE id=1366853
	Index Scan using sbtest7_pkey on sbtest7  (cost=0.43..8.45 rows=1 width=121)
	  Index Cond: (id = 1366853)

table 8 : explain SELECT c FROM sbtest8 WHERE id=3608684
	Index Scan using sbtest8_pkey on sbtest8  (cost=0.43..8.45 rows=1 width=121)
	  Index Cond: (id = 3608684)

for: distinct_ranges
table 1 : explain SELECT DISTINCT c FROM sbtest1 WHERE id BETWEEN 176561 AND 186560 ORDER BY c
	Unique  (cost=35091.48..35141.25 rows=9955 width=121)
	  ->  Sort  (cost=35091.48..35116.37 rows=9955 width=121)
	        Sort Key: c
	        ->  Bitmap Heap Scan on sbtest1  (cost=278.47..34430.41 rows=9955 width=121)
	              Recheck Cond: ((id >= 176561) AND (id <= 186560))
	              ->  Bitmap Index Scan on sbtest1_pkey  (cost=0.00..275.99 rows=9955 width=0)
	                    Index Cond: ((id >= 176561) AND (id <= 186560))

table 2 : explain SELECT DISTINCT c FROM sbtest2 WHERE id BETWEEN 4633498 AND 4643497 ORDER BY c
	Unique  (cost=33366.27..33413.44 rows=9434 width=121)
	  ->  Sort  (cost=33366.27..33389.85 rows=9434 width=121)
	        Sort Key: c
	        ->  Bitmap Heap Scan on sbtest2  (cost=265.13..32743.45 rows=9434 width=121)
	              Recheck Cond: ((id >= 4633498) AND (id <= 4643497))
	              ->  Bitmap Index Scan on sbtest2_pkey  (cost=0.00..262.78 rows=9434 width=0)
	                    Index Cond: ((id >= 4633498) AND (id <= 4643497))

table 3 : explain SELECT DISTINCT c FROM sbtest3 WHERE id BETWEEN 3553609 AND 3563608 ORDER BY c
	Unique  (cost=34235.08..34283.25 rows=9635 width=121)
	  ->  Sort  (cost=34235.08..34259.16 rows=9635 width=121)
	        Sort Key: c
	        ->  Bitmap Heap Scan on sbtest3  (cost=275.19..33597.53 rows=9635 width=121)
	              Recheck Cond: ((id >= 3553609) AND (id <= 3563608))
	              ->  Bitmap Index Scan on sbtest3_pkey  (cost=0.00..272.79 rows=9635 width=0)
	                    Index Cond: ((id >= 3553609) AND (id <= 3563608))

table 4 : explain SELECT DISTINCT c FROM sbtest4 WHERE id BETWEEN 9895410 AND 9905409 ORDER BY c
	Unique  (cost=34479.04..34527.67 rows=9726 width=121)
	  ->  Sort  (cost=34479.04..34503.36 rows=9726 width=121)
	        Sort Key: c
	        ->  Bitmap Heap Scan on sbtest4  (cost=268.13..33834.81 rows=9726 width=121)
	              Recheck Cond: ((id >= 9895410) AND (id <= 9905409))
	              ->  Bitmap Index Scan on sbtest4_pkey  (cost=0.00..265.69 rows=9726 width=0)
	                    Index Cond: ((id >= 9895410) AND (id <= 9905409))

table 5 : explain SELECT DISTINCT c FROM sbtest5 WHERE id BETWEEN 3250830 AND 3260829 ORDER BY c
	Unique  (cost=34527.45..34576.40 rows=9791 width=121)
	  ->  Sort  (cost=34527.45..34551.93 rows=9791 width=121)
	        Sort Key: c
	        ->  Bitmap Heap Scan on sbtest5  (cost=264.79..33878.44 rows=9791 width=121)
	              Recheck Cond: ((id >= 3250830) AND (id <= 3260829))
	              ->  Bitmap Index Scan on sbtest5_pkey  (cost=0.00..262.34 rows=9791 width=0)
	                    Index Cond: ((id >= 3250830) AND (id <= 3260829))

table 6 : explain SELECT DISTINCT c FROM sbtest6 WHERE id BETWEEN 237842 AND 247841 ORDER BY c
	Unique  (cost=35735.47..35786.20 rows=10146 width=121)
	  ->  Sort  (cost=35735.47..35760.83 rows=10146 width=121)
	        Sort Key: c
	        ->  Bitmap Heap Scan on sbtest6  (cost=280.43..35060.32 rows=10146 width=121)
	              Recheck Cond: ((id >= 237842) AND (id <= 247841))
	              ->  Bitmap Index Scan on sbtest6_pkey  (cost=0.00..277.90 rows=10146 width=0)
	                    Index Cond: ((id >= 237842) AND (id <= 247841))

table 7 : explain SELECT DISTINCT c FROM sbtest7 WHERE id BETWEEN 8340870 AND 8350869 ORDER BY c
	Unique  (cost=33208.34..33254.92 rows=9317 width=121)
	  ->  Sort  (cost=33208.34..33231.63 rows=9317 width=121)
	        Sort Key: c
	        ->  Bitmap Heap Scan on sbtest7  (cost=267.93..32594.08 rows=9317 width=121)
	              Recheck Cond: ((id >= 8340870) AND (id <= 8350869))
	              ->  Bitmap Index Scan on sbtest7_pkey  (cost=0.00..265.61 rows=9317 width=0)
	                    Index Cond: ((id >= 8340870) AND (id <= 8350869))

table 8 : explain SELECT DISTINCT c FROM sbtest8 WHERE id BETWEEN 3940425 AND 3950424 ORDER BY c
	Unique  (cost=33887.40..33935.39 rows=9597 width=121)
	  ->  Sort  (cost=33887.40..33911.39 rows=9597 width=121)
	        Sort Key: c
	        ->  Bitmap Heap Scan on sbtest8  (cost=266.80..33252.64 rows=9597 width=121)
	              Recheck Cond: ((id >= 3940425) AND (id <= 3950424))
	              ->  Bitmap Index Scan on sbtest8_pkey  (cost=0.00..264.41 rows=9597 width=0)
	                    Index Cond: ((id >= 3940425) AND (id <= 3950424))

for: distinct_ranges
table 1 : explain SELECT DISTINCT c FROM sbtest1 WHERE id BETWEEN 6201197 AND 6211196 ORDER BY c
	Unique  (cost=33168.30..33215.10 rows=9361 width=121)
	  ->  Sort  (cost=33168.30..33191.70 rows=9361 width=121)
	        Sort Key: c
	        ->  Bitmap Heap Scan on sbtest1  (cost=260.39..32550.83 rows=9361 width=121)
	              Recheck Cond: ((id >= 6201197) AND (id <= 6211196))
	              ->  Bitmap Index Scan on sbtest1_pkey  (cost=0.00..258.05 rows=9361 width=0)
	                    Index Cond: ((id >= 6201197) AND (id <= 6211196))

table 2 : explain SELECT DISTINCT c FROM sbtest2 WHERE id BETWEEN 6992302 AND 7002301 ORDER BY c
	Unique  (cost=35762.26..35813.15 rows=10178 width=121)
	  ->  Sort  (cost=35762.26..35787.70 rows=10178 width=121)
	        Sort Key: c
	        ->  Bitmap Heap Scan on sbtest2  (cost=284.76..35084.75 rows=10178 width=121)
	              Recheck Cond: ((id >= 6992302) AND (id <= 7002301))
	              ->  Bitmap Index Scan on sbtest2_pkey  (cost=0.00..282.21 rows=10178 width=0)
	                    Index Cond: ((id >= 6992302) AND (id <= 7002301))

table 3 : explain SELECT DISTINCT c FROM sbtest3 WHERE id BETWEEN 2440030 AND 2450029 ORDER BY c
	Unique  (cost=33585.45..33632.63 rows=9436 width=121)
	  ->  Sort  (cost=33585.45..33609.04 rows=9436 width=121)
	        Sort Key: c
	        ->  Bitmap Heap Scan on sbtest3  (cost=269.15..32962.49 rows=9436 width=121)
	              Recheck Cond: ((id >= 2440030) AND (id <= 2450029))
	              ->  Bitmap Index Scan on sbtest3_pkey  (cost=0.00..266.80 rows=9436 width=0)
	                    Index Cond: ((id >= 2440030) AND (id <= 2450029))

table 4 : explain SELECT DISTINCT c FROM sbtest4 WHERE id BETWEEN 9219415 AND 9229414 ORDER BY c
	Unique  (cost=34044.83..34092.79 rows=9593 width=121)
	  ->  Sort  (cost=34044.83..34068.81 rows=9593 width=121)
	        Sort Key: c
	        ->  Bitmap Heap Scan on sbtest4  (cost=262.76..33410.36 rows=9593 width=121)
	              Recheck Cond: ((id >= 9219415) AND (id <= 9229414))
	              ->  Bitmap Index Scan on sbtest4_pkey  (cost=0.00..260.37 rows=9593 width=0)
	                    Index Cond: ((id >= 9219415) AND (id <= 9229414))

table 5 : explain SELECT DISTINCT c FROM sbtest5 WHERE id BETWEEN 9767294 AND 9777293 ORDER BY c
	Unique  (cost=34915.10..34964.65 rows=9911 width=121)
	  ->  Sort  (cost=34915.10..34939.88 rows=9911 width=121)
	        Sort Key: c
	        ->  Bitmap Heap Scan on sbtest5  (cost=270.02..34257.26 rows=9911 width=121)
	              Recheck Cond: ((id >= 9767294) AND (id <= 9777293))
	              ->  Bitmap Index Scan on sbtest5_pkey  (cost=0.00..267.55 rows=9911 width=0)
	                    Index Cond: ((id >= 9767294) AND (id <= 9777293))

table 6 : explain SELECT DISTINCT c FROM sbtest6 WHERE id BETWEEN 642596 AND 652595 ORDER BY c
	Unique  (cost=36419.12..36470.91 rows=10359 width=121)
	  ->  Sort  (cost=36419.12..36445.01 rows=10359 width=121)
	        Sort Key: c
	        ->  Bitmap Heap Scan on sbtest6  (cost=286.61..35728.24 rows=10359 width=121)
	              Recheck Cond: ((id >= 642596) AND (id <= 652595))
	              ->  Bitmap Index Scan on sbtest6_pkey  (cost=0.00..284.03 rows=10359 width=0)
	                    Index Cond: ((id >= 642596) AND (id <= 652595))

table 7 : explain SELECT DISTINCT c FROM sbtest7 WHERE id BETWEEN 8993897 AND 9003896 ORDER BY c
	Unique  (cost=33530.84..33577.91 rows=9414 width=121)
	  ->  Sort  (cost=33530.84..33554.37 rows=9414 width=121)
	        Sort Key: c
	        ->  Bitmap Heap Scan on sbtest7  (cost=272.93..32909.49 rows=9414 width=121)
	              Recheck Cond: ((id >= 8993897) AND (id <= 9003896))
	              ->  Bitmap Index Scan on sbtest7_pkey  (cost=0.00..270.57 rows=9414 width=0)
	                    Index Cond: ((id >= 8993897) AND (id <= 9003896))

table 8 : explain SELECT DISTINCT c FROM sbtest8 WHERE id BETWEEN 3300434 AND 3310433 ORDER BY c
	Unique  (cost=35389.33..35439.65 rows=10064 width=121)
	  ->  Sort  (cost=35389.33..35414.49 rows=10064 width=121)
	        Sort Key: c
	        ->  Bitmap Heap Scan on sbtest8  (cost=279.59..34720.23 rows=10064 width=121)
	              Recheck Cond: ((id >= 3300434) AND (id <= 3310433))
	              ->  Bitmap Index Scan on sbtest8_pkey  (cost=0.00..277.07 rows=10064 width=0)
	                    Index Cond: ((id >= 3300434) AND (id <= 3310433))

for point_selects
table 1 : explain SELECT c FROM sbtest1 WHERE id=9722699
	Index Scan using sbtest1_pkey on sbtest1  (cost=0.43..8.45 rows=1 width=121)
	  Index Cond: (id = 9722699)

table 2 : explain SELECT c FROM sbtest2 WHERE id=5070276
	Index Scan using sbtest2_pkey on sbtest2  (cost=0.43..8.45 rows=1 width=121)
	  Index Cond: (id = 5070276)

table 3 : explain SELECT c FROM sbtest3 WHERE id=5449934
	Index Scan using sbtest3_pkey on sbtest3  (cost=0.43..8.45 rows=1 width=121)
	  Index Cond: (id = 5449934)

table 4 : explain SELECT c FROM sbtest4 WHERE id=3554394
	Index Scan using sbtest4_pkey on sbtest4  (cost=0.43..8.45 rows=1 width=121)
	  Index Cond: (id = 3554394)

table 5 : explain SELECT c FROM sbtest5 WHERE id=2102872
	Index Scan using sbtest5_pkey on sbtest5  (cost=0.43..8.45 rows=1 width=121)
	  Index Cond: (id = 2102872)

table 6 : explain SELECT c FROM sbtest6 WHERE id=8515877
	Index Scan using sbtest6_pkey on sbtest6  (cost=0.43..8.45 rows=1 width=121)
	  Index Cond: (id = 8515877)

table 7 : explain SELECT c FROM sbtest7 WHERE id=8521562
	Index Scan using sbtest7_pkey on sbtest7  (cost=0.43..8.45 rows=1 width=121)
	  Index Cond: (id = 8521562)

table 8 : explain SELECT c FROM sbtest8 WHERE id=895354
	Index Scan using sbtest8_pkey on sbtest8  (cost=0.43..8.45 rows=1 width=121)
	  Index Cond: (id = 895354)

for: sum_ranges
table 1 : explain SELECT SUM(k) FROM sbtest1 WHERE id BETWEEN 9014673 AND 9024672
	Aggregate  (cost=38444.30..38444.31 rows=1 width=8)
	  ->  Bitmap Heap Scan on sbtest1  (cost=311.58..38416.22 rows=11234 width=4)
	        Recheck Cond: ((id >= 9014673) AND (id <= 9024672))
	        ->  Bitmap Index Scan on sbtest1_pkey  (cost=0.00..308.78 rows=11234 width=0)
	              Index Cond: ((id >= 9014673) AND (id <= 9024672))

table 2 : explain SELECT SUM(k) FROM sbtest2 WHERE id BETWEEN 1527631 AND 1537630
	Aggregate  (cost=33367.23..33367.24 rows=1 width=8)
	  ->  Bitmap Heap Scan on sbtest2  (cost=267.09..33343.17 rows=9625 width=4)
	        Recheck Cond: ((id >= 1527631) AND (id <= 1537630))
	        ->  Bitmap Index Scan on sbtest2_pkey  (cost=0.00..264.69 rows=9625 width=0)
	              Index Cond: ((id >= 1527631) AND (id <= 1537630))

table 3 : explain SELECT SUM(k) FROM sbtest3 WHERE id BETWEEN 3034816 AND 3044815
	Aggregate  (cost=35808.76..35808.77 rows=1 width=8)
	  ->  Bitmap Heap Scan on sbtest3  (cost=298.24..35782.95 rows=10322 width=4)
	        Recheck Cond: ((id >= 3034816) AND (id <= 3044815))
	        ->  Bitmap Index Scan on sbtest3_pkey  (cost=0.00..295.66 rows=10322 width=0)
	              Index Cond: ((id >= 3034816) AND (id <= 3044815))

table 4 : explain SELECT SUM(k) FROM sbtest4 WHERE id BETWEEN 2084843 AND 2094842
	Aggregate  (cost=35219.53..35219.54 rows=1 width=8)
	  ->  Bitmap Heap Scan on sbtest4  (cost=280.51..35194.15 rows=10154 width=4)
	        Recheck Cond: ((id >= 2084843) AND (id <= 2094842))
	        ->  Bitmap Index Scan on sbtest4_pkey  (cost=0.00..277.98 rows=10154 width=0)
	              Index Cond: ((id >= 2084843) AND (id <= 2094842))

table 5 : explain SELECT SUM(k) FROM sbtest5 WHERE id BETWEEN 169074 AND 179073
	Aggregate  (cost=32261.93..32261.94 rows=1 width=8)
	  ->  Bitmap Heap Scan on sbtest5  (cost=251.48..32238.75 rows=9273 width=4)
	        Recheck Cond: ((id >= 169074) AND (id <= 179073))
	        ->  Bitmap Index Scan on sbtest5_pkey  (cost=0.00..249.17 rows=9273 width=0)
	              Index Cond: ((id >= 169074) AND (id <= 179073))

table 6 : explain SELECT SUM(k) FROM sbtest6 WHERE id BETWEEN 6029660 AND 6039659
	Aggregate  (cost=35779.90..35779.91 rows=1 width=8)
	  ->  Bitmap Heap Scan on sbtest6  (cost=286.70..35753.99 rows=10367 width=4)
	        Recheck Cond: ((id >= 6029660) AND (id <= 6039659))
	        ->  Bitmap Index Scan on sbtest6_pkey  (cost=0.00..284.11 rows=10367 width=0)
	              Index Cond: ((id >= 6029660) AND (id <= 6039659))

table 7 : explain SELECT SUM(k) FROM sbtest7 WHERE id BETWEEN 2871623 AND 2881622
	Aggregate  (cost=30863.84..30863.85 rows=1 width=8)
	  ->  Bitmap Heap Scan on sbtest7  (cost=254.35..30841.91 rows=8772 width=4)
	        Recheck Cond: ((id >= 2871623) AND (id <= 2881622))
	        ->  Bitmap Index Scan on sbtest7_pkey  (cost=0.00..252.16 rows=8772 width=0)
	              Index Cond: ((id >= 2871623) AND (id <= 2881622))

table 8 : explain SELECT SUM(k) FROM sbtest8 WHERE id BETWEEN 9887924 AND 9897923
	Aggregate  (cost=37438.22..37438.23 rows=1 width=8)
	  ->  Bitmap Heap Scan on sbtest8  (cost=304.45..37410.90 rows=10928 width=4)
	        Recheck Cond: ((id >= 9887924) AND (id <= 9897923))
	        ->  Bitmap Index Scan on sbtest8_pkey  (cost=0.00..301.71 rows=10928 width=0)
	              Index Cond: ((id >= 9887924) AND (id <= 9897923))

for: order_ranges
table 1 : explain SELECT c FROM sbtest1 WHERE id BETWEEN 8700103 AND 8710102 ORDER BY c
	Sort  (cost=34617.60..34642.13 rows=9809 width=121)
	  Sort Key: c
	  ->  Bitmap Heap Scan on sbtest1  (cost=272.98..33967.27 rows=9809 width=121)
	        Recheck Cond: ((id >= 8700103) AND (id <= 8710102))
	        ->  Bitmap Index Scan on sbtest1_pkey  (cost=0.00..270.53 rows=9809 width=0)
	              Index Cond: ((id >= 8700103) AND (id <= 8710102))

table 2 : explain SELECT c FROM sbtest2 WHERE id BETWEEN 6024327 AND 6034326 ORDER BY c
	Sort  (cost=31391.06..31413.13 rows=8828 width=121)
	  Sort Key: c
	  ->  Bitmap Heap Scan on sbtest2  (cost=246.92..30812.48 rows=8828 width=121)
	        Recheck Cond: ((id >= 6024327) AND (id <= 6034326))
	        ->  Bitmap Index Scan on sbtest2_pkey  (cost=0.00..244.72 rows=8828 width=0)
	              Index Cond: ((id >= 6024327) AND (id <= 6034326))

table 3 : explain SELECT c FROM sbtest3 WHERE id BETWEEN 3587143 AND 3597142 ORDER BY c
	Sort  (cost=34235.08..34259.16 rows=9635 width=121)
	  Sort Key: c
	  ->  Bitmap Heap Scan on sbtest3  (cost=275.19..33597.53 rows=9635 width=121)
	        Recheck Cond: ((id >= 3587143) AND (id <= 3597142))
	        ->  Bitmap Index Scan on sbtest3_pkey  (cost=0.00..272.79 rows=9635 width=0)
	              Index Cond: ((id >= 3587143) AND (id <= 3597142))

table 4 : explain SELECT c FROM sbtest4 WHERE id BETWEEN 8374851 AND 8384850 ORDER BY c
	Sort  (cost=34168.27..34192.35 rows=9631 width=121)
	  Sort Key: c
	  ->  Bitmap Heap Scan on sbtest4  (cost=263.15..33531.02 rows=9631 width=121)
	        Recheck Cond: ((id >= 8374851) AND (id <= 8384850))
	        ->  Bitmap Index Scan on sbtest4_pkey  (cost=0.00..260.75 rows=9631 width=0)
	              Index Cond: ((id >= 8374851) AND (id <= 8384850))

table 5 : explain SELECT c FROM sbtest5 WHERE id BETWEEN 7925044 AND 7935043 ORDER BY c
	Sort  (cost=33807.77..33831.69 rows=9569 width=121)
	  Sort Key: c
	  ->  Bitmap Heap Scan on sbtest5  (cost=258.52..33175.06 rows=9569 width=121)
	        Recheck Cond: ((id >= 7925044) AND (id <= 7935043))
	        ->  Bitmap Index Scan on sbtest5_pkey  (cost=0.00..256.12 rows=9569 width=0)
	              Index Cond: ((id >= 7925044) AND (id <= 7935043))

table 6 : explain SELECT c FROM sbtest6 WHERE id BETWEEN 2870389 AND 2880388 ORDER BY c
	Sort  (cost=34227.16..34251.36 rows=9679 width=121)
	  Sort Key: c
	  ->  Bitmap Heap Scan on sbtest6  (cost=267.64..33586.38 rows=9679 width=121)
	        Recheck Cond: ((id >= 2870389) AND (id <= 2880388))
	        ->  Bitmap Index Scan on sbtest6_pkey  (cost=0.00..265.23 rows=9679 width=0)
	              Index Cond: ((id >= 2870389) AND (id <= 2880388))

table 7 : explain SELECT c FROM sbtest7 WHERE id BETWEEN 1416053 AND 1426052 ORDER BY c
	Sort  (cost=35209.75..35234.58 rows=9929 width=121)
	  Sort Key: c
	  ->  Bitmap Heap Scan on sbtest7  (cost=286.21..34550.59 rows=9929 width=121)
	        Recheck Cond: ((id >= 1416053) AND (id <= 1426052))
	        ->  Bitmap Index Scan on sbtest7_pkey  (cost=0.00..283.73 rows=9929 width=0)
	              Index Cond: ((id >= 1416053) AND (id <= 1426052))

table 8 : explain SELECT c FROM sbtest8 WHERE id BETWEEN 4127086 AND 4137085 ORDER BY c
	Sort  (cost=35818.17..35843.66 rows=10197 width=121)
	  Sort Key: c
	  ->  Bitmap Heap Scan on sbtest8  (cost=284.95..35139.26 rows=10197 width=121)
	        Recheck Cond: ((id >= 4127086) AND (id <= 4137085))
	        ->  Bitmap Index Scan on sbtest8_pkey  (cost=0.00..282.41 rows=10197 width=0)
	              Index Cond: ((id >= 4127086) AND (id <= 4137085))

for: simple_ranges
table 1 : explain SELECT c FROM sbtest1 WHERE id BETWEEN 9704640 AND 9714639
	Bitmap Heap Scan on sbtest1  (cost=284.87..35166.69 rows=10189 width=121)
	  Recheck Cond: ((id >= 9704640) AND (id <= 9714639))
	  ->  Bitmap Index Scan on sbtest1_pkey  (cost=0.00..282.32 rows=10189 width=0)
	        Index Cond: ((id >= 9704640) AND (id <= 9714639))

table 2 : explain SELECT c FROM sbtest2 WHERE id BETWEEN 9164343 AND 9174342
	Bitmap Heap Scan on sbtest2  (cost=279.90..34816.93 rows=10094 width=121)
	  Recheck Cond: ((id >= 9164343) AND (id <= 9174342))
	  ->  Bitmap Index Scan on sbtest2_pkey  (cost=0.00..277.38 rows=10094 width=0)
	        Index Cond: ((id >= 9164343) AND (id <= 9174342))

table 3 : explain SELECT c FROM sbtest3 WHERE id BETWEEN 8037595 AND 8047594
	Bitmap Heap Scan on sbtest3  (cost=292.92..35376.95 rows=10194 width=121)
	  Recheck Cond: ((id >= 8037595) AND (id <= 8047594))
	  ->  Bitmap Index Scan on sbtest3_pkey  (cost=0.00..290.38 rows=10194 width=0)
	        Index Cond: ((id >= 8037595) AND (id <= 8047594))

table 4 : explain SELECT c FROM sbtest4 WHERE id BETWEEN 5749032 AND 5759031
	Bitmap Heap Scan on sbtest4  (cost=287.40..36081.29 rows=10436 width=121)
	  Recheck Cond: ((id >= 5749032) AND (id <= 5759031))
	  ->  Bitmap Index Scan on sbtest4_pkey  (cost=0.00..284.80 rows=10436 width=0)
	        Index Cond: ((id >= 5749032) AND (id <= 5759031))

table 5 : explain SELECT c FROM sbtest5 WHERE id BETWEEN 4989983 AND 4999982
	Bitmap Heap Scan on sbtest5  (cost=263.29..33415.64 rows=9644 width=121)
	  Recheck Cond: ((id >= 4989983) AND (id <= 4999982))
	  ->  Bitmap Index Scan on sbtest5_pkey  (cost=0.00..260.88 rows=9644 width=0)
	        Index Cond: ((id >= 4989983) AND (id <= 4999982))

table 6 : explain SELECT c FROM sbtest6 WHERE id BETWEEN 4351893 AND 4361892
	Bitmap Heap Scan on sbtest6  (cost=254.14..31878.74 rows=9142 width=121)
	  Recheck Cond: ((id >= 4351893) AND (id <= 4361892))
	  ->  Bitmap Index Scan on sbtest6_pkey  (cost=0.00..251.86 rows=9142 width=0)
	        Index Cond: ((id >= 4351893) AND (id <= 4361892))

table 7 : explain SELECT c FROM sbtest7 WHERE id BETWEEN 4718662 AND 4728661
	Bitmap Heap Scan on sbtest7  (cost=297.60..35601.86 rows=10260 width=121)
	  Recheck Cond: ((id >= 4718662) AND (id <= 4728661))
	  ->  Bitmap Index Scan on sbtest7_pkey  (cost=0.00..295.04 rows=10260 width=0)
	        Index Cond: ((id >= 4718662) AND (id <= 4728661))

table 8 : explain SELECT c FROM sbtest8 WHERE id BETWEEN 8717897 AND 8727896
	Bitmap Heap Scan on sbtest8  (cost=290.06..35477.38 rows=10305 width=121)
	  Recheck Cond: ((id >= 8717897) AND (id <= 8727896))
	  ->  Bitmap Index Scan on sbtest8_pkey  (cost=0.00..287.49 rows=10305 width=0)
	        Index Cond: ((id >= 8717897) AND (id <= 8727896))

for: simple_ranges
table 1 : explain SELECT c FROM sbtest1 WHERE id BETWEEN 9731784 AND 9741783
	Bitmap Heap Scan on sbtest1  (cost=298.46..36866.86 rows=10734 width=121)
	  Recheck Cond: ((id >= 9731784) AND (id <= 9741783))
	  ->  Bitmap Index Scan on sbtest1_pkey  (cost=0.00..295.78 rows=10734 width=0)
	        Index Cond: ((id >= 9731784) AND (id <= 9741783))

table 2 : explain SELECT c FROM sbtest2 WHERE id BETWEEN 9932929 AND 9942928
	Bitmap Heap Scan on sbtest2  (cost=279.36..34652.68 rows=10041 width=121)
	  Recheck Cond: ((id >= 9932929) AND (id <= 9942928))
	  ->  Bitmap Index Scan on sbtest2_pkey  (cost=0.00..276.84 rows=10041 width=0)
	        Index Cond: ((id >= 9932929) AND (id <= 9942928))

table 3 : explain SELECT c FROM sbtest3 WHERE id BETWEEN 7662158 AND 7672157
	Bitmap Heap Scan on sbtest3  (cost=306.55..37105.48 rows=10743 width=121)
	  Recheck Cond: ((id >= 7662158) AND (id <= 7672157))
	  ->  Bitmap Index Scan on sbtest3_pkey  (cost=0.00..303.87 rows=10743 width=0)
	        Index Cond: ((id >= 7662158) AND (id <= 7672157))

table 4 : explain SELECT c FROM sbtest4 WHERE id BETWEEN 1178172 AND 1188171
	Bitmap Heap Scan on sbtest4  (cost=281.71..35560.06 rows=10271 width=121)
	  Recheck Cond: ((id >= 1178172) AND (id <= 1188171))
	  ->  Bitmap Index Scan on sbtest4_pkey  (cost=0.00..279.15 rows=10271 width=0)
	        Index Cond: ((id >= 1178172) AND (id <= 1188171))

table 5 : explain SELECT c FROM sbtest5 WHERE id BETWEEN 9335204 AND 9345203
	Bitmap Heap Scan on sbtest5  (cost=271.14..34599.28 rows=10020 width=121)
	  Recheck Cond: ((id >= 9335204) AND (id <= 9345203))
	  ->  Bitmap Index Scan on sbtest5_pkey  (cost=0.00..268.63 rows=10020 width=0)
	        Index Cond: ((id >= 9335204) AND (id <= 9345203))

table 6 : explain SELECT c FROM sbtest6 WHERE id BETWEEN 4112363 AND 4122362
	Bitmap Heap Scan on sbtest6  (cost=265.81..33021.09 rows=9500 width=121)
	  Recheck Cond: ((id >= 4112363) AND (id <= 4122362))
	  ->  Bitmap Index Scan on sbtest6_pkey  (cost=0.00..263.44 rows=9500 width=0)
	        Index Cond: ((id >= 4112363) AND (id <= 4122362))

table 7 : explain SELECT c FROM sbtest7 WHERE id BETWEEN 7788524 AND 7798523
	Bitmap Heap Scan on sbtest7  (cost=309.69..36862.33 rows=10659 width=121)
	  Recheck Cond: ((id >= 7788524) AND (id <= 7798523))
	  ->  Bitmap Index Scan on sbtest7_pkey  (cost=0.00..307.03 rows=10659 width=0)
	        Index Cond: ((id >= 7788524) AND (id <= 7798523))

table 8 : explain SELECT c FROM sbtest8 WHERE id BETWEEN 3162924 AND 3172923
	Bitmap Heap Scan on sbtest8  (cost=341.81..41410.31 rows=12232 width=121)
	  Recheck Cond: ((id >= 3162924) AND (id <= 3172923))
	  ->  Bitmap Index Scan on sbtest8_pkey  (cost=0.00..338.75 rows=12232 width=0)
	        Index Cond: ((id >= 3162924) AND (id <= 3172923))

for point_selects
table 1 : explain SELECT c FROM sbtest1 WHERE id=3925391
	Index Scan using sbtest1_pkey on sbtest1  (cost=0.43..8.45 rows=1 width=121)
	  Index Cond: (id = 3925391)

table 2 : explain SELECT c FROM sbtest2 WHERE id=8395598
	Index Scan using sbtest2_pkey on sbtest2  (cost=0.43..8.45 rows=1 width=121)
	  Index Cond: (id = 8395598)

table 3 : explain SELECT c FROM sbtest3 WHERE id=5625630
	Index Scan using sbtest3_pkey on sbtest3  (cost=0.43..8.45 rows=1 width=121)
	  Index Cond: (id = 5625630)

table 4 : explain SELECT c FROM sbtest4 WHERE id=6730183
	Index Scan using sbtest4_pkey on sbtest4  (cost=0.43..8.45 rows=1 width=121)
	  Index Cond: (id = 6730183)

table 5 : explain SELECT c FROM sbtest5 WHERE id=5245006
	Index Scan using sbtest5_pkey on sbtest5  (cost=0.43..8.45 rows=1 width=121)
	  Index Cond: (id = 5245006)

table 6 : explain SELECT c FROM sbtest6 WHERE id=4808531
	Index Scan using sbtest6_pkey on sbtest6  (cost=0.43..8.45 rows=1 width=121)
	  Index Cond: (id = 4808531)

table 7 : explain SELECT c FROM sbtest7 WHERE id=5998043
	Index Scan using sbtest7_pkey on sbtest7  (cost=0.43..8.45 rows=1 width=121)
	  Index Cond: (id = 5998043)

table 8 : explain SELECT c FROM sbtest8 WHERE id=8969145
	Index Scan using sbtest8_pkey on sbtest8  (cost=0.43..8.45 rows=1 width=121)
	  Index Cond: (id = 8969145)

for point_selects
table 1 : explain SELECT c FROM sbtest1 WHERE id=9261310
	Index Scan using sbtest1_pkey on sbtest1  (cost=0.43..8.45 rows=1 width=121)
	  Index Cond: (id = 9261310)

table 2 : explain SELECT c FROM sbtest2 WHERE id=3419850
	Index Scan using sbtest2_pkey on sbtest2  (cost=0.43..8.45 rows=1 width=121)
	  Index Cond: (id = 3419850)

table 3 : explain SELECT c FROM sbtest3 WHERE id=3353867
	Index Scan using sbtest3_pkey on sbtest3  (cost=0.43..8.45 rows=1 width=121)
	  Index Cond: (id = 3353867)

table 4 : explain SELECT c FROM sbtest4 WHERE id=7063058
	Index Scan using sbtest4_pkey on sbtest4  (cost=0.43..8.45 rows=1 width=121)
	  Index Cond: (id = 7063058)

table 5 : explain SELECT c FROM sbtest5 WHERE id=3315417
	Index Scan using sbtest5_pkey on sbtest5  (cost=0.43..8.45 rows=1 width=121)
	  Index Cond: (id = 3315417)

table 6 : explain SELECT c FROM sbtest6 WHERE id=951946
	Index Scan using sbtest6_pkey on sbtest6  (cost=0.43..8.45 rows=1 width=121)
	  Index Cond: (id = 951946)

table 7 : explain SELECT c FROM sbtest7 WHERE id=3990600
	Index Scan using sbtest7_pkey on sbtest7  (cost=0.43..8.45 rows=1 width=121)
	  Index Cond: (id = 3990600)

table 8 : explain SELECT c FROM sbtest8 WHERE id=3806829
	Index Scan using sbtest8_pkey on sbtest8  (cost=0.43..8.45 rows=1 width=121)
	  Index Cond: (id = 3806829)

for: simple_ranges
table 1 : explain SELECT c FROM sbtest1 WHERE id BETWEEN 2156670 AND 2166669
	Bitmap Heap Scan on sbtest1  (cost=279.39..34708.09 rows=10044 width=121)
	  Recheck Cond: ((id >= 2156670) AND (id <= 2166669))
	  ->  Bitmap Index Scan on sbtest1_pkey  (cost=0.00..276.88 rows=10044 width=0)
	        Index Cond: ((id >= 2156670) AND (id <= 2166669))

table 2 : explain SELECT c FROM sbtest2 WHERE id BETWEEN 7973526 AND 7983525
	Bitmap Heap Scan on sbtest2  (cost=291.17..35817.74 rows=10413 width=121)
	  Recheck Cond: ((id >= 7973526) AND (id <= 7983525))
	  ->  Bitmap Index Scan on sbtest2_pkey  (cost=0.00..288.56 rows=10413 width=0)
	        Index Cond: ((id >= 7973526) AND (id <= 7983525))

table 3 : explain SELECT c FROM sbtest3 WHERE id BETWEEN 9875235 AND 9885234
	Bitmap Heap Scan on sbtest3  (cost=274.19..33287.10 rows=9537 width=121)
	  Recheck Cond: ((id >= 9875235) AND (id <= 9885234))
	  ->  Bitmap Index Scan on sbtest3_pkey  (cost=0.00..271.81 rows=9537 width=0)
	        Index Cond: ((id >= 9875235) AND (id <= 9885234))

table 4 : explain SELECT c FROM sbtest4 WHERE id BETWEEN 2222958 AND 2232957
	Bitmap Heap Scan on sbtest4  (cost=287.72..36178.16 rows=10467 width=121)
	  Recheck Cond: ((id >= 2222958) AND (id <= 2232957))
	  ->  Bitmap Index Scan on sbtest4_pkey  (cost=0.00..285.11 rows=10467 width=0)
	        Index Cond: ((id >= 2222958) AND (id <= 2232957))

table 5 : explain SELECT c FROM sbtest5 WHERE id BETWEEN 9460482 AND 9470481
	Bitmap Heap Scan on sbtest5  (cost=264.69..33846.11 rows=9781 width=121)
	  Recheck Cond: ((id >= 9460482) AND (id <= 9470481))
	  ->  Bitmap Index Scan on sbtest5_pkey  (cost=0.00..262.25 rows=9781 width=0)
	        Index Cond: ((id >= 9460482) AND (id <= 9470481))

table 6 : explain SELECT c FROM sbtest6 WHERE id BETWEEN 7808647 AND 7818646
	Bitmap Heap Scan on sbtest6  (cost=278.44..34452.94 rows=9952 width=121)
	  Recheck Cond: ((id >= 7808647) AND (id <= 7818646))
	  ->  Bitmap Index Scan on sbtest6_pkey  (cost=0.00..275.95 rows=9952 width=0)
	        Index Cond: ((id >= 7808647) AND (id <= 7818646))

table 7 : explain SELECT c FROM sbtest7 WHERE id BETWEEN 4054928 AND 4064927
	Bitmap Heap Scan on sbtest7  (cost=321.90..38152.48 rows=11070 width=121)
	  Recheck Cond: ((id >= 4054928) AND (id <= 4064927))
	  ->  Bitmap Index Scan on sbtest7_pkey  (cost=0.00..319.13 rows=11070 width=0)
	        Index Cond: ((id >= 4054928) AND (id <= 4064927))

table 8 : explain SELECT c FROM sbtest8 WHERE id BETWEEN 419495 AND 429494
	Bitmap Heap Scan on sbtest8  (cost=290.85..35718.04 rows=10382 width=121)
	  Recheck Cond: ((id >= 419495) AND (id <= 429494))
	  ->  Bitmap Index Scan on sbtest8_pkey  (cost=0.00..288.25 rows=10382 width=0)
	        Index Cond: ((id >= 419495) AND (id <= 429494))

for: order_ranges
table 1 : explain SELECT c FROM sbtest1 WHERE id BETWEEN 3305090 AND 3315089 ORDER BY c
	Sort  (cost=34076.42..34100.52 rows=9641 width=121)
	  Sort Key: c
	  ->  Bitmap Heap Scan on sbtest1  (cost=267.26..33438.43 rows=9641 width=121)
	        Recheck Cond: ((id >= 3305090) AND (id <= 3315089))
	        ->  Bitmap Index Scan on sbtest1_pkey  (cost=0.00..264.84 rows=9641 width=0)
	              Index Cond: ((id >= 3305090) AND (id <= 3315089))

table 2 : explain SELECT c FROM sbtest2 WHERE id BETWEEN 7487522 AND 7497521 ORDER BY c
	Sort  (cost=32216.76..32239.46 rows=9081 width=121)
	  Sort Key: c
	  ->  Bitmap Heap Scan on sbtest2  (cost=253.52..31619.75 rows=9081 width=121)
	        Recheck Cond: ((id >= 7487522) AND (id <= 7497521))
	        ->  Bitmap Index Scan on sbtest2_pkey  (cost=0.00..251.25 rows=9081 width=0)
	              Index Cond: ((id >= 7487522) AND (id <= 7497521))

table 3 : explain SELECT c FROM sbtest3 WHERE id BETWEEN 8917156 AND 8927155 ORDER BY c
	Sort  (cost=36148.61..36174.17 rows=10223 width=121)
	  Sort Key: c
	  ->  Bitmap Heap Scan on sbtest3  (cost=293.22..35467.78 rows=10223 width=121)
	        Recheck Cond: ((id >= 8917156) AND (id <= 8927155))
	        ->  Bitmap Index Scan on sbtest3_pkey  (cost=0.00..290.67 rows=10223 width=0)
	              Index Cond: ((id >= 8917156) AND (id <= 8927155))

table 4 : explain SELECT c FROM sbtest4 WHERE id BETWEEN 4864784 AND 4874783 ORDER BY c
	Sort  (cost=34948.50..34973.17 rows=9871 width=121)
	  Sort Key: c
	  ->  Bitmap Heap Scan on sbtest4  (cost=269.61..34293.61 rows=9871 width=121)
	        Recheck Cond: ((id >= 4864784) AND (id <= 4874783))
	        ->  Bitmap Index Scan on sbtest4_pkey  (cost=0.00..267.15 rows=9871 width=0)
	              Index Cond: ((id >= 4864784) AND (id <= 4874783))

table 5 : explain SELECT c FROM sbtest5 WHERE id BETWEEN 8868704 AND 8878703 ORDER BY c
	Sort  (cost=35889.02..35914.56 rows=10215 width=121)
	  Sort Key: c
	  ->  Bitmap Heap Scan on sbtest5  (cost=277.14..35208.79 rows=10215 width=121)
	        Recheck Cond: ((id >= 8868704) AND (id <= 8878703))
	        ->  Bitmap Index Scan on sbtest5_pkey  (cost=0.00..274.58 rows=10215 width=0)
	              Index Cond: ((id >= 8868704) AND (id <= 8878703))

table 6 : explain SELECT c FROM sbtest6 WHERE id BETWEEN 3570367 AND 3580366 ORDER BY c
	Sort  (cost=34333.41..34357.69 rows=9712 width=121)
	  Sort Key: c
	  ->  Bitmap Heap Scan on sbtest6  (cost=267.98..33690.21 rows=9712 width=121)
	        Recheck Cond: ((id >= 3570367) AND (id <= 3580366))
	        ->  Bitmap Index Scan on sbtest6_pkey  (cost=0.00..265.56 rows=9712 width=0)
	              Index Cond: ((id >= 3570367) AND (id <= 3580366))

table 7 : explain SELECT c FROM sbtest7 WHERE id BETWEEN 6985538 AND 6995537 ORDER BY c
	Sort  (cost=38190.29..38217.42 rows=10850 width=121)
	  Sort Key: c
	  ->  Bitmap Heap Scan on sbtest7  (cost=315.65..37463.05 rows=10850 width=121)
	        Recheck Cond: ((id >= 6985538) AND (id <= 6995537))
	        ->  Bitmap Index Scan on sbtest7_pkey  (cost=0.00..312.94 rows=10850 width=0)
	              Index Cond: ((id >= 6985538) AND (id <= 6995537))

table 8 : explain SELECT c FROM sbtest8 WHERE id BETWEEN 6430283 AND 6440282 ORDER BY c
	Sort  (cost=34821.79..34846.50 rows=9886 width=121)
	  Sort Key: c
	  ->  Bitmap Heap Scan on sbtest8  (cost=277.77..34165.79 rows=9886 width=121)
	        Recheck Cond: ((id >= 6430283) AND (id <= 6440282))
	        ->  Bitmap Index Scan on sbtest8_pkey  (cost=0.00..275.30 rows=9886 width=0)
	              Index Cond: ((id >= 6430283) AND (id <= 6440282))

for: distinct_ranges
table 1 : explain SELECT DISTINCT c FROM sbtest1 WHERE id BETWEEN 1551744 AND 1561743 ORDER BY c
	Unique  (cost=33284.80..33331.79 rows=9397 width=121)
	  ->  Sort  (cost=33284.80..33308.30 rows=9397 width=121)
	        Sort Key: c
	        ->  Bitmap Heap Scan on sbtest1  (cost=260.75..32664.70 rows=9397 width=121)
	              Recheck Cond: ((id >= 1551744) AND (id <= 1561743))
	              ->  Bitmap Index Scan on sbtest1_pkey  (cost=0.00..258.41 rows=9397 width=0)
	                    Index Cond: ((id >= 1551744) AND (id <= 1561743))

table 2 : explain SELECT DISTINCT c FROM sbtest2 WHERE id BETWEEN 6727284 AND 6737283 ORDER BY c
	Unique  (cost=34444.24..34493.09 rows=9769 width=121)
	  ->  Sort  (cost=34444.24..34468.66 rows=9769 width=121)
	        Sort Key: c
	        ->  Bitmap Heap Scan on sbtest2  (cost=272.57..33796.85 rows=9769 width=121)
	              Recheck Cond: ((id >= 6727284) AND (id <= 6737283))
	              ->  Bitmap Index Scan on sbtest2_pkey  (cost=0.00..270.12 rows=9769 width=0)
	                    Index Cond: ((id >= 6727284) AND (id <= 6737283))

table 3 : explain SELECT DISTINCT c FROM sbtest3 WHERE id BETWEEN 6014009 AND 6024008 ORDER BY c
	Unique  (cost=34579.68..34628.38 rows=9740 width=121)
	  ->  Sort  (cost=34579.68..34604.03 rows=9740 width=121)
	        Sort Key: c
	        ->  Bitmap Heap Scan on sbtest3  (cost=280.27..33934.42 rows=9740 width=121)
	              Recheck Cond: ((id >= 6014009) AND (id <= 6024008))
	              ->  Bitmap Index Scan on sbtest3_pkey  (cost=0.00..277.83 rows=9740 width=0)
	                    Index Cond: ((id >= 6014009) AND (id <= 6024008))

table 4 : explain SELECT DISTINCT c FROM sbtest4 WHERE id BETWEEN 9385346 AND 9395345 ORDER BY c
	Unique  (cost=34178.27..34226.44 rows=9634 width=121)
	  ->  Sort  (cost=34178.27..34202.36 rows=9634 width=121)
	        Sort Key: c
	        ->  Bitmap Heap Scan on sbtest4  (cost=263.18..33540.80 rows=9634 width=121)
	              Recheck Cond: ((id >= 9385346) AND (id <= 9395345))
	              ->  Bitmap Index Scan on sbtest4_pkey  (cost=0.00..260.78 rows=9634 width=0)
	                    Index Cond: ((id >= 9385346) AND (id <= 9395345))

table 5 : explain SELECT DISTINCT c FROM sbtest5 WHERE id BETWEEN 5777497 AND 5787496 ORDER BY c
	Unique  (cost=35397.19..35447.50 rows=10062 width=121)
	  ->  Sort  (cost=35397.19..35422.35 rows=10062 width=121)
	        Sort Key: c
	        ->  Bitmap Heap Scan on sbtest5  (cost=271.57..34728.24 rows=10062 width=121)
	              Recheck Cond: ((id >= 5777497) AND (id <= 5787496))
	              ->  Bitmap Index Scan on sbtest5_pkey  (cost=0.00..269.06 rows=10062 width=0)
	                    Index Cond: ((id >= 5777497) AND (id <= 5787496))

table 6 : explain SELECT DISTINCT c FROM sbtest6 WHERE id BETWEEN 7351865 AND 7361864 ORDER BY c
	Unique  (cost=35583.53..35634.03 rows=10099 width=121)
	  ->  Sort  (cost=35583.53..35608.78 rows=10099 width=121)
	        Sort Key: c
	        ->  Bitmap Heap Scan on sbtest6  (cost=279.95..34911.85 rows=10099 width=121)
	              Recheck Cond: ((id >= 7351865) AND (id <= 7361864))
	              ->  Bitmap Index Scan on sbtest6_pkey  (cost=0.00..277.43 rows=10099 width=0)
	                    Index Cond: ((id >= 7351865) AND (id <= 7361864))

table 7 : explain SELECT DISTINCT c FROM sbtest7 WHERE id BETWEEN 5632879 AND 5642878 ORDER BY c
	Unique  (cost=36501.03..36552.66 rows=10326 width=121)
	  ->  Sort  (cost=36501.03..36526.85 rows=10326 width=121)
	        Sort Key: c
	        ->  Bitmap Heap Scan on sbtest7  (cost=298.28..35812.60 rows=10326 width=121)
	              Recheck Cond: ((id >= 5632879) AND (id <= 5642878))
	              ->  Bitmap Index Scan on sbtest7_pkey  (cost=0.00..295.69 rows=10326 width=0)
	                    Index Cond: ((id >= 5632879) AND (id <= 5642878))

table 8 : explain SELECT DISTINCT c FROM sbtest8 WHERE id BETWEEN 2083829 AND 2093828 ORDER BY c
	Unique  (cost=33860.91..33908.86 rows=9589 width=121)
	  ->  Sort  (cost=33860.91..33884.88 rows=9589 width=121)
	        Sort Key: c
	        ->  Bitmap Heap Scan on sbtest8  (cost=266.72..33226.73 rows=9589 width=121)
	              Recheck Cond: ((id >= 2083829) AND (id <= 2093828))
	              ->  Bitmap Index Scan on sbtest8_pkey  (cost=0.00..264.32 rows=9589 width=0)
	                    Index Cond: ((id >= 2083829) AND (id <= 2093828))

for: sum_ranges
table 1 : explain SELECT SUM(k) FROM sbtest1 WHERE id BETWEEN 9880560 AND 9890559
	Aggregate  (cost=36560.37..36560.38 rows=1 width=8)
	  ->  Bitmap Heap Scan on sbtest1  (cost=297.36..36533.81 rows=10627 width=4)
	        Recheck Cond: ((id >= 9880560) AND (id <= 9890559))
	        ->  Bitmap Index Scan on sbtest1_pkey  (cost=0.00..294.70 rows=10627 width=0)
	              Index Cond: ((id >= 9880560) AND (id <= 9890559))

table 2 : explain SELECT SUM(k) FROM sbtest2 WHERE id BETWEEN 6613669 AND 6623668
	Aggregate  (cost=36396.00..36396.01 rows=1 width=8)
	  ->  Bitmap Heap Scan on sbtest2  (cost=296.98..36369.52 rows=10590 width=4)
	        Recheck Cond: ((id >= 6613669) AND (id <= 6623668))
	        ->  Bitmap Index Scan on sbtest2_pkey  (cost=0.00..294.33 rows=10590 width=0)
	              Index Cond: ((id >= 6613669) AND (id <= 6623668))

table 3 : explain SELECT SUM(k) FROM sbtest3 WHERE id BETWEEN 7371788 AND 7381787
	Aggregate  (cost=36161.93..36161.94 rows=1 width=8)
	  ->  Bitmap Heap Scan on sbtest3  (cost=299.39..36135.84 rows=10435 width=4)
	        Recheck Cond: ((id >= 7371788) AND (id <= 7381787))
	        ->  Bitmap Index Scan on sbtest3_pkey  (cost=0.00..296.79 rows=10435 width=0)
	              Index Cond: ((id >= 7371788) AND (id <= 7381787))

table 4 : explain SELECT SUM(k) FROM sbtest4 WHERE id BETWEEN 6177016 AND 6187015
	Aggregate  (cost=33551.83..33551.84 rows=1 width=8)
	  ->  Bitmap Heap Scan on sbtest4  (cost=263.14..33527.76 rows=9630 width=4)
	        Recheck Cond: ((id >= 6177016) AND (id <= 6187015))
	        ->  Bitmap Index Scan on sbtest4_pkey  (cost=0.00..260.74 rows=9630 width=0)
	              Index Cond: ((id >= 6177016) AND (id <= 6187015))

table 5 : explain SELECT SUM(k) FROM sbtest5 WHERE id BETWEEN 8549867 AND 8559866
	Aggregate  (cost=35134.50..35134.51 rows=1 width=8)
	  ->  Bitmap Heap Scan on sbtest5  (cost=276.81..35109.04 rows=10183 width=4)
	        Recheck Cond: ((id >= 8549867) AND (id <= 8559866))
	        ->  Bitmap Index Scan on sbtest5_pkey  (cost=0.00..274.26 rows=10183 width=0)
	              Index Cond: ((id >= 8549867) AND (id <= 8559866))

table 6 : explain SELECT SUM(k) FROM sbtest6 WHERE id BETWEEN 134078 AND 144077
	Aggregate  (cost=31574.43..31574.44 rows=1 width=8)
	  ->  Bitmap Heap Scan on sbtest6  (cost=253.08..31551.84 rows=9039 width=4)
	        Recheck Cond: ((id >= 134078) AND (id <= 144077))
	        ->  Bitmap Index Scan on sbtest6_pkey  (cost=0.00..250.82 rows=9039 width=0)
	              Index Cond: ((id >= 134078) AND (id <= 144077))

table 7 : explain SELECT SUM(k) FROM sbtest7 WHERE id BETWEEN 2338651 AND 2348650
	Aggregate  (cost=38993.56..38993.57 rows=1 width=8)
	  ->  Bitmap Heap Scan on sbtest7  (cost=328.57..38965.23 rows=11330 width=4)
	        Recheck Cond: ((id >= 2338651) AND (id <= 2348650))
	        ->  Bitmap Index Scan on sbtest7_pkey  (cost=0.00..325.74 rows=11330 width=0)
	              Index Cond: ((id >= 2338651) AND (id <= 2348650))

table 8 : explain SELECT SUM(k) FROM sbtest8 WHERE id BETWEEN 8167791 AND 8177790
	Aggregate  (cost=32357.01..32357.02 rows=1 width=8)
	  ->  Bitmap Heap Scan on sbtest8  (cost=259.83..32333.74 rows=9307 width=4)
	        Recheck Cond: ((id >= 8167791) AND (id <= 8177790))
	        ->  Bitmap Index Scan on sbtest8_pkey  (cost=0.00..257.50 rows=9307 width=0)
	              Index Cond: ((id >= 8167791) AND (id <= 8177790))

for: sum_ranges
table 1 : explain SELECT SUM(k) FROM sbtest1 WHERE id BETWEEN 3355633 AND 3365632
	Aggregate  (cost=33501.49..33501.50 rows=1 width=8)
	  ->  Bitmap Heap Scan on sbtest1  (cost=267.39..33477.36 rows=9654 width=4)
	        Recheck Cond: ((id >= 3355633) AND (id <= 3365632))
	        ->  Bitmap Index Scan on sbtest1_pkey  (cost=0.00..264.98 rows=9654 width=0)
	              Index Cond: ((id >= 3355633) AND (id <= 3365632))

table 2 : explain SELECT SUM(k) FROM sbtest2 WHERE id BETWEEN 7354743 AND 7364742
	Aggregate  (cost=36923.90..36923.91 rows=1 width=8)
	  ->  Bitmap Heap Scan on sbtest2  (cost=298.74..36896.99 rows=10761 width=4)
	        Recheck Cond: ((id >= 7354743) AND (id <= 7364742))
	        ->  Bitmap Index Scan on sbtest2_pkey  (cost=0.00..296.05 rows=10761 width=0)
	              Index Cond: ((id >= 7354743) AND (id <= 7364742))

table 3 : explain SELECT SUM(k) FROM sbtest3 WHERE id BETWEEN 5832544 AND 5842543
	Aggregate  (cost=33467.97..33467.98 rows=1 width=8)
	  ->  Bitmap Heap Scan on sbtest3  (cost=274.70..33444.00 rows=9587 width=4)
	        Recheck Cond: ((id >= 5832544) AND (id <= 5842543))
	        ->  Bitmap Index Scan on sbtest3_pkey  (cost=0.00..272.31 rows=9587 width=0)
	              Index Cond: ((id >= 5832544) AND (id <= 5842543))

table 4 : explain SELECT SUM(k) FROM sbtest4 WHERE id BETWEEN 7305263 AND 7315262
	Aggregate  (cost=31552.37..31552.38 rows=1 width=8)
	  ->  Bitmap Heap Scan on sbtest4  (cost=248.73..31529.86 rows=9004 width=4)
	        Recheck Cond: ((id >= 7305263) AND (id <= 7315262))
	        ->  Bitmap Index Scan on sbtest4_pkey  (cost=0.00..246.48 rows=9004 width=0)
	              Index Cond: ((id >= 7305263) AND (id <= 7315262))

table 5 : explain SELECT SUM(k) FROM sbtest5 WHERE id BETWEEN 4603639 AND 4613638
	Aggregate  (cost=32349.86..32349.87 rows=1 width=8)
	  ->  Bitmap Heap Scan on sbtest5  (cost=251.77..32326.61 rows=9301 width=4)
	        Recheck Cond: ((id >= 4603639) AND (id <= 4613638))
	        ->  Bitmap Index Scan on sbtest5_pkey  (cost=0.00..249.44 rows=9301 width=0)
	              Index Cond: ((id >= 4603639) AND (id <= 4613638))

table 6 : explain SELECT SUM(k) FROM sbtest6 WHERE id BETWEEN 1115374 AND 1125373
	Aggregate  (cost=34078.62..34078.63 rows=1 width=8)
	  ->  Bitmap Heap Scan on sbtest6  (cost=273.16..34054.05 rows=9827 width=4)
	        Recheck Cond: ((id >= 1115374) AND (id <= 1125373))
	        ->  Bitmap Index Scan on sbtest6_pkey  (cost=0.00..270.70 rows=9827 width=0)
	              Index Cond: ((id >= 1115374) AND (id <= 1125373))

table 7 : explain SELECT SUM(k) FROM sbtest7 WHERE id BETWEEN 4824046 AND 4834045
	Aggregate  (cost=39208.39..39208.40 rows=1 width=8)
	  ->  Bitmap Heap Scan on sbtest7  (cost=329.29..39179.89 rows=11400 width=4)
	        Recheck Cond: ((id >= 4824046) AND (id <= 4834045))
	        ->  Bitmap Index Scan on sbtest7_pkey  (cost=0.00..326.44 rows=11400 width=0)
	              Index Cond: ((id >= 4824046) AND (id <= 4834045))

table 8 : explain SELECT SUM(k) FROM sbtest8 WHERE id BETWEEN 641169 AND 651168
	Aggregate  (cost=33221.54..33221.55 rows=1 width=8)
	  ->  Bitmap Heap Scan on sbtest8  (cost=266.63..33197.59 rows=9580 width=4)
	        Recheck Cond: ((id >= 641169) AND (id <= 651168))
	        ->  Bitmap Index Scan on sbtest8_pkey  (cost=0.00..264.24 rows=9580 width=0)
	              Index Cond: ((id >= 641169) AND (id <= 651168))

for: distinct_ranges
table 1 : explain SELECT DISTINCT c FROM sbtest1 WHERE id BETWEEN 8196492 AND 8206491 ORDER BY c
	Unique  (cost=35953.80..36004.92 rows=10223 width=121)
	  ->  Sort  (cost=35953.80..35979.36 rows=10223 width=121)
	        Sort Key: c
	        ->  Bitmap Heap Scan on sbtest1  (cost=285.22..35272.97 rows=10223 width=121)
	              Recheck Cond: ((id >= 8196492) AND (id <= 8206491))
	              ->  Bitmap Index Scan on sbtest1_pkey  (cost=0.00..282.67 rows=10223 width=0)
	                    Index Cond: ((id >= 8196492) AND (id <= 8206491))

table 2 : explain SELECT DISTINCT c FROM sbtest2 WHERE id BETWEEN 7401969 AND 7411968 ORDER BY c
	Unique  (cost=32216.76..32262.17 rows=9081 width=121)
	  ->  Sort  (cost=32216.76..32239.46 rows=9081 width=121)
	        Sort Key: c
	        ->  Bitmap Heap Scan on sbtest2  (cost=253.52..31619.75 rows=9081 width=121)
	              Recheck Cond: ((id >= 7401969) AND (id <= 7411968))
	              ->  Bitmap Index Scan on sbtest2_pkey  (cost=0.00..251.25 rows=9081 width=0)
	                    Index Cond: ((id >= 7401969) AND (id <= 7411968))

table 3 : explain SELECT DISTINCT c FROM sbtest3 WHERE id BETWEEN 3802475 AND 3812474 ORDER BY c
	Unique  (cost=36231.60..36282.85 rows=10249 width=121)
	  ->  Sort  (cost=36231.60..36257.23 rows=10249 width=121)
	        Sort Key: c
	        ->  Bitmap Heap Scan on sbtest3  (cost=293.49..35548.86 rows=10249 width=121)
	              Recheck Cond: ((id >= 3802475) AND (id <= 3812474))
	              ->  Bitmap Index Scan on sbtest3_pkey  (cost=0.00..290.93 rows=10249 width=0)
	                    Index Cond: ((id >= 3802475) AND (id <= 3812474))

table 4 : explain SELECT DISTINCT c FROM sbtest4 WHERE id BETWEEN 2044467 AND 2054466 ORDER BY c
	Unique  (cost=35869.89..35920.66 rows=10154 width=121)
	  ->  Sort  (cost=35869.89..35895.27 rows=10154 width=121)
	        Sort Key: c
	        ->  Bitmap Heap Scan on sbtest4  (cost=280.51..35194.15 rows=10154 width=121)
	              Recheck Cond: ((id >= 2044467) AND (id <= 2054466))
	              ->  Bitmap Index Scan on sbtest4_pkey  (cost=0.00..277.98 rows=10154 width=0)
	                    Index Cond: ((id >= 2044467) AND (id <= 2054466))

table 5 : explain SELECT DISTINCT c FROM sbtest5 WHERE id BETWEEN 7975927 AND 7985926 ORDER BY c
	Unique  (cost=33807.77..33855.61 rows=9569 width=121)
	  ->  Sort  (cost=33807.77..33831.69 rows=9569 width=121)
	        Sort Key: c
	        ->  Bitmap Heap Scan on sbtest5  (cost=258.52..33175.06 rows=9569 width=121)
	              Recheck Cond: ((id >= 7975927) AND (id <= 7985926))
	              ->  Bitmap Index Scan on sbtest5_pkey  (cost=0.00..256.12 rows=9569 width=0)
	                    Index Cond: ((id >= 7975927) AND (id <= 7985926))

table 6 : explain SELECT DISTINCT c FROM sbtest6 WHERE id BETWEEN 4358932 AND 4368931 ORDER BY c
	Unique  (cost=32480.21..32525.92 rows=9142 width=121)
	  ->  Sort  (cost=32480.21..32503.06 rows=9142 width=121)
	        Sort Key: c
	        ->  Bitmap Heap Scan on sbtest6  (cost=254.14..31878.74 rows=9142 width=121)
	              Recheck Cond: ((id >= 4358932) AND (id <= 4368931))
	              ->  Bitmap Index Scan on sbtest6_pkey  (cost=0.00..251.86 rows=9142 width=0)
	                    Index Cond: ((id >= 4358932) AND (id <= 4368931))

table 7 : explain SELECT DISTINCT c FROM sbtest7 WHERE id BETWEEN 8543463 AND 8553462 ORDER BY c
	Unique  (cost=34177.65..34225.71 rows=9612 width=121)
	  ->  Sort  (cost=34177.65..34201.68 rows=9612 width=121)
	        Sort Key: c
	        ->  Bitmap Heap Scan on sbtest7  (cost=278.96..33541.78 rows=9612 width=121)
	              Recheck Cond: ((id >= 8543463) AND (id <= 8553462))
	              ->  Bitmap Index Scan on sbtest7_pkey  (cost=0.00..276.56 rows=9612 width=0)
	                    Index Cond: ((id >= 8543463) AND (id <= 8553462))

table 8 : explain SELECT DISTINCT c FROM sbtest8 WHERE id BETWEEN 2779360 AND 2789359 ORDER BY c
	Unique  (cost=37427.53..37481.04 rows=10702 width=121)
	  ->  Sort  (cost=37427.53..37454.29 rows=10702 width=121)
	        Sort Key: c
	        ->  Bitmap Heap Scan on sbtest8  (cost=298.13..36711.27 rows=10702 width=121)
	              Recheck Cond: ((id >= 2779360) AND (id <= 2789359))
	              ->  Bitmap Index Scan on sbtest8_pkey  (cost=0.00..295.45 rows=10702 width=0)
	                    Index Cond: ((id >= 2779360) AND (id <= 2789359))

for: sum_ranges
table 1 : explain SELECT SUM(k) FROM sbtest1 WHERE id BETWEEN 5262969 AND 5272968
	Aggregate  (cost=35047.06..35047.07 rows=1 width=8)
	  ->  Bitmap Heap Scan on sbtest1  (cost=284.40..35021.70 rows=10143 width=4)
	        Recheck Cond: ((id >= 5262969) AND (id <= 5272968))
	        ->  Bitmap Index Scan on sbtest1_pkey  (cost=0.00..281.87 rows=10143 width=0)
	              Index Cond: ((id >= 5262969) AND (id <= 5272968))

table 2 : explain SELECT SUM(k) FROM sbtest2 WHERE id BETWEEN 9257499 AND 9267498
	Aggregate  (cost=31841.40..31841.41 rows=1 width=8)
	  ->  Bitmap Heap Scan on sbtest2  (cost=254.16..31818.54 rows=9144 width=4)
	        Recheck Cond: ((id >= 9257499) AND (id <= 9267498))
	        ->  Bitmap Index Scan on sbtest2_pkey  (cost=0.00..251.88 rows=9144 width=0)
	              Index Cond: ((id >= 9257499) AND (id <= 9267498))

table 3 : explain SELECT SUM(k) FROM sbtest3 WHERE id BETWEEN 9357873 AND 9367872
	Aggregate  (cost=32092.81..32092.82 rows=1 width=8)
	  ->  Bitmap Heap Scan on sbtest3  (cost=262.30..32069.91 rows=9158 width=4)
	        Recheck Cond: ((id >= 9357873) AND (id <= 9367872))
	        ->  Bitmap Index Scan on sbtest3_pkey  (cost=0.00..260.01 rows=9158 width=0)
	              Index Cond: ((id >= 9357873) AND (id <= 9367872))

table 4 : explain SELECT SUM(k) FROM sbtest4 WHERE id BETWEEN 4005513 AND 4015512
	Aggregate  (cost=33032.49..33032.50 rows=1 width=8)
	  ->  Bitmap Heap Scan on sbtest4  (cost=261.46..33008.83 rows=9466 width=4)
	        Recheck Cond: ((id >= 4005513) AND (id <= 4015512))
	        ->  Bitmap Index Scan on sbtest4_pkey  (cost=0.00..259.09 rows=9466 width=0)
	              Index Cond: ((id >= 4005513) AND (id <= 4015512))

table 5 : explain SELECT SUM(k) FROM sbtest5 WHERE id BETWEEN 8530595 AND 8540594
	Aggregate  (cost=35134.50..35134.51 rows=1 width=8)
	  ->  Bitmap Heap Scan on sbtest5  (cost=276.81..35109.04 rows=10183 width=4)
	        Recheck Cond: ((id >= 8530595) AND (id <= 8540594))
	        ->  Bitmap Index Scan on sbtest5_pkey  (cost=0.00..274.26 rows=10183 width=0)
	              Index Cond: ((id >= 8530595) AND (id <= 8540594))

table 6 : explain SELECT SUM(k) FROM sbtest6 WHERE id BETWEEN 5206095 AND 5216094
	Aggregate  (cost=34451.17..34451.18 rows=1 width=8)
	  ->  Bitmap Heap Scan on sbtest6  (cost=274.37..34426.30 rows=9945 width=4)
	        Recheck Cond: ((id >= 5206095) AND (id <= 5216094))
	        ->  Bitmap Index Scan on sbtest6_pkey  (cost=0.00..271.88 rows=9945 width=0)
	              Index Cond: ((id >= 5206095) AND (id <= 5216094))

table 7 : explain SELECT SUM(k) FROM sbtest7 WHERE id BETWEEN 7180974 AND 7190973
	Aggregate  (cost=33941.71..33941.72 rows=1 width=8)
	  ->  Bitmap Heap Scan on sbtest7  (cost=280.17..33917.39 rows=9730 width=4)
	        Recheck Cond: ((id >= 7180974) AND (id <= 7190973))
	        ->  Bitmap Index Scan on sbtest7_pkey  (cost=0.00..277.74 rows=9730 width=0)
	              Index Cond: ((id >= 7180974) AND (id <= 7190973))

table 8 : explain SELECT SUM(k) FROM sbtest8 WHERE id BETWEEN 2207717 AND 2217716
	Aggregate  (cost=33403.78..33403.79 rows=1 width=8)
	  ->  Bitmap Heap Scan on sbtest8  (cost=271.21..33379.69 rows=9637 width=4)
	        Recheck Cond: ((id >= 2207717) AND (id <= 2217716))
	        ->  Bitmap Index Scan on sbtest8_pkey  (cost=0.00..268.81 rows=9637 width=0)
	              Index Cond: ((id >= 2207717) AND (id <= 2217716))

for: order_ranges
table 1 : explain SELECT c FROM sbtest1 WHERE id BETWEEN 6452484 AND 6462483 ORDER BY c
	Sort  (cost=36019.75..36045.36 rows=10244 width=121)
	  Sort Key: c
	  ->  Bitmap Heap Scan on sbtest1  (cost=285.44..35337.37 rows=10244 width=121)
	        Recheck Cond: ((id >= 6452484) AND (id <= 6462483))
	        ->  Bitmap Index Scan on sbtest1_pkey  (cost=0.00..282.88 rows=10244 width=0)
	              Index Cond: ((id >= 6452484) AND (id <= 6462483))

table 2 : explain SELECT c FROM sbtest2 WHERE id BETWEEN 324819 AND 334818 ORDER BY c
	Sort  (cost=35887.40..35912.95 rows=10218 width=121)
	  Sort Key: c
	  ->  Bitmap Heap Scan on sbtest2  (cost=285.17..35206.94 rows=10218 width=121)
	        Recheck Cond: ((id >= 324819) AND (id <= 334818))
	        ->  Bitmap Index Scan on sbtest2_pkey  (cost=0.00..282.62 rows=10218 width=0)
	              Index Cond: ((id >= 324819) AND (id <= 334818))

table 3 : explain SELECT c FROM sbtest3 WHERE id BETWEEN 48562 AND 58561 ORDER BY c
	Sort  (cost=34482.87..34507.14 rows=9710 width=121)
	  Sort Key: c
	  ->  Bitmap Heap Scan on sbtest3  (cost=279.96..33839.81 rows=9710 width=121)
	        Recheck Cond: ((id >= 48562) AND (id <= 58561))
	        ->  Bitmap Index Scan on sbtest3_pkey  (cost=0.00..277.54 rows=9710 width=0)
	              Index Cond: ((id >= 48562) AND (id <= 58561))

table 4 : explain SELECT c FROM sbtest4 WHERE id BETWEEN 9414363 AND 9424362 ORDER BY c
	Sort  (cost=33165.03..33188.34 rows=9323 width=121)
	  Sort Key: c
	  ->  Bitmap Heap Scan on sbtest4  (cost=256.00..32550.34 rows=9323 width=121)
	        Recheck Cond: ((id >= 9414363) AND (id <= 9424362))
	        ->  Bitmap Index Scan on sbtest4_pkey  (cost=0.00..253.67 rows=9323 width=0)
	              Index Cond: ((id >= 9414363) AND (id <= 9424362))

table 5 : explain SELECT c FROM sbtest5 WHERE id BETWEEN 1164522 AND 1174521 ORDER BY c
	Sort  (cost=36721.61..36747.80 rows=10475 width=121)
	  Sort Key: c
	  ->  Bitmap Heap Scan on sbtest5  (cost=283.80..36022.16 rows=10475 width=121)
	        Recheck Cond: ((id >= 1164522) AND (id <= 1174521))
	        ->  Bitmap Index Scan on sbtest5_pkey  (cost=0.00..281.19 rows=10475 width=0)
	              Index Cond: ((id >= 1164522) AND (id <= 1174521))

table 6 : explain SELECT c FROM sbtest6 WHERE id BETWEEN 7100488 AND 7110487 ORDER BY c
	Sort  (cost=31165.59..31187.44 rows=8740 width=121)
	  Sort Key: c
	  ->  Bitmap Heap Scan on sbtest6  (cost=242.02..30593.40 rows=8740 width=121)
	        Recheck Cond: ((id >= 7100488) AND (id <= 7110487))
	        ->  Bitmap Index Scan on sbtest6_pkey  (cost=0.00..239.84 rows=8740 width=0)
	              Index Cond: ((id >= 7100488) AND (id <= 7110487))

table 7 : explain SELECT c FROM sbtest7 WHERE id BETWEEN 7519365 AND 7529364 ORDER BY c
	Sort  (cost=37210.84..37237.20 rows=10546 width=121)
	  Sort Key: c
	  ->  Bitmap Heap Scan on sbtest7  (cost=304.53..36506.13 rows=10546 width=121)
	        Recheck Cond: ((id >= 7519365) AND (id <= 7529364))
	        ->  Bitmap Index Scan on sbtest7_pkey  (cost=0.00..301.90 rows=10546 width=0)
	              Index Cond: ((id >= 7519365) AND (id <= 7529364))

table 8 : explain SELECT c FROM sbtest8 WHERE id BETWEEN 79651 AND 89650 ORDER BY c
	Sort  (cost=33340.03..33363.59 rows=9427 width=121)
	  Sort Key: c
	  ->  Bitmap Heap Scan on sbtest8  (cost=265.06..32717.72 rows=9427 width=121)
	        Recheck Cond: ((id >= 79651) AND (id <= 89650))
	        ->  Bitmap Index Scan on sbtest8_pkey  (cost=0.00..262.70 rows=9427 width=0)
	              Index Cond: ((id >= 79651) AND (id <= 89650))

for: simple_ranges
table 1 : explain SELECT c FROM sbtest1 WHERE id BETWEEN 3546999 AND 3556998
	Bitmap Heap Scan on sbtest1  (cost=279.03..34598.35 rows=10009 width=121)
	  Recheck Cond: ((id >= 3546999) AND (id <= 3556998))
	  ->  Bitmap Index Scan on sbtest1_pkey  (cost=0.00..276.53 rows=10009 width=0)
	        Index Cond: ((id >= 3546999) AND (id <= 3556998))

table 2 : explain SELECT c FROM sbtest2 WHERE id BETWEEN 7155011 AND 7165010
	Bitmap Heap Scan on sbtest2  (cost=290.51..35618.84 rows=10349 width=121)
	  Recheck Cond: ((id >= 7155011) AND (id <= 7165010))
	  ->  Bitmap Index Scan on sbtest2_pkey  (cost=0.00..287.93 rows=10349 width=0)
	        Index Cond: ((id >= 7155011) AND (id <= 7165010))

table 3 : explain SELECT c FROM sbtest3 WHERE id BETWEEN 5435137 AND 5445136
	Bitmap Heap Scan on sbtest3  (cost=279.80..33787.61 rows=9694 width=121)
	  Recheck Cond: ((id >= 5435137) AND (id <= 5445136))
	  ->  Bitmap Index Scan on sbtest3_pkey  (cost=0.00..277.38 rows=9694 width=0)
	        Index Cond: ((id >= 5435137) AND (id <= 5445136))

table 4 : explain SELECT c FROM sbtest4 WHERE id BETWEEN 7681619 AND 7691618
	Bitmap Heap Scan on sbtest4  (cost=288.50..36416.95 rows=10543 width=121)
	  Recheck Cond: ((id >= 7681619) AND (id <= 7691618))
	  ->  Bitmap Index Scan on sbtest4_pkey  (cost=0.00..285.87 rows=10543 width=0)
	        Index Cond: ((id >= 7681619) AND (id <= 7691618))

table 5 : explain SELECT c FROM sbtest5 WHERE id BETWEEN 639577 AND 649576
	Bitmap Heap Scan on sbtest5  (cost=284.71..36294.60 rows=10563 width=121)
	  Recheck Cond: ((id >= 639577) AND (id <= 649576))
	  ->  Bitmap Index Scan on sbtest5_pkey  (cost=0.00..282.06 rows=10563 width=0)
	        Index Cond: ((id >= 639577) AND (id <= 649576))

table 6 : explain SELECT c FROM sbtest6 WHERE id BETWEEN 6339518 AND 6349517
	Bitmap Heap Scan on sbtest6  (cost=286.81..35786.19 rows=10378 width=121)
	  Recheck Cond: ((id >= 6339518) AND (id <= 6349517))
	  ->  Bitmap Index Scan on sbtest6_pkey  (cost=0.00..284.21 rows=10378 width=0)
	        Index Cond: ((id >= 6339518) AND (id <= 6349517))

table 7 : explain SELECT c FROM sbtest7 WHERE id BETWEEN 2690986 AND 2700985
	Bitmap Heap Scan on sbtest7  (cost=285.83..34433.34 rows=9892 width=121)
	  Recheck Cond: ((id >= 2690986) AND (id <= 2700985))
	  ->  Bitmap Index Scan on sbtest7_pkey  (cost=0.00..283.36 rows=9892 width=0)
	        Index Cond: ((id >= 2690986) AND (id <= 2700985))

table 8 : explain SELECT c FROM sbtest8 WHERE id BETWEEN 5030501 AND 5040500
	Bitmap Heap Scan on sbtest8  (cost=285.05..35164.99 rows=10206 width=121)
	  Recheck Cond: ((id >= 5030501) AND (id <= 5040500))
	  ->  Bitmap Index Scan on sbtest8_pkey  (cost=0.00..282.50 rows=10206 width=0)
	        Index Cond: ((id >= 5030501) AND (id <= 5040500))

for: simple_ranges
table 1 : explain SELECT c FROM sbtest1 WHERE id BETWEEN 3167185 AND 3177184
	Bitmap Heap Scan on sbtest1  (cost=272.88..33941.36 rows=9800 width=121)
	  Recheck Cond: ((id >= 3167185) AND (id <= 3177184))
	  ->  Bitmap Index Scan on sbtest1_pkey  (cost=0.00..270.44 rows=9800 width=0)
	        Index Cond: ((id >= 3167185) AND (id <= 3177184))

table 2 : explain SELECT c FROM sbtest2 WHERE id BETWEEN 7904909 AND 7914908
	Bitmap Heap Scan on sbtest2  (cost=291.15..35811.32 rows=10411 width=121)
	  Recheck Cond: ((id >= 7904909) AND (id <= 7914908))
	  ->  Bitmap Index Scan on sbtest2_pkey  (cost=0.00..288.55 rows=10411 width=0)
	        Index Cond: ((id >= 7904909) AND (id <= 7914908))

table 3 : explain SELECT c FROM sbtest3 WHERE id BETWEEN 4223708 AND 4233707
	Bitmap Heap Scan on sbtest3  (cost=299.47..36158.49 rows=10442 width=121)
	  Recheck Cond: ((id >= 4223708) AND (id <= 4233707))
	  ->  Bitmap Index Scan on sbtest3_pkey  (cost=0.00..296.86 rows=10442 width=0)
	        Index Cond: ((id >= 4223708) AND (id <= 4233707))

table 4 : explain SELECT c FROM sbtest4 WHERE id BETWEEN 98651 AND 108650
	Bitmap Heap Scan on sbtest4  (cost=262.17..33227.62 rows=9535 width=121)
	  Recheck Cond: ((id >= 98651) AND (id <= 108650))
	  ->  Bitmap Index Scan on sbtest4_pkey  (cost=0.00..259.79 rows=9535 width=0)
	        Index Cond: ((id >= 98651) AND (id <= 108650))

table 5 : explain SELECT c FROM sbtest5 WHERE id BETWEEN 463889 AND 473888
	Bitmap Heap Scan on sbtest5  (cost=289.34..36490.74 rows=10625 width=121)
	  Recheck Cond: ((id >= 463889) AND (id <= 473888))
	  ->  Bitmap Index Scan on sbtest5_pkey  (cost=0.00..286.69 rows=10625 width=0)
	        Index Cond: ((id >= 463889) AND (id <= 473888))

table 6 : explain SELECT c FROM sbtest6 WHERE id BETWEEN 779589 AND 789588
	Bitmap Heap Scan on sbtest6  (cost=253.80..31774.18 rows=9109 width=121)
	  Recheck Cond: ((id >= 779589) AND (id <= 789588))
	  ->  Bitmap Index Scan on sbtest6_pkey  (cost=0.00..251.53 rows=9109 width=0)
	        Index Cond: ((id >= 779589) AND (id <= 789588))

table 7 : explain SELECT c FROM sbtest7 WHERE id BETWEEN 9116008 AND 9126007
	Bitmap Heap Scan on sbtest7  (cost=304.48..36489.97 rows=10541 width=121)
	  Recheck Cond: ((id >= 9116008) AND (id <= 9126007))
	  ->  Bitmap Index Scan on sbtest7_pkey  (cost=0.00..301.84 rows=10541 width=0)
	        Index Cond: ((id >= 9116008) AND (id <= 9126007))

table 8 : explain SELECT c FROM sbtest8 WHERE id BETWEEN 9191962 AND 9201961
	Bitmap Heap Scan on sbtest8  (cost=309.35..37685.63 rows=11016 width=121)
	  Recheck Cond: ((id >= 9191962) AND (id <= 9201961))
	  ->  Bitmap Index Scan on sbtest8_pkey  (cost=0.00..306.59 rows=11016 width=0)
	        Index Cond: ((id >= 9191962) AND (id <= 9201961))

for: order_ranges
table 1 : explain SELECT c FROM sbtest1 WHERE id BETWEEN 1579670 AND 1589669 ORDER BY c
	Sort  (cost=33284.80..33308.30 rows=9397 width=121)
	  Sort Key: c
	  ->  Bitmap Heap Scan on sbtest1  (cost=260.75..32664.70 rows=9397 width=121)
	        Recheck Cond: ((id >= 1579670) AND (id <= 1589669))
	        ->  Bitmap Index Scan on sbtest1_pkey  (cost=0.00..258.41 rows=9397 width=0)
	              Index Cond: ((id >= 1579670) AND (id <= 1589669))

table 2 : explain SELECT c FROM sbtest2 WHERE id BETWEEN 3561471 AND 3571470 ORDER BY c
	Sort  (cost=34695.48..34720.10 rows=9847 width=121)
	  Sort Key: c
	  ->  Bitmap Heap Scan on sbtest2  (cost=273.37..34042.36 rows=9847 width=121)
	        Recheck Cond: ((id >= 3561471) AND (id <= 3571470))
	        ->  Bitmap Index Scan on sbtest2_pkey  (cost=0.00..270.91 rows=9847 width=0)
	              Index Cond: ((id >= 3561471) AND (id <= 3571470))

table 3 : explain SELECT c FROM sbtest3 WHERE id BETWEEN 3561746 AND 3571745 ORDER BY c
	Sort  (cost=34235.08..34259.16 rows=9635 width=121)
	  Sort Key: c
	  ->  Bitmap Heap Scan on sbtest3  (cost=275.19..33597.53 rows=9635 width=121)
	        Recheck Cond: ((id >= 3561746) AND (id <= 3571745))
	        ->  Bitmap Index Scan on sbtest3_pkey  (cost=0.00..272.79 rows=9635 width=0)
	              Index Cond: ((id >= 3561746) AND (id <= 3571745))

table 4 : explain SELECT c FROM sbtest4 WHERE id BETWEEN 9122866 AND 9132865 ORDER BY c
	Sort  (cost=34285.67..34309.84 rows=9666 width=121)
	  Sort Key: c
	  ->  Bitmap Heap Scan on sbtest4  (cost=267.51..33645.85 rows=9666 width=121)
	        Recheck Cond: ((id >= 9122866) AND (id <= 9132865))
	        ->  Bitmap Index Scan on sbtest4_pkey  (cost=0.00..265.09 rows=9666 width=0)
	              Index Cond: ((id >= 9122866) AND (id <= 9132865))

table 5 : explain SELECT c FROM sbtest5 WHERE id BETWEEN 1638423 AND 1648422 ORDER BY c
	Sort  (cost=39638.22..39666.71 rows=11395 width=121)
	  Sort Key: c
	  ->  Bitmap Heap Scan on sbtest5  (cost=309.23..38870.42 rows=11395 width=121)
	        Recheck Cond: ((id >= 1638423) AND (id <= 1648422))
	        ->  Bitmap Index Scan on sbtest5_pkey  (cost=0.00..306.38 rows=11395 width=0)
	              Index Cond: ((id >= 1638423) AND (id <= 1648422))

table 6 : explain SELECT c FROM sbtest6 WHERE id BETWEEN 984912 AND 994911 ORDER BY c
	Sort  (cost=35682.66..35707.99 rows=10130 width=121)
	  Sort Key: c
	  ->  Bitmap Heap Scan on sbtest6  (cost=280.27..35008.70 rows=10130 width=121)
	        Recheck Cond: ((id >= 984912) AND (id <= 994911))
	        ->  Bitmap Index Scan on sbtest6_pkey  (cost=0.00..277.74 rows=10130 width=0)
	              Index Cond: ((id >= 984912) AND (id <= 994911))

table 7 : explain SELECT c FROM sbtest7 WHERE id BETWEEN 7795389 AND 7805388 ORDER BY c
	Sort  (cost=37575.41..37602.05 rows=10659 width=121)
	  Sort Key: c
	  ->  Bitmap Heap Scan on sbtest7  (cost=309.69..36862.33 rows=10659 width=121)
	        Recheck Cond: ((id >= 7795389) AND (id <= 7805388))
	        ->  Bitmap Index Scan on sbtest7_pkey  (cost=0.00..307.03 rows=10659 width=0)
	              Index Cond: ((id >= 7795389) AND (id <= 7805388))

table 8 : explain SELECT c FROM sbtest8 WHERE id BETWEEN 1659374 AND 1669373 ORDER BY c
	Sort  (cost=33360.03..33383.62 rows=9434 width=121)
	  Sort Key: c
	  ->  Bitmap Heap Scan on sbtest8  (cost=265.13..32737.22 rows=9434 width=121)
	        Recheck Cond: ((id >= 1659374) AND (id <= 1669373))
	        ->  Bitmap Index Scan on sbtest8_pkey  (cost=0.00..262.78 rows=9434 width=0)
	              Index Cond: ((id >= 1659374) AND (id <= 1669373))

for: order_ranges
table 1 : explain SELECT c FROM sbtest1 WHERE id BETWEEN 1231775 AND 1241774 ORDER BY c
	Sort  (cost=37214.91..37241.45 rows=10617 width=121)
	  Sort Key: c
	  ->  Bitmap Heap Scan on sbtest1  (cost=297.26..36504.94 rows=10617 width=121)
	        Recheck Cond: ((id >= 1231775) AND (id <= 1241774))
	        ->  Bitmap Index Scan on sbtest1_pkey  (cost=0.00..294.61 rows=10617 width=0)
	              Index Cond: ((id >= 1231775) AND (id <= 1241774))

table 2 : explain SELECT c FROM sbtest2 WHERE id BETWEEN 3744932 AND 3754931 ORDER BY c
	Sort  (cost=32410.16..32433.01 rows=9141 width=121)
	  Sort Key: c
	  ->  Bitmap Heap Scan on sbtest2  (cost=254.13..31808.77 rows=9141 width=121)
	        Recheck Cond: ((id >= 3744932) AND (id <= 3754931))
	        ->  Bitmap Index Scan on sbtest2_pkey  (cost=0.00..251.84 rows=9141 width=0)
	              Index Cond: ((id >= 3744932) AND (id <= 3754931))

table 3 : explain SELECT c FROM sbtest3 WHERE id BETWEEN 4769076 AND 4779075 ORDER BY c
	Sort  (cost=32938.45..32961.55 rows=9238 width=121)
	  Sort Key: c
	  ->  Bitmap Heap Scan on sbtest3  (cost=267.12..32329.97 rows=9238 width=121)
	        Recheck Cond: ((id >= 4769076) AND (id <= 4779075))
	        ->  Bitmap Index Scan on sbtest3_pkey  (cost=0.00..264.81 rows=9238 width=0)
	              Index Cond: ((id >= 4769076) AND (id <= 4779075))

table 4 : explain SELECT c FROM sbtest4 WHERE id BETWEEN 4824079 AND 4834078 ORDER BY c
	Sort  (cost=35939.55..35964.99 rows=10176 width=121)
	  Sort Key: c
	  ->  Bitmap Heap Scan on sbtest4  (cost=280.74..35262.19 rows=10176 width=121)
	        Recheck Cond: ((id >= 4824079) AND (id <= 4834078))
	        ->  Bitmap Index Scan on sbtest4_pkey  (cost=0.00..278.19 rows=10176 width=0)
	              Index Cond: ((id >= 4824079) AND (id <= 4834078))

table 5 : explain SELECT c FROM sbtest5 WHERE id BETWEEN 5839643 AND 5849642 ORDER BY c
	Sort  (cost=35489.56..35514.79 rows=10091 width=121)
	  Sort Key: c
	  ->  Bitmap Heap Scan on sbtest5  (cost=271.87..34818.47 rows=10091 width=121)
	        Recheck Cond: ((id >= 5839643) AND (id <= 5849642))
	        ->  Bitmap Index Scan on sbtest5_pkey  (cost=0.00..269.34 rows=10091 width=0)
	              Index Cond: ((id >= 5839643) AND (id <= 5849642))

table 6 : explain SELECT c FROM sbtest6 WHERE id BETWEEN 8725266 AND 8735265 ORDER BY c
	Sort  (cost=32951.68..32974.90 rows=9286 width=121)
	  Sort Key: c
	  ->  Bitmap Heap Scan on sbtest6  (cost=259.62..32339.69 rows=9286 width=121)
	        Recheck Cond: ((id >= 8725266) AND (id <= 8735265))
	        ->  Bitmap Index Scan on sbtest6_pkey  (cost=0.00..257.30 rows=9286 width=0)
	              Index Cond: ((id >= 8725266) AND (id <= 8735265))

table 7 : explain SELECT c FROM sbtest7 WHERE id BETWEEN 2059988 AND 2069987 ORDER BY c
	Sort  (cost=37200.92..37227.28 rows=10543 width=121)
	  Sort Key: c
	  ->  Bitmap Heap Scan on sbtest7  (cost=304.50..36496.44 rows=10543 width=121)
	        Recheck Cond: ((id >= 2059988) AND (id <= 2069987))
	        ->  Bitmap Index Scan on sbtest7_pkey  (cost=0.00..301.87 rows=10543 width=0)
	              Index Cond: ((id >= 2059988) AND (id <= 2069987))

table 8 : explain SELECT c FROM sbtest8 WHERE id BETWEEN 4526407 AND 4536406 ORDER BY c
	Sort  (cost=37244.24..37270.85 rows=10644 width=121)
	  Sort Key: c
	  ->  Bitmap Heap Scan on sbtest8  (cost=297.54..36532.27 rows=10644 width=121)
	        Recheck Cond: ((id >= 4526407) AND (id <= 4536406))
	        ->  Bitmap Index Scan on sbtest8_pkey  (cost=0.00..294.88 rows=10644 width=0)
	              Index Cond: ((id >= 4526407) AND (id <= 4536406))

for: order_ranges
table 1 : explain SELECT c FROM sbtest1 WHERE id BETWEEN 4580002 AND 4590001 ORDER BY c
	Sort  (cost=33830.76..33854.68 rows=9565 width=121)
	  Sort Key: c
	  ->  Bitmap Heap Scan on sbtest1  (cost=266.48..33198.35 rows=9565 width=121)
	        Recheck Cond: ((id >= 4580002) AND (id <= 4590001))
	        ->  Bitmap Index Scan on sbtest1_pkey  (cost=0.00..264.08 rows=9565 width=0)
	              Index Cond: ((id >= 4580002) AND (id <= 4590001))

table 2 : explain SELECT c FROM sbtest2 WHERE id BETWEEN 2651041 AND 2661040 ORDER BY c
	Sort  (cost=33565.47..33589.21 rows=9496 width=121)
	  Sort Key: c
	  ->  Bitmap Heap Scan on sbtest2  (cost=265.77..32938.11 rows=9496 width=121)
	        Recheck Cond: ((id >= 2651041) AND (id <= 2661040))
	        ->  Bitmap Index Scan on sbtest2_pkey  (cost=0.00..263.40 rows=9496 width=0)
	              Index Cond: ((id >= 2651041) AND (id <= 2661040))

table 3 : explain SELECT c FROM sbtest3 WHERE id BETWEEN 8170971 AND 8180970 ORDER BY c
	Sort  (cost=38989.03..39016.79 rows=11106 width=121)
	  Sort Key: c
	  ->  Bitmap Heap Scan on sbtest3  (cost=318.27..38242.76 rows=11106 width=121)
	        Recheck Cond: ((id >= 8170971) AND (id <= 8180970))
	        ->  Bitmap Index Scan on sbtest3_pkey  (cost=0.00..315.50 rows=11106 width=0)
	              Index Cond: ((id >= 8170971) AND (id <= 8180970))

table 4 : explain SELECT c FROM sbtest4 WHERE id BETWEEN 9406151 AND 9416150 ORDER BY c
	Sort  (cost=33165.03..33188.34 rows=9323 width=121)
	  Sort Key: c
	  ->  Bitmap Heap Scan on sbtest4  (cost=256.00..32550.34 rows=9323 width=121)
	        Recheck Cond: ((id >= 9406151) AND (id <= 9416150))
	        ->  Bitmap Index Scan on sbtest4_pkey  (cost=0.00..253.67 rows=9323 width=0)
	              Index Cond: ((id >= 9406151) AND (id <= 9416150))

table 5 : explain SELECT c FROM sbtest5 WHERE id BETWEEN 1866802 AND 1876801 ORDER BY c
	Sort  (cost=34666.47..34691.06 rows=9835 width=121)
	  Sort Key: c
	  ->  Bitmap Heap Scan on sbtest5  (cost=265.24..34014.23 rows=9835 width=121)
	        Recheck Cond: ((id >= 1866802) AND (id <= 1876801))
	        ->  Bitmap Index Scan on sbtest5_pkey  (cost=0.00..262.79 rows=9835 width=0)
	              Index Cond: ((id >= 1866802) AND (id <= 1876801))

table 6 : explain SELECT c FROM sbtest6 WHERE id BETWEEN 8368496 AND 8378495 ORDER BY c
	Sort  (cost=30748.89..30770.42 rows=8613 width=121)
	  Sort Key: c
	  ->  Bitmap Heap Scan on sbtest6  (cost=240.72..30185.93 rows=8613 width=121)
	        Recheck Cond: ((id >= 8368496) AND (id <= 8378495))
	        ->  Bitmap Index Scan on sbtest6_pkey  (cost=0.00..238.56 rows=8613 width=0)
	              Index Cond: ((id >= 8368496) AND (id <= 8378495))

table 7 : explain SELECT c FROM sbtest7 WHERE id BETWEEN 6989972 AND 6999971 ORDER BY c
	Sort  (cost=38190.29..38217.42 rows=10850 width=121)
	  Sort Key: c
	  ->  Bitmap Heap Scan on sbtest7  (cost=315.65..37463.05 rows=10850 width=121)
	        Recheck Cond: ((id >= 6989972) AND (id <= 6999971))
	        ->  Bitmap Index Scan on sbtest7_pkey  (cost=0.00..312.94 rows=10850 width=0)
	              Index Cond: ((id >= 6989972) AND (id <= 6999971))

table 8 : explain SELECT c FROM sbtest8 WHERE id BETWEEN 6744241 AND 6754240 ORDER BY c
	Sort  (cost=32521.23..32544.16 rows=9175 width=121)
	  Sort Key: c
	  ->  Bitmap Heap Scan on sbtest8  (cost=258.48..31917.35 rows=9175 width=121)
	        Recheck Cond: ((id >= 6744241) AND (id <= 6754240))
	        ->  Bitmap Index Scan on sbtest8_pkey  (cost=0.00..256.19 rows=9175 width=0)
	              Index Cond: ((id >= 6744241) AND (id <= 6754240))

for: distinct_ranges
table 1 : explain SELECT DISTINCT c FROM sbtest1 WHERE id BETWEEN 349332 AND 359331 ORDER BY c
	Unique  (cost=35065.05..35114.79 rows=9947 width=121)
	  ->  Sort  (cost=35065.05..35089.92 rows=9947 width=121)
	        Sort Key: c
	        ->  Bitmap Heap Scan on sbtest1  (cost=278.39..34404.57 rows=9947 width=121)
	              Recheck Cond: ((id >= 349332) AND (id <= 359331))
	              ->  Bitmap Index Scan on sbtest1_pkey  (cost=0.00..275.91 rows=9947 width=0)
	                    Index Cond: ((id >= 349332) AND (id <= 359331))

table 2 : explain SELECT DISTINCT c FROM sbtest2 WHERE id BETWEEN 2988396 AND 2998395 ORDER BY c
	Unique  (cost=36278.71..36330.42 rows=10341 width=121)
	  ->  Sort  (cost=36278.71..36304.57 rows=10341 width=121)
	        Sort Key: c
	        ->  Bitmap Heap Scan on sbtest2  (cost=286.43..35589.17 rows=10341 width=121)
	              Recheck Cond: ((id >= 2988396) AND (id <= 2998395))
	              ->  Bitmap Index Scan on sbtest2_pkey  (cost=0.00..283.84 rows=10341 width=0)
	                    Index Cond: ((id >= 2988396) AND (id <= 2998395))

table 3 : explain SELECT DISTINCT c FROM sbtest3 WHERE id BETWEEN 9505956 AND 9515955 ORDER BY c
	Unique  (cost=35712.78..35763.22 rows=10089 width=121)
	  ->  Sort  (cost=35712.78..35738.00 rows=10089 width=121)
	        Sort Key: c
	        ->  Bitmap Heap Scan on sbtest3  (cost=287.85..35041.84 rows=10089 width=121)
	              Recheck Cond: ((id >= 9505956) AND (id <= 9515955))
	              ->  Bitmap Index Scan on sbtest3_pkey  (cost=0.00..285.32 rows=10089 width=0)
	                    Index Cond: ((id >= 9505956) AND (id <= 9515955))

table 4 : explain SELECT DISTINCT c FROM sbtest4 WHERE id BETWEEN 5313303 AND 5323302 ORDER BY c
	Unique  (cost=35597.19..35647.55 rows=10071 width=121)
	  ->  Sort  (cost=35597.19..35622.37 rows=10071 width=121)
	        Sort Key: c
	        ->  Bitmap Heap Scan on sbtest4  (cost=275.66..34927.57 rows=10071 width=121)
	              Recheck Cond: ((id >= 5313303) AND (id <= 5323302))
	              ->  Bitmap Index Scan on sbtest4_pkey  (cost=0.00..273.15 rows=10071 width=0)
	                    Index Cond: ((id >= 5313303) AND (id <= 5323302))

table 5 : explain SELECT DISTINCT c FROM sbtest5 WHERE id BETWEEN 3916561 AND 3926560 ORDER BY c
	Unique  (cost=36540.96..36593.05 rows=10418 width=121)
	  ->  Sort  (cost=36540.96..36567.00 rows=10418 width=121)
	        Sort Key: c
	        ->  Bitmap Heap Scan on sbtest5  (cost=283.22..35845.72 rows=10418 width=121)
	              Recheck Cond: ((id >= 3916561) AND (id <= 3926560))
	              ->  Bitmap Index Scan on sbtest5_pkey  (cost=0.00..280.62 rows=10418 width=0)
	                    Index Cond: ((id >= 3916561) AND (id <= 3926560))

table 6 : explain SELECT DISTINCT c FROM sbtest6 WHERE id BETWEEN 9838493 AND 9848492 ORDER BY c
	Unique  (cost=37555.14..37608.71 rows=10714 width=121)
	  ->  Sort  (cost=37555.14..37581.93 rows=10714 width=121)
	        Sort Key: c
	        ->  Bitmap Heap Scan on sbtest6  (cost=298.25..36837.99 rows=10714 width=121)
	              Recheck Cond: ((id >= 9838493) AND (id <= 9848492))
	              ->  Bitmap Index Scan on sbtest6_pkey  (cost=0.00..295.57 rows=10714 width=0)
	                    Index Cond: ((id >= 9838493) AND (id <= 9848492))

table 7 : explain SELECT DISTINCT c FROM sbtest7 WHERE id BETWEEN 5571588 AND 5581587 ORDER BY c
	Unique  (cost=36501.03..36552.66 rows=10326 width=121)
	  ->  Sort  (cost=36501.03..36526.85 rows=10326 width=121)
	        Sort Key: c
	        ->  Bitmap Heap Scan on sbtest7  (cost=298.28..35812.60 rows=10326 width=121)
	              Recheck Cond: ((id >= 5571588) AND (id <= 5581587))
	              ->  Bitmap Index Scan on sbtest7_pkey  (cost=0.00..295.69 rows=10326 width=0)
	                    Index Cond: ((id >= 5571588) AND (id <= 5581587))

table 8 : explain SELECT DISTINCT c FROM sbtest8 WHERE id BETWEEN 8959971 AND 8969970 ORDER BY c
	Unique  (cost=38402.31..38457.35 rows=11008 width=121)
	  ->  Sort  (cost=38402.31..38429.83 rows=11008 width=121)
	        Sort Key: c
	        ->  Bitmap Heap Scan on sbtest8  (cost=309.27..37663.32 rows=11008 width=121)
	              Recheck Cond: ((id >= 8959971) AND (id <= 8969970))
	              ->  Bitmap Index Scan on sbtest8_pkey  (cost=0.00..306.51 rows=11008 width=0)
	                    Index Cond: ((id >= 8959971) AND (id <= 8969970))

for: distinct_ranges
table 1 : explain SELECT DISTINCT c FROM sbtest1 WHERE id BETWEEN 5757669 AND 5767668 ORDER BY c
	Unique  (cost=37119.72..37172.66 rows=10587 width=121)
	  ->  Sort  (cost=37119.72..37146.19 rows=10587 width=121)
	        Sort Key: c
	        ->  Bitmap Heap Scan on sbtest1  (cost=296.95..36411.98 rows=10587 width=121)
	              Recheck Cond: ((id >= 5757669) AND (id <= 5767668))
	              ->  Bitmap Index Scan on sbtest1_pkey  (cost=0.00..294.31 rows=10587 width=0)
	                    Index Cond: ((id >= 5757669) AND (id <= 5767668))

table 2 : explain SELECT DISTINCT c FROM sbtest2 WHERE id BETWEEN 8516233 AND 8526232 ORDER BY c
	Unique  (cost=36430.49..36482.43 rows=10387 width=121)
	  ->  Sort  (cost=36430.49..36456.46 rows=10387 width=121)
	        Sort Key: c
	        ->  Bitmap Heap Scan on sbtest2  (cost=290.90..35737.55 rows=10387 width=121)
	              Recheck Cond: ((id >= 8516233) AND (id <= 8526232))
	              ->  Bitmap Index Scan on sbtest2_pkey  (cost=0.00..288.31 rows=10387 width=0)
	                    Index Cond: ((id >= 8516233) AND (id <= 8526232))

table 3 : explain SELECT DISTINCT c FROM sbtest3 WHERE id BETWEEN 8250009 AND 8260008 ORDER BY c
	Unique  (cost=34983.24..35032.57 rows=9865 width=121)
	  ->  Sort  (cost=34983.24..35007.91 rows=9865 width=121)
	        Sort Key: c
	        ->  Bitmap Heap Scan on sbtest3  (cost=281.55..34328.80 rows=9865 width=121)
	              Recheck Cond: ((id >= 8250009) AND (id <= 8260008))
	              ->  Bitmap Index Scan on sbtest3_pkey  (cost=0.00..279.08 rows=9865 width=0)
	                    Index Cond: ((id >= 8250009) AND (id <= 8260008))

table 4 : explain SELECT DISTINCT c FROM sbtest4 WHERE id BETWEEN 6996013 AND 7006012 ORDER BY c
	Unique  (cost=31838.25..31882.85 rows=8919 width=121)
	  ->  Sort  (cost=31838.25..31860.55 rows=8919 width=121)
	        Sort Key: c
	        ->  Bitmap Heap Scan on sbtest4  (cost=243.85..31253.04 rows=8919 width=121)
	              Recheck Cond: ((id >= 6996013) AND (id <= 7006012))
	              ->  Bitmap Index Scan on sbtest4_pkey  (cost=0.00..241.62 rows=8919 width=0)
	                    Index Cond: ((id >= 6996013) AND (id <= 7006012))

table 5 : explain SELECT DISTINCT c FROM sbtest5 WHERE id BETWEEN 2579956 AND 2589955 ORDER BY c
	Unique  (cost=35664.92..35715.64 rows=10144 width=121)
	  ->  Sort  (cost=35664.92..35690.28 rows=10144 width=121)
	        Sort Key: c
	        ->  Bitmap Heap Scan on sbtest5  (cost=276.41..34989.93 rows=10144 width=121)
	              Recheck Cond: ((id >= 2579956) AND (id <= 2589955))
	              ->  Bitmap Index Scan on sbtest5_pkey  (cost=0.00..273.88 rows=10144 width=0)
	                    Index Cond: ((id >= 2579956) AND (id <= 2589955))

table 6 : explain SELECT DISTINCT c FROM sbtest6 WHERE id BETWEEN 9637858 AND 9647857 ORDER BY c
	Unique  (cost=35725.57..35776.28 rows=10143 width=121)
	  ->  Sort  (cost=35725.57..35750.93 rows=10143 width=121)
	        Sort Key: c
	        ->  Bitmap Heap Scan on sbtest6  (cost=280.40..35050.64 rows=10143 width=121)
	              Recheck Cond: ((id >= 9637858) AND (id <= 9647857))
	              ->  Bitmap Index Scan on sbtest6_pkey  (cost=0.00..277.87 rows=10143 width=0)
	                    Index Cond: ((id >= 9637858) AND (id <= 9647857))

table 7 : explain SELECT DISTINCT c FROM sbtest7 WHERE id BETWEEN 9848821 AND 9858820 ORDER BY c
	Unique  (cost=34057.24..34105.12 rows=9575 width=121)
	  ->  Sort  (cost=34057.24..34081.18 rows=9575 width=121)
	        Sort Key: c
	        ->  Bitmap Heap Scan on sbtest7  (cost=278.58..33424.09 rows=9575 width=121)
	              Recheck Cond: ((id >= 9848821) AND (id <= 9858820))
	              ->  Bitmap Index Scan on sbtest7_pkey  (cost=0.00..276.19 rows=9575 width=0)
	                    Index Cond: ((id >= 9848821) AND (id <= 9858820))

table 8 : explain SELECT DISTINCT c FROM sbtest8 WHERE id BETWEEN 5085398 AND 5095397 ORDER BY c
	Unique  (cost=35844.56..35895.59 rows=10206 width=121)
	  ->  Sort  (cost=35844.56..35870.08 rows=10206 width=121)
	        Sort Key: c
	        ->  Bitmap Heap Scan on sbtest8  (cost=285.05..35164.99 rows=10206 width=121)
	              Recheck Cond: ((id >= 5085398) AND (id <= 5095397))
	              ->  Bitmap Index Scan on sbtest8_pkey  (cost=0.00..282.50 rows=10206 width=0)
	                    Index Cond: ((id >= 5085398) AND (id <= 5095397))

for: distinct_ranges
table 1 : explain SELECT DISTINCT c FROM sbtest1 WHERE id BETWEEN 9958104 AND 9968103 ORDER BY c
	Unique  (cost=35577.14..35627.67 rows=10107 width=121)
	  ->  Sort  (cost=35577.14..35602.40 rows=10107 width=121)
	        Sort Key: c
	        ->  Bitmap Heap Scan on sbtest1  (cost=280.03..34904.87 rows=10107 width=121)
	              Recheck Cond: ((id >= 9958104) AND (id <= 9968103))
	              ->  Bitmap Index Scan on sbtest1_pkey  (cost=0.00..277.50 rows=10107 width=0)
	                    Index Cond: ((id >= 9958104) AND (id <= 9968103))

table 2 : explain SELECT DISTINCT c FROM sbtest2 WHERE id BETWEEN 2376401 AND 2386400 ORDER BY c
	Unique  (cost=34311.82..34360.45 rows=9727 width=121)
	  ->  Sort  (cost=34311.82..34336.14 rows=9727 width=121)
	        Sort Key: c
	        ->  Bitmap Heap Scan on sbtest2  (cost=272.14..33667.51 rows=9727 width=121)
	              Recheck Cond: ((id >= 2376401) AND (id <= 2386400))
	              ->  Bitmap Index Scan on sbtest2_pkey  (cost=0.00..269.70 rows=9727 width=0)
	                    Index Cond: ((id >= 2376401) AND (id <= 2386400))

table 3 : explain SELECT DISTINCT c FROM sbtest3 WHERE id BETWEEN 1564390 AND 1574389 ORDER BY c
	Unique  (cost=36630.25..36682.11 rows=10372 width=121)
	  ->  Sort  (cost=36630.25..36656.18 rows=10372 width=121)
	        Sort Key: c
	        ->  Bitmap Heap Scan on sbtest3  (cost=298.75..35938.42 rows=10372 width=121)
	              Recheck Cond: ((id >= 1564390) AND (id <= 1574389))
	              ->  Bitmap Index Scan on sbtest3_pkey  (cost=0.00..296.16 rows=10372 width=0)
	                    Index Cond: ((id >= 1564390) AND (id <= 1574389))

table 4 : explain SELECT DISTINCT c FROM sbtest4 WHERE id BETWEEN 7371346 AND 7381345 ORDER BY c
	Unique  (cost=32121.26..32166.28 rows=9004 width=121)
	  ->  Sort  (cost=32121.26..32143.77 rows=9004 width=121)
	        Sort Key: c
	        ->  Bitmap Heap Scan on sbtest4  (cost=248.73..31529.86 rows=9004 width=121)
	              Recheck Cond: ((id >= 7371346) AND (id <= 7381345))
	              ->  Bitmap Index Scan on sbtest4_pkey  (cost=0.00..246.48 rows=9004 width=0)
	                    Index Cond: ((id >= 7371346) AND (id <= 7381345))

table 5 : explain SELECT DISTINCT c FROM sbtest5 WHERE id BETWEEN 7970493 AND 7980492 ORDER BY c
	Unique  (cost=33807.77..33855.61 rows=9569 width=121)
	  ->  Sort  (cost=33807.77..33831.69 rows=9569 width=121)
	        Sort Key: c
	        ->  Bitmap Heap Scan on sbtest5  (cost=258.52..33175.06 rows=9569 width=121)
	              Recheck Cond: ((id >= 7970493) AND (id <= 7980492))
	              ->  Bitmap Index Scan on sbtest5_pkey  (cost=0.00..256.12 rows=9569 width=0)
	                    Index Cond: ((id >= 7970493) AND (id <= 7980492))

table 6 : explain SELECT DISTINCT c FROM sbtest6 WHERE id BETWEEN 4380100 AND 4390099 ORDER BY c
	Unique  (cost=32480.21..32525.92 rows=9142 width=121)
	  ->  Sort  (cost=32480.21..32503.06 rows=9142 width=121)
	        Sort Key: c
	        ->  Bitmap Heap Scan on sbtest6  (cost=254.14..31878.74 rows=9142 width=121)
	              Recheck Cond: ((id >= 4380100) AND (id <= 4390099))
	              ->  Bitmap Index Scan on sbtest6_pkey  (cost=0.00..251.86 rows=9142 width=0)
	                    Index Cond: ((id >= 4380100) AND (id <= 4390099))

table 7 : explain SELECT DISTINCT c FROM sbtest7 WHERE id BETWEEN 3307688 AND 3317687 ORDER BY c
	Unique  (cost=37174.47..37227.14 rows=10535 width=121)
	  ->  Sort  (cost=37174.47..37200.80 rows=10535 width=121)
	        Sort Key: c
	        ->  Bitmap Heap Scan on sbtest7  (cost=304.42..36470.57 rows=10535 width=121)
	              Recheck Cond: ((id >= 3307688) AND (id <= 3317687))
	              ->  Bitmap Index Scan on sbtest7_pkey  (cost=0.00..301.79 rows=10535 width=0)
	                    Index Cond: ((id >= 3307688) AND (id <= 3317687))

table 8 : explain SELECT DISTINCT c FROM sbtest8 WHERE id BETWEEN 2388103 AND 2398102 ORDER BY c
	Unique  (cost=33572.47..33619.97 rows=9500 width=121)
	  ->  Sort  (cost=33572.47..33596.22 rows=9500 width=121)
	        Sort Key: c
	        ->  Bitmap Heap Scan on sbtest8  (cost=265.81..32944.82 rows=9500 width=121)
	              Recheck Cond: ((id >= 2388103) AND (id <= 2398102))
	              ->  Bitmap Index Scan on sbtest8_pkey  (cost=0.00..263.44 rows=9500 width=0)
	                    Index Cond: ((id >= 2388103) AND (id <= 2398102))

for: distinct_ranges
table 1 : explain SELECT DISTINCT c FROM sbtest1 WHERE id BETWEEN 5251824 AND 5261823 ORDER BY c
	Unique  (cost=35696.62..35747.34 rows=10143 width=121)
	  ->  Sort  (cost=35696.62..35721.98 rows=10143 width=121)
	        Sort Key: c
	        ->  Bitmap Heap Scan on sbtest1  (cost=284.40..35021.70 rows=10143 width=121)
	              Recheck Cond: ((id >= 5251824) AND (id <= 5261823))
	              ->  Bitmap Index Scan on sbtest1_pkey  (cost=0.00..281.87 rows=10143 width=0)
	                    Index Cond: ((id >= 5251824) AND (id <= 5261823))

table 2 : explain SELECT DISTINCT c FROM sbtest2 WHERE id BETWEEN 186562 AND 196561 ORDER BY c
	Unique  (cost=33379.54..33426.73 rows=9438 width=121)
	  ->  Sort  (cost=33379.54..33403.13 rows=9438 width=121)
	        Sort Key: c
	        ->  Bitmap Heap Scan on sbtest2  (cost=265.17..32756.43 rows=9438 width=121)
	              Recheck Cond: ((id >= 186562) AND (id <= 196561))
	              ->  Bitmap Index Scan on sbtest2_pkey  (cost=0.00..262.81 rows=9438 width=0)
	                    Index Cond: ((id >= 186562) AND (id <= 196561))

table 3 : explain SELECT DISTINCT c FROM sbtest3 WHERE id BETWEEN 1187807 AND 1197806 ORDER BY c
	Unique  (cost=35589.77..35640.02 rows=10051 width=121)
	  ->  Sort  (cost=35589.77..35614.90 rows=10051 width=121)
	        Sort Key: c
	        ->  Bitmap Heap Scan on sbtest3  (cost=287.46..34921.63 rows=10051 width=121)
	              Recheck Cond: ((id >= 1187807) AND (id <= 1197806))
	              ->  Bitmap Index Scan on sbtest3_pkey  (cost=0.00..284.94 rows=10051 width=0)
	                    Index Cond: ((id >= 1187807) AND (id <= 1197806))

table 4 : explain SELECT DISTINCT c FROM sbtest4 WHERE id BETWEEN 6754746 AND 6764745 ORDER BY c
	Unique  (cost=33426.01..33473.03 rows=9403 width=121)
	  ->  Sort  (cost=33426.01..33449.52 rows=9403 width=121)
	        Sort Key: c
	        ->  Bitmap Heap Scan on sbtest4  (cost=256.82..32805.46 rows=9403 width=121)
	              Recheck Cond: ((id >= 6754746) AND (id <= 6764745))
	              ->  Bitmap Index Scan on sbtest4_pkey  (cost=0.00..254.47 rows=9403 width=0)
	                    Index Cond: ((id >= 6754746) AND (id <= 6764745))

table 5 : explain SELECT DISTINCT c FROM sbtest5 WHERE id BETWEEN 4513474 AND 4523473 ORDER BY c
	Unique  (cost=34282.48..34331.06 rows=9715 width=121)
	  ->  Sort  (cost=34282.48..34306.77 rows=9715 width=121)
	        Sort Key: c
	        ->  Bitmap Heap Scan on sbtest5  (cost=264.01..33639.06 rows=9715 width=121)
	              Recheck Cond: ((id >= 4513474) AND (id <= 4523473))
	              ->  Bitmap Index Scan on sbtest5_pkey  (cost=0.00..261.58 rows=9715 width=0)
	                    Index Cond: ((id >= 4513474) AND (id <= 4523473))

table 6 : explain SELECT DISTINCT c FROM sbtest6 WHERE id BETWEEN 1926212 AND 1936211 ORDER BY c
	Unique  (cost=34290.29..34338.79 rows=9699 width=121)
	  ->  Sort  (cost=34290.29..34314.54 rows=9699 width=121)
	        Sort Key: c
	        ->  Bitmap Heap Scan on sbtest6  (cost=267.85..33648.04 rows=9699 width=121)
	              Recheck Cond: ((id >= 1926212) AND (id <= 1936211))
	              ->  Bitmap Index Scan on sbtest6_pkey  (cost=0.00..265.43 rows=9699 width=0)
	                    Index Cond: ((id >= 1926212) AND (id <= 1936211))

table 7 : explain SELECT DISTINCT c FROM sbtest7 WHERE id BETWEEN 2390430 AND 2400429 ORDER BY c
	Unique  (cost=36743.18..36795.19 rows=10402 width=121)
	  ->  Sort  (cost=36743.18..36769.19 rows=10402 width=121)
	        Sort Key: c
	        ->  Bitmap Heap Scan on sbtest7  (cost=299.06..36049.13 rows=10402 width=121)
	              Recheck Cond: ((id >= 2390430) AND (id <= 2400429))
	              ->  Bitmap Index Scan on sbtest7_pkey  (cost=0.00..296.45 rows=10402 width=0)
	                    Index Cond: ((id >= 2390430) AND (id <= 2400429))

table 8 : explain SELECT DISTINCT c FROM sbtest8 WHERE id BETWEEN 5538372 AND 5548371 ORDER BY c
	Unique  (cost=34536.97..34585.97 rows=9799 width=121)
	  ->  Sort  (cost=34536.97..34561.47 rows=9799 width=121)
	        Sort Key: c
	        ->  Bitmap Heap Scan on sbtest8  (cost=272.87..33887.38 rows=9799 width=121)
	              Recheck Cond: ((id >= 5538372) AND (id <= 5548371))
	              ->  Bitmap Index Scan on sbtest8_pkey  (cost=0.00..270.43 rows=9799 width=0)
	                    Index Cond: ((id >= 5538372) AND (id <= 5548371))

for: sum_ranges
table 1 : explain SELECT SUM(k) FROM sbtest1 WHERE id BETWEEN 9055730 AND 9065729
	Aggregate  (cost=38444.30..38444.31 rows=1 width=8)
	  ->  Bitmap Heap Scan on sbtest1  (cost=311.58..38416.22 rows=11234 width=4)
	        Recheck Cond: ((id >= 9055730) AND (id <= 9065729))
	        ->  Bitmap Index Scan on sbtest1_pkey  (cost=0.00..308.78 rows=11234 width=0)
	              Index Cond: ((id >= 9055730) AND (id <= 9065729))

table 2 : explain SELECT SUM(k) FROM sbtest2 WHERE id BETWEEN 9152182 AND 9162181
	Aggregate  (cost=34842.16..34842.17 rows=1 width=8)
	  ->  Bitmap Heap Scan on sbtest2  (cost=279.90..34816.93 rows=10094 width=4)
	        Recheck Cond: ((id >= 9152182) AND (id <= 9162181))
	        ->  Bitmap Index Scan on sbtest2_pkey  (cost=0.00..277.38 rows=10094 width=0)
	              Index Cond: ((id >= 9152182) AND (id <= 9162181))

table 3 : explain SELECT SUM(k) FROM sbtest3 WHERE id BETWEEN 8319688 AND 8329687
	Aggregate  (cost=33517.01..33517.02 rows=1 width=8)
	  ->  Bitmap Heap Scan on sbtest3  (cost=274.86..33493.00 rows=9602 width=4)
	        Recheck Cond: ((id >= 8319688) AND (id <= 8329687))
	        ->  Bitmap Index Scan on sbtest3_pkey  (cost=0.00..272.45 rows=9602 width=0)
	              Index Cond: ((id >= 8319688) AND (id <= 8329687))

table 4 : explain SELECT SUM(k) FROM sbtest4 WHERE id BETWEEN 6286651 AND 6296650
	Aggregate  (cost=33205.73..33205.74 rows=1 width=8)
	  ->  Bitmap Heap Scan on sbtest4  (cost=262.03..33181.93 rows=9521 width=4)
	        Recheck Cond: ((id >= 6286651) AND (id <= 6296650))
	        ->  Bitmap Index Scan on sbtest4_pkey  (cost=0.00..259.65 rows=9521 width=0)
	              Index Cond: ((id >= 6286651) AND (id <= 6296650))

table 5 : explain SELECT SUM(k) FROM sbtest5 WHERE id BETWEEN 8893913 AND 8903912
	Aggregate  (cost=33912.62..33912.63 rows=1 width=8)
	  ->  Bitmap Heap Scan on sbtest5  (cost=264.82..33888.14 rows=9794 width=4)
	        Recheck Cond: ((id >= 8893913) AND (id <= 8903912))
	        ->  Bitmap Index Scan on sbtest5_pkey  (cost=0.00..262.38 rows=9794 width=0)
	              Index Cond: ((id >= 8893913) AND (id <= 8903912))

table 6 : explain SELECT SUM(k) FROM sbtest6 WHERE id BETWEEN 2602143 AND 2612142
	Aggregate  (cost=33659.30..33659.31 rows=1 width=8)
	  ->  Bitmap Heap Scan on sbtest6  (cost=267.81..33635.07 rows=9695 width=4)
	        Recheck Cond: ((id >= 2602143) AND (id <= 2612142))
	        ->  Bitmap Index Scan on sbtest6_pkey  (cost=0.00..265.38 rows=9695 width=0)
	              Index Cond: ((id >= 2602143) AND (id <= 2612142))

table 7 : explain SELECT SUM(k) FROM sbtest7 WHERE id BETWEEN 2807603 AND 2817602
	Aggregate  (cost=33083.79..33083.80 rows=1 width=8)
	  ->  Bitmap Heap Scan on sbtest7  (cost=273.41..33060.14 rows=9461 width=4)
	        Recheck Cond: ((id >= 2807603) AND (id <= 2817602))
	        ->  Bitmap Index Scan on sbtest7_pkey  (cost=0.00..271.05 rows=9461 width=0)
	              Index Cond: ((id >= 2807603) AND (id <= 2817602))

table 8 : explain SELECT SUM(k) FROM sbtest8 WHERE id BETWEEN 5206268 AND 5216267
	Aggregate  (cost=38066.57..38066.58 rows=1 width=8)
	  ->  Bitmap Heap Scan on sbtest8  (cost=310.53..38038.74 rows=11131 width=4)
	        Recheck Cond: ((id >= 5206268) AND (id <= 5216267))
	        ->  Bitmap Index Scan on sbtest8_pkey  (cost=0.00..307.75 rows=11131 width=0)
	              Index Cond: ((id >= 5206268) AND (id <= 5216267))

for: sum_ranges
table 1 : explain SELECT SUM(k) FROM sbtest1 WHERE id BETWEEN 6177843 AND 6187842
	Aggregate  (cost=32574.23..32574.24 rows=1 width=8)
	  ->  Bitmap Heap Scan on sbtest1  (cost=260.39..32550.83 rows=9361 width=4)
	        Recheck Cond: ((id >= 6177843) AND (id <= 6187842))
	        ->  Bitmap Index Scan on sbtest1_pkey  (cost=0.00..258.05 rows=9361 width=0)
	              Index Cond: ((id >= 6177843) AND (id <= 6187842))

table 2 : explain SELECT SUM(k) FROM sbtest2 WHERE id BETWEEN 4907811 AND 4917810
	Aggregate  (cost=36367.18..36367.19 rows=1 width=8)
	  ->  Bitmap Heap Scan on sbtest2  (cost=296.89..36340.73 rows=10581 width=4)
	        Recheck Cond: ((id >= 4907811) AND (id <= 4917810))
	        ->  Bitmap Index Scan on sbtest2_pkey  (cost=0.00..294.25 rows=10581 width=0)
	              Index Cond: ((id >= 4907811) AND (id <= 4917810))

table 3 : explain SELECT SUM(k) FROM sbtest3 WHERE id BETWEEN 7896307 AND 7906306
	Aggregate  (cost=34683.20..34683.21 rows=1 width=8)
	  ->  Bitmap Heap Scan on sbtest3  (cost=286.61..34658.28 rows=9968 width=4)
	        Recheck Cond: ((id >= 7896307) AND (id <= 7906306))
	        ->  Bitmap Index Scan on sbtest3_pkey  (cost=0.00..284.12 rows=9968 width=0)
	              Index Cond: ((id >= 7896307) AND (id <= 7906306))

table 4 : explain SELECT SUM(k) FROM sbtest4 WHERE id BETWEEN 67334 AND 77333
	Aggregate  (cost=35303.84..35303.85 rows=1 width=8)
	  ->  Bitmap Heap Scan on sbtest4  (cost=280.79..35278.39 rows=10181 width=4)
	        Recheck Cond: ((id >= 67334) AND (id <= 77333))
	        ->  Bitmap Index Scan on sbtest4_pkey  (cost=0.00..278.25 rows=10181 width=0)
	              Index Cond: ((id >= 67334) AND (id <= 77333))

table 5 : explain SELECT SUM(k) FROM sbtest5 WHERE id BETWEEN 7900046 AND 7910045
	Aggregate  (cost=33198.98..33198.99 rows=1 width=8)
	  ->  Bitmap Heap Scan on sbtest5  (cost=258.52..33175.06 rows=9569 width=4)
	        Recheck Cond: ((id >= 7900046) AND (id <= 7910045))
	        ->  Bitmap Index Scan on sbtest5_pkey  (cost=0.00..256.12 rows=9569 width=0)
	              Index Cond: ((id >= 7900046) AND (id <= 7910045))

table 6 : explain SELECT SUM(k) FROM sbtest6 WHERE id BETWEEN 9711408 AND 9721407
	Aggregate  (cost=34714.04..34714.05 rows=1 width=8)
	  ->  Bitmap Heap Scan on sbtest6  (cost=279.22..34688.97 rows=10028 width=4)
	        Recheck Cond: ((id >= 9711408) AND (id <= 9721407))
	        ->  Bitmap Index Scan on sbtest6_pkey  (cost=0.00..276.71 rows=10028 width=0)
	              Index Cond: ((id >= 9711408) AND (id <= 9721407))

table 7 : explain SELECT SUM(k) FROM sbtest7 WHERE id BETWEEN 2544410 AND 2554409
	Aggregate  (cost=35591.78..35591.79 rows=1 width=8)
	  ->  Bitmap Heap Scan on sbtest7  (cost=297.48..35566.16 rows=10248 width=4)
	        Recheck Cond: ((id >= 2544410) AND (id <= 2554409))
	        ->  Bitmap Index Scan on sbtest7_pkey  (cost=0.00..294.92 rows=10248 width=0)
	              Index Cond: ((id >= 2544410) AND (id <= 2554409))

table 8 : explain SELECT SUM(k) FROM sbtest8 WHERE id BETWEEN 4745457 AND 4755456
	Aggregate  (cost=35949.35..35949.36 rows=1 width=8)
	  ->  Bitmap Heap Scan on sbtest8  (cost=291.53..35923.23 rows=10448 width=4)
	        Recheck Cond: ((id >= 4745457) AND (id <= 4755456))
	        ->  Bitmap Index Scan on sbtest8_pkey  (cost=0.00..288.92 rows=10448 width=0)
	              Index Cond: ((id >= 4745457) AND (id <= 4755456))

for: order_ranges
table 1 : explain SELECT c FROM sbtest1 WHERE id BETWEEN 744123 AND 754122 ORDER BY c
	Sort  (cost=34726.88..34751.49 rows=9843 width=121)
	  Sort Key: c
	  ->  Bitmap Heap Scan on sbtest1  (cost=273.33..34074.05 rows=9843 width=121)
	        Recheck Cond: ((id >= 744123) AND (id <= 754122))
	        ->  Bitmap Index Scan on sbtest1_pkey  (cost=0.00..270.87 rows=9843 width=0)
	              Index Cond: ((id >= 744123) AND (id <= 754122))

table 2 : explain SELECT c FROM sbtest2 WHERE id BETWEEN 4524637 AND 4534636 ORDER BY c
	Sort  (cost=32624.06..32647.07 rows=9206 width=121)
	  Sort Key: c
	  ->  Bitmap Heap Scan on sbtest2  (cost=258.80..32017.92 rows=9206 width=121)
	        Recheck Cond: ((id >= 4524637) AND (id <= 4534636))
	        ->  Bitmap Index Scan on sbtest2_pkey  (cost=0.00..256.50 rows=9206 width=0)
	              Index Cond: ((id >= 4524637) AND (id <= 4534636))

table 3 : explain SELECT c FROM sbtest3 WHERE id BETWEEN 4699205 AND 4709204 ORDER BY c
	Sort  (cost=32282.60..32305.19 rows=9039 width=121)
	  Sort Key: c
	  ->  Bitmap Heap Scan on sbtest3  (cost=261.08..31688.65 rows=9039 width=121)
	        Recheck Cond: ((id >= 4699205) AND (id <= 4709204))
	        ->  Bitmap Index Scan on sbtest3_pkey  (cost=0.00..258.82 rows=9039 width=0)
	              Index Cond: ((id >= 4699205) AND (id <= 4709204))

table 4 : explain SELECT c FROM sbtest4 WHERE id BETWEEN 2822404 AND 2832403 ORDER BY c
	Sort  (cost=33690.85..33714.56 rows=9484 width=121)
	  Sort Key: c
	  ->  Bitmap Heap Scan on sbtest4  (cost=261.65..33064.37 rows=9484 width=121)
	        Recheck Cond: ((id >= 2822404) AND (id <= 2832403))
	        ->  Bitmap Index Scan on sbtest4_pkey  (cost=0.00..259.28 rows=9484 width=0)
	              Index Cond: ((id >= 2822404) AND (id <= 2832403))

table 5 : explain SELECT c FROM sbtest5 WHERE id BETWEEN 5865605 AND 5875604 ORDER BY c
	Sort  (cost=35492.85..35518.08 rows=10092 width=121)
	  Sort Key: c
	  ->  Bitmap Heap Scan on sbtest5  (cost=271.88..34821.69 rows=10092 width=121)
	        Recheck Cond: ((id >= 5865605) AND (id <= 5875604))
	        ->  Bitmap Index Scan on sbtest5_pkey  (cost=0.00..269.36 rows=10092 width=0)
	              Index Cond: ((id >= 5865605) AND (id <= 5875604))

table 6 : explain SELECT c FROM sbtest6 WHERE id BETWEEN 3687565 AND 3697564 ORDER BY c
	Sort  (cost=35520.69..35545.89 rows=10079 width=121)
	  Sort Key: c
	  ->  Bitmap Heap Scan on sbtest6  (cost=279.74..34850.49 rows=10079 width=121)
	        Recheck Cond: ((id >= 3687565) AND (id <= 3697564))
	        ->  Bitmap Index Scan on sbtest6_pkey  (cost=0.00..277.23 rows=10079 width=0)
	              Index Cond: ((id >= 3687565) AND (id <= 3697564))

table 7 : explain SELECT c FROM sbtest7 WHERE id BETWEEN 9162412 AND 9172411 ORDER BY c
	Sort  (cost=37194.31..37220.66 rows=10541 width=121)
	  Sort Key: c
	  ->  Bitmap Heap Scan on sbtest7  (cost=304.48..36489.97 rows=10541 width=121)
	        Recheck Cond: ((id >= 9162412) AND (id <= 9172411))
	        ->  Bitmap Index Scan on sbtest7_pkey  (cost=0.00..301.84 rows=10541 width=0)
	              Index Cond: ((id >= 9162412) AND (id <= 9172411))

table 8 : explain SELECT c FROM sbtest8 WHERE id BETWEEN 1895464 AND 1905463 ORDER BY c
	Sort  (cost=31354.90..31376.94 rows=8818 width=121)
	  Sort Key: c
	  ->  Bitmap Heap Scan on sbtest8  (cost=246.82..30777.04 rows=8818 width=121)
	        Recheck Cond: ((id >= 1895464) AND (id <= 1905463))
	        ->  Bitmap Index Scan on sbtest8_pkey  (cost=0.00..244.62 rows=8818 width=0)
	              Index Cond: ((id >= 1895464) AND (id <= 1905463))

for: order_ranges
table 1 : explain SELECT c FROM sbtest1 WHERE id BETWEEN 5834816 AND 5844815 ORDER BY c
	Sort  (cost=37198.52..37225.05 rows=10612 width=121)
	  Sort Key: c
	  ->  Bitmap Heap Scan on sbtest1  (cost=297.21..36488.92 rows=10612 width=121)
	        Recheck Cond: ((id >= 5834816) AND (id <= 5844815))
	        ->  Bitmap Index Scan on sbtest1_pkey  (cost=0.00..294.56 rows=10612 width=0)
	              Index Cond: ((id >= 5834816) AND (id <= 5844815))

table 2 : explain SELECT c FROM sbtest2 WHERE id BETWEEN 2940498 AND 2950497 ORDER BY c
	Sort  (cost=36278.71..36304.57 rows=10341 width=121)
	  Sort Key: c
	  ->  Bitmap Heap Scan on sbtest2  (cost=286.43..35589.17 rows=10341 width=121)
	        Recheck Cond: ((id >= 2940498) AND (id <= 2950497))
	        ->  Bitmap Index Scan on sbtest2_pkey  (cost=0.00..283.84 rows=10341 width=0)
	              Index Cond: ((id >= 2940498) AND (id <= 2950497))

table 3 : explain SELECT c FROM sbtest3 WHERE id BETWEEN 3822642 AND 3832641 ORDER BY c
	Sort  (cost=33780.30..33804.04 rows=9495 width=121)
	  Sort Key: c
	  ->  Bitmap Heap Scan on sbtest3  (cost=273.76..33153.02 rows=9495 width=121)
	        Recheck Cond: ((id >= 3822642) AND (id <= 3832641))
	        ->  Bitmap Index Scan on sbtest3_pkey  (cost=0.00..271.38 rows=9495 width=0)
	              Index Cond: ((id >= 3822642) AND (id <= 3832641))

table 4 : explain SELECT c FROM sbtest4 WHERE id BETWEEN 8271270 AND 8281269 ORDER BY c
	Sort  (cost=34475.71..34500.03 rows=9725 width=121)
	  Sort Key: c
	  ->  Bitmap Heap Scan on sbtest4  (cost=268.12..33831.56 rows=9725 width=121)
	        Recheck Cond: ((id >= 8271270) AND (id <= 8281269))
	        ->  Bitmap Index Scan on sbtest4_pkey  (cost=0.00..265.69 rows=9725 width=0)
	              Index Cond: ((id >= 8271270) AND (id <= 8281269))

table 5 : explain SELECT c FROM sbtest5 WHERE id BETWEEN 7742482 AND 7752481 ORDER BY c
	Sort  (cost=38924.90..38952.82 rows=11169 width=121)
	  Sort Key: c
	  ->  Bitmap Heap Scan on sbtest5  (cost=302.92..38173.94 rows=11169 width=121)
	        Recheck Cond: ((id >= 7742482) AND (id <= 7752481))
	        ->  Bitmap Index Scan on sbtest5_pkey  (cost=0.00..300.12 rows=11169 width=0)
	              Index Cond: ((id >= 7742482) AND (id <= 7752481))

table 6 : explain SELECT c FROM sbtest6 WHERE id BETWEEN 4933861 AND 4943860 ORDER BY c
	Sort  (cost=38037.19..38064.36 rows=10866 width=121)
	  Sort Key: c
	  ->  Bitmap Heap Scan on sbtest6  (cost=299.81..37308.76 rows=10866 width=121)
	        Recheck Cond: ((id >= 4933861) AND (id <= 4943860))
	        ->  Bitmap Index Scan on sbtest6_pkey  (cost=0.00..297.09 rows=10866 width=0)
	              Index Cond: ((id >= 4933861) AND (id <= 4943860))

table 7 : explain SELECT c FROM sbtest7 WHERE id BETWEEN 6631542 AND 6641541 ORDER BY c
	Sort  (cost=34097.35..34121.32 rows=9587 width=121)
	  Sort Key: c
	  ->  Bitmap Heap Scan on sbtest7  (cost=278.70..33463.32 rows=9587 width=121)
	        Recheck Cond: ((id >= 6631542) AND (id <= 6641541))
	        ->  Bitmap Index Scan on sbtest7_pkey  (cost=0.00..276.31 rows=9587 width=0)
	              Index Cond: ((id >= 6631542) AND (id <= 6641541))

table 8 : explain SELECT c FROM sbtest8 WHERE id BETWEEN 5683333 AND 5693332 ORDER BY c
	Sort  (cost=36081.35..36107.05 rows=10280 width=121)
	  Sort Key: c
	  ->  Bitmap Heap Scan on sbtest8  (cost=285.81..35396.31 rows=10280 width=121)
	        Recheck Cond: ((id >= 5683333) AND (id <= 5693332))
	        ->  Bitmap Index Scan on sbtest8_pkey  (cost=0.00..283.24 rows=10280 width=0)
	              Index Cond: ((id >= 5683333) AND (id <= 5693332))

for: distinct_ranges
table 1 : explain SELECT DISTINCT c FROM sbtest1 WHERE id BETWEEN 5858303 AND 5868302 ORDER BY c
	Unique  (cost=37198.52..37251.58 rows=10612 width=121)
	  ->  Sort  (cost=37198.52..37225.05 rows=10612 width=121)
	        Sort Key: c
	        ->  Bitmap Heap Scan on sbtest1  (cost=297.21..36488.92 rows=10612 width=121)
	              Recheck Cond: ((id >= 5858303) AND (id <= 5868302))
	              ->  Bitmap Index Scan on sbtest1_pkey  (cost=0.00..294.56 rows=10612 width=0)
	                    Index Cond: ((id >= 5858303) AND (id <= 5868302))

table 2 : explain SELECT DISTINCT c FROM sbtest2 WHERE id BETWEEN 94417 AND 104416 ORDER BY c
	Unique  (cost=37182.31..37235.42 rows=10623 width=121)
	  ->  Sort  (cost=37182.31..37208.86 rows=10623 width=121)
	        Sort Key: c
	        ->  Bitmap Heap Scan on sbtest2  (cost=297.32..36471.90 rows=10623 width=121)
	              Recheck Cond: ((id >= 94417) AND (id <= 104416))
	              ->  Bitmap Index Scan on sbtest2_pkey  (cost=0.00..294.67 rows=10623 width=0)
	                    Index Cond: ((id >= 94417) AND (id <= 104416))

table 3 : explain SELECT DISTINCT c FROM sbtest3 WHERE id BETWEEN 4238172 AND 4248171 ORDER BY c
	Unique  (cost=36855.49..36907.70 rows=10442 width=121)
	  ->  Sort  (cost=36855.49..36881.60 rows=10442 width=121)
	        Sort Key: c
	        ->  Bitmap Heap Scan on sbtest3  (cost=299.47..36158.49 rows=10442 width=121)
	              Recheck Cond: ((id >= 4238172) AND (id <= 4248171))
	              ->  Bitmap Index Scan on sbtest3_pkey  (cost=0.00..296.86 rows=10442 width=0)
	                    Index Cond: ((id >= 4238172) AND (id <= 4248171))

table 4 : explain SELECT DISTINCT c FROM sbtest4 WHERE id BETWEEN 8397596 AND 8407595 ORDER BY c
	Unique  (cost=34168.27..34216.43 rows=9631 width=121)
	  ->  Sort  (cost=34168.27..34192.35 rows=9631 width=121)
	        Sort Key: c
	        ->  Bitmap Heap Scan on sbtest4  (cost=263.15..33531.02 rows=9631 width=121)
	              Recheck Cond: ((id >= 8397596) AND (id <= 8407595))
	              ->  Bitmap Index Scan on sbtest4_pkey  (cost=0.00..260.75 rows=9631 width=0)
	                    Index Cond: ((id >= 8397596) AND (id <= 8407595))

table 5 : explain SELECT DISTINCT c FROM sbtest5 WHERE id BETWEEN 5390724 AND 5400723 ORDER BY c
	Unique  (cost=38601.41..38656.74 rows=11067 width=121)
	  ->  Sort  (cost=38601.41..38629.08 rows=11067 width=121)
	        Sort Key: c
	        ->  Bitmap Heap Scan on sbtest5  (cost=297.87..37858.04 rows=11067 width=121)
	              Recheck Cond: ((id >= 5390724) AND (id <= 5400723))
	              ->  Bitmap Index Scan on sbtest5_pkey  (cost=0.00..295.11 rows=11067 width=0)
	                    Index Cond: ((id >= 5390724) AND (id <= 5400723))

table 6 : explain SELECT DISTINCT c FROM sbtest6 WHERE id BETWEEN 3391466 AND 3401465 ORDER BY c
	Unique  (cost=36293.90..36345.50 rows=10320 width=121)
	  ->  Sort  (cost=36293.90..36319.70 rows=10320 width=121)
	        Sort Key: c
	        ->  Bitmap Heap Scan on sbtest6  (cost=286.21..35605.91 rows=10320 width=121)
	              Recheck Cond: ((id >= 3391466) AND (id <= 3401465))
	              ->  Bitmap Index Scan on sbtest6_pkey  (cost=0.00..283.63 rows=10320 width=0)
	                    Index Cond: ((id >= 3391466) AND (id <= 3401465))

table 7 : explain SELECT DISTINCT c FROM sbtest7 WHERE id BETWEEN 766240 AND 776239 ORDER BY c
	Unique  (cost=34455.02..34503.51 rows=9697 width=121)
	  ->  Sort  (cost=34455.02..34479.27 rows=9697 width=121)
	        Sort Key: c
	        ->  Bitmap Heap Scan on sbtest7  (cost=279.83..33812.92 rows=9697 width=121)
	              Recheck Cond: ((id >= 766240) AND (id <= 776239))
	              ->  Bitmap Index Scan on sbtest7_pkey  (cost=0.00..277.41 rows=9697 width=0)
	                    Index Cond: ((id >= 766240) AND (id <= 776239))

table 8 : explain SELECT DISTINCT c FROM sbtest8 WHERE id BETWEEN 315686 AND 325685 ORDER BY c
	Unique  (cost=35085.93..35135.78 rows=9969 width=121)
	  ->  Sort  (cost=35085.93..35110.85 rows=9969 width=121)
	        Sort Key: c
	        ->  Bitmap Heap Scan on sbtest8  (cost=278.62..34423.83 rows=9969 width=121)
	              Recheck Cond: ((id >= 315686) AND (id <= 325685))
	              ->  Bitmap Index Scan on sbtest8_pkey  (cost=0.00..276.12 rows=9969 width=0)
	                    Index Cond: ((id >= 315686) AND (id <= 325685))

for: distinct_ranges
table 1 : explain SELECT DISTINCT c FROM sbtest1 WHERE id BETWEEN 6320888 AND 6330887 ORDER BY c
	Unique  (cost=34398.83..34447.53 rows=9740 width=121)
	  ->  Sort  (cost=34398.83..34423.18 rows=9740 width=121)
	        Sort Key: c
	        ->  Bitmap Heap Scan on sbtest1  (cost=272.27..33753.56 rows=9740 width=121)
	              Recheck Cond: ((id >= 6320888) AND (id <= 6330887))
	              ->  Bitmap Index Scan on sbtest1_pkey  (cost=0.00..269.83 rows=9740 width=0)
	                    Index Cond: ((id >= 6320888) AND (id <= 6330887))

table 2 : explain SELECT DISTINCT c FROM sbtest2 WHERE id BETWEEN 1847055 AND 1857054 ORDER BY c
	Unique  (cost=38157.37..38212.02 rows=10930 width=121)
	  ->  Sort  (cost=38157.37..38184.69 rows=10930 width=121)
	        Sort Key: c
	        ->  Bitmap Heap Scan on sbtest2  (cost=304.47..37424.18 rows=10930 width=121)
	              Recheck Cond: ((id >= 1847055) AND (id <= 1857054))
	              ->  Bitmap Index Scan on sbtest2_pkey  (cost=0.00..301.74 rows=10930 width=0)
	                    Index Cond: ((id >= 1847055) AND (id <= 1857054))

table 3 : explain SELECT DISTINCT c FROM sbtest3 WHERE id BETWEEN 3062220 AND 3072219 ORDER BY c
	Unique  (cost=36471.09..36522.70 rows=10322 width=121)
	  ->  Sort  (cost=36471.09..36496.90 rows=10322 width=121)
	        Sort Key: c
	        ->  Bitmap Heap Scan on sbtest3  (cost=298.24..35782.95 rows=10322 width=121)
	              Recheck Cond: ((id >= 3062220) AND (id <= 3072219))
	              ->  Bitmap Index Scan on sbtest3_pkey  (cost=0.00..295.66 rows=10322 width=0)
	                    Index Cond: ((id >= 3062220) AND (id <= 3072219))

table 4 : explain SELECT DISTINCT c FROM sbtest4 WHERE id BETWEEN 7708984 AND 7718983 ORDER BY c
	Unique  (cost=37121.43..37174.15 rows=10543 width=121)
	  ->  Sort  (cost=37121.43..37147.79 rows=10543 width=121)
	        Sort Key: c
	        ->  Bitmap Heap Scan on sbtest4  (cost=288.50..36416.95 rows=10543 width=121)
	              Recheck Cond: ((id >= 7708984) AND (id <= 7718983))
	              ->  Bitmap Index Scan on sbtest4_pkey  (cost=0.00..285.87 rows=10543 width=0)
	                    Index Cond: ((id >= 7708984) AND (id <= 7718983))

table 5 : explain SELECT DISTINCT c FROM sbtest5 WHERE id BETWEEN 6197084 AND 6207083 ORDER BY c
	Unique  (cost=34222.81..34271.29 rows=9696 width=121)
	  ->  Sort  (cost=34222.81..34247.05 rows=9696 width=121)
	        Sort Key: c
	        ->  Bitmap Heap Scan on sbtest5  (cost=263.82..33580.78 rows=9696 width=121)
	              Recheck Cond: ((id >= 6197084) AND (id <= 6207083))
	              ->  Bitmap Index Scan on sbtest5_pkey  (cost=0.00..261.40 rows=9696 width=0)
	                    Index Cond: ((id >= 6197084) AND (id <= 6207083))

table 6 : explain SELECT DISTINCT c FROM sbtest6 WHERE id BETWEEN 1937630 AND 1947629 ORDER BY c
	Unique  (cost=34290.29..34338.79 rows=9699 width=121)
	  ->  Sort  (cost=34290.29..34314.54 rows=9699 width=121)
	        Sort Key: c
	        ->  Bitmap Heap Scan on sbtest6  (cost=267.85..33648.04 rows=9699 width=121)
	              Recheck Cond: ((id >= 1937630) AND (id <= 1947629))
	              ->  Bitmap Index Scan on sbtest6_pkey  (cost=0.00..265.43 rows=9699 width=0)
	                    Index Cond: ((id >= 1937630) AND (id <= 1947629))

table 7 : explain SELECT DISTINCT c FROM sbtest7 WHERE id BETWEEN 2300932 AND 2310931 ORDER BY c
	Unique  (cost=39728.19..39784.84 rows=11330 width=121)
	  ->  Sort  (cost=39728.19..39756.51 rows=11330 width=121)
	        Sort Key: c
	        ->  Bitmap Heap Scan on sbtest7  (cost=328.57..38965.23 rows=11330 width=121)
	              Recheck Cond: ((id >= 2300932) AND (id <= 2310931))
	              ->  Bitmap Index Scan on sbtest7_pkey  (cost=0.00..325.74 rows=11330 width=0)
	                    Index Cond: ((id >= 2300932) AND (id <= 2310931))

table 8 : explain SELECT DISTINCT c FROM sbtest8 WHERE id BETWEEN 1803242 AND 1813241 ORDER BY c
	Unique  (cost=31354.90..31398.99 rows=8818 width=121)
	  ->  Sort  (cost=31354.90..31376.94 rows=8818 width=121)
	        Sort Key: c
	        ->  Bitmap Heap Scan on sbtest8  (cost=246.82..30777.04 rows=8818 width=121)
	              Recheck Cond: ((id >= 1803242) AND (id <= 1813241))
	              ->  Bitmap Index Scan on sbtest8_pkey  (cost=0.00..244.62 rows=8818 width=0)
	                    Index Cond: ((id >= 1803242) AND (id <= 1813241))

Threads started!

Warming up for 5 seconds...

SQL statistics:
    queries performed:
        read:                            3849245
        write:                           0
        other:                           549920
        total:                           4399165
    transactions:                        274980 (436.41 per sec.)
    queries:                             4399165 (6981.81 per sec.)
    ignored errors:                      0      (0.00 per sec.)
    reconnects:                          0      (0.00 per sec.)

Throughput:
    events/s (eps):                      436.4143
    time elapsed:                        630.0895s
    total number of events:              274980

Latency (ms):
         min:                                   34.79
         avg:                                   91.65
         max:                                  111.31
         95th percentile:                       95.81
         sum:                             25202997.60

Threads fairness:
    events (avg/stddev):           6874.4750/26.06
    execution time (avg/stddev):   630.0749/0.04

