LUA_PATH=/home/mdcallag/git/mytools/bench/sysbench.lua/lua/?.lua /home/mdcallag/git/mytools/bench/sysbench.lua/lua/sysbench --db-driver=pgsql --range-size=100 --table-size=10000000 --tables=8 --threads=40 --events=0 --warmup-time=5 --time=630 --pgsql_conn_id=true /home/mdcallag/git/mytools/bench/sysbench.lua/lua/oltp_read_only.lua run --pgsql-user=root --pgsql-password=pw --pgsql-host=127.0.0.1 --pgsql-db=ib --rand-type=uniform
48 CPUs
sysbench 1.1.0-9072687 (using bundled LuaJIT 2.1.0-beta3)

Running the test with following options:
Number of threads: 40
Warmup time: 5s
Initializing random number generator from current time


Initializing worker threads...

explain: for point_selects :: explain SELECT c FROM sbtest%u WHERE id=%u
explain: for point_selects :: explain SELECT c FROM sbtest%u WHERE id=%u
for point_selects
table 1 : explain SELECT c FROM sbtest1 WHERE id=3942501
	Index Scan using sbtest1_pkey on sbtest1  (cost=0.43..8.45 rows=1 width=121)
	  Index Cond: (id = 3942501)

table 2 : explain SELECT c FROM sbtest2 WHERE id=1901990
	Index Scan using sbtest2_pkey on sbtest2  (cost=0.43..8.45 rows=1 width=121)
	  Index Cond: (id = 1901990)

table 3 : explain SELECT c FROM sbtest3 WHERE id=7440203
	Index Scan using sbtest3_pkey on sbtest3  (cost=0.43..8.45 rows=1 width=121)
	  Index Cond: (id = 7440203)

table 4 : explain SELECT c FROM sbtest4 WHERE id=3674308
	Index Scan using sbtest4_pkey on sbtest4  (cost=0.43..8.45 rows=1 width=121)
	  Index Cond: (id = 3674308)

table 5 : explain SELECT c FROM sbtest5 WHERE id=7694792
	Index Scan using sbtest5_pkey on sbtest5  (cost=0.43..8.45 rows=1 width=121)
	  Index Cond: (id = 7694792)

table 6 : explain SELECT c FROM sbtest6 WHERE id=2139593
	Index Scan using sbtest6_pkey on sbtest6  (cost=0.43..8.45 rows=1 width=121)
	  Index Cond: (id = 2139593)

table 7 : explain SELECT c FROM sbtest7 WHERE id=5794484
	Index Scan using sbtest7_pkey on sbtest7  (cost=0.43..8.45 rows=1 width=121)
	  Index Cond: (id = 5794484)

table 8 : explain SELECT c FROM sbtest8 WHERE id=1266319
	Index Scan using sbtest8_pkey on sbtest8  (cost=0.43..8.45 rows=1 width=121)
	  Index Cond: (id = 1266319)

explain: for point_selects :: explain SELECT c FROM sbtest%u WHERE id=%u
explain: for point_selects :: explain SELECT c FROM sbtest%u WHERE id=%u
for point_selects
table 1 : explain SELECT c FROM sbtest1 WHERE id=1076005
	Index Scan using sbtest1_pkey on sbtest1  (cost=0.43..8.45 rows=1 width=121)
	  Index Cond: (id = 1076005)

table 2 : explain SELECT c FROM sbtest2 WHERE id=8348831
	Index Scan using sbtest2_pkey on sbtest2  (cost=0.43..8.45 rows=1 width=121)
	  Index Cond: (id = 8348831)

table 3 : explain SELECT c FROM sbtest3 WHERE id=4153534
	Index Scan using sbtest3_pkey on sbtest3  (cost=0.43..8.45 rows=1 width=121)
	  Index Cond: (id = 4153534)

table 4 : explain SELECT c FROM sbtest4 WHERE id=6928314
	Index Scan using sbtest4_pkey on sbtest4  (cost=0.43..8.45 rows=1 width=121)
	  Index Cond: (id = 6928314)

table 5 : explain SELECT c FROM sbtest5 WHERE id=1297419
	Index Scan using sbtest5_pkey on sbtest5  (cost=0.43..8.45 rows=1 width=121)
	  Index Cond: (id = 1297419)

table 6 : explain SELECT c FROM sbtest6 WHERE id=476623
	Index Scan using sbtest6_pkey on sbtest6  (cost=0.43..8.45 rows=1 width=121)
	  Index Cond: (id = 476623)

table 7 : explain SELECT c FROM sbtest7 WHERE id=2735707
	Index Scan using sbtest7_pkey on sbtest7  (cost=0.43..8.45 rows=1 width=121)
	  Index Cond: (id = 2735707)

table 8 : explain SELECT c FROM sbtest8 WHERE id=4161153
	Index Scan using sbtest8_pkey on sbtest8  (cost=0.43..8.45 rows=1 width=121)
	  Index Cond: (id = 4161153)

for: simple_ranges
table 1 : explain SELECT c FROM sbtest1 WHERE id BETWEEN 6246797 AND 6246896
	Index Scan using sbtest1_pkey on sbtest1  (cost=0.43..402.13 rows=101 width=121)
	  Index Cond: ((id >= 6246797) AND (id <= 6246896))

table 2 : explain SELECT c FROM sbtest2 WHERE id BETWEEN 843623 AND 843722
	Index Scan using sbtest2_pkey on sbtest2  (cost=0.43..367.44 rows=92 width=121)
	  Index Cond: ((id >= 843623) AND (id <= 843722))

table 3 : explain SELECT c FROM sbtest3 WHERE id BETWEEN 6698683 AND 6698782
	Index Scan using sbtest3_pkey on sbtest3  (cost=0.43..358.39 rows=90 width=121)
	  Index Cond: ((id >= 6698683) AND (id <= 6698782))

table 4 : explain SELECT c FROM sbtest4 WHERE id BETWEEN 9119267 AND 9119366
	Index Scan using sbtest4_pkey on sbtest4  (cost=0.43..385.60 rows=97 width=121)
	  Index Cond: ((id >= 9119267) AND (id <= 9119366))

table 5 : explain SELECT c FROM sbtest5 WHERE id BETWEEN 8018492 AND 8018591
	Index Scan using sbtest5_pkey on sbtest5  (cost=0.43..373.33 rows=94 width=121)
	  Index Cond: ((id >= 8018492) AND (id <= 8018591))

table 6 : explain SELECT c FROM sbtest6 WHERE id BETWEEN 4107990 AND 4108089
	Index Scan using sbtest6_pkey on sbtest6  (cost=0.43..378.12 rows=95 width=121)
	  Index Cond: ((id >= 4107990) AND (id <= 4108089))

table 7 : explain SELECT c FROM sbtest7 WHERE id BETWEEN 9347020 AND 9347119
	Index Scan using sbtest7_pkey on sbtest7  (cost=0.43..366.27 rows=92 width=121)
	  Index Cond: ((id >= 9347020) AND (id <= 9347119))

table 8 : explain SELECT c FROM sbtest8 WHERE id BETWEEN 9423330 AND 9423429
	Index Scan using sbtest8_pkey on sbtest8  (cost=0.43..366.45 rows=92 width=121)
	  Index Cond: ((id >= 9423330) AND (id <= 9423429))

for: simple_ranges
table 1 : explain SELECT c FROM sbtest1 WHERE id BETWEEN 318500 AND 318599
	Index Scan using sbtest1_pkey on sbtest1  (cost=0.43..394.26 rows=99 width=121)
	  Index Cond: ((id >= 318500) AND (id <= 318599))

table 2 : explain SELECT c FROM sbtest2 WHERE id BETWEEN 3230130 AND 3230229
	Index Scan using sbtest2_pkey on sbtest2  (cost=0.43..406.91 rows=102 width=121)
	  Index Cond: ((id >= 3230130) AND (id <= 3230229))

table 3 : explain SELECT c FROM sbtest3 WHERE id BETWEEN 3610129 AND 3610228
	Index Scan using sbtest3_pkey on sbtest3  (cost=0.43..381.98 rows=96 width=121)
	  Index Cond: ((id >= 3610129) AND (id <= 3610228))

table 4 : explain SELECT c FROM sbtest4 WHERE id BETWEEN 289601 AND 289700
	Index Scan using sbtest4_pkey on sbtest4  (cost=0.43..369.89 rows=93 width=121)
	  Index Cond: ((id >= 289601) AND (id <= 289700))

table 5 : explain SELECT c FROM sbtest5 WHERE id BETWEEN 6114105 AND 6114204
	Index Scan using sbtest5_pkey on sbtest5  (cost=0.43..408.66 rows=103 width=121)
	  Index Cond: ((id >= 6114105) AND (id <= 6114204))

table 6 : explain SELECT c FROM sbtest6 WHERE id BETWEEN 5054440 AND 5054539
	Index Scan using sbtest6_pkey on sbtest6  (cost=0.43..378.12 rows=95 width=121)
	  Index Cond: ((id >= 5054440) AND (id <= 5054539))

table 7 : explain SELECT c FROM sbtest7 WHERE id BETWEEN 3263980 AND 3264079
	Index Scan using sbtest7_pkey on sbtest7  (cost=0.43..401.65 rows=101 width=121)
	  Index Cond: ((id >= 3263980) AND (id <= 3264079))

table 8 : explain SELECT c FROM sbtest8 WHERE id BETWEEN 4027310 AND 4027409
	Index Scan using sbtest8_pkey on sbtest8  (cost=0.43..401.87 rows=101 width=121)
	  Index Cond: ((id >= 4027310) AND (id <= 4027409))

explain: for point_selects :: explain SELECT c FROM sbtest%u WHERE id=%u
for: sum_ranges
table 1 : explain SELECT SUM(k) FROM sbtest1 WHERE id BETWEEN 9597480 AND 9597579
	Aggregate  (cost=351.16..351.17 rows=1 width=8)
	  ->  Index Scan using sbtest1_pkey on sbtest1  (cost=0.43..350.94 rows=88 width=4)
	        Index Cond: ((id >= 9597480) AND (id <= 9597579))

table 2 : explain SELECT SUM(k) FROM sbtest2 WHERE id BETWEEN 5715910 AND 5716009
	Aggregate  (cost=375.57..375.58 rows=1 width=8)
	  ->  Index Scan using sbtest2_pkey on sbtest2  (cost=0.43..375.33 rows=94 width=4)
	        Index Cond: ((id >= 5715910) AND (id <= 5716009))

table 3 : explain SELECT SUM(k) FROM sbtest3 WHERE id BETWEEN 2901684 AND 2901783
	Aggregate  (cost=382.22..382.23 rows=1 width=8)
	  ->  Index Scan using sbtest3_pkey on sbtest3  (cost=0.43..381.98 rows=96 width=4)
	        Index Cond: ((id >= 2901684) AND (id <= 2901783))

table 4 : explain SELECT SUM(k) FROM sbtest4 WHERE id BETWEEN 9277182 AND 9277281
	Aggregate  (cost=381.91..381.92 rows=1 width=8)
	  ->  Index Scan using sbtest4_pkey on sbtest4  (cost=0.43..381.67 rows=96 width=4)
	        Index Cond: ((id >= 9277182) AND (id <= 9277281))

table 5 : explain SELECT SUM(k) FROM sbtest5 WHERE id BETWEEN 9723262 AND 9723361
	Aggregate  (cost=393.22..393.23 rows=1 width=8)
	  ->  Index Scan using sbtest5_pkey on sbtest5  (cost=0.43..392.97 rows=99 width=4)
	        Index Cond: ((id >= 9723262) AND (id <= 9723361))

table 6 : explain SELECT SUM(k) FROM sbtest6 WHERE id BETWEEN 7117648 AND 7117747
	Aggregate  (cost=350.80..350.81 rows=1 width=8)
	  ->  Index Scan using sbtest6_pkey on sbtest6  (cost=0.43..350.58 rows=88 width=4)
	        Index Cond: ((id >= 7117648) AND (id <= 7117747))

table 7 : explain SELECT SUM(k) FROM sbtest7 WHERE id BETWEEN 1988564 AND 1988663
	Aggregate  (cost=417.64..417.65 rows=1 width=8)
	  ->  Index Scan using sbtest7_pkey on sbtest7  (cost=0.43..417.37 rows=105 width=4)
	        Index Cond: ((id >= 1988564) AND (id <= 1988663))

table 8 : explain SELECT SUM(k) FROM sbtest8 WHERE id BETWEEN 6690185 AND 6690284
	Aggregate  (cost=366.68..366.69 rows=1 width=8)
	  ->  Index Scan using sbtest8_pkey on sbtest8  (cost=0.43..366.45 rows=92 width=4)
	        Index Cond: ((id >= 6690185) AND (id <= 6690284))

for point_selects
table 1 : explain SELECT c FROM sbtest1 WHERE id=6232712
	Index Scan using sbtest1_pkey on sbtest1  (cost=0.43..8.45 rows=1 width=121)
	  Index Cond: (id = 6232712)

table 2 : explain SELECT c FROM sbtest2 WHERE id=7353668
	Index Scan using sbtest2_pkey on sbtest2  (cost=0.43..8.45 rows=1 width=121)
	  Index Cond: (id = 7353668)

table 3 : explain SELECT c FROM sbtest3 WHERE id=3721546
	Index Scan using sbtest3_pkey on sbtest3  (cost=0.43..8.45 rows=1 width=121)
	  Index Cond: (id = 3721546)

table 4 : explain SELECT c FROM sbtest4 WHERE id=1246616
	Index Scan using sbtest4_pkey on sbtest4  (cost=0.43..8.45 rows=1 width=121)
	  Index Cond: (id = 1246616)

table 5 : explain SELECT c FROM sbtest5 WHERE id=7600710
	Index Scan using sbtest5_pkey on sbtest5  (cost=0.43..8.45 rows=1 width=121)
	  Index Cond: (id = 7600710)

table 6 : explain SELECT c FROM sbtest6 WHERE id=4309114
	Index Scan using sbtest6_pkey on sbtest6  (cost=0.43..8.45 rows=1 width=121)
	  Index Cond: (id = 4309114)

table 7 : explain SELECT c FROM sbtest7 WHERE id=91617
	Index Scan using sbtest7_pkey on sbtest7  (cost=0.43..8.45 rows=1 width=121)
	  Index Cond: (id = 91617)

table 8 : explain SELECT c FROM sbtest8 WHERE id=8863165
	Index Scan using sbtest8_pkey on sbtest8  (cost=0.43..8.45 rows=1 width=121)
	  Index Cond: (id = 8863165)

explain: for point_selects :: explain SELECT c FROM sbtest%u WHERE id=%u
for: sum_ranges
table 1 : explain SELECT SUM(k) FROM sbtest1 WHERE id BETWEEN 6382535 AND 6382634
	Aggregate  (cost=386.63..386.64 rows=1 width=8)
	  ->  Index Scan using sbtest1_pkey on sbtest1  (cost=0.43..386.38 rows=97 width=4)
	        Index Cond: ((id >= 6382535) AND (id <= 6382634))

table 2 : explain SELECT SUM(k) FROM sbtest2 WHERE id BETWEEN 9813879 AND 9813978
	Aggregate  (cost=379.51..379.52 rows=1 width=8)
	  ->  Index Scan using sbtest2_pkey on sbtest2  (cost=0.43..379.28 rows=95 width=4)
	        Index Cond: ((id >= 9813879) AND (id <= 9813978))

table 3 : explain SELECT SUM(k) FROM sbtest3 WHERE id BETWEEN 5659201 AND 5659300
	Aggregate  (cost=405.82..405.83 rows=1 width=8)
	  ->  Index Scan using sbtest3_pkey on sbtest3  (cost=0.43..405.56 rows=102 width=4)
	        Index Cond: ((id >= 5659201) AND (id <= 5659300))

table 4 : explain SELECT SUM(k) FROM sbtest4 WHERE id BETWEEN 3724393 AND 3724492
	Aggregate  (cost=381.91..381.92 rows=1 width=8)
	  ->  Index Scan using sbtest4_pkey on sbtest4  (cost=0.43..381.67 rows=96 width=4)
	        Index Cond: ((id >= 3724393) AND (id <= 3724492))

table 5 : explain SELECT SUM(k) FROM sbtest5 WHERE id BETWEEN 2957485 AND 2957584
	Aggregate  (cost=412.84..412.85 rows=1 width=8)
	  ->  Index Scan using sbtest5_pkey on sbtest5  (cost=0.43..412.58 rows=104 width=4)
	        Index Cond: ((id >= 2957485) AND (id <= 2957584))

table 6 : explain SELECT SUM(k) FROM sbtest6 WHERE id BETWEEN 2177017 AND 2177116
	Aggregate  (cost=398.03..398.04 rows=1 width=8)
	  ->  Index Scan using sbtest6_pkey on sbtest6  (cost=0.43..397.78 rows=100 width=4)
	        Index Cond: ((id >= 2177017) AND (id <= 2177116))

table 7 : explain SELECT SUM(k) FROM sbtest7 WHERE id BETWEEN 1410236 AND 1410335
	Aggregate  (cost=394.03..394.04 rows=1 width=8)
	  ->  Index Scan using sbtest7_pkey on sbtest7  (cost=0.43..393.79 rows=99 width=4)
	        Index Cond: ((id >= 1410236) AND (id <= 1410335))

table 8 : explain SELECT SUM(k) FROM sbtest8 WHERE id BETWEEN 1072122 AND 1072221
	Aggregate  (cost=390.31..390.32 rows=1 width=8)
	  ->  Index Scan using sbtest8_pkey on sbtest8  (cost=0.43..390.07 rows=98 width=4)
	        Index Cond: ((id >= 1072122) AND (id <= 1072221))

explain: for point_selects :: explain SELECT c FROM sbtest%u WHERE id=%u
for: simple_ranges
table 1 : explain SELECT c FROM sbtest1 WHERE id BETWEEN 8509472 AND 8509571
	Index Scan using sbtest1_pkey on sbtest1  (cost=0.43..362.75 rows=91 width=121)
	  Index Cond: ((id >= 8509472) AND (id <= 8509571))

table 2 : explain SELECT c FROM sbtest2 WHERE id BETWEEN 8972773 AND 8972872
	Index Scan using sbtest2_pkey on sbtest2  (cost=0.43..395.07 rows=99 width=121)
	  Index Cond: ((id >= 8972773) AND (id <= 8972872))

table 3 : explain SELECT c FROM sbtest3 WHERE id BETWEEN 6603458 AND 6603557
	Index Scan using sbtest3_pkey on sbtest3  (cost=0.43..429.15 rows=108 width=121)
	  Index Cond: ((id >= 6603458) AND (id <= 6603557))

table 4 : explain SELECT c FROM sbtest4 WHERE id BETWEEN 651864 AND 651963
	Index Scan using sbtest4_pkey on sbtest4  (cost=0.43..440.59 rows=111 width=121)
	  Index Cond: ((id >= 651864) AND (id <= 651963))

table 5 : explain SELECT c FROM sbtest5 WHERE id BETWEEN 7563157 AND 7563256
	Index Scan using sbtest5_pkey on sbtest5  (cost=0.43..408.66 rows=103 width=121)
	  Index Cond: ((id >= 7563157) AND (id <= 7563256))

table 6 : explain SELECT c FROM sbtest6 WHERE id BETWEEN 3046237 AND 3046336
	Index Scan using sbtest6_pkey on sbtest6  (cost=0.43..385.99 rows=97 width=121)
	  Index Cond: ((id >= 3046237) AND (id <= 3046336))

table 7 : explain SELECT c FROM sbtest7 WHERE id BETWEEN 7818559 AND 7818658
	Index Scan using sbtest7_pkey on sbtest7  (cost=0.43..425.24 rows=107 width=121)
	  Index Cond: ((id >= 7818559) AND (id <= 7818658))

table 8 : explain SELECT c FROM sbtest8 WHERE id BETWEEN 2933551 AND 2933650
	Index Scan using sbtest8_pkey on sbtest8  (cost=0.43..425.47 rows=107 width=121)
	  Index Cond: ((id >= 2933551) AND (id <= 2933650))

for point_selects
table 1 : explain SELECT c FROM sbtest1 WHERE id=2636019
	Index Scan using sbtest1_pkey on sbtest1  (cost=0.43..8.45 rows=1 width=121)
	  Index Cond: (id = 2636019)

table 2 : explain SELECT c FROM sbtest2 WHERE id=2758637
	Index Scan using sbtest2_pkey on sbtest2  (cost=0.43..8.45 rows=1 width=121)
	  Index Cond: (id = 2758637)

table 3 : explain SELECT c FROM sbtest3 WHERE id=7979189
	Index Scan using sbtest3_pkey on sbtest3  (cost=0.43..8.45 rows=1 width=121)
	  Index Cond: (id = 7979189)

table 4 : explain SELECT c FROM sbtest4 WHERE id=715757
	Index Scan using sbtest4_pkey on sbtest4  (cost=0.43..8.45 rows=1 width=121)
	  Index Cond: (id = 715757)

table 5 : explain SELECT c FROM sbtest5 WHERE id=161944
	Index Scan using sbtest5_pkey on sbtest5  (cost=0.43..8.45 rows=1 width=121)
	  Index Cond: (id = 161944)

table 6 : explain SELECT c FROM sbtest6 WHERE id=6592192
	Index Scan using sbtest6_pkey on sbtest6  (cost=0.43..8.45 rows=1 width=121)
	  Index Cond: (id = 6592192)

table 7 : explain SELECT c FROM sbtest7 WHERE id=3868399
	Index Scan using sbtest7_pkey on sbtest7  (cost=0.43..8.45 rows=1 width=121)
	  Index Cond: (id = 3868399)

table 8 : explain SELECT c FROM sbtest8 WHERE id=312233
	Index Scan using sbtest8_pkey on sbtest8  (cost=0.43..8.45 rows=1 width=121)
	  Index Cond: (id = 312233)

explain: for point_selects :: explain SELECT c FROM sbtest%u WHERE id=%u
for point_selects
table 1 : explain SELECT c FROM sbtest1 WHERE id=5174871
	Index Scan using sbtest1_pkey on sbtest1  (cost=0.43..8.45 rows=1 width=121)
	  Index Cond: (id = 5174871)

table 2 : explain SELECT c FROM sbtest2 WHERE id=961908
	Index Scan using sbtest2_pkey on sbtest2  (cost=0.43..8.45 rows=1 width=121)
	  Index Cond: (id = 961908)

table 3 : explain SELECT c FROM sbtest3 WHERE id=6541386
	Index Scan using sbtest3_pkey on sbtest3  (cost=0.43..8.45 rows=1 width=121)
	  Index Cond: (id = 6541386)

table 4 : explain SELECT c FROM sbtest4 WHERE id=465076
	Index Scan using sbtest4_pkey on sbtest4  (cost=0.43..8.45 rows=1 width=121)
	  Index Cond: (id = 465076)

table 5 : explain SELECT c FROM sbtest5 WHERE id=7288551
	Index Scan using sbtest5_pkey on sbtest5  (cost=0.43..8.45 rows=1 width=121)
	  Index Cond: (id = 7288551)

table 6 : explain SELECT c FROM sbtest6 WHERE id=5631158
	Index Scan using sbtest6_pkey on sbtest6  (cost=0.43..8.45 rows=1 width=121)
	  Index Cond: (id = 5631158)

table 7 : explain SELECT c FROM sbtest7 WHERE id=768065
	Index Scan using sbtest7_pkey on sbtest7  (cost=0.43..8.45 rows=1 width=121)
	  Index Cond: (id = 768065)

table 8 : explain SELECT c FROM sbtest8 WHERE id=215718
	Index Scan using sbtest8_pkey on sbtest8  (cost=0.43..8.45 rows=1 width=121)
	  Index Cond: (id = 215718)

explain: for point_selects :: explain SELECT c FROM sbtest%u WHERE id=%u
explain: for point_selects :: explain SELECT c FROM sbtest%u WHERE id=%u
explain: for point_selects :: explain SELECT c FROM sbtest%u WHERE id=%u
explain: for point_selects :: explain SELECT c FROM sbtest%u WHERE id=%u
for: simple_ranges
table 1 : explain SELECT c FROM sbtest1 WHERE id BETWEEN 3583906 AND 3584005
	Index Scan using sbtest1_pkey on sbtest1  (cost=0.43..398.19 rows=100 width=121)
	  Index Cond: ((id >= 3583906) AND (id <= 3584005))

table 2 : explain SELECT c FROM sbtest2 WHERE id BETWEEN 7168534 AND 7168633
	Index Scan using sbtest2_pkey on sbtest2  (cost=0.43..410.85 rows=103 width=121)
	  Index Cond: ((id >= 7168534) AND (id <= 7168633))

table 3 : explain SELECT c FROM sbtest3 WHERE id BETWEEN 1611040 AND 1611139
	Index Scan using sbtest3_pkey on sbtest3  (cost=0.43..389.84 rows=98 width=121)
	  Index Cond: ((id >= 1611040) AND (id <= 1611139))

table 4 : explain SELECT c FROM sbtest4 WHERE id BETWEEN 5060607 AND 5060706
	Index Scan using sbtest4_pkey on sbtest4  (cost=0.43..409.16 rows=103 width=121)
	  Index Cond: ((id >= 5060607) AND (id <= 5060706))

table 5 : explain SELECT c FROM sbtest5 WHERE id BETWEEN 1754569 AND 1754668
	Index Scan using sbtest5_pkey on sbtest5  (cost=0.43..361.56 rows=91 width=121)
	  Index Cond: ((id >= 1754569) AND (id <= 1754668))

table 6 : explain SELECT c FROM sbtest6 WHERE id BETWEEN 8916311 AND 8916410
	Index Scan using sbtest6_pkey on sbtest6  (cost=0.43..354.51 rows=89 width=121)
	  Index Cond: ((id >= 8916311) AND (id <= 8916410))

table 7 : explain SELECT c FROM sbtest7 WHERE id BETWEEN 2680487 AND 2680586
	Index Scan using sbtest7_pkey on sbtest7  (cost=0.43..393.79 rows=99 width=121)
	  Index Cond: ((id >= 2680487) AND (id <= 2680586))

table 8 : explain SELECT c FROM sbtest8 WHERE id BETWEEN 36674 AND 36773
	Index Scan using sbtest8_pkey on sbtest8  (cost=0.43..374.31 rows=94 width=121)
	  Index Cond: ((id >= 36674) AND (id <= 36773))

for: simple_ranges
table 1 : explain SELECT c FROM sbtest1 WHERE id BETWEEN 9071446 AND 9071545
	Index Scan using sbtest1_pkey on sbtest1  (cost=0.43..445.43 rows=112 width=121)
	  Index Cond: ((id >= 9071446) AND (id <= 9071545))

table 2 : explain SELECT c FROM sbtest2 WHERE id BETWEEN 9951517 AND 9951616
	Index Scan using sbtest2_pkey on sbtest2  (cost=0.43..399.02 rows=100 width=121)
	  Index Cond: ((id >= 9951517) AND (id <= 9951616))

table 3 : explain SELECT c FROM sbtest3 WHERE id BETWEEN 8139510 AND 8139609
	Index Scan using sbtest3_pkey on sbtest3  (cost=0.43..440.94 rows=111 width=121)
	  Index Cond: ((id >= 8139510) AND (id <= 8139609))

table 4 : explain SELECT c FROM sbtest4 WHERE id BETWEEN 3873800 AND 3873899
	Index Scan using sbtest4_pkey on sbtest4  (cost=0.43..401.31 rows=101 width=121)
	  Index Cond: ((id >= 3873800) AND (id <= 3873899))

table 5 : explain SELECT c FROM sbtest5 WHERE id BETWEEN 5999530 AND 5999629
	Index Scan using sbtest5_pkey on sbtest5  (cost=0.43..408.66 rows=103 width=121)
	  Index Cond: ((id >= 5999530) AND (id <= 5999629))

table 6 : explain SELECT c FROM sbtest6 WHERE id BETWEEN 4486613 AND 4486712
	Index Scan using sbtest6_pkey on sbtest6  (cost=0.43..425.30 rows=107 width=121)
	  Index Cond: ((id >= 4486613) AND (id <= 4486712))

table 7 : explain SELECT c FROM sbtest7 WHERE id BETWEEN 5372251 AND 5372350
	Index Scan using sbtest7_pkey on sbtest7  (cost=0.43..370.20 rows=93 width=121)
	  Index Cond: ((id >= 5372251) AND (id <= 5372350))

table 8 : explain SELECT c FROM sbtest8 WHERE id BETWEEN 323514 AND 323613
	Index Scan using sbtest8_pkey on sbtest8  (cost=0.43..397.93 rows=100 width=121)
	  Index Cond: ((id >= 323514) AND (id <= 323613))

for point_selects
table 1 : explain SELECT c FROM sbtest1 WHERE id=508438
	Index Scan using sbtest1_pkey on sbtest1  (cost=0.43..8.45 rows=1 width=121)
	  Index Cond: (id = 508438)

table 2 : explain SELECT c FROM sbtest2 WHERE id=7188433
	Index Scan using sbtest2_pkey on sbtest2  (cost=0.43..8.45 rows=1 width=121)
	  Index Cond: (id = 7188433)

table 3 : explain SELECT c FROM sbtest3 WHERE id=5686758
	Index Scan using sbtest3_pkey on sbtest3  (cost=0.43..8.45 rows=1 width=121)
	  Index Cond: (id = 5686758)

table 4 : explain SELECT c FROM sbtest4 WHERE id=5147129
	Index Scan using sbtest4_pkey on sbtest4  (cost=0.43..8.45 rows=1 width=121)
	  Index Cond: (id = 5147129)

table 5 : explain SELECT c FROM sbtest5 WHERE id=4116114
	Index Scan using sbtest5_pkey on sbtest5  (cost=0.43..8.45 rows=1 width=121)
	  Index Cond: (id = 4116114)

table 6 : explain SELECT c FROM sbtest6 WHERE id=9047988
	Index Scan using sbtest6_pkey on sbtest6  (cost=0.43..8.45 rows=1 width=121)
	  Index Cond: (id = 9047988)

table 7 : explain SELECT c FROM sbtest7 WHERE id=4991979
	Index Scan using sbtest7_pkey on sbtest7  (cost=0.43..8.45 rows=1 width=121)
	  Index Cond: (id = 4991979)

table 8 : explain SELECT c FROM sbtest8 WHERE id=9730740
	Index Scan using sbtest8_pkey on sbtest8  (cost=0.43..8.45 rows=1 width=121)
	  Index Cond: (id = 9730740)

explain: for point_selects :: explain SELECT c FROM sbtest%u WHERE id=%u
for point_selects
table 1 : explain SELECT c FROM sbtest1 WHERE id=8738504
	Index Scan using sbtest1_pkey on sbtest1  (cost=0.43..8.45 rows=1 width=121)
	  Index Cond: (id = 8738504)

table 2 : explain SELECT c FROM sbtest2 WHERE id=6702139
	Index Scan using sbtest2_pkey on sbtest2  (cost=0.43..8.45 rows=1 width=121)
	  Index Cond: (id = 6702139)

table 3 : explain SELECT c FROM sbtest3 WHERE id=9962421
	Index Scan using sbtest3_pkey on sbtest3  (cost=0.43..8.45 rows=1 width=121)
	  Index Cond: (id = 9962421)

table 4 : explain SELECT c FROM sbtest4 WHERE id=1921299
	Index Scan using sbtest4_pkey on sbtest4  (cost=0.43..8.45 rows=1 width=121)
	  Index Cond: (id = 1921299)

table 5 : explain SELECT c FROM sbtest5 WHERE id=9042265
	Index Scan using sbtest5_pkey on sbtest5  (cost=0.43..8.45 rows=1 width=121)
	  Index Cond: (id = 9042265)

table 6 : explain SELECT c FROM sbtest6 WHERE id=5773735
	Index Scan using sbtest6_pkey on sbtest6  (cost=0.43..8.45 rows=1 width=121)
	  Index Cond: (id = 5773735)

table 7 : explain SELECT c FROM sbtest7 WHERE id=669152
	Index Scan using sbtest7_pkey on sbtest7  (cost=0.43..8.45 rows=1 width=121)
	  Index Cond: (id = 669152)

table 8 : explain SELECT c FROM sbtest8 WHERE id=1323050
	Index Scan using sbtest8_pkey on sbtest8  (cost=0.43..8.45 rows=1 width=121)
	  Index Cond: (id = 1323050)

for point_selects
table 1 : explain SELECT c FROM sbtest1 WHERE id=8544312
	Index Scan using sbtest1_pkey on sbtest1  (cost=0.43..8.45 rows=1 width=121)
	  Index Cond: (id = 8544312)

table 2 : explain SELECT c FROM sbtest2 WHERE id=1226240
	Index Scan using sbtest2_pkey on sbtest2  (cost=0.43..8.45 rows=1 width=121)
	  Index Cond: (id = 1226240)

table 3 : explain SELECT c FROM sbtest3 WHERE id=9529263
	Index Scan using sbtest3_pkey on sbtest3  (cost=0.43..8.45 rows=1 width=121)
	  Index Cond: (id = 9529263)

table 4 : explain SELECT c FROM sbtest4 WHERE id=9410169
	Index Scan using sbtest4_pkey on sbtest4  (cost=0.43..8.45 rows=1 width=121)
	  Index Cond: (id = 9410169)

table 5 : explain SELECT c FROM sbtest5 WHERE id=5632333
	Index Scan using sbtest5_pkey on sbtest5  (cost=0.43..8.45 rows=1 width=121)
	  Index Cond: (id = 5632333)

table 6 : explain SELECT c FROM sbtest6 WHERE id=8289095
	Index Scan using sbtest6_pkey on sbtest6  (cost=0.43..8.45 rows=1 width=121)
	  Index Cond: (id = 8289095)

table 7 : explain SELECT c FROM sbtest7 WHERE id=5446187
	Index Scan using sbtest7_pkey on sbtest7  (cost=0.43..8.45 rows=1 width=121)
	  Index Cond: (id = 5446187)

table 8 : explain SELECT c FROM sbtest8 WHERE id=2093031
	Index Scan using sbtest8_pkey on sbtest8  (cost=0.43..8.45 rows=1 width=121)
	  Index Cond: (id = 2093031)

for point_selects
table 1 : explain SELECT c FROM sbtest1 WHERE id=966490
	Index Scan using sbtest1_pkey on sbtest1  (cost=0.43..8.45 rows=1 width=121)
	  Index Cond: (id = 966490)

table 2 : explain SELECT c FROM sbtest2 WHERE id=9945649
	Index Scan using sbtest2_pkey on sbtest2  (cost=0.43..8.45 rows=1 width=121)
	  Index Cond: (id = 9945649)

table 3 : explain SELECT c FROM sbtest3 WHERE id=6472539
	Index Scan using sbtest3_pkey on sbtest3  (cost=0.43..8.45 rows=1 width=121)
	  Index Cond: (id = 6472539)

table 4 : explain SELECT c FROM sbtest4 WHERE id=2983815
	Index Scan using sbtest4_pkey on sbtest4  (cost=0.43..8.45 rows=1 width=121)
	  Index Cond: (id = 2983815)

table 5 : explain SELECT c FROM sbtest5 WHERE id=6079776
	Index Scan using sbtest5_pkey on sbtest5  (cost=0.43..8.45 rows=1 width=121)
	  Index Cond: (id = 6079776)

table 6 : explain SELECT c FROM sbtest6 WHERE id=1950437
	Index Scan using sbtest6_pkey on sbtest6  (cost=0.43..8.45 rows=1 width=121)
	  Index Cond: (id = 1950437)

table 7 : explain SELECT c FROM sbtest7 WHERE id=6073182
	Index Scan using sbtest7_pkey on sbtest7  (cost=0.43..8.45 rows=1 width=121)
	  Index Cond: (id = 6073182)

table 8 : explain SELECT c FROM sbtest8 WHERE id=8185199
	Index Scan using sbtest8_pkey on sbtest8  (cost=0.43..8.45 rows=1 width=121)
	  Index Cond: (id = 8185199)

for: simple_ranges
table 1 : explain SELECT c FROM sbtest1 WHERE id BETWEEN 9050601 AND 9050700
	Index Scan using sbtest1_pkey on sbtest1  (cost=0.43..445.43 rows=112 width=121)
	  Index Cond: ((id >= 9050601) AND (id <= 9050700))

table 2 : explain SELECT c FROM sbtest2 WHERE id BETWEEN 601042 AND 601141
	Index Scan using sbtest2_pkey on sbtest2  (cost=0.43..387.18 rows=97 width=121)
	  Index Cond: ((id >= 601042) AND (id <= 601141))

table 3 : explain SELECT c FROM sbtest3 WHERE id BETWEEN 2130039 AND 2130138
	Index Scan using sbtest3_pkey on sbtest3  (cost=0.43..401.63 rows=101 width=121)
	  Index Cond: ((id >= 2130039) AND (id <= 2130138))

table 4 : explain SELECT c FROM sbtest4 WHERE id BETWEEN 2369451 AND 2369550
	Index Scan using sbtest4_pkey on sbtest4  (cost=0.43..393.45 rows=99 width=121)
	  Index Cond: ((id >= 2369451) AND (id <= 2369550))

table 5 : explain SELECT c FROM sbtest5 WHERE id BETWEEN 1125771 AND 1125870
	Index Scan using sbtest5_pkey on sbtest5  (cost=0.43..416.50 rows=105 width=121)
	  Index Cond: ((id >= 1125771) AND (id <= 1125870))

table 6 : explain SELECT c FROM sbtest6 WHERE id BETWEEN 8255508 AND 8255607
	Index Scan using sbtest6_pkey on sbtest6  (cost=0.43..417.44 rows=105 width=121)
	  Index Cond: ((id >= 8255508) AND (id <= 8255607))

table 7 : explain SELECT c FROM sbtest7 WHERE id BETWEEN 9137709 AND 9137808
	Index Scan using sbtest7_pkey on sbtest7  (cost=0.43..417.37 rows=105 width=121)
	  Index Cond: ((id >= 9137709) AND (id <= 9137808))

table 8 : explain SELECT c FROM sbtest8 WHERE id BETWEEN 3415921 AND 3416020
	Index Scan using sbtest8_pkey on sbtest8  (cost=0.43..382.18 rows=96 width=121)
	  Index Cond: ((id >= 3415921) AND (id <= 3416020))

for: sum_ranges
table 1 : explain SELECT SUM(k) FROM sbtest1 WHERE id BETWEEN 1813214 AND 1813313
	Aggregate  (cost=374.79..374.80 rows=1 width=8)
	  ->  Index Scan using sbtest1_pkey on sbtest1  (cost=0.43..374.55 rows=94 width=4)
	        Index Cond: ((id >= 1813214) AND (id <= 1813313))

table 2 : explain SELECT SUM(k) FROM sbtest2 WHERE id BETWEEN 2213856 AND 2213955
	Aggregate  (cost=399.27..399.28 rows=1 width=8)
	  ->  Index Scan using sbtest2_pkey on sbtest2  (cost=0.43..399.02 rows=100 width=4)
	        Index Cond: ((id >= 2213856) AND (id <= 2213955))

table 3 : explain SELECT SUM(k) FROM sbtest3 WHERE id BETWEEN 1604978 AND 1605077
	Aggregate  (cost=390.08..390.09 rows=1 width=8)
	  ->  Index Scan using sbtest3_pkey on sbtest3  (cost=0.43..389.84 rows=98 width=4)
	        Index Cond: ((id >= 1604978) AND (id <= 1605077))

table 4 : explain SELECT SUM(k) FROM sbtest4 WHERE id BETWEEN 8719801 AND 8719900
	Aggregate  (cost=374.05..374.06 rows=1 width=8)
	  ->  Index Scan using sbtest4_pkey on sbtest4  (cost=0.43..373.81 rows=94 width=4)
	        Index Cond: ((id >= 8719801) AND (id <= 8719900))

table 5 : explain SELECT SUM(k) FROM sbtest5 WHERE id BETWEEN 1138987 AND 1139086
	Aggregate  (cost=416.77..416.78 rows=1 width=8)
	  ->  Index Scan using sbtest5_pkey on sbtest5  (cost=0.43..416.50 rows=105 width=4)
	        Index Cond: ((id >= 1138987) AND (id <= 1139086))

table 6 : explain SELECT SUM(k) FROM sbtest6 WHERE id BETWEEN 2498858 AND 2498957
	Aggregate  (cost=390.16..390.17 rows=1 width=8)
	  ->  Index Scan using sbtest6_pkey on sbtest6  (cost=0.43..389.92 rows=98 width=4)
	        Index Cond: ((id >= 2498858) AND (id <= 2498957))

table 7 : explain SELECT SUM(k) FROM sbtest7 WHERE id BETWEEN 1528434 AND 1528533
	Aggregate  (cost=445.17..445.18 rows=1 width=8)
	  ->  Index Scan using sbtest7_pkey on sbtest7  (cost=0.43..444.89 rows=112 width=4)
	        Index Cond: ((id >= 1528434) AND (id <= 1528533))

table 8 : explain SELECT SUM(k) FROM sbtest8 WHERE id BETWEEN 8338323 AND 8338422
	Aggregate  (cost=378.48..378.49 rows=1 width=8)
	  ->  Index Scan using sbtest8_pkey on sbtest8  (cost=0.43..378.25 rows=95 width=4)
	        Index Cond: ((id >= 8338323) AND (id <= 8338422))

explain: for point_selects :: explain SELECT c FROM sbtest%u WHERE id=%u
for point_selects
table 1 : explain SELECT c FROM sbtest1 WHERE id=5473168
	Index Scan using sbtest1_pkey on sbtest1  (cost=0.43..8.45 rows=1 width=121)
	  Index Cond: (id = 5473168)

table 2 : explain SELECT c FROM sbtest2 WHERE id=4702212
	Index Scan using sbtest2_pkey on sbtest2  (cost=0.43..8.45 rows=1 width=121)
	  Index Cond: (id = 4702212)

table 3 : explain SELECT c FROM sbtest3 WHERE id=1171158
	Index Scan using sbtest3_pkey on sbtest3  (cost=0.43..8.45 rows=1 width=121)
	  Index Cond: (id = 1171158)

table 4 : explain SELECT c FROM sbtest4 WHERE id=9285109
	Index Scan using sbtest4_pkey on sbtest4  (cost=0.43..8.45 rows=1 width=121)
	  Index Cond: (id = 9285109)

table 5 : explain SELECT c FROM sbtest5 WHERE id=3428864
	Index Scan using sbtest5_pkey on sbtest5  (cost=0.43..8.45 rows=1 width=121)
	  Index Cond: (id = 3428864)

table 6 : explain SELECT c FROM sbtest6 WHERE id=6737645
	Index Scan using sbtest6_pkey on sbtest6  (cost=0.43..8.45 rows=1 width=121)
	  Index Cond: (id = 6737645)

table 7 : explain SELECT c FROM sbtest7 WHERE id=419252
	Index Scan using sbtest7_pkey on sbtest7  (cost=0.43..8.45 rows=1 width=121)
	  Index Cond: (id = 419252)

table 8 : explain SELECT c FROM sbtest8 WHERE id=5273104
	Index Scan using sbtest8_pkey on sbtest8  (cost=0.43..8.45 rows=1 width=121)
	  Index Cond: (id = 5273104)

for: order_ranges
table 1 : explain SELECT c FROM sbtest1 WHERE id BETWEEN 2905299 AND 2905398 ORDER BY c
	Sort  (cost=437.31..437.58 rows=109 width=121)
	  Sort Key: c
	  ->  Index Scan using sbtest1_pkey on sbtest1  (cost=0.43..433.62 rows=109 width=121)
	        Index Cond: ((id >= 2905299) AND (id <= 2905398))

table 2 : explain SELECT c FROM sbtest2 WHERE id BETWEEN 1946977 AND 1947076 ORDER BY c
	Sort  (cost=398.35..398.60 rows=99 width=121)
	  Sort Key: c
	  ->  Index Scan using sbtest2_pkey on sbtest2  (cost=0.43..395.07 rows=99 width=121)
	        Index Cond: ((id >= 1946977) AND (id <= 1947076))

table 3 : explain SELECT c FROM sbtest3 WHERE id BETWEEN 1632221 AND 1632320 ORDER BY c
	Sort  (cost=393.08..393.32 rows=98 width=121)
	  Sort Key: c
	  ->  Index Scan using sbtest3_pkey on sbtest3  (cost=0.43..389.84 rows=98 width=121)
	        Index Cond: ((id >= 1632221) AND (id <= 1632320))

table 4 : explain SELECT c FROM sbtest4 WHERE id BETWEEN 2254739 AND 2254838 ORDER BY c
	Sort  (cost=420.54..420.81 rows=105 width=121)
	  Sort Key: c
	  ->  Index Scan using sbtest4_pkey on sbtest4  (cost=0.43..417.02 rows=105 width=121)
	        Index Cond: ((id >= 2254739) AND (id <= 2254838))

table 5 : explain SELECT c FROM sbtest5 WHERE id BETWEEN 1613901 AND 1614000 ORDER BY c
	Sort  (cost=455.71..455.99 rows=114 width=121)
	  Sort Key: c
	  ->  Index Scan using sbtest5_pkey on sbtest5  (cost=0.43..451.81 rows=114 width=121)
	        Index Cond: ((id >= 1613901) AND (id <= 1614000))

table 6 : explain SELECT c FROM sbtest6 WHERE id BETWEEN 3884919 AND 3885018 ORDER BY c
	Sort  (cost=416.99..417.25 rows=104 width=121)
	  Sort Key: c
	  ->  Index Scan using sbtest6_pkey on sbtest6  (cost=0.43..413.51 rows=104 width=121)
	        Index Cond: ((id >= 3884919) AND (id <= 3885018))

table 7 : explain SELECT c FROM sbtest7 WHERE id BETWEEN 6503411 AND 6503510 ORDER BY c
	Sort  (cost=385.15..385.39 rows=96 width=121)
	  Sort Key: c
	  ->  Index Scan using sbtest7_pkey on sbtest7  (cost=0.43..381.99 rows=96 width=121)
	        Index Cond: ((id >= 6503411) AND (id <= 6503510))

table 8 : explain SELECT c FROM sbtest8 WHERE id BETWEEN 4612440 AND 4612539 ORDER BY c
	Sort  (cost=385.34..385.58 rows=96 width=121)
	  Sort Key: c
	  ->  Index Scan using sbtest8_pkey on sbtest8  (cost=0.43..382.18 rows=96 width=121)
	        Index Cond: ((id >= 4612440) AND (id <= 4612539))

for: simple_ranges
table 1 : explain SELECT c FROM sbtest1 WHERE id BETWEEN 7702178 AND 7702277
	Index Scan using sbtest1_pkey on sbtest1  (cost=0.43..358.81 rows=90 width=121)
	  Index Cond: ((id >= 7702178) AND (id <= 7702277))

table 2 : explain SELECT c FROM sbtest2 WHERE id BETWEEN 2698814 AND 2698913
	Index Scan using sbtest2_pkey on sbtest2  (cost=0.43..379.28 rows=95 width=121)
	  Index Cond: ((id >= 2698814) AND (id <= 2698913))

table 3 : explain SELECT c FROM sbtest3 WHERE id BETWEEN 4228732 AND 4228831
	Index Scan using sbtest3_pkey on sbtest3  (cost=0.43..413.42 rows=104 width=121)
	  Index Cond: ((id >= 4228732) AND (id <= 4228831))

table 4 : explain SELECT c FROM sbtest4 WHERE id BETWEEN 9772901 AND 9773000
	Index Scan using sbtest4_pkey on sbtest4  (cost=0.43..377.74 rows=95 width=121)
	  Index Cond: ((id >= 9772901) AND (id <= 9773000))

table 5 : explain SELECT c FROM sbtest5 WHERE id BETWEEN 648496 AND 648595
	Index Scan using sbtest5_pkey on sbtest5  (cost=0.43..420.43 rows=106 width=121)
	  Index Cond: ((id >= 648496) AND (id <= 648595))

table 6 : explain SELECT c FROM sbtest6 WHERE id BETWEEN 6774941 AND 6775040
	Index Scan using sbtest6_pkey on sbtest6  (cost=0.43..382.05 rows=96 width=121)
	  Index Cond: ((id >= 6774941) AND (id <= 6775040))

table 7 : explain SELECT c FROM sbtest7 WHERE id BETWEEN 5409417 AND 5409516
	Index Scan using sbtest7_pkey on sbtest7  (cost=0.43..370.20 rows=93 width=121)
	  Index Cond: ((id >= 5409417) AND (id <= 5409516))

table 8 : explain SELECT c FROM sbtest8 WHERE id BETWEEN 1080775 AND 1080874
	Index Scan using sbtest8_pkey on sbtest8  (cost=0.43..390.07 rows=98 width=121)
	  Index Cond: ((id >= 1080775) AND (id <= 1080874))

explain: for point_selects :: explain SELECT c FROM sbtest%u WHERE id=%u
for: simple_ranges
table 1 : explain SELECT c FROM sbtest1 WHERE id BETWEEN 7664961 AND 7665060
	Index Scan using sbtest1_pkey on sbtest1  (cost=0.43..358.81 rows=90 width=121)
	  Index Cond: ((id >= 7664961) AND (id <= 7665060))

table 2 : explain SELECT c FROM sbtest2 WHERE id BETWEEN 3541663 AND 3541762
	Index Scan using sbtest2_pkey on sbtest2  (cost=0.43..391.13 rows=98 width=121)
	  Index Cond: ((id >= 3541663) AND (id <= 3541762))

table 3 : explain SELECT c FROM sbtest3 WHERE id BETWEEN 2803075 AND 2803174
	Index Scan using sbtest3_pkey on sbtest3  (cost=0.43..378.04 rows=95 width=121)
	  Index Cond: ((id >= 2803075) AND (id <= 2803174))

table 4 : explain SELECT c FROM sbtest4 WHERE id BETWEEN 6304945 AND 6305044
	Index Scan using sbtest4_pkey on sbtest4  (cost=0.43..377.74 rows=95 width=121)
	  Index Cond: ((id >= 6304945) AND (id <= 6305044))

table 5 : explain SELECT c FROM sbtest5 WHERE id BETWEEN 4855993 AND 4856092
	Index Scan using sbtest5_pkey on sbtest5  (cost=0.43..392.97 rows=99 width=121)
	  Index Cond: ((id >= 4855993) AND (id <= 4856092))

table 6 : explain SELECT c FROM sbtest6 WHERE id BETWEEN 2510489 AND 2510588
	Index Scan using sbtest6_pkey on sbtest6  (cost=0.43..437.10 rows=110 width=121)
	  Index Cond: ((id >= 2510489) AND (id <= 2510588))

table 7 : explain SELECT c FROM sbtest7 WHERE id BETWEEN 5924415 AND 5924514
	Index Scan using sbtest7_pkey on sbtest7  (cost=0.43..409.51 rows=103 width=121)
	  Index Cond: ((id >= 5924415) AND (id <= 5924514))

table 8 : explain SELECT c FROM sbtest8 WHERE id BETWEEN 8590839 AND 8590938
	Index Scan using sbtest8_pkey on sbtest8  (cost=0.43..425.47 rows=107 width=121)
	  Index Cond: ((id >= 8590839) AND (id <= 8590938))

for: simple_ranges
table 1 : explain SELECT c FROM sbtest1 WHERE id BETWEEN 4371730 AND 4371829
	Index Scan using sbtest1_pkey on sbtest1  (cost=0.43..362.75 rows=91 width=121)
	  Index Cond: ((id >= 4371730) AND (id <= 4371829))

table 2 : explain SELECT c FROM sbtest2 WHERE id BETWEEN 5972814 AND 5972913
	Index Scan using sbtest2_pkey on sbtest2  (cost=0.43..351.66 rows=88 width=121)
	  Index Cond: ((id >= 5972814) AND (id <= 5972913))

table 3 : explain SELECT c FROM sbtest3 WHERE id BETWEEN 3422835 AND 3422934
	Index Scan using sbtest3_pkey on sbtest3  (cost=0.43..413.42 rows=104 width=121)
	  Index Cond: ((id >= 3422835) AND (id <= 3422934))

table 4 : explain SELECT c FROM sbtest4 WHERE id BETWEEN 6326662 AND 6326761
	Index Scan using sbtest4_pkey on sbtest4  (cost=0.43..377.74 rows=95 width=121)
	  Index Cond: ((id >= 6326662) AND (id <= 6326761))

table 5 : explain SELECT c FROM sbtest5 WHERE id BETWEEN 9315762 AND 9315861
	Index Scan using sbtest5_pkey on sbtest5  (cost=0.43..396.89 rows=100 width=121)
	  Index Cond: ((id >= 9315762) AND (id <= 9315861))

table 6 : explain SELECT c FROM sbtest6 WHERE id BETWEEN 5400909 AND 5401008
	Index Scan using sbtest6_pkey on sbtest6  (cost=0.43..425.30 rows=107 width=121)
	  Index Cond: ((id >= 5400909) AND (id <= 5401008))

table 7 : explain SELECT c FROM sbtest7 WHERE id BETWEEN 1776435 AND 1776534
	Index Scan using sbtest7_pkey on sbtest7  (cost=0.43..393.79 rows=99 width=121)
	  Index Cond: ((id >= 1776435) AND (id <= 1776534))

table 8 : explain SELECT c FROM sbtest8 WHERE id BETWEEN 5009967 AND 5010066
	Index Scan using sbtest8_pkey on sbtest8  (cost=0.43..405.80 rows=102 width=121)
	  Index Cond: ((id >= 5009967) AND (id <= 5010066))

for: sum_ranges
table 1 : explain SELECT SUM(k) FROM sbtest1 WHERE id BETWEEN 3492636 AND 3492735
	Aggregate  (cost=410.26..410.27 rows=1 width=8)
	  ->  Index Scan using sbtest1_pkey on sbtest1  (cost=0.43..410.00 rows=103 width=4)
	        Index Cond: ((id >= 3492636) AND (id <= 3492735))

table 2 : explain SELECT SUM(k) FROM sbtest2 WHERE id BETWEEN 3661577 AND 3661676
	Aggregate  (cost=399.27..399.28 rows=1 width=8)
	  ->  Index Scan using sbtest2_pkey on sbtest2  (cost=0.43..399.02 rows=100 width=4)
	        Index Cond: ((id >= 3661577) AND (id <= 3661676))

table 3 : explain SELECT SUM(k) FROM sbtest3 WHERE id BETWEEN 5755781 AND 5755880
	Aggregate  (cost=409.75..409.76 rows=1 width=8)
	  ->  Index Scan using sbtest3_pkey on sbtest3  (cost=0.43..409.49 rows=103 width=4)
	        Index Cond: ((id >= 5755781) AND (id <= 5755880))

table 4 : explain SELECT SUM(k) FROM sbtest4 WHERE id BETWEEN 2749456 AND 2749555
	Aggregate  (cost=409.42..409.43 rows=1 width=8)
	  ->  Index Scan using sbtest4_pkey on sbtest4  (cost=0.43..409.16 rows=103 width=4)
	        Index Cond: ((id >= 2749456) AND (id <= 2749555))

table 5 : explain SELECT SUM(k) FROM sbtest5 WHERE id BETWEEN 4290102 AND 4290201
	Aggregate  (cost=424.62..424.63 rows=1 width=8)
	  ->  Index Scan using sbtest5_pkey on sbtest5  (cost=0.43..424.35 rows=107 width=4)
	        Index Cond: ((id >= 4290102) AND (id <= 4290201))

table 6 : explain SELECT SUM(k) FROM sbtest6 WHERE id BETWEEN 5723360 AND 5723459
	Aggregate  (cost=390.16..390.17 rows=1 width=8)
	  ->  Index Scan using sbtest6_pkey on sbtest6  (cost=0.43..389.92 rows=98 width=4)
	        Index Cond: ((id >= 5723360) AND (id <= 5723459))

table 7 : explain SELECT SUM(k) FROM sbtest7 WHERE id BETWEEN 4337641 AND 4337740
	Aggregate  (cost=366.50..366.51 rows=1 width=8)
	  ->  Index Scan using sbtest7_pkey on sbtest7  (cost=0.43..366.27 rows=92 width=4)
	        Index Cond: ((id >= 4337641) AND (id <= 4337740))

table 8 : explain SELECT SUM(k) FROM sbtest8 WHERE id BETWEEN 8594474 AND 8594573
	Aggregate  (cost=425.74..425.75 rows=1 width=8)
	  ->  Index Scan using sbtest8_pkey on sbtest8  (cost=0.43..425.47 rows=107 width=4)
	        Index Cond: ((id >= 8594474) AND (id <= 8594573))

for point_selects
table 1 : explain SELECT c FROM sbtest1 WHERE id=3354511
	Index Scan using sbtest1_pkey on sbtest1  (cost=0.43..8.45 rows=1 width=121)
	  Index Cond: (id = 3354511)

table 2 : explain SELECT c FROM sbtest2 WHERE id=2833709
	Index Scan using sbtest2_pkey on sbtest2  (cost=0.43..8.45 rows=1 width=121)
	  Index Cond: (id = 2833709)

table 3 : explain SELECT c FROM sbtest3 WHERE id=5019676
	Index Scan using sbtest3_pkey on sbtest3  (cost=0.43..8.45 rows=1 width=121)
	  Index Cond: (id = 5019676)

table 4 : explain SELECT c FROM sbtest4 WHERE id=6271544
	Index Scan using sbtest4_pkey on sbtest4  (cost=0.43..8.45 rows=1 width=121)
	  Index Cond: (id = 6271544)

table 5 : explain SELECT c FROM sbtest5 WHERE id=2218118
	Index Scan using sbtest5_pkey on sbtest5  (cost=0.43..8.45 rows=1 width=121)
	  Index Cond: (id = 2218118)

table 6 : explain SELECT c FROM sbtest6 WHERE id=3437696
	Index Scan using sbtest6_pkey on sbtest6  (cost=0.43..8.45 rows=1 width=121)
	  Index Cond: (id = 3437696)

table 7 : explain SELECT c FROM sbtest7 WHERE id=7642587
	Index Scan using sbtest7_pkey on sbtest7  (cost=0.43..8.45 rows=1 width=121)
	  Index Cond: (id = 7642587)

table 8 : explain SELECT c FROM sbtest8 WHERE id=3005327
	Index Scan using sbtest8_pkey on sbtest8  (cost=0.43..8.45 rows=1 width=121)
	  Index Cond: (id = 3005327)

for: sum_ranges
table 1 : explain SELECT SUM(k) FROM sbtest1 WHERE id BETWEEN 4271810 AND 4271909
	Aggregate  (cost=394.50..394.51 rows=1 width=8)
	  ->  Index Scan using sbtest1_pkey on sbtest1  (cost=0.43..394.26 rows=99 width=4)
	        Index Cond: ((id >= 4271810) AND (id <= 4271909))

table 2 : explain SELECT SUM(k) FROM sbtest2 WHERE id BETWEEN 7748703 AND 7748802
	Aggregate  (cost=355.83..355.84 rows=1 width=8)
	  ->  Index Scan using sbtest2_pkey on sbtest2  (cost=0.43..355.61 rows=89 width=4)
	        Index Cond: ((id >= 7748703) AND (id <= 7748802))

table 3 : explain SELECT SUM(k) FROM sbtest3 WHERE id BETWEEN 4928879 AND 4928978
	Aggregate  (cost=409.75..409.76 rows=1 width=8)
	  ->  Index Scan using sbtest3_pkey on sbtest3  (cost=0.43..409.49 rows=103 width=4)
	        Index Cond: ((id >= 4928879) AND (id <= 4928978))

table 4 : explain SELECT SUM(k) FROM sbtest4 WHERE id BETWEEN 7322219 AND 7322318
	Aggregate  (cost=358.30..358.31 rows=1 width=8)
	  ->  Index Scan using sbtest4_pkey on sbtest4  (cost=0.43..358.08 rows=90 width=4)
	        Index Cond: ((id >= 7322219) AND (id <= 7322318))

table 5 : explain SELECT SUM(k) FROM sbtest5 WHERE id BETWEEN 2857001 AND 2857100
	Aggregate  (cost=346.09..346.10 rows=1 width=8)
	  ->  Index Scan using sbtest5_pkey on sbtest5  (cost=0.43..345.87 rows=87 width=4)
	        Index Cond: ((id >= 2857001) AND (id <= 2857100))

table 6 : explain SELECT SUM(k) FROM sbtest6 WHERE id BETWEEN 9287157 AND 9287256
	Aggregate  (cost=413.77..413.78 rows=1 width=8)
	  ->  Index Scan using sbtest6_pkey on sbtest6  (cost=0.43..413.51 rows=104 width=4)
	        Index Cond: ((id >= 9287157) AND (id <= 9287256))

table 7 : explain SELECT SUM(k) FROM sbtest7 WHERE id BETWEEN 9279196 AND 9279295
	Aggregate  (cost=366.50..366.51 rows=1 width=8)
	  ->  Index Scan using sbtest7_pkey on sbtest7  (cost=0.43..366.27 rows=92 width=4)
	        Index Cond: ((id >= 9279196) AND (id <= 9279295))

table 8 : explain SELECT SUM(k) FROM sbtest8 WHERE id BETWEEN 2145705 AND 2145804
	Aggregate  (cost=382.42..382.43 rows=1 width=8)
	  ->  Index Scan using sbtest8_pkey on sbtest8  (cost=0.43..382.18 rows=96 width=4)
	        Index Cond: ((id >= 2145705) AND (id <= 2145804))

for: order_ranges
table 1 : explain SELECT c FROM sbtest1 WHERE id BETWEEN 6206052 AND 6206151 ORDER BY c
	Sort  (cost=377.64..377.87 rows=94 width=121)
	  Sort Key: c
	  ->  Index Scan using sbtest1_pkey on sbtest1  (cost=0.43..374.55 rows=94 width=121)
	        Index Cond: ((id >= 6206052) AND (id <= 6206151))

table 2 : explain SELECT c FROM sbtest2 WHERE id BETWEEN 6879345 AND 6879444 ORDER BY c
	Sort  (cost=474.08..474.37 rows=118 width=121)
	  Sort Key: c
	  ->  Index Scan using sbtest2_pkey on sbtest2  (cost=0.43..470.02 rows=118 width=121)
	        Index Cond: ((id >= 6879345) AND (id <= 6879444))

table 3 : explain SELECT c FROM sbtest3 WHERE id BETWEEN 8420967 AND 8421066 ORDER BY c
	Sort  (cost=377.19..377.43 rows=94 width=121)
	  Sort Key: c
	  ->  Index Scan using sbtest3_pkey on sbtest3  (cost=0.43..374.11 rows=94 width=121)
	        Index Cond: ((id >= 8420967) AND (id <= 8421066))

table 4 : explain SELECT c FROM sbtest4 WHERE id BETWEEN 9239024 AND 9239123 ORDER BY c
	Sort  (cost=384.83..385.07 rows=96 width=121)
	  Sort Key: c
	  ->  Index Scan using sbtest4_pkey on sbtest4  (cost=0.43..381.67 rows=96 width=121)
	        Index Cond: ((id >= 9239024) AND (id <= 9239123))

table 5 : explain SELECT c FROM sbtest5 WHERE id BETWEEN 206327 AND 206426 ORDER BY c
	Sort  (cost=372.45..372.68 rows=93 width=121)
	  Sort Key: c
	  ->  Index Scan using sbtest5_pkey on sbtest5  (cost=0.43..369.41 rows=93 width=121)
	        Index Cond: ((id >= 206327) AND (id <= 206426))

table 6 : explain SELECT c FROM sbtest6 WHERE id BETWEEN 9481014 AND 9481113 ORDER BY c
	Sort  (cost=460.70..460.98 rows=115 width=121)
	  Sort Key: c
	  ->  Index Scan using sbtest6_pkey on sbtest6  (cost=0.43..456.76 rows=115 width=121)
	        Index Cond: ((id >= 9481014) AND (id <= 9481113))

table 7 : explain SELECT c FROM sbtest7 WHERE id BETWEEN 8531130 AND 8531229 ORDER BY c
	Sort  (cost=385.15..385.39 rows=96 width=121)
	  Sort Key: c
	  ->  Index Scan using sbtest7_pkey on sbtest7  (cost=0.43..381.99 rows=96 width=121)
	        Index Cond: ((id >= 8531130) AND (id <= 8531229))

table 8 : explain SELECT c FROM sbtest8 WHERE id BETWEEN 6925792 AND 6925891 ORDER BY c
	Sort  (cost=385.34..385.58 rows=96 width=121)
	  Sort Key: c
	  ->  Index Scan using sbtest8_pkey on sbtest8  (cost=0.43..382.18 rows=96 width=121)
	        Index Cond: ((id >= 6925792) AND (id <= 6925891))

for: simple_ranges
table 1 : explain SELECT c FROM sbtest1 WHERE id BETWEEN 7529950 AND 7530049
	Index Scan using sbtest1_pkey on sbtest1  (cost=0.43..374.55 rows=94 width=121)
	  Index Cond: ((id >= 7529950) AND (id <= 7530049))

table 2 : explain SELECT c FROM sbtest2 WHERE id BETWEEN 1940438 AND 1940537
	Index Scan using sbtest2_pkey on sbtest2  (cost=0.43..395.07 rows=99 width=121)
	  Index Cond: ((id >= 1940438) AND (id <= 1940537))

table 3 : explain SELECT c FROM sbtest3 WHERE id BETWEEN 602189 AND 602288
	Index Scan using sbtest3_pkey on sbtest3  (cost=0.43..413.42 rows=104 width=121)
	  Index Cond: ((id >= 602189) AND (id <= 602288))

table 4 : explain SELECT c FROM sbtest4 WHERE id BETWEEN 2149722 AND 2149821
	Index Scan using sbtest4_pkey on sbtest4  (cost=0.43..393.45 rows=99 width=121)
	  Index Cond: ((id >= 2149722) AND (id <= 2149821))

table 5 : explain SELECT c FROM sbtest5 WHERE id BETWEEN 2325148 AND 2325247
	Index Scan using sbtest5_pkey on sbtest5  (cost=0.43..373.33 rows=94 width=121)
	  Index Cond: ((id >= 2325148) AND (id <= 2325247))

table 6 : explain SELECT c FROM sbtest6 WHERE id BETWEEN 3872321 AND 3872420
	Index Scan using sbtest6_pkey on sbtest6  (cost=0.43..413.51 rows=104 width=121)
	  Index Cond: ((id >= 3872321) AND (id <= 3872420))

table 7 : explain SELECT c FROM sbtest7 WHERE id BETWEEN 6016828 AND 6016927
	Index Scan using sbtest7_pkey on sbtest7  (cost=0.43..389.86 rows=98 width=121)
	  Index Cond: ((id >= 6016828) AND (id <= 6016927))

table 8 : explain SELECT c FROM sbtest8 WHERE id BETWEEN 8161240 AND 8161339
	Index Scan using sbtest8_pkey on sbtest8  (cost=0.43..370.38 rows=93 width=121)
	  Index Cond: ((id >= 8161240) AND (id <= 8161339))

explain: for point_selects :: explain SELECT c FROM sbtest%u WHERE id=%u
for point_selects
table 1 : explain SELECT c FROM sbtest1 WHERE id=9103875
	Index Scan using sbtest1_pkey on sbtest1  (cost=0.43..8.45 rows=1 width=121)
	  Index Cond: (id = 9103875)

table 2 : explain SELECT c FROM sbtest2 WHERE id=1388939
	Index Scan using sbtest2_pkey on sbtest2  (cost=0.43..8.45 rows=1 width=121)
	  Index Cond: (id = 1388939)

table 3 : explain SELECT c FROM sbtest3 WHERE id=5024285
	Index Scan using sbtest3_pkey on sbtest3  (cost=0.43..8.45 rows=1 width=121)
	  Index Cond: (id = 5024285)

table 4 : explain SELECT c FROM sbtest4 WHERE id=1890938
	Index Scan using sbtest4_pkey on sbtest4  (cost=0.43..8.45 rows=1 width=121)
	  Index Cond: (id = 1890938)

table 5 : explain SELECT c FROM sbtest5 WHERE id=3431905
	Index Scan using sbtest5_pkey on sbtest5  (cost=0.43..8.45 rows=1 width=121)
	  Index Cond: (id = 3431905)

table 6 : explain SELECT c FROM sbtest6 WHERE id=8961586
	Index Scan using sbtest6_pkey on sbtest6  (cost=0.43..8.45 rows=1 width=121)
	  Index Cond: (id = 8961586)

table 7 : explain SELECT c FROM sbtest7 WHERE id=7256130
	Index Scan using sbtest7_pkey on sbtest7  (cost=0.43..8.45 rows=1 width=121)
	  Index Cond: (id = 7256130)

table 8 : explain SELECT c FROM sbtest8 WHERE id=5360329
	Index Scan using sbtest8_pkey on sbtest8  (cost=0.43..8.45 rows=1 width=121)
	  Index Cond: (id = 5360329)
explain: for point_selects :: explain SELECT c FROM sbtest%u WHERE id=%u

for: order_ranges
table 1 : explain SELECT c FROM sbtest1 WHERE id BETWEEN 8556879 AND 8556978 ORDER BY c
	Sort  (cost=365.71..365.94 rows=91 width=121)
	  Sort Key: c
	  ->  Index Scan using sbtest1_pkey on sbtest1  (cost=0.43..362.75 rows=91 width=121)
	        Index Cond: ((id >= 8556879) AND (id <= 8556978))

table 2 : explain SELECT c FROM sbtest2 WHERE id BETWEEN 864896 AND 864995 ORDER BY c
	Sort  (cost=370.44..370.67 rows=92 width=121)
	  Sort Key: c
	  ->  Index Scan using sbtest2_pkey on sbtest2  (cost=0.43..367.44 rows=92 width=121)
	        Index Cond: ((id >= 864896) AND (id <= 864995))

table 3 : explain SELECT c FROM sbtest3 WHERE id BETWEEN 407675 AND 407774 ORDER BY c
	Sort  (cost=397.05..397.30 rows=99 width=121)
	  Sort Key: c
	  ->  Index Scan using sbtest3_pkey on sbtest3  (cost=0.43..393.77 rows=99 width=121)
	        Index Cond: ((id >= 407675) AND (id <= 407774))

table 4 : explain SELECT c FROM sbtest4 WHERE id BETWEEN 9684561 AND 9684660 ORDER BY c
	Sort  (cost=408.64..408.89 rows=102 width=121)
	  Sort Key: c
	  ->  Index Scan using sbtest4_pkey on sbtest4  (cost=0.43..405.24 rows=102 width=121)
	        Index Cond: ((id >= 9684561) AND (id <= 9684660))

table 5 : explain SELECT c FROM sbtest5 WHERE id BETWEEN 6434500 AND 6434599 ORDER BY c
	Sort  (cost=412.10..412.36 rows=103 width=121)
	  Sort Key: c
	  ->  Index Scan using sbtest5_pkey on sbtest5  (cost=0.43..408.66 rows=103 width=121)
	        Index Cond: ((id >= 6434500) AND (id <= 6434599))

table 6 : explain SELECT c FROM sbtest6 WHERE id BETWEEN 6729000 AND 6729099 ORDER BY c
	Sort  (cost=385.21..385.45 rows=96 width=121)
	  Sort Key: c
	  ->  Index Scan using sbtest6_pkey on sbtest6  (cost=0.43..382.05 rows=96 width=121)
	        Index Cond: ((id >= 6729000) AND (id <= 6729099))

table 7 : explain SELECT c FROM sbtest7 WHERE id BETWEEN 4357497 AND 4357596 ORDER BY c
	Sort  (cost=369.27..369.50 rows=92 width=121)
	  Sort Key: c
	  ->  Index Scan using sbtest7_pkey on sbtest7  (cost=0.43..366.27 rows=92 width=121)
	        Index Cond: ((id >= 4357497) AND (id <= 4357596))

table 8 : explain SELECT c FROM sbtest8 WHERE id BETWEEN 1985990 AND 1986089 ORDER BY c
	Sort  (cost=381.37..381.60 rows=95 width=121)
	  Sort Key: c
	  ->  Index Scan using sbtest8_pkey on sbtest8  (cost=0.43..378.25 rows=95 width=121)
	        Index Cond: ((id >= 1985990) AND (id <= 1986089))

for: simple_ranges
table 1 : explain SELECT c FROM sbtest1 WHERE id BETWEEN 1883051 AND 1883150
	Index Scan using sbtest1_pkey on sbtest1  (cost=0.43..413.94 rows=104 width=121)
	  Index Cond: ((id >= 1883051) AND (id <= 1883150))

table 2 : explain SELECT c FROM sbtest2 WHERE id BETWEEN 1133003 AND 1133102
	Index Scan using sbtest2_pkey on sbtest2  (cost=0.43..387.16 rows=97 width=121)
	  Index Cond: ((id >= 1133003) AND (id <= 1133102))

table 3 : explain SELECT c FROM sbtest3 WHERE id BETWEEN 7032278 AND 7032377
	Index Scan using sbtest3_pkey on sbtest3  (cost=0.43..374.11 rows=94 width=121)
	  Index Cond: ((id >= 7032278) AND (id <= 7032377))

table 4 : explain SELECT c FROM sbtest4 WHERE id BETWEEN 6741462 AND 6741561
	Index Scan using sbtest4_pkey on sbtest4  (cost=0.43..373.81 rows=94 width=121)
	  Index Cond: ((id >= 6741462) AND (id <= 6741561))

table 5 : explain SELECT c FROM sbtest5 WHERE id BETWEEN 9972472 AND 9972571
	Index Scan using sbtest5_pkey on sbtest5  (cost=0.43..396.89 rows=100 width=121)
	  Index Cond: ((id >= 9972472) AND (id <= 9972571))

table 6 : explain SELECT c FROM sbtest6 WHERE id BETWEEN 1972738 AND 1972837
	Index Scan using sbtest6_pkey on sbtest6  (cost=0.43..385.99 rows=97 width=121)
	  Index Cond: ((id >= 1972738) AND (id <= 1972837))

table 7 : explain SELECT c FROM sbtest7 WHERE id BETWEEN 8960250 AND 8960349
	Index Scan using sbtest7_pkey on sbtest7  (cost=0.43..437.03 rows=110 width=121)
	  Index Cond: ((id >= 8960250) AND (id <= 8960349))

table 8 : explain SELECT c FROM sbtest8 WHERE id BETWEEN 4782106 AND 4782205
	Index Scan using sbtest8_pkey on sbtest8  (cost=0.43..413.67 rows=104 width=121)
	  Index Cond: ((id >= 4782106) AND (id <= 4782205))

for point_selects
table 1 : explain SELECT c FROM sbtest1 WHERE id=494455
	Index Scan using sbtest1_pkey on sbtest1  (cost=0.43..8.45 rows=1 width=121)
	  Index Cond: (id = 494455)

table 2 : explain SELECT c FROM sbtest2 WHERE id=1512921
	Index Scan using sbtest2_pkey on sbtest2  (cost=0.43..8.45 rows=1 width=121)
	  Index Cond: (id = 1512921)

table 3 : explain SELECT c FROM sbtest3 WHERE id=1324908
	Index Scan using sbtest3_pkey on sbtest3  (cost=0.43..8.45 rows=1 width=121)
	  Index Cond: (id = 1324908)

table 4 : explain SELECT c FROM sbtest4 WHERE id=2732697
	Index Scan using sbtest4_pkey on sbtest4  (cost=0.43..8.45 rows=1 width=121)
	  Index Cond: (id = 2732697)

table 5 : explain SELECT c FROM sbtest5 WHERE id=6262498
	Index Scan using sbtest5_pkey on sbtest5  (cost=0.43..8.45 rows=1 width=121)
	  Index Cond: (id = 6262498)

table 6 : explain SELECT c FROM sbtest6 WHERE id=5193514
	Index Scan using sbtest6_pkey on sbtest6  (cost=0.43..8.45 rows=1 width=121)
	  Index Cond: (id = 5193514)

table 7 : explain SELECT c FROM sbtest7 WHERE id=7813632
	Index Scan using sbtest7_pkey on sbtest7  (cost=0.43..8.45 rows=1 width=121)
	  Index Cond: (id = 7813632)

table 8 : explain SELECT c FROM sbtest8 WHERE id=8026372
	Index Scan using sbtest8_pkey on sbtest8  (cost=0.43..8.45 rows=1 width=121)
	  Index Cond: (id = 8026372)

for: simple_ranges
table 1 : explain SELECT c FROM sbtest1 WHERE id BETWEEN 6140457 AND 6140556
	Index Scan using sbtest1_pkey on sbtest1  (cost=0.43..374.55 rows=94 width=121)
	  Index Cond: ((id >= 6140457) AND (id <= 6140556))

table 2 : explain SELECT c FROM sbtest2 WHERE id BETWEEN 4183258 AND 4183357
	Index Scan using sbtest2_pkey on sbtest2  (cost=0.43..375.33 rows=94 width=121)
	  Index Cond: ((id >= 4183258) AND (id <= 4183357))

table 3 : explain SELECT c FROM sbtest3 WHERE id BETWEEN 165417 AND 165516
	Index Scan using sbtest3_pkey on sbtest3  (cost=0.43..413.42 rows=104 width=121)
	  Index Cond: ((id >= 165417) AND (id <= 165516))

table 4 : explain SELECT c FROM sbtest4 WHERE id BETWEEN 2312414 AND 2312513
	Index Scan using sbtest4_pkey on sbtest4  (cost=0.43..393.45 rows=99 width=121)
	  Index Cond: ((id >= 2312414) AND (id <= 2312513))

table 5 : explain SELECT c FROM sbtest5 WHERE id BETWEEN 6850523 AND 6850622
	Index Scan using sbtest5_pkey on sbtest5  (cost=0.43..385.12 rows=97 width=121)
	  Index Cond: ((id >= 6850523) AND (id <= 6850622))

table 6 : explain SELECT c FROM sbtest6 WHERE id BETWEEN 7083561 AND 7083660
	Index Scan using sbtest6_pkey on sbtest6  (cost=0.43..429.24 rows=108 width=121)
	  Index Cond: ((id >= 7083561) AND (id <= 7083660))

table 7 : explain SELECT c FROM sbtest7 WHERE id BETWEEN 1648856 AND 1648955
	Index Scan using sbtest7_pkey on sbtest7  (cost=0.43..401.65 rows=101 width=121)
	  Index Cond: ((id >= 1648856) AND (id <= 1648955))

table 8 : explain SELECT c FROM sbtest8 WHERE id BETWEEN 3919820 AND 3919919
	Index Scan using sbtest8_pkey on sbtest8  (cost=0.43..382.18 rows=96 width=121)
	  Index Cond: ((id >= 3919820) AND (id <= 3919919))

for: sum_ranges
table 1 : explain SELECT SUM(k) FROM sbtest1 WHERE id BETWEEN 9691924 AND 9692023
	Aggregate  (cost=402.38..402.39 rows=1 width=8)
	  ->  Index Scan using sbtest1_pkey on sbtest1  (cost=0.43..402.13 rows=101 width=4)
	        Index Cond: ((id >= 9691924) AND (id <= 9692023))

table 2 : explain SELECT SUM(k) FROM sbtest2 WHERE id BETWEEN 1694540 AND 1694639
	Aggregate  (cost=395.32..395.33 rows=1 width=8)
	  ->  Index Scan using sbtest2_pkey on sbtest2  (cost=0.43..395.07 rows=99 width=4)
	        Index Cond: ((id >= 1694540) AND (id <= 1694639))

table 3 : explain SELECT SUM(k) FROM sbtest3 WHERE id BETWEEN 9764862 AND 9764961
	Aggregate  (cost=433.35..433.36 rows=1 width=8)
	  ->  Index Scan using sbtest3_pkey on sbtest3  (cost=0.43..433.08 rows=109 width=4)
	        Index Cond: ((id >= 9764862) AND (id <= 9764961))

table 4 : explain SELECT SUM(k) FROM sbtest4 WHERE id BETWEEN 7395581 AND 7395680
	Aggregate  (cost=377.98..377.99 rows=1 width=8)
	  ->  Index Scan using sbtest4_pkey on sbtest4  (cost=0.43..377.74 rows=95 width=4)
	        Index Cond: ((id >= 7395581) AND (id <= 7395680))

table 5 : explain SELECT SUM(k) FROM sbtest5 WHERE id BETWEEN 2985330 AND 2985429
	Aggregate  (cost=412.84..412.85 rows=1 width=8)
	  ->  Index Scan using sbtest5_pkey on sbtest5  (cost=0.43..412.58 rows=104 width=4)
	        Index Cond: ((id >= 2985330) AND (id <= 2985429))

table 6 : explain SELECT SUM(k) FROM sbtest6 WHERE id BETWEEN 829181 AND 829280
	Aggregate  (cost=421.64..421.65 rows=1 width=8)
	  ->  Index Scan using sbtest6_pkey on sbtest6  (cost=0.43..421.37 rows=106 width=4)
	        Index Cond: ((id >= 829181) AND (id <= 829280))

table 7 : explain SELECT SUM(k) FROM sbtest7 WHERE id BETWEEN 6962343 AND 6962442
	Aggregate  (cost=405.84..405.85 rows=1 width=8)
	  ->  Index Scan using sbtest7_pkey on sbtest7  (cost=0.43..405.58 rows=102 width=4)
	        Index Cond: ((id >= 6962343) AND (id <= 6962442))

table 8 : explain SELECT SUM(k) FROM sbtest8 WHERE id BETWEEN 2043344 AND 2043443
	Aggregate  (cost=382.42..382.43 rows=1 width=8)
	  ->  Index Scan using sbtest8_pkey on sbtest8  (cost=0.43..382.18 rows=96 width=4)
	        Index Cond: ((id >= 2043344) AND (id <= 2043443))

for: sum_ranges
table 1 : explain SELECT SUM(k) FROM sbtest1 WHERE id BETWEEN 2661290 AND 2661389
	Aggregate  (cost=398.44..398.45 rows=1 width=8)
	  ->  Index Scan using sbtest1_pkey on sbtest1  (cost=0.43..398.19 rows=100 width=4)
	        Index Cond: ((id >= 2661290) AND (id <= 2661389))

table 2 : explain SELECT SUM(k) FROM sbtest2 WHERE id BETWEEN 5339515 AND 5339614
	Aggregate  (cost=407.16..407.17 rows=1 width=8)
	  ->  Index Scan using sbtest2_pkey on sbtest2  (cost=0.43..406.91 rows=102 width=4)
	        Index Cond: ((id >= 5339515) AND (id <= 5339614))

table 3 : explain SELECT SUM(k) FROM sbtest3 WHERE id BETWEEN 4436579 AND 4436678
	Aggregate  (cost=370.41..370.42 rows=1 width=8)
	  ->  Index Scan using sbtest3_pkey on sbtest3  (cost=0.43..370.18 rows=93 width=4)
	        Index Cond: ((id >= 4436579) AND (id <= 4436678))

table 4 : explain SELECT SUM(k) FROM sbtest4 WHERE id BETWEEN 2622687 AND 2622786
	Aggregate  (cost=401.56..401.57 rows=1 width=8)
	  ->  Index Scan using sbtest4_pkey on sbtest4  (cost=0.43..401.31 rows=101 width=4)
	        Index Cond: ((id >= 2622687) AND (id <= 2622786))

table 5 : explain SELECT SUM(k) FROM sbtest5 WHERE id BETWEEN 2298144 AND 2298243
	Aggregate  (cost=361.79..361.80 rows=1 width=8)
	  ->  Index Scan using sbtest5_pkey on sbtest5  (cost=0.43..361.56 rows=91 width=4)
	        Index Cond: ((id >= 2298144) AND (id <= 2298243))

table 6 : explain SELECT SUM(k) FROM sbtest6 WHERE id BETWEEN 5521354 AND 5521453
	Aggregate  (cost=413.77..413.78 rows=1 width=8)
	  ->  Index Scan using sbtest6_pkey on sbtest6  (cost=0.43..413.51 rows=104 width=4)
	        Index Cond: ((id >= 5521354) AND (id <= 5521453))

table 7 : explain SELECT SUM(k) FROM sbtest7 WHERE id BETWEEN 5069637 AND 5069736
	Aggregate  (cost=417.64..417.65 rows=1 width=8)
	  ->  Index Scan using sbtest7_pkey on sbtest7  (cost=0.43..417.37 rows=105 width=4)
	        Index Cond: ((id >= 5069637) AND (id <= 5069736))

table 8 : explain SELECT SUM(k) FROM sbtest8 WHERE id BETWEEN 2650929 AND 2651028
	Aggregate  (cost=406.06..406.07 rows=1 width=8)
	  ->  Index Scan using sbtest8_pkey on sbtest8  (cost=0.43..405.80 rows=102 width=4)
	        Index Cond: ((id >= 2650929) AND (id <= 2651028))

explain: for point_selects :: explain SELECT c FROM sbtest%u WHERE id=%u
for: sum_ranges
table 1 : explain SELECT SUM(k) FROM sbtest1 WHERE id BETWEEN 3163236 AND 3163335
	Aggregate  (cost=390.57..390.58 rows=1 width=8)
	  ->  Index Scan using sbtest1_pkey on sbtest1  (cost=0.43..390.32 rows=98 width=4)
	        Index Cond: ((id >= 3163236) AND (id <= 3163335))

table 2 : explain SELECT SUM(k) FROM sbtest2 WHERE id BETWEEN 3132183 AND 3132282
	Aggregate  (cost=371.62..371.63 rows=1 width=8)
	  ->  Index Scan using sbtest2_pkey on sbtest2  (cost=0.43..371.39 rows=93 width=4)
	        Index Cond: ((id >= 3132183) AND (id <= 3132282))

table 3 : explain SELECT SUM(k) FROM sbtest3 WHERE id BETWEEN 5561908 AND 5562007
	Aggregate  (cost=417.62..417.63 rows=1 width=8)
	  ->  Index Scan using sbtest3_pkey on sbtest3  (cost=0.43..417.35 rows=105 width=4)
	        Index Cond: ((id >= 5561908) AND (id <= 5562007))

table 4 : explain SELECT SUM(k) FROM sbtest4 WHERE id BETWEEN 4150745 AND 4150844
	Aggregate  (cost=417.28..417.29 rows=1 width=8)
	  ->  Index Scan using sbtest4_pkey on sbtest4  (cost=0.43..417.02 rows=105 width=4)
	        Index Cond: ((id >= 4150745) AND (id <= 4150844))

table 5 : explain SELECT SUM(k) FROM sbtest5 WHERE id BETWEEN 2763862 AND 2763961
	Aggregate  (cost=424.62..424.63 rows=1 width=8)
	  ->  Index Scan using sbtest5_pkey on sbtest5  (cost=0.43..424.35 rows=107 width=4)
	        Index Cond: ((id >= 2763862) AND (id <= 2763961))

table 6 : explain SELECT SUM(k) FROM sbtest6 WHERE id BETWEEN 9398099 AND 9398198
	Aggregate  (cost=401.97..401.98 rows=1 width=8)
	  ->  Index Scan using sbtest6_pkey on sbtest6  (cost=0.43..401.71 rows=101 width=4)
	        Index Cond: ((id >= 9398099) AND (id <= 9398198))

table 7 : explain SELECT SUM(k) FROM sbtest7 WHERE id BETWEEN 8248804 AND 8248903
	Aggregate  (cost=362.56..362.57 rows=1 width=8)
	  ->  Index Scan using sbtest7_pkey on sbtest7  (cost=0.43..362.34 rows=91 width=4)
	        Index Cond: ((id >= 8248804) AND (id <= 8248903))

table 8 : explain SELECT SUM(k) FROM sbtest8 WHERE id BETWEEN 5609157 AND 5609256
	Aggregate  (cost=421.80..421.81 rows=1 width=8)
	  ->  Index Scan using sbtest8_pkey on sbtest8  (cost=0.43..421.54 rows=106 width=4)
	        Index Cond: ((id >= 5609157) AND (id <= 5609256))

for: sum_ranges
table 1 : explain SELECT SUM(k) FROM sbtest1 WHERE id BETWEEN 6721890 AND 6721989
	Aggregate  (cost=390.57..390.58 rows=1 width=8)
	  ->  Index Scan using sbtest1_pkey on sbtest1  (cost=0.43..390.32 rows=98 width=4)
	        Index Cond: ((id >= 6721890) AND (id <= 6721989))

table 2 : explain SELECT SUM(k) FROM sbtest2 WHERE id BETWEEN 7336838 AND 7336937
	Aggregate  (cost=430.84..430.85 rows=1 width=8)
	  ->  Index Scan using sbtest2_pkey on sbtest2  (cost=0.43..430.57 rows=108 width=4)
	        Index Cond: ((id >= 7336838) AND (id <= 7336937))

table 3 : explain SELECT SUM(k) FROM sbtest3 WHERE id BETWEEN 7515999 AND 7516098
	Aggregate  (cost=362.55..362.56 rows=1 width=8)
	  ->  Index Scan using sbtest3_pkey on sbtest3  (cost=0.43..362.32 rows=91 width=4)
	        Index Cond: ((id >= 7515999) AND (id <= 7516098))

table 4 : explain SELECT SUM(k) FROM sbtest4 WHERE id BETWEEN 6937584 AND 6937683
	Aggregate  (cost=374.05..374.06 rows=1 width=8)
	  ->  Index Scan using sbtest4_pkey on sbtest4  (cost=0.43..373.81 rows=94 width=4)
	        Index Cond: ((id >= 6937584) AND (id <= 6937683))

table 5 : explain SELECT SUM(k) FROM sbtest5 WHERE id BETWEEN 3031064 AND 3031163
	Aggregate  (cost=404.99..405.00 rows=1 width=8)
	  ->  Index Scan using sbtest5_pkey on sbtest5  (cost=0.43..404.74 rows=102 width=4)
	        Index Cond: ((id >= 3031064) AND (id <= 3031163))

table 6 : explain SELECT SUM(k) FROM sbtest6 WHERE id BETWEEN 9501818 AND 9501917
	Aggregate  (cost=457.05..457.06 rows=1 width=8)
	  ->  Index Scan using sbtest6_pkey on sbtest6  (cost=0.43..456.76 rows=115 width=4)
	        Index Cond: ((id >= 9501818) AND (id <= 9501917))

table 7 : explain SELECT SUM(k) FROM sbtest7 WHERE id BETWEEN 5619674 AND 5619773
	Aggregate  (cost=409.77..409.78 rows=1 width=8)
	  ->  Index Scan using sbtest7_pkey on sbtest7  (cost=0.43..409.51 rows=103 width=4)
	        Index Cond: ((id >= 5619674) AND (id <= 5619773))

table 8 : explain SELECT SUM(k) FROM sbtest8 WHERE id BETWEEN 8862046 AND 8862145
	Aggregate  (cost=402.12..402.13 rows=1 width=8)
	  ->  Index Scan using sbtest8_pkey on sbtest8  (cost=0.43..401.87 rows=101 width=4)
	        Index Cond: ((id >= 8862046) AND (id <= 8862145))

explain: for point_selects :: explain SELECT c FROM sbtest%u WHERE id=%u
for point_selects
table 1 : explain SELECT c FROM sbtest1 WHERE id=2741869
	Index Scan using sbtest1_pkey on sbtest1  (cost=0.43..8.45 rows=1 width=121)
	  Index Cond: (id = 2741869)

table 2 : explain SELECT c FROM sbtest2 WHERE id=8867055
	Index Scan using sbtest2_pkey on sbtest2  (cost=0.43..8.45 rows=1 width=121)
	  Index Cond: (id = 8867055)

table 3 : explain SELECT c FROM sbtest3 WHERE id=3169214
	Index Scan using sbtest3_pkey on sbtest3  (cost=0.43..8.45 rows=1 width=121)
	  Index Cond: (id = 3169214)

table 4 : explain SELECT c FROM sbtest4 WHERE id=5383970
	Index Scan using sbtest4_pkey on sbtest4  (cost=0.43..8.45 rows=1 width=121)
	  Index Cond: (id = 5383970)

table 5 : explain SELECT c FROM sbtest5 WHERE id=9557224
	Index Scan using sbtest5_pkey on sbtest5  (cost=0.43..8.45 rows=1 width=121)
	  Index Cond: (id = 9557224)

table 6 : explain SELECT c FROM sbtest6 WHERE id=3240452
	Index Scan using sbtest6_pkey on sbtest6  (cost=0.43..8.45 rows=1 width=121)
	  Index Cond: (id = 3240452)

table 7 : explain SELECT c FROM sbtest7 WHERE id=1488808
	Index Scan using sbtest7_pkey on sbtest7  (cost=0.43..8.45 rows=1 width=121)
	  Index Cond: (id = 1488808)

table 8 : explain SELECT c FROM sbtest8 WHERE id=173760
	Index Scan using sbtest8_pkey on sbtest8  (cost=0.43..8.45 rows=1 width=121)
	  Index Cond: (id = 173760)

for point_selects
table 1 : explain SELECT c FROM sbtest1 WHERE id=7903891
	Index Scan using sbtest1_pkey on sbtest1  (cost=0.43..8.45 rows=1 width=121)
	  Index Cond: (id = 7903891)

table 2 : explain SELECT c FROM sbtest2 WHERE id=2879081
	Index Scan using sbtest2_pkey on sbtest2  (cost=0.43..8.45 rows=1 width=121)
	  Index Cond: (id = 2879081)

table 3 : explain SELECT c FROM sbtest3 WHERE id=504951
	Index Scan using sbtest3_pkey on sbtest3  (cost=0.43..8.45 rows=1 width=121)
	  Index Cond: (id = 504951)

table 4 : explain SELECT c FROM sbtest4 WHERE id=8826544
	Index Scan using sbtest4_pkey on sbtest4  (cost=0.43..8.45 rows=1 width=121)
	  Index Cond: (id = 8826544)

table 5 : explain SELECT c FROM sbtest5 WHERE id=7055682
	Index Scan using sbtest5_pkey on sbtest5  (cost=0.43..8.45 rows=1 width=121)
	  Index Cond: (id = 7055682)

table 6 : explain SELECT c FROM sbtest6 WHERE id=9774551
	Index Scan using sbtest6_pkey on sbtest6  (cost=0.43..8.45 rows=1 width=121)
	  Index Cond: (id = 9774551)

table 7 : explain SELECT c FROM sbtest7 WHERE id=7942770
	Index Scan using sbtest7_pkey on sbtest7  (cost=0.43..8.45 rows=1 width=121)
	  Index Cond: (id = 7942770)

table 8 : explain SELECT c FROM sbtest8 WHERE id=8150575
	Index Scan using sbtest8_pkey on sbtest8  (cost=0.43..8.45 rows=1 width=121)
	  Index Cond: (id = 8150575)

for: distinct_ranges
table 1 : explain SELECT DISTINCT c FROM sbtest1 WHERE id BETWEEN 4187107 AND 4187206 ORDER BY c
	Unique  (cost=413.44..413.96 rows=103 width=121)
	  ->  Sort  (cost=413.44..413.70 rows=103 width=121)
	        Sort Key: c
	        ->  Index Scan using sbtest1_pkey on sbtest1  (cost=0.43..410.00 rows=103 width=121)
	              Index Cond: ((id >= 4187107) AND (id <= 4187206))

table 2 : explain SELECT DISTINCT c FROM sbtest2 WHERE id BETWEEN 5591432 AND 5591531 ORDER BY c
	Unique  (cost=386.38..386.86 rows=96 width=121)
	  ->  Sort  (cost=386.38..386.62 rows=96 width=121)
	        Sort Key: c
	        ->  Index Scan using sbtest2_pkey on sbtest2  (cost=0.43..383.22 rows=96 width=121)
	              Index Cond: ((id >= 5591432) AND (id <= 5591531))

table 3 : explain SELECT DISTINCT c FROM sbtest3 WHERE id BETWEEN 7973758 AND 7973857 ORDER BY c
	Unique  (cost=397.05..397.54 rows=99 width=121)
	  ->  Sort  (cost=397.05..397.30 rows=99 width=121)
	        Sort Key: c
	        ->  Index Scan using sbtest3_pkey on sbtest3  (cost=0.43..393.77 rows=99 width=121)
	              Index Cond: ((id >= 7973758) AND (id <= 7973857))

table 4 : explain SELECT DISTINCT c FROM sbtest4 WHERE id BETWEEN 1781702 AND 1781801 ORDER BY c
	Unique  (cost=428.48..429.02 rows=107 width=121)
	  ->  Sort  (cost=428.48..428.75 rows=107 width=121)
	        Sort Key: c
	        ->  Index Scan using sbtest4_pkey on sbtest4  (cost=0.43..424.88 rows=107 width=121)
	              Index Cond: ((id >= 1781702) AND (id <= 1781801))

table 5 : explain SELECT DISTINCT c FROM sbtest5 WHERE id BETWEEN 5533935 AND 5534034 ORDER BY c
	Unique  (cost=372.45..372.91 rows=93 width=121)
	  ->  Sort  (cost=372.45..372.68 rows=93 width=121)
	        Sort Key: c
	        ->  Index Scan using sbtest5_pkey on sbtest5  (cost=0.43..369.41 rows=93 width=121)
	              Index Cond: ((id >= 5533935) AND (id <= 5534034))

table 6 : explain SELECT DISTINCT c FROM sbtest6 WHERE id BETWEEN 2007764 AND 2007863 ORDER BY c
	Unique  (cost=424.94..425.47 rows=106 width=121)
	  ->  Sort  (cost=424.94..425.20 rows=106 width=121)
	        Sort Key: c
	        ->  Index Scan using sbtest6_pkey on sbtest6  (cost=0.43..421.37 rows=106 width=121)
	              Index Cond: ((id >= 2007764) AND (id <= 2007863))

table 7 : explain SELECT DISTINCT c FROM sbtest7 WHERE id BETWEEN 6942698 AND 6942797 ORDER BY c
	Unique  (cost=408.98..409.49 rows=102 width=121)
	  ->  Sort  (cost=408.98..409.24 rows=102 width=121)
	        Sort Key: c
	        ->  Index Scan using sbtest7_pkey on sbtest7  (cost=0.43..405.58 rows=102 width=121)
	              Index Cond: ((id >= 6942698) AND (id <= 6942797))

table 8 : explain SELECT DISTINCT c FROM sbtest8 WHERE id BETWEEN 2885630 AND 2885729 ORDER BY c
	Unique  (cost=433.05..433.59 rows=108 width=121)
	  ->  Sort  (cost=433.05..433.32 rows=108 width=121)
	        Sort Key: c
	        ->  Index Scan using sbtest8_pkey on sbtest8  (cost=0.43..429.40 rows=108 width=121)
	              Index Cond: ((id >= 2885630) AND (id <= 2885729))

for: sum_ranges
table 1 : explain SELECT SUM(k) FROM sbtest1 WHERE id BETWEEN 3160370 AND 3160469
	Aggregate  (cost=390.57..390.58 rows=1 width=8)
	  ->  Index Scan using sbtest1_pkey on sbtest1  (cost=0.43..390.32 rows=98 width=4)
	        Index Cond: ((id >= 3160370) AND (id <= 3160469))

table 2 : explain SELECT SUM(k) FROM sbtest2 WHERE id BETWEEN 7635870 AND 7635969
	Aggregate  (cost=407.16..407.17 rows=1 width=8)
	  ->  Index Scan using sbtest2_pkey on sbtest2  (cost=0.43..406.91 rows=102 width=4)
	        Index Cond: ((id >= 7635870) AND (id <= 7635969))

table 3 : explain SELECT SUM(k) FROM sbtest3 WHERE id BETWEEN 4427598 AND 4427697
	Aggregate  (cost=370.41..370.42 rows=1 width=8)
	  ->  Index Scan using sbtest3_pkey on sbtest3  (cost=0.43..370.18 rows=93 width=4)
	        Index Cond: ((id >= 4427598) AND (id <= 4427697))

table 4 : explain SELECT SUM(k) FROM sbtest4 WHERE id BETWEEN 2910304 AND 2910403
	Aggregate  (cost=409.42..409.43 rows=1 width=8)
	  ->  Index Scan using sbtest4_pkey on sbtest4  (cost=0.43..409.16 rows=103 width=4)
	        Index Cond: ((id >= 2910304) AND (id <= 2910403))

table 5 : explain SELECT SUM(k) FROM sbtest5 WHERE id BETWEEN 2410028 AND 2410127
	Aggregate  (cost=373.56..373.57 rows=1 width=8)
	  ->  Index Scan using sbtest5_pkey on sbtest5  (cost=0.43..373.33 rows=94 width=4)
	        Index Cond: ((id >= 2410028) AND (id <= 2410127))

table 6 : explain SELECT SUM(k) FROM sbtest6 WHERE id BETWEEN 5270859 AND 5270958
	Aggregate  (cost=401.97..401.98 rows=1 width=8)
	  ->  Index Scan using sbtest6_pkey on sbtest6  (cost=0.43..401.71 rows=101 width=4)
	        Index Cond: ((id >= 5270859) AND (id <= 5270958))

table 7 : explain SELECT SUM(k) FROM sbtest7 WHERE id BETWEEN 4831695 AND 4831794
	Aggregate  (cost=453.04..453.05 rows=1 width=8)
	  ->  Index Scan using sbtest7_pkey on sbtest7  (cost=0.43..452.76 rows=114 width=4)
	        Index Cond: ((id >= 4831695) AND (id <= 4831794))

table 8 : explain SELECT SUM(k) FROM sbtest8 WHERE id BETWEEN 3221431 AND 3221530
	Aggregate  (cost=413.93..413.94 rows=1 width=8)
	  ->  Index Scan using sbtest8_pkey on sbtest8  (cost=0.43..413.67 rows=104 width=4)
	        Index Cond: ((id >= 3221431) AND (id <= 3221530))

for: order_ranges
table 1 : explain SELECT c FROM sbtest1 WHERE id BETWEEN 5258977 AND 5259076 ORDER BY c
	Sort  (cost=405.49..405.74 rows=101 width=121)
	  Sort Key: c
	  ->  Index Scan using sbtest1_pkey on sbtest1  (cost=0.43..402.13 rows=101 width=121)
	        Index Cond: ((id >= 5258977) AND (id <= 5259076))

table 2 : explain SELECT c FROM sbtest2 WHERE id BETWEEN 5040608 AND 5040707 ORDER BY c
	Sort  (cost=402.34..402.59 rows=100 width=121)
	  Sort Key: c
	  ->  Index Scan using sbtest2_pkey on sbtest2  (cost=0.43..399.02 rows=100 width=121)
	        Index Cond: ((id >= 5040608) AND (id <= 5040707))

table 3 : explain SELECT c FROM sbtest3 WHERE id BETWEEN 1826979 AND 1827078 ORDER BY c
	Sort  (cost=412.94..413.19 rows=103 width=121)
	  Sort Key: c
	  ->  Index Scan using sbtest3_pkey on sbtest3  (cost=0.43..409.49 rows=103 width=121)
	        Index Cond: ((id >= 1826979) AND (id <= 1827078))

table 4 : explain SELECT c FROM sbtest4 WHERE id BETWEEN 2650384 AND 2650483 ORDER BY c
	Sort  (cost=404.67..404.92 rows=101 width=121)
	  Sort Key: c
	  ->  Index Scan using sbtest4_pkey on sbtest4  (cost=0.43..401.31 rows=101 width=121)
	        Index Cond: ((id >= 2650384) AND (id <= 2650483))

table 5 : explain SELECT c FROM sbtest5 WHERE id BETWEEN 4606117 AND 4606216 ORDER BY c
	Sort  (cost=372.45..372.68 rows=93 width=121)
	  Sort Key: c
	  ->  Index Scan using sbtest5_pkey on sbtest5  (cost=0.43..369.41 rows=93 width=121)
	        Index Cond: ((id >= 4606117) AND (id <= 4606216))

table 6 : explain SELECT c FROM sbtest6 WHERE id BETWEEN 3314269 AND 3314368 ORDER BY c
	Sort  (cost=413.02..413.28 rows=103 width=121)
	  Sort Key: c
	  ->  Index Scan using sbtest6_pkey on sbtest6  (cost=0.43..409.58 rows=103 width=121)
	        Index Cond: ((id >= 3314269) AND (id <= 3314368))

table 7 : explain SELECT c FROM sbtest7 WHERE id BETWEEN 2088304 AND 2088403 ORDER BY c
	Sort  (cost=373.24..373.47 rows=93 width=121)
	  Sort Key: c
	  ->  Index Scan using sbtest7_pkey on sbtest7  (cost=0.43..370.20 rows=93 width=121)
	        Index Cond: ((id >= 2088304) AND (id <= 2088403))

table 8 : explain SELECT c FROM sbtest8 WHERE id BETWEEN 7230381 AND 7230480 ORDER BY c
	Sort  (cost=452.92..453.21 rows=113 width=121)
	  Sort Key: c
	  ->  Index Scan using sbtest8_pkey on sbtest8  (cost=0.43..449.07 rows=113 width=121)
	        Index Cond: ((id >= 7230381) AND (id <= 7230480))

for: distinct_ranges
table 1 : explain SELECT DISTINCT c FROM sbtest1 WHERE id BETWEEN 9734911 AND 9735010 ORDER BY c
	Unique  (cost=429.35..429.89 rows=107 width=121)
	  ->  Sort  (cost=429.35..429.62 rows=107 width=121)
	        Sort Key: c
	        ->  Index Scan using sbtest1_pkey on sbtest1  (cost=0.43..425.75 rows=107 width=121)
	              Index Cond: ((id >= 9734911) AND (id <= 9735010))

table 2 : explain SELECT DISTINCT c FROM sbtest2 WHERE id BETWEEN 6689441 AND 6689540 ORDER BY c
	Unique  (cost=382.40..382.87 rows=95 width=121)
	  ->  Sort  (cost=382.40..382.63 rows=95 width=121)
	        Sort Key: c
	        ->  Index Scan using sbtest2_pkey on sbtest2  (cost=0.43..379.28 rows=95 width=121)
	              Index Cond: ((id >= 6689441) AND (id <= 6689540))

table 3 : explain SELECT DISTINCT c FROM sbtest3 WHERE id BETWEEN 6384731 AND 6384830 ORDER BY c
	Unique  (cost=389.11..389.59 rows=97 width=121)
	  ->  Sort  (cost=389.11..389.35 rows=97 width=121)
	        Sort Key: c
	        ->  Index Scan using sbtest3_pkey on sbtest3  (cost=0.43..385.91 rows=97 width=121)
	              Index Cond: ((id >= 6384731) AND (id <= 6384830))

table 4 : explain SELECT DISTINCT c FROM sbtest4 WHERE id BETWEEN 2588795 AND 2588894 ORDER BY c
	Unique  (cost=444.36..444.91 rows=111 width=121)
	  ->  Sort  (cost=444.36..444.64 rows=111 width=121)
	        Sort Key: c
	        ->  Index Scan using sbtest4_pkey on sbtest4  (cost=0.43..440.59 rows=111 width=121)
	              Index Cond: ((id >= 2588795) AND (id <= 2588894))

table 5 : explain SELECT DISTINCT c FROM sbtest5 WHERE id BETWEEN 2544724 AND 2544823 ORDER BY c
	Unique  (cost=404.18..404.68 rows=101 width=121)
	  ->  Sort  (cost=404.18..404.43 rows=101 width=121)
	        Sort Key: c
	        ->  Index Scan using sbtest5_pkey on sbtest5  (cost=0.43..400.81 rows=101 width=121)
	              Index Cond: ((id >= 2544724) AND (id <= 2544823))

table 6 : explain SELECT DISTINCT c FROM sbtest6 WHERE id BETWEEN 5638200 AND 5638299 ORDER BY c
	Unique  (cost=381.24..381.72 rows=95 width=121)
	  ->  Sort  (cost=381.24..381.48 rows=95 width=121)
	        Sort Key: c
	        ->  Index Scan using sbtest6_pkey on sbtest6  (cost=0.43..378.12 rows=95 width=121)
	              Index Cond: ((id >= 5638200) AND (id <= 5638299))

table 7 : explain SELECT DISTINCT c FROM sbtest7 WHERE id BETWEEN 4235703 AND 4235802 ORDER BY c
	Unique  (cost=428.84..429.38 rows=107 width=121)
	  ->  Sort  (cost=428.84..429.11 rows=107 width=121)
	        Sort Key: c
	        ->  Index Scan using sbtest7_pkey on sbtest7  (cost=0.43..425.24 rows=107 width=121)
	              Index Cond: ((id >= 4235703) AND (id <= 4235802))

table 8 : explain SELECT DISTINCT c FROM sbtest8 WHERE id BETWEEN 734527 AND 734626 ORDER BY c
	Unique  (cost=377.39..377.86 rows=94 width=121)
	  ->  Sort  (cost=377.39..377.63 rows=94 width=121)
	        Sort Key: c
	        ->  Index Scan using sbtest8_pkey on sbtest8  (cost=0.43..374.31 rows=94 width=121)
	              Index Cond: ((id >= 734527) AND (id <= 734626))

for: order_ranges
table 1 : explain SELECT c FROM sbtest1 WHERE id BETWEEN 4696552 AND 4696651 ORDER BY c
	Sort  (cost=397.54..397.79 rows=99 width=121)
	  Sort Key: c
	  ->  Index Scan using sbtest1_pkey on sbtest1  (cost=0.43..394.26 rows=99 width=121)
	        Index Cond: ((id >= 4696552) AND (id <= 4696651))

table 2 : explain SELECT c FROM sbtest2 WHERE id BETWEEN 5072215 AND 5072314 ORDER BY c
	Sort  (cost=402.34..402.59 rows=100 width=121)
	  Sort Key: c
	  ->  Index Scan using sbtest2_pkey on sbtest2  (cost=0.43..399.02 rows=100 width=121)
	        Index Cond: ((id >= 5072215) AND (id <= 5072314))

table 3 : explain SELECT c FROM sbtest3 WHERE id BETWEEN 6774187 AND 6774286 ORDER BY c
	Sort  (cost=436.77..437.04 rows=109 width=121)
	  Sort Key: c
	  ->  Index Scan using sbtest3_pkey on sbtest3  (cost=0.43..433.08 rows=109 width=121)
	        Index Cond: ((id >= 6774187) AND (id <= 6774286))

table 4 : explain SELECT c FROM sbtest4 WHERE id BETWEEN 8362532 AND 8362631 ORDER BY c
	Sort  (cost=388.80..389.04 rows=97 width=121)
	  Sort Key: c
	  ->  Index Scan using sbtest4_pkey on sbtest4  (cost=0.43..385.60 rows=97 width=121)
	        Index Cond: ((id >= 8362532) AND (id <= 8362631))

table 5 : explain SELECT c FROM sbtest5 WHERE id BETWEEN 8258423 AND 8258522 ORDER BY c
	Sort  (cost=416.07..416.33 rows=104 width=121)
	  Sort Key: c
	  ->  Index Scan using sbtest5_pkey on sbtest5  (cost=0.43..412.58 rows=104 width=121)
	        Index Cond: ((id >= 8258423) AND (id <= 8258522))

table 6 : explain SELECT c FROM sbtest6 WHERE id BETWEEN 8957130 AND 8957229 ORDER BY c
	Sort  (cost=420.97..421.23 rows=105 width=121)
	  Sort Key: c
	  ->  Index Scan using sbtest6_pkey on sbtest6  (cost=0.43..417.44 rows=105 width=121)
	        Index Cond: ((id >= 8957130) AND (id <= 8957229))

table 7 : explain SELECT c FROM sbtest7 WHERE id BETWEEN 6400897 AND 6400996 ORDER BY c
	Sort  (cost=373.24..373.47 rows=93 width=121)
	  Sort Key: c
	  ->  Index Scan using sbtest7_pkey on sbtest7  (cost=0.43..370.20 rows=93 width=121)
	        Index Cond: ((id >= 6400897) AND (id <= 6400996))

table 8 : explain SELECT c FROM sbtest8 WHERE id BETWEEN 728201 AND 728300 ORDER BY c
	Sort  (cost=377.39..377.63 rows=94 width=121)
	  Sort Key: c
	  ->  Index Scan using sbtest8_pkey on sbtest8  (cost=0.43..374.31 rows=94 width=121)
	        Index Cond: ((id >= 728201) AND (id <= 728300))

explain: for point_selects :: explain SELECT c FROM sbtest%u WHERE id=%u
for: sum_ranges
table 1 : explain SELECT SUM(k) FROM sbtest1 WHERE id BETWEEN 1154144 AND 1154243
	Aggregate  (cost=378.73..378.74 rows=1 width=8)
	  ->  Index Scan using sbtest1_pkey on sbtest1  (cost=0.43..378.49 rows=95 width=4)
	        Index Cond: ((id >= 1154144) AND (id <= 1154243))

table 2 : explain SELECT SUM(k) FROM sbtest2 WHERE id BETWEEN 7440991 AND 7441090
	Aggregate  (cost=363.73..363.74 rows=1 width=8)
	  ->  Index Scan using sbtest2_pkey on sbtest2  (cost=0.43..363.50 rows=91 width=4)
	        Index Cond: ((id >= 7440991) AND (id <= 7441090))

table 3 : explain SELECT SUM(k) FROM sbtest3 WHERE id BETWEEN 2454298 AND 2454397
	Aggregate  (cost=374.35..374.36 rows=1 width=8)
	  ->  Index Scan using sbtest3_pkey on sbtest3  (cost=0.43..374.11 rows=94 width=4)
	        Index Cond: ((id >= 2454298) AND (id <= 2454397))

table 4 : explain SELECT SUM(k) FROM sbtest4 WHERE id BETWEEN 7736757 AND 7736856
	Aggregate  (cost=417.28..417.29 rows=1 width=8)
	  ->  Index Scan using sbtest4_pkey on sbtest4  (cost=0.43..417.02 rows=105 width=4)
	        Index Cond: ((id >= 7736757) AND (id <= 7736856))

table 5 : explain SELECT SUM(k) FROM sbtest5 WHERE id BETWEEN 266766 AND 266865
	Aggregate  (cost=401.07..401.08 rows=1 width=8)
	  ->  Index Scan using sbtest5_pkey on sbtest5  (cost=0.43..400.81 rows=101 width=4)
	        Index Cond: ((id >= 266766) AND (id <= 266865))

table 6 : explain SELECT SUM(k) FROM sbtest6 WHERE id BETWEEN 7358788 AND 7358887
	Aggregate  (cost=401.97..401.98 rows=1 width=8)
	  ->  Index Scan using sbtest6_pkey on sbtest6  (cost=0.43..401.71 rows=101 width=4)
	        Index Cond: ((id >= 7358788) AND (id <= 7358887))

table 7 : explain SELECT SUM(k) FROM sbtest7 WHERE id BETWEEN 4180513 AND 4180612
	Aggregate  (cost=366.50..366.51 rows=1 width=8)
	  ->  Index Scan using sbtest7_pkey on sbtest7  (cost=0.43..366.27 rows=92 width=4)
	        Index Cond: ((id >= 4180513) AND (id <= 4180612))

table 8 : explain SELECT SUM(k) FROM sbtest8 WHERE id BETWEEN 1391476 AND 1391575
	Aggregate  (cost=417.86..417.87 rows=1 width=8)
	  ->  Index Scan using sbtest8_pkey on sbtest8  (cost=0.43..417.60 rows=105 width=4)
	        Index Cond: ((id >= 1391476) AND (id <= 1391575))
for: order_ranges
table 1 : explain SELECT c FROM sbtest1 WHERE id BETWEEN 6173969 AND 6174068 ORDER BY c
	Sort  (cost=377.64..377.87 rows=94 width=121)
	  Sort Key: c
	  ->  Index Scan using sbtest1_pkey on sbtest1  (cost=0.43..374.55 rows=94 width=121)
	        Index Cond: ((id >= 6173969) AND (id <= 6174068))

table 2 : explain SELECT c FROM sbtest2 WHERE id BETWEEN 8234613 AND 8234712 ORDER BY c
	Sort  (cost=406.32..406.58 rows=101 width=121)
	  Sort Key: c
	  ->  Index Scan using sbtest2_pkey on sbtest2  (cost=0.43..402.96 rows=101 width=121)
	        Index Cond: ((id >= 8234613) AND (id <= 8234712))

table 3 : explain SELECT c FROM sbtest3 WHERE id BETWEEN 3309714 AND 3309813 ORDER BY c
	Sort  (cost=412.94..413.19 rows=103 width=121)
	  Sort Key: c
	  ->  Index Scan using sbtest3_pkey on sbtest3  (cost=0.43..409.49 rows=103 width=121)
	        Index Cond: ((id >= 3309714) AND (id <= 3309813))

table 4 : explain SELECT c FROM sbtest4 WHERE id BETWEEN 1902497 AND 1902596 ORDER BY c
	Sort  (cost=384.83..385.07 rows=96 width=121)
	  Sort Key: c
	  ->  Index Scan using sbtest4_pkey on sbtest4  (cost=0.43..381.67 rows=96 width=121)
	        Index Cond: ((id >= 1902497) AND (id <= 1902596))

table 5 : explain SELECT c FROM sbtest5 WHERE id BETWEEN 8401848 AND 8401947 ORDER BY c
	Sort  (cost=423.99..424.26 rows=106 width=121)
	  Sort Key: c
	  ->  Index Scan using sbtest5_pkey on sbtest5  (cost=0.43..420.43 rows=106 width=121)
	        Index Cond: ((id >= 8401848) AND (id <= 8401947))

table 6 : explain SELECT c FROM sbtest6 WHERE id BETWEEN 928581 AND 928680 ORDER BY c
	Sort  (cost=405.08..405.33 rows=101 width=121)
	  Sort Key: c
	  ->  Index Scan using sbtest6_pkey on sbtest6  (cost=0.43..401.71 rows=101 width=121)
	        Index Cond: ((id >= 928581) AND (id <= 928680))

table 7 : explain SELECT c FROM sbtest7 WHERE id BETWEEN 5048981 AND 5049080 ORDER BY c
	Sort  (cost=397.07..397.32 rows=99 width=121)
	  Sort Key: c
	  ->  Index Scan using sbtest7_pkey on sbtest7  (cost=0.43..393.79 rows=99 width=121)
	        Index Cond: ((id >= 5048981) AND (id <= 5049080))

table 8 : explain SELECT c FROM sbtest8 WHERE id BETWEEN 8827711 AND 8827810 ORDER BY c
	Sort  (cost=405.23..405.48 rows=101 width=121)
	  Sort Key: c
	  ->  Index Scan using sbtest8_pkey on sbtest8  (cost=0.43..401.87 rows=101 width=121)
	        Index Cond: ((id >= 8827711) AND (id <= 8827810))


for point_selects
table 1 : explain SELECT c FROM sbtest1 WHERE id=5498758
	Index Scan using sbtest1_pkey on sbtest1  (cost=0.43..8.45 rows=1 width=121)
	  Index Cond: (id = 5498758)

table 2 : explain SELECT c FROM sbtest2 WHERE id=3433338
	Index Scan using sbtest2_pkey on sbtest2  (cost=0.43..8.45 rows=1 width=121)
	  Index Cond: (id = 3433338)

table 3 : explain SELECT c FROM sbtest3 WHERE id=2710562
	Index Scan using sbtest3_pkey on sbtest3  (cost=0.43..8.45 rows=1 width=121)
	  Index Cond: (id = 2710562)

table 4 : explain SELECT c FROM sbtest4 WHERE id=9431882
	Index Scan using sbtest4_pkey on sbtest4  (cost=0.43..8.45 rows=1 width=121)
	  Index Cond: (id = 9431882)

table 5 : explain SELECT c FROM sbtest5 WHERE id=5859101
	Index Scan using sbtest5_pkey on sbtest5  (cost=0.43..8.45 rows=1 width=121)
	  Index Cond: (id = 5859101)

table 6 : explain SELECT c FROM sbtest6 WHERE id=1970127
	Index Scan using sbtest6_pkey on sbtest6  (cost=0.43..8.45 rows=1 width=121)
	  Index Cond: (id = 1970127)

table 7 : explain SELECT c FROM sbtest7 WHERE id=2508775
	Index Scan using sbtest7_pkey on sbtest7  (cost=0.43..8.45 rows=1 width=121)
	  Index Cond: (id = 2508775)

table 8 : explain SELECT c FROM sbtest8 WHERE id=3618717
	Index Scan using sbtest8_pkey on sbtest8  (cost=0.43..8.45 rows=1 width=121)
	  Index Cond: (id = 3618717)

for: sum_ranges
table 1 : explain SELECT SUM(k) FROM sbtest1 WHERE id BETWEEN 729403 AND 729502
	Aggregate  (cost=390.57..390.58 rows=1 width=8)
	  ->  Index Scan using sbtest1_pkey on sbtest1  (cost=0.43..390.32 rows=98 width=4)
	        Index Cond: ((id >= 729403) AND (id <= 729502))

table 2 : explain SELECT SUM(k) FROM sbtest2 WHERE id BETWEEN 4241352 AND 4241451
	Aggregate  (cost=403.21..403.22 rows=1 width=8)
	  ->  Index Scan using sbtest2_pkey on sbtest2  (cost=0.43..402.96 rows=101 width=4)
	        Index Cond: ((id >= 4241352) AND (id <= 4241451))

table 3 : explain SELECT SUM(k) FROM sbtest3 WHERE id BETWEEN 5940510 AND 5940609
	Aggregate  (cost=409.75..409.76 rows=1 width=8)
	  ->  Index Scan using sbtest3_pkey on sbtest3  (cost=0.43..409.49 rows=103 width=4)
	        Index Cond: ((id >= 5940510) AND (id <= 5940609))

table 4 : explain SELECT SUM(k) FROM sbtest4 WHERE id BETWEEN 4718113 AND 4718212
	Aggregate  (cost=358.30..358.31 rows=1 width=8)
	  ->  Index Scan using sbtest4_pkey on sbtest4  (cost=0.43..358.08 rows=90 width=4)
	        Index Cond: ((id >= 4718113) AND (id <= 4718212))

table 5 : explain SELECT SUM(k) FROM sbtest5 WHERE id BETWEEN 6860532 AND 6860631
	Aggregate  (cost=385.36..385.37 rows=1 width=8)
	  ->  Index Scan using sbtest5_pkey on sbtest5  (cost=0.43..385.12 rows=97 width=4)
	        Index Cond: ((id >= 6860532) AND (id <= 6860631))

table 6 : explain SELECT SUM(k) FROM sbtest6 WHERE id BETWEEN 9310975 AND 9311074
	Aggregate  (cost=413.77..413.78 rows=1 width=8)
	  ->  Index Scan using sbtest6_pkey on sbtest6  (cost=0.43..413.51 rows=104 width=4)
	        Index Cond: ((id >= 9310975) AND (id <= 9311074))

table 7 : explain SELECT SUM(k) FROM sbtest7 WHERE id BETWEEN 5364572 AND 5364671
	Aggregate  (cost=370.43..370.44 rows=1 width=8)
	  ->  Index Scan using sbtest7_pkey on sbtest7  (cost=0.43..370.20 rows=93 width=4)
	        Index Cond: ((id >= 5364572) AND (id <= 5364671))

table 8 : explain SELECT SUM(k) FROM sbtest8 WHERE id BETWEEN 3700844 AND 3700943
	Aggregate  (cost=362.74..362.75 rows=1 width=8)
	  ->  Index Scan using sbtest8_pkey on sbtest8  (cost=0.43..362.51 rows=91 width=4)
	        Index Cond: ((id >= 3700844) AND (id <= 3700943))

for: simple_ranges
table 1 : explain SELECT c FROM sbtest1 WHERE id BETWEEN 8987845 AND 8987944
	Index Scan using sbtest1_pkey on sbtest1  (cost=0.43..394.26 rows=99 width=121)
	  Index Cond: ((id >= 8987845) AND (id <= 8987944))

table 2 : explain SELECT c FROM sbtest2 WHERE id BETWEEN 9487200 AND 9487299
	Index Scan using sbtest2_pkey on sbtest2  (cost=0.43..418.74 rows=105 width=121)
	  Index Cond: ((id >= 9487200) AND (id <= 9487299))

table 3 : explain SELECT c FROM sbtest3 WHERE id BETWEEN 6894365 AND 6894464
	Index Scan using sbtest3_pkey on sbtest3  (cost=0.43..385.91 rows=97 width=121)
	  Index Cond: ((id >= 6894365) AND (id <= 6894464))

table 4 : explain SELECT c FROM sbtest4 WHERE id BETWEEN 2954327 AND 2954426
	Index Scan using sbtest4_pkey on sbtest4  (cost=0.43..409.16 rows=103 width=121)
	  Index Cond: ((id >= 2954327) AND (id <= 2954426))

table 5 : explain SELECT c FROM sbtest5 WHERE id BETWEEN 6827446 AND 6827545
	Index Scan using sbtest5_pkey on sbtest5  (cost=0.43..385.12 rows=97 width=121)
	  Index Cond: ((id >= 6827446) AND (id <= 6827545))

table 6 : explain SELECT c FROM sbtest6 WHERE id BETWEEN 8055906 AND 8056005
	Index Scan using sbtest6_pkey on sbtest6  (cost=0.43..425.30 rows=107 width=121)
	  Index Cond: ((id >= 8055906) AND (id <= 8056005))

table 7 : explain SELECT c FROM sbtest7 WHERE id BETWEEN 8671383 AND 8671482
	Index Scan using sbtest7_pkey on sbtest7  (cost=0.43..358.41 rows=90 width=121)
	  Index Cond: ((id >= 8671383) AND (id <= 8671482))

table 8 : explain SELECT c FROM sbtest8 WHERE id BETWEEN 886124 AND 886223
	Index Scan using sbtest8_pkey on sbtest8  (cost=0.43..374.31 rows=94 width=121)
	  Index Cond: ((id >= 886124) AND (id <= 886223))

for: order_ranges
table 1 : explain SELECT c FROM sbtest1 WHERE id BETWEEN 7175662 AND 7175761 ORDER BY c
	Sort  (cost=433.33..433.60 rows=108 width=121)
	  Sort Key: c
	  ->  Index Scan using sbtest1_pkey on sbtest1  (cost=0.43..429.68 rows=108 width=121)
	        Index Cond: ((id >= 7175662) AND (id <= 7175761))

table 2 : explain SELECT c FROM sbtest2 WHERE id BETWEEN 4372519 AND 4372618 ORDER BY c
	Sort  (cost=394.37..394.61 rows=98 width=121)
	  Sort Key: c
	  ->  Index Scan using sbtest2_pkey on sbtest2  (cost=0.43..391.13 rows=98 width=121)
	        Index Cond: ((id >= 4372519) AND (id <= 4372618))

table 3 : explain SELECT c FROM sbtest3 WHERE id BETWEEN 389365 AND 389464 ORDER BY c
	Sort  (cost=381.16..381.40 rows=95 width=121)
	  Sort Key: c
	  ->  Index Scan using sbtest3_pkey on sbtest3  (cost=0.43..378.04 rows=95 width=121)
	        Index Cond: ((id >= 389365) AND (id <= 389464))

table 4 : explain SELECT c FROM sbtest4 WHERE id BETWEEN 7690751 AND 7690850 ORDER BY c
	Sort  (cost=420.54..420.81 rows=105 width=121)
	  Sort Key: c
	  ->  Index Scan using sbtest4_pkey on sbtest4  (cost=0.43..417.02 rows=105 width=121)
	        Index Cond: ((id >= 7690751) AND (id <= 7690850))

table 5 : explain SELECT c FROM sbtest5 WHERE id BETWEEN 9548563 AND 9548662 ORDER BY c
	Sort  (cost=416.07..416.33 rows=104 width=121)
	  Sort Key: c
	  ->  Index Scan using sbtest5_pkey on sbtest5  (cost=0.43..412.58 rows=104 width=121)
	        Index Cond: ((id >= 9548563) AND (id <= 9548662))

table 6 : explain SELECT c FROM sbtest6 WHERE id BETWEEN 5025585 AND 5025684 ORDER BY c
	Sort  (cost=381.24..381.48 rows=95 width=121)
	  Sort Key: c
	  ->  Index Scan using sbtest6_pkey on sbtest6  (cost=0.43..378.12 rows=95 width=121)
	        Index Cond: ((id >= 5025585) AND (id <= 5025684))

table 7 : explain SELECT c FROM sbtest7 WHERE id BETWEEN 1544667 AND 1544766 ORDER BY c
	Sort  (cost=448.71..448.99 rows=112 width=121)
	  Sort Key: c
	  ->  Index Scan using sbtest7_pkey on sbtest7  (cost=0.43..444.89 rows=112 width=121)
	        Index Cond: ((id >= 1544667) AND (id <= 1544766))

table 8 : explain SELECT c FROM sbtest8 WHERE id BETWEEN 1976484 AND 1976583 ORDER BY c
	Sort  (cost=381.37..381.60 rows=95 width=121)
	  Sort Key: c
	  ->  Index Scan using sbtest8_pkey on sbtest8  (cost=0.43..378.25 rows=95 width=121)
	        Index Cond: ((id >= 1976484) AND (id <= 1976583))

for: order_ranges
table 1 : explain SELECT c FROM sbtest1 WHERE id BETWEEN 8619834 AND 8619933 ORDER BY c
	Sort  (cost=393.56..393.81 rows=98 width=121)
	  Sort Key: c
	  ->  Index Scan using sbtest1_pkey on sbtest1  (cost=0.43..390.32 rows=98 width=121)
	        Index Cond: ((id >= 8619834) AND (id <= 8619933))

table 2 : explain SELECT c FROM sbtest2 WHERE id BETWEEN 5877814 AND 5877913 ORDER BY c
	Sort  (cost=362.47..362.70 rows=90 width=121)
	  Sort Key: c
	  ->  Index Scan using sbtest2_pkey on sbtest2  (cost=0.43..359.55 rows=90 width=121)
	        Index Cond: ((id >= 5877814) AND (id <= 5877913))

table 3 : explain SELECT c FROM sbtest3 WHERE id BETWEEN 3466460 AND 3466559 ORDER BY c
	Sort  (cost=416.91..417.17 rows=104 width=121)
	  Sort Key: c
	  ->  Index Scan using sbtest3_pkey on sbtest3  (cost=0.43..413.42 rows=104 width=121)
	        Index Cond: ((id >= 3466460) AND (id <= 3466559))

table 4 : explain SELECT c FROM sbtest4 WHERE id BETWEEN 1208966 AND 1209065 ORDER BY c
	Sort  (cost=396.73..396.98 rows=99 width=121)
	  Sort Key: c
	  ->  Index Scan using sbtest4_pkey on sbtest4  (cost=0.43..393.45 rows=99 width=121)
	        Index Cond: ((id >= 1208966) AND (id <= 1209065))

table 5 : explain SELECT c FROM sbtest5 WHERE id BETWEEN 9655183 AND 9655282 ORDER BY c
	Sort  (cost=380.37..380.61 rows=95 width=121)
	  Sort Key: c
	  ->  Index Scan using sbtest5_pkey on sbtest5  (cost=0.43..377.25 rows=95 width=121)
	        Index Cond: ((id >= 9655183) AND (id <= 9655282))

table 6 : explain SELECT c FROM sbtest6 WHERE id BETWEEN 5834399 AND 5834498 ORDER BY c
	Sort  (cost=401.10..401.35 rows=100 width=121)
	  Sort Key: c
	  ->  Index Scan using sbtest6_pkey on sbtest6  (cost=0.43..397.78 rows=100 width=121)
	        Index Cond: ((id >= 5834399) AND (id <= 5834498))

table 7 : explain SELECT c FROM sbtest7 WHERE id BETWEEN 89046 AND 89145 ORDER BY c
	Sort  (cost=432.82..433.09 rows=108 width=121)
	  Sort Key: c
	  ->  Index Scan using sbtest7_pkey on sbtest7  (cost=0.43..429.17 rows=108 width=121)
	        Index Cond: ((id >= 89046) AND (id <= 89145))

table 8 : explain SELECT c FROM sbtest8 WHERE id BETWEEN 7564440 AND 7564539 ORDER BY c
	Sort  (cost=413.18..413.44 rows=103 width=121)
	  Sort Key: c
	  ->  Index Scan using sbtest8_pkey on sbtest8  (cost=0.43..409.74 rows=103 width=121)
	        Index Cond: ((id >= 7564440) AND (id <= 7564539))

for: simple_ranges
table 1 : explain SELECT c FROM sbtest1 WHERE id BETWEEN 6612738 AND 6612837
	Index Scan using sbtest1_pkey on sbtest1  (cost=0.43..425.75 rows=107 width=121)
	  Index Cond: ((id >= 6612738) AND (id <= 6612837))

table 2 : explain SELECT c FROM sbtest2 WHERE id BETWEEN 1261424 AND 1261523
	Index Scan using sbtest2_pkey on sbtest2  (cost=0.43..387.16 rows=97 width=121)
	  Index Cond: ((id >= 1261424) AND (id <= 1261523))

table 3 : explain SELECT c FROM sbtest3 WHERE id BETWEEN 3931687 AND 3931786
	Index Scan using sbtest3_pkey on sbtest3  (cost=0.43..401.63 rows=101 width=121)
	  Index Cond: ((id >= 3931687) AND (id <= 3931786))

table 4 : explain SELECT c FROM sbtest4 WHERE id BETWEEN 3743036 AND 3743135
	Index Scan using sbtest4_pkey on sbtest4  (cost=0.43..381.67 rows=96 width=121)
	  Index Cond: ((id >= 3743036) AND (id <= 3743135))

table 5 : explain SELECT c FROM sbtest5 WHERE id BETWEEN 9338444 AND 9338543
	Index Scan using sbtest5_pkey on sbtest5  (cost=0.43..396.89 rows=100 width=121)
	  Index Cond: ((id >= 9338444) AND (id <= 9338543))

table 6 : explain SELECT c FROM sbtest6 WHERE id BETWEEN 7996811 AND 7996910
	Index Scan using sbtest6_pkey on sbtest6  (cost=0.43..401.71 rows=101 width=121)
	  Index Cond: ((id >= 7996811) AND (id <= 7996910))

table 7 : explain SELECT c FROM sbtest7 WHERE id BETWEEN 3291083 AND 3291182
	Index Scan using sbtest7_pkey on sbtest7  (cost=0.43..417.37 rows=105 width=121)
	  Index Cond: ((id >= 3291083) AND (id <= 3291182))

table 8 : explain SELECT c FROM sbtest8 WHERE id BETWEEN 9500070 AND 9500169
	Index Scan using sbtest8_pkey on sbtest8  (cost=0.43..366.45 rows=92 width=121)
	  Index Cond: ((id >= 9500070) AND (id <= 9500169))

for: simple_ranges
table 1 : explain SELECT c FROM sbtest1 WHERE id BETWEEN 4547837 AND 4547936
	Index Scan using sbtest1_pkey on sbtest1  (cost=0.43..382.43 rows=96 width=121)
	  Index Cond: ((id >= 4547837) AND (id <= 4547936))

table 2 : explain SELECT c FROM sbtest2 WHERE id BETWEEN 6627250 AND 6627349
	Index Scan using sbtest2_pkey on sbtest2  (cost=0.43..379.28 rows=95 width=121)
	  Index Cond: ((id >= 6627250) AND (id <= 6627349))

table 3 : explain SELECT c FROM sbtest3 WHERE id BETWEEN 7417858 AND 7417957
	Index Scan using sbtest3_pkey on sbtest3  (cost=0.43..378.04 rows=95 width=121)
	  Index Cond: ((id >= 7417858) AND (id <= 7417957))

table 4 : explain SELECT c FROM sbtest4 WHERE id BETWEEN 1881952 AND 1882051
	Index Scan using sbtest4_pkey on sbtest4  (cost=0.43..381.67 rows=96 width=121)
	  Index Cond: ((id >= 1881952) AND (id <= 1882051))

table 5 : explain SELECT c FROM sbtest5 WHERE id BETWEEN 6951128 AND 6951227
	Index Scan using sbtest5_pkey on sbtest5  (cost=0.43..440.04 rows=111 width=121)
	  Index Cond: ((id >= 6951128) AND (id <= 6951227))

table 6 : explain SELECT c FROM sbtest6 WHERE id BETWEEN 6514242 AND 6514341
	Index Scan using sbtest6_pkey on sbtest6  (cost=0.43..409.58 rows=103 width=121)
	  Index Cond: ((id >= 6514242) AND (id <= 6514341))

table 7 : explain SELECT c FROM sbtest7 WHERE id BETWEEN 7676666 AND 7676765
	Index Scan using sbtest7_pkey on sbtest7  (cost=0.43..362.34 rows=91 width=121)
	  Index Cond: ((id >= 7676666) AND (id <= 7676765))

table 8 : explain SELECT c FROM sbtest8 WHERE id BETWEEN 1688651 AND 1688750
	Index Scan using sbtest8_pkey on sbtest8  (cost=0.43..374.31 rows=94 width=121)
	  Index Cond: ((id >= 1688651) AND (id <= 1688750))

for: distinct_ranges
table 1 : explain SELECT DISTINCT c FROM sbtest1 WHERE id BETWEEN 1328417 AND 1328516 ORDER BY c
	Unique  (cost=385.61..386.09 rows=96 width=121)
	  ->  Sort  (cost=385.61..385.85 rows=96 width=121)
	        Sort Key: c
	        ->  Index Scan using sbtest1_pkey on sbtest1  (cost=0.43..382.45 rows=96 width=121)
	              Index Cond: ((id >= 1328417) AND (id <= 1328516))

table 2 : explain SELECT DISTINCT c FROM sbtest2 WHERE id BETWEEN 4056958 AND 4057057 ORDER BY c
	Unique  (cost=410.31..410.82 rows=102 width=121)
	  ->  Sort  (cost=410.31..410.56 rows=102 width=121)
	        Sort Key: c
	        ->  Index Scan using sbtest2_pkey on sbtest2  (cost=0.43..406.91 rows=102 width=121)
	              Index Cond: ((id >= 4056958) AND (id <= 4057057))

table 3 : explain SELECT DISTINCT c FROM sbtest3 WHERE id BETWEEN 5990265 AND 5990364 ORDER BY c
	Unique  (cost=412.94..413.45 rows=103 width=121)
	  ->  Sort  (cost=412.94..413.19 rows=103 width=121)
	        Sort Key: c
	        ->  Index Scan using sbtest3_pkey on sbtest3  (cost=0.43..409.49 rows=103 width=121)
	              Index Cond: ((id >= 5990265) AND (id <= 5990364))

table 4 : explain SELECT DISTINCT c FROM sbtest4 WHERE id BETWEEN 9518837 AND 9518936 ORDER BY c
	Unique  (cost=404.67..405.18 rows=101 width=121)
	  ->  Sort  (cost=404.67..404.92 rows=101 width=121)
	        Sort Key: c
	        ->  Index Scan using sbtest4_pkey on sbtest4  (cost=0.43..401.31 rows=101 width=121)
	              Index Cond: ((id >= 9518837) AND (id <= 9518936))

table 5 : explain SELECT DISTINCT c FROM sbtest5 WHERE id BETWEEN 282152 AND 282251 ORDER BY c
	Unique  (cost=404.18..404.68 rows=101 width=121)
	  ->  Sort  (cost=404.18..404.43 rows=101 width=121)
	        Sort Key: c
	        ->  Index Scan using sbtest5_pkey on sbtest5  (cost=0.43..400.81 rows=101 width=121)
	              Index Cond: ((id >= 282152) AND (id <= 282251))

table 6 : explain SELECT DISTINCT c FROM sbtest6 WHERE id BETWEEN 6362034 AND 6362133 ORDER BY c
	Unique  (cost=416.99..417.51 rows=104 width=121)
	  ->  Sort  (cost=416.99..417.25 rows=104 width=121)
	        Sort Key: c
	        ->  Index Scan using sbtest6_pkey on sbtest6  (cost=0.43..413.51 rows=104 width=121)
	              Index Cond: ((id >= 6362034) AND (id <= 6362133))

table 7 : explain SELECT DISTINCT c FROM sbtest7 WHERE id BETWEEN 8513022 AND 8513121 ORDER BY c
	Unique  (cost=385.15..385.63 rows=96 width=121)
	  ->  Sort  (cost=385.15..385.39 rows=96 width=121)
	        Sort Key: c
	        ->  Index Scan using sbtest7_pkey on sbtest7  (cost=0.43..381.99 rows=96 width=121)
	              Index Cond: ((id >= 8513022) AND (id <= 8513121))

table 8 : explain SELECT DISTINCT c FROM sbtest8 WHERE id BETWEEN 3881294 AND 3881393 ORDER BY c
	Unique  (cost=413.18..413.69 rows=103 width=121)
	  ->  Sort  (cost=413.18..413.44 rows=103 width=121)
	        Sort Key: c
	        ->  Index Scan using sbtest8_pkey on sbtest8  (cost=0.43..409.74 rows=103 width=121)
	              Index Cond: ((id >= 3881294) AND (id <= 3881393))

for: distinct_ranges
table 1 : explain SELECT DISTINCT c FROM sbtest1 WHERE id BETWEEN 7357746 AND 7357845 ORDER BY c
	Unique  (cost=389.59..390.07 rows=97 width=121)
	  ->  Sort  (cost=389.59..389.83 rows=97 width=121)
	        Sort Key: c
	        ->  Index Scan using sbtest1_pkey on sbtest1  (cost=0.43..386.38 rows=97 width=121)
	              Index Cond: ((id >= 7357746) AND (id <= 7357845))

table 2 : explain SELECT DISTINCT c FROM sbtest2 WHERE id BETWEEN 2792767 AND 2792866 ORDER BY c
	Unique  (cost=406.32..406.83 rows=101 width=121)
	  ->  Sort  (cost=406.32..406.58 rows=101 width=121)
	        Sort Key: c
	        ->  Index Scan using sbtest2_pkey on sbtest2  (cost=0.43..402.96 rows=101 width=121)
	              Index Cond: ((id >= 2792767) AND (id <= 2792866))

table 3 : explain SELECT DISTINCT c FROM sbtest3 WHERE id BETWEEN 9650309 AND 9650408 ORDER BY c
	Unique  (cost=408.96..409.47 rows=102 width=121)
	  ->  Sort  (cost=408.96..409.22 rows=102 width=121)
	        Sort Key: c
	        ->  Index Scan using sbtest3_pkey on sbtest3  (cost=0.43..405.56 rows=102 width=121)
	              Index Cond: ((id >= 9650309) AND (id <= 9650408))

table 4 : explain SELECT DISTINCT c FROM sbtest4 WHERE id BETWEEN 8409622 AND 8409721 ORDER BY c
	Unique  (cost=384.83..385.31 rows=96 width=121)
	  ->  Sort  (cost=384.83..385.07 rows=96 width=121)
	        Sort Key: c
	        ->  Index Scan using sbtest4_pkey on sbtest4  (cost=0.43..381.67 rows=96 width=121)
	              Index Cond: ((id >= 8409622) AND (id <= 8409721))

table 5 : explain SELECT DISTINCT c FROM sbtest5 WHERE id BETWEEN 1331173 AND 1331272 ORDER BY c
	Unique  (cost=396.25..396.74 rows=99 width=121)
	  ->  Sort  (cost=396.25..396.50 rows=99 width=121)
	        Sort Key: c
	        ->  Index Scan using sbtest5_pkey on sbtest5  (cost=0.43..392.97 rows=99 width=121)
	              Index Cond: ((id >= 1331173) AND (id <= 1331272))

table 6 : explain SELECT DISTINCT c FROM sbtest6 WHERE id BETWEEN 9830561 AND 9830660 ORDER BY c
	Unique  (cost=428.91..429.45 rows=107 width=121)
	  ->  Sort  (cost=428.91..429.18 rows=107 width=121)
	        Sort Key: c
	        ->  Index Scan using sbtest6_pkey on sbtest6  (cost=0.43..425.30 rows=107 width=121)
	              Index Cond: ((id >= 9830561) AND (id <= 9830660))

table 7 : explain SELECT DISTINCT c FROM sbtest7 WHERE id BETWEEN 6431186 AND 6431285 ORDER BY c
	Unique  (cost=373.24..373.70 rows=93 width=121)
	  ->  Sort  (cost=373.24..373.47 rows=93 width=121)
	        Sort Key: c
	        ->  Index Scan using sbtest7_pkey on sbtest7  (cost=0.43..370.20 rows=93 width=121)
	              Index Cond: ((id >= 6431186) AND (id <= 6431285))

table 8 : explain SELECT DISTINCT c FROM sbtest8 WHERE id BETWEEN 400499 AND 400598 ORDER BY c
	Unique  (cost=417.15..417.67 rows=104 width=121)
	  ->  Sort  (cost=417.15..417.41 rows=104 width=121)
	        Sort Key: c
	        ->  Index Scan using sbtest8_pkey on sbtest8  (cost=0.43..413.67 rows=104 width=121)
	              Index Cond: ((id >= 400499) AND (id <= 400598))

for point_selects
table 1 : explain SELECT c FROM sbtest1 WHERE id=181815
	Index Scan using sbtest1_pkey on sbtest1  (cost=0.43..8.45 rows=1 width=121)
	  Index Cond: (id = 181815)

table 2 : explain SELECT c FROM sbtest2 WHERE id=2511529
	Index Scan using sbtest2_pkey on sbtest2  (cost=0.43..8.45 rows=1 width=121)
	  Index Cond: (id = 2511529)

table 3 : explain SELECT c FROM sbtest3 WHERE id=4335821
	Index Scan using sbtest3_pkey on sbtest3  (cost=0.43..8.45 rows=1 width=121)
	  Index Cond: (id = 4335821)

table 4 : explain SELECT c FROM sbtest4 WHERE id=6220344
	Index Scan using sbtest4_pkey on sbtest4  (cost=0.43..8.45 rows=1 width=121)
	  Index Cond: (id = 6220344)

table 5 : explain SELECT c FROM sbtest5 WHERE id=5583888
	Index Scan using sbtest5_pkey on sbtest5  (cost=0.43..8.45 rows=1 width=121)
	  Index Cond: (id = 5583888)

table 6 : explain SELECT c FROM sbtest6 WHERE id=3548202
	Index Scan using sbtest6_pkey on sbtest6  (cost=0.43..8.45 rows=1 width=121)
	  Index Cond: (id = 3548202)

table 7 : explain SELECT c FROM sbtest7 WHERE id=6681411
	Index Scan using sbtest7_pkey on sbtest7  (cost=0.43..8.45 rows=1 width=121)
	  Index Cond: (id = 6681411)

table 8 : explain SELECT c FROM sbtest8 WHERE id=2128764
	Index Scan using sbtest8_pkey on sbtest8  (cost=0.43..8.45 rows=1 width=121)
	  Index Cond: (id = 2128764)

for: simple_ranges
table 1 : explain SELECT c FROM sbtest1 WHERE id BETWEEN 8393593 AND 8393692
	Index Scan using sbtest1_pkey on sbtest1  (cost=0.43..358.81 rows=90 width=121)
	  Index Cond: ((id >= 8393593) AND (id <= 8393692))

table 2 : explain SELECT c FROM sbtest2 WHERE id BETWEEN 4218966 AND 4219065
	Index Scan using sbtest2_pkey on sbtest2  (cost=0.43..375.33 rows=94 width=121)
	  Index Cond: ((id >= 4218966) AND (id <= 4219065))

table 3 : explain SELECT c FROM sbtest3 WHERE id BETWEEN 6416029 AND 6416128
	Index Scan using sbtest3_pkey on sbtest3  (cost=0.43..385.91 rows=97 width=121)
	  Index Cond: ((id >= 6416029) AND (id <= 6416128))

table 4 : explain SELECT c FROM sbtest4 WHERE id BETWEEN 7207663 AND 7207762
	Index Scan using sbtest4_pkey on sbtest4  (cost=0.43..385.60 rows=97 width=121)
	  Index Cond: ((id >= 7207663) AND (id <= 7207762))

table 5 : explain SELECT c FROM sbtest5 WHERE id BETWEEN 5756553 AND 5756652
	Index Scan using sbtest5_pkey on sbtest5  (cost=0.43..400.81 rows=101 width=121)
	  Index Cond: ((id >= 5756553) AND (id <= 5756652))

table 6 : explain SELECT c FROM sbtest6 WHERE id BETWEEN 6678237 AND 6678336
	Index Scan using sbtest6_pkey on sbtest6  (cost=0.43..362.37 rows=91 width=121)
	  Index Cond: ((id >= 6678237) AND (id <= 6678336))

table 7 : explain SELECT c FROM sbtest7 WHERE id BETWEEN 9078032 AND 9078131
	Index Scan using sbtest7_pkey on sbtest7  (cost=0.43..413.44 rows=104 width=121)
	  Index Cond: ((id >= 9078032) AND (id <= 9078131))

table 8 : explain SELECT c FROM sbtest8 WHERE id BETWEEN 5135556 AND 5135655
	Index Scan using sbtest8_pkey on sbtest8  (cost=0.43..425.47 rows=107 width=121)
	  Index Cond: ((id >= 5135556) AND (id <= 5135655))

for: sum_ranges
table 1 : explain SELECT SUM(k) FROM sbtest1 WHERE id BETWEEN 6395545 AND 6395644
	Aggregate  (cost=386.63..386.64 rows=1 width=8)
	  ->  Index Scan using sbtest1_pkey on sbtest1  (cost=0.43..386.38 rows=97 width=4)
	        Index Cond: ((id >= 6395545) AND (id <= 6395644))

table 2 : explain SELECT SUM(k) FROM sbtest2 WHERE id BETWEEN 5226843 AND 5226942
	Aggregate  (cost=383.46..383.47 rows=1 width=8)
	  ->  Index Scan using sbtest2_pkey on sbtest2  (cost=0.43..383.22 rows=96 width=4)
	        Index Cond: ((id >= 5226843) AND (id <= 5226942))

table 3 : explain SELECT SUM(k) FROM sbtest3 WHERE id BETWEEN 8164301 AND 8164400
	Aggregate  (cost=441.22..441.23 rows=1 width=8)
	  ->  Index Scan using sbtest3_pkey on sbtest3  (cost=0.43..440.94 rows=111 width=4)
	        Index Cond: ((id >= 8164301) AND (id <= 8164400))

table 4 : explain SELECT SUM(k) FROM sbtest4 WHERE id BETWEEN 2659951 AND 2660050
	Aggregate  (cost=401.56..401.57 rows=1 width=8)
	  ->  Index Scan using sbtest4_pkey on sbtest4  (cost=0.43..401.31 rows=101 width=4)
	        Index Cond: ((id >= 2659951) AND (id <= 2660050))

table 5 : explain SELECT SUM(k) FROM sbtest5 WHERE id BETWEEN 5279530 AND 5279629
	Aggregate  (cost=385.36..385.37 rows=1 width=8)
	  ->  Index Scan using sbtest5_pkey on sbtest5  (cost=0.43..385.12 rows=97 width=4)
	        Index Cond: ((id >= 5279530) AND (id <= 5279629))

table 6 : explain SELECT SUM(k) FROM sbtest6 WHERE id BETWEEN 3441124 AND 3441223
	Aggregate  (cost=425.57..425.58 rows=1 width=8)
	  ->  Index Scan using sbtest6_pkey on sbtest6  (cost=0.43..425.30 rows=107 width=4)
	        Index Cond: ((id >= 3441124) AND (id <= 3441223))

table 7 : explain SELECT SUM(k) FROM sbtest7 WHERE id BETWEEN 5145909 AND 5146008
	Aggregate  (cost=417.64..417.65 rows=1 width=8)
	  ->  Index Scan using sbtest7_pkey on sbtest7  (cost=0.43..417.37 rows=105 width=4)
	        Index Cond: ((id >= 5145909) AND (id <= 5146008))

table 8 : explain SELECT SUM(k) FROM sbtest8 WHERE id BETWEEN 5312857 AND 5312956
	Aggregate  (cost=402.12..402.13 rows=1 width=8)
	  ->  Index Scan using sbtest8_pkey on sbtest8  (cost=0.43..401.87 rows=101 width=4)
	        Index Cond: ((id >= 5312857) AND (id <= 5312956))

for: distinct_ranges
table 1 : explain SELECT DISTINCT c FROM sbtest1 WHERE id BETWEEN 5391157 AND 5391256 ORDER BY c
	Unique  (cost=409.47..409.98 rows=102 width=121)
	  ->  Sort  (cost=409.47..409.72 rows=102 width=121)
	        Sort Key: c
	        ->  Index Scan using sbtest1_pkey on sbtest1  (cost=0.43..406.06 rows=102 width=121)
	              Index Cond: ((id >= 5391157) AND (id <= 5391256))

table 2 : explain SELECT DISTINCT c FROM sbtest2 WHERE id BETWEEN 8016031 AND 8016130 ORDER BY c
	Unique  (cost=410.31..410.82 rows=102 width=121)
	  ->  Sort  (cost=410.31..410.56 rows=102 width=121)
	        Sort Key: c
	        ->  Index Scan using sbtest2_pkey on sbtest2  (cost=0.43..406.91 rows=102 width=121)
	              Index Cond: ((id >= 8016031) AND (id <= 8016130))

table 3 : explain SELECT DISTINCT c FROM sbtest3 WHERE id BETWEEN 212443 AND 212542 ORDER BY c
	Unique  (cost=393.08..393.57 rows=98 width=121)
	  ->  Sort  (cost=393.08..393.32 rows=98 width=121)
	        Sort Key: c
	        ->  Index Scan using sbtest3_pkey on sbtest3  (cost=0.43..389.84 rows=98 width=121)
	              Index Cond: ((id >= 212443) AND (id <= 212542))

table 4 : explain SELECT DISTINCT c FROM sbtest4 WHERE id BETWEEN 3907762 AND 3907861 ORDER BY c
	Unique  (cost=412.61..413.12 rows=103 width=121)
	  ->  Sort  (cost=412.61..412.87 rows=103 width=121)
	        Sort Key: c
	        ->  Index Scan using sbtest4_pkey on sbtest4  (cost=0.43..409.16 rows=103 width=121)
	              Index Cond: ((id >= 3907762) AND (id <= 3907861))

table 5 : explain SELECT DISTINCT c FROM sbtest5 WHERE id BETWEEN 456931 AND 457030 ORDER BY c
	Unique  (cost=423.99..424.52 rows=106 width=121)
	  ->  Sort  (cost=423.99..424.26 rows=106 width=121)
	        Sort Key: c
	        ->  Index Scan using sbtest5_pkey on sbtest5  (cost=0.43..420.43 rows=106 width=121)
	              Index Cond: ((id >= 456931) AND (id <= 457030))

table 6 : explain SELECT DISTINCT c FROM sbtest6 WHERE id BETWEEN 3910205 AND 3910304 ORDER BY c
	Unique  (cost=401.10..401.60 rows=100 width=121)
	  ->  Sort  (cost=401.10..401.35 rows=100 width=121)
	        Sort Key: c
	        ->  Index Scan using sbtest6_pkey on sbtest6  (cost=0.43..397.78 rows=100 width=121)
	              Index Cond: ((id >= 3910205) AND (id <= 3910304))

table 7 : explain SELECT DISTINCT c FROM sbtest7 WHERE id BETWEEN 1765338 AND 1765437 ORDER BY c
	Unique  (cost=397.07..397.56 rows=99 width=121)
	  ->  Sort  (cost=397.07..397.32 rows=99 width=121)
	        Sort Key: c
	        ->  Index Scan using sbtest7_pkey on sbtest7  (cost=0.43..393.79 rows=99 width=121)
	              Index Cond: ((id >= 1765338) AND (id <= 1765437))

table 8 : explain SELECT DISTINCT c FROM sbtest8 WHERE id BETWEEN 2711831 AND 2711930 ORDER BY c
	Unique  (cost=409.20..409.71 rows=102 width=121)
	  ->  Sort  (cost=409.20..409.46 rows=102 width=121)
	        Sort Key: c
	        ->  Index Scan using sbtest8_pkey on sbtest8  (cost=0.43..405.80 rows=102 width=121)
	              Index Cond: ((id >= 2711831) AND (id <= 2711930))

for point_selects
table 1 : explain SELECT c FROM sbtest1 WHERE id=1122824
	Index Scan using sbtest1_pkey on sbtest1  (cost=0.43..8.45 rows=1 width=121)
	  Index Cond: (id = 1122824)

table 2 : explain SELECT c FROM sbtest2 WHERE id=1855390
	Index Scan using sbtest2_pkey on sbtest2  (cost=0.43..8.45 rows=1 width=121)
	  Index Cond: (id = 1855390)

table 3 : explain SELECT c FROM sbtest3 WHERE id=5355487
	Index Scan using sbtest3_pkey on sbtest3  (cost=0.43..8.45 rows=1 width=121)
	  Index Cond: (id = 5355487)

table 4 : explain SELECT c FROM sbtest4 WHERE id=6911786
	Index Scan using sbtest4_pkey on sbtest4  (cost=0.43..8.45 rows=1 width=121)
	  Index Cond: (id = 6911786)

table 5 : explain SELECT c FROM sbtest5 WHERE id=1942816
	Index Scan using sbtest5_pkey on sbtest5  (cost=0.43..8.45 rows=1 width=121)
	  Index Cond: (id = 1942816)

table 6 : explain SELECT c FROM sbtest6 WHERE id=7540443
	Index Scan using sbtest6_pkey on sbtest6  (cost=0.43..8.45 rows=1 width=121)
	  Index Cond: (id = 7540443)

table 7 : explain SELECT c FROM sbtest7 WHERE id=4989696
	Index Scan using sbtest7_pkey on sbtest7  (cost=0.43..8.45 rows=1 width=121)
	  Index Cond: (id = 4989696)

table 8 : explain SELECT c FROM sbtest8 WHERE id=7310964
	Index Scan using sbtest8_pkey on sbtest8  (cost=0.43..8.45 rows=1 width=121)
	  Index Cond: (id = 7310964)

for: distinct_ranges
table 1 : explain SELECT DISTINCT c FROM sbtest1 WHERE id BETWEEN 389533 AND 389632 ORDER BY c
	Unique  (cost=397.54..398.03 rows=99 width=121)
	  ->  Sort  (cost=397.54..397.79 rows=99 width=121)
	        Sort Key: c
	        ->  Index Scan using sbtest1_pkey on sbtest1  (cost=0.43..394.26 rows=99 width=121)
	              Index Cond: ((id >= 389533) AND (id <= 389632))

table 2 : explain SELECT DISTINCT c FROM sbtest2 WHERE id BETWEEN 767926 AND 768025 ORDER BY c
	Unique  (cost=406.32..406.83 rows=101 width=121)
	  ->  Sort  (cost=406.32..406.58 rows=101 width=121)
	        Sort Key: c
	        ->  Index Scan using sbtest2_pkey on sbtest2  (cost=0.43..402.96 rows=101 width=121)
	              Index Cond: ((id >= 767926) AND (id <= 768025))

table 3 : explain SELECT DISTINCT c FROM sbtest3 WHERE id BETWEEN 7235682 AND 7235781 ORDER BY c
	Unique  (cost=389.11..389.59 rows=97 width=121)
	  ->  Sort  (cost=389.11..389.35 rows=97 width=121)
	        Sort Key: c
	        ->  Index Scan using sbtest3_pkey on sbtest3  (cost=0.43..385.91 rows=97 width=121)
	              Index Cond: ((id >= 7235682) AND (id <= 7235781))

table 4 : explain SELECT DISTINCT c FROM sbtest4 WHERE id BETWEEN 1033508 AND 1033607 ORDER BY c
	Unique  (cost=357.03..357.48 rows=89 width=121)
	  ->  Sort  (cost=357.03..357.26 rows=89 width=121)
	        Sort Key: c
	        ->  Index Scan using sbtest4_pkey on sbtest4  (cost=0.43..354.15 rows=89 width=121)
	              Index Cond: ((id >= 1033508) AND (id <= 1033607))

table 5 : explain SELECT DISTINCT c FROM sbtest5 WHERE id BETWEEN 970482 AND 970581 ORDER BY c
	Unique  (cost=388.32..388.81 rows=97 width=121)
	  ->  Sort  (cost=388.32..388.57 rows=97 width=121)
	        Sort Key: c
	        ->  Index Scan using sbtest5_pkey on sbtest5  (cost=0.43..385.12 rows=97 width=121)
	              Index Cond: ((id >= 970482) AND (id <= 970581))

table 6 : explain SELECT DISTINCT c FROM sbtest6 WHERE id BETWEEN 6522241 AND 6522340 ORDER BY c
	Unique  (cost=413.02..413.54 rows=103 width=121)
	  ->  Sort  (cost=413.02..413.28 rows=103 width=121)
	        Sort Key: c
	        ->  Index Scan using sbtest6_pkey on sbtest6  (cost=0.43..409.58 rows=103 width=121)
	              Index Cond: ((id >= 6522241) AND (id <= 6522340))

table 7 : explain SELECT DISTINCT c FROM sbtest7 WHERE id BETWEEN 1781798 AND 1781897 ORDER BY c
	Unique  (cost=397.07..397.56 rows=99 width=121)
	  ->  Sort  (cost=397.07..397.32 rows=99 width=121)
	        Sort Key: c
	        ->  Index Scan using sbtest7_pkey on sbtest7  (cost=0.43..393.79 rows=99 width=121)
	              Index Cond: ((id >= 1781798) AND (id <= 1781897))

table 8 : explain SELECT DISTINCT c FROM sbtest8 WHERE id BETWEEN 8540478 AND 8540577 ORDER BY c
	Unique  (cost=429.08..429.61 rows=107 width=121)
	  ->  Sort  (cost=429.08..429.34 rows=107 width=121)
	        Sort Key: c
	        ->  Index Scan using sbtest8_pkey on sbtest8  (cost=0.43..425.47 rows=107 width=121)
	              Index Cond: ((id >= 8540478) AND (id <= 8540577))

for point_selects
table 1 : explain SELECT c FROM sbtest1 WHERE id=9076508
	Index Scan using sbtest1_pkey on sbtest1  (cost=0.43..8.45 rows=1 width=121)
	  Index Cond: (id = 9076508)

table 2 : explain SELECT c FROM sbtest2 WHERE id=2705184
	Index Scan using sbtest2_pkey on sbtest2  (cost=0.43..8.45 rows=1 width=121)
	  Index Cond: (id = 2705184)

table 3 : explain SELECT c FROM sbtest3 WHERE id=1413710
	Index Scan using sbtest3_pkey on sbtest3  (cost=0.43..8.45 rows=1 width=121)
	  Index Cond: (id = 1413710)

table 4 : explain SELECT c FROM sbtest4 WHERE id=5129236
	Index Scan using sbtest4_pkey on sbtest4  (cost=0.43..8.45 rows=1 width=121)
	  Index Cond: (id = 5129236)

table 5 : explain SELECT c FROM sbtest5 WHERE id=8918935
	Index Scan using sbtest5_pkey on sbtest5  (cost=0.43..8.45 rows=1 width=121)
	  Index Cond: (id = 8918935)

table 6 : explain SELECT c FROM sbtest6 WHERE id=8099081
	Index Scan using sbtest6_pkey on sbtest6  (cost=0.43..8.45 rows=1 width=121)
	  Index Cond: (id = 8099081)

table 7 : explain SELECT c FROM sbtest7 WHERE id=413436
	Index Scan using sbtest7_pkey on sbtest7  (cost=0.43..8.45 rows=1 width=121)
	  Index Cond: (id = 413436)

table 8 : explain SELECT c FROM sbtest8 WHERE id=568008
	Index Scan using sbtest8_pkey on sbtest8  (cost=0.43..8.45 rows=1 width=121)
	  Index Cond: (id = 568008)

for: order_ranges
table 1 : explain SELECT c FROM sbtest1 WHERE id BETWEEN 8568487 AND 8568586 ORDER BY c
	Sort  (cost=365.71..365.94 rows=91 width=121)
	  Sort Key: c
	  ->  Index Scan using sbtest1_pkey on sbtest1  (cost=0.43..362.75 rows=91 width=121)
	        Index Cond: ((id >= 8568487) AND (id <= 8568586))

table 2 : explain SELECT c FROM sbtest2 WHERE id BETWEEN 9476661 AND 9476760 ORDER BY c
	Sort  (cost=422.26..422.53 rows=105 width=121)
	  Sort Key: c
	  ->  Index Scan using sbtest2_pkey on sbtest2  (cost=0.43..418.74 rows=105 width=121)
	        Index Cond: ((id >= 9476661) AND (id <= 9476760))

table 3 : explain SELECT c FROM sbtest3 WHERE id BETWEEN 3633579 AND 3633678 ORDER BY c
	Sort  (cost=401.02..401.27 rows=100 width=121)
	  Sort Key: c
	  ->  Index Scan using sbtest3_pkey on sbtest3  (cost=0.43..397.70 rows=100 width=121)
	        Index Cond: ((id >= 3633579) AND (id <= 3633678))

table 4 : explain SELECT c FROM sbtest4 WHERE id BETWEEN 7947691 AND 7947790 ORDER BY c
	Sort  (cost=408.64..408.89 rows=102 width=121)
	  Sort Key: c
	  ->  Index Scan using sbtest4_pkey on sbtest4  (cost=0.43..405.24 rows=102 width=121)
	        Index Cond: ((id >= 7947691) AND (id <= 7947790))

table 5 : explain SELECT c FROM sbtest5 WHERE id BETWEEN 1349421 AND 1349520 ORDER BY c
	Sort  (cost=396.25..396.50 rows=99 width=121)
	  Sort Key: c
	  ->  Index Scan using sbtest5_pkey on sbtest5  (cost=0.43..392.97 rows=99 width=121)
	        Index Cond: ((id >= 1349421) AND (id <= 1349520))

table 6 : explain SELECT c FROM sbtest6 WHERE id BETWEEN 4553981 AND 4554080 ORDER BY c
	Sort  (cost=397.13..397.38 rows=99 width=121)
	  Sort Key: c
	  ->  Index Scan using sbtest6_pkey on sbtest6  (cost=0.43..393.85 rows=99 width=121)
	        Index Cond: ((id >= 4553981) AND (id <= 4554080))

table 7 : explain SELECT c FROM sbtest7 WHERE id BETWEEN 1188784 AND 1188883 ORDER BY c
	Sort  (cost=389.13..389.37 rows=97 width=121)
	  Sort Key: c
	  ->  Index Scan using sbtest7_pkey on sbtest7  (cost=0.43..385.92 rows=97 width=121)
	        Index Cond: ((id >= 1188784) AND (id <= 1188883))

table 8 : explain SELECT c FROM sbtest8 WHERE id BETWEEN 1877475 AND 1877574 ORDER BY c
	Sort  (cost=353.55..353.77 rows=88 width=121)
	  Sort Key: c
	  ->  Index Scan using sbtest8_pkey on sbtest8  (cost=0.43..350.71 rows=88 width=121)
	        Index Cond: ((id >= 1877475) AND (id <= 1877574))

for: distinct_ranges
table 1 : explain SELECT DISTINCT c FROM sbtest1 WHERE id BETWEEN 331090 AND 331189 ORDER BY c
	Unique  (cost=397.54..398.03 rows=99 width=121)
	  ->  Sort  (cost=397.54..397.79 rows=99 width=121)
	        Sort Key: c
	        ->  Index Scan using sbtest1_pkey on sbtest1  (cost=0.43..394.26 rows=99 width=121)
	              Index Cond: ((id >= 331090) AND (id <= 331189))

table 2 : explain SELECT DISTINCT c FROM sbtest2 WHERE id BETWEEN 9077057 AND 9077156 ORDER BY c
	Unique  (cost=398.35..398.85 rows=99 width=121)
	  ->  Sort  (cost=398.35..398.60 rows=99 width=121)
	        Sort Key: c
	        ->  Index Scan using sbtest2_pkey on sbtest2  (cost=0.43..395.07 rows=99 width=121)
	              Index Cond: ((id >= 9077057) AND (id <= 9077156))

table 3 : explain SELECT DISTINCT c FROM sbtest3 WHERE id BETWEEN 9530696 AND 9530795 ORDER BY c
	Unique  (cost=404.99..405.50 rows=101 width=121)
	  ->  Sort  (cost=404.99..405.25 rows=101 width=121)
	        Sort Key: c
	        ->  Index Scan using sbtest3_pkey on sbtest3  (cost=0.43..401.63 rows=101 width=121)
	              Index Cond: ((id >= 9530696) AND (id <= 9530795))

table 4 : explain SELECT DISTINCT c FROM sbtest4 WHERE id BETWEEN 5258706 AND 5258805 ORDER BY c
	Unique  (cost=408.64..409.15 rows=102 width=121)
	  ->  Sort  (cost=408.64..408.89 rows=102 width=121)
	        Sort Key: c
	        ->  Index Scan using sbtest4_pkey on sbtest4  (cost=0.43..405.24 rows=102 width=121)
	              Index Cond: ((id >= 5258706) AND (id <= 5258805))

table 5 : explain SELECT DISTINCT c FROM sbtest5 WHERE id BETWEEN 910040 AND 910139 ORDER BY c
	Unique  (cost=388.32..388.81 rows=97 width=121)
	  ->  Sort  (cost=388.32..388.57 rows=97 width=121)
	        Sort Key: c
	        ->  Index Scan using sbtest5_pkey on sbtest5  (cost=0.43..385.12 rows=97 width=121)
	              Index Cond: ((id >= 910040) AND (id <= 910139))

table 6 : explain SELECT DISTINCT c FROM sbtest6 WHERE id BETWEEN 9834708 AND 9834807 ORDER BY c
	Unique  (cost=428.91..429.45 rows=107 width=121)
	  ->  Sort  (cost=428.91..429.18 rows=107 width=121)
	        Sort Key: c
	        ->  Index Scan using sbtest6_pkey on sbtest6  (cost=0.43..425.30 rows=107 width=121)
	              Index Cond: ((id >= 9834708) AND (id <= 9834807))

table 7 : explain SELECT DISTINCT c FROM sbtest7 WHERE id BETWEEN 3112601 AND 3112700 ORDER BY c
	Unique  (cost=401.04..401.54 rows=100 width=121)
	  ->  Sort  (cost=401.04..401.29 rows=100 width=121)
	        Sort Key: c
	        ->  Index Scan using sbtest7_pkey on sbtest7  (cost=0.43..397.72 rows=100 width=121)
	              Index Cond: ((id >= 3112601) AND (id <= 3112700))

table 8 : explain SELECT DISTINCT c FROM sbtest8 WHERE id BETWEEN 662098 AND 662197 ORDER BY c
	Unique  (cost=385.34..385.82 rows=96 width=121)
	  ->  Sort  (cost=385.34..385.58 rows=96 width=121)
	        Sort Key: c
	        ->  Index Scan using sbtest8_pkey on sbtest8  (cost=0.43..382.18 rows=96 width=121)
	              Index Cond: ((id >= 662098) AND (id <= 662197))

for: order_ranges
table 1 : explain SELECT c FROM sbtest1 WHERE id BETWEEN 880666 AND 880765 ORDER BY c
	Sort  (cost=381.61..381.85 rows=95 width=121)
	  Sort Key: c
	  ->  Index Scan using sbtest1_pkey on sbtest1  (cost=0.43..378.49 rows=95 width=121)
	        Index Cond: ((id >= 880666) AND (id <= 880765))

table 2 : explain SELECT c FROM sbtest2 WHERE id BETWEEN 7405262 AND 7405361 ORDER BY c
	Sort  (cost=366.46..366.69 rows=91 width=121)
	  Sort Key: c
	  ->  Index Scan using sbtest2_pkey on sbtest2  (cost=0.43..363.50 rows=91 width=121)
	        Index Cond: ((id >= 7405262) AND (id <= 7405361))

table 3 : explain SELECT c FROM sbtest3 WHERE id BETWEEN 6084838 AND 6084937 ORDER BY c
	Sort  (cost=389.11..389.35 rows=97 width=121)
	  Sort Key: c
	  ->  Index Scan using sbtest3_pkey on sbtest3  (cost=0.43..385.91 rows=97 width=121)
	        Index Cond: ((id >= 6084838) AND (id <= 6084937))

table 4 : explain SELECT c FROM sbtest4 WHERE id BETWEEN 3161970 AND 3162069 ORDER BY c
	Sort  (cost=392.77..393.01 rows=98 width=121)
	  Sort Key: c
	  ->  Index Scan using sbtest4_pkey on sbtest4  (cost=0.43..389.52 rows=98 width=121)
	        Index Cond: ((id >= 3161970) AND (id <= 3162069))

table 5 : explain SELECT c FROM sbtest5 WHERE id BETWEEN 642778 AND 642877 ORDER BY c
	Sort  (cost=423.99..424.26 rows=106 width=121)
	  Sort Key: c
	  ->  Index Scan using sbtest5_pkey on sbtest5  (cost=0.43..420.43 rows=106 width=121)
	        Index Cond: ((id >= 642778) AND (id <= 642877))

table 6 : explain SELECT c FROM sbtest6 WHERE id BETWEEN 2626930 AND 2627029 ORDER BY c
	Sort  (cost=389.19..389.43 rows=97 width=121)
	  Sort Key: c
	  ->  Index Scan using sbtest6_pkey on sbtest6  (cost=0.43..385.99 rows=97 width=121)
	        Index Cond: ((id >= 2626930) AND (id <= 2627029))

table 7 : explain SELECT c FROM sbtest7 WHERE id BETWEEN 6353165 AND 6353264 ORDER BY c
	Sort  (cost=373.24..373.47 rows=93 width=121)
	  Sort Key: c
	  ->  Index Scan using sbtest7_pkey on sbtest7  (cost=0.43..370.20 rows=93 width=121)
	        Index Cond: ((id >= 6353165) AND (id <= 6353264))

table 8 : explain SELECT c FROM sbtest8 WHERE id BETWEEN 9123624 AND 9123723 ORDER BY c
	Sort  (cost=448.95..449.23 rows=112 width=121)
	  Sort Key: c
	  ->  Index Scan using sbtest8_pkey on sbtest8  (cost=0.43..445.14 rows=112 width=121)
	        Index Cond: ((id >= 9123624) AND (id <= 9123723))

for: distinct_ranges
table 1 : explain SELECT DISTINCT c FROM sbtest1 WHERE id BETWEEN 1838912 AND 1839011 ORDER BY c
	Unique  (cost=417.42..417.94 rows=104 width=121)
	  ->  Sort  (cost=417.42..417.68 rows=104 width=121)
	        Sort Key: c
	        ->  Index Scan using sbtest1_pkey on sbtest1  (cost=0.43..413.94 rows=104 width=121)
	              Index Cond: ((id >= 1838912) AND (id <= 1839011))

table 2 : explain SELECT DISTINCT c FROM sbtest2 WHERE id BETWEEN 1371258 AND 1371357 ORDER BY c
	Unique  (cost=410.31..410.82 rows=102 width=121)
	  ->  Sort  (cost=410.31..410.56 rows=102 width=121)
	        Sort Key: c
	        ->  Index Scan using sbtest2_pkey on sbtest2  (cost=0.43..406.91 rows=102 width=121)
	              Index Cond: ((id >= 1371258) AND (id <= 1371357))

table 3 : explain SELECT DISTINCT c FROM sbtest3 WHERE id BETWEEN 2464849 AND 2464948 ORDER BY c
	Unique  (cost=377.19..377.66 rows=94 width=121)
	  ->  Sort  (cost=377.19..377.43 rows=94 width=121)
	        Sort Key: c
	        ->  Index Scan using sbtest3_pkey on sbtest3  (cost=0.43..374.11 rows=94 width=121)
	              Index Cond: ((id >= 2464849) AND (id <= 2464948))

table 4 : explain SELECT DISTINCT c FROM sbtest4 WHERE id BETWEEN 8151374 AND 8151473 ORDER BY c
	Unique  (cost=392.77..393.26 rows=98 width=121)
	  ->  Sort  (cost=392.77..393.01 rows=98 width=121)
	        Sort Key: c
	        ->  Index Scan using sbtest4_pkey on sbtest4  (cost=0.43..389.52 rows=98 width=121)
	              Index Cond: ((id >= 8151374) AND (id <= 8151473))

table 5 : explain SELECT DISTINCT c FROM sbtest5 WHERE id BETWEEN 5958358 AND 5958457 ORDER BY c
	Unique  (cost=412.10..412.62 rows=103 width=121)
	  ->  Sort  (cost=412.10..412.36 rows=103 width=121)
	        Sort Key: c
	        ->  Index Scan using sbtest5_pkey on sbtest5  (cost=0.43..408.66 rows=103 width=121)
	              Index Cond: ((id >= 5958358) AND (id <= 5958457))

table 6 : explain SELECT DISTINCT c FROM sbtest6 WHERE id BETWEEN 3218445 AND 3218544 ORDER BY c
	Unique  (cost=381.24..381.72 rows=95 width=121)
	  ->  Sort  (cost=381.24..381.48 rows=95 width=121)
	        Sort Key: c
	        ->  Index Scan using sbtest6_pkey on sbtest6  (cost=0.43..378.12 rows=95 width=121)
	              Index Cond: ((id >= 3218445) AND (id <= 3218544))

table 7 : explain SELECT DISTINCT c FROM sbtest7 WHERE id BETWEEN 6036793 AND 6036892 ORDER BY c
	Unique  (cost=393.10..393.59 rows=98 width=121)
	  ->  Sort  (cost=393.10..393.34 rows=98 width=121)
	        Sort Key: c
	        ->  Index Scan using sbtest7_pkey on sbtest7  (cost=0.43..389.86 rows=98 width=121)
	              Index Cond: ((id >= 6036793) AND (id <= 6036892))

table 8 : explain SELECT DISTINCT c FROM sbtest8 WHERE id BETWEEN 1921637 AND 1921736 ORDER BY c
	Unique  (cost=381.37..381.84 rows=95 width=121)
	  ->  Sort  (cost=381.37..381.60 rows=95 width=121)
	        Sort Key: c
	        ->  Index Scan using sbtest8_pkey on sbtest8  (cost=0.43..378.25 rows=95 width=121)
	              Index Cond: ((id >= 1921637) AND (id <= 1921736))

for: sum_ranges
table 1 : explain SELECT SUM(k) FROM sbtest1 WHERE id BETWEEN 3375641 AND 3375740
	Aggregate  (cost=386.63..386.64 rows=1 width=8)
	  ->  Index Scan using sbtest1_pkey on sbtest1  (cost=0.43..386.38 rows=97 width=4)
	        Index Cond: ((id >= 3375641) AND (id <= 3375740))

table 2 : explain SELECT SUM(k) FROM sbtest2 WHERE id BETWEEN 3898535 AND 3898634
	Aggregate  (cost=446.63..446.64 rows=1 width=8)
	  ->  Index Scan using sbtest2_pkey on sbtest2  (cost=0.43..446.35 rows=112 width=4)
	        Index Cond: ((id >= 3898535) AND (id <= 3898634))

table 3 : explain SELECT SUM(k) FROM sbtest3 WHERE id BETWEEN 250980 AND 251079
	Aggregate  (cost=390.08..390.09 rows=1 width=8)
	  ->  Index Scan using sbtest3_pkey on sbtest3  (cost=0.43..389.84 rows=98 width=4)
	        Index Cond: ((id >= 250980) AND (id <= 251079))

table 4 : explain SELECT SUM(k) FROM sbtest4 WHERE id BETWEEN 8404563 AND 8404662
	Aggregate  (cost=381.91..381.92 rows=1 width=8)
	  ->  Index Scan using sbtest4_pkey on sbtest4  (cost=0.43..381.67 rows=96 width=4)
	        Index Cond: ((id >= 8404563) AND (id <= 8404662))

table 5 : explain SELECT SUM(k) FROM sbtest5 WHERE id BETWEEN 5063711 AND 5063810
	Aggregate  (cost=397.14..397.15 rows=1 width=8)
	  ->  Index Scan using sbtest5_pkey on sbtest5  (cost=0.43..396.89 rows=100 width=4)
	        Index Cond: ((id >= 5063711) AND (id <= 5063810))

table 6 : explain SELECT SUM(k) FROM sbtest6 WHERE id BETWEEN 4184634 AND 4184733
	Aggregate  (cost=378.36..378.37 rows=1 width=8)
	  ->  Index Scan using sbtest6_pkey on sbtest6  (cost=0.43..378.12 rows=95 width=4)
	        Index Cond: ((id >= 4184634) AND (id <= 4184733))

table 7 : explain SELECT SUM(k) FROM sbtest7 WHERE id BETWEEN 9705316 AND 9705415
	Aggregate  (cost=358.61..358.62 rows=1 width=8)
	  ->  Index Scan using sbtest7_pkey on sbtest7  (cost=0.43..358.38 rows=90 width=4)
	        Index Cond: ((id >= 9705316) AND (id <= 9705415))

table 8 : explain SELECT SUM(k) FROM sbtest8 WHERE id BETWEEN 3828742 AND 3828841
	Aggregate  (cost=409.99..410.00 rows=1 width=8)
	  ->  Index Scan using sbtest8_pkey on sbtest8  (cost=0.43..409.74 rows=103 width=4)
	        Index Cond: ((id >= 3828742) AND (id <= 3828841))

explain: for point_selects :: explain SELECT c FROM sbtest%u WHERE id=%u
for: simple_ranges
table 1 : explain SELECT c FROM sbtest1 WHERE id BETWEEN 211602 AND 211701
	Index Scan using sbtest1_pkey on sbtest1  (cost=0.43..406.06 rows=102 width=121)
	  Index Cond: ((id >= 211602) AND (id <= 211701))

table 2 : explain SELECT c FROM sbtest2 WHERE id BETWEEN 816558 AND 816657
	Index Scan using sbtest2_pkey on sbtest2  (cost=0.43..367.44 rows=92 width=121)
	  Index Cond: ((id >= 816558) AND (id <= 816657))

table 3 : explain SELECT c FROM sbtest3 WHERE id BETWEEN 2822422 AND 2822521
	Index Scan using sbtest3_pkey on sbtest3  (cost=0.43..381.98 rows=96 width=121)
	  Index Cond: ((id >= 2822422) AND (id <= 2822521))

table 4 : explain SELECT c FROM sbtest4 WHERE id BETWEEN 2983380 AND 2983479
	Index Scan using sbtest4_pkey on sbtest4  (cost=0.43..409.16 rows=103 width=121)
	  Index Cond: ((id >= 2983380) AND (id <= 2983479))

table 5 : explain SELECT c FROM sbtest5 WHERE id BETWEEN 8034781 AND 8034880
	Index Scan using sbtest5_pkey on sbtest5  (cost=0.43..373.33 rows=94 width=121)
	  Index Cond: ((id >= 8034781) AND (id <= 8034880))

table 6 : explain SELECT c FROM sbtest6 WHERE id BETWEEN 9989523 AND 9989622
	Index Scan using sbtest6_pkey on sbtest6  (cost=0.43..433.17 rows=109 width=121)
	  Index Cond: ((id >= 9989523) AND (id <= 9989622))

table 7 : explain SELECT c FROM sbtest7 WHERE id BETWEEN 4480568 AND 4480667
	Index Scan using sbtest7_pkey on sbtest7  (cost=0.43..393.79 rows=99 width=121)
	  Index Cond: ((id >= 4480568) AND (id <= 4480667))

table 8 : explain SELECT c FROM sbtest8 WHERE id BETWEEN 7622227 AND 7622326
	Index Scan using sbtest8_pkey on sbtest8  (cost=0.43..390.07 rows=98 width=121)
	  Index Cond: ((id >= 7622227) AND (id <= 7622326))

for: simple_ranges
table 1 : explain SELECT c FROM sbtest1 WHERE id BETWEEN 1781613 AND 1781712
	Index Scan using sbtest1_pkey on sbtest1  (cost=0.43..374.55 rows=94 width=121)
	  Index Cond: ((id >= 1781613) AND (id <= 1781712))

table 2 : explain SELECT c FROM sbtest2 WHERE id BETWEEN 5980274 AND 5980373
	Index Scan using sbtest2_pkey on sbtest2  (cost=0.43..351.66 rows=88 width=121)
	  Index Cond: ((id >= 5980274) AND (id <= 5980373))

table 3 : explain SELECT c FROM sbtest3 WHERE id BETWEEN 7535203 AND 7535302
	Index Scan using sbtest3_pkey on sbtest3  (cost=0.43..362.32 rows=91 width=121)
	  Index Cond: ((id >= 7535203) AND (id <= 7535302))

table 4 : explain SELECT c FROM sbtest4 WHERE id BETWEEN 2643880 AND 2643979
	Index Scan using sbtest4_pkey on sbtest4  (cost=0.43..401.31 rows=101 width=121)
	  Index Cond: ((id >= 2643880) AND (id <= 2643979))

table 5 : explain SELECT c FROM sbtest5 WHERE id BETWEEN 5390184 AND 5390283
	Index Scan using sbtest5_pkey on sbtest5  (cost=0.43..440.04 rows=111 width=121)
	  Index Cond: ((id >= 5390184) AND (id <= 5390283))

table 6 : explain SELECT c FROM sbtest6 WHERE id BETWEEN 7036251 AND 7036350
	Index Scan using sbtest6_pkey on sbtest6  (cost=0.43..429.24 rows=108 width=121)
	  Index Cond: ((id >= 7036251) AND (id <= 7036350))

table 7 : explain SELECT c FROM sbtest7 WHERE id BETWEEN 800322 AND 800421
	Index Scan using sbtest7_pkey on sbtest7  (cost=0.43..425.24 rows=107 width=121)
	  Index Cond: ((id >= 800322) AND (id <= 800421))

table 8 : explain SELECT c FROM sbtest8 WHERE id BETWEEN 9237493 AND 9237592
	Index Scan using sbtest8_pkey on sbtest8  (cost=0.43..401.87 rows=101 width=121)
	  Index Cond: ((id >= 9237493) AND (id <= 9237592))

for: simple_ranges
table 1 : explain SELECT c FROM sbtest1 WHERE id BETWEEN 6560817 AND 6560916
	Index Scan using sbtest1_pkey on sbtest1  (cost=0.43..437.55 rows=110 width=121)
	  Index Cond: ((id >= 6560817) AND (id <= 6560916))

table 2 : explain SELECT c FROM sbtest2 WHERE id BETWEEN 6583230 AND 6583329
	Index Scan using sbtest2_pkey on sbtest2  (cost=0.43..422.68 rows=106 width=121)
	  Index Cond: ((id >= 6583230) AND (id <= 6583329))

table 3 : explain SELECT c FROM sbtest3 WHERE id BETWEEN 8188235 AND 8188334
	Index Scan using sbtest3_pkey on sbtest3  (cost=0.43..393.77 rows=99 width=121)
	  Index Cond: ((id >= 8188235) AND (id <= 8188334))

table 4 : explain SELECT c FROM sbtest4 WHERE id BETWEEN 2026389 AND 2026488
	Index Scan using sbtest4_pkey on sbtest4  (cost=0.43..405.24 rows=102 width=121)
	  Index Cond: ((id >= 2026389) AND (id <= 2026488))

table 5 : explain SELECT c FROM sbtest5 WHERE id BETWEEN 8963631 AND 8963730
	Index Scan using sbtest5_pkey on sbtest5  (cost=0.43..389.04 rows=98 width=121)
	  Index Cond: ((id >= 8963631) AND (id <= 8963730))

table 6 : explain SELECT c FROM sbtest6 WHERE id BETWEEN 4539260 AND 4539359
	Index Scan using sbtest6_pkey on sbtest6  (cost=0.43..393.85 rows=99 width=121)
	  Index Cond: ((id >= 4539260) AND (id <= 4539359))

table 7 : explain SELECT c FROM sbtest7 WHERE id BETWEEN 9326592 AND 9326691
	Index Scan using sbtest7_pkey on sbtest7  (cost=0.43..366.27 rows=92 width=121)
	  Index Cond: ((id >= 9326592) AND (id <= 9326691))

table 8 : explain SELECT c FROM sbtest8 WHERE id BETWEEN 8511890 AND 8511989
	Index Scan using sbtest8_pkey on sbtest8  (cost=0.43..390.07 rows=98 width=121)
	  Index Cond: ((id >= 8511890) AND (id <= 8511989))

for: order_ranges
table 1 : explain SELECT c FROM sbtest1 WHERE id BETWEEN 1029752 AND 1029851 ORDER BY c
	Sort  (cost=413.44..413.70 rows=103 width=121)
	  Sort Key: c
	  ->  Index Scan using sbtest1_pkey on sbtest1  (cost=0.43..410.00 rows=103 width=121)
	        Index Cond: ((id >= 1029752) AND (id <= 1029851))

table 2 : explain SELECT c FROM sbtest2 WHERE id BETWEEN 6313179 AND 6313278 ORDER BY c
	Sort  (cost=414.29..414.55 rows=103 width=121)
	  Sort Key: c
	  ->  Index Scan using sbtest2_pkey on sbtest2  (cost=0.43..410.85 rows=103 width=121)
	        Index Cond: ((id >= 6313179) AND (id <= 6313278))

table 3 : explain SELECT c FROM sbtest3 WHERE id BETWEEN 2002658 AND 2002757 ORDER BY c
	Sort  (cost=381.16..381.40 rows=95 width=121)
	  Sort Key: c
	  ->  Index Scan using sbtest3_pkey on sbtest3  (cost=0.43..378.04 rows=95 width=121)
	        Index Cond: ((id >= 2002658) AND (id <= 2002757))

table 4 : explain SELECT c FROM sbtest4 WHERE id BETWEEN 4920412 AND 4920511 ORDER BY c
	Sort  (cost=380.86..381.10 rows=95 width=121)
	  Sort Key: c
	  ->  Index Scan using sbtest4_pkey on sbtest4  (cost=0.43..377.74 rows=95 width=121)
	        Index Cond: ((id >= 4920412) AND (id <= 4920511))

table 5 : explain SELECT c FROM sbtest5 WHERE id BETWEEN 5789499 AND 5789598 ORDER BY c
	Sort  (cost=404.18..404.43 rows=101 width=121)
	  Sort Key: c
	  ->  Index Scan using sbtest5_pkey on sbtest5  (cost=0.43..400.81 rows=101 width=121)
	        Index Cond: ((id >= 5789499) AND (id <= 5789598))

table 6 : explain SELECT c FROM sbtest6 WHERE id BETWEEN 2809103 AND 2809202 ORDER BY c
	Sort  (cost=389.19..389.43 rows=97 width=121)
	  Sort Key: c
	  ->  Index Scan using sbtest6_pkey on sbtest6  (cost=0.43..385.99 rows=97 width=121)
	        Index Cond: ((id >= 2809103) AND (id <= 2809202))

table 7 : explain SELECT c FROM sbtest7 WHERE id BETWEEN 2757497 AND 2757596 ORDER BY c
	Sort  (cost=397.07..397.32 rows=99 width=121)
	  Sort Key: c
	  ->  Index Scan using sbtest7_pkey on sbtest7  (cost=0.43..393.79 rows=99 width=121)
	        Index Cond: ((id >= 2757497) AND (id <= 2757596))

table 8 : explain SELECT c FROM sbtest8 WHERE id BETWEEN 3130119 AND 3130218 ORDER BY c
	Sort  (cost=488.70..489.00 rows=122 width=121)
	  Sort Key: c
	  ->  Index Scan using sbtest8_pkey on sbtest8  (cost=0.43..484.47 rows=122 width=121)
	        Index Cond: ((id >= 3130119) AND (id <= 3130218))

for: order_ranges
table 1 : explain SELECT c FROM sbtest1 WHERE id BETWEEN 8682722 AND 8682821 ORDER BY c
	Sort  (cost=393.56..393.81 rows=98 width=121)
	  Sort Key: c
	  ->  Index Scan using sbtest1_pkey on sbtest1  (cost=0.43..390.32 rows=98 width=121)
	        Index Cond: ((id >= 8682722) AND (id <= 8682821))

table 2 : explain SELECT c FROM sbtest2 WHERE id BETWEEN 3081128 AND 3081227 ORDER BY c
	Sort  (cost=410.31..410.56 rows=102 width=121)
	  Sort Key: c
	  ->  Index Scan using sbtest2_pkey on sbtest2  (cost=0.43..406.91 rows=102 width=121)
	        Index Cond: ((id >= 3081128) AND (id <= 3081227))

table 3 : explain SELECT c FROM sbtest3 WHERE id BETWEEN 4081774 AND 4081873 ORDER BY c
	Sort  (cost=440.74..441.01 rows=110 width=121)
	  Sort Key: c
	  ->  Index Scan using sbtest3_pkey on sbtest3  (cost=0.43..437.01 rows=110 width=121)
	        Index Cond: ((id >= 4081774) AND (id <= 4081873))

table 4 : explain SELECT c FROM sbtest4 WHERE id BETWEEN 972444 AND 972543 ORDER BY c
	Sort  (cost=388.80..389.04 rows=97 width=121)
	  Sort Key: c
	  ->  Index Scan using sbtest4_pkey on sbtest4  (cost=0.43..385.60 rows=97 width=121)
	        Index Cond: ((id >= 972444) AND (id <= 972543))

table 5 : explain SELECT c FROM sbtest5 WHERE id BETWEEN 3560631 AND 3560730 ORDER BY c
	Sort  (cost=404.18..404.43 rows=101 width=121)
	  Sort Key: c
	  ->  Index Scan using sbtest5_pkey on sbtest5  (cost=0.43..400.81 rows=101 width=121)
	        Index Cond: ((id >= 3560631) AND (id <= 3560730))

table 6 : explain SELECT c FROM sbtest6 WHERE id BETWEEN 7980350 AND 7980449 ORDER BY c
	Sort  (cost=405.08..405.33 rows=101 width=121)
	  Sort Key: c
	  ->  Index Scan using sbtest6_pkey on sbtest6  (cost=0.43..401.71 rows=101 width=121)
	        Index Cond: ((id >= 7980350) AND (id <= 7980449))

table 7 : explain SELECT c FROM sbtest7 WHERE id BETWEEN 8018585 AND 8018684 ORDER BY c
	Sort  (cost=408.98..409.24 rows=102 width=121)
	  Sort Key: c
	  ->  Index Scan using sbtest7_pkey on sbtest7  (cost=0.43..405.58 rows=102 width=121)
	        Index Cond: ((id >= 8018585) AND (id <= 8018684))

table 8 : explain SELECT c FROM sbtest8 WHERE id BETWEEN 4239312 AND 4239411 ORDER BY c
	Sort  (cost=349.58..349.80 rows=87 width=121)
	  Sort Key: c
	  ->  Index Scan using sbtest8_pkey on sbtest8  (cost=0.43..346.78 rows=87 width=121)
	        Index Cond: ((id >= 4239312) AND (id <= 4239411))

for point_selects
table 1 : explain SELECT c FROM sbtest1 WHERE id=4276592
	Index Scan using sbtest1_pkey on sbtest1  (cost=0.43..8.45 rows=1 width=121)
	  Index Cond: (id = 4276592)

table 2 : explain SELECT c FROM sbtest2 WHERE id=2348684
	Index Scan using sbtest2_pkey on sbtest2  (cost=0.43..8.45 rows=1 width=121)
	  Index Cond: (id = 2348684)

table 3 : explain SELECT c FROM sbtest3 WHERE id=8924830
	Index Scan using sbtest3_pkey on sbtest3  (cost=0.43..8.45 rows=1 width=121)
	  Index Cond: (id = 8924830)

table 4 : explain SELECT c FROM sbtest4 WHERE id=9031307
	Index Scan using sbtest4_pkey on sbtest4  (cost=0.43..8.45 rows=1 width=121)
	  Index Cond: (id = 9031307)

table 5 : explain SELECT c FROM sbtest5 WHERE id=4586284
	Index Scan using sbtest5_pkey on sbtest5  (cost=0.43..8.45 rows=1 width=121)
	  Index Cond: (id = 4586284)

table 6 : explain SELECT c FROM sbtest6 WHERE id=3456565
	Index Scan using sbtest6_pkey on sbtest6  (cost=0.43..8.45 rows=1 width=121)
	  Index Cond: (id = 3456565)

table 7 : explain SELECT c FROM sbtest7 WHERE id=5610043
	Index Scan using sbtest7_pkey on sbtest7  (cost=0.43..8.45 rows=1 width=121)
	  Index Cond: (id = 5610043)

table 8 : explain SELECT c FROM sbtest8 WHERE id=8541731
	Index Scan using sbtest8_pkey on sbtest8  (cost=0.43..8.45 rows=1 width=121)
	  Index Cond: (id = 8541731)

for: sum_ranges
table 1 : explain SELECT SUM(k) FROM sbtest1 WHERE id BETWEEN 3712626 AND 3712725
	Aggregate  (cost=414.20..414.21 rows=1 width=8)
	  ->  Index Scan using sbtest1_pkey on sbtest1  (cost=0.43..413.94 rows=104 width=4)
	        Index Cond: ((id >= 3712626) AND (id <= 3712725))

table 2 : explain SELECT SUM(k) FROM sbtest2 WHERE id BETWEEN 816060 AND 816159
	Aggregate  (cost=367.67..367.68 rows=1 width=8)
	  ->  Index Scan using sbtest2_pkey on sbtest2  (cost=0.43..367.44 rows=92 width=4)
	        Index Cond: ((id >= 816060) AND (id <= 816159))

table 3 : explain SELECT SUM(k) FROM sbtest3 WHERE id BETWEEN 1129943 AND 1130042
	Aggregate  (cost=401.88..401.89 rows=1 width=8)
	  ->  Index Scan using sbtest3_pkey on sbtest3  (cost=0.43..401.63 rows=101 width=4)
	        Index Cond: ((id >= 1129943) AND (id <= 1130042))

table 4 : explain SELECT SUM(k) FROM sbtest4 WHERE id BETWEEN 6987637 AND 6987736
	Aggregate  (cost=354.37..354.38 rows=1 width=8)
	  ->  Index Scan using sbtest4_pkey on sbtest4  (cost=0.43..354.15 rows=89 width=4)
	        Index Cond: ((id >= 6987637) AND (id <= 6987736))

table 5 : explain SELECT SUM(k) FROM sbtest5 WHERE id BETWEEN 3926907 AND 3927006
	Aggregate  (cost=416.77..416.78 rows=1 width=8)
	  ->  Index Scan using sbtest5_pkey on sbtest5  (cost=0.43..416.50 rows=105 width=4)
	        Index Cond: ((id >= 3926907) AND (id <= 3927006))

table 6 : explain SELECT SUM(k) FROM sbtest6 WHERE id BETWEEN 2909673 AND 2909772
	Aggregate  (cost=382.29..382.30 rows=1 width=8)
	  ->  Index Scan using sbtest6_pkey on sbtest6  (cost=0.43..382.05 rows=96 width=4)
	        Index Cond: ((id >= 2909673) AND (id <= 2909772))

table 7 : explain SELECT SUM(k) FROM sbtest7 WHERE id BETWEEN 5581652 AND 5581751
	Aggregate  (cost=409.77..409.78 rows=1 width=8)
	  ->  Index Scan using sbtest7_pkey on sbtest7  (cost=0.43..409.51 rows=103 width=4)
	        Index Cond: ((id >= 5581652) AND (id <= 5581751))

table 8 : explain SELECT SUM(k) FROM sbtest8 WHERE id BETWEEN 2028064 AND 2028163
	Aggregate  (cost=382.42..382.43 rows=1 width=8)
	  ->  Index Scan using sbtest8_pkey on sbtest8  (cost=0.43..382.18 rows=96 width=4)
	        Index Cond: ((id >= 2028064) AND (id <= 2028163))

for: distinct_ranges
table 1 : explain SELECT DISTINCT c FROM sbtest1 WHERE id BETWEEN 3743180 AND 3743279 ORDER BY c
	Unique  (cost=417.42..417.94 rows=104 width=121)
	  ->  Sort  (cost=417.42..417.68 rows=104 width=121)
	        Sort Key: c
	        ->  Index Scan using sbtest1_pkey on sbtest1  (cost=0.43..413.94 rows=104 width=121)
	              Index Cond: ((id >= 3743180) AND (id <= 3743279))

table 2 : explain SELECT DISTINCT c FROM sbtest2 WHERE id BETWEEN 6466269 AND 6466368 ORDER BY c
	Unique  (cost=422.26..422.79 rows=105 width=121)
	  ->  Sort  (cost=422.26..422.53 rows=105 width=121)
	        Sort Key: c
	        ->  Index Scan using sbtest2_pkey on sbtest2  (cost=0.43..418.74 rows=105 width=121)
	              Index Cond: ((id >= 6466269) AND (id <= 6466368))

table 3 : explain SELECT DISTINCT c FROM sbtest3 WHERE id BETWEEN 1837063 AND 1837162 ORDER BY c
	Unique  (cost=412.94..413.45 rows=103 width=121)
	  ->  Sort  (cost=412.94..413.19 rows=103 width=121)
	        Sort Key: c
	        ->  Index Scan using sbtest3_pkey on sbtest3  (cost=0.43..409.49 rows=103 width=121)
	              Index Cond: ((id >= 1837063) AND (id <= 1837162))

table 4 : explain SELECT DISTINCT c FROM sbtest4 WHERE id BETWEEN 6121686 AND 6121785 ORDER BY c
	Unique  (cost=416.58..417.10 rows=104 width=121)
	  ->  Sort  (cost=416.58..416.84 rows=104 width=121)
	        Sort Key: c
	        ->  Index Scan using sbtest4_pkey on sbtest4  (cost=0.43..413.09 rows=104 width=121)
	              Index Cond: ((id >= 6121686) AND (id <= 6121785))

table 5 : explain SELECT DISTINCT c FROM sbtest5 WHERE id BETWEEN 7401611 AND 7401710 ORDER BY c
	Unique  (cost=423.99..424.52 rows=106 width=121)
	  ->  Sort  (cost=423.99..424.26 rows=106 width=121)
	        Sort Key: c
	        ->  Index Scan using sbtest5_pkey on sbtest5  (cost=0.43..420.43 rows=106 width=121)
	              Index Cond: ((id >= 7401611) AND (id <= 7401710))

table 6 : explain SELECT DISTINCT c FROM sbtest6 WHERE id BETWEEN 7182737 AND 7182836 ORDER BY c
	Unique  (cost=353.42..353.86 rows=88 width=121)
	  ->  Sort  (cost=353.42..353.64 rows=88 width=121)
	        Sort Key: c
	        ->  Index Scan using sbtest6_pkey on sbtest6  (cost=0.43..350.58 rows=88 width=121)
	              Index Cond: ((id >= 7182737) AND (id <= 7182836))

table 7 : explain SELECT DISTINCT c FROM sbtest7 WHERE id BETWEEN 2323274 AND 2323373 ORDER BY c
	Unique  (cost=452.68..453.24 rows=113 width=121)
	  ->  Sort  (cost=452.68..452.96 rows=113 width=121)
	        Sort Key: c
	        ->  Index Scan using sbtest7_pkey on sbtest7  (cost=0.43..448.82 rows=113 width=121)
	              Index Cond: ((id >= 2323274) AND (id <= 2323373))

table 8 : explain SELECT DISTINCT c FROM sbtest8 WHERE id BETWEEN 4305801 AND 4305900 ORDER BY c
	Unique  (cost=349.58..350.02 rows=87 width=121)
	  ->  Sort  (cost=349.58..349.80 rows=87 width=121)
	        Sort Key: c
	        ->  Index Scan using sbtest8_pkey on sbtest8  (cost=0.43..346.78 rows=87 width=121)
	              Index Cond: ((id >= 4305801) AND (id <= 4305900))

for: order_ranges
table 1 : explain SELECT c FROM sbtest1 WHERE id BETWEEN 4063304 AND 4063403 ORDER BY c
	Sort  (cost=397.54..397.79 rows=99 width=121)
	  Sort Key: c
	  ->  Index Scan using sbtest1_pkey on sbtest1  (cost=0.43..394.26 rows=99 width=121)
	        Index Cond: ((id >= 4063304) AND (id <= 4063403))

table 2 : explain SELECT c FROM sbtest2 WHERE id BETWEEN 6858945 AND 6859044 ORDER BY c
	Sort  (cost=474.08..474.37 rows=118 width=121)
	  Sort Key: c
	  ->  Index Scan using sbtest2_pkey on sbtest2  (cost=0.43..470.02 rows=118 width=121)
	        Index Cond: ((id >= 6858945) AND (id <= 6859044))

table 3 : explain SELECT c FROM sbtest3 WHERE id BETWEEN 4339175 AND 4339274 ORDER BY c
	Sort  (cost=401.02..401.27 rows=100 width=121)
	  Sort Key: c
	  ->  Index Scan using sbtest3_pkey on sbtest3  (cost=0.43..397.70 rows=100 width=121)
	        Index Cond: ((id >= 4339175) AND (id <= 4339274))

table 4 : explain SELECT c FROM sbtest4 WHERE id BETWEEN 4317501 AND 4317600 ORDER BY c
	Sort  (cost=400.70..400.95 rows=100 width=121)
	  Sort Key: c
	  ->  Index Scan using sbtest4_pkey on sbtest4  (cost=0.43..397.38 rows=100 width=121)
	        Index Cond: ((id >= 4317501) AND (id <= 4317600))

table 5 : explain SELECT c FROM sbtest5 WHERE id BETWEEN 4240891 AND 4240990 ORDER BY c
	Sort  (cost=427.96..428.22 rows=107 width=121)
	  Sort Key: c
	  ->  Index Scan using sbtest5_pkey on sbtest5  (cost=0.43..424.35 rows=107 width=121)
	        Index Cond: ((id >= 4240891) AND (id <= 4240990))

table 6 : explain SELECT c FROM sbtest6 WHERE id BETWEEN 5899106 AND 5899205 ORDER BY c
	Sort  (cost=401.10..401.35 rows=100 width=121)
	  Sort Key: c
	  ->  Index Scan using sbtest6_pkey on sbtest6  (cost=0.43..397.78 rows=100 width=121)
	        Index Cond: ((id >= 5899106) AND (id <= 5899205))

table 7 : explain SELECT c FROM sbtest7 WHERE id BETWEEN 7638038 AND 7638137 ORDER BY c
	Sort  (cost=428.84..429.11 rows=107 width=121)
	  Sort Key: c
	  ->  Index Scan using sbtest7_pkey on sbtest7  (cost=0.43..425.24 rows=107 width=121)
	        Index Cond: ((id >= 7638038) AND (id <= 7638137))

table 8 : explain SELECT c FROM sbtest8 WHERE id BETWEEN 4135443 AND 4135542 ORDER BY c
	Sort  (cost=409.20..409.46 rows=102 width=121)
	  Sort Key: c
	  ->  Index Scan using sbtest8_pkey on sbtest8  (cost=0.43..405.80 rows=102 width=121)
	        Index Cond: ((id >= 4135443) AND (id <= 4135542))

for: distinct_ranges
table 1 : explain SELECT DISTINCT c FROM sbtest1 WHERE id BETWEEN 7813636 AND 7813735 ORDER BY c
	Unique  (cost=417.42..417.94 rows=104 width=121)
	  ->  Sort  (cost=417.42..417.68 rows=104 width=121)
	        Sort Key: c
	        ->  Index Scan using sbtest1_pkey on sbtest1  (cost=0.43..413.94 rows=104 width=121)
	              Index Cond: ((id >= 7813636) AND (id <= 7813735))

table 2 : explain SELECT DISTINCT c FROM sbtest2 WHERE id BETWEEN 5224665 AND 5224764 ORDER BY c
	Unique  (cost=386.38..386.86 rows=96 width=121)
	  ->  Sort  (cost=386.38..386.62 rows=96 width=121)
	        Sort Key: c
	        ->  Index Scan using sbtest2_pkey on sbtest2  (cost=0.43..383.22 rows=96 width=121)
	              Index Cond: ((id >= 5224665) AND (id <= 5224764))

table 3 : explain SELECT DISTINCT c FROM sbtest3 WHERE id BETWEEN 300302 AND 300401 ORDER BY c
	Unique  (cost=393.08..393.57 rows=98 width=121)
	  ->  Sort  (cost=393.08..393.32 rows=98 width=121)
	        Sort Key: c
	        ->  Index Scan using sbtest3_pkey on sbtest3  (cost=0.43..389.84 rows=98 width=121)
	              Index Cond: ((id >= 300302) AND (id <= 300401))

table 4 : explain SELECT DISTINCT c FROM sbtest4 WHERE id BETWEEN 105010 AND 105109 ORDER BY c
	Unique  (cost=380.86..381.34 rows=95 width=121)
	  ->  Sort  (cost=380.86..381.10 rows=95 width=121)
	        Sort Key: c
	        ->  Index Scan using sbtest4_pkey on sbtest4  (cost=0.43..377.74 rows=95 width=121)
	              Index Cond: ((id >= 105010) AND (id <= 105109))

table 5 : explain SELECT DISTINCT c FROM sbtest5 WHERE id BETWEEN 8279448 AND 8279547 ORDER BY c
	Unique  (cost=416.07..416.59 rows=104 width=121)
	  ->  Sort  (cost=416.07..416.33 rows=104 width=121)
	        Sort Key: c
	        ->  Index Scan using sbtest5_pkey on sbtest5  (cost=0.43..412.58 rows=104 width=121)
	              Index Cond: ((id >= 8279448) AND (id <= 8279547))

table 6 : explain SELECT DISTINCT c FROM sbtest6 WHERE id BETWEEN 9413123 AND 9413222 ORDER BY c
	Unique  (cost=405.08..405.58 rows=101 width=121)
	  ->  Sort  (cost=405.08..405.33 rows=101 width=121)
	        Sort Key: c
	        ->  Index Scan using sbtest6_pkey on sbtest6  (cost=0.43..401.71 rows=101 width=121)
	              Index Cond: ((id >= 9413123) AND (id <= 9413222))

table 7 : explain SELECT DISTINCT c FROM sbtest7 WHERE id BETWEEN 9640674 AND 9640773 ORDER BY c
	Unique  (cost=401.04..401.54 rows=100 width=121)
	  ->  Sort  (cost=401.04..401.29 rows=100 width=121)
	        Sort Key: c
	        ->  Index Scan using sbtest7_pkey on sbtest7  (cost=0.43..397.72 rows=100 width=121)
	              Index Cond: ((id >= 9640674) AND (id <= 9640773))

table 8 : explain SELECT DISTINCT c FROM sbtest8 WHERE id BETWEEN 8228413 AND 8228512 ORDER BY c
	Unique  (cost=397.28..397.78 rows=99 width=121)
	  ->  Sort  (cost=397.28..397.53 rows=99 width=121)
	        Sort Key: c
	        ->  Index Scan using sbtest8_pkey on sbtest8  (cost=0.43..394.00 rows=99 width=121)
	              Index Cond: ((id >= 8228413) AND (id <= 8228512))

for: simple_ranges
table 1 : explain SELECT c FROM sbtest1 WHERE id BETWEEN 4421290 AND 4421389
	Index Scan using sbtest1_pkey on sbtest1  (cost=0.43..398.19 rows=100 width=121)
	  Index Cond: ((id >= 4421290) AND (id <= 4421389))

table 2 : explain SELECT c FROM sbtest2 WHERE id BETWEEN 6133133 AND 6133232
	Index Scan using sbtest2_pkey on sbtest2  (cost=0.43..406.91 rows=102 width=121)
	  Index Cond: ((id >= 6133133) AND (id <= 6133232))

table 3 : explain SELECT c FROM sbtest3 WHERE id BETWEEN 9218685 AND 9218784
	Index Scan using sbtest3_pkey on sbtest3  (cost=0.43..389.84 rows=98 width=121)
	  Index Cond: ((id >= 9218685) AND (id <= 9218784))

table 4 : explain SELECT c FROM sbtest4 WHERE id BETWEEN 2994156 AND 2994255
	Index Scan using sbtest4_pkey on sbtest4  (cost=0.43..409.16 rows=103 width=121)
	  Index Cond: ((id >= 2994156) AND (id <= 2994255))

table 5 : explain SELECT c FROM sbtest5 WHERE id BETWEEN 9697420 AND 9697519
	Index Scan using sbtest5_pkey on sbtest5  (cost=0.43..392.97 rows=99 width=121)
	  Index Cond: ((id >= 9697420) AND (id <= 9697519))

table 6 : explain SELECT c FROM sbtest6 WHERE id BETWEEN 2428327 AND 2428426
	Index Scan using sbtest6_pkey on sbtest6  (cost=0.43..389.92 rows=98 width=121)
	  Index Cond: ((id >= 2428327) AND (id <= 2428426))

table 7 : explain SELECT c FROM sbtest7 WHERE id BETWEEN 1410897 AND 1410996
	Index Scan using sbtest7_pkey on sbtest7  (cost=0.43..393.79 rows=99 width=121)
	  Index Cond: ((id >= 1410897) AND (id <= 1410996))

table 8 : explain SELECT c FROM sbtest8 WHERE id BETWEEN 4190059 AND 4190158
	Index Scan using sbtest8_pkey on sbtest8  (cost=0.43..405.80 rows=102 width=121)
	  Index Cond: ((id >= 4190059) AND (id <= 4190158))

for: order_ranges
table 1 : explain SELECT c FROM sbtest1 WHERE id BETWEEN 5278648 AND 5278747 ORDER BY c
	Sort  (cost=405.49..405.74 rows=101 width=121)
	  Sort Key: c
	  ->  Index Scan using sbtest1_pkey on sbtest1  (cost=0.43..402.13 rows=101 width=121)
	        Index Cond: ((id >= 5278648) AND (id <= 5278747))

table 2 : explain SELECT c FROM sbtest2 WHERE id BETWEEN 2705063 AND 2705162 ORDER BY c
	Sort  (cost=382.40..382.63 rows=95 width=121)
	  Sort Key: c
	  ->  Index Scan using sbtest2_pkey on sbtest2  (cost=0.43..379.28 rows=95 width=121)
	        Index Cond: ((id >= 2705063) AND (id <= 2705162))

table 3 : explain SELECT c FROM sbtest3 WHERE id BETWEEN 5524402 AND 5524501 ORDER BY c
	Sort  (cost=420.88..421.14 rows=105 width=121)
	  Sort Key: c
	  ->  Index Scan using sbtest3_pkey on sbtest3  (cost=0.43..417.35 rows=105 width=121)
	        Index Cond: ((id >= 5524402) AND (id <= 5524501))

table 4 : explain SELECT c FROM sbtest4 WHERE id BETWEEN 8421520 AND 8421619 ORDER BY c
	Sort  (cost=384.83..385.07 rows=96 width=121)
	  Sort Key: c
	  ->  Index Scan using sbtest4_pkey on sbtest4  (cost=0.43..381.67 rows=96 width=121)
	        Index Cond: ((id >= 8421520) AND (id <= 8421619))

table 5 : explain SELECT c FROM sbtest5 WHERE id BETWEEN 5836384 AND 5836483 ORDER BY c
	Sort  (cost=404.18..404.43 rows=101 width=121)
	  Sort Key: c
	  ->  Index Scan using sbtest5_pkey on sbtest5  (cost=0.43..400.81 rows=101 width=121)
	        Index Cond: ((id >= 5836384) AND (id <= 5836483))

table 6 : explain SELECT c FROM sbtest6 WHERE id BETWEEN 8510567 AND 8510666 ORDER BY c
	Sort  (cost=389.19..389.43 rows=97 width=121)
	  Sort Key: c
	  ->  Index Scan using sbtest6_pkey on sbtest6  (cost=0.43..385.99 rows=97 width=121)
	        Index Cond: ((id >= 8510567) AND (id <= 8510666))

table 7 : explain SELECT c FROM sbtest7 WHERE id BETWEEN 377645 AND 377744 ORDER BY c
	Sort  (cost=408.98..409.24 rows=102 width=121)
	  Sort Key: c
	  ->  Index Scan using sbtest7_pkey on sbtest7  (cost=0.43..405.58 rows=102 width=121)
	        Index Cond: ((id >= 377645) AND (id <= 377744))

table 8 : explain SELECT c FROM sbtest8 WHERE id BETWEEN 2044475 AND 2044574 ORDER BY c
	Sort  (cost=385.34..385.58 rows=96 width=121)
	  Sort Key: c
	  ->  Index Scan using sbtest8_pkey on sbtest8  (cost=0.43..382.18 rows=96 width=121)
	        Index Cond: ((id >= 2044475) AND (id <= 2044574))

for: sum_ranges
table 1 : explain SELECT SUM(k) FROM sbtest1 WHERE id BETWEEN 8221557 AND 8221656
	Aggregate  (cost=406.32..406.33 rows=1 width=8)
	  ->  Index Scan using sbtest1_pkey on sbtest1  (cost=0.43..406.06 rows=102 width=4)
	        Index Cond: ((id >= 8221557) AND (id <= 8221656))

table 2 : explain SELECT SUM(k) FROM sbtest2 WHERE id BETWEEN 23713 AND 23812
	Aggregate  (cost=415.06..415.07 rows=1 width=8)
	  ->  Index Scan using sbtest2_pkey on sbtest2  (cost=0.43..414.80 rows=104 width=4)
	        Index Cond: ((id >= 23713) AND (id <= 23812))

table 3 : explain SELECT SUM(k) FROM sbtest3 WHERE id BETWEEN 4160820 AND 4160919
	Aggregate  (cost=413.68..413.69 rows=1 width=8)
	  ->  Index Scan using sbtest3_pkey on sbtest3  (cost=0.43..413.42 rows=104 width=4)
	        Index Cond: ((id >= 4160820) AND (id <= 4160919))

table 4 : explain SELECT SUM(k) FROM sbtest4 WHERE id BETWEEN 2907236 AND 2907335
	Aggregate  (cost=409.42..409.43 rows=1 width=8)
	  ->  Index Scan using sbtest4_pkey on sbtest4  (cost=0.43..409.16 rows=103 width=4)
	        Index Cond: ((id >= 2907236) AND (id <= 2907335))

table 5 : explain SELECT SUM(k) FROM sbtest5 WHERE id BETWEEN 6524973 AND 6525072
	Aggregate  (cost=416.77..416.78 rows=1 width=8)
	  ->  Index Scan using sbtest5_pkey on sbtest5  (cost=0.43..416.50 rows=105 width=4)
	        Index Cond: ((id >= 6524973) AND (id <= 6525072))

table 6 : explain SELECT SUM(k) FROM sbtest6 WHERE id BETWEEN 6665977 AND 6666076
	Aggregate  (cost=362.60..362.61 rows=1 width=8)
	  ->  Index Scan using sbtest6_pkey on sbtest6  (cost=0.43..362.37 rows=91 width=4)
	        Index Cond: ((id >= 6665977) AND (id <= 6666076))

table 7 : explain SELECT SUM(k) FROM sbtest7 WHERE id BETWEEN 6541117 AND 6541216
	Aggregate  (cost=382.23..382.24 rows=1 width=8)
	  ->  Index Scan using sbtest7_pkey on sbtest7  (cost=0.43..381.99 rows=96 width=4)
	        Index Cond: ((id >= 6541117) AND (id <= 6541216))

table 8 : explain SELECT SUM(k) FROM sbtest8 WHERE id BETWEEN 8927139 AND 8927238
	Aggregate  (cost=437.54..437.55 rows=1 width=8)
	  ->  Index Scan using sbtest8_pkey on sbtest8  (cost=0.43..437.27 rows=110 width=4)
	        Index Cond: ((id >= 8927139) AND (id <= 8927238))

for point_selects
table 1 : explain SELECT c FROM sbtest1 WHERE id=7345887
	Index Scan using sbtest1_pkey on sbtest1  (cost=0.43..8.45 rows=1 width=121)
	  Index Cond: (id = 7345887)

table 2 : explain SELECT c FROM sbtest2 WHERE id=6521550
	Index Scan using sbtest2_pkey on sbtest2  (cost=0.43..8.45 rows=1 width=121)
	  Index Cond: (id = 6521550)

table 3 : explain SELECT c FROM sbtest3 WHERE id=5276150
	Index Scan using sbtest3_pkey on sbtest3  (cost=0.43..8.45 rows=1 width=121)
	  Index Cond: (id = 5276150)

table 4 : explain SELECT c FROM sbtest4 WHERE id=9979845
	Index Scan using sbtest4_pkey on sbtest4  (cost=0.43..8.45 rows=1 width=121)
	  Index Cond: (id = 9979845)

table 5 : explain SELECT c FROM sbtest5 WHERE id=4773783
	Index Scan using sbtest5_pkey on sbtest5  (cost=0.43..8.45 rows=1 width=121)
	  Index Cond: (id = 4773783)

table 6 : explain SELECT c FROM sbtest6 WHERE id=7630228
	Index Scan using sbtest6_pkey on sbtest6  (cost=0.43..8.45 rows=1 width=121)
	  Index Cond: (id = 7630228)

table 7 : explain SELECT c FROM sbtest7 WHERE id=6171430
	Index Scan using sbtest7_pkey on sbtest7  (cost=0.43..8.45 rows=1 width=121)
	  Index Cond: (id = 6171430)

table 8 : explain SELECT c FROM sbtest8 WHERE id=6900256
	Index Scan using sbtest8_pkey on sbtest8  (cost=0.43..8.45 rows=1 width=121)
	  Index Cond: (id = 6900256)

for: sum_ranges
table 1 : explain SELECT SUM(k) FROM sbtest1 WHERE id BETWEEN 5529678 AND 5529777
	Aggregate  (cost=406.32..406.33 rows=1 width=8)
	  ->  Index Scan using sbtest1_pkey on sbtest1  (cost=0.43..406.06 rows=102 width=4)
	        Index Cond: ((id >= 5529678) AND (id <= 5529777))

table 2 : explain SELECT SUM(k) FROM sbtest2 WHERE id BETWEEN 9841562 AND 9841661
	Aggregate  (cost=379.51..379.52 rows=1 width=8)
	  ->  Index Scan using sbtest2_pkey on sbtest2  (cost=0.43..379.28 rows=95 width=4)
	        Index Cond: ((id >= 9841562) AND (id <= 9841661))

table 3 : explain SELECT SUM(k) FROM sbtest3 WHERE id BETWEEN 3483160 AND 3483259
	Aggregate  (cost=413.68..413.69 rows=1 width=8)
	  ->  Index Scan using sbtest3_pkey on sbtest3  (cost=0.43..413.42 rows=104 width=4)
	        Index Cond: ((id >= 3483160) AND (id <= 3483259))

table 4 : explain SELECT SUM(k) FROM sbtest4 WHERE id BETWEEN 9660636 AND 9660735
	Aggregate  (cost=405.49..405.50 rows=1 width=8)
	  ->  Index Scan using sbtest4_pkey on sbtest4  (cost=0.43..405.24 rows=102 width=4)
	        Index Cond: ((id >= 9660636) AND (id <= 9660735))

table 5 : explain SELECT SUM(k) FROM sbtest5 WHERE id BETWEEN 8063580 AND 8063679
	Aggregate  (cost=373.56..373.57 rows=1 width=8)
	  ->  Index Scan using sbtest5_pkey on sbtest5  (cost=0.43..373.33 rows=94 width=4)
	        Index Cond: ((id >= 8063580) AND (id <= 8063679))

table 6 : explain SELECT SUM(k) FROM sbtest6 WHERE id BETWEEN 6858620 AND 6858719
	Aggregate  (cost=358.67..358.68 rows=1 width=8)
	  ->  Index Scan using sbtest6_pkey on sbtest6  (cost=0.43..358.44 rows=90 width=4)
	        Index Cond: ((id >= 6858620) AND (id <= 6858719))

table 7 : explain SELECT SUM(k) FROM sbtest7 WHERE id BETWEEN 579429 AND 579528
	Aggregate  (cost=397.97..397.98 rows=1 width=8)
	  ->  Index Scan using sbtest7_pkey on sbtest7  (cost=0.43..397.72 rows=100 width=4)
	        Index Cond: ((id >= 579429) AND (id <= 579528))

table 8 : explain SELECT SUM(k) FROM sbtest8 WHERE id BETWEEN 4056500 AND 4056599
	Aggregate  (cost=402.12..402.13 rows=1 width=8)
	  ->  Index Scan using sbtest8_pkey on sbtest8  (cost=0.43..401.87 rows=101 width=4)
	        Index Cond: ((id >= 4056500) AND (id <= 4056599))

explain: for point_selects :: explain SELECT c FROM sbtest%u WHERE id=%u
explain: for point_selects :: explain SELECT c FROM sbtest%u WHERE id=%u
for: distinct_ranges
table 1 : explain SELECT DISTINCT c FROM sbtest1 WHERE id BETWEEN 3001994 AND 3002093 ORDER BY c
	Unique  (cost=413.44..413.96 rows=103 width=121)
	  ->  Sort  (cost=413.44..413.70 rows=103 width=121)
	        Sort Key: c
	        ->  Index Scan using sbtest1_pkey on sbtest1  (cost=0.43..410.00 rows=103 width=121)
	              Index Cond: ((id >= 3001994) AND (id <= 3002093))

table 2 : explain SELECT DISTINCT c FROM sbtest2 WHERE id BETWEEN 2711225 AND 2711324 ORDER BY c
	Unique  (cost=382.40..382.87 rows=95 width=121)
	  ->  Sort  (cost=382.40..382.63 rows=95 width=121)
	        Sort Key: c
	        ->  Index Scan using sbtest2_pkey on sbtest2  (cost=0.43..379.28 rows=95 width=121)
	              Index Cond: ((id >= 2711225) AND (id <= 2711324))

table 3 : explain SELECT DISTINCT c FROM sbtest3 WHERE id BETWEEN 8320755 AND 8320854 ORDER BY c
	Unique  (cost=385.14..385.62 rows=96 width=121)
	  ->  Sort  (cost=385.14..385.38 rows=96 width=121)
	        Sort Key: c
	        ->  Index Scan using sbtest3_pkey on sbtest3  (cost=0.43..381.98 rows=96 width=121)
	              Index Cond: ((id >= 8320755) AND (id <= 8320854))

table 4 : explain SELECT DISTINCT c FROM sbtest4 WHERE id BETWEEN 5902875 AND 5902974 ORDER BY c
	Unique  (cost=440.39..440.94 rows=110 width=121)
	  ->  Sort  (cost=440.39..440.66 rows=110 width=121)
	        Sort Key: c
	        ->  Index Scan using sbtest4_pkey on sbtest4  (cost=0.43..436.66 rows=110 width=121)
	              Index Cond: ((id >= 5902875) AND (id <= 5902974))

table 5 : explain SELECT DISTINCT c FROM sbtest5 WHERE id BETWEEN 4603048 AND 4603147 ORDER BY c
	Unique  (cost=372.45..372.91 rows=93 width=121)
	  ->  Sort  (cost=372.45..372.68 rows=93 width=121)
	        Sort Key: c
	        ->  Index Scan using sbtest5_pkey on sbtest5  (cost=0.43..369.41 rows=93 width=121)
	              Index Cond: ((id >= 4603048) AND (id <= 4603147))

table 6 : explain SELECT DISTINCT c FROM sbtest6 WHERE id BETWEEN 3629263 AND 3629362 ORDER BY c
	Unique  (cost=413.02..413.54 rows=103 width=121)
	  ->  Sort  (cost=413.02..413.28 rows=103 width=121)
	        Sort Key: c
	        ->  Index Scan using sbtest6_pkey on sbtest6  (cost=0.43..409.58 rows=103 width=121)
	              Index Cond: ((id >= 3629263) AND (id <= 3629362))

table 7 : explain SELECT DISTINCT c FROM sbtest7 WHERE id BETWEEN 7057469 AND 7057568 ORDER BY c
	Unique  (cost=432.82..433.36 rows=108 width=121)
	  ->  Sort  (cost=432.82..433.09 rows=108 width=121)
	        Sort Key: c
	        ->  Index Scan using sbtest7_pkey on sbtest7  (cost=0.43..429.17 rows=108 width=121)
	              Index Cond: ((id >= 7057469) AND (id <= 7057568))

table 8 : explain SELECT DISTINCT c FROM sbtest8 WHERE id BETWEEN 5057670 AND 5057769 ORDER BY c
	Unique  (cost=409.20..409.71 rows=102 width=121)
	  ->  Sort  (cost=409.20..409.46 rows=102 width=121)
	        Sort Key: c
	        ->  Index Scan using sbtest8_pkey on sbtest8  (cost=0.43..405.80 rows=102 width=121)
	              Index Cond: ((id >= 5057670) AND (id <= 5057769))

for: sum_ranges
table 1 : explain SELECT SUM(k) FROM sbtest1 WHERE id BETWEEN 727808 AND 727907
	Aggregate  (cost=390.57..390.58 rows=1 width=8)
	  ->  Index Scan using sbtest1_pkey on sbtest1  (cost=0.43..390.32 rows=98 width=4)
	        Index Cond: ((id >= 727808) AND (id <= 727907))

table 2 : explain SELECT SUM(k) FROM sbtest2 WHERE id BETWEEN 80716 AND 80815
	Aggregate  (cost=415.06..415.07 rows=1 width=8)
	  ->  Index Scan using sbtest2_pkey on sbtest2  (cost=0.43..414.80 rows=104 width=4)
	        Index Cond: ((id >= 80716) AND (id <= 80815))

table 3 : explain SELECT SUM(k) FROM sbtest3 WHERE id BETWEEN 1554014 AND 1554113
	Aggregate  (cost=413.68..413.69 rows=1 width=8)
	  ->  Index Scan using sbtest3_pkey on sbtest3  (cost=0.43..413.42 rows=104 width=4)
	        Index Cond: ((id >= 1554014) AND (id <= 1554113))

table 4 : explain SELECT SUM(k) FROM sbtest4 WHERE id BETWEEN 5174460 AND 5174559
	Aggregate  (cost=405.49..405.50 rows=1 width=8)
	  ->  Index Scan using sbtest4_pkey on sbtest4  (cost=0.43..405.24 rows=102 width=4)
	        Index Cond: ((id >= 5174460) AND (id <= 5174559))

table 5 : explain SELECT SUM(k) FROM sbtest5 WHERE id BETWEEN 5533478 AND 5533577
	Aggregate  (cost=369.64..369.65 rows=1 width=8)
	  ->  Index Scan using sbtest5_pkey on sbtest5  (cost=0.43..369.41 rows=93 width=4)
	        Index Cond: ((id >= 5533478) AND (id <= 5533577))

table 6 : explain SELECT SUM(k) FROM sbtest6 WHERE id BETWEEN 4588628 AND 4588727
	Aggregate  (cost=394.10..394.11 rows=1 width=8)
	  ->  Index Scan using sbtest6_pkey on sbtest6  (cost=0.43..393.85 rows=99 width=4)
	        Index Cond: ((id >= 4588628) AND (id <= 4588727))

table 7 : explain SELECT SUM(k) FROM sbtest7 WHERE id BETWEEN 8774795 AND 8774894
	Aggregate  (cost=358.63..358.64 rows=1 width=8)
	  ->  Index Scan using sbtest7_pkey on sbtest7  (cost=0.43..358.41 rows=90 width=4)
	        Index Cond: ((id >= 8774795) AND (id <= 8774894))

table 8 : explain SELECT SUM(k) FROM sbtest8 WHERE id BETWEEN 594566 AND 594665
	Aggregate  (cost=390.31..390.32 rows=1 width=8)
	  ->  Index Scan using sbtest8_pkey on sbtest8  (cost=0.43..390.07 rows=98 width=4)
	        Index Cond: ((id >= 594566) AND (id <= 594665))

for: order_ranges
table 1 : explain SELECT c FROM sbtest1 WHERE id BETWEEN 8981065 AND 8981164 ORDER BY c
	Sort  (cost=397.54..397.79 rows=99 width=121)
	  Sort Key: c
	  ->  Index Scan using sbtest1_pkey on sbtest1  (cost=0.43..394.26 rows=99 width=121)
	        Index Cond: ((id >= 8981065) AND (id <= 8981164))

table 2 : explain SELECT c FROM sbtest2 WHERE id BETWEEN 4045711 AND 4045810 ORDER BY c
	Sort  (cost=410.31..410.56 rows=102 width=121)
	  Sort Key: c
	  ->  Index Scan using sbtest2_pkey on sbtest2  (cost=0.43..406.91 rows=102 width=121)
	        Index Cond: ((id >= 4045711) AND (id <= 4045810))

table 3 : explain SELECT c FROM sbtest3 WHERE id BETWEEN 5109121 AND 5109220 ORDER BY c
	Sort  (cost=404.99..405.25 rows=101 width=121)
	  Sort Key: c
	  ->  Index Scan using sbtest3_pkey on sbtest3  (cost=0.43..401.63 rows=101 width=121)
	        Index Cond: ((id >= 5109121) AND (id <= 5109220))

table 4 : explain SELECT c FROM sbtest4 WHERE id BETWEEN 6719068 AND 6719167 ORDER BY c
	Sort  (cost=404.67..404.92 rows=101 width=121)
	  Sort Key: c
	  ->  Index Scan using sbtest4_pkey on sbtest4  (cost=0.43..401.31 rows=101 width=121)
	        Index Cond: ((id >= 6719068) AND (id <= 6719167))

table 5 : explain SELECT c FROM sbtest5 WHERE id BETWEEN 3144225 AND 3144324 ORDER BY c
	Sort  (cost=392.29..392.53 rows=98 width=121)
	  Sort Key: c
	  ->  Index Scan using sbtest5_pkey on sbtest5  (cost=0.43..389.04 rows=98 width=121)
	        Index Cond: ((id >= 3144225) AND (id <= 3144324))

table 6 : explain SELECT c FROM sbtest6 WHERE id BETWEEN 2550157 AND 2550256 ORDER BY c
	Sort  (cost=440.83..441.11 rows=110 width=121)
	  Sort Key: c
	  ->  Index Scan using sbtest6_pkey on sbtest6  (cost=0.43..437.10 rows=110 width=121)
	        Index Cond: ((id >= 2550157) AND (id <= 2550256))

table 7 : explain SELECT c FROM sbtest7 WHERE id BETWEEN 3822661 AND 3822760 ORDER BY c
	Sort  (cost=428.84..429.11 rows=107 width=121)
	  Sort Key: c
	  ->  Index Scan using sbtest7_pkey on sbtest7  (cost=0.43..425.24 rows=107 width=121)
	        Index Cond: ((id >= 3822661) AND (id <= 3822760))

table 8 : explain SELECT c FROM sbtest8 WHERE id BETWEEN 5403491 AND 5403590 ORDER BY c
	Sort  (cost=385.34..385.58 rows=96 width=121)
	  Sort Key: c
	  ->  Index Scan using sbtest8_pkey on sbtest8  (cost=0.43..382.18 rows=96 width=121)
	        Index Cond: ((id >= 5403491) AND (id <= 5403590))

for: order_ranges
table 1 : explain SELECT c FROM sbtest1 WHERE id BETWEEN 3680896 AND 3680995 ORDER BY c
	Sort  (cost=405.49..405.74 rows=101 width=121)
	  Sort Key: c
	  ->  Index Scan using sbtest1_pkey on sbtest1  (cost=0.43..402.13 rows=101 width=121)
	        Index Cond: ((id >= 3680896) AND (id <= 3680995))

table 2 : explain SELECT c FROM sbtest2 WHERE id BETWEEN 2380821 AND 2380920 ORDER BY c
	Sort  (cost=390.38..390.63 rows=97 width=121)
	  Sort Key: c
	  ->  Index Scan using sbtest2_pkey on sbtest2  (cost=0.43..387.18 rows=97 width=121)
	        Index Cond: ((id >= 2380821) AND (id <= 2380920))

table 3 : explain SELECT c FROM sbtest3 WHERE id BETWEEN 4619271 AND 4619370 ORDER BY c
	Sort  (cost=361.31..361.53 rows=90 width=121)
	  Sort Key: c
	  ->  Index Scan using sbtest3_pkey on sbtest3  (cost=0.43..358.39 rows=90 width=121)
	        Index Cond: ((id >= 4619271) AND (id <= 4619370))

table 4 : explain SELECT c FROM sbtest4 WHERE id BETWEEN 4997873 AND 4997972 ORDER BY c
	Sort  (cost=412.61..412.87 rows=103 width=121)
	  Sort Key: c
	  ->  Index Scan using sbtest4_pkey on sbtest4  (cost=0.43..409.16 rows=103 width=121)
	        Index Cond: ((id >= 4997873) AND (id <= 4997972))

table 5 : explain SELECT c FROM sbtest5 WHERE id BETWEEN 5108924 AND 5109023 ORDER BY c
	Sort  (cost=400.21..400.46 rows=100 width=121)
	  Sort Key: c
	  ->  Index Scan using sbtest5_pkey on sbtest5  (cost=0.43..396.89 rows=100 width=121)
	        Index Cond: ((id >= 5108924) AND (id <= 5109023))

table 6 : explain SELECT c FROM sbtest6 WHERE id BETWEEN 4398650 AND 4398749 ORDER BY c
	Sort  (cost=369.30..369.53 rows=92 width=121)
	  Sort Key: c
	  ->  Index Scan using sbtest6_pkey on sbtest6  (cost=0.43..366.30 rows=92 width=121)
	        Index Cond: ((id >= 4398650) AND (id <= 4398749))

table 7 : explain SELECT c FROM sbtest7 WHERE id BETWEEN 3570557 AND 3570656 ORDER BY c
	Sort  (cost=412.96..413.21 rows=103 width=121)
	  Sort Key: c
	  ->  Index Scan using sbtest7_pkey on sbtest7  (cost=0.43..409.51 rows=103 width=121)
	        Index Cond: ((id >= 3570557) AND (id <= 3570656))

table 8 : explain SELECT c FROM sbtest8 WHERE id BETWEEN 4312545 AND 4312644 ORDER BY c
	Sort  (cost=393.31..393.55 rows=98 width=121)
	  Sort Key: c
	  ->  Index Scan using sbtest8_pkey on sbtest8  (cost=0.43..390.07 rows=98 width=121)
	        Index Cond: ((id >= 4312545) AND (id <= 4312644))

for: sum_ranges
table 1 : explain SELECT SUM(k) FROM sbtest1 WHERE id BETWEEN 9933860 AND 9933959
	Aggregate  (cost=402.38..402.39 rows=1 width=8)
	  ->  Index Scan using sbtest1_pkey on sbtest1  (cost=0.43..402.13 rows=101 width=4)
	        Index Cond: ((id >= 9933860) AND (id <= 9933959))

table 2 : explain SELECT SUM(k) FROM sbtest2 WHERE id BETWEEN 7494474 AND 7494573
	Aggregate  (cost=363.73..363.74 rows=1 width=8)
	  ->  Index Scan using sbtest2_pkey on sbtest2  (cost=0.43..363.50 rows=91 width=4)
	        Index Cond: ((id >= 7494474) AND (id <= 7494573))

table 3 : explain SELECT SUM(k) FROM sbtest3 WHERE id BETWEEN 4416203 AND 4416302
	Aggregate  (cost=370.41..370.42 rows=1 width=8)
	  ->  Index Scan using sbtest3_pkey on sbtest3  (cost=0.43..370.18 rows=93 width=4)
	        Index Cond: ((id >= 4416203) AND (id <= 4416302))

table 4 : explain SELECT SUM(k) FROM sbtest4 WHERE id BETWEEN 1448189 AND 1448288
	Aggregate  (cost=381.91..381.92 rows=1 width=8)
	  ->  Index Scan using sbtest4_pkey on sbtest4  (cost=0.43..381.67 rows=96 width=4)
	        Index Cond: ((id >= 1448189) AND (id <= 1448288))

table 5 : explain SELECT SUM(k) FROM sbtest5 WHERE id BETWEEN 4888740 AND 4888839
	Aggregate  (cost=393.22..393.23 rows=1 width=8)
	  ->  Index Scan using sbtest5_pkey on sbtest5  (cost=0.43..392.97 rows=99 width=4)
	        Index Cond: ((id >= 4888740) AND (id <= 4888839))

table 6 : explain SELECT SUM(k) FROM sbtest6 WHERE id BETWEEN 4150527 AND 4150626
	Aggregate  (cost=378.36..378.37 rows=1 width=8)
	  ->  Index Scan using sbtest6_pkey on sbtest6  (cost=0.43..378.12 rows=95 width=4)
	        Index Cond: ((id >= 4150527) AND (id <= 4150626))

table 7 : explain SELECT SUM(k) FROM sbtest7 WHERE id BETWEEN 2997583 AND 2997682
	Aggregate  (cost=429.44..429.45 rows=1 width=8)
	  ->  Index Scan using sbtest7_pkey on sbtest7  (cost=0.43..429.17 rows=108 width=4)
	        Index Cond: ((id >= 2997583) AND (id <= 2997682))

table 8 : explain SELECT SUM(k) FROM sbtest8 WHERE id BETWEEN 65464 AND 65563
	Aggregate  (cost=374.55..374.56 rows=1 width=8)
	  ->  Index Scan using sbtest8_pkey on sbtest8  (cost=0.43..374.31 rows=94 width=4)
	        Index Cond: ((id >= 65464) AND (id <= 65563))

for: distinct_ranges
table 1 : explain SELECT DISTINCT c FROM sbtest1 WHERE id BETWEEN 7073550 AND 7073649 ORDER BY c
	Unique  (cost=441.28..441.83 rows=110 width=121)
	  ->  Sort  (cost=441.28..441.56 rows=110 width=121)
	        Sort Key: c
	        ->  Index Scan using sbtest1_pkey on sbtest1  (cost=0.43..437.55 rows=110 width=121)
	              Index Cond: ((id >= 7073550) AND (id <= 7073649))

table 2 : explain SELECT DISTINCT c FROM sbtest2 WHERE id BETWEEN 8535407 AND 8535506 ORDER BY c
	Unique  (cost=418.28..418.80 rows=104 width=121)
	  ->  Sort  (cost=418.28..418.54 rows=104 width=121)
	        Sort Key: c
	        ->  Index Scan using sbtest2_pkey on sbtest2  (cost=0.43..414.80 rows=104 width=121)
	              Index Cond: ((id >= 8535407) AND (id <= 8535506))

table 3 : explain SELECT DISTINCT c FROM sbtest3 WHERE id BETWEEN 2698888 AND 2698987 ORDER BY c
	Unique  (cost=401.02..401.52 rows=100 width=121)
	  ->  Sort  (cost=401.02..401.27 rows=100 width=121)
	        Sort Key: c
	        ->  Index Scan using sbtest3_pkey on sbtest3  (cost=0.43..397.70 rows=100 width=121)
	              Index Cond: ((id >= 2698888) AND (id <= 2698987))

table 4 : explain SELECT DISTINCT c FROM sbtest4 WHERE id BETWEEN 1847782 AND 1847881 ORDER BY c
	Unique  (cost=384.83..385.31 rows=96 width=121)
	  ->  Sort  (cost=384.83..385.07 rows=96 width=121)
	        Sort Key: c
	        ->  Index Scan using sbtest4_pkey on sbtest4  (cost=0.43..381.67 rows=96 width=121)
	              Index Cond: ((id >= 1847782) AND (id <= 1847881))

table 5 : explain SELECT DISTINCT c FROM sbtest5 WHERE id BETWEEN 1975626 AND 1975725 ORDER BY c
	Unique  (cost=416.07..416.59 rows=104 width=121)
	  ->  Sort  (cost=416.07..416.33 rows=104 width=121)
	        Sort Key: c
	        ->  Index Scan using sbtest5_pkey on sbtest5  (cost=0.43..412.58 rows=104 width=121)
	              Index Cond: ((id >= 1975626) AND (id <= 1975725))

table 6 : explain SELECT DISTINCT c FROM sbtest6 WHERE id BETWEEN 6362890 AND 6362989 ORDER BY c
	Unique  (cost=416.99..417.51 rows=104 width=121)
	  ->  Sort  (cost=416.99..417.25 rows=104 width=121)
	        Sort Key: c
	        ->  Index Scan using sbtest6_pkey on sbtest6  (cost=0.43..413.51 rows=104 width=121)
	              Index Cond: ((id >= 6362890) AND (id <= 6362989))

table 7 : explain SELECT DISTINCT c FROM sbtest7 WHERE id BETWEEN 4447664 AND 4447763 ORDER BY c
	Unique  (cost=432.82..433.36 rows=108 width=121)
	  ->  Sort  (cost=432.82..433.09 rows=108 width=121)
	        Sort Key: c
	        ->  Index Scan using sbtest7_pkey on sbtest7  (cost=0.43..429.17 rows=108 width=121)
	              Index Cond: ((id >= 4447664) AND (id <= 4447763))

table 8 : explain SELECT DISTINCT c FROM sbtest8 WHERE id BETWEEN 6787355 AND 6787454 ORDER BY c
	Unique  (cost=381.37..381.84 rows=95 width=121)
	  ->  Sort  (cost=381.37..381.60 rows=95 width=121)
	        Sort Key: c
	        ->  Index Scan using sbtest8_pkey on sbtest8  (cost=0.43..378.25 rows=95 width=121)
	              Index Cond: ((id >= 6787355) AND (id <= 6787454))

for: simple_ranges
table 1 : explain SELECT c FROM sbtest1 WHERE id BETWEEN 8923734 AND 8923833
	Index Scan using sbtest1_pkey on sbtest1  (cost=0.43..394.26 rows=99 width=121)
	  Index Cond: ((id >= 8923734) AND (id <= 8923833))

table 2 : explain SELECT c FROM sbtest2 WHERE id BETWEEN 3047089 AND 3047188
	Index Scan using sbtest2_pkey on sbtest2  (cost=0.43..406.91 rows=102 width=121)
	  Index Cond: ((id >= 3047089) AND (id <= 3047188))

table 3 : explain SELECT c FROM sbtest3 WHERE id BETWEEN 2976298 AND 2976397
	Index Scan using sbtest3_pkey on sbtest3  (cost=0.43..389.84 rows=98 width=121)
	  Index Cond: ((id >= 2976298) AND (id <= 2976397))

table 4 : explain SELECT c FROM sbtest4 WHERE id BETWEEN 4958974 AND 4959073
	Index Scan using sbtest4_pkey on sbtest4  (cost=0.43..377.74 rows=95 width=121)
	  Index Cond: ((id >= 4958974) AND (id <= 4959073))

table 5 : explain SELECT c FROM sbtest5 WHERE id BETWEEN 7078259 AND 7078358
	Index Scan using sbtest5_pkey on sbtest5  (cost=0.43..420.43 rows=106 width=121)
	  Index Cond: ((id >= 7078259) AND (id <= 7078358))

table 6 : explain SELECT c FROM sbtest6 WHERE id BETWEEN 6432717 AND 6432816
	Index Scan using sbtest6_pkey on sbtest6  (cost=0.43..397.78 rows=100 width=121)
	  Index Cond: ((id >= 6432717) AND (id <= 6432816))

table 7 : explain SELECT c FROM sbtest7 WHERE id BETWEEN 7316799 AND 7316898
	Index Scan using sbtest7_pkey on sbtest7  (cost=0.43..413.44 rows=104 width=121)
	  Index Cond: ((id >= 7316799) AND (id <= 7316898))

table 8 : explain SELECT c FROM sbtest8 WHERE id BETWEEN 1086659 AND 1086758
	Index Scan using sbtest8_pkey on sbtest8  (cost=0.43..390.07 rows=98 width=121)
	  Index Cond: ((id >= 1086659) AND (id <= 1086758))

explain: for point_selects :: explain SELECT c FROM sbtest%u WHERE id=%u
explain: for point_selects :: explain SELECT c FROM sbtest%u WHERE id=%u
for: distinct_ranges
table 1 : explain SELECT DISTINCT c FROM sbtest1 WHERE id BETWEEN 384460 AND 384559 ORDER BY c
	Unique  (cost=397.54..398.03 rows=99 width=121)
	  ->  Sort  (cost=397.54..397.79 rows=99 width=121)
	        Sort Key: c
	        ->  Index Scan using sbtest1_pkey on sbtest1  (cost=0.43..394.26 rows=99 width=121)
	              Index Cond: ((id >= 384460) AND (id <= 384559))

table 2 : explain SELECT DISTINCT c FROM sbtest2 WHERE id BETWEEN 3852334 AND 3852433 ORDER BY c
	Unique  (cost=450.16..450.72 rows=112 width=121)
	  ->  Sort  (cost=450.16..450.44 rows=112 width=121)
	        Sort Key: c
	        ->  Index Scan using sbtest2_pkey on sbtest2  (cost=0.43..446.35 rows=112 width=121)
	              Index Cond: ((id >= 3852334) AND (id <= 3852433))

table 3 : explain SELECT DISTINCT c FROM sbtest3 WHERE id BETWEEN 8781220 AND 8781319 ORDER BY c
	Unique  (cost=393.08..393.57 rows=98 width=121)
	  ->  Sort  (cost=393.08..393.32 rows=98 width=121)
	        Sort Key: c
	        ->  Index Scan using sbtest3_pkey on sbtest3  (cost=0.43..389.84 rows=98 width=121)
	              Index Cond: ((id >= 8781220) AND (id <= 8781319))

table 4 : explain SELECT DISTINCT c FROM sbtest4 WHERE id BETWEEN 3780592 AND 3780691 ORDER BY c
	Unique  (cost=404.67..405.18 rows=101 width=121)
	  ->  Sort  (cost=404.67..404.92 rows=101 width=121)
	        Sort Key: c
	        ->  Index Scan using sbtest4_pkey on sbtest4  (cost=0.43..401.31 rows=101 width=121)
	              Index Cond: ((id >= 3780592) AND (id <= 3780691))

table 5 : explain SELECT DISTINCT c FROM sbtest5 WHERE id BETWEEN 4965981 AND 4966080 ORDER BY c
	Unique  (cost=384.34..384.82 rows=96 width=121)
	  ->  Sort  (cost=384.34..384.58 rows=96 width=121)
	        Sort Key: c
	        ->  Index Scan using sbtest5_pkey on sbtest5  (cost=0.43..381.17 rows=96 width=121)
	              Index Cond: ((id >= 4965981) AND (id <= 4966080))

table 6 : explain SELECT DISTINCT c FROM sbtest6 WHERE id BETWEEN 628933 AND 629032 ORDER BY c
	Unique  (cost=416.99..417.51 rows=104 width=121)
	  ->  Sort  (cost=416.99..417.25 rows=104 width=121)
	        Sort Key: c
	        ->  Index Scan using sbtest6_pkey on sbtest6  (cost=0.43..413.51 rows=104 width=121)
	              Index Cond: ((id >= 628933) AND (id <= 629032))

table 7 : explain SELECT DISTINCT c FROM sbtest7 WHERE id BETWEEN 5287654 AND 5287753 ORDER BY c
	Unique  (cost=412.96..413.47 rows=103 width=121)
	  ->  Sort  (cost=412.96..413.21 rows=103 width=121)
	        Sort Key: c
	        ->  Index Scan using sbtest7_pkey on sbtest7  (cost=0.43..409.51 rows=103 width=121)
	              Index Cond: ((id >= 5287654) AND (id <= 5287753))

table 8 : explain SELECT DISTINCT c FROM sbtest8 WHERE id BETWEEN 3055819 AND 3055918 ORDER BY c
	Unique  (cost=421.13..421.65 rows=105 width=121)
	  ->  Sort  (cost=421.13..421.39 rows=105 width=121)
	        Sort Key: c
	        ->  Index Scan using sbtest8_pkey on sbtest8  (cost=0.43..417.60 rows=105 width=121)
	              Index Cond: ((id >= 3055819) AND (id <= 3055918))

for: order_ranges
table 1 : explain SELECT c FROM sbtest1 WHERE id BETWEEN 9582193 AND 9582292 ORDER BY c
	Sort  (cost=353.78..354.00 rows=88 width=121)
	  Sort Key: c
	  ->  Index Scan using sbtest1_pkey on sbtest1  (cost=0.43..350.94 rows=88 width=121)
	        Index Cond: ((id >= 9582193) AND (id <= 9582292))

table 2 : explain SELECT c FROM sbtest2 WHERE id BETWEEN 4965372 AND 4965471 ORDER BY c
	Sort  (cost=406.32..406.58 rows=101 width=121)
	  Sort Key: c
	  ->  Index Scan using sbtest2_pkey on sbtest2  (cost=0.43..402.96 rows=101 width=121)
	        Index Cond: ((id >= 4965372) AND (id <= 4965471))

table 3 : explain SELECT c FROM sbtest3 WHERE id BETWEEN 83127 AND 83226 ORDER BY c
	Sort  (cost=389.11..389.35 rows=97 width=121)
	  Sort Key: c
	  ->  Index Scan using sbtest3_pkey on sbtest3  (cost=0.43..385.91 rows=97 width=121)
	        Index Cond: ((id >= 83127) AND (id <= 83226))

table 4 : explain SELECT c FROM sbtest4 WHERE id BETWEEN 9683080 AND 9683179 ORDER BY c
	Sort  (cost=408.64..408.89 rows=102 width=121)
	  Sort Key: c
	  ->  Index Scan using sbtest4_pkey on sbtest4  (cost=0.43..405.24 rows=102 width=121)
	        Index Cond: ((id >= 9683080) AND (id <= 9683179))

table 5 : explain SELECT c FROM sbtest5 WHERE id BETWEEN 2169661 AND 2169760 ORDER BY c
	Sort  (cost=372.45..372.68 rows=93 width=121)
	  Sort Key: c
	  ->  Index Scan using sbtest5_pkey on sbtest5  (cost=0.43..369.41 rows=93 width=121)
	        Index Cond: ((id >= 2169661) AND (id <= 2169760))

table 6 : explain SELECT c FROM sbtest6 WHERE id BETWEEN 1570319 AND 1570418 ORDER BY c
	Sort  (cost=444.80..445.08 rows=111 width=121)
	  Sort Key: c
	  ->  Index Scan using sbtest6_pkey on sbtest6  (cost=0.43..441.03 rows=111 width=121)
	        Index Cond: ((id >= 1570319) AND (id <= 1570418))

table 7 : explain SELECT c FROM sbtest7 WHERE id BETWEEN 7085183 AND 7085282 ORDER BY c
	Sort  (cost=416.93..417.19 rows=104 width=121)
	  Sort Key: c
	  ->  Index Scan using sbtest7_pkey on sbtest7  (cost=0.43..413.44 rows=104 width=121)
	        Index Cond: ((id >= 7085183) AND (id <= 7085282))

table 8 : explain SELECT c FROM sbtest8 WHERE id BETWEEN 9271800 AND 9271899 ORDER BY c
	Sort  (cost=405.23..405.48 rows=101 width=121)
	  Sort Key: c
	  ->  Index Scan using sbtest8_pkey on sbtest8  (cost=0.43..401.87 rows=101 width=121)
	        Index Cond: ((id >= 9271800) AND (id <= 9271899))

explain: for point_selects :: explain SELECT c FROM sbtest%u WHERE id=%u
for: order_ranges
table 1 : explain SELECT c FROM sbtest1 WHERE id BETWEEN 4795481 AND 4795580 ORDER BY c
	Sort  (cost=421.40..421.66 rows=105 width=121)
	  Sort Key: c
	  ->  Index Scan using sbtest1_pkey on sbtest1  (cost=0.43..417.87 rows=105 width=121)
	        Index Cond: ((id >= 4795481) AND (id <= 4795580))

table 2 : explain SELECT c FROM sbtest2 WHERE id BETWEEN 8221103 AND 8221202 ORDER BY c
	Sort  (cost=406.32..406.58 rows=101 width=121)
	  Sort Key: c
	  ->  Index Scan using sbtest2_pkey on sbtest2  (cost=0.43..402.96 rows=101 width=121)
	        Index Cond: ((id >= 8221103) AND (id <= 8221202))

table 3 : explain SELECT c FROM sbtest3 WHERE id BETWEEN 3439215 AND 3439314 ORDER BY c
	Sort  (cost=416.91..417.17 rows=104 width=121)
	  Sort Key: c
	  ->  Index Scan using sbtest3_pkey on sbtest3  (cost=0.43..413.42 rows=104 width=121)
	        Index Cond: ((id >= 3439215) AND (id <= 3439314))

table 4 : explain SELECT c FROM sbtest4 WHERE id BETWEEN 4509244 AND 4509343 ORDER BY c
	Sort  (cost=432.45..432.72 rows=108 width=121)
	  Sort Key: c
	  ->  Index Scan using sbtest4_pkey on sbtest4  (cost=0.43..428.80 rows=108 width=121)
	        Index Cond: ((id >= 4509244) AND (id <= 4509343))

table 5 : explain SELECT c FROM sbtest5 WHERE id BETWEEN 2951771 AND 2951870 ORDER BY c
	Sort  (cost=416.07..416.33 rows=104 width=121)
	  Sort Key: c
	  ->  Index Scan using sbtest5_pkey on sbtest5  (cost=0.43..412.58 rows=104 width=121)
	        Index Cond: ((id >= 2951771) AND (id <= 2951870))

table 6 : explain SELECT c FROM sbtest6 WHERE id BETWEEN 3921595 AND 3921694 ORDER BY c
	Sort  (cost=401.10..401.35 rows=100 width=121)
	  Sort Key: c
	  ->  Index Scan using sbtest6_pkey on sbtest6  (cost=0.43..397.78 rows=100 width=121)
	        Index Cond: ((id >= 3921595) AND (id <= 3921694))

table 7 : explain SELECT c FROM sbtest7 WHERE id BETWEEN 4746461 AND 4746560 ORDER BY c
	Sort  (cost=412.96..413.21 rows=103 width=121)
	  Sort Key: c
	  ->  Index Scan using sbtest7_pkey on sbtest7  (cost=0.43..409.51 rows=103 width=121)
	        Index Cond: ((id >= 4746461) AND (id <= 4746560))

table 8 : explain SELECT c FROM sbtest8 WHERE id BETWEEN 4911710 AND 4911809 ORDER BY c
	Sort  (cost=417.15..417.41 rows=104 width=121)
	  Sort Key: c
	  ->  Index Scan using sbtest8_pkey on sbtest8  (cost=0.43..413.67 rows=104 width=121)
	        Index Cond: ((id >= 4911710) AND (id <= 4911809))

for: distinct_ranges
table 1 : explain SELECT DISTINCT c FROM sbtest1 WHERE id BETWEEN 7368664 AND 7368763 ORDER BY c
	Unique  (cost=389.59..390.07 rows=97 width=121)
	  ->  Sort  (cost=389.59..389.83 rows=97 width=121)
	        Sort Key: c
	        ->  Index Scan using sbtest1_pkey on sbtest1  (cost=0.43..386.38 rows=97 width=121)
	              Index Cond: ((id >= 7368664) AND (id <= 7368763))

table 2 : explain SELECT DISTINCT c FROM sbtest2 WHERE id BETWEEN 5053530 AND 5053629 ORDER BY c
	Unique  (cost=402.34..402.84 rows=100 width=121)
	  ->  Sort  (cost=402.34..402.59 rows=100 width=121)
	        Sort Key: c
	        ->  Index Scan using sbtest2_pkey on sbtest2  (cost=0.43..399.02 rows=100 width=121)
	              Index Cond: ((id >= 5053530) AND (id <= 5053629))

table 3 : explain SELECT DISTINCT c FROM sbtest3 WHERE id BETWEEN 7359507 AND 7359606 ORDER BY c
	Unique  (cost=416.91..417.43 rows=104 width=121)
	  ->  Sort  (cost=416.91..417.17 rows=104 width=121)
	        Sort Key: c
	        ->  Index Scan using sbtest3_pkey on sbtest3  (cost=0.43..413.42 rows=104 width=121)
	              Index Cond: ((id >= 7359507) AND (id <= 7359606))

table 4 : explain SELECT DISTINCT c FROM sbtest4 WHERE id BETWEEN 8375046 AND 8375145 ORDER BY c
	Unique  (cost=384.83..385.31 rows=96 width=121)
	  ->  Sort  (cost=384.83..385.07 rows=96 width=121)
	        Sort Key: c
	        ->  Index Scan using sbtest4_pkey on sbtest4  (cost=0.43..381.67 rows=96 width=121)
	              Index Cond: ((id >= 8375046) AND (id <= 8375145))

table 5 : explain SELECT DISTINCT c FROM sbtest5 WHERE id BETWEEN 854758 AND 854857 ORDER BY c
	Unique  (cost=451.74..452.31 rows=113 width=121)
	  ->  Sort  (cost=451.74..452.02 rows=113 width=121)
	        Sort Key: c
	        ->  Index Scan using sbtest5_pkey on sbtest5  (cost=0.43..447.89 rows=113 width=121)
	              Index Cond: ((id >= 854758) AND (id <= 854857))

table 6 : explain SELECT DISTINCT c FROM sbtest6 WHERE id BETWEEN 6063733 AND 6063832 ORDER BY c
	Unique  (cost=416.99..417.51 rows=104 width=121)
	  ->  Sort  (cost=416.99..417.25 rows=104 width=121)
	        Sort Key: c
	        ->  Index Scan using sbtest6_pkey on sbtest6  (cost=0.43..413.51 rows=104 width=121)
	              Index Cond: ((id >= 6063733) AND (id <= 6063832))

table 7 : explain SELECT DISTINCT c FROM sbtest7 WHERE id BETWEEN 3428080 AND 3428179 ORDER BY c
	Unique  (cost=365.30..365.75 rows=91 width=121)
	  ->  Sort  (cost=365.30..365.53 rows=91 width=121)
	        Sort Key: c
	        ->  Index Scan using sbtest7_pkey on sbtest7  (cost=0.43..362.34 rows=91 width=121)
	              Index Cond: ((id >= 3428080) AND (id <= 3428179))

table 8 : explain SELECT DISTINCT c FROM sbtest8 WHERE id BETWEEN 4963885 AND 4963984 ORDER BY c
	Unique  (cost=417.15..417.67 rows=104 width=121)
	  ->  Sort  (cost=417.15..417.41 rows=104 width=121)
	        Sort Key: c
	        ->  Index Scan using sbtest8_pkey on sbtest8  (cost=0.43..413.67 rows=104 width=121)
	              Index Cond: ((id >= 4963885) AND (id <= 4963984))

for: distinct_ranges
table 1 : explain SELECT DISTINCT c FROM sbtest1 WHERE id BETWEEN 1503565 AND 1503664 ORDER BY c
	Unique  (cost=421.40..421.92 rows=105 width=121)
	  ->  Sort  (cost=421.40..421.66 rows=105 width=121)
	        Sort Key: c
	        ->  Index Scan using sbtest1_pkey on sbtest1  (cost=0.43..417.87 rows=105 width=121)
	              Index Cond: ((id >= 1503565) AND (id <= 1503664))

table 2 : explain SELECT DISTINCT c FROM sbtest2 WHERE id BETWEEN 9987736 AND 9987835 ORDER BY c
	Unique  (cost=402.34..402.84 rows=100 width=121)
	  ->  Sort  (cost=402.34..402.59 rows=100 width=121)
	        Sort Key: c
	        ->  Index Scan using sbtest2_pkey on sbtest2  (cost=0.43..399.02 rows=100 width=121)
	              Index Cond: ((id >= 9987736) AND (id <= 9987835))

table 3 : explain SELECT DISTINCT c FROM sbtest3 WHERE id BETWEEN 3376786 AND 3376885 ORDER BY c
	Unique  (cost=401.02..401.52 rows=100 width=121)
	  ->  Sort  (cost=401.02..401.27 rows=100 width=121)
	        Sort Key: c
	        ->  Index Scan using sbtest3_pkey on sbtest3  (cost=0.43..397.70 rows=100 width=121)
	              Index Cond: ((id >= 3376786) AND (id <= 3376885))

table 4 : explain SELECT DISTINCT c FROM sbtest4 WHERE id BETWEEN 6256490 AND 6256589 ORDER BY c
	Unique  (cost=380.86..381.34 rows=95 width=121)
	  ->  Sort  (cost=380.86..381.10 rows=95 width=121)
	        Sort Key: c
	        ->  Index Scan using sbtest4_pkey on sbtest4  (cost=0.43..377.74 rows=95 width=121)
	              Index Cond: ((id >= 6256490) AND (id <= 6256589))

table 5 : explain SELECT DISTINCT c FROM sbtest5 WHERE id BETWEEN 3915812 AND 3915911 ORDER BY c
	Unique  (cost=392.29..392.78 rows=98 width=121)
	  ->  Sort  (cost=392.29..392.53 rows=98 width=121)
	        Sort Key: c
	        ->  Index Scan using sbtest5_pkey on sbtest5  (cost=0.43..389.04 rows=98 width=121)
	              Index Cond: ((id >= 3915812) AND (id <= 3915911))

table 6 : explain SELECT DISTINCT c FROM sbtest6 WHERE id BETWEEN 4839020 AND 4839119 ORDER BY c
	Unique  (cost=413.02..413.54 rows=103 width=121)
	  ->  Sort  (cost=413.02..413.28 rows=103 width=121)
	        Sort Key: c
	        ->  Index Scan using sbtest6_pkey on sbtest6  (cost=0.43..409.58 rows=103 width=121)
	              Index Cond: ((id >= 4839020) AND (id <= 4839119))

table 7 : explain SELECT DISTINCT c FROM sbtest7 WHERE id BETWEEN 4111003 AND 4111102 ORDER BY c
	Unique  (cost=369.27..369.73 rows=92 width=121)
	  ->  Sort  (cost=369.27..369.50 rows=92 width=121)
	        Sort Key: c
	        ->  Index Scan using sbtest7_pkey on sbtest7  (cost=0.43..366.27 rows=92 width=121)
	              Index Cond: ((id >= 4111003) AND (id <= 4111102))

table 8 : explain SELECT DISTINCT c FROM sbtest8 WHERE id BETWEEN 2899862 AND 2899961 ORDER BY c
	Unique  (cost=433.05..433.59 rows=108 width=121)
	  ->  Sort  (cost=433.05..433.32 rows=108 width=121)
	        Sort Key: c
	        ->  Index Scan using sbtest8_pkey on sbtest8  (cost=0.43..429.40 rows=108 width=121)
	              Index Cond: ((id >= 2899862) AND (id <= 2899961))

for: sum_ranges
table 1 : explain SELECT SUM(k) FROM sbtest1 WHERE id BETWEEN 8930981 AND 8931080
	Aggregate  (cost=394.50..394.51 rows=1 width=8)
	  ->  Index Scan using sbtest1_pkey on sbtest1  (cost=0.43..394.26 rows=99 width=4)
	        Index Cond: ((id >= 8930981) AND (id <= 8931080))

table 2 : explain SELECT SUM(k) FROM sbtest2 WHERE id BETWEEN 4197477 AND 4197576
	Aggregate  (cost=375.57..375.58 rows=1 width=8)
	  ->  Index Scan using sbtest2_pkey on sbtest2  (cost=0.43..375.33 rows=94 width=4)
	        Index Cond: ((id >= 4197477) AND (id <= 4197576))

table 3 : explain SELECT SUM(k) FROM sbtest3 WHERE id BETWEEN 7903932 AND 7904031
	Aggregate  (cost=394.02..394.03 rows=1 width=8)
	  ->  Index Scan using sbtest3_pkey on sbtest3  (cost=0.43..393.77 rows=99 width=4)
	        Index Cond: ((id >= 7903932) AND (id <= 7904031))

table 4 : explain SELECT SUM(k) FROM sbtest4 WHERE id BETWEEN 5004141 AND 5004240
	Aggregate  (cost=409.42..409.43 rows=1 width=8)
	  ->  Index Scan using sbtest4_pkey on sbtest4  (cost=0.43..409.16 rows=103 width=4)
	        Index Cond: ((id >= 5004141) AND (id <= 5004240))

table 5 : explain SELECT SUM(k) FROM sbtest5 WHERE id BETWEEN 4676791 AND 4676890
	Aggregate  (cost=393.22..393.23 rows=1 width=8)
	  ->  Index Scan using sbtest5_pkey on sbtest5  (cost=0.43..392.97 rows=99 width=4)
	        Index Cond: ((id >= 4676791) AND (id <= 4676890))

table 6 : explain SELECT SUM(k) FROM sbtest6 WHERE id BETWEEN 202947 AND 203046
	Aggregate  (cost=358.67..358.68 rows=1 width=8)
	  ->  Index Scan using sbtest6_pkey on sbtest6  (cost=0.43..358.44 rows=90 width=4)
	        Index Cond: ((id >= 202947) AND (id <= 203046))

table 7 : explain SELECT SUM(k) FROM sbtest7 WHERE id BETWEEN 1849611 AND 1849710
	Aggregate  (cost=394.03..394.04 rows=1 width=8)
	  ->  Index Scan using sbtest7_pkey on sbtest7  (cost=0.43..393.79 rows=99 width=4)
	        Index Cond: ((id >= 1849611) AND (id <= 1849710))

table 8 : explain SELECT SUM(k) FROM sbtest8 WHERE id BETWEEN 8925708 AND 8925807
	Aggregate  (cost=437.54..437.55 rows=1 width=8)
	  ->  Index Scan using sbtest8_pkey on sbtest8  (cost=0.43..437.27 rows=110 width=4)
	        Index Cond: ((id >= 8925708) AND (id <= 8925807))

for point_selects
table 1 : explain SELECT c FROM sbtest1 WHERE id=5148591
	Index Scan using sbtest1_pkey on sbtest1  (cost=0.43..8.45 rows=1 width=121)
	  Index Cond: (id = 5148591)

table 2 : explain SELECT c FROM sbtest2 WHERE id=331733
	Index Scan using sbtest2_pkey on sbtest2  (cost=0.43..8.45 rows=1 width=121)
	  Index Cond: (id = 331733)

table 3 : explain SELECT c FROM sbtest3 WHERE id=1455324
	Index Scan using sbtest3_pkey on sbtest3  (cost=0.43..8.45 rows=1 width=121)
	  Index Cond: (id = 1455324)

table 4 : explain SELECT c FROM sbtest4 WHERE id=9484393
	Index Scan using sbtest4_pkey on sbtest4  (cost=0.43..8.45 rows=1 width=121)
	  Index Cond: (id = 9484393)

table 5 : explain SELECT c FROM sbtest5 WHERE id=713815
	Index Scan using sbtest5_pkey on sbtest5  (cost=0.43..8.45 rows=1 width=121)
	  Index Cond: (id = 713815)

table 6 : explain SELECT c FROM sbtest6 WHERE id=6815879
	Index Scan using sbtest6_pkey on sbtest6  (cost=0.43..8.45 rows=1 width=121)
	  Index Cond: (id = 6815879)

table 7 : explain SELECT c FROM sbtest7 WHERE id=5837771
	Index Scan using sbtest7_pkey on sbtest7  (cost=0.43..8.45 rows=1 width=121)
	  Index Cond: (id = 5837771)

table 8 : explain SELECT c FROM sbtest8 WHERE id=7104153
	Index Scan using sbtest8_pkey on sbtest8  (cost=0.43..8.45 rows=1 width=121)
	  Index Cond: (id = 7104153)

for: distinct_ranges
table 1 : explain SELECT DISTINCT c FROM sbtest1 WHERE id BETWEEN 984350 AND 984449 ORDER BY c
	Unique  (cost=397.54..398.03 rows=99 width=121)
	  ->  Sort  (cost=397.54..397.79 rows=99 width=121)
	        Sort Key: c
	        ->  Index Scan using sbtest1_pkey on sbtest1  (cost=0.43..394.26 rows=99 width=121)
	              Index Cond: ((id >= 984350) AND (id <= 984449))

table 2 : explain SELECT DISTINCT c FROM sbtest2 WHERE id BETWEEN 2632451 AND 2632550 ORDER BY c
	Unique  (cost=382.40..382.87 rows=95 width=121)
	  ->  Sort  (cost=382.40..382.63 rows=95 width=121)
	        Sort Key: c
	        ->  Index Scan using sbtest2_pkey on sbtest2  (cost=0.43..379.28 rows=95 width=121)
	              Index Cond: ((id >= 2632451) AND (id <= 2632550))

table 3 : explain SELECT DISTINCT c FROM sbtest3 WHERE id BETWEEN 9837073 AND 9837172 ORDER BY c
	Unique  (cost=381.16..381.64 rows=95 width=121)
	  ->  Sort  (cost=381.16..381.40 rows=95 width=121)
	        Sort Key: c
	        ->  Index Scan using sbtest3_pkey on sbtest3  (cost=0.43..378.04 rows=95 width=121)
	              Index Cond: ((id >= 9837073) AND (id <= 9837172))

table 4 : explain SELECT DISTINCT c FROM sbtest4 WHERE id BETWEEN 8622800 AND 8622899 ORDER BY c
	Unique  (cost=404.67..405.18 rows=101 width=121)
	  ->  Sort  (cost=404.67..404.92 rows=101 width=121)
	        Sort Key: c
	        ->  Index Scan using sbtest4_pkey on sbtest4  (cost=0.43..401.31 rows=101 width=121)
	              Index Cond: ((id >= 8622800) AND (id <= 8622899))

table 5 : explain SELECT DISTINCT c FROM sbtest5 WHERE id BETWEEN 459402 AND 459501 ORDER BY c
	Unique  (cost=423.99..424.52 rows=106 width=121)
	  ->  Sort  (cost=423.99..424.26 rows=106 width=121)
	        Sort Key: c
	        ->  Index Scan using sbtest5_pkey on sbtest5  (cost=0.43..420.43 rows=106 width=121)
	              Index Cond: ((id >= 459402) AND (id <= 459501))

table 6 : explain SELECT DISTINCT c FROM sbtest6 WHERE id BETWEEN 1632787 AND 1632886 ORDER BY c
	Unique  (cost=385.21..385.69 rows=96 width=121)
	  ->  Sort  (cost=385.21..385.45 rows=96 width=121)
	        Sort Key: c
	        ->  Index Scan using sbtest6_pkey on sbtest6  (cost=0.43..382.05 rows=96 width=121)
	              Index Cond: ((id >= 1632787) AND (id <= 1632886))

table 7 : explain SELECT DISTINCT c FROM sbtest7 WHERE id BETWEEN 5558314 AND 5558413 ORDER BY c
	Unique  (cost=397.07..397.56 rows=99 width=121)
	  ->  Sort  (cost=397.07..397.32 rows=99 width=121)
	        Sort Key: c
	        ->  Index Scan using sbtest7_pkey on sbtest7  (cost=0.43..393.79 rows=99 width=121)
	              Index Cond: ((id >= 5558314) AND (id <= 5558413))

table 8 : explain SELECT DISTINCT c FROM sbtest8 WHERE id BETWEEN 7100205 AND 7100304 ORDER BY c
	Unique  (cost=417.15..417.67 rows=104 width=121)
	  ->  Sort  (cost=417.15..417.41 rows=104 width=121)
	        Sort Key: c
	        ->  Index Scan using sbtest8_pkey on sbtest8  (cost=0.43..413.67 rows=104 width=121)
	              Index Cond: ((id >= 7100205) AND (id <= 7100304))

for point_selects
table 1 : explain SELECT c FROM sbtest1 WHERE id=7721410
	Index Scan using sbtest1_pkey on sbtest1  (cost=0.43..8.45 rows=1 width=121)
	  Index Cond: (id = 7721410)

table 2 : explain SELECT c FROM sbtest2 WHERE id=9740055
	Index Scan using sbtest2_pkey on sbtest2  (cost=0.43..8.45 rows=1 width=121)
	  Index Cond: (id = 9740055)

table 3 : explain SELECT c FROM sbtest3 WHERE id=149793
	Index Scan using sbtest3_pkey on sbtest3  (cost=0.43..8.45 rows=1 width=121)
	  Index Cond: (id = 149793)

table 4 : explain SELECT c FROM sbtest4 WHERE id=9657750
	Index Scan using sbtest4_pkey on sbtest4  (cost=0.43..8.45 rows=1 width=121)
	  Index Cond: (id = 9657750)

table 5 : explain SELECT c FROM sbtest5 WHERE id=9400431
	Index Scan using sbtest5_pkey on sbtest5  (cost=0.43..8.45 rows=1 width=121)
	  Index Cond: (id = 9400431)

table 6 : explain SELECT c FROM sbtest6 WHERE id=112483
	Index Scan using sbtest6_pkey on sbtest6  (cost=0.43..8.45 rows=1 width=121)
	  Index Cond: (id = 112483)

table 7 : explain SELECT c FROM sbtest7 WHERE id=5179372
	Index Scan using sbtest7_pkey on sbtest7  (cost=0.43..8.45 rows=1 width=121)
	  Index Cond: (id = 5179372)

table 8 : explain SELECT c FROM sbtest8 WHERE id=8105266
	Index Scan using sbtest8_pkey on sbtest8  (cost=0.43..8.45 rows=1 width=121)
	  Index Cond: (id = 8105266)

for: distinct_ranges
table 1 : explain SELECT DISTINCT c FROM sbtest1 WHERE id BETWEEN 1146664 AND 1146763 ORDER BY c
	Unique  (cost=381.61..382.09 rows=95 width=121)
	  ->  Sort  (cost=381.61..381.85 rows=95 width=121)
	        Sort Key: c
	        ->  Index Scan using sbtest1_pkey on sbtest1  (cost=0.43..378.49 rows=95 width=121)
	              Index Cond: ((id >= 1146664) AND (id <= 1146763))

table 2 : explain SELECT DISTINCT c FROM sbtest2 WHERE id BETWEEN 6662599 AND 6662698 ORDER BY c
	Unique  (cost=382.40..382.87 rows=95 width=121)
	  ->  Sort  (cost=382.40..382.63 rows=95 width=121)
	        Sort Key: c
	        ->  Index Scan using sbtest2_pkey on sbtest2  (cost=0.43..379.28 rows=95 width=121)
	              Index Cond: ((id >= 6662599) AND (id <= 6662698))

table 3 : explain SELECT DISTINCT c FROM sbtest3 WHERE id BETWEEN 8476854 AND 8476953 ORDER BY c
	Unique  (cost=377.19..377.66 rows=94 width=121)
	  ->  Sort  (cost=377.19..377.43 rows=94 width=121)
	        Sort Key: c
	        ->  Index Scan using sbtest3_pkey on sbtest3  (cost=0.43..374.11 rows=94 width=121)
	              Index Cond: ((id >= 8476854) AND (id <= 8476953))

table 4 : explain SELECT DISTINCT c FROM sbtest4 WHERE id BETWEEN 7604236 AND 7604335 ORDER BY c
	Unique  (cost=424.51..425.04 rows=106 width=121)
	  ->  Sort  (cost=424.51..424.78 rows=106 width=121)
	        Sort Key: c
	        ->  Index Scan using sbtest4_pkey on sbtest4  (cost=0.43..420.95 rows=106 width=121)
	              Index Cond: ((id >= 7604236) AND (id <= 7604335))

table 5 : explain SELECT DISTINCT c FROM sbtest5 WHERE id BETWEEN 7581633 AND 7581732 ORDER BY c
	Unique  (cost=412.10..412.62 rows=103 width=121)
	  ->  Sort  (cost=412.10..412.36 rows=103 width=121)
	        Sort Key: c
	        ->  Index Scan using sbtest5_pkey on sbtest5  (cost=0.43..408.66 rows=103 width=121)
	              Index Cond: ((id >= 7581633) AND (id <= 7581732))

table 6 : explain SELECT DISTINCT c FROM sbtest6 WHERE id BETWEEN 7132708 AND 7132807 ORDER BY c
	Unique  (cost=353.42..353.86 rows=88 width=121)
	  ->  Sort  (cost=353.42..353.64 rows=88 width=121)
	        Sort Key: c
	        ->  Index Scan using sbtest6_pkey on sbtest6  (cost=0.43..350.58 rows=88 width=121)
	              Index Cond: ((id >= 7132708) AND (id <= 7132807))

table 7 : explain SELECT DISTINCT c FROM sbtest7 WHERE id BETWEEN 236305 AND 236404 ORDER BY c
	Unique  (cost=416.93..417.45 rows=104 width=121)
	  ->  Sort  (cost=416.93..417.19 rows=104 width=121)
	        Sort Key: c
	        ->  Index Scan using sbtest7_pkey on sbtest7  (cost=0.43..413.44 rows=104 width=121)
	              Index Cond: ((id >= 236305) AND (id <= 236404))

table 8 : explain SELECT DISTINCT c FROM sbtest8 WHERE id BETWEEN 8190192 AND 8190291 ORDER BY c
	Unique  (cost=373.42..373.88 rows=93 width=121)
	  ->  Sort  (cost=373.42..373.65 rows=93 width=121)
	        Sort Key: c
	        ->  Index Scan using sbtest8_pkey on sbtest8  (cost=0.43..370.38 rows=93 width=121)
	              Index Cond: ((id >= 8190192) AND (id <= 8190291))

for: order_ranges
table 1 : explain SELECT c FROM sbtest1 WHERE id BETWEEN 9984091 AND 9984190 ORDER BY c
	Sort  (cost=405.49..405.74 rows=101 width=121)
	  Sort Key: c
	  ->  Index Scan using sbtest1_pkey on sbtest1  (cost=0.43..402.13 rows=101 width=121)
	        Index Cond: ((id >= 9984091) AND (id <= 9984190))

table 2 : explain SELECT c FROM sbtest2 WHERE id BETWEEN 4451550 AND 4451649 ORDER BY c
	Sort  (cost=390.38..390.63 rows=97 width=121)
	  Sort Key: c
	  ->  Index Scan using sbtest2_pkey on sbtest2  (cost=0.43..387.18 rows=97 width=121)
	        Index Cond: ((id >= 4451550) AND (id <= 4451649))

table 3 : explain SELECT c FROM sbtest3 WHERE id BETWEEN 9219287 AND 9219386 ORDER BY c
	Sort  (cost=393.08..393.32 rows=98 width=121)
	  Sort Key: c
	  ->  Index Scan using sbtest3_pkey on sbtest3  (cost=0.43..389.84 rows=98 width=121)
	        Index Cond: ((id >= 9219287) AND (id <= 9219386))

table 4 : explain SELECT c FROM sbtest4 WHERE id BETWEEN 2338642 AND 2338741 ORDER BY c
	Sort  (cost=396.73..396.98 rows=99 width=121)
	  Sort Key: c
	  ->  Index Scan using sbtest4_pkey on sbtest4  (cost=0.43..393.45 rows=99 width=121)
	        Index Cond: ((id >= 2338642) AND (id <= 2338741))

table 5 : explain SELECT c FROM sbtest5 WHERE id BETWEEN 3553478 AND 3553577 ORDER BY c
	Sort  (cost=404.18..404.43 rows=101 width=121)
	  Sort Key: c
	  ->  Index Scan using sbtest5_pkey on sbtest5  (cost=0.43..400.81 rows=101 width=121)
	        Index Cond: ((id >= 3553478) AND (id <= 3553577))

table 6 : explain SELECT c FROM sbtest6 WHERE id BETWEEN 9360455 AND 9360554 ORDER BY c
	Sort  (cost=405.08..405.33 rows=101 width=121)
	  Sort Key: c
	  ->  Index Scan using sbtest6_pkey on sbtest6  (cost=0.43..401.71 rows=101 width=121)
	        Index Cond: ((id >= 9360455) AND (id <= 9360554))

table 7 : explain SELECT c FROM sbtest7 WHERE id BETWEEN 5468327 AND 5468426 ORDER BY c
	Sort  (cost=397.07..397.32 rows=99 width=121)
	  Sort Key: c
	  ->  Index Scan using sbtest7_pkey on sbtest7  (cost=0.43..393.79 rows=99 width=121)
	        Index Cond: ((id >= 5468327) AND (id <= 5468426))

table 8 : explain SELECT c FROM sbtest8 WHERE id BETWEEN 9238448 AND 9238547 ORDER BY c
	Sort  (cost=405.23..405.48 rows=101 width=121)
	  Sort Key: c
	  ->  Index Scan using sbtest8_pkey on sbtest8  (cost=0.43..401.87 rows=101 width=121)
	        Index Cond: ((id >= 9238448) AND (id <= 9238547))

for: simple_ranges
table 1 : explain SELECT c FROM sbtest1 WHERE id BETWEEN 8655332 AND 8655431
	Index Scan using sbtest1_pkey on sbtest1  (cost=0.43..390.32 rows=98 width=121)
	  Index Cond: ((id >= 8655332) AND (id <= 8655431))

table 2 : explain SELECT c FROM sbtest2 WHERE id BETWEEN 9974176 AND 9974275
	Index Scan using sbtest2_pkey on sbtest2  (cost=0.43..399.02 rows=100 width=121)
	  Index Cond: ((id >= 9974176) AND (id <= 9974275))

table 3 : explain SELECT c FROM sbtest3 WHERE id BETWEEN 3945292 AND 3945391
	Index Scan using sbtest3_pkey on sbtest3  (cost=0.43..401.63 rows=101 width=121)
	  Index Cond: ((id >= 3945292) AND (id <= 3945391))

table 4 : explain SELECT c FROM sbtest4 WHERE id BETWEEN 8476770 AND 8476869
	Index Scan using sbtest4_pkey on sbtest4  (cost=0.43..385.60 rows=97 width=121)
	  Index Cond: ((id >= 8476770) AND (id <= 8476869))

table 5 : explain SELECT c FROM sbtest5 WHERE id BETWEEN 8029116 AND 8029215
	Index Scan using sbtest5_pkey on sbtest5  (cost=0.43..373.33 rows=94 width=121)
	  Index Cond: ((id >= 8029116) AND (id <= 8029215))

table 6 : explain SELECT c FROM sbtest6 WHERE id BETWEEN 5894735 AND 5894834
	Index Scan using sbtest6_pkey on sbtest6  (cost=0.43..397.78 rows=100 width=121)
	  Index Cond: ((id >= 5894735) AND (id <= 5894834))

table 7 : explain SELECT c FROM sbtest7 WHERE id BETWEEN 8700373 AND 8700472
	Index Scan using sbtest7_pkey on sbtest7  (cost=0.43..358.41 rows=90 width=121)
	  Index Cond: ((id >= 8700373) AND (id <= 8700472))

table 8 : explain SELECT c FROM sbtest8 WHERE id BETWEEN 8441991 AND 8442090
	Index Scan using sbtest8_pkey on sbtest8  (cost=0.43..390.07 rows=98 width=121)
	  Index Cond: ((id >= 8441991) AND (id <= 8442090))

explain: for point_selects :: explain SELECT c FROM sbtest%u WHERE id=%u
for: distinct_ranges
table 1 : explain SELECT DISTINCT c FROM sbtest1 WHERE id BETWEEN 9782371 AND 9782470 ORDER BY c
	Unique  (cost=429.35..429.89 rows=107 width=121)
	  ->  Sort  (cost=429.35..429.62 rows=107 width=121)
	        Sort Key: c
	        ->  Index Scan using sbtest1_pkey on sbtest1  (cost=0.43..425.75 rows=107 width=121)
	              Index Cond: ((id >= 9782371) AND (id <= 9782470))

table 2 : explain SELECT DISTINCT c FROM sbtest2 WHERE id BETWEEN 6209738 AND 6209837 ORDER BY c
	Unique  (cost=442.19..442.74 rows=110 width=121)
	  ->  Sort  (cost=442.19..442.47 rows=110 width=121)
	        Sort Key: c
	        ->  Index Scan using sbtest2_pkey on sbtest2  (cost=0.43..438.46 rows=110 width=121)
	              Index Cond: ((id >= 6209738) AND (id <= 6209837))

table 3 : explain SELECT DISTINCT c FROM sbtest3 WHERE id BETWEEN 5396999 AND 5397098 ORDER BY c
	Unique  (cost=444.71..445.27 rows=111 width=121)
	  ->  Sort  (cost=444.71..444.99 rows=111 width=121)
	        Sort Key: c
	        ->  Index Scan using sbtest3_pkey on sbtest3  (cost=0.43..440.94 rows=111 width=121)
	              Index Cond: ((id >= 5396999) AND (id <= 5397098))

table 4 : explain SELECT DISTINCT c FROM sbtest4 WHERE id BETWEEN 8810260 AND 8810359 ORDER BY c
	Unique  (cost=384.83..385.31 rows=96 width=121)
	  ->  Sort  (cost=384.83..385.07 rows=96 width=121)
	        Sort Key: c
	        ->  Index Scan using sbtest4_pkey on sbtest4  (cost=0.43..381.67 rows=96 width=121)
	              Index Cond: ((id >= 8810260) AND (id <= 8810359))

table 5 : explain SELECT DISTINCT c FROM sbtest5 WHERE id BETWEEN 5390693 AND 5390792 ORDER BY c
	Unique  (cost=443.81..444.37 rows=111 width=121)
	  ->  Sort  (cost=443.81..444.09 rows=111 width=121)
	        Sort Key: c
	        ->  Index Scan using sbtest5_pkey on sbtest5  (cost=0.43..440.04 rows=111 width=121)
	              Index Cond: ((id >= 5390693) AND (id <= 5390792))

table 6 : explain SELECT DISTINCT c FROM sbtest6 WHERE id BETWEEN 6362481 AND 6362580 ORDER BY c
	Unique  (cost=416.99..417.51 rows=104 width=121)
	  ->  Sort  (cost=416.99..417.25 rows=104 width=121)
	        Sort Key: c
	        ->  Index Scan using sbtest6_pkey on sbtest6  (cost=0.43..413.51 rows=104 width=121)
	              Index Cond: ((id >= 6362481) AND (id <= 6362580))

table 7 : explain SELECT DISTINCT c FROM sbtest7 WHERE id BETWEEN 6530176 AND 6530275 ORDER BY c
	Unique  (cost=385.15..385.63 rows=96 width=121)
	  ->  Sort  (cost=385.15..385.39 rows=96 width=121)
	        Sort Key: c
	        ->  Index Scan using sbtest7_pkey on sbtest7  (cost=0.43..381.99 rows=96 width=121)
	              Index Cond: ((id >= 6530176) AND (id <= 6530275))

table 8 : explain SELECT DISTINCT c FROM sbtest8 WHERE id BETWEEN 5179315 AND 5179414 ORDER BY c
	Unique  (cost=429.08..429.61 rows=107 width=121)
	  ->  Sort  (cost=429.08..429.34 rows=107 width=121)
	        Sort Key: c
	        ->  Index Scan using sbtest8_pkey on sbtest8  (cost=0.43..425.47 rows=107 width=121)
	              Index Cond: ((id >= 5179315) AND (id <= 5179414))

for point_selects
table 1 : explain SELECT c FROM sbtest1 WHERE id=7306476
	Index Scan using sbtest1_pkey on sbtest1  (cost=0.43..8.45 rows=1 width=121)
	  Index Cond: (id = 7306476)

table 2 : explain SELECT c FROM sbtest2 WHERE id=8017114
	Index Scan using sbtest2_pkey on sbtest2  (cost=0.43..8.45 rows=1 width=121)
	  Index Cond: (id = 8017114)

table 3 : explain SELECT c FROM sbtest3 WHERE id=3530286
	Index Scan using sbtest3_pkey on sbtest3  (cost=0.43..8.45 rows=1 width=121)
	  Index Cond: (id = 3530286)

table 4 : explain SELECT c FROM sbtest4 WHERE id=9311173
	Index Scan using sbtest4_pkey on sbtest4  (cost=0.43..8.45 rows=1 width=121)
	  Index Cond: (id = 9311173)

table 5 : explain SELECT c FROM sbtest5 WHERE id=1588408
	Index Scan using sbtest5_pkey on sbtest5  (cost=0.43..8.45 rows=1 width=121)
	  Index Cond: (id = 1588408)

table 6 : explain SELECT c FROM sbtest6 WHERE id=1852011
	Index Scan using sbtest6_pkey on sbtest6  (cost=0.43..8.45 rows=1 width=121)
	  Index Cond: (id = 1852011)

table 7 : explain SELECT c FROM sbtest7 WHERE id=5449047
	Index Scan using sbtest7_pkey on sbtest7  (cost=0.43..8.45 rows=1 width=121)
	  Index Cond: (id = 5449047)

table 8 : explain SELECT c FROM sbtest8 WHERE id=9901985
	Index Scan using sbtest8_pkey on sbtest8  (cost=0.43..8.45 rows=1 width=121)
	  Index Cond: (id = 9901985)

explain: for point_selects :: explain SELECT c FROM sbtest%u WHERE id=%u
explain: for point_selects :: explain SELECT c FROM sbtest%u WHERE id=%u
for point_selects
table 1 : explain SELECT c FROM sbtest1 WHERE id=4073970
	Index Scan using sbtest1_pkey on sbtest1  (cost=0.43..8.45 rows=1 width=121)
	  Index Cond: (id = 4073970)

table 2 : explain SELECT c FROM sbtest2 WHERE id=3938110
	Index Scan using sbtest2_pkey on sbtest2  (cost=0.43..8.45 rows=1 width=121)
	  Index Cond: (id = 3938110)

table 3 : explain SELECT c FROM sbtest3 WHERE id=7571255
	Index Scan using sbtest3_pkey on sbtest3  (cost=0.43..8.45 rows=1 width=121)
	  Index Cond: (id = 7571255)

table 4 : explain SELECT c FROM sbtest4 WHERE id=2807562
	Index Scan using sbtest4_pkey on sbtest4  (cost=0.43..8.45 rows=1 width=121)
	  Index Cond: (id = 2807562)

table 5 : explain SELECT c FROM sbtest5 WHERE id=6683720
	Index Scan using sbtest5_pkey on sbtest5  (cost=0.43..8.45 rows=1 width=121)
	  Index Cond: (id = 6683720)

table 6 : explain SELECT c FROM sbtest6 WHERE id=8059770
	Index Scan using sbtest6_pkey on sbtest6  (cost=0.43..8.45 rows=1 width=121)
	  Index Cond: (id = 8059770)

table 7 : explain SELECT c FROM sbtest7 WHERE id=3496462
	Index Scan using sbtest7_pkey on sbtest7  (cost=0.43..8.45 rows=1 width=121)
	  Index Cond: (id = 3496462)

table 8 : explain SELECT c FROM sbtest8 WHERE id=7474604
	Index Scan using sbtest8_pkey on sbtest8  (cost=0.43..8.45 rows=1 width=121)
	  Index Cond: (id = 7474604)

for point_selects
table 1 : explain SELECT c FROM sbtest1 WHERE id=666224
	Index Scan using sbtest1_pkey on sbtest1  (cost=0.43..8.45 rows=1 width=121)
	  Index Cond: (id = 666224)

table 2 : explain SELECT c FROM sbtest2 WHERE id=4935417
	Index Scan using sbtest2_pkey on sbtest2  (cost=0.43..8.45 rows=1 width=121)
	  Index Cond: (id = 4935417)

table 3 : explain SELECT c FROM sbtest3 WHERE id=7092201
	Index Scan using sbtest3_pkey on sbtest3  (cost=0.43..8.45 rows=1 width=121)
	  Index Cond: (id = 7092201)

table 4 : explain SELECT c FROM sbtest4 WHERE id=8742228
	Index Scan using sbtest4_pkey on sbtest4  (cost=0.43..8.45 rows=1 width=121)
	  Index Cond: (id = 8742228)

table 5 : explain SELECT c FROM sbtest5 WHERE id=294760
	Index Scan using sbtest5_pkey on sbtest5  (cost=0.43..8.45 rows=1 width=121)
	  Index Cond: (id = 294760)

table 6 : explain SELECT c FROM sbtest6 WHERE id=3997597
	Index Scan using sbtest6_pkey on sbtest6  (cost=0.43..8.45 rows=1 width=121)
	  Index Cond: (id = 3997597)

table 7 : explain SELECT c FROM sbtest7 WHERE id=2581523
	Index Scan using sbtest7_pkey on sbtest7  (cost=0.43..8.45 rows=1 width=121)
	  Index Cond: (id = 2581523)

table 8 : explain SELECT c FROM sbtest8 WHERE id=4782384
	Index Scan using sbtest8_pkey on sbtest8  (cost=0.43..8.45 rows=1 width=121)
	  Index Cond: (id = 4782384)

for: order_ranges
table 1 : explain SELECT c FROM sbtest1 WHERE id BETWEEN 2810064 AND 2810163 ORDER BY c
	Sort  (cost=449.24..449.52 rows=112 width=121)
	  Sort Key: c
	  ->  Index Scan using sbtest1_pkey on sbtest1  (cost=0.43..445.43 rows=112 width=121)
	        Index Cond: ((id >= 2810064) AND (id <= 2810163))

table 2 : explain SELECT c FROM sbtest2 WHERE id BETWEEN 9977553 AND 9977652 ORDER BY c
	Sort  (cost=402.34..402.59 rows=100 width=121)
	  Sort Key: c
	  ->  Index Scan using sbtest2_pkey on sbtest2  (cost=0.43..399.02 rows=100 width=121)
	        Index Cond: ((id >= 9977553) AND (id <= 9977652))

table 3 : explain SELECT c FROM sbtest3 WHERE id BETWEEN 3103147 AND 3103246 ORDER BY c
	Sort  (cost=412.94..413.19 rows=103 width=121)
	  Sort Key: c
	  ->  Index Scan using sbtest3_pkey on sbtest3  (cost=0.43..409.49 rows=103 width=121)
	        Index Cond: ((id >= 3103147) AND (id <= 3103246))

table 4 : explain SELECT c FROM sbtest4 WHERE id BETWEEN 843730 AND 843829 ORDER BY c
	Sort  (cost=408.64..408.89 rows=102 width=121)
	  Sort Key: c
	  ->  Index Scan using sbtest4_pkey on sbtest4  (cost=0.43..405.24 rows=102 width=121)
	        Index Cond: ((id >= 843730) AND (id <= 843829))

table 5 : explain SELECT c FROM sbtest5 WHERE id BETWEEN 7245221 AND 7245320 ORDER BY c
	Sort  (cost=416.07..416.33 rows=104 width=121)
	  Sort Key: c
	  ->  Index Scan using sbtest5_pkey on sbtest5  (cost=0.43..412.58 rows=104 width=121)
	        Index Cond: ((id >= 7245221) AND (id <= 7245320))

table 6 : explain SELECT c FROM sbtest6 WHERE id BETWEEN 2352031 AND 2352130 ORDER BY c
	Sort  (cost=409.05..409.30 rows=102 width=121)
	  Sort Key: c
	  ->  Index Scan using sbtest6_pkey on sbtest6  (cost=0.43..405.65 rows=102 width=121)
	        Index Cond: ((id >= 2352031) AND (id <= 2352130))

table 7 : explain SELECT c FROM sbtest7 WHERE id BETWEEN 2174565 AND 2174664 ORDER BY c
	Sort  (cost=373.24..373.47 rows=93 width=121)
	  Sort Key: c
	  ->  Index Scan using sbtest7_pkey on sbtest7  (cost=0.43..370.20 rows=93 width=121)
	        Index Cond: ((id >= 2174565) AND (id <= 2174664))

table 8 : explain SELECT c FROM sbtest8 WHERE id BETWEEN 2128801 AND 2128900 ORDER BY c
	Sort  (cost=385.34..385.58 rows=96 width=121)
	  Sort Key: c
	  ->  Index Scan using sbtest8_pkey on sbtest8  (cost=0.43..382.18 rows=96 width=121)
	        Index Cond: ((id >= 2128801) AND (id <= 2128900))

for: simple_ranges
table 1 : explain SELECT c FROM sbtest1 WHERE id BETWEEN 8514333 AND 8514432
	Index Scan using sbtest1_pkey on sbtest1  (cost=0.43..362.75 rows=91 width=121)
	  Index Cond: ((id >= 8514333) AND (id <= 8514432))

table 2 : explain SELECT c FROM sbtest2 WHERE id BETWEEN 8332916 AND 8333015
	Index Scan using sbtest2_pkey on sbtest2  (cost=0.43..387.16 rows=97 width=121)
	  Index Cond: ((id >= 8332916) AND (id <= 8333015))

table 3 : explain SELECT c FROM sbtest3 WHERE id BETWEEN 5912155 AND 5912254
	Index Scan using sbtest3_pkey on sbtest3  (cost=0.43..409.49 rows=103 width=121)
	  Index Cond: ((id >= 5912155) AND (id <= 5912254))

table 4 : explain SELECT c FROM sbtest4 WHERE id BETWEEN 6071993 AND 6072092
	Index Scan using sbtest4_pkey on sbtest4  (cost=0.43..413.09 rows=104 width=121)
	  Index Cond: ((id >= 6071993) AND (id <= 6072092))

table 5 : explain SELECT c FROM sbtest5 WHERE id BETWEEN 9857323 AND 9857422
	Index Scan using sbtest5_pkey on sbtest5  (cost=0.43..369.41 rows=93 width=121)
	  Index Cond: ((id >= 9857323) AND (id <= 9857422))

table 6 : explain SELECT c FROM sbtest6 WHERE id BETWEEN 9146302 AND 9146401
	Index Scan using sbtest6_pkey on sbtest6  (cost=0.43..417.44 rows=105 width=121)
	  Index Cond: ((id >= 9146302) AND (id <= 9146401))

table 7 : explain SELECT c FROM sbtest7 WHERE id BETWEEN 4591583 AND 4591682
	Index Scan using sbtest7_pkey on sbtest7  (cost=0.43..405.58 rows=102 width=121)
	  Index Cond: ((id >= 4591583) AND (id <= 4591682))

table 8 : explain SELECT c FROM sbtest8 WHERE id BETWEEN 8451065 AND 8451164
	Index Scan using sbtest8_pkey on sbtest8  (cost=0.43..390.07 rows=98 width=121)
	  Index Cond: ((id >= 8451065) AND (id <= 8451164))

for: sum_ranges
table 1 : explain SELECT SUM(k) FROM sbtest1 WHERE id BETWEEN 1543429 AND 1543528
	Aggregate  (cost=374.79..374.80 rows=1 width=8)
	  ->  Index Scan using sbtest1_pkey on sbtest1  (cost=0.43..374.55 rows=94 width=4)
	        Index Cond: ((id >= 1543429) AND (id <= 1543528))

table 2 : explain SELECT SUM(k) FROM sbtest2 WHERE id BETWEEN 7689463 AND 7689562
	Aggregate  (cost=407.16..407.17 rows=1 width=8)
	  ->  Index Scan using sbtest2_pkey on sbtest2  (cost=0.43..406.91 rows=102 width=4)
	        Index Cond: ((id >= 7689463) AND (id <= 7689562))

table 3 : explain SELECT SUM(k) FROM sbtest3 WHERE id BETWEEN 2837923 AND 2838022
	Aggregate  (cost=382.22..382.23 rows=1 width=8)
	  ->  Index Scan using sbtest3_pkey on sbtest3  (cost=0.43..381.98 rows=96 width=4)
	        Index Cond: ((id >= 2837923) AND (id <= 2838022))

table 4 : explain SELECT SUM(k) FROM sbtest4 WHERE id BETWEEN 4474971 AND 4475070
	Aggregate  (cost=374.05..374.06 rows=1 width=8)
	  ->  Index Scan using sbtest4_pkey on sbtest4  (cost=0.43..373.81 rows=94 width=4)
	        Index Cond: ((id >= 4474971) AND (id <= 4475070))

table 5 : explain SELECT SUM(k) FROM sbtest5 WHERE id BETWEEN 8082026 AND 8082125
	Aggregate  (cost=373.56..373.57 rows=1 width=8)
	  ->  Index Scan using sbtest5_pkey on sbtest5  (cost=0.43..373.33 rows=94 width=4)
	        Index Cond: ((id >= 8082026) AND (id <= 8082125))

table 6 : explain SELECT SUM(k) FROM sbtest6 WHERE id BETWEEN 6140178 AND 6140277
	Aggregate  (cost=374.40..374.41 rows=1 width=8)
	  ->  Index Scan using sbtest6_pkey on sbtest6  (cost=0.43..374.17 rows=94 width=4)
	        Index Cond: ((id >= 6140178) AND (id <= 6140277))

table 7 : explain SELECT SUM(k) FROM sbtest7 WHERE id BETWEEN 7206168 AND 7206267
	Aggregate  (cost=386.17..386.18 rows=1 width=8)
	  ->  Index Scan using sbtest7_pkey on sbtest7  (cost=0.43..385.92 rows=97 width=4)
	        Index Cond: ((id >= 7206168) AND (id <= 7206267))

table 8 : explain SELECT SUM(k) FROM sbtest8 WHERE id BETWEEN 8471295 AND 8471394
	Aggregate  (cost=390.31..390.32 rows=1 width=8)
	  ->  Index Scan using sbtest8_pkey on sbtest8  (cost=0.43..390.07 rows=98 width=4)
	        Index Cond: ((id >= 8471295) AND (id <= 8471394))

for: simple_ranges
table 1 : explain SELECT c FROM sbtest1 WHERE id BETWEEN 9850585 AND 9850684
	Index Scan using sbtest1_pkey on sbtest1  (cost=0.43..421.81 rows=106 width=121)
	  Index Cond: ((id >= 9850585) AND (id <= 9850684))

table 2 : explain SELECT c FROM sbtest2 WHERE id BETWEEN 9000437 AND 9000536
	Index Scan using sbtest2_pkey on sbtest2  (cost=0.43..395.07 rows=99 width=121)
	  Index Cond: ((id >= 9000437) AND (id <= 9000536))

table 3 : explain SELECT c FROM sbtest3 WHERE id BETWEEN 6520226 AND 6520325
	Index Scan using sbtest3_pkey on sbtest3  (cost=0.43..429.15 rows=108 width=121)
	  Index Cond: ((id >= 6520226) AND (id <= 6520325))

table 4 : explain SELECT c FROM sbtest4 WHERE id BETWEEN 4472075 AND 4472174
	Index Scan using sbtest4_pkey on sbtest4  (cost=0.43..373.81 rows=94 width=121)
	  Index Cond: ((id >= 4472075) AND (id <= 4472174))

table 5 : explain SELECT c FROM sbtest5 WHERE id BETWEEN 5709558 AND 5709657
	Index Scan using sbtest5_pkey on sbtest5  (cost=0.43..408.66 rows=103 width=121)
	  Index Cond: ((id >= 5709558) AND (id <= 5709657))

table 6 : explain SELECT c FROM sbtest6 WHERE id BETWEEN 8025849 AND 8025948
	Index Scan using sbtest6_pkey on sbtest6  (cost=0.43..425.30 rows=107 width=121)
	  Index Cond: ((id >= 8025849) AND (id <= 8025948))

table 7 : explain SELECT c FROM sbtest7 WHERE id BETWEEN 8760015 AND 8760114
	Index Scan using sbtest7_pkey on sbtest7  (cost=0.43..358.41 rows=90 width=121)
	  Index Cond: ((id >= 8760015) AND (id <= 8760114))

table 8 : explain SELECT c FROM sbtest8 WHERE id BETWEEN 6091708 AND 6091807
	Index Scan using sbtest8_pkey on sbtest8  (cost=0.43..429.40 rows=108 width=121)
	  Index Cond: ((id >= 6091708) AND (id <= 6091807))

for: simple_ranges
table 1 : explain SELECT c FROM sbtest1 WHERE id BETWEEN 4368884 AND 4368983
	Index Scan using sbtest1_pkey on sbtest1  (cost=0.43..362.75 rows=91 width=121)
	  Index Cond: ((id >= 4368884) AND (id <= 4368983))

table 2 : explain SELECT c FROM sbtest2 WHERE id BETWEEN 4150244 AND 4150343
	Index Scan using sbtest2_pkey on sbtest2  (cost=0.43..375.33 rows=94 width=121)
	  Index Cond: ((id >= 4150244) AND (id <= 4150343))

table 3 : explain SELECT c FROM sbtest3 WHERE id BETWEEN 3060815 AND 3060914
	Index Scan using sbtest3_pkey on sbtest3  (cost=0.43..409.49 rows=103 width=121)
	  Index Cond: ((id >= 3060815) AND (id <= 3060914))

table 4 : explain SELECT c FROM sbtest4 WHERE id BETWEEN 7768447 AND 7768546
	Index Scan using sbtest4_pkey on sbtest4  (cost=0.43..385.60 rows=97 width=121)
	  Index Cond: ((id >= 7768447) AND (id <= 7768546))

table 5 : explain SELECT c FROM sbtest5 WHERE id BETWEEN 7465547 AND 7465646
	Index Scan using sbtest5_pkey on sbtest5  (cost=0.43..420.43 rows=106 width=121)
	  Index Cond: ((id >= 7465547) AND (id <= 7465646))

table 6 : explain SELECT c FROM sbtest6 WHERE id BETWEEN 201787 AND 201886
	Index Scan using sbtest6_pkey on sbtest6  (cost=0.43..358.44 rows=90 width=121)
	  Index Cond: ((id >= 201787) AND (id <= 201886))

table 7 : explain SELECT c FROM sbtest7 WHERE id BETWEEN 768468 AND 768567
	Index Scan using sbtest7_pkey on sbtest7  (cost=0.43..385.92 rows=97 width=121)
	  Index Cond: ((id >= 768468) AND (id <= 768567))

table 8 : explain SELECT c FROM sbtest8 WHERE id BETWEEN 3561665 AND 3561764
	Index Scan using sbtest8_pkey on sbtest8  (cost=0.43..421.54 rows=106 width=121)
	  Index Cond: ((id >= 3561665) AND (id <= 3561764))

for: distinct_ranges
table 1 : explain SELECT DISTINCT c FROM sbtest1 WHERE id BETWEEN 4082449 AND 4082548 ORDER BY c
	Unique  (cost=397.54..398.03 rows=99 width=121)
	  ->  Sort  (cost=397.54..397.79 rows=99 width=121)
	        Sort Key: c
	        ->  Index Scan using sbtest1_pkey on sbtest1  (cost=0.43..394.26 rows=99 width=121)
	              Index Cond: ((id >= 4082449) AND (id <= 4082548))

table 2 : explain SELECT DISTINCT c FROM sbtest2 WHERE id BETWEEN 5969964 AND 5970063 ORDER BY c
	Unique  (cost=354.51..354.95 rows=88 width=121)
	  ->  Sort  (cost=354.51..354.73 rows=88 width=121)
	        Sort Key: c
	        ->  Index Scan using sbtest2_pkey on sbtest2  (cost=0.43..351.66 rows=88 width=121)
	              Index Cond: ((id >= 5969964) AND (id <= 5970063))

table 3 : explain SELECT DISTINCT c FROM sbtest3 WHERE id BETWEEN 883238 AND 883337 ORDER BY c
	Unique  (cost=424.85..425.38 rows=106 width=121)
	  ->  Sort  (cost=424.85..425.12 rows=106 width=121)
	        Sort Key: c
	        ->  Index Scan using sbtest3_pkey on sbtest3  (cost=0.43..421.29 rows=106 width=121)
	              Index Cond: ((id >= 883238) AND (id <= 883337))

table 4 : explain SELECT DISTINCT c FROM sbtest4 WHERE id BETWEEN 6225640 AND 6225739 ORDER BY c
	Unique  (cost=384.83..385.31 rows=96 width=121)
	  ->  Sort  (cost=384.83..385.07 rows=96 width=121)
	        Sort Key: c
	        ->  Index Scan using sbtest4_pkey on sbtest4  (cost=0.43..381.67 rows=96 width=121)
	              Index Cond: ((id >= 6225640) AND (id <= 6225739))

table 5 : explain SELECT DISTINCT c FROM sbtest5 WHERE id BETWEEN 5978646 AND 5978745 ORDER BY c
	Unique  (cost=412.10..412.62 rows=103 width=121)
	  ->  Sort  (cost=412.10..412.36 rows=103 width=121)
	        Sort Key: c
	        ->  Index Scan using sbtest5_pkey on sbtest5  (cost=0.43..408.66 rows=103 width=121)
	              Index Cond: ((id >= 5978646) AND (id <= 5978745))

table 6 : explain SELECT DISTINCT c FROM sbtest6 WHERE id BETWEEN 338141 AND 338240 ORDER BY c
	Unique  (cost=401.10..401.60 rows=100 width=121)
	  ->  Sort  (cost=401.10..401.35 rows=100 width=121)
	        Sort Key: c
	        ->  Index Scan using sbtest6_pkey on sbtest6  (cost=0.43..397.78 rows=100 width=121)
	              Index Cond: ((id >= 338141) AND (id <= 338240))

table 7 : explain SELECT DISTINCT c FROM sbtest7 WHERE id BETWEEN 6154330 AND 6154429 ORDER BY c
	Unique  (cost=373.24..373.70 rows=93 width=121)
	  ->  Sort  (cost=373.24..373.47 rows=93 width=121)
	        Sort Key: c
	        ->  Index Scan using sbtest7_pkey on sbtest7  (cost=0.43..370.20 rows=93 width=121)
	              Index Cond: ((id >= 6154330) AND (id <= 6154429))

table 8 : explain SELECT DISTINCT c FROM sbtest8 WHERE id BETWEEN 8554591 AND 8554690 ORDER BY c
	Unique  (cost=429.08..429.61 rows=107 width=121)
	  ->  Sort  (cost=429.08..429.34 rows=107 width=121)
	        Sort Key: c
	        ->  Index Scan using sbtest8_pkey on sbtest8  (cost=0.43..425.47 rows=107 width=121)
	              Index Cond: ((id >= 8554591) AND (id <= 8554690))

explain: for point_selects :: explain SELECT c FROM sbtest%u WHERE id=%u
for point_selects
table 1 : explain SELECT c FROM sbtest1 WHERE id=777766
	Index Scan using sbtest1_pkey on sbtest1  (cost=0.43..8.45 rows=1 width=121)
	  Index Cond: (id = 777766)

table 2 : explain SELECT c FROM sbtest2 WHERE id=6290420
	Index Scan using sbtest2_pkey on sbtest2  (cost=0.43..8.45 rows=1 width=121)
	  Index Cond: (id = 6290420)

table 3 : explain SELECT c FROM sbtest3 WHERE id=9242620
	Index Scan using sbtest3_pkey on sbtest3  (cost=0.43..8.45 rows=1 width=121)
	  Index Cond: (id = 9242620)

table 4 : explain SELECT c FROM sbtest4 WHERE id=5952776
	Index Scan using sbtest4_pkey on sbtest4  (cost=0.43..8.45 rows=1 width=121)
	  Index Cond: (id = 5952776)

table 5 : explain SELECT c FROM sbtest5 WHERE id=3153122
	Index Scan using sbtest5_pkey on sbtest5  (cost=0.43..8.45 rows=1 width=121)
	  Index Cond: (id = 3153122)

table 6 : explain SELECT c FROM sbtest6 WHERE id=3235496
	Index Scan using sbtest6_pkey on sbtest6  (cost=0.43..8.45 rows=1 width=121)
	  Index Cond: (id = 3235496)

table 7 : explain SELECT c FROM sbtest7 WHERE id=702451
	Index Scan using sbtest7_pkey on sbtest7  (cost=0.43..8.45 rows=1 width=121)
	  Index Cond: (id = 702451)

table 8 : explain SELECT c FROM sbtest8 WHERE id=589346
	Index Scan using sbtest8_pkey on sbtest8  (cost=0.43..8.45 rows=1 width=121)
	  Index Cond: (id = 589346)

for: sum_ranges
table 1 : explain SELECT SUM(k) FROM sbtest1 WHERE id BETWEEN 5751201 AND 5751300
	Aggregate  (cost=422.07..422.08 rows=1 width=8)
	  ->  Index Scan using sbtest1_pkey on sbtest1  (cost=0.43..421.81 rows=106 width=4)
	        Index Cond: ((id >= 5751201) AND (id <= 5751300))

table 2 : explain SELECT SUM(k) FROM sbtest2 WHERE id BETWEEN 4570612 AND 4570711
	Aggregate  (cost=367.67..367.68 rows=1 width=8)
	  ->  Index Scan using sbtest2_pkey on sbtest2  (cost=0.43..367.44 rows=92 width=4)
	        Index Cond: ((id >= 4570612) AND (id <= 4570711))

table 3 : explain SELECT SUM(k) FROM sbtest3 WHERE id BETWEEN 620607 AND 620706
	Aggregate  (cost=413.68..413.69 rows=1 width=8)
	  ->  Index Scan using sbtest3_pkey on sbtest3  (cost=0.43..413.42 rows=104 width=4)
	        Index Cond: ((id >= 620607) AND (id <= 620706))

table 4 : explain SELECT SUM(k) FROM sbtest4 WHERE id BETWEEN 5428303 AND 5428402
	Aggregate  (cost=417.28..417.29 rows=1 width=8)
	  ->  Index Scan using sbtest4_pkey on sbtest4  (cost=0.43..417.02 rows=105 width=4)
	        Index Cond: ((id >= 5428303) AND (id <= 5428402))

table 5 : explain SELECT SUM(k) FROM sbtest5 WHERE id BETWEEN 1413365 AND 1413464
	Aggregate  (cost=432.47..432.48 rows=1 width=8)
	  ->  Index Scan using sbtest5_pkey on sbtest5  (cost=0.43..432.20 rows=109 width=4)
	        Index Cond: ((id >= 1413365) AND (id <= 1413464))

table 6 : explain SELECT SUM(k) FROM sbtest6 WHERE id BETWEEN 650752 AND 650851
	Aggregate  (cost=413.77..413.78 rows=1 width=8)
	  ->  Index Scan using sbtest6_pkey on sbtest6  (cost=0.43..413.51 rows=104 width=4)
	        Index Cond: ((id >= 650752) AND (id <= 650851))

table 7 : explain SELECT SUM(k) FROM sbtest7 WHERE id BETWEEN 2746606 AND 2746705
	Aggregate  (cost=394.03..394.04 rows=1 width=8)
	  ->  Index Scan using sbtest7_pkey on sbtest7  (cost=0.43..393.79 rows=99 width=4)
	        Index Cond: ((id >= 2746606) AND (id <= 2746705))

table 8 : explain SELECT SUM(k) FROM sbtest8 WHERE id BETWEEN 8275058 AND 8275157
	Aggregate  (cost=394.25..394.26 rows=1 width=8)
	  ->  Index Scan using sbtest8_pkey on sbtest8  (cost=0.43..394.00 rows=99 width=4)
	        Index Cond: ((id >= 8275058) AND (id <= 8275157))

for: order_ranges
table 1 : explain SELECT c FROM sbtest1 WHERE id BETWEEN 1281433 AND 1281532 ORDER BY c
	Sort  (cost=425.38..425.64 rows=106 width=121)
	  Sort Key: c
	  ->  Index Scan using sbtest1_pkey on sbtest1  (cost=0.43..421.81 rows=106 width=121)
	        Index Cond: ((id >= 1281433) AND (id <= 1281532))

table 2 : explain SELECT c FROM sbtest2 WHERE id BETWEEN 7224698 AND 7224797 ORDER BY c
	Sort  (cost=446.18..446.46 rows=111 width=121)
	  Sort Key: c
	  ->  Index Scan using sbtest2_pkey on sbtest2  (cost=0.43..442.41 rows=111 width=121)
	        Index Cond: ((id >= 7224698) AND (id <= 7224797))

table 3 : explain SELECT c FROM sbtest3 WHERE id BETWEEN 8644056 AND 8644155 ORDER BY c
	Sort  (cost=381.16..381.40 rows=95 width=121)
	  Sort Key: c
	  ->  Index Scan using sbtest3_pkey on sbtest3  (cost=0.43..378.04 rows=95 width=121)
	        Index Cond: ((id >= 8644056) AND (id <= 8644155))

table 4 : explain SELECT c FROM sbtest4 WHERE id BETWEEN 8997284 AND 8997383 ORDER BY c
	Sort  (cost=432.45..432.72 rows=108 width=121)
	  Sort Key: c
	  ->  Index Scan using sbtest4_pkey on sbtest4  (cost=0.43..428.80 rows=108 width=121)
	        Index Cond: ((id >= 8997284) AND (id <= 8997383))

table 5 : explain SELECT c FROM sbtest5 WHERE id BETWEEN 1781235 AND 1781334 ORDER BY c
	Sort  (cost=364.52..364.75 rows=91 width=121)
	  Sort Key: c
	  ->  Index Scan using sbtest5_pkey on sbtest5  (cost=0.43..361.56 rows=91 width=121)
	        Index Cond: ((id >= 1781235) AND (id <= 1781334))

table 6 : explain SELECT c FROM sbtest6 WHERE id BETWEEN 629113 AND 629212 ORDER BY c
	Sort  (cost=416.99..417.25 rows=104 width=121)
	  Sort Key: c
	  ->  Index Scan using sbtest6_pkey on sbtest6  (cost=0.43..413.51 rows=104 width=121)
	        Index Cond: ((id >= 629113) AND (id <= 629212))

table 7 : explain SELECT c FROM sbtest7 WHERE id BETWEEN 6224323 AND 6224422 ORDER BY c
	Sort  (cost=412.96..413.21 rows=103 width=121)
	  Sort Key: c
	  ->  Index Scan using sbtest7_pkey on sbtest7  (cost=0.43..409.51 rows=103 width=121)
	        Index Cond: ((id >= 6224323) AND (id <= 6224422))

table 8 : explain SELECT c FROM sbtest8 WHERE id BETWEEN 7555942 AND 7556041 ORDER BY c
	Sort  (cost=413.18..413.44 rows=103 width=121)
	  Sort Key: c
	  ->  Index Scan using sbtest8_pkey on sbtest8  (cost=0.43..409.74 rows=103 width=121)
	        Index Cond: ((id >= 7555942) AND (id <= 7556041))

for: sum_ranges
table 1 : explain SELECT SUM(k) FROM sbtest1 WHERE id BETWEEN 2340685 AND 2340784
	Aggregate  (cost=406.32..406.33 rows=1 width=8)
	  ->  Index Scan using sbtest1_pkey on sbtest1  (cost=0.43..406.06 rows=102 width=4)
	        Index Cond: ((id >= 2340685) AND (id <= 2340784))

table 2 : explain SELECT SUM(k) FROM sbtest2 WHERE id BETWEEN 9245093 AND 9245192
	Aggregate  (cost=367.67..367.68 rows=1 width=8)
	  ->  Index Scan using sbtest2_pkey on sbtest2  (cost=0.43..367.44 rows=92 width=4)
	        Index Cond: ((id >= 9245093) AND (id <= 9245192))

table 3 : explain SELECT SUM(k) FROM sbtest3 WHERE id BETWEEN 1749171 AND 1749270
	Aggregate  (cost=394.02..394.03 rows=1 width=8)
	  ->  Index Scan using sbtest3_pkey on sbtest3  (cost=0.43..393.77 rows=99 width=4)
	        Index Cond: ((id >= 1749171) AND (id <= 1749270))

table 4 : explain SELECT SUM(k) FROM sbtest4 WHERE id BETWEEN 8312027 AND 8312126
	Aggregate  (cost=385.84..385.85 rows=1 width=8)
	  ->  Index Scan using sbtest4_pkey on sbtest4  (cost=0.43..385.60 rows=97 width=4)
	        Index Cond: ((id >= 8312027) AND (id <= 8312126))

table 5 : explain SELECT SUM(k) FROM sbtest5 WHERE id BETWEEN 5239040 AND 5239139
	Aggregate  (cost=353.94..353.95 rows=1 width=8)
	  ->  Index Scan using sbtest5_pkey on sbtest5  (cost=0.43..353.71 rows=89 width=4)
	        Index Cond: ((id >= 5239040) AND (id <= 5239139))

table 6 : explain SELECT SUM(k) FROM sbtest6 WHERE id BETWEEN 4178930 AND 4179029
	Aggregate  (cost=378.36..378.37 rows=1 width=8)
	  ->  Index Scan using sbtest6_pkey on sbtest6  (cost=0.43..378.12 rows=95 width=4)
	        Index Cond: ((id >= 4178930) AND (id <= 4179029))

table 7 : explain SELECT SUM(k) FROM sbtest7 WHERE id BETWEEN 4240100 AND 4240199
	Aggregate  (cost=425.50..425.51 rows=1 width=8)
	  ->  Index Scan using sbtest7_pkey on sbtest7  (cost=0.43..425.24 rows=107 width=4)
	        Index Cond: ((id >= 4240100) AND (id <= 4240199))

table 8 : explain SELECT SUM(k) FROM sbtest8 WHERE id BETWEEN 8341782 AND 8341881
	Aggregate  (cost=378.48..378.49 rows=1 width=8)
	  ->  Index Scan using sbtest8_pkey on sbtest8  (cost=0.43..378.25 rows=95 width=4)
	        Index Cond: ((id >= 8341782) AND (id <= 8341881))

explain: for point_selects :: explain SELECT c FROM sbtest%u WHERE id=%u
for: sum_ranges
table 1 : explain SELECT SUM(k) FROM sbtest1 WHERE id BETWEEN 3399622 AND 3399721
	Aggregate  (cost=386.63..386.64 rows=1 width=8)
	  ->  Index Scan using sbtest1_pkey on sbtest1  (cost=0.43..386.38 rows=97 width=4)
	        Index Cond: ((id >= 3399622) AND (id <= 3399721))

table 2 : explain SELECT SUM(k) FROM sbtest2 WHERE id BETWEEN 6259419 AND 6259518
	Aggregate  (cost=411.11..411.12 rows=1 width=8)
	  ->  Index Scan using sbtest2_pkey on sbtest2  (cost=0.43..410.85 rows=103 width=4)
	        Index Cond: ((id >= 6259419) AND (id <= 6259518))

table 3 : explain SELECT SUM(k) FROM sbtest3 WHERE id BETWEEN 3198817 AND 3198916
	Aggregate  (cost=370.41..370.42 rows=1 width=8)
	  ->  Index Scan using sbtest3_pkey on sbtest3  (cost=0.43..370.18 rows=93 width=4)
	        Index Cond: ((id >= 3198817) AND (id <= 3198916))

table 4 : explain SELECT SUM(k) FROM sbtest4 WHERE id BETWEEN 5468917 AND 5469016
	Aggregate  (cost=440.86..440.87 rows=1 width=8)
	  ->  Index Scan using sbtest4_pkey on sbtest4  (cost=0.43..440.59 rows=111 width=4)
	        Index Cond: ((id >= 5468917) AND (id <= 5469016))

table 5 : explain SELECT SUM(k) FROM sbtest5 WHERE id BETWEEN 2670636 AND 2670735
	Aggregate  (cost=420.69..420.70 rows=1 width=8)
	  ->  Index Scan using sbtest5_pkey on sbtest5  (cost=0.43..420.43 rows=106 width=4)
	        Index Cond: ((id >= 2670636) AND (id <= 2670735))

table 6 : explain SELECT SUM(k) FROM sbtest6 WHERE id BETWEEN 5650142 AND 5650241
	Aggregate  (cost=378.36..378.37 rows=1 width=8)
	  ->  Index Scan using sbtest6_pkey on sbtest6  (cost=0.43..378.12 rows=95 width=4)
	        Index Cond: ((id >= 5650142) AND (id <= 5650241))

table 7 : explain SELECT SUM(k) FROM sbtest7 WHERE id BETWEEN 1916222 AND 1916321
	Aggregate  (cost=358.61..358.62 rows=1 width=8)
	  ->  Index Scan using sbtest7_pkey on sbtest7  (cost=0.43..358.38 rows=90 width=4)
	        Index Cond: ((id >= 1916222) AND (id <= 1916321))

table 8 : explain SELECT SUM(k) FROM sbtest8 WHERE id BETWEEN 4963656 AND 4963755
	Aggregate  (cost=413.93..413.94 rows=1 width=8)
	  ->  Index Scan using sbtest8_pkey on sbtest8  (cost=0.43..413.67 rows=104 width=4)
	        Index Cond: ((id >= 4963656) AND (id <= 4963755))

for: distinct_ranges
table 1 : explain SELECT DISTINCT c FROM sbtest1 WHERE id BETWEEN 5195455 AND 5195554 ORDER BY c
	Unique  (cost=369.68..370.14 rows=92 width=121)
	  ->  Sort  (cost=369.68..369.91 rows=92 width=121)
	        Sort Key: c
	        ->  Index Scan using sbtest1_pkey on sbtest1  (cost=0.43..366.68 rows=92 width=121)
	              Index Cond: ((id >= 5195455) AND (id <= 5195554))

table 2 : explain SELECT DISTINCT c FROM sbtest2 WHERE id BETWEEN 3292811 AND 3292910 ORDER BY c
	Unique  (cost=410.31..410.82 rows=102 width=121)
	  ->  Sort  (cost=410.31..410.56 rows=102 width=121)
	        Sort Key: c
	        ->  Index Scan using sbtest2_pkey on sbtest2  (cost=0.43..406.91 rows=102 width=121)
	              Index Cond: ((id >= 3292811) AND (id <= 3292910))

table 3 : explain SELECT DISTINCT c FROM sbtest3 WHERE id BETWEEN 5550986 AND 5551085 ORDER BY c
	Unique  (cost=420.88..421.40 rows=105 width=121)
	  ->  Sort  (cost=420.88..421.14 rows=105 width=121)
	        Sort Key: c
	        ->  Index Scan using sbtest3_pkey on sbtest3  (cost=0.43..417.35 rows=105 width=121)
	              Index Cond: ((id >= 5550986) AND (id <= 5551085))

table 4 : explain SELECT DISTINCT c FROM sbtest4 WHERE id BETWEEN 3859008 AND 3859107 ORDER BY c
	Unique  (cost=404.67..405.18 rows=101 width=121)
	  ->  Sort  (cost=404.67..404.92 rows=101 width=121)
	        Sort Key: c
	        ->  Index Scan using sbtest4_pkey on sbtest4  (cost=0.43..401.31 rows=101 width=121)
	              Index Cond: ((id >= 3859008) AND (id <= 3859107))

table 5 : explain SELECT DISTINCT c FROM sbtest5 WHERE id BETWEEN 2773629 AND 2773728 ORDER BY c
	Unique  (cost=427.96..428.49 rows=107 width=121)
	  ->  Sort  (cost=427.96..428.22 rows=107 width=121)
	        Sort Key: c
	        ->  Index Scan using sbtest5_pkey on sbtest5  (cost=0.43..424.35 rows=107 width=121)
	              Index Cond: ((id >= 2773629) AND (id <= 2773728))

table 6 : explain SELECT DISTINCT c FROM sbtest6 WHERE id BETWEEN 764673 AND 764772 ORDER BY c
	Unique  (cost=365.33..365.79 rows=91 width=121)
	  ->  Sort  (cost=365.33..365.56 rows=91 width=121)
	        Sort Key: c
	        ->  Index Scan using sbtest6_pkey on sbtest6  (cost=0.43..362.37 rows=91 width=121)
	              Index Cond: ((id >= 764673) AND (id <= 764772))

table 7 : explain SELECT DISTINCT c FROM sbtest7 WHERE id BETWEEN 5076057 AND 5076156 ORDER BY c
	Unique  (cost=420.90..421.42 rows=105 width=121)
	  ->  Sort  (cost=420.90..421.16 rows=105 width=121)
	        Sort Key: c
	        ->  Index Scan using sbtest7_pkey on sbtest7  (cost=0.43..417.37 rows=105 width=121)
	              Index Cond: ((id >= 5076057) AND (id <= 5076156))

table 8 : explain SELECT DISTINCT c FROM sbtest8 WHERE id BETWEEN 8707843 AND 8707942 ORDER BY c
	Unique  (cost=381.37..381.84 rows=95 width=121)
	  ->  Sort  (cost=381.37..381.60 rows=95 width=121)
	        Sort Key: c
	        ->  Index Scan using sbtest8_pkey on sbtest8  (cost=0.43..378.25 rows=95 width=121)
	              Index Cond: ((id >= 8707843) AND (id <= 8707942))

explain: for point_selects :: explain SELECT c FROM sbtest%u WHERE id=%u
explain: for point_selects :: explain SELECT c FROM sbtest%u WHERE id=%u
for: simple_ranges
table 1 : explain SELECT c FROM sbtest1 WHERE id BETWEEN 6245418 AND 6245517
	Index Scan using sbtest1_pkey on sbtest1  (cost=0.43..402.13 rows=101 width=121)
	  Index Cond: ((id >= 6245418) AND (id <= 6245517))

table 2 : explain SELECT c FROM sbtest2 WHERE id BETWEEN 7853328 AND 7853427
	Index Scan using sbtest2_pkey on sbtest2  (cost=0.43..414.80 rows=104 width=121)
	  Index Cond: ((id >= 7853328) AND (id <= 7853427))

table 3 : explain SELECT c FROM sbtest3 WHERE id BETWEEN 7024640 AND 7024739
	Index Scan using sbtest3_pkey on sbtest3  (cost=0.43..374.11 rows=94 width=121)
	  Index Cond: ((id >= 7024640) AND (id <= 7024739))

table 4 : explain SELECT c FROM sbtest4 WHERE id BETWEEN 821459 AND 821558
	Index Scan using sbtest4_pkey on sbtest4  (cost=0.43..405.24 rows=102 width=121)
	  Index Cond: ((id >= 821459) AND (id <= 821558))

table 5 : explain SELECT c FROM sbtest5 WHERE id BETWEEN 9726761 AND 9726860
	Index Scan using sbtest5_pkey on sbtest5  (cost=0.43..392.97 rows=99 width=121)
	  Index Cond: ((id >= 9726761) AND (id <= 9726860))

table 6 : explain SELECT c FROM sbtest6 WHERE id BETWEEN 4781368 AND 4781467
	Index Scan using sbtest6_pkey on sbtest6  (cost=0.43..382.05 rows=96 width=121)
	  Index Cond: ((id >= 4781368) AND (id <= 4781467))

table 7 : explain SELECT c FROM sbtest7 WHERE id BETWEEN 4275175 AND 4275274
	Index Scan using sbtest7_pkey on sbtest7  (cost=0.43..425.24 rows=107 width=121)
	  Index Cond: ((id >= 4275175) AND (id <= 4275274))

table 8 : explain SELECT c FROM sbtest8 WHERE id BETWEEN 7566990 AND 7567089
	Index Scan using sbtest8_pkey on sbtest8  (cost=0.43..409.74 rows=103 width=121)
	  Index Cond: ((id >= 7566990) AND (id <= 7567089))

for: order_ranges
table 1 : explain SELECT c FROM sbtest1 WHERE id BETWEEN 4960673 AND 4960772 ORDER BY c
	Sort  (cost=405.49..405.74 rows=101 width=121)
	  Sort Key: c
	  ->  Index Scan using sbtest1_pkey on sbtest1  (cost=0.43..402.13 rows=101 width=121)
	        Index Cond: ((id >= 4960673) AND (id <= 4960772))

table 2 : explain SELECT c FROM sbtest2 WHERE id BETWEEN 6987126 AND 6987225 ORDER BY c
	Sort  (cost=410.31..410.56 rows=102 width=121)
	  Sort Key: c
	  ->  Index Scan using sbtest2_pkey on sbtest2  (cost=0.43..406.91 rows=102 width=121)
	        Index Cond: ((id >= 6987126) AND (id <= 6987225))

table 3 : explain SELECT c FROM sbtest3 WHERE id BETWEEN 7036422 AND 7036521 ORDER BY c
	Sort  (cost=377.19..377.43 rows=94 width=121)
	  Sort Key: c
	  ->  Index Scan using sbtest3_pkey on sbtest3  (cost=0.43..374.11 rows=94 width=121)
	        Index Cond: ((id >= 7036422) AND (id <= 7036521))

table 4 : explain SELECT c FROM sbtest4 WHERE id BETWEEN 8924323 AND 8924422 ORDER BY c
	Sort  (cost=384.83..385.07 rows=96 width=121)
	  Sort Key: c
	  ->  Index Scan using sbtest4_pkey on sbtest4  (cost=0.43..381.67 rows=96 width=121)
	        Index Cond: ((id >= 8924323) AND (id <= 8924422))

table 5 : explain SELECT c FROM sbtest5 WHERE id BETWEEN 2775348 AND 2775447 ORDER BY c
	Sort  (cost=427.96..428.22 rows=107 width=121)
	  Sort Key: c
	  ->  Index Scan using sbtest5_pkey on sbtest5  (cost=0.43..424.35 rows=107 width=121)
	        Index Cond: ((id >= 2775348) AND (id <= 2775447))

table 6 : explain SELECT c FROM sbtest6 WHERE id BETWEEN 720777 AND 720876 ORDER BY c
	Sort  (cost=365.33..365.56 rows=91 width=121)
	  Sort Key: c
	  ->  Index Scan using sbtest6_pkey on sbtest6  (cost=0.43..362.37 rows=91 width=121)
	        Index Cond: ((id >= 720777) AND (id <= 720876))

table 7 : explain SELECT c FROM sbtest7 WHERE id BETWEEN 2557008 AND 2557107 ORDER BY c
	Sort  (cost=408.98..409.24 rows=102 width=121)
	  Sort Key: c
	  ->  Index Scan using sbtest7_pkey on sbtest7  (cost=0.43..405.58 rows=102 width=121)
	        Index Cond: ((id >= 2557008) AND (id <= 2557107))

table 8 : explain SELECT c FROM sbtest8 WHERE id BETWEEN 7601728 AND 7601827 ORDER BY c
	Sort  (cost=393.31..393.55 rows=98 width=121)
	  Sort Key: c
	  ->  Index Scan using sbtest8_pkey on sbtest8  (cost=0.43..390.07 rows=98 width=121)
	        Index Cond: ((id >= 7601728) AND (id <= 7601827))

for point_selects
table 1 : explain SELECT c FROM sbtest1 WHERE id=2373334
	Index Scan using sbtest1_pkey on sbtest1  (cost=0.43..8.45 rows=1 width=121)
	  Index Cond: (id = 2373334)

table 2 : explain SELECT c FROM sbtest2 WHERE id=3241460
	Index Scan using sbtest2_pkey on sbtest2  (cost=0.43..8.45 rows=1 width=121)
	  Index Cond: (id = 3241460)

table 3 : explain SELECT c FROM sbtest3 WHERE id=9236203
	Index Scan using sbtest3_pkey on sbtest3  (cost=0.43..8.45 rows=1 width=121)
	  Index Cond: (id = 9236203)

table 4 : explain SELECT c FROM sbtest4 WHERE id=2212687
	Index Scan using sbtest4_pkey on sbtest4  (cost=0.43..8.45 rows=1 width=121)
	  Index Cond: (id = 2212687)

table 5 : explain SELECT c FROM sbtest5 WHERE id=3223101
	Index Scan using sbtest5_pkey on sbtest5  (cost=0.43..8.45 rows=1 width=121)
	  Index Cond: (id = 3223101)

table 6 : explain SELECT c FROM sbtest6 WHERE id=1028792
	Index Scan using sbtest6_pkey on sbtest6  (cost=0.43..8.45 rows=1 width=121)
	  Index Cond: (id = 1028792)

table 7 : explain SELECT c FROM sbtest7 WHERE id=1771776
	Index Scan using sbtest7_pkey on sbtest7  (cost=0.43..8.45 rows=1 width=121)
	  Index Cond: (id = 1771776)

table 8 : explain SELECT c FROM sbtest8 WHERE id=2805033
	Index Scan using sbtest8_pkey on sbtest8  (cost=0.43..8.45 rows=1 width=121)
	  Index Cond: (id = 2805033)

explain: for point_selects :: explain SELECT c FROM sbtest%u WHERE id=%u
for: order_ranges
table 1 : explain SELECT c FROM sbtest1 WHERE id BETWEEN 6154781 AND 6154880 ORDER BY c
	Sort  (cost=377.64..377.87 rows=94 width=121)
	  Sort Key: c
	  ->  Index Scan using sbtest1_pkey on sbtest1  (cost=0.43..374.55 rows=94 width=121)
	        Index Cond: ((id >= 6154781) AND (id <= 6154880))

table 2 : explain SELECT c FROM sbtest2 WHERE id BETWEEN 9711095 AND 9711194 ORDER BY c
	Sort  (cost=398.35..398.60 rows=99 width=121)
	  Sort Key: c
	  ->  Index Scan using sbtest2_pkey on sbtest2  (cost=0.43..395.07 rows=99 width=121)
	        Index Cond: ((id >= 9711095) AND (id <= 9711194))

table 3 : explain SELECT c FROM sbtest3 WHERE id BETWEEN 9590629 AND 9590728 ORDER BY c
	Sort  (cost=404.99..405.25 rows=101 width=121)
	  Sort Key: c
	  ->  Index Scan using sbtest3_pkey on sbtest3  (cost=0.43..401.63 rows=101 width=121)
	        Index Cond: ((id >= 9590629) AND (id <= 9590728))

table 4 : explain SELECT c FROM sbtest4 WHERE id BETWEEN 8636902 AND 8637001 ORDER BY c
	Sort  (cost=404.67..404.92 rows=101 width=121)
	  Sort Key: c
	  ->  Index Scan using sbtest4_pkey on sbtest4  (cost=0.43..401.31 rows=101 width=121)
	        Index Cond: ((id >= 8636902) AND (id <= 8637001))

table 5 : explain SELECT c FROM sbtest5 WHERE id BETWEEN 1197850 AND 1197949 ORDER BY c
	Sort  (cost=368.48..368.71 rows=92 width=121)
	  Sort Key: c
	  ->  Index Scan using sbtest5_pkey on sbtest5  (cost=0.43..365.48 rows=92 width=121)
	        Index Cond: ((id >= 1197850) AND (id <= 1197949))

table 6 : explain SELECT c FROM sbtest6 WHERE id BETWEEN 8397508 AND 8397607 ORDER BY c
	Sort  (cost=345.48..345.69 rows=86 width=121)
	  Sort Key: c
	  ->  Index Scan using sbtest6_pkey on sbtest6  (cost=0.43..342.71 rows=86 width=121)
	        Index Cond: ((id >= 8397508) AND (id <= 8397607))

table 7 : explain SELECT c FROM sbtest7 WHERE id BETWEEN 3941479 AND 3941578 ORDER BY c
	Sort  (cost=416.93..417.19 rows=104 width=121)
	  Sort Key: c
	  ->  Index Scan using sbtest7_pkey on sbtest7  (cost=0.43..413.44 rows=104 width=121)
	        Index Cond: ((id >= 3941479) AND (id <= 3941578))

table 8 : explain SELECT c FROM sbtest8 WHERE id BETWEEN 7296195 AND 7296294 ORDER BY c
	Sort  (cost=357.53..357.75 rows=89 width=121)
	  Sort Key: c
	  ->  Index Scan using sbtest8_pkey on sbtest8  (cost=0.43..354.65 rows=89 width=121)
	        Index Cond: ((id >= 7296195) AND (id <= 7296294))

for point_selects
table 1 : explain SELECT c FROM sbtest1 WHERE id=6452506
	Index Scan using sbtest1_pkey on sbtest1  (cost=0.43..8.45 rows=1 width=121)
	  Index Cond: (id = 6452506)

table 2 : explain SELECT c FROM sbtest2 WHERE id=4926412
	Index Scan using sbtest2_pkey on sbtest2  (cost=0.43..8.45 rows=1 width=121)
	  Index Cond: (id = 4926412)

table 3 : explain SELECT c FROM sbtest3 WHERE id=6648312
	Index Scan using sbtest3_pkey on sbtest3  (cost=0.43..8.45 rows=1 width=121)
	  Index Cond: (id = 6648312)

table 4 : explain SELECT c FROM sbtest4 WHERE id=1227758
	Index Scan using sbtest4_pkey on sbtest4  (cost=0.43..8.45 rows=1 width=121)
	  Index Cond: (id = 1227758)

table 5 : explain SELECT c FROM sbtest5 WHERE id=3219325
	Index Scan using sbtest5_pkey on sbtest5  (cost=0.43..8.45 rows=1 width=121)
	  Index Cond: (id = 3219325)

table 6 : explain SELECT c FROM sbtest6 WHERE id=3779619
	Index Scan using sbtest6_pkey on sbtest6  (cost=0.43..8.45 rows=1 width=121)
	  Index Cond: (id = 3779619)

table 7 : explain SELECT c FROM sbtest7 WHERE id=3773339
	Index Scan using sbtest7_pkey on sbtest7  (cost=0.43..8.45 rows=1 width=121)
	  Index Cond: (id = 3773339)

table 8 : explain SELECT c FROM sbtest8 WHERE id=4983077
	Index Scan using sbtest8_pkey on sbtest8  (cost=0.43..8.45 rows=1 width=121)
	  Index Cond: (id = 4983077)

explain: for point_selects :: explain SELECT c FROM sbtest%u WHERE id=%u
for: order_ranges
table 1 : explain SELECT c FROM sbtest1 WHERE id BETWEEN 6440789 AND 6440888 ORDER BY c
	Sort  (cost=409.47..409.72 rows=102 width=121)
	  Sort Key: c
	  ->  Index Scan using sbtest1_pkey on sbtest1  (cost=0.43..406.06 rows=102 width=121)
	        Index Cond: ((id >= 6440789) AND (id <= 6440888))

table 2 : explain SELECT c FROM sbtest2 WHERE id BETWEEN 9483006 AND 9483105 ORDER BY c
	Sort  (cost=422.26..422.53 rows=105 width=121)
	  Sort Key: c
	  ->  Index Scan using sbtest2_pkey on sbtest2  (cost=0.43..418.74 rows=105 width=121)
	        Index Cond: ((id >= 9483006) AND (id <= 9483105))

table 3 : explain SELECT c FROM sbtest3 WHERE id BETWEEN 1351215 AND 1351314 ORDER BY c
	Sort  (cost=361.31..361.53 rows=90 width=121)
	  Sort Key: c
	  ->  Index Scan using sbtest3_pkey on sbtest3  (cost=0.43..358.39 rows=90 width=121)
	        Index Cond: ((id >= 1351215) AND (id <= 1351314))

table 4 : explain SELECT c FROM sbtest4 WHERE id BETWEEN 1481702 AND 1481801 ORDER BY c
	Sort  (cost=384.83..385.07 rows=96 width=121)
	  Sort Key: c
	  ->  Index Scan using sbtest4_pkey on sbtest4  (cost=0.43..381.67 rows=96 width=121)
	        Index Cond: ((id >= 1481702) AND (id <= 1481801))

table 5 : explain SELECT c FROM sbtest5 WHERE id BETWEEN 8630826 AND 8630925 ORDER BY c
	Sort  (cost=416.07..416.33 rows=104 width=121)
	  Sort Key: c
	  ->  Index Scan using sbtest5_pkey on sbtest5  (cost=0.43..412.58 rows=104 width=121)
	        Index Cond: ((id >= 8630826) AND (id <= 8630925))

table 6 : explain SELECT c FROM sbtest6 WHERE id BETWEEN 4133763 AND 4133862 ORDER BY c
	Sort  (cost=381.24..381.48 rows=95 width=121)
	  Sort Key: c
	  ->  Index Scan using sbtest6_pkey on sbtest6  (cost=0.43..378.12 rows=95 width=121)
	        Index Cond: ((id >= 4133763) AND (id <= 4133862))

table 7 : explain SELECT c FROM sbtest7 WHERE id BETWEEN 9627474 AND 9627573 ORDER BY c
	Sort  (cost=401.04..401.29 rows=100 width=121)
	  Sort Key: c
	  ->  Index Scan using sbtest7_pkey on sbtest7  (cost=0.43..397.72 rows=100 width=121)
	        Index Cond: ((id >= 9627474) AND (id <= 9627573))

table 8 : explain SELECT c FROM sbtest8 WHERE id BETWEEN 2037947 AND 2038046 ORDER BY c
	Sort  (cost=385.34..385.58 rows=96 width=121)
	  Sort Key: c
	  ->  Index Scan using sbtest8_pkey on sbtest8  (cost=0.43..382.18 rows=96 width=121)
	        Index Cond: ((id >= 2037947) AND (id <= 2038046))

for point_selects
table 1 : explain SELECT c FROM sbtest1 WHERE id=9011396
	Index Scan using sbtest1_pkey on sbtest1  (cost=0.43..8.45 rows=1 width=121)
	  Index Cond: (id = 9011396)

table 2 : explain SELECT c FROM sbtest2 WHERE id=1563071
	Index Scan using sbtest2_pkey on sbtest2  (cost=0.43..8.45 rows=1 width=121)
	  Index Cond: (id = 1563071)

table 3 : explain SELECT c FROM sbtest3 WHERE id=1040691
	Index Scan using sbtest3_pkey on sbtest3  (cost=0.43..8.45 rows=1 width=121)
	  Index Cond: (id = 1040691)

table 4 : explain SELECT c FROM sbtest4 WHERE id=162633
	Index Scan using sbtest4_pkey on sbtest4  (cost=0.43..8.45 rows=1 width=121)
	  Index Cond: (id = 162633)

table 5 : explain SELECT c FROM sbtest5 WHERE id=9289773
	Index Scan using sbtest5_pkey on sbtest5  (cost=0.43..8.45 rows=1 width=121)
	  Index Cond: (id = 9289773)

table 6 : explain SELECT c FROM sbtest6 WHERE id=8539717
	Index Scan using sbtest6_pkey on sbtest6  (cost=0.43..8.45 rows=1 width=121)
	  Index Cond: (id = 8539717)

table 7 : explain SELECT c FROM sbtest7 WHERE id=5043621
	Index Scan using sbtest7_pkey on sbtest7  (cost=0.43..8.45 rows=1 width=121)
	  Index Cond: (id = 5043621)

table 8 : explain SELECT c FROM sbtest8 WHERE id=5403968
	Index Scan using sbtest8_pkey on sbtest8  (cost=0.43..8.45 rows=1 width=121)
	  Index Cond: (id = 5403968)

for: distinct_ranges
table 1 : explain SELECT DISTINCT c FROM sbtest1 WHERE id BETWEEN 9354611 AND 9354710 ORDER BY c
	Unique  (cost=361.73..362.18 rows=90 width=121)
	  ->  Sort  (cost=361.73..361.96 rows=90 width=121)
	        Sort Key: c
	        ->  Index Scan using sbtest1_pkey on sbtest1  (cost=0.43..358.81 rows=90 width=121)
	              Index Cond: ((id >= 9354611) AND (id <= 9354710))

table 2 : explain SELECT DISTINCT c FROM sbtest2 WHERE id BETWEEN 1526326 AND 1526425 ORDER BY c
	Unique  (cost=386.38..386.86 rows=96 width=121)
	  ->  Sort  (cost=386.38..386.62 rows=96 width=121)
	        Sort Key: c
	        ->  Index Scan using sbtest2_pkey on sbtest2  (cost=0.43..383.22 rows=96 width=121)
	              Index Cond: ((id >= 1526326) AND (id <= 1526425))

table 3 : explain SELECT DISTINCT c FROM sbtest3 WHERE id BETWEEN 4577324 AND 4577423 ORDER BY c
	Unique  (cost=401.02..401.52 rows=100 width=121)
	  ->  Sort  (cost=401.02..401.27 rows=100 width=121)
	        Sort Key: c
	        ->  Index Scan using sbtest3_pkey on sbtest3  (cost=0.43..397.70 rows=100 width=121)
	              Index Cond: ((id >= 4577324) AND (id <= 4577423))

table 4 : explain SELECT DISTINCT c FROM sbtest4 WHERE id BETWEEN 7267545 AND 7267644 ORDER BY c
	Unique  (cost=388.80..389.28 rows=97 width=121)
	  ->  Sort  (cost=388.80..389.04 rows=97 width=121)
	        Sort Key: c
	        ->  Index Scan using sbtest4_pkey on sbtest4  (cost=0.43..385.60 rows=97 width=121)
	              Index Cond: ((id >= 7267545) AND (id <= 7267644))

table 5 : explain SELECT DISTINCT c FROM sbtest5 WHERE id BETWEEN 1121948 AND 1122047 ORDER BY c
	Unique  (cost=420.03..420.55 rows=105 width=121)
	  ->  Sort  (cost=420.03..420.29 rows=105 width=121)
	        Sort Key: c
	        ->  Index Scan using sbtest5_pkey on sbtest5  (cost=0.43..416.50 rows=105 width=121)
	              Index Cond: ((id >= 1121948) AND (id <= 1122047))

table 6 : explain SELECT DISTINCT c FROM sbtest6 WHERE id BETWEEN 2628016 AND 2628115 ORDER BY c
	Unique  (cost=389.19..389.67 rows=97 width=121)
	  ->  Sort  (cost=389.19..389.43 rows=97 width=121)
	        Sort Key: c
	        ->  Index Scan using sbtest6_pkey on sbtest6  (cost=0.43..385.99 rows=97 width=121)
	              Index Cond: ((id >= 2628016) AND (id <= 2628115))

table 7 : explain SELECT DISTINCT c FROM sbtest7 WHERE id BETWEEN 6931125 AND 6931224 ORDER BY c
	Unique  (cost=408.98..409.49 rows=102 width=121)
	  ->  Sort  (cost=408.98..409.24 rows=102 width=121)
	        Sort Key: c
	        ->  Index Scan using sbtest7_pkey on sbtest7  (cost=0.43..405.58 rows=102 width=121)
	              Index Cond: ((id >= 6931125) AND (id <= 6931224))

table 8 : explain SELECT DISTINCT c FROM sbtest8 WHERE id BETWEEN 2204985 AND 2205084 ORDER BY c
	Unique  (cost=385.34..385.82 rows=96 width=121)
	  ->  Sort  (cost=385.34..385.58 rows=96 width=121)
	        Sort Key: c
	        ->  Index Scan using sbtest8_pkey on sbtest8  (cost=0.43..382.18 rows=96 width=121)
	              Index Cond: ((id >= 2204985) AND (id <= 2205084))

for: sum_ranges
table 1 : explain SELECT SUM(k) FROM sbtest1 WHERE id BETWEEN 1768232 AND 1768331
	Aggregate  (cost=374.79..374.80 rows=1 width=8)
	  ->  Index Scan using sbtest1_pkey on sbtest1  (cost=0.43..374.55 rows=94 width=4)
	        Index Cond: ((id >= 1768232) AND (id <= 1768331))

table 2 : explain SELECT SUM(k) FROM sbtest2 WHERE id BETWEEN 8991381 AND 8991480
	Aggregate  (cost=395.32..395.33 rows=1 width=8)
	  ->  Index Scan using sbtest2_pkey on sbtest2  (cost=0.43..395.07 rows=99 width=4)
	        Index Cond: ((id >= 8991381) AND (id <= 8991480))

table 3 : explain SELECT SUM(k) FROM sbtest3 WHERE id BETWEEN 1294661 AND 1294760
	Aggregate  (cost=358.61..358.62 rows=1 width=8)
	  ->  Index Scan using sbtest3_pkey on sbtest3  (cost=0.43..358.39 rows=90 width=4)
	        Index Cond: ((id >= 1294661) AND (id <= 1294760))

table 4 : explain SELECT SUM(k) FROM sbtest4 WHERE id BETWEEN 3784975 AND 3785074
	Aggregate  (cost=401.56..401.57 rows=1 width=8)
	  ->  Index Scan using sbtest4_pkey on sbtest4  (cost=0.43..401.31 rows=101 width=4)
	        Index Cond: ((id >= 3784975) AND (id <= 3785074))

table 5 : explain SELECT SUM(k) FROM sbtest5 WHERE id BETWEEN 6648898 AND 6648997
	Aggregate  (cost=440.32..440.33 rows=1 width=8)
	  ->  Index Scan using sbtest5_pkey on sbtest5  (cost=0.43..440.04 rows=111 width=4)
	        Index Cond: ((id >= 6648898) AND (id <= 6648997))

table 6 : explain SELECT SUM(k) FROM sbtest6 WHERE id BETWEEN 2504021 AND 2504120
	Aggregate  (cost=437.38..437.39 rows=1 width=8)
	  ->  Index Scan using sbtest6_pkey on sbtest6  (cost=0.43..437.10 rows=110 width=4)
	        Index Cond: ((id >= 2504021) AND (id <= 2504120))

table 7 : explain SELECT SUM(k) FROM sbtest7 WHERE id BETWEEN 9933532 AND 9933631
	Aggregate  (cost=409.77..409.78 rows=1 width=8)
	  ->  Index Scan using sbtest7_pkey on sbtest7  (cost=0.43..409.51 rows=103 width=4)
	        Index Cond: ((id >= 9933532) AND (id <= 9933631))

table 8 : explain SELECT SUM(k) FROM sbtest8 WHERE id BETWEEN 5609108 AND 5609207
	Aggregate  (cost=421.80..421.81 rows=1 width=8)
	  ->  Index Scan using sbtest8_pkey on sbtest8  (cost=0.43..421.54 rows=106 width=4)
	        Index Cond: ((id >= 5609108) AND (id <= 5609207))

for: distinct_ranges
table 1 : explain SELECT DISTINCT c FROM sbtest1 WHERE id BETWEEN 9027696 AND 9027795 ORDER BY c
	Unique  (cost=449.24..449.80 rows=112 width=121)
	  ->  Sort  (cost=449.24..449.52 rows=112 width=121)
	        Sort Key: c
	        ->  Index Scan using sbtest1_pkey on sbtest1  (cost=0.43..445.43 rows=112 width=121)
	              Index Cond: ((id >= 9027696) AND (id <= 9027795))

table 2 : explain SELECT DISTINCT c FROM sbtest2 WHERE id BETWEEN 8421753 AND 8421852 ORDER BY c
	Unique  (cost=398.35..398.85 rows=99 width=121)
	  ->  Sort  (cost=398.35..398.60 rows=99 width=121)
	        Sort Key: c
	        ->  Index Scan using sbtest2_pkey on sbtest2  (cost=0.43..395.07 rows=99 width=121)
	              Index Cond: ((id >= 8421753) AND (id <= 8421852))

table 3 : explain SELECT DISTINCT c FROM sbtest3 WHERE id BETWEEN 7218984 AND 7219083 ORDER BY c
	Unique  (cost=389.11..389.59 rows=97 width=121)
	  ->  Sort  (cost=389.11..389.35 rows=97 width=121)
	        Sort Key: c
	        ->  Index Scan using sbtest3_pkey on sbtest3  (cost=0.43..385.91 rows=97 width=121)
	              Index Cond: ((id >= 7218984) AND (id <= 7219083))

table 4 : explain SELECT DISTINCT c FROM sbtest4 WHERE id BETWEEN 9120905 AND 9121004 ORDER BY c
	Unique  (cost=388.80..389.28 rows=97 width=121)
	  ->  Sort  (cost=388.80..389.04 rows=97 width=121)
	        Sort Key: c
	        ->  Index Scan using sbtest4_pkey on sbtest4  (cost=0.43..385.60 rows=97 width=121)
	              Index Cond: ((id >= 9120905) AND (id <= 9121004))

table 5 : explain SELECT DISTINCT c FROM sbtest5 WHERE id BETWEEN 8813039 AND 8813138 ORDER BY c
	Unique  (cost=408.14..408.65 rows=102 width=121)
	  ->  Sort  (cost=408.14..408.39 rows=102 width=121)
	        Sort Key: c
	        ->  Index Scan using sbtest5_pkey on sbtest5  (cost=0.43..404.74 rows=102 width=121)
	              Index Cond: ((id >= 8813039) AND (id <= 8813138))

table 6 : explain SELECT DISTINCT c FROM sbtest6 WHERE id BETWEEN 2295770 AND 2295869 ORDER BY c
	Unique  (cost=385.21..385.69 rows=96 width=121)
	  ->  Sort  (cost=385.21..385.45 rows=96 width=121)
	        Sort Key: c
	        ->  Index Scan using sbtest6_pkey on sbtest6  (cost=0.43..382.05 rows=96 width=121)
	              Index Cond: ((id >= 2295770) AND (id <= 2295869))

table 7 : explain SELECT DISTINCT c FROM sbtest7 WHERE id BETWEEN 8066824 AND 8066923 ORDER BY c
	Unique  (cost=408.98..409.49 rows=102 width=121)
	  ->  Sort  (cost=408.98..409.24 rows=102 width=121)
	        Sort Key: c
	        ->  Index Scan using sbtest7_pkey on sbtest7  (cost=0.43..405.58 rows=102 width=121)
	              Index Cond: ((id >= 8066824) AND (id <= 8066923))

table 8 : explain SELECT DISTINCT c FROM sbtest8 WHERE id BETWEEN 3002474 AND 3002573 ORDER BY c
	Unique  (cost=429.08..429.61 rows=107 width=121)
	  ->  Sort  (cost=429.08..429.34 rows=107 width=121)
	        Sort Key: c
	        ->  Index Scan using sbtest8_pkey on sbtest8  (cost=0.43..425.47 rows=107 width=121)
	              Index Cond: ((id >= 3002474) AND (id <= 3002573))

for point_selects
table 1 : explain SELECT c FROM sbtest1 WHERE id=7353723
	Index Scan using sbtest1_pkey on sbtest1  (cost=0.43..8.45 rows=1 width=121)
	  Index Cond: (id = 7353723)

table 2 : explain SELECT c FROM sbtest2 WHERE id=7028368
	Index Scan using sbtest2_pkey on sbtest2  (cost=0.43..8.45 rows=1 width=121)
	  Index Cond: (id = 7028368)

table 3 : explain SELECT c FROM sbtest3 WHERE id=4710301
	Index Scan using sbtest3_pkey on sbtest3  (cost=0.43..8.45 rows=1 width=121)
	  Index Cond: (id = 4710301)

table 4 : explain SELECT c FROM sbtest4 WHERE id=9628634
	Index Scan using sbtest4_pkey on sbtest4  (cost=0.43..8.45 rows=1 width=121)
	  Index Cond: (id = 9628634)

table 5 : explain SELECT c FROM sbtest5 WHERE id=7641622
	Index Scan using sbtest5_pkey on sbtest5  (cost=0.43..8.45 rows=1 width=121)
	  Index Cond: (id = 7641622)

table 6 : explain SELECT c FROM sbtest6 WHERE id=4874994
	Index Scan using sbtest6_pkey on sbtest6  (cost=0.43..8.45 rows=1 width=121)
	  Index Cond: (id = 4874994)

table 7 : explain SELECT c FROM sbtest7 WHERE id=8744232
	Index Scan using sbtest7_pkey on sbtest7  (cost=0.43..8.45 rows=1 width=121)
	  Index Cond: (id = 8744232)

table 8 : explain SELECT c FROM sbtest8 WHERE id=5835805
	Index Scan using sbtest8_pkey on sbtest8  (cost=0.43..8.45 rows=1 width=121)
	  Index Cond: (id = 5835805)

for: sum_ranges
table 1 : explain SELECT SUM(k) FROM sbtest1 WHERE id BETWEEN 8144834 AND 8144933
	Aggregate  (cost=414.20..414.21 rows=1 width=8)
	  ->  Index Scan using sbtest1_pkey on sbtest1  (cost=0.43..413.94 rows=104 width=4)
	        Index Cond: ((id >= 8144834) AND (id <= 8144933))

table 2 : explain SELECT SUM(k) FROM sbtest2 WHERE id BETWEEN 3673291 AND 3673390
	Aggregate  (cost=399.27..399.28 rows=1 width=8)
	  ->  Index Scan using sbtest2_pkey on sbtest2  (cost=0.43..399.02 rows=100 width=4)
	        Index Cond: ((id >= 3673291) AND (id <= 3673390))

table 3 : explain SELECT SUM(k) FROM sbtest3 WHERE id BETWEEN 7178479 AND 7178578
	Aggregate  (cost=421.55..421.56 rows=1 width=8)
	  ->  Index Scan using sbtest3_pkey on sbtest3  (cost=0.43..421.29 rows=106 width=4)
	        Index Cond: ((id >= 7178479) AND (id <= 7178578))

table 4 : explain SELECT SUM(k) FROM sbtest4 WHERE id BETWEEN 8266319 AND 8266418
	Aggregate  (cost=385.84..385.85 rows=1 width=8)
	  ->  Index Scan using sbtest4_pkey on sbtest4  (cost=0.43..385.60 rows=97 width=4)
	        Index Cond: ((id >= 8266319) AND (id <= 8266418))

table 5 : explain SELECT SUM(k) FROM sbtest5 WHERE id BETWEEN 9727828 AND 9727927
	Aggregate  (cost=393.22..393.23 rows=1 width=8)
	  ->  Index Scan using sbtest5_pkey on sbtest5  (cost=0.43..392.97 rows=99 width=4)
	        Index Cond: ((id >= 9727828) AND (id <= 9727927))

table 6 : explain SELECT SUM(k) FROM sbtest6 WHERE id BETWEEN 3312443 AND 3312542
	Aggregate  (cost=409.83..409.84 rows=1 width=8)
	  ->  Index Scan using sbtest6_pkey on sbtest6  (cost=0.43..409.58 rows=103 width=4)
	        Index Cond: ((id >= 3312443) AND (id <= 3312542))

table 7 : explain SELECT SUM(k) FROM sbtest7 WHERE id BETWEEN 5708832 AND 5708931
	Aggregate  (cost=417.64..417.65 rows=1 width=8)
	  ->  Index Scan using sbtest7_pkey on sbtest7  (cost=0.43..417.37 rows=105 width=4)
	        Index Cond: ((id >= 5708832) AND (id <= 5708931))

table 8 : explain SELECT SUM(k) FROM sbtest8 WHERE id BETWEEN 4652904 AND 4653003
	Aggregate  (cost=382.42..382.43 rows=1 width=8)
	  ->  Index Scan using sbtest8_pkey on sbtest8  (cost=0.43..382.18 rows=96 width=4)
	        Index Cond: ((id >= 4652904) AND (id <= 4653003))

for: simple_ranges
table 1 : explain SELECT c FROM sbtest1 WHERE id BETWEEN 7207385 AND 7207484
	Index Scan using sbtest1_pkey on sbtest1  (cost=0.43..406.06 rows=102 width=121)
	  Index Cond: ((id >= 7207385) AND (id <= 7207484))

table 2 : explain SELECT c FROM sbtest2 WHERE id BETWEEN 5432005 AND 5432104
	Index Scan using sbtest2_pkey on sbtest2  (cost=0.43..418.74 rows=105 width=121)
	  Index Cond: ((id >= 5432005) AND (id <= 5432104))

table 3 : explain SELECT c FROM sbtest3 WHERE id BETWEEN 108315 AND 108414
	Index Scan using sbtest3_pkey on sbtest3  (cost=0.43..413.42 rows=104 width=121)
	  Index Cond: ((id >= 108315) AND (id <= 108414))

table 4 : explain SELECT c FROM sbtest4 WHERE id BETWEEN 2784254 AND 2784353
	Index Scan using sbtest4_pkey on sbtest4  (cost=0.43..409.16 rows=103 width=121)
	  Index Cond: ((id >= 2784254) AND (id <= 2784353))

table 5 : explain SELECT c FROM sbtest5 WHERE id BETWEEN 7606639 AND 7606738
	Index Scan using sbtest5_pkey on sbtest5  (cost=0.43..385.12 rows=97 width=121)
	  Index Cond: ((id >= 7606639) AND (id <= 7606738))

table 6 : explain SELECT c FROM sbtest6 WHERE id BETWEEN 4991982 AND 4992081
	Index Scan using sbtest6_pkey on sbtest6  (cost=0.43..433.17 rows=109 width=121)
	  Index Cond: ((id >= 4991982) AND (id <= 4992081))

table 7 : explain SELECT c FROM sbtest7 WHERE id BETWEEN 462516 AND 462615
	Index Scan using sbtest7_pkey on sbtest7  (cost=0.43..437.03 rows=110 width=121)
	  Index Cond: ((id >= 462516) AND (id <= 462615))

table 8 : explain SELECT c FROM sbtest8 WHERE id BETWEEN 9454560 AND 9454659
	Index Scan using sbtest8_pkey on sbtest8  (cost=0.43..366.45 rows=92 width=121)
	  Index Cond: ((id >= 9454560) AND (id <= 9454659))

for: distinct_ranges
table 1 : explain SELECT DISTINCT c FROM sbtest1 WHERE id BETWEEN 6108377 AND 6108476 ORDER BY c
	Unique  (cost=413.44..413.96 rows=103 width=121)
	  ->  Sort  (cost=413.44..413.70 rows=103 width=121)
	        Sort Key: c
	        ->  Index Scan using sbtest1_pkey on sbtest1  (cost=0.43..410.00 rows=103 width=121)
	              Index Cond: ((id >= 6108377) AND (id <= 6108476))

table 2 : explain SELECT DISTINCT c FROM sbtest2 WHERE id BETWEEN 5346129 AND 5346228 ORDER BY c
	Unique  (cost=410.31..410.82 rows=102 width=121)
	  ->  Sort  (cost=410.31..410.56 rows=102 width=121)
	        Sort Key: c
	        ->  Index Scan using sbtest2_pkey on sbtest2  (cost=0.43..406.91 rows=102 width=121)
	              Index Cond: ((id >= 5346129) AND (id <= 5346228))

table 3 : explain SELECT DISTINCT c FROM sbtest3 WHERE id BETWEEN 2067200 AND 2067299 ORDER BY c
	Unique  (cost=381.16..381.64 rows=95 width=121)
	  ->  Sort  (cost=381.16..381.40 rows=95 width=121)
	        Sort Key: c
	        ->  Index Scan using sbtest3_pkey on sbtest3  (cost=0.43..378.04 rows=95 width=121)
	              Index Cond: ((id >= 2067200) AND (id <= 2067299))

table 4 : explain SELECT DISTINCT c FROM sbtest4 WHERE id BETWEEN 4182383 AND 4182482 ORDER BY c
	Unique  (cost=412.61..413.12 rows=103 width=121)
	  ->  Sort  (cost=412.61..412.87 rows=103 width=121)
	        Sort Key: c
	        ->  Index Scan using sbtest4_pkey on sbtest4  (cost=0.43..409.16 rows=103 width=121)
	              Index Cond: ((id >= 4182383) AND (id <= 4182482))

table 5 : explain SELECT DISTINCT c FROM sbtest5 WHERE id BETWEEN 9989456 AND 9989555 ORDER BY c
	Unique  (cost=400.21..400.71 rows=100 width=121)
	  ->  Sort  (cost=400.21..400.46 rows=100 width=121)
	        Sort Key: c
	        ->  Index Scan using sbtest5_pkey on sbtest5  (cost=0.43..396.89 rows=100 width=121)
	              Index Cond: ((id >= 9989456) AND (id <= 9989555))

table 6 : explain SELECT DISTINCT c FROM sbtest6 WHERE id BETWEEN 2212267 AND 2212366 ORDER BY c
	Unique  (cost=385.21..385.69 rows=96 width=121)
	  ->  Sort  (cost=385.21..385.45 rows=96 width=121)
	        Sort Key: c
	        ->  Index Scan using sbtest6_pkey on sbtest6  (cost=0.43..382.05 rows=96 width=121)
	              Index Cond: ((id >= 2212267) AND (id <= 2212366))

table 7 : explain SELECT DISTINCT c FROM sbtest7 WHERE id BETWEEN 1802094 AND 1802193 ORDER BY c
	Unique  (cost=397.07..397.56 rows=99 width=121)
	  ->  Sort  (cost=397.07..397.32 rows=99 width=121)
	        Sort Key: c
	        ->  Index Scan using sbtest7_pkey on sbtest7  (cost=0.43..393.79 rows=99 width=121)
	              Index Cond: ((id >= 1802094) AND (id <= 1802193))

table 8 : explain SELECT DISTINCT c FROM sbtest8 WHERE id BETWEEN 5316451 AND 5316550 ORDER BY c
	Unique  (cost=405.23..405.74 rows=101 width=121)
	  ->  Sort  (cost=405.23..405.48 rows=101 width=121)
	        Sort Key: c
	        ->  Index Scan using sbtest8_pkey on sbtest8  (cost=0.43..401.87 rows=101 width=121)
	              Index Cond: ((id >= 5316451) AND (id <= 5316550))

for point_selects
table 1 : explain SELECT c FROM sbtest1 WHERE id=5584410
	Index Scan using sbtest1_pkey on sbtest1  (cost=0.43..8.45 rows=1 width=121)
	  Index Cond: (id = 5584410)

table 2 : explain SELECT c FROM sbtest2 WHERE id=846854
	Index Scan using sbtest2_pkey on sbtest2  (cost=0.43..8.45 rows=1 width=121)
	  Index Cond: (id = 846854)

table 3 : explain SELECT c FROM sbtest3 WHERE id=1794172
	Index Scan using sbtest3_pkey on sbtest3  (cost=0.43..8.45 rows=1 width=121)
	  Index Cond: (id = 1794172)

table 4 : explain SELECT c FROM sbtest4 WHERE id=9987638
	Index Scan using sbtest4_pkey on sbtest4  (cost=0.43..8.45 rows=1 width=121)
	  Index Cond: (id = 9987638)

table 5 : explain SELECT c FROM sbtest5 WHERE id=7605727
	Index Scan using sbtest5_pkey on sbtest5  (cost=0.43..8.45 rows=1 width=121)
	  Index Cond: (id = 7605727)

table 6 : explain SELECT c FROM sbtest6 WHERE id=7562444
	Index Scan using sbtest6_pkey on sbtest6  (cost=0.43..8.45 rows=1 width=121)
	  Index Cond: (id = 7562444)

table 7 : explain SELECT c FROM sbtest7 WHERE id=5310914
	Index Scan using sbtest7_pkey on sbtest7  (cost=0.43..8.45 rows=1 width=121)
	  Index Cond: (id = 5310914)

table 8 : explain SELECT c FROM sbtest8 WHERE id=2061838
	Index Scan using sbtest8_pkey on sbtest8  (cost=0.43..8.45 rows=1 width=121)
	  Index Cond: (id = 2061838)

for: simple_ranges
table 1 : explain SELECT c FROM sbtest1 WHERE id BETWEEN 1359563 AND 1359662
	Index Scan using sbtest1_pkey on sbtest1  (cost=0.43..382.45 rows=96 width=121)
	  Index Cond: ((id >= 1359563) AND (id <= 1359662))

table 2 : explain SELECT c FROM sbtest2 WHERE id BETWEEN 5031695 AND 5031794
	Index Scan using sbtest2_pkey on sbtest2  (cost=0.43..399.02 rows=100 width=121)
	  Index Cond: ((id >= 5031695) AND (id <= 5031794))

table 3 : explain SELECT c FROM sbtest3 WHERE id BETWEEN 6351383 AND 6351482
	Index Scan using sbtest3_pkey on sbtest3  (cost=0.43..385.91 rows=97 width=121)
	  Index Cond: ((id >= 6351383) AND (id <= 6351482))

table 4 : explain SELECT c FROM sbtest4 WHERE id BETWEEN 6759880 AND 6759979
	Index Scan using sbtest4_pkey on sbtest4  (cost=0.43..373.81 rows=94 width=121)
	  Index Cond: ((id >= 6759880) AND (id <= 6759979))

table 5 : explain SELECT c FROM sbtest5 WHERE id BETWEEN 7504316 AND 7504415
	Index Scan using sbtest5_pkey on sbtest5  (cost=0.43..408.66 rows=103 width=121)
	  Index Cond: ((id >= 7504316) AND (id <= 7504415))

table 6 : explain SELECT c FROM sbtest6 WHERE id BETWEEN 4012994 AND 4013093
	Index Scan using sbtest6_pkey on sbtest6  (cost=0.43..393.85 rows=99 width=121)
	  Index Cond: ((id >= 4012994) AND (id <= 4013093))

table 7 : explain SELECT c FROM sbtest7 WHERE id BETWEEN 7045425 AND 7045524
	Index Scan using sbtest7_pkey on sbtest7  (cost=0.43..429.17 rows=108 width=121)
	  Index Cond: ((id >= 7045425) AND (id <= 7045524))

table 8 : explain SELECT c FROM sbtest8 WHERE id BETWEEN 2805217 AND 2805316
	Index Scan using sbtest8_pkey on sbtest8  (cost=0.43..425.47 rows=107 width=121)
	  Index Cond: ((id >= 2805217) AND (id <= 2805316))

for: simple_ranges
table 1 : explain SELECT c FROM sbtest1 WHERE id BETWEEN 1259421 AND 1259520
	Index Scan using sbtest1_pkey on sbtest1  (cost=0.43..421.81 rows=106 width=121)
	  Index Cond: ((id >= 1259421) AND (id <= 1259520))

table 2 : explain SELECT c FROM sbtest2 WHERE id BETWEEN 8821481 AND 8821580
	Index Scan using sbtest2_pkey on sbtest2  (cost=0.43..414.80 rows=104 width=121)
	  Index Cond: ((id >= 8821481) AND (id <= 8821580))

table 3 : explain SELECT c FROM sbtest3 WHERE id BETWEEN 2811908 AND 2812007
	Index Scan using sbtest3_pkey on sbtest3  (cost=0.43..378.04 rows=95 width=121)
	  Index Cond: ((id >= 2811908) AND (id <= 2812007))

table 4 : explain SELECT c FROM sbtest4 WHERE id BETWEEN 2064947 AND 2065046
	Index Scan using sbtest4_pkey on sbtest4  (cost=0.43..405.24 rows=102 width=121)
	  Index Cond: ((id >= 2064947) AND (id <= 2065046))

table 5 : explain SELECT c FROM sbtest5 WHERE id BETWEEN 966365 AND 966464
	Index Scan using sbtest5_pkey on sbtest5  (cost=0.43..385.12 rows=97 width=121)
	  Index Cond: ((id >= 966365) AND (id <= 966464))

table 6 : explain SELECT c FROM sbtest6 WHERE id BETWEEN 5835104 AND 5835203
	Index Scan using sbtest6_pkey on sbtest6  (cost=0.43..397.78 rows=100 width=121)
	  Index Cond: ((id >= 5835104) AND (id <= 5835203))

table 7 : explain SELECT c FROM sbtest7 WHERE id BETWEEN 849544 AND 849643
	Index Scan using sbtest7_pkey on sbtest7  (cost=0.43..425.24 rows=107 width=121)
	  Index Cond: ((id >= 849544) AND (id <= 849643))

table 8 : explain SELECT c FROM sbtest8 WHERE id BETWEEN 1115820 AND 1115919
	Index Scan using sbtest8_pkey on sbtest8  (cost=0.43..449.07 rows=113 width=121)
	  Index Cond: ((id >= 1115820) AND (id <= 1115919))

for: order_ranges
table 1 : explain SELECT c FROM sbtest1 WHERE id BETWEEN 492964 AND 493063 ORDER BY c
	Sort  (cost=401.51..401.76 rows=100 width=121)
	  Sort Key: c
	  ->  Index Scan using sbtest1_pkey on sbtest1  (cost=0.43..398.19 rows=100 width=121)
	        Index Cond: ((id >= 492964) AND (id <= 493063))

table 2 : explain SELECT c FROM sbtest2 WHERE id BETWEEN 2407713 AND 2407812 ORDER BY c
	Sort  (cost=390.38..390.63 rows=97 width=121)
	  Sort Key: c
	  ->  Index Scan using sbtest2_pkey on sbtest2  (cost=0.43..387.18 rows=97 width=121)
	        Index Cond: ((id >= 2407713) AND (id <= 2407812))

table 3 : explain SELECT c FROM sbtest3 WHERE id BETWEEN 1198538 AND 1198637 ORDER BY c
	Sort  (cost=401.02..401.27 rows=100 width=121)
	  Sort Key: c
	  ->  Index Scan using sbtest3_pkey on sbtest3  (cost=0.43..397.70 rows=100 width=121)
	        Index Cond: ((id >= 1198538) AND (id <= 1198637))

table 4 : explain SELECT c FROM sbtest4 WHERE id BETWEEN 5821934 AND 5822033 ORDER BY c
	Sort  (cost=416.58..416.84 rows=104 width=121)
	  Sort Key: c
	  ->  Index Scan using sbtest4_pkey on sbtest4  (cost=0.43..413.09 rows=104 width=121)
	        Index Cond: ((id >= 5821934) AND (id <= 5822033))

table 5 : explain SELECT c FROM sbtest5 WHERE id BETWEEN 9372787 AND 9372886 ORDER BY c
	Sort  (cost=400.21..400.46 rows=100 width=121)
	  Sort Key: c
	  ->  Index Scan using sbtest5_pkey on sbtest5  (cost=0.43..396.89 rows=100 width=121)
	        Index Cond: ((id >= 9372787) AND (id <= 9372886))

table 6 : explain SELECT c FROM sbtest6 WHERE id BETWEEN 6856475 AND 6856574 ORDER BY c
	Sort  (cost=361.36..361.59 rows=90 width=121)
	  Sort Key: c
	  ->  Index Scan using sbtest6_pkey on sbtest6  (cost=0.43..358.44 rows=90 width=121)
	        Index Cond: ((id >= 6856475) AND (id <= 6856574))

table 7 : explain SELECT c FROM sbtest7 WHERE id BETWEEN 9179314 AND 9179413 ORDER BY c
	Sort  (cost=381.18..381.42 rows=95 width=121)
	  Sort Key: c
	  ->  Index Scan using sbtest7_pkey on sbtest7  (cost=0.43..378.06 rows=95 width=121)
	        Index Cond: ((id >= 9179314) AND (id <= 9179413))

table 8 : explain SELECT c FROM sbtest8 WHERE id BETWEEN 4595103 AND 4595202 ORDER BY c
	Sort  (cost=425.10..425.37 rows=106 width=121)
	  Sort Key: c
	  ->  Index Scan using sbtest8_pkey on sbtest8  (cost=0.43..421.54 rows=106 width=121)
	        Index Cond: ((id >= 4595103) AND (id <= 4595202))

for: distinct_ranges
table 1 : explain SELECT DISTINCT c FROM sbtest1 WHERE id BETWEEN 6053414 AND 6053513 ORDER BY c
	Unique  (cost=413.44..413.96 rows=103 width=121)
	  ->  Sort  (cost=413.44..413.70 rows=103 width=121)
	        Sort Key: c
	        ->  Index Scan using sbtest1_pkey on sbtest1  (cost=0.43..410.00 rows=103 width=121)
	              Index Cond: ((id >= 6053414) AND (id <= 6053513))

table 2 : explain SELECT DISTINCT c FROM sbtest2 WHERE id BETWEEN 8499549 AND 8499648 ORDER BY c
	Unique  (cost=398.35..398.85 rows=99 width=121)
	  ->  Sort  (cost=398.35..398.60 rows=99 width=121)
	        Sort Key: c
	        ->  Index Scan using sbtest2_pkey on sbtest2  (cost=0.43..395.07 rows=99 width=121)
	              Index Cond: ((id >= 8499549) AND (id <= 8499648))

table 3 : explain SELECT DISTINCT c FROM sbtest3 WHERE id BETWEEN 4236245 AND 4236344 ORDER BY c
	Unique  (cost=416.91..417.43 rows=104 width=121)
	  ->  Sort  (cost=416.91..417.17 rows=104 width=121)
	        Sort Key: c
	        ->  Index Scan using sbtest3_pkey on sbtest3  (cost=0.43..413.42 rows=104 width=121)
	              Index Cond: ((id >= 4236245) AND (id <= 4236344))

table 4 : explain SELECT DISTINCT c FROM sbtest4 WHERE id BETWEEN 1057011 AND 1057110 ORDER BY c
	Unique  (cost=357.03..357.48 rows=89 width=121)
	  ->  Sort  (cost=357.03..357.26 rows=89 width=121)
	        Sort Key: c
	        ->  Index Scan using sbtest4_pkey on sbtest4  (cost=0.43..354.15 rows=89 width=121)
	              Index Cond: ((id >= 1057011) AND (id <= 1057110))

table 5 : explain SELECT DISTINCT c FROM sbtest5 WHERE id BETWEEN 3126431 AND 3126530 ORDER BY c
	Unique  (cost=392.29..392.78 rows=98 width=121)
	  ->  Sort  (cost=392.29..392.53 rows=98 width=121)
	        Sort Key: c
	        ->  Index Scan using sbtest5_pkey on sbtest5  (cost=0.43..389.04 rows=98 width=121)
	              Index Cond: ((id >= 3126431) AND (id <= 3126530))

table 6 : explain SELECT DISTINCT c FROM sbtest6 WHERE id BETWEEN 3276485 AND 3276584 ORDER BY c
	Unique  (cost=381.24..381.72 rows=95 width=121)
	  ->  Sort  (cost=381.24..381.48 rows=95 width=121)
	        Sort Key: c
	        ->  Index Scan using sbtest6_pkey on sbtest6  (cost=0.43..378.12 rows=95 width=121)
	              Index Cond: ((id >= 3276485) AND (id <= 3276584))

table 7 : explain SELECT DISTINCT c FROM sbtest7 WHERE id BETWEEN 4354787 AND 4354886 ORDER BY c
	Unique  (cost=369.27..369.73 rows=92 width=121)
	  ->  Sort  (cost=369.27..369.50 rows=92 width=121)
	        Sort Key: c
	        ->  Index Scan using sbtest7_pkey on sbtest7  (cost=0.43..366.27 rows=92 width=121)
	              Index Cond: ((id >= 4354787) AND (id <= 4354886))

table 8 : explain SELECT DISTINCT c FROM sbtest8 WHERE id BETWEEN 7785660 AND 7785759 ORDER BY c
	Unique  (cost=353.55..353.99 rows=88 width=121)
	  ->  Sort  (cost=353.55..353.77 rows=88 width=121)
	        Sort Key: c
	        ->  Index Scan using sbtest8_pkey on sbtest8  (cost=0.43..350.71 rows=88 width=121)
	              Index Cond: ((id >= 7785660) AND (id <= 7785759))

for point_selects
table 1 : explain SELECT c FROM sbtest1 WHERE id=2514224
	Index Scan using sbtest1_pkey on sbtest1  (cost=0.43..8.45 rows=1 width=121)
	  Index Cond: (id = 2514224)

table 2 : explain SELECT c FROM sbtest2 WHERE id=8910690
	Index Scan using sbtest2_pkey on sbtest2  (cost=0.43..8.45 rows=1 width=121)
	  Index Cond: (id = 8910690)

table 3 : explain SELECT c FROM sbtest3 WHERE id=6114667
	Index Scan using sbtest3_pkey on sbtest3  (cost=0.43..8.45 rows=1 width=121)
	  Index Cond: (id = 6114667)

table 4 : explain SELECT c FROM sbtest4 WHERE id=6813882
	Index Scan using sbtest4_pkey on sbtest4  (cost=0.43..8.45 rows=1 width=121)
	  Index Cond: (id = 6813882)

table 5 : explain SELECT c FROM sbtest5 WHERE id=7957285
	Index Scan using sbtest5_pkey on sbtest5  (cost=0.43..8.45 rows=1 width=121)
	  Index Cond: (id = 7957285)

table 6 : explain SELECT c FROM sbtest6 WHERE id=5825611
	Index Scan using sbtest6_pkey on sbtest6  (cost=0.43..8.45 rows=1 width=121)
	  Index Cond: (id = 5825611)

table 7 : explain SELECT c FROM sbtest7 WHERE id=4168310
	Index Scan using sbtest7_pkey on sbtest7  (cost=0.43..8.45 rows=1 width=121)
	  Index Cond: (id = 4168310)

table 8 : explain SELECT c FROM sbtest8 WHERE id=6040234
	Index Scan using sbtest8_pkey on sbtest8  (cost=0.43..8.45 rows=1 width=121)
	  Index Cond: (id = 6040234)

explain: for point_selects :: explain SELECT c FROM sbtest%u WHERE id=%u
for: simple_ranges
table 1 : explain SELECT c FROM sbtest1 WHERE id BETWEEN 2175425 AND 2175524
	Index Scan using sbtest1_pkey on sbtest1  (cost=0.43..398.19 rows=100 width=121)
	  Index Cond: ((id >= 2175425) AND (id <= 2175524))

table 2 : explain SELECT c FROM sbtest2 WHERE id BETWEEN 6953630 AND 6953729
	Index Scan using sbtest2_pkey on sbtest2  (cost=0.43..406.91 rows=102 width=121)
	  Index Cond: ((id >= 6953630) AND (id <= 6953729))

table 3 : explain SELECT c FROM sbtest3 WHERE id BETWEEN 7850736 AND 7850835
	Index Scan using sbtest3_pkey on sbtest3  (cost=0.43..429.15 rows=108 width=121)
	  Index Cond: ((id >= 7850736) AND (id <= 7850835))

table 4 : explain SELECT c FROM sbtest4 WHERE id BETWEEN 2792131 AND 2792230
	Index Scan using sbtest4_pkey on sbtest4  (cost=0.43..409.16 rows=103 width=121)
	  Index Cond: ((id >= 2792131) AND (id <= 2792230))

table 5 : explain SELECT c FROM sbtest5 WHERE id BETWEEN 2166120 AND 2166219
	Index Scan using sbtest5_pkey on sbtest5  (cost=0.43..369.41 rows=93 width=121)
	  Index Cond: ((id >= 2166120) AND (id <= 2166219))

table 6 : explain SELECT c FROM sbtest6 WHERE id BETWEEN 8537494 AND 8537593
	Index Scan using sbtest6_pkey on sbtest6  (cost=0.43..393.85 rows=99 width=121)
	  Index Cond: ((id >= 8537494) AND (id <= 8537593))

table 7 : explain SELECT c FROM sbtest7 WHERE id BETWEEN 9756721 AND 9756820
	Index Scan using sbtest7_pkey on sbtest7  (cost=0.43..358.38 rows=90 width=121)
	  Index Cond: ((id >= 9756721) AND (id <= 9756820))

table 8 : explain SELECT c FROM sbtest8 WHERE id BETWEEN 1131876 AND 1131975
	Index Scan using sbtest8_pkey on sbtest8  (cost=0.43..449.07 rows=113 width=121)
	  Index Cond: ((id >= 1131876) AND (id <= 1131975))

for point_selects
table 1 : explain SELECT c FROM sbtest1 WHERE id=1303817
	Index Scan using sbtest1_pkey on sbtest1  (cost=0.43..8.45 rows=1 width=121)
	  Index Cond: (id = 1303817)

table 2 : explain SELECT c FROM sbtest2 WHERE id=6212578
	Index Scan using sbtest2_pkey on sbtest2  (cost=0.43..8.45 rows=1 width=121)
	  Index Cond: (id = 6212578)

table 3 : explain SELECT c FROM sbtest3 WHERE id=9178812
	Index Scan using sbtest3_pkey on sbtest3  (cost=0.43..8.45 rows=1 width=121)
	  Index Cond: (id = 9178812)

table 4 : explain SELECT c FROM sbtest4 WHERE id=7557068
	Index Scan using sbtest4_pkey on sbtest4  (cost=0.43..8.45 rows=1 width=121)
	  Index Cond: (id = 7557068)

table 5 : explain SELECT c FROM sbtest5 WHERE id=685695
	Index Scan using sbtest5_pkey on sbtest5  (cost=0.43..8.45 rows=1 width=121)
	  Index Cond: (id = 685695)

table 6 : explain SELECT c FROM sbtest6 WHERE id=904452
	Index Scan using sbtest6_pkey on sbtest6  (cost=0.43..8.45 rows=1 width=121)
	  Index Cond: (id = 904452)

table 7 : explain SELECT c FROM sbtest7 WHERE id=3605440
	Index Scan using sbtest7_pkey on sbtest7  (cost=0.43..8.45 rows=1 width=121)
	  Index Cond: (id = 3605440)

table 8 : explain SELECT c FROM sbtest8 WHERE id=7847099
	Index Scan using sbtest8_pkey on sbtest8  (cost=0.43..8.45 rows=1 width=121)
	  Index Cond: (id = 7847099)

for: sum_ranges
table 1 : explain SELECT SUM(k) FROM sbtest1 WHERE id BETWEEN 3414513 AND 3414612
	Aggregate  (cost=410.26..410.27 rows=1 width=8)
	  ->  Index Scan using sbtest1_pkey on sbtest1  (cost=0.43..410.00 rows=103 width=4)
	        Index Cond: ((id >= 3414513) AND (id <= 3414612))

table 2 : explain SELECT SUM(k) FROM sbtest2 WHERE id BETWEEN 8956622 AND 8956721
	Aggregate  (cost=395.32..395.33 rows=1 width=8)
	  ->  Index Scan using sbtest2_pkey on sbtest2  (cost=0.43..395.07 rows=99 width=4)
	        Index Cond: ((id >= 8956622) AND (id <= 8956721))

table 3 : explain SELECT SUM(k) FROM sbtest3 WHERE id BETWEEN 8655277 AND 8655376
	Aggregate  (cost=378.28..378.29 rows=1 width=8)
	  ->  Index Scan using sbtest3_pkey on sbtest3  (cost=0.43..378.04 rows=95 width=4)
	        Index Cond: ((id >= 8655277) AND (id <= 8655376))

table 4 : explain SELECT SUM(k) FROM sbtest4 WHERE id BETWEEN 9847662 AND 9847761
	Aggregate  (cost=385.84..385.85 rows=1 width=8)
	  ->  Index Scan using sbtest4_pkey on sbtest4  (cost=0.43..385.60 rows=97 width=4)
	        Index Cond: ((id >= 9847662) AND (id <= 9847761))

table 5 : explain SELECT SUM(k) FROM sbtest5 WHERE id BETWEEN 679410 AND 679509
	Aggregate  (cost=420.69..420.70 rows=1 width=8)
	  ->  Index Scan using sbtest5_pkey on sbtest5  (cost=0.43..420.43 rows=106 width=4)
	        Index Cond: ((id >= 679410) AND (id <= 679509))

table 6 : explain SELECT SUM(k) FROM sbtest6 WHERE id BETWEEN 7096814 AND 7096913
	Aggregate  (cost=350.80..350.81 rows=1 width=8)
	  ->  Index Scan using sbtest6_pkey on sbtest6  (cost=0.43..350.58 rows=88 width=4)
	        Index Cond: ((id >= 7096814) AND (id <= 7096913))

table 7 : explain SELECT SUM(k) FROM sbtest7 WHERE id BETWEEN 4784485 AND 4784584
	Aggregate  (cost=453.04..453.05 rows=1 width=8)
	  ->  Index Scan using sbtest7_pkey on sbtest7  (cost=0.43..452.76 rows=114 width=4)
	        Index Cond: ((id >= 4784485) AND (id <= 4784584))

table 8 : explain SELECT SUM(k) FROM sbtest8 WHERE id BETWEEN 5805743 AND 5805842
	Aggregate  (cost=409.99..410.00 rows=1 width=8)
	  ->  Index Scan using sbtest8_pkey on sbtest8  (cost=0.43..409.74 rows=103 width=4)
	        Index Cond: ((id >= 5805743) AND (id <= 5805842))

for: simple_ranges
table 1 : explain SELECT c FROM sbtest1 WHERE id BETWEEN 5357929 AND 5358028
	Index Scan using sbtest1_pkey on sbtest1  (cost=0.43..406.06 rows=102 width=121)
	  Index Cond: ((id >= 5357929) AND (id <= 5358028))

table 2 : explain SELECT c FROM sbtest2 WHERE id BETWEEN 893120 AND 893219
	Index Scan using sbtest2_pkey on sbtest2  (cost=0.43..367.44 rows=92 width=121)
	  Index Cond: ((id >= 893120) AND (id <= 893219))

table 3 : explain SELECT c FROM sbtest3 WHERE id BETWEEN 1100660 AND 1100759
	Index Scan using sbtest3_pkey on sbtest3  (cost=0.43..401.63 rows=101 width=121)
	  Index Cond: ((id >= 1100660) AND (id <= 1100759))

table 4 : explain SELECT c FROM sbtest4 WHERE id BETWEEN 7458157 AND 7458256
	Index Scan using sbtest4_pkey on sbtest4  (cost=0.43..377.74 rows=95 width=121)
	  Index Cond: ((id >= 7458157) AND (id <= 7458256))

table 5 : explain SELECT c FROM sbtest5 WHERE id BETWEEN 8317056 AND 8317155
	Index Scan using sbtest5_pkey on sbtest5  (cost=0.43..389.04 rows=98 width=121)
	  Index Cond: ((id >= 8317056) AND (id <= 8317155))

table 6 : explain SELECT c FROM sbtest6 WHERE id BETWEEN 456555 AND 456654
	Index Scan using sbtest6_pkey on sbtest6  (cost=0.43..409.58 rows=103 width=121)
	  Index Cond: ((id >= 456555) AND (id <= 456654))

table 7 : explain SELECT c FROM sbtest7 WHERE id BETWEEN 7318662 AND 7318761
	Index Scan using sbtest7_pkey on sbtest7  (cost=0.43..413.44 rows=104 width=121)
	  Index Cond: ((id >= 7318662) AND (id <= 7318761))

table 8 : explain SELECT c FROM sbtest8 WHERE id BETWEEN 7759977 AND 7760076
	Index Scan using sbtest8_pkey on sbtest8  (cost=0.43..397.93 rows=100 width=121)
	  Index Cond: ((id >= 7759977) AND (id <= 7760076))

for: distinct_ranges
table 1 : explain SELECT DISTINCT c FROM sbtest1 WHERE id BETWEEN 3724795 AND 3724894 ORDER BY c
	Unique  (cost=417.42..417.94 rows=104 width=121)
	  ->  Sort  (cost=417.42..417.68 rows=104 width=121)
	        Sort Key: c
	        ->  Index Scan using sbtest1_pkey on sbtest1  (cost=0.43..413.94 rows=104 width=121)
	              Index Cond: ((id >= 3724795) AND (id <= 3724894))

table 2 : explain SELECT DISTINCT c FROM sbtest2 WHERE id BETWEEN 5135182 AND 5135281 ORDER BY c
	Unique  (cost=434.22..434.76 rows=108 width=121)
	  ->  Sort  (cost=434.22..434.49 rows=108 width=121)
	        Sort Key: c
	        ->  Index Scan using sbtest2_pkey on sbtest2  (cost=0.43..430.57 rows=108 width=121)
	              Index Cond: ((id >= 5135182) AND (id <= 5135281))

table 3 : explain SELECT DISTINCT c FROM sbtest3 WHERE id BETWEEN 4683584 AND 4683683 ORDER BY c
	Unique  (cost=361.31..361.76 rows=90 width=121)
	  ->  Sort  (cost=361.31..361.53 rows=90 width=121)
	        Sort Key: c
	        ->  Index Scan using sbtest3_pkey on sbtest3  (cost=0.43..358.39 rows=90 width=121)
	              Index Cond: ((id >= 4683584) AND (id <= 4683683))

table 4 : explain SELECT DISTINCT c FROM sbtest4 WHERE id BETWEEN 961419 AND 961518 ORDER BY c
	Unique  (cost=388.80..389.28 rows=97 width=121)
	  ->  Sort  (cost=388.80..389.04 rows=97 width=121)
	        Sort Key: c
	        ->  Index Scan using sbtest4_pkey on sbtest4  (cost=0.43..385.60 rows=97 width=121)
	              Index Cond: ((id >= 961419) AND (id <= 961518))

table 5 : explain SELECT DISTINCT c FROM sbtest5 WHERE id BETWEEN 5913026 AND 5913125 ORDER BY c
	Unique  (cost=404.18..404.68 rows=101 width=121)
	  ->  Sort  (cost=404.18..404.43 rows=101 width=121)
	        Sort Key: c
	        ->  Index Scan using sbtest5_pkey on sbtest5  (cost=0.43..400.81 rows=101 width=121)
	              Index Cond: ((id >= 5913026) AND (id <= 5913125))

table 6 : explain SELECT DISTINCT c FROM sbtest6 WHERE id BETWEEN 5416462 AND 5416561 ORDER BY c
	Unique  (cost=420.97..421.49 rows=105 width=121)
	  ->  Sort  (cost=420.97..421.23 rows=105 width=121)
	        Sort Key: c
	        ->  Index Scan using sbtest6_pkey on sbtest6  (cost=0.43..417.44 rows=105 width=121)
	              Index Cond: ((id >= 5416462) AND (id <= 5416561))

table 7 : explain SELECT DISTINCT c FROM sbtest7 WHERE id BETWEEN 5919568 AND 5919667 ORDER BY c
	Unique  (cost=412.96..413.47 rows=103 width=121)
	  ->  Sort  (cost=412.96..413.21 rows=103 width=121)
	        Sort Key: c
	        ->  Index Scan using sbtest7_pkey on sbtest7  (cost=0.43..409.51 rows=103 width=121)
	              Index Cond: ((id >= 5919568) AND (id <= 5919667))

table 8 : explain SELECT DISTINCT c FROM sbtest8 WHERE id BETWEEN 9217561 AND 9217660 ORDER BY c
	Unique  (cost=405.23..405.74 rows=101 width=121)
	  ->  Sort  (cost=405.23..405.48 rows=101 width=121)
	        Sort Key: c
	        ->  Index Scan using sbtest8_pkey on sbtest8  (cost=0.43..401.87 rows=101 width=121)
	              Index Cond: ((id >= 9217561) AND (id <= 9217660))

for: simple_ranges
table 1 : explain SELECT c FROM sbtest1 WHERE id BETWEEN 3811105 AND 3811204
	Index Scan using sbtest1_pkey on sbtest1  (cost=0.43..417.87 rows=105 width=121)
	  Index Cond: ((id >= 3811105) AND (id <= 3811204))

table 2 : explain SELECT c FROM sbtest2 WHERE id BETWEEN 5303973 AND 5304072
	Index Scan using sbtest2_pkey on sbtest2  (cost=0.43..383.22 rows=96 width=121)
	  Index Cond: ((id >= 5303973) AND (id <= 5304072))

table 3 : explain SELECT c FROM sbtest3 WHERE id BETWEEN 6269069 AND 6269168
	Index Scan using sbtest3_pkey on sbtest3  (cost=0.43..366.25 rows=92 width=121)
	  Index Cond: ((id >= 6269069) AND (id <= 6269168))

table 4 : explain SELECT c FROM sbtest4 WHERE id BETWEEN 3733574 AND 3733673
	Index Scan using sbtest4_pkey on sbtest4  (cost=0.43..381.67 rows=96 width=121)
	  Index Cond: ((id >= 3733574) AND (id <= 3733673))

table 5 : explain SELECT c FROM sbtest5 WHERE id BETWEEN 9925690 AND 9925789
	Index Scan using sbtest5_pkey on sbtest5  (cost=0.43..396.89 rows=100 width=121)
	  Index Cond: ((id >= 9925690) AND (id <= 9925789))

table 6 : explain SELECT c FROM sbtest6 WHERE id BETWEEN 5401524 AND 5401623
	Index Scan using sbtest6_pkey on sbtest6  (cost=0.43..425.30 rows=107 width=121)
	  Index Cond: ((id >= 5401524) AND (id <= 5401623))

table 7 : explain SELECT c FROM sbtest7 WHERE id BETWEEN 9496025 AND 9496124
	Index Scan using sbtest7_pkey on sbtest7  (cost=0.43..433.10 rows=109 width=121)
	  Index Cond: ((id >= 9496025) AND (id <= 9496124))

table 8 : explain SELECT c FROM sbtest8 WHERE id BETWEEN 5148288 AND 5148387
	Index Scan using sbtest8_pkey on sbtest8  (cost=0.43..425.47 rows=107 width=121)
	  Index Cond: ((id >= 5148288) AND (id <= 5148387))

for: sum_ranges
table 1 : explain SELECT SUM(k) FROM sbtest1 WHERE id BETWEEN 724537 AND 724636
	Aggregate  (cost=390.57..390.58 rows=1 width=8)
	  ->  Index Scan using sbtest1_pkey on sbtest1  (cost=0.43..390.32 rows=98 width=4)
	        Index Cond: ((id >= 724537) AND (id <= 724636))

table 2 : explain SELECT SUM(k) FROM sbtest2 WHERE id BETWEEN 9468412 AND 9468511
	Aggregate  (cost=419.00..419.01 rows=1 width=8)
	  ->  Index Scan using sbtest2_pkey on sbtest2  (cost=0.43..418.74 rows=105 width=4)
	        Index Cond: ((id >= 9468412) AND (id <= 9468511))

table 3 : explain SELECT SUM(k) FROM sbtest3 WHERE id BETWEEN 6729912 AND 6730011
	Aggregate  (cost=433.35..433.36 rows=1 width=8)
	  ->  Index Scan using sbtest3_pkey on sbtest3  (cost=0.43..433.08 rows=109 width=4)
	        Index Cond: ((id >= 6729912) AND (id <= 6730011))

table 4 : explain SELECT SUM(k) FROM sbtest4 WHERE id BETWEEN 7508106 AND 7508205
	Aggregate  (cost=444.79..444.80 rows=1 width=8)
	  ->  Index Scan using sbtest4_pkey on sbtest4  (cost=0.43..444.51 rows=112 width=4)
	        Index Cond: ((id >= 7508106) AND (id <= 7508205))

table 5 : explain SELECT SUM(k) FROM sbtest5 WHERE id BETWEEN 9859599 AND 9859698
	Aggregate  (cost=369.64..369.65 rows=1 width=8)
	  ->  Index Scan using sbtest5_pkey on sbtest5  (cost=0.43..369.41 rows=93 width=4)
	        Index Cond: ((id >= 9859599) AND (id <= 9859698))

table 6 : explain SELECT SUM(k) FROM sbtest6 WHERE id BETWEEN 8036353 AND 8036452
	Aggregate  (cost=425.57..425.58 rows=1 width=8)
	  ->  Index Scan using sbtest6_pkey on sbtest6  (cost=0.43..425.30 rows=107 width=4)
	        Index Cond: ((id >= 8036353) AND (id <= 8036452))

table 7 : explain SELECT SUM(k) FROM sbtest7 WHERE id BETWEEN 6644757 AND 6644856
	Aggregate  (cost=382.23..382.24 rows=1 width=8)
	  ->  Index Scan using sbtest7_pkey on sbtest7  (cost=0.43..381.99 rows=96 width=4)
	        Index Cond: ((id >= 6644757) AND (id <= 6644856))

table 8 : explain SELECT SUM(k) FROM sbtest8 WHERE id BETWEEN 7183172 AND 7183271
	Aggregate  (cost=449.35..449.36 rows=1 width=8)
	  ->  Index Scan using sbtest8_pkey on sbtest8  (cost=0.43..449.07 rows=113 width=4)
	        Index Cond: ((id >= 7183172) AND (id <= 7183271))

for: order_ranges
table 1 : explain SELECT c FROM sbtest1 WHERE id BETWEEN 5604076 AND 5604175 ORDER BY c
	Sort  (cost=409.47..409.72 rows=102 width=121)
	  Sort Key: c
	  ->  Index Scan using sbtest1_pkey on sbtest1  (cost=0.43..406.06 rows=102 width=121)
	        Index Cond: ((id >= 5604076) AND (id <= 5604175))

table 2 : explain SELECT c FROM sbtest2 WHERE id BETWEEN 8787724 AND 8787823 ORDER BY c
	Sort  (cost=410.31..410.56 rows=102 width=121)
	  Sort Key: c
	  ->  Index Scan using sbtest2_pkey on sbtest2  (cost=0.43..406.91 rows=102 width=121)
	        Index Cond: ((id >= 8787724) AND (id <= 8787823))

table 3 : explain SELECT c FROM sbtest3 WHERE id BETWEEN 1242063 AND 1242162 ORDER BY c
	Sort  (cost=401.02..401.27 rows=100 width=121)
	  Sort Key: c
	  ->  Index Scan using sbtest3_pkey on sbtest3  (cost=0.43..397.70 rows=100 width=121)
	        Index Cond: ((id >= 1242063) AND (id <= 1242162))

table 4 : explain SELECT c FROM sbtest4 WHERE id BETWEEN 7482201 AND 7482300 ORDER BY c
	Sort  (cost=380.86..381.10 rows=95 width=121)
	  Sort Key: c
	  ->  Index Scan using sbtest4_pkey on sbtest4  (cost=0.43..377.74 rows=95 width=121)
	        Index Cond: ((id >= 7482201) AND (id <= 7482300))

table 5 : explain SELECT c FROM sbtest5 WHERE id BETWEEN 915951 AND 916050 ORDER BY c
	Sort  (cost=388.32..388.57 rows=97 width=121)
	  Sort Key: c
	  ->  Index Scan using sbtest5_pkey on sbtest5  (cost=0.43..385.12 rows=97 width=121)
	        Index Cond: ((id >= 915951) AND (id <= 916050))

table 6 : explain SELECT c FROM sbtest6 WHERE id BETWEEN 4218706 AND 4218805 ORDER BY c
	Sort  (cost=424.94..425.20 rows=106 width=121)
	  Sort Key: c
	  ->  Index Scan using sbtest6_pkey on sbtest6  (cost=0.43..421.37 rows=106 width=121)
	        Index Cond: ((id >= 4218706) AND (id <= 4218805))

table 7 : explain SELECT c FROM sbtest7 WHERE id BETWEEN 2971420 AND 2971519 ORDER BY c
	Sort  (cost=345.42..345.64 rows=86 width=121)
	  Sort Key: c
	  ->  Index Scan using sbtest7_pkey on sbtest7  (cost=0.43..342.66 rows=86 width=121)
	        Index Cond: ((id >= 2971420) AND (id <= 2971519))

table 8 : explain SELECT c FROM sbtest8 WHERE id BETWEEN 4738955 AND 4739054 ORDER BY c
	Sort  (cost=417.15..417.41 rows=104 width=121)
	  Sort Key: c
	  ->  Index Scan using sbtest8_pkey on sbtest8  (cost=0.43..413.67 rows=104 width=121)
	        Index Cond: ((id >= 4738955) AND (id <= 4739054))

explain: for point_selects :: explain SELECT c FROM sbtest%u WHERE id=%u
for: simple_ranges
table 1 : explain SELECT c FROM sbtest1 WHERE id BETWEEN 1978916 AND 1979015
	Index Scan using sbtest1_pkey on sbtest1  (cost=0.43..402.13 rows=101 width=121)
	  Index Cond: ((id >= 1978916) AND (id <= 1979015))

table 2 : explain SELECT c FROM sbtest2 WHERE id BETWEEN 4796021 AND 4796120
	Index Scan using sbtest2_pkey on sbtest2  (cost=0.43..442.41 rows=111 width=121)
	  Index Cond: ((id >= 4796021) AND (id <= 4796120))

table 3 : explain SELECT c FROM sbtest3 WHERE id BETWEEN 8362649 AND 8362748
	Index Scan using sbtest3_pkey on sbtest3  (cost=0.43..381.98 rows=96 width=121)
	  Index Cond: ((id >= 8362649) AND (id <= 8362748))

table 4 : explain SELECT c FROM sbtest4 WHERE id BETWEEN 7505256 AND 7505355
	Index Scan using sbtest4_pkey on sbtest4  (cost=0.43..444.51 rows=112 width=121)
	  Index Cond: ((id >= 7505256) AND (id <= 7505355))

table 5 : explain SELECT c FROM sbtest5 WHERE id BETWEEN 7251093 AND 7251192
	Index Scan using sbtest5_pkey on sbtest5  (cost=0.43..412.58 rows=104 width=121)
	  Index Cond: ((id >= 7251093) AND (id <= 7251192))

table 6 : explain SELECT c FROM sbtest6 WHERE id BETWEEN 5090679 AND 5090778
	Index Scan using sbtest6_pkey on sbtest6  (cost=0.43..378.12 rows=95 width=121)
	  Index Cond: ((id >= 5090679) AND (id <= 5090778))

table 7 : explain SELECT c FROM sbtest7 WHERE id BETWEEN 9924356 AND 9924455
	Index Scan using sbtest7_pkey on sbtest7  (cost=0.43..409.51 rows=103 width=121)
	  Index Cond: ((id >= 9924356) AND (id <= 9924455))

table 8 : explain SELECT c FROM sbtest8 WHERE id BETWEEN 8736500 AND 8736599
	Index Scan using sbtest8_pkey on sbtest8  (cost=0.43..417.60 rows=105 width=121)
	  Index Cond: ((id >= 8736500) AND (id <= 8736599))

for: sum_ranges
table 1 : explain SELECT SUM(k) FROM sbtest1 WHERE id BETWEEN 7938628 AND 7938727
	Aggregate  (cost=394.50..394.51 rows=1 width=8)
	  ->  Index Scan using sbtest1_pkey on sbtest1  (cost=0.43..394.26 rows=99 width=4)
	        Index Cond: ((id >= 7938628) AND (id <= 7938727))

table 2 : explain SELECT SUM(k) FROM sbtest2 WHERE id BETWEEN 6150404 AND 6150503
	Aggregate  (cost=438.74..438.75 rows=1 width=8)
	  ->  Index Scan using sbtest2_pkey on sbtest2  (cost=0.43..438.46 rows=110 width=4)
	        Index Cond: ((id >= 6150404) AND (id <= 6150503))

table 3 : explain SELECT SUM(k) FROM sbtest3 WHERE id BETWEEN 1484382 AND 1484481
	Aggregate  (cost=405.82..405.83 rows=1 width=8)
	  ->  Index Scan using sbtest3_pkey on sbtest3  (cost=0.43..405.56 rows=102 width=4)
	        Index Cond: ((id >= 1484382) AND (id <= 1484481))

table 4 : explain SELECT SUM(k) FROM sbtest4 WHERE id BETWEEN 2716245 AND 2716344
	Aggregate  (cost=409.42..409.43 rows=1 width=8)
	  ->  Index Scan using sbtest4_pkey on sbtest4  (cost=0.43..409.16 rows=103 width=4)
	        Index Cond: ((id >= 2716245) AND (id <= 2716344))

table 5 : explain SELECT SUM(k) FROM sbtest5 WHERE id BETWEEN 3335586 AND 3335685
	Aggregate  (cost=389.29..389.30 rows=1 width=8)
	  ->  Index Scan using sbtest5_pkey on sbtest5  (cost=0.43..389.04 rows=98 width=4)
	        Index Cond: ((id >= 3335586) AND (id <= 3335685))

table 6 : explain SELECT SUM(k) FROM sbtest6 WHERE id BETWEEN 4442577 AND 4442676
	Aggregate  (cost=425.57..425.58 rows=1 width=8)
	  ->  Index Scan using sbtest6_pkey on sbtest6  (cost=0.43..425.30 rows=107 width=4)
	        Index Cond: ((id >= 4442577) AND (id <= 4442676))

table 7 : explain SELECT SUM(k) FROM sbtest7 WHERE id BETWEEN 784519 AND 784618
	Aggregate  (cost=425.50..425.51 rows=1 width=8)
	  ->  Index Scan using sbtest7_pkey on sbtest7  (cost=0.43..425.24 rows=107 width=4)
	        Index Cond: ((id >= 784519) AND (id <= 784618))

table 8 : explain SELECT SUM(k) FROM sbtest8 WHERE id BETWEEN 447290 AND 447389
	Aggregate  (cost=413.93..413.94 rows=1 width=8)
	  ->  Index Scan using sbtest8_pkey on sbtest8  (cost=0.43..413.67 rows=104 width=4)
	        Index Cond: ((id >= 447290) AND (id <= 447389))

for: order_ranges
table 1 : explain SELECT c FROM sbtest1 WHERE id BETWEEN 9385095 AND 9385194 ORDER BY c
	Sort  (cost=361.73..361.96 rows=90 width=121)
	  Sort Key: c
	  ->  Index Scan using sbtest1_pkey on sbtest1  (cost=0.43..358.81 rows=90 width=121)
	        Index Cond: ((id >= 9385095) AND (id <= 9385194))

table 2 : explain SELECT c FROM sbtest2 WHERE id BETWEEN 1917920 AND 1918019 ORDER BY c
	Sort  (cost=398.35..398.60 rows=99 width=121)
	  Sort Key: c
	  ->  Index Scan using sbtest2_pkey on sbtest2  (cost=0.43..395.07 rows=99 width=121)
	        Index Cond: ((id >= 1917920) AND (id <= 1918019))

table 3 : explain SELECT c FROM sbtest3 WHERE id BETWEEN 7987899 AND 7987998 ORDER BY c
	Sort  (cost=397.05..397.30 rows=99 width=121)
	  Sort Key: c
	  ->  Index Scan using sbtest3_pkey on sbtest3  (cost=0.43..393.77 rows=99 width=121)
	        Index Cond: ((id >= 7987899) AND (id <= 7987998))

table 4 : explain SELECT c FROM sbtest4 WHERE id BETWEEN 874791 AND 874890 ORDER BY c
	Sort  (cost=408.64..408.89 rows=102 width=121)
	  Sort Key: c
	  ->  Index Scan using sbtest4_pkey on sbtest4  (cost=0.43..405.24 rows=102 width=121)
	        Index Cond: ((id >= 874791) AND (id <= 874890))

table 5 : explain SELECT c FROM sbtest5 WHERE id BETWEEN 3457770 AND 3457869 ORDER BY c
	Sort  (cost=396.25..396.50 rows=99 width=121)
	  Sort Key: c
	  ->  Index Scan using sbtest5_pkey on sbtest5  (cost=0.43..392.97 rows=99 width=121)
	        Index Cond: ((id >= 3457770) AND (id <= 3457869))

table 6 : explain SELECT c FROM sbtest6 WHERE id BETWEEN 81139 AND 81238 ORDER BY c
	Sort  (cost=405.08..405.33 rows=101 width=121)
	  Sort Key: c
	  ->  Index Scan using sbtest6_pkey on sbtest6  (cost=0.43..401.71 rows=101 width=121)
	        Index Cond: ((id >= 81139) AND (id <= 81238))

table 7 : explain SELECT c FROM sbtest7 WHERE id BETWEEN 5786027 AND 5786126 ORDER BY c
	Sort  (cost=408.98..409.24 rows=102 width=121)
	  Sort Key: c
	  ->  Index Scan using sbtest7_pkey on sbtest7  (cost=0.43..405.58 rows=102 width=121)
	        Index Cond: ((id >= 5786027) AND (id <= 5786126))

table 8 : explain SELECT c FROM sbtest8 WHERE id BETWEEN 3102142 AND 3102241 ORDER BY c
	Sort  (cost=421.13..421.39 rows=105 width=121)
	  Sort Key: c
	  ->  Index Scan using sbtest8_pkey on sbtest8  (cost=0.43..417.60 rows=105 width=121)
	        Index Cond: ((id >= 3102142) AND (id <= 3102241))

for point_selects
table 1 : explain SELECT c FROM sbtest1 WHERE id=7022823
	Index Scan using sbtest1_pkey on sbtest1  (cost=0.43..8.45 rows=1 width=121)
	  Index Cond: (id = 7022823)

table 2 : explain SELECT c FROM sbtest2 WHERE id=6053614
	Index Scan using sbtest2_pkey on sbtest2  (cost=0.43..8.45 rows=1 width=121)
	  Index Cond: (id = 6053614)

table 3 : explain SELECT c FROM sbtest3 WHERE id=2441420
	Index Scan using sbtest3_pkey on sbtest3  (cost=0.43..8.45 rows=1 width=121)
	  Index Cond: (id = 2441420)

table 4 : explain SELECT c FROM sbtest4 WHERE id=5413784
	Index Scan using sbtest4_pkey on sbtest4  (cost=0.43..8.45 rows=1 width=121)
	  Index Cond: (id = 5413784)

table 5 : explain SELECT c FROM sbtest5 WHERE id=4139076
	Index Scan using sbtest5_pkey on sbtest5  (cost=0.43..8.45 rows=1 width=121)
	  Index Cond: (id = 4139076)

table 6 : explain SELECT c FROM sbtest6 WHERE id=9876383
	Index Scan using sbtest6_pkey on sbtest6  (cost=0.43..8.45 rows=1 width=121)
	  Index Cond: (id = 9876383)

table 7 : explain SELECT c FROM sbtest7 WHERE id=1726105
	Index Scan using sbtest7_pkey on sbtest7  (cost=0.43..8.45 rows=1 width=121)
	  Index Cond: (id = 1726105)

table 8 : explain SELECT c FROM sbtest8 WHERE id=5813428
	Index Scan using sbtest8_pkey on sbtest8  (cost=0.43..8.45 rows=1 width=121)
	  Index Cond: (id = 5813428)

for: sum_ranges
table 1 : explain SELECT SUM(k) FROM sbtest1 WHERE id BETWEEN 5694689 AND 5694788
	Aggregate  (cost=394.50..394.51 rows=1 width=8)
	  ->  Index Scan using sbtest1_pkey on sbtest1  (cost=0.43..394.26 rows=99 width=4)
	        Index Cond: ((id >= 5694689) AND (id <= 5694788))

table 2 : explain SELECT SUM(k) FROM sbtest2 WHERE id BETWEEN 7281336 AND 7281435
	Aggregate  (cost=442.68..442.69 rows=1 width=8)
	  ->  Index Scan using sbtest2_pkey on sbtest2  (cost=0.43..442.41 rows=111 width=4)
	        Index Cond: ((id >= 7281336) AND (id <= 7281435))

table 3 : explain SELECT SUM(k) FROM sbtest3 WHERE id BETWEEN 1389439 AND 1389538
	Aggregate  (cost=358.61..358.62 rows=1 width=8)
	  ->  Index Scan using sbtest3_pkey on sbtest3  (cost=0.43..358.39 rows=90 width=4)
	        Index Cond: ((id >= 1389439) AND (id <= 1389538))

table 4 : explain SELECT SUM(k) FROM sbtest4 WHERE id BETWEEN 4386481 AND 4386580
	Aggregate  (cost=374.05..374.06 rows=1 width=8)
	  ->  Index Scan using sbtest4_pkey on sbtest4  (cost=0.43..373.81 rows=94 width=4)
	        Index Cond: ((id >= 4386481) AND (id <= 4386580))

table 5 : explain SELECT SUM(k) FROM sbtest5 WHERE id BETWEEN 7059443 AND 7059542
	Aggregate  (cost=420.69..420.70 rows=1 width=8)
	  ->  Index Scan using sbtest5_pkey on sbtest5  (cost=0.43..420.43 rows=106 width=4)
	        Index Cond: ((id >= 7059443) AND (id <= 7059542))

table 6 : explain SELECT SUM(k) FROM sbtest6 WHERE id BETWEEN 7667195 AND 7667294
	Aggregate  (cost=394.10..394.11 rows=1 width=8)
	  ->  Index Scan using sbtest6_pkey on sbtest6  (cost=0.43..393.85 rows=99 width=4)
	        Index Cond: ((id >= 7667195) AND (id <= 7667294))

table 7 : explain SELECT SUM(k) FROM sbtest7 WHERE id BETWEEN 7157622 AND 7157721
	Aggregate  (cost=413.70..413.71 rows=1 width=8)
	  ->  Index Scan using sbtest7_pkey on sbtest7  (cost=0.43..413.44 rows=104 width=4)
	        Index Cond: ((id >= 7157622) AND (id <= 7157721))

table 8 : explain SELECT SUM(k) FROM sbtest8 WHERE id BETWEEN 4367566 AND 4367665
	Aggregate  (cost=390.31..390.32 rows=1 width=8)
	  ->  Index Scan using sbtest8_pkey on sbtest8  (cost=0.43..390.07 rows=98 width=4)
	        Index Cond: ((id >= 4367566) AND (id <= 4367665))

for: order_ranges
table 1 : explain SELECT c FROM sbtest1 WHERE id BETWEEN 7619234 AND 7619333 ORDER BY c
	Sort  (cost=361.73..361.96 rows=90 width=121)
	  Sort Key: c
	  ->  Index Scan using sbtest1_pkey on sbtest1  (cost=0.43..358.81 rows=90 width=121)
	        Index Cond: ((id >= 7619234) AND (id <= 7619333))

table 2 : explain SELECT c FROM sbtest2 WHERE id BETWEEN 8829932 AND 8830031 ORDER BY c
	Sort  (cost=418.28..418.54 rows=104 width=121)
	  Sort Key: c
	  ->  Index Scan using sbtest2_pkey on sbtest2  (cost=0.43..414.80 rows=104 width=121)
	        Index Cond: ((id >= 8829932) AND (id <= 8830031))

table 3 : explain SELECT c FROM sbtest3 WHERE id BETWEEN 1500241 AND 1500340 ORDER BY c
	Sort  (cost=416.91..417.17 rows=104 width=121)
	  Sort Key: c
	  ->  Index Scan using sbtest3_pkey on sbtest3  (cost=0.43..413.42 rows=104 width=121)
	        Index Cond: ((id >= 1500241) AND (id <= 1500340))

table 4 : explain SELECT c FROM sbtest4 WHERE id BETWEEN 1585006 AND 1585105 ORDER BY c
	Sort  (cost=392.77..393.01 rows=98 width=121)
	  Sort Key: c
	  ->  Index Scan using sbtest4_pkey on sbtest4  (cost=0.43..389.52 rows=98 width=121)
	        Index Cond: ((id >= 1585006) AND (id <= 1585105))

table 5 : explain SELECT c FROM sbtest5 WHERE id BETWEEN 148164 AND 148263 ORDER BY c
	Sort  (cost=372.45..372.68 rows=93 width=121)
	  Sort Key: c
	  ->  Index Scan using sbtest5_pkey on sbtest5  (cost=0.43..369.41 rows=93 width=121)
	        Index Cond: ((id >= 148164) AND (id <= 148263))

table 6 : explain SELECT c FROM sbtest6 WHERE id BETWEEN 176477 AND 176576 ORDER BY c
	Sort  (cost=361.36..361.59 rows=90 width=121)
	  Sort Key: c
	  ->  Index Scan using sbtest6_pkey on sbtest6  (cost=0.43..358.44 rows=90 width=121)
	        Index Cond: ((id >= 176477) AND (id <= 176576))

table 7 : explain SELECT c FROM sbtest7 WHERE id BETWEEN 7674316 AND 7674415 ORDER BY c
	Sort  (cost=365.30..365.53 rows=91 width=121)
	  Sort Key: c
	  ->  Index Scan using sbtest7_pkey on sbtest7  (cost=0.43..362.34 rows=91 width=121)
	        Index Cond: ((id >= 7674316) AND (id <= 7674415))

table 8 : explain SELECT c FROM sbtest8 WHERE id BETWEEN 7832439 AND 7832538 ORDER BY c
	Sort  (cost=353.55..353.77 rows=88 width=121)
	  Sort Key: c
	  ->  Index Scan using sbtest8_pkey on sbtest8  (cost=0.43..350.71 rows=88 width=121)
	        Index Cond: ((id >= 7832439) AND (id <= 7832538))

for: sum_ranges
table 1 : explain SELECT SUM(k) FROM sbtest1 WHERE id BETWEEN 7013725 AND 7013824
	Aggregate  (cost=437.83..437.84 rows=1 width=8)
	  ->  Index Scan using sbtest1_pkey on sbtest1  (cost=0.43..437.55 rows=110 width=4)
	        Index Cond: ((id >= 7013725) AND (id <= 7013824))

table 2 : explain SELECT SUM(k) FROM sbtest2 WHERE id BETWEEN 638026 AND 638125
	Aggregate  (cost=387.43..387.44 rows=1 width=8)
	  ->  Index Scan using sbtest2_pkey on sbtest2  (cost=0.43..387.18 rows=97 width=4)
	        Index Cond: ((id >= 638026) AND (id <= 638125))

table 3 : explain SELECT SUM(k) FROM sbtest3 WHERE id BETWEEN 8193035 AND 8193134
	Aggregate  (cost=394.02..394.03 rows=1 width=8)
	  ->  Index Scan using sbtest3_pkey on sbtest3  (cost=0.43..393.77 rows=99 width=4)
	        Index Cond: ((id >= 8193035) AND (id <= 8193134))

table 4 : explain SELECT SUM(k) FROM sbtest4 WHERE id BETWEEN 2498702 AND 2498801
	Aggregate  (cost=366.19..366.20 rows=1 width=8)
	  ->  Index Scan using sbtest4_pkey on sbtest4  (cost=0.43..365.96 rows=92 width=4)
	        Index Cond: ((id >= 2498702) AND (id <= 2498801))

table 5 : explain SELECT SUM(k) FROM sbtest5 WHERE id BETWEEN 7807800 AND 7807899
	Aggregate  (cost=385.36..385.37 rows=1 width=8)
	  ->  Index Scan using sbtest5_pkey on sbtest5  (cost=0.43..385.12 rows=97 width=4)
	        Index Cond: ((id >= 7807800) AND (id <= 7807899))

table 6 : explain SELECT SUM(k) FROM sbtest6 WHERE id BETWEEN 5468841 AND 5468940
	Aggregate  (cost=417.70..417.71 rows=1 width=8)
	  ->  Index Scan using sbtest6_pkey on sbtest6  (cost=0.43..417.44 rows=105 width=4)
	        Index Cond: ((id >= 5468841) AND (id <= 5468940))

table 7 : explain SELECT SUM(k) FROM sbtest7 WHERE id BETWEEN 1969163 AND 1969262
	Aggregate  (cost=358.61..358.62 rows=1 width=8)
	  ->  Index Scan using sbtest7_pkey on sbtest7  (cost=0.43..358.38 rows=90 width=4)
	        Index Cond: ((id >= 1969163) AND (id <= 1969262))

table 8 : explain SELECT SUM(k) FROM sbtest8 WHERE id BETWEEN 676868 AND 676967
	Aggregate  (cost=382.42..382.43 rows=1 width=8)
	  ->  Index Scan using sbtest8_pkey on sbtest8  (cost=0.43..382.18 rows=96 width=4)
	        Index Cond: ((id >= 676868) AND (id <= 676967))

for: order_ranges
table 1 : explain SELECT c FROM sbtest1 WHERE id BETWEEN 889362 AND 889461 ORDER BY c
	Sort  (cost=381.61..381.85 rows=95 width=121)
	  Sort Key: c
	  ->  Index Scan using sbtest1_pkey on sbtest1  (cost=0.43..378.49 rows=95 width=121)
	        Index Cond: ((id >= 889362) AND (id <= 889461))

table 2 : explain SELECT c FROM sbtest2 WHERE id BETWEEN 715860 AND 715959 ORDER BY c
	Sort  (cost=406.32..406.58 rows=101 width=121)
	  Sort Key: c
	  ->  Index Scan using sbtest2_pkey on sbtest2  (cost=0.43..402.96 rows=101 width=121)
	        Index Cond: ((id >= 715860) AND (id <= 715959))

table 3 : explain SELECT c FROM sbtest3 WHERE id BETWEEN 3314339 AND 3314438 ORDER BY c
	Sort  (cost=412.94..413.19 rows=103 width=121)
	  Sort Key: c
	  ->  Index Scan using sbtest3_pkey on sbtest3  (cost=0.43..409.49 rows=103 width=121)
	        Index Cond: ((id >= 3314339) AND (id <= 3314438))

table 4 : explain SELECT c FROM sbtest4 WHERE id BETWEEN 996963 AND 997062 ORDER BY c
	Sort  (cost=357.03..357.26 rows=89 width=121)
	  Sort Key: c
	  ->  Index Scan using sbtest4_pkey on sbtest4  (cost=0.43..354.15 rows=89 width=121)
	        Index Cond: ((id >= 996963) AND (id <= 997062))

table 5 : explain SELECT c FROM sbtest5 WHERE id BETWEEN 3798039 AND 3798138 ORDER BY c
	Sort  (cost=388.32..388.57 rows=97 width=121)
	  Sort Key: c
	  ->  Index Scan using sbtest5_pkey on sbtest5  (cost=0.43..385.12 rows=97 width=121)
	        Index Cond: ((id >= 3798039) AND (id <= 3798138))

table 6 : explain SELECT c FROM sbtest6 WHERE id BETWEEN 817019 AND 817118 ORDER BY c
	Sort  (cost=424.94..425.20 rows=106 width=121)
	  Sort Key: c
	  ->  Index Scan using sbtest6_pkey on sbtest6  (cost=0.43..421.37 rows=106 width=121)
	        Index Cond: ((id >= 817019) AND (id <= 817118))

table 7 : explain SELECT c FROM sbtest7 WHERE id BETWEEN 908157 AND 908256 ORDER BY c
	Sort  (cost=416.93..417.19 rows=104 width=121)
	  Sort Key: c
	  ->  Index Scan using sbtest7_pkey on sbtest7  (cost=0.43..413.44 rows=104 width=121)
	        Index Cond: ((id >= 908157) AND (id <= 908256))

table 8 : explain SELECT c FROM sbtest8 WHERE id BETWEEN 6924644 AND 6924743 ORDER BY c
	Sort  (cost=385.34..385.58 rows=96 width=121)
	  Sort Key: c
	  ->  Index Scan using sbtest8_pkey on sbtest8  (cost=0.43..382.18 rows=96 width=121)
	        Index Cond: ((id >= 6924644) AND (id <= 6924743))

for: sum_ranges
table 1 : explain SELECT SUM(k) FROM sbtest1 WHERE id BETWEEN 3814485 AND 3814584
	Aggregate  (cost=418.14..418.15 rows=1 width=8)
	  ->  Index Scan using sbtest1_pkey on sbtest1  (cost=0.43..417.87 rows=105 width=4)
	        Index Cond: ((id >= 3814485) AND (id <= 3814584))

table 2 : explain SELECT SUM(k) FROM sbtest2 WHERE id BETWEEN 2949895 AND 2949994
	Aggregate  (cost=411.11..411.12 rows=1 width=8)
	  ->  Index Scan using sbtest2_pkey on sbtest2  (cost=0.43..410.85 rows=103 width=4)
	        Index Cond: ((id >= 2949895) AND (id <= 2949994))

table 3 : explain SELECT SUM(k) FROM sbtest3 WHERE id BETWEEN 5019443 AND 5019542
	Aggregate  (cost=409.75..409.76 rows=1 width=8)
	  ->  Index Scan using sbtest3_pkey on sbtest3  (cost=0.43..409.49 rows=103 width=4)
	        Index Cond: ((id >= 5019443) AND (id <= 5019542))

table 4 : explain SELECT SUM(k) FROM sbtest4 WHERE id BETWEEN 7246079 AND 7246178
	Aggregate  (cost=385.84..385.85 rows=1 width=8)
	  ->  Index Scan using sbtest4_pkey on sbtest4  (cost=0.43..385.60 rows=97 width=4)
	        Index Cond: ((id >= 7246079) AND (id <= 7246178))

table 5 : explain SELECT SUM(k) FROM sbtest5 WHERE id BETWEEN 760770 AND 760869
	Aggregate  (cost=456.02..456.03 rows=1 width=8)
	  ->  Index Scan using sbtest5_pkey on sbtest5  (cost=0.43..455.73 rows=115 width=4)
	        Index Cond: ((id >= 760770) AND (id <= 760869))

table 6 : explain SELECT SUM(k) FROM sbtest6 WHERE id BETWEEN 5202952 AND 5203051
	Aggregate  (cost=386.23..386.24 rows=1 width=8)
	  ->  Index Scan using sbtest6_pkey on sbtest6  (cost=0.43..385.99 rows=97 width=4)
	        Index Cond: ((id >= 5202952) AND (id <= 5203051))

table 7 : explain SELECT SUM(k) FROM sbtest7 WHERE id BETWEEN 2025157 AND 2025256
	Aggregate  (cost=417.64..417.65 rows=1 width=8)
	  ->  Index Scan using sbtest7_pkey on sbtest7  (cost=0.43..417.37 rows=105 width=4)
	        Index Cond: ((id >= 2025157) AND (id <= 2025256))

table 8 : explain SELECT SUM(k) FROM sbtest8 WHERE id BETWEEN 2176171 AND 2176270
	Aggregate  (cost=382.42..382.43 rows=1 width=8)
	  ->  Index Scan using sbtest8_pkey on sbtest8  (cost=0.43..382.18 rows=96 width=4)
	        Index Cond: ((id >= 2176171) AND (id <= 2176270))

for: distinct_ranges
table 1 : explain SELECT DISTINCT c FROM sbtest1 WHERE id BETWEEN 4714012 AND 4714111 ORDER BY c
	Unique  (cost=397.54..398.03 rows=99 width=121)
	  ->  Sort  (cost=397.54..397.79 rows=99 width=121)
	        Sort Key: c
	        ->  Index Scan using sbtest1_pkey on sbtest1  (cost=0.43..394.26 rows=99 width=121)
	              Index Cond: ((id >= 4714012) AND (id <= 4714111))

table 2 : explain SELECT DISTINCT c FROM sbtest2 WHERE id BETWEEN 8881704 AND 8881803 ORDER BY c
	Unique  (cost=418.28..418.80 rows=104 width=121)
	  ->  Sort  (cost=418.28..418.54 rows=104 width=121)
	        Sort Key: c
	        ->  Index Scan using sbtest2_pkey on sbtest2  (cost=0.43..414.80 rows=104 width=121)
	              Index Cond: ((id >= 8881704) AND (id <= 8881803))

table 3 : explain SELECT DISTINCT c FROM sbtest3 WHERE id BETWEEN 7711183 AND 7711282 ORDER BY c
	Unique  (cost=428.82..429.36 rows=107 width=121)
	  ->  Sort  (cost=428.82..429.09 rows=107 width=121)
	        Sort Key: c
	        ->  Index Scan using sbtest3_pkey on sbtest3  (cost=0.43..425.22 rows=107 width=121)
	              Index Cond: ((id >= 7711183) AND (id <= 7711282))

table 4 : explain SELECT DISTINCT c FROM sbtest4 WHERE id BETWEEN 1026956 AND 1027055 ORDER BY c
	Unique  (cost=357.03..357.48 rows=89 width=121)
	  ->  Sort  (cost=357.03..357.26 rows=89 width=121)
	        Sort Key: c
	        ->  Index Scan using sbtest4_pkey on sbtest4  (cost=0.43..354.15 rows=89 width=121)
	              Index Cond: ((id >= 1026956) AND (id <= 1027055))

table 5 : explain SELECT DISTINCT c FROM sbtest5 WHERE id BETWEEN 3813902 AND 3814001 ORDER BY c
	Unique  (cost=388.32..388.81 rows=97 width=121)
	  ->  Sort  (cost=388.32..388.57 rows=97 width=121)
	        Sort Key: c
	        ->  Index Scan using sbtest5_pkey on sbtest5  (cost=0.43..385.12 rows=97 width=121)
	              Index Cond: ((id >= 3813902) AND (id <= 3814001))

table 6 : explain SELECT DISTINCT c FROM sbtest6 WHERE id BETWEEN 886499 AND 886598 ORDER BY c
	Unique  (cost=424.94..425.47 rows=106 width=121)
	  ->  Sort  (cost=424.94..425.20 rows=106 width=121)
	        Sort Key: c
	        ->  Index Scan using sbtest6_pkey on sbtest6  (cost=0.43..421.37 rows=106 width=121)
	              Index Cond: ((id >= 886499) AND (id <= 886598))

table 7 : explain SELECT DISTINCT c FROM sbtest7 WHERE id BETWEEN 6937499 AND 6937598 ORDER BY c
	Unique  (cost=408.98..409.49 rows=102 width=121)
	  ->  Sort  (cost=408.98..409.24 rows=102 width=121)
	        Sort Key: c
	        ->  Index Scan using sbtest7_pkey on sbtest7  (cost=0.43..405.58 rows=102 width=121)
	              Index Cond: ((id >= 6937499) AND (id <= 6937598))

table 8 : explain SELECT DISTINCT c FROM sbtest8 WHERE id BETWEEN 4981145 AND 4981244 ORDER BY c
	Unique  (cost=417.15..417.67 rows=104 width=121)
	  ->  Sort  (cost=417.15..417.41 rows=104 width=121)
	        Sort Key: c
	        ->  Index Scan using sbtest8_pkey on sbtest8  (cost=0.43..413.67 rows=104 width=121)
	              Index Cond: ((id >= 4981145) AND (id <= 4981244))

for: simple_ranges
table 1 : explain SELECT c FROM sbtest1 WHERE id BETWEEN 2629575 AND 2629674
	Index Scan using sbtest1_pkey on sbtest1  (cost=0.43..398.19 rows=100 width=121)
	  Index Cond: ((id >= 2629575) AND (id <= 2629674))

table 2 : explain SELECT c FROM sbtest2 WHERE id BETWEEN 4324054 AND 4324153
	Index Scan using sbtest2_pkey on sbtest2  (cost=0.43..391.13 rows=98 width=121)
	  Index Cond: ((id >= 4324054) AND (id <= 4324153))

table 3 : explain SELECT c FROM sbtest3 WHERE id BETWEEN 8034218 AND 8034317
	Index Scan using sbtest3_pkey on sbtest3  (cost=0.43..405.56 rows=102 width=121)
	  Index Cond: ((id >= 8034218) AND (id <= 8034317))

table 4 : explain SELECT c FROM sbtest4 WHERE id BETWEEN 5559206 AND 5559305
	Index Scan using sbtest4_pkey on sbtest4  (cost=0.43..444.51 rows=112 width=121)
	  Index Cond: ((id >= 5559206) AND (id <= 5559305))

table 5 : explain SELECT c FROM sbtest5 WHERE id BETWEEN 9721442 AND 9721541
	Index Scan using sbtest5_pkey on sbtest5  (cost=0.43..392.97 rows=99 width=121)
	  Index Cond: ((id >= 9721442) AND (id <= 9721541))

table 6 : explain SELECT c FROM sbtest6 WHERE id BETWEEN 1253634 AND 1253733
	Index Scan using sbtest6_pkey on sbtest6  (cost=0.43..417.44 rows=105 width=121)
	  Index Cond: ((id >= 1253634) AND (id <= 1253733))

table 7 : explain SELECT c FROM sbtest7 WHERE id BETWEEN 8441220 AND 8441319
	Index Scan using sbtest7_pkey on sbtest7  (cost=0.43..413.44 rows=104 width=121)
	  Index Cond: ((id >= 8441220) AND (id <= 8441319))

table 8 : explain SELECT c FROM sbtest8 WHERE id BETWEEN 1135033 AND 1135132
	Index Scan using sbtest8_pkey on sbtest8  (cost=0.43..449.07 rows=113 width=121)
	  Index Cond: ((id >= 1135033) AND (id <= 1135132))

for: sum_ranges
table 1 : explain SELECT SUM(k) FROM sbtest1 WHERE id BETWEEN 7439900 AND 7439999
	Aggregate  (cost=398.44..398.45 rows=1 width=8)
	  ->  Index Scan using sbtest1_pkey on sbtest1  (cost=0.43..398.19 rows=100 width=4)
	        Index Cond: ((id >= 7439900) AND (id <= 7439999))

table 2 : explain SELECT SUM(k) FROM sbtest2 WHERE id BETWEEN 6238666 AND 6238765
	Aggregate  (cost=438.74..438.75 rows=1 width=8)
	  ->  Index Scan using sbtest2_pkey on sbtest2  (cost=0.43..438.46 rows=110 width=4)
	        Index Cond: ((id >= 6238666) AND (id <= 6238765))

table 3 : explain SELECT SUM(k) FROM sbtest3 WHERE id BETWEEN 182515 AND 182614
	Aggregate  (cost=413.68..413.69 rows=1 width=8)
	  ->  Index Scan using sbtest3_pkey on sbtest3  (cost=0.43..413.42 rows=104 width=4)
	        Index Cond: ((id >= 182515) AND (id <= 182614))

table 4 : explain SELECT SUM(k) FROM sbtest4 WHERE id BETWEEN 219114 AND 219213
	Aggregate  (cost=370.12..370.13 rows=1 width=8)
	  ->  Index Scan using sbtest4_pkey on sbtest4  (cost=0.43..369.89 rows=93 width=4)
	        Index Cond: ((id >= 219114) AND (id <= 219213))

table 5 : explain SELECT SUM(k) FROM sbtest5 WHERE id BETWEEN 3383080 AND 3383179
	Aggregate  (cost=389.29..389.30 rows=1 width=8)
	  ->  Index Scan using sbtest5_pkey on sbtest5  (cost=0.43..389.04 rows=98 width=4)
	        Index Cond: ((id >= 3383080) AND (id <= 3383179))

table 6 : explain SELECT SUM(k) FROM sbtest6 WHERE id BETWEEN 7293588 AND 7293687
	Aggregate  (cost=374.40..374.41 rows=1 width=8)
	  ->  Index Scan using sbtest6_pkey on sbtest6  (cost=0.43..374.17 rows=94 width=4)
	        Index Cond: ((id >= 7293588) AND (id <= 7293687))

table 7 : explain SELECT SUM(k) FROM sbtest7 WHERE id BETWEEN 1744188 AND 1744287
	Aggregate  (cost=394.03..394.04 rows=1 width=8)
	  ->  Index Scan using sbtest7_pkey on sbtest7  (cost=0.43..393.79 rows=99 width=4)
	        Index Cond: ((id >= 1744188) AND (id <= 1744287))

table 8 : explain SELECT SUM(k) FROM sbtest8 WHERE id BETWEEN 6074588 AND 6074687
	Aggregate  (cost=378.48..378.49 rows=1 width=8)
	  ->  Index Scan using sbtest8_pkey on sbtest8  (cost=0.43..378.25 rows=95 width=4)
	        Index Cond: ((id >= 6074588) AND (id <= 6074687))

for: distinct_ranges
table 1 : explain SELECT DISTINCT c FROM sbtest1 WHERE id BETWEEN 2317782 AND 2317881 ORDER BY c
	Unique  (cost=353.78..354.22 rows=88 width=121)
	  ->  Sort  (cost=353.78..354.00 rows=88 width=121)
	        Sort Key: c
	        ->  Index Scan using sbtest1_pkey on sbtest1  (cost=0.43..350.94 rows=88 width=121)
	              Index Cond: ((id >= 2317782) AND (id <= 2317881))

table 2 : explain SELECT DISTINCT c FROM sbtest2 WHERE id BETWEEN 957107 AND 957206 ORDER BY c
	Unique  (cost=438.21..438.75 rows=109 width=121)
	  ->  Sort  (cost=438.21..438.48 rows=109 width=121)
	        Sort Key: c
	        ->  Index Scan using sbtest2_pkey on sbtest2  (cost=0.43..434.52 rows=109 width=121)
	              Index Cond: ((id >= 957107) AND (id <= 957206))

table 3 : explain SELECT DISTINCT c FROM sbtest3 WHERE id BETWEEN 1326416 AND 1326515 ORDER BY c
	Unique  (cost=361.31..361.76 rows=90 width=121)
	  ->  Sort  (cost=361.31..361.53 rows=90 width=121)
	        Sort Key: c
	        ->  Index Scan using sbtest3_pkey on sbtest3  (cost=0.43..358.39 rows=90 width=121)
	              Index Cond: ((id >= 1326416) AND (id <= 1326515))

table 4 : explain SELECT DISTINCT c FROM sbtest4 WHERE id BETWEEN 4546684 AND 4546783 ORDER BY c
	Unique  (cost=432.45..432.99 rows=108 width=121)
	  ->  Sort  (cost=432.45..432.72 rows=108 width=121)
	        Sort Key: c
	        ->  Index Scan using sbtest4_pkey on sbtest4  (cost=0.43..428.80 rows=108 width=121)
	              Index Cond: ((id >= 4546684) AND (id <= 4546783))

table 5 : explain SELECT DISTINCT c FROM sbtest5 WHERE id BETWEEN 7475756 AND 7475855 ORDER BY c
	Unique  (cost=423.99..424.52 rows=106 width=121)
	  ->  Sort  (cost=423.99..424.26 rows=106 width=121)
	        Sort Key: c
	        ->  Index Scan using sbtest5_pkey on sbtest5  (cost=0.43..420.43 rows=106 width=121)
	              Index Cond: ((id >= 7475756) AND (id <= 7475855))

table 6 : explain SELECT DISTINCT c FROM sbtest6 WHERE id BETWEEN 9183070 AND 9183169 ORDER BY c
	Unique  (cost=420.97..421.49 rows=105 width=121)
	  ->  Sort  (cost=420.97..421.23 rows=105 width=121)
	        Sort Key: c
	        ->  Index Scan using sbtest6_pkey on sbtest6  (cost=0.43..417.44 rows=105 width=121)
	              Index Cond: ((id >= 9183070) AND (id <= 9183169))

table 7 : explain SELECT DISTINCT c FROM sbtest7 WHERE id BETWEEN 4112708 AND 4112807 ORDER BY c
	Unique  (cost=369.27..369.73 rows=92 width=121)
	  ->  Sort  (cost=369.27..369.50 rows=92 width=121)
	        Sort Key: c
	        ->  Index Scan using sbtest7_pkey on sbtest7  (cost=0.43..366.27 rows=92 width=121)
	              Index Cond: ((id >= 4112708) AND (id <= 4112807))

table 8 : explain SELECT DISTINCT c FROM sbtest8 WHERE id BETWEEN 1694697 AND 1694796 ORDER BY c
	Unique  (cost=377.39..377.86 rows=94 width=121)
	  ->  Sort  (cost=377.39..377.63 rows=94 width=121)
	        Sort Key: c
	        ->  Index Scan using sbtest8_pkey on sbtest8  (cost=0.43..374.31 rows=94 width=121)
	              Index Cond: ((id >= 1694697) AND (id <= 1694796))

for point_selects
table 1 : explain SELECT c FROM sbtest1 WHERE id=7357209
	Index Scan using sbtest1_pkey on sbtest1  (cost=0.43..8.45 rows=1 width=121)
	  Index Cond: (id = 7357209)

table 2 : explain SELECT c FROM sbtest2 WHERE id=8876723
	Index Scan using sbtest2_pkey on sbtest2  (cost=0.43..8.45 rows=1 width=121)
	  Index Cond: (id = 8876723)

table 3 : explain SELECT c FROM sbtest3 WHERE id=3002732
	Index Scan using sbtest3_pkey on sbtest3  (cost=0.43..8.45 rows=1 width=121)
	  Index Cond: (id = 3002732)

table 4 : explain SELECT c FROM sbtest4 WHERE id=8224974
	Index Scan using sbtest4_pkey on sbtest4  (cost=0.43..8.45 rows=1 width=121)
	  Index Cond: (id = 8224974)

table 5 : explain SELECT c FROM sbtest5 WHERE id=7673065
	Index Scan using sbtest5_pkey on sbtest5  (cost=0.43..8.45 rows=1 width=121)
	  Index Cond: (id = 7673065)

table 6 : explain SELECT c FROM sbtest6 WHERE id=3053446
	Index Scan using sbtest6_pkey on sbtest6  (cost=0.43..8.45 rows=1 width=121)
	  Index Cond: (id = 3053446)

table 7 : explain SELECT c FROM sbtest7 WHERE id=4289484
	Index Scan using sbtest7_pkey on sbtest7  (cost=0.43..8.45 rows=1 width=121)
	  Index Cond: (id = 4289484)

table 8 : explain SELECT c FROM sbtest8 WHERE id=9186832
	Index Scan using sbtest8_pkey on sbtest8  (cost=0.43..8.45 rows=1 width=121)
	  Index Cond: (id = 9186832)

for: order_ranges
table 1 : explain SELECT c FROM sbtest1 WHERE id BETWEEN 2347439 AND 2347538 ORDER BY c
	Sort  (cost=409.47..409.72 rows=102 width=121)
	  Sort Key: c
	  ->  Index Scan using sbtest1_pkey on sbtest1  (cost=0.43..406.06 rows=102 width=121)
	        Index Cond: ((id >= 2347439) AND (id <= 2347538))

table 2 : explain SELECT c FROM sbtest2 WHERE id BETWEEN 6622497 AND 6622596 ORDER BY c
	Sort  (cost=426.25..426.51 rows=106 width=121)
	  Sort Key: c
	  ->  Index Scan using sbtest2_pkey on sbtest2  (cost=0.43..422.68 rows=106 width=121)
	        Index Cond: ((id >= 6622497) AND (id <= 6622596))

table 3 : explain SELECT c FROM sbtest3 WHERE id BETWEEN 120901 AND 121000 ORDER BY c
	Sort  (cost=416.91..417.17 rows=104 width=121)
	  Sort Key: c
	  ->  Index Scan using sbtest3_pkey on sbtest3  (cost=0.43..413.42 rows=104 width=121)
	        Index Cond: ((id >= 120901) AND (id <= 121000))

table 4 : explain SELECT c FROM sbtest4 WHERE id BETWEEN 6243686 AND 6243785 ORDER BY c
	Sort  (cost=380.86..381.10 rows=95 width=121)
	  Sort Key: c
	  ->  Index Scan using sbtest4_pkey on sbtest4  (cost=0.43..377.74 rows=95 width=121)
	        Index Cond: ((id >= 6243686) AND (id <= 6243785))

table 5 : explain SELECT c FROM sbtest5 WHERE id BETWEEN 366458 AND 366557 ORDER BY c
	Sort  (cost=380.37..380.61 rows=95 width=121)
	  Sort Key: c
	  ->  Index Scan using sbtest5_pkey on sbtest5  (cost=0.43..377.25 rows=95 width=121)
	        Index Cond: ((id >= 366458) AND (id <= 366557))

table 6 : explain SELECT c FROM sbtest6 WHERE id BETWEEN 54366 AND 54465 ORDER BY c
	Sort  (cost=405.08..405.33 rows=101 width=121)
	  Sort Key: c
	  ->  Index Scan using sbtest6_pkey on sbtest6  (cost=0.43..401.71 rows=101 width=121)
	        Index Cond: ((id >= 54366) AND (id <= 54465))

table 7 : explain SELECT c FROM sbtest7 WHERE id BETWEEN 7915800 AND 7915899 ORDER BY c
	Sort  (cost=405.01..405.26 rows=101 width=121)
	  Sort Key: c
	  ->  Index Scan using sbtest7_pkey on sbtest7  (cost=0.43..401.65 rows=101 width=121)
	        Index Cond: ((id >= 7915800) AND (id <= 7915899))

table 8 : explain SELECT c FROM sbtest8 WHERE id BETWEEN 1321910 AND 1322009 ORDER BY c
	Sort  (cost=421.13..421.39 rows=105 width=121)
	  Sort Key: c
	  ->  Index Scan using sbtest8_pkey on sbtest8  (cost=0.43..417.60 rows=105 width=121)
	        Index Cond: ((id >= 1321910) AND (id <= 1322009))

for: order_ranges
table 1 : explain SELECT c FROM sbtest1 WHERE id BETWEEN 7449478 AND 7449577 ORDER BY c
	Sort  (cost=401.51..401.76 rows=100 width=121)
	  Sort Key: c
	  ->  Index Scan using sbtest1_pkey on sbtest1  (cost=0.43..398.19 rows=100 width=121)
	        Index Cond: ((id >= 7449478) AND (id <= 7449577))

table 2 : explain SELECT c FROM sbtest2 WHERE id BETWEEN 8794111 AND 8794210 ORDER BY c
	Sort  (cost=410.31..410.56 rows=102 width=121)
	  Sort Key: c
	  ->  Index Scan using sbtest2_pkey on sbtest2  (cost=0.43..406.91 rows=102 width=121)
	        Index Cond: ((id >= 8794111) AND (id <= 8794210))

table 3 : explain SELECT c FROM sbtest3 WHERE id BETWEEN 2615202 AND 2615301 ORDER BY c
	Sort  (cost=401.02..401.27 rows=100 width=121)
	  Sort Key: c
	  ->  Index Scan using sbtest3_pkey on sbtest3  (cost=0.43..397.70 rows=100 width=121)
	        Index Cond: ((id >= 2615202) AND (id <= 2615301))

table 4 : explain SELECT c FROM sbtest4 WHERE id BETWEEN 428980 AND 429079 ORDER BY c
	Sort  (cost=448.33..448.61 rows=112 width=121)
	  Sort Key: c
	  ->  Index Scan using sbtest4_pkey on sbtest4  (cost=0.43..444.51 rows=112 width=121)
	        Index Cond: ((id >= 428980) AND (id <= 429079))

table 5 : explain SELECT c FROM sbtest5 WHERE id BETWEEN 8821360 AND 8821459 ORDER BY c
	Sort  (cost=408.14..408.39 rows=102 width=121)
	  Sort Key: c
	  ->  Index Scan using sbtest5_pkey on sbtest5  (cost=0.43..404.74 rows=102 width=121)
	        Index Cond: ((id >= 8821360) AND (id <= 8821459))

table 6 : explain SELECT c FROM sbtest6 WHERE id BETWEEN 195835 AND 195934 ORDER BY c
	Sort  (cost=361.36..361.59 rows=90 width=121)
	  Sort Key: c
	  ->  Index Scan using sbtest6_pkey on sbtest6  (cost=0.43..358.44 rows=90 width=121)
	        Index Cond: ((id >= 195835) AND (id <= 195934))

table 7 : explain SELECT c FROM sbtest7 WHERE id BETWEEN 2016189 AND 2016288 ORDER BY c
	Sort  (cost=420.90..421.16 rows=105 width=121)
	  Sort Key: c
	  ->  Index Scan using sbtest7_pkey on sbtest7  (cost=0.43..417.37 rows=105 width=121)
	        Index Cond: ((id >= 2016189) AND (id <= 2016288))

table 8 : explain SELECT c FROM sbtest8 WHERE id BETWEEN 6870039 AND 6870138 ORDER BY c
	Sort  (cost=381.37..381.60 rows=95 width=121)
	  Sort Key: c
	  ->  Index Scan using sbtest8_pkey on sbtest8  (cost=0.43..378.25 rows=95 width=121)
	        Index Cond: ((id >= 6870039) AND (id <= 6870138))

for: distinct_ranges
table 1 : explain SELECT DISTINCT c FROM sbtest1 WHERE id BETWEEN 8978130 AND 8978229 ORDER BY c
	Unique  (cost=397.54..398.03 rows=99 width=121)
	  ->  Sort  (cost=397.54..397.79 rows=99 width=121)
	        Sort Key: c
	        ->  Index Scan using sbtest1_pkey on sbtest1  (cost=0.43..394.26 rows=99 width=121)
	              Index Cond: ((id >= 8978130) AND (id <= 8978229))

table 2 : explain SELECT DISTINCT c FROM sbtest2 WHERE id BETWEEN 5833186 AND 5833285 ORDER BY c
	Unique  (cost=362.47..362.92 rows=90 width=121)
	  ->  Sort  (cost=362.47..362.70 rows=90 width=121)
	        Sort Key: c
	        ->  Index Scan using sbtest2_pkey on sbtest2  (cost=0.43..359.55 rows=90 width=121)
	              Index Cond: ((id >= 5833186) AND (id <= 5833285))

table 3 : explain SELECT DISTINCT c FROM sbtest3 WHERE id BETWEEN 5702383 AND 5702482 ORDER BY c
	Unique  (cost=408.96..409.47 rows=102 width=121)
	  ->  Sort  (cost=408.96..409.22 rows=102 width=121)
	        Sort Key: c
	        ->  Index Scan using sbtest3_pkey on sbtest3  (cost=0.43..405.56 rows=102 width=121)
	              Index Cond: ((id >= 5702383) AND (id <= 5702482))

table 4 : explain SELECT DISTINCT c FROM sbtest4 WHERE id BETWEEN 7050668 AND 7050767 ORDER BY c
	Unique  (cost=357.03..357.48 rows=89 width=121)
	  ->  Sort  (cost=357.03..357.26 rows=89 width=121)
	        Sort Key: c
	        ->  Index Scan using sbtest4_pkey on sbtest4  (cost=0.43..354.15 rows=89 width=121)
	              Index Cond: ((id >= 7050668) AND (id <= 7050767))

table 5 : explain SELECT DISTINCT c FROM sbtest5 WHERE id BETWEEN 5077287 AND 5077386 ORDER BY c
	Unique  (cost=400.21..400.71 rows=100 width=121)
	  ->  Sort  (cost=400.21..400.46 rows=100 width=121)
	        Sort Key: c
	        ->  Index Scan using sbtest5_pkey on sbtest5  (cost=0.43..396.89 rows=100 width=121)
	              Index Cond: ((id >= 5077287) AND (id <= 5077386))

table 6 : explain SELECT DISTINCT c FROM sbtest6 WHERE id BETWEEN 1252597 AND 1252696 ORDER BY c
	Unique  (cost=420.97..421.49 rows=105 width=121)
	  ->  Sort  (cost=420.97..421.23 rows=105 width=121)
	        Sort Key: c
	        ->  Index Scan using sbtest6_pkey on sbtest6  (cost=0.43..417.44 rows=105 width=121)
	              Index Cond: ((id >= 1252597) AND (id <= 1252696))

table 7 : explain SELECT DISTINCT c FROM sbtest7 WHERE id BETWEEN 2010158 AND 2010257 ORDER BY c
	Unique  (cost=420.90..421.42 rows=105 width=121)
	  ->  Sort  (cost=420.90..421.16 rows=105 width=121)
	        Sort Key: c
	        ->  Index Scan using sbtest7_pkey on sbtest7  (cost=0.43..417.37 rows=105 width=121)
	              Index Cond: ((id >= 2010158) AND (id <= 2010257))

table 8 : explain SELECT DISTINCT c FROM sbtest8 WHERE id BETWEEN 1358976 AND 1359075 ORDER BY c
	Unique  (cost=421.13..421.65 rows=105 width=121)
	  ->  Sort  (cost=421.13..421.39 rows=105 width=121)
	        Sort Key: c
	        ->  Index Scan using sbtest8_pkey on sbtest8  (cost=0.43..417.60 rows=105 width=121)
	              Index Cond: ((id >= 1358976) AND (id <= 1359075))

for: simple_ranges
table 1 : explain SELECT c FROM sbtest1 WHERE id BETWEEN 464750 AND 464849
	Index Scan using sbtest1_pkey on sbtest1  (cost=0.43..398.19 rows=100 width=121)
	  Index Cond: ((id >= 464750) AND (id <= 464849))

table 2 : explain SELECT c FROM sbtest2 WHERE id BETWEEN 5692353 AND 5692452
	Index Scan using sbtest2_pkey on sbtest2  (cost=0.43..375.33 rows=94 width=121)
	  Index Cond: ((id >= 5692353) AND (id <= 5692452))

table 3 : explain SELECT c FROM sbtest3 WHERE id BETWEEN 7488036 AND 7488135
	Index Scan using sbtest3_pkey on sbtest3  (cost=0.43..378.04 rows=95 width=121)
	  Index Cond: ((id >= 7488036) AND (id <= 7488135))

table 4 : explain SELECT c FROM sbtest4 WHERE id BETWEEN 1760210 AND 1760309
	Index Scan using sbtest4_pkey on sbtest4  (cost=0.43..424.88 rows=107 width=121)
	  Index Cond: ((id >= 1760210) AND (id <= 1760309))

table 5 : explain SELECT c FROM sbtest5 WHERE id BETWEEN 8667226 AND 8667325
	Index Scan using sbtest5_pkey on sbtest5  (cost=0.43..412.58 rows=104 width=121)
	  Index Cond: ((id >= 8667226) AND (id <= 8667325))

table 6 : explain SELECT c FROM sbtest6 WHERE id BETWEEN 3621996 AND 3622095
	Index Scan using sbtest6_pkey on sbtest6  (cost=0.43..409.58 rows=103 width=121)
	  Index Cond: ((id >= 3621996) AND (id <= 3622095))

table 7 : explain SELECT c FROM sbtest7 WHERE id BETWEEN 9811886 AND 9811985
	Index Scan using sbtest7_pkey on sbtest7  (cost=0.43..381.99 rows=96 width=121)
	  Index Cond: ((id >= 9811886) AND (id <= 9811985))

table 8 : explain SELECT c FROM sbtest8 WHERE id BETWEEN 2932248 AND 2932347
	Index Scan using sbtest8_pkey on sbtest8  (cost=0.43..425.47 rows=107 width=121)
	  Index Cond: ((id >= 2932248) AND (id <= 2932347))

for: sum_ranges
table 1 : explain SELECT SUM(k) FROM sbtest1 WHERE id BETWEEN 9032281 AND 9032380
	Aggregate  (cost=445.71..445.72 rows=1 width=8)
	  ->  Index Scan using sbtest1_pkey on sbtest1  (cost=0.43..445.43 rows=112 width=4)
	        Index Cond: ((id >= 9032281) AND (id <= 9032380))

table 2 : explain SELECT SUM(k) FROM sbtest2 WHERE id BETWEEN 4593189 AND 4593288
	Aggregate  (cost=367.67..367.68 rows=1 width=8)
	  ->  Index Scan using sbtest2_pkey on sbtest2  (cost=0.43..367.44 rows=92 width=4)
	        Index Cond: ((id >= 4593189) AND (id <= 4593288))

table 3 : explain SELECT SUM(k) FROM sbtest3 WHERE id BETWEEN 8719548 AND 8719647
	Aggregate  (cost=390.08..390.09 rows=1 width=8)
	  ->  Index Scan using sbtest3_pkey on sbtest3  (cost=0.43..389.84 rows=98 width=4)
	        Index Cond: ((id >= 8719548) AND (id <= 8719647))

table 4 : explain SELECT SUM(k) FROM sbtest4 WHERE id BETWEEN 1468037 AND 1468136
	Aggregate  (cost=381.91..381.92 rows=1 width=8)
	  ->  Index Scan using sbtest4_pkey on sbtest4  (cost=0.43..381.67 rows=96 width=4)
	        Index Cond: ((id >= 1468037) AND (id <= 1468136))

table 5 : explain SELECT SUM(k) FROM sbtest5 WHERE id BETWEEN 1702810 AND 1702909
	Aggregate  (cost=361.79..361.80 rows=1 width=8)
	  ->  Index Scan using sbtest5_pkey on sbtest5  (cost=0.43..361.56 rows=91 width=4)
	        Index Cond: ((id >= 1702810) AND (id <= 1702909))

table 6 : explain SELECT SUM(k) FROM sbtest6 WHERE id BETWEEN 3571949 AND 3572048
	Aggregate  (cost=386.23..386.24 rows=1 width=8)
	  ->  Index Scan using sbtest6_pkey on sbtest6  (cost=0.43..385.99 rows=97 width=4)
	        Index Cond: ((id >= 3571949) AND (id <= 3572048))

table 7 : explain SELECT SUM(k) FROM sbtest7 WHERE id BETWEEN 7803122 AND 7803221
	Aggregate  (cost=425.50..425.51 rows=1 width=8)
	  ->  Index Scan using sbtest7_pkey on sbtest7  (cost=0.43..425.24 rows=107 width=4)
	        Index Cond: ((id >= 7803122) AND (id <= 7803221))

table 8 : explain SELECT SUM(k) FROM sbtest8 WHERE id BETWEEN 4242929 AND 4243028
	Aggregate  (cost=347.00..347.01 rows=1 width=8)
	  ->  Index Scan using sbtest8_pkey on sbtest8  (cost=0.43..346.78 rows=87 width=4)
	        Index Cond: ((id >= 4242929) AND (id <= 4243028))

for point_selects
table 1 : explain SELECT c FROM sbtest1 WHERE id=8330803
	Index Scan using sbtest1_pkey on sbtest1  (cost=0.43..8.45 rows=1 width=121)
	  Index Cond: (id = 8330803)

table 2 : explain SELECT c FROM sbtest2 WHERE id=1886417
	Index Scan using sbtest2_pkey on sbtest2  (cost=0.43..8.45 rows=1 width=121)
	  Index Cond: (id = 1886417)

table 3 : explain SELECT c FROM sbtest3 WHERE id=3300057
	Index Scan using sbtest3_pkey on sbtest3  (cost=0.43..8.45 rows=1 width=121)
	  Index Cond: (id = 3300057)

table 4 : explain SELECT c FROM sbtest4 WHERE id=4039350
	Index Scan using sbtest4_pkey on sbtest4  (cost=0.43..8.45 rows=1 width=121)
	  Index Cond: (id = 4039350)

table 5 : explain SELECT c FROM sbtest5 WHERE id=6821700
	Index Scan using sbtest5_pkey on sbtest5  (cost=0.43..8.45 rows=1 width=121)
	  Index Cond: (id = 6821700)

table 6 : explain SELECT c FROM sbtest6 WHERE id=1811149
	Index Scan using sbtest6_pkey on sbtest6  (cost=0.43..8.45 rows=1 width=121)
	  Index Cond: (id = 1811149)

table 7 : explain SELECT c FROM sbtest7 WHERE id=820864
	Index Scan using sbtest7_pkey on sbtest7  (cost=0.43..8.45 rows=1 width=121)
	  Index Cond: (id = 820864)

table 8 : explain SELECT c FROM sbtest8 WHERE id=6569253
	Index Scan using sbtest8_pkey on sbtest8  (cost=0.43..8.45 rows=1 width=121)
	  Index Cond: (id = 6569253)

for: distinct_ranges
table 1 : explain SELECT DISTINCT c FROM sbtest1 WHERE id BETWEEN 6045765 AND 6045864 ORDER BY c
	Unique  (cost=413.44..413.96 rows=103 width=121)
	  ->  Sort  (cost=413.44..413.70 rows=103 width=121)
	        Sort Key: c
	        ->  Index Scan using sbtest1_pkey on sbtest1  (cost=0.43..410.00 rows=103 width=121)
	              Index Cond: ((id >= 6045765) AND (id <= 6045864))

table 2 : explain SELECT DISTINCT c FROM sbtest2 WHERE id BETWEEN 739836 AND 739935 ORDER BY c
	Unique  (cost=406.32..406.83 rows=101 width=121)
	  ->  Sort  (cost=406.32..406.58 rows=101 width=121)
	        Sort Key: c
	        ->  Index Scan using sbtest2_pkey on sbtest2  (cost=0.43..402.96 rows=101 width=121)
	              Index Cond: ((id >= 739836) AND (id <= 739935))

table 3 : explain SELECT DISTINCT c FROM sbtest3 WHERE id BETWEEN 5515701 AND 5515800 ORDER BY c
	Unique  (cost=420.88..421.40 rows=105 width=121)
	  ->  Sort  (cost=420.88..421.14 rows=105 width=121)
	        Sort Key: c
	        ->  Index Scan using sbtest3_pkey on sbtest3  (cost=0.43..417.35 rows=105 width=121)
	              Index Cond: ((id >= 5515701) AND (id <= 5515800))

table 4 : explain SELECT DISTINCT c FROM sbtest4 WHERE id BETWEEN 8987939 AND 8988038 ORDER BY c
	Unique  (cost=384.83..385.31 rows=96 width=121)
	  ->  Sort  (cost=384.83..385.07 rows=96 width=121)
	        Sort Key: c
	        ->  Index Scan using sbtest4_pkey on sbtest4  (cost=0.43..381.67 rows=96 width=121)
	              Index Cond: ((id >= 8987939) AND (id <= 8988038))

table 5 : explain SELECT DISTINCT c FROM sbtest5 WHERE id BETWEEN 2444681 AND 2444780 ORDER BY c
	Unique  (cost=380.37..380.85 rows=95 width=121)
	  ->  Sort  (cost=380.37..380.61 rows=95 width=121)
	        Sort Key: c
	        ->  Index Scan using sbtest5_pkey on sbtest5  (cost=0.43..377.25 rows=95 width=121)
	              Index Cond: ((id >= 2444681) AND (id <= 2444780))

table 6 : explain SELECT DISTINCT c FROM sbtest6 WHERE id BETWEEN 6899005 AND 6899104 ORDER BY c
	Unique  (cost=361.36..361.81 rows=90 width=121)
	  ->  Sort  (cost=361.36..361.59 rows=90 width=121)
	        Sort Key: c
	        ->  Index Scan using sbtest6_pkey on sbtest6  (cost=0.43..358.44 rows=90 width=121)
	              Index Cond: ((id >= 6899005) AND (id <= 6899104))

table 7 : explain SELECT DISTINCT c FROM sbtest7 WHERE id BETWEEN 8838223 AND 8838322 ORDER BY c
	Unique  (cost=393.10..393.59 rows=98 width=121)
	  ->  Sort  (cost=393.10..393.34 rows=98 width=121)
	        Sort Key: c
	        ->  Index Scan using sbtest7_pkey on sbtest7  (cost=0.43..389.86 rows=98 width=121)
	              Index Cond: ((id >= 8838223) AND (id <= 8838322))

table 8 : explain SELECT DISTINCT c FROM sbtest8 WHERE id BETWEEN 1832888 AND 1832987 ORDER BY c
	Unique  (cost=353.55..353.99 rows=88 width=121)
	  ->  Sort  (cost=353.55..353.77 rows=88 width=121)
	        Sort Key: c
	        ->  Index Scan using sbtest8_pkey on sbtest8  (cost=0.43..350.71 rows=88 width=121)
	              Index Cond: ((id >= 1832888) AND (id <= 1832987))

for: simple_ranges
table 1 : explain SELECT c FROM sbtest1 WHERE id BETWEEN 7355379 AND 7355478
	Index Scan using sbtest1_pkey on sbtest1  (cost=0.43..386.38 rows=97 width=121)
	  Index Cond: ((id >= 7355379) AND (id <= 7355478))

table 2 : explain SELECT c FROM sbtest2 WHERE id BETWEEN 4857874 AND 4857973
	Index Scan using sbtest2_pkey on sbtest2  (cost=0.43..422.68 rows=106 width=121)
	  Index Cond: ((id >= 4857874) AND (id <= 4857973))

table 3 : explain SELECT c FROM sbtest3 WHERE id BETWEEN 8025113 AND 8025212
	Index Scan using sbtest3_pkey on sbtest3  (cost=0.43..405.56 rows=102 width=121)
	  Index Cond: ((id >= 8025113) AND (id <= 8025212))

table 4 : explain SELECT c FROM sbtest4 WHERE id BETWEEN 5817629 AND 5817728
	Index Scan using sbtest4_pkey on sbtest4  (cost=0.43..413.09 rows=104 width=121)
	  Index Cond: ((id >= 5817629) AND (id <= 5817728))

table 5 : explain SELECT c FROM sbtest5 WHERE id BETWEEN 6139284 AND 6139383
	Index Scan using sbtest5_pkey on sbtest5  (cost=0.43..385.12 rows=97 width=121)
	  Index Cond: ((id >= 6139284) AND (id <= 6139383))

table 6 : explain SELECT c FROM sbtest6 WHERE id BETWEEN 2849218 AND 2849317
	Index Scan using sbtest6_pkey on sbtest6  (cost=0.43..385.99 rows=97 width=121)
	  Index Cond: ((id >= 2849218) AND (id <= 2849317))

table 7 : explain SELECT c FROM sbtest7 WHERE id BETWEEN 3806424 AND 3806523
	Index Scan using sbtest7_pkey on sbtest7  (cost=0.43..425.24 rows=107 width=121)
	  Index Cond: ((id >= 3806424) AND (id <= 3806523))

table 8 : explain SELECT c FROM sbtest8 WHERE id BETWEEN 808534 AND 808633
	Index Scan using sbtest8_pkey on sbtest8  (cost=0.43..374.31 rows=94 width=121)
	  Index Cond: ((id >= 808534) AND (id <= 808633))

explain: for point_selects :: explain SELECT c FROM sbtest%u WHERE id=%u
for: order_ranges
table 1 : explain SELECT c FROM sbtest1 WHERE id BETWEEN 7252147 AND 7252246 ORDER BY c
	Sort  (cost=409.47..409.72 rows=102 width=121)
	  Sort Key: c
	  ->  Index Scan using sbtest1_pkey on sbtest1  (cost=0.43..406.06 rows=102 width=121)
	        Index Cond: ((id >= 7252147) AND (id <= 7252246))

table 2 : explain SELECT c FROM sbtest2 WHERE id BETWEEN 7622018 AND 7622117 ORDER BY c
	Sort  (cost=410.31..410.56 rows=102 width=121)
	  Sort Key: c
	  ->  Index Scan using sbtest2_pkey on sbtest2  (cost=0.43..406.91 rows=102 width=121)
	        Index Cond: ((id >= 7622018) AND (id <= 7622117))

table 3 : explain SELECT c FROM sbtest3 WHERE id BETWEEN 6325391 AND 6325490 ORDER BY c
	Sort  (cost=389.11..389.35 rows=97 width=121)
	  Sort Key: c
	  ->  Index Scan using sbtest3_pkey on sbtest3  (cost=0.43..385.91 rows=97 width=121)
	        Index Cond: ((id >= 6325391) AND (id <= 6325490))

table 4 : explain SELECT c FROM sbtest4 WHERE id BETWEEN 7607210 AND 7607309 ORDER BY c
	Sort  (cost=424.51..424.78 rows=106 width=121)
	  Sort Key: c
	  ->  Index Scan using sbtest4_pkey on sbtest4  (cost=0.43..420.95 rows=106 width=121)
	        Index Cond: ((id >= 7607210) AND (id <= 7607309))

table 5 : explain SELECT c FROM sbtest5 WHERE id BETWEEN 6818068 AND 6818167 ORDER BY c
	Sort  (cost=388.32..388.57 rows=97 width=121)
	  Sort Key: c
	  ->  Index Scan using sbtest5_pkey on sbtest5  (cost=0.43..385.12 rows=97 width=121)
	        Index Cond: ((id >= 6818068) AND (id <= 6818167))

table 6 : explain SELECT c FROM sbtest6 WHERE id BETWEEN 3934309 AND 3934408 ORDER BY c
	Sort  (cost=401.10..401.35 rows=100 width=121)
	  Sort Key: c
	  ->  Index Scan using sbtest6_pkey on sbtest6  (cost=0.43..397.78 rows=100 width=121)
	        Index Cond: ((id >= 3934309) AND (id <= 3934408))

table 7 : explain SELECT c FROM sbtest7 WHERE id BETWEEN 4913778 AND 4913877 ORDER BY c
	Sort  (cost=436.79..437.06 rows=109 width=121)
	  Sort Key: c
	  ->  Index Scan using sbtest7_pkey on sbtest7  (cost=0.43..433.10 rows=109 width=121)
	        Index Cond: ((id >= 4913778) AND (id <= 4913877))

table 8 : explain SELECT c FROM sbtest8 WHERE id BETWEEN 4512662 AND 4512761 ORDER BY c
	Sort  (cost=389.31..389.56 rows=97 width=121)
	  Sort Key: c
	  ->  Index Scan using sbtest8_pkey on sbtest8  (cost=0.43..386.11 rows=97 width=121)
	        Index Cond: ((id >= 4512662) AND (id <= 4512761))

for: distinct_ranges
table 1 : explain SELECT DISTINCT c FROM sbtest1 WHERE id BETWEEN 1944213 AND 1944312 ORDER BY c
	Unique  (cost=405.49..406.00 rows=101 width=121)
	  ->  Sort  (cost=405.49..405.74 rows=101 width=121)
	        Sort Key: c
	        ->  Index Scan using sbtest1_pkey on sbtest1  (cost=0.43..402.13 rows=101 width=121)
	              Index Cond: ((id >= 1944213) AND (id <= 1944312))

table 2 : explain SELECT DISTINCT c FROM sbtest2 WHERE id BETWEEN 740365 AND 740464 ORDER BY c
	Unique  (cost=406.32..406.83 rows=101 width=121)
	  ->  Sort  (cost=406.32..406.58 rows=101 width=121)
	        Sort Key: c
	        ->  Index Scan using sbtest2_pkey on sbtest2  (cost=0.43..402.96 rows=101 width=121)
	              Index Cond: ((id >= 740365) AND (id <= 740464))

table 3 : explain SELECT DISTINCT c FROM sbtest3 WHERE id BETWEEN 5558415 AND 5558514 ORDER BY c
	Unique  (cost=420.88..421.40 rows=105 width=121)
	  ->  Sort  (cost=420.88..421.14 rows=105 width=121)
	        Sort Key: c
	        ->  Index Scan using sbtest3_pkey on sbtest3  (cost=0.43..417.35 rows=105 width=121)
	              Index Cond: ((id >= 5558415) AND (id <= 5558514))

table 4 : explain SELECT DISTINCT c FROM sbtest4 WHERE id BETWEEN 7424593 AND 7424692 ORDER BY c
	Unique  (cost=380.86..381.34 rows=95 width=121)
	  ->  Sort  (cost=380.86..381.10 rows=95 width=121)
	        Sort Key: c
	        ->  Index Scan using sbtest4_pkey on sbtest4  (cost=0.43..377.74 rows=95 width=121)
	              Index Cond: ((id >= 7424593) AND (id <= 7424692))

table 5 : explain SELECT DISTINCT c FROM sbtest5 WHERE id BETWEEN 3051929 AND 3052028 ORDER BY c
	Unique  (cost=408.14..408.65 rows=102 width=121)
	  ->  Sort  (cost=408.14..408.39 rows=102 width=121)
	        Sort Key: c
	        ->  Index Scan using sbtest5_pkey on sbtest5  (cost=0.43..404.74 rows=102 width=121)
	              Index Cond: ((id >= 3051929) AND (id <= 3052028))

table 6 : explain SELECT DISTINCT c FROM sbtest6 WHERE id BETWEEN 3517429 AND 3517528 ORDER BY c
	Unique  (cost=389.19..389.67 rows=97 width=121)
	  ->  Sort  (cost=389.19..389.43 rows=97 width=121)
	        Sort Key: c
	        ->  Index Scan using sbtest6_pkey on sbtest6  (cost=0.43..385.99 rows=97 width=121)
	              Index Cond: ((id >= 3517429) AND (id <= 3517528))

table 7 : explain SELECT DISTINCT c FROM sbtest7 WHERE id BETWEEN 2017842 AND 2017941 ORDER BY c
	Unique  (cost=420.90..421.42 rows=105 width=121)
	  ->  Sort  (cost=420.90..421.16 rows=105 width=121)
	        Sort Key: c
	        ->  Index Scan using sbtest7_pkey on sbtest7  (cost=0.43..417.37 rows=105 width=121)
	              Index Cond: ((id >= 2017842) AND (id <= 2017941))

table 8 : explain SELECT DISTINCT c FROM sbtest8 WHERE id BETWEEN 2915752 AND 2915851 ORDER BY c
	Unique  (cost=433.05..433.59 rows=108 width=121)
	  ->  Sort  (cost=433.05..433.32 rows=108 width=121)
	        Sort Key: c
	        ->  Index Scan using sbtest8_pkey on sbtest8  (cost=0.43..429.40 rows=108 width=121)
	              Index Cond: ((id >= 2915752) AND (id <= 2915851))

for: order_ranges
table 1 : explain SELECT c FROM sbtest1 WHERE id BETWEEN 4699032 AND 4699131 ORDER BY c
	Sort  (cost=397.54..397.79 rows=99 width=121)
	  Sort Key: c
	  ->  Index Scan using sbtest1_pkey on sbtest1  (cost=0.43..394.26 rows=99 width=121)
	        Index Cond: ((id >= 4699032) AND (id <= 4699131))

table 2 : explain SELECT c FROM sbtest2 WHERE id BETWEEN 7163814 AND 7163913 ORDER BY c
	Sort  (cost=414.29..414.55 rows=103 width=121)
	  Sort Key: c
	  ->  Index Scan using sbtest2_pkey on sbtest2  (cost=0.43..410.85 rows=103 width=121)
	        Index Cond: ((id >= 7163814) AND (id <= 7163913))

table 3 : explain SELECT c FROM sbtest3 WHERE id BETWEEN 4163166 AND 4163265 ORDER BY c
	Sort  (cost=416.91..417.17 rows=104 width=121)
	  Sort Key: c
	  ->  Index Scan using sbtest3_pkey on sbtest3  (cost=0.43..413.42 rows=104 width=121)
	        Index Cond: ((id >= 4163166) AND (id <= 4163265))

table 4 : explain SELECT c FROM sbtest4 WHERE id BETWEEN 5223527 AND 5223626 ORDER BY c
	Sort  (cost=408.64..408.89 rows=102 width=121)
	  Sort Key: c
	  ->  Index Scan using sbtest4_pkey on sbtest4  (cost=0.43..405.24 rows=102 width=121)
	        Index Cond: ((id >= 5223527) AND (id <= 5223626))

table 5 : explain SELECT c FROM sbtest5 WHERE id BETWEEN 9784771 AND 9784870 ORDER BY c
	Sort  (cost=396.25..396.50 rows=99 width=121)
	  Sort Key: c
	  ->  Index Scan using sbtest5_pkey on sbtest5  (cost=0.43..392.97 rows=99 width=121)
	        Index Cond: ((id >= 9784771) AND (id <= 9784870))

table 6 : explain SELECT c FROM sbtest6 WHERE id BETWEEN 8352934 AND 8353033 ORDER BY c
	Sort  (cost=345.48..345.69 rows=86 width=121)
	  Sort Key: c
	  ->  Index Scan using sbtest6_pkey on sbtest6  (cost=0.43..342.71 rows=86 width=121)
	        Index Cond: ((id >= 8352934) AND (id <= 8353033))

table 7 : explain SELECT c FROM sbtest7 WHERE id BETWEEN 4304854 AND 4304953 ORDER BY c
	Sort  (cost=369.27..369.50 rows=92 width=121)
	  Sort Key: c
	  ->  Index Scan using sbtest7_pkey on sbtest7  (cost=0.43..366.27 rows=92 width=121)
	        Index Cond: ((id >= 4304854) AND (id <= 4304953))

table 8 : explain SELECT c FROM sbtest8 WHERE id BETWEEN 2769691 AND 2769790 ORDER BY c
	Sort  (cost=429.08..429.34 rows=107 width=121)
	  Sort Key: c
	  ->  Index Scan using sbtest8_pkey on sbtest8  (cost=0.43..425.47 rows=107 width=121)
	        Index Cond: ((id >= 2769691) AND (id <= 2769790))

for: sum_ranges
table 1 : explain SELECT SUM(k) FROM sbtest1 WHERE id BETWEEN 8571346 AND 8571445
	Aggregate  (cost=362.97..362.98 rows=1 width=8)
	  ->  Index Scan using sbtest1_pkey on sbtest1  (cost=0.43..362.75 rows=91 width=4)
	        Index Cond: ((id >= 8571346) AND (id <= 8571445))

table 2 : explain SELECT SUM(k) FROM sbtest2 WHERE id BETWEEN 4229239 AND 4229338
	Aggregate  (cost=403.21..403.22 rows=1 width=8)
	  ->  Index Scan using sbtest2_pkey on sbtest2  (cost=0.43..402.96 rows=101 width=4)
	        Index Cond: ((id >= 4229239) AND (id <= 4229338))

table 3 : explain SELECT SUM(k) FROM sbtest3 WHERE id BETWEEN 350567 AND 350666
	Aggregate  (cost=378.28..378.29 rows=1 width=8)
	  ->  Index Scan using sbtest3_pkey on sbtest3  (cost=0.43..378.04 rows=95 width=4)
	        Index Cond: ((id >= 350567) AND (id <= 350666))

table 4 : explain SELECT SUM(k) FROM sbtest4 WHERE id BETWEEN 7865636 AND 7865735
	Aggregate  (cost=385.84..385.85 rows=1 width=8)
	  ->  Index Scan using sbtest4_pkey on sbtest4  (cost=0.43..385.60 rows=97 width=4)
	        Index Cond: ((id >= 7865636) AND (id <= 7865735))

table 5 : explain SELECT SUM(k) FROM sbtest5 WHERE id BETWEEN 721053 AND 721152
	Aggregate  (cost=456.02..456.03 rows=1 width=8)
	  ->  Index Scan using sbtest5_pkey on sbtest5  (cost=0.43..455.73 rows=115 width=4)
	        Index Cond: ((id >= 721053) AND (id <= 721152))

table 6 : explain SELECT SUM(k) FROM sbtest6 WHERE id BETWEEN 6725691 AND 6725790
	Aggregate  (cost=382.29..382.30 rows=1 width=8)
	  ->  Index Scan using sbtest6_pkey on sbtest6  (cost=0.43..382.05 rows=96 width=4)
	        Index Cond: ((id >= 6725691) AND (id <= 6725790))

table 7 : explain SELECT SUM(k) FROM sbtest7 WHERE id BETWEEN 5389274 AND 5389373
	Aggregate  (cost=370.43..370.44 rows=1 width=8)
	  ->  Index Scan using sbtest7_pkey on sbtest7  (cost=0.43..370.20 rows=93 width=4)
	        Index Cond: ((id >= 5389274) AND (id <= 5389373))

table 8 : explain SELECT SUM(k) FROM sbtest8 WHERE id BETWEEN 902173 AND 902272
	Aggregate  (cost=374.55..374.56 rows=1 width=8)
	  ->  Index Scan using sbtest8_pkey on sbtest8  (cost=0.43..374.31 rows=94 width=4)
	        Index Cond: ((id >= 902173) AND (id <= 902272))

for: distinct_ranges
table 1 : explain SELECT DISTINCT c FROM sbtest1 WHERE id BETWEEN 2536719 AND 2536818 ORDER BY c
	Unique  (cost=393.56..394.05 rows=98 width=121)
	  ->  Sort  (cost=393.56..393.81 rows=98 width=121)
	        Sort Key: c
	        ->  Index Scan using sbtest1_pkey on sbtest1  (cost=0.43..390.32 rows=98 width=121)
	              Index Cond: ((id >= 2536719) AND (id <= 2536818))

table 2 : explain SELECT DISTINCT c FROM sbtest2 WHERE id BETWEEN 7422556 AND 7422655 ORDER BY c
	Unique  (cost=366.46..366.91 rows=91 width=121)
	  ->  Sort  (cost=366.46..366.69 rows=91 width=121)
	        Sort Key: c
	        ->  Index Scan using sbtest2_pkey on sbtest2  (cost=0.43..363.50 rows=91 width=121)
	              Index Cond: ((id >= 7422556) AND (id <= 7422655))

table 3 : explain SELECT DISTINCT c FROM sbtest3 WHERE id BETWEEN 8925440 AND 8925539 ORDER BY c
	Unique  (cost=408.96..409.47 rows=102 width=121)
	  ->  Sort  (cost=408.96..409.22 rows=102 width=121)
	        Sort Key: c
	        ->  Index Scan using sbtest3_pkey on sbtest3  (cost=0.43..405.56 rows=102 width=121)
	              Index Cond: ((id >= 8925440) AND (id <= 8925539))

table 4 : explain SELECT DISTINCT c FROM sbtest4 WHERE id BETWEEN 4427073 AND 4427172 ORDER BY c
	Unique  (cost=376.89..377.36 rows=94 width=121)
	  ->  Sort  (cost=376.89..377.13 rows=94 width=121)
	        Sort Key: c
	        ->  Index Scan using sbtest4_pkey on sbtest4  (cost=0.43..373.81 rows=94 width=121)
	              Index Cond: ((id >= 4427073) AND (id <= 4427172))

table 5 : explain SELECT DISTINCT c FROM sbtest5 WHERE id BETWEEN 5182046 AND 5182145 ORDER BY c
	Unique  (cost=356.60..357.04 rows=89 width=121)
	  ->  Sort  (cost=356.60..356.82 rows=89 width=121)
	        Sort Key: c
	        ->  Index Scan using sbtest5_pkey on sbtest5  (cost=0.43..353.71 rows=89 width=121)
	              Index Cond: ((id >= 5182046) AND (id <= 5182145))

table 6 : explain SELECT DISTINCT c FROM sbtest6 WHERE id BETWEEN 3209287 AND 3209386 ORDER BY c
	Unique  (cost=381.24..381.72 rows=95 width=121)
	  ->  Sort  (cost=381.24..381.48 rows=95 width=121)
	        Sort Key: c
	        ->  Index Scan using sbtest6_pkey on sbtest6  (cost=0.43..378.12 rows=95 width=121)
	              Index Cond: ((id >= 3209287) AND (id <= 3209386))

table 7 : explain SELECT DISTINCT c FROM sbtest7 WHERE id BETWEEN 7573621 AND 7573720 ORDER BY c
	Unique  (cost=428.84..429.38 rows=107 width=121)
	  ->  Sort  (cost=428.84..429.11 rows=107 width=121)
	        Sort Key: c
	        ->  Index Scan using sbtest7_pkey on sbtest7  (cost=0.43..425.24 rows=107 width=121)
	              Index Cond: ((id >= 7573621) AND (id <= 7573720))

table 8 : explain SELECT DISTINCT c FROM sbtest8 WHERE id BETWEEN 959728 AND 959827 ORDER BY c
	Unique  (cost=413.18..413.69 rows=103 width=121)
	  ->  Sort  (cost=413.18..413.44 rows=103 width=121)
	        Sort Key: c
	        ->  Index Scan using sbtest8_pkey on sbtest8  (cost=0.43..409.74 rows=103 width=121)
	              Index Cond: ((id >= 959728) AND (id <= 959827))

explain: for point_selects :: explain SELECT c FROM sbtest%u WHERE id=%u
for: order_ranges
table 1 : explain SELECT c FROM sbtest1 WHERE id BETWEEN 7871820 AND 7871919 ORDER BY c
	Sort  (cost=417.42..417.68 rows=104 width=121)
	  Sort Key: c
	  ->  Index Scan using sbtest1_pkey on sbtest1  (cost=0.43..413.94 rows=104 width=121)
	        Index Cond: ((id >= 7871820) AND (id <= 7871919))

table 2 : explain SELECT c FROM sbtest2 WHERE id BETWEEN 1478063 AND 1478162 ORDER BY c
	Sort  (cost=382.40..382.63 rows=95 width=121)
	  Sort Key: c
	  ->  Index Scan using sbtest2_pkey on sbtest2  (cost=0.43..379.28 rows=95 width=121)
	        Index Cond: ((id >= 1478063) AND (id <= 1478162))

table 3 : explain SELECT c FROM sbtest3 WHERE id BETWEEN 6247437 AND 6247536 ORDER BY c
	Sort  (cost=369.25..369.48 rows=92 width=121)
	  Sort Key: c
	  ->  Index Scan using sbtest3_pkey on sbtest3  (cost=0.43..366.25 rows=92 width=121)
	        Index Cond: ((id >= 6247437) AND (id <= 6247536))

table 4 : explain SELECT c FROM sbtest4 WHERE id BETWEEN 4125152 AND 4125251 ORDER BY c
	Sort  (cost=420.54..420.81 rows=105 width=121)
	  Sort Key: c
	  ->  Index Scan using sbtest4_pkey on sbtest4  (cost=0.43..417.02 rows=105 width=121)
	        Index Cond: ((id >= 4125152) AND (id <= 4125251))

table 5 : explain SELECT c FROM sbtest5 WHERE id BETWEEN 4455443 AND 4455542 ORDER BY c
	Sort  (cost=388.32..388.57 rows=97 width=121)
	  Sort Key: c
	  ->  Index Scan using sbtest5_pkey on sbtest5  (cost=0.43..385.12 rows=97 width=121)
	        Index Cond: ((id >= 4455443) AND (id <= 4455542))

table 6 : explain SELECT c FROM sbtest6 WHERE id BETWEEN 5654389 AND 5654488 ORDER BY c
	Sort  (cost=381.24..381.48 rows=95 width=121)
	  Sort Key: c
	  ->  Index Scan using sbtest6_pkey on sbtest6  (cost=0.43..378.12 rows=95 width=121)
	        Index Cond: ((id >= 5654389) AND (id <= 5654488))

table 7 : explain SELECT c FROM sbtest7 WHERE id BETWEEN 4818665 AND 4818764 ORDER BY c
	Sort  (cost=456.65..456.94 rows=114 width=121)
	  Sort Key: c
	  ->  Index Scan using sbtest7_pkey on sbtest7  (cost=0.43..452.76 rows=114 width=121)
	        Index Cond: ((id >= 4818665) AND (id <= 4818764))

table 8 : explain SELECT c FROM sbtest8 WHERE id BETWEEN 8399432 AND 8399531 ORDER BY c
	Sort  (cost=381.37..381.60 rows=95 width=121)
	  Sort Key: c
	  ->  Index Scan using sbtest8_pkey on sbtest8  (cost=0.43..378.25 rows=95 width=121)
	        Index Cond: ((id >= 8399432) AND (id <= 8399531))

for: sum_ranges
table 1 : explain SELECT SUM(k) FROM sbtest1 WHERE id BETWEEN 5328722 AND 5328821
	Aggregate  (cost=406.32..406.33 rows=1 width=8)
	  ->  Index Scan using sbtest1_pkey on sbtest1  (cost=0.43..406.06 rows=102 width=4)
	        Index Cond: ((id >= 5328722) AND (id <= 5328821))

table 2 : explain SELECT SUM(k) FROM sbtest2 WHERE id BETWEEN 4070075 AND 4070174
	Aggregate  (cost=407.16..407.17 rows=1 width=8)
	  ->  Index Scan using sbtest2_pkey on sbtest2  (cost=0.43..406.91 rows=102 width=4)
	        Index Cond: ((id >= 4070075) AND (id <= 4070174))

table 3 : explain SELECT SUM(k) FROM sbtest3 WHERE id BETWEEN 5697349 AND 5697448
	Aggregate  (cost=405.82..405.83 rows=1 width=8)
	  ->  Index Scan using sbtest3_pkey on sbtest3  (cost=0.43..405.56 rows=102 width=4)
	        Index Cond: ((id >= 5697349) AND (id <= 5697448))

table 4 : explain SELECT SUM(k) FROM sbtest4 WHERE id BETWEEN 3127774 AND 3127873
	Aggregate  (cost=389.77..389.78 rows=1 width=8)
	  ->  Index Scan using sbtest4_pkey on sbtest4  (cost=0.43..389.52 rows=98 width=4)
	        Index Cond: ((id >= 3127774) AND (id <= 3127873))

table 5 : explain SELECT SUM(k) FROM sbtest5 WHERE id BETWEEN 7702682 AND 7702781
	Aggregate  (cost=444.24..444.25 rows=1 width=8)
	  ->  Index Scan using sbtest5_pkey on sbtest5  (cost=0.43..443.96 rows=112 width=4)
	        Index Cond: ((id >= 7702682) AND (id <= 7702781))

table 6 : explain SELECT SUM(k) FROM sbtest6 WHERE id BETWEEN 5506800 AND 5506899
	Aggregate  (cost=413.77..413.78 rows=1 width=8)
	  ->  Index Scan using sbtest6_pkey on sbtest6  (cost=0.43..413.51 rows=104 width=4)
	        Index Cond: ((id >= 5506800) AND (id <= 5506899))

table 7 : explain SELECT SUM(k) FROM sbtest7 WHERE id BETWEEN 1279273 AND 1279372
	Aggregate  (cost=386.17..386.18 rows=1 width=8)
	  ->  Index Scan using sbtest7_pkey on sbtest7  (cost=0.43..385.92 rows=97 width=4)
	        Index Cond: ((id >= 1279273) AND (id <= 1279372))

table 8 : explain SELECT SUM(k) FROM sbtest8 WHERE id BETWEEN 632847 AND 632946
	Aggregate  (cost=382.42..382.43 rows=1 width=8)
	  ->  Index Scan using sbtest8_pkey on sbtest8  (cost=0.43..382.18 rows=96 width=4)
	        Index Cond: ((id >= 632847) AND (id <= 632946))

for: distinct_ranges
table 1 : explain SELECT DISTINCT c FROM sbtest1 WHERE id BETWEEN 361456 AND 361555 ORDER BY c
	Unique  (cost=397.54..398.03 rows=99 width=121)
	  ->  Sort  (cost=397.54..397.79 rows=99 width=121)
	        Sort Key: c
	        ->  Index Scan using sbtest1_pkey on sbtest1  (cost=0.43..394.26 rows=99 width=121)
	              Index Cond: ((id >= 361456) AND (id <= 361555))

table 2 : explain SELECT DISTINCT c FROM sbtest2 WHERE id BETWEEN 4167107 AND 4167206 ORDER BY c
	Unique  (cost=378.41..378.88 rows=94 width=121)
	  ->  Sort  (cost=378.41..378.65 rows=94 width=121)
	        Sort Key: c
	        ->  Index Scan using sbtest2_pkey on sbtest2  (cost=0.43..375.33 rows=94 width=121)
	              Index Cond: ((id >= 4167107) AND (id <= 4167206))

table 3 : explain SELECT DISTINCT c FROM sbtest3 WHERE id BETWEEN 7902911 AND 7903010 ORDER BY c
	Unique  (cost=397.05..397.54 rows=99 width=121)
	  ->  Sort  (cost=397.05..397.30 rows=99 width=121)
	        Sort Key: c
	        ->  Index Scan using sbtest3_pkey on sbtest3  (cost=0.43..393.77 rows=99 width=121)
	              Index Cond: ((id >= 7902911) AND (id <= 7903010))

table 4 : explain SELECT DISTINCT c FROM sbtest4 WHERE id BETWEEN 6185756 AND 6185855 ORDER BY c
	Unique  (cost=384.83..385.31 rows=96 width=121)
	  ->  Sort  (cost=384.83..385.07 rows=96 width=121)
	        Sort Key: c
	        ->  Index Scan using sbtest4_pkey on sbtest4  (cost=0.43..381.67 rows=96 width=121)
	              Index Cond: ((id >= 6185756) AND (id <= 6185855))

table 5 : explain SELECT DISTINCT c FROM sbtest5 WHERE id BETWEEN 7142728 AND 7142827 ORDER BY c
	Unique  (cost=427.96..428.49 rows=107 width=121)
	  ->  Sort  (cost=427.96..428.22 rows=107 width=121)
	        Sort Key: c
	        ->  Index Scan using sbtest5_pkey on sbtest5  (cost=0.43..424.35 rows=107 width=121)
	              Index Cond: ((id >= 7142728) AND (id <= 7142827))

table 6 : explain SELECT DISTINCT c FROM sbtest6 WHERE id BETWEEN 6187323 AND 6187422 ORDER BY c
	Unique  (cost=377.25..377.72 rows=94 width=121)
	  ->  Sort  (cost=377.25..377.48 rows=94 width=121)
	        Sort Key: c
	        ->  Index Scan using sbtest6_pkey on sbtest6  (cost=0.43..374.17 rows=94 width=121)
	              Index Cond: ((id >= 6187323) AND (id <= 6187422))

table 7 : explain SELECT DISTINCT c FROM sbtest7 WHERE id BETWEEN 9438845 AND 9438944 ORDER BY c
	Unique  (cost=377.21..377.68 rows=94 width=121)
	  ->  Sort  (cost=377.21..377.45 rows=94 width=121)
	        Sort Key: c
	        ->  Index Scan using sbtest7_pkey on sbtest7  (cost=0.43..374.13 rows=94 width=121)
	              Index Cond: ((id >= 9438845) AND (id <= 9438944))

table 8 : explain SELECT DISTINCT c FROM sbtest8 WHERE id BETWEEN 9630320 AND 9630419 ORDER BY c
	Unique  (cost=409.20..409.71 rows=102 width=121)
	  ->  Sort  (cost=409.20..409.46 rows=102 width=121)
	        Sort Key: c
	        ->  Index Scan using sbtest8_pkey on sbtest8  (cost=0.43..405.80 rows=102 width=121)
	              Index Cond: ((id >= 9630320) AND (id <= 9630419))

for: order_ranges
table 1 : explain SELECT c FROM sbtest1 WHERE id BETWEEN 2464913 AND 2465012 ORDER BY c
	Sort  (cost=409.47..409.72 rows=102 width=121)
	  Sort Key: c
	  ->  Index Scan using sbtest1_pkey on sbtest1  (cost=0.43..406.06 rows=102 width=121)
	        Index Cond: ((id >= 2464913) AND (id <= 2465012))

table 2 : explain SELECT c FROM sbtest2 WHERE id BETWEEN 1847806 AND 1847905 ORDER BY c
	Sort  (cost=438.21..438.48 rows=109 width=121)
	  Sort Key: c
	  ->  Index Scan using sbtest2_pkey on sbtest2  (cost=0.43..434.52 rows=109 width=121)
	        Index Cond: ((id >= 1847806) AND (id <= 1847905))

table 3 : explain SELECT c FROM sbtest3 WHERE id BETWEEN 2310516 AND 2310615 ORDER BY c
	Sort  (cost=412.94..413.19 rows=103 width=121)
	  Sort Key: c
	  ->  Index Scan using sbtest3_pkey on sbtest3  (cost=0.43..409.49 rows=103 width=121)
	        Index Cond: ((id >= 2310516) AND (id <= 2310615))

table 4 : explain SELECT c FROM sbtest4 WHERE id BETWEEN 2415136 AND 2415235 ORDER BY c
	Sort  (cost=368.96..369.19 rows=92 width=121)
	  Sort Key: c
	  ->  Index Scan using sbtest4_pkey on sbtest4  (cost=0.43..365.96 rows=92 width=121)
	        Index Cond: ((id >= 2415136) AND (id <= 2415235))

table 5 : explain SELECT c FROM sbtest5 WHERE id BETWEEN 3026738 AND 3026837 ORDER BY c
	Sort  (cost=408.14..408.39 rows=102 width=121)
	  Sort Key: c
	  ->  Index Scan using sbtest5_pkey on sbtest5  (cost=0.43..404.74 rows=102 width=121)
	        Index Cond: ((id >= 3026738) AND (id <= 3026837))

table 6 : explain SELECT c FROM sbtest6 WHERE id BETWEEN 7962174 AND 7962273 ORDER BY c
	Sort  (cost=405.08..405.33 rows=101 width=121)
	  Sort Key: c
	  ->  Index Scan using sbtest6_pkey on sbtest6  (cost=0.43..401.71 rows=101 width=121)
	        Index Cond: ((id >= 7962174) AND (id <= 7962273))

table 7 : explain SELECT c FROM sbtest7 WHERE id BETWEEN 315409 AND 315508 ORDER BY c
	Sort  (cost=408.98..409.24 rows=102 width=121)
	  Sort Key: c
	  ->  Index Scan using sbtest7_pkey on sbtest7  (cost=0.43..405.58 rows=102 width=121)
	        Index Cond: ((id >= 315409) AND (id <= 315508))

table 8 : explain SELECT c FROM sbtest8 WHERE id BETWEEN 9390348 AND 9390447 ORDER BY c
	Sort  (cost=365.47..365.70 rows=91 width=121)
	  Sort Key: c
	  ->  Index Scan using sbtest8_pkey on sbtest8  (cost=0.43..362.51 rows=91 width=121)
	        Index Cond: ((id >= 9390348) AND (id <= 9390447))

for: order_ranges
table 1 : explain SELECT c FROM sbtest1 WHERE id BETWEEN 4200462 AND 4200561 ORDER BY c
	Sort  (cost=413.44..413.70 rows=103 width=121)
	  Sort Key: c
	  ->  Index Scan using sbtest1_pkey on sbtest1  (cost=0.43..410.00 rows=103 width=121)
	        Index Cond: ((id >= 4200462) AND (id <= 4200561))

table 2 : explain SELECT c FROM sbtest2 WHERE id BETWEEN 3950181 AND 3950280 ORDER BY c
	Sort  (cost=378.41..378.65 rows=94 width=121)
	  Sort Key: c
	  ->  Index Scan using sbtest2_pkey on sbtest2  (cost=0.43..375.33 rows=94 width=121)
	        Index Cond: ((id >= 3950181) AND (id <= 3950280))

table 3 : explain SELECT c FROM sbtest3 WHERE id BETWEEN 5021950 AND 5022049 ORDER BY c
	Sort  (cost=412.94..413.19 rows=103 width=121)
	  Sort Key: c
	  ->  Index Scan using sbtest3_pkey on sbtest3  (cost=0.43..409.49 rows=103 width=121)
	        Index Cond: ((id >= 5021950) AND (id <= 5022049))

table 4 : explain SELECT c FROM sbtest4 WHERE id BETWEEN 3186584 AND 3186683 ORDER BY c
	Sort  (cost=392.77..393.01 rows=98 width=121)
	  Sort Key: c
	  ->  Index Scan using sbtest4_pkey on sbtest4  (cost=0.43..389.52 rows=98 width=121)
	        Index Cond: ((id >= 3186584) AND (id <= 3186683))

table 5 : explain SELECT c FROM sbtest5 WHERE id BETWEEN 3286443 AND 3286542 ORDER BY c
	Sort  (cost=392.29..392.53 rows=98 width=121)
	  Sort Key: c
	  ->  Index Scan using sbtest5_pkey on sbtest5  (cost=0.43..389.04 rows=98 width=121)
	        Index Cond: ((id >= 3286443) AND (id <= 3286542))

table 6 : explain SELECT c FROM sbtest6 WHERE id BETWEEN 2411372 AND 2411471 ORDER BY c
	Sort  (cost=393.16..393.40 rows=98 width=121)
	  Sort Key: c
	  ->  Index Scan using sbtest6_pkey on sbtest6  (cost=0.43..389.92 rows=98 width=121)
	        Index Cond: ((id >= 2411372) AND (id <= 2411471))

table 7 : explain SELECT c FROM sbtest7 WHERE id BETWEEN 1330477 AND 1330576 ORDER BY c
	Sort  (cost=389.13..389.37 rows=97 width=121)
	  Sort Key: c
	  ->  Index Scan using sbtest7_pkey on sbtest7  (cost=0.43..385.92 rows=97 width=121)
	        Index Cond: ((id >= 1330477) AND (id <= 1330576))

table 8 : explain SELECT c FROM sbtest8 WHERE id BETWEEN 5373502 AND 5373601 ORDER BY c
	Sort  (cost=405.23..405.48 rows=101 width=121)
	  Sort Key: c
	  ->  Index Scan using sbtest8_pkey on sbtest8  (cost=0.43..401.87 rows=101 width=121)
	        Index Cond: ((id >= 5373502) AND (id <= 5373601))

for: distinct_ranges
table 1 : explain SELECT DISTINCT c FROM sbtest1 WHERE id BETWEEN 6838568 AND 6838667 ORDER BY c
	Unique  (cost=393.56..394.05 rows=98 width=121)
	  ->  Sort  (cost=393.56..393.81 rows=98 width=121)
	        Sort Key: c
	        ->  Index Scan using sbtest1_pkey on sbtest1  (cost=0.43..390.32 rows=98 width=121)
	              Index Cond: ((id >= 6838568) AND (id <= 6838667))

table 2 : explain SELECT DISTINCT c FROM sbtest2 WHERE id BETWEEN 226712 AND 226811 ORDER BY c
	Unique  (cost=358.49..358.94 rows=89 width=121)
	  ->  Sort  (cost=358.49..358.71 rows=89 width=121)
	        Sort Key: c
	        ->  Index Scan using sbtest2_pkey on sbtest2  (cost=0.43..355.61 rows=89 width=121)
	              Index Cond: ((id >= 226712) AND (id <= 226811))

table 3 : explain SELECT DISTINCT c FROM sbtest3 WHERE id BETWEEN 2818295 AND 2818394 ORDER BY c
	Unique  (cost=385.14..385.62 rows=96 width=121)
	  ->  Sort  (cost=385.14..385.38 rows=96 width=121)
	        Sort Key: c
	        ->  Index Scan using sbtest3_pkey on sbtest3  (cost=0.43..381.98 rows=96 width=121)
	              Index Cond: ((id >= 2818295) AND (id <= 2818394))

table 4 : explain SELECT DISTINCT c FROM sbtest4 WHERE id BETWEEN 1636627 AND 1636726 ORDER BY c
	Unique  (cost=404.67..405.18 rows=101 width=121)
	  ->  Sort  (cost=404.67..404.92 rows=101 width=121)
	        Sort Key: c
	        ->  Index Scan using sbtest4_pkey on sbtest4  (cost=0.43..401.31 rows=101 width=121)
	              Index Cond: ((id >= 1636627) AND (id <= 1636726))

table 5 : explain SELECT DISTINCT c FROM sbtest5 WHERE id BETWEEN 7003985 AND 7004084 ORDER BY c
	Unique  (cost=443.81..444.37 rows=111 width=121)
	  ->  Sort  (cost=443.81..444.09 rows=111 width=121)
	        Sort Key: c
	        ->  Index Scan using sbtest5_pkey on sbtest5  (cost=0.43..440.04 rows=111 width=121)
	              Index Cond: ((id >= 7003985) AND (id <= 7004084))

table 6 : explain SELECT DISTINCT c FROM sbtest6 WHERE id BETWEEN 5267966 AND 5268065 ORDER BY c
	Unique  (cost=405.08..405.58 rows=101 width=121)
	  ->  Sort  (cost=405.08..405.33 rows=101 width=121)
	        Sort Key: c
	        ->  Index Scan using sbtest6_pkey on sbtest6  (cost=0.43..401.71 rows=101 width=121)
	              Index Cond: ((id >= 5267966) AND (id <= 5268065))

table 7 : explain SELECT DISTINCT c FROM sbtest7 WHERE id BETWEEN 4772701 AND 4772800 ORDER BY c
	Unique  (cost=412.96..413.47 rows=103 width=121)
	  ->  Sort  (cost=412.96..413.21 rows=103 width=121)
	        Sort Key: c
	        ->  Index Scan using sbtest7_pkey on sbtest7  (cost=0.43..409.51 rows=103 width=121)
	              Index Cond: ((id >= 4772701) AND (id <= 4772800))

table 8 : explain SELECT DISTINCT c FROM sbtest8 WHERE id BETWEEN 8867093 AND 8867192 ORDER BY c
	Unique  (cost=405.23..405.74 rows=101 width=121)
	  ->  Sort  (cost=405.23..405.48 rows=101 width=121)
	        Sort Key: c
	        ->  Index Scan using sbtest8_pkey on sbtest8  (cost=0.43..401.87 rows=101 width=121)
	              Index Cond: ((id >= 8867093) AND (id <= 8867192))

for point_selects
table 1 : explain SELECT c FROM sbtest1 WHERE id=9034750
	Index Scan using sbtest1_pkey on sbtest1  (cost=0.43..8.45 rows=1 width=121)
	  Index Cond: (id = 9034750)

table 2 : explain SELECT c FROM sbtest2 WHERE id=9813750
	Index Scan using sbtest2_pkey on sbtest2  (cost=0.43..8.45 rows=1 width=121)
	  Index Cond: (id = 9813750)

table 3 : explain SELECT c FROM sbtest3 WHERE id=1963161
	Index Scan using sbtest3_pkey on sbtest3  (cost=0.43..8.45 rows=1 width=121)
	  Index Cond: (id = 1963161)

table 4 : explain SELECT c FROM sbtest4 WHERE id=1149582
	Index Scan using sbtest4_pkey on sbtest4  (cost=0.43..8.45 rows=1 width=121)
	  Index Cond: (id = 1149582)

table 5 : explain SELECT c FROM sbtest5 WHERE id=7832406
	Index Scan using sbtest5_pkey on sbtest5  (cost=0.43..8.45 rows=1 width=121)
	  Index Cond: (id = 7832406)

table 6 : explain SELECT c FROM sbtest6 WHERE id=2457270
	Index Scan using sbtest6_pkey on sbtest6  (cost=0.43..8.45 rows=1 width=121)
	  Index Cond: (id = 2457270)

table 7 : explain SELECT c FROM sbtest7 WHERE id=5410857
	Index Scan using sbtest7_pkey on sbtest7  (cost=0.43..8.45 rows=1 width=121)
	  Index Cond: (id = 5410857)

table 8 : explain SELECT c FROM sbtest8 WHERE id=9986970
	Index Scan using sbtest8_pkey on sbtest8  (cost=0.43..8.45 rows=1 width=121)
	  Index Cond: (id = 9986970)

for point_selects
table 1 : explain SELECT c FROM sbtest1 WHERE id=9257057
	Index Scan using sbtest1_pkey on sbtest1  (cost=0.43..8.45 rows=1 width=121)
	  Index Cond: (id = 9257057)

table 2 : explain SELECT c FROM sbtest2 WHERE id=9957194
	Index Scan using sbtest2_pkey on sbtest2  (cost=0.43..8.45 rows=1 width=121)
	  Index Cond: (id = 9957194)

table 3 : explain SELECT c FROM sbtest3 WHERE id=5178113
	Index Scan using sbtest3_pkey on sbtest3  (cost=0.43..8.45 rows=1 width=121)
	  Index Cond: (id = 5178113)

table 4 : explain SELECT c FROM sbtest4 WHERE id=473339
	Index Scan using sbtest4_pkey on sbtest4  (cost=0.43..8.45 rows=1 width=121)
	  Index Cond: (id = 473339)

table 5 : explain SELECT c FROM sbtest5 WHERE id=8849578
	Index Scan using sbtest5_pkey on sbtest5  (cost=0.43..8.45 rows=1 width=121)
	  Index Cond: (id = 8849578)

table 6 : explain SELECT c FROM sbtest6 WHERE id=9401783
	Index Scan using sbtest6_pkey on sbtest6  (cost=0.43..8.45 rows=1 width=121)
	  Index Cond: (id = 9401783)

table 7 : explain SELECT c FROM sbtest7 WHERE id=2718042
	Index Scan using sbtest7_pkey on sbtest7  (cost=0.43..8.45 rows=1 width=121)
	  Index Cond: (id = 2718042)

table 8 : explain SELECT c FROM sbtest8 WHERE id=9392719
	Index Scan using sbtest8_pkey on sbtest8  (cost=0.43..8.45 rows=1 width=121)
	  Index Cond: (id = 9392719)

for: distinct_ranges
table 1 : explain SELECT DISTINCT c FROM sbtest1 WHERE id BETWEEN 3117722 AND 3117821 ORDER BY c
	Unique  (cost=393.56..394.05 rows=98 width=121)
	  ->  Sort  (cost=393.56..393.81 rows=98 width=121)
	        Sort Key: c
	        ->  Index Scan using sbtest1_pkey on sbtest1  (cost=0.43..390.32 rows=98 width=121)
	              Index Cond: ((id >= 3117722) AND (id <= 3117821))

table 2 : explain SELECT DISTINCT c FROM sbtest2 WHERE id BETWEEN 3476545 AND 3476644 ORDER BY c
	Unique  (cost=450.16..450.72 rows=112 width=121)
	  ->  Sort  (cost=450.16..450.44 rows=112 width=121)
	        Sort Key: c
	        ->  Index Scan using sbtest2_pkey on sbtest2  (cost=0.43..446.35 rows=112 width=121)
	              Index Cond: ((id >= 3476545) AND (id <= 3476644))

table 3 : explain SELECT DISTINCT c FROM sbtest3 WHERE id BETWEEN 712344 AND 712443 ORDER BY c
	Unique  (cost=393.08..393.57 rows=98 width=121)
	  ->  Sort  (cost=393.08..393.32 rows=98 width=121)
	        Sort Key: c
	        ->  Index Scan using sbtest3_pkey on sbtest3  (cost=0.43..389.84 rows=98 width=121)
	              Index Cond: ((id >= 712344) AND (id <= 712443))

table 4 : explain SELECT DISTINCT c FROM sbtest4 WHERE id BETWEEN 1437367 AND 1437466 ORDER BY c
	Unique  (cost=384.83..385.31 rows=96 width=121)
	  ->  Sort  (cost=384.83..385.07 rows=96 width=121)
	        Sort Key: c
	        ->  Index Scan using sbtest4_pkey on sbtest4  (cost=0.43..381.67 rows=96 width=121)
	              Index Cond: ((id >= 1437367) AND (id <= 1437466))

table 5 : explain SELECT DISTINCT c FROM sbtest5 WHERE id BETWEEN 1745902 AND 1746001 ORDER BY c
	Unique  (cost=364.52..364.98 rows=91 width=121)
	  ->  Sort  (cost=364.52..364.75 rows=91 width=121)
	        Sort Key: c
	        ->  Index Scan using sbtest5_pkey on sbtest5  (cost=0.43..361.56 rows=91 width=121)
	              Index Cond: ((id >= 1745902) AND (id <= 1746001))

table 6 : explain SELECT DISTINCT c FROM sbtest6 WHERE id BETWEEN 6966918 AND 6967017 ORDER BY c
	Unique  (cost=416.99..417.51 rows=104 width=121)
	  ->  Sort  (cost=416.99..417.25 rows=104 width=121)
	        Sort Key: c
	        ->  Index Scan using sbtest6_pkey on sbtest6  (cost=0.43..413.51 rows=104 width=121)
	              Index Cond: ((id >= 6966918) AND (id <= 6967017))

table 7 : explain SELECT DISTINCT c FROM sbtest7 WHERE id BETWEEN 1320220 AND 1320319 ORDER BY c
	Unique  (cost=389.13..389.61 rows=97 width=121)
	  ->  Sort  (cost=389.13..389.37 rows=97 width=121)
	        Sort Key: c
	        ->  Index Scan using sbtest7_pkey on sbtest7  (cost=0.43..385.92 rows=97 width=121)
	              Index Cond: ((id >= 1320220) AND (id <= 1320319))

table 8 : explain SELECT DISTINCT c FROM sbtest8 WHERE id BETWEEN 7753712 AND 7753811 ORDER BY c
	Unique  (cost=401.26..401.76 rows=100 width=121)
	  ->  Sort  (cost=401.26..401.51 rows=100 width=121)
	        Sort Key: c
	        ->  Index Scan using sbtest8_pkey on sbtest8  (cost=0.43..397.93 rows=100 width=121)
	              Index Cond: ((id >= 7753712) AND (id <= 7753811))

for: distinct_ranges
table 1 : explain SELECT DISTINCT c FROM sbtest1 WHERE id BETWEEN 2192430 AND 2192529 ORDER BY c
	Unique  (cost=401.51..402.01 rows=100 width=121)
	  ->  Sort  (cost=401.51..401.76 rows=100 width=121)
	        Sort Key: c
	        ->  Index Scan using sbtest1_pkey on sbtest1  (cost=0.43..398.19 rows=100 width=121)
	              Index Cond: ((id >= 2192430) AND (id <= 2192529))

table 2 : explain SELECT DISTINCT c FROM sbtest2 WHERE id BETWEEN 4670224 AND 4670323 ORDER BY c
	Unique  (cost=378.41..378.88 rows=94 width=121)
	  ->  Sort  (cost=378.41..378.65 rows=94 width=121)
	        Sort Key: c
	        ->  Index Scan using sbtest2_pkey on sbtest2  (cost=0.43..375.33 rows=94 width=121)
	              Index Cond: ((id >= 4670224) AND (id <= 4670323))

table 3 : explain SELECT DISTINCT c FROM sbtest3 WHERE id BETWEEN 8563810 AND 8563909 ORDER BY c
	Unique  (cost=436.77..437.31 rows=109 width=121)
	  ->  Sort  (cost=436.77..437.04 rows=109 width=121)
	        Sort Key: c
	        ->  Index Scan using sbtest3_pkey on sbtest3  (cost=0.43..433.08 rows=109 width=121)
	              Index Cond: ((id >= 8563810) AND (id <= 8563909))

table 4 : explain SELECT DISTINCT c FROM sbtest4 WHERE id BETWEEN 512392 AND 512491 ORDER BY c
	Unique  (cost=444.36..444.91 rows=111 width=121)
	  ->  Sort  (cost=444.36..444.64 rows=111 width=121)
	        Sort Key: c
	        ->  Index Scan using sbtest4_pkey on sbtest4  (cost=0.43..440.59 rows=111 width=121)
	              Index Cond: ((id >= 512392) AND (id <= 512491))

table 5 : explain SELECT DISTINCT c FROM sbtest5 WHERE id BETWEEN 1394142 AND 1394241 ORDER BY c
	Unique  (cost=396.25..396.74 rows=99 width=121)
	  ->  Sort  (cost=396.25..396.50 rows=99 width=121)
	        Sort Key: c
	        ->  Index Scan using sbtest5_pkey on sbtest5  (cost=0.43..392.97 rows=99 width=121)
	              Index Cond: ((id >= 1394142) AND (id <= 1394241))

table 6 : explain SELECT DISTINCT c FROM sbtest6 WHERE id BETWEEN 8583728 AND 8583827 ORDER BY c
	Unique  (cost=397.13..397.63 rows=99 width=121)
	  ->  Sort  (cost=397.13..397.38 rows=99 width=121)
	        Sort Key: c
	        ->  Index Scan using sbtest6_pkey on sbtest6  (cost=0.43..393.85 rows=99 width=121)
	              Index Cond: ((id >= 8583728) AND (id <= 8583827))

table 7 : explain SELECT DISTINCT c FROM sbtest7 WHERE id BETWEEN 7044810 AND 7044909 ORDER BY c
	Unique  (cost=432.82..433.36 rows=108 width=121)
	  ->  Sort  (cost=432.82..433.09 rows=108 width=121)
	        Sort Key: c
	        ->  Index Scan using sbtest7_pkey on sbtest7  (cost=0.43..429.17 rows=108 width=121)
	              Index Cond: ((id >= 7044810) AND (id <= 7044909))

table 8 : explain SELECT DISTINCT c FROM sbtest8 WHERE id BETWEEN 9375894 AND 9375993 ORDER BY c
	Unique  (cost=365.47..365.93 rows=91 width=121)
	  ->  Sort  (cost=365.47..365.70 rows=91 width=121)
	        Sort Key: c
	        ->  Index Scan using sbtest8_pkey on sbtest8  (cost=0.43..362.51 rows=91 width=121)
	              Index Cond: ((id >= 9375894) AND (id <= 9375993))

for: distinct_ranges
table 1 : explain SELECT DISTINCT c FROM sbtest1 WHERE id BETWEEN 9026382 AND 9026481 ORDER BY c
	Unique  (cost=449.24..449.80 rows=112 width=121)
	  ->  Sort  (cost=449.24..449.52 rows=112 width=121)
	        Sort Key: c
	        ->  Index Scan using sbtest1_pkey on sbtest1  (cost=0.43..445.43 rows=112 width=121)
	              Index Cond: ((id >= 9026382) AND (id <= 9026481))

table 2 : explain SELECT DISTINCT c FROM sbtest2 WHERE id BETWEEN 3509169 AND 3509268 ORDER BY c
	Unique  (cost=450.16..450.72 rows=112 width=121)
	  ->  Sort  (cost=450.16..450.44 rows=112 width=121)
	        Sort Key: c
	        ->  Index Scan using sbtest2_pkey on sbtest2  (cost=0.43..446.35 rows=112 width=121)
	              Index Cond: ((id >= 3509169) AND (id <= 3509268))

table 3 : explain SELECT DISTINCT c FROM sbtest3 WHERE id BETWEEN 8501734 AND 8501833 ORDER BY c
	Unique  (cost=436.77..437.31 rows=109 width=121)
	  ->  Sort  (cost=436.77..437.04 rows=109 width=121)
	        Sort Key: c
	        ->  Index Scan using sbtest3_pkey on sbtest3  (cost=0.43..433.08 rows=109 width=121)
	              Index Cond: ((id >= 8501734) AND (id <= 8501833))

table 4 : explain SELECT DISTINCT c FROM sbtest4 WHERE id BETWEEN 6395174 AND 6395273 ORDER BY c
	Unique  (cost=400.70..401.20 rows=100 width=121)
	  ->  Sort  (cost=400.70..400.95 rows=100 width=121)
	        Sort Key: c
	        ->  Index Scan using sbtest4_pkey on sbtest4  (cost=0.43..397.38 rows=100 width=121)
	              Index Cond: ((id >= 6395174) AND (id <= 6395273))

table 5 : explain SELECT DISTINCT c FROM sbtest5 WHERE id BETWEEN 3960386 AND 3960485 ORDER BY c
	Unique  (cost=420.03..420.55 rows=105 width=121)
	  ->  Sort  (cost=420.03..420.29 rows=105 width=121)
	        Sort Key: c
	        ->  Index Scan using sbtest5_pkey on sbtest5  (cost=0.43..416.50 rows=105 width=121)
	              Index Cond: ((id >= 3960386) AND (id <= 3960485))

table 6 : explain SELECT DISTINCT c FROM sbtest6 WHERE id BETWEEN 5253026 AND 5253125 ORDER BY c
	Unique  (cost=405.08..405.58 rows=101 width=121)
	  ->  Sort  (cost=405.08..405.33 rows=101 width=121)
	        Sort Key: c
	        ->  Index Scan using sbtest6_pkey on sbtest6  (cost=0.43..401.71 rows=101 width=121)
	              Index Cond: ((id >= 5253026) AND (id <= 5253125))

table 7 : explain SELECT DISTINCT c FROM sbtest7 WHERE id BETWEEN 8476843 AND 8476942 ORDER BY c
	Unique  (cost=385.15..385.63 rows=96 width=121)
	  ->  Sort  (cost=385.15..385.39 rows=96 width=121)
	        Sort Key: c
	        ->  Index Scan using sbtest7_pkey on sbtest7  (cost=0.43..381.99 rows=96 width=121)
	              Index Cond: ((id >= 8476843) AND (id <= 8476942))

table 8 : explain SELECT DISTINCT c FROM sbtest8 WHERE id BETWEEN 1085480 AND 1085579 ORDER BY c
	Unique  (cost=393.31..393.80 rows=98 width=121)
	  ->  Sort  (cost=393.31..393.55 rows=98 width=121)
	        Sort Key: c
	        ->  Index Scan using sbtest8_pkey on sbtest8  (cost=0.43..390.07 rows=98 width=121)
	              Index Cond: ((id >= 1085480) AND (id <= 1085579))

explain: for point_selects :: explain SELECT c FROM sbtest%u WHERE id=%u
for: simple_ranges
table 1 : explain SELECT c FROM sbtest1 WHERE id BETWEEN 9840204 AND 9840303
	Index Scan using sbtest1_pkey on sbtest1  (cost=0.43..421.81 rows=106 width=121)
	  Index Cond: ((id >= 9840204) AND (id <= 9840303))

table 2 : explain SELECT c FROM sbtest2 WHERE id BETWEEN 255831 AND 255930
	Index Scan using sbtest2_pkey on sbtest2  (cost=0.43..355.61 rows=89 width=121)
	  Index Cond: ((id >= 255831) AND (id <= 255930))

table 3 : explain SELECT c FROM sbtest3 WHERE id BETWEEN 7844870 AND 7844969
	Index Scan using sbtest3_pkey on sbtest3  (cost=0.43..429.15 rows=108 width=121)
	  Index Cond: ((id >= 7844870) AND (id <= 7844969))

table 4 : explain SELECT c FROM sbtest4 WHERE id BETWEEN 2698381 AND 2698480
	Index Scan using sbtest4_pkey on sbtest4  (cost=0.43..409.16 rows=103 width=121)
	  Index Cond: ((id >= 2698381) AND (id <= 2698480))

table 5 : explain SELECT c FROM sbtest5 WHERE id BETWEEN 8807618 AND 8807717
	Index Scan using sbtest5_pkey on sbtest5  (cost=0.43..404.74 rows=102 width=121)
	  Index Cond: ((id >= 8807618) AND (id <= 8807717))

table 6 : explain SELECT c FROM sbtest6 WHERE id BETWEEN 2189265 AND 2189364
	Index Scan using sbtest6_pkey on sbtest6  (cost=0.43..397.78 rows=100 width=121)
	  Index Cond: ((id >= 2189265) AND (id <= 2189364))

table 7 : explain SELECT c FROM sbtest7 WHERE id BETWEEN 2901997 AND 2902096
	Index Scan using sbtest7_pkey on sbtest7  (cost=0.43..342.66 rows=86 width=121)
	  Index Cond: ((id >= 2901997) AND (id <= 2902096))

table 8 : explain SELECT c FROM sbtest8 WHERE id BETWEEN 7925229 AND 7925328
	Index Scan using sbtest8_pkey on sbtest8  (cost=0.43..354.65 rows=89 width=121)
	  Index Cond: ((id >= 7925229) AND (id <= 7925328))

for: simple_ranges
table 1 : explain SELECT c FROM sbtest1 WHERE id BETWEEN 7656941 AND 7657040
	Index Scan using sbtest1_pkey on sbtest1  (cost=0.43..358.81 rows=90 width=121)
	  Index Cond: ((id >= 7656941) AND (id <= 7657040))

table 2 : explain SELECT c FROM sbtest2 WHERE id BETWEEN 5814422 AND 5814521
	Index Scan using sbtest2_pkey on sbtest2  (cost=0.43..387.16 rows=97 width=121)
	  Index Cond: ((id >= 5814422) AND (id <= 5814521))

table 3 : explain SELECT c FROM sbtest3 WHERE id BETWEEN 1145351 AND 1145450
	Index Scan using sbtest3_pkey on sbtest3  (cost=0.43..401.63 rows=101 width=121)
	  Index Cond: ((id >= 1145351) AND (id <= 1145450))

table 4 : explain SELECT c FROM sbtest4 WHERE id BETWEEN 9029776 AND 9029875
	Index Scan using sbtest4_pkey on sbtest4  (cost=0.43..428.80 rows=108 width=121)
	  Index Cond: ((id >= 9029776) AND (id <= 9029875))

table 5 : explain SELECT c FROM sbtest5 WHERE id BETWEEN 1199288 AND 1199387
	Index Scan using sbtest5_pkey on sbtest5  (cost=0.43..365.48 rows=92 width=121)
	  Index Cond: ((id >= 1199288) AND (id <= 1199387))

table 6 : explain SELECT c FROM sbtest6 WHERE id BETWEEN 8932276 AND 8932375
	Index Scan using sbtest6_pkey on sbtest6  (cost=0.43..354.51 rows=89 width=121)
	  Index Cond: ((id >= 8932276) AND (id <= 8932375))

table 7 : explain SELECT c FROM sbtest7 WHERE id BETWEEN 1740903 AND 1741002
	Index Scan using sbtest7_pkey on sbtest7  (cost=0.43..393.79 rows=99 width=121)
	  Index Cond: ((id >= 1740903) AND (id <= 1741002))

table 8 : explain SELECT c FROM sbtest8 WHERE id BETWEEN 1167657 AND 1167756
	Index Scan using sbtest8_pkey on sbtest8  (cost=0.43..449.07 rows=113 width=121)
	  Index Cond: ((id >= 1167657) AND (id <= 1167756))

for: sum_ranges
table 1 : explain SELECT SUM(k) FROM sbtest1 WHERE id BETWEEN 3925814 AND 3925913
	Aggregate  (cost=366.91..366.92 rows=1 width=8)
	  ->  Index Scan using sbtest1_pkey on sbtest1  (cost=0.43..366.68 rows=92 width=4)
	        Index Cond: ((id >= 3925814) AND (id <= 3925913))

table 2 : explain SELECT SUM(k) FROM sbtest2 WHERE id BETWEEN 2202792 AND 2202891
	Aggregate  (cost=426.90..426.91 rows=1 width=8)
	  ->  Index Scan using sbtest2_pkey on sbtest2  (cost=0.43..426.63 rows=107 width=4)
	        Index Cond: ((id >= 2202792) AND (id <= 2202891))

table 3 : explain SELECT SUM(k) FROM sbtest3 WHERE id BETWEEN 8894686 AND 8894785
	Aggregate  (cost=405.82..405.83 rows=1 width=8)
	  ->  Index Scan using sbtest3_pkey on sbtest3  (cost=0.43..405.56 rows=102 width=4)
	        Index Cond: ((id >= 8894686) AND (id <= 8894785))

table 4 : explain SELECT SUM(k) FROM sbtest4 WHERE id BETWEEN 5780747 AND 5780846
	Aggregate  (cost=413.35..413.36 rows=1 width=8)
	  ->  Index Scan using sbtest4_pkey on sbtest4  (cost=0.43..413.09 rows=104 width=4)
	        Index Cond: ((id >= 5780747) AND (id <= 5780846))

table 5 : explain SELECT SUM(k) FROM sbtest5 WHERE id BETWEEN 5416128 AND 5416227
	Aggregate  (cost=440.32..440.33 rows=1 width=8)
	  ->  Index Scan using sbtest5_pkey on sbtest5  (cost=0.43..440.04 rows=111 width=4)
	        Index Cond: ((id >= 5416128) AND (id <= 5416227))

table 6 : explain SELECT SUM(k) FROM sbtest6 WHERE id BETWEEN 1945121 AND 1945220
	Aggregate  (cost=386.23..386.24 rows=1 width=8)
	  ->  Index Scan using sbtest6_pkey on sbtest6  (cost=0.43..385.99 rows=97 width=4)
	        Index Cond: ((id >= 1945121) AND (id <= 1945220))

table 7 : explain SELECT SUM(k) FROM sbtest7 WHERE id BETWEEN 1883741 AND 1883840
	Aggregate  (cost=358.61..358.62 rows=1 width=8)
	  ->  Index Scan using sbtest7_pkey on sbtest7  (cost=0.43..358.38 rows=90 width=4)
	        Index Cond: ((id >= 1883741) AND (id <= 1883840))

table 8 : explain SELECT SUM(k) FROM sbtest8 WHERE id BETWEEN 2505611 AND 2505710
	Aggregate  (cost=362.74..362.75 rows=1 width=8)
	  ->  Index Scan using sbtest8_pkey on sbtest8  (cost=0.43..362.51 rows=91 width=4)
	        Index Cond: ((id >= 2505611) AND (id <= 2505710))

for: simple_ranges
table 1 : explain SELECT c FROM sbtest1 WHERE id BETWEEN 2010566 AND 2010665
	Index Scan using sbtest1_pkey on sbtest1  (cost=0.43..402.13 rows=101 width=121)
	  Index Cond: ((id >= 2010566) AND (id <= 2010665))

table 2 : explain SELECT c FROM sbtest2 WHERE id BETWEEN 6891709 AND 6891808
	Index Scan using sbtest2_pkey on sbtest2  (cost=0.43..470.02 rows=118 width=121)
	  Index Cond: ((id >= 6891709) AND (id <= 6891808))

table 3 : explain SELECT c FROM sbtest3 WHERE id BETWEEN 4970874 AND 4970973
	Index Scan using sbtest3_pkey on sbtest3  (cost=0.43..409.49 rows=103 width=121)
	  Index Cond: ((id >= 4970874) AND (id <= 4970973))

table 4 : explain SELECT c FROM sbtest4 WHERE id BETWEEN 3697597 AND 3697696
	Index Scan using sbtest4_pkey on sbtest4  (cost=0.43..381.67 rows=96 width=121)
	  Index Cond: ((id >= 3697597) AND (id <= 3697696))

table 5 : explain SELECT c FROM sbtest5 WHERE id BETWEEN 2045001 AND 2045100
	Index Scan using sbtest5_pkey on sbtest5  (cost=0.43..424.35 rows=107 width=121)
	  Index Cond: ((id >= 2045001) AND (id <= 2045100))

table 6 : explain SELECT c FROM sbtest6 WHERE id BETWEEN 8316614 AND 8316713
	Index Scan using sbtest6_pkey on sbtest6  (cost=0.43..342.71 rows=86 width=121)
	  Index Cond: ((id >= 8316614) AND (id <= 8316713))

table 7 : explain SELECT c FROM sbtest7 WHERE id BETWEEN 2571113 AND 2571212
	Index Scan using sbtest7_pkey on sbtest7  (cost=0.43..374.13 rows=94 width=121)
	  Index Cond: ((id >= 2571113) AND (id <= 2571212))

table 8 : explain SELECT c FROM sbtest8 WHERE id BETWEEN 2316201 AND 2316300
	Index Scan using sbtest8_pkey on sbtest8  (cost=0.43..378.25 rows=95 width=121)
	  Index Cond: ((id >= 2316201) AND (id <= 2316300))

for point_selects
table 1 : explain SELECT c FROM sbtest1 WHERE id=9324064
	Index Scan using sbtest1_pkey on sbtest1  (cost=0.43..8.45 rows=1 width=121)
	  Index Cond: (id = 9324064)

table 2 : explain SELECT c FROM sbtest2 WHERE id=6035412
	Index Scan using sbtest2_pkey on sbtest2  (cost=0.43..8.45 rows=1 width=121)
	  Index Cond: (id = 6035412)

table 3 : explain SELECT c FROM sbtest3 WHERE id=6984155
	Index Scan using sbtest3_pkey on sbtest3  (cost=0.43..8.45 rows=1 width=121)
	  Index Cond: (id = 6984155)

table 4 : explain SELECT c FROM sbtest4 WHERE id=9427223
	Index Scan using sbtest4_pkey on sbtest4  (cost=0.43..8.45 rows=1 width=121)
	  Index Cond: (id = 9427223)

table 5 : explain SELECT c FROM sbtest5 WHERE id=4963163
	Index Scan using sbtest5_pkey on sbtest5  (cost=0.43..8.45 rows=1 width=121)
	  Index Cond: (id = 4963163)

table 6 : explain SELECT c FROM sbtest6 WHERE id=3629504
	Index Scan using sbtest6_pkey on sbtest6  (cost=0.43..8.45 rows=1 width=121)
	  Index Cond: (id = 3629504)

table 7 : explain SELECT c FROM sbtest7 WHERE id=8908955
	Index Scan using sbtest7_pkey on sbtest7  (cost=0.43..8.45 rows=1 width=121)
	  Index Cond: (id = 8908955)

table 8 : explain SELECT c FROM sbtest8 WHERE id=9164267
	Index Scan using sbtest8_pkey on sbtest8  (cost=0.43..8.45 rows=1 width=121)
	  Index Cond: (id = 9164267)

for: order_ranges
table 1 : explain SELECT c FROM sbtest1 WHERE id BETWEEN 9228292 AND 9228391 ORDER BY c
	Sort  (cost=429.35..429.62 rows=107 width=121)
	  Sort Key: c
	  ->  Index Scan using sbtest1_pkey on sbtest1  (cost=0.43..425.75 rows=107 width=121)
	        Index Cond: ((id >= 9228292) AND (id <= 9228391))

table 2 : explain SELECT c FROM sbtest2 WHERE id BETWEEN 6378091 AND 6378190 ORDER BY c
	Sort  (cost=406.32..406.58 rows=101 width=121)
	  Sort Key: c
	  ->  Index Scan using sbtest2_pkey on sbtest2  (cost=0.43..402.96 rows=101 width=121)
	        Index Cond: ((id >= 6378091) AND (id <= 6378190))

table 3 : explain SELECT c FROM sbtest3 WHERE id BETWEEN 1886164 AND 1886263 ORDER BY c
	Sort  (cost=412.94..413.19 rows=103 width=121)
	  Sort Key: c
	  ->  Index Scan using sbtest3_pkey on sbtest3  (cost=0.43..409.49 rows=103 width=121)
	        Index Cond: ((id >= 1886164) AND (id <= 1886263))

table 4 : explain SELECT c FROM sbtest4 WHERE id BETWEEN 8211047 AND 8211146 ORDER BY c
	Sort  (cost=404.67..404.92 rows=101 width=121)
	  Sort Key: c
	  ->  Index Scan using sbtest4_pkey on sbtest4  (cost=0.43..401.31 rows=101 width=121)
	        Index Cond: ((id >= 8211047) AND (id <= 8211146))

table 5 : explain SELECT c FROM sbtest5 WHERE id BETWEEN 2695210 AND 2695309 ORDER BY c
	Sort  (cost=423.99..424.26 rows=106 width=121)
	  Sort Key: c
	  ->  Index Scan using sbtest5_pkey on sbtest5  (cost=0.43..420.43 rows=106 width=121)
	        Index Cond: ((id >= 2695210) AND (id <= 2695309))

table 6 : explain SELECT c FROM sbtest6 WHERE id BETWEEN 78982 AND 79081 ORDER BY c
	Sort  (cost=405.08..405.33 rows=101 width=121)
	  Sort Key: c
	  ->  Index Scan using sbtest6_pkey on sbtest6  (cost=0.43..401.71 rows=101 width=121)
	        Index Cond: ((id >= 78982) AND (id <= 79081))

table 7 : explain SELECT c FROM sbtest7 WHERE id BETWEEN 2665291 AND 2665390 ORDER BY c
	Sort  (cost=377.21..377.45 rows=94 width=121)
	  Sort Key: c
	  ->  Index Scan using sbtest7_pkey on sbtest7  (cost=0.43..374.13 rows=94 width=121)
	        Index Cond: ((id >= 2665291) AND (id <= 2665390))

table 8 : explain SELECT c FROM sbtest8 WHERE id BETWEEN 3068636 AND 3068735 ORDER BY c
	Sort  (cost=421.13..421.39 rows=105 width=121)
	  Sort Key: c
	  ->  Index Scan using sbtest8_pkey on sbtest8  (cost=0.43..417.60 rows=105 width=121)
	        Index Cond: ((id >= 3068636) AND (id <= 3068735))

for: sum_ranges
table 1 : explain SELECT SUM(k) FROM sbtest1 WHERE id BETWEEN 2841694 AND 2841793
	Aggregate  (cost=433.89..433.90 rows=1 width=8)
	  ->  Index Scan using sbtest1_pkey on sbtest1  (cost=0.43..433.62 rows=109 width=4)
	        Index Cond: ((id >= 2841694) AND (id <= 2841793))

table 2 : explain SELECT SUM(k) FROM sbtest2 WHERE id BETWEEN 4435921 AND 4436020
	Aggregate  (cost=387.43..387.44 rows=1 width=8)
	  ->  Index Scan using sbtest2_pkey on sbtest2  (cost=0.43..387.18 rows=97 width=4)
	        Index Cond: ((id >= 4435921) AND (id <= 4436020))

table 3 : explain SELECT SUM(k) FROM sbtest3 WHERE id BETWEEN 6190900 AND 6190999
	Aggregate  (cost=417.62..417.63 rows=1 width=8)
	  ->  Index Scan using sbtest3_pkey on sbtest3  (cost=0.43..417.35 rows=105 width=4)
	        Index Cond: ((id >= 6190900) AND (id <= 6190999))

table 4 : explain SELECT SUM(k) FROM sbtest4 WHERE id BETWEEN 9389905 AND 9390004
	Aggregate  (cost=381.91..381.92 rows=1 width=8)
	  ->  Index Scan using sbtest4_pkey on sbtest4  (cost=0.43..381.67 rows=96 width=4)
	        Index Cond: ((id >= 9389905) AND (id <= 9390004))

table 5 : explain SELECT SUM(k) FROM sbtest5 WHERE id BETWEEN 8788682 AND 8788781
	Aggregate  (cost=393.22..393.23 rows=1 width=8)
	  ->  Index Scan using sbtest5_pkey on sbtest5  (cost=0.43..392.97 rows=99 width=4)
	        Index Cond: ((id >= 8788682) AND (id <= 8788781))

table 6 : explain SELECT SUM(k) FROM sbtest6 WHERE id BETWEEN 9840975 AND 9841074
	Aggregate  (cost=425.57..425.58 rows=1 width=8)
	  ->  Index Scan using sbtest6_pkey on sbtest6  (cost=0.43..425.30 rows=107 width=4)
	        Index Cond: ((id >= 9840975) AND (id <= 9841074))

table 7 : explain SELECT SUM(k) FROM sbtest7 WHERE id BETWEEN 4729002 AND 4729101
	Aggregate  (cost=409.77..409.78 rows=1 width=8)
	  ->  Index Scan using sbtest7_pkey on sbtest7  (cost=0.43..409.51 rows=103 width=4)
	        Index Cond: ((id >= 4729002) AND (id <= 4729101))

table 8 : explain SELECT SUM(k) FROM sbtest8 WHERE id BETWEEN 5525196 AND 5525295
	Aggregate  (cost=390.31..390.32 rows=1 width=8)
	  ->  Index Scan using sbtest8_pkey on sbtest8  (cost=0.43..390.07 rows=98 width=4)
	        Index Cond: ((id >= 5525196) AND (id <= 5525295))

for: simple_ranges
table 1 : explain SELECT c FROM sbtest1 WHERE id BETWEEN 8178308 AND 8178407
	Index Scan using sbtest1_pkey on sbtest1  (cost=0.43..413.94 rows=104 width=121)
	  Index Cond: ((id >= 8178308) AND (id <= 8178407))

table 2 : explain SELECT c FROM sbtest2 WHERE id BETWEEN 7309739 AND 7309838
	Index Scan using sbtest2_pkey on sbtest2  (cost=0.43..430.57 rows=108 width=121)
	  Index Cond: ((id >= 7309739) AND (id <= 7309838))

table 3 : explain SELECT c FROM sbtest3 WHERE id BETWEEN 6581186 AND 6581285
	Index Scan using sbtest3_pkey on sbtest3  (cost=0.43..429.15 rows=108 width=121)
	  Index Cond: ((id >= 6581186) AND (id <= 6581285))

table 4 : explain SELECT c FROM sbtest4 WHERE id BETWEEN 6484439 AND 6484538
	Index Scan using sbtest4_pkey on sbtest4  (cost=0.43..397.38 rows=100 width=121)
	  Index Cond: ((id >= 6484439) AND (id <= 6484538))

table 5 : explain SELECT c FROM sbtest5 WHERE id BETWEEN 18019 AND 18118
	Index Scan using sbtest5_pkey on sbtest5  (cost=0.43..361.56 rows=91 width=121)
	  Index Cond: ((id >= 18019) AND (id <= 18118))

table 6 : explain SELECT c FROM sbtest6 WHERE id BETWEEN 4522403 AND 4522502
	Index Scan using sbtest6_pkey on sbtest6  (cost=0.43..393.85 rows=99 width=121)
	  Index Cond: ((id >= 4522403) AND (id <= 4522502))

table 7 : explain SELECT c FROM sbtest7 WHERE id BETWEEN 8694497 AND 8694596
	Index Scan using sbtest7_pkey on sbtest7  (cost=0.43..358.41 rows=90 width=121)
	  Index Cond: ((id >= 8694497) AND (id <= 8694596))

table 8 : explain SELECT c FROM sbtest8 WHERE id BETWEEN 529472 AND 529571
	Index Scan using sbtest8_pkey on sbtest8  (cost=0.43..390.07 rows=98 width=121)
	  Index Cond: ((id >= 529472) AND (id <= 529571))

for: distinct_ranges
table 1 : explain SELECT DISTINCT c FROM sbtest1 WHERE id BETWEEN 4461926 AND 4462025 ORDER BY c
	Unique  (cost=401.51..402.01 rows=100 width=121)
	  ->  Sort  (cost=401.51..401.76 rows=100 width=121)
	        Sort Key: c
	        ->  Index Scan using sbtest1_pkey on sbtest1  (cost=0.43..398.19 rows=100 width=121)
	              Index Cond: ((id >= 4461926) AND (id <= 4462025))

table 2 : explain SELECT DISTINCT c FROM sbtest2 WHERE id BETWEEN 9491679 AND 9491778 ORDER BY c
	Unique  (cost=398.35..398.85 rows=99 width=121)
	  ->  Sort  (cost=398.35..398.60 rows=99 width=121)
	        Sort Key: c
	        ->  Index Scan using sbtest2_pkey on sbtest2  (cost=0.43..395.07 rows=99 width=121)
	              Index Cond: ((id >= 9491679) AND (id <= 9491778))

table 3 : explain SELECT DISTINCT c FROM sbtest3 WHERE id BETWEEN 1139378 AND 1139477 ORDER BY c
	Unique  (cost=404.99..405.50 rows=101 width=121)
	  ->  Sort  (cost=404.99..405.25 rows=101 width=121)
	        Sort Key: c
	        ->  Index Scan using sbtest3_pkey on sbtest3  (cost=0.43..401.63 rows=101 width=121)
	              Index Cond: ((id >= 1139378) AND (id <= 1139477))

table 4 : explain SELECT DISTINCT c FROM sbtest4 WHERE id BETWEEN 1795352 AND 1795451 ORDER BY c
	Unique  (cost=428.48..429.02 rows=107 width=121)
	  ->  Sort  (cost=428.48..428.75 rows=107 width=121)
	        Sort Key: c
	        ->  Index Scan using sbtest4_pkey on sbtest4  (cost=0.43..424.88 rows=107 width=121)
	              Index Cond: ((id >= 1795352) AND (id <= 1795451))

table 5 : explain SELECT DISTINCT c FROM sbtest5 WHERE id BETWEEN 822482 AND 822581 ORDER BY c
	Unique  (cost=451.74..452.31 rows=113 width=121)
	  ->  Sort  (cost=451.74..452.02 rows=113 width=121)
	        Sort Key: c
	        ->  Index Scan using sbtest5_pkey on sbtest5  (cost=0.43..447.89 rows=113 width=121)
	              Index Cond: ((id >= 822482) AND (id <= 822581))

table 6 : explain SELECT DISTINCT c FROM sbtest6 WHERE id BETWEEN 5894616 AND 5894715 ORDER BY c
	Unique  (cost=401.10..401.60 rows=100 width=121)
	  ->  Sort  (cost=401.10..401.35 rows=100 width=121)
	        Sort Key: c
	        ->  Index Scan using sbtest6_pkey on sbtest6  (cost=0.43..397.78 rows=100 width=121)
	              Index Cond: ((id >= 5894616) AND (id <= 5894715))

table 7 : explain SELECT DISTINCT c FROM sbtest7 WHERE id BETWEEN 2547385 AND 2547484 ORDER BY c
	Unique  (cost=408.98..409.49 rows=102 width=121)
	  ->  Sort  (cost=408.98..409.24 rows=102 width=121)
	        Sort Key: c
	        ->  Index Scan using sbtest7_pkey on sbtest7  (cost=0.43..405.58 rows=102 width=121)
	              Index Cond: ((id >= 2547385) AND (id <= 2547484))

table 8 : explain SELECT DISTINCT c FROM sbtest8 WHERE id BETWEEN 7428886 AND 7428985 ORDER BY c
	Unique  (cost=381.37..381.84 rows=95 width=121)
	  ->  Sort  (cost=381.37..381.60 rows=95 width=121)
	        Sort Key: c
	        ->  Index Scan using sbtest8_pkey on sbtest8  (cost=0.43..378.25 rows=95 width=121)
	              Index Cond: ((id >= 7428886) AND (id <= 7428985))

for: sum_ranges
table 1 : explain SELECT SUM(k) FROM sbtest1 WHERE id BETWEEN 1599909 AND 1600008
	Aggregate  (cost=374.79..374.80 rows=1 width=8)
	  ->  Index Scan using sbtest1_pkey on sbtest1  (cost=0.43..374.55 rows=94 width=4)
	        Index Cond: ((id >= 1599909) AND (id <= 1600008))

table 2 : explain SELECT SUM(k) FROM sbtest2 WHERE id BETWEEN 9698978 AND 9699077
	Aggregate  (cost=395.32..395.33 rows=1 width=8)
	  ->  Index Scan using sbtest2_pkey on sbtest2  (cost=0.43..395.07 rows=99 width=4)
	        Index Cond: ((id >= 9698978) AND (id <= 9699077))

table 3 : explain SELECT SUM(k) FROM sbtest3 WHERE id BETWEEN 7639084 AND 7639183
	Aggregate  (cost=425.48..425.49 rows=1 width=8)
	  ->  Index Scan using sbtest3_pkey on sbtest3  (cost=0.43..425.22 rows=107 width=4)
	        Index Cond: ((id >= 7639084) AND (id <= 7639183))

table 4 : explain SELECT SUM(k) FROM sbtest4 WHERE id BETWEEN 1821723 AND 1821822
	Aggregate  (cost=381.91..381.92 rows=1 width=8)
	  ->  Index Scan using sbtest4_pkey on sbtest4  (cost=0.43..381.67 rows=96 width=4)
	        Index Cond: ((id >= 1821723) AND (id <= 1821822))

table 5 : explain SELECT SUM(k) FROM sbtest5 WHERE id BETWEEN 5708677 AND 5708776
	Aggregate  (cost=408.92..408.93 rows=1 width=8)
	  ->  Index Scan using sbtest5_pkey on sbtest5  (cost=0.43..408.66 rows=103 width=4)
	        Index Cond: ((id >= 5708677) AND (id <= 5708776))

table 6 : explain SELECT SUM(k) FROM sbtest6 WHERE id BETWEEN 539594 AND 539693
	Aggregate  (cost=401.97..401.98 rows=1 width=8)
	  ->  Index Scan using sbtest6_pkey on sbtest6  (cost=0.43..401.71 rows=101 width=4)
	        Index Cond: ((id >= 539594) AND (id <= 539693))

table 7 : explain SELECT SUM(k) FROM sbtest7 WHERE id BETWEEN 6883606 AND 6883705
	Aggregate  (cost=405.84..405.85 rows=1 width=8)
	  ->  Index Scan using sbtest7_pkey on sbtest7  (cost=0.43..405.58 rows=102 width=4)
	        Index Cond: ((id >= 6883606) AND (id <= 6883705))

table 8 : explain SELECT SUM(k) FROM sbtest8 WHERE id BETWEEN 9368311 AND 9368410
	Aggregate  (cost=362.74..362.75 rows=1 width=8)
	  ->  Index Scan using sbtest8_pkey on sbtest8  (cost=0.43..362.51 rows=91 width=4)
	        Index Cond: ((id >= 9368311) AND (id <= 9368410))

for: order_ranges
table 1 : explain SELECT c FROM sbtest1 WHERE id BETWEEN 3656711 AND 3656810 ORDER BY c
	Sort  (cost=405.49..405.74 rows=101 width=121)
	  Sort Key: c
	  ->  Index Scan using sbtest1_pkey on sbtest1  (cost=0.43..402.13 rows=101 width=121)
	        Index Cond: ((id >= 3656711) AND (id <= 3656810))

table 2 : explain SELECT c FROM sbtest2 WHERE id BETWEEN 505887 AND 505986 ORDER BY c
	Sort  (cost=418.28..418.54 rows=104 width=121)
	  Sort Key: c
	  ->  Index Scan using sbtest2_pkey on sbtest2  (cost=0.43..414.80 rows=104 width=121)
	        Index Cond: ((id >= 505887) AND (id <= 505986))

table 3 : explain SELECT c FROM sbtest3 WHERE id BETWEEN 2514224 AND 2514323 ORDER BY c
	Sort  (cost=393.08..393.32 rows=98 width=121)
	  Sort Key: c
	  ->  Index Scan using sbtest3_pkey on sbtest3  (cost=0.43..389.84 rows=98 width=121)
	        Index Cond: ((id >= 2514224) AND (id <= 2514323))

table 4 : explain SELECT c FROM sbtest4 WHERE id BETWEEN 3384426 AND 3384525 ORDER BY c
	Sort  (cost=408.64..408.89 rows=102 width=121)
	  Sort Key: c
	  ->  Index Scan using sbtest4_pkey on sbtest4  (cost=0.43..405.24 rows=102 width=121)
	        Index Cond: ((id >= 3384426) AND (id <= 3384525))

table 5 : explain SELECT c FROM sbtest5 WHERE id BETWEEN 3394114 AND 3394213 ORDER BY c
	Sort  (cost=392.29..392.53 rows=98 width=121)
	  Sort Key: c
	  ->  Index Scan using sbtest5_pkey on sbtest5  (cost=0.43..389.04 rows=98 width=121)
	        Index Cond: ((id >= 3394114) AND (id <= 3394213))

table 6 : explain SELECT c FROM sbtest6 WHERE id BETWEEN 6950095 AND 6950194 ORDER BY c
	Sort  (cost=416.99..417.25 rows=104 width=121)
	  Sort Key: c
	  ->  Index Scan using sbtest6_pkey on sbtest6  (cost=0.43..413.51 rows=104 width=121)
	        Index Cond: ((id >= 6950095) AND (id <= 6950194))

table 7 : explain SELECT c FROM sbtest7 WHERE id BETWEEN 6583018 AND 6583117 ORDER BY c
	Sort  (cost=385.15..385.39 rows=96 width=121)
	  Sort Key: c
	  ->  Index Scan using sbtest7_pkey on sbtest7  (cost=0.43..381.99 rows=96 width=121)
	        Index Cond: ((id >= 6583018) AND (id <= 6583117))

table 8 : explain SELECT c FROM sbtest8 WHERE id BETWEEN 9982559 AND 9982658 ORDER BY c
	Sort  (cost=413.18..413.44 rows=103 width=121)
	  Sort Key: c
	  ->  Index Scan using sbtest8_pkey on sbtest8  (cost=0.43..409.74 rows=103 width=121)
	        Index Cond: ((id >= 9982559) AND (id <= 9982658))

for: sum_ranges
table 1 : explain SELECT SUM(k) FROM sbtest1 WHERE id BETWEEN 4067726 AND 4067825
	Aggregate  (cost=394.50..394.51 rows=1 width=8)
	  ->  Index Scan using sbtest1_pkey on sbtest1  (cost=0.43..394.26 rows=99 width=4)
	        Index Cond: ((id >= 4067726) AND (id <= 4067825))

table 2 : explain SELECT SUM(k) FROM sbtest2 WHERE id BETWEEN 7604485 AND 7604584
	Aggregate  (cost=371.62..371.63 rows=1 width=8)
	  ->  Index Scan using sbtest2_pkey on sbtest2  (cost=0.43..371.39 rows=93 width=4)
	        Index Cond: ((id >= 7604485) AND (id <= 7604584))

table 3 : explain SELECT SUM(k) FROM sbtest3 WHERE id BETWEEN 466467 AND 466566
	Aggregate  (cost=394.02..394.03 rows=1 width=8)
	  ->  Index Scan using sbtest3_pkey on sbtest3  (cost=0.43..393.77 rows=99 width=4)
	        Index Cond: ((id >= 466467) AND (id <= 466566))

table 4 : explain SELECT SUM(k) FROM sbtest4 WHERE id BETWEEN 9522917 AND 9523016
	Aggregate  (cost=401.56..401.57 rows=1 width=8)
	  ->  Index Scan using sbtest4_pkey on sbtest4  (cost=0.43..401.31 rows=101 width=4)
	        Index Cond: ((id >= 9522917) AND (id <= 9523016))

table 5 : explain SELECT SUM(k) FROM sbtest5 WHERE id BETWEEN 2166091 AND 2166190
	Aggregate  (cost=369.64..369.65 rows=1 width=8)
	  ->  Index Scan using sbtest5_pkey on sbtest5  (cost=0.43..369.41 rows=93 width=4)
	        Index Cond: ((id >= 2166091) AND (id <= 2166190))

table 6 : explain SELECT SUM(k) FROM sbtest6 WHERE id BETWEEN 733410 AND 733509
	Aggregate  (cost=362.60..362.61 rows=1 width=8)
	  ->  Index Scan using sbtest6_pkey on sbtest6  (cost=0.43..362.37 rows=91 width=4)
	        Index Cond: ((id >= 733410) AND (id <= 733509))

table 7 : explain SELECT SUM(k) FROM sbtest7 WHERE id BETWEEN 2359017 AND 2359116
	Aggregate  (cost=449.11..449.12 rows=1 width=8)
	  ->  Index Scan using sbtest7_pkey on sbtest7  (cost=0.43..448.82 rows=113 width=4)
	        Index Cond: ((id >= 2359017) AND (id <= 2359116))

table 8 : explain SELECT SUM(k) FROM sbtest8 WHERE id BETWEEN 3460160 AND 3460259
	Aggregate  (cost=382.42..382.43 rows=1 width=8)
	  ->  Index Scan using sbtest8_pkey on sbtest8  (cost=0.43..382.18 rows=96 width=4)
	        Index Cond: ((id >= 3460160) AND (id <= 3460259))

for: order_ranges
table 1 : explain SELECT c FROM sbtest1 WHERE id BETWEEN 3662937 AND 3663036 ORDER BY c
	Sort  (cost=405.49..405.74 rows=101 width=121)
	  Sort Key: c
	  ->  Index Scan using sbtest1_pkey on sbtest1  (cost=0.43..402.13 rows=101 width=121)
	        Index Cond: ((id >= 3662937) AND (id <= 3663036))

table 2 : explain SELECT c FROM sbtest2 WHERE id BETWEEN 4054643 AND 4054742 ORDER BY c
	Sort  (cost=410.31..410.56 rows=102 width=121)
	  Sort Key: c
	  ->  Index Scan using sbtest2_pkey on sbtest2  (cost=0.43..406.91 rows=102 width=121)
	        Index Cond: ((id >= 4054643) AND (id <= 4054742))

table 3 : explain SELECT c FROM sbtest3 WHERE id BETWEEN 5618541 AND 5618640 ORDER BY c
	Sort  (cost=408.96..409.22 rows=102 width=121)
	  Sort Key: c
	  ->  Index Scan using sbtest3_pkey on sbtest3  (cost=0.43..405.56 rows=102 width=121)
	        Index Cond: ((id >= 5618541) AND (id <= 5618640))

table 4 : explain SELECT c FROM sbtest4 WHERE id BETWEEN 946696 AND 946795 ORDER BY c
	Sort  (cost=388.80..389.04 rows=97 width=121)
	  Sort Key: c
	  ->  Index Scan using sbtest4_pkey on sbtest4  (cost=0.43..385.60 rows=97 width=121)
	        Index Cond: ((id >= 946696) AND (id <= 946795))

table 5 : explain SELECT c FROM sbtest5 WHERE id BETWEEN 9268922 AND 9269021 ORDER BY c
	Sort  (cost=408.14..408.39 rows=102 width=121)
	  Sort Key: c
	  ->  Index Scan using sbtest5_pkey on sbtest5  (cost=0.43..404.74 rows=102 width=121)
	        Index Cond: ((id >= 9268922) AND (id <= 9269021))

table 6 : explain SELECT c FROM sbtest6 WHERE id BETWEEN 9412718 AND 9412817 ORDER BY c
	Sort  (cost=405.08..405.33 rows=101 width=121)
	  Sort Key: c
	  ->  Index Scan using sbtest6_pkey on sbtest6  (cost=0.43..401.71 rows=101 width=121)
	        Index Cond: ((id >= 9412718) AND (id <= 9412817))

table 7 : explain SELECT c FROM sbtest7 WHERE id BETWEEN 297842 AND 297941 ORDER BY c
	Sort  (cost=408.98..409.24 rows=102 width=121)
	  Sort Key: c
	  ->  Index Scan using sbtest7_pkey on sbtest7  (cost=0.43..405.58 rows=102 width=121)
	        Index Cond: ((id >= 297842) AND (id <= 297941))

table 8 : explain SELECT c FROM sbtest8 WHERE id BETWEEN 3146600 AND 3146699 ORDER BY c
	Sort  (cost=488.70..489.00 rows=122 width=121)
	  Sort Key: c
	  ->  Index Scan using sbtest8_pkey on sbtest8  (cost=0.43..484.47 rows=122 width=121)
	        Index Cond: ((id >= 3146600) AND (id <= 3146699))

for: order_ranges
table 1 : explain SELECT c FROM sbtest1 WHERE id BETWEEN 4840826 AND 4840925 ORDER BY c
	Sort  (cost=381.61..381.85 rows=95 width=121)
	  Sort Key: c
	  ->  Index Scan using sbtest1_pkey on sbtest1  (cost=0.43..378.49 rows=95 width=121)
	        Index Cond: ((id >= 4840826) AND (id <= 4840925))

table 2 : explain SELECT c FROM sbtest2 WHERE id BETWEEN 5098279 AND 5098378 ORDER BY c
	Sort  (cost=402.34..402.59 rows=100 width=121)
	  Sort Key: c
	  ->  Index Scan using sbtest2_pkey on sbtest2  (cost=0.43..399.02 rows=100 width=121)
	        Index Cond: ((id >= 5098279) AND (id <= 5098378))

table 3 : explain SELECT c FROM sbtest3 WHERE id BETWEEN 5576023 AND 5576122 ORDER BY c
	Sort  (cost=420.88..421.14 rows=105 width=121)
	  Sort Key: c
	  ->  Index Scan using sbtest3_pkey on sbtest3  (cost=0.43..417.35 rows=105 width=121)
	        Index Cond: ((id >= 5576023) AND (id <= 5576122))

table 4 : explain SELECT c FROM sbtest4 WHERE id BETWEEN 5519854 AND 5519953 ORDER BY c
	Sort  (cost=444.36..444.64 rows=111 width=121)
	  Sort Key: c
	  ->  Index Scan using sbtest4_pkey on sbtest4  (cost=0.43..440.59 rows=111 width=121)
	        Index Cond: ((id >= 5519854) AND (id <= 5519953))

table 5 : explain SELECT c FROM sbtest5 WHERE id BETWEEN 2047102 AND 2047201 ORDER BY c
	Sort  (cost=427.96..428.22 rows=107 width=121)
	  Sort Key: c
	  ->  Index Scan using sbtest5_pkey on sbtest5  (cost=0.43..424.35 rows=107 width=121)
	        Index Cond: ((id >= 2047102) AND (id <= 2047201))

table 6 : explain SELECT c FROM sbtest6 WHERE id BETWEEN 1714241 AND 1714340 ORDER BY c
	Sort  (cost=381.24..381.48 rows=95 width=121)
	  Sort Key: c
	  ->  Index Scan using sbtest6_pkey on sbtest6  (cost=0.43..378.12 rows=95 width=121)
	        Index Cond: ((id >= 1714241) AND (id <= 1714340))

table 7 : explain SELECT c FROM sbtest7 WHERE id BETWEEN 2284800 AND 2284899 ORDER BY c
	Sort  (cost=452.68..452.96 rows=113 width=121)
	  Sort Key: c
	  ->  Index Scan using sbtest7_pkey on sbtest7  (cost=0.43..448.82 rows=113 width=121)
	        Index Cond: ((id >= 2284800) AND (id <= 2284899))

table 8 : explain SELECT c FROM sbtest8 WHERE id BETWEEN 4824101 AND 4824200 ORDER BY c
	Sort  (cost=401.26..401.51 rows=100 width=121)
	  Sort Key: c
	  ->  Index Scan using sbtest8_pkey on sbtest8  (cost=0.43..397.93 rows=100 width=121)
	        Index Cond: ((id >= 4824101) AND (id <= 4824200))

for: distinct_ranges
table 1 : explain SELECT DISTINCT c FROM sbtest1 WHERE id BETWEEN 5029874 AND 5029973 ORDER BY c
	Unique  (cost=433.33..433.87 rows=108 width=121)
	  ->  Sort  (cost=433.33..433.60 rows=108 width=121)
	        Sort Key: c
	        ->  Index Scan using sbtest1_pkey on sbtest1  (cost=0.43..429.68 rows=108 width=121)
	              Index Cond: ((id >= 5029874) AND (id <= 5029973))

table 2 : explain SELECT DISTINCT c FROM sbtest2 WHERE id BETWEEN 8031026 AND 8031125 ORDER BY c
	Unique  (cost=410.31..410.82 rows=102 width=121)
	  ->  Sort  (cost=410.31..410.56 rows=102 width=121)
	        Sort Key: c
	        ->  Index Scan using sbtest2_pkey on sbtest2  (cost=0.43..406.91 rows=102 width=121)
	              Index Cond: ((id >= 8031026) AND (id <= 8031125))

table 3 : explain SELECT DISTINCT c FROM sbtest3 WHERE id BETWEEN 3981328 AND 3981427 ORDER BY c
	Unique  (cost=404.99..405.50 rows=101 width=121)
	  ->  Sort  (cost=404.99..405.25 rows=101 width=121)
	        Sort Key: c
	        ->  Index Scan using sbtest3_pkey on sbtest3  (cost=0.43..401.63 rows=101 width=121)
	              Index Cond: ((id >= 3981328) AND (id <= 3981427))

table 4 : explain SELECT DISTINCT c FROM sbtest4 WHERE id BETWEEN 3046147 AND 3046246 ORDER BY c
	Unique  (cost=396.73..397.23 rows=99 width=121)
	  ->  Sort  (cost=396.73..396.98 rows=99 width=121)
	        Sort Key: c
	        ->  Index Scan using sbtest4_pkey on sbtest4  (cost=0.43..393.45 rows=99 width=121)
	              Index Cond: ((id >= 3046147) AND (id <= 3046246))

table 5 : explain SELECT DISTINCT c FROM sbtest5 WHERE id BETWEEN 6900167 AND 6900266 ORDER BY c
	Unique  (cost=388.32..388.81 rows=97 width=121)
	  ->  Sort  (cost=388.32..388.57 rows=97 width=121)
	        Sort Key: c
	        ->  Index Scan using sbtest5_pkey on sbtest5  (cost=0.43..385.12 rows=97 width=121)
	              Index Cond: ((id >= 6900167) AND (id <= 6900266))

table 6 : explain SELECT DISTINCT c FROM sbtest6 WHERE id BETWEEN 7496344 AND 7496443 ORDER BY c
	Unique  (cost=420.97..421.49 rows=105 width=121)
	  ->  Sort  (cost=420.97..421.23 rows=105 width=121)
	        Sort Key: c
	        ->  Index Scan using sbtest6_pkey on sbtest6  (cost=0.43..417.44 rows=105 width=121)
	              Index Cond: ((id >= 7496344) AND (id <= 7496443))

table 7 : explain SELECT DISTINCT c FROM sbtest7 WHERE id BETWEEN 3094394 AND 3094493 ORDER BY c
	Unique  (cost=401.04..401.54 rows=100 width=121)
	  ->  Sort  (cost=401.04..401.29 rows=100 width=121)
	        Sort Key: c
	        ->  Index Scan using sbtest7_pkey on sbtest7  (cost=0.43..397.72 rows=100 width=121)
	              Index Cond: ((id >= 3094394) AND (id <= 3094493))

table 8 : explain SELECT DISTINCT c FROM sbtest8 WHERE id BETWEEN 2308731 AND 2308830 ORDER BY c
	Unique  (cost=448.95..449.51 rows=112 width=121)
	  ->  Sort  (cost=448.95..449.23 rows=112 width=121)
	        Sort Key: c
	        ->  Index Scan using sbtest8_pkey on sbtest8  (cost=0.43..445.14 rows=112 width=121)
	              Index Cond: ((id >= 2308731) AND (id <= 2308830))

for: distinct_ranges
table 1 : explain SELECT DISTINCT c FROM sbtest1 WHERE id BETWEEN 3047221 AND 3047320 ORDER BY c
	Unique  (cost=409.47..409.98 rows=102 width=121)
	  ->  Sort  (cost=409.47..409.72 rows=102 width=121)
	        Sort Key: c
	        ->  Index Scan using sbtest1_pkey on sbtest1  (cost=0.43..406.06 rows=102 width=121)
	              Index Cond: ((id >= 3047221) AND (id <= 3047320))

table 2 : explain SELECT DISTINCT c FROM sbtest2 WHERE id BETWEEN 602295 AND 602394 ORDER BY c
	Unique  (cost=390.38..390.87 rows=97 width=121)
	  ->  Sort  (cost=390.38..390.63 rows=97 width=121)
	        Sort Key: c
	        ->  Index Scan using sbtest2_pkey on sbtest2  (cost=0.43..387.18 rows=97 width=121)
	              Index Cond: ((id >= 602295) AND (id <= 602394))

table 3 : explain SELECT DISTINCT c FROM sbtest3 WHERE id BETWEEN 6500186 AND 6500285 ORDER BY c
	Unique  (cost=389.11..389.59 rows=97 width=121)
	  ->  Sort  (cost=389.11..389.35 rows=97 width=121)
	        Sort Key: c
	        ->  Index Scan using sbtest3_pkey on sbtest3  (cost=0.43..385.91 rows=97 width=121)
	              Index Cond: ((id >= 6500186) AND (id <= 6500285))

table 4 : explain SELECT DISTINCT c FROM sbtest4 WHERE id BETWEEN 5378621 AND 5378720 ORDER BY c
	Unique  (cost=420.54..421.07 rows=105 width=121)
	  ->  Sort  (cost=420.54..420.81 rows=105 width=121)
	        Sort Key: c
	        ->  Index Scan using sbtest4_pkey on sbtest4  (cost=0.43..417.02 rows=105 width=121)
	              Index Cond: ((id >= 5378621) AND (id <= 5378720))

table 5 : explain SELECT DISTINCT c FROM sbtest5 WHERE id BETWEEN 5017961 AND 5018060 ORDER BY c
	Unique  (cost=384.34..384.82 rows=96 width=121)
	  ->  Sort  (cost=384.34..384.58 rows=96 width=121)
	        Sort Key: c
	        ->  Index Scan using sbtest5_pkey on sbtest5  (cost=0.43..381.17 rows=96 width=121)
	              Index Cond: ((id >= 5017961) AND (id <= 5018060))

table 6 : explain SELECT DISTINCT c FROM sbtest6 WHERE id BETWEEN 5510489 AND 5510588 ORDER BY c
	Unique  (cost=416.99..417.51 rows=104 width=121)
	  ->  Sort  (cost=416.99..417.25 rows=104 width=121)
	        Sort Key: c
	        ->  Index Scan using sbtest6_pkey on sbtest6  (cost=0.43..413.51 rows=104 width=121)
	              Index Cond: ((id >= 5510489) AND (id <= 5510588))

table 7 : explain SELECT DISTINCT c FROM sbtest7 WHERE id BETWEEN 1206985 AND 1207084 ORDER BY c
	Unique  (cost=389.13..389.61 rows=97 width=121)
	  ->  Sort  (cost=389.13..389.37 rows=97 width=121)
	        Sort Key: c
	        ->  Index Scan using sbtest7_pkey on sbtest7  (cost=0.43..385.92 rows=97 width=121)
	              Index Cond: ((id >= 1206985) AND (id <= 1207084))

table 8 : explain SELECT DISTINCT c FROM sbtest8 WHERE id BETWEEN 5373253 AND 5373352 ORDER BY c
	Unique  (cost=405.23..405.74 rows=101 width=121)
	  ->  Sort  (cost=405.23..405.48 rows=101 width=121)
	        Sort Key: c
	        ->  Index Scan using sbtest8_pkey on sbtest8  (cost=0.43..401.87 rows=101 width=121)
	              Index Cond: ((id >= 5373253) AND (id <= 5373352))

for: distinct_ranges
table 1 : explain SELECT DISTINCT c FROM sbtest1 WHERE id BETWEEN 2515200 AND 2515299 ORDER BY c
	Unique  (cost=409.47..409.98 rows=102 width=121)
	  ->  Sort  (cost=409.47..409.72 rows=102 width=121)
	        Sort Key: c
	        ->  Index Scan using sbtest1_pkey on sbtest1  (cost=0.43..406.06 rows=102 width=121)
	              Index Cond: ((id >= 2515200) AND (id <= 2515299))

table 2 : explain SELECT DISTINCT c FROM sbtest2 WHERE id BETWEEN 1163795 AND 1163894 ORDER BY c
	Unique  (cost=390.37..390.85 rows=97 width=121)
	  ->  Sort  (cost=390.37..390.61 rows=97 width=121)
	        Sort Key: c
	        ->  Index Scan using sbtest2_pkey on sbtest2  (cost=0.43..387.16 rows=97 width=121)
	              Index Cond: ((id >= 1163795) AND (id <= 1163894))

table 3 : explain SELECT DISTINCT c FROM sbtest3 WHERE id BETWEEN 2358819 AND 2358918 ORDER BY c
	Unique  (cost=412.94..413.45 rows=103 width=121)
	  ->  Sort  (cost=412.94..413.19 rows=103 width=121)
	        Sort Key: c
	        ->  Index Scan using sbtest3_pkey on sbtest3  (cost=0.43..409.49 rows=103 width=121)
	              Index Cond: ((id >= 2358819) AND (id <= 2358918))

table 4 : explain SELECT DISTINCT c FROM sbtest4 WHERE id BETWEEN 62693 AND 62792 ORDER BY c
	Unique  (cost=408.64..409.15 rows=102 width=121)
	  ->  Sort  (cost=408.64..408.89 rows=102 width=121)
	        Sort Key: c
	        ->  Index Scan using sbtest4_pkey on sbtest4  (cost=0.43..405.24 rows=102 width=121)
	              Index Cond: ((id >= 62693) AND (id <= 62792))

table 5 : explain SELECT DISTINCT c FROM sbtest5 WHERE id BETWEEN 6879450 AND 6879549 ORDER BY c
	Unique  (cost=388.32..388.81 rows=97 width=121)
	  ->  Sort  (cost=388.32..388.57 rows=97 width=121)
	        Sort Key: c
	        ->  Index Scan using sbtest5_pkey on sbtest5  (cost=0.43..385.12 rows=97 width=121)
	              Index Cond: ((id >= 6879450) AND (id <= 6879549))

table 6 : explain SELECT DISTINCT c FROM sbtest6 WHERE id BETWEEN 6671372 AND 6671471 ORDER BY c
	Unique  (cost=365.33..365.79 rows=91 width=121)
	  ->  Sort  (cost=365.33..365.56 rows=91 width=121)
	        Sort Key: c
	        ->  Index Scan using sbtest6_pkey on sbtest6  (cost=0.43..362.37 rows=91 width=121)
	              Index Cond: ((id >= 6671372) AND (id <= 6671471))

table 7 : explain SELECT DISTINCT c FROM sbtest7 WHERE id BETWEEN 5079143 AND 5079242 ORDER BY c
	Unique  (cost=420.90..421.42 rows=105 width=121)
	  ->  Sort  (cost=420.90..421.16 rows=105 width=121)
	        Sort Key: c
	        ->  Index Scan using sbtest7_pkey on sbtest7  (cost=0.43..417.37 rows=105 width=121)
	              Index Cond: ((id >= 5079143) AND (id <= 5079242))

table 8 : explain SELECT DISTINCT c FROM sbtest8 WHERE id BETWEEN 9917187 AND 9917286 ORDER BY c
	Unique  (cost=413.18..413.69 rows=103 width=121)
	  ->  Sort  (cost=413.18..413.44 rows=103 width=121)
	        Sort Key: c
	        ->  Index Scan using sbtest8_pkey on sbtest8  (cost=0.43..409.74 rows=103 width=121)
	              Index Cond: ((id >= 9917187) AND (id <= 9917286))

Threads started!

Warming up for 5 seconds...

SQL statistics:
    queries performed:
        read:                            260603236
        write:                           0
        other:                           37229056
        total:                           297832292
    transactions:                        18614548 (29546.57 per sec.)
    queries:                             297832292 (472744.38 per sec.)
    ignored errors:                      0      (0.00 per sec.)
    reconnects:                          0      (0.00 per sec.)

Throughput:
    events/s (eps):                      29546.5709
    time elapsed:                        630.0072s
    total number of events:              18614548

Latency (ms):
         min:                                    1.10
         avg:                                    1.35
         max:                                   17.44
         95th percentile:                        1.42
         sum:                             25181290.21

Threads fairness:
    events (avg/stddev):           465363.0000/2314.91
    execution time (avg/stddev):   629.5323/0.01

