LUA_PATH=/home/mdcallag/git/mytools/bench/sysbench.lua/lua/?.lua /home/mdcallag/git/mytools/bench/sysbench.lua/lua/sysbench --db-driver=pgsql --range-size=1000 --table-size=10000000 --tables=8 --threads=40 --events=0 --warmup-time=5 --time=630 --pgsql_conn_id=true /home/mdcallag/git/mytools/bench/sysbench.lua/lua/oltp_read_only.lua run --pgsql-user=root --pgsql-password=pw --pgsql-host=127.0.0.1 --pgsql-db=ib --rand-type=uniform --simple-ranges=0 --sum-ranges=1 --order-ranges=0 --distinct-ranges=0
48 CPUs
sysbench 1.1.0-9072687 (using bundled LuaJIT 2.1.0-beta3)

Running the test with following options:
Number of threads: 40
Warmup time: 5s
Initializing random number generator from current time


Initializing worker threads...

explain: for point_selects :: explain SELECT c FROM sbtest%u WHERE id=%u
explain: for point_selects :: explain SELECT c FROM sbtest%u WHERE id=%u
explain: for point_selects :: explain SELECT c FROM sbtest%u WHERE id=%u
explain: for point_selects :: explain SELECT c FROM sbtest%u WHERE id=%u
explain: for point_selects :: explain SELECT c FROM sbtest%u WHERE id=%u
explain: for point_selects :: explain SELECT c FROM sbtest%u WHERE id=%u
for point_selects
table 1 : explain SELECT c FROM sbtest1 WHERE id=5180533
	Index Scan using sbtest1_pkey on sbtest1  (cost=0.43..8.45 rows=1 width=121)
	  Index Cond: (id = 5180533)

table 2 : explain SELECT c FROM sbtest2 WHERE id=9676506
	Index Scan using sbtest2_pkey on sbtest2  (cost=0.43..8.45 rows=1 width=121)
	  Index Cond: (id = 9676506)

table 3 : explain SELECT c FROM sbtest3 WHERE id=625930
	Index Scan using sbtest3_pkey on sbtest3  (cost=0.43..8.45 rows=1 width=121)
	  Index Cond: (id = 625930)

table 4 : explain SELECT c FROM sbtest4 WHERE id=1251739
	Index Scan using sbtest4_pkey on sbtest4  (cost=0.43..8.45 rows=1 width=121)
	  Index Cond: (id = 1251739)

table 5 : explain SELECT c FROM sbtest5 WHERE id=370526
	Index Scan using sbtest5_pkey on sbtest5  (cost=0.43..8.45 rows=1 width=121)
	  Index Cond: (id = 370526)

table 6 : explain SELECT c FROM sbtest6 WHERE id=6763043
	Index Scan using sbtest6_pkey on sbtest6  (cost=0.43..8.45 rows=1 width=121)
	  Index Cond: (id = 6763043)

table 7 : explain SELECT c FROM sbtest7 WHERE id=1179498
	Index Scan using sbtest7_pkey on sbtest7  (cost=0.43..8.45 rows=1 width=121)
	  Index Cond: (id = 1179498)

table 8 : explain SELECT c FROM sbtest8 WHERE id=4265689
	Index Scan using sbtest8_pkey on sbtest8  (cost=0.43..8.45 rows=1 width=121)
	  Index Cond: (id = 4265689)

for point_selects
table 1 : explain SELECT c FROM sbtest1 WHERE id=7282491
	Index Scan using sbtest1_pkey on sbtest1  (cost=0.43..8.45 rows=1 width=121)
	  Index Cond: (id = 7282491)

table 2 : explain SELECT c FROM sbtest2 WHERE id=8713444
	Index Scan using sbtest2_pkey on sbtest2  (cost=0.43..8.45 rows=1 width=121)
	  Index Cond: (id = 8713444)

table 3 : explain SELECT c FROM sbtest3 WHERE id=5607298
	Index Scan using sbtest3_pkey on sbtest3  (cost=0.43..8.45 rows=1 width=121)
	  Index Cond: (id = 5607298)

table 4 : explain SELECT c FROM sbtest4 WHERE id=5697198
	Index Scan using sbtest4_pkey on sbtest4  (cost=0.43..8.45 rows=1 width=121)
	  Index Cond: (id = 5697198)

table 5 : explain SELECT c FROM sbtest5 WHERE id=5281074
	Index Scan using sbtest5_pkey on sbtest5  (cost=0.43..8.45 rows=1 width=121)
	  Index Cond: (id = 5281074)

table 6 : explain SELECT c FROM sbtest6 WHERE id=1758340
	Index Scan using sbtest6_pkey on sbtest6  (cost=0.43..8.45 rows=1 width=121)
	  Index Cond: (id = 1758340)

table 7 : explain SELECT c FROM sbtest7 WHERE id=9505772
	Index Scan using sbtest7_pkey on sbtest7  (cost=0.43..8.45 rows=1 width=121)
	  Index Cond: (id = 9505772)

table 8 : explain SELECT c FROM sbtest8 WHERE id=5853129
	Index Scan using sbtest8_pkey on sbtest8  (cost=0.43..8.45 rows=1 width=121)
	  Index Cond: (id = 5853129)

for point_selects
table 1 : explain SELECT c FROM sbtest1 WHERE id=2093616
	Index Scan using sbtest1_pkey on sbtest1  (cost=0.43..8.45 rows=1 width=121)
	  Index Cond: (id = 2093616)

table 2 : explain SELECT c FROM sbtest2 WHERE id=2828930
	Index Scan using sbtest2_pkey on sbtest2  (cost=0.43..8.45 rows=1 width=121)
	  Index Cond: (id = 2828930)

table 3 : explain SELECT c FROM sbtest3 WHERE id=5264175
	Index Scan using sbtest3_pkey on sbtest3  (cost=0.43..8.45 rows=1 width=121)
	  Index Cond: (id = 5264175)

table 4 : explain SELECT c FROM sbtest4 WHERE id=7675935
	Index Scan using sbtest4_pkey on sbtest4  (cost=0.43..8.45 rows=1 width=121)
	  Index Cond: (id = 7675935)

table 5 : explain SELECT c FROM sbtest5 WHERE id=9259021
	Index Scan using sbtest5_pkey on sbtest5  (cost=0.43..8.45 rows=1 width=121)
	  Index Cond: (id = 9259021)

table 6 : explain SELECT c FROM sbtest6 WHERE id=9427362
	Index Scan using sbtest6_pkey on sbtest6  (cost=0.43..8.45 rows=1 width=121)
	  Index Cond: (id = 9427362)

table 7 : explain SELECT c FROM sbtest7 WHERE id=9673067
	Index Scan using sbtest7_pkey on sbtest7  (cost=0.43..8.45 rows=1 width=121)
	  Index Cond: (id = 9673067)

table 8 : explain SELECT c FROM sbtest8 WHERE id=7285554
	Index Scan using sbtest8_pkey on sbtest8  (cost=0.43..8.45 rows=1 width=121)
	  Index Cond: (id = 7285554)

explain: for point_selects :: explain SELECT c FROM sbtest%u WHERE id=%u
for point_selects
table 1 : explain SELECT c FROM sbtest1 WHERE id=2773125
	Index Scan using sbtest1_pkey on sbtest1  (cost=0.43..8.45 rows=1 width=121)
	  Index Cond: (id = 2773125)

table 2 : explain SELECT c FROM sbtest2 WHERE id=4927623
	Index Scan using sbtest2_pkey on sbtest2  (cost=0.43..8.45 rows=1 width=121)
	  Index Cond: (id = 4927623)

table 3 : explain SELECT c FROM sbtest3 WHERE id=2234983
	Index Scan using sbtest3_pkey on sbtest3  (cost=0.43..8.45 rows=1 width=121)
	  Index Cond: (id = 2234983)

table 4 : explain SELECT c FROM sbtest4 WHERE id=8389145
	Index Scan using sbtest4_pkey on sbtest4  (cost=0.43..8.45 rows=1 width=121)
	  Index Cond: (id = 8389145)

table 5 : explain SELECT c FROM sbtest5 WHERE id=9088181
	Index Scan using sbtest5_pkey on sbtest5  (cost=0.43..8.45 rows=1 width=121)
	  Index Cond: (id = 9088181)

table 6 : explain SELECT c FROM sbtest6 WHERE id=1230935
	Index Scan using sbtest6_pkey on sbtest6  (cost=0.43..8.45 rows=1 width=121)
	  Index Cond: (id = 1230935)

table 7 : explain SELECT c FROM sbtest7 WHERE id=51671
	Index Scan using sbtest7_pkey on sbtest7  (cost=0.43..8.45 rows=1 width=121)
	  Index Cond: (id = 51671)

table 8 : explain SELECT c FROM sbtest8 WHERE id=4555965
	Index Scan using sbtest8_pkey on sbtest8  (cost=0.43..8.45 rows=1 width=121)
	  Index Cond: (id = 4555965)

for point_selects
table 1 : explain SELECT c FROM sbtest1 WHERE id=7295706
	Index Scan using sbtest1_pkey on sbtest1  (cost=0.43..8.45 rows=1 width=121)
	  Index Cond: (id = 7295706)

table 2 : explain SELECT c FROM sbtest2 WHERE id=6356893
	Index Scan using sbtest2_pkey on sbtest2  (cost=0.43..8.45 rows=1 width=121)
	  Index Cond: (id = 6356893)

table 3 : explain SELECT c FROM sbtest3 WHERE id=6618243
	Index Scan using sbtest3_pkey on sbtest3  (cost=0.43..8.45 rows=1 width=121)
	  Index Cond: (id = 6618243)

table 4 : explain SELECT c FROM sbtest4 WHERE id=8044636
	Index Scan using sbtest4_pkey on sbtest4  (cost=0.43..8.45 rows=1 width=121)
	  Index Cond: (id = 8044636)

table 5 : explain SELECT c FROM sbtest5 WHERE id=683204
	Index Scan using sbtest5_pkey on sbtest5  (cost=0.43..8.45 rows=1 width=121)
	  Index Cond: (id = 683204)

table 6 : explain SELECT c FROM sbtest6 WHERE id=8423563
	Index Scan using sbtest6_pkey on sbtest6  (cost=0.43..8.45 rows=1 width=121)
	  Index Cond: (id = 8423563)

table 7 : explain SELECT c FROM sbtest7 WHERE id=3355909
	Index Scan using sbtest7_pkey on sbtest7  (cost=0.43..8.45 rows=1 width=121)
	  Index Cond: (id = 3355909)

table 8 : explain SELECT c FROM sbtest8 WHERE id=6416215
	Index Scan using sbtest8_pkey on sbtest8  (cost=0.43..8.45 rows=1 width=121)
	  Index Cond: (id = 6416215)

for point_selects
table 1 : explain SELECT c FROM sbtest1 WHERE id=6763056
	Index Scan using sbtest1_pkey on sbtest1  (cost=0.43..8.45 rows=1 width=121)
	  Index Cond: (id = 6763056)

table 2 : explain SELECT c FROM sbtest2 WHERE id=6258273
	Index Scan using sbtest2_pkey on sbtest2  (cost=0.43..8.45 rows=1 width=121)
	  Index Cond: (id = 6258273)

table 3 : explain SELECT c FROM sbtest3 WHERE id=7936080
	Index Scan using sbtest3_pkey on sbtest3  (cost=0.43..8.45 rows=1 width=121)
	  Index Cond: (id = 7936080)

table 4 : explain SELECT c FROM sbtest4 WHERE id=6773223
	Index Scan using sbtest4_pkey on sbtest4  (cost=0.43..8.45 rows=1 width=121)
	  Index Cond: (id = 6773223)

table 5 : explain SELECT c FROM sbtest5 WHERE id=553659
	Index Scan using sbtest5_pkey on sbtest5  (cost=0.43..8.45 rows=1 width=121)
	  Index Cond: (id = 553659)

table 6 : explain SELECT c FROM sbtest6 WHERE id=3849313
	Index Scan using sbtest6_pkey on sbtest6  (cost=0.43..8.45 rows=1 width=121)
	  Index Cond: (id = 3849313)

table 7 : explain SELECT c FROM sbtest7 WHERE id=9098269
	Index Scan using sbtest7_pkey on sbtest7  (cost=0.43..8.45 rows=1 width=121)
	  Index Cond: (id = 9098269)

table 8 : explain SELECT c FROM sbtest8 WHERE id=3661141
	Index Scan using sbtest8_pkey on sbtest8  (cost=0.43..8.45 rows=1 width=121)
	  Index Cond: (id = 3661141)

explain: for point_selects :: explain SELECT c FROM sbtest%u WHERE id=%u
for: simple_ranges
table 1 : explain SELECT c FROM sbtest1 WHERE id BETWEEN 7484649 AND 7485648
	Bitmap Heap Scan on sbtest1  (cost=30.71..3880.07 rows=1002 width=121)
	  Recheck Cond: ((id >= 7484649) AND (id <= 7485648))
	  ->  Bitmap Index Scan on sbtest1_pkey  (cost=0.00..30.45 rows=1002 width=0)
	        Index Cond: ((id >= 7484649) AND (id <= 7485648))

table 2 : explain SELECT c FROM sbtest2 WHERE id BETWEEN 2684995 AND 2685994
	Bitmap Heap Scan on sbtest2  (cost=30.17..3682.63 rows=950 width=121)
	  Recheck Cond: ((id >= 2684995) AND (id <= 2685994))
	  ->  Bitmap Index Scan on sbtest2_pkey  (cost=0.00..29.93 rows=950 width=0)
	        Index Cond: ((id >= 2684995) AND (id <= 2685994))

table 3 : explain SELECT c FROM sbtest3 WHERE id BETWEEN 5342393 AND 5343392
	Bitmap Heap Scan on sbtest3  (cost=35.80..4292.62 rows=1109 width=121)
	  Recheck Cond: ((id >= 5342393) AND (id <= 5343392))
	  ->  Bitmap Index Scan on sbtest3_pkey  (cost=0.00..35.53 rows=1109 width=0)
	        Index Cond: ((id >= 5342393) AND (id <= 5343392))

table 4 : explain SELECT c FROM sbtest4 WHERE id BETWEEN 8998299 AND 8999298
	Bitmap Heap Scan on sbtest4  (cost=31.48..4170.50 rows=1078 width=121)
	  Recheck Cond: ((id >= 8998299) AND (id <= 8999298))
	  ->  Bitmap Index Scan on sbtest4_pkey  (cost=0.00..31.21 rows=1078 width=0)
	        Index Cond: ((id >= 8998299) AND (id <= 8999298))

table 5 : explain SELECT c FROM sbtest5 WHERE id BETWEEN 2148237 AND 2149236
	Bitmap Heap Scan on sbtest5  (cost=26.00..3614.88 rows=933 width=121)
	  Recheck Cond: ((id >= 2148237) AND (id <= 2149236))
	  ->  Bitmap Index Scan on sbtest5_pkey  (cost=0.00..25.76 rows=933 width=0)
	        Index Cond: ((id >= 2148237) AND (id <= 2149236))

table 6 : explain SELECT c FROM sbtest6 WHERE id BETWEEN 8648939 AND 8649938
	Bitmap Heap Scan on sbtest6  (cost=29.96..3605.19 rows=929 width=121)
	  Recheck Cond: ((id >= 8648939) AND (id <= 8649938))
	  ->  Bitmap Index Scan on sbtest6_pkey  (cost=0.00..29.72 rows=929 width=0)
	        Index Cond: ((id >= 8648939) AND (id <= 8649938))

table 7 : explain SELECT c FROM sbtest7 WHERE id BETWEEN 3768594 AND 3769593
	Bitmap Heap Scan on sbtest7  (cost=30.29..3730.39 rows=961 width=121)
	  Recheck Cond: ((id >= 3768594) AND (id <= 3769593))
	  ->  Bitmap Index Scan on sbtest7_pkey  (cost=0.00..30.04 rows=961 width=0)
	        Index Cond: ((id >= 3768594) AND (id <= 3769593))

table 8 : explain SELECT c FROM sbtest8 WHERE id BETWEEN 2957541 AND 2958540
	Bitmap Heap Scan on sbtest8  (cost=31.44..4149.73 rows=1074 width=121)
	  Recheck Cond: ((id >= 2957541) AND (id <= 2958540))
	  ->  Bitmap Index Scan on sbtest8_pkey  (cost=0.00..31.18 rows=1074 width=0)
	        Index Cond: ((id >= 2957541) AND (id <= 2958540))

for: simple_ranges
table 1 : explain SELECT c FROM sbtest1 WHERE id BETWEEN 5089201 AND 5090200
	Bitmap Heap Scan on sbtest1  (cost=31.55..4188.87 rows=1084 width=121)
	  Recheck Cond: ((id >= 5089201) AND (id <= 5090200))
	  ->  Bitmap Index Scan on sbtest1_pkey  (cost=0.00..31.27 rows=1084 width=0)
	        Index Cond: ((id >= 5089201) AND (id <= 5090200))

table 2 : explain SELECT c FROM sbtest2 WHERE id BETWEEN 8484207 AND 8485206
	Bitmap Heap Scan on sbtest2  (cost=30.60..3841.10 rows=992 width=121)
	  Recheck Cond: ((id >= 8484207) AND (id <= 8485206))
	  ->  Bitmap Index Scan on sbtest2_pkey  (cost=0.00..30.36 rows=992 width=0)
	        Index Cond: ((id >= 8484207) AND (id <= 8485206))

table 3 : explain SELECT c FROM sbtest3 WHERE id BETWEEN 6023516 AND 6024515
	Bitmap Heap Scan on sbtest3  (cost=30.42..3779.18 rows=974 width=121)
	  Recheck Cond: ((id >= 6023516) AND (id <= 6024515))
	  ->  Bitmap Index Scan on sbtest3_pkey  (cost=0.00..30.18 rows=974 width=0)
	        Index Cond: ((id >= 6023516) AND (id <= 6024515))

table 4 : explain SELECT c FROM sbtest4 WHERE id BETWEEN 2147389 AND 2148388
	Bitmap Heap Scan on sbtest4  (cost=30.62..3853.61 rows=994 width=121)
	  Recheck Cond: ((id >= 2147389) AND (id <= 2148388))
	  ->  Bitmap Index Scan on sbtest4_pkey  (cost=0.00..30.37 rows=994 width=0)
	        Index Cond: ((id >= 2147389) AND (id <= 2148388))

table 5 : explain SELECT c FROM sbtest5 WHERE id BETWEEN 7670558 AND 7671557
	Bitmap Heap Scan on sbtest5  (cost=30.41..3769.93 rows=973 width=121)
	  Recheck Cond: ((id >= 7670558) AND (id <= 7671557))
	  ->  Bitmap Index Scan on sbtest5_pkey  (cost=0.00..30.16 rows=973 width=0)
	        Index Cond: ((id >= 7670558) AND (id <= 7671557))

table 6 : explain SELECT c FROM sbtest6 WHERE id BETWEEN 9568040 AND 9569039
	Bitmap Heap Scan on sbtest6  (cost=30.76..3899.77 rows=1007 width=121)
	  Recheck Cond: ((id >= 9568040) AND (id <= 9569039))
	  ->  Bitmap Index Scan on sbtest6_pkey  (cost=0.00..30.50 rows=1007 width=0)
	        Index Cond: ((id >= 9568040) AND (id <= 9569039))

table 7 : explain SELECT c FROM sbtest7 WHERE id BETWEEN 6556372 AND 6557371
	Bitmap Heap Scan on sbtest7  (cost=30.27..3726.61 rows=960 width=121)
	  Recheck Cond: ((id >= 6556372) AND (id <= 6557371))
	  ->  Bitmap Index Scan on sbtest7_pkey  (cost=0.00..30.04 rows=960 width=0)
	        Index Cond: ((id >= 6556372) AND (id <= 6557371))

table 8 : explain SELECT c FROM sbtest8 WHERE id BETWEEN 8468935 AND 8469934
	Bitmap Heap Scan on sbtest8  (cost=30.49..3799.52 rows=981 width=121)
	  Recheck Cond: ((id >= 8468935) AND (id <= 8469934))
	  ->  Bitmap Index Scan on sbtest8_pkey  (cost=0.00..30.25 rows=981 width=0)
	        Index Cond: ((id >= 8468935) AND (id <= 8469934))

for: simple_ranges
table 1 : explain SELECT c FROM sbtest1 WHERE id BETWEEN 4536926 AND 4537925
	Bitmap Heap Scan on sbtest1  (cost=30.24..3710.24 rows=957 width=121)
	  Recheck Cond: ((id >= 4536926) AND (id <= 4537925))
	  ->  Bitmap Index Scan on sbtest1_pkey  (cost=0.00..30.00 rows=957 width=0)
	        Index Cond: ((id >= 4536926) AND (id <= 4537925))

table 2 : explain SELECT c FROM sbtest2 WHERE id BETWEEN 4754855 AND 4755854
	Bitmap Heap Scan on sbtest2  (cost=31.83..4292.64 rows=1112 width=121)
	  Recheck Cond: ((id >= 4754855) AND (id <= 4755854))
	  ->  Bitmap Index Scan on sbtest2_pkey  (cost=0.00..31.55 rows=1112 width=0)
	        Index Cond: ((id >= 4754855) AND (id <= 4755854))

table 3 : explain SELECT c FROM sbtest3 WHERE id BETWEEN 4060830 AND 4061829
	Bitmap Heap Scan on sbtest3  (cost=35.70..4254.96 rows=1099 width=121)
	  Recheck Cond: ((id >= 4060830) AND (id <= 4061829))
	  ->  Bitmap Index Scan on sbtest3_pkey  (cost=0.00..35.43 rows=1099 width=0)
	        Index Cond: ((id >= 4060830) AND (id <= 4061829))

table 4 : explain SELECT c FROM sbtest4 WHERE id BETWEEN 9791871 AND 9792870
	Bitmap Heap Scan on sbtest4  (cost=30.22..3706.19 rows=955 width=121)
	  Recheck Cond: ((id >= 9791871) AND (id <= 9792870))
	  ->  Bitmap Index Scan on sbtest4_pkey  (cost=0.00..29.98 rows=955 width=0)
	        Index Cond: ((id >= 9791871) AND (id <= 9792870))

table 5 : explain SELECT c FROM sbtest5 WHERE id BETWEEN 1735038 AND 1736037
	Bitmap Heap Scan on sbtest5  (cost=25.77..3531.72 rows=911 width=121)
	  Recheck Cond: ((id >= 1735038) AND (id <= 1736037))
	  ->  Bitmap Index Scan on sbtest5_pkey  (cost=0.00..25.54 rows=911 width=0)
	        Index Cond: ((id >= 1735038) AND (id <= 1736037))

table 6 : explain SELECT c FROM sbtest6 WHERE id BETWEEN 216847 AND 217846
	Bitmap Heap Scan on sbtest6  (cost=30.84..3929.94 rows=1015 width=121)
	  Recheck Cond: ((id >= 216847) AND (id <= 217846))
	  ->  Bitmap Index Scan on sbtest6_pkey  (cost=0.00..30.58 rows=1015 width=0)
	        Index Cond: ((id >= 216847) AND (id <= 217846))

table 7 : explain SELECT c FROM sbtest7 WHERE id BETWEEN 4719580 AND 4720579
	Bitmap Heap Scan on sbtest7  (cost=30.95..3976.10 rows=1026 width=121)
	  Recheck Cond: ((id >= 4719580) AND (id <= 4720579))
	  ->  Bitmap Index Scan on sbtest7_pkey  (cost=0.00..30.69 rows=1026 width=0)
	        Index Cond: ((id >= 4719580) AND (id <= 4720579))

table 8 : explain SELECT c FROM sbtest8 WHERE id BETWEEN 3908139 AND 3909138
	Bitmap Heap Scan on sbtest8  (cost=30.27..3720.28 rows=960 width=121)
	  Recheck Cond: ((id >= 3908139) AND (id <= 3909138))
	  ->  Bitmap Index Scan on sbtest8_pkey  (cost=0.00..30.04 rows=960 width=0)
	        Index Cond: ((id >= 3908139) AND (id <= 3909138))

for: simple_ranges
table 1 : explain SELECT c FROM sbtest1 WHERE id BETWEEN 5811500 AND 5812499
	Bitmap Heap Scan on sbtest1  (cost=31.29..4094.81 rows=1059 width=121)
	  Recheck Cond: ((id >= 5811500) AND (id <= 5812499))
	  ->  Bitmap Index Scan on sbtest1_pkey  (cost=0.00..31.02 rows=1059 width=0)
	        Index Cond: ((id >= 5811500) AND (id <= 5812499))

table 2 : explain SELECT c FROM sbtest2 WHERE id BETWEEN 7979861 AND 7980860
	Bitmap Heap Scan on sbtest2  (cost=31.11..4025.70 rows=1041 width=121)
	  Recheck Cond: ((id >= 7979861) AND (id <= 7980860))
	  ->  Bitmap Index Scan on sbtest2_pkey  (cost=0.00..30.84 rows=1041 width=0)
	        Index Cond: ((id >= 7979861) AND (id <= 7980860))

table 3 : explain SELECT c FROM sbtest3 WHERE id BETWEEN 7786920 AND 7787919
	Bitmap Heap Scan on sbtest3  (cost=31.38..4134.13 rows=1068 width=121)
	  Recheck Cond: ((id >= 7786920) AND (id <= 7787919))
	  ->  Bitmap Index Scan on sbtest3_pkey  (cost=0.00..31.11 rows=1068 width=0)
	        Index Cond: ((id >= 7786920) AND (id <= 7787919))

table 4 : explain SELECT c FROM sbtest4 WHERE id BETWEEN 6811050 AND 6812049
	Bitmap Heap Scan on sbtest4  (cost=26.07..3645.43 rows=940 width=121)
	  Recheck Cond: ((id >= 6811050) AND (id <= 6812049))
	  ->  Bitmap Index Scan on sbtest4_pkey  (cost=0.00..25.83 rows=940 width=0)
	        Index Cond: ((id >= 6811050) AND (id <= 6812049))

table 5 : explain SELECT c FROM sbtest5 WHERE id BETWEEN 5018776 AND 5019775
	Bitmap Heap Scan on sbtest5  (cost=30.32..3735.96 rows=964 width=121)
	  Recheck Cond: ((id >= 5018776) AND (id <= 5019775))
	  ->  Bitmap Index Scan on sbtest5_pkey  (cost=0.00..30.07 rows=964 width=0)
	        Index Cond: ((id >= 5018776) AND (id <= 5019775))

table 6 : explain SELECT c FROM sbtest6 WHERE id BETWEEN 5004347 AND 5005346
	Bitmap Heap Scan on sbtest6  (cost=30.18..3688.36 rows=951 width=121)
	  Recheck Cond: ((id >= 5004347) AND (id <= 5005346))
	  ->  Bitmap Index Scan on sbtest6_pkey  (cost=0.00..29.94 rows=951 width=0)
	        Index Cond: ((id >= 5004347) AND (id <= 5005346))

table 7 : explain SELECT c FROM sbtest7 WHERE id BETWEEN 7154978 AND 7155977
	Bitmap Heap Scan on sbtest7  (cost=31.07..4021.41 rows=1038 width=121)
	  Recheck Cond: ((id >= 7154978) AND (id <= 7155977))
	  ->  Bitmap Index Scan on sbtest7_pkey  (cost=0.00..30.82 rows=1038 width=0)
	        Index Cond: ((id >= 7154978) AND (id <= 7155977))

table 8 : explain SELECT c FROM sbtest8 WHERE id BETWEEN 4033881 AND 4034880
	Bitmap Heap Scan on sbtest8  (cost=30.78..3905.07 rows=1009 width=121)
	  Recheck Cond: ((id >= 4033881) AND (id <= 4034880))
	  ->  Bitmap Index Scan on sbtest8_pkey  (cost=0.00..30.52 rows=1009 width=0)
	        Index Cond: ((id >= 4033881) AND (id <= 4034880))

for: simple_ranges
table 1 : explain SELECT c FROM sbtest1 WHERE id BETWEEN 5218791 AND 5219790
	Bitmap Heap Scan on sbtest1  (cost=25.81..3547.50 rows=915 width=121)
	  Recheck Cond: ((id >= 5218791) AND (id <= 5219790))
	  ->  Bitmap Index Scan on sbtest1_pkey  (cost=0.00..25.58 rows=915 width=0)
	        Index Cond: ((id >= 5218791) AND (id <= 5219790))

table 2 : explain SELECT c FROM sbtest2 WHERE id BETWEEN 3904487 AND 3905486
	Bitmap Heap Scan on sbtest2  (cost=31.94..4326.46 rows=1122 width=121)
	  Recheck Cond: ((id >= 3904487) AND (id <= 3905486))
	  ->  Bitmap Index Scan on sbtest2_pkey  (cost=0.00..31.65 rows=1122 width=0)
	        Index Cond: ((id >= 3904487) AND (id <= 3905486))

table 3 : explain SELECT c FROM sbtest3 WHERE id BETWEEN 2154878 AND 2155877
	Bitmap Heap Scan on sbtest3  (cost=30.82..3926.58 rows=1013 width=121)
	  Recheck Cond: ((id >= 2154878) AND (id <= 2155877))
	  ->  Bitmap Index Scan on sbtest3_pkey  (cost=0.00..30.57 rows=1013 width=0)
	        Index Cond: ((id >= 2154878) AND (id <= 2155877))

table 4 : explain SELECT c FROM sbtest4 WHERE id BETWEEN 8389559 AND 8390558
	Bitmap Heap Scan on sbtest4  (cost=30.31..3736.44 rows=963 width=121)
	  Recheck Cond: ((id >= 8389559) AND (id <= 8390558))
	  ->  Bitmap Index Scan on sbtest4_pkey  (cost=0.00..30.07 rows=963 width=0)
	        Index Cond: ((id >= 8389559) AND (id <= 8390558))

table 5 : explain SELECT c FROM sbtest5 WHERE id BETWEEN 65811 AND 66810
	Bitmap Heap Scan on sbtest5  (cost=25.74..3520.37 rows=908 width=121)
	  Recheck Cond: ((id >= 65811) AND (id <= 66810))
	  ->  Bitmap Index Scan on sbtest5_pkey  (cost=0.00..25.51 rows=908 width=0)
	        Index Cond: ((id >= 65811) AND (id <= 66810))

table 6 : explain SELECT c FROM sbtest6 WHERE id BETWEEN 5837909 AND 5838908
	Bitmap Heap Scan on sbtest6  (cost=30.73..3888.46 rows=1004 width=121)
	  Recheck Cond: ((id >= 5837909) AND (id <= 5838908))
	  ->  Bitmap Index Scan on sbtest6_pkey  (cost=0.00..30.47 rows=1004 width=0)
	        Index Cond: ((id >= 5837909) AND (id <= 5838908))

table 7 : explain SELECT c FROM sbtest7 WHERE id BETWEEN 9270332 AND 9271331
	Bitmap Heap Scan on sbtest7  (cost=30.19..3696.33 rows=952 width=121)
	  Recheck Cond: ((id >= 9270332) AND (id <= 9271331))
	  ->  Bitmap Index Scan on sbtest7_pkey  (cost=0.00..29.95 rows=952 width=0)
	        Index Cond: ((id >= 9270332) AND (id <= 9271331))

table 8 : explain SELECT c FROM sbtest8 WHERE id BETWEEN 8638257 AND 8639256
	Bitmap Heap Scan on sbtest8  (cost=30.19..3690.09 rows=952 width=121)
	  Recheck Cond: ((id >= 8638257) AND (id <= 8639256))
	  ->  Bitmap Index Scan on sbtest8_pkey  (cost=0.00..29.95 rows=952 width=0)
	        Index Cond: ((id >= 8638257) AND (id <= 8639256))

for point_selects
table 1 : explain SELECT c FROM sbtest1 WHERE id=8046188
	Index Scan using sbtest1_pkey on sbtest1  (cost=0.43..8.45 rows=1 width=121)
	  Index Cond: (id = 8046188)

table 2 : explain SELECT c FROM sbtest2 WHERE id=9744739
	Index Scan using sbtest2_pkey on sbtest2  (cost=0.43..8.45 rows=1 width=121)
	  Index Cond: (id = 9744739)

table 3 : explain SELECT c FROM sbtest3 WHERE id=2712654
	Index Scan using sbtest3_pkey on sbtest3  (cost=0.43..8.45 rows=1 width=121)
	  Index Cond: (id = 2712654)

table 4 : explain SELECT c FROM sbtest4 WHERE id=7654293
	Index Scan using sbtest4_pkey on sbtest4  (cost=0.43..8.45 rows=1 width=121)
	  Index Cond: (id = 7654293)

table 5 : explain SELECT c FROM sbtest5 WHERE id=8953922
	Index Scan using sbtest5_pkey on sbtest5  (cost=0.43..8.45 rows=1 width=121)
	  Index Cond: (id = 8953922)

table 6 : explain SELECT c FROM sbtest6 WHERE id=3474173
	Index Scan using sbtest6_pkey on sbtest6  (cost=0.43..8.45 rows=1 width=121)
	  Index Cond: (id = 3474173)

table 7 : explain SELECT c FROM sbtest7 WHERE id=9047692
	Index Scan using sbtest7_pkey on sbtest7  (cost=0.43..8.45 rows=1 width=121)
	  Index Cond: (id = 9047692)

table 8 : explain SELECT c FROM sbtest8 WHERE id=3754342
	Index Scan using sbtest8_pkey on sbtest8  (cost=0.43..8.45 rows=1 width=121)
	  Index Cond: (id = 3754342)

for: simple_ranges
table 1 : explain SELECT c FROM sbtest1 WHERE id BETWEEN 8529401 AND 8530400
	Bitmap Heap Scan on sbtest1  (cost=25.72..3513.46 rows=906 width=121)
	  Recheck Cond: ((id >= 8529401) AND (id <= 8530400))
	  ->  Bitmap Index Scan on sbtest1_pkey  (cost=0.00..25.50 rows=906 width=0)
	        Index Cond: ((id >= 8529401) AND (id <= 8530400))

table 2 : explain SELECT c FROM sbtest2 WHERE id BETWEEN 4732831 AND 4733830
	Bitmap Heap Scan on sbtest2  (cost=30.10..3656.20 rows=943 width=121)
	  Recheck Cond: ((id >= 4732831) AND (id <= 4733830))
	  ->  Bitmap Index Scan on sbtest2_pkey  (cost=0.00..29.86 rows=943 width=0)
	        Index Cond: ((id >= 4732831) AND (id <= 4733830))

table 3 : explain SELECT c FROM sbtest3 WHERE id BETWEEN 4770561 AND 4771560
	Bitmap Heap Scan on sbtest3  (cost=29.91..3589.93 rows=924 width=121)
	  Recheck Cond: ((id >= 4770561) AND (id <= 4771560))
	  ->  Bitmap Index Scan on sbtest3_pkey  (cost=0.00..29.68 rows=924 width=0)
	        Index Cond: ((id >= 4770561) AND (id <= 4771560))

table 4 : explain SELECT c FROM sbtest4 WHERE id BETWEEN 4555660 AND 4556659
	Bitmap Heap Scan on sbtest4  (cost=31.55..4193.10 rows=1084 width=121)
	  Recheck Cond: ((id >= 4555660) AND (id <= 4556659))
	  ->  Bitmap Index Scan on sbtest4_pkey  (cost=0.00..31.27 rows=1084 width=0)
	        Index Cond: ((id >= 4555660) AND (id <= 4556659))

table 5 : explain SELECT c FROM sbtest5 WHERE id BETWEEN 6839377 AND 6840376
	Bitmap Heap Scan on sbtest5  (cost=30.38..3758.61 rows=970 width=121)
	  Recheck Cond: ((id >= 6839377) AND (id <= 6840376))
	  ->  Bitmap Index Scan on sbtest5_pkey  (cost=0.00..30.14 rows=970 width=0)
	        Index Cond: ((id >= 6839377) AND (id <= 6840376))

table 6 : explain SELECT c FROM sbtest6 WHERE id BETWEEN 1630458 AND 1631457
	Bitmap Heap Scan on sbtest6  (cost=30.25..3714.81 rows=958 width=121)
	  Recheck Cond: ((id >= 1630458) AND (id <= 1631457))
	  ->  Bitmap Index Scan on sbtest6_pkey  (cost=0.00..30.01 rows=958 width=0)
	        Index Cond: ((id >= 1630458) AND (id <= 1631457))

table 7 : explain SELECT c FROM sbtest7 WHERE id BETWEEN 846958 AND 847957
	Bitmap Heap Scan on sbtest7  (cost=31.39..4138.36 rows=1069 width=121)
	  Recheck Cond: ((id >= 846958) AND (id <= 847957))
	  ->  Bitmap Index Scan on sbtest7_pkey  (cost=0.00..31.12 rows=1069 width=0)
	        Index Cond: ((id >= 846958) AND (id <= 847957))

table 8 : explain SELECT c FROM sbtest8 WHERE id BETWEEN 5265384 AND 5266383
	Bitmap Heap Scan on sbtest8  (cost=31.84..4292.54 rows=1113 width=121)
	  Recheck Cond: ((id >= 5265384) AND (id <= 5266383))
	  ->  Bitmap Index Scan on sbtest8_pkey  (cost=0.00..31.57 rows=1113 width=0)
	        Index Cond: ((id >= 5265384) AND (id <= 5266383))

explain: for point_selects :: explain SELECT c FROM sbtest%u WHERE id=%u
explain: for point_selects :: explain SELECT c FROM sbtest%u WHERE id=%u
explain: for point_selects :: explain SELECT c FROM sbtest%u WHERE id=%u
for point_selects
table 1 : explain SELECT c FROM sbtest1 WHERE id=6362440
	Index Scan using sbtest1_pkey on sbtest1  (cost=0.43..8.45 rows=1 width=121)
	  Index Cond: (id = 6362440)

table 2 : explain SELECT c FROM sbtest2 WHERE id=2457869
	Index Scan using sbtest2_pkey on sbtest2  (cost=0.43..8.45 rows=1 width=121)
	  Index Cond: (id = 2457869)

table 3 : explain SELECT c FROM sbtest3 WHERE id=6030222
	Index Scan using sbtest3_pkey on sbtest3  (cost=0.43..8.45 rows=1 width=121)
	  Index Cond: (id = 6030222)

table 4 : explain SELECT c FROM sbtest4 WHERE id=8369461
	Index Scan using sbtest4_pkey on sbtest4  (cost=0.43..8.45 rows=1 width=121)
	  Index Cond: (id = 8369461)

table 5 : explain SELECT c FROM sbtest5 WHERE id=3722485
	Index Scan using sbtest5_pkey on sbtest5  (cost=0.43..8.45 rows=1 width=121)
	  Index Cond: (id = 3722485)

table 6 : explain SELECT c FROM sbtest6 WHERE id=7666703
	Index Scan using sbtest6_pkey on sbtest6  (cost=0.43..8.45 rows=1 width=121)
	  Index Cond: (id = 7666703)

table 7 : explain SELECT c FROM sbtest7 WHERE id=3753065
	Index Scan using sbtest7_pkey on sbtest7  (cost=0.43..8.45 rows=1 width=121)
	  Index Cond: (id = 3753065)

table 8 : explain SELECT c FROM sbtest8 WHERE id=2889447
	Index Scan using sbtest8_pkey on sbtest8  (cost=0.43..8.45 rows=1 width=121)
	  Index Cond: (id = 2889447)

for: simple_ranges
table 1 : explain SELECT c FROM sbtest1 WHERE id BETWEEN 5977634 AND 5978633
	Bitmap Heap Scan on sbtest1  (cost=30.71..3880.07 rows=1002 width=121)
	  Recheck Cond: ((id >= 5977634) AND (id <= 5978633))
	  ->  Bitmap Index Scan on sbtest1_pkey  (cost=0.00..30.45 rows=1002 width=0)
	        Index Cond: ((id >= 5977634) AND (id <= 5978633))

table 2 : explain SELECT c FROM sbtest2 WHERE id BETWEEN 4249526 AND 4250525
	Bitmap Heap Scan on sbtest2  (cost=30.81..3916.49 rows=1012 width=121)
	  Recheck Cond: ((id >= 4249526) AND (id <= 4250525))
	  ->  Bitmap Index Scan on sbtest2_pkey  (cost=0.00..30.55 rows=1012 width=0)
	        Index Cond: ((id >= 4249526) AND (id <= 4250525))

table 3 : explain SELECT c FROM sbtest3 WHERE id BETWEEN 4316926 AND 4317925
	Bitmap Heap Scan on sbtest3  (cost=30.65..3866.13 rows=997 width=121)
	  Recheck Cond: ((id >= 4316926) AND (id <= 4317925))
	  ->  Bitmap Index Scan on sbtest3_pkey  (cost=0.00..30.40 rows=997 width=0)
	        Index Cond: ((id >= 4316926) AND (id <= 4317925))

table 4 : explain SELECT c FROM sbtest4 WHERE id BETWEEN 6198082 AND 6199081
	Bitmap Heap Scan on sbtest4  (cost=30.31..3736.44 rows=963 width=121)
	  Recheck Cond: ((id >= 6198082) AND (id <= 6199081))
	  ->  Bitmap Index Scan on sbtest4_pkey  (cost=0.00..30.07 rows=963 width=0)
	        Index Cond: ((id >= 6198082) AND (id <= 6199081))

table 5 : explain SELECT c FROM sbtest5 WHERE id BETWEEN 6123318 AND 6124317
	Bitmap Heap Scan on sbtest5  (cost=30.98..3981.05 rows=1029 width=121)
	  Recheck Cond: ((id >= 6123318) AND (id <= 6124317))
	  ->  Bitmap Index Scan on sbtest5_pkey  (cost=0.00..30.72 rows=1029 width=0)
	        Index Cond: ((id >= 6123318) AND (id <= 6124317))

table 6 : explain SELECT c FROM sbtest6 WHERE id BETWEEN 1936917 AND 1937916
	Bitmap Heap Scan on sbtest6  (cost=30.38..3760.13 rows=970 width=121)
	  Recheck Cond: ((id >= 1936917) AND (id <= 1937916))
	  ->  Bitmap Index Scan on sbtest6_pkey  (cost=0.00..30.14 rows=970 width=0)
	        Index Cond: ((id >= 1936917) AND (id <= 1937916))

table 7 : explain SELECT c FROM sbtest7 WHERE id BETWEEN 831302 AND 832301
	Bitmap Heap Scan on sbtest7  (cost=31.39..4138.36 rows=1069 width=121)
	  Recheck Cond: ((id >= 831302) AND (id <= 832301))
	  ->  Bitmap Index Scan on sbtest7_pkey  (cost=0.00..31.12 rows=1069 width=0)
	        Index Cond: ((id >= 831302) AND (id <= 832301))

table 8 : explain SELECT c FROM sbtest8 WHERE id BETWEEN 7956494 AND 7957493
	Bitmap Heap Scan on sbtest8  (cost=25.54..3444.19 rows=888 width=121)
	  Recheck Cond: ((id >= 7956494) AND (id <= 7957493))
	  ->  Bitmap Index Scan on sbtest8_pkey  (cost=0.00..25.32 rows=888 width=0)
	        Index Cond: ((id >= 7956494) AND (id <= 7957493))

for point_selects
table 1 : explain SELECT c FROM sbtest1 WHERE id=9836750
	Index Scan using sbtest1_pkey on sbtest1  (cost=0.43..8.45 rows=1 width=121)
	  Index Cond: (id = 9836750)

table 2 : explain SELECT c FROM sbtest2 WHERE id=9499037
	Index Scan using sbtest2_pkey on sbtest2  (cost=0.43..8.45 rows=1 width=121)
	  Index Cond: (id = 9499037)

table 3 : explain SELECT c FROM sbtest3 WHERE id=9045507
	Index Scan using sbtest3_pkey on sbtest3  (cost=0.43..8.45 rows=1 width=121)
	  Index Cond: (id = 9045507)

table 4 : explain SELECT c FROM sbtest4 WHERE id=5954068
	Index Scan using sbtest4_pkey on sbtest4  (cost=0.43..8.45 rows=1 width=121)
	  Index Cond: (id = 5954068)

table 5 : explain SELECT c FROM sbtest5 WHERE id=954471
	Index Scan using sbtest5_pkey on sbtest5  (cost=0.43..8.45 rows=1 width=121)
	  Index Cond: (id = 954471)

table 6 : explain SELECT c FROM sbtest6 WHERE id=9490819
	Index Scan using sbtest6_pkey on sbtest6  (cost=0.43..8.45 rows=1 width=121)
	  Index Cond: (id = 9490819)

table 7 : explain SELECT c FROM sbtest7 WHERE id=768916
	Index Scan using sbtest7_pkey on sbtest7  (cost=0.43..8.45 rows=1 width=121)
	  Index Cond: (id = 768916)

table 8 : explain SELECT c FROM sbtest8 WHERE id=5058549
	Index Scan using sbtest8_pkey on sbtest8  (cost=0.43..8.45 rows=1 width=121)
	  Index Cond: (id = 5058549)

for point_selects
table 1 : explain SELECT c FROM sbtest1 WHERE id=6925192
	Index Scan using sbtest1_pkey on sbtest1  (cost=0.43..8.45 rows=1 width=121)
	  Index Cond: (id = 6925192)

table 2 : explain SELECT c FROM sbtest2 WHERE id=2466319
	Index Scan using sbtest2_pkey on sbtest2  (cost=0.43..8.45 rows=1 width=121)
	  Index Cond: (id = 2466319)

table 3 : explain SELECT c FROM sbtest3 WHERE id=4622867
	Index Scan using sbtest3_pkey on sbtest3  (cost=0.43..8.45 rows=1 width=121)
	  Index Cond: (id = 4622867)

table 4 : explain SELECT c FROM sbtest4 WHERE id=7291566
	Index Scan using sbtest4_pkey on sbtest4  (cost=0.43..8.45 rows=1 width=121)
	  Index Cond: (id = 7291566)

table 5 : explain SELECT c FROM sbtest5 WHERE id=1841924
	Index Scan using sbtest5_pkey on sbtest5  (cost=0.43..8.45 rows=1 width=121)
	  Index Cond: (id = 1841924)

table 6 : explain SELECT c FROM sbtest6 WHERE id=6712951
	Index Scan using sbtest6_pkey on sbtest6  (cost=0.43..8.45 rows=1 width=121)
	  Index Cond: (id = 6712951)

table 7 : explain SELECT c FROM sbtest7 WHERE id=8241606
	Index Scan using sbtest7_pkey on sbtest7  (cost=0.43..8.45 rows=1 width=121)
	  Index Cond: (id = 8241606)

table 8 : explain SELECT c FROM sbtest8 WHERE id=8568678
	Index Scan using sbtest8_pkey on sbtest8  (cost=0.43..8.45 rows=1 width=121)
	  Index Cond: (id = 8568678)

for: simple_ranges
table 1 : explain SELECT c FROM sbtest1 WHERE id BETWEEN 123074 AND 124073
	Bitmap Heap Scan on sbtest1  (cost=30.63..3853.67 rows=995 width=121)
	  Recheck Cond: ((id >= 123074) AND (id <= 124073))
	  ->  Bitmap Index Scan on sbtest1_pkey  (cost=0.00..30.39 rows=995 width=0)
	        Index Cond: ((id >= 123074) AND (id <= 124073))

table 2 : explain SELECT c FROM sbtest2 WHERE id BETWEEN 9531358 AND 9532357
	Bitmap Heap Scan on sbtest2  (cost=30.55..3822.25 rows=987 width=121)
	  Recheck Cond: ((id >= 9531358) AND (id <= 9532357))
	  ->  Bitmap Index Scan on sbtest2_pkey  (cost=0.00..30.30 rows=987 width=0)
	        Index Cond: ((id >= 9531358) AND (id <= 9532357))

table 3 : explain SELECT c FROM sbtest3 WHERE id BETWEEN 5772605 AND 5773604
	Bitmap Heap Scan on sbtest3  (cost=30.95..3975.67 rows=1026 width=121)
	  Recheck Cond: ((id >= 5772605) AND (id <= 5773604))
	  ->  Bitmap Index Scan on sbtest3_pkey  (cost=0.00..30.69 rows=1026 width=0)
	        Index Cond: ((id >= 5772605) AND (id <= 5773604))

table 4 : explain SELECT c FROM sbtest4 WHERE id BETWEEN 933090 AND 934089
	Bitmap Heap Scan on sbtest4  (cost=30.36..3755.35 rows=968 width=121)
	  Recheck Cond: ((id >= 933090) AND (id <= 934089))
	  ->  Bitmap Index Scan on sbtest4_pkey  (cost=0.00..30.11 rows=968 width=0)
	        Index Cond: ((id >= 933090) AND (id <= 934089))

table 5 : explain SELECT c FROM sbtest5 WHERE id BETWEEN 6228150 AND 6229149
	Bitmap Heap Scan on sbtest5  (cost=30.38..3758.61 rows=970 width=121)
	  Recheck Cond: ((id >= 6228150) AND (id <= 6229149))
	  ->  Bitmap Index Scan on sbtest5_pkey  (cost=0.00..30.14 rows=970 width=0)
	        Index Cond: ((id >= 6228150) AND (id <= 6229149))

table 6 : explain SELECT c FROM sbtest6 WHERE id BETWEEN 2629435 AND 2630434
	Bitmap Heap Scan on sbtest6  (cost=30.38..3760.13 rows=970 width=121)
	  Recheck Cond: ((id >= 2629435) AND (id <= 2630434))
	  ->  Bitmap Index Scan on sbtest6_pkey  (cost=0.00..30.14 rows=970 width=0)
	        Index Cond: ((id >= 2629435) AND (id <= 2630434))

table 7 : explain SELECT c FROM sbtest7 WHERE id BETWEEN 5822933 AND 5823932
	Bitmap Heap Scan on sbtest7  (cost=30.94..3972.33 rows=1025 width=121)
	  Recheck Cond: ((id >= 5822933) AND (id <= 5823932))
	  ->  Bitmap Index Scan on sbtest7_pkey  (cost=0.00..30.68 rows=1025 width=0)
	        Index Cond: ((id >= 5822933) AND (id <= 5823932))

table 8 : explain SELECT c FROM sbtest8 WHERE id BETWEEN 2694414 AND 2695413
	Bitmap Heap Scan on sbtest8  (cost=30.94..3965.35 rows=1025 width=121)
	  Recheck Cond: ((id >= 2694414) AND (id <= 2695413))
	  ->  Bitmap Index Scan on sbtest8_pkey  (cost=0.00..30.68 rows=1025 width=0)
	        Index Cond: ((id >= 2694414) AND (id <= 2695413))

for: simple_ranges
table 1 : explain SELECT c FROM sbtest1 WHERE id BETWEEN 7474761 AND 7475760
	Bitmap Heap Scan on sbtest1  (cost=30.71..3880.07 rows=1002 width=121)
	  Recheck Cond: ((id >= 7474761) AND (id <= 7475760))
	  ->  Bitmap Index Scan on sbtest1_pkey  (cost=0.00..30.45 rows=1002 width=0)
	        Index Cond: ((id >= 7474761) AND (id <= 7475760))

table 2 : explain SELECT c FROM sbtest2 WHERE id BETWEEN 4703566 AND 4704565
	Bitmap Heap Scan on sbtest2  (cost=30.10..3656.20 rows=943 width=121)
	  Recheck Cond: ((id >= 4703566) AND (id <= 4704565))
	  ->  Bitmap Index Scan on sbtest2_pkey  (cost=0.00..29.86 rows=943 width=0)
	        Index Cond: ((id >= 4703566) AND (id <= 4704565))

table 3 : explain SELECT c FROM sbtest3 WHERE id BETWEEN 916816 AND 917815
	Bitmap Heap Scan on sbtest3  (cost=29.70..3514.14 rows=904 width=121)
	  Recheck Cond: ((id >= 916816) AND (id <= 917815))
	  ->  Bitmap Index Scan on sbtest3_pkey  (cost=0.00..29.47 rows=904 width=0)
	        Index Cond: ((id >= 916816) AND (id <= 917815))

table 4 : explain SELECT c FROM sbtest4 WHERE id BETWEEN 7454447 AND 7455446
	Bitmap Heap Scan on sbtest4  (cost=30.19..3694.84 rows=952 width=121)
	  Recheck Cond: ((id >= 7454447) AND (id <= 7455446))
	  ->  Bitmap Index Scan on sbtest4_pkey  (cost=0.00..29.95 rows=952 width=0)
	        Index Cond: ((id >= 7454447) AND (id <= 7455446))

table 5 : explain SELECT c FROM sbtest5 WHERE id BETWEEN 2567430 AND 2568429
	Bitmap Heap Scan on sbtest5  (cost=30.83..3924.54 rows=1014 width=121)
	  Recheck Cond: ((id >= 2567430) AND (id <= 2568429))
	  ->  Bitmap Index Scan on sbtest5_pkey  (cost=0.00..30.57 rows=1014 width=0)
	        Index Cond: ((id >= 2567430) AND (id <= 2568429))

table 6 : explain SELECT c FROM sbtest6 WHERE id BETWEEN 6603187 AND 6604186
	Bitmap Heap Scan on sbtest6  (cost=25.79..3540.67 rows=913 width=121)
	  Recheck Cond: ((id >= 6603187) AND (id <= 6604186))
	  ->  Bitmap Index Scan on sbtest6_pkey  (cost=0.00..25.57 rows=913 width=0)
	        Index Cond: ((id >= 6603187) AND (id <= 6604186))

table 7 : explain SELECT c FROM sbtest7 WHERE id BETWEEN 4088455 AND 4089454
	Bitmap Heap Scan on sbtest7  (cost=29.89..3582.72 rows=922 width=121)
	  Recheck Cond: ((id >= 4088455) AND (id <= 4089454))
	  ->  Bitmap Index Scan on sbtest7_pkey  (cost=0.00..29.65 rows=922 width=0)
	        Index Cond: ((id >= 4088455) AND (id <= 4089454))

table 8 : explain SELECT c FROM sbtest8 WHERE id BETWEEN 8171828 AND 8172827
	Bitmap Heap Scan on sbtest8  (cost=29.98..3610.77 rows=931 width=121)
	  Recheck Cond: ((id >= 8171828) AND (id <= 8172827))
	  ->  Bitmap Index Scan on sbtest8_pkey  (cost=0.00..29.75 rows=931 width=0)
	        Index Cond: ((id >= 8171828) AND (id <= 8172827))

for: sum_ranges
table 1 : explain SELECT SUM(k) FROM sbtest1 WHERE id BETWEEN 2797747 AND 2798746
	Aggregate  (cost=4330.77..4330.78 rows=1 width=8)
	  ->  Bitmap Heap Scan on sbtest1  (cost=31.94..4327.96 rows=1122 width=4)
	        Recheck Cond: ((id >= 2797747) AND (id <= 2798746))
	        ->  Bitmap Index Scan on sbtest1_pkey  (cost=0.00..31.65 rows=1122 width=0)
	              Index Cond: ((id >= 2797747) AND (id <= 2798746))

table 2 : explain SELECT SUM(k) FROM sbtest2 WHERE id BETWEEN 5239994 AND 5240993
	Aggregate  (cost=3703.90..3703.91 rows=1 width=8)
	  ->  Bitmap Heap Scan on sbtest2  (cost=30.22..3701.51 rows=955 width=4)
	        Recheck Cond: ((id >= 5239994) AND (id <= 5240993))
	        ->  Bitmap Index Scan on sbtest2_pkey  (cost=0.00..29.98 rows=955 width=0)
	              Index Cond: ((id >= 5239994) AND (id <= 5240993))

table 3 : explain SELECT SUM(k) FROM sbtest3 WHERE id BETWEEN 5221888 AND 5222887
	Aggregate  (cost=3819.45..3819.46 rows=1 width=8)
	  ->  Bitmap Heap Scan on sbtest3  (cost=30.52..3816.99 rows=984 width=4)
	        Recheck Cond: ((id >= 5221888) AND (id <= 5222887))
	        ->  Bitmap Index Scan on sbtest3_pkey  (cost=0.00..30.27 rows=984 width=0)
	              Index Cond: ((id >= 5221888) AND (id <= 5222887))

table 4 : explain SELECT SUM(k) FROM sbtest4 WHERE id BETWEEN 3349755 AND 3350754
	Aggregate  (cost=3943.00..3943.01 rows=1 width=8)
	  ->  Bitmap Heap Scan on sbtest4  (cost=30.86..3940.46 rows=1017 width=4)
	        Recheck Cond: ((id >= 3349755) AND (id <= 3350754))
	        ->  Bitmap Index Scan on sbtest4_pkey  (cost=0.00..30.61 rows=1017 width=0)
	              Index Cond: ((id >= 3349755) AND (id <= 3350754))

table 5 : explain SELECT SUM(k) FROM sbtest5 WHERE id BETWEEN 376830 AND 377829
	Aggregate  (cost=3666.36..3666.37 rows=1 width=8)
	  ->  Bitmap Heap Scan on sbtest5  (cost=26.13..3664.00 rows=946 width=4)
	        Recheck Cond: ((id >= 376830) AND (id <= 377829))
	        ->  Bitmap Index Scan on sbtest5_pkey  (cost=0.00..25.89 rows=946 width=0)
	              Index Cond: ((id >= 376830) AND (id <= 377829))

table 6 : explain SELECT SUM(k) FROM sbtest6 WHERE id BETWEEN 4116740 AND 4117739
	Aggregate  (cost=3686.96..3686.97 rows=1 width=8)
	  ->  Bitmap Heap Scan on sbtest6  (cost=30.17..3684.58 rows=950 width=4)
	        Recheck Cond: ((id >= 4116740) AND (id <= 4117739))
	        ->  Bitmap Index Scan on sbtest6_pkey  (cost=0.00..29.93 rows=950 width=0)
	              Index Cond: ((id >= 4116740) AND (id <= 4117739))

table 7 : explain SELECT SUM(k) FROM sbtest7 WHERE id BETWEEN 7711472 AND 7712471
	Aggregate  (cost=3547.10..3547.11 rows=1 width=8)
	  ->  Bitmap Heap Scan on sbtest7  (cost=29.78..3544.82 rows=912 width=4)
	        Recheck Cond: ((id >= 7711472) AND (id <= 7712471))
	        ->  Bitmap Index Scan on sbtest7_pkey  (cost=0.00..29.55 rows=912 width=0)
	              Index Cond: ((id >= 7711472) AND (id <= 7712471))

table 8 : explain SELECT SUM(k) FROM sbtest8 WHERE id BETWEEN 4179201 AND 4180200
	Aggregate  (cost=3949.06..3949.07 rows=1 width=8)
	  ->  Bitmap Heap Scan on sbtest8  (cost=30.89..3946.51 rows=1020 width=4)
	        Recheck Cond: ((id >= 4179201) AND (id <= 4180200))
	        ->  Bitmap Index Scan on sbtest8_pkey  (cost=0.00..30.64 rows=1020 width=0)
	              Index Cond: ((id >= 4179201) AND (id <= 4180200))

for: sum_ranges
table 1 : explain SELECT SUM(k) FROM sbtest1 WHERE id BETWEEN 5600613 AND 5601612
	Aggregate  (cost=3961.79..3961.80 rows=1 width=8)
	  ->  Bitmap Heap Scan on sbtest1  (cost=30.92..3959.23 rows=1023 width=4)
	        Recheck Cond: ((id >= 5600613) AND (id <= 5601612))
	        ->  Bitmap Index Scan on sbtest1_pkey  (cost=0.00..30.66 rows=1023 width=0)
	              Index Cond: ((id >= 5600613) AND (id <= 5601612))

table 2 : explain SELECT SUM(k) FROM sbtest2 WHERE id BETWEEN 410730 AND 411729
	Aggregate  (cost=4186.39..4186.40 rows=1 width=8)
	  ->  Bitmap Heap Scan on sbtest2  (cost=31.54..4183.68 rows=1083 width=4)
	        Recheck Cond: ((id >= 410730) AND (id <= 411729))
	        ->  Bitmap Index Scan on sbtest2_pkey  (cost=0.00..31.26 rows=1083 width=0)
	              Index Cond: ((id >= 410730) AND (id <= 411729))

table 3 : explain SELECT SUM(k) FROM sbtest3 WHERE id BETWEEN 4433175 AND 4434174
	Aggregate  (cost=3611.19..3611.20 rows=1 width=8)
	  ->  Bitmap Heap Scan on sbtest3  (cost=29.96..3608.87 rows=929 width=4)
	        Recheck Cond: ((id >= 4433175) AND (id <= 4434174))
	        ->  Bitmap Index Scan on sbtest3_pkey  (cost=0.00..29.72 rows=929 width=0)
	              Index Cond: ((id >= 4433175) AND (id <= 4434174))

table 4 : explain SELECT SUM(k) FROM sbtest4 WHERE id BETWEEN 4110317 AND 4111316
	Aggregate  (cost=4052.49..4052.50 rows=1 width=8)
	  ->  Bitmap Heap Scan on sbtest4  (cost=31.16..4049.88 rows=1046 width=4)
	        Recheck Cond: ((id >= 4110317) AND (id <= 4111316))
	        ->  Bitmap Index Scan on sbtest4_pkey  (cost=0.00..30.89 rows=1046 width=0)
	              Index Cond: ((id >= 4110317) AND (id <= 4111316))

table 5 : explain SELECT SUM(k) FROM sbtest5 WHERE id BETWEEN 9612308 AND 9613307
	Aggregate  (cost=3696.60..3696.61 rows=1 width=8)
	  ->  Bitmap Heap Scan on sbtest5  (cost=26.21..3694.21 rows=954 width=4)
	        Recheck Cond: ((id >= 9612308) AND (id <= 9613307))
	        ->  Bitmap Index Scan on sbtest5_pkey  (cost=0.00..25.97 rows=954 width=0)
	              Index Cond: ((id >= 9612308) AND (id <= 9613307))

table 6 : explain SELECT SUM(k) FROM sbtest6 WHERE id BETWEEN 7218872 AND 7219871
	Aggregate  (cost=3660.48..3660.49 rows=1 width=8)
	  ->  Bitmap Heap Scan on sbtest6  (cost=30.10..3658.13 rows=943 width=4)
	        Recheck Cond: ((id >= 7218872) AND (id <= 7219871))
	        ->  Bitmap Index Scan on sbtest6_pkey  (cost=0.00..29.86 rows=943 width=0)
	              Index Cond: ((id >= 7218872) AND (id <= 7219871))

table 7 : explain SELECT SUM(k) FROM sbtest7 WHERE id BETWEEN 6337482 AND 6338481
	Aggregate  (cost=3630.51..3630.52 rows=1 width=8)
	  ->  Bitmap Heap Scan on sbtest7  (cost=30.01..3628.18 rows=934 width=4)
	        Recheck Cond: ((id >= 6337482) AND (id <= 6338481))
	        ->  Bitmap Index Scan on sbtest7_pkey  (cost=0.00..29.77 rows=934 width=0)
	              Index Cond: ((id >= 6337482) AND (id <= 6338481))

table 8 : explain SELECT SUM(k) FROM sbtest8 WHERE id BETWEEN 1192086 AND 1193085
	Aggregate  (cost=4366.70..4366.71 rows=1 width=8)
	  ->  Bitmap Heap Scan on sbtest8  (cost=32.04..4363.87 rows=1132 width=4)
	        Recheck Cond: ((id >= 1192086) AND (id <= 1193085))
	        ->  Bitmap Index Scan on sbtest8_pkey  (cost=0.00..31.75 rows=1132 width=0)
	              Index Cond: ((id >= 1192086) AND (id <= 1193085))

for: simple_ranges
table 1 : explain SELECT c FROM sbtest1 WHERE id BETWEEN 2114450 AND 2115449
	Bitmap Heap Scan on sbtest1  (cost=30.58..3834.81 rows=990 width=121)
	  Recheck Cond: ((id >= 2114450) AND (id <= 2115449))
	  ->  Bitmap Index Scan on sbtest1_pkey  (cost=0.00..30.33 rows=990 width=0)
	        Index Cond: ((id >= 2114450) AND (id <= 2115449))

table 2 : explain SELECT c FROM sbtest2 WHERE id BETWEEN 6572172 AND 6573171
	Bitmap Heap Scan on sbtest2  (cost=31.34..4112.24 rows=1064 width=121)
	  Recheck Cond: ((id >= 6572172) AND (id <= 6573171))
	  ->  Bitmap Index Scan on sbtest2_pkey  (cost=0.00..31.07 rows=1064 width=0)
	        Index Cond: ((id >= 6572172) AND (id <= 6573171))

table 3 : explain SELECT c FROM sbtest3 WHERE id BETWEEN 1858345 AND 1859344
	Bitmap Heap Scan on sbtest3  (cost=30.96..3979.45 rows=1027 width=121)
	  Recheck Cond: ((id >= 1858345) AND (id <= 1859344))
	  ->  Bitmap Index Scan on sbtest3_pkey  (cost=0.00..30.70 rows=1027 width=0)
	        Index Cond: ((id >= 1858345) AND (id <= 1859344))

table 4 : explain SELECT c FROM sbtest4 WHERE id BETWEEN 2653042 AND 2654041
	Bitmap Heap Scan on sbtest4  (cost=30.80..3917.81 rows=1011 width=121)
	  Recheck Cond: ((id >= 2653042) AND (id <= 2654041))
	  ->  Bitmap Index Scan on sbtest4_pkey  (cost=0.00..30.54 rows=1011 width=0)
	        Index Cond: ((id >= 2653042) AND (id <= 2654041))

table 5 : explain SELECT c FROM sbtest5 WHERE id BETWEEN 3888723 AND 3889722
	Bitmap Heap Scan on sbtest5  (cost=30.52..3811.43 rows=984 width=121)
	  Recheck Cond: ((id >= 3888723) AND (id <= 3889722))
	  ->  Bitmap Index Scan on sbtest5_pkey  (cost=0.00..30.27 rows=984 width=0)
	        Index Cond: ((id >= 3888723) AND (id <= 3889722))

table 6 : explain SELECT c FROM sbtest6 WHERE id BETWEEN 6722321 AND 6723320
	Bitmap Heap Scan on sbtest6  (cost=30.33..3741.25 rows=965 width=121)
	  Recheck Cond: ((id >= 6722321) AND (id <= 6723320))
	  ->  Bitmap Index Scan on sbtest6_pkey  (cost=0.00..30.08 rows=965 width=0)
	        Index Cond: ((id >= 6722321) AND (id <= 6723320))

table 7 : explain SELECT c FROM sbtest7 WHERE id BETWEEN 4825215 AND 4826214
	Bitmap Heap Scan on sbtest7  (cost=36.12..4409.80 rows=1140 width=121)
	  Recheck Cond: ((id >= 4825215) AND (id <= 4826214))
	  ->  Bitmap Index Scan on sbtest7_pkey  (cost=0.00..35.84 rows=1140 width=0)
	        Index Cond: ((id >= 4825215) AND (id <= 4826214))

table 8 : explain SELECT c FROM sbtest8 WHERE id BETWEEN 8733697 AND 8734696
	Bitmap Heap Scan on sbtest8  (cost=31.23..4070.74 rows=1053 width=121)
	  Recheck Cond: ((id >= 8733697) AND (id <= 8734696))
	  ->  Bitmap Index Scan on sbtest8_pkey  (cost=0.00..30.96 rows=1053 width=0)
	        Index Cond: ((id >= 8733697) AND (id <= 8734696))

for: sum_ranges
table 1 : explain SELECT SUM(k) FROM sbtest1 WHERE id BETWEEN 2283656 AND 2284655
	Aggregate  (cost=3432.40..3432.41 rows=1 width=8)
	  ->  Bitmap Heap Scan on sbtest1  (cost=25.50..3430.19 rows=884 width=4)
	        Recheck Cond: ((id >= 2283656) AND (id <= 2284655))
	        ->  Bitmap Index Scan on sbtest1_pkey  (cost=0.00..25.27 rows=884 width=0)
	              Index Cond: ((id >= 2283656) AND (id <= 2284655))

table 2 : explain SELECT SUM(k) FROM sbtest2 WHERE id BETWEEN 5482526 AND 5483525
	Aggregate  (cost=4065.96..4065.97 rows=1 width=8)
	  ->  Bitmap Heap Scan on sbtest2  (cost=31.21..4063.33 rows=1051 width=4)
	        Recheck Cond: ((id >= 5482526) AND (id <= 5483525))
	        ->  Bitmap Index Scan on sbtest2_pkey  (cost=0.00..30.94 rows=1051 width=0)
	              Index Cond: ((id >= 5482526) AND (id <= 5483525))

table 3 : explain SELECT SUM(k) FROM sbtest3 WHERE id BETWEEN 8701404 AND 8702403
	Aggregate  (cost=3811.88..3811.89 rows=1 width=8)
	  ->  Bitmap Heap Scan on sbtest3  (cost=30.50..3809.43 rows=982 width=4)
	        Recheck Cond: ((id >= 8701404) AND (id <= 8702403))
	        ->  Bitmap Index Scan on sbtest3_pkey  (cost=0.00..30.25 rows=982 width=0)
	              Index Cond: ((id >= 8701404) AND (id <= 8702403))

table 4 : explain SELECT SUM(k) FROM sbtest4 WHERE id BETWEEN 9458077 AND 9459076
	Aggregate  (cost=3617.48..3617.49 rows=1 width=8)
	  ->  Bitmap Heap Scan on sbtest4  (cost=25.99..3615.15 rows=932 width=4)
	        Recheck Cond: ((id >= 9458077) AND (id <= 9459076))
	        ->  Bitmap Index Scan on sbtest4_pkey  (cost=0.00..25.75 rows=932 width=0)
	              Index Cond: ((id >= 9458077) AND (id <= 9459076))

table 5 : explain SELECT SUM(k) FROM sbtest5 WHERE id BETWEEN 2646832 AND 2647831
	Aggregate  (cost=4111.70..4111.71 rows=1 width=8)
	  ->  Bitmap Heap Scan on sbtest5  (cost=31.33..4109.04 rows=1063 width=4)
	        Recheck Cond: ((id >= 2646832) AND (id <= 2647831))
	        ->  Bitmap Index Scan on sbtest5_pkey  (cost=0.00..31.07 rows=1063 width=0)
	              Index Cond: ((id >= 2646832) AND (id <= 2647831))

table 6 : explain SELECT SUM(k) FROM sbtest6 WHERE id BETWEEN 1752475 AND 1753474
	Aggregate  (cost=3690.74..3690.75 rows=1 width=8)
	  ->  Bitmap Heap Scan on sbtest6  (cost=30.18..3688.36 rows=951 width=4)
	        Recheck Cond: ((id >= 1752475) AND (id <= 1753474))
	        ->  Bitmap Index Scan on sbtest6_pkey  (cost=0.00..29.94 rows=951 width=0)
	              Index Cond: ((id >= 1752475) AND (id <= 1753474))

table 7 : explain SELECT SUM(k) FROM sbtest7 WHERE id BETWEEN 9379121 AND 9380120
	Aggregate  (cost=3573.65..3573.66 rows=1 width=8)
	  ->  Bitmap Heap Scan on sbtest7  (cost=29.85..3571.35 rows=919 width=4)
	        Recheck Cond: ((id >= 9379121) AND (id <= 9380120))
	        ->  Bitmap Index Scan on sbtest7_pkey  (cost=0.00..29.62 rows=919 width=0)
	              Index Cond: ((id >= 9379121) AND (id <= 9380120))

table 8 : explain SELECT SUM(k) FROM sbtest8 WHERE id BETWEEN 2292749 AND 2293748
	Aggregate  (cost=4317.87..4317.88 rows=1 width=8)
	  ->  Bitmap Heap Scan on sbtest8  (cost=31.90..4315.07 rows=1119 width=4)
	        Recheck Cond: ((id >= 2292749) AND (id <= 2293748))
	        ->  Bitmap Index Scan on sbtest8_pkey  (cost=0.00..31.62 rows=1119 width=0)
	              Index Cond: ((id >= 2292749) AND (id <= 2293748))

for: sum_ranges
table 1 : explain SELECT SUM(k) FROM sbtest1 WHERE id BETWEEN 3932626 AND 3933625
	Aggregate  (cost=3549.79..3549.80 rows=1 width=8)
	  ->  Bitmap Heap Scan on sbtest1  (cost=25.81..3547.50 rows=915 width=4)
	        Recheck Cond: ((id >= 3932626) AND (id <= 3933625))
	        ->  Bitmap Index Scan on sbtest1_pkey  (cost=0.00..25.58 rows=915 width=0)
	              Index Cond: ((id >= 3932626) AND (id <= 3933625))

table 2 : explain SELECT SUM(k) FROM sbtest2 WHERE id BETWEEN 2380119 AND 2381118
	Aggregate  (cost=3771.87..3771.88 rows=1 width=8)
	  ->  Bitmap Heap Scan on sbtest2  (cost=30.41..3769.44 rows=973 width=4)
	        Recheck Cond: ((id >= 2380119) AND (id <= 2381118))
	        ->  Bitmap Index Scan on sbtest2_pkey  (cost=0.00..30.16 rows=973 width=0)
	              Index Cond: ((id >= 2380119) AND (id <= 2381118))

table 3 : explain SELECT SUM(k) FROM sbtest3 WHERE id BETWEEN 8883082 AND 8884081
	Aggregate  (cost=4257.71..4257.72 rows=1 width=8)
	  ->  Bitmap Heap Scan on sbtest3  (cost=35.70..4254.96 rows=1099 width=4)
	        Recheck Cond: ((id >= 8883082) AND (id <= 8884081))
	        ->  Bitmap Index Scan on sbtest3_pkey  (cost=0.00..35.43 rows=1099 width=0)
	              Index Cond: ((id >= 8883082) AND (id <= 8884081))

table 4 : explain SELECT SUM(k) FROM sbtest4 WHERE id BETWEEN 8916125 AND 8917124
	Aggregate  (cost=3708.57..3708.58 rows=1 width=8)
	  ->  Bitmap Heap Scan on sbtest4  (cost=30.22..3706.19 rows=955 width=4)
	        Recheck Cond: ((id >= 8916125) AND (id <= 8917124))
	        ->  Bitmap Index Scan on sbtest4_pkey  (cost=0.00..29.98 rows=955 width=0)
	              Index Cond: ((id >= 8916125) AND (id <= 8917124))

table 5 : explain SELECT SUM(k) FROM sbtest5 WHERE id BETWEEN 3413640 AND 3414639
	Aggregate  (cost=3783.69..3783.70 rows=1 width=8)
	  ->  Bitmap Heap Scan on sbtest5  (cost=30.44..3781.25 rows=976 width=4)
	        Recheck Cond: ((id >= 3413640) AND (id <= 3414639))
	        ->  Bitmap Index Scan on sbtest5_pkey  (cost=0.00..30.19 rows=976 width=0)
	              Index Cond: ((id >= 3413640) AND (id <= 3414639))

table 6 : explain SELECT SUM(k) FROM sbtest6 WHERE id BETWEEN 9968889 AND 9969888
	Aggregate  (cost=4226.40..4226.41 rows=1 width=8)
	  ->  Bitmap Heap Scan on sbtest6  (cost=31.64..4223.67 rows=1093 width=4)
	        Recheck Cond: ((id >= 9968889) AND (id <= 9969888))
	        ->  Bitmap Index Scan on sbtest6_pkey  (cost=0.00..31.36 rows=1093 width=0)
	              Index Cond: ((id >= 9968889) AND (id <= 9969888))

table 7 : explain SELECT SUM(k) FROM sbtest7 WHERE id BETWEEN 7561823 AND 7562822
	Aggregate  (cost=4144.81..4144.82 rows=1 width=8)
	  ->  Bitmap Heap Scan on sbtest7  (cost=31.40..4142.13 rows=1070 width=4)
	        Recheck Cond: ((id >= 7561823) AND (id <= 7562822))
	        ->  Bitmap Index Scan on sbtest7_pkey  (cost=0.00..31.14 rows=1070 width=0)
	              Index Cond: ((id >= 7561823) AND (id <= 7562822))

table 8 : explain SELECT SUM(k) FROM sbtest8 WHERE id BETWEEN 5803197 AND 5804196
	Aggregate  (cost=3986.75..3986.76 rows=1 width=8)
	  ->  Bitmap Heap Scan on sbtest8  (cost=30.99..3984.17 rows=1030 width=4)
	        Recheck Cond: ((id >= 5803197) AND (id <= 5804196))
	        ->  Bitmap Index Scan on sbtest8_pkey  (cost=0.00..30.73 rows=1030 width=0)
	              Index Cond: ((id >= 5803197) AND (id <= 5804196))

for: sum_ranges
table 1 : explain SELECT SUM(k) FROM sbtest1 WHERE id BETWEEN 5630729 AND 5631728
	Aggregate  (cost=3833.51..3833.52 rows=1 width=8)
	  ->  Bitmap Heap Scan on sbtest1  (cost=30.57..3831.03 rows=989 width=4)
	        Recheck Cond: ((id >= 5630729) AND (id <= 5631728))
	        ->  Bitmap Index Scan on sbtest1_pkey  (cost=0.00..30.32 rows=989 width=0)
	              Index Cond: ((id >= 5630729) AND (id <= 5631728))

table 2 : explain SELECT SUM(k) FROM sbtest2 WHERE id BETWEEN 8564051 AND 8565050
	Aggregate  (cost=4020.77..4020.78 rows=1 width=8)
	  ->  Bitmap Heap Scan on sbtest2  (cost=31.08..4018.17 rows=1039 width=4)
	        Recheck Cond: ((id >= 8564051) AND (id <= 8565050))
	        ->  Bitmap Index Scan on sbtest2_pkey  (cost=0.00..30.82 rows=1039 width=0)
	              Index Cond: ((id >= 8564051) AND (id <= 8565050))

table 3 : explain SELECT SUM(k) FROM sbtest3 WHERE id BETWEEN 918052 AND 919051
	Aggregate  (cost=3516.40..3516.41 rows=1 width=8)
	  ->  Bitmap Heap Scan on sbtest3  (cost=29.70..3514.14 rows=904 width=4)
	        Recheck Cond: ((id >= 918052) AND (id <= 919051))
	        ->  Bitmap Index Scan on sbtest3_pkey  (cost=0.00..29.47 rows=904 width=0)
	              Index Cond: ((id >= 918052) AND (id <= 919051))

table 4 : explain SELECT SUM(k) FROM sbtest4 WHERE id BETWEEN 4594625 AND 4595624
	Aggregate  (cost=4293.77..4293.78 rows=1 width=8)
	  ->  Bitmap Heap Scan on sbtest4  (cost=31.81..4290.99 rows=1110 width=4)
	        Recheck Cond: ((id >= 4594625) AND (id <= 4595624))
	        ->  Bitmap Index Scan on sbtest4_pkey  (cost=0.00..31.54 rows=1110 width=0)
	              Index Cond: ((id >= 4594625) AND (id <= 4595624))

table 5 : explain SELECT SUM(k) FROM sbtest5 WHERE id BETWEEN 4407168 AND 4408167
	Aggregate  (cost=3681.48..3681.49 rows=1 width=8)
	  ->  Bitmap Heap Scan on sbtest5  (cost=26.17..3679.11 rows=950 width=4)
	        Recheck Cond: ((id >= 4407168) AND (id <= 4408167))
	        ->  Bitmap Index Scan on sbtest5_pkey  (cost=0.00..25.93 rows=950 width=0)
	              Index Cond: ((id >= 4407168) AND (id <= 4408167))

table 6 : explain SELECT SUM(k) FROM sbtest6 WHERE id BETWEEN 1489530 AND 1490529
	Aggregate  (cost=3992.83..3992.84 rows=1 width=8)
	  ->  Bitmap Heap Scan on sbtest6  (cost=31.00..3990.25 rows=1031 width=4)
	        Recheck Cond: ((id >= 1489530) AND (id <= 1490529))
	        ->  Bitmap Index Scan on sbtest6_pkey  (cost=0.00..30.75 rows=1031 width=0)
	              Index Cond: ((id >= 1489530) AND (id <= 1490529))

table 7 : explain SELECT SUM(k) FROM sbtest7 WHERE id BETWEEN 161851 AND 162850
	Aggregate  (cost=3846.34..3846.35 rows=1 width=8)
	  ->  Bitmap Heap Scan on sbtest7  (cost=30.59..3843.86 rows=991 width=4)
	        Recheck Cond: ((id >= 161851) AND (id <= 162850))
	        ->  Bitmap Index Scan on sbtest7_pkey  (cost=0.00..30.34 rows=991 width=0)
	              Index Cond: ((id >= 161851) AND (id <= 162850))

table 8 : explain SELECT SUM(k) FROM sbtest8 WHERE id BETWEEN 2096548 AND 2097547
	Aggregate  (cost=3718.91..3718.92 rows=1 width=8)
	  ->  Bitmap Heap Scan on sbtest8  (cost=30.26..3716.51 rows=959 width=4)
	        Recheck Cond: ((id >= 2096548) AND (id <= 2097547))
	        ->  Bitmap Index Scan on sbtest8_pkey  (cost=0.00..30.02 rows=959 width=0)
	              Index Cond: ((id >= 2096548) AND (id <= 2097547))

for point_selects
table 1 : explain SELECT c FROM sbtest1 WHERE id=9551919
	Index Scan using sbtest1_pkey on sbtest1  (cost=0.43..8.45 rows=1 width=121)
	  Index Cond: (id = 9551919)

table 2 : explain SELECT c FROM sbtest2 WHERE id=4387716
	Index Scan using sbtest2_pkey on sbtest2  (cost=0.43..8.45 rows=1 width=121)
	  Index Cond: (id = 4387716)

table 3 : explain SELECT c FROM sbtest3 WHERE id=4378113
	Index Scan using sbtest3_pkey on sbtest3  (cost=0.43..8.45 rows=1 width=121)
	  Index Cond: (id = 4378113)

table 4 : explain SELECT c FROM sbtest4 WHERE id=2941742
	Index Scan using sbtest4_pkey on sbtest4  (cost=0.43..8.45 rows=1 width=121)
	  Index Cond: (id = 2941742)

table 5 : explain SELECT c FROM sbtest5 WHERE id=2216067
	Index Scan using sbtest5_pkey on sbtest5  (cost=0.43..8.45 rows=1 width=121)
	  Index Cond: (id = 2216067)

table 6 : explain SELECT c FROM sbtest6 WHERE id=9631222
	Index Scan using sbtest6_pkey on sbtest6  (cost=0.43..8.45 rows=1 width=121)
	  Index Cond: (id = 9631222)

table 7 : explain SELECT c FROM sbtest7 WHERE id=4907807
	Index Scan using sbtest7_pkey on sbtest7  (cost=0.43..8.45 rows=1 width=121)
	  Index Cond: (id = 4907807)

table 8 : explain SELECT c FROM sbtest8 WHERE id=7695353
	Index Scan using sbtest8_pkey on sbtest8  (cost=0.43..8.45 rows=1 width=121)
	  Index Cond: (id = 7695353)

explain: for point_selects :: explain SELECT c FROM sbtest%u WHERE id=%u
explain: for point_selects :: explain SELECT c FROM sbtest%u WHERE id=%u
explain: for point_selects :: explain SELECT c FROM sbtest%u WHERE id=%u
for: order_ranges
table 1 : explain SELECT c FROM sbtest1 WHERE id BETWEEN 3652324 AND 3653323 ORDER BY c
	Sort  (cost=3941.50..3944.01 rows=1005 width=121)
	  Sort Key: c
	  ->  Bitmap Heap Scan on sbtest1  (cost=30.74..3891.38 rows=1005 width=121)
	        Recheck Cond: ((id >= 3652324) AND (id <= 3653323))
	        ->  Bitmap Index Scan on sbtest1_pkey  (cost=0.00..30.48 rows=1005 width=0)
	              Index Cond: ((id >= 3652324) AND (id <= 3653323))

table 2 : explain SELECT c FROM sbtest2 WHERE id BETWEEN 603827 AND 604826 ORDER BY c
	Sort  (cost=3817.73..3820.17 rows=973 width=121)
	  Sort Key: c
	  ->  Bitmap Heap Scan on sbtest2  (cost=30.41..3769.44 rows=973 width=121)
	        Recheck Cond: ((id >= 603827) AND (id <= 604826))
	        ->  Bitmap Index Scan on sbtest2_pkey  (cost=0.00..30.16 rows=973 width=0)
	              Index Cond: ((id >= 603827) AND (id <= 604826))

table 3 : explain SELECT c FROM sbtest3 WHERE id BETWEEN 2030466 AND 2031465 ORDER BY c
	Sort  (cost=3743.05..3745.43 rows=952 width=121)
	  Sort Key: c
	  ->  Bitmap Heap Scan on sbtest3  (cost=30.19..3695.95 rows=952 width=121)
	        Recheck Cond: ((id >= 2030466) AND (id <= 2031465))
	        ->  Bitmap Index Scan on sbtest3_pkey  (cost=0.00..29.95 rows=952 width=0)
	              Index Cond: ((id >= 2030466) AND (id <= 2031465))

table 4 : explain SELECT c FROM sbtest4 WHERE id BETWEEN 3789190 AND 3790189 ORDER BY c
	Sort  (cost=3968.27..3970.79 rows=1011 width=121)
	  Sort Key: c
	  ->  Bitmap Heap Scan on sbtest4  (cost=30.80..3917.81 rows=1011 width=121)
	        Recheck Cond: ((id >= 3789190) AND (id <= 3790189))
	        ->  Bitmap Index Scan on sbtest4_pkey  (cost=0.00..30.54 rows=1011 width=0)
	              Index Cond: ((id >= 3789190) AND (id <= 3790189))

table 5 : explain SELECT c FROM sbtest5 WHERE id BETWEEN 4557759 AND 4558758 ORDER BY c
	Sort  (cost=3649.40..3651.73 rows=930 width=121)
	  Sort Key: c
	  ->  Bitmap Heap Scan on sbtest5  (cost=25.97..3603.55 rows=930 width=121)
	        Recheck Cond: ((id >= 4557759) AND (id <= 4558758))
	        ->  Bitmap Index Scan on sbtest5_pkey  (cost=0.00..25.73 rows=930 width=0)
	              Index Cond: ((id >= 4557759) AND (id <= 4558758))

table 6 : explain SELECT c FROM sbtest6 WHERE id BETWEEN 3537515 AND 3538514 ORDER BY c
	Sort  (cost=3812.09..3814.52 rows=971 width=121)
	  Sort Key: c
	  ->  Bitmap Heap Scan on sbtest6  (cost=30.39..3763.91 rows=971 width=121)
	        Recheck Cond: ((id >= 3537515) AND (id <= 3538514))
	        ->  Bitmap Index Scan on sbtest6_pkey  (cost=0.00..30.14 rows=971 width=0)
	              Index Cond: ((id >= 3537515) AND (id <= 3538514))

table 7 : explain SELECT c FROM sbtest7 WHERE id BETWEEN 7061620 AND 7062619 ORDER BY c
	Sort  (cost=4257.39..4260.10 rows=1085 width=121)
	  Sort Key: c
	  ->  Bitmap Heap Scan on sbtest7  (cost=35.56..4202.68 rows=1085 width=121)
	        Recheck Cond: ((id >= 7061620) AND (id <= 7062619))
	        ->  Bitmap Index Scan on sbtest7_pkey  (cost=0.00..35.29 rows=1085 width=0)
	              Index Cond: ((id >= 7061620) AND (id <= 7062619))

table 8 : explain SELECT c FROM sbtest8 WHERE id BETWEEN 3773616 AND 3774615 ORDER BY c
	Sort  (cost=3560.61..3562.88 rows=907 width=121)
	  Sort Key: c
	  ->  Bitmap Heap Scan on sbtest8  (cost=25.73..3516.06 rows=907 width=121)
	        Recheck Cond: ((id >= 3773616) AND (id <= 3774615))
	        ->  Bitmap Index Scan on sbtest8_pkey  (cost=0.00..25.50 rows=907 width=0)
	              Index Cond: ((id >= 3773616) AND (id <= 3774615))

for: simple_ranges
table 1 : explain SELECT c FROM sbtest1 WHERE id BETWEEN 4380132 AND 4381131
	Bitmap Heap Scan on sbtest1  (cost=25.71..3509.67 rows=905 width=121)
	  Recheck Cond: ((id >= 4380132) AND (id <= 4381131))
	  ->  Bitmap Index Scan on sbtest1_pkey  (cost=0.00..25.48 rows=905 width=0)
	        Index Cond: ((id >= 4380132) AND (id <= 4381131))

table 2 : explain SELECT c FROM sbtest2 WHERE id BETWEEN 1885467 AND 1886466
	Bitmap Heap Scan on sbtest2  (cost=31.64..4221.27 rows=1093 width=121)
	  Recheck Cond: ((id >= 1885467) AND (id <= 1886466))
	  ->  Bitmap Index Scan on sbtest2_pkey  (cost=0.00..31.36 rows=1093 width=0)
	        Index Cond: ((id >= 1885467) AND (id <= 1886466))

table 3 : explain SELECT c FROM sbtest3 WHERE id BETWEEN 4201194 AND 4202193
	Bitmap Heap Scan on sbtest3  (cost=31.13..4039.84 rows=1043 width=121)
	  Recheck Cond: ((id >= 4201194) AND (id <= 4202193))
	  ->  Bitmap Index Scan on sbtest3_pkey  (cost=0.00..30.86 rows=1043 width=0)
	        Index Cond: ((id >= 4201194) AND (id <= 4202193))

table 4 : explain SELECT c FROM sbtest4 WHERE id BETWEEN 11564 AND 12563
	Bitmap Heap Scan on sbtest4  (cost=30.87..3944.24 rows=1018 width=121)
	  Recheck Cond: ((id >= 11564) AND (id <= 12563))
	  ->  Bitmap Index Scan on sbtest4_pkey  (cost=0.00..30.61 rows=1018 width=0)
	        Index Cond: ((id >= 11564) AND (id <= 12563))

table 5 : explain SELECT c FROM sbtest5 WHERE id BETWEEN 6200958 AND 6201957
	Bitmap Heap Scan on sbtest5  (cost=30.38..3758.61 rows=970 width=121)
	  Recheck Cond: ((id >= 6200958) AND (id <= 6201957))
	  ->  Bitmap Index Scan on sbtest5_pkey  (cost=0.00..30.14 rows=970 width=0)
	        Index Cond: ((id >= 6200958) AND (id <= 6201957))

table 6 : explain SELECT c FROM sbtest6 WHERE id BETWEEN 3323003 AND 3324002
	Bitmap Heap Scan on sbtest6  (cost=31.01..3994.02 rows=1032 width=121)
	  Recheck Cond: ((id >= 3323003) AND (id <= 3324002))
	  ->  Bitmap Index Scan on sbtest6_pkey  (cost=0.00..30.75 rows=1032 width=0)
	        Index Cond: ((id >= 3323003) AND (id <= 3324002))

table 7 : explain SELECT c FROM sbtest7 WHERE id BETWEEN 3226377 AND 3227376
	Bitmap Heap Scan on sbtest7  (cost=30.80..3919.45 rows=1011 width=121)
	  Recheck Cond: ((id >= 3226377) AND (id <= 3227376))
	  ->  Bitmap Index Scan on sbtest7_pkey  (cost=0.00..30.54 rows=1011 width=0)
	        Index Cond: ((id >= 3226377) AND (id <= 3227376))

table 8 : explain SELECT c FROM sbtest8 WHERE id BETWEEN 2126938 AND 2127937
	Bitmap Heap Scan on sbtest8  (cost=30.32..3735.38 rows=964 width=121)
	  Recheck Cond: ((id >= 2126938) AND (id <= 2127937))
	  ->  Bitmap Index Scan on sbtest8_pkey  (cost=0.00..30.07 rows=964 width=0)
	        Index Cond: ((id >= 2126938) AND (id <= 2127937))

for: sum_ranges
table 1 : explain SELECT SUM(k) FROM sbtest1 WHERE id BETWEEN 6053202 AND 6054201
	Aggregate  (cost=3991.95..3991.96 rows=1 width=8)
	  ->  Bitmap Heap Scan on sbtest1  (cost=31.00..3989.37 rows=1031 width=4)
	        Recheck Cond: ((id >= 6053202) AND (id <= 6054201))
	        ->  Bitmap Index Scan on sbtest1_pkey  (cost=0.00..30.75 rows=1031 width=0)
	              Index Cond: ((id >= 6053202) AND (id <= 6054201))

table 2 : explain SELECT SUM(k) FROM sbtest2 WHERE id BETWEEN 9983571 AND 9984570
	Aggregate  (cost=3888.85..3888.86 rows=1 width=8)
	  ->  Bitmap Heap Scan on sbtest2  (cost=30.73..3886.34 rows=1004 width=4)
	        Recheck Cond: ((id >= 9983571) AND (id <= 9984570))
	        ->  Bitmap Index Scan on sbtest2_pkey  (cost=0.00..30.47 rows=1004 width=0)
	              Index Cond: ((id >= 9983571) AND (id <= 9984570))

table 3 : explain SELECT SUM(k) FROM sbtest3 WHERE id BETWEEN 7957910 AND 7958909
	Aggregate  (cost=3845.93..3845.94 rows=1 width=8)
	  ->  Bitmap Heap Scan on sbtest3  (cost=30.59..3843.45 rows=991 width=4)
	        Recheck Cond: ((id >= 7957910) AND (id <= 7958909))
	        ->  Bitmap Index Scan on sbtest3_pkey  (cost=0.00..30.34 rows=991 width=0)
	              Index Cond: ((id >= 7957910) AND (id <= 7958909))

table 4 : explain SELECT SUM(k) FROM sbtest4 WHERE id BETWEEN 4998778 AND 4999777
	Aggregate  (cost=3992.10..3992.11 rows=1 width=8)
	  ->  Bitmap Heap Scan on sbtest4  (cost=30.99..3989.52 rows=1030 width=4)
	        Recheck Cond: ((id >= 4998778) AND (id <= 4999777))
	        ->  Bitmap Index Scan on sbtest4_pkey  (cost=0.00..30.73 rows=1030 width=0)
	              Index Cond: ((id >= 4998778) AND (id <= 4999777))

table 5 : explain SELECT SUM(k) FROM sbtest5 WHERE id BETWEEN 7441370 AND 7442369
	Aggregate  (cost=4092.87..4092.88 rows=1 width=8)
	  ->  Bitmap Heap Scan on sbtest5  (cost=31.28..4090.23 rows=1058 width=4)
	        Recheck Cond: ((id >= 7441370) AND (id <= 7442369))
	        ->  Bitmap Index Scan on sbtest5_pkey  (cost=0.00..31.01 rows=1058 width=0)
	              Index Cond: ((id >= 7441370) AND (id <= 7442369))

table 6 : explain SELECT SUM(k) FROM sbtest6 WHERE id BETWEEN 4877135 AND 4878134
	Aggregate  (cost=3992.83..3992.84 rows=1 width=8)
	  ->  Bitmap Heap Scan on sbtest6  (cost=31.00..3990.25 rows=1031 width=4)
	        Recheck Cond: ((id >= 4877135) AND (id <= 4878134))
	        ->  Bitmap Index Scan on sbtest6_pkey  (cost=0.00..30.75 rows=1031 width=0)
	              Index Cond: ((id >= 4877135) AND (id <= 4878134))

table 7 : explain SELECT SUM(k) FROM sbtest7 WHERE id BETWEEN 2138980 AND 2139979
	Aggregate  (cost=3626.72..3626.73 rows=1 width=8)
	  ->  Bitmap Heap Scan on sbtest7  (cost=30.00..3624.39 rows=933 width=4)
	        Recheck Cond: ((id >= 2138980) AND (id <= 2139979))
	        ->  Bitmap Index Scan on sbtest7_pkey  (cost=0.00..29.76 rows=933 width=0)
	              Index Cond: ((id >= 2138980) AND (id <= 2139979))

table 8 : explain SELECT SUM(k) FROM sbtest8 WHERE id BETWEEN 3239254 AND 3240253
	Aggregate  (cost=4020.66..4020.67 rows=1 width=8)
	  ->  Bitmap Heap Scan on sbtest8  (cost=31.08..4018.06 rows=1039 width=4)
	        Recheck Cond: ((id >= 3239254) AND (id <= 3240253))
	        ->  Bitmap Index Scan on sbtest8_pkey  (cost=0.00..30.82 rows=1039 width=0)
	              Index Cond: ((id >= 3239254) AND (id <= 3240253))

for: sum_ranges
table 1 : explain SELECT SUM(k) FROM sbtest1 WHERE id BETWEEN 6289058 AND 6290057
	Aggregate  (cost=3893.89..3893.90 rows=1 width=8)
	  ->  Bitmap Heap Scan on sbtest1  (cost=30.74..3891.38 rows=1005 width=4)
	        Recheck Cond: ((id >= 6289058) AND (id <= 6290057))
	        ->  Bitmap Index Scan on sbtest1_pkey  (cost=0.00..30.48 rows=1005 width=0)
	              Index Cond: ((id >= 6289058) AND (id <= 6290057))

table 2 : explain SELECT SUM(k) FROM sbtest2 WHERE id BETWEEN 3678301 AND 3679300
	Aggregate  (cost=3877.53..3877.54 rows=1 width=8)
	  ->  Bitmap Heap Scan on sbtest2  (cost=30.70..3875.03 rows=1001 width=4)
	        Recheck Cond: ((id >= 3678301) AND (id <= 3679300))
	        ->  Bitmap Index Scan on sbtest2_pkey  (cost=0.00..30.44 rows=1001 width=0)
	              Index Cond: ((id >= 3678301) AND (id <= 3679300))

table 3 : explain SELECT SUM(k) FROM sbtest3 WHERE id BETWEEN 611613 AND 612612
	Aggregate  (cost=4046.22..4046.23 rows=1 width=8)
	  ->  Bitmap Heap Scan on sbtest3  (cost=31.14..4043.61 rows=1044 width=4)
	        Recheck Cond: ((id >= 611613) AND (id <= 612612))
	        ->  Bitmap Index Scan on sbtest3_pkey  (cost=0.00..30.87 rows=1044 width=0)
	              Index Cond: ((id >= 611613) AND (id <= 612612))

table 4 : explain SELECT SUM(k) FROM sbtest4 WHERE id BETWEEN 9852948 AND 9853947
	Aggregate  (cost=3776.68..3776.69 rows=1 width=8)
	  ->  Bitmap Heap Scan on sbtest4  (cost=30.41..3774.25 rows=973 width=4)
	        Recheck Cond: ((id >= 9852948) AND (id <= 9853947))
	        ->  Bitmap Index Scan on sbtest4_pkey  (cost=0.00..30.16 rows=973 width=0)
	              Index Cond: ((id >= 9852948) AND (id <= 9853947))

table 5 : explain SELECT SUM(k) FROM sbtest5 WHERE id BETWEEN 7252920 AND 7253919
	Aggregate  (cost=4013.77..4013.78 rows=1 width=8)
	  ->  Bitmap Heap Scan on sbtest5  (cost=31.06..4011.18 rows=1037 width=4)
	        Recheck Cond: ((id >= 7252920) AND (id <= 7253919))
	        ->  Bitmap Index Scan on sbtest5_pkey  (cost=0.00..30.80 rows=1037 width=0)
	              Index Cond: ((id >= 7252920) AND (id <= 7253919))

table 6 : explain SELECT SUM(k) FROM sbtest6 WHERE id BETWEEN 3624117 AND 3625116
	Aggregate  (cost=4007.92..4007.93 rows=1 width=8)
	  ->  Bitmap Heap Scan on sbtest6  (cost=31.04..4005.33 rows=1035 width=4)
	        Recheck Cond: ((id >= 3624117) AND (id <= 3625116))
	        ->  Bitmap Index Scan on sbtest6_pkey  (cost=0.00..30.79 rows=1035 width=0)
	              Index Cond: ((id >= 3624117) AND (id <= 3625116))

table 7 : explain SELECT SUM(k) FROM sbtest7 WHERE id BETWEEN 9411674 AND 9412673
	Aggregate  (cost=3638.09..3638.10 rows=1 width=8)
	  ->  Bitmap Heap Scan on sbtest7  (cost=30.03..3635.75 rows=936 width=4)
	        Recheck Cond: ((id >= 9411674) AND (id <= 9412673))
	        ->  Bitmap Index Scan on sbtest7_pkey  (cost=0.00..29.79 rows=936 width=0)
	              Index Cond: ((id >= 9411674) AND (id <= 9412673))

table 8 : explain SELECT SUM(k) FROM sbtest8 WHERE id BETWEEN 3249678 AND 3250677
	Aggregate  (cost=4020.66..4020.67 rows=1 width=8)
	  ->  Bitmap Heap Scan on sbtest8  (cost=31.08..4018.06 rows=1039 width=4)
	        Recheck Cond: ((id >= 3249678) AND (id <= 3250677))
	        ->  Bitmap Index Scan on sbtest8_pkey  (cost=0.00..30.82 rows=1039 width=0)
	              Index Cond: ((id >= 3249678) AND (id <= 3250677))

explain: for point_selects :: explain SELECT c FROM sbtest%u WHERE id=%u
explain: for point_selects :: explain SELECT c FROM sbtest%u WHERE id=%u
for: order_ranges
table 1 : explain SELECT c FROM sbtest1 WHERE id BETWEEN 9096088 AND 9097087 ORDER BY c
	Sort  (cost=4388.61..4391.42 rows=1123 width=121)
	  Sort Key: c
	  ->  Bitmap Heap Scan on sbtest1  (cost=31.95..4331.72 rows=1123 width=121)
	        Recheck Cond: ((id >= 9096088) AND (id <= 9097087))
	        ->  Bitmap Index Scan on sbtest1_pkey  (cost=0.00..31.66 rows=1123 width=0)
	              Index Cond: ((id >= 9096088) AND (id <= 9097087))

table 2 : explain SELECT c FROM sbtest2 WHERE id BETWEEN 412607 AND 413606 ORDER BY c
	Sort  (cost=4238.27..4240.98 rows=1083 width=121)
	  Sort Key: c
	  ->  Bitmap Heap Scan on sbtest2  (cost=31.54..4183.68 rows=1083 width=121)
	        Recheck Cond: ((id >= 412607) AND (id <= 413606))
	        ->  Bitmap Index Scan on sbtest2_pkey  (cost=0.00..31.26 rows=1083 width=0)
	              Index Cond: ((id >= 412607) AND (id <= 413606))

table 3 : explain SELECT c FROM sbtest3 WHERE id BETWEEN 8694868 AND 8695867 ORDER BY c
	Sort  (cost=3858.23..3860.69 rows=982 width=121)
	  Sort Key: c
	  ->  Bitmap Heap Scan on sbtest3  (cost=30.50..3809.43 rows=982 width=121)
	        Recheck Cond: ((id >= 8694868) AND (id <= 8695867))
	        ->  Bitmap Index Scan on sbtest3_pkey  (cost=0.00..30.25 rows=982 width=0)
	              Index Cond: ((id >= 8694868) AND (id <= 8695867))

table 4 : explain SELECT c FROM sbtest4 WHERE id BETWEEN 4396108 AND 4397107 ORDER BY c
	Sort  (cost=3676.49..3678.83 rows=936 width=121)
	  Sort Key: c
	  ->  Bitmap Heap Scan on sbtest4  (cost=26.03..3630.29 rows=936 width=121)
	        Recheck Cond: ((id >= 4396108) AND (id <= 4397107))
	        ->  Bitmap Index Scan on sbtest4_pkey  (cost=0.00..25.79 rows=936 width=0)
	              Index Cond: ((id >= 4396108) AND (id <= 4397107))

table 5 : explain SELECT c FROM sbtest5 WHERE id BETWEEN 6105220 AND 6106219 ORDER BY c
	Sort  (cost=4032.54..4035.11 rows=1029 width=121)
	  Sort Key: c
	  ->  Bitmap Heap Scan on sbtest5  (cost=30.98..3981.05 rows=1029 width=121)
	        Recheck Cond: ((id >= 6105220) AND (id <= 6106219))
	        ->  Bitmap Index Scan on sbtest5_pkey  (cost=0.00..30.72 rows=1029 width=0)
	              Index Cond: ((id >= 6105220) AND (id <= 6106219))

table 6 : explain SELECT c FROM sbtest6 WHERE id BETWEEN 1119060 AND 1120059 ORDER BY c
	Sort  (cost=3858.08..3860.53 rows=983 width=121)
	  Sort Key: c
	  ->  Bitmap Heap Scan on sbtest6  (cost=30.51..3809.22 rows=983 width=121)
	        Recheck Cond: ((id >= 1119060) AND (id <= 1120059))
	        ->  Bitmap Index Scan on sbtest6_pkey  (cost=0.00..30.26 rows=983 width=0)
	              Index Cond: ((id >= 1119060) AND (id <= 1120059))

table 7 : explain SELECT c FROM sbtest7 WHERE id BETWEEN 6426543 AND 6427542 ORDER BY c
	Sort  (cost=3639.65..3641.97 rows=925 width=121)
	  Sort Key: c
	  ->  Bitmap Heap Scan on sbtest7  (cost=29.92..3594.08 rows=925 width=121)
	        Recheck Cond: ((id >= 6426543) AND (id <= 6427542))
	        ->  Bitmap Index Scan on sbtest7_pkey  (cost=0.00..29.68 rows=925 width=0)
	              Index Cond: ((id >= 6426543) AND (id <= 6427542))

table 8 : explain SELECT c FROM sbtest8 WHERE id BETWEEN 1775927 AND 1776926 ORDER BY c
	Sort  (cost=4222.88..4225.58 rows=1079 width=121)
	  Sort Key: c
	  ->  Bitmap Heap Scan on sbtest8  (cost=31.49..4168.53 rows=1079 width=121)
	        Recheck Cond: ((id >= 1775927) AND (id <= 1776926))
	        ->  Bitmap Index Scan on sbtest8_pkey  (cost=0.00..31.22 rows=1079 width=0)
	              Index Cond: ((id >= 1775927) AND (id <= 1776926))

for point_selects
table 1 : explain SELECT c FROM sbtest1 WHERE id=5312531
	Index Scan using sbtest1_pkey on sbtest1  (cost=0.43..8.45 rows=1 width=121)
	  Index Cond: (id = 5312531)

table 2 : explain SELECT c FROM sbtest2 WHERE id=7466692
	Index Scan using sbtest2_pkey on sbtest2  (cost=0.43..8.45 rows=1 width=121)
	  Index Cond: (id = 7466692)

table 3 : explain SELECT c FROM sbtest3 WHERE id=3059650
	Index Scan using sbtest3_pkey on sbtest3  (cost=0.43..8.45 rows=1 width=121)
	  Index Cond: (id = 3059650)

table 4 : explain SELECT c FROM sbtest4 WHERE id=7527681
	Index Scan using sbtest4_pkey on sbtest4  (cost=0.43..8.45 rows=1 width=121)
	  Index Cond: (id = 7527681)

table 5 : explain SELECT c FROM sbtest5 WHERE id=8734615
	Index Scan using sbtest5_pkey on sbtest5  (cost=0.43..8.45 rows=1 width=121)
	  Index Cond: (id = 8734615)

table 6 : explain SELECT c FROM sbtest6 WHERE id=9748294
	Index Scan using sbtest6_pkey on sbtest6  (cost=0.43..8.45 rows=1 width=121)
	  Index Cond: (id = 9748294)

table 7 : explain SELECT c FROM sbtest7 WHERE id=6375011
	Index Scan using sbtest7_pkey on sbtest7  (cost=0.43..8.45 rows=1 width=121)
	  Index Cond: (id = 6375011)

table 8 : explain SELECT c FROM sbtest8 WHERE id=4695679
	Index Scan using sbtest8_pkey on sbtest8  (cost=0.43..8.45 rows=1 width=121)
	  Index Cond: (id = 4695679)

for point_selects
table 1 : explain SELECT c FROM sbtest1 WHERE id=9667264
	Index Scan using sbtest1_pkey on sbtest1  (cost=0.43..8.45 rows=1 width=121)
	  Index Cond: (id = 9667264)

table 2 : explain SELECT c FROM sbtest2 WHERE id=1822331
	Index Scan using sbtest2_pkey on sbtest2  (cost=0.43..8.45 rows=1 width=121)
	  Index Cond: (id = 1822331)

table 3 : explain SELECT c FROM sbtest3 WHERE id=9630425
	Index Scan using sbtest3_pkey on sbtest3  (cost=0.43..8.45 rows=1 width=121)
	  Index Cond: (id = 9630425)

table 4 : explain SELECT c FROM sbtest4 WHERE id=369171
	Index Scan using sbtest4_pkey on sbtest4  (cost=0.43..8.45 rows=1 width=121)
	  Index Cond: (id = 369171)

table 5 : explain SELECT c FROM sbtest5 WHERE id=4381238
	Index Scan using sbtest5_pkey on sbtest5  (cost=0.43..8.45 rows=1 width=121)
	  Index Cond: (id = 4381238)

table 6 : explain SELECT c FROM sbtest6 WHERE id=4230494
	Index Scan using sbtest6_pkey on sbtest6  (cost=0.43..8.45 rows=1 width=121)
	  Index Cond: (id = 4230494)

table 7 : explain SELECT c FROM sbtest7 WHERE id=4836325
	Index Scan using sbtest7_pkey on sbtest7  (cost=0.43..8.45 rows=1 width=121)
	  Index Cond: (id = 4836325)

table 8 : explain SELECT c FROM sbtest8 WHERE id=6237437
	Index Scan using sbtest8_pkey on sbtest8  (cost=0.43..8.45 rows=1 width=121)
	  Index Cond: (id = 6237437)

explain: for point_selects :: explain SELECT c FROM sbtest%u WHERE id=%u
for: order_ranges
table 1 : explain SELECT c FROM sbtest1 WHERE id BETWEEN 3725310 AND 3726309 ORDER BY c
	Sort  (cost=4060.10..4062.69 rows=1036 width=121)
	  Sort Key: c
	  ->  Bitmap Heap Scan on sbtest1  (cost=31.05..4008.21 rows=1036 width=121)
	        Recheck Cond: ((id >= 3725310) AND (id <= 3726309))
	        ->  Bitmap Index Scan on sbtest1_pkey  (cost=0.00..30.79 rows=1036 width=0)
	              Index Cond: ((id >= 3725310) AND (id <= 3726309))

table 2 : explain SELECT c FROM sbtest2 WHERE id BETWEEN 6879646 AND 6880645 ORDER BY c
	Sort  (cost=4619.63..4622.59 rows=1183 width=121)
	  Sort Key: c
	  ->  Bitmap Heap Scan on sbtest2  (cost=36.56..4559.25 rows=1183 width=121)
	        Recheck Cond: ((id >= 6879646) AND (id <= 6880645))
	        ->  Bitmap Index Scan on sbtest2_pkey  (cost=0.00..36.27 rows=1183 width=0)
	              Index Cond: ((id >= 6879646) AND (id <= 6880645))

table 3 : explain SELECT c FROM sbtest3 WHERE id BETWEEN 6172033 AND 6173032 ORDER BY c
	Sort  (cost=4126.60..4129.23 rows=1052 width=121)
	  Sort Key: c
	  ->  Bitmap Heap Scan on sbtest3  (cost=31.22..4073.79 rows=1052 width=121)
	        Recheck Cond: ((id >= 6172033) AND (id <= 6173032))
	        ->  Bitmap Index Scan on sbtest3_pkey  (cost=0.00..30.95 rows=1052 width=0)
	              Index Cond: ((id >= 6172033) AND (id <= 6173032))

table 4 : explain SELECT c FROM sbtest4 WHERE id BETWEEN 910010 AND 911009 ORDER BY c
	Sort  (cost=3803.36..3805.78 rows=968 width=121)
	  Sort Key: c
	  ->  Bitmap Heap Scan on sbtest4  (cost=30.36..3755.35 rows=968 width=121)
	        Recheck Cond: ((id >= 910010) AND (id <= 911009))
	        ->  Bitmap Index Scan on sbtest4_pkey  (cost=0.00..30.11 rows=968 width=0)
	              Index Cond: ((id >= 910010) AND (id <= 911009))

table 5 : explain SELECT c FROM sbtest5 WHERE id BETWEEN 724599 AND 725598 ORDER BY c
	Sort  (cost=4486.82..4489.69 rows=1149 width=121)
	  Sort Key: c
	  ->  Bitmap Heap Scan on sbtest5  (cost=32.21..4428.41 rows=1149 width=121)
	        Recheck Cond: ((id >= 724599) AND (id <= 725598))
	        ->  Bitmap Index Scan on sbtest5_pkey  (cost=0.00..31.93 rows=1149 width=0)
	              Index Cond: ((id >= 724599) AND (id <= 725598))

table 6 : explain SELECT c FROM sbtest6 WHERE id BETWEEN 6840061 AND 6841060 ORDER BY c
	Sort  (cost=3527.95..3530.19 rows=898 width=121)
	  Sort Key: c
	  ->  Bitmap Heap Scan on sbtest6  (cost=25.64..3483.90 rows=898 width=121)
	        Recheck Cond: ((id >= 6840061) AND (id <= 6841060))
	        ->  Bitmap Index Scan on sbtest6_pkey  (cost=0.00..25.41 rows=898 width=0)
	              Index Cond: ((id >= 6840061) AND (id <= 6841060))

table 7 : explain SELECT c FROM sbtest7 WHERE id BETWEEN 1092110 AND 1093109 ORDER BY c
	Sort  (cost=3989.08..3991.62 rows=1016 width=121)
	  Sort Key: c
	  ->  Bitmap Heap Scan on sbtest7  (cost=30.85..3938.33 rows=1016 width=121)
	        Recheck Cond: ((id >= 1092110) AND (id <= 1093109))
	        ->  Bitmap Index Scan on sbtest7_pkey  (cost=0.00..30.59 rows=1016 width=0)
	              Index Cond: ((id >= 1092110) AND (id <= 1093109))

table 8 : explain SELECT c FROM sbtest8 WHERE id BETWEEN 2508491 AND 2509490 ORDER BY c
	Sort  (cost=3552.94..3555.20 rows=905 width=121)
	  Sort Key: c
	  ->  Bitmap Heap Scan on sbtest8  (cost=25.71..3508.49 rows=905 width=121)
	        Recheck Cond: ((id >= 2508491) AND (id <= 2509490))
	        ->  Bitmap Index Scan on sbtest8_pkey  (cost=0.00..25.48 rows=905 width=0)
	              Index Cond: ((id >= 2508491) AND (id <= 2509490))

for: sum_ranges
table 1 : explain SELECT SUM(k) FROM sbtest1 WHERE id BETWEEN 862071 AND 863070
	Aggregate  (cost=3682.40..3682.41 rows=1 width=8)
	  ->  Bitmap Heap Scan on sbtest1  (cost=30.16..3680.03 rows=949 width=4)
	        Recheck Cond: ((id >= 862071) AND (id <= 863070))
	        ->  Bitmap Index Scan on sbtest1_pkey  (cost=0.00..29.93 rows=949 width=0)
	              Index Cond: ((id >= 862071) AND (id <= 863070))

table 2 : explain SELECT SUM(k) FROM sbtest2 WHERE id BETWEEN 3048642 AND 3049641
	Aggregate  (cost=3968.02..3968.03 rows=1 width=8)
	  ->  Bitmap Heap Scan on sbtest2  (cost=30.94..3965.46 rows=1025 width=4)
	        Recheck Cond: ((id >= 3048642) AND (id <= 3049641))
	        ->  Bitmap Index Scan on sbtest2_pkey  (cost=0.00..30.68 rows=1025 width=0)
	              Index Cond: ((id >= 3048642) AND (id <= 3049641))

table 3 : explain SELECT SUM(k) FROM sbtest3 WHERE id BETWEEN 2911423 AND 2912422
	Aggregate  (cost=3717.26..3717.27 rows=1 width=8)
	  ->  Bitmap Heap Scan on sbtest3  (cost=30.24..3714.87 rows=957 width=4)
	        Recheck Cond: ((id >= 2911423) AND (id <= 2912422))
	        ->  Bitmap Index Scan on sbtest3_pkey  (cost=0.00..30.00 rows=957 width=0)
	              Index Cond: ((id >= 2911423) AND (id <= 2912422))

table 4 : explain SELECT SUM(k) FROM sbtest4 WHERE id BETWEEN 8673815 AND 8674814
	Aggregate  (cost=3833.41..3833.42 rows=1 width=8)
	  ->  Bitmap Heap Scan on sbtest4  (cost=30.56..3830.94 rows=988 width=4)
	        Recheck Cond: ((id >= 8673815) AND (id <= 8674814))
	        ->  Bitmap Index Scan on sbtest4_pkey  (cost=0.00..30.32 rows=988 width=0)
	              Index Cond: ((id >= 8673815) AND (id <= 8674814))

table 5 : explain SELECT SUM(k) FROM sbtest5 WHERE id BETWEEN 9914207 AND 9915206
	Aggregate  (cost=3855.41..3855.42 rows=1 width=8)
	  ->  Bitmap Heap Scan on sbtest5  (cost=30.63..3852.92 rows=995 width=4)
	        Recheck Cond: ((id >= 9914207) AND (id <= 9915206))
	        ->  Bitmap Index Scan on sbtest5_pkey  (cost=0.00..30.39 rows=995 width=0)
	              Index Cond: ((id >= 9914207) AND (id <= 9915206))

table 6 : explain SELECT SUM(k) FROM sbtest6 WHERE id BETWEEN 2604002 AND 2605001
	Aggregate  (cost=3762.56..3762.57 rows=1 width=8)
	  ->  Bitmap Heap Scan on sbtest6  (cost=30.38..3760.13 rows=970 width=4)
	        Recheck Cond: ((id >= 2604002) AND (id <= 2605001))
	        ->  Bitmap Index Scan on sbtest6_pkey  (cost=0.00..30.14 rows=970 width=0)
	              Index Cond: ((id >= 2604002) AND (id <= 2605001))

table 7 : explain SELECT SUM(k) FROM sbtest7 WHERE id BETWEEN 1204551 AND 1205550
	Aggregate  (cost=3763.09..3763.10 rows=1 width=8)
	  ->  Bitmap Heap Scan on sbtest7  (cost=30.37..3760.66 rows=969 width=4)
	        Recheck Cond: ((id >= 1204551) AND (id <= 1205550))
	        ->  Bitmap Index Scan on sbtest7_pkey  (cost=0.00..30.12 rows=969 width=0)
	              Index Cond: ((id >= 1204551) AND (id <= 1205550))

table 8 : explain SELECT SUM(k) FROM sbtest8 WHERE id BETWEEN 9210987 AND 9211986
	Aggregate  (cost=3911.37..3911.38 rows=1 width=8)
	  ->  Bitmap Heap Scan on sbtest8  (cost=30.79..3908.84 rows=1010 width=4)
	        Recheck Cond: ((id >= 9210987) AND (id <= 9211986))
	        ->  Bitmap Index Scan on sbtest8_pkey  (cost=0.00..30.54 rows=1010 width=0)
	              Index Cond: ((id >= 9210987) AND (id <= 9211986))

for: sum_ranges
table 1 : explain SELECT SUM(k) FROM sbtest1 WHERE id BETWEEN 8735754 AND 8736753
	Aggregate  (cost=4010.80..4010.81 rows=1 width=8)
	  ->  Bitmap Heap Scan on sbtest1  (cost=31.05..4008.21 rows=1036 width=4)
	        Recheck Cond: ((id >= 8735754) AND (id <= 8736753))
	        ->  Bitmap Index Scan on sbtest1_pkey  (cost=0.00..30.79 rows=1036 width=0)
	              Index Cond: ((id >= 8735754) AND (id <= 8736753))

table 2 : explain SELECT SUM(k) FROM sbtest2 WHERE id BETWEEN 9484219 AND 9485218
	Aggregate  (cost=4077.26..4077.27 rows=1 width=8)
	  ->  Bitmap Heap Scan on sbtest2  (cost=31.24..4074.62 rows=1054 width=4)
	        Recheck Cond: ((id >= 9484219) AND (id <= 9485218))
	        ->  Bitmap Index Scan on sbtest2_pkey  (cost=0.00..30.97 rows=1054 width=0)
	              Index Cond: ((id >= 9484219) AND (id <= 9485218))

table 3 : explain SELECT SUM(k) FROM sbtest3 WHERE id BETWEEN 6330272 AND 6331271
	Aggregate  (cost=3781.61..3781.62 rows=1 width=8)
	  ->  Bitmap Heap Scan on sbtest3  (cost=30.42..3779.18 rows=974 width=4)
	        Recheck Cond: ((id >= 6330272) AND (id <= 6331271))
	        ->  Bitmap Index Scan on sbtest3_pkey  (cost=0.00..30.18 rows=974 width=0)
	              Index Cond: ((id >= 6330272) AND (id <= 6331271))

table 4 : explain SELECT SUM(k) FROM sbtest4 WHERE id BETWEEN 9297109 AND 9298108
	Aggregate  (cost=3738.85..3738.86 rows=1 width=8)
	  ->  Bitmap Heap Scan on sbtest4  (cost=30.31..3736.44 rows=963 width=4)
	        Recheck Cond: ((id >= 9297109) AND (id <= 9298108))
	        ->  Bitmap Index Scan on sbtest4_pkey  (cost=0.00..30.07 rows=963 width=0)
	              Index Cond: ((id >= 9297109) AND (id <= 9298108))

table 5 : explain SELECT SUM(k) FROM sbtest5 WHERE id BETWEEN 2571021 AND 2572020
	Aggregate  (cost=3927.08..3927.09 rows=1 width=8)
	  ->  Bitmap Heap Scan on sbtest5  (cost=30.83..3924.54 rows=1014 width=4)
	        Recheck Cond: ((id >= 2571021) AND (id <= 2572020))
	        ->  Bitmap Index Scan on sbtest5_pkey  (cost=0.00..30.57 rows=1014 width=0)
	              Index Cond: ((id >= 2571021) AND (id <= 2572020))

table 6 : explain SELECT SUM(k) FROM sbtest6 WHERE id BETWEEN 3521938 AND 3522937
	Aggregate  (cost=3766.34..3766.35 rows=1 width=8)
	  ->  Bitmap Heap Scan on sbtest6  (cost=30.39..3763.91 rows=971 width=4)
	        Recheck Cond: ((id >= 3521938) AND (id <= 3522937))
	        ->  Bitmap Index Scan on sbtest6_pkey  (cost=0.00..30.14 rows=971 width=0)
	              Index Cond: ((id >= 3521938) AND (id <= 3522937))

table 7 : explain SELECT SUM(k) FROM sbtest7 WHERE id BETWEEN 9689358 AND 9690357
	Aggregate  (cost=3490.19..3490.20 rows=1 width=8)
	  ->  Bitmap Heap Scan on sbtest7  (cost=29.63..3487.95 rows=897 width=4)
	        Recheck Cond: ((id >= 9689358) AND (id <= 9690357))
	        ->  Bitmap Index Scan on sbtest7_pkey  (cost=0.00..29.40 rows=897 width=0)
	              Index Cond: ((id >= 9689358) AND (id <= 9690357))

table 8 : explain SELECT SUM(k) FROM sbtest8 WHERE id BETWEEN 3219010 AND 3220009
	Aggregate  (cost=4020.66..4020.67 rows=1 width=8)
	  ->  Bitmap Heap Scan on sbtest8  (cost=31.08..4018.06 rows=1039 width=4)
	        Recheck Cond: ((id >= 3219010) AND (id <= 3220009))
	        ->  Bitmap Index Scan on sbtest8_pkey  (cost=0.00..30.82 rows=1039 width=0)
	              Index Cond: ((id >= 3219010) AND (id <= 3220009))

for: order_ranges
table 1 : explain SELECT c FROM sbtest1 WHERE id BETWEEN 254591 AND 255590 ORDER BY c
	Sort  (cost=3987.42..3989.96 rows=1017 width=121)
	  Sort Key: c
	  ->  Bitmap Heap Scan on sbtest1  (cost=30.86..3936.62 rows=1017 width=121)
	        Recheck Cond: ((id >= 254591) AND (id <= 255590))
	        ->  Bitmap Index Scan on sbtest1_pkey  (cost=0.00..30.61 rows=1017 width=0)
	              Index Cond: ((id >= 254591) AND (id <= 255590))

table 2 : explain SELECT c FROM sbtest2 WHERE id BETWEEN 3129708 AND 3130707 ORDER BY c
	Sort  (cost=3637.60..3639.92 rows=926 width=121)
	  Sort Key: c
	  ->  Bitmap Heap Scan on sbtest2  (cost=29.93..3591.97 rows=926 width=121)
	        Recheck Cond: ((id >= 3129708) AND (id <= 3130707))
	        ->  Bitmap Index Scan on sbtest2_pkey  (cost=0.00..29.69 rows=926 width=0)
	              Index Cond: ((id >= 3129708) AND (id <= 3130707))

table 3 : explain SELECT c FROM sbtest3 WHERE id BETWEEN 6391859 AND 6392858 ORDER BY c
	Sort  (cost=3827.53..3829.96 rows=974 width=121)
	  Sort Key: c
	  ->  Bitmap Heap Scan on sbtest3  (cost=30.42..3779.18 rows=974 width=121)
	        Recheck Cond: ((id >= 6391859) AND (id <= 6392858))
	        ->  Bitmap Index Scan on sbtest3_pkey  (cost=0.00..30.18 rows=974 width=0)
	              Index Cond: ((id >= 6391859) AND (id <= 6392858))

table 4 : explain SELECT c FROM sbtest4 WHERE id BETWEEN 3183924 AND 3184923 ORDER BY c
	Sort  (cost=3837.89..3840.33 rows=977 width=121)
	  Sort Key: c
	  ->  Bitmap Heap Scan on sbtest4  (cost=30.45..3789.37 rows=977 width=121)
	        Recheck Cond: ((id >= 3183924) AND (id <= 3184923))
	        ->  Bitmap Index Scan on sbtest4_pkey  (cost=0.00..30.20 rows=977 width=0)
	              Index Cond: ((id >= 3183924) AND (id <= 3184923))

table 5 : explain SELECT c FROM sbtest5 WHERE id BETWEEN 2600277 AND 2601276 ORDER BY c
	Sort  (cost=3975.17..3977.71 rows=1014 width=121)
	  Sort Key: c
	  ->  Bitmap Heap Scan on sbtest5  (cost=30.83..3924.54 rows=1014 width=121)
	        Recheck Cond: ((id >= 2600277) AND (id <= 2601276))
	        ->  Bitmap Index Scan on sbtest5_pkey  (cost=0.00..30.57 rows=1014 width=0)
	              Index Cond: ((id >= 2600277) AND (id <= 2601276))

table 6 : explain SELECT c FROM sbtest6 WHERE id BETWEEN 4060581 AND 4061580 ORDER BY c
	Sort  (cost=3900.22..3902.70 rows=994 width=121)
	  Sort Key: c
	  ->  Bitmap Heap Scan on sbtest6  (cost=30.62..3850.73 rows=994 width=121)
	        Recheck Cond: ((id >= 4060581) AND (id <= 4061580))
	        ->  Bitmap Index Scan on sbtest6_pkey  (cost=0.00..30.37 rows=994 width=0)
	              Index Cond: ((id >= 4060581) AND (id <= 4061580))

table 7 : explain SELECT c FROM sbtest7 WHERE id BETWEEN 8805882 AND 8806881 ORDER BY c
	Sort  (cost=3850.96..3853.41 rows=980 width=121)
	  Sort Key: c
	  ->  Bitmap Heap Scan on sbtest7  (cost=30.48..3802.27 rows=980 width=121)
	        Recheck Cond: ((id >= 8805882) AND (id <= 8806881))
	        ->  Bitmap Index Scan on sbtest7_pkey  (cost=0.00..30.23 rows=980 width=0)
	              Index Cond: ((id >= 8805882) AND (id <= 8806881))

table 8 : explain SELECT c FROM sbtest8 WHERE id BETWEEN 1192196 AND 1193195 ORDER BY c
	Sort  (cost=4421.29..4424.12 rows=1132 width=121)
	  Sort Key: c
	  ->  Bitmap Heap Scan on sbtest8  (cost=32.04..4363.87 rows=1132 width=121)
	        Recheck Cond: ((id >= 1192196) AND (id <= 1193195))
	        ->  Bitmap Index Scan on sbtest8_pkey  (cost=0.00..31.75 rows=1132 width=0)
	              Index Cond: ((id >= 1192196) AND (id <= 1193195))

for: order_ranges
table 1 : explain SELECT c FROM sbtest1 WHERE id BETWEEN 3438107 AND 3439106 ORDER BY c
	Sort  (cost=4056.27..4058.86 rows=1035 width=121)
	  Sort Key: c
	  ->  Bitmap Heap Scan on sbtest1  (cost=31.04..4004.44 rows=1035 width=121)
	        Recheck Cond: ((id >= 3438107) AND (id <= 3439106))
	        ->  Bitmap Index Scan on sbtest1_pkey  (cost=0.00..30.79 rows=1035 width=0)
	              Index Cond: ((id >= 3438107) AND (id <= 3439106))

table 2 : explain SELECT c FROM sbtest2 WHERE id BETWEEN 4451246 AND 4452245 ORDER BY c
	Sort  (cost=3813.90..3816.33 rows=972 width=121)
	  Sort Key: c
	  ->  Bitmap Heap Scan on sbtest2  (cost=30.40..3765.67 rows=972 width=121)
	        Recheck Cond: ((id >= 4451246) AND (id <= 4452245))
	        ->  Bitmap Index Scan on sbtest2_pkey  (cost=0.00..30.15 rows=972 width=0)
	              Index Cond: ((id >= 4451246) AND (id <= 4452245))

table 3 : explain SELECT c FROM sbtest3 WHERE id BETWEEN 8481585 AND 8482584 ORDER BY c
	Sort  (cost=3696.94..3699.29 rows=940 width=121)
	  Sort Key: c
	  ->  Bitmap Heap Scan on sbtest3  (cost=30.07..3650.52 rows=940 width=121)
	        Recheck Cond: ((id >= 8481585) AND (id <= 8482584))
	        ->  Bitmap Index Scan on sbtest3_pkey  (cost=0.00..29.83 rows=940 width=0)
	              Index Cond: ((id >= 8481585) AND (id <= 8482584))

table 4 : explain SELECT c FROM sbtest4 WHERE id BETWEEN 5973718 AND 5974717 ORDER BY c
	Sort  (cost=3745.78..3748.16 rows=953 width=121)
	  Sort Key: c
	  ->  Bitmap Heap Scan on sbtest4  (cost=30.20..3698.62 rows=953 width=121)
	        Recheck Cond: ((id >= 5973718) AND (id <= 5974717))
	        ->  Bitmap Index Scan on sbtest4_pkey  (cost=0.00..29.96 rows=953 width=0)
	              Index Cond: ((id >= 5973718) AND (id <= 5974717))

table 5 : explain SELECT c FROM sbtest5 WHERE id BETWEEN 6909238 AND 6910237 ORDER BY c
	Sort  (cost=3806.73..3809.16 rows=970 width=121)
	  Sort Key: c
	  ->  Bitmap Heap Scan on sbtest5  (cost=30.38..3758.61 rows=970 width=121)
	        Recheck Cond: ((id >= 6909238) AND (id <= 6910237))
	        ->  Bitmap Index Scan on sbtest5_pkey  (cost=0.00..30.14 rows=970 width=0)
	              Index Cond: ((id >= 6909238) AND (id <= 6910237))

table 6 : explain SELECT c FROM sbtest6 WHERE id BETWEEN 9333578 AND 9334577 ORDER BY c
	Sort  (cost=3980.63..3983.16 rows=1015 width=121)
	  Sort Key: c
	  ->  Bitmap Heap Scan on sbtest6  (cost=30.84..3929.94 rows=1015 width=121)
	        Recheck Cond: ((id >= 9333578) AND (id <= 9334577))
	        ->  Bitmap Index Scan on sbtest6_pkey  (cost=0.00..30.58 rows=1015 width=0)
	              Index Cond: ((id >= 9333578) AND (id <= 9334577))

table 7 : explain SELECT c FROM sbtest7 WHERE id BETWEEN 1327092 AND 1328091 ORDER BY c
	Sort  (cost=3820.25..3822.68 rows=972 width=121)
	  Sort Key: c
	  ->  Bitmap Heap Scan on sbtest7  (cost=30.40..3772.01 rows=972 width=121)
	        Recheck Cond: ((id >= 1327092) AND (id <= 1328091))
	        ->  Bitmap Index Scan on sbtest7_pkey  (cost=0.00..30.15 rows=972 width=0)
	              Index Cond: ((id >= 1327092) AND (id <= 1328091))

table 8 : explain SELECT c FROM sbtest8 WHERE id BETWEEN 2953343 AND 2954342 ORDER BY c
	Sort  (cost=4203.80..4206.48 rows=1074 width=121)
	  Sort Key: c
	  ->  Bitmap Heap Scan on sbtest8  (cost=31.44..4149.73 rows=1074 width=121)
	        Recheck Cond: ((id >= 2953343) AND (id <= 2954342))
	        ->  Bitmap Index Scan on sbtest8_pkey  (cost=0.00..31.18 rows=1074 width=0)
	              Index Cond: ((id >= 2953343) AND (id <= 2954342))

for: distinct_ranges
table 1 : explain SELECT DISTINCT c FROM sbtest1 WHERE id BETWEEN 285959 AND 286958 ORDER BY c
	Unique  (cost=3987.42..3992.50 rows=1017 width=121)
	  ->  Sort  (cost=3987.42..3989.96 rows=1017 width=121)
	        Sort Key: c
	        ->  Bitmap Heap Scan on sbtest1  (cost=30.86..3936.62 rows=1017 width=121)
	              Recheck Cond: ((id >= 285959) AND (id <= 286958))
	              ->  Bitmap Index Scan on sbtest1_pkey  (cost=0.00..30.61 rows=1017 width=0)
	                    Index Cond: ((id >= 285959) AND (id <= 286958))

table 2 : explain SELECT DISTINCT c FROM sbtest2 WHERE id BETWEEN 6501954 AND 6502953 ORDER BY c
	Unique  (cost=4131.36..4136.64 rows=1055 width=121)
	  ->  Sort  (cost=4131.36..4134.00 rows=1055 width=121)
	        Sort Key: c
	        ->  Bitmap Heap Scan on sbtest2  (cost=31.25..4078.38 rows=1055 width=121)
	              Recheck Cond: ((id >= 6501954) AND (id <= 6502953))
	              ->  Bitmap Index Scan on sbtest2_pkey  (cost=0.00..30.98 rows=1055 width=0)
	                    Index Cond: ((id >= 6501954) AND (id <= 6502953))

table 3 : explain SELECT DISTINCT c FROM sbtest3 WHERE id BETWEEN 5564522 AND 5565521 ORDER BY c
	Unique  (cost=4115.11..4120.35 rows=1049 width=121)
	  ->  Sort  (cost=4115.11..4117.73 rows=1049 width=121)
	        Sort Key: c
	        ->  Bitmap Heap Scan on sbtest3  (cost=31.19..4062.47 rows=1049 width=121)
	              Recheck Cond: ((id >= 5564522) AND (id <= 5565521))
	              ->  Bitmap Index Scan on sbtest3_pkey  (cost=0.00..30.93 rows=1049 width=0)
	                    Index Cond: ((id >= 5564522) AND (id <= 5565521))

table 4 : explain SELECT DISTINCT c FROM sbtest4 WHERE id BETWEEN 3890632 AND 3891631 ORDER BY c
	Unique  (cost=4037.24..4042.38 rows=1029 width=121)
	  ->  Sort  (cost=4037.24..4039.81 rows=1029 width=121)
	        Sort Key: c
	        ->  Bitmap Heap Scan on sbtest4  (cost=30.98..3985.75 rows=1029 width=121)
	              Recheck Cond: ((id >= 3890632) AND (id <= 3891631))
	              ->  Bitmap Index Scan on sbtest4_pkey  (cost=0.00..30.72 rows=1029 width=0)
	                    Index Cond: ((id >= 3890632) AND (id <= 3891631))

table 5 : explain SELECT DISTINCT c FROM sbtest5 WHERE id BETWEEN 3912571 AND 3913570 ORDER BY c
	Unique  (cost=3860.35..3865.27 rows=984 width=121)
	  ->  Sort  (cost=3860.35..3862.81 rows=984 width=121)
	        Sort Key: c
	        ->  Bitmap Heap Scan on sbtest5  (cost=30.52..3811.43 rows=984 width=121)
	              Recheck Cond: ((id >= 3912571) AND (id <= 3913570))
	              ->  Bitmap Index Scan on sbtest5_pkey  (cost=0.00..30.27 rows=984 width=0)
	                    Index Cond: ((id >= 3912571) AND (id <= 3913570))

table 6 : explain SELECT DISTINCT c FROM sbtest6 WHERE id BETWEEN 6149925 AND 6150924 ORDER BY c
	Unique  (cost=3708.55..3713.27 rows=944 width=121)
	  ->  Sort  (cost=3708.55..3710.91 rows=944 width=121)
	        Sort Key: c
	        ->  Bitmap Heap Scan on sbtest6  (cost=30.11..3661.91 rows=944 width=121)
	              Recheck Cond: ((id >= 6149925) AND (id <= 6150924))
	              ->  Bitmap Index Scan on sbtest6_pkey  (cost=0.00..29.87 rows=944 width=0)
	                    Index Cond: ((id >= 6149925) AND (id <= 6150924))

table 7 : explain SELECT DISTINCT c FROM sbtest7 WHERE id BETWEEN 6975278 AND 6976277 ORDER BY c
	Unique  (cost=4008.25..4013.35 rows=1021 width=121)
	  ->  Sort  (cost=4008.25..4010.80 rows=1021 width=121)
	        Sort Key: c
	        ->  Bitmap Heap Scan on sbtest7  (cost=30.90..3957.22 rows=1021 width=121)
	              Recheck Cond: ((id >= 6975278) AND (id <= 6976277))
	              ->  Bitmap Index Scan on sbtest7_pkey  (cost=0.00..30.64 rows=1021 width=0)
	                    Index Cond: ((id >= 6975278) AND (id <= 6976277))

table 8 : explain SELECT DISTINCT c FROM sbtest8 WHERE id BETWEEN 1376567 AND 1377566 ORDER BY c
	Unique  (cost=4119.79..4125.05 rows=1052 width=121)
	  ->  Sort  (cost=4119.79..4122.42 rows=1052 width=121)
	        Sort Key: c
	        ->  Bitmap Heap Scan on sbtest8  (cost=31.22..4066.98 rows=1052 width=121)
	              Recheck Cond: ((id >= 1376567) AND (id <= 1377566))
	              ->  Bitmap Index Scan on sbtest8_pkey  (cost=0.00..30.95 rows=1052 width=0)
	                    Index Cond: ((id >= 1376567) AND (id <= 1377566))

explain: for point_selects :: explain SELECT c FROM sbtest%u WHERE id=%u
for: sum_ranges
table 1 : explain SELECT SUM(k) FROM sbtest1 WHERE id BETWEEN 6247847 AND 6248846
	Aggregate  (cost=3893.89..3893.90 rows=1 width=8)
	  ->  Bitmap Heap Scan on sbtest1  (cost=30.74..3891.38 rows=1005 width=4)
	        Recheck Cond: ((id >= 6247847) AND (id <= 6248846))
	        ->  Bitmap Index Scan on sbtest1_pkey  (cost=0.00..30.48 rows=1005 width=0)
	              Index Cond: ((id >= 6247847) AND (id <= 6248846))

table 2 : explain SELECT SUM(k) FROM sbtest2 WHERE id BETWEEN 5836090 AND 5837089
	Aggregate  (cost=3469.21..3469.22 rows=1 width=8)
	  ->  Bitmap Heap Scan on sbtest2  (cost=25.60..3466.98 rows=894 width=4)
	        Recheck Cond: ((id >= 5836090) AND (id <= 5837089))
	        ->  Bitmap Index Scan on sbtest2_pkey  (cost=0.00..25.37 rows=894 width=0)
	              Index Cond: ((id >= 5836090) AND (id <= 5837089))

table 3 : explain SELECT SUM(k) FROM sbtest3 WHERE id BETWEEN 3737735 AND 3738734
	Aggregate  (cost=3974.46..3974.47 rows=1 width=8)
	  ->  Bitmap Heap Scan on sbtest3  (cost=30.94..3971.89 rows=1025 width=4)
	        Recheck Cond: ((id >= 3737735) AND (id <= 3738734))
	        ->  Bitmap Index Scan on sbtest3_pkey  (cost=0.00..30.68 rows=1025 width=0)
	              Index Cond: ((id >= 3737735) AND (id <= 3738734))

table 4 : explain SELECT SUM(k) FROM sbtest4 WHERE id BETWEEN 9501358 AND 9502357
	Aggregate  (cost=3617.48..3617.49 rows=1 width=8)
	  ->  Bitmap Heap Scan on sbtest4  (cost=25.99..3615.15 rows=932 width=4)
	        Recheck Cond: ((id >= 9501358) AND (id <= 9502357))
	        ->  Bitmap Index Scan on sbtest4_pkey  (cost=0.00..25.75 rows=932 width=0)
	              Index Cond: ((id >= 9501358) AND (id <= 9502357))

table 5 : explain SELECT SUM(k) FROM sbtest5 WHERE id BETWEEN 9991467 AND 9992466
	Aggregate  (cost=3855.41..3855.42 rows=1 width=8)
	  ->  Bitmap Heap Scan on sbtest5  (cost=30.63..3852.92 rows=995 width=4)
	        Recheck Cond: ((id >= 9991467) AND (id <= 9992466))
	        ->  Bitmap Index Scan on sbtest5_pkey  (cost=0.00..30.39 rows=995 width=0)
	              Index Cond: ((id >= 9991467) AND (id <= 9992466))

table 6 : explain SELECT SUM(k) FROM sbtest6 WHERE id BETWEEN 9024705 AND 9025704
	Aggregate  (cost=4083.30..4083.31 rows=1 width=8)
	  ->  Bitmap Heap Scan on sbtest6  (cost=31.25..4080.67 rows=1055 width=4)
	        Recheck Cond: ((id >= 9024705) AND (id <= 9025704))
	        ->  Bitmap Index Scan on sbtest6_pkey  (cost=0.00..30.98 rows=1055 width=0)
	              Index Cond: ((id >= 9024705) AND (id <= 9025704))

table 7 : explain SELECT SUM(k) FROM sbtest7 WHERE id BETWEEN 9009595 AND 9010594
	Aggregate  (cost=3657.04..3657.05 rows=1 width=8)
	  ->  Bitmap Heap Scan on sbtest7  (cost=30.08..3654.69 rows=941 width=4)
	        Recheck Cond: ((id >= 9009595) AND (id <= 9010594))
	        ->  Bitmap Index Scan on sbtest7_pkey  (cost=0.00..29.84 rows=941 width=0)
	              Index Cond: ((id >= 9009595) AND (id <= 9010594))

table 8 : explain SELECT SUM(k) FROM sbtest8 WHERE id BETWEEN 8069567 AND 8070566
	Aggregate  (cost=4073.38..4073.39 rows=1 width=8)
	  ->  Bitmap Heap Scan on sbtest8  (cost=31.23..4070.74 rows=1053 width=4)
	        Recheck Cond: ((id >= 8069567) AND (id <= 8070566))
	        ->  Bitmap Index Scan on sbtest8_pkey  (cost=0.00..30.96 rows=1053 width=0)
	              Index Cond: ((id >= 8069567) AND (id <= 8070566))

explain: for point_selects :: explain SELECT c FROM sbtest%u WHERE id=%u
for: order_ranges
table 1 : explain SELECT c FROM sbtest1 WHERE id BETWEEN 2782995 AND 2783994 ORDER BY c
	Sort  (cost=4384.80..4387.61 rows=1122 width=121)
	  Sort Key: c
	  ->  Bitmap Heap Scan on sbtest1  (cost=31.94..4327.96 rows=1122 width=121)
	        Recheck Cond: ((id >= 2782995) AND (id <= 2783994))
	        ->  Bitmap Index Scan on sbtest1_pkey  (cost=0.00..31.65 rows=1122 width=0)
	              Index Cond: ((id >= 2782995) AND (id <= 2783994))

table 2 : explain SELECT c FROM sbtest2 WHERE id BETWEEN 335808 AND 336807 ORDER BY c
	Sort  (cost=4005.24..4007.80 rows=1022 width=121)
	  Sort Key: c
	  ->  Bitmap Heap Scan on sbtest2  (cost=30.91..3954.16 rows=1022 width=121)
	        Recheck Cond: ((id >= 335808) AND (id <= 336807))
	        ->  Bitmap Index Scan on sbtest2_pkey  (cost=0.00..30.65 rows=1022 width=0)
	              Index Cond: ((id >= 335808) AND (id <= 336807))

table 3 : explain SELECT c FROM sbtest3 WHERE id BETWEEN 1443420 AND 1444419 ORDER BY c
	Sort  (cost=3996.32..3998.86 rows=1018 width=121)
	  Sort Key: c
	  ->  Bitmap Heap Scan on sbtest3  (cost=30.87..3945.46 rows=1018 width=121)
	        Recheck Cond: ((id >= 1443420) AND (id <= 1444419))
	        ->  Bitmap Index Scan on sbtest3_pkey  (cost=0.00..30.61 rows=1018 width=0)
	              Index Cond: ((id >= 1443420) AND (id <= 1444419))

table 4 : explain SELECT c FROM sbtest4 WHERE id BETWEEN 6938395 AND 6939394 ORDER BY c
	Sort  (cost=3699.69..3702.05 rows=941 width=121)
	  Sort Key: c
	  ->  Bitmap Heap Scan on sbtest4  (cost=30.08..3653.22 rows=941 width=121)
	        Recheck Cond: ((id >= 6938395) AND (id <= 6939394))
	        ->  Bitmap Index Scan on sbtest4_pkey  (cost=0.00..29.84 rows=941 width=0)
	              Index Cond: ((id >= 6938395) AND (id <= 6939394))

table 5 : explain SELECT c FROM sbtest5 WHERE id BETWEEN 161530 AND 162529 ORDER BY c
	Sort  (cost=3637.89..3640.21 rows=927 width=121)
	  Sort Key: c
	  ->  Bitmap Heap Scan on sbtest5  (cost=25.94..3592.21 rows=927 width=121)
	        Recheck Cond: ((id >= 161530) AND (id <= 162529))
	        ->  Bitmap Index Scan on sbtest5_pkey  (cost=0.00..25.70 rows=927 width=0)
	              Index Cond: ((id >= 161530) AND (id <= 162529))

table 6 : explain SELECT c FROM sbtest6 WHERE id BETWEEN 1841829 AND 1842828 ORDER BY c
	Sort  (cost=3643.32..3645.63 rows=927 width=121)
	  Sort Key: c
	  ->  Bitmap Heap Scan on sbtest6  (cost=29.94..3597.63 rows=927 width=121)
	        Recheck Cond: ((id >= 1841829) AND (id <= 1842828))
	        ->  Bitmap Index Scan on sbtest6_pkey  (cost=0.00..29.70 rows=927 width=0)
	              Index Cond: ((id >= 1841829) AND (id <= 1842828))

table 7 : explain SELECT c FROM sbtest7 WHERE id BETWEEN 3065018 AND 3066017 ORDER BY c
	Sort  (cost=4249.56..4252.27 rows=1084 width=121)
	  Sort Key: c
	  ->  Bitmap Heap Scan on sbtest7  (cost=31.55..4194.91 rows=1084 width=121)
	        Recheck Cond: ((id >= 3065018) AND (id <= 3066017))
	        ->  Bitmap Index Scan on sbtest7_pkey  (cost=0.00..31.27 rows=1084 width=0)
	              Index Cond: ((id >= 3065018) AND (id <= 3066017))

table 8 : explain SELECT c FROM sbtest8 WHERE id BETWEEN 7153195 AND 7154194 ORDER BY c
	Sort  (cost=4058.65..4061.24 rows=1036 width=121)
	  Sort Key: c
	  ->  Bitmap Heap Scan on sbtest8  (cost=31.05..4006.76 rows=1036 width=121)
	        Recheck Cond: ((id >= 7153195) AND (id <= 7154194))
	        ->  Bitmap Index Scan on sbtest8_pkey  (cost=0.00..30.79 rows=1036 width=0)
	              Index Cond: ((id >= 7153195) AND (id <= 7154194))

for: order_ranges
table 1 : explain SELECT c FROM sbtest1 WHERE id BETWEEN 7357567 AND 7358566 ORDER BY c
	Sort  (cost=3818.95..3821.38 rows=973 width=121)
	  Sort Key: c
	  ->  Bitmap Heap Scan on sbtest1  (cost=30.41..3770.66 rows=973 width=121)
	        Recheck Cond: ((id >= 7357567) AND (id <= 7358566))
	        ->  Bitmap Index Scan on sbtest1_pkey  (cost=0.00..30.16 rows=973 width=0)
	              Index Cond: ((id >= 7357567) AND (id <= 7358566))

table 2 : explain SELECT c FROM sbtest2 WHERE id BETWEEN 2178502 AND 2179501 ORDER BY c
	Sort  (cost=4200.10..4202.78 rows=1073 width=121)
	  Sort Key: c
	  ->  Bitmap Heap Scan on sbtest2  (cost=31.43..4146.09 rows=1073 width=121)
	        Recheck Cond: ((id >= 2178502) AND (id <= 2179501))
	        ->  Bitmap Index Scan on sbtest2_pkey  (cost=0.00..31.16 rows=1073 width=0)
	              Index Cond: ((id >= 2178502) AND (id <= 2179501))

table 3 : explain SELECT c FROM sbtest3 WHERE id BETWEEN 7189246 AND 7190245 ORDER BY c
	Sort  (cost=4176.37..4179.04 rows=1065 width=121)
	  Sort Key: c
	  ->  Bitmap Heap Scan on sbtest3  (cost=31.35..4122.82 rows=1065 width=121)
	        Recheck Cond: ((id >= 7189246) AND (id <= 7190245))
	        ->  Bitmap Index Scan on sbtest3_pkey  (cost=0.00..31.08 rows=1065 width=0)
	              Index Cond: ((id >= 7189246) AND (id <= 7190245))

table 4 : explain SELECT c FROM sbtest4 WHERE id BETWEEN 1608498 AND 1609497 ORDER BY c
	Sort  (cost=3849.40..3851.85 rows=980 width=121)
	  Sort Key: c
	  ->  Bitmap Heap Scan on sbtest4  (cost=30.48..3800.71 rows=980 width=121)
	        Recheck Cond: ((id >= 1608498) AND (id <= 1609497))
	        ->  Bitmap Index Scan on sbtest4_pkey  (cost=0.00..30.23 rows=980 width=0)
	              Index Cond: ((id >= 1608498) AND (id <= 1609497))

table 5 : explain SELECT c FROM sbtest5 WHERE id BETWEEN 5236161 AND 5237160 ORDER BY c
	Sort  (cost=3476.67..3478.88 rows=885 width=121)
	  Sort Key: c
	  ->  Bitmap Heap Scan on sbtest5  (cost=25.51..3433.35 rows=885 width=121)
	        Recheck Cond: ((id >= 5236161) AND (id <= 5237160))
	        ->  Bitmap Index Scan on sbtest5_pkey  (cost=0.00..25.29 rows=885 width=0)
	              Index Cond: ((id >= 5236161) AND (id <= 5237160))

table 6 : explain SELECT c FROM sbtest6 WHERE id BETWEEN 5839507 AND 5840506 ORDER BY c
	Sort  (cost=3938.51..3941.02 rows=1004 width=121)
	  Sort Key: c
	  ->  Bitmap Heap Scan on sbtest6  (cost=30.73..3888.46 rows=1004 width=121)
	        Recheck Cond: ((id >= 5839507) AND (id <= 5840506))
	        ->  Bitmap Index Scan on sbtest6_pkey  (cost=0.00..30.47 rows=1004 width=0)
	              Index Cond: ((id >= 5839507) AND (id <= 5840506))

table 7 : explain SELECT c FROM sbtest7 WHERE id BETWEEN 4108784 AND 4109783 ORDER BY c
	Sort  (cost=3628.12..3630.42 rows=922 width=121)
	  Sort Key: c
	  ->  Bitmap Heap Scan on sbtest7  (cost=29.89..3582.72 rows=922 width=121)
	        Recheck Cond: ((id >= 4108784) AND (id <= 4109783))
	        ->  Bitmap Index Scan on sbtest7_pkey  (cost=0.00..29.65 rows=922 width=0)
	              Index Cond: ((id >= 4108784) AND (id <= 4109783))

table 8 : explain SELECT c FROM sbtest8 WHERE id BETWEEN 8269455 AND 8270454 ORDER BY c
	Sort  (cost=3894.20..3896.68 rows=993 width=121)
	  Sort Key: c
	  ->  Bitmap Heap Scan on sbtest8  (cost=30.61..3844.77 rows=993 width=121)
	        Recheck Cond: ((id >= 8269455) AND (id <= 8270454))
	        ->  Bitmap Index Scan on sbtest8_pkey  (cost=0.00..30.36 rows=993 width=0)
	              Index Cond: ((id >= 8269455) AND (id <= 8270454))

for: distinct_ranges
table 1 : explain SELECT DISTINCT c FROM sbtest1 WHERE id BETWEEN 3541052 AND 3542051 ORDER BY c
	Unique  (cost=3926.18..3931.19 rows=1001 width=121)
	  ->  Sort  (cost=3926.18..3928.69 rows=1001 width=121)
	        Sort Key: c
	        ->  Bitmap Heap Scan on sbtest1  (cost=30.70..3876.30 rows=1001 width=121)
	              Recheck Cond: ((id >= 3541052) AND (id <= 3542051))
	              ->  Bitmap Index Scan on sbtest1_pkey  (cost=0.00..30.44 rows=1001 width=0)
	                    Index Cond: ((id >= 3541052) AND (id <= 3542051))

table 2 : explain SELECT DISTINCT c FROM sbtest2 WHERE id BETWEEN 9015623 AND 9016622 ORDER BY c
	Unique  (cost=3867.51..3872.44 rows=986 width=121)
	  ->  Sort  (cost=3867.51..3869.97 rows=986 width=121)
	        Sort Key: c
	        ->  Bitmap Heap Scan on sbtest2  (cost=30.54..3818.48 rows=986 width=121)
	              Recheck Cond: ((id >= 9015623) AND (id <= 9016622))
	              ->  Bitmap Index Scan on sbtest2_pkey  (cost=0.00..30.29 rows=986 width=0)
	                    Index Cond: ((id >= 9015623) AND (id <= 9016622))

table 3 : explain SELECT DISTINCT c FROM sbtest3 WHERE id BETWEEN 5281073 AND 5282072 ORDER BY c
	Unique  (cost=3865.91..3870.83 rows=984 width=121)
	  ->  Sort  (cost=3865.91..3868.37 rows=984 width=121)
	        Sort Key: c
	        ->  Bitmap Heap Scan on sbtest3  (cost=30.52..3816.99 rows=984 width=121)
	              Recheck Cond: ((id >= 5281073) AND (id <= 5282072))
	              ->  Bitmap Index Scan on sbtest3_pkey  (cost=0.00..30.27 rows=984 width=0)
	                    Index Cond: ((id >= 5281073) AND (id <= 5282072))

table 4 : explain SELECT DISTINCT c FROM sbtest4 WHERE id BETWEEN 4326186 AND 4327185 ORDER BY c
	Unique  (cost=3914.60..3919.58 rows=997 width=121)
	  ->  Sort  (cost=3914.60..3917.09 rows=997 width=121)
	        Sort Key: c
	        ->  Bitmap Heap Scan on sbtest4  (cost=30.65..3864.94 rows=997 width=121)
	              Recheck Cond: ((id >= 4326186) AND (id <= 4327185))
	              ->  Bitmap Index Scan on sbtest4_pkey  (cost=0.00..30.40 rows=997 width=0)
	                    Index Cond: ((id >= 4326186) AND (id <= 4327185))

table 5 : explain SELECT DISTINCT c FROM sbtest5 WHERE id BETWEEN 3421079 AND 3422078 ORDER BY c
	Unique  (cost=3875.67..3880.61 rows=988 width=121)
	  ->  Sort  (cost=3875.67..3878.14 rows=988 width=121)
	        Sort Key: c
	        ->  Bitmap Heap Scan on sbtest5  (cost=30.56..3826.52 rows=988 width=121)
	              Recheck Cond: ((id >= 3421079) AND (id <= 3422078))
	              ->  Bitmap Index Scan on sbtest5_pkey  (cost=0.00..30.32 rows=988 width=0)
	                    Index Cond: ((id >= 3421079) AND (id <= 3422078))

table 6 : explain SELECT DISTINCT c FROM sbtest6 WHERE id BETWEEN 6088243 AND 6089242 ORDER BY c
	Unique  (cost=4064.81..4069.99 rows=1037 width=121)
	  ->  Sort  (cost=4064.81..4067.40 rows=1037 width=121)
	        Sort Key: c
	        ->  Bitmap Heap Scan on sbtest6  (cost=31.06..4012.86 rows=1037 width=121)
	              Recheck Cond: ((id >= 6088243) AND (id <= 6089242))
	              ->  Bitmap Index Scan on sbtest6_pkey  (cost=0.00..30.80 rows=1037 width=0)
	                    Index Cond: ((id >= 6088243) AND (id <= 6089242))

table 7 : explain SELECT DISTINCT c FROM sbtest7 WHERE id BETWEEN 8997485 AND 8998484 ORDER BY c
	Unique  (cost=3701.16..3705.87 rows=941 width=121)
	  ->  Sort  (cost=3701.16..3703.51 rows=941 width=121)
	        Sort Key: c
	        ->  Bitmap Heap Scan on sbtest7  (cost=30.08..3654.69 rows=941 width=121)
	              Recheck Cond: ((id >= 8997485) AND (id <= 8998484))
	              ->  Bitmap Index Scan on sbtest7_pkey  (cost=0.00..29.84 rows=941 width=0)
	                    Index Cond: ((id >= 8997485) AND (id <= 8998484))

table 8 : explain SELECT DISTINCT c FROM sbtest8 WHERE id BETWEEN 2279760 AND 2280759 ORDER BY c
	Unique  (cost=4371.74..4377.33 rows=1119 width=121)
	  ->  Sort  (cost=4371.74..4374.53 rows=1119 width=121)
	        Sort Key: c
	        ->  Bitmap Heap Scan on sbtest8  (cost=31.90..4315.07 rows=1119 width=121)
	              Recheck Cond: ((id >= 2279760) AND (id <= 2280759))
	              ->  Bitmap Index Scan on sbtest8_pkey  (cost=0.00..31.62 rows=1119 width=0)
	                    Index Cond: ((id >= 2279760) AND (id <= 2280759))

for: order_ranges
table 1 : explain SELECT c FROM sbtest1 WHERE id BETWEEN 9714640 AND 9715639 ORDER BY c
	Sort  (cost=4201.51..4204.19 rows=1073 width=121)
	  Sort Key: c
	  ->  Bitmap Heap Scan on sbtest1  (cost=31.43..4147.49 rows=1073 width=121)
	        Recheck Cond: ((id >= 9714640) AND (id <= 9715639))
	        ->  Bitmap Index Scan on sbtest1_pkey  (cost=0.00..31.16 rows=1073 width=0)
	              Index Cond: ((id >= 9714640) AND (id <= 9715639))

table 2 : explain SELECT c FROM sbtest2 WHERE id BETWEEN 1779335 AND 1780334 ORDER BY c
	Sort  (cost=3898.13..3900.62 rows=994 width=121)
	  Sort Key: c
	  ->  Bitmap Heap Scan on sbtest2  (cost=30.62..3848.64 rows=994 width=121)
	        Recheck Cond: ((id >= 1779335) AND (id <= 1780334))
	        ->  Bitmap Index Scan on sbtest2_pkey  (cost=0.00..30.37 rows=994 width=0)
	              Index Cond: ((id >= 1779335) AND (id <= 1780334))

table 3 : explain SELECT c FROM sbtest3 WHERE id BETWEEN 1375728 AND 1376727 ORDER BY c
	Sort  (cost=3550.83..3553.08 rows=902 width=121)
	  Sort Key: c
	  ->  Bitmap Heap Scan on sbtest3  (cost=29.68..3506.55 rows=902 width=121)
	        Recheck Cond: ((id >= 1375728) AND (id <= 1376727))
	        ->  Bitmap Index Scan on sbtest3_pkey  (cost=0.00..29.45 rows=902 width=0)
	              Index Cond: ((id >= 1375728) AND (id <= 1376727))

table 4 : explain SELECT c FROM sbtest4 WHERE id BETWEEN 5820457 AND 5821456 ORDER BY c
	Sort  (cost=4094.68..4097.29 rows=1044 width=121)
	  Sort Key: c
	  ->  Bitmap Heap Scan on sbtest4  (cost=31.14..4042.34 rows=1044 width=121)
	        Recheck Cond: ((id >= 5820457) AND (id <= 5821456))
	        ->  Bitmap Index Scan on sbtest4_pkey  (cost=0.00..30.87 rows=1044 width=0)
	              Index Cond: ((id >= 5820457) AND (id <= 5821456))

table 5 : explain SELECT c FROM sbtest5 WHERE id BETWEEN 9156159 AND 9157158 ORDER BY c
	Sort  (cost=3745.26..3747.64 rows=955 width=121)
	  Sort Key: c
	  ->  Bitmap Heap Scan on sbtest5  (cost=26.22..3697.99 rows=955 width=121)
	        Recheck Cond: ((id >= 9156159) AND (id <= 9157158))
	        ->  Bitmap Index Scan on sbtest5_pkey  (cost=0.00..25.98 rows=955 width=0)
	              Index Cond: ((id >= 9156159) AND (id <= 9157158))

table 6 : explain SELECT c FROM sbtest6 WHERE id BETWEEN 4257551 AND 4258550 ORDER BY c
	Sort  (cost=4156.58..4159.23 rows=1061 width=121)
	  Sort Key: c
	  ->  Bitmap Heap Scan on sbtest6  (cost=31.31..4103.26 rows=1061 width=121)
	        Recheck Cond: ((id >= 4257551) AND (id <= 4258550))
	        ->  Bitmap Index Scan on sbtest6_pkey  (cost=0.00..31.04 rows=1061 width=0)
	              Index Cond: ((id >= 4257551) AND (id <= 4258550))

table 7 : explain SELECT c FROM sbtest7 WHERE id BETWEEN 7719556 AND 7720555 ORDER BY c
	Sort  (cost=3589.66..3591.94 rows=912 width=121)
	  Sort Key: c
	  ->  Bitmap Heap Scan on sbtest7  (cost=29.78..3544.82 rows=912 width=121)
	        Recheck Cond: ((id >= 7719556) AND (id <= 7720555))
	        ->  Bitmap Index Scan on sbtest7_pkey  (cost=0.00..29.55 rows=912 width=0)
	              Index Cond: ((id >= 7719556) AND (id <= 7720555))

table 8 : explain SELECT c FROM sbtest8 WHERE id BETWEEN 5894115 AND 5895114 ORDER BY c
	Sort  (cost=4058.65..4061.24 rows=1036 width=121)
	  Sort Key: c
	  ->  Bitmap Heap Scan on sbtest8  (cost=31.05..4006.76 rows=1036 width=121)
	        Recheck Cond: ((id >= 5894115) AND (id <= 5895114))
	        ->  Bitmap Index Scan on sbtest8_pkey  (cost=0.00..30.79 rows=1036 width=0)
	              Index Cond: ((id >= 5894115) AND (id <= 5895114))

for point_selects
table 1 : explain SELECT c FROM sbtest1 WHERE id=1242673
	Index Scan using sbtest1_pkey on sbtest1  (cost=0.43..8.45 rows=1 width=121)
	  Index Cond: (id = 1242673)

table 2 : explain SELECT c FROM sbtest2 WHERE id=8687579
	Index Scan using sbtest2_pkey on sbtest2  (cost=0.43..8.45 rows=1 width=121)
	  Index Cond: (id = 8687579)

table 3 : explain SELECT c FROM sbtest3 WHERE id=3350862
	Index Scan using sbtest3_pkey on sbtest3  (cost=0.43..8.45 rows=1 width=121)
	  Index Cond: (id = 3350862)

table 4 : explain SELECT c FROM sbtest4 WHERE id=8940882
	Index Scan using sbtest4_pkey on sbtest4  (cost=0.43..8.45 rows=1 width=121)
	  Index Cond: (id = 8940882)

table 5 : explain SELECT c FROM sbtest5 WHERE id=4991115
	Index Scan using sbtest5_pkey on sbtest5  (cost=0.43..8.45 rows=1 width=121)
	  Index Cond: (id = 4991115)

table 6 : explain SELECT c FROM sbtest6 WHERE id=7996468
	Index Scan using sbtest6_pkey on sbtest6  (cost=0.43..8.45 rows=1 width=121)
	  Index Cond: (id = 7996468)

table 7 : explain SELECT c FROM sbtest7 WHERE id=9122303
	Index Scan using sbtest7_pkey on sbtest7  (cost=0.43..8.45 rows=1 width=121)
	  Index Cond: (id = 9122303)

table 8 : explain SELECT c FROM sbtest8 WHERE id=9219003
	Index Scan using sbtest8_pkey on sbtest8  (cost=0.43..8.45 rows=1 width=121)
	  Index Cond: (id = 9219003)

for: order_ranges
table 1 : explain SELECT c FROM sbtest1 WHERE id BETWEEN 5467192 AND 5468191 ORDER BY c
	Sort  (cost=3711.62..3713.98 rows=945 width=121)
	  Sort Key: c
	  ->  Bitmap Heap Scan on sbtest1  (cost=30.12..3664.91 rows=945 width=121)
	        Recheck Cond: ((id >= 5467192) AND (id <= 5468191))
	        ->  Bitmap Index Scan on sbtest1_pkey  (cost=0.00..29.89 rows=945 width=0)
	              Index Cond: ((id >= 5467192) AND (id <= 5468191))

table 2 : explain SELECT c FROM sbtest2 WHERE id BETWEEN 5364911 AND 5365910 ORDER BY c
	Sort  (cost=4012.89..4015.45 rows=1024 width=121)
	  Sort Key: c
	  ->  Bitmap Heap Scan on sbtest2  (cost=30.93..3961.69 rows=1024 width=121)
	        Recheck Cond: ((id >= 5364911) AND (id <= 5365910))
	        ->  Bitmap Index Scan on sbtest2_pkey  (cost=0.00..30.68 rows=1024 width=0)
	              Index Cond: ((id >= 5364911) AND (id <= 5365910))

table 3 : explain SELECT c FROM sbtest3 WHERE id BETWEEN 4630024 AND 4631023 ORDER BY c
	Sort  (cost=3558.52..3560.78 rows=904 width=121)
	  Sort Key: c
	  ->  Bitmap Heap Scan on sbtest3  (cost=29.70..3514.14 rows=904 width=121)
	        Recheck Cond: ((id >= 4630024) AND (id <= 4631023))
	        ->  Bitmap Index Scan on sbtest3_pkey  (cost=0.00..29.47 rows=904 width=0)
	              Index Cond: ((id >= 4630024) AND (id <= 4631023))

table 4 : explain SELECT c FROM sbtest4 WHERE id BETWEEN 5041401 AND 5042400 ORDER BY c
	Sort  (cost=4041.07..4043.64 rows=1030 width=121)
	  Sort Key: c
	  ->  Bitmap Heap Scan on sbtest4  (cost=30.99..3989.52 rows=1030 width=121)
	        Recheck Cond: ((id >= 5041401) AND (id <= 5042400))
	        ->  Bitmap Index Scan on sbtest4_pkey  (cost=0.00..30.73 rows=1030 width=0)
	              Index Cond: ((id >= 5041401) AND (id <= 5042400))

table 5 : explain SELECT c FROM sbtest5 WHERE id BETWEEN 4118926 AND 4119925 ORDER BY c
	Sort  (cost=3568.82..3571.10 rows=909 width=121)
	  Sort Key: c
	  ->  Bitmap Heap Scan on sbtest5  (cost=25.75..3524.15 rows=909 width=121)
	        Recheck Cond: ((id >= 4118926) AND (id <= 4119925))
	        ->  Bitmap Index Scan on sbtest5_pkey  (cost=0.00..25.52 rows=909 width=0)
	              Index Cond: ((id >= 4118926) AND (id <= 4119925))

table 6 : explain SELECT c FROM sbtest6 WHERE id BETWEEN 3521196 AND 3522195 ORDER BY c
	Sort  (cost=3812.09..3814.52 rows=971 width=121)
	  Sort Key: c
	  ->  Bitmap Heap Scan on sbtest6  (cost=30.39..3763.91 rows=971 width=121)
	        Recheck Cond: ((id >= 3521196) AND (id <= 3522195))
	        ->  Bitmap Index Scan on sbtest6_pkey  (cost=0.00..30.14 rows=971 width=0)
	              Index Cond: ((id >= 3521196) AND (id <= 3522195))

table 7 : explain SELECT c FROM sbtest7 WHERE id BETWEEN 9030141 AND 9031140 ORDER BY c
	Sort  (cost=3701.16..3703.51 rows=941 width=121)
	  Sort Key: c
	  ->  Bitmap Heap Scan on sbtest7  (cost=30.08..3654.69 rows=941 width=121)
	        Recheck Cond: ((id >= 9030141) AND (id <= 9031140))
	        ->  Bitmap Index Scan on sbtest7_pkey  (cost=0.00..29.84 rows=941 width=0)
	              Index Cond: ((id >= 9030141) AND (id <= 9031140))

table 8 : explain SELECT c FROM sbtest8 WHERE id BETWEEN 7390811 AND 7391810 ORDER BY c
	Sort  (cost=3729.52..3731.90 rows=950 width=121)
	  Sort Key: c
	  ->  Bitmap Heap Scan on sbtest8  (cost=30.17..3682.53 rows=950 width=121)
	        Recheck Cond: ((id >= 7390811) AND (id <= 7391810))
	        ->  Bitmap Index Scan on sbtest8_pkey  (cost=0.00..29.93 rows=950 width=0)
	              Index Cond: ((id >= 7390811) AND (id <= 7391810))

for: simple_ranges
table 1 : explain SELECT c FROM sbtest1 WHERE id BETWEEN 5949966 AND 5950965
	Bitmap Heap Scan on sbtest1  (cost=30.71..3880.07 rows=1002 width=121)
	  Recheck Cond: ((id >= 5949966) AND (id <= 5950965))
	  ->  Bitmap Index Scan on sbtest1_pkey  (cost=0.00..30.45 rows=1002 width=0)
	        Index Cond: ((id >= 5949966) AND (id <= 5950965))

table 2 : explain SELECT c FROM sbtest2 WHERE id BETWEEN 4909318 AND 4910317
	Bitmap Heap Scan on sbtest2  (cost=31.28..4089.67 rows=1058 width=121)
	  Recheck Cond: ((id >= 4909318) AND (id <= 4910317))
	  ->  Bitmap Index Scan on sbtest2_pkey  (cost=0.00..31.01 rows=1058 width=0)
	        Index Cond: ((id >= 4909318) AND (id <= 4910317))

table 3 : explain SELECT c FROM sbtest3 WHERE id BETWEEN 6032951 AND 6033950
	Bitmap Heap Scan on sbtest3  (cost=30.42..3779.18 rows=974 width=121)
	  Recheck Cond: ((id >= 6032951) AND (id <= 6033950))
	  ->  Bitmap Index Scan on sbtest3_pkey  (cost=0.00..30.18 rows=974 width=0)
	        Index Cond: ((id >= 6032951) AND (id <= 6033950))

table 4 : explain SELECT c FROM sbtest4 WHERE id BETWEEN 5744959 AND 5745958
	Bitmap Heap Scan on sbtest4  (cost=31.14..4042.34 rows=1044 width=121)
	  Recheck Cond: ((id >= 5744959) AND (id <= 5745958))
	  ->  Bitmap Index Scan on sbtest4_pkey  (cost=0.00..30.87 rows=1044 width=0)
	        Index Cond: ((id >= 5744959) AND (id <= 5745958))

table 5 : explain SELECT c FROM sbtest5 WHERE id BETWEEN 6614240 AND 6615239
	Bitmap Heap Scan on sbtest5  (cost=31.17..4048.83 rows=1047 width=121)
	  Recheck Cond: ((id >= 6614240) AND (id <= 6615239))
	  ->  Bitmap Index Scan on sbtest5_pkey  (cost=0.00..30.90 rows=1047 width=0)
	        Index Cond: ((id >= 6614240) AND (id <= 6615239))

table 6 : explain SELECT c FROM sbtest6 WHERE id BETWEEN 1546810 AND 1547809
	Bitmap Heap Scan on sbtest6  (cost=31.79..4280.07 rows=1108 width=121)
	  Recheck Cond: ((id >= 1546810) AND (id <= 1547809))
	  ->  Bitmap Index Scan on sbtest6_pkey  (cost=0.00..31.51 rows=1108 width=0)
	        Index Cond: ((id >= 1546810) AND (id <= 1547809))

table 7 : explain SELECT c FROM sbtest7 WHERE id BETWEEN 5454168 AND 5455167
	Bitmap Heap Scan on sbtest7  (cost=29.94..3601.66 rows=927 width=121)
	  Recheck Cond: ((id >= 5454168) AND (id <= 5455167))
	  ->  Bitmap Index Scan on sbtest7_pkey  (cost=0.00..29.70 rows=927 width=0)
	        Index Cond: ((id >= 5454168) AND (id <= 5455167))

table 8 : explain SELECT c FROM sbtest8 WHERE id BETWEEN 1013048 AND 1014047
	Bitmap Heap Scan on sbtest8  (cost=30.48..3795.75 rows=980 width=121)
	  Recheck Cond: ((id >= 1013048) AND (id <= 1014047))
	  ->  Bitmap Index Scan on sbtest8_pkey  (cost=0.00..30.23 rows=980 width=0)
	        Index Cond: ((id >= 1013048) AND (id <= 1014047))

for: distinct_ranges
table 1 : explain SELECT DISTINCT c FROM sbtest1 WHERE id BETWEEN 772389 AND 773388 ORDER BY c
	Unique  (cost=3861.09..3866.01 rows=984 width=121)
	  ->  Sort  (cost=3861.09..3863.55 rows=984 width=121)
	        Sort Key: c
	        ->  Bitmap Heap Scan on sbtest1  (cost=30.52..3812.17 rows=984 width=121)
	              Recheck Cond: ((id >= 772389) AND (id <= 773388))
	              ->  Bitmap Index Scan on sbtest1_pkey  (cost=0.00..30.27 rows=984 width=0)
	                    Index Cond: ((id >= 772389) AND (id <= 773388))

table 2 : explain SELECT DISTINCT c FROM sbtest2 WHERE id BETWEEN 1319847 AND 1320846 ORDER BY c
	Unique  (cost=3986.12..3991.21 rows=1017 width=121)
	  ->  Sort  (cost=3986.12..3988.66 rows=1017 width=121)
	        Sort Key: c
	        ->  Bitmap Heap Scan on sbtest2  (cost=30.86..3935.32 rows=1017 width=121)
	              Recheck Cond: ((id >= 1319847) AND (id <= 1320846))
	              ->  Bitmap Index Scan on sbtest2_pkey  (cost=0.00..30.61 rows=1017 width=0)
	                    Index Cond: ((id >= 1319847) AND (id <= 1320846))

table 3 : explain SELECT DISTINCT c FROM sbtest3 WHERE id BETWEEN 8078093 AND 8079092 ORDER BY c
	Unique  (cost=4000.15..4005.25 rows=1019 width=121)
	  ->  Sort  (cost=4000.15..4002.70 rows=1019 width=121)
	        Sort Key: c
	        ->  Bitmap Heap Scan on sbtest3  (cost=30.88..3949.24 rows=1019 width=121)
	              Recheck Cond: ((id >= 8078093) AND (id <= 8079092))
	              ->  Bitmap Index Scan on sbtest3_pkey  (cost=0.00..30.62 rows=1019 width=0)
	                    Index Cond: ((id >= 8078093) AND (id <= 8079092))

table 4 : explain SELECT DISTINCT c FROM sbtest4 WHERE id BETWEEN 6020491 AND 6021490 ORDER BY c
	Unique  (cost=3745.78..3750.54 rows=953 width=121)
	  ->  Sort  (cost=3745.78..3748.16 rows=953 width=121)
	        Sort Key: c
	        ->  Bitmap Heap Scan on sbtest4  (cost=30.20..3698.62 rows=953 width=121)
	              Recheck Cond: ((id >= 6020491) AND (id <= 6021490))
	              ->  Bitmap Index Scan on sbtest4_pkey  (cost=0.00..29.96 rows=953 width=0)
	                    Index Cond: ((id >= 6020491) AND (id <= 6021490))

table 5 : explain SELECT DISTINCT c FROM sbtest5 WHERE id BETWEEN 1333986 AND 1334985 ORDER BY c
	Unique  (cost=3890.98..3895.94 rows=992 width=121)
	  ->  Sort  (cost=3890.98..3893.46 rows=992 width=121)
	        Sort Key: c
	        ->  Bitmap Heap Scan on sbtest5  (cost=30.60..3841.61 rows=992 width=121)
	              Recheck Cond: ((id >= 1333986) AND (id <= 1334985))
	              ->  Bitmap Index Scan on sbtest5_pkey  (cost=0.00..30.36 rows=992 width=0)
	                    Index Cond: ((id >= 1333986) AND (id <= 1334985))

table 6 : explain SELECT DISTINCT c FROM sbtest6 WHERE id BETWEEN 5976675 AND 5977674 ORDER BY c
	Unique  (cost=4064.81..4069.99 rows=1037 width=121)
	  ->  Sort  (cost=4064.81..4067.40 rows=1037 width=121)
	        Sort Key: c
	        ->  Bitmap Heap Scan on sbtest6  (cost=31.06..4012.86 rows=1037 width=121)
	              Recheck Cond: ((id >= 5976675) AND (id <= 5977674))
	              ->  Bitmap Index Scan on sbtest6_pkey  (cost=0.00..30.80 rows=1037 width=0)
	                    Index Cond: ((id >= 5976675) AND (id <= 5977674))

table 7 : explain SELECT DISTINCT c FROM sbtest7 WHERE id BETWEEN 7827411 AND 7828410 ORDER BY c
	Unique  (cost=4180.66..4185.99 rows=1066 width=121)
	  ->  Sort  (cost=4180.66..4183.32 rows=1066 width=121)
	        Sort Key: c
	        ->  Bitmap Heap Scan on sbtest7  (cost=31.36..4127.05 rows=1066 width=121)
	              Recheck Cond: ((id >= 7827411) AND (id <= 7828410))
	              ->  Bitmap Index Scan on sbtest7_pkey  (cost=0.00..31.09 rows=1066 width=0)
	                    Index Cond: ((id >= 7827411) AND (id <= 7828410))

table 8 : explain SELECT DISTINCT c FROM sbtest8 WHERE id BETWEEN 5151613 AND 5152612 ORDER BY c
	Unique  (cost=4192.35..4197.70 rows=1071 width=121)
	  ->  Sort  (cost=4192.35..4195.02 rows=1071 width=121)
	        Sort Key: c
	        ->  Bitmap Heap Scan on sbtest8  (cost=31.41..4138.45 rows=1071 width=121)
	              Recheck Cond: ((id >= 5151613) AND (id <= 5152612))
	              ->  Bitmap Index Scan on sbtest8_pkey  (cost=0.00..31.14 rows=1071 width=0)
	                    Index Cond: ((id >= 5151613) AND (id <= 5152612))

for: simple_ranges
table 1 : explain SELECT c FROM sbtest1 WHERE id BETWEEN 9162846 AND 9163845
	Bitmap Heap Scan on sbtest1  (cost=31.36..4121.16 rows=1066 width=121)
	  Recheck Cond: ((id >= 9162846) AND (id <= 9163845))
	  ->  Bitmap Index Scan on sbtest1_pkey  (cost=0.00..31.09 rows=1066 width=0)
	        Index Cond: ((id >= 9162846) AND (id <= 9163845))

table 2 : explain SELECT c FROM sbtest2 WHERE id BETWEEN 4634215 AND 4635214
	Bitmap Heap Scan on sbtest2  (cost=30.10..3656.20 rows=943 width=121)
	  Recheck Cond: ((id >= 4634215) AND (id <= 4635214))
	  ->  Bitmap Index Scan on sbtest2_pkey  (cost=0.00..29.86 rows=943 width=0)
	        Index Cond: ((id >= 4634215) AND (id <= 4635214))

table 3 : explain SELECT c FROM sbtest3 WHERE id BETWEEN 5662031 AND 5663030
	Bitmap Heap Scan on sbtest3  (cost=30.94..3971.89 rows=1025 width=121)
	  Recheck Cond: ((id >= 5662031) AND (id <= 5663030))
	  ->  Bitmap Index Scan on sbtest3_pkey  (cost=0.00..30.68 rows=1025 width=0)
	        Index Cond: ((id >= 5662031) AND (id <= 5663030))

table 4 : explain SELECT c FROM sbtest4 WHERE id BETWEEN 1343296 AND 1344295
	Bitmap Heap Scan on sbtest4  (cost=25.74..3524.26 rows=908 width=121)
	  Recheck Cond: ((id >= 1343296) AND (id <= 1344295))
	  ->  Bitmap Index Scan on sbtest4_pkey  (cost=0.00..25.51 rows=908 width=0)
	        Index Cond: ((id >= 1343296) AND (id <= 1344295))

table 5 : explain SELECT c FROM sbtest5 WHERE id BETWEEN 1120219 AND 1121218
	Bitmap Heap Scan on sbtest5  (cost=31.17..4048.83 rows=1047 width=121)
	  Recheck Cond: ((id >= 1120219) AND (id <= 1121218))
	  ->  Bitmap Index Scan on sbtest5_pkey  (cost=0.00..30.90 rows=1047 width=0)
	        Index Cond: ((id >= 1120219) AND (id <= 1121218))

table 6 : explain SELECT c FROM sbtest6 WHERE id BETWEEN 1680143 AND 1681142
	Bitmap Heap Scan on sbtest6  (cost=30.25..3714.81 rows=958 width=121)
	  Recheck Cond: ((id >= 1680143) AND (id <= 1681142))
	  ->  Bitmap Index Scan on sbtest6_pkey  (cost=0.00..30.01 rows=958 width=0)
	        Index Cond: ((id >= 1680143) AND (id <= 1681142))

table 7 : explain SELECT c FROM sbtest7 WHERE id BETWEEN 2500536 AND 2501535
	Bitmap Heap Scan on sbtest7  (cost=30.94..3972.33 rows=1025 width=121)
	  Recheck Cond: ((id >= 2500536) AND (id <= 2501535))
	  ->  Bitmap Index Scan on sbtest7_pkey  (cost=0.00..30.68 rows=1025 width=0)
	        Index Cond: ((id >= 2500536) AND (id <= 2501535))

table 8 : explain SELECT c FROM sbtest8 WHERE id BETWEEN 2875009 AND 2876008
	Bitmap Heap Scan on sbtest8  (cost=31.56..4191.08 rows=1085 width=121)
	  Recheck Cond: ((id >= 2875009) AND (id <= 2876008))
	  ->  Bitmap Index Scan on sbtest8_pkey  (cost=0.00..31.29 rows=1085 width=0)
	        Index Cond: ((id >= 2875009) AND (id <= 2876008))

for: distinct_ranges
table 1 : explain SELECT DISTINCT c FROM sbtest1 WHERE id BETWEEN 9060631 AND 9061630 ORDER BY c
	Unique  (cost=4388.61..4394.23 rows=1123 width=121)
	  ->  Sort  (cost=4388.61..4391.42 rows=1123 width=121)
	        Sort Key: c
	        ->  Bitmap Heap Scan on sbtest1  (cost=31.95..4331.72 rows=1123 width=121)
	              Recheck Cond: ((id >= 9060631) AND (id <= 9061630))
	              ->  Bitmap Index Scan on sbtest1_pkey  (cost=0.00..31.66 rows=1123 width=0)
	                    Index Cond: ((id >= 9060631) AND (id <= 9061630))

table 2 : explain SELECT DISTINCT c FROM sbtest2 WHERE id BETWEEN 4608712 AND 4609711 ORDER BY c
	Unique  (cost=3618.42..3623.03 rows=921 width=121)
	  ->  Sort  (cost=3618.42..3620.73 rows=921 width=121)
	        Sort Key: c
	        ->  Bitmap Heap Scan on sbtest2  (cost=29.88..3573.08 rows=921 width=121)
	              Recheck Cond: ((id >= 4608712) AND (id <= 4609711))
	              ->  Bitmap Index Scan on sbtest2_pkey  (cost=0.00..29.64 rows=921 width=0)
	                    Index Cond: ((id >= 4608712) AND (id <= 4609711))

table 3 : explain SELECT DISTINCT c FROM sbtest3 WHERE id BETWEEN 4722105 AND 4723104 ORDER BY c
	Unique  (cost=3635.44..3640.06 rows=924 width=121)
	  ->  Sort  (cost=3635.44..3637.75 rows=924 width=121)
	        Sort Key: c
	        ->  Bitmap Heap Scan on sbtest3  (cost=29.91..3589.93 rows=924 width=121)
	              Recheck Cond: ((id >= 4722105) AND (id <= 4723104))
	              ->  Bitmap Index Scan on sbtest3_pkey  (cost=0.00..29.68 rows=924 width=0)
	                    Index Cond: ((id >= 4722105) AND (id <= 4723104))

table 4 : explain SELECT DISTINCT c FROM sbtest4 WHERE id BETWEEN 542556 AND 543555 ORDER BY c
	Unique  (cost=4343.31..4348.86 rows=1109 width=121)
	  ->  Sort  (cost=4343.31..4346.09 rows=1109 width=121)
	        Sort Key: c
	        ->  Bitmap Heap Scan on sbtest4  (cost=31.80..4287.23 rows=1109 width=121)
	              Recheck Cond: ((id >= 542556) AND (id <= 543555))
	              ->  Bitmap Index Scan on sbtest4_pkey  (cost=0.00..31.52 rows=1109 width=0)
	                    Index Cond: ((id >= 542556) AND (id <= 543555))

table 5 : explain SELECT DISTINCT c FROM sbtest5 WHERE id BETWEEN 6868664 AND 6869663 ORDER BY c
	Unique  (cost=3806.73..3811.58 rows=970 width=121)
	  ->  Sort  (cost=3806.73..3809.16 rows=970 width=121)
	        Sort Key: c
	        ->  Bitmap Heap Scan on sbtest5  (cost=30.38..3758.61 rows=970 width=121)
	              Recheck Cond: ((id >= 6868664) AND (id <= 6869663))
	              ->  Bitmap Index Scan on sbtest5_pkey  (cost=0.00..30.14 rows=970 width=0)
	                    Index Cond: ((id >= 6868664) AND (id <= 6869663))

table 6 : explain SELECT DISTINCT c FROM sbtest6 WHERE id BETWEEN 961959 AND 962958 ORDER BY c
	Unique  (cost=3972.97..3978.03 rows=1013 width=121)
	  ->  Sort  (cost=3972.97..3975.50 rows=1013 width=121)
	        Sort Key: c
	        ->  Bitmap Heap Scan on sbtest6  (cost=30.82..3922.40 rows=1013 width=121)
	              Recheck Cond: ((id >= 961959) AND (id <= 962958))
	              ->  Bitmap Index Scan on sbtest6_pkey  (cost=0.00..30.57 rows=1013 width=0)
	                    Index Cond: ((id >= 961959) AND (id <= 962958))

table 7 : explain SELECT DISTINCT c FROM sbtest7 WHERE id BETWEEN 8008508 AND 8009507 ORDER BY c
	Unique  (cost=3989.08..3994.16 rows=1016 width=121)
	  ->  Sort  (cost=3989.08..3991.62 rows=1016 width=121)
	        Sort Key: c
	        ->  Bitmap Heap Scan on sbtest7  (cost=30.85..3938.33 rows=1016 width=121)
	              Recheck Cond: ((id >= 8008508) AND (id <= 8009507))
	              ->  Bitmap Index Scan on sbtest7_pkey  (cost=0.00..30.59 rows=1016 width=0)
	                    Index Cond: ((id >= 8008508) AND (id <= 8009507))

table 8 : explain SELECT DISTINCT c FROM sbtest8 WHERE id BETWEEN 27973 AND 28972 ORDER BY c
	Unique  (cost=3702.69..3707.41 rows=943 width=121)
	  ->  Sort  (cost=3702.69..3705.05 rows=943 width=121)
	        Sort Key: c
	        ->  Bitmap Heap Scan on sbtest8  (cost=30.10..3656.10 rows=943 width=121)
	              Recheck Cond: ((id >= 27973) AND (id <= 28972))
	              ->  Bitmap Index Scan on sbtest8_pkey  (cost=0.00..29.86 rows=943 width=0)
	                    Index Cond: ((id >= 27973) AND (id <= 28972))

for: order_ranges
table 1 : explain SELECT c FROM sbtest1 WHERE id BETWEEN 569512 AND 570511 ORDER BY c
	Sort  (cost=3799.79..3802.21 rows=968 width=121)
	  Sort Key: c
	  ->  Bitmap Heap Scan on sbtest1  (cost=30.36..3751.78 rows=968 width=121)
	        Recheck Cond: ((id >= 569512) AND (id <= 570511))
	        ->  Bitmap Index Scan on sbtest1_pkey  (cost=0.00..30.11 rows=968 width=0)
	              Index Cond: ((id >= 569512) AND (id <= 570511))

table 2 : explain SELECT c FROM sbtest2 WHERE id BETWEEN 2475686 AND 2476685 ORDER BY c
	Sort  (cost=4074.05..4076.65 rows=1040 width=121)
	  Sort Key: c
	  ->  Bitmap Heap Scan on sbtest2  (cost=31.09..4021.93 rows=1040 width=121)
	        Recheck Cond: ((id >= 2475686) AND (id <= 2476685))
	        ->  Bitmap Index Scan on sbtest2_pkey  (cost=0.00..30.83 rows=1040 width=0)
	              Index Cond: ((id >= 2475686) AND (id <= 2476685))

table 3 : explain SELECT c FROM sbtest3 WHERE id BETWEEN 450234 AND 451233 ORDER BY c
	Sort  (cost=3904.28..3906.76 rows=994 width=121)
	  Sort Key: c
	  ->  Bitmap Heap Scan on sbtest3  (cost=30.62..3854.79 rows=994 width=121)
	        Recheck Cond: ((id >= 450234) AND (id <= 451233))
	        ->  Bitmap Index Scan on sbtest3_pkey  (cost=0.00..30.37 rows=994 width=0)
	              Index Cond: ((id >= 450234) AND (id <= 451233))

table 4 : explain SELECT c FROM sbtest4 WHERE id BETWEEN 4036403 AND 4037402 ORDER BY c
	Sort  (cost=3722.74..3725.10 rows=947 width=121)
	  Sort Key: c
	  ->  Bitmap Heap Scan on sbtest4  (cost=30.14..3675.92 rows=947 width=121)
	        Recheck Cond: ((id >= 4036403) AND (id <= 4037402))
	        ->  Bitmap Index Scan on sbtest4_pkey  (cost=0.00..29.90 rows=947 width=0)
	              Index Cond: ((id >= 4036403) AND (id <= 4037402))

table 5 : explain SELECT c FROM sbtest5 WHERE id BETWEEN 2588824 AND 2589823 ORDER BY c
	Sort  (cost=3975.17..3977.71 rows=1014 width=121)
	  Sort Key: c
	  ->  Bitmap Heap Scan on sbtest5  (cost=30.83..3924.54 rows=1014 width=121)
	        Recheck Cond: ((id >= 2588824) AND (id <= 2589823))
	        ->  Bitmap Index Scan on sbtest5_pkey  (cost=0.00..30.57 rows=1014 width=0)
	              Index Cond: ((id >= 2588824) AND (id <= 2589823))

table 6 : explain SELECT c FROM sbtest6 WHERE id BETWEEN 485150 AND 486149 ORDER BY c
	Sort  (cost=4057.16..4059.74 rows=1035 width=121)
	  Sort Key: c
	  ->  Bitmap Heap Scan on sbtest6  (cost=31.04..4005.33 rows=1035 width=121)
	        Recheck Cond: ((id >= 485150) AND (id <= 486149))
	        ->  Bitmap Index Scan on sbtest6_pkey  (cost=0.00..30.79 rows=1035 width=0)
	              Index Cond: ((id >= 485150) AND (id <= 486149))

table 7 : explain SELECT c FROM sbtest7 WHERE id BETWEEN 2671011 AND 2672010 ORDER BY c
	Sort  (cost=3885.50..3887.98 rows=989 width=121)
	  Sort Key: c
	  ->  Bitmap Heap Scan on sbtest7  (cost=30.57..3836.30 rows=989 width=121)
	        Recheck Cond: ((id >= 2671011) AND (id <= 2672010))
	        ->  Bitmap Index Scan on sbtest7_pkey  (cost=0.00..30.32 rows=989 width=0)
	              Index Cond: ((id >= 2671011) AND (id <= 2672010))

table 8 : explain SELECT c FROM sbtest8 WHERE id BETWEEN 3982197 AND 3983196 ORDER BY c
	Sort  (cost=3767.84..3770.24 rows=960 width=121)
	  Sort Key: c
	  ->  Bitmap Heap Scan on sbtest8  (cost=30.27..3720.28 rows=960 width=121)
	        Recheck Cond: ((id >= 3982197) AND (id <= 3983196))
	        ->  Bitmap Index Scan on sbtest8_pkey  (cost=0.00..30.04 rows=960 width=0)
	              Index Cond: ((id >= 3982197) AND (id <= 3983196))

for: distinct_ranges
table 1 : explain SELECT DISTINCT c FROM sbtest1 WHERE id BETWEEN 1272452 AND 1273451 ORDER BY c
	Unique  (cost=4159.48..4164.79 rows=1062 width=121)
	  ->  Sort  (cost=4159.48..4162.14 rows=1062 width=121)
	        Sort Key: c
	        ->  Bitmap Heap Scan on sbtest1  (cost=31.32..4106.10 rows=1062 width=121)
	              Recheck Cond: ((id >= 1272452) AND (id <= 1273451))
	              ->  Bitmap Index Scan on sbtest1_pkey  (cost=0.00..31.05 rows=1062 width=0)
	                    Index Cond: ((id >= 1272452) AND (id <= 1273451))

table 2 : explain SELECT DISTINCT c FROM sbtest2 WHERE id BETWEEN 8977663 AND 8978662 ORDER BY c
	Unique  (cost=3882.82..3887.77 rows=990 width=121)
	  ->  Sort  (cost=3882.82..3885.30 rows=990 width=121)
	        Sort Key: c
	        ->  Bitmap Heap Scan on sbtest2  (cost=30.58..3833.56 rows=990 width=121)
	              Recheck Cond: ((id >= 8977663) AND (id <= 8978662))
	              ->  Bitmap Index Scan on sbtest2_pkey  (cost=0.00..30.33 rows=990 width=0)
	                    Index Cond: ((id >= 8977663) AND (id <= 8978662))

table 3 : explain SELECT DISTINCT c FROM sbtest3 WHERE id BETWEEN 7253736 AND 7254735 ORDER BY c
	Unique  (cost=3792.97..3797.80 rows=965 width=121)
	  ->  Sort  (cost=3792.97..3795.39 rows=965 width=121)
	        Sort Key: c
	        ->  Bitmap Heap Scan on sbtest3  (cost=30.33..3745.14 rows=965 width=121)
	              Recheck Cond: ((id >= 7253736) AND (id <= 7254735))
	              ->  Bitmap Index Scan on sbtest3_pkey  (cost=0.00..30.08 rows=965 width=0)
	                    Index Cond: ((id >= 7253736) AND (id <= 7254735))

table 4 : explain SELECT DISTINCT c FROM sbtest4 WHERE id BETWEEN 9309607 AND 9310606 ORDER BY c
	Unique  (cost=3784.17..3788.98 rows=963 width=121)
	  ->  Sort  (cost=3784.17..3786.57 rows=963 width=121)
	        Sort Key: c
	        ->  Bitmap Heap Scan on sbtest4  (cost=30.31..3736.44 rows=963 width=121)
	              Recheck Cond: ((id >= 9309607) AND (id <= 9310606))
	              ->  Bitmap Index Scan on sbtest4_pkey  (cost=0.00..30.07 rows=963 width=0)
	                    Index Cond: ((id >= 9309607) AND (id <= 9310606))

table 5 : explain SELECT DISTINCT c FROM sbtest5 WHERE id BETWEEN 7677631 AND 7678630 ORDER BY c
	Unique  (cost=3818.22..3823.09 rows=973 width=121)
	  ->  Sort  (cost=3818.22..3820.66 rows=973 width=121)
	        Sort Key: c
	        ->  Bitmap Heap Scan on sbtest5  (cost=30.41..3769.93 rows=973 width=121)
	              Recheck Cond: ((id >= 7677631) AND (id <= 7678630))
	              ->  Bitmap Index Scan on sbtest5_pkey  (cost=0.00..30.16 rows=973 width=0)
	                    Index Cond: ((id >= 7677631) AND (id <= 7678630))

table 6 : explain SELECT DISTINCT c FROM sbtest6 WHERE id BETWEEN 1863682 AND 1864681 ORDER BY c
	Unique  (cost=3643.32..3647.95 rows=927 width=121)
	  ->  Sort  (cost=3643.32..3645.63 rows=927 width=121)
	        Sort Key: c
	        ->  Bitmap Heap Scan on sbtest6  (cost=29.94..3597.63 rows=927 width=121)
	              Recheck Cond: ((id >= 1863682) AND (id <= 1864681))
	              ->  Bitmap Index Scan on sbtest6_pkey  (cost=0.00..29.70 rows=927 width=0)
	                    Index Cond: ((id >= 1863682) AND (id <= 1864681))

table 7 : explain SELECT DISTINCT c FROM sbtest7 WHERE id BETWEEN 1121594 AND 1122593 ORDER BY c
	Unique  (cost=3989.08..3994.16 rows=1016 width=121)
	  ->  Sort  (cost=3989.08..3991.62 rows=1016 width=121)
	        Sort Key: c
	        ->  Bitmap Heap Scan on sbtest7  (cost=30.85..3938.33 rows=1016 width=121)
	              Recheck Cond: ((id >= 1121594) AND (id <= 1122593))
	              ->  Bitmap Index Scan on sbtest7_pkey  (cost=0.00..30.59 rows=1016 width=0)
	                    Index Cond: ((id >= 1121594) AND (id <= 1122593))

table 8 : explain SELECT DISTINCT c FROM sbtest8 WHERE id BETWEEN 7545564 AND 7546563 ORDER BY c
	Unique  (cost=4020.43..4025.56 rows=1026 width=121)
	  ->  Sort  (cost=4020.43..4022.99 rows=1026 width=121)
	        Sort Key: c
	        ->  Bitmap Heap Scan on sbtest8  (cost=30.95..3969.11 rows=1026 width=121)
	              Recheck Cond: ((id >= 7545564) AND (id <= 7546563))
	              ->  Bitmap Index Scan on sbtest8_pkey  (cost=0.00..30.69 rows=1026 width=0)
	                    Index Cond: ((id >= 7545564) AND (id <= 7546563))

for point_selects
table 1 : explain SELECT c FROM sbtest1 WHERE id=7004271
	Index Scan using sbtest1_pkey on sbtest1  (cost=0.43..8.45 rows=1 width=121)
	  Index Cond: (id = 7004271)

table 2 : explain SELECT c FROM sbtest2 WHERE id=3886835
	Index Scan using sbtest2_pkey on sbtest2  (cost=0.43..8.45 rows=1 width=121)
	  Index Cond: (id = 3886835)

table 3 : explain SELECT c FROM sbtest3 WHERE id=1262681
	Index Scan using sbtest3_pkey on sbtest3  (cost=0.43..8.45 rows=1 width=121)
	  Index Cond: (id = 1262681)

table 4 : explain SELECT c FROM sbtest4 WHERE id=7787072
	Index Scan using sbtest4_pkey on sbtest4  (cost=0.43..8.45 rows=1 width=121)
	  Index Cond: (id = 7787072)

table 5 : explain SELECT c FROM sbtest5 WHERE id=5342296
	Index Scan using sbtest5_pkey on sbtest5  (cost=0.43..8.45 rows=1 width=121)
	  Index Cond: (id = 5342296)

table 6 : explain SELECT c FROM sbtest6 WHERE id=8218721
	Index Scan using sbtest6_pkey on sbtest6  (cost=0.43..8.45 rows=1 width=121)
	  Index Cond: (id = 8218721)

table 7 : explain SELECT c FROM sbtest7 WHERE id=7371984
	Index Scan using sbtest7_pkey on sbtest7  (cost=0.43..8.45 rows=1 width=121)
	  Index Cond: (id = 7371984)

table 8 : explain SELECT c FROM sbtest8 WHERE id=1120341
	Index Scan using sbtest8_pkey on sbtest8  (cost=0.43..8.45 rows=1 width=121)
	  Index Cond: (id = 1120341)

for: distinct_ranges
table 1 : explain SELECT DISTINCT c FROM sbtest1 WHERE id BETWEEN 5636407 AND 5637406 ORDER BY c
	Unique  (cost=3880.24..3885.18 rows=989 width=121)
	  ->  Sort  (cost=3880.24..3882.71 rows=989 width=121)
	        Sort Key: c
	        ->  Bitmap Heap Scan on sbtest1  (cost=30.57..3831.03 rows=989 width=121)
	              Recheck Cond: ((id >= 5636407) AND (id <= 5637406))
	              ->  Bitmap Index Scan on sbtest1_pkey  (cost=0.00..30.32 rows=989 width=0)
	                    Index Cond: ((id >= 5636407) AND (id <= 5637406))

table 2 : explain SELECT DISTINCT c FROM sbtest2 WHERE id BETWEEN 5012634 AND 5013633 ORDER BY c
	Unique  (cost=3947.87..3952.91 rows=1007 width=121)
	  ->  Sort  (cost=3947.87..3950.39 rows=1007 width=121)
	        Sort Key: c
	        ->  Bitmap Heap Scan on sbtest2  (cost=30.76..3897.64 rows=1007 width=121)
	              Recheck Cond: ((id >= 5012634) AND (id <= 5013633))
	              ->  Bitmap Index Scan on sbtest2_pkey  (cost=0.00..30.50 rows=1007 width=0)
	                    Index Cond: ((id >= 5012634) AND (id <= 5013633))

table 3 : explain SELECT DISTINCT c FROM sbtest3 WHERE id BETWEEN 356688 AND 357687 ORDER BY c
	Unique  (cost=3723.84..3728.57 rows=947 width=121)
	  ->  Sort  (cost=3723.84..3726.20 rows=947 width=121)
	        Sort Key: c
	        ->  Bitmap Heap Scan on sbtest3  (cost=30.14..3677.02 rows=947 width=121)
	              Recheck Cond: ((id >= 356688) AND (id <= 357687))
	              ->  Bitmap Index Scan on sbtest3_pkey  (cost=0.00..29.90 rows=947 width=0)
	                    Index Cond: ((id >= 356688) AND (id <= 357687))

table 4 : explain SELECT DISTINCT c FROM sbtest4 WHERE id BETWEEN 9371695 AND 9372694 ORDER BY c
	Unique  (cost=3784.17..3788.98 rows=963 width=121)
	  ->  Sort  (cost=3784.17..3786.57 rows=963 width=121)
	        Sort Key: c
	        ->  Bitmap Heap Scan on sbtest4  (cost=30.31..3736.44 rows=963 width=121)
	              Recheck Cond: ((id >= 9371695) AND (id <= 9372694))
	              ->  Bitmap Index Scan on sbtest4_pkey  (cost=0.00..30.07 rows=963 width=0)
	                    Index Cond: ((id >= 9371695) AND (id <= 9372694))

table 5 : explain SELECT DISTINCT c FROM sbtest5 WHERE id BETWEEN 4653466 AND 4654465 ORDER BY c
	Unique  (cost=3875.67..3880.61 rows=988 width=121)
	  ->  Sort  (cost=3875.67..3878.14 rows=988 width=121)
	        Sort Key: c
	        ->  Bitmap Heap Scan on sbtest5  (cost=30.56..3826.52 rows=988 width=121)
	              Recheck Cond: ((id >= 4653466) AND (id <= 4654465))
	              ->  Bitmap Index Scan on sbtest5_pkey  (cost=0.00..30.32 rows=988 width=0)
	                    Index Cond: ((id >= 4653466) AND (id <= 4654465))

table 6 : explain SELECT DISTINCT c FROM sbtest6 WHERE id BETWEEN 4597716 AND 4598715 ORDER BY c
	Unique  (cost=3900.22..3905.19 rows=994 width=121)
	  ->  Sort  (cost=3900.22..3902.70 rows=994 width=121)
	        Sort Key: c
	        ->  Bitmap Heap Scan on sbtest6  (cost=30.62..3850.73 rows=994 width=121)
	              Recheck Cond: ((id >= 4597716) AND (id <= 4598715))
	              ->  Bitmap Index Scan on sbtest6_pkey  (cost=0.00..30.37 rows=994 width=0)
	                    Index Cond: ((id >= 4597716) AND (id <= 4598715))

table 7 : explain SELECT DISTINCT c FROM sbtest7 WHERE id BETWEEN 7473029 AND 7474028 ORDER BY c
	Unique  (cost=4138.53..4143.81 rows=1055 width=121)
	  ->  Sort  (cost=4138.53..4141.17 rows=1055 width=121)
	        Sort Key: c
	        ->  Bitmap Heap Scan on sbtest7  (cost=31.25..4085.56 rows=1055 width=121)
	              Recheck Cond: ((id >= 7473029) AND (id <= 7474028))
	              ->  Bitmap Index Scan on sbtest7_pkey  (cost=0.00..30.98 rows=1055 width=0)
	                    Index Cond: ((id >= 7473029) AND (id <= 7474028))

table 8 : explain SELECT DISTINCT c FROM sbtest8 WHERE id BETWEEN 6609326 AND 6610325 ORDER BY c
	Unique  (cost=4085.40..4090.62 rows=1043 width=121)
	  ->  Sort  (cost=4085.40..4088.01 rows=1043 width=121)
	        Sort Key: c
	        ->  Bitmap Heap Scan on sbtest8  (cost=31.13..4033.11 rows=1043 width=121)
	              Recheck Cond: ((id >= 6609326) AND (id <= 6610325))
	              ->  Bitmap Index Scan on sbtest8_pkey  (cost=0.00..30.86 rows=1043 width=0)
	                    Index Cond: ((id >= 6609326) AND (id <= 6610325))

for: distinct_ranges
table 1 : explain SELECT DISTINCT c FROM sbtest1 WHERE id BETWEEN 9724001 AND 9725000 ORDER BY c
	Unique  (cost=4201.51..4206.87 rows=1073 width=121)
	  ->  Sort  (cost=4201.51..4204.19 rows=1073 width=121)
	        Sort Key: c
	        ->  Bitmap Heap Scan on sbtest1  (cost=31.43..4147.49 rows=1073 width=121)
	              Recheck Cond: ((id >= 9724001) AND (id <= 9725000))
	              ->  Bitmap Index Scan on sbtest1_pkey  (cost=0.00..31.16 rows=1073 width=0)
	                    Index Cond: ((id >= 9724001) AND (id <= 9725000))

table 2 : explain SELECT DISTINCT c FROM sbtest2 WHERE id BETWEEN 6237686 AND 6238685 ORDER BY c
	Unique  (cost=4303.14..4308.64 rows=1100 width=121)
	  ->  Sort  (cost=4303.14..4305.89 rows=1100 width=121)
	        Sort Key: c
	        ->  Bitmap Heap Scan on sbtest2  (cost=31.71..4247.57 rows=1100 width=121)
	              Recheck Cond: ((id >= 6237686) AND (id <= 6238685))
	              ->  Bitmap Index Scan on sbtest2_pkey  (cost=0.00..31.43 rows=1100 width=0)
	                    Index Cond: ((id >= 6237686) AND (id <= 6238685))

table 3 : explain SELECT DISTINCT c FROM sbtest3 WHERE id BETWEEN 4471360 AND 4472359 ORDER BY c
	Unique  (cost=3654.66..3659.31 rows=929 width=121)
	  ->  Sort  (cost=3654.66..3656.99 rows=929 width=121)
	        Sort Key: c
	        ->  Bitmap Heap Scan on sbtest3  (cost=29.96..3608.87 rows=929 width=121)
	              Recheck Cond: ((id >= 4471360) AND (id <= 4472359))
	              ->  Bitmap Index Scan on sbtest3_pkey  (cost=0.00..29.72 rows=929 width=0)
	                    Index Cond: ((id >= 4471360) AND (id <= 4472359))

table 4 : explain SELECT DISTINCT c FROM sbtest4 WHERE id BETWEEN 8286597 AND 8287596 ORDER BY c
	Unique  (cost=3822.54..3827.41 rows=973 width=121)
	  ->  Sort  (cost=3822.54..3824.97 rows=973 width=121)
	        Sort Key: c
	        ->  Bitmap Heap Scan on sbtest4  (cost=30.41..3774.25 rows=973 width=121)
	              Recheck Cond: ((id >= 8286597) AND (id <= 8287596))
	              ->  Bitmap Index Scan on sbtest4_pkey  (cost=0.00..30.16 rows=973 width=0)
	                    Index Cond: ((id >= 8286597) AND (id <= 8287596))

table 5 : explain SELECT DISTINCT c FROM sbtest5 WHERE id BETWEEN 4577448 AND 4578447 ORDER BY c
	Unique  (cost=3649.40..3654.05 rows=930 width=121)
	  ->  Sort  (cost=3649.40..3651.73 rows=930 width=121)
	        Sort Key: c
	        ->  Bitmap Heap Scan on sbtest5  (cost=25.97..3603.55 rows=930 width=121)
	              Recheck Cond: ((id >= 4577448) AND (id <= 4578447))
	              ->  Bitmap Index Scan on sbtest5_pkey  (cost=0.00..25.73 rows=930 width=0)
	                    Index Cond: ((id >= 4577448) AND (id <= 4578447))

table 6 : explain SELECT DISTINCT c FROM sbtest6 WHERE id BETWEEN 519098 AND 520097 ORDER BY c
	Unique  (cost=3965.31..3970.37 rows=1011 width=121)
	  ->  Sort  (cost=3965.31..3967.84 rows=1011 width=121)
	        Sort Key: c
	        ->  Bitmap Heap Scan on sbtest6  (cost=30.80..3914.86 rows=1011 width=121)
	              Recheck Cond: ((id >= 519098) AND (id <= 520097))
	              ->  Bitmap Index Scan on sbtest6_pkey  (cost=0.00..30.54 rows=1011 width=0)
	                    Index Cond: ((id >= 519098) AND (id <= 520097))

table 7 : explain SELECT DISTINCT c FROM sbtest7 WHERE id BETWEEN 8590121 AND 8591120 ORDER BY c
	Unique  (cost=3843.28..3848.17 rows=978 width=121)
	  ->  Sort  (cost=3843.28..3845.73 rows=978 width=121)
	        Sort Key: c
	        ->  Bitmap Heap Scan on sbtest7  (cost=30.46..3794.71 rows=978 width=121)
	              Recheck Cond: ((id >= 8590121) AND (id <= 8591120))
	              ->  Bitmap Index Scan on sbtest7_pkey  (cost=0.00..30.21 rows=978 width=0)
	                    Index Cond: ((id >= 8590121) AND (id <= 8591120))

table 8 : explain SELECT DISTINCT c FROM sbtest8 WHERE id BETWEEN 9612824 AND 9613823 ORDER BY c
	Unique  (cost=3986.01..3991.10 rows=1017 width=121)
	  ->  Sort  (cost=3986.01..3988.56 rows=1017 width=121)
	        Sort Key: c
	        ->  Bitmap Heap Scan on sbtest8  (cost=30.86..3935.21 rows=1017 width=121)
	              Recheck Cond: ((id >= 9612824) AND (id <= 9613823))
	              ->  Bitmap Index Scan on sbtest8_pkey  (cost=0.00..30.61 rows=1017 width=0)
	                    Index Cond: ((id >= 9612824) AND (id <= 9613823))

for: distinct_ranges
table 1 : explain SELECT DISTINCT c FROM sbtest1 WHERE id BETWEEN 4924313 AND 4925312 ORDER BY c
	Unique  (cost=3726.95..3731.70 rows=949 width=121)
	  ->  Sort  (cost=3726.95..3729.33 rows=949 width=121)
	        Sort Key: c
	        ->  Bitmap Heap Scan on sbtest1  (cost=30.16..3680.03 rows=949 width=121)
	              Recheck Cond: ((id >= 4924313) AND (id <= 4925312))
	              ->  Bitmap Index Scan on sbtest1_pkey  (cost=0.00..29.93 rows=949 width=0)
	                    Index Cond: ((id >= 4924313) AND (id <= 4925312))

table 2 : explain SELECT DISTINCT c FROM sbtest2 WHERE id BETWEEN 1874919 AND 1875918 ORDER BY c
	Unique  (cost=4276.43..4281.90 rows=1093 width=121)
	  ->  Sort  (cost=4276.43..4279.16 rows=1093 width=121)
	        Sort Key: c
	        ->  Bitmap Heap Scan on sbtest2  (cost=31.64..4221.27 rows=1093 width=121)
	              Recheck Cond: ((id >= 1874919) AND (id <= 1875918))
	              ->  Bitmap Index Scan on sbtest2_pkey  (cost=0.00..31.36 rows=1093 width=0)
	                    Index Cond: ((id >= 1874919) AND (id <= 1875918))

table 3 : explain SELECT DISTINCT c FROM sbtest3 WHERE id BETWEEN 4046934 AND 4047933 ORDER BY c
	Unique  (cost=4310.47..4315.96 rows=1099 width=121)
	  ->  Sort  (cost=4310.47..4313.22 rows=1099 width=121)
	        Sort Key: c
	        ->  Bitmap Heap Scan on sbtest3  (cost=35.70..4254.96 rows=1099 width=121)
	              Recheck Cond: ((id >= 4046934) AND (id <= 4047933))
	              ->  Bitmap Index Scan on sbtest3_pkey  (cost=0.00..35.43 rows=1099 width=0)
	                    Index Cond: ((id >= 4046934) AND (id <= 4047933))

table 4 : explain SELECT DISTINCT c FROM sbtest4 WHERE id BETWEEN 3365182 AND 3366181 ORDER BY c
	Unique  (cost=3991.26..3996.35 rows=1017 width=121)
	  ->  Sort  (cost=3991.26..3993.80 rows=1017 width=121)
	        Sort Key: c
	        ->  Bitmap Heap Scan on sbtest4  (cost=30.86..3940.46 rows=1017 width=121)
	              Recheck Cond: ((id >= 3365182) AND (id <= 3366181))
	              ->  Bitmap Index Scan on sbtest4_pkey  (cost=0.00..30.61 rows=1017 width=0)
	                    Index Cond: ((id >= 3365182) AND (id <= 3366181))

table 5 : explain SELECT DISTINCT c FROM sbtest5 WHERE id BETWEEN 6237900 AND 6238899 ORDER BY c
	Unique  (cost=4215.94..4221.33 rows=1077 width=121)
	  ->  Sort  (cost=4215.94..4218.63 rows=1077 width=121)
	        Sort Key: c
	        ->  Bitmap Heap Scan on sbtest5  (cost=31.47..4161.70 rows=1077 width=121)
	              Recheck Cond: ((id >= 6237900) AND (id <= 6238899))
	              ->  Bitmap Index Scan on sbtest5_pkey  (cost=0.00..31.20 rows=1077 width=0)
	                    Index Cond: ((id >= 6237900) AND (id <= 6238899))

table 6 : explain SELECT DISTINCT c FROM sbtest6 WHERE id BETWEEN 2457036 AND 2458035 ORDER BY c
	Unique  (cost=3846.58..3851.48 rows=980 width=121)
	  ->  Sort  (cost=3846.58..3849.03 rows=980 width=121)
	        Sort Key: c
	        ->  Bitmap Heap Scan on sbtest6  (cost=30.48..3797.89 rows=980 width=121)
	              Recheck Cond: ((id >= 2457036) AND (id <= 2458035))
	              ->  Bitmap Index Scan on sbtest6_pkey  (cost=0.00..30.23 rows=980 width=0)
	                    Index Cond: ((id >= 2457036) AND (id <= 2458035))

table 7 : explain SELECT DISTINCT c FROM sbtest7 WHERE id BETWEEN 9452357 AND 9453356 ORDER BY c
	Unique  (cost=3681.94..3686.62 rows=936 width=121)
	  ->  Sort  (cost=3681.94..3684.28 rows=936 width=121)
	        Sort Key: c
	        ->  Bitmap Heap Scan on sbtest7  (cost=30.03..3635.75 rows=936 width=121)
	              Recheck Cond: ((id >= 9452357) AND (id <= 9453356))
	              ->  Bitmap Index Scan on sbtest7_pkey  (cost=0.00..29.79 rows=936 width=0)
	                    Index Cond: ((id >= 9452357) AND (id <= 9453356))

table 8 : explain SELECT DISTINCT c FROM sbtest8 WHERE id BETWEEN 861067 AND 862066 ORDER BY c
	Unique  (cost=3687.36..3692.05 rows=939 width=121)
	  ->  Sort  (cost=3687.36..3689.70 rows=939 width=121)
	        Sort Key: c
	        ->  Bitmap Heap Scan on sbtest8  (cost=30.06..3640.99 rows=939 width=121)
	              Recheck Cond: ((id >= 861067) AND (id <= 862066))
	              ->  Bitmap Index Scan on sbtest8_pkey  (cost=0.00..29.82 rows=939 width=0)
	                    Index Cond: ((id >= 861067) AND (id <= 862066))

for: distinct_ranges
table 1 : explain SELECT DISTINCT c FROM sbtest1 WHERE id BETWEEN 9994434 AND 9995433 ORDER BY c
	Unique  (cost=3964.46..3969.51 rows=1011 width=121)
	  ->  Sort  (cost=3964.46..3966.99 rows=1011 width=121)
	        Sort Key: c
	        ->  Bitmap Heap Scan on sbtest1  (cost=30.80..3914.00 rows=1011 width=121)
	              Recheck Cond: ((id >= 9994434) AND (id <= 9995433))
	              ->  Bitmap Index Scan on sbtest1_pkey  (cost=0.00..30.54 rows=1011 width=0)
	                    Index Cond: ((id >= 9994434) AND (id <= 9995433))

table 2 : explain SELECT DISTINCT c FROM sbtest2 WHERE id BETWEEN 8781618 AND 8782617 ORDER BY c
	Unique  (cost=3982.30..3987.38 rows=1016 width=121)
	  ->  Sort  (cost=3982.30..3984.84 rows=1016 width=121)
	        Sort Key: c
	        ->  Bitmap Heap Scan on sbtest2  (cost=30.85..3931.56 rows=1016 width=121)
	              Recheck Cond: ((id >= 8781618) AND (id <= 8782617))
	              ->  Bitmap Index Scan on sbtest2_pkey  (cost=0.00..30.59 rows=1016 width=0)
	                    Index Cond: ((id >= 8781618) AND (id <= 8782617))

table 3 : explain SELECT DISTINCT c FROM sbtest3 WHERE id BETWEEN 1498590 AND 1499589 ORDER BY c
	Unique  (cost=4023.15..4028.28 rows=1025 width=121)
	  ->  Sort  (cost=4023.15..4025.71 rows=1025 width=121)
	        Sort Key: c
	        ->  Bitmap Heap Scan on sbtest3  (cost=30.94..3971.89 rows=1025 width=121)
	              Recheck Cond: ((id >= 1498590) AND (id <= 1499589))
	              ->  Bitmap Index Scan on sbtest3_pkey  (cost=0.00..30.68 rows=1025 width=0)
	                    Index Cond: ((id >= 1498590) AND (id <= 1499589))

table 4 : explain SELECT DISTINCT c FROM sbtest4 WHERE id BETWEEN 3345922 AND 3346921 ORDER BY c
	Unique  (cost=3991.26..3996.35 rows=1017 width=121)
	  ->  Sort  (cost=3991.26..3993.80 rows=1017 width=121)
	        Sort Key: c
	        ->  Bitmap Heap Scan on sbtest4  (cost=30.86..3940.46 rows=1017 width=121)
	              Recheck Cond: ((id >= 3345922) AND (id <= 3346921))
	              ->  Bitmap Index Scan on sbtest4_pkey  (cost=0.00..30.61 rows=1017 width=0)
	                    Index Cond: ((id >= 3345922) AND (id <= 3346921))

table 5 : explain SELECT DISTINCT c FROM sbtest5 WHERE id BETWEEN 2345028 AND 2346027 ORDER BY c
	Unique  (cost=3683.92..3688.61 rows=939 width=121)
	  ->  Sort  (cost=3683.92..3686.27 rows=939 width=121)
	        Sort Key: c
	        ->  Bitmap Heap Scan on sbtest5  (cost=26.06..3637.55 rows=939 width=121)
	              Recheck Cond: ((id >= 2345028) AND (id <= 2346027))
	              ->  Bitmap Index Scan on sbtest5_pkey  (cost=0.00..25.82 rows=939 width=0)
	                    Index Cond: ((id >= 2345028) AND (id <= 2346027))

table 6 : explain SELECT DISTINCT c FROM sbtest6 WHERE id BETWEEN 9756539 AND 9757538 ORDER BY c
	Unique  (cost=3907.88..3912.86 rows=996 width=121)
	  ->  Sort  (cost=3907.88..3910.37 rows=996 width=121)
	        Sort Key: c
	        ->  Bitmap Heap Scan on sbtest6  (cost=30.64..3858.28 rows=996 width=121)
	              Recheck Cond: ((id >= 9756539) AND (id <= 9757538))
	              ->  Bitmap Index Scan on sbtest6_pkey  (cost=0.00..30.39 rows=996 width=0)
	                    Index Cond: ((id >= 9756539) AND (id <= 9757538))

table 7 : explain SELECT DISTINCT c FROM sbtest7 WHERE id BETWEEN 3383127 AND 3384126 ORDER BY c
	Unique  (cost=3578.12..3582.66 rows=909 width=121)
	  ->  Sort  (cost=3578.12..3580.39 rows=909 width=121)
	        Sort Key: c
	        ->  Bitmap Heap Scan on sbtest7  (cost=29.75..3533.45 rows=909 width=121)
	              Recheck Cond: ((id >= 3383127) AND (id <= 3384126))
	              ->  Bitmap Index Scan on sbtest7_pkey  (cost=0.00..29.52 rows=909 width=0)
	                    Index Cond: ((id >= 3383127) AND (id <= 3384126))

table 8 : explain SELECT DISTINCT c FROM sbtest8 WHERE id BETWEEN 7695694 AND 7696693 ORDER BY c
	Unique  (cost=3924.81..3929.82 rows=1001 width=121)
	  ->  Sort  (cost=3924.81..3927.31 rows=1001 width=121)
	        Sort Key: c
	        ->  Bitmap Heap Scan on sbtest8  (cost=30.70..3874.92 rows=1001 width=121)
	              Recheck Cond: ((id >= 7695694) AND (id <= 7696693))
	              ->  Bitmap Index Scan on sbtest8_pkey  (cost=0.00..30.44 rows=1001 width=0)
	                    Index Cond: ((id >= 7695694) AND (id <= 7696693))

for point_selects
table 1 : explain SELECT c FROM sbtest1 WHERE id=3022745
	Index Scan using sbtest1_pkey on sbtest1  (cost=0.43..8.45 rows=1 width=121)
	  Index Cond: (id = 3022745)

table 2 : explain SELECT c FROM sbtest2 WHERE id=9408947
	Index Scan using sbtest2_pkey on sbtest2  (cost=0.43..8.45 rows=1 width=121)
	  Index Cond: (id = 9408947)

table 3 : explain SELECT c FROM sbtest3 WHERE id=7534738
	Index Scan using sbtest3_pkey on sbtest3  (cost=0.43..8.45 rows=1 width=121)
	  Index Cond: (id = 7534738)

table 4 : explain SELECT c FROM sbtest4 WHERE id=8942989
	Index Scan using sbtest4_pkey on sbtest4  (cost=0.43..8.45 rows=1 width=121)
	  Index Cond: (id = 8942989)

table 5 : explain SELECT c FROM sbtest5 WHERE id=1988344
	Index Scan using sbtest5_pkey on sbtest5  (cost=0.43..8.45 rows=1 width=121)
	  Index Cond: (id = 1988344)

table 6 : explain SELECT c FROM sbtest6 WHERE id=7053949
	Index Scan using sbtest6_pkey on sbtest6  (cost=0.43..8.45 rows=1 width=121)
	  Index Cond: (id = 7053949)

table 7 : explain SELECT c FROM sbtest7 WHERE id=3235289
	Index Scan using sbtest7_pkey on sbtest7  (cost=0.43..8.45 rows=1 width=121)
	  Index Cond: (id = 3235289)

table 8 : explain SELECT c FROM sbtest8 WHERE id=6544140
	Index Scan using sbtest8_pkey on sbtest8  (cost=0.43..8.45 rows=1 width=121)
	  Index Cond: (id = 6544140)

for: simple_ranges
table 1 : explain SELECT c FROM sbtest1 WHERE id BETWEEN 7364414 AND 7365413
	Bitmap Heap Scan on sbtest1  (cost=30.41..3770.66 rows=973 width=121)
	  Recheck Cond: ((id >= 7364414) AND (id <= 7365413))
	  ->  Bitmap Index Scan on sbtest1_pkey  (cost=0.00..30.16 rows=973 width=0)
	        Index Cond: ((id >= 7364414) AND (id <= 7365413))

table 2 : explain SELECT c FROM sbtest2 WHERE id BETWEEN 8161840 AND 8162839
	Bitmap Heap Scan on sbtest2  (cost=31.92..4318.95 rows=1120 width=121)
	  Recheck Cond: ((id >= 8161840) AND (id <= 8162839))
	  ->  Bitmap Index Scan on sbtest2_pkey  (cost=0.00..31.64 rows=1120 width=0)
	        Index Cond: ((id >= 8161840) AND (id <= 8162839))

table 3 : explain SELECT c FROM sbtest3 WHERE id BETWEEN 3125273 AND 3126272
	Bitmap Heap Scan on sbtest3  (cost=29.98..3616.44 rows=931 width=121)
	  Recheck Cond: ((id >= 3125273) AND (id <= 3126272))
	  ->  Bitmap Index Scan on sbtest3_pkey  (cost=0.00..29.75 rows=931 width=0)
	        Index Cond: ((id >= 3125273) AND (id <= 3126272))

table 4 : explain SELECT c FROM sbtest4 WHERE id BETWEEN 2591716 AND 2592715
	Bitmap Heap Scan on sbtest4  (cost=31.77..4275.94 rows=1106 width=121)
	  Recheck Cond: ((id >= 2591716) AND (id <= 2592715))
	  ->  Bitmap Index Scan on sbtest4_pkey  (cost=0.00..31.50 rows=1106 width=0)
	        Index Cond: ((id >= 2591716) AND (id <= 2592715))

table 5 : explain SELECT c FROM sbtest5 WHERE id BETWEEN 6205794 AND 6206793
	Bitmap Heap Scan on sbtest5  (cost=30.38..3758.61 rows=970 width=121)
	  Recheck Cond: ((id >= 6205794) AND (id <= 6206793))
	  ->  Bitmap Index Scan on sbtest5_pkey  (cost=0.00..30.14 rows=970 width=0)
	        Index Cond: ((id >= 6205794) AND (id <= 6206793))

table 6 : explain SELECT c FROM sbtest6 WHERE id BETWEEN 6658489 AND 6659488
	Bitmap Heap Scan on sbtest6  (cost=25.79..3540.67 rows=913 width=121)
	  Recheck Cond: ((id >= 6658489) AND (id <= 6659488))
	  ->  Bitmap Index Scan on sbtest6_pkey  (cost=0.00..25.57 rows=913 width=0)
	        Index Cond: ((id >= 6658489) AND (id <= 6659488))

table 7 : explain SELECT c FROM sbtest7 WHERE id BETWEEN 5288924 AND 5289923
	Bitmap Heap Scan on sbtest7  (cost=30.96..3979.88 rows=1027 width=121)
	  Recheck Cond: ((id >= 5288924) AND (id <= 5289923))
	  ->  Bitmap Index Scan on sbtest7_pkey  (cost=0.00..30.70 rows=1027 width=0)
	        Index Cond: ((id >= 5288924) AND (id <= 5289923))

table 8 : explain SELECT c FROM sbtest8 WHERE id BETWEEN 9413104 AND 9414103
	Bitmap Heap Scan on sbtest8  (cost=29.88..3572.98 rows=921 width=121)
	  Recheck Cond: ((id >= 9413104) AND (id <= 9414103))
	  ->  Bitmap Index Scan on sbtest8_pkey  (cost=0.00..29.64 rows=921 width=0)
	        Index Cond: ((id >= 9413104) AND (id <= 9414103))

for: sum_ranges
table 1 : explain SELECT SUM(k) FROM sbtest1 WHERE id BETWEEN 4391575 AND 4392574
	Aggregate  (cost=3511.94..3511.95 rows=1 width=8)
	  ->  Bitmap Heap Scan on sbtest1  (cost=25.71..3509.67 rows=905 width=4)
	        Recheck Cond: ((id >= 4391575) AND (id <= 4392574))
	        ->  Bitmap Index Scan on sbtest1_pkey  (cost=0.00..25.48 rows=905 width=0)
	              Index Cond: ((id >= 4391575) AND (id <= 4392574))

table 2 : explain SELECT SUM(k) FROM sbtest2 WHERE id BETWEEN 3008669 AND 3009668
	Aggregate  (cost=4001.93..4001.94 rows=1 width=8)
	  ->  Bitmap Heap Scan on sbtest2  (cost=31.03..3999.35 rows=1034 width=4)
	        Recheck Cond: ((id >= 3008669) AND (id <= 3009668))
	        ->  Bitmap Index Scan on sbtest2_pkey  (cost=0.00..30.77 rows=1034 width=0)
	              Index Cond: ((id >= 3008669) AND (id <= 3009668))

table 3 : explain SELECT SUM(k) FROM sbtest3 WHERE id BETWEEN 6799449 AND 6800448
	Aggregate  (cost=4219.78..4219.79 rows=1 width=8)
	  ->  Bitmap Heap Scan on sbtest3  (cost=31.61..4217.05 rows=1090 width=4)
	        Recheck Cond: ((id >= 6799449) AND (id <= 6800448))
	        ->  Bitmap Index Scan on sbtest3_pkey  (cost=0.00..31.33 rows=1090 width=0)
	              Index Cond: ((id >= 6799449) AND (id <= 6800448))

table 4 : explain SELECT SUM(k) FROM sbtest4 WHERE id BETWEEN 695462 AND 696461
	Aggregate  (cost=3980.77..3980.78 rows=1 width=8)
	  ->  Bitmap Heap Scan on sbtest4  (cost=30.96..3978.20 rows=1027 width=4)
	        Recheck Cond: ((id >= 695462) AND (id <= 696461))
	        ->  Bitmap Index Scan on sbtest4_pkey  (cost=0.00..30.70 rows=1027 width=0)
	              Index Cond: ((id >= 695462) AND (id <= 696461))

table 5 : explain SELECT SUM(k) FROM sbtest5 WHERE id BETWEEN 6126037 AND 6127036
	Aggregate  (cost=3983.63..3983.64 rows=1 width=8)
	  ->  Bitmap Heap Scan on sbtest5  (cost=30.98..3981.05 rows=1029 width=4)
	        Recheck Cond: ((id >= 6126037) AND (id <= 6127036))
	        ->  Bitmap Index Scan on sbtest5_pkey  (cost=0.00..30.72 rows=1029 width=0)
	              Index Cond: ((id >= 6126037) AND (id <= 6127036))

table 6 : explain SELECT SUM(k) FROM sbtest6 WHERE id BETWEEN 4400849 AND 4401848
	Aggregate  (cost=3546.74..3546.75 rows=1 width=8)
	  ->  Bitmap Heap Scan on sbtest6  (cost=25.80..3544.46 rows=914 width=4)
	        Recheck Cond: ((id >= 4400849) AND (id <= 4401848))
	        ->  Bitmap Index Scan on sbtest6_pkey  (cost=0.00..25.57 rows=914 width=0)
	              Index Cond: ((id >= 4400849) AND (id <= 4401848))

table 7 : explain SELECT SUM(k) FROM sbtest7 WHERE id BETWEEN 6638328 AND 6639327
	Aggregate  (cost=3725.22..3725.23 rows=1 width=8)
	  ->  Bitmap Heap Scan on sbtest7  (cost=30.26..3722.83 rows=959 width=4)
	        Recheck Cond: ((id >= 6638328) AND (id <= 6639327))
	        ->  Bitmap Index Scan on sbtest7_pkey  (cost=0.00..30.02 rows=959 width=0)
	              Index Cond: ((id >= 6638328) AND (id <= 6639327))

table 8 : explain SELECT SUM(k) FROM sbtest8 WHERE id BETWEEN 7076240 AND 7077239
	Aggregate  (cost=3786.87..3786.88 rows=1 width=8)
	  ->  Bitmap Heap Scan on sbtest8  (cost=30.45..3784.43 rows=977 width=4)
	        Recheck Cond: ((id >= 7076240) AND (id <= 7077239))
	        ->  Bitmap Index Scan on sbtest8_pkey  (cost=0.00..30.20 rows=977 width=0)
	              Index Cond: ((id >= 7076240) AND (id <= 7077239))

for: sum_ranges
table 1 : explain SELECT SUM(k) FROM sbtest1 WHERE id BETWEEN 1655357 AND 1656356
	Aggregate  (cost=3810.85..3810.86 rows=1 width=8)
	  ->  Bitmap Heap Scan on sbtest1  (cost=30.51..3808.40 rows=983 width=4)
	        Recheck Cond: ((id >= 1655357) AND (id <= 1656356))
	        ->  Bitmap Index Scan on sbtest1_pkey  (cost=0.00..30.26 rows=983 width=0)
	              Index Cond: ((id >= 1655357) AND (id <= 1656356))

table 2 : explain SELECT SUM(k) FROM sbtest2 WHERE id BETWEEN 5734782 AND 5735781
	Aggregate  (cost=3741.67..3741.68 rows=1 width=8)
	  ->  Bitmap Heap Scan on sbtest2  (cost=30.33..3739.26 rows=965 width=4)
	        Recheck Cond: ((id >= 5734782) AND (id <= 5735781))
	        ->  Bitmap Index Scan on sbtest2_pkey  (cost=0.00..30.08 rows=965 width=0)
	              Index Cond: ((id >= 5734782) AND (id <= 5735781))

table 3 : explain SELECT SUM(k) FROM sbtest3 WHERE id BETWEEN 5184532 AND 5185531
	Aggregate  (cost=4000.90..4000.91 rows=1 width=8)
	  ->  Bitmap Heap Scan on sbtest3  (cost=31.01..3998.32 rows=1032 width=4)
	        Recheck Cond: ((id >= 5184532) AND (id <= 5185531))
	        ->  Bitmap Index Scan on sbtest3_pkey  (cost=0.00..30.75 rows=1032 width=0)
	              Index Cond: ((id >= 5184532) AND (id <= 5185531))

table 4 : explain SELECT SUM(k) FROM sbtest4 WHERE id BETWEEN 5732554 AND 5733553
	Aggregate  (cost=4105.31..4105.32 rows=1 width=8)
	  ->  Bitmap Heap Scan on sbtest4  (cost=31.30..4102.66 rows=1060 width=4)
	        Recheck Cond: ((id >= 5732554) AND (id <= 5733553))
	        ->  Bitmap Index Scan on sbtest4_pkey  (cost=0.00..31.04 rows=1060 width=0)
	              Index Cond: ((id >= 5732554) AND (id <= 5733553))

table 5 : explain SELECT SUM(k) FROM sbtest5 WHERE id BETWEEN 3727705 AND 3728704
	Aggregate  (cost=3753.48..3753.49 rows=1 width=8)
	  ->  Bitmap Heap Scan on sbtest5  (cost=30.36..3751.06 rows=968 width=4)
	        Recheck Cond: ((id >= 3727705) AND (id <= 3728704))
	        ->  Bitmap Index Scan on sbtest5_pkey  (cost=0.00..30.11 rows=968 width=0)
	              Index Cond: ((id >= 3727705) AND (id <= 3728704))

table 6 : explain SELECT SUM(k) FROM sbtest6 WHERE id BETWEEN 1067660 AND 1068659
	Aggregate  (cost=4286.61..4286.62 rows=1 width=8)
	  ->  Bitmap Heap Scan on sbtest6  (cost=31.80..4283.83 rows=1109 width=4)
	        Recheck Cond: ((id >= 1067660) AND (id <= 1068659))
	        ->  Bitmap Index Scan on sbtest6_pkey  (cost=0.00..31.52 rows=1109 width=0)
	              Index Cond: ((id >= 1067660) AND (id <= 1068659))

table 7 : explain SELECT SUM(k) FROM sbtest7 WHERE id BETWEEN 7563752 AND 7564751
	Aggregate  (cost=4144.81..4144.82 rows=1 width=8)
	  ->  Bitmap Heap Scan on sbtest7  (cost=31.40..4142.13 rows=1070 width=4)
	        Recheck Cond: ((id >= 7563752) AND (id <= 7564751))
	        ->  Bitmap Index Scan on sbtest7_pkey  (cost=0.00..31.14 rows=1070 width=0)
	              Index Cond: ((id >= 7563752) AND (id <= 7564751))

table 8 : explain SELECT SUM(k) FROM sbtest8 WHERE id BETWEEN 1660446 AND 1661445
	Aggregate  (cost=3658.46..3658.47 rows=1 width=8)
	  ->  Bitmap Heap Scan on sbtest8  (cost=30.10..3656.10 rows=943 width=4)
	        Recheck Cond: ((id >= 1660446) AND (id <= 1661445))
	        ->  Bitmap Index Scan on sbtest8_pkey  (cost=0.00..29.86 rows=943 width=0)
	              Index Cond: ((id >= 1660446) AND (id <= 1661445))

for point_selects
table 1 : explain SELECT c FROM sbtest1 WHERE id=1812386
	Index Scan using sbtest1_pkey on sbtest1  (cost=0.43..8.45 rows=1 width=121)
	  Index Cond: (id = 1812386)

table 2 : explain SELECT c FROM sbtest2 WHERE id=6874512
	Index Scan using sbtest2_pkey on sbtest2  (cost=0.43..8.45 rows=1 width=121)
	  Index Cond: (id = 6874512)

table 3 : explain SELECT c FROM sbtest3 WHERE id=9150417
	Index Scan using sbtest3_pkey on sbtest3  (cost=0.43..8.45 rows=1 width=121)
	  Index Cond: (id = 9150417)

table 4 : explain SELECT c FROM sbtest4 WHERE id=2069094
	Index Scan using sbtest4_pkey on sbtest4  (cost=0.43..8.45 rows=1 width=121)
	  Index Cond: (id = 2069094)

table 5 : explain SELECT c FROM sbtest5 WHERE id=4944764
	Index Scan using sbtest5_pkey on sbtest5  (cost=0.43..8.45 rows=1 width=121)
	  Index Cond: (id = 4944764)

table 6 : explain SELECT c FROM sbtest6 WHERE id=1635657
	Index Scan using sbtest6_pkey on sbtest6  (cost=0.43..8.45 rows=1 width=121)
	  Index Cond: (id = 1635657)

table 7 : explain SELECT c FROM sbtest7 WHERE id=453860
	Index Scan using sbtest7_pkey on sbtest7  (cost=0.43..8.45 rows=1 width=121)
	  Index Cond: (id = 453860)

table 8 : explain SELECT c FROM sbtest8 WHERE id=3509111
	Index Scan using sbtest8_pkey on sbtest8  (cost=0.43..8.45 rows=1 width=121)
	  Index Cond: (id = 3509111)

for: sum_ranges
table 1 : explain SELECT SUM(k) FROM sbtest1 WHERE id BETWEEN 754454 AND 755453
	Aggregate  (cost=3814.63..3814.64 rows=1 width=8)
	  ->  Bitmap Heap Scan on sbtest1  (cost=30.52..3812.17 rows=984 width=4)
	        Recheck Cond: ((id >= 754454) AND (id <= 755453))
	        ->  Bitmap Index Scan on sbtest1_pkey  (cost=0.00..30.27 rows=984 width=0)
	              Index Cond: ((id >= 754454) AND (id <= 755453))

table 2 : explain SELECT SUM(k) FROM sbtest2 WHERE id BETWEEN 7429380 AND 7430379
	Aggregate  (cost=3522.20..3522.21 rows=1 width=8)
	  ->  Bitmap Heap Scan on sbtest2  (cost=25.74..3519.93 rows=908 width=4)
	        Recheck Cond: ((id >= 7429380) AND (id <= 7430379))
	        ->  Bitmap Index Scan on sbtest2_pkey  (cost=0.00..25.51 rows=908 width=0)
	              Index Cond: ((id >= 7429380) AND (id <= 7430379))

table 3 : explain SELECT SUM(k) FROM sbtest3 WHERE id BETWEEN 8775677 AND 8776676
	Aggregate  (cost=3811.88..3811.89 rows=1 width=8)
	  ->  Bitmap Heap Scan on sbtest3  (cost=30.50..3809.43 rows=982 width=4)
	        Recheck Cond: ((id >= 8775677) AND (id <= 8776676))
	        ->  Bitmap Index Scan on sbtest3_pkey  (cost=0.00..30.25 rows=982 width=0)
	              Index Cond: ((id >= 8775677) AND (id <= 8776676))

table 4 : explain SELECT SUM(k) FROM sbtest4 WHERE id BETWEEN 5062101 AND 5063100
	Aggregate  (cost=3992.10..3992.11 rows=1 width=8)
	  ->  Bitmap Heap Scan on sbtest4  (cost=30.99..3989.52 rows=1030 width=4)
	        Recheck Cond: ((id >= 5062101) AND (id <= 5063100))
	        ->  Bitmap Index Scan on sbtest4_pkey  (cost=0.00..30.73 rows=1030 width=0)
	              Index Cond: ((id >= 5062101) AND (id <= 5063100))

table 5 : explain SELECT SUM(k) FROM sbtest5 WHERE id BETWEEN 9527970 AND 9528969
	Aggregate  (cost=4017.54..4017.55 rows=1 width=8)
	  ->  Bitmap Heap Scan on sbtest5  (cost=31.07..4014.95 rows=1038 width=4)
	        Recheck Cond: ((id >= 9527970) AND (id <= 9528969))
	        ->  Bitmap Index Scan on sbtest5_pkey  (cost=0.00..30.82 rows=1038 width=0)
	              Index Cond: ((id >= 9527970) AND (id <= 9528969))

table 6 : explain SELECT SUM(k) FROM sbtest6 WHERE id BETWEEN 2735486 AND 2736485
	Aggregate  (cost=3890.97..3890.98 rows=1 width=8)
	  ->  Bitmap Heap Scan on sbtest6  (cost=30.73..3888.46 rows=1004 width=4)
	        Recheck Cond: ((id >= 2735486) AND (id <= 2736485))
	        ->  Bitmap Index Scan on sbtest6_pkey  (cost=0.00..30.47 rows=1004 width=0)
	              Index Cond: ((id >= 2735486) AND (id <= 2736485))

table 7 : explain SELECT SUM(k) FROM sbtest7 WHERE id BETWEEN 6927137 AND 6928136
	Aggregate  (cost=3959.77..3959.78 rows=1 width=8)
	  ->  Bitmap Heap Scan on sbtest7  (cost=30.90..3957.22 rows=1021 width=4)
	        Recheck Cond: ((id >= 6927137) AND (id <= 6928136))
	        ->  Bitmap Index Scan on sbtest7_pkey  (cost=0.00..30.64 rows=1021 width=0)
	              Index Cond: ((id >= 6927137) AND (id <= 6928136))

table 8 : explain SELECT SUM(k) FROM sbtest8 WHERE id BETWEEN 1771033 AND 1772032
	Aggregate  (cost=4171.23..4171.24 rows=1 width=8)
	  ->  Bitmap Heap Scan on sbtest8  (cost=31.49..4168.53 rows=1079 width=4)
	        Recheck Cond: ((id >= 1771033) AND (id <= 1772032))
	        ->  Bitmap Index Scan on sbtest8_pkey  (cost=0.00..31.22 rows=1079 width=0)
	              Index Cond: ((id >= 1771033) AND (id <= 1772032))

for: distinct_ranges
table 1 : explain SELECT DISTINCT c FROM sbtest1 WHERE id BETWEEN 2634412 AND 2635411 ORDER BY c
	Unique  (cost=3937.67..3942.69 rows=1004 width=121)
	  ->  Sort  (cost=3937.67..3940.18 rows=1004 width=121)
	        Sort Key: c
	        ->  Bitmap Heap Scan on sbtest1  (cost=30.73..3887.61 rows=1004 width=121)
	              Recheck Cond: ((id >= 2634412) AND (id <= 2635411))
	              ->  Bitmap Index Scan on sbtest1_pkey  (cost=0.00..30.47 rows=1004 width=0)
	                    Index Cond: ((id >= 2634412) AND (id <= 2635411))

table 2 : explain SELECT DISTINCT c FROM sbtest2 WHERE id BETWEEN 4793575 AND 4794574 ORDER BY c
	Unique  (cost=4348.90..4354.46 rows=1112 width=121)
	  ->  Sort  (cost=4348.90..4351.68 rows=1112 width=121)
	        Sort Key: c
	        ->  Bitmap Heap Scan on sbtest2  (cost=31.83..4292.64 rows=1112 width=121)
	              Recheck Cond: ((id >= 4793575) AND (id <= 4794574))
	              ->  Bitmap Index Scan on sbtest2_pkey  (cost=0.00..31.55 rows=1112 width=0)
	                    Index Cond: ((id >= 4793575) AND (id <= 4794574))

table 3 : explain SELECT DISTINCT c FROM sbtest3 WHERE id BETWEEN 7778662 AND 7779661 ORDER BY c
	Unique  (cost=4187.86..4193.20 rows=1068 width=121)
	  ->  Sort  (cost=4187.86..4190.53 rows=1068 width=121)
	        Sort Key: c
	        ->  Bitmap Heap Scan on sbtest3  (cost=31.38..4134.13 rows=1068 width=121)
	              Recheck Cond: ((id >= 7778662) AND (id <= 7779661))
	              ->  Bitmap Index Scan on sbtest3_pkey  (cost=0.00..31.11 rows=1068 width=0)
	                    Index Cond: ((id >= 7778662) AND (id <= 7779661))

table 4 : explain SELECT DISTINCT c FROM sbtest4 WHERE id BETWEEN 2405238 AND 2406237 ORDER BY c
	Unique  (cost=3630.38..3635.00 rows=924 width=121)
	  ->  Sort  (cost=3630.38..3632.69 rows=924 width=121)
	        Sort Key: c
	        ->  Bitmap Heap Scan on sbtest4  (cost=25.91..3584.87 rows=924 width=121)
	              Recheck Cond: ((id >= 2405238) AND (id <= 2406237))
	              ->  Bitmap Index Scan on sbtest4_pkey  (cost=0.00..25.68 rows=924 width=0)
	                    Index Cond: ((id >= 2405238) AND (id <= 2406237))

table 5 : explain SELECT DISTINCT c FROM sbtest5 WHERE id BETWEEN 185838 AND 186837 ORDER BY c
	Unique  (cost=3637.89..3642.53 rows=927 width=121)
	  ->  Sort  (cost=3637.89..3640.21 rows=927 width=121)
	        Sort Key: c
	        ->  Bitmap Heap Scan on sbtest5  (cost=25.94..3592.21 rows=927 width=121)
	              Recheck Cond: ((id >= 185838) AND (id <= 186837))
	              ->  Bitmap Index Scan on sbtest5_pkey  (cost=0.00..25.70 rows=927 width=0)
	                    Index Cond: ((id >= 185838) AND (id <= 186837))

table 6 : explain SELECT DISTINCT c FROM sbtest6 WHERE id BETWEEN 1554705 AND 1555704 ORDER BY c
	Unique  (cost=4336.10..4341.64 rows=1108 width=121)
	  ->  Sort  (cost=4336.10..4338.87 rows=1108 width=121)
	        Sort Key: c
	        ->  Bitmap Heap Scan on sbtest6  (cost=31.79..4280.07 rows=1108 width=121)
	              Recheck Cond: ((id >= 1554705) AND (id <= 1555704))
	              ->  Bitmap Index Scan on sbtest6_pkey  (cost=0.00..31.51 rows=1108 width=0)
	                    Index Cond: ((id >= 1554705) AND (id <= 1555704))

table 7 : explain SELECT DISTINCT c FROM sbtest7 WHERE id BETWEEN 447203 AND 448202 ORDER BY c
	Unique  (cost=4326.25..4331.76 rows=1103 width=121)
	  ->  Sort  (cost=4326.25..4329.01 rows=1103 width=121)
	        Sort Key: c
	        ->  Bitmap Heap Scan on sbtest7  (cost=35.74..4270.51 rows=1103 width=121)
	              Recheck Cond: ((id >= 447203) AND (id <= 448202))
	              ->  Bitmap Index Scan on sbtest7_pkey  (cost=0.00..35.47 rows=1103 width=0)
	                    Index Cond: ((id >= 447203) AND (id <= 448202))

table 8 : explain SELECT DISTINCT c FROM sbtest8 WHERE id BETWEEN 2742848 AND 2743847 ORDER BY c
	Unique  (cost=4188.53..4193.88 rows=1070 width=121)
	  ->  Sort  (cost=4188.53..4191.20 rows=1070 width=121)
	        Sort Key: c
	        ->  Bitmap Heap Scan on sbtest8  (cost=31.40..4134.69 rows=1070 width=121)
	              Recheck Cond: ((id >= 2742848) AND (id <= 2743847))
	              ->  Bitmap Index Scan on sbtest8_pkey  (cost=0.00..31.14 rows=1070 width=0)
	                    Index Cond: ((id >= 2742848) AND (id <= 2743847))

for: simple_ranges
table 1 : explain SELECT c FROM sbtest1 WHERE id BETWEEN 1999797 AND 2000796
	Bitmap Heap Scan on sbtest1  (cost=30.78..3906.46 rows=1009 width=121)
	  Recheck Cond: ((id >= 1999797) AND (id <= 2000796))
	  ->  Bitmap Index Scan on sbtest1_pkey  (cost=0.00..30.52 rows=1009 width=0)
	        Index Cond: ((id >= 1999797) AND (id <= 2000796))

table 2 : explain SELECT c FROM sbtest2 WHERE id BETWEEN 5580536 AND 5581535
	Bitmap Heap Scan on sbtest2  (cost=30.30..3727.93 rows=962 width=121)
	  Recheck Cond: ((id >= 5580536) AND (id <= 5581535))
	  ->  Bitmap Index Scan on sbtest2_pkey  (cost=0.00..30.05 rows=962 width=0)
	        Index Cond: ((id >= 5580536) AND (id <= 5581535))

table 3 : explain SELECT c FROM sbtest3 WHERE id BETWEEN 9900308 AND 9901307
	Bitmap Heap Scan on sbtest3  (cost=29.98..3616.44 rows=931 width=121)
	  Recheck Cond: ((id >= 9900308) AND (id <= 9901307))
	  ->  Bitmap Index Scan on sbtest3_pkey  (cost=0.00..29.75 rows=931 width=0)
	        Index Cond: ((id >= 9900308) AND (id <= 9901307))

table 4 : explain SELECT c FROM sbtest4 WHERE id BETWEEN 7761041 AND 7762040
	Bitmap Heap Scan on sbtest4  (cost=31.24..4080.04 rows=1054 width=121)
	  Recheck Cond: ((id >= 7761041) AND (id <= 7762040))
	  ->  Bitmap Index Scan on sbtest4_pkey  (cost=0.00..30.97 rows=1054 width=0)
	        Index Cond: ((id >= 7761041) AND (id <= 7762040))

table 5 : explain SELECT c FROM sbtest5 WHERE id BETWEEN 9523310 AND 9524309
	Bitmap Heap Scan on sbtest5  (cost=31.07..4014.95 rows=1038 width=121)
	  Recheck Cond: ((id >= 9523310) AND (id <= 9524309))
	  ->  Bitmap Index Scan on sbtest5_pkey  (cost=0.00..30.82 rows=1038 width=0)
	        Index Cond: ((id >= 9523310) AND (id <= 9524309))

table 6 : explain SELECT c FROM sbtest6 WHERE id BETWEEN 1034195 AND 1035194
	Bitmap Heap Scan on sbtest6  (cost=31.80..4283.83 rows=1109 width=121)
	  Recheck Cond: ((id >= 1034195) AND (id <= 1035194))
	  ->  Bitmap Index Scan on sbtest6_pkey  (cost=0.00..31.52 rows=1109 width=0)
	        Index Cond: ((id >= 1034195) AND (id <= 1035194))

table 7 : explain SELECT c FROM sbtest7 WHERE id BETWEEN 7587354 AND 7588353
	Bitmap Heap Scan on sbtest7  (cost=31.40..4142.13 rows=1070 width=121)
	  Recheck Cond: ((id >= 7587354) AND (id <= 7588353))
	  ->  Bitmap Index Scan on sbtest7_pkey  (cost=0.00..31.14 rows=1070 width=0)
	        Index Cond: ((id >= 7587354) AND (id <= 7588353))

table 8 : explain SELECT c FROM sbtest8 WHERE id BETWEEN 1461385 AND 1462384
	Bitmap Heap Scan on sbtest8  (cost=30.77..3901.31 rows=1008 width=121)
	  Recheck Cond: ((id >= 1461385) AND (id <= 1462384))
	  ->  Bitmap Index Scan on sbtest8_pkey  (cost=0.00..30.51 rows=1008 width=0)
	        Index Cond: ((id >= 1461385) AND (id <= 1462384))

for: simple_ranges
table 1 : explain SELECT c FROM sbtest1 WHERE id BETWEEN 8728898 AND 8729897
	Bitmap Heap Scan on sbtest1  (cost=31.05..4008.21 rows=1036 width=121)
	  Recheck Cond: ((id >= 8728898) AND (id <= 8729897))
	  ->  Bitmap Index Scan on sbtest1_pkey  (cost=0.00..30.79 rows=1036 width=0)
	        Index Cond: ((id >= 8728898) AND (id <= 8729897))

table 2 : explain SELECT c FROM sbtest2 WHERE id BETWEEN 3792976 AND 3793975
	Bitmap Heap Scan on sbtest2  (cost=25.80..3542.62 rows=914 width=121)
	  Recheck Cond: ((id >= 3792976) AND (id <= 3793975))
	  ->  Bitmap Index Scan on sbtest2_pkey  (cost=0.00..25.57 rows=914 width=0)
	        Index Cond: ((id >= 3792976) AND (id <= 3793975))

table 3 : explain SELECT c FROM sbtest3 WHERE id BETWEEN 8921750 AND 8922749
	Bitmap Heap Scan on sbtest3  (cost=30.91..3960.57 rows=1022 width=121)
	  Recheck Cond: ((id >= 8921750) AND (id <= 8922749))
	  ->  Bitmap Index Scan on sbtest3_pkey  (cost=0.00..30.65 rows=1022 width=0)
	        Index Cond: ((id >= 8921750) AND (id <= 8922749))

table 4 : explain SELECT c FROM sbtest4 WHERE id BETWEEN 8480985 AND 8481984
	Bitmap Heap Scan on sbtest4  (cost=30.34..3747.79 rows=966 width=121)
	  Recheck Cond: ((id >= 8480985) AND (id <= 8481984))
	  ->  Bitmap Index Scan on sbtest4_pkey  (cost=0.00..30.09 rows=966 width=0)
	        Index Cond: ((id >= 8480985) AND (id <= 8481984))

table 5 : explain SELECT c FROM sbtest5 WHERE id BETWEEN 9080065 AND 9081064
	Bitmap Heap Scan on sbtest5  (cost=31.23..4071.41 rows=1053 width=121)
	  Recheck Cond: ((id >= 9080065) AND (id <= 9081064))
	  ->  Bitmap Index Scan on sbtest5_pkey  (cost=0.00..30.96 rows=1053 width=0)
	        Index Cond: ((id >= 9080065) AND (id <= 9081064))

table 6 : explain SELECT c FROM sbtest6 WHERE id BETWEEN 3889363 AND 3890362
	Bitmap Heap Scan on sbtest6  (cost=31.05..4009.10 rows=1036 width=121)
	  Recheck Cond: ((id >= 3889363) AND (id <= 3890362))
	  ->  Bitmap Index Scan on sbtest6_pkey  (cost=0.00..30.79 rows=1036 width=0)
	        Index Cond: ((id >= 3889363) AND (id <= 3890362))

table 7 : explain SELECT c FROM sbtest7 WHERE id BETWEEN 4283939 AND 4284938
	Bitmap Heap Scan on sbtest7  (cost=29.89..3582.72 rows=922 width=121)
	  Recheck Cond: ((id >= 4283939) AND (id <= 4284938))
	  ->  Bitmap Index Scan on sbtest7_pkey  (cost=0.00..29.65 rows=922 width=0)
	        Index Cond: ((id >= 4283939) AND (id <= 4284938))

table 8 : explain SELECT c FROM sbtest8 WHERE id BETWEEN 5125616 AND 5126615
	Bitmap Heap Scan on sbtest8  (cost=31.41..4138.45 rows=1071 width=121)
	  Recheck Cond: ((id >= 5125616) AND (id <= 5126615))
	  ->  Bitmap Index Scan on sbtest8_pkey  (cost=0.00..31.14 rows=1071 width=0)
	        Index Cond: ((id >= 5125616) AND (id <= 5126615))

for point_selects
table 1 : explain SELECT c FROM sbtest1 WHERE id=2832655
	Index Scan using sbtest1_pkey on sbtest1  (cost=0.43..8.45 rows=1 width=121)
	  Index Cond: (id = 2832655)

table 2 : explain SELECT c FROM sbtest2 WHERE id=9355526
	Index Scan using sbtest2_pkey on sbtest2  (cost=0.43..8.45 rows=1 width=121)
	  Index Cond: (id = 9355526)

table 3 : explain SELECT c FROM sbtest3 WHERE id=2502332
	Index Scan using sbtest3_pkey on sbtest3  (cost=0.43..8.45 rows=1 width=121)
	  Index Cond: (id = 2502332)

table 4 : explain SELECT c FROM sbtest4 WHERE id=8844204
	Index Scan using sbtest4_pkey on sbtest4  (cost=0.43..8.45 rows=1 width=121)
	  Index Cond: (id = 8844204)

table 5 : explain SELECT c FROM sbtest5 WHERE id=7914377
	Index Scan using sbtest5_pkey on sbtest5  (cost=0.43..8.45 rows=1 width=121)
	  Index Cond: (id = 7914377)

table 6 : explain SELECT c FROM sbtest6 WHERE id=8058356
	Index Scan using sbtest6_pkey on sbtest6  (cost=0.43..8.45 rows=1 width=121)
	  Index Cond: (id = 8058356)

table 7 : explain SELECT c FROM sbtest7 WHERE id=2996237
	Index Scan using sbtest7_pkey on sbtest7  (cost=0.43..8.45 rows=1 width=121)
	  Index Cond: (id = 2996237)

table 8 : explain SELECT c FROM sbtest8 WHERE id=6661450
	Index Scan using sbtest8_pkey on sbtest8  (cost=0.43..8.45 rows=1 width=121)
	  Index Cond: (id = 6661450)

for: sum_ranges
table 1 : explain SELECT SUM(k) FROM sbtest1 WHERE id BETWEEN 7271788 AND 7272787
	Aggregate  (cost=3950.48..3950.49 rows=1 width=8)
	  ->  Bitmap Heap Scan on sbtest1  (cost=30.89..3947.93 rows=1020 width=4)
	        Recheck Cond: ((id >= 7271788) AND (id <= 7272787))
	        ->  Bitmap Index Scan on sbtest1_pkey  (cost=0.00..30.64 rows=1020 width=0)
	              Index Cond: ((id >= 7271788) AND (id <= 7272787))

table 2 : explain SELECT SUM(k) FROM sbtest2 WHERE id BETWEEN 2298953 AND 2299952
	Aggregate  (cost=3881.31..3881.32 rows=1 width=8)
	  ->  Bitmap Heap Scan on sbtest2  (cost=30.71..3878.80 rows=1002 width=4)
	        Recheck Cond: ((id >= 2298953) AND (id <= 2299952))
	        ->  Bitmap Index Scan on sbtest2_pkey  (cost=0.00..30.45 rows=1002 width=0)
	              Index Cond: ((id >= 2298953) AND (id <= 2299952))

table 3 : explain SELECT SUM(k) FROM sbtest3 WHERE id BETWEEN 7348671 AND 7349670
	Aggregate  (cost=4042.44..4042.45 rows=1 width=8)
	  ->  Bitmap Heap Scan on sbtest3  (cost=31.13..4039.84 rows=1043 width=4)
	        Recheck Cond: ((id >= 7348671) AND (id <= 7349670))
	        ->  Bitmap Index Scan on sbtest3_pkey  (cost=0.00..30.86 rows=1043 width=0)
	              Index Cond: ((id >= 7348671) AND (id <= 7349670))

table 4 : explain SELECT SUM(k) FROM sbtest4 WHERE id BETWEEN 9042458 AND 9043457
	Aggregate  (cost=4173.19..4173.20 rows=1 width=8)
	  ->  Bitmap Heap Scan on sbtest4  (cost=31.48..4170.50 rows=1078 width=4)
	        Recheck Cond: ((id >= 9042458) AND (id <= 9043457))
	        ->  Bitmap Index Scan on sbtest4_pkey  (cost=0.00..31.21 rows=1078 width=0)
	              Index Cond: ((id >= 9042458) AND (id <= 9043457))

table 5 : explain SELECT SUM(k) FROM sbtest5 WHERE id BETWEEN 1489902 AND 1490901
	Aggregate  (cost=4205.78..4205.79 rows=1 width=8)
	  ->  Bitmap Heap Scan on sbtest5  (cost=31.59..4203.06 rows=1088 width=4)
	        Recheck Cond: ((id >= 1489902) AND (id <= 1490901))
	        ->  Bitmap Index Scan on sbtest5_pkey  (cost=0.00..31.32 rows=1088 width=0)
	              Index Cond: ((id >= 1489902) AND (id <= 1490901))

table 6 : explain SELECT SUM(k) FROM sbtest6 WHERE id BETWEEN 7640474 AND 7641473
	Aggregate  (cost=3845.66..3845.67 rows=1 width=8)
	  ->  Bitmap Heap Scan on sbtest6  (cost=30.60..3843.18 rows=992 width=4)
	        Recheck Cond: ((id >= 7640474) AND (id <= 7641473))
	        ->  Bitmap Index Scan on sbtest6_pkey  (cost=0.00..30.36 rows=992 width=0)
	              Index Cond: ((id >= 7640474) AND (id <= 7641473))

table 7 : explain SELECT SUM(k) FROM sbtest7 WHERE id BETWEEN 9560838 AND 9561837
	Aggregate  (cost=4235.56..4235.57 rows=1 width=8)
	  ->  Bitmap Heap Scan on sbtest7  (cost=35.64..4232.83 rows=1093 width=4)
	        Recheck Cond: ((id >= 9560838) AND (id <= 9561837))
	        ->  Bitmap Index Scan on sbtest7_pkey  (cost=0.00..35.37 rows=1093 width=0)
	              Index Cond: ((id >= 9560838) AND (id <= 9561837))

table 8 : explain SELECT SUM(k) FROM sbtest8 WHERE id BETWEEN 8466454 AND 8467453
	Aggregate  (cost=3801.97..3801.98 rows=1 width=8)
	  ->  Bitmap Heap Scan on sbtest8  (cost=30.49..3799.52 rows=981 width=4)
	        Recheck Cond: ((id >= 8466454) AND (id <= 8467453))
	        ->  Bitmap Index Scan on sbtest8_pkey  (cost=0.00..30.25 rows=981 width=0)
	              Index Cond: ((id >= 8466454) AND (id <= 8467453))

for: simple_ranges
table 1 : explain SELECT c FROM sbtest1 WHERE id BETWEEN 4860651 AND 4861650
	Bitmap Heap Scan on sbtest1  (cost=30.16..3680.03 rows=949 width=121)
	  Recheck Cond: ((id >= 4860651) AND (id <= 4861650))
	  ->  Bitmap Index Scan on sbtest1_pkey  (cost=0.00..29.93 rows=949 width=0)
	        Index Cond: ((id >= 4860651) AND (id <= 4861650))

table 2 : explain SELECT c FROM sbtest2 WHERE id BETWEEN 1289641 AND 1290640
	Bitmap Heap Scan on sbtest2  (cost=30.36..3750.58 rows=968 width=121)
	  Recheck Cond: ((id >= 1289641) AND (id <= 1290640))
	  ->  Bitmap Index Scan on sbtest2_pkey  (cost=0.00..30.11 rows=968 width=0)
	        Index Cond: ((id >= 1289641) AND (id <= 1290640))

table 3 : explain SELECT c FROM sbtest3 WHERE id BETWEEN 9455420 AND 9456419
	Bitmap Heap Scan on sbtest3  (cost=31.67..4239.66 rows=1096 width=121)
	  Recheck Cond: ((id >= 9455420) AND (id <= 9456419))
	  ->  Bitmap Index Scan on sbtest3_pkey  (cost=0.00..31.39 rows=1096 width=0)
	        Index Cond: ((id >= 9455420) AND (id <= 9456419))

table 4 : explain SELECT c FROM sbtest4 WHERE id BETWEEN 7352398 AND 7353397
	Bitmap Heap Scan on sbtest4  (cost=25.66..3493.95 rows=900 width=121)
	  Recheck Cond: ((id >= 7352398) AND (id <= 7353397))
	  ->  Bitmap Index Scan on sbtest4_pkey  (cost=0.00..25.43 rows=900 width=0)
	        Index Cond: ((id >= 7352398) AND (id <= 7353397))

table 5 : explain SELECT c FROM sbtest5 WHERE id BETWEEN 2107056 AND 2108055
	Bitmap Heap Scan on sbtest5  (cost=26.00..3614.88 rows=933 width=121)
	  Recheck Cond: ((id >= 2107056) AND (id <= 2108055))
	  ->  Bitmap Index Scan on sbtest5_pkey  (cost=0.00..25.76 rows=933 width=0)
	        Index Cond: ((id >= 2107056) AND (id <= 2108055))

table 6 : explain SELECT c FROM sbtest6 WHERE id BETWEEN 6278580 AND 6279579
	Bitmap Heap Scan on sbtest6  (cost=32.26..4449.14 rows=1154 width=121)
	  Recheck Cond: ((id >= 6278580) AND (id <= 6279579))
	  ->  Bitmap Index Scan on sbtest6_pkey  (cost=0.00..31.97 rows=1154 width=0)
	        Index Cond: ((id >= 6278580) AND (id <= 6279579))

table 7 : explain SELECT c FROM sbtest7 WHERE id BETWEEN 6887996 AND 6888995
	Bitmap Heap Scan on sbtest7  (cost=30.90..3957.22 rows=1021 width=121)
	  Recheck Cond: ((id >= 6887996) AND (id <= 6888995))
	  ->  Bitmap Index Scan on sbtest7_pkey  (cost=0.00..30.64 rows=1021 width=0)
	        Index Cond: ((id >= 6887996) AND (id <= 6888995))

table 8 : explain SELECT c FROM sbtest8 WHERE id BETWEEN 3630642 AND 3631641
	Bitmap Heap Scan on sbtest8  (cost=30.27..3720.28 rows=960 width=121)
	  Recheck Cond: ((id >= 3630642) AND (id <= 3631641))
	  ->  Bitmap Index Scan on sbtest8_pkey  (cost=0.00..30.04 rows=960 width=0)
	        Index Cond: ((id >= 3630642) AND (id <= 3631641))

for: order_ranges
table 1 : explain SELECT c FROM sbtest1 WHERE id BETWEEN 3640297 AND 3641296 ORDER BY c
	Sort  (cost=3941.50..3944.01 rows=1005 width=121)
	  Sort Key: c
	  ->  Bitmap Heap Scan on sbtest1  (cost=30.74..3891.38 rows=1005 width=121)
	        Recheck Cond: ((id >= 3640297) AND (id <= 3641296))
	        ->  Bitmap Index Scan on sbtest1_pkey  (cost=0.00..30.48 rows=1005 width=0)
	              Index Cond: ((id >= 3640297) AND (id <= 3641296))

table 2 : explain SELECT c FROM sbtest2 WHERE id BETWEEN 6021933 AND 6022932 ORDER BY c
	Sort  (cost=3468.56..3470.77 rows=883 width=121)
	  Sort Key: c
	  ->  Bitmap Heap Scan on sbtest2  (cost=25.49..3425.35 rows=883 width=121)
	        Recheck Cond: ((id >= 6021933) AND (id <= 6022932))
	        ->  Bitmap Index Scan on sbtest2_pkey  (cost=0.00..25.26 rows=883 width=0)
	              Index Cond: ((id >= 6021933) AND (id <= 6022932))

table 3 : explain SELECT c FROM sbtest3 WHERE id BETWEEN 2294681 AND 2295680 ORDER BY c
	Sort  (cost=3915.79..3918.28 rows=997 width=121)
	  Sort Key: c
	  ->  Bitmap Heap Scan on sbtest3  (cost=30.65..3866.13 rows=997 width=121)
	        Recheck Cond: ((id >= 2294681) AND (id <= 2295680))
	        ->  Bitmap Index Scan on sbtest3_pkey  (cost=0.00..30.40 rows=997 width=0)
	              Index Cond: ((id >= 2294681) AND (id <= 2295680))

table 4 : explain SELECT c FROM sbtest4 WHERE id BETWEEN 485261 AND 486260 ORDER BY c
	Sort  (cost=4396.80..4399.61 rows=1123 width=121)
	  Sort Key: c
	  ->  Bitmap Heap Scan on sbtest4  (cost=31.95..4339.91 rows=1123 width=121)
	        Recheck Cond: ((id >= 485261) AND (id <= 486260))
	        ->  Bitmap Index Scan on sbtest4_pkey  (cost=0.00..31.66 rows=1123 width=0)
	              Index Cond: ((id >= 485261) AND (id <= 486260))

table 5 : explain SELECT c FROM sbtest5 WHERE id BETWEEN 9298819 AND 9299818 ORDER BY c
	Sort  (cost=3929.26..3931.76 rows=1002 width=121)
	  Sort Key: c
	  ->  Bitmap Heap Scan on sbtest5  (cost=30.71..3879.31 rows=1002 width=121)
	        Recheck Cond: ((id >= 9298819) AND (id <= 9299818))
	        ->  Bitmap Index Scan on sbtest5_pkey  (cost=0.00..30.45 rows=1002 width=0)
	              Index Cond: ((id >= 9298819) AND (id <= 9299818))

table 6 : explain SELECT c FROM sbtest6 WHERE id BETWEEN 4609159 AND 4610158 ORDER BY c
	Sort  (cost=3743.07..3745.46 rows=953 width=121)
	  Sort Key: c
	  ->  Bitmap Heap Scan on sbtest6  (cost=30.20..3695.92 rows=953 width=121)
	        Recheck Cond: ((id >= 4609159) AND (id <= 4610158))
	        ->  Bitmap Index Scan on sbtest6_pkey  (cost=0.00..29.96 rows=953 width=0)
	              Index Cond: ((id >= 4609159) AND (id <= 4610158))

table 7 : explain SELECT c FROM sbtest7 WHERE id BETWEEN 8532693 AND 8533692 ORDER BY c
	Sort  (cost=3778.00..3780.41 rows=961 width=121)
	  Sort Key: c
	  ->  Bitmap Heap Scan on sbtest7  (cost=30.29..3730.39 rows=961 width=121)
	        Recheck Cond: ((id >= 8532693) AND (id <= 8533692))
	        ->  Bitmap Index Scan on sbtest7_pkey  (cost=0.00..30.04 rows=961 width=0)
	              Index Cond: ((id >= 8532693) AND (id <= 8533692))

table 8 : explain SELECT c FROM sbtest8 WHERE id BETWEEN 6195039 AND 6196038 ORDER BY c
	Sort  (cost=4287.75..4290.49 rows=1096 width=121)
	  Sort Key: c
	  ->  Bitmap Heap Scan on sbtest8  (cost=31.67..4232.42 rows=1096 width=121)
	        Recheck Cond: ((id >= 6195039) AND (id <= 6196038))
	        ->  Bitmap Index Scan on sbtest8_pkey  (cost=0.00..31.39 rows=1096 width=0)
	              Index Cond: ((id >= 6195039) AND (id <= 6196038))

for point_selects
table 1 : explain SELECT c FROM sbtest1 WHERE id=9268904
	Index Scan using sbtest1_pkey on sbtest1  (cost=0.43..8.45 rows=1 width=121)
	  Index Cond: (id = 9268904)

table 2 : explain SELECT c FROM sbtest2 WHERE id=237050
	Index Scan using sbtest2_pkey on sbtest2  (cost=0.43..8.45 rows=1 width=121)
	  Index Cond: (id = 237050)

table 3 : explain SELECT c FROM sbtest3 WHERE id=5346678
	Index Scan using sbtest3_pkey on sbtest3  (cost=0.43..8.45 rows=1 width=121)
	  Index Cond: (id = 5346678)

table 4 : explain SELECT c FROM sbtest4 WHERE id=9019436
	Index Scan using sbtest4_pkey on sbtest4  (cost=0.43..8.45 rows=1 width=121)
	  Index Cond: (id = 9019436)

table 5 : explain SELECT c FROM sbtest5 WHERE id=2409017
	Index Scan using sbtest5_pkey on sbtest5  (cost=0.43..8.45 rows=1 width=121)
	  Index Cond: (id = 2409017)

table 6 : explain SELECT c FROM sbtest6 WHERE id=5465869
	Index Scan using sbtest6_pkey on sbtest6  (cost=0.43..8.45 rows=1 width=121)
	  Index Cond: (id = 5465869)

table 7 : explain SELECT c FROM sbtest7 WHERE id=4024537
	Index Scan using sbtest7_pkey on sbtest7  (cost=0.43..8.45 rows=1 width=121)
	  Index Cond: (id = 4024537)

table 8 : explain SELECT c FROM sbtest8 WHERE id=9948481
	Index Scan using sbtest8_pkey on sbtest8  (cost=0.43..8.45 rows=1 width=121)
	  Index Cond: (id = 9948481)

for: sum_ranges
table 1 : explain SELECT SUM(k) FROM sbtest1 WHERE id BETWEEN 6257879 AND 6258878
	Aggregate  (cost=3893.89..3893.90 rows=1 width=8)
	  ->  Bitmap Heap Scan on sbtest1  (cost=30.74..3891.38 rows=1005 width=4)
	        Recheck Cond: ((id >= 6257879) AND (id <= 6258878))
	        ->  Bitmap Index Scan on sbtest1_pkey  (cost=0.00..30.48 rows=1005 width=0)
	              Index Cond: ((id >= 6257879) AND (id <= 6258878))

table 2 : explain SELECT SUM(k) FROM sbtest2 WHERE id BETWEEN 817313 AND 818312
	Aggregate  (cost=3582.94..3582.95 rows=1 width=8)
	  ->  Bitmap Heap Scan on sbtest2  (cost=29.90..3580.64 rows=923 width=4)
	        Recheck Cond: ((id >= 817313) AND (id <= 818312))
	        ->  Bitmap Index Scan on sbtest2_pkey  (cost=0.00..29.66 rows=923 width=0)
	              Index Cond: ((id >= 817313) AND (id <= 818312))

table 3 : explain SELECT SUM(k) FROM sbtest3 WHERE id BETWEEN 1585257 AND 1586256
	Aggregate  (cost=4019.79..4019.80 rows=1 width=8)
	  ->  Bitmap Heap Scan on sbtest3  (cost=31.06..4017.19 rows=1037 width=4)
	        Recheck Cond: ((id >= 1585257) AND (id <= 1586256))
	        ->  Bitmap Index Scan on sbtest3_pkey  (cost=0.00..30.80 rows=1037 width=0)
	              Index Cond: ((id >= 1585257) AND (id <= 1586256))

table 4 : explain SELECT SUM(k) FROM sbtest4 WHERE id BETWEEN 2589608 AND 2590607
	Aggregate  (cost=4278.70..4278.71 rows=1 width=8)
	  ->  Bitmap Heap Scan on sbtest4  (cost=31.77..4275.94 rows=1106 width=4)
	        Recheck Cond: ((id >= 2589608) AND (id <= 2590607))
	        ->  Bitmap Index Scan on sbtest4_pkey  (cost=0.00..31.50 rows=1106 width=0)
	              Index Cond: ((id >= 2589608) AND (id <= 2590607))

table 5 : explain SELECT SUM(k) FROM sbtest5 WHERE id BETWEEN 4199467 AND 4200466
	Aggregate  (cost=3915.76..3915.77 rows=1 width=8)
	  ->  Bitmap Heap Scan on sbtest5  (cost=30.80..3913.24 rows=1011 width=4)
	        Recheck Cond: ((id >= 4199467) AND (id <= 4200466))
	        ->  Bitmap Index Scan on sbtest5_pkey  (cost=0.00..30.54 rows=1011 width=0)
	              Index Cond: ((id >= 4199467) AND (id <= 4200466))

table 6 : explain SELECT SUM(k) FROM sbtest6 WHERE id BETWEEN 8239398 AND 8240397
	Aggregate  (cost=4083.30..4083.31 rows=1 width=8)
	  ->  Bitmap Heap Scan on sbtest6  (cost=31.25..4080.67 rows=1055 width=4)
	        Recheck Cond: ((id >= 8239398) AND (id <= 8240397))
	        ->  Bitmap Index Scan on sbtest6_pkey  (cost=0.00..30.98 rows=1055 width=0)
	              Index Cond: ((id >= 8239398) AND (id <= 8240397))

table 7 : explain SELECT SUM(k) FROM sbtest7 WHERE id BETWEEN 4602690 AND 4603689
	Aggregate  (cost=3952.21..3952.22 rows=1 width=8)
	  ->  Bitmap Heap Scan on sbtest7  (cost=30.88..3949.67 rows=1019 width=4)
	        Recheck Cond: ((id >= 4602690) AND (id <= 4603689))
	        ->  Bitmap Index Scan on sbtest7_pkey  (cost=0.00..30.62 rows=1019 width=0)
	              Index Cond: ((id >= 4602690) AND (id <= 4603689))

table 8 : explain SELECT SUM(k) FROM sbtest8 WHERE id BETWEEN 3342806 AND 3343805
	Aggregate  (cost=3896.28..3896.29 rows=1 width=8)
	  ->  Bitmap Heap Scan on sbtest8  (cost=30.75..3893.77 rows=1006 width=4)
	        Recheck Cond: ((id >= 3342806) AND (id <= 3343805))
	        ->  Bitmap Index Scan on sbtest8_pkey  (cost=0.00..30.50 rows=1006 width=0)
	              Index Cond: ((id >= 3342806) AND (id <= 3343805))

for: sum_ranges
table 1 : explain SELECT SUM(k) FROM sbtest1 WHERE id BETWEEN 8573670 AND 8574669
	Aggregate  (cost=3515.72..3515.73 rows=1 width=8)
	  ->  Bitmap Heap Scan on sbtest1  (cost=25.72..3513.46 rows=906 width=4)
	        Recheck Cond: ((id >= 8573670) AND (id <= 8574669))
	        ->  Bitmap Index Scan on sbtest1_pkey  (cost=0.00..25.50 rows=906 width=0)
	              Index Cond: ((id >= 8573670) AND (id <= 8574669))

table 2 : explain SELECT SUM(k) FROM sbtest2 WHERE id BETWEEN 2549304 AND 2550303
	Aggregate  (cost=3749.22..3749.23 rows=1 width=8)
	  ->  Bitmap Heap Scan on sbtest2  (cost=30.35..3746.80 rows=967 width=4)
	        Recheck Cond: ((id >= 2549304) AND (id <= 2550303))
	        ->  Bitmap Index Scan on sbtest2_pkey  (cost=0.00..30.11 rows=967 width=0)
	              Index Cond: ((id >= 2549304) AND (id <= 2550303))

table 3 : explain SELECT SUM(k) FROM sbtest3 WHERE id BETWEEN 7422726 AND 7423725
	Aggregate  (cost=3705.90..3705.91 rows=1 width=8)
	  ->  Bitmap Heap Scan on sbtest3  (cost=30.21..3703.52 rows=954 width=4)
	        Recheck Cond: ((id >= 7422726) AND (id <= 7423725))
	        ->  Bitmap Index Scan on sbtest3_pkey  (cost=0.00..29.97 rows=954 width=0)
	              Index Cond: ((id >= 7422726) AND (id <= 7423725))

table 4 : explain SELECT SUM(k) FROM sbtest4 WHERE id BETWEEN 3957188 AND 3958187
	Aggregate  (cost=3988.32..3988.33 rows=1 width=8)
	  ->  Bitmap Heap Scan on sbtest4  (cost=30.98..3985.75 rows=1029 width=4)
	        Recheck Cond: ((id >= 3957188) AND (id <= 3958187))
	        ->  Bitmap Index Scan on sbtest4_pkey  (cost=0.00..30.72 rows=1029 width=0)
	              Index Cond: ((id >= 3957188) AND (id <= 3958187))

table 5 : explain SELECT SUM(k) FROM sbtest5 WHERE id BETWEEN 1664907 AND 1665906
	Aggregate  (cost=4393.73..4393.74 rows=1 width=8)
	  ->  Bitmap Heap Scan on sbtest5  (cost=32.11..4390.89 rows=1139 width=4)
	        Recheck Cond: ((id >= 1664907) AND (id <= 1665906))
	        ->  Bitmap Index Scan on sbtest5_pkey  (cost=0.00..31.82 rows=1139 width=0)
	              Index Cond: ((id >= 1664907) AND (id <= 1665906))

table 6 : explain SELECT SUM(k) FROM sbtest6 WHERE id BETWEEN 3953615 AND 3954614
	Aggregate  (cost=3868.32..3868.33 rows=1 width=8)
	  ->  Bitmap Heap Scan on sbtest6  (cost=30.66..3865.82 rows=998 width=4)
	        Recheck Cond: ((id >= 3953615) AND (id <= 3954614))
	        ->  Bitmap Index Scan on sbtest6_pkey  (cost=0.00..30.41 rows=998 width=0)
	              Index Cond: ((id >= 3953615) AND (id <= 3954614))

table 7 : explain SELECT SUM(k) FROM sbtest7 WHERE id BETWEEN 1674305 AND 1675304
	Aggregate  (cost=3853.91..3853.92 rows=1 width=8)
	  ->  Bitmap Heap Scan on sbtest7  (cost=30.61..3851.42 rows=993 width=4)
	        Recheck Cond: ((id >= 1674305) AND (id <= 1675304))
	        ->  Bitmap Index Scan on sbtest7_pkey  (cost=0.00..30.36 rows=993 width=0)
	              Index Cond: ((id >= 1674305) AND (id <= 1675304))

table 8 : explain SELECT SUM(k) FROM sbtest8 WHERE id BETWEEN 2272614 AND 2273613
	Aggregate  (cost=4317.87..4317.88 rows=1 width=8)
	  ->  Bitmap Heap Scan on sbtest8  (cost=31.90..4315.07 rows=1119 width=4)
	        Recheck Cond: ((id >= 2272614) AND (id <= 2273613))
	        ->  Bitmap Index Scan on sbtest8_pkey  (cost=0.00..31.62 rows=1119 width=0)
	              Index Cond: ((id >= 2272614) AND (id <= 2273613))

for: order_ranges
table 1 : explain SELECT c FROM sbtest1 WHERE id BETWEEN 5398812 AND 5399811 ORDER BY c
	Sort  (cost=4018.03..4020.59 rows=1025 width=121)
	  Sort Key: c
	  ->  Bitmap Heap Scan on sbtest1  (cost=30.94..3966.77 rows=1025 width=121)
	        Recheck Cond: ((id >= 5398812) AND (id <= 5399811))
	        ->  Bitmap Index Scan on sbtest1_pkey  (cost=0.00..30.68 rows=1025 width=0)
	              Index Cond: ((id >= 5398812) AND (id <= 5399811))

table 2 : explain SELECT c FROM sbtest2 WHERE id BETWEEN 2612791 AND 2613790 ORDER BY c
	Sort  (cost=3771.77..3774.17 rows=961 width=121)
	  Sort Key: c
	  ->  Bitmap Heap Scan on sbtest2  (cost=30.29..3724.16 rows=961 width=121)
	        Recheck Cond: ((id >= 2612791) AND (id <= 2613790))
	        ->  Bitmap Index Scan on sbtest2_pkey  (cost=0.00..30.04 rows=961 width=0)
	              Index Cond: ((id >= 2612791) AND (id <= 2613790))

table 3 : explain SELECT c FROM sbtest3 WHERE id BETWEEN 7933724 AND 7934723 ORDER BY c
	Sort  (cost=3892.77..3895.25 rows=991 width=121)
	  Sort Key: c
	  ->  Bitmap Heap Scan on sbtest3  (cost=30.59..3843.45 rows=991 width=121)
	        Recheck Cond: ((id >= 7933724) AND (id <= 7934723))
	        ->  Bitmap Index Scan on sbtest3_pkey  (cost=0.00..30.34 rows=991 width=0)
	              Index Cond: ((id >= 7933724) AND (id <= 7934723))

table 4 : explain SELECT c FROM sbtest4 WHERE id BETWEEN 8523697 AND 8524696 ORDER BY c
	Sort  (cost=3795.68..3798.09 rows=966 width=121)
	  Sort Key: c
	  ->  Bitmap Heap Scan on sbtest4  (cost=30.34..3747.79 rows=966 width=121)
	        Recheck Cond: ((id >= 8523697) AND (id <= 8524696))
	        ->  Bitmap Index Scan on sbtest4_pkey  (cost=0.00..30.09 rows=966 width=0)
	              Index Cond: ((id >= 8523697) AND (id <= 8524696))

table 5 : explain SELECT c FROM sbtest5 WHERE id BETWEEN 1245510 AND 1246509 ORDER BY c
	Sort  (cost=3603.36..3605.66 rows=918 width=121)
	  Sort Key: c
	  ->  Bitmap Heap Scan on sbtest5  (cost=25.84..3558.19 rows=918 width=121)
	        Recheck Cond: ((id >= 1245510) AND (id <= 1246509))
	        ->  Bitmap Index Scan on sbtest5_pkey  (cost=0.00..25.61 rows=918 width=0)
	              Index Cond: ((id >= 1245510) AND (id <= 1246509))

table 6 : explain SELECT c FROM sbtest6 WHERE id BETWEEN 6349823 AND 6350822 ORDER BY c
	Sort  (cost=4068.63..4071.23 rows=1038 width=121)
	  Sort Key: c
	  ->  Bitmap Heap Scan on sbtest6  (cost=31.07..4016.63 rows=1038 width=121)
	        Recheck Cond: ((id >= 6349823) AND (id <= 6350822))
	        ->  Bitmap Index Scan on sbtest6_pkey  (cost=0.00..30.82 rows=1038 width=0)
	              Index Cond: ((id >= 6349823) AND (id <= 6350822))

table 7 : explain SELECT c FROM sbtest7 WHERE id BETWEEN 9498054 AND 9499053 ORDER BY c
	Sort  (cost=4288.00..4290.73 rows=1093 width=121)
	  Sort Key: c
	  ->  Bitmap Heap Scan on sbtest7  (cost=35.64..4232.83 rows=1093 width=121)
	        Recheck Cond: ((id >= 9498054) AND (id <= 9499053))
	        ->  Bitmap Index Scan on sbtest7_pkey  (cost=0.00..35.37 rows=1093 width=0)
	              Index Cond: ((id >= 9498054) AND (id <= 9499053))

table 8 : explain SELECT c FROM sbtest8 WHERE id BETWEEN 7976001 AND 7977000 ORDER BY c
	Sort  (cost=3487.67..3489.89 rows=888 width=121)
	  Sort Key: c
	  ->  Bitmap Heap Scan on sbtest8  (cost=25.54..3444.19 rows=888 width=121)
	        Recheck Cond: ((id >= 7976001) AND (id <= 7977000))
	        ->  Bitmap Index Scan on sbtest8_pkey  (cost=0.00..25.32 rows=888 width=0)
	              Index Cond: ((id >= 7976001) AND (id <= 7977000))

for: order_ranges
table 1 : explain SELECT c FROM sbtest1 WHERE id BETWEEN 5490111 AND 5491110 ORDER BY c
	Sort  (cost=3711.62..3713.98 rows=945 width=121)
	  Sort Key: c
	  ->  Bitmap Heap Scan on sbtest1  (cost=30.12..3664.91 rows=945 width=121)
	        Recheck Cond: ((id >= 5490111) AND (id <= 5491110))
	        ->  Bitmap Index Scan on sbtest1_pkey  (cost=0.00..29.89 rows=945 width=0)
	              Index Cond: ((id >= 5490111) AND (id <= 5491110))

table 2 : explain SELECT c FROM sbtest2 WHERE id BETWEEN 3889880 AND 3890879 ORDER BY c
	Sort  (cost=4383.30..4386.11 rows=1122 width=121)
	  Sort Key: c
	  ->  Bitmap Heap Scan on sbtest2  (cost=31.94..4326.46 rows=1122 width=121)
	        Recheck Cond: ((id >= 3889880) AND (id <= 3890879))
	        ->  Bitmap Index Scan on sbtest2_pkey  (cost=0.00..31.65 rows=1122 width=0)
	              Index Cond: ((id >= 3889880) AND (id <= 3890879))

table 3 : explain SELECT c FROM sbtest3 WHERE id BETWEEN 8200548 AND 8201547 ORDER BY c
	Sort  (cost=3877.42..3879.89 rows=987 width=121)
	  Sort Key: c
	  ->  Bitmap Heap Scan on sbtest3  (cost=30.55..3828.33 rows=987 width=121)
	        Recheck Cond: ((id >= 8200548) AND (id <= 8201547))
	        ->  Bitmap Index Scan on sbtest3_pkey  (cost=0.00..30.30 rows=987 width=0)
	              Index Cond: ((id >= 8200548) AND (id <= 8201547))

table 4 : explain SELECT c FROM sbtest4 WHERE id BETWEEN 2162823 AND 2163822 ORDER BY c
	Sort  (cost=3903.10..3905.58 rows=994 width=121)
	  Sort Key: c
	  ->  Bitmap Heap Scan on sbtest4  (cost=30.62..3853.61 rows=994 width=121)
	        Recheck Cond: ((id >= 2162823) AND (id <= 2163822))
	        ->  Bitmap Index Scan on sbtest4_pkey  (cost=0.00..30.37 rows=994 width=0)
	              Index Cond: ((id >= 2162823) AND (id <= 2163822))

table 5 : explain SELECT c FROM sbtest5 WHERE id BETWEEN 8465060 AND 8466059 ORDER BY c
	Sort  (cost=4139.56..4142.20 rows=1057 width=121)
	  Sort Key: c
	  ->  Bitmap Heap Scan on sbtest5  (cost=31.27..4086.46 rows=1057 width=121)
	        Recheck Cond: ((id >= 8465060) AND (id <= 8466059))
	        ->  Bitmap Index Scan on sbtest5_pkey  (cost=0.00..31.00 rows=1057 width=0)
	              Index Cond: ((id >= 8465060) AND (id <= 8466059))

table 6 : explain SELECT c FROM sbtest6 WHERE id BETWEEN 8805382 AND 8806381 ORDER BY c
	Sort  (cost=3865.74..3868.20 rows=985 width=121)
	  Sort Key: c
	  ->  Bitmap Heap Scan on sbtest6  (cost=30.53..3816.76 rows=985 width=121)
	        Recheck Cond: ((id >= 8805382) AND (id <= 8806381))
	        ->  Bitmap Index Scan on sbtest6_pkey  (cost=0.00..30.29 rows=985 width=0)
	              Index Cond: ((id >= 8805382) AND (id <= 8806381))

table 7 : explain SELECT c FROM sbtest7 WHERE id BETWEEN 1106021 AND 1107020 ORDER BY c
	Sort  (cost=3989.08..3991.62 rows=1016 width=121)
	  Sort Key: c
	  ->  Bitmap Heap Scan on sbtest7  (cost=30.85..3938.33 rows=1016 width=121)
	        Recheck Cond: ((id >= 1106021) AND (id <= 1107020))
	        ->  Bitmap Index Scan on sbtest7_pkey  (cost=0.00..30.59 rows=1016 width=0)
	              Index Cond: ((id >= 1106021) AND (id <= 1107020))

table 8 : explain SELECT c FROM sbtest8 WHERE id BETWEEN 779885 AND 780884 ORDER BY c
	Sort  (cost=3675.85..3678.19 rows=936 width=121)
	  Sort Key: c
	  ->  Bitmap Heap Scan on sbtest8  (cost=30.03..3629.66 rows=936 width=121)
	        Recheck Cond: ((id >= 779885) AND (id <= 780884))
	        ->  Bitmap Index Scan on sbtest8_pkey  (cost=0.00..29.79 rows=936 width=0)
	              Index Cond: ((id >= 779885) AND (id <= 780884))

for: sum_ranges
table 1 : explain SELECT SUM(k) FROM sbtest1 WHERE id BETWEEN 931946 AND 932945
	Aggregate  (cost=3844.83..3844.84 rows=1 width=8)
	  ->  Bitmap Heap Scan on sbtest1  (cost=30.60..3842.35 rows=992 width=4)
	        Recheck Cond: ((id >= 931946) AND (id <= 932945))
	        ->  Bitmap Index Scan on sbtest1_pkey  (cost=0.00..30.36 rows=992 width=0)
	              Index Cond: ((id >= 931946) AND (id <= 932945))

table 2 : explain SELECT SUM(k) FROM sbtest2 WHERE id BETWEEN 2516768 AND 2517767
	Aggregate  (cost=3749.22..3749.23 rows=1 width=8)
	  ->  Bitmap Heap Scan on sbtest2  (cost=30.35..3746.80 rows=967 width=4)
	        Recheck Cond: ((id >= 2516768) AND (id <= 2517767))
	        ->  Bitmap Index Scan on sbtest2_pkey  (cost=0.00..30.11 rows=967 width=0)
	              Index Cond: ((id >= 2516768) AND (id <= 2517767))

table 3 : explain SELECT SUM(k) FROM sbtest3 WHERE id BETWEEN 3731263 AND 3732262
	Aggregate  (cost=3974.46..3974.47 rows=1 width=8)
	  ->  Bitmap Heap Scan on sbtest3  (cost=30.94..3971.89 rows=1025 width=4)
	        Recheck Cond: ((id >= 3731263) AND (id <= 3732262))
	        ->  Bitmap Index Scan on sbtest3_pkey  (cost=0.00..30.68 rows=1025 width=0)
	              Index Cond: ((id >= 3731263) AND (id <= 3732262))

table 4 : explain SELECT SUM(k) FROM sbtest4 WHERE id BETWEEN 3771206 AND 3772205
	Aggregate  (cost=3738.85..3738.86 rows=1 width=8)
	  ->  Bitmap Heap Scan on sbtest4  (cost=30.31..3736.44 rows=963 width=4)
	        Recheck Cond: ((id >= 3771206) AND (id <= 3772205))
	        ->  Bitmap Index Scan on sbtest4_pkey  (cost=0.00..30.07 rows=963 width=0)
	              Index Cond: ((id >= 3771206) AND (id <= 3772205))

table 5 : explain SELECT SUM(k) FROM sbtest5 WHERE id BETWEEN 3358055 AND 3359054
	Aggregate  (cost=3783.69..3783.70 rows=1 width=8)
	  ->  Bitmap Heap Scan on sbtest5  (cost=30.44..3781.25 rows=976 width=4)
	        Recheck Cond: ((id >= 3358055) AND (id <= 3359054))
	        ->  Bitmap Index Scan on sbtest5_pkey  (cost=0.00..30.19 rows=976 width=0)
	              Index Cond: ((id >= 3358055) AND (id <= 3359054))

table 6 : explain SELECT SUM(k) FROM sbtest6 WHERE id BETWEEN 6457752 AND 6458751
	Aggregate  (cost=3872.09..3872.10 rows=1 width=8)
	  ->  Bitmap Heap Scan on sbtest6  (cost=30.67..3869.59 rows=999 width=4)
	        Recheck Cond: ((id >= 6457752) AND (id <= 6458751))
	        ->  Bitmap Index Scan on sbtest6_pkey  (cost=0.00..30.43 rows=999 width=0)
	              Index Cond: ((id >= 6457752) AND (id <= 6458751))

table 7 : explain SELECT SUM(k) FROM sbtest7 WHERE id BETWEEN 777212 AND 778211
	Aggregate  (cost=3766.87..3766.88 rows=1 width=8)
	  ->  Bitmap Heap Scan on sbtest7  (cost=30.38..3764.45 rows=970 width=4)
	        Recheck Cond: ((id >= 777212) AND (id <= 778211))
	        ->  Bitmap Index Scan on sbtest7_pkey  (cost=0.00..30.14 rows=970 width=0)
	              Index Cond: ((id >= 777212) AND (id <= 778211))

table 8 : explain SELECT SUM(k) FROM sbtest8 WHERE id BETWEEN 9653407 AND 9654406
	Aggregate  (cost=3937.76..3937.77 rows=1 width=8)
	  ->  Bitmap Heap Scan on sbtest8  (cost=30.86..3935.21 rows=1017 width=4)
	        Recheck Cond: ((id >= 9653407) AND (id <= 9654406))
	        ->  Bitmap Index Scan on sbtest8_pkey  (cost=0.00..30.61 rows=1017 width=0)
	              Index Cond: ((id >= 9653407) AND (id <= 9654406))

for: distinct_ranges
table 1 : explain SELECT DISTINCT c FROM sbtest1 WHERE id BETWEEN 494230 AND 495229 ORDER BY c
	Unique  (cost=3926.18..3931.19 rows=1001 width=121)
	  ->  Sort  (cost=3926.18..3928.69 rows=1001 width=121)
	        Sort Key: c
	        ->  Bitmap Heap Scan on sbtest1  (cost=30.70..3876.30 rows=1001 width=121)
	              Recheck Cond: ((id >= 494230) AND (id <= 495229))
	              ->  Bitmap Index Scan on sbtest1_pkey  (cost=0.00..30.44 rows=1001 width=0)
	                    Index Cond: ((id >= 494230) AND (id <= 495229))

table 2 : explain SELECT DISTINCT c FROM sbtest2 WHERE id BETWEEN 3383897 AND 3384896 ORDER BY c
	Unique  (cost=4001.42..4006.52 rows=1021 width=121)
	  ->  Sort  (cost=4001.42..4003.97 rows=1021 width=121)
	        Sort Key: c
	        ->  Bitmap Heap Scan on sbtest2  (cost=30.90..3950.39 rows=1021 width=121)
	              Recheck Cond: ((id >= 3383897) AND (id <= 3384896))
	              ->  Bitmap Index Scan on sbtest2_pkey  (cost=0.00..30.64 rows=1021 width=0)
	                    Index Cond: ((id >= 3383897) AND (id <= 3384896))

table 3 : explain SELECT DISTINCT c FROM sbtest3 WHERE id BETWEEN 9482344 AND 9483343 ORDER BY c
	Unique  (cost=4295.00..4300.48 rows=1096 width=121)
	  ->  Sort  (cost=4295.00..4297.74 rows=1096 width=121)
	        Sort Key: c
	        ->  Bitmap Heap Scan on sbtest3  (cost=31.67..4239.66 rows=1096 width=121)
	              Recheck Cond: ((id >= 9482344) AND (id <= 9483343))
	              ->  Bitmap Index Scan on sbtest3_pkey  (cost=0.00..31.39 rows=1096 width=0)
	                    Index Cond: ((id >= 9482344) AND (id <= 9483343))

table 4 : explain SELECT DISTINCT c FROM sbtest4 WHERE id BETWEEN 5551409 AND 5552408 ORDER BY c
	Unique  (cost=4350.96..4356.51 rows=1111 width=121)
	  ->  Sort  (cost=4350.96..4353.73 rows=1111 width=121)
	        Sort Key: c
	        ->  Bitmap Heap Scan on sbtest4  (cost=31.82..4294.75 rows=1111 width=121)
	              Recheck Cond: ((id >= 5551409) AND (id <= 5552408))
	              ->  Bitmap Index Scan on sbtest4_pkey  (cost=0.00..31.54 rows=1111 width=0)
	                    Index Cond: ((id >= 5551409) AND (id <= 5552408))

table 5 : explain SELECT DISTINCT c FROM sbtest5 WHERE id BETWEEN 1754614 AND 1755613 ORDER BY c
	Unique  (cost=3576.50..3581.05 rows=911 width=121)
	  ->  Sort  (cost=3576.50..3578.78 rows=911 width=121)
	        Sort Key: c
	        ->  Bitmap Heap Scan on sbtest5  (cost=25.77..3531.72 rows=911 width=121)
	              Recheck Cond: ((id >= 1754614) AND (id <= 1755613))
	              ->  Bitmap Index Scan on sbtest5_pkey  (cost=0.00..25.54 rows=911 width=0)
	                    Index Cond: ((id >= 1754614) AND (id <= 1755613))

table 6 : explain SELECT DISTINCT c FROM sbtest6 WHERE id BETWEEN 9822565 AND 9823564 ORDER BY c
	Unique  (cost=4194.80..4200.15 rows=1071 width=121)
	  ->  Sort  (cost=4194.80..4197.47 rows=1071 width=121)
	        Sort Key: c
	        ->  Bitmap Heap Scan on sbtest6  (cost=31.41..4140.90 rows=1071 width=121)
	              Recheck Cond: ((id >= 9822565) AND (id <= 9823564))
	              ->  Bitmap Index Scan on sbtest6_pkey  (cost=0.00..31.14 rows=1071 width=0)
	                    Index Cond: ((id >= 9822565) AND (id <= 9823564))

table 7 : explain SELECT DISTINCT c FROM sbtest7 WHERE id BETWEEN 5169623 AND 5170622 ORDER BY c
	Unique  (cost=3689.63..3694.32 rows=938 width=121)
	  ->  Sort  (cost=3689.63..3691.98 rows=938 width=121)
	        Sort Key: c
	        ->  Bitmap Heap Scan on sbtest7  (cost=30.05..3643.33 rows=938 width=121)
	              Recheck Cond: ((id >= 5169623) AND (id <= 5170622))
	              ->  Bitmap Index Scan on sbtest7_pkey  (cost=0.00..29.82 rows=938 width=0)
	                    Index Cond: ((id >= 5169623) AND (id <= 5170622))

table 8 : explain SELECT DISTINCT c FROM sbtest8 WHERE id BETWEEN 7450347 AND 7451346 ORDER BY c
	Unique  (cost=3729.52..3734.27 rows=950 width=121)
	  ->  Sort  (cost=3729.52..3731.90 rows=950 width=121)
	        Sort Key: c
	        ->  Bitmap Heap Scan on sbtest8  (cost=30.17..3682.53 rows=950 width=121)
	              Recheck Cond: ((id >= 7450347) AND (id <= 7451346))
	              ->  Bitmap Index Scan on sbtest8_pkey  (cost=0.00..29.93 rows=950 width=0)
	                    Index Cond: ((id >= 7450347) AND (id <= 7451346))

for: order_ranges
table 1 : explain SELECT c FROM sbtest1 WHERE id BETWEEN 3565427 AND 3566426 ORDER BY c
	Sort  (cost=3926.18..3928.69 rows=1001 width=121)
	  Sort Key: c
	  ->  Bitmap Heap Scan on sbtest1  (cost=30.70..3876.30 rows=1001 width=121)
	        Recheck Cond: ((id >= 3565427) AND (id <= 3566426))
	        ->  Bitmap Index Scan on sbtest1_pkey  (cost=0.00..30.44 rows=1001 width=0)
	              Index Cond: ((id >= 3565427) AND (id <= 3566426))

table 2 : explain SELECT c FROM sbtest2 WHERE id BETWEEN 6871724 AND 6872723 ORDER BY c
	Sort  (cost=4619.63..4622.59 rows=1183 width=121)
	  Sort Key: c
	  ->  Bitmap Heap Scan on sbtest2  (cost=36.56..4559.25 rows=1183 width=121)
	        Recheck Cond: ((id >= 6871724) AND (id <= 6872723))
	        ->  Bitmap Index Scan on sbtest2_pkey  (cost=0.00..36.27 rows=1183 width=0)
	              Index Cond: ((id >= 6871724) AND (id <= 6872723))

table 3 : explain SELECT c FROM sbtest3 WHERE id BETWEEN 9038883 AND 9039882 ORDER BY c
	Sort  (cost=3873.58..3876.05 rows=986 width=121)
	  Sort Key: c
	  ->  Bitmap Heap Scan on sbtest3  (cost=30.54..3824.55 rows=986 width=121)
	        Recheck Cond: ((id >= 9038883) AND (id <= 9039882))
	        ->  Bitmap Index Scan on sbtest3_pkey  (cost=0.00..30.29 rows=986 width=0)
	              Index Cond: ((id >= 9038883) AND (id <= 9039882))

table 4 : explain SELECT c FROM sbtest4 WHERE id BETWEEN 4402792 AND 4403791 ORDER BY c
	Sort  (cost=3676.49..3678.83 rows=936 width=121)
	  Sort Key: c
	  ->  Bitmap Heap Scan on sbtest4  (cost=26.03..3630.29 rows=936 width=121)
	        Recheck Cond: ((id >= 4402792) AND (id <= 4403791))
	        ->  Bitmap Index Scan on sbtest4_pkey  (cost=0.00..25.79 rows=936 width=0)
	              Index Cond: ((id >= 4402792) AND (id <= 4403791))

table 5 : explain SELECT c FROM sbtest5 WHERE id BETWEEN 3811203 AND 3812202 ORDER BY c
	Sort  (cost=3799.07..3801.49 rows=968 width=121)
	  Sort Key: c
	  ->  Bitmap Heap Scan on sbtest5  (cost=30.36..3751.06 rows=968 width=121)
	        Recheck Cond: ((id >= 3811203) AND (id <= 3812202))
	        ->  Bitmap Index Scan on sbtest5_pkey  (cost=0.00..30.11 rows=968 width=0)
	              Index Cond: ((id >= 3811203) AND (id <= 3812202))

table 6 : explain SELECT c FROM sbtest6 WHERE id BETWEEN 9130323 AND 9131322 ORDER BY c
	Sort  (cost=4103.05..4105.67 rows=1047 width=121)
	  Sort Key: c
	  ->  Bitmap Heap Scan on sbtest6  (cost=31.17..4050.54 rows=1047 width=121)
	        Recheck Cond: ((id >= 9130323) AND (id <= 9131322))
	        ->  Bitmap Index Scan on sbtest6_pkey  (cost=0.00..30.90 rows=1047 width=0)
	              Index Cond: ((id >= 9130323) AND (id <= 9131322))

table 7 : explain SELECT c FROM sbtest7 WHERE id BETWEEN 4603935 AND 4604934 ORDER BY c
	Sort  (cost=4000.58..4003.13 rows=1019 width=121)
	  Sort Key: c
	  ->  Bitmap Heap Scan on sbtest7  (cost=30.88..3949.67 rows=1019 width=121)
	        Recheck Cond: ((id >= 4603935) AND (id <= 4604934))
	        ->  Bitmap Index Scan on sbtest7_pkey  (cost=0.00..30.62 rows=1019 width=0)
	              Index Cond: ((id >= 4603935) AND (id <= 4604934))

table 8 : explain SELECT c FROM sbtest8 WHERE id BETWEEN 1029246 AND 1030245 ORDER BY c
	Sort  (cost=3844.44..3846.89 rows=980 width=121)
	  Sort Key: c
	  ->  Bitmap Heap Scan on sbtest8  (cost=30.48..3795.75 rows=980 width=121)
	        Recheck Cond: ((id >= 1029246) AND (id <= 1030245))
	        ->  Bitmap Index Scan on sbtest8_pkey  (cost=0.00..30.23 rows=980 width=0)
	              Index Cond: ((id >= 1029246) AND (id <= 1030245))

for: simple_ranges
table 1 : explain SELECT c FROM sbtest1 WHERE id BETWEEN 9700227 AND 9701226
	Bitmap Heap Scan on sbtest1  (cost=30.82..3921.54 rows=1013 width=121)
	  Recheck Cond: ((id >= 9700227) AND (id <= 9701226))
	  ->  Bitmap Index Scan on sbtest1_pkey  (cost=0.00..30.57 rows=1013 width=0)
	        Index Cond: ((id >= 9700227) AND (id <= 9701226))

table 2 : explain SELECT c FROM sbtest2 WHERE id BETWEEN 7472206 AND 7473205
	Bitmap Heap Scan on sbtest2  (cost=25.74..3519.93 rows=908 width=121)
	  Recheck Cond: ((id >= 7472206) AND (id <= 7473205))
	  ->  Bitmap Index Scan on sbtest2_pkey  (cost=0.00..25.51 rows=908 width=0)
	        Index Cond: ((id >= 7472206) AND (id <= 7473205))

table 3 : explain SELECT c FROM sbtest3 WHERE id BETWEEN 2316243 AND 2317242
	Bitmap Heap Scan on sbtest3  (cost=30.97..3983.22 rows=1028 width=121)
	  Recheck Cond: ((id >= 2316243) AND (id <= 2317242))
	  ->  Bitmap Index Scan on sbtest3_pkey  (cost=0.00..30.71 rows=1028 width=0)
	        Index Cond: ((id >= 2316243) AND (id <= 2317242))

table 4 : explain SELECT c FROM sbtest4 WHERE id BETWEEN 4851869 AND 4852868
	Bitmap Heap Scan on sbtest4  (cost=30.87..3944.24 rows=1018 width=121)
	  Recheck Cond: ((id >= 4851869) AND (id <= 4852868))
	  ->  Bitmap Index Scan on sbtest4_pkey  (cost=0.00..30.61 rows=1018 width=0)
	        Index Cond: ((id >= 4851869) AND (id <= 4852868))

table 5 : explain SELECT c FROM sbtest5 WHERE id BETWEEN 1578629 AND 1579628
	Bitmap Heap Scan on sbtest5  (cost=30.50..3803.89 rows=982 width=121)
	  Recheck Cond: ((id >= 1578629) AND (id <= 1579628))
	  ->  Bitmap Index Scan on sbtest5_pkey  (cost=0.00..30.25 rows=982 width=0)
	        Index Cond: ((id >= 1578629) AND (id <= 1579628))

table 6 : explain SELECT c FROM sbtest6 WHERE id BETWEEN 9543718 AND 9544717
	Bitmap Heap Scan on sbtest6  (cost=30.76..3899.77 rows=1007 width=121)
	  Recheck Cond: ((id >= 9543718) AND (id <= 9544717))
	  ->  Bitmap Index Scan on sbtest6_pkey  (cost=0.00..30.50 rows=1007 width=0)
	        Index Cond: ((id >= 9543718) AND (id <= 9544717))

table 7 : explain SELECT c FROM sbtest7 WHERE id BETWEEN 7406514 AND 7407513
	Bitmap Heap Scan on sbtest7  (cost=35.79..4289.34 rows=1108 width=121)
	  Recheck Cond: ((id >= 7406514) AND (id <= 7407513))
	  ->  Bitmap Index Scan on sbtest7_pkey  (cost=0.00..35.52 rows=1108 width=0)
	        Index Cond: ((id >= 7406514) AND (id <= 7407513))

table 8 : explain SELECT c FROM sbtest8 WHERE id BETWEEN 3592610 AND 3593609
	Bitmap Heap Scan on sbtest8  (cost=30.27..3720.28 rows=960 width=121)
	  Recheck Cond: ((id >= 3592610) AND (id <= 3593609))
	  ->  Bitmap Index Scan on sbtest8_pkey  (cost=0.00..30.04 rows=960 width=0)
	        Index Cond: ((id >= 3592610) AND (id <= 3593609))

explain: for point_selects :: explain SELECT c FROM sbtest%u WHERE id=%u
for: order_ranges
table 1 : explain SELECT c FROM sbtest1 WHERE id BETWEEN 7784646 AND 7785645 ORDER BY c
	Sort  (cost=4144.20..4146.84 rows=1058 width=121)
	  Sort Key: c
	  ->  Bitmap Heap Scan on sbtest1  (cost=31.28..4091.05 rows=1058 width=121)
	        Recheck Cond: ((id >= 7784646) AND (id <= 7785645))
	        ->  Bitmap Index Scan on sbtest1_pkey  (cost=0.00..31.01 rows=1058 width=0)
	              Index Cond: ((id >= 7784646) AND (id <= 7785645))

table 2 : explain SELECT c FROM sbtest2 WHERE id BETWEEN 8084215 AND 8085214 ORDER BY c
	Sort  (cost=4001.42..4003.97 rows=1021 width=121)
	  Sort Key: c
	  ->  Bitmap Heap Scan on sbtest2  (cost=30.90..3950.39 rows=1021 width=121)
	        Recheck Cond: ((id >= 8084215) AND (id <= 8085214))
	        ->  Bitmap Index Scan on sbtest2_pkey  (cost=0.00..30.64 rows=1021 width=0)
	              Index Cond: ((id >= 8084215) AND (id <= 8085214))

table 3 : explain SELECT c FROM sbtest3 WHERE id BETWEEN 3168475 AND 3169474 ORDER BY c
	Sort  (cost=3662.35..3664.68 rows=931 width=121)
	  Sort Key: c
	  ->  Bitmap Heap Scan on sbtest3  (cost=29.98..3616.44 rows=931 width=121)
	        Recheck Cond: ((id >= 3168475) AND (id <= 3169474))
	        ->  Bitmap Index Scan on sbtest3_pkey  (cost=0.00..29.75 rows=931 width=0)
	              Index Cond: ((id >= 3168475) AND (id <= 3169474))

table 4 : explain SELECT c FROM sbtest4 WHERE id BETWEEN 2680352 AND 2681351 ORDER BY c
	Sort  (cost=3968.27..3970.79 rows=1011 width=121)
	  Sort Key: c
	  ->  Bitmap Heap Scan on sbtest4  (cost=30.80..3917.81 rows=1011 width=121)
	        Recheck Cond: ((id >= 2680352) AND (id <= 2681351))
	        ->  Bitmap Index Scan on sbtest4_pkey  (cost=0.00..30.54 rows=1011 width=0)
	              Index Cond: ((id >= 2680352) AND (id <= 2681351))

table 5 : explain SELECT c FROM sbtest5 WHERE id BETWEEN 8009126 AND 8010125 ORDER BY c
	Sort  (cost=3703.09..3705.45 rows=944 width=121)
	  Sort Key: c
	  ->  Bitmap Heap Scan on sbtest5  (cost=26.11..3656.44 rows=944 width=121)
	        Recheck Cond: ((id >= 8009126) AND (id <= 8010125))
	        ->  Bitmap Index Scan on sbtest5_pkey  (cost=0.00..25.87 rows=944 width=0)
	              Index Cond: ((id >= 8009126) AND (id <= 8010125))

table 6 : explain SELECT c FROM sbtest6 WHERE id BETWEEN 5349689 AND 5350688 ORDER BY c
	Sort  (cost=4206.26..4208.95 rows=1074 width=121)
	  Sort Key: c
	  ->  Bitmap Heap Scan on sbtest6  (cost=31.44..4152.19 rows=1074 width=121)
	        Recheck Cond: ((id >= 5349689) AND (id <= 5350688))
	        ->  Bitmap Index Scan on sbtest6_pkey  (cost=0.00..31.18 rows=1074 width=0)
	              Index Cond: ((id >= 5349689) AND (id <= 5350688))

table 7 : explain SELECT c FROM sbtest7 WHERE id BETWEEN 9013802 AND 9014801 ORDER BY c
	Sort  (cost=3701.16..3703.51 rows=941 width=121)
	  Sort Key: c
	  ->  Bitmap Heap Scan on sbtest7  (cost=30.08..3654.69 rows=941 width=121)
	        Recheck Cond: ((id >= 9013802) AND (id <= 9014801))
	        ->  Bitmap Index Scan on sbtest7_pkey  (cost=0.00..29.84 rows=941 width=0)
	              Index Cond: ((id >= 9013802) AND (id <= 9014801))

table 8 : explain SELECT c FROM sbtest8 WHERE id BETWEEN 2385543 AND 2386542 ORDER BY c
	Sort  (cost=3729.52..3731.90 rows=950 width=121)
	  Sort Key: c
	  ->  Bitmap Heap Scan on sbtest8  (cost=30.17..3682.53 rows=950 width=121)
	        Recheck Cond: ((id >= 2385543) AND (id <= 2386542))
	        ->  Bitmap Index Scan on sbtest8_pkey  (cost=0.00..29.93 rows=950 width=0)
	              Index Cond: ((id >= 2385543) AND (id <= 2386542))

explain: for point_selects :: explain SELECT c FROM sbtest%u WHERE id=%u
for: distinct_ranges
table 1 : explain SELECT DISTINCT c FROM sbtest1 WHERE id BETWEEN 6818508 AND 6819507 ORDER BY c
	Unique  (cost=3845.77..3850.67 rows=980 width=121)
	  ->  Sort  (cost=3845.77..3848.22 rows=980 width=121)
	        Sort Key: c
	        ->  Bitmap Heap Scan on sbtest1  (cost=30.48..3797.08 rows=980 width=121)
	              Recheck Cond: ((id >= 6818508) AND (id <= 6819507))
	              ->  Bitmap Index Scan on sbtest1_pkey  (cost=0.00..30.23 rows=980 width=0)
	                    Index Cond: ((id >= 6818508) AND (id <= 6819507))

table 2 : explain SELECT DISTINCT c FROM sbtest2 WHERE id BETWEEN 746253 AND 747252 ORDER BY c
	Unique  (cost=3944.05..3949.08 rows=1006 width=121)
	  ->  Sort  (cost=3944.05..3946.56 rows=1006 width=121)
	        Sort Key: c
	        ->  Bitmap Heap Scan on sbtest2  (cost=30.75..3893.88 rows=1006 width=121)
	              Recheck Cond: ((id >= 746253) AND (id <= 747252))
	              ->  Bitmap Index Scan on sbtest2_pkey  (cost=0.00..30.50 rows=1006 width=0)
	                    Index Cond: ((id >= 746253) AND (id <= 747252))

table 3 : explain SELECT DISTINCT c FROM sbtest3 WHERE id BETWEEN 9650799 AND 9651798 ORDER BY c
	Unique  (cost=4003.99..4009.09 rows=1020 width=121)
	  ->  Sort  (cost=4003.99..4006.54 rows=1020 width=121)
	        Sort Key: c
	        ->  Bitmap Heap Scan on sbtest3  (cost=30.89..3953.01 rows=1020 width=121)
	              Recheck Cond: ((id >= 9650799) AND (id <= 9651798))
	              ->  Bitmap Index Scan on sbtest3_pkey  (cost=0.00..30.64 rows=1020 width=0)
	                    Index Cond: ((id >= 9650799) AND (id <= 9651798))

table 4 : explain SELECT DISTINCT c FROM sbtest4 WHERE id BETWEEN 9621937 AND 9622936 ORDER BY c
	Unique  (cost=3987.43..3992.51 rows=1016 width=121)
	  ->  Sort  (cost=3987.43..3989.97 rows=1016 width=121)
	        Sort Key: c
	        ->  Bitmap Heap Scan on sbtest4  (cost=30.85..3936.69 rows=1016 width=121)
	              Recheck Cond: ((id >= 9621937) AND (id <= 9622936))
	              ->  Bitmap Index Scan on sbtest4_pkey  (cost=0.00..30.59 rows=1016 width=0)
	                    Index Cond: ((id >= 9621937) AND (id <= 9622936))

table 5 : explain SELECT DISTINCT c FROM sbtest5 WHERE id BETWEEN 516256 AND 517255 ORDER BY c
	Unique  (cost=3818.22..3823.09 rows=973 width=121)
	  ->  Sort  (cost=3818.22..3820.66 rows=973 width=121)
	        Sort Key: c
	        ->  Bitmap Heap Scan on sbtest5  (cost=30.41..3769.93 rows=973 width=121)
	              Recheck Cond: ((id >= 516256) AND (id <= 517255))
	              ->  Bitmap Index Scan on sbtest5_pkey  (cost=0.00..30.16 rows=973 width=0)
	                    Index Cond: ((id >= 516256) AND (id <= 517255))

table 6 : explain SELECT DISTINCT c FROM sbtest6 WHERE id BETWEEN 7380555 AND 7381554 ORDER BY c
	Unique  (cost=3961.49..3966.54 rows=1010 width=121)
	  ->  Sort  (cost=3961.49..3964.01 rows=1010 width=121)
	        Sort Key: c
	        ->  Bitmap Heap Scan on sbtest6  (cost=30.79..3911.09 rows=1010 width=121)
	              Recheck Cond: ((id >= 7380555) AND (id <= 7381554))
	              ->  Bitmap Index Scan on sbtest6_pkey  (cost=0.00..30.54 rows=1010 width=0)
	                    Index Cond: ((id >= 7380555) AND (id <= 7381554))

table 7 : explain SELECT DISTINCT c FROM sbtest7 WHERE id BETWEEN 2041785 AND 2042784 ORDER BY c
	Unique  (cost=4134.70..4139.97 rows=1054 width=121)
	  ->  Sort  (cost=4134.70..4137.34 rows=1054 width=121)
	        Sort Key: c
	        ->  Bitmap Heap Scan on sbtest7  (cost=31.24..4081.79 rows=1054 width=121)
	              Recheck Cond: ((id >= 2041785) AND (id <= 2042784))
	              ->  Bitmap Index Scan on sbtest7_pkey  (cost=0.00..30.97 rows=1054 width=0)
	                    Index Cond: ((id >= 2041785) AND (id <= 2042784))

table 8 : explain SELECT DISTINCT c FROM sbtest8 WHERE id BETWEEN 5688231 AND 5689230 ORDER BY c
	Unique  (cost=3959.24..3964.29 rows=1010 width=121)
	  ->  Sort  (cost=3959.24..3961.77 rows=1010 width=121)
	        Sort Key: c
	        ->  Bitmap Heap Scan on sbtest8  (cost=30.79..3908.84 rows=1010 width=121)
	              Recheck Cond: ((id >= 5688231) AND (id <= 5689230))
	              ->  Bitmap Index Scan on sbtest8_pkey  (cost=0.00..30.54 rows=1010 width=0)
	                    Index Cond: ((id >= 5688231) AND (id <= 5689230))

for: order_ranges
table 1 : explain SELECT c FROM sbtest1 WHERE id BETWEEN 2027504 AND 2028503 ORDER BY c
	Sort  (cost=3884.07..3886.54 rows=990 width=121)
	  Sort Key: c
	  ->  Bitmap Heap Scan on sbtest1  (cost=30.58..3834.81 rows=990 width=121)
	        Recheck Cond: ((id >= 2027504) AND (id <= 2028503))
	        ->  Bitmap Index Scan on sbtest1_pkey  (cost=0.00..30.33 rows=990 width=0)
	              Index Cond: ((id >= 2027504) AND (id <= 2028503))

table 2 : explain SELECT c FROM sbtest2 WHERE id BETWEEN 7702667 AND 7703666 ORDER BY c
	Sort  (cost=4005.24..4007.80 rows=1022 width=121)
	  Sort Key: c
	  ->  Bitmap Heap Scan on sbtest2  (cost=30.91..3954.16 rows=1022 width=121)
	        Recheck Cond: ((id >= 7702667) AND (id <= 7703666))
	        ->  Bitmap Index Scan on sbtest2_pkey  (cost=0.00..30.65 rows=1022 width=0)
	              Index Cond: ((id >= 7702667) AND (id <= 7703666))

table 3 : explain SELECT c FROM sbtest3 WHERE id BETWEEN 1004052 AND 1005051 ORDER BY c
	Sort  (cost=3558.52..3560.78 rows=904 width=121)
	  Sort Key: c
	  ->  Bitmap Heap Scan on sbtest3  (cost=29.70..3514.14 rows=904 width=121)
	        Recheck Cond: ((id >= 1004052) AND (id <= 1005051))
	        ->  Bitmap Index Scan on sbtest3_pkey  (cost=0.00..29.47 rows=904 width=0)
	              Index Cond: ((id >= 1004052) AND (id <= 1005051))

table 4 : explain SELECT c FROM sbtest4 WHERE id BETWEEN 6197348 AND 6198347 ORDER BY c
	Sort  (cost=3784.17..3786.57 rows=963 width=121)
	  Sort Key: c
	  ->  Bitmap Heap Scan on sbtest4  (cost=30.31..3736.44 rows=963 width=121)
	        Recheck Cond: ((id >= 6197348) AND (id <= 6198347))
	        ->  Bitmap Index Scan on sbtest4_pkey  (cost=0.00..30.07 rows=963 width=0)
	              Index Cond: ((id >= 6197348) AND (id <= 6198347))

table 5 : explain SELECT c FROM sbtest5 WHERE id BETWEEN 2325480 AND 2326479 ORDER BY c
	Sort  (cost=3683.92..3686.27 rows=939 width=121)
	  Sort Key: c
	  ->  Bitmap Heap Scan on sbtest5  (cost=26.06..3637.55 rows=939 width=121)
	        Recheck Cond: ((id >= 2325480) AND (id <= 2326479))
	        ->  Bitmap Index Scan on sbtest5_pkey  (cost=0.00..25.82 rows=939 width=0)
	              Index Cond: ((id >= 2325480) AND (id <= 2326479))

table 6 : explain SELECT c FROM sbtest6 WHERE id BETWEEN 1303025 AND 1304024 ORDER BY c
	Sort  (cost=3700.88..3703.23 rows=942 width=121)
	  Sort Key: c
	  ->  Bitmap Heap Scan on sbtest6  (cost=30.09..3654.35 rows=942 width=121)
	        Recheck Cond: ((id >= 1303025) AND (id <= 1304024))
	        ->  Bitmap Index Scan on sbtest6_pkey  (cost=0.00..29.86 rows=942 width=0)
	              Index Cond: ((id >= 1303025) AND (id <= 1304024))

table 7 : explain SELECT c FROM sbtest7 WHERE id BETWEEN 7325630 AND 7326629 ORDER BY c
	Sort  (cost=4065.74..4068.33 rows=1036 width=121)
	  Sort Key: c
	  ->  Bitmap Heap Scan on sbtest7  (cost=31.05..4013.86 rows=1036 width=121)
	        Recheck Cond: ((id >= 7325630) AND (id <= 7326629))
	        ->  Bitmap Index Scan on sbtest7_pkey  (cost=0.00..30.79 rows=1036 width=0)
	              Index Cond: ((id >= 7325630) AND (id <= 7326629))

table 8 : explain SELECT c FROM sbtest8 WHERE id BETWEEN 1268995 AND 1269994 ORDER BY c
	Sort  (cost=3905.68..3908.17 rows=996 width=121)
	  Sort Key: c
	  ->  Bitmap Heap Scan on sbtest8  (cost=30.64..3856.08 rows=996 width=121)
	        Recheck Cond: ((id >= 1268995) AND (id <= 1269994))
	        ->  Bitmap Index Scan on sbtest8_pkey  (cost=0.00..30.39 rows=996 width=0)
	              Index Cond: ((id >= 1268995) AND (id <= 1269994))

for: simple_ranges
table 1 : explain SELECT c FROM sbtest1 WHERE id BETWEEN 5735313 AND 5736312
	Bitmap Heap Scan on sbtest1  (cost=31.29..4094.81 rows=1059 width=121)
	  Recheck Cond: ((id >= 5735313) AND (id <= 5736312))
	  ->  Bitmap Index Scan on sbtest1_pkey  (cost=0.00..31.02 rows=1059 width=0)
	        Index Cond: ((id >= 5735313) AND (id <= 5736312))

table 2 : explain SELECT c FROM sbtest2 WHERE id BETWEEN 7325504 AND 7326503
	Bitmap Heap Scan on sbtest2  (cost=31.46..4157.37 rows=1076 width=121)
	  Recheck Cond: ((id >= 7325504) AND (id <= 7326503))
	  ->  Bitmap Index Scan on sbtest2_pkey  (cost=0.00..31.19 rows=1076 width=0)
	        Index Cond: ((id >= 7325504) AND (id <= 7326503))

table 3 : explain SELECT c FROM sbtest3 WHERE id BETWEEN 3739427 AND 3740426
	Bitmap Heap Scan on sbtest3  (cost=30.94..3971.89 rows=1025 width=121)
	  Recheck Cond: ((id >= 3739427) AND (id <= 3740426))
	  ->  Bitmap Index Scan on sbtest3_pkey  (cost=0.00..30.68 rows=1025 width=0)
	        Index Cond: ((id >= 3739427) AND (id <= 3740426))

table 4 : explain SELECT c FROM sbtest4 WHERE id BETWEEN 4772646 AND 4773645
	Bitmap Heap Scan on sbtest4  (cost=30.87..3944.24 rows=1018 width=121)
	  Recheck Cond: ((id >= 4772646) AND (id <= 4773645))
	  ->  Bitmap Index Scan on sbtest4_pkey  (cost=0.00..30.61 rows=1018 width=0)
	        Index Cond: ((id >= 4772646) AND (id <= 4773645))

table 5 : explain SELECT c FROM sbtest5 WHERE id BETWEEN 8185425 AND 8186424
	Bitmap Heap Scan on sbtest5  (cost=26.22..3697.99 rows=955 width=121)
	  Recheck Cond: ((id >= 8185425) AND (id <= 8186424))
	  ->  Bitmap Index Scan on sbtest5_pkey  (cost=0.00..25.98 rows=955 width=0)
	        Index Cond: ((id >= 8185425) AND (id <= 8186424))

table 6 : explain SELECT c FROM sbtest6 WHERE id BETWEEN 2588512 AND 2589511
	Bitmap Heap Scan on sbtest6  (cost=31.70..4246.24 rows=1099 width=121)
	  Recheck Cond: ((id >= 2588512) AND (id <= 2589511))
	  ->  Bitmap Index Scan on sbtest6_pkey  (cost=0.00..31.43 rows=1099 width=0)
	        Index Cond: ((id >= 2588512) AND (id <= 2589511))

table 7 : explain SELECT c FROM sbtest7 WHERE id BETWEEN 9923525 AND 9924524
	Bitmap Heap Scan on sbtest7  (cost=31.01..3998.76 rows=1032 width=121)
	  Recheck Cond: ((id >= 9923525) AND (id <= 9924524))
	  ->  Bitmap Index Scan on sbtest7_pkey  (cost=0.00..30.75 rows=1032 width=0)
	        Index Cond: ((id >= 9923525) AND (id <= 9924524))

table 8 : explain SELECT c FROM sbtest8 WHERE id BETWEEN 199290 AND 200289
	Bitmap Heap Scan on sbtest8  (cost=31.14..4036.88 rows=1044 width=121)
	  Recheck Cond: ((id >= 199290) AND (id <= 200289))
	  ->  Bitmap Index Scan on sbtest8_pkey  (cost=0.00..30.87 rows=1044 width=0)
	        Index Cond: ((id >= 199290) AND (id <= 200289))

for: order_ranges
table 1 : explain SELECT c FROM sbtest1 WHERE id BETWEEN 4275554 AND 4276553 ORDER BY c
	Sort  (cost=3891.72..3894.20 rows=992 width=121)
	  Sort Key: c
	  ->  Bitmap Heap Scan on sbtest1  (cost=30.60..3842.35 rows=992 width=121)
	        Recheck Cond: ((id >= 4275554) AND (id <= 4276553))
	        ->  Bitmap Index Scan on sbtest1_pkey  (cost=0.00..30.36 rows=992 width=0)
	              Index Cond: ((id >= 4275554) AND (id <= 4276553))

table 2 : explain SELECT c FROM sbtest2 WHERE id BETWEEN 3741829 AND 3742828 ORDER BY c
	Sort  (cost=3587.57..3589.85 rows=914 width=121)
	  Sort Key: c
	  ->  Bitmap Heap Scan on sbtest2  (cost=25.80..3542.62 rows=914 width=121)
	        Recheck Cond: ((id >= 3741829) AND (id <= 3742828))
	        ->  Bitmap Index Scan on sbtest2_pkey  (cost=0.00..25.57 rows=914 width=0)
	              Index Cond: ((id >= 3741829) AND (id <= 3742828))

table 3 : explain SELECT c FROM sbtest3 WHERE id BETWEEN 868537 AND 869536 ORDER BY c
	Sort  (cost=4176.37..4179.04 rows=1065 width=121)
	  Sort Key: c
	  ->  Bitmap Heap Scan on sbtest3  (cost=31.35..4122.82 rows=1065 width=121)
	        Recheck Cond: ((id >= 868537) AND (id <= 869536))
	        ->  Bitmap Index Scan on sbtest3_pkey  (cost=0.00..31.08 rows=1065 width=0)
	              Index Cond: ((id >= 868537) AND (id <= 869536))

table 4 : explain SELECT c FROM sbtest4 WHERE id BETWEEN 4290888 AND 4291887 ORDER BY c
	Sort  (cost=3914.60..3917.09 rows=997 width=121)
	  Sort Key: c
	  ->  Bitmap Heap Scan on sbtest4  (cost=30.65..3864.94 rows=997 width=121)
	        Recheck Cond: ((id >= 4290888) AND (id <= 4291887))
	        ->  Bitmap Index Scan on sbtest4_pkey  (cost=0.00..30.40 rows=997 width=0)
	              Index Cond: ((id >= 4290888) AND (id <= 4291887))

table 5 : explain SELECT c FROM sbtest5 WHERE id BETWEEN 8737859 AND 8738858 ORDER BY c
	Sort  (cost=3868.01..3870.47 rows=986 width=121)
	  Sort Key: c
	  ->  Bitmap Heap Scan on sbtest5  (cost=30.54..3818.98 rows=986 width=121)
	        Recheck Cond: ((id >= 8737859) AND (id <= 8738858))
	        ->  Bitmap Index Scan on sbtest5_pkey  (cost=0.00..30.29 rows=986 width=0)
	              Index Cond: ((id >= 8737859) AND (id <= 8738858))

table 6 : explain SELECT c FROM sbtest6 WHERE id BETWEEN 1564821 AND 1565820 ORDER BY c
	Sort  (cost=4336.10..4338.87 rows=1108 width=121)
	  Sort Key: c
	  ->  Bitmap Heap Scan on sbtest6  (cost=31.79..4280.07 rows=1108 width=121)
	        Recheck Cond: ((id >= 1564821) AND (id <= 1565820))
	        ->  Bitmap Index Scan on sbtest6_pkey  (cost=0.00..31.51 rows=1108 width=0)
	              Index Cond: ((id >= 1564821) AND (id <= 1565820))

table 7 : explain SELECT c FROM sbtest7 WHERE id BETWEEN 724662 AND 725661 ORDER BY c
	Sort  (cost=3812.57..3814.99 rows=970 width=121)
	  Sort Key: c
	  ->  Bitmap Heap Scan on sbtest7  (cost=30.38..3764.45 rows=970 width=121)
	        Recheck Cond: ((id >= 724662) AND (id <= 725661))
	        ->  Bitmap Index Scan on sbtest7_pkey  (cost=0.00..30.14 rows=970 width=0)
	              Index Cond: ((id >= 724662) AND (id <= 725661))

table 8 : explain SELECT c FROM sbtest8 WHERE id BETWEEN 2415401 AND 2416400 ORDER BY c
	Sort  (cost=3729.52..3731.90 rows=950 width=121)
	  Sort Key: c
	  ->  Bitmap Heap Scan on sbtest8  (cost=30.17..3682.53 rows=950 width=121)
	        Recheck Cond: ((id >= 2415401) AND (id <= 2416400))
	        ->  Bitmap Index Scan on sbtest8_pkey  (cost=0.00..29.93 rows=950 width=0)
	              Index Cond: ((id >= 2415401) AND (id <= 2416400))

for: distinct_ranges
table 1 : explain SELECT DISTINCT c FROM sbtest1 WHERE id BETWEEN 1754061 AND 1755060 ORDER BY c
	Unique  (cost=3696.27..3700.98 rows=941 width=121)
	  ->  Sort  (cost=3696.27..3698.63 rows=941 width=121)
	        Sort Key: c
	        ->  Bitmap Heap Scan on sbtest1  (cost=30.08..3649.80 rows=941 width=121)
	              Recheck Cond: ((id >= 1754061) AND (id <= 1755060))
	              ->  Bitmap Index Scan on sbtest1_pkey  (cost=0.00..29.84 rows=941 width=0)
	                    Index Cond: ((id >= 1754061) AND (id <= 1755060))

table 2 : explain SELECT DISTINCT c FROM sbtest2 WHERE id BETWEEN 6713009 AND 6714008 ORDER BY c
	Unique  (cost=3741.12..3745.88 rows=953 width=121)
	  ->  Sort  (cost=3741.12..3743.50 rows=953 width=121)
	        Sort Key: c
	        ->  Bitmap Heap Scan on sbtest2  (cost=30.20..3693.96 rows=953 width=121)
	              Recheck Cond: ((id >= 6713009) AND (id <= 6714008))
	              ->  Bitmap Index Scan on sbtest2_pkey  (cost=0.00..29.96 rows=953 width=0)
	                    Index Cond: ((id >= 6713009) AND (id <= 6714008))

table 3 : explain SELECT DISTINCT c FROM sbtest3 WHERE id BETWEEN 1262120 AND 1263119 ORDER BY c
	Unique  (cost=3934.97..3939.98 rows=1002 width=121)
	  ->  Sort  (cost=3934.97..3937.47 rows=1002 width=121)
	        Sort Key: c
	        ->  Bitmap Heap Scan on sbtest3  (cost=30.71..3885.02 rows=1002 width=121)
	              Recheck Cond: ((id >= 1262120) AND (id <= 1263119))
	              ->  Bitmap Index Scan on sbtest3_pkey  (cost=0.00..30.45 rows=1002 width=0)
	                    Index Cond: ((id >= 1262120) AND (id <= 1263119))

table 4 : explain SELECT DISTINCT c FROM sbtest4 WHERE id BETWEEN 8871061 AND 8872060 ORDER BY c
	Unique  (cost=3757.29..3762.07 rows=956 width=121)
	  ->  Sort  (cost=3757.29..3759.68 rows=956 width=121)
	        Sort Key: c
	        ->  Bitmap Heap Scan on sbtest4  (cost=30.23..3709.97 rows=956 width=121)
	              Recheck Cond: ((id >= 8871061) AND (id <= 8872060))
	              ->  Bitmap Index Scan on sbtest4_pkey  (cost=0.00..30.00 rows=956 width=0)
	                    Index Cond: ((id >= 8871061) AND (id <= 8872060))

table 5 : explain SELECT DISTINCT c FROM sbtest5 WHERE id BETWEEN 6364599 AND 6365598 ORDER BY c
	Unique  (cost=4170.12..4175.44 rows=1065 width=121)
	  ->  Sort  (cost=4170.12..4172.78 rows=1065 width=121)
	        Sort Key: c
	        ->  Bitmap Heap Scan on sbtest5  (cost=31.35..4116.56 rows=1065 width=121)
	              Recheck Cond: ((id >= 6364599) AND (id <= 6365598))
	              ->  Bitmap Index Scan on sbtest5_pkey  (cost=0.00..31.08 rows=1065 width=0)
	                    Index Cond: ((id >= 6364599) AND (id <= 6365598))

table 6 : explain SELECT DISTINCT c FROM sbtest6 WHERE id BETWEEN 7512692 AND 7513691 ORDER BY c
	Unique  (cost=3812.09..3816.94 rows=971 width=121)
	  ->  Sort  (cost=3812.09..3814.52 rows=971 width=121)
	        Sort Key: c
	        ->  Bitmap Heap Scan on sbtest6  (cost=30.39..3763.91 rows=971 width=121)
	              Recheck Cond: ((id >= 7512692) AND (id <= 7513691))
	              ->  Bitmap Index Scan on sbtest6_pkey  (cost=0.00..30.14 rows=971 width=0)
	                    Index Cond: ((id >= 7512692) AND (id <= 7513691))

table 7 : explain SELECT DISTINCT c FROM sbtest7 WHERE id BETWEEN 2334811 AND 2335810 ORDER BY c
	Unique  (cost=4440.94..4446.60 rows=1133 width=121)
	  ->  Sort  (cost=4440.94..4443.77 rows=1133 width=121)
	        Sort Key: c
	        ->  Bitmap Heap Scan on sbtest7  (cost=36.05..4383.46 rows=1133 width=121)
	              Recheck Cond: ((id >= 2334811) AND (id <= 2335810))
	              ->  Bitmap Index Scan on sbtest7_pkey  (cost=0.00..35.77 rows=1133 width=0)
	                    Index Cond: ((id >= 2334811) AND (id <= 2335810))

table 8 : explain SELECT DISTINCT c FROM sbtest8 WHERE id BETWEEN 8655621 AND 8656620 ORDER BY c
	Unique  (cost=3737.18..3741.94 rows=952 width=121)
	  ->  Sort  (cost=3737.18..3739.56 rows=952 width=121)
	        Sort Key: c
	        ->  Bitmap Heap Scan on sbtest8  (cost=30.19..3690.09 rows=952 width=121)
	              Recheck Cond: ((id >= 8655621) AND (id <= 8656620))
	              ->  Bitmap Index Scan on sbtest8_pkey  (cost=0.00..29.95 rows=952 width=0)
	                    Index Cond: ((id >= 8655621) AND (id <= 8656620))

for: sum_ranges
table 1 : explain SELECT SUM(k) FROM sbtest1 WHERE id BETWEEN 4234203 AND 4235202
	Aggregate  (cost=3844.83..3844.84 rows=1 width=8)
	  ->  Bitmap Heap Scan on sbtest1  (cost=30.60..3842.35 rows=992 width=4)
	        Recheck Cond: ((id >= 4234203) AND (id <= 4235202))
	        ->  Bitmap Index Scan on sbtest1_pkey  (cost=0.00..30.36 rows=992 width=0)
	              Index Cond: ((id >= 4234203) AND (id <= 4235202))

table 2 : explain SELECT SUM(k) FROM sbtest2 WHERE id BETWEEN 6277787 AND 6278786
	Aggregate  (cost=4001.93..4001.94 rows=1 width=8)
	  ->  Bitmap Heap Scan on sbtest2  (cost=31.03..3999.35 rows=1034 width=4)
	        Recheck Cond: ((id >= 6277787) AND (id <= 6278786))
	        ->  Bitmap Index Scan on sbtest2_pkey  (cost=0.00..30.77 rows=1034 width=0)
	              Index Cond: ((id >= 6277787) AND (id <= 6278786))

table 3 : explain SELECT SUM(k) FROM sbtest3 WHERE id BETWEEN 1581718 AND 1582717
	Aggregate  (cost=4019.79..4019.80 rows=1 width=8)
	  ->  Bitmap Heap Scan on sbtest3  (cost=31.06..4017.19 rows=1037 width=4)
	        Recheck Cond: ((id >= 1581718) AND (id <= 1582717))
	        ->  Bitmap Index Scan on sbtest3_pkey  (cost=0.00..30.80 rows=1037 width=0)
	              Index Cond: ((id >= 1581718) AND (id <= 1582717))

table 4 : explain SELECT SUM(k) FROM sbtest4 WHERE id BETWEEN 8536436 AND 8537435
	Aggregate  (cost=3750.20..3750.21 rows=1 width=8)
	  ->  Bitmap Heap Scan on sbtest4  (cost=30.34..3747.79 rows=966 width=4)
	        Recheck Cond: ((id >= 8536436) AND (id <= 8537435))
	        ->  Bitmap Index Scan on sbtest4_pkey  (cost=0.00..30.09 rows=966 width=0)
	              Index Cond: ((id >= 8536436) AND (id <= 8537435))

table 5 : explain SELECT SUM(k) FROM sbtest5 WHERE id BETWEEN 3095850 AND 3096849
	Aggregate  (cost=3964.78..3964.79 rows=1 width=8)
	  ->  Bitmap Heap Scan on sbtest5  (cost=30.93..3962.22 rows=1024 width=4)
	        Recheck Cond: ((id >= 3095850) AND (id <= 3096849))
	        ->  Bitmap Index Scan on sbtest5_pkey  (cost=0.00..30.68 rows=1024 width=0)
	              Index Cond: ((id >= 3095850) AND (id <= 3096849))

table 6 : explain SELECT SUM(k) FROM sbtest6 WHERE id BETWEEN 8837747 AND 8838746
	Aggregate  (cost=3645.35..3645.36 rows=1 width=8)
	  ->  Bitmap Heap Scan on sbtest6  (cost=30.06..3643.01 rows=939 width=4)
	        Recheck Cond: ((id >= 8837747) AND (id <= 8838746))
	        ->  Bitmap Index Scan on sbtest6_pkey  (cost=0.00..29.82 rows=939 width=0)
	              Index Cond: ((id >= 8837747) AND (id <= 8838746))

table 7 : explain SELECT SUM(k) FROM sbtest7 WHERE id BETWEEN 3754212 AND 3755211
	Aggregate  (cost=3732.80..3732.81 rows=1 width=8)
	  ->  Bitmap Heap Scan on sbtest7  (cost=30.29..3730.39 rows=961 width=4)
	        Recheck Cond: ((id >= 3754212) AND (id <= 3755211))
	        ->  Bitmap Index Scan on sbtest7_pkey  (cost=0.00..30.04 rows=961 width=0)
	              Index Cond: ((id >= 3754212) AND (id <= 3755211))

table 8 : explain SELECT SUM(k) FROM sbtest8 WHERE id BETWEEN 3867847 AND 3868846
	Aggregate  (cost=3975.45..3975.46 rows=1 width=8)
	  ->  Bitmap Heap Scan on sbtest8  (cost=30.96..3972.88 rows=1027 width=4)
	        Recheck Cond: ((id >= 3867847) AND (id <= 3868846))
	        ->  Bitmap Index Scan on sbtest8_pkey  (cost=0.00..30.70 rows=1027 width=0)
	              Index Cond: ((id >= 3867847) AND (id <= 3868846))

for: distinct_ranges
table 1 : explain SELECT DISTINCT c FROM sbtest1 WHERE id BETWEEN 8064230 AND 8065229 ORDER BY c
	Unique  (cost=3907.04..3912.02 rows=996 width=121)
	  ->  Sort  (cost=3907.04..3909.53 rows=996 width=121)
	        Sort Key: c
	        ->  Bitmap Heap Scan on sbtest1  (cost=30.64..3857.44 rows=996 width=121)
	              Recheck Cond: ((id >= 8064230) AND (id <= 8065229))
	              ->  Bitmap Index Scan on sbtest1_pkey  (cost=0.00..30.39 rows=996 width=0)
	                    Index Cond: ((id >= 8064230) AND (id <= 8065229))

table 2 : explain SELECT DISTINCT c FROM sbtest2 WHERE id BETWEEN 777380 AND 778379 ORDER BY c
	Unique  (cost=3944.05..3949.08 rows=1006 width=121)
	  ->  Sort  (cost=3944.05..3946.56 rows=1006 width=121)
	        Sort Key: c
	        ->  Bitmap Heap Scan on sbtest2  (cost=30.75..3893.88 rows=1006 width=121)
	              Recheck Cond: ((id >= 777380) AND (id <= 778379))
	              ->  Bitmap Index Scan on sbtest2_pkey  (cost=0.00..30.50 rows=1006 width=0)
	                    Index Cond: ((id >= 777380) AND (id <= 778379))

table 3 : explain SELECT DISTINCT c FROM sbtest3 WHERE id BETWEEN 4119726 AND 4120725 ORDER BY c
	Unique  (cost=4092.12..4097.34 rows=1043 width=121)
	  ->  Sort  (cost=4092.12..4094.73 rows=1043 width=121)
	        Sort Key: c
	        ->  Bitmap Heap Scan on sbtest3  (cost=31.13..4039.84 rows=1043 width=121)
	              Recheck Cond: ((id >= 4119726) AND (id <= 4120725))
	              ->  Bitmap Index Scan on sbtest3_pkey  (cost=0.00..30.86 rows=1043 width=0)
	                    Index Cond: ((id >= 4119726) AND (id <= 4120725))

table 4 : explain SELECT DISTINCT c FROM sbtest4 WHERE id BETWEEN 4684441 AND 4685440 ORDER BY c
	Unique  (cost=3553.50..3558.02 rows=904 width=121)
	  ->  Sort  (cost=3553.50..3555.76 rows=904 width=121)
	        Sort Key: c
	        ->  Bitmap Heap Scan on sbtest4  (cost=25.70..3509.11 rows=904 width=121)
	              Recheck Cond: ((id >= 4684441) AND (id <= 4685440))
	              ->  Bitmap Index Scan on sbtest4_pkey  (cost=0.00..25.47 rows=904 width=0)
	                    Index Cond: ((id >= 4684441) AND (id <= 4685440))

table 5 : explain SELECT DISTINCT c FROM sbtest5 WHERE id BETWEEN 7278459 AND 7279458 ORDER BY c
	Unique  (cost=4063.12..4068.31 rows=1037 width=121)
	  ->  Sort  (cost=4063.12..4065.72 rows=1037 width=121)
	        Sort Key: c
	        ->  Bitmap Heap Scan on sbtest5  (cost=31.06..4011.18 rows=1037 width=121)
	              Recheck Cond: ((id >= 7278459) AND (id <= 7279458))
	              ->  Bitmap Index Scan on sbtest5_pkey  (cost=0.00..30.80 rows=1037 width=0)
	                    Index Cond: ((id >= 7278459) AND (id <= 7279458))

table 6 : explain SELECT DISTINCT c FROM sbtest6 WHERE id BETWEEN 7912430 AND 7913429 ORDER BY c
	Unique  (cost=3950.00..3955.03 rows=1007 width=121)
	  ->  Sort  (cost=3950.00..3952.52 rows=1007 width=121)
	        Sort Key: c
	        ->  Bitmap Heap Scan on sbtest6  (cost=30.76..3899.77 rows=1007 width=121)
	              Recheck Cond: ((id >= 7912430) AND (id <= 7913429))
	              ->  Bitmap Index Scan on sbtest6_pkey  (cost=0.00..30.50 rows=1007 width=0)
	                    Index Cond: ((id >= 7912430) AND (id <= 7913429))

table 7 : explain SELECT DISTINCT c FROM sbtest7 WHERE id BETWEEN 8487204 AND 8488203 ORDER BY c
	Unique  (cost=3778.00..3782.81 rows=961 width=121)
	  ->  Sort  (cost=3778.00..3780.41 rows=961 width=121)
	        Sort Key: c
	        ->  Bitmap Heap Scan on sbtest7  (cost=30.29..3730.39 rows=961 width=121)
	              Recheck Cond: ((id >= 8487204) AND (id <= 8488203))
	              ->  Bitmap Index Scan on sbtest7_pkey  (cost=0.00..30.04 rows=961 width=0)
	                    Index Cond: ((id >= 8487204) AND (id <= 8488203))

table 8 : explain SELECT DISTINCT c FROM sbtest8 WHERE id BETWEEN 7674299 AND 7675298 ORDER BY c
	Unique  (cost=3832.95..3837.83 rows=977 width=121)
	  ->  Sort  (cost=3832.95..3835.39 rows=977 width=121)
	        Sort Key: c
	        ->  Bitmap Heap Scan on sbtest8  (cost=30.45..3784.43 rows=977 width=121)
	              Recheck Cond: ((id >= 7674299) AND (id <= 7675298))
	              ->  Bitmap Index Scan on sbtest8_pkey  (cost=0.00..30.20 rows=977 width=0)
	                    Index Cond: ((id >= 7674299) AND (id <= 7675298))

for: distinct_ranges
table 1 : explain SELECT DISTINCT c FROM sbtest1 WHERE id BETWEEN 8883063 AND 8884062 ORDER BY c
	Unique  (cost=4136.55..4141.83 rows=1056 width=121)
	  ->  Sort  (cost=4136.55..4139.19 rows=1056 width=121)
	        Sort Key: c
	        ->  Bitmap Heap Scan on sbtest1  (cost=31.26..4083.52 rows=1056 width=121)
	              Recheck Cond: ((id >= 8883063) AND (id <= 8884062))
	              ->  Bitmap Index Scan on sbtest1_pkey  (cost=0.00..31.00 rows=1056 width=0)
	                    Index Cond: ((id >= 8883063) AND (id <= 8884062))

table 2 : explain SELECT DISTINCT c FROM sbtest2 WHERE id BETWEEN 7032158 AND 7033157 ORDER BY c
	Unique  (cost=3909.61..3914.60 rows=997 width=121)
	  ->  Sort  (cost=3909.61..3912.10 rows=997 width=121)
	        Sort Key: c
	        ->  Bitmap Heap Scan on sbtest2  (cost=30.65..3859.95 rows=997 width=121)
	              Recheck Cond: ((id >= 7032158) AND (id <= 7033157))
	              ->  Bitmap Index Scan on sbtest2_pkey  (cost=0.00..30.40 rows=997 width=0)
	                    Index Cond: ((id >= 7032158) AND (id <= 7033157))

table 3 : explain SELECT DISTINCT c FROM sbtest3 WHERE id BETWEEN 5475085 AND 5476084 ORDER BY c
	Unique  (cost=3808.33..3813.18 rows=969 width=121)
	  ->  Sort  (cost=3808.33..3810.75 rows=969 width=121)
	        Sort Key: c
	        ->  Bitmap Heap Scan on sbtest3  (cost=30.37..3760.27 rows=969 width=121)
	              Recheck Cond: ((id >= 5475085) AND (id <= 5476084))
	              ->  Bitmap Index Scan on sbtest3_pkey  (cost=0.00..30.12 rows=969 width=0)
	                    Index Cond: ((id >= 5475085) AND (id <= 5476084))

table 4 : explain SELECT DISTINCT c FROM sbtest4 WHERE id BETWEEN 6866056 AND 6867055 ORDER BY c
	Unique  (cost=3699.69..3704.40 rows=941 width=121)
	  ->  Sort  (cost=3699.69..3702.05 rows=941 width=121)
	        Sort Key: c
	        ->  Bitmap Heap Scan on sbtest4  (cost=30.08..3653.22 rows=941 width=121)
	              Recheck Cond: ((id >= 6866056) AND (id <= 6867055))
	              ->  Bitmap Index Scan on sbtest4_pkey  (cost=0.00..29.84 rows=941 width=0)
	                    Index Cond: ((id >= 6866056) AND (id <= 6867055))

table 5 : explain SELECT DISTINCT c FROM sbtest5 WHERE id BETWEEN 6537479 AND 6538478 ORDER BY c
	Unique  (cost=4101.35..4106.58 rows=1047 width=121)
	  ->  Sort  (cost=4101.35..4103.96 rows=1047 width=121)
	        Sort Key: c
	        ->  Bitmap Heap Scan on sbtest5  (cost=31.17..4048.83 rows=1047 width=121)
	              Recheck Cond: ((id >= 6537479) AND (id <= 6538478))
	              ->  Bitmap Index Scan on sbtest5_pkey  (cost=0.00..30.90 rows=1047 width=0)
	                    Index Cond: ((id >= 6537479) AND (id <= 6538478))

table 6 : explain SELECT DISTINCT c FROM sbtest6 WHERE id BETWEEN 8722093 AND 8723092 ORDER BY c
	Unique  (cost=3650.99..3655.64 rows=929 width=121)
	  ->  Sort  (cost=3650.99..3653.31 rows=929 width=121)
	        Sort Key: c
	        ->  Bitmap Heap Scan on sbtest6  (cost=29.96..3605.19 rows=929 width=121)
	              Recheck Cond: ((id >= 8722093) AND (id <= 8723092))
	              ->  Bitmap Index Scan on sbtest6_pkey  (cost=0.00..29.72 rows=929 width=0)
	                    Index Cond: ((id >= 8722093) AND (id <= 8723092))

table 7 : explain SELECT DISTINCT c FROM sbtest7 WHERE id BETWEEN 2426130 AND 2427129 ORDER BY c
	Unique  (cost=4081.07..4086.27 rows=1040 width=121)
	  ->  Sort  (cost=4081.07..4083.67 rows=1040 width=121)
	        Sort Key: c
	        ->  Bitmap Heap Scan on sbtest7  (cost=31.09..4028.96 rows=1040 width=121)
	              Recheck Cond: ((id >= 2426130) AND (id <= 2427129))
	              ->  Bitmap Index Scan on sbtest7_pkey  (cost=0.00..30.83 rows=1040 width=0)
	                    Index Cond: ((id >= 2426130) AND (id <= 2427129))

table 8 : explain SELECT DISTINCT c FROM sbtest8 WHERE id BETWEEN 9659124 AND 9660123 ORDER BY c
	Unique  (cost=3986.01..3991.10 rows=1017 width=121)
	  ->  Sort  (cost=3986.01..3988.56 rows=1017 width=121)
	        Sort Key: c
	        ->  Bitmap Heap Scan on sbtest8  (cost=30.86..3935.21 rows=1017 width=121)
	              Recheck Cond: ((id >= 9659124) AND (id <= 9660123))
	              ->  Bitmap Index Scan on sbtest8_pkey  (cost=0.00..30.61 rows=1017 width=0)
	                    Index Cond: ((id >= 9659124) AND (id <= 9660123))

for: distinct_ranges
table 1 : explain SELECT DISTINCT c FROM sbtest1 WHERE id BETWEEN 8144679 AND 8145678 ORDER BY c
	Unique  (cost=4083.04..4088.25 rows=1042 width=121)
	  ->  Sort  (cost=4083.04..4085.64 rows=1042 width=121)
	        Sort Key: c
	        ->  Bitmap Heap Scan on sbtest1  (cost=31.12..4030.81 rows=1042 width=121)
	              Recheck Cond: ((id >= 8144679) AND (id <= 8145678))
	              ->  Bitmap Index Scan on sbtest1_pkey  (cost=0.00..30.86 rows=1042 width=0)
	                    Index Cond: ((id >= 8144679) AND (id <= 8145678))

table 2 : explain SELECT DISTINCT c FROM sbtest2 WHERE id BETWEEN 2708491 AND 2709490 ORDER BY c
	Unique  (cost=3729.62..3734.37 rows=950 width=121)
	  ->  Sort  (cost=3729.62..3731.99 rows=950 width=121)
	        Sort Key: c
	        ->  Bitmap Heap Scan on sbtest2  (cost=30.17..3682.63 rows=950 width=121)
	              Recheck Cond: ((id >= 2708491) AND (id <= 2709490))
	              ->  Bitmap Index Scan on sbtest2_pkey  (cost=0.00..29.93 rows=950 width=0)
	                    Index Cond: ((id >= 2708491) AND (id <= 2709490))

table 3 : explain SELECT DISTINCT c FROM sbtest3 WHERE id BETWEEN 8478133 AND 8479132 ORDER BY c
	Unique  (cost=3696.94..3701.64 rows=940 width=121)
	  ->  Sort  (cost=3696.94..3699.29 rows=940 width=121)
	        Sort Key: c
	        ->  Bitmap Heap Scan on sbtest3  (cost=30.07..3650.52 rows=940 width=121)
	              Recheck Cond: ((id >= 8478133) AND (id <= 8479132))
	              ->  Bitmap Index Scan on sbtest3_pkey  (cost=0.00..29.83 rows=940 width=0)
	                    Index Cond: ((id >= 8478133) AND (id <= 8479132))

table 4 : explain SELECT DISTINCT c FROM sbtest4 WHERE id BETWEEN 8052410 AND 8053409 ORDER BY c
	Unique  (cost=4198.02..4203.37 rows=1071 width=121)
	  ->  Sort  (cost=4198.02..4200.70 rows=1071 width=121)
	        Sort Key: c
	        ->  Bitmap Heap Scan on sbtest4  (cost=31.41..4144.12 rows=1071 width=121)
	              Recheck Cond: ((id >= 8052410) AND (id <= 8053409))
	              ->  Bitmap Index Scan on sbtest4_pkey  (cost=0.00..31.14 rows=1071 width=0)
	                    Index Cond: ((id >= 8052410) AND (id <= 8053409))

table 5 : explain SELECT DISTINCT c FROM sbtest5 WHERE id BETWEEN 8741985 AND 8742984 ORDER BY c
	Unique  (cost=3868.01..3872.94 rows=986 width=121)
	  ->  Sort  (cost=3868.01..3870.47 rows=986 width=121)
	        Sort Key: c
	        ->  Bitmap Heap Scan on sbtest5  (cost=30.54..3818.98 rows=986 width=121)
	              Recheck Cond: ((id >= 8741985) AND (id <= 8742984))
	              ->  Bitmap Index Scan on sbtest5_pkey  (cost=0.00..30.29 rows=986 width=0)
	                    Index Cond: ((id >= 8741985) AND (id <= 8742984))

table 6 : explain SELECT DISTINCT c FROM sbtest6 WHERE id BETWEEN 6304639 AND 6305638 ORDER BY c
	Unique  (cost=4068.63..4073.82 rows=1038 width=121)
	  ->  Sort  (cost=4068.63..4071.23 rows=1038 width=121)
	        Sort Key: c
	        ->  Bitmap Heap Scan on sbtest6  (cost=31.07..4016.63 rows=1038 width=121)
	              Recheck Cond: ((id >= 6304639) AND (id <= 6305638))
	              ->  Bitmap Index Scan on sbtest6_pkey  (cost=0.00..30.82 rows=1038 width=0)
	                    Index Cond: ((id >= 6304639) AND (id <= 6305638))

table 7 : explain SELECT DISTINCT c FROM sbtest7 WHERE id BETWEEN 5310052 AND 5311051 ORDER BY c
	Unique  (cost=4031.25..4036.38 rows=1027 width=121)
	  ->  Sort  (cost=4031.25..4033.82 rows=1027 width=121)
	        Sort Key: c
	        ->  Bitmap Heap Scan on sbtest7  (cost=30.96..3979.88 rows=1027 width=121)
	              Recheck Cond: ((id >= 5310052) AND (id <= 5311051))
	              ->  Bitmap Index Scan on sbtest7_pkey  (cost=0.00..30.70 rows=1027 width=0)
	                    Index Cond: ((id >= 5310052) AND (id <= 5311051))

table 8 : explain SELECT DISTINCT c FROM sbtest8 WHERE id BETWEEN 3941370 AND 3942369 ORDER BY c
	Unique  (cost=3767.84..3772.64 rows=960 width=121)
	  ->  Sort  (cost=3767.84..3770.24 rows=960 width=121)
	        Sort Key: c
	        ->  Bitmap Heap Scan on sbtest8  (cost=30.27..3720.28 rows=960 width=121)
	              Recheck Cond: ((id >= 3941370) AND (id <= 3942369))
	              ->  Bitmap Index Scan on sbtest8_pkey  (cost=0.00..30.04 rows=960 width=0)
	                    Index Cond: ((id >= 3941370) AND (id <= 3942369))

explain: for point_selects :: explain SELECT c FROM sbtest%u WHERE id=%u
for point_selects
table 1 : explain SELECT c FROM sbtest1 WHERE id=2605699
	Index Scan using sbtest1_pkey on sbtest1  (cost=0.43..8.45 rows=1 width=121)
	  Index Cond: (id = 2605699)

table 2 : explain SELECT c FROM sbtest2 WHERE id=1527142
	Index Scan using sbtest2_pkey on sbtest2  (cost=0.43..8.45 rows=1 width=121)
	  Index Cond: (id = 1527142)

table 3 : explain SELECT c FROM sbtest3 WHERE id=7828195
	Index Scan using sbtest3_pkey on sbtest3  (cost=0.43..8.45 rows=1 width=121)
	  Index Cond: (id = 7828195)

table 4 : explain SELECT c FROM sbtest4 WHERE id=8548608
	Index Scan using sbtest4_pkey on sbtest4  (cost=0.43..8.45 rows=1 width=121)
	  Index Cond: (id = 8548608)

table 5 : explain SELECT c FROM sbtest5 WHERE id=37277
	Index Scan using sbtest5_pkey on sbtest5  (cost=0.43..8.45 rows=1 width=121)
	  Index Cond: (id = 37277)

table 6 : explain SELECT c FROM sbtest6 WHERE id=7386932
	Index Scan using sbtest6_pkey on sbtest6  (cost=0.43..8.45 rows=1 width=121)
	  Index Cond: (id = 7386932)

table 7 : explain SELECT c FROM sbtest7 WHERE id=3844074
	Index Scan using sbtest7_pkey on sbtest7  (cost=0.43..8.45 rows=1 width=121)
	  Index Cond: (id = 3844074)

table 8 : explain SELECT c FROM sbtest8 WHERE id=9057136
	Index Scan using sbtest8_pkey on sbtest8  (cost=0.43..8.45 rows=1 width=121)
	  Index Cond: (id = 9057136)

explain: for point_selects :: explain SELECT c FROM sbtest%u WHERE id=%u
for: order_ranges
table 1 : explain SELECT c FROM sbtest1 WHERE id BETWEEN 3222107 AND 3223106 ORDER BY c
	Sort  (cost=3776.79..3779.20 rows=962 width=121)
	  Sort Key: c
	  ->  Bitmap Heap Scan on sbtest1  (cost=30.30..3729.13 rows=962 width=121)
	        Recheck Cond: ((id >= 3222107) AND (id <= 3223106))
	        ->  Bitmap Index Scan on sbtest1_pkey  (cost=0.00..30.05 rows=962 width=0)
	              Index Cond: ((id >= 3222107) AND (id <= 3223106))

table 2 : explain SELECT c FROM sbtest2 WHERE id BETWEEN 9129721 AND 9130720 ORDER BY c
	Sort  (cost=3955.52..3958.05 rows=1009 width=121)
	  Sort Key: c
	  ->  Bitmap Heap Scan on sbtest2  (cost=30.78..3905.18 rows=1009 width=121)
	        Recheck Cond: ((id >= 9129721) AND (id <= 9130720))
	        ->  Bitmap Index Scan on sbtest2_pkey  (cost=0.00..30.52 rows=1009 width=0)
	              Index Cond: ((id >= 9129721) AND (id <= 9130720))

table 3 : explain SELECT c FROM sbtest3 WHERE id BETWEEN 9817128 AND 9818127 ORDER BY c
	Sort  (cost=3750.73..3753.11 rows=954 width=121)
	  Sort Key: c
	  ->  Bitmap Heap Scan on sbtest3  (cost=30.21..3703.52 rows=954 width=121)
	        Recheck Cond: ((id >= 9817128) AND (id <= 9818127))
	        ->  Bitmap Index Scan on sbtest3_pkey  (cost=0.00..29.97 rows=954 width=0)
	              Index Cond: ((id >= 9817128) AND (id <= 9818127))

table 4 : explain SELECT c FROM sbtest4 WHERE id BETWEEN 9714619 AND 9715618 ORDER BY c
	Sort  (cost=3753.45..3755.84 rows=955 width=121)
	  Sort Key: c
	  ->  Bitmap Heap Scan on sbtest4  (cost=30.22..3706.19 rows=955 width=121)
	        Recheck Cond: ((id >= 9714619) AND (id <= 9715618))
	        ->  Bitmap Index Scan on sbtest4_pkey  (cost=0.00..29.98 rows=955 width=0)
	              Index Cond: ((id >= 9714619) AND (id <= 9715618))

table 5 : explain SELECT c FROM sbtest5 WHERE id BETWEEN 1945369 AND 1946368 ORDER BY c
	Sort  (cost=4055.48..4058.07 rows=1035 width=121)
	  Sort Key: c
	  ->  Bitmap Heap Scan on sbtest5  (cost=31.04..4003.65 rows=1035 width=121)
	        Recheck Cond: ((id >= 1945369) AND (id <= 1946368))
	        ->  Bitmap Index Scan on sbtest5_pkey  (cost=0.00..30.79 rows=1035 width=0)
	              Index Cond: ((id >= 1945369) AND (id <= 1946368))

table 6 : explain SELECT c FROM sbtest6 WHERE id BETWEEN 289602 AND 290601 ORDER BY c
	Sort  (cost=3980.63..3983.16 rows=1015 width=121)
	  Sort Key: c
	  ->  Bitmap Heap Scan on sbtest6  (cost=30.84..3929.94 rows=1015 width=121)
	        Recheck Cond: ((id >= 289602) AND (id <= 290601))
	        ->  Bitmap Index Scan on sbtest6_pkey  (cost=0.00..30.58 rows=1015 width=0)
	              Index Cond: ((id >= 289602) AND (id <= 290601))

table 7 : explain SELECT c FROM sbtest7 WHERE id BETWEEN 228507 AND 229506 ORDER BY c
	Sort  (cost=4096.40..4099.01 rows=1044 width=121)
	  Sort Key: c
	  ->  Bitmap Heap Scan on sbtest7  (cost=31.14..4044.05 rows=1044 width=121)
	        Recheck Cond: ((id >= 228507) AND (id <= 229506))
	        ->  Bitmap Index Scan on sbtest7_pkey  (cost=0.00..30.87 rows=1044 width=0)
	              Index Cond: ((id >= 228507) AND (id <= 229506))

table 8 : explain SELECT c FROM sbtest8 WHERE id BETWEEN 5264811 AND 5265810 ORDER BY c
	Sort  (cost=4348.86..4351.64 rows=1113 width=121)
	  Sort Key: c
	  ->  Bitmap Heap Scan on sbtest8  (cost=31.84..4292.54 rows=1113 width=121)
	        Recheck Cond: ((id >= 5264811) AND (id <= 5265810))
	        ->  Bitmap Index Scan on sbtest8_pkey  (cost=0.00..31.57 rows=1113 width=0)
	              Index Cond: ((id >= 5264811) AND (id <= 5265810))

for: distinct_ranges
table 1 : explain SELECT DISTINCT c FROM sbtest1 WHERE id BETWEEN 6588521 AND 6589520 ORDER BY c
	Unique  (cost=4308.41..4313.92 rows=1101 width=121)
	  ->  Sort  (cost=4308.41..4311.16 rows=1101 width=121)
	        Sort Key: c
	        ->  Bitmap Heap Scan on sbtest1  (cost=31.72..4252.79 rows=1101 width=121)
	              Recheck Cond: ((id >= 6588521) AND (id <= 6589520))
	              ->  Bitmap Index Scan on sbtest1_pkey  (cost=0.00..31.44 rows=1101 width=0)
	                    Index Cond: ((id >= 6588521) AND (id <= 6589520))

table 2 : explain SELECT DISTINCT c FROM sbtest2 WHERE id BETWEEN 5589369 AND 5590368 ORDER BY c
	Unique  (cost=3775.60..3780.41 rows=962 width=121)
	  ->  Sort  (cost=3775.60..3778.00 rows=962 width=121)
	        Sort Key: c
	        ->  Bitmap Heap Scan on sbtest2  (cost=30.30..3727.93 rows=962 width=121)
	              Recheck Cond: ((id >= 5589369) AND (id <= 5590368))
	              ->  Bitmap Index Scan on sbtest2_pkey  (cost=0.00..30.05 rows=962 width=0)
	                    Index Cond: ((id >= 5589369) AND (id <= 5590368))

table 3 : explain SELECT DISTINCT c FROM sbtest3 WHERE id BETWEEN 5295324 AND 5296323 ORDER BY c
	Unique  (cost=3865.91..3870.83 rows=984 width=121)
	  ->  Sort  (cost=3865.91..3868.37 rows=984 width=121)
	        Sort Key: c
	        ->  Bitmap Heap Scan on sbtest3  (cost=30.52..3816.99 rows=984 width=121)
	              Recheck Cond: ((id >= 5295324) AND (id <= 5296323))
	              ->  Bitmap Index Scan on sbtest3_pkey  (cost=0.00..30.27 rows=984 width=0)
	                    Index Cond: ((id >= 5295324) AND (id <= 5296323))

table 4 : explain SELECT DISTINCT c FROM sbtest4 WHERE id BETWEEN 7568736 AND 7569735 ORDER BY c
	Unique  (cost=4381.52..4387.12 rows=1119 width=121)
	  ->  Sort  (cost=4381.52..4384.32 rows=1119 width=121)
	        Sort Key: c
	        ->  Bitmap Heap Scan on sbtest4  (cost=31.90..4324.86 rows=1119 width=121)
	              Recheck Cond: ((id >= 7568736) AND (id <= 7569735))
	              ->  Bitmap Index Scan on sbtest4_pkey  (cost=0.00..31.62 rows=1119 width=0)
	                    Index Cond: ((id >= 7568736) AND (id <= 7569735))

table 5 : explain SELECT DISTINCT c FROM sbtest5 WHERE id BETWEEN 4927376 AND 4928375 ORDER BY c
	Unique  (cost=3783.75..3788.57 rows=964 width=121)
	  ->  Sort  (cost=3783.75..3786.16 rows=964 width=121)
	        Sort Key: c
	        ->  Bitmap Heap Scan on sbtest5  (cost=30.32..3735.96 rows=964 width=121)
	              Recheck Cond: ((id >= 4927376) AND (id <= 4928375))
	              ->  Bitmap Index Scan on sbtest5_pkey  (cost=0.00..30.07 rows=964 width=0)
	                    Index Cond: ((id >= 4927376) AND (id <= 4928375))

table 6 : explain SELECT DISTINCT c FROM sbtest6 WHERE id BETWEEN 3870923 AND 3871922 ORDER BY c
	Unique  (cost=4060.98..4066.16 rows=1036 width=121)
	  ->  Sort  (cost=4060.98..4063.57 rows=1036 width=121)
	        Sort Key: c
	        ->  Bitmap Heap Scan on sbtest6  (cost=31.05..4009.10 rows=1036 width=121)
	              Recheck Cond: ((id >= 3870923) AND (id <= 3871922))
	              ->  Bitmap Index Scan on sbtest6_pkey  (cost=0.00..30.79 rows=1036 width=0)
	                    Index Cond: ((id >= 3870923) AND (id <= 3871922))

table 7 : explain SELECT DISTINCT c FROM sbtest7 WHERE id BETWEEN 9243338 AND 9244337 ORDER BY c
	Unique  (cost=3743.43..3748.19 rows=952 width=121)
	  ->  Sort  (cost=3743.43..3745.81 rows=952 width=121)
	        Sort Key: c
	        ->  Bitmap Heap Scan on sbtest7  (cost=30.19..3696.33 rows=952 width=121)
	              Recheck Cond: ((id >= 9243338) AND (id <= 9244337))
	              ->  Bitmap Index Scan on sbtest7_pkey  (cost=0.00..29.95 rows=952 width=0)
	                    Index Cond: ((id >= 9243338) AND (id <= 9244337))

table 8 : explain SELECT DISTINCT c FROM sbtest8 WHERE id BETWEEN 8784508 AND 8785507 ORDER BY c
	Unique  (cost=4123.61..4128.87 rows=1053 width=121)
	  ->  Sort  (cost=4123.61..4126.24 rows=1053 width=121)
	        Sort Key: c
	        ->  Bitmap Heap Scan on sbtest8  (cost=31.23..4070.74 rows=1053 width=121)
	              Recheck Cond: ((id >= 8784508) AND (id <= 8785507))
	              ->  Bitmap Index Scan on sbtest8_pkey  (cost=0.00..30.96 rows=1053 width=0)
	                    Index Cond: ((id >= 8784508) AND (id <= 8785507))

for: sum_ranges
table 1 : explain SELECT SUM(k) FROM sbtest1 WHERE id BETWEEN 2633458 AND 2634457
	Aggregate  (cost=3890.12..3890.13 rows=1 width=8)
	  ->  Bitmap Heap Scan on sbtest1  (cost=30.73..3887.61 rows=1004 width=4)
	        Recheck Cond: ((id >= 2633458) AND (id <= 2634457))
	        ->  Bitmap Index Scan on sbtest1_pkey  (cost=0.00..30.47 rows=1004 width=0)
	              Index Cond: ((id >= 2633458) AND (id <= 2634457))

table 2 : explain SELECT SUM(k) FROM sbtest2 WHERE id BETWEEN 9890984 AND 9891983
	Aggregate  (cost=3681.23..3681.24 rows=1 width=8)
	  ->  Bitmap Heap Scan on sbtest2  (cost=30.16..3678.86 rows=949 width=4)
	        Recheck Cond: ((id >= 9890984) AND (id <= 9891983))
	        ->  Bitmap Index Scan on sbtest2_pkey  (cost=0.00..29.93 rows=949 width=0)
	              Index Cond: ((id >= 9890984) AND (id <= 9891983))

table 3 : explain SELECT SUM(k) FROM sbtest3 WHERE id BETWEEN 4701768 AND 4702767
	Aggregate  (cost=3516.40..3516.41 rows=1 width=8)
	  ->  Bitmap Heap Scan on sbtest3  (cost=29.70..3514.14 rows=904 width=4)
	        Recheck Cond: ((id >= 4701768) AND (id <= 4702767))
	        ->  Bitmap Index Scan on sbtest3_pkey  (cost=0.00..29.47 rows=904 width=0)
	              Index Cond: ((id >= 4701768) AND (id <= 4702767))

table 4 : explain SELECT SUM(k) FROM sbtest4 WHERE id BETWEEN 2913900 AND 2914899
	Aggregate  (cost=4003.42..4003.43 rows=1 width=8)
	  ->  Bitmap Heap Scan on sbtest4  (cost=31.02..4000.84 rows=1033 width=4)
	        Recheck Cond: ((id >= 2913900) AND (id <= 2914899))
	        ->  Bitmap Index Scan on sbtest4_pkey  (cost=0.00..30.76 rows=1033 width=0)
	              Index Cond: ((id >= 2913900) AND (id <= 2914899))

table 5 : explain SELECT SUM(k) FROM sbtest5 WHERE id BETWEEN 8261952 AND 8262951
	Aggregate  (cost=4010.01..4010.02 rows=1 width=8)
	  ->  Bitmap Heap Scan on sbtest5  (cost=31.05..4007.42 rows=1036 width=4)
	        Recheck Cond: ((id >= 8261952) AND (id <= 8262951))
	        ->  Bitmap Index Scan on sbtest5_pkey  (cost=0.00..30.79 rows=1036 width=0)
	              Index Cond: ((id >= 8261952) AND (id <= 8262951))

table 6 : explain SELECT SUM(k) FROM sbtest6 WHERE id BETWEEN 310583 AND 311582
	Aggregate  (cost=3894.74..3894.75 rows=1 width=8)
	  ->  Bitmap Heap Scan on sbtest6  (cost=30.74..3892.23 rows=1005 width=4)
	        Recheck Cond: ((id >= 310583) AND (id <= 311582))
	        ->  Bitmap Index Scan on sbtest6_pkey  (cost=0.00..30.48 rows=1005 width=0)
	              Index Cond: ((id >= 310583) AND (id <= 311582))

table 7 : explain SELECT SUM(k) FROM sbtest7 WHERE id BETWEEN 3999778 AND 4000777
	Aggregate  (cost=4288.34..4288.35 rows=1 width=8)
	  ->  Bitmap Heap Scan on sbtest7  (cost=35.78..4285.57 rows=1107 width=4)
	        Recheck Cond: ((id >= 3999778) AND (id <= 4000777))
	        ->  Bitmap Index Scan on sbtest7_pkey  (cost=0.00..35.51 rows=1107 width=0)
	              Index Cond: ((id >= 3999778) AND (id <= 4000777))

table 8 : explain SELECT SUM(k) FROM sbtest8 WHERE id BETWEEN 3153210 AND 3154209
	Aggregate  (cost=4711.95..4711.96 rows=1 width=8)
	  ->  Bitmap Heap Scan on sbtest8  (cost=36.97..4708.89 rows=1223 width=4)
	        Recheck Cond: ((id >= 3153210) AND (id <= 3154209))
	        ->  Bitmap Index Scan on sbtest8_pkey  (cost=0.00..36.67 rows=1223 width=0)
	              Index Cond: ((id >= 3153210) AND (id <= 3154209))

explain: for point_selects :: explain SELECT c FROM sbtest%u WHERE id=%u
for: simple_ranges
table 1 : explain SELECT c FROM sbtest1 WHERE id BETWEEN 1169998 AND 1170997
	Bitmap Heap Scan on sbtest1  (cost=30.13..3668.69 rows=946 width=121)
	  Recheck Cond: ((id >= 1169998) AND (id <= 1170997))
	  ->  Bitmap Index Scan on sbtest1_pkey  (cost=0.00..29.89 rows=946 width=0)
	        Index Cond: ((id >= 1169998) AND (id <= 1170997))

table 2 : explain SELECT c FROM sbtest2 WHERE id BETWEEN 5851025 AND 5852024
	Bitmap Heap Scan on sbtest2  (cost=25.60..3466.98 rows=894 width=121)
	  Recheck Cond: ((id >= 5851025) AND (id <= 5852024))
	  ->  Bitmap Index Scan on sbtest2_pkey  (cost=0.00..25.37 rows=894 width=0)
	        Index Cond: ((id >= 5851025) AND (id <= 5852024))

table 3 : explain SELECT c FROM sbtest3 WHERE id BETWEEN 8265097 AND 8266096
	Bitmap Heap Scan on sbtest3  (cost=30.55..3828.33 rows=987 width=121)
	  Recheck Cond: ((id >= 8265097) AND (id <= 8266096))
	  ->  Bitmap Index Scan on sbtest3_pkey  (cost=0.00..30.30 rows=987 width=0)
	        Index Cond: ((id >= 8265097) AND (id <= 8266096))

table 4 : explain SELECT c FROM sbtest4 WHERE id BETWEEN 15844 AND 16843
	Bitmap Heap Scan on sbtest4  (cost=30.87..3944.24 rows=1018 width=121)
	  Recheck Cond: ((id >= 15844) AND (id <= 16843))
	  ->  Bitmap Index Scan on sbtest4_pkey  (cost=0.00..30.61 rows=1018 width=0)
	        Index Cond: ((id >= 15844) AND (id <= 16843))

table 5 : explain SELECT c FROM sbtest5 WHERE id BETWEEN 5758447 AND 5759446
	Bitmap Heap Scan on sbtest5  (cost=30.75..3894.39 rows=1006 width=121)
	  Recheck Cond: ((id >= 5758447) AND (id <= 5759446))
	  ->  Bitmap Index Scan on sbtest5_pkey  (cost=0.00..30.50 rows=1006 width=0)
	        Index Cond: ((id >= 5758447) AND (id <= 5759446))

table 6 : explain SELECT c FROM sbtest6 WHERE id BETWEEN 8285341 AND 8286340
	Bitmap Heap Scan on sbtest6  (cost=31.25..4080.67 rows=1055 width=121)
	  Recheck Cond: ((id >= 8285341) AND (id <= 8286340))
	  ->  Bitmap Index Scan on sbtest6_pkey  (cost=0.00..30.98 rows=1055 width=0)
	        Index Cond: ((id >= 8285341) AND (id <= 8286340))

table 7 : explain SELECT c FROM sbtest7 WHERE id BETWEEN 161775 AND 162774
	Bitmap Heap Scan on sbtest7  (cost=30.59..3843.86 rows=991 width=121)
	  Recheck Cond: ((id >= 161775) AND (id <= 162774))
	  ->  Bitmap Index Scan on sbtest7_pkey  (cost=0.00..30.34 rows=991 width=0)
	        Index Cond: ((id >= 161775) AND (id <= 162774))

table 8 : explain SELECT c FROM sbtest8 WHERE id BETWEEN 2386415 AND 2387414
	Bitmap Heap Scan on sbtest8  (cost=30.17..3682.53 rows=950 width=121)
	  Recheck Cond: ((id >= 2386415) AND (id <= 2387414))
	  ->  Bitmap Index Scan on sbtest8_pkey  (cost=0.00..29.93 rows=950 width=0)
	        Index Cond: ((id >= 2386415) AND (id <= 2387414))

for: distinct_ranges
table 1 : explain SELECT DISTINCT c FROM sbtest1 WHERE id BETWEEN 656430 AND 657429 ORDER BY c
	Unique  (cost=4021.85..4026.98 rows=1026 width=121)
	  ->  Sort  (cost=4021.85..4024.42 rows=1026 width=121)
	        Sort Key: c
	        ->  Bitmap Heap Scan on sbtest1  (cost=30.95..3970.54 rows=1026 width=121)
	              Recheck Cond: ((id >= 656430) AND (id <= 657429))
	              ->  Bitmap Index Scan on sbtest1_pkey  (cost=0.00..30.69 rows=1026 width=0)
	                    Index Cond: ((id >= 656430) AND (id <= 657429))

table 2 : explain SELECT DISTINCT c FROM sbtest2 WHERE id BETWEEN 6262933 AND 6263932 ORDER BY c
	Unique  (cost=4051.12..4056.29 rows=1034 width=121)
	  ->  Sort  (cost=4051.12..4053.70 rows=1034 width=121)
	        Sort Key: c
	        ->  Bitmap Heap Scan on sbtest2  (cost=31.03..3999.35 rows=1034 width=121)
	              Recheck Cond: ((id >= 6262933) AND (id <= 6263932))
	              ->  Bitmap Index Scan on sbtest2_pkey  (cost=0.00..30.77 rows=1034 width=0)
	                    Index Cond: ((id >= 6262933) AND (id <= 6263932))

table 3 : explain SELECT DISTINCT c FROM sbtest3 WHERE id BETWEEN 8196918 AND 8197917 ORDER BY c
	Unique  (cost=3877.42..3882.36 rows=987 width=121)
	  ->  Sort  (cost=3877.42..3879.89 rows=987 width=121)
	        Sort Key: c
	        ->  Bitmap Heap Scan on sbtest3  (cost=30.55..3828.33 rows=987 width=121)
	              Recheck Cond: ((id >= 8196918) AND (id <= 8197917))
	              ->  Bitmap Index Scan on sbtest3_pkey  (cost=0.00..30.30 rows=987 width=0)
	                    Index Cond: ((id >= 8196918) AND (id <= 8197917))

table 4 : explain SELECT DISTINCT c FROM sbtest4 WHERE id BETWEEN 2452102 AND 2453101 ORDER BY c
	Unique  (cost=3630.38..3635.00 rows=924 width=121)
	  ->  Sort  (cost=3630.38..3632.69 rows=924 width=121)
	        Sort Key: c
	        ->  Bitmap Heap Scan on sbtest4  (cost=25.91..3584.87 rows=924 width=121)
	              Recheck Cond: ((id >= 2452102) AND (id <= 2453101))
	              ->  Bitmap Index Scan on sbtest4_pkey  (cost=0.00..25.68 rows=924 width=0)
	                    Index Cond: ((id >= 2452102) AND (id <= 2453101))

table 5 : explain SELECT DISTINCT c FROM sbtest5 WHERE id BETWEEN 9535178 AND 9536177 ORDER BY c
	Unique  (cost=4066.95..4072.14 rows=1038 width=121)
	  ->  Sort  (cost=4066.95..4069.54 rows=1038 width=121)
	        Sort Key: c
	        ->  Bitmap Heap Scan on sbtest5  (cost=31.07..4014.95 rows=1038 width=121)
	              Recheck Cond: ((id >= 9535178) AND (id <= 9536177))
	              ->  Bitmap Index Scan on sbtest5_pkey  (cost=0.00..30.82 rows=1038 width=0)
	                    Index Cond: ((id >= 9535178) AND (id <= 9536177))

table 6 : explain SELECT DISTINCT c FROM sbtest6 WHERE id BETWEEN 2779555 AND 2780554 ORDER BY c
	Unique  (cost=3938.51..3943.53 rows=1004 width=121)
	  ->  Sort  (cost=3938.51..3941.02 rows=1004 width=121)
	        Sort Key: c
	        ->  Bitmap Heap Scan on sbtest6  (cost=30.73..3888.46 rows=1004 width=121)
	              Recheck Cond: ((id >= 2779555) AND (id <= 2780554))
	              ->  Bitmap Index Scan on sbtest6_pkey  (cost=0.00..30.47 rows=1004 width=0)
	                    Index Cond: ((id >= 2779555) AND (id <= 2780554))

table 7 : explain SELECT DISTINCT c FROM sbtest7 WHERE id BETWEEN 2969607 AND 2970606 ORDER BY c
	Unique  (cost=3373.90..3378.19 rows=857 width=121)
	  ->  Sort  (cost=3373.90..3376.04 rows=857 width=121)
	        Sort Key: c
	        ->  Bitmap Heap Scan on sbtest7  (cost=25.22..3332.15 rows=857 width=121)
	              Recheck Cond: ((id >= 2969607) AND (id <= 2970606))
	              ->  Bitmap Index Scan on sbtest7_pkey  (cost=0.00..25.00 rows=857 width=0)
	                    Index Cond: ((id >= 2969607) AND (id <= 2970606))

table 8 : explain SELECT DISTINCT c FROM sbtest8 WHERE id BETWEEN 2729806 AND 2730805 ORDER BY c
	Unique  (cost=4016.60..4021.73 rows=1025 width=121)
	  ->  Sort  (cost=4016.60..4019.17 rows=1025 width=121)
	        Sort Key: c
	        ->  Bitmap Heap Scan on sbtest8  (cost=30.94..3965.35 rows=1025 width=121)
	              Recheck Cond: ((id >= 2729806) AND (id <= 2730805))
	              ->  Bitmap Index Scan on sbtest8_pkey  (cost=0.00..30.68 rows=1025 width=0)
	                    Index Cond: ((id >= 2729806) AND (id <= 2730805))

explain: for point_selects :: explain SELECT c FROM sbtest%u WHERE id=%u
explain: for point_selects :: explain SELECT c FROM sbtest%u WHERE id=%u
explain: for point_selects :: explain SELECT c FROM sbtest%u WHERE id=%u
for point_selects
table 1 : explain SELECT c FROM sbtest1 WHERE id=4229040
	Index Scan using sbtest1_pkey on sbtest1  (cost=0.43..8.45 rows=1 width=121)
	  Index Cond: (id = 4229040)

table 2 : explain SELECT c FROM sbtest2 WHERE id=3998085
	Index Scan using sbtest2_pkey on sbtest2  (cost=0.43..8.45 rows=1 width=121)
	  Index Cond: (id = 3998085)

table 3 : explain SELECT c FROM sbtest3 WHERE id=6625650
	Index Scan using sbtest3_pkey on sbtest3  (cost=0.43..8.45 rows=1 width=121)
	  Index Cond: (id = 6625650)

table 4 : explain SELECT c FROM sbtest4 WHERE id=9892313
	Index Scan using sbtest4_pkey on sbtest4  (cost=0.43..8.45 rows=1 width=121)
	  Index Cond: (id = 9892313)

table 5 : explain SELECT c FROM sbtest5 WHERE id=8790841
	Index Scan using sbtest5_pkey on sbtest5  (cost=0.43..8.45 rows=1 width=121)
	  Index Cond: (id = 8790841)

table 6 : explain SELECT c FROM sbtest6 WHERE id=1278356
	Index Scan using sbtest6_pkey on sbtest6  (cost=0.43..8.45 rows=1 width=121)
	  Index Cond: (id = 1278356)

table 7 : explain SELECT c FROM sbtest7 WHERE id=2377921
	Index Scan using sbtest7_pkey on sbtest7  (cost=0.43..8.45 rows=1 width=121)
	  Index Cond: (id = 2377921)

table 8 : explain SELECT c FROM sbtest8 WHERE id=4269644
	Index Scan using sbtest8_pkey on sbtest8  (cost=0.43..8.45 rows=1 width=121)
	  Index Cond: (id = 4269644)

for: order_ranges
table 1 : explain SELECT c FROM sbtest1 WHERE id BETWEEN 1088343 AND 1089342 ORDER BY c
	Sort  (cost=4029.50..4032.07 rows=1028 width=121)
	  Sort Key: c
	  ->  Bitmap Heap Scan on sbtest1  (cost=30.97..3978.07 rows=1028 width=121)
	        Recheck Cond: ((id >= 1088343) AND (id <= 1089342))
	        ->  Bitmap Index Scan on sbtest1_pkey  (cost=0.00..30.71 rows=1028 width=0)
	              Index Cond: ((id >= 1088343) AND (id <= 1089342))

table 2 : explain SELECT c FROM sbtest2 WHERE id BETWEEN 9577816 AND 9578815 ORDER BY c
	Sort  (cost=3871.34..3873.80 rows=987 width=121)
	  Sort Key: c
	  ->  Bitmap Heap Scan on sbtest2  (cost=30.55..3822.25 rows=987 width=121)
	        Recheck Cond: ((id >= 9577816) AND (id <= 9578815))
	        ->  Bitmap Index Scan on sbtest2_pkey  (cost=0.00..30.30 rows=987 width=0)
	              Index Cond: ((id >= 9577816) AND (id <= 9578815))

table 3 : explain SELECT c FROM sbtest3 WHERE id BETWEEN 6977222 AND 6978221 ORDER BY c
	Sort  (cost=4245.26..4247.97 rows=1083 width=121)
	  Sort Key: c
	  ->  Bitmap Heap Scan on sbtest3  (cost=31.54..4190.68 rows=1083 width=121)
	        Recheck Cond: ((id >= 6977222) AND (id <= 6978221))
	        ->  Bitmap Index Scan on sbtest3_pkey  (cost=0.00..31.26 rows=1083 width=0)
	              Index Cond: ((id >= 6977222) AND (id <= 6978221))

table 4 : explain SELECT c FROM sbtest4 WHERE id BETWEEN 1952376 AND 1953375 ORDER BY c
	Sort  (cost=4373.88..4376.68 rows=1117 width=121)
	  Sort Key: c
	  ->  Bitmap Heap Scan on sbtest4  (cost=31.88..4317.33 rows=1117 width=121)
	        Recheck Cond: ((id >= 1952376) AND (id <= 1953375))
	        ->  Bitmap Index Scan on sbtest4_pkey  (cost=0.00..31.61 rows=1117 width=0)
	              Index Cond: ((id >= 1952376) AND (id <= 1953375))

table 5 : explain SELECT c FROM sbtest5 WHERE id BETWEEN 9082038 AND 9083037 ORDER BY c
	Sort  (cost=4124.27..4126.91 rows=1053 width=121)
	  Sort Key: c
	  ->  Bitmap Heap Scan on sbtest5  (cost=31.23..4071.41 rows=1053 width=121)
	        Recheck Cond: ((id >= 9082038) AND (id <= 9083037))
	        ->  Bitmap Index Scan on sbtest5_pkey  (cost=0.00..30.96 rows=1053 width=0)
	              Index Cond: ((id >= 9082038) AND (id <= 9083037))

table 6 : explain SELECT c FROM sbtest6 WHERE id BETWEEN 6384771 AND 6385770 ORDER BY c
	Sort  (cost=3919.37..3921.86 rows=999 width=121)
	  Sort Key: c
	  ->  Bitmap Heap Scan on sbtest6  (cost=30.67..3869.59 rows=999 width=121)
	        Recheck Cond: ((id >= 6384771) AND (id <= 6385770))
	        ->  Bitmap Index Scan on sbtest6_pkey  (cost=0.00..30.43 rows=999 width=0)
	              Index Cond: ((id >= 6384771) AND (id <= 6385770))

table 7 : explain SELECT c FROM sbtest7 WHERE id BETWEEN 9411806 AND 9412805 ORDER BY c
	Sort  (cost=3681.94..3684.28 rows=936 width=121)
	  Sort Key: c
	  ->  Bitmap Heap Scan on sbtest7  (cost=30.03..3635.75 rows=936 width=121)
	        Recheck Cond: ((id >= 9411806) AND (id <= 9412805))
	        ->  Bitmap Index Scan on sbtest7_pkey  (cost=0.00..29.79 rows=936 width=0)
	              Index Cond: ((id >= 9411806) AND (id <= 9412805))

table 8 : explain SELECT c FROM sbtest8 WHERE id BETWEEN 2318648 AND 2319647 ORDER BY c
	Sort  (cost=3729.52..3731.90 rows=950 width=121)
	  Sort Key: c
	  ->  Bitmap Heap Scan on sbtest8  (cost=30.17..3682.53 rows=950 width=121)
	        Recheck Cond: ((id >= 2318648) AND (id <= 2319647))
	        ->  Bitmap Index Scan on sbtest8_pkey  (cost=0.00..29.93 rows=950 width=0)
	              Index Cond: ((id >= 2318648) AND (id <= 2319647))

for point_selects
table 1 : explain SELECT c FROM sbtest1 WHERE id=5662667
	Index Scan using sbtest1_pkey on sbtest1  (cost=0.43..8.45 rows=1 width=121)
	  Index Cond: (id = 5662667)

table 2 : explain SELECT c FROM sbtest2 WHERE id=2354395
	Index Scan using sbtest2_pkey on sbtest2  (cost=0.43..8.45 rows=1 width=121)
	  Index Cond: (id = 2354395)

table 3 : explain SELECT c FROM sbtest3 WHERE id=1626769
	Index Scan using sbtest3_pkey on sbtest3  (cost=0.43..8.45 rows=1 width=121)
	  Index Cond: (id = 1626769)

table 4 : explain SELECT c FROM sbtest4 WHERE id=6143108
	Index Scan using sbtest4_pkey on sbtest4  (cost=0.43..8.45 rows=1 width=121)
	  Index Cond: (id = 6143108)

table 5 : explain SELECT c FROM sbtest5 WHERE id=2588564
	Index Scan using sbtest5_pkey on sbtest5  (cost=0.43..8.45 rows=1 width=121)
	  Index Cond: (id = 2588564)

table 6 : explain SELECT c FROM sbtest6 WHERE id=6357970
	Index Scan using sbtest6_pkey on sbtest6  (cost=0.43..8.45 rows=1 width=121)
	  Index Cond: (id = 6357970)

table 7 : explain SELECT c FROM sbtest7 WHERE id=6363878
	Index Scan using sbtest7_pkey on sbtest7  (cost=0.43..8.45 rows=1 width=121)
	  Index Cond: (id = 6363878)

table 8 : explain SELECT c FROM sbtest8 WHERE id=8035579
	Index Scan using sbtest8_pkey on sbtest8  (cost=0.43..8.45 rows=1 width=121)
	  Index Cond: (id = 8035579)

for point_selects
table 1 : explain SELECT c FROM sbtest1 WHERE id=8520491
	Index Scan using sbtest1_pkey on sbtest1  (cost=0.43..8.45 rows=1 width=121)
	  Index Cond: (id = 8520491)

table 2 : explain SELECT c FROM sbtest2 WHERE id=9625532
	Index Scan using sbtest2_pkey on sbtest2  (cost=0.43..8.45 rows=1 width=121)
	  Index Cond: (id = 9625532)

table 3 : explain SELECT c FROM sbtest3 WHERE id=1715007
	Index Scan using sbtest3_pkey on sbtest3  (cost=0.43..8.45 rows=1 width=121)
	  Index Cond: (id = 1715007)

table 4 : explain SELECT c FROM sbtest4 WHERE id=3359212
	Index Scan using sbtest4_pkey on sbtest4  (cost=0.43..8.45 rows=1 width=121)
	  Index Cond: (id = 3359212)

table 5 : explain SELECT c FROM sbtest5 WHERE id=7498814
	Index Scan using sbtest5_pkey on sbtest5  (cost=0.43..8.45 rows=1 width=121)
	  Index Cond: (id = 7498814)

table 6 : explain SELECT c FROM sbtest6 WHERE id=76364
	Index Scan using sbtest6_pkey on sbtest6  (cost=0.43..8.45 rows=1 width=121)
	  Index Cond: (id = 76364)

table 7 : explain SELECT c FROM sbtest7 WHERE id=402089
	Index Scan using sbtest7_pkey on sbtest7  (cost=0.43..8.45 rows=1 width=121)
	  Index Cond: (id = 402089)

table 8 : explain SELECT c FROM sbtest8 WHERE id=6586315
	Index Scan using sbtest8_pkey on sbtest8  (cost=0.43..8.45 rows=1 width=121)
	  Index Cond: (id = 6586315)

for: sum_ranges
table 1 : explain SELECT SUM(k) FROM sbtest1 WHERE id BETWEEN 3276987 AND 3277986
	Aggregate  (cost=3731.53..3731.54 rows=1 width=8)
	  ->  Bitmap Heap Scan on sbtest1  (cost=30.30..3729.13 rows=962 width=4)
	        Recheck Cond: ((id >= 3276987) AND (id <= 3277986))
	        ->  Bitmap Index Scan on sbtest1_pkey  (cost=0.00..30.05 rows=962 width=0)
	              Index Cond: ((id >= 3276987) AND (id <= 3277986))

table 2 : explain SELECT SUM(k) FROM sbtest2 WHERE id BETWEEN 6671798 AND 6672797
	Aggregate  (cost=3696.34..3696.35 rows=1 width=8)
	  ->  Bitmap Heap Scan on sbtest2  (cost=30.20..3693.96 rows=953 width=4)
	        Recheck Cond: ((id >= 6671798) AND (id <= 6672797))
	        ->  Bitmap Index Scan on sbtest2_pkey  (cost=0.00..29.96 rows=953 width=0)
	              Index Cond: ((id >= 6671798) AND (id <= 6672797))

table 3 : explain SELECT SUM(k) FROM sbtest3 WHERE id BETWEEN 7017783 AND 7018782
	Aggregate  (cost=3656.66..3656.67 rows=1 width=8)
	  ->  Bitmap Heap Scan on sbtest3  (cost=30.08..3654.31 rows=941 width=4)
	        Recheck Cond: ((id >= 7017783) AND (id <= 7018782))
	        ->  Bitmap Index Scan on sbtest3_pkey  (cost=0.00..29.84 rows=941 width=0)
	              Index Cond: ((id >= 7017783) AND (id <= 7018782))

table 4 : explain SELECT SUM(k) FROM sbtest4 WHERE id BETWEEN 8341483 AND 8342482
	Aggregate  (cost=3776.68..3776.69 rows=1 width=8)
	  ->  Bitmap Heap Scan on sbtest4  (cost=30.41..3774.25 rows=973 width=4)
	        Recheck Cond: ((id >= 8341483) AND (id <= 8342482))
	        ->  Bitmap Index Scan on sbtest4_pkey  (cost=0.00..30.16 rows=973 width=0)
	              Index Cond: ((id >= 8341483) AND (id <= 8342482))

table 5 : explain SELECT SUM(k) FROM sbtest5 WHERE id BETWEEN 223388 AND 224387
	Aggregate  (cost=3930.85..3930.86 rows=1 width=8)
	  ->  Bitmap Heap Scan on sbtest5  (cost=30.84..3928.31 rows=1015 width=4)
	        Recheck Cond: ((id >= 223388) AND (id <= 224387))
	        ->  Bitmap Index Scan on sbtest5_pkey  (cost=0.00..30.58 rows=1015 width=0)
	              Index Cond: ((id >= 223388) AND (id <= 224387))

table 6 : explain SELECT SUM(k) FROM sbtest6 WHERE id BETWEEN 5779331 AND 5780330
	Aggregate  (cost=3811.67..3811.68 rows=1 width=8)
	  ->  Bitmap Heap Scan on sbtest6  (cost=30.51..3809.22 rows=983 width=4)
	        Recheck Cond: ((id >= 5779331) AND (id <= 5780330))
	        ->  Bitmap Index Scan on sbtest6_pkey  (cost=0.00..30.26 rows=983 width=0)
	              Index Cond: ((id >= 5779331) AND (id <= 5780330))

table 7 : explain SELECT SUM(k) FROM sbtest7 WHERE id BETWEEN 4603261 AND 4604260
	Aggregate  (cost=3952.21..3952.22 rows=1 width=8)
	  ->  Bitmap Heap Scan on sbtest7  (cost=30.88..3949.67 rows=1019 width=4)
	        Recheck Cond: ((id >= 4603261) AND (id <= 4604260))
	        ->  Bitmap Index Scan on sbtest7_pkey  (cost=0.00..30.62 rows=1019 width=0)
	              Index Cond: ((id >= 4603261) AND (id <= 4604260))

table 8 : explain SELECT SUM(k) FROM sbtest8 WHERE id BETWEEN 2506714 AND 2507713
	Aggregate  (cost=3510.76..3510.77 rows=1 width=8)
	  ->  Bitmap Heap Scan on sbtest8  (cost=25.71..3508.49 rows=905 width=4)
	        Recheck Cond: ((id >= 2506714) AND (id <= 2507713))
	        ->  Bitmap Index Scan on sbtest8_pkey  (cost=0.00..25.48 rows=905 width=0)
	              Index Cond: ((id >= 2506714) AND (id <= 2507713))

for: simple_ranges
table 1 : explain SELECT c FROM sbtest1 WHERE id BETWEEN 2824874 AND 2825873
	Bitmap Heap Scan on sbtest1  (cost=31.61..4211.43 rows=1090 width=121)
	  Recheck Cond: ((id >= 2824874) AND (id <= 2825873))
	  ->  Bitmap Index Scan on sbtest1_pkey  (cost=0.00..31.33 rows=1090 width=0)
	        Index Cond: ((id >= 2824874) AND (id <= 2825873))

table 2 : explain SELECT c FROM sbtest2 WHERE id BETWEEN 9028296 AND 9029295
	Bitmap Heap Scan on sbtest2  (cost=30.54..3818.48 rows=986 width=121)
	  Recheck Cond: ((id >= 9028296) AND (id <= 9029295))
	  ->  Bitmap Index Scan on sbtest2_pkey  (cost=0.00..30.29 rows=986 width=0)
	        Index Cond: ((id >= 9028296) AND (id <= 9029295))

table 3 : explain SELECT c FROM sbtest3 WHERE id BETWEEN 278755 AND 279754
	Bitmap Heap Scan on sbtest3  (cost=30.43..3782.96 rows=975 width=121)
	  Recheck Cond: ((id >= 278755) AND (id <= 279754))
	  ->  Bitmap Index Scan on sbtest3_pkey  (cost=0.00..30.18 rows=975 width=0)
	        Index Cond: ((id >= 278755) AND (id <= 279754))

table 4 : explain SELECT c FROM sbtest4 WHERE id BETWEEN 7404137 AND 7405136
	Bitmap Heap Scan on sbtest4  (cost=30.19..3694.84 rows=952 width=121)
	  Recheck Cond: ((id >= 7404137) AND (id <= 7405136))
	  ->  Bitmap Index Scan on sbtest4_pkey  (cost=0.00..29.95 rows=952 width=0)
	        Index Cond: ((id >= 7404137) AND (id <= 7405136))

table 5 : explain SELECT c FROM sbtest5 WHERE id BETWEEN 5351023 AND 5352022
	Bitmap Heap Scan on sbtest5  (cost=31.78..4274.46 rows=1107 width=121)
	  Recheck Cond: ((id >= 5351023) AND (id <= 5352022))
	  ->  Bitmap Index Scan on sbtest5_pkey  (cost=0.00..31.50 rows=1107 width=0)
	        Index Cond: ((id >= 5351023) AND (id <= 5352022))

table 6 : explain SELECT c FROM sbtest6 WHERE id BETWEEN 1151430 AND 1152429
	Bitmap Heap Scan on sbtest6  (cost=30.51..3809.22 rows=983 width=121)
	  Recheck Cond: ((id >= 1151430) AND (id <= 1152429))
	  ->  Bitmap Index Scan on sbtest6_pkey  (cost=0.00..30.26 rows=983 width=0)
	        Index Cond: ((id >= 1151430) AND (id <= 1152429))

table 7 : explain SELECT c FROM sbtest7 WHERE id BETWEEN 1683164 AND 1684163
	Bitmap Heap Scan on sbtest7  (cost=30.61..3851.42 rows=993 width=121)
	  Recheck Cond: ((id >= 1683164) AND (id <= 1684163))
	  ->  Bitmap Index Scan on sbtest7_pkey  (cost=0.00..30.36 rows=993 width=0)
	        Index Cond: ((id >= 1683164) AND (id <= 1684163))

table 8 : explain SELECT c FROM sbtest8 WHERE id BETWEEN 199938 AND 200937
	Bitmap Heap Scan on sbtest8  (cost=30.76..3897.54 rows=1007 width=121)
	  Recheck Cond: ((id >= 199938) AND (id <= 200937))
	  ->  Bitmap Index Scan on sbtest8_pkey  (cost=0.00..30.50 rows=1007 width=0)
	        Index Cond: ((id >= 199938) AND (id <= 200937))

for point_selects
table 1 : explain SELECT c FROM sbtest1 WHERE id=9630492
	Index Scan using sbtest1_pkey on sbtest1  (cost=0.43..8.45 rows=1 width=121)
	  Index Cond: (id = 9630492)

table 2 : explain SELECT c FROM sbtest2 WHERE id=5115238
	Index Scan using sbtest2_pkey on sbtest2  (cost=0.43..8.45 rows=1 width=121)
	  Index Cond: (id = 5115238)

table 3 : explain SELECT c FROM sbtest3 WHERE id=7998762
	Index Scan using sbtest3_pkey on sbtest3  (cost=0.43..8.45 rows=1 width=121)
	  Index Cond: (id = 7998762)

table 4 : explain SELECT c FROM sbtest4 WHERE id=5149107
	Index Scan using sbtest4_pkey on sbtest4  (cost=0.43..8.45 rows=1 width=121)
	  Index Cond: (id = 5149107)

table 5 : explain SELECT c FROM sbtest5 WHERE id=9153209
	Index Scan using sbtest5_pkey on sbtest5  (cost=0.43..8.45 rows=1 width=121)
	  Index Cond: (id = 9153209)

table 6 : explain SELECT c FROM sbtest6 WHERE id=6329398
	Index Scan using sbtest6_pkey on sbtest6  (cost=0.43..8.45 rows=1 width=121)
	  Index Cond: (id = 6329398)

table 7 : explain SELECT c FROM sbtest7 WHERE id=1059582
	Index Scan using sbtest7_pkey on sbtest7  (cost=0.43..8.45 rows=1 width=121)
	  Index Cond: (id = 1059582)

table 8 : explain SELECT c FROM sbtest8 WHERE id=5645578
	Index Scan using sbtest8_pkey on sbtest8  (cost=0.43..8.45 rows=1 width=121)
	  Index Cond: (id = 5645578)

for: distinct_ranges
table 1 : explain SELECT DISTINCT c FROM sbtest1 WHERE id BETWEEN 7092920 AND 7093919 ORDER BY c
	Unique  (cost=4251.15..4256.58 rows=1086 width=121)
	  ->  Sort  (cost=4251.15..4253.87 rows=1086 width=121)
	        Sort Key: c
	        ->  Bitmap Heap Scan on sbtest1  (cost=31.57..4196.39 rows=1086 width=121)
	              Recheck Cond: ((id >= 7092920) AND (id <= 7093919))
	              ->  Bitmap Index Scan on sbtest1_pkey  (cost=0.00..31.29 rows=1086 width=0)
	                    Index Cond: ((id >= 7092920) AND (id <= 7093919))

table 2 : explain SELECT DISTINCT c FROM sbtest2 WHERE id BETWEEN 4388547 AND 4389546 ORDER BY c
	Unique  (cost=3856.02..3860.94 rows=983 width=121)
	  ->  Sort  (cost=3856.02..3858.48 rows=983 width=121)
	        Sort Key: c
	        ->  Bitmap Heap Scan on sbtest2  (cost=30.51..3807.16 rows=983 width=121)
	              Recheck Cond: ((id >= 4388547) AND (id <= 4389546))
	              ->  Bitmap Index Scan on sbtest2_pkey  (cost=0.00..30.26 rows=983 width=0)
	                    Index Cond: ((id >= 4388547) AND (id <= 4389546))

table 3 : explain SELECT DISTINCT c FROM sbtest3 WHERE id BETWEEN 6919095 AND 6920094 ORDER BY c
	Unique  (cost=4245.26..4250.68 rows=1083 width=121)
	  ->  Sort  (cost=4245.26..4247.97 rows=1083 width=121)
	        Sort Key: c
	        ->  Bitmap Heap Scan on sbtest3  (cost=31.54..4190.68 rows=1083 width=121)
	              Recheck Cond: ((id >= 6919095) AND (id <= 6920094))
	              ->  Bitmap Index Scan on sbtest3_pkey  (cost=0.00..31.26 rows=1083 width=0)
	                    Index Cond: ((id >= 6919095) AND (id <= 6920094))

table 4 : explain SELECT DISTINCT c FROM sbtest4 WHERE id BETWEEN 2681117 AND 2682116 ORDER BY c
	Unique  (cost=3968.27..3973.32 rows=1011 width=121)
	  ->  Sort  (cost=3968.27..3970.79 rows=1011 width=121)
	        Sort Key: c
	        ->  Bitmap Heap Scan on sbtest4  (cost=30.80..3917.81 rows=1011 width=121)
	              Recheck Cond: ((id >= 2681117) AND (id <= 2682116))
	              ->  Bitmap Index Scan on sbtest4_pkey  (cost=0.00..30.54 rows=1011 width=0)
	                    Index Cond: ((id >= 2681117) AND (id <= 2682116))

table 5 : explain SELECT DISTINCT c FROM sbtest5 WHERE id BETWEEN 2473871 AND 2474870 ORDER BY c
	Unique  (cost=3706.92..3711.65 rows=945 width=121)
	  ->  Sort  (cost=3706.92..3709.29 rows=945 width=121)
	        Sort Key: c
	        ->  Bitmap Heap Scan on sbtest5  (cost=26.12..3660.22 rows=945 width=121)
	              Recheck Cond: ((id >= 2473871) AND (id <= 2474870))
	              ->  Bitmap Index Scan on sbtest5_pkey  (cost=0.00..25.89 rows=945 width=0)
	                    Index Cond: ((id >= 2473871) AND (id <= 2474870))

table 6 : explain SELECT DISTINCT c FROM sbtest6 WHERE id BETWEEN 5623100 AND 5624099 ORDER BY c
	Unique  (cost=3731.57..3736.32 rows=950 width=121)
	  ->  Sort  (cost=3731.57..3733.94 rows=950 width=121)
	        Sort Key: c
	        ->  Bitmap Heap Scan on sbtest6  (cost=30.17..3684.58 rows=950 width=121)
	              Recheck Cond: ((id >= 5623100) AND (id <= 5624099))
	              ->  Bitmap Index Scan on sbtest6_pkey  (cost=0.00..29.93 rows=950 width=0)
	                    Index Cond: ((id >= 5623100) AND (id <= 5624099))

table 7 : explain SELECT DISTINCT c FROM sbtest7 WHERE id BETWEEN 1189620 AND 1190619 ORDER BY c
	Unique  (cost=3808.73..3813.57 rows=969 width=121)
	  ->  Sort  (cost=3808.73..3811.15 rows=969 width=121)
	        Sort Key: c
	        ->  Bitmap Heap Scan on sbtest7  (cost=30.37..3760.66 rows=969 width=121)
	              Recheck Cond: ((id >= 1189620) AND (id <= 1190619))
	              ->  Bitmap Index Scan on sbtest7_pkey  (cost=0.00..30.12 rows=969 width=0)
	                    Index Cond: ((id >= 1189620) AND (id <= 1190619))

table 8 : explain SELECT DISTINCT c FROM sbtest8 WHERE id BETWEEN 9333943 AND 9334942 ORDER BY c
	Unique  (cost=3575.96..3580.52 rows=911 width=121)
	  ->  Sort  (cost=3575.96..3578.24 rows=911 width=121)
	        Sort Key: c
	        ->  Bitmap Heap Scan on sbtest8  (cost=25.77..3531.18 rows=911 width=121)
	              Recheck Cond: ((id >= 9333943) AND (id <= 9334942))
	              ->  Bitmap Index Scan on sbtest8_pkey  (cost=0.00..25.54 rows=911 width=0)
	                    Index Cond: ((id >= 9333943) AND (id <= 9334942))

for: simple_ranges
table 1 : explain SELECT c FROM sbtest1 WHERE id BETWEEN 6168187 AND 6169186
	Bitmap Heap Scan on sbtest1  (cost=30.03..3630.90 rows=936 width=121)
	  Recheck Cond: ((id >= 6168187) AND (id <= 6169186))
	  ->  Bitmap Index Scan on sbtest1_pkey  (cost=0.00..29.79 rows=936 width=0)
	        Index Cond: ((id >= 6168187) AND (id <= 6169186))

table 2 : explain SELECT c FROM sbtest2 WHERE id BETWEEN 9981062 AND 9982061
	Bitmap Heap Scan on sbtest2  (cost=30.73..3886.34 rows=1004 width=121)
	  Recheck Cond: ((id >= 9981062) AND (id <= 9982061))
	  ->  Bitmap Index Scan on sbtest2_pkey  (cost=0.00..30.47 rows=1004 width=0)
	        Index Cond: ((id >= 9981062) AND (id <= 9982061))

table 3 : explain SELECT c FROM sbtest3 WHERE id BETWEEN 8833577 AND 8834576
	Bitmap Heap Scan on sbtest3  (cost=35.70..4254.96 rows=1099 width=121)
	  Recheck Cond: ((id >= 8833577) AND (id <= 8834576))
	  ->  Bitmap Index Scan on sbtest3_pkey  (cost=0.00..35.43 rows=1099 width=0)
	        Index Cond: ((id >= 8833577) AND (id <= 8834576))

table 4 : explain SELECT c FROM sbtest4 WHERE id BETWEEN 975989 AND 976988
	Bitmap Heap Scan on sbtest4  (cost=30.36..3755.35 rows=968 width=121)
	  Recheck Cond: ((id >= 975989) AND (id <= 976988))
	  ->  Bitmap Index Scan on sbtest4_pkey  (cost=0.00..30.11 rows=968 width=0)
	        Index Cond: ((id >= 975989) AND (id <= 976988))

table 5 : explain SELECT c FROM sbtest5 WHERE id BETWEEN 5391103 AND 5392102
	Bitmap Heap Scan on sbtest5  (cost=31.78..4274.46 rows=1107 width=121)
	  Recheck Cond: ((id >= 5391103) AND (id <= 5392102))
	  ->  Bitmap Index Scan on sbtest5_pkey  (cost=0.00..31.50 rows=1107 width=0)
	        Index Cond: ((id >= 5391103) AND (id <= 5392102))

table 6 : explain SELECT c FROM sbtest6 WHERE id BETWEEN 5202603 AND 5203602
	Bitmap Heap Scan on sbtest6  (cost=30.41..3771.46 rows=973 width=121)
	  Recheck Cond: ((id >= 5202603) AND (id <= 5203602))
	  ->  Bitmap Index Scan on sbtest6_pkey  (cost=0.00..30.16 rows=973 width=0)
	        Index Cond: ((id >= 5202603) AND (id <= 5203602))

table 7 : explain SELECT c FROM sbtest7 WHERE id BETWEEN 2770029 AND 2771028
	Bitmap Heap Scan on sbtest7  (cost=30.13..3673.62 rows=946 width=121)
	  Recheck Cond: ((id >= 2770029) AND (id <= 2771028))
	  ->  Bitmap Index Scan on sbtest7_pkey  (cost=0.00..29.89 rows=946 width=0)
	        Index Cond: ((id >= 2770029) AND (id <= 2771028))

table 8 : explain SELECT c FROM sbtest8 WHERE id BETWEEN 8677946 AND 8678945
	Bitmap Heap Scan on sbtest8  (cost=30.19..3690.09 rows=952 width=121)
	  Recheck Cond: ((id >= 8677946) AND (id <= 8678945))
	  ->  Bitmap Index Scan on sbtest8_pkey  (cost=0.00..29.95 rows=952 width=0)
	        Index Cond: ((id >= 8677946) AND (id <= 8678945))

for: simple_ranges
table 1 : explain SELECT c FROM sbtest1 WHERE id BETWEEN 1143270 AND 1144269
	Bitmap Heap Scan on sbtest1  (cost=30.13..3668.69 rows=946 width=121)
	  Recheck Cond: ((id >= 1143270) AND (id <= 1144269))
	  ->  Bitmap Index Scan on sbtest1_pkey  (cost=0.00..29.89 rows=946 width=0)
	        Index Cond: ((id >= 1143270) AND (id <= 1144269))

table 2 : explain SELECT c FROM sbtest2 WHERE id BETWEEN 7958835 AND 7959834
	Bitmap Heap Scan on sbtest2  (cost=31.11..4025.70 rows=1041 width=121)
	  Recheck Cond: ((id >= 7958835) AND (id <= 7959834))
	  ->  Bitmap Index Scan on sbtest2_pkey  (cost=0.00..30.84 rows=1041 width=0)
	        Index Cond: ((id >= 7958835) AND (id <= 7959834))

table 3 : explain SELECT c FROM sbtest3 WHERE id BETWEEN 4926390 AND 4927389
	Bitmap Heap Scan on sbtest3  (cost=30.98..3987.00 rows=1029 width=121)
	  Recheck Cond: ((id >= 4926390) AND (id <= 4927389))
	  ->  Bitmap Index Scan on sbtest3_pkey  (cost=0.00..30.72 rows=1029 width=0)
	        Index Cond: ((id >= 4926390) AND (id <= 4927389))

table 4 : explain SELECT c FROM sbtest4 WHERE id BETWEEN 8579706 AND 8580705
	Bitmap Heap Scan on sbtest4  (cost=30.77..3906.48 rows=1008 width=121)
	  Recheck Cond: ((id >= 8579706) AND (id <= 8580705))
	  ->  Bitmap Index Scan on sbtest4_pkey  (cost=0.00..30.51 rows=1008 width=0)
	        Index Cond: ((id >= 8579706) AND (id <= 8580705))

table 5 : explain SELECT c FROM sbtest5 WHERE id BETWEEN 5252792 AND 5253791
	Bitmap Heap Scan on sbtest5  (cost=30.36..3751.06 rows=968 width=121)
	  Recheck Cond: ((id >= 5252792) AND (id <= 5253791))
	  ->  Bitmap Index Scan on sbtest5_pkey  (cost=0.00..30.11 rows=968 width=0)
	        Index Cond: ((id >= 5252792) AND (id <= 5253791))

table 6 : explain SELECT c FROM sbtest6 WHERE id BETWEEN 1766440 AND 1767439
	Bitmap Heap Scan on sbtest6  (cost=30.18..3688.36 rows=951 width=121)
	  Recheck Cond: ((id >= 1766440) AND (id <= 1767439))
	  ->  Bitmap Index Scan on sbtest6_pkey  (cost=0.00..29.94 rows=951 width=0)
	        Index Cond: ((id >= 1766440) AND (id <= 1767439))

table 7 : explain SELECT c FROM sbtest7 WHERE id BETWEEN 6018741 AND 6019740
	Bitmap Heap Scan on sbtest7  (cost=30.44..3787.14 rows=976 width=121)
	  Recheck Cond: ((id >= 6018741) AND (id <= 6019740))
	  ->  Bitmap Index Scan on sbtest7_pkey  (cost=0.00..30.19 rows=976 width=0)
	        Index Cond: ((id >= 6018741) AND (id <= 6019740))

table 8 : explain SELECT c FROM sbtest8 WHERE id BETWEEN 3039530 AND 3040529
	Bitmap Heap Scan on sbtest8  (cost=31.18..4051.93 rows=1048 width=121)
	  Recheck Cond: ((id >= 3039530) AND (id <= 3040529))
	  ->  Bitmap Index Scan on sbtest8_pkey  (cost=0.00..30.91 rows=1048 width=0)
	        Index Cond: ((id >= 3039530) AND (id <= 3040529))

explain: for point_selects :: explain SELECT c FROM sbtest%u WHERE id=%u
for point_selects
table 1 : explain SELECT c FROM sbtest1 WHERE id=6702216
	Index Scan using sbtest1_pkey on sbtest1  (cost=0.43..8.45 rows=1 width=121)
	  Index Cond: (id = 6702216)

table 2 : explain SELECT c FROM sbtest2 WHERE id=7315511
	Index Scan using sbtest2_pkey on sbtest2  (cost=0.43..8.45 rows=1 width=121)
	  Index Cond: (id = 7315511)

table 3 : explain SELECT c FROM sbtest3 WHERE id=6733429
	Index Scan using sbtest3_pkey on sbtest3  (cost=0.43..8.45 rows=1 width=121)
	  Index Cond: (id = 6733429)

table 4 : explain SELECT c FROM sbtest4 WHERE id=2776173
	Index Scan using sbtest4_pkey on sbtest4  (cost=0.43..8.45 rows=1 width=121)
	  Index Cond: (id = 2776173)

table 5 : explain SELECT c FROM sbtest5 WHERE id=7868604
	Index Scan using sbtest5_pkey on sbtest5  (cost=0.43..8.45 rows=1 width=121)
	  Index Cond: (id = 7868604)

table 6 : explain SELECT c FROM sbtest6 WHERE id=293459
	Index Scan using sbtest6_pkey on sbtest6  (cost=0.43..8.45 rows=1 width=121)
	  Index Cond: (id = 293459)

table 7 : explain SELECT c FROM sbtest7 WHERE id=1526963
	Index Scan using sbtest7_pkey on sbtest7  (cost=0.43..8.45 rows=1 width=121)
	  Index Cond: (id = 1526963)

table 8 : explain SELECT c FROM sbtest8 WHERE id=2427870
	Index Scan using sbtest8_pkey on sbtest8  (cost=0.43..8.45 rows=1 width=121)
	  Index Cond: (id = 2427870)

for point_selects
table 1 : explain SELECT c FROM sbtest1 WHERE id=6328084
	Index Scan using sbtest1_pkey on sbtest1  (cost=0.43..8.45 rows=1 width=121)
	  Index Cond: (id = 6328084)

table 2 : explain SELECT c FROM sbtest2 WHERE id=7470332
	Index Scan using sbtest2_pkey on sbtest2  (cost=0.43..8.45 rows=1 width=121)
	  Index Cond: (id = 7470332)

table 3 : explain SELECT c FROM sbtest3 WHERE id=2704561
	Index Scan using sbtest3_pkey on sbtest3  (cost=0.43..8.45 rows=1 width=121)
	  Index Cond: (id = 2704561)

table 4 : explain SELECT c FROM sbtest4 WHERE id=8571288
	Index Scan using sbtest4_pkey on sbtest4  (cost=0.43..8.45 rows=1 width=121)
	  Index Cond: (id = 8571288)

table 5 : explain SELECT c FROM sbtest5 WHERE id=3298697
	Index Scan using sbtest5_pkey on sbtest5  (cost=0.43..8.45 rows=1 width=121)
	  Index Cond: (id = 3298697)

table 6 : explain SELECT c FROM sbtest6 WHERE id=565668
	Index Scan using sbtest6_pkey on sbtest6  (cost=0.43..8.45 rows=1 width=121)
	  Index Cond: (id = 565668)

table 7 : explain SELECT c FROM sbtest7 WHERE id=230801
	Index Scan using sbtest7_pkey on sbtest7  (cost=0.43..8.45 rows=1 width=121)
	  Index Cond: (id = 230801)

table 8 : explain SELECT c FROM sbtest8 WHERE id=959291
	Index Scan using sbtest8_pkey on sbtest8  (cost=0.43..8.45 rows=1 width=121)
	  Index Cond: (id = 959291)

explain: for point_selects :: explain SELECT c FROM sbtest%u WHERE id=%u
for: order_ranges
table 1 : explain SELECT c FROM sbtest1 WHERE id BETWEEN 9930966 AND 9931965 ORDER BY c
	Sort  (cost=3964.46..3966.99 rows=1011 width=121)
	  Sort Key: c
	  ->  Bitmap Heap Scan on sbtest1  (cost=30.80..3914.00 rows=1011 width=121)
	        Recheck Cond: ((id >= 9930966) AND (id <= 9931965))
	        ->  Bitmap Index Scan on sbtest1_pkey  (cost=0.00..30.54 rows=1011 width=0)
	              Index Cond: ((id >= 9930966) AND (id <= 9931965))

table 2 : explain SELECT c FROM sbtest2 WHERE id BETWEEN 43470 AND 44469 ORDER BY c
	Sort  (cost=4081.69..4084.30 rows=1042 width=121)
	  Sort Key: c
	  ->  Bitmap Heap Scan on sbtest2  (cost=31.12..4029.46 rows=1042 width=121)
	        Recheck Cond: ((id >= 43470) AND (id <= 44469))
	        ->  Bitmap Index Scan on sbtest2_pkey  (cost=0.00..30.86 rows=1042 width=0)
	              Index Cond: ((id >= 43470) AND (id <= 44469))

table 3 : explain SELECT c FROM sbtest3 WHERE id BETWEEN 1253774 AND 1254773 ORDER BY c
	Sort  (cost=3934.97..3937.47 rows=1002 width=121)
	  Sort Key: c
	  ->  Bitmap Heap Scan on sbtest3  (cost=30.71..3885.02 rows=1002 width=121)
	        Recheck Cond: ((id >= 1253774) AND (id <= 1254773))
	        ->  Bitmap Index Scan on sbtest3_pkey  (cost=0.00..30.45 rows=1002 width=0)
	              Index Cond: ((id >= 1253774) AND (id <= 1254773))

table 4 : explain SELECT c FROM sbtest4 WHERE id BETWEEN 6882859 AND 6883858 ORDER BY c
	Sort  (cost=3699.69..3702.05 rows=941 width=121)
	  Sort Key: c
	  ->  Bitmap Heap Scan on sbtest4  (cost=30.08..3653.22 rows=941 width=121)
	        Recheck Cond: ((id >= 6882859) AND (id <= 6883858))
	        ->  Bitmap Index Scan on sbtest4_pkey  (cost=0.00..29.84 rows=941 width=0)
	              Index Cond: ((id >= 6882859) AND (id <= 6883858))

table 5 : explain SELECT c FROM sbtest5 WHERE id BETWEEN 5622589 AND 5623588 ORDER BY c
	Sort  (cost=3933.08..3935.59 rows=1003 width=121)
	  Sort Key: c
	  ->  Bitmap Heap Scan on sbtest5  (cost=30.72..3883.08 rows=1003 width=121)
	        Recheck Cond: ((id >= 5622589) AND (id <= 5623588))
	        ->  Bitmap Index Scan on sbtest5_pkey  (cost=0.00..30.46 rows=1003 width=0)
	              Index Cond: ((id >= 5622589) AND (id <= 5623588))

table 6 : explain SELECT c FROM sbtest6 WHERE id BETWEEN 8838072 AND 8839071 ORDER BY c
	Sort  (cost=3566.36..3568.63 rows=908 width=121)
	  Sort Key: c
	  ->  Bitmap Heap Scan on sbtest6  (cost=25.74..3521.75 rows=908 width=121)
	        Recheck Cond: ((id >= 8838072) AND (id <= 8839071))
	        ->  Bitmap Index Scan on sbtest6_pkey  (cost=0.00..25.51 rows=908 width=0)
	              Index Cond: ((id >= 8838072) AND (id <= 8839071))

table 7 : explain SELECT c FROM sbtest7 WHERE id BETWEEN 7104469 AND 7105468 ORDER BY c
	Sort  (cost=4073.41..4076.00 rows=1038 width=121)
	  Sort Key: c
	  ->  Bitmap Heap Scan on sbtest7  (cost=31.07..4021.41 rows=1038 width=121)
	        Recheck Cond: ((id >= 7104469) AND (id <= 7105468))
	        ->  Bitmap Index Scan on sbtest7_pkey  (cost=0.00..30.82 rows=1038 width=0)
	              Index Cond: ((id >= 7104469) AND (id <= 7105468))

table 8 : explain SELECT c FROM sbtest8 WHERE id BETWEEN 2837076 AND 2838075 ORDER BY c
	Sort  (cost=4245.78..4248.50 rows=1085 width=121)
	  Sort Key: c
	  ->  Bitmap Heap Scan on sbtest8  (cost=31.56..4191.08 rows=1085 width=121)
	        Recheck Cond: ((id >= 2837076) AND (id <= 2838075))
	        ->  Bitmap Index Scan on sbtest8_pkey  (cost=0.00..31.29 rows=1085 width=0)
	              Index Cond: ((id >= 2837076) AND (id <= 2838075))

for point_selects
table 1 : explain SELECT c FROM sbtest1 WHERE id=198802
	Index Scan using sbtest1_pkey on sbtest1  (cost=0.43..8.45 rows=1 width=121)
	  Index Cond: (id = 198802)

table 2 : explain SELECT c FROM sbtest2 WHERE id=9563521
	Index Scan using sbtest2_pkey on sbtest2  (cost=0.43..8.45 rows=1 width=121)
	  Index Cond: (id = 9563521)

table 3 : explain SELECT c FROM sbtest3 WHERE id=9828416
	Index Scan using sbtest3_pkey on sbtest3  (cost=0.43..8.45 rows=1 width=121)
	  Index Cond: (id = 9828416)

table 4 : explain SELECT c FROM sbtest4 WHERE id=6380943
	Index Scan using sbtest4_pkey on sbtest4  (cost=0.43..8.45 rows=1 width=121)
	  Index Cond: (id = 6380943)

table 5 : explain SELECT c FROM sbtest5 WHERE id=4535455
	Index Scan using sbtest5_pkey on sbtest5  (cost=0.43..8.45 rows=1 width=121)
	  Index Cond: (id = 4535455)

table 6 : explain SELECT c FROM sbtest6 WHERE id=1671838
	Index Scan using sbtest6_pkey on sbtest6  (cost=0.43..8.45 rows=1 width=121)
	  Index Cond: (id = 1671838)

table 7 : explain SELECT c FROM sbtest7 WHERE id=4209259
	Index Scan using sbtest7_pkey on sbtest7  (cost=0.43..8.45 rows=1 width=121)
	  Index Cond: (id = 4209259)

table 8 : explain SELECT c FROM sbtest8 WHERE id=1041224
	Index Scan using sbtest8_pkey on sbtest8  (cost=0.43..8.45 rows=1 width=121)
	  Index Cond: (id = 1041224)

for: simple_ranges
table 1 : explain SELECT c FROM sbtest1 WHERE id BETWEEN 5972835 AND 5973834
	Bitmap Heap Scan on sbtest1  (cost=30.71..3880.07 rows=1002 width=121)
	  Recheck Cond: ((id >= 5972835) AND (id <= 5973834))
	  ->  Bitmap Index Scan on sbtest1_pkey  (cost=0.00..30.45 rows=1002 width=0)
	        Index Cond: ((id >= 5972835) AND (id <= 5973834))

table 2 : explain SELECT c FROM sbtest2 WHERE id BETWEEN 5153088 AND 5154087
	Bitmap Heap Scan on sbtest2  (cost=31.48..4164.89 rows=1078 width=121)
	  Recheck Cond: ((id >= 5153088) AND (id <= 5154087))
	  ->  Bitmap Index Scan on sbtest2_pkey  (cost=0.00..31.21 rows=1078 width=0)
	        Index Cond: ((id >= 5153088) AND (id <= 5154087))

table 3 : explain SELECT c FROM sbtest3 WHERE id BETWEEN 4756615 AND 4757614
	Bitmap Heap Scan on sbtest3  (cost=29.91..3589.93 rows=924 width=121)
	  Recheck Cond: ((id >= 4756615) AND (id <= 4757614))
	  ->  Bitmap Index Scan on sbtest3_pkey  (cost=0.00..29.68 rows=924 width=0)
	        Index Cond: ((id >= 4756615) AND (id <= 4757614))

table 4 : explain SELECT c FROM sbtest4 WHERE id BETWEEN 8796500 AND 8797499
	Bitmap Heap Scan on sbtest4  (cost=30.23..3709.97 rows=956 width=121)
	  Recheck Cond: ((id >= 8796500) AND (id <= 8797499))
	  ->  Bitmap Index Scan on sbtest4_pkey  (cost=0.00..30.00 rows=956 width=0)
	        Index Cond: ((id >= 8796500) AND (id <= 8797499))

table 5 : explain SELECT c FROM sbtest5 WHERE id BETWEEN 8166796 AND 8167795
	Bitmap Heap Scan on sbtest5  (cost=26.22..3697.99 rows=955 width=121)
	  Recheck Cond: ((id >= 8166796) AND (id <= 8167795))
	  ->  Bitmap Index Scan on sbtest5_pkey  (cost=0.00..25.98 rows=955 width=0)
	        Index Cond: ((id >= 8166796) AND (id <= 8167795))

table 6 : explain SELECT c FROM sbtest6 WHERE id BETWEEN 2757492 AND 2758491
	Bitmap Heap Scan on sbtest6  (cost=30.73..3888.46 rows=1004 width=121)
	  Recheck Cond: ((id >= 2757492) AND (id <= 2758491))
	  ->  Bitmap Index Scan on sbtest6_pkey  (cost=0.00..30.47 rows=1004 width=0)
	        Index Cond: ((id >= 2757492) AND (id <= 2758491))

table 7 : explain SELECT c FROM sbtest7 WHERE id BETWEEN 4771305 AND 4772304
	Bitmap Heap Scan on sbtest7  (cost=30.95..3976.10 rows=1026 width=121)
	  Recheck Cond: ((id >= 4771305) AND (id <= 4772304))
	  ->  Bitmap Index Scan on sbtest7_pkey  (cost=0.00..30.69 rows=1026 width=0)
	        Index Cond: ((id >= 4771305) AND (id <= 4772304))

table 8 : explain SELECT c FROM sbtest8 WHERE id BETWEEN 5979210 AND 5980209
	Bitmap Heap Scan on sbtest8  (cost=30.50..3803.29 rows=982 width=121)
	  Recheck Cond: ((id >= 5979210) AND (id <= 5980209))
	  ->  Bitmap Index Scan on sbtest8_pkey  (cost=0.00..30.25 rows=982 width=0)
	        Index Cond: ((id >= 5979210) AND (id <= 5980209))

for: sum_ranges
table 1 : explain SELECT SUM(k) FROM sbtest1 WHERE id BETWEEN 551928 AND 552927
	Aggregate  (cost=3754.20..3754.21 rows=1 width=8)
	  ->  Bitmap Heap Scan on sbtest1  (cost=30.36..3751.78 rows=968 width=4)
	        Recheck Cond: ((id >= 551928) AND (id <= 552927))
	        ->  Bitmap Index Scan on sbtest1_pkey  (cost=0.00..30.11 rows=968 width=0)
	              Index Cond: ((id >= 551928) AND (id <= 552927))

table 2 : explain SELECT SUM(k) FROM sbtest2 WHERE id BETWEEN 4546704 AND 4547703
	Aggregate  (cost=3575.38..3575.39 rows=1 width=8)
	  ->  Bitmap Heap Scan on sbtest2  (cost=29.88..3573.08 rows=921 width=4)
	        Recheck Cond: ((id >= 4546704) AND (id <= 4547703))
	        ->  Bitmap Index Scan on sbtest2_pkey  (cost=0.00..29.64 rows=921 width=0)
	              Index Cond: ((id >= 4546704) AND (id <= 4547703))

table 3 : explain SELECT SUM(k) FROM sbtest3 WHERE id BETWEEN 1796520 AND 1797519
	Aggregate  (cost=3834.58..3834.59 rows=1 width=8)
	  ->  Bitmap Heap Scan on sbtest3  (cost=30.56..3832.11 rows=988 width=4)
	        Recheck Cond: ((id >= 1796520) AND (id <= 1797519))
	        ->  Bitmap Index Scan on sbtest3_pkey  (cost=0.00..30.32 rows=988 width=0)
	              Index Cond: ((id >= 1796520) AND (id <= 1797519))

table 4 : explain SELECT SUM(k) FROM sbtest4 WHERE id BETWEEN 2658286 AND 2659285
	Aggregate  (cost=3920.34..3920.35 rows=1 width=8)
	  ->  Bitmap Heap Scan on sbtest4  (cost=30.80..3917.81 rows=1011 width=4)
	        Recheck Cond: ((id >= 2658286) AND (id <= 2659285))
	        ->  Bitmap Index Scan on sbtest4_pkey  (cost=0.00..30.54 rows=1011 width=0)
	              Index Cond: ((id >= 2658286) AND (id <= 2659285))

table 5 : explain SELECT SUM(k) FROM sbtest5 WHERE id BETWEEN 2811157 AND 2812156
	Aggregate  (cost=3374.94..3374.95 rows=1 width=8)
	  ->  Bitmap Heap Scan on sbtest5  (cost=25.34..3372.77 rows=869 width=4)
	        Recheck Cond: ((id >= 2811157) AND (id <= 2812156))
	        ->  Bitmap Index Scan on sbtest5_pkey  (cost=0.00..25.12 rows=869 width=0)
	              Index Cond: ((id >= 2811157) AND (id <= 2812156))

table 6 : explain SELECT SUM(k) FROM sbtest6 WHERE id BETWEEN 4693158 AND 4694157
	Aggregate  (cost=3698.30..3698.31 rows=1 width=8)
	  ->  Bitmap Heap Scan on sbtest6  (cost=30.20..3695.92 rows=953 width=4)
	        Recheck Cond: ((id >= 4693158) AND (id <= 4694157))
	        ->  Bitmap Index Scan on sbtest6_pkey  (cost=0.00..29.96 rows=953 width=0)
	              Index Cond: ((id >= 4693158) AND (id <= 4694157))

table 7 : explain SELECT SUM(k) FROM sbtest7 WHERE id BETWEEN 765551 AND 766550
	Aggregate  (cost=3766.87..3766.88 rows=1 width=8)
	  ->  Bitmap Heap Scan on sbtest7  (cost=30.38..3764.45 rows=970 width=4)
	        Recheck Cond: ((id >= 765551) AND (id <= 766550))
	        ->  Bitmap Index Scan on sbtest7_pkey  (cost=0.00..30.14 rows=970 width=0)
	              Index Cond: ((id >= 765551) AND (id <= 766550))

table 8 : explain SELECT SUM(k) FROM sbtest8 WHERE id BETWEEN 7767422 AND 7768421
	Aggregate  (cost=3877.43..3877.44 rows=1 width=8)
	  ->  Bitmap Heap Scan on sbtest8  (cost=30.70..3874.92 rows=1001 width=4)
	        Recheck Cond: ((id >= 7767422) AND (id <= 7768421))
	        ->  Bitmap Index Scan on sbtest8_pkey  (cost=0.00..30.44 rows=1001 width=0)
	              Index Cond: ((id >= 7767422) AND (id <= 7768421))

for: simple_ranges
table 1 : explain SELECT c FROM sbtest1 WHERE id BETWEEN 1369275 AND 1370274
	Bitmap Heap Scan on sbtest1  (cost=30.31..3732.90 rows=963 width=121)
	  Recheck Cond: ((id >= 1369275) AND (id <= 1370274))
	  ->  Bitmap Index Scan on sbtest1_pkey  (cost=0.00..30.07 rows=963 width=0)
	        Index Cond: ((id >= 1369275) AND (id <= 1370274))

table 2 : explain SELECT c FROM sbtest2 WHERE id BETWEEN 6924807 AND 6925806
	Bitmap Heap Scan on sbtest2  (cost=30.87..3939.09 rows=1018 width=121)
	  Recheck Cond: ((id >= 6924807) AND (id <= 6925806))
	  ->  Bitmap Index Scan on sbtest2_pkey  (cost=0.00..30.61 rows=1018 width=0)
	        Index Cond: ((id >= 6924807) AND (id <= 6925806))

table 3 : explain SELECT c FROM sbtest3 WHERE id BETWEEN 7384979 AND 7385978
	Bitmap Heap Scan on sbtest3  (cost=31.13..4039.84 rows=1043 width=121)
	  Recheck Cond: ((id >= 7384979) AND (id <= 7385978))
	  ->  Bitmap Index Scan on sbtest3_pkey  (cost=0.00..30.86 rows=1043 width=0)
	        Index Cond: ((id >= 7384979) AND (id <= 7385978))

table 4 : explain SELECT c FROM sbtest4 WHERE id BETWEEN 7447643 AND 7448642
	Bitmap Heap Scan on sbtest4  (cost=30.19..3694.84 rows=952 width=121)
	  Recheck Cond: ((id >= 7447643) AND (id <= 7448642))
	  ->  Bitmap Index Scan on sbtest4_pkey  (cost=0.00..29.95 rows=952 width=0)
	        Index Cond: ((id >= 7447643) AND (id <= 7448642))

table 5 : explain SELECT c FROM sbtest5 WHERE id BETWEEN 9426331 AND 9427330
	Bitmap Heap Scan on sbtest5  (cost=30.46..3788.80 rows=978 width=121)
	  Recheck Cond: ((id >= 9426331) AND (id <= 9427330))
	  ->  Bitmap Index Scan on sbtest5_pkey  (cost=0.00..30.21 rows=978 width=0)
	        Index Cond: ((id >= 9426331) AND (id <= 9427330))

table 6 : explain SELECT c FROM sbtest6 WHERE id BETWEEN 4792879 AND 4793878
	Bitmap Heap Scan on sbtest6  (cost=30.29..3726.14 rows=961 width=121)
	  Recheck Cond: ((id >= 4792879) AND (id <= 4793878))
	  ->  Bitmap Index Scan on sbtest6_pkey  (cost=0.00..30.04 rows=961 width=0)
	        Index Cond: ((id >= 4792879) AND (id <= 4793878))

table 7 : explain SELECT c FROM sbtest7 WHERE id BETWEEN 3813045 AND 3814044
	Bitmap Heap Scan on sbtest7  (cost=31.44..4157.22 rows=1074 width=121)
	  Recheck Cond: ((id >= 3813045) AND (id <= 3814044))
	  ->  Bitmap Index Scan on sbtest7_pkey  (cost=0.00..31.18 rows=1074 width=0)
	        Index Cond: ((id >= 3813045) AND (id <= 3814044))

table 8 : explain SELECT c FROM sbtest8 WHERE id BETWEEN 8702594 AND 8703593
	Bitmap Heap Scan on sbtest8  (cost=30.19..3690.09 rows=952 width=121)
	  Recheck Cond: ((id >= 8702594) AND (id <= 8703593))
	  ->  Bitmap Index Scan on sbtest8_pkey  (cost=0.00..29.95 rows=952 width=0)
	        Index Cond: ((id >= 8702594) AND (id <= 8703593))

for: simple_ranges
table 1 : explain SELECT c FROM sbtest1 WHERE id BETWEEN 7436231 AND 7437230
	Bitmap Heap Scan on sbtest1  (cost=30.71..3880.07 rows=1002 width=121)
	  Recheck Cond: ((id >= 7436231) AND (id <= 7437230))
	  ->  Bitmap Index Scan on sbtest1_pkey  (cost=0.00..30.45 rows=1002 width=0)
	        Index Cond: ((id >= 7436231) AND (id <= 7437230))

table 2 : explain SELECT c FROM sbtest2 WHERE id BETWEEN 9323747 AND 9324746
	Bitmap Heap Scan on sbtest2  (cost=32.02..4356.49 rows=1130 width=121)
	  Recheck Cond: ((id >= 9323747) AND (id <= 9324746))
	  ->  Bitmap Index Scan on sbtest2_pkey  (cost=0.00..31.73 rows=1130 width=0)
	        Index Cond: ((id >= 9323747) AND (id <= 9324746))

table 3 : explain SELECT c FROM sbtest3 WHERE id BETWEEN 7719768 AND 7720767
	Bitmap Heap Scan on sbtest3  (cost=31.38..4134.13 rows=1068 width=121)
	  Recheck Cond: ((id >= 7719768) AND (id <= 7720767))
	  ->  Bitmap Index Scan on sbtest3_pkey  (cost=0.00..31.11 rows=1068 width=0)
	        Index Cond: ((id >= 7719768) AND (id <= 7720767))

table 4 : explain SELECT c FROM sbtest4 WHERE id BETWEEN 1169165 AND 1170164
	Bitmap Heap Scan on sbtest4  (cost=30.96..3978.20 rows=1027 width=121)
	  Recheck Cond: ((id >= 1169165) AND (id <= 1170164))
	  ->  Bitmap Index Scan on sbtest4_pkey  (cost=0.00..30.70 rows=1027 width=0)
	        Index Cond: ((id >= 1169165) AND (id <= 1170164))

table 5 : explain SELECT c FROM sbtest5 WHERE id BETWEEN 948020 AND 949019
	Bitmap Heap Scan on sbtest5  (cost=30.40..3766.16 rows=972 width=121)
	  Recheck Cond: ((id >= 948020) AND (id <= 949019))
	  ->  Bitmap Index Scan on sbtest5_pkey  (cost=0.00..30.15 rows=972 width=0)
	        Index Cond: ((id >= 948020) AND (id <= 949019))

table 6 : explain SELECT c FROM sbtest6 WHERE id BETWEEN 7958643 AND 7959642
	Bitmap Heap Scan on sbtest6  (cost=30.76..3899.77 rows=1007 width=121)
	  Recheck Cond: ((id >= 7958643) AND (id <= 7959642))
	  ->  Bitmap Index Scan on sbtest6_pkey  (cost=0.00..30.50 rows=1007 width=0)
	        Index Cond: ((id >= 7958643) AND (id <= 7959642))

table 7 : explain SELECT c FROM sbtest7 WHERE id BETWEEN 9178223 AND 9179222
	Bitmap Heap Scan on sbtest7  (cost=30.19..3696.33 rows=952 width=121)
	  Recheck Cond: ((id >= 9178223) AND (id <= 9179222))
	  ->  Bitmap Index Scan on sbtest7_pkey  (cost=0.00..29.95 rows=952 width=0)
	        Index Cond: ((id >= 9178223) AND (id <= 9179222))

table 8 : explain SELECT c FROM sbtest8 WHERE id BETWEEN 4397711 AND 4398710
	Bitmap Heap Scan on sbtest8  (cost=30.52..3810.83 rows=984 width=121)
	  Recheck Cond: ((id >= 4397711) AND (id <= 4398710))
	  ->  Bitmap Index Scan on sbtest8_pkey  (cost=0.00..30.27 rows=984 width=0)
	        Index Cond: ((id >= 4397711) AND (id <= 4398710))

explain: for point_selects :: explain SELECT c FROM sbtest%u WHERE id=%u
for: sum_ranges
table 1 : explain SELECT SUM(k) FROM sbtest1 WHERE id BETWEEN 2025769 AND 2026768
	Aggregate  (cost=3837.28..3837.29 rows=1 width=8)
	  ->  Bitmap Heap Scan on sbtest1  (cost=30.58..3834.81 rows=990 width=4)
	        Recheck Cond: ((id >= 2025769) AND (id <= 2026768))
	        ->  Bitmap Index Scan on sbtest1_pkey  (cost=0.00..30.33 rows=990 width=0)
	              Index Cond: ((id >= 2025769) AND (id <= 2026768))

table 2 : explain SELECT SUM(k) FROM sbtest2 WHERE id BETWEEN 4002830 AND 4003829
	Aggregate  (cost=3643.44..3643.45 rows=1 width=8)
	  ->  Bitmap Heap Scan on sbtest2  (cost=30.06..3641.09 rows=939 width=4)
	        Recheck Cond: ((id >= 4002830) AND (id <= 4003829))
	        ->  Bitmap Index Scan on sbtest2_pkey  (cost=0.00..29.82 rows=939 width=0)
	              Index Cond: ((id >= 4002830) AND (id <= 4003829))

table 3 : explain SELECT SUM(k) FROM sbtest3 WHERE id BETWEEN 4424163 AND 4425162
	Aggregate  (cost=3611.19..3611.20 rows=1 width=8)
	  ->  Bitmap Heap Scan on sbtest3  (cost=29.96..3608.87 rows=929 width=4)
	        Recheck Cond: ((id >= 4424163) AND (id <= 4425162))
	        ->  Bitmap Index Scan on sbtest3_pkey  (cost=0.00..29.72 rows=929 width=0)
	              Index Cond: ((id >= 4424163) AND (id <= 4425162))

table 4 : explain SELECT SUM(k) FROM sbtest4 WHERE id BETWEEN 2158655 AND 2159654
	Aggregate  (cost=3856.09..3856.10 rows=1 width=8)
	  ->  Bitmap Heap Scan on sbtest4  (cost=30.62..3853.61 rows=994 width=4)
	        Recheck Cond: ((id >= 2158655) AND (id <= 2159654))
	        ->  Bitmap Index Scan on sbtest4_pkey  (cost=0.00..30.37 rows=994 width=0)
	              Index Cond: ((id >= 2158655) AND (id <= 2159654))

table 5 : explain SELECT SUM(k) FROM sbtest5 WHERE id BETWEEN 1589855 AND 1590854
	Aggregate  (cost=3806.34..3806.35 rows=1 width=8)
	  ->  Bitmap Heap Scan on sbtest5  (cost=30.50..3803.89 rows=982 width=4)
	        Recheck Cond: ((id >= 1589855) AND (id <= 1590854))
	        ->  Bitmap Index Scan on sbtest5_pkey  (cost=0.00..30.25 rows=982 width=0)
	              Index Cond: ((id >= 1589855) AND (id <= 1590854))

table 6 : explain SELECT SUM(k) FROM sbtest6 WHERE id BETWEEN 9165679 AND 9166678
	Aggregate  (cost=4060.69..4060.70 rows=1 width=8)
	  ->  Bitmap Heap Scan on sbtest6  (cost=31.19..4058.07 rows=1049 width=4)
	        Recheck Cond: ((id >= 9165679) AND (id <= 9166678))
	        ->  Bitmap Index Scan on sbtest6_pkey  (cost=0.00..30.93 rows=1049 width=0)
	              Index Cond: ((id >= 9165679) AND (id <= 9166678))

table 7 : explain SELECT SUM(k) FROM sbtest7 WHERE id BETWEEN 8083277 AND 8084276
	Aggregate  (cost=3940.87..3940.88 rows=1 width=8)
	  ->  Bitmap Heap Scan on sbtest7  (cost=30.85..3938.33 rows=1016 width=4)
	        Recheck Cond: ((id >= 8083277) AND (id <= 8084276))
	        ->  Bitmap Index Scan on sbtest7_pkey  (cost=0.00..30.59 rows=1016 width=0)
	              Index Cond: ((id >= 8083277) AND (id <= 8084276))

table 8 : explain SELECT SUM(k) FROM sbtest8 WHERE id BETWEEN 91203 AND 92202
	Aggregate  (cost=3658.46..3658.47 rows=1 width=8)
	  ->  Bitmap Heap Scan on sbtest8  (cost=30.10..3656.10 rows=943 width=4)
	        Recheck Cond: ((id >= 91203) AND (id <= 92202))
	        ->  Bitmap Index Scan on sbtest8_pkey  (cost=0.00..29.86 rows=943 width=0)
	              Index Cond: ((id >= 91203) AND (id <= 92202))

for: distinct_ranges
table 1 : explain SELECT DISTINCT c FROM sbtest1 WHERE id BETWEEN 4663978 AND 4664977 ORDER BY c
	Unique  (cost=3895.55..3900.52 rows=993 width=121)
	  ->  Sort  (cost=3895.55..3898.04 rows=993 width=121)
	        Sort Key: c
	        ->  Bitmap Heap Scan on sbtest1  (cost=30.61..3846.12 rows=993 width=121)
	              Recheck Cond: ((id >= 4663978) AND (id <= 4664977))
	              ->  Bitmap Index Scan on sbtest1_pkey  (cost=0.00..30.36 rows=993 width=0)
	                    Index Cond: ((id >= 4663978) AND (id <= 4664977))

table 2 : explain SELECT DISTINCT c FROM sbtest2 WHERE id BETWEEN 3085461 AND 3086460 ORDER BY c
	Unique  (cost=4016.71..4021.84 rows=1025 width=121)
	  ->  Sort  (cost=4016.71..4019.28 rows=1025 width=121)
	        Sort Key: c
	        ->  Bitmap Heap Scan on sbtest2  (cost=30.94..3965.46 rows=1025 width=121)
	              Recheck Cond: ((id >= 3085461) AND (id <= 3086460))
	              ->  Bitmap Index Scan on sbtest2_pkey  (cost=0.00..30.68 rows=1025 width=0)
	                    Index Cond: ((id >= 3085461) AND (id <= 3086460))

table 3 : explain SELECT DISTINCT c FROM sbtest3 WHERE id BETWEEN 7450529 AND 7451528 ORDER BY c
	Unique  (cost=3750.73..3755.50 rows=954 width=121)
	  ->  Sort  (cost=3750.73..3753.11 rows=954 width=121)
	        Sort Key: c
	        ->  Bitmap Heap Scan on sbtest3  (cost=30.21..3703.52 rows=954 width=121)
	              Recheck Cond: ((id >= 7450529) AND (id <= 7451528))
	              ->  Bitmap Index Scan on sbtest3_pkey  (cost=0.00..29.97 rows=954 width=0)
	                    Index Cond: ((id >= 7450529) AND (id <= 7451528))

table 4 : explain SELECT DISTINCT c FROM sbtest4 WHERE id BETWEEN 8699629 AND 8700628 ORDER BY c
	Unique  (cost=3684.17..3688.86 rows=938 width=121)
	  ->  Sort  (cost=3684.17..3686.52 rows=938 width=121)
	        Sort Key: c
	        ->  Bitmap Heap Scan on sbtest4  (cost=26.05..3637.86 rows=938 width=121)
	              Recheck Cond: ((id >= 8699629) AND (id <= 8700628))
	              ->  Bitmap Index Scan on sbtest4_pkey  (cost=0.00..25.82 rows=938 width=0)
	                    Index Cond: ((id >= 8699629) AND (id <= 8700628))

table 5 : explain SELECT DISTINCT c FROM sbtest5 WHERE id BETWEEN 7547875 AND 7548874 ORDER BY c
	Unique  (cost=4021.07..4026.20 rows=1026 width=121)
	  ->  Sort  (cost=4021.07..4023.63 rows=1026 width=121)
	        Sort Key: c
	        ->  Bitmap Heap Scan on sbtest5  (cost=30.95..3969.75 rows=1026 width=121)
	              Recheck Cond: ((id >= 7547875) AND (id <= 7548874))
	              ->  Bitmap Index Scan on sbtest5_pkey  (cost=0.00..30.69 rows=1026 width=0)
	                    Index Cond: ((id >= 7547875) AND (id <= 7548874))

table 6 : explain SELECT DISTINCT c FROM sbtest6 WHERE id BETWEEN 3174130 AND 3175129 ORDER BY c
	Unique  (cost=4122.17..4127.43 rows=1052 width=121)
	  ->  Sort  (cost=4122.17..4124.80 rows=1052 width=121)
	        Sort Key: c
	        ->  Bitmap Heap Scan on sbtest6  (cost=31.22..4069.37 rows=1052 width=121)
	              Recheck Cond: ((id >= 3174130) AND (id <= 3175129))
	              ->  Bitmap Index Scan on sbtest6_pkey  (cost=0.00..30.95 rows=1052 width=0)
	                    Index Cond: ((id >= 3174130) AND (id <= 3175129))

table 7 : explain SELECT DISTINCT c FROM sbtest7 WHERE id BETWEEN 2103366 AND 2104365 ORDER BY c
	Unique  (cost=3670.41..3675.08 rows=933 width=121)
	  ->  Sort  (cost=3670.41..3672.74 rows=933 width=121)
	        Sort Key: c
	        ->  Bitmap Heap Scan on sbtest7  (cost=30.00..3624.39 rows=933 width=121)
	              Recheck Cond: ((id >= 2103366) AND (id <= 2104365))
	              ->  Bitmap Index Scan on sbtest7_pkey  (cost=0.00..29.76 rows=933 width=0)
	                    Index Cond: ((id >= 2103366) AND (id <= 2104365))

table 8 : explain SELECT DISTINCT c FROM sbtest8 WHERE id BETWEEN 6681207 AND 6682206 ORDER BY c
	Unique  (cost=3606.82..3611.41 rows=918 width=121)
	  ->  Sort  (cost=3606.82..3609.12 rows=918 width=121)
	        Sort Key: c
	        ->  Bitmap Heap Scan on sbtest8  (cost=29.84..3561.64 rows=918 width=121)
	              Recheck Cond: ((id >= 6681207) AND (id <= 6682206))
	              ->  Bitmap Index Scan on sbtest8_pkey  (cost=0.00..29.61 rows=918 width=0)
	                    Index Cond: ((id >= 6681207) AND (id <= 6682206))

for: simple_ranges
table 1 : explain SELECT c FROM sbtest1 WHERE id BETWEEN 7495125 AND 7496124
	Bitmap Heap Scan on sbtest1  (cost=30.07..3646.02 rows=940 width=121)
	  Recheck Cond: ((id >= 7495125) AND (id <= 7496124))
	  ->  Bitmap Index Scan on sbtest1_pkey  (cost=0.00..29.83 rows=940 width=0)
	        Index Cond: ((id >= 7495125) AND (id <= 7496124))

table 2 : explain SELECT c FROM sbtest2 WHERE id BETWEEN 6389026 AND 6390025
	Bitmap Heap Scan on sbtest2  (cost=30.83..3924.02 rows=1014 width=121)
	  Recheck Cond: ((id >= 6389026) AND (id <= 6390025))
	  ->  Bitmap Index Scan on sbtest2_pkey  (cost=0.00..30.57 rows=1014 width=0)
	        Index Cond: ((id >= 6389026) AND (id <= 6390025))

table 3 : explain SELECT c FROM sbtest3 WHERE id BETWEEN 359526 AND 360525
	Bitmap Heap Scan on sbtest3  (cost=30.14..3677.02 rows=947 width=121)
	  Recheck Cond: ((id >= 359526) AND (id <= 360525))
	  ->  Bitmap Index Scan on sbtest3_pkey  (cost=0.00..29.90 rows=947 width=0)
	        Index Cond: ((id >= 359526) AND (id <= 360525))

table 4 : explain SELECT c FROM sbtest4 WHERE id BETWEEN 6326466 AND 6327465
	Bitmap Heap Scan on sbtest4  (cost=30.19..3694.84 rows=952 width=121)
	  Recheck Cond: ((id >= 6326466) AND (id <= 6327465))
	  ->  Bitmap Index Scan on sbtest4_pkey  (cost=0.00..29.95 rows=952 width=0)
	        Index Cond: ((id >= 6326466) AND (id <= 6327465))

table 5 : explain SELECT c FROM sbtest5 WHERE id BETWEEN 6757463 AND 6758462
	Bitmap Heap Scan on sbtest5  (cost=26.26..3713.09 rows=959 width=121)
	  Recheck Cond: ((id >= 6757463) AND (id <= 6758462))
	  ->  Bitmap Index Scan on sbtest5_pkey  (cost=0.00..26.02 rows=959 width=0)
	        Index Cond: ((id >= 6757463) AND (id <= 6758462))

table 6 : explain SELECT c FROM sbtest6 WHERE id BETWEEN 8695717 AND 8696716
	Bitmap Heap Scan on sbtest6  (cost=29.96..3605.19 rows=929 width=121)
	  Recheck Cond: ((id >= 8695717) AND (id <= 8696716))
	  ->  Bitmap Index Scan on sbtest6_pkey  (cost=0.00..29.72 rows=929 width=0)
	        Index Cond: ((id >= 8695717) AND (id <= 8696716))

table 7 : explain SELECT c FROM sbtest7 WHERE id BETWEEN 3177442 AND 3178441
	Bitmap Heap Scan on sbtest7  (cost=30.64..3862.76 rows=996 width=121)
	  Recheck Cond: ((id >= 3177442) AND (id <= 3178441))
	  ->  Bitmap Index Scan on sbtest7_pkey  (cost=0.00..30.39 rows=996 width=0)
	        Index Cond: ((id >= 3177442) AND (id <= 3178441))

table 8 : explain SELECT c FROM sbtest8 WHERE id BETWEEN 9464407 AND 9465406
	Bitmap Heap Scan on sbtest8  (cost=29.88..3572.98 rows=921 width=121)
	  Recheck Cond: ((id >= 9464407) AND (id <= 9465406))
	  ->  Bitmap Index Scan on sbtest8_pkey  (cost=0.00..29.64 rows=921 width=0)
	        Index Cond: ((id >= 9464407) AND (id <= 9465406))

for point_selects
table 1 : explain SELECT c FROM sbtest1 WHERE id=9502381
	Index Scan using sbtest1_pkey on sbtest1  (cost=0.43..8.45 rows=1 width=121)
	  Index Cond: (id = 9502381)

table 2 : explain SELECT c FROM sbtest2 WHERE id=3548917
	Index Scan using sbtest2_pkey on sbtest2  (cost=0.43..8.45 rows=1 width=121)
	  Index Cond: (id = 3548917)

table 3 : explain SELECT c FROM sbtest3 WHERE id=8581297
	Index Scan using sbtest3_pkey on sbtest3  (cost=0.43..8.45 rows=1 width=121)
	  Index Cond: (id = 8581297)

table 4 : explain SELECT c FROM sbtest4 WHERE id=992471
	Index Scan using sbtest4_pkey on sbtest4  (cost=0.43..8.45 rows=1 width=121)
	  Index Cond: (id = 992471)

table 5 : explain SELECT c FROM sbtest5 WHERE id=5767820
	Index Scan using sbtest5_pkey on sbtest5  (cost=0.43..8.45 rows=1 width=121)
	  Index Cond: (id = 5767820)

table 6 : explain SELECT c FROM sbtest6 WHERE id=2544762
	Index Scan using sbtest6_pkey on sbtest6  (cost=0.43..8.45 rows=1 width=121)
	  Index Cond: (id = 2544762)

table 7 : explain SELECT c FROM sbtest7 WHERE id=4869282
	Index Scan using sbtest7_pkey on sbtest7  (cost=0.43..8.45 rows=1 width=121)
	  Index Cond: (id = 4869282)

table 8 : explain SELECT c FROM sbtest8 WHERE id=270616
	Index Scan using sbtest8_pkey on sbtest8  (cost=0.43..8.45 rows=1 width=121)
	  Index Cond: (id = 270616)

for: sum_ranges
table 1 : explain SELECT SUM(k) FROM sbtest1 WHERE id BETWEEN 7103778 AND 7104777
	Aggregate  (cost=4176.53..4176.54 rows=1 width=8)
	  ->  Bitmap Heap Scan on sbtest1  (cost=31.50..4173.83 rows=1080 width=4)
	        Recheck Cond: ((id >= 7103778) AND (id <= 7104777))
	        ->  Bitmap Index Scan on sbtest1_pkey  (cost=0.00..31.23 rows=1080 width=0)
	              Index Cond: ((id >= 7103778) AND (id <= 7104777))

table 2 : explain SELECT SUM(k) FROM sbtest2 WHERE id BETWEEN 6449341 AND 6450340
	Aggregate  (cost=4081.02..4081.03 rows=1 width=8)
	  ->  Bitmap Heap Scan on sbtest2  (cost=31.25..4078.38 rows=1055 width=4)
	        Recheck Cond: ((id >= 6449341) AND (id <= 6450340))
	        ->  Bitmap Index Scan on sbtest2_pkey  (cost=0.00..30.98 rows=1055 width=0)
	              Index Cond: ((id >= 6449341) AND (id <= 6450340))

table 3 : explain SELECT SUM(k) FROM sbtest3 WHERE id BETWEEN 3734011 AND 3735010
	Aggregate  (cost=3974.46..3974.47 rows=1 width=8)
	  ->  Bitmap Heap Scan on sbtest3  (cost=30.94..3971.89 rows=1025 width=4)
	        Recheck Cond: ((id >= 3734011) AND (id <= 3735010))
	        ->  Bitmap Index Scan on sbtest3_pkey  (cost=0.00..30.68 rows=1025 width=0)
	              Index Cond: ((id >= 3734011) AND (id <= 3735010))

table 4 : explain SELECT SUM(k) FROM sbtest4 WHERE id BETWEEN 8671667 AND 8672666
	Aggregate  (cost=3909.00..3909.01 rows=1 width=8)
	  ->  Bitmap Heap Scan on sbtest4  (cost=30.77..3906.48 rows=1008 width=4)
	        Recheck Cond: ((id >= 8671667) AND (id <= 8672666))
	        ->  Bitmap Index Scan on sbtest4_pkey  (cost=0.00..30.51 rows=1008 width=0)
	              Index Cond: ((id >= 8671667) AND (id <= 8672666))

table 5 : explain SELECT SUM(k) FROM sbtest5 WHERE id BETWEEN 3637757 AND 3638756
	Aggregate  (cost=4134.28..4134.29 rows=1 width=8)
	  ->  Bitmap Heap Scan on sbtest5  (cost=31.39..4131.61 rows=1069 width=4)
	        Recheck Cond: ((id >= 3637757) AND (id <= 3638756))
	        ->  Bitmap Index Scan on sbtest5_pkey  (cost=0.00..31.12 rows=1069 width=0)
	              Index Cond: ((id >= 3637757) AND (id <= 3638756))

table 6 : explain SELECT SUM(k) FROM sbtest6 WHERE id BETWEEN 9310345 AND 9311344
	Aggregate  (cost=4038.08..4038.09 rows=1 width=8)
	  ->  Bitmap Heap Scan on sbtest6  (cost=31.13..4035.47 rows=1043 width=4)
	        Recheck Cond: ((id >= 9310345) AND (id <= 9311344))
	        ->  Bitmap Index Scan on sbtest6_pkey  (cost=0.00..30.86 rows=1043 width=0)
	              Index Cond: ((id >= 9310345) AND (id <= 9311344))

table 7 : explain SELECT SUM(k) FROM sbtest7 WHERE id BETWEEN 4229328 AND 4230327
	Aggregate  (cost=4144.81..4144.82 rows=1 width=8)
	  ->  Bitmap Heap Scan on sbtest7  (cost=31.40..4142.13 rows=1070 width=4)
	        Recheck Cond: ((id >= 4229328) AND (id <= 4230327))
	        ->  Bitmap Index Scan on sbtest7_pkey  (cost=0.00..31.14 rows=1070 width=0)
	              Index Cond: ((id >= 4229328) AND (id <= 4230327))

table 8 : explain SELECT SUM(k) FROM sbtest8 WHERE id BETWEEN 9379572 AND 9380571
	Aggregate  (cost=3533.46..3533.47 rows=1 width=8)
	  ->  Bitmap Heap Scan on sbtest8  (cost=25.77..3531.18 rows=911 width=4)
	        Recheck Cond: ((id >= 9379572) AND (id <= 9380571))
	        ->  Bitmap Index Scan on sbtest8_pkey  (cost=0.00..25.54 rows=911 width=0)
	              Index Cond: ((id >= 9379572) AND (id <= 9380571))

for: order_ranges
table 1 : explain SELECT c FROM sbtest1 WHERE id BETWEEN 3062455 AND 3063454 ORDER BY c
	Sort  (cost=3979.77..3982.30 rows=1015 width=121)
	  Sort Key: c
	  ->  Bitmap Heap Scan on sbtest1  (cost=30.84..3929.08 rows=1015 width=121)
	        Recheck Cond: ((id >= 3062455) AND (id <= 3063454))
	        ->  Bitmap Index Scan on sbtest1_pkey  (cost=0.00..30.58 rows=1015 width=0)
	              Index Cond: ((id >= 3062455) AND (id <= 3063454))

table 2 : explain SELECT c FROM sbtest2 WHERE id BETWEEN 4209496 AND 4210495 ORDER BY c
	Sort  (cost=3698.95..3701.31 rows=942 width=121)
	  Sort Key: c
	  ->  Bitmap Heap Scan on sbtest2  (cost=30.09..3652.42 rows=942 width=121)
	        Recheck Cond: ((id >= 4209496) AND (id <= 4210495))
	        ->  Bitmap Index Scan on sbtest2_pkey  (cost=0.00..29.86 rows=942 width=0)
	              Index Cond: ((id >= 4209496) AND (id <= 4210495))

table 3 : explain SELECT c FROM sbtest3 WHERE id BETWEEN 3865642 AND 3866641 ORDER BY c
	Sort  (cost=3735.36..3737.74 rows=950 width=121)
	  Sort Key: c
	  ->  Bitmap Heap Scan on sbtest3  (cost=30.17..3688.38 rows=950 width=121)
	        Recheck Cond: ((id >= 3865642) AND (id <= 3866641))
	        ->  Bitmap Index Scan on sbtest3_pkey  (cost=0.00..29.93 rows=950 width=0)
	              Index Cond: ((id >= 3865642) AND (id <= 3866641))

table 4 : explain SELECT c FROM sbtest4 WHERE id BETWEEN 3138476 AND 3139475 ORDER BY c
	Sort  (cost=3837.89..3840.33 rows=977 width=121)
	  Sort Key: c
	  ->  Bitmap Heap Scan on sbtest4  (cost=30.45..3789.37 rows=977 width=121)
	        Recheck Cond: ((id >= 3138476) AND (id <= 3139475))
	        ->  Bitmap Index Scan on sbtest4_pkey  (cost=0.00..30.20 rows=977 width=0)
	              Index Cond: ((id >= 3138476) AND (id <= 3139475))

table 5 : explain SELECT c FROM sbtest5 WHERE id BETWEEN 4001986 AND 4002985 ORDER BY c
	Sort  (cost=4124.27..4126.91 rows=1053 width=121)
	  Sort Key: c
	  ->  Bitmap Heap Scan on sbtest5  (cost=31.23..4071.41 rows=1053 width=121)
	        Recheck Cond: ((id >= 4001986) AND (id <= 4002985))
	        ->  Bitmap Index Scan on sbtest5_pkey  (cost=0.00..30.96 rows=1053 width=0)
	              Index Cond: ((id >= 4001986) AND (id <= 4002985))

table 6 : explain SELECT c FROM sbtest6 WHERE id BETWEEN 7322209 AND 7323208 ORDER BY c
	Sort  (cost=3961.49..3964.01 rows=1010 width=121)
	  Sort Key: c
	  ->  Bitmap Heap Scan on sbtest6  (cost=30.79..3911.09 rows=1010 width=121)
	        Recheck Cond: ((id >= 7322209) AND (id <= 7323208))
	        ->  Bitmap Index Scan on sbtest6_pkey  (cost=0.00..30.54 rows=1010 width=0)
	              Index Cond: ((id >= 7322209) AND (id <= 7323208))

table 7 : explain SELECT c FROM sbtest7 WHERE id BETWEEN 234678 AND 235677 ORDER BY c
	Sort  (cost=4096.40..4099.01 rows=1044 width=121)
	  Sort Key: c
	  ->  Bitmap Heap Scan on sbtest7  (cost=31.14..4044.05 rows=1044 width=121)
	        Recheck Cond: ((id >= 234678) AND (id <= 235677))
	        ->  Bitmap Index Scan on sbtest7_pkey  (cost=0.00..30.87 rows=1044 width=0)
	              Index Cond: ((id >= 234678) AND (id <= 235677))

table 8 : explain SELECT c FROM sbtest8 WHERE id BETWEEN 8827137 AND 8828136 ORDER BY c
	Sort  (cost=3947.77..3950.28 rows=1007 width=121)
	  Sort Key: c
	  ->  Bitmap Heap Scan on sbtest8  (cost=30.76..3897.54 rows=1007 width=121)
	        Recheck Cond: ((id >= 8827137) AND (id <= 8828136))
	        ->  Bitmap Index Scan on sbtest8_pkey  (cost=0.00..30.50 rows=1007 width=0)
	              Index Cond: ((id >= 8827137) AND (id <= 8828136))

for point_selects
table 1 : explain SELECT c FROM sbtest1 WHERE id=9347649
	Index Scan using sbtest1_pkey on sbtest1  (cost=0.43..8.45 rows=1 width=121)
	  Index Cond: (id = 9347649)

table 2 : explain SELECT c FROM sbtest2 WHERE id=6573959
	Index Scan using sbtest2_pkey on sbtest2  (cost=0.43..8.45 rows=1 width=121)
	  Index Cond: (id = 6573959)

table 3 : explain SELECT c FROM sbtest3 WHERE id=8649426
	Index Scan using sbtest3_pkey on sbtest3  (cost=0.43..8.45 rows=1 width=121)
	  Index Cond: (id = 8649426)

table 4 : explain SELECT c FROM sbtest4 WHERE id=1898434
	Index Scan using sbtest4_pkey on sbtest4  (cost=0.43..8.45 rows=1 width=121)
	  Index Cond: (id = 1898434)

table 5 : explain SELECT c FROM sbtest5 WHERE id=4624644
	Index Scan using sbtest5_pkey on sbtest5  (cost=0.43..8.45 rows=1 width=121)
	  Index Cond: (id = 4624644)

table 6 : explain SELECT c FROM sbtest6 WHERE id=3161137
	Index Scan using sbtest6_pkey on sbtest6  (cost=0.43..8.45 rows=1 width=121)
	  Index Cond: (id = 3161137)

table 7 : explain SELECT c FROM sbtest7 WHERE id=2377466
	Index Scan using sbtest7_pkey on sbtest7  (cost=0.43..8.45 rows=1 width=121)
	  Index Cond: (id = 2377466)

table 8 : explain SELECT c FROM sbtest8 WHERE id=5917473
	Index Scan using sbtest8_pkey on sbtest8  (cost=0.43..8.45 rows=1 width=121)
	  Index Cond: (id = 5917473)

for: sum_ranges
table 1 : explain SELECT SUM(k) FROM sbtest1 WHERE id BETWEEN 9212638 AND 9213637
	Aggregate  (cost=4142.65..4142.66 rows=1 width=8)
	  ->  Bitmap Heap Scan on sbtest1  (cost=31.41..4139.97 rows=1071 width=4)
	        Recheck Cond: ((id >= 9212638) AND (id <= 9213637))
	        ->  Bitmap Index Scan on sbtest1_pkey  (cost=0.00..31.14 rows=1071 width=0)
	              Index Cond: ((id >= 9212638) AND (id <= 9213637))

table 2 : explain SELECT SUM(k) FROM sbtest2 WHERE id BETWEEN 3291289 AND 3292288
	Aggregate  (cost=3964.25..3964.26 rows=1 width=8)
	  ->  Bitmap Heap Scan on sbtest2  (cost=30.93..3961.69 rows=1024 width=4)
	        Recheck Cond: ((id >= 3291289) AND (id <= 3292288))
	        ->  Bitmap Index Scan on sbtest2_pkey  (cost=0.00..30.68 rows=1024 width=0)
	              Index Cond: ((id >= 3291289) AND (id <= 3292288))

table 3 : explain SELECT SUM(k) FROM sbtest3 WHERE id BETWEEN 856821 AND 857820
	Aggregate  (cost=4125.48..4125.49 rows=1 width=8)
	  ->  Bitmap Heap Scan on sbtest3  (cost=31.35..4122.82 rows=1065 width=4)
	        Recheck Cond: ((id >= 856821) AND (id <= 857820))
	        ->  Bitmap Index Scan on sbtest3_pkey  (cost=0.00..31.08 rows=1065 width=0)
	              Index Cond: ((id >= 856821) AND (id <= 857820))

table 4 : explain SELECT SUM(k) FROM sbtest4 WHERE id BETWEEN 1161249 AND 1162248
	Aggregate  (cost=3980.77..3980.78 rows=1 width=8)
	  ->  Bitmap Heap Scan on sbtest4  (cost=30.96..3978.20 rows=1027 width=4)
	        Recheck Cond: ((id >= 1161249) AND (id <= 1162248))
	        ->  Bitmap Index Scan on sbtest4_pkey  (cost=0.00..30.70 rows=1027 width=0)
	              Index Cond: ((id >= 1161249) AND (id <= 1162248))

table 5 : explain SELECT SUM(k) FROM sbtest5 WHERE id BETWEEN 760781 AND 761780
	Aggregate  (cost=4431.28..4431.29 rows=1 width=8)
	  ->  Bitmap Heap Scan on sbtest5  (cost=32.21..4428.41 rows=1149 width=4)
	        Recheck Cond: ((id >= 760781) AND (id <= 761780))
	        ->  Bitmap Index Scan on sbtest5_pkey  (cost=0.00..31.93 rows=1149 width=0)
	              Index Cond: ((id >= 760781) AND (id <= 761780))

table 6 : explain SELECT SUM(k) FROM sbtest6 WHERE id BETWEEN 9391568 AND 9392567
	Aggregate  (cost=3932.48..3932.49 rows=1 width=8)
	  ->  Bitmap Heap Scan on sbtest6  (cost=30.84..3929.94 rows=1015 width=4)
	        Recheck Cond: ((id >= 9391568) AND (id <= 9392567))
	        ->  Bitmap Index Scan on sbtest6_pkey  (cost=0.00..30.58 rows=1015 width=0)
	              Index Cond: ((id >= 9391568) AND (id <= 9392567))

table 7 : explain SELECT SUM(k) FROM sbtest7 WHERE id BETWEEN 7993191 AND 7994190
	Aggregate  (cost=3940.87..3940.88 rows=1 width=8)
	  ->  Bitmap Heap Scan on sbtest7  (cost=30.85..3938.33 rows=1016 width=4)
	        Recheck Cond: ((id >= 7993191) AND (id <= 7994190))
	        ->  Bitmap Index Scan on sbtest7_pkey  (cost=0.00..30.59 rows=1016 width=0)
	              Index Cond: ((id >= 7993191) AND (id <= 7994190))

table 8 : explain SELECT SUM(k) FROM sbtest8 WHERE id BETWEEN 967274 AND 968273
	Aggregate  (cost=4005.59..4005.60 rows=1 width=8)
	  ->  Bitmap Heap Scan on sbtest8  (cost=31.04..4003.00 rows=1035 width=4)
	        Recheck Cond: ((id >= 967274) AND (id <= 968273))
	        ->  Bitmap Index Scan on sbtest8_pkey  (cost=0.00..30.79 rows=1035 width=0)
	              Index Cond: ((id >= 967274) AND (id <= 968273))

for: sum_ranges
table 1 : explain SELECT SUM(k) FROM sbtest1 WHERE id BETWEEN 8051042 AND 8052041
	Aggregate  (cost=3859.93..3859.94 rows=1 width=8)
	  ->  Bitmap Heap Scan on sbtest1  (cost=30.64..3857.44 rows=996 width=4)
	        Recheck Cond: ((id >= 8051042) AND (id <= 8052041))
	        ->  Bitmap Index Scan on sbtest1_pkey  (cost=0.00..30.39 rows=996 width=0)
	              Index Cond: ((id >= 8051042) AND (id <= 8052041))

table 2 : explain SELECT SUM(k) FROM sbtest2 WHERE id BETWEEN 9047571 AND 9048570
	Aggregate  (cost=3820.94..3820.95 rows=1 width=8)
	  ->  Bitmap Heap Scan on sbtest2  (cost=30.54..3818.48 rows=986 width=4)
	        Recheck Cond: ((id >= 9047571) AND (id <= 9048570))
	        ->  Bitmap Index Scan on sbtest2_pkey  (cost=0.00..30.29 rows=986 width=0)
	              Index Cond: ((id >= 9047571) AND (id <= 9048570))

table 3 : explain SELECT SUM(k) FROM sbtest3 WHERE id BETWEEN 9758581 AND 9759580
	Aggregate  (cost=4212.24..4212.25 rows=1 width=8)
	  ->  Bitmap Heap Scan on sbtest3  (cost=31.59..4209.52 rows=1088 width=4)
	        Recheck Cond: ((id >= 9758581) AND (id <= 9759580))
	        ->  Bitmap Index Scan on sbtest3_pkey  (cost=0.00..31.32 rows=1088 width=0)
	              Index Cond: ((id >= 9758581) AND (id <= 9759580))

table 4 : explain SELECT SUM(k) FROM sbtest4 WHERE id BETWEEN 4340395 AND 4341394
	Aggregate  (cost=3867.43..3867.44 rows=1 width=8)
	  ->  Bitmap Heap Scan on sbtest4  (cost=30.65..3864.94 rows=997 width=4)
	        Recheck Cond: ((id >= 4340395) AND (id <= 4341394))
	        ->  Bitmap Index Scan on sbtest4_pkey  (cost=0.00..30.40 rows=997 width=0)
	              Index Cond: ((id >= 4340395) AND (id <= 4341394))

table 5 : explain SELECT SUM(k) FROM sbtest5 WHERE id BETWEEN 3564661 AND 3565660
	Aggregate  (cost=3923.31..3923.32 rows=1 width=8)
	  ->  Bitmap Heap Scan on sbtest5  (cost=30.82..3920.77 rows=1013 width=4)
	        Recheck Cond: ((id >= 3564661) AND (id <= 3565660))
	        ->  Bitmap Index Scan on sbtest5_pkey  (cost=0.00..30.57 rows=1013 width=0)
	              Index Cond: ((id >= 3564661) AND (id <= 3565660))

table 6 : explain SELECT SUM(k) FROM sbtest6 WHERE id BETWEEN 8373955 AND 8374954
	Aggregate  (cost=3345.89..3345.90 rows=1 width=8)
	  ->  Bitmap Heap Scan on sbtest6  (cost=25.26..3343.73 rows=861 width=4)
	        Recheck Cond: ((id >= 8373955) AND (id <= 8374954))
	        ->  Bitmap Index Scan on sbtest6_pkey  (cost=0.00..25.04 rows=861 width=0)
	              Index Cond: ((id >= 8373955) AND (id <= 8374954))

table 7 : explain SELECT SUM(k) FROM sbtest7 WHERE id BETWEEN 7479980 AND 7480979
	Aggregate  (cost=4088.20..4088.21 rows=1 width=8)
	  ->  Bitmap Heap Scan on sbtest7  (cost=31.25..4085.56 rows=1055 width=4)
	        Recheck Cond: ((id >= 7479980) AND (id <= 7480979))
	        ->  Bitmap Index Scan on sbtest7_pkey  (cost=0.00..30.98 rows=1055 width=0)
	              Index Cond: ((id >= 7479980) AND (id <= 7480979))

table 8 : explain SELECT SUM(k) FROM sbtest8 WHERE id BETWEEN 151329 AND 152328
	Aggregate  (cost=4122.31..4122.32 rows=1 width=8)
	  ->  Bitmap Heap Scan on sbtest8  (cost=31.36..4119.65 rows=1066 width=4)
	        Recheck Cond: ((id >= 151329) AND (id <= 152328))
	        ->  Bitmap Index Scan on sbtest8_pkey  (cost=0.00..31.09 rows=1066 width=0)
	              Index Cond: ((id >= 151329) AND (id <= 152328))

for: order_ranges
table 1 : explain SELECT c FROM sbtest1 WHERE id BETWEEN 4561740 AND 4562739 ORDER BY c
	Sort  (cost=3757.63..3760.02 rows=957 width=121)
	  Sort Key: c
	  ->  Bitmap Heap Scan on sbtest1  (cost=30.24..3710.24 rows=957 width=121)
	        Recheck Cond: ((id >= 4561740) AND (id <= 4562739))
	        ->  Bitmap Index Scan on sbtest1_pkey  (cost=0.00..30.00 rows=957 width=0)
	              Index Cond: ((id >= 4561740) AND (id <= 4562739))

table 2 : explain SELECT c FROM sbtest2 WHERE id BETWEEN 9107328 AND 9108327 ORDER BY c
	Sort  (cost=3955.52..3958.05 rows=1009 width=121)
	  Sort Key: c
	  ->  Bitmap Heap Scan on sbtest2  (cost=30.78..3905.18 rows=1009 width=121)
	        Recheck Cond: ((id >= 9107328) AND (id <= 9108327))
	        ->  Bitmap Index Scan on sbtest2_pkey  (cost=0.00..30.52 rows=1009 width=0)
	              Index Cond: ((id >= 9107328) AND (id <= 9108327))

table 3 : explain SELECT c FROM sbtest3 WHERE id BETWEEN 7320744 AND 7321743 ORDER BY c
	Sort  (cost=4092.12..4094.73 rows=1043 width=121)
	  Sort Key: c
	  ->  Bitmap Heap Scan on sbtest3  (cost=31.13..4039.84 rows=1043 width=121)
	        Recheck Cond: ((id >= 7320744) AND (id <= 7321743))
	        ->  Bitmap Index Scan on sbtest3_pkey  (cost=0.00..30.86 rows=1043 width=0)
	              Index Cond: ((id >= 7320744) AND (id <= 7321743))

table 4 : explain SELECT c FROM sbtest4 WHERE id BETWEEN 7744076 AND 7745075 ORDER BY c
	Sort  (cost=4132.96..4135.60 rows=1054 width=121)
	  Sort Key: c
	  ->  Bitmap Heap Scan on sbtest4  (cost=31.24..4080.04 rows=1054 width=121)
	        Recheck Cond: ((id >= 7744076) AND (id <= 7745075))
	        ->  Bitmap Index Scan on sbtest4_pkey  (cost=0.00..30.97 rows=1054 width=0)
	              Index Cond: ((id >= 7744076) AND (id <= 7745075))

table 5 : explain SELECT c FROM sbtest5 WHERE id BETWEEN 4092115 AND 4093114 ORDER BY c
	Sort  (cost=3568.82..3571.10 rows=909 width=121)
	  Sort Key: c
	  ->  Bitmap Heap Scan on sbtest5  (cost=25.75..3524.15 rows=909 width=121)
	        Recheck Cond: ((id >= 4092115) AND (id <= 4093114))
	        ->  Bitmap Index Scan on sbtest5_pkey  (cost=0.00..25.52 rows=909 width=0)
	              Index Cond: ((id >= 4092115) AND (id <= 4093114))

table 6 : explain SELECT c FROM sbtest6 WHERE id BETWEEN 513082 AND 514081 ORDER BY c
	Sort  (cost=3965.31..3967.84 rows=1011 width=121)
	  Sort Key: c
	  ->  Bitmap Heap Scan on sbtest6  (cost=30.80..3914.86 rows=1011 width=121)
	        Recheck Cond: ((id >= 513082) AND (id <= 514081))
	        ->  Bitmap Index Scan on sbtest6_pkey  (cost=0.00..30.54 rows=1011 width=0)
	              Index Cond: ((id >= 513082) AND (id <= 514081))

table 7 : explain SELECT c FROM sbtest7 WHERE id BETWEEN 2608777 AND 2609776 ORDER BY c
	Sort  (cost=3689.63..3691.98 rows=938 width=121)
	  Sort Key: c
	  ->  Bitmap Heap Scan on sbtest7  (cost=30.05..3643.33 rows=938 width=121)
	        Recheck Cond: ((id >= 2608777) AND (id <= 2609776))
	        ->  Bitmap Index Scan on sbtest7_pkey  (cost=0.00..29.82 rows=938 width=0)
	              Index Cond: ((id >= 2608777) AND (id <= 2609776))

table 8 : explain SELECT c FROM sbtest8 WHERE id BETWEEN 3743531 AND 3744530 ORDER BY c
	Sort  (cost=3560.61..3562.88 rows=907 width=121)
	  Sort Key: c
	  ->  Bitmap Heap Scan on sbtest8  (cost=25.73..3516.06 rows=907 width=121)
	        Recheck Cond: ((id >= 3743531) AND (id <= 3744530))
	        ->  Bitmap Index Scan on sbtest8_pkey  (cost=0.00..25.50 rows=907 width=0)
	              Index Cond: ((id >= 3743531) AND (id <= 3744530))

explain: for point_selects :: explain SELECT c FROM sbtest%u WHERE id=%u
explain: for point_selects :: explain SELECT c FROM sbtest%u WHERE id=%u
for: sum_ranges
table 1 : explain SELECT SUM(k) FROM sbtest1 WHERE id BETWEEN 597931 AND 598930
	Aggregate  (cost=3754.20..3754.21 rows=1 width=8)
	  ->  Bitmap Heap Scan on sbtest1  (cost=30.36..3751.78 rows=968 width=4)
	        Recheck Cond: ((id >= 597931) AND (id <= 598930))
	        ->  Bitmap Index Scan on sbtest1_pkey  (cost=0.00..30.11 rows=968 width=0)
	              Index Cond: ((id >= 597931) AND (id <= 598930))

table 2 : explain SELECT SUM(k) FROM sbtest2 WHERE id BETWEEN 7999952 AND 8000951
	Aggregate  (cost=4028.30..4028.31 rows=1 width=8)
	  ->  Bitmap Heap Scan on sbtest2  (cost=31.11..4025.70 rows=1041 width=4)
	        Recheck Cond: ((id >= 7999952) AND (id <= 8000951))
	        ->  Bitmap Index Scan on sbtest2_pkey  (cost=0.00..30.84 rows=1041 width=0)
	              Index Cond: ((id >= 7999952) AND (id <= 8000951))

table 3 : explain SELECT SUM(k) FROM sbtest3 WHERE id BETWEEN 1306742 AND 1307741
	Aggregate  (cost=3508.81..3508.82 rows=1 width=8)
	  ->  Bitmap Heap Scan on sbtest3  (cost=29.68..3506.55 rows=902 width=4)
	        Recheck Cond: ((id >= 1306742) AND (id <= 1307741))
	        ->  Bitmap Index Scan on sbtest3_pkey  (cost=0.00..29.45 rows=902 width=0)
	              Index Cond: ((id >= 1306742) AND (id <= 1307741))

table 4 : explain SELECT SUM(k) FROM sbtest4 WHERE id BETWEEN 8402180 AND 8403179
	Aggregate  (cost=3738.85..3738.86 rows=1 width=8)
	  ->  Bitmap Heap Scan on sbtest4  (cost=30.31..3736.44 rows=963 width=4)
	        Recheck Cond: ((id >= 8402180) AND (id <= 8403179))
	        ->  Bitmap Index Scan on sbtest4_pkey  (cost=0.00..30.07 rows=963 width=0)
	              Index Cond: ((id >= 8402180) AND (id <= 8403179))

table 5 : explain SELECT SUM(k) FROM sbtest5 WHERE id BETWEEN 9652718 AND 9653717
	Aggregate  (cost=3696.60..3696.61 rows=1 width=8)
	  ->  Bitmap Heap Scan on sbtest5  (cost=26.21..3694.21 rows=954 width=4)
	        Recheck Cond: ((id >= 9652718) AND (id <= 9653717))
	        ->  Bitmap Index Scan on sbtest5_pkey  (cost=0.00..25.97 rows=954 width=0)
	              Index Cond: ((id >= 9652718) AND (id <= 9653717))

table 6 : explain SELECT SUM(k) FROM sbtest6 WHERE id BETWEEN 9875903 AND 9876902
	Aggregate  (cost=4143.58..4143.59 rows=1 width=8)
	  ->  Bitmap Heap Scan on sbtest6  (cost=31.41..4140.90 rows=1071 width=4)
	        Recheck Cond: ((id >= 9875903) AND (id <= 9876902))
	        ->  Bitmap Index Scan on sbtest6_pkey  (cost=0.00..31.14 rows=1071 width=0)
	              Index Cond: ((id >= 9875903) AND (id <= 9876902))

table 7 : explain SELECT SUM(k) FROM sbtest7 WHERE id BETWEEN 4535307 AND 4536306
	Aggregate  (cost=3834.99..3835.00 rows=1 width=8)
	  ->  Bitmap Heap Scan on sbtest7  (cost=30.56..3832.52 rows=988 width=4)
	        Recheck Cond: ((id >= 4535307) AND (id <= 4536306))
	        ->  Bitmap Index Scan on sbtest7_pkey  (cost=0.00..30.32 rows=988 width=0)
	              Index Cond: ((id >= 4535307) AND (id <= 4536306))

table 8 : explain SELECT SUM(k) FROM sbtest8 WHERE id BETWEEN 3178404 AND 3179403
	Aggregate  (cost=4711.95..4711.96 rows=1 width=8)
	  ->  Bitmap Heap Scan on sbtest8  (cost=36.97..4708.89 rows=1223 width=4)
	        Recheck Cond: ((id >= 3178404) AND (id <= 3179403))
	        ->  Bitmap Index Scan on sbtest8_pkey  (cost=0.00..36.67 rows=1223 width=0)
	              Index Cond: ((id >= 3178404) AND (id <= 3179403))

for: simple_ranges
table 1 : explain SELECT c FROM sbtest1 WHERE id BETWEEN 8812989 AND 8813988
	Bitmap Heap Scan on sbtest1  (cost=31.05..4008.21 rows=1036 width=121)
	  Recheck Cond: ((id >= 8812989) AND (id <= 8813988))
	  ->  Bitmap Index Scan on sbtest1_pkey  (cost=0.00..30.79 rows=1036 width=0)
	        Index Cond: ((id >= 8812989) AND (id <= 8813988))

table 2 : explain SELECT c FROM sbtest2 WHERE id BETWEEN 2033556 AND 2034555
	Bitmap Heap Scan on sbtest2  (cost=25.73..3516.15 rows=907 width=121)
	  Recheck Cond: ((id >= 2033556) AND (id <= 2034555))
	  ->  Bitmap Index Scan on sbtest2_pkey  (cost=0.00..25.50 rows=907 width=0)
	        Index Cond: ((id >= 2033556) AND (id <= 2034555))

table 3 : explain SELECT c FROM sbtest3 WHERE id BETWEEN 9334261 AND 9335260
	Bitmap Heap Scan on sbtest3  (cost=29.82..3559.62 rows=916 width=121)
	  Recheck Cond: ((id >= 9334261) AND (id <= 9335260))
	  ->  Bitmap Index Scan on sbtest3_pkey  (cost=0.00..29.59 rows=916 width=0)
	        Index Cond: ((id >= 9334261) AND (id <= 9335260))

table 4 : explain SELECT c FROM sbtest4 WHERE id BETWEEN 5701154 AND 5702153
	Bitmap Heap Scan on sbtest4  (cost=31.30..4102.66 rows=1060 width=121)
	  Recheck Cond: ((id >= 5701154) AND (id <= 5702153))
	  ->  Bitmap Index Scan on sbtest4_pkey  (cost=0.00..31.04 rows=1060 width=0)
	        Index Cond: ((id >= 5701154) AND (id <= 5702153))

table 5 : explain SELECT c FROM sbtest5 WHERE id BETWEEN 5826978 AND 5827977
	Bitmap Heap Scan on sbtest5  (cost=30.75..3894.39 rows=1006 width=121)
	  Recheck Cond: ((id >= 5826978) AND (id <= 5827977))
	  ->  Bitmap Index Scan on sbtest5_pkey  (cost=0.00..30.50 rows=1006 width=0)
	        Index Cond: ((id >= 5826978) AND (id <= 5827977))

table 6 : explain SELECT c FROM sbtest6 WHERE id BETWEEN 4767193 AND 4768192
	Bitmap Heap Scan on sbtest6  (cost=30.29..3726.14 rows=961 width=121)
	  Recheck Cond: ((id >= 4767193) AND (id <= 4768192))
	  ->  Bitmap Index Scan on sbtest6_pkey  (cost=0.00..30.04 rows=961 width=0)
	        Index Cond: ((id >= 4767193) AND (id <= 4768192))

table 7 : explain SELECT c FROM sbtest7 WHERE id BETWEEN 1399221 AND 1400220
	Bitmap Heap Scan on sbtest7  (cost=30.61..3851.42 rows=993 width=121)
	  Recheck Cond: ((id >= 1399221) AND (id <= 1400220))
	  ->  Bitmap Index Scan on sbtest7_pkey  (cost=0.00..30.36 rows=993 width=0)
	        Index Cond: ((id >= 1399221) AND (id <= 1400220))

table 8 : explain SELECT c FROM sbtest8 WHERE id BETWEEN 1058496 AND 1059495
	Bitmap Heap Scan on sbtest8  (cost=30.48..3795.75 rows=980 width=121)
	  Recheck Cond: ((id >= 1058496) AND (id <= 1059495))
	  ->  Bitmap Index Scan on sbtest8_pkey  (cost=0.00..30.23 rows=980 width=0)
	        Index Cond: ((id >= 1058496) AND (id <= 1059495))

for: sum_ranges
table 1 : explain SELECT SUM(k) FROM sbtest1 WHERE id BETWEEN 4223938 AND 4224937
	Aggregate  (cost=3844.83..3844.84 rows=1 width=8)
	  ->  Bitmap Heap Scan on sbtest1  (cost=30.60..3842.35 rows=992 width=4)
	        Recheck Cond: ((id >= 4223938) AND (id <= 4224937))
	        ->  Bitmap Index Scan on sbtest1_pkey  (cost=0.00..30.36 rows=992 width=0)
	              Index Cond: ((id >= 4223938) AND (id <= 4224937))

table 2 : explain SELECT SUM(k) FROM sbtest2 WHERE id BETWEEN 6510897 AND 6511896
	Aggregate  (cost=4081.02..4081.03 rows=1 width=8)
	  ->  Bitmap Heap Scan on sbtest2  (cost=31.25..4078.38 rows=1055 width=4)
	        Recheck Cond: ((id >= 6510897) AND (id <= 6511896))
	        ->  Bitmap Index Scan on sbtest2_pkey  (cost=0.00..30.98 rows=1055 width=0)
	              Index Cond: ((id >= 6510897) AND (id <= 6511896))

table 3 : explain SELECT SUM(k) FROM sbtest3 WHERE id BETWEEN 8769217 AND 8770216
	Aggregate  (cost=3811.88..3811.89 rows=1 width=8)
	  ->  Bitmap Heap Scan on sbtest3  (cost=30.50..3809.43 rows=982 width=4)
	        Recheck Cond: ((id >= 8769217) AND (id <= 8770216))
	        ->  Bitmap Index Scan on sbtest3_pkey  (cost=0.00..30.25 rows=982 width=0)
	              Index Cond: ((id >= 8769217) AND (id <= 8770216))

table 4 : explain SELECT SUM(k) FROM sbtest4 WHERE id BETWEEN 9170592 AND 9171591
	Aggregate  (cost=3753.98..3753.99 rows=1 width=8)
	  ->  Bitmap Heap Scan on sbtest4  (cost=30.35..3751.57 rows=967 width=4)
	        Recheck Cond: ((id >= 9170592) AND (id <= 9171591))
	        ->  Bitmap Index Scan on sbtest4_pkey  (cost=0.00..30.11 rows=967 width=0)
	              Index Cond: ((id >= 9170592) AND (id <= 9171591))

table 5 : explain SELECT SUM(k) FROM sbtest5 WHERE id BETWEEN 3892661 AND 3893660
	Aggregate  (cost=3813.89..3813.90 rows=1 width=8)
	  ->  Bitmap Heap Scan on sbtest5  (cost=30.52..3811.43 rows=984 width=4)
	        Recheck Cond: ((id >= 3892661) AND (id <= 3893660))
	        ->  Bitmap Index Scan on sbtest5_pkey  (cost=0.00..30.27 rows=984 width=0)
	              Index Cond: ((id >= 3892661) AND (id <= 3893660))

table 6 : explain SELECT SUM(k) FROM sbtest6 WHERE id BETWEEN 560609 AND 561608
	Aggregate  (cost=3917.38..3917.39 rows=1 width=8)
	  ->  Bitmap Heap Scan on sbtest6  (cost=30.80..3914.86 rows=1011 width=4)
	        Recheck Cond: ((id >= 560609) AND (id <= 561608))
	        ->  Bitmap Index Scan on sbtest6_pkey  (cost=0.00..30.54 rows=1011 width=0)
	              Index Cond: ((id >= 560609) AND (id <= 561608))

table 7 : explain SELECT SUM(k) FROM sbtest7 WHERE id BETWEEN 9254207 AND 9255206
	Aggregate  (cost=3698.71..3698.72 rows=1 width=8)
	  ->  Bitmap Heap Scan on sbtest7  (cost=30.19..3696.33 rows=952 width=4)
	        Recheck Cond: ((id >= 9254207) AND (id <= 9255206))
	        ->  Bitmap Index Scan on sbtest7_pkey  (cost=0.00..29.95 rows=952 width=0)
	              Index Cond: ((id >= 9254207) AND (id <= 9255206))

table 8 : explain SELECT SUM(k) FROM sbtest8 WHERE id BETWEEN 7235315 AND 7236314
	Aggregate  (cost=4355.43..4355.44 rows=1 width=8)
	  ->  Bitmap Heap Scan on sbtest8  (cost=32.01..4352.61 rows=1129 width=4)
	        Recheck Cond: ((id >= 7235315) AND (id <= 7236314))
	        ->  Bitmap Index Scan on sbtest8_pkey  (cost=0.00..31.72 rows=1129 width=0)
	              Index Cond: ((id >= 7235315) AND (id <= 7236314))

for: distinct_ranges
table 1 : explain SELECT DISTINCT c FROM sbtest1 WHERE id BETWEEN 5854505 AND 5855504 ORDER BY c
	Unique  (cost=4155.66..4160.97 rows=1061 width=121)
	  ->  Sort  (cost=4155.66..4158.31 rows=1061 width=121)
	        Sort Key: c
	        ->  Bitmap Heap Scan on sbtest1  (cost=31.31..4102.34 rows=1061 width=121)
	              Recheck Cond: ((id >= 5854505) AND (id <= 5855504))
	              ->  Bitmap Index Scan on sbtest1_pkey  (cost=0.00..31.04 rows=1061 width=0)
	                    Index Cond: ((id >= 5854505) AND (id <= 5855504))

table 2 : explain SELECT DISTINCT c FROM sbtest2 WHERE id BETWEEN 7910700 AND 7911699 ORDER BY c
	Unique  (cost=4077.87..4083.08 rows=1041 width=121)
	  ->  Sort  (cost=4077.87..4080.47 rows=1041 width=121)
	        Sort Key: c
	        ->  Bitmap Heap Scan on sbtest2  (cost=31.11..4025.70 rows=1041 width=121)
	              Recheck Cond: ((id >= 7910700) AND (id <= 7911699))
	              ->  Bitmap Index Scan on sbtest2_pkey  (cost=0.00..30.84 rows=1041 width=0)
	                    Index Cond: ((id >= 7910700) AND (id <= 7911699))

table 3 : explain SELECT DISTINCT c FROM sbtest3 WHERE id BETWEEN 5983084 AND 5984083 ORDER BY c
	Unique  (cost=4030.82..4035.95 rows=1027 width=121)
	  ->  Sort  (cost=4030.82..4033.38 rows=1027 width=121)
	        Sort Key: c
	        ->  Bitmap Heap Scan on sbtest3  (cost=30.96..3979.45 rows=1027 width=121)
	              Recheck Cond: ((id >= 5983084) AND (id <= 5984083))
	              ->  Bitmap Index Scan on sbtest3_pkey  (cost=0.00..30.70 rows=1027 width=0)
	                    Index Cond: ((id >= 5983084) AND (id <= 5984083))

table 4 : explain SELECT DISTINCT c FROM sbtest4 WHERE id BETWEEN 6599769 AND 6600768 ORDER BY c
	Unique  (cost=3664.96..3669.63 rows=933 width=121)
	  ->  Sort  (cost=3664.96..3667.29 rows=933 width=121)
	        Sort Key: c
	        ->  Bitmap Heap Scan on sbtest4  (cost=26.00..3618.94 rows=933 width=121)
	              Recheck Cond: ((id >= 6599769) AND (id <= 6600768))
	              ->  Bitmap Index Scan on sbtest4_pkey  (cost=0.00..25.76 rows=933 width=0)
	                    Index Cond: ((id >= 6599769) AND (id <= 6600768))

table 5 : explain SELECT DISTINCT c FROM sbtest5 WHERE id BETWEEN 4435349 AND 4436348 ORDER BY c
	Unique  (cost=3810.56..3815.42 rows=971 width=121)
	  ->  Sort  (cost=3810.56..3812.99 rows=971 width=121)
	        Sort Key: c
	        ->  Bitmap Heap Scan on sbtest5  (cost=30.39..3762.39 rows=971 width=121)
	              Recheck Cond: ((id >= 4435349) AND (id <= 4436348))
	              ->  Bitmap Index Scan on sbtest5_pkey  (cost=0.00..30.14 rows=971 width=0)
	                    Index Cond: ((id >= 4435349) AND (id <= 4436348))

table 6 : explain SELECT DISTINCT c FROM sbtest6 WHERE id BETWEEN 5488321 AND 5489320 ORDER BY c
	Unique  (cost=4103.05..4108.29 rows=1047 width=121)
	  ->  Sort  (cost=4103.05..4105.67 rows=1047 width=121)
	        Sort Key: c
	        ->  Bitmap Heap Scan on sbtest6  (cost=31.17..4050.54 rows=1047 width=121)
	              Recheck Cond: ((id >= 5488321) AND (id <= 5489320))
	              ->  Bitmap Index Scan on sbtest6_pkey  (cost=0.00..30.90 rows=1047 width=0)
	                    Index Cond: ((id >= 5488321) AND (id <= 5489320))

table 7 : explain SELECT DISTINCT c FROM sbtest7 WHERE id BETWEEN 3391510 AND 3392509 ORDER BY c
	Unique  (cost=3578.12..3582.66 rows=909 width=121)
	  ->  Sort  (cost=3578.12..3580.39 rows=909 width=121)
	        Sort Key: c
	        ->  Bitmap Heap Scan on sbtest7  (cost=29.75..3533.45 rows=909 width=121)
	              Recheck Cond: ((id >= 3391510) AND (id <= 3392509))
	              ->  Bitmap Index Scan on sbtest7_pkey  (cost=0.00..29.52 rows=909 width=0)
	                    Index Cond: ((id >= 3391510) AND (id <= 3392509))

table 8 : explain SELECT DISTINCT c FROM sbtest8 WHERE id BETWEEN 6116413 AND 6117412 ORDER BY c
	Unique  (cost=4222.88..4228.28 rows=1079 width=121)
	  ->  Sort  (cost=4222.88..4225.58 rows=1079 width=121)
	        Sort Key: c
	        ->  Bitmap Heap Scan on sbtest8  (cost=31.49..4168.53 rows=1079 width=121)
	              Recheck Cond: ((id >= 6116413) AND (id <= 6117412))
	              ->  Bitmap Index Scan on sbtest8_pkey  (cost=0.00..31.22 rows=1079 width=0)
	                    Index Cond: ((id >= 6116413) AND (id <= 6117412))

for: order_ranges
table 1 : explain SELECT c FROM sbtest1 WHERE id BETWEEN 8873036 AND 8874035 ORDER BY c
	Sort  (cost=4136.55..4139.19 rows=1056 width=121)
	  Sort Key: c
	  ->  Bitmap Heap Scan on sbtest1  (cost=31.26..4083.52 rows=1056 width=121)
	        Recheck Cond: ((id >= 8873036) AND (id <= 8874035))
	        ->  Bitmap Index Scan on sbtest1_pkey  (cost=0.00..31.00 rows=1056 width=0)
	              Index Cond: ((id >= 8873036) AND (id <= 8874035))

table 2 : explain SELECT c FROM sbtest2 WHERE id BETWEEN 6368088 AND 6369087 ORDER BY c
	Sort  (cost=3974.65..3977.18 rows=1014 width=121)
	  Sort Key: c
	  ->  Bitmap Heap Scan on sbtest2  (cost=30.83..3924.02 rows=1014 width=121)
	        Recheck Cond: ((id >= 6368088) AND (id <= 6369087))
	        ->  Bitmap Index Scan on sbtest2_pkey  (cost=0.00..30.57 rows=1014 width=0)
	              Index Cond: ((id >= 6368088) AND (id <= 6369087))

table 3 : explain SELECT c FROM sbtest3 WHERE id BETWEEN 1569630 AND 1570629 ORDER BY c
	Sort  (cost=4069.14..4071.73 rows=1037 width=121)
	  Sort Key: c
	  ->  Bitmap Heap Scan on sbtest3  (cost=31.06..4017.19 rows=1037 width=121)
	        Recheck Cond: ((id >= 1569630) AND (id <= 1570629))
	        ->  Bitmap Index Scan on sbtest3_pkey  (cost=0.00..30.80 rows=1037 width=0)
	              Index Cond: ((id >= 1569630) AND (id <= 1570629))

table 4 : explain SELECT c FROM sbtest4 WHERE id BETWEEN 8306162 AND 8307161 ORDER BY c
	Sort  (cost=3822.54..3824.97 rows=973 width=121)
	  Sort Key: c
	  ->  Bitmap Heap Scan on sbtest4  (cost=30.41..3774.25 rows=973 width=121)
	        Recheck Cond: ((id >= 8306162) AND (id <= 8307161))
	        ->  Bitmap Index Scan on sbtest4_pkey  (cost=0.00..30.16 rows=973 width=0)
	              Index Cond: ((id >= 8306162) AND (id <= 8307161))

table 5 : explain SELECT c FROM sbtest5 WHERE id BETWEEN 149524 AND 150523 ORDER BY c
	Sort  (cost=3637.89..3640.21 rows=927 width=121)
	  Sort Key: c
	  ->  Bitmap Heap Scan on sbtest5  (cost=25.94..3592.21 rows=927 width=121)
	        Recheck Cond: ((id >= 149524) AND (id <= 150523))
	        ->  Bitmap Index Scan on sbtest5_pkey  (cost=0.00..25.70 rows=927 width=0)
	              Index Cond: ((id >= 149524) AND (id <= 150523))

table 6 : explain SELECT c FROM sbtest6 WHERE id BETWEEN 3678532 AND 3679531 ORDER BY c
	Sort  (cost=4057.16..4059.74 rows=1035 width=121)
	  Sort Key: c
	  ->  Bitmap Heap Scan on sbtest6  (cost=31.04..4005.33 rows=1035 width=121)
	        Recheck Cond: ((id >= 3678532) AND (id <= 3679531))
	        ->  Bitmap Index Scan on sbtest6_pkey  (cost=0.00..30.79 rows=1035 width=0)
	              Index Cond: ((id >= 3678532) AND (id <= 3679531))

table 7 : explain SELECT c FROM sbtest7 WHERE id BETWEEN 9792554 AND 9793553 ORDER BY c
	Sort  (cost=3531.94..3534.18 rows=897 width=121)
	  Sort Key: c
	  ->  Bitmap Heap Scan on sbtest7  (cost=29.63..3487.95 rows=897 width=121)
	        Recheck Cond: ((id >= 9792554) AND (id <= 9793553))
	        ->  Bitmap Index Scan on sbtest7_pkey  (cost=0.00..29.40 rows=897 width=0)
	              Index Cond: ((id >= 9792554) AND (id <= 9793553))

table 8 : explain SELECT c FROM sbtest8 WHERE id BETWEEN 3079210 AND 3080209 ORDER BY c
	Sort  (cost=4104.51..4107.13 rows=1048 width=121)
	  Sort Key: c
	  ->  Bitmap Heap Scan on sbtest8  (cost=31.18..4051.93 rows=1048 width=121)
	        Recheck Cond: ((id >= 3079210) AND (id <= 3080209))
	        ->  Bitmap Index Scan on sbtest8_pkey  (cost=0.00..30.91 rows=1048 width=0)
	              Index Cond: ((id >= 3079210) AND (id <= 3080209))

for: simple_ranges
table 1 : explain SELECT c FROM sbtest1 WHERE id BETWEEN 3496192 AND 3497191
	Bitmap Heap Scan on sbtest1  (cost=31.04..4004.44 rows=1035 width=121)
	  Recheck Cond: ((id >= 3496192) AND (id <= 3497191))
	  ->  Bitmap Index Scan on sbtest1_pkey  (cost=0.00..30.79 rows=1035 width=0)
	        Index Cond: ((id >= 3496192) AND (id <= 3497191))

table 2 : explain SELECT c FROM sbtest2 WHERE id BETWEEN 5077139 AND 5078138
	Bitmap Heap Scan on sbtest2  (cost=30.72..3882.57 rows=1003 width=121)
	  Recheck Cond: ((id >= 5077139) AND (id <= 5078138))
	  ->  Bitmap Index Scan on sbtest2_pkey  (cost=0.00..30.46 rows=1003 width=0)
	        Index Cond: ((id >= 5077139) AND (id <= 5078138))

table 3 : explain SELECT c FROM sbtest3 WHERE id BETWEEN 7861092 AND 7862091
	Bitmap Heap Scan on sbtest3  (cost=31.48..4171.83 rows=1078 width=121)
	  Recheck Cond: ((id >= 7861092) AND (id <= 7862091))
	  ->  Bitmap Index Scan on sbtest3_pkey  (cost=0.00..31.21 rows=1078 width=0)
	        Index Cond: ((id >= 7861092) AND (id <= 7862091))

table 4 : explain SELECT c FROM sbtest4 WHERE id BETWEEN 8762779 AND 8763778
	Bitmap Heap Scan on sbtest4  (cost=26.05..3637.86 rows=938 width=121)
	  Recheck Cond: ((id >= 8762779) AND (id <= 8763778))
	  ->  Bitmap Index Scan on sbtest4_pkey  (cost=0.00..25.82 rows=938 width=0)
	        Index Cond: ((id >= 8762779) AND (id <= 8763778))

table 5 : explain SELECT c FROM sbtest5 WHERE id BETWEEN 3103473 AND 3104472
	Bitmap Heap Scan on sbtest5  (cost=30.93..3962.22 rows=1024 width=121)
	  Recheck Cond: ((id >= 3103473) AND (id <= 3104472))
	  ->  Bitmap Index Scan on sbtest5_pkey  (cost=0.00..30.68 rows=1024 width=0)
	        Index Cond: ((id >= 3103473) AND (id <= 3104472))

table 6 : explain SELECT c FROM sbtest6 WHERE id BETWEEN 6159931 AND 6160930
	Bitmap Heap Scan on sbtest6  (cost=30.11..3661.91 rows=944 width=121)
	  Recheck Cond: ((id >= 6159931) AND (id <= 6160930))
	  ->  Bitmap Index Scan on sbtest6_pkey  (cost=0.00..29.87 rows=944 width=0)
	        Index Cond: ((id >= 6159931) AND (id <= 6160930))

table 7 : explain SELECT c FROM sbtest7 WHERE id BETWEEN 6204255 AND 6205254
	Bitmap Heap Scan on sbtest7  (cost=31.02..4002.53 rows=1033 width=121)
	  Recheck Cond: ((id >= 6204255) AND (id <= 6205254))
	  ->  Bitmap Index Scan on sbtest7_pkey  (cost=0.00..30.76 rows=1033 width=0)
	        Index Cond: ((id >= 6204255) AND (id <= 6205254))

table 8 : explain SELECT c FROM sbtest8 WHERE id BETWEEN 2832466 AND 2833465
	Bitmap Heap Scan on sbtest8  (cost=31.56..4191.08 rows=1085 width=121)
	  Recheck Cond: ((id >= 2832466) AND (id <= 2833465))
	  ->  Bitmap Index Scan on sbtest8_pkey  (cost=0.00..31.29 rows=1085 width=0)
	        Index Cond: ((id >= 2832466) AND (id <= 2833465))

for point_selects
table 1 : explain SELECT c FROM sbtest1 WHERE id=4246580
	Index Scan using sbtest1_pkey on sbtest1  (cost=0.43..8.45 rows=1 width=121)
	  Index Cond: (id = 4246580)

table 2 : explain SELECT c FROM sbtest2 WHERE id=1840420
	Index Scan using sbtest2_pkey on sbtest2  (cost=0.43..8.45 rows=1 width=121)
	  Index Cond: (id = 1840420)

table 3 : explain SELECT c FROM sbtest3 WHERE id=87497
	Index Scan using sbtest3_pkey on sbtest3  (cost=0.43..8.45 rows=1 width=121)
	  Index Cond: (id = 87497)

table 4 : explain SELECT c FROM sbtest4 WHERE id=4840768
	Index Scan using sbtest4_pkey on sbtest4  (cost=0.43..8.45 rows=1 width=121)
	  Index Cond: (id = 4840768)

table 5 : explain SELECT c FROM sbtest5 WHERE id=3139350
	Index Scan using sbtest5_pkey on sbtest5  (cost=0.43..8.45 rows=1 width=121)
	  Index Cond: (id = 3139350)

table 6 : explain SELECT c FROM sbtest6 WHERE id=3028420
	Index Scan using sbtest6_pkey on sbtest6  (cost=0.43..8.45 rows=1 width=121)
	  Index Cond: (id = 3028420)

table 7 : explain SELECT c FROM sbtest7 WHERE id=3947761
	Index Scan using sbtest7_pkey on sbtest7  (cost=0.43..8.45 rows=1 width=121)
	  Index Cond: (id = 3947761)

table 8 : explain SELECT c FROM sbtest8 WHERE id=763728
	Index Scan using sbtest8_pkey on sbtest8  (cost=0.43..8.45 rows=1 width=121)
	  Index Cond: (id = 763728)

explain: for point_selects :: explain SELECT c FROM sbtest%u WHERE id=%u
explain: for point_selects :: explain SELECT c FROM sbtest%u WHERE id=%u
for: order_ranges
table 1 : explain SELECT c FROM sbtest1 WHERE id BETWEEN 3418757 AND 3419756 ORDER BY c
	Sort  (cost=4056.27..4058.86 rows=1035 width=121)
	  Sort Key: c
	  ->  Bitmap Heap Scan on sbtest1  (cost=31.04..4004.44 rows=1035 width=121)
	        Recheck Cond: ((id >= 3418757) AND (id <= 3419756))
	        ->  Bitmap Index Scan on sbtest1_pkey  (cost=0.00..30.79 rows=1035 width=0)
	              Index Cond: ((id >= 3418757) AND (id <= 3419756))

table 2 : explain SELECT c FROM sbtest2 WHERE id BETWEEN 8287302 AND 8288301 ORDER BY c
	Sort  (cost=3974.65..3977.18 rows=1014 width=121)
	  Sort Key: c
	  ->  Bitmap Heap Scan on sbtest2  (cost=30.83..3924.02 rows=1014 width=121)
	        Recheck Cond: ((id >= 8287302) AND (id <= 8288301))
	        ->  Bitmap Index Scan on sbtest2_pkey  (cost=0.00..30.57 rows=1014 width=0)
	              Index Cond: ((id >= 8287302) AND (id <= 8288301))

table 3 : explain SELECT c FROM sbtest3 WHERE id BETWEEN 7311184 AND 7312183 ORDER BY c
	Sort  (cost=4092.12..4094.73 rows=1043 width=121)
	  Sort Key: c
	  ->  Bitmap Heap Scan on sbtest3  (cost=31.13..4039.84 rows=1043 width=121)
	        Recheck Cond: ((id >= 7311184) AND (id <= 7312183))
	        ->  Bitmap Index Scan on sbtest3_pkey  (cost=0.00..30.86 rows=1043 width=0)
	              Index Cond: ((id >= 7311184) AND (id <= 7312183))

table 4 : explain SELECT c FROM sbtest4 WHERE id BETWEEN 700426 AND 701425 ORDER BY c
	Sort  (cost=4029.57..4032.14 rows=1027 width=121)
	  Sort Key: c
	  ->  Bitmap Heap Scan on sbtest4  (cost=30.96..3978.20 rows=1027 width=121)
	        Recheck Cond: ((id >= 700426) AND (id <= 701425))
	        ->  Bitmap Index Scan on sbtest4_pkey  (cost=0.00..30.70 rows=1027 width=0)
	              Index Cond: ((id >= 700426) AND (id <= 701425))

table 5 : explain SELECT c FROM sbtest5 WHERE id BETWEEN 7102257 AND 7103256 ORDER BY c
	Sort  (cost=4173.94..4176.60 rows=1066 width=121)
	  Sort Key: c
	  ->  Bitmap Heap Scan on sbtest5  (cost=31.36..4120.33 rows=1066 width=121)
	        Recheck Cond: ((id >= 7102257) AND (id <= 7103256))
	        ->  Bitmap Index Scan on sbtest5_pkey  (cost=0.00..31.09 rows=1066 width=0)
	              Index Cond: ((id >= 7102257) AND (id <= 7103256))

table 6 : explain SELECT c FROM sbtest6 WHERE id BETWEEN 7269819 AND 7270818 ORDER BY c
	Sort  (cost=3704.71..3707.07 rows=943 width=121)
	  Sort Key: c
	  ->  Bitmap Heap Scan on sbtest6  (cost=30.10..3658.13 rows=943 width=121)
	        Recheck Cond: ((id >= 7269819) AND (id <= 7270818))
	        ->  Bitmap Index Scan on sbtest6_pkey  (cost=0.00..29.86 rows=943 width=0)
	              Index Cond: ((id >= 7269819) AND (id <= 7270818))

table 7 : explain SELECT c FROM sbtest7 WHERE id BETWEEN 5720466 AND 5721465 ORDER BY c
	Sort  (cost=4115.55..4118.17 rows=1049 width=121)
	  Sort Key: c
	  ->  Bitmap Heap Scan on sbtest7  (cost=31.19..4062.92 rows=1049 width=121)
	        Recheck Cond: ((id >= 5720466) AND (id <= 5721465))
	        ->  Bitmap Index Scan on sbtest7_pkey  (cost=0.00..30.93 rows=1049 width=0)
	              Index Cond: ((id >= 5720466) AND (id <= 5721465))

table 8 : explain SELECT c FROM sbtest8 WHERE id BETWEEN 2625157 AND 2626156 ORDER BY c
	Sort  (cost=3806.14..3808.57 rows=970 width=121)
	  Sort Key: c
	  ->  Bitmap Heap Scan on sbtest8  (cost=30.38..3758.02 rows=970 width=121)
	        Recheck Cond: ((id >= 2625157) AND (id <= 2626156))
	        ->  Bitmap Index Scan on sbtest8_pkey  (cost=0.00..30.14 rows=970 width=0)
	              Index Cond: ((id >= 2625157) AND (id <= 2626156))

for: distinct_ranges
table 1 : explain SELECT DISTINCT c FROM sbtest1 WHERE id BETWEEN 9285266 AND 9286265 ORDER BY c
	Unique  (cost=4193.87..4199.22 rows=1071 width=121)
	  ->  Sort  (cost=4193.87..4196.54 rows=1071 width=121)
	        Sort Key: c
	        ->  Bitmap Heap Scan on sbtest1  (cost=31.41..4139.97 rows=1071 width=121)
	              Recheck Cond: ((id >= 9285266) AND (id <= 9286265))
	              ->  Bitmap Index Scan on sbtest1_pkey  (cost=0.00..31.14 rows=1071 width=0)
	                    Index Cond: ((id >= 9285266) AND (id <= 9286265))

table 2 : explain SELECT DISTINCT c FROM sbtest2 WHERE id BETWEEN 3474129 AND 3475128 ORDER BY c
	Unique  (cost=4387.11..4392.73 rows=1123 width=121)
	  ->  Sort  (cost=4387.11..4389.92 rows=1123 width=121)
	        Sort Key: c
	        ->  Bitmap Heap Scan on sbtest2  (cost=31.95..4330.21 rows=1123 width=121)
	              Recheck Cond: ((id >= 3474129) AND (id <= 3475128))
	              ->  Bitmap Index Scan on sbtest2_pkey  (cost=0.00..31.66 rows=1123 width=0)
	                    Index Cond: ((id >= 3474129) AND (id <= 3475128))

table 3 : explain SELECT DISTINCT c FROM sbtest3 WHERE id BETWEEN 338845 AND 339844 ORDER BY c
	Unique  (cost=3723.84..3728.57 rows=947 width=121)
	  ->  Sort  (cost=3723.84..3726.20 rows=947 width=121)
	        Sort Key: c
	        ->  Bitmap Heap Scan on sbtest3  (cost=30.14..3677.02 rows=947 width=121)
	              Recheck Cond: ((id >= 338845) AND (id <= 339844))
	              ->  Bitmap Index Scan on sbtest3_pkey  (cost=0.00..29.90 rows=947 width=0)
	                    Index Cond: ((id >= 338845) AND (id <= 339844))

table 4 : explain SELECT DISTINCT c FROM sbtest4 WHERE id BETWEEN 3508192 AND 3509191 ORDER BY c
	Unique  (cost=4568.67..4574.52 rows=1169 width=121)
	  ->  Sort  (cost=4568.67..4571.59 rows=1169 width=121)
	        Sort Key: c
	        ->  Bitmap Heap Scan on sbtest4  (cost=32.42..4509.11 rows=1169 width=121)
	              Recheck Cond: ((id >= 3508192) AND (id <= 3509191))
	              ->  Bitmap Index Scan on sbtest4_pkey  (cost=0.00..32.12 rows=1169 width=0)
	                    Index Cond: ((id >= 3508192) AND (id <= 3509191))

table 5 : explain SELECT DISTINCT c FROM sbtest5 WHERE id BETWEEN 415434 AND 416433 ORDER BY c
	Unique  (cost=3710.76..3715.49 rows=946 width=121)
	  ->  Sort  (cost=3710.76..3713.12 rows=946 width=121)
	        Sort Key: c
	        ->  Bitmap Heap Scan on sbtest5  (cost=26.13..3664.00 rows=946 width=121)
	              Recheck Cond: ((id >= 415434) AND (id <= 416433))
	              ->  Bitmap Index Scan on sbtest5_pkey  (cost=0.00..25.89 rows=946 width=0)
	                    Index Cond: ((id >= 415434) AND (id <= 416433))

table 6 : explain SELECT DISTINCT c FROM sbtest6 WHERE id BETWEEN 1855611 AND 1856610 ORDER BY c
	Unique  (cost=3643.32..3647.95 rows=927 width=121)
	  ->  Sort  (cost=3643.32..3645.63 rows=927 width=121)
	        Sort Key: c
	        ->  Bitmap Heap Scan on sbtest6  (cost=29.94..3597.63 rows=927 width=121)
	              Recheck Cond: ((id >= 1855611) AND (id <= 1856610))
	              ->  Bitmap Index Scan on sbtest6_pkey  (cost=0.00..29.70 rows=927 width=0)
	                    Index Cond: ((id >= 1855611) AND (id <= 1856610))

table 7 : explain SELECT DISTINCT c FROM sbtest7 WHERE id BETWEEN 6149433 AND 6150432 ORDER BY c
	Unique  (cost=3639.65..3644.28 rows=925 width=121)
	  ->  Sort  (cost=3639.65..3641.97 rows=925 width=121)
	        Sort Key: c
	        ->  Bitmap Heap Scan on sbtest7  (cost=29.92..3594.08 rows=925 width=121)
	              Recheck Cond: ((id >= 6149433) AND (id <= 6150432))
	              ->  Bitmap Index Scan on sbtest7_pkey  (cost=0.00..29.68 rows=925 width=0)
	                    Index Cond: ((id >= 6149433) AND (id <= 6150432))

table 8 : explain SELECT DISTINCT c FROM sbtest8 WHERE id BETWEEN 3640110 AND 3641109 ORDER BY c
	Unique  (cost=3767.84..3772.64 rows=960 width=121)
	  ->  Sort  (cost=3767.84..3770.24 rows=960 width=121)
	        Sort Key: c
	        ->  Bitmap Heap Scan on sbtest8  (cost=30.27..3720.28 rows=960 width=121)
	              Recheck Cond: ((id >= 3640110) AND (id <= 3641109))
	              ->  Bitmap Index Scan on sbtest8_pkey  (cost=0.00..30.04 rows=960 width=0)
	                    Index Cond: ((id >= 3640110) AND (id <= 3641109))

for: order_ranges
table 1 : explain SELECT c FROM sbtest1 WHERE id BETWEEN 4140145 AND 4141144 ORDER BY c
	Sort  (cost=4025.68..4028.24 rows=1027 width=121)
	  Sort Key: c
	  ->  Bitmap Heap Scan on sbtest1  (cost=30.96..3974.30 rows=1027 width=121)
	        Recheck Cond: ((id >= 4140145) AND (id <= 4141144))
	        ->  Bitmap Index Scan on sbtest1_pkey  (cost=0.00..30.70 rows=1027 width=0)
	              Index Cond: ((id >= 4140145) AND (id <= 4141144))

table 2 : explain SELECT c FROM sbtest2 WHERE id BETWEEN 3066716 AND 3067715 ORDER BY c
	Sort  (cost=4016.71..4019.28 rows=1025 width=121)
	  Sort Key: c
	  ->  Bitmap Heap Scan on sbtest2  (cost=30.94..3965.46 rows=1025 width=121)
	        Recheck Cond: ((id >= 3066716) AND (id <= 3067715))
	        ->  Bitmap Index Scan on sbtest2_pkey  (cost=0.00..30.68 rows=1025 width=0)
	              Index Cond: ((id >= 3066716) AND (id <= 3067715))

table 3 : explain SELECT c FROM sbtest3 WHERE id BETWEEN 5540032 AND 5541031 ORDER BY c
	Sort  (cost=4115.11..4117.73 rows=1049 width=121)
	  Sort Key: c
	  ->  Bitmap Heap Scan on sbtest3  (cost=31.19..4062.47 rows=1049 width=121)
	        Recheck Cond: ((id >= 5540032) AND (id <= 5541031))
	        ->  Bitmap Index Scan on sbtest3_pkey  (cost=0.00..30.93 rows=1049 width=0)
	              Index Cond: ((id >= 5540032) AND (id <= 5541031))

table 4 : explain SELECT c FROM sbtest4 WHERE id BETWEEN 4687093 AND 4688092 ORDER BY c
	Sort  (cost=3553.50..3555.76 rows=904 width=121)
	  Sort Key: c
	  ->  Bitmap Heap Scan on sbtest4  (cost=25.70..3509.11 rows=904 width=121)
	        Recheck Cond: ((id >= 4687093) AND (id <= 4688092))
	        ->  Bitmap Index Scan on sbtest4_pkey  (cost=0.00..25.47 rows=904 width=0)
	              Index Cond: ((id >= 4687093) AND (id <= 4688092))

table 5 : explain SELECT c FROM sbtest5 WHERE id BETWEEN 2238118 AND 2239117 ORDER BY c
	Sort  (cost=3580.34..3582.62 rows=912 width=121)
	  Sort Key: c
	  ->  Bitmap Heap Scan on sbtest5  (cost=25.78..3535.50 rows=912 width=121)
	        Recheck Cond: ((id >= 2238118) AND (id <= 2239117))
	        ->  Bitmap Index Scan on sbtest5_pkey  (cost=0.00..25.55 rows=912 width=0)
	              Index Cond: ((id >= 2238118) AND (id <= 2239117))

table 6 : explain SELECT c FROM sbtest6 WHERE id BETWEEN 6241208 AND 6242207 ORDER BY c
	Sort  (cost=4507.84..4510.72 rows=1154 width=121)
	  Sort Key: c
	  ->  Bitmap Heap Scan on sbtest6  (cost=32.26..4449.14 rows=1154 width=121)
	        Recheck Cond: ((id >= 6241208) AND (id <= 6242207))
	        ->  Bitmap Index Scan on sbtest6_pkey  (cost=0.00..31.97 rows=1154 width=0)
	              Index Cond: ((id >= 6241208) AND (id <= 6242207))

table 7 : explain SELECT c FROM sbtest7 WHERE id BETWEEN 2665591 AND 2666590 ORDER BY c
	Sort  (cost=3689.63..3691.98 rows=938 width=121)
	  Sort Key: c
	  ->  Bitmap Heap Scan on sbtest7  (cost=30.05..3643.33 rows=938 width=121)
	        Recheck Cond: ((id >= 2665591) AND (id <= 2666590))
	        ->  Bitmap Index Scan on sbtest7_pkey  (cost=0.00..29.82 rows=938 width=0)
	              Index Cond: ((id >= 2665591) AND (id <= 2666590))

table 8 : explain SELECT c FROM sbtest8 WHERE id BETWEEN 9879101 AND 9880100 ORDER BY c
	Sort  (cost=4276.31..4279.04 rows=1093 width=121)
	  Sort Key: c
	  ->  Bitmap Heap Scan on sbtest8  (cost=31.64..4221.15 rows=1093 width=121)
	        Recheck Cond: ((id >= 9879101) AND (id <= 9880100))
	        ->  Bitmap Index Scan on sbtest8_pkey  (cost=0.00..31.36 rows=1093 width=0)
	              Index Cond: ((id >= 9879101) AND (id <= 9880100))

for: order_ranges
table 1 : explain SELECT c FROM sbtest1 WHERE id BETWEEN 6380147 AND 6381146 ORDER BY c
	Sort  (cost=3822.78..3825.21 rows=974 width=121)
	  Sort Key: c
	  ->  Bitmap Heap Scan on sbtest1  (cost=30.42..3774.43 rows=974 width=121)
	        Recheck Cond: ((id >= 6380147) AND (id <= 6381146))
	        ->  Bitmap Index Scan on sbtest1_pkey  (cost=0.00..30.18 rows=974 width=0)
	              Index Cond: ((id >= 6380147) AND (id <= 6381146))

table 2 : explain SELECT c FROM sbtest2 WHERE id BETWEEN 553373 AND 554372 ORDER BY c
	Sort  (cost=4074.05..4076.65 rows=1040 width=121)
	  Sort Key: c
	  ->  Bitmap Heap Scan on sbtest2  (cost=31.09..4021.93 rows=1040 width=121)
	        Recheck Cond: ((id >= 553373) AND (id <= 554372))
	        ->  Bitmap Index Scan on sbtest2_pkey  (cost=0.00..30.83 rows=1040 width=0)
	              Index Cond: ((id >= 553373) AND (id <= 554372))

table 3 : explain SELECT c FROM sbtest3 WHERE id BETWEEN 4436286 AND 4437285 ORDER BY c
	Sort  (cost=3654.66..3656.99 rows=929 width=121)
	  Sort Key: c
	  ->  Bitmap Heap Scan on sbtest3  (cost=29.96..3608.87 rows=929 width=121)
	        Recheck Cond: ((id >= 4436286) AND (id <= 4437285))
	        ->  Bitmap Index Scan on sbtest3_pkey  (cost=0.00..29.72 rows=929 width=0)
	              Index Cond: ((id >= 4436286) AND (id <= 4437285))

table 4 : explain SELECT c FROM sbtest4 WHERE id BETWEEN 6335331 AND 6336330 ORDER BY c
	Sort  (cost=3941.44..3943.95 rows=1004 width=121)
	  Sort Key: c
	  ->  Bitmap Heap Scan on sbtest4  (cost=30.73..3891.38 rows=1004 width=121)
	        Recheck Cond: ((id >= 6335331) AND (id <= 6336330))
	        ->  Bitmap Index Scan on sbtest4_pkey  (cost=0.00..30.47 rows=1004 width=0)
	              Index Cond: ((id >= 6335331) AND (id <= 6336330))

table 5 : explain SELECT c FROM sbtest5 WHERE id BETWEEN 4082505 AND 4083504 ORDER BY c
	Sort  (cost=3568.82..3571.10 rows=909 width=121)
	  Sort Key: c
	  ->  Bitmap Heap Scan on sbtest5  (cost=25.75..3524.15 rows=909 width=121)
	        Recheck Cond: ((id >= 4082505) AND (id <= 4083504))
	        ->  Bitmap Index Scan on sbtest5_pkey  (cost=0.00..25.52 rows=909 width=0)
	              Index Cond: ((id >= 4082505) AND (id <= 4083504))

table 6 : explain SELECT c FROM sbtest6 WHERE id BETWEEN 590605 AND 591604 ORDER BY c
	Sort  (cost=3965.31..3967.84 rows=1011 width=121)
	  Sort Key: c
	  ->  Bitmap Heap Scan on sbtest6  (cost=30.80..3914.86 rows=1011 width=121)
	        Recheck Cond: ((id >= 590605) AND (id <= 591604))
	        ->  Bitmap Index Scan on sbtest6_pkey  (cost=0.00..30.54 rows=1011 width=0)
	              Index Cond: ((id >= 590605) AND (id <= 591604))

table 7 : explain SELECT c FROM sbtest7 WHERE id BETWEEN 4401462 AND 4402461 ORDER BY c
	Sort  (cost=4222.77..4225.46 rows=1077 width=121)
	  Sort Key: c
	  ->  Bitmap Heap Scan on sbtest7  (cost=31.47..4168.53 rows=1077 width=121)
	        Recheck Cond: ((id >= 4401462) AND (id <= 4402461))
	        ->  Bitmap Index Scan on sbtest7_pkey  (cost=0.00..31.20 rows=1077 width=0)
	              Index Cond: ((id >= 4401462) AND (id <= 4402461))

table 8 : explain SELECT c FROM sbtest8 WHERE id BETWEEN 2279853 AND 2280852 ORDER BY c
	Sort  (cost=4371.74..4374.53 rows=1119 width=121)
	  Sort Key: c
	  ->  Bitmap Heap Scan on sbtest8  (cost=31.90..4315.07 rows=1119 width=121)
	        Recheck Cond: ((id >= 2279853) AND (id <= 2280852))
	        ->  Bitmap Index Scan on sbtest8_pkey  (cost=0.00..31.62 rows=1119 width=0)
	              Index Cond: ((id >= 2279853) AND (id <= 2280852))

for: sum_ranges
table 1 : explain SELECT SUM(k) FROM sbtest1 WHERE id BETWEEN 4424261 AND 4425260
	Aggregate  (cost=3886.35..3886.36 rows=1 width=8)
	  ->  Bitmap Heap Scan on sbtest1  (cost=30.72..3883.84 rows=1003 width=4)
	        Recheck Cond: ((id >= 4424261) AND (id <= 4425260))
	        ->  Bitmap Index Scan on sbtest1_pkey  (cost=0.00..30.46 rows=1003 width=0)
	              Index Cond: ((id >= 4424261) AND (id <= 4425260))

table 2 : explain SELECT SUM(k) FROM sbtest2 WHERE id BETWEEN 6252256 AND 6253255
	Aggregate  (cost=4001.93..4001.94 rows=1 width=8)
	  ->  Bitmap Heap Scan on sbtest2  (cost=31.03..3999.35 rows=1034 width=4)
	        Recheck Cond: ((id >= 6252256) AND (id <= 6253255))
	        ->  Bitmap Index Scan on sbtest2_pkey  (cost=0.00..30.77 rows=1034 width=0)
	              Index Cond: ((id >= 6252256) AND (id <= 6253255))

table 3 : explain SELECT SUM(k) FROM sbtest3 WHERE id BETWEEN 6216228 AND 6217227
	Aggregate  (cost=3573.28..3573.29 rows=1 width=8)
	  ->  Bitmap Heap Scan on sbtest3  (cost=29.85..3570.98 rows=919 width=4)
	        Recheck Cond: ((id >= 6216228) AND (id <= 6217227))
	        ->  Bitmap Index Scan on sbtest3_pkey  (cost=0.00..29.62 rows=919 width=0)
	              Index Cond: ((id >= 6216228) AND (id <= 6217227))

table 4 : explain SELECT SUM(k) FROM sbtest4 WHERE id BETWEEN 8434626 AND 8435625
	Aggregate  (cost=3738.85..3738.86 rows=1 width=8)
	  ->  Bitmap Heap Scan on sbtest4  (cost=30.31..3736.44 rows=963 width=4)
	        Recheck Cond: ((id >= 8434626) AND (id <= 8435625))
	        ->  Bitmap Index Scan on sbtest4_pkey  (cost=0.00..30.07 rows=963 width=0)
	              Index Cond: ((id >= 8434626) AND (id <= 8435625))

table 5 : explain SELECT SUM(k) FROM sbtest5 WHERE id BETWEEN 9471502 AND 9472501
	Aggregate  (cost=3791.24..3791.25 rows=1 width=8)
	  ->  Bitmap Heap Scan on sbtest5  (cost=30.46..3788.80 rows=978 width=4)
	        Recheck Cond: ((id >= 9471502) AND (id <= 9472501))
	        ->  Bitmap Index Scan on sbtest5_pkey  (cost=0.00..30.21 rows=978 width=0)
	              Index Cond: ((id >= 9471502) AND (id <= 9472501))

table 6 : explain SELECT SUM(k) FROM sbtest6 WHERE id BETWEEN 6830346 AND 6831345
	Aggregate  (cost=3486.14..3486.15 rows=1 width=8)
	  ->  Bitmap Heap Scan on sbtest6  (cost=25.64..3483.90 rows=898 width=4)
	        Recheck Cond: ((id >= 6830346) AND (id <= 6831345))
	        ->  Bitmap Index Scan on sbtest6_pkey  (cost=0.00..25.41 rows=898 width=0)
	              Index Cond: ((id >= 6830346) AND (id <= 6831345))

table 7 : explain SELECT SUM(k) FROM sbtest7 WHERE id BETWEEN 453735 AND 454734
	Aggregate  (cost=4273.26..4273.27 rows=1 width=8)
	  ->  Bitmap Heap Scan on sbtest7  (cost=35.74..4270.51 rows=1103 width=4)
	        Recheck Cond: ((id >= 453735) AND (id <= 454734))
	        ->  Bitmap Index Scan on sbtest7_pkey  (cost=0.00..35.47 rows=1103 width=0)
	              Index Cond: ((id >= 453735) AND (id <= 454734))

table 8 : explain SELECT SUM(k) FROM sbtest8 WHERE id BETWEEN 8995918 AND 8996917
	Aggregate  (cost=4253.95..4253.96 rows=1 width=8)
	  ->  Bitmap Heap Scan on sbtest8  (cost=31.72..4251.20 rows=1101 width=4)
	        Recheck Cond: ((id >= 8995918) AND (id <= 8996917))
	        ->  Bitmap Index Scan on sbtest8_pkey  (cost=0.00..31.44 rows=1101 width=0)
	              Index Cond: ((id >= 8995918) AND (id <= 8996917))

for: order_ranges
table 1 : explain SELECT c FROM sbtest1 WHERE id BETWEEN 2113263 AND 2114262 ORDER BY c
	Sort  (cost=3884.07..3886.54 rows=990 width=121)
	  Sort Key: c
	  ->  Bitmap Heap Scan on sbtest1  (cost=30.58..3834.81 rows=990 width=121)
	        Recheck Cond: ((id >= 2113263) AND (id <= 2114262))
	        ->  Bitmap Index Scan on sbtest1_pkey  (cost=0.00..30.33 rows=990 width=0)
	              Index Cond: ((id >= 2113263) AND (id <= 2114262))

table 2 : explain SELECT c FROM sbtest2 WHERE id BETWEEN 4555028 AND 4556027 ORDER BY c
	Sort  (cost=3618.42..3620.73 rows=921 width=121)
	  Sort Key: c
	  ->  Bitmap Heap Scan on sbtest2  (cost=29.88..3573.08 rows=921 width=121)
	        Recheck Cond: ((id >= 4555028) AND (id <= 4556027))
	        ->  Bitmap Index Scan on sbtest2_pkey  (cost=0.00..29.64 rows=921 width=0)
	              Index Cond: ((id >= 4555028) AND (id <= 4556027))

table 3 : explain SELECT c FROM sbtest3 WHERE id BETWEEN 9684194 AND 9685193 ORDER BY c
	Sort  (cost=4003.99..4006.54 rows=1020 width=121)
	  Sort Key: c
	  ->  Bitmap Heap Scan on sbtest3  (cost=30.89..3953.01 rows=1020 width=121)
	        Recheck Cond: ((id >= 9684194) AND (id <= 9685193))
	        ->  Bitmap Index Scan on sbtest3_pkey  (cost=0.00..30.64 rows=1020 width=0)
	              Index Cond: ((id >= 9684194) AND (id <= 9685193))

table 4 : explain SELECT c FROM sbtest4 WHERE id BETWEEN 8552538 AND 8553537 ORDER BY c
	Sort  (cost=3795.68..3798.09 rows=966 width=121)
	  Sort Key: c
	  ->  Bitmap Heap Scan on sbtest4  (cost=30.34..3747.79 rows=966 width=121)
	        Recheck Cond: ((id >= 8552538) AND (id <= 8553537))
	        ->  Bitmap Index Scan on sbtest4_pkey  (cost=0.00..30.09 rows=966 width=0)
	              Index Cond: ((id >= 8552538) AND (id <= 8553537))

table 5 : explain SELECT c FROM sbtest5 WHERE id BETWEEN 579491 AND 580490 ORDER BY c
	Sort  (cost=3657.07..3659.40 rows=932 width=121)
	  Sort Key: c
	  ->  Bitmap Heap Scan on sbtest5  (cost=25.99..3611.11 rows=932 width=121)
	        Recheck Cond: ((id >= 579491) AND (id <= 580490))
	        ->  Bitmap Index Scan on sbtest5_pkey  (cost=0.00..25.75 rows=932 width=0)
	              Index Cond: ((id >= 579491) AND (id <= 580490))

table 6 : explain SELECT c FROM sbtest6 WHERE id BETWEEN 1910262 AND 1911261 ORDER BY c
	Sort  (cost=3808.25..3810.68 rows=970 width=121)
	  Sort Key: c
	  ->  Bitmap Heap Scan on sbtest6  (cost=30.38..3760.13 rows=970 width=121)
	        Recheck Cond: ((id >= 1910262) AND (id <= 1911261))
	        ->  Bitmap Index Scan on sbtest6_pkey  (cost=0.00..30.14 rows=970 width=0)
	              Index Cond: ((id >= 1910262) AND (id <= 1911261))

table 7 : explain SELECT c FROM sbtest7 WHERE id BETWEEN 8692603 AND 8693602 ORDER BY c
	Sort  (cost=3558.88..3561.14 rows=904 width=121)
	  Sort Key: c
	  ->  Bitmap Heap Scan on sbtest7  (cost=29.70..3514.49 rows=904 width=121)
	        Recheck Cond: ((id >= 8692603) AND (id <= 8693602))
	        ->  Bitmap Index Scan on sbtest7_pkey  (cost=0.00..29.47 rows=904 width=0)
	              Index Cond: ((id >= 8692603) AND (id <= 8693602))

table 8 : explain SELECT c FROM sbtest8 WHERE id BETWEEN 2120352 AND 2121351 ORDER BY c
	Sort  (cost=3764.01..3766.40 rows=959 width=121)
	  Sort Key: c
	  ->  Bitmap Heap Scan on sbtest8  (cost=30.26..3716.51 rows=959 width=121)
	        Recheck Cond: ((id >= 2120352) AND (id <= 2121351))
	        ->  Bitmap Index Scan on sbtest8_pkey  (cost=0.00..30.02 rows=959 width=0)
	              Index Cond: ((id >= 2120352) AND (id <= 2121351))

for: distinct_ranges
table 1 : explain SELECT DISTINCT c FROM sbtest1 WHERE id BETWEEN 5338339 AND 5339338 ORDER BY c
	Unique  (cost=4018.03..4023.15 rows=1025 width=121)
	  ->  Sort  (cost=4018.03..4020.59 rows=1025 width=121)
	        Sort Key: c
	        ->  Bitmap Heap Scan on sbtest1  (cost=30.94..3966.77 rows=1025 width=121)
	              Recheck Cond: ((id >= 5338339) AND (id <= 5339338))
	              ->  Bitmap Index Scan on sbtest1_pkey  (cost=0.00..30.68 rows=1025 width=0)
	                    Index Cond: ((id >= 5338339) AND (id <= 5339338))

table 2 : explain SELECT DISTINCT c FROM sbtest2 WHERE id BETWEEN 1147220 AND 1148219 ORDER BY c
	Unique  (cost=3790.92..3795.75 rows=966 width=121)
	  ->  Sort  (cost=3790.92..3793.34 rows=966 width=121)
	        Sort Key: c
	        ->  Bitmap Heap Scan on sbtest2  (cost=30.34..3743.03 rows=966 width=121)
	              Recheck Cond: ((id >= 1147220) AND (id <= 1148219))
	              ->  Bitmap Index Scan on sbtest2_pkey  (cost=0.00..30.09 rows=966 width=0)
	                    Index Cond: ((id >= 1147220) AND (id <= 1148219))

table 3 : explain SELECT DISTINCT c FROM sbtest3 WHERE id BETWEEN 2747246 AND 2748245 ORDER BY c
	Unique  (cost=3716.15..3720.88 rows=945 width=121)
	  ->  Sort  (cost=3716.15..3718.52 rows=945 width=121)
	        Sort Key: c
	        ->  Bitmap Heap Scan on sbtest3  (cost=30.12..3669.45 rows=945 width=121)
	              Recheck Cond: ((id >= 2747246) AND (id <= 2748245))
	              ->  Bitmap Index Scan on sbtest3_pkey  (cost=0.00..29.89 rows=945 width=0)
	                    Index Cond: ((id >= 2747246) AND (id <= 2748245))

table 4 : explain SELECT DISTINCT c FROM sbtest4 WHERE id BETWEEN 8941310 AND 8942309 ORDER BY c
	Unique  (cost=3753.45..3758.23 rows=955 width=121)
	  ->  Sort  (cost=3753.45..3755.84 rows=955 width=121)
	        Sort Key: c
	        ->  Bitmap Heap Scan on sbtest4  (cost=30.22..3706.19 rows=955 width=121)
	              Recheck Cond: ((id >= 8941310) AND (id <= 8942309))
	              ->  Bitmap Index Scan on sbtest4_pkey  (cost=0.00..29.98 rows=955 width=0)
	                    Index Cond: ((id >= 8941310) AND (id <= 8942309))

table 5 : explain SELECT DISTINCT c FROM sbtest5 WHERE id BETWEEN 520579 AND 521578 ORDER BY c
	Unique  (cost=3657.07..3661.73 rows=932 width=121)
	  ->  Sort  (cost=3657.07..3659.40 rows=932 width=121)
	        Sort Key: c
	        ->  Bitmap Heap Scan on sbtest5  (cost=25.99..3611.11 rows=932 width=121)
	              Recheck Cond: ((id >= 520579) AND (id <= 521578))
	              ->  Bitmap Index Scan on sbtest5_pkey  (cost=0.00..25.75 rows=932 width=0)
	                    Index Cond: ((id >= 520579) AND (id <= 521578))

table 6 : explain SELECT DISTINCT c FROM sbtest6 WHERE id BETWEEN 5134528 AND 5135527 ORDER BY c
	Unique  (cost=3819.75..3824.62 rows=973 width=121)
	  ->  Sort  (cost=3819.75..3822.19 rows=973 width=121)
	        Sort Key: c
	        ->  Bitmap Heap Scan on sbtest6  (cost=30.41..3771.46 rows=973 width=121)
	              Recheck Cond: ((id >= 5134528) AND (id <= 5135527))
	              ->  Bitmap Index Scan on sbtest6_pkey  (cost=0.00..30.16 rows=973 width=0)
	                    Index Cond: ((id >= 5134528) AND (id <= 5135527))

table 7 : explain SELECT DISTINCT c FROM sbtest7 WHERE id BETWEEN 9246233 AND 9247232 ORDER BY c
	Unique  (cost=3743.43..3748.19 rows=952 width=121)
	  ->  Sort  (cost=3743.43..3745.81 rows=952 width=121)
	        Sort Key: c
	        ->  Bitmap Heap Scan on sbtest7  (cost=30.19..3696.33 rows=952 width=121)
	              Recheck Cond: ((id >= 9246233) AND (id <= 9247232))
	              ->  Bitmap Index Scan on sbtest7_pkey  (cost=0.00..29.95 rows=952 width=0)
	                    Index Cond: ((id >= 9246233) AND (id <= 9247232))

table 8 : explain SELECT DISTINCT c FROM sbtest8 WHERE id BETWEEN 9370575 AND 9371574 ORDER BY c
	Unique  (cost=3575.96..3580.52 rows=911 width=121)
	  ->  Sort  (cost=3575.96..3578.24 rows=911 width=121)
	        Sort Key: c
	        ->  Bitmap Heap Scan on sbtest8  (cost=25.77..3531.18 rows=911 width=121)
	              Recheck Cond: ((id >= 9370575) AND (id <= 9371574))
	              ->  Bitmap Index Scan on sbtest8_pkey  (cost=0.00..25.54 rows=911 width=0)
	                    Index Cond: ((id >= 9370575) AND (id <= 9371574))

for: simple_ranges
table 1 : explain SELECT c FROM sbtest1 WHERE id BETWEEN 7642677 AND 7643676
	Bitmap Heap Scan on sbtest1  (cost=25.66..3490.75 rows=900 width=121)
	  Recheck Cond: ((id >= 7642677) AND (id <= 7643676))
	  ->  Bitmap Index Scan on sbtest1_pkey  (cost=0.00..25.43 rows=900 width=0)
	        Index Cond: ((id >= 7642677) AND (id <= 7643676))

table 2 : explain SELECT c FROM sbtest2 WHERE id BETWEEN 6191704 AND 6192703
	Bitmap Heap Scan on sbtest2  (cost=31.71..4247.57 rows=1100 width=121)
	  Recheck Cond: ((id >= 6191704) AND (id <= 6192703))
	  ->  Bitmap Index Scan on sbtest2_pkey  (cost=0.00..31.43 rows=1100 width=0)
	        Index Cond: ((id >= 6191704) AND (id <= 6192703))

table 3 : explain SELECT c FROM sbtest3 WHERE id BETWEEN 4840021 AND 4841020
	Bitmap Heap Scan on sbtest3  (cost=30.89..3953.01 rows=1020 width=121)
	  Recheck Cond: ((id >= 4840021) AND (id <= 4841020))
	  ->  Bitmap Index Scan on sbtest3_pkey  (cost=0.00..30.64 rows=1020 width=0)
	        Index Cond: ((id >= 4840021) AND (id <= 4841020))

table 4 : explain SELECT c FROM sbtest4 WHERE id BETWEEN 1497675 AND 1498674
	Bitmap Heap Scan on sbtest4  (cost=30.22..3706.19 rows=955 width=121)
	  Recheck Cond: ((id >= 1497675) AND (id <= 1498674))
	  ->  Bitmap Index Scan on sbtest4_pkey  (cost=0.00..29.98 rows=955 width=0)
	        Index Cond: ((id >= 1497675) AND (id <= 1498674))

table 5 : explain SELECT c FROM sbtest5 WHERE id BETWEEN 8151853 AND 8152852
	Bitmap Heap Scan on sbtest5  (cost=26.22..3697.99 rows=955 width=121)
	  Recheck Cond: ((id >= 8151853) AND (id <= 8152852))
	  ->  Bitmap Index Scan on sbtest5_pkey  (cost=0.00..25.98 rows=955 width=0)
	        Index Cond: ((id >= 8151853) AND (id <= 8152852))

table 6 : explain SELECT c FROM sbtest6 WHERE id BETWEEN 2425180 AND 2426179
	Bitmap Heap Scan on sbtest6  (cost=30.48..3797.89 rows=980 width=121)
	  Recheck Cond: ((id >= 2425180) AND (id <= 2426179))
	  ->  Bitmap Index Scan on sbtest6_pkey  (cost=0.00..30.23 rows=980 width=0)
	        Index Cond: ((id >= 2425180) AND (id <= 2426179))

table 7 : explain SELECT c FROM sbtest7 WHERE id BETWEEN 6968829 AND 6969828
	Bitmap Heap Scan on sbtest7  (cost=30.90..3957.22 rows=1021 width=121)
	  Recheck Cond: ((id >= 6968829) AND (id <= 6969828))
	  ->  Bitmap Index Scan on sbtest7_pkey  (cost=0.00..30.64 rows=1021 width=0)
	        Index Cond: ((id >= 6968829) AND (id <= 6969828))

table 8 : explain SELECT c FROM sbtest8 WHERE id BETWEEN 6618752 AND 6619751
	Bitmap Heap Scan on sbtest8  (cost=31.13..4033.11 rows=1043 width=121)
	  Recheck Cond: ((id >= 6618752) AND (id <= 6619751))
	  ->  Bitmap Index Scan on sbtest8_pkey  (cost=0.00..30.86 rows=1043 width=0)
	        Index Cond: ((id >= 6618752) AND (id <= 6619751))

for point_selects
table 1 : explain SELECT c FROM sbtest1 WHERE id=6757783
	Index Scan using sbtest1_pkey on sbtest1  (cost=0.43..8.45 rows=1 width=121)
	  Index Cond: (id = 6757783)

table 2 : explain SELECT c FROM sbtest2 WHERE id=5118548
	Index Scan using sbtest2_pkey on sbtest2  (cost=0.43..8.45 rows=1 width=121)
	  Index Cond: (id = 5118548)

table 3 : explain SELECT c FROM sbtest3 WHERE id=8995885
	Index Scan using sbtest3_pkey on sbtest3  (cost=0.43..8.45 rows=1 width=121)
	  Index Cond: (id = 8995885)

table 4 : explain SELECT c FROM sbtest4 WHERE id=8560406
	Index Scan using sbtest4_pkey on sbtest4  (cost=0.43..8.45 rows=1 width=121)
	  Index Cond: (id = 8560406)

table 5 : explain SELECT c FROM sbtest5 WHERE id=9925495
	Index Scan using sbtest5_pkey on sbtest5  (cost=0.43..8.45 rows=1 width=121)
	  Index Cond: (id = 9925495)

table 6 : explain SELECT c FROM sbtest6 WHERE id=2681458
	Index Scan using sbtest6_pkey on sbtest6  (cost=0.43..8.45 rows=1 width=121)
	  Index Cond: (id = 2681458)

table 7 : explain SELECT c FROM sbtest7 WHERE id=6767845
	Index Scan using sbtest7_pkey on sbtest7  (cost=0.43..8.45 rows=1 width=121)
	  Index Cond: (id = 6767845)

table 8 : explain SELECT c FROM sbtest8 WHERE id=3500138
	Index Scan using sbtest8_pkey on sbtest8  (cost=0.43..8.45 rows=1 width=121)
	  Index Cond: (id = 3500138)

for: distinct_ranges
table 1 : explain SELECT DISTINCT c FROM sbtest1 WHERE id BETWEEN 6335610 AND 6336609 ORDER BY c
	Unique  (cost=3822.78..3827.65 rows=974 width=121)
	  ->  Sort  (cost=3822.78..3825.21 rows=974 width=121)
	        Sort Key: c
	        ->  Bitmap Heap Scan on sbtest1  (cost=30.42..3774.43 rows=974 width=121)
	              Recheck Cond: ((id >= 6335610) AND (id <= 6336609))
	              ->  Bitmap Index Scan on sbtest1_pkey  (cost=0.00..30.18 rows=974 width=0)
	                    Index Cond: ((id >= 6335610) AND (id <= 6336609))

table 2 : explain SELECT DISTINCT c FROM sbtest2 WHERE id BETWEEN 2709748 AND 2710747 ORDER BY c
	Unique  (cost=3729.62..3734.37 rows=950 width=121)
	  ->  Sort  (cost=3729.62..3731.99 rows=950 width=121)
	        Sort Key: c
	        ->  Bitmap Heap Scan on sbtest2  (cost=30.17..3682.63 rows=950 width=121)
	              Recheck Cond: ((id >= 2709748) AND (id <= 2710747))
	              ->  Bitmap Index Scan on sbtest2_pkey  (cost=0.00..29.93 rows=950 width=0)
	                    Index Cond: ((id >= 2709748) AND (id <= 2710747))

table 3 : explain SELECT DISTINCT c FROM sbtest3 WHERE id BETWEEN 5574304 AND 5575303 ORDER BY c
	Unique  (cost=4115.11..4120.35 rows=1049 width=121)
	  ->  Sort  (cost=4115.11..4117.73 rows=1049 width=121)
	        Sort Key: c
	        ->  Bitmap Heap Scan on sbtest3  (cost=31.19..4062.47 rows=1049 width=121)
	              Recheck Cond: ((id >= 5574304) AND (id <= 5575303))
	              ->  Bitmap Index Scan on sbtest3_pkey  (cost=0.00..30.93 rows=1049 width=0)
	                    Index Cond: ((id >= 5574304) AND (id <= 5575303))

table 4 : explain SELECT DISTINCT c FROM sbtest4 WHERE id BETWEEN 6191640 AND 6192639 ORDER BY c
	Unique  (cost=3784.17..3788.98 rows=963 width=121)
	  ->  Sort  (cost=3784.17..3786.57 rows=963 width=121)
	        Sort Key: c
	        ->  Bitmap Heap Scan on sbtest4  (cost=30.31..3736.44 rows=963 width=121)
	              Recheck Cond: ((id >= 6191640) AND (id <= 6192639))
	              ->  Bitmap Index Scan on sbtest4_pkey  (cost=0.00..30.07 rows=963 width=0)
	                    Index Cond: ((id >= 6191640) AND (id <= 6192639))

table 5 : explain SELECT DISTINCT c FROM sbtest5 WHERE id BETWEEN 7207643 AND 7208642 ORDER BY c
	Unique  (cost=4063.12..4068.31 rows=1037 width=121)
	  ->  Sort  (cost=4063.12..4065.72 rows=1037 width=121)
	        Sort Key: c
	        ->  Bitmap Heap Scan on sbtest5  (cost=31.06..4011.18 rows=1037 width=121)
	              Recheck Cond: ((id >= 7207643) AND (id <= 7208642))
	              ->  Bitmap Index Scan on sbtest5_pkey  (cost=0.00..30.80 rows=1037 width=0)
	                    Index Cond: ((id >= 7207643) AND (id <= 7208642))

table 6 : explain SELECT DISTINCT c FROM sbtest6 WHERE id BETWEEN 5569641 AND 5570640 ORDER BY c
	Unique  (cost=4091.58..4096.80 rows=1044 width=121)
	  ->  Sort  (cost=4091.58..4094.19 rows=1044 width=121)
	        Sort Key: c
	        ->  Bitmap Heap Scan on sbtest6  (cost=31.14..4039.24 rows=1044 width=121)
	              Recheck Cond: ((id >= 5569641) AND (id <= 5570640))
	              ->  Bitmap Index Scan on sbtest6_pkey  (cost=0.00..30.87 rows=1044 width=0)
	                    Index Cond: ((id >= 5569641) AND (id <= 5570640))

table 7 : explain SELECT DISTINCT c FROM sbtest7 WHERE id BETWEEN 2601055 AND 2602054 ORDER BY c
	Unique  (cost=3689.63..3694.32 rows=938 width=121)
	  ->  Sort  (cost=3689.63..3691.98 rows=938 width=121)
	        Sort Key: c
	        ->  Bitmap Heap Scan on sbtest7  (cost=30.05..3643.33 rows=938 width=121)
	              Recheck Cond: ((id >= 2601055) AND (id <= 2602054))
	              ->  Bitmap Index Scan on sbtest7_pkey  (cost=0.00..29.82 rows=938 width=0)
	                    Index Cond: ((id >= 2601055) AND (id <= 2602054))

table 8 : explain SELECT DISTINCT c FROM sbtest8 WHERE id BETWEEN 4155773 AND 4156772 ORDER BY c
	Unique  (cost=3997.49..4002.59 rows=1020 width=121)
	  ->  Sort  (cost=3997.49..4000.04 rows=1020 width=121)
	        Sort Key: c
	        ->  Bitmap Heap Scan on sbtest8  (cost=30.89..3946.51 rows=1020 width=121)
	              Recheck Cond: ((id >= 4155773) AND (id <= 4156772))
	              ->  Bitmap Index Scan on sbtest8_pkey  (cost=0.00..30.64 rows=1020 width=0)
	                    Index Cond: ((id >= 4155773) AND (id <= 4156772))

for: sum_ranges
table 1 : explain SELECT SUM(k) FROM sbtest1 WHERE id BETWEEN 1350632 AND 1351631
	Aggregate  (cost=3735.31..3735.32 rows=1 width=8)
	  ->  Bitmap Heap Scan on sbtest1  (cost=30.31..3732.90 rows=963 width=4)
	        Recheck Cond: ((id >= 1350632) AND (id <= 1351631))
	        ->  Bitmap Index Scan on sbtest1_pkey  (cost=0.00..30.07 rows=963 width=0)
	              Index Cond: ((id >= 1350632) AND (id <= 1351631))

table 2 : explain SELECT SUM(k) FROM sbtest2 WHERE id BETWEEN 7947555 AND 7948554
	Aggregate  (cost=4028.30..4028.31 rows=1 width=8)
	  ->  Bitmap Heap Scan on sbtest2  (cost=31.11..4025.70 rows=1041 width=4)
	        Recheck Cond: ((id >= 7947555) AND (id <= 7948554))
	        ->  Bitmap Index Scan on sbtest2_pkey  (cost=0.00..30.84 rows=1041 width=0)
	              Index Cond: ((id >= 7947555) AND (id <= 7948554))

table 3 : explain SELECT SUM(k) FROM sbtest3 WHERE id BETWEEN 8772486 AND 8773485
	Aggregate  (cost=3811.88..3811.89 rows=1 width=8)
	  ->  Bitmap Heap Scan on sbtest3  (cost=30.50..3809.43 rows=982 width=4)
	        Recheck Cond: ((id >= 8772486) AND (id <= 8773485))
	        ->  Bitmap Index Scan on sbtest3_pkey  (cost=0.00..30.25 rows=982 width=0)
	              Index Cond: ((id >= 8772486) AND (id <= 8773485))

table 4 : explain SELECT SUM(k) FROM sbtest4 WHERE id BETWEEN 1743141 AND 1744140
	Aggregate  (cost=4146.80..4146.81 rows=1 width=8)
	  ->  Bitmap Heap Scan on sbtest4  (cost=31.41..4144.12 rows=1071 width=4)
	        Recheck Cond: ((id >= 1743141) AND (id <= 1744140))
	        ->  Bitmap Index Scan on sbtest4_pkey  (cost=0.00..31.14 rows=1071 width=0)
	              Index Cond: ((id >= 1743141) AND (id <= 1744140))

table 5 : explain SELECT SUM(k) FROM sbtest5 WHERE id BETWEEN 6629384 AND 6630383
	Aggregate  (cost=4288.50..4288.51 rows=1 width=8)
	  ->  Bitmap Heap Scan on sbtest5  (cost=31.81..4285.73 rows=1110 width=4)
	        Recheck Cond: ((id >= 6629384) AND (id <= 6630383))
	        ->  Bitmap Index Scan on sbtest5_pkey  (cost=0.00..31.54 rows=1110 width=0)
	              Index Cond: ((id >= 6629384) AND (id <= 6630383))

table 6 : explain SELECT SUM(k) FROM sbtest6 WHERE id BETWEEN 5359735 AND 5360734
	Aggregate  (cost=4154.88..4154.89 rows=1 width=8)
	  ->  Bitmap Heap Scan on sbtest6  (cost=31.44..4152.19 rows=1074 width=4)
	        Recheck Cond: ((id >= 5359735) AND (id <= 5360734))
	        ->  Bitmap Index Scan on sbtest6_pkey  (cost=0.00..31.18 rows=1074 width=0)
	              Index Cond: ((id >= 5359735) AND (id <= 5360734))

table 7 : explain SELECT SUM(k) FROM sbtest7 WHERE id BETWEEN 3787603 AND 3788602
	Aggregate  (cost=3732.80..3732.81 rows=1 width=8)
	  ->  Bitmap Heap Scan on sbtest7  (cost=30.29..3730.39 rows=961 width=4)
	        Recheck Cond: ((id >= 3787603) AND (id <= 3788602))
	        ->  Bitmap Index Scan on sbtest7_pkey  (cost=0.00..30.04 rows=961 width=0)
	              Index Cond: ((id >= 3787603) AND (id <= 3788602))

table 8 : explain SELECT SUM(k) FROM sbtest8 WHERE id BETWEEN 6731924 AND 6732923
	Aggregate  (cost=3563.94..3563.95 rows=1 width=8)
	  ->  Bitmap Heap Scan on sbtest8  (cost=29.84..3561.64 rows=918 width=4)
	        Recheck Cond: ((id >= 6731924) AND (id <= 6732923))
	        ->  Bitmap Index Scan on sbtest8_pkey  (cost=0.00..29.61 rows=918 width=0)
	              Index Cond: ((id >= 6731924) AND (id <= 6732923))

for point_selects
table 1 : explain SELECT c FROM sbtest1 WHERE id=3980823
	Index Scan using sbtest1_pkey on sbtest1  (cost=0.43..8.45 rows=1 width=121)
	  Index Cond: (id = 3980823)

table 2 : explain SELECT c FROM sbtest2 WHERE id=5148308
	Index Scan using sbtest2_pkey on sbtest2  (cost=0.43..8.45 rows=1 width=121)
	  Index Cond: (id = 5148308)

table 3 : explain SELECT c FROM sbtest3 WHERE id=2775205
	Index Scan using sbtest3_pkey on sbtest3  (cost=0.43..8.45 rows=1 width=121)
	  Index Cond: (id = 2775205)

table 4 : explain SELECT c FROM sbtest4 WHERE id=4869245
	Index Scan using sbtest4_pkey on sbtest4  (cost=0.43..8.45 rows=1 width=121)
	  Index Cond: (id = 4869245)

table 5 : explain SELECT c FROM sbtest5 WHERE id=8945182
	Index Scan using sbtest5_pkey on sbtest5  (cost=0.43..8.45 rows=1 width=121)
	  Index Cond: (id = 8945182)

table 6 : explain SELECT c FROM sbtest6 WHERE id=6530786
	Index Scan using sbtest6_pkey on sbtest6  (cost=0.43..8.45 rows=1 width=121)
	  Index Cond: (id = 6530786)

table 7 : explain SELECT c FROM sbtest7 WHERE id=7876864
	Index Scan using sbtest7_pkey on sbtest7  (cost=0.43..8.45 rows=1 width=121)
	  Index Cond: (id = 7876864)

table 8 : explain SELECT c FROM sbtest8 WHERE id=6446030
	Index Scan using sbtest8_pkey on sbtest8  (cost=0.43..8.45 rows=1 width=121)
	  Index Cond: (id = 6446030)

for: distinct_ranges
table 1 : explain SELECT DISTINCT c FROM sbtest1 WHERE id BETWEEN 9612250 AND 9613249 ORDER BY c
	Unique  (cost=3450.39..3454.78 rows=878 width=121)
	  ->  Sort  (cost=3450.39..3452.59 rows=878 width=121)
	        Sort Key: c
	        ->  Bitmap Heap Scan on sbtest1  (cost=25.43..3407.47 rows=878 width=121)
	              Recheck Cond: ((id >= 9612250) AND (id <= 9613249))
	              ->  Bitmap Index Scan on sbtest1_pkey  (cost=0.00..25.21 rows=878 width=0)
	                    Index Cond: ((id >= 9612250) AND (id <= 9613249))

table 2 : explain SELECT DISTINCT c FROM sbtest2 WHERE id BETWEEN 2243294 AND 2244293 ORDER BY c
	Unique  (cost=3928.74..3933.75 rows=1002 width=121)
	  ->  Sort  (cost=3928.74..3931.25 rows=1002 width=121)
	        Sort Key: c
	        ->  Bitmap Heap Scan on sbtest2  (cost=30.71..3878.80 rows=1002 width=121)
	              Recheck Cond: ((id >= 2243294) AND (id <= 2244293))
	              ->  Bitmap Index Scan on sbtest2_pkey  (cost=0.00..30.45 rows=1002 width=0)
	                    Index Cond: ((id >= 2243294) AND (id <= 2244293))

table 3 : explain SELECT DISTINCT c FROM sbtest3 WHERE id BETWEEN 4277380 AND 4278379 ORDER BY c
	Unique  (cost=4095.95..4101.17 rows=1044 width=121)
	  ->  Sort  (cost=4095.95..4098.56 rows=1044 width=121)
	        Sort Key: c
	        ->  Bitmap Heap Scan on sbtest3  (cost=31.14..4043.61 rows=1044 width=121)
	              Recheck Cond: ((id >= 4277380) AND (id <= 4278379))
	              ->  Bitmap Index Scan on sbtest3_pkey  (cost=0.00..30.87 rows=1044 width=0)
	                    Index Cond: ((id >= 4277380) AND (id <= 4278379))

table 4 : explain SELECT DISTINCT c FROM sbtest4 WHERE id BETWEEN 6747963 AND 6748962 ORDER BY c
	Unique  (cost=3691.85..3696.55 rows=940 width=121)
	  ->  Sort  (cost=3691.85..3694.20 rows=940 width=121)
	        Sort Key: c
	        ->  Bitmap Heap Scan on sbtest4  (cost=26.07..3645.43 rows=940 width=121)
	              Recheck Cond: ((id >= 6747963) AND (id <= 6748962))
	              ->  Bitmap Index Scan on sbtest4_pkey  (cost=0.00..25.83 rows=940 width=0)
	                    Index Cond: ((id >= 6747963) AND (id <= 6748962))

table 5 : explain SELECT DISTINCT c FROM sbtest5 WHERE id BETWEEN 5723992 AND 5724991 ORDER BY c
	Unique  (cost=4021.07..4026.20 rows=1026 width=121)
	  ->  Sort  (cost=4021.07..4023.63 rows=1026 width=121)
	        Sort Key: c
	        ->  Bitmap Heap Scan on sbtest5  (cost=30.95..3969.75 rows=1026 width=121)
	              Recheck Cond: ((id >= 5723992) AND (id <= 5724991))
	              ->  Bitmap Index Scan on sbtest5_pkey  (cost=0.00..30.69 rows=1026 width=0)
	                    Index Cond: ((id >= 5723992) AND (id <= 5724991))

table 6 : explain SELECT DISTINCT c FROM sbtest6 WHERE id BETWEEN 6014230 AND 6015229 ORDER BY c
	Unique  (cost=4064.81..4069.99 rows=1037 width=121)
	  ->  Sort  (cost=4064.81..4067.40 rows=1037 width=121)
	        Sort Key: c
	        ->  Bitmap Heap Scan on sbtest6  (cost=31.06..4012.86 rows=1037 width=121)
	              Recheck Cond: ((id >= 6014230) AND (id <= 6015229))
	              ->  Bitmap Index Scan on sbtest6_pkey  (cost=0.00..30.80 rows=1037 width=0)
	                    Index Cond: ((id >= 6014230) AND (id <= 6015229))

table 7 : explain SELECT DISTINCT c FROM sbtest7 WHERE id BETWEEN 2081597 AND 2082596 ORDER BY c
	Unique  (cost=3670.41..3675.08 rows=933 width=121)
	  ->  Sort  (cost=3670.41..3672.74 rows=933 width=121)
	        Sort Key: c
	        ->  Bitmap Heap Scan on sbtest7  (cost=30.00..3624.39 rows=933 width=121)
	              Recheck Cond: ((id >= 2081597) AND (id <= 2082596))
	              ->  Bitmap Index Scan on sbtest7_pkey  (cost=0.00..29.76 rows=933 width=0)
	                    Index Cond: ((id >= 2081597) AND (id <= 2082596))

table 8 : explain SELECT DISTINCT c FROM sbtest8 WHERE id BETWEEN 6635879 AND 6636878 ORDER BY c
	Unique  (cost=4085.40..4090.62 rows=1043 width=121)
	  ->  Sort  (cost=4085.40..4088.01 rows=1043 width=121)
	        Sort Key: c
	        ->  Bitmap Heap Scan on sbtest8  (cost=31.13..4033.11 rows=1043 width=121)
	              Recheck Cond: ((id >= 6635879) AND (id <= 6636878))
	              ->  Bitmap Index Scan on sbtest8_pkey  (cost=0.00..30.86 rows=1043 width=0)
	                    Index Cond: ((id >= 6635879) AND (id <= 6636878))

for: distinct_ranges
table 1 : explain SELECT DISTINCT c FROM sbtest1 WHERE id BETWEEN 1788345 AND 1789344 ORDER BY c
	Unique  (cost=3696.27..3700.98 rows=941 width=121)
	  ->  Sort  (cost=3696.27..3698.63 rows=941 width=121)
	        Sort Key: c
	        ->  Bitmap Heap Scan on sbtest1  (cost=30.08..3649.80 rows=941 width=121)
	              Recheck Cond: ((id >= 1788345) AND (id <= 1789344))
	              ->  Bitmap Index Scan on sbtest1_pkey  (cost=0.00..29.84 rows=941 width=0)
	                    Index Cond: ((id >= 1788345) AND (id <= 1789344))

table 2 : explain SELECT DISTINCT c FROM sbtest2 WHERE id BETWEEN 1485793 AND 1486792 ORDER BY c
	Unique  (cost=3737.28..3742.04 rows=952 width=121)
	  ->  Sort  (cost=3737.28..3739.66 rows=952 width=121)
	        Sort Key: c
	        ->  Bitmap Heap Scan on sbtest2  (cost=30.19..3690.18 rows=952 width=121)
	              Recheck Cond: ((id >= 1485793) AND (id <= 1486792))
	              ->  Bitmap Index Scan on sbtest2_pkey  (cost=0.00..29.95 rows=952 width=0)
	                    Index Cond: ((id >= 1485793) AND (id <= 1486792))

table 3 : explain SELECT DISTINCT c FROM sbtest3 WHERE id BETWEEN 2217651 AND 2218650 ORDER BY c
	Unique  (cost=3915.79..3920.77 rows=997 width=121)
	  ->  Sort  (cost=3915.79..3918.28 rows=997 width=121)
	        Sort Key: c
	        ->  Bitmap Heap Scan on sbtest3  (cost=30.65..3866.13 rows=997 width=121)
	              Recheck Cond: ((id >= 2217651) AND (id <= 2218650))
	              ->  Bitmap Index Scan on sbtest3_pkey  (cost=0.00..30.40 rows=997 width=0)
	                    Index Cond: ((id >= 2217651) AND (id <= 2218650))

table 4 : explain SELECT DISTINCT c FROM sbtest4 WHERE id BETWEEN 652087 AND 653086 ORDER BY c
	Unique  (cost=4347.14..4352.69 rows=1110 width=121)
	  ->  Sort  (cost=4347.14..4349.91 rows=1110 width=121)
	        Sort Key: c
	        ->  Bitmap Heap Scan on sbtest4  (cost=31.81..4290.99 rows=1110 width=121)
	              Recheck Cond: ((id >= 652087) AND (id <= 653086))
	              ->  Bitmap Index Scan on sbtest4_pkey  (cost=0.00..31.54 rows=1110 width=0)
	                    Index Cond: ((id >= 652087) AND (id <= 653086))

table 5 : explain SELECT DISTINCT c FROM sbtest5 WHERE id BETWEEN 7494260 AND 7495259 ORDER BY c
	Unique  (cost=4021.07..4026.20 rows=1026 width=121)
	  ->  Sort  (cost=4021.07..4023.63 rows=1026 width=121)
	        Sort Key: c
	        ->  Bitmap Heap Scan on sbtest5  (cost=30.95..3969.75 rows=1026 width=121)
	              Recheck Cond: ((id >= 7494260) AND (id <= 7495259))
	              ->  Bitmap Index Scan on sbtest5_pkey  (cost=0.00..30.69 rows=1026 width=0)
	                    Index Cond: ((id >= 7494260) AND (id <= 7495259))

table 6 : explain SELECT DISTINCT c FROM sbtest6 WHERE id BETWEEN 151913 AND 152912 ORDER BY c
	Unique  (cost=3551.00..3555.52 rows=904 width=121)
	  ->  Sort  (cost=3551.00..3553.26 rows=904 width=121)
	        Sort Key: c
	        ->  Bitmap Heap Scan on sbtest6  (cost=25.70..3506.61 rows=904 width=121)
	              Recheck Cond: ((id >= 151913) AND (id <= 152912))
	              ->  Bitmap Index Scan on sbtest6_pkey  (cost=0.00..25.47 rows=904 width=0)
	                    Index Cond: ((id >= 151913) AND (id <= 152912))

table 7 : explain SELECT DISTINCT c FROM sbtest7 WHERE id BETWEEN 7462259 AND 7463258 ORDER BY c
	Unique  (cost=4138.53..4143.81 rows=1055 width=121)
	  ->  Sort  (cost=4138.53..4141.17 rows=1055 width=121)
	        Sort Key: c
	        ->  Bitmap Heap Scan on sbtest7  (cost=31.25..4085.56 rows=1055 width=121)
	              Recheck Cond: ((id >= 7462259) AND (id <= 7463258))
	              ->  Bitmap Index Scan on sbtest7_pkey  (cost=0.00..30.98 rows=1055 width=0)
	                    Index Cond: ((id >= 7462259) AND (id <= 7463258))

table 8 : explain SELECT DISTINCT c FROM sbtest8 WHERE id BETWEEN 5137822 AND 5138821 ORDER BY c
	Unique  (cost=4192.35..4197.70 rows=1071 width=121)
	  ->  Sort  (cost=4192.35..4195.02 rows=1071 width=121)
	        Sort Key: c
	        ->  Bitmap Heap Scan on sbtest8  (cost=31.41..4138.45 rows=1071 width=121)
	              Recheck Cond: ((id >= 5137822) AND (id <= 5138821))
	              ->  Bitmap Index Scan on sbtest8_pkey  (cost=0.00..31.14 rows=1071 width=0)
	                    Index Cond: ((id >= 5137822) AND (id <= 5138821))

for: distinct_ranges
table 1 : explain SELECT DISTINCT c FROM sbtest1 WHERE id BETWEEN 1219231 AND 1220230 ORDER BY c
	Unique  (cost=4159.48..4164.79 rows=1062 width=121)
	  ->  Sort  (cost=4159.48..4162.14 rows=1062 width=121)
	        Sort Key: c
	        ->  Bitmap Heap Scan on sbtest1  (cost=31.32..4106.10 rows=1062 width=121)
	              Recheck Cond: ((id >= 1219231) AND (id <= 1220230))
	              ->  Bitmap Index Scan on sbtest1_pkey  (cost=0.00..31.05 rows=1062 width=0)
	                    Index Cond: ((id >= 1219231) AND (id <= 1220230))

table 2 : explain SELECT DISTINCT c FROM sbtest2 WHERE id BETWEEN 1879599 AND 1880598 ORDER BY c
	Unique  (cost=4276.43..4281.90 rows=1093 width=121)
	  ->  Sort  (cost=4276.43..4279.16 rows=1093 width=121)
	        Sort Key: c
	        ->  Bitmap Heap Scan on sbtest2  (cost=31.64..4221.27 rows=1093 width=121)
	              Recheck Cond: ((id >= 1879599) AND (id <= 1880598))
	              ->  Bitmap Index Scan on sbtest2_pkey  (cost=0.00..31.36 rows=1093 width=0)
	                    Index Cond: ((id >= 1879599) AND (id <= 1880598))

table 3 : explain SELECT DISTINCT c FROM sbtest3 WHERE id BETWEEN 2736444 AND 2737443 ORDER BY c
	Unique  (cost=3716.15..3720.88 rows=945 width=121)
	  ->  Sort  (cost=3716.15..3718.52 rows=945 width=121)
	        Sort Key: c
	        ->  Bitmap Heap Scan on sbtest3  (cost=30.12..3669.45 rows=945 width=121)
	              Recheck Cond: ((id >= 2736444) AND (id <= 2737443))
	              ->  Bitmap Index Scan on sbtest3_pkey  (cost=0.00..29.89 rows=945 width=0)
	                    Index Cond: ((id >= 2736444) AND (id <= 2737443))

table 4 : explain SELECT DISTINCT c FROM sbtest4 WHERE id BETWEEN 2084352 AND 2085351 ORDER BY c
	Unique  (cost=3983.60..3988.67 rows=1015 width=121)
	  ->  Sort  (cost=3983.60..3986.13 rows=1015 width=121)
	        Sort Key: c
	        ->  Bitmap Heap Scan on sbtest4  (cost=30.84..3932.91 rows=1015 width=121)
	              Recheck Cond: ((id >= 2084352) AND (id <= 2085351))
	              ->  Bitmap Index Scan on sbtest4_pkey  (cost=0.00..30.58 rows=1015 width=0)
	                    Index Cond: ((id >= 2084352) AND (id <= 2085351))

table 5 : explain SELECT DISTINCT c FROM sbtest5 WHERE id BETWEEN 2800963 AND 2801962 ORDER BY c
	Unique  (cost=4200.67..4206.03 rows=1073 width=121)
	  ->  Sort  (cost=4200.67..4203.35 rows=1073 width=121)
	        Sort Key: c
	        ->  Bitmap Heap Scan on sbtest5  (cost=31.43..4146.66 rows=1073 width=121)
	              Recheck Cond: ((id >= 2800963) AND (id <= 2801962))
	              ->  Bitmap Index Scan on sbtest5_pkey  (cost=0.00..31.16 rows=1073 width=0)
	                    Index Cond: ((id >= 2800963) AND (id <= 2801962))

table 6 : explain SELECT DISTINCT c FROM sbtest6 WHERE id BETWEEN 7616284 AND 7617283 ORDER BY c
	Unique  (cost=3892.56..3897.52 rows=992 width=121)
	  ->  Sort  (cost=3892.56..3895.04 rows=992 width=121)
	        Sort Key: c
	        ->  Bitmap Heap Scan on sbtest6  (cost=30.60..3843.18 rows=992 width=121)
	              Recheck Cond: ((id >= 7616284) AND (id <= 7617283))
	              ->  Bitmap Index Scan on sbtest6_pkey  (cost=0.00..30.36 rows=992 width=0)
	                    Index Cond: ((id >= 7616284) AND (id <= 7617283))

table 7 : explain SELECT DISTINCT c FROM sbtest7 WHERE id BETWEEN 1756272 AND 1757271 ORDER BY c
	Unique  (cost=3900.85..3905.82 rows=993 width=121)
	  ->  Sort  (cost=3900.85..3903.34 rows=993 width=121)
	        Sort Key: c
	        ->  Bitmap Heap Scan on sbtest7  (cost=30.61..3851.42 rows=993 width=121)
	              Recheck Cond: ((id >= 1756272) AND (id <= 1757271))
	              ->  Bitmap Index Scan on sbtest7_pkey  (cost=0.00..30.36 rows=993 width=0)
	                    Index Cond: ((id >= 1756272) AND (id <= 1757271))

table 8 : explain SELECT DISTINCT c FROM sbtest8 WHERE id BETWEEN 3984633 AND 3985632 ORDER BY c
	Unique  (cost=3767.84..3772.64 rows=960 width=121)
	  ->  Sort  (cost=3767.84..3770.24 rows=960 width=121)
	        Sort Key: c
	        ->  Bitmap Heap Scan on sbtest8  (cost=30.27..3720.28 rows=960 width=121)
	              Recheck Cond: ((id >= 3984633) AND (id <= 3985632))
	              ->  Bitmap Index Scan on sbtest8_pkey  (cost=0.00..30.04 rows=960 width=0)
	                    Index Cond: ((id >= 3984633) AND (id <= 3985632))

explain: for point_selects :: explain SELECT c FROM sbtest%u WHERE id=%u
for point_selects
table 1 : explain SELECT c FROM sbtest1 WHERE id=2259594
	Index Scan using sbtest1_pkey on sbtest1  (cost=0.43..8.45 rows=1 width=121)
	  Index Cond: (id = 2259594)

table 2 : explain SELECT c FROM sbtest2 WHERE id=8830116
	Index Scan using sbtest2_pkey on sbtest2  (cost=0.43..8.45 rows=1 width=121)
	  Index Cond: (id = 8830116)

table 3 : explain SELECT c FROM sbtest3 WHERE id=1387455
	Index Scan using sbtest3_pkey on sbtest3  (cost=0.43..8.45 rows=1 width=121)
	  Index Cond: (id = 1387455)

table 4 : explain SELECT c FROM sbtest4 WHERE id=3929268
	Index Scan using sbtest4_pkey on sbtest4  (cost=0.43..8.45 rows=1 width=121)
	  Index Cond: (id = 3929268)

table 5 : explain SELECT c FROM sbtest5 WHERE id=6207063
	Index Scan using sbtest5_pkey on sbtest5  (cost=0.43..8.45 rows=1 width=121)
	  Index Cond: (id = 6207063)

table 6 : explain SELECT c FROM sbtest6 WHERE id=4241719
	Index Scan using sbtest6_pkey on sbtest6  (cost=0.43..8.45 rows=1 width=121)
	  Index Cond: (id = 4241719)

table 7 : explain SELECT c FROM sbtest7 WHERE id=7432033
	Index Scan using sbtest7_pkey on sbtest7  (cost=0.43..8.45 rows=1 width=121)
	  Index Cond: (id = 7432033)

table 8 : explain SELECT c FROM sbtest8 WHERE id=4721385
	Index Scan using sbtest8_pkey on sbtest8  (cost=0.43..8.45 rows=1 width=121)
	  Index Cond: (id = 4721385)

explain: for point_selects :: explain SELECT c FROM sbtest%u WHERE id=%u
explain: for point_selects :: explain SELECT c FROM sbtest%u WHERE id=%u
for: order_ranges
table 1 : explain SELECT c FROM sbtest1 WHERE id BETWEEN 8244148 AND 8245147 ORDER BY c
	Sort  (cost=4006.55..4009.10 rows=1022 width=121)
	  Sort Key: c
	  ->  Bitmap Heap Scan on sbtest1  (cost=30.91..3955.46 rows=1022 width=121)
	        Recheck Cond: ((id >= 8244148) AND (id <= 8245147))
	        ->  Bitmap Index Scan on sbtest1_pkey  (cost=0.00..30.65 rows=1022 width=0)
	              Index Cond: ((id >= 8244148) AND (id <= 8245147))

table 2 : explain SELECT c FROM sbtest2 WHERE id BETWEEN 3274496 AND 3275495 ORDER BY c
	Sort  (cost=4012.89..4015.45 rows=1024 width=121)
	  Sort Key: c
	  ->  Bitmap Heap Scan on sbtest2  (cost=30.93..3961.69 rows=1024 width=121)
	        Recheck Cond: ((id >= 3274496) AND (id <= 3275495))
	        ->  Bitmap Index Scan on sbtest2_pkey  (cost=0.00..30.68 rows=1024 width=0)
	              Index Cond: ((id >= 3274496) AND (id <= 3275495))

table 3 : explain SELECT c FROM sbtest3 WHERE id BETWEEN 1137977 AND 1138976 ORDER BY c
	Sort  (cost=3973.32..3975.85 rows=1012 width=121)
	  Sort Key: c
	  ->  Bitmap Heap Scan on sbtest3  (cost=30.81..3922.80 rows=1012 width=121)
	        Recheck Cond: ((id >= 1137977) AND (id <= 1138976))
	        ->  Bitmap Index Scan on sbtest3_pkey  (cost=0.00..30.55 rows=1012 width=0)
	              Index Cond: ((id >= 1137977) AND (id <= 1138976))

table 4 : explain SELECT c FROM sbtest4 WHERE id BETWEEN 6581073 AND 6582072 ORDER BY c
	Sort  (cost=3664.96..3667.29 rows=933 width=121)
	  Sort Key: c
	  ->  Bitmap Heap Scan on sbtest4  (cost=26.00..3618.94 rows=933 width=121)
	        Recheck Cond: ((id >= 6581073) AND (id <= 6582072))
	        ->  Bitmap Index Scan on sbtest4_pkey  (cost=0.00..25.76 rows=933 width=0)
	              Index Cond: ((id >= 6581073) AND (id <= 6582072))

table 5 : explain SELECT c FROM sbtest5 WHERE id BETWEEN 8707313 AND 8708312 ORDER BY c
	Sort  (cost=3868.01..3870.47 rows=986 width=121)
	  Sort Key: c
	  ->  Bitmap Heap Scan on sbtest5  (cost=30.54..3818.98 rows=986 width=121)
	        Recheck Cond: ((id >= 8707313) AND (id <= 8708312))
	        ->  Bitmap Index Scan on sbtest5_pkey  (cost=0.00..30.29 rows=986 width=0)
	              Index Cond: ((id >= 8707313) AND (id <= 8708312))

table 6 : explain SELECT c FROM sbtest6 WHERE id BETWEEN 9330155 AND 9331154 ORDER BY c
	Sort  (cost=4087.76..4090.36 rows=1043 width=121)
	  Sort Key: c
	  ->  Bitmap Heap Scan on sbtest6  (cost=31.13..4035.47 rows=1043 width=121)
	        Recheck Cond: ((id >= 9330155) AND (id <= 9331154))
	        ->  Bitmap Index Scan on sbtest6_pkey  (cost=0.00..30.86 rows=1043 width=0)
	              Index Cond: ((id >= 9330155) AND (id <= 9331154))

table 7 : explain SELECT c FROM sbtest7 WHERE id BETWEEN 807480 AND 808479 ORDER BY c
	Sort  (cost=4192.14..4194.82 rows=1069 width=121)
	  Sort Key: c
	  ->  Bitmap Heap Scan on sbtest7  (cost=31.39..4138.36 rows=1069 width=121)
	        Recheck Cond: ((id >= 807480) AND (id <= 808479))
	        ->  Bitmap Index Scan on sbtest7_pkey  (cost=0.00..31.12 rows=1069 width=0)
	              Index Cond: ((id >= 807480) AND (id <= 808479))

table 8 : explain SELECT c FROM sbtest8 WHERE id BETWEEN 1160217 AND 1161216 ORDER BY c
	Sort  (cost=4421.29..4424.12 rows=1132 width=121)
	  Sort Key: c
	  ->  Bitmap Heap Scan on sbtest8  (cost=32.04..4363.87 rows=1132 width=121)
	        Recheck Cond: ((id >= 1160217) AND (id <= 1161216))
	        ->  Bitmap Index Scan on sbtest8_pkey  (cost=0.00..31.75 rows=1132 width=0)
	              Index Cond: ((id >= 1160217) AND (id <= 1161216))

for point_selects
table 1 : explain SELECT c FROM sbtest1 WHERE id=5354048
	Index Scan using sbtest1_pkey on sbtest1  (cost=0.43..8.45 rows=1 width=121)
	  Index Cond: (id = 5354048)

table 2 : explain SELECT c FROM sbtest2 WHERE id=6348300
	Index Scan using sbtest2_pkey on sbtest2  (cost=0.43..8.45 rows=1 width=121)
	  Index Cond: (id = 6348300)

table 3 : explain SELECT c FROM sbtest3 WHERE id=4477678
	Index Scan using sbtest3_pkey on sbtest3  (cost=0.43..8.45 rows=1 width=121)
	  Index Cond: (id = 4477678)

table 4 : explain SELECT c FROM sbtest4 WHERE id=8734902
	Index Scan using sbtest4_pkey on sbtest4  (cost=0.43..8.45 rows=1 width=121)
	  Index Cond: (id = 8734902)

table 5 : explain SELECT c FROM sbtest5 WHERE id=4841483
	Index Scan using sbtest5_pkey on sbtest5  (cost=0.43..8.45 rows=1 width=121)
	  Index Cond: (id = 4841483)

table 6 : explain SELECT c FROM sbtest6 WHERE id=2635813
	Index Scan using sbtest6_pkey on sbtest6  (cost=0.43..8.45 rows=1 width=121)
	  Index Cond: (id = 2635813)

table 7 : explain SELECT c FROM sbtest7 WHERE id=3286188
	Index Scan using sbtest7_pkey on sbtest7  (cost=0.43..8.45 rows=1 width=121)
	  Index Cond: (id = 3286188)

table 8 : explain SELECT c FROM sbtest8 WHERE id=5066540
	Index Scan using sbtest8_pkey on sbtest8  (cost=0.43..8.45 rows=1 width=121)
	  Index Cond: (id = 5066540)

for: simple_ranges
table 1 : explain SELECT c FROM sbtest1 WHERE id BETWEEN 6600724 AND 6601723
	Bitmap Heap Scan on sbtest1  (cost=31.72..4252.79 rows=1101 width=121)
	  Recheck Cond: ((id >= 6600724) AND (id <= 6601723))
	  ->  Bitmap Index Scan on sbtest1_pkey  (cost=0.00..31.44 rows=1101 width=0)
	        Index Cond: ((id >= 6600724) AND (id <= 6601723))

table 2 : explain SELECT c FROM sbtest2 WHERE id BETWEEN 5205913 AND 5206912
	Bitmap Heap Scan on sbtest2  (cost=31.48..4164.89 rows=1078 width=121)
	  Recheck Cond: ((id >= 5205913) AND (id <= 5206912))
	  ->  Bitmap Index Scan on sbtest2_pkey  (cost=0.00..31.21 rows=1078 width=0)
	        Index Cond: ((id >= 5205913) AND (id <= 5206912))

table 3 : explain SELECT c FROM sbtest3 WHERE id BETWEEN 1841393 AND 1842392
	Bitmap Heap Scan on sbtest3  (cost=30.96..3979.45 rows=1027 width=121)
	  Recheck Cond: ((id >= 1841393) AND (id <= 1842392))
	  ->  Bitmap Index Scan on sbtest3_pkey  (cost=0.00..30.70 rows=1027 width=0)
	        Index Cond: ((id >= 1841393) AND (id <= 1842392))

table 4 : explain SELECT c FROM sbtest4 WHERE id BETWEEN 831253 AND 832252
	Bitmap Heap Scan on sbtest4  (cost=30.93..3966.88 rows=1024 width=121)
	  Recheck Cond: ((id >= 831253) AND (id <= 832252))
	  ->  Bitmap Index Scan on sbtest4_pkey  (cost=0.00..30.68 rows=1024 width=0)
	        Index Cond: ((id >= 831253) AND (id <= 832252))

table 5 : explain SELECT c FROM sbtest5 WHERE id BETWEEN 62165 AND 63164
	Bitmap Heap Scan on sbtest5  (cost=25.74..3520.37 rows=908 width=121)
	  Recheck Cond: ((id >= 62165) AND (id <= 63164))
	  ->  Bitmap Index Scan on sbtest5_pkey  (cost=0.00..25.51 rows=908 width=0)
	        Index Cond: ((id >= 62165) AND (id <= 63164))

table 6 : explain SELECT c FROM sbtest6 WHERE id BETWEEN 3000563 AND 3001562
	Bitmap Heap Scan on sbtest6  (cost=30.29..3726.14 rows=961 width=121)
	  Recheck Cond: ((id >= 3000563) AND (id <= 3001562))
	  ->  Bitmap Index Scan on sbtest6_pkey  (cost=0.00..30.04 rows=961 width=0)
	        Index Cond: ((id >= 3000563) AND (id <= 3001562))

table 7 : explain SELECT c FROM sbtest7 WHERE id BETWEEN 9732796 AND 9733795
	Bitmap Heap Scan on sbtest7  (cost=29.63..3487.95 rows=897 width=121)
	  Recheck Cond: ((id >= 9732796) AND (id <= 9733795))
	  ->  Bitmap Index Scan on sbtest7_pkey  (cost=0.00..29.40 rows=897 width=0)
	        Index Cond: ((id >= 9732796) AND (id <= 9733795))

table 8 : explain SELECT c FROM sbtest8 WHERE id BETWEEN 9270873 AND 9271872
	Bitmap Heap Scan on sbtest8  (cost=30.79..3908.84 rows=1010 width=121)
	  Recheck Cond: ((id >= 9270873) AND (id <= 9271872))
	  ->  Bitmap Index Scan on sbtest8_pkey  (cost=0.00..30.54 rows=1010 width=0)
	        Index Cond: ((id >= 9270873) AND (id <= 9271872))

for: sum_ranges
table 1 : explain SELECT SUM(k) FROM sbtest1 WHERE id BETWEEN 1761208 AND 1762207
	Aggregate  (cost=3652.15..3652.16 rows=1 width=8)
	  ->  Bitmap Heap Scan on sbtest1  (cost=30.08..3649.80 rows=941 width=4)
	        Recheck Cond: ((id >= 1761208) AND (id <= 1762207))
	        ->  Bitmap Index Scan on sbtest1_pkey  (cost=0.00..29.84 rows=941 width=0)
	              Index Cond: ((id >= 1761208) AND (id <= 1762207))

table 2 : explain SELECT SUM(k) FROM sbtest2 WHERE id BETWEEN 7260029 AND 7261028
	Aggregate  (cost=4291.66..4291.67 rows=1 width=8)
	  ->  Bitmap Heap Scan on sbtest2  (cost=31.82..4288.89 rows=1111 width=4)
	        Recheck Cond: ((id >= 7260029) AND (id <= 7261028))
	        ->  Bitmap Index Scan on sbtest2_pkey  (cost=0.00..31.54 rows=1111 width=0)
	              Index Cond: ((id >= 7260029) AND (id <= 7261028))

table 3 : explain SELECT SUM(k) FROM sbtest3 WHERE id BETWEEN 943722 AND 944721
	Aggregate  (cost=3516.40..3516.41 rows=1 width=8)
	  ->  Bitmap Heap Scan on sbtest3  (cost=29.70..3514.14 rows=904 width=4)
	        Recheck Cond: ((id >= 943722) AND (id <= 944721))
	        ->  Bitmap Index Scan on sbtest3_pkey  (cost=0.00..29.47 rows=904 width=0)
	              Index Cond: ((id >= 943722) AND (id <= 944721))

table 4 : explain SELECT SUM(k) FROM sbtest4 WHERE id BETWEEN 4485974 AND 4486973
	Aggregate  (cost=4195.81..4195.82 rows=1 width=8)
	  ->  Bitmap Heap Scan on sbtest4  (cost=31.55..4193.10 rows=1084 width=4)
	        Recheck Cond: ((id >= 4485974) AND (id <= 4486973))
	        ->  Bitmap Index Scan on sbtest4_pkey  (cost=0.00..31.27 rows=1084 width=0)
	              Index Cond: ((id >= 4485974) AND (id <= 4486973))

table 5 : explain SELECT SUM(k) FROM sbtest5 WHERE id BETWEEN 3876789 AND 3877788
	Aggregate  (cost=3813.89..3813.90 rows=1 width=8)
	  ->  Bitmap Heap Scan on sbtest5  (cost=30.52..3811.43 rows=984 width=4)
	        Recheck Cond: ((id >= 3876789) AND (id <= 3877788))
	        ->  Bitmap Index Scan on sbtest5_pkey  (cost=0.00..30.27 rows=984 width=0)
	              Index Cond: ((id >= 3876789) AND (id <= 3877788))

table 6 : explain SELECT SUM(k) FROM sbtest6 WHERE id BETWEEN 4255953 AND 4256952
	Aggregate  (cost=4105.91..4105.92 rows=1 width=8)
	  ->  Bitmap Heap Scan on sbtest6  (cost=31.31..4103.26 rows=1061 width=4)
	        Recheck Cond: ((id >= 4255953) AND (id <= 4256952))
	        ->  Bitmap Index Scan on sbtest6_pkey  (cost=0.00..31.04 rows=1061 width=0)
	              Index Cond: ((id >= 4255953) AND (id <= 4256952))

table 7 : explain SELECT SUM(k) FROM sbtest7 WHERE id BETWEEN 2985288 AND 2986287
	Aggregate  (cost=3334.29..3334.30 rows=1 width=8)
	  ->  Bitmap Heap Scan on sbtest7  (cost=25.22..3332.15 rows=857 width=4)
	        Recheck Cond: ((id >= 2985288) AND (id <= 2986287))
	        ->  Bitmap Index Scan on sbtest7_pkey  (cost=0.00..25.00 rows=857 width=0)
	              Index Cond: ((id >= 2985288) AND (id <= 2986287))

table 8 : explain SELECT SUM(k) FROM sbtest8 WHERE id BETWEEN 1451208 AND 1452207
	Aggregate  (cost=3903.83..3903.84 rows=1 width=8)
	  ->  Bitmap Heap Scan on sbtest8  (cost=30.77..3901.31 rows=1008 width=4)
	        Recheck Cond: ((id >= 1451208) AND (id <= 1452207))
	        ->  Bitmap Index Scan on sbtest8_pkey  (cost=0.00..30.51 rows=1008 width=0)
	              Index Cond: ((id >= 1451208) AND (id <= 1452207))

for: simple_ranges
table 1 : explain SELECT c FROM sbtest1 WHERE id BETWEEN 4042244 AND 4043243
	Bitmap Heap Scan on sbtest1  (cost=30.58..3834.81 rows=990 width=121)
	  Recheck Cond: ((id >= 4042244) AND (id <= 4043243))
	  ->  Bitmap Index Scan on sbtest1_pkey  (cost=0.00..30.33 rows=990 width=0)
	        Index Cond: ((id >= 4042244) AND (id <= 4043243))

table 2 : explain SELECT c FROM sbtest2 WHERE id BETWEEN 3550716 AND 3551715
	Bitmap Heap Scan on sbtest2  (cost=30.53..3814.71 rows=985 width=121)
	  Recheck Cond: ((id >= 3550716) AND (id <= 3551715))
	  ->  Bitmap Index Scan on sbtest2_pkey  (cost=0.00..30.29 rows=985 width=0)
	        Index Cond: ((id >= 3550716) AND (id <= 3551715))

table 3 : explain SELECT c FROM sbtest3 WHERE id BETWEEN 5244691 AND 5245690
	Bitmap Heap Scan on sbtest3  (cost=30.52..3816.99 rows=984 width=121)
	  Recheck Cond: ((id >= 5244691) AND (id <= 5245690))
	  ->  Bitmap Index Scan on sbtest3_pkey  (cost=0.00..30.27 rows=984 width=0)
	        Index Cond: ((id >= 5244691) AND (id <= 5245690))

table 4 : explain SELECT c FROM sbtest4 WHERE id BETWEEN 5090917 AND 5091916
	Bitmap Heap Scan on sbtest4  (cost=31.06..4015.93 rows=1037 width=121)
	  Recheck Cond: ((id >= 5090917) AND (id <= 5091916))
	  ->  Bitmap Index Scan on sbtest4_pkey  (cost=0.00..30.80 rows=1037 width=0)
	        Index Cond: ((id >= 5090917) AND (id <= 5091916))

table 5 : explain SELECT c FROM sbtest5 WHERE id BETWEEN 4874970 AND 4875969
	Bitmap Heap Scan on sbtest5  (cost=30.63..3852.92 rows=995 width=121)
	  Recheck Cond: ((id >= 4874970) AND (id <= 4875969))
	  ->  Bitmap Index Scan on sbtest5_pkey  (cost=0.00..30.39 rows=995 width=0)
	        Index Cond: ((id >= 4874970) AND (id <= 4875969))

table 6 : explain SELECT c FROM sbtest6 WHERE id BETWEEN 1740980 AND 1741979
	Bitmap Heap Scan on sbtest6  (cost=30.18..3688.36 rows=951 width=121)
	  Recheck Cond: ((id >= 1740980) AND (id <= 1741979))
	  ->  Bitmap Index Scan on sbtest6_pkey  (cost=0.00..29.94 rows=951 width=0)
	        Index Cond: ((id >= 1740980) AND (id <= 1741979))

table 7 : explain SELECT c FROM sbtest7 WHERE id BETWEEN 4873701 AND 4874700
	Bitmap Heap Scan on sbtest7  (cost=35.60..4217.76 rows=1089 width=121)
	  Recheck Cond: ((id >= 4873701) AND (id <= 4874700))
	  ->  Bitmap Index Scan on sbtest7_pkey  (cost=0.00..35.33 rows=1089 width=0)
	        Index Cond: ((id >= 4873701) AND (id <= 4874700))

table 8 : explain SELECT c FROM sbtest8 WHERE id BETWEEN 4156512 AND 4157511
	Bitmap Heap Scan on sbtest8  (cost=30.89..3946.51 rows=1020 width=121)
	  Recheck Cond: ((id >= 4156512) AND (id <= 4157511))
	  ->  Bitmap Index Scan on sbtest8_pkey  (cost=0.00..30.64 rows=1020 width=0)
	        Index Cond: ((id >= 4156512) AND (id <= 4157511))

explain: for point_selects :: explain SELECT c FROM sbtest%u WHERE id=%u
for: order_ranges
table 1 : explain SELECT c FROM sbtest1 WHERE id BETWEEN 7182975 AND 7183974 ORDER BY c
	Sort  (cost=4228.24..4230.94 rows=1080 width=121)
	  Sort Key: c
	  ->  Bitmap Heap Scan on sbtest1  (cost=31.50..4173.83 rows=1080 width=121)
	        Recheck Cond: ((id >= 7182975) AND (id <= 7183974))
	        ->  Bitmap Index Scan on sbtest1_pkey  (cost=0.00..31.23 rows=1080 width=0)
	              Index Cond: ((id >= 7182975) AND (id <= 7183974))

table 2 : explain SELECT c FROM sbtest2 WHERE id BETWEEN 8943198 AND 8944197 ORDER BY c
	Sort  (cost=3882.82..3885.30 rows=990 width=121)
	  Sort Key: c
	  ->  Bitmap Heap Scan on sbtest2  (cost=30.58..3833.56 rows=990 width=121)
	        Recheck Cond: ((id >= 8943198) AND (id <= 8944197))
	        ->  Bitmap Index Scan on sbtest2_pkey  (cost=0.00..30.33 rows=990 width=0)
	              Index Cond: ((id >= 8943198) AND (id <= 8944197))

table 3 : explain SELECT c FROM sbtest3 WHERE id BETWEEN 4969239 AND 4970238 ORDER BY c
	Sort  (cost=4053.81..4056.39 rows=1033 width=121)
	  Sort Key: c
	  ->  Bitmap Heap Scan on sbtest3  (cost=31.02..4002.10 rows=1033 width=121)
	        Recheck Cond: ((id >= 4969239) AND (id <= 4970238))
	        ->  Bitmap Index Scan on sbtest3_pkey  (cost=0.00..30.76 rows=1033 width=0)
	              Index Cond: ((id >= 4969239) AND (id <= 4970238))

table 4 : explain SELECT c FROM sbtest4 WHERE id BETWEEN 7333004 AND 7334003 ORDER BY c
	Sort  (cost=3538.11..3540.36 rows=900 width=121)
	  Sort Key: c
	  ->  Bitmap Heap Scan on sbtest4  (cost=25.66..3493.95 rows=900 width=121)
	        Recheck Cond: ((id >= 7333004) AND (id <= 7334003))
	        ->  Bitmap Index Scan on sbtest4_pkey  (cost=0.00..25.43 rows=900 width=0)
	              Index Cond: ((id >= 7333004) AND (id <= 7334003))

table 5 : explain SELECT c FROM sbtest5 WHERE id BETWEEN 8235387 AND 8236386 ORDER BY c
	Sort  (cost=4059.30..4061.89 rows=1036 width=121)
	  Sort Key: c
	  ->  Bitmap Heap Scan on sbtest5  (cost=31.05..4007.42 rows=1036 width=121)
	        Recheck Cond: ((id >= 8235387) AND (id <= 8236386))
	        ->  Bitmap Index Scan on sbtest5_pkey  (cost=0.00..30.79 rows=1036 width=0)
	              Index Cond: ((id >= 8235387) AND (id <= 8236386))

table 6 : explain SELECT c FROM sbtest6 WHERE id BETWEEN 9932945 AND 9933944 ORDER BY c
	Sort  (cost=4278.84..4281.57 rows=1093 width=121)
	  Sort Key: c
	  ->  Bitmap Heap Scan on sbtest6  (cost=31.64..4223.67 rows=1093 width=121)
	        Recheck Cond: ((id >= 9932945) AND (id <= 9933944))
	        ->  Bitmap Index Scan on sbtest6_pkey  (cost=0.00..31.36 rows=1093 width=0)
	              Index Cond: ((id >= 9932945) AND (id <= 9933944))

table 7 : explain SELECT c FROM sbtest7 WHERE id BETWEEN 2659989 AND 2660988 ORDER BY c
	Sort  (cost=3689.63..3691.98 rows=938 width=121)
	  Sort Key: c
	  ->  Bitmap Heap Scan on sbtest7  (cost=30.05..3643.33 rows=938 width=121)
	        Recheck Cond: ((id >= 2659989) AND (id <= 2660988))
	        ->  Bitmap Index Scan on sbtest7_pkey  (cost=0.00..29.82 rows=938 width=0)
	              Index Cond: ((id >= 2659989) AND (id <= 2660988))

table 8 : explain SELECT c FROM sbtest8 WHERE id BETWEEN 7526289 AND 7527288 ORDER BY c
	Sort  (cost=4020.43..4022.99 rows=1026 width=121)
	  Sort Key: c
	  ->  Bitmap Heap Scan on sbtest8  (cost=30.95..3969.11 rows=1026 width=121)
	        Recheck Cond: ((id >= 7526289) AND (id <= 7527288))
	        ->  Bitmap Index Scan on sbtest8_pkey  (cost=0.00..30.69 rows=1026 width=0)
	              Index Cond: ((id >= 7526289) AND (id <= 7527288))

explain: for point_selects :: explain SELECT c FROM sbtest%u WHERE id=%u
for: simple_ranges
table 1 : explain SELECT c FROM sbtest1 WHERE id BETWEEN 5360206 AND 5361205
	Bitmap Heap Scan on sbtest1  (cost=30.94..3966.77 rows=1025 width=121)
	  Recheck Cond: ((id >= 5360206) AND (id <= 5361205))
	  ->  Bitmap Index Scan on sbtest1_pkey  (cost=0.00..30.68 rows=1025 width=0)
	        Index Cond: ((id >= 5360206) AND (id <= 5361205))

table 2 : explain SELECT c FROM sbtest2 WHERE id BETWEEN 8693551 AND 8694550
	Bitmap Heap Scan on sbtest2  (cost=30.19..3690.18 rows=952 width=121)
	  Recheck Cond: ((id >= 8693551) AND (id <= 8694550))
	  ->  Bitmap Index Scan on sbtest2_pkey  (cost=0.00..29.95 rows=952 width=0)
	        Index Cond: ((id >= 8693551) AND (id <= 8694550))

table 3 : explain SELECT c FROM sbtest3 WHERE id BETWEEN 406176 AND 407175
	Bitmap Heap Scan on sbtest3  (cost=30.25..3718.65 rows=958 width=121)
	  Recheck Cond: ((id >= 406176) AND (id <= 407175))
	  ->  Bitmap Index Scan on sbtest3_pkey  (cost=0.00..30.01 rows=958 width=0)
	        Index Cond: ((id >= 406176) AND (id <= 407175))

table 4 : explain SELECT c FROM sbtest4 WHERE id BETWEEN 5361120 AND 5362119
	Bitmap Heap Scan on sbtest4  (cost=30.76..3902.71 rows=1007 width=121)
	  Recheck Cond: ((id >= 5361120) AND (id <= 5362119))
	  ->  Bitmap Index Scan on sbtest4_pkey  (cost=0.00..30.50 rows=1007 width=0)
	        Index Cond: ((id >= 5361120) AND (id <= 5362119))

table 5 : explain SELECT c FROM sbtest5 WHERE id BETWEEN 9040179 AND 9041178
	Bitmap Heap Scan on sbtest5  (cost=31.23..4071.41 rows=1053 width=121)
	  Recheck Cond: ((id >= 9040179) AND (id <= 9041178))
	  ->  Bitmap Index Scan on sbtest5_pkey  (cost=0.00..30.96 rows=1053 width=0)
	        Index Cond: ((id >= 9040179) AND (id <= 9041178))

table 6 : explain SELECT c FROM sbtest6 WHERE id BETWEEN 1620417 AND 1621416
	Bitmap Heap Scan on sbtest6  (cost=30.25..3714.81 rows=958 width=121)
	  Recheck Cond: ((id >= 1620417) AND (id <= 1621416))
	  ->  Bitmap Index Scan on sbtest6_pkey  (cost=0.00..30.01 rows=958 width=0)
	        Index Cond: ((id >= 1620417) AND (id <= 1621416))

table 7 : explain SELECT c FROM sbtest7 WHERE id BETWEEN 2202704 AND 2203703
	Bitmap Heap Scan on sbtest7  (cost=30.77..3908.11 rows=1008 width=121)
	  Recheck Cond: ((id >= 2202704) AND (id <= 2203703))
	  ->  Bitmap Index Scan on sbtest7_pkey  (cost=0.00..30.51 rows=1008 width=0)
	        Index Cond: ((id >= 2202704) AND (id <= 2203703))

table 8 : explain SELECT c FROM sbtest8 WHERE id BETWEEN 9853409 AND 9854408
	Bitmap Heap Scan on sbtest8  (cost=31.64..4221.15 rows=1093 width=121)
	  Recheck Cond: ((id >= 9853409) AND (id <= 9854408))
	  ->  Bitmap Index Scan on sbtest8_pkey  (cost=0.00..31.36 rows=1093 width=0)
	        Index Cond: ((id >= 9853409) AND (id <= 9854408))

for: simple_ranges
table 1 : explain SELECT c FROM sbtest1 WHERE id BETWEEN 4677651 AND 4678650
	Bitmap Heap Scan on sbtest1  (cost=30.61..3846.12 rows=993 width=121)
	  Recheck Cond: ((id >= 4677651) AND (id <= 4678650))
	  ->  Bitmap Index Scan on sbtest1_pkey  (cost=0.00..30.36 rows=993 width=0)
	        Index Cond: ((id >= 4677651) AND (id <= 4678650))

table 2 : explain SELECT c FROM sbtest2 WHERE id BETWEEN 1450920 AND 1451919
	Bitmap Heap Scan on sbtest2  (cost=30.19..3690.18 rows=952 width=121)
	  Recheck Cond: ((id >= 1450920) AND (id <= 1451919))
	  ->  Bitmap Index Scan on sbtest2_pkey  (cost=0.00..29.95 rows=952 width=0)
	        Index Cond: ((id >= 1450920) AND (id <= 1451919))

table 3 : explain SELECT c FROM sbtest3 WHERE id BETWEEN 620879 AND 621878
	Bitmap Heap Scan on sbtest3  (cost=31.14..4043.61 rows=1044 width=121)
	  Recheck Cond: ((id >= 620879) AND (id <= 621878))
	  ->  Bitmap Index Scan on sbtest3_pkey  (cost=0.00..30.87 rows=1044 width=0)
	        Index Cond: ((id >= 620879) AND (id <= 621878))

table 4 : explain SELECT c FROM sbtest4 WHERE id BETWEEN 8328342 AND 8329341
	Bitmap Heap Scan on sbtest4  (cost=30.41..3774.25 rows=973 width=121)
	  Recheck Cond: ((id >= 8328342) AND (id <= 8329341))
	  ->  Bitmap Index Scan on sbtest4_pkey  (cost=0.00..30.16 rows=973 width=0)
	        Index Cond: ((id >= 8328342) AND (id <= 8329341))

table 5 : explain SELECT c FROM sbtest5 WHERE id BETWEEN 9534621 AND 9535620
	Bitmap Heap Scan on sbtest5  (cost=31.07..4014.95 rows=1038 width=121)
	  Recheck Cond: ((id >= 9534621) AND (id <= 9535620))
	  ->  Bitmap Index Scan on sbtest5_pkey  (cost=0.00..30.82 rows=1038 width=0)
	        Index Cond: ((id >= 9534621) AND (id <= 9535620))

table 6 : explain SELECT c FROM sbtest6 WHERE id BETWEEN 8472067 AND 8473066
	Bitmap Heap Scan on sbtest6  (cost=30.34..3745.03 rows=966 width=121)
	  Recheck Cond: ((id >= 8472067) AND (id <= 8473066))
	  ->  Bitmap Index Scan on sbtest6_pkey  (cost=0.00..30.09 rows=966 width=0)
	        Index Cond: ((id >= 8472067) AND (id <= 8473066))

table 7 : explain SELECT c FROM sbtest7 WHERE id BETWEEN 628545 AND 629544
	Bitmap Heap Scan on sbtest7  (cost=30.73..3893.00 rows=1004 width=121)
	  Recheck Cond: ((id >= 628545) AND (id <= 629544))
	  ->  Bitmap Index Scan on sbtest7_pkey  (cost=0.00..30.47 rows=1004 width=0)
	        Index Cond: ((id >= 628545) AND (id <= 629544))

table 8 : explain SELECT c FROM sbtest8 WHERE id BETWEEN 5606775 AND 5607774
	Bitmap Heap Scan on sbtest8  (cost=31.29..4093.32 rows=1059 width=121)
	  Recheck Cond: ((id >= 5606775) AND (id <= 5607774))
	  ->  Bitmap Index Scan on sbtest8_pkey  (cost=0.00..31.02 rows=1059 width=0)
	        Index Cond: ((id >= 5606775) AND (id <= 5607774))

explain: for point_selects :: explain SELECT c FROM sbtest%u WHERE id=%u
for: distinct_ranges
table 1 : explain SELECT DISTINCT c FROM sbtest1 WHERE id BETWEEN 667763 AND 668762 ORDER BY c
	Unique  (cost=4021.85..4026.98 rows=1026 width=121)
	  ->  Sort  (cost=4021.85..4024.42 rows=1026 width=121)
	        Sort Key: c
	        ->  Bitmap Heap Scan on sbtest1  (cost=30.95..3970.54 rows=1026 width=121)
	              Recheck Cond: ((id >= 667763) AND (id <= 668762))
	              ->  Bitmap Index Scan on sbtest1_pkey  (cost=0.00..30.69 rows=1026 width=0)
	                    Index Cond: ((id >= 667763) AND (id <= 668762))

table 2 : explain SELECT DISTINCT c FROM sbtest2 WHERE id BETWEEN 8437971 AND 8438970 ORDER BY c
	Unique  (cost=3890.48..3895.44 rows=992 width=121)
	  ->  Sort  (cost=3890.48..3892.96 rows=992 width=121)
	        Sort Key: c
	        ->  Bitmap Heap Scan on sbtest2  (cost=30.60..3841.10 rows=992 width=121)
	              Recheck Cond: ((id >= 8437971) AND (id <= 8438970))
	              ->  Bitmap Index Scan on sbtest2_pkey  (cost=0.00..30.36 rows=992 width=0)
	                    Index Cond: ((id >= 8437971) AND (id <= 8438970))

table 3 : explain SELECT DISTINCT c FROM sbtest3 WHERE id BETWEEN 2104466 AND 2105465 ORDER BY c
	Unique  (cost=3746.89..3751.65 rows=953 width=121)
	  ->  Sort  (cost=3746.89..3749.27 rows=953 width=121)
	        Sort Key: c
	        ->  Bitmap Heap Scan on sbtest3  (cost=30.20..3699.73 rows=953 width=121)
	              Recheck Cond: ((id >= 2104466) AND (id <= 2105465))
	              ->  Bitmap Index Scan on sbtest3_pkey  (cost=0.00..29.96 rows=953 width=0)
	                    Index Cond: ((id >= 2104466) AND (id <= 2105465))

table 4 : explain SELECT DISTINCT c FROM sbtest4 WHERE id BETWEEN 4834310 AND 4835309 ORDER BY c
	Unique  (cost=3995.09..4000.18 rows=1018 width=121)
	  ->  Sort  (cost=3995.09..3997.64 rows=1018 width=121)
	        Sort Key: c
	        ->  Bitmap Heap Scan on sbtest4  (cost=30.87..3944.24 rows=1018 width=121)
	              Recheck Cond: ((id >= 4834310) AND (id <= 4835309))
	              ->  Bitmap Index Scan on sbtest4_pkey  (cost=0.00..30.61 rows=1018 width=0)
	                    Index Cond: ((id >= 4834310) AND (id <= 4835309))

table 5 : explain SELECT DISTINCT c FROM sbtest5 WHERE id BETWEEN 8738732 AND 8739731 ORDER BY c
	Unique  (cost=3868.01..3872.94 rows=986 width=121)
	  ->  Sort  (cost=3868.01..3870.47 rows=986 width=121)
	        Sort Key: c
	        ->  Bitmap Heap Scan on sbtest5  (cost=30.54..3818.98 rows=986 width=121)
	              Recheck Cond: ((id >= 8738732) AND (id <= 8739731))
	              ->  Bitmap Index Scan on sbtest5_pkey  (cost=0.00..30.29 rows=986 width=0)
	                    Index Cond: ((id >= 8738732) AND (id <= 8739731))

table 6 : explain SELECT DISTINCT c FROM sbtest6 WHERE id BETWEEN 2186 AND 3185 ORDER BY c
	Unique  (cost=3942.34..3947.37 rows=1005 width=121)
	  ->  Sort  (cost=3942.34..3944.85 rows=1005 width=121)
	        Sort Key: c
	        ->  Bitmap Heap Scan on sbtest6  (cost=30.74..3892.23 rows=1005 width=121)
	              Recheck Cond: ((id >= 2186) AND (id <= 3185))
	              ->  Bitmap Index Scan on sbtest6_pkey  (cost=0.00..30.48 rows=1005 width=0)
	                    Index Cond: ((id >= 2186) AND (id <= 3185))

table 7 : explain SELECT DISTINCT c FROM sbtest7 WHERE id BETWEEN 9853981 AND 9854980 ORDER BY c
	Unique  (cost=3766.48..3771.27 rows=958 width=121)
	  ->  Sort  (cost=3766.48..3768.88 rows=958 width=121)
	        Sort Key: c
	        ->  Bitmap Heap Scan on sbtest7  (cost=30.25..3719.04 rows=958 width=121)
	              Recheck Cond: ((id >= 9853981) AND (id <= 9854980))
	              ->  Bitmap Index Scan on sbtest7_pkey  (cost=0.00..30.01 rows=958 width=0)
	                    Index Cond: ((id >= 9853981) AND (id <= 9854980))

table 8 : explain SELECT DISTINCT c FROM sbtest8 WHERE id BETWEEN 2688023 AND 2689022 ORDER BY c
	Unique  (cost=4016.60..4021.73 rows=1025 width=121)
	  ->  Sort  (cost=4016.60..4019.17 rows=1025 width=121)
	        Sort Key: c
	        ->  Bitmap Heap Scan on sbtest8  (cost=30.94..3965.35 rows=1025 width=121)
	              Recheck Cond: ((id >= 2688023) AND (id <= 2689022))
	              ->  Bitmap Index Scan on sbtest8_pkey  (cost=0.00..30.68 rows=1025 width=0)
	                    Index Cond: ((id >= 2688023) AND (id <= 2689022))

for: order_ranges
table 1 : explain SELECT c FROM sbtest1 WHERE id BETWEEN 5154973 AND 5155972 ORDER BY c
	Sort  (cost=3592.51..3594.80 rows=915 width=121)
	  Sort Key: c
	  ->  Bitmap Heap Scan on sbtest1  (cost=25.81..3547.50 rows=915 width=121)
	        Recheck Cond: ((id >= 5154973) AND (id <= 5155972))
	        ->  Bitmap Index Scan on sbtest1_pkey  (cost=0.00..25.58 rows=915 width=0)
	              Index Cond: ((id >= 5154973) AND (id <= 5155972))

table 2 : explain SELECT c FROM sbtest2 WHERE id BETWEEN 9227350 AND 9228349 ORDER BY c
	Sort  (cost=3587.57..3589.85 rows=914 width=121)
	  Sort Key: c
	  ->  Bitmap Heap Scan on sbtest2  (cost=25.80..3542.62 rows=914 width=121)
	        Recheck Cond: ((id >= 9227350) AND (id <= 9228349))
	        ->  Bitmap Index Scan on sbtest2_pkey  (cost=0.00..25.57 rows=914 width=0)
	              Index Cond: ((id >= 9227350) AND (id <= 9228349))

table 3 : explain SELECT c FROM sbtest3 WHERE id BETWEEN 7392833 AND 7393832 ORDER BY c
	Sort  (cost=4092.12..4094.73 rows=1043 width=121)
	  Sort Key: c
	  ->  Bitmap Heap Scan on sbtest3  (cost=31.13..4039.84 rows=1043 width=121)
	        Recheck Cond: ((id >= 7392833) AND (id <= 7393832))
	        ->  Bitmap Index Scan on sbtest3_pkey  (cost=0.00..30.86 rows=1043 width=0)
	              Index Cond: ((id >= 7392833) AND (id <= 7393832))

table 4 : explain SELECT c FROM sbtest4 WHERE id BETWEEN 2338868 AND 2339867 ORDER BY c
	Sort  (cost=3880.09..3882.56 rows=988 width=121)
	  Sort Key: c
	  ->  Bitmap Heap Scan on sbtest4  (cost=30.56..3830.94 rows=988 width=121)
	        Recheck Cond: ((id >= 2338868) AND (id <= 2339867))
	        ->  Bitmap Index Scan on sbtest4_pkey  (cost=0.00..30.32 rows=988 width=0)
	              Index Cond: ((id >= 2338868) AND (id <= 2339867))

table 5 : explain SELECT c FROM sbtest5 WHERE id BETWEEN 3171118 AND 3172117 ORDER BY c
	Sort  (cost=3825.88..3828.32 rows=975 width=121)
	  Sort Key: c
	  ->  Bitmap Heap Scan on sbtest5  (cost=30.43..3777.48 rows=975 width=121)
	        Recheck Cond: ((id >= 3171118) AND (id <= 3172117))
	        ->  Bitmap Index Scan on sbtest5_pkey  (cost=0.00..30.18 rows=975 width=0)
	              Index Cond: ((id >= 3171118) AND (id <= 3172117))

table 6 : explain SELECT c FROM sbtest6 WHERE id BETWEEN 4162005 AND 4163004 ORDER BY c
	Sort  (cost=3731.57..3733.94 rows=950 width=121)
	  Sort Key: c
	  ->  Bitmap Heap Scan on sbtest6  (cost=30.17..3684.58 rows=950 width=121)
	        Recheck Cond: ((id >= 4162005) AND (id <= 4163004))
	        ->  Bitmap Index Scan on sbtest6_pkey  (cost=0.00..29.93 rows=950 width=0)
	              Index Cond: ((id >= 4162005) AND (id <= 4163004))

table 7 : explain SELECT c FROM sbtest7 WHERE id BETWEEN 9039406 AND 9040405 ORDER BY c
	Sort  (cost=3701.16..3703.51 rows=941 width=121)
	  Sort Key: c
	  ->  Bitmap Heap Scan on sbtest7  (cost=30.08..3654.69 rows=941 width=121)
	        Recheck Cond: ((id >= 9039406) AND (id <= 9040405))
	        ->  Bitmap Index Scan on sbtest7_pkey  (cost=0.00..29.84 rows=941 width=0)
	              Index Cond: ((id >= 9039406) AND (id <= 9040405))

table 8 : explain SELECT c FROM sbtest8 WHERE id BETWEEN 3411180 AND 3412179 ORDER BY c
	Sort  (cost=3748.68..3751.07 rows=955 width=121)
	  Sort Key: c
	  ->  Bitmap Heap Scan on sbtest8  (cost=30.22..3701.41 rows=955 width=121)
	        Recheck Cond: ((id >= 3411180) AND (id <= 3412179))
	        ->  Bitmap Index Scan on sbtest8_pkey  (cost=0.00..29.98 rows=955 width=0)
	              Index Cond: ((id >= 3411180) AND (id <= 3412179))

for: sum_ranges
table 1 : explain SELECT SUM(k) FROM sbtest1 WHERE id BETWEEN 380533 AND 381532
	Aggregate  (cost=3856.16..3856.17 rows=1 width=8)
	  ->  Bitmap Heap Scan on sbtest1  (cost=30.63..3853.67 rows=995 width=4)
	        Recheck Cond: ((id >= 380533) AND (id <= 381532))
	        ->  Bitmap Index Scan on sbtest1_pkey  (cost=0.00..30.39 rows=995 width=0)
	              Index Cond: ((id >= 380533) AND (id <= 381532))

table 2 : explain SELECT SUM(k) FROM sbtest2 WHERE id BETWEEN 355223 AND 356222
	Aggregate  (cost=3956.71..3956.72 rows=1 width=8)
	  ->  Bitmap Heap Scan on sbtest2  (cost=30.91..3954.16 rows=1022 width=4)
	        Recheck Cond: ((id >= 355223) AND (id <= 356222))
	        ->  Bitmap Index Scan on sbtest2_pkey  (cost=0.00..30.65 rows=1022 width=0)
	              Index Cond: ((id >= 355223) AND (id <= 356222))

table 3 : explain SELECT SUM(k) FROM sbtest3 WHERE id BETWEEN 1877621 AND 1878620
	Aggregate  (cost=3982.01..3982.02 rows=1 width=8)
	  ->  Bitmap Heap Scan on sbtest3  (cost=30.96..3979.45 rows=1027 width=4)
	        Recheck Cond: ((id >= 1877621) AND (id <= 1878620))
	        ->  Bitmap Index Scan on sbtest3_pkey  (cost=0.00..30.70 rows=1027 width=0)
	              Index Cond: ((id >= 1877621) AND (id <= 1878620))

table 4 : explain SELECT SUM(k) FROM sbtest4 WHERE id BETWEEN 7628948 AND 7629947
	Aggregate  (cost=4090.22..4090.23 rows=1 width=8)
	  ->  Bitmap Heap Scan on sbtest4  (cost=31.26..4087.58 rows=1056 width=4)
	        Recheck Cond: ((id >= 7628948) AND (id <= 7629947))
	        ->  Bitmap Index Scan on sbtest4_pkey  (cost=0.00..31.00 rows=1056 width=0)
	              Index Cond: ((id >= 7628948) AND (id <= 7629947))

table 5 : explain SELECT SUM(k) FROM sbtest5 WHERE id BETWEEN 8911492 AND 8912491
	Aggregate  (cost=3795.02..3795.03 rows=1 width=8)
	  ->  Bitmap Heap Scan on sbtest5  (cost=30.47..3792.57 rows=979 width=4)
	        Recheck Cond: ((id >= 8911492) AND (id <= 8912491))
	        ->  Bitmap Index Scan on sbtest5_pkey  (cost=0.00..30.22 rows=979 width=0)
	              Index Cond: ((id >= 8911492) AND (id <= 8912491))

table 6 : explain SELECT SUM(k) FROM sbtest6 WHERE id BETWEEN 3845944 AND 3846943
	Aggregate  (cost=4011.69..4011.70 rows=1 width=8)
	  ->  Bitmap Heap Scan on sbtest6  (cost=31.05..4009.10 rows=1036 width=4)
	        Recheck Cond: ((id >= 3845944) AND (id <= 3846943))
	        ->  Bitmap Index Scan on sbtest6_pkey  (cost=0.00..30.79 rows=1036 width=0)
	              Index Cond: ((id >= 3845944) AND (id <= 3846943))

table 7 : explain SELECT SUM(k) FROM sbtest7 WHERE id BETWEEN 567629 AND 568628
	Aggregate  (cost=3986.22..3986.23 rows=1 width=8)
	  ->  Bitmap Heap Scan on sbtest7  (cost=30.97..3983.65 rows=1028 width=4)
	        Recheck Cond: ((id >= 567629) AND (id <= 568628))
	        ->  Bitmap Index Scan on sbtest7_pkey  (cost=0.00..30.71 rows=1028 width=0)
	              Index Cond: ((id >= 567629) AND (id <= 568628))

table 8 : explain SELECT SUM(k) FROM sbtest8 WHERE id BETWEEN 5097885 AND 5098884
	Aggregate  (cost=3952.83..3952.84 rows=1 width=8)
	  ->  Bitmap Heap Scan on sbtest8  (cost=30.90..3950.28 rows=1021 width=4)
	        Recheck Cond: ((id >= 5097885) AND (id <= 5098884))
	        ->  Bitmap Index Scan on sbtest8_pkey  (cost=0.00..30.64 rows=1021 width=0)
	              Index Cond: ((id >= 5097885) AND (id <= 5098884))

for: distinct_ranges
table 1 : explain SELECT DISTINCT c FROM sbtest1 WHERE id BETWEEN 5036883 AND 5037882 ORDER BY c
	Unique  (cost=4243.51..4248.93 rows=1084 width=121)
	  ->  Sort  (cost=4243.51..4246.22 rows=1084 width=121)
	        Sort Key: c
	        ->  Bitmap Heap Scan on sbtest1  (cost=31.55..4188.87 rows=1084 width=121)
	              Recheck Cond: ((id >= 5036883) AND (id <= 5037882))
	              ->  Bitmap Index Scan on sbtest1_pkey  (cost=0.00..31.27 rows=1084 width=0)
	                    Index Cond: ((id >= 5036883) AND (id <= 5037882))

table 2 : explain SELECT DISTINCT c FROM sbtest2 WHERE id BETWEEN 9387192 AND 9388191 ORDER BY c
	Unique  (cost=4413.79..4419.44 rows=1130 width=121)
	  ->  Sort  (cost=4413.79..4416.62 rows=1130 width=121)
	        Sort Key: c
	        ->  Bitmap Heap Scan on sbtest2  (cost=32.02..4356.49 rows=1130 width=121)
	              Recheck Cond: ((id >= 9387192) AND (id <= 9388191))
	              ->  Bitmap Index Scan on sbtest2_pkey  (cost=0.00..31.73 rows=1130 width=0)
	                    Index Cond: ((id >= 9387192) AND (id <= 9388191))

table 3 : explain SELECT DISTINCT c FROM sbtest3 WHERE id BETWEEN 9970734 AND 9971733 ORDER BY c
	Unique  (cost=3662.35..3667.01 rows=931 width=121)
	  ->  Sort  (cost=3662.35..3664.68 rows=931 width=121)
	        Sort Key: c
	        ->  Bitmap Heap Scan on sbtest3  (cost=29.98..3616.44 rows=931 width=121)
	              Recheck Cond: ((id >= 9970734) AND (id <= 9971733))
	              ->  Bitmap Index Scan on sbtest3_pkey  (cost=0.00..29.75 rows=931 width=0)
	                    Index Cond: ((id >= 9970734) AND (id <= 9971733))

table 4 : explain SELECT DISTINCT c FROM sbtest4 WHERE id BETWEEN 6773013 AND 6774012 ORDER BY c
	Unique  (cost=3691.85..3696.55 rows=940 width=121)
	  ->  Sort  (cost=3691.85..3694.20 rows=940 width=121)
	        Sort Key: c
	        ->  Bitmap Heap Scan on sbtest4  (cost=26.07..3645.43 rows=940 width=121)
	              Recheck Cond: ((id >= 6773013) AND (id <= 6774012))
	              ->  Bitmap Index Scan on sbtest4_pkey  (cost=0.00..25.83 rows=940 width=0)
	                    Index Cond: ((id >= 6773013) AND (id <= 6774012))

table 5 : explain SELECT DISTINCT c FROM sbtest5 WHERE id BETWEEN 7734760 AND 7735759 ORDER BY c
	Unique  (cost=4364.84..4370.42 rows=1117 width=121)
	  ->  Sort  (cost=4364.84..4367.63 rows=1117 width=121)
	        Sort Key: c
	        ->  Bitmap Heap Scan on sbtest5  (cost=31.88..4308.29 rows=1117 width=121)
	              Recheck Cond: ((id >= 7734760) AND (id <= 7735759))
	              ->  Bitmap Index Scan on sbtest5_pkey  (cost=0.00..31.61 rows=1117 width=0)
	                    Index Cond: ((id >= 7734760) AND (id <= 7735759))

table 6 : explain SELECT DISTINCT c FROM sbtest6 WHERE id BETWEEN 2414904 AND 2415903 ORDER BY c
	Unique  (cost=3846.58..3851.48 rows=980 width=121)
	  ->  Sort  (cost=3846.58..3849.03 rows=980 width=121)
	        Sort Key: c
	        ->  Bitmap Heap Scan on sbtest6  (cost=30.48..3797.89 rows=980 width=121)
	              Recheck Cond: ((id >= 2414904) AND (id <= 2415903))
	              ->  Bitmap Index Scan on sbtest6_pkey  (cost=0.00..30.23 rows=980 width=0)
	                    Index Cond: ((id >= 2414904) AND (id <= 2415903))

table 7 : explain SELECT DISTINCT c FROM sbtest7 WHERE id BETWEEN 5603495 AND 5604494 ORDER BY c
	Unique  (cost=4054.25..4059.41 rows=1033 width=121)
	  ->  Sort  (cost=4054.25..4056.83 rows=1033 width=121)
	        Sort Key: c
	        ->  Bitmap Heap Scan on sbtest7  (cost=31.02..4002.53 rows=1033 width=121)
	              Recheck Cond: ((id >= 5603495) AND (id <= 5604494))
	              ->  Bitmap Index Scan on sbtest7_pkey  (cost=0.00..30.76 rows=1033 width=0)
	                    Index Cond: ((id >= 5603495) AND (id <= 5604494))

table 8 : explain SELECT DISTINCT c FROM sbtest8 WHERE id BETWEEN 5330602 AND 5331601 ORDER BY c
	Unique  (cost=3947.77..3952.80 rows=1007 width=121)
	  ->  Sort  (cost=3947.77..3950.28 rows=1007 width=121)
	        Sort Key: c
	        ->  Bitmap Heap Scan on sbtest8  (cost=30.76..3897.54 rows=1007 width=121)
	              Recheck Cond: ((id >= 5330602) AND (id <= 5331601))
	              ->  Bitmap Index Scan on sbtest8_pkey  (cost=0.00..30.50 rows=1007 width=0)
	                    Index Cond: ((id >= 5330602) AND (id <= 5331601))

for: sum_ranges
table 1 : explain SELECT SUM(k) FROM sbtest1 WHERE id BETWEEN 63732 AND 64731
	Aggregate  (cost=3837.28..3837.29 rows=1 width=8)
	  ->  Bitmap Heap Scan on sbtest1  (cost=30.58..3834.81 rows=990 width=4)
	        Recheck Cond: ((id >= 63732) AND (id <= 64731))
	        ->  Bitmap Index Scan on sbtest1_pkey  (cost=0.00..30.33 rows=990 width=0)
	              Index Cond: ((id >= 63732) AND (id <= 64731))

table 2 : explain SELECT SUM(k) FROM sbtest2 WHERE id BETWEEN 7910407 AND 7911406
	Aggregate  (cost=4028.30..4028.31 rows=1 width=8)
	  ->  Bitmap Heap Scan on sbtest2  (cost=31.11..4025.70 rows=1041 width=4)
	        Recheck Cond: ((id >= 7910407) AND (id <= 7911406))
	        ->  Bitmap Index Scan on sbtest2_pkey  (cost=0.00..30.84 rows=1041 width=0)
	              Index Cond: ((id >= 7910407) AND (id <= 7911406))

table 3 : explain SELECT SUM(k) FROM sbtest3 WHERE id BETWEEN 4441329 AND 4442328
	Aggregate  (cost=3611.19..3611.20 rows=1 width=8)
	  ->  Bitmap Heap Scan on sbtest3  (cost=29.96..3608.87 rows=929 width=4)
	        Recheck Cond: ((id >= 4441329) AND (id <= 4442328))
	        ->  Bitmap Index Scan on sbtest3_pkey  (cost=0.00..29.72 rows=929 width=0)
	              Index Cond: ((id >= 4441329) AND (id <= 4442328))

table 4 : explain SELECT SUM(k) FROM sbtest4 WHERE id BETWEEN 2419074 AND 2420073
	Aggregate  (cost=3587.18..3587.19 rows=1 width=8)
	  ->  Bitmap Heap Scan on sbtest4  (cost=25.91..3584.87 rows=924 width=4)
	        Recheck Cond: ((id >= 2419074) AND (id <= 2420073))
	        ->  Bitmap Index Scan on sbtest4_pkey  (cost=0.00..25.68 rows=924 width=0)
	              Index Cond: ((id >= 2419074) AND (id <= 2420073))

table 5 : explain SELECT SUM(k) FROM sbtest5 WHERE id BETWEEN 466989 AND 467988
	Aggregate  (cost=4107.93..4107.94 rows=1 width=8)
	  ->  Bitmap Heap Scan on sbtest5  (cost=31.32..4105.28 rows=1062 width=4)
	        Recheck Cond: ((id >= 466989) AND (id <= 467988))
	        ->  Bitmap Index Scan on sbtest5_pkey  (cost=0.00..31.05 rows=1062 width=0)
	              Index Cond: ((id >= 466989) AND (id <= 467988))

table 6 : explain SELECT SUM(k) FROM sbtest6 WHERE id BETWEEN 9335807 AND 9336806
	Aggregate  (cost=3932.48..3932.49 rows=1 width=8)
	  ->  Bitmap Heap Scan on sbtest6  (cost=30.84..3929.94 rows=1015 width=4)
	        Recheck Cond: ((id >= 9335807) AND (id <= 9336806))
	        ->  Bitmap Index Scan on sbtest6_pkey  (cost=0.00..30.58 rows=1015 width=0)
	              Index Cond: ((id >= 9335807) AND (id <= 9336806))

table 7 : explain SELECT SUM(k) FROM sbtest7 WHERE id BETWEEN 4453980 AND 4454979
	Aggregate  (cost=4171.22..4171.23 rows=1 width=8)
	  ->  Bitmap Heap Scan on sbtest7  (cost=31.47..4168.53 rows=1077 width=4)
	        Recheck Cond: ((id >= 4453980) AND (id <= 4454979))
	        ->  Bitmap Index Scan on sbtest7_pkey  (cost=0.00..31.20 rows=1077 width=0)
	              Index Cond: ((id >= 4453980) AND (id <= 4454979))

table 8 : explain SELECT SUM(k) FROM sbtest8 WHERE id BETWEEN 120949 AND 121948
	Aggregate  (cost=4122.31..4122.32 rows=1 width=8)
	  ->  Bitmap Heap Scan on sbtest8  (cost=31.36..4119.65 rows=1066 width=4)
	        Recheck Cond: ((id >= 120949) AND (id <= 121948))
	        ->  Bitmap Index Scan on sbtest8_pkey  (cost=0.00..31.09 rows=1066 width=0)
	              Index Cond: ((id >= 120949) AND (id <= 121948))

for point_selects
table 1 : explain SELECT c FROM sbtest1 WHERE id=6878527
	Index Scan using sbtest1_pkey on sbtest1  (cost=0.43..8.45 rows=1 width=121)
	  Index Cond: (id = 6878527)

table 2 : explain SELECT c FROM sbtest2 WHERE id=4343774
	Index Scan using sbtest2_pkey on sbtest2  (cost=0.43..8.45 rows=1 width=121)
	  Index Cond: (id = 4343774)

table 3 : explain SELECT c FROM sbtest3 WHERE id=3749002
	Index Scan using sbtest3_pkey on sbtest3  (cost=0.43..8.45 rows=1 width=121)
	  Index Cond: (id = 3749002)

table 4 : explain SELECT c FROM sbtest4 WHERE id=7367655
	Index Scan using sbtest4_pkey on sbtest4  (cost=0.43..8.45 rows=1 width=121)
	  Index Cond: (id = 7367655)

table 5 : explain SELECT c FROM sbtest5 WHERE id=4741360
	Index Scan using sbtest5_pkey on sbtest5  (cost=0.43..8.45 rows=1 width=121)
	  Index Cond: (id = 4741360)

table 6 : explain SELECT c FROM sbtest6 WHERE id=446181
	Index Scan using sbtest6_pkey on sbtest6  (cost=0.43..8.45 rows=1 width=121)
	  Index Cond: (id = 446181)

table 7 : explain SELECT c FROM sbtest7 WHERE id=2776798
	Index Scan using sbtest7_pkey on sbtest7  (cost=0.43..8.45 rows=1 width=121)
	  Index Cond: (id = 2776798)

table 8 : explain SELECT c FROM sbtest8 WHERE id=5027273
	Index Scan using sbtest8_pkey on sbtest8  (cost=0.43..8.45 rows=1 width=121)
	  Index Cond: (id = 5027273)

for point_selects
table 1 : explain SELECT c FROM sbtest1 WHERE id=7499646
	Index Scan using sbtest1_pkey on sbtest1  (cost=0.43..8.45 rows=1 width=121)
	  Index Cond: (id = 7499646)

table 2 : explain SELECT c FROM sbtest2 WHERE id=4410039
	Index Scan using sbtest2_pkey on sbtest2  (cost=0.43..8.45 rows=1 width=121)
	  Index Cond: (id = 4410039)

table 3 : explain SELECT c FROM sbtest3 WHERE id=9488070
	Index Scan using sbtest3_pkey on sbtest3  (cost=0.43..8.45 rows=1 width=121)
	  Index Cond: (id = 9488070)

table 4 : explain SELECT c FROM sbtest4 WHERE id=5848114
	Index Scan using sbtest4_pkey on sbtest4  (cost=0.43..8.45 rows=1 width=121)
	  Index Cond: (id = 5848114)

table 5 : explain SELECT c FROM sbtest5 WHERE id=9264639
	Index Scan using sbtest5_pkey on sbtest5  (cost=0.43..8.45 rows=1 width=121)
	  Index Cond: (id = 9264639)

table 6 : explain SELECT c FROM sbtest6 WHERE id=1059725
	Index Scan using sbtest6_pkey on sbtest6  (cost=0.43..8.45 rows=1 width=121)
	  Index Cond: (id = 1059725)

table 7 : explain SELECT c FROM sbtest7 WHERE id=3302251
	Index Scan using sbtest7_pkey on sbtest7  (cost=0.43..8.45 rows=1 width=121)
	  Index Cond: (id = 3302251)

table 8 : explain SELECT c FROM sbtest8 WHERE id=3523455
	Index Scan using sbtest8_pkey on sbtest8  (cost=0.43..8.45 rows=1 width=121)
	  Index Cond: (id = 3523455)

for point_selects
table 1 : explain SELECT c FROM sbtest1 WHERE id=3943382
	Index Scan using sbtest1_pkey on sbtest1  (cost=0.43..8.45 rows=1 width=121)
	  Index Cond: (id = 3943382)

table 2 : explain SELECT c FROM sbtest2 WHERE id=5922051
	Index Scan using sbtest2_pkey on sbtest2  (cost=0.43..8.45 rows=1 width=121)
	  Index Cond: (id = 5922051)

table 3 : explain SELECT c FROM sbtest3 WHERE id=2892494
	Index Scan using sbtest3_pkey on sbtest3  (cost=0.43..8.45 rows=1 width=121)
	  Index Cond: (id = 2892494)

table 4 : explain SELECT c FROM sbtest4 WHERE id=6762146
	Index Scan using sbtest4_pkey on sbtest4  (cost=0.43..8.45 rows=1 width=121)
	  Index Cond: (id = 6762146)

table 5 : explain SELECT c FROM sbtest5 WHERE id=8733535
	Index Scan using sbtest5_pkey on sbtest5  (cost=0.43..8.45 rows=1 width=121)
	  Index Cond: (id = 8733535)

table 6 : explain SELECT c FROM sbtest6 WHERE id=6451853
	Index Scan using sbtest6_pkey on sbtest6  (cost=0.43..8.45 rows=1 width=121)
	  Index Cond: (id = 6451853)

table 7 : explain SELECT c FROM sbtest7 WHERE id=2471571
	Index Scan using sbtest7_pkey on sbtest7  (cost=0.43..8.45 rows=1 width=121)
	  Index Cond: (id = 2471571)

table 8 : explain SELECT c FROM sbtest8 WHERE id=1881712
	Index Scan using sbtest8_pkey on sbtest8  (cost=0.43..8.45 rows=1 width=121)
	  Index Cond: (id = 1881712)

for: sum_ranges
table 1 : explain SELECT SUM(k) FROM sbtest1 WHERE id BETWEEN 3275337 AND 3276336
	Aggregate  (cost=3731.53..3731.54 rows=1 width=8)
	  ->  Bitmap Heap Scan on sbtest1  (cost=30.30..3729.13 rows=962 width=4)
	        Recheck Cond: ((id >= 3275337) AND (id <= 3276336))
	        ->  Bitmap Index Scan on sbtest1_pkey  (cost=0.00..30.05 rows=962 width=0)
	              Index Cond: ((id >= 3275337) AND (id <= 3276336))

table 2 : explain SELECT SUM(k) FROM sbtest2 WHERE id BETWEEN 4557179 AND 4558178
	Aggregate  (cost=3575.38..3575.39 rows=1 width=8)
	  ->  Bitmap Heap Scan on sbtest2  (cost=29.88..3573.08 rows=921 width=4)
	        Recheck Cond: ((id >= 4557179) AND (id <= 4558178))
	        ->  Bitmap Index Scan on sbtest2_pkey  (cost=0.00..29.64 rows=921 width=0)
	              Index Cond: ((id >= 4557179) AND (id <= 4558178))

table 3 : explain SELECT SUM(k) FROM sbtest3 WHERE id BETWEEN 2606325 AND 2607324
	Aggregate  (cost=3811.88..3811.89 rows=1 width=8)
	  ->  Bitmap Heap Scan on sbtest3  (cost=30.50..3809.43 rows=982 width=4)
	        Recheck Cond: ((id >= 2606325) AND (id <= 2607324))
	        ->  Bitmap Index Scan on sbtest3_pkey  (cost=0.00..30.25 rows=982 width=0)
	              Index Cond: ((id >= 2606325) AND (id <= 2607324))

table 4 : explain SELECT SUM(k) FROM sbtest4 WHERE id BETWEEN 7845090 AND 7846089
	Aggregate  (cost=3780.47..3780.48 rows=1 width=8)
	  ->  Bitmap Heap Scan on sbtest4  (cost=30.42..3778.03 rows=974 width=4)
	        Recheck Cond: ((id >= 7845090) AND (id <= 7846089))
	        ->  Bitmap Index Scan on sbtest4_pkey  (cost=0.00..30.18 rows=974 width=0)
	              Index Cond: ((id >= 7845090) AND (id <= 7846089))

table 5 : explain SELECT SUM(k) FROM sbtest5 WHERE id BETWEEN 3372430 AND 3373429
	Aggregate  (cost=3783.69..3783.70 rows=1 width=8)
	  ->  Bitmap Heap Scan on sbtest5  (cost=30.44..3781.25 rows=976 width=4)
	        Recheck Cond: ((id >= 3372430) AND (id <= 3373429))
	        ->  Bitmap Index Scan on sbtest5_pkey  (cost=0.00..30.19 rows=976 width=0)
	              Index Cond: ((id >= 3372430) AND (id <= 3373429))

table 6 : explain SELECT SUM(k) FROM sbtest6 WHERE id BETWEEN 4882713 AND 4883712
	Aggregate  (cost=3992.83..3992.84 rows=1 width=8)
	  ->  Bitmap Heap Scan on sbtest6  (cost=31.00..3990.25 rows=1031 width=4)
	        Recheck Cond: ((id >= 4882713) AND (id <= 4883712))
	        ->  Bitmap Index Scan on sbtest6_pkey  (cost=0.00..30.75 rows=1031 width=0)
	              Index Cond: ((id >= 4882713) AND (id <= 4883712))

table 7 : explain SELECT SUM(k) FROM sbtest7 WHERE id BETWEEN 8984078 AND 8985077
	Aggregate  (cost=3657.04..3657.05 rows=1 width=8)
	  ->  Bitmap Heap Scan on sbtest7  (cost=30.08..3654.69 rows=941 width=4)
	        Recheck Cond: ((id >= 8984078) AND (id <= 8985077))
	        ->  Bitmap Index Scan on sbtest7_pkey  (cost=0.00..29.84 rows=941 width=0)
	              Index Cond: ((id >= 8984078) AND (id <= 8985077))

table 8 : explain SELECT SUM(k) FROM sbtest8 WHERE id BETWEEN 30496 AND 31495
	Aggregate  (cost=3658.46..3658.47 rows=1 width=8)
	  ->  Bitmap Heap Scan on sbtest8  (cost=30.10..3656.10 rows=943 width=4)
	        Recheck Cond: ((id >= 30496) AND (id <= 31495))
	        ->  Bitmap Index Scan on sbtest8_pkey  (cost=0.00..29.86 rows=943 width=0)
	              Index Cond: ((id >= 30496) AND (id <= 31495))

for: sum_ranges
table 1 : explain SELECT SUM(k) FROM sbtest1 WHERE id BETWEEN 6806129 AND 6807128
	Aggregate  (cost=3799.53..3799.54 rows=1 width=8)
	  ->  Bitmap Heap Scan on sbtest1  (cost=30.48..3797.08 rows=980 width=4)
	        Recheck Cond: ((id >= 6806129) AND (id <= 6807128))
	        ->  Bitmap Index Scan on sbtest1_pkey  (cost=0.00..30.23 rows=980 width=0)
	              Index Cond: ((id >= 6806129) AND (id <= 6807128))

table 2 : explain SELECT SUM(k) FROM sbtest2 WHERE id BETWEEN 6991497 AND 6992496
	Aggregate  (cost=3941.63..3941.64 rows=1 width=8)
	  ->  Bitmap Heap Scan on sbtest2  (cost=30.87..3939.09 rows=1018 width=4)
	        Recheck Cond: ((id >= 6991497) AND (id <= 6992496))
	        ->  Bitmap Index Scan on sbtest2_pkey  (cost=0.00..30.61 rows=1018 width=0)
	              Index Cond: ((id >= 6991497) AND (id <= 6992496))

table 3 : explain SELECT SUM(k) FROM sbtest3 WHERE id BETWEEN 5077206 AND 5078205
	Aggregate  (cost=3932.89..3932.90 rows=1 width=8)
	  ->  Bitmap Heap Scan on sbtest3  (cost=30.83..3930.36 rows=1014 width=4)
	        Recheck Cond: ((id >= 5077206) AND (id <= 5078205))
	        ->  Bitmap Index Scan on sbtest3_pkey  (cost=0.00..30.57 rows=1014 width=0)
	              Index Cond: ((id >= 5077206) AND (id <= 5078205))

table 4 : explain SELECT SUM(k) FROM sbtest4 WHERE id BETWEEN 3524236 AND 3525235
	Aggregate  (cost=4512.03..4512.04 rows=1 width=8)
	  ->  Bitmap Heap Scan on sbtest4  (cost=32.42..4509.11 rows=1169 width=4)
	        Recheck Cond: ((id >= 3524236) AND (id <= 3525235))
	        ->  Bitmap Index Scan on sbtest4_pkey  (cost=0.00..32.12 rows=1169 width=0)
	              Index Cond: ((id >= 3524236) AND (id <= 3525235))

table 5 : explain SELECT SUM(k) FROM sbtest5 WHERE id BETWEEN 682322 AND 683321
	Aggregate  (cost=4085.34..4085.35 rows=1 width=8)
	  ->  Bitmap Heap Scan on sbtest5  (cost=31.26..4082.70 rows=1056 width=4)
	        Recheck Cond: ((id >= 682322) AND (id <= 683321))
	        ->  Bitmap Index Scan on sbtest5_pkey  (cost=0.00..31.00 rows=1056 width=0)
	              Index Cond: ((id >= 682322) AND (id <= 683321))

table 6 : explain SELECT SUM(k) FROM sbtest6 WHERE id BETWEEN 3497583 AND 3498582
	Aggregate  (cost=3766.34..3766.35 rows=1 width=8)
	  ->  Bitmap Heap Scan on sbtest6  (cost=30.39..3763.91 rows=971 width=4)
	        Recheck Cond: ((id >= 3497583) AND (id <= 3498582))
	        ->  Bitmap Index Scan on sbtest6_pkey  (cost=0.00..30.14 rows=971 width=0)
	              Index Cond: ((id >= 3497583) AND (id <= 3498582))

table 7 : explain SELECT SUM(k) FROM sbtest7 WHERE id BETWEEN 8975560 AND 8976559
	Aggregate  (cost=3657.04..3657.05 rows=1 width=8)
	  ->  Bitmap Heap Scan on sbtest7  (cost=30.08..3654.69 rows=941 width=4)
	        Recheck Cond: ((id >= 8975560) AND (id <= 8976559))
	        ->  Bitmap Index Scan on sbtest7_pkey  (cost=0.00..29.84 rows=941 width=0)
	              Index Cond: ((id >= 8975560) AND (id <= 8976559))

table 8 : explain SELECT SUM(k) FROM sbtest8 WHERE id BETWEEN 2309955 AND 2310954
	Aggregate  (cost=4317.87..4317.88 rows=1 width=8)
	  ->  Bitmap Heap Scan on sbtest8  (cost=31.90..4315.07 rows=1119 width=4)
	        Recheck Cond: ((id >= 2309955) AND (id <= 2310954))
	        ->  Bitmap Index Scan on sbtest8_pkey  (cost=0.00..31.62 rows=1119 width=0)
	              Index Cond: ((id >= 2309955) AND (id <= 2310954))

for point_selects
table 1 : explain SELECT c FROM sbtest1 WHERE id=3197961
	Index Scan using sbtest1_pkey on sbtest1  (cost=0.43..8.45 rows=1 width=121)
	  Index Cond: (id = 3197961)

table 2 : explain SELECT c FROM sbtest2 WHERE id=5363319
	Index Scan using sbtest2_pkey on sbtest2  (cost=0.43..8.45 rows=1 width=121)
	  Index Cond: (id = 5363319)

table 3 : explain SELECT c FROM sbtest3 WHERE id=7283279
	Index Scan using sbtest3_pkey on sbtest3  (cost=0.43..8.45 rows=1 width=121)
	  Index Cond: (id = 7283279)

table 4 : explain SELECT c FROM sbtest4 WHERE id=2302840
	Index Scan using sbtest4_pkey on sbtest4  (cost=0.43..8.45 rows=1 width=121)
	  Index Cond: (id = 2302840)

table 5 : explain SELECT c FROM sbtest5 WHERE id=5415785
	Index Scan using sbtest5_pkey on sbtest5  (cost=0.43..8.45 rows=1 width=121)
	  Index Cond: (id = 5415785)

table 6 : explain SELECT c FROM sbtest6 WHERE id=2806335
	Index Scan using sbtest6_pkey on sbtest6  (cost=0.43..8.45 rows=1 width=121)
	  Index Cond: (id = 2806335)

table 7 : explain SELECT c FROM sbtest7 WHERE id=7221852
	Index Scan using sbtest7_pkey on sbtest7  (cost=0.43..8.45 rows=1 width=121)
	  Index Cond: (id = 7221852)

table 8 : explain SELECT c FROM sbtest8 WHERE id=3371817
	Index Scan using sbtest8_pkey on sbtest8  (cost=0.43..8.45 rows=1 width=121)
	  Index Cond: (id = 3371817)

for: distinct_ranges
table 1 : explain SELECT DISTINCT c FROM sbtest1 WHERE id BETWEEN 8083415 AND 8084414 ORDER BY c
	Unique  (cost=3907.04..3912.02 rows=996 width=121)
	  ->  Sort  (cost=3907.04..3909.53 rows=996 width=121)
	        Sort Key: c
	        ->  Bitmap Heap Scan on sbtest1  (cost=30.64..3857.44 rows=996 width=121)
	              Recheck Cond: ((id >= 8083415) AND (id <= 8084414))
	              ->  Bitmap Index Scan on sbtest1_pkey  (cost=0.00..30.39 rows=996 width=0)
	                    Index Cond: ((id >= 8083415) AND (id <= 8084414))

table 2 : explain SELECT DISTINCT c FROM sbtest2 WHERE id BETWEEN 252807 AND 253806 ORDER BY c
	Unique  (cost=3491.60..3496.05 rows=889 width=121)
	  ->  Sort  (cost=3491.60..3493.82 rows=889 width=121)
	        Sort Key: c
	        ->  Bitmap Heap Scan on sbtest2  (cost=25.55..3448.06 rows=889 width=121)
	              Recheck Cond: ((id >= 252807) AND (id <= 253806))
	              ->  Bitmap Index Scan on sbtest2_pkey  (cost=0.00..25.32 rows=889 width=0)
	                    Index Cond: ((id >= 252807) AND (id <= 253806))

table 3 : explain SELECT DISTINCT c FROM sbtest3 WHERE id BETWEEN 8165207 AND 8166206 ORDER BY c
	Unique  (cost=4356.36..4361.91 rows=1111 width=121)
	  ->  Sort  (cost=4356.36..4359.13 rows=1111 width=121)
	        Sort Key: c
	        ->  Bitmap Heap Scan on sbtest3  (cost=35.82..4300.15 rows=1111 width=121)
	              Recheck Cond: ((id >= 8165207) AND (id <= 8166206))
	              ->  Bitmap Index Scan on sbtest3_pkey  (cost=0.00..35.55 rows=1111 width=0)
	                    Index Cond: ((id >= 8165207) AND (id <= 8166206))

table 4 : explain SELECT DISTINCT c FROM sbtest4 WHERE id BETWEEN 737090 AND 738089 ORDER BY c
	Unique  (cost=4029.57..4034.71 rows=1027 width=121)
	  ->  Sort  (cost=4029.57..4032.14 rows=1027 width=121)
	        Sort Key: c
	        ->  Bitmap Heap Scan on sbtest4  (cost=30.96..3978.20 rows=1027 width=121)
	              Recheck Cond: ((id >= 737090) AND (id <= 738089))
	              ->  Bitmap Index Scan on sbtest4_pkey  (cost=0.00..30.70 rows=1027 width=0)
	                    Index Cond: ((id >= 737090) AND (id <= 738089))

table 5 : explain SELECT DISTINCT c FROM sbtest5 WHERE id BETWEEN 329424 AND 330423 ORDER BY c
	Unique  (cost=3710.76..3715.49 rows=946 width=121)
	  ->  Sort  (cost=3710.76..3713.12 rows=946 width=121)
	        Sort Key: c
	        ->  Bitmap Heap Scan on sbtest5  (cost=26.13..3664.00 rows=946 width=121)
	              Recheck Cond: ((id >= 329424) AND (id <= 330423))
	              ->  Bitmap Index Scan on sbtest5_pkey  (cost=0.00..25.89 rows=946 width=0)
	                    Index Cond: ((id >= 329424) AND (id <= 330423))

table 6 : explain SELECT DISTINCT c FROM sbtest6 WHERE id BETWEEN 3956538 AND 3957537 ORDER BY c
	Unique  (cost=3915.54..3920.53 rows=998 width=121)
	  ->  Sort  (cost=3915.54..3918.03 rows=998 width=121)
	        Sort Key: c
	        ->  Bitmap Heap Scan on sbtest6  (cost=30.66..3865.82 rows=998 width=121)
	              Recheck Cond: ((id >= 3956538) AND (id <= 3957537))
	              ->  Bitmap Index Scan on sbtest6_pkey  (cost=0.00..30.41 rows=998 width=0)
	                    Index Cond: ((id >= 3956538) AND (id <= 3957537))

table 7 : explain SELECT DISTINCT c FROM sbtest7 WHERE id BETWEEN 9952410 AND 9953409 ORDER BY c
	Unique  (cost=4050.41..4055.57 rows=1032 width=121)
	  ->  Sort  (cost=4050.41..4052.99 rows=1032 width=121)
	        Sort Key: c
	        ->  Bitmap Heap Scan on sbtest7  (cost=31.01..3998.76 rows=1032 width=121)
	              Recheck Cond: ((id >= 9952410) AND (id <= 9953409))
	              ->  Bitmap Index Scan on sbtest7_pkey  (cost=0.00..30.75 rows=1032 width=0)
	                    Index Cond: ((id >= 9952410) AND (id <= 9953409))

table 8 : explain SELECT DISTINCT c FROM sbtest8 WHERE id BETWEEN 7374317 AND 7375316 ORDER BY c
	Unique  (cost=3506.87..3511.34 rows=893 width=121)
	  ->  Sort  (cost=3506.87..3509.10 rows=893 width=121)
	        Sort Key: c
	        ->  Bitmap Heap Scan on sbtest8  (cost=25.59..3463.10 rows=893 width=121)
	              Recheck Cond: ((id >= 7374317) AND (id <= 7375316))
	              ->  Bitmap Index Scan on sbtest8_pkey  (cost=0.00..25.36 rows=893 width=0)
	                    Index Cond: ((id >= 7374317) AND (id <= 7375316))

for point_selects
table 1 : explain SELECT c FROM sbtest1 WHERE id=2494597
	Index Scan using sbtest1_pkey on sbtest1  (cost=0.43..8.45 rows=1 width=121)
	  Index Cond: (id = 2494597)

table 2 : explain SELECT c FROM sbtest2 WHERE id=9042296
	Index Scan using sbtest2_pkey on sbtest2  (cost=0.43..8.45 rows=1 width=121)
	  Index Cond: (id = 9042296)

table 3 : explain SELECT c FROM sbtest3 WHERE id=7903489
	Index Scan using sbtest3_pkey on sbtest3  (cost=0.43..8.45 rows=1 width=121)
	  Index Cond: (id = 7903489)

table 4 : explain SELECT c FROM sbtest4 WHERE id=2567740
	Index Scan using sbtest4_pkey on sbtest4  (cost=0.43..8.45 rows=1 width=121)
	  Index Cond: (id = 2567740)

table 5 : explain SELECT c FROM sbtest5 WHERE id=6627241
	Index Scan using sbtest5_pkey on sbtest5  (cost=0.43..8.45 rows=1 width=121)
	  Index Cond: (id = 6627241)

table 6 : explain SELECT c FROM sbtest6 WHERE id=5346526
	Index Scan using sbtest6_pkey on sbtest6  (cost=0.43..8.45 rows=1 width=121)
	  Index Cond: (id = 5346526)

table 7 : explain SELECT c FROM sbtest7 WHERE id=7446176
	Index Scan using sbtest7_pkey on sbtest7  (cost=0.43..8.45 rows=1 width=121)
	  Index Cond: (id = 7446176)

table 8 : explain SELECT c FROM sbtest8 WHERE id=2275007
	Index Scan using sbtest8_pkey on sbtest8  (cost=0.43..8.45 rows=1 width=121)
	  Index Cond: (id = 2275007)

for: simple_ranges
table 1 : explain SELECT c FROM sbtest1 WHERE id BETWEEN 8726548 AND 8727547
	Bitmap Heap Scan on sbtest1  (cost=31.05..4008.21 rows=1036 width=121)
	  Recheck Cond: ((id >= 8726548) AND (id <= 8727547))
	  ->  Bitmap Index Scan on sbtest1_pkey  (cost=0.00..30.79 rows=1036 width=0)
	        Index Cond: ((id >= 8726548) AND (id <= 8727547))

table 2 : explain SELECT c FROM sbtest2 WHERE id BETWEEN 3300929 AND 3301928
	Bitmap Heap Scan on sbtest2  (cost=30.93..3961.69 rows=1024 width=121)
	  Recheck Cond: ((id >= 3300929) AND (id <= 3301928))
	  ->  Bitmap Index Scan on sbtest2_pkey  (cost=0.00..30.68 rows=1024 width=0)
	        Index Cond: ((id >= 3300929) AND (id <= 3301928))

table 3 : explain SELECT c FROM sbtest3 WHERE id BETWEEN 8490947 AND 8491946
	Bitmap Heap Scan on sbtest3  (cost=30.07..3650.52 rows=940 width=121)
	  Recheck Cond: ((id >= 8490947) AND (id <= 8491946))
	  ->  Bitmap Index Scan on sbtest3_pkey  (cost=0.00..29.83 rows=940 width=0)
	        Index Cond: ((id >= 8490947) AND (id <= 8491946))

table 4 : explain SELECT c FROM sbtest4 WHERE id BETWEEN 7686365 AND 7687364
	Bitmap Heap Scan on sbtest4  (cost=31.24..4080.04 rows=1054 width=121)
	  Recheck Cond: ((id >= 7686365) AND (id <= 7687364))
	  ->  Bitmap Index Scan on sbtest4_pkey  (cost=0.00..30.97 rows=1054 width=0)
	        Index Cond: ((id >= 7686365) AND (id <= 7687364))

table 5 : explain SELECT c FROM sbtest5 WHERE id BETWEEN 8777464 AND 8778463
	Bitmap Heap Scan on sbtest5  (cost=30.54..3818.98 rows=986 width=121)
	  Recheck Cond: ((id >= 8777464) AND (id <= 8778463))
	  ->  Bitmap Index Scan on sbtest5_pkey  (cost=0.00..30.29 rows=986 width=0)
	        Index Cond: ((id >= 8777464) AND (id <= 8778463))

table 6 : explain SELECT c FROM sbtest6 WHERE id BETWEEN 4285281 AND 4286280
	Bitmap Heap Scan on sbtest6  (cost=31.31..4103.26 rows=1061 width=121)
	  Recheck Cond: ((id >= 4285281) AND (id <= 4286280))
	  ->  Bitmap Index Scan on sbtest6_pkey  (cost=0.00..31.04 rows=1061 width=0)
	        Index Cond: ((id >= 4285281) AND (id <= 4286280))

table 7 : explain SELECT c FROM sbtest7 WHERE id BETWEEN 2331854 AND 2332853
	Bitmap Heap Scan on sbtest7  (cost=36.05..4383.46 rows=1133 width=121)
	  Recheck Cond: ((id >= 2331854) AND (id <= 2332853))
	  ->  Bitmap Index Scan on sbtest7_pkey  (cost=0.00..35.77 rows=1133 width=0)
	        Index Cond: ((id >= 2331854) AND (id <= 2332853))

table 8 : explain SELECT c FROM sbtest8 WHERE id BETWEEN 4937082 AND 4938081
	Bitmap Heap Scan on sbtest8  (cost=31.07..4014.29 rows=1038 width=121)
	  Recheck Cond: ((id >= 4937082) AND (id <= 4938081))
	  ->  Bitmap Index Scan on sbtest8_pkey  (cost=0.00..30.82 rows=1038 width=0)
	        Index Cond: ((id >= 4937082) AND (id <= 4938081))

for: order_ranges
table 1 : explain SELECT c FROM sbtest1 WHERE id BETWEEN 1233822 AND 1234821 ORDER BY c
	Sort  (cost=4159.48..4162.14 rows=1062 width=121)
	  Sort Key: c
	  ->  Bitmap Heap Scan on sbtest1  (cost=31.32..4106.10 rows=1062 width=121)
	        Recheck Cond: ((id >= 1233822) AND (id <= 1234821))
	        ->  Bitmap Index Scan on sbtest1_pkey  (cost=0.00..31.05 rows=1062 width=0)
	              Index Cond: ((id >= 1233822) AND (id <= 1234821))

table 2 : explain SELECT c FROM sbtest2 WHERE id BETWEEN 3656170 AND 3657169 ORDER BY c
	Sort  (cost=3924.92..3927.42 rows=1001 width=121)
	  Sort Key: c
	  ->  Bitmap Heap Scan on sbtest2  (cost=30.70..3875.03 rows=1001 width=121)
	        Recheck Cond: ((id >= 3656170) AND (id <= 3657169))
	        ->  Bitmap Index Scan on sbtest2_pkey  (cost=0.00..30.44 rows=1001 width=0)
	              Index Cond: ((id >= 3656170) AND (id <= 3657169))

table 3 : explain SELECT c FROM sbtest3 WHERE id BETWEEN 6853190 AND 6854189 ORDER BY c
	Sort  (cost=3819.85..3822.28 rows=972 width=121)
	  Sort Key: c
	  ->  Bitmap Heap Scan on sbtest3  (cost=30.40..3771.61 rows=972 width=121)
	        Recheck Cond: ((id >= 6853190) AND (id <= 6854189))
	        ->  Bitmap Index Scan on sbtest3_pkey  (cost=0.00..30.15 rows=972 width=0)
	              Index Cond: ((id >= 6853190) AND (id <= 6854189))

table 4 : explain SELECT c FROM sbtest4 WHERE id BETWEEN 4864475 AND 4865474 ORDER BY c
	Sort  (cost=3995.09..3997.64 rows=1018 width=121)
	  Sort Key: c
	  ->  Bitmap Heap Scan on sbtest4  (cost=30.87..3944.24 rows=1018 width=121)
	        Recheck Cond: ((id >= 4864475) AND (id <= 4865474))
	        ->  Bitmap Index Scan on sbtest4_pkey  (cost=0.00..30.61 rows=1018 width=0)
	              Index Cond: ((id >= 4864475) AND (id <= 4865474))

table 5 : explain SELECT c FROM sbtest5 WHERE id BETWEEN 3856041 AND 3857040 ORDER BY c
	Sort  (cost=3860.35..3862.81 rows=984 width=121)
	  Sort Key: c
	  ->  Bitmap Heap Scan on sbtest5  (cost=30.52..3811.43 rows=984 width=121)
	        Recheck Cond: ((id >= 3856041) AND (id <= 3857040))
	        ->  Bitmap Index Scan on sbtest5_pkey  (cost=0.00..30.27 rows=984 width=0)
	              Index Cond: ((id >= 3856041) AND (id <= 3857040))

table 6 : explain SELECT c FROM sbtest6 WHERE id BETWEEN 2392586 AND 2393585 ORDER BY c
	Sort  (cost=3988.28..3990.82 rows=1017 width=121)
	  Sort Key: c
	  ->  Bitmap Heap Scan on sbtest6  (cost=30.86..3937.48 rows=1017 width=121)
	        Recheck Cond: ((id >= 2392586) AND (id <= 2393585))
	        ->  Bitmap Index Scan on sbtest6_pkey  (cost=0.00..30.61 rows=1017 width=0)
	              Index Cond: ((id >= 2392586) AND (id <= 2393585))

table 7 : explain SELECT c FROM sbtest7 WHERE id BETWEEN 3983963 AND 3984962 ORDER BY c
	Sort  (cost=4341.55..4344.31 rows=1107 width=121)
	  Sort Key: c
	  ->  Bitmap Heap Scan on sbtest7  (cost=35.78..4285.57 rows=1107 width=121)
	        Recheck Cond: ((id >= 3983963) AND (id <= 3984962))
	        ->  Bitmap Index Scan on sbtest7_pkey  (cost=0.00..35.51 rows=1107 width=0)
	              Index Cond: ((id >= 3983963) AND (id <= 3984962))

table 8 : explain SELECT c FROM sbtest8 WHERE id BETWEEN 5392846 AND 5393845 ORDER BY c
	Sort  (cost=3775.50..3777.90 rows=962 width=121)
	  Sort Key: c
	  ->  Bitmap Heap Scan on sbtest8  (cost=30.30..3727.83 rows=962 width=121)
	        Recheck Cond: ((id >= 5392846) AND (id <= 5393845))
	        ->  Bitmap Index Scan on sbtest8_pkey  (cost=0.00..30.05 rows=962 width=0)
	              Index Cond: ((id >= 5392846) AND (id <= 5393845))

for: simple_ranges
table 1 : explain SELECT c FROM sbtest1 WHERE id BETWEEN 1327715 AND 1328714
	Bitmap Heap Scan on sbtest1  (cost=30.31..3732.90 rows=963 width=121)
	  Recheck Cond: ((id >= 1327715) AND (id <= 1328714))
	  ->  Bitmap Index Scan on sbtest1_pkey  (cost=0.00..30.07 rows=963 width=0)
	        Index Cond: ((id >= 1327715) AND (id <= 1328714))

table 2 : explain SELECT c FROM sbtest2 WHERE id BETWEEN 8678622 AND 8679621
	Bitmap Heap Scan on sbtest2  (cost=30.19..3690.18 rows=952 width=121)
	  Recheck Cond: ((id >= 8678622) AND (id <= 8679621))
	  ->  Bitmap Index Scan on sbtest2_pkey  (cost=0.00..29.95 rows=952 width=0)
	        Index Cond: ((id >= 8678622) AND (id <= 8679621))

table 3 : explain SELECT c FROM sbtest3 WHERE id BETWEEN 769904 AND 770903
	Bitmap Heap Scan on sbtest3  (cost=30.45..3790.52 rows=977 width=121)
	  Recheck Cond: ((id >= 769904) AND (id <= 770903))
	  ->  Bitmap Index Scan on sbtest3_pkey  (cost=0.00..30.20 rows=977 width=0)
	        Index Cond: ((id >= 769904) AND (id <= 770903))

table 4 : explain SELECT c FROM sbtest4 WHERE id BETWEEN 5490839 AND 5491838
	Bitmap Heap Scan on sbtest4  (cost=31.82..4294.75 rows=1111 width=121)
	  Recheck Cond: ((id >= 5490839) AND (id <= 5491838))
	  ->  Bitmap Index Scan on sbtest4_pkey  (cost=0.00..31.54 rows=1111 width=0)
	        Index Cond: ((id >= 5490839) AND (id <= 5491838))

table 5 : explain SELECT c FROM sbtest5 WHERE id BETWEEN 4026122 AND 4027121
	Bitmap Heap Scan on sbtest5  (cost=25.75..3524.15 rows=909 width=121)
	  Recheck Cond: ((id >= 4026122) AND (id <= 4027121))
	  ->  Bitmap Index Scan on sbtest5_pkey  (cost=0.00..25.52 rows=909 width=0)
	        Index Cond: ((id >= 4026122) AND (id <= 4027121))

table 6 : explain SELECT c FROM sbtest6 WHERE id BETWEEN 8556606 AND 8557605
	Bitmap Heap Scan on sbtest6  (cost=30.61..3846.96 rows=993 width=121)
	  Recheck Cond: ((id >= 8556606) AND (id <= 8557605))
	  ->  Bitmap Index Scan on sbtest6_pkey  (cost=0.00..30.36 rows=993 width=0)
	        Index Cond: ((id >= 8556606) AND (id <= 8557605))

table 7 : explain SELECT c FROM sbtest7 WHERE id BETWEEN 3544882 AND 3545881
	Bitmap Heap Scan on sbtest7  (cost=31.04..4010.08 rows=1035 width=121)
	  Recheck Cond: ((id >= 3544882) AND (id <= 3545881))
	  ->  Bitmap Index Scan on sbtest7_pkey  (cost=0.00..30.79 rows=1035 width=0)
	        Index Cond: ((id >= 3544882) AND (id <= 3545881))

table 8 : explain SELECT c FROM sbtest8 WHERE id BETWEEN 9654263 AND 9655262
	Bitmap Heap Scan on sbtest8  (cost=30.86..3935.21 rows=1017 width=121)
	  Recheck Cond: ((id >= 9654263) AND (id <= 9655262))
	  ->  Bitmap Index Scan on sbtest8_pkey  (cost=0.00..30.61 rows=1017 width=0)
	        Index Cond: ((id >= 9654263) AND (id <= 9655262))

for: simple_ranges
table 1 : explain SELECT c FROM sbtest1 WHERE id BETWEEN 617938 AND 618937
	Bitmap Heap Scan on sbtest1  (cost=30.95..3970.54 rows=1026 width=121)
	  Recheck Cond: ((id >= 617938) AND (id <= 618937))
	  ->  Bitmap Index Scan on sbtest1_pkey  (cost=0.00..30.69 rows=1026 width=0)
	        Index Cond: ((id >= 617938) AND (id <= 618937))

table 2 : explain SELECT c FROM sbtest2 WHERE id BETWEEN 2775131 AND 2776130
	Bitmap Heap Scan on sbtest2  (cost=30.76..3897.64 rows=1007 width=121)
	  Recheck Cond: ((id >= 2775131) AND (id <= 2776130))
	  ->  Bitmap Index Scan on sbtest2_pkey  (cost=0.00..30.50 rows=1007 width=0)
	        Index Cond: ((id >= 2775131) AND (id <= 2776130))

table 3 : explain SELECT c FROM sbtest3 WHERE id BETWEEN 281571 AND 282570
	Bitmap Heap Scan on sbtest3  (cost=30.43..3782.96 rows=975 width=121)
	  Recheck Cond: ((id >= 281571) AND (id <= 282570))
	  ->  Bitmap Index Scan on sbtest3_pkey  (cost=0.00..30.18 rows=975 width=0)
	        Index Cond: ((id >= 281571) AND (id <= 282570))

table 4 : explain SELECT c FROM sbtest4 WHERE id BETWEEN 1300033 AND 1301032
	Bitmap Heap Scan on sbtest4  (cost=25.74..3524.26 rows=908 width=121)
	  Recheck Cond: ((id >= 1300033) AND (id <= 1301032))
	  ->  Bitmap Index Scan on sbtest4_pkey  (cost=0.00..25.51 rows=908 width=0)
	        Index Cond: ((id >= 1300033) AND (id <= 1301032))

table 5 : explain SELECT c FROM sbtest5 WHERE id BETWEEN 9527431 AND 9528430
	Bitmap Heap Scan on sbtest5  (cost=31.07..4014.95 rows=1038 width=121)
	  Recheck Cond: ((id >= 9527431) AND (id <= 9528430))
	  ->  Bitmap Index Scan on sbtest5_pkey  (cost=0.00..30.82 rows=1038 width=0)
	        Index Cond: ((id >= 9527431) AND (id <= 9528430))

table 6 : explain SELECT c FROM sbtest6 WHERE id BETWEEN 8212699 AND 8213698
	Bitmap Heap Scan on sbtest6  (cost=25.62..3476.33 rows=896 width=121)
	  Recheck Cond: ((id >= 8212699) AND (id <= 8213698))
	  ->  Bitmap Index Scan on sbtest6_pkey  (cost=0.00..25.39 rows=896 width=0)
	        Index Cond: ((id >= 8212699) AND (id <= 8213698))

table 7 : explain SELECT c FROM sbtest7 WHERE id BETWEEN 5626247 AND 5627246
	Bitmap Heap Scan on sbtest7  (cost=31.02..4002.53 rows=1033 width=121)
	  Recheck Cond: ((id >= 5626247) AND (id <= 5627246))
	  ->  Bitmap Index Scan on sbtest7_pkey  (cost=0.00..30.76 rows=1033 width=0)
	        Index Cond: ((id >= 5626247) AND (id <= 5627246))

table 8 : explain SELECT c FROM sbtest8 WHERE id BETWEEN 9417901 AND 9418900
	Bitmap Heap Scan on sbtest8  (cost=29.88..3572.98 rows=921 width=121)
	  Recheck Cond: ((id >= 9417901) AND (id <= 9418900))
	  ->  Bitmap Index Scan on sbtest8_pkey  (cost=0.00..29.64 rows=921 width=0)
	        Index Cond: ((id >= 9417901) AND (id <= 9418900))

for point_selects
table 1 : explain SELECT c FROM sbtest1 WHERE id=2242616
	Index Scan using sbtest1_pkey on sbtest1  (cost=0.43..8.45 rows=1 width=121)
	  Index Cond: (id = 2242616)

table 2 : explain SELECT c FROM sbtest2 WHERE id=1599552
	Index Scan using sbtest2_pkey on sbtest2  (cost=0.43..8.45 rows=1 width=121)
	  Index Cond: (id = 1599552)

table 3 : explain SELECT c FROM sbtest3 WHERE id=566951
	Index Scan using sbtest3_pkey on sbtest3  (cost=0.43..8.45 rows=1 width=121)
	  Index Cond: (id = 566951)

table 4 : explain SELECT c FROM sbtest4 WHERE id=419049
	Index Scan using sbtest4_pkey on sbtest4  (cost=0.43..8.45 rows=1 width=121)
	  Index Cond: (id = 419049)

table 5 : explain SELECT c FROM sbtest5 WHERE id=1569484
	Index Scan using sbtest5_pkey on sbtest5  (cost=0.43..8.45 rows=1 width=121)
	  Index Cond: (id = 1569484)

table 6 : explain SELECT c FROM sbtest6 WHERE id=9362349
	Index Scan using sbtest6_pkey on sbtest6  (cost=0.43..8.45 rows=1 width=121)
	  Index Cond: (id = 9362349)

table 7 : explain SELECT c FROM sbtest7 WHERE id=806914
	Index Scan using sbtest7_pkey on sbtest7  (cost=0.43..8.45 rows=1 width=121)
	  Index Cond: (id = 806914)

table 8 : explain SELECT c FROM sbtest8 WHERE id=8025081
	Index Scan using sbtest8_pkey on sbtest8  (cost=0.43..8.45 rows=1 width=121)
	  Index Cond: (id = 8025081)

for: order_ranges
table 1 : explain SELECT c FROM sbtest1 WHERE id BETWEEN 654842 AND 655841 ORDER BY c
	Sort  (cost=4021.85..4024.42 rows=1026 width=121)
	  Sort Key: c
	  ->  Bitmap Heap Scan on sbtest1  (cost=30.95..3970.54 rows=1026 width=121)
	        Recheck Cond: ((id >= 654842) AND (id <= 655841))
	        ->  Bitmap Index Scan on sbtest1_pkey  (cost=0.00..30.69 rows=1026 width=0)
	              Index Cond: ((id >= 654842) AND (id <= 655841))

table 2 : explain SELECT c FROM sbtest2 WHERE id BETWEEN 5185408 AND 5186407 ORDER BY c
	Sort  (cost=4219.19..4221.88 rows=1078 width=121)
	  Sort Key: c
	  ->  Bitmap Heap Scan on sbtest2  (cost=31.48..4164.89 rows=1078 width=121)
	        Recheck Cond: ((id >= 5185408) AND (id <= 5186407))
	        ->  Bitmap Index Scan on sbtest2_pkey  (cost=0.00..31.21 rows=1078 width=0)
	              Index Cond: ((id >= 5185408) AND (id <= 5186407))

table 3 : explain SELECT c FROM sbtest3 WHERE id BETWEEN 5412399 AND 5413398 ORDER BY c
	Sort  (cost=3808.33..3810.75 rows=969 width=121)
	  Sort Key: c
	  ->  Bitmap Heap Scan on sbtest3  (cost=30.37..3760.27 rows=969 width=121)
	        Recheck Cond: ((id >= 5412399) AND (id <= 5413398))
	        ->  Bitmap Index Scan on sbtest3_pkey  (cost=0.00..30.12 rows=969 width=0)
	              Index Cond: ((id >= 5412399) AND (id <= 5413398))

table 4 : explain SELECT c FROM sbtest4 WHERE id BETWEEN 3754473 AND 3755472 ORDER BY c
	Sort  (cost=3784.17..3786.57 rows=963 width=121)
	  Sort Key: c
	  ->  Bitmap Heap Scan on sbtest4  (cost=30.31..3736.44 rows=963 width=121)
	        Recheck Cond: ((id >= 3754473) AND (id <= 3755472))
	        ->  Bitmap Index Scan on sbtest4_pkey  (cost=0.00..30.07 rows=963 width=0)
	              Index Cond: ((id >= 3754473) AND (id <= 3755472))

table 5 : explain SELECT c FROM sbtest5 WHERE id BETWEEN 4030944 AND 4031943 ORDER BY c
	Sort  (cost=3568.82..3571.10 rows=909 width=121)
	  Sort Key: c
	  ->  Bitmap Heap Scan on sbtest5  (cost=25.75..3524.15 rows=909 width=121)
	        Recheck Cond: ((id >= 4030944) AND (id <= 4031943))
	        ->  Bitmap Index Scan on sbtest5_pkey  (cost=0.00..25.52 rows=909 width=0)
	              Index Cond: ((id >= 4030944) AND (id <= 4031943))

table 6 : explain SELECT c FROM sbtest6 WHERE id BETWEEN 8594523 AND 8595522 ORDER BY c
	Sort  (cost=3896.39..3898.87 rows=993 width=121)
	  Sort Key: c
	  ->  Bitmap Heap Scan on sbtest6  (cost=30.61..3846.96 rows=993 width=121)
	        Recheck Cond: ((id >= 8594523) AND (id <= 8595522))
	        ->  Bitmap Index Scan on sbtest6_pkey  (cost=0.00..30.36 rows=993 width=0)
	              Index Cond: ((id >= 8594523) AND (id <= 8595522))

table 7 : explain SELECT c FROM sbtest7 WHERE id BETWEEN 4203244 AND 4204243 ORDER BY c
	Sort  (cost=4195.97..4198.65 rows=1070 width=121)
	  Sort Key: c
	  ->  Bitmap Heap Scan on sbtest7  (cost=31.40..4142.13 rows=1070 width=121)
	        Recheck Cond: ((id >= 4203244) AND (id <= 4204243))
	        ->  Bitmap Index Scan on sbtest7_pkey  (cost=0.00..31.14 rows=1070 width=0)
	              Index Cond: ((id >= 4203244) AND (id <= 4204243))

table 8 : explain SELECT c FROM sbtest8 WHERE id BETWEEN 9409965 AND 9410964 ORDER BY c
	Sort  (cost=3618.33..3620.63 rows=921 width=121)
	  Sort Key: c
	  ->  Bitmap Heap Scan on sbtest8  (cost=29.88..3572.98 rows=921 width=121)
	        Recheck Cond: ((id >= 9409965) AND (id <= 9410964))
	        ->  Bitmap Index Scan on sbtest8_pkey  (cost=0.00..29.64 rows=921 width=0)
	              Index Cond: ((id >= 9409965) AND (id <= 9410964))

for: simple_ranges
table 1 : explain SELECT c FROM sbtest1 WHERE id BETWEEN 2089867 AND 2090866
	Bitmap Heap Scan on sbtest1  (cost=30.58..3834.81 rows=990 width=121)
	  Recheck Cond: ((id >= 2089867) AND (id <= 2090866))
	  ->  Bitmap Index Scan on sbtest1_pkey  (cost=0.00..30.33 rows=990 width=0)
	        Index Cond: ((id >= 2089867) AND (id <= 2090866))

table 2 : explain SELECT c FROM sbtest2 WHERE id BETWEEN 8206728 AND 8207727
	Bitmap Heap Scan on sbtest2  (cost=30.83..3924.02 rows=1014 width=121)
	  Recheck Cond: ((id >= 8206728) AND (id <= 8207727))
	  ->  Bitmap Index Scan on sbtest2_pkey  (cost=0.00..30.57 rows=1014 width=0)
	        Index Cond: ((id >= 8206728) AND (id <= 8207727))

table 3 : explain SELECT c FROM sbtest3 WHERE id BETWEEN 591151 AND 592150
	Bitmap Heap Scan on sbtest3  (cost=31.11..4032.29 rows=1041 width=121)
	  Recheck Cond: ((id >= 591151) AND (id <= 592150))
	  ->  Bitmap Index Scan on sbtest3_pkey  (cost=0.00..30.84 rows=1041 width=0)
	        Index Cond: ((id >= 591151) AND (id <= 592150))

table 4 : explain SELECT c FROM sbtest4 WHERE id BETWEEN 2564160 AND 2565159
	Bitmap Heap Scan on sbtest4  (cost=31.77..4275.94 rows=1106 width=121)
	  Recheck Cond: ((id >= 2564160) AND (id <= 2565159))
	  ->  Bitmap Index Scan on sbtest4_pkey  (cost=0.00..31.50 rows=1106 width=0)
	        Index Cond: ((id >= 2564160) AND (id <= 2565159))

table 5 : explain SELECT c FROM sbtest5 WHERE id BETWEEN 7642440 AND 7643439
	Bitmap Heap Scan on sbtest5  (cost=30.41..3769.93 rows=973 width=121)
	  Recheck Cond: ((id >= 7642440) AND (id <= 7643439))
	  ->  Bitmap Index Scan on sbtest5_pkey  (cost=0.00..30.16 rows=973 width=0)
	        Index Cond: ((id >= 7642440) AND (id <= 7643439))

table 6 : explain SELECT c FROM sbtest6 WHERE id BETWEEN 567676 AND 568675
	Bitmap Heap Scan on sbtest6  (cost=30.80..3914.86 rows=1011 width=121)
	  Recheck Cond: ((id >= 567676) AND (id <= 568675))
	  ->  Bitmap Index Scan on sbtest6_pkey  (cost=0.00..30.54 rows=1011 width=0)
	        Index Cond: ((id >= 567676) AND (id <= 568675))

table 7 : explain SELECT c FROM sbtest7 WHERE id BETWEEN 1871820 AND 1872819
	Bitmap Heap Scan on sbtest7  (cost=29.62..3484.16 rows=896 width=121)
	  Recheck Cond: ((id >= 1871820) AND (id <= 1872819))
	  ->  Bitmap Index Scan on sbtest7_pkey  (cost=0.00..29.39 rows=896 width=0)
	        Index Cond: ((id >= 1871820) AND (id <= 1872819))

table 8 : explain SELECT c FROM sbtest8 WHERE id BETWEEN 1626950 AND 1627949
	Bitmap Heap Scan on sbtest8  (cost=30.10..3656.10 rows=943 width=121)
	  Recheck Cond: ((id >= 1626950) AND (id <= 1627949))
	  ->  Bitmap Index Scan on sbtest8_pkey  (cost=0.00..29.86 rows=943 width=0)
	        Index Cond: ((id >= 1626950) AND (id <= 1627949))

for: order_ranges
table 1 : explain SELECT c FROM sbtest1 WHERE id BETWEEN 6231871 AND 6232870 ORDER BY c
	Sort  (cost=3941.50..3944.01 rows=1005 width=121)
	  Sort Key: c
	  ->  Bitmap Heap Scan on sbtest1  (cost=30.74..3891.38 rows=1005 width=121)
	        Recheck Cond: ((id >= 6231871) AND (id <= 6232870))
	        ->  Bitmap Index Scan on sbtest1_pkey  (cost=0.00..30.48 rows=1005 width=0)
	              Index Cond: ((id >= 6231871) AND (id <= 6232870))

table 2 : explain SELECT c FROM sbtest2 WHERE id BETWEEN 7544654 AND 7545653 ORDER BY c
	Sort  (cost=3652.94..3655.27 rows=930 width=121)
	  Sort Key: c
	  ->  Bitmap Heap Scan on sbtest2  (cost=29.97..3607.09 rows=930 width=121)
	        Recheck Cond: ((id >= 7544654) AND (id <= 7545653))
	        ->  Bitmap Index Scan on sbtest2_pkey  (cost=0.00..29.73 rows=930 width=0)
	              Index Cond: ((id >= 7544654) AND (id <= 7545653))

table 3 : explain SELECT c FROM sbtest3 WHERE id BETWEEN 8195799 AND 8196798 ORDER BY c
	Sort  (cost=3877.42..3879.89 rows=987 width=121)
	  Sort Key: c
	  ->  Bitmap Heap Scan on sbtest3  (cost=30.55..3828.33 rows=987 width=121)
	        Recheck Cond: ((id >= 8195799) AND (id <= 8196798))
	        ->  Bitmap Index Scan on sbtest3_pkey  (cost=0.00..30.30 rows=987 width=0)
	              Index Cond: ((id >= 8195799) AND (id <= 8196798))

table 4 : explain SELECT c FROM sbtest4 WHERE id BETWEEN 5863621 AND 5864620 ORDER BY c
	Sort  (cost=4324.21..4326.97 rows=1104 width=121)
	  Sort Key: c
	  ->  Bitmap Heap Scan on sbtest4  (cost=31.75..4268.41 rows=1104 width=121)
	        Recheck Cond: ((id >= 5863621) AND (id <= 5864620))
	        ->  Bitmap Index Scan on sbtest4_pkey  (cost=0.00..31.47 rows=1104 width=0)
	              Index Cond: ((id >= 5863621) AND (id <= 5864620))

table 5 : explain SELECT c FROM sbtest5 WHERE id BETWEEN 8100438 AND 8101437 ORDER BY c
	Sort  (cost=3745.26..3747.64 rows=955 width=121)
	  Sort Key: c
	  ->  Bitmap Heap Scan on sbtest5  (cost=26.22..3697.99 rows=955 width=121)
	        Recheck Cond: ((id >= 8100438) AND (id <= 8101437))
	        ->  Bitmap Index Scan on sbtest5_pkey  (cost=0.00..25.98 rows=955 width=0)
	              Index Cond: ((id >= 8100438) AND (id <= 8101437))

table 6 : explain SELECT c FROM sbtest6 WHERE id BETWEEN 5777474 AND 5778473 ORDER BY c
	Sort  (cost=3858.08..3860.53 rows=983 width=121)
	  Sort Key: c
	  ->  Bitmap Heap Scan on sbtest6  (cost=30.51..3809.22 rows=983 width=121)
	        Recheck Cond: ((id >= 5777474) AND (id <= 5778473))
	        ->  Bitmap Index Scan on sbtest6_pkey  (cost=0.00..30.26 rows=983 width=0)
	              Index Cond: ((id >= 5777474) AND (id <= 5778473))

table 7 : explain SELECT c FROM sbtest7 WHERE id BETWEEN 5394143 AND 5395142 ORDER BY c
	Sort  (cost=3647.34..3649.66 rows=927 width=121)
	  Sort Key: c
	  ->  Bitmap Heap Scan on sbtest7  (cost=29.94..3601.66 rows=927 width=121)
	        Recheck Cond: ((id >= 5394143) AND (id <= 5395142))
	        ->  Bitmap Index Scan on sbtest7_pkey  (cost=0.00..29.70 rows=927 width=0)
	              Index Cond: ((id >= 5394143) AND (id <= 5395142))

table 8 : explain SELECT c FROM sbtest8 WHERE id BETWEEN 2963046 AND 2964045 ORDER BY c
	Sort  (cost=4203.80..4206.48 rows=1074 width=121)
	  Sort Key: c
	  ->  Bitmap Heap Scan on sbtest8  (cost=31.44..4149.73 rows=1074 width=121)
	        Recheck Cond: ((id >= 2963046) AND (id <= 2964045))
	        ->  Bitmap Index Scan on sbtest8_pkey  (cost=0.00..31.18 rows=1074 width=0)
	              Index Cond: ((id >= 2963046) AND (id <= 2964045))

for: order_ranges
table 1 : explain SELECT c FROM sbtest1 WHERE id BETWEEN 9884282 AND 9885281 ORDER BY c
	Sort  (cost=4163.30..4165.96 rows=1063 width=121)
	  Sort Key: c
	  ->  Bitmap Heap Scan on sbtest1  (cost=31.33..4109.87 rows=1063 width=121)
	        Recheck Cond: ((id >= 9884282) AND (id <= 9885281))
	        ->  Bitmap Index Scan on sbtest1_pkey  (cost=0.00..31.07 rows=1063 width=0)
	              Index Cond: ((id >= 9884282) AND (id <= 9885281))

table 2 : explain SELECT c FROM sbtest2 WHERE id BETWEEN 9051836 AND 9052835 ORDER BY c
	Sort  (cost=3867.51..3869.97 rows=986 width=121)
	  Sort Key: c
	  ->  Bitmap Heap Scan on sbtest2  (cost=30.54..3818.48 rows=986 width=121)
	        Recheck Cond: ((id >= 9051836) AND (id <= 9052835))
	        ->  Bitmap Index Scan on sbtest2_pkey  (cost=0.00..30.29 rows=986 width=0)
	              Index Cond: ((id >= 9051836) AND (id <= 9052835))

table 3 : explain SELECT c FROM sbtest3 WHERE id BETWEEN 5595532 AND 5596531 ORDER BY c
	Sort  (cost=4115.11..4117.73 rows=1049 width=121)
	  Sort Key: c
	  ->  Bitmap Heap Scan on sbtest3  (cost=31.19..4062.47 rows=1049 width=121)
	        Recheck Cond: ((id >= 5595532) AND (id <= 5596531))
	        ->  Bitmap Index Scan on sbtest3_pkey  (cost=0.00..30.93 rows=1049 width=0)
	              Index Cond: ((id >= 5595532) AND (id <= 5596531))

table 4 : explain SELECT c FROM sbtest4 WHERE id BETWEEN 5171879 AND 5172878 ORDER BY c
	Sort  (cost=3991.26..3993.80 rows=1017 width=121)
	  Sort Key: c
	  ->  Bitmap Heap Scan on sbtest4  (cost=30.86..3940.46 rows=1017 width=121)
	        Recheck Cond: ((id >= 5171879) AND (id <= 5172878))
	        ->  Bitmap Index Scan on sbtest4_pkey  (cost=0.00..30.61 rows=1017 width=0)
	              Index Cond: ((id >= 5171879) AND (id <= 5172878))

table 5 : explain SELECT c FROM sbtest5 WHERE id BETWEEN 7202079 AND 7203078 ORDER BY c
	Sort  (cost=4063.12..4065.72 rows=1037 width=121)
	  Sort Key: c
	  ->  Bitmap Heap Scan on sbtest5  (cost=31.06..4011.18 rows=1037 width=121)
	        Recheck Cond: ((id >= 7202079) AND (id <= 7203078))
	        ->  Bitmap Index Scan on sbtest5_pkey  (cost=0.00..30.80 rows=1037 width=0)
	              Index Cond: ((id >= 7202079) AND (id <= 7203078))

table 6 : explain SELECT c FROM sbtest6 WHERE id BETWEEN 7968056 AND 7969055 ORDER BY c
	Sort  (cost=3950.00..3952.52 rows=1007 width=121)
	  Sort Key: c
	  ->  Bitmap Heap Scan on sbtest6  (cost=30.76..3899.77 rows=1007 width=121)
	        Recheck Cond: ((id >= 7968056) AND (id <= 7969055))
	        ->  Bitmap Index Scan on sbtest6_pkey  (cost=0.00..30.50 rows=1007 width=0)
	              Index Cond: ((id >= 7968056) AND (id <= 7969055))

table 7 : explain SELECT c FROM sbtest7 WHERE id BETWEEN 3684480 AND 3685479 ORDER BY c
	Sort  (cost=3774.16..3776.56 rows=960 width=121)
	  Sort Key: c
	  ->  Bitmap Heap Scan on sbtest7  (cost=30.27..3726.61 rows=960 width=121)
	        Recheck Cond: ((id >= 3684480) AND (id <= 3685479))
	        ->  Bitmap Index Scan on sbtest7_pkey  (cost=0.00..30.04 rows=960 width=0)
	              Index Cond: ((id >= 3684480) AND (id <= 3685479))

table 8 : explain SELECT c FROM sbtest8 WHERE id BETWEEN 1249849 AND 1250848 ORDER BY c
	Sort  (cost=3905.68..3908.17 rows=996 width=121)
	  Sort Key: c
	  ->  Bitmap Heap Scan on sbtest8  (cost=30.64..3856.08 rows=996 width=121)
	        Recheck Cond: ((id >= 1249849) AND (id <= 1250848))
	        ->  Bitmap Index Scan on sbtest8_pkey  (cost=0.00..30.39 rows=996 width=0)
	              Index Cond: ((id >= 1249849) AND (id <= 1250848))

for: simple_ranges
table 1 : explain SELECT c FROM sbtest1 WHERE id BETWEEN 9143842 AND 9144841
	Bitmap Heap Scan on sbtest1  (cost=31.36..4121.16 rows=1066 width=121)
	  Recheck Cond: ((id >= 9143842) AND (id <= 9144841))
	  ->  Bitmap Index Scan on sbtest1_pkey  (cost=0.00..31.09 rows=1066 width=0)
	        Index Cond: ((id >= 9143842) AND (id <= 9144841))

table 2 : explain SELECT c FROM sbtest2 WHERE id BETWEEN 7700472 AND 7701471
	Bitmap Heap Scan on sbtest2  (cost=30.91..3954.16 rows=1022 width=121)
	  Recheck Cond: ((id >= 7700472) AND (id <= 7701471))
	  ->  Bitmap Index Scan on sbtest2_pkey  (cost=0.00..30.65 rows=1022 width=0)
	        Index Cond: ((id >= 7700472) AND (id <= 7701471))

table 3 : explain SELECT c FROM sbtest3 WHERE id BETWEEN 1848170 AND 1849169
	Bitmap Heap Scan on sbtest3  (cost=30.96..3979.45 rows=1027 width=121)
	  Recheck Cond: ((id >= 1848170) AND (id <= 1849169))
	  ->  Bitmap Index Scan on sbtest3_pkey  (cost=0.00..30.70 rows=1027 width=0)
	        Index Cond: ((id >= 1848170) AND (id <= 1849169))

table 4 : explain SELECT c FROM sbtest4 WHERE id BETWEEN 7838582 AND 7839581
	Bitmap Heap Scan on sbtest4  (cost=30.42..3778.03 rows=974 width=121)
	  Recheck Cond: ((id >= 7838582) AND (id <= 7839581))
	  ->  Bitmap Index Scan on sbtest4_pkey  (cost=0.00..30.18 rows=974 width=0)
	        Index Cond: ((id >= 7838582) AND (id <= 7839581))

table 5 : explain SELECT c FROM sbtest5 WHERE id BETWEEN 9270727 AND 9271726
	Bitmap Heap Scan on sbtest5  (cost=30.88..3943.38 rows=1019 width=121)
	  Recheck Cond: ((id >= 9270727) AND (id <= 9271726))
	  ->  Bitmap Index Scan on sbtest5_pkey  (cost=0.00..30.62 rows=1019 width=0)
	        Index Cond: ((id >= 9270727) AND (id <= 9271726))

table 6 : explain SELECT c FROM sbtest6 WHERE id BETWEEN 1021491 AND 1022490
	Bitmap Heap Scan on sbtest6  (cost=31.80..4283.83 rows=1109 width=121)
	  Recheck Cond: ((id >= 1021491) AND (id <= 1022490))
	  ->  Bitmap Index Scan on sbtest6_pkey  (cost=0.00..31.52 rows=1109 width=0)
	        Index Cond: ((id >= 1021491) AND (id <= 1022490))

table 7 : explain SELECT c FROM sbtest7 WHERE id BETWEEN 1801269 AND 1802268
	Bitmap Heap Scan on sbtest7  (cost=30.57..3836.30 rows=989 width=121)
	  Recheck Cond: ((id >= 1801269) AND (id <= 1802268))
	  ->  Bitmap Index Scan on sbtest7_pkey  (cost=0.00..30.32 rows=989 width=0)
	        Index Cond: ((id >= 1801269) AND (id <= 1802268))

table 8 : explain SELECT c FROM sbtest8 WHERE id BETWEEN 9281998 AND 9282997
	Bitmap Heap Scan on sbtest8  (cost=30.79..3908.84 rows=1010 width=121)
	  Recheck Cond: ((id >= 9281998) AND (id <= 9282997))
	  ->  Bitmap Index Scan on sbtest8_pkey  (cost=0.00..30.54 rows=1010 width=0)
	        Index Cond: ((id >= 9281998) AND (id <= 9282997))

for: distinct_ranges
table 1 : explain SELECT DISTINCT c FROM sbtest1 WHERE id BETWEEN 5301740 AND 5302739 ORDER BY c
	Unique  (cost=3975.94..3981.01 rows=1014 width=121)
	  ->  Sort  (cost=3975.94..3978.47 rows=1014 width=121)
	        Sort Key: c
	        ->  Bitmap Heap Scan on sbtest1  (cost=30.83..3925.31 rows=1014 width=121)
	              Recheck Cond: ((id >= 5301740) AND (id <= 5302739))
	              ->  Bitmap Index Scan on sbtest1_pkey  (cost=0.00..30.57 rows=1014 width=0)
	                    Index Cond: ((id >= 5301740) AND (id <= 5302739))

table 2 : explain SELECT DISTINCT c FROM sbtest2 WHERE id BETWEEN 6655531 AND 6656530 ORDER BY c
	Unique  (cost=3741.12..3745.88 rows=953 width=121)
	  ->  Sort  (cost=3741.12..3743.50 rows=953 width=121)
	        Sort Key: c
	        ->  Bitmap Heap Scan on sbtest2  (cost=30.20..3693.96 rows=953 width=121)
	              Recheck Cond: ((id >= 6655531) AND (id <= 6656530))
	              ->  Bitmap Index Scan on sbtest2_pkey  (cost=0.00..29.96 rows=953 width=0)
	                    Index Cond: ((id >= 6655531) AND (id <= 6656530))

table 3 : explain SELECT DISTINCT c FROM sbtest3 WHERE id BETWEEN 4505520 AND 4506519 ORDER BY c
	Unique  (cost=3654.66..3659.31 rows=929 width=121)
	  ->  Sort  (cost=3654.66..3656.99 rows=929 width=121)
	        Sort Key: c
	        ->  Bitmap Heap Scan on sbtest3  (cost=29.96..3608.87 rows=929 width=121)
	              Recheck Cond: ((id >= 4505520) AND (id <= 4506519))
	              ->  Bitmap Index Scan on sbtest3_pkey  (cost=0.00..29.72 rows=929 width=0)
	                    Index Cond: ((id >= 4505520) AND (id <= 4506519))

table 4 : explain SELECT DISTINCT c FROM sbtest4 WHERE id BETWEEN 5353950 AND 5354949 ORDER BY c
	Unique  (cost=3952.94..3957.97 rows=1007 width=121)
	  ->  Sort  (cost=3952.94..3955.45 rows=1007 width=121)
	        Sort Key: c
	        ->  Bitmap Heap Scan on sbtest4  (cost=30.76..3902.71 rows=1007 width=121)
	              Recheck Cond: ((id >= 5353950) AND (id <= 5354949))
	              ->  Bitmap Index Scan on sbtest4_pkey  (cost=0.00..30.50 rows=1007 width=0)
	                    Index Cond: ((id >= 5353950) AND (id <= 5354949))

table 5 : explain SELECT DISTINCT c FROM sbtest5 WHERE id BETWEEN 2627819 AND 2628818 ORDER BY c
	Unique  (cost=4162.48..4167.79 rows=1063 width=121)
	  ->  Sort  (cost=4162.48..4165.13 rows=1063 width=121)
	        Sort Key: c
	        ->  Bitmap Heap Scan on sbtest5  (cost=31.33..4109.04 rows=1063 width=121)
	              Recheck Cond: ((id >= 2627819) AND (id <= 2628818))
	              ->  Bitmap Index Scan on sbtest5_pkey  (cost=0.00..31.07 rows=1063 width=0)
	                    Index Cond: ((id >= 2627819) AND (id <= 2628818))

table 6 : explain SELECT DISTINCT c FROM sbtest6 WHERE id BETWEEN 1330367 AND 1331366 ORDER BY c
	Unique  (cost=3700.88..3705.59 rows=942 width=121)
	  ->  Sort  (cost=3700.88..3703.23 rows=942 width=121)
	        Sort Key: c
	        ->  Bitmap Heap Scan on sbtest6  (cost=30.09..3654.35 rows=942 width=121)
	              Recheck Cond: ((id >= 1330367) AND (id <= 1331366))
	              ->  Bitmap Index Scan on sbtest6_pkey  (cost=0.00..29.86 rows=942 width=0)
	                    Index Cond: ((id >= 1330367) AND (id <= 1331366))

table 7 : explain SELECT DISTINCT c FROM sbtest7 WHERE id BETWEEN 4885514 AND 4886513 ORDER BY c
	Unique  (cost=4272.69..4278.14 rows=1089 width=121)
	  ->  Sort  (cost=4272.69..4275.41 rows=1089 width=121)
	        Sort Key: c
	        ->  Bitmap Heap Scan on sbtest7  (cost=35.60..4217.76 rows=1089 width=121)
	              Recheck Cond: ((id >= 4885514) AND (id <= 4886513))
	              ->  Bitmap Index Scan on sbtest7_pkey  (cost=0.00..35.33 rows=1089 width=0)
	                    Index Cond: ((id >= 4885514) AND (id <= 4886513))

table 8 : explain SELECT DISTINCT c FROM sbtest8 WHERE id BETWEEN 7705208 AND 7706207 ORDER BY c
	Unique  (cost=3924.81..3929.82 rows=1001 width=121)
	  ->  Sort  (cost=3924.81..3927.31 rows=1001 width=121)
	        Sort Key: c
	        ->  Bitmap Heap Scan on sbtest8  (cost=30.70..3874.92 rows=1001 width=121)
	              Recheck Cond: ((id >= 7705208) AND (id <= 7706207))
	              ->  Bitmap Index Scan on sbtest8_pkey  (cost=0.00..30.44 rows=1001 width=0)
	                    Index Cond: ((id >= 7705208) AND (id <= 7706207))

for: distinct_ranges
table 1 : explain SELECT DISTINCT c FROM sbtest1 WHERE id BETWEEN 9177574 AND 9178573 ORDER BY c
	Unique  (cost=4174.76..4180.09 rows=1066 width=121)
	  ->  Sort  (cost=4174.76..4177.43 rows=1066 width=121)
	        Sort Key: c
	        ->  Bitmap Heap Scan on sbtest1  (cost=31.36..4121.16 rows=1066 width=121)
	              Recheck Cond: ((id >= 9177574) AND (id <= 9178573))
	              ->  Bitmap Index Scan on sbtest1_pkey  (cost=0.00..31.09 rows=1066 width=0)
	                    Index Cond: ((id >= 9177574) AND (id <= 9178573))

table 2 : explain SELECT DISTINCT c FROM sbtest2 WHERE id BETWEEN 951129 AND 952128 ORDER BY c
	Unique  (cost=4264.98..4270.43 rows=1090 width=121)
	  ->  Sort  (cost=4264.98..4267.71 rows=1090 width=121)
	        Sort Key: c
	        ->  Bitmap Heap Scan on sbtest2  (cost=31.61..4209.99 rows=1090 width=121)
	              Recheck Cond: ((id >= 951129) AND (id <= 952128))
	              ->  Bitmap Index Scan on sbtest2_pkey  (cost=0.00..31.33 rows=1090 width=0)
	                    Index Cond: ((id >= 951129) AND (id <= 952128))

table 3 : explain SELECT DISTINCT c FROM sbtest3 WHERE id BETWEEN 9596054 AND 9597053 ORDER BY c
	Unique  (cost=3961.81..3966.86 rows=1009 width=121)
	  ->  Sort  (cost=3961.81..3964.33 rows=1009 width=121)
	        Sort Key: c
	        ->  Bitmap Heap Scan on sbtest3  (cost=30.78..3911.47 rows=1009 width=121)
	              Recheck Cond: ((id >= 9596054) AND (id <= 9597053))
	              ->  Bitmap Index Scan on sbtest3_pkey  (cost=0.00..30.52 rows=1009 width=0)
	                    Index Cond: ((id >= 9596054) AND (id <= 9597053))

table 4 : explain SELECT DISTINCT c FROM sbtest4 WHERE id BETWEEN 7382902 AND 7383901 ORDER BY c
	Unique  (cost=3561.19..3565.72 rows=906 width=121)
	  ->  Sort  (cost=3561.19..3563.45 rows=906 width=121)
	        Sort Key: c
	        ->  Bitmap Heap Scan on sbtest4  (cost=25.72..3516.69 rows=906 width=121)
	              Recheck Cond: ((id >= 7382902) AND (id <= 7383901))
	              ->  Bitmap Index Scan on sbtest4_pkey  (cost=0.00..25.50 rows=906 width=0)
	                    Index Cond: ((id >= 7382902) AND (id <= 7383901))

table 5 : explain SELECT DISTINCT c FROM sbtest5 WHERE id BETWEEN 7153184 AND 7154183 ORDER BY c
	Unique  (cost=4173.94..4179.27 rows=1066 width=121)
	  ->  Sort  (cost=4173.94..4176.60 rows=1066 width=121)
	        Sort Key: c
	        ->  Bitmap Heap Scan on sbtest5  (cost=31.36..4120.33 rows=1066 width=121)
	              Recheck Cond: ((id >= 7153184) AND (id <= 7154183))
	              ->  Bitmap Index Scan on sbtest5_pkey  (cost=0.00..31.09 rows=1066 width=0)
	                    Index Cond: ((id >= 7153184) AND (id <= 7154183))

table 6 : explain SELECT DISTINCT c FROM sbtest6 WHERE id BETWEEN 839794 AND 840793 ORDER BY c
	Unique  (cost=4137.47..4142.75 rows=1056 width=121)
	  ->  Sort  (cost=4137.47..4140.11 rows=1056 width=121)
	        Sort Key: c
	        ->  Bitmap Heap Scan on sbtest6  (cost=31.26..4084.43 rows=1056 width=121)
	              Recheck Cond: ((id >= 839794) AND (id <= 840793))
	              ->  Bitmap Index Scan on sbtest6_pkey  (cost=0.00..31.00 rows=1056 width=0)
	                    Index Cond: ((id >= 839794) AND (id <= 840793))

table 7 : explain SELECT DISTINCT c FROM sbtest7 WHERE id BETWEEN 7046198 AND 7047197 ORDER BY c
	Unique  (cost=4257.39..4262.81 rows=1085 width=121)
	  ->  Sort  (cost=4257.39..4260.10 rows=1085 width=121)
	        Sort Key: c
	        ->  Bitmap Heap Scan on sbtest7  (cost=35.56..4202.68 rows=1085 width=121)
	              Recheck Cond: ((id >= 7046198) AND (id <= 7047197))
	              ->  Bitmap Index Scan on sbtest7_pkey  (cost=0.00..35.29 rows=1085 width=0)
	                    Index Cond: ((id >= 7046198) AND (id <= 7047197))

table 8 : explain SELECT DISTINCT c FROM sbtest8 WHERE id BETWEEN 4857621 AND 4858620 ORDER BY c
	Unique  (cost=3917.16..3922.15 rows=999 width=121)
	  ->  Sort  (cost=3917.16..3919.66 rows=999 width=121)
	        Sort Key: c
	        ->  Bitmap Heap Scan on sbtest8  (cost=30.67..3867.39 rows=999 width=121)
	              Recheck Cond: ((id >= 4857621) AND (id <= 4858620))
	              ->  Bitmap Index Scan on sbtest8_pkey  (cost=0.00..30.43 rows=999 width=0)
	                    Index Cond: ((id >= 4857621) AND (id <= 4858620))

for: sum_ranges
table 1 : explain SELECT SUM(k) FROM sbtest1 WHERE id BETWEEN 5343495 AND 5344494
	Aggregate  (cost=3969.33..3969.34 rows=1 width=8)
	  ->  Bitmap Heap Scan on sbtest1  (cost=30.94..3966.77 rows=1025 width=4)
	        Recheck Cond: ((id >= 5343495) AND (id <= 5344494))
	        ->  Bitmap Index Scan on sbtest1_pkey  (cost=0.00..30.68 rows=1025 width=0)
	              Index Cond: ((id >= 5343495) AND (id <= 5344494))

table 2 : explain SELECT SUM(k) FROM sbtest2 WHERE id BETWEEN 5392796 AND 5393795
	Aggregate  (cost=3964.25..3964.26 rows=1 width=8)
	  ->  Bitmap Heap Scan on sbtest2  (cost=30.93..3961.69 rows=1024 width=4)
	        Recheck Cond: ((id >= 5392796) AND (id <= 5393795))
	        ->  Bitmap Index Scan on sbtest2_pkey  (cost=0.00..30.68 rows=1024 width=0)
	              Index Cond: ((id >= 5392796) AND (id <= 5393795))

table 3 : explain SELECT SUM(k) FROM sbtest3 WHERE id BETWEEN 585632 AND 586631
	Aggregate  (cost=4034.89..4034.90 rows=1 width=8)
	  ->  Bitmap Heap Scan on sbtest3  (cost=31.11..4032.29 rows=1041 width=4)
	        Recheck Cond: ((id >= 585632) AND (id <= 586631))
	        ->  Bitmap Index Scan on sbtest3_pkey  (cost=0.00..30.84 rows=1041 width=0)
	              Index Cond: ((id >= 585632) AND (id <= 586631))

table 4 : explain SELECT SUM(k) FROM sbtest4 WHERE id BETWEEN 4193438 AND 4194437
	Aggregate  (cost=4007.20..4007.21 rows=1 width=8)
	  ->  Bitmap Heap Scan on sbtest4  (cost=31.03..4004.61 rows=1034 width=4)
	        Recheck Cond: ((id >= 4193438) AND (id <= 4194437))
	        ->  Bitmap Index Scan on sbtest4_pkey  (cost=0.00..30.77 rows=1034 width=0)
	              Index Cond: ((id >= 4193438) AND (id <= 4194437))

table 5 : explain SELECT SUM(k) FROM sbtest5 WHERE id BETWEEN 4649577 AND 4650576
	Aggregate  (cost=3828.99..3829.00 rows=1 width=8)
	  ->  Bitmap Heap Scan on sbtest5  (cost=30.56..3826.52 rows=988 width=4)
	        Recheck Cond: ((id >= 4649577) AND (id <= 4650576))
	        ->  Bitmap Index Scan on sbtest5_pkey  (cost=0.00..30.32 rows=988 width=0)
	              Index Cond: ((id >= 4649577) AND (id <= 4650576))

table 6 : explain SELECT SUM(k) FROM sbtest6 WHERE id BETWEEN 4427983 AND 4428982
	Aggregate  (cost=4139.81..4139.82 rows=1 width=8)
	  ->  Bitmap Heap Scan on sbtest6  (cost=31.40..4137.14 rows=1070 width=4)
	        Recheck Cond: ((id >= 4427983) AND (id <= 4428982))
	        ->  Bitmap Index Scan on sbtest6_pkey  (cost=0.00..31.14 rows=1070 width=0)
	              Index Cond: ((id >= 4427983) AND (id <= 4428982))

table 7 : explain SELECT SUM(k) FROM sbtest7 WHERE id BETWEEN 4788171 AND 4789170
	Aggregate  (cost=4412.65..4412.66 rows=1 width=8)
	  ->  Bitmap Heap Scan on sbtest7  (cost=36.12..4409.80 rows=1140 width=4)
	        Recheck Cond: ((id >= 4788171) AND (id <= 4789170))
	        ->  Bitmap Index Scan on sbtest7_pkey  (cost=0.00..35.84 rows=1140 width=0)
	              Index Cond: ((id >= 4788171) AND (id <= 4789170))

table 8 : explain SELECT SUM(k) FROM sbtest8 WHERE id BETWEEN 1125307 AND 1126306
	Aggregate  (cost=4366.70..4366.71 rows=1 width=8)
	  ->  Bitmap Heap Scan on sbtest8  (cost=32.04..4363.87 rows=1132 width=4)
	        Recheck Cond: ((id >= 1125307) AND (id <= 1126306))
	        ->  Bitmap Index Scan on sbtest8_pkey  (cost=0.00..31.75 rows=1132 width=0)
	              Index Cond: ((id >= 1125307) AND (id <= 1126306))

for: sum_ranges
table 1 : explain SELECT SUM(k) FROM sbtest1 WHERE id BETWEEN 5003892 AND 5004891
	Aggregate  (cost=3931.62..3931.63 rows=1 width=8)
	  ->  Bitmap Heap Scan on sbtest1  (cost=30.84..3929.08 rows=1015 width=4)
	        Recheck Cond: ((id >= 5003892) AND (id <= 5004891))
	        ->  Bitmap Index Scan on sbtest1_pkey  (cost=0.00..30.58 rows=1015 width=0)
	              Index Cond: ((id >= 5003892) AND (id <= 5004891))

table 2 : explain SELECT SUM(k) FROM sbtest2 WHERE id BETWEEN 8958627 AND 8959626
	Aggregate  (cost=3836.04..3836.05 rows=1 width=8)
	  ->  Bitmap Heap Scan on sbtest2  (cost=30.58..3833.56 rows=990 width=4)
	        Recheck Cond: ((id >= 8958627) AND (id <= 8959626))
	        ->  Bitmap Index Scan on sbtest2_pkey  (cost=0.00..30.33 rows=990 width=0)
	              Index Cond: ((id >= 8958627) AND (id <= 8959626))

table 3 : explain SELECT SUM(k) FROM sbtest3 WHERE id BETWEEN 8372044 AND 8373043
	Aggregate  (cost=3728.62..3728.63 rows=1 width=8)
	  ->  Bitmap Heap Scan on sbtest3  (cost=30.27..3726.22 rows=960 width=4)
	        Recheck Cond: ((id >= 8372044) AND (id <= 8373043))
	        ->  Bitmap Index Scan on sbtest3_pkey  (cost=0.00..30.04 rows=960 width=0)
	              Index Cond: ((id >= 8372044) AND (id <= 8373043))

table 4 : explain SELECT SUM(k) FROM sbtest4 WHERE id BETWEEN 7509887 AND 7510886
	Aggregate  (cost=4327.66..4327.67 rows=1 width=8)
	  ->  Bitmap Heap Scan on sbtest4  (cost=31.90..4324.86 rows=1119 width=4)
	        Recheck Cond: ((id >= 7509887) AND (id <= 7510886))
	        ->  Bitmap Index Scan on sbtest4_pkey  (cost=0.00..31.62 rows=1119 width=0)
	              Index Cond: ((id >= 7509887) AND (id <= 7510886))

table 5 : explain SELECT SUM(k) FROM sbtest5 WHERE id BETWEEN 999293 AND 1000292
	Aggregate  (cost=3817.67..3817.68 rows=1 width=8)
	  ->  Bitmap Heap Scan on sbtest5  (cost=30.53..3815.21 rows=985 width=4)
	        Recheck Cond: ((id >= 999293) AND (id <= 1000292))
	        ->  Bitmap Index Scan on sbtest5_pkey  (cost=0.00..30.29 rows=985 width=0)
	              Index Cond: ((id >= 999293) AND (id <= 1000292))

table 6 : explain SELECT SUM(k) FROM sbtest6 WHERE id BETWEEN 4437565 AND 4438564
	Aggregate  (cost=4139.81..4139.82 rows=1 width=8)
	  ->  Bitmap Heap Scan on sbtest6  (cost=31.40..4137.14 rows=1070 width=4)
	        Recheck Cond: ((id >= 4437565) AND (id <= 4438564))
	        ->  Bitmap Index Scan on sbtest6_pkey  (cost=0.00..31.14 rows=1070 width=0)
	              Index Cond: ((id >= 4437565) AND (id <= 4438564))

table 7 : explain SELECT SUM(k) FROM sbtest7 WHERE id BETWEEN 3941733 AND 3942732
	Aggregate  (cost=4027.78..4027.79 rows=1 width=8)
	  ->  Bitmap Heap Scan on sbtest7  (cost=31.08..4025.18 rows=1039 width=4)
	        Recheck Cond: ((id >= 3941733) AND (id <= 3942732))
	        ->  Bitmap Index Scan on sbtest7_pkey  (cost=0.00..30.82 rows=1039 width=0)
	              Index Cond: ((id >= 3941733) AND (id <= 3942732))

table 8 : explain SELECT SUM(k) FROM sbtest8 WHERE id BETWEEN 7750292 AND 7751291
	Aggregate  (cost=3877.43..3877.44 rows=1 width=8)
	  ->  Bitmap Heap Scan on sbtest8  (cost=30.70..3874.92 rows=1001 width=4)
	        Recheck Cond: ((id >= 7750292) AND (id <= 7751291))
	        ->  Bitmap Index Scan on sbtest8_pkey  (cost=0.00..30.44 rows=1001 width=0)
	              Index Cond: ((id >= 7750292) AND (id <= 7751291))

for: sum_ranges
table 1 : explain SELECT SUM(k) FROM sbtest1 WHERE id BETWEEN 4783049 AND 4784048
	Aggregate  (cost=4071.09..4071.10 rows=1 width=8)
	  ->  Bitmap Heap Scan on sbtest1  (cost=31.22..4068.46 rows=1052 width=4)
	        Recheck Cond: ((id >= 4783049) AND (id <= 4784048))
	        ->  Bitmap Index Scan on sbtest1_pkey  (cost=0.00..30.95 rows=1052 width=0)
	              Index Cond: ((id >= 4783049) AND (id <= 4784048))

table 2 : explain SELECT SUM(k) FROM sbtest2 WHERE id BETWEEN 5824840 AND 5825839
	Aggregate  (cost=3685.01..3685.02 rows=1 width=8)
	  ->  Bitmap Heap Scan on sbtest2  (cost=30.17..3682.63 rows=950 width=4)
	        Recheck Cond: ((id >= 5824840) AND (id <= 5825839))
	        ->  Bitmap Index Scan on sbtest2_pkey  (cost=0.00..29.93 rows=950 width=0)
	              Index Cond: ((id >= 5824840) AND (id <= 5825839))

table 3 : explain SELECT SUM(k) FROM sbtest3 WHERE id BETWEEN 7842097 AND 7843096
	Aggregate  (cost=4174.53..4174.54 rows=1 width=8)
	  ->  Bitmap Heap Scan on sbtest3  (cost=31.48..4171.83 rows=1078 width=4)
	        Recheck Cond: ((id >= 7842097) AND (id <= 7843096))
	        ->  Bitmap Index Scan on sbtest3_pkey  (cost=0.00..31.21 rows=1078 width=0)
	              Index Cond: ((id >= 7842097) AND (id <= 7843096))

table 4 : explain SELECT SUM(k) FROM sbtest4 WHERE id BETWEEN 7344013 AND 7345012
	Aggregate  (cost=3496.20..3496.21 rows=1 width=8)
	  ->  Bitmap Heap Scan on sbtest4  (cost=25.66..3493.95 rows=900 width=4)
	        Recheck Cond: ((id >= 7344013) AND (id <= 7345012))
	        ->  Bitmap Index Scan on sbtest4_pkey  (cost=0.00..25.43 rows=900 width=0)
	              Index Cond: ((id >= 7344013) AND (id <= 7345012))

table 5 : explain SELECT SUM(k) FROM sbtest5 WHERE id BETWEEN 682694 AND 683693
	Aggregate  (cost=4085.34..4085.35 rows=1 width=8)
	  ->  Bitmap Heap Scan on sbtest5  (cost=31.26..4082.70 rows=1056 width=4)
	        Recheck Cond: ((id >= 682694) AND (id <= 683693))
	        ->  Bitmap Index Scan on sbtest5_pkey  (cost=0.00..31.00 rows=1056 width=0)
	              Index Cond: ((id >= 682694) AND (id <= 683693))

table 6 : explain SELECT SUM(k) FROM sbtest6 WHERE id BETWEEN 3611264 AND 3612263
	Aggregate  (cost=4007.92..4007.93 rows=1 width=8)
	  ->  Bitmap Heap Scan on sbtest6  (cost=31.04..4005.33 rows=1035 width=4)
	        Recheck Cond: ((id >= 3611264) AND (id <= 3612263))
	        ->  Bitmap Index Scan on sbtest6_pkey  (cost=0.00..30.79 rows=1035 width=0)
	              Index Cond: ((id >= 3611264) AND (id <= 3612263))

table 7 : explain SELECT SUM(k) FROM sbtest7 WHERE id BETWEEN 2827743 AND 2828742
	Aggregate  (cost=3675.98..3675.99 rows=1 width=8)
	  ->  Bitmap Heap Scan on sbtest7  (cost=30.13..3673.62 rows=946 width=4)
	        Recheck Cond: ((id >= 2827743) AND (id <= 2828742))
	        ->  Bitmap Index Scan on sbtest7_pkey  (cost=0.00..29.89 rows=946 width=0)
	              Index Cond: ((id >= 2827743) AND (id <= 2828742))

table 8 : explain SELECT SUM(k) FROM sbtest8 WHERE id BETWEEN 3480406 AND 3481405
	Aggregate  (cost=3703.80..3703.81 rows=1 width=8)
	  ->  Bitmap Heap Scan on sbtest8  (cost=30.22..3701.41 rows=955 width=4)
	        Recheck Cond: ((id >= 3480406) AND (id <= 3481405))
	        ->  Bitmap Index Scan on sbtest8_pkey  (cost=0.00..29.98 rows=955 width=0)
	              Index Cond: ((id >= 3480406) AND (id <= 3481405))

for: sum_ranges
table 1 : explain SELECT SUM(k) FROM sbtest1 WHERE id BETWEEN 4304907 AND 4305906
	Aggregate  (cost=3844.83..3844.84 rows=1 width=8)
	  ->  Bitmap Heap Scan on sbtest1  (cost=30.60..3842.35 rows=992 width=4)
	        Recheck Cond: ((id >= 4304907) AND (id <= 4305906))
	        ->  Bitmap Index Scan on sbtest1_pkey  (cost=0.00..30.36 rows=992 width=0)
	              Index Cond: ((id >= 4304907) AND (id <= 4305906))

table 2 : explain SELECT SUM(k) FROM sbtest2 WHERE id BETWEEN 6956488 AND 6957487
	Aggregate  (cost=3941.63..3941.64 rows=1 width=8)
	  ->  Bitmap Heap Scan on sbtest2  (cost=30.87..3939.09 rows=1018 width=4)
	        Recheck Cond: ((id >= 6956488) AND (id <= 6957487))
	        ->  Bitmap Index Scan on sbtest2_pkey  (cost=0.00..30.61 rows=1018 width=0)
	              Index Cond: ((id >= 6956488) AND (id <= 6957487))

table 3 : explain SELECT SUM(k) FROM sbtest3 WHERE id BETWEEN 7122397 AND 7123396
	Aggregate  (cost=4125.48..4125.49 rows=1 width=8)
	  ->  Bitmap Heap Scan on sbtest3  (cost=31.35..4122.82 rows=1065 width=4)
	        Recheck Cond: ((id >= 7122397) AND (id <= 7123396))
	        ->  Bitmap Index Scan on sbtest3_pkey  (cost=0.00..31.08 rows=1065 width=0)
	              Index Cond: ((id >= 7122397) AND (id <= 7123396))

table 4 : explain SELECT SUM(k) FROM sbtest4 WHERE id BETWEEN 8651233 AND 8652232
	Aggregate  (cost=3909.00..3909.01 rows=1 width=8)
	  ->  Bitmap Heap Scan on sbtest4  (cost=30.77..3906.48 rows=1008 width=4)
	        Recheck Cond: ((id >= 8651233) AND (id <= 8652232))
	        ->  Bitmap Index Scan on sbtest4_pkey  (cost=0.00..30.51 rows=1008 width=0)
	              Index Cond: ((id >= 8651233) AND (id <= 8652232))

table 5 : explain SELECT SUM(k) FROM sbtest5 WHERE id BETWEEN 2247183 AND 2248182
	Aggregate  (cost=3537.78..3537.79 rows=1 width=8)
	  ->  Bitmap Heap Scan on sbtest5  (cost=25.78..3535.50 rows=912 width=4)
	        Recheck Cond: ((id >= 2247183) AND (id <= 2248182))
	        ->  Bitmap Index Scan on sbtest5_pkey  (cost=0.00..25.55 rows=912 width=0)
	              Index Cond: ((id >= 2247183) AND (id <= 2248182))

table 6 : explain SELECT SUM(k) FROM sbtest6 WHERE id BETWEEN 8721580 AND 8722579
	Aggregate  (cost=3607.52..3607.53 rows=1 width=8)
	  ->  Bitmap Heap Scan on sbtest6  (cost=29.96..3605.19 rows=929 width=4)
	        Recheck Cond: ((id >= 8721580) AND (id <= 8722579))
	        ->  Bitmap Index Scan on sbtest6_pkey  (cost=0.00..29.72 rows=929 width=0)
	              Index Cond: ((id >= 8721580) AND (id <= 8722579))

table 7 : explain SELECT SUM(k) FROM sbtest7 WHERE id BETWEEN 8927570 AND 8928569
	Aggregate  (cost=4269.49..4269.50 rows=1 width=8)
	  ->  Bitmap Heap Scan on sbtest7  (cost=35.73..4266.74 rows=1102 width=4)
	        Recheck Cond: ((id >= 8927570) AND (id <= 8928569))
	        ->  Bitmap Index Scan on sbtest7_pkey  (cost=0.00..35.45 rows=1102 width=0)
	              Index Cond: ((id >= 8927570) AND (id <= 8928569))

table 8 : explain SELECT SUM(k) FROM sbtest8 WHERE id BETWEEN 7292892 AND 7293891
	Aggregate  (cost=3465.34..3465.35 rows=1 width=8)
	  ->  Bitmap Heap Scan on sbtest8  (cost=25.59..3463.10 rows=893 width=4)
	        Recheck Cond: ((id >= 7292892) AND (id <= 7293891))
	        ->  Bitmap Index Scan on sbtest8_pkey  (cost=0.00..25.36 rows=893 width=0)
	              Index Cond: ((id >= 7292892) AND (id <= 7293891))

for: sum_ranges
table 1 : explain SELECT SUM(k) FROM sbtest1 WHERE id BETWEEN 3670265 AND 3671264
	Aggregate  (cost=3893.89..3893.90 rows=1 width=8)
	  ->  Bitmap Heap Scan on sbtest1  (cost=30.74..3891.38 rows=1005 width=4)
	        Recheck Cond: ((id >= 3670265) AND (id <= 3671264))
	        ->  Bitmap Index Scan on sbtest1_pkey  (cost=0.00..30.48 rows=1005 width=0)
	              Index Cond: ((id >= 3670265) AND (id <= 3671264))

table 2 : explain SELECT SUM(k) FROM sbtest2 WHERE id BETWEEN 1142901 AND 1143900
	Aggregate  (cost=3745.44..3745.45 rows=1 width=8)
	  ->  Bitmap Heap Scan on sbtest2  (cost=30.34..3743.03 rows=966 width=4)
	        Recheck Cond: ((id >= 1142901) AND (id <= 1143900))
	        ->  Bitmap Index Scan on sbtest2_pkey  (cost=0.00..30.09 rows=966 width=0)
	              Index Cond: ((id >= 1142901) AND (id <= 1143900))

table 3 : explain SELECT SUM(k) FROM sbtest3 WHERE id BETWEEN 7928437 AND 7929436
	Aggregate  (cost=3845.93..3845.94 rows=1 width=8)
	  ->  Bitmap Heap Scan on sbtest3  (cost=30.59..3843.45 rows=991 width=4)
	        Recheck Cond: ((id >= 7928437) AND (id <= 7929436))
	        ->  Bitmap Index Scan on sbtest3_pkey  (cost=0.00..30.34 rows=991 width=0)
	              Index Cond: ((id >= 7928437) AND (id <= 7929436))

table 4 : explain SELECT SUM(k) FROM sbtest4 WHERE id BETWEEN 6940569 AND 6941568
	Aggregate  (cost=3655.57..3655.58 rows=1 width=8)
	  ->  Bitmap Heap Scan on sbtest4  (cost=30.08..3653.22 rows=941 width=4)
	        Recheck Cond: ((id >= 6940569) AND (id <= 6941568))
	        ->  Bitmap Index Scan on sbtest4_pkey  (cost=0.00..29.84 rows=941 width=0)
	              Index Cond: ((id >= 6940569) AND (id <= 6941568))

table 5 : explain SELECT SUM(k) FROM sbtest5 WHERE id BETWEEN 2456548 AND 2457547
	Aggregate  (cost=3662.58..3662.59 rows=1 width=8)
	  ->  Bitmap Heap Scan on sbtest5  (cost=26.12..3660.22 rows=945 width=4)
	        Recheck Cond: ((id >= 2456548) AND (id <= 2457547))
	        ->  Bitmap Index Scan on sbtest5_pkey  (cost=0.00..25.89 rows=945 width=0)
	              Index Cond: ((id >= 2456548) AND (id <= 2457547))

table 6 : explain SELECT SUM(k) FROM sbtest6 WHERE id BETWEEN 873558 AND 874557
	Aggregate  (cost=4087.07..4087.08 rows=1 width=8)
	  ->  Bitmap Heap Scan on sbtest6  (cost=31.26..4084.43 rows=1056 width=4)
	        Recheck Cond: ((id >= 873558) AND (id <= 874557))
	        ->  Bitmap Index Scan on sbtest6_pkey  (cost=0.00..31.00 rows=1056 width=0)
	              Index Cond: ((id >= 873558) AND (id <= 874557))

table 7 : explain SELECT SUM(k) FROM sbtest7 WHERE id BETWEEN 3300914 AND 3301913
	Aggregate  (cost=4080.64..4080.65 rows=1 width=8)
	  ->  Bitmap Heap Scan on sbtest7  (cost=31.23..4078.01 rows=1053 width=4)
	        Recheck Cond: ((id >= 3300914) AND (id <= 3301913))
	        ->  Bitmap Index Scan on sbtest7_pkey  (cost=0.00..30.96 rows=1053 width=0)
	              Index Cond: ((id >= 3300914) AND (id <= 3301913))

table 8 : explain SELECT SUM(k) FROM sbtest8 WHERE id BETWEEN 1426065 AND 1427064
	Aggregate  (cost=3903.83..3903.84 rows=1 width=8)
	  ->  Bitmap Heap Scan on sbtest8  (cost=30.77..3901.31 rows=1008 width=4)
	        Recheck Cond: ((id >= 1426065) AND (id <= 1427064))
	        ->  Bitmap Index Scan on sbtest8_pkey  (cost=0.00..30.51 rows=1008 width=0)
	              Index Cond: ((id >= 1426065) AND (id <= 1427064))

for: order_ranges
table 1 : explain SELECT c FROM sbtest1 WHERE id BETWEEN 2737012 AND 2738011 ORDER BY c
	Sort  (cost=4384.80..4387.61 rows=1122 width=121)
	  Sort Key: c
	  ->  Bitmap Heap Scan on sbtest1  (cost=31.94..4327.96 rows=1122 width=121)
	        Recheck Cond: ((id >= 2737012) AND (id <= 2738011))
	        ->  Bitmap Index Scan on sbtest1_pkey  (cost=0.00..31.65 rows=1122 width=0)
	              Index Cond: ((id >= 2737012) AND (id <= 2738011))

table 2 : explain SELECT c FROM sbtest2 WHERE id BETWEEN 1854299 AND 1855298 ORDER BY c
	Sort  (cost=4276.43..4279.16 rows=1093 width=121)
	  Sort Key: c
	  ->  Bitmap Heap Scan on sbtest2  (cost=31.64..4221.27 rows=1093 width=121)
	        Recheck Cond: ((id >= 1854299) AND (id <= 1855298))
	        ->  Bitmap Index Scan on sbtest2_pkey  (cost=0.00..31.36 rows=1093 width=0)
	              Index Cond: ((id >= 1854299) AND (id <= 1855298))

table 3 : explain SELECT c FROM sbtest3 WHERE id BETWEEN 6145065 AND 6146064 ORDER BY c
	Sort  (cost=4126.60..4129.23 rows=1052 width=121)
	  Sort Key: c
	  ->  Bitmap Heap Scan on sbtest3  (cost=31.22..4073.79 rows=1052 width=121)
	        Recheck Cond: ((id >= 6145065) AND (id <= 6146064))
	        ->  Bitmap Index Scan on sbtest3_pkey  (cost=0.00..30.95 rows=1052 width=0)
	              Index Cond: ((id >= 6145065) AND (id <= 6146064))

table 4 : explain SELECT c FROM sbtest4 WHERE id BETWEEN 7512215 AND 7513214 ORDER BY c
	Sort  (cost=4381.52..4384.32 rows=1119 width=121)
	  Sort Key: c
	  ->  Bitmap Heap Scan on sbtest4  (cost=31.90..4324.86 rows=1119 width=121)
	        Recheck Cond: ((id >= 7512215) AND (id <= 7513214))
	        ->  Bitmap Index Scan on sbtest4_pkey  (cost=0.00..31.62 rows=1119 width=0)
	              Index Cond: ((id >= 7512215) AND (id <= 7513214))

table 5 : explain SELECT c FROM sbtest5 WHERE id BETWEEN 2778448 AND 2779447 ORDER BY c
	Sort  (cost=4200.67..4203.35 rows=1073 width=121)
	  Sort Key: c
	  ->  Bitmap Heap Scan on sbtest5  (cost=31.43..4146.66 rows=1073 width=121)
	        Recheck Cond: ((id >= 2778448) AND (id <= 2779447))
	        ->  Bitmap Index Scan on sbtest5_pkey  (cost=0.00..31.16 rows=1073 width=0)
	              Index Cond: ((id >= 2778448) AND (id <= 2779447))

table 6 : explain SELECT c FROM sbtest6 WHERE id BETWEEN 4577389 AND 4578388 ORDER BY c
	Sort  (cost=3900.22..3902.70 rows=994 width=121)
	  Sort Key: c
	  ->  Bitmap Heap Scan on sbtest6  (cost=30.62..3850.73 rows=994 width=121)
	        Recheck Cond: ((id >= 4577389) AND (id <= 4578388))
	        ->  Bitmap Index Scan on sbtest6_pkey  (cost=0.00..30.37 rows=994 width=0)
	              Index Cond: ((id >= 4577389) AND (id <= 4578388))

table 7 : explain SELECT c FROM sbtest7 WHERE id BETWEEN 5988308 AND 5989307 ORDER BY c
	Sort  (cost=3835.60..3838.04 rows=976 width=121)
	  Sort Key: c
	  ->  Bitmap Heap Scan on sbtest7  (cost=30.44..3787.14 rows=976 width=121)
	        Recheck Cond: ((id >= 5988308) AND (id <= 5989307))
	        ->  Bitmap Index Scan on sbtest7_pkey  (cost=0.00..30.19 rows=976 width=0)
	              Index Cond: ((id >= 5988308) AND (id <= 5989307))

table 8 : explain SELECT c FROM sbtest8 WHERE id BETWEEN 7867796 AND 7868795 ORDER BY c
	Sort  (cost=3460.79..3462.99 rows=881 width=121)
	  Sort Key: c
	  ->  Bitmap Heap Scan on sbtest8  (cost=25.47..3417.69 rows=881 width=121)
	        Recheck Cond: ((id >= 7867796) AND (id <= 7868795))
	        ->  Bitmap Index Scan on sbtest8_pkey  (cost=0.00..25.25 rows=881 width=0)
	              Index Cond: ((id >= 7867796) AND (id <= 7868795))

for: order_ranges
table 1 : explain SELECT c FROM sbtest1 WHERE id BETWEEN 7273473 AND 7274472 ORDER BY c
	Sort  (cost=3998.90..4001.45 rows=1020 width=121)
	  Sort Key: c
	  ->  Bitmap Heap Scan on sbtest1  (cost=30.89..3947.93 rows=1020 width=121)
	        Recheck Cond: ((id >= 7273473) AND (id <= 7274472))
	        ->  Bitmap Index Scan on sbtest1_pkey  (cost=0.00..30.64 rows=1020 width=0)
	              Index Cond: ((id >= 7273473) AND (id <= 7274472))

table 2 : explain SELECT c FROM sbtest2 WHERE id BETWEEN 7685923 AND 7686922 ORDER BY c
	Sort  (cost=4005.24..4007.80 rows=1022 width=121)
	  Sort Key: c
	  ->  Bitmap Heap Scan on sbtest2  (cost=30.91..3954.16 rows=1022 width=121)
	        Recheck Cond: ((id >= 7685923) AND (id <= 7686922))
	        ->  Bitmap Index Scan on sbtest2_pkey  (cost=0.00..30.65 rows=1022 width=0)
	              Index Cond: ((id >= 7685923) AND (id <= 7686922))

table 3 : explain SELECT c FROM sbtest3 WHERE id BETWEEN 8365655 AND 8366654 ORDER BY c
	Sort  (cost=3773.77..3776.17 rows=960 width=121)
	  Sort Key: c
	  ->  Bitmap Heap Scan on sbtest3  (cost=30.27..3726.22 rows=960 width=121)
	        Recheck Cond: ((id >= 8365655) AND (id <= 8366654))
	        ->  Bitmap Index Scan on sbtest3_pkey  (cost=0.00..30.04 rows=960 width=0)
	              Index Cond: ((id >= 8365655) AND (id <= 8366654))

table 4 : explain SELECT c FROM sbtest4 WHERE id BETWEEN 2483282 AND 2484281 ORDER BY c
	Sort  (cost=3630.38..3632.69 rows=924 width=121)
	  Sort Key: c
	  ->  Bitmap Heap Scan on sbtest4  (cost=25.91..3584.87 rows=924 width=121)
	        Recheck Cond: ((id >= 2483282) AND (id <= 2484281))
	        ->  Bitmap Index Scan on sbtest4_pkey  (cost=0.00..25.68 rows=924 width=0)
	              Index Cond: ((id >= 2483282) AND (id <= 2484281))

table 5 : explain SELECT c FROM sbtest5 WHERE id BETWEEN 5650545 AND 5651544 ORDER BY c
	Sort  (cost=4021.07..4023.63 rows=1026 width=121)
	  Sort Key: c
	  ->  Bitmap Heap Scan on sbtest5  (cost=30.95..3969.75 rows=1026 width=121)
	        Recheck Cond: ((id >= 5650545) AND (id <= 5651544))
	        ->  Bitmap Index Scan on sbtest5_pkey  (cost=0.00..30.69 rows=1026 width=0)
	              Index Cond: ((id >= 5650545) AND (id <= 5651544))

table 6 : explain SELECT c FROM sbtest6 WHERE id BETWEEN 3917718 AND 3918717 ORDER BY c
	Sort  (cost=3915.54..3918.03 rows=998 width=121)
	  Sort Key: c
	  ->  Bitmap Heap Scan on sbtest6  (cost=30.66..3865.82 rows=998 width=121)
	        Recheck Cond: ((id >= 3917718) AND (id <= 3918717))
	        ->  Bitmap Index Scan on sbtest6_pkey  (cost=0.00..30.41 rows=998 width=0)
	              Index Cond: ((id >= 3917718) AND (id <= 3918717))

table 7 : explain SELECT c FROM sbtest7 WHERE id BETWEEN 3781159 AND 3782158 ORDER BY c
	Sort  (cost=3778.00..3780.41 rows=961 width=121)
	  Sort Key: c
	  ->  Bitmap Heap Scan on sbtest7  (cost=30.29..3730.39 rows=961 width=121)
	        Recheck Cond: ((id >= 3781159) AND (id <= 3782158))
	        ->  Bitmap Index Scan on sbtest7_pkey  (cost=0.00..30.04 rows=961 width=0)
	              Index Cond: ((id >= 3781159) AND (id <= 3782158))

table 8 : explain SELECT c FROM sbtest8 WHERE id BETWEEN 5675825 AND 5676824 ORDER BY c
	Sort  (cost=4146.52..4149.17 rows=1059 width=121)
	  Sort Key: c
	  ->  Bitmap Heap Scan on sbtest8  (cost=31.29..4093.32 rows=1059 width=121)
	        Recheck Cond: ((id >= 5675825) AND (id <= 5676824))
	        ->  Bitmap Index Scan on sbtest8_pkey  (cost=0.00..31.02 rows=1059 width=0)
	              Index Cond: ((id >= 5675825) AND (id <= 5676824))

for: order_ranges
table 1 : explain SELECT c FROM sbtest1 WHERE id BETWEEN 7021118 AND 7022117 ORDER BY c
	Sort  (cost=4293.14..4295.89 rows=1097 width=121)
	  Sort Key: c
	  ->  Bitmap Heap Scan on sbtest1  (cost=31.68..4237.75 rows=1097 width=121)
	        Recheck Cond: ((id >= 7021118) AND (id <= 7022117))
	        ->  Bitmap Index Scan on sbtest1_pkey  (cost=0.00..31.40 rows=1097 width=0)
	              Index Cond: ((id >= 7021118) AND (id <= 7022117))

table 2 : explain SELECT c FROM sbtest2 WHERE id BETWEEN 8892551 AND 8893550 ORDER BY c
	Sort  (cost=4062.59..4065.18 rows=1037 width=121)
	  Sort Key: c
	  ->  Bitmap Heap Scan on sbtest2  (cost=31.06..4010.64 rows=1037 width=121)
	        Recheck Cond: ((id >= 8892551) AND (id <= 8893550))
	        ->  Bitmap Index Scan on sbtest2_pkey  (cost=0.00..30.80 rows=1037 width=0)
	              Index Cond: ((id >= 8892551) AND (id <= 8893550))

table 3 : explain SELECT c FROM sbtest3 WHERE id BETWEEN 868806 AND 869805 ORDER BY c
	Sort  (cost=4176.37..4179.04 rows=1065 width=121)
	  Sort Key: c
	  ->  Bitmap Heap Scan on sbtest3  (cost=31.35..4122.82 rows=1065 width=121)
	        Recheck Cond: ((id >= 868806) AND (id <= 869805))
	        ->  Bitmap Index Scan on sbtest3_pkey  (cost=0.00..31.08 rows=1065 width=0)
	              Index Cond: ((id >= 868806) AND (id <= 869805))

table 4 : explain SELECT c FROM sbtest4 WHERE id BETWEEN 4063948 AND 4064947 ORDER BY c
	Sort  (cost=3722.74..3725.10 rows=947 width=121)
	  Sort Key: c
	  ->  Bitmap Heap Scan on sbtest4  (cost=30.14..3675.92 rows=947 width=121)
	        Recheck Cond: ((id >= 4063948) AND (id <= 4064947))
	        ->  Bitmap Index Scan on sbtest4_pkey  (cost=0.00..29.90 rows=947 width=0)
	              Index Cond: ((id >= 4063948) AND (id <= 4064947))

table 5 : explain SELECT c FROM sbtest5 WHERE id BETWEEN 9186016 AND 9187015 ORDER BY c
	Sort  (cost=3745.26..3747.64 rows=955 width=121)
	  Sort Key: c
	  ->  Bitmap Heap Scan on sbtest5  (cost=26.22..3697.99 rows=955 width=121)
	        Recheck Cond: ((id >= 9186016) AND (id <= 9187015))
	        ->  Bitmap Index Scan on sbtest5_pkey  (cost=0.00..25.98 rows=955 width=0)
	              Index Cond: ((id >= 9186016) AND (id <= 9187015))

table 6 : explain SELECT c FROM sbtest6 WHERE id BETWEEN 4739332 AND 4740331 ORDER BY c
	Sort  (cost=3773.75..3776.15 rows=961 width=121)
	  Sort Key: c
	  ->  Bitmap Heap Scan on sbtest6  (cost=30.29..3726.14 rows=961 width=121)
	        Recheck Cond: ((id >= 4739332) AND (id <= 4740331))
	        ->  Bitmap Index Scan on sbtest6_pkey  (cost=0.00..30.04 rows=961 width=0)
	              Index Cond: ((id >= 4739332) AND (id <= 4740331))

table 7 : explain SELECT c FROM sbtest7 WHERE id BETWEEN 6848932 AND 6849931 ORDER BY c
	Sort  (cost=4104.06..4106.67 rows=1046 width=121)
	  Sort Key: c
	  ->  Bitmap Heap Scan on sbtest7  (cost=31.16..4051.60 rows=1046 width=121)
	        Recheck Cond: ((id >= 6848932) AND (id <= 6849931))
	        ->  Bitmap Index Scan on sbtest7_pkey  (cost=0.00..30.89 rows=1046 width=0)
	              Index Cond: ((id >= 6848932) AND (id <= 6849931))

table 8 : explain SELECT c FROM sbtest8 WHERE id BETWEEN 4033325 AND 4034324 ORDER BY c
	Sort  (cost=3955.42..3957.94 rows=1009 width=121)
	  Sort Key: c
	  ->  Bitmap Heap Scan on sbtest8  (cost=30.78..3905.07 rows=1009 width=121)
	        Recheck Cond: ((id >= 4033325) AND (id <= 4034324))
	        ->  Bitmap Index Scan on sbtest8_pkey  (cost=0.00..30.52 rows=1009 width=0)
	              Index Cond: ((id >= 4033325) AND (id <= 4034324))

for: order_ranges
table 1 : explain SELECT c FROM sbtest1 WHERE id BETWEEN 6976820 AND 6977819 ORDER BY c
	Sort  (cost=4109.80..4112.42 rows=1049 width=121)
	  Sort Key: c
	  ->  Bitmap Heap Scan on sbtest1  (cost=31.19..4057.17 rows=1049 width=121)
	        Recheck Cond: ((id >= 6976820) AND (id <= 6977819))
	        ->  Bitmap Index Scan on sbtest1_pkey  (cost=0.00..30.93 rows=1049 width=0)
	              Index Cond: ((id >= 6976820) AND (id <= 6977819))

table 2 : explain SELECT c FROM sbtest2 WHERE id BETWEEN 932229 AND 933228 ORDER BY c
	Sort  (cost=4264.98..4267.71 rows=1090 width=121)
	  Sort Key: c
	  ->  Bitmap Heap Scan on sbtest2  (cost=31.61..4209.99 rows=1090 width=121)
	        Recheck Cond: ((id >= 932229) AND (id <= 933228))
	        ->  Bitmap Index Scan on sbtest2_pkey  (cost=0.00..31.33 rows=1090 width=0)
	              Index Cond: ((id >= 932229) AND (id <= 933228))

table 3 : explain SELECT c FROM sbtest3 WHERE id BETWEEN 6081134 AND 6082133 ORDER BY c
	Sort  (cost=3827.53..3829.96 rows=974 width=121)
	  Sort Key: c
	  ->  Bitmap Heap Scan on sbtest3  (cost=30.42..3779.18 rows=974 width=121)
	        Recheck Cond: ((id >= 6081134) AND (id <= 6082133))
	        ->  Bitmap Index Scan on sbtest3_pkey  (cost=0.00..30.18 rows=974 width=0)
	              Index Cond: ((id >= 6081134) AND (id <= 6082133))

table 4 : explain SELECT c FROM sbtest4 WHERE id BETWEEN 1968263 AND 1969262 ORDER BY c
	Sort  (cost=4373.88..4376.68 rows=1117 width=121)
	  Sort Key: c
	  ->  Bitmap Heap Scan on sbtest4  (cost=31.88..4317.33 rows=1117 width=121)
	        Recheck Cond: ((id >= 1968263) AND (id <= 1969262))
	        ->  Bitmap Index Scan on sbtest4_pkey  (cost=0.00..31.61 rows=1117 width=0)
	              Index Cond: ((id >= 1968263) AND (id <= 1969262))

table 5 : explain SELECT c FROM sbtest5 WHERE id BETWEEN 9290444 AND 9291443 ORDER BY c
	Sort  (cost=3929.26..3931.76 rows=1002 width=121)
	  Sort Key: c
	  ->  Bitmap Heap Scan on sbtest5  (cost=30.71..3879.31 rows=1002 width=121)
	        Recheck Cond: ((id >= 9290444) AND (id <= 9291443))
	        ->  Bitmap Index Scan on sbtest5_pkey  (cost=0.00..30.45 rows=1002 width=0)
	              Index Cond: ((id >= 9290444) AND (id <= 9291443))

table 6 : explain SELECT c FROM sbtest6 WHERE id BETWEEN 4246791 AND 4247790 ORDER BY c
	Sort  (cost=4156.58..4159.23 rows=1061 width=121)
	  Sort Key: c
	  ->  Bitmap Heap Scan on sbtest6  (cost=31.31..4103.26 rows=1061 width=121)
	        Recheck Cond: ((id >= 4246791) AND (id <= 4247790))
	        ->  Bitmap Index Scan on sbtest6_pkey  (cost=0.00..31.04 rows=1061 width=0)
	              Index Cond: ((id >= 4246791) AND (id <= 4247790))

table 7 : explain SELECT c FROM sbtest7 WHERE id BETWEEN 4017089 AND 4018088 ORDER BY c
	Sort  (cost=4341.55..4344.31 rows=1107 width=121)
	  Sort Key: c
	  ->  Bitmap Heap Scan on sbtest7  (cost=35.78..4285.57 rows=1107 width=121)
	        Recheck Cond: ((id >= 4017089) AND (id <= 4018088))
	        ->  Bitmap Index Scan on sbtest7_pkey  (cost=0.00..35.51 rows=1107 width=0)
	              Index Cond: ((id >= 4017089) AND (id <= 4018088))

table 8 : explain SELECT c FROM sbtest8 WHERE id BETWEEN 1802670 AND 1803669 ORDER BY c
	Sort  (cost=3464.63..3466.83 rows=882 width=121)
	  Sort Key: c
	  ->  Bitmap Heap Scan on sbtest8  (cost=25.48..3421.48 rows=882 width=121)
	        Recheck Cond: ((id >= 1802670) AND (id <= 1803669))
	        ->  Bitmap Index Scan on sbtest8_pkey  (cost=0.00..25.25 rows=882 width=0)
	              Index Cond: ((id >= 1802670) AND (id <= 1803669))

for: distinct_ranges
table 1 : explain SELECT DISTINCT c FROM sbtest1 WHERE id BETWEEN 5861828 AND 5862827 ORDER BY c
	Unique  (cost=4155.66..4160.97 rows=1061 width=121)
	  ->  Sort  (cost=4155.66..4158.31 rows=1061 width=121)
	        Sort Key: c
	        ->  Bitmap Heap Scan on sbtest1  (cost=31.31..4102.34 rows=1061 width=121)
	              Recheck Cond: ((id >= 5861828) AND (id <= 5862827))
	              ->  Bitmap Index Scan on sbtest1_pkey  (cost=0.00..31.04 rows=1061 width=0)
	                    Index Cond: ((id >= 5861828) AND (id <= 5862827))

table 2 : explain SELECT DISTINCT c FROM sbtest2 WHERE id BETWEEN 5754612 AND 5755611 ORDER BY c
	Unique  (cost=3787.09..3791.92 rows=965 width=121)
	  ->  Sort  (cost=3787.09..3789.50 rows=965 width=121)
	        Sort Key: c
	        ->  Bitmap Heap Scan on sbtest2  (cost=30.33..3739.26 rows=965 width=121)
	              Recheck Cond: ((id >= 5754612) AND (id <= 5755611))
	              ->  Bitmap Index Scan on sbtest2_pkey  (cost=0.00..30.08 rows=965 width=0)
	                    Index Cond: ((id >= 5754612) AND (id <= 5755611))

table 3 : explain SELECT DISTINCT c FROM sbtest3 WHERE id BETWEEN 5620739 AND 5621738 ORDER BY c
	Unique  (cost=4023.15..4028.28 rows=1025 width=121)
	  ->  Sort  (cost=4023.15..4025.71 rows=1025 width=121)
	        Sort Key: c
	        ->  Bitmap Heap Scan on sbtest3  (cost=30.94..3971.89 rows=1025 width=121)
	              Recheck Cond: ((id >= 5620739) AND (id <= 5621738))
	              ->  Bitmap Index Scan on sbtest3_pkey  (cost=0.00..30.68 rows=1025 width=0)
	                    Index Cond: ((id >= 5620739) AND (id <= 5621738))

table 4 : explain SELECT DISTINCT c FROM sbtest4 WHERE id BETWEEN 5438528 AND 5439527 ORDER BY c
	Unique  (cost=4102.34..4107.57 rows=1046 width=121)
	  ->  Sort  (cost=4102.34..4104.95 rows=1046 width=121)
	        Sort Key: c
	        ->  Bitmap Heap Scan on sbtest4  (cost=31.16..4049.88 rows=1046 width=121)
	              Recheck Cond: ((id >= 5438528) AND (id <= 5439527))
	              ->  Bitmap Index Scan on sbtest4_pkey  (cost=0.00..30.89 rows=1046 width=0)
	                    Index Cond: ((id >= 5438528) AND (id <= 5439527))

table 5 : explain SELECT DISTINCT c FROM sbtest5 WHERE id BETWEEN 2421571 AND 2422570 ORDER BY c
	Unique  (cost=3706.92..3711.65 rows=945 width=121)
	  ->  Sort  (cost=3706.92..3709.29 rows=945 width=121)
	        Sort Key: c
	        ->  Bitmap Heap Scan on sbtest5  (cost=26.12..3660.22 rows=945 width=121)
	              Recheck Cond: ((id >= 2421571) AND (id <= 2422570))
	              ->  Bitmap Index Scan on sbtest5_pkey  (cost=0.00..25.89 rows=945 width=0)
	                    Index Cond: ((id >= 2421571) AND (id <= 2422570))

table 6 : explain SELECT DISTINCT c FROM sbtest6 WHERE id BETWEEN 1032635 AND 1033634 ORDER BY c
	Unique  (cost=4339.92..4345.47 rows=1109 width=121)
	  ->  Sort  (cost=4339.92..4342.69 rows=1109 width=121)
	        Sort Key: c
	        ->  Bitmap Heap Scan on sbtest6  (cost=31.80..4283.83 rows=1109 width=121)
	              Recheck Cond: ((id >= 1032635) AND (id <= 1033634))
	              ->  Bitmap Index Scan on sbtest6_pkey  (cost=0.00..31.52 rows=1109 width=0)
	                    Index Cond: ((id >= 1032635) AND (id <= 1033634))

table 7 : explain SELECT DISTINCT c FROM sbtest7 WHERE id BETWEEN 6066167 AND 6067166 ORDER BY c
	Unique  (cost=3639.65..3644.28 rows=925 width=121)
	  ->  Sort  (cost=3639.65..3641.97 rows=925 width=121)
	        Sort Key: c
	        ->  Bitmap Heap Scan on sbtest7  (cost=29.92..3594.08 rows=925 width=121)
	              Recheck Cond: ((id >= 6066167) AND (id <= 6067166))
	              ->  Bitmap Index Scan on sbtest7_pkey  (cost=0.00..29.68 rows=925 width=0)
	                    Index Cond: ((id >= 6066167) AND (id <= 6067166))

table 8 : explain SELECT DISTINCT c FROM sbtest8 WHERE id BETWEEN 6869716 AND 6870715 ORDER BY c
	Unique  (cost=3725.69..3730.43 rows=949 width=121)
	  ->  Sort  (cost=3725.69..3728.06 rows=949 width=121)
	        Sort Key: c
	        ->  Bitmap Heap Scan on sbtest8  (cost=30.16..3678.76 rows=949 width=121)
	              Recheck Cond: ((id >= 6869716) AND (id <= 6870715))
	              ->  Bitmap Index Scan on sbtest8_pkey  (cost=0.00..29.93 rows=949 width=0)
	                    Index Cond: ((id >= 6869716) AND (id <= 6870715))

for: distinct_ranges
table 1 : explain SELECT DISTINCT c FROM sbtest1 WHERE id BETWEEN 7092942 AND 7093941 ORDER BY c
	Unique  (cost=4247.33..4252.76 rows=1085 width=121)
	  ->  Sort  (cost=4247.33..4250.05 rows=1085 width=121)
	        Sort Key: c
	        ->  Bitmap Heap Scan on sbtest1  (cost=31.56..4192.63 rows=1085 width=121)
	              Recheck Cond: ((id >= 7092942) AND (id <= 7093941))
	              ->  Bitmap Index Scan on sbtest1_pkey  (cost=0.00..31.29 rows=1085 width=0)
	                    Index Cond: ((id >= 7092942) AND (id <= 7093941))

table 2 : explain SELECT DISTINCT c FROM sbtest2 WHERE id BETWEEN 1582661 AND 1583660 ORDER BY c
	Unique  (cost=3779.43..3784.25 rows=963 width=121)
	  ->  Sort  (cost=3779.43..3781.84 rows=963 width=121)
	        Sort Key: c
	        ->  Bitmap Heap Scan on sbtest2  (cost=30.31..3731.71 rows=963 width=121)
	              Recheck Cond: ((id >= 1582661) AND (id <= 1583660))
	              ->  Bitmap Index Scan on sbtest2_pkey  (cost=0.00..30.07 rows=963 width=0)
	                    Index Cond: ((id >= 1582661) AND (id <= 1583660))

table 3 : explain SELECT DISTINCT c FROM sbtest3 WHERE id BETWEEN 8865093 AND 8866092 ORDER BY c
	Unique  (cost=4310.47..4315.96 rows=1099 width=121)
	  ->  Sort  (cost=4310.47..4313.22 rows=1099 width=121)
	        Sort Key: c
	        ->  Bitmap Heap Scan on sbtest3  (cost=35.70..4254.96 rows=1099 width=121)
	              Recheck Cond: ((id >= 8865093) AND (id <= 8866092))
	              ->  Bitmap Index Scan on sbtest3_pkey  (cost=0.00..35.43 rows=1099 width=0)
	                    Index Cond: ((id >= 8865093) AND (id <= 8866092))

table 4 : explain SELECT DISTINCT c FROM sbtest4 WHERE id BETWEEN 966013 AND 967012 ORDER BY c
	Unique  (cost=3803.36..3808.20 rows=968 width=121)
	  ->  Sort  (cost=3803.36..3805.78 rows=968 width=121)
	        Sort Key: c
	        ->  Bitmap Heap Scan on sbtest4  (cost=30.36..3755.35 rows=968 width=121)
	              Recheck Cond: ((id >= 966013) AND (id <= 967012))
	              ->  Bitmap Index Scan on sbtest4_pkey  (cost=0.00..30.11 rows=968 width=0)
	                    Index Cond: ((id >= 966013) AND (id <= 967012))

table 5 : explain SELECT DISTINCT c FROM sbtest5 WHERE id BETWEEN 5843226 AND 5844225 ORDER BY c
	Unique  (cost=3956.04..3961.09 rows=1009 width=121)
	  ->  Sort  (cost=3956.04..3958.56 rows=1009 width=121)
	        Sort Key: c
	        ->  Bitmap Heap Scan on sbtest5  (cost=30.78..3905.70 rows=1009 width=121)
	              Recheck Cond: ((id >= 5843226) AND (id <= 5844225))
	              ->  Bitmap Index Scan on sbtest5_pkey  (cost=0.00..30.52 rows=1009 width=0)
	                    Index Cond: ((id >= 5843226) AND (id <= 5844225))

table 6 : explain SELECT DISTINCT c FROM sbtest6 WHERE id BETWEEN 6292333 AND 6293332 ORDER BY c
	Unique  (cost=4068.63..4073.82 rows=1038 width=121)
	  ->  Sort  (cost=4068.63..4071.23 rows=1038 width=121)
	        Sort Key: c
	        ->  Bitmap Heap Scan on sbtest6  (cost=31.07..4016.63 rows=1038 width=121)
	              Recheck Cond: ((id >= 6292333) AND (id <= 6293332))
	              ->  Bitmap Index Scan on sbtest6_pkey  (cost=0.00..30.82 rows=1038 width=0)
	                    Index Cond: ((id >= 6292333) AND (id <= 6293332))

table 7 : explain SELECT DISTINCT c FROM sbtest7 WHERE id BETWEEN 1455465 AND 1456464 ORDER BY c
	Unique  (cost=3900.85..3905.82 rows=993 width=121)
	  ->  Sort  (cost=3900.85..3903.34 rows=993 width=121)
	        Sort Key: c
	        ->  Bitmap Heap Scan on sbtest7  (cost=30.61..3851.42 rows=993 width=121)
	              Recheck Cond: ((id >= 1455465) AND (id <= 1456464))
	              ->  Bitmap Index Scan on sbtest7_pkey  (cost=0.00..30.36 rows=993 width=0)
	                    Index Cond: ((id >= 1455465) AND (id <= 1456464))

table 8 : explain SELECT DISTINCT c FROM sbtest8 WHERE id BETWEEN 4455524 AND 4456523 ORDER BY c
	Unique  (cost=3798.48..3803.32 rows=968 width=121)
	  ->  Sort  (cost=3798.48..3800.90 rows=968 width=121)
	        Sort Key: c
	        ->  Bitmap Heap Scan on sbtest8  (cost=30.36..3750.48 rows=968 width=121)
	              Recheck Cond: ((id >= 4455524) AND (id <= 4456523))
	              ->  Bitmap Index Scan on sbtest8_pkey  (cost=0.00..30.11 rows=968 width=0)
	                    Index Cond: ((id >= 4455524) AND (id <= 4456523))

for: order_ranges
table 1 : explain SELECT c FROM sbtest1 WHERE id BETWEEN 9185471 AND 9186470 ORDER BY c
	Sort  (cost=4174.76..4177.43 rows=1066 width=121)
	  Sort Key: c
	  ->  Bitmap Heap Scan on sbtest1  (cost=31.36..4121.16 rows=1066 width=121)
	        Recheck Cond: ((id >= 9185471) AND (id <= 9186470))
	        ->  Bitmap Index Scan on sbtest1_pkey  (cost=0.00..31.09 rows=1066 width=0)
	              Index Cond: ((id >= 9185471) AND (id <= 9186470))

table 2 : explain SELECT c FROM sbtest2 WHERE id BETWEEN 8447756 AND 8448755 ORDER BY c
	Sort  (cost=3890.48..3892.96 rows=992 width=121)
	  Sort Key: c
	  ->  Bitmap Heap Scan on sbtest2  (cost=30.60..3841.10 rows=992 width=121)
	        Recheck Cond: ((id >= 8447756) AND (id <= 8448755))
	        ->  Bitmap Index Scan on sbtest2_pkey  (cost=0.00..30.36 rows=992 width=0)
	              Index Cond: ((id >= 8447756) AND (id <= 8448755))

table 3 : explain SELECT c FROM sbtest3 WHERE id BETWEEN 1106627 AND 1107626 ORDER BY c
	Sort  (cost=3973.32..3975.85 rows=1012 width=121)
	  Sort Key: c
	  ->  Bitmap Heap Scan on sbtest3  (cost=30.81..3922.80 rows=1012 width=121)
	        Recheck Cond: ((id >= 1106627) AND (id <= 1107626))
	        ->  Bitmap Index Scan on sbtest3_pkey  (cost=0.00..30.55 rows=1012 width=0)
	              Index Cond: ((id >= 1106627) AND (id <= 1107626))

table 4 : explain SELECT c FROM sbtest4 WHERE id BETWEEN 1744974 AND 1745973 ORDER BY c
	Sort  (cost=4198.02..4200.70 rows=1071 width=121)
	  Sort Key: c
	  ->  Bitmap Heap Scan on sbtest4  (cost=31.41..4144.12 rows=1071 width=121)
	        Recheck Cond: ((id >= 1744974) AND (id <= 1745973))
	        ->  Bitmap Index Scan on sbtest4_pkey  (cost=0.00..31.14 rows=1071 width=0)
	              Index Cond: ((id >= 1744974) AND (id <= 1745973))

table 5 : explain SELECT c FROM sbtest5 WHERE id BETWEEN 3717992 AND 3718991 ORDER BY c
	Sort  (cost=3799.07..3801.49 rows=968 width=121)
	  Sort Key: c
	  ->  Bitmap Heap Scan on sbtest5  (cost=30.36..3751.06 rows=968 width=121)
	        Recheck Cond: ((id >= 3717992) AND (id <= 3718991))
	        ->  Bitmap Index Scan on sbtest5_pkey  (cost=0.00..30.11 rows=968 width=0)
	              Index Cond: ((id >= 3717992) AND (id <= 3718991))

table 6 : explain SELECT c FROM sbtest6 WHERE id BETWEEN 9603962 AND 9604961 ORDER BY c
	Sort  (cost=3950.00..3952.52 rows=1007 width=121)
	  Sort Key: c
	  ->  Bitmap Heap Scan on sbtest6  (cost=30.76..3899.77 rows=1007 width=121)
	        Recheck Cond: ((id >= 9603962) AND (id <= 9604961))
	        ->  Bitmap Index Scan on sbtest6_pkey  (cost=0.00..30.50 rows=1007 width=0)
	              Index Cond: ((id >= 9603962) AND (id <= 9604961))

table 7 : explain SELECT c FROM sbtest7 WHERE id BETWEEN 2174786 AND 2175785 ORDER BY c
	Sort  (cost=3670.41..3672.74 rows=933 width=121)
	  Sort Key: c
	  ->  Bitmap Heap Scan on sbtest7  (cost=30.00..3624.39 rows=933 width=121)
	        Recheck Cond: ((id >= 2174786) AND (id <= 2175785))
	        ->  Bitmap Index Scan on sbtest7_pkey  (cost=0.00..29.76 rows=933 width=0)
	              Index Cond: ((id >= 2174786) AND (id <= 2175785))

table 8 : explain SELECT c FROM sbtest8 WHERE id BETWEEN 4149989 AND 4150988 ORDER BY c
	Sort  (cost=3997.49..4000.04 rows=1020 width=121)
	  Sort Key: c
	  ->  Bitmap Heap Scan on sbtest8  (cost=30.89..3946.51 rows=1020 width=121)
	        Recheck Cond: ((id >= 4149989) AND (id <= 4150988))
	        ->  Bitmap Index Scan on sbtest8_pkey  (cost=0.00..30.64 rows=1020 width=0)
	              Index Cond: ((id >= 4149989) AND (id <= 4150988))

for: distinct_ranges
table 1 : explain SELECT DISTINCT c FROM sbtest1 WHERE id BETWEEN 695101 AND 696100 ORDER BY c
	Unique  (cost=4021.85..4026.98 rows=1026 width=121)
	  ->  Sort  (cost=4021.85..4024.42 rows=1026 width=121)
	        Sort Key: c
	        ->  Bitmap Heap Scan on sbtest1  (cost=30.95..3970.54 rows=1026 width=121)
	              Recheck Cond: ((id >= 695101) AND (id <= 696100))
	              ->  Bitmap Index Scan on sbtest1_pkey  (cost=0.00..30.69 rows=1026 width=0)
	                    Index Cond: ((id >= 695101) AND (id <= 696100))

table 2 : explain SELECT DISTINCT c FROM sbtest2 WHERE id BETWEEN 497802 AND 498801 ORDER BY c
	Unique  (cost=4074.05..4079.25 rows=1040 width=121)
	  ->  Sort  (cost=4074.05..4076.65 rows=1040 width=121)
	        Sort Key: c
	        ->  Bitmap Heap Scan on sbtest2  (cost=31.09..4021.93 rows=1040 width=121)
	              Recheck Cond: ((id >= 497802) AND (id <= 498801))
	              ->  Bitmap Index Scan on sbtest2_pkey  (cost=0.00..30.83 rows=1040 width=0)
	                    Index Cond: ((id >= 497802) AND (id <= 498801))

table 3 : explain SELECT DISTINCT c FROM sbtest3 WHERE id BETWEEN 8934070 AND 8935069 ORDER BY c
	Unique  (cost=4011.65..4016.76 rows=1022 width=121)
	  ->  Sort  (cost=4011.65..4014.21 rows=1022 width=121)
	        Sort Key: c
	        ->  Bitmap Heap Scan on sbtest3  (cost=30.91..3960.57 rows=1022 width=121)
	              Recheck Cond: ((id >= 8934070) AND (id <= 8935069))
	              ->  Bitmap Index Scan on sbtest3_pkey  (cost=0.00..30.65 rows=1022 width=0)
	                    Index Cond: ((id >= 8934070) AND (id <= 8935069))

table 4 : explain SELECT DISTINCT c FROM sbtest4 WHERE id BETWEEN 7565607 AND 7566606 ORDER BY c
	Unique  (cost=4381.52..4387.12 rows=1119 width=121)
	  ->  Sort  (cost=4381.52..4384.32 rows=1119 width=121)
	        Sort Key: c
	        ->  Bitmap Heap Scan on sbtest4  (cost=31.90..4324.86 rows=1119 width=121)
	              Recheck Cond: ((id >= 7565607) AND (id <= 7566606))
	              ->  Bitmap Index Scan on sbtest4_pkey  (cost=0.00..31.62 rows=1119 width=0)
	                    Index Cond: ((id >= 7565607) AND (id <= 7566606))

table 5 : explain SELECT DISTINCT c FROM sbtest5 WHERE id BETWEEN 3760879 AND 3761878 ORDER BY c
	Unique  (cost=3799.07..3803.91 rows=968 width=121)
	  ->  Sort  (cost=3799.07..3801.49 rows=968 width=121)
	        Sort Key: c
	        ->  Bitmap Heap Scan on sbtest5  (cost=30.36..3751.06 rows=968 width=121)
	              Recheck Cond: ((id >= 3760879) AND (id <= 3761878))
	              ->  Bitmap Index Scan on sbtest5_pkey  (cost=0.00..30.11 rows=968 width=0)
	                    Index Cond: ((id >= 3760879) AND (id <= 3761878))

table 6 : explain SELECT DISTINCT c FROM sbtest6 WHERE id BETWEEN 5495815 AND 5496814 ORDER BY c
	Unique  (cost=4103.05..4108.29 rows=1047 width=121)
	  ->  Sort  (cost=4103.05..4105.67 rows=1047 width=121)
	        Sort Key: c
	        ->  Bitmap Heap Scan on sbtest6  (cost=31.17..4050.54 rows=1047 width=121)
	              Recheck Cond: ((id >= 5495815) AND (id <= 5496814))
	              ->  Bitmap Index Scan on sbtest6_pkey  (cost=0.00..30.90 rows=1047 width=0)
	                    Index Cond: ((id >= 5495815) AND (id <= 5496814))

table 7 : explain SELECT DISTINCT c FROM sbtest7 WHERE id BETWEEN 8680933 AND 8681932 ORDER BY c
	Unique  (cost=3558.88..3563.40 rows=904 width=121)
	  ->  Sort  (cost=3558.88..3561.14 rows=904 width=121)
	        Sort Key: c
	        ->  Bitmap Heap Scan on sbtest7  (cost=29.70..3514.49 rows=904 width=121)
	              Recheck Cond: ((id >= 8680933) AND (id <= 8681932))
	              ->  Bitmap Index Scan on sbtest7_pkey  (cost=0.00..29.47 rows=904 width=0)
	                    Index Cond: ((id >= 8680933) AND (id <= 8681932))

table 8 : explain SELECT DISTINCT c FROM sbtest8 WHERE id BETWEEN 6597882 AND 6598881 ORDER BY c
	Unique  (cost=4085.40..4090.62 rows=1043 width=121)
	  ->  Sort  (cost=4085.40..4088.01 rows=1043 width=121)
	        Sort Key: c
	        ->  Bitmap Heap Scan on sbtest8  (cost=31.13..4033.11 rows=1043 width=121)
	              Recheck Cond: ((id >= 6597882) AND (id <= 6598881))
	              ->  Bitmap Index Scan on sbtest8_pkey  (cost=0.00..30.86 rows=1043 width=0)
	                    Index Cond: ((id >= 6597882) AND (id <= 6598881))

for: distinct_ranges
table 1 : explain SELECT DISTINCT c FROM sbtest1 WHERE id BETWEEN 1992832 AND 1993831 ORDER BY c
	Unique  (cost=3956.80..3961.85 rows=1009 width=121)
	  ->  Sort  (cost=3956.80..3959.33 rows=1009 width=121)
	        Sort Key: c
	        ->  Bitmap Heap Scan on sbtest1  (cost=30.78..3906.46 rows=1009 width=121)
	              Recheck Cond: ((id >= 1992832) AND (id <= 1993831))
	              ->  Bitmap Index Scan on sbtest1_pkey  (cost=0.00..30.52 rows=1009 width=0)
	                    Index Cond: ((id >= 1992832) AND (id <= 1993831))

table 2 : explain SELECT DISTINCT c FROM sbtest2 WHERE id BETWEEN 6142154 AND 6143153 ORDER BY c
	Unique  (cost=3997.59..4002.69 rows=1020 width=121)
	  ->  Sort  (cost=3997.59..4000.14 rows=1020 width=121)
	        Sort Key: c
	        ->  Bitmap Heap Scan on sbtest2  (cost=30.89..3946.62 rows=1020 width=121)
	              Recheck Cond: ((id >= 6142154) AND (id <= 6143153))
	              ->  Bitmap Index Scan on sbtest2_pkey  (cost=0.00..30.64 rows=1020 width=0)
	                    Index Cond: ((id >= 6142154) AND (id <= 6143153))

table 3 : explain SELECT DISTINCT c FROM sbtest3 WHERE id BETWEEN 5865839 AND 5866838 ORDER BY c
	Unique  (cost=3769.93..3774.73 rows=959 width=121)
	  ->  Sort  (cost=3769.93..3772.33 rows=959 width=121)
	        Sort Key: c
	        ->  Bitmap Heap Scan on sbtest3  (cost=30.26..3722.44 rows=959 width=121)
	              Recheck Cond: ((id >= 5865839) AND (id <= 5866838))
	              ->  Bitmap Index Scan on sbtest3_pkey  (cost=0.00..30.02 rows=959 width=0)
	                    Index Cond: ((id >= 5865839) AND (id <= 5866838))

table 4 : explain SELECT DISTINCT c FROM sbtest4 WHERE id BETWEEN 3587134 AND 3588133 ORDER BY c
	Unique  (cost=4125.31..4130.57 rows=1052 width=121)
	  ->  Sort  (cost=4125.31..4127.94 rows=1052 width=121)
	        Sort Key: c
	        ->  Bitmap Heap Scan on sbtest4  (cost=31.22..4072.50 rows=1052 width=121)
	              Recheck Cond: ((id >= 3587134) AND (id <= 3588133))
	              ->  Bitmap Index Scan on sbtest4_pkey  (cost=0.00..30.95 rows=1052 width=0)
	                    Index Cond: ((id >= 3587134) AND (id <= 3588133))

table 5 : explain SELECT DISTINCT c FROM sbtest5 WHERE id BETWEEN 6919470 AND 6920469 ORDER BY c
	Unique  (cost=4353.32..4358.88 rows=1113 width=121)
	  ->  Sort  (cost=4353.32..4356.10 rows=1113 width=121)
	        Sort Key: c
	        ->  Bitmap Heap Scan on sbtest5  (cost=31.84..4297.00 rows=1113 width=121)
	              Recheck Cond: ((id >= 6919470) AND (id <= 6920469))
	              ->  Bitmap Index Scan on sbtest5_pkey  (cost=0.00..31.57 rows=1113 width=0)
	                    Index Cond: ((id >= 6919470) AND (id <= 6920469))

table 6 : explain SELECT DISTINCT c FROM sbtest6 WHERE id BETWEEN 4020230 AND 4021229 ORDER BY c
	Unique  (cost=3900.22..3905.19 rows=994 width=121)
	  ->  Sort  (cost=3900.22..3902.70 rows=994 width=121)
	        Sort Key: c
	        ->  Bitmap Heap Scan on sbtest6  (cost=30.62..3850.73 rows=994 width=121)
	              Recheck Cond: ((id >= 4020230) AND (id <= 4021229))
	              ->  Bitmap Index Scan on sbtest6_pkey  (cost=0.00..30.37 rows=994 width=0)
	                    Index Cond: ((id >= 4020230) AND (id <= 4021229))

table 7 : explain SELECT DISTINCT c FROM sbtest7 WHERE id BETWEEN 711286 AND 712285 ORDER BY c
	Unique  (cost=3812.57..3817.42 rows=970 width=121)
	  ->  Sort  (cost=3812.57..3814.99 rows=970 width=121)
	        Sort Key: c
	        ->  Bitmap Heap Scan on sbtest7  (cost=30.38..3764.45 rows=970 width=121)
	              Recheck Cond: ((id >= 711286) AND (id <= 712285))
	              ->  Bitmap Index Scan on sbtest7_pkey  (cost=0.00..30.14 rows=970 width=0)
	                    Index Cond: ((id >= 711286) AND (id <= 712285))

table 8 : explain SELECT DISTINCT c FROM sbtest8 WHERE id BETWEEN 8523603 AND 8524602 ORDER BY c
	Unique  (cost=4199.98..4205.35 rows=1073 width=121)
	  ->  Sort  (cost=4199.98..4202.66 rows=1073 width=121)
	        Sort Key: c
	        ->  Bitmap Heap Scan on sbtest8  (cost=31.43..4145.97 rows=1073 width=121)
	              Recheck Cond: ((id >= 8523603) AND (id <= 8524602))
	              ->  Bitmap Index Scan on sbtest8_pkey  (cost=0.00..31.16 rows=1073 width=0)
	                    Index Cond: ((id >= 8523603) AND (id <= 8524602))

for: distinct_ranges
table 1 : explain SELECT DISTINCT c FROM sbtest1 WHERE id BETWEEN 2486791 AND 2487790 ORDER BY c
	Unique  (cost=4006.55..4011.66 rows=1022 width=121)
	  ->  Sort  (cost=4006.55..4009.10 rows=1022 width=121)
	        Sort Key: c
	        ->  Bitmap Heap Scan on sbtest1  (cost=30.91..3955.46 rows=1022 width=121)
	              Recheck Cond: ((id >= 2486791) AND (id <= 2487790))
	              ->  Bitmap Index Scan on sbtest1_pkey  (cost=0.00..30.65 rows=1022 width=0)
	                    Index Cond: ((id >= 2486791) AND (id <= 2487790))

table 2 : explain SELECT DISTINCT c FROM sbtest2 WHERE id BETWEEN 138000 AND 138999 ORDER BY c
	Unique  (cost=4173.37..4178.70 rows=1066 width=121)
	  ->  Sort  (cost=4173.37..4176.04 rows=1066 width=121)
	        Sort Key: c
	        ->  Bitmap Heap Scan on sbtest2  (cost=31.36..4119.76 rows=1066 width=121)
	              Recheck Cond: ((id >= 138000) AND (id <= 138999))
	              ->  Bitmap Index Scan on sbtest2_pkey  (cost=0.00..31.09 rows=1066 width=0)
	                    Index Cond: ((id >= 138000) AND (id <= 138999))

table 3 : explain SELECT DISTINCT c FROM sbtest3 WHERE id BETWEEN 667213 AND 668212 ORDER BY c
	Unique  (cost=4095.95..4101.17 rows=1044 width=121)
	  ->  Sort  (cost=4095.95..4098.56 rows=1044 width=121)
	        Sort Key: c
	        ->  Bitmap Heap Scan on sbtest3  (cost=31.14..4043.61 rows=1044 width=121)
	              Recheck Cond: ((id >= 667213) AND (id <= 668212))
	              ->  Bitmap Index Scan on sbtest3_pkey  (cost=0.00..30.87 rows=1044 width=0)
	                    Index Cond: ((id >= 667213) AND (id <= 668212))

table 4 : explain SELECT DISTINCT c FROM sbtest4 WHERE id BETWEEN 7820981 AND 7821980 ORDER BY c
	Unique  (cost=3826.38..3831.25 rows=974 width=121)
	  ->  Sort  (cost=3826.38..3828.81 rows=974 width=121)
	        Sort Key: c
	        ->  Bitmap Heap Scan on sbtest4  (cost=30.42..3778.03 rows=974 width=121)
	              Recheck Cond: ((id >= 7820981) AND (id <= 7821980))
	              ->  Bitmap Index Scan on sbtest4_pkey  (cost=0.00..30.18 rows=974 width=0)
	                    Index Cond: ((id >= 7820981) AND (id <= 7821980))

table 5 : explain SELECT DISTINCT c FROM sbtest5 WHERE id BETWEEN 8017091 AND 8018090 ORDER BY c
	Unique  (cost=3703.09..3707.81 rows=944 width=121)
	  ->  Sort  (cost=3703.09..3705.45 rows=944 width=121)
	        Sort Key: c
	        ->  Bitmap Heap Scan on sbtest5  (cost=26.11..3656.44 rows=944 width=121)
	              Recheck Cond: ((id >= 8017091) AND (id <= 8018090))
	              ->  Bitmap Index Scan on sbtest5_pkey  (cost=0.00..25.87 rows=944 width=0)
	                    Index Cond: ((id >= 8017091) AND (id <= 8018090))

table 6 : explain SELECT DISTINCT c FROM sbtest6 WHERE id BETWEEN 9272417 AND 9273416 ORDER BY c
	Unique  (cost=4087.76..4092.97 rows=1043 width=121)
	  ->  Sort  (cost=4087.76..4090.36 rows=1043 width=121)
	        Sort Key: c
	        ->  Bitmap Heap Scan on sbtest6  (cost=31.13..4035.47 rows=1043 width=121)
	              Recheck Cond: ((id >= 9272417) AND (id <= 9273416))
	              ->  Bitmap Index Scan on sbtest6_pkey  (cost=0.00..30.86 rows=1043 width=0)
	                    Index Cond: ((id >= 9272417) AND (id <= 9273416))

table 7 : explain SELECT DISTINCT c FROM sbtest7 WHERE id BETWEEN 6549006 AND 6550005 ORDER BY c
	Unique  (cost=3774.16..3778.96 rows=960 width=121)
	  ->  Sort  (cost=3774.16..3776.56 rows=960 width=121)
	        Sort Key: c
	        ->  Bitmap Heap Scan on sbtest7  (cost=30.27..3726.61 rows=960 width=121)
	              Recheck Cond: ((id >= 6549006) AND (id <= 6550005))
	              ->  Bitmap Index Scan on sbtest7_pkey  (cost=0.00..30.04 rows=960 width=0)
	                    Index Cond: ((id >= 6549006) AND (id <= 6550005))

table 8 : explain SELECT DISTINCT c FROM sbtest8 WHERE id BETWEEN 2434031 AND 2435030 ORDER BY c
	Unique  (cost=3552.94..3557.46 rows=905 width=121)
	  ->  Sort  (cost=3552.94..3555.20 rows=905 width=121)
	        Sort Key: c
	        ->  Bitmap Heap Scan on sbtest8  (cost=25.71..3508.49 rows=905 width=121)
	              Recheck Cond: ((id >= 2434031) AND (id <= 2435030))
	              ->  Bitmap Index Scan on sbtest8_pkey  (cost=0.00..25.48 rows=905 width=0)
	                    Index Cond: ((id >= 2434031) AND (id <= 2435030))

for: distinct_ranges
table 1 : explain SELECT DISTINCT c FROM sbtest1 WHERE id BETWEEN 6556076 AND 6557075 ORDER BY c
	Unique  (cost=4308.41..4313.92 rows=1101 width=121)
	  ->  Sort  (cost=4308.41..4311.16 rows=1101 width=121)
	        Sort Key: c
	        ->  Bitmap Heap Scan on sbtest1  (cost=31.72..4252.79 rows=1101 width=121)
	              Recheck Cond: ((id >= 6556076) AND (id <= 6557075))
	              ->  Bitmap Index Scan on sbtest1_pkey  (cost=0.00..31.44 rows=1101 width=0)
	                    Index Cond: ((id >= 6556076) AND (id <= 6557075))

table 2 : explain SELECT DISTINCT c FROM sbtest2 WHERE id BETWEEN 2421594 AND 2422593 ORDER BY c
	Unique  (cost=4074.05..4079.25 rows=1040 width=121)
	  ->  Sort  (cost=4074.05..4076.65 rows=1040 width=121)
	        Sort Key: c
	        ->  Bitmap Heap Scan on sbtest2  (cost=31.09..4021.93 rows=1040 width=121)
	              Recheck Cond: ((id >= 2421594) AND (id <= 2422593))
	              ->  Bitmap Index Scan on sbtest2_pkey  (cost=0.00..30.83 rows=1040 width=0)
	                    Index Cond: ((id >= 2421594) AND (id <= 2422593))

table 3 : explain SELECT DISTINCT c FROM sbtest3 WHERE id BETWEEN 2500934 AND 2501933 ORDER BY c
	Unique  (cost=3712.31..3717.03 rows=944 width=121)
	  ->  Sort  (cost=3712.31..3714.67 rows=944 width=121)
	        Sort Key: c
	        ->  Bitmap Heap Scan on sbtest3  (cost=30.11..3665.66 rows=944 width=121)
	              Recheck Cond: ((id >= 2500934) AND (id <= 2501933))
	              ->  Bitmap Index Scan on sbtest3_pkey  (cost=0.00..29.87 rows=944 width=0)
	                    Index Cond: ((id >= 2500934) AND (id <= 2501933))

table 4 : explain SELECT DISTINCT c FROM sbtest4 WHERE id BETWEEN 1277451 AND 1278450 ORDER BY c
	Unique  (cost=3887.76..3892.71 rows=990 width=121)
	  ->  Sort  (cost=3887.76..3890.23 rows=990 width=121)
	        Sort Key: c
	        ->  Bitmap Heap Scan on sbtest4  (cost=30.58..3838.50 rows=990 width=121)
	              Recheck Cond: ((id >= 1277451) AND (id <= 1278450))
	              ->  Bitmap Index Scan on sbtest4_pkey  (cost=0.00..30.33 rows=990 width=0)
	                    Index Cond: ((id >= 1277451) AND (id <= 1278450))

table 5 : explain SELECT DISTINCT c FROM sbtest5 WHERE id BETWEEN 8843717 AND 8844716 ORDER BY c
	Unique  (cost=4005.77..4010.88 rows=1022 width=121)
	  ->  Sort  (cost=4005.77..4008.33 rows=1022 width=121)
	        Sort Key: c
	        ->  Bitmap Heap Scan on sbtest5  (cost=30.91..3954.68 rows=1022 width=121)
	              Recheck Cond: ((id >= 8843717) AND (id <= 8844716))
	              ->  Bitmap Index Scan on sbtest5_pkey  (cost=0.00..30.65 rows=1022 width=0)
	                    Index Cond: ((id >= 8843717) AND (id <= 8844716))

table 6 : explain SELECT DISTINCT c FROM sbtest6 WHERE id BETWEEN 3644786 AND 3645785 ORDER BY c
	Unique  (cost=4057.16..4062.33 rows=1035 width=121)
	  ->  Sort  (cost=4057.16..4059.74 rows=1035 width=121)
	        Sort Key: c
	        ->  Bitmap Heap Scan on sbtest6  (cost=31.04..4005.33 rows=1035 width=121)
	              Recheck Cond: ((id >= 3644786) AND (id <= 3645785))
	              ->  Bitmap Index Scan on sbtest6_pkey  (cost=0.00..30.79 rows=1035 width=0)
	                    Index Cond: ((id >= 3644786) AND (id <= 3645785))

table 7 : explain SELECT DISTINCT c FROM sbtest7 WHERE id BETWEEN 9301520 AND 9302519 ORDER BY c
	Unique  (cost=3616.58..3621.18 rows=919 width=121)
	  ->  Sort  (cost=3616.58..3618.88 rows=919 width=121)
	        Sort Key: c
	        ->  Bitmap Heap Scan on sbtest7  (cost=29.85..3571.35 rows=919 width=121)
	              Recheck Cond: ((id >= 9301520) AND (id <= 9302519))
	              ->  Bitmap Index Scan on sbtest7_pkey  (cost=0.00..29.62 rows=919 width=0)
	                    Index Cond: ((id >= 9301520) AND (id <= 9302519))

table 8 : explain SELECT DISTINCT c FROM sbtest8 WHERE id BETWEEN 9410501 AND 9411500 ORDER BY c
	Unique  (cost=3618.33..3622.93 rows=921 width=121)
	  ->  Sort  (cost=3618.33..3620.63 rows=921 width=121)
	        Sort Key: c
	        ->  Bitmap Heap Scan on sbtest8  (cost=29.88..3572.98 rows=921 width=121)
	              Recheck Cond: ((id >= 9410501) AND (id <= 9411500))
	              ->  Bitmap Index Scan on sbtest8_pkey  (cost=0.00..29.64 rows=921 width=0)
	                    Index Cond: ((id >= 9410501) AND (id <= 9411500))

for: distinct_ranges
table 1 : explain SELECT DISTINCT c FROM sbtest1 WHERE id BETWEEN 5956433 AND 5957432 ORDER BY c
	Unique  (cost=3930.01..3935.02 rows=1002 width=121)
	  ->  Sort  (cost=3930.01..3932.52 rows=1002 width=121)
	        Sort Key: c
	        ->  Bitmap Heap Scan on sbtest1  (cost=30.71..3880.07 rows=1002 width=121)
	              Recheck Cond: ((id >= 5956433) AND (id <= 5957432))
	              ->  Bitmap Index Scan on sbtest1_pkey  (cost=0.00..30.45 rows=1002 width=0)
	                    Index Cond: ((id >= 5956433) AND (id <= 5957432))

table 2 : explain SELECT DISTINCT c FROM sbtest2 WHERE id BETWEEN 4918383 AND 4919382 ORDER BY c
	Unique  (cost=4142.82..4148.11 rows=1058 width=121)
	  ->  Sort  (cost=4142.82..4145.47 rows=1058 width=121)
	        Sort Key: c
	        ->  Bitmap Heap Scan on sbtest2  (cost=31.28..4089.67 rows=1058 width=121)
	              Recheck Cond: ((id >= 4918383) AND (id <= 4919382))
	              ->  Bitmap Index Scan on sbtest2_pkey  (cost=0.00..31.01 rows=1058 width=0)
	                    Index Cond: ((id >= 4918383) AND (id <= 4919382))

table 3 : explain SELECT DISTINCT c FROM sbtest3 WHERE id BETWEEN 1819699 AND 1820698 ORDER BY c
	Unique  (cost=4030.82..4035.95 rows=1027 width=121)
	  ->  Sort  (cost=4030.82..4033.38 rows=1027 width=121)
	        Sort Key: c
	        ->  Bitmap Heap Scan on sbtest3  (cost=30.96..3979.45 rows=1027 width=121)
	              Recheck Cond: ((id >= 1819699) AND (id <= 1820698))
	              ->  Bitmap Index Scan on sbtest3_pkey  (cost=0.00..30.70 rows=1027 width=0)
	                    Index Cond: ((id >= 1819699) AND (id <= 1820698))

table 4 : explain SELECT DISTINCT c FROM sbtest4 WHERE id BETWEEN 1515436 AND 1516435 ORDER BY c
	Unique  (cost=3849.40..3854.30 rows=980 width=121)
	  ->  Sort  (cost=3849.40..3851.85 rows=980 width=121)
	        Sort Key: c
	        ->  Bitmap Heap Scan on sbtest4  (cost=30.48..3800.71 rows=980 width=121)
	              Recheck Cond: ((id >= 1515436) AND (id <= 1516435))
	              ->  Bitmap Index Scan on sbtest4_pkey  (cost=0.00..30.23 rows=980 width=0)
	                    Index Cond: ((id >= 1515436) AND (id <= 1516435))

table 5 : explain SELECT DISTINCT c FROM sbtest5 WHERE id BETWEEN 3416699 AND 3417698 ORDER BY c
	Unique  (cost=3829.71..3834.59 rows=976 width=121)
	  ->  Sort  (cost=3829.71..3832.15 rows=976 width=121)
	        Sort Key: c
	        ->  Bitmap Heap Scan on sbtest5  (cost=30.44..3781.25 rows=976 width=121)
	              Recheck Cond: ((id >= 3416699) AND (id <= 3417698))
	              ->  Bitmap Index Scan on sbtest5_pkey  (cost=0.00..30.19 rows=976 width=0)
	                    Index Cond: ((id >= 3416699) AND (id <= 3417698))

table 6 : explain SELECT DISTINCT c FROM sbtest6 WHERE id BETWEEN 257465 AND 258464 ORDER BY c
	Unique  (cost=3980.63..3985.70 rows=1015 width=121)
	  ->  Sort  (cost=3980.63..3983.16 rows=1015 width=121)
	        Sort Key: c
	        ->  Bitmap Heap Scan on sbtest6  (cost=30.84..3929.94 rows=1015 width=121)
	              Recheck Cond: ((id >= 257465) AND (id <= 258464))
	              ->  Bitmap Index Scan on sbtest6_pkey  (cost=0.00..30.58 rows=1015 width=0)
	                    Index Cond: ((id >= 257465) AND (id <= 258464))

table 7 : explain SELECT DISTINCT c FROM sbtest7 WHERE id BETWEEN 6728869 AND 6729868 ORDER BY c
	Unique  (cost=4058.08..4063.25 rows=1034 width=121)
	  ->  Sort  (cost=4058.08..4060.66 rows=1034 width=121)
	        Sort Key: c
	        ->  Bitmap Heap Scan on sbtest7  (cost=31.03..4006.31 rows=1034 width=121)
	              Recheck Cond: ((id >= 6728869) AND (id <= 6729868))
	              ->  Bitmap Index Scan on sbtest7_pkey  (cost=0.00..30.77 rows=1034 width=0)
	                    Index Cond: ((id >= 6728869) AND (id <= 6729868))

table 8 : explain SELECT DISTINCT c FROM sbtest8 WHERE id BETWEEN 7670439 AND 7671438 ORDER BY c
	Unique  (cost=3832.95..3837.83 rows=977 width=121)
	  ->  Sort  (cost=3832.95..3835.39 rows=977 width=121)
	        Sort Key: c
	        ->  Bitmap Heap Scan on sbtest8  (cost=30.45..3784.43 rows=977 width=121)
	              Recheck Cond: ((id >= 7670439) AND (id <= 7671438))
	              ->  Bitmap Index Scan on sbtest8_pkey  (cost=0.00..30.20 rows=977 width=0)
	                    Index Cond: ((id >= 7670439) AND (id <= 7671438))

for: simple_ranges
table 1 : explain SELECT c FROM sbtest1 WHERE id BETWEEN 9600655 AND 9601654
	Bitmap Heap Scan on sbtest1  (cost=25.43..3407.47 rows=878 width=121)
	  Recheck Cond: ((id >= 9600655) AND (id <= 9601654))
	  ->  Bitmap Index Scan on sbtest1_pkey  (cost=0.00..25.21 rows=878 width=0)
	        Index Cond: ((id >= 9600655) AND (id <= 9601654))

table 2 : explain SELECT c FROM sbtest2 WHERE id BETWEEN 5332250 AND 5333249
	Bitmap Heap Scan on sbtest2  (cost=30.93..3961.69 rows=1024 width=121)
	  Recheck Cond: ((id >= 5332250) AND (id <= 5333249))
	  ->  Bitmap Index Scan on sbtest2_pkey  (cost=0.00..30.68 rows=1024 width=0)
	        Index Cond: ((id >= 5332250) AND (id <= 5333249))

table 3 : explain SELECT c FROM sbtest3 WHERE id BETWEEN 4448013 AND 4449012
	Bitmap Heap Scan on sbtest3  (cost=29.96..3608.87 rows=929 width=121)
	  Recheck Cond: ((id >= 4448013) AND (id <= 4449012))
	  ->  Bitmap Index Scan on sbtest3_pkey  (cost=0.00..29.72 rows=929 width=0)
	        Index Cond: ((id >= 4448013) AND (id <= 4449012))

table 4 : explain SELECT c FROM sbtest4 WHERE id BETWEEN 5445559 AND 5446558
	Bitmap Heap Scan on sbtest4  (cost=31.16..4049.88 rows=1046 width=121)
	  Recheck Cond: ((id >= 5445559) AND (id <= 5446558))
	  ->  Bitmap Index Scan on sbtest4_pkey  (cost=0.00..30.89 rows=1046 width=0)
	        Index Cond: ((id >= 5445559) AND (id <= 5446558))

table 5 : explain SELECT c FROM sbtest5 WHERE id BETWEEN 2121850 AND 2122849
	Bitmap Heap Scan on sbtest5  (cost=26.00..3614.88 rows=933 width=121)
	  Recheck Cond: ((id >= 2121850) AND (id <= 2122849))
	  ->  Bitmap Index Scan on sbtest5_pkey  (cost=0.00..25.76 rows=933 width=0)
	        Index Cond: ((id >= 2121850) AND (id <= 2122849))

table 6 : explain SELECT c FROM sbtest6 WHERE id BETWEEN 2683179 AND 2684178
	Bitmap Heap Scan on sbtest6  (cost=30.38..3760.13 rows=970 width=121)
	  Recheck Cond: ((id >= 2683179) AND (id <= 2684178))
	  ->  Bitmap Index Scan on sbtest6_pkey  (cost=0.00..30.14 rows=970 width=0)
	        Index Cond: ((id >= 2683179) AND (id <= 2684178))

table 7 : explain SELECT c FROM sbtest7 WHERE id BETWEEN 2066959 AND 2067958
	Bitmap Heap Scan on sbtest7  (cost=31.24..4081.79 rows=1054 width=121)
	  Recheck Cond: ((id >= 2066959) AND (id <= 2067958))
	  ->  Bitmap Index Scan on sbtest7_pkey  (cost=0.00..30.97 rows=1054 width=0)
	        Index Cond: ((id >= 2066959) AND (id <= 2067958))

table 8 : explain SELECT c FROM sbtest8 WHERE id BETWEEN 6373528 AND 6374527
	Bitmap Heap Scan on sbtest8  (cost=30.57..3829.69 rows=989 width=121)
	  Recheck Cond: ((id >= 6373528) AND (id <= 6374527))
	  ->  Bitmap Index Scan on sbtest8_pkey  (cost=0.00..30.32 rows=989 width=0)
	        Index Cond: ((id >= 6373528) AND (id <= 6374527))

for: sum_ranges
table 1 : explain SELECT SUM(k) FROM sbtest1 WHERE id BETWEEN 1041807 AND 1042806
	Aggregate  (cost=3980.64..3980.65 rows=1 width=8)
	  ->  Bitmap Heap Scan on sbtest1  (cost=30.97..3978.07 rows=1028 width=4)
	        Recheck Cond: ((id >= 1041807) AND (id <= 1042806))
	        ->  Bitmap Index Scan on sbtest1_pkey  (cost=0.00..30.71 rows=1028 width=0)
	              Index Cond: ((id >= 1041807) AND (id <= 1042806))

table 2 : explain SELECT SUM(k) FROM sbtest2 WHERE id BETWEEN 2801853 AND 2802852
	Aggregate  (cost=3900.16..3900.17 rows=1 width=8)
	  ->  Bitmap Heap Scan on sbtest2  (cost=30.76..3897.64 rows=1007 width=4)
	        Recheck Cond: ((id >= 2801853) AND (id <= 2802852))
	        ->  Bitmap Index Scan on sbtest2_pkey  (cost=0.00..30.50 rows=1007 width=0)
	              Index Cond: ((id >= 2801853) AND (id <= 2802852))

table 3 : explain SELECT SUM(k) FROM sbtest3 WHERE id BETWEEN 2752782 AND 2753781
	Aggregate  (cost=3671.81..3671.82 rows=1 width=8)
	  ->  Bitmap Heap Scan on sbtest3  (cost=30.12..3669.45 rows=945 width=4)
	        Recheck Cond: ((id >= 2752782) AND (id <= 2753781))
	        ->  Bitmap Index Scan on sbtest3_pkey  (cost=0.00..29.89 rows=945 width=0)
	              Index Cond: ((id >= 2752782) AND (id <= 2753781))

table 4 : explain SELECT SUM(k) FROM sbtest4 WHERE id BETWEEN 3258361 AND 3259360
	Aggregate  (cost=4135.49..4135.50 rows=1 width=8)
	  ->  Bitmap Heap Scan on sbtest4  (cost=31.38..4132.82 rows=1068 width=4)
	        Recheck Cond: ((id >= 3258361) AND (id <= 3259360))
	        ->  Bitmap Index Scan on sbtest4_pkey  (cost=0.00..31.11 rows=1068 width=0)
	              Index Cond: ((id >= 3258361) AND (id <= 3259360))

table 5 : explain SELECT SUM(k) FROM sbtest5 WHERE id BETWEEN 7178769 AND 7179768
	Aggregate  (cost=4122.99..4123.00 rows=1 width=8)
	  ->  Bitmap Heap Scan on sbtest5  (cost=31.36..4120.33 rows=1066 width=4)
	        Recheck Cond: ((id >= 7178769) AND (id <= 7179768))
	        ->  Bitmap Index Scan on sbtest5_pkey  (cost=0.00..31.09 rows=1066 width=0)
	              Index Cond: ((id >= 7178769) AND (id <= 7179768))

table 6 : explain SELECT SUM(k) FROM sbtest6 WHERE id BETWEEN 3322583 AND 3323582
	Aggregate  (cost=3996.60..3996.61 rows=1 width=8)
	  ->  Bitmap Heap Scan on sbtest6  (cost=31.01..3994.02 rows=1032 width=4)
	        Recheck Cond: ((id >= 3322583) AND (id <= 3323582))
	        ->  Bitmap Index Scan on sbtest6_pkey  (cost=0.00..30.75 rows=1032 width=0)
	              Index Cond: ((id >= 3322583) AND (id <= 3323582))

table 7 : explain SELECT SUM(k) FROM sbtest7 WHERE id BETWEEN 7784257 AND 7785256
	Aggregate  (cost=4129.71..4129.72 rows=1 width=8)
	  ->  Bitmap Heap Scan on sbtest7  (cost=31.36..4127.05 rows=1066 width=4)
	        Recheck Cond: ((id >= 7784257) AND (id <= 7785256))
	        ->  Bitmap Index Scan on sbtest7_pkey  (cost=0.00..31.09 rows=1066 width=0)
	              Index Cond: ((id >= 7784257) AND (id <= 7785256))

table 8 : explain SELECT SUM(k) FROM sbtest8 WHERE id BETWEEN 1542365 AND 1543364
	Aggregate  (cost=3801.97..3801.98 rows=1 width=8)
	  ->  Bitmap Heap Scan on sbtest8  (cost=30.49..3799.52 rows=981 width=4)
	        Recheck Cond: ((id >= 1542365) AND (id <= 1543364))
	        ->  Bitmap Index Scan on sbtest8_pkey  (cost=0.00..30.25 rows=981 width=0)
	              Index Cond: ((id >= 1542365) AND (id <= 1543364))

for: order_ranges
table 1 : explain SELECT c FROM sbtest1 WHERE id BETWEEN 9924181 AND 9925180 ORDER BY c
	Sort  (cost=3964.46..3966.99 rows=1011 width=121)
	  Sort Key: c
	  ->  Bitmap Heap Scan on sbtest1  (cost=30.80..3914.00 rows=1011 width=121)
	        Recheck Cond: ((id >= 9924181) AND (id <= 9925180))
	        ->  Bitmap Index Scan on sbtest1_pkey  (cost=0.00..30.54 rows=1011 width=0)
	              Index Cond: ((id >= 9924181) AND (id <= 9925180))

table 2 : explain SELECT c FROM sbtest2 WHERE id BETWEEN 162854 AND 163853 ORDER BY c
	Sort  (cost=4173.37..4176.04 rows=1066 width=121)
	  Sort Key: c
	  ->  Bitmap Heap Scan on sbtest2  (cost=31.36..4119.76 rows=1066 width=121)
	        Recheck Cond: ((id >= 162854) AND (id <= 163853))
	        ->  Bitmap Index Scan on sbtest2_pkey  (cost=0.00..31.09 rows=1066 width=0)
	              Index Cond: ((id >= 162854) AND (id <= 163853))

table 3 : explain SELECT c FROM sbtest3 WHERE id BETWEEN 514315 AND 515314 ORDER BY c
	Sort  (cost=4084.46..4087.06 rows=1041 width=121)
	  Sort Key: c
	  ->  Bitmap Heap Scan on sbtest3  (cost=31.11..4032.29 rows=1041 width=121)
	        Recheck Cond: ((id >= 514315) AND (id <= 515314))
	        ->  Bitmap Index Scan on sbtest3_pkey  (cost=0.00..30.84 rows=1041 width=0)
	              Index Cond: ((id >= 514315) AND (id <= 515314))

table 4 : explain SELECT c FROM sbtest4 WHERE id BETWEEN 5113013 AND 5114012 ORDER BY c
	Sort  (cost=4067.88..4070.47 rows=1037 width=121)
	  Sort Key: c
	  ->  Bitmap Heap Scan on sbtest4  (cost=31.06..4015.93 rows=1037 width=121)
	        Recheck Cond: ((id >= 5113013) AND (id <= 5114012))
	        ->  Bitmap Index Scan on sbtest4_pkey  (cost=0.00..30.80 rows=1037 width=0)
	              Index Cond: ((id >= 5113013) AND (id <= 5114012))

table 5 : explain SELECT c FROM sbtest5 WHERE id BETWEEN 6522139 AND 6523138 ORDER BY c
	Sort  (cost=4101.35..4103.96 rows=1047 width=121)
	  Sort Key: c
	  ->  Bitmap Heap Scan on sbtest5  (cost=31.17..4048.83 rows=1047 width=121)
	        Recheck Cond: ((id >= 6522139) AND (id <= 6523138))
	        ->  Bitmap Index Scan on sbtest5_pkey  (cost=0.00..30.90 rows=1047 width=0)
	              Index Cond: ((id >= 6522139) AND (id <= 6523138))

table 6 : explain SELECT c FROM sbtest6 WHERE id BETWEEN 8152024 AND 8153023 ORDER BY c
	Sort  (cost=3520.27..3522.51 rows=896 width=121)
	  Sort Key: c
	  ->  Bitmap Heap Scan on sbtest6  (cost=25.62..3476.33 rows=896 width=121)
	        Recheck Cond: ((id >= 8152024) AND (id <= 8153023))
	        ->  Bitmap Index Scan on sbtest6_pkey  (cost=0.00..25.39 rows=896 width=0)
	              Index Cond: ((id >= 8152024) AND (id <= 8153023))

table 7 : explain SELECT c FROM sbtest7 WHERE id BETWEEN 3244506 AND 3245505 ORDER BY c
	Sort  (cost=3969.90..3972.43 rows=1011 width=121)
	  Sort Key: c
	  ->  Bitmap Heap Scan on sbtest7  (cost=30.80..3919.45 rows=1011 width=121)
	        Recheck Cond: ((id >= 3244506) AND (id <= 3245505))
	        ->  Bitmap Index Scan on sbtest7_pkey  (cost=0.00..30.54 rows=1011 width=0)
	              Index Cond: ((id >= 3244506) AND (id <= 3245505))

table 8 : explain SELECT c FROM sbtest8 WHERE id BETWEEN 7871538 AND 7872537 ORDER BY c
	Sort  (cost=3460.79..3462.99 rows=881 width=121)
	  Sort Key: c
	  ->  Bitmap Heap Scan on sbtest8  (cost=25.47..3417.69 rows=881 width=121)
	        Recheck Cond: ((id >= 7871538) AND (id <= 7872537))
	        ->  Bitmap Index Scan on sbtest8_pkey  (cost=0.00..25.25 rows=881 width=0)
	              Index Cond: ((id >= 7871538) AND (id <= 7872537))

for: distinct_ranges
table 1 : explain SELECT DISTINCT c FROM sbtest1 WHERE id BETWEEN 6929170 AND 6930169 ORDER BY c
	Unique  (cost=4109.80..4115.04 rows=1049 width=121)
	  ->  Sort  (cost=4109.80..4112.42 rows=1049 width=121)
	        Sort Key: c
	        ->  Bitmap Heap Scan on sbtest1  (cost=31.19..4057.17 rows=1049 width=121)
	              Recheck Cond: ((id >= 6929170) AND (id <= 6930169))
	              ->  Bitmap Index Scan on sbtest1_pkey  (cost=0.00..30.93 rows=1049 width=0)
	                    Index Cond: ((id >= 6929170) AND (id <= 6930169))

table 2 : explain SELECT DISTINCT c FROM sbtest2 WHERE id BETWEEN 8236902 AND 8237901 ORDER BY c
	Unique  (cost=3974.65..3979.72 rows=1014 width=121)
	  ->  Sort  (cost=3974.65..3977.18 rows=1014 width=121)
	        Sort Key: c
	        ->  Bitmap Heap Scan on sbtest2  (cost=30.83..3924.02 rows=1014 width=121)
	              Recheck Cond: ((id >= 8236902) AND (id <= 8237901))
	              ->  Bitmap Index Scan on sbtest2_pkey  (cost=0.00..30.57 rows=1014 width=0)
	                    Index Cond: ((id >= 8236902) AND (id <= 8237901))

table 3 : explain SELECT DISTINCT c FROM sbtest3 WHERE id BETWEEN 9745552 AND 9746551 ORDER BY c
	Unique  (cost=4264.39..4269.83 rows=1088 width=121)
	  ->  Sort  (cost=4264.39..4267.11 rows=1088 width=121)
	        Sort Key: c
	        ->  Bitmap Heap Scan on sbtest3  (cost=31.59..4209.52 rows=1088 width=121)
	              Recheck Cond: ((id >= 9745552) AND (id <= 9746551))
	              ->  Bitmap Index Scan on sbtest3_pkey  (cost=0.00..31.32 rows=1088 width=0)
	                    Index Cond: ((id >= 9745552) AND (id <= 9746551))

table 4 : explain SELECT DISTINCT c FROM sbtest4 WHERE id BETWEEN 3435312 AND 3436311 ORDER BY c
	Unique  (cost=3906.93..3911.90 rows=995 width=121)
	  ->  Sort  (cost=3906.93..3909.42 rows=995 width=121)
	        Sort Key: c
	        ->  Bitmap Heap Scan on sbtest4  (cost=30.63..3857.39 rows=995 width=121)
	              Recheck Cond: ((id >= 3435312) AND (id <= 3436311))
	              ->  Bitmap Index Scan on sbtest4_pkey  (cost=0.00..30.39 rows=995 width=0)
	                    Index Cond: ((id >= 3435312) AND (id <= 3436311))

table 5 : explain SELECT DISTINCT c FROM sbtest5 WHERE id BETWEEN 1841893 AND 1842892 ORDER BY c
	Unique  (cost=3856.52..3861.44 rows=983 width=121)
	  ->  Sort  (cost=3856.52..3858.98 rows=983 width=121)
	        Sort Key: c
	        ->  Bitmap Heap Scan on sbtest5  (cost=30.51..3807.66 rows=983 width=121)
	              Recheck Cond: ((id >= 1841893) AND (id <= 1842892))
	              ->  Bitmap Index Scan on sbtest5_pkey  (cost=0.00..30.26 rows=983 width=0)
	                    Index Cond: ((id >= 1841893) AND (id <= 1842892))

table 6 : explain SELECT DISTINCT c FROM sbtest6 WHERE id BETWEEN 7352631 AND 7353630 ORDER BY c
	Unique  (cost=3961.49..3966.54 rows=1010 width=121)
	  ->  Sort  (cost=3961.49..3964.01 rows=1010 width=121)
	        Sort Key: c
	        ->  Bitmap Heap Scan on sbtest6  (cost=30.79..3911.09 rows=1010 width=121)
	              Recheck Cond: ((id >= 7352631) AND (id <= 7353630))
	              ->  Bitmap Index Scan on sbtest6_pkey  (cost=0.00..30.54 rows=1010 width=0)
	                    Index Cond: ((id >= 7352631) AND (id <= 7353630))

table 7 : explain SELECT DISTINCT c FROM sbtest7 WHERE id BETWEEN 7915125 AND 7916124 ORDER BY c
	Unique  (cost=3958.40..3963.44 rows=1008 width=121)
	  ->  Sort  (cost=3958.40..3960.92 rows=1008 width=121)
	        Sort Key: c
	        ->  Bitmap Heap Scan on sbtest7  (cost=30.77..3908.11 rows=1008 width=121)
	              Recheck Cond: ((id >= 7915125) AND (id <= 7916124))
	              ->  Bitmap Index Scan on sbtest7_pkey  (cost=0.00..30.51 rows=1008 width=0)
	                    Index Cond: ((id >= 7915125) AND (id <= 7916124))

table 8 : explain SELECT DISTINCT c FROM sbtest8 WHERE id BETWEEN 6254650 AND 6255649 ORDER BY c
	Unique  (cost=4287.75..4293.23 rows=1096 width=121)
	  ->  Sort  (cost=4287.75..4290.49 rows=1096 width=121)
	        Sort Key: c
	        ->  Bitmap Heap Scan on sbtest8  (cost=31.67..4232.42 rows=1096 width=121)
	              Recheck Cond: ((id >= 6254650) AND (id <= 6255649))
	              ->  Bitmap Index Scan on sbtest8_pkey  (cost=0.00..31.39 rows=1096 width=0)
	                    Index Cond: ((id >= 6254650) AND (id <= 6255649))

Threads started!

Warming up for 5 seconds...

SQL statistics:
    queries performed:
        read:                            160194722
        write:                           0
        other:                           29126336
        total:                           189321058
    transactions:                        14563187 (23115.93 per sec.)
    queries:                             189321058 (300506.50 per sec.)
    ignored errors:                      0      (0.00 per sec.)
    reconnects:                          0      (0.00 per sec.)

Throughput:
    events/s (eps):                      23115.9299
    time elapsed:                        630.0066s
    total number of events:              14563187

Latency (ms):
         min:                                    0.49
         avg:                                    1.73
         max:                                   14.50
         95th percentile:                        1.86
         sum:                             25186893.63

Threads fairness:
    events (avg/stddev):           364079.2750/837.37
    execution time (avg/stddev):   629.6723/0.01

