LUA_PATH=/home/mdcallag/git/mytools/bench/sysbench.lua/lua/?.lua /home/mdcallag/git/mytools/bench/sysbench.lua/lua/sysbench --db-driver=pgsql --range-size=10 --table-size=10000000 --tables=8 --threads=40 --events=0 --warmup-time=5 --time=930 --pgsql_conn_id=true /home/mdcallag/git/mytools/bench/sysbench.lua/lua/oltp_read_write.lua run --pgsql-user=root --pgsql-password=pw --pgsql-host=127.0.0.1 --pgsql-db=ib --rand-type=uniform
48 CPUs
sysbench 1.1.0-9072687 (using bundled LuaJIT 2.1.0-beta3)

Running the test with following options:
Number of threads: 40
Warmup time: 5s
Initializing random number generator from current time


Initializing worker threads...

explain: for point_selects :: explain SELECT c FROM sbtest%u WHERE id=%u
explain: for point_selects :: explain SELECT c FROM sbtest%u WHERE id=%u
explain: for point_selects :: explain SELECT c FROM sbtest%u WHERE id=%u
explain: for point_selects :: explain SELECT c FROM sbtest%u WHERE id=%u
explain: for point_selects :: explain SELECT c FROM sbtest%u WHERE id=%u
explain: for point_selects :: explain SELECT c FROM sbtest%u WHERE id=%u
explain: for point_selects :: explain SELECT c FROM sbtest%u WHERE id=%u
explain: for point_selects :: explain SELECT c FROM sbtest%u WHERE id=%u
explain: for point_selects :: explain SELECT c FROM sbtest%u WHERE id=%u
explain: for point_selects :: explain SELECT c FROM sbtest%u WHERE id=%u
explain: for point_selects :: explain SELECT c FROM sbtest%u WHERE id=%u
for point_selects
table 1 : explain SELECT c FROM sbtest1 WHERE id=2649745
	Index Scan using sbtest1_pkey on sbtest1  (cost=0.43..8.45 rows=1 width=121)
	  Index Cond: (id = 2649745)

table 2 : explain SELECT c FROM sbtest2 WHERE id=5552716
	Index Scan using sbtest2_pkey on sbtest2  (cost=0.43..8.45 rows=1 width=121)
	  Index Cond: (id = 5552716)

table 3 : explain SELECT c FROM sbtest3 WHERE id=6471097
	Index Scan using sbtest3_pkey on sbtest3  (cost=0.43..8.45 rows=1 width=121)
	  Index Cond: (id = 6471097)

table 4 : explain SELECT c FROM sbtest4 WHERE id=4966856
	Index Scan using sbtest4_pkey on sbtest4  (cost=0.43..8.45 rows=1 width=121)
	  Index Cond: (id = 4966856)

table 5 : explain SELECT c FROM sbtest5 WHERE id=6703021
	Index Scan using sbtest5_pkey on sbtest5  (cost=0.43..8.45 rows=1 width=121)
	  Index Cond: (id = 6703021)

table 6 : explain SELECT c FROM sbtest6 WHERE id=7348768
	Index Scan using sbtest6_pkey on sbtest6  (cost=0.43..8.45 rows=1 width=121)
	  Index Cond: (id = 7348768)

table 7 : explain SELECT c FROM sbtest7 WHERE id=8701916
	Index Scan using sbtest7_pkey on sbtest7  (cost=0.43..8.45 rows=1 width=121)
	  Index Cond: (id = 8701916)

table 8 : explain SELECT c FROM sbtest8 WHERE id=6098107
	Index Scan using sbtest8_pkey on sbtest8  (cost=0.43..8.45 rows=1 width=121)
	  Index Cond: (id = 6098107)

explain: for point_selects :: explain SELECT c FROM sbtest%u WHERE id=%u
for point_selects
table 1 : explain SELECT c FROM sbtest1 WHERE id=1836724
	Index Scan using sbtest1_pkey on sbtest1  (cost=0.43..8.45 rows=1 width=121)
	  Index Cond: (id = 1836724)

table 2 : explain SELECT c FROM sbtest2 WHERE id=6018852
	Index Scan using sbtest2_pkey on sbtest2  (cost=0.43..8.45 rows=1 width=121)
	  Index Cond: (id = 6018852)

table 3 : explain SELECT c FROM sbtest3 WHERE id=7223911
	Index Scan using sbtest3_pkey on sbtest3  (cost=0.43..8.45 rows=1 width=121)
	  Index Cond: (id = 7223911)

table 4 : explain SELECT c FROM sbtest4 WHERE id=7470763
	Index Scan using sbtest4_pkey on sbtest4  (cost=0.43..8.45 rows=1 width=121)
	  Index Cond: (id = 7470763)

table 5 : explain SELECT c FROM sbtest5 WHERE id=6319294
	Index Scan using sbtest5_pkey on sbtest5  (cost=0.43..8.45 rows=1 width=121)
	  Index Cond: (id = 6319294)

table 6 : explain SELECT c FROM sbtest6 WHERE id=3728709
	Index Scan using sbtest6_pkey on sbtest6  (cost=0.43..8.45 rows=1 width=121)
	  Index Cond: (id = 3728709)

table 7 : explain SELECT c FROM sbtest7 WHERE id=1063330
	Index Scan using sbtest7_pkey on sbtest7  (cost=0.43..8.45 rows=1 width=121)
	  Index Cond: (id = 1063330)

table 8 : explain SELECT c FROM sbtest8 WHERE id=3533756
	Index Scan using sbtest8_pkey on sbtest8  (cost=0.43..8.45 rows=1 width=121)
	  Index Cond: (id = 3533756)

for: simple_ranges
table 1 : explain SELECT c FROM sbtest1 WHERE id BETWEEN 74927 AND 74936
	Index Scan using sbtest1_pkey on sbtest1  (cost=0.43..39.64 rows=10 width=121)
	  Index Cond: ((id >= 74927) AND (id <= 74936))

table 2 : explain SELECT c FROM sbtest2 WHERE id BETWEEN 9559852 AND 9559861
	Index Scan using sbtest2_pkey on sbtest2  (cost=0.43..43.17 rows=11 width=121)
	  Index Cond: ((id >= 9559852) AND (id <= 9559861))

table 3 : explain SELECT c FROM sbtest3 WHERE id BETWEEN 2316925 AND 2316934
	Index Scan using sbtest3_pkey on sbtest3  (cost=0.43..39.70 rows=10 width=121)
	  Index Cond: ((id >= 2316925) AND (id <= 2316934))

table 4 : explain SELECT c FROM sbtest4 WHERE id BETWEEN 4265606 AND 4265615
	Index Scan using sbtest4_pkey on sbtest4  (cost=0.43..39.31 rows=10 width=121)
	  Index Cond: ((id >= 4265606) AND (id <= 4265615))

table 5 : explain SELECT c FROM sbtest5 WHERE id BETWEEN 7981056 AND 7981065
	Index Scan using sbtest5_pkey on sbtest5  (cost=0.43..42.42 rows=11 width=121)
	  Index Cond: ((id >= 7981056) AND (id <= 7981065))

table 6 : explain SELECT c FROM sbtest6 WHERE id BETWEEN 7517127 AND 7517136
	Index Scan using sbtest6_pkey on sbtest6  (cost=0.43..39.26 rows=10 width=121)
	  Index Cond: ((id >= 7517127) AND (id <= 7517136))

table 7 : explain SELECT c FROM sbtest7 WHERE id BETWEEN 603265 AND 603274
	Index Scan using sbtest7_pkey on sbtest7  (cost=0.43..39.33 rows=10 width=121)
	  Index Cond: ((id >= 603265) AND (id <= 603274))

table 8 : explain SELECT c FROM sbtest8 WHERE id BETWEEN 6887745 AND 6887754
	Index Scan using sbtest8_pkey on sbtest8  (cost=0.43..39.47 rows=10 width=121)
	  Index Cond: ((id >= 6887745) AND (id <= 6887754))

for: simple_ranges
table 1 : explain SELECT c FROM sbtest1 WHERE id BETWEEN 7661752 AND 7661761
	Index Scan using sbtest1_pkey on sbtest1  (cost=0.43..36.18 rows=9 width=121)
	  Index Cond: ((id >= 7661752) AND (id <= 7661761))

table 2 : explain SELECT c FROM sbtest2 WHERE id BETWEEN 6711322 AND 6711331
	Index Scan using sbtest2_pkey on sbtest2  (cost=0.43..39.70 rows=10 width=121)
	  Index Cond: ((id >= 6711322) AND (id <= 6711331))

table 3 : explain SELECT c FROM sbtest3 WHERE id BETWEEN 965891 AND 965900
	Index Scan using sbtest3_pkey on sbtest3  (cost=0.43..39.70 rows=10 width=121)
	  Index Cond: ((id >= 965891) AND (id <= 965900))

table 4 : explain SELECT c FROM sbtest4 WHERE id BETWEEN 3722723 AND 3722732
	Index Scan using sbtest4_pkey on sbtest4  (cost=0.43..39.31 rows=10 width=121)
	  Index Cond: ((id >= 3722723) AND (id <= 3722732))

table 5 : explain SELECT c FROM sbtest5 WHERE id BETWEEN 7086050 AND 7086059
	Index Scan using sbtest5_pkey on sbtest5  (cost=0.43..42.42 rows=11 width=121)
	  Index Cond: ((id >= 7086050) AND (id <= 7086059))

table 6 : explain SELECT c FROM sbtest6 WHERE id BETWEEN 8955470 AND 8955479
	Index Scan using sbtest6_pkey on sbtest6  (cost=0.43..39.26 rows=10 width=121)
	  Index Cond: ((id >= 8955470) AND (id <= 8955479))

table 7 : explain SELECT c FROM sbtest7 WHERE id BETWEEN 933314 AND 933323
	Index Scan using sbtest7_pkey on sbtest7  (cost=0.43..39.33 rows=10 width=121)
	  Index Cond: ((id >= 933314) AND (id <= 933323))

table 8 : explain SELECT c FROM sbtest8 WHERE id BETWEEN 6906742 AND 6906751
	Index Scan using sbtest8_pkey on sbtest8  (cost=0.43..39.47 rows=10 width=121)
	  Index Cond: ((id >= 6906742) AND (id <= 6906751))

explain: for point_selects :: explain SELECT c FROM sbtest%u WHERE id=%u
explain: for point_selects :: explain SELECT c FROM sbtest%u WHERE id=%u
for point_selects
table 1 : explain SELECT c FROM sbtest1 WHERE id=2960539
	Index Scan using sbtest1_pkey on sbtest1  (cost=0.43..8.45 rows=1 width=121)
	  Index Cond: (id = 2960539)

table 2 : explain SELECT c FROM sbtest2 WHERE id=7612292
	Index Scan using sbtest2_pkey on sbtest2  (cost=0.43..8.45 rows=1 width=121)
	  Index Cond: (id = 7612292)

table 3 : explain SELECT c FROM sbtest3 WHERE id=8871660
	Index Scan using sbtest3_pkey on sbtest3  (cost=0.43..8.45 rows=1 width=121)
	  Index Cond: (id = 8871660)

table 4 : explain SELECT c FROM sbtest4 WHERE id=1737707
	Index Scan using sbtest4_pkey on sbtest4  (cost=0.43..8.45 rows=1 width=121)
	  Index Cond: (id = 1737707)

table 5 : explain SELECT c FROM sbtest5 WHERE id=19192
	Index Scan using sbtest5_pkey on sbtest5  (cost=0.43..8.45 rows=1 width=121)
	  Index Cond: (id = 19192)

table 6 : explain SELECT c FROM sbtest6 WHERE id=9658147
	Index Scan using sbtest6_pkey on sbtest6  (cost=0.43..8.45 rows=1 width=121)
	  Index Cond: (id = 9658147)

table 7 : explain SELECT c FROM sbtest7 WHERE id=3815104
	Index Scan using sbtest7_pkey on sbtest7  (cost=0.43..8.45 rows=1 width=121)
	  Index Cond: (id = 3815104)

table 8 : explain SELECT c FROM sbtest8 WHERE id=8785146
	Index Scan using sbtest8_pkey on sbtest8  (cost=0.43..8.45 rows=1 width=121)
	  Index Cond: (id = 8785146)

explain: for point_selects :: explain SELECT c FROM sbtest%u WHERE id=%u
for point_selects
table 1 : explain SELECT c FROM sbtest1 WHERE id=3959814
	Index Scan using sbtest1_pkey on sbtest1  (cost=0.43..8.45 rows=1 width=121)
	  Index Cond: (id = 3959814)

table 2 : explain SELECT c FROM sbtest2 WHERE id=9107574
	Index Scan using sbtest2_pkey on sbtest2  (cost=0.43..8.45 rows=1 width=121)
	  Index Cond: (id = 9107574)

table 3 : explain SELECT c FROM sbtest3 WHERE id=4166371
	Index Scan using sbtest3_pkey on sbtest3  (cost=0.43..8.45 rows=1 width=121)
	  Index Cond: (id = 4166371)

table 4 : explain SELECT c FROM sbtest4 WHERE id=870419
	Index Scan using sbtest4_pkey on sbtest4  (cost=0.43..8.45 rows=1 width=121)
	  Index Cond: (id = 870419)

table 5 : explain SELECT c FROM sbtest5 WHERE id=8676299
	Index Scan using sbtest5_pkey on sbtest5  (cost=0.43..8.45 rows=1 width=121)
	  Index Cond: (id = 8676299)

table 6 : explain SELECT c FROM sbtest6 WHERE id=1260503
	Index Scan using sbtest6_pkey on sbtest6  (cost=0.43..8.45 rows=1 width=121)
	  Index Cond: (id = 1260503)

table 7 : explain SELECT c FROM sbtest7 WHERE id=8609091
	Index Scan using sbtest7_pkey on sbtest7  (cost=0.43..8.45 rows=1 width=121)
	  Index Cond: (id = 8609091)

table 8 : explain SELECT c FROM sbtest8 WHERE id=5779318
	Index Scan using sbtest8_pkey on sbtest8  (cost=0.43..8.45 rows=1 width=121)
	  Index Cond: (id = 5779318)

for point_selects
table 1 : explain SELECT c FROM sbtest1 WHERE id=8159534
	Index Scan using sbtest1_pkey on sbtest1  (cost=0.43..8.45 rows=1 width=121)
	  Index Cond: (id = 8159534)

table 2 : explain SELECT c FROM sbtest2 WHERE id=129323
	Index Scan using sbtest2_pkey on sbtest2  (cost=0.43..8.45 rows=1 width=121)
	  Index Cond: (id = 129323)

table 3 : explain SELECT c FROM sbtest3 WHERE id=2748923
	Index Scan using sbtest3_pkey on sbtest3  (cost=0.43..8.45 rows=1 width=121)
	  Index Cond: (id = 2748923)

table 4 : explain SELECT c FROM sbtest4 WHERE id=4794004
	Index Scan using sbtest4_pkey on sbtest4  (cost=0.43..8.45 rows=1 width=121)
	  Index Cond: (id = 4794004)

table 5 : explain SELECT c FROM sbtest5 WHERE id=2638611
	Index Scan using sbtest5_pkey on sbtest5  (cost=0.43..8.45 rows=1 width=121)
	  Index Cond: (id = 2638611)

table 6 : explain SELECT c FROM sbtest6 WHERE id=7031271
	Index Scan using sbtest6_pkey on sbtest6  (cost=0.43..8.45 rows=1 width=121)
	  Index Cond: (id = 7031271)

table 7 : explain SELECT c FROM sbtest7 WHERE id=9252108
	Index Scan using sbtest7_pkey on sbtest7  (cost=0.43..8.45 rows=1 width=121)
	  Index Cond: (id = 9252108)

table 8 : explain SELECT c FROM sbtest8 WHERE id=8094474
	Index Scan using sbtest8_pkey on sbtest8  (cost=0.43..8.45 rows=1 width=121)
	  Index Cond: (id = 8094474)

for point_selects
table 1 : explain SELECT c FROM sbtest1 WHERE id=6134295
	Index Scan using sbtest1_pkey on sbtest1  (cost=0.43..8.45 rows=1 width=121)
	  Index Cond: (id = 6134295)

table 2 : explain SELECT c FROM sbtest2 WHERE id=3452286
	Index Scan using sbtest2_pkey on sbtest2  (cost=0.43..8.45 rows=1 width=121)
	  Index Cond: (id = 3452286)

table 3 : explain SELECT c FROM sbtest3 WHERE id=8161015
	Index Scan using sbtest3_pkey on sbtest3  (cost=0.43..8.45 rows=1 width=121)
	  Index Cond: (id = 8161015)

table 4 : explain SELECT c FROM sbtest4 WHERE id=7014003
	Index Scan using sbtest4_pkey on sbtest4  (cost=0.43..8.45 rows=1 width=121)
	  Index Cond: (id = 7014003)

table 5 : explain SELECT c FROM sbtest5 WHERE id=2019960
	Index Scan using sbtest5_pkey on sbtest5  (cost=0.43..8.45 rows=1 width=121)
	  Index Cond: (id = 2019960)

table 6 : explain SELECT c FROM sbtest6 WHERE id=2200895
	Index Scan using sbtest6_pkey on sbtest6  (cost=0.43..8.45 rows=1 width=121)
	  Index Cond: (id = 2200895)

table 7 : explain SELECT c FROM sbtest7 WHERE id=5674722
	Index Scan using sbtest7_pkey on sbtest7  (cost=0.43..8.45 rows=1 width=121)
	  Index Cond: (id = 5674722)

table 8 : explain SELECT c FROM sbtest8 WHERE id=6475431
	Index Scan using sbtest8_pkey on sbtest8  (cost=0.43..8.45 rows=1 width=121)
	  Index Cond: (id = 6475431)

for: simple_ranges
table 1 : explain SELECT c FROM sbtest1 WHERE id BETWEEN 6634515 AND 6634524
	Index Scan using sbtest1_pkey on sbtest1  (cost=0.43..39.64 rows=10 width=121)
	  Index Cond: ((id >= 6634515) AND (id <= 6634524))

table 2 : explain SELECT c FROM sbtest2 WHERE id BETWEEN 2164062 AND 2164071
	Index Scan using sbtest2_pkey on sbtest2  (cost=0.43..39.70 rows=10 width=121)
	  Index Cond: ((id >= 2164062) AND (id <= 2164071))

table 3 : explain SELECT c FROM sbtest3 WHERE id BETWEEN 2709462 AND 2709471
	Index Scan using sbtest3_pkey on sbtest3  (cost=0.43..39.70 rows=10 width=121)
	  Index Cond: ((id >= 2709462) AND (id <= 2709471))

table 4 : explain SELECT c FROM sbtest4 WHERE id BETWEEN 9200948 AND 9200957
	Index Scan using sbtest4_pkey on sbtest4  (cost=0.43..35.88 rows=9 width=121)
	  Index Cond: ((id >= 9200948) AND (id <= 9200957))

table 5 : explain SELECT c FROM sbtest5 WHERE id BETWEEN 5706012 AND 5706021
	Index Scan using sbtest5_pkey on sbtest5  (cost=0.43..39.02 rows=10 width=121)
	  Index Cond: ((id >= 5706012) AND (id <= 5706021))

table 6 : explain SELECT c FROM sbtest6 WHERE id BETWEEN 3093398 AND 3093407
	Index Scan using sbtest6_pkey on sbtest6  (cost=0.43..39.26 rows=10 width=121)
	  Index Cond: ((id >= 3093398) AND (id <= 3093407))

table 7 : explain SELECT c FROM sbtest7 WHERE id BETWEEN 8486453 AND 8486462
	Index Scan using sbtest7_pkey on sbtest7  (cost=0.43..35.90 rows=9 width=121)
	  Index Cond: ((id >= 8486453) AND (id <= 8486462))

table 8 : explain SELECT c FROM sbtest8 WHERE id BETWEEN 7131725 AND 7131734
	Index Scan using sbtest8_pkey on sbtest8  (cost=0.43..36.02 rows=9 width=121)
	  Index Cond: ((id >= 7131725) AND (id <= 7131734))

for point_selects
table 1 : explain SELECT c FROM sbtest1 WHERE id=9854909
	Index Scan using sbtest1_pkey on sbtest1  (cost=0.43..8.45 rows=1 width=121)
	  Index Cond: (id = 9854909)

table 2 : explain SELECT c FROM sbtest2 WHERE id=1008334
	Index Scan using sbtest2_pkey on sbtest2  (cost=0.43..8.45 rows=1 width=121)
	  Index Cond: (id = 1008334)

table 3 : explain SELECT c FROM sbtest3 WHERE id=3392516
	Index Scan using sbtest3_pkey on sbtest3  (cost=0.43..8.45 rows=1 width=121)
	  Index Cond: (id = 3392516)

table 4 : explain SELECT c FROM sbtest4 WHERE id=4384892
	Index Scan using sbtest4_pkey on sbtest4  (cost=0.43..8.45 rows=1 width=121)
	  Index Cond: (id = 4384892)

table 5 : explain SELECT c FROM sbtest5 WHERE id=7381190
	Index Scan using sbtest5_pkey on sbtest5  (cost=0.43..8.45 rows=1 width=121)
	  Index Cond: (id = 7381190)

table 6 : explain SELECT c FROM sbtest6 WHERE id=5473209
	Index Scan using sbtest6_pkey on sbtest6  (cost=0.43..8.45 rows=1 width=121)
	  Index Cond: (id = 5473209)

table 7 : explain SELECT c FROM sbtest7 WHERE id=1227569
	Index Scan using sbtest7_pkey on sbtest7  (cost=0.43..8.45 rows=1 width=121)
	  Index Cond: (id = 1227569)

table 8 : explain SELECT c FROM sbtest8 WHERE id=9687042
	Index Scan using sbtest8_pkey on sbtest8  (cost=0.43..8.45 rows=1 width=121)
	  Index Cond: (id = 9687042)

explain: for point_selects :: explain SELECT c FROM sbtest%u WHERE id=%u
explain: for point_selects :: explain SELECT c FROM sbtest%u WHERE id=%u
for: simple_ranges
table 1 : explain SELECT c FROM sbtest1 WHERE id BETWEEN 3662639 AND 3662648
	Index Scan using sbtest1_pkey on sbtest1  (cost=0.43..39.64 rows=10 width=121)
	  Index Cond: ((id >= 3662639) AND (id <= 3662648))

table 2 : explain SELECT c FROM sbtest2 WHERE id BETWEEN 6839916 AND 6839925
	Index Scan using sbtest2_pkey on sbtest2  (cost=0.43..43.17 rows=11 width=121)
	  Index Cond: ((id >= 6839916) AND (id <= 6839925))

table 3 : explain SELECT c FROM sbtest3 WHERE id BETWEEN 4463493 AND 4463502
	Index Scan using sbtest3_pkey on sbtest3  (cost=0.43..36.23 rows=9 width=121)
	  Index Cond: ((id >= 4463493) AND (id <= 4463502))

table 4 : explain SELECT c FROM sbtest4 WHERE id BETWEEN 953268 AND 953277
	Index Scan using sbtest4_pkey on sbtest4  (cost=0.43..35.88 rows=9 width=121)
	  Index Cond: ((id >= 953268) AND (id <= 953277))

table 5 : explain SELECT c FROM sbtest5 WHERE id BETWEEN 4408910 AND 4408919
	Index Scan using sbtest5_pkey on sbtest5  (cost=0.43..35.63 rows=9 width=121)
	  Index Cond: ((id >= 4408910) AND (id <= 4408919))

table 6 : explain SELECT c FROM sbtest6 WHERE id BETWEEN 1973936 AND 1973945
	Index Scan using sbtest6_pkey on sbtest6  (cost=0.43..39.26 rows=10 width=121)
	  Index Cond: ((id >= 1973936) AND (id <= 1973945))

table 7 : explain SELECT c FROM sbtest7 WHERE id BETWEEN 2097183 AND 2097192
	Index Scan using sbtest7_pkey on sbtest7  (cost=0.43..35.90 rows=9 width=121)
	  Index Cond: ((id >= 2097183) AND (id <= 2097192))

table 8 : explain SELECT c FROM sbtest8 WHERE id BETWEEN 3810757 AND 3810766
	Index Scan using sbtest8_pkey on sbtest8  (cost=0.43..36.02 rows=9 width=121)
	  Index Cond: ((id >= 3810757) AND (id <= 3810766))

explain: for point_selects :: explain SELECT c FROM sbtest%u WHERE id=%u
for point_selects
table 1 : explain SELECT c FROM sbtest1 WHERE id=4223376
	Index Scan using sbtest1_pkey on sbtest1  (cost=0.43..8.45 rows=1 width=121)
	  Index Cond: (id = 4223376)

table 2 : explain SELECT c FROM sbtest2 WHERE id=7087593
	Index Scan using sbtest2_pkey on sbtest2  (cost=0.43..8.45 rows=1 width=121)
	  Index Cond: (id = 7087593)

table 3 : explain SELECT c FROM sbtest3 WHERE id=5238687
	Index Scan using sbtest3_pkey on sbtest3  (cost=0.43..8.45 rows=1 width=121)
	  Index Cond: (id = 5238687)

table 4 : explain SELECT c FROM sbtest4 WHERE id=5006161
	Index Scan using sbtest4_pkey on sbtest4  (cost=0.43..8.45 rows=1 width=121)
	  Index Cond: (id = 5006161)

table 5 : explain SELECT c FROM sbtest5 WHERE id=441596
	Index Scan using sbtest5_pkey on sbtest5  (cost=0.43..8.45 rows=1 width=121)
	  Index Cond: (id = 441596)

table 6 : explain SELECT c FROM sbtest6 WHERE id=6100299
	Index Scan using sbtest6_pkey on sbtest6  (cost=0.43..8.45 rows=1 width=121)
	  Index Cond: (id = 6100299)

table 7 : explain SELECT c FROM sbtest7 WHERE id=122428
	Index Scan using sbtest7_pkey on sbtest7  (cost=0.43..8.45 rows=1 width=121)
	  Index Cond: (id = 122428)

table 8 : explain SELECT c FROM sbtest8 WHERE id=1388069
	Index Scan using sbtest8_pkey on sbtest8  (cost=0.43..8.45 rows=1 width=121)
	  Index Cond: (id = 1388069)

for: sum_ranges
table 1 : explain SELECT SUM(k) FROM sbtest1 WHERE id BETWEEN 9165546 AND 9165555
	Aggregate  (cost=39.67..39.68 rows=1 width=8)
	  ->  Index Scan using sbtest1_pkey on sbtest1  (cost=0.43..39.64 rows=10 width=4)
	        Index Cond: ((id >= 9165546) AND (id <= 9165555))

table 2 : explain SELECT SUM(k) FROM sbtest2 WHERE id BETWEEN 2596537 AND 2596546
	Aggregate  (cost=39.72..39.73 rows=1 width=8)
	  ->  Index Scan using sbtest2_pkey on sbtest2  (cost=0.43..39.70 rows=10 width=4)
	        Index Cond: ((id >= 2596537) AND (id <= 2596546))

table 3 : explain SELECT SUM(k) FROM sbtest3 WHERE id BETWEEN 4048211 AND 4048220
	Aggregate  (cost=39.72..39.73 rows=1 width=8)
	  ->  Index Scan using sbtest3_pkey on sbtest3  (cost=0.43..39.70 rows=10 width=4)
	        Index Cond: ((id >= 4048211) AND (id <= 4048220))

table 4 : explain SELECT SUM(k) FROM sbtest4 WHERE id BETWEEN 5026579 AND 5026588
	Aggregate  (cost=39.34..39.35 rows=1 width=8)
	  ->  Index Scan using sbtest4_pkey on sbtest4  (cost=0.43..39.31 rows=10 width=4)
	        Index Cond: ((id >= 5026579) AND (id <= 5026588))

table 5 : explain SELECT SUM(k) FROM sbtest5 WHERE id BETWEEN 7183720 AND 7183729
	Aggregate  (cost=39.05..39.06 rows=1 width=8)
	  ->  Index Scan using sbtest5_pkey on sbtest5  (cost=0.43..39.02 rows=10 width=4)
	        Index Cond: ((id >= 7183720) AND (id <= 7183729))

table 6 : explain SELECT SUM(k) FROM sbtest6 WHERE id BETWEEN 614365 AND 614374
	Aggregate  (cost=39.29..39.30 rows=1 width=8)
	  ->  Index Scan using sbtest6_pkey on sbtest6  (cost=0.43..39.26 rows=10 width=4)
	        Index Cond: ((id >= 614365) AND (id <= 614374))

table 7 : explain SELECT SUM(k) FROM sbtest7 WHERE id BETWEEN 7702341 AND 7702350
	Aggregate  (cost=39.35..39.36 rows=1 width=8)
	  ->  Index Scan using sbtest7_pkey on sbtest7  (cost=0.43..39.33 rows=10 width=4)
	        Index Cond: ((id >= 7702341) AND (id <= 7702350))

table 8 : explain SELECT SUM(k) FROM sbtest8 WHERE id BETWEEN 9147260 AND 9147269
	Aggregate  (cost=39.49..39.50 rows=1 width=8)
	  ->  Index Scan using sbtest8_pkey on sbtest8  (cost=0.43..39.47 rows=10 width=4)
	        Index Cond: ((id >= 9147260) AND (id <= 9147269))

for: simple_ranges
table 1 : explain SELECT c FROM sbtest1 WHERE id BETWEEN 535210 AND 535219
	Index Scan using sbtest1_pkey on sbtest1  (cost=0.43..36.18 rows=9 width=121)
	  Index Cond: ((id >= 535210) AND (id <= 535219))

table 2 : explain SELECT c FROM sbtest2 WHERE id BETWEEN 7225687 AND 7225696
	Index Scan using sbtest2_pkey on sbtest2  (cost=0.43..43.17 rows=11 width=121)
	  Index Cond: ((id >= 7225687) AND (id <= 7225696))

table 3 : explain SELECT c FROM sbtest3 WHERE id BETWEEN 2758187 AND 2758196
	Index Scan using sbtest3_pkey on sbtest3  (cost=0.43..39.70 rows=10 width=121)
	  Index Cond: ((id >= 2758187) AND (id <= 2758196))

table 4 : explain SELECT c FROM sbtest4 WHERE id BETWEEN 4423265 AND 4423274
	Index Scan using sbtest4_pkey on sbtest4  (cost=0.43..39.31 rows=10 width=121)
	  Index Cond: ((id >= 4423265) AND (id <= 4423274))

table 5 : explain SELECT c FROM sbtest5 WHERE id BETWEEN 3566778 AND 3566787
	Index Scan using sbtest5_pkey on sbtest5  (cost=0.43..39.02 rows=10 width=121)
	  Index Cond: ((id >= 3566778) AND (id <= 3566787))

table 6 : explain SELECT c FROM sbtest6 WHERE id BETWEEN 93608 AND 93617
	Index Scan using sbtest6_pkey on sbtest6  (cost=0.43..39.26 rows=10 width=121)
	  Index Cond: ((id >= 93608) AND (id <= 93617))

table 7 : explain SELECT c FROM sbtest7 WHERE id BETWEEN 1714914 AND 1714923
	Index Scan using sbtest7_pkey on sbtest7  (cost=0.43..39.33 rows=10 width=121)
	  Index Cond: ((id >= 1714914) AND (id <= 1714923))

table 8 : explain SELECT c FROM sbtest8 WHERE id BETWEEN 9148454 AND 9148463
	Index Scan using sbtest8_pkey on sbtest8  (cost=0.43..39.47 rows=10 width=121)
	  Index Cond: ((id >= 9148454) AND (id <= 9148463))

for: simple_ranges
table 1 : explain SELECT c FROM sbtest1 WHERE id BETWEEN 4027699 AND 4027708
	Index Scan using sbtest1_pkey on sbtest1  (cost=0.43..39.64 rows=10 width=121)
	  Index Cond: ((id >= 4027699) AND (id <= 4027708))

table 2 : explain SELECT c FROM sbtest2 WHERE id BETWEEN 1155863 AND 1155872
	Index Scan using sbtest2_pkey on sbtest2  (cost=0.43..39.70 rows=10 width=121)
	  Index Cond: ((id >= 1155863) AND (id <= 1155872))

table 3 : explain SELECT c FROM sbtest3 WHERE id BETWEEN 3851061 AND 3851070
	Index Scan using sbtest3_pkey on sbtest3  (cost=0.43..39.70 rows=10 width=121)
	  Index Cond: ((id >= 3851061) AND (id <= 3851070))

table 4 : explain SELECT c FROM sbtest4 WHERE id BETWEEN 5828183 AND 5828192
	Index Scan using sbtest4_pkey on sbtest4  (cost=0.43..39.31 rows=10 width=121)
	  Index Cond: ((id >= 5828183) AND (id <= 5828192))

table 5 : explain SELECT c FROM sbtest5 WHERE id BETWEEN 5673919 AND 5673928
	Index Scan using sbtest5_pkey on sbtest5  (cost=0.43..39.02 rows=10 width=121)
	  Index Cond: ((id >= 5673919) AND (id <= 5673928))

table 6 : explain SELECT c FROM sbtest6 WHERE id BETWEEN 6970014 AND 6970023
	Index Scan using sbtest6_pkey on sbtest6  (cost=0.43..35.84 rows=9 width=121)
	  Index Cond: ((id >= 6970014) AND (id <= 6970023))

table 7 : explain SELECT c FROM sbtest7 WHERE id BETWEEN 6195721 AND 6195730
	Index Scan using sbtest7_pkey on sbtest7  (cost=0.43..42.76 rows=11 width=121)
	  Index Cond: ((id >= 6195721) AND (id <= 6195730))

table 8 : explain SELECT c FROM sbtest8 WHERE id BETWEEN 1228032 AND 1228041
	Index Scan using sbtest8_pkey on sbtest8  (cost=0.43..39.47 rows=10 width=121)
	  Index Cond: ((id >= 1228032) AND (id <= 1228041))

for: simple_ranges
table 1 : explain SELECT c FROM sbtest1 WHERE id BETWEEN 1651629 AND 1651638
	Index Scan using sbtest1_pkey on sbtest1  (cost=0.43..36.18 rows=9 width=121)
	  Index Cond: ((id >= 1651629) AND (id <= 1651638))

table 2 : explain SELECT c FROM sbtest2 WHERE id BETWEEN 5233370 AND 5233379
	Index Scan using sbtest2_pkey on sbtest2  (cost=0.43..39.70 rows=10 width=121)
	  Index Cond: ((id >= 5233370) AND (id <= 5233379))

table 3 : explain SELECT c FROM sbtest3 WHERE id BETWEEN 9482745 AND 9482754
	Index Scan using sbtest3_pkey on sbtest3  (cost=0.43..46.64 rows=12 width=121)
	  Index Cond: ((id >= 9482745) AND (id <= 9482754))

table 4 : explain SELECT c FROM sbtest4 WHERE id BETWEEN 2110910 AND 2110919
	Index Scan using sbtest4_pkey on sbtest4  (cost=0.43..42.74 rows=11 width=121)
	  Index Cond: ((id >= 2110910) AND (id <= 2110919))

table 5 : explain SELECT c FROM sbtest5 WHERE id BETWEEN 7355171 AND 7355180
	Index Scan using sbtest5_pkey on sbtest5  (cost=0.43..39.02 rows=10 width=121)
	  Index Cond: ((id >= 7355171) AND (id <= 7355180))

table 6 : explain SELECT c FROM sbtest6 WHERE id BETWEEN 3288067 AND 3288076
	Index Scan using sbtest6_pkey on sbtest6  (cost=0.43..39.26 rows=10 width=121)
	  Index Cond: ((id >= 3288067) AND (id <= 3288076))

table 7 : explain SELECT c FROM sbtest7 WHERE id BETWEEN 5338756 AND 5338765
	Index Scan using sbtest7_pkey on sbtest7  (cost=0.43..39.33 rows=10 width=121)
	  Index Cond: ((id >= 5338756) AND (id <= 5338765))

table 8 : explain SELECT c FROM sbtest8 WHERE id BETWEEN 7907632 AND 7907641
	Index Scan using sbtest8_pkey on sbtest8  (cost=0.43..39.47 rows=10 width=121)
	  Index Cond: ((id >= 7907632) AND (id <= 7907641))

for: sum_ranges
table 1 : explain SELECT SUM(k) FROM sbtest1 WHERE id BETWEEN 2055898 AND 2055907
	Aggregate  (cost=36.20..36.21 rows=1 width=8)
	  ->  Index Scan using sbtest1_pkey on sbtest1  (cost=0.43..36.18 rows=9 width=4)
	        Index Cond: ((id >= 2055898) AND (id <= 2055907))

table 2 : explain SELECT SUM(k) FROM sbtest2 WHERE id BETWEEN 4895506 AND 4895515
	Aggregate  (cost=43.20..43.21 rows=1 width=8)
	  ->  Index Scan using sbtest2_pkey on sbtest2  (cost=0.43..43.17 rows=11 width=4)
	        Index Cond: ((id >= 4895506) AND (id <= 4895515))

table 3 : explain SELECT SUM(k) FROM sbtest3 WHERE id BETWEEN 7797878 AND 7797887
	Aggregate  (cost=39.72..39.73 rows=1 width=8)
	  ->  Index Scan using sbtest3_pkey on sbtest3  (cost=0.43..39.70 rows=10 width=4)
	        Index Cond: ((id >= 7797878) AND (id <= 7797887))

table 4 : explain SELECT SUM(k) FROM sbtest4 WHERE id BETWEEN 4937139 AND 4937148
	Aggregate  (cost=39.34..39.35 rows=1 width=8)
	  ->  Index Scan using sbtest4_pkey on sbtest4  (cost=0.43..39.31 rows=10 width=4)
	        Index Cond: ((id >= 4937139) AND (id <= 4937148))

table 5 : explain SELECT SUM(k) FROM sbtest5 WHERE id BETWEEN 8876793 AND 8876802
	Aggregate  (cost=39.05..39.06 rows=1 width=8)
	  ->  Index Scan using sbtest5_pkey on sbtest5  (cost=0.43..39.02 rows=10 width=4)
	        Index Cond: ((id >= 8876793) AND (id <= 8876802))

table 6 : explain SELECT SUM(k) FROM sbtest6 WHERE id BETWEEN 4966061 AND 4966070
	Aggregate  (cost=39.29..39.30 rows=1 width=8)
	  ->  Index Scan using sbtest6_pkey on sbtest6  (cost=0.43..39.26 rows=10 width=4)
	        Index Cond: ((id >= 4966061) AND (id <= 4966070))

table 7 : explain SELECT SUM(k) FROM sbtest7 WHERE id BETWEEN 4190712 AND 4190721
	Aggregate  (cost=39.35..39.36 rows=1 width=8)
	  ->  Index Scan using sbtest7_pkey on sbtest7  (cost=0.43..39.33 rows=10 width=4)
	        Index Cond: ((id >= 4190712) AND (id <= 4190721))

table 8 : explain SELECT SUM(k) FROM sbtest8 WHERE id BETWEEN 4019177 AND 4019186
	Aggregate  (cost=39.49..39.50 rows=1 width=8)
	  ->  Index Scan using sbtest8_pkey on sbtest8  (cost=0.43..39.47 rows=10 width=4)
	        Index Cond: ((id >= 4019177) AND (id <= 4019186))

explain: for point_selects :: explain SELECT c FROM sbtest%u WHERE id=%u
for point_selects
table 1 : explain SELECT c FROM sbtest1 WHERE id=7741964
	Index Scan using sbtest1_pkey on sbtest1  (cost=0.43..8.45 rows=1 width=121)
	  Index Cond: (id = 7741964)

table 2 : explain SELECT c FROM sbtest2 WHERE id=3584821
	Index Scan using sbtest2_pkey on sbtest2  (cost=0.43..8.45 rows=1 width=121)
	  Index Cond: (id = 3584821)

table 3 : explain SELECT c FROM sbtest3 WHERE id=9353249
	Index Scan using sbtest3_pkey on sbtest3  (cost=0.43..8.45 rows=1 width=121)
	  Index Cond: (id = 9353249)

table 4 : explain SELECT c FROM sbtest4 WHERE id=6706083
	Index Scan using sbtest4_pkey on sbtest4  (cost=0.43..8.45 rows=1 width=121)
	  Index Cond: (id = 6706083)

table 5 : explain SELECT c FROM sbtest5 WHERE id=8622487
	Index Scan using sbtest5_pkey on sbtest5  (cost=0.43..8.45 rows=1 width=121)
	  Index Cond: (id = 8622487)

table 6 : explain SELECT c FROM sbtest6 WHERE id=7444256
	Index Scan using sbtest6_pkey on sbtest6  (cost=0.43..8.45 rows=1 width=121)
	  Index Cond: (id = 7444256)

table 7 : explain SELECT c FROM sbtest7 WHERE id=3197118
	Index Scan using sbtest7_pkey on sbtest7  (cost=0.43..8.45 rows=1 width=121)
	  Index Cond: (id = 3197118)

table 8 : explain SELECT c FROM sbtest8 WHERE id=807022
	Index Scan using sbtest8_pkey on sbtest8  (cost=0.43..8.45 rows=1 width=121)
	  Index Cond: (id = 807022)

for point_selects
table 1 : explain SELECT c FROM sbtest1 WHERE id=1856270
	Index Scan using sbtest1_pkey on sbtest1  (cost=0.43..8.45 rows=1 width=121)
	  Index Cond: (id = 1856270)

table 2 : explain SELECT c FROM sbtest2 WHERE id=2644227
	Index Scan using sbtest2_pkey on sbtest2  (cost=0.43..8.45 rows=1 width=121)
	  Index Cond: (id = 2644227)

table 3 : explain SELECT c FROM sbtest3 WHERE id=3521336
	Index Scan using sbtest3_pkey on sbtest3  (cost=0.43..8.45 rows=1 width=121)
	  Index Cond: (id = 3521336)

table 4 : explain SELECT c FROM sbtest4 WHERE id=7374665
	Index Scan using sbtest4_pkey on sbtest4  (cost=0.43..8.45 rows=1 width=121)
	  Index Cond: (id = 7374665)

table 5 : explain SELECT c FROM sbtest5 WHERE id=6474574
	Index Scan using sbtest5_pkey on sbtest5  (cost=0.43..8.45 rows=1 width=121)
	  Index Cond: (id = 6474574)

table 6 : explain SELECT c FROM sbtest6 WHERE id=9729320
	Index Scan using sbtest6_pkey on sbtest6  (cost=0.43..8.45 rows=1 width=121)
	  Index Cond: (id = 9729320)

table 7 : explain SELECT c FROM sbtest7 WHERE id=5081422
	Index Scan using sbtest7_pkey on sbtest7  (cost=0.43..8.45 rows=1 width=121)
	  Index Cond: (id = 5081422)

table 8 : explain SELECT c FROM sbtest8 WHERE id=2197454
	Index Scan using sbtest8_pkey on sbtest8  (cost=0.43..8.45 rows=1 width=121)
	  Index Cond: (id = 2197454)

for: order_ranges
table 1 : explain SELECT c FROM sbtest1 WHERE id BETWEEN 5481140 AND 5481149 ORDER BY c
	Sort  (cost=43.30..43.33 rows=11 width=121)
	  Sort Key: c
	  ->  Index Scan using sbtest1_pkey on sbtest1  (cost=0.43..43.11 rows=11 width=121)
	        Index Cond: ((id >= 5481140) AND (id <= 5481149))

table 2 : explain SELECT c FROM sbtest2 WHERE id BETWEEN 6085695 AND 6085704 ORDER BY c
	Sort  (cost=39.86..39.89 rows=10 width=121)
	  Sort Key: c
	  ->  Index Scan using sbtest2_pkey on sbtest2  (cost=0.43..39.70 rows=10 width=121)
	        Index Cond: ((id >= 6085695) AND (id <= 6085704))

table 3 : explain SELECT c FROM sbtest3 WHERE id BETWEEN 5302429 AND 5302438 ORDER BY c
	Sort  (cost=39.86..39.89 rows=10 width=121)
	  Sort Key: c
	  ->  Index Scan using sbtest3_pkey on sbtest3  (cost=0.43..39.70 rows=10 width=121)
	        Index Cond: ((id >= 5302429) AND (id <= 5302438))

table 4 : explain SELECT c FROM sbtest4 WHERE id BETWEEN 5319154 AND 5319163 ORDER BY c
	Sort  (cost=39.48..39.50 rows=10 width=121)
	  Sort Key: c
	  ->  Index Scan using sbtest4_pkey on sbtest4  (cost=0.43..39.31 rows=10 width=121)
	        Index Cond: ((id >= 5319154) AND (id <= 5319163))

table 5 : explain SELECT c FROM sbtest5 WHERE id BETWEEN 7322810 AND 7322819 ORDER BY c
	Sort  (cost=39.19..39.22 rows=10 width=121)
	  Sort Key: c
	  ->  Index Scan using sbtest5_pkey on sbtest5  (cost=0.43..39.02 rows=10 width=121)
	        Index Cond: ((id >= 7322810) AND (id <= 7322819))

table 6 : explain SELECT c FROM sbtest6 WHERE id BETWEEN 9780374 AND 9780383 ORDER BY c
	Sort  (cost=39.43..39.46 rows=10 width=121)
	  Sort Key: c
	  ->  Index Scan using sbtest6_pkey on sbtest6  (cost=0.43..39.26 rows=10 width=121)
	        Index Cond: ((id >= 9780374) AND (id <= 9780383))

table 7 : explain SELECT c FROM sbtest7 WHERE id BETWEEN 4940213 AND 4940222 ORDER BY c
	Sort  (cost=39.49..39.52 rows=10 width=121)
	  Sort Key: c
	  ->  Index Scan using sbtest7_pkey on sbtest7  (cost=0.43..39.33 rows=10 width=121)
	        Index Cond: ((id >= 4940213) AND (id <= 4940222))

table 8 : explain SELECT c FROM sbtest8 WHERE id BETWEEN 3729603 AND 3729612 ORDER BY c
	Sort  (cost=39.63..39.66 rows=10 width=121)
	  Sort Key: c
	  ->  Index Scan using sbtest8_pkey on sbtest8  (cost=0.43..39.47 rows=10 width=121)
	        Index Cond: ((id >= 3729603) AND (id <= 3729612))

for: sum_ranges
table 1 : explain SELECT SUM(k) FROM sbtest1 WHERE id BETWEEN 7494989 AND 7494998
	Aggregate  (cost=39.67..39.68 rows=1 width=8)
	  ->  Index Scan using sbtest1_pkey on sbtest1  (cost=0.43..39.64 rows=10 width=4)
	        Index Cond: ((id >= 7494989) AND (id <= 7494998))

table 2 : explain SELECT SUM(k) FROM sbtest2 WHERE id BETWEEN 5560692 AND 5560701
	Aggregate  (cost=39.72..39.73 rows=1 width=8)
	  ->  Index Scan using sbtest2_pkey on sbtest2  (cost=0.43..39.70 rows=10 width=4)
	        Index Cond: ((id >= 5560692) AND (id <= 5560701))

table 3 : explain SELECT SUM(k) FROM sbtest3 WHERE id BETWEEN 1090272 AND 1090281
	Aggregate  (cost=36.25..36.26 rows=1 width=8)
	  ->  Index Scan using sbtest3_pkey on sbtest3  (cost=0.43..36.23 rows=9 width=4)
	        Index Cond: ((id >= 1090272) AND (id <= 1090281))

table 4 : explain SELECT SUM(k) FROM sbtest4 WHERE id BETWEEN 2987440 AND 2987449
	Aggregate  (cost=42.77..42.78 rows=1 width=8)
	  ->  Index Scan using sbtest4_pkey on sbtest4  (cost=0.43..42.74 rows=11 width=4)
	        Index Cond: ((id >= 2987440) AND (id <= 2987449))

table 5 : explain SELECT SUM(k) FROM sbtest5 WHERE id BETWEEN 4007947 AND 4007956
	Aggregate  (cost=39.05..39.06 rows=1 width=8)
	  ->  Index Scan using sbtest5_pkey on sbtest5  (cost=0.43..39.02 rows=10 width=4)
	        Index Cond: ((id >= 4007947) AND (id <= 4007956))

table 6 : explain SELECT SUM(k) FROM sbtest6 WHERE id BETWEEN 5875198 AND 5875207
	Aggregate  (cost=39.29..39.30 rows=1 width=8)
	  ->  Index Scan using sbtest6_pkey on sbtest6  (cost=0.43..39.26 rows=10 width=4)
	        Index Cond: ((id >= 5875198) AND (id <= 5875207))

table 7 : explain SELECT SUM(k) FROM sbtest7 WHERE id BETWEEN 5119287 AND 5119296
	Aggregate  (cost=39.35..39.36 rows=1 width=8)
	  ->  Index Scan using sbtest7_pkey on sbtest7  (cost=0.43..39.33 rows=10 width=4)
	        Index Cond: ((id >= 5119287) AND (id <= 5119296))

table 8 : explain SELECT SUM(k) FROM sbtest8 WHERE id BETWEEN 920429 AND 920438
	Aggregate  (cost=42.94..42.95 rows=1 width=8)
	  ->  Index Scan using sbtest8_pkey on sbtest8  (cost=0.43..42.91 rows=11 width=4)
	        Index Cond: ((id >= 920429) AND (id <= 920438))

for point_selects
table 1 : explain SELECT c FROM sbtest1 WHERE id=1197380
	Index Scan using sbtest1_pkey on sbtest1  (cost=0.43..8.45 rows=1 width=121)
	  Index Cond: (id = 1197380)

table 2 : explain SELECT c FROM sbtest2 WHERE id=3822142
	Index Scan using sbtest2_pkey on sbtest2  (cost=0.43..8.45 rows=1 width=121)
	  Index Cond: (id = 3822142)

table 3 : explain SELECT c FROM sbtest3 WHERE id=1243629
	Index Scan using sbtest3_pkey on sbtest3  (cost=0.43..8.45 rows=1 width=121)
	  Index Cond: (id = 1243629)

table 4 : explain SELECT c FROM sbtest4 WHERE id=1005963
	Index Scan using sbtest4_pkey on sbtest4  (cost=0.43..8.45 rows=1 width=121)
	  Index Cond: (id = 1005963)

table 5 : explain SELECT c FROM sbtest5 WHERE id=4531852
	Index Scan using sbtest5_pkey on sbtest5  (cost=0.43..8.45 rows=1 width=121)
	  Index Cond: (id = 4531852)

table 6 : explain SELECT c FROM sbtest6 WHERE id=5440562
	Index Scan using sbtest6_pkey on sbtest6  (cost=0.43..8.45 rows=1 width=121)
	  Index Cond: (id = 5440562)

table 7 : explain SELECT c FROM sbtest7 WHERE id=5331826
	Index Scan using sbtest7_pkey on sbtest7  (cost=0.43..8.45 rows=1 width=121)
	  Index Cond: (id = 5331826)

table 8 : explain SELECT c FROM sbtest8 WHERE id=5855345
	Index Scan using sbtest8_pkey on sbtest8  (cost=0.43..8.45 rows=1 width=121)
	  Index Cond: (id = 5855345)

for point_selects
table 1 : explain SELECT c FROM sbtest1 WHERE id=2571012
	Index Scan using sbtest1_pkey on sbtest1  (cost=0.43..8.45 rows=1 width=121)
	  Index Cond: (id = 2571012)

table 2 : explain SELECT c FROM sbtest2 WHERE id=3246314
	Index Scan using sbtest2_pkey on sbtest2  (cost=0.43..8.45 rows=1 width=121)
	  Index Cond: (id = 3246314)

table 3 : explain SELECT c FROM sbtest3 WHERE id=7407240
	Index Scan using sbtest3_pkey on sbtest3  (cost=0.43..8.45 rows=1 width=121)
	  Index Cond: (id = 7407240)

table 4 : explain SELECT c FROM sbtest4 WHERE id=669782
	Index Scan using sbtest4_pkey on sbtest4  (cost=0.43..8.45 rows=1 width=121)
	  Index Cond: (id = 669782)

table 5 : explain SELECT c FROM sbtest5 WHERE id=4507368
	Index Scan using sbtest5_pkey on sbtest5  (cost=0.43..8.45 rows=1 width=121)
	  Index Cond: (id = 4507368)

table 6 : explain SELECT c FROM sbtest6 WHERE id=8967147
	Index Scan using sbtest6_pkey on sbtest6  (cost=0.43..8.45 rows=1 width=121)
	  Index Cond: (id = 8967147)

table 7 : explain SELECT c FROM sbtest7 WHERE id=5668982
	Index Scan using sbtest7_pkey on sbtest7  (cost=0.43..8.45 rows=1 width=121)
	  Index Cond: (id = 5668982)

table 8 : explain SELECT c FROM sbtest8 WHERE id=2985383
	Index Scan using sbtest8_pkey on sbtest8  (cost=0.43..8.45 rows=1 width=121)
	  Index Cond: (id = 2985383)

explain: for point_selects :: explain SELECT c FROM sbtest%u WHERE id=%u
explain: for point_selects :: explain SELECT c FROM sbtest%u WHERE id=%u
for: simple_ranges
table 1 : explain SELECT c FROM sbtest1 WHERE id BETWEEN 4700862 AND 4700871
	Index Scan using sbtest1_pkey on sbtest1  (cost=0.43..43.11 rows=11 width=121)
	  Index Cond: ((id >= 4700862) AND (id <= 4700871))

table 2 : explain SELECT c FROM sbtest2 WHERE id BETWEEN 9366363 AND 9366372
	Index Scan using sbtest2_pkey on sbtest2  (cost=0.43..39.70 rows=10 width=121)
	  Index Cond: ((id >= 9366363) AND (id <= 9366372))

table 3 : explain SELECT c FROM sbtest3 WHERE id BETWEEN 6839637 AND 6839646
	Index Scan using sbtest3_pkey on sbtest3  (cost=0.43..43.17 rows=11 width=121)
	  Index Cond: ((id >= 6839637) AND (id <= 6839646))

table 4 : explain SELECT c FROM sbtest4 WHERE id BETWEEN 3660240 AND 3660249
	Index Scan using sbtest4_pkey on sbtest4  (cost=0.43..39.31 rows=10 width=121)
	  Index Cond: ((id >= 3660240) AND (id <= 3660249))

table 5 : explain SELECT c FROM sbtest5 WHERE id BETWEEN 1226986 AND 1226995
	Index Scan using sbtest5_pkey on sbtest5  (cost=0.43..39.02 rows=10 width=121)
	  Index Cond: ((id >= 1226986) AND (id <= 1226995))

table 6 : explain SELECT c FROM sbtest6 WHERE id BETWEEN 108568 AND 108577
	Index Scan using sbtest6_pkey on sbtest6  (cost=0.43..42.69 rows=11 width=121)
	  Index Cond: ((id >= 108568) AND (id <= 108577))

table 7 : explain SELECT c FROM sbtest7 WHERE id BETWEEN 7422518 AND 7422527
	Index Scan using sbtest7_pkey on sbtest7  (cost=0.43..39.33 rows=10 width=121)
	  Index Cond: ((id >= 7422518) AND (id <= 7422527))

table 8 : explain SELECT c FROM sbtest8 WHERE id BETWEEN 8679961 AND 8679970
	Index Scan using sbtest8_pkey on sbtest8  (cost=0.43..39.47 rows=10 width=121)
	  Index Cond: ((id >= 8679961) AND (id <= 8679970))

for: simple_ranges
table 1 : explain SELECT c FROM sbtest1 WHERE id BETWEEN 5046869 AND 5046878
	Index Scan using sbtest1_pkey on sbtest1  (cost=0.43..39.64 rows=10 width=121)
	  Index Cond: ((id >= 5046869) AND (id <= 5046878))

table 2 : explain SELECT c FROM sbtest2 WHERE id BETWEEN 8088121 AND 8088130
	Index Scan using sbtest2_pkey on sbtest2  (cost=0.43..39.70 rows=10 width=121)
	  Index Cond: ((id >= 8088121) AND (id <= 8088130))

table 3 : explain SELECT c FROM sbtest3 WHERE id BETWEEN 3224553 AND 3224562
	Index Scan using sbtest3_pkey on sbtest3  (cost=0.43..39.70 rows=10 width=121)
	  Index Cond: ((id >= 3224553) AND (id <= 3224562))

table 4 : explain SELECT c FROM sbtest4 WHERE id BETWEEN 5367337 AND 5367346
	Index Scan using sbtest4_pkey on sbtest4  (cost=0.43..39.31 rows=10 width=121)
	  Index Cond: ((id >= 5367337) AND (id <= 5367346))

table 5 : explain SELECT c FROM sbtest5 WHERE id BETWEEN 4572796 AND 4572805
	Index Scan using sbtest5_pkey on sbtest5  (cost=0.43..35.63 rows=9 width=121)
	  Index Cond: ((id >= 4572796) AND (id <= 4572805))

table 6 : explain SELECT c FROM sbtest6 WHERE id BETWEEN 2214506 AND 2214515
	Index Scan using sbtest6_pkey on sbtest6  (cost=0.43..39.26 rows=10 width=121)
	  Index Cond: ((id >= 2214506) AND (id <= 2214515))

table 7 : explain SELECT c FROM sbtest7 WHERE id BETWEEN 2052897 AND 2052906
	Index Scan using sbtest7_pkey on sbtest7  (cost=0.43..35.90 rows=9 width=121)
	  Index Cond: ((id >= 2052897) AND (id <= 2052906))

table 8 : explain SELECT c FROM sbtest8 WHERE id BETWEEN 7436173 AND 7436182
	Index Scan using sbtest8_pkey on sbtest8  (cost=0.43..39.47 rows=10 width=121)
	  Index Cond: ((id >= 7436173) AND (id <= 7436182))

for point_selects
table 1 : explain SELECT c FROM sbtest1 WHERE id=8587141
	Index Scan using sbtest1_pkey on sbtest1  (cost=0.43..8.45 rows=1 width=121)
	  Index Cond: (id = 8587141)

table 2 : explain SELECT c FROM sbtest2 WHERE id=2261344
	Index Scan using sbtest2_pkey on sbtest2  (cost=0.43..8.45 rows=1 width=121)
	  Index Cond: (id = 2261344)

table 3 : explain SELECT c FROM sbtest3 WHERE id=1219751
	Index Scan using sbtest3_pkey on sbtest3  (cost=0.43..8.45 rows=1 width=121)
	  Index Cond: (id = 1219751)

table 4 : explain SELECT c FROM sbtest4 WHERE id=4801126
	Index Scan using sbtest4_pkey on sbtest4  (cost=0.43..8.45 rows=1 width=121)
	  Index Cond: (id = 4801126)

table 5 : explain SELECT c FROM sbtest5 WHERE id=6526173
	Index Scan using sbtest5_pkey on sbtest5  (cost=0.43..8.45 rows=1 width=121)
	  Index Cond: (id = 6526173)

table 6 : explain SELECT c FROM sbtest6 WHERE id=4947919
	Index Scan using sbtest6_pkey on sbtest6  (cost=0.43..8.45 rows=1 width=121)
	  Index Cond: (id = 4947919)

table 7 : explain SELECT c FROM sbtest7 WHERE id=6511638
	Index Scan using sbtest7_pkey on sbtest7  (cost=0.43..8.45 rows=1 width=121)
	  Index Cond: (id = 6511638)

table 8 : explain SELECT c FROM sbtest8 WHERE id=617847
	Index Scan using sbtest8_pkey on sbtest8  (cost=0.43..8.45 rows=1 width=121)
	  Index Cond: (id = 617847)

for point_selects
table 1 : explain SELECT c FROM sbtest1 WHERE id=7654609
	Index Scan using sbtest1_pkey on sbtest1  (cost=0.43..8.45 rows=1 width=121)
	  Index Cond: (id = 7654609)

table 2 : explain SELECT c FROM sbtest2 WHERE id=452772
	Index Scan using sbtest2_pkey on sbtest2  (cost=0.43..8.45 rows=1 width=121)
	  Index Cond: (id = 452772)

table 3 : explain SELECT c FROM sbtest3 WHERE id=255368
	Index Scan using sbtest3_pkey on sbtest3  (cost=0.43..8.45 rows=1 width=121)
	  Index Cond: (id = 255368)

table 4 : explain SELECT c FROM sbtest4 WHERE id=3990924
	Index Scan using sbtest4_pkey on sbtest4  (cost=0.43..8.45 rows=1 width=121)
	  Index Cond: (id = 3990924)

table 5 : explain SELECT c FROM sbtest5 WHERE id=9162305
	Index Scan using sbtest5_pkey on sbtest5  (cost=0.43..8.45 rows=1 width=121)
	  Index Cond: (id = 9162305)

table 6 : explain SELECT c FROM sbtest6 WHERE id=3420712
	Index Scan using sbtest6_pkey on sbtest6  (cost=0.43..8.45 rows=1 width=121)
	  Index Cond: (id = 3420712)

table 7 : explain SELECT c FROM sbtest7 WHERE id=8226645
	Index Scan using sbtest7_pkey on sbtest7  (cost=0.43..8.45 rows=1 width=121)
	  Index Cond: (id = 8226645)

table 8 : explain SELECT c FROM sbtest8 WHERE id=6205850
	Index Scan using sbtest8_pkey on sbtest8  (cost=0.43..8.45 rows=1 width=121)
	  Index Cond: (id = 6205850)

for: order_ranges
table 1 : explain SELECT c FROM sbtest1 WHERE id BETWEEN 3221708 AND 3221717 ORDER BY c
	Sort  (cost=39.81..39.83 rows=10 width=121)
	  Sort Key: c
	  ->  Index Scan using sbtest1_pkey on sbtest1  (cost=0.43..39.64 rows=10 width=121)
	        Index Cond: ((id >= 3221708) AND (id <= 3221717))

table 2 : explain SELECT c FROM sbtest2 WHERE id BETWEEN 2393504 AND 2393513 ORDER BY c
	Sort  (cost=39.86..39.89 rows=10 width=121)
	  Sort Key: c
	  ->  Index Scan using sbtest2_pkey on sbtest2  (cost=0.43..39.70 rows=10 width=121)
	        Index Cond: ((id >= 2393504) AND (id <= 2393513))

table 3 : explain SELECT c FROM sbtest3 WHERE id BETWEEN 6983998 AND 6984007 ORDER BY c
	Sort  (cost=43.36..43.39 rows=11 width=121)
	  Sort Key: c
	  ->  Index Scan using sbtest3_pkey on sbtest3  (cost=0.43..43.17 rows=11 width=121)
	        Index Cond: ((id >= 6983998) AND (id <= 6984007))

table 4 : explain SELECT c FROM sbtest4 WHERE id BETWEEN 2146125 AND 2146134 ORDER BY c
	Sort  (cost=39.48..39.50 rows=10 width=121)
	  Sort Key: c
	  ->  Index Scan using sbtest4_pkey on sbtest4  (cost=0.43..39.31 rows=10 width=121)
	        Index Cond: ((id >= 2146125) AND (id <= 2146134))

table 5 : explain SELECT c FROM sbtest5 WHERE id BETWEEN 7464704 AND 7464713 ORDER BY c
	Sort  (cost=39.19..39.22 rows=10 width=121)
	  Sort Key: c
	  ->  Index Scan using sbtest5_pkey on sbtest5  (cost=0.43..39.02 rows=10 width=121)
	        Index Cond: ((id >= 7464704) AND (id <= 7464713))

table 6 : explain SELECT c FROM sbtest6 WHERE id BETWEEN 7771677 AND 7771686 ORDER BY c
	Sort  (cost=39.43..39.46 rows=10 width=121)
	  Sort Key: c
	  ->  Index Scan using sbtest6_pkey on sbtest6  (cost=0.43..39.26 rows=10 width=121)
	        Index Cond: ((id >= 7771677) AND (id <= 7771686))

table 7 : explain SELECT c FROM sbtest7 WHERE id BETWEEN 9352351 AND 9352360 ORDER BY c
	Sort  (cost=39.49..39.52 rows=10 width=121)
	  Sort Key: c
	  ->  Index Scan using sbtest7_pkey on sbtest7  (cost=0.43..39.33 rows=10 width=121)
	        Index Cond: ((id >= 9352351) AND (id <= 9352360))

table 8 : explain SELECT c FROM sbtest8 WHERE id BETWEEN 3975611 AND 3975620 ORDER BY c
	Sort  (cost=39.63..39.66 rows=10 width=121)
	  Sort Key: c
	  ->  Index Scan using sbtest8_pkey on sbtest8  (cost=0.43..39.47 rows=10 width=121)
	        Index Cond: ((id >= 3975611) AND (id <= 3975620))

for: distinct_ranges
table 1 : explain SELECT DISTINCT c FROM sbtest1 WHERE id BETWEEN 8454099 AND 8454108 ORDER BY c
	Unique  (cost=39.81..39.86 rows=10 width=121)
	  ->  Sort  (cost=39.81..39.83 rows=10 width=121)
	        Sort Key: c
	        ->  Index Scan using sbtest1_pkey on sbtest1  (cost=0.43..39.64 rows=10 width=121)
	              Index Cond: ((id >= 8454099) AND (id <= 8454108))

table 2 : explain SELECT DISTINCT c FROM sbtest2 WHERE id BETWEEN 8021679 AND 8021688 ORDER BY c
	Unique  (cost=39.86..39.91 rows=10 width=121)
	  ->  Sort  (cost=39.86..39.89 rows=10 width=121)
	        Sort Key: c
	        ->  Index Scan using sbtest2_pkey on sbtest2  (cost=0.43..39.70 rows=10 width=121)
	              Index Cond: ((id >= 8021679) AND (id <= 8021688))

table 3 : explain SELECT DISTINCT c FROM sbtest3 WHERE id BETWEEN 482956 AND 482965 ORDER BY c
	Unique  (cost=39.86..39.91 rows=10 width=121)
	  ->  Sort  (cost=39.86..39.89 rows=10 width=121)
	        Sort Key: c
	        ->  Index Scan using sbtest3_pkey on sbtest3  (cost=0.43..39.70 rows=10 width=121)
	              Index Cond: ((id >= 482956) AND (id <= 482965))

table 4 : explain SELECT DISTINCT c FROM sbtest4 WHERE id BETWEEN 1686512 AND 1686521 ORDER BY c
	Unique  (cost=39.48..39.53 rows=10 width=121)
	  ->  Sort  (cost=39.48..39.50 rows=10 width=121)
	        Sort Key: c
	        ->  Index Scan using sbtest4_pkey on sbtest4  (cost=0.43..39.31 rows=10 width=121)
	              Index Cond: ((id >= 1686512) AND (id <= 1686521))

table 5 : explain SELECT DISTINCT c FROM sbtest5 WHERE id BETWEEN 266859 AND 266868 ORDER BY c
	Unique  (cost=42.61..42.67 rows=11 width=121)
	  ->  Sort  (cost=42.61..42.64 rows=11 width=121)
	        Sort Key: c
	        ->  Index Scan using sbtest5_pkey on sbtest5  (cost=0.43..42.42 rows=11 width=121)
	              Index Cond: ((id >= 266859) AND (id <= 266868))

table 6 : explain SELECT DISTINCT c FROM sbtest6 WHERE id BETWEEN 5475529 AND 5475538 ORDER BY c
	Unique  (cost=35.98..36.03 rows=9 width=121)
	  ->  Sort  (cost=35.98..36.01 rows=9 width=121)
	        Sort Key: c
	        ->  Index Scan using sbtest6_pkey on sbtest6  (cost=0.43..35.84 rows=9 width=121)
	              Index Cond: ((id >= 5475529) AND (id <= 5475538))

table 7 : explain SELECT DISTINCT c FROM sbtest7 WHERE id BETWEEN 6131656 AND 6131665 ORDER BY c
	Unique  (cost=42.95..43.00 rows=11 width=121)
	  ->  Sort  (cost=42.95..42.97 rows=11 width=121)
	        Sort Key: c
	        ->  Index Scan using sbtest7_pkey on sbtest7  (cost=0.43..42.76 rows=11 width=121)
	              Index Cond: ((id >= 6131656) AND (id <= 6131665))

table 8 : explain SELECT DISTINCT c FROM sbtest8 WHERE id BETWEEN 4903637 AND 4903646 ORDER BY c
	Unique  (cost=36.16..36.21 rows=9 width=121)
	  ->  Sort  (cost=36.16..36.19 rows=9 width=121)
	        Sort Key: c
	        ->  Index Scan using sbtest8_pkey on sbtest8  (cost=0.43..36.02 rows=9 width=121)
	              Index Cond: ((id >= 4903637) AND (id <= 4903646))

for point_selects
table 1 : explain SELECT c FROM sbtest1 WHERE id=8616903
	Index Scan using sbtest1_pkey on sbtest1  (cost=0.43..8.45 rows=1 width=121)
	  Index Cond: (id = 8616903)

table 2 : explain SELECT c FROM sbtest2 WHERE id=4109123
	Index Scan using sbtest2_pkey on sbtest2  (cost=0.43..8.45 rows=1 width=121)
	  Index Cond: (id = 4109123)

table 3 : explain SELECT c FROM sbtest3 WHERE id=8887760
	Index Scan using sbtest3_pkey on sbtest3  (cost=0.43..8.45 rows=1 width=121)
	  Index Cond: (id = 8887760)

table 4 : explain SELECT c FROM sbtest4 WHERE id=7623938
	Index Scan using sbtest4_pkey on sbtest4  (cost=0.43..8.45 rows=1 width=121)
	  Index Cond: (id = 7623938)

table 5 : explain SELECT c FROM sbtest5 WHERE id=8486226
	Index Scan using sbtest5_pkey on sbtest5  (cost=0.43..8.45 rows=1 width=121)
	  Index Cond: (id = 8486226)

table 6 : explain SELECT c FROM sbtest6 WHERE id=319983
	Index Scan using sbtest6_pkey on sbtest6  (cost=0.43..8.45 rows=1 width=121)
	  Index Cond: (id = 319983)

table 7 : explain SELECT c FROM sbtest7 WHERE id=4727607
	Index Scan using sbtest7_pkey on sbtest7  (cost=0.43..8.45 rows=1 width=121)
	  Index Cond: (id = 4727607)

table 8 : explain SELECT c FROM sbtest8 WHERE id=4965701
	Index Scan using sbtest8_pkey on sbtest8  (cost=0.43..8.45 rows=1 width=121)
	  Index Cond: (id = 4965701)

for: simple_ranges
table 1 : explain SELECT c FROM sbtest1 WHERE id BETWEEN 5145189 AND 5145198
	Index Scan using sbtest1_pkey on sbtest1  (cost=0.43..43.11 rows=11 width=121)
	  Index Cond: ((id >= 5145189) AND (id <= 5145198))

table 2 : explain SELECT c FROM sbtest2 WHERE id BETWEEN 7331518 AND 7331527
	Index Scan using sbtest2_pkey on sbtest2  (cost=0.43..39.70 rows=10 width=121)
	  Index Cond: ((id >= 7331518) AND (id <= 7331527))

table 3 : explain SELECT c FROM sbtest3 WHERE id BETWEEN 5926516 AND 5926525
	Index Scan using sbtest3_pkey on sbtest3  (cost=0.43..36.23 rows=9 width=121)
	  Index Cond: ((id >= 5926516) AND (id <= 5926525))

table 4 : explain SELECT c FROM sbtest4 WHERE id BETWEEN 2746074 AND 2746083
	Index Scan using sbtest4_pkey on sbtest4  (cost=0.43..35.88 rows=9 width=121)
	  Index Cond: ((id >= 2746074) AND (id <= 2746083))

table 5 : explain SELECT c FROM sbtest5 WHERE id BETWEEN 1117659 AND 1117668
	Index Scan using sbtest5_pkey on sbtest5  (cost=0.43..35.63 rows=9 width=121)
	  Index Cond: ((id >= 1117659) AND (id <= 1117668))

table 6 : explain SELECT c FROM sbtest6 WHERE id BETWEEN 5137362 AND 5137371
	Index Scan using sbtest6_pkey on sbtest6  (cost=0.43..39.26 rows=10 width=121)
	  Index Cond: ((id >= 5137362) AND (id <= 5137371))

table 7 : explain SELECT c FROM sbtest7 WHERE id BETWEEN 6533199 AND 6533208
	Index Scan using sbtest7_pkey on sbtest7  (cost=0.43..39.33 rows=10 width=121)
	  Index Cond: ((id >= 6533199) AND (id <= 6533208))

table 8 : explain SELECT c FROM sbtest8 WHERE id BETWEEN 1294930 AND 1294939
	Index Scan using sbtest8_pkey on sbtest8  (cost=0.43..39.47 rows=10 width=121)
	  Index Cond: ((id >= 1294930) AND (id <= 1294939))

explain: for index_updates :: explain UPDATE sbtest%u SET k=k+1 WHERE id=%u
for point_selects
table 1 : explain SELECT c FROM sbtest1 WHERE id=4011876
	Index Scan using sbtest1_pkey on sbtest1  (cost=0.43..8.45 rows=1 width=121)
	  Index Cond: (id = 4011876)

table 2 : explain SELECT c FROM sbtest2 WHERE id=6079493
	Index Scan using sbtest2_pkey on sbtest2  (cost=0.43..8.45 rows=1 width=121)
	  Index Cond: (id = 6079493)

table 3 : explain SELECT c FROM sbtest3 WHERE id=3970937
	Index Scan using sbtest3_pkey on sbtest3  (cost=0.43..8.45 rows=1 width=121)
	  Index Cond: (id = 3970937)

table 4 : explain SELECT c FROM sbtest4 WHERE id=4100786
	Index Scan using sbtest4_pkey on sbtest4  (cost=0.43..8.45 rows=1 width=121)
	  Index Cond: (id = 4100786)

table 5 : explain SELECT c FROM sbtest5 WHERE id=7732955
	Index Scan using sbtest5_pkey on sbtest5  (cost=0.43..8.45 rows=1 width=121)
	  Index Cond: (id = 7732955)

table 6 : explain SELECT c FROM sbtest6 WHERE id=5644416
	Index Scan using sbtest6_pkey on sbtest6  (cost=0.43..8.45 rows=1 width=121)
	  Index Cond: (id = 5644416)

table 7 : explain SELECT c FROM sbtest7 WHERE id=4978393
	Index Scan using sbtest7_pkey on sbtest7  (cost=0.43..8.45 rows=1 width=121)
	  Index Cond: (id = 4978393)

table 8 : explain SELECT c FROM sbtest8 WHERE id=873432
	Index Scan using sbtest8_pkey on sbtest8  (cost=0.43..8.45 rows=1 width=121)
	  Index Cond: (id = 873432)

for point_selects
table 1 : explain SELECT c FROM sbtest1 WHERE id=6146575
	Index Scan using sbtest1_pkey on sbtest1  (cost=0.43..8.45 rows=1 width=121)
	  Index Cond: (id = 6146575)

table 2 : explain SELECT c FROM sbtest2 WHERE id=1964625
	Index Scan using sbtest2_pkey on sbtest2  (cost=0.43..8.45 rows=1 width=121)
	  Index Cond: (id = 1964625)

table 3 : explain SELECT c FROM sbtest3 WHERE id=918448
	Index Scan using sbtest3_pkey on sbtest3  (cost=0.43..8.45 rows=1 width=121)
	  Index Cond: (id = 918448)

table 4 : explain SELECT c FROM sbtest4 WHERE id=8221149
	Index Scan using sbtest4_pkey on sbtest4  (cost=0.43..8.45 rows=1 width=121)
	  Index Cond: (id = 8221149)

table 5 : explain SELECT c FROM sbtest5 WHERE id=3319551
	Index Scan using sbtest5_pkey on sbtest5  (cost=0.43..8.45 rows=1 width=121)
	  Index Cond: (id = 3319551)

table 6 : explain SELECT c FROM sbtest6 WHERE id=2355637
	Index Scan using sbtest6_pkey on sbtest6  (cost=0.43..8.45 rows=1 width=121)
	  Index Cond: (id = 2355637)

table 7 : explain SELECT c FROM sbtest7 WHERE id=1732845
	Index Scan using sbtest7_pkey on sbtest7  (cost=0.43..8.45 rows=1 width=121)
	  Index Cond: (id = 1732845)

table 8 : explain SELECT c FROM sbtest8 WHERE id=7036612
	Index Scan using sbtest8_pkey on sbtest8  (cost=0.43..8.45 rows=1 width=121)
	  Index Cond: (id = 7036612)

for: sum_ranges
table 1 : explain SELECT SUM(k) FROM sbtest1 WHERE id BETWEEN 8550879 AND 8550888
	Aggregate  (cost=39.67..39.68 rows=1 width=8)
	  ->  Index Scan using sbtest1_pkey on sbtest1  (cost=0.43..39.64 rows=10 width=4)
	        Index Cond: ((id >= 8550879) AND (id <= 8550888))

table 2 : explain SELECT SUM(k) FROM sbtest2 WHERE id BETWEEN 5036507 AND 5036516
	Aggregate  (cost=39.72..39.73 rows=1 width=8)
	  ->  Index Scan using sbtest2_pkey on sbtest2  (cost=0.43..39.70 rows=10 width=4)
	        Index Cond: ((id >= 5036507) AND (id <= 5036516))

table 3 : explain SELECT SUM(k) FROM sbtest3 WHERE id BETWEEN 8902274 AND 8902283
	Aggregate  (cost=39.72..39.73 rows=1 width=8)
	  ->  Index Scan using sbtest3_pkey on sbtest3  (cost=0.43..39.70 rows=10 width=4)
	        Index Cond: ((id >= 8902274) AND (id <= 8902283))

table 4 : explain SELECT SUM(k) FROM sbtest4 WHERE id BETWEEN 8037794 AND 8037803
	Aggregate  (cost=39.34..39.35 rows=1 width=8)
	  ->  Index Scan using sbtest4_pkey on sbtest4  (cost=0.43..39.31 rows=10 width=4)
	        Index Cond: ((id >= 8037794) AND (id <= 8037803))

table 5 : explain SELECT SUM(k) FROM sbtest5 WHERE id BETWEEN 1137099 AND 1137108
	Aggregate  (cost=35.65..35.66 rows=1 width=8)
	  ->  Index Scan using sbtest5_pkey on sbtest5  (cost=0.43..35.63 rows=9 width=4)
	        Index Cond: ((id >= 1137099) AND (id <= 1137108))

table 6 : explain SELECT SUM(k) FROM sbtest6 WHERE id BETWEEN 5435887 AND 5435896
	Aggregate  (cost=39.29..39.30 rows=1 width=8)
	  ->  Index Scan using sbtest6_pkey on sbtest6  (cost=0.43..39.26 rows=10 width=4)
	        Index Cond: ((id >= 5435887) AND (id <= 5435896))

table 7 : explain SELECT SUM(k) FROM sbtest7 WHERE id BETWEEN 3218777 AND 3218786
	Aggregate  (cost=35.92..35.93 rows=1 width=8)
	  ->  Index Scan using sbtest7_pkey on sbtest7  (cost=0.43..35.90 rows=9 width=4)
	        Index Cond: ((id >= 3218777) AND (id <= 3218786))

table 8 : explain SELECT SUM(k) FROM sbtest8 WHERE id BETWEEN 2925496 AND 2925505
	Aggregate  (cost=39.49..39.50 rows=1 width=8)
	  ->  Index Scan using sbtest8_pkey on sbtest8  (cost=0.43..39.47 rows=10 width=4)
	        Index Cond: ((id >= 2925496) AND (id <= 2925505))

for index_updates
table 1 : explain UPDATE sbtest1 SET k=k+1 WHERE id=3871422
	Update on sbtest1  (cost=0.43..8.46 rows=0 width=0)
	  ->  Index Scan using sbtest1_pkey on sbtest1  (cost=0.43..8.46 rows=1 width=10)
	        Index Cond: (id = 3871422)

table 2 : explain UPDATE sbtest2 SET k=k+1 WHERE id=482809
	Update on sbtest2  (cost=0.43..8.46 rows=0 width=0)
	  ->  Index Scan using sbtest2_pkey on sbtest2  (cost=0.43..8.46 rows=1 width=10)
	        Index Cond: (id = 482809)

table 3 : explain UPDATE sbtest3 SET k=k+1 WHERE id=1198887
	Update on sbtest3  (cost=0.43..8.46 rows=0 width=0)
	  ->  Index Scan using sbtest3_pkey on sbtest3  (cost=0.43..8.46 rows=1 width=10)
	        Index Cond: (id = 1198887)

table 4 : explain UPDATE sbtest4 SET k=k+1 WHERE id=2197260
	Update on sbtest4  (cost=0.43..8.46 rows=0 width=0)
	  ->  Index Scan using sbtest4_pkey on sbtest4  (cost=0.43..8.46 rows=1 width=10)
	        Index Cond: (id = 2197260)

table 5 : explain UPDATE sbtest5 SET k=k+1 WHERE id=3116241
	Update on sbtest5  (cost=0.43..8.46 rows=0 width=0)
	  ->  Index Scan using sbtest5_pkey on sbtest5  (cost=0.43..8.46 rows=1 width=10)
	        Index Cond: (id = 3116241)

table 6 : explain UPDATE sbtest6 SET k=k+1 WHERE id=6420670
	Update on sbtest6  (cost=0.43..8.46 rows=0 width=0)
	  ->  Index Scan using sbtest6_pkey on sbtest6  (cost=0.43..8.46 rows=1 width=10)
	        Index Cond: (id = 6420670)

table 7 : explain UPDATE sbtest7 SET k=k+1 WHERE id=2970556
	Update on sbtest7  (cost=0.43..8.46 rows=0 width=0)
	  ->  Index Scan using sbtest7_pkey on sbtest7  (cost=0.43..8.46 rows=1 width=10)
	        Index Cond: (id = 2970556)

table 8 : explain UPDATE sbtest8 SET k=k+1 WHERE id=6916164
	Update on sbtest8  (cost=0.43..8.46 rows=0 width=0)
	  ->  Index Scan using sbtest8_pkey on sbtest8  (cost=0.43..8.46 rows=1 width=10)
	        Index Cond: (id = 6916164)

for: sum_ranges
table 1 : explain SELECT SUM(k) FROM sbtest1 WHERE id BETWEEN 7482119 AND 7482128
	Aggregate  (cost=39.67..39.68 rows=1 width=8)
	  ->  Index Scan using sbtest1_pkey on sbtest1  (cost=0.43..39.64 rows=10 width=4)
	        Index Cond: ((id >= 7482119) AND (id <= 7482128))

table 2 : explain SELECT SUM(k) FROM sbtest2 WHERE id BETWEEN 8598122 AND 8598131
	Aggregate  (cost=39.72..39.73 rows=1 width=8)
	  ->  Index Scan using sbtest2_pkey on sbtest2  (cost=0.43..39.70 rows=10 width=4)
	        Index Cond: ((id >= 8598122) AND (id <= 8598131))

table 3 : explain SELECT SUM(k) FROM sbtest3 WHERE id BETWEEN 2091696 AND 2091705
	Aggregate  (cost=39.72..39.73 rows=1 width=8)
	  ->  Index Scan using sbtest3_pkey on sbtest3  (cost=0.43..39.70 rows=10 width=4)
	        Index Cond: ((id >= 2091696) AND (id <= 2091705))

table 4 : explain SELECT SUM(k) FROM sbtest4 WHERE id BETWEEN 1467243 AND 1467252
	Aggregate  (cost=39.34..39.35 rows=1 width=8)
	  ->  Index Scan using sbtest4_pkey on sbtest4  (cost=0.43..39.31 rows=10 width=4)
	        Index Cond: ((id >= 1467243) AND (id <= 1467252))

table 5 : explain SELECT SUM(k) FROM sbtest5 WHERE id BETWEEN 3115809 AND 3115818
	Aggregate  (cost=35.65..35.66 rows=1 width=8)
	  ->  Index Scan using sbtest5_pkey on sbtest5  (cost=0.43..35.63 rows=9 width=4)
	        Index Cond: ((id >= 3115809) AND (id <= 3115818))

table 6 : explain SELECT SUM(k) FROM sbtest6 WHERE id BETWEEN 6689046 AND 6689055
	Aggregate  (cost=35.86..35.87 rows=1 width=8)
	  ->  Index Scan using sbtest6_pkey on sbtest6  (cost=0.43..35.84 rows=9 width=4)
	        Index Cond: ((id >= 6689046) AND (id <= 6689055))

table 7 : explain SELECT SUM(k) FROM sbtest7 WHERE id BETWEEN 823879 AND 823888
	Aggregate  (cost=39.35..39.36 rows=1 width=8)
	  ->  Index Scan using sbtest7_pkey on sbtest7  (cost=0.43..39.33 rows=10 width=4)
	        Index Cond: ((id >= 823879) AND (id <= 823888))

table 8 : explain SELECT SUM(k) FROM sbtest8 WHERE id BETWEEN 9445816 AND 9445825
	Aggregate  (cost=39.49..39.50 rows=1 width=8)
	  ->  Index Scan using sbtest8_pkey on sbtest8  (cost=0.43..39.47 rows=10 width=4)
	        Index Cond: ((id >= 9445816) AND (id <= 9445825))

for: distinct_ranges
table 1 : explain SELECT DISTINCT c FROM sbtest1 WHERE id BETWEEN 5029915 AND 5029924 ORDER BY c
	Unique  (cost=39.81..39.86 rows=10 width=121)
	  ->  Sort  (cost=39.81..39.83 rows=10 width=121)
	        Sort Key: c
	        ->  Index Scan using sbtest1_pkey on sbtest1  (cost=0.43..39.64 rows=10 width=121)
	              Index Cond: ((id >= 5029915) AND (id <= 5029924))

table 2 : explain SELECT DISTINCT c FROM sbtest2 WHERE id BETWEEN 5528222 AND 5528231 ORDER BY c
	Unique  (cost=39.86..39.91 rows=10 width=121)
	  ->  Sort  (cost=39.86..39.89 rows=10 width=121)
	        Sort Key: c
	        ->  Index Scan using sbtest2_pkey on sbtest2  (cost=0.43..39.70 rows=10 width=121)
	              Index Cond: ((id >= 5528222) AND (id <= 5528231))

table 3 : explain SELECT DISTINCT c FROM sbtest3 WHERE id BETWEEN 1682692 AND 1682701 ORDER BY c
	Unique  (cost=43.36..43.41 rows=11 width=121)
	  ->  Sort  (cost=43.36..43.39 rows=11 width=121)
	        Sort Key: c
	        ->  Index Scan using sbtest3_pkey on sbtest3  (cost=0.43..43.17 rows=11 width=121)
	              Index Cond: ((id >= 1682692) AND (id <= 1682701))

table 4 : explain SELECT DISTINCT c FROM sbtest4 WHERE id BETWEEN 5330294 AND 5330303 ORDER BY c
	Unique  (cost=39.48..39.53 rows=10 width=121)
	  ->  Sort  (cost=39.48..39.50 rows=10 width=121)
	        Sort Key: c
	        ->  Index Scan using sbtest4_pkey on sbtest4  (cost=0.43..39.31 rows=10 width=121)
	              Index Cond: ((id >= 5330294) AND (id <= 5330303))

table 5 : explain SELECT DISTINCT c FROM sbtest5 WHERE id BETWEEN 8748361 AND 8748370 ORDER BY c
	Unique  (cost=35.77..35.82 rows=9 width=121)
	  ->  Sort  (cost=35.77..35.79 rows=9 width=121)
	        Sort Key: c
	        ->  Index Scan using sbtest5_pkey on sbtest5  (cost=0.43..35.63 rows=9 width=121)
	              Index Cond: ((id >= 8748361) AND (id <= 8748370))

table 6 : explain SELECT DISTINCT c FROM sbtest6 WHERE id BETWEEN 9107680 AND 9107689 ORDER BY c
	Unique  (cost=39.43..39.48 rows=10 width=121)
	  ->  Sort  (cost=39.43..39.46 rows=10 width=121)
	        Sort Key: c
	        ->  Index Scan using sbtest6_pkey on sbtest6  (cost=0.43..39.26 rows=10 width=121)
	              Index Cond: ((id >= 9107680) AND (id <= 9107689))

table 7 : explain SELECT DISTINCT c FROM sbtest7 WHERE id BETWEEN 4913471 AND 4913480 ORDER BY c
	Unique  (cost=39.49..39.54 rows=10 width=121)
	  ->  Sort  (cost=39.49..39.52 rows=10 width=121)
	        Sort Key: c
	        ->  Index Scan using sbtest7_pkey on sbtest7  (cost=0.43..39.33 rows=10 width=121)
	              Index Cond: ((id >= 4913471) AND (id <= 4913480))

table 8 : explain SELECT DISTINCT c FROM sbtest8 WHERE id BETWEEN 4876583 AND 4876592 ORDER BY c
	Unique  (cost=39.63..39.68 rows=10 width=121)
	  ->  Sort  (cost=39.63..39.66 rows=10 width=121)
	        Sort Key: c
	        ->  Index Scan using sbtest8_pkey on sbtest8  (cost=0.43..39.47 rows=10 width=121)
	              Index Cond: ((id >= 4876583) AND (id <= 4876592))

for: simple_ranges
table 1 : explain SELECT c FROM sbtest1 WHERE id BETWEEN 3883217 AND 3883226
	Index Scan using sbtest1_pkey on sbtest1  (cost=0.43..39.64 rows=10 width=121)
	  Index Cond: ((id >= 3883217) AND (id <= 3883226))

table 2 : explain SELECT c FROM sbtest2 WHERE id BETWEEN 6892115 AND 6892124
	Index Scan using sbtest2_pkey on sbtest2  (cost=0.43..39.70 rows=10 width=121)
	  Index Cond: ((id >= 6892115) AND (id <= 6892124))

table 3 : explain SELECT c FROM sbtest3 WHERE id BETWEEN 8630747 AND 8630756
	Index Scan using sbtest3_pkey on sbtest3  (cost=0.43..39.70 rows=10 width=121)
	  Index Cond: ((id >= 8630747) AND (id <= 8630756))

table 4 : explain SELECT c FROM sbtest4 WHERE id BETWEEN 9085402 AND 9085411
	Index Scan using sbtest4_pkey on sbtest4  (cost=0.43..39.31 rows=10 width=121)
	  Index Cond: ((id >= 9085402) AND (id <= 9085411))

table 5 : explain SELECT c FROM sbtest5 WHERE id BETWEEN 6113074 AND 6113083
	Index Scan using sbtest5_pkey on sbtest5  (cost=0.43..35.63 rows=9 width=121)
	  Index Cond: ((id >= 6113074) AND (id <= 6113083))

table 6 : explain SELECT c FROM sbtest6 WHERE id BETWEEN 6492343 AND 6492352
	Index Scan using sbtest6_pkey on sbtest6  (cost=0.43..39.26 rows=10 width=121)
	  Index Cond: ((id >= 6492343) AND (id <= 6492352))

table 7 : explain SELECT c FROM sbtest7 WHERE id BETWEEN 2204085 AND 2204094
	Index Scan using sbtest7_pkey on sbtest7  (cost=0.43..35.90 rows=9 width=121)
	  Index Cond: ((id >= 2204085) AND (id <= 2204094))

table 8 : explain SELECT c FROM sbtest8 WHERE id BETWEEN 6084555 AND 6084564
	Index Scan using sbtest8_pkey on sbtest8  (cost=0.43..39.47 rows=10 width=121)
	  Index Cond: ((id >= 6084555) AND (id <= 6084564))

explain: for non_index_updates :: explain UPDATE sbtest%u SET c='foobar' WHERE id=%u
explain: for index_updates :: explain UPDATE sbtest%u SET k=k+1 WHERE id=%u
for point_selects
table 1 : explain SELECT c FROM sbtest1 WHERE id=3305744
	Index Scan using sbtest1_pkey on sbtest1  (cost=0.43..8.45 rows=1 width=121)
	  Index Cond: (id = 3305744)

table 2 : explain SELECT c FROM sbtest2 WHERE id=2132976
	Index Scan using sbtest2_pkey on sbtest2  (cost=0.43..8.45 rows=1 width=121)
	  Index Cond: (id = 2132976)

table 3 : explain SELECT c FROM sbtest3 WHERE id=8009265
	Index Scan using sbtest3_pkey on sbtest3  (cost=0.43..8.45 rows=1 width=121)
	  Index Cond: (id = 8009265)

table 4 : explain SELECT c FROM sbtest4 WHERE id=5849854
	Index Scan using sbtest4_pkey on sbtest4  (cost=0.43..8.45 rows=1 width=121)
	  Index Cond: (id = 5849854)

table 5 : explain SELECT c FROM sbtest5 WHERE id=7810906
	Index Scan using sbtest5_pkey on sbtest5  (cost=0.43..8.45 rows=1 width=121)
	  Index Cond: (id = 7810906)

table 6 : explain SELECT c FROM sbtest6 WHERE id=1339278
	Index Scan using sbtest6_pkey on sbtest6  (cost=0.43..8.45 rows=1 width=121)
	  Index Cond: (id = 1339278)

table 7 : explain SELECT c FROM sbtest7 WHERE id=3544945
	Index Scan using sbtest7_pkey on sbtest7  (cost=0.43..8.45 rows=1 width=121)
	  Index Cond: (id = 3544945)

table 8 : explain SELECT c FROM sbtest8 WHERE id=8008181
	Index Scan using sbtest8_pkey on sbtest8  (cost=0.43..8.45 rows=1 width=121)
	  Index Cond: (id = 8008181)

for: simple_ranges
table 1 : explain SELECT c FROM sbtest1 WHERE id BETWEEN 7808726 AND 7808735
	Index Scan using sbtest1_pkey on sbtest1  (cost=0.43..39.64 rows=10 width=121)
	  Index Cond: ((id >= 7808726) AND (id <= 7808735))

table 2 : explain SELECT c FROM sbtest2 WHERE id BETWEEN 2689745 AND 2689754
	Index Scan using sbtest2_pkey on sbtest2  (cost=0.43..39.70 rows=10 width=121)
	  Index Cond: ((id >= 2689745) AND (id <= 2689754))

table 3 : explain SELECT c FROM sbtest3 WHERE id BETWEEN 8213737 AND 8213746
	Index Scan using sbtest3_pkey on sbtest3  (cost=0.43..36.23 rows=9 width=121)
	  Index Cond: ((id >= 8213737) AND (id <= 8213746))

table 4 : explain SELECT c FROM sbtest4 WHERE id BETWEEN 4097219 AND 4097228
	Index Scan using sbtest4_pkey on sbtest4  (cost=0.43..35.88 rows=9 width=121)
	  Index Cond: ((id >= 4097219) AND (id <= 4097228))

table 5 : explain SELECT c FROM sbtest5 WHERE id BETWEEN 2679003 AND 2679012
	Index Scan using sbtest5_pkey on sbtest5  (cost=0.43..42.42 rows=11 width=121)
	  Index Cond: ((id >= 2679003) AND (id <= 2679012))

table 6 : explain SELECT c FROM sbtest6 WHERE id BETWEEN 2519223 AND 2519232
	Index Scan using sbtest6_pkey on sbtest6  (cost=0.43..39.26 rows=10 width=121)
	  Index Cond: ((id >= 2519223) AND (id <= 2519232))

table 7 : explain SELECT c FROM sbtest7 WHERE id BETWEEN 379517 AND 379526
	Index Scan using sbtest7_pkey on sbtest7  (cost=0.43..35.90 rows=9 width=121)
	  Index Cond: ((id >= 379517) AND (id <= 379526))

table 8 : explain SELECT c FROM sbtest8 WHERE id BETWEEN 2920053 AND 2920062
	Index Scan using sbtest8_pkey on sbtest8  (cost=0.43..39.47 rows=10 width=121)
	  Index Cond: ((id >= 2920053) AND (id <= 2920062))

for: sum_ranges
table 1 : explain SELECT SUM(k) FROM sbtest1 WHERE id BETWEEN 8680639 AND 8680648
	Aggregate  (cost=43.14..43.15 rows=1 width=8)
	  ->  Index Scan using sbtest1_pkey on sbtest1  (cost=0.43..43.11 rows=11 width=4)
	        Index Cond: ((id >= 8680639) AND (id <= 8680648))

table 2 : explain SELECT SUM(k) FROM sbtest2 WHERE id BETWEEN 5459483 AND 5459492
	Aggregate  (cost=36.25..36.26 rows=1 width=8)
	  ->  Index Scan using sbtest2_pkey on sbtest2  (cost=0.43..36.23 rows=9 width=4)
	        Index Cond: ((id >= 5459483) AND (id <= 5459492))

table 3 : explain SELECT SUM(k) FROM sbtest3 WHERE id BETWEEN 5714900 AND 5714909
	Aggregate  (cost=39.72..39.73 rows=1 width=8)
	  ->  Index Scan using sbtest3_pkey on sbtest3  (cost=0.43..39.70 rows=10 width=4)
	        Index Cond: ((id >= 5714900) AND (id <= 5714909))

table 4 : explain SELECT SUM(k) FROM sbtest4 WHERE id BETWEEN 4084753 AND 4084762
	Aggregate  (cost=35.91..35.92 rows=1 width=8)
	  ->  Index Scan using sbtest4_pkey on sbtest4  (cost=0.43..35.88 rows=9 width=4)
	        Index Cond: ((id >= 4084753) AND (id <= 4084762))

table 5 : explain SELECT SUM(k) FROM sbtest5 WHERE id BETWEEN 2966890 AND 2966899
	Aggregate  (cost=35.65..35.66 rows=1 width=8)
	  ->  Index Scan using sbtest5_pkey on sbtest5  (cost=0.43..35.63 rows=9 width=4)
	        Index Cond: ((id >= 2966890) AND (id <= 2966899))

table 6 : explain SELECT SUM(k) FROM sbtest6 WHERE id BETWEEN 66657 AND 66666
	Aggregate  (cost=39.29..39.30 rows=1 width=8)
	  ->  Index Scan using sbtest6_pkey on sbtest6  (cost=0.43..39.26 rows=10 width=4)
	        Index Cond: ((id >= 66657) AND (id <= 66666))

table 7 : explain SELECT SUM(k) FROM sbtest7 WHERE id BETWEEN 2062998 AND 2063007
	Aggregate  (cost=35.92..35.93 rows=1 width=8)
	  ->  Index Scan using sbtest7_pkey on sbtest7  (cost=0.43..35.90 rows=9 width=4)
	        Index Cond: ((id >= 2062998) AND (id <= 2063007))

table 8 : explain SELECT SUM(k) FROM sbtest8 WHERE id BETWEEN 3322469 AND 3322478
	Aggregate  (cost=39.49..39.50 rows=1 width=8)
	  ->  Index Scan using sbtest8_pkey on sbtest8  (cost=0.43..39.47 rows=10 width=4)
	        Index Cond: ((id >= 3322469) AND (id <= 3322478))

for: simple_ranges
table 1 : explain SELECT c FROM sbtest1 WHERE id BETWEEN 8089662 AND 8089671
	Index Scan using sbtest1_pkey on sbtest1  (cost=0.43..39.64 rows=10 width=121)
	  Index Cond: ((id >= 8089662) AND (id <= 8089671))

table 2 : explain SELECT c FROM sbtest2 WHERE id BETWEEN 7693622 AND 7693631
	Index Scan using sbtest2_pkey on sbtest2  (cost=0.43..39.70 rows=10 width=121)
	  Index Cond: ((id >= 7693622) AND (id <= 7693631))

table 3 : explain SELECT c FROM sbtest3 WHERE id BETWEEN 7060367 AND 7060376
	Index Scan using sbtest3_pkey on sbtest3  (cost=0.43..39.70 rows=10 width=121)
	  Index Cond: ((id >= 7060367) AND (id <= 7060376))

table 4 : explain SELECT c FROM sbtest4 WHERE id BETWEEN 333378 AND 333387
	Index Scan using sbtest4_pkey on sbtest4  (cost=0.43..35.88 rows=9 width=121)
	  Index Cond: ((id >= 333378) AND (id <= 333387))

table 5 : explain SELECT c FROM sbtest5 WHERE id BETWEEN 3498654 AND 3498663
	Index Scan using sbtest5_pkey on sbtest5  (cost=0.43..39.02 rows=10 width=121)
	  Index Cond: ((id >= 3498654) AND (id <= 3498663))

table 6 : explain SELECT c FROM sbtest6 WHERE id BETWEEN 6983647 AND 6983656
	Index Scan using sbtest6_pkey on sbtest6  (cost=0.43..35.84 rows=9 width=121)
	  Index Cond: ((id >= 6983647) AND (id <= 6983656))

table 7 : explain SELECT c FROM sbtest7 WHERE id BETWEEN 7385288 AND 7385297
	Index Scan using sbtest7_pkey on sbtest7  (cost=0.43..39.33 rows=10 width=121)
	  Index Cond: ((id >= 7385288) AND (id <= 7385297))

table 8 : explain SELECT c FROM sbtest8 WHERE id BETWEEN 5254688 AND 5254697
	Index Scan using sbtest8_pkey on sbtest8  (cost=0.43..39.47 rows=10 width=121)
	  Index Cond: ((id >= 5254688) AND (id <= 5254697))

for: simple_ranges
table 1 : explain SELECT c FROM sbtest1 WHERE id BETWEEN 7457368 AND 7457377
	Index Scan using sbtest1_pkey on sbtest1  (cost=0.43..39.64 rows=10 width=121)
	  Index Cond: ((id >= 7457368) AND (id <= 7457377))

table 2 : explain SELECT c FROM sbtest2 WHERE id BETWEEN 1391118 AND 1391127
	Index Scan using sbtest2_pkey on sbtest2  (cost=0.43..39.70 rows=10 width=121)
	  Index Cond: ((id >= 1391118) AND (id <= 1391127))

table 3 : explain SELECT c FROM sbtest3 WHERE id BETWEEN 9505654 AND 9505663
	Index Scan using sbtest3_pkey on sbtest3  (cost=0.43..39.70 rows=10 width=121)
	  Index Cond: ((id >= 9505654) AND (id <= 9505663))

table 4 : explain SELECT c FROM sbtest4 WHERE id BETWEEN 9950229 AND 9950238
	Index Scan using sbtest4_pkey on sbtest4  (cost=0.43..39.31 rows=10 width=121)
	  Index Cond: ((id >= 9950229) AND (id <= 9950238))

table 5 : explain SELECT c FROM sbtest5 WHERE id BETWEEN 3626380 AND 3626389
	Index Scan using sbtest5_pkey on sbtest5  (cost=0.43..35.63 rows=9 width=121)
	  Index Cond: ((id >= 3626380) AND (id <= 3626389))

table 6 : explain SELECT c FROM sbtest6 WHERE id BETWEEN 4425149 AND 4425158
	Index Scan using sbtest6_pkey on sbtest6  (cost=0.43..42.69 rows=11 width=121)
	  Index Cond: ((id >= 4425149) AND (id <= 4425158))

table 7 : explain SELECT c FROM sbtest7 WHERE id BETWEEN 1066589 AND 1066598
	Index Scan using sbtest7_pkey on sbtest7  (cost=0.43..39.33 rows=10 width=121)
	  Index Cond: ((id >= 1066589) AND (id <= 1066598))

table 8 : explain SELECT c FROM sbtest8 WHERE id BETWEEN 1917655 AND 1917664
	Index Scan using sbtest8_pkey on sbtest8  (cost=0.43..39.47 rows=10 width=121)
	  Index Cond: ((id >= 1917655) AND (id <= 1917664))

for non_index_updates
table 1 : explain UPDATE sbtest1 SET c='foobar' WHERE id=8135554
	Update on sbtest1  (cost=0.43..8.45 rows=0 width=0)
	  ->  Index Scan using sbtest1_pkey on sbtest1  (cost=0.43..8.45 rows=1 width=490)
	        Index Cond: (id = 8135554)

table 2 : explain UPDATE sbtest2 SET c='foobar' WHERE id=7728280
	Update on sbtest2  (cost=0.43..8.45 rows=0 width=0)
	  ->  Index Scan using sbtest2_pkey on sbtest2  (cost=0.43..8.45 rows=1 width=490)
	        Index Cond: (id = 7728280)

table 3 : explain UPDATE sbtest3 SET c='foobar' WHERE id=5577228
	Update on sbtest3  (cost=0.43..8.45 rows=0 width=0)
	  ->  Index Scan using sbtest3_pkey on sbtest3  (cost=0.43..8.45 rows=1 width=490)
	        Index Cond: (id = 5577228)

table 4 : explain UPDATE sbtest4 SET c='foobar' WHERE id=3964564
	Update on sbtest4  (cost=0.43..8.45 rows=0 width=0)
	  ->  Index Scan using sbtest4_pkey on sbtest4  (cost=0.43..8.45 rows=1 width=490)
	        Index Cond: (id = 3964564)

table 5 : explain UPDATE sbtest5 SET c='foobar' WHERE id=9883800
	Update on sbtest5  (cost=0.43..8.45 rows=0 width=0)
	  ->  Index Scan using sbtest5_pkey on sbtest5  (cost=0.43..8.45 rows=1 width=490)
	        Index Cond: (id = 9883800)

table 6 : explain UPDATE sbtest6 SET c='foobar' WHERE id=1957979
	Update on sbtest6  (cost=0.43..8.45 rows=0 width=0)
	  ->  Index Scan using sbtest6_pkey on sbtest6  (cost=0.43..8.45 rows=1 width=490)
	        Index Cond: (id = 1957979)

table 7 : explain UPDATE sbtest7 SET c='foobar' WHERE id=7491685
	Update on sbtest7  (cost=0.43..8.45 rows=0 width=0)
	  ->  Index Scan using sbtest7_pkey on sbtest7  (cost=0.43..8.45 rows=1 width=490)
	        Index Cond: (id = 7491685)

table 8 : explain UPDATE sbtest8 SET c='foobar' WHERE id=1057374
	Update on sbtest8  (cost=0.43..8.45 rows=0 width=0)
	  ->  Index Scan using sbtest8_pkey on sbtest8  (cost=0.43..8.45 rows=1 width=490)
	        Index Cond: (id = 1057374)

for: order_ranges
table 1 : explain SELECT c FROM sbtest1 WHERE id BETWEEN 3488504 AND 3488513 ORDER BY c
	Sort  (cost=43.30..43.33 rows=11 width=121)
	  Sort Key: c
	  ->  Index Scan using sbtest1_pkey on sbtest1  (cost=0.43..43.11 rows=11 width=121)
	        Index Cond: ((id >= 3488504) AND (id <= 3488513))

table 2 : explain SELECT c FROM sbtest2 WHERE id BETWEEN 3924387 AND 3924396 ORDER BY c
	Sort  (cost=39.86..39.89 rows=10 width=121)
	  Sort Key: c
	  ->  Index Scan using sbtest2_pkey on sbtest2  (cost=0.43..39.70 rows=10 width=121)
	        Index Cond: ((id >= 3924387) AND (id <= 3924396))

table 3 : explain SELECT c FROM sbtest3 WHERE id BETWEEN 2680225 AND 2680234 ORDER BY c
	Sort  (cost=39.86..39.89 rows=10 width=121)
	  Sort Key: c
	  ->  Index Scan using sbtest3_pkey on sbtest3  (cost=0.43..39.70 rows=10 width=121)
	        Index Cond: ((id >= 2680225) AND (id <= 2680234))

table 4 : explain SELECT c FROM sbtest4 WHERE id BETWEEN 1350724 AND 1350733 ORDER BY c
	Sort  (cost=39.48..39.50 rows=10 width=121)
	  Sort Key: c
	  ->  Index Scan using sbtest4_pkey on sbtest4  (cost=0.43..39.31 rows=10 width=121)
	        Index Cond: ((id >= 1350724) AND (id <= 1350733))

table 5 : explain SELECT c FROM sbtest5 WHERE id BETWEEN 6207455 AND 6207464 ORDER BY c
	Sort  (cost=35.77..35.79 rows=9 width=121)
	  Sort Key: c
	  ->  Index Scan using sbtest5_pkey on sbtest5  (cost=0.43..35.63 rows=9 width=121)
	        Index Cond: ((id >= 6207455) AND (id <= 6207464))

table 6 : explain SELECT c FROM sbtest6 WHERE id BETWEEN 3704762 AND 3704771 ORDER BY c
	Sort  (cost=35.98..36.01 rows=9 width=121)
	  Sort Key: c
	  ->  Index Scan using sbtest6_pkey on sbtest6  (cost=0.43..35.84 rows=9 width=121)
	        Index Cond: ((id >= 3704762) AND (id <= 3704771))

table 7 : explain SELECT c FROM sbtest7 WHERE id BETWEEN 2308109 AND 2308118 ORDER BY c
	Sort  (cost=42.95..42.97 rows=11 width=121)
	  Sort Key: c
	  ->  Index Scan using sbtest7_pkey on sbtest7  (cost=0.43..42.76 rows=11 width=121)
	        Index Cond: ((id >= 2308109) AND (id <= 2308118))

table 8 : explain SELECT c FROM sbtest8 WHERE id BETWEEN 1916736 AND 1916745 ORDER BY c
	Sort  (cost=39.63..39.66 rows=10 width=121)
	  Sort Key: c
	  ->  Index Scan using sbtest8_pkey on sbtest8  (cost=0.43..39.47 rows=10 width=121)
	        Index Cond: ((id >= 1916736) AND (id <= 1916745))

for index_updates
table 1 : explain UPDATE sbtest1 SET k=k+1 WHERE id=134523
	Update on sbtest1  (cost=0.43..8.46 rows=0 width=0)
	  ->  Index Scan using sbtest1_pkey on sbtest1  (cost=0.43..8.46 rows=1 width=10)
	        Index Cond: (id = 134523)

table 2 : explain UPDATE sbtest2 SET k=k+1 WHERE id=4324895
	Update on sbtest2  (cost=0.43..8.46 rows=0 width=0)
	  ->  Index Scan using sbtest2_pkey on sbtest2  (cost=0.43..8.46 rows=1 width=10)
	        Index Cond: (id = 4324895)

table 3 : explain UPDATE sbtest3 SET k=k+1 WHERE id=7203231
	Update on sbtest3  (cost=0.43..8.46 rows=0 width=0)
	  ->  Index Scan using sbtest3_pkey on sbtest3  (cost=0.43..8.46 rows=1 width=10)
	        Index Cond: (id = 7203231)

table 4 : explain UPDATE sbtest4 SET k=k+1 WHERE id=9083938
	Update on sbtest4  (cost=0.43..8.46 rows=0 width=0)
	  ->  Index Scan using sbtest4_pkey on sbtest4  (cost=0.43..8.46 rows=1 width=10)
	        Index Cond: (id = 9083938)

table 5 : explain UPDATE sbtest5 SET k=k+1 WHERE id=7856754
	Update on sbtest5  (cost=0.43..8.46 rows=0 width=0)
	  ->  Index Scan using sbtest5_pkey on sbtest5  (cost=0.43..8.46 rows=1 width=10)
	        Index Cond: (id = 7856754)

table 6 : explain UPDATE sbtest6 SET k=k+1 WHERE id=7150509
	Update on sbtest6  (cost=0.43..8.46 rows=0 width=0)
	  ->  Index Scan using sbtest6_pkey on sbtest6  (cost=0.43..8.46 rows=1 width=10)
	        Index Cond: (id = 7150509)

table 7 : explain UPDATE sbtest7 SET k=k+1 WHERE id=2045242
	Update on sbtest7  (cost=0.43..8.46 rows=0 width=0)
	  ->  Index Scan using sbtest7_pkey on sbtest7  (cost=0.43..8.46 rows=1 width=10)
	        Index Cond: (id = 2045242)

table 8 : explain UPDATE sbtest8 SET k=k+1 WHERE id=5561401
	Update on sbtest8  (cost=0.43..8.46 rows=0 width=0)
	  ->  Index Scan using sbtest8_pkey on sbtest8  (cost=0.43..8.46 rows=1 width=10)
	        Index Cond: (id = 5561401)

for: simple_ranges
table 1 : explain SELECT c FROM sbtest1 WHERE id BETWEEN 7291047 AND 7291056
	Index Scan using sbtest1_pkey on sbtest1  (cost=0.43..39.64 rows=10 width=121)
	  Index Cond: ((id >= 7291047) AND (id <= 7291056))

table 2 : explain SELECT c FROM sbtest2 WHERE id BETWEEN 7010459 AND 7010468
	Index Scan using sbtest2_pkey on sbtest2  (cost=0.43..43.17 rows=11 width=121)
	  Index Cond: ((id >= 7010459) AND (id <= 7010468))

table 3 : explain SELECT c FROM sbtest3 WHERE id BETWEEN 1351922 AND 1351931
	Index Scan using sbtest3_pkey on sbtest3  (cost=0.43..39.70 rows=10 width=121)
	  Index Cond: ((id >= 1351922) AND (id <= 1351931))

table 4 : explain SELECT c FROM sbtest4 WHERE id BETWEEN 6179208 AND 6179217
	Index Scan using sbtest4_pkey on sbtest4  (cost=0.43..39.31 rows=10 width=121)
	  Index Cond: ((id >= 6179208) AND (id <= 6179217))

table 5 : explain SELECT c FROM sbtest5 WHERE id BETWEEN 6931866 AND 6931875
	Index Scan using sbtest5_pkey on sbtest5  (cost=0.43..39.02 rows=10 width=121)
	  Index Cond: ((id >= 6931866) AND (id <= 6931875))

table 6 : explain SELECT c FROM sbtest6 WHERE id BETWEEN 227102 AND 227111
	Index Scan using sbtest6_pkey on sbtest6  (cost=0.43..39.26 rows=10 width=121)
	  Index Cond: ((id >= 227102) AND (id <= 227111))

table 7 : explain SELECT c FROM sbtest7 WHERE id BETWEEN 5067446 AND 5067455
	Index Scan using sbtest7_pkey on sbtest7  (cost=0.43..39.33 rows=10 width=121)
	  Index Cond: ((id >= 5067446) AND (id <= 5067455))

table 8 : explain SELECT c FROM sbtest8 WHERE id BETWEEN 1389599 AND 1389608
	Index Scan using sbtest8_pkey on sbtest8  (cost=0.43..36.02 rows=9 width=121)
	  Index Cond: ((id >= 1389599) AND (id <= 1389608))

explain: for deletes :: explain DELETE FROM sbtest%u WHERE id=%u
for: order_ranges
table 1 : explain SELECT c FROM sbtest1 WHERE id BETWEEN 6558124 AND 6558133 ORDER BY c
	Sort  (cost=43.30..43.33 rows=11 width=121)
	  Sort Key: c
	  ->  Index Scan using sbtest1_pkey on sbtest1  (cost=0.43..43.11 rows=11 width=121)
	        Index Cond: ((id >= 6558124) AND (id <= 6558133))

table 2 : explain SELECT c FROM sbtest2 WHERE id BETWEEN 4226538 AND 4226547 ORDER BY c
	Sort  (cost=36.37..36.39 rows=9 width=121)
	  Sort Key: c
	  ->  Index Scan using sbtest2_pkey on sbtest2  (cost=0.43..36.23 rows=9 width=121)
	        Index Cond: ((id >= 4226538) AND (id <= 4226547))

table 3 : explain SELECT c FROM sbtest3 WHERE id BETWEEN 3213013 AND 3213022 ORDER BY c
	Sort  (cost=39.86..39.89 rows=10 width=121)
	  Sort Key: c
	  ->  Index Scan using sbtest3_pkey on sbtest3  (cost=0.43..39.70 rows=10 width=121)
	        Index Cond: ((id >= 3213013) AND (id <= 3213022))

table 4 : explain SELECT c FROM sbtest4 WHERE id BETWEEN 3085931 AND 3085940 ORDER BY c
	Sort  (cost=39.48..39.50 rows=10 width=121)
	  Sort Key: c
	  ->  Index Scan using sbtest4_pkey on sbtest4  (cost=0.43..39.31 rows=10 width=121)
	        Index Cond: ((id >= 3085931) AND (id <= 3085940))

table 5 : explain SELECT c FROM sbtest5 WHERE id BETWEEN 7290668 AND 7290677 ORDER BY c
	Sort  (cost=39.19..39.22 rows=10 width=121)
	  Sort Key: c
	  ->  Index Scan using sbtest5_pkey on sbtest5  (cost=0.43..39.02 rows=10 width=121)
	        Index Cond: ((id >= 7290668) AND (id <= 7290677))

table 6 : explain SELECT c FROM sbtest6 WHERE id BETWEEN 2278250 AND 2278259 ORDER BY c
	Sort  (cost=35.98..36.01 rows=9 width=121)
	  Sort Key: c
	  ->  Index Scan using sbtest6_pkey on sbtest6  (cost=0.43..35.84 rows=9 width=121)
	        Index Cond: ((id >= 2278250) AND (id <= 2278259))

table 7 : explain SELECT c FROM sbtest7 WHERE id BETWEEN 8815412 AND 8815421 ORDER BY c
	Sort  (cost=36.04..36.06 rows=9 width=121)
	  Sort Key: c
	  ->  Index Scan using sbtest7_pkey on sbtest7  (cost=0.43..35.90 rows=9 width=121)
	        Index Cond: ((id >= 8815412) AND (id <= 8815421))

table 8 : explain SELECT c FROM sbtest8 WHERE id BETWEEN 7487533 AND 7487542 ORDER BY c
	Sort  (cost=43.10..43.13 rows=11 width=121)
	  Sort Key: c
	  ->  Index Scan using sbtest8_pkey on sbtest8  (cost=0.43..42.91 rows=11 width=121)
	        Index Cond: ((id >= 7487533) AND (id <= 7487542))

explain: for non_index_updates :: explain UPDATE sbtest%u SET c='foobar' WHERE id=%u
for: simple_ranges
table 1 : explain SELECT c FROM sbtest1 WHERE id BETWEEN 3539317 AND 3539326
	Index Scan using sbtest1_pkey on sbtest1  (cost=0.43..43.11 rows=11 width=121)
	  Index Cond: ((id >= 3539317) AND (id <= 3539326))

table 2 : explain SELECT c FROM sbtest2 WHERE id BETWEEN 7228693 AND 7228702
	Index Scan using sbtest2_pkey on sbtest2  (cost=0.43..43.17 rows=11 width=121)
	  Index Cond: ((id >= 7228693) AND (id <= 7228702))

table 3 : explain SELECT c FROM sbtest3 WHERE id BETWEEN 2658155 AND 2658164
	Index Scan using sbtest3_pkey on sbtest3  (cost=0.43..39.70 rows=10 width=121)
	  Index Cond: ((id >= 2658155) AND (id <= 2658164))

table 4 : explain SELECT c FROM sbtest4 WHERE id BETWEEN 2832527 AND 2832536
	Index Scan using sbtest4_pkey on sbtest4  (cost=0.43..39.31 rows=10 width=121)
	  Index Cond: ((id >= 2832527) AND (id <= 2832536))

table 5 : explain SELECT c FROM sbtest5 WHERE id BETWEEN 2443653 AND 2443662
	Index Scan using sbtest5_pkey on sbtest5  (cost=0.43..39.02 rows=10 width=121)
	  Index Cond: ((id >= 2443653) AND (id <= 2443662))

table 6 : explain SELECT c FROM sbtest6 WHERE id BETWEEN 4253312 AND 4253321
	Index Scan using sbtest6_pkey on sbtest6  (cost=0.43..39.26 rows=10 width=121)
	  Index Cond: ((id >= 4253312) AND (id <= 4253321))

table 7 : explain SELECT c FROM sbtest7 WHERE id BETWEEN 8780783 AND 8780792
	Index Scan using sbtest7_pkey on sbtest7  (cost=0.43..39.33 rows=10 width=121)
	  Index Cond: ((id >= 8780783) AND (id <= 8780792))

table 8 : explain SELECT c FROM sbtest8 WHERE id BETWEEN 7330986 AND 7330995
	Index Scan using sbtest8_pkey on sbtest8  (cost=0.43..36.02 rows=9 width=121)
	  Index Cond: ((id >= 7330986) AND (id <= 7330995))

for: order_ranges
table 1 : explain SELECT c FROM sbtest1 WHERE id BETWEEN 3100113 AND 3100122 ORDER BY c
	Sort  (cost=36.32..36.34 rows=9 width=121)
	  Sort Key: c
	  ->  Index Scan using sbtest1_pkey on sbtest1  (cost=0.43..36.18 rows=9 width=121)
	        Index Cond: ((id >= 3100113) AND (id <= 3100122))

table 2 : explain SELECT c FROM sbtest2 WHERE id BETWEEN 8624218 AND 8624227 ORDER BY c
	Sort  (cost=43.36..43.39 rows=11 width=121)
	  Sort Key: c
	  ->  Index Scan using sbtest2_pkey on sbtest2  (cost=0.43..43.17 rows=11 width=121)
	        Index Cond: ((id >= 8624218) AND (id <= 8624227))

table 3 : explain SELECT c FROM sbtest3 WHERE id BETWEEN 9512106 AND 9512115 ORDER BY c
	Sort  (cost=39.86..39.89 rows=10 width=121)
	  Sort Key: c
	  ->  Index Scan using sbtest3_pkey on sbtest3  (cost=0.43..39.70 rows=10 width=121)
	        Index Cond: ((id >= 9512106) AND (id <= 9512115))

table 4 : explain SELECT c FROM sbtest4 WHERE id BETWEEN 4160705 AND 4160714 ORDER BY c
	Sort  (cost=36.03..36.05 rows=9 width=121)
	  Sort Key: c
	  ->  Index Scan using sbtest4_pkey on sbtest4  (cost=0.43..35.88 rows=9 width=121)
	        Index Cond: ((id >= 4160705) AND (id <= 4160714))

table 5 : explain SELECT c FROM sbtest5 WHERE id BETWEEN 4900741 AND 4900750 ORDER BY c
	Sort  (cost=39.19..39.22 rows=10 width=121)
	  Sort Key: c
	  ->  Index Scan using sbtest5_pkey on sbtest5  (cost=0.43..39.02 rows=10 width=121)
	        Index Cond: ((id >= 4900741) AND (id <= 4900750))

table 6 : explain SELECT c FROM sbtest6 WHERE id BETWEEN 7047076 AND 7047085 ORDER BY c
	Sort  (cost=35.98..36.01 rows=9 width=121)
	  Sort Key: c
	  ->  Index Scan using sbtest6_pkey on sbtest6  (cost=0.43..35.84 rows=9 width=121)
	        Index Cond: ((id >= 7047076) AND (id <= 7047085))

table 7 : explain SELECT c FROM sbtest7 WHERE id BETWEEN 4544555 AND 4544564 ORDER BY c
	Sort  (cost=36.04..36.06 rows=9 width=121)
	  Sort Key: c
	  ->  Index Scan using sbtest7_pkey on sbtest7  (cost=0.43..35.90 rows=9 width=121)
	        Index Cond: ((id >= 4544555) AND (id <= 4544564))

table 8 : explain SELECT c FROM sbtest8 WHERE id BETWEEN 8435627 AND 8435636 ORDER BY c
	Sort  (cost=39.63..39.66 rows=10 width=121)
	  Sort Key: c
	  ->  Index Scan using sbtest8_pkey on sbtest8  (cost=0.43..39.47 rows=10 width=121)
	        Index Cond: ((id >= 8435627) AND (id <= 8435636))

for deletes
table 1 : explain DELETE FROM sbtest1 WHERE id=5350528
	Delete on sbtest1  (cost=0.43..8.45 rows=0 width=0)
	  ->  Index Scan using sbtest1_pkey on sbtest1  (cost=0.43..8.45 rows=1 width=6)
	        Index Cond: (id = 5350528)

table 2 : explain DELETE FROM sbtest2 WHERE id=1916984
	Delete on sbtest2  (cost=0.43..8.45 rows=0 width=0)
	  ->  Index Scan using sbtest2_pkey on sbtest2  (cost=0.43..8.45 rows=1 width=6)
	        Index Cond: (id = 1916984)

table 3 : explain DELETE FROM sbtest3 WHERE id=7992265
	Delete on sbtest3  (cost=0.43..8.45 rows=0 width=0)
	  ->  Index Scan using sbtest3_pkey on sbtest3  (cost=0.43..8.45 rows=1 width=6)
	        Index Cond: (id = 7992265)

table 4 : explain DELETE FROM sbtest4 WHERE id=5490570
	Delete on sbtest4  (cost=0.43..8.45 rows=0 width=0)
	  ->  Index Scan using sbtest4_pkey on sbtest4  (cost=0.43..8.45 rows=1 width=6)
	        Index Cond: (id = 5490570)

table 5 : explain DELETE FROM sbtest5 WHERE id=3061814
	Delete on sbtest5  (cost=0.43..8.45 rows=0 width=0)
	  ->  Index Scan using sbtest5_pkey on sbtest5  (cost=0.43..8.45 rows=1 width=6)
	        Index Cond: (id = 3061814)

table 6 : explain DELETE FROM sbtest6 WHERE id=3658238
	Delete on sbtest6  (cost=0.43..8.45 rows=0 width=0)
	  ->  Index Scan using sbtest6_pkey on sbtest6  (cost=0.43..8.45 rows=1 width=6)
	        Index Cond: (id = 3658238)

table 7 : explain DELETE FROM sbtest7 WHERE id=9633475
	Delete on sbtest7  (cost=0.43..8.45 rows=0 width=0)
	  ->  Index Scan using sbtest7_pkey on sbtest7  (cost=0.43..8.45 rows=1 width=6)
	        Index Cond: (id = 9633475)

table 8 : explain DELETE FROM sbtest8 WHERE id=6375102
	Delete on sbtest8  (cost=0.43..8.45 rows=0 width=0)
	  ->  Index Scan using sbtest8_pkey on sbtest8  (cost=0.43..8.45 rows=1 width=6)
	        Index Cond: (id = 6375102)

for: sum_ranges
table 1 : explain SELECT SUM(k) FROM sbtest1 WHERE id BETWEEN 2877075 AND 2877084
	Aggregate  (cost=39.67..39.68 rows=1 width=8)
	  ->  Index Scan using sbtest1_pkey on sbtest1  (cost=0.43..39.64 rows=10 width=4)
	        Index Cond: ((id >= 2877075) AND (id <= 2877084))

table 2 : explain SELECT SUM(k) FROM sbtest2 WHERE id BETWEEN 6136621 AND 6136630
	Aggregate  (cost=39.72..39.73 rows=1 width=8)
	  ->  Index Scan using sbtest2_pkey on sbtest2  (cost=0.43..39.70 rows=10 width=4)
	        Index Cond: ((id >= 6136621) AND (id <= 6136630))

table 3 : explain SELECT SUM(k) FROM sbtest3 WHERE id BETWEEN 4509210 AND 4509219
	Aggregate  (cost=36.25..36.26 rows=1 width=8)
	  ->  Index Scan using sbtest3_pkey on sbtest3  (cost=0.43..36.23 rows=9 width=4)
	        Index Cond: ((id >= 4509210) AND (id <= 4509219))

table 4 : explain SELECT SUM(k) FROM sbtest4 WHERE id BETWEEN 6291539 AND 6291548
	Aggregate  (cost=39.34..39.35 rows=1 width=8)
	  ->  Index Scan using sbtest4_pkey on sbtest4  (cost=0.43..39.31 rows=10 width=4)
	        Index Cond: ((id >= 6291539) AND (id <= 6291548))

table 5 : explain SELECT SUM(k) FROM sbtest5 WHERE id BETWEEN 1479895 AND 1479904
	Aggregate  (cost=35.65..35.66 rows=1 width=8)
	  ->  Index Scan using sbtest5_pkey on sbtest5  (cost=0.43..35.63 rows=9 width=4)
	        Index Cond: ((id >= 1479895) AND (id <= 1479904))

table 6 : explain SELECT SUM(k) FROM sbtest6 WHERE id BETWEEN 907900 AND 907909
	Aggregate  (cost=39.29..39.30 rows=1 width=8)
	  ->  Index Scan using sbtest6_pkey on sbtest6  (cost=0.43..39.26 rows=10 width=4)
	        Index Cond: ((id >= 907900) AND (id <= 907909))

table 7 : explain SELECT SUM(k) FROM sbtest7 WHERE id BETWEEN 9717715 AND 9717724
	Aggregate  (cost=35.92..35.93 rows=1 width=8)
	  ->  Index Scan using sbtest7_pkey on sbtest7  (cost=0.43..35.90 rows=9 width=4)
	        Index Cond: ((id >= 9717715) AND (id <= 9717724))

table 8 : explain SELECT SUM(k) FROM sbtest8 WHERE id BETWEEN 9412648 AND 9412657
	Aggregate  (cost=39.49..39.50 rows=1 width=8)
	  ->  Index Scan using sbtest8_pkey on sbtest8  (cost=0.43..39.47 rows=10 width=4)
	        Index Cond: ((id >= 9412648) AND (id <= 9412657))

for non_index_updates
table 1 : explain UPDATE sbtest1 SET c='foobar' WHERE id=2004667
	Update on sbtest1  (cost=0.43..8.45 rows=0 width=0)
	  ->  Index Scan using sbtest1_pkey on sbtest1  (cost=0.43..8.45 rows=1 width=490)
	        Index Cond: (id = 2004667)

table 2 : explain UPDATE sbtest2 SET c='foobar' WHERE id=1656935
	Update on sbtest2  (cost=0.43..8.45 rows=0 width=0)
	  ->  Index Scan using sbtest2_pkey on sbtest2  (cost=0.43..8.45 rows=1 width=490)
	        Index Cond: (id = 1656935)

table 3 : explain UPDATE sbtest3 SET c='foobar' WHERE id=3119632
	Update on sbtest3  (cost=0.43..8.45 rows=0 width=0)
	  ->  Index Scan using sbtest3_pkey on sbtest3  (cost=0.43..8.45 rows=1 width=490)
	        Index Cond: (id = 3119632)

table 4 : explain UPDATE sbtest4 SET c='foobar' WHERE id=5120004
	Update on sbtest4  (cost=0.43..8.45 rows=0 width=0)
	  ->  Index Scan using sbtest4_pkey on sbtest4  (cost=0.43..8.45 rows=1 width=490)
	        Index Cond: (id = 5120004)

table 5 : explain UPDATE sbtest5 SET c='foobar' WHERE id=1002258
	Update on sbtest5  (cost=0.43..8.45 rows=0 width=0)
	  ->  Index Scan using sbtest5_pkey on sbtest5  (cost=0.43..8.45 rows=1 width=490)
	        Index Cond: (id = 1002258)

table 6 : explain UPDATE sbtest6 SET c='foobar' WHERE id=9347794
	Update on sbtest6  (cost=0.43..8.45 rows=0 width=0)
	  ->  Index Scan using sbtest6_pkey on sbtest6  (cost=0.43..8.45 rows=1 width=490)
	        Index Cond: (id = 9347794)

table 7 : explain UPDATE sbtest7 SET c='foobar' WHERE id=2011949
	Update on sbtest7  (cost=0.43..8.45 rows=0 width=0)
	  ->  Index Scan using sbtest7_pkey on sbtest7  (cost=0.43..8.45 rows=1 width=490)
	        Index Cond: (id = 2011949)

table 8 : explain UPDATE sbtest8 SET c='foobar' WHERE id=6582767
	Update on sbtest8  (cost=0.43..8.45 rows=0 width=0)
	  ->  Index Scan using sbtest8_pkey on sbtest8  (cost=0.43..8.45 rows=1 width=490)
	        Index Cond: (id = 6582767)

explain: for deletes :: explain DELETE FROM sbtest%u WHERE id=%u
for: distinct_ranges
table 1 : explain SELECT DISTINCT c FROM sbtest1 WHERE id BETWEEN 7500141 AND 7500150 ORDER BY c
	Unique  (cost=39.81..39.86 rows=10 width=121)
	  ->  Sort  (cost=39.81..39.83 rows=10 width=121)
	        Sort Key: c
	        ->  Index Scan using sbtest1_pkey on sbtest1  (cost=0.43..39.64 rows=10 width=121)
	              Index Cond: ((id >= 7500141) AND (id <= 7500150))

table 2 : explain SELECT DISTINCT c FROM sbtest2 WHERE id BETWEEN 8355402 AND 8355411 ORDER BY c
	Unique  (cost=39.86..39.91 rows=10 width=121)
	  ->  Sort  (cost=39.86..39.89 rows=10 width=121)
	        Sort Key: c
	        ->  Index Scan using sbtest2_pkey on sbtest2  (cost=0.43..39.70 rows=10 width=121)
	              Index Cond: ((id >= 8355402) AND (id <= 8355411))

table 3 : explain SELECT DISTINCT c FROM sbtest3 WHERE id BETWEEN 5630019 AND 5630028 ORDER BY c
	Unique  (cost=39.86..39.91 rows=10 width=121)
	  ->  Sort  (cost=39.86..39.89 rows=10 width=121)
	        Sort Key: c
	        ->  Index Scan using sbtest3_pkey on sbtest3  (cost=0.43..39.70 rows=10 width=121)
	              Index Cond: ((id >= 5630019) AND (id <= 5630028))

table 4 : explain SELECT DISTINCT c FROM sbtest4 WHERE id BETWEEN 694144 AND 694153 ORDER BY c
	Unique  (cost=36.03..36.07 rows=9 width=121)
	  ->  Sort  (cost=36.03..36.05 rows=9 width=121)
	        Sort Key: c
	        ->  Index Scan using sbtest4_pkey on sbtest4  (cost=0.43..35.88 rows=9 width=121)
	              Index Cond: ((id >= 694144) AND (id <= 694153))

table 5 : explain SELECT DISTINCT c FROM sbtest5 WHERE id BETWEEN 4934323 AND 4934332 ORDER BY c
	Unique  (cost=39.19..39.24 rows=10 width=121)
	  ->  Sort  (cost=39.19..39.22 rows=10 width=121)
	        Sort Key: c
	        ->  Index Scan using sbtest5_pkey on sbtest5  (cost=0.43..39.02 rows=10 width=121)
	              Index Cond: ((id >= 4934323) AND (id <= 4934332))

table 6 : explain SELECT DISTINCT c FROM sbtest6 WHERE id BETWEEN 971485 AND 971494 ORDER BY c
	Unique  (cost=39.43..39.48 rows=10 width=121)
	  ->  Sort  (cost=39.43..39.46 rows=10 width=121)
	        Sort Key: c
	        ->  Index Scan using sbtest6_pkey on sbtest6  (cost=0.43..39.26 rows=10 width=121)
	              Index Cond: ((id >= 971485) AND (id <= 971494))

table 7 : explain SELECT DISTINCT c FROM sbtest7 WHERE id BETWEEN 9131955 AND 9131964 ORDER BY c
	Unique  (cost=39.49..39.54 rows=10 width=121)
	  ->  Sort  (cost=39.49..39.52 rows=10 width=121)
	        Sort Key: c
	        ->  Index Scan using sbtest7_pkey on sbtest7  (cost=0.43..39.33 rows=10 width=121)
	              Index Cond: ((id >= 9131955) AND (id <= 9131964))

table 8 : explain SELECT DISTINCT c FROM sbtest8 WHERE id BETWEEN 4017651 AND 4017660 ORDER BY c
	Unique  (cost=39.63..39.68 rows=10 width=121)
	  ->  Sort  (cost=39.63..39.66 rows=10 width=121)
	        Sort Key: c
	        ->  Index Scan using sbtest8_pkey on sbtest8  (cost=0.43..39.47 rows=10 width=121)
	              Index Cond: ((id >= 4017651) AND (id <= 4017660))

for: sum_ranges
table 1 : explain SELECT SUM(k) FROM sbtest1 WHERE id BETWEEN 5460512 AND 5460521
	Aggregate  (cost=43.14..43.15 rows=1 width=8)
	  ->  Index Scan using sbtest1_pkey on sbtest1  (cost=0.43..43.11 rows=11 width=4)
	        Index Cond: ((id >= 5460512) AND (id <= 5460521))

table 2 : explain SELECT SUM(k) FROM sbtest2 WHERE id BETWEEN 2014675 AND 2014684
	Aggregate  (cost=36.25..36.26 rows=1 width=8)
	  ->  Index Scan using sbtest2_pkey on sbtest2  (cost=0.43..36.23 rows=9 width=4)
	        Index Cond: ((id >= 2014675) AND (id <= 2014684))

table 3 : explain SELECT SUM(k) FROM sbtest3 WHERE id BETWEEN 1744730 AND 1744739
	Aggregate  (cost=39.72..39.73 rows=1 width=8)
	  ->  Index Scan using sbtest3_pkey on sbtest3  (cost=0.43..39.70 rows=10 width=4)
	        Index Cond: ((id >= 1744730) AND (id <= 1744739))

table 4 : explain SELECT SUM(k) FROM sbtest4 WHERE id BETWEEN 7323859 AND 7323868
	Aggregate  (cost=42.77..42.78 rows=1 width=8)
	  ->  Index Scan using sbtest4_pkey on sbtest4  (cost=0.43..42.74 rows=11 width=4)
	        Index Cond: ((id >= 7323859) AND (id <= 7323868))

table 5 : explain SELECT SUM(k) FROM sbtest5 WHERE id BETWEEN 1908289 AND 1908298
	Aggregate  (cost=39.05..39.06 rows=1 width=8)
	  ->  Index Scan using sbtest5_pkey on sbtest5  (cost=0.43..39.02 rows=10 width=4)
	        Index Cond: ((id >= 1908289) AND (id <= 1908298))

table 6 : explain SELECT SUM(k) FROM sbtest6 WHERE id BETWEEN 7967807 AND 7967816
	Aggregate  (cost=35.86..35.87 rows=1 width=8)
	  ->  Index Scan using sbtest6_pkey on sbtest6  (cost=0.43..35.84 rows=9 width=4)
	        Index Cond: ((id >= 7967807) AND (id <= 7967816))

table 7 : explain SELECT SUM(k) FROM sbtest7 WHERE id BETWEEN 7471874 AND 7471883
	Aggregate  (cost=39.35..39.36 rows=1 width=8)
	  ->  Index Scan using sbtest7_pkey on sbtest7  (cost=0.43..39.33 rows=10 width=4)
	        Index Cond: ((id >= 7471874) AND (id <= 7471883))

table 8 : explain SELECT SUM(k) FROM sbtest8 WHERE id BETWEEN 6332122 AND 6332131
	Aggregate  (cost=39.49..39.50 rows=1 width=8)
	  ->  Index Scan using sbtest8_pkey on sbtest8  (cost=0.43..39.47 rows=10 width=4)
	        Index Cond: ((id >= 6332122) AND (id <= 6332131))

explain: for inserts :: explain INSERT INTO sbtest%u (id, k, c, pad) VALUES (%u, 13, 'foobar', 'foobar')
explain: for index_updates :: explain UPDATE sbtest%u SET k=k+1 WHERE id=%u
for: distinct_ranges
table 1 : explain SELECT DISTINCT c FROM sbtest1 WHERE id BETWEEN 6449736 AND 6449745 ORDER BY c
	Unique  (cost=39.81..39.86 rows=10 width=121)
	  ->  Sort  (cost=39.81..39.83 rows=10 width=121)
	        Sort Key: c
	        ->  Index Scan using sbtest1_pkey on sbtest1  (cost=0.43..39.64 rows=10 width=121)
	              Index Cond: ((id >= 6449736) AND (id <= 6449745))

table 2 : explain SELECT DISTINCT c FROM sbtest2 WHERE id BETWEEN 1424119 AND 1424128 ORDER BY c
	Unique  (cost=36.37..36.41 rows=9 width=121)
	  ->  Sort  (cost=36.37..36.39 rows=9 width=121)
	        Sort Key: c
	        ->  Index Scan using sbtest2_pkey on sbtest2  (cost=0.43..36.23 rows=9 width=121)
	              Index Cond: ((id >= 1424119) AND (id <= 1424128))

table 3 : explain SELECT DISTINCT c FROM sbtest3 WHERE id BETWEEN 4971173 AND 4971182 ORDER BY c
	Unique  (cost=39.86..39.91 rows=10 width=121)
	  ->  Sort  (cost=39.86..39.89 rows=10 width=121)
	        Sort Key: c
	        ->  Index Scan using sbtest3_pkey on sbtest3  (cost=0.43..39.70 rows=10 width=121)
	              Index Cond: ((id >= 4971173) AND (id <= 4971182))

table 4 : explain SELECT DISTINCT c FROM sbtest4 WHERE id BETWEEN 1162335 AND 1162344 ORDER BY c
	Unique  (cost=39.48..39.53 rows=10 width=121)
	  ->  Sort  (cost=39.48..39.50 rows=10 width=121)
	        Sort Key: c
	        ->  Index Scan using sbtest4_pkey on sbtest4  (cost=0.43..39.31 rows=10 width=121)
	              Index Cond: ((id >= 1162335) AND (id <= 1162344))

table 5 : explain SELECT DISTINCT c FROM sbtest5 WHERE id BETWEEN 9756970 AND 9756979 ORDER BY c
	Unique  (cost=39.19..39.24 rows=10 width=121)
	  ->  Sort  (cost=39.19..39.22 rows=10 width=121)
	        Sort Key: c
	        ->  Index Scan using sbtest5_pkey on sbtest5  (cost=0.43..39.02 rows=10 width=121)
	              Index Cond: ((id >= 9756970) AND (id <= 9756979))

table 6 : explain SELECT DISTINCT c FROM sbtest6 WHERE id BETWEEN 4421445 AND 4421454 ORDER BY c
	Unique  (cost=42.88..42.93 rows=11 width=121)
	  ->  Sort  (cost=42.88..42.91 rows=11 width=121)
	        Sort Key: c
	        ->  Index Scan using sbtest6_pkey on sbtest6  (cost=0.43..42.69 rows=11 width=121)
	              Index Cond: ((id >= 4421445) AND (id <= 4421454))

table 7 : explain SELECT DISTINCT c FROM sbtest7 WHERE id BETWEEN 8281787 AND 8281796 ORDER BY c
	Unique  (cost=39.49..39.54 rows=10 width=121)
	  ->  Sort  (cost=39.49..39.52 rows=10 width=121)
	        Sort Key: c
	        ->  Index Scan using sbtest7_pkey on sbtest7  (cost=0.43..39.33 rows=10 width=121)
	              Index Cond: ((id >= 8281787) AND (id <= 8281796))

table 8 : explain SELECT DISTINCT c FROM sbtest8 WHERE id BETWEEN 8449238 AND 8449247 ORDER BY c
	Unique  (cost=39.63..39.68 rows=10 width=121)
	  ->  Sort  (cost=39.63..39.66 rows=10 width=121)
	        Sort Key: c
	        ->  Index Scan using sbtest8_pkey on sbtest8  (cost=0.43..39.47 rows=10 width=121)
	              Index Cond: ((id >= 8449238) AND (id <= 8449247))

for deletes
table 1 : explain DELETE FROM sbtest1 WHERE id=3271212
	Delete on sbtest1  (cost=0.43..8.45 rows=0 width=0)
	  ->  Index Scan using sbtest1_pkey on sbtest1  (cost=0.43..8.45 rows=1 width=6)
	        Index Cond: (id = 3271212)

table 2 : explain DELETE FROM sbtest2 WHERE id=1081514
	Delete on sbtest2  (cost=0.43..8.45 rows=0 width=0)
	  ->  Index Scan using sbtest2_pkey on sbtest2  (cost=0.43..8.45 rows=1 width=6)
	        Index Cond: (id = 1081514)

table 3 : explain DELETE FROM sbtest3 WHERE id=9140552
	Delete on sbtest3  (cost=0.43..8.45 rows=0 width=0)
	  ->  Index Scan using sbtest3_pkey on sbtest3  (cost=0.43..8.45 rows=1 width=6)
	        Index Cond: (id = 9140552)

table 4 : explain DELETE FROM sbtest4 WHERE id=2673519
	Delete on sbtest4  (cost=0.43..8.45 rows=0 width=0)
	  ->  Index Scan using sbtest4_pkey on sbtest4  (cost=0.43..8.45 rows=1 width=6)
	        Index Cond: (id = 2673519)

table 5 : explain DELETE FROM sbtest5 WHERE id=3655502
	Delete on sbtest5  (cost=0.43..8.45 rows=0 width=0)
	  ->  Index Scan using sbtest5_pkey on sbtest5  (cost=0.43..8.45 rows=1 width=6)
	        Index Cond: (id = 3655502)

table 6 : explain DELETE FROM sbtest6 WHERE id=6823101
	Delete on sbtest6  (cost=0.43..8.45 rows=0 width=0)
	  ->  Index Scan using sbtest6_pkey on sbtest6  (cost=0.43..8.45 rows=1 width=6)
	        Index Cond: (id = 6823101)

table 7 : explain DELETE FROM sbtest7 WHERE id=5872337
	Delete on sbtest7  (cost=0.43..8.45 rows=0 width=0)
	  ->  Index Scan using sbtest7_pkey on sbtest7  (cost=0.43..8.45 rows=1 width=6)
	        Index Cond: (id = 5872337)

table 8 : explain DELETE FROM sbtest8 WHERE id=1537637
	Delete on sbtest8  (cost=0.43..8.45 rows=0 width=0)
	  ->  Index Scan using sbtest8_pkey on sbtest8  (cost=0.43..8.45 rows=1 width=6)
	        Index Cond: (id = 1537637)

for: sum_ranges
table 1 : explain SELECT SUM(k) FROM sbtest1 WHERE id BETWEEN 857305 AND 857314
	Aggregate  (cost=39.67..39.68 rows=1 width=8)
	  ->  Index Scan using sbtest1_pkey on sbtest1  (cost=0.43..39.64 rows=10 width=4)
	        Index Cond: ((id >= 857305) AND (id <= 857314))

table 2 : explain SELECT SUM(k) FROM sbtest2 WHERE id BETWEEN 2101893 AND 2101902
	Aggregate  (cost=36.25..36.26 rows=1 width=8)
	  ->  Index Scan using sbtest2_pkey on sbtest2  (cost=0.43..36.23 rows=9 width=4)
	        Index Cond: ((id >= 2101893) AND (id <= 2101902))

table 3 : explain SELECT SUM(k) FROM sbtest3 WHERE id BETWEEN 2794989 AND 2794998
	Aggregate  (cost=39.72..39.73 rows=1 width=8)
	  ->  Index Scan using sbtest3_pkey on sbtest3  (cost=0.43..39.70 rows=10 width=4)
	        Index Cond: ((id >= 2794989) AND (id <= 2794998))

table 4 : explain SELECT SUM(k) FROM sbtest4 WHERE id BETWEEN 5520591 AND 5520600
	Aggregate  (cost=39.34..39.35 rows=1 width=8)
	  ->  Index Scan using sbtest4_pkey on sbtest4  (cost=0.43..39.31 rows=10 width=4)
	        Index Cond: ((id >= 5520591) AND (id <= 5520600))

table 5 : explain SELECT SUM(k) FROM sbtest5 WHERE id BETWEEN 9111294 AND 9111303
	Aggregate  (cost=39.05..39.06 rows=1 width=8)
	  ->  Index Scan using sbtest5_pkey on sbtest5  (cost=0.43..39.02 rows=10 width=4)
	        Index Cond: ((id >= 9111294) AND (id <= 9111303))

table 6 : explain SELECT SUM(k) FROM sbtest6 WHERE id BETWEEN 6623847 AND 6623856
	Aggregate  (cost=39.29..39.30 rows=1 width=8)
	  ->  Index Scan using sbtest6_pkey on sbtest6  (cost=0.43..39.26 rows=10 width=4)
	        Index Cond: ((id >= 6623847) AND (id <= 6623856))

table 7 : explain SELECT SUM(k) FROM sbtest7 WHERE id BETWEEN 2096478 AND 2096487
	Aggregate  (cost=35.92..35.93 rows=1 width=8)
	  ->  Index Scan using sbtest7_pkey on sbtest7  (cost=0.43..35.90 rows=9 width=4)
	        Index Cond: ((id >= 2096478) AND (id <= 2096487))

table 8 : explain SELECT SUM(k) FROM sbtest8 WHERE id BETWEEN 2511203 AND 2511212
	Aggregate  (cost=39.49..39.50 rows=1 width=8)
	  ->  Index Scan using sbtest8_pkey on sbtest8  (cost=0.43..39.47 rows=10 width=4)
	        Index Cond: ((id >= 2511203) AND (id <= 2511212))

for inserts
table 1 : explain INSERT INTO sbtest1 (id, k, c, pad) VALUES (6903134, 13, 'foobar', 'foobar')
	Insert on sbtest1  (cost=0.00..0.01 rows=0 width=0)
	  ->  Result  (cost=0.00..0.01 rows=1 width=736)

table 2 : explain INSERT INTO sbtest2 (id, k, c, pad) VALUES (4543356, 13, 'foobar', 'foobar')
	Insert on sbtest2  (cost=0.00..0.01 rows=0 width=0)
	  ->  Result  (cost=0.00..0.01 rows=1 width=736)

table 3 : explain INSERT INTO sbtest3 (id, k, c, pad) VALUES (2094065, 13, 'foobar', 'foobar')
	Insert on sbtest3  (cost=0.00..0.01 rows=0 width=0)
	  ->  Result  (cost=0.00..0.01 rows=1 width=736)

table 4 : explain INSERT INTO sbtest4 (id, k, c, pad) VALUES (1459961, 13, 'foobar', 'foobar')
	Insert on sbtest4  (cost=0.00..0.01 rows=0 width=0)
	  ->  Result  (cost=0.00..0.01 rows=1 width=736)

table 5 : explain INSERT INTO sbtest5 (id, k, c, pad) VALUES (4603601, 13, 'foobar', 'foobar')
	Insert on sbtest5  (cost=0.00..0.01 rows=0 width=0)
	  ->  Result  (cost=0.00..0.01 rows=1 width=736)

table 6 : explain INSERT INTO sbtest6 (id, k, c, pad) VALUES (9381659, 13, 'foobar', 'foobar')
	Insert on sbtest6  (cost=0.00..0.01 rows=0 width=0)
	  ->  Result  (cost=0.00..0.01 rows=1 width=736)

table 7 : explain INSERT INTO sbtest7 (id, k, c, pad) VALUES (9898366, 13, 'foobar', 'foobar')
	Insert on sbtest7  (cost=0.00..0.01 rows=0 width=0)
	  ->  Result  (cost=0.00..0.01 rows=1 width=736)

table 8 : explain INSERT INTO sbtest8 (id, k, c, pad) VALUES (1292043, 13, 'foobar', 'foobar')
	Insert on sbtest8  (cost=0.00..0.01 rows=0 width=0)
	  ->  Result  (cost=0.00..0.01 rows=1 width=736)

explain: for index_updates :: explain UPDATE sbtest%u SET k=k+1 WHERE id=%u
for index_updates
table 1 : explain UPDATE sbtest1 SET k=k+1 WHERE id=4962678
	Update on sbtest1  (cost=0.43..8.46 rows=0 width=0)
	  ->  Index Scan using sbtest1_pkey on sbtest1  (cost=0.43..8.46 rows=1 width=10)
	        Index Cond: (id = 4962678)

table 2 : explain UPDATE sbtest2 SET k=k+1 WHERE id=4805104
	Update on sbtest2  (cost=0.43..8.46 rows=0 width=0)
	  ->  Index Scan using sbtest2_pkey on sbtest2  (cost=0.43..8.46 rows=1 width=10)
	        Index Cond: (id = 4805104)

table 3 : explain UPDATE sbtest3 SET k=k+1 WHERE id=1165341
	Update on sbtest3  (cost=0.43..8.46 rows=0 width=0)
	  ->  Index Scan using sbtest3_pkey on sbtest3  (cost=0.43..8.46 rows=1 width=10)
	        Index Cond: (id = 1165341)

table 4 : explain UPDATE sbtest4 SET k=k+1 WHERE id=7953829
	Update on sbtest4  (cost=0.43..8.46 rows=0 width=0)
	  ->  Index Scan using sbtest4_pkey on sbtest4  (cost=0.43..8.46 rows=1 width=10)
	        Index Cond: (id = 7953829)

table 5 : explain UPDATE sbtest5 SET k=k+1 WHERE id=4019619
	Update on sbtest5  (cost=0.43..8.46 rows=0 width=0)
	  ->  Index Scan using sbtest5_pkey on sbtest5  (cost=0.43..8.46 rows=1 width=10)
	        Index Cond: (id = 4019619)

table 6 : explain UPDATE sbtest6 SET k=k+1 WHERE id=965821
	Update on sbtest6  (cost=0.43..8.46 rows=0 width=0)
	  ->  Index Scan using sbtest6_pkey on sbtest6  (cost=0.43..8.46 rows=1 width=10)
	        Index Cond: (id = 965821)

table 7 : explain UPDATE sbtest7 SET k=k+1 WHERE id=4795410
	Update on sbtest7  (cost=0.43..8.46 rows=0 width=0)
	  ->  Index Scan using sbtest7_pkey on sbtest7  (cost=0.43..8.46 rows=1 width=10)
	        Index Cond: (id = 4795410)

table 8 : explain UPDATE sbtest8 SET k=k+1 WHERE id=759238
	Update on sbtest8  (cost=0.43..8.46 rows=0 width=0)
	  ->  Index Scan using sbtest8_pkey on sbtest8  (cost=0.43..8.46 rows=1 width=10)
	        Index Cond: (id = 759238)

for: order_ranges
table 1 : explain SELECT c FROM sbtest1 WHERE id BETWEEN 675489 AND 675498 ORDER BY c
	Sort  (cost=36.32..36.34 rows=9 width=121)
	  Sort Key: c
	  ->  Index Scan using sbtest1_pkey on sbtest1  (cost=0.43..36.18 rows=9 width=121)
	        Index Cond: ((id >= 675489) AND (id <= 675498))

table 2 : explain SELECT c FROM sbtest2 WHERE id BETWEEN 9883988 AND 9883997 ORDER BY c
	Sort  (cost=39.86..39.89 rows=10 width=121)
	  Sort Key: c
	  ->  Index Scan using sbtest2_pkey on sbtest2  (cost=0.43..39.70 rows=10 width=121)
	        Index Cond: ((id >= 9883988) AND (id <= 9883997))

table 3 : explain SELECT c FROM sbtest3 WHERE id BETWEEN 7435749 AND 7435758 ORDER BY c
	Sort  (cost=39.86..39.89 rows=10 width=121)
	  Sort Key: c
	  ->  Index Scan using sbtest3_pkey on sbtest3  (cost=0.43..39.70 rows=10 width=121)
	        Index Cond: ((id >= 7435749) AND (id <= 7435758))

table 4 : explain SELECT c FROM sbtest4 WHERE id BETWEEN 6003577 AND 6003586 ORDER BY c
	Sort  (cost=39.48..39.50 rows=10 width=121)
	  Sort Key: c
	  ->  Index Scan using sbtest4_pkey on sbtest4  (cost=0.43..39.31 rows=10 width=121)
	        Index Cond: ((id >= 6003577) AND (id <= 6003586))

table 5 : explain SELECT c FROM sbtest5 WHERE id BETWEEN 7965687 AND 7965696 ORDER BY c
	Sort  (cost=42.61..42.64 rows=11 width=121)
	  Sort Key: c
	  ->  Index Scan using sbtest5_pkey on sbtest5  (cost=0.43..42.42 rows=11 width=121)
	        Index Cond: ((id >= 7965687) AND (id <= 7965696))

table 6 : explain SELECT c FROM sbtest6 WHERE id BETWEEN 793748 AND 793757 ORDER BY c
	Sort  (cost=39.43..39.46 rows=10 width=121)
	  Sort Key: c
	  ->  Index Scan using sbtest6_pkey on sbtest6  (cost=0.43..39.26 rows=10 width=121)
	        Index Cond: ((id >= 793748) AND (id <= 793757))

table 7 : explain SELECT c FROM sbtest7 WHERE id BETWEEN 2018281 AND 2018290 ORDER BY c
	Sort  (cost=36.04..36.06 rows=9 width=121)
	  Sort Key: c
	  ->  Index Scan using sbtest7_pkey on sbtest7  (cost=0.43..35.90 rows=9 width=121)
	        Index Cond: ((id >= 2018281) AND (id <= 2018290))

table 8 : explain SELECT c FROM sbtest8 WHERE id BETWEEN 2575221 AND 2575230 ORDER BY c
	Sort  (cost=39.63..39.66 rows=10 width=121)
	  Sort Key: c
	  ->  Index Scan using sbtest8_pkey on sbtest8  (cost=0.43..39.47 rows=10 width=121)
	        Index Cond: ((id >= 2575221) AND (id <= 2575230))

explain: for inserts :: explain INSERT INTO sbtest%u (id, k, c, pad) VALUES (%u, 13, 'foobar', 'foobar')
for: sum_ranges
table 1 : explain SELECT SUM(k) FROM sbtest1 WHERE id BETWEEN 1038785 AND 1038794
	Aggregate  (cost=39.67..39.68 rows=1 width=8)
	  ->  Index Scan using sbtest1_pkey on sbtest1  (cost=0.43..39.64 rows=10 width=4)
	        Index Cond: ((id >= 1038785) AND (id <= 1038794))

table 2 : explain SELECT SUM(k) FROM sbtest2 WHERE id BETWEEN 9108600 AND 9108609
	Aggregate  (cost=39.72..39.73 rows=1 width=8)
	  ->  Index Scan using sbtest2_pkey on sbtest2  (cost=0.43..39.70 rows=10 width=4)
	        Index Cond: ((id >= 9108600) AND (id <= 9108609))

table 3 : explain SELECT SUM(k) FROM sbtest3 WHERE id BETWEEN 6551415 AND 6551424
	Aggregate  (cost=39.72..39.73 rows=1 width=8)
	  ->  Index Scan using sbtest3_pkey on sbtest3  (cost=0.43..39.70 rows=10 width=4)
	        Index Cond: ((id >= 6551415) AND (id <= 6551424))

table 4 : explain SELECT SUM(k) FROM sbtest4 WHERE id BETWEEN 3090536 AND 3090545
	Aggregate  (cost=39.34..39.35 rows=1 width=8)
	  ->  Index Scan using sbtest4_pkey on sbtest4  (cost=0.43..39.31 rows=10 width=4)
	        Index Cond: ((id >= 3090536) AND (id <= 3090545))

table 5 : explain SELECT SUM(k) FROM sbtest5 WHERE id BETWEEN 803121 AND 803130
	Aggregate  (cost=39.05..39.06 rows=1 width=8)
	  ->  Index Scan using sbtest5_pkey on sbtest5  (cost=0.43..39.02 rows=10 width=4)
	        Index Cond: ((id >= 803121) AND (id <= 803130))

table 6 : explain SELECT SUM(k) FROM sbtest6 WHERE id BETWEEN 2595309 AND 2595318
	Aggregate  (cost=39.29..39.30 rows=1 width=8)
	  ->  Index Scan using sbtest6_pkey on sbtest6  (cost=0.43..39.26 rows=10 width=4)
	        Index Cond: ((id >= 2595309) AND (id <= 2595318))

table 7 : explain SELECT SUM(k) FROM sbtest7 WHERE id BETWEEN 641421 AND 641430
	Aggregate  (cost=39.35..39.36 rows=1 width=8)
	  ->  Index Scan using sbtest7_pkey on sbtest7  (cost=0.43..39.33 rows=10 width=4)
	        Index Cond: ((id >= 641421) AND (id <= 641430))

table 8 : explain SELECT SUM(k) FROM sbtest8 WHERE id BETWEEN 929486 AND 929495
	Aggregate  (cost=42.94..42.95 rows=1 width=8)
	  ->  Index Scan using sbtest8_pkey on sbtest8  (cost=0.43..42.91 rows=11 width=4)
	        Index Cond: ((id >= 929486) AND (id <= 929495))

for: order_ranges
table 1 : explain SELECT c FROM sbtest1 WHERE id BETWEEN 7959614 AND 7959623 ORDER BY c
	Sort  (cost=43.30..43.33 rows=11 width=121)
	  Sort Key: c
	  ->  Index Scan using sbtest1_pkey on sbtest1  (cost=0.43..43.11 rows=11 width=121)
	        Index Cond: ((id >= 7959614) AND (id <= 7959623))

table 2 : explain SELECT c FROM sbtest2 WHERE id BETWEEN 1012076 AND 1012085 ORDER BY c
	Sort  (cost=43.36..43.39 rows=11 width=121)
	  Sort Key: c
	  ->  Index Scan using sbtest2_pkey on sbtest2  (cost=0.43..43.17 rows=11 width=121)
	        Index Cond: ((id >= 1012076) AND (id <= 1012085))

table 3 : explain SELECT c FROM sbtest3 WHERE id BETWEEN 8989343 AND 8989352 ORDER BY c
	Sort  (cost=39.86..39.89 rows=10 width=121)
	  Sort Key: c
	  ->  Index Scan using sbtest3_pkey on sbtest3  (cost=0.43..39.70 rows=10 width=121)
	        Index Cond: ((id >= 8989343) AND (id <= 8989352))

table 4 : explain SELECT c FROM sbtest4 WHERE id BETWEEN 3595767 AND 3595776 ORDER BY c
	Sort  (cost=39.48..39.50 rows=10 width=121)
	  Sort Key: c
	  ->  Index Scan using sbtest4_pkey on sbtest4  (cost=0.43..39.31 rows=10 width=121)
	        Index Cond: ((id >= 3595767) AND (id <= 3595776))

table 5 : explain SELECT c FROM sbtest5 WHERE id BETWEEN 8959525 AND 8959534 ORDER BY c
	Sort  (cost=42.61..42.64 rows=11 width=121)
	  Sort Key: c
	  ->  Index Scan using sbtest5_pkey on sbtest5  (cost=0.43..42.42 rows=11 width=121)
	        Index Cond: ((id >= 8959525) AND (id <= 8959534))

table 6 : explain SELECT c FROM sbtest6 WHERE id BETWEEN 8099742 AND 8099751 ORDER BY c
	Sort  (cost=42.88..42.91 rows=11 width=121)
	  Sort Key: c
	  ->  Index Scan using sbtest6_pkey on sbtest6  (cost=0.43..42.69 rows=11 width=121)
	        Index Cond: ((id >= 8099742) AND (id <= 8099751))

table 7 : explain SELECT c FROM sbtest7 WHERE id BETWEEN 8068144 AND 8068153 ORDER BY c
	Sort  (cost=39.49..39.52 rows=10 width=121)
	  Sort Key: c
	  ->  Index Scan using sbtest7_pkey on sbtest7  (cost=0.43..39.33 rows=10 width=121)
	        Index Cond: ((id >= 8068144) AND (id <= 8068153))

table 8 : explain SELECT c FROM sbtest8 WHERE id BETWEEN 8481554 AND 8481563 ORDER BY c
	Sort  (cost=39.63..39.66 rows=10 width=121)
	  Sort Key: c
	  ->  Index Scan using sbtest8_pkey on sbtest8  (cost=0.43..39.47 rows=10 width=121)
	        Index Cond: ((id >= 8481554) AND (id <= 8481563))

for: simple_ranges
table 1 : explain SELECT c FROM sbtest1 WHERE id BETWEEN 3605058 AND 3605067
	Index Scan using sbtest1_pkey on sbtest1  (cost=0.43..39.64 rows=10 width=121)
	  Index Cond: ((id >= 3605058) AND (id <= 3605067))

table 2 : explain SELECT c FROM sbtest2 WHERE id BETWEEN 7673382 AND 7673391
	Index Scan using sbtest2_pkey on sbtest2  (cost=0.43..39.70 rows=10 width=121)
	  Index Cond: ((id >= 7673382) AND (id <= 7673391))

table 3 : explain SELECT c FROM sbtest3 WHERE id BETWEEN 7111374 AND 7111383
	Index Scan using sbtest3_pkey on sbtest3  (cost=0.43..43.17 rows=11 width=121)
	  Index Cond: ((id >= 7111374) AND (id <= 7111383))

table 4 : explain SELECT c FROM sbtest4 WHERE id BETWEEN 1922072 AND 1922081
	Index Scan using sbtest4_pkey on sbtest4  (cost=0.43..39.31 rows=10 width=121)
	  Index Cond: ((id >= 1922072) AND (id <= 1922081))

table 5 : explain SELECT c FROM sbtest5 WHERE id BETWEEN 9940118 AND 9940127
	Index Scan using sbtest5_pkey on sbtest5  (cost=0.43..35.63 rows=9 width=121)
	  Index Cond: ((id >= 9940118) AND (id <= 9940127))

table 6 : explain SELECT c FROM sbtest6 WHERE id BETWEEN 3822636 AND 3822645
	Index Scan using sbtest6_pkey on sbtest6  (cost=0.43..39.26 rows=10 width=121)
	  Index Cond: ((id >= 3822636) AND (id <= 3822645))

table 7 : explain SELECT c FROM sbtest7 WHERE id BETWEEN 4907694 AND 4907703
	Index Scan using sbtest7_pkey on sbtest7  (cost=0.43..39.33 rows=10 width=121)
	  Index Cond: ((id >= 4907694) AND (id <= 4907703))

table 8 : explain SELECT c FROM sbtest8 WHERE id BETWEEN 9618212 AND 9618221
	Index Scan using sbtest8_pkey on sbtest8  (cost=0.43..39.47 rows=10 width=121)
	  Index Cond: ((id >= 9618212) AND (id <= 9618221))

explain: for non_index_updates :: explain UPDATE sbtest%u SET c='foobar' WHERE id=%u
for: simple_ranges
table 1 : explain SELECT c FROM sbtest1 WHERE id BETWEEN 3045076 AND 3045085
	Index Scan using sbtest1_pkey on sbtest1  (cost=0.43..39.64 rows=10 width=121)
	  Index Cond: ((id >= 3045076) AND (id <= 3045085))

table 2 : explain SELECT c FROM sbtest2 WHERE id BETWEEN 1400317 AND 1400326
	Index Scan using sbtest2_pkey on sbtest2  (cost=0.43..36.23 rows=9 width=121)
	  Index Cond: ((id >= 1400317) AND (id <= 1400326))

table 3 : explain SELECT c FROM sbtest3 WHERE id BETWEEN 8390208 AND 8390217
	Index Scan using sbtest3_pkey on sbtest3  (cost=0.43..39.70 rows=10 width=121)
	  Index Cond: ((id >= 8390208) AND (id <= 8390217))

table 4 : explain SELECT c FROM sbtest4 WHERE id BETWEEN 9433302 AND 9433311
	Index Scan using sbtest4_pkey on sbtest4  (cost=0.43..39.31 rows=10 width=121)
	  Index Cond: ((id >= 9433302) AND (id <= 9433311))

table 5 : explain SELECT c FROM sbtest5 WHERE id BETWEEN 9833815 AND 9833824
	Index Scan using sbtest5_pkey on sbtest5  (cost=0.43..39.02 rows=10 width=121)
	  Index Cond: ((id >= 9833815) AND (id <= 9833824))

table 6 : explain SELECT c FROM sbtest6 WHERE id BETWEEN 1152533 AND 1152542
	Index Scan using sbtest6_pkey on sbtest6  (cost=0.43..42.69 rows=11 width=121)
	  Index Cond: ((id >= 1152533) AND (id <= 1152542))

table 7 : explain SELECT c FROM sbtest7 WHERE id BETWEEN 4754615 AND 4754624
	Index Scan using sbtest7_pkey on sbtest7  (cost=0.43..35.90 rows=9 width=121)
	  Index Cond: ((id >= 4754615) AND (id <= 4754624))

table 8 : explain SELECT c FROM sbtest8 WHERE id BETWEEN 3226774 AND 3226783
	Index Scan using sbtest8_pkey on sbtest8  (cost=0.43..36.02 rows=9 width=121)
	  Index Cond: ((id >= 3226774) AND (id <= 3226783))

for index_updates
table 1 : explain UPDATE sbtest1 SET k=k+1 WHERE id=3989409
	Update on sbtest1  (cost=0.43..8.46 rows=0 width=0)
	  ->  Index Scan using sbtest1_pkey on sbtest1  (cost=0.43..8.46 rows=1 width=10)
	        Index Cond: (id = 3989409)

table 2 : explain UPDATE sbtest2 SET k=k+1 WHERE id=5805826
	Update on sbtest2  (cost=0.43..8.46 rows=0 width=0)
	  ->  Index Scan using sbtest2_pkey on sbtest2  (cost=0.43..8.46 rows=1 width=10)
	        Index Cond: (id = 5805826)

table 3 : explain UPDATE sbtest3 SET k=k+1 WHERE id=8042881
	Update on sbtest3  (cost=0.43..8.46 rows=0 width=0)
	  ->  Index Scan using sbtest3_pkey on sbtest3  (cost=0.43..8.46 rows=1 width=10)
	        Index Cond: (id = 8042881)

table 4 : explain UPDATE sbtest4 SET k=k+1 WHERE id=1300455
	Update on sbtest4  (cost=0.43..8.46 rows=0 width=0)
	  ->  Index Scan using sbtest4_pkey on sbtest4  (cost=0.43..8.46 rows=1 width=10)
	        Index Cond: (id = 1300455)

table 5 : explain UPDATE sbtest5 SET k=k+1 WHERE id=3248974
	Update on sbtest5  (cost=0.43..8.46 rows=0 width=0)
	  ->  Index Scan using sbtest5_pkey on sbtest5  (cost=0.43..8.46 rows=1 width=10)
	        Index Cond: (id = 3248974)

table 6 : explain UPDATE sbtest6 SET k=k+1 WHERE id=1244074
	Update on sbtest6  (cost=0.43..8.46 rows=0 width=0)
	  ->  Index Scan using sbtest6_pkey on sbtest6  (cost=0.43..8.46 rows=1 width=10)
	        Index Cond: (id = 1244074)

table 7 : explain UPDATE sbtest7 SET k=k+1 WHERE id=9792742
	Update on sbtest7  (cost=0.43..8.46 rows=0 width=0)
	  ->  Index Scan using sbtest7_pkey on sbtest7  (cost=0.43..8.46 rows=1 width=10)
	        Index Cond: (id = 9792742)

table 8 : explain UPDATE sbtest8 SET k=k+1 WHERE id=3294254
	Update on sbtest8  (cost=0.43..8.46 rows=0 width=0)
	  ->  Index Scan using sbtest8_pkey on sbtest8  (cost=0.43..8.46 rows=1 width=10)
	        Index Cond: (id = 3294254)

for inserts
table 1 : explain INSERT INTO sbtest1 (id, k, c, pad) VALUES (1320149, 13, 'foobar', 'foobar')
	Insert on sbtest1  (cost=0.00..0.01 rows=0 width=0)
	  ->  Result  (cost=0.00..0.01 rows=1 width=736)

table 2 : explain INSERT INTO sbtest2 (id, k, c, pad) VALUES (7792180, 13, 'foobar', 'foobar')
	Insert on sbtest2  (cost=0.00..0.01 rows=0 width=0)
	  ->  Result  (cost=0.00..0.01 rows=1 width=736)

table 3 : explain INSERT INTO sbtest3 (id, k, c, pad) VALUES (1469671, 13, 'foobar', 'foobar')
	Insert on sbtest3  (cost=0.00..0.01 rows=0 width=0)
	  ->  Result  (cost=0.00..0.01 rows=1 width=736)

table 4 : explain INSERT INTO sbtest4 (id, k, c, pad) VALUES (8751487, 13, 'foobar', 'foobar')
	Insert on sbtest4  (cost=0.00..0.01 rows=0 width=0)
	  ->  Result  (cost=0.00..0.01 rows=1 width=736)

table 5 : explain INSERT INTO sbtest5 (id, k, c, pad) VALUES (4810460, 13, 'foobar', 'foobar')
	Insert on sbtest5  (cost=0.00..0.01 rows=0 width=0)
	  ->  Result  (cost=0.00..0.01 rows=1 width=736)

table 6 : explain INSERT INTO sbtest6 (id, k, c, pad) VALUES (106741, 13, 'foobar', 'foobar')
	Insert on sbtest6  (cost=0.00..0.01 rows=0 width=0)
	  ->  Result  (cost=0.00..0.01 rows=1 width=736)

table 7 : explain INSERT INTO sbtest7 (id, k, c, pad) VALUES (8707149, 13, 'foobar', 'foobar')
	Insert on sbtest7  (cost=0.00..0.01 rows=0 width=0)
	  ->  Result  (cost=0.00..0.01 rows=1 width=736)

table 8 : explain INSERT INTO sbtest8 (id, k, c, pad) VALUES (950554, 13, 'foobar', 'foobar')
	Insert on sbtest8  (cost=0.00..0.01 rows=0 width=0)
	  ->  Result  (cost=0.00..0.01 rows=1 width=736)

for: distinct_ranges
table 1 : explain SELECT DISTINCT c FROM sbtest1 WHERE id BETWEEN 3657889 AND 3657898 ORDER BY c
	Unique  (cost=39.81..39.86 rows=10 width=121)
	  ->  Sort  (cost=39.81..39.83 rows=10 width=121)
	        Sort Key: c
	        ->  Index Scan using sbtest1_pkey on sbtest1  (cost=0.43..39.64 rows=10 width=121)
	              Index Cond: ((id >= 3657889) AND (id <= 3657898))

table 2 : explain SELECT DISTINCT c FROM sbtest2 WHERE id BETWEEN 4417055 AND 4417064 ORDER BY c
	Unique  (cost=43.36..43.41 rows=11 width=121)
	  ->  Sort  (cost=43.36..43.39 rows=11 width=121)
	        Sort Key: c
	        ->  Index Scan using sbtest2_pkey on sbtest2  (cost=0.43..43.17 rows=11 width=121)
	              Index Cond: ((id >= 4417055) AND (id <= 4417064))

table 3 : explain SELECT DISTINCT c FROM sbtest3 WHERE id BETWEEN 6763676 AND 6763685 ORDER BY c
	Unique  (cost=43.36..43.41 rows=11 width=121)
	  ->  Sort  (cost=43.36..43.39 rows=11 width=121)
	        Sort Key: c
	        ->  Index Scan using sbtest3_pkey on sbtest3  (cost=0.43..43.17 rows=11 width=121)
	              Index Cond: ((id >= 6763676) AND (id <= 6763685))

table 4 : explain SELECT DISTINCT c FROM sbtest4 WHERE id BETWEEN 8807726 AND 8807735 ORDER BY c
	Unique  (cost=39.48..39.53 rows=10 width=121)
	  ->  Sort  (cost=39.48..39.50 rows=10 width=121)
	        Sort Key: c
	        ->  Index Scan using sbtest4_pkey on sbtest4  (cost=0.43..39.31 rows=10 width=121)
	              Index Cond: ((id >= 8807726) AND (id <= 8807735))

table 5 : explain SELECT DISTINCT c FROM sbtest5 WHERE id BETWEEN 9527635 AND 9527644 ORDER BY c
	Unique  (cost=42.61..42.67 rows=11 width=121)
	  ->  Sort  (cost=42.61..42.64 rows=11 width=121)
	        Sort Key: c
	        ->  Index Scan using sbtest5_pkey on sbtest5  (cost=0.43..42.42 rows=11 width=121)
	              Index Cond: ((id >= 9527635) AND (id <= 9527644))

table 6 : explain SELECT DISTINCT c FROM sbtest6 WHERE id BETWEEN 6682719 AND 6682728 ORDER BY c
	Unique  (cost=35.98..36.03 rows=9 width=121)
	  ->  Sort  (cost=35.98..36.01 rows=9 width=121)
	        Sort Key: c
	        ->  Index Scan using sbtest6_pkey on sbtest6  (cost=0.43..35.84 rows=9 width=121)
	              Index Cond: ((id >= 6682719) AND (id <= 6682728))

table 7 : explain SELECT DISTINCT c FROM sbtest7 WHERE id BETWEEN 8893103 AND 8893112 ORDER BY c
	Unique  (cost=36.04..36.08 rows=9 width=121)
	  ->  Sort  (cost=36.04..36.06 rows=9 width=121)
	        Sort Key: c
	        ->  Index Scan using sbtest7_pkey on sbtest7  (cost=0.43..35.90 rows=9 width=121)
	              Index Cond: ((id >= 8893103) AND (id <= 8893112))

table 8 : explain SELECT DISTINCT c FROM sbtest8 WHERE id BETWEEN 9381909 AND 9381918 ORDER BY c
	Unique  (cost=39.63..39.68 rows=10 width=121)
	  ->  Sort  (cost=39.63..39.66 rows=10 width=121)
	        Sort Key: c
	        ->  Index Scan using sbtest8_pkey on sbtest8  (cost=0.43..39.47 rows=10 width=121)
	              Index Cond: ((id >= 9381909) AND (id <= 9381918))

for: sum_ranges
table 1 : explain SELECT SUM(k) FROM sbtest1 WHERE id BETWEEN 2033205 AND 2033214
	Aggregate  (cost=36.20..36.21 rows=1 width=8)
	  ->  Index Scan using sbtest1_pkey on sbtest1  (cost=0.43..36.18 rows=9 width=4)
	        Index Cond: ((id >= 2033205) AND (id <= 2033214))

table 2 : explain SELECT SUM(k) FROM sbtest2 WHERE id BETWEEN 5532737 AND 5532746
	Aggregate  (cost=39.72..39.73 rows=1 width=8)
	  ->  Index Scan using sbtest2_pkey on sbtest2  (cost=0.43..39.70 rows=10 width=4)
	        Index Cond: ((id >= 5532737) AND (id <= 5532746))

table 3 : explain SELECT SUM(k) FROM sbtest3 WHERE id BETWEEN 5319356 AND 5319365
	Aggregate  (cost=39.72..39.73 rows=1 width=8)
	  ->  Index Scan using sbtest3_pkey on sbtest3  (cost=0.43..39.70 rows=10 width=4)
	        Index Cond: ((id >= 5319356) AND (id <= 5319365))

table 4 : explain SELECT SUM(k) FROM sbtest4 WHERE id BETWEEN 7931896 AND 7931905
	Aggregate  (cost=39.34..39.35 rows=1 width=8)
	  ->  Index Scan using sbtest4_pkey on sbtest4  (cost=0.43..39.31 rows=10 width=4)
	        Index Cond: ((id >= 7931896) AND (id <= 7931905))

table 5 : explain SELECT SUM(k) FROM sbtest5 WHERE id BETWEEN 8064564 AND 8064573
	Aggregate  (cost=42.45..42.46 rows=1 width=8)
	  ->  Index Scan using sbtest5_pkey on sbtest5  (cost=0.43..42.42 rows=11 width=4)
	        Index Cond: ((id >= 8064564) AND (id <= 8064573))

table 6 : explain SELECT SUM(k) FROM sbtest6 WHERE id BETWEEN 1594652 AND 1594661
	Aggregate  (cost=42.72..42.73 rows=1 width=8)
	  ->  Index Scan using sbtest6_pkey on sbtest6  (cost=0.43..42.69 rows=11 width=4)
	        Index Cond: ((id >= 1594652) AND (id <= 1594661))

table 7 : explain SELECT SUM(k) FROM sbtest7 WHERE id BETWEEN 4273955 AND 4273964
	Aggregate  (cost=39.35..39.36 rows=1 width=8)
	  ->  Index Scan using sbtest7_pkey on sbtest7  (cost=0.43..39.33 rows=10 width=4)
	        Index Cond: ((id >= 4273955) AND (id <= 4273964))

table 8 : explain SELECT SUM(k) FROM sbtest8 WHERE id BETWEEN 9963429 AND 9963438
	Aggregate  (cost=36.04..36.05 rows=1 width=8)
	  ->  Index Scan using sbtest8_pkey on sbtest8  (cost=0.43..36.02 rows=9 width=4)
	        Index Cond: ((id >= 9963429) AND (id <= 9963438))

for: sum_ranges
table 1 : explain SELECT SUM(k) FROM sbtest1 WHERE id BETWEEN 637316 AND 637325
	Aggregate  (cost=36.20..36.21 rows=1 width=8)
	  ->  Index Scan using sbtest1_pkey on sbtest1  (cost=0.43..36.18 rows=9 width=4)
	        Index Cond: ((id >= 637316) AND (id <= 637325))

table 2 : explain SELECT SUM(k) FROM sbtest2 WHERE id BETWEEN 7994127 AND 7994136
	Aggregate  (cost=39.72..39.73 rows=1 width=8)
	  ->  Index Scan using sbtest2_pkey on sbtest2  (cost=0.43..39.70 rows=10 width=4)
	        Index Cond: ((id >= 7994127) AND (id <= 7994136))

table 3 : explain SELECT SUM(k) FROM sbtest3 WHERE id BETWEEN 5988148 AND 5988157
	Aggregate  (cost=36.25..36.26 rows=1 width=8)
	  ->  Index Scan using sbtest3_pkey on sbtest3  (cost=0.43..36.23 rows=9 width=4)
	        Index Cond: ((id >= 5988148) AND (id <= 5988157))

table 4 : explain SELECT SUM(k) FROM sbtest4 WHERE id BETWEEN 2752695 AND 2752704
	Aggregate  (cost=35.91..35.92 rows=1 width=8)
	  ->  Index Scan using sbtest4_pkey on sbtest4  (cost=0.43..35.88 rows=9 width=4)
	        Index Cond: ((id >= 2752695) AND (id <= 2752704))

table 5 : explain SELECT SUM(k) FROM sbtest5 WHERE id BETWEEN 8388198 AND 8388207
	Aggregate  (cost=39.05..39.06 rows=1 width=8)
	  ->  Index Scan using sbtest5_pkey on sbtest5  (cost=0.43..39.02 rows=10 width=4)
	        Index Cond: ((id >= 8388198) AND (id <= 8388207))

table 6 : explain SELECT SUM(k) FROM sbtest6 WHERE id BETWEEN 3050593 AND 3050602
	Aggregate  (cost=39.29..39.30 rows=1 width=8)
	  ->  Index Scan using sbtest6_pkey on sbtest6  (cost=0.43..39.26 rows=10 width=4)
	        Index Cond: ((id >= 3050593) AND (id <= 3050602))

table 7 : explain SELECT SUM(k) FROM sbtest7 WHERE id BETWEEN 8163296 AND 8163305
	Aggregate  (cost=39.35..39.36 rows=1 width=8)
	  ->  Index Scan using sbtest7_pkey on sbtest7  (cost=0.43..39.33 rows=10 width=4)
	        Index Cond: ((id >= 8163296) AND (id <= 8163305))

table 8 : explain SELECT SUM(k) FROM sbtest8 WHERE id BETWEEN 3142863 AND 3142872
	Aggregate  (cost=36.04..36.05 rows=1 width=8)
	  ->  Index Scan using sbtest8_pkey on sbtest8  (cost=0.43..36.02 rows=9 width=4)
	        Index Cond: ((id >= 3142863) AND (id <= 3142872))

explain: for non_index_updates :: explain UPDATE sbtest%u SET c='foobar' WHERE id=%u
for non_index_updates
table 1 : explain UPDATE sbtest1 SET c='foobar' WHERE id=294897
	Update on sbtest1  (cost=0.43..8.45 rows=0 width=0)
	  ->  Index Scan using sbtest1_pkey on sbtest1  (cost=0.43..8.45 rows=1 width=490)
	        Index Cond: (id = 294897)

table 2 : explain UPDATE sbtest2 SET c='foobar' WHERE id=2152368
	Update on sbtest2  (cost=0.43..8.45 rows=0 width=0)
	  ->  Index Scan using sbtest2_pkey on sbtest2  (cost=0.43..8.45 rows=1 width=490)
	        Index Cond: (id = 2152368)

table 3 : explain UPDATE sbtest3 SET c='foobar' WHERE id=7926500
	Update on sbtest3  (cost=0.43..8.45 rows=0 width=0)
	  ->  Index Scan using sbtest3_pkey on sbtest3  (cost=0.43..8.45 rows=1 width=490)
	        Index Cond: (id = 7926500)

table 4 : explain UPDATE sbtest4 SET c='foobar' WHERE id=65522
	Update on sbtest4  (cost=0.43..8.45 rows=0 width=0)
	  ->  Index Scan using sbtest4_pkey on sbtest4  (cost=0.43..8.45 rows=1 width=490)
	        Index Cond: (id = 65522)

table 5 : explain UPDATE sbtest5 SET c='foobar' WHERE id=1707035
	Update on sbtest5  (cost=0.43..8.45 rows=0 width=0)
	  ->  Index Scan using sbtest5_pkey on sbtest5  (cost=0.43..8.45 rows=1 width=490)
	        Index Cond: (id = 1707035)

table 6 : explain UPDATE sbtest6 SET c='foobar' WHERE id=9980667
	Update on sbtest6  (cost=0.43..8.45 rows=0 width=0)
	  ->  Index Scan using sbtest6_pkey on sbtest6  (cost=0.43..8.45 rows=1 width=490)
	        Index Cond: (id = 9980667)

table 7 : explain UPDATE sbtest7 SET c='foobar' WHERE id=3034030
	Update on sbtest7  (cost=0.43..8.45 rows=0 width=0)
	  ->  Index Scan using sbtest7_pkey on sbtest7  (cost=0.43..8.45 rows=1 width=490)
	        Index Cond: (id = 3034030)

table 8 : explain UPDATE sbtest8 SET c='foobar' WHERE id=9735745
	Update on sbtest8  (cost=0.43..8.45 rows=0 width=0)
	  ->  Index Scan using sbtest8_pkey on sbtest8  (cost=0.43..8.45 rows=1 width=490)
	        Index Cond: (id = 9735745)

explain: for index_updates :: explain UPDATE sbtest%u SET k=k+1 WHERE id=%u
explain: for point_selects :: explain SELECT c FROM sbtest%u WHERE id=%u
for: distinct_ranges
table 1 : explain SELECT DISTINCT c FROM sbtest1 WHERE id BETWEEN 3049788 AND 3049797 ORDER BY c
	Unique  (cost=39.81..39.86 rows=10 width=121)
	  ->  Sort  (cost=39.81..39.83 rows=10 width=121)
	        Sort Key: c
	        ->  Index Scan using sbtest1_pkey on sbtest1  (cost=0.43..39.64 rows=10 width=121)
	              Index Cond: ((id >= 3049788) AND (id <= 3049797))

table 2 : explain SELECT DISTINCT c FROM sbtest2 WHERE id BETWEEN 3238601 AND 3238610 ORDER BY c
	Unique  (cost=39.86..39.91 rows=10 width=121)
	  ->  Sort  (cost=39.86..39.89 rows=10 width=121)
	        Sort Key: c
	        ->  Index Scan using sbtest2_pkey on sbtest2  (cost=0.43..39.70 rows=10 width=121)
	              Index Cond: ((id >= 3238601) AND (id <= 3238610))

table 3 : explain SELECT DISTINCT c FROM sbtest3 WHERE id BETWEEN 524952 AND 524961 ORDER BY c
	Unique  (cost=39.86..39.91 rows=10 width=121)
	  ->  Sort  (cost=39.86..39.89 rows=10 width=121)
	        Sort Key: c
	        ->  Index Scan using sbtest3_pkey on sbtest3  (cost=0.43..39.70 rows=10 width=121)
	              Index Cond: ((id >= 524952) AND (id <= 524961))

table 4 : explain SELECT DISTINCT c FROM sbtest4 WHERE id BETWEEN 352987 AND 352996 ORDER BY c
	Unique  (cost=36.03..36.07 rows=9 width=121)
	  ->  Sort  (cost=36.03..36.05 rows=9 width=121)
	        Sort Key: c
	        ->  Index Scan using sbtest4_pkey on sbtest4  (cost=0.43..35.88 rows=9 width=121)
	              Index Cond: ((id >= 352987) AND (id <= 352996))

table 5 : explain SELECT DISTINCT c FROM sbtest5 WHERE id BETWEEN 9195768 AND 9195777 ORDER BY c
	Unique  (cost=35.77..35.82 rows=9 width=121)
	  ->  Sort  (cost=35.77..35.79 rows=9 width=121)
	        Sort Key: c
	        ->  Index Scan using sbtest5_pkey on sbtest5  (cost=0.43..35.63 rows=9 width=121)
	              Index Cond: ((id >= 9195768) AND (id <= 9195777))

table 6 : explain SELECT DISTINCT c FROM sbtest6 WHERE id BETWEEN 2110803 AND 2110812 ORDER BY c
	Unique  (cost=35.98..36.03 rows=9 width=121)
	  ->  Sort  (cost=35.98..36.01 rows=9 width=121)
	        Sort Key: c
	        ->  Index Scan using sbtest6_pkey on sbtest6  (cost=0.43..35.84 rows=9 width=121)
	              Index Cond: ((id >= 2110803) AND (id <= 2110812))

table 7 : explain SELECT DISTINCT c FROM sbtest7 WHERE id BETWEEN 4377828 AND 4377837 ORDER BY c
	Unique  (cost=39.49..39.54 rows=10 width=121)
	  ->  Sort  (cost=39.49..39.52 rows=10 width=121)
	        Sort Key: c
	        ->  Index Scan using sbtest7_pkey on sbtest7  (cost=0.43..39.33 rows=10 width=121)
	              Index Cond: ((id >= 4377828) AND (id <= 4377837))

table 8 : explain SELECT DISTINCT c FROM sbtest8 WHERE id BETWEEN 7677008 AND 7677017 ORDER BY c
	Unique  (cost=39.63..39.68 rows=10 width=121)
	  ->  Sort  (cost=39.63..39.66 rows=10 width=121)
	        Sort Key: c
	        ->  Index Scan using sbtest8_pkey on sbtest8  (cost=0.43..39.47 rows=10 width=121)
	              Index Cond: ((id >= 7677008) AND (id <= 7677017))

explain: for deletes :: explain DELETE FROM sbtest%u WHERE id=%u
for non_index_updates
table 1 : explain UPDATE sbtest1 SET c='foobar' WHERE id=1087085
	Update on sbtest1  (cost=0.43..8.45 rows=0 width=0)
	  ->  Index Scan using sbtest1_pkey on sbtest1  (cost=0.43..8.45 rows=1 width=490)
	        Index Cond: (id = 1087085)

table 2 : explain UPDATE sbtest2 SET c='foobar' WHERE id=8230065
	Update on sbtest2  (cost=0.43..8.45 rows=0 width=0)
	  ->  Index Scan using sbtest2_pkey on sbtest2  (cost=0.43..8.45 rows=1 width=490)
	        Index Cond: (id = 8230065)

table 3 : explain UPDATE sbtest3 SET c='foobar' WHERE id=1513725
	Update on sbtest3  (cost=0.43..8.45 rows=0 width=0)
	  ->  Index Scan using sbtest3_pkey on sbtest3  (cost=0.43..8.45 rows=1 width=490)
	        Index Cond: (id = 1513725)

table 4 : explain UPDATE sbtest4 SET c='foobar' WHERE id=6790480
	Update on sbtest4  (cost=0.43..8.45 rows=0 width=0)
	  ->  Index Scan using sbtest4_pkey on sbtest4  (cost=0.43..8.45 rows=1 width=490)
	        Index Cond: (id = 6790480)

table 5 : explain UPDATE sbtest5 SET c='foobar' WHERE id=3227926
	Update on sbtest5  (cost=0.43..8.45 rows=0 width=0)
	  ->  Index Scan using sbtest5_pkey on sbtest5  (cost=0.43..8.45 rows=1 width=490)
	        Index Cond: (id = 3227926)

table 6 : explain UPDATE sbtest6 SET c='foobar' WHERE id=765463
	Update on sbtest6  (cost=0.43..8.45 rows=0 width=0)
	  ->  Index Scan using sbtest6_pkey on sbtest6  (cost=0.43..8.45 rows=1 width=490)
	        Index Cond: (id = 765463)

table 7 : explain UPDATE sbtest7 SET c='foobar' WHERE id=9227810
	Update on sbtest7  (cost=0.43..8.45 rows=0 width=0)
	  ->  Index Scan using sbtest7_pkey on sbtest7  (cost=0.43..8.45 rows=1 width=490)
	        Index Cond: (id = 9227810)

table 8 : explain UPDATE sbtest8 SET c='foobar' WHERE id=3754759
	Update on sbtest8  (cost=0.43..8.45 rows=0 width=0)
	  ->  Index Scan using sbtest8_pkey on sbtest8  (cost=0.43..8.45 rows=1 width=490)
	        Index Cond: (id = 3754759)

explain: for point_selects :: explain SELECT c FROM sbtest%u WHERE id=%u
for: distinct_ranges
table 1 : explain SELECT DISTINCT c FROM sbtest1 WHERE id BETWEEN 2132535 AND 2132544 ORDER BY c
	Unique  (cost=39.81..39.86 rows=10 width=121)
	  ->  Sort  (cost=39.81..39.83 rows=10 width=121)
	        Sort Key: c
	        ->  Index Scan using sbtest1_pkey on sbtest1  (cost=0.43..39.64 rows=10 width=121)
	              Index Cond: ((id >= 2132535) AND (id <= 2132544))

table 2 : explain SELECT DISTINCT c FROM sbtest2 WHERE id BETWEEN 1563141 AND 1563150 ORDER BY c
	Unique  (cost=39.86..39.91 rows=10 width=121)
	  ->  Sort  (cost=39.86..39.89 rows=10 width=121)
	        Sort Key: c
	        ->  Index Scan using sbtest2_pkey on sbtest2  (cost=0.43..39.70 rows=10 width=121)
	              Index Cond: ((id >= 1563141) AND (id <= 1563150))

table 3 : explain SELECT DISTINCT c FROM sbtest3 WHERE id BETWEEN 2499110 AND 2499119 ORDER BY c
	Unique  (cost=36.37..36.41 rows=9 width=121)
	  ->  Sort  (cost=36.37..36.39 rows=9 width=121)
	        Sort Key: c
	        ->  Index Scan using sbtest3_pkey on sbtest3  (cost=0.43..36.23 rows=9 width=121)
	              Index Cond: ((id >= 2499110) AND (id <= 2499119))

table 4 : explain SELECT DISTINCT c FROM sbtest4 WHERE id BETWEEN 1553951 AND 1553960 ORDER BY c
	Unique  (cost=36.03..36.07 rows=9 width=121)
	  ->  Sort  (cost=36.03..36.05 rows=9 width=121)
	        Sort Key: c
	        ->  Index Scan using sbtest4_pkey on sbtest4  (cost=0.43..35.88 rows=9 width=121)
	              Index Cond: ((id >= 1553951) AND (id <= 1553960))

table 5 : explain SELECT DISTINCT c FROM sbtest5 WHERE id BETWEEN 3650301 AND 3650310 ORDER BY c
	Unique  (cost=35.77..35.82 rows=9 width=121)
	  ->  Sort  (cost=35.77..35.79 rows=9 width=121)
	        Sort Key: c
	        ->  Index Scan using sbtest5_pkey on sbtest5  (cost=0.43..35.63 rows=9 width=121)
	              Index Cond: ((id >= 3650301) AND (id <= 3650310))

table 6 : explain SELECT DISTINCT c FROM sbtest6 WHERE id BETWEEN 6818084 AND 6818093 ORDER BY c
	Unique  (cost=35.98..36.03 rows=9 width=121)
	  ->  Sort  (cost=35.98..36.01 rows=9 width=121)
	        Sort Key: c
	        ->  Index Scan using sbtest6_pkey on sbtest6  (cost=0.43..35.84 rows=9 width=121)
	              Index Cond: ((id >= 6818084) AND (id <= 6818093))

table 7 : explain SELECT DISTINCT c FROM sbtest7 WHERE id BETWEEN 5583814 AND 5583823 ORDER BY c
	Unique  (cost=39.49..39.54 rows=10 width=121)
	  ->  Sort  (cost=39.49..39.52 rows=10 width=121)
	        Sort Key: c
	        ->  Index Scan using sbtest7_pkey on sbtest7  (cost=0.43..39.33 rows=10 width=121)
	              Index Cond: ((id >= 5583814) AND (id <= 5583823))

table 8 : explain SELECT DISTINCT c FROM sbtest8 WHERE id BETWEEN 4383404 AND 4383413 ORDER BY c
	Unique  (cost=36.16..36.21 rows=9 width=121)
	  ->  Sort  (cost=36.16..36.19 rows=9 width=121)
	        Sort Key: c
	        ->  Index Scan using sbtest8_pkey on sbtest8  (cost=0.43..36.02 rows=9 width=121)
	              Index Cond: ((id >= 4383404) AND (id <= 4383413))

explain: for index_updates :: explain UPDATE sbtest%u SET k=k+1 WHERE id=%u
for index_updates
table 1 : explain UPDATE sbtest1 SET k=k+1 WHERE id=1631338
	Update on sbtest1  (cost=0.43..8.46 rows=0 width=0)
	  ->  Index Scan using sbtest1_pkey on sbtest1  (cost=0.43..8.46 rows=1 width=10)
	        Index Cond: (id = 1631338)

table 2 : explain UPDATE sbtest2 SET k=k+1 WHERE id=805369
	Update on sbtest2  (cost=0.43..8.46 rows=0 width=0)
	  ->  Index Scan using sbtest2_pkey on sbtest2  (cost=0.43..8.46 rows=1 width=10)
	        Index Cond: (id = 805369)

table 3 : explain UPDATE sbtest3 SET k=k+1 WHERE id=9426109
	Update on sbtest3  (cost=0.43..8.46 rows=0 width=0)
	  ->  Index Scan using sbtest3_pkey on sbtest3  (cost=0.43..8.46 rows=1 width=10)
	        Index Cond: (id = 9426109)

table 4 : explain UPDATE sbtest4 SET k=k+1 WHERE id=8292261
	Update on sbtest4  (cost=0.43..8.46 rows=0 width=0)
	  ->  Index Scan using sbtest4_pkey on sbtest4  (cost=0.43..8.46 rows=1 width=10)
	        Index Cond: (id = 8292261)

table 5 : explain UPDATE sbtest5 SET k=k+1 WHERE id=9167638
	Update on sbtest5  (cost=0.43..8.46 rows=0 width=0)
	  ->  Index Scan using sbtest5_pkey on sbtest5  (cost=0.43..8.46 rows=1 width=10)
	        Index Cond: (id = 9167638)

table 6 : explain UPDATE sbtest6 SET k=k+1 WHERE id=6951891
	Update on sbtest6  (cost=0.43..8.46 rows=0 width=0)
	  ->  Index Scan using sbtest6_pkey on sbtest6  (cost=0.43..8.46 rows=1 width=10)
	        Index Cond: (id = 6951891)

table 7 : explain UPDATE sbtest7 SET k=k+1 WHERE id=1692570
	Update on sbtest7  (cost=0.43..8.46 rows=0 width=0)
	  ->  Index Scan using sbtest7_pkey on sbtest7  (cost=0.43..8.46 rows=1 width=10)
	        Index Cond: (id = 1692570)

table 8 : explain UPDATE sbtest8 SET k=k+1 WHERE id=72264
	Update on sbtest8  (cost=0.43..8.46 rows=0 width=0)
	  ->  Index Scan using sbtest8_pkey on sbtest8  (cost=0.43..8.46 rows=1 width=10)
	        Index Cond: (id = 72264)

explain: for deletes :: explain DELETE FROM sbtest%u WHERE id=%u
for deletes
table 1 : explain DELETE FROM sbtest1 WHERE id=5183500
	Delete on sbtest1  (cost=0.43..8.45 rows=0 width=0)
	  ->  Index Scan using sbtest1_pkey on sbtest1  (cost=0.43..8.45 rows=1 width=6)
	        Index Cond: (id = 5183500)

table 2 : explain DELETE FROM sbtest2 WHERE id=7678907
	Delete on sbtest2  (cost=0.43..8.45 rows=0 width=0)
	  ->  Index Scan using sbtest2_pkey on sbtest2  (cost=0.43..8.45 rows=1 width=6)
	        Index Cond: (id = 7678907)

table 3 : explain DELETE FROM sbtest3 WHERE id=9817811
	Delete on sbtest3  (cost=0.43..8.45 rows=0 width=0)
	  ->  Index Scan using sbtest3_pkey on sbtest3  (cost=0.43..8.45 rows=1 width=6)
	        Index Cond: (id = 9817811)

table 4 : explain DELETE FROM sbtest4 WHERE id=1235458
	Delete on sbtest4  (cost=0.43..8.45 rows=0 width=0)
	  ->  Index Scan using sbtest4_pkey on sbtest4  (cost=0.43..8.45 rows=1 width=6)
	        Index Cond: (id = 1235458)

table 5 : explain DELETE FROM sbtest5 WHERE id=3716915
	Delete on sbtest5  (cost=0.43..8.45 rows=0 width=0)
	  ->  Index Scan using sbtest5_pkey on sbtest5  (cost=0.43..8.45 rows=1 width=6)
	        Index Cond: (id = 3716915)

table 6 : explain DELETE FROM sbtest6 WHERE id=6355788
	Delete on sbtest6  (cost=0.43..8.45 rows=0 width=0)
	  ->  Index Scan using sbtest6_pkey on sbtest6  (cost=0.43..8.45 rows=1 width=6)
	        Index Cond: (id = 6355788)

table 7 : explain DELETE FROM sbtest7 WHERE id=3442799
	Delete on sbtest7  (cost=0.43..8.45 rows=0 width=0)
	  ->  Index Scan using sbtest7_pkey on sbtest7  (cost=0.43..8.45 rows=1 width=6)
	        Index Cond: (id = 3442799)

table 8 : explain DELETE FROM sbtest8 WHERE id=5729304
	Delete on sbtest8  (cost=0.43..8.45 rows=0 width=0)
	  ->  Index Scan using sbtest8_pkey on sbtest8  (cost=0.43..8.45 rows=1 width=6)
	        Index Cond: (id = 5729304)

for: sum_ranges
table 1 : explain SELECT SUM(k) FROM sbtest1 WHERE id BETWEEN 4437473 AND 4437482
	Aggregate  (cost=39.67..39.68 rows=1 width=8)
	  ->  Index Scan using sbtest1_pkey on sbtest1  (cost=0.43..39.64 rows=10 width=4)
	        Index Cond: ((id >= 4437473) AND (id <= 4437482))

table 2 : explain SELECT SUM(k) FROM sbtest2 WHERE id BETWEEN 6424871 AND 6424880
	Aggregate  (cost=43.20..43.21 rows=1 width=8)
	  ->  Index Scan using sbtest2_pkey on sbtest2  (cost=0.43..43.17 rows=11 width=4)
	        Index Cond: ((id >= 6424871) AND (id <= 6424880))

table 3 : explain SELECT SUM(k) FROM sbtest3 WHERE id BETWEEN 9032799 AND 9032808
	Aggregate  (cost=39.72..39.73 rows=1 width=8)
	  ->  Index Scan using sbtest3_pkey on sbtest3  (cost=0.43..39.70 rows=10 width=4)
	        Index Cond: ((id >= 9032799) AND (id <= 9032808))

table 4 : explain SELECT SUM(k) FROM sbtest4 WHERE id BETWEEN 4299675 AND 4299684
	Aggregate  (cost=39.34..39.35 rows=1 width=8)
	  ->  Index Scan using sbtest4_pkey on sbtest4  (cost=0.43..39.31 rows=10 width=4)
	        Index Cond: ((id >= 4299675) AND (id <= 4299684))

table 5 : explain SELECT SUM(k) FROM sbtest5 WHERE id BETWEEN 908581 AND 908590
	Aggregate  (cost=39.05..39.06 rows=1 width=8)
	  ->  Index Scan using sbtest5_pkey on sbtest5  (cost=0.43..39.02 rows=10 width=4)
	        Index Cond: ((id >= 908581) AND (id <= 908590))

table 6 : explain SELECT SUM(k) FROM sbtest6 WHERE id BETWEEN 5367279 AND 5367288
	Aggregate  (cost=39.29..39.30 rows=1 width=8)
	  ->  Index Scan using sbtest6_pkey on sbtest6  (cost=0.43..39.26 rows=10 width=4)
	        Index Cond: ((id >= 5367279) AND (id <= 5367288))

table 7 : explain SELECT SUM(k) FROM sbtest7 WHERE id BETWEEN 9271134 AND 9271143
	Aggregate  (cost=39.35..39.36 rows=1 width=8)
	  ->  Index Scan using sbtest7_pkey on sbtest7  (cost=0.43..39.33 rows=10 width=4)
	        Index Cond: ((id >= 9271134) AND (id <= 9271143))

table 8 : explain SELECT SUM(k) FROM sbtest8 WHERE id BETWEEN 3233653 AND 3233662
	Aggregate  (cost=36.04..36.05 rows=1 width=8)
	  ->  Index Scan using sbtest8_pkey on sbtest8  (cost=0.43..36.02 rows=9 width=4)
	        Index Cond: ((id >= 3233653) AND (id <= 3233662))

for point_selects
table 1 : explain SELECT c FROM sbtest1 WHERE id=615159
	Index Scan using sbtest1_pkey on sbtest1  (cost=0.43..8.45 rows=1 width=121)
	  Index Cond: (id = 615159)

table 2 : explain SELECT c FROM sbtest2 WHERE id=3846662
	Index Scan using sbtest2_pkey on sbtest2  (cost=0.43..8.45 rows=1 width=121)
	  Index Cond: (id = 3846662)

table 3 : explain SELECT c FROM sbtest3 WHERE id=9668163
	Index Scan using sbtest3_pkey on sbtest3  (cost=0.43..8.45 rows=1 width=121)
	  Index Cond: (id = 9668163)

table 4 : explain SELECT c FROM sbtest4 WHERE id=4833493
	Index Scan using sbtest4_pkey on sbtest4  (cost=0.43..8.45 rows=1 width=121)
	  Index Cond: (id = 4833493)

table 5 : explain SELECT c FROM sbtest5 WHERE id=2763563
	Index Scan using sbtest5_pkey on sbtest5  (cost=0.43..8.45 rows=1 width=121)
	  Index Cond: (id = 2763563)

table 6 : explain SELECT c FROM sbtest6 WHERE id=4561254
	Index Scan using sbtest6_pkey on sbtest6  (cost=0.43..8.45 rows=1 width=121)
	  Index Cond: (id = 4561254)

table 7 : explain SELECT c FROM sbtest7 WHERE id=1570024
	Index Scan using sbtest7_pkey on sbtest7  (cost=0.43..8.45 rows=1 width=121)
	  Index Cond: (id = 1570024)

table 8 : explain SELECT c FROM sbtest8 WHERE id=9898346
	Index Scan using sbtest8_pkey on sbtest8  (cost=0.43..8.45 rows=1 width=121)
	  Index Cond: (id = 9898346)

explain: for index_updates :: explain UPDATE sbtest%u SET k=k+1 WHERE id=%u
explain: for non_index_updates :: explain UPDATE sbtest%u SET c='foobar' WHERE id=%u
for index_updates
table 1 : explain UPDATE sbtest1 SET k=k+1 WHERE id=3358499
	Update on sbtest1  (cost=0.43..8.46 rows=0 width=0)
	  ->  Index Scan using sbtest1_pkey on sbtest1  (cost=0.43..8.46 rows=1 width=10)
	        Index Cond: (id = 3358499)

table 2 : explain UPDATE sbtest2 SET k=k+1 WHERE id=9355846
	Update on sbtest2  (cost=0.43..8.46 rows=0 width=0)
	  ->  Index Scan using sbtest2_pkey on sbtest2  (cost=0.43..8.46 rows=1 width=10)
	        Index Cond: (id = 9355846)

table 3 : explain UPDATE sbtest3 SET k=k+1 WHERE id=860365
	Update on sbtest3  (cost=0.43..8.46 rows=0 width=0)
	  ->  Index Scan using sbtest3_pkey on sbtest3  (cost=0.43..8.46 rows=1 width=10)
	        Index Cond: (id = 860365)

table 4 : explain UPDATE sbtest4 SET k=k+1 WHERE id=2192578
	Update on sbtest4  (cost=0.43..8.46 rows=0 width=0)
	  ->  Index Scan using sbtest4_pkey on sbtest4  (cost=0.43..8.46 rows=1 width=10)
	        Index Cond: (id = 2192578)

table 5 : explain UPDATE sbtest5 SET k=k+1 WHERE id=991706
	Update on sbtest5  (cost=0.43..8.46 rows=0 width=0)
	  ->  Index Scan using sbtest5_pkey on sbtest5  (cost=0.43..8.46 rows=1 width=10)
	        Index Cond: (id = 991706)

table 6 : explain UPDATE sbtest6 SET k=k+1 WHERE id=4268131
	Update on sbtest6  (cost=0.43..8.46 rows=0 width=0)
	  ->  Index Scan using sbtest6_pkey on sbtest6  (cost=0.43..8.46 rows=1 width=10)
	        Index Cond: (id = 4268131)

table 7 : explain UPDATE sbtest7 SET k=k+1 WHERE id=3174132
	Update on sbtest7  (cost=0.43..8.46 rows=0 width=0)
	  ->  Index Scan using sbtest7_pkey on sbtest7  (cost=0.43..8.46 rows=1 width=10)
	        Index Cond: (id = 3174132)

table 8 : explain UPDATE sbtest8 SET k=k+1 WHERE id=4151333
	Update on sbtest8  (cost=0.43..8.46 rows=0 width=0)
	  ->  Index Scan using sbtest8_pkey on sbtest8  (cost=0.43..8.46 rows=1 width=10)
	        Index Cond: (id = 4151333)

for deletes
table 1 : explain DELETE FROM sbtest1 WHERE id=3303128
	Delete on sbtest1  (cost=0.43..8.45 rows=0 width=0)
	  ->  Index Scan using sbtest1_pkey on sbtest1  (cost=0.43..8.45 rows=1 width=6)
	        Index Cond: (id = 3303128)

table 2 : explain DELETE FROM sbtest2 WHERE id=9792342
	Delete on sbtest2  (cost=0.43..8.45 rows=0 width=0)
	  ->  Index Scan using sbtest2_pkey on sbtest2  (cost=0.43..8.45 rows=1 width=6)
	        Index Cond: (id = 9792342)

table 3 : explain DELETE FROM sbtest3 WHERE id=5612721
	Delete on sbtest3  (cost=0.43..8.45 rows=0 width=0)
	  ->  Index Scan using sbtest3_pkey on sbtest3  (cost=0.43..8.45 rows=1 width=6)
	        Index Cond: (id = 5612721)

table 4 : explain DELETE FROM sbtest4 WHERE id=600829
	Delete on sbtest4  (cost=0.43..8.45 rows=0 width=0)
	  ->  Index Scan using sbtest4_pkey on sbtest4  (cost=0.43..8.45 rows=1 width=6)
	        Index Cond: (id = 600829)

table 5 : explain DELETE FROM sbtest5 WHERE id=8655281
	Delete on sbtest5  (cost=0.43..8.45 rows=0 width=0)
	  ->  Index Scan using sbtest5_pkey on sbtest5  (cost=0.43..8.45 rows=1 width=6)
	        Index Cond: (id = 8655281)

table 6 : explain DELETE FROM sbtest6 WHERE id=8122253
	Delete on sbtest6  (cost=0.43..8.45 rows=0 width=0)
	  ->  Index Scan using sbtest6_pkey on sbtest6  (cost=0.43..8.45 rows=1 width=6)
	        Index Cond: (id = 8122253)

table 7 : explain DELETE FROM sbtest7 WHERE id=4900603
	Delete on sbtest7  (cost=0.43..8.45 rows=0 width=0)
	  ->  Index Scan using sbtest7_pkey on sbtest7  (cost=0.43..8.45 rows=1 width=6)
	        Index Cond: (id = 4900603)

table 8 : explain DELETE FROM sbtest8 WHERE id=9418966
	Delete on sbtest8  (cost=0.43..8.45 rows=0 width=0)
	  ->  Index Scan using sbtest8_pkey on sbtest8  (cost=0.43..8.45 rows=1 width=6)
	        Index Cond: (id = 9418966)

for index_updates
table 1 : explain UPDATE sbtest1 SET k=k+1 WHERE id=6824352
	Update on sbtest1  (cost=0.43..8.46 rows=0 width=0)
	  ->  Index Scan using sbtest1_pkey on sbtest1  (cost=0.43..8.46 rows=1 width=10)
	        Index Cond: (id = 6824352)

table 2 : explain UPDATE sbtest2 SET k=k+1 WHERE id=2459693
	Update on sbtest2  (cost=0.43..8.46 rows=0 width=0)
	  ->  Index Scan using sbtest2_pkey on sbtest2  (cost=0.43..8.46 rows=1 width=10)
	        Index Cond: (id = 2459693)

table 3 : explain UPDATE sbtest3 SET k=k+1 WHERE id=2958623
	Update on sbtest3  (cost=0.43..8.46 rows=0 width=0)
	  ->  Index Scan using sbtest3_pkey on sbtest3  (cost=0.43..8.46 rows=1 width=10)
	        Index Cond: (id = 2958623)

table 4 : explain UPDATE sbtest4 SET k=k+1 WHERE id=7039385
	Update on sbtest4  (cost=0.43..8.46 rows=0 width=0)
	  ->  Index Scan using sbtest4_pkey on sbtest4  (cost=0.43..8.46 rows=1 width=10)
	        Index Cond: (id = 7039385)

table 5 : explain UPDATE sbtest5 SET k=k+1 WHERE id=5226409
	Update on sbtest5  (cost=0.43..8.46 rows=0 width=0)
	  ->  Index Scan using sbtest5_pkey on sbtest5  (cost=0.43..8.46 rows=1 width=10)
	        Index Cond: (id = 5226409)

table 6 : explain UPDATE sbtest6 SET k=k+1 WHERE id=661411
	Update on sbtest6  (cost=0.43..8.46 rows=0 width=0)
	  ->  Index Scan using sbtest6_pkey on sbtest6  (cost=0.43..8.46 rows=1 width=10)
	        Index Cond: (id = 661411)

table 7 : explain UPDATE sbtest7 SET k=k+1 WHERE id=2638107
	Update on sbtest7  (cost=0.43..8.46 rows=0 width=0)
	  ->  Index Scan using sbtest7_pkey on sbtest7  (cost=0.43..8.46 rows=1 width=10)
	        Index Cond: (id = 2638107)

table 8 : explain UPDATE sbtest8 SET k=k+1 WHERE id=7886632
	Update on sbtest8  (cost=0.43..8.46 rows=0 width=0)
	  ->  Index Scan using sbtest8_pkey on sbtest8  (cost=0.43..8.46 rows=1 width=10)
	        Index Cond: (id = 7886632)

for non_index_updates
table 1 : explain UPDATE sbtest1 SET c='foobar' WHERE id=8390441
	Update on sbtest1  (cost=0.43..8.45 rows=0 width=0)
	  ->  Index Scan using sbtest1_pkey on sbtest1  (cost=0.43..8.45 rows=1 width=490)
	        Index Cond: (id = 8390441)

table 2 : explain UPDATE sbtest2 SET c='foobar' WHERE id=5962755
	Update on sbtest2  (cost=0.43..8.45 rows=0 width=0)
	  ->  Index Scan using sbtest2_pkey on sbtest2  (cost=0.43..8.45 rows=1 width=490)
	        Index Cond: (id = 5962755)

table 3 : explain UPDATE sbtest3 SET c='foobar' WHERE id=5245329
	Update on sbtest3  (cost=0.43..8.45 rows=0 width=0)
	  ->  Index Scan using sbtest3_pkey on sbtest3  (cost=0.43..8.45 rows=1 width=490)
	        Index Cond: (id = 5245329)

table 4 : explain UPDATE sbtest4 SET c='foobar' WHERE id=1254940
	Update on sbtest4  (cost=0.43..8.45 rows=0 width=0)
	  ->  Index Scan using sbtest4_pkey on sbtest4  (cost=0.43..8.45 rows=1 width=490)
	        Index Cond: (id = 1254940)

table 5 : explain UPDATE sbtest5 SET c='foobar' WHERE id=8197705
	Update on sbtest5  (cost=0.43..8.45 rows=0 width=0)
	  ->  Index Scan using sbtest5_pkey on sbtest5  (cost=0.43..8.45 rows=1 width=490)
	        Index Cond: (id = 8197705)

table 6 : explain UPDATE sbtest6 SET c='foobar' WHERE id=4316939
	Update on sbtest6  (cost=0.43..8.45 rows=0 width=0)
	  ->  Index Scan using sbtest6_pkey on sbtest6  (cost=0.43..8.45 rows=1 width=490)
	        Index Cond: (id = 4316939)

table 7 : explain UPDATE sbtest7 SET c='foobar' WHERE id=9027150
	Update on sbtest7  (cost=0.43..8.45 rows=0 width=0)
	  ->  Index Scan using sbtest7_pkey on sbtest7  (cost=0.43..8.45 rows=1 width=490)
	        Index Cond: (id = 9027150)

table 8 : explain UPDATE sbtest8 SET c='foobar' WHERE id=5512466
	Update on sbtest8  (cost=0.43..8.45 rows=0 width=0)
	  ->  Index Scan using sbtest8_pkey on sbtest8  (cost=0.43..8.45 rows=1 width=490)
	        Index Cond: (id = 5512466)

for point_selects
table 1 : explain SELECT c FROM sbtest1 WHERE id=7384912
	Index Scan using sbtest1_pkey on sbtest1  (cost=0.43..8.45 rows=1 width=121)
	  Index Cond: (id = 7384912)

table 2 : explain SELECT c FROM sbtest2 WHERE id=8709259
	Index Scan using sbtest2_pkey on sbtest2  (cost=0.43..8.45 rows=1 width=121)
	  Index Cond: (id = 8709259)

table 3 : explain SELECT c FROM sbtest3 WHERE id=6609515
	Index Scan using sbtest3_pkey on sbtest3  (cost=0.43..8.45 rows=1 width=121)
	  Index Cond: (id = 6609515)

table 4 : explain SELECT c FROM sbtest4 WHERE id=3271201
	Index Scan using sbtest4_pkey on sbtest4  (cost=0.43..8.45 rows=1 width=121)
	  Index Cond: (id = 3271201)

table 5 : explain SELECT c FROM sbtest5 WHERE id=1513773
	Index Scan using sbtest5_pkey on sbtest5  (cost=0.43..8.45 rows=1 width=121)
	  Index Cond: (id = 1513773)

table 6 : explain SELECT c FROM sbtest6 WHERE id=9765174
	Index Scan using sbtest6_pkey on sbtest6  (cost=0.43..8.45 rows=1 width=121)
	  Index Cond: (id = 9765174)

table 7 : explain SELECT c FROM sbtest7 WHERE id=9012007
	Index Scan using sbtest7_pkey on sbtest7  (cost=0.43..8.45 rows=1 width=121)
	  Index Cond: (id = 9012007)

table 8 : explain SELECT c FROM sbtest8 WHERE id=6689571
	Index Scan using sbtest8_pkey on sbtest8  (cost=0.43..8.45 rows=1 width=121)
	  Index Cond: (id = 6689571)

for: sum_ranges
table 1 : explain SELECT SUM(k) FROM sbtest1 WHERE id BETWEEN 6564483 AND 6564492
	Aggregate  (cost=43.14..43.15 rows=1 width=8)
	  ->  Index Scan using sbtest1_pkey on sbtest1  (cost=0.43..43.11 rows=11 width=4)
	        Index Cond: ((id >= 6564483) AND (id <= 6564492))

table 2 : explain SELECT SUM(k) FROM sbtest2 WHERE id BETWEEN 8682668 AND 8682677
	Aggregate  (cost=43.20..43.21 rows=1 width=8)
	  ->  Index Scan using sbtest2_pkey on sbtest2  (cost=0.43..43.17 rows=11 width=4)
	        Index Cond: ((id >= 8682668) AND (id <= 8682677))

table 3 : explain SELECT SUM(k) FROM sbtest3 WHERE id BETWEEN 7902736 AND 7902745
	Aggregate  (cost=36.25..36.26 rows=1 width=8)
	  ->  Index Scan using sbtest3_pkey on sbtest3  (cost=0.43..36.23 rows=9 width=4)
	        Index Cond: ((id >= 7902736) AND (id <= 7902745))

table 4 : explain SELECT SUM(k) FROM sbtest4 WHERE id BETWEEN 4245498 AND 4245507
	Aggregate  (cost=39.34..39.35 rows=1 width=8)
	  ->  Index Scan using sbtest4_pkey on sbtest4  (cost=0.43..39.31 rows=10 width=4)
	        Index Cond: ((id >= 4245498) AND (id <= 4245507))

table 5 : explain SELECT SUM(k) FROM sbtest5 WHERE id BETWEEN 2112307 AND 2112316
	Aggregate  (cost=39.05..39.06 rows=1 width=8)
	  ->  Index Scan using sbtest5_pkey on sbtest5  (cost=0.43..39.02 rows=10 width=4)
	        Index Cond: ((id >= 2112307) AND (id <= 2112316))

table 6 : explain SELECT SUM(k) FROM sbtest6 WHERE id BETWEEN 6287608 AND 6287617
	Aggregate  (cost=35.86..35.87 rows=1 width=8)
	  ->  Index Scan using sbtest6_pkey on sbtest6  (cost=0.43..35.84 rows=9 width=4)
	        Index Cond: ((id >= 6287608) AND (id <= 6287617))

table 7 : explain SELECT SUM(k) FROM sbtest7 WHERE id BETWEEN 5858450 AND 5858459
	Aggregate  (cost=42.78..42.79 rows=1 width=8)
	  ->  Index Scan using sbtest7_pkey on sbtest7  (cost=0.43..42.76 rows=11 width=4)
	        Index Cond: ((id >= 5858450) AND (id <= 5858459))

table 8 : explain SELECT SUM(k) FROM sbtest8 WHERE id BETWEEN 9630248 AND 9630257
	Aggregate  (cost=39.49..39.50 rows=1 width=8)
	  ->  Index Scan using sbtest8_pkey on sbtest8  (cost=0.43..39.47 rows=10 width=4)
	        Index Cond: ((id >= 9630248) AND (id <= 9630257))

for: sum_ranges
table 1 : explain SELECT SUM(k) FROM sbtest1 WHERE id BETWEEN 9243188 AND 9243197
	Aggregate  (cost=39.67..39.68 rows=1 width=8)
	  ->  Index Scan using sbtest1_pkey on sbtest1  (cost=0.43..39.64 rows=10 width=4)
	        Index Cond: ((id >= 9243188) AND (id <= 9243197))

table 2 : explain SELECT SUM(k) FROM sbtest2 WHERE id BETWEEN 1136565 AND 1136574
	Aggregate  (cost=39.72..39.73 rows=1 width=8)
	  ->  Index Scan using sbtest2_pkey on sbtest2  (cost=0.43..39.70 rows=10 width=4)
	        Index Cond: ((id >= 1136565) AND (id <= 1136574))

table 3 : explain SELECT SUM(k) FROM sbtest3 WHERE id BETWEEN 2442772 AND 2442781
	Aggregate  (cost=36.25..36.26 rows=1 width=8)
	  ->  Index Scan using sbtest3_pkey on sbtest3  (cost=0.43..36.23 rows=9 width=4)
	        Index Cond: ((id >= 2442772) AND (id <= 2442781))

table 4 : explain SELECT SUM(k) FROM sbtest4 WHERE id BETWEEN 7122569 AND 7122578
	Aggregate  (cost=39.34..39.35 rows=1 width=8)
	  ->  Index Scan using sbtest4_pkey on sbtest4  (cost=0.43..39.31 rows=10 width=4)
	        Index Cond: ((id >= 7122569) AND (id <= 7122578))

table 5 : explain SELECT SUM(k) FROM sbtest5 WHERE id BETWEEN 1849708 AND 1849717
	Aggregate  (cost=39.05..39.06 rows=1 width=8)
	  ->  Index Scan using sbtest5_pkey on sbtest5  (cost=0.43..39.02 rows=10 width=4)
	        Index Cond: ((id >= 1849708) AND (id <= 1849717))

table 6 : explain SELECT SUM(k) FROM sbtest6 WHERE id BETWEEN 5145791 AND 5145800
	Aggregate  (cost=39.29..39.30 rows=1 width=8)
	  ->  Index Scan using sbtest6_pkey on sbtest6  (cost=0.43..39.26 rows=10 width=4)
	        Index Cond: ((id >= 5145791) AND (id <= 5145800))

table 7 : explain SELECT SUM(k) FROM sbtest7 WHERE id BETWEEN 6853835 AND 6853844
	Aggregate  (cost=39.35..39.36 rows=1 width=8)
	  ->  Index Scan using sbtest7_pkey on sbtest7  (cost=0.43..39.33 rows=10 width=4)
	        Index Cond: ((id >= 6853835) AND (id <= 6853844))

table 8 : explain SELECT SUM(k) FROM sbtest8 WHERE id BETWEEN 8437449 AND 8437458
	Aggregate  (cost=39.49..39.50 rows=1 width=8)
	  ->  Index Scan using sbtest8_pkey on sbtest8  (cost=0.43..39.47 rows=10 width=4)
	        Index Cond: ((id >= 8437449) AND (id <= 8437458))

explain: for non_index_updates :: explain UPDATE sbtest%u SET c='foobar' WHERE id=%u
explain: for deletes :: explain DELETE FROM sbtest%u WHERE id=%u
explain: for point_selects :: explain SELECT c FROM sbtest%u WHERE id=%u
explain: for point_selects :: explain SELECT c FROM sbtest%u WHERE id=%u
for: sum_ranges
table 1 : explain SELECT SUM(k) FROM sbtest1 WHERE id BETWEEN 9988818 AND 9988827
	Aggregate  (cost=39.67..39.68 rows=1 width=8)
	  ->  Index Scan using sbtest1_pkey on sbtest1  (cost=0.43..39.64 rows=10 width=4)
	        Index Cond: ((id >= 9988818) AND (id <= 9988827))

table 2 : explain SELECT SUM(k) FROM sbtest2 WHERE id BETWEEN 2060017 AND 2060026
	Aggregate  (cost=36.25..36.26 rows=1 width=8)
	  ->  Index Scan using sbtest2_pkey on sbtest2  (cost=0.43..36.23 rows=9 width=4)
	        Index Cond: ((id >= 2060017) AND (id <= 2060026))

table 3 : explain SELECT SUM(k) FROM sbtest3 WHERE id BETWEEN 8530342 AND 8530351
	Aggregate  (cost=39.72..39.73 rows=1 width=8)
	  ->  Index Scan using sbtest3_pkey on sbtest3  (cost=0.43..39.70 rows=10 width=4)
	        Index Cond: ((id >= 8530342) AND (id <= 8530351))

table 4 : explain SELECT SUM(k) FROM sbtest4 WHERE id BETWEEN 4168531 AND 4168540
	Aggregate  (cost=35.91..35.92 rows=1 width=8)
	  ->  Index Scan using sbtest4_pkey on sbtest4  (cost=0.43..35.88 rows=9 width=4)
	        Index Cond: ((id >= 4168531) AND (id <= 4168540))

table 5 : explain SELECT SUM(k) FROM sbtest5 WHERE id BETWEEN 8191432 AND 8191441
	Aggregate  (cost=39.05..39.06 rows=1 width=8)
	  ->  Index Scan using sbtest5_pkey on sbtest5  (cost=0.43..39.02 rows=10 width=4)
	        Index Cond: ((id >= 8191432) AND (id <= 8191441))

table 6 : explain SELECT SUM(k) FROM sbtest6 WHERE id BETWEEN 7601889 AND 7601898
	Aggregate  (cost=39.29..39.30 rows=1 width=8)
	  ->  Index Scan using sbtest6_pkey on sbtest6  (cost=0.43..39.26 rows=10 width=4)
	        Index Cond: ((id >= 7601889) AND (id <= 7601898))

table 7 : explain SELECT SUM(k) FROM sbtest7 WHERE id BETWEEN 4149507 AND 4149516
	Aggregate  (cost=39.35..39.36 rows=1 width=8)
	  ->  Index Scan using sbtest7_pkey on sbtest7  (cost=0.43..39.33 rows=10 width=4)
	        Index Cond: ((id >= 4149507) AND (id <= 4149516))

table 8 : explain SELECT SUM(k) FROM sbtest8 WHERE id BETWEEN 7462231 AND 7462240
	Aggregate  (cost=42.94..42.95 rows=1 width=8)
	  ->  Index Scan using sbtest8_pkey on sbtest8  (cost=0.43..42.91 rows=11 width=4)
	        Index Cond: ((id >= 7462231) AND (id <= 7462240))

for: order_ranges
table 1 : explain SELECT c FROM sbtest1 WHERE id BETWEEN 2936212 AND 2936221 ORDER BY c
	Sort  (cost=39.81..39.83 rows=10 width=121)
	  Sort Key: c
	  ->  Index Scan using sbtest1_pkey on sbtest1  (cost=0.43..39.64 rows=10 width=121)
	        Index Cond: ((id >= 2936212) AND (id <= 2936221))

table 2 : explain SELECT c FROM sbtest2 WHERE id BETWEEN 8743989 AND 8743998 ORDER BY c
	Sort  (cost=43.36..43.39 rows=11 width=121)
	  Sort Key: c
	  ->  Index Scan using sbtest2_pkey on sbtest2  (cost=0.43..43.17 rows=11 width=121)
	        Index Cond: ((id >= 8743989) AND (id <= 8743998))

table 3 : explain SELECT c FROM sbtest3 WHERE id BETWEEN 3942570 AND 3942579 ORDER BY c
	Sort  (cost=43.36..43.39 rows=11 width=121)
	  Sort Key: c
	  ->  Index Scan using sbtest3_pkey on sbtest3  (cost=0.43..43.17 rows=11 width=121)
	        Index Cond: ((id >= 3942570) AND (id <= 3942579))

table 4 : explain SELECT c FROM sbtest4 WHERE id BETWEEN 4542736 AND 4542745 ORDER BY c
	Sort  (cost=39.48..39.50 rows=10 width=121)
	  Sort Key: c
	  ->  Index Scan using sbtest4_pkey on sbtest4  (cost=0.43..39.31 rows=10 width=121)
	        Index Cond: ((id >= 4542736) AND (id <= 4542745))

table 5 : explain SELECT c FROM sbtest5 WHERE id BETWEEN 72015 AND 72024 ORDER BY c
	Sort  (cost=39.19..39.22 rows=10 width=121)
	  Sort Key: c
	  ->  Index Scan using sbtest5_pkey on sbtest5  (cost=0.43..39.02 rows=10 width=121)
	        Index Cond: ((id >= 72015) AND (id <= 72024))

table 6 : explain SELECT c FROM sbtest6 WHERE id BETWEEN 2966838 AND 2966847 ORDER BY c
	Sort  (cost=39.43..39.46 rows=10 width=121)
	  Sort Key: c
	  ->  Index Scan using sbtest6_pkey on sbtest6  (cost=0.43..39.26 rows=10 width=121)
	        Index Cond: ((id >= 2966838) AND (id <= 2966847))

table 7 : explain SELECT c FROM sbtest7 WHERE id BETWEEN 3404968 AND 3404977 ORDER BY c
	Sort  (cost=39.49..39.52 rows=10 width=121)
	  Sort Key: c
	  ->  Index Scan using sbtest7_pkey on sbtest7  (cost=0.43..39.33 rows=10 width=121)
	        Index Cond: ((id >= 3404968) AND (id <= 3404977))

table 8 : explain SELECT c FROM sbtest8 WHERE id BETWEEN 5487899 AND 5487908 ORDER BY c
	Sort  (cost=43.10..43.13 rows=11 width=121)
	  Sort Key: c
	  ->  Index Scan using sbtest8_pkey on sbtest8  (cost=0.43..42.91 rows=11 width=121)
	        Index Cond: ((id >= 5487899) AND (id <= 5487908))

explain: for point_selects :: explain SELECT c FROM sbtest%u WHERE id=%u
for: order_ranges
table 1 : explain SELECT c FROM sbtest1 WHERE id BETWEEN 2814365 AND 2814374 ORDER BY c
	Sort  (cost=39.81..39.83 rows=10 width=121)
	  Sort Key: c
	  ->  Index Scan using sbtest1_pkey on sbtest1  (cost=0.43..39.64 rows=10 width=121)
	        Index Cond: ((id >= 2814365) AND (id <= 2814374))

table 2 : explain SELECT c FROM sbtest2 WHERE id BETWEEN 1139790 AND 1139799 ORDER BY c
	Sort  (cost=39.86..39.89 rows=10 width=121)
	  Sort Key: c
	  ->  Index Scan using sbtest2_pkey on sbtest2  (cost=0.43..39.70 rows=10 width=121)
	        Index Cond: ((id >= 1139790) AND (id <= 1139799))

table 3 : explain SELECT c FROM sbtest3 WHERE id BETWEEN 6869201 AND 6869210 ORDER BY c
	Sort  (cost=43.36..43.39 rows=11 width=121)
	  Sort Key: c
	  ->  Index Scan using sbtest3_pkey on sbtest3  (cost=0.43..43.17 rows=11 width=121)
	        Index Cond: ((id >= 6869201) AND (id <= 6869210))

table 4 : explain SELECT c FROM sbtest4 WHERE id BETWEEN 8494858 AND 8494867 ORDER BY c
	Sort  (cost=39.48..39.50 rows=10 width=121)
	  Sort Key: c
	  ->  Index Scan using sbtest4_pkey on sbtest4  (cost=0.43..39.31 rows=10 width=121)
	        Index Cond: ((id >= 8494858) AND (id <= 8494867))

table 5 : explain SELECT c FROM sbtest5 WHERE id BETWEEN 3133509 AND 3133518 ORDER BY c
	Sort  (cost=35.77..35.79 rows=9 width=121)
	  Sort Key: c
	  ->  Index Scan using sbtest5_pkey on sbtest5  (cost=0.43..35.63 rows=9 width=121)
	        Index Cond: ((id >= 3133509) AND (id <= 3133518))

table 6 : explain SELECT c FROM sbtest6 WHERE id BETWEEN 1730532 AND 1730541 ORDER BY c
	Sort  (cost=39.43..39.46 rows=10 width=121)
	  Sort Key: c
	  ->  Index Scan using sbtest6_pkey on sbtest6  (cost=0.43..39.26 rows=10 width=121)
	        Index Cond: ((id >= 1730532) AND (id <= 1730541))

table 7 : explain SELECT c FROM sbtest7 WHERE id BETWEEN 6513095 AND 6513104 ORDER BY c
	Sort  (cost=42.95..42.97 rows=11 width=121)
	  Sort Key: c
	  ->  Index Scan using sbtest7_pkey on sbtest7  (cost=0.43..42.76 rows=11 width=121)
	        Index Cond: ((id >= 6513095) AND (id <= 6513104))

table 8 : explain SELECT c FROM sbtest8 WHERE id BETWEEN 8386952 AND 8386961 ORDER BY c
	Sort  (cost=39.63..39.66 rows=10 width=121)
	  Sort Key: c
	  ->  Index Scan using sbtest8_pkey on sbtest8  (cost=0.43..39.47 rows=10 width=121)
	        Index Cond: ((id >= 8386952) AND (id <= 8386961))

for deletes
table 1 : explain DELETE FROM sbtest1 WHERE id=2565363
	Delete on sbtest1  (cost=0.43..8.45 rows=0 width=0)
	  ->  Index Scan using sbtest1_pkey on sbtest1  (cost=0.43..8.45 rows=1 width=6)
	        Index Cond: (id = 2565363)

table 2 : explain DELETE FROM sbtest2 WHERE id=1117058
	Delete on sbtest2  (cost=0.43..8.45 rows=0 width=0)
	  ->  Index Scan using sbtest2_pkey on sbtest2  (cost=0.43..8.45 rows=1 width=6)
	        Index Cond: (id = 1117058)

table 3 : explain DELETE FROM sbtest3 WHERE id=1615349
	Delete on sbtest3  (cost=0.43..8.45 rows=0 width=0)
	  ->  Index Scan using sbtest3_pkey on sbtest3  (cost=0.43..8.45 rows=1 width=6)
	        Index Cond: (id = 1615349)

table 4 : explain DELETE FROM sbtest4 WHERE id=1038608
	Delete on sbtest4  (cost=0.43..8.45 rows=0 width=0)
	  ->  Index Scan using sbtest4_pkey on sbtest4  (cost=0.43..8.45 rows=1 width=6)
	        Index Cond: (id = 1038608)

table 5 : explain DELETE FROM sbtest5 WHERE id=1854189
	Delete on sbtest5  (cost=0.43..8.45 rows=0 width=0)
	  ->  Index Scan using sbtest5_pkey on sbtest5  (cost=0.43..8.45 rows=1 width=6)
	        Index Cond: (id = 1854189)

table 6 : explain DELETE FROM sbtest6 WHERE id=2766200
	Delete on sbtest6  (cost=0.43..8.45 rows=0 width=0)
	  ->  Index Scan using sbtest6_pkey on sbtest6  (cost=0.43..8.45 rows=1 width=6)
	        Index Cond: (id = 2766200)

table 7 : explain DELETE FROM sbtest7 WHERE id=131012
	Delete on sbtest7  (cost=0.43..8.45 rows=0 width=0)
	  ->  Index Scan using sbtest7_pkey on sbtest7  (cost=0.43..8.45 rows=1 width=6)
	        Index Cond: (id = 131012)

table 8 : explain DELETE FROM sbtest8 WHERE id=4788688
	Delete on sbtest8  (cost=0.43..8.45 rows=0 width=0)
	  ->  Index Scan using sbtest8_pkey on sbtest8  (cost=0.43..8.45 rows=1 width=6)
	        Index Cond: (id = 4788688)

for non_index_updates
table 1 : explain UPDATE sbtest1 SET c='foobar' WHERE id=5811089
	Update on sbtest1  (cost=0.43..8.45 rows=0 width=0)
	  ->  Index Scan using sbtest1_pkey on sbtest1  (cost=0.43..8.45 rows=1 width=490)
	        Index Cond: (id = 5811089)

table 2 : explain UPDATE sbtest2 SET c='foobar' WHERE id=1502698
	Update on sbtest2  (cost=0.43..8.45 rows=0 width=0)
	  ->  Index Scan using sbtest2_pkey on sbtest2  (cost=0.43..8.45 rows=1 width=490)
	        Index Cond: (id = 1502698)

table 3 : explain UPDATE sbtest3 SET c='foobar' WHERE id=6540747
	Update on sbtest3  (cost=0.43..8.45 rows=0 width=0)
	  ->  Index Scan using sbtest3_pkey on sbtest3  (cost=0.43..8.45 rows=1 width=490)
	        Index Cond: (id = 6540747)

table 4 : explain UPDATE sbtest4 SET c='foobar' WHERE id=6980445
	Update on sbtest4  (cost=0.43..8.45 rows=0 width=0)
	  ->  Index Scan using sbtest4_pkey on sbtest4  (cost=0.43..8.45 rows=1 width=490)
	        Index Cond: (id = 6980445)

table 5 : explain UPDATE sbtest5 SET c='foobar' WHERE id=5173410
	Update on sbtest5  (cost=0.43..8.45 rows=0 width=0)
	  ->  Index Scan using sbtest5_pkey on sbtest5  (cost=0.43..8.45 rows=1 width=490)
	        Index Cond: (id = 5173410)

table 6 : explain UPDATE sbtest6 SET c='foobar' WHERE id=3986833
	Update on sbtest6  (cost=0.43..8.45 rows=0 width=0)
	  ->  Index Scan using sbtest6_pkey on sbtest6  (cost=0.43..8.45 rows=1 width=490)
	        Index Cond: (id = 3986833)

table 7 : explain UPDATE sbtest7 SET c='foobar' WHERE id=9816025
	Update on sbtest7  (cost=0.43..8.45 rows=0 width=0)
	  ->  Index Scan using sbtest7_pkey on sbtest7  (cost=0.43..8.45 rows=1 width=490)
	        Index Cond: (id = 9816025)

table 8 : explain UPDATE sbtest8 SET c='foobar' WHERE id=6333115
	Update on sbtest8  (cost=0.43..8.45 rows=0 width=0)
	  ->  Index Scan using sbtest8_pkey on sbtest8  (cost=0.43..8.45 rows=1 width=490)
	        Index Cond: (id = 6333115)

explain: for point_selects :: explain SELECT c FROM sbtest%u WHERE id=%u
for: simple_ranges
table 1 : explain SELECT c FROM sbtest1 WHERE id BETWEEN 9394039 AND 9394048
	Index Scan using sbtest1_pkey on sbtest1  (cost=0.43..39.64 rows=10 width=121)
	  Index Cond: ((id >= 9394039) AND (id <= 9394048))

table 2 : explain SELECT c FROM sbtest2 WHERE id BETWEEN 1354677 AND 1354686
	Index Scan using sbtest2_pkey on sbtest2  (cost=0.43..39.70 rows=10 width=121)
	  Index Cond: ((id >= 1354677) AND (id <= 1354686))

table 3 : explain SELECT c FROM sbtest3 WHERE id BETWEEN 647636 AND 647645
	Index Scan using sbtest3_pkey on sbtest3  (cost=0.43..36.23 rows=9 width=121)
	  Index Cond: ((id >= 647636) AND (id <= 647645))

table 4 : explain SELECT c FROM sbtest4 WHERE id BETWEEN 1198521 AND 1198530
	Index Scan using sbtest4_pkey on sbtest4  (cost=0.43..39.31 rows=10 width=121)
	  Index Cond: ((id >= 1198521) AND (id <= 1198530))

table 5 : explain SELECT c FROM sbtest5 WHERE id BETWEEN 7816709 AND 7816718
	Index Scan using sbtest5_pkey on sbtest5  (cost=0.43..39.02 rows=10 width=121)
	  Index Cond: ((id >= 7816709) AND (id <= 7816718))

table 6 : explain SELECT c FROM sbtest6 WHERE id BETWEEN 6488173 AND 6488182
	Index Scan using sbtest6_pkey on sbtest6  (cost=0.43..39.26 rows=10 width=121)
	  Index Cond: ((id >= 6488173) AND (id <= 6488182))

table 7 : explain SELECT c FROM sbtest7 WHERE id BETWEEN 9377860 AND 9377869
	Index Scan using sbtest7_pkey on sbtest7  (cost=0.43..39.33 rows=10 width=121)
	  Index Cond: ((id >= 9377860) AND (id <= 9377869))

table 8 : explain SELECT c FROM sbtest8 WHERE id BETWEEN 3323723 AND 3323732
	Index Scan using sbtest8_pkey on sbtest8  (cost=0.43..39.47 rows=10 width=121)
	  Index Cond: ((id >= 3323723) AND (id <= 3323732))

for: simple_ranges
table 1 : explain SELECT c FROM sbtest1 WHERE id BETWEEN 8726121 AND 8726130
	Index Scan using sbtest1_pkey on sbtest1  (cost=0.43..43.11 rows=11 width=121)
	  Index Cond: ((id >= 8726121) AND (id <= 8726130))

table 2 : explain SELECT c FROM sbtest2 WHERE id BETWEEN 3890860 AND 3890869
	Index Scan using sbtest2_pkey on sbtest2  (cost=0.43..39.70 rows=10 width=121)
	  Index Cond: ((id >= 3890860) AND (id <= 3890869))

table 3 : explain SELECT c FROM sbtest3 WHERE id BETWEEN 9713700 AND 9713709
	Index Scan using sbtest3_pkey on sbtest3  (cost=0.43..39.70 rows=10 width=121)
	  Index Cond: ((id >= 9713700) AND (id <= 9713709))

table 4 : explain SELECT c FROM sbtest4 WHERE id BETWEEN 8913520 AND 8913529
	Index Scan using sbtest4_pkey on sbtest4  (cost=0.43..39.31 rows=10 width=121)
	  Index Cond: ((id >= 8913520) AND (id <= 8913529))

table 5 : explain SELECT c FROM sbtest5 WHERE id BETWEEN 7763346 AND 7763355
	Index Scan using sbtest5_pkey on sbtest5  (cost=0.43..39.02 rows=10 width=121)
	  Index Cond: ((id >= 7763346) AND (id <= 7763355))

table 6 : explain SELECT c FROM sbtest6 WHERE id BETWEEN 3149855 AND 3149864
	Index Scan using sbtest6_pkey on sbtest6  (cost=0.43..35.84 rows=9 width=121)
	  Index Cond: ((id >= 3149855) AND (id <= 3149864))

table 7 : explain SELECT c FROM sbtest7 WHERE id BETWEEN 107955 AND 107964
	Index Scan using sbtest7_pkey on sbtest7  (cost=0.43..39.33 rows=10 width=121)
	  Index Cond: ((id >= 107955) AND (id <= 107964))

table 8 : explain SELECT c FROM sbtest8 WHERE id BETWEEN 4903710 AND 4903719
	Index Scan using sbtest8_pkey on sbtest8  (cost=0.43..36.02 rows=9 width=121)
	  Index Cond: ((id >= 4903710) AND (id <= 4903719))

explain: for point_selects :: explain SELECT c FROM sbtest%u WHERE id=%uexplain: for point_selects :: explain SELECT c FROM sbtest%u WHERE id=%u
explain: for non_index_updates :: explain UPDATE sbtest%u SET c='foobar' WHERE id=%uexplain: for deletes :: explain DELETE FROM sbtest%u WHERE id=%u
explain: for point_selects :: explain SELECT c FROM sbtest%u WHERE id=%u
explain: for point_selects :: explain SELECT c FROM sbtest%u WHERE id=%u
for: order_ranges
table 1 : explain SELECT c FROM sbtest1 WHERE id BETWEEN 7406563 AND 7406572 ORDER BY c
	Sort  (cost=39.81..39.83 rows=10 width=121)
	  Sort Key: c
	  ->  Index Scan using sbtest1_pkey on sbtest1  (cost=0.43..39.64 rows=10 width=121)
	        Index Cond: ((id >= 7406563) AND (id <= 7406572))

table 2 : explain SELECT c FROM sbtest2 WHERE id BETWEEN 6961170 AND 6961179 ORDER BY c
	Sort  (cost=43.36..43.39 rows=11 width=121)
	  Sort Key: c
	  ->  Index Scan using sbtest2_pkey on sbtest2  (cost=0.43..43.17 rows=11 width=121)
	        Index Cond: ((id >= 6961170) AND (id <= 6961179))

table 3 : explain SELECT c FROM sbtest3 WHERE id BETWEEN 1118627 AND 1118636 ORDER BY c
	Sort  (cost=39.86..39.89 rows=10 width=121)
	  Sort Key: c
	  ->  Index Scan using sbtest3_pkey on sbtest3  (cost=0.43..39.70 rows=10 width=121)
	        Index Cond: ((id >= 1118627) AND (id <= 1118636))

table 4 : explain SELECT c FROM sbtest4 WHERE id BETWEEN 9898413 AND 9898422 ORDER BY c
	Sort  (cost=42.93..42.96 rows=11 width=121)
	  Sort Key: c
	  ->  Index Scan using sbtest4_pkey on sbtest4  (cost=0.43..42.74 rows=11 width=121)
	        Index Cond: ((id >= 9898413) AND (id <= 9898422))

table 5 : explain SELECT c FROM sbtest5 WHERE id BETWEEN 2756245 AND 2756254 ORDER BY c
	Sort  (cost=42.61..42.64 rows=11 width=121)
	  Sort Key: c
	  ->  Index Scan using sbtest5_pkey on sbtest5  (cost=0.43..42.42 rows=11 width=121)
	        Index Cond: ((id >= 2756245) AND (id <= 2756254))

table 6 : explain SELECT c FROM sbtest6 WHERE id BETWEEN 1204828 AND 1204837 ORDER BY c
	Sort  (cost=35.98..36.01 rows=9 width=121)
	  Sort Key: c
	  ->  Index Scan using sbtest6_pkey on sbtest6  (cost=0.43..35.84 rows=9 width=121)
	        Index Cond: ((id >= 1204828) AND (id <= 1204837))

table 7 : explain SELECT c FROM sbtest7 WHERE id BETWEEN 3725889 AND 3725898 ORDER BY c
	Sort  (cost=36.04..36.06 rows=9 width=121)
	  Sort Key: c
	  ->  Index Scan using sbtest7_pkey on sbtest7  (cost=0.43..35.90 rows=9 width=121)
	        Index Cond: ((id >= 3725889) AND (id <= 3725898))

table 8 : explain SELECT c FROM sbtest8 WHERE id BETWEEN 4259344 AND 4259353 ORDER BY c
	Sort  (cost=43.10..43.13 rows=11 width=121)
	  Sort Key: c
	  ->  Index Scan using sbtest8_pkey on sbtest8  (cost=0.43..42.91 rows=11 width=121)
	        Index Cond: ((id >= 4259344) AND (id <= 4259353))

for: order_ranges
table 1 : explain SELECT c FROM sbtest1 WHERE id BETWEEN 2481646 AND 2481655 ORDER BY c
	Sort  (cost=43.30..43.33 rows=11 width=121)
	  Sort Key: c
	  ->  Index Scan using sbtest1_pkey on sbtest1  (cost=0.43..43.11 rows=11 width=121)
	        Index Cond: ((id >= 2481646) AND (id <= 2481655))

table 2 : explain SELECT c FROM sbtest2 WHERE id BETWEEN 8912055 AND 8912064 ORDER BY c
	Sort  (cost=43.36..43.39 rows=11 width=121)
	  Sort Key: c
	  ->  Index Scan using sbtest2_pkey on sbtest2  (cost=0.43..43.17 rows=11 width=121)
	        Index Cond: ((id >= 8912055) AND (id <= 8912064))

table 3 : explain SELECT c FROM sbtest3 WHERE id BETWEEN 1951953 AND 1951962 ORDER BY c
	Sort  (cost=39.86..39.89 rows=10 width=121)
	  Sort Key: c
	  ->  Index Scan using sbtest3_pkey on sbtest3  (cost=0.43..39.70 rows=10 width=121)
	        Index Cond: ((id >= 1951953) AND (id <= 1951962))

table 4 : explain SELECT c FROM sbtest4 WHERE id BETWEEN 3452210 AND 3452219 ORDER BY c
	Sort  (cost=39.48..39.50 rows=10 width=121)
	  Sort Key: c
	  ->  Index Scan using sbtest4_pkey on sbtest4  (cost=0.43..39.31 rows=10 width=121)
	        Index Cond: ((id >= 3452210) AND (id <= 3452219))

table 5 : explain SELECT c FROM sbtest5 WHERE id BETWEEN 6850054 AND 6850063 ORDER BY c
	Sort  (cost=39.19..39.22 rows=10 width=121)
	  Sort Key: c
	  ->  Index Scan using sbtest5_pkey on sbtest5  (cost=0.43..39.02 rows=10 width=121)
	        Index Cond: ((id >= 6850054) AND (id <= 6850063))

table 6 : explain SELECT c FROM sbtest6 WHERE id BETWEEN 7857763 AND 7857772 ORDER BY c
	Sort  (cost=39.43..39.46 rows=10 width=121)
	  Sort Key: c
	  ->  Index Scan using sbtest6_pkey on sbtest6  (cost=0.43..39.26 rows=10 width=121)
	        Index Cond: ((id >= 7857763) AND (id <= 7857772))

table 7 : explain SELECT c FROM sbtest7 WHERE id BETWEEN 43211 AND 43220 ORDER BY c
	Sort  (cost=39.49..39.52 rows=10 width=121)
	  Sort Key: c
	  ->  Index Scan using sbtest7_pkey on sbtest7  (cost=0.43..39.33 rows=10 width=121)
	        Index Cond: ((id >= 43211) AND (id <= 43220))

table 8 : explain SELECT c FROM sbtest8 WHERE id BETWEEN 6668478 AND 6668487 ORDER BY c
	Sort  (cost=39.63..39.66 rows=10 width=121)
	  Sort Key: c
	  ->  Index Scan using sbtest8_pkey on sbtest8  (cost=0.43..39.47 rows=10 width=121)
	        Index Cond: ((id >= 6668478) AND (id <= 6668487))

explain: for inserts :: explain INSERT INTO sbtest%u (id, k, c, pad) VALUES (%u, 13, 'foobar', 'foobar')
for point_selects
table 1 : explain SELECT c FROM sbtest1 WHERE id=4565497
	Index Scan using sbtest1_pkey on sbtest1  (cost=0.43..8.45 rows=1 width=121)
	  Index Cond: (id = 4565497)

table 2 : explain SELECT c FROM sbtest2 WHERE id=5498971
	Index Scan using sbtest2_pkey on sbtest2  (cost=0.43..8.45 rows=1 width=121)
	  Index Cond: (id = 5498971)

table 3 : explain SELECT c FROM sbtest3 WHERE id=5494352
	Index Scan using sbtest3_pkey on sbtest3  (cost=0.43..8.45 rows=1 width=121)
	  Index Cond: (id = 5494352)

table 4 : explain SELECT c FROM sbtest4 WHERE id=9162676
	Index Scan using sbtest4_pkey on sbtest4  (cost=0.43..8.45 rows=1 width=121)
	  Index Cond: (id = 9162676)

table 5 : explain SELECT c FROM sbtest5 WHERE id=5258783
	Index Scan using sbtest5_pkey on sbtest5  (cost=0.43..8.45 rows=1 width=121)
	  Index Cond: (id = 5258783)

table 6 : explain SELECT c FROM sbtest6 WHERE id=8145693
	Index Scan using sbtest6_pkey on sbtest6  (cost=0.43..8.45 rows=1 width=121)
	  Index Cond: (id = 8145693)

table 7 : explain SELECT c FROM sbtest7 WHERE id=5145978
	Index Scan using sbtest7_pkey on sbtest7  (cost=0.43..8.45 rows=1 width=121)
	  Index Cond: (id = 5145978)

table 8 : explain SELECT c FROM sbtest8 WHERE id=3673455
	Index Scan using sbtest8_pkey on sbtest8  (cost=0.43..8.45 rows=1 width=121)
	  Index Cond: (id = 3673455)

for: order_ranges
table 1 : explain SELECT c FROM sbtest1 WHERE id BETWEEN 7886769 AND 7886778 ORDER BY c
	Sort  (cost=43.30..43.33 rows=11 width=121)
	  Sort Key: c
	  ->  Index Scan using sbtest1_pkey on sbtest1  (cost=0.43..43.11 rows=11 width=121)
	        Index Cond: ((id >= 7886769) AND (id <= 7886778))

table 2 : explain SELECT c FROM sbtest2 WHERE id BETWEEN 1019239 AND 1019248 ORDER BY c
	Sort  (cost=43.36..43.39 rows=11 width=121)
	  Sort Key: c
	  ->  Index Scan using sbtest2_pkey on sbtest2  (cost=0.43..43.17 rows=11 width=121)
	        Index Cond: ((id >= 1019239) AND (id <= 1019248))

table 3 : explain SELECT c FROM sbtest3 WHERE id BETWEEN 4453955 AND 4453964 ORDER BY c
	Sort  (cost=36.37..36.39 rows=9 width=121)
	  Sort Key: c
	  ->  Index Scan using sbtest3_pkey on sbtest3  (cost=0.43..36.23 rows=9 width=121)
	        Index Cond: ((id >= 4453955) AND (id <= 4453964))

table 4 : explain SELECT c FROM sbtest4 WHERE id BETWEEN 8128727 AND 8128736 ORDER BY c
	Sort  (cost=39.48..39.50 rows=10 width=121)
	  Sort Key: c
	  ->  Index Scan using sbtest4_pkey on sbtest4  (cost=0.43..39.31 rows=10 width=121)
	        Index Cond: ((id >= 8128727) AND (id <= 8128736))

table 5 : explain SELECT c FROM sbtest5 WHERE id BETWEEN 1698638 AND 1698647 ORDER BY c
	Sort  (cost=39.19..39.22 rows=10 width=121)
	  Sort Key: c
	  ->  Index Scan using sbtest5_pkey on sbtest5  (cost=0.43..39.02 rows=10 width=121)
	        Index Cond: ((id >= 1698638) AND (id <= 1698647))

table 6 : explain SELECT c FROM sbtest6 WHERE id BETWEEN 1574515 AND 1574524 ORDER BY c
	Sort  (cost=42.88..42.91 rows=11 width=121)
	  Sort Key: c
	  ->  Index Scan using sbtest6_pkey on sbtest6  (cost=0.43..42.69 rows=11 width=121)
	        Index Cond: ((id >= 1574515) AND (id <= 1574524))

table 7 : explain SELECT c FROM sbtest7 WHERE id BETWEEN 1544846 AND 1544855 ORDER BY c
	Sort  (cost=42.95..42.97 rows=11 width=121)
	  Sort Key: c
	  ->  Index Scan using sbtest7_pkey on sbtest7  (cost=0.43..42.76 rows=11 width=121)
	        Index Cond: ((id >= 1544846) AND (id <= 1544855))

table 8 : explain SELECT c FROM sbtest8 WHERE id BETWEEN 1522224 AND 1522233 ORDER BY c
	Sort  (cost=39.63..39.66 rows=10 width=121)
	  Sort Key: c
	  ->  Index Scan using sbtest8_pkey on sbtest8  (cost=0.43..39.47 rows=10 width=121)
	        Index Cond: ((id >= 1522224) AND (id <= 1522233))


explain: for inserts :: explain INSERT INTO sbtest%u (id, k, c, pad) VALUES (%u, 13, 'foobar', 'foobar')
for point_selects
table 1 : explain SELECT c FROM sbtest1 WHERE id=5300702
	Index Scan using sbtest1_pkey on sbtest1  (cost=0.43..8.45 rows=1 width=121)
	  Index Cond: (id = 5300702)

table 2 : explain SELECT c FROM sbtest2 WHERE id=4482973
	Index Scan using sbtest2_pkey on sbtest2  (cost=0.43..8.45 rows=1 width=121)
	  Index Cond: (id = 4482973)

table 3 : explain SELECT c FROM sbtest3 WHERE id=4993253
	Index Scan using sbtest3_pkey on sbtest3  (cost=0.43..8.45 rows=1 width=121)
	  Index Cond: (id = 4993253)

table 4 : explain SELECT c FROM sbtest4 WHERE id=1588715
	Index Scan using sbtest4_pkey on sbtest4  (cost=0.43..8.45 rows=1 width=121)
	  Index Cond: (id = 1588715)

table 5 : explain SELECT c FROM sbtest5 WHERE id=6569987
	Index Scan using sbtest5_pkey on sbtest5  (cost=0.43..8.45 rows=1 width=121)
	  Index Cond: (id = 6569987)

table 6 : explain SELECT c FROM sbtest6 WHERE id=6216499
	Index Scan using sbtest6_pkey on sbtest6  (cost=0.43..8.45 rows=1 width=121)
	  Index Cond: (id = 6216499)

table 7 : explain SELECT c FROM sbtest7 WHERE id=4051686
	Index Scan using sbtest7_pkey on sbtest7  (cost=0.43..8.45 rows=1 width=121)
	  Index Cond: (id = 4051686)

table 8 : explain SELECT c FROM sbtest8 WHERE id=1429074
	Index Scan using sbtest8_pkey on sbtest8  (cost=0.43..8.45 rows=1 width=121)
	  Index Cond: (id = 1429074)

explain: for point_selects :: explain SELECT c FROM sbtest%u WHERE id=%u

for inserts
table 1 : explain INSERT INTO sbtest1 (id, k, c, pad) VALUES (556343, 13, 'foobar', 'foobar')
	Insert on sbtest1  (cost=0.00..0.01 rows=0 width=0)
	  ->  Result  (cost=0.00..0.01 rows=1 width=736)

table 2 : explain INSERT INTO sbtest2 (id, k, c, pad) VALUES (9272917, 13, 'foobar', 'foobar')
	Insert on sbtest2  (cost=0.00..0.01 rows=0 width=0)
	  ->  Result  (cost=0.00..0.01 rows=1 width=736)

table 3 : explain INSERT INTO sbtest3 (id, k, c, pad) VALUES (9988430, 13, 'foobar', 'foobar')
	Insert on sbtest3  (cost=0.00..0.01 rows=0 width=0)
	  ->  Result  (cost=0.00..0.01 rows=1 width=736)

table 4 : explain INSERT INTO sbtest4 (id, k, c, pad) VALUES (4716795, 13, 'foobar', 'foobar')
	Insert on sbtest4  (cost=0.00..0.01 rows=0 width=0)
	  ->  Result  (cost=0.00..0.01 rows=1 width=736)

table 5 : explain INSERT INTO sbtest5 (id, k, c, pad) VALUES (9163954, 13, 'foobar', 'foobar')
	Insert on sbtest5  (cost=0.00..0.01 rows=0 width=0)
	  ->  Result  (cost=0.00..0.01 rows=1 width=736)

table 6 : explain INSERT INTO sbtest6 (id, k, c, pad) VALUES (2937000, 13, 'foobar', 'foobar')
	Insert on sbtest6  (cost=0.00..0.01 rows=0 width=0)
	  ->  Result  (cost=0.00..0.01 rows=1 width=736)

table 7 : explain INSERT INTO sbtest7 (id, k, c, pad) VALUES (7826461, 13, 'foobar', 'foobar')
	Insert on sbtest7  (cost=0.00..0.01 rows=0 width=0)
	  ->  Result  (cost=0.00..0.01 rows=1 width=736)

table 8 : explain INSERT INTO sbtest8 (id, k, c, pad) VALUES (261422, 13, 'foobar', 'foobar')
	Insert on sbtest8  (cost=0.00..0.01 rows=0 width=0)
	  ->  Result  (cost=0.00..0.01 rows=1 width=736)

explain: for point_selects :: explain SELECT c FROM sbtest%u WHERE id=%u
for: distinct_ranges
table 1 : explain SELECT DISTINCT c FROM sbtest1 WHERE id BETWEEN 1533267 AND 1533276 ORDER BY c
	Unique  (cost=39.81..39.86 rows=10 width=121)
	  ->  Sort  (cost=39.81..39.83 rows=10 width=121)
	        Sort Key: c
	        ->  Index Scan using sbtest1_pkey on sbtest1  (cost=0.43..39.64 rows=10 width=121)
	              Index Cond: ((id >= 1533267) AND (id <= 1533276))

table 2 : explain SELECT DISTINCT c FROM sbtest2 WHERE id BETWEEN 7817804 AND 7817813 ORDER BY c
	Unique  (cost=43.36..43.41 rows=11 width=121)
	  ->  Sort  (cost=43.36..43.39 rows=11 width=121)
	        Sort Key: c
	        ->  Index Scan using sbtest2_pkey on sbtest2  (cost=0.43..43.17 rows=11 width=121)
	              Index Cond: ((id >= 7817804) AND (id <= 7817813))

table 3 : explain SELECT DISTINCT c FROM sbtest3 WHERE id BETWEEN 8168131 AND 8168140 ORDER BY c
	Unique  (cost=39.86..39.91 rows=10 width=121)
	  ->  Sort  (cost=39.86..39.89 rows=10 width=121)
	        Sort Key: c
	        ->  Index Scan using sbtest3_pkey on sbtest3  (cost=0.43..39.70 rows=10 width=121)
	              Index Cond: ((id >= 8168131) AND (id <= 8168140))

table 4 : explain SELECT DISTINCT c FROM sbtest4 WHERE id BETWEEN 9233527 AND 9233536 ORDER BY c
	Unique  (cost=36.03..36.07 rows=9 width=121)
	  ->  Sort  (cost=36.03..36.05 rows=9 width=121)
	        Sort Key: c
	        ->  Index Scan using sbtest4_pkey on sbtest4  (cost=0.43..35.88 rows=9 width=121)
	              Index Cond: ((id >= 9233527) AND (id <= 9233536))

table 5 : explain SELECT DISTINCT c FROM sbtest5 WHERE id BETWEEN 5805532 AND 5805541 ORDER BY c
	Unique  (cost=42.61..42.67 rows=11 width=121)
	  ->  Sort  (cost=42.61..42.64 rows=11 width=121)
	        Sort Key: c
	        ->  Index Scan using sbtest5_pkey on sbtest5  (cost=0.43..42.42 rows=11 width=121)
	              Index Cond: ((id >= 5805532) AND (id <= 5805541))

table 6 : explain SELECT DISTINCT c FROM sbtest6 WHERE id BETWEEN 4961867 AND 4961876 ORDER BY c
	Unique  (cost=39.43..39.48 rows=10 width=121)
	  ->  Sort  (cost=39.43..39.46 rows=10 width=121)
	        Sort Key: c
	        ->  Index Scan using sbtest6_pkey on sbtest6  (cost=0.43..39.26 rows=10 width=121)
	              Index Cond: ((id >= 4961867) AND (id <= 4961876))

table 7 : explain SELECT DISTINCT c FROM sbtest7 WHERE id BETWEEN 9877657 AND 9877666 ORDER BY c
	Unique  (cost=42.95..43.00 rows=11 width=121)
	  ->  Sort  (cost=42.95..42.97 rows=11 width=121)
	        Sort Key: c
	        ->  Index Scan using sbtest7_pkey on sbtest7  (cost=0.43..42.76 rows=11 width=121)
	              Index Cond: ((id >= 9877657) AND (id <= 9877666))

table 8 : explain SELECT DISTINCT c FROM sbtest8 WHERE id BETWEEN 1164845 AND 1164854 ORDER BY c
	Unique  (cost=39.63..39.68 rows=10 width=121)
	  ->  Sort  (cost=39.63..39.66 rows=10 width=121)
	        Sort Key: c
	        ->  Index Scan using sbtest8_pkey on sbtest8  (cost=0.43..39.47 rows=10 width=121)
	              Index Cond: ((id >= 1164845) AND (id <= 1164854))

for inserts
table 1 : explain INSERT INTO sbtest1 (id, k, c, pad) VALUES (5021159, 13, 'foobar', 'foobar')
	Insert on sbtest1  (cost=0.00..0.01 rows=0 width=0)
	  ->  Result  (cost=0.00..0.01 rows=1 width=736)

table 2 : explain INSERT INTO sbtest2 (id, k, c, pad) VALUES (6714955, 13, 'foobar', 'foobar')
	Insert on sbtest2  (cost=0.00..0.01 rows=0 width=0)
	  ->  Result  (cost=0.00..0.01 rows=1 width=736)

table 3 : explain INSERT INTO sbtest3 (id, k, c, pad) VALUES (4188397, 13, 'foobar', 'foobar')
	Insert on sbtest3  (cost=0.00..0.01 rows=0 width=0)
	  ->  Result  (cost=0.00..0.01 rows=1 width=736)

table 4 : explain INSERT INTO sbtest4 (id, k, c, pad) VALUES (2990114, 13, 'foobar', 'foobar')
	Insert on sbtest4  (cost=0.00..0.01 rows=0 width=0)
	  ->  Result  (cost=0.00..0.01 rows=1 width=736)

table 5 : explain INSERT INTO sbtest5 (id, k, c, pad) VALUES (2370262, 13, 'foobar', 'foobar')
	Insert on sbtest5  (cost=0.00..0.01 rows=0 width=0)
	  ->  Result  (cost=0.00..0.01 rows=1 width=736)

table 6 : explain INSERT INTO sbtest6 (id, k, c, pad) VALUES (1453311, 13, 'foobar', 'foobar')
	Insert on sbtest6  (cost=0.00..0.01 rows=0 width=0)
	  ->  Result  (cost=0.00..0.01 rows=1 width=736)

table 7 : explain INSERT INTO sbtest7 (id, k, c, pad) VALUES (2711954, 13, 'foobar', 'foobar')
	Insert on sbtest7  (cost=0.00..0.01 rows=0 width=0)
	  ->  Result  (cost=0.00..0.01 rows=1 width=736)

table 8 : explain INSERT INTO sbtest8 (id, k, c, pad) VALUES (5834166, 13, 'foobar', 'foobar')
	Insert on sbtest8  (cost=0.00..0.01 rows=0 width=0)
	  ->  Result  (cost=0.00..0.01 rows=1 width=736)

explain: for point_selects :: explain SELECT c FROM sbtest%u WHERE id=%u
for point_selects
table 1 : explain SELECT c FROM sbtest1 WHERE id=9567181
	Index Scan using sbtest1_pkey on sbtest1  (cost=0.43..8.45 rows=1 width=121)
	  Index Cond: (id = 9567181)

table 2 : explain SELECT c FROM sbtest2 WHERE id=4572435
	Index Scan using sbtest2_pkey on sbtest2  (cost=0.43..8.45 rows=1 width=121)
	  Index Cond: (id = 4572435)

table 3 : explain SELECT c FROM sbtest3 WHERE id=3314311
	Index Scan using sbtest3_pkey on sbtest3  (cost=0.43..8.45 rows=1 width=121)
	  Index Cond: (id = 3314311)

table 4 : explain SELECT c FROM sbtest4 WHERE id=4216126
	Index Scan using sbtest4_pkey on sbtest4  (cost=0.43..8.45 rows=1 width=121)
	  Index Cond: (id = 4216126)

table 5 : explain SELECT c FROM sbtest5 WHERE id=9089692
	Index Scan using sbtest5_pkey on sbtest5  (cost=0.43..8.45 rows=1 width=121)
	  Index Cond: (id = 9089692)

table 6 : explain SELECT c FROM sbtest6 WHERE id=8841631
	Index Scan using sbtest6_pkey on sbtest6  (cost=0.43..8.45 rows=1 width=121)
	  Index Cond: (id = 8841631)

table 7 : explain SELECT c FROM sbtest7 WHERE id=8664538
	Index Scan using sbtest7_pkey on sbtest7  (cost=0.43..8.45 rows=1 width=121)
	  Index Cond: (id = 8664538)

table 8 : explain SELECT c FROM sbtest8 WHERE id=2682354
	Index Scan using sbtest8_pkey on sbtest8  (cost=0.43..8.45 rows=1 width=121)
	  Index Cond: (id = 2682354)

for: sum_ranges
table 1 : explain SELECT SUM(k) FROM sbtest1 WHERE id BETWEEN 6133000 AND 6133009
	Aggregate  (cost=39.67..39.68 rows=1 width=8)
	  ->  Index Scan using sbtest1_pkey on sbtest1  (cost=0.43..39.64 rows=10 width=4)
	        Index Cond: ((id >= 6133000) AND (id <= 6133009))

table 2 : explain SELECT SUM(k) FROM sbtest2 WHERE id BETWEEN 8643136 AND 8643145
	Aggregate  (cost=43.20..43.21 rows=1 width=8)
	  ->  Index Scan using sbtest2_pkey on sbtest2  (cost=0.43..43.17 rows=11 width=4)
	        Index Cond: ((id >= 8643136) AND (id <= 8643145))

table 3 : explain SELECT SUM(k) FROM sbtest3 WHERE id BETWEEN 1363112 AND 1363121
	Aggregate  (cost=39.72..39.73 rows=1 width=8)
	  ->  Index Scan using sbtest3_pkey on sbtest3  (cost=0.43..39.70 rows=10 width=4)
	        Index Cond: ((id >= 1363112) AND (id <= 1363121))

table 4 : explain SELECT SUM(k) FROM sbtest4 WHERE id BETWEEN 4288490 AND 4288499
	Aggregate  (cost=39.34..39.35 rows=1 width=8)
	  ->  Index Scan using sbtest4_pkey on sbtest4  (cost=0.43..39.31 rows=10 width=4)
	        Index Cond: ((id >= 4288490) AND (id <= 4288499))

table 5 : explain SELECT SUM(k) FROM sbtest5 WHERE id BETWEEN 2704181 AND 2704190
	Aggregate  (cost=42.45..42.46 rows=1 width=8)
	  ->  Index Scan using sbtest5_pkey on sbtest5  (cost=0.43..42.42 rows=11 width=4)
	        Index Cond: ((id >= 2704181) AND (id <= 2704190))

table 6 : explain SELECT SUM(k) FROM sbtest6 WHERE id BETWEEN 5656940 AND 5656949
	Aggregate  (cost=39.29..39.30 rows=1 width=8)
	  ->  Index Scan using sbtest6_pkey on sbtest6  (cost=0.43..39.26 rows=10 width=4)
	        Index Cond: ((id >= 5656940) AND (id <= 5656949))

table 7 : explain SELECT SUM(k) FROM sbtest7 WHERE id BETWEEN 562745 AND 562754
	Aggregate  (cost=39.35..39.36 rows=1 width=8)
	  ->  Index Scan using sbtest7_pkey on sbtest7  (cost=0.43..39.33 rows=10 width=4)
	        Index Cond: ((id >= 562745) AND (id <= 562754))

table 8 : explain SELECT SUM(k) FROM sbtest8 WHERE id BETWEEN 78334 AND 78343
	Aggregate  (cost=39.49..39.50 rows=1 width=8)
	  ->  Index Scan using sbtest8_pkey on sbtest8  (cost=0.43..39.47 rows=10 width=4)
	        Index Cond: ((id >= 78334) AND (id <= 78343))

for: distinct_ranges
table 1 : explain SELECT DISTINCT c FROM sbtest1 WHERE id BETWEEN 8421453 AND 8421462 ORDER BY c
	Unique  (cost=39.81..39.86 rows=10 width=121)
	  ->  Sort  (cost=39.81..39.83 rows=10 width=121)
	        Sort Key: c
	        ->  Index Scan using sbtest1_pkey on sbtest1  (cost=0.43..39.64 rows=10 width=121)
	              Index Cond: ((id >= 8421453) AND (id <= 8421462))

table 2 : explain SELECT DISTINCT c FROM sbtest2 WHERE id BETWEEN 3788509 AND 3788518 ORDER BY c
	Unique  (cost=43.36..43.41 rows=11 width=121)
	  ->  Sort  (cost=43.36..43.39 rows=11 width=121)
	        Sort Key: c
	        ->  Index Scan using sbtest2_pkey on sbtest2  (cost=0.43..43.17 rows=11 width=121)
	              Index Cond: ((id >= 3788509) AND (id <= 3788518))

table 3 : explain SELECT DISTINCT c FROM sbtest3 WHERE id BETWEEN 2336746 AND 2336755 ORDER BY c
	Unique  (cost=39.86..39.91 rows=10 width=121)
	  ->  Sort  (cost=39.86..39.89 rows=10 width=121)
	        Sort Key: c
	        ->  Index Scan using sbtest3_pkey on sbtest3  (cost=0.43..39.70 rows=10 width=121)
	              Index Cond: ((id >= 2336746) AND (id <= 2336755))

table 4 : explain SELECT DISTINCT c FROM sbtest4 WHERE id BETWEEN 6406646 AND 6406655 ORDER BY c
	Unique  (cost=36.03..36.07 rows=9 width=121)
	  ->  Sort  (cost=36.03..36.05 rows=9 width=121)
	        Sort Key: c
	        ->  Index Scan using sbtest4_pkey on sbtest4  (cost=0.43..35.88 rows=9 width=121)
	              Index Cond: ((id >= 6406646) AND (id <= 6406655))

table 5 : explain SELECT DISTINCT c FROM sbtest5 WHERE id BETWEEN 2787679 AND 2787688 ORDER BY c
	Unique  (cost=42.61..42.67 rows=11 width=121)
	  ->  Sort  (cost=42.61..42.64 rows=11 width=121)
	        Sort Key: c
	        ->  Index Scan using sbtest5_pkey on sbtest5  (cost=0.43..42.42 rows=11 width=121)
	              Index Cond: ((id >= 2787679) AND (id <= 2787688))

table 6 : explain SELECT DISTINCT c FROM sbtest6 WHERE id BETWEEN 6924168 AND 6924177 ORDER BY c
	Unique  (cost=42.88..42.93 rows=11 width=121)
	  ->  Sort  (cost=42.88..42.91 rows=11 width=121)
	        Sort Key: c
	        ->  Index Scan using sbtest6_pkey on sbtest6  (cost=0.43..42.69 rows=11 width=121)
	              Index Cond: ((id >= 6924168) AND (id <= 6924177))

table 7 : explain SELECT DISTINCT c FROM sbtest7 WHERE id BETWEEN 3744085 AND 3744094 ORDER BY c
	Unique  (cost=36.04..36.08 rows=9 width=121)
	  ->  Sort  (cost=36.04..36.06 rows=9 width=121)
	        Sort Key: c
	        ->  Index Scan using sbtest7_pkey on sbtest7  (cost=0.43..35.90 rows=9 width=121)
	              Index Cond: ((id >= 3744085) AND (id <= 3744094))

table 8 : explain SELECT DISTINCT c FROM sbtest8 WHERE id BETWEEN 7847105 AND 7847114 ORDER BY c
	Unique  (cost=39.63..39.68 rows=10 width=121)
	  ->  Sort  (cost=39.63..39.66 rows=10 width=121)
	        Sort Key: c
	        ->  Index Scan using sbtest8_pkey on sbtest8  (cost=0.43..39.47 rows=10 width=121)
	              Index Cond: ((id >= 7847105) AND (id <= 7847114))

for deletes
table 1 : explain DELETE FROM sbtest1 WHERE id=6728203
	Delete on sbtest1  (cost=0.43..8.45 rows=0 width=0)
	  ->  Index Scan using sbtest1_pkey on sbtest1  (cost=0.43..8.45 rows=1 width=6)
	        Index Cond: (id = 6728203)

table 2 : explain DELETE FROM sbtest2 WHERE id=8190995
	Delete on sbtest2  (cost=0.43..8.45 rows=0 width=0)
	  ->  Index Scan using sbtest2_pkey on sbtest2  (cost=0.43..8.45 rows=1 width=6)
	        Index Cond: (id = 8190995)

table 3 : explain DELETE FROM sbtest3 WHERE id=9948240
	Delete on sbtest3  (cost=0.43..8.45 rows=0 width=0)
	  ->  Index Scan using sbtest3_pkey on sbtest3  (cost=0.43..8.45 rows=1 width=6)
	        Index Cond: (id = 9948240)

table 4 : explain DELETE FROM sbtest4 WHERE id=8419698
	Delete on sbtest4  (cost=0.43..8.45 rows=0 width=0)
	  ->  Index Scan using sbtest4_pkey on sbtest4  (cost=0.43..8.45 rows=1 width=6)
	        Index Cond: (id = 8419698)

table 5 : explain DELETE FROM sbtest5 WHERE id=6555740
	Delete on sbtest5  (cost=0.43..8.45 rows=0 width=0)
	  ->  Index Scan using sbtest5_pkey on sbtest5  (cost=0.43..8.45 rows=1 width=6)
	        Index Cond: (id = 6555740)

table 6 : explain DELETE FROM sbtest6 WHERE id=7492887
	Delete on sbtest6  (cost=0.43..8.45 rows=0 width=0)
	  ->  Index Scan using sbtest6_pkey on sbtest6  (cost=0.43..8.45 rows=1 width=6)
	        Index Cond: (id = 7492887)

table 7 : explain DELETE FROM sbtest7 WHERE id=3066942
	Delete on sbtest7  (cost=0.43..8.45 rows=0 width=0)
	  ->  Index Scan using sbtest7_pkey on sbtest7  (cost=0.43..8.45 rows=1 width=6)
	        Index Cond: (id = 3066942)

table 8 : explain DELETE FROM sbtest8 WHERE id=315148
	Delete on sbtest8  (cost=0.43..8.45 rows=0 width=0)
	  ->  Index Scan using sbtest8_pkey on sbtest8  (cost=0.43..8.45 rows=1 width=6)
	        Index Cond: (id = 315148)

for point_selects
table 1 : explain SELECT c FROM sbtest1 WHERE id=1596796
	Index Scan using sbtest1_pkey on sbtest1  (cost=0.43..8.45 rows=1 width=121)
	  Index Cond: (id = 1596796)

table 2 : explain SELECT c FROM sbtest2 WHERE id=4976292
	Index Scan using sbtest2_pkey on sbtest2  (cost=0.43..8.45 rows=1 width=121)
	  Index Cond: (id = 4976292)

table 3 : explain SELECT c FROM sbtest3 WHERE id=7162366
	Index Scan using sbtest3_pkey on sbtest3  (cost=0.43..8.45 rows=1 width=121)
	  Index Cond: (id = 7162366)

table 4 : explain SELECT c FROM sbtest4 WHERE id=9874803
	Index Scan using sbtest4_pkey on sbtest4  (cost=0.43..8.45 rows=1 width=121)
	  Index Cond: (id = 9874803)

table 5 : explain SELECT c FROM sbtest5 WHERE id=449975
	Index Scan using sbtest5_pkey on sbtest5  (cost=0.43..8.45 rows=1 width=121)
	  Index Cond: (id = 449975)

table 6 : explain SELECT c FROM sbtest6 WHERE id=1867181
	Index Scan using sbtest6_pkey on sbtest6  (cost=0.43..8.45 rows=1 width=121)
	  Index Cond: (id = 1867181)

table 7 : explain SELECT c FROM sbtest7 WHERE id=4814464
	Index Scan using sbtest7_pkey on sbtest7  (cost=0.43..8.45 rows=1 width=121)
	  Index Cond: (id = 4814464)

table 8 : explain SELECT c FROM sbtest8 WHERE id=1805895
	Index Scan using sbtest8_pkey on sbtest8  (cost=0.43..8.45 rows=1 width=121)
	  Index Cond: (id = 1805895)

for point_selects
table 1 : explain SELECT c FROM sbtest1 WHERE id=6027705
	Index Scan using sbtest1_pkey on sbtest1  (cost=0.43..8.45 rows=1 width=121)
	  Index Cond: (id = 6027705)

table 2 : explain SELECT c FROM sbtest2 WHERE id=7421164
	Index Scan using sbtest2_pkey on sbtest2  (cost=0.43..8.45 rows=1 width=121)
	  Index Cond: (id = 7421164)

table 3 : explain SELECT c FROM sbtest3 WHERE id=4088820
	Index Scan using sbtest3_pkey on sbtest3  (cost=0.43..8.45 rows=1 width=121)
	  Index Cond: (id = 4088820)

table 4 : explain SELECT c FROM sbtest4 WHERE id=2028781
	Index Scan using sbtest4_pkey on sbtest4  (cost=0.43..8.45 rows=1 width=121)
	  Index Cond: (id = 2028781)

table 5 : explain SELECT c FROM sbtest5 WHERE id=3546853
	Index Scan using sbtest5_pkey on sbtest5  (cost=0.43..8.45 rows=1 width=121)
	  Index Cond: (id = 3546853)

table 6 : explain SELECT c FROM sbtest6 WHERE id=9522125
	Index Scan using sbtest6_pkey on sbtest6  (cost=0.43..8.45 rows=1 width=121)
	  Index Cond: (id = 9522125)

table 7 : explain SELECT c FROM sbtest7 WHERE id=1269650
	Index Scan using sbtest7_pkey on sbtest7  (cost=0.43..8.45 rows=1 width=121)
	  Index Cond: (id = 1269650)

table 8 : explain SELECT c FROM sbtest8 WHERE id=7405881
	Index Scan using sbtest8_pkey on sbtest8  (cost=0.43..8.45 rows=1 width=121)
	  Index Cond: (id = 7405881)

explain: for index_updates :: explain UPDATE sbtest%u SET k=k+1 WHERE id=%u
for non_index_updates
table 1 : explain UPDATE sbtest1 SET c='foobar' WHERE id=6709168
	Update on sbtest1  (cost=0.43..8.45 rows=0 width=0)
	  ->  Index Scan using sbtest1_pkey on sbtest1  (cost=0.43..8.45 rows=1 width=490)
	        Index Cond: (id = 6709168)

table 2 : explain UPDATE sbtest2 SET c='foobar' WHERE id=9377170
	Update on sbtest2  (cost=0.43..8.45 rows=0 width=0)
	  ->  Index Scan using sbtest2_pkey on sbtest2  (cost=0.43..8.45 rows=1 width=490)
	        Index Cond: (id = 9377170)

table 3 : explain UPDATE sbtest3 SET c='foobar' WHERE id=7117898
	Update on sbtest3  (cost=0.43..8.45 rows=0 width=0)
	  ->  Index Scan using sbtest3_pkey on sbtest3  (cost=0.43..8.45 rows=1 width=490)
	        Index Cond: (id = 7117898)

table 4 : explain UPDATE sbtest4 SET c='foobar' WHERE id=2755459
	Update on sbtest4  (cost=0.43..8.45 rows=0 width=0)
	  ->  Index Scan using sbtest4_pkey on sbtest4  (cost=0.43..8.45 rows=1 width=490)
	        Index Cond: (id = 2755459)

table 5 : explain UPDATE sbtest5 SET c='foobar' WHERE id=8585557
	Update on sbtest5  (cost=0.43..8.45 rows=0 width=0)
	  ->  Index Scan using sbtest5_pkey on sbtest5  (cost=0.43..8.45 rows=1 width=490)
	        Index Cond: (id = 8585557)

table 6 : explain UPDATE sbtest6 SET c='foobar' WHERE id=5801475
	Update on sbtest6  (cost=0.43..8.45 rows=0 width=0)
	  ->  Index Scan using sbtest6_pkey on sbtest6  (cost=0.43..8.45 rows=1 width=490)
	        Index Cond: (id = 5801475)

table 7 : explain UPDATE sbtest7 SET c='foobar' WHERE id=9603078
	Update on sbtest7  (cost=0.43..8.45 rows=0 width=0)
	  ->  Index Scan using sbtest7_pkey on sbtest7  (cost=0.43..8.45 rows=1 width=490)
	        Index Cond: (id = 9603078)

table 8 : explain UPDATE sbtest8 SET c='foobar' WHERE id=1020063
	Update on sbtest8  (cost=0.43..8.45 rows=0 width=0)
	  ->  Index Scan using sbtest8_pkey on sbtest8  (cost=0.43..8.45 rows=1 width=490)
	        Index Cond: (id = 1020063)

explain: for inserts :: explain INSERT INTO sbtest%u (id, k, c, pad) VALUES (%u, 13, 'foobar', 'foobar')
explain: for index_updates :: explain UPDATE sbtest%u SET k=k+1 WHERE id=%u
for: distinct_ranges
table 1 : explain SELECT DISTINCT c FROM sbtest1 WHERE id BETWEEN 5901692 AND 5901701 ORDER BY c
	Unique  (cost=39.81..39.86 rows=10 width=121)
	  ->  Sort  (cost=39.81..39.83 rows=10 width=121)
	        Sort Key: c
	        ->  Index Scan using sbtest1_pkey on sbtest1  (cost=0.43..39.64 rows=10 width=121)
	              Index Cond: ((id >= 5901692) AND (id <= 5901701))

table 2 : explain SELECT DISTINCT c FROM sbtest2 WHERE id BETWEEN 1166628 AND 1166637 ORDER BY c
	Unique  (cost=39.86..39.91 rows=10 width=121)
	  ->  Sort  (cost=39.86..39.89 rows=10 width=121)
	        Sort Key: c
	        ->  Index Scan using sbtest2_pkey on sbtest2  (cost=0.43..39.70 rows=10 width=121)
	              Index Cond: ((id >= 1166628) AND (id <= 1166637))

table 3 : explain SELECT DISTINCT c FROM sbtest3 WHERE id BETWEEN 6261604 AND 6261613 ORDER BY c
	Unique  (cost=43.36..43.41 rows=11 width=121)
	  ->  Sort  (cost=43.36..43.39 rows=11 width=121)
	        Sort Key: c
	        ->  Index Scan using sbtest3_pkey on sbtest3  (cost=0.43..43.17 rows=11 width=121)
	              Index Cond: ((id >= 6261604) AND (id <= 6261613))

table 4 : explain SELECT DISTINCT c FROM sbtest4 WHERE id BETWEEN 4541310 AND 4541319 ORDER BY c
	Unique  (cost=39.48..39.53 rows=10 width=121)
	  ->  Sort  (cost=39.48..39.50 rows=10 width=121)
	        Sort Key: c
	        ->  Index Scan using sbtest4_pkey on sbtest4  (cost=0.43..39.31 rows=10 width=121)
	              Index Cond: ((id >= 4541310) AND (id <= 4541319))

table 5 : explain SELECT DISTINCT c FROM sbtest5 WHERE id BETWEEN 5925100 AND 5925109 ORDER BY c
	Unique  (cost=42.61..42.67 rows=11 width=121)
	  ->  Sort  (cost=42.61..42.64 rows=11 width=121)
	        Sort Key: c
	        ->  Index Scan using sbtest5_pkey on sbtest5  (cost=0.43..42.42 rows=11 width=121)
	              Index Cond: ((id >= 5925100) AND (id <= 5925109))

table 6 : explain SELECT DISTINCT c FROM sbtest6 WHERE id BETWEEN 2402369 AND 2402378 ORDER BY c
	Unique  (cost=42.88..42.93 rows=11 width=121)
	  ->  Sort  (cost=42.88..42.91 rows=11 width=121)
	        Sort Key: c
	        ->  Index Scan using sbtest6_pkey on sbtest6  (cost=0.43..42.69 rows=11 width=121)
	              Index Cond: ((id >= 2402369) AND (id <= 2402378))

table 7 : explain SELECT DISTINCT c FROM sbtest7 WHERE id BETWEEN 7685836 AND 7685845 ORDER BY c
	Unique  (cost=39.49..39.54 rows=10 width=121)
	  ->  Sort  (cost=39.49..39.52 rows=10 width=121)
	        Sort Key: c
	        ->  Index Scan using sbtest7_pkey on sbtest7  (cost=0.43..39.33 rows=10 width=121)
	              Index Cond: ((id >= 7685836) AND (id <= 7685845))

table 8 : explain SELECT DISTINCT c FROM sbtest8 WHERE id BETWEEN 1446923 AND 1446932 ORDER BY c
	Unique  (cost=36.16..36.21 rows=9 width=121)
	  ->  Sort  (cost=36.16..36.19 rows=9 width=121)
	        Sort Key: c
	        ->  Index Scan using sbtest8_pkey on sbtest8  (cost=0.43..36.02 rows=9 width=121)
	              Index Cond: ((id >= 1446923) AND (id <= 1446932))

for: simple_ranges
table 1 : explain SELECT c FROM sbtest1 WHERE id BETWEEN 3921950 AND 3921959
	Index Scan using sbtest1_pkey on sbtest1  (cost=0.43..39.64 rows=10 width=121)
	  Index Cond: ((id >= 3921950) AND (id <= 3921959))

table 2 : explain SELECT c FROM sbtest2 WHERE id BETWEEN 8212858 AND 8212867
	Index Scan using sbtest2_pkey on sbtest2  (cost=0.43..39.70 rows=10 width=121)
	  Index Cond: ((id >= 8212858) AND (id <= 8212867))

table 3 : explain SELECT c FROM sbtest3 WHERE id BETWEEN 7449883 AND 7449892
	Index Scan using sbtest3_pkey on sbtest3  (cost=0.43..39.70 rows=10 width=121)
	  Index Cond: ((id >= 7449883) AND (id <= 7449892))

table 4 : explain SELECT c FROM sbtest4 WHERE id BETWEEN 5667103 AND 5667112
	Index Scan using sbtest4_pkey on sbtest4  (cost=0.43..39.31 rows=10 width=121)
	  Index Cond: ((id >= 5667103) AND (id <= 5667112))

table 5 : explain SELECT c FROM sbtest5 WHERE id BETWEEN 8402072 AND 8402081
	Index Scan using sbtest5_pkey on sbtest5  (cost=0.43..39.02 rows=10 width=121)
	  Index Cond: ((id >= 8402072) AND (id <= 8402081))

table 6 : explain SELECT c FROM sbtest6 WHERE id BETWEEN 9703565 AND 9703574
	Index Scan using sbtest6_pkey on sbtest6  (cost=0.43..39.26 rows=10 width=121)
	  Index Cond: ((id >= 9703565) AND (id <= 9703574))

table 7 : explain SELECT c FROM sbtest7 WHERE id BETWEEN 3199231 AND 3199240
	Index Scan using sbtest7_pkey on sbtest7  (cost=0.43..39.33 rows=10 width=121)
	  Index Cond: ((id >= 3199231) AND (id <= 3199240))

table 8 : explain SELECT c FROM sbtest8 WHERE id BETWEEN 8194897 AND 8194906
	Index Scan using sbtest8_pkey on sbtest8  (cost=0.43..39.47 rows=10 width=121)
	  Index Cond: ((id >= 8194897) AND (id <= 8194906))

explain: for deletes :: explain DELETE FROM sbtest%u WHERE id=%u
for: simple_ranges
table 1 : explain SELECT c FROM sbtest1 WHERE id BETWEEN 5787234 AND 5787243
	Index Scan using sbtest1_pkey on sbtest1  (cost=0.43..43.11 rows=11 width=121)
	  Index Cond: ((id >= 5787234) AND (id <= 5787243))

table 2 : explain SELECT c FROM sbtest2 WHERE id BETWEEN 7917759 AND 7917768
	Index Scan using sbtest2_pkey on sbtest2  (cost=0.43..36.23 rows=9 width=121)
	  Index Cond: ((id >= 7917759) AND (id <= 7917768))

table 3 : explain SELECT c FROM sbtest3 WHERE id BETWEEN 9940007 AND 9940016
	Index Scan using sbtest3_pkey on sbtest3  (cost=0.43..39.70 rows=10 width=121)
	  Index Cond: ((id >= 9940007) AND (id <= 9940016))

table 4 : explain SELECT c FROM sbtest4 WHERE id BETWEEN 4688237 AND 4688246
	Index Scan using sbtest4_pkey on sbtest4  (cost=0.43..42.74 rows=11 width=121)
	  Index Cond: ((id >= 4688237) AND (id <= 4688246))

table 5 : explain SELECT c FROM sbtest5 WHERE id BETWEEN 5915488 AND 5915497
	Index Scan using sbtest5_pkey on sbtest5  (cost=0.43..42.42 rows=11 width=121)
	  Index Cond: ((id >= 5915488) AND (id <= 5915497))

table 6 : explain SELECT c FROM sbtest6 WHERE id BETWEEN 9638933 AND 9638942
	Index Scan using sbtest6_pkey on sbtest6  (cost=0.43..39.26 rows=10 width=121)
	  Index Cond: ((id >= 9638933) AND (id <= 9638942))

table 7 : explain SELECT c FROM sbtest7 WHERE id BETWEEN 2117646 AND 2117655
	Index Scan using sbtest7_pkey on sbtest7  (cost=0.43..35.90 rows=9 width=121)
	  Index Cond: ((id >= 2117646) AND (id <= 2117655))

table 8 : explain SELECT c FROM sbtest8 WHERE id BETWEEN 570153 AND 570162
	Index Scan using sbtest8_pkey on sbtest8  (cost=0.43..39.47 rows=10 width=121)
	  Index Cond: ((id >= 570153) AND (id <= 570162))

explain: for point_selects :: explain SELECT c FROM sbtest%u WHERE id=%u
for point_selects
table 1 : explain SELECT c FROM sbtest1 WHERE id=8617793
	Index Scan using sbtest1_pkey on sbtest1  (cost=0.43..8.45 rows=1 width=121)
	  Index Cond: (id = 8617793)

table 2 : explain SELECT c FROM sbtest2 WHERE id=4461997
	Index Scan using sbtest2_pkey on sbtest2  (cost=0.43..8.45 rows=1 width=121)
	  Index Cond: (id = 4461997)

table 3 : explain SELECT c FROM sbtest3 WHERE id=1093549
	Index Scan using sbtest3_pkey on sbtest3  (cost=0.43..8.45 rows=1 width=121)
	  Index Cond: (id = 1093549)

table 4 : explain SELECT c FROM sbtest4 WHERE id=2732246
	Index Scan using sbtest4_pkey on sbtest4  (cost=0.43..8.45 rows=1 width=121)
	  Index Cond: (id = 2732246)

table 5 : explain SELECT c FROM sbtest5 WHERE id=5743994
	Index Scan using sbtest5_pkey on sbtest5  (cost=0.43..8.45 rows=1 width=121)
	  Index Cond: (id = 5743994)

table 6 : explain SELECT c FROM sbtest6 WHERE id=8847552
	Index Scan using sbtest6_pkey on sbtest6  (cost=0.43..8.45 rows=1 width=121)
	  Index Cond: (id = 8847552)

table 7 : explain SELECT c FROM sbtest7 WHERE id=1652420
	Index Scan using sbtest7_pkey on sbtest7  (cost=0.43..8.45 rows=1 width=121)
	  Index Cond: (id = 1652420)

table 8 : explain SELECT c FROM sbtest8 WHERE id=6338735
	Index Scan using sbtest8_pkey on sbtest8  (cost=0.43..8.45 rows=1 width=121)
	  Index Cond: (id = 6338735)

for: sum_ranges
table 1 : explain SELECT SUM(k) FROM sbtest1 WHERE id BETWEEN 193108 AND 193117
	Aggregate  (cost=36.20..36.21 rows=1 width=8)
	  ->  Index Scan using sbtest1_pkey on sbtest1  (cost=0.43..36.18 rows=9 width=4)
	        Index Cond: ((id >= 193108) AND (id <= 193117))

table 2 : explain SELECT SUM(k) FROM sbtest2 WHERE id BETWEEN 2165653 AND 2165662
	Aggregate  (cost=39.72..39.73 rows=1 width=8)
	  ->  Index Scan using sbtest2_pkey on sbtest2  (cost=0.43..39.70 rows=10 width=4)
	        Index Cond: ((id >= 2165653) AND (id <= 2165662))

table 3 : explain SELECT SUM(k) FROM sbtest3 WHERE id BETWEEN 3282114 AND 3282123
	Aggregate  (cost=39.72..39.73 rows=1 width=8)
	  ->  Index Scan using sbtest3_pkey on sbtest3  (cost=0.43..39.70 rows=10 width=4)
	        Index Cond: ((id >= 3282114) AND (id <= 3282123))

table 4 : explain SELECT SUM(k) FROM sbtest4 WHERE id BETWEEN 5930361 AND 5930370
	Aggregate  (cost=42.77..42.78 rows=1 width=8)
	  ->  Index Scan using sbtest4_pkey on sbtest4  (cost=0.43..42.74 rows=11 width=4)
	        Index Cond: ((id >= 5930361) AND (id <= 5930370))

table 5 : explain SELECT SUM(k) FROM sbtest5 WHERE id BETWEEN 4682010 AND 4682019
	Aggregate  (cost=35.65..35.66 rows=1 width=8)
	  ->  Index Scan using sbtest5_pkey on sbtest5  (cost=0.43..35.63 rows=9 width=4)
	        Index Cond: ((id >= 4682010) AND (id <= 4682019))

table 6 : explain SELECT SUM(k) FROM sbtest6 WHERE id BETWEEN 3224452 AND 3224461
	Aggregate  (cost=35.86..35.87 rows=1 width=8)
	  ->  Index Scan using sbtest6_pkey on sbtest6  (cost=0.43..35.84 rows=9 width=4)
	        Index Cond: ((id >= 3224452) AND (id <= 3224461))

table 7 : explain SELECT SUM(k) FROM sbtest7 WHERE id BETWEEN 341626 AND 341635
	Aggregate  (cost=35.92..35.93 rows=1 width=8)
	  ->  Index Scan using sbtest7_pkey on sbtest7  (cost=0.43..35.90 rows=9 width=4)
	        Index Cond: ((id >= 341626) AND (id <= 341635))

table 8 : explain SELECT SUM(k) FROM sbtest8 WHERE id BETWEEN 3308203 AND 3308212
	Aggregate  (cost=39.49..39.50 rows=1 width=8)
	  ->  Index Scan using sbtest8_pkey on sbtest8  (cost=0.43..39.47 rows=10 width=4)
	        Index Cond: ((id >= 3308203) AND (id <= 3308212))

for index_updates
table 1 : explain UPDATE sbtest1 SET k=k+1 WHERE id=5506170
	Update on sbtest1  (cost=0.43..8.46 rows=0 width=0)
	  ->  Index Scan using sbtest1_pkey on sbtest1  (cost=0.43..8.46 rows=1 width=10)
	        Index Cond: (id = 5506170)

table 2 : explain UPDATE sbtest2 SET k=k+1 WHERE id=4554019
	Update on sbtest2  (cost=0.43..8.46 rows=0 width=0)
	  ->  Index Scan using sbtest2_pkey on sbtest2  (cost=0.43..8.46 rows=1 width=10)
	        Index Cond: (id = 4554019)

table 3 : explain UPDATE sbtest3 SET k=k+1 WHERE id=4490310
	Update on sbtest3  (cost=0.43..8.46 rows=0 width=0)
	  ->  Index Scan using sbtest3_pkey on sbtest3  (cost=0.43..8.46 rows=1 width=10)
	        Index Cond: (id = 4490310)

table 4 : explain UPDATE sbtest4 SET k=k+1 WHERE id=7223090
	Update on sbtest4  (cost=0.43..8.46 rows=0 width=0)
	  ->  Index Scan using sbtest4_pkey on sbtest4  (cost=0.43..8.46 rows=1 width=10)
	        Index Cond: (id = 7223090)

table 5 : explain UPDATE sbtest5 SET k=k+1 WHERE id=1816596
	Update on sbtest5  (cost=0.43..8.46 rows=0 width=0)
	  ->  Index Scan using sbtest5_pkey on sbtest5  (cost=0.43..8.46 rows=1 width=10)
	        Index Cond: (id = 1816596)

table 6 : explain UPDATE sbtest6 SET k=k+1 WHERE id=6453790
	Update on sbtest6  (cost=0.43..8.46 rows=0 width=0)
	  ->  Index Scan using sbtest6_pkey on sbtest6  (cost=0.43..8.46 rows=1 width=10)
	        Index Cond: (id = 6453790)

table 7 : explain UPDATE sbtest7 SET k=k+1 WHERE id=2771709
	Update on sbtest7  (cost=0.43..8.46 rows=0 width=0)
	  ->  Index Scan using sbtest7_pkey on sbtest7  (cost=0.43..8.46 rows=1 width=10)
	        Index Cond: (id = 2771709)

table 8 : explain UPDATE sbtest8 SET k=k+1 WHERE id=2437560
	Update on sbtest8  (cost=0.43..8.46 rows=0 width=0)
	  ->  Index Scan using sbtest8_pkey on sbtest8  (cost=0.43..8.46 rows=1 width=10)
	        Index Cond: (id = 2437560)

explain: for inserts :: explain INSERT INTO sbtest%u (id, k, c, pad) VALUES (%u, 13, 'foobar', 'foobar')
for point_selects
table 1 : explain SELECT c FROM sbtest1 WHERE id=455746
	Index Scan using sbtest1_pkey on sbtest1  (cost=0.43..8.45 rows=1 width=121)
	  Index Cond: (id = 455746)

table 2 : explain SELECT c FROM sbtest2 WHERE id=620428
	Index Scan using sbtest2_pkey on sbtest2  (cost=0.43..8.45 rows=1 width=121)
	  Index Cond: (id = 620428)

table 3 : explain SELECT c FROM sbtest3 WHERE id=6455352
	Index Scan using sbtest3_pkey on sbtest3  (cost=0.43..8.45 rows=1 width=121)
	  Index Cond: (id = 6455352)

table 4 : explain SELECT c FROM sbtest4 WHERE id=662199
	Index Scan using sbtest4_pkey on sbtest4  (cost=0.43..8.45 rows=1 width=121)
	  Index Cond: (id = 662199)

table 5 : explain SELECT c FROM sbtest5 WHERE id=4024896
	Index Scan using sbtest5_pkey on sbtest5  (cost=0.43..8.45 rows=1 width=121)
	  Index Cond: (id = 4024896)

table 6 : explain SELECT c FROM sbtest6 WHERE id=4495921
	Index Scan using sbtest6_pkey on sbtest6  (cost=0.43..8.45 rows=1 width=121)
	  Index Cond: (id = 4495921)

table 7 : explain SELECT c FROM sbtest7 WHERE id=5472030
	Index Scan using sbtest7_pkey on sbtest7  (cost=0.43..8.45 rows=1 width=121)
	  Index Cond: (id = 5472030)

table 8 : explain SELECT c FROM sbtest8 WHERE id=1910192
	Index Scan using sbtest8_pkey on sbtest8  (cost=0.43..8.45 rows=1 width=121)
	  Index Cond: (id = 1910192)

for point_selects
table 1 : explain SELECT c FROM sbtest1 WHERE id=1043197
	Index Scan using sbtest1_pkey on sbtest1  (cost=0.43..8.45 rows=1 width=121)
	  Index Cond: (id = 1043197)

table 2 : explain SELECT c FROM sbtest2 WHERE id=4957918
	Index Scan using sbtest2_pkey on sbtest2  (cost=0.43..8.45 rows=1 width=121)
	  Index Cond: (id = 4957918)

table 3 : explain SELECT c FROM sbtest3 WHERE id=7280020
	Index Scan using sbtest3_pkey on sbtest3  (cost=0.43..8.45 rows=1 width=121)
	  Index Cond: (id = 7280020)

table 4 : explain SELECT c FROM sbtest4 WHERE id=275398
	Index Scan using sbtest4_pkey on sbtest4  (cost=0.43..8.45 rows=1 width=121)
	  Index Cond: (id = 275398)

table 5 : explain SELECT c FROM sbtest5 WHERE id=5030297
	Index Scan using sbtest5_pkey on sbtest5  (cost=0.43..8.45 rows=1 width=121)
	  Index Cond: (id = 5030297)

table 6 : explain SELECT c FROM sbtest6 WHERE id=9459486
	Index Scan using sbtest6_pkey on sbtest6  (cost=0.43..8.45 rows=1 width=121)
	  Index Cond: (id = 9459486)

table 7 : explain SELECT c FROM sbtest7 WHERE id=4873315
	Index Scan using sbtest7_pkey on sbtest7  (cost=0.43..8.45 rows=1 width=121)
	  Index Cond: (id = 4873315)

table 8 : explain SELECT c FROM sbtest8 WHERE id=1484708
	Index Scan using sbtest8_pkey on sbtest8  (cost=0.43..8.45 rows=1 width=121)
	  Index Cond: (id = 1484708)

for index_updates
table 1 : explain UPDATE sbtest1 SET k=k+1 WHERE id=2532394
	Update on sbtest1  (cost=0.43..8.46 rows=0 width=0)
	  ->  Index Scan using sbtest1_pkey on sbtest1  (cost=0.43..8.46 rows=1 width=10)
	        Index Cond: (id = 2532394)

table 2 : explain UPDATE sbtest2 SET k=k+1 WHERE id=9427220
	Update on sbtest2  (cost=0.43..8.46 rows=0 width=0)
	  ->  Index Scan using sbtest2_pkey on sbtest2  (cost=0.43..8.46 rows=1 width=10)
	        Index Cond: (id = 9427220)

table 3 : explain UPDATE sbtest3 SET k=k+1 WHERE id=8347414
	Update on sbtest3  (cost=0.43..8.46 rows=0 width=0)
	  ->  Index Scan using sbtest3_pkey on sbtest3  (cost=0.43..8.46 rows=1 width=10)
	        Index Cond: (id = 8347414)

table 4 : explain UPDATE sbtest4 SET k=k+1 WHERE id=707083
	Update on sbtest4  (cost=0.43..8.46 rows=0 width=0)
	  ->  Index Scan using sbtest4_pkey on sbtest4  (cost=0.43..8.46 rows=1 width=10)
	        Index Cond: (id = 707083)

table 5 : explain UPDATE sbtest5 SET k=k+1 WHERE id=2061820
	Update on sbtest5  (cost=0.43..8.46 rows=0 width=0)
	  ->  Index Scan using sbtest5_pkey on sbtest5  (cost=0.43..8.46 rows=1 width=10)
	        Index Cond: (id = 2061820)

table 6 : explain UPDATE sbtest6 SET k=k+1 WHERE id=2453357
	Update on sbtest6  (cost=0.43..8.46 rows=0 width=0)
	  ->  Index Scan using sbtest6_pkey on sbtest6  (cost=0.43..8.46 rows=1 width=10)
	        Index Cond: (id = 2453357)

table 7 : explain UPDATE sbtest7 SET k=k+1 WHERE id=5583607
	Update on sbtest7  (cost=0.43..8.46 rows=0 width=0)
	  ->  Index Scan using sbtest7_pkey on sbtest7  (cost=0.43..8.46 rows=1 width=10)
	        Index Cond: (id = 5583607)

table 8 : explain UPDATE sbtest8 SET k=k+1 WHERE id=6120207
	Update on sbtest8  (cost=0.43..8.46 rows=0 width=0)
	  ->  Index Scan using sbtest8_pkey on sbtest8  (cost=0.43..8.46 rows=1 width=10)
	        Index Cond: (id = 6120207)

for point_selects
table 1 : explain SELECT c FROM sbtest1 WHERE id=100287
	Index Scan using sbtest1_pkey on sbtest1  (cost=0.43..8.45 rows=1 width=121)
	  Index Cond: (id = 100287)

table 2 : explain SELECT c FROM sbtest2 WHERE id=4848888
	Index Scan using sbtest2_pkey on sbtest2  (cost=0.43..8.45 rows=1 width=121)
	  Index Cond: (id = 4848888)

table 3 : explain SELECT c FROM sbtest3 WHERE id=6653083
	Index Scan using sbtest3_pkey on sbtest3  (cost=0.43..8.45 rows=1 width=121)
	  Index Cond: (id = 6653083)

table 4 : explain SELECT c FROM sbtest4 WHERE id=9498622
	Index Scan using sbtest4_pkey on sbtest4  (cost=0.43..8.45 rows=1 width=121)
	  Index Cond: (id = 9498622)

table 5 : explain SELECT c FROM sbtest5 WHERE id=2169239
	Index Scan using sbtest5_pkey on sbtest5  (cost=0.43..8.45 rows=1 width=121)
	  Index Cond: (id = 2169239)

table 6 : explain SELECT c FROM sbtest6 WHERE id=3031298
	Index Scan using sbtest6_pkey on sbtest6  (cost=0.43..8.45 rows=1 width=121)
	  Index Cond: (id = 3031298)

table 7 : explain SELECT c FROM sbtest7 WHERE id=5837801
	Index Scan using sbtest7_pkey on sbtest7  (cost=0.43..8.45 rows=1 width=121)
	  Index Cond: (id = 5837801)

table 8 : explain SELECT c FROM sbtest8 WHERE id=4250795
	Index Scan using sbtest8_pkey on sbtest8  (cost=0.43..8.45 rows=1 width=121)
	  Index Cond: (id = 4250795)

for deletes
table 1 : explain DELETE FROM sbtest1 WHERE id=4016328
	Delete on sbtest1  (cost=0.43..8.45 rows=0 width=0)
	  ->  Index Scan using sbtest1_pkey on sbtest1  (cost=0.43..8.45 rows=1 width=6)
	        Index Cond: (id = 4016328)

table 2 : explain DELETE FROM sbtest2 WHERE id=775149
	Delete on sbtest2  (cost=0.43..8.45 rows=0 width=0)
	  ->  Index Scan using sbtest2_pkey on sbtest2  (cost=0.43..8.45 rows=1 width=6)
	        Index Cond: (id = 775149)

table 3 : explain DELETE FROM sbtest3 WHERE id=3627292
	Delete on sbtest3  (cost=0.43..8.45 rows=0 width=0)
	  ->  Index Scan using sbtest3_pkey on sbtest3  (cost=0.43..8.45 rows=1 width=6)
	        Index Cond: (id = 3627292)

table 4 : explain DELETE FROM sbtest4 WHERE id=5717005
	Delete on sbtest4  (cost=0.43..8.45 rows=0 width=0)
	  ->  Index Scan using sbtest4_pkey on sbtest4  (cost=0.43..8.45 rows=1 width=6)
	        Index Cond: (id = 5717005)

table 5 : explain DELETE FROM sbtest5 WHERE id=2269769
	Delete on sbtest5  (cost=0.43..8.45 rows=0 width=0)
	  ->  Index Scan using sbtest5_pkey on sbtest5  (cost=0.43..8.45 rows=1 width=6)
	        Index Cond: (id = 2269769)

table 6 : explain DELETE FROM sbtest6 WHERE id=3833862
	Delete on sbtest6  (cost=0.43..8.45 rows=0 width=0)
	  ->  Index Scan using sbtest6_pkey on sbtest6  (cost=0.43..8.45 rows=1 width=6)
	        Index Cond: (id = 3833862)

table 7 : explain DELETE FROM sbtest7 WHERE id=4770969
	Delete on sbtest7  (cost=0.43..8.45 rows=0 width=0)
	  ->  Index Scan using sbtest7_pkey on sbtest7  (cost=0.43..8.45 rows=1 width=6)
	        Index Cond: (id = 4770969)

table 8 : explain DELETE FROM sbtest8 WHERE id=4620423
	Delete on sbtest8  (cost=0.43..8.45 rows=0 width=0)
	  ->  Index Scan using sbtest8_pkey on sbtest8  (cost=0.43..8.45 rows=1 width=6)
	        Index Cond: (id = 4620423)
for point_selects
table 1 : explain SELECT c FROM sbtest1 WHERE id=5981582
	Index Scan using sbtest1_pkey on sbtest1  (cost=0.43..8.45 rows=1 width=121)
	  Index Cond: (id = 5981582)

table 2 : explain SELECT c FROM sbtest2 WHERE id=2031637
	Index Scan using sbtest2_pkey on sbtest2  (cost=0.43..8.45 rows=1 width=121)
	  Index Cond: (id = 2031637)

table 3 : explain SELECT c FROM sbtest3 WHERE id=4346411
	Index Scan using sbtest3_pkey on sbtest3  (cost=0.43..8.45 rows=1 width=121)
	  Index Cond: (id = 4346411)

table 4 : explain SELECT c FROM sbtest4 WHERE id=4184461
	Index Scan using sbtest4_pkey on sbtest4  (cost=0.43..8.45 rows=1 width=121)
	  Index Cond: (id = 4184461)

table 5 : explain SELECT c FROM sbtest5 WHERE id=2348333
	Index Scan using sbtest5_pkey on sbtest5  (cost=0.43..8.45 rows=1 width=121)
	  Index Cond: (id = 2348333)

table 6 : explain SELECT c FROM sbtest6 WHERE id=9218324
	Index Scan using sbtest6_pkey on sbtest6  (cost=0.43..8.45 rows=1 width=121)
	  Index Cond: (id = 9218324)

table 7 : explain SELECT c FROM sbtest7 WHERE id=9968938
	Index Scan using sbtest7_pkey on sbtest7  (cost=0.43..8.45 rows=1 width=121)
	  Index Cond: (id = 9968938)

table 8 : explain SELECT c FROM sbtest8 WHERE id=716468
	Index Scan using sbtest8_pkey on sbtest8  (cost=0.43..8.45 rows=1 width=121)
	  Index Cond: (id = 716468)


for inserts
table 1 : explain INSERT INTO sbtest1 (id, k, c, pad) VALUES (9170770, 13, 'foobar', 'foobar')
	Insert on sbtest1  (cost=0.00..0.01 rows=0 width=0)
	  ->  Result  (cost=0.00..0.01 rows=1 width=736)

table 2 : explain INSERT INTO sbtest2 (id, k, c, pad) VALUES (5671813, 13, 'foobar', 'foobar')
	Insert on sbtest2  (cost=0.00..0.01 rows=0 width=0)
	  ->  Result  (cost=0.00..0.01 rows=1 width=736)

table 3 : explain INSERT INTO sbtest3 (id, k, c, pad) VALUES (2433252, 13, 'foobar', 'foobar')
	Insert on sbtest3  (cost=0.00..0.01 rows=0 width=0)
	  ->  Result  (cost=0.00..0.01 rows=1 width=736)

table 4 : explain INSERT INTO sbtest4 (id, k, c, pad) VALUES (7490299, 13, 'foobar', 'foobar')
	Insert on sbtest4  (cost=0.00..0.01 rows=0 width=0)
	  ->  Result  (cost=0.00..0.01 rows=1 width=736)

table 5 : explain INSERT INTO sbtest5 (id, k, c, pad) VALUES (7214043, 13, 'foobar', 'foobar')
	Insert on sbtest5  (cost=0.00..0.01 rows=0 width=0)
	  ->  Result  (cost=0.00..0.01 rows=1 width=736)

table 6 : explain INSERT INTO sbtest6 (id, k, c, pad) VALUES (4261422, 13, 'foobar', 'foobar')
	Insert on sbtest6  (cost=0.00..0.01 rows=0 width=0)
	  ->  Result  (cost=0.00..0.01 rows=1 width=736)

table 7 : explain INSERT INTO sbtest7 (id, k, c, pad) VALUES (5612775, 13, 'foobar', 'foobar')
	Insert on sbtest7  (cost=0.00..0.01 rows=0 width=0)
	  ->  Result  (cost=0.00..0.01 rows=1 width=736)

table 8 : explain INSERT INTO sbtest8 (id, k, c, pad) VALUES (9011834, 13, 'foobar', 'foobar')
	Insert on sbtest8  (cost=0.00..0.01 rows=0 width=0)
	  ->  Result  (cost=0.00..0.01 rows=1 width=736)

for: simple_ranges
table 1 : explain SELECT c FROM sbtest1 WHERE id BETWEEN 3471961 AND 3471970
	Index Scan using sbtest1_pkey on sbtest1  (cost=0.43..39.64 rows=10 width=121)
	  Index Cond: ((id >= 3471961) AND (id <= 3471970))

table 2 : explain SELECT c FROM sbtest2 WHERE id BETWEEN 164980 AND 164989
	Index Scan using sbtest2_pkey on sbtest2  (cost=0.43..43.17 rows=11 width=121)
	  Index Cond: ((id >= 164980) AND (id <= 164989))

table 3 : explain SELECT c FROM sbtest3 WHERE id BETWEEN 1921665 AND 1921674
	Index Scan using sbtest3_pkey on sbtest3  (cost=0.43..39.70 rows=10 width=121)
	  Index Cond: ((id >= 1921665) AND (id <= 1921674))

table 4 : explain SELECT c FROM sbtest4 WHERE id BETWEEN 3486744 AND 3486753
	Index Scan using sbtest4_pkey on sbtest4  (cost=0.43..35.88 rows=9 width=121)
	  Index Cond: ((id >= 3486744) AND (id <= 3486753))

table 5 : explain SELECT c FROM sbtest5 WHERE id BETWEEN 5172132 AND 5172141
	Index Scan using sbtest5_pkey on sbtest5  (cost=0.43..39.02 rows=10 width=121)
	  Index Cond: ((id >= 5172132) AND (id <= 5172141))

table 6 : explain SELECT c FROM sbtest6 WHERE id BETWEEN 5511735 AND 5511744
	Index Scan using sbtest6_pkey on sbtest6  (cost=0.43..35.84 rows=9 width=121)
	  Index Cond: ((id >= 5511735) AND (id <= 5511744))

table 7 : explain SELECT c FROM sbtest7 WHERE id BETWEEN 9314227 AND 9314236
	Index Scan using sbtest7_pkey on sbtest7  (cost=0.43..39.33 rows=10 width=121)
	  Index Cond: ((id >= 9314227) AND (id <= 9314236))

table 8 : explain SELECT c FROM sbtest8 WHERE id BETWEEN 9952863 AND 9952872
	Index Scan using sbtest8_pkey on sbtest8  (cost=0.43..36.02 rows=9 width=121)
	  Index Cond: ((id >= 9952863) AND (id <= 9952872))

for: simple_ranges
table 1 : explain SELECT c FROM sbtest1 WHERE id BETWEEN 4930319 AND 4930328
	Index Scan using sbtest1_pkey on sbtest1  (cost=0.43..39.64 rows=10 width=121)
	  Index Cond: ((id >= 4930319) AND (id <= 4930328))

table 2 : explain SELECT c FROM sbtest2 WHERE id BETWEEN 1335185 AND 1335194
	Index Scan using sbtest2_pkey on sbtest2  (cost=0.43..39.70 rows=10 width=121)
	  Index Cond: ((id >= 1335185) AND (id <= 1335194))

table 3 : explain SELECT c FROM sbtest3 WHERE id BETWEEN 3866500 AND 3866509
	Index Scan using sbtest3_pkey on sbtest3  (cost=0.43..39.70 rows=10 width=121)
	  Index Cond: ((id >= 3866500) AND (id <= 3866509))

table 4 : explain SELECT c FROM sbtest4 WHERE id BETWEEN 6779034 AND 6779043
	Index Scan using sbtest4_pkey on sbtest4  (cost=0.43..39.31 rows=10 width=121)
	  Index Cond: ((id >= 6779034) AND (id <= 6779043))

table 5 : explain SELECT c FROM sbtest5 WHERE id BETWEEN 2732984 AND 2732993
	Index Scan using sbtest5_pkey on sbtest5  (cost=0.43..42.42 rows=11 width=121)
	  Index Cond: ((id >= 2732984) AND (id <= 2732993))

table 6 : explain SELECT c FROM sbtest6 WHERE id BETWEEN 204580 AND 204589
	Index Scan using sbtest6_pkey on sbtest6  (cost=0.43..39.26 rows=10 width=121)
	  Index Cond: ((id >= 204580) AND (id <= 204589))

table 7 : explain SELECT c FROM sbtest7 WHERE id BETWEEN 9075902 AND 9075911
	Index Scan using sbtest7_pkey on sbtest7  (cost=0.43..42.76 rows=11 width=121)
	  Index Cond: ((id >= 9075902) AND (id <= 9075911))

table 8 : explain SELECT c FROM sbtest8 WHERE id BETWEEN 9184127 AND 9184136
	Index Scan using sbtest8_pkey on sbtest8  (cost=0.43..39.47 rows=10 width=121)
	  Index Cond: ((id >= 9184127) AND (id <= 9184136))
explain: for non_index_updates :: explain UPDATE sbtest%u SET c='foobar' WHERE id=%u

for inserts
table 1 : explain INSERT INTO sbtest1 (id, k, c, pad) VALUES (3840133, 13, 'foobar', 'foobar')
	Insert on sbtest1  (cost=0.00..0.01 rows=0 width=0)
	  ->  Result  (cost=0.00..0.01 rows=1 width=736)

table 2 : explain INSERT INTO sbtest2 (id, k, c, pad) VALUES (8570408, 13, 'foobar', 'foobar')
	Insert on sbtest2  (cost=0.00..0.01 rows=0 width=0)
	  ->  Result  (cost=0.00..0.01 rows=1 width=736)

table 3 : explain INSERT INTO sbtest3 (id, k, c, pad) VALUES (9477391, 13, 'foobar', 'foobar')
	Insert on sbtest3  (cost=0.00..0.01 rows=0 width=0)
	  ->  Result  (cost=0.00..0.01 rows=1 width=736)

table 4 : explain INSERT INTO sbtest4 (id, k, c, pad) VALUES (9361828, 13, 'foobar', 'foobar')
	Insert on sbtest4  (cost=0.00..0.01 rows=0 width=0)
	  ->  Result  (cost=0.00..0.01 rows=1 width=736)

table 5 : explain INSERT INTO sbtest5 (id, k, c, pad) VALUES (7689837, 13, 'foobar', 'foobar')
	Insert on sbtest5  (cost=0.00..0.01 rows=0 width=0)
	  ->  Result  (cost=0.00..0.01 rows=1 width=736)

table 6 : explain INSERT INTO sbtest6 (id, k, c, pad) VALUES (6644991, 13, 'foobar', 'foobar')
	Insert on sbtest6  (cost=0.00..0.01 rows=0 width=0)
	  ->  Result  (cost=0.00..0.01 rows=1 width=736)

table 7 : explain INSERT INTO sbtest7 (id, k, c, pad) VALUES (5355811, 13, 'foobar', 'foobar')
	Insert on sbtest7  (cost=0.00..0.01 rows=0 width=0)
	  ->  Result  (cost=0.00..0.01 rows=1 width=736)

table 8 : explain INSERT INTO sbtest8 (id, k, c, pad) VALUES (6580397, 13, 'foobar', 'foobar')
	Insert on sbtest8  (cost=0.00..0.01 rows=0 width=0)
	  ->  Result  (cost=0.00..0.01 rows=1 width=736)

for: simple_ranges
table 1 : explain SELECT c FROM sbtest1 WHERE id BETWEEN 6167935 AND 6167944
	Index Scan using sbtest1_pkey on sbtest1  (cost=0.43..39.64 rows=10 width=121)
	  Index Cond: ((id >= 6167935) AND (id <= 6167944))

table 2 : explain SELECT c FROM sbtest2 WHERE id BETWEEN 9910389 AND 9910398
	Index Scan using sbtest2_pkey on sbtest2  (cost=0.43..39.70 rows=10 width=121)
	  Index Cond: ((id >= 9910389) AND (id <= 9910398))

table 3 : explain SELECT c FROM sbtest3 WHERE id BETWEEN 1315990 AND 1315999
	Index Scan using sbtest3_pkey on sbtest3  (cost=0.43..39.70 rows=10 width=121)
	  Index Cond: ((id >= 1315990) AND (id <= 1315999))

table 4 : explain SELECT c FROM sbtest4 WHERE id BETWEEN 8676735 AND 8676744
	Index Scan using sbtest4_pkey on sbtest4  (cost=0.43..39.31 rows=10 width=121)
	  Index Cond: ((id >= 8676735) AND (id <= 8676744))

table 5 : explain SELECT c FROM sbtest5 WHERE id BETWEEN 4749868 AND 4749877
	Index Scan using sbtest5_pkey on sbtest5  (cost=0.43..39.02 rows=10 width=121)
	  Index Cond: ((id >= 4749868) AND (id <= 4749877))

table 6 : explain SELECT c FROM sbtest6 WHERE id BETWEEN 1455959 AND 1455968
	Index Scan using sbtest6_pkey on sbtest6  (cost=0.43..39.26 rows=10 width=121)
	  Index Cond: ((id >= 1455959) AND (id <= 1455968))

table 7 : explain SELECT c FROM sbtest7 WHERE id BETWEEN 4544515 AND 4544524
	Index Scan using sbtest7_pkey on sbtest7  (cost=0.43..35.90 rows=9 width=121)
	  Index Cond: ((id >= 4544515) AND (id <= 4544524))

table 8 : explain SELECT c FROM sbtest8 WHERE id BETWEEN 5025942 AND 5025951
	Index Scan using sbtest8_pkey on sbtest8  (cost=0.43..39.47 rows=10 width=121)
	  Index Cond: ((id >= 5025942) AND (id <= 5025951))

for: order_ranges
table 1 : explain SELECT c FROM sbtest1 WHERE id BETWEEN 3447290 AND 3447299 ORDER BY c
	Sort  (cost=39.81..39.83 rows=10 width=121)
	  Sort Key: c
	  ->  Index Scan using sbtest1_pkey on sbtest1  (cost=0.43..39.64 rows=10 width=121)
	        Index Cond: ((id >= 3447290) AND (id <= 3447299))

table 2 : explain SELECT c FROM sbtest2 WHERE id BETWEEN 6125917 AND 6125926 ORDER BY c
	Sort  (cost=39.86..39.89 rows=10 width=121)
	  Sort Key: c
	  ->  Index Scan using sbtest2_pkey on sbtest2  (cost=0.43..39.70 rows=10 width=121)
	        Index Cond: ((id >= 6125917) AND (id <= 6125926))

table 3 : explain SELECT c FROM sbtest3 WHERE id BETWEEN 9077145 AND 9077154 ORDER BY c
	Sort  (cost=39.86..39.89 rows=10 width=121)
	  Sort Key: c
	  ->  Index Scan using sbtest3_pkey on sbtest3  (cost=0.43..39.70 rows=10 width=121)
	        Index Cond: ((id >= 9077145) AND (id <= 9077154))

table 4 : explain SELECT c FROM sbtest4 WHERE id BETWEEN 7013270 AND 7013279 ORDER BY c
	Sort  (cost=42.93..42.96 rows=11 width=121)
	  Sort Key: c
	  ->  Index Scan using sbtest4_pkey on sbtest4  (cost=0.43..42.74 rows=11 width=121)
	        Index Cond: ((id >= 7013270) AND (id <= 7013279))

table 5 : explain SELECT c FROM sbtest5 WHERE id BETWEEN 6072150 AND 6072159 ORDER BY c
	Sort  (cost=35.77..35.79 rows=9 width=121)
	  Sort Key: c
	  ->  Index Scan using sbtest5_pkey on sbtest5  (cost=0.43..35.63 rows=9 width=121)
	        Index Cond: ((id >= 6072150) AND (id <= 6072159))

table 6 : explain SELECT c FROM sbtest6 WHERE id BETWEEN 8721608 AND 8721617 ORDER BY c
	Sort  (cost=39.43..39.46 rows=10 width=121)
	  Sort Key: c
	  ->  Index Scan using sbtest6_pkey on sbtest6  (cost=0.43..39.26 rows=10 width=121)
	        Index Cond: ((id >= 8721608) AND (id <= 8721617))

table 7 : explain SELECT c FROM sbtest7 WHERE id BETWEEN 994362 AND 994371 ORDER BY c
	Sort  (cost=39.49..39.52 rows=10 width=121)
	  Sort Key: c
	  ->  Index Scan using sbtest7_pkey on sbtest7  (cost=0.43..39.33 rows=10 width=121)
	        Index Cond: ((id >= 994362) AND (id <= 994371))

table 8 : explain SELECT c FROM sbtest8 WHERE id BETWEEN 4571551 AND 4571560 ORDER BY c
	Sort  (cost=39.63..39.66 rows=10 width=121)
	  Sort Key: c
	  ->  Index Scan using sbtest8_pkey on sbtest8  (cost=0.43..39.47 rows=10 width=121)
	        Index Cond: ((id >= 4571551) AND (id <= 4571560))

for: distinct_ranges
table 1 : explain SELECT DISTINCT c FROM sbtest1 WHERE id BETWEEN 2184666 AND 2184675 ORDER BY c
	Unique  (cost=39.81..39.86 rows=10 width=121)
	  ->  Sort  (cost=39.81..39.83 rows=10 width=121)
	        Sort Key: c
	        ->  Index Scan using sbtest1_pkey on sbtest1  (cost=0.43..39.64 rows=10 width=121)
	              Index Cond: ((id >= 2184666) AND (id <= 2184675))

table 2 : explain SELECT DISTINCT c FROM sbtest2 WHERE id BETWEEN 3698857 AND 3698866 ORDER BY c
	Unique  (cost=36.37..36.41 rows=9 width=121)
	  ->  Sort  (cost=36.37..36.39 rows=9 width=121)
	        Sort Key: c
	        ->  Index Scan using sbtest2_pkey on sbtest2  (cost=0.43..36.23 rows=9 width=121)
	              Index Cond: ((id >= 3698857) AND (id <= 3698866))

table 3 : explain SELECT DISTINCT c FROM sbtest3 WHERE id BETWEEN 4323027 AND 4323036 ORDER BY c
	Unique  (cost=43.36..43.41 rows=11 width=121)
	  ->  Sort  (cost=43.36..43.39 rows=11 width=121)
	        Sort Key: c
	        ->  Index Scan using sbtest3_pkey on sbtest3  (cost=0.43..43.17 rows=11 width=121)
	              Index Cond: ((id >= 4323027) AND (id <= 4323036))

table 4 : explain SELECT DISTINCT c FROM sbtest4 WHERE id BETWEEN 4390775 AND 4390784 ORDER BY c
	Unique  (cost=42.93..42.99 rows=11 width=121)
	  ->  Sort  (cost=42.93..42.96 rows=11 width=121)
	        Sort Key: c
	        ->  Index Scan using sbtest4_pkey on sbtest4  (cost=0.43..42.74 rows=11 width=121)
	              Index Cond: ((id >= 4390775) AND (id <= 4390784))

table 5 : explain SELECT DISTINCT c FROM sbtest5 WHERE id BETWEEN 3938873 AND 3938882 ORDER BY c
	Unique  (cost=39.19..39.24 rows=10 width=121)
	  ->  Sort  (cost=39.19..39.22 rows=10 width=121)
	        Sort Key: c
	        ->  Index Scan using sbtest5_pkey on sbtest5  (cost=0.43..39.02 rows=10 width=121)
	              Index Cond: ((id >= 3938873) AND (id <= 3938882))

table 6 : explain SELECT DISTINCT c FROM sbtest6 WHERE id BETWEEN 4173589 AND 4173598 ORDER BY c
	Unique  (cost=39.43..39.48 rows=10 width=121)
	  ->  Sort  (cost=39.43..39.46 rows=10 width=121)
	        Sort Key: c
	        ->  Index Scan using sbtest6_pkey on sbtest6  (cost=0.43..39.26 rows=10 width=121)
	              Index Cond: ((id >= 4173589) AND (id <= 4173598))

table 7 : explain SELECT DISTINCT c FROM sbtest7 WHERE id BETWEEN 2956852 AND 2956861 ORDER BY c
	Unique  (cost=42.95..43.00 rows=11 width=121)
	  ->  Sort  (cost=42.95..42.97 rows=11 width=121)
	        Sort Key: c
	        ->  Index Scan using sbtest7_pkey on sbtest7  (cost=0.43..42.76 rows=11 width=121)
	              Index Cond: ((id >= 2956852) AND (id <= 2956861))

table 8 : explain SELECT DISTINCT c FROM sbtest8 WHERE id BETWEEN 168113 AND 168122 ORDER BY c
	Unique  (cost=43.10..43.16 rows=11 width=121)
	  ->  Sort  (cost=43.10..43.13 rows=11 width=121)
	        Sort Key: c
	        ->  Index Scan using sbtest8_pkey on sbtest8  (cost=0.43..42.91 rows=11 width=121)
	              Index Cond: ((id >= 168113) AND (id <= 168122))

explain: for non_index_updates :: explain UPDATE sbtest%u SET c='foobar' WHERE id=%u
explain: for index_updates :: explain UPDATE sbtest%u SET k=k+1 WHERE id=%u
for: sum_ranges
table 1 : explain SELECT SUM(k) FROM sbtest1 WHERE id BETWEEN 8429452 AND 8429461
	Aggregate  (cost=39.67..39.68 rows=1 width=8)
	  ->  Index Scan using sbtest1_pkey on sbtest1  (cost=0.43..39.64 rows=10 width=4)
	        Index Cond: ((id >= 8429452) AND (id <= 8429461))

table 2 : explain SELECT SUM(k) FROM sbtest2 WHERE id BETWEEN 2033433 AND 2033442
	Aggregate  (cost=36.25..36.26 rows=1 width=8)
	  ->  Index Scan using sbtest2_pkey on sbtest2  (cost=0.43..36.23 rows=9 width=4)
	        Index Cond: ((id >= 2033433) AND (id <= 2033442))

table 3 : explain SELECT SUM(k) FROM sbtest3 WHERE id BETWEEN 9561654 AND 9561663
	Aggregate  (cost=39.72..39.73 rows=1 width=8)
	  ->  Index Scan using sbtest3_pkey on sbtest3  (cost=0.43..39.70 rows=10 width=4)
	        Index Cond: ((id >= 9561654) AND (id <= 9561663))

table 4 : explain SELECT SUM(k) FROM sbtest4 WHERE id BETWEEN 5105091 AND 5105100
	Aggregate  (cost=42.77..42.78 rows=1 width=8)
	  ->  Index Scan using sbtest4_pkey on sbtest4  (cost=0.43..42.74 rows=11 width=4)
	        Index Cond: ((id >= 5105091) AND (id <= 5105100))

table 5 : explain SELECT SUM(k) FROM sbtest5 WHERE id BETWEEN 9606374 AND 9606383
	Aggregate  (cost=42.45..42.46 rows=1 width=8)
	  ->  Index Scan using sbtest5_pkey on sbtest5  (cost=0.43..42.42 rows=11 width=4)
	        Index Cond: ((id >= 9606374) AND (id <= 9606383))

table 6 : explain SELECT SUM(k) FROM sbtest6 WHERE id BETWEEN 9325726 AND 9325735
	Aggregate  (cost=39.29..39.30 rows=1 width=8)
	  ->  Index Scan using sbtest6_pkey on sbtest6  (cost=0.43..39.26 rows=10 width=4)
	        Index Cond: ((id >= 9325726) AND (id <= 9325735))

table 7 : explain SELECT SUM(k) FROM sbtest7 WHERE id BETWEEN 6241238 AND 6241247
	Aggregate  (cost=39.35..39.36 rows=1 width=8)
	  ->  Index Scan using sbtest7_pkey on sbtest7  (cost=0.43..39.33 rows=10 width=4)
	        Index Cond: ((id >= 6241238) AND (id <= 6241247))

table 8 : explain SELECT SUM(k) FROM sbtest8 WHERE id BETWEEN 7009701 AND 7009710
	Aggregate  (cost=36.04..36.05 rows=1 width=8)
	  ->  Index Scan using sbtest8_pkey on sbtest8  (cost=0.43..36.02 rows=9 width=4)
	        Index Cond: ((id >= 7009701) AND (id <= 7009710))

for: order_ranges
table 1 : explain SELECT c FROM sbtest1 WHERE id BETWEEN 3379940 AND 3379949 ORDER BY c
	Sort  (cost=39.81..39.83 rows=10 width=121)
	  Sort Key: c
	  ->  Index Scan using sbtest1_pkey on sbtest1  (cost=0.43..39.64 rows=10 width=121)
	        Index Cond: ((id >= 3379940) AND (id <= 3379949))

table 2 : explain SELECT c FROM sbtest2 WHERE id BETWEEN 2868279 AND 2868288 ORDER BY c
	Sort  (cost=36.37..36.39 rows=9 width=121)
	  Sort Key: c
	  ->  Index Scan using sbtest2_pkey on sbtest2  (cost=0.43..36.23 rows=9 width=121)
	        Index Cond: ((id >= 2868279) AND (id <= 2868288))

table 3 : explain SELECT c FROM sbtest3 WHERE id BETWEEN 311580 AND 311589 ORDER BY c
	Sort  (cost=39.86..39.89 rows=10 width=121)
	  Sort Key: c
	  ->  Index Scan using sbtest3_pkey on sbtest3  (cost=0.43..39.70 rows=10 width=121)
	        Index Cond: ((id >= 311580) AND (id <= 311589))

table 4 : explain SELECT c FROM sbtest4 WHERE id BETWEEN 1734514 AND 1734523 ORDER BY c
	Sort  (cost=39.48..39.50 rows=10 width=121)
	  Sort Key: c
	  ->  Index Scan using sbtest4_pkey on sbtest4  (cost=0.43..39.31 rows=10 width=121)
	        Index Cond: ((id >= 1734514) AND (id <= 1734523))

table 5 : explain SELECT c FROM sbtest5 WHERE id BETWEEN 7383606 AND 7383615 ORDER BY c
	Sort  (cost=39.19..39.22 rows=10 width=121)
	  Sort Key: c
	  ->  Index Scan using sbtest5_pkey on sbtest5  (cost=0.43..39.02 rows=10 width=121)
	        Index Cond: ((id >= 7383606) AND (id <= 7383615))

table 6 : explain SELECT c FROM sbtest6 WHERE id BETWEEN 596375 AND 596384 ORDER BY c
	Sort  (cost=39.43..39.46 rows=10 width=121)
	  Sort Key: c
	  ->  Index Scan using sbtest6_pkey on sbtest6  (cost=0.43..39.26 rows=10 width=121)
	        Index Cond: ((id >= 596375) AND (id <= 596384))

table 7 : explain SELECT c FROM sbtest7 WHERE id BETWEEN 8817311 AND 8817320 ORDER BY c
	Sort  (cost=36.04..36.06 rows=9 width=121)
	  Sort Key: c
	  ->  Index Scan using sbtest7_pkey on sbtest7  (cost=0.43..35.90 rows=9 width=121)
	        Index Cond: ((id >= 8817311) AND (id <= 8817320))

table 8 : explain SELECT c FROM sbtest8 WHERE id BETWEEN 228977 AND 228986 ORDER BY c
	Sort  (cost=39.63..39.66 rows=10 width=121)
	  Sort Key: c
	  ->  Index Scan using sbtest8_pkey on sbtest8  (cost=0.43..39.47 rows=10 width=121)
	        Index Cond: ((id >= 228977) AND (id <= 228986))
explain: for inserts :: explain INSERT INTO sbtest%u (id, k, c, pad) VALUES (%u, 13, 'foobar', 'foobar')

for point_selects
table 1 : explain SELECT c FROM sbtest1 WHERE id=6635487
	Index Scan using sbtest1_pkey on sbtest1  (cost=0.43..8.45 rows=1 width=121)
	  Index Cond: (id = 6635487)

table 2 : explain SELECT c FROM sbtest2 WHERE id=4845543
	Index Scan using sbtest2_pkey on sbtest2  (cost=0.43..8.45 rows=1 width=121)
	  Index Cond: (id = 4845543)

table 3 : explain SELECT c FROM sbtest3 WHERE id=686
	Index Scan using sbtest3_pkey on sbtest3  (cost=0.43..8.45 rows=1 width=121)
	  Index Cond: (id = 686)

table 4 : explain SELECT c FROM sbtest4 WHERE id=6479841
	Index Scan using sbtest4_pkey on sbtest4  (cost=0.43..8.45 rows=1 width=121)
	  Index Cond: (id = 6479841)

table 5 : explain SELECT c FROM sbtest5 WHERE id=7049701
	Index Scan using sbtest5_pkey on sbtest5  (cost=0.43..8.45 rows=1 width=121)
	  Index Cond: (id = 7049701)

table 6 : explain SELECT c FROM sbtest6 WHERE id=4457228
	Index Scan using sbtest6_pkey on sbtest6  (cost=0.43..8.45 rows=1 width=121)
	  Index Cond: (id = 4457228)

table 7 : explain SELECT c FROM sbtest7 WHERE id=1257267
	Index Scan using sbtest7_pkey on sbtest7  (cost=0.43..8.45 rows=1 width=121)
	  Index Cond: (id = 1257267)

table 8 : explain SELECT c FROM sbtest8 WHERE id=3287939
	Index Scan using sbtest8_pkey on sbtest8  (cost=0.43..8.45 rows=1 width=121)
	  Index Cond: (id = 3287939)

for point_selects
table 1 : explain SELECT c FROM sbtest1 WHERE id=1775577
	Index Scan using sbtest1_pkey on sbtest1  (cost=0.43..8.45 rows=1 width=121)
	  Index Cond: (id = 1775577)

table 2 : explain SELECT c FROM sbtest2 WHERE id=8376810
	Index Scan using sbtest2_pkey on sbtest2  (cost=0.43..8.45 rows=1 width=121)
	  Index Cond: (id = 8376810)

table 3 : explain SELECT c FROM sbtest3 WHERE id=3435469
	Index Scan using sbtest3_pkey on sbtest3  (cost=0.43..8.45 rows=1 width=121)
	  Index Cond: (id = 3435469)

table 4 : explain SELECT c FROM sbtest4 WHERE id=8567870
	Index Scan using sbtest4_pkey on sbtest4  (cost=0.43..8.45 rows=1 width=121)
	  Index Cond: (id = 8567870)

table 5 : explain SELECT c FROM sbtest5 WHERE id=3389847
	Index Scan using sbtest5_pkey on sbtest5  (cost=0.43..8.45 rows=1 width=121)
	  Index Cond: (id = 3389847)

table 6 : explain SELECT c FROM sbtest6 WHERE id=1605162
	Index Scan using sbtest6_pkey on sbtest6  (cost=0.43..8.45 rows=1 width=121)
	  Index Cond: (id = 1605162)

table 7 : explain SELECT c FROM sbtest7 WHERE id=7568588
	Index Scan using sbtest7_pkey on sbtest7  (cost=0.43..8.45 rows=1 width=121)
	  Index Cond: (id = 7568588)

table 8 : explain SELECT c FROM sbtest8 WHERE id=9665261
	Index Scan using sbtest8_pkey on sbtest8  (cost=0.43..8.45 rows=1 width=121)
	  Index Cond: (id = 9665261)

for non_index_updates
table 1 : explain UPDATE sbtest1 SET c='foobar' WHERE id=1028374
	Update on sbtest1  (cost=0.43..8.45 rows=0 width=0)
	  ->  Index Scan using sbtest1_pkey on sbtest1  (cost=0.43..8.45 rows=1 width=490)
	        Index Cond: (id = 1028374)

table 2 : explain UPDATE sbtest2 SET c='foobar' WHERE id=2397464
	Update on sbtest2  (cost=0.43..8.45 rows=0 width=0)
	  ->  Index Scan using sbtest2_pkey on sbtest2  (cost=0.43..8.45 rows=1 width=490)
	        Index Cond: (id = 2397464)

table 3 : explain UPDATE sbtest3 SET c='foobar' WHERE id=8857578
	Update on sbtest3  (cost=0.43..8.45 rows=0 width=0)
	  ->  Index Scan using sbtest3_pkey on sbtest3  (cost=0.43..8.45 rows=1 width=490)
	        Index Cond: (id = 8857578)

table 4 : explain UPDATE sbtest4 SET c='foobar' WHERE id=752685
	Update on sbtest4  (cost=0.43..8.45 rows=0 width=0)
	  ->  Index Scan using sbtest4_pkey on sbtest4  (cost=0.43..8.45 rows=1 width=490)
	        Index Cond: (id = 752685)

table 5 : explain UPDATE sbtest5 SET c='foobar' WHERE id=5145206
	Update on sbtest5  (cost=0.43..8.45 rows=0 width=0)
	  ->  Index Scan using sbtest5_pkey on sbtest5  (cost=0.43..8.45 rows=1 width=490)
	        Index Cond: (id = 5145206)

table 6 : explain UPDATE sbtest6 SET c='foobar' WHERE id=9670555
	Update on sbtest6  (cost=0.43..8.45 rows=0 width=0)
	  ->  Index Scan using sbtest6_pkey on sbtest6  (cost=0.43..8.45 rows=1 width=490)
	        Index Cond: (id = 9670555)

table 7 : explain UPDATE sbtest7 SET c='foobar' WHERE id=3651933
	Update on sbtest7  (cost=0.43..8.45 rows=0 width=0)
	  ->  Index Scan using sbtest7_pkey on sbtest7  (cost=0.43..8.45 rows=1 width=490)
	        Index Cond: (id = 3651933)

table 8 : explain UPDATE sbtest8 SET c='foobar' WHERE id=863117
	Update on sbtest8  (cost=0.43..8.45 rows=0 width=0)
	  ->  Index Scan using sbtest8_pkey on sbtest8  (cost=0.43..8.45 rows=1 width=490)
	        Index Cond: (id = 863117)

for: order_ranges
table 1 : explain SELECT c FROM sbtest1 WHERE id BETWEEN 1620622 AND 1620631 ORDER BY c
	Sort  (cost=39.81..39.83 rows=10 width=121)
	  Sort Key: c
	  ->  Index Scan using sbtest1_pkey on sbtest1  (cost=0.43..39.64 rows=10 width=121)
	        Index Cond: ((id >= 1620622) AND (id <= 1620631))

table 2 : explain SELECT c FROM sbtest2 WHERE id BETWEEN 4142810 AND 4142819 ORDER BY c
	Sort  (cost=36.37..36.39 rows=9 width=121)
	  Sort Key: c
	  ->  Index Scan using sbtest2_pkey on sbtest2  (cost=0.43..36.23 rows=9 width=121)
	        Index Cond: ((id >= 4142810) AND (id <= 4142819))

table 3 : explain SELECT c FROM sbtest3 WHERE id BETWEEN 3633123 AND 3633132 ORDER BY c
	Sort  (cost=39.86..39.89 rows=10 width=121)
	  Sort Key: c
	  ->  Index Scan using sbtest3_pkey on sbtest3  (cost=0.43..39.70 rows=10 width=121)
	        Index Cond: ((id >= 3633123) AND (id <= 3633132))

table 4 : explain SELECT c FROM sbtest4 WHERE id BETWEEN 7685651 AND 7685660 ORDER BY c
	Sort  (cost=39.48..39.50 rows=10 width=121)
	  Sort Key: c
	  ->  Index Scan using sbtest4_pkey on sbtest4  (cost=0.43..39.31 rows=10 width=121)
	        Index Cond: ((id >= 7685651) AND (id <= 7685660))

table 5 : explain SELECT c FROM sbtest5 WHERE id BETWEEN 7534515 AND 7534524 ORDER BY c
	Sort  (cost=39.19..39.22 rows=10 width=121)
	  Sort Key: c
	  ->  Index Scan using sbtest5_pkey on sbtest5  (cost=0.43..39.02 rows=10 width=121)
	        Index Cond: ((id >= 7534515) AND (id <= 7534524))

table 6 : explain SELECT c FROM sbtest6 WHERE id BETWEEN 9263410 AND 9263419 ORDER BY c
	Sort  (cost=35.98..36.01 rows=9 width=121)
	  Sort Key: c
	  ->  Index Scan using sbtest6_pkey on sbtest6  (cost=0.43..35.84 rows=9 width=121)
	        Index Cond: ((id >= 9263410) AND (id <= 9263419))

table 7 : explain SELECT c FROM sbtest7 WHERE id BETWEEN 5514211 AND 5514220 ORDER BY c
	Sort  (cost=39.49..39.52 rows=10 width=121)
	  Sort Key: c
	  ->  Index Scan using sbtest7_pkey on sbtest7  (cost=0.43..39.33 rows=10 width=121)
	        Index Cond: ((id >= 5514211) AND (id <= 5514220))

table 8 : explain SELECT c FROM sbtest8 WHERE id BETWEEN 2119001 AND 2119010 ORDER BY c
	Sort  (cost=39.63..39.66 rows=10 width=121)
	  Sort Key: c
	  ->  Index Scan using sbtest8_pkey on sbtest8  (cost=0.43..39.47 rows=10 width=121)
	        Index Cond: ((id >= 2119001) AND (id <= 2119010))

for point_selects
table 1 : explain SELECT c FROM sbtest1 WHERE id=9272443
	Index Scan using sbtest1_pkey on sbtest1  (cost=0.43..8.45 rows=1 width=121)
	  Index Cond: (id = 9272443)

table 2 : explain SELECT c FROM sbtest2 WHERE id=9435490
	Index Scan using sbtest2_pkey on sbtest2  (cost=0.43..8.45 rows=1 width=121)
	  Index Cond: (id = 9435490)

table 3 : explain SELECT c FROM sbtest3 WHERE id=8318823
	Index Scan using sbtest3_pkey on sbtest3  (cost=0.43..8.45 rows=1 width=121)
	  Index Cond: (id = 8318823)

table 4 : explain SELECT c FROM sbtest4 WHERE id=4526729
	Index Scan using sbtest4_pkey on sbtest4  (cost=0.43..8.45 rows=1 width=121)
	  Index Cond: (id = 4526729)

table 5 : explain SELECT c FROM sbtest5 WHERE id=4305282
	Index Scan using sbtest5_pkey on sbtest5  (cost=0.43..8.45 rows=1 width=121)
	  Index Cond: (id = 4305282)

table 6 : explain SELECT c FROM sbtest6 WHERE id=3642368
	Index Scan using sbtest6_pkey on sbtest6  (cost=0.43..8.45 rows=1 width=121)
	  Index Cond: (id = 3642368)

table 7 : explain SELECT c FROM sbtest7 WHERE id=2951593
	Index Scan using sbtest7_pkey on sbtest7  (cost=0.43..8.45 rows=1 width=121)
	  Index Cond: (id = 2951593)

table 8 : explain SELECT c FROM sbtest8 WHERE id=9964924
	Index Scan using sbtest8_pkey on sbtest8  (cost=0.43..8.45 rows=1 width=121)
	  Index Cond: (id = 9964924)

explain: for index_updates :: explain UPDATE sbtest%u SET k=k+1 WHERE id=%u
for: sum_ranges
table 1 : explain SELECT SUM(k) FROM sbtest1 WHERE id BETWEEN 390728 AND 390737
	Aggregate  (cost=39.67..39.68 rows=1 width=8)
	  ->  Index Scan using sbtest1_pkey on sbtest1  (cost=0.43..39.64 rows=10 width=4)
	        Index Cond: ((id >= 390728) AND (id <= 390737))

table 2 : explain SELECT SUM(k) FROM sbtest2 WHERE id BETWEEN 2280122 AND 2280131
	Aggregate  (cost=39.72..39.73 rows=1 width=8)
	  ->  Index Scan using sbtest2_pkey on sbtest2  (cost=0.43..39.70 rows=10 width=4)
	        Index Cond: ((id >= 2280122) AND (id <= 2280131))

table 3 : explain SELECT SUM(k) FROM sbtest3 WHERE id BETWEEN 7921443 AND 7921452
	Aggregate  (cost=39.72..39.73 rows=1 width=8)
	  ->  Index Scan using sbtest3_pkey on sbtest3  (cost=0.43..39.70 rows=10 width=4)
	        Index Cond: ((id >= 7921443) AND (id <= 7921452))

table 4 : explain SELECT SUM(k) FROM sbtest4 WHERE id BETWEEN 7308491 AND 7308500
	Aggregate  (cost=42.77..42.78 rows=1 width=8)
	  ->  Index Scan using sbtest4_pkey on sbtest4  (cost=0.43..42.74 rows=11 width=4)
	        Index Cond: ((id >= 7308491) AND (id <= 7308500))

table 5 : explain SELECT SUM(k) FROM sbtest5 WHERE id BETWEEN 4933500 AND 4933509
	Aggregate  (cost=39.05..39.06 rows=1 width=8)
	  ->  Index Scan using sbtest5_pkey on sbtest5  (cost=0.43..39.02 rows=10 width=4)
	        Index Cond: ((id >= 4933500) AND (id <= 4933509))

table 6 : explain SELECT SUM(k) FROM sbtest6 WHERE id BETWEEN 6560598 AND 6560607
	Aggregate  (cost=39.29..39.30 rows=1 width=8)
	  ->  Index Scan using sbtest6_pkey on sbtest6  (cost=0.43..39.26 rows=10 width=4)
	        Index Cond: ((id >= 6560598) AND (id <= 6560607))

table 7 : explain SELECT SUM(k) FROM sbtest7 WHERE id BETWEEN 8088654 AND 8088663
	Aggregate  (cost=39.35..39.36 rows=1 width=8)
	  ->  Index Scan using sbtest7_pkey on sbtest7  (cost=0.43..39.33 rows=10 width=4)
	        Index Cond: ((id >= 8088654) AND (id <= 8088663))

table 8 : explain SELECT SUM(k) FROM sbtest8 WHERE id BETWEEN 7517794 AND 7517803
	Aggregate  (cost=42.94..42.95 rows=1 width=8)
	  ->  Index Scan using sbtest8_pkey on sbtest8  (cost=0.43..42.91 rows=11 width=4)
	        Index Cond: ((id >= 7517794) AND (id <= 7517803))

for: sum_ranges
table 1 : explain SELECT SUM(k) FROM sbtest1 WHERE id BETWEEN 9954919 AND 9954928
	Aggregate  (cost=39.67..39.68 rows=1 width=8)
	  ->  Index Scan using sbtest1_pkey on sbtest1  (cost=0.43..39.64 rows=10 width=4)
	        Index Cond: ((id >= 9954919) AND (id <= 9954928))

table 2 : explain SELECT SUM(k) FROM sbtest2 WHERE id BETWEEN 6423621 AND 6423630
	Aggregate  (cost=43.20..43.21 rows=1 width=8)
	  ->  Index Scan using sbtest2_pkey on sbtest2  (cost=0.43..43.17 rows=11 width=4)
	        Index Cond: ((id >= 6423621) AND (id <= 6423630))

table 3 : explain SELECT SUM(k) FROM sbtest3 WHERE id BETWEEN 8430698 AND 8430707
	Aggregate  (cost=39.72..39.73 rows=1 width=8)
	  ->  Index Scan using sbtest3_pkey on sbtest3  (cost=0.43..39.70 rows=10 width=4)
	        Index Cond: ((id >= 8430698) AND (id <= 8430707))

table 4 : explain SELECT SUM(k) FROM sbtest4 WHERE id BETWEEN 3215997 AND 3216006
	Aggregate  (cost=39.34..39.35 rows=1 width=8)
	  ->  Index Scan using sbtest4_pkey on sbtest4  (cost=0.43..39.31 rows=10 width=4)
	        Index Cond: ((id >= 3215997) AND (id <= 3216006))

table 5 : explain SELECT SUM(k) FROM sbtest5 WHERE id BETWEEN 2184332 AND 2184341
	Aggregate  (cost=39.05..39.06 rows=1 width=8)
	  ->  Index Scan using sbtest5_pkey on sbtest5  (cost=0.43..39.02 rows=10 width=4)
	        Index Cond: ((id >= 2184332) AND (id <= 2184341))

table 6 : explain SELECT SUM(k) FROM sbtest6 WHERE id BETWEEN 1264405 AND 1264414
	Aggregate  (cost=39.29..39.30 rows=1 width=8)
	  ->  Index Scan using sbtest6_pkey on sbtest6  (cost=0.43..39.26 rows=10 width=4)
	        Index Cond: ((id >= 1264405) AND (id <= 1264414))

table 7 : explain SELECT SUM(k) FROM sbtest7 WHERE id BETWEEN 421068 AND 421077
	Aggregate  (cost=39.35..39.36 rows=1 width=8)
	  ->  Index Scan using sbtest7_pkey on sbtest7  (cost=0.43..39.33 rows=10 width=4)
	        Index Cond: ((id >= 421068) AND (id <= 421077))

table 8 : explain SELECT SUM(k) FROM sbtest8 WHERE id BETWEEN 9828828 AND 9828837
	Aggregate  (cost=39.49..39.50 rows=1 width=8)
	  ->  Index Scan using sbtest8_pkey on sbtest8  (cost=0.43..39.47 rows=10 width=4)
	        Index Cond: ((id >= 9828828) AND (id <= 9828837))

for: simple_ranges
table 1 : explain SELECT c FROM sbtest1 WHERE id BETWEEN 3882600 AND 3882609
	Index Scan using sbtest1_pkey on sbtest1  (cost=0.43..39.64 rows=10 width=121)
	  Index Cond: ((id >= 3882600) AND (id <= 3882609))

table 2 : explain SELECT c FROM sbtest2 WHERE id BETWEEN 8255311 AND 8255320
	Index Scan using sbtest2_pkey on sbtest2  (cost=0.43..39.70 rows=10 width=121)
	  Index Cond: ((id >= 8255311) AND (id <= 8255320))

table 3 : explain SELECT c FROM sbtest3 WHERE id BETWEEN 4281751 AND 4281760
	Index Scan using sbtest3_pkey on sbtest3  (cost=0.43..39.70 rows=10 width=121)
	  Index Cond: ((id >= 4281751) AND (id <= 4281760))

table 4 : explain SELECT c FROM sbtest4 WHERE id BETWEEN 855503 AND 855512
	Index Scan using sbtest4_pkey on sbtest4  (cost=0.43..39.31 rows=10 width=121)
	  Index Cond: ((id >= 855503) AND (id <= 855512))

table 5 : explain SELECT c FROM sbtest5 WHERE id BETWEEN 3146728 AND 3146737
	Index Scan using sbtest5_pkey on sbtest5  (cost=0.43..35.63 rows=9 width=121)
	  Index Cond: ((id >= 3146728) AND (id <= 3146737))

table 6 : explain SELECT c FROM sbtest6 WHERE id BETWEEN 8852154 AND 8852163
	Index Scan using sbtest6_pkey on sbtest6  (cost=0.43..39.26 rows=10 width=121)
	  Index Cond: ((id >= 8852154) AND (id <= 8852163))

table 7 : explain SELECT c FROM sbtest7 WHERE id BETWEEN 970247 AND 970256
	Index Scan using sbtest7_pkey on sbtest7  (cost=0.43..39.33 rows=10 width=121)
	  Index Cond: ((id >= 970247) AND (id <= 970256))

table 8 : explain SELECT c FROM sbtest8 WHERE id BETWEEN 9755138 AND 9755147
	Index Scan using sbtest8_pkey on sbtest8  (cost=0.43..42.91 rows=11 width=121)
	  Index Cond: ((id >= 9755138) AND (id <= 9755147))

explain: for deletes :: explain DELETE FROM sbtest%u WHERE id=%u
for: simple_ranges
table 1 : explain SELECT c FROM sbtest1 WHERE id BETWEEN 5169050 AND 5169059
	Index Scan using sbtest1_pkey on sbtest1  (cost=0.43..43.11 rows=11 width=121)
	  Index Cond: ((id >= 5169050) AND (id <= 5169059))

table 2 : explain SELECT c FROM sbtest2 WHERE id BETWEEN 9371152 AND 9371161
	Index Scan using sbtest2_pkey on sbtest2  (cost=0.43..39.70 rows=10 width=121)
	  Index Cond: ((id >= 9371152) AND (id <= 9371161))

table 3 : explain SELECT c FROM sbtest3 WHERE id BETWEEN 4416064 AND 4416073
	Index Scan using sbtest3_pkey on sbtest3  (cost=0.43..36.23 rows=9 width=121)
	  Index Cond: ((id >= 4416064) AND (id <= 4416073))

table 4 : explain SELECT c FROM sbtest4 WHERE id BETWEEN 6655060 AND 6655069
	Index Scan using sbtest4_pkey on sbtest4  (cost=0.43..39.31 rows=10 width=121)
	  Index Cond: ((id >= 6655060) AND (id <= 6655069))

table 5 : explain SELECT c FROM sbtest5 WHERE id BETWEEN 2104871 AND 2104880
	Index Scan using sbtest5_pkey on sbtest5  (cost=0.43..39.02 rows=10 width=121)
	  Index Cond: ((id >= 2104871) AND (id <= 2104880))

table 6 : explain SELECT c FROM sbtest6 WHERE id BETWEEN 3447258 AND 3447267
	Index Scan using sbtest6_pkey on sbtest6  (cost=0.43..39.26 rows=10 width=121)
	  Index Cond: ((id >= 3447258) AND (id <= 3447267))

table 7 : explain SELECT c FROM sbtest7 WHERE id BETWEEN 8765963 AND 8765972
	Index Scan using sbtest7_pkey on sbtest7  (cost=0.43..39.33 rows=10 width=121)
	  Index Cond: ((id >= 8765963) AND (id <= 8765972))

table 8 : explain SELECT c FROM sbtest8 WHERE id BETWEEN 1137853 AND 1137862
	Index Scan using sbtest8_pkey on sbtest8  (cost=0.43..39.47 rows=10 width=121)
	  Index Cond: ((id >= 1137853) AND (id <= 1137862))

for: simple_ranges
table 1 : explain SELECT c FROM sbtest1 WHERE id BETWEEN 5432139 AND 5432148
	Index Scan using sbtest1_pkey on sbtest1  (cost=0.43..43.11 rows=11 width=121)
	  Index Cond: ((id >= 5432139) AND (id <= 5432148))

table 2 : explain SELECT c FROM sbtest2 WHERE id BETWEEN 8964282 AND 8964291
	Index Scan using sbtest2_pkey on sbtest2  (cost=0.43..43.17 rows=11 width=121)
	  Index Cond: ((id >= 8964282) AND (id <= 8964291))

table 3 : explain SELECT c FROM sbtest3 WHERE id BETWEEN 166913 AND 166922
	Index Scan using sbtest3_pkey on sbtest3  (cost=0.43..39.70 rows=10 width=121)
	  Index Cond: ((id >= 166913) AND (id <= 166922))

table 4 : explain SELECT c FROM sbtest4 WHERE id BETWEEN 3213925 AND 3213934
	Index Scan using sbtest4_pkey on sbtest4  (cost=0.43..39.31 rows=10 width=121)
	  Index Cond: ((id >= 3213925) AND (id <= 3213934))

table 5 : explain SELECT c FROM sbtest5 WHERE id BETWEEN 9762091 AND 9762100
	Index Scan using sbtest5_pkey on sbtest5  (cost=0.43..39.02 rows=10 width=121)
	  Index Cond: ((id >= 9762091) AND (id <= 9762100))

table 6 : explain SELECT c FROM sbtest6 WHERE id BETWEEN 9938533 AND 9938542
	Index Scan using sbtest6_pkey on sbtest6  (cost=0.43..39.26 rows=10 width=121)
	  Index Cond: ((id >= 9938533) AND (id <= 9938542))

table 7 : explain SELECT c FROM sbtest7 WHERE id BETWEEN 3258348 AND 3258357
	Index Scan using sbtest7_pkey on sbtest7  (cost=0.43..35.90 rows=9 width=121)
	  Index Cond: ((id >= 3258348) AND (id <= 3258357))

table 8 : explain SELECT c FROM sbtest8 WHERE id BETWEEN 8479965 AND 8479974
	Index Scan using sbtest8_pkey on sbtest8  (cost=0.43..39.47 rows=10 width=121)
	  Index Cond: ((id >= 8479965) AND (id <= 8479974))
for inserts
table 1 : explain INSERT INTO sbtest1 (id, k, c, pad) VALUES (1798818, 13, 'foobar', 'foobar')
	Insert on sbtest1  (cost=0.00..0.01 rows=0 width=0)
	  ->  Result  (cost=0.00..0.01 rows=1 width=736)

table 2 : explain INSERT INTO sbtest2 (id, k, c, pad) VALUES (6252308, 13, 'foobar', 'foobar')
	Insert on sbtest2  (cost=0.00..0.01 rows=0 width=0)
	  ->  Result  (cost=0.00..0.01 rows=1 width=736)

table 3 : explain INSERT INTO sbtest3 (id, k, c, pad) VALUES (653592, 13, 'foobar', 'foobar')
	Insert on sbtest3  (cost=0.00..0.01 rows=0 width=0)
	  ->  Result  (cost=0.00..0.01 rows=1 width=736)

table 4 : explain INSERT INTO sbtest4 (id, k, c, pad) VALUES (4120349, 13, 'foobar', 'foobar')
	Insert on sbtest4  (cost=0.00..0.01 rows=0 width=0)
	  ->  Result  (cost=0.00..0.01 rows=1 width=736)

table 5 : explain INSERT INTO sbtest5 (id, k, c, pad) VALUES (1908639, 13, 'foobar', 'foobar')
	Insert on sbtest5  (cost=0.00..0.01 rows=0 width=0)
	  ->  Result  (cost=0.00..0.01 rows=1 width=736)

table 6 : explain INSERT INTO sbtest6 (id, k, c, pad) VALUES (1231990, 13, 'foobar', 'foobar')
	Insert on sbtest6  (cost=0.00..0.01 rows=0 width=0)
	  ->  Result  (cost=0.00..0.01 rows=1 width=736)

table 7 : explain INSERT INTO sbtest7 (id, k, c, pad) VALUES (1016981, 13, 'foobar', 'foobar')
	Insert on sbtest7  (cost=0.00..0.01 rows=0 width=0)
	  ->  Result  (cost=0.00..0.01 rows=1 width=736)

table 8 : explain INSERT INTO sbtest8 (id, k, c, pad) VALUES (8486506, 13, 'foobar', 'foobar')
	Insert on sbtest8  (cost=0.00..0.01 rows=0 width=0)
	  ->  Result  (cost=0.00..0.01 rows=1 width=736)


for index_updates
table 1 : explain UPDATE sbtest1 SET k=k+1 WHERE id=2227948
	Update on sbtest1  (cost=0.43..8.46 rows=0 width=0)
	  ->  Index Scan using sbtest1_pkey on sbtest1  (cost=0.43..8.46 rows=1 width=10)
	        Index Cond: (id = 2227948)

table 2 : explain UPDATE sbtest2 SET k=k+1 WHERE id=884680
	Update on sbtest2  (cost=0.43..8.46 rows=0 width=0)
	  ->  Index Scan using sbtest2_pkey on sbtest2  (cost=0.43..8.46 rows=1 width=10)
	        Index Cond: (id = 884680)

table 3 : explain UPDATE sbtest3 SET k=k+1 WHERE id=88276
	Update on sbtest3  (cost=0.43..8.46 rows=0 width=0)
	  ->  Index Scan using sbtest3_pkey on sbtest3  (cost=0.43..8.46 rows=1 width=10)
	        Index Cond: (id = 88276)

table 4 : explain UPDATE sbtest4 SET k=k+1 WHERE id=8551096
	Update on sbtest4  (cost=0.43..8.46 rows=0 width=0)
	  ->  Index Scan using sbtest4_pkey on sbtest4  (cost=0.43..8.46 rows=1 width=10)
	        Index Cond: (id = 8551096)

table 5 : explain UPDATE sbtest5 SET k=k+1 WHERE id=3774583
	Update on sbtest5  (cost=0.43..8.46 rows=0 width=0)
	  ->  Index Scan using sbtest5_pkey on sbtest5  (cost=0.43..8.46 rows=1 width=10)
	        Index Cond: (id = 3774583)

table 6 : explain UPDATE sbtest6 SET k=k+1 WHERE id=2881560
	Update on sbtest6  (cost=0.43..8.46 rows=0 width=0)
	  ->  Index Scan using sbtest6_pkey on sbtest6  (cost=0.43..8.46 rows=1 width=10)
	        Index Cond: (id = 2881560)

table 7 : explain UPDATE sbtest7 SET k=k+1 WHERE id=5333524
	Update on sbtest7  (cost=0.43..8.46 rows=0 width=0)
	  ->  Index Scan using sbtest7_pkey on sbtest7  (cost=0.43..8.46 rows=1 width=10)
	        Index Cond: (id = 5333524)

table 8 : explain UPDATE sbtest8 SET k=k+1 WHERE id=200175
	Update on sbtest8  (cost=0.43..8.46 rows=0 width=0)
	  ->  Index Scan using sbtest8_pkey on sbtest8  (cost=0.43..8.46 rows=1 width=10)
	        Index Cond: (id = 200175)

for: distinct_ranges
table 1 : explain SELECT DISTINCT c FROM sbtest1 WHERE id BETWEEN 2828489 AND 2828498 ORDER BY c
	Unique  (cost=39.81..39.86 rows=10 width=121)
	  ->  Sort  (cost=39.81..39.83 rows=10 width=121)
	        Sort Key: c
	        ->  Index Scan using sbtest1_pkey on sbtest1  (cost=0.43..39.64 rows=10 width=121)
	              Index Cond: ((id >= 2828489) AND (id <= 2828498))

table 2 : explain SELECT DISTINCT c FROM sbtest2 WHERE id BETWEEN 8646815 AND 8646824 ORDER BY c
	Unique  (cost=43.36..43.41 rows=11 width=121)
	  ->  Sort  (cost=43.36..43.39 rows=11 width=121)
	        Sort Key: c
	        ->  Index Scan using sbtest2_pkey on sbtest2  (cost=0.43..43.17 rows=11 width=121)
	              Index Cond: ((id >= 8646815) AND (id <= 8646824))

table 3 : explain SELECT DISTINCT c FROM sbtest3 WHERE id BETWEEN 1311185 AND 1311194 ORDER BY c
	Unique  (cost=39.86..39.91 rows=10 width=121)
	  ->  Sort  (cost=39.86..39.89 rows=10 width=121)
	        Sort Key: c
	        ->  Index Scan using sbtest3_pkey on sbtest3  (cost=0.43..39.70 rows=10 width=121)
	              Index Cond: ((id >= 1311185) AND (id <= 1311194))

table 4 : explain SELECT DISTINCT c FROM sbtest4 WHERE id BETWEEN 2301781 AND 2301790 ORDER BY c
	Unique  (cost=36.03..36.07 rows=9 width=121)
	  ->  Sort  (cost=36.03..36.05 rows=9 width=121)
	        Sort Key: c
	        ->  Index Scan using sbtest4_pkey on sbtest4  (cost=0.43..35.88 rows=9 width=121)
	              Index Cond: ((id >= 2301781) AND (id <= 2301790))

table 5 : explain SELECT DISTINCT c FROM sbtest5 WHERE id BETWEEN 1556093 AND 1556102 ORDER BY c
	Unique  (cost=39.19..39.24 rows=10 width=121)
	  ->  Sort  (cost=39.19..39.22 rows=10 width=121)
	        Sort Key: c
	        ->  Index Scan using sbtest5_pkey on sbtest5  (cost=0.43..39.02 rows=10 width=121)
	              Index Cond: ((id >= 1556093) AND (id <= 1556102))

table 6 : explain SELECT DISTINCT c FROM sbtest6 WHERE id BETWEEN 2364127 AND 2364136 ORDER BY c
	Unique  (cost=42.88..42.93 rows=11 width=121)
	  ->  Sort  (cost=42.88..42.91 rows=11 width=121)
	        Sort Key: c
	        ->  Index Scan using sbtest6_pkey on sbtest6  (cost=0.43..42.69 rows=11 width=121)
	              Index Cond: ((id >= 2364127) AND (id <= 2364136))

table 7 : explain SELECT DISTINCT c FROM sbtest7 WHERE id BETWEEN 239715 AND 239724 ORDER BY c
	Unique  (cost=42.95..43.00 rows=11 width=121)
	  ->  Sort  (cost=42.95..42.97 rows=11 width=121)
	        Sort Key: c
	        ->  Index Scan using sbtest7_pkey on sbtest7  (cost=0.43..42.76 rows=11 width=121)
	              Index Cond: ((id >= 239715) AND (id <= 239724))

table 8 : explain SELECT DISTINCT c FROM sbtest8 WHERE id BETWEEN 4423942 AND 4423951 ORDER BY c
	Unique  (cost=36.16..36.21 rows=9 width=121)
	  ->  Sort  (cost=36.16..36.19 rows=9 width=121)
	        Sort Key: c
	        ->  Index Scan using sbtest8_pkey on sbtest8  (cost=0.43..36.02 rows=9 width=121)
	              Index Cond: ((id >= 4423942) AND (id <= 4423951))

for non_index_updates
table 1 : explain UPDATE sbtest1 SET c='foobar' WHERE id=427455
	Update on sbtest1  (cost=0.43..8.45 rows=0 width=0)
	  ->  Index Scan using sbtest1_pkey on sbtest1  (cost=0.43..8.45 rows=1 width=490)
	        Index Cond: (id = 427455)

table 2 : explain UPDATE sbtest2 SET c='foobar' WHERE id=9847172
	Update on sbtest2  (cost=0.43..8.45 rows=0 width=0)
	  ->  Index Scan using sbtest2_pkey on sbtest2  (cost=0.43..8.45 rows=1 width=490)
	        Index Cond: (id = 9847172)

table 3 : explain UPDATE sbtest3 SET c='foobar' WHERE id=3266545
	Update on sbtest3  (cost=0.43..8.45 rows=0 width=0)
	  ->  Index Scan using sbtest3_pkey on sbtest3  (cost=0.43..8.45 rows=1 width=490)
	        Index Cond: (id = 3266545)

table 4 : explain UPDATE sbtest4 SET c='foobar' WHERE id=5766768
	Update on sbtest4  (cost=0.43..8.45 rows=0 width=0)
	  ->  Index Scan using sbtest4_pkey on sbtest4  (cost=0.43..8.45 rows=1 width=490)
	        Index Cond: (id = 5766768)

table 5 : explain UPDATE sbtest5 SET c='foobar' WHERE id=3033066
	Update on sbtest5  (cost=0.43..8.45 rows=0 width=0)
	  ->  Index Scan using sbtest5_pkey on sbtest5  (cost=0.43..8.45 rows=1 width=490)
	        Index Cond: (id = 3033066)

table 6 : explain UPDATE sbtest6 SET c='foobar' WHERE id=4567788
	Update on sbtest6  (cost=0.43..8.45 rows=0 width=0)
	  ->  Index Scan using sbtest6_pkey on sbtest6  (cost=0.43..8.45 rows=1 width=490)
	        Index Cond: (id = 4567788)

table 7 : explain UPDATE sbtest7 SET c='foobar' WHERE id=2609583
	Update on sbtest7  (cost=0.43..8.45 rows=0 width=0)
	  ->  Index Scan using sbtest7_pkey on sbtest7  (cost=0.43..8.45 rows=1 width=490)
	        Index Cond: (id = 2609583)

table 8 : explain UPDATE sbtest8 SET c='foobar' WHERE id=9736362
	Update on sbtest8  (cost=0.43..8.45 rows=0 width=0)
	  ->  Index Scan using sbtest8_pkey on sbtest8  (cost=0.43..8.45 rows=1 width=490)
	        Index Cond: (id = 9736362)

for: sum_ranges
table 1 : explain SELECT SUM(k) FROM sbtest1 WHERE id BETWEEN 1617680 AND 1617689
	Aggregate  (cost=39.67..39.68 rows=1 width=8)
	  ->  Index Scan using sbtest1_pkey on sbtest1  (cost=0.43..39.64 rows=10 width=4)
	        Index Cond: ((id >= 1617680) AND (id <= 1617689))

table 2 : explain SELECT SUM(k) FROM sbtest2 WHERE id BETWEEN 5084368 AND 5084377
	Aggregate  (cost=39.72..39.73 rows=1 width=8)
	  ->  Index Scan using sbtest2_pkey on sbtest2  (cost=0.43..39.70 rows=10 width=4)
	        Index Cond: ((id >= 5084368) AND (id <= 5084377))

table 3 : explain SELECT SUM(k) FROM sbtest3 WHERE id BETWEEN 504493 AND 504502
	Aggregate  (cost=39.72..39.73 rows=1 width=8)
	  ->  Index Scan using sbtest3_pkey on sbtest3  (cost=0.43..39.70 rows=10 width=4)
	        Index Cond: ((id >= 504493) AND (id <= 504502))

table 4 : explain SELECT SUM(k) FROM sbtest4 WHERE id BETWEEN 6962496 AND 6962505
	Aggregate  (cost=42.77..42.78 rows=1 width=8)
	  ->  Index Scan using sbtest4_pkey on sbtest4  (cost=0.43..42.74 rows=11 width=4)
	        Index Cond: ((id >= 6962496) AND (id <= 6962505))

table 5 : explain SELECT SUM(k) FROM sbtest5 WHERE id BETWEEN 9347142 AND 9347151
	Aggregate  (cost=39.05..39.06 rows=1 width=8)
	  ->  Index Scan using sbtest5_pkey on sbtest5  (cost=0.43..39.02 rows=10 width=4)
	        Index Cond: ((id >= 9347142) AND (id <= 9347151))

table 6 : explain SELECT SUM(k) FROM sbtest6 WHERE id BETWEEN 2641588 AND 2641597
	Aggregate  (cost=39.29..39.30 rows=1 width=8)
	  ->  Index Scan using sbtest6_pkey on sbtest6  (cost=0.43..39.26 rows=10 width=4)
	        Index Cond: ((id >= 2641588) AND (id <= 2641597))

table 7 : explain SELECT SUM(k) FROM sbtest7 WHERE id BETWEEN 6130304 AND 6130313
	Aggregate  (cost=42.78..42.79 rows=1 width=8)
	  ->  Index Scan using sbtest7_pkey on sbtest7  (cost=0.43..42.76 rows=11 width=4)
	        Index Cond: ((id >= 6130304) AND (id <= 6130313))

table 8 : explain SELECT SUM(k) FROM sbtest8 WHERE id BETWEEN 8668840 AND 8668849
	Aggregate  (cost=39.49..39.50 rows=1 width=8)
	  ->  Index Scan using sbtest8_pkey on sbtest8  (cost=0.43..39.47 rows=10 width=4)
	        Index Cond: ((id >= 8668840) AND (id <= 8668849))

for index_updates
table 1 : explain UPDATE sbtest1 SET k=k+1 WHERE id=1785718
	Update on sbtest1  (cost=0.43..8.46 rows=0 width=0)
	  ->  Index Scan using sbtest1_pkey on sbtest1  (cost=0.43..8.46 rows=1 width=10)
	        Index Cond: (id = 1785718)

table 2 : explain UPDATE sbtest2 SET k=k+1 WHERE id=3401936
	Update on sbtest2  (cost=0.43..8.46 rows=0 width=0)
	  ->  Index Scan using sbtest2_pkey on sbtest2  (cost=0.43..8.46 rows=1 width=10)
	        Index Cond: (id = 3401936)

table 3 : explain UPDATE sbtest3 SET k=k+1 WHERE id=3926885
	Update on sbtest3  (cost=0.43..8.46 rows=0 width=0)
	  ->  Index Scan using sbtest3_pkey on sbtest3  (cost=0.43..8.46 rows=1 width=10)
	        Index Cond: (id = 3926885)

table 4 : explain UPDATE sbtest4 SET k=k+1 WHERE id=7906126
	Update on sbtest4  (cost=0.43..8.46 rows=0 width=0)
	  ->  Index Scan using sbtest4_pkey on sbtest4  (cost=0.43..8.46 rows=1 width=10)
	        Index Cond: (id = 7906126)

table 5 : explain UPDATE sbtest5 SET k=k+1 WHERE id=7418424
	Update on sbtest5  (cost=0.43..8.46 rows=0 width=0)
	  ->  Index Scan using sbtest5_pkey on sbtest5  (cost=0.43..8.46 rows=1 width=10)
	        Index Cond: (id = 7418424)

table 6 : explain UPDATE sbtest6 SET k=k+1 WHERE id=1785719
	Update on sbtest6  (cost=0.43..8.46 rows=0 width=0)
	  ->  Index Scan using sbtest6_pkey on sbtest6  (cost=0.43..8.46 rows=1 width=10)
	        Index Cond: (id = 1785719)

table 7 : explain UPDATE sbtest7 SET k=k+1 WHERE id=8199813
	Update on sbtest7  (cost=0.43..8.46 rows=0 width=0)
	  ->  Index Scan using sbtest7_pkey on sbtest7  (cost=0.43..8.46 rows=1 width=10)
	        Index Cond: (id = 8199813)

table 8 : explain UPDATE sbtest8 SET k=k+1 WHERE id=4143577
	Update on sbtest8  (cost=0.43..8.46 rows=0 width=0)
	  ->  Index Scan using sbtest8_pkey on sbtest8  (cost=0.43..8.46 rows=1 width=10)
	        Index Cond: (id = 4143577)

explain: for deletes :: explain DELETE FROM sbtest%u WHERE id=%u
for deletes
table 1 : explain DELETE FROM sbtest1 WHERE id=6290964
	Delete on sbtest1  (cost=0.43..8.45 rows=0 width=0)
	  ->  Index Scan using sbtest1_pkey on sbtest1  (cost=0.43..8.45 rows=1 width=6)
	        Index Cond: (id = 6290964)

table 2 : explain DELETE FROM sbtest2 WHERE id=9714140
	Delete on sbtest2  (cost=0.43..8.45 rows=0 width=0)
	  ->  Index Scan using sbtest2_pkey on sbtest2  (cost=0.43..8.45 rows=1 width=6)
	        Index Cond: (id = 9714140)

table 3 : explain DELETE FROM sbtest3 WHERE id=7759517
	Delete on sbtest3  (cost=0.43..8.45 rows=0 width=0)
	  ->  Index Scan using sbtest3_pkey on sbtest3  (cost=0.43..8.45 rows=1 width=6)
	        Index Cond: (id = 7759517)

table 4 : explain DELETE FROM sbtest4 WHERE id=633260
	Delete on sbtest4  (cost=0.43..8.45 rows=0 width=0)
	  ->  Index Scan using sbtest4_pkey on sbtest4  (cost=0.43..8.45 rows=1 width=6)
	        Index Cond: (id = 633260)

table 5 : explain DELETE FROM sbtest5 WHERE id=2493557
	Delete on sbtest5  (cost=0.43..8.45 rows=0 width=0)
	  ->  Index Scan using sbtest5_pkey on sbtest5  (cost=0.43..8.45 rows=1 width=6)
	        Index Cond: (id = 2493557)

table 6 : explain DELETE FROM sbtest6 WHERE id=2870642
	Delete on sbtest6  (cost=0.43..8.45 rows=0 width=0)
	  ->  Index Scan using sbtest6_pkey on sbtest6  (cost=0.43..8.45 rows=1 width=6)
	        Index Cond: (id = 2870642)

table 7 : explain DELETE FROM sbtest7 WHERE id=1177895
	Delete on sbtest7  (cost=0.43..8.45 rows=0 width=0)
	  ->  Index Scan using sbtest7_pkey on sbtest7  (cost=0.43..8.45 rows=1 width=6)
	        Index Cond: (id = 1177895)

table 8 : explain DELETE FROM sbtest8 WHERE id=1847004
	Delete on sbtest8  (cost=0.43..8.45 rows=0 width=0)
	  ->  Index Scan using sbtest8_pkey on sbtest8  (cost=0.43..8.45 rows=1 width=6)
	        Index Cond: (id = 1847004)

explain: for non_index_updates :: explain UPDATE sbtest%u SET c='foobar' WHERE id=%u
explain: for point_selects :: explain SELECT c FROM sbtest%u WHERE id=%u
for: sum_ranges
table 1 : explain SELECT SUM(k) FROM sbtest1 WHERE id BETWEEN 9618125 AND 9618134
	Aggregate  (cost=36.20..36.21 rows=1 width=8)
	  ->  Index Scan using sbtest1_pkey on sbtest1  (cost=0.43..36.18 rows=9 width=4)
	        Index Cond: ((id >= 9618125) AND (id <= 9618134))

table 2 : explain SELECT SUM(k) FROM sbtest2 WHERE id BETWEEN 5747788 AND 5747797
	Aggregate  (cost=39.72..39.73 rows=1 width=8)
	  ->  Index Scan using sbtest2_pkey on sbtest2  (cost=0.43..39.70 rows=10 width=4)
	        Index Cond: ((id >= 5747788) AND (id <= 5747797))

table 3 : explain SELECT SUM(k) FROM sbtest3 WHERE id BETWEEN 4795938 AND 4795947
	Aggregate  (cost=36.25..36.26 rows=1 width=8)
	  ->  Index Scan using sbtest3_pkey on sbtest3  (cost=0.43..36.23 rows=9 width=4)
	        Index Cond: ((id >= 4795938) AND (id <= 4795947))

table 4 : explain SELECT SUM(k) FROM sbtest4 WHERE id BETWEEN 3701143 AND 3701152
	Aggregate  (cost=39.34..39.35 rows=1 width=8)
	  ->  Index Scan using sbtest4_pkey on sbtest4  (cost=0.43..39.31 rows=10 width=4)
	        Index Cond: ((id >= 3701143) AND (id <= 3701152))

table 5 : explain SELECT SUM(k) FROM sbtest5 WHERE id BETWEEN 2870971 AND 2870980
	Aggregate  (cost=39.05..39.06 rows=1 width=8)
	  ->  Index Scan using sbtest5_pkey on sbtest5  (cost=0.43..39.02 rows=10 width=4)
	        Index Cond: ((id >= 2870971) AND (id <= 2870980))

table 6 : explain SELECT SUM(k) FROM sbtest6 WHERE id BETWEEN 1921501 AND 1921510
	Aggregate  (cost=42.72..42.73 rows=1 width=8)
	  ->  Index Scan using sbtest6_pkey on sbtest6  (cost=0.43..42.69 rows=11 width=4)
	        Index Cond: ((id >= 1921501) AND (id <= 1921510))

table 7 : explain SELECT SUM(k) FROM sbtest7 WHERE id BETWEEN 3838634 AND 3838643
	Aggregate  (cost=35.92..35.93 rows=1 width=8)
	  ->  Index Scan using sbtest7_pkey on sbtest7  (cost=0.43..35.90 rows=9 width=4)
	        Index Cond: ((id >= 3838634) AND (id <= 3838643))

table 8 : explain SELECT SUM(k) FROM sbtest8 WHERE id BETWEEN 9840004 AND 9840013
	Aggregate  (cost=39.49..39.50 rows=1 width=8)
	  ->  Index Scan using sbtest8_pkey on sbtest8  (cost=0.43..39.47 rows=10 width=4)
	        Index Cond: ((id >= 9840004) AND (id <= 9840013))

for point_selects
table 1 : explain SELECT c FROM sbtest1 WHERE id=720830
	Index Scan using sbtest1_pkey on sbtest1  (cost=0.43..8.45 rows=1 width=121)
	  Index Cond: (id = 720830)

table 2 : explain SELECT c FROM sbtest2 WHERE id=7285065
	Index Scan using sbtest2_pkey on sbtest2  (cost=0.43..8.45 rows=1 width=121)
	  Index Cond: (id = 7285065)

table 3 : explain SELECT c FROM sbtest3 WHERE id=6576067
	Index Scan using sbtest3_pkey on sbtest3  (cost=0.43..8.45 rows=1 width=121)
	  Index Cond: (id = 6576067)

table 4 : explain SELECT c FROM sbtest4 WHERE id=972749
	Index Scan using sbtest4_pkey on sbtest4  (cost=0.43..8.45 rows=1 width=121)
	  Index Cond: (id = 972749)

table 5 : explain SELECT c FROM sbtest5 WHERE id=9624778
	Index Scan using sbtest5_pkey on sbtest5  (cost=0.43..8.45 rows=1 width=121)
	  Index Cond: (id = 9624778)

table 6 : explain SELECT c FROM sbtest6 WHERE id=3994033
	Index Scan using sbtest6_pkey on sbtest6  (cost=0.43..8.45 rows=1 width=121)
	  Index Cond: (id = 3994033)

table 7 : explain SELECT c FROM sbtest7 WHERE id=7615859
	Index Scan using sbtest7_pkey on sbtest7  (cost=0.43..8.45 rows=1 width=121)
	  Index Cond: (id = 7615859)

table 8 : explain SELECT c FROM sbtest8 WHERE id=3371764
	Index Scan using sbtest8_pkey on sbtest8  (cost=0.43..8.45 rows=1 width=121)
	  Index Cond: (id = 3371764)

for: sum_ranges
table 1 : explain SELECT SUM(k) FROM sbtest1 WHERE id BETWEEN 9298150 AND 9298159
	Aggregate  (cost=39.67..39.68 rows=1 width=8)
	  ->  Index Scan using sbtest1_pkey on sbtest1  (cost=0.43..39.64 rows=10 width=4)
	        Index Cond: ((id >= 9298150) AND (id <= 9298159))

table 2 : explain SELECT SUM(k) FROM sbtest2 WHERE id BETWEEN 225157 AND 225166
	Aggregate  (cost=39.72..39.73 rows=1 width=8)
	  ->  Index Scan using sbtest2_pkey on sbtest2  (cost=0.43..39.70 rows=10 width=4)
	        Index Cond: ((id >= 225157) AND (id <= 225166))

table 3 : explain SELECT SUM(k) FROM sbtest3 WHERE id BETWEEN 1988390 AND 1988399
	Aggregate  (cost=39.72..39.73 rows=1 width=8)
	  ->  Index Scan using sbtest3_pkey on sbtest3  (cost=0.43..39.70 rows=10 width=4)
	        Index Cond: ((id >= 1988390) AND (id <= 1988399))

table 4 : explain SELECT SUM(k) FROM sbtest4 WHERE id BETWEEN 8203893 AND 8203902
	Aggregate  (cost=35.91..35.92 rows=1 width=8)
	  ->  Index Scan using sbtest4_pkey on sbtest4  (cost=0.43..35.88 rows=9 width=4)
	        Index Cond: ((id >= 8203893) AND (id <= 8203902))

table 5 : explain SELECT SUM(k) FROM sbtest5 WHERE id BETWEEN 3592718 AND 3592727
	Aggregate  (cost=35.65..35.66 rows=1 width=8)
	  ->  Index Scan using sbtest5_pkey on sbtest5  (cost=0.43..35.63 rows=9 width=4)
	        Index Cond: ((id >= 3592718) AND (id <= 3592727))

table 6 : explain SELECT SUM(k) FROM sbtest6 WHERE id BETWEEN 3644225 AND 3644234
	Aggregate  (cost=35.86..35.87 rows=1 width=8)
	  ->  Index Scan using sbtest6_pkey on sbtest6  (cost=0.43..35.84 rows=9 width=4)
	        Index Cond: ((id >= 3644225) AND (id <= 3644234))

table 7 : explain SELECT SUM(k) FROM sbtest7 WHERE id BETWEEN 3288622 AND 3288631
	Aggregate  (cost=35.92..35.93 rows=1 width=8)
	  ->  Index Scan using sbtest7_pkey on sbtest7  (cost=0.43..35.90 rows=9 width=4)
	        Index Cond: ((id >= 3288622) AND (id <= 3288631))

table 8 : explain SELECT SUM(k) FROM sbtest8 WHERE id BETWEEN 269122 AND 269131
	Aggregate  (cost=39.49..39.50 rows=1 width=8)
	  ->  Index Scan using sbtest8_pkey on sbtest8  (cost=0.43..39.47 rows=10 width=4)
	        Index Cond: ((id >= 269122) AND (id <= 269131))

explain: for index_updates :: explain UPDATE sbtest%u SET k=k+1 WHERE id=%u
for: simple_ranges
table 1 : explain SELECT c FROM sbtest1 WHERE id BETWEEN 5521571 AND 5521580
	Index Scan using sbtest1_pkey on sbtest1  (cost=0.43..43.11 rows=11 width=121)
	  Index Cond: ((id >= 5521571) AND (id <= 5521580))

table 2 : explain SELECT c FROM sbtest2 WHERE id BETWEEN 1465752 AND 1465761
	Index Scan using sbtest2_pkey on sbtest2  (cost=0.43..36.23 rows=9 width=121)
	  Index Cond: ((id >= 1465752) AND (id <= 1465761))

table 3 : explain SELECT c FROM sbtest3 WHERE id BETWEEN 4966481 AND 4966490
	Index Scan using sbtest3_pkey on sbtest3  (cost=0.43..39.70 rows=10 width=121)
	  Index Cond: ((id >= 4966481) AND (id <= 4966490))

table 4 : explain SELECT c FROM sbtest4 WHERE id BETWEEN 581867 AND 581876
	Index Scan using sbtest4_pkey on sbtest4  (cost=0.43..42.74 rows=11 width=121)
	  Index Cond: ((id >= 581867) AND (id <= 581876))

table 5 : explain SELECT c FROM sbtest5 WHERE id BETWEEN 6438031 AND 6438040
	Index Scan using sbtest5_pkey on sbtest5  (cost=0.43..35.63 rows=9 width=121)
	  Index Cond: ((id >= 6438031) AND (id <= 6438040))

table 6 : explain SELECT c FROM sbtest6 WHERE id BETWEEN 2721968 AND 2721977
	Index Scan using sbtest6_pkey on sbtest6  (cost=0.43..39.26 rows=10 width=121)
	  Index Cond: ((id >= 2721968) AND (id <= 2721977))

table 7 : explain SELECT c FROM sbtest7 WHERE id BETWEEN 2014833 AND 2014842
	Index Scan using sbtest7_pkey on sbtest7  (cost=0.43..35.90 rows=9 width=121)
	  Index Cond: ((id >= 2014833) AND (id <= 2014842))

table 8 : explain SELECT c FROM sbtest8 WHERE id BETWEEN 6818501 AND 6818510
	Index Scan using sbtest8_pkey on sbtest8  (cost=0.43..36.02 rows=9 width=121)
	  Index Cond: ((id >= 6818501) AND (id <= 6818510))

for: simple_ranges
table 1 : explain SELECT c FROM sbtest1 WHERE id BETWEEN 4381722 AND 4381731
	Index Scan using sbtest1_pkey on sbtest1  (cost=0.43..39.64 rows=10 width=121)
	  Index Cond: ((id >= 4381722) AND (id <= 4381731))

table 2 : explain SELECT c FROM sbtest2 WHERE id BETWEEN 8776931 AND 8776940
	Index Scan using sbtest2_pkey on sbtest2  (cost=0.43..43.17 rows=11 width=121)
	  Index Cond: ((id >= 8776931) AND (id <= 8776940))

table 3 : explain SELECT c FROM sbtest3 WHERE id BETWEEN 2024086 AND 2024095
	Index Scan using sbtest3_pkey on sbtest3  (cost=0.43..39.70 rows=10 width=121)
	  Index Cond: ((id >= 2024086) AND (id <= 2024095))

table 4 : explain SELECT c FROM sbtest4 WHERE id BETWEEN 9952177 AND 9952186
	Index Scan using sbtest4_pkey on sbtest4  (cost=0.43..39.31 rows=10 width=121)
	  Index Cond: ((id >= 9952177) AND (id <= 9952186))

table 5 : explain SELECT c FROM sbtest5 WHERE id BETWEEN 1049223 AND 1049232
	Index Scan using sbtest5_pkey on sbtest5  (cost=0.43..39.02 rows=10 width=121)
	  Index Cond: ((id >= 1049223) AND (id <= 1049232))

table 6 : explain SELECT c FROM sbtest6 WHERE id BETWEEN 7222338 AND 7222347
	Index Scan using sbtest6_pkey on sbtest6  (cost=0.43..39.26 rows=10 width=121)
	  Index Cond: ((id >= 7222338) AND (id <= 7222347))

table 7 : explain SELECT c FROM sbtest7 WHERE id BETWEEN 1056309 AND 1056318
	Index Scan using sbtest7_pkey on sbtest7  (cost=0.43..39.33 rows=10 width=121)
	  Index Cond: ((id >= 1056309) AND (id <= 1056318))

table 8 : explain SELECT c FROM sbtest8 WHERE id BETWEEN 9145344 AND 9145353
	Index Scan using sbtest8_pkey on sbtest8  (cost=0.43..39.47 rows=10 width=121)
	  Index Cond: ((id >= 9145344) AND (id <= 9145353))

explain: for non_index_updates :: explain UPDATE sbtest%u SET c='foobar' WHERE id=%u
explain: for inserts :: explain INSERT INTO sbtest%u (id, k, c, pad) VALUES (%u, 13, 'foobar', 'foobar')
for: simple_ranges
table 1 : explain SELECT c FROM sbtest1 WHERE id BETWEEN 6761424 AND 6761433
	Index Scan using sbtest1_pkey on sbtest1  (cost=0.43..39.64 rows=10 width=121)
	  Index Cond: ((id >= 6761424) AND (id <= 6761433))

table 2 : explain SELECT c FROM sbtest2 WHERE id BETWEEN 1489044 AND 1489053
	Index Scan using sbtest2_pkey on sbtest2  (cost=0.43..36.23 rows=9 width=121)
	  Index Cond: ((id >= 1489044) AND (id <= 1489053))

table 3 : explain SELECT c FROM sbtest3 WHERE id BETWEEN 9959630 AND 9959639
	Index Scan using sbtest3_pkey on sbtest3  (cost=0.43..39.70 rows=10 width=121)
	  Index Cond: ((id >= 9959630) AND (id <= 9959639))

table 4 : explain SELECT c FROM sbtest4 WHERE id BETWEEN 5029970 AND 5029979
	Index Scan using sbtest4_pkey on sbtest4  (cost=0.43..39.31 rows=10 width=121)
	  Index Cond: ((id >= 5029970) AND (id <= 5029979))

table 5 : explain SELECT c FROM sbtest5 WHERE id BETWEEN 8750599 AND 8750608
	Index Scan using sbtest5_pkey on sbtest5  (cost=0.43..35.63 rows=9 width=121)
	  Index Cond: ((id >= 8750599) AND (id <= 8750608))

table 6 : explain SELECT c FROM sbtest6 WHERE id BETWEEN 9634124 AND 9634133
	Index Scan using sbtest6_pkey on sbtest6  (cost=0.43..39.26 rows=10 width=121)
	  Index Cond: ((id >= 9634124) AND (id <= 9634133))

table 7 : explain SELECT c FROM sbtest7 WHERE id BETWEEN 909284 AND 909293
	Index Scan using sbtest7_pkey on sbtest7  (cost=0.43..39.33 rows=10 width=121)
	  Index Cond: ((id >= 909284) AND (id <= 909293))

table 8 : explain SELECT c FROM sbtest8 WHERE id BETWEEN 5787073 AND 5787082
	Index Scan using sbtest8_pkey on sbtest8  (cost=0.43..39.47 rows=10 width=121)
	  Index Cond: ((id >= 5787073) AND (id <= 5787082))

for: order_ranges
table 1 : explain SELECT c FROM sbtest1 WHERE id BETWEEN 4237675 AND 4237684 ORDER BY c
	Sort  (cost=43.30..43.33 rows=11 width=121)
	  Sort Key: c
	  ->  Index Scan using sbtest1_pkey on sbtest1  (cost=0.43..43.11 rows=11 width=121)
	        Index Cond: ((id >= 4237675) AND (id <= 4237684))

table 2 : explain SELECT c FROM sbtest2 WHERE id BETWEEN 5133226 AND 5133235 ORDER BY c
	Sort  (cost=39.86..39.89 rows=10 width=121)
	  Sort Key: c
	  ->  Index Scan using sbtest2_pkey on sbtest2  (cost=0.43..39.70 rows=10 width=121)
	        Index Cond: ((id >= 5133226) AND (id <= 5133235))

table 3 : explain SELECT c FROM sbtest3 WHERE id BETWEEN 3165666 AND 3165675 ORDER BY c
	Sort  (cost=39.86..39.89 rows=10 width=121)
	  Sort Key: c
	  ->  Index Scan using sbtest3_pkey on sbtest3  (cost=0.43..39.70 rows=10 width=121)
	        Index Cond: ((id >= 3165666) AND (id <= 3165675))

table 4 : explain SELECT c FROM sbtest4 WHERE id BETWEEN 7411942 AND 7411951 ORDER BY c
	Sort  (cost=39.48..39.50 rows=10 width=121)
	  Sort Key: c
	  ->  Index Scan using sbtest4_pkey on sbtest4  (cost=0.43..39.31 rows=10 width=121)
	        Index Cond: ((id >= 7411942) AND (id <= 7411951))

table 5 : explain SELECT c FROM sbtest5 WHERE id BETWEEN 8091436 AND 8091445 ORDER BY c
	Sort  (cost=39.19..39.22 rows=10 width=121)
	  Sort Key: c
	  ->  Index Scan using sbtest5_pkey on sbtest5  (cost=0.43..39.02 rows=10 width=121)
	        Index Cond: ((id >= 8091436) AND (id <= 8091445))

table 6 : explain SELECT c FROM sbtest6 WHERE id BETWEEN 711182 AND 711191 ORDER BY c
	Sort  (cost=39.43..39.46 rows=10 width=121)
	  Sort Key: c
	  ->  Index Scan using sbtest6_pkey on sbtest6  (cost=0.43..39.26 rows=10 width=121)
	        Index Cond: ((id >= 711182) AND (id <= 711191))

table 7 : explain SELECT c FROM sbtest7 WHERE id BETWEEN 7886128 AND 7886137 ORDER BY c
	Sort  (cost=36.04..36.06 rows=9 width=121)
	  Sort Key: c
	  ->  Index Scan using sbtest7_pkey on sbtest7  (cost=0.43..35.90 rows=9 width=121)
	        Index Cond: ((id >= 7886128) AND (id <= 7886137))

table 8 : explain SELECT c FROM sbtest8 WHERE id BETWEEN 6561598 AND 6561607 ORDER BY c
	Sort  (cost=39.63..39.66 rows=10 width=121)
	  Sort Key: c
	  ->  Index Scan using sbtest8_pkey on sbtest8  (cost=0.43..39.47 rows=10 width=121)
	        Index Cond: ((id >= 6561598) AND (id <= 6561607))

for non_index_updates
table 1 : explain UPDATE sbtest1 SET c='foobar' WHERE id=2292430
	Update on sbtest1  (cost=0.43..8.45 rows=0 width=0)
	  ->  Index Scan using sbtest1_pkey on sbtest1  (cost=0.43..8.45 rows=1 width=490)
	        Index Cond: (id = 2292430)

table 2 : explain UPDATE sbtest2 SET c='foobar' WHERE id=1191595
	Update on sbtest2  (cost=0.43..8.45 rows=0 width=0)
	  ->  Index Scan using sbtest2_pkey on sbtest2  (cost=0.43..8.45 rows=1 width=490)
	        Index Cond: (id = 1191595)

table 3 : explain UPDATE sbtest3 SET c='foobar' WHERE id=1905844
	Update on sbtest3  (cost=0.43..8.45 rows=0 width=0)
	  ->  Index Scan using sbtest3_pkey on sbtest3  (cost=0.43..8.45 rows=1 width=490)
	        Index Cond: (id = 1905844)

table 4 : explain UPDATE sbtest4 SET c='foobar' WHERE id=2730093
	Update on sbtest4  (cost=0.43..8.45 rows=0 width=0)
	  ->  Index Scan using sbtest4_pkey on sbtest4  (cost=0.43..8.45 rows=1 width=490)
	        Index Cond: (id = 2730093)

table 5 : explain UPDATE sbtest5 SET c='foobar' WHERE id=2380644
	Update on sbtest5  (cost=0.43..8.45 rows=0 width=0)
	  ->  Index Scan using sbtest5_pkey on sbtest5  (cost=0.43..8.45 rows=1 width=490)
	        Index Cond: (id = 2380644)

table 6 : explain UPDATE sbtest6 SET c='foobar' WHERE id=5458776
	Update on sbtest6  (cost=0.43..8.45 rows=0 width=0)
	  ->  Index Scan using sbtest6_pkey on sbtest6  (cost=0.43..8.45 rows=1 width=490)
	        Index Cond: (id = 5458776)

table 7 : explain UPDATE sbtest7 SET c='foobar' WHERE id=6407699
	Update on sbtest7  (cost=0.43..8.45 rows=0 width=0)
	  ->  Index Scan using sbtest7_pkey on sbtest7  (cost=0.43..8.45 rows=1 width=490)
	        Index Cond: (id = 6407699)

table 8 : explain UPDATE sbtest8 SET c='foobar' WHERE id=9817839
	Update on sbtest8  (cost=0.43..8.45 rows=0 width=0)
	  ->  Index Scan using sbtest8_pkey on sbtest8  (cost=0.43..8.45 rows=1 width=490)
	        Index Cond: (id = 9817839)

for: order_ranges
table 1 : explain SELECT c FROM sbtest1 WHERE id BETWEEN 2700644 AND 2700653 ORDER BY c
	Sort  (cost=36.32..36.34 rows=9 width=121)
	  Sort Key: c
	  ->  Index Scan using sbtest1_pkey on sbtest1  (cost=0.43..36.18 rows=9 width=121)
	        Index Cond: ((id >= 2700644) AND (id <= 2700653))

table 2 : explain SELECT c FROM sbtest2 WHERE id BETWEEN 3703265 AND 3703274 ORDER BY c
	Sort  (cost=36.37..36.39 rows=9 width=121)
	  Sort Key: c
	  ->  Index Scan using sbtest2_pkey on sbtest2  (cost=0.43..36.23 rows=9 width=121)
	        Index Cond: ((id >= 3703265) AND (id <= 3703274))

table 3 : explain SELECT c FROM sbtest3 WHERE id BETWEEN 2034839 AND 2034848 ORDER BY c
	Sort  (cost=39.86..39.89 rows=10 width=121)
	  Sort Key: c
	  ->  Index Scan using sbtest3_pkey on sbtest3  (cost=0.43..39.70 rows=10 width=121)
	        Index Cond: ((id >= 2034839) AND (id <= 2034848))

table 4 : explain SELECT c FROM sbtest4 WHERE id BETWEEN 8518436 AND 8518445 ORDER BY c
	Sort  (cost=42.93..42.96 rows=11 width=121)
	  Sort Key: c
	  ->  Index Scan using sbtest4_pkey on sbtest4  (cost=0.43..42.74 rows=11 width=121)
	        Index Cond: ((id >= 8518436) AND (id <= 8518445))

table 5 : explain SELECT c FROM sbtest5 WHERE id BETWEEN 4543952 AND 4543961 ORDER BY c
	Sort  (cost=35.77..35.79 rows=9 width=121)
	  Sort Key: c
	  ->  Index Scan using sbtest5_pkey on sbtest5  (cost=0.43..35.63 rows=9 width=121)
	        Index Cond: ((id >= 4543952) AND (id <= 4543961))

table 6 : explain SELECT c FROM sbtest6 WHERE id BETWEEN 6128532 AND 6128541 ORDER BY c
	Sort  (cost=39.43..39.46 rows=10 width=121)
	  Sort Key: c
	  ->  Index Scan using sbtest6_pkey on sbtest6  (cost=0.43..39.26 rows=10 width=121)
	        Index Cond: ((id >= 6128532) AND (id <= 6128541))

table 7 : explain SELECT c FROM sbtest7 WHERE id BETWEEN 8275977 AND 8275986 ORDER BY c
	Sort  (cost=39.49..39.52 rows=10 width=121)
	  Sort Key: c
	  ->  Index Scan using sbtest7_pkey on sbtest7  (cost=0.43..39.33 rows=10 width=121)
	        Index Cond: ((id >= 8275977) AND (id <= 8275986))

table 8 : explain SELECT c FROM sbtest8 WHERE id BETWEEN 6180873 AND 6180882 ORDER BY c
	Sort  (cost=39.63..39.66 rows=10 width=121)
	  Sort Key: c
	  ->  Index Scan using sbtest8_pkey on sbtest8  (cost=0.43..39.47 rows=10 width=121)
	        Index Cond: ((id >= 6180873) AND (id <= 6180882))

for: order_ranges
table 1 : explain SELECT c FROM sbtest1 WHERE id BETWEEN 4387239 AND 4387248 ORDER BY c
	Sort  (cost=39.81..39.83 rows=10 width=121)
	  Sort Key: c
	  ->  Index Scan using sbtest1_pkey on sbtest1  (cost=0.43..39.64 rows=10 width=121)
	        Index Cond: ((id >= 4387239) AND (id <= 4387248))

table 2 : explain SELECT c FROM sbtest2 WHERE id BETWEEN 7312721 AND 7312730 ORDER BY c
	Sort  (cost=39.86..39.89 rows=10 width=121)
	  Sort Key: c
	  ->  Index Scan using sbtest2_pkey on sbtest2  (cost=0.43..39.70 rows=10 width=121)
	        Index Cond: ((id >= 7312721) AND (id <= 7312730))

table 3 : explain SELECT c FROM sbtest3 WHERE id BETWEEN 6708139 AND 6708148 ORDER BY c
	Sort  (cost=39.86..39.89 rows=10 width=121)
	  Sort Key: c
	  ->  Index Scan using sbtest3_pkey on sbtest3  (cost=0.43..39.70 rows=10 width=121)
	        Index Cond: ((id >= 6708139) AND (id <= 6708148))

table 4 : explain SELECT c FROM sbtest4 WHERE id BETWEEN 5475992 AND 5476001 ORDER BY c
	Sort  (cost=39.48..39.50 rows=10 width=121)
	  Sort Key: c
	  ->  Index Scan using sbtest4_pkey on sbtest4  (cost=0.43..39.31 rows=10 width=121)
	        Index Cond: ((id >= 5475992) AND (id <= 5476001))

table 5 : explain SELECT c FROM sbtest5 WHERE id BETWEEN 5643445 AND 5643454 ORDER BY c
	Sort  (cost=39.19..39.22 rows=10 width=121)
	  Sort Key: c
	  ->  Index Scan using sbtest5_pkey on sbtest5  (cost=0.43..39.02 rows=10 width=121)
	        Index Cond: ((id >= 5643445) AND (id <= 5643454))

table 6 : explain SELECT c FROM sbtest6 WHERE id BETWEEN 2995039 AND 2995048 ORDER BY c
	Sort  (cost=39.43..39.46 rows=10 width=121)
	  Sort Key: c
	  ->  Index Scan using sbtest6_pkey on sbtest6  (cost=0.43..39.26 rows=10 width=121)
	        Index Cond: ((id >= 2995039) AND (id <= 2995048))

table 7 : explain SELECT c FROM sbtest7 WHERE id BETWEEN 71003 AND 71012 ORDER BY c
	Sort  (cost=39.49..39.52 rows=10 width=121)
	  Sort Key: c
	  ->  Index Scan using sbtest7_pkey on sbtest7  (cost=0.43..39.33 rows=10 width=121)
	        Index Cond: ((id >= 71003) AND (id <= 71012))

table 8 : explain SELECT c FROM sbtest8 WHERE id BETWEEN 5157377 AND 5157386 ORDER BY c
	Sort  (cost=39.63..39.66 rows=10 width=121)
	  Sort Key: c
	  ->  Index Scan using sbtest8_pkey on sbtest8  (cost=0.43..39.47 rows=10 width=121)
	        Index Cond: ((id >= 5157377) AND (id <= 5157386))

for index_updates
table 1 : explain UPDATE sbtest1 SET k=k+1 WHERE id=3527941
	Update on sbtest1  (cost=0.43..8.46 rows=0 width=0)
	  ->  Index Scan using sbtest1_pkey on sbtest1  (cost=0.43..8.46 rows=1 width=10)
	        Index Cond: (id = 3527941)

table 2 : explain UPDATE sbtest2 SET k=k+1 WHERE id=6451165
	Update on sbtest2  (cost=0.43..8.46 rows=0 width=0)
	  ->  Index Scan using sbtest2_pkey on sbtest2  (cost=0.43..8.46 rows=1 width=10)
	        Index Cond: (id = 6451165)

table 3 : explain UPDATE sbtest3 SET k=k+1 WHERE id=2126074
	Update on sbtest3  (cost=0.43..8.46 rows=0 width=0)
	  ->  Index Scan using sbtest3_pkey on sbtest3  (cost=0.43..8.46 rows=1 width=10)
	        Index Cond: (id = 2126074)

table 4 : explain UPDATE sbtest4 SET k=k+1 WHERE id=735378
	Update on sbtest4  (cost=0.43..8.46 rows=0 width=0)
	  ->  Index Scan using sbtest4_pkey on sbtest4  (cost=0.43..8.46 rows=1 width=10)
	        Index Cond: (id = 735378)

table 5 : explain UPDATE sbtest5 SET k=k+1 WHERE id=2136181
	Update on sbtest5  (cost=0.43..8.46 rows=0 width=0)
	  ->  Index Scan using sbtest5_pkey on sbtest5  (cost=0.43..8.46 rows=1 width=10)
	        Index Cond: (id = 2136181)

table 6 : explain UPDATE sbtest6 SET k=k+1 WHERE id=5504011
	Update on sbtest6  (cost=0.43..8.46 rows=0 width=0)
	  ->  Index Scan using sbtest6_pkey on sbtest6  (cost=0.43..8.46 rows=1 width=10)
	        Index Cond: (id = 5504011)

table 7 : explain UPDATE sbtest7 SET k=k+1 WHERE id=8577678
	Update on sbtest7  (cost=0.43..8.46 rows=0 width=0)
	  ->  Index Scan using sbtest7_pkey on sbtest7  (cost=0.43..8.46 rows=1 width=10)
	        Index Cond: (id = 8577678)

table 8 : explain UPDATE sbtest8 SET k=k+1 WHERE id=4040301
	Update on sbtest8  (cost=0.43..8.46 rows=0 width=0)
	  ->  Index Scan using sbtest8_pkey on sbtest8  (cost=0.43..8.46 rows=1 width=10)
	        Index Cond: (id = 4040301)
for: sum_ranges
table 1 : explain SELECT SUM(k) FROM sbtest1 WHERE id BETWEEN 7847164 AND 7847173
	Aggregate  (cost=43.14..43.15 rows=1 width=8)
	  ->  Index Scan using sbtest1_pkey on sbtest1  (cost=0.43..43.11 rows=11 width=4)
	        Index Cond: ((id >= 7847164) AND (id <= 7847173))

table 2 : explain SELECT SUM(k) FROM sbtest2 WHERE id BETWEEN 4997200 AND 4997209
	Aggregate  (cost=39.72..39.73 rows=1 width=8)
	  ->  Index Scan using sbtest2_pkey on sbtest2  (cost=0.43..39.70 rows=10 width=4)
	        Index Cond: ((id >= 4997200) AND (id <= 4997209))

table 3 : explain SELECT SUM(k) FROM sbtest3 WHERE id BETWEEN 8962970 AND 8962979
	Aggregate  (cost=39.72..39.73 rows=1 width=8)
	  ->  Index Scan using sbtest3_pkey on sbtest3  (cost=0.43..39.70 rows=10 width=4)
	        Index Cond: ((id >= 8962970) AND (id <= 8962979))

table 4 : explain SELECT SUM(k) FROM sbtest4 WHERE id BETWEEN 3836748 AND 3836757
	Aggregate  (cost=42.77..42.78 rows=1 width=8)
	  ->  Index Scan using sbtest4_pkey on sbtest4  (cost=0.43..42.74 rows=11 width=4)
	        Index Cond: ((id >= 3836748) AND (id <= 3836757))

table 5 : explain SELECT SUM(k) FROM sbtest5 WHERE id BETWEEN 3682006 AND 3682015
	Aggregate  (cost=42.45..42.46 rows=1 width=8)
	  ->  Index Scan using sbtest5_pkey on sbtest5  (cost=0.43..42.42 rows=11 width=4)
	        Index Cond: ((id >= 3682006) AND (id <= 3682015))

table 6 : explain SELECT SUM(k) FROM sbtest6 WHERE id BETWEEN 2248104 AND 2248113
	Aggregate  (cost=35.86..35.87 rows=1 width=8)
	  ->  Index Scan using sbtest6_pkey on sbtest6  (cost=0.43..35.84 rows=9 width=4)
	        Index Cond: ((id >= 2248104) AND (id <= 2248113))

table 7 : explain SELECT SUM(k) FROM sbtest7 WHERE id BETWEEN 5176486 AND 5176495
	Aggregate  (cost=39.35..39.36 rows=1 width=8)
	  ->  Index Scan using sbtest7_pkey on sbtest7  (cost=0.43..39.33 rows=10 width=4)
	        Index Cond: ((id >= 5176486) AND (id <= 5176495))

table 8 : explain SELECT SUM(k) FROM sbtest8 WHERE id BETWEEN 35620 AND 35629
	Aggregate  (cost=39.49..39.50 rows=1 width=8)
	  ->  Index Scan using sbtest8_pkey on sbtest8  (cost=0.43..39.47 rows=10 width=4)
	        Index Cond: ((id >= 35620) AND (id <= 35629))


explain: for deletes :: explain DELETE FROM sbtest%u WHERE id=%u
for: order_ranges
table 1 : explain SELECT c FROM sbtest1 WHERE id BETWEEN 1266797 AND 1266806 ORDER BY c
	Sort  (cost=39.81..39.83 rows=10 width=121)
	  Sort Key: c
	  ->  Index Scan using sbtest1_pkey on sbtest1  (cost=0.43..39.64 rows=10 width=121)
	        Index Cond: ((id >= 1266797) AND (id <= 1266806))

table 2 : explain SELECT c FROM sbtest2 WHERE id BETWEEN 2529909 AND 2529918 ORDER BY c
	Sort  (cost=39.86..39.89 rows=10 width=121)
	  Sort Key: c
	  ->  Index Scan using sbtest2_pkey on sbtest2  (cost=0.43..39.70 rows=10 width=121)
	        Index Cond: ((id >= 2529909) AND (id <= 2529918))

table 3 : explain SELECT c FROM sbtest3 WHERE id BETWEEN 5905433 AND 5905442 ORDER BY c
	Sort  (cost=39.86..39.89 rows=10 width=121)
	  Sort Key: c
	  ->  Index Scan using sbtest3_pkey on sbtest3  (cost=0.43..39.70 rows=10 width=121)
	        Index Cond: ((id >= 5905433) AND (id <= 5905442))

table 4 : explain SELECT c FROM sbtest4 WHERE id BETWEEN 7900528 AND 7900537 ORDER BY c
	Sort  (cost=39.48..39.50 rows=10 width=121)
	  Sort Key: c
	  ->  Index Scan using sbtest4_pkey on sbtest4  (cost=0.43..39.31 rows=10 width=121)
	        Index Cond: ((id >= 7900528) AND (id <= 7900537))

table 5 : explain SELECT c FROM sbtest5 WHERE id BETWEEN 8004156 AND 8004165 ORDER BY c
	Sort  (cost=42.61..42.64 rows=11 width=121)
	  Sort Key: c
	  ->  Index Scan using sbtest5_pkey on sbtest5  (cost=0.43..42.42 rows=11 width=121)
	        Index Cond: ((id >= 8004156) AND (id <= 8004165))

table 6 : explain SELECT c FROM sbtest6 WHERE id BETWEEN 15869 AND 15878 ORDER BY c
	Sort  (cost=39.43..39.46 rows=10 width=121)
	  Sort Key: c
	  ->  Index Scan using sbtest6_pkey on sbtest6  (cost=0.43..39.26 rows=10 width=121)
	        Index Cond: ((id >= 15869) AND (id <= 15878))

table 7 : explain SELECT c FROM sbtest7 WHERE id BETWEEN 4618500 AND 4618509 ORDER BY c
	Sort  (cost=36.04..36.06 rows=9 width=121)
	  Sort Key: c
	  ->  Index Scan using sbtest7_pkey on sbtest7  (cost=0.43..35.90 rows=9 width=121)
	        Index Cond: ((id >= 4618500) AND (id <= 4618509))

table 8 : explain SELECT c FROM sbtest8 WHERE id BETWEEN 1302608 AND 1302617 ORDER BY c
	Sort  (cost=39.63..39.66 rows=10 width=121)
	  Sort Key: c
	  ->  Index Scan using sbtest8_pkey on sbtest8  (cost=0.43..39.47 rows=10 width=121)
	        Index Cond: ((id >= 1302608) AND (id <= 1302617))

for inserts
table 1 : explain INSERT INTO sbtest1 (id, k, c, pad) VALUES (2393253, 13, 'foobar', 'foobar')
	Insert on sbtest1  (cost=0.00..0.01 rows=0 width=0)
	  ->  Result  (cost=0.00..0.01 rows=1 width=736)

table 2 : explain INSERT INTO sbtest2 (id, k, c, pad) VALUES (8716656, 13, 'foobar', 'foobar')
	Insert on sbtest2  (cost=0.00..0.01 rows=0 width=0)
	  ->  Result  (cost=0.00..0.01 rows=1 width=736)

table 3 : explain INSERT INTO sbtest3 (id, k, c, pad) VALUES (3061785, 13, 'foobar', 'foobar')
	Insert on sbtest3  (cost=0.00..0.01 rows=0 width=0)
	  ->  Result  (cost=0.00..0.01 rows=1 width=736)

table 4 : explain INSERT INTO sbtest4 (id, k, c, pad) VALUES (9395449, 13, 'foobar', 'foobar')
	Insert on sbtest4  (cost=0.00..0.01 rows=0 width=0)
	  ->  Result  (cost=0.00..0.01 rows=1 width=736)

table 5 : explain INSERT INTO sbtest5 (id, k, c, pad) VALUES (506505, 13, 'foobar', 'foobar')
	Insert on sbtest5  (cost=0.00..0.01 rows=0 width=0)
	  ->  Result  (cost=0.00..0.01 rows=1 width=736)

table 6 : explain INSERT INTO sbtest6 (id, k, c, pad) VALUES (3868906, 13, 'foobar', 'foobar')
	Insert on sbtest6  (cost=0.00..0.01 rows=0 width=0)
	  ->  Result  (cost=0.00..0.01 rows=1 width=736)

table 7 : explain INSERT INTO sbtest7 (id, k, c, pad) VALUES (8863033, 13, 'foobar', 'foobar')
	Insert on sbtest7  (cost=0.00..0.01 rows=0 width=0)
	  ->  Result  (cost=0.00..0.01 rows=1 width=736)

table 8 : explain INSERT INTO sbtest8 (id, k, c, pad) VALUES (3654266, 13, 'foobar', 'foobar')
	Insert on sbtest8  (cost=0.00..0.01 rows=0 width=0)
	  ->  Result  (cost=0.00..0.01 rows=1 width=736)

for: simple_ranges
table 1 : explain SELECT c FROM sbtest1 WHERE id BETWEEN 1743971 AND 1743980
	Index Scan using sbtest1_pkey on sbtest1  (cost=0.43..36.18 rows=9 width=121)
	  Index Cond: ((id >= 1743971) AND (id <= 1743980))

table 2 : explain SELECT c FROM sbtest2 WHERE id BETWEEN 6843989 AND 6843998
	Index Scan using sbtest2_pkey on sbtest2  (cost=0.43..43.17 rows=11 width=121)
	  Index Cond: ((id >= 6843989) AND (id <= 6843998))

table 3 : explain SELECT c FROM sbtest3 WHERE id BETWEEN 804818 AND 804827
	Index Scan using sbtest3_pkey on sbtest3  (cost=0.43..39.70 rows=10 width=121)
	  Index Cond: ((id >= 804818) AND (id <= 804827))

table 4 : explain SELECT c FROM sbtest4 WHERE id BETWEEN 1212246 AND 1212255
	Index Scan using sbtest4_pkey on sbtest4  (cost=0.43..39.31 rows=10 width=121)
	  Index Cond: ((id >= 1212246) AND (id <= 1212255))

table 5 : explain SELECT c FROM sbtest5 WHERE id BETWEEN 8336038 AND 8336047
	Index Scan using sbtest5_pkey on sbtest5  (cost=0.43..35.63 rows=9 width=121)
	  Index Cond: ((id >= 8336038) AND (id <= 8336047))

table 6 : explain SELECT c FROM sbtest6 WHERE id BETWEEN 4012696 AND 4012705
	Index Scan using sbtest6_pkey on sbtest6  (cost=0.43..39.26 rows=10 width=121)
	  Index Cond: ((id >= 4012696) AND (id <= 4012705))

table 7 : explain SELECT c FROM sbtest7 WHERE id BETWEEN 8296094 AND 8296103
	Index Scan using sbtest7_pkey on sbtest7  (cost=0.43..42.76 rows=11 width=121)
	  Index Cond: ((id >= 8296094) AND (id <= 8296103))

table 8 : explain SELECT c FROM sbtest8 WHERE id BETWEEN 3528303 AND 3528312
	Index Scan using sbtest8_pkey on sbtest8  (cost=0.43..39.47 rows=10 width=121)
	  Index Cond: ((id >= 3528303) AND (id <= 3528312))

for: order_ranges
table 1 : explain SELECT c FROM sbtest1 WHERE id BETWEEN 9533652 AND 9533661 ORDER BY c
	Sort  (cost=36.32..36.34 rows=9 width=121)
	  Sort Key: c
	  ->  Index Scan using sbtest1_pkey on sbtest1  (cost=0.43..36.18 rows=9 width=121)
	        Index Cond: ((id >= 9533652) AND (id <= 9533661))

table 2 : explain SELECT c FROM sbtest2 WHERE id BETWEEN 2484067 AND 2484076 ORDER BY c
	Sort  (cost=39.86..39.89 rows=10 width=121)
	  Sort Key: c
	  ->  Index Scan using sbtest2_pkey on sbtest2  (cost=0.43..39.70 rows=10 width=121)
	        Index Cond: ((id >= 2484067) AND (id <= 2484076))

table 3 : explain SELECT c FROM sbtest3 WHERE id BETWEEN 907187 AND 907196 ORDER BY c
	Sort  (cost=39.86..39.89 rows=10 width=121)
	  Sort Key: c
	  ->  Index Scan using sbtest3_pkey on sbtest3  (cost=0.43..39.70 rows=10 width=121)
	        Index Cond: ((id >= 907187) AND (id <= 907196))

table 4 : explain SELECT c FROM sbtest4 WHERE id BETWEEN 8478043 AND 8478052 ORDER BY c
	Sort  (cost=39.48..39.50 rows=10 width=121)
	  Sort Key: c
	  ->  Index Scan using sbtest4_pkey on sbtest4  (cost=0.43..39.31 rows=10 width=121)
	        Index Cond: ((id >= 8478043) AND (id <= 8478052))

table 5 : explain SELECT c FROM sbtest5 WHERE id BETWEEN 160166 AND 160175 ORDER BY c
	Sort  (cost=42.61..42.64 rows=11 width=121)
	  Sort Key: c
	  ->  Index Scan using sbtest5_pkey on sbtest5  (cost=0.43..42.42 rows=11 width=121)
	        Index Cond: ((id >= 160166) AND (id <= 160175))

table 6 : explain SELECT c FROM sbtest6 WHERE id BETWEEN 3837046 AND 3837055 ORDER BY c
	Sort  (cost=39.43..39.46 rows=10 width=121)
	  Sort Key: c
	  ->  Index Scan using sbtest6_pkey on sbtest6  (cost=0.43..39.26 rows=10 width=121)
	        Index Cond: ((id >= 3837046) AND (id <= 3837055))

table 7 : explain SELECT c FROM sbtest7 WHERE id BETWEEN 8933693 AND 8933702 ORDER BY c
	Sort  (cost=36.04..36.06 rows=9 width=121)
	  Sort Key: c
	  ->  Index Scan using sbtest7_pkey on sbtest7  (cost=0.43..35.90 rows=9 width=121)
	        Index Cond: ((id >= 8933693) AND (id <= 8933702))

table 8 : explain SELECT c FROM sbtest8 WHERE id BETWEEN 4224623 AND 4224632 ORDER BY c
	Sort  (cost=43.10..43.13 rows=11 width=121)
	  Sort Key: c
	  ->  Index Scan using sbtest8_pkey on sbtest8  (cost=0.43..42.91 rows=11 width=121)
	        Index Cond: ((id >= 4224623) AND (id <= 4224632))

for: distinct_ranges
table 1 : explain SELECT DISTINCT c FROM sbtest1 WHERE id BETWEEN 4215697 AND 4215706 ORDER BY c
	Unique  (cost=43.30..43.35 rows=11 width=121)
	  ->  Sort  (cost=43.30..43.33 rows=11 width=121)
	        Sort Key: c
	        ->  Index Scan using sbtest1_pkey on sbtest1  (cost=0.43..43.11 rows=11 width=121)
	              Index Cond: ((id >= 4215697) AND (id <= 4215706))

table 2 : explain SELECT DISTINCT c FROM sbtest2 WHERE id BETWEEN 2927445 AND 2927454 ORDER BY c
	Unique  (cost=36.37..36.41 rows=9 width=121)
	  ->  Sort  (cost=36.37..36.39 rows=9 width=121)
	        Sort Key: c
	        ->  Index Scan using sbtest2_pkey on sbtest2  (cost=0.43..36.23 rows=9 width=121)
	              Index Cond: ((id >= 2927445) AND (id <= 2927454))

table 3 : explain SELECT DISTINCT c FROM sbtest3 WHERE id BETWEEN 1119573 AND 1119582 ORDER BY c
	Unique  (cost=39.86..39.91 rows=10 width=121)
	  ->  Sort  (cost=39.86..39.89 rows=10 width=121)
	        Sort Key: c
	        ->  Index Scan using sbtest3_pkey on sbtest3  (cost=0.43..39.70 rows=10 width=121)
	              Index Cond: ((id >= 1119573) AND (id <= 1119582))

table 4 : explain SELECT DISTINCT c FROM sbtest4 WHERE id BETWEEN 6451744 AND 6451753 ORDER BY c
	Unique  (cost=42.93..42.99 rows=11 width=121)
	  ->  Sort  (cost=42.93..42.96 rows=11 width=121)
	        Sort Key: c
	        ->  Index Scan using sbtest4_pkey on sbtest4  (cost=0.43..42.74 rows=11 width=121)
	              Index Cond: ((id >= 6451744) AND (id <= 6451753))

table 5 : explain SELECT DISTINCT c FROM sbtest5 WHERE id BETWEEN 174247 AND 174256 ORDER BY c
	Unique  (cost=42.61..42.67 rows=11 width=121)
	  ->  Sort  (cost=42.61..42.64 rows=11 width=121)
	        Sort Key: c
	        ->  Index Scan using sbtest5_pkey on sbtest5  (cost=0.43..42.42 rows=11 width=121)
	              Index Cond: ((id >= 174247) AND (id <= 174256))

table 6 : explain SELECT DISTINCT c FROM sbtest6 WHERE id BETWEEN 2342420 AND 2342429 ORDER BY c
	Unique  (cost=42.88..42.93 rows=11 width=121)
	  ->  Sort  (cost=42.88..42.91 rows=11 width=121)
	        Sort Key: c
	        ->  Index Scan using sbtest6_pkey on sbtest6  (cost=0.43..42.69 rows=11 width=121)
	              Index Cond: ((id >= 2342420) AND (id <= 2342429))

table 7 : explain SELECT DISTINCT c FROM sbtest7 WHERE id BETWEEN 786446 AND 786455 ORDER BY c
	Unique  (cost=39.49..39.54 rows=10 width=121)
	  ->  Sort  (cost=39.49..39.52 rows=10 width=121)
	        Sort Key: c
	        ->  Index Scan using sbtest7_pkey on sbtest7  (cost=0.43..39.33 rows=10 width=121)
	              Index Cond: ((id >= 786446) AND (id <= 786455))

table 8 : explain SELECT DISTINCT c FROM sbtest8 WHERE id BETWEEN 3451796 AND 3451805 ORDER BY c
	Unique  (cost=43.10..43.16 rows=11 width=121)
	  ->  Sort  (cost=43.10..43.13 rows=11 width=121)
	        Sort Key: c
	        ->  Index Scan using sbtest8_pkey on sbtest8  (cost=0.43..42.91 rows=11 width=121)
	              Index Cond: ((id >= 3451796) AND (id <= 3451805))

for: sum_ranges
table 1 : explain SELECT SUM(k) FROM sbtest1 WHERE id BETWEEN 7358985 AND 7358994
	Aggregate  (cost=39.67..39.68 rows=1 width=8)
	  ->  Index Scan using sbtest1_pkey on sbtest1  (cost=0.43..39.64 rows=10 width=4)
	        Index Cond: ((id >= 7358985) AND (id <= 7358994))

table 2 : explain SELECT SUM(k) FROM sbtest2 WHERE id BETWEEN 3335403 AND 3335412
	Aggregate  (cost=39.72..39.73 rows=1 width=8)
	  ->  Index Scan using sbtest2_pkey on sbtest2  (cost=0.43..39.70 rows=10 width=4)
	        Index Cond: ((id >= 3335403) AND (id <= 3335412))

table 3 : explain SELECT SUM(k) FROM sbtest3 WHERE id BETWEEN 1614896 AND 1614905
	Aggregate  (cost=43.20..43.21 rows=1 width=8)
	  ->  Index Scan using sbtest3_pkey on sbtest3  (cost=0.43..43.17 rows=11 width=4)
	        Index Cond: ((id >= 1614896) AND (id <= 1614905))

table 4 : explain SELECT SUM(k) FROM sbtest4 WHERE id BETWEEN 3323244 AND 3323253
	Aggregate  (cost=39.34..39.35 rows=1 width=8)
	  ->  Index Scan using sbtest4_pkey on sbtest4  (cost=0.43..39.31 rows=10 width=4)
	        Index Cond: ((id >= 3323244) AND (id <= 3323253))

table 5 : explain SELECT SUM(k) FROM sbtest5 WHERE id BETWEEN 8530427 AND 8530436
	Aggregate  (cost=35.65..35.66 rows=1 width=8)
	  ->  Index Scan using sbtest5_pkey on sbtest5  (cost=0.43..35.63 rows=9 width=4)
	        Index Cond: ((id >= 8530427) AND (id <= 8530436))

table 6 : explain SELECT SUM(k) FROM sbtest6 WHERE id BETWEEN 9641952 AND 9641961
	Aggregate  (cost=39.29..39.30 rows=1 width=8)
	  ->  Index Scan using sbtest6_pkey on sbtest6  (cost=0.43..39.26 rows=10 width=4)
	        Index Cond: ((id >= 9641952) AND (id <= 9641961))

table 7 : explain SELECT SUM(k) FROM sbtest7 WHERE id BETWEEN 8887774 AND 8887783
	Aggregate  (cost=35.92..35.93 rows=1 width=8)
	  ->  Index Scan using sbtest7_pkey on sbtest7  (cost=0.43..35.90 rows=9 width=4)
	        Index Cond: ((id >= 8887774) AND (id <= 8887783))

table 8 : explain SELECT SUM(k) FROM sbtest8 WHERE id BETWEEN 5493078 AND 5493087
	Aggregate  (cost=42.94..42.95 rows=1 width=8)
	  ->  Index Scan using sbtest8_pkey on sbtest8  (cost=0.43..42.91 rows=11 width=4)
	        Index Cond: ((id >= 5493078) AND (id <= 5493087))

for: distinct_ranges
table 1 : explain SELECT DISTINCT c FROM sbtest1 WHERE id BETWEEN 5125096 AND 5125105 ORDER BY c
	Unique  (cost=39.81..39.86 rows=10 width=121)
	  ->  Sort  (cost=39.81..39.83 rows=10 width=121)
	        Sort Key: c
	        ->  Index Scan using sbtest1_pkey on sbtest1  (cost=0.43..39.64 rows=10 width=121)
	              Index Cond: ((id >= 5125096) AND (id <= 5125105))

table 2 : explain SELECT DISTINCT c FROM sbtest2 WHERE id BETWEEN 8804037 AND 8804046 ORDER BY c
	Unique  (cost=43.36..43.41 rows=11 width=121)
	  ->  Sort  (cost=43.36..43.39 rows=11 width=121)
	        Sort Key: c
	        ->  Index Scan using sbtest2_pkey on sbtest2  (cost=0.43..43.17 rows=11 width=121)
	              Index Cond: ((id >= 8804037) AND (id <= 8804046))

table 3 : explain SELECT DISTINCT c FROM sbtest3 WHERE id BETWEEN 5405085 AND 5405094 ORDER BY c
	Unique  (cost=39.86..39.91 rows=10 width=121)
	  ->  Sort  (cost=39.86..39.89 rows=10 width=121)
	        Sort Key: c
	        ->  Index Scan using sbtest3_pkey on sbtest3  (cost=0.43..39.70 rows=10 width=121)
	              Index Cond: ((id >= 5405085) AND (id <= 5405094))

table 4 : explain SELECT DISTINCT c FROM sbtest4 WHERE id BETWEEN 852139 AND 852148 ORDER BY c
	Unique  (cost=39.48..39.53 rows=10 width=121)
	  ->  Sort  (cost=39.48..39.50 rows=10 width=121)
	        Sort Key: c
	        ->  Index Scan using sbtest4_pkey on sbtest4  (cost=0.43..39.31 rows=10 width=121)
	              Index Cond: ((id >= 852139) AND (id <= 852148))

table 5 : explain SELECT DISTINCT c FROM sbtest5 WHERE id BETWEEN 1395997 AND 1396006 ORDER BY c
	Unique  (cost=35.77..35.82 rows=9 width=121)
	  ->  Sort  (cost=35.77..35.79 rows=9 width=121)
	        Sort Key: c
	        ->  Index Scan using sbtest5_pkey on sbtest5  (cost=0.43..35.63 rows=9 width=121)
	              Index Cond: ((id >= 1395997) AND (id <= 1396006))

table 6 : explain SELECT DISTINCT c FROM sbtest6 WHERE id BETWEEN 9643696 AND 9643705 ORDER BY c
	Unique  (cost=39.43..39.48 rows=10 width=121)
	  ->  Sort  (cost=39.43..39.46 rows=10 width=121)
	        Sort Key: c
	        ->  Index Scan using sbtest6_pkey on sbtest6  (cost=0.43..39.26 rows=10 width=121)
	              Index Cond: ((id >= 9643696) AND (id <= 9643705))

table 7 : explain SELECT DISTINCT c FROM sbtest7 WHERE id BETWEEN 5352875 AND 5352884 ORDER BY c
	Unique  (cost=39.49..39.54 rows=10 width=121)
	  ->  Sort  (cost=39.49..39.52 rows=10 width=121)
	        Sort Key: c
	        ->  Index Scan using sbtest7_pkey on sbtest7  (cost=0.43..39.33 rows=10 width=121)
	              Index Cond: ((id >= 5352875) AND (id <= 5352884))

table 8 : explain SELECT DISTINCT c FROM sbtest8 WHERE id BETWEEN 5935274 AND 5935283 ORDER BY c
	Unique  (cost=36.16..36.21 rows=9 width=121)
	  ->  Sort  (cost=36.16..36.19 rows=9 width=121)
	        Sort Key: c
	        ->  Index Scan using sbtest8_pkey on sbtest8  (cost=0.43..36.02 rows=9 width=121)
	              Index Cond: ((id >= 5935274) AND (id <= 5935283))

for: sum_ranges
table 1 : explain SELECT SUM(k) FROM sbtest1 WHERE id BETWEEN 1457457 AND 1457466
	Aggregate  (cost=39.67..39.68 rows=1 width=8)
	  ->  Index Scan using sbtest1_pkey on sbtest1  (cost=0.43..39.64 rows=10 width=4)
	        Index Cond: ((id >= 1457457) AND (id <= 1457466))

table 2 : explain SELECT SUM(k) FROM sbtest2 WHERE id BETWEEN 42924 AND 42933
	Aggregate  (cost=39.72..39.73 rows=1 width=8)
	  ->  Index Scan using sbtest2_pkey on sbtest2  (cost=0.43..39.70 rows=10 width=4)
	        Index Cond: ((id >= 42924) AND (id <= 42933))

table 3 : explain SELECT SUM(k) FROM sbtest3 WHERE id BETWEEN 6004348 AND 6004357
	Aggregate  (cost=36.25..36.26 rows=1 width=8)
	  ->  Index Scan using sbtest3_pkey on sbtest3  (cost=0.43..36.23 rows=9 width=4)
	        Index Cond: ((id >= 6004348) AND (id <= 6004357))

table 4 : explain SELECT SUM(k) FROM sbtest4 WHERE id BETWEEN 9665312 AND 9665321
	Aggregate  (cost=39.34..39.35 rows=1 width=8)
	  ->  Index Scan using sbtest4_pkey on sbtest4  (cost=0.43..39.31 rows=10 width=4)
	        Index Cond: ((id >= 9665312) AND (id <= 9665321))

table 5 : explain SELECT SUM(k) FROM sbtest5 WHERE id BETWEEN 1553409 AND 1553418
	Aggregate  (cost=39.05..39.06 rows=1 width=8)
	  ->  Index Scan using sbtest5_pkey on sbtest5  (cost=0.43..39.02 rows=10 width=4)
	        Index Cond: ((id >= 1553409) AND (id <= 1553418))

table 6 : explain SELECT SUM(k) FROM sbtest6 WHERE id BETWEEN 8277548 AND 8277557
	Aggregate  (cost=39.29..39.30 rows=1 width=8)
	  ->  Index Scan using sbtest6_pkey on sbtest6  (cost=0.43..39.26 rows=10 width=4)
	        Index Cond: ((id >= 8277548) AND (id <= 8277557))

table 7 : explain SELECT SUM(k) FROM sbtest7 WHERE id BETWEEN 3275282 AND 3275291
	Aggregate  (cost=35.92..35.93 rows=1 width=8)
	  ->  Index Scan using sbtest7_pkey on sbtest7  (cost=0.43..35.90 rows=9 width=4)
	        Index Cond: ((id >= 3275282) AND (id <= 3275291))

table 8 : explain SELECT SUM(k) FROM sbtest8 WHERE id BETWEEN 1344732 AND 1344741
	Aggregate  (cost=39.49..39.50 rows=1 width=8)
	  ->  Index Scan using sbtest8_pkey on sbtest8  (cost=0.43..39.47 rows=10 width=4)
	        Index Cond: ((id >= 1344732) AND (id <= 1344741))

for non_index_updates
table 1 : explain UPDATE sbtest1 SET c='foobar' WHERE id=6427169
	Update on sbtest1  (cost=0.43..8.45 rows=0 width=0)
	  ->  Index Scan using sbtest1_pkey on sbtest1  (cost=0.43..8.45 rows=1 width=490)
	        Index Cond: (id = 6427169)

table 2 : explain UPDATE sbtest2 SET c='foobar' WHERE id=5336145
	Update on sbtest2  (cost=0.43..8.45 rows=0 width=0)
	  ->  Index Scan using sbtest2_pkey on sbtest2  (cost=0.43..8.45 rows=1 width=490)
	        Index Cond: (id = 5336145)

table 3 : explain UPDATE sbtest3 SET c='foobar' WHERE id=8853282
	Update on sbtest3  (cost=0.43..8.45 rows=0 width=0)
	  ->  Index Scan using sbtest3_pkey on sbtest3  (cost=0.43..8.45 rows=1 width=490)
	        Index Cond: (id = 8853282)

table 4 : explain UPDATE sbtest4 SET c='foobar' WHERE id=4643487
	Update on sbtest4  (cost=0.43..8.45 rows=0 width=0)
	  ->  Index Scan using sbtest4_pkey on sbtest4  (cost=0.43..8.45 rows=1 width=490)
	        Index Cond: (id = 4643487)

table 5 : explain UPDATE sbtest5 SET c='foobar' WHERE id=6465948
	Update on sbtest5  (cost=0.43..8.45 rows=0 width=0)
	  ->  Index Scan using sbtest5_pkey on sbtest5  (cost=0.43..8.45 rows=1 width=490)
	        Index Cond: (id = 6465948)

table 6 : explain UPDATE sbtest6 SET c='foobar' WHERE id=5028525
	Update on sbtest6  (cost=0.43..8.45 rows=0 width=0)
	  ->  Index Scan using sbtest6_pkey on sbtest6  (cost=0.43..8.45 rows=1 width=490)
	        Index Cond: (id = 5028525)

table 7 : explain UPDATE sbtest7 SET c='foobar' WHERE id=9400136
	Update on sbtest7  (cost=0.43..8.45 rows=0 width=0)
	  ->  Index Scan using sbtest7_pkey on sbtest7  (cost=0.43..8.45 rows=1 width=490)
	        Index Cond: (id = 9400136)

table 8 : explain UPDATE sbtest8 SET c='foobar' WHERE id=8411582
	Update on sbtest8  (cost=0.43..8.45 rows=0 width=0)
	  ->  Index Scan using sbtest8_pkey on sbtest8  (cost=0.43..8.45 rows=1 width=490)
	        Index Cond: (id = 8411582)

for: order_ranges
table 1 : explain SELECT c FROM sbtest1 WHERE id BETWEEN 7911471 AND 7911480 ORDER BY c
	Sort  (cost=43.30..43.33 rows=11 width=121)
	  Sort Key: c
	  ->  Index Scan using sbtest1_pkey on sbtest1  (cost=0.43..43.11 rows=11 width=121)
	        Index Cond: ((id >= 7911471) AND (id <= 7911480))

table 2 : explain SELECT c FROM sbtest2 WHERE id BETWEEN 6348320 AND 6348329 ORDER BY c
	Sort  (cost=43.36..43.39 rows=11 width=121)
	  Sort Key: c
	  ->  Index Scan using sbtest2_pkey on sbtest2  (cost=0.43..43.17 rows=11 width=121)
	        Index Cond: ((id >= 6348320) AND (id <= 6348329))

table 3 : explain SELECT c FROM sbtest3 WHERE id BETWEEN 2971217 AND 2971226 ORDER BY c
	Sort  (cost=39.86..39.89 rows=10 width=121)
	  Sort Key: c
	  ->  Index Scan using sbtest3_pkey on sbtest3  (cost=0.43..39.70 rows=10 width=121)
	        Index Cond: ((id >= 2971217) AND (id <= 2971226))

table 4 : explain SELECT c FROM sbtest4 WHERE id BETWEEN 1807083 AND 1807092 ORDER BY c
	Sort  (cost=39.48..39.50 rows=10 width=121)
	  Sort Key: c
	  ->  Index Scan using sbtest4_pkey on sbtest4  (cost=0.43..39.31 rows=10 width=121)
	        Index Cond: ((id >= 1807083) AND (id <= 1807092))

table 5 : explain SELECT c FROM sbtest5 WHERE id BETWEEN 4892762 AND 4892771 ORDER BY c
	Sort  (cost=39.19..39.22 rows=10 width=121)
	  Sort Key: c
	  ->  Index Scan using sbtest5_pkey on sbtest5  (cost=0.43..39.02 rows=10 width=121)
	        Index Cond: ((id >= 4892762) AND (id <= 4892771))

table 6 : explain SELECT c FROM sbtest6 WHERE id BETWEEN 8070213 AND 8070222 ORDER BY c
	Sort  (cost=35.98..36.01 rows=9 width=121)
	  Sort Key: c
	  ->  Index Scan using sbtest6_pkey on sbtest6  (cost=0.43..35.84 rows=9 width=121)
	        Index Cond: ((id >= 8070213) AND (id <= 8070222))

table 7 : explain SELECT c FROM sbtest7 WHERE id BETWEEN 3483801 AND 3483810 ORDER BY c
	Sort  (cost=42.95..42.97 rows=11 width=121)
	  Sort Key: c
	  ->  Index Scan using sbtest7_pkey on sbtest7  (cost=0.43..42.76 rows=11 width=121)
	        Index Cond: ((id >= 3483801) AND (id <= 3483810))

table 8 : explain SELECT c FROM sbtest8 WHERE id BETWEEN 5769950 AND 5769959 ORDER BY c
	Sort  (cost=39.63..39.66 rows=10 width=121)
	  Sort Key: c
	  ->  Index Scan using sbtest8_pkey on sbtest8  (cost=0.43..39.47 rows=10 width=121)
	        Index Cond: ((id >= 5769950) AND (id <= 5769959))

for deletes
table 1 : explain DELETE FROM sbtest1 WHERE id=5679184
	Delete on sbtest1  (cost=0.43..8.45 rows=0 width=0)
	  ->  Index Scan using sbtest1_pkey on sbtest1  (cost=0.43..8.45 rows=1 width=6)
	        Index Cond: (id = 5679184)

table 2 : explain DELETE FROM sbtest2 WHERE id=344569
	Delete on sbtest2  (cost=0.43..8.45 rows=0 width=0)
	  ->  Index Scan using sbtest2_pkey on sbtest2  (cost=0.43..8.45 rows=1 width=6)
	        Index Cond: (id = 344569)

table 3 : explain DELETE FROM sbtest3 WHERE id=6688031
	Delete on sbtest3  (cost=0.43..8.45 rows=0 width=0)
	  ->  Index Scan using sbtest3_pkey on sbtest3  (cost=0.43..8.45 rows=1 width=6)
	        Index Cond: (id = 6688031)

table 4 : explain DELETE FROM sbtest4 WHERE id=8123327
	Delete on sbtest4  (cost=0.43..8.45 rows=0 width=0)
	  ->  Index Scan using sbtest4_pkey on sbtest4  (cost=0.43..8.45 rows=1 width=6)
	        Index Cond: (id = 8123327)

table 5 : explain DELETE FROM sbtest5 WHERE id=665238
	Delete on sbtest5  (cost=0.43..8.45 rows=0 width=0)
	  ->  Index Scan using sbtest5_pkey on sbtest5  (cost=0.43..8.45 rows=1 width=6)
	        Index Cond: (id = 665238)

table 6 : explain DELETE FROM sbtest6 WHERE id=9450131
	Delete on sbtest6  (cost=0.43..8.45 rows=0 width=0)
	  ->  Index Scan using sbtest6_pkey on sbtest6  (cost=0.43..8.45 rows=1 width=6)
	        Index Cond: (id = 9450131)

table 7 : explain DELETE FROM sbtest7 WHERE id=2480468
	Delete on sbtest7  (cost=0.43..8.45 rows=0 width=0)
	  ->  Index Scan using sbtest7_pkey on sbtest7  (cost=0.43..8.45 rows=1 width=6)
	        Index Cond: (id = 2480468)

table 8 : explain DELETE FROM sbtest8 WHERE id=9742191
	Delete on sbtest8  (cost=0.43..8.45 rows=0 width=0)
	  ->  Index Scan using sbtest8_pkey on sbtest8  (cost=0.43..8.45 rows=1 width=6)
	        Index Cond: (id = 9742191)

explain: for non_index_updates :: explain UPDATE sbtest%u SET c='foobar' WHERE id=%u
explain: for deletes :: explain DELETE FROM sbtest%u WHERE id=%u
for: simple_ranges
table 1 : explain SELECT c FROM sbtest1 WHERE id BETWEEN 6957770 AND 6957779
	Index Scan using sbtest1_pkey on sbtest1  (cost=0.43..39.64 rows=10 width=121)
	  Index Cond: ((id >= 6957770) AND (id <= 6957779))

table 2 : explain SELECT c FROM sbtest2 WHERE id BETWEEN 1709430 AND 1709439
	Index Scan using sbtest2_pkey on sbtest2  (cost=0.43..36.23 rows=9 width=121)
	  Index Cond: ((id >= 1709430) AND (id <= 1709439))

table 3 : explain SELECT c FROM sbtest3 WHERE id BETWEEN 9779781 AND 9779790
	Index Scan using sbtest3_pkey on sbtest3  (cost=0.43..39.70 rows=10 width=121)
	  Index Cond: ((id >= 9779781) AND (id <= 9779790))

table 4 : explain SELECT c FROM sbtest4 WHERE id BETWEEN 921314 AND 921323
	Index Scan using sbtest4_pkey on sbtest4  (cost=0.43..39.31 rows=10 width=121)
	  Index Cond: ((id >= 921314) AND (id <= 921323))

table 5 : explain SELECT c FROM sbtest5 WHERE id BETWEEN 4175357 AND 4175366
	Index Scan using sbtest5_pkey on sbtest5  (cost=0.43..39.02 rows=10 width=121)
	  Index Cond: ((id >= 4175357) AND (id <= 4175366))

table 6 : explain SELECT c FROM sbtest6 WHERE id BETWEEN 9740365 AND 9740374
	Index Scan using sbtest6_pkey on sbtest6  (cost=0.43..39.26 rows=10 width=121)
	  Index Cond: ((id >= 9740365) AND (id <= 9740374))

table 7 : explain SELECT c FROM sbtest7 WHERE id BETWEEN 2205536 AND 2205545
	Index Scan using sbtest7_pkey on sbtest7  (cost=0.43..35.90 rows=9 width=121)
	  Index Cond: ((id >= 2205536) AND (id <= 2205545))

table 8 : explain SELECT c FROM sbtest8 WHERE id BETWEEN 7079429 AND 7079438
	Index Scan using sbtest8_pkey on sbtest8  (cost=0.43..36.02 rows=9 width=121)
	  Index Cond: ((id >= 7079429) AND (id <= 7079438))
for deletes
table 1 : explain DELETE FROM sbtest1 WHERE id=4370965
	Delete on sbtest1  (cost=0.43..8.45 rows=0 width=0)
	  ->  Index Scan using sbtest1_pkey on sbtest1  (cost=0.43..8.45 rows=1 width=6)
	        Index Cond: (id = 4370965)

table 2 : explain DELETE FROM sbtest2 WHERE id=1173920
	Delete on sbtest2  (cost=0.43..8.45 rows=0 width=0)
	  ->  Index Scan using sbtest2_pkey on sbtest2  (cost=0.43..8.45 rows=1 width=6)
	        Index Cond: (id = 1173920)

table 3 : explain DELETE FROM sbtest3 WHERE id=4736129
	Delete on sbtest3  (cost=0.43..8.45 rows=0 width=0)
	  ->  Index Scan using sbtest3_pkey on sbtest3  (cost=0.43..8.45 rows=1 width=6)
	        Index Cond: (id = 4736129)

table 4 : explain DELETE FROM sbtest4 WHERE id=6161520
	Delete on sbtest4  (cost=0.43..8.45 rows=0 width=0)
	  ->  Index Scan using sbtest4_pkey on sbtest4  (cost=0.43..8.45 rows=1 width=6)
	        Index Cond: (id = 6161520)

table 5 : explain DELETE FROM sbtest5 WHERE id=2515012
	Delete on sbtest5  (cost=0.43..8.45 rows=0 width=0)
	  ->  Index Scan using sbtest5_pkey on sbtest5  (cost=0.43..8.45 rows=1 width=6)
	        Index Cond: (id = 2515012)

table 6 : explain DELETE FROM sbtest6 WHERE id=8084076
	Delete on sbtest6  (cost=0.43..8.45 rows=0 width=0)
	  ->  Index Scan using sbtest6_pkey on sbtest6  (cost=0.43..8.45 rows=1 width=6)
	        Index Cond: (id = 8084076)

table 7 : explain DELETE FROM sbtest7 WHERE id=9356396
	Delete on sbtest7  (cost=0.43..8.45 rows=0 width=0)
	  ->  Index Scan using sbtest7_pkey on sbtest7  (cost=0.43..8.45 rows=1 width=6)
	        Index Cond: (id = 9356396)

table 8 : explain DELETE FROM sbtest8 WHERE id=2444850
	Delete on sbtest8  (cost=0.43..8.45 rows=0 width=0)
	  ->  Index Scan using sbtest8_pkey on sbtest8  (cost=0.43..8.45 rows=1 width=6)
	        Index Cond: (id = 2444850)
for: order_ranges
table 1 : explain SELECT c FROM sbtest1 WHERE id BETWEEN 3511162 AND 3511171 ORDER BY c
	Sort  (cost=43.30..43.33 rows=11 width=121)
	  Sort Key: c
	  ->  Index Scan using sbtest1_pkey on sbtest1  (cost=0.43..43.11 rows=11 width=121)
	        Index Cond: ((id >= 3511162) AND (id <= 3511171))

table 2 : explain SELECT c FROM sbtest2 WHERE id BETWEEN 9571011 AND 9571020 ORDER BY c
	Sort  (cost=43.36..43.39 rows=11 width=121)
	  Sort Key: c
	  ->  Index Scan using sbtest2_pkey on sbtest2  (cost=0.43..43.17 rows=11 width=121)
	        Index Cond: ((id >= 9571011) AND (id <= 9571020))

table 3 : explain SELECT c FROM sbtest3 WHERE id BETWEEN 1744559 AND 1744568 ORDER BY c
	Sort  (cost=39.86..39.89 rows=10 width=121)
	  Sort Key: c
	  ->  Index Scan using sbtest3_pkey on sbtest3  (cost=0.43..39.70 rows=10 width=121)
	        Index Cond: ((id >= 1744559) AND (id <= 1744568))

table 4 : explain SELECT c FROM sbtest4 WHERE id BETWEEN 9937683 AND 9937692 ORDER BY c
	Sort  (cost=39.48..39.50 rows=10 width=121)
	  Sort Key: c
	  ->  Index Scan using sbtest4_pkey on sbtest4  (cost=0.43..39.31 rows=10 width=121)
	        Index Cond: ((id >= 9937683) AND (id <= 9937692))

table 5 : explain SELECT c FROM sbtest5 WHERE id BETWEEN 4541216 AND 4541225 ORDER BY c
	Sort  (cost=35.77..35.79 rows=9 width=121)
	  Sort Key: c
	  ->  Index Scan using sbtest5_pkey on sbtest5  (cost=0.43..35.63 rows=9 width=121)
	        Index Cond: ((id >= 4541216) AND (id <= 4541225))

table 6 : explain SELECT c FROM sbtest6 WHERE id BETWEEN 8914769 AND 8914778 ORDER BY c
	Sort  (cost=39.43..39.46 rows=10 width=121)
	  Sort Key: c
	  ->  Index Scan using sbtest6_pkey on sbtest6  (cost=0.43..39.26 rows=10 width=121)
	        Index Cond: ((id >= 8914769) AND (id <= 8914778))

table 7 : explain SELECT c FROM sbtest7 WHERE id BETWEEN 1002084 AND 1002093 ORDER BY c
	Sort  (cost=39.49..39.52 rows=10 width=121)
	  Sort Key: c
	  ->  Index Scan using sbtest7_pkey on sbtest7  (cost=0.43..39.33 rows=10 width=121)
	        Index Cond: ((id >= 1002084) AND (id <= 1002093))

table 8 : explain SELECT c FROM sbtest8 WHERE id BETWEEN 648607 AND 648616 ORDER BY c
	Sort  (cost=39.63..39.66 rows=10 width=121)
	  Sort Key: c
	  ->  Index Scan using sbtest8_pkey on sbtest8  (cost=0.43..39.47 rows=10 width=121)
	        Index Cond: ((id >= 648607) AND (id <= 648616))


for: sum_ranges
table 1 : explain SELECT SUM(k) FROM sbtest1 WHERE id BETWEEN 309037 AND 309046
	Aggregate  (cost=39.67..39.68 rows=1 width=8)
	  ->  Index Scan using sbtest1_pkey on sbtest1  (cost=0.43..39.64 rows=10 width=4)
	        Index Cond: ((id >= 309037) AND (id <= 309046))

table 2 : explain SELECT SUM(k) FROM sbtest2 WHERE id BETWEEN 7543209 AND 7543218
	Aggregate  (cost=43.20..43.21 rows=1 width=8)
	  ->  Index Scan using sbtest2_pkey on sbtest2  (cost=0.43..43.17 rows=11 width=4)
	        Index Cond: ((id >= 7543209) AND (id <= 7543218))

table 3 : explain SELECT SUM(k) FROM sbtest3 WHERE id BETWEEN 7391439 AND 7391448
	Aggregate  (cost=39.72..39.73 rows=1 width=8)
	  ->  Index Scan using sbtest3_pkey on sbtest3  (cost=0.43..39.70 rows=10 width=4)
	        Index Cond: ((id >= 7391439) AND (id <= 7391448))

table 4 : explain SELECT SUM(k) FROM sbtest4 WHERE id BETWEEN 2432638 AND 2432647
	Aggregate  (cost=39.34..39.35 rows=1 width=8)
	  ->  Index Scan using sbtest4_pkey on sbtest4  (cost=0.43..39.31 rows=10 width=4)
	        Index Cond: ((id >= 2432638) AND (id <= 2432647))

table 5 : explain SELECT SUM(k) FROM sbtest5 WHERE id BETWEEN 3233835 AND 3233844
	Aggregate  (cost=39.05..39.06 rows=1 width=8)
	  ->  Index Scan using sbtest5_pkey on sbtest5  (cost=0.43..39.02 rows=10 width=4)
	        Index Cond: ((id >= 3233835) AND (id <= 3233844))

table 6 : explain SELECT SUM(k) FROM sbtest6 WHERE id BETWEEN 4303079 AND 4303088
	Aggregate  (cost=39.29..39.30 rows=1 width=8)
	  ->  Index Scan using sbtest6_pkey on sbtest6  (cost=0.43..39.26 rows=10 width=4)
	        Index Cond: ((id >= 4303079) AND (id <= 4303088))

table 7 : explain SELECT SUM(k) FROM sbtest7 WHERE id BETWEEN 8460955 AND 8460964
	Aggregate  (cost=42.78..42.79 rows=1 width=8)
	  ->  Index Scan using sbtest7_pkey on sbtest7  (cost=0.43..42.76 rows=11 width=4)
	        Index Cond: ((id >= 8460955) AND (id <= 8460964))

table 8 : explain SELECT SUM(k) FROM sbtest8 WHERE id BETWEEN 3573058 AND 3573067
	Aggregate  (cost=39.49..39.50 rows=1 width=8)
	  ->  Index Scan using sbtest8_pkey on sbtest8  (cost=0.43..39.47 rows=10 width=4)
	        Index Cond: ((id >= 3573058) AND (id <= 3573067))


for: order_ranges
table 1 : explain SELECT c FROM sbtest1 WHERE id BETWEEN 1957519 AND 1957528 ORDER BY c
	Sort  (cost=36.32..36.34 rows=9 width=121)
	  Sort Key: c
	  ->  Index Scan using sbtest1_pkey on sbtest1  (cost=0.43..36.18 rows=9 width=121)
	        Index Cond: ((id >= 1957519) AND (id <= 1957528))

table 2 : explain SELECT c FROM sbtest2 WHERE id BETWEEN 5853326 AND 5853335 ORDER BY c
	Sort  (cost=39.86..39.89 rows=10 width=121)
	  Sort Key: c
	  ->  Index Scan using sbtest2_pkey on sbtest2  (cost=0.43..39.70 rows=10 width=121)
	        Index Cond: ((id >= 5853326) AND (id <= 5853335))

table 3 : explain SELECT c FROM sbtest3 WHERE id BETWEEN 883167 AND 883176 ORDER BY c
	Sort  (cost=39.86..39.89 rows=10 width=121)
	  Sort Key: c
	  ->  Index Scan using sbtest3_pkey on sbtest3  (cost=0.43..39.70 rows=10 width=121)
	        Index Cond: ((id >= 883167) AND (id <= 883176))

table 4 : explain SELECT c FROM sbtest4 WHERE id BETWEEN 382873 AND 382882 ORDER BY c
	Sort  (cost=36.03..36.05 rows=9 width=121)
	  Sort Key: c
	  ->  Index Scan using sbtest4_pkey on sbtest4  (cost=0.43..35.88 rows=9 width=121)
	        Index Cond: ((id >= 382873) AND (id <= 382882))

table 5 : explain SELECT c FROM sbtest5 WHERE id BETWEEN 7798986 AND 7798995 ORDER BY c
	Sort  (cost=39.19..39.22 rows=10 width=121)
	  Sort Key: c
	  ->  Index Scan using sbtest5_pkey on sbtest5  (cost=0.43..39.02 rows=10 width=121)
	        Index Cond: ((id >= 7798986) AND (id <= 7798995))

table 6 : explain SELECT c FROM sbtest6 WHERE id BETWEEN 4769915 AND 4769924 ORDER BY c
	Sort  (cost=39.43..39.46 rows=10 width=121)
	  Sort Key: c
	  ->  Index Scan using sbtest6_pkey on sbtest6  (cost=0.43..39.26 rows=10 width=121)
	        Index Cond: ((id >= 4769915) AND (id <= 4769924))

table 7 : explain SELECT c FROM sbtest7 WHERE id BETWEEN 2660117 AND 2660126 ORDER BY c
	Sort  (cost=42.95..42.97 rows=11 width=121)
	  Sort Key: c
	  ->  Index Scan using sbtest7_pkey on sbtest7  (cost=0.43..42.76 rows=11 width=121)
	        Index Cond: ((id >= 2660117) AND (id <= 2660126))

table 8 : explain SELECT c FROM sbtest8 WHERE id BETWEEN 7335274 AND 7335283 ORDER BY c
	Sort  (cost=36.16..36.19 rows=9 width=121)
	  Sort Key: c
	  ->  Index Scan using sbtest8_pkey on sbtest8  (cost=0.43..36.02 rows=9 width=121)
	        Index Cond: ((id >= 7335274) AND (id <= 7335283))

explain: for index_updates :: explain UPDATE sbtest%u SET k=k+1 WHERE id=%u
for: sum_ranges
table 1 : explain SELECT SUM(k) FROM sbtest1 WHERE id BETWEEN 8934273 AND 8934282
	Aggregate  (cost=36.20..36.21 rows=1 width=8)
	  ->  Index Scan using sbtest1_pkey on sbtest1  (cost=0.43..36.18 rows=9 width=4)
	        Index Cond: ((id >= 8934273) AND (id <= 8934282))

table 2 : explain SELECT SUM(k) FROM sbtest2 WHERE id BETWEEN 3665316 AND 3665325
	Aggregate  (cost=36.25..36.26 rows=1 width=8)
	  ->  Index Scan using sbtest2_pkey on sbtest2  (cost=0.43..36.23 rows=9 width=4)
	        Index Cond: ((id >= 3665316) AND (id <= 3665325))

table 3 : explain SELECT SUM(k) FROM sbtest3 WHERE id BETWEEN 2719723 AND 2719732
	Aggregate  (cost=39.72..39.73 rows=1 width=8)
	  ->  Index Scan using sbtest3_pkey on sbtest3  (cost=0.43..39.70 rows=10 width=4)
	        Index Cond: ((id >= 2719723) AND (id <= 2719732))

table 4 : explain SELECT SUM(k) FROM sbtest4 WHERE id BETWEEN 3571904 AND 3571913
	Aggregate  (cost=35.91..35.92 rows=1 width=8)
	  ->  Index Scan using sbtest4_pkey on sbtest4  (cost=0.43..35.88 rows=9 width=4)
	        Index Cond: ((id >= 3571904) AND (id <= 3571913))

table 5 : explain SELECT SUM(k) FROM sbtest5 WHERE id BETWEEN 2851825 AND 2851834
	Aggregate  (cost=42.45..42.46 rows=1 width=8)
	  ->  Index Scan using sbtest5_pkey on sbtest5  (cost=0.43..42.42 rows=11 width=4)
	        Index Cond: ((id >= 2851825) AND (id <= 2851834))

table 6 : explain SELECT SUM(k) FROM sbtest6 WHERE id BETWEEN 7788189 AND 7788198
	Aggregate  (cost=39.29..39.30 rows=1 width=8)
	  ->  Index Scan using sbtest6_pkey on sbtest6  (cost=0.43..39.26 rows=10 width=4)
	        Index Cond: ((id >= 7788189) AND (id <= 7788198))

table 7 : explain SELECT SUM(k) FROM sbtest7 WHERE id BETWEEN 629723 AND 629732
	Aggregate  (cost=39.35..39.36 rows=1 width=8)
	  ->  Index Scan using sbtest7_pkey on sbtest7  (cost=0.43..39.33 rows=10 width=4)
	        Index Cond: ((id >= 629723) AND (id <= 629732))

table 8 : explain SELECT SUM(k) FROM sbtest8 WHERE id BETWEEN 5858024 AND 5858033
	Aggregate  (cost=36.04..36.05 rows=1 width=8)
	  ->  Index Scan using sbtest8_pkey on sbtest8  (cost=0.43..36.02 rows=9 width=4)
	        Index Cond: ((id >= 5858024) AND (id <= 5858033))

explain: for index_updates :: explain UPDATE sbtest%u SET k=k+1 WHERE id=%u
for: sum_ranges
table 1 : explain SELECT SUM(k) FROM sbtest1 WHERE id BETWEEN 5854467 AND 5854476
	Aggregate  (cost=39.67..39.68 rows=1 width=8)
	  ->  Index Scan using sbtest1_pkey on sbtest1  (cost=0.43..39.64 rows=10 width=4)
	        Index Cond: ((id >= 5854467) AND (id <= 5854476))

table 2 : explain SELECT SUM(k) FROM sbtest2 WHERE id BETWEEN 877191 AND 877200
	Aggregate  (cost=39.72..39.73 rows=1 width=8)
	  ->  Index Scan using sbtest2_pkey on sbtest2  (cost=0.43..39.70 rows=10 width=4)
	        Index Cond: ((id >= 877191) AND (id <= 877200))

table 3 : explain SELECT SUM(k) FROM sbtest3 WHERE id BETWEEN 9842129 AND 9842138
	Aggregate  (cost=39.72..39.73 rows=1 width=8)
	  ->  Index Scan using sbtest3_pkey on sbtest3  (cost=0.43..39.70 rows=10 width=4)
	        Index Cond: ((id >= 9842129) AND (id <= 9842138))

table 4 : explain SELECT SUM(k) FROM sbtest4 WHERE id BETWEEN 4711175 AND 4711184
	Aggregate  (cost=42.77..42.78 rows=1 width=8)
	  ->  Index Scan using sbtest4_pkey on sbtest4  (cost=0.43..42.74 rows=11 width=4)
	        Index Cond: ((id >= 4711175) AND (id <= 4711184))

table 5 : explain SELECT SUM(k) FROM sbtest5 WHERE id BETWEEN 8170498 AND 8170507
	Aggregate  (cost=39.05..39.06 rows=1 width=8)
	  ->  Index Scan using sbtest5_pkey on sbtest5  (cost=0.43..39.02 rows=10 width=4)
	        Index Cond: ((id >= 8170498) AND (id <= 8170507))

table 6 : explain SELECT SUM(k) FROM sbtest6 WHERE id BETWEEN 951729 AND 951738
	Aggregate  (cost=39.29..39.30 rows=1 width=8)
	  ->  Index Scan using sbtest6_pkey on sbtest6  (cost=0.43..39.26 rows=10 width=4)
	        Index Cond: ((id >= 951729) AND (id <= 951738))

table 7 : explain SELECT SUM(k) FROM sbtest7 WHERE id BETWEEN 4160797 AND 4160806
	Aggregate  (cost=39.35..39.36 rows=1 width=8)
	  ->  Index Scan using sbtest7_pkey on sbtest7  (cost=0.43..39.33 rows=10 width=4)
	        Index Cond: ((id >= 4160797) AND (id <= 4160806))

table 8 : explain SELECT SUM(k) FROM sbtest8 WHERE id BETWEEN 4711343 AND 4711352
	Aggregate  (cost=36.04..36.05 rows=1 width=8)
	  ->  Index Scan using sbtest8_pkey on sbtest8  (cost=0.43..36.02 rows=9 width=4)
	        Index Cond: ((id >= 4711343) AND (id <= 4711352))

for non_index_updates
table 1 : explain UPDATE sbtest1 SET c='foobar' WHERE id=3094378
	Update on sbtest1  (cost=0.43..8.45 rows=0 width=0)
	  ->  Index Scan using sbtest1_pkey on sbtest1  (cost=0.43..8.45 rows=1 width=490)
	        Index Cond: (id = 3094378)

table 2 : explain UPDATE sbtest2 SET c='foobar' WHERE id=3743251
	Update on sbtest2  (cost=0.43..8.45 rows=0 width=0)
	  ->  Index Scan using sbtest2_pkey on sbtest2  (cost=0.43..8.45 rows=1 width=490)
	        Index Cond: (id = 3743251)

table 3 : explain UPDATE sbtest3 SET c='foobar' WHERE id=8381388
	Update on sbtest3  (cost=0.43..8.45 rows=0 width=0)
	  ->  Index Scan using sbtest3_pkey on sbtest3  (cost=0.43..8.45 rows=1 width=490)
	        Index Cond: (id = 8381388)

table 4 : explain UPDATE sbtest4 SET c='foobar' WHERE id=4988104
	Update on sbtest4  (cost=0.43..8.45 rows=0 width=0)
	  ->  Index Scan using sbtest4_pkey on sbtest4  (cost=0.43..8.45 rows=1 width=490)
	        Index Cond: (id = 4988104)

table 5 : explain UPDATE sbtest5 SET c='foobar' WHERE id=5449519
	Update on sbtest5  (cost=0.43..8.45 rows=0 width=0)
	  ->  Index Scan using sbtest5_pkey on sbtest5  (cost=0.43..8.45 rows=1 width=490)
	        Index Cond: (id = 5449519)

table 6 : explain UPDATE sbtest6 SET c='foobar' WHERE id=2341049
	Update on sbtest6  (cost=0.43..8.45 rows=0 width=0)
	  ->  Index Scan using sbtest6_pkey on sbtest6  (cost=0.43..8.45 rows=1 width=490)
	        Index Cond: (id = 2341049)

table 7 : explain UPDATE sbtest7 SET c='foobar' WHERE id=6825107
	Update on sbtest7  (cost=0.43..8.45 rows=0 width=0)
	  ->  Index Scan using sbtest7_pkey on sbtest7  (cost=0.43..8.45 rows=1 width=490)
	        Index Cond: (id = 6825107)

table 8 : explain UPDATE sbtest8 SET c='foobar' WHERE id=9794857
	Update on sbtest8  (cost=0.43..8.45 rows=0 width=0)
	  ->  Index Scan using sbtest8_pkey on sbtest8  (cost=0.43..8.45 rows=1 width=490)
	        Index Cond: (id = 9794857)

for point_selects
table 1 : explain SELECT c FROM sbtest1 WHERE id=1775819
	Index Scan using sbtest1_pkey on sbtest1  (cost=0.43..8.45 rows=1 width=121)
	  Index Cond: (id = 1775819)

table 2 : explain SELECT c FROM sbtest2 WHERE id=3979279
	Index Scan using sbtest2_pkey on sbtest2  (cost=0.43..8.45 rows=1 width=121)
	  Index Cond: (id = 3979279)

table 3 : explain SELECT c FROM sbtest3 WHERE id=253265
	Index Scan using sbtest3_pkey on sbtest3  (cost=0.43..8.45 rows=1 width=121)
	  Index Cond: (id = 253265)

table 4 : explain SELECT c FROM sbtest4 WHERE id=2412177
	Index Scan using sbtest4_pkey on sbtest4  (cost=0.43..8.45 rows=1 width=121)
	  Index Cond: (id = 2412177)

table 5 : explain SELECT c FROM sbtest5 WHERE id=5059529
	Index Scan using sbtest5_pkey on sbtest5  (cost=0.43..8.45 rows=1 width=121)
	  Index Cond: (id = 5059529)

table 6 : explain SELECT c FROM sbtest6 WHERE id=249158
	Index Scan using sbtest6_pkey on sbtest6  (cost=0.43..8.45 rows=1 width=121)
	  Index Cond: (id = 249158)

table 7 : explain SELECT c FROM sbtest7 WHERE id=4389138
	Index Scan using sbtest7_pkey on sbtest7  (cost=0.43..8.45 rows=1 width=121)
	  Index Cond: (id = 4389138)

table 8 : explain SELECT c FROM sbtest8 WHERE id=7260842
	Index Scan using sbtest8_pkey on sbtest8  (cost=0.43..8.45 rows=1 width=121)
	  Index Cond: (id = 7260842)

for: order_ranges
table 1 : explain SELECT c FROM sbtest1 WHERE id BETWEEN 5215410 AND 5215419 ORDER BY c
	Sort  (cost=43.30..43.33 rows=11 width=121)
	  Sort Key: c
	  ->  Index Scan using sbtest1_pkey on sbtest1  (cost=0.43..43.11 rows=11 width=121)
	        Index Cond: ((id >= 5215410) AND (id <= 5215419))

table 2 : explain SELECT c FROM sbtest2 WHERE id BETWEEN 2509893 AND 2509902 ORDER BY c
	Sort  (cost=39.86..39.89 rows=10 width=121)
	  Sort Key: c
	  ->  Index Scan using sbtest2_pkey on sbtest2  (cost=0.43..39.70 rows=10 width=121)
	        Index Cond: ((id >= 2509893) AND (id <= 2509902))

table 3 : explain SELECT c FROM sbtest3 WHERE id BETWEEN 3447441 AND 3447450 ORDER BY c
	Sort  (cost=39.86..39.89 rows=10 width=121)
	  Sort Key: c
	  ->  Index Scan using sbtest3_pkey on sbtest3  (cost=0.43..39.70 rows=10 width=121)
	        Index Cond: ((id >= 3447441) AND (id <= 3447450))

table 4 : explain SELECT c FROM sbtest4 WHERE id BETWEEN 9685623 AND 9685632 ORDER BY c
	Sort  (cost=39.48..39.50 rows=10 width=121)
	  Sort Key: c
	  ->  Index Scan using sbtest4_pkey on sbtest4  (cost=0.43..39.31 rows=10 width=121)
	        Index Cond: ((id >= 9685623) AND (id <= 9685632))

table 5 : explain SELECT c FROM sbtest5 WHERE id BETWEEN 9261160 AND 9261169 ORDER BY c
	Sort  (cost=35.77..35.79 rows=9 width=121)
	  Sort Key: c
	  ->  Index Scan using sbtest5_pkey on sbtest5  (cost=0.43..35.63 rows=9 width=121)
	        Index Cond: ((id >= 9261160) AND (id <= 9261169))

table 6 : explain SELECT c FROM sbtest6 WHERE id BETWEEN 8917549 AND 8917558 ORDER BY c
	Sort  (cost=39.43..39.46 rows=10 width=121)
	  Sort Key: c
	  ->  Index Scan using sbtest6_pkey on sbtest6  (cost=0.43..39.26 rows=10 width=121)
	        Index Cond: ((id >= 8917549) AND (id <= 8917558))

table 7 : explain SELECT c FROM sbtest7 WHERE id BETWEEN 1726018 AND 1726027 ORDER BY c
	Sort  (cost=39.49..39.52 rows=10 width=121)
	  Sort Key: c
	  ->  Index Scan using sbtest7_pkey on sbtest7  (cost=0.43..39.33 rows=10 width=121)
	        Index Cond: ((id >= 1726018) AND (id <= 1726027))

table 8 : explain SELECT c FROM sbtest8 WHERE id BETWEEN 1377513 AND 1377522 ORDER BY c
	Sort  (cost=36.16..36.19 rows=9 width=121)
	  Sort Key: c
	  ->  Index Scan using sbtest8_pkey on sbtest8  (cost=0.43..36.02 rows=9 width=121)
	        Index Cond: ((id >= 1377513) AND (id <= 1377522))

for: distinct_ranges
table 1 : explain SELECT DISTINCT c FROM sbtest1 WHERE id BETWEEN 6341504 AND 6341513 ORDER BY c
	Unique  (cost=39.81..39.86 rows=10 width=121)
	  ->  Sort  (cost=39.81..39.83 rows=10 width=121)
	        Sort Key: c
	        ->  Index Scan using sbtest1_pkey on sbtest1  (cost=0.43..39.64 rows=10 width=121)
	              Index Cond: ((id >= 6341504) AND (id <= 6341513))

table 2 : explain SELECT DISTINCT c FROM sbtest2 WHERE id BETWEEN 1710072 AND 1710081 ORDER BY c
	Unique  (cost=36.37..36.41 rows=9 width=121)
	  ->  Sort  (cost=36.37..36.39 rows=9 width=121)
	        Sort Key: c
	        ->  Index Scan using sbtest2_pkey on sbtest2  (cost=0.43..36.23 rows=9 width=121)
	              Index Cond: ((id >= 1710072) AND (id <= 1710081))

table 3 : explain SELECT DISTINCT c FROM sbtest3 WHERE id BETWEEN 4184493 AND 4184502 ORDER BY c
	Unique  (cost=39.86..39.91 rows=10 width=121)
	  ->  Sort  (cost=39.86..39.89 rows=10 width=121)
	        Sort Key: c
	        ->  Index Scan using sbtest3_pkey on sbtest3  (cost=0.43..39.70 rows=10 width=121)
	              Index Cond: ((id >= 4184493) AND (id <= 4184502))

table 4 : explain SELECT DISTINCT c FROM sbtest4 WHERE id BETWEEN 5294141 AND 5294150 ORDER BY c
	Unique  (cost=39.48..39.53 rows=10 width=121)
	  ->  Sort  (cost=39.48..39.50 rows=10 width=121)
	        Sort Key: c
	        ->  Index Scan using sbtest4_pkey on sbtest4  (cost=0.43..39.31 rows=10 width=121)
	              Index Cond: ((id >= 5294141) AND (id <= 5294150))

table 5 : explain SELECT DISTINCT c FROM sbtest5 WHERE id BETWEEN 4780340 AND 4780349 ORDER BY c
	Unique  (cost=39.19..39.24 rows=10 width=121)
	  ->  Sort  (cost=39.19..39.22 rows=10 width=121)
	        Sort Key: c
	        ->  Index Scan using sbtest5_pkey on sbtest5  (cost=0.43..39.02 rows=10 width=121)
	              Index Cond: ((id >= 4780340) AND (id <= 4780349))

table 6 : explain SELECT DISTINCT c FROM sbtest6 WHERE id BETWEEN 496535 AND 496544 ORDER BY c
	Unique  (cost=42.88..42.93 rows=11 width=121)
	  ->  Sort  (cost=42.88..42.91 rows=11 width=121)
	        Sort Key: c
	        ->  Index Scan using sbtest6_pkey on sbtest6  (cost=0.43..42.69 rows=11 width=121)
	              Index Cond: ((id >= 496535) AND (id <= 496544))

table 7 : explain SELECT DISTINCT c FROM sbtest7 WHERE id BETWEEN 9564614 AND 9564623 ORDER BY c
	Unique  (cost=39.49..39.54 rows=10 width=121)
	  ->  Sort  (cost=39.49..39.52 rows=10 width=121)
	        Sort Key: c
	        ->  Index Scan using sbtest7_pkey on sbtest7  (cost=0.43..39.33 rows=10 width=121)
	              Index Cond: ((id >= 9564614) AND (id <= 9564623))

table 8 : explain SELECT DISTINCT c FROM sbtest8 WHERE id BETWEEN 1038005 AND 1038014 ORDER BY c
	Unique  (cost=39.63..39.68 rows=10 width=121)
	  ->  Sort  (cost=39.63..39.66 rows=10 width=121)
	        Sort Key: c
	        ->  Index Scan using sbtest8_pkey on sbtest8  (cost=0.43..39.47 rows=10 width=121)
	              Index Cond: ((id >= 1038005) AND (id <= 1038014))

for: distinct_ranges
table 1 : explain SELECT DISTINCT c FROM sbtest1 WHERE id BETWEEN 1644477 AND 1644486 ORDER BY c
	Unique  (cost=39.81..39.86 rows=10 width=121)
	  ->  Sort  (cost=39.81..39.83 rows=10 width=121)
	        Sort Key: c
	        ->  Index Scan using sbtest1_pkey on sbtest1  (cost=0.43..39.64 rows=10 width=121)
	              Index Cond: ((id >= 1644477) AND (id <= 1644486))

table 2 : explain SELECT DISTINCT c FROM sbtest2 WHERE id BETWEEN 9855396 AND 9855405 ORDER BY c
	Unique  (cost=39.86..39.91 rows=10 width=121)
	  ->  Sort  (cost=39.86..39.89 rows=10 width=121)
	        Sort Key: c
	        ->  Index Scan using sbtest2_pkey on sbtest2  (cost=0.43..39.70 rows=10 width=121)
	              Index Cond: ((id >= 9855396) AND (id <= 9855405))

table 3 : explain SELECT DISTINCT c FROM sbtest3 WHERE id BETWEEN 7208753 AND 7208762 ORDER BY c
	Unique  (cost=39.86..39.91 rows=10 width=121)
	  ->  Sort  (cost=39.86..39.89 rows=10 width=121)
	        Sort Key: c
	        ->  Index Scan using sbtest3_pkey on sbtest3  (cost=0.43..39.70 rows=10 width=121)
	              Index Cond: ((id >= 7208753) AND (id <= 7208762))

table 4 : explain SELECT DISTINCT c FROM sbtest4 WHERE id BETWEEN 9437309 AND 9437318 ORDER BY c
	Unique  (cost=39.48..39.53 rows=10 width=121)
	  ->  Sort  (cost=39.48..39.50 rows=10 width=121)
	        Sort Key: c
	        ->  Index Scan using sbtest4_pkey on sbtest4  (cost=0.43..39.31 rows=10 width=121)
	              Index Cond: ((id >= 9437309) AND (id <= 9437318))

table 5 : explain SELECT DISTINCT c FROM sbtest5 WHERE id BETWEEN 7953979 AND 7953988 ORDER BY c
	Unique  (cost=42.61..42.67 rows=11 width=121)
	  ->  Sort  (cost=42.61..42.64 rows=11 width=121)
	        Sort Key: c
	        ->  Index Scan using sbtest5_pkey on sbtest5  (cost=0.43..42.42 rows=11 width=121)
	              Index Cond: ((id >= 7953979) AND (id <= 7953988))

table 6 : explain SELECT DISTINCT c FROM sbtest6 WHERE id BETWEEN 5470264 AND 5470273 ORDER BY c
	Unique  (cost=35.98..36.03 rows=9 width=121)
	  ->  Sort  (cost=35.98..36.01 rows=9 width=121)
	        Sort Key: c
	        ->  Index Scan using sbtest6_pkey on sbtest6  (cost=0.43..35.84 rows=9 width=121)
	              Index Cond: ((id >= 5470264) AND (id <= 5470273))

table 7 : explain SELECT DISTINCT c FROM sbtest7 WHERE id BETWEEN 160791 AND 160800 ORDER BY c
	Unique  (cost=39.49..39.54 rows=10 width=121)
	  ->  Sort  (cost=39.49..39.52 rows=10 width=121)
	        Sort Key: c
	        ->  Index Scan using sbtest7_pkey on sbtest7  (cost=0.43..39.33 rows=10 width=121)
	              Index Cond: ((id >= 160791) AND (id <= 160800))

table 8 : explain SELECT DISTINCT c FROM sbtest8 WHERE id BETWEEN 3678647 AND 3678656 ORDER BY c
	Unique  (cost=39.63..39.68 rows=10 width=121)
	  ->  Sort  (cost=39.63..39.66 rows=10 width=121)
	        Sort Key: c
	        ->  Index Scan using sbtest8_pkey on sbtest8  (cost=0.43..39.47 rows=10 width=121)
	              Index Cond: ((id >= 3678647) AND (id <= 3678656))

for deletes
table 1 : explain DELETE FROM sbtest1 WHERE id=1416223
	Delete on sbtest1  (cost=0.43..8.45 rows=0 width=0)
	  ->  Index Scan using sbtest1_pkey on sbtest1  (cost=0.43..8.45 rows=1 width=6)
	        Index Cond: (id = 1416223)

table 2 : explain DELETE FROM sbtest2 WHERE id=1497231
	Delete on sbtest2  (cost=0.43..8.45 rows=0 width=0)
	  ->  Index Scan using sbtest2_pkey on sbtest2  (cost=0.43..8.45 rows=1 width=6)
	        Index Cond: (id = 1497231)

table 3 : explain DELETE FROM sbtest3 WHERE id=2859011
	Delete on sbtest3  (cost=0.43..8.45 rows=0 width=0)
	  ->  Index Scan using sbtest3_pkey on sbtest3  (cost=0.43..8.45 rows=1 width=6)
	        Index Cond: (id = 2859011)

table 4 : explain DELETE FROM sbtest4 WHERE id=9469943
	Delete on sbtest4  (cost=0.43..8.45 rows=0 width=0)
	  ->  Index Scan using sbtest4_pkey on sbtest4  (cost=0.43..8.45 rows=1 width=6)
	        Index Cond: (id = 9469943)

table 5 : explain DELETE FROM sbtest5 WHERE id=9733658
	Delete on sbtest5  (cost=0.43..8.45 rows=0 width=0)
	  ->  Index Scan using sbtest5_pkey on sbtest5  (cost=0.43..8.45 rows=1 width=6)
	        Index Cond: (id = 9733658)

table 6 : explain DELETE FROM sbtest6 WHERE id=8266936
	Delete on sbtest6  (cost=0.43..8.45 rows=0 width=0)
	  ->  Index Scan using sbtest6_pkey on sbtest6  (cost=0.43..8.45 rows=1 width=6)
	        Index Cond: (id = 8266936)

table 7 : explain DELETE FROM sbtest7 WHERE id=9351521
	Delete on sbtest7  (cost=0.43..8.45 rows=0 width=0)
	  ->  Index Scan using sbtest7_pkey on sbtest7  (cost=0.43..8.45 rows=1 width=6)
	        Index Cond: (id = 9351521)

table 8 : explain DELETE FROM sbtest8 WHERE id=3403837
	Delete on sbtest8  (cost=0.43..8.45 rows=0 width=0)
	  ->  Index Scan using sbtest8_pkey on sbtest8  (cost=0.43..8.45 rows=1 width=6)
	        Index Cond: (id = 3403837)

explain: for inserts :: explain INSERT INTO sbtest%u (id, k, c, pad) VALUES (%u, 13, 'foobar', 'foobar')
explain: for deletes :: explain DELETE FROM sbtest%u WHERE id=%u
for: order_ranges
table 1 : explain SELECT c FROM sbtest1 WHERE id BETWEEN 8510300 AND 8510309 ORDER BY c
	Sort  (cost=39.81..39.83 rows=10 width=121)
	  Sort Key: c
	  ->  Index Scan using sbtest1_pkey on sbtest1  (cost=0.43..39.64 rows=10 width=121)
	        Index Cond: ((id >= 8510300) AND (id <= 8510309))

table 2 : explain SELECT c FROM sbtest2 WHERE id BETWEEN 7240336 AND 7240345 ORDER BY c
	Sort  (cost=43.36..43.39 rows=11 width=121)
	  Sort Key: c
	  ->  Index Scan using sbtest2_pkey on sbtest2  (cost=0.43..43.17 rows=11 width=121)
	        Index Cond: ((id >= 7240336) AND (id <= 7240345))

table 3 : explain SELECT c FROM sbtest3 WHERE id BETWEEN 2851011 AND 2851020 ORDER BY c
	Sort  (cost=39.86..39.89 rows=10 width=121)
	  Sort Key: c
	  ->  Index Scan using sbtest3_pkey on sbtest3  (cost=0.43..39.70 rows=10 width=121)
	        Index Cond: ((id >= 2851011) AND (id <= 2851020))

table 4 : explain SELECT c FROM sbtest4 WHERE id BETWEEN 4892096 AND 4892105 ORDER BY c
	Sort  (cost=39.48..39.50 rows=10 width=121)
	  Sort Key: c
	  ->  Index Scan using sbtest4_pkey on sbtest4  (cost=0.43..39.31 rows=10 width=121)
	        Index Cond: ((id >= 4892096) AND (id <= 4892105))

table 5 : explain SELECT c FROM sbtest5 WHERE id BETWEEN 9482192 AND 9482201 ORDER BY c
	Sort  (cost=39.19..39.22 rows=10 width=121)
	  Sort Key: c
	  ->  Index Scan using sbtest5_pkey on sbtest5  (cost=0.43..39.02 rows=10 width=121)
	        Index Cond: ((id >= 9482192) AND (id <= 9482201))

table 6 : explain SELECT c FROM sbtest6 WHERE id BETWEEN 9268972 AND 9268981 ORDER BY c
	Sort  (cost=35.98..36.01 rows=9 width=121)
	  Sort Key: c
	  ->  Index Scan using sbtest6_pkey on sbtest6  (cost=0.43..35.84 rows=9 width=121)
	        Index Cond: ((id >= 9268972) AND (id <= 9268981))

table 7 : explain SELECT c FROM sbtest7 WHERE id BETWEEN 2751784 AND 2751793 ORDER BY c
	Sort  (cost=39.49..39.52 rows=10 width=121)
	  Sort Key: c
	  ->  Index Scan using sbtest7_pkey on sbtest7  (cost=0.43..39.33 rows=10 width=121)
	        Index Cond: ((id >= 2751784) AND (id <= 2751793))

table 8 : explain SELECT c FROM sbtest8 WHERE id BETWEEN 4975542 AND 4975551 ORDER BY c
	Sort  (cost=36.16..36.19 rows=9 width=121)
	  Sort Key: c
	  ->  Index Scan using sbtest8_pkey on sbtest8  (cost=0.43..36.02 rows=9 width=121)
	        Index Cond: ((id >= 4975542) AND (id <= 4975551))

for: order_ranges
table 1 : explain SELECT c FROM sbtest1 WHERE id BETWEEN 1708881 AND 1708890 ORDER BY c
	Sort  (cost=36.32..36.34 rows=9 width=121)
	  Sort Key: c
	  ->  Index Scan using sbtest1_pkey on sbtest1  (cost=0.43..36.18 rows=9 width=121)
	        Index Cond: ((id >= 1708881) AND (id <= 1708890))

table 2 : explain SELECT c FROM sbtest2 WHERE id BETWEEN 4021872 AND 4021881 ORDER BY c
	Sort  (cost=39.86..39.89 rows=10 width=121)
	  Sort Key: c
	  ->  Index Scan using sbtest2_pkey on sbtest2  (cost=0.43..39.70 rows=10 width=121)
	        Index Cond: ((id >= 4021872) AND (id <= 4021881))

table 3 : explain SELECT c FROM sbtest3 WHERE id BETWEEN 8097243 AND 8097252 ORDER BY c
	Sort  (cost=39.86..39.89 rows=10 width=121)
	  Sort Key: c
	  ->  Index Scan using sbtest3_pkey on sbtest3  (cost=0.43..39.70 rows=10 width=121)
	        Index Cond: ((id >= 8097243) AND (id <= 8097252))

table 4 : explain SELECT c FROM sbtest4 WHERE id BETWEEN 3709209 AND 3709218 ORDER BY c
	Sort  (cost=39.48..39.50 rows=10 width=121)
	  Sort Key: c
	  ->  Index Scan using sbtest4_pkey on sbtest4  (cost=0.43..39.31 rows=10 width=121)
	        Index Cond: ((id >= 3709209) AND (id <= 3709218))

table 5 : explain SELECT c FROM sbtest5 WHERE id BETWEEN 9025551 AND 9025560 ORDER BY c
	Sort  (cost=35.77..35.79 rows=9 width=121)
	  Sort Key: c
	  ->  Index Scan using sbtest5_pkey on sbtest5  (cost=0.43..35.63 rows=9 width=121)
	        Index Cond: ((id >= 9025551) AND (id <= 9025560))

table 6 : explain SELECT c FROM sbtest6 WHERE id BETWEEN 4901483 AND 4901492 ORDER BY c
	Sort  (cost=35.98..36.01 rows=9 width=121)
	  Sort Key: c
	  ->  Index Scan using sbtest6_pkey on sbtest6  (cost=0.43..35.84 rows=9 width=121)
	        Index Cond: ((id >= 4901483) AND (id <= 4901492))

table 7 : explain SELECT c FROM sbtest7 WHERE id BETWEEN 936934 AND 936943 ORDER BY c
	Sort  (cost=39.49..39.52 rows=10 width=121)
	  Sort Key: c
	  ->  Index Scan using sbtest7_pkey on sbtest7  (cost=0.43..39.33 rows=10 width=121)
	        Index Cond: ((id >= 936934) AND (id <= 936943))

table 8 : explain SELECT c FROM sbtest8 WHERE id BETWEEN 2893339 AND 2893348 ORDER BY c
	Sort  (cost=39.63..39.66 rows=10 width=121)
	  Sort Key: c
	  ->  Index Scan using sbtest8_pkey on sbtest8  (cost=0.43..39.47 rows=10 width=121)
	        Index Cond: ((id >= 2893339) AND (id <= 2893348))

for: distinct_ranges
table 1 : explain SELECT DISTINCT c FROM sbtest1 WHERE id BETWEEN 2704323 AND 2704332 ORDER BY c
	Unique  (cost=36.32..36.37 rows=9 width=121)
	  ->  Sort  (cost=36.32..36.34 rows=9 width=121)
	        Sort Key: c
	        ->  Index Scan using sbtest1_pkey on sbtest1  (cost=0.43..36.18 rows=9 width=121)
	              Index Cond: ((id >= 2704323) AND (id <= 2704332))

table 2 : explain SELECT DISTINCT c FROM sbtest2 WHERE id BETWEEN 3071182 AND 3071191 ORDER BY c
	Unique  (cost=43.36..43.41 rows=11 width=121)
	  ->  Sort  (cost=43.36..43.39 rows=11 width=121)
	        Sort Key: c
	        ->  Index Scan using sbtest2_pkey on sbtest2  (cost=0.43..43.17 rows=11 width=121)
	              Index Cond: ((id >= 3071182) AND (id <= 3071191))

table 3 : explain SELECT DISTINCT c FROM sbtest3 WHERE id BETWEEN 8127442 AND 8127451 ORDER BY c
	Unique  (cost=39.86..39.91 rows=10 width=121)
	  ->  Sort  (cost=39.86..39.89 rows=10 width=121)
	        Sort Key: c
	        ->  Index Scan using sbtest3_pkey on sbtest3  (cost=0.43..39.70 rows=10 width=121)
	              Index Cond: ((id >= 8127442) AND (id <= 8127451))

table 4 : explain SELECT DISTINCT c FROM sbtest4 WHERE id BETWEEN 2219895 AND 2219904 ORDER BY c
	Unique  (cost=39.48..39.53 rows=10 width=121)
	  ->  Sort  (cost=39.48..39.50 rows=10 width=121)
	        Sort Key: c
	        ->  Index Scan using sbtest4_pkey on sbtest4  (cost=0.43..39.31 rows=10 width=121)
	              Index Cond: ((id >= 2219895) AND (id <= 2219904))

table 5 : explain SELECT DISTINCT c FROM sbtest5 WHERE id BETWEEN 5982576 AND 5982585 ORDER BY c
	Unique  (cost=42.61..42.67 rows=11 width=121)
	  ->  Sort  (cost=42.61..42.64 rows=11 width=121)
	        Sort Key: c
	        ->  Index Scan using sbtest5_pkey on sbtest5  (cost=0.43..42.42 rows=11 width=121)
	              Index Cond: ((id >= 5982576) AND (id <= 5982585))

table 6 : explain SELECT DISTINCT c FROM sbtest6 WHERE id BETWEEN 8228821 AND 8228830 ORDER BY c
	Unique  (cost=42.88..42.93 rows=11 width=121)
	  ->  Sort  (cost=42.88..42.91 rows=11 width=121)
	        Sort Key: c
	        ->  Index Scan using sbtest6_pkey on sbtest6  (cost=0.43..42.69 rows=11 width=121)
	              Index Cond: ((id >= 8228821) AND (id <= 8228830))

table 7 : explain SELECT DISTINCT c FROM sbtest7 WHERE id BETWEEN 6042215 AND 6042224 ORDER BY c
	Unique  (cost=39.49..39.54 rows=10 width=121)
	  ->  Sort  (cost=39.49..39.52 rows=10 width=121)
	        Sort Key: c
	        ->  Index Scan using sbtest7_pkey on sbtest7  (cost=0.43..39.33 rows=10 width=121)
	              Index Cond: ((id >= 6042215) AND (id <= 6042224))

table 8 : explain SELECT DISTINCT c FROM sbtest8 WHERE id BETWEEN 3300594 AND 3300603 ORDER BY c
	Unique  (cost=39.63..39.68 rows=10 width=121)
	  ->  Sort  (cost=39.63..39.66 rows=10 width=121)
	        Sort Key: c
	        ->  Index Scan using sbtest8_pkey on sbtest8  (cost=0.43..39.47 rows=10 width=121)
	              Index Cond: ((id >= 3300594) AND (id <= 3300603))

explain: for index_updates :: explain UPDATE sbtest%u SET k=k+1 WHERE id=%u
explain: for index_updates :: explain UPDATE sbtest%u SET k=k+1 WHERE id=%u
for: sum_ranges
table 1 : explain SELECT SUM(k) FROM sbtest1 WHERE id BETWEEN 2986944 AND 2986953
	Aggregate  (cost=39.67..39.68 rows=1 width=8)
	  ->  Index Scan using sbtest1_pkey on sbtest1  (cost=0.43..39.64 rows=10 width=4)
	        Index Cond: ((id >= 2986944) AND (id <= 2986953))

table 2 : explain SELECT SUM(k) FROM sbtest2 WHERE id BETWEEN 78671 AND 78680
	Aggregate  (cost=39.72..39.73 rows=1 width=8)
	  ->  Index Scan using sbtest2_pkey on sbtest2  (cost=0.43..39.70 rows=10 width=4)
	        Index Cond: ((id >= 78671) AND (id <= 78680))

table 3 : explain SELECT SUM(k) FROM sbtest3 WHERE id BETWEEN 484725 AND 484734
	Aggregate  (cost=39.72..39.73 rows=1 width=8)
	  ->  Index Scan using sbtest3_pkey on sbtest3  (cost=0.43..39.70 rows=10 width=4)
	        Index Cond: ((id >= 484725) AND (id <= 484734))

table 4 : explain SELECT SUM(k) FROM sbtest4 WHERE id BETWEEN 9932154 AND 9932163
	Aggregate  (cost=39.34..39.35 rows=1 width=8)
	  ->  Index Scan using sbtest4_pkey on sbtest4  (cost=0.43..39.31 rows=10 width=4)
	        Index Cond: ((id >= 9932154) AND (id <= 9932163))

table 5 : explain SELECT SUM(k) FROM sbtest5 WHERE id BETWEEN 2990714 AND 2990723
	Aggregate  (cost=35.65..35.66 rows=1 width=8)
	  ->  Index Scan using sbtest5_pkey on sbtest5  (cost=0.43..35.63 rows=9 width=4)
	        Index Cond: ((id >= 2990714) AND (id <= 2990723))

table 6 : explain SELECT SUM(k) FROM sbtest6 WHERE id BETWEEN 7049796 AND 7049805
	Aggregate  (cost=35.86..35.87 rows=1 width=8)
	  ->  Index Scan using sbtest6_pkey on sbtest6  (cost=0.43..35.84 rows=9 width=4)
	        Index Cond: ((id >= 7049796) AND (id <= 7049805))

table 7 : explain SELECT SUM(k) FROM sbtest7 WHERE id BETWEEN 6986934 AND 6986943
	Aggregate  (cost=42.78..42.79 rows=1 width=8)
	  ->  Index Scan using sbtest7_pkey on sbtest7  (cost=0.43..42.76 rows=11 width=4)
	        Index Cond: ((id >= 6986934) AND (id <= 6986943))

table 8 : explain SELECT SUM(k) FROM sbtest8 WHERE id BETWEEN 7012591 AND 7012600
	Aggregate  (cost=36.04..36.05 rows=1 width=8)
	  ->  Index Scan using sbtest8_pkey on sbtest8  (cost=0.43..36.02 rows=9 width=4)
	        Index Cond: ((id >= 7012591) AND (id <= 7012600))

for index_updates
table 1 : explain UPDATE sbtest1 SET k=k+1 WHERE id=8147916
	Update on sbtest1  (cost=0.43..8.46 rows=0 width=0)
	  ->  Index Scan using sbtest1_pkey on sbtest1  (cost=0.43..8.46 rows=1 width=10)
	        Index Cond: (id = 8147916)

table 2 : explain UPDATE sbtest2 SET k=k+1 WHERE id=9553670
	Update on sbtest2  (cost=0.43..8.46 rows=0 width=0)
	  ->  Index Scan using sbtest2_pkey on sbtest2  (cost=0.43..8.46 rows=1 width=10)
	        Index Cond: (id = 9553670)

table 3 : explain UPDATE sbtest3 SET k=k+1 WHERE id=840005
	Update on sbtest3  (cost=0.43..8.46 rows=0 width=0)
	  ->  Index Scan using sbtest3_pkey on sbtest3  (cost=0.43..8.46 rows=1 width=10)
	        Index Cond: (id = 840005)

table 4 : explain UPDATE sbtest4 SET k=k+1 WHERE id=3639580
	Update on sbtest4  (cost=0.43..8.46 rows=0 width=0)
	  ->  Index Scan using sbtest4_pkey on sbtest4  (cost=0.43..8.46 rows=1 width=10)
	        Index Cond: (id = 3639580)

table 5 : explain UPDATE sbtest5 SET k=k+1 WHERE id=2241760
	Update on sbtest5  (cost=0.43..8.46 rows=0 width=0)
	  ->  Index Scan using sbtest5_pkey on sbtest5  (cost=0.43..8.46 rows=1 width=10)
	        Index Cond: (id = 2241760)

table 6 : explain UPDATE sbtest6 SET k=k+1 WHERE id=9846730
	Update on sbtest6  (cost=0.43..8.46 rows=0 width=0)
	  ->  Index Scan using sbtest6_pkey on sbtest6  (cost=0.43..8.46 rows=1 width=10)
	        Index Cond: (id = 9846730)

table 7 : explain UPDATE sbtest7 SET k=k+1 WHERE id=7620085
	Update on sbtest7  (cost=0.43..8.46 rows=0 width=0)
	  ->  Index Scan using sbtest7_pkey on sbtest7  (cost=0.43..8.46 rows=1 width=10)
	        Index Cond: (id = 7620085)

table 8 : explain UPDATE sbtest8 SET k=k+1 WHERE id=9081802
	Update on sbtest8  (cost=0.43..8.46 rows=0 width=0)
	  ->  Index Scan using sbtest8_pkey on sbtest8  (cost=0.43..8.46 rows=1 width=10)
	        Index Cond: (id = 9081802)

for: distinct_ranges
table 1 : explain SELECT DISTINCT c FROM sbtest1 WHERE id BETWEEN 6559986 AND 6559995 ORDER BY c
	Unique  (cost=43.30..43.35 rows=11 width=121)
	  ->  Sort  (cost=43.30..43.33 rows=11 width=121)
	        Sort Key: c
	        ->  Index Scan using sbtest1_pkey on sbtest1  (cost=0.43..43.11 rows=11 width=121)
	              Index Cond: ((id >= 6559986) AND (id <= 6559995))

table 2 : explain SELECT DISTINCT c FROM sbtest2 WHERE id BETWEEN 4714886 AND 4714895 ORDER BY c
	Unique  (cost=36.37..36.41 rows=9 width=121)
	  ->  Sort  (cost=36.37..36.39 rows=9 width=121)
	        Sort Key: c
	        ->  Index Scan using sbtest2_pkey on sbtest2  (cost=0.43..36.23 rows=9 width=121)
	              Index Cond: ((id >= 4714886) AND (id <= 4714895))

table 3 : explain SELECT DISTINCT c FROM sbtest3 WHERE id BETWEEN 2633591 AND 2633600 ORDER BY c
	Unique  (cost=39.86..39.91 rows=10 width=121)
	  ->  Sort  (cost=39.86..39.89 rows=10 width=121)
	        Sort Key: c
	        ->  Index Scan using sbtest3_pkey on sbtest3  (cost=0.43..39.70 rows=10 width=121)
	              Index Cond: ((id >= 2633591) AND (id <= 2633600))

table 4 : explain SELECT DISTINCT c FROM sbtest4 WHERE id BETWEEN 8024908 AND 8024917 ORDER BY c
	Unique  (cost=39.48..39.53 rows=10 width=121)
	  ->  Sort  (cost=39.48..39.50 rows=10 width=121)
	        Sort Key: c
	        ->  Index Scan using sbtest4_pkey on sbtest4  (cost=0.43..39.31 rows=10 width=121)
	              Index Cond: ((id >= 8024908) AND (id <= 8024917))

table 5 : explain SELECT DISTINCT c FROM sbtest5 WHERE id BETWEEN 9473813 AND 9473822 ORDER BY c
	Unique  (cost=39.19..39.24 rows=10 width=121)
	  ->  Sort  (cost=39.19..39.22 rows=10 width=121)
	        Sort Key: c
	        ->  Index Scan using sbtest5_pkey on sbtest5  (cost=0.43..39.02 rows=10 width=121)
	              Index Cond: ((id >= 9473813) AND (id <= 9473822))

table 6 : explain SELECT DISTINCT c FROM sbtest6 WHERE id BETWEEN 9306037 AND 9306046 ORDER BY c
	Unique  (cost=39.43..39.48 rows=10 width=121)
	  ->  Sort  (cost=39.43..39.46 rows=10 width=121)
	        Sort Key: c
	        ->  Index Scan using sbtest6_pkey on sbtest6  (cost=0.43..39.26 rows=10 width=121)
	              Index Cond: ((id >= 9306037) AND (id <= 9306046))

table 7 : explain SELECT DISTINCT c FROM sbtest7 WHERE id BETWEEN 1255007 AND 1255016 ORDER BY c
	Unique  (cost=36.04..36.08 rows=9 width=121)
	  ->  Sort  (cost=36.04..36.06 rows=9 width=121)
	        Sort Key: c
	        ->  Index Scan using sbtest7_pkey on sbtest7  (cost=0.43..35.90 rows=9 width=121)
	              Index Cond: ((id >= 1255007) AND (id <= 1255016))

table 8 : explain SELECT DISTINCT c FROM sbtest8 WHERE id BETWEEN 148805 AND 148814 ORDER BY c
	Unique  (cost=43.10..43.16 rows=11 width=121)
	  ->  Sort  (cost=43.10..43.13 rows=11 width=121)
	        Sort Key: c
	        ->  Index Scan using sbtest8_pkey on sbtest8  (cost=0.43..42.91 rows=11 width=121)
	              Index Cond: ((id >= 148805) AND (id <= 148814))

explain: for inserts :: explain INSERT INTO sbtest%u (id, k, c, pad) VALUES (%u, 13, 'foobar', 'foobar')
for: distinct_ranges
table 1 : explain SELECT DISTINCT c FROM sbtest1 WHERE id BETWEEN 8745215 AND 8745224 ORDER BY c
	Unique  (cost=43.30..43.35 rows=11 width=121)
	  ->  Sort  (cost=43.30..43.33 rows=11 width=121)
	        Sort Key: c
	        ->  Index Scan using sbtest1_pkey on sbtest1  (cost=0.43..43.11 rows=11 width=121)
	              Index Cond: ((id >= 8745215) AND (id <= 8745224))

table 2 : explain SELECT DISTINCT c FROM sbtest2 WHERE id BETWEEN 8921141 AND 8921150 ORDER BY c
	Unique  (cost=43.36..43.41 rows=11 width=121)
	  ->  Sort  (cost=43.36..43.39 rows=11 width=121)
	        Sort Key: c
	        ->  Index Scan using sbtest2_pkey on sbtest2  (cost=0.43..43.17 rows=11 width=121)
	              Index Cond: ((id >= 8921141) AND (id <= 8921150))

table 3 : explain SELECT DISTINCT c FROM sbtest3 WHERE id BETWEEN 8527513 AND 8527522 ORDER BY c
	Unique  (cost=39.86..39.91 rows=10 width=121)
	  ->  Sort  (cost=39.86..39.89 rows=10 width=121)
	        Sort Key: c
	        ->  Index Scan using sbtest3_pkey on sbtest3  (cost=0.43..39.70 rows=10 width=121)
	              Index Cond: ((id >= 8527513) AND (id <= 8527522))

table 4 : explain SELECT DISTINCT c FROM sbtest4 WHERE id BETWEEN 3927161 AND 3927170 ORDER BY c
	Unique  (cost=39.48..39.53 rows=10 width=121)
	  ->  Sort  (cost=39.48..39.50 rows=10 width=121)
	        Sort Key: c
	        ->  Index Scan using sbtest4_pkey on sbtest4  (cost=0.43..39.31 rows=10 width=121)
	              Index Cond: ((id >= 3927161) AND (id <= 3927170))

table 5 : explain SELECT DISTINCT c FROM sbtest5 WHERE id BETWEEN 4298441 AND 4298450 ORDER BY c
	Unique  (cost=46.03..46.09 rows=12 width=121)
	  ->  Sort  (cost=46.03..46.06 rows=12 width=121)
	        Sort Key: c
	        ->  Index Scan using sbtest5_pkey on sbtest5  (cost=0.43..45.82 rows=12 width=121)
	              Index Cond: ((id >= 4298441) AND (id <= 4298450))

table 6 : explain SELECT DISTINCT c FROM sbtest6 WHERE id BETWEEN 4717321 AND 4717330 ORDER BY c
	Unique  (cost=39.43..39.48 rows=10 width=121)
	  ->  Sort  (cost=39.43..39.46 rows=10 width=121)
	        Sort Key: c
	        ->  Index Scan using sbtest6_pkey on sbtest6  (cost=0.43..39.26 rows=10 width=121)
	              Index Cond: ((id >= 4717321) AND (id <= 4717330))

table 7 : explain SELECT DISTINCT c FROM sbtest7 WHERE id BETWEEN 473903 AND 473912 ORDER BY c
	Unique  (cost=39.49..39.54 rows=10 width=121)
	  ->  Sort  (cost=39.49..39.52 rows=10 width=121)
	        Sort Key: c
	        ->  Index Scan using sbtest7_pkey on sbtest7  (cost=0.43..39.33 rows=10 width=121)
	              Index Cond: ((id >= 473903) AND (id <= 473912))

table 8 : explain SELECT DISTINCT c FROM sbtest8 WHERE id BETWEEN 676276 AND 676285 ORDER BY c
	Unique  (cost=39.63..39.68 rows=10 width=121)
	  ->  Sort  (cost=39.63..39.66 rows=10 width=121)
	        Sort Key: c
	        ->  Index Scan using sbtest8_pkey on sbtest8  (cost=0.43..39.47 rows=10 width=121)
	              Index Cond: ((id >= 676276) AND (id <= 676285))

explain: for point_selects :: explain SELECT c FROM sbtest%u WHERE id=%u
explain: for index_updates :: explain UPDATE sbtest%u SET k=k+1 WHERE id=%u
for: order_ranges
table 1 : explain SELECT c FROM sbtest1 WHERE id BETWEEN 9533530 AND 9533539 ORDER BY c
	Sort  (cost=36.32..36.34 rows=9 width=121)
	  Sort Key: c
	  ->  Index Scan using sbtest1_pkey on sbtest1  (cost=0.43..36.18 rows=9 width=121)
	        Index Cond: ((id >= 9533530) AND (id <= 9533539))

table 2 : explain SELECT c FROM sbtest2 WHERE id BETWEEN 7837781 AND 7837790 ORDER BY c
	Sort  (cost=36.37..36.39 rows=9 width=121)
	  Sort Key: c
	  ->  Index Scan using sbtest2_pkey on sbtest2  (cost=0.43..36.23 rows=9 width=121)
	        Index Cond: ((id >= 7837781) AND (id <= 7837790))

table 3 : explain SELECT c FROM sbtest3 WHERE id BETWEEN 1852624 AND 1852633 ORDER BY c
	Sort  (cost=39.86..39.89 rows=10 width=121)
	  Sort Key: c
	  ->  Index Scan using sbtest3_pkey on sbtest3  (cost=0.43..39.70 rows=10 width=121)
	        Index Cond: ((id >= 1852624) AND (id <= 1852633))

table 4 : explain SELECT c FROM sbtest4 WHERE id BETWEEN 2981894 AND 2981903 ORDER BY c
	Sort  (cost=42.93..42.96 rows=11 width=121)
	  Sort Key: c
	  ->  Index Scan using sbtest4_pkey on sbtest4  (cost=0.43..42.74 rows=11 width=121)
	        Index Cond: ((id >= 2981894) AND (id <= 2981903))

table 5 : explain SELECT c FROM sbtest5 WHERE id BETWEEN 916079 AND 916088 ORDER BY c
	Sort  (cost=39.19..39.22 rows=10 width=121)
	  Sort Key: c
	  ->  Index Scan using sbtest5_pkey on sbtest5  (cost=0.43..39.02 rows=10 width=121)
	        Index Cond: ((id >= 916079) AND (id <= 916088))

table 6 : explain SELECT c FROM sbtest6 WHERE id BETWEEN 70503 AND 70512 ORDER BY c
	Sort  (cost=39.43..39.46 rows=10 width=121)
	  Sort Key: c
	  ->  Index Scan using sbtest6_pkey on sbtest6  (cost=0.43..39.26 rows=10 width=121)
	        Index Cond: ((id >= 70503) AND (id <= 70512))

table 7 : explain SELECT c FROM sbtest7 WHERE id BETWEEN 4721035 AND 4721044 ORDER BY c
	Sort  (cost=39.49..39.52 rows=10 width=121)
	  Sort Key: c
	  ->  Index Scan using sbtest7_pkey on sbtest7  (cost=0.43..39.33 rows=10 width=121)
	        Index Cond: ((id >= 4721035) AND (id <= 4721044))

table 8 : explain SELECT c FROM sbtest8 WHERE id BETWEEN 933231 AND 933240 ORDER BY c
	Sort  (cost=43.10..43.13 rows=11 width=121)
	  Sort Key: c
	  ->  Index Scan using sbtest8_pkey on sbtest8  (cost=0.43..42.91 rows=11 width=121)
	        Index Cond: ((id >= 933231) AND (id <= 933240))

for deletes
table 1 : explain DELETE FROM sbtest1 WHERE id=9510925
	Delete on sbtest1  (cost=0.43..8.45 rows=0 width=0)
	  ->  Index Scan using sbtest1_pkey on sbtest1  (cost=0.43..8.45 rows=1 width=6)
	        Index Cond: (id = 9510925)

table 2 : explain DELETE FROM sbtest2 WHERE id=8889718
	Delete on sbtest2  (cost=0.43..8.45 rows=0 width=0)
	  ->  Index Scan using sbtest2_pkey on sbtest2  (cost=0.43..8.45 rows=1 width=6)
	        Index Cond: (id = 8889718)

table 3 : explain DELETE FROM sbtest3 WHERE id=8484716
	Delete on sbtest3  (cost=0.43..8.45 rows=0 width=0)
	  ->  Index Scan using sbtest3_pkey on sbtest3  (cost=0.43..8.45 rows=1 width=6)
	        Index Cond: (id = 8484716)

table 4 : explain DELETE FROM sbtest4 WHERE id=1549635
	Delete on sbtest4  (cost=0.43..8.45 rows=0 width=0)
	  ->  Index Scan using sbtest4_pkey on sbtest4  (cost=0.43..8.45 rows=1 width=6)
	        Index Cond: (id = 1549635)

table 5 : explain DELETE FROM sbtest5 WHERE id=6580102
	Delete on sbtest5  (cost=0.43..8.45 rows=0 width=0)
	  ->  Index Scan using sbtest5_pkey on sbtest5  (cost=0.43..8.45 rows=1 width=6)
	        Index Cond: (id = 6580102)

table 6 : explain DELETE FROM sbtest6 WHERE id=1621116
	Delete on sbtest6  (cost=0.43..8.45 rows=0 width=0)
	  ->  Index Scan using sbtest6_pkey on sbtest6  (cost=0.43..8.45 rows=1 width=6)
	        Index Cond: (id = 1621116)

table 7 : explain DELETE FROM sbtest7 WHERE id=9983193
	Delete on sbtest7  (cost=0.43..8.45 rows=0 width=0)
	  ->  Index Scan using sbtest7_pkey on sbtest7  (cost=0.43..8.45 rows=1 width=6)
	        Index Cond: (id = 9983193)

table 8 : explain DELETE FROM sbtest8 WHERE id=4293202
	Delete on sbtest8  (cost=0.43..8.45 rows=0 width=0)
	  ->  Index Scan using sbtest8_pkey on sbtest8  (cost=0.43..8.45 rows=1 width=6)
	        Index Cond: (id = 4293202)

explain: for point_selects :: explain SELECT c FROM sbtest%u WHERE id=%u
explain: for point_selects :: explain SELECT c FROM sbtest%u WHERE id=%u
explain: for index_updates :: explain UPDATE sbtest%u SET k=k+1 WHERE id=%u
explain: for inserts :: explain INSERT INTO sbtest%u (id, k, c, pad) VALUES (%u, 13, 'foobar', 'foobar')
for: order_ranges
table 1 : explain SELECT c FROM sbtest1 WHERE id BETWEEN 6952481 AND 6952490 ORDER BY c
	Sort  (cost=39.81..39.83 rows=10 width=121)
	  Sort Key: c
	  ->  Index Scan using sbtest1_pkey on sbtest1  (cost=0.43..39.64 rows=10 width=121)
	        Index Cond: ((id >= 6952481) AND (id <= 6952490))

table 2 : explain SELECT c FROM sbtest2 WHERE id BETWEEN 3996391 AND 3996400 ORDER BY c
	Sort  (cost=39.86..39.89 rows=10 width=121)
	  Sort Key: c
	  ->  Index Scan using sbtest2_pkey on sbtest2  (cost=0.43..39.70 rows=10 width=121)
	        Index Cond: ((id >= 3996391) AND (id <= 3996400))

table 3 : explain SELECT c FROM sbtest3 WHERE id BETWEEN 5902160 AND 5902169 ORDER BY c
	Sort  (cost=39.86..39.89 rows=10 width=121)
	  Sort Key: c
	  ->  Index Scan using sbtest3_pkey on sbtest3  (cost=0.43..39.70 rows=10 width=121)
	        Index Cond: ((id >= 5902160) AND (id <= 5902169))

table 4 : explain SELECT c FROM sbtest4 WHERE id BETWEEN 3171836 AND 3171845 ORDER BY c
	Sort  (cost=39.48..39.50 rows=10 width=121)
	  Sort Key: c
	  ->  Index Scan using sbtest4_pkey on sbtest4  (cost=0.43..39.31 rows=10 width=121)
	        Index Cond: ((id >= 3171836) AND (id <= 3171845))

table 5 : explain SELECT c FROM sbtest5 WHERE id BETWEEN 1449488 AND 1449497 ORDER BY c
	Sort  (cost=35.77..35.79 rows=9 width=121)
	  Sort Key: c
	  ->  Index Scan using sbtest5_pkey on sbtest5  (cost=0.43..35.63 rows=9 width=121)
	        Index Cond: ((id >= 1449488) AND (id <= 1449497))

table 6 : explain SELECT c FROM sbtest6 WHERE id BETWEEN 202342 AND 202351 ORDER BY c
	Sort  (cost=39.43..39.46 rows=10 width=121)
	  Sort Key: c
	  ->  Index Scan using sbtest6_pkey on sbtest6  (cost=0.43..39.26 rows=10 width=121)
	        Index Cond: ((id >= 202342) AND (id <= 202351))

table 7 : explain SELECT c FROM sbtest7 WHERE id BETWEEN 5820630 AND 5820639 ORDER BY c
	Sort  (cost=39.49..39.52 rows=10 width=121)
	  Sort Key: c
	  ->  Index Scan using sbtest7_pkey on sbtest7  (cost=0.43..39.33 rows=10 width=121)
	        Index Cond: ((id >= 5820630) AND (id <= 5820639))

table 8 : explain SELECT c FROM sbtest8 WHERE id BETWEEN 133485 AND 133494 ORDER BY c
	Sort  (cost=43.10..43.13 rows=11 width=121)
	  Sort Key: c
	  ->  Index Scan using sbtest8_pkey on sbtest8  (cost=0.43..42.91 rows=11 width=121)
	        Index Cond: ((id >= 133485) AND (id <= 133494))

for index_updates
table 1 : explain UPDATE sbtest1 SET k=k+1 WHERE id=283886
	Update on sbtest1  (cost=0.43..8.46 rows=0 width=0)
	  ->  Index Scan using sbtest1_pkey on sbtest1  (cost=0.43..8.46 rows=1 width=10)
	        Index Cond: (id = 283886)

table 2 : explain UPDATE sbtest2 SET k=k+1 WHERE id=6818654
	Update on sbtest2  (cost=0.43..8.46 rows=0 width=0)
	  ->  Index Scan using sbtest2_pkey on sbtest2  (cost=0.43..8.46 rows=1 width=10)
	        Index Cond: (id = 6818654)

table 3 : explain UPDATE sbtest3 SET k=k+1 WHERE id=5068641
	Update on sbtest3  (cost=0.43..8.46 rows=0 width=0)
	  ->  Index Scan using sbtest3_pkey on sbtest3  (cost=0.43..8.46 rows=1 width=10)
	        Index Cond: (id = 5068641)

table 4 : explain UPDATE sbtest4 SET k=k+1 WHERE id=5615156
	Update on sbtest4  (cost=0.43..8.46 rows=0 width=0)
	  ->  Index Scan using sbtest4_pkey on sbtest4  (cost=0.43..8.46 rows=1 width=10)
	        Index Cond: (id = 5615156)

table 5 : explain UPDATE sbtest5 SET k=k+1 WHERE id=5669565
	Update on sbtest5  (cost=0.43..8.46 rows=0 width=0)
	  ->  Index Scan using sbtest5_pkey on sbtest5  (cost=0.43..8.46 rows=1 width=10)
	        Index Cond: (id = 5669565)

table 6 : explain UPDATE sbtest6 SET k=k+1 WHERE id=7914374
	Update on sbtest6  (cost=0.43..8.46 rows=0 width=0)
	  ->  Index Scan using sbtest6_pkey on sbtest6  (cost=0.43..8.46 rows=1 width=10)
	        Index Cond: (id = 7914374)

table 7 : explain UPDATE sbtest7 SET k=k+1 WHERE id=4531825
	Update on sbtest7  (cost=0.43..8.46 rows=0 width=0)
	  ->  Index Scan using sbtest7_pkey on sbtest7  (cost=0.43..8.46 rows=1 width=10)
	        Index Cond: (id = 4531825)

table 8 : explain UPDATE sbtest8 SET k=k+1 WHERE id=171640
	Update on sbtest8  (cost=0.43..8.46 rows=0 width=0)
	  ->  Index Scan using sbtest8_pkey on sbtest8  (cost=0.43..8.46 rows=1 width=10)
	        Index Cond: (id = 171640)

for index_updates
table 1 : explain UPDATE sbtest1 SET k=k+1 WHERE id=1466387
	Update on sbtest1  (cost=0.43..8.46 rows=0 width=0)
	  ->  Index Scan using sbtest1_pkey on sbtest1  (cost=0.43..8.46 rows=1 width=10)
	        Index Cond: (id = 1466387)

table 2 : explain UPDATE sbtest2 SET k=k+1 WHERE id=3473403
	Update on sbtest2  (cost=0.43..8.46 rows=0 width=0)
	  ->  Index Scan using sbtest2_pkey on sbtest2  (cost=0.43..8.46 rows=1 width=10)
	        Index Cond: (id = 3473403)

table 3 : explain UPDATE sbtest3 SET k=k+1 WHERE id=761938
	Update on sbtest3  (cost=0.43..8.46 rows=0 width=0)
	  ->  Index Scan using sbtest3_pkey on sbtest3  (cost=0.43..8.46 rows=1 width=10)
	        Index Cond: (id = 761938)

table 4 : explain UPDATE sbtest4 SET k=k+1 WHERE id=6776715
	Update on sbtest4  (cost=0.43..8.46 rows=0 width=0)
	  ->  Index Scan using sbtest4_pkey on sbtest4  (cost=0.43..8.46 rows=1 width=10)
	        Index Cond: (id = 6776715)

table 5 : explain UPDATE sbtest5 SET k=k+1 WHERE id=6349381
	Update on sbtest5  (cost=0.43..8.46 rows=0 width=0)
	  ->  Index Scan using sbtest5_pkey on sbtest5  (cost=0.43..8.46 rows=1 width=10)
	        Index Cond: (id = 6349381)

table 6 : explain UPDATE sbtest6 SET k=k+1 WHERE id=1017338
	Update on sbtest6  (cost=0.43..8.46 rows=0 width=0)
	  ->  Index Scan using sbtest6_pkey on sbtest6  (cost=0.43..8.46 rows=1 width=10)
	        Index Cond: (id = 1017338)

table 7 : explain UPDATE sbtest7 SET k=k+1 WHERE id=642533
	Update on sbtest7  (cost=0.43..8.46 rows=0 width=0)
	  ->  Index Scan using sbtest7_pkey on sbtest7  (cost=0.43..8.46 rows=1 width=10)
	        Index Cond: (id = 642533)

table 8 : explain UPDATE sbtest8 SET k=k+1 WHERE id=808516
	Update on sbtest8  (cost=0.43..8.46 rows=0 width=0)
	  ->  Index Scan using sbtest8_pkey on sbtest8  (cost=0.43..8.46 rows=1 width=10)
	        Index Cond: (id = 808516)

for index_updates
table 1 : explain UPDATE sbtest1 SET k=k+1 WHERE id=1747677
	Update on sbtest1  (cost=0.43..8.46 rows=0 width=0)
	  ->  Index Scan using sbtest1_pkey on sbtest1  (cost=0.43..8.46 rows=1 width=10)
	        Index Cond: (id = 1747677)

table 2 : explain UPDATE sbtest2 SET k=k+1 WHERE id=7534576
	Update on sbtest2  (cost=0.43..8.46 rows=0 width=0)
	  ->  Index Scan using sbtest2_pkey on sbtest2  (cost=0.43..8.46 rows=1 width=10)
	        Index Cond: (id = 7534576)

table 3 : explain UPDATE sbtest3 SET k=k+1 WHERE id=3818094
	Update on sbtest3  (cost=0.43..8.46 rows=0 width=0)
	  ->  Index Scan using sbtest3_pkey on sbtest3  (cost=0.43..8.46 rows=1 width=10)
	        Index Cond: (id = 3818094)

table 4 : explain UPDATE sbtest4 SET k=k+1 WHERE id=6584469
	Update on sbtest4  (cost=0.43..8.46 rows=0 width=0)
	  ->  Index Scan using sbtest4_pkey on sbtest4  (cost=0.43..8.46 rows=1 width=10)
	        Index Cond: (id = 6584469)

table 5 : explain UPDATE sbtest5 SET k=k+1 WHERE id=4832856
	Update on sbtest5  (cost=0.43..8.46 rows=0 width=0)
	  ->  Index Scan using sbtest5_pkey on sbtest5  (cost=0.43..8.46 rows=1 width=10)
	        Index Cond: (id = 4832856)

table 6 : explain UPDATE sbtest6 SET k=k+1 WHERE id=7197703
	Update on sbtest6  (cost=0.43..8.46 rows=0 width=0)
	  ->  Index Scan using sbtest6_pkey on sbtest6  (cost=0.43..8.46 rows=1 width=10)
	        Index Cond: (id = 7197703)

table 7 : explain UPDATE sbtest7 SET k=k+1 WHERE id=1548294
	Update on sbtest7  (cost=0.43..8.46 rows=0 width=0)
	  ->  Index Scan using sbtest7_pkey on sbtest7  (cost=0.43..8.46 rows=1 width=10)
	        Index Cond: (id = 1548294)

table 8 : explain UPDATE sbtest8 SET k=k+1 WHERE id=2460697
	Update on sbtest8  (cost=0.43..8.46 rows=0 width=0)
	  ->  Index Scan using sbtest8_pkey on sbtest8  (cost=0.43..8.46 rows=1 width=10)
	        Index Cond: (id = 2460697)

explain: for index_updates :: explain UPDATE sbtest%u SET k=k+1 WHERE id=%u
for: order_ranges
table 1 : explain SELECT c FROM sbtest1 WHERE id BETWEEN 7017876 AND 7017885 ORDER BY c
	Sort  (cost=39.81..39.83 rows=10 width=121)
	  Sort Key: c
	  ->  Index Scan using sbtest1_pkey on sbtest1  (cost=0.43..39.64 rows=10 width=121)
	        Index Cond: ((id >= 7017876) AND (id <= 7017885))

table 2 : explain SELECT c FROM sbtest2 WHERE id BETWEEN 1589044 AND 1589053 ORDER BY c
	Sort  (cost=39.86..39.89 rows=10 width=121)
	  Sort Key: c
	  ->  Index Scan using sbtest2_pkey on sbtest2  (cost=0.43..39.70 rows=10 width=121)
	        Index Cond: ((id >= 1589044) AND (id <= 1589053))

table 3 : explain SELECT c FROM sbtest3 WHERE id BETWEEN 6226747 AND 6226756 ORDER BY c
	Sort  (cost=36.37..36.39 rows=9 width=121)
	  Sort Key: c
	  ->  Index Scan using sbtest3_pkey on sbtest3  (cost=0.43..36.23 rows=9 width=121)
	        Index Cond: ((id >= 6226747) AND (id <= 6226756))

table 4 : explain SELECT c FROM sbtest4 WHERE id BETWEEN 5081662 AND 5081671 ORDER BY c
	Sort  (cost=42.93..42.96 rows=11 width=121)
	  Sort Key: c
	  ->  Index Scan using sbtest4_pkey on sbtest4  (cost=0.43..42.74 rows=11 width=121)
	        Index Cond: ((id >= 5081662) AND (id <= 5081671))

table 5 : explain SELECT c FROM sbtest5 WHERE id BETWEEN 4412652 AND 4412661 ORDER BY c
	Sort  (cost=35.77..35.79 rows=9 width=121)
	  Sort Key: c
	  ->  Index Scan using sbtest5_pkey on sbtest5  (cost=0.43..35.63 rows=9 width=121)
	        Index Cond: ((id >= 4412652) AND (id <= 4412661))

table 6 : explain SELECT c FROM sbtest6 WHERE id BETWEEN 5814933 AND 5814942 ORDER BY c
	Sort  (cost=39.43..39.46 rows=10 width=121)
	  Sort Key: c
	  ->  Index Scan using sbtest6_pkey on sbtest6  (cost=0.43..39.26 rows=10 width=121)
	        Index Cond: ((id >= 5814933) AND (id <= 5814942))

table 7 : explain SELECT c FROM sbtest7 WHERE id BETWEEN 8548089 AND 8548098 ORDER BY c
	Sort  (cost=36.04..36.06 rows=9 width=121)
	  Sort Key: c
	  ->  Index Scan using sbtest7_pkey on sbtest7  (cost=0.43..35.90 rows=9 width=121)
	        Index Cond: ((id >= 8548089) AND (id <= 8548098))

table 8 : explain SELECT c FROM sbtest8 WHERE id BETWEEN 9848001 AND 9848010 ORDER BY c
	Sort  (cost=39.63..39.66 rows=10 width=121)
	  Sort Key: c
	  ->  Index Scan using sbtest8_pkey on sbtest8  (cost=0.43..39.47 rows=10 width=121)
	        Index Cond: ((id >= 9848001) AND (id <= 9848010))

for: distinct_ranges
table 1 : explain SELECT DISTINCT c FROM sbtest1 WHERE id BETWEEN 6284581 AND 6284590 ORDER BY c
	Unique  (cost=36.32..36.37 rows=9 width=121)
	  ->  Sort  (cost=36.32..36.34 rows=9 width=121)
	        Sort Key: c
	        ->  Index Scan using sbtest1_pkey on sbtest1  (cost=0.43..36.18 rows=9 width=121)
	              Index Cond: ((id >= 6284581) AND (id <= 6284590))

table 2 : explain SELECT DISTINCT c FROM sbtest2 WHERE id BETWEEN 7945627 AND 7945636 ORDER BY c
	Unique  (cost=39.86..39.91 rows=10 width=121)
	  ->  Sort  (cost=39.86..39.89 rows=10 width=121)
	        Sort Key: c
	        ->  Index Scan using sbtest2_pkey on sbtest2  (cost=0.43..39.70 rows=10 width=121)
	              Index Cond: ((id >= 7945627) AND (id <= 7945636))

table 3 : explain SELECT DISTINCT c FROM sbtest3 WHERE id BETWEEN 8943915 AND 8943924 ORDER BY c
	Unique  (cost=39.86..39.91 rows=10 width=121)
	  ->  Sort  (cost=39.86..39.89 rows=10 width=121)
	        Sort Key: c
	        ->  Index Scan using sbtest3_pkey on sbtest3  (cost=0.43..39.70 rows=10 width=121)
	              Index Cond: ((id >= 8943915) AND (id <= 8943924))

table 4 : explain SELECT DISTINCT c FROM sbtest4 WHERE id BETWEEN 4519156 AND 4519165 ORDER BY c
	Unique  (cost=39.48..39.53 rows=10 width=121)
	  ->  Sort  (cost=39.48..39.50 rows=10 width=121)
	        Sort Key: c
	        ->  Index Scan using sbtest4_pkey on sbtest4  (cost=0.43..39.31 rows=10 width=121)
	              Index Cond: ((id >= 4519156) AND (id <= 4519165))

table 5 : explain SELECT DISTINCT c FROM sbtest5 WHERE id BETWEEN 9806017 AND 9806026 ORDER BY c
	Unique  (cost=39.19..39.24 rows=10 width=121)
	  ->  Sort  (cost=39.19..39.22 rows=10 width=121)
	        Sort Key: c
	        ->  Index Scan using sbtest5_pkey on sbtest5  (cost=0.43..39.02 rows=10 width=121)
	              Index Cond: ((id >= 9806017) AND (id <= 9806026))

table 6 : explain SELECT DISTINCT c FROM sbtest6 WHERE id BETWEEN 5086066 AND 5086075 ORDER BY c
	Unique  (cost=39.43..39.48 rows=10 width=121)
	  ->  Sort  (cost=39.43..39.46 rows=10 width=121)
	        Sort Key: c
	        ->  Index Scan using sbtest6_pkey on sbtest6  (cost=0.43..39.26 rows=10 width=121)
	              Index Cond: ((id >= 5086066) AND (id <= 5086075))

table 7 : explain SELECT DISTINCT c FROM sbtest7 WHERE id BETWEEN 7171747 AND 7171756 ORDER BY c
	Unique  (cost=39.49..39.54 rows=10 width=121)
	  ->  Sort  (cost=39.49..39.52 rows=10 width=121)
	        Sort Key: c
	        ->  Index Scan using sbtest7_pkey on sbtest7  (cost=0.43..39.33 rows=10 width=121)
	              Index Cond: ((id >= 7171747) AND (id <= 7171756))

table 8 : explain SELECT DISTINCT c FROM sbtest8 WHERE id BETWEEN 7863565 AND 7863574 ORDER BY c
	Unique  (cost=39.63..39.68 rows=10 width=121)
	  ->  Sort  (cost=39.63..39.66 rows=10 width=121)
	        Sort Key: c
	        ->  Index Scan using sbtest8_pkey on sbtest8  (cost=0.43..39.47 rows=10 width=121)
	              Index Cond: ((id >= 7863565) AND (id <= 7863574))
for: distinct_ranges
table 1 : explain SELECT DISTINCT c FROM sbtest1 WHERE id BETWEEN 3358399 AND 3358408 ORDER BY c
	Unique  (cost=39.81..39.86 rows=10 width=121)
	  ->  Sort  (cost=39.81..39.83 rows=10 width=121)
	        Sort Key: c
	        ->  Index Scan using sbtest1_pkey on sbtest1  (cost=0.43..39.64 rows=10 width=121)
	              Index Cond: ((id >= 3358399) AND (id <= 3358408))

table 2 : explain SELECT DISTINCT c FROM sbtest2 WHERE id BETWEEN 8966472 AND 8966481 ORDER BY c
	Unique  (cost=43.36..43.41 rows=11 width=121)
	  ->  Sort  (cost=43.36..43.39 rows=11 width=121)
	        Sort Key: c
	        ->  Index Scan using sbtest2_pkey on sbtest2  (cost=0.43..43.17 rows=11 width=121)
	              Index Cond: ((id >= 8966472) AND (id <= 8966481))

table 3 : explain SELECT DISTINCT c FROM sbtest3 WHERE id BETWEEN 585244 AND 585253 ORDER BY c
	Unique  (cost=39.86..39.91 rows=10 width=121)
	  ->  Sort  (cost=39.86..39.89 rows=10 width=121)
	        Sort Key: c
	        ->  Index Scan using sbtest3_pkey on sbtest3  (cost=0.43..39.70 rows=10 width=121)
	              Index Cond: ((id >= 585244) AND (id <= 585253))

table 4 : explain SELECT DISTINCT c FROM sbtest4 WHERE id BETWEEN 3006633 AND 3006642 ORDER BY c
	Unique  (cost=42.93..42.99 rows=11 width=121)
	  ->  Sort  (cost=42.93..42.96 rows=11 width=121)
	        Sort Key: c
	        ->  Index Scan using sbtest4_pkey on sbtest4  (cost=0.43..42.74 rows=11 width=121)
	              Index Cond: ((id >= 3006633) AND (id <= 3006642))

table 5 : explain SELECT DISTINCT c FROM sbtest5 WHERE id BETWEEN 9640981 AND 9640990 ORDER BY c
	Unique  (cost=42.61..42.67 rows=11 width=121)
	  ->  Sort  (cost=42.61..42.64 rows=11 width=121)
	        Sort Key: c
	        ->  Index Scan using sbtest5_pkey on sbtest5  (cost=0.43..42.42 rows=11 width=121)
	              Index Cond: ((id >= 9640981) AND (id <= 9640990))

table 6 : explain SELECT DISTINCT c FROM sbtest6 WHERE id BETWEEN 4165440 AND 4165449 ORDER BY c
	Unique  (cost=39.43..39.48 rows=10 width=121)
	  ->  Sort  (cost=39.43..39.46 rows=10 width=121)
	        Sort Key: c
	        ->  Index Scan using sbtest6_pkey on sbtest6  (cost=0.43..39.26 rows=10 width=121)
	              Index Cond: ((id >= 4165440) AND (id <= 4165449))

table 7 : explain SELECT DISTINCT c FROM sbtest7 WHERE id BETWEEN 1837730 AND 1837739 ORDER BY c
	Unique  (cost=39.49..39.54 rows=10 width=121)
	  ->  Sort  (cost=39.49..39.52 rows=10 width=121)
	        Sort Key: c
	        ->  Index Scan using sbtest7_pkey on sbtest7  (cost=0.43..39.33 rows=10 width=121)
	              Index Cond: ((id >= 1837730) AND (id <= 1837739))

table 8 : explain SELECT DISTINCT c FROM sbtest8 WHERE id BETWEEN 6000015 AND 6000024 ORDER BY c
	Unique  (cost=36.16..36.21 rows=9 width=121)
	  ->  Sort  (cost=36.16..36.19 rows=9 width=121)
	        Sort Key: c
	        ->  Index Scan using sbtest8_pkey on sbtest8  (cost=0.43..36.02 rows=9 width=121)
	              Index Cond: ((id >= 6000015) AND (id <= 6000024))

explain: for non_index_updates :: explain UPDATE sbtest%u SET c='foobar' WHERE id=%u
for: simple_ranges
table 1 : explain SELECT c FROM sbtest1 WHERE id BETWEEN 4115474 AND 4115483
	Index Scan using sbtest1_pkey on sbtest1  (cost=0.43..36.18 rows=9 width=121)
	  Index Cond: ((id >= 4115474) AND (id <= 4115483))

table 2 : explain SELECT c FROM sbtest2 WHERE id BETWEEN 6365819 AND 6365828
	Index Scan using sbtest2_pkey on sbtest2  (cost=0.43..43.17 rows=11 width=121)
	  Index Cond: ((id >= 6365819) AND (id <= 6365828))

table 3 : explain SELECT c FROM sbtest3 WHERE id BETWEEN 3236012 AND 3236021
	Index Scan using sbtest3_pkey on sbtest3  (cost=0.43..39.70 rows=10 width=121)
	  Index Cond: ((id >= 3236012) AND (id <= 3236021))

table 4 : explain SELECT c FROM sbtest4 WHERE id BETWEEN 9493251 AND 9493260
	Index Scan using sbtest4_pkey on sbtest4  (cost=0.43..39.31 rows=10 width=121)
	  Index Cond: ((id >= 9493251) AND (id <= 9493260))

table 5 : explain SELECT c FROM sbtest5 WHERE id BETWEEN 9990823 AND 9990832
	Index Scan using sbtest5_pkey on sbtest5  (cost=0.43..35.63 rows=9 width=121)
	  Index Cond: ((id >= 9990823) AND (id <= 9990832))

table 6 : explain SELECT c FROM sbtest6 WHERE id BETWEEN 8219235 AND 8219244
	Index Scan using sbtest6_pkey on sbtest6  (cost=0.43..42.69 rows=11 width=121)
	  Index Cond: ((id >= 8219235) AND (id <= 8219244))

table 7 : explain SELECT c FROM sbtest7 WHERE id BETWEEN 5876735 AND 5876744
	Index Scan using sbtest7_pkey on sbtest7  (cost=0.43..42.76 rows=11 width=121)
	  Index Cond: ((id >= 5876735) AND (id <= 5876744))

table 8 : explain SELECT c FROM sbtest8 WHERE id BETWEEN 3765781 AND 3765790
	Index Scan using sbtest8_pkey on sbtest8  (cost=0.43..36.02 rows=9 width=121)
	  Index Cond: ((id >= 3765781) AND (id <= 3765790))


for: sum_ranges
table 1 : explain SELECT SUM(k) FROM sbtest1 WHERE id BETWEEN 2947000 AND 2947009
	Aggregate  (cost=39.67..39.68 rows=1 width=8)
	  ->  Index Scan using sbtest1_pkey on sbtest1  (cost=0.43..39.64 rows=10 width=4)
	        Index Cond: ((id >= 2947000) AND (id <= 2947009))

table 2 : explain SELECT SUM(k) FROM sbtest2 WHERE id BETWEEN 9014445 AND 9014454
	Aggregate  (cost=39.72..39.73 rows=1 width=8)
	  ->  Index Scan using sbtest2_pkey on sbtest2  (cost=0.43..39.70 rows=10 width=4)
	        Index Cond: ((id >= 9014445) AND (id <= 9014454))

table 3 : explain SELECT SUM(k) FROM sbtest3 WHERE id BETWEEN 8500091 AND 8500100
	Aggregate  (cost=39.72..39.73 rows=1 width=8)
	  ->  Index Scan using sbtest3_pkey on sbtest3  (cost=0.43..39.70 rows=10 width=4)
	        Index Cond: ((id >= 8500091) AND (id <= 8500100))

table 4 : explain SELECT SUM(k) FROM sbtest4 WHERE id BETWEEN 2298698 AND 2298707
	Aggregate  (cost=35.91..35.92 rows=1 width=8)
	  ->  Index Scan using sbtest4_pkey on sbtest4  (cost=0.43..35.88 rows=9 width=4)
	        Index Cond: ((id >= 2298698) AND (id <= 2298707))

table 5 : explain SELECT SUM(k) FROM sbtest5 WHERE id BETWEEN 8599470 AND 8599479
	Aggregate  (cost=42.45..42.46 rows=1 width=8)
	  ->  Index Scan using sbtest5_pkey on sbtest5  (cost=0.43..42.42 rows=11 width=4)
	        Index Cond: ((id >= 8599470) AND (id <= 8599479))

table 6 : explain SELECT SUM(k) FROM sbtest6 WHERE id BETWEEN 2810122 AND 2810131
	Aggregate  (cost=39.29..39.30 rows=1 width=8)
	  ->  Index Scan using sbtest6_pkey on sbtest6  (cost=0.43..39.26 rows=10 width=4)
	        Index Cond: ((id >= 2810122) AND (id <= 2810131))

table 7 : explain SELECT SUM(k) FROM sbtest7 WHERE id BETWEEN 3974835 AND 3974844
	Aggregate  (cost=35.92..35.93 rows=1 width=8)
	  ->  Index Scan using sbtest7_pkey on sbtest7  (cost=0.43..35.90 rows=9 width=4)
	        Index Cond: ((id >= 3974835) AND (id <= 3974844))

table 8 : explain SELECT SUM(k) FROM sbtest8 WHERE id BETWEEN 3207161 AND 3207170
	Aggregate  (cost=36.04..36.05 rows=1 width=8)
	  ->  Index Scan using sbtest8_pkey on sbtest8  (cost=0.43..36.02 rows=9 width=4)
	        Index Cond: ((id >= 3207161) AND (id <= 3207170))

for: distinct_ranges
table 1 : explain SELECT DISTINCT c FROM sbtest1 WHERE id BETWEEN 1817471 AND 1817480 ORDER BY c
	Unique  (cost=39.81..39.86 rows=10 width=121)
	  ->  Sort  (cost=39.81..39.83 rows=10 width=121)
	        Sort Key: c
	        ->  Index Scan using sbtest1_pkey on sbtest1  (cost=0.43..39.64 rows=10 width=121)
	              Index Cond: ((id >= 1817471) AND (id <= 1817480))

table 2 : explain SELECT DISTINCT c FROM sbtest2 WHERE id BETWEEN 6220776 AND 6220785 ORDER BY c
	Unique  (cost=39.86..39.91 rows=10 width=121)
	  ->  Sort  (cost=39.86..39.89 rows=10 width=121)
	        Sort Key: c
	        ->  Index Scan using sbtest2_pkey on sbtest2  (cost=0.43..39.70 rows=10 width=121)
	              Index Cond: ((id >= 6220776) AND (id <= 6220785))

table 3 : explain SELECT DISTINCT c FROM sbtest3 WHERE id BETWEEN 394006 AND 394015 ORDER BY c
	Unique  (cost=39.86..39.91 rows=10 width=121)
	  ->  Sort  (cost=39.86..39.89 rows=10 width=121)
	        Sort Key: c
	        ->  Index Scan using sbtest3_pkey on sbtest3  (cost=0.43..39.70 rows=10 width=121)
	              Index Cond: ((id >= 394006) AND (id <= 394015))

table 4 : explain SELECT DISTINCT c FROM sbtest4 WHERE id BETWEEN 1168638 AND 1168647 ORDER BY c
	Unique  (cost=39.48..39.53 rows=10 width=121)
	  ->  Sort  (cost=39.48..39.50 rows=10 width=121)
	        Sort Key: c
	        ->  Index Scan using sbtest4_pkey on sbtest4  (cost=0.43..39.31 rows=10 width=121)
	              Index Cond: ((id >= 1168638) AND (id <= 1168647))

table 5 : explain SELECT DISTINCT c FROM sbtest5 WHERE id BETWEEN 1872115 AND 1872124 ORDER BY c
	Unique  (cost=39.19..39.24 rows=10 width=121)
	  ->  Sort  (cost=39.19..39.22 rows=10 width=121)
	        Sort Key: c
	        ->  Index Scan using sbtest5_pkey on sbtest5  (cost=0.43..39.02 rows=10 width=121)
	              Index Cond: ((id >= 1872115) AND (id <= 1872124))

table 6 : explain SELECT DISTINCT c FROM sbtest6 WHERE id BETWEEN 1998251 AND 1998260 ORDER BY c
	Unique  (cost=39.43..39.48 rows=10 width=121)
	  ->  Sort  (cost=39.43..39.46 rows=10 width=121)
	        Sort Key: c
	        ->  Index Scan using sbtest6_pkey on sbtest6  (cost=0.43..39.26 rows=10 width=121)
	              Index Cond: ((id >= 1998251) AND (id <= 1998260))

table 7 : explain SELECT DISTINCT c FROM sbtest7 WHERE id BETWEEN 5297022 AND 5297031 ORDER BY c
	Unique  (cost=39.49..39.54 rows=10 width=121)
	  ->  Sort  (cost=39.49..39.52 rows=10 width=121)
	        Sort Key: c
	        ->  Index Scan using sbtest7_pkey on sbtest7  (cost=0.43..39.33 rows=10 width=121)
	              Index Cond: ((id >= 5297022) AND (id <= 5297031))

table 8 : explain SELECT DISTINCT c FROM sbtest8 WHERE id BETWEEN 9484082 AND 9484091 ORDER BY c
	Unique  (cost=39.63..39.68 rows=10 width=121)
	  ->  Sort  (cost=39.63..39.66 rows=10 width=121)
	        Sort Key: c
	        ->  Index Scan using sbtest8_pkey on sbtest8  (cost=0.43..39.47 rows=10 width=121)
	              Index Cond: ((id >= 9484082) AND (id <= 9484091))

for inserts
table 1 : explain INSERT INTO sbtest1 (id, k, c, pad) VALUES (776847, 13, 'foobar', 'foobar')
	Insert on sbtest1  (cost=0.00..0.01 rows=0 width=0)
	  ->  Result  (cost=0.00..0.01 rows=1 width=736)

table 2 : explain INSERT INTO sbtest2 (id, k, c, pad) VALUES (2660447, 13, 'foobar', 'foobar')
	Insert on sbtest2  (cost=0.00..0.01 rows=0 width=0)
	  ->  Result  (cost=0.00..0.01 rows=1 width=736)

table 3 : explain INSERT INTO sbtest3 (id, k, c, pad) VALUES (2063134, 13, 'foobar', 'foobar')
	Insert on sbtest3  (cost=0.00..0.01 rows=0 width=0)
	  ->  Result  (cost=0.00..0.01 rows=1 width=736)

table 4 : explain INSERT INTO sbtest4 (id, k, c, pad) VALUES (4700864, 13, 'foobar', 'foobar')
	Insert on sbtest4  (cost=0.00..0.01 rows=0 width=0)
	  ->  Result  (cost=0.00..0.01 rows=1 width=736)

table 5 : explain INSERT INTO sbtest5 (id, k, c, pad) VALUES (9457604, 13, 'foobar', 'foobar')
	Insert on sbtest5  (cost=0.00..0.01 rows=0 width=0)
	  ->  Result  (cost=0.00..0.01 rows=1 width=736)

table 6 : explain INSERT INTO sbtest6 (id, k, c, pad) VALUES (5350446, 13, 'foobar', 'foobar')
	Insert on sbtest6  (cost=0.00..0.01 rows=0 width=0)
	  ->  Result  (cost=0.00..0.01 rows=1 width=736)

table 7 : explain INSERT INTO sbtest7 (id, k, c, pad) VALUES (678846, 13, 'foobar', 'foobar')
	Insert on sbtest7  (cost=0.00..0.01 rows=0 width=0)
	  ->  Result  (cost=0.00..0.01 rows=1 width=736)

table 8 : explain INSERT INTO sbtest8 (id, k, c, pad) VALUES (8351881, 13, 'foobar', 'foobar')
	Insert on sbtest8  (cost=0.00..0.01 rows=0 width=0)
	  ->  Result  (cost=0.00..0.01 rows=1 width=736)

for index_updates
table 1 : explain UPDATE sbtest1 SET k=k+1 WHERE id=8679862
	Update on sbtest1  (cost=0.43..8.46 rows=0 width=0)
	  ->  Index Scan using sbtest1_pkey on sbtest1  (cost=0.43..8.46 rows=1 width=10)
	        Index Cond: (id = 8679862)

table 2 : explain UPDATE sbtest2 SET k=k+1 WHERE id=9061246
	Update on sbtest2  (cost=0.43..8.46 rows=0 width=0)
	  ->  Index Scan using sbtest2_pkey on sbtest2  (cost=0.43..8.46 rows=1 width=10)
	        Index Cond: (id = 9061246)

table 3 : explain UPDATE sbtest3 SET k=k+1 WHERE id=3056882
	Update on sbtest3  (cost=0.43..8.46 rows=0 width=0)
	  ->  Index Scan using sbtest3_pkey on sbtest3  (cost=0.43..8.46 rows=1 width=10)
	        Index Cond: (id = 3056882)

table 4 : explain UPDATE sbtest4 SET k=k+1 WHERE id=8099791
	Update on sbtest4  (cost=0.43..8.46 rows=0 width=0)
	  ->  Index Scan using sbtest4_pkey on sbtest4  (cost=0.43..8.46 rows=1 width=10)
	        Index Cond: (id = 8099791)

table 5 : explain UPDATE sbtest5 SET k=k+1 WHERE id=2961785
	Update on sbtest5  (cost=0.43..8.46 rows=0 width=0)
	  ->  Index Scan using sbtest5_pkey on sbtest5  (cost=0.43..8.46 rows=1 width=10)
	        Index Cond: (id = 2961785)

table 6 : explain UPDATE sbtest6 SET k=k+1 WHERE id=9310407
	Update on sbtest6  (cost=0.43..8.46 rows=0 width=0)
	  ->  Index Scan using sbtest6_pkey on sbtest6  (cost=0.43..8.46 rows=1 width=10)
	        Index Cond: (id = 9310407)

table 7 : explain UPDATE sbtest7 SET k=k+1 WHERE id=3171211
	Update on sbtest7  (cost=0.43..8.46 rows=0 width=0)
	  ->  Index Scan using sbtest7_pkey on sbtest7  (cost=0.43..8.46 rows=1 width=10)
	        Index Cond: (id = 3171211)

table 8 : explain UPDATE sbtest8 SET k=k+1 WHERE id=3705070
	Update on sbtest8  (cost=0.43..8.46 rows=0 width=0)
	  ->  Index Scan using sbtest8_pkey on sbtest8  (cost=0.43..8.46 rows=1 width=10)
	        Index Cond: (id = 3705070)

for: order_ranges
table 1 : explain SELECT c FROM sbtest1 WHERE id BETWEEN 3243115 AND 3243124 ORDER BY c
	Sort  (cost=39.81..39.83 rows=10 width=121)
	  Sort Key: c
	  ->  Index Scan using sbtest1_pkey on sbtest1  (cost=0.43..39.64 rows=10 width=121)
	        Index Cond: ((id >= 3243115) AND (id <= 3243124))

table 2 : explain SELECT c FROM sbtest2 WHERE id BETWEEN 7959567 AND 7959576 ORDER BY c
	Sort  (cost=39.86..39.89 rows=10 width=121)
	  Sort Key: c
	  ->  Index Scan using sbtest2_pkey on sbtest2  (cost=0.43..39.70 rows=10 width=121)
	        Index Cond: ((id >= 7959567) AND (id <= 7959576))

table 3 : explain SELECT c FROM sbtest3 WHERE id BETWEEN 6193873 AND 6193882 ORDER BY c
	Sort  (cost=36.37..36.39 rows=9 width=121)
	  Sort Key: c
	  ->  Index Scan using sbtest3_pkey on sbtest3  (cost=0.43..36.23 rows=9 width=121)
	        Index Cond: ((id >= 6193873) AND (id <= 6193882))

table 4 : explain SELECT c FROM sbtest4 WHERE id BETWEEN 72329 AND 72338 ORDER BY c
	Sort  (cost=42.93..42.96 rows=11 width=121)
	  Sort Key: c
	  ->  Index Scan using sbtest4_pkey on sbtest4  (cost=0.43..42.74 rows=11 width=121)
	        Index Cond: ((id >= 72329) AND (id <= 72338))

table 5 : explain SELECT c FROM sbtest5 WHERE id BETWEEN 6619491 AND 6619500 ORDER BY c
	Sort  (cost=39.19..39.22 rows=10 width=121)
	  Sort Key: c
	  ->  Index Scan using sbtest5_pkey on sbtest5  (cost=0.43..39.02 rows=10 width=121)
	        Index Cond: ((id >= 6619491) AND (id <= 6619500))

table 6 : explain SELECT c FROM sbtest6 WHERE id BETWEEN 9296937 AND 9296946 ORDER BY c
	Sort  (cost=39.43..39.46 rows=10 width=121)
	  Sort Key: c
	  ->  Index Scan using sbtest6_pkey on sbtest6  (cost=0.43..39.26 rows=10 width=121)
	        Index Cond: ((id >= 9296937) AND (id <= 9296946))

table 7 : explain SELECT c FROM sbtest7 WHERE id BETWEEN 2592085 AND 2592094 ORDER BY c
	Sort  (cost=39.49..39.52 rows=10 width=121)
	  Sort Key: c
	  ->  Index Scan using sbtest7_pkey on sbtest7  (cost=0.43..39.33 rows=10 width=121)
	        Index Cond: ((id >= 2592085) AND (id <= 2592094))

table 8 : explain SELECT c FROM sbtest8 WHERE id BETWEEN 9829413 AND 9829422 ORDER BY c
	Sort  (cost=39.63..39.66 rows=10 width=121)
	  Sort Key: c
	  ->  Index Scan using sbtest8_pkey on sbtest8  (cost=0.43..39.47 rows=10 width=121)
	        Index Cond: ((id >= 9829413) AND (id <= 9829422))

for index_updates
table 1 : explain UPDATE sbtest1 SET k=k+1 WHERE id=7391577
	Update on sbtest1  (cost=0.43..8.46 rows=0 width=0)
	  ->  Index Scan using sbtest1_pkey on sbtest1  (cost=0.43..8.46 rows=1 width=10)
	        Index Cond: (id = 7391577)

table 2 : explain UPDATE sbtest2 SET k=k+1 WHERE id=3227084
	Update on sbtest2  (cost=0.43..8.46 rows=0 width=0)
	  ->  Index Scan using sbtest2_pkey on sbtest2  (cost=0.43..8.46 rows=1 width=10)
	        Index Cond: (id = 3227084)

table 3 : explain UPDATE sbtest3 SET k=k+1 WHERE id=7497658
	Update on sbtest3  (cost=0.43..8.46 rows=0 width=0)
	  ->  Index Scan using sbtest3_pkey on sbtest3  (cost=0.43..8.46 rows=1 width=10)
	        Index Cond: (id = 7497658)

table 4 : explain UPDATE sbtest4 SET k=k+1 WHERE id=8570259
	Update on sbtest4  (cost=0.43..8.46 rows=0 width=0)
	  ->  Index Scan using sbtest4_pkey on sbtest4  (cost=0.43..8.46 rows=1 width=10)
	        Index Cond: (id = 8570259)

table 5 : explain UPDATE sbtest5 SET k=k+1 WHERE id=2852598
	Update on sbtest5  (cost=0.43..8.46 rows=0 width=0)
	  ->  Index Scan using sbtest5_pkey on sbtest5  (cost=0.43..8.46 rows=1 width=10)
	        Index Cond: (id = 2852598)

table 6 : explain UPDATE sbtest6 SET k=k+1 WHERE id=7137210
	Update on sbtest6  (cost=0.43..8.46 rows=0 width=0)
	  ->  Index Scan using sbtest6_pkey on sbtest6  (cost=0.43..8.46 rows=1 width=10)
	        Index Cond: (id = 7137210)

table 7 : explain UPDATE sbtest7 SET k=k+1 WHERE id=249759
	Update on sbtest7  (cost=0.43..8.46 rows=0 width=0)
	  ->  Index Scan using sbtest7_pkey on sbtest7  (cost=0.43..8.46 rows=1 width=10)
	        Index Cond: (id = 249759)

table 8 : explain UPDATE sbtest8 SET k=k+1 WHERE id=3282729
	Update on sbtest8  (cost=0.43..8.46 rows=0 width=0)
	  ->  Index Scan using sbtest8_pkey on sbtest8  (cost=0.43..8.46 rows=1 width=10)
	        Index Cond: (id = 3282729)

explain: for non_index_updates :: explain UPDATE sbtest%u SET c='foobar' WHERE id=%u
explain: for index_updates :: explain UPDATE sbtest%u SET k=k+1 WHERE id=%u
for index_updates
table 1 : explain UPDATE sbtest1 SET k=k+1 WHERE id=3654717
	Update on sbtest1  (cost=0.43..8.46 rows=0 width=0)
	  ->  Index Scan using sbtest1_pkey on sbtest1  (cost=0.43..8.46 rows=1 width=10)
	        Index Cond: (id = 3654717)

table 2 : explain UPDATE sbtest2 SET k=k+1 WHERE id=3793512
	Update on sbtest2  (cost=0.43..8.46 rows=0 width=0)
	  ->  Index Scan using sbtest2_pkey on sbtest2  (cost=0.43..8.46 rows=1 width=10)
	        Index Cond: (id = 3793512)

table 3 : explain UPDATE sbtest3 SET k=k+1 WHERE id=6135396
	Update on sbtest3  (cost=0.43..8.46 rows=0 width=0)
	  ->  Index Scan using sbtest3_pkey on sbtest3  (cost=0.43..8.46 rows=1 width=10)
	        Index Cond: (id = 6135396)

table 4 : explain UPDATE sbtest4 SET k=k+1 WHERE id=403688
	Update on sbtest4  (cost=0.43..8.46 rows=0 width=0)
	  ->  Index Scan using sbtest4_pkey on sbtest4  (cost=0.43..8.46 rows=1 width=10)
	        Index Cond: (id = 403688)

table 5 : explain UPDATE sbtest5 SET k=k+1 WHERE id=7287518
	Update on sbtest5  (cost=0.43..8.46 rows=0 width=0)
	  ->  Index Scan using sbtest5_pkey on sbtest5  (cost=0.43..8.46 rows=1 width=10)
	        Index Cond: (id = 7287518)

table 6 : explain UPDATE sbtest6 SET k=k+1 WHERE id=7181573
	Update on sbtest6  (cost=0.43..8.46 rows=0 width=0)
	  ->  Index Scan using sbtest6_pkey on sbtest6  (cost=0.43..8.46 rows=1 width=10)
	        Index Cond: (id = 7181573)

table 7 : explain UPDATE sbtest7 SET k=k+1 WHERE id=5603065
	Update on sbtest7  (cost=0.43..8.46 rows=0 width=0)
	  ->  Index Scan using sbtest7_pkey on sbtest7  (cost=0.43..8.46 rows=1 width=10)
	        Index Cond: (id = 5603065)

table 8 : explain UPDATE sbtest8 SET k=k+1 WHERE id=6394784
	Update on sbtest8  (cost=0.43..8.46 rows=0 width=0)
	  ->  Index Scan using sbtest8_pkey on sbtest8  (cost=0.43..8.46 rows=1 width=10)
	        Index Cond: (id = 6394784)

for: distinct_ranges
table 1 : explain SELECT DISTINCT c FROM sbtest1 WHERE id BETWEEN 6578412 AND 6578421 ORDER BY c
	Unique  (cost=43.30..43.35 rows=11 width=121)
	  ->  Sort  (cost=43.30..43.33 rows=11 width=121)
	        Sort Key: c
	        ->  Index Scan using sbtest1_pkey on sbtest1  (cost=0.43..43.11 rows=11 width=121)
	              Index Cond: ((id >= 6578412) AND (id <= 6578421))

table 2 : explain SELECT DISTINCT c FROM sbtest2 WHERE id BETWEEN 9111054 AND 9111063 ORDER BY c
	Unique  (cost=39.86..39.91 rows=10 width=121)
	  ->  Sort  (cost=39.86..39.89 rows=10 width=121)
	        Sort Key: c
	        ->  Index Scan using sbtest2_pkey on sbtest2  (cost=0.43..39.70 rows=10 width=121)
	              Index Cond: ((id >= 9111054) AND (id <= 9111063))

table 3 : explain SELECT DISTINCT c FROM sbtest3 WHERE id BETWEEN 7183902 AND 7183911 ORDER BY c
	Unique  (cost=43.36..43.41 rows=11 width=121)
	  ->  Sort  (cost=43.36..43.39 rows=11 width=121)
	        Sort Key: c
	        ->  Index Scan using sbtest3_pkey on sbtest3  (cost=0.43..43.17 rows=11 width=121)
	              Index Cond: ((id >= 7183902) AND (id <= 7183911))

table 4 : explain SELECT DISTINCT c FROM sbtest4 WHERE id BETWEEN 9792505 AND 9792514 ORDER BY c
	Unique  (cost=42.93..42.99 rows=11 width=121)
	  ->  Sort  (cost=42.93..42.96 rows=11 width=121)
	        Sort Key: c
	        ->  Index Scan using sbtest4_pkey on sbtest4  (cost=0.43..42.74 rows=11 width=121)
	              Index Cond: ((id >= 9792505) AND (id <= 9792514))

table 5 : explain SELECT DISTINCT c FROM sbtest5 WHERE id BETWEEN 3809731 AND 3809740 ORDER BY c
	Unique  (cost=39.19..39.24 rows=10 width=121)
	  ->  Sort  (cost=39.19..39.22 rows=10 width=121)
	        Sort Key: c
	        ->  Index Scan using sbtest5_pkey on sbtest5  (cost=0.43..39.02 rows=10 width=121)
	              Index Cond: ((id >= 3809731) AND (id <= 3809740))

table 6 : explain SELECT DISTINCT c FROM sbtest6 WHERE id BETWEEN 6392892 AND 6392901 ORDER BY c
	Unique  (cost=42.88..42.93 rows=11 width=121)
	  ->  Sort  (cost=42.88..42.91 rows=11 width=121)
	        Sort Key: c
	        ->  Index Scan using sbtest6_pkey on sbtest6  (cost=0.43..42.69 rows=11 width=121)
	              Index Cond: ((id >= 6392892) AND (id <= 6392901))

table 7 : explain SELECT DISTINCT c FROM sbtest7 WHERE id BETWEEN 1458680 AND 1458689 ORDER BY c
	Unique  (cost=42.95..43.00 rows=11 width=121)
	  ->  Sort  (cost=42.95..42.97 rows=11 width=121)
	        Sort Key: c
	        ->  Index Scan using sbtest7_pkey on sbtest7  (cost=0.43..42.76 rows=11 width=121)
	              Index Cond: ((id >= 1458680) AND (id <= 1458689))

table 8 : explain SELECT DISTINCT c FROM sbtest8 WHERE id BETWEEN 4098602 AND 4098611 ORDER BY c
	Unique  (cost=39.63..39.68 rows=10 width=121)
	  ->  Sort  (cost=39.63..39.66 rows=10 width=121)
	        Sort Key: c
	        ->  Index Scan using sbtest8_pkey on sbtest8  (cost=0.43..39.47 rows=10 width=121)
	              Index Cond: ((id >= 4098602) AND (id <= 4098611))

explain: for index_updates :: explain UPDATE sbtest%u SET k=k+1 WHERE id=%u
for: distinct_ranges
table 1 : explain SELECT DISTINCT c FROM sbtest1 WHERE id BETWEEN 4570767 AND 4570776 ORDER BY c
	Unique  (cost=43.30..43.35 rows=11 width=121)
	  ->  Sort  (cost=43.30..43.33 rows=11 width=121)
	        Sort Key: c
	        ->  Index Scan using sbtest1_pkey on sbtest1  (cost=0.43..43.11 rows=11 width=121)
	              Index Cond: ((id >= 4570767) AND (id <= 4570776))

table 2 : explain SELECT DISTINCT c FROM sbtest2 WHERE id BETWEEN 8306858 AND 8306867 ORDER BY c
	Unique  (cost=39.86..39.91 rows=10 width=121)
	  ->  Sort  (cost=39.86..39.89 rows=10 width=121)
	        Sort Key: c
	        ->  Index Scan using sbtest2_pkey on sbtest2  (cost=0.43..39.70 rows=10 width=121)
	              Index Cond: ((id >= 8306858) AND (id <= 8306867))

table 3 : explain SELECT DISTINCT c FROM sbtest3 WHERE id BETWEEN 2725253 AND 2725262 ORDER BY c
	Unique  (cost=39.86..39.91 rows=10 width=121)
	  ->  Sort  (cost=39.86..39.89 rows=10 width=121)
	        Sort Key: c
	        ->  Index Scan using sbtest3_pkey on sbtest3  (cost=0.43..39.70 rows=10 width=121)
	              Index Cond: ((id >= 2725253) AND (id <= 2725262))

table 4 : explain SELECT DISTINCT c FROM sbtest4 WHERE id BETWEEN 1643691 AND 1643700 ORDER BY c
	Unique  (cost=39.48..39.53 rows=10 width=121)
	  ->  Sort  (cost=39.48..39.50 rows=10 width=121)
	        Sort Key: c
	        ->  Index Scan using sbtest4_pkey on sbtest4  (cost=0.43..39.31 rows=10 width=121)
	              Index Cond: ((id >= 1643691) AND (id <= 1643700))

table 5 : explain SELECT DISTINCT c FROM sbtest5 WHERE id BETWEEN 8057577 AND 8057586 ORDER BY c
	Unique  (cost=42.61..42.67 rows=11 width=121)
	  ->  Sort  (cost=42.61..42.64 rows=11 width=121)
	        Sort Key: c
	        ->  Index Scan using sbtest5_pkey on sbtest5  (cost=0.43..42.42 rows=11 width=121)
	              Index Cond: ((id >= 8057577) AND (id <= 8057586))

table 6 : explain SELECT DISTINCT c FROM sbtest6 WHERE id BETWEEN 838289 AND 838298 ORDER BY c
	Unique  (cost=39.43..39.48 rows=10 width=121)
	  ->  Sort  (cost=39.43..39.46 rows=10 width=121)
	        Sort Key: c
	        ->  Index Scan using sbtest6_pkey on sbtest6  (cost=0.43..39.26 rows=10 width=121)
	              Index Cond: ((id >= 838289) AND (id <= 838298))

table 7 : explain SELECT DISTINCT c FROM sbtest7 WHERE id BETWEEN 889913 AND 889922 ORDER BY c
	Unique  (cost=39.49..39.54 rows=10 width=121)
	  ->  Sort  (cost=39.49..39.52 rows=10 width=121)
	        Sort Key: c
	        ->  Index Scan using sbtest7_pkey on sbtest7  (cost=0.43..39.33 rows=10 width=121)
	              Index Cond: ((id >= 889913) AND (id <= 889922))

table 8 : explain SELECT DISTINCT c FROM sbtest8 WHERE id BETWEEN 9138188 AND 9138197 ORDER BY c
	Unique  (cost=39.63..39.68 rows=10 width=121)
	  ->  Sort  (cost=39.63..39.66 rows=10 width=121)
	        Sort Key: c
	        ->  Index Scan using sbtest8_pkey on sbtest8  (cost=0.43..39.47 rows=10 width=121)
	              Index Cond: ((id >= 9138188) AND (id <= 9138197))

for inserts
table 1 : explain INSERT INTO sbtest1 (id, k, c, pad) VALUES (5621793, 13, 'foobar', 'foobar')
	Insert on sbtest1  (cost=0.00..0.01 rows=0 width=0)
	  ->  Result  (cost=0.00..0.01 rows=1 width=736)

table 2 : explain INSERT INTO sbtest2 (id, k, c, pad) VALUES (571684, 13, 'foobar', 'foobar')
	Insert on sbtest2  (cost=0.00..0.01 rows=0 width=0)
	  ->  Result  (cost=0.00..0.01 rows=1 width=736)

table 3 : explain INSERT INTO sbtest3 (id, k, c, pad) VALUES (1695158, 13, 'foobar', 'foobar')
	Insert on sbtest3  (cost=0.00..0.01 rows=0 width=0)
	  ->  Result  (cost=0.00..0.01 rows=1 width=736)

table 4 : explain INSERT INTO sbtest4 (id, k, c, pad) VALUES (6941512, 13, 'foobar', 'foobar')
	Insert on sbtest4  (cost=0.00..0.01 rows=0 width=0)
	  ->  Result  (cost=0.00..0.01 rows=1 width=736)

table 5 : explain INSERT INTO sbtest5 (id, k, c, pad) VALUES (2059132, 13, 'foobar', 'foobar')
	Insert on sbtest5  (cost=0.00..0.01 rows=0 width=0)
	  ->  Result  (cost=0.00..0.01 rows=1 width=736)

table 6 : explain INSERT INTO sbtest6 (id, k, c, pad) VALUES (2972205, 13, 'foobar', 'foobar')
	Insert on sbtest6  (cost=0.00..0.01 rows=0 width=0)
	  ->  Result  (cost=0.00..0.01 rows=1 width=736)

table 7 : explain INSERT INTO sbtest7 (id, k, c, pad) VALUES (8694398, 13, 'foobar', 'foobar')
	Insert on sbtest7  (cost=0.00..0.01 rows=0 width=0)
	  ->  Result  (cost=0.00..0.01 rows=1 width=736)

table 8 : explain INSERT INTO sbtest8 (id, k, c, pad) VALUES (4177128, 13, 'foobar', 'foobar')
	Insert on sbtest8  (cost=0.00..0.01 rows=0 width=0)
	  ->  Result  (cost=0.00..0.01 rows=1 width=736)

explain: for non_index_updates :: explain UPDATE sbtest%u SET c='foobar' WHERE id=%u
explain: for non_index_updates :: explain UPDATE sbtest%u SET c='foobar' WHERE id=%u
explain: for inserts :: explain INSERT INTO sbtest%u (id, k, c, pad) VALUES (%u, 13, 'foobar', 'foobar')
for: order_ranges
table 1 : explain SELECT c FROM sbtest1 WHERE id BETWEEN 7213719 AND 7213728 ORDER BY c
	Sort  (cost=39.81..39.83 rows=10 width=121)
	  Sort Key: c
	  ->  Index Scan using sbtest1_pkey on sbtest1  (cost=0.43..39.64 rows=10 width=121)
	        Index Cond: ((id >= 7213719) AND (id <= 7213728))

table 2 : explain SELECT c FROM sbtest2 WHERE id BETWEEN 1911308 AND 1911317 ORDER BY c
	Sort  (cost=39.86..39.89 rows=10 width=121)
	  Sort Key: c
	  ->  Index Scan using sbtest2_pkey on sbtest2  (cost=0.43..39.70 rows=10 width=121)
	        Index Cond: ((id >= 1911308) AND (id <= 1911317))

table 3 : explain SELECT c FROM sbtest3 WHERE id BETWEEN 1847944 AND 1847953 ORDER BY c
	Sort  (cost=39.86..39.89 rows=10 width=121)
	  Sort Key: c
	  ->  Index Scan using sbtest3_pkey on sbtest3  (cost=0.43..39.70 rows=10 width=121)
	        Index Cond: ((id >= 1847944) AND (id <= 1847953))

table 4 : explain SELECT c FROM sbtest4 WHERE id BETWEEN 6742855 AND 6742864 ORDER BY c
	Sort  (cost=39.48..39.50 rows=10 width=121)
	  Sort Key: c
	  ->  Index Scan using sbtest4_pkey on sbtest4  (cost=0.43..39.31 rows=10 width=121)
	        Index Cond: ((id >= 6742855) AND (id <= 6742864))

table 5 : explain SELECT c FROM sbtest5 WHERE id BETWEEN 9941228 AND 9941237 ORDER BY c
	Sort  (cost=35.77..35.79 rows=9 width=121)
	  Sort Key: c
	  ->  Index Scan using sbtest5_pkey on sbtest5  (cost=0.43..35.63 rows=9 width=121)
	        Index Cond: ((id >= 9941228) AND (id <= 9941237))

table 6 : explain SELECT c FROM sbtest6 WHERE id BETWEEN 1123432 AND 1123441 ORDER BY c
	Sort  (cost=42.88..42.91 rows=11 width=121)
	  Sort Key: c
	  ->  Index Scan using sbtest6_pkey on sbtest6  (cost=0.43..42.69 rows=11 width=121)
	        Index Cond: ((id >= 1123432) AND (id <= 1123441))

table 7 : explain SELECT c FROM sbtest7 WHERE id BETWEEN 4273386 AND 4273395 ORDER BY c
	Sort  (cost=39.49..39.52 rows=10 width=121)
	  Sort Key: c
	  ->  Index Scan using sbtest7_pkey on sbtest7  (cost=0.43..39.33 rows=10 width=121)
	        Index Cond: ((id >= 4273386) AND (id <= 4273395))

table 8 : explain SELECT c FROM sbtest8 WHERE id BETWEEN 3601005 AND 3601014 ORDER BY c
	Sort  (cost=39.63..39.66 rows=10 width=121)
	  Sort Key: c
	  ->  Index Scan using sbtest8_pkey on sbtest8  (cost=0.43..39.47 rows=10 width=121)
	        Index Cond: ((id >= 3601005) AND (id <= 3601014))

for non_index_updates
table 1 : explain UPDATE sbtest1 SET c='foobar' WHERE id=6398293
	Update on sbtest1  (cost=0.43..8.45 rows=0 width=0)
	  ->  Index Scan using sbtest1_pkey on sbtest1  (cost=0.43..8.45 rows=1 width=490)
	        Index Cond: (id = 6398293)

table 2 : explain UPDATE sbtest2 SET c='foobar' WHERE id=8337113
	Update on sbtest2  (cost=0.43..8.45 rows=0 width=0)
	  ->  Index Scan using sbtest2_pkey on sbtest2  (cost=0.43..8.45 rows=1 width=490)
	        Index Cond: (id = 8337113)

table 3 : explain UPDATE sbtest3 SET c='foobar' WHERE id=3886053
	Update on sbtest3  (cost=0.43..8.45 rows=0 width=0)
	  ->  Index Scan using sbtest3_pkey on sbtest3  (cost=0.43..8.45 rows=1 width=490)
	        Index Cond: (id = 3886053)

table 4 : explain UPDATE sbtest4 SET c='foobar' WHERE id=7758807
	Update on sbtest4  (cost=0.43..8.45 rows=0 width=0)
	  ->  Index Scan using sbtest4_pkey on sbtest4  (cost=0.43..8.45 rows=1 width=490)
	        Index Cond: (id = 7758807)

table 5 : explain UPDATE sbtest5 SET c='foobar' WHERE id=9429200
	Update on sbtest5  (cost=0.43..8.45 rows=0 width=0)
	  ->  Index Scan using sbtest5_pkey on sbtest5  (cost=0.43..8.45 rows=1 width=490)
	        Index Cond: (id = 9429200)

table 6 : explain UPDATE sbtest6 SET c='foobar' WHERE id=2432898
	Update on sbtest6  (cost=0.43..8.45 rows=0 width=0)
	  ->  Index Scan using sbtest6_pkey on sbtest6  (cost=0.43..8.45 rows=1 width=490)
	        Index Cond: (id = 2432898)

table 7 : explain UPDATE sbtest7 SET c='foobar' WHERE id=6744450
	Update on sbtest7  (cost=0.43..8.45 rows=0 width=0)
	  ->  Index Scan using sbtest7_pkey on sbtest7  (cost=0.43..8.45 rows=1 width=490)
	        Index Cond: (id = 6744450)

table 8 : explain UPDATE sbtest8 SET c='foobar' WHERE id=4661246
	Update on sbtest8  (cost=0.43..8.45 rows=0 width=0)
	  ->  Index Scan using sbtest8_pkey on sbtest8  (cost=0.43..8.45 rows=1 width=490)
	        Index Cond: (id = 4661246)

explain: for non_index_updates :: explain UPDATE sbtest%u SET c='foobar' WHERE id=%u
explain: for index_updates :: explain UPDATE sbtest%u SET k=k+1 WHERE id=%u
explain: for index_updates :: explain UPDATE sbtest%u SET k=k+1 WHERE id=%u
explain: for non_index_updates :: explain UPDATE sbtest%u SET c='foobar' WHERE id=%u
for: distinct_ranges
table 1 : explain SELECT DISTINCT c FROM sbtest1 WHERE id BETWEEN 2884408 AND 2884417 ORDER BY c
	Unique  (cost=39.81..39.86 rows=10 width=121)
	  ->  Sort  (cost=39.81..39.83 rows=10 width=121)
	        Sort Key: c
	        ->  Index Scan using sbtest1_pkey on sbtest1  (cost=0.43..39.64 rows=10 width=121)
	              Index Cond: ((id >= 2884408) AND (id <= 2884417))

table 2 : explain SELECT DISTINCT c FROM sbtest2 WHERE id BETWEEN 9708506 AND 9708515 ORDER BY c
	Unique  (cost=39.86..39.91 rows=10 width=121)
	  ->  Sort  (cost=39.86..39.89 rows=10 width=121)
	        Sort Key: c
	        ->  Index Scan using sbtest2_pkey on sbtest2  (cost=0.43..39.70 rows=10 width=121)
	              Index Cond: ((id >= 9708506) AND (id <= 9708515))

table 3 : explain SELECT DISTINCT c FROM sbtest3 WHERE id BETWEEN 7232646 AND 7232655 ORDER BY c
	Unique  (cost=39.86..39.91 rows=10 width=121)
	  ->  Sort  (cost=39.86..39.89 rows=10 width=121)
	        Sort Key: c
	        ->  Index Scan using sbtest3_pkey on sbtest3  (cost=0.43..39.70 rows=10 width=121)
	              Index Cond: ((id >= 7232646) AND (id <= 7232655))

table 4 : explain SELECT DISTINCT c FROM sbtest4 WHERE id BETWEEN 7524400 AND 7524409 ORDER BY c
	Unique  (cost=39.48..39.53 rows=10 width=121)
	  ->  Sort  (cost=39.48..39.50 rows=10 width=121)
	        Sort Key: c
	        ->  Index Scan using sbtest4_pkey on sbtest4  (cost=0.43..39.31 rows=10 width=121)
	              Index Cond: ((id >= 7524400) AND (id <= 7524409))

table 5 : explain SELECT DISTINCT c FROM sbtest5 WHERE id BETWEEN 3685806 AND 3685815 ORDER BY c
	Unique  (cost=42.61..42.67 rows=11 width=121)
	  ->  Sort  (cost=42.61..42.64 rows=11 width=121)
	        Sort Key: c
	        ->  Index Scan using sbtest5_pkey on sbtest5  (cost=0.43..42.42 rows=11 width=121)
	              Index Cond: ((id >= 3685806) AND (id <= 3685815))

table 6 : explain SELECT DISTINCT c FROM sbtest6 WHERE id BETWEEN 1998903 AND 1998912 ORDER BY c
	Unique  (cost=39.43..39.48 rows=10 width=121)
	  ->  Sort  (cost=39.43..39.46 rows=10 width=121)
	        Sort Key: c
	        ->  Index Scan using sbtest6_pkey on sbtest6  (cost=0.43..39.26 rows=10 width=121)
	              Index Cond: ((id >= 1998903) AND (id <= 1998912))

table 7 : explain SELECT DISTINCT c FROM sbtest7 WHERE id BETWEEN 1324418 AND 1324427 ORDER BY c
	Unique  (cost=36.04..36.08 rows=9 width=121)
	  ->  Sort  (cost=36.04..36.06 rows=9 width=121)
	        Sort Key: c
	        ->  Index Scan using sbtest7_pkey on sbtest7  (cost=0.43..35.90 rows=9 width=121)
	              Index Cond: ((id >= 1324418) AND (id <= 1324427))

table 8 : explain SELECT DISTINCT c FROM sbtest8 WHERE id BETWEEN 1229901 AND 1229910 ORDER BY c
	Unique  (cost=39.63..39.68 rows=10 width=121)
	  ->  Sort  (cost=39.63..39.66 rows=10 width=121)
	        Sort Key: c
	        ->  Index Scan using sbtest8_pkey on sbtest8  (cost=0.43..39.47 rows=10 width=121)
	              Index Cond: ((id >= 1229901) AND (id <= 1229910))

for index_updates
table 1 : explain UPDATE sbtest1 SET k=k+1 WHERE id=9152505
	Update on sbtest1  (cost=0.43..8.46 rows=0 width=0)
	  ->  Index Scan using sbtest1_pkey on sbtest1  (cost=0.43..8.46 rows=1 width=10)
	        Index Cond: (id = 9152505)

table 2 : explain UPDATE sbtest2 SET k=k+1 WHERE id=7809662
	Update on sbtest2  (cost=0.43..8.46 rows=0 width=0)
	  ->  Index Scan using sbtest2_pkey on sbtest2  (cost=0.43..8.46 rows=1 width=10)
	        Index Cond: (id = 7809662)

table 3 : explain UPDATE sbtest3 SET k=k+1 WHERE id=9787068
	Update on sbtest3  (cost=0.43..8.46 rows=0 width=0)
	  ->  Index Scan using sbtest3_pkey on sbtest3  (cost=0.43..8.46 rows=1 width=10)
	        Index Cond: (id = 9787068)

table 4 : explain UPDATE sbtest4 SET k=k+1 WHERE id=4917397
	Update on sbtest4  (cost=0.43..8.46 rows=0 width=0)
	  ->  Index Scan using sbtest4_pkey on sbtest4  (cost=0.43..8.46 rows=1 width=10)
	        Index Cond: (id = 4917397)

table 5 : explain UPDATE sbtest5 SET k=k+1 WHERE id=4874270
	Update on sbtest5  (cost=0.43..8.46 rows=0 width=0)
	  ->  Index Scan using sbtest5_pkey on sbtest5  (cost=0.43..8.46 rows=1 width=10)
	        Index Cond: (id = 4874270)

table 6 : explain UPDATE sbtest6 SET k=k+1 WHERE id=9251644
	Update on sbtest6  (cost=0.43..8.46 rows=0 width=0)
	  ->  Index Scan using sbtest6_pkey on sbtest6  (cost=0.43..8.46 rows=1 width=10)
	        Index Cond: (id = 9251644)

table 7 : explain UPDATE sbtest7 SET k=k+1 WHERE id=5106912
	Update on sbtest7  (cost=0.43..8.46 rows=0 width=0)
	  ->  Index Scan using sbtest7_pkey on sbtest7  (cost=0.43..8.46 rows=1 width=10)
	        Index Cond: (id = 5106912)

table 8 : explain UPDATE sbtest8 SET k=k+1 WHERE id=9660213
	Update on sbtest8  (cost=0.43..8.46 rows=0 width=0)
	  ->  Index Scan using sbtest8_pkey on sbtest8  (cost=0.43..8.46 rows=1 width=10)
	        Index Cond: (id = 9660213)

for non_index_updates
table 1 : explain UPDATE sbtest1 SET c='foobar' WHERE id=527046
	Update on sbtest1  (cost=0.43..8.45 rows=0 width=0)
	  ->  Index Scan using sbtest1_pkey on sbtest1  (cost=0.43..8.45 rows=1 width=490)
	        Index Cond: (id = 527046)

table 2 : explain UPDATE sbtest2 SET c='foobar' WHERE id=138666
	Update on sbtest2  (cost=0.43..8.45 rows=0 width=0)
	  ->  Index Scan using sbtest2_pkey on sbtest2  (cost=0.43..8.45 rows=1 width=490)
	        Index Cond: (id = 138666)

table 3 : explain UPDATE sbtest3 SET c='foobar' WHERE id=9025787
	Update on sbtest3  (cost=0.43..8.45 rows=0 width=0)
	  ->  Index Scan using sbtest3_pkey on sbtest3  (cost=0.43..8.45 rows=1 width=490)
	        Index Cond: (id = 9025787)

table 4 : explain UPDATE sbtest4 SET c='foobar' WHERE id=5851368
	Update on sbtest4  (cost=0.43..8.45 rows=0 width=0)
	  ->  Index Scan using sbtest4_pkey on sbtest4  (cost=0.43..8.45 rows=1 width=490)
	        Index Cond: (id = 5851368)

table 5 : explain UPDATE sbtest5 SET c='foobar' WHERE id=9462868
	Update on sbtest5  (cost=0.43..8.45 rows=0 width=0)
	  ->  Index Scan using sbtest5_pkey on sbtest5  (cost=0.43..8.45 rows=1 width=490)
	        Index Cond: (id = 9462868)

table 6 : explain UPDATE sbtest6 SET c='foobar' WHERE id=6822042
	Update on sbtest6  (cost=0.43..8.45 rows=0 width=0)
	  ->  Index Scan using sbtest6_pkey on sbtest6  (cost=0.43..8.45 rows=1 width=490)
	        Index Cond: (id = 6822042)

table 7 : explain UPDATE sbtest7 SET c='foobar' WHERE id=8620636
	Update on sbtest7  (cost=0.43..8.45 rows=0 width=0)
	  ->  Index Scan using sbtest7_pkey on sbtest7  (cost=0.43..8.45 rows=1 width=490)
	        Index Cond: (id = 8620636)

table 8 : explain UPDATE sbtest8 SET c='foobar' WHERE id=2701358
	Update on sbtest8  (cost=0.43..8.45 rows=0 width=0)
	  ->  Index Scan using sbtest8_pkey on sbtest8  (cost=0.43..8.45 rows=1 width=490)
	        Index Cond: (id = 2701358)

for: distinct_ranges
table 1 : explain SELECT DISTINCT c FROM sbtest1 WHERE id BETWEEN 5553483 AND 5553492 ORDER BY c
	Unique  (cost=43.30..43.35 rows=11 width=121)
	  ->  Sort  (cost=43.30..43.33 rows=11 width=121)
	        Sort Key: c
	        ->  Index Scan using sbtest1_pkey on sbtest1  (cost=0.43..43.11 rows=11 width=121)
	              Index Cond: ((id >= 5553483) AND (id <= 5553492))

table 2 : explain SELECT DISTINCT c FROM sbtest2 WHERE id BETWEEN 6521972 AND 6521981 ORDER BY c
	Unique  (cost=39.86..39.91 rows=10 width=121)
	  ->  Sort  (cost=39.86..39.89 rows=10 width=121)
	        Sort Key: c
	        ->  Index Scan using sbtest2_pkey on sbtest2  (cost=0.43..39.70 rows=10 width=121)
	              Index Cond: ((id >= 6521972) AND (id <= 6521981))

table 3 : explain SELECT DISTINCT c FROM sbtest3 WHERE id BETWEEN 553587 AND 553596 ORDER BY c
	Unique  (cost=39.86..39.91 rows=10 width=121)
	  ->  Sort  (cost=39.86..39.89 rows=10 width=121)
	        Sort Key: c
	        ->  Index Scan using sbtest3_pkey on sbtest3  (cost=0.43..39.70 rows=10 width=121)
	              Index Cond: ((id >= 553587) AND (id <= 553596))

table 4 : explain SELECT DISTINCT c FROM sbtest4 WHERE id BETWEEN 1880005 AND 1880014 ORDER BY c
	Unique  (cost=39.48..39.53 rows=10 width=121)
	  ->  Sort  (cost=39.48..39.50 rows=10 width=121)
	        Sort Key: c
	        ->  Index Scan using sbtest4_pkey on sbtest4  (cost=0.43..39.31 rows=10 width=121)
	              Index Cond: ((id >= 1880005) AND (id <= 1880014))

table 5 : explain SELECT DISTINCT c FROM sbtest5 WHERE id BETWEEN 96797 AND 96806 ORDER BY c
	Unique  (cost=39.19..39.24 rows=10 width=121)
	  ->  Sort  (cost=39.19..39.22 rows=10 width=121)
	        Sort Key: c
	        ->  Index Scan using sbtest5_pkey on sbtest5  (cost=0.43..39.02 rows=10 width=121)
	              Index Cond: ((id >= 96797) AND (id <= 96806))

table 6 : explain SELECT DISTINCT c FROM sbtest6 WHERE id BETWEEN 36112 AND 36121 ORDER BY c
	Unique  (cost=39.43..39.48 rows=10 width=121)
	  ->  Sort  (cost=39.43..39.46 rows=10 width=121)
	        Sort Key: c
	        ->  Index Scan using sbtest6_pkey on sbtest6  (cost=0.43..39.26 rows=10 width=121)
	              Index Cond: ((id >= 36112) AND (id <= 36121))

table 7 : explain SELECT DISTINCT c FROM sbtest7 WHERE id BETWEEN 111346 AND 111355 ORDER BY c
	Unique  (cost=39.49..39.54 rows=10 width=121)
	  ->  Sort  (cost=39.49..39.52 rows=10 width=121)
	        Sort Key: c
	        ->  Index Scan using sbtest7_pkey on sbtest7  (cost=0.43..39.33 rows=10 width=121)
	              Index Cond: ((id >= 111346) AND (id <= 111355))

table 8 : explain SELECT DISTINCT c FROM sbtest8 WHERE id BETWEEN 7467875 AND 7467884 ORDER BY c
	Unique  (cost=43.10..43.16 rows=11 width=121)
	  ->  Sort  (cost=43.10..43.13 rows=11 width=121)
	        Sort Key: c
	        ->  Index Scan using sbtest8_pkey on sbtest8  (cost=0.43..42.91 rows=11 width=121)
	              Index Cond: ((id >= 7467875) AND (id <= 7467884))

for index_updates
table 1 : explain UPDATE sbtest1 SET k=k+1 WHERE id=6671275
	Update on sbtest1  (cost=0.43..8.46 rows=0 width=0)
	  ->  Index Scan using sbtest1_pkey on sbtest1  (cost=0.43..8.46 rows=1 width=10)
	        Index Cond: (id = 6671275)

table 2 : explain UPDATE sbtest2 SET k=k+1 WHERE id=9438818
	Update on sbtest2  (cost=0.43..8.46 rows=0 width=0)
	  ->  Index Scan using sbtest2_pkey on sbtest2  (cost=0.43..8.46 rows=1 width=10)
	        Index Cond: (id = 9438818)

table 3 : explain UPDATE sbtest3 SET k=k+1 WHERE id=4139202
	Update on sbtest3  (cost=0.43..8.46 rows=0 width=0)
	  ->  Index Scan using sbtest3_pkey on sbtest3  (cost=0.43..8.46 rows=1 width=10)
	        Index Cond: (id = 4139202)

table 4 : explain UPDATE sbtest4 SET k=k+1 WHERE id=946098
	Update on sbtest4  (cost=0.43..8.46 rows=0 width=0)
	  ->  Index Scan using sbtest4_pkey on sbtest4  (cost=0.43..8.46 rows=1 width=10)
	        Index Cond: (id = 946098)

table 5 : explain UPDATE sbtest5 SET k=k+1 WHERE id=521379
	Update on sbtest5  (cost=0.43..8.46 rows=0 width=0)
	  ->  Index Scan using sbtest5_pkey on sbtest5  (cost=0.43..8.46 rows=1 width=10)
	        Index Cond: (id = 521379)

table 6 : explain UPDATE sbtest6 SET k=k+1 WHERE id=8516909
	Update on sbtest6  (cost=0.43..8.46 rows=0 width=0)
	  ->  Index Scan using sbtest6_pkey on sbtest6  (cost=0.43..8.46 rows=1 width=10)
	        Index Cond: (id = 8516909)

table 7 : explain UPDATE sbtest7 SET k=k+1 WHERE id=8377900
	Update on sbtest7  (cost=0.43..8.46 rows=0 width=0)
	  ->  Index Scan using sbtest7_pkey on sbtest7  (cost=0.43..8.46 rows=1 width=10)
	        Index Cond: (id = 8377900)

table 8 : explain UPDATE sbtest8 SET k=k+1 WHERE id=9914247
	Update on sbtest8  (cost=0.43..8.46 rows=0 width=0)
	  ->  Index Scan using sbtest8_pkey on sbtest8  (cost=0.43..8.46 rows=1 width=10)
	        Index Cond: (id = 9914247)

for: distinct_ranges
table 1 : explain SELECT DISTINCT c FROM sbtest1 WHERE id BETWEEN 6327464 AND 6327473 ORDER BY c
	Unique  (cost=39.81..39.86 rows=10 width=121)
	  ->  Sort  (cost=39.81..39.83 rows=10 width=121)
	        Sort Key: c
	        ->  Index Scan using sbtest1_pkey on sbtest1  (cost=0.43..39.64 rows=10 width=121)
	              Index Cond: ((id >= 6327464) AND (id <= 6327473))

table 2 : explain SELECT DISTINCT c FROM sbtest2 WHERE id BETWEEN 516933 AND 516942 ORDER BY c
	Unique  (cost=43.36..43.41 rows=11 width=121)
	  ->  Sort  (cost=43.36..43.39 rows=11 width=121)
	        Sort Key: c
	        ->  Index Scan using sbtest2_pkey on sbtest2  (cost=0.43..43.17 rows=11 width=121)
	              Index Cond: ((id >= 516933) AND (id <= 516942))

table 3 : explain SELECT DISTINCT c FROM sbtest3 WHERE id BETWEEN 7889279 AND 7889288 ORDER BY c
	Unique  (cost=36.37..36.41 rows=9 width=121)
	  ->  Sort  (cost=36.37..36.39 rows=9 width=121)
	        Sort Key: c
	        ->  Index Scan using sbtest3_pkey on sbtest3  (cost=0.43..36.23 rows=9 width=121)
	              Index Cond: ((id >= 7889279) AND (id <= 7889288))

table 4 : explain SELECT DISTINCT c FROM sbtest4 WHERE id BETWEEN 9048781 AND 9048790 ORDER BY c
	Unique  (cost=39.48..39.53 rows=10 width=121)
	  ->  Sort  (cost=39.48..39.50 rows=10 width=121)
	        Sort Key: c
	        ->  Index Scan using sbtest4_pkey on sbtest4  (cost=0.43..39.31 rows=10 width=121)
	              Index Cond: ((id >= 9048781) AND (id <= 9048790))

table 5 : explain SELECT DISTINCT c FROM sbtest5 WHERE id BETWEEN 547350 AND 547359 ORDER BY c
	Unique  (cost=39.19..39.24 rows=10 width=121)
	  ->  Sort  (cost=39.19..39.22 rows=10 width=121)
	        Sort Key: c
	        ->  Index Scan using sbtest5_pkey on sbtest5  (cost=0.43..39.02 rows=10 width=121)
	              Index Cond: ((id >= 547350) AND (id <= 547359))

table 6 : explain SELECT DISTINCT c FROM sbtest6 WHERE id BETWEEN 1625943 AND 1625952 ORDER BY c
	Unique  (cost=42.88..42.93 rows=11 width=121)
	  ->  Sort  (cost=42.88..42.91 rows=11 width=121)
	        Sort Key: c
	        ->  Index Scan using sbtest6_pkey on sbtest6  (cost=0.43..42.69 rows=11 width=121)
	              Index Cond: ((id >= 1625943) AND (id <= 1625952))

table 7 : explain SELECT DISTINCT c FROM sbtest7 WHERE id BETWEEN 7118856 AND 7118865 ORDER BY c
	Unique  (cost=39.49..39.54 rows=10 width=121)
	  ->  Sort  (cost=39.49..39.52 rows=10 width=121)
	        Sort Key: c
	        ->  Index Scan using sbtest7_pkey on sbtest7  (cost=0.43..39.33 rows=10 width=121)
	              Index Cond: ((id >= 7118856) AND (id <= 7118865))

table 8 : explain SELECT DISTINCT c FROM sbtest8 WHERE id BETWEEN 7404809 AND 7404818 ORDER BY c
	Unique  (cost=39.63..39.68 rows=10 width=121)
	  ->  Sort  (cost=39.63..39.66 rows=10 width=121)
	        Sort Key: c
	        ->  Index Scan using sbtest8_pkey on sbtest8  (cost=0.43..39.47 rows=10 width=121)
	              Index Cond: ((id >= 7404809) AND (id <= 7404818))

explain: for deletes :: explain DELETE FROM sbtest%u WHERE id=%u
for non_index_updates
table 1 : explain UPDATE sbtest1 SET c='foobar' WHERE id=1513824
	Update on sbtest1  (cost=0.43..8.45 rows=0 width=0)
	  ->  Index Scan using sbtest1_pkey on sbtest1  (cost=0.43..8.45 rows=1 width=490)
	        Index Cond: (id = 1513824)

table 2 : explain UPDATE sbtest2 SET c='foobar' WHERE id=3782420
	Update on sbtest2  (cost=0.43..8.45 rows=0 width=0)
	  ->  Index Scan using sbtest2_pkey on sbtest2  (cost=0.43..8.45 rows=1 width=490)
	        Index Cond: (id = 3782420)

table 3 : explain UPDATE sbtest3 SET c='foobar' WHERE id=7211547
	Update on sbtest3  (cost=0.43..8.45 rows=0 width=0)
	  ->  Index Scan using sbtest3_pkey on sbtest3  (cost=0.43..8.45 rows=1 width=490)
	        Index Cond: (id = 7211547)

table 4 : explain UPDATE sbtest4 SET c='foobar' WHERE id=124159
	Update on sbtest4  (cost=0.43..8.45 rows=0 width=0)
	  ->  Index Scan using sbtest4_pkey on sbtest4  (cost=0.43..8.45 rows=1 width=490)
	        Index Cond: (id = 124159)

table 5 : explain UPDATE sbtest5 SET c='foobar' WHERE id=2056129
	Update on sbtest5  (cost=0.43..8.45 rows=0 width=0)
	  ->  Index Scan using sbtest5_pkey on sbtest5  (cost=0.43..8.45 rows=1 width=490)
	        Index Cond: (id = 2056129)

table 6 : explain UPDATE sbtest6 SET c='foobar' WHERE id=7987895
	Update on sbtest6  (cost=0.43..8.45 rows=0 width=0)
	  ->  Index Scan using sbtest6_pkey on sbtest6  (cost=0.43..8.45 rows=1 width=490)
	        Index Cond: (id = 7987895)

table 7 : explain UPDATE sbtest7 SET c='foobar' WHERE id=9388846
	Update on sbtest7  (cost=0.43..8.45 rows=0 width=0)
	  ->  Index Scan using sbtest7_pkey on sbtest7  (cost=0.43..8.45 rows=1 width=490)
	        Index Cond: (id = 9388846)

table 8 : explain UPDATE sbtest8 SET c='foobar' WHERE id=8885866
	Update on sbtest8  (cost=0.43..8.45 rows=0 width=0)
	  ->  Index Scan using sbtest8_pkey on sbtest8  (cost=0.43..8.45 rows=1 width=490)
	        Index Cond: (id = 8885866)

explain: for deletes :: explain DELETE FROM sbtest%u WHERE id=%u
for non_index_updates
table 1 : explain UPDATE sbtest1 SET c='foobar' WHERE id=6003531
	Update on sbtest1  (cost=0.43..8.45 rows=0 width=0)
	  ->  Index Scan using sbtest1_pkey on sbtest1  (cost=0.43..8.45 rows=1 width=490)
	        Index Cond: (id = 6003531)

table 2 : explain UPDATE sbtest2 SET c='foobar' WHERE id=7730996
	Update on sbtest2  (cost=0.43..8.45 rows=0 width=0)
	  ->  Index Scan using sbtest2_pkey on sbtest2  (cost=0.43..8.45 rows=1 width=490)
	        Index Cond: (id = 7730996)

table 3 : explain UPDATE sbtest3 SET c='foobar' WHERE id=4891650
	Update on sbtest3  (cost=0.43..8.45 rows=0 width=0)
	  ->  Index Scan using sbtest3_pkey on sbtest3  (cost=0.43..8.45 rows=1 width=490)
	        Index Cond: (id = 4891650)

table 4 : explain UPDATE sbtest4 SET c='foobar' WHERE id=1361620
	Update on sbtest4  (cost=0.43..8.45 rows=0 width=0)
	  ->  Index Scan using sbtest4_pkey on sbtest4  (cost=0.43..8.45 rows=1 width=490)
	        Index Cond: (id = 1361620)

table 5 : explain UPDATE sbtest5 SET c='foobar' WHERE id=4052540
	Update on sbtest5  (cost=0.43..8.45 rows=0 width=0)
	  ->  Index Scan using sbtest5_pkey on sbtest5  (cost=0.43..8.45 rows=1 width=490)
	        Index Cond: (id = 4052540)

table 6 : explain UPDATE sbtest6 SET c='foobar' WHERE id=8644736
	Update on sbtest6  (cost=0.43..8.45 rows=0 width=0)
	  ->  Index Scan using sbtest6_pkey on sbtest6  (cost=0.43..8.45 rows=1 width=490)
	        Index Cond: (id = 8644736)

table 7 : explain UPDATE sbtest7 SET c='foobar' WHERE id=4100900
	Update on sbtest7  (cost=0.43..8.45 rows=0 width=0)
	  ->  Index Scan using sbtest7_pkey on sbtest7  (cost=0.43..8.45 rows=1 width=490)
	        Index Cond: (id = 4100900)

table 8 : explain UPDATE sbtest8 SET c='foobar' WHERE id=3000130
	Update on sbtest8  (cost=0.43..8.45 rows=0 width=0)
	  ->  Index Scan using sbtest8_pkey on sbtest8  (cost=0.43..8.45 rows=1 width=490)
	        Index Cond: (id = 3000130)

explain: for index_updates :: explain UPDATE sbtest%u SET k=k+1 WHERE id=%ufor non_index_updates
table 1 : explain UPDATE sbtest1 SET c='foobar' WHERE id=3927917
	Update on sbtest1  (cost=0.43..8.45 rows=0 width=0)
	  ->  Index Scan using sbtest1_pkey on sbtest1  (cost=0.43..8.45 rows=1 width=490)
	        Index Cond: (id = 3927917)

table 2 : explain UPDATE sbtest2 SET c='foobar' WHERE id=7535739
	Update on sbtest2  (cost=0.43..8.45 rows=0 width=0)
	  ->  Index Scan using sbtest2_pkey on sbtest2  (cost=0.43..8.45 rows=1 width=490)
	        Index Cond: (id = 7535739)

table 3 : explain UPDATE sbtest3 SET c='foobar' WHERE id=4767900
	Update on sbtest3  (cost=0.43..8.45 rows=0 width=0)
	  ->  Index Scan using sbtest3_pkey on sbtest3  (cost=0.43..8.45 rows=1 width=490)
	        Index Cond: (id = 4767900)

table 4 : explain UPDATE sbtest4 SET c='foobar' WHERE id=7576235
	Update on sbtest4  (cost=0.43..8.45 rows=0 width=0)
	  ->  Index Scan using sbtest4_pkey on sbtest4  (cost=0.43..8.45 rows=1 width=490)
	        Index Cond: (id = 7576235)

table 5 : explain UPDATE sbtest5 SET c='foobar' WHERE id=5252168
	Update on sbtest5  (cost=0.43..8.45 rows=0 width=0)
	  ->  Index Scan using sbtest5_pkey on sbtest5  (cost=0.43..8.45 rows=1 width=490)
	        Index Cond: (id = 5252168)

table 6 : explain UPDATE sbtest6 SET c='foobar' WHERE id=2236049
	Update on sbtest6  (cost=0.43..8.45 rows=0 width=0)
	  ->  Index Scan using sbtest6_pkey on sbtest6  (cost=0.43..8.45 rows=1 width=490)
	        Index Cond: (id = 2236049)

table 7 : explain UPDATE sbtest7 SET c='foobar' WHERE id=6676462
	Update on sbtest7  (cost=0.43..8.45 rows=0 width=0)
	  ->  Index Scan using sbtest7_pkey on sbtest7  (cost=0.43..8.45 rows=1 width=490)
	        Index Cond: (id = 6676462)

table 8 : explain UPDATE sbtest8 SET c='foobar' WHERE id=7417615
	Update on sbtest8  (cost=0.43..8.45 rows=0 width=0)
	  ->  Index Scan using sbtest8_pkey on sbtest8  (cost=0.43..8.45 rows=1 width=490)
	        Index Cond: (id = 7417615)
explain: for non_index_updates :: explain UPDATE sbtest%u SET c='foobar' WHERE id=%u

for inserts
table 1 : explain INSERT INTO sbtest1 (id, k, c, pad) VALUES (6969182, 13, 'foobar', 'foobar')
	Insert on sbtest1  (cost=0.00..0.01 rows=0 width=0)
	  ->  Result  (cost=0.00..0.01 rows=1 width=736)

table 2 : explain INSERT INTO sbtest2 (id, k, c, pad) VALUES (2131605, 13, 'foobar', 'foobar')
	Insert on sbtest2  (cost=0.00..0.01 rows=0 width=0)
	  ->  Result  (cost=0.00..0.01 rows=1 width=736)

table 3 : explain INSERT INTO sbtest3 (id, k, c, pad) VALUES (1218654, 13, 'foobar', 'foobar')
	Insert on sbtest3  (cost=0.00..0.01 rows=0 width=0)
	  ->  Result  (cost=0.00..0.01 rows=1 width=736)

table 4 : explain INSERT INTO sbtest4 (id, k, c, pad) VALUES (6027866, 13, 'foobar', 'foobar')
	Insert on sbtest4  (cost=0.00..0.01 rows=0 width=0)
	  ->  Result  (cost=0.00..0.01 rows=1 width=736)

table 5 : explain INSERT INTO sbtest5 (id, k, c, pad) VALUES (8131965, 13, 'foobar', 'foobar')
	Insert on sbtest5  (cost=0.00..0.01 rows=0 width=0)
	  ->  Result  (cost=0.00..0.01 rows=1 width=736)

table 6 : explain INSERT INTO sbtest6 (id, k, c, pad) VALUES (3901925, 13, 'foobar', 'foobar')
	Insert on sbtest6  (cost=0.00..0.01 rows=0 width=0)
	  ->  Result  (cost=0.00..0.01 rows=1 width=736)

table 7 : explain INSERT INTO sbtest7 (id, k, c, pad) VALUES (4084477, 13, 'foobar', 'foobar')
	Insert on sbtest7  (cost=0.00..0.01 rows=0 width=0)
	  ->  Result  (cost=0.00..0.01 rows=1 width=736)

table 8 : explain INSERT INTO sbtest8 (id, k, c, pad) VALUES (3894586, 13, 'foobar', 'foobar')
	Insert on sbtest8  (cost=0.00..0.01 rows=0 width=0)
	  ->  Result  (cost=0.00..0.01 rows=1 width=736)


for: sum_ranges
table 1 : explain SELECT SUM(k) FROM sbtest1 WHERE id BETWEEN 5067170 AND 5067179
	Aggregate  (cost=39.67..39.68 rows=1 width=8)
	  ->  Index Scan using sbtest1_pkey on sbtest1  (cost=0.43..39.64 rows=10 width=4)
	        Index Cond: ((id >= 5067170) AND (id <= 5067179))

table 2 : explain SELECT SUM(k) FROM sbtest2 WHERE id BETWEEN 677649 AND 677658
	Aggregate  (cost=39.72..39.73 rows=1 width=8)
	  ->  Index Scan using sbtest2_pkey on sbtest2  (cost=0.43..39.70 rows=10 width=4)
	        Index Cond: ((id >= 677649) AND (id <= 677658))

table 3 : explain SELECT SUM(k) FROM sbtest3 WHERE id BETWEEN 2551469 AND 2551478
	Aggregate  (cost=36.25..36.26 rows=1 width=8)
	  ->  Index Scan using sbtest3_pkey on sbtest3  (cost=0.43..36.23 rows=9 width=4)
	        Index Cond: ((id >= 2551469) AND (id <= 2551478))

table 4 : explain SELECT SUM(k) FROM sbtest4 WHERE id BETWEEN 5276868 AND 5276877
	Aggregate  (cost=39.34..39.35 rows=1 width=8)
	  ->  Index Scan using sbtest4_pkey on sbtest4  (cost=0.43..39.31 rows=10 width=4)
	        Index Cond: ((id >= 5276868) AND (id <= 5276877))

table 5 : explain SELECT SUM(k) FROM sbtest5 WHERE id BETWEEN 9729845 AND 9729854
	Aggregate  (cost=39.05..39.06 rows=1 width=8)
	  ->  Index Scan using sbtest5_pkey on sbtest5  (cost=0.43..39.02 rows=10 width=4)
	        Index Cond: ((id >= 9729845) AND (id <= 9729854))

table 6 : explain SELECT SUM(k) FROM sbtest6 WHERE id BETWEEN 3854421 AND 3854430
	Aggregate  (cost=39.29..39.30 rows=1 width=8)
	  ->  Index Scan using sbtest6_pkey on sbtest6  (cost=0.43..39.26 rows=10 width=4)
	        Index Cond: ((id >= 3854421) AND (id <= 3854430))

table 7 : explain SELECT SUM(k) FROM sbtest7 WHERE id BETWEEN 1500643 AND 1500652
	Aggregate  (cost=42.78..42.79 rows=1 width=8)
	  ->  Index Scan using sbtest7_pkey on sbtest7  (cost=0.43..42.76 rows=11 width=4)
	        Index Cond: ((id >= 1500643) AND (id <= 1500652))

table 8 : explain SELECT SUM(k) FROM sbtest8 WHERE id BETWEEN 6256579 AND 6256588
	Aggregate  (cost=36.04..36.05 rows=1 width=8)
	  ->  Index Scan using sbtest8_pkey on sbtest8  (cost=0.43..36.02 rows=9 width=4)
	        Index Cond: ((id >= 6256579) AND (id <= 6256588))

for: order_ranges
table 1 : explain SELECT c FROM sbtest1 WHERE id BETWEEN 5450852 AND 5450861 ORDER BY c
	Sort  (cost=43.30..43.33 rows=11 width=121)
	  Sort Key: c
	  ->  Index Scan using sbtest1_pkey on sbtest1  (cost=0.43..43.11 rows=11 width=121)
	        Index Cond: ((id >= 5450852) AND (id <= 5450861))

table 2 : explain SELECT c FROM sbtest2 WHERE id BETWEEN 5959718 AND 5959727 ORDER BY c
	Sort  (cost=39.86..39.89 rows=10 width=121)
	  Sort Key: c
	  ->  Index Scan using sbtest2_pkey on sbtest2  (cost=0.43..39.70 rows=10 width=121)
	        Index Cond: ((id >= 5959718) AND (id <= 5959727))

table 3 : explain SELECT c FROM sbtest3 WHERE id BETWEEN 6561183 AND 6561192 ORDER BY c
	Sort  (cost=39.86..39.89 rows=10 width=121)
	  Sort Key: c
	  ->  Index Scan using sbtest3_pkey on sbtest3  (cost=0.43..39.70 rows=10 width=121)
	        Index Cond: ((id >= 6561183) AND (id <= 6561192))

table 4 : explain SELECT c FROM sbtest4 WHERE id BETWEEN 6109625 AND 6109634 ORDER BY c
	Sort  (cost=42.93..42.96 rows=11 width=121)
	  Sort Key: c
	  ->  Index Scan using sbtest4_pkey on sbtest4  (cost=0.43..42.74 rows=11 width=121)
	        Index Cond: ((id >= 6109625) AND (id <= 6109634))

table 5 : explain SELECT c FROM sbtest5 WHERE id BETWEEN 2538737 AND 2538746 ORDER BY c
	Sort  (cost=42.61..42.64 rows=11 width=121)
	  Sort Key: c
	  ->  Index Scan using sbtest5_pkey on sbtest5  (cost=0.43..42.42 rows=11 width=121)
	        Index Cond: ((id >= 2538737) AND (id <= 2538746))

table 6 : explain SELECT c FROM sbtest6 WHERE id BETWEEN 8905977 AND 8905986 ORDER BY c
	Sort  (cost=39.43..39.46 rows=10 width=121)
	  Sort Key: c
	  ->  Index Scan using sbtest6_pkey on sbtest6  (cost=0.43..39.26 rows=10 width=121)
	        Index Cond: ((id >= 8905977) AND (id <= 8905986))

table 7 : explain SELECT c FROM sbtest7 WHERE id BETWEEN 2656865 AND 2656874 ORDER BY c
	Sort  (cost=42.95..42.97 rows=11 width=121)
	  Sort Key: c
	  ->  Index Scan using sbtest7_pkey on sbtest7  (cost=0.43..42.76 rows=11 width=121)
	        Index Cond: ((id >= 2656865) AND (id <= 2656874))

table 8 : explain SELECT c FROM sbtest8 WHERE id BETWEEN 921875 AND 921884 ORDER BY c
	Sort  (cost=43.10..43.13 rows=11 width=121)
	  Sort Key: c
	  ->  Index Scan using sbtest8_pkey on sbtest8  (cost=0.43..42.91 rows=11 width=121)
	        Index Cond: ((id >= 921875) AND (id <= 921884))

for index_updates
table 1 : explain UPDATE sbtest1 SET k=k+1 WHERE id=2927861
	Update on sbtest1  (cost=0.43..8.46 rows=0 width=0)
	  ->  Index Scan using sbtest1_pkey on sbtest1  (cost=0.43..8.46 rows=1 width=10)
	        Index Cond: (id = 2927861)

table 2 : explain UPDATE sbtest2 SET k=k+1 WHERE id=1617727
	Update on sbtest2  (cost=0.43..8.46 rows=0 width=0)
	  ->  Index Scan using sbtest2_pkey on sbtest2  (cost=0.43..8.46 rows=1 width=10)
	        Index Cond: (id = 1617727)

table 3 : explain UPDATE sbtest3 SET k=k+1 WHERE id=7826930
	Update on sbtest3  (cost=0.43..8.46 rows=0 width=0)
	  ->  Index Scan using sbtest3_pkey on sbtest3  (cost=0.43..8.46 rows=1 width=10)
	        Index Cond: (id = 7826930)

table 4 : explain UPDATE sbtest4 SET k=k+1 WHERE id=4674825
	Update on sbtest4  (cost=0.43..8.46 rows=0 width=0)
	  ->  Index Scan using sbtest4_pkey on sbtest4  (cost=0.43..8.46 rows=1 width=10)
	        Index Cond: (id = 4674825)

table 5 : explain UPDATE sbtest5 SET k=k+1 WHERE id=5692261
	Update on sbtest5  (cost=0.43..8.46 rows=0 width=0)
	  ->  Index Scan using sbtest5_pkey on sbtest5  (cost=0.43..8.46 rows=1 width=10)
	        Index Cond: (id = 5692261)

table 6 : explain UPDATE sbtest6 SET k=k+1 WHERE id=5960801
	Update on sbtest6  (cost=0.43..8.46 rows=0 width=0)
	  ->  Index Scan using sbtest6_pkey on sbtest6  (cost=0.43..8.46 rows=1 width=10)
	        Index Cond: (id = 5960801)

table 7 : explain UPDATE sbtest7 SET k=k+1 WHERE id=9386972
	Update on sbtest7  (cost=0.43..8.46 rows=0 width=0)
	  ->  Index Scan using sbtest7_pkey on sbtest7  (cost=0.43..8.46 rows=1 width=10)
	        Index Cond: (id = 9386972)

table 8 : explain UPDATE sbtest8 SET k=k+1 WHERE id=964325
	Update on sbtest8  (cost=0.43..8.46 rows=0 width=0)
	  ->  Index Scan using sbtest8_pkey on sbtest8  (cost=0.43..8.46 rows=1 width=10)
	        Index Cond: (id = 964325)
for index_updates
table 1 : explain UPDATE sbtest1 SET k=k+1 WHERE id=3211943
	Update on sbtest1  (cost=0.43..8.46 rows=0 width=0)
	  ->  Index Scan using sbtest1_pkey on sbtest1  (cost=0.43..8.46 rows=1 width=10)
	        Index Cond: (id = 3211943)

table 2 : explain UPDATE sbtest2 SET k=k+1 WHERE id=3411406
	Update on sbtest2  (cost=0.43..8.46 rows=0 width=0)
	  ->  Index Scan using sbtest2_pkey on sbtest2  (cost=0.43..8.46 rows=1 width=10)
	        Index Cond: (id = 3411406)

table 3 : explain UPDATE sbtest3 SET k=k+1 WHERE id=7109851
	Update on sbtest3  (cost=0.43..8.46 rows=0 width=0)
	  ->  Index Scan using sbtest3_pkey on sbtest3  (cost=0.43..8.46 rows=1 width=10)
	        Index Cond: (id = 7109851)

table 4 : explain UPDATE sbtest4 SET k=k+1 WHERE id=902593
	Update on sbtest4  (cost=0.43..8.46 rows=0 width=0)
	  ->  Index Scan using sbtest4_pkey on sbtest4  (cost=0.43..8.46 rows=1 width=10)
	        Index Cond: (id = 902593)

table 5 : explain UPDATE sbtest5 SET k=k+1 WHERE id=5437207
	Update on sbtest5  (cost=0.43..8.46 rows=0 width=0)
	  ->  Index Scan using sbtest5_pkey on sbtest5  (cost=0.43..8.46 rows=1 width=10)
	        Index Cond: (id = 5437207)

table 6 : explain UPDATE sbtest6 SET k=k+1 WHERE id=3348955
	Update on sbtest6  (cost=0.43..8.46 rows=0 width=0)
	  ->  Index Scan using sbtest6_pkey on sbtest6  (cost=0.43..8.46 rows=1 width=10)
	        Index Cond: (id = 3348955)

table 7 : explain UPDATE sbtest7 SET k=k+1 WHERE id=5161914
	Update on sbtest7  (cost=0.43..8.46 rows=0 width=0)
	  ->  Index Scan using sbtest7_pkey on sbtest7  (cost=0.43..8.46 rows=1 width=10)
	        Index Cond: (id = 5161914)

table 8 : explain UPDATE sbtest8 SET k=k+1 WHERE id=9654745
	Update on sbtest8  (cost=0.43..8.46 rows=0 width=0)
	  ->  Index Scan using sbtest8_pkey on sbtest8  (cost=0.43..8.46 rows=1 width=10)
	        Index Cond: (id = 9654745)


for: distinct_ranges
table 1 : explain SELECT DISTINCT c FROM sbtest1 WHERE id BETWEEN 9000511 AND 9000520 ORDER BY c
	Unique  (cost=36.32..36.37 rows=9 width=121)
	  ->  Sort  (cost=36.32..36.34 rows=9 width=121)
	        Sort Key: c
	        ->  Index Scan using sbtest1_pkey on sbtest1  (cost=0.43..36.18 rows=9 width=121)
	              Index Cond: ((id >= 9000511) AND (id <= 9000520))

table 2 : explain SELECT DISTINCT c FROM sbtest2 WHERE id BETWEEN 4248277 AND 4248286 ORDER BY c
	Unique  (cost=36.37..36.41 rows=9 width=121)
	  ->  Sort  (cost=36.37..36.39 rows=9 width=121)
	        Sort Key: c
	        ->  Index Scan using sbtest2_pkey on sbtest2  (cost=0.43..36.23 rows=9 width=121)
	              Index Cond: ((id >= 4248277) AND (id <= 4248286))

table 3 : explain SELECT DISTINCT c FROM sbtest3 WHERE id BETWEEN 1117925 AND 1117934 ORDER BY c
	Unique  (cost=39.86..39.91 rows=10 width=121)
	  ->  Sort  (cost=39.86..39.89 rows=10 width=121)
	        Sort Key: c
	        ->  Index Scan using sbtest3_pkey on sbtest3  (cost=0.43..39.70 rows=10 width=121)
	              Index Cond: ((id >= 1117925) AND (id <= 1117934))

table 4 : explain SELECT DISTINCT c FROM sbtest4 WHERE id BETWEEN 9820153 AND 9820162 ORDER BY c
	Unique  (cost=42.93..42.99 rows=11 width=121)
	  ->  Sort  (cost=42.93..42.96 rows=11 width=121)
	        Sort Key: c
	        ->  Index Scan using sbtest4_pkey on sbtest4  (cost=0.43..42.74 rows=11 width=121)
	              Index Cond: ((id >= 9820153) AND (id <= 9820162))

table 5 : explain SELECT DISTINCT c FROM sbtest5 WHERE id BETWEEN 7614748 AND 7614757 ORDER BY c
	Unique  (cost=39.19..39.24 rows=10 width=121)
	  ->  Sort  (cost=39.19..39.22 rows=10 width=121)
	        Sort Key: c
	        ->  Index Scan using sbtest5_pkey on sbtest5  (cost=0.43..39.02 rows=10 width=121)
	              Index Cond: ((id >= 7614748) AND (id <= 7614757))

table 6 : explain SELECT DISTINCT c FROM sbtest6 WHERE id BETWEEN 6243649 AND 6243658 ORDER BY c
	Unique  (cost=35.98..36.03 rows=9 width=121)
	  ->  Sort  (cost=35.98..36.01 rows=9 width=121)
	        Sort Key: c
	        ->  Index Scan using sbtest6_pkey on sbtest6  (cost=0.43..35.84 rows=9 width=121)
	              Index Cond: ((id >= 6243649) AND (id <= 6243658))

table 7 : explain SELECT DISTINCT c FROM sbtest7 WHERE id BETWEEN 5616832 AND 5616841 ORDER BY c
	Unique  (cost=39.49..39.54 rows=10 width=121)
	  ->  Sort  (cost=39.49..39.52 rows=10 width=121)
	        Sort Key: c
	        ->  Index Scan using sbtest7_pkey on sbtest7  (cost=0.43..39.33 rows=10 width=121)
	              Index Cond: ((id >= 5616832) AND (id <= 5616841))

table 8 : explain SELECT DISTINCT c FROM sbtest8 WHERE id BETWEEN 9525182 AND 9525191 ORDER BY c
	Unique  (cost=43.10..43.16 rows=11 width=121)
	  ->  Sort  (cost=43.10..43.13 rows=11 width=121)
	        Sort Key: c
	        ->  Index Scan using sbtest8_pkey on sbtest8  (cost=0.43..42.91 rows=11 width=121)
	              Index Cond: ((id >= 9525182) AND (id <= 9525191))

explain: for deletes :: explain DELETE FROM sbtest%u WHERE id=%u
explain: for index_updates :: explain UPDATE sbtest%u SET k=k+1 WHERE id=%u
for non_index_updates
table 1 : explain UPDATE sbtest1 SET c='foobar' WHERE id=815387
	Update on sbtest1  (cost=0.43..8.45 rows=0 width=0)
	  ->  Index Scan using sbtest1_pkey on sbtest1  (cost=0.43..8.45 rows=1 width=490)
	        Index Cond: (id = 815387)

table 2 : explain UPDATE sbtest2 SET c='foobar' WHERE id=4337948
	Update on sbtest2  (cost=0.43..8.45 rows=0 width=0)
	  ->  Index Scan using sbtest2_pkey on sbtest2  (cost=0.43..8.45 rows=1 width=490)
	        Index Cond: (id = 4337948)

table 3 : explain UPDATE sbtest3 SET c='foobar' WHERE id=5222191
	Update on sbtest3  (cost=0.43..8.45 rows=0 width=0)
	  ->  Index Scan using sbtest3_pkey on sbtest3  (cost=0.43..8.45 rows=1 width=490)
	        Index Cond: (id = 5222191)

table 4 : explain UPDATE sbtest4 SET c='foobar' WHERE id=7726558
	Update on sbtest4  (cost=0.43..8.45 rows=0 width=0)
	  ->  Index Scan using sbtest4_pkey on sbtest4  (cost=0.43..8.45 rows=1 width=490)
	        Index Cond: (id = 7726558)

table 5 : explain UPDATE sbtest5 SET c='foobar' WHERE id=7702571
	Update on sbtest5  (cost=0.43..8.45 rows=0 width=0)
	  ->  Index Scan using sbtest5_pkey on sbtest5  (cost=0.43..8.45 rows=1 width=490)
	        Index Cond: (id = 7702571)

table 6 : explain UPDATE sbtest6 SET c='foobar' WHERE id=2890475
	Update on sbtest6  (cost=0.43..8.45 rows=0 width=0)
	  ->  Index Scan using sbtest6_pkey on sbtest6  (cost=0.43..8.45 rows=1 width=490)
	        Index Cond: (id = 2890475)

table 7 : explain UPDATE sbtest7 SET c='foobar' WHERE id=8681475
	Update on sbtest7  (cost=0.43..8.45 rows=0 width=0)
	  ->  Index Scan using sbtest7_pkey on sbtest7  (cost=0.43..8.45 rows=1 width=490)
	        Index Cond: (id = 8681475)

table 8 : explain UPDATE sbtest8 SET c='foobar' WHERE id=234873
	Update on sbtest8  (cost=0.43..8.45 rows=0 width=0)
	  ->  Index Scan using sbtest8_pkey on sbtest8  (cost=0.43..8.45 rows=1 width=490)
	        Index Cond: (id = 234873)

explain: for non_index_updates :: explain UPDATE sbtest%u SET c='foobar' WHERE id=%u
explain: for index_updates :: explain UPDATE sbtest%u SET k=k+1 WHERE id=%u
for: simple_ranges
table 1 : explain SELECT c FROM sbtest1 WHERE id BETWEEN 4860047 AND 4860056
	Index Scan using sbtest1_pkey on sbtest1  (cost=0.43..39.64 rows=10 width=121)
	  Index Cond: ((id >= 4860047) AND (id <= 4860056))

table 2 : explain SELECT c FROM sbtest2 WHERE id BETWEEN 6537933 AND 6537942
	Index Scan using sbtest2_pkey on sbtest2  (cost=0.43..39.70 rows=10 width=121)
	  Index Cond: ((id >= 6537933) AND (id <= 6537942))

table 3 : explain SELECT c FROM sbtest3 WHERE id BETWEEN 7656719 AND 7656728
	Index Scan using sbtest3_pkey on sbtest3  (cost=0.43..39.70 rows=10 width=121)
	  Index Cond: ((id >= 7656719) AND (id <= 7656728))

table 4 : explain SELECT c FROM sbtest4 WHERE id BETWEEN 7452983 AND 7452992
	Index Scan using sbtest4_pkey on sbtest4  (cost=0.43..39.31 rows=10 width=121)
	  Index Cond: ((id >= 7452983) AND (id <= 7452992))

table 5 : explain SELECT c FROM sbtest5 WHERE id BETWEEN 2574277 AND 2574286
	Index Scan using sbtest5_pkey on sbtest5  (cost=0.43..42.42 rows=11 width=121)
	  Index Cond: ((id >= 2574277) AND (id <= 2574286))

table 6 : explain SELECT c FROM sbtest6 WHERE id BETWEEN 7003608 AND 7003617
	Index Scan using sbtest6_pkey on sbtest6  (cost=0.43..35.84 rows=9 width=121)
	  Index Cond: ((id >= 7003608) AND (id <= 7003617))

table 7 : explain SELECT c FROM sbtest7 WHERE id BETWEEN 6705416 AND 6705425
	Index Scan using sbtest7_pkey on sbtest7  (cost=0.43..39.33 rows=10 width=121)
	  Index Cond: ((id >= 6705416) AND (id <= 6705425))

table 8 : explain SELECT c FROM sbtest8 WHERE id BETWEEN 7987738 AND 7987747
	Index Scan using sbtest8_pkey on sbtest8  (cost=0.43..39.47 rows=10 width=121)
	  Index Cond: ((id >= 7987738) AND (id <= 7987747))

for point_selects
table 1 : explain SELECT c FROM sbtest1 WHERE id=3233139
	Index Scan using sbtest1_pkey on sbtest1  (cost=0.43..8.45 rows=1 width=121)
	  Index Cond: (id = 3233139)

table 2 : explain SELECT c FROM sbtest2 WHERE id=6695110
	Index Scan using sbtest2_pkey on sbtest2  (cost=0.43..8.45 rows=1 width=121)
	  Index Cond: (id = 6695110)

table 3 : explain SELECT c FROM sbtest3 WHERE id=6961335
	Index Scan using sbtest3_pkey on sbtest3  (cost=0.43..8.45 rows=1 width=121)
	  Index Cond: (id = 6961335)

table 4 : explain SELECT c FROM sbtest4 WHERE id=267902
	Index Scan using sbtest4_pkey on sbtest4  (cost=0.43..8.45 rows=1 width=121)
	  Index Cond: (id = 267902)

table 5 : explain SELECT c FROM sbtest5 WHERE id=523412
	Index Scan using sbtest5_pkey on sbtest5  (cost=0.43..8.45 rows=1 width=121)
	  Index Cond: (id = 523412)

table 6 : explain SELECT c FROM sbtest6 WHERE id=6011832
	Index Scan using sbtest6_pkey on sbtest6  (cost=0.43..8.45 rows=1 width=121)
	  Index Cond: (id = 6011832)

table 7 : explain SELECT c FROM sbtest7 WHERE id=7768424
	Index Scan using sbtest7_pkey on sbtest7  (cost=0.43..8.45 rows=1 width=121)
	  Index Cond: (id = 7768424)

table 8 : explain SELECT c FROM sbtest8 WHERE id=7896871
	Index Scan using sbtest8_pkey on sbtest8  (cost=0.43..8.45 rows=1 width=121)
	  Index Cond: (id = 7896871)

explain: for deletes :: explain DELETE FROM sbtest%u WHERE id=%u
explain: for deletes :: explain DELETE FROM sbtest%u WHERE id=%u
for: distinct_ranges
table 1 : explain SELECT DISTINCT c FROM sbtest1 WHERE id BETWEEN 162891 AND 162900 ORDER BY c
	Unique  (cost=39.81..39.86 rows=10 width=121)
	  ->  Sort  (cost=39.81..39.83 rows=10 width=121)
	        Sort Key: c
	        ->  Index Scan using sbtest1_pkey on sbtest1  (cost=0.43..39.64 rows=10 width=121)
	              Index Cond: ((id >= 162891) AND (id <= 162900))

table 2 : explain SELECT DISTINCT c FROM sbtest2 WHERE id BETWEEN 4243535 AND 4243544 ORDER BY c
	Unique  (cost=36.37..36.41 rows=9 width=121)
	  ->  Sort  (cost=36.37..36.39 rows=9 width=121)
	        Sort Key: c
	        ->  Index Scan using sbtest2_pkey on sbtest2  (cost=0.43..36.23 rows=9 width=121)
	              Index Cond: ((id >= 4243535) AND (id <= 4243544))

table 3 : explain SELECT DISTINCT c FROM sbtest3 WHERE id BETWEEN 7901056 AND 7901065 ORDER BY c
	Unique  (cost=36.37..36.41 rows=9 width=121)
	  ->  Sort  (cost=36.37..36.39 rows=9 width=121)
	        Sort Key: c
	        ->  Index Scan using sbtest3_pkey on sbtest3  (cost=0.43..36.23 rows=9 width=121)
	              Index Cond: ((id >= 7901056) AND (id <= 7901065))

table 4 : explain SELECT DISTINCT c FROM sbtest4 WHERE id BETWEEN 4738490 AND 4738499 ORDER BY c
	Unique  (cost=42.93..42.99 rows=11 width=121)
	  ->  Sort  (cost=42.93..42.96 rows=11 width=121)
	        Sort Key: c
	        ->  Index Scan using sbtest4_pkey on sbtest4  (cost=0.43..42.74 rows=11 width=121)
	              Index Cond: ((id >= 4738490) AND (id <= 4738499))

table 5 : explain SELECT DISTINCT c FROM sbtest5 WHERE id BETWEEN 2292178 AND 2292187 ORDER BY c
	Unique  (cost=39.19..39.24 rows=10 width=121)
	  ->  Sort  (cost=39.19..39.22 rows=10 width=121)
	        Sort Key: c
	        ->  Index Scan using sbtest5_pkey on sbtest5  (cost=0.43..39.02 rows=10 width=121)
	              Index Cond: ((id >= 2292178) AND (id <= 2292187))

table 6 : explain SELECT DISTINCT c FROM sbtest6 WHERE id BETWEEN 8996544 AND 8996553 ORDER BY c
	Unique  (cost=39.43..39.48 rows=10 width=121)
	  ->  Sort  (cost=39.43..39.46 rows=10 width=121)
	        Sort Key: c
	        ->  Index Scan using sbtest6_pkey on sbtest6  (cost=0.43..39.26 rows=10 width=121)
	              Index Cond: ((id >= 8996544) AND (id <= 8996553))

table 7 : explain SELECT DISTINCT c FROM sbtest7 WHERE id BETWEEN 9870600 AND 9870609 ORDER BY c
	Unique  (cost=42.95..43.00 rows=11 width=121)
	  ->  Sort  (cost=42.95..42.97 rows=11 width=121)
	        Sort Key: c
	        ->  Index Scan using sbtest7_pkey on sbtest7  (cost=0.43..42.76 rows=11 width=121)
	              Index Cond: ((id >= 9870600) AND (id <= 9870609))

table 8 : explain SELECT DISTINCT c FROM sbtest8 WHERE id BETWEEN 1152824 AND 1152833 ORDER BY c
	Unique  (cost=39.63..39.68 rows=10 width=121)
	  ->  Sort  (cost=39.63..39.66 rows=10 width=121)
	        Sort Key: c
	        ->  Index Scan using sbtest8_pkey on sbtest8  (cost=0.43..39.47 rows=10 width=121)
	              Index Cond: ((id >= 1152824) AND (id <= 1152833))

explain: for deletes :: explain DELETE FROM sbtest%u WHERE id=%u
explain: for non_index_updates :: explain UPDATE sbtest%u SET c='foobar' WHERE id=%ufor point_selects
table 1 : explain SELECT c FROM sbtest1 WHERE id=518989
	Index Scan using sbtest1_pkey on sbtest1  (cost=0.43..8.45 rows=1 width=121)
	  Index Cond: (id = 518989)

table 2 : explain SELECT c FROM sbtest2 WHERE id=4897235
	Index Scan using sbtest2_pkey on sbtest2  (cost=0.43..8.45 rows=1 width=121)
	  Index Cond: (id = 4897235)

table 3 : explain SELECT c FROM sbtest3 WHERE id=1927987
	Index Scan using sbtest3_pkey on sbtest3  (cost=0.43..8.45 rows=1 width=121)
	  Index Cond: (id = 1927987)

table 4 : explain SELECT c FROM sbtest4 WHERE id=959733
	Index Scan using sbtest4_pkey on sbtest4  (cost=0.43..8.45 rows=1 width=121)
	  Index Cond: (id = 959733)

table 5 : explain SELECT c FROM sbtest5 WHERE id=4816242
	Index Scan using sbtest5_pkey on sbtest5  (cost=0.43..8.45 rows=1 width=121)
	  Index Cond: (id = 4816242)

table 6 : explain SELECT c FROM sbtest6 WHERE id=2304733
	Index Scan using sbtest6_pkey on sbtest6  (cost=0.43..8.45 rows=1 width=121)
	  Index Cond: (id = 2304733)

table 7 : explain SELECT c FROM sbtest7 WHERE id=2679776
	Index Scan using sbtest7_pkey on sbtest7  (cost=0.43..8.45 rows=1 width=121)
	  Index Cond: (id = 2679776)

table 8 : explain SELECT c FROM sbtest8 WHERE id=2090745
	Index Scan using sbtest8_pkey on sbtest8  (cost=0.43..8.45 rows=1 width=121)
	  Index Cond: (id = 2090745)

explain: for index_updates :: explain UPDATE sbtest%u SET k=k+1 WHERE id=%u
for deletes
table 1 : explain DELETE FROM sbtest1 WHERE id=8832439
	Delete on sbtest1  (cost=0.43..8.45 rows=0 width=0)
	  ->  Index Scan using sbtest1_pkey on sbtest1  (cost=0.43..8.45 rows=1 width=6)
	        Index Cond: (id = 8832439)

table 2 : explain DELETE FROM sbtest2 WHERE id=2723086
	Delete on sbtest2  (cost=0.43..8.45 rows=0 width=0)
	  ->  Index Scan using sbtest2_pkey on sbtest2  (cost=0.43..8.45 rows=1 width=6)
	        Index Cond: (id = 2723086)

table 3 : explain DELETE FROM sbtest3 WHERE id=3310016
	Delete on sbtest3  (cost=0.43..8.45 rows=0 width=0)
	  ->  Index Scan using sbtest3_pkey on sbtest3  (cost=0.43..8.45 rows=1 width=6)
	        Index Cond: (id = 3310016)

table 4 : explain DELETE FROM sbtest4 WHERE id=9037158
	Delete on sbtest4  (cost=0.43..8.45 rows=0 width=0)
	  ->  Index Scan using sbtest4_pkey on sbtest4  (cost=0.43..8.45 rows=1 width=6)
	        Index Cond: (id = 9037158)

table 5 : explain DELETE FROM sbtest5 WHERE id=1158904
	Delete on sbtest5  (cost=0.43..8.45 rows=0 width=0)
	  ->  Index Scan using sbtest5_pkey on sbtest5  (cost=0.43..8.45 rows=1 width=6)
	        Index Cond: (id = 1158904)

table 6 : explain DELETE FROM sbtest6 WHERE id=1023776
	Delete on sbtest6  (cost=0.43..8.45 rows=0 width=0)
	  ->  Index Scan using sbtest6_pkey on sbtest6  (cost=0.43..8.45 rows=1 width=6)
	        Index Cond: (id = 1023776)

table 7 : explain DELETE FROM sbtest7 WHERE id=538367
	Delete on sbtest7  (cost=0.43..8.45 rows=0 width=0)
	  ->  Index Scan using sbtest7_pkey on sbtest7  (cost=0.43..8.45 rows=1 width=6)
	        Index Cond: (id = 538367)

table 8 : explain DELETE FROM sbtest8 WHERE id=1792051
	Delete on sbtest8  (cost=0.43..8.45 rows=0 width=0)
	  ->  Index Scan using sbtest8_pkey on sbtest8  (cost=0.43..8.45 rows=1 width=6)
	        Index Cond: (id = 1792051)


for point_selects
table 1 : explain SELECT c FROM sbtest1 WHERE id=3822851
	Index Scan using sbtest1_pkey on sbtest1  (cost=0.43..8.45 rows=1 width=121)
	  Index Cond: (id = 3822851)

table 2 : explain SELECT c FROM sbtest2 WHERE id=9528195
	Index Scan using sbtest2_pkey on sbtest2  (cost=0.43..8.45 rows=1 width=121)
	  Index Cond: (id = 9528195)

table 3 : explain SELECT c FROM sbtest3 WHERE id=9789931
	Index Scan using sbtest3_pkey on sbtest3  (cost=0.43..8.45 rows=1 width=121)
	  Index Cond: (id = 9789931)

table 4 : explain SELECT c FROM sbtest4 WHERE id=1095737
	Index Scan using sbtest4_pkey on sbtest4  (cost=0.43..8.45 rows=1 width=121)
	  Index Cond: (id = 1095737)

table 5 : explain SELECT c FROM sbtest5 WHERE id=9720502
	Index Scan using sbtest5_pkey on sbtest5  (cost=0.43..8.45 rows=1 width=121)
	  Index Cond: (id = 9720502)

table 6 : explain SELECT c FROM sbtest6 WHERE id=4256057
	Index Scan using sbtest6_pkey on sbtest6  (cost=0.43..8.45 rows=1 width=121)
	  Index Cond: (id = 4256057)

table 7 : explain SELECT c FROM sbtest7 WHERE id=9301872
	Index Scan using sbtest7_pkey on sbtest7  (cost=0.43..8.45 rows=1 width=121)
	  Index Cond: (id = 9301872)

table 8 : explain SELECT c FROM sbtest8 WHERE id=482649
	Index Scan using sbtest8_pkey on sbtest8  (cost=0.43..8.45 rows=1 width=121)
	  Index Cond: (id = 482649)

for index_updates
table 1 : explain UPDATE sbtest1 SET k=k+1 WHERE id=4930373
	Update on sbtest1  (cost=0.43..8.46 rows=0 width=0)
	  ->  Index Scan using sbtest1_pkey on sbtest1  (cost=0.43..8.46 rows=1 width=10)
	        Index Cond: (id = 4930373)

table 2 : explain UPDATE sbtest2 SET k=k+1 WHERE id=7521599
	Update on sbtest2  (cost=0.43..8.46 rows=0 width=0)
	  ->  Index Scan using sbtest2_pkey on sbtest2  (cost=0.43..8.46 rows=1 width=10)
	        Index Cond: (id = 7521599)

table 3 : explain UPDATE sbtest3 SET k=k+1 WHERE id=4735561
	Update on sbtest3  (cost=0.43..8.46 rows=0 width=0)
	  ->  Index Scan using sbtest3_pkey on sbtest3  (cost=0.43..8.46 rows=1 width=10)
	        Index Cond: (id = 4735561)

table 4 : explain UPDATE sbtest4 SET k=k+1 WHERE id=7372578
	Update on sbtest4  (cost=0.43..8.46 rows=0 width=0)
	  ->  Index Scan using sbtest4_pkey on sbtest4  (cost=0.43..8.46 rows=1 width=10)
	        Index Cond: (id = 7372578)

table 5 : explain UPDATE sbtest5 SET k=k+1 WHERE id=5398759
	Update on sbtest5  (cost=0.43..8.46 rows=0 width=0)
	  ->  Index Scan using sbtest5_pkey on sbtest5  (cost=0.43..8.46 rows=1 width=10)
	        Index Cond: (id = 5398759)

table 6 : explain UPDATE sbtest6 SET k=k+1 WHERE id=3947469
	Update on sbtest6  (cost=0.43..8.46 rows=0 width=0)
	  ->  Index Scan using sbtest6_pkey on sbtest6  (cost=0.43..8.46 rows=1 width=10)
	        Index Cond: (id = 3947469)

table 7 : explain UPDATE sbtest7 SET k=k+1 WHERE id=282541
	Update on sbtest7  (cost=0.43..8.46 rows=0 width=0)
	  ->  Index Scan using sbtest7_pkey on sbtest7  (cost=0.43..8.46 rows=1 width=10)
	        Index Cond: (id = 282541)

table 8 : explain UPDATE sbtest8 SET k=k+1 WHERE id=9170653
	Update on sbtest8  (cost=0.43..8.46 rows=0 width=0)
	  ->  Index Scan using sbtest8_pkey on sbtest8  (cost=0.43..8.46 rows=1 width=10)
	        Index Cond: (id = 9170653)

explain: for non_index_updates :: explain UPDATE sbtest%u SET c='foobar' WHERE id=%ufor deletes
table 1 : explain DELETE FROM sbtest1 WHERE id=7169368
	Delete on sbtest1  (cost=0.43..8.45 rows=0 width=0)
	  ->  Index Scan using sbtest1_pkey on sbtest1  (cost=0.43..8.45 rows=1 width=6)
	        Index Cond: (id = 7169368)

table 2 : explain DELETE FROM sbtest2 WHERE id=6482103
	Delete on sbtest2  (cost=0.43..8.45 rows=0 width=0)
	  ->  Index Scan using sbtest2_pkey on sbtest2  (cost=0.43..8.45 rows=1 width=6)
	        Index Cond: (id = 6482103)

table 3 : explain DELETE FROM sbtest3 WHERE id=5406200
	Delete on sbtest3  (cost=0.43..8.45 rows=0 width=0)
	  ->  Index Scan using sbtest3_pkey on sbtest3  (cost=0.43..8.45 rows=1 width=6)
	        Index Cond: (id = 5406200)

table 4 : explain DELETE FROM sbtest4 WHERE id=7611905
	Delete on sbtest4  (cost=0.43..8.45 rows=0 width=0)
	  ->  Index Scan using sbtest4_pkey on sbtest4  (cost=0.43..8.45 rows=1 width=6)
	        Index Cond: (id = 7611905)

table 5 : explain DELETE FROM sbtest5 WHERE id=1076130
	Delete on sbtest5  (cost=0.43..8.45 rows=0 width=0)
	  ->  Index Scan using sbtest5_pkey on sbtest5  (cost=0.43..8.45 rows=1 width=6)
	        Index Cond: (id = 1076130)

table 6 : explain DELETE FROM sbtest6 WHERE id=7742563
	Delete on sbtest6  (cost=0.43..8.45 rows=0 width=0)
	  ->  Index Scan using sbtest6_pkey on sbtest6  (cost=0.43..8.45 rows=1 width=6)
	        Index Cond: (id = 7742563)

table 7 : explain DELETE FROM sbtest7 WHERE id=3291295
	Delete on sbtest7  (cost=0.43..8.45 rows=0 width=0)
	  ->  Index Scan using sbtest7_pkey on sbtest7  (cost=0.43..8.45 rows=1 width=6)
	        Index Cond: (id = 3291295)

table 8 : explain DELETE FROM sbtest8 WHERE id=4005432
	Delete on sbtest8  (cost=0.43..8.45 rows=0 width=0)
	  ->  Index Scan using sbtest8_pkey on sbtest8  (cost=0.43..8.45 rows=1 width=6)
	        Index Cond: (id = 4005432)

for: distinct_ranges
table 1 : explain SELECT DISTINCT c FROM sbtest1 WHERE id BETWEEN 4636809 AND 4636818 ORDER BY c
	Unique  (cost=43.30..43.35 rows=11 width=121)
	  ->  Sort  (cost=43.30..43.33 rows=11 width=121)
	        Sort Key: c
	        ->  Index Scan using sbtest1_pkey on sbtest1  (cost=0.43..43.11 rows=11 width=121)
	              Index Cond: ((id >= 4636809) AND (id <= 4636818))

table 2 : explain SELECT DISTINCT c FROM sbtest2 WHERE id BETWEEN 6186646 AND 6186655 ORDER BY c
	Unique  (cost=39.86..39.91 rows=10 width=121)
	  ->  Sort  (cost=39.86..39.89 rows=10 width=121)
	        Sort Key: c
	        ->  Index Scan using sbtest2_pkey on sbtest2  (cost=0.43..39.70 rows=10 width=121)
	              Index Cond: ((id >= 6186646) AND (id <= 6186655))

table 3 : explain SELECT DISTINCT c FROM sbtest3 WHERE id BETWEEN 8615560 AND 8615569 ORDER BY c
	Unique  (cost=39.86..39.91 rows=10 width=121)
	  ->  Sort  (cost=39.86..39.89 rows=10 width=121)
	        Sort Key: c
	        ->  Index Scan using sbtest3_pkey on sbtest3  (cost=0.43..39.70 rows=10 width=121)
	              Index Cond: ((id >= 8615560) AND (id <= 8615569))

table 4 : explain SELECT DISTINCT c FROM sbtest4 WHERE id BETWEEN 1068165 AND 1068174 ORDER BY c
	Unique  (cost=39.48..39.53 rows=10 width=121)
	  ->  Sort  (cost=39.48..39.50 rows=10 width=121)
	        Sort Key: c
	        ->  Index Scan using sbtest4_pkey on sbtest4  (cost=0.43..39.31 rows=10 width=121)
	              Index Cond: ((id >= 1068165) AND (id <= 1068174))

table 5 : explain SELECT DISTINCT c FROM sbtest5 WHERE id BETWEEN 9196191 AND 9196200 ORDER BY c
	Unique  (cost=35.77..35.82 rows=9 width=121)
	  ->  Sort  (cost=35.77..35.79 rows=9 width=121)
	        Sort Key: c
	        ->  Index Scan using sbtest5_pkey on sbtest5  (cost=0.43..35.63 rows=9 width=121)
	              Index Cond: ((id >= 9196191) AND (id <= 9196200))

table 6 : explain SELECT DISTINCT c FROM sbtest6 WHERE id BETWEEN 2638062 AND 2638071 ORDER BY c
	Unique  (cost=39.43..39.48 rows=10 width=121)
	  ->  Sort  (cost=39.43..39.46 rows=10 width=121)
	        Sort Key: c
	        ->  Index Scan using sbtest6_pkey on sbtest6  (cost=0.43..39.26 rows=10 width=121)
	              Index Cond: ((id >= 2638062) AND (id <= 2638071))

table 7 : explain SELECT DISTINCT c FROM sbtest7 WHERE id BETWEEN 6592505 AND 6592514 ORDER BY c
	Unique  (cost=39.49..39.54 rows=10 width=121)
	  ->  Sort  (cost=39.49..39.52 rows=10 width=121)
	        Sort Key: c
	        ->  Index Scan using sbtest7_pkey on sbtest7  (cost=0.43..39.33 rows=10 width=121)
	              Index Cond: ((id >= 6592505) AND (id <= 6592514))

table 8 : explain SELECT DISTINCT c FROM sbtest8 WHERE id BETWEEN 5149703 AND 5149712 ORDER BY c
	Unique  (cost=39.63..39.68 rows=10 width=121)
	  ->  Sort  (cost=39.63..39.66 rows=10 width=121)
	        Sort Key: c
	        ->  Index Scan using sbtest8_pkey on sbtest8  (cost=0.43..39.47 rows=10 width=121)
	              Index Cond: ((id >= 5149703) AND (id <= 5149712))

for non_index_updates
table 1 : explain UPDATE sbtest1 SET c='foobar' WHERE id=6813462
	Update on sbtest1  (cost=0.43..8.45 rows=0 width=0)
	  ->  Index Scan using sbtest1_pkey on sbtest1  (cost=0.43..8.45 rows=1 width=490)
	        Index Cond: (id = 6813462)

table 2 : explain UPDATE sbtest2 SET c='foobar' WHERE id=4341268
	Update on sbtest2  (cost=0.43..8.45 rows=0 width=0)
	  ->  Index Scan using sbtest2_pkey on sbtest2  (cost=0.43..8.45 rows=1 width=490)
	        Index Cond: (id = 4341268)

table 3 : explain UPDATE sbtest3 SET c='foobar' WHERE id=8512064
	Update on sbtest3  (cost=0.43..8.45 rows=0 width=0)
	  ->  Index Scan using sbtest3_pkey on sbtest3  (cost=0.43..8.45 rows=1 width=490)
	        Index Cond: (id = 8512064)

table 4 : explain UPDATE sbtest4 SET c='foobar' WHERE id=2345410
	Update on sbtest4  (cost=0.43..8.45 rows=0 width=0)
	  ->  Index Scan using sbtest4_pkey on sbtest4  (cost=0.43..8.45 rows=1 width=490)
	        Index Cond: (id = 2345410)

table 5 : explain UPDATE sbtest5 SET c='foobar' WHERE id=9517213
	Update on sbtest5  (cost=0.43..8.45 rows=0 width=0)
	  ->  Index Scan using sbtest5_pkey on sbtest5  (cost=0.43..8.45 rows=1 width=490)
	        Index Cond: (id = 9517213)

table 6 : explain UPDATE sbtest6 SET c='foobar' WHERE id=4054205
	Update on sbtest6  (cost=0.43..8.45 rows=0 width=0)
	  ->  Index Scan using sbtest6_pkey on sbtest6  (cost=0.43..8.45 rows=1 width=490)
	        Index Cond: (id = 4054205)

table 7 : explain UPDATE sbtest7 SET c='foobar' WHERE id=9868720
	Update on sbtest7  (cost=0.43..8.45 rows=0 width=0)
	  ->  Index Scan using sbtest7_pkey on sbtest7  (cost=0.43..8.45 rows=1 width=490)
	        Index Cond: (id = 9868720)

table 8 : explain UPDATE sbtest8 SET c='foobar' WHERE id=5599372
	Update on sbtest8  (cost=0.43..8.45 rows=0 width=0)
	  ->  Index Scan using sbtest8_pkey on sbtest8  (cost=0.43..8.45 rows=1 width=490)
	        Index Cond: (id = 5599372)

for deletes
table 1 : explain DELETE FROM sbtest1 WHERE id=5433080
	Delete on sbtest1  (cost=0.43..8.45 rows=0 width=0)
	  ->  Index Scan using sbtest1_pkey on sbtest1  (cost=0.43..8.45 rows=1 width=6)
	        Index Cond: (id = 5433080)

table 2 : explain DELETE FROM sbtest2 WHERE id=2404826
	Delete on sbtest2  (cost=0.43..8.45 rows=0 width=0)
	  ->  Index Scan using sbtest2_pkey on sbtest2  (cost=0.43..8.45 rows=1 width=6)
	        Index Cond: (id = 2404826)

table 3 : explain DELETE FROM sbtest3 WHERE id=809345
	Delete on sbtest3  (cost=0.43..8.45 rows=0 width=0)
	  ->  Index Scan using sbtest3_pkey on sbtest3  (cost=0.43..8.45 rows=1 width=6)
	        Index Cond: (id = 809345)

table 4 : explain DELETE FROM sbtest4 WHERE id=3498393
	Delete on sbtest4  (cost=0.43..8.45 rows=0 width=0)
	  ->  Index Scan using sbtest4_pkey on sbtest4  (cost=0.43..8.45 rows=1 width=6)
	        Index Cond: (id = 3498393)

table 5 : explain DELETE FROM sbtest5 WHERE id=9444112
	Delete on sbtest5  (cost=0.43..8.45 rows=0 width=0)
	  ->  Index Scan using sbtest5_pkey on sbtest5  (cost=0.43..8.45 rows=1 width=6)
	        Index Cond: (id = 9444112)

table 6 : explain DELETE FROM sbtest6 WHERE id=4401294
	Delete on sbtest6  (cost=0.43..8.45 rows=0 width=0)
	  ->  Index Scan using sbtest6_pkey on sbtest6  (cost=0.43..8.45 rows=1 width=6)
	        Index Cond: (id = 4401294)

table 7 : explain DELETE FROM sbtest7 WHERE id=8900368
	Delete on sbtest7  (cost=0.43..8.45 rows=0 width=0)
	  ->  Index Scan using sbtest7_pkey on sbtest7  (cost=0.43..8.45 rows=1 width=6)
	        Index Cond: (id = 8900368)

table 8 : explain DELETE FROM sbtest8 WHERE id=2668091
	Delete on sbtest8  (cost=0.43..8.45 rows=0 width=0)
	  ->  Index Scan using sbtest8_pkey on sbtest8  (cost=0.43..8.45 rows=1 width=6)
	        Index Cond: (id = 2668091)


for inserts
table 1 : explain INSERT INTO sbtest1 (id, k, c, pad) VALUES (7333999, 13, 'foobar', 'foobar')
	Insert on sbtest1  (cost=0.00..0.01 rows=0 width=0)
	  ->  Result  (cost=0.00..0.01 rows=1 width=736)

table 2 : explain INSERT INTO sbtest2 (id, k, c, pad) VALUES (4841802, 13, 'foobar', 'foobar')
	Insert on sbtest2  (cost=0.00..0.01 rows=0 width=0)
	  ->  Result  (cost=0.00..0.01 rows=1 width=736)

table 3 : explain INSERT INTO sbtest3 (id, k, c, pad) VALUES (5006848, 13, 'foobar', 'foobar')
	Insert on sbtest3  (cost=0.00..0.01 rows=0 width=0)
	  ->  Result  (cost=0.00..0.01 rows=1 width=736)

table 4 : explain INSERT INTO sbtest4 (id, k, c, pad) VALUES (4816338, 13, 'foobar', 'foobar')
	Insert on sbtest4  (cost=0.00..0.01 rows=0 width=0)
	  ->  Result  (cost=0.00..0.01 rows=1 width=736)

table 5 : explain INSERT INTO sbtest5 (id, k, c, pad) VALUES (521917, 13, 'foobar', 'foobar')
	Insert on sbtest5  (cost=0.00..0.01 rows=0 width=0)
	  ->  Result  (cost=0.00..0.01 rows=1 width=736)

table 6 : explain INSERT INTO sbtest6 (id, k, c, pad) VALUES (7029119, 13, 'foobar', 'foobar')
	Insert on sbtest6  (cost=0.00..0.01 rows=0 width=0)
	  ->  Result  (cost=0.00..0.01 rows=1 width=736)

table 7 : explain INSERT INTO sbtest7 (id, k, c, pad) VALUES (8184669, 13, 'foobar', 'foobar')
	Insert on sbtest7  (cost=0.00..0.01 rows=0 width=0)
	  ->  Result  (cost=0.00..0.01 rows=1 width=736)

table 8 : explain INSERT INTO sbtest8 (id, k, c, pad) VALUES (1242247, 13, 'foobar', 'foobar')
	Insert on sbtest8  (cost=0.00..0.01 rows=0 width=0)
	  ->  Result  (cost=0.00..0.01 rows=1 width=736)

for: sum_ranges
table 1 : explain SELECT SUM(k) FROM sbtest1 WHERE id BETWEEN 6407940 AND 6407949
	Aggregate  (cost=39.67..39.68 rows=1 width=8)
	  ->  Index Scan using sbtest1_pkey on sbtest1  (cost=0.43..39.64 rows=10 width=4)
	        Index Cond: ((id >= 6407940) AND (id <= 6407949))

table 2 : explain SELECT SUM(k) FROM sbtest2 WHERE id BETWEEN 8405638 AND 8405647
	Aggregate  (cost=39.72..39.73 rows=1 width=8)
	  ->  Index Scan using sbtest2_pkey on sbtest2  (cost=0.43..39.70 rows=10 width=4)
	        Index Cond: ((id >= 8405638) AND (id <= 8405647))

table 3 : explain SELECT SUM(k) FROM sbtest3 WHERE id BETWEEN 6028778 AND 6028787
	Aggregate  (cost=39.72..39.73 rows=1 width=8)
	  ->  Index Scan using sbtest3_pkey on sbtest3  (cost=0.43..39.70 rows=10 width=4)
	        Index Cond: ((id >= 6028778) AND (id <= 6028787))

table 4 : explain SELECT SUM(k) FROM sbtest4 WHERE id BETWEEN 3715282 AND 3715291
	Aggregate  (cost=39.34..39.35 rows=1 width=8)
	  ->  Index Scan using sbtest4_pkey on sbtest4  (cost=0.43..39.31 rows=10 width=4)
	        Index Cond: ((id >= 3715282) AND (id <= 3715291))

table 5 : explain SELECT SUM(k) FROM sbtest5 WHERE id BETWEEN 2199348 AND 2199357
	Aggregate  (cost=42.45..42.46 rows=1 width=8)
	  ->  Index Scan using sbtest5_pkey on sbtest5  (cost=0.43..42.42 rows=11 width=4)
	        Index Cond: ((id >= 2199348) AND (id <= 2199357))

table 6 : explain SELECT SUM(k) FROM sbtest6 WHERE id BETWEEN 5365667 AND 5365676
	Aggregate  (cost=39.29..39.30 rows=1 width=8)
	  ->  Index Scan using sbtest6_pkey on sbtest6  (cost=0.43..39.26 rows=10 width=4)
	        Index Cond: ((id >= 5365667) AND (id <= 5365676))

table 7 : explain SELECT SUM(k) FROM sbtest7 WHERE id BETWEEN 8702046 AND 8702055
	Aggregate  (cost=39.35..39.36 rows=1 width=8)
	  ->  Index Scan using sbtest7_pkey on sbtest7  (cost=0.43..39.33 rows=10 width=4)
	        Index Cond: ((id >= 8702046) AND (id <= 8702055))

table 8 : explain SELECT SUM(k) FROM sbtest8 WHERE id BETWEEN 896099 AND 896108
	Aggregate  (cost=42.94..42.95 rows=1 width=8)
	  ->  Index Scan using sbtest8_pkey on sbtest8  (cost=0.43..42.91 rows=11 width=4)
	        Index Cond: ((id >= 896099) AND (id <= 896108))

explain: for index_updates :: explain UPDATE sbtest%u SET k=k+1 WHERE id=%u
for index_updates
table 1 : explain UPDATE sbtest1 SET k=k+1 WHERE id=7117777
	Update on sbtest1  (cost=0.43..8.46 rows=0 width=0)
	  ->  Index Scan using sbtest1_pkey on sbtest1  (cost=0.43..8.46 rows=1 width=10)
	        Index Cond: (id = 7117777)

table 2 : explain UPDATE sbtest2 SET k=k+1 WHERE id=5896512
	Update on sbtest2  (cost=0.43..8.46 rows=0 width=0)
	  ->  Index Scan using sbtest2_pkey on sbtest2  (cost=0.43..8.46 rows=1 width=10)
	        Index Cond: (id = 5896512)

table 3 : explain UPDATE sbtest3 SET k=k+1 WHERE id=3146758
	Update on sbtest3  (cost=0.43..8.46 rows=0 width=0)
	  ->  Index Scan using sbtest3_pkey on sbtest3  (cost=0.43..8.46 rows=1 width=10)
	        Index Cond: (id = 3146758)

table 4 : explain UPDATE sbtest4 SET k=k+1 WHERE id=2311933
	Update on sbtest4  (cost=0.43..8.46 rows=0 width=0)
	  ->  Index Scan using sbtest4_pkey on sbtest4  (cost=0.43..8.46 rows=1 width=10)
	        Index Cond: (id = 2311933)

table 5 : explain UPDATE sbtest5 SET k=k+1 WHERE id=8353276
	Update on sbtest5  (cost=0.43..8.46 rows=0 width=0)
	  ->  Index Scan using sbtest5_pkey on sbtest5  (cost=0.43..8.46 rows=1 width=10)
	        Index Cond: (id = 8353276)

table 6 : explain UPDATE sbtest6 SET k=k+1 WHERE id=9647353
	Update on sbtest6  (cost=0.43..8.46 rows=0 width=0)
	  ->  Index Scan using sbtest6_pkey on sbtest6  (cost=0.43..8.46 rows=1 width=10)
	        Index Cond: (id = 9647353)

table 7 : explain UPDATE sbtest7 SET k=k+1 WHERE id=4224949
	Update on sbtest7  (cost=0.43..8.46 rows=0 width=0)
	  ->  Index Scan using sbtest7_pkey on sbtest7  (cost=0.43..8.46 rows=1 width=10)
	        Index Cond: (id = 4224949)

table 8 : explain UPDATE sbtest8 SET k=k+1 WHERE id=4797720
	Update on sbtest8  (cost=0.43..8.46 rows=0 width=0)
	  ->  Index Scan using sbtest8_pkey on sbtest8  (cost=0.43..8.46 rows=1 width=10)
	        Index Cond: (id = 4797720)

for index_updates
table 1 : explain UPDATE sbtest1 SET k=k+1 WHERE id=2073774
	Update on sbtest1  (cost=0.43..8.46 rows=0 width=0)
	  ->  Index Scan using sbtest1_pkey on sbtest1  (cost=0.43..8.46 rows=1 width=10)
	        Index Cond: (id = 2073774)

table 2 : explain UPDATE sbtest2 SET k=k+1 WHERE id=3870215
	Update on sbtest2  (cost=0.43..8.46 rows=0 width=0)
	  ->  Index Scan using sbtest2_pkey on sbtest2  (cost=0.43..8.46 rows=1 width=10)
	        Index Cond: (id = 3870215)

table 3 : explain UPDATE sbtest3 SET k=k+1 WHERE id=8382361
	Update on sbtest3  (cost=0.43..8.46 rows=0 width=0)
	  ->  Index Scan using sbtest3_pkey on sbtest3  (cost=0.43..8.46 rows=1 width=10)
	        Index Cond: (id = 8382361)

table 4 : explain UPDATE sbtest4 SET k=k+1 WHERE id=9545967
	Update on sbtest4  (cost=0.43..8.46 rows=0 width=0)
	  ->  Index Scan using sbtest4_pkey on sbtest4  (cost=0.43..8.46 rows=1 width=10)
	        Index Cond: (id = 9545967)

table 5 : explain UPDATE sbtest5 SET k=k+1 WHERE id=66311
	Update on sbtest5  (cost=0.43..8.46 rows=0 width=0)
	  ->  Index Scan using sbtest5_pkey on sbtest5  (cost=0.43..8.46 rows=1 width=10)
	        Index Cond: (id = 66311)

table 6 : explain UPDATE sbtest6 SET k=k+1 WHERE id=2542824
	Update on sbtest6  (cost=0.43..8.46 rows=0 width=0)
	  ->  Index Scan using sbtest6_pkey on sbtest6  (cost=0.43..8.46 rows=1 width=10)
	        Index Cond: (id = 2542824)

table 7 : explain UPDATE sbtest7 SET k=k+1 WHERE id=990942
	Update on sbtest7  (cost=0.43..8.46 rows=0 width=0)
	  ->  Index Scan using sbtest7_pkey on sbtest7  (cost=0.43..8.46 rows=1 width=10)
	        Index Cond: (id = 990942)

table 8 : explain UPDATE sbtest8 SET k=k+1 WHERE id=2132948
	Update on sbtest8  (cost=0.43..8.46 rows=0 width=0)
	  ->  Index Scan using sbtest8_pkey on sbtest8  (cost=0.43..8.46 rows=1 width=10)
	        Index Cond: (id = 2132948)

for deletes
table 1 : explain DELETE FROM sbtest1 WHERE id=5012177
	Delete on sbtest1  (cost=0.43..8.45 rows=0 width=0)
	  ->  Index Scan using sbtest1_pkey on sbtest1  (cost=0.43..8.45 rows=1 width=6)
	        Index Cond: (id = 5012177)

table 2 : explain DELETE FROM sbtest2 WHERE id=4015419
	Delete on sbtest2  (cost=0.43..8.45 rows=0 width=0)
	  ->  Index Scan using sbtest2_pkey on sbtest2  (cost=0.43..8.45 rows=1 width=6)
	        Index Cond: (id = 4015419)

table 3 : explain DELETE FROM sbtest3 WHERE id=240220
	Delete on sbtest3  (cost=0.43..8.45 rows=0 width=0)
	  ->  Index Scan using sbtest3_pkey on sbtest3  (cost=0.43..8.45 rows=1 width=6)
	        Index Cond: (id = 240220)

table 4 : explain DELETE FROM sbtest4 WHERE id=9791304
	Delete on sbtest4  (cost=0.43..8.45 rows=0 width=0)
	  ->  Index Scan using sbtest4_pkey on sbtest4  (cost=0.43..8.45 rows=1 width=6)
	        Index Cond: (id = 9791304)

table 5 : explain DELETE FROM sbtest5 WHERE id=7962407
	Delete on sbtest5  (cost=0.43..8.45 rows=0 width=0)
	  ->  Index Scan using sbtest5_pkey on sbtest5  (cost=0.43..8.45 rows=1 width=6)
	        Index Cond: (id = 7962407)

table 6 : explain DELETE FROM sbtest6 WHERE id=6809904
	Delete on sbtest6  (cost=0.43..8.45 rows=0 width=0)
	  ->  Index Scan using sbtest6_pkey on sbtest6  (cost=0.43..8.45 rows=1 width=6)
	        Index Cond: (id = 6809904)

table 7 : explain DELETE FROM sbtest7 WHERE id=4545015
	Delete on sbtest7  (cost=0.43..8.45 rows=0 width=0)
	  ->  Index Scan using sbtest7_pkey on sbtest7  (cost=0.43..8.45 rows=1 width=6)
	        Index Cond: (id = 4545015)

table 8 : explain DELETE FROM sbtest8 WHERE id=6951284
	Delete on sbtest8  (cost=0.43..8.45 rows=0 width=0)
	  ->  Index Scan using sbtest8_pkey on sbtest8  (cost=0.43..8.45 rows=1 width=6)
	        Index Cond: (id = 6951284)

for non_index_updates
table 1 : explain UPDATE sbtest1 SET c='foobar' WHERE id=5213172
	Update on sbtest1  (cost=0.43..8.45 rows=0 width=0)
	  ->  Index Scan using sbtest1_pkey on sbtest1  (cost=0.43..8.45 rows=1 width=490)
	        Index Cond: (id = 5213172)

table 2 : explain UPDATE sbtest2 SET c='foobar' WHERE id=373052
	Update on sbtest2  (cost=0.43..8.45 rows=0 width=0)
	  ->  Index Scan using sbtest2_pkey on sbtest2  (cost=0.43..8.45 rows=1 width=490)
	        Index Cond: (id = 373052)

table 3 : explain UPDATE sbtest3 SET c='foobar' WHERE id=9841760
	Update on sbtest3  (cost=0.43..8.45 rows=0 width=0)
	  ->  Index Scan using sbtest3_pkey on sbtest3  (cost=0.43..8.45 rows=1 width=490)
	        Index Cond: (id = 9841760)

table 4 : explain UPDATE sbtest4 SET c='foobar' WHERE id=6160326
	Update on sbtest4  (cost=0.43..8.45 rows=0 width=0)
	  ->  Index Scan using sbtest4_pkey on sbtest4  (cost=0.43..8.45 rows=1 width=490)
	        Index Cond: (id = 6160326)

table 5 : explain UPDATE sbtest5 SET c='foobar' WHERE id=9682397
	Update on sbtest5  (cost=0.43..8.45 rows=0 width=0)
	  ->  Index Scan using sbtest5_pkey on sbtest5  (cost=0.43..8.45 rows=1 width=490)
	        Index Cond: (id = 9682397)

table 6 : explain UPDATE sbtest6 SET c='foobar' WHERE id=1861167
	Update on sbtest6  (cost=0.43..8.45 rows=0 width=0)
	  ->  Index Scan using sbtest6_pkey on sbtest6  (cost=0.43..8.45 rows=1 width=490)
	        Index Cond: (id = 1861167)

table 7 : explain UPDATE sbtest7 SET c='foobar' WHERE id=1784911
	Update on sbtest7  (cost=0.43..8.45 rows=0 width=0)
	  ->  Index Scan using sbtest7_pkey on sbtest7  (cost=0.43..8.45 rows=1 width=490)
	        Index Cond: (id = 1784911)

table 8 : explain UPDATE sbtest8 SET c='foobar' WHERE id=1159681
	Update on sbtest8  (cost=0.43..8.45 rows=0 width=0)
	  ->  Index Scan using sbtest8_pkey on sbtest8  (cost=0.43..8.45 rows=1 width=490)
	        Index Cond: (id = 1159681)

for deletes
table 1 : explain DELETE FROM sbtest1 WHERE id=5931445
	Delete on sbtest1  (cost=0.43..8.45 rows=0 width=0)
	  ->  Index Scan using sbtest1_pkey on sbtest1  (cost=0.43..8.45 rows=1 width=6)
	        Index Cond: (id = 5931445)

table 2 : explain DELETE FROM sbtest2 WHERE id=5094454
	Delete on sbtest2  (cost=0.43..8.45 rows=0 width=0)
	  ->  Index Scan using sbtest2_pkey on sbtest2  (cost=0.43..8.45 rows=1 width=6)
	        Index Cond: (id = 5094454)

table 3 : explain DELETE FROM sbtest3 WHERE id=2989464
	Delete on sbtest3  (cost=0.43..8.45 rows=0 width=0)
	  ->  Index Scan using sbtest3_pkey on sbtest3  (cost=0.43..8.45 rows=1 width=6)
	        Index Cond: (id = 2989464)

table 4 : explain DELETE FROM sbtest4 WHERE id=900970
	Delete on sbtest4  (cost=0.43..8.45 rows=0 width=0)
	  ->  Index Scan using sbtest4_pkey on sbtest4  (cost=0.43..8.45 rows=1 width=6)
	        Index Cond: (id = 900970)

table 5 : explain DELETE FROM sbtest5 WHERE id=7061727
	Delete on sbtest5  (cost=0.43..8.45 rows=0 width=0)
	  ->  Index Scan using sbtest5_pkey on sbtest5  (cost=0.43..8.45 rows=1 width=6)
	        Index Cond: (id = 7061727)

table 6 : explain DELETE FROM sbtest6 WHERE id=1385352
	Delete on sbtest6  (cost=0.43..8.45 rows=0 width=0)
	  ->  Index Scan using sbtest6_pkey on sbtest6  (cost=0.43..8.45 rows=1 width=6)
	        Index Cond: (id = 1385352)

table 7 : explain DELETE FROM sbtest7 WHERE id=3209974
	Delete on sbtest7  (cost=0.43..8.45 rows=0 width=0)
	  ->  Index Scan using sbtest7_pkey on sbtest7  (cost=0.43..8.45 rows=1 width=6)
	        Index Cond: (id = 3209974)

table 8 : explain DELETE FROM sbtest8 WHERE id=1968231
	Delete on sbtest8  (cost=0.43..8.45 rows=0 width=0)
	  ->  Index Scan using sbtest8_pkey on sbtest8  (cost=0.43..8.45 rows=1 width=6)
	        Index Cond: (id = 1968231)

for deletes
table 1 : explain DELETE FROM sbtest1 WHERE id=7921054
	Delete on sbtest1  (cost=0.43..8.45 rows=0 width=0)
	  ->  Index Scan using sbtest1_pkey on sbtest1  (cost=0.43..8.45 rows=1 width=6)
	        Index Cond: (id = 7921054)

table 2 : explain DELETE FROM sbtest2 WHERE id=8357106
	Delete on sbtest2  (cost=0.43..8.45 rows=0 width=0)
	  ->  Index Scan using sbtest2_pkey on sbtest2  (cost=0.43..8.45 rows=1 width=6)
	        Index Cond: (id = 8357106)

table 3 : explain DELETE FROM sbtest3 WHERE id=5825228
	Delete on sbtest3  (cost=0.43..8.45 rows=0 width=0)
	  ->  Index Scan using sbtest3_pkey on sbtest3  (cost=0.43..8.45 rows=1 width=6)
	        Index Cond: (id = 5825228)

table 4 : explain DELETE FROM sbtest4 WHERE id=2698930
	Delete on sbtest4  (cost=0.43..8.45 rows=0 width=0)
	  ->  Index Scan using sbtest4_pkey on sbtest4  (cost=0.43..8.45 rows=1 width=6)
	        Index Cond: (id = 2698930)

table 5 : explain DELETE FROM sbtest5 WHERE id=7202116
	Delete on sbtest5  (cost=0.43..8.45 rows=0 width=0)
	  ->  Index Scan using sbtest5_pkey on sbtest5  (cost=0.43..8.45 rows=1 width=6)
	        Index Cond: (id = 7202116)

table 6 : explain DELETE FROM sbtest6 WHERE id=386679
	Delete on sbtest6  (cost=0.43..8.45 rows=0 width=0)
	  ->  Index Scan using sbtest6_pkey on sbtest6  (cost=0.43..8.45 rows=1 width=6)
	        Index Cond: (id = 386679)

table 7 : explain DELETE FROM sbtest7 WHERE id=2604860
	Delete on sbtest7  (cost=0.43..8.45 rows=0 width=0)
	  ->  Index Scan using sbtest7_pkey on sbtest7  (cost=0.43..8.45 rows=1 width=6)
	        Index Cond: (id = 2604860)

table 8 : explain DELETE FROM sbtest8 WHERE id=737144
	Delete on sbtest8  (cost=0.43..8.45 rows=0 width=0)
	  ->  Index Scan using sbtest8_pkey on sbtest8  (cost=0.43..8.45 rows=1 width=6)
	        Index Cond: (id = 737144)

explain: for deletes :: explain DELETE FROM sbtest%u WHERE id=%u
explain: for inserts :: explain INSERT INTO sbtest%u (id, k, c, pad) VALUES (%u, 13, 'foobar', 'foobar')
explain: for non_index_updates :: explain UPDATE sbtest%u SET c='foobar' WHERE id=%u
explain: for non_index_updates :: explain UPDATE sbtest%u SET c='foobar' WHERE id=%u
explain: for index_updates :: explain UPDATE sbtest%u SET k=k+1 WHERE id=%u
for index_updates
table 1 : explain UPDATE sbtest1 SET k=k+1 WHERE id=1661300
	Update on sbtest1  (cost=0.43..8.46 rows=0 width=0)
	  ->  Index Scan using sbtest1_pkey on sbtest1  (cost=0.43..8.46 rows=1 width=10)
	        Index Cond: (id = 1661300)

table 2 : explain UPDATE sbtest2 SET k=k+1 WHERE id=8860225
	Update on sbtest2  (cost=0.43..8.46 rows=0 width=0)
	  ->  Index Scan using sbtest2_pkey on sbtest2  (cost=0.43..8.46 rows=1 width=10)
	        Index Cond: (id = 8860225)

table 3 : explain UPDATE sbtest3 SET k=k+1 WHERE id=4513171
	Update on sbtest3  (cost=0.43..8.46 rows=0 width=0)
	  ->  Index Scan using sbtest3_pkey on sbtest3  (cost=0.43..8.46 rows=1 width=10)
	        Index Cond: (id = 4513171)

table 4 : explain UPDATE sbtest4 SET k=k+1 WHERE id=3185833
	Update on sbtest4  (cost=0.43..8.46 rows=0 width=0)
	  ->  Index Scan using sbtest4_pkey on sbtest4  (cost=0.43..8.46 rows=1 width=10)
	        Index Cond: (id = 3185833)

table 5 : explain UPDATE sbtest5 SET k=k+1 WHERE id=8272538
	Update on sbtest5  (cost=0.43..8.46 rows=0 width=0)
	  ->  Index Scan using sbtest5_pkey on sbtest5  (cost=0.43..8.46 rows=1 width=10)
	        Index Cond: (id = 8272538)

table 6 : explain UPDATE sbtest6 SET k=k+1 WHERE id=2946308
	Update on sbtest6  (cost=0.43..8.46 rows=0 width=0)
	  ->  Index Scan using sbtest6_pkey on sbtest6  (cost=0.43..8.46 rows=1 width=10)
	        Index Cond: (id = 2946308)

table 7 : explain UPDATE sbtest7 SET k=k+1 WHERE id=9640947
	Update on sbtest7  (cost=0.43..8.46 rows=0 width=0)
	  ->  Index Scan using sbtest7_pkey on sbtest7  (cost=0.43..8.46 rows=1 width=10)
	        Index Cond: (id = 9640947)

table 8 : explain UPDATE sbtest8 SET k=k+1 WHERE id=2047929
	Update on sbtest8  (cost=0.43..8.46 rows=0 width=0)
	  ->  Index Scan using sbtest8_pkey on sbtest8  (cost=0.43..8.46 rows=1 width=10)
	        Index Cond: (id = 2047929)

explain: for deletes :: explain DELETE FROM sbtest%u WHERE id=%u
for non_index_updates
table 1 : explain UPDATE sbtest1 SET c='foobar' WHERE id=4843460
	Update on sbtest1  (cost=0.43..8.45 rows=0 width=0)
	  ->  Index Scan using sbtest1_pkey on sbtest1  (cost=0.43..8.45 rows=1 width=490)
	        Index Cond: (id = 4843460)

table 2 : explain UPDATE sbtest2 SET c='foobar' WHERE id=6332908
	Update on sbtest2  (cost=0.43..8.45 rows=0 width=0)
	  ->  Index Scan using sbtest2_pkey on sbtest2  (cost=0.43..8.45 rows=1 width=490)
	        Index Cond: (id = 6332908)

table 3 : explain UPDATE sbtest3 SET c='foobar' WHERE id=6929894
	Update on sbtest3  (cost=0.43..8.45 rows=0 width=0)
	  ->  Index Scan using sbtest3_pkey on sbtest3  (cost=0.43..8.45 rows=1 width=490)
	        Index Cond: (id = 6929894)

table 4 : explain UPDATE sbtest4 SET c='foobar' WHERE id=7049485
	Update on sbtest4  (cost=0.43..8.45 rows=0 width=0)
	  ->  Index Scan using sbtest4_pkey on sbtest4  (cost=0.43..8.45 rows=1 width=490)
	        Index Cond: (id = 7049485)

table 5 : explain UPDATE sbtest5 SET c='foobar' WHERE id=6214290
	Update on sbtest5  (cost=0.43..8.45 rows=0 width=0)
	  ->  Index Scan using sbtest5_pkey on sbtest5  (cost=0.43..8.45 rows=1 width=490)
	        Index Cond: (id = 6214290)

table 6 : explain UPDATE sbtest6 SET c='foobar' WHERE id=4138020
	Update on sbtest6  (cost=0.43..8.45 rows=0 width=0)
	  ->  Index Scan using sbtest6_pkey on sbtest6  (cost=0.43..8.45 rows=1 width=490)
	        Index Cond: (id = 4138020)

table 7 : explain UPDATE sbtest7 SET c='foobar' WHERE id=9546954
	Update on sbtest7  (cost=0.43..8.45 rows=0 width=0)
	  ->  Index Scan using sbtest7_pkey on sbtest7  (cost=0.43..8.45 rows=1 width=490)
	        Index Cond: (id = 9546954)

table 8 : explain UPDATE sbtest8 SET c='foobar' WHERE id=7451305
	Update on sbtest8  (cost=0.43..8.45 rows=0 width=0)
	  ->  Index Scan using sbtest8_pkey on sbtest8  (cost=0.43..8.45 rows=1 width=490)
	        Index Cond: (id = 7451305)

explain: for inserts :: explain INSERT INTO sbtest%u (id, k, c, pad) VALUES (%u, 13, 'foobar', 'foobar')
explain: for index_updates :: explain UPDATE sbtest%u SET k=k+1 WHERE id=%u
explain: for non_index_updates :: explain UPDATE sbtest%u SET c='foobar' WHERE id=%u
for index_updates
table 1 : explain UPDATE sbtest1 SET k=k+1 WHERE id=9809559
	Update on sbtest1  (cost=0.43..8.46 rows=0 width=0)
	  ->  Index Scan using sbtest1_pkey on sbtest1  (cost=0.43..8.46 rows=1 width=10)
	        Index Cond: (id = 9809559)

table 2 : explain UPDATE sbtest2 SET k=k+1 WHERE id=7156870
	Update on sbtest2  (cost=0.43..8.46 rows=0 width=0)
	  ->  Index Scan using sbtest2_pkey on sbtest2  (cost=0.43..8.46 rows=1 width=10)
	        Index Cond: (id = 7156870)

table 3 : explain UPDATE sbtest3 SET k=k+1 WHERE id=710122
	Update on sbtest3  (cost=0.43..8.46 rows=0 width=0)
	  ->  Index Scan using sbtest3_pkey on sbtest3  (cost=0.43..8.46 rows=1 width=10)
	        Index Cond: (id = 710122)

table 4 : explain UPDATE sbtest4 SET k=k+1 WHERE id=4868455
	Update on sbtest4  (cost=0.43..8.46 rows=0 width=0)
	  ->  Index Scan using sbtest4_pkey on sbtest4  (cost=0.43..8.46 rows=1 width=10)
	        Index Cond: (id = 4868455)

table 5 : explain UPDATE sbtest5 SET k=k+1 WHERE id=2056229
	Update on sbtest5  (cost=0.43..8.46 rows=0 width=0)
	  ->  Index Scan using sbtest5_pkey on sbtest5  (cost=0.43..8.46 rows=1 width=10)
	        Index Cond: (id = 2056229)

table 6 : explain UPDATE sbtest6 SET k=k+1 WHERE id=226610
	Update on sbtest6  (cost=0.43..8.46 rows=0 width=0)
	  ->  Index Scan using sbtest6_pkey on sbtest6  (cost=0.43..8.46 rows=1 width=10)
	        Index Cond: (id = 226610)

table 7 : explain UPDATE sbtest7 SET k=k+1 WHERE id=2113954
	Update on sbtest7  (cost=0.43..8.46 rows=0 width=0)
	  ->  Index Scan using sbtest7_pkey on sbtest7  (cost=0.43..8.46 rows=1 width=10)
	        Index Cond: (id = 2113954)

table 8 : explain UPDATE sbtest8 SET k=k+1 WHERE id=316454
	Update on sbtest8  (cost=0.43..8.46 rows=0 width=0)
	  ->  Index Scan using sbtest8_pkey on sbtest8  (cost=0.43..8.46 rows=1 width=10)
	        Index Cond: (id = 316454)

for: order_ranges
table 1 : explain SELECT c FROM sbtest1 WHERE id BETWEEN 7008363 AND 7008372 ORDER BY c
	Sort  (cost=39.81..39.83 rows=10 width=121)
	  Sort Key: c
	  ->  Index Scan using sbtest1_pkey on sbtest1  (cost=0.43..39.64 rows=10 width=121)
	        Index Cond: ((id >= 7008363) AND (id <= 7008372))

table 2 : explain SELECT c FROM sbtest2 WHERE id BETWEEN 2517791 AND 2517800 ORDER BY c
	Sort  (cost=39.86..39.89 rows=10 width=121)
	  Sort Key: c
	  ->  Index Scan using sbtest2_pkey on sbtest2  (cost=0.43..39.70 rows=10 width=121)
	        Index Cond: ((id >= 2517791) AND (id <= 2517800))

table 3 : explain SELECT c FROM sbtest3 WHERE id BETWEEN 4960341 AND 4960350 ORDER BY c
	Sort  (cost=39.86..39.89 rows=10 width=121)
	  Sort Key: c
	  ->  Index Scan using sbtest3_pkey on sbtest3  (cost=0.43..39.70 rows=10 width=121)
	        Index Cond: ((id >= 4960341) AND (id <= 4960350))

table 4 : explain SELECT c FROM sbtest4 WHERE id BETWEEN 3086431 AND 3086440 ORDER BY c
	Sort  (cost=39.48..39.50 rows=10 width=121)
	  Sort Key: c
	  ->  Index Scan using sbtest4_pkey on sbtest4  (cost=0.43..39.31 rows=10 width=121)
	        Index Cond: ((id >= 3086431) AND (id <= 3086440))

table 5 : explain SELECT c FROM sbtest5 WHERE id BETWEEN 7795152 AND 7795161 ORDER BY c
	Sort  (cost=39.19..39.22 rows=10 width=121)
	  Sort Key: c
	  ->  Index Scan using sbtest5_pkey on sbtest5  (cost=0.43..39.02 rows=10 width=121)
	        Index Cond: ((id >= 7795152) AND (id <= 7795161))

table 6 : explain SELECT c FROM sbtest6 WHERE id BETWEEN 9532154 AND 9532163 ORDER BY c
	Sort  (cost=39.43..39.46 rows=10 width=121)
	  Sort Key: c
	  ->  Index Scan using sbtest6_pkey on sbtest6  (cost=0.43..39.26 rows=10 width=121)
	        Index Cond: ((id >= 9532154) AND (id <= 9532163))

table 7 : explain SELECT c FROM sbtest7 WHERE id BETWEEN 1802452 AND 1802461 ORDER BY c
	Sort  (cost=39.49..39.52 rows=10 width=121)
	  Sort Key: c
	  ->  Index Scan using sbtest7_pkey on sbtest7  (cost=0.43..39.33 rows=10 width=121)
	        Index Cond: ((id >= 1802452) AND (id <= 1802461))

table 8 : explain SELECT c FROM sbtest8 WHERE id BETWEEN 7275505 AND 7275514 ORDER BY c
	Sort  (cost=36.16..36.19 rows=9 width=121)
	  Sort Key: c
	  ->  Index Scan using sbtest8_pkey on sbtest8  (cost=0.43..36.02 rows=9 width=121)
	        Index Cond: ((id >= 7275505) AND (id <= 7275514))

for: simple_ranges
table 1 : explain SELECT c FROM sbtest1 WHERE id BETWEEN 3227856 AND 3227865
	Index Scan using sbtest1_pkey on sbtest1  (cost=0.43..39.64 rows=10 width=121)
	  Index Cond: ((id >= 3227856) AND (id <= 3227865))

table 2 : explain SELECT c FROM sbtest2 WHERE id BETWEEN 2507885 AND 2507894
	Index Scan using sbtest2_pkey on sbtest2  (cost=0.43..39.70 rows=10 width=121)
	  Index Cond: ((id >= 2507885) AND (id <= 2507894))

table 3 : explain SELECT c FROM sbtest3 WHERE id BETWEEN 667748 AND 667757
	Index Scan using sbtest3_pkey on sbtest3  (cost=0.43..36.23 rows=9 width=121)
	  Index Cond: ((id >= 667748) AND (id <= 667757))

table 4 : explain SELECT c FROM sbtest4 WHERE id BETWEEN 4953439 AND 4953448
	Index Scan using sbtest4_pkey on sbtest4  (cost=0.43..39.31 rows=10 width=121)
	  Index Cond: ((id >= 4953439) AND (id <= 4953448))

table 5 : explain SELECT c FROM sbtest5 WHERE id BETWEEN 9692961 AND 9692970
	Index Scan using sbtest5_pkey on sbtest5  (cost=0.43..39.02 rows=10 width=121)
	  Index Cond: ((id >= 9692961) AND (id <= 9692970))

table 6 : explain SELECT c FROM sbtest6 WHERE id BETWEEN 4556541 AND 4556550
	Index Scan using sbtest6_pkey on sbtest6  (cost=0.43..39.26 rows=10 width=121)
	  Index Cond: ((id >= 4556541) AND (id <= 4556550))

table 7 : explain SELECT c FROM sbtest7 WHERE id BETWEEN 2116427 AND 2116436
	Index Scan using sbtest7_pkey on sbtest7  (cost=0.43..35.90 rows=9 width=121)
	  Index Cond: ((id >= 2116427) AND (id <= 2116436))

table 8 : explain SELECT c FROM sbtest8 WHERE id BETWEEN 3478055 AND 3478064
	Index Scan using sbtest8_pkey on sbtest8  (cost=0.43..39.47 rows=10 width=121)
	  Index Cond: ((id >= 3478055) AND (id <= 3478064))

explain: for non_index_updates :: explain UPDATE sbtest%u SET c='foobar' WHERE id=%u
for non_index_updates
table 1 : explain UPDATE sbtest1 SET c='foobar' WHERE id=2895055
	Update on sbtest1  (cost=0.43..8.45 rows=0 width=0)
	  ->  Index Scan using sbtest1_pkey on sbtest1  (cost=0.43..8.45 rows=1 width=490)
	        Index Cond: (id = 2895055)

table 2 : explain UPDATE sbtest2 SET c='foobar' WHERE id=2527655
	Update on sbtest2  (cost=0.43..8.45 rows=0 width=0)
	  ->  Index Scan using sbtest2_pkey on sbtest2  (cost=0.43..8.45 rows=1 width=490)
	        Index Cond: (id = 2527655)

table 3 : explain UPDATE sbtest3 SET c='foobar' WHERE id=207147
	Update on sbtest3  (cost=0.43..8.45 rows=0 width=0)
	  ->  Index Scan using sbtest3_pkey on sbtest3  (cost=0.43..8.45 rows=1 width=490)
	        Index Cond: (id = 207147)

table 4 : explain UPDATE sbtest4 SET c='foobar' WHERE id=3685237
	Update on sbtest4  (cost=0.43..8.45 rows=0 width=0)
	  ->  Index Scan using sbtest4_pkey on sbtest4  (cost=0.43..8.45 rows=1 width=490)
	        Index Cond: (id = 3685237)

table 5 : explain UPDATE sbtest5 SET c='foobar' WHERE id=396861
	Update on sbtest5  (cost=0.43..8.45 rows=0 width=0)
	  ->  Index Scan using sbtest5_pkey on sbtest5  (cost=0.43..8.45 rows=1 width=490)
	        Index Cond: (id = 396861)

table 6 : explain UPDATE sbtest6 SET c='foobar' WHERE id=1363625
	Update on sbtest6  (cost=0.43..8.45 rows=0 width=0)
	  ->  Index Scan using sbtest6_pkey on sbtest6  (cost=0.43..8.45 rows=1 width=490)
	        Index Cond: (id = 1363625)

table 7 : explain UPDATE sbtest7 SET c='foobar' WHERE id=8983253
	Update on sbtest7  (cost=0.43..8.45 rows=0 width=0)
	  ->  Index Scan using sbtest7_pkey on sbtest7  (cost=0.43..8.45 rows=1 width=490)
	        Index Cond: (id = 8983253)

table 8 : explain UPDATE sbtest8 SET c='foobar' WHERE id=2165248
	Update on sbtest8  (cost=0.43..8.45 rows=0 width=0)
	  ->  Index Scan using sbtest8_pkey on sbtest8  (cost=0.43..8.45 rows=1 width=490)
	        Index Cond: (id = 2165248)

explain: for deletes :: explain DELETE FROM sbtest%u WHERE id=%u
explain: for non_index_updates :: explain UPDATE sbtest%u SET c='foobar' WHERE id=%u
explain: for inserts :: explain INSERT INTO sbtest%u (id, k, c, pad) VALUES (%u, 13, 'foobar', 'foobar')
for inserts
table 1 : explain INSERT INTO sbtest1 (id, k, c, pad) VALUES (9557546, 13, 'foobar', 'foobar')
	Insert on sbtest1  (cost=0.00..0.01 rows=0 width=0)
	  ->  Result  (cost=0.00..0.01 rows=1 width=736)

table 2 : explain INSERT INTO sbtest2 (id, k, c, pad) VALUES (2262967, 13, 'foobar', 'foobar')
	Insert on sbtest2  (cost=0.00..0.01 rows=0 width=0)
	  ->  Result  (cost=0.00..0.01 rows=1 width=736)

table 3 : explain INSERT INTO sbtest3 (id, k, c, pad) VALUES (9233817, 13, 'foobar', 'foobar')
	Insert on sbtest3  (cost=0.00..0.01 rows=0 width=0)
	  ->  Result  (cost=0.00..0.01 rows=1 width=736)

table 4 : explain INSERT INTO sbtest4 (id, k, c, pad) VALUES (4177313, 13, 'foobar', 'foobar')
	Insert on sbtest4  (cost=0.00..0.01 rows=0 width=0)
	  ->  Result  (cost=0.00..0.01 rows=1 width=736)

table 5 : explain INSERT INTO sbtest5 (id, k, c, pad) VALUES (405315, 13, 'foobar', 'foobar')
	Insert on sbtest5  (cost=0.00..0.01 rows=0 width=0)
	  ->  Result  (cost=0.00..0.01 rows=1 width=736)

table 6 : explain INSERT INTO sbtest6 (id, k, c, pad) VALUES (6096768, 13, 'foobar', 'foobar')
	Insert on sbtest6  (cost=0.00..0.01 rows=0 width=0)
	  ->  Result  (cost=0.00..0.01 rows=1 width=736)

table 7 : explain INSERT INTO sbtest7 (id, k, c, pad) VALUES (4339977, 13, 'foobar', 'foobar')
	Insert on sbtest7  (cost=0.00..0.01 rows=0 width=0)
	  ->  Result  (cost=0.00..0.01 rows=1 width=736)

table 8 : explain INSERT INTO sbtest8 (id, k, c, pad) VALUES (1889688, 13, 'foobar', 'foobar')
	Insert on sbtest8  (cost=0.00..0.01 rows=0 width=0)
	  ->  Result  (cost=0.00..0.01 rows=1 width=736)

for: distinct_ranges
table 1 : explain SELECT DISTINCT c FROM sbtest1 WHERE id BETWEEN 150489 AND 150498 ORDER BY c
	Unique  (cost=39.81..39.86 rows=10 width=121)
	  ->  Sort  (cost=39.81..39.83 rows=10 width=121)
	        Sort Key: c
	        ->  Index Scan using sbtest1_pkey on sbtest1  (cost=0.43..39.64 rows=10 width=121)
	              Index Cond: ((id >= 150489) AND (id <= 150498))

table 2 : explain SELECT DISTINCT c FROM sbtest2 WHERE id BETWEEN 1942832 AND 1942841 ORDER BY c
	Unique  (cost=36.37..36.41 rows=9 width=121)
	  ->  Sort  (cost=36.37..36.39 rows=9 width=121)
	        Sort Key: c
	        ->  Index Scan using sbtest2_pkey on sbtest2  (cost=0.43..36.23 rows=9 width=121)
	              Index Cond: ((id >= 1942832) AND (id <= 1942841))

table 3 : explain SELECT DISTINCT c FROM sbtest3 WHERE id BETWEEN 2414185 AND 2414194 ORDER BY c
	Unique  (cost=36.37..36.41 rows=9 width=121)
	  ->  Sort  (cost=36.37..36.39 rows=9 width=121)
	        Sort Key: c
	        ->  Index Scan using sbtest3_pkey on sbtest3  (cost=0.43..36.23 rows=9 width=121)
	              Index Cond: ((id >= 2414185) AND (id <= 2414194))

table 4 : explain SELECT DISTINCT c FROM sbtest4 WHERE id BETWEEN 6880936 AND 6880945 ORDER BY c
	Unique  (cost=42.93..42.99 rows=11 width=121)
	  ->  Sort  (cost=42.93..42.96 rows=11 width=121)
	        Sort Key: c
	        ->  Index Scan using sbtest4_pkey on sbtest4  (cost=0.43..42.74 rows=11 width=121)
	              Index Cond: ((id >= 6880936) AND (id <= 6880945))

table 5 : explain SELECT DISTINCT c FROM sbtest5 WHERE id BETWEEN 7835782 AND 7835791 ORDER BY c
	Unique  (cost=39.19..39.24 rows=10 width=121)
	  ->  Sort  (cost=39.19..39.22 rows=10 width=121)
	        Sort Key: c
	        ->  Index Scan using sbtest5_pkey on sbtest5  (cost=0.43..39.02 rows=10 width=121)
	              Index Cond: ((id >= 7835782) AND (id <= 7835791))

table 6 : explain SELECT DISTINCT c FROM sbtest6 WHERE id BETWEEN 6310829 AND 6310838 ORDER BY c
	Unique  (cost=35.98..36.03 rows=9 width=121)
	  ->  Sort  (cost=35.98..36.01 rows=9 width=121)
	        Sort Key: c
	        ->  Index Scan using sbtest6_pkey on sbtest6  (cost=0.43..35.84 rows=9 width=121)
	              Index Cond: ((id >= 6310829) AND (id <= 6310838))

table 7 : explain SELECT DISTINCT c FROM sbtest7 WHERE id BETWEEN 7448295 AND 7448304 ORDER BY c
	Unique  (cost=39.49..39.54 rows=10 width=121)
	  ->  Sort  (cost=39.49..39.52 rows=10 width=121)
	        Sort Key: c
	        ->  Index Scan using sbtest7_pkey on sbtest7  (cost=0.43..39.33 rows=10 width=121)
	              Index Cond: ((id >= 7448295) AND (id <= 7448304))

table 8 : explain SELECT DISTINCT c FROM sbtest8 WHERE id BETWEEN 392673 AND 392682 ORDER BY c
	Unique  (cost=43.10..43.16 rows=11 width=121)
	  ->  Sort  (cost=43.10..43.13 rows=11 width=121)
	        Sort Key: c
	        ->  Index Scan using sbtest8_pkey on sbtest8  (cost=0.43..42.91 rows=11 width=121)
	              Index Cond: ((id >= 392673) AND (id <= 392682))

explain: for inserts :: explain INSERT INTO sbtest%u (id, k, c, pad) VALUES (%u, 13, 'foobar', 'foobar')
explain: for inserts :: explain INSERT INTO sbtest%u (id, k, c, pad) VALUES (%u, 13, 'foobar', 'foobar')
for non_index_updates
table 1 : explain UPDATE sbtest1 SET c='foobar' WHERE id=6223717
	Update on sbtest1  (cost=0.43..8.45 rows=0 width=0)
	  ->  Index Scan using sbtest1_pkey on sbtest1  (cost=0.43..8.45 rows=1 width=490)
	        Index Cond: (id = 6223717)

table 2 : explain UPDATE sbtest2 SET c='foobar' WHERE id=3844961
	Update on sbtest2  (cost=0.43..8.45 rows=0 width=0)
	  ->  Index Scan using sbtest2_pkey on sbtest2  (cost=0.43..8.45 rows=1 width=490)
	        Index Cond: (id = 3844961)

table 3 : explain UPDATE sbtest3 SET c='foobar' WHERE id=7776939
	Update on sbtest3  (cost=0.43..8.45 rows=0 width=0)
	  ->  Index Scan using sbtest3_pkey on sbtest3  (cost=0.43..8.45 rows=1 width=490)
	        Index Cond: (id = 7776939)

table 4 : explain UPDATE sbtest4 SET c='foobar' WHERE id=5870560
	Update on sbtest4  (cost=0.43..8.45 rows=0 width=0)
	  ->  Index Scan using sbtest4_pkey on sbtest4  (cost=0.43..8.45 rows=1 width=490)
	        Index Cond: (id = 5870560)

table 5 : explain UPDATE sbtest5 SET c='foobar' WHERE id=7548384
	Update on sbtest5  (cost=0.43..8.45 rows=0 width=0)
	  ->  Index Scan using sbtest5_pkey on sbtest5  (cost=0.43..8.45 rows=1 width=490)
	        Index Cond: (id = 7548384)

table 6 : explain UPDATE sbtest6 SET c='foobar' WHERE id=3359765
	Update on sbtest6  (cost=0.43..8.45 rows=0 width=0)
	  ->  Index Scan using sbtest6_pkey on sbtest6  (cost=0.43..8.45 rows=1 width=490)
	        Index Cond: (id = 3359765)

table 7 : explain UPDATE sbtest7 SET c='foobar' WHERE id=3201995
	Update on sbtest7  (cost=0.43..8.45 rows=0 width=0)
	  ->  Index Scan using sbtest7_pkey on sbtest7  (cost=0.43..8.45 rows=1 width=490)
	        Index Cond: (id = 3201995)

table 8 : explain UPDATE sbtest8 SET c='foobar' WHERE id=2637863
	Update on sbtest8  (cost=0.43..8.45 rows=0 width=0)
	  ->  Index Scan using sbtest8_pkey on sbtest8  (cost=0.43..8.45 rows=1 width=490)
	        Index Cond: (id = 2637863)

for: simple_ranges
table 1 : explain SELECT c FROM sbtest1 WHERE id BETWEEN 613397 AND 613406
	Index Scan using sbtest1_pkey on sbtest1  (cost=0.43..36.18 rows=9 width=121)
	  Index Cond: ((id >= 613397) AND (id <= 613406))

table 2 : explain SELECT c FROM sbtest2 WHERE id BETWEEN 7158395 AND 7158404
	Index Scan using sbtest2_pkey on sbtest2  (cost=0.43..43.17 rows=11 width=121)
	  Index Cond: ((id >= 7158395) AND (id <= 7158404))

table 3 : explain SELECT c FROM sbtest3 WHERE id BETWEEN 9315161 AND 9315170
	Index Scan using sbtest3_pkey on sbtest3  (cost=0.43..39.70 rows=10 width=121)
	  Index Cond: ((id >= 9315161) AND (id <= 9315170))

table 4 : explain SELECT c FROM sbtest4 WHERE id BETWEEN 5385895 AND 5385904
	Index Scan using sbtest4_pkey on sbtest4  (cost=0.43..39.31 rows=10 width=121)
	  Index Cond: ((id >= 5385895) AND (id <= 5385904))

table 5 : explain SELECT c FROM sbtest5 WHERE id BETWEEN 2478177 AND 2478186
	Index Scan using sbtest5_pkey on sbtest5  (cost=0.43..39.02 rows=10 width=121)
	  Index Cond: ((id >= 2478177) AND (id <= 2478186))

table 6 : explain SELECT c FROM sbtest6 WHERE id BETWEEN 3677842 AND 3677851
	Index Scan using sbtest6_pkey on sbtest6  (cost=0.43..35.84 rows=9 width=121)
	  Index Cond: ((id >= 3677842) AND (id <= 3677851))

table 7 : explain SELECT c FROM sbtest7 WHERE id BETWEEN 7929572 AND 7929581
	Index Scan using sbtest7_pkey on sbtest7  (cost=0.43..35.90 rows=9 width=121)
	  Index Cond: ((id >= 7929572) AND (id <= 7929581))

table 8 : explain SELECT c FROM sbtest8 WHERE id BETWEEN 919317 AND 919326
	Index Scan using sbtest8_pkey on sbtest8  (cost=0.43..42.91 rows=11 width=121)
	  Index Cond: ((id >= 919317) AND (id <= 919326))

for inserts
table 1 : explain INSERT INTO sbtest1 (id, k, c, pad) VALUES (2153738, 13, 'foobar', 'foobar')
	Insert on sbtest1  (cost=0.00..0.01 rows=0 width=0)
	  ->  Result  (cost=0.00..0.01 rows=1 width=736)

table 2 : explain INSERT INTO sbtest2 (id, k, c, pad) VALUES (4919465, 13, 'foobar', 'foobar')
	Insert on sbtest2  (cost=0.00..0.01 rows=0 width=0)
	  ->  Result  (cost=0.00..0.01 rows=1 width=736)

table 3 : explain INSERT INTO sbtest3 (id, k, c, pad) VALUES (9151029, 13, 'foobar', 'foobar')
	Insert on sbtest3  (cost=0.00..0.01 rows=0 width=0)
	  ->  Result  (cost=0.00..0.01 rows=1 width=736)

table 4 : explain INSERT INTO sbtest4 (id, k, c, pad) VALUES (2396854, 13, 'foobar', 'foobar')
	Insert on sbtest4  (cost=0.00..0.01 rows=0 width=0)
	  ->  Result  (cost=0.00..0.01 rows=1 width=736)

table 5 : explain INSERT INTO sbtest5 (id, k, c, pad) VALUES (1155394, 13, 'foobar', 'foobar')
	Insert on sbtest5  (cost=0.00..0.01 rows=0 width=0)
	  ->  Result  (cost=0.00..0.01 rows=1 width=736)

table 6 : explain INSERT INTO sbtest6 (id, k, c, pad) VALUES (7023, 13, 'foobar', 'foobar')
	Insert on sbtest6  (cost=0.00..0.01 rows=0 width=0)
	  ->  Result  (cost=0.00..0.01 rows=1 width=736)

table 7 : explain INSERT INTO sbtest7 (id, k, c, pad) VALUES (9009568, 13, 'foobar', 'foobar')
	Insert on sbtest7  (cost=0.00..0.01 rows=0 width=0)
	  ->  Result  (cost=0.00..0.01 rows=1 width=736)

table 8 : explain INSERT INTO sbtest8 (id, k, c, pad) VALUES (3282677, 13, 'foobar', 'foobar')
	Insert on sbtest8  (cost=0.00..0.01 rows=0 width=0)
	  ->  Result  (cost=0.00..0.01 rows=1 width=736)

for index_updates
table 1 : explain UPDATE sbtest1 SET k=k+1 WHERE id=2509823
	Update on sbtest1  (cost=0.43..8.46 rows=0 width=0)
	  ->  Index Scan using sbtest1_pkey on sbtest1  (cost=0.43..8.46 rows=1 width=10)
	        Index Cond: (id = 2509823)

table 2 : explain UPDATE sbtest2 SET k=k+1 WHERE id=2352165
	Update on sbtest2  (cost=0.43..8.46 rows=0 width=0)
	  ->  Index Scan using sbtest2_pkey on sbtest2  (cost=0.43..8.46 rows=1 width=10)
	        Index Cond: (id = 2352165)

table 3 : explain UPDATE sbtest3 SET k=k+1 WHERE id=4959275
	Update on sbtest3  (cost=0.43..8.46 rows=0 width=0)
	  ->  Index Scan using sbtest3_pkey on sbtest3  (cost=0.43..8.46 rows=1 width=10)
	        Index Cond: (id = 4959275)

table 4 : explain UPDATE sbtest4 SET k=k+1 WHERE id=4264560
	Update on sbtest4  (cost=0.43..8.46 rows=0 width=0)
	  ->  Index Scan using sbtest4_pkey on sbtest4  (cost=0.43..8.46 rows=1 width=10)
	        Index Cond: (id = 4264560)

table 5 : explain UPDATE sbtest5 SET k=k+1 WHERE id=739605
	Update on sbtest5  (cost=0.43..8.46 rows=0 width=0)
	  ->  Index Scan using sbtest5_pkey on sbtest5  (cost=0.43..8.46 rows=1 width=10)
	        Index Cond: (id = 739605)

table 6 : explain UPDATE sbtest6 SET k=k+1 WHERE id=4568480
	Update on sbtest6  (cost=0.43..8.46 rows=0 width=0)
	  ->  Index Scan using sbtest6_pkey on sbtest6  (cost=0.43..8.46 rows=1 width=10)
	        Index Cond: (id = 4568480)

table 7 : explain UPDATE sbtest7 SET k=k+1 WHERE id=1817858
	Update on sbtest7  (cost=0.43..8.46 rows=0 width=0)
	  ->  Index Scan using sbtest7_pkey on sbtest7  (cost=0.43..8.46 rows=1 width=10)
	        Index Cond: (id = 1817858)

table 8 : explain UPDATE sbtest8 SET k=k+1 WHERE id=8525991
	Update on sbtest8  (cost=0.43..8.46 rows=0 width=0)
	  ->  Index Scan using sbtest8_pkey on sbtest8  (cost=0.43..8.46 rows=1 width=10)
	        Index Cond: (id = 8525991)

explain: for inserts :: explain INSERT INTO sbtest%u (id, k, c, pad) VALUES (%u, 13, 'foobar', 'foobar')
for: simple_ranges
table 1 : explain SELECT c FROM sbtest1 WHERE id BETWEEN 3885123 AND 3885132
	Index Scan using sbtest1_pkey on sbtest1  (cost=0.43..39.64 rows=10 width=121)
	  Index Cond: ((id >= 3885123) AND (id <= 3885132))

table 2 : explain SELECT c FROM sbtest2 WHERE id BETWEEN 1055889 AND 1055898
	Index Scan using sbtest2_pkey on sbtest2  (cost=0.43..43.17 rows=11 width=121)
	  Index Cond: ((id >= 1055889) AND (id <= 1055898))

table 3 : explain SELECT c FROM sbtest3 WHERE id BETWEEN 6998981 AND 6998990
	Index Scan using sbtest3_pkey on sbtest3  (cost=0.43..39.70 rows=10 width=121)
	  Index Cond: ((id >= 6998981) AND (id <= 6998990))

table 4 : explain SELECT c FROM sbtest4 WHERE id BETWEEN 4792420 AND 4792429
	Index Scan using sbtest4_pkey on sbtest4  (cost=0.43..42.74 rows=11 width=121)
	  Index Cond: ((id >= 4792420) AND (id <= 4792429))

table 5 : explain SELECT c FROM sbtest5 WHERE id BETWEEN 5885233 AND 5885242
	Index Scan using sbtest5_pkey on sbtest5  (cost=0.43..42.42 rows=11 width=121)
	  Index Cond: ((id >= 5885233) AND (id <= 5885242))

table 6 : explain SELECT c FROM sbtest6 WHERE id BETWEEN 3732521 AND 3732530
	Index Scan using sbtest6_pkey on sbtest6  (cost=0.43..35.84 rows=9 width=121)
	  Index Cond: ((id >= 3732521) AND (id <= 3732530))

table 7 : explain SELECT c FROM sbtest7 WHERE id BETWEEN 2313678 AND 2313687
	Index Scan using sbtest7_pkey on sbtest7  (cost=0.43..42.76 rows=11 width=121)
	  Index Cond: ((id >= 2313678) AND (id <= 2313687))

table 8 : explain SELECT c FROM sbtest8 WHERE id BETWEEN 9829621 AND 9829630
	Index Scan using sbtest8_pkey on sbtest8  (cost=0.43..39.47 rows=10 width=121)
	  Index Cond: ((id >= 9829621) AND (id <= 9829630))

for deletes
table 1 : explain DELETE FROM sbtest1 WHERE id=7521562
	Delete on sbtest1  (cost=0.43..8.45 rows=0 width=0)
	  ->  Index Scan using sbtest1_pkey on sbtest1  (cost=0.43..8.45 rows=1 width=6)
	        Index Cond: (id = 7521562)

table 2 : explain DELETE FROM sbtest2 WHERE id=8922670
	Delete on sbtest2  (cost=0.43..8.45 rows=0 width=0)
	  ->  Index Scan using sbtest2_pkey on sbtest2  (cost=0.43..8.45 rows=1 width=6)
	        Index Cond: (id = 8922670)

table 3 : explain DELETE FROM sbtest3 WHERE id=6718754
	Delete on sbtest3  (cost=0.43..8.45 rows=0 width=0)
	  ->  Index Scan using sbtest3_pkey on sbtest3  (cost=0.43..8.45 rows=1 width=6)
	        Index Cond: (id = 6718754)

table 4 : explain DELETE FROM sbtest4 WHERE id=230752
	Delete on sbtest4  (cost=0.43..8.45 rows=0 width=0)
	  ->  Index Scan using sbtest4_pkey on sbtest4  (cost=0.43..8.45 rows=1 width=6)
	        Index Cond: (id = 230752)

table 5 : explain DELETE FROM sbtest5 WHERE id=9351091
	Delete on sbtest5  (cost=0.43..8.45 rows=0 width=0)
	  ->  Index Scan using sbtest5_pkey on sbtest5  (cost=0.43..8.45 rows=1 width=6)
	        Index Cond: (id = 9351091)

table 6 : explain DELETE FROM sbtest6 WHERE id=8295421
	Delete on sbtest6  (cost=0.43..8.45 rows=0 width=0)
	  ->  Index Scan using sbtest6_pkey on sbtest6  (cost=0.43..8.45 rows=1 width=6)
	        Index Cond: (id = 8295421)

table 7 : explain DELETE FROM sbtest7 WHERE id=9407657
	Delete on sbtest7  (cost=0.43..8.45 rows=0 width=0)
	  ->  Index Scan using sbtest7_pkey on sbtest7  (cost=0.43..8.45 rows=1 width=6)
	        Index Cond: (id = 9407657)

table 8 : explain DELETE FROM sbtest8 WHERE id=9011366
	Delete on sbtest8  (cost=0.43..8.45 rows=0 width=0)
	  ->  Index Scan using sbtest8_pkey on sbtest8  (cost=0.43..8.45 rows=1 width=6)
	        Index Cond: (id = 9011366)

for: sum_ranges
table 1 : explain SELECT SUM(k) FROM sbtest1 WHERE id BETWEEN 1040214 AND 1040223
	Aggregate  (cost=39.67..39.68 rows=1 width=8)
	  ->  Index Scan using sbtest1_pkey on sbtest1  (cost=0.43..39.64 rows=10 width=4)
	        Index Cond: ((id >= 1040214) AND (id <= 1040223))

table 2 : explain SELECT SUM(k) FROM sbtest2 WHERE id BETWEEN 9717219 AND 9717228
	Aggregate  (cost=39.72..39.73 rows=1 width=8)
	  ->  Index Scan using sbtest2_pkey on sbtest2  (cost=0.43..39.70 rows=10 width=4)
	        Index Cond: ((id >= 9717219) AND (id <= 9717228))

table 3 : explain SELECT SUM(k) FROM sbtest3 WHERE id BETWEEN 1192230 AND 1192239
	Aggregate  (cost=39.72..39.73 rows=1 width=8)
	  ->  Index Scan using sbtest3_pkey on sbtest3  (cost=0.43..39.70 rows=10 width=4)
	        Index Cond: ((id >= 1192230) AND (id <= 1192239))

table 4 : explain SELECT SUM(k) FROM sbtest4 WHERE id BETWEEN 6311679 AND 6311688
	Aggregate  (cost=39.34..39.35 rows=1 width=8)
	  ->  Index Scan using sbtest4_pkey on sbtest4  (cost=0.43..39.31 rows=10 width=4)
	        Index Cond: ((id >= 6311679) AND (id <= 6311688))

table 5 : explain SELECT SUM(k) FROM sbtest5 WHERE id BETWEEN 5402194 AND 5402203
	Aggregate  (cost=39.05..39.06 rows=1 width=8)
	  ->  Index Scan using sbtest5_pkey on sbtest5  (cost=0.43..39.02 rows=10 width=4)
	        Index Cond: ((id >= 5402194) AND (id <= 5402203))

table 6 : explain SELECT SUM(k) FROM sbtest6 WHERE id BETWEEN 7108279 AND 7108288
	Aggregate  (cost=39.29..39.30 rows=1 width=8)
	  ->  Index Scan using sbtest6_pkey on sbtest6  (cost=0.43..39.26 rows=10 width=4)
	        Index Cond: ((id >= 7108279) AND (id <= 7108288))

table 7 : explain SELECT SUM(k) FROM sbtest7 WHERE id BETWEEN 2148861 AND 2148870
	Aggregate  (cost=35.92..35.93 rows=1 width=8)
	  ->  Index Scan using sbtest7_pkey on sbtest7  (cost=0.43..35.90 rows=9 width=4)
	        Index Cond: ((id >= 2148861) AND (id <= 2148870))

table 8 : explain SELECT SUM(k) FROM sbtest8 WHERE id BETWEEN 8624172 AND 8624181
	Aggregate  (cost=39.49..39.50 rows=1 width=8)
	  ->  Index Scan using sbtest8_pkey on sbtest8  (cost=0.43..39.47 rows=10 width=4)
	        Index Cond: ((id >= 8624172) AND (id <= 8624181))

explain: for non_index_updates :: explain UPDATE sbtest%u SET c='foobar' WHERE id=%u
explain: for deletes :: explain DELETE FROM sbtest%u WHERE id=%ufor inserts
table 1 : explain INSERT INTO sbtest1 (id, k, c, pad) VALUES (227714, 13, 'foobar', 'foobar')
	Insert on sbtest1  (cost=0.00..0.01 rows=0 width=0)
	  ->  Result  (cost=0.00..0.01 rows=1 width=736)

table 2 : explain INSERT INTO sbtest2 (id, k, c, pad) VALUES (1377383, 13, 'foobar', 'foobar')
	Insert on sbtest2  (cost=0.00..0.01 rows=0 width=0)
	  ->  Result  (cost=0.00..0.01 rows=1 width=736)

table 3 : explain INSERT INTO sbtest3 (id, k, c, pad) VALUES (1738297, 13, 'foobar', 'foobar')
	Insert on sbtest3  (cost=0.00..0.01 rows=0 width=0)
	  ->  Result  (cost=0.00..0.01 rows=1 width=736)

table 4 : explain INSERT INTO sbtest4 (id, k, c, pad) VALUES (8320076, 13, 'foobar', 'foobar')
	Insert on sbtest4  (cost=0.00..0.01 rows=0 width=0)
	  ->  Result  (cost=0.00..0.01 rows=1 width=736)

table 5 : explain INSERT INTO sbtest5 (id, k, c, pad) VALUES (3385887, 13, 'foobar', 'foobar')
	Insert on sbtest5  (cost=0.00..0.01 rows=0 width=0)
	  ->  Result  (cost=0.00..0.01 rows=1 width=736)

table 6 : explain INSERT INTO sbtest6 (id, k, c, pad) VALUES (4449713, 13, 'foobar', 'foobar')
	Insert on sbtest6  (cost=0.00..0.01 rows=0 width=0)
	  ->  Result  (cost=0.00..0.01 rows=1 width=736)

table 7 : explain INSERT INTO sbtest7 (id, k, c, pad) VALUES (3143637, 13, 'foobar', 'foobar')
	Insert on sbtest7  (cost=0.00..0.01 rows=0 width=0)
	  ->  Result  (cost=0.00..0.01 rows=1 width=736)

table 8 : explain INSERT INTO sbtest8 (id, k, c, pad) VALUES (2988379, 13, 'foobar', 'foobar')
	Insert on sbtest8  (cost=0.00..0.01 rows=0 width=0)
	  ->  Result  (cost=0.00..0.01 rows=1 width=736)


explain: for deletes :: explain DELETE FROM sbtest%u WHERE id=%u
for non_index_updates
table 1 : explain UPDATE sbtest1 SET c='foobar' WHERE id=4591795
	Update on sbtest1  (cost=0.43..8.45 rows=0 width=0)
	  ->  Index Scan using sbtest1_pkey on sbtest1  (cost=0.43..8.45 rows=1 width=490)
	        Index Cond: (id = 4591795)

table 2 : explain UPDATE sbtest2 SET c='foobar' WHERE id=8553245
	Update on sbtest2  (cost=0.43..8.45 rows=0 width=0)
	  ->  Index Scan using sbtest2_pkey on sbtest2  (cost=0.43..8.45 rows=1 width=490)
	        Index Cond: (id = 8553245)

table 3 : explain UPDATE sbtest3 SET c='foobar' WHERE id=4278977
	Update on sbtest3  (cost=0.43..8.45 rows=0 width=0)
	  ->  Index Scan using sbtest3_pkey on sbtest3  (cost=0.43..8.45 rows=1 width=490)
	        Index Cond: (id = 4278977)

table 4 : explain UPDATE sbtest4 SET c='foobar' WHERE id=4281109
	Update on sbtest4  (cost=0.43..8.45 rows=0 width=0)
	  ->  Index Scan using sbtest4_pkey on sbtest4  (cost=0.43..8.45 rows=1 width=490)
	        Index Cond: (id = 4281109)

table 5 : explain UPDATE sbtest5 SET c='foobar' WHERE id=277185
	Update on sbtest5  (cost=0.43..8.45 rows=0 width=0)
	  ->  Index Scan using sbtest5_pkey on sbtest5  (cost=0.43..8.45 rows=1 width=490)
	        Index Cond: (id = 277185)

table 6 : explain UPDATE sbtest6 SET c='foobar' WHERE id=1293406
	Update on sbtest6  (cost=0.43..8.45 rows=0 width=0)
	  ->  Index Scan using sbtest6_pkey on sbtest6  (cost=0.43..8.45 rows=1 width=490)
	        Index Cond: (id = 1293406)

table 7 : explain UPDATE sbtest7 SET c='foobar' WHERE id=5101020
	Update on sbtest7  (cost=0.43..8.45 rows=0 width=0)
	  ->  Index Scan using sbtest7_pkey on sbtest7  (cost=0.43..8.45 rows=1 width=490)
	        Index Cond: (id = 5101020)

table 8 : explain UPDATE sbtest8 SET c='foobar' WHERE id=4446889
	Update on sbtest8  (cost=0.43..8.45 rows=0 width=0)
	  ->  Index Scan using sbtest8_pkey on sbtest8  (cost=0.43..8.45 rows=1 width=490)
	        Index Cond: (id = 4446889)

explain: for index_updates :: explain UPDATE sbtest%u SET k=k+1 WHERE id=%u
for deletes
table 1 : explain DELETE FROM sbtest1 WHERE id=7082586
	Delete on sbtest1  (cost=0.43..8.45 rows=0 width=0)
	  ->  Index Scan using sbtest1_pkey on sbtest1  (cost=0.43..8.45 rows=1 width=6)
	        Index Cond: (id = 7082586)

table 2 : explain DELETE FROM sbtest2 WHERE id=926552
	Delete on sbtest2  (cost=0.43..8.45 rows=0 width=0)
	  ->  Index Scan using sbtest2_pkey on sbtest2  (cost=0.43..8.45 rows=1 width=6)
	        Index Cond: (id = 926552)

table 3 : explain DELETE FROM sbtest3 WHERE id=9906004
	Delete on sbtest3  (cost=0.43..8.45 rows=0 width=0)
	  ->  Index Scan using sbtest3_pkey on sbtest3  (cost=0.43..8.45 rows=1 width=6)
	        Index Cond: (id = 9906004)

table 4 : explain DELETE FROM sbtest4 WHERE id=4071938
	Delete on sbtest4  (cost=0.43..8.45 rows=0 width=0)
	  ->  Index Scan using sbtest4_pkey on sbtest4  (cost=0.43..8.45 rows=1 width=6)
	        Index Cond: (id = 4071938)

table 5 : explain DELETE FROM sbtest5 WHERE id=5667296
	Delete on sbtest5  (cost=0.43..8.45 rows=0 width=0)
	  ->  Index Scan using sbtest5_pkey on sbtest5  (cost=0.43..8.45 rows=1 width=6)
	        Index Cond: (id = 5667296)

table 6 : explain DELETE FROM sbtest6 WHERE id=5962285
	Delete on sbtest6  (cost=0.43..8.45 rows=0 width=0)
	  ->  Index Scan using sbtest6_pkey on sbtest6  (cost=0.43..8.45 rows=1 width=6)
	        Index Cond: (id = 5962285)

table 7 : explain DELETE FROM sbtest7 WHERE id=7847261
	Delete on sbtest7  (cost=0.43..8.45 rows=0 width=0)
	  ->  Index Scan using sbtest7_pkey on sbtest7  (cost=0.43..8.45 rows=1 width=6)
	        Index Cond: (id = 7847261)

table 8 : explain DELETE FROM sbtest8 WHERE id=1313191
	Delete on sbtest8  (cost=0.43..8.45 rows=0 width=0)
	  ->  Index Scan using sbtest8_pkey on sbtest8  (cost=0.43..8.45 rows=1 width=6)
	        Index Cond: (id = 1313191)

for inserts
table 1 : explain INSERT INTO sbtest1 (id, k, c, pad) VALUES (6880370, 13, 'foobar', 'foobar')
	Insert on sbtest1  (cost=0.00..0.01 rows=0 width=0)
	  ->  Result  (cost=0.00..0.01 rows=1 width=736)

table 2 : explain INSERT INTO sbtest2 (id, k, c, pad) VALUES (290670, 13, 'foobar', 'foobar')
	Insert on sbtest2  (cost=0.00..0.01 rows=0 width=0)
	  ->  Result  (cost=0.00..0.01 rows=1 width=736)

table 3 : explain INSERT INTO sbtest3 (id, k, c, pad) VALUES (6791979, 13, 'foobar', 'foobar')
	Insert on sbtest3  (cost=0.00..0.01 rows=0 width=0)
	  ->  Result  (cost=0.00..0.01 rows=1 width=736)

table 4 : explain INSERT INTO sbtest4 (id, k, c, pad) VALUES (5648746, 13, 'foobar', 'foobar')
	Insert on sbtest4  (cost=0.00..0.01 rows=0 width=0)
	  ->  Result  (cost=0.00..0.01 rows=1 width=736)

table 5 : explain INSERT INTO sbtest5 (id, k, c, pad) VALUES (6300760, 13, 'foobar', 'foobar')
	Insert on sbtest5  (cost=0.00..0.01 rows=0 width=0)
	  ->  Result  (cost=0.00..0.01 rows=1 width=736)

table 6 : explain INSERT INTO sbtest6 (id, k, c, pad) VALUES (8564744, 13, 'foobar', 'foobar')
	Insert on sbtest6  (cost=0.00..0.01 rows=0 width=0)
	  ->  Result  (cost=0.00..0.01 rows=1 width=736)

table 7 : explain INSERT INTO sbtest7 (id, k, c, pad) VALUES (9430130, 13, 'foobar', 'foobar')
	Insert on sbtest7  (cost=0.00..0.01 rows=0 width=0)
	  ->  Result  (cost=0.00..0.01 rows=1 width=736)

table 8 : explain INSERT INTO sbtest8 (id, k, c, pad) VALUES (1868309, 13, 'foobar', 'foobar')
	Insert on sbtest8  (cost=0.00..0.01 rows=0 width=0)
	  ->  Result  (cost=0.00..0.01 rows=1 width=736)

for non_index_updates
table 1 : explain UPDATE sbtest1 SET c='foobar' WHERE id=2160337
	Update on sbtest1  (cost=0.43..8.45 rows=0 width=0)
	  ->  Index Scan using sbtest1_pkey on sbtest1  (cost=0.43..8.45 rows=1 width=490)
	        Index Cond: (id = 2160337)

table 2 : explain UPDATE sbtest2 SET c='foobar' WHERE id=9708419
	Update on sbtest2  (cost=0.43..8.45 rows=0 width=0)
	  ->  Index Scan using sbtest2_pkey on sbtest2  (cost=0.43..8.45 rows=1 width=490)
	        Index Cond: (id = 9708419)

table 3 : explain UPDATE sbtest3 SET c='foobar' WHERE id=6604302
	Update on sbtest3  (cost=0.43..8.45 rows=0 width=0)
	  ->  Index Scan using sbtest3_pkey on sbtest3  (cost=0.43..8.45 rows=1 width=490)
	        Index Cond: (id = 6604302)

table 4 : explain UPDATE sbtest4 SET c='foobar' WHERE id=3408580
	Update on sbtest4  (cost=0.43..8.45 rows=0 width=0)
	  ->  Index Scan using sbtest4_pkey on sbtest4  (cost=0.43..8.45 rows=1 width=490)
	        Index Cond: (id = 3408580)

table 5 : explain UPDATE sbtest5 SET c='foobar' WHERE id=6819370
	Update on sbtest5  (cost=0.43..8.45 rows=0 width=0)
	  ->  Index Scan using sbtest5_pkey on sbtest5  (cost=0.43..8.45 rows=1 width=490)
	        Index Cond: (id = 6819370)

table 6 : explain UPDATE sbtest6 SET c='foobar' WHERE id=2418041
	Update on sbtest6  (cost=0.43..8.45 rows=0 width=0)
	  ->  Index Scan using sbtest6_pkey on sbtest6  (cost=0.43..8.45 rows=1 width=490)
	        Index Cond: (id = 2418041)

table 7 : explain UPDATE sbtest7 SET c='foobar' WHERE id=6021844
	Update on sbtest7  (cost=0.43..8.45 rows=0 width=0)
	  ->  Index Scan using sbtest7_pkey on sbtest7  (cost=0.43..8.45 rows=1 width=490)
	        Index Cond: (id = 6021844)

table 8 : explain UPDATE sbtest8 SET c='foobar' WHERE id=7520002
	Update on sbtest8  (cost=0.43..8.45 rows=0 width=0)
	  ->  Index Scan using sbtest8_pkey on sbtest8  (cost=0.43..8.45 rows=1 width=490)
	        Index Cond: (id = 7520002)

for non_index_updates
table 1 : explain UPDATE sbtest1 SET c='foobar' WHERE id=9847433
	Update on sbtest1  (cost=0.43..8.45 rows=0 width=0)
	  ->  Index Scan using sbtest1_pkey on sbtest1  (cost=0.43..8.45 rows=1 width=490)
	        Index Cond: (id = 9847433)

table 2 : explain UPDATE sbtest2 SET c='foobar' WHERE id=5790634
	Update on sbtest2  (cost=0.43..8.45 rows=0 width=0)
	  ->  Index Scan using sbtest2_pkey on sbtest2  (cost=0.43..8.45 rows=1 width=490)
	        Index Cond: (id = 5790634)

table 3 : explain UPDATE sbtest3 SET c='foobar' WHERE id=9191421
	Update on sbtest3  (cost=0.43..8.45 rows=0 width=0)
	  ->  Index Scan using sbtest3_pkey on sbtest3  (cost=0.43..8.45 rows=1 width=490)
	        Index Cond: (id = 9191421)

table 4 : explain UPDATE sbtest4 SET c='foobar' WHERE id=5042836
	Update on sbtest4  (cost=0.43..8.45 rows=0 width=0)
	  ->  Index Scan using sbtest4_pkey on sbtest4  (cost=0.43..8.45 rows=1 width=490)
	        Index Cond: (id = 5042836)

table 5 : explain UPDATE sbtest5 SET c='foobar' WHERE id=4425719
	Update on sbtest5  (cost=0.43..8.45 rows=0 width=0)
	  ->  Index Scan using sbtest5_pkey on sbtest5  (cost=0.43..8.45 rows=1 width=490)
	        Index Cond: (id = 4425719)

table 6 : explain UPDATE sbtest6 SET c='foobar' WHERE id=29971
	Update on sbtest6  (cost=0.43..8.45 rows=0 width=0)
	  ->  Index Scan using sbtest6_pkey on sbtest6  (cost=0.43..8.45 rows=1 width=490)
	        Index Cond: (id = 29971)

table 7 : explain UPDATE sbtest7 SET c='foobar' WHERE id=8303762
	Update on sbtest7  (cost=0.43..8.45 rows=0 width=0)
	  ->  Index Scan using sbtest7_pkey on sbtest7  (cost=0.43..8.45 rows=1 width=490)
	        Index Cond: (id = 8303762)

table 8 : explain UPDATE sbtest8 SET c='foobar' WHERE id=700466
	Update on sbtest8  (cost=0.43..8.45 rows=0 width=0)
	  ->  Index Scan using sbtest8_pkey on sbtest8  (cost=0.43..8.45 rows=1 width=490)
	        Index Cond: (id = 700466)

for inserts
table 1 : explain INSERT INTO sbtest1 (id, k, c, pad) VALUES (5203450, 13, 'foobar', 'foobar')
	Insert on sbtest1  (cost=0.00..0.01 rows=0 width=0)
	  ->  Result  (cost=0.00..0.01 rows=1 width=736)

table 2 : explain INSERT INTO sbtest2 (id, k, c, pad) VALUES (5759855, 13, 'foobar', 'foobar')
	Insert on sbtest2  (cost=0.00..0.01 rows=0 width=0)
	  ->  Result  (cost=0.00..0.01 rows=1 width=736)

table 3 : explain INSERT INTO sbtest3 (id, k, c, pad) VALUES (7925155, 13, 'foobar', 'foobar')
	Insert on sbtest3  (cost=0.00..0.01 rows=0 width=0)
	  ->  Result  (cost=0.00..0.01 rows=1 width=736)

table 4 : explain INSERT INTO sbtest4 (id, k, c, pad) VALUES (5774975, 13, 'foobar', 'foobar')
	Insert on sbtest4  (cost=0.00..0.01 rows=0 width=0)
	  ->  Result  (cost=0.00..0.01 rows=1 width=736)

table 5 : explain INSERT INTO sbtest5 (id, k, c, pad) VALUES (963693, 13, 'foobar', 'foobar')
	Insert on sbtest5  (cost=0.00..0.01 rows=0 width=0)
	  ->  Result  (cost=0.00..0.01 rows=1 width=736)

table 6 : explain INSERT INTO sbtest6 (id, k, c, pad) VALUES (6770177, 13, 'foobar', 'foobar')
	Insert on sbtest6  (cost=0.00..0.01 rows=0 width=0)
	  ->  Result  (cost=0.00..0.01 rows=1 width=736)

table 7 : explain INSERT INTO sbtest7 (id, k, c, pad) VALUES (650056, 13, 'foobar', 'foobar')
	Insert on sbtest7  (cost=0.00..0.01 rows=0 width=0)
	  ->  Result  (cost=0.00..0.01 rows=1 width=736)

table 8 : explain INSERT INTO sbtest8 (id, k, c, pad) VALUES (163937, 13, 'foobar', 'foobar')
	Insert on sbtest8  (cost=0.00..0.01 rows=0 width=0)
	  ->  Result  (cost=0.00..0.01 rows=1 width=736)

explain: for non_index_updates :: explain UPDATE sbtest%u SET c='foobar' WHERE id=%u
explain: for deletes :: explain DELETE FROM sbtest%u WHERE id=%u
explain: for inserts :: explain INSERT INTO sbtest%u (id, k, c, pad) VALUES (%u, 13, 'foobar', 'foobar')
for inserts
table 1 : explain INSERT INTO sbtest1 (id, k, c, pad) VALUES (701297, 13, 'foobar', 'foobar')
	Insert on sbtest1  (cost=0.00..0.01 rows=0 width=0)
	  ->  Result  (cost=0.00..0.01 rows=1 width=736)

table 2 : explain INSERT INTO sbtest2 (id, k, c, pad) VALUES (1775154, 13, 'foobar', 'foobar')
	Insert on sbtest2  (cost=0.00..0.01 rows=0 width=0)
	  ->  Result  (cost=0.00..0.01 rows=1 width=736)

table 3 : explain INSERT INTO sbtest3 (id, k, c, pad) VALUES (2873420, 13, 'foobar', 'foobar')
	Insert on sbtest3  (cost=0.00..0.01 rows=0 width=0)
	  ->  Result  (cost=0.00..0.01 rows=1 width=736)

table 4 : explain INSERT INTO sbtest4 (id, k, c, pad) VALUES (6005091, 13, 'foobar', 'foobar')
	Insert on sbtest4  (cost=0.00..0.01 rows=0 width=0)
	  ->  Result  (cost=0.00..0.01 rows=1 width=736)

table 5 : explain INSERT INTO sbtest5 (id, k, c, pad) VALUES (5870599, 13, 'foobar', 'foobar')
	Insert on sbtest5  (cost=0.00..0.01 rows=0 width=0)
	  ->  Result  (cost=0.00..0.01 rows=1 width=736)

table 6 : explain INSERT INTO sbtest6 (id, k, c, pad) VALUES (4934779, 13, 'foobar', 'foobar')
	Insert on sbtest6  (cost=0.00..0.01 rows=0 width=0)
	  ->  Result  (cost=0.00..0.01 rows=1 width=736)

table 7 : explain INSERT INTO sbtest7 (id, k, c, pad) VALUES (1881172, 13, 'foobar', 'foobar')
	Insert on sbtest7  (cost=0.00..0.01 rows=0 width=0)
	  ->  Result  (cost=0.00..0.01 rows=1 width=736)

table 8 : explain INSERT INTO sbtest8 (id, k, c, pad) VALUES (6881239, 13, 'foobar', 'foobar')
	Insert on sbtest8  (cost=0.00..0.01 rows=0 width=0)
	  ->  Result  (cost=0.00..0.01 rows=1 width=736)

explain: for deletes :: explain DELETE FROM sbtest%u WHERE id=%u
for non_index_updates
table 1 : explain UPDATE sbtest1 SET c='foobar' WHERE id=790585
	Update on sbtest1  (cost=0.43..8.45 rows=0 width=0)
	  ->  Index Scan using sbtest1_pkey on sbtest1  (cost=0.43..8.45 rows=1 width=490)
	        Index Cond: (id = 790585)

table 2 : explain UPDATE sbtest2 SET c='foobar' WHERE id=5332438
	Update on sbtest2  (cost=0.43..8.45 rows=0 width=0)
	  ->  Index Scan using sbtest2_pkey on sbtest2  (cost=0.43..8.45 rows=1 width=490)
	        Index Cond: (id = 5332438)

table 3 : explain UPDATE sbtest3 SET c='foobar' WHERE id=5313513
	Update on sbtest3  (cost=0.43..8.45 rows=0 width=0)
	  ->  Index Scan using sbtest3_pkey on sbtest3  (cost=0.43..8.45 rows=1 width=490)
	        Index Cond: (id = 5313513)

table 4 : explain UPDATE sbtest4 SET c='foobar' WHERE id=3250220
	Update on sbtest4  (cost=0.43..8.45 rows=0 width=0)
	  ->  Index Scan using sbtest4_pkey on sbtest4  (cost=0.43..8.45 rows=1 width=490)
	        Index Cond: (id = 3250220)

table 5 : explain UPDATE sbtest5 SET c='foobar' WHERE id=4328667
	Update on sbtest5  (cost=0.43..8.45 rows=0 width=0)
	  ->  Index Scan using sbtest5_pkey on sbtest5  (cost=0.43..8.45 rows=1 width=490)
	        Index Cond: (id = 4328667)

table 6 : explain UPDATE sbtest6 SET c='foobar' WHERE id=1464121
	Update on sbtest6  (cost=0.43..8.45 rows=0 width=0)
	  ->  Index Scan using sbtest6_pkey on sbtest6  (cost=0.43..8.45 rows=1 width=490)
	        Index Cond: (id = 1464121)

table 7 : explain UPDATE sbtest7 SET c='foobar' WHERE id=3332090
	Update on sbtest7  (cost=0.43..8.45 rows=0 width=0)
	  ->  Index Scan using sbtest7_pkey on sbtest7  (cost=0.43..8.45 rows=1 width=490)
	        Index Cond: (id = 3332090)

table 8 : explain UPDATE sbtest8 SET c='foobar' WHERE id=7985699
	Update on sbtest8  (cost=0.43..8.45 rows=0 width=0)
	  ->  Index Scan using sbtest8_pkey on sbtest8  (cost=0.43..8.45 rows=1 width=490)
	        Index Cond: (id = 7985699)

for deletes
table 1 : explain DELETE FROM sbtest1 WHERE id=6090533
	Delete on sbtest1  (cost=0.43..8.45 rows=0 width=0)
	  ->  Index Scan using sbtest1_pkey on sbtest1  (cost=0.43..8.45 rows=1 width=6)
	        Index Cond: (id = 6090533)

table 2 : explain DELETE FROM sbtest2 WHERE id=1816310
	Delete on sbtest2  (cost=0.43..8.45 rows=0 width=0)
	  ->  Index Scan using sbtest2_pkey on sbtest2  (cost=0.43..8.45 rows=1 width=6)
	        Index Cond: (id = 1816310)

table 3 : explain DELETE FROM sbtest3 WHERE id=5054786
	Delete on sbtest3  (cost=0.43..8.45 rows=0 width=0)
	  ->  Index Scan using sbtest3_pkey on sbtest3  (cost=0.43..8.45 rows=1 width=6)
	        Index Cond: (id = 5054786)

table 4 : explain DELETE FROM sbtest4 WHERE id=3033150
	Delete on sbtest4  (cost=0.43..8.45 rows=0 width=0)
	  ->  Index Scan using sbtest4_pkey on sbtest4  (cost=0.43..8.45 rows=1 width=6)
	        Index Cond: (id = 3033150)

table 5 : explain DELETE FROM sbtest5 WHERE id=9764613
	Delete on sbtest5  (cost=0.43..8.45 rows=0 width=0)
	  ->  Index Scan using sbtest5_pkey on sbtest5  (cost=0.43..8.45 rows=1 width=6)
	        Index Cond: (id = 9764613)

table 6 : explain DELETE FROM sbtest6 WHERE id=5259705
	Delete on sbtest6  (cost=0.43..8.45 rows=0 width=0)
	  ->  Index Scan using sbtest6_pkey on sbtest6  (cost=0.43..8.45 rows=1 width=6)
	        Index Cond: (id = 5259705)

table 7 : explain DELETE FROM sbtest7 WHERE id=9496390
	Delete on sbtest7  (cost=0.43..8.45 rows=0 width=0)
	  ->  Index Scan using sbtest7_pkey on sbtest7  (cost=0.43..8.45 rows=1 width=6)
	        Index Cond: (id = 9496390)

table 8 : explain DELETE FROM sbtest8 WHERE id=9338699
	Delete on sbtest8  (cost=0.43..8.45 rows=0 width=0)
	  ->  Index Scan using sbtest8_pkey on sbtest8  (cost=0.43..8.45 rows=1 width=6)
	        Index Cond: (id = 9338699)

explain: for deletes :: explain DELETE FROM sbtest%u WHERE id=%u
for index_updates
table 1 : explain UPDATE sbtest1 SET k=k+1 WHERE id=9279750
	Update on sbtest1  (cost=0.43..8.46 rows=0 width=0)
	  ->  Index Scan using sbtest1_pkey on sbtest1  (cost=0.43..8.46 rows=1 width=10)
	        Index Cond: (id = 9279750)

table 2 : explain UPDATE sbtest2 SET k=k+1 WHERE id=6982382
	Update on sbtest2  (cost=0.43..8.46 rows=0 width=0)
	  ->  Index Scan using sbtest2_pkey on sbtest2  (cost=0.43..8.46 rows=1 width=10)
	        Index Cond: (id = 6982382)

table 3 : explain UPDATE sbtest3 SET k=k+1 WHERE id=3763698
	Update on sbtest3  (cost=0.43..8.46 rows=0 width=0)
	  ->  Index Scan using sbtest3_pkey on sbtest3  (cost=0.43..8.46 rows=1 width=10)
	        Index Cond: (id = 3763698)

table 4 : explain UPDATE sbtest4 SET k=k+1 WHERE id=2161580
	Update on sbtest4  (cost=0.43..8.46 rows=0 width=0)
	  ->  Index Scan using sbtest4_pkey on sbtest4  (cost=0.43..8.46 rows=1 width=10)
	        Index Cond: (id = 2161580)

table 5 : explain UPDATE sbtest5 SET k=k+1 WHERE id=2247986
	Update on sbtest5  (cost=0.43..8.46 rows=0 width=0)
	  ->  Index Scan using sbtest5_pkey on sbtest5  (cost=0.43..8.46 rows=1 width=10)
	        Index Cond: (id = 2247986)

table 6 : explain UPDATE sbtest6 SET k=k+1 WHERE id=6533722
	Update on sbtest6  (cost=0.43..8.46 rows=0 width=0)
	  ->  Index Scan using sbtest6_pkey on sbtest6  (cost=0.43..8.46 rows=1 width=10)
	        Index Cond: (id = 6533722)

table 7 : explain UPDATE sbtest7 SET k=k+1 WHERE id=9293390
	Update on sbtest7  (cost=0.43..8.46 rows=0 width=0)
	  ->  Index Scan using sbtest7_pkey on sbtest7  (cost=0.43..8.46 rows=1 width=10)
	        Index Cond: (id = 9293390)

table 8 : explain UPDATE sbtest8 SET k=k+1 WHERE id=9270858
	Update on sbtest8  (cost=0.43..8.46 rows=0 width=0)
	  ->  Index Scan using sbtest8_pkey on sbtest8  (cost=0.43..8.46 rows=1 width=10)
	        Index Cond: (id = 9270858)

for index_updates
table 1 : explain UPDATE sbtest1 SET k=k+1 WHERE id=2688971
	Update on sbtest1  (cost=0.43..8.46 rows=0 width=0)
	  ->  Index Scan using sbtest1_pkey on sbtest1  (cost=0.43..8.46 rows=1 width=10)
	        Index Cond: (id = 2688971)

table 2 : explain UPDATE sbtest2 SET k=k+1 WHERE id=9481583
	Update on sbtest2  (cost=0.43..8.46 rows=0 width=0)
	  ->  Index Scan using sbtest2_pkey on sbtest2  (cost=0.43..8.46 rows=1 width=10)
	        Index Cond: (id = 9481583)

table 3 : explain UPDATE sbtest3 SET k=k+1 WHERE id=8077191
	Update on sbtest3  (cost=0.43..8.46 rows=0 width=0)
	  ->  Index Scan using sbtest3_pkey on sbtest3  (cost=0.43..8.46 rows=1 width=10)
	        Index Cond: (id = 8077191)

table 4 : explain UPDATE sbtest4 SET k=k+1 WHERE id=4976540
	Update on sbtest4  (cost=0.43..8.46 rows=0 width=0)
	  ->  Index Scan using sbtest4_pkey on sbtest4  (cost=0.43..8.46 rows=1 width=10)
	        Index Cond: (id = 4976540)

table 5 : explain UPDATE sbtest5 SET k=k+1 WHERE id=1889092
	Update on sbtest5  (cost=0.43..8.46 rows=0 width=0)
	  ->  Index Scan using sbtest5_pkey on sbtest5  (cost=0.43..8.46 rows=1 width=10)
	        Index Cond: (id = 1889092)

table 6 : explain UPDATE sbtest6 SET k=k+1 WHERE id=6946936
	Update on sbtest6  (cost=0.43..8.46 rows=0 width=0)
	  ->  Index Scan using sbtest6_pkey on sbtest6  (cost=0.43..8.46 rows=1 width=10)
	        Index Cond: (id = 6946936)

table 7 : explain UPDATE sbtest7 SET k=k+1 WHERE id=2063545
	Update on sbtest7  (cost=0.43..8.46 rows=0 width=0)
	  ->  Index Scan using sbtest7_pkey on sbtest7  (cost=0.43..8.46 rows=1 width=10)
	        Index Cond: (id = 2063545)

table 8 : explain UPDATE sbtest8 SET k=k+1 WHERE id=1173589
	Update on sbtest8  (cost=0.43..8.46 rows=0 width=0)
	  ->  Index Scan using sbtest8_pkey on sbtest8  (cost=0.43..8.46 rows=1 width=10)
	        Index Cond: (id = 1173589)

for: sum_ranges
table 1 : explain SELECT SUM(k) FROM sbtest1 WHERE id BETWEEN 2047919 AND 2047928
	Aggregate  (cost=36.20..36.21 rows=1 width=8)
	  ->  Index Scan using sbtest1_pkey on sbtest1  (cost=0.43..36.18 rows=9 width=4)
	        Index Cond: ((id >= 2047919) AND (id <= 2047928))

table 2 : explain SELECT SUM(k) FROM sbtest2 WHERE id BETWEEN 9760157 AND 9760166
	Aggregate  (cost=39.72..39.73 rows=1 width=8)
	  ->  Index Scan using sbtest2_pkey on sbtest2  (cost=0.43..39.70 rows=10 width=4)
	        Index Cond: ((id >= 9760157) AND (id <= 9760166))

table 3 : explain SELECT SUM(k) FROM sbtest3 WHERE id BETWEEN 3819040 AND 3819049
	Aggregate  (cost=39.72..39.73 rows=1 width=8)
	  ->  Index Scan using sbtest3_pkey on sbtest3  (cost=0.43..39.70 rows=10 width=4)
	        Index Cond: ((id >= 3819040) AND (id <= 3819049))

table 4 : explain SELECT SUM(k) FROM sbtest4 WHERE id BETWEEN 6466878 AND 6466887
	Aggregate  (cost=42.77..42.78 rows=1 width=8)
	  ->  Index Scan using sbtest4_pkey on sbtest4  (cost=0.43..42.74 rows=11 width=4)
	        Index Cond: ((id >= 6466878) AND (id <= 6466887))

table 5 : explain SELECT SUM(k) FROM sbtest5 WHERE id BETWEEN 3771844 AND 3771853
	Aggregate  (cost=42.45..42.46 rows=1 width=8)
	  ->  Index Scan using sbtest5_pkey on sbtest5  (cost=0.43..42.42 rows=11 width=4)
	        Index Cond: ((id >= 3771844) AND (id <= 3771853))

table 6 : explain SELECT SUM(k) FROM sbtest6 WHERE id BETWEEN 5981537 AND 5981546
	Aggregate  (cost=42.72..42.73 rows=1 width=8)
	  ->  Index Scan using sbtest6_pkey on sbtest6  (cost=0.43..42.69 rows=11 width=4)
	        Index Cond: ((id >= 5981537) AND (id <= 5981546))

table 7 : explain SELECT SUM(k) FROM sbtest7 WHERE id BETWEEN 3334249 AND 3334258
	Aggregate  (cost=39.35..39.36 rows=1 width=8)
	  ->  Index Scan using sbtest7_pkey on sbtest7  (cost=0.43..39.33 rows=10 width=4)
	        Index Cond: ((id >= 3334249) AND (id <= 3334258))

table 8 : explain SELECT SUM(k) FROM sbtest8 WHERE id BETWEEN 4025185 AND 4025194
	Aggregate  (cost=39.49..39.50 rows=1 width=8)
	  ->  Index Scan using sbtest8_pkey on sbtest8  (cost=0.43..39.47 rows=10 width=4)
	        Index Cond: ((id >= 4025185) AND (id <= 4025194))

for deletes
table 1 : explain DELETE FROM sbtest1 WHERE id=7540892
	Delete on sbtest1  (cost=0.43..8.45 rows=0 width=0)
	  ->  Index Scan using sbtest1_pkey on sbtest1  (cost=0.43..8.45 rows=1 width=6)
	        Index Cond: (id = 7540892)

table 2 : explain DELETE FROM sbtest2 WHERE id=3778416
	Delete on sbtest2  (cost=0.43..8.45 rows=0 width=0)
	  ->  Index Scan using sbtest2_pkey on sbtest2  (cost=0.43..8.45 rows=1 width=6)
	        Index Cond: (id = 3778416)

table 3 : explain DELETE FROM sbtest3 WHERE id=1949876
	Delete on sbtest3  (cost=0.43..8.45 rows=0 width=0)
	  ->  Index Scan using sbtest3_pkey on sbtest3  (cost=0.43..8.45 rows=1 width=6)
	        Index Cond: (id = 1949876)

table 4 : explain DELETE FROM sbtest4 WHERE id=2726676
	Delete on sbtest4  (cost=0.43..8.45 rows=0 width=0)
	  ->  Index Scan using sbtest4_pkey on sbtest4  (cost=0.43..8.45 rows=1 width=6)
	        Index Cond: (id = 2726676)

table 5 : explain DELETE FROM sbtest5 WHERE id=6283741
	Delete on sbtest5  (cost=0.43..8.45 rows=0 width=0)
	  ->  Index Scan using sbtest5_pkey on sbtest5  (cost=0.43..8.45 rows=1 width=6)
	        Index Cond: (id = 6283741)

table 6 : explain DELETE FROM sbtest6 WHERE id=5238350
	Delete on sbtest6  (cost=0.43..8.45 rows=0 width=0)
	  ->  Index Scan using sbtest6_pkey on sbtest6  (cost=0.43..8.45 rows=1 width=6)
	        Index Cond: (id = 5238350)

table 7 : explain DELETE FROM sbtest7 WHERE id=3491964
	Delete on sbtest7  (cost=0.43..8.45 rows=0 width=0)
	  ->  Index Scan using sbtest7_pkey on sbtest7  (cost=0.43..8.45 rows=1 width=6)
	        Index Cond: (id = 3491964)

table 8 : explain DELETE FROM sbtest8 WHERE id=8772581
	Delete on sbtest8  (cost=0.43..8.45 rows=0 width=0)
	  ->  Index Scan using sbtest8_pkey on sbtest8  (cost=0.43..8.45 rows=1 width=6)
	        Index Cond: (id = 8772581)

for inserts
table 1 : explain INSERT INTO sbtest1 (id, k, c, pad) VALUES (5315852, 13, 'foobar', 'foobar')
	Insert on sbtest1  (cost=0.00..0.01 rows=0 width=0)
	  ->  Result  (cost=0.00..0.01 rows=1 width=736)

table 2 : explain INSERT INTO sbtest2 (id, k, c, pad) VALUES (8937541, 13, 'foobar', 'foobar')
	Insert on sbtest2  (cost=0.00..0.01 rows=0 width=0)
	  ->  Result  (cost=0.00..0.01 rows=1 width=736)

table 3 : explain INSERT INTO sbtest3 (id, k, c, pad) VALUES (3464886, 13, 'foobar', 'foobar')
	Insert on sbtest3  (cost=0.00..0.01 rows=0 width=0)
	  ->  Result  (cost=0.00..0.01 rows=1 width=736)

table 4 : explain INSERT INTO sbtest4 (id, k, c, pad) VALUES (3501412, 13, 'foobar', 'foobar')
	Insert on sbtest4  (cost=0.00..0.01 rows=0 width=0)
	  ->  Result  (cost=0.00..0.01 rows=1 width=736)

table 5 : explain INSERT INTO sbtest5 (id, k, c, pad) VALUES (5187355, 13, 'foobar', 'foobar')
	Insert on sbtest5  (cost=0.00..0.01 rows=0 width=0)
	  ->  Result  (cost=0.00..0.01 rows=1 width=736)

table 6 : explain INSERT INTO sbtest6 (id, k, c, pad) VALUES (9055070, 13, 'foobar', 'foobar')
	Insert on sbtest6  (cost=0.00..0.01 rows=0 width=0)
	  ->  Result  (cost=0.00..0.01 rows=1 width=736)

table 7 : explain INSERT INTO sbtest7 (id, k, c, pad) VALUES (2235608, 13, 'foobar', 'foobar')
	Insert on sbtest7  (cost=0.00..0.01 rows=0 width=0)
	  ->  Result  (cost=0.00..0.01 rows=1 width=736)

table 8 : explain INSERT INTO sbtest8 (id, k, c, pad) VALUES (8110477, 13, 'foobar', 'foobar')
	Insert on sbtest8  (cost=0.00..0.01 rows=0 width=0)
	  ->  Result  (cost=0.00..0.01 rows=1 width=736)

explain: for point_selects :: explain SELECT c FROM sbtest%u WHERE id=%u
for non_index_updates
table 1 : explain UPDATE sbtest1 SET c='foobar' WHERE id=8690870
	Update on sbtest1  (cost=0.43..8.45 rows=0 width=0)
	  ->  Index Scan using sbtest1_pkey on sbtest1  (cost=0.43..8.45 rows=1 width=490)
	        Index Cond: (id = 8690870)

table 2 : explain UPDATE sbtest2 SET c='foobar' WHERE id=3015232
	Update on sbtest2  (cost=0.43..8.45 rows=0 width=0)
	  ->  Index Scan using sbtest2_pkey on sbtest2  (cost=0.43..8.45 rows=1 width=490)
	        Index Cond: (id = 3015232)

table 3 : explain UPDATE sbtest3 SET c='foobar' WHERE id=8451719
	Update on sbtest3  (cost=0.43..8.45 rows=0 width=0)
	  ->  Index Scan using sbtest3_pkey on sbtest3  (cost=0.43..8.45 rows=1 width=490)
	        Index Cond: (id = 8451719)

table 4 : explain UPDATE sbtest4 SET c='foobar' WHERE id=3737176
	Update on sbtest4  (cost=0.43..8.45 rows=0 width=0)
	  ->  Index Scan using sbtest4_pkey on sbtest4  (cost=0.43..8.45 rows=1 width=490)
	        Index Cond: (id = 3737176)

table 5 : explain UPDATE sbtest5 SET c='foobar' WHERE id=4182114
	Update on sbtest5  (cost=0.43..8.45 rows=0 width=0)
	  ->  Index Scan using sbtest5_pkey on sbtest5  (cost=0.43..8.45 rows=1 width=490)
	        Index Cond: (id = 4182114)

table 6 : explain UPDATE sbtest6 SET c='foobar' WHERE id=1139075
	Update on sbtest6  (cost=0.43..8.45 rows=0 width=0)
	  ->  Index Scan using sbtest6_pkey on sbtest6  (cost=0.43..8.45 rows=1 width=490)
	        Index Cond: (id = 1139075)

table 7 : explain UPDATE sbtest7 SET c='foobar' WHERE id=5876613
	Update on sbtest7  (cost=0.43..8.45 rows=0 width=0)
	  ->  Index Scan using sbtest7_pkey on sbtest7  (cost=0.43..8.45 rows=1 width=490)
	        Index Cond: (id = 5876613)

table 8 : explain UPDATE sbtest8 SET c='foobar' WHERE id=6409125
	Update on sbtest8  (cost=0.43..8.45 rows=0 width=0)
	  ->  Index Scan using sbtest8_pkey on sbtest8  (cost=0.43..8.45 rows=1 width=490)
	        Index Cond: (id = 6409125)

for: distinct_ranges
table 1 : explain SELECT DISTINCT c FROM sbtest1 WHERE id BETWEEN 6412549 AND 6412558 ORDER BY c
	Unique  (cost=39.81..39.86 rows=10 width=121)
	  ->  Sort  (cost=39.81..39.83 rows=10 width=121)
	        Sort Key: c
	        ->  Index Scan using sbtest1_pkey on sbtest1  (cost=0.43..39.64 rows=10 width=121)
	              Index Cond: ((id >= 6412549) AND (id <= 6412558))

table 2 : explain SELECT DISTINCT c FROM sbtest2 WHERE id BETWEEN 4816476 AND 4816485 ORDER BY c
	Unique  (cost=39.86..39.91 rows=10 width=121)
	  ->  Sort  (cost=39.86..39.89 rows=10 width=121)
	        Sort Key: c
	        ->  Index Scan using sbtest2_pkey on sbtest2  (cost=0.43..39.70 rows=10 width=121)
	              Index Cond: ((id >= 4816476) AND (id <= 4816485))

table 3 : explain SELECT DISTINCT c FROM sbtest3 WHERE id BETWEEN 1275644 AND 1275653 ORDER BY c
	Unique  (cost=39.86..39.91 rows=10 width=121)
	  ->  Sort  (cost=39.86..39.89 rows=10 width=121)
	        Sort Key: c
	        ->  Index Scan using sbtest3_pkey on sbtest3  (cost=0.43..39.70 rows=10 width=121)
	              Index Cond: ((id >= 1275644) AND (id <= 1275653))

table 4 : explain SELECT DISTINCT c FROM sbtest4 WHERE id BETWEEN 9672811 AND 9672820 ORDER BY c
	Unique  (cost=39.48..39.53 rows=10 width=121)
	  ->  Sort  (cost=39.48..39.50 rows=10 width=121)
	        Sort Key: c
	        ->  Index Scan using sbtest4_pkey on sbtest4  (cost=0.43..39.31 rows=10 width=121)
	              Index Cond: ((id >= 9672811) AND (id <= 9672820))

table 5 : explain SELECT DISTINCT c FROM sbtest5 WHERE id BETWEEN 8215606 AND 8215615 ORDER BY c
	Unique  (cost=39.19..39.24 rows=10 width=121)
	  ->  Sort  (cost=39.19..39.22 rows=10 width=121)
	        Sort Key: c
	        ->  Index Scan using sbtest5_pkey on sbtest5  (cost=0.43..39.02 rows=10 width=121)
	              Index Cond: ((id >= 8215606) AND (id <= 8215615))

table 6 : explain SELECT DISTINCT c FROM sbtest6 WHERE id BETWEEN 4904824 AND 4904833 ORDER BY c
	Unique  (cost=35.98..36.03 rows=9 width=121)
	  ->  Sort  (cost=35.98..36.01 rows=9 width=121)
	        Sort Key: c
	        ->  Index Scan using sbtest6_pkey on sbtest6  (cost=0.43..35.84 rows=9 width=121)
	              Index Cond: ((id >= 4904824) AND (id <= 4904833))

table 7 : explain SELECT DISTINCT c FROM sbtest7 WHERE id BETWEEN 9477775 AND 9477784 ORDER BY c
	Unique  (cost=42.95..43.00 rows=11 width=121)
	  ->  Sort  (cost=42.95..42.97 rows=11 width=121)
	        Sort Key: c
	        ->  Index Scan using sbtest7_pkey on sbtest7  (cost=0.43..42.76 rows=11 width=121)
	              Index Cond: ((id >= 9477775) AND (id <= 9477784))

table 8 : explain SELECT DISTINCT c FROM sbtest8 WHERE id BETWEEN 3714674 AND 3714683 ORDER BY c
	Unique  (cost=39.63..39.68 rows=10 width=121)
	  ->  Sort  (cost=39.63..39.66 rows=10 width=121)
	        Sort Key: c
	        ->  Index Scan using sbtest8_pkey on sbtest8  (cost=0.43..39.47 rows=10 width=121)
	              Index Cond: ((id >= 3714674) AND (id <= 3714683))

explain: for deletes :: explain DELETE FROM sbtest%u WHERE id=%u
explain: for non_index_updates :: explain UPDATE sbtest%u SET c='foobar' WHERE id=%u
for deletes
table 1 : explain DELETE FROM sbtest1 WHERE id=2252756
	Delete on sbtest1  (cost=0.43..8.45 rows=0 width=0)
	  ->  Index Scan using sbtest1_pkey on sbtest1  (cost=0.43..8.45 rows=1 width=6)
	        Index Cond: (id = 2252756)

table 2 : explain DELETE FROM sbtest2 WHERE id=8859150
	Delete on sbtest2  (cost=0.43..8.45 rows=0 width=0)
	  ->  Index Scan using sbtest2_pkey on sbtest2  (cost=0.43..8.45 rows=1 width=6)
	        Index Cond: (id = 8859150)

table 3 : explain DELETE FROM sbtest3 WHERE id=2984228
	Delete on sbtest3  (cost=0.43..8.45 rows=0 width=0)
	  ->  Index Scan using sbtest3_pkey on sbtest3  (cost=0.43..8.45 rows=1 width=6)
	        Index Cond: (id = 2984228)

table 4 : explain DELETE FROM sbtest4 WHERE id=9281956
	Delete on sbtest4  (cost=0.43..8.45 rows=0 width=0)
	  ->  Index Scan using sbtest4_pkey on sbtest4  (cost=0.43..8.45 rows=1 width=6)
	        Index Cond: (id = 9281956)

table 5 : explain DELETE FROM sbtest5 WHERE id=5087798
	Delete on sbtest5  (cost=0.43..8.45 rows=0 width=0)
	  ->  Index Scan using sbtest5_pkey on sbtest5  (cost=0.43..8.45 rows=1 width=6)
	        Index Cond: (id = 5087798)

table 6 : explain DELETE FROM sbtest6 WHERE id=7510889
	Delete on sbtest6  (cost=0.43..8.45 rows=0 width=0)
	  ->  Index Scan using sbtest6_pkey on sbtest6  (cost=0.43..8.45 rows=1 width=6)
	        Index Cond: (id = 7510889)

table 7 : explain DELETE FROM sbtest7 WHERE id=4704412
	Delete on sbtest7  (cost=0.43..8.45 rows=0 width=0)
	  ->  Index Scan using sbtest7_pkey on sbtest7  (cost=0.43..8.45 rows=1 width=6)
	        Index Cond: (id = 4704412)

table 8 : explain DELETE FROM sbtest8 WHERE id=6763256
	Delete on sbtest8  (cost=0.43..8.45 rows=0 width=0)
	  ->  Index Scan using sbtest8_pkey on sbtest8  (cost=0.43..8.45 rows=1 width=6)
	        Index Cond: (id = 6763256)

explain: for inserts :: explain INSERT INTO sbtest%u (id, k, c, pad) VALUES (%u, 13, 'foobar', 'foobar')
explain: for deletes :: explain DELETE FROM sbtest%u WHERE id=%u
for deletes
table 1 : explain DELETE FROM sbtest1 WHERE id=4372809
	Delete on sbtest1  (cost=0.43..8.45 rows=0 width=0)
	  ->  Index Scan using sbtest1_pkey on sbtest1  (cost=0.43..8.45 rows=1 width=6)
	        Index Cond: (id = 4372809)

table 2 : explain DELETE FROM sbtest2 WHERE id=5777813
	Delete on sbtest2  (cost=0.43..8.45 rows=0 width=0)
	  ->  Index Scan using sbtest2_pkey on sbtest2  (cost=0.43..8.45 rows=1 width=6)
	        Index Cond: (id = 5777813)

table 3 : explain DELETE FROM sbtest3 WHERE id=3334100
	Delete on sbtest3  (cost=0.43..8.45 rows=0 width=0)
	  ->  Index Scan using sbtest3_pkey on sbtest3  (cost=0.43..8.45 rows=1 width=6)
	        Index Cond: (id = 3334100)

table 4 : explain DELETE FROM sbtest4 WHERE id=643066
	Delete on sbtest4  (cost=0.43..8.45 rows=0 width=0)
	  ->  Index Scan using sbtest4_pkey on sbtest4  (cost=0.43..8.45 rows=1 width=6)
	        Index Cond: (id = 643066)

table 5 : explain DELETE FROM sbtest5 WHERE id=6767199
	Delete on sbtest5  (cost=0.43..8.45 rows=0 width=0)
	  ->  Index Scan using sbtest5_pkey on sbtest5  (cost=0.43..8.45 rows=1 width=6)
	        Index Cond: (id = 6767199)

table 6 : explain DELETE FROM sbtest6 WHERE id=7219952
	Delete on sbtest6  (cost=0.43..8.45 rows=0 width=0)
	  ->  Index Scan using sbtest6_pkey on sbtest6  (cost=0.43..8.45 rows=1 width=6)
	        Index Cond: (id = 7219952)

table 7 : explain DELETE FROM sbtest7 WHERE id=791378
	Delete on sbtest7  (cost=0.43..8.45 rows=0 width=0)
	  ->  Index Scan using sbtest7_pkey on sbtest7  (cost=0.43..8.45 rows=1 width=6)
	        Index Cond: (id = 791378)

table 8 : explain DELETE FROM sbtest8 WHERE id=6695855
	Delete on sbtest8  (cost=0.43..8.45 rows=0 width=0)
	  ->  Index Scan using sbtest8_pkey on sbtest8  (cost=0.43..8.45 rows=1 width=6)
	        Index Cond: (id = 6695855)

for: order_ranges
table 1 : explain SELECT c FROM sbtest1 WHERE id BETWEEN 171368 AND 171377 ORDER BY c
	Sort  (cost=39.81..39.83 rows=10 width=121)
	  Sort Key: c
	  ->  Index Scan using sbtest1_pkey on sbtest1  (cost=0.43..39.64 rows=10 width=121)
	        Index Cond: ((id >= 171368) AND (id <= 171377))

table 2 : explain SELECT c FROM sbtest2 WHERE id BETWEEN 6978799 AND 6978808 ORDER BY c
	Sort  (cost=43.36..43.39 rows=11 width=121)
	  Sort Key: c
	  ->  Index Scan using sbtest2_pkey on sbtest2  (cost=0.43..43.17 rows=11 width=121)
	        Index Cond: ((id >= 6978799) AND (id <= 6978808))

table 3 : explain SELECT c FROM sbtest3 WHERE id BETWEEN 8193864 AND 8193873 ORDER BY c
	Sort  (cost=39.86..39.89 rows=10 width=121)
	  Sort Key: c
	  ->  Index Scan using sbtest3_pkey on sbtest3  (cost=0.43..39.70 rows=10 width=121)
	        Index Cond: ((id >= 8193864) AND (id <= 8193873))

table 4 : explain SELECT c FROM sbtest4 WHERE id BETWEEN 9943166 AND 9943175 ORDER BY c
	Sort  (cost=39.48..39.50 rows=10 width=121)
	  Sort Key: c
	  ->  Index Scan using sbtest4_pkey on sbtest4  (cost=0.43..39.31 rows=10 width=121)
	        Index Cond: ((id >= 9943166) AND (id <= 9943175))

table 5 : explain SELECT c FROM sbtest5 WHERE id BETWEEN 8233245 AND 8233254 ORDER BY c
	Sort  (cost=39.19..39.22 rows=10 width=121)
	  Sort Key: c
	  ->  Index Scan using sbtest5_pkey on sbtest5  (cost=0.43..39.02 rows=10 width=121)
	        Index Cond: ((id >= 8233245) AND (id <= 8233254))

table 6 : explain SELECT c FROM sbtest6 WHERE id BETWEEN 4561846 AND 4561855 ORDER BY c
	Sort  (cost=39.43..39.46 rows=10 width=121)
	  Sort Key: c
	  ->  Index Scan using sbtest6_pkey on sbtest6  (cost=0.43..39.26 rows=10 width=121)
	        Index Cond: ((id >= 4561846) AND (id <= 4561855))

table 7 : explain SELECT c FROM sbtest7 WHERE id BETWEEN 9126406 AND 9126415 ORDER BY c
	Sort  (cost=39.49..39.52 rows=10 width=121)
	  Sort Key: c
	  ->  Index Scan using sbtest7_pkey on sbtest7  (cost=0.43..39.33 rows=10 width=121)
	        Index Cond: ((id >= 9126406) AND (id <= 9126415))

table 8 : explain SELECT c FROM sbtest8 WHERE id BETWEEN 1156382 AND 1156391 ORDER BY c
	Sort  (cost=39.63..39.66 rows=10 width=121)
	  Sort Key: c
	  ->  Index Scan using sbtest8_pkey on sbtest8  (cost=0.43..39.47 rows=10 width=121)
	        Index Cond: ((id >= 1156382) AND (id <= 1156391))

for: sum_ranges
table 1 : explain SELECT SUM(k) FROM sbtest1 WHERE id BETWEEN 5471834 AND 5471843
	Aggregate  (cost=43.14..43.15 rows=1 width=8)
	  ->  Index Scan using sbtest1_pkey on sbtest1  (cost=0.43..43.11 rows=11 width=4)
	        Index Cond: ((id >= 5471834) AND (id <= 5471843))

table 2 : explain SELECT SUM(k) FROM sbtest2 WHERE id BETWEEN 1509399 AND 1509408
	Aggregate  (cost=36.25..36.26 rows=1 width=8)
	  ->  Index Scan using sbtest2_pkey on sbtest2  (cost=0.43..36.23 rows=9 width=4)
	        Index Cond: ((id >= 1509399) AND (id <= 1509408))

table 3 : explain SELECT SUM(k) FROM sbtest3 WHERE id BETWEEN 9580921 AND 9580930
	Aggregate  (cost=39.72..39.73 rows=1 width=8)
	  ->  Index Scan using sbtest3_pkey on sbtest3  (cost=0.43..39.70 rows=10 width=4)
	        Index Cond: ((id >= 9580921) AND (id <= 9580930))

table 4 : explain SELECT SUM(k) FROM sbtest4 WHERE id BETWEEN 8173862 AND 8173871
	Aggregate  (cost=39.34..39.35 rows=1 width=8)
	  ->  Index Scan using sbtest4_pkey on sbtest4  (cost=0.43..39.31 rows=10 width=4)
	        Index Cond: ((id >= 8173862) AND (id <= 8173871))

table 5 : explain SELECT SUM(k) FROM sbtest5 WHERE id BETWEEN 3705520 AND 3705529
	Aggregate  (cost=42.45..42.46 rows=1 width=8)
	  ->  Index Scan using sbtest5_pkey on sbtest5  (cost=0.43..42.42 rows=11 width=4)
	        Index Cond: ((id >= 3705520) AND (id <= 3705529))

table 6 : explain SELECT SUM(k) FROM sbtest6 WHERE id BETWEEN 7151416 AND 7151425
	Aggregate  (cost=39.29..39.30 rows=1 width=8)
	  ->  Index Scan using sbtest6_pkey on sbtest6  (cost=0.43..39.26 rows=10 width=4)
	        Index Cond: ((id >= 7151416) AND (id <= 7151425))

table 7 : explain SELECT SUM(k) FROM sbtest7 WHERE id BETWEEN 698212 AND 698221
	Aggregate  (cost=39.35..39.36 rows=1 width=8)
	  ->  Index Scan using sbtest7_pkey on sbtest7  (cost=0.43..39.33 rows=10 width=4)
	        Index Cond: ((id >= 698212) AND (id <= 698221))

table 8 : explain SELECT SUM(k) FROM sbtest8 WHERE id BETWEEN 4434235 AND 4434244
	Aggregate  (cost=36.04..36.05 rows=1 width=8)
	  ->  Index Scan using sbtest8_pkey on sbtest8  (cost=0.43..36.02 rows=9 width=4)
	        Index Cond: ((id >= 4434235) AND (id <= 4434244))

for: sum_ranges
table 1 : explain SELECT SUM(k) FROM sbtest1 WHERE id BETWEEN 2012389 AND 2012398
	Aggregate  (cost=36.20..36.21 rows=1 width=8)
	  ->  Index Scan using sbtest1_pkey on sbtest1  (cost=0.43..36.18 rows=9 width=4)
	        Index Cond: ((id >= 2012389) AND (id <= 2012398))

table 2 : explain SELECT SUM(k) FROM sbtest2 WHERE id BETWEEN 3176915 AND 3176924
	Aggregate  (cost=39.72..39.73 rows=1 width=8)
	  ->  Index Scan using sbtest2_pkey on sbtest2  (cost=0.43..39.70 rows=10 width=4)
	        Index Cond: ((id >= 3176915) AND (id <= 3176924))

table 3 : explain SELECT SUM(k) FROM sbtest3 WHERE id BETWEEN 1025120 AND 1025129
	Aggregate  (cost=36.25..36.26 rows=1 width=8)
	  ->  Index Scan using sbtest3_pkey on sbtest3  (cost=0.43..36.23 rows=9 width=4)
	        Index Cond: ((id >= 1025120) AND (id <= 1025129))

table 4 : explain SELECT SUM(k) FROM sbtest4 WHERE id BETWEEN 6755384 AND 6755393
	Aggregate  (cost=39.34..39.35 rows=1 width=8)
	  ->  Index Scan using sbtest4_pkey on sbtest4  (cost=0.43..39.31 rows=10 width=4)
	        Index Cond: ((id >= 6755384) AND (id <= 6755393))

table 5 : explain SELECT SUM(k) FROM sbtest5 WHERE id BETWEEN 9973567 AND 9973576
	Aggregate  (cost=35.65..35.66 rows=1 width=8)
	  ->  Index Scan using sbtest5_pkey on sbtest5  (cost=0.43..35.63 rows=9 width=4)
	        Index Cond: ((id >= 9973567) AND (id <= 9973576))

table 6 : explain SELECT SUM(k) FROM sbtest6 WHERE id BETWEEN 6028432 AND 6028441
	Aggregate  (cost=42.72..42.73 rows=1 width=8)
	  ->  Index Scan using sbtest6_pkey on sbtest6  (cost=0.43..42.69 rows=11 width=4)
	        Index Cond: ((id >= 6028432) AND (id <= 6028441))

table 7 : explain SELECT SUM(k) FROM sbtest7 WHERE id BETWEEN 1371709 AND 1371718
	Aggregate  (cost=39.35..39.36 rows=1 width=8)
	  ->  Index Scan using sbtest7_pkey on sbtest7  (cost=0.43..39.33 rows=10 width=4)
	        Index Cond: ((id >= 1371709) AND (id <= 1371718))

table 8 : explain SELECT SUM(k) FROM sbtest8 WHERE id BETWEEN 5118546 AND 5118555
	Aggregate  (cost=39.49..39.50 rows=1 width=8)
	  ->  Index Scan using sbtest8_pkey on sbtest8  (cost=0.43..39.47 rows=10 width=4)
	        Index Cond: ((id >= 5118546) AND (id <= 5118555))

explain: for index_updates :: explain UPDATE sbtest%u SET k=k+1 WHERE id=%u
for deletes
table 1 : explain DELETE FROM sbtest1 WHERE id=7746885
	Delete on sbtest1  (cost=0.43..8.45 rows=0 width=0)
	  ->  Index Scan using sbtest1_pkey on sbtest1  (cost=0.43..8.45 rows=1 width=6)
	        Index Cond: (id = 7746885)

table 2 : explain DELETE FROM sbtest2 WHERE id=5358330
	Delete on sbtest2  (cost=0.43..8.45 rows=0 width=0)
	  ->  Index Scan using sbtest2_pkey on sbtest2  (cost=0.43..8.45 rows=1 width=6)
	        Index Cond: (id = 5358330)

table 3 : explain DELETE FROM sbtest3 WHERE id=3147001
	Delete on sbtest3  (cost=0.43..8.45 rows=0 width=0)
	  ->  Index Scan using sbtest3_pkey on sbtest3  (cost=0.43..8.45 rows=1 width=6)
	        Index Cond: (id = 3147001)

table 4 : explain DELETE FROM sbtest4 WHERE id=5114924
	Delete on sbtest4  (cost=0.43..8.45 rows=0 width=0)
	  ->  Index Scan using sbtest4_pkey on sbtest4  (cost=0.43..8.45 rows=1 width=6)
	        Index Cond: (id = 5114924)

table 5 : explain DELETE FROM sbtest5 WHERE id=8398956
	Delete on sbtest5  (cost=0.43..8.45 rows=0 width=0)
	  ->  Index Scan using sbtest5_pkey on sbtest5  (cost=0.43..8.45 rows=1 width=6)
	        Index Cond: (id = 8398956)

table 6 : explain DELETE FROM sbtest6 WHERE id=1237550
	Delete on sbtest6  (cost=0.43..8.45 rows=0 width=0)
	  ->  Index Scan using sbtest6_pkey on sbtest6  (cost=0.43..8.45 rows=1 width=6)
	        Index Cond: (id = 1237550)

table 7 : explain DELETE FROM sbtest7 WHERE id=3964933
	Delete on sbtest7  (cost=0.43..8.45 rows=0 width=0)
	  ->  Index Scan using sbtest7_pkey on sbtest7  (cost=0.43..8.45 rows=1 width=6)
	        Index Cond: (id = 3964933)

table 8 : explain DELETE FROM sbtest8 WHERE id=5454845
	Delete on sbtest8  (cost=0.43..8.45 rows=0 width=0)
	  ->  Index Scan using sbtest8_pkey on sbtest8  (cost=0.43..8.45 rows=1 width=6)
	        Index Cond: (id = 5454845)

for inserts
table 1 : explain INSERT INTO sbtest1 (id, k, c, pad) VALUES (6823522, 13, 'foobar', 'foobar')
	Insert on sbtest1  (cost=0.00..0.01 rows=0 width=0)
	  ->  Result  (cost=0.00..0.01 rows=1 width=736)

table 2 : explain INSERT INTO sbtest2 (id, k, c, pad) VALUES (1252432, 13, 'foobar', 'foobar')
	Insert on sbtest2  (cost=0.00..0.01 rows=0 width=0)
	  ->  Result  (cost=0.00..0.01 rows=1 width=736)

table 3 : explain INSERT INTO sbtest3 (id, k, c, pad) VALUES (5882933, 13, 'foobar', 'foobar')
	Insert on sbtest3  (cost=0.00..0.01 rows=0 width=0)
	  ->  Result  (cost=0.00..0.01 rows=1 width=736)

table 4 : explain INSERT INTO sbtest4 (id, k, c, pad) VALUES (3254403, 13, 'foobar', 'foobar')
	Insert on sbtest4  (cost=0.00..0.01 rows=0 width=0)
	  ->  Result  (cost=0.00..0.01 rows=1 width=736)

table 5 : explain INSERT INTO sbtest5 (id, k, c, pad) VALUES (4399301, 13, 'foobar', 'foobar')
	Insert on sbtest5  (cost=0.00..0.01 rows=0 width=0)
	  ->  Result  (cost=0.00..0.01 rows=1 width=736)

table 6 : explain INSERT INTO sbtest6 (id, k, c, pad) VALUES (1968311, 13, 'foobar', 'foobar')
	Insert on sbtest6  (cost=0.00..0.01 rows=0 width=0)
	  ->  Result  (cost=0.00..0.01 rows=1 width=736)

table 7 : explain INSERT INTO sbtest7 (id, k, c, pad) VALUES (896229, 13, 'foobar', 'foobar')
	Insert on sbtest7  (cost=0.00..0.01 rows=0 width=0)
	  ->  Result  (cost=0.00..0.01 rows=1 width=736)

table 8 : explain INSERT INTO sbtest8 (id, k, c, pad) VALUES (1654936, 13, 'foobar', 'foobar')
	Insert on sbtest8  (cost=0.00..0.01 rows=0 width=0)
	  ->  Result  (cost=0.00..0.01 rows=1 width=736)

explain: for inserts :: explain INSERT INTO sbtest%u (id, k, c, pad) VALUES (%u, 13, 'foobar', 'foobar')
explain: for non_index_updates :: explain UPDATE sbtest%u SET c='foobar' WHERE id=%u
for deletes
table 1 : explain DELETE FROM sbtest1 WHERE id=2401493
	Delete on sbtest1  (cost=0.43..8.45 rows=0 width=0)
	  ->  Index Scan using sbtest1_pkey on sbtest1  (cost=0.43..8.45 rows=1 width=6)
	        Index Cond: (id = 2401493)

table 2 : explain DELETE FROM sbtest2 WHERE id=8492026
	Delete on sbtest2  (cost=0.43..8.45 rows=0 width=0)
	  ->  Index Scan using sbtest2_pkey on sbtest2  (cost=0.43..8.45 rows=1 width=6)
	        Index Cond: (id = 8492026)

table 3 : explain DELETE FROM sbtest3 WHERE id=8922175
	Delete on sbtest3  (cost=0.43..8.45 rows=0 width=0)
	  ->  Index Scan using sbtest3_pkey on sbtest3  (cost=0.43..8.45 rows=1 width=6)
	        Index Cond: (id = 8922175)

table 4 : explain DELETE FROM sbtest4 WHERE id=3856364
	Delete on sbtest4  (cost=0.43..8.45 rows=0 width=0)
	  ->  Index Scan using sbtest4_pkey on sbtest4  (cost=0.43..8.45 rows=1 width=6)
	        Index Cond: (id = 3856364)

table 5 : explain DELETE FROM sbtest5 WHERE id=1185764
	Delete on sbtest5  (cost=0.43..8.45 rows=0 width=0)
	  ->  Index Scan using sbtest5_pkey on sbtest5  (cost=0.43..8.45 rows=1 width=6)
	        Index Cond: (id = 1185764)

table 6 : explain DELETE FROM sbtest6 WHERE id=4703454
	Delete on sbtest6  (cost=0.43..8.45 rows=0 width=0)
	  ->  Index Scan using sbtest6_pkey on sbtest6  (cost=0.43..8.45 rows=1 width=6)
	        Index Cond: (id = 4703454)

table 7 : explain DELETE FROM sbtest7 WHERE id=390740
	Delete on sbtest7  (cost=0.43..8.45 rows=0 width=0)
	  ->  Index Scan using sbtest7_pkey on sbtest7  (cost=0.43..8.45 rows=1 width=6)
	        Index Cond: (id = 390740)

table 8 : explain DELETE FROM sbtest8 WHERE id=379281
	Delete on sbtest8  (cost=0.43..8.45 rows=0 width=0)
	  ->  Index Scan using sbtest8_pkey on sbtest8  (cost=0.43..8.45 rows=1 width=6)
	        Index Cond: (id = 379281)

explain: for inserts :: explain INSERT INTO sbtest%u (id, k, c, pad) VALUES (%u, 13, 'foobar', 'foobar')
for non_index_updates
table 1 : explain UPDATE sbtest1 SET c='foobar' WHERE id=6848229
	Update on sbtest1  (cost=0.43..8.45 rows=0 width=0)
	  ->  Index Scan using sbtest1_pkey on sbtest1  (cost=0.43..8.45 rows=1 width=490)
	        Index Cond: (id = 6848229)

table 2 : explain UPDATE sbtest2 SET c='foobar' WHERE id=9889213
	Update on sbtest2  (cost=0.43..8.45 rows=0 width=0)
	  ->  Index Scan using sbtest2_pkey on sbtest2  (cost=0.43..8.45 rows=1 width=490)
	        Index Cond: (id = 9889213)

table 3 : explain UPDATE sbtest3 SET c='foobar' WHERE id=9736465
	Update on sbtest3  (cost=0.43..8.45 rows=0 width=0)
	  ->  Index Scan using sbtest3_pkey on sbtest3  (cost=0.43..8.45 rows=1 width=490)
	        Index Cond: (id = 9736465)

table 4 : explain UPDATE sbtest4 SET c='foobar' WHERE id=274519
	Update on sbtest4  (cost=0.43..8.45 rows=0 width=0)
	  ->  Index Scan using sbtest4_pkey on sbtest4  (cost=0.43..8.45 rows=1 width=490)
	        Index Cond: (id = 274519)

table 5 : explain UPDATE sbtest5 SET c='foobar' WHERE id=8425587
	Update on sbtest5  (cost=0.43..8.45 rows=0 width=0)
	  ->  Index Scan using sbtest5_pkey on sbtest5  (cost=0.43..8.45 rows=1 width=490)
	        Index Cond: (id = 8425587)

table 6 : explain UPDATE sbtest6 SET c='foobar' WHERE id=7887496
	Update on sbtest6  (cost=0.43..8.45 rows=0 width=0)
	  ->  Index Scan using sbtest6_pkey on sbtest6  (cost=0.43..8.45 rows=1 width=490)
	        Index Cond: (id = 7887496)

table 7 : explain UPDATE sbtest7 SET c='foobar' WHERE id=4767354
	Update on sbtest7  (cost=0.43..8.45 rows=0 width=0)
	  ->  Index Scan using sbtest7_pkey on sbtest7  (cost=0.43..8.45 rows=1 width=490)
	        Index Cond: (id = 4767354)

table 8 : explain UPDATE sbtest8 SET c='foobar' WHERE id=3592997
	Update on sbtest8  (cost=0.43..8.45 rows=0 width=0)
	  ->  Index Scan using sbtest8_pkey on sbtest8  (cost=0.43..8.45 rows=1 width=490)
	        Index Cond: (id = 3592997)

explain: for inserts :: explain INSERT INTO sbtest%u (id, k, c, pad) VALUES (%u, 13, 'foobar', 'foobar')
for index_updates
table 1 : explain UPDATE sbtest1 SET k=k+1 WHERE id=6363274
	Update on sbtest1  (cost=0.43..8.46 rows=0 width=0)
	  ->  Index Scan using sbtest1_pkey on sbtest1  (cost=0.43..8.46 rows=1 width=10)
	        Index Cond: (id = 6363274)

table 2 : explain UPDATE sbtest2 SET k=k+1 WHERE id=6292858
	Update on sbtest2  (cost=0.43..8.46 rows=0 width=0)
	  ->  Index Scan using sbtest2_pkey on sbtest2  (cost=0.43..8.46 rows=1 width=10)
	        Index Cond: (id = 6292858)

table 3 : explain UPDATE sbtest3 SET k=k+1 WHERE id=8086184
	Update on sbtest3  (cost=0.43..8.46 rows=0 width=0)
	  ->  Index Scan using sbtest3_pkey on sbtest3  (cost=0.43..8.46 rows=1 width=10)
	        Index Cond: (id = 8086184)

table 4 : explain UPDATE sbtest4 SET k=k+1 WHERE id=8080613
	Update on sbtest4  (cost=0.43..8.46 rows=0 width=0)
	  ->  Index Scan using sbtest4_pkey on sbtest4  (cost=0.43..8.46 rows=1 width=10)
	        Index Cond: (id = 8080613)

table 5 : explain UPDATE sbtest5 SET k=k+1 WHERE id=2546657
	Update on sbtest5  (cost=0.43..8.46 rows=0 width=0)
	  ->  Index Scan using sbtest5_pkey on sbtest5  (cost=0.43..8.46 rows=1 width=10)
	        Index Cond: (id = 2546657)

table 6 : explain UPDATE sbtest6 SET k=k+1 WHERE id=2761886
	Update on sbtest6  (cost=0.43..8.46 rows=0 width=0)
	  ->  Index Scan using sbtest6_pkey on sbtest6  (cost=0.43..8.46 rows=1 width=10)
	        Index Cond: (id = 2761886)

table 7 : explain UPDATE sbtest7 SET k=k+1 WHERE id=4771154
	Update on sbtest7  (cost=0.43..8.46 rows=0 width=0)
	  ->  Index Scan using sbtest7_pkey on sbtest7  (cost=0.43..8.46 rows=1 width=10)
	        Index Cond: (id = 4771154)

table 8 : explain UPDATE sbtest8 SET k=k+1 WHERE id=9689868
	Update on sbtest8  (cost=0.43..8.46 rows=0 width=0)
	  ->  Index Scan using sbtest8_pkey on sbtest8  (cost=0.43..8.46 rows=1 width=10)
	        Index Cond: (id = 9689868)

explain: for inserts :: explain INSERT INTO sbtest%u (id, k, c, pad) VALUES (%u, 13, 'foobar', 'foobar')
for inserts
table 1 : explain INSERT INTO sbtest1 (id, k, c, pad) VALUES (3907225, 13, 'foobar', 'foobar')
	Insert on sbtest1  (cost=0.00..0.01 rows=0 width=0)
	  ->  Result  (cost=0.00..0.01 rows=1 width=736)

table 2 : explain INSERT INTO sbtest2 (id, k, c, pad) VALUES (5182345, 13, 'foobar', 'foobar')
	Insert on sbtest2  (cost=0.00..0.01 rows=0 width=0)
	  ->  Result  (cost=0.00..0.01 rows=1 width=736)

table 3 : explain INSERT INTO sbtest3 (id, k, c, pad) VALUES (7015936, 13, 'foobar', 'foobar')
	Insert on sbtest3  (cost=0.00..0.01 rows=0 width=0)
	  ->  Result  (cost=0.00..0.01 rows=1 width=736)

table 4 : explain INSERT INTO sbtest4 (id, k, c, pad) VALUES (457938, 13, 'foobar', 'foobar')
	Insert on sbtest4  (cost=0.00..0.01 rows=0 width=0)
	  ->  Result  (cost=0.00..0.01 rows=1 width=736)

table 5 : explain INSERT INTO sbtest5 (id, k, c, pad) VALUES (1194763, 13, 'foobar', 'foobar')
	Insert on sbtest5  (cost=0.00..0.01 rows=0 width=0)
	  ->  Result  (cost=0.00..0.01 rows=1 width=736)

table 6 : explain INSERT INTO sbtest6 (id, k, c, pad) VALUES (8743979, 13, 'foobar', 'foobar')
	Insert on sbtest6  (cost=0.00..0.01 rows=0 width=0)
	  ->  Result  (cost=0.00..0.01 rows=1 width=736)

table 7 : explain INSERT INTO sbtest7 (id, k, c, pad) VALUES (1124060, 13, 'foobar', 'foobar')
	Insert on sbtest7  (cost=0.00..0.01 rows=0 width=0)
	  ->  Result  (cost=0.00..0.01 rows=1 width=736)

table 8 : explain INSERT INTO sbtest8 (id, k, c, pad) VALUES (4226247, 13, 'foobar', 'foobar')
	Insert on sbtest8  (cost=0.00..0.01 rows=0 width=0)
	  ->  Result  (cost=0.00..0.01 rows=1 width=736)

explain: for deletes :: explain DELETE FROM sbtest%u WHERE id=%u
for: order_ranges
table 1 : explain SELECT c FROM sbtest1 WHERE id BETWEEN 761979 AND 761988 ORDER BY c
	Sort  (cost=39.81..39.83 rows=10 width=121)
	  Sort Key: c
	  ->  Index Scan using sbtest1_pkey on sbtest1  (cost=0.43..39.64 rows=10 width=121)
	        Index Cond: ((id >= 761979) AND (id <= 761988))

table 2 : explain SELECT c FROM sbtest2 WHERE id BETWEEN 529328 AND 529337 ORDER BY c
	Sort  (cost=43.36..43.39 rows=11 width=121)
	  Sort Key: c
	  ->  Index Scan using sbtest2_pkey on sbtest2  (cost=0.43..43.17 rows=11 width=121)
	        Index Cond: ((id >= 529328) AND (id <= 529337))

table 3 : explain SELECT c FROM sbtest3 WHERE id BETWEEN 5235952 AND 5235961 ORDER BY c
	Sort  (cost=39.86..39.89 rows=10 width=121)
	  Sort Key: c
	  ->  Index Scan using sbtest3_pkey on sbtest3  (cost=0.43..39.70 rows=10 width=121)
	        Index Cond: ((id >= 5235952) AND (id <= 5235961))

table 4 : explain SELECT c FROM sbtest4 WHERE id BETWEEN 6582050 AND 6582059 ORDER BY c
	Sort  (cost=39.48..39.50 rows=10 width=121)
	  Sort Key: c
	  ->  Index Scan using sbtest4_pkey on sbtest4  (cost=0.43..39.31 rows=10 width=121)
	        Index Cond: ((id >= 6582050) AND (id <= 6582059))

table 5 : explain SELECT c FROM sbtest5 WHERE id BETWEEN 9852410 AND 9852419 ORDER BY c
	Sort  (cost=39.19..39.22 rows=10 width=121)
	  Sort Key: c
	  ->  Index Scan using sbtest5_pkey on sbtest5  (cost=0.43..39.02 rows=10 width=121)
	        Index Cond: ((id >= 9852410) AND (id <= 9852419))

table 6 : explain SELECT c FROM sbtest6 WHERE id BETWEEN 2223972 AND 2223981 ORDER BY c
	Sort  (cost=39.43..39.46 rows=10 width=121)
	  Sort Key: c
	  ->  Index Scan using sbtest6_pkey on sbtest6  (cost=0.43..39.26 rows=10 width=121)
	        Index Cond: ((id >= 2223972) AND (id <= 2223981))

table 7 : explain SELECT c FROM sbtest7 WHERE id BETWEEN 5355061 AND 5355070 ORDER BY c
	Sort  (cost=39.49..39.52 rows=10 width=121)
	  Sort Key: c
	  ->  Index Scan using sbtest7_pkey on sbtest7  (cost=0.43..39.33 rows=10 width=121)
	        Index Cond: ((id >= 5355061) AND (id <= 5355070))

table 8 : explain SELECT c FROM sbtest8 WHERE id BETWEEN 5309791 AND 5309800 ORDER BY c
	Sort  (cost=36.16..36.19 rows=9 width=121)
	  Sort Key: c
	  ->  Index Scan using sbtest8_pkey on sbtest8  (cost=0.43..36.02 rows=9 width=121)
	        Index Cond: ((id >= 5309791) AND (id <= 5309800))

explain: for non_index_updates :: explain UPDATE sbtest%u SET c='foobar' WHERE id=%u
for inserts
table 1 : explain INSERT INTO sbtest1 (id, k, c, pad) VALUES (4454515, 13, 'foobar', 'foobar')
	Insert on sbtest1  (cost=0.00..0.01 rows=0 width=0)
	  ->  Result  (cost=0.00..0.01 rows=1 width=736)

table 2 : explain INSERT INTO sbtest2 (id, k, c, pad) VALUES (5604992, 13, 'foobar', 'foobar')
	Insert on sbtest2  (cost=0.00..0.01 rows=0 width=0)
	  ->  Result  (cost=0.00..0.01 rows=1 width=736)

table 3 : explain INSERT INTO sbtest3 (id, k, c, pad) VALUES (5269888, 13, 'foobar', 'foobar')
	Insert on sbtest3  (cost=0.00..0.01 rows=0 width=0)
	  ->  Result  (cost=0.00..0.01 rows=1 width=736)

table 4 : explain INSERT INTO sbtest4 (id, k, c, pad) VALUES (6324053, 13, 'foobar', 'foobar')
	Insert on sbtest4  (cost=0.00..0.01 rows=0 width=0)
	  ->  Result  (cost=0.00..0.01 rows=1 width=736)

table 5 : explain INSERT INTO sbtest5 (id, k, c, pad) VALUES (5993927, 13, 'foobar', 'foobar')
	Insert on sbtest5  (cost=0.00..0.01 rows=0 width=0)
	  ->  Result  (cost=0.00..0.01 rows=1 width=736)

table 6 : explain INSERT INTO sbtest6 (id, k, c, pad) VALUES (6379809, 13, 'foobar', 'foobar')
	Insert on sbtest6  (cost=0.00..0.01 rows=0 width=0)
	  ->  Result  (cost=0.00..0.01 rows=1 width=736)

table 7 : explain INSERT INTO sbtest7 (id, k, c, pad) VALUES (2596000, 13, 'foobar', 'foobar')
	Insert on sbtest7  (cost=0.00..0.01 rows=0 width=0)
	  ->  Result  (cost=0.00..0.01 rows=1 width=736)

table 8 : explain INSERT INTO sbtest8 (id, k, c, pad) VALUES (7649991, 13, 'foobar', 'foobar')
	Insert on sbtest8  (cost=0.00..0.01 rows=0 width=0)
	  ->  Result  (cost=0.00..0.01 rows=1 width=736)

for: order_ranges
table 1 : explain SELECT c FROM sbtest1 WHERE id BETWEEN 4132319 AND 4132328 ORDER BY c
	Sort  (cost=36.32..36.34 rows=9 width=121)
	  Sort Key: c
	  ->  Index Scan using sbtest1_pkey on sbtest1  (cost=0.43..36.18 rows=9 width=121)
	        Index Cond: ((id >= 4132319) AND (id <= 4132328))

table 2 : explain SELECT c FROM sbtest2 WHERE id BETWEEN 8082757 AND 8082766 ORDER BY c
	Sort  (cost=39.86..39.89 rows=10 width=121)
	  Sort Key: c
	  ->  Index Scan using sbtest2_pkey on sbtest2  (cost=0.43..39.70 rows=10 width=121)
	        Index Cond: ((id >= 8082757) AND (id <= 8082766))

table 3 : explain SELECT c FROM sbtest3 WHERE id BETWEEN 6640295 AND 6640304 ORDER BY c
	Sort  (cost=39.86..39.89 rows=10 width=121)
	  Sort Key: c
	  ->  Index Scan using sbtest3_pkey on sbtest3  (cost=0.43..39.70 rows=10 width=121)
	        Index Cond: ((id >= 6640295) AND (id <= 6640304))

table 4 : explain SELECT c FROM sbtest4 WHERE id BETWEEN 6875389 AND 6875398 ORDER BY c
	Sort  (cost=42.93..42.96 rows=11 width=121)
	  Sort Key: c
	  ->  Index Scan using sbtest4_pkey on sbtest4  (cost=0.43..42.74 rows=11 width=121)
	        Index Cond: ((id >= 6875389) AND (id <= 6875398))

table 5 : explain SELECT c FROM sbtest5 WHERE id BETWEEN 2867322 AND 2867331 ORDER BY c
	Sort  (cost=39.19..39.22 rows=10 width=121)
	  Sort Key: c
	  ->  Index Scan using sbtest5_pkey on sbtest5  (cost=0.43..39.02 rows=10 width=121)
	        Index Cond: ((id >= 2867322) AND (id <= 2867331))

table 6 : explain SELECT c FROM sbtest6 WHERE id BETWEEN 8666442 AND 8666451 ORDER BY c
	Sort  (cost=39.43..39.46 rows=10 width=121)
	  Sort Key: c
	  ->  Index Scan using sbtest6_pkey on sbtest6  (cost=0.43..39.26 rows=10 width=121)
	        Index Cond: ((id >= 8666442) AND (id <= 8666451))

table 7 : explain SELECT c FROM sbtest7 WHERE id BETWEEN 861694 AND 861703 ORDER BY c
	Sort  (cost=39.49..39.52 rows=10 width=121)
	  Sort Key: c
	  ->  Index Scan using sbtest7_pkey on sbtest7  (cost=0.43..39.33 rows=10 width=121)
	        Index Cond: ((id >= 861694) AND (id <= 861703))

table 8 : explain SELECT c FROM sbtest8 WHERE id BETWEEN 5172964 AND 5172973 ORDER BY c
	Sort  (cost=39.63..39.66 rows=10 width=121)
	  Sort Key: c
	  ->  Index Scan using sbtest8_pkey on sbtest8  (cost=0.43..39.47 rows=10 width=121)
	        Index Cond: ((id >= 5172964) AND (id <= 5172973))

for non_index_updates
table 1 : explain UPDATE sbtest1 SET c='foobar' WHERE id=9192534
	Update on sbtest1  (cost=0.43..8.45 rows=0 width=0)
	  ->  Index Scan using sbtest1_pkey on sbtest1  (cost=0.43..8.45 rows=1 width=490)
	        Index Cond: (id = 9192534)

table 2 : explain UPDATE sbtest2 SET c='foobar' WHERE id=7136566
	Update on sbtest2  (cost=0.43..8.45 rows=0 width=0)
	  ->  Index Scan using sbtest2_pkey on sbtest2  (cost=0.43..8.45 rows=1 width=490)
	        Index Cond: (id = 7136566)

table 3 : explain UPDATE sbtest3 SET c='foobar' WHERE id=9689362
	Update on sbtest3  (cost=0.43..8.45 rows=0 width=0)
	  ->  Index Scan using sbtest3_pkey on sbtest3  (cost=0.43..8.45 rows=1 width=490)
	        Index Cond: (id = 9689362)

table 4 : explain UPDATE sbtest4 SET c='foobar' WHERE id=3741520
	Update on sbtest4  (cost=0.43..8.45 rows=0 width=0)
	  ->  Index Scan using sbtest4_pkey on sbtest4  (cost=0.43..8.45 rows=1 width=490)
	        Index Cond: (id = 3741520)

table 5 : explain UPDATE sbtest5 SET c='foobar' WHERE id=8926164
	Update on sbtest5  (cost=0.43..8.45 rows=0 width=0)
	  ->  Index Scan using sbtest5_pkey on sbtest5  (cost=0.43..8.45 rows=1 width=490)
	        Index Cond: (id = 8926164)

table 6 : explain UPDATE sbtest6 SET c='foobar' WHERE id=5414166
	Update on sbtest6  (cost=0.43..8.45 rows=0 width=0)
	  ->  Index Scan using sbtest6_pkey on sbtest6  (cost=0.43..8.45 rows=1 width=490)
	        Index Cond: (id = 5414166)

table 7 : explain UPDATE sbtest7 SET c='foobar' WHERE id=2743157
	Update on sbtest7  (cost=0.43..8.45 rows=0 width=0)
	  ->  Index Scan using sbtest7_pkey on sbtest7  (cost=0.43..8.45 rows=1 width=490)
	        Index Cond: (id = 2743157)

table 8 : explain UPDATE sbtest8 SET c='foobar' WHERE id=9889092
	Update on sbtest8  (cost=0.43..8.45 rows=0 width=0)
	  ->  Index Scan using sbtest8_pkey on sbtest8  (cost=0.43..8.45 rows=1 width=490)
	        Index Cond: (id = 9889092)

explain: for inserts :: explain INSERT INTO sbtest%u (id, k, c, pad) VALUES (%u, 13, 'foobar', 'foobar')
for inserts
table 1 : explain INSERT INTO sbtest1 (id, k, c, pad) VALUES (2414054, 13, 'foobar', 'foobar')
	Insert on sbtest1  (cost=0.00..0.01 rows=0 width=0)
	  ->  Result  (cost=0.00..0.01 rows=1 width=736)

table 2 : explain INSERT INTO sbtest2 (id, k, c, pad) VALUES (4267342, 13, 'foobar', 'foobar')
	Insert on sbtest2  (cost=0.00..0.01 rows=0 width=0)
	  ->  Result  (cost=0.00..0.01 rows=1 width=736)

table 3 : explain INSERT INTO sbtest3 (id, k, c, pad) VALUES (9384216, 13, 'foobar', 'foobar')
	Insert on sbtest3  (cost=0.00..0.01 rows=0 width=0)
	  ->  Result  (cost=0.00..0.01 rows=1 width=736)

table 4 : explain INSERT INTO sbtest4 (id, k, c, pad) VALUES (7193802, 13, 'foobar', 'foobar')
	Insert on sbtest4  (cost=0.00..0.01 rows=0 width=0)
	  ->  Result  (cost=0.00..0.01 rows=1 width=736)

table 5 : explain INSERT INTO sbtest5 (id, k, c, pad) VALUES (9641164, 13, 'foobar', 'foobar')
	Insert on sbtest5  (cost=0.00..0.01 rows=0 width=0)
	  ->  Result  (cost=0.00..0.01 rows=1 width=736)

table 6 : explain INSERT INTO sbtest6 (id, k, c, pad) VALUES (1074867, 13, 'foobar', 'foobar')
	Insert on sbtest6  (cost=0.00..0.01 rows=0 width=0)
	  ->  Result  (cost=0.00..0.01 rows=1 width=736)

table 7 : explain INSERT INTO sbtest7 (id, k, c, pad) VALUES (5892122, 13, 'foobar', 'foobar')
	Insert on sbtest7  (cost=0.00..0.01 rows=0 width=0)
	  ->  Result  (cost=0.00..0.01 rows=1 width=736)

table 8 : explain INSERT INTO sbtest8 (id, k, c, pad) VALUES (3170356, 13, 'foobar', 'foobar')
	Insert on sbtest8  (cost=0.00..0.01 rows=0 width=0)
	  ->  Result  (cost=0.00..0.01 rows=1 width=736)

for inserts
table 1 : explain INSERT INTO sbtest1 (id, k, c, pad) VALUES (7249368, 13, 'foobar', 'foobar')
	Insert on sbtest1  (cost=0.00..0.01 rows=0 width=0)
	  ->  Result  (cost=0.00..0.01 rows=1 width=736)

table 2 : explain INSERT INTO sbtest2 (id, k, c, pad) VALUES (29852, 13, 'foobar', 'foobar')
	Insert on sbtest2  (cost=0.00..0.01 rows=0 width=0)
	  ->  Result  (cost=0.00..0.01 rows=1 width=736)

table 3 : explain INSERT INTO sbtest3 (id, k, c, pad) VALUES (4962368, 13, 'foobar', 'foobar')
	Insert on sbtest3  (cost=0.00..0.01 rows=0 width=0)
	  ->  Result  (cost=0.00..0.01 rows=1 width=736)

table 4 : explain INSERT INTO sbtest4 (id, k, c, pad) VALUES (1328611, 13, 'foobar', 'foobar')
	Insert on sbtest4  (cost=0.00..0.01 rows=0 width=0)
	  ->  Result  (cost=0.00..0.01 rows=1 width=736)

table 5 : explain INSERT INTO sbtest5 (id, k, c, pad) VALUES (7694317, 13, 'foobar', 'foobar')
	Insert on sbtest5  (cost=0.00..0.01 rows=0 width=0)
	  ->  Result  (cost=0.00..0.01 rows=1 width=736)

table 6 : explain INSERT INTO sbtest6 (id, k, c, pad) VALUES (698187, 13, 'foobar', 'foobar')
	Insert on sbtest6  (cost=0.00..0.01 rows=0 width=0)
	  ->  Result  (cost=0.00..0.01 rows=1 width=736)

table 7 : explain INSERT INTO sbtest7 (id, k, c, pad) VALUES (9449409, 13, 'foobar', 'foobar')
	Insert on sbtest7  (cost=0.00..0.01 rows=0 width=0)
	  ->  Result  (cost=0.00..0.01 rows=1 width=736)

table 8 : explain INSERT INTO sbtest8 (id, k, c, pad) VALUES (9564594, 13, 'foobar', 'foobar')
	Insert on sbtest8  (cost=0.00..0.01 rows=0 width=0)
	  ->  Result  (cost=0.00..0.01 rows=1 width=736)

for: order_ranges
table 1 : explain SELECT c FROM sbtest1 WHERE id BETWEEN 7713315 AND 7713324 ORDER BY c
	Sort  (cost=36.32..36.34 rows=9 width=121)
	  Sort Key: c
	  ->  Index Scan using sbtest1_pkey on sbtest1  (cost=0.43..36.18 rows=9 width=121)
	        Index Cond: ((id >= 7713315) AND (id <= 7713324))

table 2 : explain SELECT c FROM sbtest2 WHERE id BETWEEN 7650406 AND 7650415 ORDER BY c
	Sort  (cost=39.86..39.89 rows=10 width=121)
	  Sort Key: c
	  ->  Index Scan using sbtest2_pkey on sbtest2  (cost=0.43..39.70 rows=10 width=121)
	        Index Cond: ((id >= 7650406) AND (id <= 7650415))

table 3 : explain SELECT c FROM sbtest3 WHERE id BETWEEN 6976301 AND 6976310 ORDER BY c
	Sort  (cost=43.36..43.39 rows=11 width=121)
	  Sort Key: c
	  ->  Index Scan using sbtest3_pkey on sbtest3  (cost=0.43..43.17 rows=11 width=121)
	        Index Cond: ((id >= 6976301) AND (id <= 6976310))

table 4 : explain SELECT c FROM sbtest4 WHERE id BETWEEN 4516964 AND 4516973 ORDER BY c
	Sort  (cost=39.48..39.50 rows=10 width=121)
	  Sort Key: c
	  ->  Index Scan using sbtest4_pkey on sbtest4  (cost=0.43..39.31 rows=10 width=121)
	        Index Cond: ((id >= 4516964) AND (id <= 4516973))

table 5 : explain SELECT c FROM sbtest5 WHERE id BETWEEN 771137 AND 771146 ORDER BY c
	Sort  (cost=39.19..39.22 rows=10 width=121)
	  Sort Key: c
	  ->  Index Scan using sbtest5_pkey on sbtest5  (cost=0.43..39.02 rows=10 width=121)
	        Index Cond: ((id >= 771137) AND (id <= 771146))

table 6 : explain SELECT c FROM sbtest6 WHERE id BETWEEN 1738372 AND 1738381 ORDER BY c
	Sort  (cost=39.43..39.46 rows=10 width=121)
	  Sort Key: c
	  ->  Index Scan using sbtest6_pkey on sbtest6  (cost=0.43..39.26 rows=10 width=121)
	        Index Cond: ((id >= 1738372) AND (id <= 1738381))

table 7 : explain SELECT c FROM sbtest7 WHERE id BETWEEN 6410324 AND 6410333 ORDER BY c
	Sort  (cost=39.49..39.52 rows=10 width=121)
	  Sort Key: c
	  ->  Index Scan using sbtest7_pkey on sbtest7  (cost=0.43..39.33 rows=10 width=121)
	        Index Cond: ((id >= 6410324) AND (id <= 6410333))

table 8 : explain SELECT c FROM sbtest8 WHERE id BETWEEN 3955892 AND 3955901 ORDER BY c
	Sort  (cost=39.63..39.66 rows=10 width=121)
	  Sort Key: c
	  ->  Index Scan using sbtest8_pkey on sbtest8  (cost=0.43..39.47 rows=10 width=121)
	        Index Cond: ((id >= 3955892) AND (id <= 3955901))

for: order_ranges
table 1 : explain SELECT c FROM sbtest1 WHERE id BETWEEN 5782696 AND 5782705 ORDER BY c
	Sort  (cost=43.30..43.33 rows=11 width=121)
	  Sort Key: c
	  ->  Index Scan using sbtest1_pkey on sbtest1  (cost=0.43..43.11 rows=11 width=121)
	        Index Cond: ((id >= 5782696) AND (id <= 5782705))

table 2 : explain SELECT c FROM sbtest2 WHERE id BETWEEN 5760199 AND 5760208 ORDER BY c
	Sort  (cost=39.86..39.89 rows=10 width=121)
	  Sort Key: c
	  ->  Index Scan using sbtest2_pkey on sbtest2  (cost=0.43..39.70 rows=10 width=121)
	        Index Cond: ((id >= 5760199) AND (id <= 5760208))

table 3 : explain SELECT c FROM sbtest3 WHERE id BETWEEN 2845267 AND 2845276 ORDER BY c
	Sort  (cost=39.86..39.89 rows=10 width=121)
	  Sort Key: c
	  ->  Index Scan using sbtest3_pkey on sbtest3  (cost=0.43..39.70 rows=10 width=121)
	        Index Cond: ((id >= 2845267) AND (id <= 2845276))

table 4 : explain SELECT c FROM sbtest4 WHERE id BETWEEN 2207521 AND 2207530 ORDER BY c
	Sort  (cost=39.48..39.50 rows=10 width=121)
	  Sort Key: c
	  ->  Index Scan using sbtest4_pkey on sbtest4  (cost=0.43..39.31 rows=10 width=121)
	        Index Cond: ((id >= 2207521) AND (id <= 2207530))

table 5 : explain SELECT c FROM sbtest5 WHERE id BETWEEN 9383837 AND 9383846 ORDER BY c
	Sort  (cost=39.19..39.22 rows=10 width=121)
	  Sort Key: c
	  ->  Index Scan using sbtest5_pkey on sbtest5  (cost=0.43..39.02 rows=10 width=121)
	        Index Cond: ((id >= 9383837) AND (id <= 9383846))

table 6 : explain SELECT c FROM sbtest6 WHERE id BETWEEN 7178790 AND 7178799 ORDER BY c
	Sort  (cost=39.43..39.46 rows=10 width=121)
	  Sort Key: c
	  ->  Index Scan using sbtest6_pkey on sbtest6  (cost=0.43..39.26 rows=10 width=121)
	        Index Cond: ((id >= 7178790) AND (id <= 7178799))

table 7 : explain SELECT c FROM sbtest7 WHERE id BETWEEN 5891692 AND 5891701 ORDER BY c
	Sort  (cost=42.95..42.97 rows=11 width=121)
	  Sort Key: c
	  ->  Index Scan using sbtest7_pkey on sbtest7  (cost=0.43..42.76 rows=11 width=121)
	        Index Cond: ((id >= 5891692) AND (id <= 5891701))

table 8 : explain SELECT c FROM sbtest8 WHERE id BETWEEN 8553135 AND 8553144 ORDER BY c
	Sort  (cost=39.63..39.66 rows=10 width=121)
	  Sort Key: c
	  ->  Index Scan using sbtest8_pkey on sbtest8  (cost=0.43..39.47 rows=10 width=121)
	        Index Cond: ((id >= 8553135) AND (id <= 8553144))

for: distinct_ranges
table 1 : explain SELECT DISTINCT c FROM sbtest1 WHERE id BETWEEN 8188402 AND 8188411 ORDER BY c
	Unique  (cost=39.81..39.86 rows=10 width=121)
	  ->  Sort  (cost=39.81..39.83 rows=10 width=121)
	        Sort Key: c
	        ->  Index Scan using sbtest1_pkey on sbtest1  (cost=0.43..39.64 rows=10 width=121)
	              Index Cond: ((id >= 8188402) AND (id <= 8188411))

table 2 : explain SELECT DISTINCT c FROM sbtest2 WHERE id BETWEEN 9230552 AND 9230561 ORDER BY c
	Unique  (cost=39.86..39.91 rows=10 width=121)
	  ->  Sort  (cost=39.86..39.89 rows=10 width=121)
	        Sort Key: c
	        ->  Index Scan using sbtest2_pkey on sbtest2  (cost=0.43..39.70 rows=10 width=121)
	              Index Cond: ((id >= 9230552) AND (id <= 9230561))

table 3 : explain SELECT DISTINCT c FROM sbtest3 WHERE id BETWEEN 6343740 AND 6343749 ORDER BY c
	Unique  (cost=36.37..36.41 rows=9 width=121)
	  ->  Sort  (cost=36.37..36.39 rows=9 width=121)
	        Sort Key: c
	        ->  Index Scan using sbtest3_pkey on sbtest3  (cost=0.43..36.23 rows=9 width=121)
	              Index Cond: ((id >= 6343740) AND (id <= 6343749))

table 4 : explain SELECT DISTINCT c FROM sbtest4 WHERE id BETWEEN 4083085 AND 4083094 ORDER BY c
	Unique  (cost=36.03..36.07 rows=9 width=121)
	  ->  Sort  (cost=36.03..36.05 rows=9 width=121)
	        Sort Key: c
	        ->  Index Scan using sbtest4_pkey on sbtest4  (cost=0.43..35.88 rows=9 width=121)
	              Index Cond: ((id >= 4083085) AND (id <= 4083094))

table 5 : explain SELECT DISTINCT c FROM sbtest5 WHERE id BETWEEN 3707059 AND 3707068 ORDER BY c
	Unique  (cost=42.61..42.67 rows=11 width=121)
	  ->  Sort  (cost=42.61..42.64 rows=11 width=121)
	        Sort Key: c
	        ->  Index Scan using sbtest5_pkey on sbtest5  (cost=0.43..42.42 rows=11 width=121)
	              Index Cond: ((id >= 3707059) AND (id <= 3707068))

table 6 : explain SELECT DISTINCT c FROM sbtest6 WHERE id BETWEEN 5686590 AND 5686599 ORDER BY c
	Unique  (cost=39.43..39.48 rows=10 width=121)
	  ->  Sort  (cost=39.43..39.46 rows=10 width=121)
	        Sort Key: c
	        ->  Index Scan using sbtest6_pkey on sbtest6  (cost=0.43..39.26 rows=10 width=121)
	              Index Cond: ((id >= 5686590) AND (id <= 5686599))

table 7 : explain SELECT DISTINCT c FROM sbtest7 WHERE id BETWEEN 5068084 AND 5068093 ORDER BY c
	Unique  (cost=39.49..39.54 rows=10 width=121)
	  ->  Sort  (cost=39.49..39.52 rows=10 width=121)
	        Sort Key: c
	        ->  Index Scan using sbtest7_pkey on sbtest7  (cost=0.43..39.33 rows=10 width=121)
	              Index Cond: ((id >= 5068084) AND (id <= 5068093))

table 8 : explain SELECT DISTINCT c FROM sbtest8 WHERE id BETWEEN 3965635 AND 3965644 ORDER BY c
	Unique  (cost=39.63..39.68 rows=10 width=121)
	  ->  Sort  (cost=39.63..39.66 rows=10 width=121)
	        Sort Key: c
	        ->  Index Scan using sbtest8_pkey on sbtest8  (cost=0.43..39.47 rows=10 width=121)
	              Index Cond: ((id >= 3965635) AND (id <= 3965644))

explain: for deletes :: explain DELETE FROM sbtest%u WHERE id=%u
for inserts
table 1 : explain INSERT INTO sbtest1 (id, k, c, pad) VALUES (1718349, 13, 'foobar', 'foobar')
	Insert on sbtest1  (cost=0.00..0.01 rows=0 width=0)
	  ->  Result  (cost=0.00..0.01 rows=1 width=736)

table 2 : explain INSERT INTO sbtest2 (id, k, c, pad) VALUES (9623636, 13, 'foobar', 'foobar')
	Insert on sbtest2  (cost=0.00..0.01 rows=0 width=0)
	  ->  Result  (cost=0.00..0.01 rows=1 width=736)

table 3 : explain INSERT INTO sbtest3 (id, k, c, pad) VALUES (3525918, 13, 'foobar', 'foobar')
	Insert on sbtest3  (cost=0.00..0.01 rows=0 width=0)
	  ->  Result  (cost=0.00..0.01 rows=1 width=736)

table 4 : explain INSERT INTO sbtest4 (id, k, c, pad) VALUES (4460524, 13, 'foobar', 'foobar')
	Insert on sbtest4  (cost=0.00..0.01 rows=0 width=0)
	  ->  Result  (cost=0.00..0.01 rows=1 width=736)

table 5 : explain INSERT INTO sbtest5 (id, k, c, pad) VALUES (478333, 13, 'foobar', 'foobar')
	Insert on sbtest5  (cost=0.00..0.01 rows=0 width=0)
	  ->  Result  (cost=0.00..0.01 rows=1 width=736)

table 6 : explain INSERT INTO sbtest6 (id, k, c, pad) VALUES (7691760, 13, 'foobar', 'foobar')
	Insert on sbtest6  (cost=0.00..0.01 rows=0 width=0)
	  ->  Result  (cost=0.00..0.01 rows=1 width=736)

table 7 : explain INSERT INTO sbtest7 (id, k, c, pad) VALUES (2779065, 13, 'foobar', 'foobar')
	Insert on sbtest7  (cost=0.00..0.01 rows=0 width=0)
	  ->  Result  (cost=0.00..0.01 rows=1 width=736)

table 8 : explain INSERT INTO sbtest8 (id, k, c, pad) VALUES (6641625, 13, 'foobar', 'foobar')
	Insert on sbtest8  (cost=0.00..0.01 rows=0 width=0)
	  ->  Result  (cost=0.00..0.01 rows=1 width=736)

for deletes
table 1 : explain DELETE FROM sbtest1 WHERE id=9417277
	Delete on sbtest1  (cost=0.43..8.45 rows=0 width=0)
	  ->  Index Scan using sbtest1_pkey on sbtest1  (cost=0.43..8.45 rows=1 width=6)
	        Index Cond: (id = 9417277)

table 2 : explain DELETE FROM sbtest2 WHERE id=2336265
	Delete on sbtest2  (cost=0.43..8.45 rows=0 width=0)
	  ->  Index Scan using sbtest2_pkey on sbtest2  (cost=0.43..8.45 rows=1 width=6)
	        Index Cond: (id = 2336265)

table 3 : explain DELETE FROM sbtest3 WHERE id=4478764
	Delete on sbtest3  (cost=0.43..8.45 rows=0 width=0)
	  ->  Index Scan using sbtest3_pkey on sbtest3  (cost=0.43..8.45 rows=1 width=6)
	        Index Cond: (id = 4478764)

table 4 : explain DELETE FROM sbtest4 WHERE id=6327422
	Delete on sbtest4  (cost=0.43..8.45 rows=0 width=0)
	  ->  Index Scan using sbtest4_pkey on sbtest4  (cost=0.43..8.45 rows=1 width=6)
	        Index Cond: (id = 6327422)

table 5 : explain DELETE FROM sbtest5 WHERE id=7634433
	Delete on sbtest5  (cost=0.43..8.45 rows=0 width=0)
	  ->  Index Scan using sbtest5_pkey on sbtest5  (cost=0.43..8.45 rows=1 width=6)
	        Index Cond: (id = 7634433)

table 6 : explain DELETE FROM sbtest6 WHERE id=6316709
	Delete on sbtest6  (cost=0.43..8.45 rows=0 width=0)
	  ->  Index Scan using sbtest6_pkey on sbtest6  (cost=0.43..8.45 rows=1 width=6)
	        Index Cond: (id = 6316709)

table 7 : explain DELETE FROM sbtest7 WHERE id=6469232
	Delete on sbtest7  (cost=0.43..8.45 rows=0 width=0)
	  ->  Index Scan using sbtest7_pkey on sbtest7  (cost=0.43..8.45 rows=1 width=6)
	        Index Cond: (id = 6469232)

table 8 : explain DELETE FROM sbtest8 WHERE id=5652280
	Delete on sbtest8  (cost=0.43..8.45 rows=0 width=0)
	  ->  Index Scan using sbtest8_pkey on sbtest8  (cost=0.43..8.45 rows=1 width=6)
	        Index Cond: (id = 5652280)

for non_index_updates
table 1 : explain UPDATE sbtest1 SET c='foobar' WHERE id=8190961
	Update on sbtest1  (cost=0.43..8.45 rows=0 width=0)
	  ->  Index Scan using sbtest1_pkey on sbtest1  (cost=0.43..8.45 rows=1 width=490)
	        Index Cond: (id = 8190961)

table 2 : explain UPDATE sbtest2 SET c='foobar' WHERE id=3857587
	Update on sbtest2  (cost=0.43..8.45 rows=0 width=0)
	  ->  Index Scan using sbtest2_pkey on sbtest2  (cost=0.43..8.45 rows=1 width=490)
	        Index Cond: (id = 3857587)

table 3 : explain UPDATE sbtest3 SET c='foobar' WHERE id=5248067
	Update on sbtest3  (cost=0.43..8.45 rows=0 width=0)
	  ->  Index Scan using sbtest3_pkey on sbtest3  (cost=0.43..8.45 rows=1 width=490)
	        Index Cond: (id = 5248067)

table 4 : explain UPDATE sbtest4 SET c='foobar' WHERE id=4425352
	Update on sbtest4  (cost=0.43..8.45 rows=0 width=0)
	  ->  Index Scan using sbtest4_pkey on sbtest4  (cost=0.43..8.45 rows=1 width=490)
	        Index Cond: (id = 4425352)

table 5 : explain UPDATE sbtest5 SET c='foobar' WHERE id=1019256
	Update on sbtest5  (cost=0.43..8.45 rows=0 width=0)
	  ->  Index Scan using sbtest5_pkey on sbtest5  (cost=0.43..8.45 rows=1 width=490)
	        Index Cond: (id = 1019256)

table 6 : explain UPDATE sbtest6 SET c='foobar' WHERE id=1433412
	Update on sbtest6  (cost=0.43..8.45 rows=0 width=0)
	  ->  Index Scan using sbtest6_pkey on sbtest6  (cost=0.43..8.45 rows=1 width=490)
	        Index Cond: (id = 1433412)

table 7 : explain UPDATE sbtest7 SET c='foobar' WHERE id=4655598
	Update on sbtest7  (cost=0.43..8.45 rows=0 width=0)
	  ->  Index Scan using sbtest7_pkey on sbtest7  (cost=0.43..8.45 rows=1 width=490)
	        Index Cond: (id = 4655598)

table 8 : explain UPDATE sbtest8 SET c='foobar' WHERE id=2666465
	Update on sbtest8  (cost=0.43..8.45 rows=0 width=0)
	  ->  Index Scan using sbtest8_pkey on sbtest8  (cost=0.43..8.45 rows=1 width=490)
	        Index Cond: (id = 2666465)

explain: for index_updates :: explain UPDATE sbtest%u SET k=k+1 WHERE id=%u
for point_selects
table 1 : explain SELECT c FROM sbtest1 WHERE id=3272812
	Index Scan using sbtest1_pkey on sbtest1  (cost=0.43..8.45 rows=1 width=121)
	  Index Cond: (id = 3272812)

table 2 : explain SELECT c FROM sbtest2 WHERE id=4830607
	Index Scan using sbtest2_pkey on sbtest2  (cost=0.43..8.45 rows=1 width=121)
	  Index Cond: (id = 4830607)

table 3 : explain SELECT c FROM sbtest3 WHERE id=1006225
	Index Scan using sbtest3_pkey on sbtest3  (cost=0.43..8.45 rows=1 width=121)
	  Index Cond: (id = 1006225)

table 4 : explain SELECT c FROM sbtest4 WHERE id=5188598
	Index Scan using sbtest4_pkey on sbtest4  (cost=0.43..8.45 rows=1 width=121)
	  Index Cond: (id = 5188598)

table 5 : explain SELECT c FROM sbtest5 WHERE id=4900791
	Index Scan using sbtest5_pkey on sbtest5  (cost=0.43..8.45 rows=1 width=121)
	  Index Cond: (id = 4900791)

table 6 : explain SELECT c FROM sbtest6 WHERE id=7330255
	Index Scan using sbtest6_pkey on sbtest6  (cost=0.43..8.45 rows=1 width=121)
	  Index Cond: (id = 7330255)

table 7 : explain SELECT c FROM sbtest7 WHERE id=9323582
	Index Scan using sbtest7_pkey on sbtest7  (cost=0.43..8.45 rows=1 width=121)
	  Index Cond: (id = 9323582)

table 8 : explain SELECT c FROM sbtest8 WHERE id=6674097
	Index Scan using sbtest8_pkey on sbtest8  (cost=0.43..8.45 rows=1 width=121)
	  Index Cond: (id = 6674097)

explain: for deletes :: explain DELETE FROM sbtest%u WHERE id=%u
for deletes
table 1 : explain DELETE FROM sbtest1 WHERE id=7712104
	Delete on sbtest1  (cost=0.43..8.45 rows=0 width=0)
	  ->  Index Scan using sbtest1_pkey on sbtest1  (cost=0.43..8.45 rows=1 width=6)
	        Index Cond: (id = 7712104)

table 2 : explain DELETE FROM sbtest2 WHERE id=4777350
	Delete on sbtest2  (cost=0.43..8.45 rows=0 width=0)
	  ->  Index Scan using sbtest2_pkey on sbtest2  (cost=0.43..8.45 rows=1 width=6)
	        Index Cond: (id = 4777350)

table 3 : explain DELETE FROM sbtest3 WHERE id=5579173
	Delete on sbtest3  (cost=0.43..8.45 rows=0 width=0)
	  ->  Index Scan using sbtest3_pkey on sbtest3  (cost=0.43..8.45 rows=1 width=6)
	        Index Cond: (id = 5579173)

table 4 : explain DELETE FROM sbtest4 WHERE id=678313
	Delete on sbtest4  (cost=0.43..8.45 rows=0 width=0)
	  ->  Index Scan using sbtest4_pkey on sbtest4  (cost=0.43..8.45 rows=1 width=6)
	        Index Cond: (id = 678313)

table 5 : explain DELETE FROM sbtest5 WHERE id=7902410
	Delete on sbtest5  (cost=0.43..8.45 rows=0 width=0)
	  ->  Index Scan using sbtest5_pkey on sbtest5  (cost=0.43..8.45 rows=1 width=6)
	        Index Cond: (id = 7902410)

table 6 : explain DELETE FROM sbtest6 WHERE id=2200825
	Delete on sbtest6  (cost=0.43..8.45 rows=0 width=0)
	  ->  Index Scan using sbtest6_pkey on sbtest6  (cost=0.43..8.45 rows=1 width=6)
	        Index Cond: (id = 2200825)

table 7 : explain DELETE FROM sbtest7 WHERE id=148135
	Delete on sbtest7  (cost=0.43..8.45 rows=0 width=0)
	  ->  Index Scan using sbtest7_pkey on sbtest7  (cost=0.43..8.45 rows=1 width=6)
	        Index Cond: (id = 148135)

table 8 : explain DELETE FROM sbtest8 WHERE id=5126104
	Delete on sbtest8  (cost=0.43..8.45 rows=0 width=0)
	  ->  Index Scan using sbtest8_pkey on sbtest8  (cost=0.43..8.45 rows=1 width=6)
	        Index Cond: (id = 5126104)

for point_selects
table 1 : explain SELECT c FROM sbtest1 WHERE id=2594803
	Index Scan using sbtest1_pkey on sbtest1  (cost=0.43..8.45 rows=1 width=121)
	  Index Cond: (id = 2594803)

table 2 : explain SELECT c FROM sbtest2 WHERE id=4085161
	Index Scan using sbtest2_pkey on sbtest2  (cost=0.43..8.45 rows=1 width=121)
	  Index Cond: (id = 4085161)

table 3 : explain SELECT c FROM sbtest3 WHERE id=5297691
	Index Scan using sbtest3_pkey on sbtest3  (cost=0.43..8.45 rows=1 width=121)
	  Index Cond: (id = 5297691)

table 4 : explain SELECT c FROM sbtest4 WHERE id=4634203
	Index Scan using sbtest4_pkey on sbtest4  (cost=0.43..8.45 rows=1 width=121)
	  Index Cond: (id = 4634203)

table 5 : explain SELECT c FROM sbtest5 WHERE id=9040681
	Index Scan using sbtest5_pkey on sbtest5  (cost=0.43..8.45 rows=1 width=121)
	  Index Cond: (id = 9040681)

table 6 : explain SELECT c FROM sbtest6 WHERE id=6604433
	Index Scan using sbtest6_pkey on sbtest6  (cost=0.43..8.45 rows=1 width=121)
	  Index Cond: (id = 6604433)

table 7 : explain SELECT c FROM sbtest7 WHERE id=752119
	Index Scan using sbtest7_pkey on sbtest7  (cost=0.43..8.45 rows=1 width=121)
	  Index Cond: (id = 752119)

table 8 : explain SELECT c FROM sbtest8 WHERE id=8632070
	Index Scan using sbtest8_pkey on sbtest8  (cost=0.43..8.45 rows=1 width=121)
	  Index Cond: (id = 8632070)

for non_index_updates
table 1 : explain UPDATE sbtest1 SET c='foobar' WHERE id=3351662
	Update on sbtest1  (cost=0.43..8.45 rows=0 width=0)
	  ->  Index Scan using sbtest1_pkey on sbtest1  (cost=0.43..8.45 rows=1 width=490)
	        Index Cond: (id = 3351662)

table 2 : explain UPDATE sbtest2 SET c='foobar' WHERE id=2830772
	Update on sbtest2  (cost=0.43..8.45 rows=0 width=0)
	  ->  Index Scan using sbtest2_pkey on sbtest2  (cost=0.43..8.45 rows=1 width=490)
	        Index Cond: (id = 2830772)

table 3 : explain UPDATE sbtest3 SET c='foobar' WHERE id=549901
	Update on sbtest3  (cost=0.43..8.45 rows=0 width=0)
	  ->  Index Scan using sbtest3_pkey on sbtest3  (cost=0.43..8.45 rows=1 width=490)
	        Index Cond: (id = 549901)

table 4 : explain UPDATE sbtest4 SET c='foobar' WHERE id=9389509
	Update on sbtest4  (cost=0.43..8.45 rows=0 width=0)
	  ->  Index Scan using sbtest4_pkey on sbtest4  (cost=0.43..8.45 rows=1 width=490)
	        Index Cond: (id = 9389509)

table 5 : explain UPDATE sbtest5 SET c='foobar' WHERE id=293283
	Update on sbtest5  (cost=0.43..8.45 rows=0 width=0)
	  ->  Index Scan using sbtest5_pkey on sbtest5  (cost=0.43..8.45 rows=1 width=490)
	        Index Cond: (id = 293283)

table 6 : explain UPDATE sbtest6 SET c='foobar' WHERE id=1477410
	Update on sbtest6  (cost=0.43..8.45 rows=0 width=0)
	  ->  Index Scan using sbtest6_pkey on sbtest6  (cost=0.43..8.45 rows=1 width=490)
	        Index Cond: (id = 1477410)

table 7 : explain UPDATE sbtest7 SET c='foobar' WHERE id=2419650
	Update on sbtest7  (cost=0.43..8.45 rows=0 width=0)
	  ->  Index Scan using sbtest7_pkey on sbtest7  (cost=0.43..8.45 rows=1 width=490)
	        Index Cond: (id = 2419650)

table 8 : explain UPDATE sbtest8 SET c='foobar' WHERE id=6411780
	Update on sbtest8  (cost=0.43..8.45 rows=0 width=0)
	  ->  Index Scan using sbtest8_pkey on sbtest8  (cost=0.43..8.45 rows=1 width=490)
	        Index Cond: (id = 6411780)

explain: for inserts :: explain INSERT INTO sbtest%u (id, k, c, pad) VALUES (%u, 13, 'foobar', 'foobar')
for: distinct_ranges
table 1 : explain SELECT DISTINCT c FROM sbtest1 WHERE id BETWEEN 5413697 AND 5413706 ORDER BY c
	Unique  (cost=39.81..39.86 rows=10 width=121)
	  ->  Sort  (cost=39.81..39.83 rows=10 width=121)
	        Sort Key: c
	        ->  Index Scan using sbtest1_pkey on sbtest1  (cost=0.43..39.64 rows=10 width=121)
	              Index Cond: ((id >= 5413697) AND (id <= 5413706))

table 2 : explain SELECT DISTINCT c FROM sbtest2 WHERE id BETWEEN 1979630 AND 1979639 ORDER BY c
	Unique  (cost=36.37..36.41 rows=9 width=121)
	  ->  Sort  (cost=36.37..36.39 rows=9 width=121)
	        Sort Key: c
	        ->  Index Scan using sbtest2_pkey on sbtest2  (cost=0.43..36.23 rows=9 width=121)
	              Index Cond: ((id >= 1979630) AND (id <= 1979639))

table 3 : explain SELECT DISTINCT c FROM sbtest3 WHERE id BETWEEN 3627649 AND 3627658 ORDER BY c
	Unique  (cost=39.86..39.91 rows=10 width=121)
	  ->  Sort  (cost=39.86..39.89 rows=10 width=121)
	        Sort Key: c
	        ->  Index Scan using sbtest3_pkey on sbtest3  (cost=0.43..39.70 rows=10 width=121)
	              Index Cond: ((id >= 3627649) AND (id <= 3627658))

table 4 : explain SELECT DISTINCT c FROM sbtest4 WHERE id BETWEEN 3319217 AND 3319226 ORDER BY c
	Unique  (cost=39.48..39.53 rows=10 width=121)
	  ->  Sort  (cost=39.48..39.50 rows=10 width=121)
	        Sort Key: c
	        ->  Index Scan using sbtest4_pkey on sbtest4  (cost=0.43..39.31 rows=10 width=121)
	              Index Cond: ((id >= 3319217) AND (id <= 3319226))

table 5 : explain SELECT DISTINCT c FROM sbtest5 WHERE id BETWEEN 4696301 AND 4696310 ORDER BY c
	Unique  (cost=35.77..35.82 rows=9 width=121)
	  ->  Sort  (cost=35.77..35.79 rows=9 width=121)
	        Sort Key: c
	        ->  Index Scan using sbtest5_pkey on sbtest5  (cost=0.43..35.63 rows=9 width=121)
	              Index Cond: ((id >= 4696301) AND (id <= 4696310))

table 6 : explain SELECT DISTINCT c FROM sbtest6 WHERE id BETWEEN 2261173 AND 2261182 ORDER BY c
	Unique  (cost=35.98..36.03 rows=9 width=121)
	  ->  Sort  (cost=35.98..36.01 rows=9 width=121)
	        Sort Key: c
	        ->  Index Scan using sbtest6_pkey on sbtest6  (cost=0.43..35.84 rows=9 width=121)
	              Index Cond: ((id >= 2261173) AND (id <= 2261182))

table 7 : explain SELECT DISTINCT c FROM sbtest7 WHERE id BETWEEN 7886377 AND 7886386 ORDER BY c
	Unique  (cost=36.04..36.08 rows=9 width=121)
	  ->  Sort  (cost=36.04..36.06 rows=9 width=121)
	        Sort Key: c
	        ->  Index Scan using sbtest7_pkey on sbtest7  (cost=0.43..35.90 rows=9 width=121)
	              Index Cond: ((id >= 7886377) AND (id <= 7886386))

table 8 : explain SELECT DISTINCT c FROM sbtest8 WHERE id BETWEEN 2420937 AND 2420946 ORDER BY c
	Unique  (cost=39.63..39.68 rows=10 width=121)
	  ->  Sort  (cost=39.63..39.66 rows=10 width=121)
	        Sort Key: c
	        ->  Index Scan using sbtest8_pkey on sbtest8  (cost=0.43..39.47 rows=10 width=121)
	              Index Cond: ((id >= 2420937) AND (id <= 2420946))

explain: for deletes :: explain DELETE FROM sbtest%u WHERE id=%u
for index_updates
table 1 : explain UPDATE sbtest1 SET k=k+1 WHERE id=9464504
	Update on sbtest1  (cost=0.43..8.46 rows=0 width=0)
	  ->  Index Scan using sbtest1_pkey on sbtest1  (cost=0.43..8.46 rows=1 width=10)
	        Index Cond: (id = 9464504)

table 2 : explain UPDATE sbtest2 SET k=k+1 WHERE id=263107
	Update on sbtest2  (cost=0.43..8.46 rows=0 width=0)
	  ->  Index Scan using sbtest2_pkey on sbtest2  (cost=0.43..8.46 rows=1 width=10)
	        Index Cond: (id = 263107)

table 3 : explain UPDATE sbtest3 SET k=k+1 WHERE id=619674
	Update on sbtest3  (cost=0.43..8.46 rows=0 width=0)
	  ->  Index Scan using sbtest3_pkey on sbtest3  (cost=0.43..8.46 rows=1 width=10)
	        Index Cond: (id = 619674)

table 4 : explain UPDATE sbtest4 SET k=k+1 WHERE id=5732917
	Update on sbtest4  (cost=0.43..8.46 rows=0 width=0)
	  ->  Index Scan using sbtest4_pkey on sbtest4  (cost=0.43..8.46 rows=1 width=10)
	        Index Cond: (id = 5732917)

table 5 : explain UPDATE sbtest5 SET k=k+1 WHERE id=8388658
	Update on sbtest5  (cost=0.43..8.46 rows=0 width=0)
	  ->  Index Scan using sbtest5_pkey on sbtest5  (cost=0.43..8.46 rows=1 width=10)
	        Index Cond: (id = 8388658)

table 6 : explain UPDATE sbtest6 SET k=k+1 WHERE id=4764590
	Update on sbtest6  (cost=0.43..8.46 rows=0 width=0)
	  ->  Index Scan using sbtest6_pkey on sbtest6  (cost=0.43..8.46 rows=1 width=10)
	        Index Cond: (id = 4764590)

table 7 : explain UPDATE sbtest7 SET k=k+1 WHERE id=2015899
	Update on sbtest7  (cost=0.43..8.46 rows=0 width=0)
	  ->  Index Scan using sbtest7_pkey on sbtest7  (cost=0.43..8.46 rows=1 width=10)
	        Index Cond: (id = 2015899)

table 8 : explain UPDATE sbtest8 SET k=k+1 WHERE id=6620260
	Update on sbtest8  (cost=0.43..8.46 rows=0 width=0)
	  ->  Index Scan using sbtest8_pkey on sbtest8  (cost=0.43..8.46 rows=1 width=10)
	        Index Cond: (id = 6620260)

for deletes
table 1 : explain DELETE FROM sbtest1 WHERE id=8572454
	Delete on sbtest1  (cost=0.43..8.45 rows=0 width=0)
	  ->  Index Scan using sbtest1_pkey on sbtest1  (cost=0.43..8.45 rows=1 width=6)
	        Index Cond: (id = 8572454)

table 2 : explain DELETE FROM sbtest2 WHERE id=3682466
	Delete on sbtest2  (cost=0.43..8.45 rows=0 width=0)
	  ->  Index Scan using sbtest2_pkey on sbtest2  (cost=0.43..8.45 rows=1 width=6)
	        Index Cond: (id = 3682466)

table 3 : explain DELETE FROM sbtest3 WHERE id=185700
	Delete on sbtest3  (cost=0.43..8.45 rows=0 width=0)
	  ->  Index Scan using sbtest3_pkey on sbtest3  (cost=0.43..8.45 rows=1 width=6)
	        Index Cond: (id = 185700)

table 4 : explain DELETE FROM sbtest4 WHERE id=455911
	Delete on sbtest4  (cost=0.43..8.45 rows=0 width=0)
	  ->  Index Scan using sbtest4_pkey on sbtest4  (cost=0.43..8.45 rows=1 width=6)
	        Index Cond: (id = 455911)

table 5 : explain DELETE FROM sbtest5 WHERE id=602161
	Delete on sbtest5  (cost=0.43..8.45 rows=0 width=0)
	  ->  Index Scan using sbtest5_pkey on sbtest5  (cost=0.43..8.45 rows=1 width=6)
	        Index Cond: (id = 602161)

table 6 : explain DELETE FROM sbtest6 WHERE id=1768633
	Delete on sbtest6  (cost=0.43..8.45 rows=0 width=0)
	  ->  Index Scan using sbtest6_pkey on sbtest6  (cost=0.43..8.45 rows=1 width=6)
	        Index Cond: (id = 1768633)

table 7 : explain DELETE FROM sbtest7 WHERE id=9199294
	Delete on sbtest7  (cost=0.43..8.45 rows=0 width=0)
	  ->  Index Scan using sbtest7_pkey on sbtest7  (cost=0.43..8.45 rows=1 width=6)
	        Index Cond: (id = 9199294)

table 8 : explain DELETE FROM sbtest8 WHERE id=2658812
	Delete on sbtest8  (cost=0.43..8.45 rows=0 width=0)
	  ->  Index Scan using sbtest8_pkey on sbtest8  (cost=0.43..8.45 rows=1 width=6)
	        Index Cond: (id = 2658812)

for: distinct_ranges
table 1 : explain SELECT DISTINCT c FROM sbtest1 WHERE id BETWEEN 7640698 AND 7640707 ORDER BY c
	Unique  (cost=36.32..36.37 rows=9 width=121)
	  ->  Sort  (cost=36.32..36.34 rows=9 width=121)
	        Sort Key: c
	        ->  Index Scan using sbtest1_pkey on sbtest1  (cost=0.43..36.18 rows=9 width=121)
	              Index Cond: ((id >= 7640698) AND (id <= 7640707))

table 2 : explain SELECT DISTINCT c FROM sbtest2 WHERE id BETWEEN 1258031 AND 1258040 ORDER BY c
	Unique  (cost=39.86..39.91 rows=10 width=121)
	  ->  Sort  (cost=39.86..39.89 rows=10 width=121)
	        Sort Key: c
	        ->  Index Scan using sbtest2_pkey on sbtest2  (cost=0.43..39.70 rows=10 width=121)
	              Index Cond: ((id >= 1258031) AND (id <= 1258040))

table 3 : explain SELECT DISTINCT c FROM sbtest3 WHERE id BETWEEN 1697587 AND 1697596 ORDER BY c
	Unique  (cost=39.86..39.91 rows=10 width=121)
	  ->  Sort  (cost=39.86..39.89 rows=10 width=121)
	        Sort Key: c
	        ->  Index Scan using sbtest3_pkey on sbtest3  (cost=0.43..39.70 rows=10 width=121)
	              Index Cond: ((id >= 1697587) AND (id <= 1697596))

table 4 : explain SELECT DISTINCT c FROM sbtest4 WHERE id BETWEEN 2782080 AND 2782089 ORDER BY c
	Unique  (cost=39.48..39.53 rows=10 width=121)
	  ->  Sort  (cost=39.48..39.50 rows=10 width=121)
	        Sort Key: c
	        ->  Index Scan using sbtest4_pkey on sbtest4  (cost=0.43..39.31 rows=10 width=121)
	              Index Cond: ((id >= 2782080) AND (id <= 2782089))

table 5 : explain SELECT DISTINCT c FROM sbtest5 WHERE id BETWEEN 8168320 AND 8168329 ORDER BY c
	Unique  (cost=39.19..39.24 rows=10 width=121)
	  ->  Sort  (cost=39.19..39.22 rows=10 width=121)
	        Sort Key: c
	        ->  Index Scan using sbtest5_pkey on sbtest5  (cost=0.43..39.02 rows=10 width=121)
	              Index Cond: ((id >= 8168320) AND (id <= 8168329))

table 6 : explain SELECT DISTINCT c FROM sbtest6 WHERE id BETWEEN 9056952 AND 9056961 ORDER BY c
	Unique  (cost=39.43..39.48 rows=10 width=121)
	  ->  Sort  (cost=39.43..39.46 rows=10 width=121)
	        Sort Key: c
	        ->  Index Scan using sbtest6_pkey on sbtest6  (cost=0.43..39.26 rows=10 width=121)
	              Index Cond: ((id >= 9056952) AND (id <= 9056961))

table 7 : explain SELECT DISTINCT c FROM sbtest7 WHERE id BETWEEN 8276046 AND 8276055 ORDER BY c
	Unique  (cost=39.49..39.54 rows=10 width=121)
	  ->  Sort  (cost=39.49..39.52 rows=10 width=121)
	        Sort Key: c
	        ->  Index Scan using sbtest7_pkey on sbtest7  (cost=0.43..39.33 rows=10 width=121)
	              Index Cond: ((id >= 8276046) AND (id <= 8276055))

table 8 : explain SELECT DISTINCT c FROM sbtest8 WHERE id BETWEEN 894211 AND 894220 ORDER BY c
	Unique  (cost=43.10..43.16 rows=11 width=121)
	  ->  Sort  (cost=43.10..43.13 rows=11 width=121)
	        Sort Key: c
	        ->  Index Scan using sbtest8_pkey on sbtest8  (cost=0.43..42.91 rows=11 width=121)
	              Index Cond: ((id >= 894211) AND (id <= 894220))

explain: for inserts :: explain INSERT INTO sbtest%u (id, k, c, pad) VALUES (%u, 13, 'foobar', 'foobar')
for inserts
table 1 : explain INSERT INTO sbtest1 (id, k, c, pad) VALUES (2926612, 13, 'foobar', 'foobar')
	Insert on sbtest1  (cost=0.00..0.01 rows=0 width=0)
	  ->  Result  (cost=0.00..0.01 rows=1 width=736)

table 2 : explain INSERT INTO sbtest2 (id, k, c, pad) VALUES (9024209, 13, 'foobar', 'foobar')
	Insert on sbtest2  (cost=0.00..0.01 rows=0 width=0)
	  ->  Result  (cost=0.00..0.01 rows=1 width=736)

table 3 : explain INSERT INTO sbtest3 (id, k, c, pad) VALUES (7697308, 13, 'foobar', 'foobar')
	Insert on sbtest3  (cost=0.00..0.01 rows=0 width=0)
	  ->  Result  (cost=0.00..0.01 rows=1 width=736)

table 4 : explain INSERT INTO sbtest4 (id, k, c, pad) VALUES (1247969, 13, 'foobar', 'foobar')
	Insert on sbtest4  (cost=0.00..0.01 rows=0 width=0)
	  ->  Result  (cost=0.00..0.01 rows=1 width=736)

table 5 : explain INSERT INTO sbtest5 (id, k, c, pad) VALUES (8951920, 13, 'foobar', 'foobar')
	Insert on sbtest5  (cost=0.00..0.01 rows=0 width=0)
	  ->  Result  (cost=0.00..0.01 rows=1 width=736)

table 6 : explain INSERT INTO sbtest6 (id, k, c, pad) VALUES (2927502, 13, 'foobar', 'foobar')
	Insert on sbtest6  (cost=0.00..0.01 rows=0 width=0)
	  ->  Result  (cost=0.00..0.01 rows=1 width=736)

table 7 : explain INSERT INTO sbtest7 (id, k, c, pad) VALUES (3452463, 13, 'foobar', 'foobar')
	Insert on sbtest7  (cost=0.00..0.01 rows=0 width=0)
	  ->  Result  (cost=0.00..0.01 rows=1 width=736)

table 8 : explain INSERT INTO sbtest8 (id, k, c, pad) VALUES (739801, 13, 'foobar', 'foobar')
	Insert on sbtest8  (cost=0.00..0.01 rows=0 width=0)
	  ->  Result  (cost=0.00..0.01 rows=1 width=736)

for: distinct_ranges
table 1 : explain SELECT DISTINCT c FROM sbtest1 WHERE id BETWEEN 1688267 AND 1688276 ORDER BY c
	Unique  (cost=36.32..36.37 rows=9 width=121)
	  ->  Sort  (cost=36.32..36.34 rows=9 width=121)
	        Sort Key: c
	        ->  Index Scan using sbtest1_pkey on sbtest1  (cost=0.43..36.18 rows=9 width=121)
	              Index Cond: ((id >= 1688267) AND (id <= 1688276))

table 2 : explain SELECT DISTINCT c FROM sbtest2 WHERE id BETWEEN 9361619 AND 9361628 ORDER BY c
	Unique  (cost=39.86..39.91 rows=10 width=121)
	  ->  Sort  (cost=39.86..39.89 rows=10 width=121)
	        Sort Key: c
	        ->  Index Scan using sbtest2_pkey on sbtest2  (cost=0.43..39.70 rows=10 width=121)
	              Index Cond: ((id >= 9361619) AND (id <= 9361628))

table 3 : explain SELECT DISTINCT c FROM sbtest3 WHERE id BETWEEN 3933904 AND 3933913 ORDER BY c
	Unique  (cost=43.36..43.41 rows=11 width=121)
	  ->  Sort  (cost=43.36..43.39 rows=11 width=121)
	        Sort Key: c
	        ->  Index Scan using sbtest3_pkey on sbtest3  (cost=0.43..43.17 rows=11 width=121)
	              Index Cond: ((id >= 3933904) AND (id <= 3933913))

table 4 : explain SELECT DISTINCT c FROM sbtest4 WHERE id BETWEEN 740746 AND 740755 ORDER BY c
	Unique  (cost=39.48..39.53 rows=10 width=121)
	  ->  Sort  (cost=39.48..39.50 rows=10 width=121)
	        Sort Key: c
	        ->  Index Scan using sbtest4_pkey on sbtest4  (cost=0.43..39.31 rows=10 width=121)
	              Index Cond: ((id >= 740746) AND (id <= 740755))

table 5 : explain SELECT DISTINCT c FROM sbtest5 WHERE id BETWEEN 5021079 AND 5021088 ORDER BY c
	Unique  (cost=39.19..39.24 rows=10 width=121)
	  ->  Sort  (cost=39.19..39.22 rows=10 width=121)
	        Sort Key: c
	        ->  Index Scan using sbtest5_pkey on sbtest5  (cost=0.43..39.02 rows=10 width=121)
	              Index Cond: ((id >= 5021079) AND (id <= 5021088))

table 6 : explain SELECT DISTINCT c FROM sbtest6 WHERE id BETWEEN 2561891 AND 2561900 ORDER BY c
	Unique  (cost=39.43..39.48 rows=10 width=121)
	  ->  Sort  (cost=39.43..39.46 rows=10 width=121)
	        Sort Key: c
	        ->  Index Scan using sbtest6_pkey on sbtest6  (cost=0.43..39.26 rows=10 width=121)
	              Index Cond: ((id >= 2561891) AND (id <= 2561900))

table 7 : explain SELECT DISTINCT c FROM sbtest7 WHERE id BETWEEN 9173640 AND 9173649 ORDER BY c
	Unique  (cost=39.49..39.54 rows=10 width=121)
	  ->  Sort  (cost=39.49..39.52 rows=10 width=121)
	        Sort Key: c
	        ->  Index Scan using sbtest7_pkey on sbtest7  (cost=0.43..39.33 rows=10 width=121)
	              Index Cond: ((id >= 9173640) AND (id <= 9173649))

table 8 : explain SELECT DISTINCT c FROM sbtest8 WHERE id BETWEEN 1248012 AND 1248021 ORDER BY c
	Unique  (cost=39.63..39.68 rows=10 width=121)
	  ->  Sort  (cost=39.63..39.66 rows=10 width=121)
	        Sort Key: c
	        ->  Index Scan using sbtest8_pkey on sbtest8  (cost=0.43..39.47 rows=10 width=121)
	              Index Cond: ((id >= 1248012) AND (id <= 1248021))

explain: for index_updates :: explain UPDATE sbtest%u SET k=k+1 WHERE id=%u
for: distinct_ranges
table 1 : explain SELECT DISTINCT c FROM sbtest1 WHERE id BETWEEN 4735916 AND 4735925 ORDER BY c
	Unique  (cost=36.32..36.37 rows=9 width=121)
	  ->  Sort  (cost=36.32..36.34 rows=9 width=121)
	        Sort Key: c
	        ->  Index Scan using sbtest1_pkey on sbtest1  (cost=0.43..36.18 rows=9 width=121)
	              Index Cond: ((id >= 4735916) AND (id <= 4735925))

table 2 : explain SELECT DISTINCT c FROM sbtest2 WHERE id BETWEEN 9106538 AND 9106547 ORDER BY c
	Unique  (cost=39.86..39.91 rows=10 width=121)
	  ->  Sort  (cost=39.86..39.89 rows=10 width=121)
	        Sort Key: c
	        ->  Index Scan using sbtest2_pkey on sbtest2  (cost=0.43..39.70 rows=10 width=121)
	              Index Cond: ((id >= 9106538) AND (id <= 9106547))

table 3 : explain SELECT DISTINCT c FROM sbtest3 WHERE id BETWEEN 3215057 AND 3215066 ORDER BY c
	Unique  (cost=39.86..39.91 rows=10 width=121)
	  ->  Sort  (cost=39.86..39.89 rows=10 width=121)
	        Sort Key: c
	        ->  Index Scan using sbtest3_pkey on sbtest3  (cost=0.43..39.70 rows=10 width=121)
	              Index Cond: ((id >= 3215057) AND (id <= 3215066))

table 4 : explain SELECT DISTINCT c FROM sbtest4 WHERE id BETWEEN 427438 AND 427447 ORDER BY c
	Unique  (cost=36.03..36.07 rows=9 width=121)
	  ->  Sort  (cost=36.03..36.05 rows=9 width=121)
	        Sort Key: c
	        ->  Index Scan using sbtest4_pkey on sbtest4  (cost=0.43..35.88 rows=9 width=121)
	              Index Cond: ((id >= 427438) AND (id <= 427447))

table 5 : explain SELECT DISTINCT c FROM sbtest5 WHERE id BETWEEN 6496248 AND 6496257 ORDER BY c
	Unique  (cost=46.03..46.09 rows=12 width=121)
	  ->  Sort  (cost=46.03..46.06 rows=12 width=121)
	        Sort Key: c
	        ->  Index Scan using sbtest5_pkey on sbtest5  (cost=0.43..45.82 rows=12 width=121)
	              Index Cond: ((id >= 6496248) AND (id <= 6496257))

table 6 : explain SELECT DISTINCT c FROM sbtest6 WHERE id BETWEEN 2024572 AND 2024581 ORDER BY c
	Unique  (cost=35.98..36.03 rows=9 width=121)
	  ->  Sort  (cost=35.98..36.01 rows=9 width=121)
	        Sort Key: c
	        ->  Index Scan using sbtest6_pkey on sbtest6  (cost=0.43..35.84 rows=9 width=121)
	              Index Cond: ((id >= 2024572) AND (id <= 2024581))

table 7 : explain SELECT DISTINCT c FROM sbtest7 WHERE id BETWEEN 125995 AND 126004 ORDER BY c
	Unique  (cost=39.49..39.54 rows=10 width=121)
	  ->  Sort  (cost=39.49..39.52 rows=10 width=121)
	        Sort Key: c
	        ->  Index Scan using sbtest7_pkey on sbtest7  (cost=0.43..39.33 rows=10 width=121)
	              Index Cond: ((id >= 125995) AND (id <= 126004))

table 8 : explain SELECT DISTINCT c FROM sbtest8 WHERE id BETWEEN 2033497 AND 2033506 ORDER BY c
	Unique  (cost=39.63..39.68 rows=10 width=121)
	  ->  Sort  (cost=39.63..39.66 rows=10 width=121)
	        Sort Key: c
	        ->  Index Scan using sbtest8_pkey on sbtest8  (cost=0.43..39.47 rows=10 width=121)
	              Index Cond: ((id >= 2033497) AND (id <= 2033506))

for: distinct_ranges
table 1 : explain SELECT DISTINCT c FROM sbtest1 WHERE id BETWEEN 4022074 AND 4022083 ORDER BY c
	Unique  (cost=39.81..39.86 rows=10 width=121)
	  ->  Sort  (cost=39.81..39.83 rows=10 width=121)
	        Sort Key: c
	        ->  Index Scan using sbtest1_pkey on sbtest1  (cost=0.43..39.64 rows=10 width=121)
	              Index Cond: ((id >= 4022074) AND (id <= 4022083))

table 2 : explain SELECT DISTINCT c FROM sbtest2 WHERE id BETWEEN 2173886 AND 2173895 ORDER BY c
	Unique  (cost=39.86..39.91 rows=10 width=121)
	  ->  Sort  (cost=39.86..39.89 rows=10 width=121)
	        Sort Key: c
	        ->  Index Scan using sbtest2_pkey on sbtest2  (cost=0.43..39.70 rows=10 width=121)
	              Index Cond: ((id >= 2173886) AND (id <= 2173895))

table 3 : explain SELECT DISTINCT c FROM sbtest3 WHERE id BETWEEN 2820099 AND 2820108 ORDER BY c
	Unique  (cost=39.86..39.91 rows=10 width=121)
	  ->  Sort  (cost=39.86..39.89 rows=10 width=121)
	        Sort Key: c
	        ->  Index Scan using sbtest3_pkey on sbtest3  (cost=0.43..39.70 rows=10 width=121)
	              Index Cond: ((id >= 2820099) AND (id <= 2820108))

table 4 : explain SELECT DISTINCT c FROM sbtest4 WHERE id BETWEEN 591094 AND 591103 ORDER BY c
	Unique  (cost=42.93..42.99 rows=11 width=121)
	  ->  Sort  (cost=42.93..42.96 rows=11 width=121)
	        Sort Key: c
	        ->  Index Scan using sbtest4_pkey on sbtest4  (cost=0.43..42.74 rows=11 width=121)
	              Index Cond: ((id >= 591094) AND (id <= 591103))

table 5 : explain SELECT DISTINCT c FROM sbtest5 WHERE id BETWEEN 9535542 AND 9535551 ORDER BY c
	Unique  (cost=42.61..42.67 rows=11 width=121)
	  ->  Sort  (cost=42.61..42.64 rows=11 width=121)
	        Sort Key: c
	        ->  Index Scan using sbtest5_pkey on sbtest5  (cost=0.43..42.42 rows=11 width=121)
	              Index Cond: ((id >= 9535542) AND (id <= 9535551))

table 6 : explain SELECT DISTINCT c FROM sbtest6 WHERE id BETWEEN 5955890 AND 5955899 ORDER BY c
	Unique  (cost=42.88..42.93 rows=11 width=121)
	  ->  Sort  (cost=42.88..42.91 rows=11 width=121)
	        Sort Key: c
	        ->  Index Scan using sbtest6_pkey on sbtest6  (cost=0.43..42.69 rows=11 width=121)
	              Index Cond: ((id >= 5955890) AND (id <= 5955899))

table 7 : explain SELECT DISTINCT c FROM sbtest7 WHERE id BETWEEN 9728052 AND 9728061 ORDER BY c
	Unique  (cost=36.04..36.08 rows=9 width=121)
	  ->  Sort  (cost=36.04..36.06 rows=9 width=121)
	        Sort Key: c
	        ->  Index Scan using sbtest7_pkey on sbtest7  (cost=0.43..35.90 rows=9 width=121)
	              Index Cond: ((id >= 9728052) AND (id <= 9728061))

table 8 : explain SELECT DISTINCT c FROM sbtest8 WHERE id BETWEEN 5684946 AND 5684955 ORDER BY c
	Unique  (cost=36.16..36.21 rows=9 width=121)
	  ->  Sort  (cost=36.16..36.19 rows=9 width=121)
	        Sort Key: c
	        ->  Index Scan using sbtest8_pkey on sbtest8  (cost=0.43..36.02 rows=9 width=121)
	              Index Cond: ((id >= 5684946) AND (id <= 5684955))

explain: for non_index_updates :: explain UPDATE sbtest%u SET c='foobar' WHERE id=%u
explain: for index_updates :: explain UPDATE sbtest%u SET k=k+1 WHERE id=%u
for deletes
table 1 : explain DELETE FROM sbtest1 WHERE id=7239541
	Delete on sbtest1  (cost=0.43..8.45 rows=0 width=0)
	  ->  Index Scan using sbtest1_pkey on sbtest1  (cost=0.43..8.45 rows=1 width=6)
	        Index Cond: (id = 7239541)

table 2 : explain DELETE FROM sbtest2 WHERE id=7651361
	Delete on sbtest2  (cost=0.43..8.45 rows=0 width=0)
	  ->  Index Scan using sbtest2_pkey on sbtest2  (cost=0.43..8.45 rows=1 width=6)
	        Index Cond: (id = 7651361)

table 3 : explain DELETE FROM sbtest3 WHERE id=8386712
	Delete on sbtest3  (cost=0.43..8.45 rows=0 width=0)
	  ->  Index Scan using sbtest3_pkey on sbtest3  (cost=0.43..8.45 rows=1 width=6)
	        Index Cond: (id = 8386712)

table 4 : explain DELETE FROM sbtest4 WHERE id=2069712
	Delete on sbtest4  (cost=0.43..8.45 rows=0 width=0)
	  ->  Index Scan using sbtest4_pkey on sbtest4  (cost=0.43..8.45 rows=1 width=6)
	        Index Cond: (id = 2069712)

table 5 : explain DELETE FROM sbtest5 WHERE id=6909203
	Delete on sbtest5  (cost=0.43..8.45 rows=0 width=0)
	  ->  Index Scan using sbtest5_pkey on sbtest5  (cost=0.43..8.45 rows=1 width=6)
	        Index Cond: (id = 6909203)

table 6 : explain DELETE FROM sbtest6 WHERE id=6614931
	Delete on sbtest6  (cost=0.43..8.45 rows=0 width=0)
	  ->  Index Scan using sbtest6_pkey on sbtest6  (cost=0.43..8.45 rows=1 width=6)
	        Index Cond: (id = 6614931)

table 7 : explain DELETE FROM sbtest7 WHERE id=985979
	Delete on sbtest7  (cost=0.43..8.45 rows=0 width=0)
	  ->  Index Scan using sbtest7_pkey on sbtest7  (cost=0.43..8.45 rows=1 width=6)
	        Index Cond: (id = 985979)

table 8 : explain DELETE FROM sbtest8 WHERE id=8270539
	Delete on sbtest8  (cost=0.43..8.45 rows=0 width=0)
	  ->  Index Scan using sbtest8_pkey on sbtest8  (cost=0.43..8.45 rows=1 width=6)
	        Index Cond: (id = 8270539)

explain: for inserts :: explain INSERT INTO sbtest%u (id, k, c, pad) VALUES (%u, 13, 'foobar', 'foobar')
for inserts
table 1 : explain INSERT INTO sbtest1 (id, k, c, pad) VALUES (9240313, 13, 'foobar', 'foobar')
	Insert on sbtest1  (cost=0.00..0.01 rows=0 width=0)
	  ->  Result  (cost=0.00..0.01 rows=1 width=736)

table 2 : explain INSERT INTO sbtest2 (id, k, c, pad) VALUES (2056007, 13, 'foobar', 'foobar')
	Insert on sbtest2  (cost=0.00..0.01 rows=0 width=0)
	  ->  Result  (cost=0.00..0.01 rows=1 width=736)

table 3 : explain INSERT INTO sbtest3 (id, k, c, pad) VALUES (5844954, 13, 'foobar', 'foobar')
	Insert on sbtest3  (cost=0.00..0.01 rows=0 width=0)
	  ->  Result  (cost=0.00..0.01 rows=1 width=736)

table 4 : explain INSERT INTO sbtest4 (id, k, c, pad) VALUES (2065655, 13, 'foobar', 'foobar')
	Insert on sbtest4  (cost=0.00..0.01 rows=0 width=0)
	  ->  Result  (cost=0.00..0.01 rows=1 width=736)

table 5 : explain INSERT INTO sbtest5 (id, k, c, pad) VALUES (5412620, 13, 'foobar', 'foobar')
	Insert on sbtest5  (cost=0.00..0.01 rows=0 width=0)
	  ->  Result  (cost=0.00..0.01 rows=1 width=736)

table 6 : explain INSERT INTO sbtest6 (id, k, c, pad) VALUES (2064040, 13, 'foobar', 'foobar')
	Insert on sbtest6  (cost=0.00..0.01 rows=0 width=0)
	  ->  Result  (cost=0.00..0.01 rows=1 width=736)

table 7 : explain INSERT INTO sbtest7 (id, k, c, pad) VALUES (3432478, 13, 'foobar', 'foobar')
	Insert on sbtest7  (cost=0.00..0.01 rows=0 width=0)
	  ->  Result  (cost=0.00..0.01 rows=1 width=736)

table 8 : explain INSERT INTO sbtest8 (id, k, c, pad) VALUES (1107532, 13, 'foobar', 'foobar')
	Insert on sbtest8  (cost=0.00..0.01 rows=0 width=0)
	  ->  Result  (cost=0.00..0.01 rows=1 width=736)

for: simple_ranges
table 1 : explain SELECT c FROM sbtest1 WHERE id BETWEEN 117398 AND 117407
	Index Scan using sbtest1_pkey on sbtest1  (cost=0.43..39.64 rows=10 width=121)
	  Index Cond: ((id >= 117398) AND (id <= 117407))

table 2 : explain SELECT c FROM sbtest2 WHERE id BETWEEN 3288325 AND 3288334
	Index Scan using sbtest2_pkey on sbtest2  (cost=0.43..39.70 rows=10 width=121)
	  Index Cond: ((id >= 3288325) AND (id <= 3288334))

table 3 : explain SELECT c FROM sbtest3 WHERE id BETWEEN 5687237 AND 5687246
	Index Scan using sbtest3_pkey on sbtest3  (cost=0.43..39.70 rows=10 width=121)
	  Index Cond: ((id >= 5687237) AND (id <= 5687246))

table 4 : explain SELECT c FROM sbtest4 WHERE id BETWEEN 8853005 AND 8853014
	Index Scan using sbtest4_pkey on sbtest4  (cost=0.43..39.31 rows=10 width=121)
	  Index Cond: ((id >= 8853005) AND (id <= 8853014))

table 5 : explain SELECT c FROM sbtest5 WHERE id BETWEEN 6666378 AND 6666387
	Index Scan using sbtest5_pkey on sbtest5  (cost=0.43..39.02 rows=10 width=121)
	  Index Cond: ((id >= 6666378) AND (id <= 6666387))

table 6 : explain SELECT c FROM sbtest6 WHERE id BETWEEN 788817 AND 788826
	Index Scan using sbtest6_pkey on sbtest6  (cost=0.43..39.26 rows=10 width=121)
	  Index Cond: ((id >= 788817) AND (id <= 788826))

table 7 : explain SELECT c FROM sbtest7 WHERE id BETWEEN 9838139 AND 9838148
	Index Scan using sbtest7_pkey on sbtest7  (cost=0.43..42.76 rows=11 width=121)
	  Index Cond: ((id >= 9838139) AND (id <= 9838148))

table 8 : explain SELECT c FROM sbtest8 WHERE id BETWEEN 7495604 AND 7495613
	Index Scan using sbtest8_pkey on sbtest8  (cost=0.43..42.91 rows=11 width=121)
	  Index Cond: ((id >= 7495604) AND (id <= 7495613))

explain: for index_updates :: explain UPDATE sbtest%u SET k=k+1 WHERE id=%u
explain: for index_updates :: explain UPDATE sbtest%u SET k=k+1 WHERE id=%u
explain: for index_updates :: explain UPDATE sbtest%u SET k=k+1 WHERE id=%u
for: simple_ranges
table 1 : explain SELECT c FROM sbtest1 WHERE id BETWEEN 379975 AND 379984
	Index Scan using sbtest1_pkey on sbtest1  (cost=0.43..39.64 rows=10 width=121)
	  Index Cond: ((id >= 379975) AND (id <= 379984))

table 2 : explain SELECT c FROM sbtest2 WHERE id BETWEEN 4993197 AND 4993206
	Index Scan using sbtest2_pkey on sbtest2  (cost=0.43..39.70 rows=10 width=121)
	  Index Cond: ((id >= 4993197) AND (id <= 4993206))

table 3 : explain SELECT c FROM sbtest3 WHERE id BETWEEN 4944751 AND 4944760
	Index Scan using sbtest3_pkey on sbtest3  (cost=0.43..39.70 rows=10 width=121)
	  Index Cond: ((id >= 4944751) AND (id <= 4944760))

table 4 : explain SELECT c FROM sbtest4 WHERE id BETWEEN 3400878 AND 3400887
	Index Scan using sbtest4_pkey on sbtest4  (cost=0.43..39.31 rows=10 width=121)
	  Index Cond: ((id >= 3400878) AND (id <= 3400887))

table 5 : explain SELECT c FROM sbtest5 WHERE id BETWEEN 5686647 AND 5686656
	Index Scan using sbtest5_pkey on sbtest5  (cost=0.43..39.02 rows=10 width=121)
	  Index Cond: ((id >= 5686647) AND (id <= 5686656))

table 6 : explain SELECT c FROM sbtest6 WHERE id BETWEEN 5403866 AND 5403875
	Index Scan using sbtest6_pkey on sbtest6  (cost=0.43..39.26 rows=10 width=121)
	  Index Cond: ((id >= 5403866) AND (id <= 5403875))

table 7 : explain SELECT c FROM sbtest7 WHERE id BETWEEN 4167313 AND 4167322
	Index Scan using sbtest7_pkey on sbtest7  (cost=0.43..39.33 rows=10 width=121)
	  Index Cond: ((id >= 4167313) AND (id <= 4167322))

table 8 : explain SELECT c FROM sbtest8 WHERE id BETWEEN 3007718 AND 3007727
	Index Scan using sbtest8_pkey on sbtest8  (cost=0.43..42.91 rows=11 width=121)
	  Index Cond: ((id >= 3007718) AND (id <= 3007727))

for index_updates
table 1 : explain UPDATE sbtest1 SET k=k+1 WHERE id=5778209
	Update on sbtest1  (cost=0.43..8.46 rows=0 width=0)
	  ->  Index Scan using sbtest1_pkey on sbtest1  (cost=0.43..8.46 rows=1 width=10)
	        Index Cond: (id = 5778209)

table 2 : explain UPDATE sbtest2 SET k=k+1 WHERE id=8493196
	Update on sbtest2  (cost=0.43..8.46 rows=0 width=0)
	  ->  Index Scan using sbtest2_pkey on sbtest2  (cost=0.43..8.46 rows=1 width=10)
	        Index Cond: (id = 8493196)

table 3 : explain UPDATE sbtest3 SET k=k+1 WHERE id=8838409
	Update on sbtest3  (cost=0.43..8.46 rows=0 width=0)
	  ->  Index Scan using sbtest3_pkey on sbtest3  (cost=0.43..8.46 rows=1 width=10)
	        Index Cond: (id = 8838409)

table 4 : explain UPDATE sbtest4 SET k=k+1 WHERE id=7006806
	Update on sbtest4  (cost=0.43..8.46 rows=0 width=0)
	  ->  Index Scan using sbtest4_pkey on sbtest4  (cost=0.43..8.46 rows=1 width=10)
	        Index Cond: (id = 7006806)

table 5 : explain UPDATE sbtest5 SET k=k+1 WHERE id=8996021
	Update on sbtest5  (cost=0.43..8.46 rows=0 width=0)
	  ->  Index Scan using sbtest5_pkey on sbtest5  (cost=0.43..8.46 rows=1 width=10)
	        Index Cond: (id = 8996021)

table 6 : explain UPDATE sbtest6 SET k=k+1 WHERE id=3874476
	Update on sbtest6  (cost=0.43..8.46 rows=0 width=0)
	  ->  Index Scan using sbtest6_pkey on sbtest6  (cost=0.43..8.46 rows=1 width=10)
	        Index Cond: (id = 3874476)

table 7 : explain UPDATE sbtest7 SET k=k+1 WHERE id=5495440
	Update on sbtest7  (cost=0.43..8.46 rows=0 width=0)
	  ->  Index Scan using sbtest7_pkey on sbtest7  (cost=0.43..8.46 rows=1 width=10)
	        Index Cond: (id = 5495440)

table 8 : explain UPDATE sbtest8 SET k=k+1 WHERE id=5374012
	Update on sbtest8  (cost=0.43..8.46 rows=0 width=0)
	  ->  Index Scan using sbtest8_pkey on sbtest8  (cost=0.43..8.46 rows=1 width=10)
	        Index Cond: (id = 5374012)

explain: for inserts :: explain INSERT INTO sbtest%u (id, k, c, pad) VALUES (%u, 13, 'foobar', 'foobar')for inserts
table 1 : explain INSERT INTO sbtest1 (id, k, c, pad) VALUES (6074174, 13, 'foobar', 'foobar')
	Insert on sbtest1  (cost=0.00..0.01 rows=0 width=0)
	  ->  Result  (cost=0.00..0.01 rows=1 width=736)

table 2 : explain INSERT INTO sbtest2 (id, k, c, pad) VALUES (7935013, 13, 'foobar', 'foobar')
	Insert on sbtest2  (cost=0.00..0.01 rows=0 width=0)
	  ->  Result  (cost=0.00..0.01 rows=1 width=736)

table 3 : explain INSERT INTO sbtest3 (id, k, c, pad) VALUES (6034199, 13, 'foobar', 'foobar')
	Insert on sbtest3  (cost=0.00..0.01 rows=0 width=0)
	  ->  Result  (cost=0.00..0.01 rows=1 width=736)

table 4 : explain INSERT INTO sbtest4 (id, k, c, pad) VALUES (3326932, 13, 'foobar', 'foobar')
	Insert on sbtest4  (cost=0.00..0.01 rows=0 width=0)
	  ->  Result  (cost=0.00..0.01 rows=1 width=736)

table 5 : explain INSERT INTO sbtest5 (id, k, c, pad) VALUES (259943, 13, 'foobar', 'foobar')
	Insert on sbtest5  (cost=0.00..0.01 rows=0 width=0)
	  ->  Result  (cost=0.00..0.01 rows=1 width=736)

table 6 : explain INSERT INTO sbtest6 (id, k, c, pad) VALUES (9528536, 13, 'foobar', 'foobar')
	Insert on sbtest6  (cost=0.00..0.01 rows=0 width=0)
	  ->  Result  (cost=0.00..0.01 rows=1 width=736)

table 7 : explain INSERT INTO sbtest7 (id, k, c, pad) VALUES (4966319, 13, 'foobar', 'foobar')
	Insert on sbtest7  (cost=0.00..0.01 rows=0 width=0)
	  ->  Result  (cost=0.00..0.01 rows=1 width=736)

table 8 : explain INSERT INTO sbtest8 (id, k, c, pad) VALUES (8162852, 13, 'foobar', 'foobar')
	Insert on sbtest8  (cost=0.00..0.01 rows=0 width=0)
	  ->  Result  (cost=0.00..0.01 rows=1 width=736)

for non_index_updates
table 1 : explain UPDATE sbtest1 SET c='foobar' WHERE id=5422942
	Update on sbtest1  (cost=0.43..8.45 rows=0 width=0)
	  ->  Index Scan using sbtest1_pkey on sbtest1  (cost=0.43..8.45 rows=1 width=490)
	        Index Cond: (id = 5422942)

table 2 : explain UPDATE sbtest2 SET c='foobar' WHERE id=6396237
	Update on sbtest2  (cost=0.43..8.45 rows=0 width=0)
	  ->  Index Scan using sbtest2_pkey on sbtest2  (cost=0.43..8.45 rows=1 width=490)
	        Index Cond: (id = 6396237)

table 3 : explain UPDATE sbtest3 SET c='foobar' WHERE id=6142161
	Update on sbtest3  (cost=0.43..8.45 rows=0 width=0)
	  ->  Index Scan using sbtest3_pkey on sbtest3  (cost=0.43..8.45 rows=1 width=490)
	        Index Cond: (id = 6142161)

table 4 : explain UPDATE sbtest4 SET c='foobar' WHERE id=179571
	Update on sbtest4  (cost=0.43..8.45 rows=0 width=0)
	  ->  Index Scan using sbtest4_pkey on sbtest4  (cost=0.43..8.45 rows=1 width=490)
	        Index Cond: (id = 179571)

table 5 : explain UPDATE sbtest5 SET c='foobar' WHERE id=8616668
	Update on sbtest5  (cost=0.43..8.45 rows=0 width=0)
	  ->  Index Scan using sbtest5_pkey on sbtest5  (cost=0.43..8.45 rows=1 width=490)
	        Index Cond: (id = 8616668)

table 6 : explain UPDATE sbtest6 SET c='foobar' WHERE id=7392800
	Update on sbtest6  (cost=0.43..8.45 rows=0 width=0)
	  ->  Index Scan using sbtest6_pkey on sbtest6  (cost=0.43..8.45 rows=1 width=490)
	        Index Cond: (id = 7392800)

table 7 : explain UPDATE sbtest7 SET c='foobar' WHERE id=3766976
	Update on sbtest7  (cost=0.43..8.45 rows=0 width=0)
	  ->  Index Scan using sbtest7_pkey on sbtest7  (cost=0.43..8.45 rows=1 width=490)
	        Index Cond: (id = 3766976)

table 8 : explain UPDATE sbtest8 SET c='foobar' WHERE id=7174097
	Update on sbtest8  (cost=0.43..8.45 rows=0 width=0)
	  ->  Index Scan using sbtest8_pkey on sbtest8  (cost=0.43..8.45 rows=1 width=490)
	        Index Cond: (id = 7174097)


for index_updates
table 1 : explain UPDATE sbtest1 SET k=k+1 WHERE id=4316822
	Update on sbtest1  (cost=0.43..8.46 rows=0 width=0)
	  ->  Index Scan using sbtest1_pkey on sbtest1  (cost=0.43..8.46 rows=1 width=10)
	        Index Cond: (id = 4316822)

table 2 : explain UPDATE sbtest2 SET k=k+1 WHERE id=9935200
	Update on sbtest2  (cost=0.43..8.46 rows=0 width=0)
	  ->  Index Scan using sbtest2_pkey on sbtest2  (cost=0.43..8.46 rows=1 width=10)
	        Index Cond: (id = 9935200)

table 3 : explain UPDATE sbtest3 SET k=k+1 WHERE id=9297285
	Update on sbtest3  (cost=0.43..8.46 rows=0 width=0)
	  ->  Index Scan using sbtest3_pkey on sbtest3  (cost=0.43..8.46 rows=1 width=10)
	        Index Cond: (id = 9297285)

table 4 : explain UPDATE sbtest4 SET k=k+1 WHERE id=5996275
	Update on sbtest4  (cost=0.43..8.46 rows=0 width=0)
	  ->  Index Scan using sbtest4_pkey on sbtest4  (cost=0.43..8.46 rows=1 width=10)
	        Index Cond: (id = 5996275)

table 5 : explain UPDATE sbtest5 SET k=k+1 WHERE id=9726537
	Update on sbtest5  (cost=0.43..8.46 rows=0 width=0)
	  ->  Index Scan using sbtest5_pkey on sbtest5  (cost=0.43..8.46 rows=1 width=10)
	        Index Cond: (id = 9726537)

table 6 : explain UPDATE sbtest6 SET k=k+1 WHERE id=8173537
	Update on sbtest6  (cost=0.43..8.46 rows=0 width=0)
	  ->  Index Scan using sbtest6_pkey on sbtest6  (cost=0.43..8.46 rows=1 width=10)
	        Index Cond: (id = 8173537)

table 7 : explain UPDATE sbtest7 SET k=k+1 WHERE id=3481469
	Update on sbtest7  (cost=0.43..8.46 rows=0 width=0)
	  ->  Index Scan using sbtest7_pkey on sbtest7  (cost=0.43..8.46 rows=1 width=10)
	        Index Cond: (id = 3481469)

table 8 : explain UPDATE sbtest8 SET k=k+1 WHERE id=9895835
	Update on sbtest8  (cost=0.43..8.46 rows=0 width=0)
	  ->  Index Scan using sbtest8_pkey on sbtest8  (cost=0.43..8.46 rows=1 width=10)
	        Index Cond: (id = 9895835)
for index_updates
table 1 : explain UPDATE sbtest1 SET k=k+1 WHERE id=6793420
	Update on sbtest1  (cost=0.43..8.46 rows=0 width=0)
	  ->  Index Scan using sbtest1_pkey on sbtest1  (cost=0.43..8.46 rows=1 width=10)
	        Index Cond: (id = 6793420)

table 2 : explain UPDATE sbtest2 SET k=k+1 WHERE id=9504410
	Update on sbtest2  (cost=0.43..8.46 rows=0 width=0)
	  ->  Index Scan using sbtest2_pkey on sbtest2  (cost=0.43..8.46 rows=1 width=10)
	        Index Cond: (id = 9504410)

table 3 : explain UPDATE sbtest3 SET k=k+1 WHERE id=3151067
	Update on sbtest3  (cost=0.43..8.46 rows=0 width=0)
	  ->  Index Scan using sbtest3_pkey on sbtest3  (cost=0.43..8.46 rows=1 width=10)
	        Index Cond: (id = 3151067)

table 4 : explain UPDATE sbtest4 SET k=k+1 WHERE id=452595
	Update on sbtest4  (cost=0.43..8.46 rows=0 width=0)
	  ->  Index Scan using sbtest4_pkey on sbtest4  (cost=0.43..8.46 rows=1 width=10)
	        Index Cond: (id = 452595)

table 5 : explain UPDATE sbtest5 SET k=k+1 WHERE id=2175582
	Update on sbtest5  (cost=0.43..8.46 rows=0 width=0)
	  ->  Index Scan using sbtest5_pkey on sbtest5  (cost=0.43..8.46 rows=1 width=10)
	        Index Cond: (id = 2175582)

table 6 : explain UPDATE sbtest6 SET k=k+1 WHERE id=8252514
	Update on sbtest6  (cost=0.43..8.46 rows=0 width=0)
	  ->  Index Scan using sbtest6_pkey on sbtest6  (cost=0.43..8.46 rows=1 width=10)
	        Index Cond: (id = 8252514)

table 7 : explain UPDATE sbtest7 SET k=k+1 WHERE id=4722369
	Update on sbtest7  (cost=0.43..8.46 rows=0 width=0)
	  ->  Index Scan using sbtest7_pkey on sbtest7  (cost=0.43..8.46 rows=1 width=10)
	        Index Cond: (id = 4722369)

table 8 : explain UPDATE sbtest8 SET k=k+1 WHERE id=6179571
	Update on sbtest8  (cost=0.43..8.46 rows=0 width=0)
	  ->  Index Scan using sbtest8_pkey on sbtest8  (cost=0.43..8.46 rows=1 width=10)
	        Index Cond: (id = 6179571)
explain: for deletes :: explain DELETE FROM sbtest%u WHERE id=%u

for index_updates
table 1 : explain UPDATE sbtest1 SET k=k+1 WHERE id=1267946
	Update on sbtest1  (cost=0.43..8.46 rows=0 width=0)
	  ->  Index Scan using sbtest1_pkey on sbtest1  (cost=0.43..8.46 rows=1 width=10)
	        Index Cond: (id = 1267946)

table 2 : explain UPDATE sbtest2 SET k=k+1 WHERE id=8919766
	Update on sbtest2  (cost=0.43..8.46 rows=0 width=0)
	  ->  Index Scan using sbtest2_pkey on sbtest2  (cost=0.43..8.46 rows=1 width=10)
	        Index Cond: (id = 8919766)

table 3 : explain UPDATE sbtest3 SET k=k+1 WHERE id=9577499
	Update on sbtest3  (cost=0.43..8.46 rows=0 width=0)
	  ->  Index Scan using sbtest3_pkey on sbtest3  (cost=0.43..8.46 rows=1 width=10)
	        Index Cond: (id = 9577499)

table 4 : explain UPDATE sbtest4 SET k=k+1 WHERE id=2814754
	Update on sbtest4  (cost=0.43..8.46 rows=0 width=0)
	  ->  Index Scan using sbtest4_pkey on sbtest4  (cost=0.43..8.46 rows=1 width=10)
	        Index Cond: (id = 2814754)

table 5 : explain UPDATE sbtest5 SET k=k+1 WHERE id=3190975
	Update on sbtest5  (cost=0.43..8.46 rows=0 width=0)
	  ->  Index Scan using sbtest5_pkey on sbtest5  (cost=0.43..8.46 rows=1 width=10)
	        Index Cond: (id = 3190975)

table 6 : explain UPDATE sbtest6 SET k=k+1 WHERE id=9459976
	Update on sbtest6  (cost=0.43..8.46 rows=0 width=0)
	  ->  Index Scan using sbtest6_pkey on sbtest6  (cost=0.43..8.46 rows=1 width=10)
	        Index Cond: (id = 9459976)

table 7 : explain UPDATE sbtest7 SET k=k+1 WHERE id=8256930
	Update on sbtest7  (cost=0.43..8.46 rows=0 width=0)
	  ->  Index Scan using sbtest7_pkey on sbtest7  (cost=0.43..8.46 rows=1 width=10)
	        Index Cond: (id = 8256930)

table 8 : explain UPDATE sbtest8 SET k=k+1 WHERE id=1041919
	Update on sbtest8  (cost=0.43..8.46 rows=0 width=0)
	  ->  Index Scan using sbtest8_pkey on sbtest8  (cost=0.43..8.46 rows=1 width=10)
	        Index Cond: (id = 1041919)

explain: for non_index_updates :: explain UPDATE sbtest%u SET c='foobar' WHERE id=%u

for inserts
table 1 : explain INSERT INTO sbtest1 (id, k, c, pad) VALUES (9005287, 13, 'foobar', 'foobar')
	Insert on sbtest1  (cost=0.00..0.01 rows=0 width=0)
	  ->  Result  (cost=0.00..0.01 rows=1 width=736)

table 2 : explain INSERT INTO sbtest2 (id, k, c, pad) VALUES (2644980, 13, 'foobar', 'foobar')
	Insert on sbtest2  (cost=0.00..0.01 rows=0 width=0)
	  ->  Result  (cost=0.00..0.01 rows=1 width=736)

table 3 : explain INSERT INTO sbtest3 (id, k, c, pad) VALUES (2210326, 13, 'foobar', 'foobar')
	Insert on sbtest3  (cost=0.00..0.01 rows=0 width=0)
	  ->  Result  (cost=0.00..0.01 rows=1 width=736)

table 4 : explain INSERT INTO sbtest4 (id, k, c, pad) VALUES (5252416, 13, 'foobar', 'foobar')
	Insert on sbtest4  (cost=0.00..0.01 rows=0 width=0)
	  ->  Result  (cost=0.00..0.01 rows=1 width=736)

table 5 : explain INSERT INTO sbtest5 (id, k, c, pad) VALUES (5266708, 13, 'foobar', 'foobar')
	Insert on sbtest5  (cost=0.00..0.01 rows=0 width=0)
	  ->  Result  (cost=0.00..0.01 rows=1 width=736)

table 6 : explain INSERT INTO sbtest6 (id, k, c, pad) VALUES (4793311, 13, 'foobar', 'foobar')
	Insert on sbtest6  (cost=0.00..0.01 rows=0 width=0)
	  ->  Result  (cost=0.00..0.01 rows=1 width=736)

table 7 : explain INSERT INTO sbtest7 (id, k, c, pad) VALUES (5900781, 13, 'foobar', 'foobar')
	Insert on sbtest7  (cost=0.00..0.01 rows=0 width=0)
	  ->  Result  (cost=0.00..0.01 rows=1 width=736)

table 8 : explain INSERT INTO sbtest8 (id, k, c, pad) VALUES (468732, 13, 'foobar', 'foobar')
	Insert on sbtest8  (cost=0.00..0.01 rows=0 width=0)
	  ->  Result  (cost=0.00..0.01 rows=1 width=736)

explain: for non_index_updates :: explain UPDATE sbtest%u SET c='foobar' WHERE id=%u
explain: for non_index_updates :: explain UPDATE sbtest%u SET c='foobar' WHERE id=%u
explain: for non_index_updates :: explain UPDATE sbtest%u SET c='foobar' WHERE id=%u
for deletes
table 1 : explain DELETE FROM sbtest1 WHERE id=7004767
	Delete on sbtest1  (cost=0.43..8.45 rows=0 width=0)
	  ->  Index Scan using sbtest1_pkey on sbtest1  (cost=0.43..8.45 rows=1 width=6)
	        Index Cond: (id = 7004767)

table 2 : explain DELETE FROM sbtest2 WHERE id=5446245
	Delete on sbtest2  (cost=0.43..8.45 rows=0 width=0)
	  ->  Index Scan using sbtest2_pkey on sbtest2  (cost=0.43..8.45 rows=1 width=6)
	        Index Cond: (id = 5446245)

table 3 : explain DELETE FROM sbtest3 WHERE id=5430933
	Delete on sbtest3  (cost=0.43..8.45 rows=0 width=0)
	  ->  Index Scan using sbtest3_pkey on sbtest3  (cost=0.43..8.45 rows=1 width=6)
	        Index Cond: (id = 5430933)

table 4 : explain DELETE FROM sbtest4 WHERE id=8909068
	Delete on sbtest4  (cost=0.43..8.45 rows=0 width=0)
	  ->  Index Scan using sbtest4_pkey on sbtest4  (cost=0.43..8.45 rows=1 width=6)
	        Index Cond: (id = 8909068)

table 5 : explain DELETE FROM sbtest5 WHERE id=3085825
	Delete on sbtest5  (cost=0.43..8.45 rows=0 width=0)
	  ->  Index Scan using sbtest5_pkey on sbtest5  (cost=0.43..8.45 rows=1 width=6)
	        Index Cond: (id = 3085825)

table 6 : explain DELETE FROM sbtest6 WHERE id=9492390
	Delete on sbtest6  (cost=0.43..8.45 rows=0 width=0)
	  ->  Index Scan using sbtest6_pkey on sbtest6  (cost=0.43..8.45 rows=1 width=6)
	        Index Cond: (id = 9492390)

table 7 : explain DELETE FROM sbtest7 WHERE id=176911
	Delete on sbtest7  (cost=0.43..8.45 rows=0 width=0)
	  ->  Index Scan using sbtest7_pkey on sbtest7  (cost=0.43..8.45 rows=1 width=6)
	        Index Cond: (id = 176911)

table 8 : explain DELETE FROM sbtest8 WHERE id=830091
	Delete on sbtest8  (cost=0.43..8.45 rows=0 width=0)
	  ->  Index Scan using sbtest8_pkey on sbtest8  (cost=0.43..8.45 rows=1 width=6)
	        Index Cond: (id = 830091)

for non_index_updates
table 1 : explain UPDATE sbtest1 SET c='foobar' WHERE id=5952177
	Update on sbtest1  (cost=0.43..8.45 rows=0 width=0)
	  ->  Index Scan using sbtest1_pkey on sbtest1  (cost=0.43..8.45 rows=1 width=490)
	        Index Cond: (id = 5952177)

table 2 : explain UPDATE sbtest2 SET c='foobar' WHERE id=9965150
	Update on sbtest2  (cost=0.43..8.45 rows=0 width=0)
	  ->  Index Scan using sbtest2_pkey on sbtest2  (cost=0.43..8.45 rows=1 width=490)
	        Index Cond: (id = 9965150)

table 3 : explain UPDATE sbtest3 SET c='foobar' WHERE id=4226858
	Update on sbtest3  (cost=0.43..8.45 rows=0 width=0)
	  ->  Index Scan using sbtest3_pkey on sbtest3  (cost=0.43..8.45 rows=1 width=490)
	        Index Cond: (id = 4226858)

table 4 : explain UPDATE sbtest4 SET c='foobar' WHERE id=7899573
	Update on sbtest4  (cost=0.43..8.45 rows=0 width=0)
	  ->  Index Scan using sbtest4_pkey on sbtest4  (cost=0.43..8.45 rows=1 width=490)
	        Index Cond: (id = 7899573)

table 5 : explain UPDATE sbtest5 SET c='foobar' WHERE id=7115077
	Update on sbtest5  (cost=0.43..8.45 rows=0 width=0)
	  ->  Index Scan using sbtest5_pkey on sbtest5  (cost=0.43..8.45 rows=1 width=490)
	        Index Cond: (id = 7115077)

table 6 : explain UPDATE sbtest6 SET c='foobar' WHERE id=8433796
	Update on sbtest6  (cost=0.43..8.45 rows=0 width=0)
	  ->  Index Scan using sbtest6_pkey on sbtest6  (cost=0.43..8.45 rows=1 width=490)
	        Index Cond: (id = 8433796)

table 7 : explain UPDATE sbtest7 SET c='foobar' WHERE id=6919543
	Update on sbtest7  (cost=0.43..8.45 rows=0 width=0)
	  ->  Index Scan using sbtest7_pkey on sbtest7  (cost=0.43..8.45 rows=1 width=490)
	        Index Cond: (id = 6919543)

table 8 : explain UPDATE sbtest8 SET c='foobar' WHERE id=1816011
	Update on sbtest8  (cost=0.43..8.45 rows=0 width=0)
	  ->  Index Scan using sbtest8_pkey on sbtest8  (cost=0.43..8.45 rows=1 width=490)
	        Index Cond: (id = 1816011)

for: sum_ranges
table 1 : explain SELECT SUM(k) FROM sbtest1 WHERE id BETWEEN 9756861 AND 9756870
	Aggregate  (cost=39.67..39.68 rows=1 width=8)
	  ->  Index Scan using sbtest1_pkey on sbtest1  (cost=0.43..39.64 rows=10 width=4)
	        Index Cond: ((id >= 9756861) AND (id <= 9756870))

table 2 : explain SELECT SUM(k) FROM sbtest2 WHERE id BETWEEN 8821068 AND 8821077
	Aggregate  (cost=43.20..43.21 rows=1 width=8)
	  ->  Index Scan using sbtest2_pkey on sbtest2  (cost=0.43..43.17 rows=11 width=4)
	        Index Cond: ((id >= 8821068) AND (id <= 8821077))

table 3 : explain SELECT SUM(k) FROM sbtest3 WHERE id BETWEEN 9626420 AND 9626429
	Aggregate  (cost=39.72..39.73 rows=1 width=8)
	  ->  Index Scan using sbtest3_pkey on sbtest3  (cost=0.43..39.70 rows=10 width=4)
	        Index Cond: ((id >= 9626420) AND (id <= 9626429))

table 4 : explain SELECT SUM(k) FROM sbtest4 WHERE id BETWEEN 7631954 AND 7631963
	Aggregate  (cost=39.34..39.35 rows=1 width=8)
	  ->  Index Scan using sbtest4_pkey on sbtest4  (cost=0.43..39.31 rows=10 width=4)
	        Index Cond: ((id >= 7631954) AND (id <= 7631963))

table 5 : explain SELECT SUM(k) FROM sbtest5 WHERE id BETWEEN 9217988 AND 9217997
	Aggregate  (cost=35.65..35.66 rows=1 width=8)
	  ->  Index Scan using sbtest5_pkey on sbtest5  (cost=0.43..35.63 rows=9 width=4)
	        Index Cond: ((id >= 9217988) AND (id <= 9217997))

table 6 : explain SELECT SUM(k) FROM sbtest6 WHERE id BETWEEN 7652594 AND 7652603
	Aggregate  (cost=35.86..35.87 rows=1 width=8)
	  ->  Index Scan using sbtest6_pkey on sbtest6  (cost=0.43..35.84 rows=9 width=4)
	        Index Cond: ((id >= 7652594) AND (id <= 7652603))

table 7 : explain SELECT SUM(k) FROM sbtest7 WHERE id BETWEEN 948194 AND 948203
	Aggregate  (cost=39.35..39.36 rows=1 width=8)
	  ->  Index Scan using sbtest7_pkey on sbtest7  (cost=0.43..39.33 rows=10 width=4)
	        Index Cond: ((id >= 948194) AND (id <= 948203))

table 8 : explain SELECT SUM(k) FROM sbtest8 WHERE id BETWEEN 8715936 AND 8715945
	Aggregate  (cost=39.49..39.50 rows=1 width=8)
	  ->  Index Scan using sbtest8_pkey on sbtest8  (cost=0.43..39.47 rows=10 width=4)
	        Index Cond: ((id >= 8715936) AND (id <= 8715945))

for: sum_ranges
table 1 : explain SELECT SUM(k) FROM sbtest1 WHERE id BETWEEN 100755 AND 100764
	Aggregate  (cost=39.67..39.68 rows=1 width=8)
	  ->  Index Scan using sbtest1_pkey on sbtest1  (cost=0.43..39.64 rows=10 width=4)
	        Index Cond: ((id >= 100755) AND (id <= 100764))

table 2 : explain SELECT SUM(k) FROM sbtest2 WHERE id BETWEEN 3433572 AND 3433581
	Aggregate  (cost=39.72..39.73 rows=1 width=8)
	  ->  Index Scan using sbtest2_pkey on sbtest2  (cost=0.43..39.70 rows=10 width=4)
	        Index Cond: ((id >= 3433572) AND (id <= 3433581))

table 3 : explain SELECT SUM(k) FROM sbtest3 WHERE id BETWEEN 1066048 AND 1066057
	Aggregate  (cost=36.25..36.26 rows=1 width=8)
	  ->  Index Scan using sbtest3_pkey on sbtest3  (cost=0.43..36.23 rows=9 width=4)
	        Index Cond: ((id >= 1066048) AND (id <= 1066057))

table 4 : explain SELECT SUM(k) FROM sbtest4 WHERE id BETWEEN 9211307 AND 9211316
	Aggregate  (cost=35.91..35.92 rows=1 width=8)
	  ->  Index Scan using sbtest4_pkey on sbtest4  (cost=0.43..35.88 rows=9 width=4)
	        Index Cond: ((id >= 9211307) AND (id <= 9211316))

table 5 : explain SELECT SUM(k) FROM sbtest5 WHERE id BETWEEN 5069725 AND 5069734
	Aggregate  (cost=39.05..39.06 rows=1 width=8)
	  ->  Index Scan using sbtest5_pkey on sbtest5  (cost=0.43..39.02 rows=10 width=4)
	        Index Cond: ((id >= 5069725) AND (id <= 5069734))

table 6 : explain SELECT SUM(k) FROM sbtest6 WHERE id BETWEEN 3929955 AND 3929964
	Aggregate  (cost=39.29..39.30 rows=1 width=8)
	  ->  Index Scan using sbtest6_pkey on sbtest6  (cost=0.43..39.26 rows=10 width=4)
	        Index Cond: ((id >= 3929955) AND (id <= 3929964))

table 7 : explain SELECT SUM(k) FROM sbtest7 WHERE id BETWEEN 4732486 AND 4732495
	Aggregate  (cost=35.92..35.93 rows=1 width=8)
	  ->  Index Scan using sbtest7_pkey on sbtest7  (cost=0.43..35.90 rows=9 width=4)
	        Index Cond: ((id >= 4732486) AND (id <= 4732495))

table 8 : explain SELECT SUM(k) FROM sbtest8 WHERE id BETWEEN 7836162 AND 7836171
	Aggregate  (cost=39.49..39.50 rows=1 width=8)
	  ->  Index Scan using sbtest8_pkey on sbtest8  (cost=0.43..39.47 rows=10 width=4)
	        Index Cond: ((id >= 7836162) AND (id <= 7836171))

explain: for deletes :: explain DELETE FROM sbtest%u WHERE id=%u
for non_index_updates
table 1 : explain UPDATE sbtest1 SET c='foobar' WHERE id=9447871
	Update on sbtest1  (cost=0.43..8.45 rows=0 width=0)
	  ->  Index Scan using sbtest1_pkey on sbtest1  (cost=0.43..8.45 rows=1 width=490)
	        Index Cond: (id = 9447871)

table 2 : explain UPDATE sbtest2 SET c='foobar' WHERE id=2928020
	Update on sbtest2  (cost=0.43..8.45 rows=0 width=0)
	  ->  Index Scan using sbtest2_pkey on sbtest2  (cost=0.43..8.45 rows=1 width=490)
	        Index Cond: (id = 2928020)

table 3 : explain UPDATE sbtest3 SET c='foobar' WHERE id=8481796
	Update on sbtest3  (cost=0.43..8.45 rows=0 width=0)
	  ->  Index Scan using sbtest3_pkey on sbtest3  (cost=0.43..8.45 rows=1 width=490)
	        Index Cond: (id = 8481796)

table 4 : explain UPDATE sbtest4 SET c='foobar' WHERE id=7786777
	Update on sbtest4  (cost=0.43..8.45 rows=0 width=0)
	  ->  Index Scan using sbtest4_pkey on sbtest4  (cost=0.43..8.45 rows=1 width=490)
	        Index Cond: (id = 7786777)

table 5 : explain UPDATE sbtest5 SET c='foobar' WHERE id=7765267
	Update on sbtest5  (cost=0.43..8.45 rows=0 width=0)
	  ->  Index Scan using sbtest5_pkey on sbtest5  (cost=0.43..8.45 rows=1 width=490)
	        Index Cond: (id = 7765267)

table 6 : explain UPDATE sbtest6 SET c='foobar' WHERE id=7530677
	Update on sbtest6  (cost=0.43..8.45 rows=0 width=0)
	  ->  Index Scan using sbtest6_pkey on sbtest6  (cost=0.43..8.45 rows=1 width=490)
	        Index Cond: (id = 7530677)

table 7 : explain UPDATE sbtest7 SET c='foobar' WHERE id=4748665
	Update on sbtest7  (cost=0.43..8.45 rows=0 width=0)
	  ->  Index Scan using sbtest7_pkey on sbtest7  (cost=0.43..8.45 rows=1 width=490)
	        Index Cond: (id = 4748665)

table 8 : explain UPDATE sbtest8 SET c='foobar' WHERE id=3747737
	Update on sbtest8  (cost=0.43..8.45 rows=0 width=0)
	  ->  Index Scan using sbtest8_pkey on sbtest8  (cost=0.43..8.45 rows=1 width=490)
	        Index Cond: (id = 3747737)

for non_index_updates
table 1 : explain UPDATE sbtest1 SET c='foobar' WHERE id=3656021
	Update on sbtest1  (cost=0.43..8.45 rows=0 width=0)
	  ->  Index Scan using sbtest1_pkey on sbtest1  (cost=0.43..8.45 rows=1 width=490)
	        Index Cond: (id = 3656021)

table 2 : explain UPDATE sbtest2 SET c='foobar' WHERE id=2617442
	Update on sbtest2  (cost=0.43..8.45 rows=0 width=0)
	  ->  Index Scan using sbtest2_pkey on sbtest2  (cost=0.43..8.45 rows=1 width=490)
	        Index Cond: (id = 2617442)

table 3 : explain UPDATE sbtest3 SET c='foobar' WHERE id=5821631
	Update on sbtest3  (cost=0.43..8.45 rows=0 width=0)
	  ->  Index Scan using sbtest3_pkey on sbtest3  (cost=0.43..8.45 rows=1 width=490)
	        Index Cond: (id = 5821631)

table 4 : explain UPDATE sbtest4 SET c='foobar' WHERE id=2296732
	Update on sbtest4  (cost=0.43..8.45 rows=0 width=0)
	  ->  Index Scan using sbtest4_pkey on sbtest4  (cost=0.43..8.45 rows=1 width=490)
	        Index Cond: (id = 2296732)

table 5 : explain UPDATE sbtest5 SET c='foobar' WHERE id=6759981
	Update on sbtest5  (cost=0.43..8.45 rows=0 width=0)
	  ->  Index Scan using sbtest5_pkey on sbtest5  (cost=0.43..8.45 rows=1 width=490)
	        Index Cond: (id = 6759981)

table 6 : explain UPDATE sbtest6 SET c='foobar' WHERE id=1256667
	Update on sbtest6  (cost=0.43..8.45 rows=0 width=0)
	  ->  Index Scan using sbtest6_pkey on sbtest6  (cost=0.43..8.45 rows=1 width=490)
	        Index Cond: (id = 1256667)

table 7 : explain UPDATE sbtest7 SET c='foobar' WHERE id=775557
	Update on sbtest7  (cost=0.43..8.45 rows=0 width=0)
	  ->  Index Scan using sbtest7_pkey on sbtest7  (cost=0.43..8.45 rows=1 width=490)
	        Index Cond: (id = 775557)

table 8 : explain UPDATE sbtest8 SET c='foobar' WHERE id=3175598
	Update on sbtest8  (cost=0.43..8.45 rows=0 width=0)
	  ->  Index Scan using sbtest8_pkey on sbtest8  (cost=0.43..8.45 rows=1 width=490)
	        Index Cond: (id = 3175598)

for non_index_updates
table 1 : explain UPDATE sbtest1 SET c='foobar' WHERE id=2033329
	Update on sbtest1  (cost=0.43..8.45 rows=0 width=0)
	  ->  Index Scan using sbtest1_pkey on sbtest1  (cost=0.43..8.45 rows=1 width=490)
	        Index Cond: (id = 2033329)

table 2 : explain UPDATE sbtest2 SET c='foobar' WHERE id=1982527
	Update on sbtest2  (cost=0.43..8.45 rows=0 width=0)
	  ->  Index Scan using sbtest2_pkey on sbtest2  (cost=0.43..8.45 rows=1 width=490)
	        Index Cond: (id = 1982527)

table 3 : explain UPDATE sbtest3 SET c='foobar' WHERE id=4875297
	Update on sbtest3  (cost=0.43..8.45 rows=0 width=0)
	  ->  Index Scan using sbtest3_pkey on sbtest3  (cost=0.43..8.45 rows=1 width=490)
	        Index Cond: (id = 4875297)

table 4 : explain UPDATE sbtest4 SET c='foobar' WHERE id=5454842
	Update on sbtest4  (cost=0.43..8.45 rows=0 width=0)
	  ->  Index Scan using sbtest4_pkey on sbtest4  (cost=0.43..8.45 rows=1 width=490)
	        Index Cond: (id = 5454842)

table 5 : explain UPDATE sbtest5 SET c='foobar' WHERE id=9939201
	Update on sbtest5  (cost=0.43..8.45 rows=0 width=0)
	  ->  Index Scan using sbtest5_pkey on sbtest5  (cost=0.43..8.45 rows=1 width=490)
	        Index Cond: (id = 9939201)

table 6 : explain UPDATE sbtest6 SET c='foobar' WHERE id=5053833
	Update on sbtest6  (cost=0.43..8.45 rows=0 width=0)
	  ->  Index Scan using sbtest6_pkey on sbtest6  (cost=0.43..8.45 rows=1 width=490)
	        Index Cond: (id = 5053833)

table 7 : explain UPDATE sbtest7 SET c='foobar' WHERE id=2693645
	Update on sbtest7  (cost=0.43..8.45 rows=0 width=0)
	  ->  Index Scan using sbtest7_pkey on sbtest7  (cost=0.43..8.45 rows=1 width=490)
	        Index Cond: (id = 2693645)

table 8 : explain UPDATE sbtest8 SET c='foobar' WHERE id=6058441
	Update on sbtest8  (cost=0.43..8.45 rows=0 width=0)
	  ->  Index Scan using sbtest8_pkey on sbtest8  (cost=0.43..8.45 rows=1 width=490)
	        Index Cond: (id = 6058441)

explain: for inserts :: explain INSERT INTO sbtest%u (id, k, c, pad) VALUES (%u, 13, 'foobar', 'foobar')
explain: for deletes :: explain DELETE FROM sbtest%u WHERE id=%u
explain: for deletes :: explain DELETE FROM sbtest%u WHERE id=%u
explain: for deletes :: explain DELETE FROM sbtest%u WHERE id=%u
for deletes
table 1 : explain DELETE FROM sbtest1 WHERE id=5628008
	Delete on sbtest1  (cost=0.43..8.45 rows=0 width=0)
	  ->  Index Scan using sbtest1_pkey on sbtest1  (cost=0.43..8.45 rows=1 width=6)
	        Index Cond: (id = 5628008)

table 2 : explain DELETE FROM sbtest2 WHERE id=3177600
	Delete on sbtest2  (cost=0.43..8.45 rows=0 width=0)
	  ->  Index Scan using sbtest2_pkey on sbtest2  (cost=0.43..8.45 rows=1 width=6)
	        Index Cond: (id = 3177600)

table 3 : explain DELETE FROM sbtest3 WHERE id=2881977
	Delete on sbtest3  (cost=0.43..8.45 rows=0 width=0)
	  ->  Index Scan using sbtest3_pkey on sbtest3  (cost=0.43..8.45 rows=1 width=6)
	        Index Cond: (id = 2881977)

table 4 : explain DELETE FROM sbtest4 WHERE id=6714440
	Delete on sbtest4  (cost=0.43..8.45 rows=0 width=0)
	  ->  Index Scan using sbtest4_pkey on sbtest4  (cost=0.43..8.45 rows=1 width=6)
	        Index Cond: (id = 6714440)

table 5 : explain DELETE FROM sbtest5 WHERE id=5109655
	Delete on sbtest5  (cost=0.43..8.45 rows=0 width=0)
	  ->  Index Scan using sbtest5_pkey on sbtest5  (cost=0.43..8.45 rows=1 width=6)
	        Index Cond: (id = 5109655)

table 6 : explain DELETE FROM sbtest6 WHERE id=4593059
	Delete on sbtest6  (cost=0.43..8.45 rows=0 width=0)
	  ->  Index Scan using sbtest6_pkey on sbtest6  (cost=0.43..8.45 rows=1 width=6)
	        Index Cond: (id = 4593059)

table 7 : explain DELETE FROM sbtest7 WHERE id=7641090
	Delete on sbtest7  (cost=0.43..8.45 rows=0 width=0)
	  ->  Index Scan using sbtest7_pkey on sbtest7  (cost=0.43..8.45 rows=1 width=6)
	        Index Cond: (id = 7641090)

table 8 : explain DELETE FROM sbtest8 WHERE id=9396488
	Delete on sbtest8  (cost=0.43..8.45 rows=0 width=0)
	  ->  Index Scan using sbtest8_pkey on sbtest8  (cost=0.43..8.45 rows=1 width=6)
	        Index Cond: (id = 9396488)

for inserts
table 1 : explain INSERT INTO sbtest1 (id, k, c, pad) VALUES (708600, 13, 'foobar', 'foobar')
	Insert on sbtest1  (cost=0.00..0.01 rows=0 width=0)
	  ->  Result  (cost=0.00..0.01 rows=1 width=736)

table 2 : explain INSERT INTO sbtest2 (id, k, c, pad) VALUES (5433669, 13, 'foobar', 'foobar')
	Insert on sbtest2  (cost=0.00..0.01 rows=0 width=0)
	  ->  Result  (cost=0.00..0.01 rows=1 width=736)

table 3 : explain INSERT INTO sbtest3 (id, k, c, pad) VALUES (3206556, 13, 'foobar', 'foobar')
	Insert on sbtest3  (cost=0.00..0.01 rows=0 width=0)
	  ->  Result  (cost=0.00..0.01 rows=1 width=736)

table 4 : explain INSERT INTO sbtest4 (id, k, c, pad) VALUES (1231127, 13, 'foobar', 'foobar')
	Insert on sbtest4  (cost=0.00..0.01 rows=0 width=0)
	  ->  Result  (cost=0.00..0.01 rows=1 width=736)

table 5 : explain INSERT INTO sbtest5 (id, k, c, pad) VALUES (7256320, 13, 'foobar', 'foobar')
	Insert on sbtest5  (cost=0.00..0.01 rows=0 width=0)
	  ->  Result  (cost=0.00..0.01 rows=1 width=736)

table 6 : explain INSERT INTO sbtest6 (id, k, c, pad) VALUES (6915032, 13, 'foobar', 'foobar')
	Insert on sbtest6  (cost=0.00..0.01 rows=0 width=0)
	  ->  Result  (cost=0.00..0.01 rows=1 width=736)

table 7 : explain INSERT INTO sbtest7 (id, k, c, pad) VALUES (6747465, 13, 'foobar', 'foobar')
	Insert on sbtest7  (cost=0.00..0.01 rows=0 width=0)
	  ->  Result  (cost=0.00..0.01 rows=1 width=736)

table 8 : explain INSERT INTO sbtest8 (id, k, c, pad) VALUES (5198882, 13, 'foobar', 'foobar')
	Insert on sbtest8  (cost=0.00..0.01 rows=0 width=0)
	  ->  Result  (cost=0.00..0.01 rows=1 width=736)

for deletes
table 1 : explain DELETE FROM sbtest1 WHERE id=4342756
	Delete on sbtest1  (cost=0.43..8.45 rows=0 width=0)
	  ->  Index Scan using sbtest1_pkey on sbtest1  (cost=0.43..8.45 rows=1 width=6)
	        Index Cond: (id = 4342756)

table 2 : explain DELETE FROM sbtest2 WHERE id=5957559
	Delete on sbtest2  (cost=0.43..8.45 rows=0 width=0)
	  ->  Index Scan using sbtest2_pkey on sbtest2  (cost=0.43..8.45 rows=1 width=6)
	        Index Cond: (id = 5957559)

table 3 : explain DELETE FROM sbtest3 WHERE id=6588941
	Delete on sbtest3  (cost=0.43..8.45 rows=0 width=0)
	  ->  Index Scan using sbtest3_pkey on sbtest3  (cost=0.43..8.45 rows=1 width=6)
	        Index Cond: (id = 6588941)

table 4 : explain DELETE FROM sbtest4 WHERE id=5155656
	Delete on sbtest4  (cost=0.43..8.45 rows=0 width=0)
	  ->  Index Scan using sbtest4_pkey on sbtest4  (cost=0.43..8.45 rows=1 width=6)
	        Index Cond: (id = 5155656)

table 5 : explain DELETE FROM sbtest5 WHERE id=950258
	Delete on sbtest5  (cost=0.43..8.45 rows=0 width=0)
	  ->  Index Scan using sbtest5_pkey on sbtest5  (cost=0.43..8.45 rows=1 width=6)
	        Index Cond: (id = 950258)

table 6 : explain DELETE FROM sbtest6 WHERE id=2855444
	Delete on sbtest6  (cost=0.43..8.45 rows=0 width=0)
	  ->  Index Scan using sbtest6_pkey on sbtest6  (cost=0.43..8.45 rows=1 width=6)
	        Index Cond: (id = 2855444)

table 7 : explain DELETE FROM sbtest7 WHERE id=6533715
	Delete on sbtest7  (cost=0.43..8.45 rows=0 width=0)
	  ->  Index Scan using sbtest7_pkey on sbtest7  (cost=0.43..8.45 rows=1 width=6)
	        Index Cond: (id = 6533715)

table 8 : explain DELETE FROM sbtest8 WHERE id=902154
	Delete on sbtest8  (cost=0.43..8.45 rows=0 width=0)
	  ->  Index Scan using sbtest8_pkey on sbtest8  (cost=0.43..8.45 rows=1 width=6)
	        Index Cond: (id = 902154)

for deletes
table 1 : explain DELETE FROM sbtest1 WHERE id=9339128
	Delete on sbtest1  (cost=0.43..8.45 rows=0 width=0)
	  ->  Index Scan using sbtest1_pkey on sbtest1  (cost=0.43..8.45 rows=1 width=6)
	        Index Cond: (id = 9339128)

table 2 : explain DELETE FROM sbtest2 WHERE id=2682908
	Delete on sbtest2  (cost=0.43..8.45 rows=0 width=0)
	  ->  Index Scan using sbtest2_pkey on sbtest2  (cost=0.43..8.45 rows=1 width=6)
	        Index Cond: (id = 2682908)

table 3 : explain DELETE FROM sbtest3 WHERE id=2557674
	Delete on sbtest3  (cost=0.43..8.45 rows=0 width=0)
	  ->  Index Scan using sbtest3_pkey on sbtest3  (cost=0.43..8.45 rows=1 width=6)
	        Index Cond: (id = 2557674)

table 4 : explain DELETE FROM sbtest4 WHERE id=8060030
	Delete on sbtest4  (cost=0.43..8.45 rows=0 width=0)
	  ->  Index Scan using sbtest4_pkey on sbtest4  (cost=0.43..8.45 rows=1 width=6)
	        Index Cond: (id = 8060030)

table 5 : explain DELETE FROM sbtest5 WHERE id=313616
	Delete on sbtest5  (cost=0.43..8.45 rows=0 width=0)
	  ->  Index Scan using sbtest5_pkey on sbtest5  (cost=0.43..8.45 rows=1 width=6)
	        Index Cond: (id = 313616)

table 6 : explain DELETE FROM sbtest6 WHERE id=1683133
	Delete on sbtest6  (cost=0.43..8.45 rows=0 width=0)
	  ->  Index Scan using sbtest6_pkey on sbtest6  (cost=0.43..8.45 rows=1 width=6)
	        Index Cond: (id = 1683133)

table 7 : explain DELETE FROM sbtest7 WHERE id=1495890
	Delete on sbtest7  (cost=0.43..8.45 rows=0 width=0)
	  ->  Index Scan using sbtest7_pkey on sbtest7  (cost=0.43..8.45 rows=1 width=6)
	        Index Cond: (id = 1495890)

table 8 : explain DELETE FROM sbtest8 WHERE id=4762708
	Delete on sbtest8  (cost=0.43..8.45 rows=0 width=0)
	  ->  Index Scan using sbtest8_pkey on sbtest8  (cost=0.43..8.45 rows=1 width=6)
	        Index Cond: (id = 4762708)

for: order_ranges
table 1 : explain SELECT c FROM sbtest1 WHERE id BETWEEN 7361904 AND 7361913 ORDER BY c
	Sort  (cost=39.81..39.83 rows=10 width=121)
	  Sort Key: c
	  ->  Index Scan using sbtest1_pkey on sbtest1  (cost=0.43..39.64 rows=10 width=121)
	        Index Cond: ((id >= 7361904) AND (id <= 7361913))

table 2 : explain SELECT c FROM sbtest2 WHERE id BETWEEN 4183409 AND 4183418 ORDER BY c
	Sort  (cost=36.37..36.39 rows=9 width=121)
	  Sort Key: c
	  ->  Index Scan using sbtest2_pkey on sbtest2  (cost=0.43..36.23 rows=9 width=121)
	        Index Cond: ((id >= 4183409) AND (id <= 4183418))

table 3 : explain SELECT c FROM sbtest3 WHERE id BETWEEN 6456078 AND 6456087 ORDER BY c
	Sort  (cost=43.36..43.39 rows=11 width=121)
	  Sort Key: c
	  ->  Index Scan using sbtest3_pkey on sbtest3  (cost=0.43..43.17 rows=11 width=121)
	        Index Cond: ((id >= 6456078) AND (id <= 6456087))

table 4 : explain SELECT c FROM sbtest4 WHERE id BETWEEN 5462469 AND 5462478 ORDER BY c
	Sort  (cost=39.48..39.50 rows=10 width=121)
	  Sort Key: c
	  ->  Index Scan using sbtest4_pkey on sbtest4  (cost=0.43..39.31 rows=10 width=121)
	        Index Cond: ((id >= 5462469) AND (id <= 5462478))

table 5 : explain SELECT c FROM sbtest5 WHERE id BETWEEN 948233 AND 948242 ORDER BY c
	Sort  (cost=39.19..39.22 rows=10 width=121)
	  Sort Key: c
	  ->  Index Scan using sbtest5_pkey on sbtest5  (cost=0.43..39.02 rows=10 width=121)
	        Index Cond: ((id >= 948233) AND (id <= 948242))

table 6 : explain SELECT c FROM sbtest6 WHERE id BETWEEN 8990664 AND 8990673 ORDER BY c
	Sort  (cost=39.43..39.46 rows=10 width=121)
	  Sort Key: c
	  ->  Index Scan using sbtest6_pkey on sbtest6  (cost=0.43..39.26 rows=10 width=121)
	        Index Cond: ((id >= 8990664) AND (id <= 8990673))

table 7 : explain SELECT c FROM sbtest7 WHERE id BETWEEN 4866940 AND 4866949 ORDER BY c
	Sort  (cost=39.49..39.52 rows=10 width=121)
	  Sort Key: c
	  ->  Index Scan using sbtest7_pkey on sbtest7  (cost=0.43..39.33 rows=10 width=121)
	        Index Cond: ((id >= 4866940) AND (id <= 4866949))

table 8 : explain SELECT c FROM sbtest8 WHERE id BETWEEN 6096005 AND 6096014 ORDER BY c
	Sort  (cost=39.63..39.66 rows=10 width=121)
	  Sort Key: c
	  ->  Index Scan using sbtest8_pkey on sbtest8  (cost=0.43..39.47 rows=10 width=121)
	        Index Cond: ((id >= 6096005) AND (id <= 6096014))

for index_updates
table 1 : explain UPDATE sbtest1 SET k=k+1 WHERE id=6267017
	Update on sbtest1  (cost=0.43..8.46 rows=0 width=0)
	  ->  Index Scan using sbtest1_pkey on sbtest1  (cost=0.43..8.46 rows=1 width=10)
	        Index Cond: (id = 6267017)

table 2 : explain UPDATE sbtest2 SET k=k+1 WHERE id=7667346
	Update on sbtest2  (cost=0.43..8.46 rows=0 width=0)
	  ->  Index Scan using sbtest2_pkey on sbtest2  (cost=0.43..8.46 rows=1 width=10)
	        Index Cond: (id = 7667346)

table 3 : explain UPDATE sbtest3 SET k=k+1 WHERE id=9806334
	Update on sbtest3  (cost=0.43..8.46 rows=0 width=0)
	  ->  Index Scan using sbtest3_pkey on sbtest3  (cost=0.43..8.46 rows=1 width=10)
	        Index Cond: (id = 9806334)

table 4 : explain UPDATE sbtest4 SET k=k+1 WHERE id=9521418
	Update on sbtest4  (cost=0.43..8.46 rows=0 width=0)
	  ->  Index Scan using sbtest4_pkey on sbtest4  (cost=0.43..8.46 rows=1 width=10)
	        Index Cond: (id = 9521418)

table 5 : explain UPDATE sbtest5 SET k=k+1 WHERE id=3871644
	Update on sbtest5  (cost=0.43..8.46 rows=0 width=0)
	  ->  Index Scan using sbtest5_pkey on sbtest5  (cost=0.43..8.46 rows=1 width=10)
	        Index Cond: (id = 3871644)

table 6 : explain UPDATE sbtest6 SET k=k+1 WHERE id=559000
	Update on sbtest6  (cost=0.43..8.46 rows=0 width=0)
	  ->  Index Scan using sbtest6_pkey on sbtest6  (cost=0.43..8.46 rows=1 width=10)
	        Index Cond: (id = 559000)

table 7 : explain UPDATE sbtest7 SET k=k+1 WHERE id=3964050
	Update on sbtest7  (cost=0.43..8.46 rows=0 width=0)
	  ->  Index Scan using sbtest7_pkey on sbtest7  (cost=0.43..8.46 rows=1 width=10)
	        Index Cond: (id = 3964050)

table 8 : explain UPDATE sbtest8 SET k=k+1 WHERE id=6016256
	Update on sbtest8  (cost=0.43..8.46 rows=0 width=0)
	  ->  Index Scan using sbtest8_pkey on sbtest8  (cost=0.43..8.46 rows=1 width=10)
	        Index Cond: (id = 6016256)

for deletes
table 1 : explain DELETE FROM sbtest1 WHERE id=2168990
	Delete on sbtest1  (cost=0.43..8.45 rows=0 width=0)
	  ->  Index Scan using sbtest1_pkey on sbtest1  (cost=0.43..8.45 rows=1 width=6)
	        Index Cond: (id = 2168990)

table 2 : explain DELETE FROM sbtest2 WHERE id=9134835
	Delete on sbtest2  (cost=0.43..8.45 rows=0 width=0)
	  ->  Index Scan using sbtest2_pkey on sbtest2  (cost=0.43..8.45 rows=1 width=6)
	        Index Cond: (id = 9134835)

table 3 : explain DELETE FROM sbtest3 WHERE id=29932
	Delete on sbtest3  (cost=0.43..8.45 rows=0 width=0)
	  ->  Index Scan using sbtest3_pkey on sbtest3  (cost=0.43..8.45 rows=1 width=6)
	        Index Cond: (id = 29932)

table 4 : explain DELETE FROM sbtest4 WHERE id=207063
	Delete on sbtest4  (cost=0.43..8.45 rows=0 width=0)
	  ->  Index Scan using sbtest4_pkey on sbtest4  (cost=0.43..8.45 rows=1 width=6)
	        Index Cond: (id = 207063)

table 5 : explain DELETE FROM sbtest5 WHERE id=9472668
	Delete on sbtest5  (cost=0.43..8.45 rows=0 width=0)
	  ->  Index Scan using sbtest5_pkey on sbtest5  (cost=0.43..8.45 rows=1 width=6)
	        Index Cond: (id = 9472668)

table 6 : explain DELETE FROM sbtest6 WHERE id=2756490
	Delete on sbtest6  (cost=0.43..8.45 rows=0 width=0)
	  ->  Index Scan using sbtest6_pkey on sbtest6  (cost=0.43..8.45 rows=1 width=6)
	        Index Cond: (id = 2756490)

table 7 : explain DELETE FROM sbtest7 WHERE id=9275801
	Delete on sbtest7  (cost=0.43..8.45 rows=0 width=0)
	  ->  Index Scan using sbtest7_pkey on sbtest7  (cost=0.43..8.45 rows=1 width=6)
	        Index Cond: (id = 9275801)

table 8 : explain DELETE FROM sbtest8 WHERE id=4560269
	Delete on sbtest8  (cost=0.43..8.45 rows=0 width=0)
	  ->  Index Scan using sbtest8_pkey on sbtest8  (cost=0.43..8.45 rows=1 width=6)
	        Index Cond: (id = 4560269)

explain: for inserts :: explain INSERT INTO sbtest%u (id, k, c, pad) VALUES (%u, 13, 'foobar', 'foobar')
for: order_ranges
table 1 : explain SELECT c FROM sbtest1 WHERE id BETWEEN 3384471 AND 3384480 ORDER BY c
	Sort  (cost=39.81..39.83 rows=10 width=121)
	  Sort Key: c
	  ->  Index Scan using sbtest1_pkey on sbtest1  (cost=0.43..39.64 rows=10 width=121)
	        Index Cond: ((id >= 3384471) AND (id <= 3384480))

table 2 : explain SELECT c FROM sbtest2 WHERE id BETWEEN 7176095 AND 7176104 ORDER BY c
	Sort  (cost=43.36..43.39 rows=11 width=121)
	  Sort Key: c
	  ->  Index Scan using sbtest2_pkey on sbtest2  (cost=0.43..43.17 rows=11 width=121)
	        Index Cond: ((id >= 7176095) AND (id <= 7176104))

table 3 : explain SELECT c FROM sbtest3 WHERE id BETWEEN 2671320 AND 2671329 ORDER BY c
	Sort  (cost=39.86..39.89 rows=10 width=121)
	  Sort Key: c
	  ->  Index Scan using sbtest3_pkey on sbtest3  (cost=0.43..39.70 rows=10 width=121)
	        Index Cond: ((id >= 2671320) AND (id <= 2671329))

table 4 : explain SELECT c FROM sbtest4 WHERE id BETWEEN 7605811 AND 7605820 ORDER BY c
	Sort  (cost=39.48..39.50 rows=10 width=121)
	  Sort Key: c
	  ->  Index Scan using sbtest4_pkey on sbtest4  (cost=0.43..39.31 rows=10 width=121)
	        Index Cond: ((id >= 7605811) AND (id <= 7605820))

table 5 : explain SELECT c FROM sbtest5 WHERE id BETWEEN 3223433 AND 3223442 ORDER BY c
	Sort  (cost=39.19..39.22 rows=10 width=121)
	  Sort Key: c
	  ->  Index Scan using sbtest5_pkey on sbtest5  (cost=0.43..39.02 rows=10 width=121)
	        Index Cond: ((id >= 3223433) AND (id <= 3223442))

table 6 : explain SELECT c FROM sbtest6 WHERE id BETWEEN 5731713 AND 5731722 ORDER BY c
	Sort  (cost=39.43..39.46 rows=10 width=121)
	  Sort Key: c
	  ->  Index Scan using sbtest6_pkey on sbtest6  (cost=0.43..39.26 rows=10 width=121)
	        Index Cond: ((id >= 5731713) AND (id <= 5731722))

table 7 : explain SELECT c FROM sbtest7 WHERE id BETWEEN 8003648 AND 8003657 ORDER BY c
	Sort  (cost=39.49..39.52 rows=10 width=121)
	  Sort Key: c
	  ->  Index Scan using sbtest7_pkey on sbtest7  (cost=0.43..39.33 rows=10 width=121)
	        Index Cond: ((id >= 8003648) AND (id <= 8003657))

table 8 : explain SELECT c FROM sbtest8 WHERE id BETWEEN 6194980 AND 6194989 ORDER BY c
	Sort  (cost=39.63..39.66 rows=10 width=121)
	  Sort Key: c
	  ->  Index Scan using sbtest8_pkey on sbtest8  (cost=0.43..39.47 rows=10 width=121)
	        Index Cond: ((id >= 6194980) AND (id <= 6194989))

explain: for inserts :: explain INSERT INTO sbtest%u (id, k, c, pad) VALUES (%u, 13, 'foobar', 'foobar')
explain: for non_index_updates :: explain UPDATE sbtest%u SET c='foobar' WHERE id=%u
for inserts
table 1 : explain INSERT INTO sbtest1 (id, k, c, pad) VALUES (3167936, 13, 'foobar', 'foobar')
	Insert on sbtest1  (cost=0.00..0.01 rows=0 width=0)
	  ->  Result  (cost=0.00..0.01 rows=1 width=736)

table 2 : explain INSERT INTO sbtest2 (id, k, c, pad) VALUES (4775945, 13, 'foobar', 'foobar')
	Insert on sbtest2  (cost=0.00..0.01 rows=0 width=0)
	  ->  Result  (cost=0.00..0.01 rows=1 width=736)

table 3 : explain INSERT INTO sbtest3 (id, k, c, pad) VALUES (585476, 13, 'foobar', 'foobar')
	Insert on sbtest3  (cost=0.00..0.01 rows=0 width=0)
	  ->  Result  (cost=0.00..0.01 rows=1 width=736)

table 4 : explain INSERT INTO sbtest4 (id, k, c, pad) VALUES (2430200, 13, 'foobar', 'foobar')
	Insert on sbtest4  (cost=0.00..0.01 rows=0 width=0)
	  ->  Result  (cost=0.00..0.01 rows=1 width=736)

table 5 : explain INSERT INTO sbtest5 (id, k, c, pad) VALUES (1084662, 13, 'foobar', 'foobar')
	Insert on sbtest5  (cost=0.00..0.01 rows=0 width=0)
	  ->  Result  (cost=0.00..0.01 rows=1 width=736)

table 6 : explain INSERT INTO sbtest6 (id, k, c, pad) VALUES (5566598, 13, 'foobar', 'foobar')
	Insert on sbtest6  (cost=0.00..0.01 rows=0 width=0)
	  ->  Result  (cost=0.00..0.01 rows=1 width=736)

table 7 : explain INSERT INTO sbtest7 (id, k, c, pad) VALUES (3293124, 13, 'foobar', 'foobar')
	Insert on sbtest7  (cost=0.00..0.01 rows=0 width=0)
	  ->  Result  (cost=0.00..0.01 rows=1 width=736)

table 8 : explain INSERT INTO sbtest8 (id, k, c, pad) VALUES (3751902, 13, 'foobar', 'foobar')
	Insert on sbtest8  (cost=0.00..0.01 rows=0 width=0)
	  ->  Result  (cost=0.00..0.01 rows=1 width=736)

explain: for inserts :: explain INSERT INTO sbtest%u (id, k, c, pad) VALUES (%u, 13, 'foobar', 'foobar')
for inserts
table 1 : explain INSERT INTO sbtest1 (id, k, c, pad) VALUES (2601200, 13, 'foobar', 'foobar')
	Insert on sbtest1  (cost=0.00..0.01 rows=0 width=0)
	  ->  Result  (cost=0.00..0.01 rows=1 width=736)

table 2 : explain INSERT INTO sbtest2 (id, k, c, pad) VALUES (3864663, 13, 'foobar', 'foobar')
	Insert on sbtest2  (cost=0.00..0.01 rows=0 width=0)
	  ->  Result  (cost=0.00..0.01 rows=1 width=736)

table 3 : explain INSERT INTO sbtest3 (id, k, c, pad) VALUES (6058834, 13, 'foobar', 'foobar')
	Insert on sbtest3  (cost=0.00..0.01 rows=0 width=0)
	  ->  Result  (cost=0.00..0.01 rows=1 width=736)

table 4 : explain INSERT INTO sbtest4 (id, k, c, pad) VALUES (9477512, 13, 'foobar', 'foobar')
	Insert on sbtest4  (cost=0.00..0.01 rows=0 width=0)
	  ->  Result  (cost=0.00..0.01 rows=1 width=736)

table 5 : explain INSERT INTO sbtest5 (id, k, c, pad) VALUES (8018699, 13, 'foobar', 'foobar')
	Insert on sbtest5  (cost=0.00..0.01 rows=0 width=0)
	  ->  Result  (cost=0.00..0.01 rows=1 width=736)

table 6 : explain INSERT INTO sbtest6 (id, k, c, pad) VALUES (5155917, 13, 'foobar', 'foobar')
	Insert on sbtest6  (cost=0.00..0.01 rows=0 width=0)
	  ->  Result  (cost=0.00..0.01 rows=1 width=736)

table 7 : explain INSERT INTO sbtest7 (id, k, c, pad) VALUES (1391954, 13, 'foobar', 'foobar')
	Insert on sbtest7  (cost=0.00..0.01 rows=0 width=0)
	  ->  Result  (cost=0.00..0.01 rows=1 width=736)

table 8 : explain INSERT INTO sbtest8 (id, k, c, pad) VALUES (4035667, 13, 'foobar', 'foobar')
	Insert on sbtest8  (cost=0.00..0.01 rows=0 width=0)
	  ->  Result  (cost=0.00..0.01 rows=1 width=736)

for non_index_updates
table 1 : explain UPDATE sbtest1 SET c='foobar' WHERE id=3809454
	Update on sbtest1  (cost=0.43..8.45 rows=0 width=0)
	  ->  Index Scan using sbtest1_pkey on sbtest1  (cost=0.43..8.45 rows=1 width=490)
	        Index Cond: (id = 3809454)

table 2 : explain UPDATE sbtest2 SET c='foobar' WHERE id=5574288
	Update on sbtest2  (cost=0.43..8.45 rows=0 width=0)
	  ->  Index Scan using sbtest2_pkey on sbtest2  (cost=0.43..8.45 rows=1 width=490)
	        Index Cond: (id = 5574288)

table 3 : explain UPDATE sbtest3 SET c='foobar' WHERE id=5329984
	Update on sbtest3  (cost=0.43..8.45 rows=0 width=0)
	  ->  Index Scan using sbtest3_pkey on sbtest3  (cost=0.43..8.45 rows=1 width=490)
	        Index Cond: (id = 5329984)

table 4 : explain UPDATE sbtest4 SET c='foobar' WHERE id=7746680
	Update on sbtest4  (cost=0.43..8.45 rows=0 width=0)
	  ->  Index Scan using sbtest4_pkey on sbtest4  (cost=0.43..8.45 rows=1 width=490)
	        Index Cond: (id = 7746680)

table 5 : explain UPDATE sbtest5 SET c='foobar' WHERE id=7194275
	Update on sbtest5  (cost=0.43..8.45 rows=0 width=0)
	  ->  Index Scan using sbtest5_pkey on sbtest5  (cost=0.43..8.45 rows=1 width=490)
	        Index Cond: (id = 7194275)

table 6 : explain UPDATE sbtest6 SET c='foobar' WHERE id=2305900
	Update on sbtest6  (cost=0.43..8.45 rows=0 width=0)
	  ->  Index Scan using sbtest6_pkey on sbtest6  (cost=0.43..8.45 rows=1 width=490)
	        Index Cond: (id = 2305900)

table 7 : explain UPDATE sbtest7 SET c='foobar' WHERE id=9267544
	Update on sbtest7  (cost=0.43..8.45 rows=0 width=0)
	  ->  Index Scan using sbtest7_pkey on sbtest7  (cost=0.43..8.45 rows=1 width=490)
	        Index Cond: (id = 9267544)

table 8 : explain UPDATE sbtest8 SET c='foobar' WHERE id=902896
	Update on sbtest8  (cost=0.43..8.45 rows=0 width=0)
	  ->  Index Scan using sbtest8_pkey on sbtest8  (cost=0.43..8.45 rows=1 width=490)
	        Index Cond: (id = 902896)

for inserts
table 1 : explain INSERT INTO sbtest1 (id, k, c, pad) VALUES (9374297, 13, 'foobar', 'foobar')
	Insert on sbtest1  (cost=0.00..0.01 rows=0 width=0)
	  ->  Result  (cost=0.00..0.01 rows=1 width=736)

table 2 : explain INSERT INTO sbtest2 (id, k, c, pad) VALUES (5845824, 13, 'foobar', 'foobar')
	Insert on sbtest2  (cost=0.00..0.01 rows=0 width=0)
	  ->  Result  (cost=0.00..0.01 rows=1 width=736)

table 3 : explain INSERT INTO sbtest3 (id, k, c, pad) VALUES (5419913, 13, 'foobar', 'foobar')
	Insert on sbtest3  (cost=0.00..0.01 rows=0 width=0)
	  ->  Result  (cost=0.00..0.01 rows=1 width=736)

table 4 : explain INSERT INTO sbtest4 (id, k, c, pad) VALUES (4560215, 13, 'foobar', 'foobar')
	Insert on sbtest4  (cost=0.00..0.01 rows=0 width=0)
	  ->  Result  (cost=0.00..0.01 rows=1 width=736)

table 5 : explain INSERT INTO sbtest5 (id, k, c, pad) VALUES (5001580, 13, 'foobar', 'foobar')
	Insert on sbtest5  (cost=0.00..0.01 rows=0 width=0)
	  ->  Result  (cost=0.00..0.01 rows=1 width=736)

table 6 : explain INSERT INTO sbtest6 (id, k, c, pad) VALUES (9340820, 13, 'foobar', 'foobar')
	Insert on sbtest6  (cost=0.00..0.01 rows=0 width=0)
	  ->  Result  (cost=0.00..0.01 rows=1 width=736)

table 7 : explain INSERT INTO sbtest7 (id, k, c, pad) VALUES (1812508, 13, 'foobar', 'foobar')
	Insert on sbtest7  (cost=0.00..0.01 rows=0 width=0)
	  ->  Result  (cost=0.00..0.01 rows=1 width=736)

table 8 : explain INSERT INTO sbtest8 (id, k, c, pad) VALUES (8872710, 13, 'foobar', 'foobar')
	Insert on sbtest8  (cost=0.00..0.01 rows=0 width=0)
	  ->  Result  (cost=0.00..0.01 rows=1 width=736)

for: distinct_ranges
table 1 : explain SELECT DISTINCT c FROM sbtest1 WHERE id BETWEEN 3379122 AND 3379131 ORDER BY c
	Unique  (cost=39.81..39.86 rows=10 width=121)
	  ->  Sort  (cost=39.81..39.83 rows=10 width=121)
	        Sort Key: c
	        ->  Index Scan using sbtest1_pkey on sbtest1  (cost=0.43..39.64 rows=10 width=121)
	              Index Cond: ((id >= 3379122) AND (id <= 3379131))

table 2 : explain SELECT DISTINCT c FROM sbtest2 WHERE id BETWEEN 9710276 AND 9710285 ORDER BY c
	Unique  (cost=39.86..39.91 rows=10 width=121)
	  ->  Sort  (cost=39.86..39.89 rows=10 width=121)
	        Sort Key: c
	        ->  Index Scan using sbtest2_pkey on sbtest2  (cost=0.43..39.70 rows=10 width=121)
	              Index Cond: ((id >= 9710276) AND (id <= 9710285))

table 3 : explain SELECT DISTINCT c FROM sbtest3 WHERE id BETWEEN 8639809 AND 8639818 ORDER BY c
	Unique  (cost=39.86..39.91 rows=10 width=121)
	  ->  Sort  (cost=39.86..39.89 rows=10 width=121)
	        Sort Key: c
	        ->  Index Scan using sbtest3_pkey on sbtest3  (cost=0.43..39.70 rows=10 width=121)
	              Index Cond: ((id >= 8639809) AND (id <= 8639818))

table 4 : explain SELECT DISTINCT c FROM sbtest4 WHERE id BETWEEN 3147340 AND 3147349 ORDER BY c
	Unique  (cost=39.48..39.53 rows=10 width=121)
	  ->  Sort  (cost=39.48..39.50 rows=10 width=121)
	        Sort Key: c
	        ->  Index Scan using sbtest4_pkey on sbtest4  (cost=0.43..39.31 rows=10 width=121)
	              Index Cond: ((id >= 3147340) AND (id <= 3147349))

table 5 : explain SELECT DISTINCT c FROM sbtest5 WHERE id BETWEEN 4501864 AND 4501873 ORDER BY c
	Unique  (cost=35.77..35.82 rows=9 width=121)
	  ->  Sort  (cost=35.77..35.79 rows=9 width=121)
	        Sort Key: c
	        ->  Index Scan using sbtest5_pkey on sbtest5  (cost=0.43..35.63 rows=9 width=121)
	              Index Cond: ((id >= 4501864) AND (id <= 4501873))

table 6 : explain SELECT DISTINCT c FROM sbtest6 WHERE id BETWEEN 2137717 AND 2137726 ORDER BY c
	Unique  (cost=39.43..39.48 rows=10 width=121)
	  ->  Sort  (cost=39.43..39.46 rows=10 width=121)
	        Sort Key: c
	        ->  Index Scan using sbtest6_pkey on sbtest6  (cost=0.43..39.26 rows=10 width=121)
	              Index Cond: ((id >= 2137717) AND (id <= 2137726))

table 7 : explain SELECT DISTINCT c FROM sbtest7 WHERE id BETWEEN 113695 AND 113704 ORDER BY c
	Unique  (cost=39.49..39.54 rows=10 width=121)
	  ->  Sort  (cost=39.49..39.52 rows=10 width=121)
	        Sort Key: c
	        ->  Index Scan using sbtest7_pkey on sbtest7  (cost=0.43..39.33 rows=10 width=121)
	              Index Cond: ((id >= 113695) AND (id <= 113704))

table 8 : explain SELECT DISTINCT c FROM sbtest8 WHERE id BETWEEN 715710 AND 715719 ORDER BY c
	Unique  (cost=39.63..39.68 rows=10 width=121)
	  ->  Sort  (cost=39.63..39.66 rows=10 width=121)
	        Sort Key: c
	        ->  Index Scan using sbtest8_pkey on sbtest8  (cost=0.43..39.47 rows=10 width=121)
	              Index Cond: ((id >= 715710) AND (id <= 715719))

explain: for deletes :: explain DELETE FROM sbtest%u WHERE id=%u
for: distinct_ranges
table 1 : explain SELECT DISTINCT c FROM sbtest1 WHERE id BETWEEN 7320905 AND 7320914 ORDER BY c
	Unique  (cost=39.81..39.86 rows=10 width=121)
	  ->  Sort  (cost=39.81..39.83 rows=10 width=121)
	        Sort Key: c
	        ->  Index Scan using sbtest1_pkey on sbtest1  (cost=0.43..39.64 rows=10 width=121)
	              Index Cond: ((id >= 7320905) AND (id <= 7320914))

table 2 : explain SELECT DISTINCT c FROM sbtest2 WHERE id BETWEEN 1167568 AND 1167577 ORDER BY c
	Unique  (cost=39.86..39.91 rows=10 width=121)
	  ->  Sort  (cost=39.86..39.89 rows=10 width=121)
	        Sort Key: c
	        ->  Index Scan using sbtest2_pkey on sbtest2  (cost=0.43..39.70 rows=10 width=121)
	              Index Cond: ((id >= 1167568) AND (id <= 1167577))

table 3 : explain SELECT DISTINCT c FROM sbtest3 WHERE id BETWEEN 4275441 AND 4275450 ORDER BY c
	Unique  (cost=39.86..39.91 rows=10 width=121)
	  ->  Sort  (cost=39.86..39.89 rows=10 width=121)
	        Sort Key: c
	        ->  Index Scan using sbtest3_pkey on sbtest3  (cost=0.43..39.70 rows=10 width=121)
	              Index Cond: ((id >= 4275441) AND (id <= 4275450))

table 4 : explain SELECT DISTINCT c FROM sbtest4 WHERE id BETWEEN 1220169 AND 1220178 ORDER BY c
	Unique  (cost=39.48..39.53 rows=10 width=121)
	  ->  Sort  (cost=39.48..39.50 rows=10 width=121)
	        Sort Key: c
	        ->  Index Scan using sbtest4_pkey on sbtest4  (cost=0.43..39.31 rows=10 width=121)
	              Index Cond: ((id >= 1220169) AND (id <= 1220178))

table 5 : explain SELECT DISTINCT c FROM sbtest5 WHERE id BETWEEN 630707 AND 630716 ORDER BY c
	Unique  (cost=39.19..39.24 rows=10 width=121)
	  ->  Sort  (cost=39.19..39.22 rows=10 width=121)
	        Sort Key: c
	        ->  Index Scan using sbtest5_pkey on sbtest5  (cost=0.43..39.02 rows=10 width=121)
	              Index Cond: ((id >= 630707) AND (id <= 630716))

table 6 : explain SELECT DISTINCT c FROM sbtest6 WHERE id BETWEEN 1286181 AND 1286190 ORDER BY c
	Unique  (cost=39.43..39.48 rows=10 width=121)
	  ->  Sort  (cost=39.43..39.46 rows=10 width=121)
	        Sort Key: c
	        ->  Index Scan using sbtest6_pkey on sbtest6  (cost=0.43..39.26 rows=10 width=121)
	              Index Cond: ((id >= 1286181) AND (id <= 1286190))

table 7 : explain SELECT DISTINCT c FROM sbtest7 WHERE id BETWEEN 8777234 AND 8777243 ORDER BY c
	Unique  (cost=39.49..39.54 rows=10 width=121)
	  ->  Sort  (cost=39.49..39.52 rows=10 width=121)
	        Sort Key: c
	        ->  Index Scan using sbtest7_pkey on sbtest7  (cost=0.43..39.33 rows=10 width=121)
	              Index Cond: ((id >= 8777234) AND (id <= 8777243))

table 8 : explain SELECT DISTINCT c FROM sbtest8 WHERE id BETWEEN 582172 AND 582181 ORDER BY c
	Unique  (cost=39.63..39.68 rows=10 width=121)
	  ->  Sort  (cost=39.63..39.66 rows=10 width=121)
	        Sort Key: c
	        ->  Index Scan using sbtest8_pkey on sbtest8  (cost=0.43..39.47 rows=10 width=121)
	              Index Cond: ((id >= 582172) AND (id <= 582181))

explain: for index_updates :: explain UPDATE sbtest%u SET k=k+1 WHERE id=%u
explain: for index_updates :: explain UPDATE sbtest%u SET k=k+1 WHERE id=%u
for deletes
table 1 : explain DELETE FROM sbtest1 WHERE id=2274438
	Delete on sbtest1  (cost=0.43..8.45 rows=0 width=0)
	  ->  Index Scan using sbtest1_pkey on sbtest1  (cost=0.43..8.45 rows=1 width=6)
	        Index Cond: (id = 2274438)

table 2 : explain DELETE FROM sbtest2 WHERE id=4295979
	Delete on sbtest2  (cost=0.43..8.45 rows=0 width=0)
	  ->  Index Scan using sbtest2_pkey on sbtest2  (cost=0.43..8.45 rows=1 width=6)
	        Index Cond: (id = 4295979)

table 3 : explain DELETE FROM sbtest3 WHERE id=6735412
	Delete on sbtest3  (cost=0.43..8.45 rows=0 width=0)
	  ->  Index Scan using sbtest3_pkey on sbtest3  (cost=0.43..8.45 rows=1 width=6)
	        Index Cond: (id = 6735412)

table 4 : explain DELETE FROM sbtest4 WHERE id=5206546
	Delete on sbtest4  (cost=0.43..8.45 rows=0 width=0)
	  ->  Index Scan using sbtest4_pkey on sbtest4  (cost=0.43..8.45 rows=1 width=6)
	        Index Cond: (id = 5206546)

table 5 : explain DELETE FROM sbtest5 WHERE id=800639
	Delete on sbtest5  (cost=0.43..8.45 rows=0 width=0)
	  ->  Index Scan using sbtest5_pkey on sbtest5  (cost=0.43..8.45 rows=1 width=6)
	        Index Cond: (id = 800639)

table 6 : explain DELETE FROM sbtest6 WHERE id=5317134
	Delete on sbtest6  (cost=0.43..8.45 rows=0 width=0)
	  ->  Index Scan using sbtest6_pkey on sbtest6  (cost=0.43..8.45 rows=1 width=6)
	        Index Cond: (id = 5317134)

table 7 : explain DELETE FROM sbtest7 WHERE id=4850486
	Delete on sbtest7  (cost=0.43..8.45 rows=0 width=0)
	  ->  Index Scan using sbtest7_pkey on sbtest7  (cost=0.43..8.45 rows=1 width=6)
	        Index Cond: (id = 4850486)

table 8 : explain DELETE FROM sbtest8 WHERE id=1188810
	Delete on sbtest8  (cost=0.43..8.45 rows=0 width=0)
	  ->  Index Scan using sbtest8_pkey on sbtest8  (cost=0.43..8.45 rows=1 width=6)
	        Index Cond: (id = 1188810)

for index_updates
table 1 : explain UPDATE sbtest1 SET k=k+1 WHERE id=8853184
	Update on sbtest1  (cost=0.43..8.46 rows=0 width=0)
	  ->  Index Scan using sbtest1_pkey on sbtest1  (cost=0.43..8.46 rows=1 width=10)
	        Index Cond: (id = 8853184)

table 2 : explain UPDATE sbtest2 SET k=k+1 WHERE id=6540623
	Update on sbtest2  (cost=0.43..8.46 rows=0 width=0)
	  ->  Index Scan using sbtest2_pkey on sbtest2  (cost=0.43..8.46 rows=1 width=10)
	        Index Cond: (id = 6540623)

table 3 : explain UPDATE sbtest3 SET k=k+1 WHERE id=1308211
	Update on sbtest3  (cost=0.43..8.46 rows=0 width=0)
	  ->  Index Scan using sbtest3_pkey on sbtest3  (cost=0.43..8.46 rows=1 width=10)
	        Index Cond: (id = 1308211)

table 4 : explain UPDATE sbtest4 SET k=k+1 WHERE id=9883908
	Update on sbtest4  (cost=0.43..8.46 rows=0 width=0)
	  ->  Index Scan using sbtest4_pkey on sbtest4  (cost=0.43..8.46 rows=1 width=10)
	        Index Cond: (id = 9883908)

table 5 : explain UPDATE sbtest5 SET k=k+1 WHERE id=8892892
	Update on sbtest5  (cost=0.43..8.46 rows=0 width=0)
	  ->  Index Scan using sbtest5_pkey on sbtest5  (cost=0.43..8.46 rows=1 width=10)
	        Index Cond: (id = 8892892)

table 6 : explain UPDATE sbtest6 SET k=k+1 WHERE id=7078858
	Update on sbtest6  (cost=0.43..8.46 rows=0 width=0)
	  ->  Index Scan using sbtest6_pkey on sbtest6  (cost=0.43..8.46 rows=1 width=10)
	        Index Cond: (id = 7078858)

table 7 : explain UPDATE sbtest7 SET k=k+1 WHERE id=4521765
	Update on sbtest7  (cost=0.43..8.46 rows=0 width=0)
	  ->  Index Scan using sbtest7_pkey on sbtest7  (cost=0.43..8.46 rows=1 width=10)
	        Index Cond: (id = 4521765)

table 8 : explain UPDATE sbtest8 SET k=k+1 WHERE id=5945205
	Update on sbtest8  (cost=0.43..8.46 rows=0 width=0)
	  ->  Index Scan using sbtest8_pkey on sbtest8  (cost=0.43..8.46 rows=1 width=10)
	        Index Cond: (id = 5945205)

for index_updates
table 1 : explain UPDATE sbtest1 SET k=k+1 WHERE id=7382587
	Update on sbtest1  (cost=0.43..8.46 rows=0 width=0)
	  ->  Index Scan using sbtest1_pkey on sbtest1  (cost=0.43..8.46 rows=1 width=10)
	        Index Cond: (id = 7382587)

table 2 : explain UPDATE sbtest2 SET k=k+1 WHERE id=2480012
	Update on sbtest2  (cost=0.43..8.46 rows=0 width=0)
	  ->  Index Scan using sbtest2_pkey on sbtest2  (cost=0.43..8.46 rows=1 width=10)
	        Index Cond: (id = 2480012)

table 3 : explain UPDATE sbtest3 SET k=k+1 WHERE id=8208004
	Update on sbtest3  (cost=0.43..8.46 rows=0 width=0)
	  ->  Index Scan using sbtest3_pkey on sbtest3  (cost=0.43..8.46 rows=1 width=10)
	        Index Cond: (id = 8208004)

table 4 : explain UPDATE sbtest4 SET k=k+1 WHERE id=7011959
	Update on sbtest4  (cost=0.43..8.46 rows=0 width=0)
	  ->  Index Scan using sbtest4_pkey on sbtest4  (cost=0.43..8.46 rows=1 width=10)
	        Index Cond: (id = 7011959)

table 5 : explain UPDATE sbtest5 SET k=k+1 WHERE id=4453034
	Update on sbtest5  (cost=0.43..8.46 rows=0 width=0)
	  ->  Index Scan using sbtest5_pkey on sbtest5  (cost=0.43..8.46 rows=1 width=10)
	        Index Cond: (id = 4453034)

table 6 : explain UPDATE sbtest6 SET k=k+1 WHERE id=9026252
	Update on sbtest6  (cost=0.43..8.46 rows=0 width=0)
	  ->  Index Scan using sbtest6_pkey on sbtest6  (cost=0.43..8.46 rows=1 width=10)
	        Index Cond: (id = 9026252)

table 7 : explain UPDATE sbtest7 SET k=k+1 WHERE id=2253353
	Update on sbtest7  (cost=0.43..8.46 rows=0 width=0)
	  ->  Index Scan using sbtest7_pkey on sbtest7  (cost=0.43..8.46 rows=1 width=10)
	        Index Cond: (id = 2253353)

table 8 : explain UPDATE sbtest8 SET k=k+1 WHERE id=7449346
	Update on sbtest8  (cost=0.43..8.46 rows=0 width=0)
	  ->  Index Scan using sbtest8_pkey on sbtest8  (cost=0.43..8.46 rows=1 width=10)
	        Index Cond: (id = 7449346)

for deletes
table 1 : explain DELETE FROM sbtest1 WHERE id=5827349
	Delete on sbtest1  (cost=0.43..8.45 rows=0 width=0)
	  ->  Index Scan using sbtest1_pkey on sbtest1  (cost=0.43..8.45 rows=1 width=6)
	        Index Cond: (id = 5827349)

table 2 : explain DELETE FROM sbtest2 WHERE id=205823
	Delete on sbtest2  (cost=0.43..8.45 rows=0 width=0)
	  ->  Index Scan using sbtest2_pkey on sbtest2  (cost=0.43..8.45 rows=1 width=6)
	        Index Cond: (id = 205823)

table 3 : explain DELETE FROM sbtest3 WHERE id=1120505
	Delete on sbtest3  (cost=0.43..8.45 rows=0 width=0)
	  ->  Index Scan using sbtest3_pkey on sbtest3  (cost=0.43..8.45 rows=1 width=6)
	        Index Cond: (id = 1120505)

table 4 : explain DELETE FROM sbtest4 WHERE id=2175065
	Delete on sbtest4  (cost=0.43..8.45 rows=0 width=0)
	  ->  Index Scan using sbtest4_pkey on sbtest4  (cost=0.43..8.45 rows=1 width=6)
	        Index Cond: (id = 2175065)

table 5 : explain DELETE FROM sbtest5 WHERE id=9794973
	Delete on sbtest5  (cost=0.43..8.45 rows=0 width=0)
	  ->  Index Scan using sbtest5_pkey on sbtest5  (cost=0.43..8.45 rows=1 width=6)
	        Index Cond: (id = 9794973)

table 6 : explain DELETE FROM sbtest6 WHERE id=3849430
	Delete on sbtest6  (cost=0.43..8.45 rows=0 width=0)
	  ->  Index Scan using sbtest6_pkey on sbtest6  (cost=0.43..8.45 rows=1 width=6)
	        Index Cond: (id = 3849430)

table 7 : explain DELETE FROM sbtest7 WHERE id=2644619
	Delete on sbtest7  (cost=0.43..8.45 rows=0 width=0)
	  ->  Index Scan using sbtest7_pkey on sbtest7  (cost=0.43..8.45 rows=1 width=6)
	        Index Cond: (id = 2644619)

table 8 : explain DELETE FROM sbtest8 WHERE id=5678731
	Delete on sbtest8  (cost=0.43..8.45 rows=0 width=0)
	  ->  Index Scan using sbtest8_pkey on sbtest8  (cost=0.43..8.45 rows=1 width=6)
	        Index Cond: (id = 5678731)

explain: for inserts :: explain INSERT INTO sbtest%u (id, k, c, pad) VALUES (%u, 13, 'foobar', 'foobar')
explain: for inserts :: explain INSERT INTO sbtest%u (id, k, c, pad) VALUES (%u, 13, 'foobar', 'foobar')
explain: for non_index_updates :: explain UPDATE sbtest%u SET c='foobar' WHERE id=%u
explain: for non_index_updates :: explain UPDATE sbtest%u SET c='foobar' WHERE id=%u
for inserts
table 1 : explain INSERT INTO sbtest1 (id, k, c, pad) VALUES (8033686, 13, 'foobar', 'foobar')
	Insert on sbtest1  (cost=0.00..0.01 rows=0 width=0)
	  ->  Result  (cost=0.00..0.01 rows=1 width=736)

table 2 : explain INSERT INTO sbtest2 (id, k, c, pad) VALUES (1985808, 13, 'foobar', 'foobar')
	Insert on sbtest2  (cost=0.00..0.01 rows=0 width=0)
	  ->  Result  (cost=0.00..0.01 rows=1 width=736)

table 3 : explain INSERT INTO sbtest3 (id, k, c, pad) VALUES (3560737, 13, 'foobar', 'foobar')
	Insert on sbtest3  (cost=0.00..0.01 rows=0 width=0)
	  ->  Result  (cost=0.00..0.01 rows=1 width=736)

table 4 : explain INSERT INTO sbtest4 (id, k, c, pad) VALUES (6482862, 13, 'foobar', 'foobar')
	Insert on sbtest4  (cost=0.00..0.01 rows=0 width=0)
	  ->  Result  (cost=0.00..0.01 rows=1 width=736)

table 5 : explain INSERT INTO sbtest5 (id, k, c, pad) VALUES (53674, 13, 'foobar', 'foobar')
	Insert on sbtest5  (cost=0.00..0.01 rows=0 width=0)
	  ->  Result  (cost=0.00..0.01 rows=1 width=736)

table 6 : explain INSERT INTO sbtest6 (id, k, c, pad) VALUES (1151580, 13, 'foobar', 'foobar')
	Insert on sbtest6  (cost=0.00..0.01 rows=0 width=0)
	  ->  Result  (cost=0.00..0.01 rows=1 width=736)

table 7 : explain INSERT INTO sbtest7 (id, k, c, pad) VALUES (2985850, 13, 'foobar', 'foobar')
	Insert on sbtest7  (cost=0.00..0.01 rows=0 width=0)
	  ->  Result  (cost=0.00..0.01 rows=1 width=736)

table 8 : explain INSERT INTO sbtest8 (id, k, c, pad) VALUES (8356687, 13, 'foobar', 'foobar')
	Insert on sbtest8  (cost=0.00..0.01 rows=0 width=0)
	  ->  Result  (cost=0.00..0.01 rows=1 width=736)

explain: for inserts :: explain INSERT INTO sbtest%u (id, k, c, pad) VALUES (%u, 13, 'foobar', 'foobar')
for inserts
table 1 : explain INSERT INTO sbtest1 (id, k, c, pad) VALUES (6273721, 13, 'foobar', 'foobar')
	Insert on sbtest1  (cost=0.00..0.01 rows=0 width=0)
	  ->  Result  (cost=0.00..0.01 rows=1 width=736)

table 2 : explain INSERT INTO sbtest2 (id, k, c, pad) VALUES (9493193, 13, 'foobar', 'foobar')
	Insert on sbtest2  (cost=0.00..0.01 rows=0 width=0)
	  ->  Result  (cost=0.00..0.01 rows=1 width=736)

table 3 : explain INSERT INTO sbtest3 (id, k, c, pad) VALUES (5874081, 13, 'foobar', 'foobar')
	Insert on sbtest3  (cost=0.00..0.01 rows=0 width=0)
	  ->  Result  (cost=0.00..0.01 rows=1 width=736)

table 4 : explain INSERT INTO sbtest4 (id, k, c, pad) VALUES (5200482, 13, 'foobar', 'foobar')
	Insert on sbtest4  (cost=0.00..0.01 rows=0 width=0)
	  ->  Result  (cost=0.00..0.01 rows=1 width=736)

table 5 : explain INSERT INTO sbtest5 (id, k, c, pad) VALUES (1556591, 13, 'foobar', 'foobar')
	Insert on sbtest5  (cost=0.00..0.01 rows=0 width=0)
	  ->  Result  (cost=0.00..0.01 rows=1 width=736)

table 6 : explain INSERT INTO sbtest6 (id, k, c, pad) VALUES (4321455, 13, 'foobar', 'foobar')
	Insert on sbtest6  (cost=0.00..0.01 rows=0 width=0)
	  ->  Result  (cost=0.00..0.01 rows=1 width=736)

table 7 : explain INSERT INTO sbtest7 (id, k, c, pad) VALUES (1774887, 13, 'foobar', 'foobar')
	Insert on sbtest7  (cost=0.00..0.01 rows=0 width=0)
	  ->  Result  (cost=0.00..0.01 rows=1 width=736)

table 8 : explain INSERT INTO sbtest8 (id, k, c, pad) VALUES (36937, 13, 'foobar', 'foobar')
	Insert on sbtest8  (cost=0.00..0.01 rows=0 width=0)
	  ->  Result  (cost=0.00..0.01 rows=1 width=736)

for non_index_updates
table 1 : explain UPDATE sbtest1 SET c='foobar' WHERE id=7731829
	Update on sbtest1  (cost=0.43..8.45 rows=0 width=0)
	  ->  Index Scan using sbtest1_pkey on sbtest1  (cost=0.43..8.45 rows=1 width=490)
	        Index Cond: (id = 7731829)

table 2 : explain UPDATE sbtest2 SET c='foobar' WHERE id=7525242
	Update on sbtest2  (cost=0.43..8.45 rows=0 width=0)
	  ->  Index Scan using sbtest2_pkey on sbtest2  (cost=0.43..8.45 rows=1 width=490)
	        Index Cond: (id = 7525242)

table 3 : explain UPDATE sbtest3 SET c='foobar' WHERE id=814159
	Update on sbtest3  (cost=0.43..8.45 rows=0 width=0)
	  ->  Index Scan using sbtest3_pkey on sbtest3  (cost=0.43..8.45 rows=1 width=490)
	        Index Cond: (id = 814159)

table 4 : explain UPDATE sbtest4 SET c='foobar' WHERE id=4886021
	Update on sbtest4  (cost=0.43..8.45 rows=0 width=0)
	  ->  Index Scan using sbtest4_pkey on sbtest4  (cost=0.43..8.45 rows=1 width=490)
	        Index Cond: (id = 4886021)

table 5 : explain UPDATE sbtest5 SET c='foobar' WHERE id=3551969
	Update on sbtest5  (cost=0.43..8.45 rows=0 width=0)
	  ->  Index Scan using sbtest5_pkey on sbtest5  (cost=0.43..8.45 rows=1 width=490)
	        Index Cond: (id = 3551969)

table 6 : explain UPDATE sbtest6 SET c='foobar' WHERE id=1021745
	Update on sbtest6  (cost=0.43..8.45 rows=0 width=0)
	  ->  Index Scan using sbtest6_pkey on sbtest6  (cost=0.43..8.45 rows=1 width=490)
	        Index Cond: (id = 1021745)

table 7 : explain UPDATE sbtest7 SET c='foobar' WHERE id=3750617
	Update on sbtest7  (cost=0.43..8.45 rows=0 width=0)
	  ->  Index Scan using sbtest7_pkey on sbtest7  (cost=0.43..8.45 rows=1 width=490)
	        Index Cond: (id = 3750617)

table 8 : explain UPDATE sbtest8 SET c='foobar' WHERE id=4604646
	Update on sbtest8  (cost=0.43..8.45 rows=0 width=0)
	  ->  Index Scan using sbtest8_pkey on sbtest8  (cost=0.43..8.45 rows=1 width=490)
	        Index Cond: (id = 4604646)

for non_index_updates
table 1 : explain UPDATE sbtest1 SET c='foobar' WHERE id=8150812
	Update on sbtest1  (cost=0.43..8.45 rows=0 width=0)
	  ->  Index Scan using sbtest1_pkey on sbtest1  (cost=0.43..8.45 rows=1 width=490)
	        Index Cond: (id = 8150812)

table 2 : explain UPDATE sbtest2 SET c='foobar' WHERE id=2028483
	Update on sbtest2  (cost=0.43..8.45 rows=0 width=0)
	  ->  Index Scan using sbtest2_pkey on sbtest2  (cost=0.43..8.45 rows=1 width=490)
	        Index Cond: (id = 2028483)

table 3 : explain UPDATE sbtest3 SET c='foobar' WHERE id=5882617
	Update on sbtest3  (cost=0.43..8.45 rows=0 width=0)
	  ->  Index Scan using sbtest3_pkey on sbtest3  (cost=0.43..8.45 rows=1 width=490)
	        Index Cond: (id = 5882617)

table 4 : explain UPDATE sbtest4 SET c='foobar' WHERE id=3301148
	Update on sbtest4  (cost=0.43..8.45 rows=0 width=0)
	  ->  Index Scan using sbtest4_pkey on sbtest4  (cost=0.43..8.45 rows=1 width=490)
	        Index Cond: (id = 3301148)

table 5 : explain UPDATE sbtest5 SET c='foobar' WHERE id=3992665
	Update on sbtest5  (cost=0.43..8.45 rows=0 width=0)
	  ->  Index Scan using sbtest5_pkey on sbtest5  (cost=0.43..8.45 rows=1 width=490)
	        Index Cond: (id = 3992665)

table 6 : explain UPDATE sbtest6 SET c='foobar' WHERE id=6250220
	Update on sbtest6  (cost=0.43..8.45 rows=0 width=0)
	  ->  Index Scan using sbtest6_pkey on sbtest6  (cost=0.43..8.45 rows=1 width=490)
	        Index Cond: (id = 6250220)

table 7 : explain UPDATE sbtest7 SET c='foobar' WHERE id=5972925
	Update on sbtest7  (cost=0.43..8.45 rows=0 width=0)
	  ->  Index Scan using sbtest7_pkey on sbtest7  (cost=0.43..8.45 rows=1 width=490)
	        Index Cond: (id = 5972925)

table 8 : explain UPDATE sbtest8 SET c='foobar' WHERE id=3647214
	Update on sbtest8  (cost=0.43..8.45 rows=0 width=0)
	  ->  Index Scan using sbtest8_pkey on sbtest8  (cost=0.43..8.45 rows=1 width=490)
	        Index Cond: (id = 3647214)

for inserts
table 1 : explain INSERT INTO sbtest1 (id, k, c, pad) VALUES (8944583, 13, 'foobar', 'foobar')
	Insert on sbtest1  (cost=0.00..0.01 rows=0 width=0)
	  ->  Result  (cost=0.00..0.01 rows=1 width=736)

table 2 : explain INSERT INTO sbtest2 (id, k, c, pad) VALUES (8419403, 13, 'foobar', 'foobar')
	Insert on sbtest2  (cost=0.00..0.01 rows=0 width=0)
	  ->  Result  (cost=0.00..0.01 rows=1 width=736)

table 3 : explain INSERT INTO sbtest3 (id, k, c, pad) VALUES (1817288, 13, 'foobar', 'foobar')
	Insert on sbtest3  (cost=0.00..0.01 rows=0 width=0)
	  ->  Result  (cost=0.00..0.01 rows=1 width=736)

table 4 : explain INSERT INTO sbtest4 (id, k, c, pad) VALUES (166227, 13, 'foobar', 'foobar')
	Insert on sbtest4  (cost=0.00..0.01 rows=0 width=0)
	  ->  Result  (cost=0.00..0.01 rows=1 width=736)

table 5 : explain INSERT INTO sbtest5 (id, k, c, pad) VALUES (4702898, 13, 'foobar', 'foobar')
	Insert on sbtest5  (cost=0.00..0.01 rows=0 width=0)
	  ->  Result  (cost=0.00..0.01 rows=1 width=736)

table 6 : explain INSERT INTO sbtest6 (id, k, c, pad) VALUES (3437535, 13, 'foobar', 'foobar')
	Insert on sbtest6  (cost=0.00..0.01 rows=0 width=0)
	  ->  Result  (cost=0.00..0.01 rows=1 width=736)

table 7 : explain INSERT INTO sbtest7 (id, k, c, pad) VALUES (8647767, 13, 'foobar', 'foobar')
	Insert on sbtest7  (cost=0.00..0.01 rows=0 width=0)
	  ->  Result  (cost=0.00..0.01 rows=1 width=736)

table 8 : explain INSERT INTO sbtest8 (id, k, c, pad) VALUES (5485482, 13, 'foobar', 'foobar')
	Insert on sbtest8  (cost=0.00..0.01 rows=0 width=0)
	  ->  Result  (cost=0.00..0.01 rows=1 width=736)

explain: for deletes :: explain DELETE FROM sbtest%u WHERE id=%u
for deletes
table 1 : explain DELETE FROM sbtest1 WHERE id=1121124
	Delete on sbtest1  (cost=0.43..8.45 rows=0 width=0)
	  ->  Index Scan using sbtest1_pkey on sbtest1  (cost=0.43..8.45 rows=1 width=6)
	        Index Cond: (id = 1121124)

table 2 : explain DELETE FROM sbtest2 WHERE id=2595422
	Delete on sbtest2  (cost=0.43..8.45 rows=0 width=0)
	  ->  Index Scan using sbtest2_pkey on sbtest2  (cost=0.43..8.45 rows=1 width=6)
	        Index Cond: (id = 2595422)

table 3 : explain DELETE FROM sbtest3 WHERE id=8514407
	Delete on sbtest3  (cost=0.43..8.45 rows=0 width=0)
	  ->  Index Scan using sbtest3_pkey on sbtest3  (cost=0.43..8.45 rows=1 width=6)
	        Index Cond: (id = 8514407)

table 4 : explain DELETE FROM sbtest4 WHERE id=3524725
	Delete on sbtest4  (cost=0.43..8.45 rows=0 width=0)
	  ->  Index Scan using sbtest4_pkey on sbtest4  (cost=0.43..8.45 rows=1 width=6)
	        Index Cond: (id = 3524725)

table 5 : explain DELETE FROM sbtest5 WHERE id=9659748
	Delete on sbtest5  (cost=0.43..8.45 rows=0 width=0)
	  ->  Index Scan using sbtest5_pkey on sbtest5  (cost=0.43..8.45 rows=1 width=6)
	        Index Cond: (id = 9659748)

table 6 : explain DELETE FROM sbtest6 WHERE id=2913673
	Delete on sbtest6  (cost=0.43..8.45 rows=0 width=0)
	  ->  Index Scan using sbtest6_pkey on sbtest6  (cost=0.43..8.45 rows=1 width=6)
	        Index Cond: (id = 2913673)

table 7 : explain DELETE FROM sbtest7 WHERE id=1216870
	Delete on sbtest7  (cost=0.43..8.45 rows=0 width=0)
	  ->  Index Scan using sbtest7_pkey on sbtest7  (cost=0.43..8.45 rows=1 width=6)
	        Index Cond: (id = 1216870)

table 8 : explain DELETE FROM sbtest8 WHERE id=4156282
	Delete on sbtest8  (cost=0.43..8.45 rows=0 width=0)
	  ->  Index Scan using sbtest8_pkey on sbtest8  (cost=0.43..8.45 rows=1 width=6)
	        Index Cond: (id = 4156282)

explain: for deletes :: explain DELETE FROM sbtest%u WHERE id=%u
for deletes
table 1 : explain DELETE FROM sbtest1 WHERE id=1485942
	Delete on sbtest1  (cost=0.43..8.45 rows=0 width=0)
	  ->  Index Scan using sbtest1_pkey on sbtest1  (cost=0.43..8.45 rows=1 width=6)
	        Index Cond: (id = 1485942)

table 2 : explain DELETE FROM sbtest2 WHERE id=9496503
	Delete on sbtest2  (cost=0.43..8.45 rows=0 width=0)
	  ->  Index Scan using sbtest2_pkey on sbtest2  (cost=0.43..8.45 rows=1 width=6)
	        Index Cond: (id = 9496503)

table 3 : explain DELETE FROM sbtest3 WHERE id=8829329
	Delete on sbtest3  (cost=0.43..8.45 rows=0 width=0)
	  ->  Index Scan using sbtest3_pkey on sbtest3  (cost=0.43..8.45 rows=1 width=6)
	        Index Cond: (id = 8829329)

table 4 : explain DELETE FROM sbtest4 WHERE id=805499
	Delete on sbtest4  (cost=0.43..8.45 rows=0 width=0)
	  ->  Index Scan using sbtest4_pkey on sbtest4  (cost=0.43..8.45 rows=1 width=6)
	        Index Cond: (id = 805499)

table 5 : explain DELETE FROM sbtest5 WHERE id=6264274
	Delete on sbtest5  (cost=0.43..8.45 rows=0 width=0)
	  ->  Index Scan using sbtest5_pkey on sbtest5  (cost=0.43..8.45 rows=1 width=6)
	        Index Cond: (id = 6264274)

table 6 : explain DELETE FROM sbtest6 WHERE id=8250339
	Delete on sbtest6  (cost=0.43..8.45 rows=0 width=0)
	  ->  Index Scan using sbtest6_pkey on sbtest6  (cost=0.43..8.45 rows=1 width=6)
	        Index Cond: (id = 8250339)

table 7 : explain DELETE FROM sbtest7 WHERE id=9956104
	Delete on sbtest7  (cost=0.43..8.45 rows=0 width=0)
	  ->  Index Scan using sbtest7_pkey on sbtest7  (cost=0.43..8.45 rows=1 width=6)
	        Index Cond: (id = 9956104)

table 8 : explain DELETE FROM sbtest8 WHERE id=5569361
	Delete on sbtest8  (cost=0.43..8.45 rows=0 width=0)
	  ->  Index Scan using sbtest8_pkey on sbtest8  (cost=0.43..8.45 rows=1 width=6)
	        Index Cond: (id = 5569361)

explain: for inserts :: explain INSERT INTO sbtest%u (id, k, c, pad) VALUES (%u, 13, 'foobar', 'foobar')
for deletes
table 1 : explain DELETE FROM sbtest1 WHERE id=5502318
	Delete on sbtest1  (cost=0.43..8.45 rows=0 width=0)
	  ->  Index Scan using sbtest1_pkey on sbtest1  (cost=0.43..8.45 rows=1 width=6)
	        Index Cond: (id = 5502318)

table 2 : explain DELETE FROM sbtest2 WHERE id=4811073
	Delete on sbtest2  (cost=0.43..8.45 rows=0 width=0)
	  ->  Index Scan using sbtest2_pkey on sbtest2  (cost=0.43..8.45 rows=1 width=6)
	        Index Cond: (id = 4811073)

table 3 : explain DELETE FROM sbtest3 WHERE id=5673821
	Delete on sbtest3  (cost=0.43..8.45 rows=0 width=0)
	  ->  Index Scan using sbtest3_pkey on sbtest3  (cost=0.43..8.45 rows=1 width=6)
	        Index Cond: (id = 5673821)

table 4 : explain DELETE FROM sbtest4 WHERE id=9545758
	Delete on sbtest4  (cost=0.43..8.45 rows=0 width=0)
	  ->  Index Scan using sbtest4_pkey on sbtest4  (cost=0.43..8.45 rows=1 width=6)
	        Index Cond: (id = 9545758)

table 5 : explain DELETE FROM sbtest5 WHERE id=9226719
	Delete on sbtest5  (cost=0.43..8.45 rows=0 width=0)
	  ->  Index Scan using sbtest5_pkey on sbtest5  (cost=0.43..8.45 rows=1 width=6)
	        Index Cond: (id = 9226719)

table 6 : explain DELETE FROM sbtest6 WHERE id=8342478
	Delete on sbtest6  (cost=0.43..8.45 rows=0 width=0)
	  ->  Index Scan using sbtest6_pkey on sbtest6  (cost=0.43..8.45 rows=1 width=6)
	        Index Cond: (id = 8342478)

table 7 : explain DELETE FROM sbtest7 WHERE id=6089751
	Delete on sbtest7  (cost=0.43..8.45 rows=0 width=0)
	  ->  Index Scan using sbtest7_pkey on sbtest7  (cost=0.43..8.45 rows=1 width=6)
	        Index Cond: (id = 6089751)

table 8 : explain DELETE FROM sbtest8 WHERE id=8056349
	Delete on sbtest8  (cost=0.43..8.45 rows=0 width=0)
	  ->  Index Scan using sbtest8_pkey on sbtest8  (cost=0.43..8.45 rows=1 width=6)
	        Index Cond: (id = 8056349)

for inserts
table 1 : explain INSERT INTO sbtest1 (id, k, c, pad) VALUES (9623619, 13, 'foobar', 'foobar')
	Insert on sbtest1  (cost=0.00..0.01 rows=0 width=0)
	  ->  Result  (cost=0.00..0.01 rows=1 width=736)

table 2 : explain INSERT INTO sbtest2 (id, k, c, pad) VALUES (2940875, 13, 'foobar', 'foobar')
	Insert on sbtest2  (cost=0.00..0.01 rows=0 width=0)
	  ->  Result  (cost=0.00..0.01 rows=1 width=736)

table 3 : explain INSERT INTO sbtest3 (id, k, c, pad) VALUES (9330108, 13, 'foobar', 'foobar')
	Insert on sbtest3  (cost=0.00..0.01 rows=0 width=0)
	  ->  Result  (cost=0.00..0.01 rows=1 width=736)

table 4 : explain INSERT INTO sbtest4 (id, k, c, pad) VALUES (4104435, 13, 'foobar', 'foobar')
	Insert on sbtest4  (cost=0.00..0.01 rows=0 width=0)
	  ->  Result  (cost=0.00..0.01 rows=1 width=736)

table 5 : explain INSERT INTO sbtest5 (id, k, c, pad) VALUES (2213172, 13, 'foobar', 'foobar')
	Insert on sbtest5  (cost=0.00..0.01 rows=0 width=0)
	  ->  Result  (cost=0.00..0.01 rows=1 width=736)

table 6 : explain INSERT INTO sbtest6 (id, k, c, pad) VALUES (7638711, 13, 'foobar', 'foobar')
	Insert on sbtest6  (cost=0.00..0.01 rows=0 width=0)
	  ->  Result  (cost=0.00..0.01 rows=1 width=736)

table 7 : explain INSERT INTO sbtest7 (id, k, c, pad) VALUES (4336358, 13, 'foobar', 'foobar')
	Insert on sbtest7  (cost=0.00..0.01 rows=0 width=0)
	  ->  Result  (cost=0.00..0.01 rows=1 width=736)

table 8 : explain INSERT INTO sbtest8 (id, k, c, pad) VALUES (4119525, 13, 'foobar', 'foobar')
	Insert on sbtest8  (cost=0.00..0.01 rows=0 width=0)
	  ->  Result  (cost=0.00..0.01 rows=1 width=736)

explain: for inserts :: explain INSERT INTO sbtest%u (id, k, c, pad) VALUES (%u, 13, 'foobar', 'foobar')
explain: for inserts :: explain INSERT INTO sbtest%u (id, k, c, pad) VALUES (%u, 13, 'foobar', 'foobar')
for inserts
table 1 : explain INSERT INTO sbtest1 (id, k, c, pad) VALUES (394023, 13, 'foobar', 'foobar')
	Insert on sbtest1  (cost=0.00..0.01 rows=0 width=0)
	  ->  Result  (cost=0.00..0.01 rows=1 width=736)

table 2 : explain INSERT INTO sbtest2 (id, k, c, pad) VALUES (3893857, 13, 'foobar', 'foobar')
	Insert on sbtest2  (cost=0.00..0.01 rows=0 width=0)
	  ->  Result  (cost=0.00..0.01 rows=1 width=736)

table 3 : explain INSERT INTO sbtest3 (id, k, c, pad) VALUES (6093008, 13, 'foobar', 'foobar')
	Insert on sbtest3  (cost=0.00..0.01 rows=0 width=0)
	  ->  Result  (cost=0.00..0.01 rows=1 width=736)

table 4 : explain INSERT INTO sbtest4 (id, k, c, pad) VALUES (5746894, 13, 'foobar', 'foobar')
	Insert on sbtest4  (cost=0.00..0.01 rows=0 width=0)
	  ->  Result  (cost=0.00..0.01 rows=1 width=736)

table 5 : explain INSERT INTO sbtest5 (id, k, c, pad) VALUES (611773, 13, 'foobar', 'foobar')
	Insert on sbtest5  (cost=0.00..0.01 rows=0 width=0)
	  ->  Result  (cost=0.00..0.01 rows=1 width=736)

table 6 : explain INSERT INTO sbtest6 (id, k, c, pad) VALUES (879595, 13, 'foobar', 'foobar')
	Insert on sbtest6  (cost=0.00..0.01 rows=0 width=0)
	  ->  Result  (cost=0.00..0.01 rows=1 width=736)

table 7 : explain INSERT INTO sbtest7 (id, k, c, pad) VALUES (7628234, 13, 'foobar', 'foobar')
	Insert on sbtest7  (cost=0.00..0.01 rows=0 width=0)
	  ->  Result  (cost=0.00..0.01 rows=1 width=736)

table 8 : explain INSERT INTO sbtest8 (id, k, c, pad) VALUES (7763819, 13, 'foobar', 'foobar')
	Insert on sbtest8  (cost=0.00..0.01 rows=0 width=0)
	  ->  Result  (cost=0.00..0.01 rows=1 width=736)

for inserts
table 1 : explain INSERT INTO sbtest1 (id, k, c, pad) VALUES (7797629, 13, 'foobar', 'foobar')
	Insert on sbtest1  (cost=0.00..0.01 rows=0 width=0)
	  ->  Result  (cost=0.00..0.01 rows=1 width=736)

table 2 : explain INSERT INTO sbtest2 (id, k, c, pad) VALUES (2723964, 13, 'foobar', 'foobar')
	Insert on sbtest2  (cost=0.00..0.01 rows=0 width=0)
	  ->  Result  (cost=0.00..0.01 rows=1 width=736)

table 3 : explain INSERT INTO sbtest3 (id, k, c, pad) VALUES (7039583, 13, 'foobar', 'foobar')
	Insert on sbtest3  (cost=0.00..0.01 rows=0 width=0)
	  ->  Result  (cost=0.00..0.01 rows=1 width=736)

table 4 : explain INSERT INTO sbtest4 (id, k, c, pad) VALUES (4829707, 13, 'foobar', 'foobar')
	Insert on sbtest4  (cost=0.00..0.01 rows=0 width=0)
	  ->  Result  (cost=0.00..0.01 rows=1 width=736)

table 5 : explain INSERT INTO sbtest5 (id, k, c, pad) VALUES (7138341, 13, 'foobar', 'foobar')
	Insert on sbtest5  (cost=0.00..0.01 rows=0 width=0)
	  ->  Result  (cost=0.00..0.01 rows=1 width=736)

table 6 : explain INSERT INTO sbtest6 (id, k, c, pad) VALUES (1168219, 13, 'foobar', 'foobar')
	Insert on sbtest6  (cost=0.00..0.01 rows=0 width=0)
	  ->  Result  (cost=0.00..0.01 rows=1 width=736)

table 7 : explain INSERT INTO sbtest7 (id, k, c, pad) VALUES (2822868, 13, 'foobar', 'foobar')
	Insert on sbtest7  (cost=0.00..0.01 rows=0 width=0)
	  ->  Result  (cost=0.00..0.01 rows=1 width=736)

table 8 : explain INSERT INTO sbtest8 (id, k, c, pad) VALUES (7151277, 13, 'foobar', 'foobar')
	Insert on sbtest8  (cost=0.00..0.01 rows=0 width=0)
	  ->  Result  (cost=0.00..0.01 rows=1 width=736)

explain: for inserts :: explain INSERT INTO sbtest%u (id, k, c, pad) VALUES (%u, 13, 'foobar', 'foobar')
for inserts
table 1 : explain INSERT INTO sbtest1 (id, k, c, pad) VALUES (3791179, 13, 'foobar', 'foobar')
	Insert on sbtest1  (cost=0.00..0.01 rows=0 width=0)
	  ->  Result  (cost=0.00..0.01 rows=1 width=736)

table 2 : explain INSERT INTO sbtest2 (id, k, c, pad) VALUES (9919475, 13, 'foobar', 'foobar')
	Insert on sbtest2  (cost=0.00..0.01 rows=0 width=0)
	  ->  Result  (cost=0.00..0.01 rows=1 width=736)

table 3 : explain INSERT INTO sbtest3 (id, k, c, pad) VALUES (249562, 13, 'foobar', 'foobar')
	Insert on sbtest3  (cost=0.00..0.01 rows=0 width=0)
	  ->  Result  (cost=0.00..0.01 rows=1 width=736)

table 4 : explain INSERT INTO sbtest4 (id, k, c, pad) VALUES (432973, 13, 'foobar', 'foobar')
	Insert on sbtest4  (cost=0.00..0.01 rows=0 width=0)
	  ->  Result  (cost=0.00..0.01 rows=1 width=736)

table 5 : explain INSERT INTO sbtest5 (id, k, c, pad) VALUES (923179, 13, 'foobar', 'foobar')
	Insert on sbtest5  (cost=0.00..0.01 rows=0 width=0)
	  ->  Result  (cost=0.00..0.01 rows=1 width=736)

table 6 : explain INSERT INTO sbtest6 (id, k, c, pad) VALUES (536159, 13, 'foobar', 'foobar')
	Insert on sbtest6  (cost=0.00..0.01 rows=0 width=0)
	  ->  Result  (cost=0.00..0.01 rows=1 width=736)

table 7 : explain INSERT INTO sbtest7 (id, k, c, pad) VALUES (2188043, 13, 'foobar', 'foobar')
	Insert on sbtest7  (cost=0.00..0.01 rows=0 width=0)
	  ->  Result  (cost=0.00..0.01 rows=1 width=736)

table 8 : explain INSERT INTO sbtest8 (id, k, c, pad) VALUES (4363542, 13, 'foobar', 'foobar')
	Insert on sbtest8  (cost=0.00..0.01 rows=0 width=0)
	  ->  Result  (cost=0.00..0.01 rows=1 width=736)

Threads started!

Warming up for 5 seconds...

SQL statistics:
    queries performed:
        read:                            470247252
        write:                           134356450
        other:                           67178200
        total:                           671781902
    transactions:                        33589116 (36117.01 per sec.)
    queries:                             671781902 (722339.67 per sec.)
    ignored errors:                      2      (0.00 per sec.)
    reconnects:                          0      (0.00 per sec.)

Throughput:
    events/s (eps):                      36117.0059
    time elapsed:                        930.0084s
    total number of events:              33589116

Latency (ms):
         min:                                    0.87
         avg:                                    1.11
         max:                                   41.05
         95th percentile:                        1.50
         sum:                             37165906.14

Threads fairness:
    events (avg/stddev):           839727.9000/7990.13
    execution time (avg/stddev):   929.1477/0.01

