LUA_PATH=/home/mdcallag/git/mytools/bench/sysbench.lua/lua/?.lua /home/mdcallag/git/mytools/bench/sysbench.lua/lua/sysbench --db-driver=pgsql --range-size=1000 --table-size=10000000 --tables=8 --threads=40 --events=0 --warmup-time=5 --time=630 --pgsql_conn_id=true /home/mdcallag/git/mytools/bench/sysbench.lua/lua/oltp_read_only.lua run --pgsql-user=root --pgsql-password=pw --pgsql-host=127.0.0.1 --pgsql-db=ib --rand-type=uniform --simple-ranges=1 --sum-ranges=0 --order-ranges=0 --distinct-ranges=0
48 CPUs
sysbench 1.1.0-9072687 (using bundled LuaJIT 2.1.0-beta3)

Running the test with following options:
Number of threads: 40
Warmup time: 5s
Initializing random number generator from current time


Initializing worker threads...

explain: for point_selects :: explain SELECT c FROM sbtest%u WHERE id=%u
explain: for point_selects :: explain SELECT c FROM sbtest%u WHERE id=%u
explain: for point_selects :: explain SELECT c FROM sbtest%u WHERE id=%u
explain: for point_selects :: explain SELECT c FROM sbtest%u WHERE id=%u
for point_selects
table 1 : explain SELECT c FROM sbtest1 WHERE id=6155543
	Index Scan using sbtest1_pkey on sbtest1  (cost=0.43..8.45 rows=1 width=121)
	  Index Cond: (id = 6155543)

table 2 : explain SELECT c FROM sbtest2 WHERE id=2227050
	Index Scan using sbtest2_pkey on sbtest2  (cost=0.43..8.45 rows=1 width=121)
	  Index Cond: (id = 2227050)

table 3 : explain SELECT c FROM sbtest3 WHERE id=8585920
	Index Scan using sbtest3_pkey on sbtest3  (cost=0.43..8.45 rows=1 width=121)
	  Index Cond: (id = 8585920)

table 4 : explain SELECT c FROM sbtest4 WHERE id=8477751
	Index Scan using sbtest4_pkey on sbtest4  (cost=0.43..8.45 rows=1 width=121)
	  Index Cond: (id = 8477751)

table 5 : explain SELECT c FROM sbtest5 WHERE id=1959560
	Index Scan using sbtest5_pkey on sbtest5  (cost=0.43..8.45 rows=1 width=121)
	  Index Cond: (id = 1959560)

table 6 : explain SELECT c FROM sbtest6 WHERE id=341806
	Index Scan using sbtest6_pkey on sbtest6  (cost=0.43..8.45 rows=1 width=121)
	  Index Cond: (id = 341806)

table 7 : explain SELECT c FROM sbtest7 WHERE id=6937362
	Index Scan using sbtest7_pkey on sbtest7  (cost=0.43..8.45 rows=1 width=121)
	  Index Cond: (id = 6937362)

table 8 : explain SELECT c FROM sbtest8 WHERE id=9959383
	Index Scan using sbtest8_pkey on sbtest8  (cost=0.43..8.45 rows=1 width=121)
	  Index Cond: (id = 9959383)

explain: for point_selects :: explain SELECT c FROM sbtest%u WHERE id=%u
for point_selects
table 1 : explain SELECT c FROM sbtest1 WHERE id=9799051
	Index Scan using sbtest1_pkey on sbtest1  (cost=0.43..8.45 rows=1 width=121)
	  Index Cond: (id = 9799051)

table 2 : explain SELECT c FROM sbtest2 WHERE id=5890526
	Index Scan using sbtest2_pkey on sbtest2  (cost=0.43..8.45 rows=1 width=121)
	  Index Cond: (id = 5890526)

table 3 : explain SELECT c FROM sbtest3 WHERE id=3789334
	Index Scan using sbtest3_pkey on sbtest3  (cost=0.43..8.45 rows=1 width=121)
	  Index Cond: (id = 3789334)

table 4 : explain SELECT c FROM sbtest4 WHERE id=3996132
	Index Scan using sbtest4_pkey on sbtest4  (cost=0.43..8.45 rows=1 width=121)
	  Index Cond: (id = 3996132)

table 5 : explain SELECT c FROM sbtest5 WHERE id=2174672
	Index Scan using sbtest5_pkey on sbtest5  (cost=0.43..8.45 rows=1 width=121)
	  Index Cond: (id = 2174672)

table 6 : explain SELECT c FROM sbtest6 WHERE id=2554832
	Index Scan using sbtest6_pkey on sbtest6  (cost=0.43..8.45 rows=1 width=121)
	  Index Cond: (id = 2554832)

table 7 : explain SELECT c FROM sbtest7 WHERE id=590073
	Index Scan using sbtest7_pkey on sbtest7  (cost=0.43..8.45 rows=1 width=121)
	  Index Cond: (id = 590073)

table 8 : explain SELECT c FROM sbtest8 WHERE id=9026622
	Index Scan using sbtest8_pkey on sbtest8  (cost=0.43..8.45 rows=1 width=121)
	  Index Cond: (id = 9026622)

for: simple_ranges
table 1 : explain SELECT c FROM sbtest1 WHERE id BETWEEN 1805574 AND 1806573
	Bitmap Heap Scan on sbtest1  (cost=30.08..3649.80 rows=941 width=121)
	  Recheck Cond: ((id >= 1805574) AND (id <= 1806573))
	  ->  Bitmap Index Scan on sbtest1_pkey  (cost=0.00..29.84 rows=941 width=0)
	        Index Cond: ((id >= 1805574) AND (id <= 1806573))

table 2 : explain SELECT c FROM sbtest2 WHERE id BETWEEN 584674 AND 585673
	Bitmap Heap Scan on sbtest2  (cost=31.09..4021.93 rows=1040 width=121)
	  Recheck Cond: ((id >= 584674) AND (id <= 585673))
	  ->  Bitmap Index Scan on sbtest2_pkey  (cost=0.00..30.83 rows=1040 width=0)
	        Index Cond: ((id >= 584674) AND (id <= 585673))

table 3 : explain SELECT c FROM sbtest3 WHERE id BETWEEN 5643219 AND 5644218
	Bitmap Heap Scan on sbtest3  (cost=30.94..3971.89 rows=1025 width=121)
	  Recheck Cond: ((id >= 5643219) AND (id <= 5644218))
	  ->  Bitmap Index Scan on sbtest3_pkey  (cost=0.00..30.68 rows=1025 width=0)
	        Index Cond: ((id >= 5643219) AND (id <= 5644218))

table 4 : explain SELECT c FROM sbtest4 WHERE id BETWEEN 8540966 AND 8541965
	Bitmap Heap Scan on sbtest4  (cost=30.34..3747.79 rows=966 width=121)
	  Recheck Cond: ((id >= 8540966) AND (id <= 8541965))
	  ->  Bitmap Index Scan on sbtest4_pkey  (cost=0.00..30.09 rows=966 width=0)
	        Index Cond: ((id >= 8540966) AND (id <= 8541965))

table 5 : explain SELECT c FROM sbtest5 WHERE id BETWEEN 4328226 AND 4329225
	Bitmap Heap Scan on sbtest5  (cost=26.17..3679.11 rows=950 width=121)
	  Recheck Cond: ((id >= 4328226) AND (id <= 4329225))
	  ->  Bitmap Index Scan on sbtest5_pkey  (cost=0.00..25.93 rows=950 width=0)
	        Index Cond: ((id >= 4328226) AND (id <= 4329225))

table 6 : explain SELECT c FROM sbtest6 WHERE id BETWEEN 8223674 AND 8224673
	Bitmap Heap Scan on sbtest6  (cost=31.25..4080.67 rows=1055 width=121)
	  Recheck Cond: ((id >= 8223674) AND (id <= 8224673))
	  ->  Bitmap Index Scan on sbtest6_pkey  (cost=0.00..30.98 rows=1055 width=0)
	        Index Cond: ((id >= 8223674) AND (id <= 8224673))

table 7 : explain SELECT c FROM sbtest7 WHERE id BETWEEN 7732597 AND 7733596
	Bitmap Heap Scan on sbtest7  (cost=29.78..3544.82 rows=912 width=121)
	  Recheck Cond: ((id >= 7732597) AND (id <= 7733596))
	  ->  Bitmap Index Scan on sbtest7_pkey  (cost=0.00..29.55 rows=912 width=0)
	        Index Cond: ((id >= 7732597) AND (id <= 7733596))

table 8 : explain SELECT c FROM sbtest8 WHERE id BETWEEN 7984643 AND 7985642
	Bitmap Heap Scan on sbtest8  (cost=25.54..3444.19 rows=888 width=121)
	  Recheck Cond: ((id >= 7984643) AND (id <= 7985642))
	  ->  Bitmap Index Scan on sbtest8_pkey  (cost=0.00..25.32 rows=888 width=0)
	        Index Cond: ((id >= 7984643) AND (id <= 7985642))

for: simple_ranges
table 1 : explain SELECT c FROM sbtest1 WHERE id BETWEEN 9147863 AND 9148862
	Bitmap Heap Scan on sbtest1  (cost=31.36..4121.16 rows=1066 width=121)
	  Recheck Cond: ((id >= 9147863) AND (id <= 9148862))
	  ->  Bitmap Index Scan on sbtest1_pkey  (cost=0.00..31.09 rows=1066 width=0)
	        Index Cond: ((id >= 9147863) AND (id <= 9148862))

table 2 : explain SELECT c FROM sbtest2 WHERE id BETWEEN 5867217 AND 5868216
	Bitmap Heap Scan on sbtest2  (cost=25.60..3466.98 rows=894 width=121)
	  Recheck Cond: ((id >= 5867217) AND (id <= 5868216))
	  ->  Bitmap Index Scan on sbtest2_pkey  (cost=0.00..25.37 rows=894 width=0)
	        Index Cond: ((id >= 5867217) AND (id <= 5868216))

table 3 : explain SELECT c FROM sbtest3 WHERE id BETWEEN 4382851 AND 4383850
	Bitmap Heap Scan on sbtest3  (cost=30.65..3866.13 rows=997 width=121)
	  Recheck Cond: ((id >= 4382851) AND (id <= 4383850))
	  ->  Bitmap Index Scan on sbtest3_pkey  (cost=0.00..30.40 rows=997 width=0)
	        Index Cond: ((id >= 4382851) AND (id <= 4383850))

table 4 : explain SELECT c FROM sbtest4 WHERE id BETWEEN 6107401 AND 6108400
	Bitmap Heap Scan on sbtest4  (cost=31.04..4008.39 rows=1035 width=121)
	  Recheck Cond: ((id >= 6107401) AND (id <= 6108400))
	  ->  Bitmap Index Scan on sbtest4_pkey  (cost=0.00..30.79 rows=1035 width=0)
	        Index Cond: ((id >= 6107401) AND (id <= 6108400))

table 5 : explain SELECT c FROM sbtest5 WHERE id BETWEEN 7154789 AND 7155788
	Bitmap Heap Scan on sbtest5  (cost=31.36..4120.33 rows=1066 width=121)
	  Recheck Cond: ((id >= 7154789) AND (id <= 7155788))
	  ->  Bitmap Index Scan on sbtest5_pkey  (cost=0.00..31.09 rows=1066 width=0)
	        Index Cond: ((id >= 7154789) AND (id <= 7155788))

table 6 : explain SELECT c FROM sbtest6 WHERE id BETWEEN 5281549 AND 5282548
	Bitmap Heap Scan on sbtest6  (cost=30.83..3926.17 rows=1014 width=121)
	  Recheck Cond: ((id >= 5281549) AND (id <= 5282548))
	  ->  Bitmap Index Scan on sbtest6_pkey  (cost=0.00..30.57 rows=1014 width=0)
	        Index Cond: ((id >= 5281549) AND (id <= 5282548))

table 7 : explain SELECT c FROM sbtest7 WHERE id BETWEEN 6298780 AND 6299779
	Bitmap Heap Scan on sbtest7  (cost=30.01..3628.18 rows=934 width=121)
	  Recheck Cond: ((id >= 6298780) AND (id <= 6299779))
	  ->  Bitmap Index Scan on sbtest7_pkey  (cost=0.00..29.77 rows=934 width=0)
	        Index Cond: ((id >= 6298780) AND (id <= 6299779))

table 8 : explain SELECT c FROM sbtest8 WHERE id BETWEEN 8124276 AND 8125275
	Bitmap Heap Scan on sbtest8  (cost=29.98..3610.77 rows=931 width=121)
	  Recheck Cond: ((id >= 8124276) AND (id <= 8125275))
	  ->  Bitmap Index Scan on sbtest8_pkey  (cost=0.00..29.75 rows=931 width=0)
	        Index Cond: ((id >= 8124276) AND (id <= 8125275))

for point_selects
table 1 : explain SELECT c FROM sbtest1 WHERE id=8137626
	Index Scan using sbtest1_pkey on sbtest1  (cost=0.43..8.45 rows=1 width=121)
	  Index Cond: (id = 8137626)

table 2 : explain SELECT c FROM sbtest2 WHERE id=3284734
	Index Scan using sbtest2_pkey on sbtest2  (cost=0.43..8.45 rows=1 width=121)
	  Index Cond: (id = 3284734)

table 3 : explain SELECT c FROM sbtest3 WHERE id=9460697
	Index Scan using sbtest3_pkey on sbtest3  (cost=0.43..8.45 rows=1 width=121)
	  Index Cond: (id = 9460697)

table 4 : explain SELECT c FROM sbtest4 WHERE id=2681564
	Index Scan using sbtest4_pkey on sbtest4  (cost=0.43..8.45 rows=1 width=121)
	  Index Cond: (id = 2681564)

table 5 : explain SELECT c FROM sbtest5 WHERE id=3456885
	Index Scan using sbtest5_pkey on sbtest5  (cost=0.43..8.45 rows=1 width=121)
	  Index Cond: (id = 3456885)

table 6 : explain SELECT c FROM sbtest6 WHERE id=5645843
	Index Scan using sbtest6_pkey on sbtest6  (cost=0.43..8.45 rows=1 width=121)
	  Index Cond: (id = 5645843)

table 7 : explain SELECT c FROM sbtest7 WHERE id=3670528
	Index Scan using sbtest7_pkey on sbtest7  (cost=0.43..8.45 rows=1 width=121)
	  Index Cond: (id = 3670528)

table 8 : explain SELECT c FROM sbtest8 WHERE id=6562724
	Index Scan using sbtest8_pkey on sbtest8  (cost=0.43..8.45 rows=1 width=121)
	  Index Cond: (id = 6562724)

explain: for point_selects :: explain SELECT c FROM sbtest%u WHERE id=%u
for point_selects
table 1 : explain SELECT c FROM sbtest1 WHERE id=6089592
	Index Scan using sbtest1_pkey on sbtest1  (cost=0.43..8.45 rows=1 width=121)
	  Index Cond: (id = 6089592)

table 2 : explain SELECT c FROM sbtest2 WHERE id=3572616
	Index Scan using sbtest2_pkey on sbtest2  (cost=0.43..8.45 rows=1 width=121)
	  Index Cond: (id = 3572616)

table 3 : explain SELECT c FROM sbtest3 WHERE id=7453752
	Index Scan using sbtest3_pkey on sbtest3  (cost=0.43..8.45 rows=1 width=121)
	  Index Cond: (id = 7453752)

table 4 : explain SELECT c FROM sbtest4 WHERE id=2612381
	Index Scan using sbtest4_pkey on sbtest4  (cost=0.43..8.45 rows=1 width=121)
	  Index Cond: (id = 2612381)

table 5 : explain SELECT c FROM sbtest5 WHERE id=3628719
	Index Scan using sbtest5_pkey on sbtest5  (cost=0.43..8.45 rows=1 width=121)
	  Index Cond: (id = 3628719)

table 6 : explain SELECT c FROM sbtest6 WHERE id=6999242
	Index Scan using sbtest6_pkey on sbtest6  (cost=0.43..8.45 rows=1 width=121)
	  Index Cond: (id = 6999242)

table 7 : explain SELECT c FROM sbtest7 WHERE id=8241224
	Index Scan using sbtest7_pkey on sbtest7  (cost=0.43..8.45 rows=1 width=121)
	  Index Cond: (id = 8241224)

table 8 : explain SELECT c FROM sbtest8 WHERE id=3125622
	Index Scan using sbtest8_pkey on sbtest8  (cost=0.43..8.45 rows=1 width=121)
	  Index Cond: (id = 3125622)

for point_selects
table 1 : explain SELECT c FROM sbtest1 WHERE id=9297497
	Index Scan using sbtest1_pkey on sbtest1  (cost=0.43..8.45 rows=1 width=121)
	  Index Cond: (id = 9297497)

table 2 : explain SELECT c FROM sbtest2 WHERE id=3570859
	Index Scan using sbtest2_pkey on sbtest2  (cost=0.43..8.45 rows=1 width=121)
	  Index Cond: (id = 3570859)

table 3 : explain SELECT c FROM sbtest3 WHERE id=8755479
	Index Scan using sbtest3_pkey on sbtest3  (cost=0.43..8.45 rows=1 width=121)
	  Index Cond: (id = 8755479)

table 4 : explain SELECT c FROM sbtest4 WHERE id=1271118
	Index Scan using sbtest4_pkey on sbtest4  (cost=0.43..8.45 rows=1 width=121)
	  Index Cond: (id = 1271118)

table 5 : explain SELECT c FROM sbtest5 WHERE id=7632628
	Index Scan using sbtest5_pkey on sbtest5  (cost=0.43..8.45 rows=1 width=121)
	  Index Cond: (id = 7632628)

table 6 : explain SELECT c FROM sbtest6 WHERE id=333741
	Index Scan using sbtest6_pkey on sbtest6  (cost=0.43..8.45 rows=1 width=121)
	  Index Cond: (id = 333741)

table 7 : explain SELECT c FROM sbtest7 WHERE id=1542200
	Index Scan using sbtest7_pkey on sbtest7  (cost=0.43..8.45 rows=1 width=121)
	  Index Cond: (id = 1542200)

table 8 : explain SELECT c FROM sbtest8 WHERE id=5923938
	Index Scan using sbtest8_pkey on sbtest8  (cost=0.43..8.45 rows=1 width=121)
	  Index Cond: (id = 5923938)

for: simple_ranges
table 1 : explain SELECT c FROM sbtest1 WHERE id BETWEEN 8416444 AND 8417443
	Bitmap Heap Scan on sbtest1  (cost=30.26..3717.80 rows=959 width=121)
	  Recheck Cond: ((id >= 8416444) AND (id <= 8417443))
	  ->  Bitmap Index Scan on sbtest1_pkey  (cost=0.00..30.02 rows=959 width=0)
	        Index Cond: ((id >= 8416444) AND (id <= 8417443))

table 2 : explain SELECT c FROM sbtest2 WHERE id BETWEEN 794465 AND 795464
	Bitmap Heap Scan on sbtest2  (cost=29.90..3580.64 rows=923 width=121)
	  Recheck Cond: ((id >= 794465) AND (id <= 795464))
	  ->  Bitmap Index Scan on sbtest2_pkey  (cost=0.00..29.66 rows=923 width=0)
	        Index Cond: ((id >= 794465) AND (id <= 795464))

table 3 : explain SELECT c FROM sbtest3 WHERE id BETWEEN 7726405 AND 7727404
	Bitmap Heap Scan on sbtest3  (cost=31.38..4134.13 rows=1068 width=121)
	  Recheck Cond: ((id >= 7726405) AND (id <= 7727404))
	  ->  Bitmap Index Scan on sbtest3_pkey  (cost=0.00..31.11 rows=1068 width=0)
	        Index Cond: ((id >= 7726405) AND (id <= 7727404))

table 4 : explain SELECT c FROM sbtest4 WHERE id BETWEEN 3174379 AND 3175378
	Bitmap Heap Scan on sbtest4  (cost=30.45..3789.37 rows=977 width=121)
	  Recheck Cond: ((id >= 3174379) AND (id <= 3175378))
	  ->  Bitmap Index Scan on sbtest4_pkey  (cost=0.00..30.20 rows=977 width=0)
	        Index Cond: ((id >= 3174379) AND (id <= 3175378))

table 5 : explain SELECT c FROM sbtest5 WHERE id BETWEEN 1930791 AND 1931790
	Bitmap Heap Scan on sbtest5  (cost=31.04..4003.65 rows=1035 width=121)
	  Recheck Cond: ((id >= 1930791) AND (id <= 1931790))
	  ->  Bitmap Index Scan on sbtest5_pkey  (cost=0.00..30.79 rows=1035 width=0)
	        Index Cond: ((id >= 1930791) AND (id <= 1931790))

table 6 : explain SELECT c FROM sbtest6 WHERE id BETWEEN 6633680 AND 6634679
	Bitmap Heap Scan on sbtest6  (cost=25.79..3540.67 rows=913 width=121)
	  Recheck Cond: ((id >= 6633680) AND (id <= 6634679))
	  ->  Bitmap Index Scan on sbtest6_pkey  (cost=0.00..25.57 rows=913 width=0)
	        Index Cond: ((id >= 6633680) AND (id <= 6634679))

table 7 : explain SELECT c FROM sbtest7 WHERE id BETWEEN 9213311 AND 9214310
	Bitmap Heap Scan on sbtest7  (cost=30.19..3696.33 rows=952 width=121)
	  Recheck Cond: ((id >= 9213311) AND (id <= 9214310))
	  ->  Bitmap Index Scan on sbtest7_pkey  (cost=0.00..29.95 rows=952 width=0)
	        Index Cond: ((id >= 9213311) AND (id <= 9214310))

table 8 : explain SELECT c FROM sbtest8 WHERE id BETWEEN 4521604 AND 4522603
	Bitmap Heap Scan on sbtest8  (cost=31.34..4112.12 rows=1064 width=121)
	  Recheck Cond: ((id >= 4521604) AND (id <= 4522603))
	  ->  Bitmap Index Scan on sbtest8_pkey  (cost=0.00..31.07 rows=1064 width=0)
	        Index Cond: ((id >= 4521604) AND (id <= 4522603))

for: simple_ranges
table 1 : explain SELECT c FROM sbtest1 WHERE id BETWEEN 8448678 AND 8449677
	Bitmap Heap Scan on sbtest1  (cost=30.26..3717.80 rows=959 width=121)
	  Recheck Cond: ((id >= 8448678) AND (id <= 8449677))
	  ->  Bitmap Index Scan on sbtest1_pkey  (cost=0.00..30.02 rows=959 width=0)
	        Index Cond: ((id >= 8448678) AND (id <= 8449677))

table 2 : explain SELECT c FROM sbtest2 WHERE id BETWEEN 121300 AND 122299
	Bitmap Heap Scan on sbtest2  (cost=31.36..4119.76 rows=1066 width=121)
	  Recheck Cond: ((id >= 121300) AND (id <= 122299))
	  ->  Bitmap Index Scan on sbtest2_pkey  (cost=0.00..31.09 rows=1066 width=0)
	        Index Cond: ((id >= 121300) AND (id <= 122299))

table 3 : explain SELECT c FROM sbtest3 WHERE id BETWEEN 8724494 AND 8725493
	Bitmap Heap Scan on sbtest3  (cost=30.50..3809.43 rows=982 width=121)
	  Recheck Cond: ((id >= 8724494) AND (id <= 8725493))
	  ->  Bitmap Index Scan on sbtest3_pkey  (cost=0.00..30.25 rows=982 width=0)
	        Index Cond: ((id >= 8724494) AND (id <= 8725493))

table 4 : explain SELECT c FROM sbtest4 WHERE id BETWEEN 8391153 AND 8392152
	Bitmap Heap Scan on sbtest4  (cost=30.31..3736.44 rows=963 width=121)
	  Recheck Cond: ((id >= 8391153) AND (id <= 8392152))
	  ->  Bitmap Index Scan on sbtest4_pkey  (cost=0.00..30.07 rows=963 width=0)
	        Index Cond: ((id >= 8391153) AND (id <= 8392152))

table 5 : explain SELECT c FROM sbtest5 WHERE id BETWEEN 505570 AND 506569
	Bitmap Heap Scan on sbtest5  (cost=31.32..4105.28 rows=1062 width=121)
	  Recheck Cond: ((id >= 505570) AND (id <= 506569))
	  ->  Bitmap Index Scan on sbtest5_pkey  (cost=0.00..31.05 rows=1062 width=0)
	        Index Cond: ((id >= 505570) AND (id <= 506569))

table 6 : explain SELECT c FROM sbtest6 WHERE id BETWEEN 9592976 AND 9593975
	Bitmap Heap Scan on sbtest6  (cost=30.76..3899.77 rows=1007 width=121)
	  Recheck Cond: ((id >= 9592976) AND (id <= 9593975))
	  ->  Bitmap Index Scan on sbtest6_pkey  (cost=0.00..30.50 rows=1007 width=0)
	        Index Cond: ((id >= 9592976) AND (id <= 9593975))

table 7 : explain SELECT c FROM sbtest7 WHERE id BETWEEN 7832116 AND 7833115
	Bitmap Heap Scan on sbtest7  (cost=31.36..4127.05 rows=1066 width=121)
	  Recheck Cond: ((id >= 7832116) AND (id <= 7833115))
	  ->  Bitmap Index Scan on sbtest7_pkey  (cost=0.00..31.09 rows=1066 width=0)
	        Index Cond: ((id >= 7832116) AND (id <= 7833115))

table 8 : explain SELECT c FROM sbtest8 WHERE id BETWEEN 9179717 AND 9180716
	Bitmap Heap Scan on sbtest8  (cost=31.98..4341.35 rows=1126 width=121)
	  Recheck Cond: ((id >= 9179717) AND (id <= 9180716))
	  ->  Bitmap Index Scan on sbtest8_pkey  (cost=0.00..31.69 rows=1126 width=0)
	        Index Cond: ((id >= 9179717) AND (id <= 9180716))

for: simple_ranges
table 1 : explain SELECT c FROM sbtest1 WHERE id BETWEEN 9422384 AND 9423383
	Bitmap Heap Scan on sbtest1  (cost=30.35..3748.01 rows=967 width=121)
	  Recheck Cond: ((id >= 9422384) AND (id <= 9423383))
	  ->  Bitmap Index Scan on sbtest1_pkey  (cost=0.00..30.11 rows=967 width=0)
	        Index Cond: ((id >= 9422384) AND (id <= 9423383))

table 2 : explain SELECT c FROM sbtest2 WHERE id BETWEEN 4129876 AND 4130875
	Bitmap Heap Scan on sbtest2  (cost=30.09..3652.42 rows=942 width=121)
	  Recheck Cond: ((id >= 4129876) AND (id <= 4130875))
	  ->  Bitmap Index Scan on sbtest2_pkey  (cost=0.00..29.86 rows=942 width=0)
	        Index Cond: ((id >= 4129876) AND (id <= 4130875))

table 3 : explain SELECT c FROM sbtest3 WHERE id BETWEEN 2440750 AND 2441749
	Bitmap Heap Scan on sbtest3  (cost=30.11..3665.66 rows=944 width=121)
	  Recheck Cond: ((id >= 2440750) AND (id <= 2441749))
	  ->  Bitmap Index Scan on sbtest3_pkey  (cost=0.00..29.87 rows=944 width=0)
	        Index Cond: ((id >= 2440750) AND (id <= 2441749))

table 4 : explain SELECT c FROM sbtest4 WHERE id BETWEEN 2977596 AND 2978595
	Bitmap Heap Scan on sbtest4  (cost=31.02..4000.84 rows=1033 width=121)
	  Recheck Cond: ((id >= 2977596) AND (id <= 2978595))
	  ->  Bitmap Index Scan on sbtest4_pkey  (cost=0.00..30.76 rows=1033 width=0)
	        Index Cond: ((id >= 2977596) AND (id <= 2978595))

table 5 : explain SELECT c FROM sbtest5 WHERE id BETWEEN 7679980 AND 7680979
	Bitmap Heap Scan on sbtest5  (cost=30.41..3769.93 rows=973 width=121)
	  Recheck Cond: ((id >= 7679980) AND (id <= 7680979))
	  ->  Bitmap Index Scan on sbtest5_pkey  (cost=0.00..30.16 rows=973 width=0)
	        Index Cond: ((id >= 7679980) AND (id <= 7680979))

table 6 : explain SELECT c FROM sbtest6 WHERE id BETWEEN 4715255 AND 4716254
	Bitmap Heap Scan on sbtest6  (cost=30.29..3726.14 rows=961 width=121)
	  Recheck Cond: ((id >= 4715255) AND (id <= 4716254))
	  ->  Bitmap Index Scan on sbtest6_pkey  (cost=0.00..30.04 rows=961 width=0)
	        Index Cond: ((id >= 4715255) AND (id <= 4716254))

table 7 : explain SELECT c FROM sbtest7 WHERE id BETWEEN 2995143 AND 2996142
	Bitmap Heap Scan on sbtest7  (cost=31.55..4194.91 rows=1084 width=121)
	  Recheck Cond: ((id >= 2995143) AND (id <= 2996142))
	  ->  Bitmap Index Scan on sbtest7_pkey  (cost=0.00..31.27 rows=1084 width=0)
	        Index Cond: ((id >= 2995143) AND (id <= 2996142))

table 8 : explain SELECT c FROM sbtest8 WHERE id BETWEEN 2944727 AND 2945726
	Bitmap Heap Scan on sbtest8  (cost=31.44..4149.73 rows=1074 width=121)
	  Recheck Cond: ((id >= 2944727) AND (id <= 2945726))
	  ->  Bitmap Index Scan on sbtest8_pkey  (cost=0.00..31.18 rows=1074 width=0)
	        Index Cond: ((id >= 2944727) AND (id <= 2945726))

explain: for point_selects :: explain SELECT c FROM sbtest%u WHERE id=%u
explain: for point_selects :: explain SELECT c FROM sbtest%u WHERE id=%u
explain: for point_selects :: explain SELECT c FROM sbtest%u WHERE id=%u
for point_selects
table 1 : explain SELECT c FROM sbtest1 WHERE id=6148143
	Index Scan using sbtest1_pkey on sbtest1  (cost=0.43..8.45 rows=1 width=121)
	  Index Cond: (id = 6148143)

table 2 : explain SELECT c FROM sbtest2 WHERE id=612356
	Index Scan using sbtest2_pkey on sbtest2  (cost=0.43..8.45 rows=1 width=121)
	  Index Cond: (id = 612356)

table 3 : explain SELECT c FROM sbtest3 WHERE id=3230693
	Index Scan using sbtest3_pkey on sbtest3  (cost=0.43..8.45 rows=1 width=121)
	  Index Cond: (id = 3230693)

table 4 : explain SELECT c FROM sbtest4 WHERE id=1462650
	Index Scan using sbtest4_pkey on sbtest4  (cost=0.43..8.45 rows=1 width=121)
	  Index Cond: (id = 1462650)

table 5 : explain SELECT c FROM sbtest5 WHERE id=5111712
	Index Scan using sbtest5_pkey on sbtest5  (cost=0.43..8.45 rows=1 width=121)
	  Index Cond: (id = 5111712)

table 6 : explain SELECT c FROM sbtest6 WHERE id=1978495
	Index Scan using sbtest6_pkey on sbtest6  (cost=0.43..8.45 rows=1 width=121)
	  Index Cond: (id = 1978495)

table 7 : explain SELECT c FROM sbtest7 WHERE id=2790855
	Index Scan using sbtest7_pkey on sbtest7  (cost=0.43..8.45 rows=1 width=121)
	  Index Cond: (id = 2790855)

table 8 : explain SELECT c FROM sbtest8 WHERE id=3154737
	Index Scan using sbtest8_pkey on sbtest8  (cost=0.43..8.45 rows=1 width=121)
	  Index Cond: (id = 3154737)

explain: for point_selects :: explain SELECT c FROM sbtest%u WHERE id=%u
for point_selects
table 1 : explain SELECT c FROM sbtest1 WHERE id=2017263
	Index Scan using sbtest1_pkey on sbtest1  (cost=0.43..8.45 rows=1 width=121)
	  Index Cond: (id = 2017263)

table 2 : explain SELECT c FROM sbtest2 WHERE id=1497031
	Index Scan using sbtest2_pkey on sbtest2  (cost=0.43..8.45 rows=1 width=121)
	  Index Cond: (id = 1497031)

table 3 : explain SELECT c FROM sbtest3 WHERE id=3165811
	Index Scan using sbtest3_pkey on sbtest3  (cost=0.43..8.45 rows=1 width=121)
	  Index Cond: (id = 3165811)

table 4 : explain SELECT c FROM sbtest4 WHERE id=8400984
	Index Scan using sbtest4_pkey on sbtest4  (cost=0.43..8.45 rows=1 width=121)
	  Index Cond: (id = 8400984)

table 5 : explain SELECT c FROM sbtest5 WHERE id=162292
	Index Scan using sbtest5_pkey on sbtest5  (cost=0.43..8.45 rows=1 width=121)
	  Index Cond: (id = 162292)

table 6 : explain SELECT c FROM sbtest6 WHERE id=343392
	Index Scan using sbtest6_pkey on sbtest6  (cost=0.43..8.45 rows=1 width=121)
	  Index Cond: (id = 343392)

table 7 : explain SELECT c FROM sbtest7 WHERE id=9726548
	Index Scan using sbtest7_pkey on sbtest7  (cost=0.43..8.45 rows=1 width=121)
	  Index Cond: (id = 9726548)

table 8 : explain SELECT c FROM sbtest8 WHERE id=7859350
	Index Scan using sbtest8_pkey on sbtest8  (cost=0.43..8.45 rows=1 width=121)
	  Index Cond: (id = 7859350)

for: sum_ranges
table 1 : explain SELECT SUM(k) FROM sbtest1 WHERE id BETWEEN 8588416 AND 8589415
	Aggregate  (cost=3515.72..3515.73 rows=1 width=8)
	  ->  Bitmap Heap Scan on sbtest1  (cost=25.72..3513.46 rows=906 width=4)
	        Recheck Cond: ((id >= 8588416) AND (id <= 8589415))
	        ->  Bitmap Index Scan on sbtest1_pkey  (cost=0.00..25.50 rows=906 width=0)
	              Index Cond: ((id >= 8588416) AND (id <= 8589415))

table 2 : explain SELECT SUM(k) FROM sbtest2 WHERE id BETWEEN 9421517 AND 9422516
	Aggregate  (cost=4077.26..4077.27 rows=1 width=8)
	  ->  Bitmap Heap Scan on sbtest2  (cost=31.24..4074.62 rows=1054 width=4)
	        Recheck Cond: ((id >= 9421517) AND (id <= 9422516))
	        ->  Bitmap Index Scan on sbtest2_pkey  (cost=0.00..30.97 rows=1054 width=0)
	              Index Cond: ((id >= 9421517) AND (id <= 9422516))

table 3 : explain SELECT SUM(k) FROM sbtest3 WHERE id BETWEEN 2264508 AND 2265507
	Aggregate  (cost=3868.62..3868.63 rows=1 width=8)
	  ->  Bitmap Heap Scan on sbtest3  (cost=30.65..3866.13 rows=997 width=4)
	        Recheck Cond: ((id >= 2264508) AND (id <= 2265507))
	        ->  Bitmap Index Scan on sbtest3_pkey  (cost=0.00..30.40 rows=997 width=0)
	              Index Cond: ((id >= 2264508) AND (id <= 2265507))

table 4 : explain SELECT SUM(k) FROM sbtest4 WHERE id BETWEEN 4412971 AND 4413970
	Aggregate  (cost=3632.63..3632.64 rows=1 width=8)
	  ->  Bitmap Heap Scan on sbtest4  (cost=26.03..3630.29 rows=936 width=4)
	        Recheck Cond: ((id >= 4412971) AND (id <= 4413970))
	        ->  Bitmap Index Scan on sbtest4_pkey  (cost=0.00..25.79 rows=936 width=0)
	              Index Cond: ((id >= 4412971) AND (id <= 4413970))

table 5 : explain SELECT SUM(k) FROM sbtest5 WHERE id BETWEEN 4350918 AND 4351917
	Aggregate  (cost=3681.48..3681.49 rows=1 width=8)
	  ->  Bitmap Heap Scan on sbtest5  (cost=26.17..3679.11 rows=950 width=4)
	        Recheck Cond: ((id >= 4350918) AND (id <= 4351917))
	        ->  Bitmap Index Scan on sbtest5_pkey  (cost=0.00..25.93 rows=950 width=0)
	              Index Cond: ((id >= 4350918) AND (id <= 4351917))

table 6 : explain SELECT SUM(k) FROM sbtest6 WHERE id BETWEEN 9485451 AND 9486450
	Aggregate  (cost=4437.00..4437.01 rows=1 width=8)
	  ->  Bitmap Heap Scan on sbtest6  (cost=32.22..4434.13 rows=1150 width=4)
	        Recheck Cond: ((id >= 9485451) AND (id <= 9486450))
	        ->  Bitmap Index Scan on sbtest6_pkey  (cost=0.00..31.93 rows=1150 width=0)
	              Index Cond: ((id >= 9485451) AND (id <= 9486450))

table 7 : explain SELECT SUM(k) FROM sbtest7 WHERE id BETWEEN 5395830 AND 5396829
	Aggregate  (cost=3603.98..3603.99 rows=1 width=8)
	  ->  Bitmap Heap Scan on sbtest7  (cost=29.94..3601.66 rows=927 width=4)
	        Recheck Cond: ((id >= 5395830) AND (id <= 5396829))
	        ->  Bitmap Index Scan on sbtest7_pkey  (cost=0.00..29.70 rows=927 width=0)
	              Index Cond: ((id >= 5395830) AND (id <= 5396829))

table 8 : explain SELECT SUM(k) FROM sbtest8 WHERE id BETWEEN 2377015 AND 2378014
	Aggregate  (cost=3684.91..3684.92 rows=1 width=8)
	  ->  Bitmap Heap Scan on sbtest8  (cost=30.17..3682.53 rows=950 width=4)
	        Recheck Cond: ((id >= 2377015) AND (id <= 2378014))
	        ->  Bitmap Index Scan on sbtest8_pkey  (cost=0.00..29.93 rows=950 width=0)
	              Index Cond: ((id >= 2377015) AND (id <= 2378014))

for: simple_ranges
table 1 : explain SELECT c FROM sbtest1 WHERE id BETWEEN 3330845 AND 3331844
	Bitmap Heap Scan on sbtest1  (cost=30.33..3740.45 rows=965 width=121)
	  Recheck Cond: ((id >= 3330845) AND (id <= 3331844))
	  ->  Bitmap Index Scan on sbtest1_pkey  (cost=0.00..30.08 rows=965 width=0)
	        Index Cond: ((id >= 3330845) AND (id <= 3331844))

table 2 : explain SELECT c FROM sbtest2 WHERE id BETWEEN 8657327 AND 8658326
	Bitmap Heap Scan on sbtest2  (cost=30.19..3690.18 rows=952 width=121)
	  Recheck Cond: ((id >= 8657327) AND (id <= 8658326))
	  ->  Bitmap Index Scan on sbtest2_pkey  (cost=0.00..29.95 rows=952 width=0)
	        Index Cond: ((id >= 8657327) AND (id <= 8658326))

table 3 : explain SELECT c FROM sbtest3 WHERE id BETWEEN 1843108 AND 1844107
	Bitmap Heap Scan on sbtest3  (cost=30.96..3979.45 rows=1027 width=121)
	  Recheck Cond: ((id >= 1843108) AND (id <= 1844107))
	  ->  Bitmap Index Scan on sbtest3_pkey  (cost=0.00..30.70 rows=1027 width=0)
	        Index Cond: ((id >= 1843108) AND (id <= 1844107))

table 4 : explain SELECT c FROM sbtest4 WHERE id BETWEEN 9803125 AND 9804124
	Bitmap Heap Scan on sbtest4  (cost=30.22..3706.19 rows=955 width=121)
	  Recheck Cond: ((id >= 9803125) AND (id <= 9804124))
	  ->  Bitmap Index Scan on sbtest4_pkey  (cost=0.00..29.98 rows=955 width=0)
	        Index Cond: ((id >= 9803125) AND (id <= 9804124))

table 5 : explain SELECT c FROM sbtest5 WHERE id BETWEEN 2394194 AND 2395193
	Bitmap Heap Scan on sbtest5  (cost=26.06..3637.55 rows=939 width=121)
	  Recheck Cond: ((id >= 2394194) AND (id <= 2395193))
	  ->  Bitmap Index Scan on sbtest5_pkey  (cost=0.00..25.82 rows=939 width=0)
	        Index Cond: ((id >= 2394194) AND (id <= 2395193))

table 6 : explain SELECT c FROM sbtest6 WHERE id BETWEEN 2686804 AND 2687803
	Bitmap Heap Scan on sbtest6  (cost=30.38..3760.13 rows=970 width=121)
	  Recheck Cond: ((id >= 2686804) AND (id <= 2687803))
	  ->  Bitmap Index Scan on sbtest6_pkey  (cost=0.00..30.14 rows=970 width=0)
	        Index Cond: ((id >= 2686804) AND (id <= 2687803))

table 7 : explain SELECT c FROM sbtest7 WHERE id BETWEEN 5261973 AND 5262972
	Bitmap Heap Scan on sbtest7  (cost=30.96..3979.88 rows=1027 width=121)
	  Recheck Cond: ((id >= 5261973) AND (id <= 5262972))
	  ->  Bitmap Index Scan on sbtest7_pkey  (cost=0.00..30.70 rows=1027 width=0)
	        Index Cond: ((id >= 5261973) AND (id <= 5262972))

table 8 : explain SELECT c FROM sbtest8 WHERE id BETWEEN 1075464 AND 1076463
	Bitmap Heap Scan on sbtest8  (cost=30.48..3795.75 rows=980 width=121)
	  Recheck Cond: ((id >= 1075464) AND (id <= 1076463))
	  ->  Bitmap Index Scan on sbtest8_pkey  (cost=0.00..30.23 rows=980 width=0)
	        Index Cond: ((id >= 1075464) AND (id <= 1076463))

for point_selects
table 1 : explain SELECT c FROM sbtest1 WHERE id=8415626
	Index Scan using sbtest1_pkey on sbtest1  (cost=0.43..8.45 rows=1 width=121)
	  Index Cond: (id = 8415626)

table 2 : explain SELECT c FROM sbtest2 WHERE id=9855866
	Index Scan using sbtest2_pkey on sbtest2  (cost=0.43..8.45 rows=1 width=121)
	  Index Cond: (id = 9855866)

table 3 : explain SELECT c FROM sbtest3 WHERE id=555275
	Index Scan using sbtest3_pkey on sbtest3  (cost=0.43..8.45 rows=1 width=121)
	  Index Cond: (id = 555275)

table 4 : explain SELECT c FROM sbtest4 WHERE id=6953081
	Index Scan using sbtest4_pkey on sbtest4  (cost=0.43..8.45 rows=1 width=121)
	  Index Cond: (id = 6953081)

table 5 : explain SELECT c FROM sbtest5 WHERE id=2723556
	Index Scan using sbtest5_pkey on sbtest5  (cost=0.43..8.45 rows=1 width=121)
	  Index Cond: (id = 2723556)

table 6 : explain SELECT c FROM sbtest6 WHERE id=6488418
	Index Scan using sbtest6_pkey on sbtest6  (cost=0.43..8.45 rows=1 width=121)
	  Index Cond: (id = 6488418)

table 7 : explain SELECT c FROM sbtest7 WHERE id=7173577
	Index Scan using sbtest7_pkey on sbtest7  (cost=0.43..8.45 rows=1 width=121)
	  Index Cond: (id = 7173577)

table 8 : explain SELECT c FROM sbtest8 WHERE id=5397990
	Index Scan using sbtest8_pkey on sbtest8  (cost=0.43..8.45 rows=1 width=121)
	  Index Cond: (id = 5397990)

for: simple_ranges
table 1 : explain SELECT c FROM sbtest1 WHERE id BETWEEN 4049352 AND 4050351
	Bitmap Heap Scan on sbtest1  (cost=30.58..3834.81 rows=990 width=121)
	  Recheck Cond: ((id >= 4049352) AND (id <= 4050351))
	  ->  Bitmap Index Scan on sbtest1_pkey  (cost=0.00..30.33 rows=990 width=0)
	        Index Cond: ((id >= 4049352) AND (id <= 4050351))

table 2 : explain SELECT c FROM sbtest2 WHERE id BETWEEN 3563220 AND 3564219
	Bitmap Heap Scan on sbtest2  (cost=30.53..3814.71 rows=985 width=121)
	  Recheck Cond: ((id >= 3563220) AND (id <= 3564219))
	  ->  Bitmap Index Scan on sbtest2_pkey  (cost=0.00..30.29 rows=985 width=0)
	        Index Cond: ((id >= 3563220) AND (id <= 3564219))

table 3 : explain SELECT c FROM sbtest3 WHERE id BETWEEN 9305349 AND 9306348
	Bitmap Heap Scan on sbtest3  (cost=29.82..3559.62 rows=916 width=121)
	  Recheck Cond: ((id >= 9305349) AND (id <= 9306348))
	  ->  Bitmap Index Scan on sbtest3_pkey  (cost=0.00..29.59 rows=916 width=0)
	        Index Cond: ((id >= 9305349) AND (id <= 9306348))

table 4 : explain SELECT c FROM sbtest4 WHERE id BETWEEN 2761663 AND 2762662
	Bitmap Heap Scan on sbtest4  (cost=30.98..3985.75 rows=1029 width=121)
	  Recheck Cond: ((id >= 2761663) AND (id <= 2762662))
	  ->  Bitmap Index Scan on sbtest4_pkey  (cost=0.00..30.72 rows=1029 width=0)
	        Index Cond: ((id >= 2761663) AND (id <= 2762662))

table 5 : explain SELECT c FROM sbtest5 WHERE id BETWEEN 5489135 AND 5490134
	Bitmap Heap Scan on sbtest5  (cost=26.01..3618.66 rows=934 width=121)
	  Recheck Cond: ((id >= 5489135) AND (id <= 5490134))
	  ->  Bitmap Index Scan on sbtest5_pkey  (cost=0.00..25.77 rows=934 width=0)
	        Index Cond: ((id >= 5489135) AND (id <= 5490134))

table 6 : explain SELECT c FROM sbtest6 WHERE id BETWEEN 9120325 AND 9121324
	Bitmap Heap Scan on sbtest6  (cost=31.17..4050.54 rows=1047 width=121)
	  Recheck Cond: ((id >= 9120325) AND (id <= 9121324))
	  ->  Bitmap Index Scan on sbtest6_pkey  (cost=0.00..30.90 rows=1047 width=0)
	        Index Cond: ((id >= 9120325) AND (id <= 9121324))

table 7 : explain SELECT c FROM sbtest7 WHERE id BETWEEN 6820691 AND 6821690
	Bitmap Heap Scan on sbtest7  (cost=31.16..4051.60 rows=1046 width=121)
	  Recheck Cond: ((id >= 6820691) AND (id <= 6821690))
	  ->  Bitmap Index Scan on sbtest7_pkey  (cost=0.00..30.89 rows=1046 width=0)
	        Index Cond: ((id >= 6820691) AND (id <= 6821690))

table 8 : explain SELECT c FROM sbtest8 WHERE id BETWEEN 3173204 AND 3174203
	Bitmap Heap Scan on sbtest8  (cost=36.97..4708.89 rows=1223 width=121)
	  Recheck Cond: ((id >= 3173204) AND (id <= 3174203))
	  ->  Bitmap Index Scan on sbtest8_pkey  (cost=0.00..36.67 rows=1223 width=0)
	        Index Cond: ((id >= 3173204) AND (id <= 3174203))

for: sum_ranges
table 1 : explain SELECT SUM(k) FROM sbtest1 WHERE id BETWEEN 228009 AND 229008
	Aggregate  (cost=3939.16..3939.17 rows=1 width=8)
	  ->  Bitmap Heap Scan on sbtest1  (cost=30.86..3936.62 rows=1017 width=4)
	        Recheck Cond: ((id >= 228009) AND (id <= 229008))
	        ->  Bitmap Index Scan on sbtest1_pkey  (cost=0.00..30.61 rows=1017 width=0)
	              Index Cond: ((id >= 228009) AND (id <= 229008))

table 2 : explain SELECT SUM(k) FROM sbtest2 WHERE id BETWEEN 5804358 AND 5805357
	Aggregate  (cost=3741.67..3741.68 rows=1 width=8)
	  ->  Bitmap Heap Scan on sbtest2  (cost=30.33..3739.26 rows=965 width=4)
	        Recheck Cond: ((id >= 5804358) AND (id <= 5805357))
	        ->  Bitmap Index Scan on sbtest2_pkey  (cost=0.00..30.08 rows=965 width=0)
	              Index Cond: ((id >= 5804358) AND (id <= 5805357))

table 3 : explain SELECT SUM(k) FROM sbtest3 WHERE id BETWEEN 2701809 AND 2702808
	Aggregate  (cost=3872.40..3872.41 rows=1 width=8)
	  ->  Bitmap Heap Scan on sbtest3  (cost=30.66..3869.91 rows=998 width=4)
	        Recheck Cond: ((id >= 2701809) AND (id <= 2702808))
	        ->  Bitmap Index Scan on sbtest3_pkey  (cost=0.00..30.41 rows=998 width=0)
	              Index Cond: ((id >= 2701809) AND (id <= 2702808))

table 4 : explain SELECT SUM(k) FROM sbtest4 WHERE id BETWEEN 9178242 AND 9179241
	Aggregate  (cost=3753.98..3753.99 rows=1 width=8)
	  ->  Bitmap Heap Scan on sbtest4  (cost=30.35..3751.57 rows=967 width=4)
	        Recheck Cond: ((id >= 9178242) AND (id <= 9179241))
	        ->  Bitmap Index Scan on sbtest4_pkey  (cost=0.00..30.11 rows=967 width=0)
	              Index Cond: ((id >= 9178242) AND (id <= 9179241))

table 5 : explain SELECT SUM(k) FROM sbtest5 WHERE id BETWEEN 7986295 AND 7987294
	Aggregate  (cost=3707.93..3707.94 rows=1 width=8)
	  ->  Bitmap Heap Scan on sbtest5  (cost=26.24..3705.54 rows=957 width=4)
	        Recheck Cond: ((id >= 7986295) AND (id <= 7987294))
	        ->  Bitmap Index Scan on sbtest5_pkey  (cost=0.00..26.00 rows=957 width=0)
	              Index Cond: ((id >= 7986295) AND (id <= 7987294))

table 6 : explain SELECT SUM(k) FROM sbtest6 WHERE id BETWEEN 6845971 AND 6846970
	Aggregate  (cost=3486.14..3486.15 rows=1 width=8)
	  ->  Bitmap Heap Scan on sbtest6  (cost=25.64..3483.90 rows=898 width=4)
	        Recheck Cond: ((id >= 6845971) AND (id <= 6846970))
	        ->  Bitmap Index Scan on sbtest6_pkey  (cost=0.00..25.41 rows=898 width=0)
	              Index Cond: ((id >= 6845971) AND (id <= 6846970))

table 7 : explain SELECT SUM(k) FROM sbtest7 WHERE id BETWEEN 8271810 AND 8272809
	Aggregate  (cost=3622.93..3622.94 rows=1 width=8)
	  ->  Bitmap Heap Scan on sbtest7  (cost=29.99..3620.60 rows=932 width=4)
	        Recheck Cond: ((id >= 8271810) AND (id <= 8272809))
	        ->  Bitmap Index Scan on sbtest7_pkey  (cost=0.00..29.75 rows=932 width=0)
	              Index Cond: ((id >= 8271810) AND (id <= 8272809))

table 8 : explain SELECT SUM(k) FROM sbtest8 WHERE id BETWEEN 8498297 AND 8499296
	Aggregate  (cost=3801.97..3801.98 rows=1 width=8)
	  ->  Bitmap Heap Scan on sbtest8  (cost=30.49..3799.52 rows=981 width=4)
	        Recheck Cond: ((id >= 8498297) AND (id <= 8499296))
	        ->  Bitmap Index Scan on sbtest8_pkey  (cost=0.00..30.25 rows=981 width=0)
	              Index Cond: ((id >= 8498297) AND (id <= 8499296))

for: simple_ranges
table 1 : explain SELECT c FROM sbtest1 WHERE id BETWEEN 1791606 AND 1792605
	Bitmap Heap Scan on sbtest1  (cost=30.08..3649.80 rows=941 width=121)
	  Recheck Cond: ((id >= 1791606) AND (id <= 1792605))
	  ->  Bitmap Index Scan on sbtest1_pkey  (cost=0.00..29.84 rows=941 width=0)
	        Index Cond: ((id >= 1791606) AND (id <= 1792605))

table 2 : explain SELECT c FROM sbtest2 WHERE id BETWEEN 7665728 AND 7666727
	Bitmap Heap Scan on sbtest2  (cost=30.91..3954.16 rows=1022 width=121)
	  Recheck Cond: ((id >= 7665728) AND (id <= 7666727))
	  ->  Bitmap Index Scan on sbtest2_pkey  (cost=0.00..30.65 rows=1022 width=0)
	        Index Cond: ((id >= 7665728) AND (id <= 7666727))

table 3 : explain SELECT c FROM sbtest3 WHERE id BETWEEN 3323607 AND 3324606
	Bitmap Heap Scan on sbtest3  (cost=30.73..3892.58 rows=1004 width=121)
	  Recheck Cond: ((id >= 3323607) AND (id <= 3324606))
	  ->  Bitmap Index Scan on sbtest3_pkey  (cost=0.00..30.47 rows=1004 width=0)
	        Index Cond: ((id >= 3323607) AND (id <= 3324606))

table 4 : explain SELECT c FROM sbtest4 WHERE id BETWEEN 4280126 AND 4281125
	Bitmap Heap Scan on sbtest4  (cost=30.65..3864.94 rows=997 width=121)
	  Recheck Cond: ((id >= 4280126) AND (id <= 4281125))
	  ->  Bitmap Index Scan on sbtest4_pkey  (cost=0.00..30.40 rows=997 width=0)
	        Index Cond: ((id >= 4280126) AND (id <= 4281125))

table 5 : explain SELECT c FROM sbtest5 WHERE id BETWEEN 3775204 AND 3776203
	Bitmap Heap Scan on sbtest5  (cost=30.36..3751.06 rows=968 width=121)
	  Recheck Cond: ((id >= 3775204) AND (id <= 3776203))
	  ->  Bitmap Index Scan on sbtest5_pkey  (cost=0.00..30.11 rows=968 width=0)
	        Index Cond: ((id >= 3775204) AND (id <= 3776203))

table 6 : explain SELECT c FROM sbtest6 WHERE id BETWEEN 6064648 AND 6065647
	Bitmap Heap Scan on sbtest6  (cost=31.06..4012.86 rows=1037 width=121)
	  Recheck Cond: ((id >= 6064648) AND (id <= 6065647))
	  ->  Bitmap Index Scan on sbtest6_pkey  (cost=0.00..30.80 rows=1037 width=0)
	        Index Cond: ((id >= 6064648) AND (id <= 6065647))

table 7 : explain SELECT c FROM sbtest7 WHERE id BETWEEN 9257941 AND 9258940
	Bitmap Heap Scan on sbtest7  (cost=30.19..3696.33 rows=952 width=121)
	  Recheck Cond: ((id >= 9257941) AND (id <= 9258940))
	  ->  Bitmap Index Scan on sbtest7_pkey  (cost=0.00..29.95 rows=952 width=0)
	        Index Cond: ((id >= 9257941) AND (id <= 9258940))

table 8 : explain SELECT c FROM sbtest8 WHERE id BETWEEN 8941237 AND 8942236
	Bitmap Heap Scan on sbtest8  (cost=31.72..4251.20 rows=1101 width=121)
	  Recheck Cond: ((id >= 8941237) AND (id <= 8942236))
	  ->  Bitmap Index Scan on sbtest8_pkey  (cost=0.00..31.44 rows=1101 width=0)
	        Index Cond: ((id >= 8941237) AND (id <= 8942236))

for point_selects
table 1 : explain SELECT c FROM sbtest1 WHERE id=109008
	Index Scan using sbtest1_pkey on sbtest1  (cost=0.43..8.45 rows=1 width=121)
	  Index Cond: (id = 109008)

table 2 : explain SELECT c FROM sbtest2 WHERE id=857395
	Index Scan using sbtest2_pkey on sbtest2  (cost=0.43..8.45 rows=1 width=121)
	  Index Cond: (id = 857395)

table 3 : explain SELECT c FROM sbtest3 WHERE id=3776852
	Index Scan using sbtest3_pkey on sbtest3  (cost=0.43..8.45 rows=1 width=121)
	  Index Cond: (id = 3776852)

table 4 : explain SELECT c FROM sbtest4 WHERE id=9941886
	Index Scan using sbtest4_pkey on sbtest4  (cost=0.43..8.45 rows=1 width=121)
	  Index Cond: (id = 9941886)

table 5 : explain SELECT c FROM sbtest5 WHERE id=7803720
	Index Scan using sbtest5_pkey on sbtest5  (cost=0.43..8.45 rows=1 width=121)
	  Index Cond: (id = 7803720)

table 6 : explain SELECT c FROM sbtest6 WHERE id=9483162
	Index Scan using sbtest6_pkey on sbtest6  (cost=0.43..8.45 rows=1 width=121)
	  Index Cond: (id = 9483162)

table 7 : explain SELECT c FROM sbtest7 WHERE id=2533141
	Index Scan using sbtest7_pkey on sbtest7  (cost=0.43..8.45 rows=1 width=121)
	  Index Cond: (id = 2533141)

table 8 : explain SELECT c FROM sbtest8 WHERE id=6989091
	Index Scan using sbtest8_pkey on sbtest8  (cost=0.43..8.45 rows=1 width=121)
	  Index Cond: (id = 6989091)

explain: for point_selects :: explain SELECT c FROM sbtest%u WHERE id=%u
for: sum_ranges
table 1 : explain SELECT SUM(k) FROM sbtest1 WHERE id BETWEEN 9904972 AND 9905971
	Aggregate  (cost=3916.53..3916.54 rows=1 width=8)
	  ->  Bitmap Heap Scan on sbtest1  (cost=30.80..3914.00 rows=1011 width=4)
	        Recheck Cond: ((id >= 9904972) AND (id <= 9905971))
	        ->  Bitmap Index Scan on sbtest1_pkey  (cost=0.00..30.54 rows=1011 width=0)
	              Index Cond: ((id >= 9904972) AND (id <= 9905971))

table 2 : explain SELECT SUM(k) FROM sbtest2 WHERE id BETWEEN 3975148 AND 3976147
	Aggregate  (cost=3643.44..3643.45 rows=1 width=8)
	  ->  Bitmap Heap Scan on sbtest2  (cost=30.06..3641.09 rows=939 width=4)
	        Recheck Cond: ((id >= 3975148) AND (id <= 3976147))
	        ->  Bitmap Index Scan on sbtest2_pkey  (cost=0.00..29.82 rows=939 width=0)
	              Index Cond: ((id >= 3975148) AND (id <= 3976147))

table 3 : explain SELECT SUM(k) FROM sbtest3 WHERE id BETWEEN 1041838 AND 1042837
	Aggregate  (cost=4434.73..4434.74 rows=1 width=8)
	  ->  Bitmap Heap Scan on sbtest3  (cost=36.18..4431.87 rows=1146 width=4)
	        Recheck Cond: ((id >= 1041838) AND (id <= 1042837))
	        ->  Bitmap Index Scan on sbtest3_pkey  (cost=0.00..35.90 rows=1146 width=0)
	              Index Cond: ((id >= 1041838) AND (id <= 1042837))

table 4 : explain SELECT SUM(k) FROM sbtest4 WHERE id BETWEEN 3573993 AND 3574992
	Aggregate  (cost=4512.03..4512.04 rows=1 width=8)
	  ->  Bitmap Heap Scan on sbtest4  (cost=32.42..4509.11 rows=1169 width=4)
	        Recheck Cond: ((id >= 3573993) AND (id <= 3574992))
	        ->  Bitmap Index Scan on sbtest4_pkey  (cost=0.00..32.12 rows=1169 width=0)
	              Index Cond: ((id >= 3573993) AND (id <= 3574992))

table 5 : explain SELECT SUM(k) FROM sbtest5 WHERE id BETWEEN 319382 AND 320381
	Aggregate  (cost=3666.36..3666.37 rows=1 width=8)
	  ->  Bitmap Heap Scan on sbtest5  (cost=26.13..3664.00 rows=946 width=4)
	        Recheck Cond: ((id >= 319382) AND (id <= 320381))
	        ->  Bitmap Index Scan on sbtest5_pkey  (cost=0.00..25.89 rows=946 width=0)
	              Index Cond: ((id >= 319382) AND (id <= 320381))

table 6 : explain SELECT SUM(k) FROM sbtest6 WHERE id BETWEEN 6596288 AND 6597287
	Aggregate  (cost=3542.95..3542.96 rows=1 width=8)
	  ->  Bitmap Heap Scan on sbtest6  (cost=25.79..3540.67 rows=913 width=4)
	        Recheck Cond: ((id >= 6596288) AND (id <= 6597287))
	        ->  Bitmap Index Scan on sbtest6_pkey  (cost=0.00..25.57 rows=913 width=0)
	              Index Cond: ((id >= 6596288) AND (id <= 6597287))

table 7 : explain SELECT SUM(k) FROM sbtest7 WHERE id BETWEEN 8425263 AND 8426262
	Aggregate  (cost=4039.11..4039.12 rows=1 width=8)
	  ->  Bitmap Heap Scan on sbtest7  (cost=31.12..4036.50 rows=1042 width=4)
	        Recheck Cond: ((id >= 8425263) AND (id <= 8426262))
	        ->  Bitmap Index Scan on sbtest7_pkey  (cost=0.00..30.86 rows=1042 width=0)
	              Index Cond: ((id >= 8425263) AND (id <= 8426262))

table 8 : explain SELECT SUM(k) FROM sbtest8 WHERE id BETWEEN 4322114 AND 4323113
	Aggregate  (cost=3813.29..3813.30 rows=1 width=8)
	  ->  Bitmap Heap Scan on sbtest8  (cost=30.52..3810.83 rows=984 width=4)
	        Recheck Cond: ((id >= 4322114) AND (id <= 4323113))
	        ->  Bitmap Index Scan on sbtest8_pkey  (cost=0.00..30.27 rows=984 width=0)
	              Index Cond: ((id >= 4322114) AND (id <= 4323113))

for: simple_ranges
table 1 : explain SELECT c FROM sbtest1 WHERE id BETWEEN 2813070 AND 2814069
	Bitmap Heap Scan on sbtest1  (cost=31.94..4327.96 rows=1122 width=121)
	  Recheck Cond: ((id >= 2813070) AND (id <= 2814069))
	  ->  Bitmap Index Scan on sbtest1_pkey  (cost=0.00..31.65 rows=1122 width=0)
	        Index Cond: ((id >= 2813070) AND (id <= 2814069))

table 2 : explain SELECT c FROM sbtest2 WHERE id BETWEEN 8673717 AND 8674716
	Bitmap Heap Scan on sbtest2  (cost=30.19..3690.18 rows=952 width=121)
	  Recheck Cond: ((id >= 8673717) AND (id <= 8674716))
	  ->  Bitmap Index Scan on sbtest2_pkey  (cost=0.00..29.95 rows=952 width=0)
	        Index Cond: ((id >= 8673717) AND (id <= 8674716))

table 3 : explain SELECT c FROM sbtest3 WHERE id BETWEEN 8458263 AND 8459262
	Bitmap Heap Scan on sbtest3  (cost=30.07..3650.52 rows=940 width=121)
	  Recheck Cond: ((id >= 8458263) AND (id <= 8459262))
	  ->  Bitmap Index Scan on sbtest3_pkey  (cost=0.00..29.83 rows=940 width=0)
	        Index Cond: ((id >= 8458263) AND (id <= 8459262))

table 4 : explain SELECT c FROM sbtest4 WHERE id BETWEEN 3029564 AND 3030563
	Bitmap Heap Scan on sbtest4  (cost=30.58..3838.50 rows=990 width=121)
	  Recheck Cond: ((id >= 3029564) AND (id <= 3030563))
	  ->  Bitmap Index Scan on sbtest4_pkey  (cost=0.00..30.33 rows=990 width=0)
	        Index Cond: ((id >= 3029564) AND (id <= 3030563))

table 5 : explain SELECT c FROM sbtest5 WHERE id BETWEEN 1795912 AND 1796911
	Bitmap Heap Scan on sbtest5  (cost=30.51..3807.66 rows=983 width=121)
	  Recheck Cond: ((id >= 1795912) AND (id <= 1796911))
	  ->  Bitmap Index Scan on sbtest5_pkey  (cost=0.00..30.26 rows=983 width=0)
	        Index Cond: ((id >= 1795912) AND (id <= 1796911))

table 6 : explain SELECT c FROM sbtest6 WHERE id BETWEEN 2555711 AND 2556710
	Bitmap Heap Scan on sbtest6  (cost=31.70..4246.24 rows=1099 width=121)
	  Recheck Cond: ((id >= 2555711) AND (id <= 2556710))
	  ->  Bitmap Index Scan on sbtest6_pkey  (cost=0.00..31.43 rows=1099 width=0)
	        Index Cond: ((id >= 2555711) AND (id <= 2556710))

table 7 : explain SELECT c FROM sbtest7 WHERE id BETWEEN 9517253 AND 9518252
	Bitmap Heap Scan on sbtest7  (cost=35.64..4232.83 rows=1093 width=121)
	  Recheck Cond: ((id >= 9517253) AND (id <= 9518252))
	  ->  Bitmap Index Scan on sbtest7_pkey  (cost=0.00..35.37 rows=1093 width=0)
	        Index Cond: ((id >= 9517253) AND (id <= 9518252))

table 8 : explain SELECT c FROM sbtest8 WHERE id BETWEEN 6249244 AND 6250243
	Bitmap Heap Scan on sbtest8  (cost=31.67..4232.42 rows=1096 width=121)
	  Recheck Cond: ((id >= 6249244) AND (id <= 6250243))
	  ->  Bitmap Index Scan on sbtest8_pkey  (cost=0.00..31.39 rows=1096 width=0)
	        Index Cond: ((id >= 6249244) AND (id <= 6250243))

explain: for point_selects :: explain SELECT c FROM sbtest%u WHERE id=%u
explain: for point_selects :: explain SELECT c FROM sbtest%u WHERE id=%u
explain: for point_selects :: explain SELECT c FROM sbtest%u WHERE id=%u
explain: for point_selects :: explain SELECT c FROM sbtest%u WHERE id=%u
for: sum_ranges
table 1 : explain SELECT SUM(k) FROM sbtest1 WHERE id BETWEEN 7357315 AND 7358314
	Aggregate  (cost=3773.09..3773.10 rows=1 width=8)
	  ->  Bitmap Heap Scan on sbtest1  (cost=30.41..3770.66 rows=973 width=4)
	        Recheck Cond: ((id >= 7357315) AND (id <= 7358314))
	        ->  Bitmap Index Scan on sbtest1_pkey  (cost=0.00..30.16 rows=973 width=0)
	              Index Cond: ((id >= 7357315) AND (id <= 7358314))

table 2 : explain SELECT SUM(k) FROM sbtest2 WHERE id BETWEEN 9020983 AND 9021982
	Aggregate  (cost=3820.94..3820.95 rows=1 width=8)
	  ->  Bitmap Heap Scan on sbtest2  (cost=30.54..3818.48 rows=986 width=4)
	        Recheck Cond: ((id >= 9020983) AND (id <= 9021982))
	        ->  Bitmap Index Scan on sbtest2_pkey  (cost=0.00..30.29 rows=986 width=0)
	              Index Cond: ((id >= 9020983) AND (id <= 9021982))

table 3 : explain SELECT SUM(k) FROM sbtest3 WHERE id BETWEEN 6735544 AND 6736543
	Aggregate  (cost=4219.78..4219.79 rows=1 width=8)
	  ->  Bitmap Heap Scan on sbtest3  (cost=31.61..4217.05 rows=1090 width=4)
	        Recheck Cond: ((id >= 6735544) AND (id <= 6736543))
	        ->  Bitmap Index Scan on sbtest3_pkey  (cost=0.00..31.33 rows=1090 width=0)
	              Index Cond: ((id >= 6735544) AND (id <= 6736543))

table 4 : explain SELECT SUM(k) FROM sbtest4 WHERE id BETWEEN 4531649 AND 4532648
	Aggregate  (cost=4195.81..4195.82 rows=1 width=8)
	  ->  Bitmap Heap Scan on sbtest4  (cost=31.55..4193.10 rows=1084 width=4)
	        Recheck Cond: ((id >= 4531649) AND (id <= 4532648))
	        ->  Bitmap Index Scan on sbtest4_pkey  (cost=0.00..31.27 rows=1084 width=0)
	              Index Cond: ((id >= 4531649) AND (id <= 4532648))

table 5 : explain SELECT SUM(k) FROM sbtest5 WHERE id BETWEEN 1872330 AND 1873329
	Aggregate  (cost=3810.12..3810.13 rows=1 width=8)
	  ->  Bitmap Heap Scan on sbtest5  (cost=30.51..3807.66 rows=983 width=4)
	        Recheck Cond: ((id >= 1872330) AND (id <= 1873329))
	        ->  Bitmap Index Scan on sbtest5_pkey  (cost=0.00..30.26 rows=983 width=0)
	              Index Cond: ((id >= 1872330) AND (id <= 1873329))

table 6 : explain SELECT SUM(k) FROM sbtest6 WHERE id BETWEEN 9378625 AND 9379624
	Aggregate  (cost=3932.48..3932.49 rows=1 width=8)
	  ->  Bitmap Heap Scan on sbtest6  (cost=30.84..3929.94 rows=1015 width=4)
	        Recheck Cond: ((id >= 9378625) AND (id <= 9379624))
	        ->  Bitmap Index Scan on sbtest6_pkey  (cost=0.00..30.58 rows=1015 width=0)
	              Index Cond: ((id >= 9378625) AND (id <= 9379624))

table 7 : explain SELECT SUM(k) FROM sbtest7 WHERE id BETWEEN 664454 AND 665453
	Aggregate  (cost=3895.51..3895.52 rows=1 width=8)
	  ->  Bitmap Heap Scan on sbtest7  (cost=30.73..3893.00 rows=1004 width=4)
	        Recheck Cond: ((id >= 664454) AND (id <= 665453))
	        ->  Bitmap Index Scan on sbtest7_pkey  (cost=0.00..30.47 rows=1004 width=0)
	              Index Cond: ((id >= 664454) AND (id <= 665453))

table 8 : explain SELECT SUM(k) FROM sbtest8 WHERE id BETWEEN 7144334 AND 7145333
	Aggregate  (cost=4009.35..4009.36 rows=1 width=8)
	  ->  Bitmap Heap Scan on sbtest8  (cost=31.05..4006.76 rows=1036 width=4)
	        Recheck Cond: ((id >= 7144334) AND (id <= 7145333))
	        ->  Bitmap Index Scan on sbtest8_pkey  (cost=0.00..30.79 rows=1036 width=0)
	              Index Cond: ((id >= 7144334) AND (id <= 7145333))

for: order_ranges
table 1 : explain SELECT c FROM sbtest1 WHERE id BETWEEN 6342217 AND 6343216 ORDER BY c
	Sort  (cost=3822.78..3825.21 rows=974 width=121)
	  Sort Key: c
	  ->  Bitmap Heap Scan on sbtest1  (cost=30.42..3774.43 rows=974 width=121)
	        Recheck Cond: ((id >= 6342217) AND (id <= 6343216))
	        ->  Bitmap Index Scan on sbtest1_pkey  (cost=0.00..30.18 rows=974 width=0)
	              Index Cond: ((id >= 6342217) AND (id <= 6343216))

table 2 : explain SELECT c FROM sbtest2 WHERE id BETWEEN 7329942 AND 7330941 ORDER BY c
	Sort  (cost=4211.55..4214.24 rows=1076 width=121)
	  Sort Key: c
	  ->  Bitmap Heap Scan on sbtest2  (cost=31.46..4157.37 rows=1076 width=121)
	        Recheck Cond: ((id >= 7329942) AND (id <= 7330941))
	        ->  Bitmap Index Scan on sbtest2_pkey  (cost=0.00..31.19 rows=1076 width=0)
	              Index Cond: ((id >= 7329942) AND (id <= 7330941))

table 3 : explain SELECT c FROM sbtest3 WHERE id BETWEEN 8468654 AND 8469653 ORDER BY c
	Sort  (cost=3696.94..3699.29 rows=940 width=121)
	  Sort Key: c
	  ->  Bitmap Heap Scan on sbtest3  (cost=30.07..3650.52 rows=940 width=121)
	        Recheck Cond: ((id >= 8468654) AND (id <= 8469653))
	        ->  Bitmap Index Scan on sbtest3_pkey  (cost=0.00..29.83 rows=940 width=0)
	              Index Cond: ((id >= 8468654) AND (id <= 8469653))

table 4 : explain SELECT c FROM sbtest4 WHERE id BETWEEN 5846919 AND 5847918 ORDER BY c
	Sort  (cost=4324.21..4326.97 rows=1104 width=121)
	  Sort Key: c
	  ->  Bitmap Heap Scan on sbtest4  (cost=31.75..4268.41 rows=1104 width=121)
	        Recheck Cond: ((id >= 5846919) AND (id <= 5847918))
	        ->  Bitmap Index Scan on sbtest4_pkey  (cost=0.00..31.47 rows=1104 width=0)
	              Index Cond: ((id >= 5846919) AND (id <= 5847918))

table 5 : explain SELECT c FROM sbtest5 WHERE id BETWEEN 2251307 AND 2252306 ORDER BY c
	Sort  (cost=3580.34..3582.62 rows=912 width=121)
	  Sort Key: c
	  ->  Bitmap Heap Scan on sbtest5  (cost=25.78..3535.50 rows=912 width=121)
	        Recheck Cond: ((id >= 2251307) AND (id <= 2252306))
	        ->  Bitmap Index Scan on sbtest5_pkey  (cost=0.00..25.55 rows=912 width=0)
	              Index Cond: ((id >= 2251307) AND (id <= 2252306))

table 6 : explain SELECT c FROM sbtest6 WHERE id BETWEEN 6675511 AND 6676510 ORDER BY c
	Sort  (cost=3585.57..3587.85 rows=913 width=121)
	  Sort Key: c
	  ->  Bitmap Heap Scan on sbtest6  (cost=25.79..3540.67 rows=913 width=121)
	        Recheck Cond: ((id >= 6675511) AND (id <= 6676510))
	        ->  Bitmap Index Scan on sbtest6_pkey  (cost=0.00..25.57 rows=913 width=0)
	              Index Cond: ((id >= 6675511) AND (id <= 6676510))

table 7 : explain SELECT c FROM sbtest7 WHERE id BETWEEN 6672250 AND 6673249 ORDER BY c
	Sort  (cost=3770.32..3772.72 rows=959 width=121)
	  Sort Key: c
	  ->  Bitmap Heap Scan on sbtest7  (cost=30.26..3722.83 rows=959 width=121)
	        Recheck Cond: ((id >= 6672250) AND (id <= 6673249))
	        ->  Bitmap Index Scan on sbtest7_pkey  (cost=0.00..30.02 rows=959 width=0)
	              Index Cond: ((id >= 6672250) AND (id <= 6673249))

table 8 : explain SELECT c FROM sbtest8 WHERE id BETWEEN 1764347 AND 1765346 ORDER BY c
	Sort  (cost=4222.88..4225.58 rows=1079 width=121)
	  Sort Key: c
	  ->  Bitmap Heap Scan on sbtest8  (cost=31.49..4168.53 rows=1079 width=121)
	        Recheck Cond: ((id >= 1764347) AND (id <= 1765346))
	        ->  Bitmap Index Scan on sbtest8_pkey  (cost=0.00..31.22 rows=1079 width=0)
	              Index Cond: ((id >= 1764347) AND (id <= 1765346))

for point_selects
table 1 : explain SELECT c FROM sbtest1 WHERE id=9800760
	Index Scan using sbtest1_pkey on sbtest1  (cost=0.43..8.45 rows=1 width=121)
	  Index Cond: (id = 9800760)

table 2 : explain SELECT c FROM sbtest2 WHERE id=6595712
	Index Scan using sbtest2_pkey on sbtest2  (cost=0.43..8.45 rows=1 width=121)
	  Index Cond: (id = 6595712)

table 3 : explain SELECT c FROM sbtest3 WHERE id=6518147
	Index Scan using sbtest3_pkey on sbtest3  (cost=0.43..8.45 rows=1 width=121)
	  Index Cond: (id = 6518147)

table 4 : explain SELECT c FROM sbtest4 WHERE id=8389923
	Index Scan using sbtest4_pkey on sbtest4  (cost=0.43..8.45 rows=1 width=121)
	  Index Cond: (id = 8389923)

table 5 : explain SELECT c FROM sbtest5 WHERE id=4849561
	Index Scan using sbtest5_pkey on sbtest5  (cost=0.43..8.45 rows=1 width=121)
	  Index Cond: (id = 4849561)

table 6 : explain SELECT c FROM sbtest6 WHERE id=4905871
	Index Scan using sbtest6_pkey on sbtest6  (cost=0.43..8.45 rows=1 width=121)
	  Index Cond: (id = 4905871)

table 7 : explain SELECT c FROM sbtest7 WHERE id=7672684
	Index Scan using sbtest7_pkey on sbtest7  (cost=0.43..8.45 rows=1 width=121)
	  Index Cond: (id = 7672684)

table 8 : explain SELECT c FROM sbtest8 WHERE id=1110148
	Index Scan using sbtest8_pkey on sbtest8  (cost=0.43..8.45 rows=1 width=121)
	  Index Cond: (id = 1110148)

explain: for point_selects :: explain SELECT c FROM sbtest%u WHERE id=%u
for: sum_ranges
table 1 : explain SELECT SUM(k) FROM sbtest1 WHERE id BETWEEN 928936 AND 929935
	Aggregate  (cost=3844.83..3844.84 rows=1 width=8)
	  ->  Bitmap Heap Scan on sbtest1  (cost=30.60..3842.35 rows=992 width=4)
	        Recheck Cond: ((id >= 928936) AND (id <= 929935))
	        ->  Bitmap Index Scan on sbtest1_pkey  (cost=0.00..30.36 rows=992 width=0)
	              Index Cond: ((id >= 928936) AND (id <= 929935))

table 2 : explain SELECT SUM(k) FROM sbtest2 WHERE id BETWEEN 6374876 AND 6375875
	Aggregate  (cost=3926.56..3926.57 rows=1 width=8)
	  ->  Bitmap Heap Scan on sbtest2  (cost=30.83..3924.02 rows=1014 width=4)
	        Recheck Cond: ((id >= 6374876) AND (id <= 6375875))
	        ->  Bitmap Index Scan on sbtest2_pkey  (cost=0.00..30.57 rows=1014 width=0)
	              Index Cond: ((id >= 6374876) AND (id <= 6375875))

table 3 : explain SELECT SUM(k) FROM sbtest3 WHERE id BETWEEN 5898870 AND 5899869
	Aggregate  (cost=3724.83..3724.84 rows=1 width=8)
	  ->  Bitmap Heap Scan on sbtest3  (cost=30.26..3722.44 rows=959 width=4)
	        Recheck Cond: ((id >= 5898870) AND (id <= 5899869))
	        ->  Bitmap Index Scan on sbtest3_pkey  (cost=0.00..30.02 rows=959 width=0)
	              Index Cond: ((id >= 5898870) AND (id <= 5899869))

table 4 : explain SELECT SUM(k) FROM sbtest4 WHERE id BETWEEN 4167624 AND 4168623
	Aggregate  (cost=4052.49..4052.50 rows=1 width=8)
	  ->  Bitmap Heap Scan on sbtest4  (cost=31.16..4049.88 rows=1046 width=4)
	        Recheck Cond: ((id >= 4167624) AND (id <= 4168623))
	        ->  Bitmap Index Scan on sbtest4_pkey  (cost=0.00..30.89 rows=1046 width=0)
	              Index Cond: ((id >= 4167624) AND (id <= 4168623))

table 5 : explain SELECT SUM(k) FROM sbtest5 WHERE id BETWEEN 4806742 AND 4807741
	Aggregate  (cost=4190.73..4190.74 rows=1 width=8)
	  ->  Bitmap Heap Scan on sbtest5  (cost=31.55..4188.02 rows=1084 width=4)
	        Recheck Cond: ((id >= 4806742) AND (id <= 4807741))
	        ->  Bitmap Index Scan on sbtest5_pkey  (cost=0.00..31.27 rows=1084 width=0)
	              Index Cond: ((id >= 4806742) AND (id <= 4807741))

table 6 : explain SELECT SUM(k) FROM sbtest6 WHERE id BETWEEN 1528766 AND 1529765
	Aggregate  (cost=4282.84..4282.85 rows=1 width=8)
	  ->  Bitmap Heap Scan on sbtest6  (cost=31.79..4280.07 rows=1108 width=4)
	        Recheck Cond: ((id >= 1528766) AND (id <= 1529765))
	        ->  Bitmap Index Scan on sbtest6_pkey  (cost=0.00..31.51 rows=1108 width=0)
	              Index Cond: ((id >= 1528766) AND (id <= 1529765))

table 7 : explain SELECT SUM(k) FROM sbtest7 WHERE id BETWEEN 7890499 AND 7891498
	Aggregate  (cost=3910.63..3910.64 rows=1 width=8)
	  ->  Bitmap Heap Scan on sbtest7  (cost=30.77..3908.11 rows=1008 width=4)
	        Recheck Cond: ((id >= 7890499) AND (id <= 7891498))
	        ->  Bitmap Index Scan on sbtest7_pkey  (cost=0.00..30.51 rows=1008 width=0)
	              Index Cond: ((id >= 7890499) AND (id <= 7891498))

table 8 : explain SELECT SUM(k) FROM sbtest8 WHERE id BETWEEN 20776 AND 21775
	Aggregate  (cost=3658.46..3658.47 rows=1 width=8)
	  ->  Bitmap Heap Scan on sbtest8  (cost=30.10..3656.10 rows=943 width=4)
	        Recheck Cond: ((id >= 20776) AND (id <= 21775))
	        ->  Bitmap Index Scan on sbtest8_pkey  (cost=0.00..29.86 rows=943 width=0)
	              Index Cond: ((id >= 20776) AND (id <= 21775))

for: sum_ranges
table 1 : explain SELECT SUM(k) FROM sbtest1 WHERE id BETWEEN 277771 AND 278770
	Aggregate  (cost=3939.16..3939.17 rows=1 width=8)
	  ->  Bitmap Heap Scan on sbtest1  (cost=30.86..3936.62 rows=1017 width=4)
	        Recheck Cond: ((id >= 277771) AND (id <= 278770))
	        ->  Bitmap Index Scan on sbtest1_pkey  (cost=0.00..30.61 rows=1017 width=0)
	              Index Cond: ((id >= 277771) AND (id <= 278770))

table 2 : explain SELECT SUM(k) FROM sbtest2 WHERE id BETWEEN 4377261 AND 4378260
	Aggregate  (cost=3809.62..3809.63 rows=1 width=8)
	  ->  Bitmap Heap Scan on sbtest2  (cost=30.51..3807.16 rows=983 width=4)
	        Recheck Cond: ((id >= 4377261) AND (id <= 4378260))
	        ->  Bitmap Index Scan on sbtest2_pkey  (cost=0.00..30.26 rows=983 width=0)
	              Index Cond: ((id >= 4377261) AND (id <= 4378260))

table 3 : explain SELECT SUM(k) FROM sbtest3 WHERE id BETWEEN 6709684 AND 6710683
	Aggregate  (cost=3508.81..3508.82 rows=1 width=8)
	  ->  Bitmap Heap Scan on sbtest3  (cost=29.68..3506.55 rows=902 width=4)
	        Recheck Cond: ((id >= 6709684) AND (id <= 6710683))
	        ->  Bitmap Index Scan on sbtest3_pkey  (cost=0.00..29.45 rows=902 width=0)
	              Index Cond: ((id >= 6709684) AND (id <= 6710683))

table 4 : explain SELECT SUM(k) FROM sbtest4 WHERE id BETWEEN 8196701 AND 8197700
	Aggregate  (cost=3901.45..3901.46 rows=1 width=8)
	  ->  Bitmap Heap Scan on sbtest4  (cost=30.75..3898.93 rows=1006 width=4)
	        Recheck Cond: ((id >= 8196701) AND (id <= 8197700))
	        ->  Bitmap Index Scan on sbtest4_pkey  (cost=0.00..30.50 rows=1006 width=0)
	              Index Cond: ((id >= 8196701) AND (id <= 8197700))

table 5 : explain SELECT SUM(k) FROM sbtest5 WHERE id BETWEEN 7916544 AND 7917543
	Aggregate  (cost=3707.93..3707.94 rows=1 width=8)
	  ->  Bitmap Heap Scan on sbtest5  (cost=26.24..3705.54 rows=957 width=4)
	        Recheck Cond: ((id >= 7916544) AND (id <= 7917543))
	        ->  Bitmap Index Scan on sbtest5_pkey  (cost=0.00..26.00 rows=957 width=0)
	              Index Cond: ((id >= 7916544) AND (id <= 7917543))

table 6 : explain SELECT SUM(k) FROM sbtest6 WHERE id BETWEEN 8892435 AND 8893434
	Aggregate  (cost=3452.05..3452.06 rows=1 width=8)
	  ->  Bitmap Heap Scan on sbtest6  (cost=25.55..3449.82 rows=889 width=4)
	        Recheck Cond: ((id >= 8892435) AND (id <= 8893434))
	        ->  Bitmap Index Scan on sbtest6_pkey  (cost=0.00..25.32 rows=889 width=0)
	              Index Cond: ((id >= 8892435) AND (id <= 8893434))

table 7 : explain SELECT SUM(k) FROM sbtest7 WHERE id BETWEEN 8263918 AND 8264917
	Aggregate  (cost=3622.93..3622.94 rows=1 width=8)
	  ->  Bitmap Heap Scan on sbtest7  (cost=29.99..3620.60 rows=932 width=4)
	        Recheck Cond: ((id >= 8263918) AND (id <= 8264917))
	        ->  Bitmap Index Scan on sbtest7_pkey  (cost=0.00..29.75 rows=932 width=0)
	              Index Cond: ((id >= 8263918) AND (id <= 8264917))

table 8 : explain SELECT SUM(k) FROM sbtest8 WHERE id BETWEEN 5514084 AND 5515083
	Aggregate  (cost=3798.20..3798.21 rows=1 width=8)
	  ->  Bitmap Heap Scan on sbtest8  (cost=30.48..3795.75 rows=980 width=4)
	        Recheck Cond: ((id >= 5514084) AND (id <= 5515083))
	        ->  Bitmap Index Scan on sbtest8_pkey  (cost=0.00..30.23 rows=980 width=0)
	              Index Cond: ((id >= 5514084) AND (id <= 5515083))

for point_selects
table 1 : explain SELECT c FROM sbtest1 WHERE id=7782830
	Index Scan using sbtest1_pkey on sbtest1  (cost=0.43..8.45 rows=1 width=121)
	  Index Cond: (id = 7782830)

table 2 : explain SELECT c FROM sbtest2 WHERE id=9743798
	Index Scan using sbtest2_pkey on sbtest2  (cost=0.43..8.45 rows=1 width=121)
	  Index Cond: (id = 9743798)

table 3 : explain SELECT c FROM sbtest3 WHERE id=8488730
	Index Scan using sbtest3_pkey on sbtest3  (cost=0.43..8.45 rows=1 width=121)
	  Index Cond: (id = 8488730)

table 4 : explain SELECT c FROM sbtest4 WHERE id=8761143
	Index Scan using sbtest4_pkey on sbtest4  (cost=0.43..8.45 rows=1 width=121)
	  Index Cond: (id = 8761143)

table 5 : explain SELECT c FROM sbtest5 WHERE id=4543326
	Index Scan using sbtest5_pkey on sbtest5  (cost=0.43..8.45 rows=1 width=121)
	  Index Cond: (id = 4543326)

table 6 : explain SELECT c FROM sbtest6 WHERE id=7521518
	Index Scan using sbtest6_pkey on sbtest6  (cost=0.43..8.45 rows=1 width=121)
	  Index Cond: (id = 7521518)

table 7 : explain SELECT c FROM sbtest7 WHERE id=8169198
	Index Scan using sbtest7_pkey on sbtest7  (cost=0.43..8.45 rows=1 width=121)
	  Index Cond: (id = 8169198)

table 8 : explain SELECT c FROM sbtest8 WHERE id=9527116
	Index Scan using sbtest8_pkey on sbtest8  (cost=0.43..8.45 rows=1 width=121)
	  Index Cond: (id = 9527116)

for: simple_ranges
table 1 : explain SELECT c FROM sbtest1 WHERE id BETWEEN 9003195 AND 9004194
	Bitmap Heap Scan on sbtest1  (cost=30.60..3842.35 rows=992 width=121)
	  Recheck Cond: ((id >= 9003195) AND (id <= 9004194))
	  ->  Bitmap Index Scan on sbtest1_pkey  (cost=0.00..30.36 rows=992 width=0)
	        Index Cond: ((id >= 9003195) AND (id <= 9004194))

table 2 : explain SELECT c FROM sbtest2 WHERE id BETWEEN 8295350 AND 8296349
	Bitmap Heap Scan on sbtest2  (cost=30.83..3924.02 rows=1014 width=121)
	  Recheck Cond: ((id >= 8295350) AND (id <= 8296349))
	  ->  Bitmap Index Scan on sbtest2_pkey  (cost=0.00..30.57 rows=1014 width=0)
	        Index Cond: ((id >= 8295350) AND (id <= 8296349))

table 3 : explain SELECT c FROM sbtest3 WHERE id BETWEEN 473202 AND 474201
	Bitmap Heap Scan on sbtest3  (cost=30.62..3854.79 rows=994 width=121)
	  Recheck Cond: ((id >= 473202) AND (id <= 474201))
	  ->  Bitmap Index Scan on sbtest3_pkey  (cost=0.00..30.37 rows=994 width=0)
	        Index Cond: ((id >= 473202) AND (id <= 474201))

table 4 : explain SELECT c FROM sbtest4 WHERE id BETWEEN 6163688 AND 6164687
	Bitmap Heap Scan on sbtest4  (cost=30.31..3736.44 rows=963 width=121)
	  Recheck Cond: ((id >= 6163688) AND (id <= 6164687))
	  ->  Bitmap Index Scan on sbtest4_pkey  (cost=0.00..30.07 rows=963 width=0)
	        Index Cond: ((id >= 6163688) AND (id <= 6164687))

table 5 : explain SELECT c FROM sbtest5 WHERE id BETWEEN 901702 AND 902701
	Bitmap Heap Scan on sbtest5  (cost=30.40..3766.16 rows=972 width=121)
	  Recheck Cond: ((id >= 901702) AND (id <= 902701))
	  ->  Bitmap Index Scan on sbtest5_pkey  (cost=0.00..30.15 rows=972 width=0)
	        Index Cond: ((id >= 901702) AND (id <= 902701))

table 6 : explain SELECT c FROM sbtest6 WHERE id BETWEEN 9152664 AND 9153663
	Bitmap Heap Scan on sbtest6  (cost=31.19..4058.07 rows=1049 width=121)
	  Recheck Cond: ((id >= 9152664) AND (id <= 9153663))
	  ->  Bitmap Index Scan on sbtest6_pkey  (cost=0.00..30.93 rows=1049 width=0)
	        Index Cond: ((id >= 9152664) AND (id <= 9153663))

table 7 : explain SELECT c FROM sbtest7 WHERE id BETWEEN 1958697 AND 1959696
	Bitmap Heap Scan on sbtest7  (cost=29.62..3484.16 rows=896 width=121)
	  Recheck Cond: ((id >= 1958697) AND (id <= 1959696))
	  ->  Bitmap Index Scan on sbtest7_pkey  (cost=0.00..29.39 rows=896 width=0)
	        Index Cond: ((id >= 1958697) AND (id <= 1959696))

table 8 : explain SELECT c FROM sbtest8 WHERE id BETWEEN 6817726 AND 6818725
	Bitmap Heap Scan on sbtest8  (cost=30.16..3678.76 rows=949 width=121)
	  Recheck Cond: ((id >= 6817726) AND (id <= 6818725))
	  ->  Bitmap Index Scan on sbtest8_pkey  (cost=0.00..29.93 rows=949 width=0)
	        Index Cond: ((id >= 6817726) AND (id <= 6818725))

for: distinct_ranges
table 1 : explain SELECT DISTINCT c FROM sbtest1 WHERE id BETWEEN 7979127 AND 7980126 ORDER BY c
	Unique  (cost=3903.21..3908.19 rows=995 width=121)
	  ->  Sort  (cost=3903.21..3905.70 rows=995 width=121)
	        Sort Key: c
	        ->  Bitmap Heap Scan on sbtest1  (cost=30.63..3853.67 rows=995 width=121)
	              Recheck Cond: ((id >= 7979127) AND (id <= 7980126))
	              ->  Bitmap Index Scan on sbtest1_pkey  (cost=0.00..30.39 rows=995 width=0)
	                    Index Cond: ((id >= 7979127) AND (id <= 7980126))

table 2 : explain SELECT DISTINCT c FROM sbtest2 WHERE id BETWEEN 5558984 AND 5559983 ORDER BY c
	Unique  (cost=3775.60..3780.41 rows=962 width=121)
	  ->  Sort  (cost=3775.60..3778.00 rows=962 width=121)
	        Sort Key: c
	        ->  Bitmap Heap Scan on sbtest2  (cost=30.30..3727.93 rows=962 width=121)
	              Recheck Cond: ((id >= 5558984) AND (id <= 5559983))
	              ->  Bitmap Index Scan on sbtest2_pkey  (cost=0.00..30.05 rows=962 width=0)
	                    Index Cond: ((id >= 5558984) AND (id <= 5559983))

table 3 : explain SELECT DISTINCT c FROM sbtest3 WHERE id BETWEEN 852557 AND 853556 ORDER BY c
	Unique  (cost=4176.37..4181.70 rows=1065 width=121)
	  ->  Sort  (cost=4176.37..4179.04 rows=1065 width=121)
	        Sort Key: c
	        ->  Bitmap Heap Scan on sbtest3  (cost=31.35..4122.82 rows=1065 width=121)
	              Recheck Cond: ((id >= 852557) AND (id <= 853556))
	              ->  Bitmap Index Scan on sbtest3_pkey  (cost=0.00..31.08 rows=1065 width=0)
	                    Index Cond: ((id >= 852557) AND (id <= 853556))

table 4 : explain SELECT DISTINCT c FROM sbtest4 WHERE id BETWEEN 766510 AND 767509 ORDER BY c
	Unique  (cost=4029.57..4034.71 rows=1027 width=121)
	  ->  Sort  (cost=4029.57..4032.14 rows=1027 width=121)
	        Sort Key: c
	        ->  Bitmap Heap Scan on sbtest4  (cost=30.96..3978.20 rows=1027 width=121)
	              Recheck Cond: ((id >= 766510) AND (id <= 767509))
	              ->  Bitmap Index Scan on sbtest4_pkey  (cost=0.00..30.70 rows=1027 width=0)
	                    Index Cond: ((id >= 766510) AND (id <= 767509))

table 5 : explain SELECT DISTINCT c FROM sbtest5 WHERE id BETWEEN 4825731 AND 4826730 ORDER BY c
	Unique  (cost=3902.46..3907.44 rows=995 width=121)
	  ->  Sort  (cost=3902.46..3904.95 rows=995 width=121)
	        Sort Key: c
	        ->  Bitmap Heap Scan on sbtest5  (cost=30.63..3852.92 rows=995 width=121)
	              Recheck Cond: ((id >= 4825731) AND (id <= 4826730))
	              ->  Bitmap Index Scan on sbtest5_pkey  (cost=0.00..30.39 rows=995 width=0)
	                    Index Cond: ((id >= 4825731) AND (id <= 4826730))

table 6 : explain SELECT DISTINCT c FROM sbtest6 WHERE id BETWEEN 9688150 AND 9689149 ORDER BY c
	Unique  (cost=3976.80..3981.87 rows=1014 width=121)
	  ->  Sort  (cost=3976.80..3979.33 rows=1014 width=121)
	        Sort Key: c
	        ->  Bitmap Heap Scan on sbtest6  (cost=30.83..3926.17 rows=1014 width=121)
	              Recheck Cond: ((id >= 9688150) AND (id <= 9689149))
	              ->  Bitmap Index Scan on sbtest6_pkey  (cost=0.00..30.57 rows=1014 width=0)
	                    Index Cond: ((id >= 9688150) AND (id <= 9689149))

table 7 : explain SELECT DISTINCT c FROM sbtest7 WHERE id BETWEEN 3804798 AND 3805797 ORDER BY c
	Unique  (cost=4211.29..4216.66 rows=1074 width=121)
	  ->  Sort  (cost=4211.29..4213.97 rows=1074 width=121)
	        Sort Key: c
	        ->  Bitmap Heap Scan on sbtest7  (cost=31.44..4157.22 rows=1074 width=121)
	              Recheck Cond: ((id >= 3804798) AND (id <= 3805797))
	              ->  Bitmap Index Scan on sbtest7_pkey  (cost=0.00..31.18 rows=1074 width=0)
	                    Index Cond: ((id >= 3804798) AND (id <= 3805797))

table 8 : explain SELECT DISTINCT c FROM sbtest8 WHERE id BETWEEN 8921217 AND 8922216 ORDER BY c
	Unique  (cost=4306.83..4312.33 rows=1101 width=121)
	  ->  Sort  (cost=4306.83..4309.58 rows=1101 width=121)
	        Sort Key: c
	        ->  Bitmap Heap Scan on sbtest8  (cost=31.72..4251.20 rows=1101 width=121)
	              Recheck Cond: ((id >= 8921217) AND (id <= 8922216))
	              ->  Bitmap Index Scan on sbtest8_pkey  (cost=0.00..31.44 rows=1101 width=0)
	                    Index Cond: ((id >= 8921217) AND (id <= 8922216))

explain: for point_selects :: explain SELECT c FROM sbtest%u WHERE id=%u
for: order_ranges
table 1 : explain SELECT c FROM sbtest1 WHERE id BETWEEN 2895647 AND 2896646 ORDER BY c
	Sort  (cost=4266.42..4269.15 rows=1090 width=121)
	  Sort Key: c
	  ->  Bitmap Heap Scan on sbtest1  (cost=31.61..4211.43 rows=1090 width=121)
	        Recheck Cond: ((id >= 2895647) AND (id <= 2896646))
	        ->  Bitmap Index Scan on sbtest1_pkey  (cost=0.00..31.33 rows=1090 width=0)
	              Index Cond: ((id >= 2895647) AND (id <= 2896646))

table 2 : explain SELECT c FROM sbtest2 WHERE id BETWEEN 6713703 AND 6714702 ORDER BY c
	Sort  (cost=3741.12..3743.50 rows=953 width=121)
	  Sort Key: c
	  ->  Bitmap Heap Scan on sbtest2  (cost=30.20..3693.96 rows=953 width=121)
	        Recheck Cond: ((id >= 6713703) AND (id <= 6714702))
	        ->  Bitmap Index Scan on sbtest2_pkey  (cost=0.00..29.96 rows=953 width=0)
	              Index Cond: ((id >= 6713703) AND (id <= 6714702))

table 3 : explain SELECT c FROM sbtest3 WHERE id BETWEEN 5828892 AND 5829891 ORDER BY c
	Sort  (cost=3769.93..3772.33 rows=959 width=121)
	  Sort Key: c
	  ->  Bitmap Heap Scan on sbtest3  (cost=30.26..3722.44 rows=959 width=121)
	        Recheck Cond: ((id >= 5828892) AND (id <= 5829891))
	        ->  Bitmap Index Scan on sbtest3_pkey  (cost=0.00..30.02 rows=959 width=0)
	              Index Cond: ((id >= 5828892) AND (id <= 5829891))

table 4 : explain SELECT c FROM sbtest4 WHERE id BETWEEN 4875041 AND 4876040 ORDER BY c
	Sort  (cost=3722.74..3725.10 rows=947 width=121)
	  Sort Key: c
	  ->  Bitmap Heap Scan on sbtest4  (cost=30.14..3675.92 rows=947 width=121)
	        Recheck Cond: ((id >= 4875041) AND (id <= 4876040))
	        ->  Bitmap Index Scan on sbtest4_pkey  (cost=0.00..29.90 rows=947 width=0)
	              Index Cond: ((id >= 4875041) AND (id <= 4876040))

table 5 : explain SELECT c FROM sbtest5 WHERE id BETWEEN 7604845 AND 7605844 ORDER BY c
	Sort  (cost=3818.22..3820.66 rows=973 width=121)
	  Sort Key: c
	  ->  Bitmap Heap Scan on sbtest5  (cost=30.41..3769.93 rows=973 width=121)
	        Recheck Cond: ((id >= 7604845) AND (id <= 7605844))
	        ->  Bitmap Index Scan on sbtest5_pkey  (cost=0.00..30.16 rows=973 width=0)
	              Index Cond: ((id >= 7604845) AND (id <= 7605844))

table 6 : explain SELECT c FROM sbtest6 WHERE id BETWEEN 5135644 AND 5136643 ORDER BY c
	Sort  (cost=3819.75..3822.19 rows=973 width=121)
	  Sort Key: c
	  ->  Bitmap Heap Scan on sbtest6  (cost=30.41..3771.46 rows=973 width=121)
	        Recheck Cond: ((id >= 5135644) AND (id <= 5136643))
	        ->  Bitmap Index Scan on sbtest6_pkey  (cost=0.00..30.16 rows=973 width=0)
	              Index Cond: ((id >= 5135644) AND (id <= 5136643))

table 7 : explain SELECT c FROM sbtest7 WHERE id BETWEEN 99089 AND 100088 ORDER BY c
	Sort  (cost=3893.18..3895.66 rows=991 width=121)
	  Sort Key: c
	  ->  Bitmap Heap Scan on sbtest7  (cost=30.59..3843.86 rows=991 width=121)
	        Recheck Cond: ((id >= 99089) AND (id <= 100088))
	        ->  Bitmap Index Scan on sbtest7_pkey  (cost=0.00..30.34 rows=991 width=0)
	              Index Cond: ((id >= 99089) AND (id <= 100088))

table 8 : explain SELECT c FROM sbtest8 WHERE id BETWEEN 5914333 AND 5915332 ORDER BY c
	Sort  (cost=4058.65..4061.24 rows=1036 width=121)
	  Sort Key: c
	  ->  Bitmap Heap Scan on sbtest8  (cost=31.05..4006.76 rows=1036 width=121)
	        Recheck Cond: ((id >= 5914333) AND (id <= 5915332))
	        ->  Bitmap Index Scan on sbtest8_pkey  (cost=0.00..30.79 rows=1036 width=0)
	              Index Cond: ((id >= 5914333) AND (id <= 5915332))

for point_selects
table 1 : explain SELECT c FROM sbtest1 WHERE id=1110103
	Index Scan using sbtest1_pkey on sbtest1  (cost=0.43..8.45 rows=1 width=121)
	  Index Cond: (id = 1110103)

table 2 : explain SELECT c FROM sbtest2 WHERE id=4064331
	Index Scan using sbtest2_pkey on sbtest2  (cost=0.43..8.45 rows=1 width=121)
	  Index Cond: (id = 4064331)

table 3 : explain SELECT c FROM sbtest3 WHERE id=1872553
	Index Scan using sbtest3_pkey on sbtest3  (cost=0.43..8.45 rows=1 width=121)
	  Index Cond: (id = 1872553)

table 4 : explain SELECT c FROM sbtest4 WHERE id=9076354
	Index Scan using sbtest4_pkey on sbtest4  (cost=0.43..8.45 rows=1 width=121)
	  Index Cond: (id = 9076354)

table 5 : explain SELECT c FROM sbtest5 WHERE id=1931797
	Index Scan using sbtest5_pkey on sbtest5  (cost=0.43..8.45 rows=1 width=121)
	  Index Cond: (id = 1931797)

table 6 : explain SELECT c FROM sbtest6 WHERE id=7964225
	Index Scan using sbtest6_pkey on sbtest6  (cost=0.43..8.45 rows=1 width=121)
	  Index Cond: (id = 7964225)

table 7 : explain SELECT c FROM sbtest7 WHERE id=9466028
	Index Scan using sbtest7_pkey on sbtest7  (cost=0.43..8.45 rows=1 width=121)
	  Index Cond: (id = 9466028)

table 8 : explain SELECT c FROM sbtest8 WHERE id=6391474
	Index Scan using sbtest8_pkey on sbtest8  (cost=0.43..8.45 rows=1 width=121)
	  Index Cond: (id = 6391474)

for point_selects
table 1 : explain SELECT c FROM sbtest1 WHERE id=9934299
	Index Scan using sbtest1_pkey on sbtest1  (cost=0.43..8.45 rows=1 width=121)
	  Index Cond: (id = 9934299)

table 2 : explain SELECT c FROM sbtest2 WHERE id=3076374
	Index Scan using sbtest2_pkey on sbtest2  (cost=0.43..8.45 rows=1 width=121)
	  Index Cond: (id = 3076374)

table 3 : explain SELECT c FROM sbtest3 WHERE id=3671196
	Index Scan using sbtest3_pkey on sbtest3  (cost=0.43..8.45 rows=1 width=121)
	  Index Cond: (id = 3671196)

table 4 : explain SELECT c FROM sbtest4 WHERE id=5724761
	Index Scan using sbtest4_pkey on sbtest4  (cost=0.43..8.45 rows=1 width=121)
	  Index Cond: (id = 5724761)

table 5 : explain SELECT c FROM sbtest5 WHERE id=3175367
	Index Scan using sbtest5_pkey on sbtest5  (cost=0.43..8.45 rows=1 width=121)
	  Index Cond: (id = 3175367)

table 6 : explain SELECT c FROM sbtest6 WHERE id=7948998
	Index Scan using sbtest6_pkey on sbtest6  (cost=0.43..8.45 rows=1 width=121)
	  Index Cond: (id = 7948998)

table 7 : explain SELECT c FROM sbtest7 WHERE id=6188906
	Index Scan using sbtest7_pkey on sbtest7  (cost=0.43..8.45 rows=1 width=121)
	  Index Cond: (id = 6188906)

table 8 : explain SELECT c FROM sbtest8 WHERE id=6521960
	Index Scan using sbtest8_pkey on sbtest8  (cost=0.43..8.45 rows=1 width=121)
	  Index Cond: (id = 6521960)

for: sum_ranges
table 1 : explain SELECT SUM(k) FROM sbtest1 WHERE id BETWEEN 8452127 AND 8453126
	Aggregate  (cost=3720.19..3720.20 rows=1 width=8)
	  ->  Bitmap Heap Scan on sbtest1  (cost=30.26..3717.80 rows=959 width=4)
	        Recheck Cond: ((id >= 8452127) AND (id <= 8453126))
	        ->  Bitmap Index Scan on sbtest1_pkey  (cost=0.00..30.02 rows=959 width=0)
	              Index Cond: ((id >= 8452127) AND (id <= 8453126))

table 2 : explain SELECT SUM(k) FROM sbtest2 WHERE id BETWEEN 2963724 AND 2964723
	Aggregate  (cost=4001.93..4001.94 rows=1 width=8)
	  ->  Bitmap Heap Scan on sbtest2  (cost=31.03..3999.35 rows=1034 width=4)
	        Recheck Cond: ((id >= 2963724) AND (id <= 2964723))
	        ->  Bitmap Index Scan on sbtest2_pkey  (cost=0.00..30.77 rows=1034 width=0)
	              Index Cond: ((id >= 2963724) AND (id <= 2964723))

table 3 : explain SELECT SUM(k) FROM sbtest3 WHERE id BETWEEN 8059148 AND 8060147
	Aggregate  (cost=3951.79..3951.80 rows=1 width=8)
	  ->  Bitmap Heap Scan on sbtest3  (cost=30.88..3949.24 rows=1019 width=4)
	        Recheck Cond: ((id >= 8059148) AND (id <= 8060147))
	        ->  Bitmap Index Scan on sbtest3_pkey  (cost=0.00..30.62 rows=1019 width=0)
	              Index Cond: ((id >= 8059148) AND (id <= 8060147))

table 4 : explain SELECT SUM(k) FROM sbtest4 WHERE id BETWEEN 5815870 AND 5816869
	Aggregate  (cost=4044.95..4044.96 rows=1 width=8)
	  ->  Bitmap Heap Scan on sbtest4  (cost=31.14..4042.34 rows=1044 width=4)
	        Recheck Cond: ((id >= 5815870) AND (id <= 5816869))
	        ->  Bitmap Index Scan on sbtest4_pkey  (cost=0.00..30.87 rows=1044 width=0)
	              Index Cond: ((id >= 5815870) AND (id <= 5816869))

table 5 : explain SELECT SUM(k) FROM sbtest5 WHERE id BETWEEN 7049241 AND 7050240
	Aggregate  (cost=4100.40..4100.41 rows=1 width=8)
	  ->  Bitmap Heap Scan on sbtest5  (cost=31.30..4097.75 rows=1060 width=4)
	        Recheck Cond: ((id >= 7049241) AND (id <= 7050240))
	        ->  Bitmap Index Scan on sbtest5_pkey  (cost=0.00..31.04 rows=1060 width=0)
	              Index Cond: ((id >= 7049241) AND (id <= 7050240))

table 6 : explain SELECT SUM(k) FROM sbtest6 WHERE id BETWEEN 4187737 AND 4188736
	Aggregate  (cost=3686.96..3686.97 rows=1 width=8)
	  ->  Bitmap Heap Scan on sbtest6  (cost=30.17..3684.58 rows=950 width=4)
	        Recheck Cond: ((id >= 4187737) AND (id <= 4188736))
	        ->  Bitmap Index Scan on sbtest6_pkey  (cost=0.00..29.93 rows=950 width=0)
	              Index Cond: ((id >= 4187737) AND (id <= 4188736))

table 7 : explain SELECT SUM(k) FROM sbtest7 WHERE id BETWEEN 4546085 AND 4547084
	Aggregate  (cost=3834.99..3835.00 rows=1 width=8)
	  ->  Bitmap Heap Scan on sbtest7  (cost=30.56..3832.52 rows=988 width=4)
	        Recheck Cond: ((id >= 4546085) AND (id <= 4547084))
	        ->  Bitmap Index Scan on sbtest7_pkey  (cost=0.00..30.32 rows=988 width=0)
	              Index Cond: ((id >= 4546085) AND (id <= 4547084))

table 8 : explain SELECT SUM(k) FROM sbtest8 WHERE id BETWEEN 5461867 AND 5462866
	Aggregate  (cost=3730.24..3730.25 rows=1 width=8)
	  ->  Bitmap Heap Scan on sbtest8  (cost=30.30..3727.83 rows=962 width=4)
	        Recheck Cond: ((id >= 5461867) AND (id <= 5462866))
	        ->  Bitmap Index Scan on sbtest8_pkey  (cost=0.00..30.05 rows=962 width=0)
	              Index Cond: ((id >= 5461867) AND (id <= 5462866))

for point_selects
table 1 : explain SELECT c FROM sbtest1 WHERE id=8194463
	Index Scan using sbtest1_pkey on sbtest1  (cost=0.43..8.45 rows=1 width=121)
	  Index Cond: (id = 8194463)

table 2 : explain SELECT c FROM sbtest2 WHERE id=9316249
	Index Scan using sbtest2_pkey on sbtest2  (cost=0.43..8.45 rows=1 width=121)
	  Index Cond: (id = 9316249)

table 3 : explain SELECT c FROM sbtest3 WHERE id=5140970
	Index Scan using sbtest3_pkey on sbtest3  (cost=0.43..8.45 rows=1 width=121)
	  Index Cond: (id = 5140970)

table 4 : explain SELECT c FROM sbtest4 WHERE id=3600682
	Index Scan using sbtest4_pkey on sbtest4  (cost=0.43..8.45 rows=1 width=121)
	  Index Cond: (id = 3600682)

table 5 : explain SELECT c FROM sbtest5 WHERE id=3022643
	Index Scan using sbtest5_pkey on sbtest5  (cost=0.43..8.45 rows=1 width=121)
	  Index Cond: (id = 3022643)

table 6 : explain SELECT c FROM sbtest6 WHERE id=5381165
	Index Scan using sbtest6_pkey on sbtest6  (cost=0.43..8.45 rows=1 width=121)
	  Index Cond: (id = 5381165)

table 7 : explain SELECT c FROM sbtest7 WHERE id=3207694
	Index Scan using sbtest7_pkey on sbtest7  (cost=0.43..8.45 rows=1 width=121)
	  Index Cond: (id = 3207694)

table 8 : explain SELECT c FROM sbtest8 WHERE id=383846
	Index Scan using sbtest8_pkey on sbtest8  (cost=0.43..8.45 rows=1 width=121)
	  Index Cond: (id = 383846)

for: order_ranges
table 1 : explain SELECT c FROM sbtest1 WHERE id BETWEEN 5767078 AND 5768077 ORDER BY c
	Sort  (cost=4148.02..4150.67 rows=1059 width=121)
	  Sort Key: c
	  ->  Bitmap Heap Scan on sbtest1  (cost=31.29..4094.81 rows=1059 width=121)
	        Recheck Cond: ((id >= 5767078) AND (id <= 5768077))
	        ->  Bitmap Index Scan on sbtest1_pkey  (cost=0.00..31.02 rows=1059 width=0)
	              Index Cond: ((id >= 5767078) AND (id <= 5768077))

table 2 : explain SELECT c FROM sbtest2 WHERE id BETWEEN 7573514 AND 7574513 ORDER BY c
	Sort  (cost=3652.94..3655.27 rows=930 width=121)
	  Sort Key: c
	  ->  Bitmap Heap Scan on sbtest2  (cost=29.97..3607.09 rows=930 width=121)
	        Recheck Cond: ((id >= 7573514) AND (id <= 7574513))
	        ->  Bitmap Index Scan on sbtest2_pkey  (cost=0.00..29.73 rows=930 width=0)
	              Index Cond: ((id >= 7573514) AND (id <= 7574513))

table 3 : explain SELECT c FROM sbtest3 WHERE id BETWEEN 1407117 AND 1408116 ORDER BY c
	Sort  (cost=3996.32..3998.86 rows=1018 width=121)
	  Sort Key: c
	  ->  Bitmap Heap Scan on sbtest3  (cost=30.87..3945.46 rows=1018 width=121)
	        Recheck Cond: ((id >= 1407117) AND (id <= 1408116))
	        ->  Bitmap Index Scan on sbtest3_pkey  (cost=0.00..30.61 rows=1018 width=0)
	              Index Cond: ((id >= 1407117) AND (id <= 1408116))

table 4 : explain SELECT c FROM sbtest4 WHERE id BETWEEN 3954414 AND 3955413 ORDER BY c
	Sort  (cost=4037.24..4039.81 rows=1029 width=121)
	  Sort Key: c
	  ->  Bitmap Heap Scan on sbtest4  (cost=30.98..3985.75 rows=1029 width=121)
	        Recheck Cond: ((id >= 3954414) AND (id <= 3955413))
	        ->  Bitmap Index Scan on sbtest4_pkey  (cost=0.00..30.72 rows=1029 width=0)
	              Index Cond: ((id >= 3954414) AND (id <= 3955413))

table 5 : explain SELECT c FROM sbtest5 WHERE id BETWEEN 1109539 AND 1110538 ORDER BY c
	Sort  (cost=4101.35..4103.96 rows=1047 width=121)
	  Sort Key: c
	  ->  Bitmap Heap Scan on sbtest5  (cost=31.17..4048.83 rows=1047 width=121)
	        Recheck Cond: ((id >= 1109539) AND (id <= 1110538))
	        ->  Bitmap Index Scan on sbtest5_pkey  (cost=0.00..30.90 rows=1047 width=0)
	              Index Cond: ((id >= 1109539) AND (id <= 1110538))

table 6 : explain SELECT c FROM sbtest6 WHERE id BETWEEN 3147689 AND 3148688 ORDER BY c
	Sort  (cost=4122.17..4124.80 rows=1052 width=121)
	  Sort Key: c
	  ->  Bitmap Heap Scan on sbtest6  (cost=31.22..4069.37 rows=1052 width=121)
	        Recheck Cond: ((id >= 3147689) AND (id <= 3148688))
	        ->  Bitmap Index Scan on sbtest6_pkey  (cost=0.00..30.95 rows=1052 width=0)
	              Index Cond: ((id >= 3147689) AND (id <= 3148688))

table 7 : explain SELECT c FROM sbtest7 WHERE id BETWEEN 9923334 AND 9924333 ORDER BY c
	Sort  (cost=4050.41..4052.99 rows=1032 width=121)
	  Sort Key: c
	  ->  Bitmap Heap Scan on sbtest7  (cost=31.01..3998.76 rows=1032 width=121)
	        Recheck Cond: ((id >= 9923334) AND (id <= 9924333))
	        ->  Bitmap Index Scan on sbtest7_pkey  (cost=0.00..30.75 rows=1032 width=0)
	              Index Cond: ((id >= 9923334) AND (id <= 9924333))

table 8 : explain SELECT c FROM sbtest8 WHERE id BETWEEN 1195879 AND 1196878 ORDER BY c
	Sort  (cost=4421.29..4424.12 rows=1132 width=121)
	  Sort Key: c
	  ->  Bitmap Heap Scan on sbtest8  (cost=32.04..4363.87 rows=1132 width=121)
	        Recheck Cond: ((id >= 1195879) AND (id <= 1196878))
	        ->  Bitmap Index Scan on sbtest8_pkey  (cost=0.00..31.75 rows=1132 width=0)
	              Index Cond: ((id >= 1195879) AND (id <= 1196878))

explain: for point_selects :: explain SELECT c FROM sbtest%u WHERE id=%u
for: order_ranges
table 1 : explain SELECT c FROM sbtest1 WHERE id BETWEEN 1167374 AND 1168373 ORDER BY c
	Sort  (cost=3715.45..3717.82 rows=946 width=121)
	  Sort Key: c
	  ->  Bitmap Heap Scan on sbtest1  (cost=30.13..3668.69 rows=946 width=121)
	        Recheck Cond: ((id >= 1167374) AND (id <= 1168373))
	        ->  Bitmap Index Scan on sbtest1_pkey  (cost=0.00..29.89 rows=946 width=0)
	              Index Cond: ((id >= 1167374) AND (id <= 1168373))

table 2 : explain SELECT c FROM sbtest2 WHERE id BETWEEN 9862106 AND 9863105 ORDER BY c
	Sort  (cost=3725.79..3728.16 rows=949 width=121)
	  Sort Key: c
	  ->  Bitmap Heap Scan on sbtest2  (cost=30.16..3678.86 rows=949 width=121)
	        Recheck Cond: ((id >= 9862106) AND (id <= 9863105))
	        ->  Bitmap Index Scan on sbtest2_pkey  (cost=0.00..29.93 rows=949 width=0)
	              Index Cond: ((id >= 9862106) AND (id <= 9863105))

table 3 : explain SELECT c FROM sbtest3 WHERE id BETWEEN 4693665 AND 4694664 ORDER BY c
	Sort  (cost=3558.52..3560.78 rows=904 width=121)
	  Sort Key: c
	  ->  Bitmap Heap Scan on sbtest3  (cost=29.70..3514.14 rows=904 width=121)
	        Recheck Cond: ((id >= 4693665) AND (id <= 4694664))
	        ->  Bitmap Index Scan on sbtest3_pkey  (cost=0.00..29.47 rows=904 width=0)
	              Index Cond: ((id >= 4693665) AND (id <= 4694664))

table 4 : explain SELECT c FROM sbtest4 WHERE id BETWEEN 1904175 AND 1905174 ORDER BY c
	Sort  (cost=3776.49..3778.89 rows=961 width=121)
	  Sort Key: c
	  ->  Bitmap Heap Scan on sbtest4  (cost=30.29..3728.88 rows=961 width=121)
	        Recheck Cond: ((id >= 1904175) AND (id <= 1905174))
	        ->  Bitmap Index Scan on sbtest4_pkey  (cost=0.00..30.04 rows=961 width=0)
	              Index Cond: ((id >= 1904175) AND (id <= 1905174))

table 5 : explain SELECT c FROM sbtest5 WHERE id BETWEEN 7448870 AND 7449869 ORDER BY c
	Sort  (cost=4143.38..4146.02 rows=1058 width=121)
	  Sort Key: c
	  ->  Bitmap Heap Scan on sbtest5  (cost=31.28..4090.23 rows=1058 width=121)
	        Recheck Cond: ((id >= 7448870) AND (id <= 7449869))
	        ->  Bitmap Index Scan on sbtest5_pkey  (cost=0.00..31.01 rows=1058 width=0)
	              Index Cond: ((id >= 7448870) AND (id <= 7449869))

table 6 : explain SELECT c FROM sbtest6 WHERE id BETWEEN 1856791 AND 1857790 ORDER BY c
	Sort  (cost=3643.32..3645.63 rows=927 width=121)
	  Sort Key: c
	  ->  Bitmap Heap Scan on sbtest6  (cost=29.94..3597.63 rows=927 width=121)
	        Recheck Cond: ((id >= 1856791) AND (id <= 1857790))
	        ->  Bitmap Index Scan on sbtest6_pkey  (cost=0.00..29.70 rows=927 width=0)
	              Index Cond: ((id >= 1856791) AND (id <= 1857790))

table 7 : explain SELECT c FROM sbtest7 WHERE id BETWEEN 7731020 AND 7732019 ORDER BY c
	Sort  (cost=3589.66..3591.94 rows=912 width=121)
	  Sort Key: c
	  ->  Bitmap Heap Scan on sbtest7  (cost=29.78..3544.82 rows=912 width=121)
	        Recheck Cond: ((id >= 7731020) AND (id <= 7732019))
	        ->  Bitmap Index Scan on sbtest7_pkey  (cost=0.00..29.55 rows=912 width=0)
	              Index Cond: ((id >= 7731020) AND (id <= 7732019))

table 8 : explain SELECT c FROM sbtest8 WHERE id BETWEEN 5350207 AND 5351206 ORDER BY c
	Sort  (cost=3947.77..3950.28 rows=1007 width=121)
	  Sort Key: c
	  ->  Bitmap Heap Scan on sbtest8  (cost=30.76..3897.54 rows=1007 width=121)
	        Recheck Cond: ((id >= 5350207) AND (id <= 5351206))
	        ->  Bitmap Index Scan on sbtest8_pkey  (cost=0.00..30.50 rows=1007 width=0)
	              Index Cond: ((id >= 5350207) AND (id <= 5351206))

for: sum_ranges
table 1 : explain SELECT SUM(k) FROM sbtest1 WHERE id BETWEEN 1797854 AND 1798853
	Aggregate  (cost=3652.15..3652.16 rows=1 width=8)
	  ->  Bitmap Heap Scan on sbtest1  (cost=30.08..3649.80 rows=941 width=4)
	        Recheck Cond: ((id >= 1797854) AND (id <= 1798853))
	        ->  Bitmap Index Scan on sbtest1_pkey  (cost=0.00..29.84 rows=941 width=0)
	              Index Cond: ((id >= 1797854) AND (id <= 1798853))

table 2 : explain SELECT SUM(k) FROM sbtest2 WHERE id BETWEEN 2314512 AND 2315511
	Aggregate  (cost=3771.87..3771.88 rows=1 width=8)
	  ->  Bitmap Heap Scan on sbtest2  (cost=30.41..3769.44 rows=973 width=4)
	        Recheck Cond: ((id >= 2314512) AND (id <= 2315511))
	        ->  Bitmap Index Scan on sbtest2_pkey  (cost=0.00..30.16 rows=973 width=0)
	              Index Cond: ((id >= 2314512) AND (id <= 2315511))

table 3 : explain SELECT SUM(k) FROM sbtest3 WHERE id BETWEEN 3678577 AND 3679576
	Aggregate  (cost=3883.75..3883.76 rows=1 width=8)
	  ->  Bitmap Heap Scan on sbtest3  (cost=30.70..3881.24 rows=1001 width=4)
	        Recheck Cond: ((id >= 3678577) AND (id <= 3679576))
	        ->  Bitmap Index Scan on sbtest3_pkey  (cost=0.00..30.44 rows=1001 width=0)
	              Index Cond: ((id >= 3678577) AND (id <= 3679576))

table 4 : explain SELECT SUM(k) FROM sbtest4 WHERE id BETWEEN 2885783 AND 2886782
	Aggregate  (cost=3682.07..3682.08 rows=1 width=8)
	  ->  Bitmap Heap Scan on sbtest4  (cost=30.15..3679.70 rows=948 width=4)
	        Recheck Cond: ((id >= 2885783) AND (id <= 2886782))
	        ->  Bitmap Index Scan on sbtest4_pkey  (cost=0.00..29.91 rows=948 width=0)
	              Index Cond: ((id >= 2885783) AND (id <= 2886782))

table 5 : explain SELECT SUM(k) FROM sbtest5 WHERE id BETWEEN 5194786 AND 5195785
	Aggregate  (cost=3435.56..3435.57 rows=1 width=8)
	  ->  Bitmap Heap Scan on sbtest5  (cost=25.51..3433.35 rows=885 width=4)
	        Recheck Cond: ((id >= 5194786) AND (id <= 5195785))
	        ->  Bitmap Index Scan on sbtest5_pkey  (cost=0.00..25.29 rows=885 width=0)
	              Index Cond: ((id >= 5194786) AND (id <= 5195785))

table 6 : explain SELECT SUM(k) FROM sbtest6 WHERE id BETWEEN 8782280 AND 8783279
	Aggregate  (cost=3819.23..3819.24 rows=1 width=8)
	  ->  Bitmap Heap Scan on sbtest6  (cost=30.53..3816.76 rows=985 width=4)
	        Recheck Cond: ((id >= 8782280) AND (id <= 8783279))
	        ->  Bitmap Index Scan on sbtest6_pkey  (cost=0.00..30.29 rows=985 width=0)
	              Index Cond: ((id >= 8782280) AND (id <= 8783279))

table 7 : explain SELECT SUM(k) FROM sbtest7 WHERE id BETWEEN 4761526 AND 4762525
	Aggregate  (cost=3978.67..3978.68 rows=1 width=8)
	  ->  Bitmap Heap Scan on sbtest7  (cost=30.95..3976.10 rows=1026 width=4)
	        Recheck Cond: ((id >= 4761526) AND (id <= 4762525))
	        ->  Bitmap Index Scan on sbtest7_pkey  (cost=0.00..30.69 rows=1026 width=0)
	              Index Cond: ((id >= 4761526) AND (id <= 4762525))

table 8 : explain SELECT SUM(k) FROM sbtest8 WHERE id BETWEEN 5003540 AND 5004539
	Aggregate  (cost=4016.89..4016.90 rows=1 width=8)
	  ->  Bitmap Heap Scan on sbtest8  (cost=31.07..4014.29 rows=1038 width=4)
	        Recheck Cond: ((id >= 5003540) AND (id <= 5004539))
	        ->  Bitmap Index Scan on sbtest8_pkey  (cost=0.00..30.82 rows=1038 width=0)
	              Index Cond: ((id >= 5003540) AND (id <= 5004539))

explain: for point_selects :: explain SELECT c FROM sbtest%u WHERE id=%u
for: order_ranges
table 1 : explain SELECT c FROM sbtest1 WHERE id BETWEEN 684295 AND 685294 ORDER BY c
	Sort  (cost=4021.85..4024.42 rows=1026 width=121)
	  Sort Key: c
	  ->  Bitmap Heap Scan on sbtest1  (cost=30.95..3970.54 rows=1026 width=121)
	        Recheck Cond: ((id >= 684295) AND (id <= 685294))
	        ->  Bitmap Index Scan on sbtest1_pkey  (cost=0.00..30.69 rows=1026 width=0)
	              Index Cond: ((id >= 684295) AND (id <= 685294))

table 2 : explain SELECT c FROM sbtest2 WHERE id BETWEEN 1023822 AND 1024821 ORDER BY c
	Sort  (cost=3537.68..3539.93 rows=901 width=121)
	  Sort Key: c
	  ->  Bitmap Heap Scan on sbtest2  (cost=25.67..3493.46 rows=901 width=121)
	        Recheck Cond: ((id >= 1023822) AND (id <= 1024821))
	        ->  Bitmap Index Scan on sbtest2_pkey  (cost=0.00..25.44 rows=901 width=0)
	              Index Cond: ((id >= 1023822) AND (id <= 1024821))

table 3 : explain SELECT c FROM sbtest3 WHERE id BETWEEN 4467700 AND 4468699 ORDER BY c
	Sort  (cost=3654.66..3656.99 rows=929 width=121)
	  Sort Key: c
	  ->  Bitmap Heap Scan on sbtest3  (cost=29.96..3608.87 rows=929 width=121)
	        Recheck Cond: ((id >= 4467700) AND (id <= 4468699))
	        ->  Bitmap Index Scan on sbtest3_pkey  (cost=0.00..29.72 rows=929 width=0)
	              Index Cond: ((id >= 4467700) AND (id <= 4468699))

table 4 : explain SELECT c FROM sbtest4 WHERE id BETWEEN 4437085 AND 4438084 ORDER BY c
	Sort  (cost=3676.49..3678.83 rows=936 width=121)
	  Sort Key: c
	  ->  Bitmap Heap Scan on sbtest4  (cost=26.03..3630.29 rows=936 width=121)
	        Recheck Cond: ((id >= 4437085) AND (id <= 4438084))
	        ->  Bitmap Index Scan on sbtest4_pkey  (cost=0.00..25.79 rows=936 width=0)
	              Index Cond: ((id >= 4437085) AND (id <= 4438084))

table 5 : explain SELECT c FROM sbtest5 WHERE id BETWEEN 8590936 AND 8591935 ORDER BY c
	Sort  (cost=3990.47..3993.02 rows=1018 width=121)
	  Sort Key: c
	  ->  Bitmap Heap Scan on sbtest5  (cost=30.87..3939.61 rows=1018 width=121)
	        Recheck Cond: ((id >= 8590936) AND (id <= 8591935))
	        ->  Bitmap Index Scan on sbtest5_pkey  (cost=0.00..30.61 rows=1018 width=0)
	              Index Cond: ((id >= 8590936) AND (id <= 8591935))

table 6 : explain SELECT c FROM sbtest6 WHERE id BETWEEN 4517203 AND 4518202 ORDER BY c
	Sort  (cost=3900.22..3902.70 rows=994 width=121)
	  Sort Key: c
	  ->  Bitmap Heap Scan on sbtest6  (cost=30.62..3850.73 rows=994 width=121)
	        Recheck Cond: ((id >= 4517203) AND (id <= 4518202))
	        ->  Bitmap Index Scan on sbtest6_pkey  (cost=0.00..30.37 rows=994 width=0)
	              Index Cond: ((id >= 4517203) AND (id <= 4518202))

table 7 : explain SELECT c FROM sbtest7 WHERE id BETWEEN 5552213 AND 5553212 ORDER BY c
	Sort  (cost=3885.50..3887.98 rows=989 width=121)
	  Sort Key: c
	  ->  Bitmap Heap Scan on sbtest7  (cost=30.57..3836.30 rows=989 width=121)
	        Recheck Cond: ((id >= 5552213) AND (id <= 5553212))
	        ->  Bitmap Index Scan on sbtest7_pkey  (cost=0.00..30.32 rows=989 width=0)
	              Index Cond: ((id >= 5552213) AND (id <= 5553212))

table 8 : explain SELECT c FROM sbtest8 WHERE id BETWEEN 1209094 AND 1210093 ORDER BY c
	Sort  (cost=3905.68..3908.17 rows=996 width=121)
	  Sort Key: c
	  ->  Bitmap Heap Scan on sbtest8  (cost=30.64..3856.08 rows=996 width=121)
	        Recheck Cond: ((id >= 1209094) AND (id <= 1210093))
	        ->  Bitmap Index Scan on sbtest8_pkey  (cost=0.00..30.39 rows=996 width=0)
	              Index Cond: ((id >= 1209094) AND (id <= 1210093))

for: simple_ranges
table 1 : explain SELECT c FROM sbtest1 WHERE id BETWEEN 15114 AND 16113
	Bitmap Heap Scan on sbtest1  (cost=30.58..3834.81 rows=990 width=121)
	  Recheck Cond: ((id >= 15114) AND (id <= 16113))
	  ->  Bitmap Index Scan on sbtest1_pkey  (cost=0.00..30.33 rows=990 width=0)
	        Index Cond: ((id >= 15114) AND (id <= 16113))

table 2 : explain SELECT c FROM sbtest2 WHERE id BETWEEN 288281 AND 289280
	Bitmap Heap Scan on sbtest2  (cost=25.55..3448.06 rows=889 width=121)
	  Recheck Cond: ((id >= 288281) AND (id <= 289280))
	  ->  Bitmap Index Scan on sbtest2_pkey  (cost=0.00..25.32 rows=889 width=0)
	        Index Cond: ((id >= 288281) AND (id <= 289280))

table 3 : explain SELECT c FROM sbtest3 WHERE id BETWEEN 8161722 AND 8162721
	Bitmap Heap Scan on sbtest3  (cost=35.82..4300.15 rows=1111 width=121)
	  Recheck Cond: ((id >= 8161722) AND (id <= 8162721))
	  ->  Bitmap Index Scan on sbtest3_pkey  (cost=0.00..35.55 rows=1111 width=0)
	        Index Cond: ((id >= 8161722) AND (id <= 8162721))

table 4 : explain SELECT c FROM sbtest4 WHERE id BETWEEN 9589524 AND 9590523
	Bitmap Heap Scan on sbtest4  (cost=30.80..3917.81 rows=1011 width=121)
	  Recheck Cond: ((id >= 9589524) AND (id <= 9590523))
	  ->  Bitmap Index Scan on sbtest4_pkey  (cost=0.00..30.54 rows=1011 width=0)
	        Index Cond: ((id >= 9589524) AND (id <= 9590523))

table 5 : explain SELECT c FROM sbtest5 WHERE id BETWEEN 2729326 AND 2730325
	Bitmap Heap Scan on sbtest5  (cost=31.43..4146.66 rows=1073 width=121)
	  Recheck Cond: ((id >= 2729326) AND (id <= 2730325))
	  ->  Bitmap Index Scan on sbtest5_pkey  (cost=0.00..31.16 rows=1073 width=0)
	        Index Cond: ((id >= 2729326) AND (id <= 2730325))

table 6 : explain SELECT c FROM sbtest6 WHERE id BETWEEN 5496558 AND 5497557
	Bitmap Heap Scan on sbtest6  (cost=31.17..4050.54 rows=1047 width=121)
	  Recheck Cond: ((id >= 5496558) AND (id <= 5497557))
	  ->  Bitmap Index Scan on sbtest6_pkey  (cost=0.00..30.90 rows=1047 width=0)
	        Index Cond: ((id >= 5496558) AND (id <= 5497557))

table 7 : explain SELECT c FROM sbtest7 WHERE id BETWEEN 6743383 AND 6744382
	Bitmap Heap Scan on sbtest7  (cost=31.03..4006.31 rows=1034 width=121)
	  Recheck Cond: ((id >= 6743383) AND (id <= 6744382))
	  ->  Bitmap Index Scan on sbtest7_pkey  (cost=0.00..30.77 rows=1034 width=0)
	        Index Cond: ((id >= 6743383) AND (id <= 6744382))

table 8 : explain SELECT c FROM sbtest8 WHERE id BETWEEN 2893304 AND 2894303
	Bitmap Heap Scan on sbtest8  (cost=31.56..4191.08 rows=1085 width=121)
	  Recheck Cond: ((id >= 2893304) AND (id <= 2894303))
	  ->  Bitmap Index Scan on sbtest8_pkey  (cost=0.00..31.29 rows=1085 width=0)
	        Index Cond: ((id >= 2893304) AND (id <= 2894303))

for: sum_ranges
table 1 : explain SELECT SUM(k) FROM sbtest1 WHERE id BETWEEN 5109793 AND 5110792
	Aggregate  (cost=4191.58..4191.59 rows=1 width=8)
	  ->  Bitmap Heap Scan on sbtest1  (cost=31.55..4188.87 rows=1084 width=4)
	        Recheck Cond: ((id >= 5109793) AND (id <= 5110792))
	        ->  Bitmap Index Scan on sbtest1_pkey  (cost=0.00..31.27 rows=1084 width=0)
	              Index Cond: ((id >= 5109793) AND (id <= 5110792))

table 2 : explain SELECT SUM(k) FROM sbtest2 WHERE id BETWEEN 1287640 AND 1288639
	Aggregate  (cost=3753.00..3753.01 rows=1 width=8)
	  ->  Bitmap Heap Scan on sbtest2  (cost=30.36..3750.58 rows=968 width=4)
	        Recheck Cond: ((id >= 1287640) AND (id <= 1288639))
	        ->  Bitmap Index Scan on sbtest2_pkey  (cost=0.00..30.11 rows=968 width=0)
	              Index Cond: ((id >= 1287640) AND (id <= 1288639))

table 3 : explain SELECT SUM(k) FROM sbtest3 WHERE id BETWEEN 7922041 AND 7923040
	Aggregate  (cost=3845.93..3845.94 rows=1 width=8)
	  ->  Bitmap Heap Scan on sbtest3  (cost=30.59..3843.45 rows=991 width=4)
	        Recheck Cond: ((id >= 7922041) AND (id <= 7923040))
	        ->  Bitmap Index Scan on sbtest3_pkey  (cost=0.00..30.34 rows=991 width=0)
	              Index Cond: ((id >= 7922041) AND (id <= 7923040))

table 4 : explain SELECT SUM(k) FROM sbtest4 WHERE id BETWEEN 8453718 AND 8454717
	Aggregate  (cost=3738.85..3738.86 rows=1 width=8)
	  ->  Bitmap Heap Scan on sbtest4  (cost=30.31..3736.44 rows=963 width=4)
	        Recheck Cond: ((id >= 8453718) AND (id <= 8454717))
	        ->  Bitmap Index Scan on sbtest4_pkey  (cost=0.00..30.07 rows=963 width=0)
	              Index Cond: ((id >= 8453718) AND (id <= 8454717))

table 5 : explain SELECT SUM(k) FROM sbtest5 WHERE id BETWEEN 4403881 AND 4404880
	Aggregate  (cost=3681.48..3681.49 rows=1 width=8)
	  ->  Bitmap Heap Scan on sbtest5  (cost=26.17..3679.11 rows=950 width=4)
	        Recheck Cond: ((id >= 4403881) AND (id <= 4404880))
	        ->  Bitmap Index Scan on sbtest5_pkey  (cost=0.00..25.93 rows=950 width=0)
	              Index Cond: ((id >= 4403881) AND (id <= 4404880))

table 6 : explain SELECT SUM(k) FROM sbtest6 WHERE id BETWEEN 1292045 AND 1293044
	Aggregate  (cost=3656.70..3656.71 rows=1 width=8)
	  ->  Bitmap Heap Scan on sbtest6  (cost=30.09..3654.35 rows=942 width=4)
	        Recheck Cond: ((id >= 1292045) AND (id <= 1293044))
	        ->  Bitmap Index Scan on sbtest6_pkey  (cost=0.00..29.86 rows=942 width=0)
	              Index Cond: ((id >= 1292045) AND (id <= 1293044))

table 7 : explain SELECT SUM(k) FROM sbtest7 WHERE id BETWEEN 8184644 AND 8185643
	Aggregate  (cost=3520.55..3520.56 rows=1 width=8)
	  ->  Bitmap Heap Scan on sbtest7  (cost=29.71..3518.28 rows=905 width=4)
	        Recheck Cond: ((id >= 8184644) AND (id <= 8185643))
	        ->  Bitmap Index Scan on sbtest7_pkey  (cost=0.00..29.48 rows=905 width=0)
	              Index Cond: ((id >= 8184644) AND (id <= 8185643))

table 8 : explain SELECT SUM(k) FROM sbtest8 WHERE id BETWEEN 9397461 AND 9398460
	Aggregate  (cost=3533.46..3533.47 rows=1 width=8)
	  ->  Bitmap Heap Scan on sbtest8  (cost=25.77..3531.18 rows=911 width=4)
	        Recheck Cond: ((id >= 9397461) AND (id <= 9398460))
	        ->  Bitmap Index Scan on sbtest8_pkey  (cost=0.00..25.54 rows=911 width=0)
	              Index Cond: ((id >= 9397461) AND (id <= 9398460))

for: distinct_ranges
table 1 : explain SELECT DISTINCT c FROM sbtest1 WHERE id BETWEEN 3333742 AND 3334741 ORDER BY c
	Unique  (cost=3788.29..3793.12 rows=965 width=121)
	  ->  Sort  (cost=3788.29..3790.70 rows=965 width=121)
	        Sort Key: c
	        ->  Bitmap Heap Scan on sbtest1  (cost=30.33..3740.45 rows=965 width=121)
	              Recheck Cond: ((id >= 3333742) AND (id <= 3334741))
	              ->  Bitmap Index Scan on sbtest1_pkey  (cost=0.00..30.08 rows=965 width=0)
	                    Index Cond: ((id >= 3333742) AND (id <= 3334741))

table 2 : explain SELECT DISTINCT c FROM sbtest2 WHERE id BETWEEN 2429879 AND 2430878 ORDER BY c
	Unique  (cost=4074.05..4079.25 rows=1040 width=121)
	  ->  Sort  (cost=4074.05..4076.65 rows=1040 width=121)
	        Sort Key: c
	        ->  Bitmap Heap Scan on sbtest2  (cost=31.09..4021.93 rows=1040 width=121)
	              Recheck Cond: ((id >= 2429879) AND (id <= 2430878))
	              ->  Bitmap Index Scan on sbtest2_pkey  (cost=0.00..30.83 rows=1040 width=0)
	                    Index Cond: ((id >= 2429879) AND (id <= 2430878))

table 3 : explain SELECT DISTINCT c FROM sbtest3 WHERE id BETWEEN 5797850 AND 5798849 ORDER BY c
	Unique  (cost=4026.98..4032.11 rows=1026 width=121)
	  ->  Sort  (cost=4026.98..4029.55 rows=1026 width=121)
	        Sort Key: c
	        ->  Bitmap Heap Scan on sbtest3  (cost=30.95..3975.67 rows=1026 width=121)
	              Recheck Cond: ((id >= 5797850) AND (id <= 5798849))
	              ->  Bitmap Index Scan on sbtest3_pkey  (cost=0.00..30.69 rows=1026 width=0)
	                    Index Cond: ((id >= 5797850) AND (id <= 5798849))

table 4 : explain SELECT DISTINCT c FROM sbtest4 WHERE id BETWEEN 5060377 AND 5061376 ORDER BY c
	Unique  (cost=4041.07..4046.22 rows=1030 width=121)
	  ->  Sort  (cost=4041.07..4043.64 rows=1030 width=121)
	        Sort Key: c
	        ->  Bitmap Heap Scan on sbtest4  (cost=30.99..3989.52 rows=1030 width=121)
	              Recheck Cond: ((id >= 5060377) AND (id <= 5061376))
	              ->  Bitmap Index Scan on sbtest4_pkey  (cost=0.00..30.73 rows=1030 width=0)
	                    Index Cond: ((id >= 5060377) AND (id <= 5061376))

table 5 : explain SELECT DISTINCT c FROM sbtest5 WHERE id BETWEEN 5975596 AND 5976595 ORDER BY c
	Unique  (cost=4021.07..4026.20 rows=1026 width=121)
	  ->  Sort  (cost=4021.07..4023.63 rows=1026 width=121)
	        Sort Key: c
	        ->  Bitmap Heap Scan on sbtest5  (cost=30.95..3969.75 rows=1026 width=121)
	              Recheck Cond: ((id >= 5975596) AND (id <= 5976595))
	              ->  Bitmap Index Scan on sbtest5_pkey  (cost=0.00..30.69 rows=1026 width=0)
	                    Index Cond: ((id >= 5975596) AND (id <= 5976595))

table 6 : explain SELECT DISTINCT c FROM sbtest6 WHERE id BETWEEN 6735399 AND 6736398 ORDER BY c
	Unique  (cost=3789.09..3793.91 rows=965 width=121)
	  ->  Sort  (cost=3789.09..3791.50 rows=965 width=121)
	        Sort Key: c
	        ->  Bitmap Heap Scan on sbtest6  (cost=30.33..3741.25 rows=965 width=121)
	              Recheck Cond: ((id >= 6735399) AND (id <= 6736398))
	              ->  Bitmap Index Scan on sbtest6_pkey  (cost=0.00..30.08 rows=965 width=0)
	                    Index Cond: ((id >= 6735399) AND (id <= 6736398))

table 7 : explain SELECT DISTINCT c FROM sbtest7 WHERE id BETWEEN 8104380 AND 8105379 ORDER BY c
	Unique  (cost=3989.08..3994.16 rows=1016 width=121)
	  ->  Sort  (cost=3989.08..3991.62 rows=1016 width=121)
	        Sort Key: c
	        ->  Bitmap Heap Scan on sbtest7  (cost=30.85..3938.33 rows=1016 width=121)
	              Recheck Cond: ((id >= 8104380) AND (id <= 8105379))
	              ->  Bitmap Index Scan on sbtest7_pkey  (cost=0.00..30.59 rows=1016 width=0)
	                    Index Cond: ((id >= 8104380) AND (id <= 8105379))

table 8 : explain SELECT DISTINCT c FROM sbtest8 WHERE id BETWEEN 7638525 AND 7639524 ORDER BY c
	Unique  (cost=3832.95..3837.83 rows=977 width=121)
	  ->  Sort  (cost=3832.95..3835.39 rows=977 width=121)
	        Sort Key: c
	        ->  Bitmap Heap Scan on sbtest8  (cost=30.45..3784.43 rows=977 width=121)
	              Recheck Cond: ((id >= 7638525) AND (id <= 7639524))
	              ->  Bitmap Index Scan on sbtest8_pkey  (cost=0.00..30.20 rows=977 width=0)
	                    Index Cond: ((id >= 7638525) AND (id <= 7639524))

for point_selects
table 1 : explain SELECT c FROM sbtest1 WHERE id=3054058
	Index Scan using sbtest1_pkey on sbtest1  (cost=0.43..8.45 rows=1 width=121)
	  Index Cond: (id = 3054058)

table 2 : explain SELECT c FROM sbtest2 WHERE id=8792401
	Index Scan using sbtest2_pkey on sbtest2  (cost=0.43..8.45 rows=1 width=121)
	  Index Cond: (id = 8792401)

table 3 : explain SELECT c FROM sbtest3 WHERE id=4247093
	Index Scan using sbtest3_pkey on sbtest3  (cost=0.43..8.45 rows=1 width=121)
	  Index Cond: (id = 4247093)

table 4 : explain SELECT c FROM sbtest4 WHERE id=3259710
	Index Scan using sbtest4_pkey on sbtest4  (cost=0.43..8.45 rows=1 width=121)
	  Index Cond: (id = 3259710)

table 5 : explain SELECT c FROM sbtest5 WHERE id=8227138
	Index Scan using sbtest5_pkey on sbtest5  (cost=0.43..8.45 rows=1 width=121)
	  Index Cond: (id = 8227138)

table 6 : explain SELECT c FROM sbtest6 WHERE id=1169823
	Index Scan using sbtest6_pkey on sbtest6  (cost=0.43..8.45 rows=1 width=121)
	  Index Cond: (id = 1169823)

table 7 : explain SELECT c FROM sbtest7 WHERE id=5967587
	Index Scan using sbtest7_pkey on sbtest7  (cost=0.43..8.45 rows=1 width=121)
	  Index Cond: (id = 5967587)

table 8 : explain SELECT c FROM sbtest8 WHERE id=1975097
	Index Scan using sbtest8_pkey on sbtest8  (cost=0.43..8.45 rows=1 width=121)
	  Index Cond: (id = 1975097)

for: simple_ranges
table 1 : explain SELECT c FROM sbtest1 WHERE id BETWEEN 9845321 AND 9846320
	Bitmap Heap Scan on sbtest1  (cost=31.33..4109.87 rows=1063 width=121)
	  Recheck Cond: ((id >= 9845321) AND (id <= 9846320))
	  ->  Bitmap Index Scan on sbtest1_pkey  (cost=0.00..31.07 rows=1063 width=0)
	        Index Cond: ((id >= 9845321) AND (id <= 9846320))

table 2 : explain SELECT c FROM sbtest2 WHERE id BETWEEN 4878995 AND 4879994
	Bitmap Heap Scan on sbtest2  (cost=31.28..4089.67 rows=1058 width=121)
	  Recheck Cond: ((id >= 4878995) AND (id <= 4879994))
	  ->  Bitmap Index Scan on sbtest2_pkey  (cost=0.00..31.01 rows=1058 width=0)
	        Index Cond: ((id >= 4878995) AND (id <= 4879994))

table 3 : explain SELECT c FROM sbtest3 WHERE id BETWEEN 2271956 AND 2272955
	Bitmap Heap Scan on sbtest3  (cost=30.65..3866.13 rows=997 width=121)
	  Recheck Cond: ((id >= 2271956) AND (id <= 2272955))
	  ->  Bitmap Index Scan on sbtest3_pkey  (cost=0.00..30.40 rows=997 width=0)
	        Index Cond: ((id >= 2271956) AND (id <= 2272955))

table 4 : explain SELECT c FROM sbtest4 WHERE id BETWEEN 3326345 AND 3327344
	Bitmap Heap Scan on sbtest4  (cost=30.86..3940.46 rows=1017 width=121)
	  Recheck Cond: ((id >= 3326345) AND (id <= 3327344))
	  ->  Bitmap Index Scan on sbtest4_pkey  (cost=0.00..30.61 rows=1017 width=0)
	        Index Cond: ((id >= 3326345) AND (id <= 3327344))

table 5 : explain SELECT c FROM sbtest5 WHERE id BETWEEN 821793 AND 822792
	Bitmap Heap Scan on sbtest5  (cost=31.99..4345.84 rows=1127 width=121)
	  Recheck Cond: ((id >= 821793) AND (id <= 822792))
	  ->  Bitmap Index Scan on sbtest5_pkey  (cost=0.00..31.70 rows=1127 width=0)
	        Index Cond: ((id >= 821793) AND (id <= 822792))

table 6 : explain SELECT c FROM sbtest6 WHERE id BETWEEN 7032138 AND 7033137
	Bitmap Heap Scan on sbtest6  (cost=31.49..4171.01 rows=1079 width=121)
	  Recheck Cond: ((id >= 7032138) AND (id <= 7033137))
	  ->  Bitmap Index Scan on sbtest6_pkey  (cost=0.00..31.22 rows=1079 width=0)
	        Index Cond: ((id >= 7032138) AND (id <= 7033137))

table 7 : explain SELECT c FROM sbtest7 WHERE id BETWEEN 661467 AND 662466
	Bitmap Heap Scan on sbtest7  (cost=30.73..3893.00 rows=1004 width=121)
	  Recheck Cond: ((id >= 661467) AND (id <= 662466))
	  ->  Bitmap Index Scan on sbtest7_pkey  (cost=0.00..30.47 rows=1004 width=0)
	        Index Cond: ((id >= 661467) AND (id <= 662466))

table 8 : explain SELECT c FROM sbtest8 WHERE id BETWEEN 7808756 AND 7809755
	Bitmap Heap Scan on sbtest8  (cost=25.47..3417.69 rows=881 width=121)
	  Recheck Cond: ((id >= 7808756) AND (id <= 7809755))
	  ->  Bitmap Index Scan on sbtest8_pkey  (cost=0.00..25.25 rows=881 width=0)
	        Index Cond: ((id >= 7808756) AND (id <= 7809755))

for: order_ranges
table 1 : explain SELECT c FROM sbtest1 WHERE id BETWEEN 8456758 AND 8457757 ORDER BY c
	Sort  (cost=3765.29..3767.69 rows=959 width=121)
	  Sort Key: c
	  ->  Bitmap Heap Scan on sbtest1  (cost=30.26..3717.80 rows=959 width=121)
	        Recheck Cond: ((id >= 8456758) AND (id <= 8457757))
	        ->  Bitmap Index Scan on sbtest1_pkey  (cost=0.00..30.02 rows=959 width=0)
	              Index Cond: ((id >= 8456758) AND (id <= 8457757))

table 2 : explain SELECT c FROM sbtest2 WHERE id BETWEEN 5259513 AND 5260512 ORDER BY c
	Sort  (cost=3748.78..3751.17 rows=955 width=121)
	  Sort Key: c
	  ->  Bitmap Heap Scan on sbtest2  (cost=30.22..3701.51 rows=955 width=121)
	        Recheck Cond: ((id >= 5259513) AND (id <= 5260512))
	        ->  Bitmap Index Scan on sbtest2_pkey  (cost=0.00..29.98 rows=955 width=0)
	              Index Cond: ((id >= 5259513) AND (id <= 5260512))

table 3 : explain SELECT c FROM sbtest3 WHERE id BETWEEN 2999747 AND 3000746 ORDER BY c
	Sort  (cost=3839.04..3841.49 rows=977 width=121)
	  Sort Key: c
	  ->  Bitmap Heap Scan on sbtest3  (cost=30.45..3790.52 rows=977 width=121)
	        Recheck Cond: ((id >= 2999747) AND (id <= 3000746))
	        ->  Bitmap Index Scan on sbtest3_pkey  (cost=0.00..30.20 rows=977 width=0)
	              Index Cond: ((id >= 2999747) AND (id <= 3000746))

table 4 : explain SELECT c FROM sbtest4 WHERE id BETWEEN 568761 AND 569760 ORDER BY c
	Sort  (cost=4343.31..4346.09 rows=1109 width=121)
	  Sort Key: c
	  ->  Bitmap Heap Scan on sbtest4  (cost=31.80..4287.23 rows=1109 width=121)
	        Recheck Cond: ((id >= 568761) AND (id <= 569760))
	        ->  Bitmap Index Scan on sbtest4_pkey  (cost=0.00..31.52 rows=1109 width=0)
	              Index Cond: ((id >= 568761) AND (id <= 569760))

table 5 : explain SELECT c FROM sbtest5 WHERE id BETWEEN 5450739 AND 5451738 ORDER BY c
	Sort  (cost=3664.74..3667.08 rows=934 width=121)
	  Sort Key: c
	  ->  Bitmap Heap Scan on sbtest5  (cost=26.01..3618.66 rows=934 width=121)
	        Recheck Cond: ((id >= 5450739) AND (id <= 5451738))
	        ->  Bitmap Index Scan on sbtest5_pkey  (cost=0.00..25.77 rows=934 width=0)
	              Index Cond: ((id >= 5450739) AND (id <= 5451738))

table 6 : explain SELECT c FROM sbtest6 WHERE id BETWEEN 8840884 AND 8841883 ORDER BY c
	Sort  (cost=3493.37..3495.59 rows=889 width=121)
	  Sort Key: c
	  ->  Bitmap Heap Scan on sbtest6  (cost=25.55..3449.82 rows=889 width=121)
	        Recheck Cond: ((id >= 8840884) AND (id <= 8841883))
	        ->  Bitmap Index Scan on sbtest6_pkey  (cost=0.00..25.32 rows=889 width=0)
	              Index Cond: ((id >= 8840884) AND (id <= 8841883))

table 7 : explain SELECT c FROM sbtest7 WHERE id BETWEEN 7715160 AND 7716159 ORDER BY c
	Sort  (cost=3589.66..3591.94 rows=912 width=121)
	  Sort Key: c
	  ->  Bitmap Heap Scan on sbtest7  (cost=29.78..3544.82 rows=912 width=121)
	        Recheck Cond: ((id >= 7715160) AND (id <= 7716159))
	        ->  Bitmap Index Scan on sbtest7_pkey  (cost=0.00..29.55 rows=912 width=0)
	              Index Cond: ((id >= 7715160) AND (id <= 7716159))

table 8 : explain SELECT c FROM sbtest8 WHERE id BETWEEN 6263675 AND 6264674 ORDER BY c
	Sort  (cost=4287.75..4290.49 rows=1096 width=121)
	  Sort Key: c
	  ->  Bitmap Heap Scan on sbtest8  (cost=31.67..4232.42 rows=1096 width=121)
	        Recheck Cond: ((id >= 6263675) AND (id <= 6264674))
	        ->  Bitmap Index Scan on sbtest8_pkey  (cost=0.00..31.39 rows=1096 width=0)
	              Index Cond: ((id >= 6263675) AND (id <= 6264674))

for: distinct_ranges
table 1 : explain SELECT DISTINCT c FROM sbtest1 WHERE id BETWEEN 2522593 AND 2523592 ORDER BY c
	Unique  (cost=4006.55..4011.66 rows=1022 width=121)
	  ->  Sort  (cost=4006.55..4009.10 rows=1022 width=121)
	        Sort Key: c
	        ->  Bitmap Heap Scan on sbtest1  (cost=30.91..3955.46 rows=1022 width=121)
	              Recheck Cond: ((id >= 2522593) AND (id <= 2523592))
	              ->  Bitmap Index Scan on sbtest1_pkey  (cost=0.00..30.65 rows=1022 width=0)
	                    Index Cond: ((id >= 2522593) AND (id <= 2523592))

table 2 : explain SELECT DISTINCT c FROM sbtest2 WHERE id BETWEEN 5189600 AND 5190599 ORDER BY c
	Unique  (cost=4219.19..4224.58 rows=1078 width=121)
	  ->  Sort  (cost=4219.19..4221.88 rows=1078 width=121)
	        Sort Key: c
	        ->  Bitmap Heap Scan on sbtest2  (cost=31.48..4164.89 rows=1078 width=121)
	              Recheck Cond: ((id >= 5189600) AND (id <= 5190599))
	              ->  Bitmap Index Scan on sbtest2_pkey  (cost=0.00..31.21 rows=1078 width=0)
	                    Index Cond: ((id >= 5189600) AND (id <= 5190599))

table 3 : explain SELECT DISTINCT c FROM sbtest3 WHERE id BETWEEN 8678483 AND 8679482 ORDER BY c
	Unique  (cost=3727.68..3732.42 rows=948 width=121)
	  ->  Sort  (cost=3727.68..3730.05 rows=948 width=121)
	        Sort Key: c
	        ->  Bitmap Heap Scan on sbtest3  (cost=30.15..3680.81 rows=948 width=121)
	              Recheck Cond: ((id >= 8678483) AND (id <= 8679482))
	              ->  Bitmap Index Scan on sbtest3_pkey  (cost=0.00..29.91 rows=948 width=0)
	                    Index Cond: ((id >= 8678483) AND (id <= 8679482))

table 4 : explain SELECT DISTINCT c FROM sbtest4 WHERE id BETWEEN 386617 AND 387616 ORDER BY c
	Unique  (cost=3730.42..3735.16 rows=949 width=121)
	  ->  Sort  (cost=3730.42..3732.79 rows=949 width=121)
	        Sort Key: c
	        ->  Bitmap Heap Scan on sbtest4  (cost=30.16..3683.49 rows=949 width=121)
	              Recheck Cond: ((id >= 386617) AND (id <= 387616))
	              ->  Bitmap Index Scan on sbtest4_pkey  (cost=0.00..29.93 rows=949 width=0)
	                    Index Cond: ((id >= 386617) AND (id <= 387616))

table 5 : explain SELECT DISTINCT c FROM sbtest5 WHERE id BETWEEN 4805274 AND 4806273 ORDER BY c
	Unique  (cost=4242.66..4248.08 rows=1084 width=121)
	  ->  Sort  (cost=4242.66..4245.37 rows=1084 width=121)
	        Sort Key: c
	        ->  Bitmap Heap Scan on sbtest5  (cost=31.55..4188.02 rows=1084 width=121)
	              Recheck Cond: ((id >= 4805274) AND (id <= 4806273))
	              ->  Bitmap Index Scan on sbtest5_pkey  (cost=0.00..31.27 rows=1084 width=0)
	                    Index Cond: ((id >= 4805274) AND (id <= 4806273))

table 6 : explain SELECT DISTINCT c FROM sbtest6 WHERE id BETWEEN 5514820 AND 5515819 ORDER BY c
	Unique  (cost=4091.58..4096.80 rows=1044 width=121)
	  ->  Sort  (cost=4091.58..4094.19 rows=1044 width=121)
	        Sort Key: c
	        ->  Bitmap Heap Scan on sbtest6  (cost=31.14..4039.24 rows=1044 width=121)
	              Recheck Cond: ((id >= 5514820) AND (id <= 5515819))
	              ->  Bitmap Index Scan on sbtest6_pkey  (cost=0.00..30.87 rows=1044 width=0)
	                    Index Cond: ((id >= 5514820) AND (id <= 5515819))

table 7 : explain SELECT DISTINCT c FROM sbtest7 WHERE id BETWEEN 9143397 AND 9144396 ORDER BY c
	Unique  (cost=4134.70..4139.97 rows=1054 width=121)
	  ->  Sort  (cost=4134.70..4137.34 rows=1054 width=121)
	        Sort Key: c
	        ->  Bitmap Heap Scan on sbtest7  (cost=31.24..4081.79 rows=1054 width=121)
	              Recheck Cond: ((id >= 9143397) AND (id <= 9144396))
	              ->  Bitmap Index Scan on sbtest7_pkey  (cost=0.00..30.97 rows=1054 width=0)
	                    Index Cond: ((id >= 9143397) AND (id <= 9144396))

table 8 : explain SELECT DISTINCT c FROM sbtest8 WHERE id BETWEEN 1645728 AND 1646727 ORDER BY c
	Unique  (cost=3702.69..3707.41 rows=943 width=121)
	  ->  Sort  (cost=3702.69..3705.05 rows=943 width=121)
	        Sort Key: c
	        ->  Bitmap Heap Scan on sbtest8  (cost=30.10..3656.10 rows=943 width=121)
	              Recheck Cond: ((id >= 1645728) AND (id <= 1646727))
	              ->  Bitmap Index Scan on sbtest8_pkey  (cost=0.00..29.86 rows=943 width=0)
	                    Index Cond: ((id >= 1645728) AND (id <= 1646727))

for: simple_ranges
table 1 : explain SELECT c FROM sbtest1 WHERE id BETWEEN 7369460 AND 7370459
	Bitmap Heap Scan on sbtest1  (cost=30.41..3770.66 rows=973 width=121)
	  Recheck Cond: ((id >= 7369460) AND (id <= 7370459))
	  ->  Bitmap Index Scan on sbtest1_pkey  (cost=0.00..30.16 rows=973 width=0)
	        Index Cond: ((id >= 7369460) AND (id <= 7370459))

table 2 : explain SELECT c FROM sbtest2 WHERE id BETWEEN 9361937 AND 9362936
	Bitmap Heap Scan on sbtest2  (cost=32.02..4356.49 rows=1130 width=121)
	  Recheck Cond: ((id >= 9361937) AND (id <= 9362936))
	  ->  Bitmap Index Scan on sbtest2_pkey  (cost=0.00..31.73 rows=1130 width=0)
	        Index Cond: ((id >= 9361937) AND (id <= 9362936))

table 3 : explain SELECT c FROM sbtest3 WHERE id BETWEEN 6732946 AND 6733945
	Bitmap Heap Scan on sbtest3  (cost=31.61..4217.05 rows=1090 width=121)
	  Recheck Cond: ((id >= 6732946) AND (id <= 6733945))
	  ->  Bitmap Index Scan on sbtest3_pkey  (cost=0.00..31.33 rows=1090 width=0)
	        Index Cond: ((id >= 6732946) AND (id <= 6733945))

table 4 : explain SELECT c FROM sbtest4 WHERE id BETWEEN 7688474 AND 7689473
	Bitmap Heap Scan on sbtest4  (cost=31.24..4080.04 rows=1054 width=121)
	  Recheck Cond: ((id >= 7688474) AND (id <= 7689473))
	  ->  Bitmap Index Scan on sbtest4_pkey  (cost=0.00..30.97 rows=1054 width=0)
	        Index Cond: ((id >= 7688474) AND (id <= 7689473))

table 5 : explain SELECT c FROM sbtest5 WHERE id BETWEEN 6747935 AND 6748934
	Bitmap Heap Scan on sbtest5  (cost=26.26..3713.09 rows=959 width=121)
	  Recheck Cond: ((id >= 6747935) AND (id <= 6748934))
	  ->  Bitmap Index Scan on sbtest5_pkey  (cost=0.00..26.02 rows=959 width=0)
	        Index Cond: ((id >= 6747935) AND (id <= 6748934))

table 6 : explain SELECT c FROM sbtest6 WHERE id BETWEEN 1195778 AND 1196777
	Bitmap Heap Scan on sbtest6  (cost=31.20..4061.84 rows=1050 width=121)
	  Recheck Cond: ((id >= 1195778) AND (id <= 1196777))
	  ->  Bitmap Index Scan on sbtest6_pkey  (cost=0.00..30.93 rows=1050 width=0)
	        Index Cond: ((id >= 1195778) AND (id <= 1196777))

table 7 : explain SELECT c FROM sbtest7 WHERE id BETWEEN 8181510 AND 8182509
	Bitmap Heap Scan on sbtest7  (cost=29.71..3518.28 rows=905 width=121)
	  Recheck Cond: ((id >= 8181510) AND (id <= 8182509))
	  ->  Bitmap Index Scan on sbtest7_pkey  (cost=0.00..29.48 rows=905 width=0)
	        Index Cond: ((id >= 8181510) AND (id <= 8182509))

table 8 : explain SELECT c FROM sbtest8 WHERE id BETWEEN 2263866 AND 2264865
	Bitmap Heap Scan on sbtest8  (cost=31.90..4315.07 rows=1119 width=121)
	  Recheck Cond: ((id >= 2263866) AND (id <= 2264865))
	  ->  Bitmap Index Scan on sbtest8_pkey  (cost=0.00..31.62 rows=1119 width=0)
	        Index Cond: ((id >= 2263866) AND (id <= 2264865))

for: distinct_ranges
table 1 : explain SELECT DISTINCT c FROM sbtest1 WHERE id BETWEEN 2817178 AND 2818177 ORDER BY c
	Unique  (cost=4266.42..4271.87 rows=1090 width=121)
	  ->  Sort  (cost=4266.42..4269.15 rows=1090 width=121)
	        Sort Key: c
	        ->  Bitmap Heap Scan on sbtest1  (cost=31.61..4211.43 rows=1090 width=121)
	              Recheck Cond: ((id >= 2817178) AND (id <= 2818177))
	              ->  Bitmap Index Scan on sbtest1_pkey  (cost=0.00..31.33 rows=1090 width=0)
	                    Index Cond: ((id >= 2817178) AND (id <= 2818177))

table 2 : explain SELECT DISTINCT c FROM sbtest2 WHERE id BETWEEN 1106951 AND 1107950 ORDER BY c
	Unique  (cost=3790.92..3795.75 rows=966 width=121)
	  ->  Sort  (cost=3790.92..3793.34 rows=966 width=121)
	        Sort Key: c
	        ->  Bitmap Heap Scan on sbtest2  (cost=30.34..3743.03 rows=966 width=121)
	              Recheck Cond: ((id >= 1106951) AND (id <= 1107950))
	              ->  Bitmap Index Scan on sbtest2_pkey  (cost=0.00..30.09 rows=966 width=0)
	                    Index Cond: ((id >= 1106951) AND (id <= 1107950))

table 3 : explain SELECT DISTINCT c FROM sbtest3 WHERE id BETWEEN 3029636 AND 3030635 ORDER BY c
	Unique  (cost=4049.98..4055.14 rows=1032 width=121)
	  ->  Sort  (cost=4049.98..4052.56 rows=1032 width=121)
	        Sort Key: c
	        ->  Bitmap Heap Scan on sbtest3  (cost=31.01..3998.32 rows=1032 width=121)
	              Recheck Cond: ((id >= 3029636) AND (id <= 3030635))
	              ->  Bitmap Index Scan on sbtest3_pkey  (cost=0.00..30.75 rows=1032 width=0)
	                    Index Cond: ((id >= 3029636) AND (id <= 3030635))

table 4 : explain SELECT DISTINCT c FROM sbtest4 WHERE id BETWEEN 3922404 AND 3923403 ORDER BY c
	Unique  (cost=4037.24..4042.38 rows=1029 width=121)
	  ->  Sort  (cost=4037.24..4039.81 rows=1029 width=121)
	        Sort Key: c
	        ->  Bitmap Heap Scan on sbtest4  (cost=30.98..3985.75 rows=1029 width=121)
	              Recheck Cond: ((id >= 3922404) AND (id <= 3923403))
	              ->  Bitmap Index Scan on sbtest4_pkey  (cost=0.00..30.72 rows=1029 width=0)
	                    Index Cond: ((id >= 3922404) AND (id <= 3923403))

table 5 : explain SELECT DISTINCT c FROM sbtest5 WHERE id BETWEEN 8036448 AND 8037447 ORDER BY c
	Unique  (cost=3703.09..3707.81 rows=944 width=121)
	  ->  Sort  (cost=3703.09..3705.45 rows=944 width=121)
	        Sort Key: c
	        ->  Bitmap Heap Scan on sbtest5  (cost=26.11..3656.44 rows=944 width=121)
	              Recheck Cond: ((id >= 8036448) AND (id <= 8037447))
	              ->  Bitmap Index Scan on sbtest5_pkey  (cost=0.00..25.87 rows=944 width=0)
	                    Index Cond: ((id >= 8036448) AND (id <= 8037447))

table 6 : explain SELECT DISTINCT c FROM sbtest6 WHERE id BETWEEN 8665331 AND 8666330 ORDER BY c
	Unique  (cost=3650.99..3655.64 rows=929 width=121)
	  ->  Sort  (cost=3650.99..3653.31 rows=929 width=121)
	        Sort Key: c
	        ->  Bitmap Heap Scan on sbtest6  (cost=29.96..3605.19 rows=929 width=121)
	              Recheck Cond: ((id >= 8665331) AND (id <= 8666330))
	              ->  Bitmap Index Scan on sbtest6_pkey  (cost=0.00..29.72 rows=929 width=0)
	                    Index Cond: ((id >= 8665331) AND (id <= 8666330))

table 7 : explain SELECT DISTINCT c FROM sbtest7 WHERE id BETWEEN 686315 AND 687314 ORDER BY c
	Unique  (cost=3812.57..3817.42 rows=970 width=121)
	  ->  Sort  (cost=3812.57..3814.99 rows=970 width=121)
	        Sort Key: c
	        ->  Bitmap Heap Scan on sbtest7  (cost=30.38..3764.45 rows=970 width=121)
	              Recheck Cond: ((id >= 686315) AND (id <= 687314))
	              ->  Bitmap Index Scan on sbtest7_pkey  (cost=0.00..30.14 rows=970 width=0)
	                    Index Cond: ((id >= 686315) AND (id <= 687314))

table 8 : explain SELECT DISTINCT c FROM sbtest8 WHERE id BETWEEN 1597129 AND 1598128 ORDER BY c
	Unique  (cost=3848.26..3853.17 rows=981 width=121)
	  ->  Sort  (cost=3848.26..3850.72 rows=981 width=121)
	        Sort Key: c
	        ->  Bitmap Heap Scan on sbtest8  (cost=30.49..3799.52 rows=981 width=121)
	              Recheck Cond: ((id >= 1597129) AND (id <= 1598128))
	              ->  Bitmap Index Scan on sbtest8_pkey  (cost=0.00..30.25 rows=981 width=0)
	                    Index Cond: ((id >= 1597129) AND (id <= 1598128))

for: sum_ranges
table 1 : explain SELECT SUM(k) FROM sbtest1 WHERE id BETWEEN 977038 AND 978037
	Aggregate  (cost=3844.83..3844.84 rows=1 width=8)
	  ->  Bitmap Heap Scan on sbtest1  (cost=30.60..3842.35 rows=992 width=4)
	        Recheck Cond: ((id >= 977038) AND (id <= 978037))
	        ->  Bitmap Index Scan on sbtest1_pkey  (cost=0.00..30.36 rows=992 width=0)
	              Index Cond: ((id >= 977038) AND (id <= 978037))

table 2 : explain SELECT SUM(k) FROM sbtest2 WHERE id BETWEEN 5137943 AND 5138942
	Aggregate  (cost=4167.58..4167.59 rows=1 width=8)
	  ->  Bitmap Heap Scan on sbtest2  (cost=31.48..4164.89 rows=1078 width=4)
	        Recheck Cond: ((id >= 5137943) AND (id <= 5138942))
	        ->  Bitmap Index Scan on sbtest2_pkey  (cost=0.00..31.21 rows=1078 width=0)
	              Index Cond: ((id >= 5137943) AND (id <= 5138942))

table 3 : explain SELECT SUM(k) FROM sbtest3 WHERE id BETWEEN 537827 AND 538826
	Aggregate  (cost=4034.89..4034.90 rows=1 width=8)
	  ->  Bitmap Heap Scan on sbtest3  (cost=31.11..4032.29 rows=1041 width=4)
	        Recheck Cond: ((id >= 537827) AND (id <= 538826))
	        ->  Bitmap Index Scan on sbtest3_pkey  (cost=0.00..30.84 rows=1041 width=0)
	              Index Cond: ((id >= 537827) AND (id <= 538826))

table 4 : explain SELECT SUM(k) FROM sbtest4 WHERE id BETWEEN 2939386 AND 2940385
	Aggregate  (cost=4003.42..4003.43 rows=1 width=8)
	  ->  Bitmap Heap Scan on sbtest4  (cost=31.02..4000.84 rows=1033 width=4)
	        Recheck Cond: ((id >= 2939386) AND (id <= 2940385))
	        ->  Bitmap Index Scan on sbtest4_pkey  (cost=0.00..30.76 rows=1033 width=0)
	              Index Cond: ((id >= 2939386) AND (id <= 2940385))

table 5 : explain SELECT SUM(k) FROM sbtest5 WHERE id BETWEEN 6058624 AND 6059623
	Aggregate  (cost=3983.63..3983.64 rows=1 width=8)
	  ->  Bitmap Heap Scan on sbtest5  (cost=30.98..3981.05 rows=1029 width=4)
	        Recheck Cond: ((id >= 6058624) AND (id <= 6059623))
	        ->  Bitmap Index Scan on sbtest5_pkey  (cost=0.00..30.72 rows=1029 width=0)
	              Index Cond: ((id >= 6058624) AND (id <= 6059623))

table 6 : explain SELECT SUM(k) FROM sbtest6 WHERE id BETWEEN 3426077 AND 3427076
	Aggregate  (cost=4158.64..4158.65 rows=1 width=8)
	  ->  Bitmap Heap Scan on sbtest6  (cost=31.45..4155.95 rows=1075 width=4)
	        Recheck Cond: ((id >= 3426077) AND (id <= 3427076))
	        ->  Bitmap Index Scan on sbtest6_pkey  (cost=0.00..31.18 rows=1075 width=0)
	              Index Cond: ((id >= 3426077) AND (id <= 3427076))

table 7 : explain SELECT SUM(k) FROM sbtest7 WHERE id BETWEEN 6696796 AND 6697795
	Aggregate  (cost=4008.89..4008.90 rows=1 width=8)
	  ->  Bitmap Heap Scan on sbtest7  (cost=31.03..4006.31 rows=1034 width=4)
	        Recheck Cond: ((id >= 6696796) AND (id <= 6697795))
	        ->  Bitmap Index Scan on sbtest7_pkey  (cost=0.00..30.77 rows=1034 width=0)
	              Index Cond: ((id >= 6696796) AND (id <= 6697795))

table 8 : explain SELECT SUM(k) FROM sbtest8 WHERE id BETWEEN 3473135 AND 3474134
	Aggregate  (cost=3703.80..3703.81 rows=1 width=8)
	  ->  Bitmap Heap Scan on sbtest8  (cost=30.22..3701.41 rows=955 width=4)
	        Recheck Cond: ((id >= 3473135) AND (id <= 3474134))
	        ->  Bitmap Index Scan on sbtest8_pkey  (cost=0.00..29.98 rows=955 width=0)
	              Index Cond: ((id >= 3473135) AND (id <= 3474134))

for: order_ranges
table 1 : explain SELECT c FROM sbtest1 WHERE id BETWEEN 8708227 AND 8709226 ORDER BY c
	Sort  (cost=3849.60..3852.05 rows=981 width=121)
	  Sort Key: c
	  ->  Bitmap Heap Scan on sbtest1  (cost=30.49..3800.85 rows=981 width=121)
	        Recheck Cond: ((id >= 8708227) AND (id <= 8709226))
	        ->  Bitmap Index Scan on sbtest1_pkey  (cost=0.00..30.25 rows=981 width=0)
	              Index Cond: ((id >= 8708227) AND (id <= 8709226))

table 2 : explain SELECT c FROM sbtest2 WHERE id BETWEEN 1835245 AND 1836244 ORDER BY c
	Sort  (cost=4276.43..4279.16 rows=1093 width=121)
	  Sort Key: c
	  ->  Bitmap Heap Scan on sbtest2  (cost=31.64..4221.27 rows=1093 width=121)
	        Recheck Cond: ((id >= 1835245) AND (id <= 1836244))
	        ->  Bitmap Index Scan on sbtest2_pkey  (cost=0.00..31.36 rows=1093 width=0)
	              Index Cond: ((id >= 1835245) AND (id <= 1836244))

table 3 : explain SELECT c FROM sbtest3 WHERE id BETWEEN 5705036 AND 5706035 ORDER BY c
	Sort  (cost=4023.15..4025.71 rows=1025 width=121)
	  Sort Key: c
	  ->  Bitmap Heap Scan on sbtest3  (cost=30.94..3971.89 rows=1025 width=121)
	        Recheck Cond: ((id >= 5705036) AND (id <= 5706035))
	        ->  Bitmap Index Scan on sbtest3_pkey  (cost=0.00..30.68 rows=1025 width=0)
	              Index Cond: ((id >= 5705036) AND (id <= 5706035))

table 4 : explain SELECT c FROM sbtest4 WHERE id BETWEEN 9927089 AND 9928088 ORDER BY c
	Sort  (cost=4297.45..4300.19 rows=1097 width=121)
	  Sort Key: c
	  ->  Bitmap Heap Scan on sbtest4  (cost=31.68..4242.05 rows=1097 width=121)
	        Recheck Cond: ((id >= 9927089) AND (id <= 9928088))
	        ->  Bitmap Index Scan on sbtest4_pkey  (cost=0.00..31.40 rows=1097 width=0)
	              Index Cond: ((id >= 9927089) AND (id <= 9928088))

table 5 : explain SELECT c FROM sbtest5 WHERE id BETWEEN 9127643 AND 9128642 ORDER BY c
	Sort  (cost=3745.26..3747.64 rows=955 width=121)
	  Sort Key: c
	  ->  Bitmap Heap Scan on sbtest5  (cost=26.22..3697.99 rows=955 width=121)
	        Recheck Cond: ((id >= 9127643) AND (id <= 9128642))
	        ->  Bitmap Index Scan on sbtest5_pkey  (cost=0.00..25.98 rows=955 width=0)
	              Index Cond: ((id >= 9127643) AND (id <= 9128642))

table 6 : explain SELECT c FROM sbtest6 WHERE id BETWEEN 7056410 AND 7057409 ORDER BY c
	Sort  (cost=4225.36..4228.06 rows=1079 width=121)
	  Sort Key: c
	  ->  Bitmap Heap Scan on sbtest6  (cost=31.49..4171.01 rows=1079 width=121)
	        Recheck Cond: ((id >= 7056410) AND (id <= 7057409))
	        ->  Bitmap Index Scan on sbtest6_pkey  (cost=0.00..31.22 rows=1079 width=0)
	              Index Cond: ((id >= 7056410) AND (id <= 7057409))

table 7 : explain SELECT c FROM sbtest7 WHERE id BETWEEN 9985860 AND 9986859 ORDER BY c
	Sort  (cost=4050.41..4052.99 rows=1032 width=121)
	  Sort Key: c
	  ->  Bitmap Heap Scan on sbtest7  (cost=31.01..3998.76 rows=1032 width=121)
	        Recheck Cond: ((id >= 9985860) AND (id <= 9986859))
	        ->  Bitmap Index Scan on sbtest7_pkey  (cost=0.00..30.75 rows=1032 width=0)
	              Index Cond: ((id >= 9985860) AND (id <= 9986859))

table 8 : explain SELECT c FROM sbtest8 WHERE id BETWEEN 1954391 AND 1955390 ORDER BY c
	Sort  (cost=3721.86..3724.23 rows=948 width=121)
	  Sort Key: c
	  ->  Bitmap Heap Scan on sbtest8  (cost=30.15..3674.98 rows=948 width=121)
	        Recheck Cond: ((id >= 1954391) AND (id <= 1955390))
	        ->  Bitmap Index Scan on sbtest8_pkey  (cost=0.00..29.91 rows=948 width=0)
	              Index Cond: ((id >= 1954391) AND (id <= 1955390))

for point_selects
table 1 : explain SELECT c FROM sbtest1 WHERE id=9414774
	Index Scan using sbtest1_pkey on sbtest1  (cost=0.43..8.45 rows=1 width=121)
	  Index Cond: (id = 9414774)

table 2 : explain SELECT c FROM sbtest2 WHERE id=3586528
	Index Scan using sbtest2_pkey on sbtest2  (cost=0.43..8.45 rows=1 width=121)
	  Index Cond: (id = 3586528)

table 3 : explain SELECT c FROM sbtest3 WHERE id=2040111
	Index Scan using sbtest3_pkey on sbtest3  (cost=0.43..8.45 rows=1 width=121)
	  Index Cond: (id = 2040111)

table 4 : explain SELECT c FROM sbtest4 WHERE id=1975390
	Index Scan using sbtest4_pkey on sbtest4  (cost=0.43..8.45 rows=1 width=121)
	  Index Cond: (id = 1975390)

table 5 : explain SELECT c FROM sbtest5 WHERE id=434080
	Index Scan using sbtest5_pkey on sbtest5  (cost=0.43..8.45 rows=1 width=121)
	  Index Cond: (id = 434080)

table 6 : explain SELECT c FROM sbtest6 WHERE id=6266206
	Index Scan using sbtest6_pkey on sbtest6  (cost=0.43..8.45 rows=1 width=121)
	  Index Cond: (id = 6266206)

table 7 : explain SELECT c FROM sbtest7 WHERE id=485900
	Index Scan using sbtest7_pkey on sbtest7  (cost=0.43..8.45 rows=1 width=121)
	  Index Cond: (id = 485900)

table 8 : explain SELECT c FROM sbtest8 WHERE id=7627999
	Index Scan using sbtest8_pkey on sbtest8  (cost=0.43..8.45 rows=1 width=121)
	  Index Cond: (id = 7627999)

for: simple_ranges
table 1 : explain SELECT c FROM sbtest1 WHERE id BETWEEN 680480 AND 681479
	Bitmap Heap Scan on sbtest1  (cost=30.95..3970.54 rows=1026 width=121)
	  Recheck Cond: ((id >= 680480) AND (id <= 681479))
	  ->  Bitmap Index Scan on sbtest1_pkey  (cost=0.00..30.69 rows=1026 width=0)
	        Index Cond: ((id >= 680480) AND (id <= 681479))

table 2 : explain SELECT c FROM sbtest2 WHERE id BETWEEN 8503844 AND 8504843
	Bitmap Heap Scan on sbtest2  (cost=31.08..4018.17 rows=1039 width=121)
	  Recheck Cond: ((id >= 8503844) AND (id <= 8504843))
	  ->  Bitmap Index Scan on sbtest2_pkey  (cost=0.00..30.82 rows=1039 width=0)
	        Index Cond: ((id >= 8503844) AND (id <= 8504843))

table 3 : explain SELECT c FROM sbtest3 WHERE id BETWEEN 6792730 AND 6793729
	Bitmap Heap Scan on sbtest3  (cost=31.61..4217.05 rows=1090 width=121)
	  Recheck Cond: ((id >= 6792730) AND (id <= 6793729))
	  ->  Bitmap Index Scan on sbtest3_pkey  (cost=0.00..31.33 rows=1090 width=0)
	        Index Cond: ((id >= 6792730) AND (id <= 6793729))

table 4 : explain SELECT c FROM sbtest4 WHERE id BETWEEN 455903 AND 456902
	Bitmap Heap Scan on sbtest4  (cost=31.95..4339.91 rows=1123 width=121)
	  Recheck Cond: ((id >= 455903) AND (id <= 456902))
	  ->  Bitmap Index Scan on sbtest4_pkey  (cost=0.00..31.66 rows=1123 width=0)
	        Index Cond: ((id >= 455903) AND (id <= 456902))

table 5 : explain SELECT c FROM sbtest5 WHERE id BETWEEN 4027711 AND 4028710
	Bitmap Heap Scan on sbtest5  (cost=25.75..3524.15 rows=909 width=121)
	  Recheck Cond: ((id >= 4027711) AND (id <= 4028710))
	  ->  Bitmap Index Scan on sbtest5_pkey  (cost=0.00..25.52 rows=909 width=0)
	        Index Cond: ((id >= 4027711) AND (id <= 4028710))

table 6 : explain SELECT c FROM sbtest6 WHERE id BETWEEN 1341355 AND 1342354
	Bitmap Heap Scan on sbtest6  (cost=30.09..3654.35 rows=942 width=121)
	  Recheck Cond: ((id >= 1341355) AND (id <= 1342354))
	  ->  Bitmap Index Scan on sbtest6_pkey  (cost=0.00..29.86 rows=942 width=0)
	        Index Cond: ((id >= 1341355) AND (id <= 1342354))

table 7 : explain SELECT c FROM sbtest7 WHERE id BETWEEN 3979536 AND 3980535
	Bitmap Heap Scan on sbtest7  (cost=31.08..4025.18 rows=1039 width=121)
	  Recheck Cond: ((id >= 3979536) AND (id <= 3980535))
	  ->  Bitmap Index Scan on sbtest7_pkey  (cost=0.00..30.82 rows=1039 width=0)
	        Index Cond: ((id >= 3979536) AND (id <= 3980535))

table 8 : explain SELECT c FROM sbtest8 WHERE id BETWEEN 3653476 AND 3654475
	Bitmap Heap Scan on sbtest8  (cost=30.27..3720.28 rows=960 width=121)
	  Recheck Cond: ((id >= 3653476) AND (id <= 3654475))
	  ->  Bitmap Index Scan on sbtest8_pkey  (cost=0.00..30.04 rows=960 width=0)
	        Index Cond: ((id >= 3653476) AND (id <= 3654475))

for: order_ranges
table 1 : explain SELECT c FROM sbtest1 WHERE id BETWEEN 637393 AND 638392 ORDER BY c
	Sort  (cost=4021.85..4024.42 rows=1026 width=121)
	  Sort Key: c
	  ->  Bitmap Heap Scan on sbtest1  (cost=30.95..3970.54 rows=1026 width=121)
	        Recheck Cond: ((id >= 637393) AND (id <= 638392))
	        ->  Bitmap Index Scan on sbtest1_pkey  (cost=0.00..30.69 rows=1026 width=0)
	              Index Cond: ((id >= 637393) AND (id <= 638392))

table 2 : explain SELECT c FROM sbtest2 WHERE id BETWEEN 1867495 AND 1868494 ORDER BY c
	Sort  (cost=4276.43..4279.16 rows=1093 width=121)
	  Sort Key: c
	  ->  Bitmap Heap Scan on sbtest2  (cost=31.64..4221.27 rows=1093 width=121)
	        Recheck Cond: ((id >= 1867495) AND (id <= 1868494))
	        ->  Bitmap Index Scan on sbtest2_pkey  (cost=0.00..31.36 rows=1093 width=0)
	              Index Cond: ((id >= 1867495) AND (id <= 1868494))

table 3 : explain SELECT c FROM sbtest3 WHERE id BETWEEN 9468986 AND 9469985 ORDER BY c
	Sort  (cost=4295.00..4297.74 rows=1096 width=121)
	  Sort Key: c
	  ->  Bitmap Heap Scan on sbtest3  (cost=31.67..4239.66 rows=1096 width=121)
	        Recheck Cond: ((id >= 9468986) AND (id <= 9469985))
	        ->  Bitmap Index Scan on sbtest3_pkey  (cost=0.00..31.39 rows=1096 width=0)
	              Index Cond: ((id >= 9468986) AND (id <= 9469985))

table 4 : explain SELECT c FROM sbtest4 WHERE id BETWEEN 3941296 AND 3942295 ORDER BY c
	Sort  (cost=4037.24..4039.81 rows=1029 width=121)
	  Sort Key: c
	  ->  Bitmap Heap Scan on sbtest4  (cost=30.98..3985.75 rows=1029 width=121)
	        Recheck Cond: ((id >= 3941296) AND (id <= 3942295))
	        ->  Bitmap Index Scan on sbtest4_pkey  (cost=0.00..30.72 rows=1029 width=0)
	              Index Cond: ((id >= 3941296) AND (id <= 3942295))

table 5 : explain SELECT c FROM sbtest5 WHERE id BETWEEN 652271 AND 653270 ORDER BY c
	Sort  (cost=4135.74..4138.38 rows=1056 width=121)
	  Sort Key: c
	  ->  Bitmap Heap Scan on sbtest5  (cost=31.26..4082.70 rows=1056 width=121)
	        Recheck Cond: ((id >= 652271) AND (id <= 653270))
	        ->  Bitmap Index Scan on sbtest5_pkey  (cost=0.00..31.00 rows=1056 width=0)
	              Index Cond: ((id >= 652271) AND (id <= 653270))

table 6 : explain SELECT c FROM sbtest6 WHERE id BETWEEN 7223067 AND 7224066 ORDER BY c
	Sort  (cost=3704.71..3707.07 rows=943 width=121)
	  Sort Key: c
	  ->  Bitmap Heap Scan on sbtest6  (cost=30.10..3658.13 rows=943 width=121)
	        Recheck Cond: ((id >= 7223067) AND (id <= 7224066))
	        ->  Bitmap Index Scan on sbtest6_pkey  (cost=0.00..29.86 rows=943 width=0)
	              Index Cond: ((id >= 7223067) AND (id <= 7224066))

table 7 : explain SELECT c FROM sbtest7 WHERE id BETWEEN 9990603 AND 9991602 ORDER BY c
	Sort  (cost=4050.41..4052.99 rows=1032 width=121)
	  Sort Key: c
	  ->  Bitmap Heap Scan on sbtest7  (cost=31.01..3998.76 rows=1032 width=121)
	        Recheck Cond: ((id >= 9990603) AND (id <= 9991602))
	        ->  Bitmap Index Scan on sbtest7_pkey  (cost=0.00..30.75 rows=1032 width=0)
	              Index Cond: ((id >= 9990603) AND (id <= 9991602))

table 8 : explain SELECT c FROM sbtest8 WHERE id BETWEEN 7882680 AND 7883679 ORDER BY c
	Sort  (cost=3460.79..3462.99 rows=881 width=121)
	  Sort Key: c
	  ->  Bitmap Heap Scan on sbtest8  (cost=25.47..3417.69 rows=881 width=121)
	        Recheck Cond: ((id >= 7882680) AND (id <= 7883679))
	        ->  Bitmap Index Scan on sbtest8_pkey  (cost=0.00..25.25 rows=881 width=0)
	              Index Cond: ((id >= 7882680) AND (id <= 7883679))

for point_selects
table 1 : explain SELECT c FROM sbtest1 WHERE id=8488260
	Index Scan using sbtest1_pkey on sbtest1  (cost=0.43..8.45 rows=1 width=121)
	  Index Cond: (id = 8488260)

table 2 : explain SELECT c FROM sbtest2 WHERE id=1800205
	Index Scan using sbtest2_pkey on sbtest2  (cost=0.43..8.45 rows=1 width=121)
	  Index Cond: (id = 1800205)

table 3 : explain SELECT c FROM sbtest3 WHERE id=9836898
	Index Scan using sbtest3_pkey on sbtest3  (cost=0.43..8.45 rows=1 width=121)
	  Index Cond: (id = 9836898)

table 4 : explain SELECT c FROM sbtest4 WHERE id=2297373
	Index Scan using sbtest4_pkey on sbtest4  (cost=0.43..8.45 rows=1 width=121)
	  Index Cond: (id = 2297373)

table 5 : explain SELECT c FROM sbtest5 WHERE id=1091954
	Index Scan using sbtest5_pkey on sbtest5  (cost=0.43..8.45 rows=1 width=121)
	  Index Cond: (id = 1091954)

table 6 : explain SELECT c FROM sbtest6 WHERE id=9936689
	Index Scan using sbtest6_pkey on sbtest6  (cost=0.43..8.45 rows=1 width=121)
	  Index Cond: (id = 9936689)

table 7 : explain SELECT c FROM sbtest7 WHERE id=5240764
	Index Scan using sbtest7_pkey on sbtest7  (cost=0.43..8.45 rows=1 width=121)
	  Index Cond: (id = 5240764)

table 8 : explain SELECT c FROM sbtest8 WHERE id=2114268
	Index Scan using sbtest8_pkey on sbtest8  (cost=0.43..8.45 rows=1 width=121)
	  Index Cond: (id = 2114268)

for: sum_ranges
table 1 : explain SELECT SUM(k) FROM sbtest1 WHERE id BETWEEN 609040 AND 610039
	Aggregate  (cost=3973.10..3973.11 rows=1 width=8)
	  ->  Bitmap Heap Scan on sbtest1  (cost=30.95..3970.54 rows=1026 width=4)
	        Recheck Cond: ((id >= 609040) AND (id <= 610039))
	        ->  Bitmap Index Scan on sbtest1_pkey  (cost=0.00..30.69 rows=1026 width=0)
	              Index Cond: ((id >= 609040) AND (id <= 610039))

table 2 : explain SELECT SUM(k) FROM sbtest2 WHERE id BETWEEN 1978885 AND 1979884
	Aggregate  (cost=3839.81..3839.82 rows=1 width=8)
	  ->  Bitmap Heap Scan on sbtest2  (cost=30.59..3837.33 rows=991 width=4)
	        Recheck Cond: ((id >= 1978885) AND (id <= 1979884))
	        ->  Bitmap Index Scan on sbtest2_pkey  (cost=0.00..30.34 rows=991 width=0)
	              Index Cond: ((id >= 1978885) AND (id <= 1979884))

table 3 : explain SELECT SUM(k) FROM sbtest3 WHERE id BETWEEN 3977519 AND 3978518
	Aggregate  (cost=3913.99..3914.00 rows=1 width=8)
	  ->  Bitmap Heap Scan on sbtest3  (cost=30.78..3911.47 rows=1009 width=4)
	        Recheck Cond: ((id >= 3977519) AND (id <= 3978518))
	        ->  Bitmap Index Scan on sbtest3_pkey  (cost=0.00..30.52 rows=1009 width=0)
	              Index Cond: ((id >= 3977519) AND (id <= 3978518))

table 4 : explain SELECT SUM(k) FROM sbtest4 WHERE id BETWEEN 1510051 AND 1511050
	Aggregate  (cost=3708.57..3708.58 rows=1 width=8)
	  ->  Bitmap Heap Scan on sbtest4  (cost=30.22..3706.19 rows=955 width=4)
	        Recheck Cond: ((id >= 1510051) AND (id <= 1511050))
	        ->  Bitmap Index Scan on sbtest4_pkey  (cost=0.00..29.98 rows=955 width=0)
	              Index Cond: ((id >= 1510051) AND (id <= 1511050))

table 5 : explain SELECT SUM(k) FROM sbtest5 WHERE id BETWEEN 7278617 AND 7279616
	Aggregate  (cost=4013.77..4013.78 rows=1 width=8)
	  ->  Bitmap Heap Scan on sbtest5  (cost=31.06..4011.18 rows=1037 width=4)
	        Recheck Cond: ((id >= 7278617) AND (id <= 7279616))
	        ->  Bitmap Index Scan on sbtest5_pkey  (cost=0.00..30.80 rows=1037 width=0)
	              Index Cond: ((id >= 7278617) AND (id <= 7279616))

table 6 : explain SELECT SUM(k) FROM sbtest6 WHERE id BETWEEN 3983014 AND 3984013
	Aggregate  (cost=3868.32..3868.33 rows=1 width=8)
	  ->  Bitmap Heap Scan on sbtest6  (cost=30.66..3865.82 rows=998 width=4)
	        Recheck Cond: ((id >= 3983014) AND (id <= 3984013))
	        ->  Bitmap Index Scan on sbtest6_pkey  (cost=0.00..30.41 rows=998 width=0)
	              Index Cond: ((id >= 3983014) AND (id <= 3984013))

table 7 : explain SELECT SUM(k) FROM sbtest7 WHERE id BETWEEN 3947885 AND 3948884
	Aggregate  (cost=4027.78..4027.79 rows=1 width=8)
	  ->  Bitmap Heap Scan on sbtest7  (cost=31.08..4025.18 rows=1039 width=4)
	        Recheck Cond: ((id >= 3947885) AND (id <= 3948884))
	        ->  Bitmap Index Scan on sbtest7_pkey  (cost=0.00..30.82 rows=1039 width=0)
	              Index Cond: ((id >= 3947885) AND (id <= 3948884))

table 8 : explain SELECT SUM(k) FROM sbtest8 WHERE id BETWEEN 5607307 AND 5608306
	Aggregate  (cost=4095.97..4095.98 rows=1 width=8)
	  ->  Bitmap Heap Scan on sbtest8  (cost=31.29..4093.32 rows=1059 width=4)
	        Recheck Cond: ((id >= 5607307) AND (id <= 5608306))
	        ->  Bitmap Index Scan on sbtest8_pkey  (cost=0.00..31.02 rows=1059 width=0)
	              Index Cond: ((id >= 5607307) AND (id <= 5608306))

for point_selects
table 1 : explain SELECT c FROM sbtest1 WHERE id=7646459
	Index Scan using sbtest1_pkey on sbtest1  (cost=0.43..8.45 rows=1 width=121)
	  Index Cond: (id = 7646459)

table 2 : explain SELECT c FROM sbtest2 WHERE id=7770841
	Index Scan using sbtest2_pkey on sbtest2  (cost=0.43..8.45 rows=1 width=121)
	  Index Cond: (id = 7770841)

table 3 : explain SELECT c FROM sbtest3 WHERE id=9435667
	Index Scan using sbtest3_pkey on sbtest3  (cost=0.43..8.45 rows=1 width=121)
	  Index Cond: (id = 9435667)

table 4 : explain SELECT c FROM sbtest4 WHERE id=5449163
	Index Scan using sbtest4_pkey on sbtest4  (cost=0.43..8.45 rows=1 width=121)
	  Index Cond: (id = 5449163)

table 5 : explain SELECT c FROM sbtest5 WHERE id=350882
	Index Scan using sbtest5_pkey on sbtest5  (cost=0.43..8.45 rows=1 width=121)
	  Index Cond: (id = 350882)

table 6 : explain SELECT c FROM sbtest6 WHERE id=3516892
	Index Scan using sbtest6_pkey on sbtest6  (cost=0.43..8.45 rows=1 width=121)
	  Index Cond: (id = 3516892)

table 7 : explain SELECT c FROM sbtest7 WHERE id=6801687
	Index Scan using sbtest7_pkey on sbtest7  (cost=0.43..8.45 rows=1 width=121)
	  Index Cond: (id = 6801687)

table 8 : explain SELECT c FROM sbtest8 WHERE id=1014759
	Index Scan using sbtest8_pkey on sbtest8  (cost=0.43..8.45 rows=1 width=121)
	  Index Cond: (id = 1014759)

for: order_ranges
table 1 : explain SELECT c FROM sbtest1 WHERE id BETWEEN 3787010 AND 3788009 ORDER BY c
	Sort  (cost=4060.10..4062.69 rows=1036 width=121)
	  Sort Key: c
	  ->  Bitmap Heap Scan on sbtest1  (cost=31.05..4008.21 rows=1036 width=121)
	        Recheck Cond: ((id >= 3787010) AND (id <= 3788009))
	        ->  Bitmap Index Scan on sbtest1_pkey  (cost=0.00..30.79 rows=1036 width=0)
	              Index Cond: ((id >= 3787010) AND (id <= 3788009))

table 2 : explain SELECT c FROM sbtest2 WHERE id BETWEEN 7770170 AND 7771169 ORDER BY c
	Sort  (cost=3506.96..3509.19 rows=893 width=121)
	  Sort Key: c
	  ->  Bitmap Heap Scan on sbtest2  (cost=25.59..3463.19 rows=893 width=121)
	        Recheck Cond: ((id >= 7770170) AND (id <= 7771169))
	        ->  Bitmap Index Scan on sbtest2_pkey  (cost=0.00..25.36 rows=893 width=0)
	              Index Cond: ((id >= 7770170) AND (id <= 7771169))

table 3 : explain SELECT c FROM sbtest3 WHERE id BETWEEN 6158712 AND 6159711 ORDER BY c
	Sort  (cost=4126.60..4129.23 rows=1052 width=121)
	  Sort Key: c
	  ->  Bitmap Heap Scan on sbtest3  (cost=31.22..4073.79 rows=1052 width=121)
	        Recheck Cond: ((id >= 6158712) AND (id <= 6159711))
	        ->  Bitmap Index Scan on sbtest3_pkey  (cost=0.00..30.95 rows=1052 width=0)
	              Index Cond: ((id >= 6158712) AND (id <= 6159711))

table 4 : explain SELECT c FROM sbtest4 WHERE id BETWEEN 7522327 AND 7523326 ORDER BY c
	Sort  (cost=4381.52..4384.32 rows=1119 width=121)
	  Sort Key: c
	  ->  Bitmap Heap Scan on sbtest4  (cost=31.90..4324.86 rows=1119 width=121)
	        Recheck Cond: ((id >= 7522327) AND (id <= 7523326))
	        ->  Bitmap Index Scan on sbtest4_pkey  (cost=0.00..31.62 rows=1119 width=0)
	              Index Cond: ((id >= 7522327) AND (id <= 7523326))

table 5 : explain SELECT c FROM sbtest5 WHERE id BETWEEN 1880830 AND 1881829 ORDER BY c
	Sort  (cost=3856.52..3858.98 rows=983 width=121)
	  Sort Key: c
	  ->  Bitmap Heap Scan on sbtest5  (cost=30.51..3807.66 rows=983 width=121)
	        Recheck Cond: ((id >= 1880830) AND (id <= 1881829))
	        ->  Bitmap Index Scan on sbtest5_pkey  (cost=0.00..30.26 rows=983 width=0)
	              Index Cond: ((id >= 1880830) AND (id <= 1881829))

table 6 : explain SELECT c FROM sbtest6 WHERE id BETWEEN 2101876 AND 2102875 ORDER BY c
	Sort  (cost=3911.71..3914.20 rows=997 width=121)
	  Sort Key: c
	  ->  Bitmap Heap Scan on sbtest6  (cost=30.65..3862.05 rows=997 width=121)
	        Recheck Cond: ((id >= 2101876) AND (id <= 2102875))
	        ->  Bitmap Index Scan on sbtest6_pkey  (cost=0.00..30.40 rows=997 width=0)
	              Index Cond: ((id >= 2101876) AND (id <= 2102875))

table 7 : explain SELECT c FROM sbtest7 WHERE id BETWEEN 6737375 AND 6738374 ORDER BY c
	Sort  (cost=4058.08..4060.66 rows=1034 width=121)
	  Sort Key: c
	  ->  Bitmap Heap Scan on sbtest7  (cost=31.03..4006.31 rows=1034 width=121)
	        Recheck Cond: ((id >= 6737375) AND (id <= 6738374))
	        ->  Bitmap Index Scan on sbtest7_pkey  (cost=0.00..30.77 rows=1034 width=0)
	              Index Cond: ((id >= 6737375) AND (id <= 6738374))

table 8 : explain SELECT c FROM sbtest8 WHERE id BETWEEN 1823 AND 2822 ORDER BY c
	Sort  (cost=3702.69..3705.05 rows=943 width=121)
	  Sort Key: c
	  ->  Bitmap Heap Scan on sbtest8  (cost=30.10..3656.10 rows=943 width=121)
	        Recheck Cond: ((id >= 1823) AND (id <= 2822))
	        ->  Bitmap Index Scan on sbtest8_pkey  (cost=0.00..29.86 rows=943 width=0)
	              Index Cond: ((id >= 1823) AND (id <= 2822))

for: sum_ranges
table 1 : explain SELECT SUM(k) FROM sbtest1 WHERE id BETWEEN 9697641 AND 9698640
	Aggregate  (cost=3924.07..3924.08 rows=1 width=8)
	  ->  Bitmap Heap Scan on sbtest1  (cost=30.82..3921.54 rows=1013 width=4)
	        Recheck Cond: ((id >= 9697641) AND (id <= 9698640))
	        ->  Bitmap Index Scan on sbtest1_pkey  (cost=0.00..30.57 rows=1013 width=0)
	              Index Cond: ((id >= 9697641) AND (id <= 9698640))

table 2 : explain SELECT SUM(k) FROM sbtest2 WHERE id BETWEEN 6003703 AND 6004702
	Aggregate  (cost=3427.56..3427.57 rows=1 width=8)
	  ->  Bitmap Heap Scan on sbtest2  (cost=25.49..3425.35 rows=883 width=4)
	        Recheck Cond: ((id >= 6003703) AND (id <= 6004702))
	        ->  Bitmap Index Scan on sbtest2_pkey  (cost=0.00..25.26 rows=883 width=0)
	              Index Cond: ((id >= 6003703) AND (id <= 6004702))

table 3 : explain SELECT SUM(k) FROM sbtest3 WHERE id BETWEEN 8508394 AND 8509393
	Aggregate  (cost=4208.47..4208.48 rows=1 width=8)
	  ->  Bitmap Heap Scan on sbtest3  (cost=31.58..4205.75 rows=1087 width=4)
	        Recheck Cond: ((id >= 8508394) AND (id <= 8509393))
	        ->  Bitmap Index Scan on sbtest3_pkey  (cost=0.00..31.30 rows=1087 width=0)
	              Index Cond: ((id >= 8508394) AND (id <= 8509393))

table 4 : explain SELECT SUM(k) FROM sbtest4 WHERE id BETWEEN 829276 AND 830275
	Aggregate  (cost=3969.44..3969.45 rows=1 width=8)
	  ->  Bitmap Heap Scan on sbtest4  (cost=30.93..3966.88 rows=1024 width=4)
	        Recheck Cond: ((id >= 829276) AND (id <= 830275))
	        ->  Bitmap Index Scan on sbtest4_pkey  (cost=0.00..30.68 rows=1024 width=0)
	              Index Cond: ((id >= 829276) AND (id <= 830275))

table 5 : explain SELECT SUM(k) FROM sbtest5 WHERE id BETWEEN 9791999 AND 9792998
	Aggregate  (cost=3689.04..3689.05 rows=1 width=8)
	  ->  Bitmap Heap Scan on sbtest5  (cost=26.19..3686.66 rows=952 width=4)
	        Recheck Cond: ((id >= 9791999) AND (id <= 9792998))
	        ->  Bitmap Index Scan on sbtest5_pkey  (cost=0.00..25.95 rows=952 width=0)
	              Index Cond: ((id >= 9791999) AND (id <= 9792998))

table 6 : explain SELECT SUM(k) FROM sbtest6 WHERE id BETWEEN 813538 AND 814537
	Aggregate  (cost=4087.07..4087.08 rows=1 width=8)
	  ->  Bitmap Heap Scan on sbtest6  (cost=31.26..4084.43 rows=1056 width=4)
	        Recheck Cond: ((id >= 813538) AND (id <= 814537))
	        ->  Bitmap Index Scan on sbtest6_pkey  (cost=0.00..31.00 rows=1056 width=0)
	              Index Cond: ((id >= 813538) AND (id <= 814537))

table 7 : explain SELECT SUM(k) FROM sbtest7 WHERE id BETWEEN 9378606 AND 9379605
	Aggregate  (cost=3573.65..3573.66 rows=1 width=8)
	  ->  Bitmap Heap Scan on sbtest7  (cost=29.85..3571.35 rows=919 width=4)
	        Recheck Cond: ((id >= 9378606) AND (id <= 9379605))
	        ->  Bitmap Index Scan on sbtest7_pkey  (cost=0.00..29.62 rows=919 width=0)
	              Index Cond: ((id >= 9378606) AND (id <= 9379605))

table 8 : explain SELECT SUM(k) FROM sbtest8 WHERE id BETWEEN 9526602 AND 9527601
	Aggregate  (cost=4058.32..4058.33 rows=1 width=8)
	  ->  Bitmap Heap Scan on sbtest8  (cost=31.19..4055.69 rows=1049 width=4)
	        Recheck Cond: ((id >= 9526602) AND (id <= 9527601))
	        ->  Bitmap Index Scan on sbtest8_pkey  (cost=0.00..30.93 rows=1049 width=0)
	              Index Cond: ((id >= 9526602) AND (id <= 9527601))

for: distinct_ranges
table 1 : explain SELECT DISTINCT c FROM sbtest1 WHERE id BETWEEN 4724717 AND 4725716 ORDER BY c
	Unique  (cost=4079.22..4084.42 rows=1041 width=121)
	  ->  Sort  (cost=4079.22..4081.82 rows=1041 width=121)
	        Sort Key: c
	        ->  Bitmap Heap Scan on sbtest1  (cost=31.11..4027.04 rows=1041 width=121)
	              Recheck Cond: ((id >= 4724717) AND (id <= 4725716))
	              ->  Bitmap Index Scan on sbtest1_pkey  (cost=0.00..30.84 rows=1041 width=0)
	                    Index Cond: ((id >= 4724717) AND (id <= 4725716))

table 2 : explain SELECT DISTINCT c FROM sbtest2 WHERE id BETWEEN 8255224 AND 8256223 ORDER BY c
	Unique  (cost=3974.65..3979.72 rows=1014 width=121)
	  ->  Sort  (cost=3974.65..3977.18 rows=1014 width=121)
	        Sort Key: c
	        ->  Bitmap Heap Scan on sbtest2  (cost=30.83..3924.02 rows=1014 width=121)
	              Recheck Cond: ((id >= 8255224) AND (id <= 8256223))
	              ->  Bitmap Index Scan on sbtest2_pkey  (cost=0.00..30.57 rows=1014 width=0)
	                    Index Cond: ((id >= 8255224) AND (id <= 8256223))

table 3 : explain SELECT DISTINCT c FROM sbtest3 WHERE id BETWEEN 3597894 AND 3598893 ORDER BY c
	Unique  (cost=3789.13..3793.95 rows=964 width=121)
	  ->  Sort  (cost=3789.13..3791.54 rows=964 width=121)
	        Sort Key: c
	        ->  Bitmap Heap Scan on sbtest3  (cost=30.32..3741.35 rows=964 width=121)
	              Recheck Cond: ((id >= 3597894) AND (id <= 3598893))
	              ->  Bitmap Index Scan on sbtest3_pkey  (cost=0.00..30.07 rows=964 width=0)
	                    Index Cond: ((id >= 3597894) AND (id <= 3598893))

table 4 : explain SELECT DISTINCT c FROM sbtest4 WHERE id BETWEEN 9177574 AND 9178573 ORDER BY c
	Unique  (cost=3799.52..3804.35 rows=967 width=121)
	  ->  Sort  (cost=3799.52..3801.93 rows=967 width=121)
	        Sort Key: c
	        ->  Bitmap Heap Scan on sbtest4  (cost=30.35..3751.57 rows=967 width=121)
	              Recheck Cond: ((id >= 9177574) AND (id <= 9178573))
	              ->  Bitmap Index Scan on sbtest4_pkey  (cost=0.00..30.11 rows=967 width=0)
	                    Index Cond: ((id >= 9177574) AND (id <= 9178573))

table 5 : explain SELECT DISTINCT c FROM sbtest5 WHERE id BETWEEN 6481885 AND 6482884 ORDER BY c
	Unique  (cost=4017.24..4022.37 rows=1025 width=121)
	  ->  Sort  (cost=4017.24..4019.81 rows=1025 width=121)
	        Sort Key: c
	        ->  Bitmap Heap Scan on sbtest5  (cost=30.94..3965.99 rows=1025 width=121)
	              Recheck Cond: ((id >= 6481885) AND (id <= 6482884))
	              ->  Bitmap Index Scan on sbtest5_pkey  (cost=0.00..30.68 rows=1025 width=0)
	                    Index Cond: ((id >= 6481885) AND (id <= 6482884))

table 6 : explain SELECT DISTINCT c FROM sbtest6 WHERE id BETWEEN 555204 AND 556203 ORDER BY c
	Unique  (cost=3965.31..3970.37 rows=1011 width=121)
	  ->  Sort  (cost=3965.31..3967.84 rows=1011 width=121)
	        Sort Key: c
	        ->  Bitmap Heap Scan on sbtest6  (cost=30.80..3914.86 rows=1011 width=121)
	              Recheck Cond: ((id >= 555204) AND (id <= 556203))
	              ->  Bitmap Index Scan on sbtest6_pkey  (cost=0.00..30.54 rows=1011 width=0)
	                    Index Cond: ((id >= 555204) AND (id <= 556203))

table 7 : explain SELECT DISTINCT c FROM sbtest7 WHERE id BETWEEN 5060311 AND 5061310 ORDER BY c
	Unique  (cost=4130.87..4136.14 rows=1053 width=121)
	  ->  Sort  (cost=4130.87..4133.51 rows=1053 width=121)
	        Sort Key: c
	        ->  Bitmap Heap Scan on sbtest7  (cost=31.23..4078.01 rows=1053 width=121)
	              Recheck Cond: ((id >= 5060311) AND (id <= 5061310))
	              ->  Bitmap Index Scan on sbtest7_pkey  (cost=0.00..30.96 rows=1053 width=0)
	                    Index Cond: ((id >= 5060311) AND (id <= 5061310))

table 8 : explain SELECT DISTINCT c FROM sbtest8 WHERE id BETWEEN 7030296 AND 7031295 ORDER BY c
	Unique  (cost=3832.95..3837.83 rows=977 width=121)
	  ->  Sort  (cost=3832.95..3835.39 rows=977 width=121)
	        Sort Key: c
	        ->  Bitmap Heap Scan on sbtest8  (cost=30.45..3784.43 rows=977 width=121)
	              Recheck Cond: ((id >= 7030296) AND (id <= 7031295))
	              ->  Bitmap Index Scan on sbtest8_pkey  (cost=0.00..30.20 rows=977 width=0)
	                    Index Cond: ((id >= 7030296) AND (id <= 7031295))

for: distinct_ranges
table 1 : explain SELECT DISTINCT c FROM sbtest1 WHERE id BETWEEN 9624014 AND 9625013 ORDER BY c
	Unique  (cost=3972.11..3977.18 rows=1013 width=121)
	  ->  Sort  (cost=3972.11..3974.65 rows=1013 width=121)
	        Sort Key: c
	        ->  Bitmap Heap Scan on sbtest1  (cost=30.82..3921.54 rows=1013 width=121)
	              Recheck Cond: ((id >= 9624014) AND (id <= 9625013))
	              ->  Bitmap Index Scan on sbtest1_pkey  (cost=0.00..30.57 rows=1013 width=0)
	                    Index Cond: ((id >= 9624014) AND (id <= 9625013))

table 2 : explain SELECT DISTINCT c FROM sbtest2 WHERE id BETWEEN 1762764 AND 1763763 ORDER BY c
	Unique  (cost=3898.13..3903.10 rows=994 width=121)
	  ->  Sort  (cost=3898.13..3900.62 rows=994 width=121)
	        Sort Key: c
	        ->  Bitmap Heap Scan on sbtest2  (cost=30.62..3848.64 rows=994 width=121)
	              Recheck Cond: ((id >= 1762764) AND (id <= 1763763))
	              ->  Bitmap Index Scan on sbtest2_pkey  (cost=0.00..30.37 rows=994 width=0)
	                    Index Cond: ((id >= 1762764) AND (id <= 1763763))

table 3 : explain SELECT DISTINCT c FROM sbtest3 WHERE id BETWEEN 1540713 AND 1541712 ORDER BY c
	Unique  (cost=4069.14..4074.32 rows=1037 width=121)
	  ->  Sort  (cost=4069.14..4071.73 rows=1037 width=121)
	        Sort Key: c
	        ->  Bitmap Heap Scan on sbtest3  (cost=31.06..4017.19 rows=1037 width=121)
	              Recheck Cond: ((id >= 1540713) AND (id <= 1541712))
	              ->  Bitmap Index Scan on sbtest3_pkey  (cost=0.00..30.80 rows=1037 width=0)
	                    Index Cond: ((id >= 1540713) AND (id <= 1541712))

table 4 : explain SELECT DISTINCT c FROM sbtest4 WHERE id BETWEEN 3354931 AND 3355930 ORDER BY c
	Unique  (cost=3991.26..3996.35 rows=1017 width=121)
	  ->  Sort  (cost=3991.26..3993.80 rows=1017 width=121)
	        Sort Key: c
	        ->  Bitmap Heap Scan on sbtest4  (cost=30.86..3940.46 rows=1017 width=121)
	              Recheck Cond: ((id >= 3354931) AND (id <= 3355930))
	              ->  Bitmap Index Scan on sbtest4_pkey  (cost=0.00..30.61 rows=1017 width=0)
	                    Index Cond: ((id >= 3354931) AND (id <= 3355930))

table 5 : explain SELECT DISTINCT c FROM sbtest5 WHERE id BETWEEN 3669215 AND 3670214 ORDER BY c
	Unique  (cost=4185.39..4190.74 rows=1069 width=121)
	  ->  Sort  (cost=4185.39..4188.07 rows=1069 width=121)
	        Sort Key: c
	        ->  Bitmap Heap Scan on sbtest5  (cost=31.39..4131.61 rows=1069 width=121)
	              Recheck Cond: ((id >= 3669215) AND (id <= 3670214))
	              ->  Bitmap Index Scan on sbtest5_pkey  (cost=0.00..31.12 rows=1069 width=0)
	                    Index Cond: ((id >= 3669215) AND (id <= 3670214))

table 6 : explain SELECT DISTINCT c FROM sbtest6 WHERE id BETWEEN 262295 AND 263294 ORDER BY c
	Unique  (cost=3980.63..3985.70 rows=1015 width=121)
	  ->  Sort  (cost=3980.63..3983.16 rows=1015 width=121)
	        Sort Key: c
	        ->  Bitmap Heap Scan on sbtest6  (cost=30.84..3929.94 rows=1015 width=121)
	              Recheck Cond: ((id >= 262295) AND (id <= 263294))
	              ->  Bitmap Index Scan on sbtest6_pkey  (cost=0.00..30.58 rows=1015 width=0)
	                    Index Cond: ((id >= 262295) AND (id <= 263294))

table 7 : explain SELECT DISTINCT c FROM sbtest7 WHERE id BETWEEN 418964 AND 419963 ORDER BY c
	Unique  (cost=4326.25..4331.76 rows=1103 width=121)
	  ->  Sort  (cost=4326.25..4329.01 rows=1103 width=121)
	        Sort Key: c
	        ->  Bitmap Heap Scan on sbtest7  (cost=35.74..4270.51 rows=1103 width=121)
	              Recheck Cond: ((id >= 418964) AND (id <= 419963))
	              ->  Bitmap Index Scan on sbtest7_pkey  (cost=0.00..35.47 rows=1103 width=0)
	                    Index Cond: ((id >= 418964) AND (id <= 419963))

table 8 : explain SELECT DISTINCT c FROM sbtest8 WHERE id BETWEEN 2531694 AND 2532693 ORDER BY c
	Unique  (cost=3806.14..3810.99 rows=970 width=121)
	  ->  Sort  (cost=3806.14..3808.57 rows=970 width=121)
	        Sort Key: c
	        ->  Bitmap Heap Scan on sbtest8  (cost=30.38..3758.02 rows=970 width=121)
	              Recheck Cond: ((id >= 2531694) AND (id <= 2532693))
	              ->  Bitmap Index Scan on sbtest8_pkey  (cost=0.00..30.14 rows=970 width=0)
	                    Index Cond: ((id >= 2531694) AND (id <= 2532693))

for: sum_ranges
table 1 : explain SELECT SUM(k) FROM sbtest1 WHERE id BETWEEN 2212376 AND 2213375
	Aggregate  (cost=3890.12..3890.13 rows=1 width=8)
	  ->  Bitmap Heap Scan on sbtest1  (cost=30.73..3887.61 rows=1004 width=4)
	        Recheck Cond: ((id >= 2212376) AND (id <= 2213375))
	        ->  Bitmap Index Scan on sbtest1_pkey  (cost=0.00..30.47 rows=1004 width=0)
	              Index Cond: ((id >= 2212376) AND (id <= 2213375))

table 2 : explain SELECT SUM(k) FROM sbtest2 WHERE id BETWEEN 6116392 AND 6117391
	Aggregate  (cost=3949.17..3949.18 rows=1 width=8)
	  ->  Bitmap Heap Scan on sbtest2  (cost=30.89..3946.62 rows=1020 width=4)
	        Recheck Cond: ((id >= 6116392) AND (id <= 6117391))
	        ->  Bitmap Index Scan on sbtest2_pkey  (cost=0.00..30.64 rows=1020 width=0)
	              Index Cond: ((id >= 6116392) AND (id <= 6117391))

table 3 : explain SELECT SUM(k) FROM sbtest3 WHERE id BETWEEN 8937410 AND 8938409
	Aggregate  (cost=3963.12..3963.13 rows=1 width=8)
	  ->  Bitmap Heap Scan on sbtest3  (cost=30.91..3960.57 rows=1022 width=4)
	        Recheck Cond: ((id >= 8937410) AND (id <= 8938409))
	        ->  Bitmap Index Scan on sbtest3_pkey  (cost=0.00..30.65 rows=1022 width=0)
	              Index Cond: ((id >= 8937410) AND (id <= 8938409))

table 4 : explain SELECT SUM(k) FROM sbtest4 WHERE id BETWEEN 9429582 AND 9430581
	Aggregate  (cost=3617.48..3617.49 rows=1 width=8)
	  ->  Bitmap Heap Scan on sbtest4  (cost=25.99..3615.15 rows=932 width=4)
	        Recheck Cond: ((id >= 9429582) AND (id <= 9430581))
	        ->  Bitmap Index Scan on sbtest4_pkey  (cost=0.00..25.75 rows=932 width=0)
	              Index Cond: ((id >= 9429582) AND (id <= 9430581))

table 5 : explain SELECT SUM(k) FROM sbtest5 WHERE id BETWEEN 3071852 AND 3072851
	Aggregate  (cost=3964.78..3964.79 rows=1 width=8)
	  ->  Bitmap Heap Scan on sbtest5  (cost=30.93..3962.22 rows=1024 width=4)
	        Recheck Cond: ((id >= 3071852) AND (id <= 3072851))
	        ->  Bitmap Index Scan on sbtest5_pkey  (cost=0.00..30.68 rows=1024 width=0)
	              Index Cond: ((id >= 3071852) AND (id <= 3072851))

table 6 : explain SELECT SUM(k) FROM sbtest6 WHERE id BETWEEN 9656276 AND 9657275
	Aggregate  (cost=3928.70..3928.71 rows=1 width=8)
	  ->  Bitmap Heap Scan on sbtest6  (cost=30.83..3926.17 rows=1014 width=4)
	        Recheck Cond: ((id >= 9656276) AND (id <= 9657275))
	        ->  Bitmap Index Scan on sbtest6_pkey  (cost=0.00..30.57 rows=1014 width=0)
	              Index Cond: ((id >= 9656276) AND (id <= 9657275))

table 7 : explain SELECT SUM(k) FROM sbtest7 WHERE id BETWEEN 4592679 AND 4593678
	Aggregate  (cost=3952.21..3952.22 rows=1 width=8)
	  ->  Bitmap Heap Scan on sbtest7  (cost=30.88..3949.67 rows=1019 width=4)
	        Recheck Cond: ((id >= 4592679) AND (id <= 4593678))
	        ->  Bitmap Index Scan on sbtest7_pkey  (cost=0.00..30.62 rows=1019 width=0)
	              Index Cond: ((id >= 4592679) AND (id <= 4593678))

table 8 : explain SELECT SUM(k) FROM sbtest8 WHERE id BETWEEN 5683759 AND 5684758
	Aggregate  (cost=4095.97..4095.98 rows=1 width=8)
	  ->  Bitmap Heap Scan on sbtest8  (cost=31.29..4093.32 rows=1059 width=4)
	        Recheck Cond: ((id >= 5683759) AND (id <= 5684758))
	        ->  Bitmap Index Scan on sbtest8_pkey  (cost=0.00..31.02 rows=1059 width=0)
	              Index Cond: ((id >= 5683759) AND (id <= 5684758))

for: order_ranges
table 1 : explain SELECT c FROM sbtest1 WHERE id BETWEEN 479501 AND 480500 ORDER BY c
	Sort  (cost=3926.18..3928.69 rows=1001 width=121)
	  Sort Key: c
	  ->  Bitmap Heap Scan on sbtest1  (cost=30.70..3876.30 rows=1001 width=121)
	        Recheck Cond: ((id >= 479501) AND (id <= 480500))
	        ->  Bitmap Index Scan on sbtest1_pkey  (cost=0.00..30.44 rows=1001 width=0)
	              Index Cond: ((id >= 479501) AND (id <= 480500))

table 2 : explain SELECT c FROM sbtest2 WHERE id BETWEEN 7227902 AND 7228901 ORDER BY c
	Sort  (cost=4345.09..4347.87 rows=1111 width=121)
	  Sort Key: c
	  ->  Bitmap Heap Scan on sbtest2  (cost=31.82..4288.89 rows=1111 width=121)
	        Recheck Cond: ((id >= 7227902) AND (id <= 7228901))
	        ->  Bitmap Index Scan on sbtest2_pkey  (cost=0.00..31.54 rows=1111 width=0)
	              Index Cond: ((id >= 7227902) AND (id <= 7228901))

table 3 : explain SELECT c FROM sbtest3 WHERE id BETWEEN 4878758 AND 4879757 ORDER BY c
	Sort  (cost=4003.99..4006.54 rows=1020 width=121)
	  Sort Key: c
	  ->  Bitmap Heap Scan on sbtest3  (cost=30.89..3953.01 rows=1020 width=121)
	        Recheck Cond: ((id >= 4878758) AND (id <= 4879757))
	        ->  Bitmap Index Scan on sbtest3_pkey  (cost=0.00..30.64 rows=1020 width=0)
	              Index Cond: ((id >= 4878758) AND (id <= 4879757))

table 4 : explain SELECT c FROM sbtest4 WHERE id BETWEEN 6004154 AND 6005153 ORDER BY c
	Sort  (cost=3745.78..3748.16 rows=953 width=121)
	  Sort Key: c
	  ->  Bitmap Heap Scan on sbtest4  (cost=30.20..3698.62 rows=953 width=121)
	        Recheck Cond: ((id >= 6004154) AND (id <= 6005153))
	        ->  Bitmap Index Scan on sbtest4_pkey  (cost=0.00..29.96 rows=953 width=0)
	              Index Cond: ((id >= 6004154) AND (id <= 6005153))

table 5 : explain SELECT c FROM sbtest5 WHERE id BETWEEN 9817135 AND 9818134 ORDER BY c
	Sort  (cost=3664.74..3667.08 rows=934 width=121)
	  Sort Key: c
	  ->  Bitmap Heap Scan on sbtest5  (cost=26.01..3618.66 rows=934 width=121)
	        Recheck Cond: ((id >= 9817135) AND (id <= 9818134))
	        ->  Bitmap Index Scan on sbtest5_pkey  (cost=0.00..25.77 rows=934 width=0)
	              Index Cond: ((id >= 9817135) AND (id <= 9818134))

table 6 : explain SELECT c FROM sbtest6 WHERE id BETWEEN 9411171 AND 9412170 ORDER BY c
	Sort  (cost=3980.63..3983.16 rows=1015 width=121)
	  Sort Key: c
	  ->  Bitmap Heap Scan on sbtest6  (cost=30.84..3929.94 rows=1015 width=121)
	        Recheck Cond: ((id >= 9411171) AND (id <= 9412170))
	        ->  Bitmap Index Scan on sbtest6_pkey  (cost=0.00..30.58 rows=1015 width=0)
	              Index Cond: ((id >= 9411171) AND (id <= 9412170))

table 7 : explain SELECT c FROM sbtest7 WHERE id BETWEEN 3704506 AND 3705505 ORDER BY c
	Sort  (cost=3778.00..3780.41 rows=961 width=121)
	  Sort Key: c
	  ->  Bitmap Heap Scan on sbtest7  (cost=30.29..3730.39 rows=961 width=121)
	        Recheck Cond: ((id >= 3704506) AND (id <= 3705505))
	        ->  Bitmap Index Scan on sbtest7_pkey  (cost=0.00..30.04 rows=961 width=0)
	              Index Cond: ((id >= 3704506) AND (id <= 3705505))

table 8 : explain SELECT c FROM sbtest8 WHERE id BETWEEN 634084 AND 635083 ORDER BY c
	Sort  (cost=3760.18..3762.57 rows=958 width=121)
	  Sort Key: c
	  ->  Bitmap Heap Scan on sbtest8  (cost=30.25..3712.74 rows=958 width=121)
	        Recheck Cond: ((id >= 634084) AND (id <= 635083))
	        ->  Bitmap Index Scan on sbtest8_pkey  (cost=0.00..30.01 rows=958 width=0)
	              Index Cond: ((id >= 634084) AND (id <= 635083))

for: distinct_ranges
table 1 : explain SELECT DISTINCT c FROM sbtest1 WHERE id BETWEEN 2053974 AND 2054973 ORDER BY c
	Unique  (cost=3884.07..3889.02 rows=990 width=121)
	  ->  Sort  (cost=3884.07..3886.54 rows=990 width=121)
	        Sort Key: c
	        ->  Bitmap Heap Scan on sbtest1  (cost=30.58..3834.81 rows=990 width=121)
	              Recheck Cond: ((id >= 2053974) AND (id <= 2054973))
	              ->  Bitmap Index Scan on sbtest1_pkey  (cost=0.00..30.33 rows=990 width=0)
	                    Index Cond: ((id >= 2053974) AND (id <= 2054973))

table 2 : explain SELECT DISTINCT c FROM sbtest2 WHERE id BETWEEN 7268322 AND 7269321 ORDER BY c
	Unique  (cost=4345.09..4350.64 rows=1111 width=121)
	  ->  Sort  (cost=4345.09..4347.87 rows=1111 width=121)
	        Sort Key: c
	        ->  Bitmap Heap Scan on sbtest2  (cost=31.82..4288.89 rows=1111 width=121)
	              Recheck Cond: ((id >= 7268322) AND (id <= 7269321))
	              ->  Bitmap Index Scan on sbtest2_pkey  (cost=0.00..31.54 rows=1111 width=0)
	                    Index Cond: ((id >= 7268322) AND (id <= 7269321))

table 3 : explain SELECT DISTINCT c FROM sbtest3 WHERE id BETWEEN 5171913 AND 5172912 ORDER BY c
	Unique  (cost=4049.98..4055.14 rows=1032 width=121)
	  ->  Sort  (cost=4049.98..4052.56 rows=1032 width=121)
	        Sort Key: c
	        ->  Bitmap Heap Scan on sbtest3  (cost=31.01..3998.32 rows=1032 width=121)
	              Recheck Cond: ((id >= 5171913) AND (id <= 5172912))
	              ->  Bitmap Index Scan on sbtest3_pkey  (cost=0.00..30.75 rows=1032 width=0)
	                    Index Cond: ((id >= 5171913) AND (id <= 5172912))

table 4 : explain SELECT DISTINCT c FROM sbtest4 WHERE id BETWEEN 2734765 AND 2735764 ORDER BY c
	Unique  (cost=4037.24..4042.38 rows=1029 width=121)
	  ->  Sort  (cost=4037.24..4039.81 rows=1029 width=121)
	        Sort Key: c
	        ->  Bitmap Heap Scan on sbtest4  (cost=30.98..3985.75 rows=1029 width=121)
	              Recheck Cond: ((id >= 2734765) AND (id <= 2735764))
	              ->  Bitmap Index Scan on sbtest4_pkey  (cost=0.00..30.72 rows=1029 width=0)
	                    Index Cond: ((id >= 2734765) AND (id <= 2735764))

table 5 : explain SELECT DISTINCT c FROM sbtest5 WHERE id BETWEEN 1161133 AND 1162132 ORDER BY c
	Unique  (cost=4101.35..4106.58 rows=1047 width=121)
	  ->  Sort  (cost=4101.35..4103.96 rows=1047 width=121)
	        Sort Key: c
	        ->  Bitmap Heap Scan on sbtest5  (cost=31.17..4048.83 rows=1047 width=121)
	              Recheck Cond: ((id >= 1161133) AND (id <= 1162132))
	              ->  Bitmap Index Scan on sbtest5_pkey  (cost=0.00..30.90 rows=1047 width=0)
	                    Index Cond: ((id >= 1161133) AND (id <= 1162132))

table 6 : explain SELECT DISTINCT c FROM sbtest6 WHERE id BETWEEN 5207512 AND 5208511 ORDER BY c
	Unique  (cost=3819.75..3824.62 rows=973 width=121)
	  ->  Sort  (cost=3819.75..3822.19 rows=973 width=121)
	        Sort Key: c
	        ->  Bitmap Heap Scan on sbtest6  (cost=30.41..3771.46 rows=973 width=121)
	              Recheck Cond: ((id >= 5207512) AND (id <= 5208511))
	              ->  Bitmap Index Scan on sbtest6_pkey  (cost=0.00..30.16 rows=973 width=0)
	                    Index Cond: ((id >= 5207512) AND (id <= 5208511))

table 7 : explain SELECT DISTINCT c FROM sbtest7 WHERE id BETWEEN 3823381 AND 3824380 ORDER BY c
	Unique  (cost=4211.29..4216.66 rows=1074 width=121)
	  ->  Sort  (cost=4211.29..4213.97 rows=1074 width=121)
	        Sort Key: c
	        ->  Bitmap Heap Scan on sbtest7  (cost=31.44..4157.22 rows=1074 width=121)
	              Recheck Cond: ((id >= 3823381) AND (id <= 3824380))
	              ->  Bitmap Index Scan on sbtest7_pkey  (cost=0.00..31.18 rows=1074 width=0)
	                    Index Cond: ((id >= 3823381) AND (id <= 3824380))

table 8 : explain SELECT DISTINCT c FROM sbtest8 WHERE id BETWEEN 3182536 AND 3183535 ORDER BY c
	Unique  (cost=4771.61..4777.73 rows=1223 width=121)
	  ->  Sort  (cost=4771.61..4774.67 rows=1223 width=121)
	        Sort Key: c
	        ->  Bitmap Heap Scan on sbtest8  (cost=36.97..4708.89 rows=1223 width=121)
	              Recheck Cond: ((id >= 3182536) AND (id <= 3183535))
	              ->  Bitmap Index Scan on sbtest8_pkey  (cost=0.00..36.67 rows=1223 width=0)
	                    Index Cond: ((id >= 3182536) AND (id <= 3183535))

for: simple_ranges
table 1 : explain SELECT c FROM sbtest1 WHERE id BETWEEN 9297977 AND 9298976
	Bitmap Heap Scan on sbtest1  (cost=25.67..3494.54 rows=901 width=121)
	  Recheck Cond: ((id >= 9297977) AND (id <= 9298976))
	  ->  Bitmap Index Scan on sbtest1_pkey  (cost=0.00..25.44 rows=901 width=0)
	        Index Cond: ((id >= 9297977) AND (id <= 9298976))

table 2 : explain SELECT c FROM sbtest2 WHERE id BETWEEN 6841690 AND 6842689
	Bitmap Heap Scan on sbtest2  (cost=36.56..4559.25 rows=1183 width=121)
	  Recheck Cond: ((id >= 6841690) AND (id <= 6842689))
	  ->  Bitmap Index Scan on sbtest2_pkey  (cost=0.00..36.27 rows=1183 width=0)
	        Index Cond: ((id >= 6841690) AND (id <= 6842689))

table 3 : explain SELECT c FROM sbtest3 WHERE id BETWEEN 5329759 AND 5330758
	Bitmap Heap Scan on sbtest3  (cost=35.80..4292.62 rows=1109 width=121)
	  Recheck Cond: ((id >= 5329759) AND (id <= 5330758))
	  ->  Bitmap Index Scan on sbtest3_pkey  (cost=0.00..35.53 rows=1109 width=0)
	        Index Cond: ((id >= 5329759) AND (id <= 5330758))

table 4 : explain SELECT c FROM sbtest4 WHERE id BETWEEN 8458179 AND 8459178
	Bitmap Heap Scan on sbtest4  (cost=30.31..3736.44 rows=963 width=121)
	  Recheck Cond: ((id >= 8458179) AND (id <= 8459178))
	  ->  Bitmap Index Scan on sbtest4_pkey  (cost=0.00..30.07 rows=963 width=0)
	        Index Cond: ((id >= 8458179) AND (id <= 8459178))

table 5 : explain SELECT c FROM sbtest5 WHERE id BETWEEN 6203338 AND 6204337
	Bitmap Heap Scan on sbtest5  (cost=30.38..3758.61 rows=970 width=121)
	  Recheck Cond: ((id >= 6203338) AND (id <= 6204337))
	  ->  Bitmap Index Scan on sbtest5_pkey  (cost=0.00..30.14 rows=970 width=0)
	        Index Cond: ((id >= 6203338) AND (id <= 6204337))

table 6 : explain SELECT c FROM sbtest6 WHERE id BETWEEN 8262645 AND 8263644
	Bitmap Heap Scan on sbtest6  (cost=31.25..4080.67 rows=1055 width=121)
	  Recheck Cond: ((id >= 8262645) AND (id <= 8263644))
	  ->  Bitmap Index Scan on sbtest6_pkey  (cost=0.00..30.98 rows=1055 width=0)
	        Index Cond: ((id >= 8262645) AND (id <= 8263644))

table 7 : explain SELECT c FROM sbtest7 WHERE id BETWEEN 6663518 AND 6664517
	Bitmap Heap Scan on sbtest7  (cost=30.26..3722.83 rows=959 width=121)
	  Recheck Cond: ((id >= 6663518) AND (id <= 6664517))
	  ->  Bitmap Index Scan on sbtest7_pkey  (cost=0.00..30.02 rows=959 width=0)
	        Index Cond: ((id >= 6663518) AND (id <= 6664517))

table 8 : explain SELECT c FROM sbtest8 WHERE id BETWEEN 8540016 AND 8541015
	Bitmap Heap Scan on sbtest8  (cost=31.43..4145.97 rows=1073 width=121)
	  Recheck Cond: ((id >= 8540016) AND (id <= 8541015))
	  ->  Bitmap Index Scan on sbtest8_pkey  (cost=0.00..31.16 rows=1073 width=0)
	        Index Cond: ((id >= 8540016) AND (id <= 8541015))

for: sum_ranges
table 1 : explain SELECT SUM(k) FROM sbtest1 WHERE id BETWEEN 1073602 AND 1074601
	Aggregate  (cost=3980.64..3980.65 rows=1 width=8)
	  ->  Bitmap Heap Scan on sbtest1  (cost=30.97..3978.07 rows=1028 width=4)
	        Recheck Cond: ((id >= 1073602) AND (id <= 1074601))
	        ->  Bitmap Index Scan on sbtest1_pkey  (cost=0.00..30.71 rows=1028 width=0)
	              Index Cond: ((id >= 1073602) AND (id <= 1074601))

table 2 : explain SELECT SUM(k) FROM sbtest2 WHERE id BETWEEN 2346271 AND 2347270
	Aggregate  (cost=3771.87..3771.88 rows=1 width=8)
	  ->  Bitmap Heap Scan on sbtest2  (cost=30.41..3769.44 rows=973 width=4)
	        Recheck Cond: ((id >= 2346271) AND (id <= 2347270))
	        ->  Bitmap Index Scan on sbtest2_pkey  (cost=0.00..30.16 rows=973 width=0)
	              Index Cond: ((id >= 2346271) AND (id <= 2347270))

table 3 : explain SELECT SUM(k) FROM sbtest3 WHERE id BETWEEN 6815774 AND 6816773
	Aggregate  (cost=3774.04..3774.05 rows=1 width=8)
	  ->  Bitmap Heap Scan on sbtest3  (cost=30.40..3771.61 rows=972 width=4)
	        Recheck Cond: ((id >= 6815774) AND (id <= 6816773))
	        ->  Bitmap Index Scan on sbtest3_pkey  (cost=0.00..30.15 rows=972 width=0)
	              Index Cond: ((id >= 6815774) AND (id <= 6816773))

table 4 : explain SELECT SUM(k) FROM sbtest4 WHERE id BETWEEN 3838888 AND 3839887
	Aggregate  (cost=3920.34..3920.35 rows=1 width=8)
	  ->  Bitmap Heap Scan on sbtest4  (cost=30.80..3917.81 rows=1011 width=4)
	        Recheck Cond: ((id >= 3838888) AND (id <= 3839887))
	        ->  Bitmap Index Scan on sbtest4_pkey  (cost=0.00..30.54 rows=1011 width=0)
	              Index Cond: ((id >= 3838888) AND (id <= 3839887))

table 5 : explain SELECT SUM(k) FROM sbtest5 WHERE id BETWEEN 8353925 AND 8354924
	Aggregate  (cost=3806.34..3806.35 rows=1 width=8)
	  ->  Bitmap Heap Scan on sbtest5  (cost=30.50..3803.89 rows=982 width=4)
	        Recheck Cond: ((id >= 8353925) AND (id <= 8354924))
	        ->  Bitmap Index Scan on sbtest5_pkey  (cost=0.00..30.25 rows=982 width=0)
	              Index Cond: ((id >= 8353925) AND (id <= 8354924))

table 6 : explain SELECT SUM(k) FROM sbtest6 WHERE id BETWEEN 4141893 AND 4142892
	Aggregate  (cost=3686.96..3686.97 rows=1 width=8)
	  ->  Bitmap Heap Scan on sbtest6  (cost=30.17..3684.58 rows=950 width=4)
	        Recheck Cond: ((id >= 4141893) AND (id <= 4142892))
	        ->  Bitmap Index Scan on sbtest6_pkey  (cost=0.00..29.93 rows=950 width=0)
	              Index Cond: ((id >= 4141893) AND (id <= 4142892))

table 7 : explain SELECT SUM(k) FROM sbtest7 WHERE id BETWEEN 4516268 AND 4517267
	Aggregate  (cost=3834.99..3835.00 rows=1 width=8)
	  ->  Bitmap Heap Scan on sbtest7  (cost=30.56..3832.52 rows=988 width=4)
	        Recheck Cond: ((id >= 4516268) AND (id <= 4517267))
	        ->  Bitmap Index Scan on sbtest7_pkey  (cost=0.00..30.32 rows=988 width=0)
	              Index Cond: ((id >= 4516268) AND (id <= 4517267))

table 8 : explain SELECT SUM(k) FROM sbtest8 WHERE id BETWEEN 7318591 AND 7319590
	Aggregate  (cost=3465.34..3465.35 rows=1 width=8)
	  ->  Bitmap Heap Scan on sbtest8  (cost=25.59..3463.10 rows=893 width=4)
	        Recheck Cond: ((id >= 7318591) AND (id <= 7319590))
	        ->  Bitmap Index Scan on sbtest8_pkey  (cost=0.00..25.36 rows=893 width=0)
	              Index Cond: ((id >= 7318591) AND (id <= 7319590))

for: order_ranges
table 1 : explain SELECT c FROM sbtest1 WHERE id BETWEEN 3103654 AND 3104653 ORDER BY c
	Sort  (cost=3845.77..3848.22 rows=980 width=121)
	  Sort Key: c
	  ->  Bitmap Heap Scan on sbtest1  (cost=30.48..3797.08 rows=980 width=121)
	        Recheck Cond: ((id >= 3103654) AND (id <= 3104653))
	        ->  Bitmap Index Scan on sbtest1_pkey  (cost=0.00..30.23 rows=980 width=0)
	              Index Cond: ((id >= 3103654) AND (id <= 3104653))

table 2 : explain SELECT c FROM sbtest2 WHERE id BETWEEN 1042130 AND 1043129 ORDER BY c
	Sort  (cost=3537.68..3539.93 rows=901 width=121)
	  Sort Key: c
	  ->  Bitmap Heap Scan on sbtest2  (cost=25.67..3493.46 rows=901 width=121)
	        Recheck Cond: ((id >= 1042130) AND (id <= 1043129))
	        ->  Bitmap Index Scan on sbtest2_pkey  (cost=0.00..25.44 rows=901 width=0)
	              Index Cond: ((id >= 1042130) AND (id <= 1043129))

table 3 : explain SELECT c FROM sbtest3 WHERE id BETWEEN 7356469 AND 7357468 ORDER BY c
	Sort  (cost=4092.12..4094.73 rows=1043 width=121)
	  Sort Key: c
	  ->  Bitmap Heap Scan on sbtest3  (cost=31.13..4039.84 rows=1043 width=121)
	        Recheck Cond: ((id >= 7356469) AND (id <= 7357468))
	        ->  Bitmap Index Scan on sbtest3_pkey  (cost=0.00..30.86 rows=1043 width=0)
	              Index Cond: ((id >= 7356469) AND (id <= 7357468))

table 4 : explain SELECT c FROM sbtest4 WHERE id BETWEEN 4170961 AND 4171960 ORDER BY c
	Sort  (cost=4102.34..4104.95 rows=1046 width=121)
	  Sort Key: c
	  ->  Bitmap Heap Scan on sbtest4  (cost=31.16..4049.88 rows=1046 width=121)
	        Recheck Cond: ((id >= 4170961) AND (id <= 4171960))
	        ->  Bitmap Index Scan on sbtest4_pkey  (cost=0.00..30.89 rows=1046 width=0)
	              Index Cond: ((id >= 4170961) AND (id <= 4171960))

table 5 : explain SELECT c FROM sbtest5 WHERE id BETWEEN 9458563 AND 9459562 ORDER BY c
	Sort  (cost=3837.37..3839.82 rows=978 width=121)
	  Sort Key: c
	  ->  Bitmap Heap Scan on sbtest5  (cost=30.46..3788.80 rows=978 width=121)
	        Recheck Cond: ((id >= 9458563) AND (id <= 9459562))
	        ->  Bitmap Index Scan on sbtest5_pkey  (cost=0.00..30.21 rows=978 width=0)
	              Index Cond: ((id >= 9458563) AND (id <= 9459562))

table 6 : explain SELECT c FROM sbtest6 WHERE id BETWEEN 7931357 AND 7932356 ORDER BY c
	Sort  (cost=3950.00..3952.52 rows=1007 width=121)
	  Sort Key: c
	  ->  Bitmap Heap Scan on sbtest6  (cost=30.76..3899.77 rows=1007 width=121)
	        Recheck Cond: ((id >= 7931357) AND (id <= 7932356))
	        ->  Bitmap Index Scan on sbtest6_pkey  (cost=0.00..30.50 rows=1007 width=0)
	              Index Cond: ((id >= 7931357) AND (id <= 7932356))

table 7 : explain SELECT c FROM sbtest7 WHERE id BETWEEN 7498760 AND 7499759 ORDER BY c
	Sort  (cost=4138.53..4141.17 rows=1055 width=121)
	  Sort Key: c
	  ->  Bitmap Heap Scan on sbtest7  (cost=31.25..4085.56 rows=1055 width=121)
	        Recheck Cond: ((id >= 7498760) AND (id <= 7499759))
	        ->  Bitmap Index Scan on sbtest7_pkey  (cost=0.00..30.98 rows=1055 width=0)
	              Index Cond: ((id >= 7498760) AND (id <= 7499759))

table 8 : explain SELECT c FROM sbtest8 WHERE id BETWEEN 7179202 AND 7180201 ORDER BY c
	Sort  (cost=4341.15..4343.93 rows=1110 width=121)
	  Sort Key: c
	  ->  Bitmap Heap Scan on sbtest8  (cost=31.81..4285.01 rows=1110 width=121)
	        Recheck Cond: ((id >= 7179202) AND (id <= 7180201))
	        ->  Bitmap Index Scan on sbtest8_pkey  (cost=0.00..31.54 rows=1110 width=0)
	              Index Cond: ((id >= 7179202) AND (id <= 7180201))

for: order_ranges
table 1 : explain SELECT c FROM sbtest1 WHERE id BETWEEN 821645 AND 822644 ORDER BY c
	Sort  (cost=3726.95..3729.33 rows=949 width=121)
	  Sort Key: c
	  ->  Bitmap Heap Scan on sbtest1  (cost=30.16..3680.03 rows=949 width=121)
	        Recheck Cond: ((id >= 821645) AND (id <= 822644))
	        ->  Bitmap Index Scan on sbtest1_pkey  (cost=0.00..29.93 rows=949 width=0)
	              Index Cond: ((id >= 821645) AND (id <= 822644))

table 2 : explain SELECT c FROM sbtest2 WHERE id BETWEEN 8206404 AND 8207403 ORDER BY c
	Sort  (cost=3974.65..3977.18 rows=1014 width=121)
	  Sort Key: c
	  ->  Bitmap Heap Scan on sbtest2  (cost=30.83..3924.02 rows=1014 width=121)
	        Recheck Cond: ((id >= 8206404) AND (id <= 8207403))
	        ->  Bitmap Index Scan on sbtest2_pkey  (cost=0.00..30.57 rows=1014 width=0)
	              Index Cond: ((id >= 8206404) AND (id <= 8207403))

table 3 : explain SELECT c FROM sbtest3 WHERE id BETWEEN 1730491 AND 1731490 ORDER BY c
	Sort  (cost=3881.26..3883.73 rows=988 width=121)
	  Sort Key: c
	  ->  Bitmap Heap Scan on sbtest3  (cost=30.56..3832.11 rows=988 width=121)
	        Recheck Cond: ((id >= 1730491) AND (id <= 1731490))
	        ->  Bitmap Index Scan on sbtest3_pkey  (cost=0.00..30.32 rows=988 width=0)
	              Index Cond: ((id >= 1730491) AND (id <= 1731490))

table 4 : explain SELECT c FROM sbtest4 WHERE id BETWEEN 3248592 AND 3249591 ORDER BY c
	Sort  (cost=4186.54..4189.21 rows=1068 width=121)
	  Sort Key: c
	  ->  Bitmap Heap Scan on sbtest4  (cost=31.38..4132.82 rows=1068 width=121)
	        Recheck Cond: ((id >= 3248592) AND (id <= 3249591))
	        ->  Bitmap Index Scan on sbtest4_pkey  (cost=0.00..31.11 rows=1068 width=0)
	              Index Cond: ((id >= 3248592) AND (id <= 3249591))

table 5 : explain SELECT c FROM sbtest5 WHERE id BETWEEN 4146476 AND 4147475 ORDER BY c
	Sort  (cost=3963.69..3966.22 rows=1011 width=121)
	  Sort Key: c
	  ->  Bitmap Heap Scan on sbtest5  (cost=30.80..3913.24 rows=1011 width=121)
	        Recheck Cond: ((id >= 4146476) AND (id <= 4147475))
	        ->  Bitmap Index Scan on sbtest5_pkey  (cost=0.00..30.54 rows=1011 width=0)
	              Index Cond: ((id >= 4146476) AND (id <= 4147475))

table 6 : explain SELECT c FROM sbtest6 WHERE id BETWEEN 1397551 AND 1398550 ORDER BY c
	Sort  (cost=4041.85..4044.43 rows=1031 width=121)
	  Sort Key: c
	  ->  Bitmap Heap Scan on sbtest6  (cost=31.00..3990.25 rows=1031 width=121)
	        Recheck Cond: ((id >= 1397551) AND (id <= 1398550))
	        ->  Bitmap Index Scan on sbtest6_pkey  (cost=0.00..30.75 rows=1031 width=0)
	              Index Cond: ((id >= 1397551) AND (id <= 1398550))

table 7 : explain SELECT c FROM sbtest7 WHERE id BETWEEN 4849460 AND 4850459 ORDER BY c
	Sort  (cost=4467.69..4470.54 rows=1140 width=121)
	  Sort Key: c
	  ->  Bitmap Heap Scan on sbtest7  (cost=36.12..4409.80 rows=1140 width=121)
	        Recheck Cond: ((id >= 4849460) AND (id <= 4850459))
	        ->  Bitmap Index Scan on sbtest7_pkey  (cost=0.00..35.84 rows=1140 width=0)
	              Index Cond: ((id >= 4849460) AND (id <= 4850459))

table 8 : explain SELECT c FROM sbtest8 WHERE id BETWEEN 8613779 AND 8614778 ORDER BY c
	Sort  (cost=4199.98..4202.66 rows=1073 width=121)
	  Sort Key: c
	  ->  Bitmap Heap Scan on sbtest8  (cost=31.43..4145.97 rows=1073 width=121)
	        Recheck Cond: ((id >= 8613779) AND (id <= 8614778))
	        ->  Bitmap Index Scan on sbtest8_pkey  (cost=0.00..31.16 rows=1073 width=0)
	              Index Cond: ((id >= 8613779) AND (id <= 8614778))

for: distinct_ranges
table 1 : explain SELECT DISTINCT c FROM sbtest1 WHERE id BETWEEN 8157740 AND 8158739 ORDER BY c
	Unique  (cost=4083.04..4088.25 rows=1042 width=121)
	  ->  Sort  (cost=4083.04..4085.64 rows=1042 width=121)
	        Sort Key: c
	        ->  Bitmap Heap Scan on sbtest1  (cost=31.12..4030.81 rows=1042 width=121)
	              Recheck Cond: ((id >= 8157740) AND (id <= 8158739))
	              ->  Bitmap Index Scan on sbtest1_pkey  (cost=0.00..30.86 rows=1042 width=0)
	                    Index Cond: ((id >= 8157740) AND (id <= 8158739))

table 2 : explain SELECT DISTINCT c FROM sbtest2 WHERE id BETWEEN 3873142 AND 3874141 ORDER BY c
	Unique  (cost=4383.30..4388.91 rows=1122 width=121)
	  ->  Sort  (cost=4383.30..4386.11 rows=1122 width=121)
	        Sort Key: c
	        ->  Bitmap Heap Scan on sbtest2  (cost=31.94..4326.46 rows=1122 width=121)
	              Recheck Cond: ((id >= 3873142) AND (id <= 3874141))
	              ->  Bitmap Index Scan on sbtest2_pkey  (cost=0.00..31.65 rows=1122 width=0)
	                    Index Cond: ((id >= 3873142) AND (id <= 3874141))

table 3 : explain SELECT DISTINCT c FROM sbtest3 WHERE id BETWEEN 7700458 AND 7701457 ORDER BY c
	Unique  (cost=4210.82..4216.19 rows=1074 width=121)
	  ->  Sort  (cost=4210.82..4213.51 rows=1074 width=121)
	        Sort Key: c
	        ->  Bitmap Heap Scan on sbtest3  (cost=31.44..4156.75 rows=1074 width=121)
	              Recheck Cond: ((id >= 7700458) AND (id <= 7701457))
	              ->  Bitmap Index Scan on sbtest3_pkey  (cost=0.00..31.18 rows=1074 width=0)
	                    Index Cond: ((id >= 7700458) AND (id <= 7701457))

table 4 : explain SELECT DISTINCT c FROM sbtest4 WHERE id BETWEEN 1264357 AND 1265356 ORDER BY c
	Unique  (cost=3887.76..3892.71 rows=990 width=121)
	  ->  Sort  (cost=3887.76..3890.23 rows=990 width=121)
	        Sort Key: c
	        ->  Bitmap Heap Scan on sbtest4  (cost=30.58..3838.50 rows=990 width=121)
	              Recheck Cond: ((id >= 1264357) AND (id <= 1265356))
	              ->  Bitmap Index Scan on sbtest4_pkey  (cost=0.00..30.33 rows=990 width=0)
	                    Index Cond: ((id >= 1264357) AND (id <= 1265356))

table 5 : explain SELECT DISTINCT c FROM sbtest5 WHERE id BETWEEN 6464219 AND 6465218 ORDER BY c
	Unique  (cost=4017.24..4022.37 rows=1025 width=121)
	  ->  Sort  (cost=4017.24..4019.81 rows=1025 width=121)
	        Sort Key: c
	        ->  Bitmap Heap Scan on sbtest5  (cost=30.94..3965.99 rows=1025 width=121)
	              Recheck Cond: ((id >= 6464219) AND (id <= 6465218))
	              ->  Bitmap Index Scan on sbtest5_pkey  (cost=0.00..30.68 rows=1025 width=0)
	                    Index Cond: ((id >= 6464219) AND (id <= 6465218))

table 6 : explain SELECT DISTINCT c FROM sbtest6 WHERE id BETWEEN 7240160 AND 7241159 ORDER BY c
	Unique  (cost=3704.71..3709.43 rows=943 width=121)
	  ->  Sort  (cost=3704.71..3707.07 rows=943 width=121)
	        Sort Key: c
	        ->  Bitmap Heap Scan on sbtest6  (cost=30.10..3658.13 rows=943 width=121)
	              Recheck Cond: ((id >= 7240160) AND (id <= 7241159))
	              ->  Bitmap Index Scan on sbtest6_pkey  (cost=0.00..29.86 rows=943 width=0)
	                    Index Cond: ((id >= 7240160) AND (id <= 7241159))

table 7 : explain SELECT DISTINCT c FROM sbtest7 WHERE id BETWEEN 957850 AND 958849 ORDER BY c
	Unique  (cost=4081.07..4086.27 rows=1040 width=121)
	  ->  Sort  (cost=4081.07..4083.67 rows=1040 width=121)
	        Sort Key: c
	        ->  Bitmap Heap Scan on sbtest7  (cost=31.09..4028.96 rows=1040 width=121)
	              Recheck Cond: ((id >= 957850) AND (id <= 958849))
	              ->  Bitmap Index Scan on sbtest7_pkey  (cost=0.00..30.83 rows=1040 width=0)
	                    Index Cond: ((id >= 957850) AND (id <= 958849))

table 8 : explain SELECT DISTINCT c FROM sbtest8 WHERE id BETWEEN 9205745 AND 9206744 ORDER BY c
	Unique  (cost=3959.24..3964.29 rows=1010 width=121)
	  ->  Sort  (cost=3959.24..3961.77 rows=1010 width=121)
	        Sort Key: c
	        ->  Bitmap Heap Scan on sbtest8  (cost=30.79..3908.84 rows=1010 width=121)
	              Recheck Cond: ((id >= 9205745) AND (id <= 9206744))
	              ->  Bitmap Index Scan on sbtest8_pkey  (cost=0.00..30.54 rows=1010 width=0)
	                    Index Cond: ((id >= 9205745) AND (id <= 9206744))

for: simple_ranges
table 1 : explain SELECT c FROM sbtest1 WHERE id BETWEEN 1132070 AND 1133069
	Bitmap Heap Scan on sbtest1  (cost=30.13..3668.69 rows=946 width=121)
	  Recheck Cond: ((id >= 1132070) AND (id <= 1133069))
	  ->  Bitmap Index Scan on sbtest1_pkey  (cost=0.00..29.89 rows=946 width=0)
	        Index Cond: ((id >= 1132070) AND (id <= 1133069))

table 2 : explain SELECT c FROM sbtest2 WHERE id BETWEEN 7518568 AND 7519567
	Bitmap Heap Scan on sbtest2  (cost=29.97..3607.09 rows=930 width=121)
	  Recheck Cond: ((id >= 7518568) AND (id <= 7519567))
	  ->  Bitmap Index Scan on sbtest2_pkey  (cost=0.00..29.73 rows=930 width=0)
	        Index Cond: ((id >= 7518568) AND (id <= 7519567))

table 3 : explain SELECT c FROM sbtest3 WHERE id BETWEEN 8487348 AND 8488347
	Bitmap Heap Scan on sbtest3  (cost=30.07..3650.52 rows=940 width=121)
	  Recheck Cond: ((id >= 8487348) AND (id <= 8488347))
	  ->  Bitmap Index Scan on sbtest3_pkey  (cost=0.00..29.83 rows=940 width=0)
	        Index Cond: ((id >= 8487348) AND (id <= 8488347))

table 4 : explain SELECT c FROM sbtest4 WHERE id BETWEEN 6736269 AND 6737268
	Bitmap Heap Scan on sbtest4  (cost=30.80..3917.81 rows=1011 width=121)
	  Recheck Cond: ((id >= 6736269) AND (id <= 6737268))
	  ->  Bitmap Index Scan on sbtest4_pkey  (cost=0.00..30.54 rows=1011 width=0)
	        Index Cond: ((id >= 6736269) AND (id <= 6737268))

table 5 : explain SELECT c FROM sbtest5 WHERE id BETWEEN 6654151 AND 6655150
	Bitmap Heap Scan on sbtest5  (cost=31.81..4285.73 rows=1110 width=121)
	  Recheck Cond: ((id >= 6654151) AND (id <= 6655150))
	  ->  Bitmap Index Scan on sbtest5_pkey  (cost=0.00..31.54 rows=1110 width=0)
	        Index Cond: ((id >= 6654151) AND (id <= 6655150))

table 6 : explain SELECT c FROM sbtest6 WHERE id BETWEEN 9641460 AND 9642459
	Bitmap Heap Scan on sbtest6  (cost=30.83..3926.17 rows=1014 width=121)
	  Recheck Cond: ((id >= 9641460) AND (id <= 9642459))
	  ->  Bitmap Index Scan on sbtest6_pkey  (cost=0.00..30.57 rows=1014 width=0)
	        Index Cond: ((id >= 9641460) AND (id <= 9642459))

table 7 : explain SELECT c FROM sbtest7 WHERE id BETWEEN 6726013 AND 6727012
	Bitmap Heap Scan on sbtest7  (cost=31.03..4006.31 rows=1034 width=121)
	  Recheck Cond: ((id >= 6726013) AND (id <= 6727012))
	  ->  Bitmap Index Scan on sbtest7_pkey  (cost=0.00..30.77 rows=1034 width=0)
	        Index Cond: ((id >= 6726013) AND (id <= 6727012))

table 8 : explain SELECT c FROM sbtest8 WHERE id BETWEEN 6363759 AND 6364758
	Bitmap Heap Scan on sbtest8  (cost=31.00..3987.94 rows=1031 width=121)
	  Recheck Cond: ((id >= 6363759) AND (id <= 6364758))
	  ->  Bitmap Index Scan on sbtest8_pkey  (cost=0.00..30.75 rows=1031 width=0)
	        Index Cond: ((id >= 6363759) AND (id <= 6364758))

explain: for point_selects :: explain SELECT c FROM sbtest%u WHERE id=%u
for: sum_ranges
table 1 : explain SELECT SUM(k) FROM sbtest1 WHERE id BETWEEN 3028311 AND 3029310
	Aggregate  (cost=3931.62..3931.63 rows=1 width=8)
	  ->  Bitmap Heap Scan on sbtest1  (cost=30.84..3929.08 rows=1015 width=4)
	        Recheck Cond: ((id >= 3028311) AND (id <= 3029310))
	        ->  Bitmap Index Scan on sbtest1_pkey  (cost=0.00..30.58 rows=1015 width=0)
	              Index Cond: ((id >= 3028311) AND (id <= 3029310))

table 2 : explain SELECT SUM(k) FROM sbtest2 WHERE id BETWEEN 4909161 AND 4910160
	Aggregate  (cost=4092.32..4092.33 rows=1 width=8)
	  ->  Bitmap Heap Scan on sbtest2  (cost=31.28..4089.67 rows=1058 width=4)
	        Recheck Cond: ((id >= 4909161) AND (id <= 4910160))
	        ->  Bitmap Index Scan on sbtest2_pkey  (cost=0.00..31.01 rows=1058 width=0)
	              Index Cond: ((id >= 4909161) AND (id <= 4910160))

table 3 : explain SELECT SUM(k) FROM sbtest3 WHERE id BETWEEN 9284711 AND 9285710
	Aggregate  (cost=3804.32..3804.33 rows=1 width=8)
	  ->  Bitmap Heap Scan on sbtest3  (cost=30.48..3801.87 rows=980 width=4)
	        Recheck Cond: ((id >= 9284711) AND (id <= 9285710))
	        ->  Bitmap Index Scan on sbtest3_pkey  (cost=0.00..30.23 rows=980 width=0)
	              Index Cond: ((id >= 9284711) AND (id <= 9285710))

table 4 : explain SELECT SUM(k) FROM sbtest4 WHERE id BETWEEN 8133250 AND 8134249
	Aggregate  (cost=3799.38..3799.39 rows=1 width=8)
	  ->  Bitmap Heap Scan on sbtest4  (cost=30.47..3796.93 rows=979 width=4)
	        Recheck Cond: ((id >= 8133250) AND (id <= 8134249))
	        ->  Bitmap Index Scan on sbtest4_pkey  (cost=0.00..30.22 rows=979 width=0)
	              Index Cond: ((id >= 8133250) AND (id <= 8134249))

table 5 : explain SELECT SUM(k) FROM sbtest5 WHERE id BETWEEN 7196725 AND 7197724
	Aggregate  (cost=4013.77..4013.78 rows=1 width=8)
	  ->  Bitmap Heap Scan on sbtest5  (cost=31.06..4011.18 rows=1037 width=4)
	        Recheck Cond: ((id >= 7196725) AND (id <= 7197724))
	        ->  Bitmap Index Scan on sbtest5_pkey  (cost=0.00..30.80 rows=1037 width=0)
	              Index Cond: ((id >= 7196725) AND (id <= 7197724))

table 6 : explain SELECT SUM(k) FROM sbtest6 WHERE id BETWEEN 3515696 AND 3516695
	Aggregate  (cost=3766.34..3766.35 rows=1 width=8)
	  ->  Bitmap Heap Scan on sbtest6  (cost=30.39..3763.91 rows=971 width=4)
	        Recheck Cond: ((id >= 3515696) AND (id <= 3516695))
	        ->  Bitmap Index Scan on sbtest6_pkey  (cost=0.00..30.14 rows=971 width=0)
	              Index Cond: ((id >= 3515696) AND (id <= 3516695))

table 7 : explain SELECT SUM(k) FROM sbtest7 WHERE id BETWEEN 2990193 AND 2991192
	Aggregate  (cost=3611.56..3611.57 rows=1 width=8)
	  ->  Bitmap Heap Scan on sbtest7  (cost=29.96..3609.24 rows=929 width=4)
	        Recheck Cond: ((id >= 2990193) AND (id <= 2991192))
	        ->  Bitmap Index Scan on sbtest7_pkey  (cost=0.00..29.72 rows=929 width=0)
	              Index Cond: ((id >= 2990193) AND (id <= 2991192))

table 8 : explain SELECT SUM(k) FROM sbtest8 WHERE id BETWEEN 4493020 AND 4494019
	Aggregate  (cost=3752.90..3752.91 rows=1 width=8)
	  ->  Bitmap Heap Scan on sbtest8  (cost=30.36..3750.48 rows=968 width=4)
	        Recheck Cond: ((id >= 4493020) AND (id <= 4494019))
	        ->  Bitmap Index Scan on sbtest8_pkey  (cost=0.00..30.11 rows=968 width=0)
	              Index Cond: ((id >= 4493020) AND (id <= 4494019))

for: distinct_ranges
table 1 : explain SELECT DISTINCT c FROM sbtest1 WHERE id BETWEEN 4497866 AND 4498865 ORDER BY c
	Unique  (cost=3933.84..3938.85 rows=1003 width=121)
	  ->  Sort  (cost=3933.84..3936.35 rows=1003 width=121)
	        Sort Key: c
	        ->  Bitmap Heap Scan on sbtest1  (cost=30.72..3883.84 rows=1003 width=121)
	              Recheck Cond: ((id >= 4497866) AND (id <= 4498865))
	              ->  Bitmap Index Scan on sbtest1_pkey  (cost=0.00..30.46 rows=1003 width=0)
	                    Index Cond: ((id >= 4497866) AND (id <= 4498865))

table 2 : explain SELECT DISTINCT c FROM sbtest2 WHERE id BETWEEN 2344812 AND 2345811 ORDER BY c
	Unique  (cost=3817.73..3822.60 rows=973 width=121)
	  ->  Sort  (cost=3817.73..3820.17 rows=973 width=121)
	        Sort Key: c
	        ->  Bitmap Heap Scan on sbtest2  (cost=30.41..3769.44 rows=973 width=121)
	              Recheck Cond: ((id >= 2344812) AND (id <= 2345811))
	              ->  Bitmap Index Scan on sbtest2_pkey  (cost=0.00..30.16 rows=973 width=0)
	                    Index Cond: ((id >= 2344812) AND (id <= 2345811))

table 3 : explain SELECT DISTINCT c FROM sbtest3 WHERE id BETWEEN 5010530 AND 5011529 ORDER BY c
	Unique  (cost=4053.81..4058.98 rows=1033 width=121)
	  ->  Sort  (cost=4053.81..4056.39 rows=1033 width=121)
	        Sort Key: c
	        ->  Bitmap Heap Scan on sbtest3  (cost=31.02..4002.10 rows=1033 width=121)
	              Recheck Cond: ((id >= 5010530) AND (id <= 5011529))
	              ->  Bitmap Index Scan on sbtest3_pkey  (cost=0.00..30.76 rows=1033 width=0)
	                    Index Cond: ((id >= 5010530) AND (id <= 5011529))

table 4 : explain SELECT DISTINCT c FROM sbtest4 WHERE id BETWEEN 3335456 AND 3336455 ORDER BY c
	Unique  (cost=3991.26..3996.35 rows=1017 width=121)
	  ->  Sort  (cost=3991.26..3993.80 rows=1017 width=121)
	        Sort Key: c
	        ->  Bitmap Heap Scan on sbtest4  (cost=30.86..3940.46 rows=1017 width=121)
	              Recheck Cond: ((id >= 3335456) AND (id <= 3336455))
	              ->  Bitmap Index Scan on sbtest4_pkey  (cost=0.00..30.61 rows=1017 width=0)
	                    Index Cond: ((id >= 3335456) AND (id <= 3336455))

table 5 : explain SELECT DISTINCT c FROM sbtest5 WHERE id BETWEEN 1631280 AND 1632279 ORDER BY c
	Unique  (cost=4448.71..4454.41 rows=1139 width=121)
	  ->  Sort  (cost=4448.71..4451.56 rows=1139 width=121)
	        Sort Key: c
	        ->  Bitmap Heap Scan on sbtest5  (cost=32.11..4390.89 rows=1139 width=121)
	              Recheck Cond: ((id >= 1631280) AND (id <= 1632279))
	              ->  Bitmap Index Scan on sbtest5_pkey  (cost=0.00..31.82 rows=1139 width=0)
	                    Index Cond: ((id >= 1631280) AND (id <= 1632279))

table 6 : explain SELECT DISTINCT c FROM sbtest6 WHERE id BETWEEN 2130605 AND 2131604 ORDER BY c
	Unique  (cost=3911.71..3916.69 rows=997 width=121)
	  ->  Sort  (cost=3911.71..3914.20 rows=997 width=121)
	        Sort Key: c
	        ->  Bitmap Heap Scan on sbtest6  (cost=30.65..3862.05 rows=997 width=121)
	              Recheck Cond: ((id >= 2130605) AND (id <= 2131604))
	              ->  Bitmap Index Scan on sbtest6_pkey  (cost=0.00..30.40 rows=997 width=0)
	                    Index Cond: ((id >= 2130605) AND (id <= 2131604))

table 7 : explain SELECT DISTINCT c FROM sbtest7 WHERE id BETWEEN 9733780 AND 9734779 ORDER BY c
	Unique  (cost=3531.94..3536.43 rows=897 width=121)
	  ->  Sort  (cost=3531.94..3534.18 rows=897 width=121)
	        Sort Key: c
	        ->  Bitmap Heap Scan on sbtest7  (cost=29.63..3487.95 rows=897 width=121)
	              Recheck Cond: ((id >= 9733780) AND (id <= 9734779))
	              ->  Bitmap Index Scan on sbtest7_pkey  (cost=0.00..29.40 rows=897 width=0)
	                    Index Cond: ((id >= 9733780) AND (id <= 9734779))

table 8 : explain SELECT DISTINCT c FROM sbtest8 WHERE id BETWEEN 2344791 AND 2345790 ORDER BY c
	Unique  (cost=3729.52..3734.27 rows=950 width=121)
	  ->  Sort  (cost=3729.52..3731.90 rows=950 width=121)
	        Sort Key: c
	        ->  Bitmap Heap Scan on sbtest8  (cost=30.17..3682.53 rows=950 width=121)
	              Recheck Cond: ((id >= 2344791) AND (id <= 2345790))
	              ->  Bitmap Index Scan on sbtest8_pkey  (cost=0.00..29.93 rows=950 width=0)
	                    Index Cond: ((id >= 2344791) AND (id <= 2345790))

for: simple_ranges
table 1 : explain SELECT c FROM sbtest1 WHERE id BETWEEN 5624212 AND 5625211
	Bitmap Heap Scan on sbtest1  (cost=30.92..3959.23 rows=1023 width=121)
	  Recheck Cond: ((id >= 5624212) AND (id <= 5625211))
	  ->  Bitmap Index Scan on sbtest1_pkey  (cost=0.00..30.66 rows=1023 width=0)
	        Index Cond: ((id >= 5624212) AND (id <= 5625211))

table 2 : explain SELECT c FROM sbtest2 WHERE id BETWEEN 9582365 AND 9583364
	Bitmap Heap Scan on sbtest2  (cost=30.55..3822.25 rows=987 width=121)
	  Recheck Cond: ((id >= 9582365) AND (id <= 9583364))
	  ->  Bitmap Index Scan on sbtest2_pkey  (cost=0.00..30.30 rows=987 width=0)
	        Index Cond: ((id >= 9582365) AND (id <= 9583364))

table 3 : explain SELECT c FROM sbtest3 WHERE id BETWEEN 8715008 AND 8716007
	Bitmap Heap Scan on sbtest3  (cost=30.50..3809.43 rows=982 width=121)
	  Recheck Cond: ((id >= 8715008) AND (id <= 8716007))
	  ->  Bitmap Index Scan on sbtest3_pkey  (cost=0.00..30.25 rows=982 width=0)
	        Index Cond: ((id >= 8715008) AND (id <= 8716007))

table 4 : explain SELECT c FROM sbtest4 WHERE id BETWEEN 7115560 AND 7116559
	Bitmap Heap Scan on sbtest4  (cost=30.44..3785.59 rows=976 width=121)
	  Recheck Cond: ((id >= 7115560) AND (id <= 7116559))
	  ->  Bitmap Index Scan on sbtest4_pkey  (cost=0.00..30.19 rows=976 width=0)
	        Index Cond: ((id >= 7115560) AND (id <= 7116559))

table 5 : explain SELECT c FROM sbtest5 WHERE id BETWEEN 4692231 AND 4693230
	Bitmap Heap Scan on sbtest5  (cost=30.56..3826.52 rows=988 width=121)
	  Recheck Cond: ((id >= 4692231) AND (id <= 4693230))
	  ->  Bitmap Index Scan on sbtest5_pkey  (cost=0.00..30.32 rows=988 width=0)
	        Index Cond: ((id >= 4692231) AND (id <= 4693230))

table 6 : explain SELECT c FROM sbtest6 WHERE id BETWEEN 6609944 AND 6610943
	Bitmap Heap Scan on sbtest6  (cost=25.79..3540.67 rows=913 width=121)
	  Recheck Cond: ((id >= 6609944) AND (id <= 6610943))
	  ->  Bitmap Index Scan on sbtest6_pkey  (cost=0.00..25.57 rows=913 width=0)
	        Index Cond: ((id >= 6609944) AND (id <= 6610943))

table 7 : explain SELECT c FROM sbtest7 WHERE id BETWEEN 972268 AND 973267
	Bitmap Heap Scan on sbtest7  (cost=31.20..4066.69 rows=1050 width=121)
	  Recheck Cond: ((id >= 972268) AND (id <= 973267))
	  ->  Bitmap Index Scan on sbtest7_pkey  (cost=0.00..30.93 rows=1050 width=0)
	        Index Cond: ((id >= 972268) AND (id <= 973267))

table 8 : explain SELECT c FROM sbtest8 WHERE id BETWEEN 8857473 AND 8858472
	Bitmap Heap Scan on sbtest8  (cost=30.76..3897.54 rows=1007 width=121)
	  Recheck Cond: ((id >= 8857473) AND (id <= 8858472))
	  ->  Bitmap Index Scan on sbtest8_pkey  (cost=0.00..30.50 rows=1007 width=0)
	        Index Cond: ((id >= 8857473) AND (id <= 8858472))

for: distinct_ranges
table 1 : explain SELECT DISTINCT c FROM sbtest1 WHERE id BETWEEN 8131613 AND 8132612 ORDER BY c
	Unique  (cost=4083.04..4088.25 rows=1042 width=121)
	  ->  Sort  (cost=4083.04..4085.64 rows=1042 width=121)
	        Sort Key: c
	        ->  Bitmap Heap Scan on sbtest1  (cost=31.12..4030.81 rows=1042 width=121)
	              Recheck Cond: ((id >= 8131613) AND (id <= 8132612))
	              ->  Bitmap Index Scan on sbtest1_pkey  (cost=0.00..30.86 rows=1042 width=0)
	                    Index Cond: ((id >= 8131613) AND (id <= 8132612))

table 2 : explain SELECT DISTINCT c FROM sbtest2 WHERE id BETWEEN 2696665 AND 2697664 ORDER BY c
	Unique  (cost=3729.62..3734.37 rows=950 width=121)
	  ->  Sort  (cost=3729.62..3731.99 rows=950 width=121)
	        Sort Key: c
	        ->  Bitmap Heap Scan on sbtest2  (cost=30.17..3682.63 rows=950 width=121)
	              Recheck Cond: ((id >= 2696665) AND (id <= 2697664))
	              ->  Bitmap Index Scan on sbtest2_pkey  (cost=0.00..29.93 rows=950 width=0)
	                    Index Cond: ((id >= 2696665) AND (id <= 2697664))

table 3 : explain SELECT DISTINCT c FROM sbtest3 WHERE id BETWEEN 4251358 AND 4252357 ORDER BY c
	Unique  (cost=4095.95..4101.17 rows=1044 width=121)
	  ->  Sort  (cost=4095.95..4098.56 rows=1044 width=121)
	        Sort Key: c
	        ->  Bitmap Heap Scan on sbtest3  (cost=31.14..4043.61 rows=1044 width=121)
	              Recheck Cond: ((id >= 4251358) AND (id <= 4252357))
	              ->  Bitmap Index Scan on sbtest3_pkey  (cost=0.00..30.87 rows=1044 width=0)
	                    Index Cond: ((id >= 4251358) AND (id <= 4252357))

table 4 : explain SELECT DISTINCT c FROM sbtest4 WHERE id BETWEEN 5602523 AND 5603522 ORDER BY c
	Unique  (cost=4392.98..4398.59 rows=1122 width=121)
	  ->  Sort  (cost=4392.98..4395.79 rows=1122 width=121)
	        Sort Key: c
	        ->  Bitmap Heap Scan on sbtest4  (cost=31.94..4336.14 rows=1122 width=121)
	              Recheck Cond: ((id >= 5602523) AND (id <= 5603522))
	              ->  Bitmap Index Scan on sbtest4_pkey  (cost=0.00..31.65 rows=1122 width=0)
	                    Index Cond: ((id >= 5602523) AND (id <= 5603522))

table 5 : explain SELECT DISTINCT c FROM sbtest5 WHERE id BETWEEN 2987192 AND 2988191 ORDER BY c
	Unique  (cost=4066.95..4072.14 rows=1038 width=121)
	  ->  Sort  (cost=4066.95..4069.54 rows=1038 width=121)
	        Sort Key: c
	        ->  Bitmap Heap Scan on sbtest5  (cost=31.07..4014.95 rows=1038 width=121)
	              Recheck Cond: ((id >= 2987192) AND (id <= 2988191))
	              ->  Bitmap Index Scan on sbtest5_pkey  (cost=0.00..30.82 rows=1038 width=0)
	                    Index Cond: ((id >= 2987192) AND (id <= 2988191))

table 6 : explain SELECT DISTINCT c FROM sbtest6 WHERE id BETWEEN 5206373 AND 5207372 ORDER BY c
	Unique  (cost=3819.75..3824.62 rows=973 width=121)
	  ->  Sort  (cost=3819.75..3822.19 rows=973 width=121)
	        Sort Key: c
	        ->  Bitmap Heap Scan on sbtest6  (cost=30.41..3771.46 rows=973 width=121)
	              Recheck Cond: ((id >= 5206373) AND (id <= 5207372))
	              ->  Bitmap Index Scan on sbtest6_pkey  (cost=0.00..30.16 rows=973 width=0)
	                    Index Cond: ((id >= 5206373) AND (id <= 5207372))

table 7 : explain SELECT DISTINCT c FROM sbtest7 WHERE id BETWEEN 7481111 AND 7482110 ORDER BY c
	Unique  (cost=4138.53..4143.81 rows=1055 width=121)
	  ->  Sort  (cost=4138.53..4141.17 rows=1055 width=121)
	        Sort Key: c
	        ->  Bitmap Heap Scan on sbtest7  (cost=31.25..4085.56 rows=1055 width=121)
	              Recheck Cond: ((id >= 7481111) AND (id <= 7482110))
	              ->  Bitmap Index Scan on sbtest7_pkey  (cost=0.00..30.98 rows=1055 width=0)
	                    Index Cond: ((id >= 7481111) AND (id <= 7482110))

table 8 : explain SELECT DISTINCT c FROM sbtest8 WHERE id BETWEEN 1202569 AND 1203568 ORDER BY c
	Unique  (cost=4031.90..4037.04 rows=1029 width=121)
	  ->  Sort  (cost=4031.90..4034.47 rows=1029 width=121)
	        Sort Key: c
	        ->  Bitmap Heap Scan on sbtest8  (cost=30.98..3980.41 rows=1029 width=121)
	              Recheck Cond: ((id >= 1202569) AND (id <= 1203568))
	              ->  Bitmap Index Scan on sbtest8_pkey  (cost=0.00..30.72 rows=1029 width=0)
	                    Index Cond: ((id >= 1202569) AND (id <= 1203568))

explain: for point_selects :: explain SELECT c FROM sbtest%u WHERE id=%u
for: distinct_ranges
table 1 : explain SELECT DISTINCT c FROM sbtest1 WHERE id BETWEEN 412820 AND 413819 ORDER BY c
	Unique  (cost=3926.18..3931.19 rows=1001 width=121)
	  ->  Sort  (cost=3926.18..3928.69 rows=1001 width=121)
	        Sort Key: c
	        ->  Bitmap Heap Scan on sbtest1  (cost=30.70..3876.30 rows=1001 width=121)
	              Recheck Cond: ((id >= 412820) AND (id <= 413819))
	              ->  Bitmap Index Scan on sbtest1_pkey  (cost=0.00..30.44 rows=1001 width=0)
	                    Index Cond: ((id >= 412820) AND (id <= 413819))

table 2 : explain SELECT DISTINCT c FROM sbtest2 WHERE id BETWEEN 7946643 AND 7947642 ORDER BY c
	Unique  (cost=4077.87..4083.08 rows=1041 width=121)
	  ->  Sort  (cost=4077.87..4080.47 rows=1041 width=121)
	        Sort Key: c
	        ->  Bitmap Heap Scan on sbtest2  (cost=31.11..4025.70 rows=1041 width=121)
	              Recheck Cond: ((id >= 7946643) AND (id <= 7947642))
	              ->  Bitmap Index Scan on sbtest2_pkey  (cost=0.00..30.84 rows=1041 width=0)
	                    Index Cond: ((id >= 7946643) AND (id <= 7947642))

table 3 : explain SELECT DISTINCT c FROM sbtest3 WHERE id BETWEEN 7124275 AND 7125274 ORDER BY c
	Unique  (cost=4176.37..4181.70 rows=1065 width=121)
	  ->  Sort  (cost=4176.37..4179.04 rows=1065 width=121)
	        Sort Key: c
	        ->  Bitmap Heap Scan on sbtest3  (cost=31.35..4122.82 rows=1065 width=121)
	              Recheck Cond: ((id >= 7124275) AND (id <= 7125274))
	              ->  Bitmap Index Scan on sbtest3_pkey  (cost=0.00..31.08 rows=1065 width=0)
	                    Index Cond: ((id >= 7124275) AND (id <= 7125274))

table 4 : explain SELECT DISTINCT c FROM sbtest4 WHERE id BETWEEN 7939269 AND 7940268 ORDER BY c
	Unique  (cost=4010.42..4015.53 rows=1022 width=121)
	  ->  Sort  (cost=4010.42..4012.97 rows=1022 width=121)
	        Sort Key: c
	        ->  Bitmap Heap Scan on sbtest4  (cost=30.91..3959.33 rows=1022 width=121)
	              Recheck Cond: ((id >= 7939269) AND (id <= 7940268))
	              ->  Bitmap Index Scan on sbtest4_pkey  (cost=0.00..30.65 rows=1022 width=0)
	                    Index Cond: ((id >= 7939269) AND (id <= 7940268))

table 5 : explain SELECT DISTINCT c FROM sbtest5 WHERE id BETWEEN 5390258 AND 5391257 ORDER BY c
	Unique  (cost=4330.43..4335.97 rows=1107 width=121)
	  ->  Sort  (cost=4330.43..4333.20 rows=1107 width=121)
	        Sort Key: c
	        ->  Bitmap Heap Scan on sbtest5  (cost=31.78..4274.46 rows=1107 width=121)
	              Recheck Cond: ((id >= 5390258) AND (id <= 5391257))
	              ->  Bitmap Index Scan on sbtest5_pkey  (cost=0.00..31.50 rows=1107 width=0)
	                    Index Cond: ((id >= 5390258) AND (id <= 5391257))

table 6 : explain SELECT DISTINCT c FROM sbtest6 WHERE id BETWEEN 3322113 AND 3323112 ORDER BY c
	Unique  (cost=4045.68..4050.84 rows=1032 width=121)
	  ->  Sort  (cost=4045.68..4048.26 rows=1032 width=121)
	        Sort Key: c
	        ->  Bitmap Heap Scan on sbtest6  (cost=31.01..3994.02 rows=1032 width=121)
	              Recheck Cond: ((id >= 3322113) AND (id <= 3323112))
	              ->  Bitmap Index Scan on sbtest6_pkey  (cost=0.00..30.75 rows=1032 width=0)
	                    Index Cond: ((id >= 3322113) AND (id <= 3323112))

table 7 : explain SELECT DISTINCT c FROM sbtest7 WHERE id BETWEEN 6251630 AND 6252629 ORDER BY c
	Unique  (cost=4054.25..4059.41 rows=1033 width=121)
	  ->  Sort  (cost=4054.25..4056.83 rows=1033 width=121)
	        Sort Key: c
	        ->  Bitmap Heap Scan on sbtest7  (cost=31.02..4002.53 rows=1033 width=121)
	              Recheck Cond: ((id >= 6251630) AND (id <= 6252629))
	              ->  Bitmap Index Scan on sbtest7_pkey  (cost=0.00..30.76 rows=1033 width=0)
	                    Index Cond: ((id >= 6251630) AND (id <= 6252629))

table 8 : explain SELECT DISTINCT c FROM sbtest8 WHERE id BETWEEN 3111526 AND 3112525 ORDER BY c
	Unique  (cost=4771.61..4777.73 rows=1223 width=121)
	  ->  Sort  (cost=4771.61..4774.67 rows=1223 width=121)
	        Sort Key: c
	        ->  Bitmap Heap Scan on sbtest8  (cost=36.97..4708.89 rows=1223 width=121)
	              Recheck Cond: ((id >= 3111526) AND (id <= 3112525))
	              ->  Bitmap Index Scan on sbtest8_pkey  (cost=0.00..36.67 rows=1223 width=0)
	                    Index Cond: ((id >= 3111526) AND (id <= 3112525))

for: order_ranges
table 1 : explain SELECT c FROM sbtest1 WHERE id BETWEEN 2502378 AND 2503377 ORDER BY c
	Sort  (cost=4006.55..4009.10 rows=1022 width=121)
	  Sort Key: c
	  ->  Bitmap Heap Scan on sbtest1  (cost=30.91..3955.46 rows=1022 width=121)
	        Recheck Cond: ((id >= 2502378) AND (id <= 2503377))
	        ->  Bitmap Index Scan on sbtest1_pkey  (cost=0.00..30.65 rows=1022 width=0)
	              Index Cond: ((id >= 2502378) AND (id <= 2503377))

table 2 : explain SELECT c FROM sbtest2 WHERE id BETWEEN 1307540 AND 1308539 ORDER BY c
	Sort  (cost=3913.44..3915.93 rows=998 width=121)
	  Sort Key: c
	  ->  Bitmap Heap Scan on sbtest2  (cost=30.66..3863.72 rows=998 width=121)
	        Recheck Cond: ((id >= 1307540) AND (id <= 1308539))
	        ->  Bitmap Index Scan on sbtest2_pkey  (cost=0.00..30.41 rows=998 width=0)
	              Index Cond: ((id >= 1307540) AND (id <= 1308539))

table 3 : explain SELECT c FROM sbtest3 WHERE id BETWEEN 2326388 AND 2327387 ORDER BY c
	Sort  (cost=4034.65..4037.22 rows=1028 width=121)
	  Sort Key: c
	  ->  Bitmap Heap Scan on sbtest3  (cost=30.97..3983.22 rows=1028 width=121)
	        Recheck Cond: ((id >= 2326388) AND (id <= 2327387))
	        ->  Bitmap Index Scan on sbtest3_pkey  (cost=0.00..30.71 rows=1028 width=0)
	              Index Cond: ((id >= 2326388) AND (id <= 2327387))

table 4 : explain SELECT c FROM sbtest4 WHERE id BETWEEN 5466500 AND 5467499 ORDER BY c
	Sort  (cost=4350.96..4353.73 rows=1111 width=121)
	  Sort Key: c
	  ->  Bitmap Heap Scan on sbtest4  (cost=31.82..4294.75 rows=1111 width=121)
	        Recheck Cond: ((id >= 5466500) AND (id <= 5467499))
	        ->  Bitmap Index Scan on sbtest4_pkey  (cost=0.00..31.54 rows=1111 width=0)
	              Index Cond: ((id >= 5466500) AND (id <= 5467499))

table 5 : explain SELECT c FROM sbtest5 WHERE id BETWEEN 521523 AND 522522 ORDER BY c
	Sort  (cost=3657.07..3659.40 rows=932 width=121)
	  Sort Key: c
	  ->  Bitmap Heap Scan on sbtest5  (cost=25.99..3611.11 rows=932 width=121)
	        Recheck Cond: ((id >= 521523) AND (id <= 522522))
	        ->  Bitmap Index Scan on sbtest5_pkey  (cost=0.00..25.75 rows=932 width=0)
	              Index Cond: ((id >= 521523) AND (id <= 522522))

table 6 : explain SELECT c FROM sbtest6 WHERE id BETWEEN 9880524 AND 9881523 ORDER BY c
	Sort  (cost=4194.80..4197.47 rows=1071 width=121)
	  Sort Key: c
	  ->  Bitmap Heap Scan on sbtest6  (cost=31.41..4140.90 rows=1071 width=121)
	        Recheck Cond: ((id >= 9880524) AND (id <= 9881523))
	        ->  Bitmap Index Scan on sbtest6_pkey  (cost=0.00..31.14 rows=1071 width=0)
	              Index Cond: ((id >= 9880524) AND (id <= 9881523))

table 7 : explain SELECT c FROM sbtest7 WHERE id BETWEEN 4877280 AND 4878279 ORDER BY c
	Sort  (cost=4272.69..4275.41 rows=1089 width=121)
	  Sort Key: c
	  ->  Bitmap Heap Scan on sbtest7  (cost=35.60..4217.76 rows=1089 width=121)
	        Recheck Cond: ((id >= 4877280) AND (id <= 4878279))
	        ->  Bitmap Index Scan on sbtest7_pkey  (cost=0.00..35.33 rows=1089 width=0)
	              Index Cond: ((id >= 4877280) AND (id <= 4878279))

table 8 : explain SELECT c FROM sbtest8 WHERE id BETWEEN 4808827 AND 4809826 ORDER BY c
	Sort  (cost=4035.72..4038.29 rows=1030 width=121)
	  Sort Key: c
	  ->  Bitmap Heap Scan on sbtest8  (cost=30.99..3984.17 rows=1030 width=121)
	        Recheck Cond: ((id >= 4808827) AND (id <= 4809826))
	        ->  Bitmap Index Scan on sbtest8_pkey  (cost=0.00..30.73 rows=1030 width=0)
	              Index Cond: ((id >= 4808827) AND (id <= 4809826))

for: order_ranges
table 1 : explain SELECT c FROM sbtest1 WHERE id BETWEEN 6129993 AND 6130992 ORDER BY c
	Sort  (cost=3677.10..3679.44 rows=936 width=121)
	  Sort Key: c
	  ->  Bitmap Heap Scan on sbtest1  (cost=30.03..3630.90 rows=936 width=121)
	        Recheck Cond: ((id >= 6129993) AND (id <= 6130992))
	        ->  Bitmap Index Scan on sbtest1_pkey  (cost=0.00..29.79 rows=936 width=0)
	              Index Cond: ((id >= 6129993) AND (id <= 6130992))

table 2 : explain SELECT c FROM sbtest2 WHERE id BETWEEN 4411684 AND 4412683 ORDER BY c
	Sort  (cost=3856.02..3858.48 rows=983 width=121)
	  Sort Key: c
	  ->  Bitmap Heap Scan on sbtest2  (cost=30.51..3807.16 rows=983 width=121)
	        Recheck Cond: ((id >= 4411684) AND (id <= 4412683))
	        ->  Bitmap Index Scan on sbtest2_pkey  (cost=0.00..30.26 rows=983 width=0)
	              Index Cond: ((id >= 4411684) AND (id <= 4412683))

table 3 : explain SELECT c FROM sbtest3 WHERE id BETWEEN 1901244 AND 1902243 ORDER BY c
	Sort  (cost=3739.20..3741.58 rows=951 width=121)
	  Sort Key: c
	  ->  Bitmap Heap Scan on sbtest3  (cost=30.18..3692.16 rows=951 width=121)
	        Recheck Cond: ((id >= 1901244) AND (id <= 1902243))
	        ->  Bitmap Index Scan on sbtest3_pkey  (cost=0.00..29.94 rows=951 width=0)
	              Index Cond: ((id >= 1901244) AND (id <= 1902243))

table 4 : explain SELECT c FROM sbtest4 WHERE id BETWEEN 254039 AND 255038 ORDER BY c
	Sort  (cost=3661.12..3663.45 rows=932 width=121)
	  Sort Key: c
	  ->  Bitmap Heap Scan on sbtest4  (cost=25.99..3615.15 rows=932 width=121)
	        Recheck Cond: ((id >= 254039) AND (id <= 255038))
	        ->  Bitmap Index Scan on sbtest4_pkey  (cost=0.00..25.75 rows=932 width=0)
	              Index Cond: ((id >= 254039) AND (id <= 255038))

table 5 : explain SELECT c FROM sbtest5 WHERE id BETWEEN 977698 AND 978697 ORDER BY c
	Sort  (cost=3814.39..3816.82 rows=972 width=121)
	  Sort Key: c
	  ->  Bitmap Heap Scan on sbtest5  (cost=30.40..3766.16 rows=972 width=121)
	        Recheck Cond: ((id >= 977698) AND (id <= 978697))
	        ->  Bitmap Index Scan on sbtest5_pkey  (cost=0.00..30.15 rows=972 width=0)
	              Index Cond: ((id >= 977698) AND (id <= 978697))

table 6 : explain SELECT c FROM sbtest6 WHERE id BETWEEN 4971657 AND 4972656 ORDER BY c
	Sort  (cost=4252.10..4254.82 rows=1086 width=121)
	  Sort Key: c
	  ->  Bitmap Heap Scan on sbtest6  (cost=31.57..4197.34 rows=1086 width=121)
	        Recheck Cond: ((id >= 4971657) AND (id <= 4972656))
	        ->  Bitmap Index Scan on sbtest6_pkey  (cost=0.00..31.29 rows=1086 width=0)
	              Index Cond: ((id >= 4971657) AND (id <= 4972656))

table 7 : explain SELECT c FROM sbtest7 WHERE id BETWEEN 7415865 AND 7416864 ORDER BY c
	Sort  (cost=4345.37..4348.14 rows=1108 width=121)
	  Sort Key: c
	  ->  Bitmap Heap Scan on sbtest7  (cost=35.79..4289.34 rows=1108 width=121)
	        Recheck Cond: ((id >= 7415865) AND (id <= 7416864))
	        ->  Bitmap Index Scan on sbtest7_pkey  (cost=0.00..35.52 rows=1108 width=0)
	              Index Cond: ((id >= 7415865) AND (id <= 7416864))

table 8 : explain SELECT c FROM sbtest8 WHERE id BETWEEN 6726989 AND 6727988 ORDER BY c
	Sort  (cost=3606.82..3609.12 rows=918 width=121)
	  Sort Key: c
	  ->  Bitmap Heap Scan on sbtest8  (cost=29.84..3561.64 rows=918 width=121)
	        Recheck Cond: ((id >= 6726989) AND (id <= 6727988))
	        ->  Bitmap Index Scan on sbtest8_pkey  (cost=0.00..29.61 rows=918 width=0)
	              Index Cond: ((id >= 6726989) AND (id <= 6727988))

for: distinct_ranges
table 1 : explain SELECT DISTINCT c FROM sbtest1 WHERE id BETWEEN 3962212 AND 3963211 ORDER BY c
	Unique  (cost=3592.51..3597.09 rows=915 width=121)
	  ->  Sort  (cost=3592.51..3594.80 rows=915 width=121)
	        Sort Key: c
	        ->  Bitmap Heap Scan on sbtest1  (cost=25.81..3547.50 rows=915 width=121)
	              Recheck Cond: ((id >= 3962212) AND (id <= 3963211))
	              ->  Bitmap Index Scan on sbtest1_pkey  (cost=0.00..25.58 rows=915 width=0)
	                    Index Cond: ((id >= 3962212) AND (id <= 3963211))

table 2 : explain SELECT DISTINCT c FROM sbtest2 WHERE id BETWEEN 2807176 AND 2808175 ORDER BY c
	Unique  (cost=3947.87..3952.91 rows=1007 width=121)
	  ->  Sort  (cost=3947.87..3950.39 rows=1007 width=121)
	        Sort Key: c
	        ->  Bitmap Heap Scan on sbtest2  (cost=30.76..3897.64 rows=1007 width=121)
	              Recheck Cond: ((id >= 2807176) AND (id <= 2808175))
	              ->  Bitmap Index Scan on sbtest2_pkey  (cost=0.00..30.50 rows=1007 width=0)
	                    Index Cond: ((id >= 2807176) AND (id <= 2808175))

table 3 : explain SELECT DISTINCT c FROM sbtest3 WHERE id BETWEEN 7980320 AND 7981319 ORDER BY c
	Unique  (cost=3892.77..3897.72 rows=991 width=121)
	  ->  Sort  (cost=3892.77..3895.25 rows=991 width=121)
	        Sort Key: c
	        ->  Bitmap Heap Scan on sbtest3  (cost=30.59..3843.45 rows=991 width=121)
	              Recheck Cond: ((id >= 7980320) AND (id <= 7981319))
	              ->  Bitmap Index Scan on sbtest3_pkey  (cost=0.00..30.34 rows=991 width=0)
	                    Index Cond: ((id >= 7980320) AND (id <= 7981319))

table 4 : explain SELECT DISTINCT c FROM sbtest4 WHERE id BETWEEN 3851300 AND 3852299 ORDER BY c
	Unique  (cost=3968.27..3973.32 rows=1011 width=121)
	  ->  Sort  (cost=3968.27..3970.79 rows=1011 width=121)
	        Sort Key: c
	        ->  Bitmap Heap Scan on sbtest4  (cost=30.80..3917.81 rows=1011 width=121)
	              Recheck Cond: ((id >= 3851300) AND (id <= 3852299))
	              ->  Bitmap Index Scan on sbtest4_pkey  (cost=0.00..30.54 rows=1011 width=0)
	                    Index Cond: ((id >= 3851300) AND (id <= 3852299))

table 5 : explain SELECT DISTINCT c FROM sbtest5 WHERE id BETWEEN 9804567 AND 9805566 ORDER BY c
	Unique  (cost=3664.74..3669.41 rows=934 width=121)
	  ->  Sort  (cost=3664.74..3667.08 rows=934 width=121)
	        Sort Key: c
	        ->  Bitmap Heap Scan on sbtest5  (cost=26.01..3618.66 rows=934 width=121)
	              Recheck Cond: ((id >= 9804567) AND (id <= 9805566))
	              ->  Bitmap Index Scan on sbtest5_pkey  (cost=0.00..25.77 rows=934 width=0)
	                    Index Cond: ((id >= 9804567) AND (id <= 9805566))

table 6 : explain SELECT DISTINCT c FROM sbtest6 WHERE id BETWEEN 1865300 AND 1866299 ORDER BY c
	Unique  (cost=3643.32..3647.95 rows=927 width=121)
	  ->  Sort  (cost=3643.32..3645.63 rows=927 width=121)
	        Sort Key: c
	        ->  Bitmap Heap Scan on sbtest6  (cost=29.94..3597.63 rows=927 width=121)
	              Recheck Cond: ((id >= 1865300) AND (id <= 1866299))
	              ->  Bitmap Index Scan on sbtest6_pkey  (cost=0.00..29.70 rows=927 width=0)
	                    Index Cond: ((id >= 1865300) AND (id <= 1866299))

table 7 : explain SELECT DISTINCT c FROM sbtest7 WHERE id BETWEEN 4250144 AND 4251143 ORDER BY c
	Unique  (cost=4195.97..4201.32 rows=1070 width=121)
	  ->  Sort  (cost=4195.97..4198.65 rows=1070 width=121)
	        Sort Key: c
	        ->  Bitmap Heap Scan on sbtest7  (cost=31.40..4142.13 rows=1070 width=121)
	              Recheck Cond: ((id >= 4250144) AND (id <= 4251143))
	              ->  Bitmap Index Scan on sbtest7_pkey  (cost=0.00..31.14 rows=1070 width=0)
	                    Index Cond: ((id >= 4250144) AND (id <= 4251143))

table 8 : explain SELECT DISTINCT c FROM sbtest8 WHERE id BETWEEN 7944704 AND 7945703 ORDER BY c
	Unique  (cost=3487.67..3492.11 rows=888 width=121)
	  ->  Sort  (cost=3487.67..3489.89 rows=888 width=121)
	        Sort Key: c
	        ->  Bitmap Heap Scan on sbtest8  (cost=25.54..3444.19 rows=888 width=121)
	              Recheck Cond: ((id >= 7944704) AND (id <= 7945703))
	              ->  Bitmap Index Scan on sbtest8_pkey  (cost=0.00..25.32 rows=888 width=0)
	                    Index Cond: ((id >= 7944704) AND (id <= 7945703))

for: sum_ranges
table 1 : explain SELECT SUM(k) FROM sbtest1 WHERE id BETWEEN 3636780 AND 3637779
	Aggregate  (cost=3893.89..3893.90 rows=1 width=8)
	  ->  Bitmap Heap Scan on sbtest1  (cost=30.74..3891.38 rows=1005 width=4)
	        Recheck Cond: ((id >= 3636780) AND (id <= 3637779))
	        ->  Bitmap Index Scan on sbtest1_pkey  (cost=0.00..30.48 rows=1005 width=0)
	              Index Cond: ((id >= 3636780) AND (id <= 3637779))

table 2 : explain SELECT SUM(k) FROM sbtest2 WHERE id BETWEEN 5137422 AND 5138421
	Aggregate  (cost=4167.58..4167.59 rows=1 width=8)
	  ->  Bitmap Heap Scan on sbtest2  (cost=31.48..4164.89 rows=1078 width=4)
	        Recheck Cond: ((id >= 5137422) AND (id <= 5138421))
	        ->  Bitmap Index Scan on sbtest2_pkey  (cost=0.00..31.21 rows=1078 width=0)
	              Index Cond: ((id >= 5137422) AND (id <= 5138421))

table 3 : explain SELECT SUM(k) FROM sbtest3 WHERE id BETWEEN 3462021 AND 3463020
	Aggregate  (cost=4046.22..4046.23 rows=1 width=8)
	  ->  Bitmap Heap Scan on sbtest3  (cost=31.14..4043.61 rows=1044 width=4)
	        Recheck Cond: ((id >= 3462021) AND (id <= 3463020))
	        ->  Bitmap Index Scan on sbtest3_pkey  (cost=0.00..30.87 rows=1044 width=0)
	              Index Cond: ((id >= 3462021) AND (id <= 3463020))

table 4 : explain SELECT SUM(k) FROM sbtest4 WHERE id BETWEEN 9363335 AND 9364334
	Aggregate  (cost=3738.85..3738.86 rows=1 width=8)
	  ->  Bitmap Heap Scan on sbtest4  (cost=30.31..3736.44 rows=963 width=4)
	        Recheck Cond: ((id >= 9363335) AND (id <= 9364334))
	        ->  Bitmap Index Scan on sbtest4_pkey  (cost=0.00..30.07 rows=963 width=0)
	              Index Cond: ((id >= 9363335) AND (id <= 9364334))

table 5 : explain SELECT SUM(k) FROM sbtest5 WHERE id BETWEEN 678075 AND 679074
	Aggregate  (cost=4085.34..4085.35 rows=1 width=8)
	  ->  Bitmap Heap Scan on sbtest5  (cost=31.26..4082.70 rows=1056 width=4)
	        Recheck Cond: ((id >= 678075) AND (id <= 679074))
	        ->  Bitmap Index Scan on sbtest5_pkey  (cost=0.00..31.00 rows=1056 width=0)
	              Index Cond: ((id >= 678075) AND (id <= 679074))

table 6 : explain SELECT SUM(k) FROM sbtest6 WHERE id BETWEEN 2352220 AND 2353219
	Aggregate  (cost=3940.02..3940.03 rows=1 width=8)
	  ->  Bitmap Heap Scan on sbtest6  (cost=30.86..3937.48 rows=1017 width=4)
	        Recheck Cond: ((id >= 2352220) AND (id <= 2353219))
	        ->  Bitmap Index Scan on sbtest6_pkey  (cost=0.00..30.61 rows=1017 width=0)
	              Index Cond: ((id >= 2352220) AND (id <= 2353219))

table 7 : explain SELECT SUM(k) FROM sbtest7 WHERE id BETWEEN 1017166 AND 1018165
	Aggregate  (cost=4069.32..4069.33 rows=1 width=8)
	  ->  Bitmap Heap Scan on sbtest7  (cost=31.20..4066.69 rows=1050 width=4)
	        Recheck Cond: ((id >= 1017166) AND (id <= 1018165))
	        ->  Bitmap Index Scan on sbtest7_pkey  (cost=0.00..30.93 rows=1050 width=0)
	              Index Cond: ((id >= 1017166) AND (id <= 1018165))

table 8 : explain SELECT SUM(k) FROM sbtest8 WHERE id BETWEEN 6094632 AND 6095631
	Aggregate  (cost=4171.23..4171.24 rows=1 width=8)
	  ->  Bitmap Heap Scan on sbtest8  (cost=31.49..4168.53 rows=1079 width=4)
	        Recheck Cond: ((id >= 6094632) AND (id <= 6095631))
	        ->  Bitmap Index Scan on sbtest8_pkey  (cost=0.00..31.22 rows=1079 width=0)
	              Index Cond: ((id >= 6094632) AND (id <= 6095631))

for point_selects
table 1 : explain SELECT c FROM sbtest1 WHERE id=9455165
	Index Scan using sbtest1_pkey on sbtest1  (cost=0.43..8.45 rows=1 width=121)
	  Index Cond: (id = 9455165)

table 2 : explain SELECT c FROM sbtest2 WHERE id=5813830
	Index Scan using sbtest2_pkey on sbtest2  (cost=0.43..8.45 rows=1 width=121)
	  Index Cond: (id = 5813830)

table 3 : explain SELECT c FROM sbtest3 WHERE id=9936388
	Index Scan using sbtest3_pkey on sbtest3  (cost=0.43..8.45 rows=1 width=121)
	  Index Cond: (id = 9936388)

table 4 : explain SELECT c FROM sbtest4 WHERE id=5411221
	Index Scan using sbtest4_pkey on sbtest4  (cost=0.43..8.45 rows=1 width=121)
	  Index Cond: (id = 5411221)

table 5 : explain SELECT c FROM sbtest5 WHERE id=8257126
	Index Scan using sbtest5_pkey on sbtest5  (cost=0.43..8.45 rows=1 width=121)
	  Index Cond: (id = 8257126)

table 6 : explain SELECT c FROM sbtest6 WHERE id=7714081
	Index Scan using sbtest6_pkey on sbtest6  (cost=0.43..8.45 rows=1 width=121)
	  Index Cond: (id = 7714081)

table 7 : explain SELECT c FROM sbtest7 WHERE id=1887640
	Index Scan using sbtest7_pkey on sbtest7  (cost=0.43..8.45 rows=1 width=121)
	  Index Cond: (id = 1887640)

table 8 : explain SELECT c FROM sbtest8 WHERE id=9813663
	Index Scan using sbtest8_pkey on sbtest8  (cost=0.43..8.45 rows=1 width=121)
	  Index Cond: (id = 9813663)

explain: for point_selects :: explain SELECT c FROM sbtest%u WHERE id=%u
for point_selects
table 1 : explain SELECT c FROM sbtest1 WHERE id=1974941
	Index Scan using sbtest1_pkey on sbtest1  (cost=0.43..8.45 rows=1 width=121)
	  Index Cond: (id = 1974941)

table 2 : explain SELECT c FROM sbtest2 WHERE id=1150438
	Index Scan using sbtest2_pkey on sbtest2  (cost=0.43..8.45 rows=1 width=121)
	  Index Cond: (id = 1150438)

table 3 : explain SELECT c FROM sbtest3 WHERE id=8378820
	Index Scan using sbtest3_pkey on sbtest3  (cost=0.43..8.45 rows=1 width=121)
	  Index Cond: (id = 8378820)

table 4 : explain SELECT c FROM sbtest4 WHERE id=1192162
	Index Scan using sbtest4_pkey on sbtest4  (cost=0.43..8.45 rows=1 width=121)
	  Index Cond: (id = 1192162)

table 5 : explain SELECT c FROM sbtest5 WHERE id=9135951
	Index Scan using sbtest5_pkey on sbtest5  (cost=0.43..8.45 rows=1 width=121)
	  Index Cond: (id = 9135951)

table 6 : explain SELECT c FROM sbtest6 WHERE id=5386177
	Index Scan using sbtest6_pkey on sbtest6  (cost=0.43..8.45 rows=1 width=121)
	  Index Cond: (id = 5386177)

table 7 : explain SELECT c FROM sbtest7 WHERE id=7078977
	Index Scan using sbtest7_pkey on sbtest7  (cost=0.43..8.45 rows=1 width=121)
	  Index Cond: (id = 7078977)

table 8 : explain SELECT c FROM sbtest8 WHERE id=5829881
	Index Scan using sbtest8_pkey on sbtest8  (cost=0.43..8.45 rows=1 width=121)
	  Index Cond: (id = 5829881)

for: distinct_ranges
table 1 : explain SELECT DISTINCT c FROM sbtest1 WHERE id BETWEEN 9527231 AND 9528230 ORDER BY c
	Unique  (cost=3450.39..3454.78 rows=878 width=121)
	  ->  Sort  (cost=3450.39..3452.59 rows=878 width=121)
	        Sort Key: c
	        ->  Bitmap Heap Scan on sbtest1  (cost=25.43..3407.47 rows=878 width=121)
	              Recheck Cond: ((id >= 9527231) AND (id <= 9528230))
	              ->  Bitmap Index Scan on sbtest1_pkey  (cost=0.00..25.21 rows=878 width=0)
	                    Index Cond: ((id >= 9527231) AND (id <= 9528230))

table 2 : explain SELECT DISTINCT c FROM sbtest2 WHERE id BETWEEN 648339 AND 649338 ORDER BY c
	Unique  (cost=3817.73..3822.60 rows=973 width=121)
	  ->  Sort  (cost=3817.73..3820.17 rows=973 width=121)
	        Sort Key: c
	        ->  Bitmap Heap Scan on sbtest2  (cost=30.41..3769.44 rows=973 width=121)
	              Recheck Cond: ((id >= 648339) AND (id <= 649338))
	              ->  Bitmap Index Scan on sbtest2_pkey  (cost=0.00..30.16 rows=973 width=0)
	                    Index Cond: ((id >= 648339) AND (id <= 649338))

table 3 : explain SELECT DISTINCT c FROM sbtest3 WHERE id BETWEEN 4265780 AND 4266779 ORDER BY c
	Unique  (cost=4095.95..4101.17 rows=1044 width=121)
	  ->  Sort  (cost=4095.95..4098.56 rows=1044 width=121)
	        Sort Key: c
	        ->  Bitmap Heap Scan on sbtest3  (cost=31.14..4043.61 rows=1044 width=121)
	              Recheck Cond: ((id >= 4265780) AND (id <= 4266779))
	              ->  Bitmap Index Scan on sbtest3_pkey  (cost=0.00..30.87 rows=1044 width=0)
	                    Index Cond: ((id >= 4265780) AND (id <= 4266779))

table 4 : explain SELECT DISTINCT c FROM sbtest4 WHERE id BETWEEN 9405602 AND 9406601 ORDER BY c
	Unique  (cost=3661.12..3665.78 rows=932 width=121)
	  ->  Sort  (cost=3661.12..3663.45 rows=932 width=121)
	        Sort Key: c
	        ->  Bitmap Heap Scan on sbtest4  (cost=25.99..3615.15 rows=932 width=121)
	              Recheck Cond: ((id >= 9405602) AND (id <= 9406601))
	              ->  Bitmap Index Scan on sbtest4_pkey  (cost=0.00..25.75 rows=932 width=0)
	                    Index Cond: ((id >= 9405602) AND (id <= 9406601))

table 5 : explain SELECT DISTINCT c FROM sbtest5 WHERE id BETWEEN 8657008 AND 8658007 ORDER BY c
	Unique  (cost=4089.88..4095.10 rows=1044 width=121)
	  ->  Sort  (cost=4089.88..4092.49 rows=1044 width=121)
	        Sort Key: c
	        ->  Bitmap Heap Scan on sbtest5  (cost=31.14..4037.54 rows=1044 width=121)
	              Recheck Cond: ((id >= 8657008) AND (id <= 8658007))
	              ->  Bitmap Index Scan on sbtest5_pkey  (cost=0.00..30.87 rows=1044 width=0)
	                    Index Cond: ((id >= 8657008) AND (id <= 8658007))

table 6 : explain SELECT DISTINCT c FROM sbtest6 WHERE id BETWEEN 2692136 AND 2693135 ORDER BY c
	Unique  (cost=3808.25..3813.10 rows=970 width=121)
	  ->  Sort  (cost=3808.25..3810.68 rows=970 width=121)
	        Sort Key: c
	        ->  Bitmap Heap Scan on sbtest6  (cost=30.38..3760.13 rows=970 width=121)
	              Recheck Cond: ((id >= 2692136) AND (id <= 2693135))
	              ->  Bitmap Index Scan on sbtest6_pkey  (cost=0.00..30.14 rows=970 width=0)
	                    Index Cond: ((id >= 2692136) AND (id <= 2693135))

table 7 : explain SELECT DISTINCT c FROM sbtest7 WHERE id BETWEEN 1622888 AND 1623887 ORDER BY c
	Unique  (cost=3981.41..3986.48 rows=1014 width=121)
	  ->  Sort  (cost=3981.41..3983.94 rows=1014 width=121)
	        Sort Key: c
	        ->  Bitmap Heap Scan on sbtest7  (cost=30.83..3930.78 rows=1014 width=121)
	              Recheck Cond: ((id >= 1622888) AND (id <= 1623887))
	              ->  Bitmap Index Scan on sbtest7_pkey  (cost=0.00..30.57 rows=1014 width=0)
	                    Index Cond: ((id >= 1622888) AND (id <= 1623887))

table 8 : explain SELECT DISTINCT c FROM sbtest8 WHERE id BETWEEN 2370788 AND 2371787 ORDER BY c
	Unique  (cost=3729.52..3734.27 rows=950 width=121)
	  ->  Sort  (cost=3729.52..3731.90 rows=950 width=121)
	        Sort Key: c
	        ->  Bitmap Heap Scan on sbtest8  (cost=30.17..3682.53 rows=950 width=121)
	              Recheck Cond: ((id >= 2370788) AND (id <= 2371787))
	              ->  Bitmap Index Scan on sbtest8_pkey  (cost=0.00..29.93 rows=950 width=0)
	                    Index Cond: ((id >= 2370788) AND (id <= 2371787))

for: sum_ranges
table 1 : explain SELECT SUM(k) FROM sbtest1 WHERE id BETWEEN 4998869 AND 4999868
	Aggregate  (cost=3931.62..3931.63 rows=1 width=8)
	  ->  Bitmap Heap Scan on sbtest1  (cost=30.84..3929.08 rows=1015 width=4)
	        Recheck Cond: ((id >= 4998869) AND (id <= 4999868))
	        ->  Bitmap Index Scan on sbtest1_pkey  (cost=0.00..30.58 rows=1015 width=0)
	              Index Cond: ((id >= 4998869) AND (id <= 4999868))

table 2 : explain SELECT SUM(k) FROM sbtest2 WHERE id BETWEEN 9848814 AND 9849813
	Aggregate  (cost=3681.23..3681.24 rows=1 width=8)
	  ->  Bitmap Heap Scan on sbtest2  (cost=30.16..3678.86 rows=949 width=4)
	        Recheck Cond: ((id >= 9848814) AND (id <= 9849813))
	        ->  Bitmap Index Scan on sbtest2_pkey  (cost=0.00..29.93 rows=949 width=0)
	              Index Cond: ((id >= 9848814) AND (id <= 9849813))

table 3 : explain SELECT SUM(k) FROM sbtest3 WHERE id BETWEEN 4272285 AND 4273284
	Aggregate  (cost=4046.22..4046.23 rows=1 width=8)
	  ->  Bitmap Heap Scan on sbtest3  (cost=31.14..4043.61 rows=1044 width=4)
	        Recheck Cond: ((id >= 4272285) AND (id <= 4273284))
	        ->  Bitmap Index Scan on sbtest3_pkey  (cost=0.00..30.87 rows=1044 width=0)
	              Index Cond: ((id >= 4272285) AND (id <= 4273284))

table 4 : explain SELECT SUM(k) FROM sbtest4 WHERE id BETWEEN 9694588 AND 9695587
	Aggregate  (cost=3939.23..3939.24 rows=1 width=8)
	  ->  Bitmap Heap Scan on sbtest4  (cost=30.85..3936.69 rows=1016 width=4)
	        Recheck Cond: ((id >= 9694588) AND (id <= 9695587))
	        ->  Bitmap Index Scan on sbtest4_pkey  (cost=0.00..30.59 rows=1016 width=0)
	              Index Cond: ((id >= 9694588) AND (id <= 9695587))

table 5 : explain SELECT SUM(k) FROM sbtest5 WHERE id BETWEEN 5332908 AND 5333907
	Aggregate  (cost=3753.48..3753.49 rows=1 width=8)
	  ->  Bitmap Heap Scan on sbtest5  (cost=30.36..3751.06 rows=968 width=4)
	        Recheck Cond: ((id >= 5332908) AND (id <= 5333907))
	        ->  Bitmap Index Scan on sbtest5_pkey  (cost=0.00..30.11 rows=968 width=0)
	              Index Cond: ((id >= 5332908) AND (id <= 5333907))

table 6 : explain SELECT SUM(k) FROM sbtest6 WHERE id BETWEEN 9873651 AND 9874650
	Aggregate  (cost=4143.58..4143.59 rows=1 width=8)
	  ->  Bitmap Heap Scan on sbtest6  (cost=31.41..4140.90 rows=1071 width=4)
	        Recheck Cond: ((id >= 9873651) AND (id <= 9874650))
	        ->  Bitmap Index Scan on sbtest6_pkey  (cost=0.00..31.14 rows=1071 width=0)
	              Index Cond: ((id >= 9873651) AND (id <= 9874650))

table 7 : explain SELECT SUM(k) FROM sbtest7 WHERE id BETWEEN 7716031 AND 7717030
	Aggregate  (cost=3547.10..3547.11 rows=1 width=8)
	  ->  Bitmap Heap Scan on sbtest7  (cost=29.78..3544.82 rows=912 width=4)
	        Recheck Cond: ((id >= 7716031) AND (id <= 7717030))
	        ->  Bitmap Index Scan on sbtest7_pkey  (cost=0.00..29.55 rows=912 width=0)
	              Index Cond: ((id >= 7716031) AND (id <= 7717030))

table 8 : explain SELECT SUM(k) FROM sbtest8 WHERE id BETWEEN 7973906 AND 7974905
	Aggregate  (cost=3446.41..3446.42 rows=1 width=8)
	  ->  Bitmap Heap Scan on sbtest8  (cost=25.54..3444.19 rows=888 width=4)
	        Recheck Cond: ((id >= 7973906) AND (id <= 7974905))
	        ->  Bitmap Index Scan on sbtest8_pkey  (cost=0.00..25.32 rows=888 width=0)
	              Index Cond: ((id >= 7973906) AND (id <= 7974905))

explain: for point_selects :: explain SELECT c FROM sbtest%u WHERE id=%u
for point_selects
table 1 : explain SELECT c FROM sbtest1 WHERE id=1965888
	Index Scan using sbtest1_pkey on sbtest1  (cost=0.43..8.45 rows=1 width=121)
	  Index Cond: (id = 1965888)

table 2 : explain SELECT c FROM sbtest2 WHERE id=6115404
	Index Scan using sbtest2_pkey on sbtest2  (cost=0.43..8.45 rows=1 width=121)
	  Index Cond: (id = 6115404)

table 3 : explain SELECT c FROM sbtest3 WHERE id=584031
	Index Scan using sbtest3_pkey on sbtest3  (cost=0.43..8.45 rows=1 width=121)
	  Index Cond: (id = 584031)

table 4 : explain SELECT c FROM sbtest4 WHERE id=1259069
	Index Scan using sbtest4_pkey on sbtest4  (cost=0.43..8.45 rows=1 width=121)
	  Index Cond: (id = 1259069)

table 5 : explain SELECT c FROM sbtest5 WHERE id=6107429
	Index Scan using sbtest5_pkey on sbtest5  (cost=0.43..8.45 rows=1 width=121)
	  Index Cond: (id = 6107429)

table 6 : explain SELECT c FROM sbtest6 WHERE id=9057446
	Index Scan using sbtest6_pkey on sbtest6  (cost=0.43..8.45 rows=1 width=121)
	  Index Cond: (id = 9057446)

table 7 : explain SELECT c FROM sbtest7 WHERE id=5685221
	Index Scan using sbtest7_pkey on sbtest7  (cost=0.43..8.45 rows=1 width=121)
	  Index Cond: (id = 5685221)

table 8 : explain SELECT c FROM sbtest8 WHERE id=1252471
	Index Scan using sbtest8_pkey on sbtest8  (cost=0.43..8.45 rows=1 width=121)
	  Index Cond: (id = 1252471)

for: simple_ranges
table 1 : explain SELECT c FROM sbtest1 WHERE id BETWEEN 4687788 AND 4688787
	Bitmap Heap Scan on sbtest1  (cost=30.61..3846.12 rows=993 width=121)
	  Recheck Cond: ((id >= 4687788) AND (id <= 4688787))
	  ->  Bitmap Index Scan on sbtest1_pkey  (cost=0.00..30.36 rows=993 width=0)
	        Index Cond: ((id >= 4687788) AND (id <= 4688787))

table 2 : explain SELECT c FROM sbtest2 WHERE id BETWEEN 9626266 AND 9627265
	Bitmap Heap Scan on sbtest2  (cost=30.44..3780.76 rows=976 width=121)
	  Recheck Cond: ((id >= 9626266) AND (id <= 9627265))
	  ->  Bitmap Index Scan on sbtest2_pkey  (cost=0.00..30.19 rows=976 width=0)
	        Index Cond: ((id >= 9626266) AND (id <= 9627265))

table 3 : explain SELECT c FROM sbtest3 WHERE id BETWEEN 2701679 AND 2702678
	Bitmap Heap Scan on sbtest3  (cost=30.66..3869.91 rows=998 width=121)
	  Recheck Cond: ((id >= 2701679) AND (id <= 2702678))
	  ->  Bitmap Index Scan on sbtest3_pkey  (cost=0.00..30.41 rows=998 width=0)
	        Index Cond: ((id >= 2701679) AND (id <= 2702678))

table 4 : explain SELECT c FROM sbtest4 WHERE id BETWEEN 7599207 AND 7600206
	Bitmap Heap Scan on sbtest4  (cost=31.26..4087.58 rows=1056 width=121)
	  Recheck Cond: ((id >= 7599207) AND (id <= 7600206))
	  ->  Bitmap Index Scan on sbtest4_pkey  (cost=0.00..31.00 rows=1056 width=0)
	        Index Cond: ((id >= 7599207) AND (id <= 7600206))

table 5 : explain SELECT c FROM sbtest5 WHERE id BETWEEN 195494 AND 196493
	Bitmap Heap Scan on sbtest5  (cost=25.94..3592.21 rows=927 width=121)
	  Recheck Cond: ((id >= 195494) AND (id <= 196493))
	  ->  Bitmap Index Scan on sbtest5_pkey  (cost=0.00..25.70 rows=927 width=0)
	        Index Cond: ((id >= 195494) AND (id <= 196493))

table 6 : explain SELECT c FROM sbtest6 WHERE id BETWEEN 7631918 AND 7632917
	Bitmap Heap Scan on sbtest6  (cost=30.60..3843.18 rows=992 width=121)
	  Recheck Cond: ((id >= 7631918) AND (id <= 7632917))
	  ->  Bitmap Index Scan on sbtest6_pkey  (cost=0.00..30.36 rows=992 width=0)
	        Index Cond: ((id >= 7631918) AND (id <= 7632917))

table 7 : explain SELECT c FROM sbtest7 WHERE id BETWEEN 7714739 AND 7715738
	Bitmap Heap Scan on sbtest7  (cost=29.78..3544.82 rows=912 width=121)
	  Recheck Cond: ((id >= 7714739) AND (id <= 7715738))
	  ->  Bitmap Index Scan on sbtest7_pkey  (cost=0.00..29.55 rows=912 width=0)
	        Index Cond: ((id >= 7714739) AND (id <= 7715738))

table 8 : explain SELECT c FROM sbtest8 WHERE id BETWEEN 5883843 AND 5884842
	Bitmap Heap Scan on sbtest8  (cost=31.05..4006.76 rows=1036 width=121)
	  Recheck Cond: ((id >= 5883843) AND (id <= 5884842))
	  ->  Bitmap Index Scan on sbtest8_pkey  (cost=0.00..30.79 rows=1036 width=0)
	        Index Cond: ((id >= 5883843) AND (id <= 5884842))

for: order_ranges
table 1 : explain SELECT c FROM sbtest1 WHERE id BETWEEN 9763432 AND 9764431 ORDER BY c
	Sort  (cost=4201.51..4204.19 rows=1073 width=121)
	  Sort Key: c
	  ->  Bitmap Heap Scan on sbtest1  (cost=31.43..4147.49 rows=1073 width=121)
	        Recheck Cond: ((id >= 9763432) AND (id <= 9764431))
	        ->  Bitmap Index Scan on sbtest1_pkey  (cost=0.00..31.16 rows=1073 width=0)
	              Index Cond: ((id >= 9763432) AND (id <= 9764431))

table 2 : explain SELECT c FROM sbtest2 WHERE id BETWEEN 8103459 AND 8104458 ORDER BY c
	Sort  (cost=4001.42..4003.97 rows=1021 width=121)
	  Sort Key: c
	  ->  Bitmap Heap Scan on sbtest2  (cost=30.90..3950.39 rows=1021 width=121)
	        Recheck Cond: ((id >= 8103459) AND (id <= 8104458))
	        ->  Bitmap Index Scan on sbtest2_pkey  (cost=0.00..30.64 rows=1021 width=0)
	              Index Cond: ((id >= 8103459) AND (id <= 8104458))

table 3 : explain SELECT c FROM sbtest3 WHERE id BETWEEN 7278252 AND 7279251 ORDER BY c
	Sort  (cost=3792.97..3795.39 rows=965 width=121)
	  Sort Key: c
	  ->  Bitmap Heap Scan on sbtest3  (cost=30.33..3745.14 rows=965 width=121)
	        Recheck Cond: ((id >= 7278252) AND (id <= 7279251))
	        ->  Bitmap Index Scan on sbtest3_pkey  (cost=0.00..30.08 rows=965 width=0)
	              Index Cond: ((id >= 7278252) AND (id <= 7279251))

table 4 : explain SELECT c FROM sbtest4 WHERE id BETWEEN 9028451 AND 9029450 ORDER BY c
	Sort  (cost=4224.80..4227.49 rows=1078 width=121)
	  Sort Key: c
	  ->  Bitmap Heap Scan on sbtest4  (cost=31.48..4170.50 rows=1078 width=121)
	        Recheck Cond: ((id >= 9028451) AND (id <= 9029450))
	        ->  Bitmap Index Scan on sbtest4_pkey  (cost=0.00..31.21 rows=1078 width=0)
	              Index Cond: ((id >= 9028451) AND (id <= 9029450))

table 5 : explain SELECT c FROM sbtest5 WHERE id BETWEEN 2072916 AND 2073915 ORDER BY c
	Sort  (cost=4196.85..4199.53 rows=1072 width=121)
	  Sort Key: c
	  ->  Bitmap Heap Scan on sbtest5  (cost=31.42..4142.89 rows=1072 width=121)
	        Recheck Cond: ((id >= 2072916) AND (id <= 2073915))
	        ->  Bitmap Index Scan on sbtest5_pkey  (cost=0.00..31.15 rows=1072 width=0)
	              Index Cond: ((id >= 2072916) AND (id <= 2073915))

table 6 : explain SELECT c FROM sbtest6 WHERE id BETWEEN 675711 AND 676710 ORDER BY c
	Sort  (cost=4060.98..4063.57 rows=1036 width=121)
	  Sort Key: c
	  ->  Bitmap Heap Scan on sbtest6  (cost=31.05..4009.10 rows=1036 width=121)
	        Recheck Cond: ((id >= 675711) AND (id <= 676710))
	        ->  Bitmap Index Scan on sbtest6_pkey  (cost=0.00..30.79 rows=1036 width=0)
	              Index Cond: ((id >= 675711) AND (id <= 676710))

table 7 : explain SELECT c FROM sbtest7 WHERE id BETWEEN 4027614 AND 4028613 ORDER BY c
	Sort  (cost=4341.55..4344.31 rows=1107 width=121)
	  Sort Key: c
	  ->  Bitmap Heap Scan on sbtest7  (cost=35.78..4285.57 rows=1107 width=121)
	        Recheck Cond: ((id >= 4027614) AND (id <= 4028613))
	        ->  Bitmap Index Scan on sbtest7_pkey  (cost=0.00..35.51 rows=1107 width=0)
	              Index Cond: ((id >= 4027614) AND (id <= 4028613))

table 8 : explain SELECT c FROM sbtest8 WHERE id BETWEEN 1613997 AND 1614996 ORDER BY c
	Sort  (cost=3702.69..3705.05 rows=943 width=121)
	  Sort Key: c
	  ->  Bitmap Heap Scan on sbtest8  (cost=30.10..3656.10 rows=943 width=121)
	        Recheck Cond: ((id >= 1613997) AND (id <= 1614996))
	        ->  Bitmap Index Scan on sbtest8_pkey  (cost=0.00..29.86 rows=943 width=0)
	              Index Cond: ((id >= 1613997) AND (id <= 1614996))

for: distinct_ranges
table 1 : explain SELECT DISTINCT c FROM sbtest1 WHERE id BETWEEN 6867436 AND 6868435 ORDER BY c
	Unique  (cost=3845.77..3850.67 rows=980 width=121)
	  ->  Sort  (cost=3845.77..3848.22 rows=980 width=121)
	        Sort Key: c
	        ->  Bitmap Heap Scan on sbtest1  (cost=30.48..3797.08 rows=980 width=121)
	              Recheck Cond: ((id >= 6867436) AND (id <= 6868435))
	              ->  Bitmap Index Scan on sbtest1_pkey  (cost=0.00..30.23 rows=980 width=0)
	                    Index Cond: ((id >= 6867436) AND (id <= 6868435))

table 2 : explain SELECT DISTINCT c FROM sbtest2 WHERE id BETWEEN 6139921 AND 6140920 ORDER BY c
	Unique  (cost=3997.59..4002.69 rows=1020 width=121)
	  ->  Sort  (cost=3997.59..4000.14 rows=1020 width=121)
	        Sort Key: c
	        ->  Bitmap Heap Scan on sbtest2  (cost=30.89..3946.62 rows=1020 width=121)
	              Recheck Cond: ((id >= 6139921) AND (id <= 6140920))
	              ->  Bitmap Index Scan on sbtest2_pkey  (cost=0.00..30.64 rows=1020 width=0)
	                    Index Cond: ((id >= 6139921) AND (id <= 6140920))

table 3 : explain SELECT DISTINCT c FROM sbtest3 WHERE id BETWEEN 7325 AND 8324 ORDER BY c
	Unique  (cost=3816.01..3820.86 rows=971 width=121)
	  ->  Sort  (cost=3816.01..3818.44 rows=971 width=121)
	        Sort Key: c
	        ->  Bitmap Heap Scan on sbtest3  (cost=30.39..3767.83 rows=971 width=121)
	              Recheck Cond: ((id >= 7325) AND (id <= 8324))
	              ->  Bitmap Index Scan on sbtest3_pkey  (cost=0.00..30.14 rows=971 width=0)
	                    Index Cond: ((id >= 7325) AND (id <= 8324))

table 4 : explain SELECT DISTINCT c FROM sbtest4 WHERE id BETWEEN 3278578 AND 3279577 ORDER BY c
	Unique  (cost=4186.54..4191.88 rows=1068 width=121)
	  ->  Sort  (cost=4186.54..4189.21 rows=1068 width=121)
	        Sort Key: c
	        ->  Bitmap Heap Scan on sbtest4  (cost=31.38..4132.82 rows=1068 width=121)
	              Recheck Cond: ((id >= 3278578) AND (id <= 3279577))
	              ->  Bitmap Index Scan on sbtest4_pkey  (cost=0.00..31.11 rows=1068 width=0)
	                    Index Cond: ((id >= 3278578) AND (id <= 3279577))

table 5 : explain SELECT DISTINCT c FROM sbtest5 WHERE id BETWEEN 2307647 AND 2308646 ORDER BY c
	Unique  (cost=3683.92..3688.61 rows=939 width=121)
	  ->  Sort  (cost=3683.92..3686.27 rows=939 width=121)
	        Sort Key: c
	        ->  Bitmap Heap Scan on sbtest5  (cost=26.06..3637.55 rows=939 width=121)
	              Recheck Cond: ((id >= 2307647) AND (id <= 2308646))
	              ->  Bitmap Index Scan on sbtest5_pkey  (cost=0.00..25.82 rows=939 width=0)
	                    Index Cond: ((id >= 2307647) AND (id <= 2308646))

table 6 : explain SELECT DISTINCT c FROM sbtest6 WHERE id BETWEEN 7926737 AND 7927736 ORDER BY c
	Unique  (cost=3950.00..3955.03 rows=1007 width=121)
	  ->  Sort  (cost=3950.00..3952.52 rows=1007 width=121)
	        Sort Key: c
	        ->  Bitmap Heap Scan on sbtest6  (cost=30.76..3899.77 rows=1007 width=121)
	              Recheck Cond: ((id >= 7926737) AND (id <= 7927736))
	              ->  Bitmap Index Scan on sbtest6_pkey  (cost=0.00..30.50 rows=1007 width=0)
	                    Index Cond: ((id >= 7926737) AND (id <= 7927736))

table 7 : explain SELECT DISTINCT c FROM sbtest7 WHERE id BETWEEN 5402830 AND 5403829 ORDER BY c
	Unique  (cost=3647.34..3651.98 rows=927 width=121)
	  ->  Sort  (cost=3647.34..3649.66 rows=927 width=121)
	        Sort Key: c
	        ->  Bitmap Heap Scan on sbtest7  (cost=29.94..3601.66 rows=927 width=121)
	              Recheck Cond: ((id >= 5402830) AND (id <= 5403829))
	              ->  Bitmap Index Scan on sbtest7_pkey  (cost=0.00..29.70 rows=927 width=0)
	                    Index Cond: ((id >= 5402830) AND (id <= 5403829))

table 8 : explain SELECT DISTINCT c FROM sbtest8 WHERE id BETWEEN 2165658 AND 2166657 ORDER BY c
	Unique  (cost=3783.16..3787.98 rows=964 width=121)
	  ->  Sort  (cost=3783.16..3785.57 rows=964 width=121)
	        Sort Key: c
	        ->  Bitmap Heap Scan on sbtest8  (cost=30.32..3735.38 rows=964 width=121)
	              Recheck Cond: ((id >= 2165658) AND (id <= 2166657))
	              ->  Bitmap Index Scan on sbtest8_pkey  (cost=0.00..30.07 rows=964 width=0)
	                    Index Cond: ((id >= 2165658) AND (id <= 2166657))

for: simple_ranges
table 1 : explain SELECT c FROM sbtest1 WHERE id BETWEEN 3272789 AND 3273788
	Bitmap Heap Scan on sbtest1  (cost=30.30..3729.13 rows=962 width=121)
	  Recheck Cond: ((id >= 3272789) AND (id <= 3273788))
	  ->  Bitmap Index Scan on sbtest1_pkey  (cost=0.00..30.05 rows=962 width=0)
	        Index Cond: ((id >= 3272789) AND (id <= 3273788))

table 2 : explain SELECT c FROM sbtest2 WHERE id BETWEEN 8727970 AND 8728969
	Bitmap Heap Scan on sbtest2  (cost=30.85..3931.56 rows=1016 width=121)
	  Recheck Cond: ((id >= 8727970) AND (id <= 8728969))
	  ->  Bitmap Index Scan on sbtest2_pkey  (cost=0.00..30.59 rows=1016 width=0)
	        Index Cond: ((id >= 8727970) AND (id <= 8728969))

table 3 : explain SELECT c FROM sbtest3 WHERE id BETWEEN 5968325 AND 5969324
	Bitmap Heap Scan on sbtest3  (cost=30.96..3979.45 rows=1027 width=121)
	  Recheck Cond: ((id >= 5968325) AND (id <= 5969324))
	  ->  Bitmap Index Scan on sbtest3_pkey  (cost=0.00..30.70 rows=1027 width=0)
	        Index Cond: ((id >= 5968325) AND (id <= 5969324))

table 4 : explain SELECT c FROM sbtest4 WHERE id BETWEEN 3776725 AND 3777724
	Bitmap Heap Scan on sbtest4  (cost=30.80..3917.81 rows=1011 width=121)
	  Recheck Cond: ((id >= 3776725) AND (id <= 3777724))
	  ->  Bitmap Index Scan on sbtest4_pkey  (cost=0.00..30.54 rows=1011 width=0)
	        Index Cond: ((id >= 3776725) AND (id <= 3777724))

table 5 : explain SELECT c FROM sbtest5 WHERE id BETWEEN 883283 AND 884282
	Bitmap Heap Scan on sbtest5  (cost=31.99..4345.84 rows=1127 width=121)
	  Recheck Cond: ((id >= 883283) AND (id <= 884282))
	  ->  Bitmap Index Scan on sbtest5_pkey  (cost=0.00..31.70 rows=1127 width=0)
	        Index Cond: ((id >= 883283) AND (id <= 884282))

table 6 : explain SELECT c FROM sbtest6 WHERE id BETWEEN 7286177 AND 7287176
	Bitmap Heap Scan on sbtest6  (cost=30.10..3658.13 rows=943 width=121)
	  Recheck Cond: ((id >= 7286177) AND (id <= 7287176))
	  ->  Bitmap Index Scan on sbtest6_pkey  (cost=0.00..29.86 rows=943 width=0)
	        Index Cond: ((id >= 7286177) AND (id <= 7287176))

table 7 : explain SELECT c FROM sbtest7 WHERE id BETWEEN 1038063 AND 1039062
	Bitmap Heap Scan on sbtest7  (cost=31.20..4066.69 rows=1050 width=121)
	  Recheck Cond: ((id >= 1038063) AND (id <= 1039062))
	  ->  Bitmap Index Scan on sbtest7_pkey  (cost=0.00..30.93 rows=1050 width=0)
	        Index Cond: ((id >= 1038063) AND (id <= 1039062))

table 8 : explain SELECT c FROM sbtest8 WHERE id BETWEEN 1380078 AND 1381077
	Bitmap Heap Scan on sbtest8  (cost=31.22..4066.98 rows=1052 width=121)
	  Recheck Cond: ((id >= 1380078) AND (id <= 1381077))
	  ->  Bitmap Index Scan on sbtest8_pkey  (cost=0.00..30.95 rows=1052 width=0)
	        Index Cond: ((id >= 1380078) AND (id <= 1381077))

explain: for point_selects :: explain SELECT c FROM sbtest%u WHERE id=%u
for: simple_ranges
table 1 : explain SELECT c FROM sbtest1 WHERE id BETWEEN 8205217 AND 8206216
	Bitmap Heap Scan on sbtest1  (cost=30.91..3955.46 rows=1022 width=121)
	  Recheck Cond: ((id >= 8205217) AND (id <= 8206216))
	  ->  Bitmap Index Scan on sbtest1_pkey  (cost=0.00..30.65 rows=1022 width=0)
	        Index Cond: ((id >= 8205217) AND (id <= 8206216))

table 2 : explain SELECT c FROM sbtest2 WHERE id BETWEEN 7728635 AND 7729634
	Bitmap Heap Scan on sbtest2  (cost=25.59..3463.19 rows=893 width=121)
	  Recheck Cond: ((id >= 7728635) AND (id <= 7729634))
	  ->  Bitmap Index Scan on sbtest2_pkey  (cost=0.00..25.36 rows=893 width=0)
	        Index Cond: ((id >= 7728635) AND (id <= 7729634))

table 3 : explain SELECT c FROM sbtest3 WHERE id BETWEEN 6083843 AND 6084842
	Bitmap Heap Scan on sbtest3  (cost=30.42..3779.18 rows=974 width=121)
	  Recheck Cond: ((id >= 6083843) AND (id <= 6084842))
	  ->  Bitmap Index Scan on sbtest3_pkey  (cost=0.00..30.18 rows=974 width=0)
	        Index Cond: ((id >= 6083843) AND (id <= 6084842))

table 4 : explain SELECT c FROM sbtest4 WHERE id BETWEEN 183881 AND 184880
	Bitmap Heap Scan on sbtest4  (cost=30.21..3702.40 rows=954 width=121)
	  Recheck Cond: ((id >= 183881) AND (id <= 184880))
	  ->  Bitmap Index Scan on sbtest4_pkey  (cost=0.00..29.97 rows=954 width=0)
	        Index Cond: ((id >= 183881) AND (id <= 184880))

table 5 : explain SELECT c FROM sbtest5 WHERE id BETWEEN 3119969 AND 3120968
	Bitmap Heap Scan on sbtest5  (cost=30.43..3777.48 rows=975 width=121)
	  Recheck Cond: ((id >= 3119969) AND (id <= 3120968))
	  ->  Bitmap Index Scan on sbtest5_pkey  (cost=0.00..30.18 rows=975 width=0)
	        Index Cond: ((id >= 3119969) AND (id <= 3120968))

table 6 : explain SELECT c FROM sbtest6 WHERE id BETWEEN 6276808 AND 6277807
	Bitmap Heap Scan on sbtest6  (cost=32.26..4449.14 rows=1154 width=121)
	  Recheck Cond: ((id >= 6276808) AND (id <= 6277807))
	  ->  Bitmap Index Scan on sbtest6_pkey  (cost=0.00..31.97 rows=1154 width=0)
	        Index Cond: ((id >= 6276808) AND (id <= 6277807))

table 7 : explain SELECT c FROM sbtest7 WHERE id BETWEEN 8129026 AND 8130025
	Bitmap Heap Scan on sbtest7  (cost=30.85..3938.33 rows=1016 width=121)
	  Recheck Cond: ((id >= 8129026) AND (id <= 8130025))
	  ->  Bitmap Index Scan on sbtest7_pkey  (cost=0.00..30.59 rows=1016 width=0)
	        Index Cond: ((id >= 8129026) AND (id <= 8130025))

table 8 : explain SELECT c FROM sbtest8 WHERE id BETWEEN 471720 AND 472719
	Bitmap Heap Scan on sbtest8  (cost=31.07..4014.29 rows=1038 width=121)
	  Recheck Cond: ((id >= 471720) AND (id <= 472719))
	  ->  Bitmap Index Scan on sbtest8_pkey  (cost=0.00..30.82 rows=1038 width=0)
	        Index Cond: ((id >= 471720) AND (id <= 472719))

for: order_ranges
table 1 : explain SELECT c FROM sbtest1 WHERE id BETWEEN 7774670 AND 7775669 ORDER BY c
	Sort  (cost=4144.20..4146.84 rows=1058 width=121)
	  Sort Key: c
	  ->  Bitmap Heap Scan on sbtest1  (cost=31.28..4091.05 rows=1058 width=121)
	        Recheck Cond: ((id >= 7774670) AND (id <= 7775669))
	        ->  Bitmap Index Scan on sbtest1_pkey  (cost=0.00..31.01 rows=1058 width=0)
	              Index Cond: ((id >= 7774670) AND (id <= 7775669))

table 2 : explain SELECT c FROM sbtest2 WHERE id BETWEEN 6772190 AND 6773189 ORDER BY c
	Sort  (cost=3840.71..3843.16 rows=979 width=121)
	  Sort Key: c
	  ->  Bitmap Heap Scan on sbtest2  (cost=30.47..3792.08 rows=979 width=121)
	        Recheck Cond: ((id >= 6772190) AND (id <= 6773189))
	        ->  Bitmap Index Scan on sbtest2_pkey  (cost=0.00..30.22 rows=979 width=0)
	              Index Cond: ((id >= 6772190) AND (id <= 6773189))

table 3 : explain SELECT c FROM sbtest3 WHERE id BETWEEN 4052008 AND 4053007 ORDER BY c
	Sort  (cost=4310.47..4313.22 rows=1099 width=121)
	  Sort Key: c
	  ->  Bitmap Heap Scan on sbtest3  (cost=35.70..4254.96 rows=1099 width=121)
	        Recheck Cond: ((id >= 4052008) AND (id <= 4053007))
	        ->  Bitmap Index Scan on sbtest3_pkey  (cost=0.00..35.43 rows=1099 width=0)
	              Index Cond: ((id >= 4052008) AND (id <= 4053007))

table 4 : explain SELECT c FROM sbtest4 WHERE id BETWEEN 3825381 AND 3826380 ORDER BY c
	Sort  (cost=3968.27..3970.79 rows=1011 width=121)
	  Sort Key: c
	  ->  Bitmap Heap Scan on sbtest4  (cost=30.80..3917.81 rows=1011 width=121)
	        Recheck Cond: ((id >= 3825381) AND (id <= 3826380))
	        ->  Bitmap Index Scan on sbtest4_pkey  (cost=0.00..30.54 rows=1011 width=0)
	              Index Cond: ((id >= 3825381) AND (id <= 3826380))

table 5 : explain SELECT c FROM sbtest5 WHERE id BETWEEN 6852501 AND 6853500 ORDER BY c
	Sort  (cost=3806.73..3809.16 rows=970 width=121)
	  Sort Key: c
	  ->  Bitmap Heap Scan on sbtest5  (cost=30.38..3758.61 rows=970 width=121)
	        Recheck Cond: ((id >= 6852501) AND (id <= 6853500))
	        ->  Bitmap Index Scan on sbtest5_pkey  (cost=0.00..30.14 rows=970 width=0)
	              Index Cond: ((id >= 6852501) AND (id <= 6853500))

table 6 : explain SELECT c FROM sbtest6 WHERE id BETWEEN 732040 AND 733039 ORDER BY c
	Sort  (cost=3577.89..3580.16 rows=911 width=121)
	  Sort Key: c
	  ->  Bitmap Heap Scan on sbtest6  (cost=25.77..3533.10 rows=911 width=121)
	        Recheck Cond: ((id >= 732040) AND (id <= 733039))
	        ->  Bitmap Index Scan on sbtest6_pkey  (cost=0.00..25.54 rows=911 width=0)
	              Index Cond: ((id >= 732040) AND (id <= 733039))

table 7 : explain SELECT c FROM sbtest7 WHERE id BETWEEN 7349341 AND 7350340 ORDER BY c
	Sort  (cost=4065.74..4068.33 rows=1036 width=121)
	  Sort Key: c
	  ->  Bitmap Heap Scan on sbtest7  (cost=31.05..4013.86 rows=1036 width=121)
	        Recheck Cond: ((id >= 7349341) AND (id <= 7350340))
	        ->  Bitmap Index Scan on sbtest7_pkey  (cost=0.00..30.79 rows=1036 width=0)
	              Index Cond: ((id >= 7349341) AND (id <= 7350340))

table 8 : explain SELECT c FROM sbtest8 WHERE id BETWEEN 308851 AND 309850 ORDER BY c
	Sort  (cost=3909.51..3912.00 rows=997 width=121)
	  Sort Key: c
	  ->  Bitmap Heap Scan on sbtest8  (cost=30.65..3859.85 rows=997 width=121)
	        Recheck Cond: ((id >= 308851) AND (id <= 309850))
	        ->  Bitmap Index Scan on sbtest8_pkey  (cost=0.00..30.40 rows=997 width=0)
	              Index Cond: ((id >= 308851) AND (id <= 309850))

for: order_ranges
table 1 : explain SELECT c FROM sbtest1 WHERE id BETWEEN 9297078 AND 9298077 ORDER BY c
	Sort  (cost=3538.76..3541.01 rows=901 width=121)
	  Sort Key: c
	  ->  Bitmap Heap Scan on sbtest1  (cost=25.67..3494.54 rows=901 width=121)
	        Recheck Cond: ((id >= 9297078) AND (id <= 9298077))
	        ->  Bitmap Index Scan on sbtest1_pkey  (cost=0.00..25.44 rows=901 width=0)
	              Index Cond: ((id >= 9297078) AND (id <= 9298077))

table 2 : explain SELECT c FROM sbtest2 WHERE id BETWEEN 3669526 AND 3670525 ORDER BY c
	Sort  (cost=3924.92..3927.42 rows=1001 width=121)
	  Sort Key: c
	  ->  Bitmap Heap Scan on sbtest2  (cost=30.70..3875.03 rows=1001 width=121)
	        Recheck Cond: ((id >= 3669526) AND (id <= 3670525))
	        ->  Bitmap Index Scan on sbtest2_pkey  (cost=0.00..30.44 rows=1001 width=0)
	              Index Cond: ((id >= 3669526) AND (id <= 3670525))

table 3 : explain SELECT c FROM sbtest3 WHERE id BETWEEN 244072 AND 245071 ORDER BY c
	Sort  (cost=3831.37..3833.80 rows=975 width=121)
	  Sort Key: c
	  ->  Bitmap Heap Scan on sbtest3  (cost=30.43..3782.96 rows=975 width=121)
	        Recheck Cond: ((id >= 244072) AND (id <= 245071))
	        ->  Bitmap Index Scan on sbtest3_pkey  (cost=0.00..30.18 rows=975 width=0)
	              Index Cond: ((id >= 244072) AND (id <= 245071))

table 4 : explain SELECT c FROM sbtest4 WHERE id BETWEEN 6882114 AND 6883113 ORDER BY c
	Sort  (cost=3699.69..3702.05 rows=941 width=121)
	  Sort Key: c
	  ->  Bitmap Heap Scan on sbtest4  (cost=30.08..3653.22 rows=941 width=121)
	        Recheck Cond: ((id >= 6882114) AND (id <= 6883113))
	        ->  Bitmap Index Scan on sbtest4_pkey  (cost=0.00..29.84 rows=941 width=0)
	              Index Cond: ((id >= 6882114) AND (id <= 6883113))

table 5 : explain SELECT c FROM sbtest5 WHERE id BETWEEN 2042243 AND 2043242 ORDER BY c
	Sort  (cost=4196.85..4199.53 rows=1072 width=121)
	  Sort Key: c
	  ->  Bitmap Heap Scan on sbtest5  (cost=31.42..4142.89 rows=1072 width=121)
	        Recheck Cond: ((id >= 2042243) AND (id <= 2043242))
	        ->  Bitmap Index Scan on sbtest5_pkey  (cost=0.00..31.15 rows=1072 width=0)
	              Index Cond: ((id >= 2042243) AND (id <= 2043242))

table 6 : explain SELECT c FROM sbtest6 WHERE id BETWEEN 1025341 AND 1026340 ORDER BY c
	Sort  (cost=4339.92..4342.69 rows=1109 width=121)
	  Sort Key: c
	  ->  Bitmap Heap Scan on sbtest6  (cost=31.80..4283.83 rows=1109 width=121)
	        Recheck Cond: ((id >= 1025341) AND (id <= 1026340))
	        ->  Bitmap Index Scan on sbtest6_pkey  (cost=0.00..31.52 rows=1109 width=0)
	              Index Cond: ((id >= 1025341) AND (id <= 1026340))

table 7 : explain SELECT c FROM sbtest7 WHERE id BETWEEN 5689717 AND 5690716 ORDER BY c
	Sort  (cost=4115.55..4118.17 rows=1049 width=121)
	  Sort Key: c
	  ->  Bitmap Heap Scan on sbtest7  (cost=31.19..4062.92 rows=1049 width=121)
	        Recheck Cond: ((id >= 5689717) AND (id <= 5690716))
	        ->  Bitmap Index Scan on sbtest7_pkey  (cost=0.00..30.93 rows=1049 width=0)
	              Index Cond: ((id >= 5689717) AND (id <= 5690716))

table 8 : explain SELECT c FROM sbtest8 WHERE id BETWEEN 7702971 AND 7703970 ORDER BY c
	Sort  (cost=3924.81..3927.31 rows=1001 width=121)
	  Sort Key: c
	  ->  Bitmap Heap Scan on sbtest8  (cost=30.70..3874.92 rows=1001 width=121)
	        Recheck Cond: ((id >= 7702971) AND (id <= 7703970))
	        ->  Bitmap Index Scan on sbtest8_pkey  (cost=0.00..30.44 rows=1001 width=0)
	              Index Cond: ((id >= 7702971) AND (id <= 7703970))

for: distinct_ranges
table 1 : explain SELECT DISTINCT c FROM sbtest1 WHERE id BETWEEN 9112221 AND 9113220 ORDER BY c
	Unique  (cost=4174.76..4180.09 rows=1066 width=121)
	  ->  Sort  (cost=4174.76..4177.43 rows=1066 width=121)
	        Sort Key: c
	        ->  Bitmap Heap Scan on sbtest1  (cost=31.36..4121.16 rows=1066 width=121)
	              Recheck Cond: ((id >= 9112221) AND (id <= 9113220))
	              ->  Bitmap Index Scan on sbtest1_pkey  (cost=0.00..31.09 rows=1066 width=0)
	                    Index Cond: ((id >= 9112221) AND (id <= 9113220))

table 2 : explain SELECT DISTINCT c FROM sbtest2 WHERE id BETWEEN 7649738 AND 7650737 ORDER BY c
	Unique  (cost=4005.24..4010.35 rows=1022 width=121)
	  ->  Sort  (cost=4005.24..4007.80 rows=1022 width=121)
	        Sort Key: c
	        ->  Bitmap Heap Scan on sbtest2  (cost=30.91..3954.16 rows=1022 width=121)
	              Recheck Cond: ((id >= 7649738) AND (id <= 7650737))
	              ->  Bitmap Index Scan on sbtest2_pkey  (cost=0.00..30.65 rows=1022 width=0)
	                    Index Cond: ((id >= 7649738) AND (id <= 7650737))

table 3 : explain SELECT DISTINCT c FROM sbtest3 WHERE id BETWEEN 7907521 AND 7908520 ORDER BY c
	Unique  (cost=3892.77..3897.72 rows=991 width=121)
	  ->  Sort  (cost=3892.77..3895.25 rows=991 width=121)
	        Sort Key: c
	        ->  Bitmap Heap Scan on sbtest3  (cost=30.59..3843.45 rows=991 width=121)
	              Recheck Cond: ((id >= 7907521) AND (id <= 7908520))
	              ->  Bitmap Index Scan on sbtest3_pkey  (cost=0.00..30.34 rows=991 width=0)
	                    Index Cond: ((id >= 7907521) AND (id <= 7908520))

table 4 : explain SELECT DISTINCT c FROM sbtest4 WHERE id BETWEEN 8386292 AND 8387291 ORDER BY c
	Unique  (cost=3784.17..3788.98 rows=963 width=121)
	  ->  Sort  (cost=3784.17..3786.57 rows=963 width=121)
	        Sort Key: c
	        ->  Bitmap Heap Scan on sbtest4  (cost=30.31..3736.44 rows=963 width=121)
	              Recheck Cond: ((id >= 8386292) AND (id <= 8387291))
	              ->  Bitmap Index Scan on sbtest4_pkey  (cost=0.00..30.07 rows=963 width=0)
	                    Index Cond: ((id >= 8386292) AND (id <= 8387291))

table 5 : explain SELECT DISTINCT c FROM sbtest5 WHERE id BETWEEN 1212784 AND 1213783 ORDER BY c
	Unique  (cost=3603.36..3607.95 rows=918 width=121)
	  ->  Sort  (cost=3603.36..3605.66 rows=918 width=121)
	        Sort Key: c
	        ->  Bitmap Heap Scan on sbtest5  (cost=25.84..3558.19 rows=918 width=121)
	              Recheck Cond: ((id >= 1212784) AND (id <= 1213783))
	              ->  Bitmap Index Scan on sbtest5_pkey  (cost=0.00..25.61 rows=918 width=0)
	                    Index Cond: ((id >= 1212784) AND (id <= 1213783))

table 6 : explain SELECT DISTINCT c FROM sbtest6 WHERE id BETWEEN 8688463 AND 8689462 ORDER BY c
	Unique  (cost=3650.99..3655.64 rows=929 width=121)
	  ->  Sort  (cost=3650.99..3653.31 rows=929 width=121)
	        Sort Key: c
	        ->  Bitmap Heap Scan on sbtest6  (cost=29.96..3605.19 rows=929 width=121)
	              Recheck Cond: ((id >= 8688463) AND (id <= 8689462))
	              ->  Bitmap Index Scan on sbtest6_pkey  (cost=0.00..29.72 rows=929 width=0)
	                    Index Cond: ((id >= 8688463) AND (id <= 8689462))

table 7 : explain SELECT DISTINCT c FROM sbtest7 WHERE id BETWEEN 3444200 AND 3445199 ORDER BY c
	Unique  (cost=3578.12..3582.66 rows=909 width=121)
	  ->  Sort  (cost=3578.12..3580.39 rows=909 width=121)
	        Sort Key: c
	        ->  Bitmap Heap Scan on sbtest7  (cost=29.75..3533.45 rows=909 width=121)
	              Recheck Cond: ((id >= 3444200) AND (id <= 3445199))
	              ->  Bitmap Index Scan on sbtest7_pkey  (cost=0.00..29.52 rows=909 width=0)
	                    Index Cond: ((id >= 3444200) AND (id <= 3445199))

table 8 : explain SELECT DISTINCT c FROM sbtest8 WHERE id BETWEEN 4760470 AND 4761469 ORDER BY c
	Unique  (cost=4093.04..4098.27 rows=1045 width=121)
	  ->  Sort  (cost=4093.04..4095.66 rows=1045 width=121)
	        Sort Key: c
	        ->  Bitmap Heap Scan on sbtest8  (cost=31.15..4040.64 rows=1045 width=121)
	              Recheck Cond: ((id >= 4760470) AND (id <= 4761469))
	              ->  Bitmap Index Scan on sbtest8_pkey  (cost=0.00..30.89 rows=1045 width=0)
	                    Index Cond: ((id >= 4760470) AND (id <= 4761469))

for: sum_ranges
table 1 : explain SELECT SUM(k) FROM sbtest1 WHERE id BETWEEN 4988163 AND 4989162
	Aggregate  (cost=3931.62..3931.63 rows=1 width=8)
	  ->  Bitmap Heap Scan on sbtest1  (cost=30.84..3929.08 rows=1015 width=4)
	        Recheck Cond: ((id >= 4988163) AND (id <= 4989162))
	        ->  Bitmap Index Scan on sbtest1_pkey  (cost=0.00..30.58 rows=1015 width=0)
	              Index Cond: ((id >= 4988163) AND (id <= 4989162))

table 2 : explain SELECT SUM(k) FROM sbtest2 WHERE id BETWEEN 4158317 AND 4159316
	Aggregate  (cost=3654.78..3654.79 rows=1 width=8)
	  ->  Bitmap Heap Scan on sbtest2  (cost=30.09..3652.42 rows=942 width=4)
	        Recheck Cond: ((id >= 4158317) AND (id <= 4159316))
	        ->  Bitmap Index Scan on sbtest2_pkey  (cost=0.00..29.86 rows=942 width=0)
	              Index Cond: ((id >= 4158317) AND (id <= 4159316))

table 3 : explain SELECT SUM(k) FROM sbtest3 WHERE id BETWEEN 5547448 AND 5548447
	Aggregate  (cost=4065.10..4065.11 rows=1 width=8)
	  ->  Bitmap Heap Scan on sbtest3  (cost=31.19..4062.47 rows=1049 width=4)
	        Recheck Cond: ((id >= 5547448) AND (id <= 5548447))
	        ->  Bitmap Index Scan on sbtest3_pkey  (cost=0.00..30.93 rows=1049 width=0)
	              Index Cond: ((id >= 5547448) AND (id <= 5548447))

table 4 : explain SELECT SUM(k) FROM sbtest4 WHERE id BETWEEN 6851132 AND 6852131
	Aggregate  (cost=3655.57..3655.58 rows=1 width=8)
	  ->  Bitmap Heap Scan on sbtest4  (cost=30.08..3653.22 rows=941 width=4)
	        Recheck Cond: ((id >= 6851132) AND (id <= 6852131))
	        ->  Bitmap Index Scan on sbtest4_pkey  (cost=0.00..29.84 rows=941 width=0)
	              Index Cond: ((id >= 6851132) AND (id <= 6852131))

table 5 : explain SELECT SUM(k) FROM sbtest5 WHERE id BETWEEN 160077 AND 161076
	Aggregate  (cost=3594.53..3594.54 rows=1 width=8)
	  ->  Bitmap Heap Scan on sbtest5  (cost=25.94..3592.21 rows=927 width=4)
	        Recheck Cond: ((id >= 160077) AND (id <= 161076))
	        ->  Bitmap Index Scan on sbtest5_pkey  (cost=0.00..25.70 rows=927 width=0)
	              Index Cond: ((id >= 160077) AND (id <= 161076))

table 6 : explain SELECT SUM(k) FROM sbtest6 WHERE id BETWEEN 2428921 AND 2429920
	Aggregate  (cost=3800.34..3800.35 rows=1 width=8)
	  ->  Bitmap Heap Scan on sbtest6  (cost=30.48..3797.89 rows=980 width=4)
	        Recheck Cond: ((id >= 2428921) AND (id <= 2429920))
	        ->  Bitmap Index Scan on sbtest6_pkey  (cost=0.00..30.23 rows=980 width=0)
	              Index Cond: ((id >= 2428921) AND (id <= 2429920))

table 7 : explain SELECT SUM(k) FROM sbtest7 WHERE id BETWEEN 5649241 AND 5650240
	Aggregate  (cost=4005.11..4005.12 rows=1 width=8)
	  ->  Bitmap Heap Scan on sbtest7  (cost=31.02..4002.53 rows=1033 width=4)
	        Recheck Cond: ((id >= 5649241) AND (id <= 5650240))
	        ->  Bitmap Index Scan on sbtest7_pkey  (cost=0.00..30.76 rows=1033 width=0)
	              Index Cond: ((id >= 5649241) AND (id <= 5650240))

table 8 : explain SELECT SUM(k) FROM sbtest8 WHERE id BETWEEN 2588695 AND 2589694
	Aggregate  (cost=3760.45..3760.46 rows=1 width=8)
	  ->  Bitmap Heap Scan on sbtest8  (cost=30.38..3758.02 rows=970 width=4)
	        Recheck Cond: ((id >= 2588695) AND (id <= 2589694))
	        ->  Bitmap Index Scan on sbtest8_pkey  (cost=0.00..30.14 rows=970 width=0)
	              Index Cond: ((id >= 2588695) AND (id <= 2589694))

for point_selects
table 1 : explain SELECT c FROM sbtest1 WHERE id=5366045
	Index Scan using sbtest1_pkey on sbtest1  (cost=0.43..8.45 rows=1 width=121)
	  Index Cond: (id = 5366045)

table 2 : explain SELECT c FROM sbtest2 WHERE id=6743775
	Index Scan using sbtest2_pkey on sbtest2  (cost=0.43..8.45 rows=1 width=121)
	  Index Cond: (id = 6743775)

table 3 : explain SELECT c FROM sbtest3 WHERE id=9784214
	Index Scan using sbtest3_pkey on sbtest3  (cost=0.43..8.45 rows=1 width=121)
	  Index Cond: (id = 9784214)

table 4 : explain SELECT c FROM sbtest4 WHERE id=8009286
	Index Scan using sbtest4_pkey on sbtest4  (cost=0.43..8.45 rows=1 width=121)
	  Index Cond: (id = 8009286)

table 5 : explain SELECT c FROM sbtest5 WHERE id=1787511
	Index Scan using sbtest5_pkey on sbtest5  (cost=0.43..8.45 rows=1 width=121)
	  Index Cond: (id = 1787511)

table 6 : explain SELECT c FROM sbtest6 WHERE id=8192290
	Index Scan using sbtest6_pkey on sbtest6  (cost=0.43..8.45 rows=1 width=121)
	  Index Cond: (id = 8192290)

table 7 : explain SELECT c FROM sbtest7 WHERE id=1010891
	Index Scan using sbtest7_pkey on sbtest7  (cost=0.43..8.45 rows=1 width=121)
	  Index Cond: (id = 1010891)

table 8 : explain SELECT c FROM sbtest8 WHERE id=2915717
	Index Scan using sbtest8_pkey on sbtest8  (cost=0.43..8.45 rows=1 width=121)
	  Index Cond: (id = 2915717)

for point_selects
table 1 : explain SELECT c FROM sbtest1 WHERE id=5774573
	Index Scan using sbtest1_pkey on sbtest1  (cost=0.43..8.45 rows=1 width=121)
	  Index Cond: (id = 5774573)

table 2 : explain SELECT c FROM sbtest2 WHERE id=5965655
	Index Scan using sbtest2_pkey on sbtest2  (cost=0.43..8.45 rows=1 width=121)
	  Index Cond: (id = 5965655)

table 3 : explain SELECT c FROM sbtest3 WHERE id=5872566
	Index Scan using sbtest3_pkey on sbtest3  (cost=0.43..8.45 rows=1 width=121)
	  Index Cond: (id = 5872566)

table 4 : explain SELECT c FROM sbtest4 WHERE id=164564
	Index Scan using sbtest4_pkey on sbtest4  (cost=0.43..8.45 rows=1 width=121)
	  Index Cond: (id = 164564)

table 5 : explain SELECT c FROM sbtest5 WHERE id=542749
	Index Scan using sbtest5_pkey on sbtest5  (cost=0.43..8.45 rows=1 width=121)
	  Index Cond: (id = 542749)

table 6 : explain SELECT c FROM sbtest6 WHERE id=2842668
	Index Scan using sbtest6_pkey on sbtest6  (cost=0.43..8.45 rows=1 width=121)
	  Index Cond: (id = 2842668)

table 7 : explain SELECT c FROM sbtest7 WHERE id=9259185
	Index Scan using sbtest7_pkey on sbtest7  (cost=0.43..8.45 rows=1 width=121)
	  Index Cond: (id = 9259185)

table 8 : explain SELECT c FROM sbtest8 WHERE id=1532825
	Index Scan using sbtest8_pkey on sbtest8  (cost=0.43..8.45 rows=1 width=121)
	  Index Cond: (id = 1532825)

for: distinct_ranges
table 1 : explain SELECT DISTINCT c FROM sbtest1 WHERE id BETWEEN 3875696 AND 3876695 ORDER BY c
	Unique  (cost=4113.62..4118.87 rows=1050 width=121)
	  ->  Sort  (cost=4113.62..4116.25 rows=1050 width=121)
	        Sort Key: c
	        ->  Bitmap Heap Scan on sbtest1  (cost=31.20..4060.93 rows=1050 width=121)
	              Recheck Cond: ((id >= 3875696) AND (id <= 3876695))
	              ->  Bitmap Index Scan on sbtest1_pkey  (cost=0.00..30.93 rows=1050 width=0)
	                    Index Cond: ((id >= 3875696) AND (id <= 3876695))

table 2 : explain SELECT DISTINCT c FROM sbtest2 WHERE id BETWEEN 2819277 AND 2820276 ORDER BY c
	Unique  (cost=3698.95..3703.66 rows=942 width=121)
	  ->  Sort  (cost=3698.95..3701.31 rows=942 width=121)
	        Sort Key: c
	        ->  Bitmap Heap Scan on sbtest2  (cost=30.09..3652.42 rows=942 width=121)
	              Recheck Cond: ((id >= 2819277) AND (id <= 2820276))
	              ->  Bitmap Index Scan on sbtest2_pkey  (cost=0.00..29.86 rows=942 width=0)
	                    Index Cond: ((id >= 2819277) AND (id <= 2820276))

table 3 : explain SELECT DISTINCT c FROM sbtest3 WHERE id BETWEEN 9325802 AND 9326801 ORDER BY c
	Unique  (cost=3604.68..3609.26 rows=916 width=121)
	  ->  Sort  (cost=3604.68..3606.97 rows=916 width=121)
	        Sort Key: c
	        ->  Bitmap Heap Scan on sbtest3  (cost=29.82..3559.62 rows=916 width=121)
	              Recheck Cond: ((id >= 9325802) AND (id <= 9326801))
	              ->  Bitmap Index Scan on sbtest3_pkey  (cost=0.00..29.59 rows=916 width=0)
	                    Index Cond: ((id >= 9325802) AND (id <= 9326801))

table 4 : explain SELECT DISTINCT c FROM sbtest4 WHERE id BETWEEN 4720720 AND 4721719 ORDER BY c
	Unique  (cost=3553.50..3558.02 rows=904 width=121)
	  ->  Sort  (cost=3553.50..3555.76 rows=904 width=121)
	        Sort Key: c
	        ->  Bitmap Heap Scan on sbtest4  (cost=25.70..3509.11 rows=904 width=121)
	              Recheck Cond: ((id >= 4720720) AND (id <= 4721719))
	              ->  Bitmap Index Scan on sbtest4_pkey  (cost=0.00..25.47 rows=904 width=0)
	                    Index Cond: ((id >= 4720720) AND (id <= 4721719))

table 5 : explain SELECT DISTINCT c FROM sbtest5 WHERE id BETWEEN 8002315 AND 8003314 ORDER BY c
	Unique  (cost=3703.09..3707.81 rows=944 width=121)
	  ->  Sort  (cost=3703.09..3705.45 rows=944 width=121)
	        Sort Key: c
	        ->  Bitmap Heap Scan on sbtest5  (cost=26.11..3656.44 rows=944 width=121)
	              Recheck Cond: ((id >= 8002315) AND (id <= 8003314))
	              ->  Bitmap Index Scan on sbtest5_pkey  (cost=0.00..25.87 rows=944 width=0)
	                    Index Cond: ((id >= 8002315) AND (id <= 8003314))

table 6 : explain SELECT DISTINCT c FROM sbtest6 WHERE id BETWEEN 3880673 AND 3881672 ORDER BY c
	Unique  (cost=4060.98..4066.16 rows=1036 width=121)
	  ->  Sort  (cost=4060.98..4063.57 rows=1036 width=121)
	        Sort Key: c
	        ->  Bitmap Heap Scan on sbtest6  (cost=31.05..4009.10 rows=1036 width=121)
	              Recheck Cond: ((id >= 3880673) AND (id <= 3881672))
	              ->  Bitmap Index Scan on sbtest6_pkey  (cost=0.00..30.79 rows=1036 width=0)
	                    Index Cond: ((id >= 3880673) AND (id <= 3881672))

table 7 : explain SELECT DISTINCT c FROM sbtest7 WHERE id BETWEEN 3437137 AND 3438136 ORDER BY c
	Unique  (cost=3578.12..3582.66 rows=909 width=121)
	  ->  Sort  (cost=3578.12..3580.39 rows=909 width=121)
	        Sort Key: c
	        ->  Bitmap Heap Scan on sbtest7  (cost=29.75..3533.45 rows=909 width=121)
	              Recheck Cond: ((id >= 3437137) AND (id <= 3438136))
	              ->  Bitmap Index Scan on sbtest7_pkey  (cost=0.00..29.52 rows=909 width=0)
	                    Index Cond: ((id >= 3437137) AND (id <= 3438136))

table 8 : explain SELECT DISTINCT c FROM sbtest8 WHERE id BETWEEN 7792560 AND 7793559 ORDER BY c
	Unique  (cost=3460.79..3465.19 rows=881 width=121)
	  ->  Sort  (cost=3460.79..3462.99 rows=881 width=121)
	        Sort Key: c
	        ->  Bitmap Heap Scan on sbtest8  (cost=25.47..3417.69 rows=881 width=121)
	              Recheck Cond: ((id >= 7792560) AND (id <= 7793559))
	              ->  Bitmap Index Scan on sbtest8_pkey  (cost=0.00..25.25 rows=881 width=0)
	                    Index Cond: ((id >= 7792560) AND (id <= 7793559))

for: sum_ranges
table 1 : explain SELECT SUM(k) FROM sbtest1 WHERE id BETWEEN 2239863 AND 2240862
	Aggregate  (cost=3432.40..3432.41 rows=1 width=8)
	  ->  Bitmap Heap Scan on sbtest1  (cost=25.50..3430.19 rows=884 width=4)
	        Recheck Cond: ((id >= 2239863) AND (id <= 2240862))
	        ->  Bitmap Index Scan on sbtest1_pkey  (cost=0.00..25.27 rows=884 width=0)
	              Index Cond: ((id >= 2239863) AND (id <= 2240862))

table 2 : explain SELECT SUM(k) FROM sbtest2 WHERE id BETWEEN 4891366 AND 4892365
	Aggregate  (cost=4092.32..4092.33 rows=1 width=8)
	  ->  Bitmap Heap Scan on sbtest2  (cost=31.28..4089.67 rows=1058 width=4)
	        Recheck Cond: ((id >= 4891366) AND (id <= 4892365))
	        ->  Bitmap Index Scan on sbtest2_pkey  (cost=0.00..31.01 rows=1058 width=0)
	              Index Cond: ((id >= 4891366) AND (id <= 4892365))

table 3 : explain SELECT SUM(k) FROM sbtest3 WHERE id BETWEEN 6593682 AND 6594681
	Aggregate  (cost=4178.30..4178.31 rows=1 width=8)
	  ->  Bitmap Heap Scan on sbtest3  (cost=31.49..4175.60 rows=1079 width=4)
	        Recheck Cond: ((id >= 6593682) AND (id <= 6594681))
	        ->  Bitmap Index Scan on sbtest3_pkey  (cost=0.00..31.22 rows=1079 width=0)
	              Index Cond: ((id >= 6593682) AND (id <= 6594681))

table 4 : explain SELECT SUM(k) FROM sbtest4 WHERE id BETWEEN 8834415 AND 8835414
	Aggregate  (cost=3712.36..3712.37 rows=1 width=8)
	  ->  Bitmap Heap Scan on sbtest4  (cost=30.23..3709.97 rows=956 width=4)
	        Recheck Cond: ((id >= 8834415) AND (id <= 8835414))
	        ->  Bitmap Index Scan on sbtest4_pkey  (cost=0.00..30.00 rows=956 width=0)
	              Index Cond: ((id >= 8834415) AND (id <= 8835414))

table 5 : explain SELECT SUM(k) FROM sbtest5 WHERE id BETWEEN 4557636 AND 4558635
	Aggregate  (cost=3605.87..3605.88 rows=1 width=8)
	  ->  Bitmap Heap Scan on sbtest5  (cost=25.97..3603.55 rows=930 width=4)
	        Recheck Cond: ((id >= 4557636) AND (id <= 4558635))
	        ->  Bitmap Index Scan on sbtest5_pkey  (cost=0.00..25.73 rows=930 width=0)
	              Index Cond: ((id >= 4557636) AND (id <= 4558635))

table 6 : explain SELECT SUM(k) FROM sbtest6 WHERE id BETWEEN 3697987 AND 3698986
	Aggregate  (cost=3527.81..3527.82 rows=1 width=8)
	  ->  Bitmap Heap Scan on sbtest6  (cost=25.75..3525.54 rows=909 width=4)
	        Recheck Cond: ((id >= 3697987) AND (id <= 3698986))
	        ->  Bitmap Index Scan on sbtest6_pkey  (cost=0.00..25.52 rows=909 width=0)
	              Index Cond: ((id >= 3697987) AND (id <= 3698986))

table 7 : explain SELECT SUM(k) FROM sbtest7 WHERE id BETWEEN 3492669 AND 3493668
	Aggregate  (cost=4012.67..4012.68 rows=1 width=8)
	  ->  Bitmap Heap Scan on sbtest7  (cost=31.04..4010.08 rows=1035 width=4)
	        Recheck Cond: ((id >= 3492669) AND (id <= 3493668))
	        ->  Bitmap Index Scan on sbtest7_pkey  (cost=0.00..30.79 rows=1035 width=0)
	              Index Cond: ((id >= 3492669) AND (id <= 3493668))

table 8 : explain SELECT SUM(k) FROM sbtest8 WHERE id BETWEEN 558023 AND 559022
	Aggregate  (cost=3798.20..3798.21 rows=1 width=8)
	  ->  Bitmap Heap Scan on sbtest8  (cost=30.48..3795.75 rows=980 width=4)
	        Recheck Cond: ((id >= 558023) AND (id <= 559022))
	        ->  Bitmap Index Scan on sbtest8_pkey  (cost=0.00..30.23 rows=980 width=0)
	              Index Cond: ((id >= 558023) AND (id <= 559022))

for: sum_ranges
table 1 : explain SELECT SUM(k) FROM sbtest1 WHERE id BETWEEN 6347495 AND 6348494
	Aggregate  (cost=3776.87..3776.88 rows=1 width=8)
	  ->  Bitmap Heap Scan on sbtest1  (cost=30.42..3774.43 rows=974 width=4)
	        Recheck Cond: ((id >= 6347495) AND (id <= 6348494))
	        ->  Bitmap Index Scan on sbtest1_pkey  (cost=0.00..30.18 rows=974 width=0)
	              Index Cond: ((id >= 6347495) AND (id <= 6348494))

table 2 : explain SELECT SUM(k) FROM sbtest2 WHERE id BETWEEN 5932985 AND 5933984
	Aggregate  (cost=3469.21..3469.22 rows=1 width=8)
	  ->  Bitmap Heap Scan on sbtest2  (cost=25.60..3466.98 rows=894 width=4)
	        Recheck Cond: ((id >= 5932985) AND (id <= 5933984))
	        ->  Bitmap Index Scan on sbtest2_pkey  (cost=0.00..25.37 rows=894 width=0)
	              Index Cond: ((id >= 5932985) AND (id <= 5933984))

table 3 : explain SELECT SUM(k) FROM sbtest3 WHERE id BETWEEN 3598202 AND 3599201
	Aggregate  (cost=3743.76..3743.77 rows=1 width=8)
	  ->  Bitmap Heap Scan on sbtest3  (cost=30.32..3741.35 rows=964 width=4)
	        Recheck Cond: ((id >= 3598202) AND (id <= 3599201))
	        ->  Bitmap Index Scan on sbtest3_pkey  (cost=0.00..30.07 rows=964 width=0)
	              Index Cond: ((id >= 3598202) AND (id <= 3599201))

table 4 : explain SELECT SUM(k) FROM sbtest4 WHERE id BETWEEN 5061241 AND 5062240
	Aggregate  (cost=3992.10..3992.11 rows=1 width=8)
	  ->  Bitmap Heap Scan on sbtest4  (cost=30.99..3989.52 rows=1030 width=4)
	        Recheck Cond: ((id >= 5061241) AND (id <= 5062240))
	        ->  Bitmap Index Scan on sbtest4_pkey  (cost=0.00..30.73 rows=1030 width=0)
	              Index Cond: ((id >= 5061241) AND (id <= 5062240))

table 5 : explain SELECT SUM(k) FROM sbtest5 WHERE id BETWEEN 2022916 AND 2023915
	Aggregate  (cost=4145.57..4145.58 rows=1 width=8)
	  ->  Bitmap Heap Scan on sbtest5  (cost=31.42..4142.89 rows=1072 width=4)
	        Recheck Cond: ((id >= 2022916) AND (id <= 2023915))
	        ->  Bitmap Index Scan on sbtest5_pkey  (cost=0.00..31.15 rows=1072 width=0)
	              Index Cond: ((id >= 2022916) AND (id <= 2023915))

table 6 : explain SELECT SUM(k) FROM sbtest6 WHERE id BETWEEN 8428269 AND 8429268
	Aggregate  (cost=3747.44..3747.45 rows=1 width=8)
	  ->  Bitmap Heap Scan on sbtest6  (cost=30.34..3745.03 rows=966 width=4)
	        Recheck Cond: ((id >= 8428269) AND (id <= 8429268))
	        ->  Bitmap Index Scan on sbtest6_pkey  (cost=0.00..30.09 rows=966 width=0)
	              Index Cond: ((id >= 8428269) AND (id <= 8429268))

table 7 : explain SELECT SUM(k) FROM sbtest7 WHERE id BETWEEN 7696976 AND 7697975
	Aggregate  (cost=3547.10..3547.11 rows=1 width=8)
	  ->  Bitmap Heap Scan on sbtest7  (cost=29.78..3544.82 rows=912 width=4)
	        Recheck Cond: ((id >= 7696976) AND (id <= 7697975))
	        ->  Bitmap Index Scan on sbtest7_pkey  (cost=0.00..29.55 rows=912 width=0)
	              Index Cond: ((id >= 7696976) AND (id <= 7697975))

table 8 : explain SELECT SUM(k) FROM sbtest8 WHERE id BETWEEN 9206280 AND 9207279
	Aggregate  (cost=3911.37..3911.38 rows=1 width=8)
	  ->  Bitmap Heap Scan on sbtest8  (cost=30.79..3908.84 rows=1010 width=4)
	        Recheck Cond: ((id >= 9206280) AND (id <= 9207279))
	        ->  Bitmap Index Scan on sbtest8_pkey  (cost=0.00..30.54 rows=1010 width=0)
	              Index Cond: ((id >= 9206280) AND (id <= 9207279))

explain: for point_selects :: explain SELECT c FROM sbtest%u WHERE id=%u
for point_selects
table 1 : explain SELECT c FROM sbtest1 WHERE id=4037164
	Index Scan using sbtest1_pkey on sbtest1  (cost=0.43..8.45 rows=1 width=121)
	  Index Cond: (id = 4037164)

table 2 : explain SELECT c FROM sbtest2 WHERE id=8336305
	Index Scan using sbtest2_pkey on sbtest2  (cost=0.43..8.45 rows=1 width=121)
	  Index Cond: (id = 8336305)

table 3 : explain SELECT c FROM sbtest3 WHERE id=9119430
	Index Scan using sbtest3_pkey on sbtest3  (cost=0.43..8.45 rows=1 width=121)
	  Index Cond: (id = 9119430)

table 4 : explain SELECT c FROM sbtest4 WHERE id=7805203
	Index Scan using sbtest4_pkey on sbtest4  (cost=0.43..8.45 rows=1 width=121)
	  Index Cond: (id = 7805203)

table 5 : explain SELECT c FROM sbtest5 WHERE id=4089929
	Index Scan using sbtest5_pkey on sbtest5  (cost=0.43..8.45 rows=1 width=121)
	  Index Cond: (id = 4089929)

table 6 : explain SELECT c FROM sbtest6 WHERE id=470417
	Index Scan using sbtest6_pkey on sbtest6  (cost=0.43..8.45 rows=1 width=121)
	  Index Cond: (id = 470417)

table 7 : explain SELECT c FROM sbtest7 WHERE id=9119837
	Index Scan using sbtest7_pkey on sbtest7  (cost=0.43..8.45 rows=1 width=121)
	  Index Cond: (id = 9119837)

table 8 : explain SELECT c FROM sbtest8 WHERE id=9393665
	Index Scan using sbtest8_pkey on sbtest8  (cost=0.43..8.45 rows=1 width=121)
	  Index Cond: (id = 9393665)

for: order_ranges
table 1 : explain SELECT c FROM sbtest1 WHERE id BETWEEN 4519605 AND 4520604 ORDER BY c
	Sort  (cost=3757.63..3760.02 rows=957 width=121)
	  Sort Key: c
	  ->  Bitmap Heap Scan on sbtest1  (cost=30.24..3710.24 rows=957 width=121)
	        Recheck Cond: ((id >= 4519605) AND (id <= 4520604))
	        ->  Bitmap Index Scan on sbtest1_pkey  (cost=0.00..30.00 rows=957 width=0)
	              Index Cond: ((id >= 4519605) AND (id <= 4520604))

table 2 : explain SELECT c FROM sbtest2 WHERE id BETWEEN 2077431 AND 2078430 ORDER BY c
	Sort  (cost=3560.70..3562.97 rows=907 width=121)
	  Sort Key: c
	  ->  Bitmap Heap Scan on sbtest2  (cost=25.73..3516.15 rows=907 width=121)
	        Recheck Cond: ((id >= 2077431) AND (id <= 2078430))
	        ->  Bitmap Index Scan on sbtest2_pkey  (cost=0.00..25.50 rows=907 width=0)
	              Index Cond: ((id >= 2077431) AND (id <= 2078430))

table 3 : explain SELECT c FROM sbtest3 WHERE id BETWEEN 6680343 AND 6681342 ORDER BY c
	Sort  (cost=3550.83..3553.08 rows=902 width=121)
	  Sort Key: c
	  ->  Bitmap Heap Scan on sbtest3  (cost=29.68..3506.55 rows=902 width=121)
	        Recheck Cond: ((id >= 6680343) AND (id <= 6681342))
	        ->  Bitmap Index Scan on sbtest3_pkey  (cost=0.00..29.45 rows=902 width=0)
	              Index Cond: ((id >= 6680343) AND (id <= 6681342))

table 4 : explain SELECT c FROM sbtest4 WHERE id BETWEEN 5156222 AND 5157221 ORDER BY c
	Sort  (cost=4067.88..4070.47 rows=1037 width=121)
	  Sort Key: c
	  ->  Bitmap Heap Scan on sbtest4  (cost=31.06..4015.93 rows=1037 width=121)
	        Recheck Cond: ((id >= 5156222) AND (id <= 5157221))
	        ->  Bitmap Index Scan on sbtest4_pkey  (cost=0.00..30.80 rows=1037 width=0)
	              Index Cond: ((id >= 5156222) AND (id <= 5157221))

table 5 : explain SELECT c FROM sbtest5 WHERE id BETWEEN 9341159 AND 9342158 ORDER BY c
	Sort  (cost=3929.26..3931.76 rows=1002 width=121)
	  Sort Key: c
	  ->  Bitmap Heap Scan on sbtest5  (cost=30.71..3879.31 rows=1002 width=121)
	        Recheck Cond: ((id >= 9341159) AND (id <= 9342158))
	        ->  Bitmap Index Scan on sbtest5_pkey  (cost=0.00..30.45 rows=1002 width=0)
	              Index Cond: ((id >= 9341159) AND (id <= 9342158))

table 6 : explain SELECT c FROM sbtest6 WHERE id BETWEEN 1580936 AND 1581935 ORDER BY c
	Sort  (cost=4336.10..4338.87 rows=1108 width=121)
	  Sort Key: c
	  ->  Bitmap Heap Scan on sbtest6  (cost=31.79..4280.07 rows=1108 width=121)
	        Recheck Cond: ((id >= 1580936) AND (id <= 1581935))
	        ->  Bitmap Index Scan on sbtest6_pkey  (cost=0.00..31.51 rows=1108 width=0)
	              Index Cond: ((id >= 1580936) AND (id <= 1581935))

table 7 : explain SELECT c FROM sbtest7 WHERE id BETWEEN 9254908 AND 9255907 ORDER BY c
	Sort  (cost=3743.43..3745.81 rows=952 width=121)
	  Sort Key: c
	  ->  Bitmap Heap Scan on sbtest7  (cost=30.19..3696.33 rows=952 width=121)
	        Recheck Cond: ((id >= 9254908) AND (id <= 9255907))
	        ->  Bitmap Index Scan on sbtest7_pkey  (cost=0.00..29.95 rows=952 width=0)
	              Index Cond: ((id >= 9254908) AND (id <= 9255907))

table 8 : explain SELECT c FROM sbtest8 WHERE id BETWEEN 1797984 AND 1798983 ORDER BY c
	Sort  (cost=3564.45..3566.72 rows=908 width=121)
	  Sort Key: c
	  ->  Bitmap Heap Scan on sbtest8  (cost=25.74..3519.84 rows=908 width=121)
	        Recheck Cond: ((id >= 1797984) AND (id <= 1798983))
	        ->  Bitmap Index Scan on sbtest8_pkey  (cost=0.00..25.51 rows=908 width=0)
	              Index Cond: ((id >= 1797984) AND (id <= 1798983))

for: simple_ranges
table 1 : explain SELECT c FROM sbtest1 WHERE id BETWEEN 2488545 AND 2489544
	Bitmap Heap Scan on sbtest1  (cost=30.91..3955.46 rows=1022 width=121)
	  Recheck Cond: ((id >= 2488545) AND (id <= 2489544))
	  ->  Bitmap Index Scan on sbtest1_pkey  (cost=0.00..30.65 rows=1022 width=0)
	        Index Cond: ((id >= 2488545) AND (id <= 2489544))

table 2 : explain SELECT c FROM sbtest2 WHERE id BETWEEN 2290747 AND 2291746
	Bitmap Heap Scan on sbtest2  (cost=30.71..3878.80 rows=1002 width=121)
	  Recheck Cond: ((id >= 2290747) AND (id <= 2291746))
	  ->  Bitmap Index Scan on sbtest2_pkey  (cost=0.00..30.45 rows=1002 width=0)
	        Index Cond: ((id >= 2290747) AND (id <= 2291746))

table 3 : explain SELECT c FROM sbtest3 WHERE id BETWEEN 7958366 AND 7959365
	Bitmap Heap Scan on sbtest3  (cost=30.59..3843.45 rows=991 width=121)
	  Recheck Cond: ((id >= 7958366) AND (id <= 7959365))
	  ->  Bitmap Index Scan on sbtest3_pkey  (cost=0.00..30.34 rows=991 width=0)
	        Index Cond: ((id >= 7958366) AND (id <= 7959365))

table 4 : explain SELECT c FROM sbtest4 WHERE id BETWEEN 2750384 AND 2751383
	Bitmap Heap Scan on sbtest4  (cost=30.98..3985.75 rows=1029 width=121)
	  Recheck Cond: ((id >= 2750384) AND (id <= 2751383))
	  ->  Bitmap Index Scan on sbtest4_pkey  (cost=0.00..30.72 rows=1029 width=0)
	        Index Cond: ((id >= 2750384) AND (id <= 2751383))

table 5 : explain SELECT c FROM sbtest5 WHERE id BETWEEN 4606478 AND 4607477
	Bitmap Heap Scan on sbtest5  (cost=25.97..3603.55 rows=930 width=121)
	  Recheck Cond: ((id >= 4606478) AND (id <= 4607477))
	  ->  Bitmap Index Scan on sbtest5_pkey  (cost=0.00..25.73 rows=930 width=0)
	        Index Cond: ((id >= 4606478) AND (id <= 4607477))

table 6 : explain SELECT c FROM sbtest6 WHERE id BETWEEN 498795 AND 499794
	Bitmap Heap Scan on sbtest6  (cost=31.04..4005.33 rows=1035 width=121)
	  Recheck Cond: ((id >= 498795) AND (id <= 499794))
	  ->  Bitmap Index Scan on sbtest6_pkey  (cost=0.00..30.79 rows=1035 width=0)
	        Index Cond: ((id >= 498795) AND (id <= 499794))

table 7 : explain SELECT c FROM sbtest7 WHERE id BETWEEN 6119678 AND 6120677
	Bitmap Heap Scan on sbtest7  (cost=29.92..3594.08 rows=925 width=121)
	  Recheck Cond: ((id >= 6119678) AND (id <= 6120677))
	  ->  Bitmap Index Scan on sbtest7_pkey  (cost=0.00..29.68 rows=925 width=0)
	        Index Cond: ((id >= 6119678) AND (id <= 6120677))

table 8 : explain SELECT c FROM sbtest8 WHERE id BETWEEN 8853594 AND 8854593
	Bitmap Heap Scan on sbtest8  (cost=30.76..3897.54 rows=1007 width=121)
	  Recheck Cond: ((id >= 8853594) AND (id <= 8854593))
	  ->  Bitmap Index Scan on sbtest8_pkey  (cost=0.00..30.50 rows=1007 width=0)
	        Index Cond: ((id >= 8853594) AND (id <= 8854593))

for: simple_ranges
table 1 : explain SELECT c FROM sbtest1 WHERE id BETWEEN 8273109 AND 8274108
	Bitmap Heap Scan on sbtest1  (cost=30.91..3955.46 rows=1022 width=121)
	  Recheck Cond: ((id >= 8273109) AND (id <= 8274108))
	  ->  Bitmap Index Scan on sbtest1_pkey  (cost=0.00..30.65 rows=1022 width=0)
	        Index Cond: ((id >= 8273109) AND (id <= 8274108))

table 2 : explain SELECT c FROM sbtest2 WHERE id BETWEEN 8035268 AND 8036267
	Bitmap Heap Scan on sbtest2  (cost=30.90..3950.39 rows=1021 width=121)
	  Recheck Cond: ((id >= 8035268) AND (id <= 8036267))
	  ->  Bitmap Index Scan on sbtest2_pkey  (cost=0.00..30.64 rows=1021 width=0)
	        Index Cond: ((id >= 8035268) AND (id <= 8036267))

table 3 : explain SELECT c FROM sbtest3 WHERE id BETWEEN 4476904 AND 4477903
	Bitmap Heap Scan on sbtest3  (cost=29.96..3608.87 rows=929 width=121)
	  Recheck Cond: ((id >= 4476904) AND (id <= 4477903))
	  ->  Bitmap Index Scan on sbtest3_pkey  (cost=0.00..29.72 rows=929 width=0)
	        Index Cond: ((id >= 4476904) AND (id <= 4477903))

table 4 : explain SELECT c FROM sbtest4 WHERE id BETWEEN 2390788 AND 2391787
	Bitmap Heap Scan on sbtest4  (cost=30.56..3830.94 rows=988 width=121)
	  Recheck Cond: ((id >= 2390788) AND (id <= 2391787))
	  ->  Bitmap Index Scan on sbtest4_pkey  (cost=0.00..30.32 rows=988 width=0)
	        Index Cond: ((id >= 2390788) AND (id <= 2391787))

table 5 : explain SELECT c FROM sbtest5 WHERE id BETWEEN 195123 AND 196122
	Bitmap Heap Scan on sbtest5  (cost=25.94..3592.21 rows=927 width=121)
	  Recheck Cond: ((id >= 195123) AND (id <= 196122))
	  ->  Bitmap Index Scan on sbtest5_pkey  (cost=0.00..25.70 rows=927 width=0)
	        Index Cond: ((id >= 195123) AND (id <= 196122))

table 6 : explain SELECT c FROM sbtest6 WHERE id BETWEEN 4950408 AND 4951407
	Bitmap Heap Scan on sbtest6  (cost=31.57..4197.34 rows=1086 width=121)
	  Recheck Cond: ((id >= 4950408) AND (id <= 4951407))
	  ->  Bitmap Index Scan on sbtest6_pkey  (cost=0.00..31.29 rows=1086 width=0)
	        Index Cond: ((id >= 4950408) AND (id <= 4951407))

table 7 : explain SELECT c FROM sbtest7 WHERE id BETWEEN 5790184 AND 5791183
	Bitmap Heap Scan on sbtest7  (cost=30.94..3972.33 rows=1025 width=121)
	  Recheck Cond: ((id >= 5790184) AND (id <= 5791183))
	  ->  Bitmap Index Scan on sbtest7_pkey  (cost=0.00..30.68 rows=1025 width=0)
	        Index Cond: ((id >= 5790184) AND (id <= 5791183))

table 8 : explain SELECT c FROM sbtest8 WHERE id BETWEEN 1034926 AND 1035925
	Bitmap Heap Scan on sbtest8  (cost=30.48..3795.75 rows=980 width=121)
	  Recheck Cond: ((id >= 1034926) AND (id <= 1035925))
	  ->  Bitmap Index Scan on sbtest8_pkey  (cost=0.00..30.23 rows=980 width=0)
	        Index Cond: ((id >= 1034926) AND (id <= 1035925))

for: distinct_ranges
table 1 : explain SELECT DISTINCT c FROM sbtest1 WHERE id BETWEEN 8588001 AND 8589000 ORDER BY c
	Unique  (cost=3557.96..3562.49 rows=906 width=121)
	  ->  Sort  (cost=3557.96..3560.22 rows=906 width=121)
	        Sort Key: c
	        ->  Bitmap Heap Scan on sbtest1  (cost=25.72..3513.46 rows=906 width=121)
	              Recheck Cond: ((id >= 8588001) AND (id <= 8589000))
	              ->  Bitmap Index Scan on sbtest1_pkey  (cost=0.00..25.50 rows=906 width=0)
	                    Index Cond: ((id >= 8588001) AND (id <= 8589000))

table 2 : explain SELECT DISTINCT c FROM sbtest2 WHERE id BETWEEN 2166194 AND 2167193 ORDER BY c
	Unique  (cost=4200.10..4205.46 rows=1073 width=121)
	  ->  Sort  (cost=4200.10..4202.78 rows=1073 width=121)
	        Sort Key: c
	        ->  Bitmap Heap Scan on sbtest2  (cost=31.43..4146.09 rows=1073 width=121)
	              Recheck Cond: ((id >= 2166194) AND (id <= 2167193))
	              ->  Bitmap Index Scan on sbtest2_pkey  (cost=0.00..31.16 rows=1073 width=0)
	                    Index Cond: ((id >= 2166194) AND (id <= 2167193))

table 3 : explain SELECT DISTINCT c FROM sbtest3 WHERE id BETWEEN 3097535 AND 3098534 ORDER BY c
	Unique  (cost=4049.98..4055.14 rows=1032 width=121)
	  ->  Sort  (cost=4049.98..4052.56 rows=1032 width=121)
	        Sort Key: c
	        ->  Bitmap Heap Scan on sbtest3  (cost=31.01..3998.32 rows=1032 width=121)
	              Recheck Cond: ((id >= 3097535) AND (id <= 3098534))
	              ->  Bitmap Index Scan on sbtest3_pkey  (cost=0.00..30.75 rows=1032 width=0)
	                    Index Cond: ((id >= 3097535) AND (id <= 3098534))

table 4 : explain SELECT DISTINCT c FROM sbtest4 WHERE id BETWEEN 9494817 AND 9495816 ORDER BY c
	Unique  (cost=3661.12..3665.78 rows=932 width=121)
	  ->  Sort  (cost=3661.12..3663.45 rows=932 width=121)
	        Sort Key: c
	        ->  Bitmap Heap Scan on sbtest4  (cost=25.99..3615.15 rows=932 width=121)
	              Recheck Cond: ((id >= 9494817) AND (id <= 9495816))
	              ->  Bitmap Index Scan on sbtest4_pkey  (cost=0.00..25.75 rows=932 width=0)
	                    Index Cond: ((id >= 9494817) AND (id <= 9495816))

table 5 : explain SELECT DISTINCT c FROM sbtest5 WHERE id BETWEEN 5435547 AND 5436546 ORDER BY c
	Unique  (cost=4189.21..4194.56 rows=1070 width=121)
	  ->  Sort  (cost=4189.21..4191.89 rows=1070 width=121)
	        Sort Key: c
	        ->  Bitmap Heap Scan on sbtest5  (cost=31.40..4135.37 rows=1070 width=121)
	              Recheck Cond: ((id >= 5435547) AND (id <= 5436546))
	              ->  Bitmap Index Scan on sbtest5_pkey  (cost=0.00..31.14 rows=1070 width=0)
	                    Index Cond: ((id >= 5435547) AND (id <= 5436546))

table 6 : explain SELECT DISTINCT c FROM sbtest6 WHERE id BETWEEN 5786245 AND 5787244 ORDER BY c
	Unique  (cost=3858.08..3862.99 rows=983 width=121)
	  ->  Sort  (cost=3858.08..3860.53 rows=983 width=121)
	        Sort Key: c
	        ->  Bitmap Heap Scan on sbtest6  (cost=30.51..3809.22 rows=983 width=121)
	              Recheck Cond: ((id >= 5786245) AND (id <= 5787244))
	              ->  Bitmap Index Scan on sbtest6_pkey  (cost=0.00..30.26 rows=983 width=0)
	                    Index Cond: ((id >= 5786245) AND (id <= 5787244))

table 7 : explain SELECT DISTINCT c FROM sbtest7 WHERE id BETWEEN 1799991 AND 1800990 ORDER BY c
	Unique  (cost=3885.50..3890.45 rows=989 width=121)
	  ->  Sort  (cost=3885.50..3887.98 rows=989 width=121)
	        Sort Key: c
	        ->  Bitmap Heap Scan on sbtest7  (cost=30.57..3836.30 rows=989 width=121)
	              Recheck Cond: ((id >= 1799991) AND (id <= 1800990))
	              ->  Bitmap Index Scan on sbtest7_pkey  (cost=0.00..30.32 rows=989 width=0)
	                    Index Cond: ((id >= 1799991) AND (id <= 1800990))

table 8 : explain SELECT DISTINCT c FROM sbtest8 WHERE id BETWEEN 3770934 AND 3771933 ORDER BY c
	Unique  (cost=3560.61..3565.15 rows=907 width=121)
	  ->  Sort  (cost=3560.61..3562.88 rows=907 width=121)
	        Sort Key: c
	        ->  Bitmap Heap Scan on sbtest8  (cost=25.73..3516.06 rows=907 width=121)
	              Recheck Cond: ((id >= 3770934) AND (id <= 3771933))
	              ->  Bitmap Index Scan on sbtest8_pkey  (cost=0.00..25.50 rows=907 width=0)
	                    Index Cond: ((id >= 3770934) AND (id <= 3771933))

for: order_ranges
table 1 : explain SELECT c FROM sbtest1 WHERE id BETWEEN 8509547 AND 8510546 ORDER BY c
	Sort  (cost=3557.96..3560.22 rows=906 width=121)
	  Sort Key: c
	  ->  Bitmap Heap Scan on sbtest1  (cost=25.72..3513.46 rows=906 width=121)
	        Recheck Cond: ((id >= 8509547) AND (id <= 8510546))
	        ->  Bitmap Index Scan on sbtest1_pkey  (cost=0.00..25.50 rows=906 width=0)
	              Index Cond: ((id >= 8509547) AND (id <= 8510546))

table 2 : explain SELECT c FROM sbtest2 WHERE id BETWEEN 3382877 AND 3383876 ORDER BY c
	Sort  (cost=4001.42..4003.97 rows=1021 width=121)
	  Sort Key: c
	  ->  Bitmap Heap Scan on sbtest2  (cost=30.90..3950.39 rows=1021 width=121)
	        Recheck Cond: ((id >= 3382877) AND (id <= 3383876))
	        ->  Bitmap Index Scan on sbtest2_pkey  (cost=0.00..30.64 rows=1021 width=0)
	              Index Cond: ((id >= 3382877) AND (id <= 3383876))

table 3 : explain SELECT c FROM sbtest3 WHERE id BETWEEN 8901112 AND 8902111 ORDER BY c
	Sort  (cost=4011.65..4014.21 rows=1022 width=121)
	  Sort Key: c
	  ->  Bitmap Heap Scan on sbtest3  (cost=30.91..3960.57 rows=1022 width=121)
	        Recheck Cond: ((id >= 8901112) AND (id <= 8902111))
	        ->  Bitmap Index Scan on sbtest3_pkey  (cost=0.00..30.65 rows=1022 width=0)
	              Index Cond: ((id >= 8901112) AND (id <= 8902111))

table 4 : explain SELECT c FROM sbtest4 WHERE id BETWEEN 6713773 AND 6714772 ORDER BY c
	Sort  (cost=3968.27..3970.79 rows=1011 width=121)
	  Sort Key: c
	  ->  Bitmap Heap Scan on sbtest4  (cost=30.80..3917.81 rows=1011 width=121)
	        Recheck Cond: ((id >= 6713773) AND (id <= 6714772))
	        ->  Bitmap Index Scan on sbtest4_pkey  (cost=0.00..30.54 rows=1011 width=0)
	              Index Cond: ((id >= 6713773) AND (id <= 6714772))

table 5 : explain SELECT c FROM sbtest5 WHERE id BETWEEN 4708484 AND 4709483 ORDER BY c
	Sort  (cost=3875.67..3878.14 rows=988 width=121)
	  Sort Key: c
	  ->  Bitmap Heap Scan on sbtest5  (cost=30.56..3826.52 rows=988 width=121)
	        Recheck Cond: ((id >= 4708484) AND (id <= 4709483))
	        ->  Bitmap Index Scan on sbtest5_pkey  (cost=0.00..30.32 rows=988 width=0)
	              Index Cond: ((id >= 4708484) AND (id <= 4709483))

table 6 : explain SELECT c FROM sbtest6 WHERE id BETWEEN 6373559 AND 6374558 ORDER BY c
	Sort  (cost=4068.63..4071.23 rows=1038 width=121)
	  Sort Key: c
	  ->  Bitmap Heap Scan on sbtest6  (cost=31.07..4016.63 rows=1038 width=121)
	        Recheck Cond: ((id >= 6373559) AND (id <= 6374558))
	        ->  Bitmap Index Scan on sbtest6_pkey  (cost=0.00..30.82 rows=1038 width=0)
	              Index Cond: ((id >= 6373559) AND (id <= 6374558))

table 7 : explain SELECT c FROM sbtest7 WHERE id BETWEEN 559485 AND 560484 ORDER BY c
	Sort  (cost=4035.08..4037.65 rows=1028 width=121)
	  Sort Key: c
	  ->  Bitmap Heap Scan on sbtest7  (cost=30.97..3983.65 rows=1028 width=121)
	        Recheck Cond: ((id >= 559485) AND (id <= 560484))
	        ->  Bitmap Index Scan on sbtest7_pkey  (cost=0.00..30.71 rows=1028 width=0)
	              Index Cond: ((id >= 559485) AND (id <= 560484))

table 8 : explain SELECT c FROM sbtest8 WHERE id BETWEEN 1003711 AND 1004710 ORDER BY c
	Sort  (cost=4054.83..4057.42 rows=1035 width=121)
	  Sort Key: c
	  ->  Bitmap Heap Scan on sbtest8  (cost=31.04..4003.00 rows=1035 width=121)
	        Recheck Cond: ((id >= 1003711) AND (id <= 1004710))
	        ->  Bitmap Index Scan on sbtest8_pkey  (cost=0.00..30.79 rows=1035 width=0)
	              Index Cond: ((id >= 1003711) AND (id <= 1004710))

for: order_ranges
table 1 : explain SELECT c FROM sbtest1 WHERE id BETWEEN 8504911 AND 8505910 ORDER BY c
	Sort  (cost=3742.29..3744.67 rows=953 width=121)
	  Sort Key: c
	  ->  Bitmap Heap Scan on sbtest1  (cost=30.20..3695.14 rows=953 width=121)
	        Recheck Cond: ((id >= 8504911) AND (id <= 8505910))
	        ->  Bitmap Index Scan on sbtest1_pkey  (cost=0.00..29.96 rows=953 width=0)
	              Index Cond: ((id >= 8504911) AND (id <= 8505910))

table 2 : explain SELECT c FROM sbtest2 WHERE id BETWEEN 6241366 AND 6242365 ORDER BY c
	Sort  (cost=4051.12..4053.70 rows=1034 width=121)
	  Sort Key: c
	  ->  Bitmap Heap Scan on sbtest2  (cost=31.03..3999.35 rows=1034 width=121)
	        Recheck Cond: ((id >= 6241366) AND (id <= 6242365))
	        ->  Bitmap Index Scan on sbtest2_pkey  (cost=0.00..30.77 rows=1034 width=0)
	              Index Cond: ((id >= 6241366) AND (id <= 6242365))

table 3 : explain SELECT c FROM sbtest3 WHERE id BETWEEN 7279172 AND 7280171 ORDER BY c
	Sort  (cost=3792.97..3795.39 rows=965 width=121)
	  Sort Key: c
	  ->  Bitmap Heap Scan on sbtest3  (cost=30.33..3745.14 rows=965 width=121)
	        Recheck Cond: ((id >= 7279172) AND (id <= 7280171))
	        ->  Bitmap Index Scan on sbtest3_pkey  (cost=0.00..30.08 rows=965 width=0)
	              Index Cond: ((id >= 7279172) AND (id <= 7280171))

table 4 : explain SELECT c FROM sbtest4 WHERE id BETWEEN 9041856 AND 9042855 ORDER BY c
	Sort  (cost=4224.80..4227.49 rows=1078 width=121)
	  Sort Key: c
	  ->  Bitmap Heap Scan on sbtest4  (cost=31.48..4170.50 rows=1078 width=121)
	        Recheck Cond: ((id >= 9041856) AND (id <= 9042855))
	        ->  Bitmap Index Scan on sbtest4_pkey  (cost=0.00..31.21 rows=1078 width=0)
	              Index Cond: ((id >= 9041856) AND (id <= 9042855))

table 5 : explain SELECT c FROM sbtest5 WHERE id BETWEEN 6439705 AND 6440704 ORDER BY c
	Sort  (cost=4017.24..4019.81 rows=1025 width=121)
	  Sort Key: c
	  ->  Bitmap Heap Scan on sbtest5  (cost=30.94..3965.99 rows=1025 width=121)
	        Recheck Cond: ((id >= 6439705) AND (id <= 6440704))
	        ->  Bitmap Index Scan on sbtest5_pkey  (cost=0.00..30.68 rows=1025 width=0)
	              Index Cond: ((id >= 6439705) AND (id <= 6440704))

table 6 : explain SELECT c FROM sbtest6 WHERE id BETWEEN 8305736 AND 8306735 ORDER BY c
	Sort  (cost=4133.64..4136.28 rows=1055 width=121)
	  Sort Key: c
	  ->  Bitmap Heap Scan on sbtest6  (cost=31.25..4080.67 rows=1055 width=121)
	        Recheck Cond: ((id >= 8305736) AND (id <= 8306735))
	        ->  Bitmap Index Scan on sbtest6_pkey  (cost=0.00..30.98 rows=1055 width=0)
	              Index Cond: ((id >= 8305736) AND (id <= 8306735))

table 7 : explain SELECT c FROM sbtest7 WHERE id BETWEEN 6960415 AND 6961414 ORDER BY c
	Sort  (cost=4008.25..4010.80 rows=1021 width=121)
	  Sort Key: c
	  ->  Bitmap Heap Scan on sbtest7  (cost=30.90..3957.22 rows=1021 width=121)
	        Recheck Cond: ((id >= 6960415) AND (id <= 6961414))
	        ->  Bitmap Index Scan on sbtest7_pkey  (cost=0.00..30.64 rows=1021 width=0)
	              Index Cond: ((id >= 6960415) AND (id <= 6961414))

table 8 : explain SELECT c FROM sbtest8 WHERE id BETWEEN 224000 AND 224999 ORDER BY c
	Sort  (cost=3947.77..3950.28 rows=1007 width=121)
	  Sort Key: c
	  ->  Bitmap Heap Scan on sbtest8  (cost=30.76..3897.54 rows=1007 width=121)
	        Recheck Cond: ((id >= 224000) AND (id <= 224999))
	        ->  Bitmap Index Scan on sbtest8_pkey  (cost=0.00..30.50 rows=1007 width=0)
	              Index Cond: ((id >= 224000) AND (id <= 224999))

for: simple_ranges
table 1 : explain SELECT c FROM sbtest1 WHERE id BETWEEN 3396704 AND 3397703
	Bitmap Heap Scan on sbtest1  (cost=30.33..3740.45 rows=965 width=121)
	  Recheck Cond: ((id >= 3396704) AND (id <= 3397703))
	  ->  Bitmap Index Scan on sbtest1_pkey  (cost=0.00..30.08 rows=965 width=0)
	        Index Cond: ((id >= 3396704) AND (id <= 3397703))

table 2 : explain SELECT c FROM sbtest2 WHERE id BETWEEN 2497597 AND 2498596
	Bitmap Heap Scan on sbtest2  (cost=31.09..4021.93 rows=1040 width=121)
	  Recheck Cond: ((id >= 2497597) AND (id <= 2498596))
	  ->  Bitmap Index Scan on sbtest2_pkey  (cost=0.00..30.83 rows=1040 width=0)
	        Index Cond: ((id >= 2497597) AND (id <= 2498596))

table 3 : explain SELECT c FROM sbtest3 WHERE id BETWEEN 8841425 AND 8842424
	Bitmap Heap Scan on sbtest3  (cost=35.70..4254.96 rows=1099 width=121)
	  Recheck Cond: ((id >= 8841425) AND (id <= 8842424))
	  ->  Bitmap Index Scan on sbtest3_pkey  (cost=0.00..35.43 rows=1099 width=0)
	        Index Cond: ((id >= 8841425) AND (id <= 8842424))

table 4 : explain SELECT c FROM sbtest4 WHERE id BETWEEN 5903304 AND 5904303
	Bitmap Heap Scan on sbtest4  (cost=31.75..4268.41 rows=1104 width=121)
	  Recheck Cond: ((id >= 5903304) AND (id <= 5904303))
	  ->  Bitmap Index Scan on sbtest4_pkey  (cost=0.00..31.47 rows=1104 width=0)
	        Index Cond: ((id >= 5903304) AND (id <= 5904303))

table 5 : explain SELECT c FROM sbtest5 WHERE id BETWEEN 2274504 AND 2275503
	Bitmap Heap Scan on sbtest5  (cost=25.78..3535.50 rows=912 width=121)
	  Recheck Cond: ((id >= 2274504) AND (id <= 2275503))
	  ->  Bitmap Index Scan on sbtest5_pkey  (cost=0.00..25.55 rows=912 width=0)
	        Index Cond: ((id >= 2274504) AND (id <= 2275503))

table 6 : explain SELECT c FROM sbtest6 WHERE id BETWEEN 2642278 AND 2643277
	Bitmap Heap Scan on sbtest6  (cost=30.38..3760.13 rows=970 width=121)
	  Recheck Cond: ((id >= 2642278) AND (id <= 2643277))
	  ->  Bitmap Index Scan on sbtest6_pkey  (cost=0.00..30.14 rows=970 width=0)
	        Index Cond: ((id >= 2642278) AND (id <= 2643277))

table 7 : explain SELECT c FROM sbtest7 WHERE id BETWEEN 1845881 AND 1846880
	Bitmap Heap Scan on sbtest7  (cost=30.57..3836.30 rows=989 width=121)
	  Recheck Cond: ((id >= 1845881) AND (id <= 1846880))
	  ->  Bitmap Index Scan on sbtest7_pkey  (cost=0.00..30.32 rows=989 width=0)
	        Index Cond: ((id >= 1845881) AND (id <= 1846880))

table 8 : explain SELECT c FROM sbtest8 WHERE id BETWEEN 1072631 AND 1073630
	Bitmap Heap Scan on sbtest8  (cost=30.48..3795.75 rows=980 width=121)
	  Recheck Cond: ((id >= 1072631) AND (id <= 1073630))
	  ->  Bitmap Index Scan on sbtest8_pkey  (cost=0.00..30.23 rows=980 width=0)
	        Index Cond: ((id >= 1072631) AND (id <= 1073630))

for: distinct_ranges
table 1 : explain SELECT DISTINCT c FROM sbtest1 WHERE id BETWEEN 4502305 AND 4503304 ORDER BY c
	Unique  (cost=3933.84..3938.85 rows=1003 width=121)
	  ->  Sort  (cost=3933.84..3936.35 rows=1003 width=121)
	        Sort Key: c
	        ->  Bitmap Heap Scan on sbtest1  (cost=30.72..3883.84 rows=1003 width=121)
	              Recheck Cond: ((id >= 4502305) AND (id <= 4503304))
	              ->  Bitmap Index Scan on sbtest1_pkey  (cost=0.00..30.46 rows=1003 width=0)
	                    Index Cond: ((id >= 4502305) AND (id <= 4503304))

table 2 : explain SELECT DISTINCT c FROM sbtest2 WHERE id BETWEEN 9679976 AND 9680975 ORDER BY c
	Unique  (cost=3829.22..3834.10 rows=976 width=121)
	  ->  Sort  (cost=3829.22..3831.66 rows=976 width=121)
	        Sort Key: c
	        ->  Bitmap Heap Scan on sbtest2  (cost=30.44..3780.76 rows=976 width=121)
	              Recheck Cond: ((id >= 9679976) AND (id <= 9680975))
	              ->  Bitmap Index Scan on sbtest2_pkey  (cost=0.00..30.19 rows=976 width=0)
	                    Index Cond: ((id >= 9679976) AND (id <= 9680975))

table 3 : explain SELECT DISTINCT c FROM sbtest3 WHERE id BETWEEN 144721 AND 145720 ORDER BY c
	Unique  (cost=4061.47..4066.65 rows=1035 width=121)
	  ->  Sort  (cost=4061.47..4064.06 rows=1035 width=121)
	        Sort Key: c
	        ->  Bitmap Heap Scan on sbtest3  (cost=31.04..4009.64 rows=1035 width=121)
	              Recheck Cond: ((id >= 144721) AND (id <= 145720))
	              ->  Bitmap Index Scan on sbtest3_pkey  (cost=0.00..30.79 rows=1035 width=0)
	                    Index Cond: ((id >= 144721) AND (id <= 145720))

table 4 : explain SELECT DISTINCT c FROM sbtest4 WHERE id BETWEEN 3913484 AND 3914483 ORDER BY c
	Unique  (cost=4037.24..4042.38 rows=1029 width=121)
	  ->  Sort  (cost=4037.24..4039.81 rows=1029 width=121)
	        Sort Key: c
	        ->  Bitmap Heap Scan on sbtest4  (cost=30.98..3985.75 rows=1029 width=121)
	              Recheck Cond: ((id >= 3913484) AND (id <= 3914483))
	              ->  Bitmap Index Scan on sbtest4_pkey  (cost=0.00..30.72 rows=1029 width=0)
	                    Index Cond: ((id >= 3913484) AND (id <= 3914483))

table 5 : explain SELECT DISTINCT c FROM sbtest5 WHERE id BETWEEN 6077880 AND 6078879 ORDER BY c
	Unique  (cost=4032.54..4037.68 rows=1029 width=121)
	  ->  Sort  (cost=4032.54..4035.11 rows=1029 width=121)
	        Sort Key: c
	        ->  Bitmap Heap Scan on sbtest5  (cost=30.98..3981.05 rows=1029 width=121)
	              Recheck Cond: ((id >= 6077880) AND (id <= 6078879))
	              ->  Bitmap Index Scan on sbtest5_pkey  (cost=0.00..30.72 rows=1029 width=0)
	                    Index Cond: ((id >= 6077880) AND (id <= 6078879))

table 6 : explain SELECT DISTINCT c FROM sbtest6 WHERE id BETWEEN 4003867 AND 4004866 ORDER BY c
	Unique  (cost=3900.22..3905.19 rows=994 width=121)
	  ->  Sort  (cost=3900.22..3902.70 rows=994 width=121)
	        Sort Key: c
	        ->  Bitmap Heap Scan on sbtest6  (cost=30.62..3850.73 rows=994 width=121)
	              Recheck Cond: ((id >= 4003867) AND (id <= 4004866))
	              ->  Bitmap Index Scan on sbtest6_pkey  (cost=0.00..30.37 rows=994 width=0)
	                    Index Cond: ((id >= 4003867) AND (id <= 4004866))

table 7 : explain SELECT DISTINCT c FROM sbtest7 WHERE id BETWEEN 4059263 AND 4060262 ORDER BY c
	Unique  (cost=4341.55..4347.08 rows=1107 width=121)
	  ->  Sort  (cost=4341.55..4344.31 rows=1107 width=121)
	        Sort Key: c
	        ->  Bitmap Heap Scan on sbtest7  (cost=35.78..4285.57 rows=1107 width=121)
	              Recheck Cond: ((id >= 4059263) AND (id <= 4060262))
	              ->  Bitmap Index Scan on sbtest7_pkey  (cost=0.00..35.51 rows=1107 width=0)
	                    Index Cond: ((id >= 4059263) AND (id <= 4060262))

table 8 : explain SELECT DISTINCT c FROM sbtest8 WHERE id BETWEEN 5614014 AND 5615013 ORDER BY c
	Unique  (cost=4146.52..4151.82 rows=1059 width=121)
	  ->  Sort  (cost=4146.52..4149.17 rows=1059 width=121)
	        Sort Key: c
	        ->  Bitmap Heap Scan on sbtest8  (cost=31.29..4093.32 rows=1059 width=121)
	              Recheck Cond: ((id >= 5614014) AND (id <= 5615013))
	              ->  Bitmap Index Scan on sbtest8_pkey  (cost=0.00..31.02 rows=1059 width=0)
	                    Index Cond: ((id >= 5614014) AND (id <= 5615013))

explain: for point_selects :: explain SELECT c FROM sbtest%u WHERE id=%u
for: sum_ranges
table 1 : explain SELECT SUM(k) FROM sbtest1 WHERE id BETWEEN 9924294 AND 9925293
	Aggregate  (cost=3916.53..3916.54 rows=1 width=8)
	  ->  Bitmap Heap Scan on sbtest1  (cost=30.80..3914.00 rows=1011 width=4)
	        Recheck Cond: ((id >= 9924294) AND (id <= 9925293))
	        ->  Bitmap Index Scan on sbtest1_pkey  (cost=0.00..30.54 rows=1011 width=0)
	              Index Cond: ((id >= 9924294) AND (id <= 9925293))

table 2 : explain SELECT SUM(k) FROM sbtest2 WHERE id BETWEEN 3805411 AND 3806410
	Aggregate  (cost=3544.90..3544.91 rows=1 width=8)
	  ->  Bitmap Heap Scan on sbtest2  (cost=25.80..3542.62 rows=914 width=4)
	        Recheck Cond: ((id >= 3805411) AND (id <= 3806410))
	        ->  Bitmap Index Scan on sbtest2_pkey  (cost=0.00..25.57 rows=914 width=0)
	              Index Cond: ((id >= 3805411) AND (id <= 3806410))

table 3 : explain SELECT SUM(k) FROM sbtest3 WHERE id BETWEEN 6542955 AND 6543954
	Aggregate  (cost=4178.30..4178.31 rows=1 width=8)
	  ->  Bitmap Heap Scan on sbtest3  (cost=31.49..4175.60 rows=1079 width=4)
	        Recheck Cond: ((id >= 6542955) AND (id <= 6543954))
	        ->  Bitmap Index Scan on sbtest3_pkey  (cost=0.00..31.22 rows=1079 width=0)
	              Index Cond: ((id >= 6542955) AND (id <= 6543954))

table 4 : explain SELECT SUM(k) FROM sbtest4 WHERE id BETWEEN 712641 AND 713640
	Aggregate  (cost=3980.77..3980.78 rows=1 width=8)
	  ->  Bitmap Heap Scan on sbtest4  (cost=30.96..3978.20 rows=1027 width=4)
	        Recheck Cond: ((id >= 712641) AND (id <= 713640))
	        ->  Bitmap Index Scan on sbtest4_pkey  (cost=0.00..30.70 rows=1027 width=0)
	              Index Cond: ((id >= 712641) AND (id <= 713640))

table 5 : explain SELECT SUM(k) FROM sbtest5 WHERE id BETWEEN 7800717 AND 7801716
	Aggregate  (cost=3779.92..3779.93 rows=1 width=8)
	  ->  Bitmap Heap Scan on sbtest5  (cost=30.43..3777.48 rows=975 width=4)
	        Recheck Cond: ((id >= 7800717) AND (id <= 7801716))
	        ->  Bitmap Index Scan on sbtest5_pkey  (cost=0.00..30.18 rows=975 width=0)
	              Index Cond: ((id >= 7800717) AND (id <= 7801716))

table 6 : explain SELECT SUM(k) FROM sbtest6 WHERE id BETWEEN 9936849 AND 9937848
	Aggregate  (cost=4226.40..4226.41 rows=1 width=8)
	  ->  Bitmap Heap Scan on sbtest6  (cost=31.64..4223.67 rows=1093 width=4)
	        Recheck Cond: ((id >= 9936849) AND (id <= 9937848))
	        ->  Bitmap Index Scan on sbtest6_pkey  (cost=0.00..31.36 rows=1093 width=0)
	              Index Cond: ((id >= 9936849) AND (id <= 9937848))

table 7 : explain SELECT SUM(k) FROM sbtest7 WHERE id BETWEEN 1584580 AND 1585579
	Aggregate  (cost=3933.31..3933.32 rows=1 width=8)
	  ->  Bitmap Heap Scan on sbtest7  (cost=30.83..3930.78 rows=1014 width=4)
	        Recheck Cond: ((id >= 1584580) AND (id <= 1585579))
	        ->  Bitmap Index Scan on sbtest7_pkey  (cost=0.00..30.57 rows=1014 width=0)
	              Index Cond: ((id >= 1584580) AND (id <= 1585579))

table 8 : explain SELECT SUM(k) FROM sbtest8 WHERE id BETWEEN 6529568 AND 6530567
	Aggregate  (cost=3911.37..3911.38 rows=1 width=8)
	  ->  Bitmap Heap Scan on sbtest8  (cost=30.79..3908.84 rows=1010 width=4)
	        Recheck Cond: ((id >= 6529568) AND (id <= 6530567))
	        ->  Bitmap Index Scan on sbtest8_pkey  (cost=0.00..30.54 rows=1010 width=0)
	              Index Cond: ((id >= 6529568) AND (id <= 6530567))

for: distinct_ranges
table 1 : explain SELECT DISTINCT c FROM sbtest1 WHERE id BETWEEN 6080455 AND 6081454 ORDER BY c
	Unique  (cost=4040.98..4046.13 rows=1031 width=121)
	  ->  Sort  (cost=4040.98..4043.55 rows=1031 width=121)
	        Sort Key: c
	        ->  Bitmap Heap Scan on sbtest1  (cost=31.00..3989.37 rows=1031 width=121)
	              Recheck Cond: ((id >= 6080455) AND (id <= 6081454))
	              ->  Bitmap Index Scan on sbtest1_pkey  (cost=0.00..30.75 rows=1031 width=0)
	                    Index Cond: ((id >= 6080455) AND (id <= 6081454))

table 2 : explain SELECT DISTINCT c FROM sbtest2 WHERE id BETWEEN 187156 AND 188155 ORDER BY c
	Unique  (cost=4173.37..4178.70 rows=1066 width=121)
	  ->  Sort  (cost=4173.37..4176.04 rows=1066 width=121)
	        Sort Key: c
	        ->  Bitmap Heap Scan on sbtest2  (cost=31.36..4119.76 rows=1066 width=121)
	              Recheck Cond: ((id >= 187156) AND (id <= 188155))
	              ->  Bitmap Index Scan on sbtest2_pkey  (cost=0.00..31.09 rows=1066 width=0)
	                    Index Cond: ((id >= 187156) AND (id <= 188155))

table 3 : explain SELECT DISTINCT c FROM sbtest3 WHERE id BETWEEN 7965163 AND 7966162 ORDER BY c
	Unique  (cost=3892.77..3897.72 rows=991 width=121)
	  ->  Sort  (cost=3892.77..3895.25 rows=991 width=121)
	        Sort Key: c
	        ->  Bitmap Heap Scan on sbtest3  (cost=30.59..3843.45 rows=991 width=121)
	              Recheck Cond: ((id >= 7965163) AND (id <= 7966162))
	              ->  Bitmap Index Scan on sbtest3_pkey  (cost=0.00..30.34 rows=991 width=0)
	                    Index Cond: ((id >= 7965163) AND (id <= 7966162))

table 4 : explain SELECT DISTINCT c FROM sbtest4 WHERE id BETWEEN 2999604 AND 3000603 ORDER BY c
	Unique  (cost=3887.76..3892.71 rows=990 width=121)
	  ->  Sort  (cost=3887.76..3890.23 rows=990 width=121)
	        Sort Key: c
	        ->  Bitmap Heap Scan on sbtest4  (cost=30.58..3838.50 rows=990 width=121)
	              Recheck Cond: ((id >= 2999604) AND (id <= 3000603))
	              ->  Bitmap Index Scan on sbtest4_pkey  (cost=0.00..30.33 rows=990 width=0)
	                    Index Cond: ((id >= 2999604) AND (id <= 3000603))

table 5 : explain SELECT DISTINCT c FROM sbtest5 WHERE id BETWEEN 404045 AND 405044 ORDER BY c
	Unique  (cost=3710.76..3715.49 rows=946 width=121)
	  ->  Sort  (cost=3710.76..3713.12 rows=946 width=121)
	        Sort Key: c
	        ->  Bitmap Heap Scan on sbtest5  (cost=26.13..3664.00 rows=946 width=121)
	              Recheck Cond: ((id >= 404045) AND (id <= 405044))
	              ->  Bitmap Index Scan on sbtest5_pkey  (cost=0.00..25.89 rows=946 width=0)
	                    Index Cond: ((id >= 404045) AND (id <= 405044))

table 6 : explain SELECT DISTINCT c FROM sbtest6 WHERE id BETWEEN 485460 AND 486459 ORDER BY c
	Unique  (cost=4057.16..4062.33 rows=1035 width=121)
	  ->  Sort  (cost=4057.16..4059.74 rows=1035 width=121)
	        Sort Key: c
	        ->  Bitmap Heap Scan on sbtest6  (cost=31.04..4005.33 rows=1035 width=121)
	              Recheck Cond: ((id >= 485460) AND (id <= 486459))
	              ->  Bitmap Index Scan on sbtest6_pkey  (cost=0.00..30.79 rows=1035 width=0)
	                    Index Cond: ((id >= 485460) AND (id <= 486459))

table 7 : explain SELECT DISTINCT c FROM sbtest7 WHERE id BETWEEN 8887954 AND 8888953 ORDER BY c
	Unique  (cost=4322.42..4327.93 rows=1102 width=121)
	  ->  Sort  (cost=4322.42..4325.18 rows=1102 width=121)
	        Sort Key: c
	        ->  Bitmap Heap Scan on sbtest7  (cost=35.73..4266.74 rows=1102 width=121)
	              Recheck Cond: ((id >= 8887954) AND (id <= 8888953))
	              ->  Bitmap Index Scan on sbtest7_pkey  (cost=0.00..35.45 rows=1102 width=0)
	                    Index Cond: ((id >= 8887954) AND (id <= 8888953))

table 8 : explain SELECT DISTINCT c FROM sbtest8 WHERE id BETWEEN 7087624 AND 7088623 ORDER BY c
	Unique  (cost=4058.65..4063.83 rows=1036 width=121)
	  ->  Sort  (cost=4058.65..4061.24 rows=1036 width=121)
	        Sort Key: c
	        ->  Bitmap Heap Scan on sbtest8  (cost=31.05..4006.76 rows=1036 width=121)
	              Recheck Cond: ((id >= 7087624) AND (id <= 7088623))
	              ->  Bitmap Index Scan on sbtest8_pkey  (cost=0.00..30.79 rows=1036 width=0)
	                    Index Cond: ((id >= 7087624) AND (id <= 7088623))

for: sum_ranges
table 1 : explain SELECT SUM(k) FROM sbtest1 WHERE id BETWEEN 7309169 AND 7310168
	Aggregate  (cost=3773.09..3773.10 rows=1 width=8)
	  ->  Bitmap Heap Scan on sbtest1  (cost=30.41..3770.66 rows=973 width=4)
	        Recheck Cond: ((id >= 7309169) AND (id <= 7310168))
	        ->  Bitmap Index Scan on sbtest1_pkey  (cost=0.00..30.16 rows=973 width=0)
	              Index Cond: ((id >= 7309169) AND (id <= 7310168))

table 2 : explain SELECT SUM(k) FROM sbtest2 WHERE id BETWEEN 8757760 AND 8758759
	Aggregate  (cost=3934.10..3934.11 rows=1 width=8)
	  ->  Bitmap Heap Scan on sbtest2  (cost=30.85..3931.56 rows=1016 width=4)
	        Recheck Cond: ((id >= 8757760) AND (id <= 8758759))
	        ->  Bitmap Index Scan on sbtest2_pkey  (cost=0.00..30.59 rows=1016 width=0)
	              Index Cond: ((id >= 8757760) AND (id <= 8758759))

table 3 : explain SELECT SUM(k) FROM sbtest3 WHERE id BETWEEN 9972456 AND 9973455
	Aggregate  (cost=3618.77..3618.78 rows=1 width=8)
	  ->  Bitmap Heap Scan on sbtest3  (cost=29.98..3616.44 rows=931 width=4)
	        Recheck Cond: ((id >= 9972456) AND (id <= 9973455))
	        ->  Bitmap Index Scan on sbtest3_pkey  (cost=0.00..29.75 rows=931 width=0)
	              Index Cond: ((id >= 9972456) AND (id <= 9973455))

table 4 : explain SELECT SUM(k) FROM sbtest4 WHERE id BETWEEN 2855685 AND 2856684
	Aggregate  (cost=3682.07..3682.08 rows=1 width=8)
	  ->  Bitmap Heap Scan on sbtest4  (cost=30.15..3679.70 rows=948 width=4)
	        Recheck Cond: ((id >= 2855685) AND (id <= 2856684))
	        ->  Bitmap Index Scan on sbtest4_pkey  (cost=0.00..29.91 rows=948 width=0)
	              Index Cond: ((id >= 2855685) AND (id <= 2856684))

table 5 : explain SELECT SUM(k) FROM sbtest5 WHERE id BETWEEN 3595516 AND 3596515
	Aggregate  (cost=3923.31..3923.32 rows=1 width=8)
	  ->  Bitmap Heap Scan on sbtest5  (cost=30.82..3920.77 rows=1013 width=4)
	        Recheck Cond: ((id >= 3595516) AND (id <= 3596515))
	        ->  Bitmap Index Scan on sbtest5_pkey  (cost=0.00..30.57 rows=1013 width=0)
	              Index Cond: ((id >= 3595516) AND (id <= 3596515))

table 6 : explain SELECT SUM(k) FROM sbtest6 WHERE id BETWEEN 210919 AND 211918
	Aggregate  (cost=3932.48..3932.49 rows=1 width=8)
	  ->  Bitmap Heap Scan on sbtest6  (cost=30.84..3929.94 rows=1015 width=4)
	        Recheck Cond: ((id >= 210919) AND (id <= 211918))
	        ->  Bitmap Index Scan on sbtest6_pkey  (cost=0.00..30.58 rows=1015 width=0)
	              Index Cond: ((id >= 210919) AND (id <= 211918))

table 7 : explain SELECT SUM(k) FROM sbtest7 WHERE id BETWEEN 9330936 AND 9331935
	Aggregate  (cost=3573.65..3573.66 rows=1 width=8)
	  ->  Bitmap Heap Scan on sbtest7  (cost=29.85..3571.35 rows=919 width=4)
	        Recheck Cond: ((id >= 9330936) AND (id <= 9331935))
	        ->  Bitmap Index Scan on sbtest7_pkey  (cost=0.00..29.62 rows=919 width=0)
	              Index Cond: ((id >= 9330936) AND (id <= 9331935))

table 8 : explain SELECT SUM(k) FROM sbtest8 WHERE id BETWEEN 5397017 AND 5398016
	Aggregate  (cost=3730.24..3730.25 rows=1 width=8)
	  ->  Bitmap Heap Scan on sbtest8  (cost=30.30..3727.83 rows=962 width=4)
	        Recheck Cond: ((id >= 5397017) AND (id <= 5398016))
	        ->  Bitmap Index Scan on sbtest8_pkey  (cost=0.00..30.05 rows=962 width=0)
	              Index Cond: ((id >= 5397017) AND (id <= 5398016))

for point_selects
table 1 : explain SELECT c FROM sbtest1 WHERE id=9477753
	Index Scan using sbtest1_pkey on sbtest1  (cost=0.43..8.45 rows=1 width=121)
	  Index Cond: (id = 9477753)

table 2 : explain SELECT c FROM sbtest2 WHERE id=1381361
	Index Scan using sbtest2_pkey on sbtest2  (cost=0.43..8.45 rows=1 width=121)
	  Index Cond: (id = 1381361)

table 3 : explain SELECT c FROM sbtest3 WHERE id=5816027
	Index Scan using sbtest3_pkey on sbtest3  (cost=0.43..8.45 rows=1 width=121)
	  Index Cond: (id = 5816027)

table 4 : explain SELECT c FROM sbtest4 WHERE id=1779791
	Index Scan using sbtest4_pkey on sbtest4  (cost=0.43..8.45 rows=1 width=121)
	  Index Cond: (id = 1779791)

table 5 : explain SELECT c FROM sbtest5 WHERE id=9685138
	Index Scan using sbtest5_pkey on sbtest5  (cost=0.43..8.45 rows=1 width=121)
	  Index Cond: (id = 9685138)

table 6 : explain SELECT c FROM sbtest6 WHERE id=5456143
	Index Scan using sbtest6_pkey on sbtest6  (cost=0.43..8.45 rows=1 width=121)
	  Index Cond: (id = 5456143)

table 7 : explain SELECT c FROM sbtest7 WHERE id=8773602
	Index Scan using sbtest7_pkey on sbtest7  (cost=0.43..8.45 rows=1 width=121)
	  Index Cond: (id = 8773602)

table 8 : explain SELECT c FROM sbtest8 WHERE id=3708721
	Index Scan using sbtest8_pkey on sbtest8  (cost=0.43..8.45 rows=1 width=121)
	  Index Cond: (id = 3708721)

explain: for point_selects :: explain SELECT c FROM sbtest%u WHERE id=%u
for: distinct_ranges
table 1 : explain SELECT DISTINCT c FROM sbtest1 WHERE id BETWEEN 8118071 AND 8119070 ORDER BY c
	Unique  (cost=4083.04..4088.25 rows=1042 width=121)
	  ->  Sort  (cost=4083.04..4085.64 rows=1042 width=121)
	        Sort Key: c
	        ->  Bitmap Heap Scan on sbtest1  (cost=31.12..4030.81 rows=1042 width=121)
	              Recheck Cond: ((id >= 8118071) AND (id <= 8119070))
	              ->  Bitmap Index Scan on sbtest1_pkey  (cost=0.00..30.86 rows=1042 width=0)
	                    Index Cond: ((id >= 8118071) AND (id <= 8119070))

table 2 : explain SELECT DISTINCT c FROM sbtest2 WHERE id BETWEEN 510906 AND 511905 ORDER BY c
	Unique  (cost=4074.05..4079.25 rows=1040 width=121)
	  ->  Sort  (cost=4074.05..4076.65 rows=1040 width=121)
	        Sort Key: c
	        ->  Bitmap Heap Scan on sbtest2  (cost=31.09..4021.93 rows=1040 width=121)
	              Recheck Cond: ((id >= 510906) AND (id <= 511905))
	              ->  Bitmap Index Scan on sbtest2_pkey  (cost=0.00..30.83 rows=1040 width=0)
	                    Index Cond: ((id >= 510906) AND (id <= 511905))

table 3 : explain SELECT DISTINCT c FROM sbtest3 WHERE id BETWEEN 3810506 AND 3811505 ORDER BY c
	Unique  (cost=4023.15..4028.28 rows=1025 width=121)
	  ->  Sort  (cost=4023.15..4025.71 rows=1025 width=121)
	        Sort Key: c
	        ->  Bitmap Heap Scan on sbtest3  (cost=30.94..3971.89 rows=1025 width=121)
	              Recheck Cond: ((id >= 3810506) AND (id <= 3811505))
	              ->  Bitmap Index Scan on sbtest3_pkey  (cost=0.00..30.68 rows=1025 width=0)
	                    Index Cond: ((id >= 3810506) AND (id <= 3811505))

table 4 : explain SELECT DISTINCT c FROM sbtest4 WHERE id BETWEEN 7297212 AND 7298211 ORDER BY c
	Unique  (cost=3538.11..3542.61 rows=900 width=121)
	  ->  Sort  (cost=3538.11..3540.36 rows=900 width=121)
	        Sort Key: c
	        ->  Bitmap Heap Scan on sbtest4  (cost=25.66..3493.95 rows=900 width=121)
	              Recheck Cond: ((id >= 7297212) AND (id <= 7298211))
	              ->  Bitmap Index Scan on sbtest4_pkey  (cost=0.00..25.43 rows=900 width=0)
	                    Index Cond: ((id >= 7297212) AND (id <= 7298211))

table 5 : explain SELECT DISTINCT c FROM sbtest5 WHERE id BETWEEN 3159429 AND 3160428 ORDER BY c
	Unique  (cost=3825.88..3830.76 rows=975 width=121)
	  ->  Sort  (cost=3825.88..3828.32 rows=975 width=121)
	        Sort Key: c
	        ->  Bitmap Heap Scan on sbtest5  (cost=30.43..3777.48 rows=975 width=121)
	              Recheck Cond: ((id >= 3159429) AND (id <= 3160428))
	              ->  Bitmap Index Scan on sbtest5_pkey  (cost=0.00..30.18 rows=975 width=0)
	                    Index Cond: ((id >= 3159429) AND (id <= 3160428))

table 6 : explain SELECT DISTINCT c FROM sbtest6 WHERE id BETWEEN 8463618 AND 8464617 ORDER BY c
	Unique  (cost=3792.92..3797.75 rows=966 width=121)
	  ->  Sort  (cost=3792.92..3795.34 rows=966 width=121)
	        Sort Key: c
	        ->  Bitmap Heap Scan on sbtest6  (cost=30.34..3745.03 rows=966 width=121)
	              Recheck Cond: ((id >= 8463618) AND (id <= 8464617))
	              ->  Bitmap Index Scan on sbtest6_pkey  (cost=0.00..30.09 rows=966 width=0)
	                    Index Cond: ((id >= 8463618) AND (id <= 8464617))

table 7 : explain SELECT DISTINCT c FROM sbtest7 WHERE id BETWEEN 4273045 AND 4274044 ORDER BY c
	Unique  (cost=4195.97..4201.32 rows=1070 width=121)
	  ->  Sort  (cost=4195.97..4198.65 rows=1070 width=121)
	        Sort Key: c
	        ->  Bitmap Heap Scan on sbtest7  (cost=31.40..4142.13 rows=1070 width=121)
	              Recheck Cond: ((id >= 4273045) AND (id <= 4274044))
	              ->  Bitmap Index Scan on sbtest7_pkey  (cost=0.00..31.14 rows=1070 width=0)
	                    Index Cond: ((id >= 4273045) AND (id <= 4274044))

table 8 : explain SELECT DISTINCT c FROM sbtest8 WHERE id BETWEEN 8858489 AND 8859488 ORDER BY c
	Unique  (cost=3947.77..3952.80 rows=1007 width=121)
	  ->  Sort  (cost=3947.77..3950.28 rows=1007 width=121)
	        Sort Key: c
	        ->  Bitmap Heap Scan on sbtest8  (cost=30.76..3897.54 rows=1007 width=121)
	              Recheck Cond: ((id >= 8858489) AND (id <= 8859488))
	              ->  Bitmap Index Scan on sbtest8_pkey  (cost=0.00..30.50 rows=1007 width=0)
	                    Index Cond: ((id >= 8858489) AND (id <= 8859488))

for: sum_ranges
table 1 : explain SELECT SUM(k) FROM sbtest1 WHERE id BETWEEN 1050061 AND 1051060
	Aggregate  (cost=3980.64..3980.65 rows=1 width=8)
	  ->  Bitmap Heap Scan on sbtest1  (cost=30.97..3978.07 rows=1028 width=4)
	        Recheck Cond: ((id >= 1050061) AND (id <= 1051060))
	        ->  Bitmap Index Scan on sbtest1_pkey  (cost=0.00..30.71 rows=1028 width=0)
	              Index Cond: ((id >= 1050061) AND (id <= 1051060))

table 2 : explain SELECT SUM(k) FROM sbtest2 WHERE id BETWEEN 5007428 AND 5008427
	Aggregate  (cost=3900.16..3900.17 rows=1 width=8)
	  ->  Bitmap Heap Scan on sbtest2  (cost=30.76..3897.64 rows=1007 width=4)
	        Recheck Cond: ((id >= 5007428) AND (id <= 5008427))
	        ->  Bitmap Index Scan on sbtest2_pkey  (cost=0.00..30.50 rows=1007 width=0)
	              Index Cond: ((id >= 5007428) AND (id <= 5008427))

table 3 : explain SELECT SUM(k) FROM sbtest3 WHERE id BETWEEN 193774 AND 194773
	Aggregate  (cost=4012.23..4012.24 rows=1 width=8)
	  ->  Bitmap Heap Scan on sbtest3  (cost=31.04..4009.64 rows=1035 width=4)
	        Recheck Cond: ((id >= 193774) AND (id <= 194773))
	        ->  Bitmap Index Scan on sbtest3_pkey  (cost=0.00..30.79 rows=1035 width=0)
	              Index Cond: ((id >= 193774) AND (id <= 194773))

table 4 : explain SELECT SUM(k) FROM sbtest4 WHERE id BETWEEN 7091648 AND 7092647
	Aggregate  (cost=3788.03..3788.04 rows=1 width=8)
	  ->  Bitmap Heap Scan on sbtest4  (cost=30.44..3785.59 rows=976 width=4)
	        Recheck Cond: ((id >= 7091648) AND (id <= 7092647))
	        ->  Bitmap Index Scan on sbtest4_pkey  (cost=0.00..30.19 rows=976 width=0)
	              Index Cond: ((id >= 7091648) AND (id <= 7092647))

table 5 : explain SELECT SUM(k) FROM sbtest5 WHERE id BETWEEN 7539717 AND 7540716
	Aggregate  (cost=3972.32..3972.33 rows=1 width=8)
	  ->  Bitmap Heap Scan on sbtest5  (cost=30.95..3969.75 rows=1026 width=4)
	        Recheck Cond: ((id >= 7539717) AND (id <= 7540716))
	        ->  Bitmap Index Scan on sbtest5_pkey  (cost=0.00..30.69 rows=1026 width=0)
	              Index Cond: ((id >= 7539717) AND (id <= 7540716))

table 6 : explain SELECT SUM(k) FROM sbtest6 WHERE id BETWEEN 2089886 AND 2090885
	Aggregate  (cost=4098.37..4098.38 rows=1 width=8)
	  ->  Bitmap Heap Scan on sbtest6  (cost=31.29..4095.73 rows=1059 width=4)
	        Recheck Cond: ((id >= 2089886) AND (id <= 2090885))
	        ->  Bitmap Index Scan on sbtest6_pkey  (cost=0.00..31.02 rows=1059 width=0)
	              Index Cond: ((id >= 2089886) AND (id <= 2090885))

table 7 : explain SELECT SUM(k) FROM sbtest7 WHERE id BETWEEN 7890584 AND 7891583
	Aggregate  (cost=3910.63..3910.64 rows=1 width=8)
	  ->  Bitmap Heap Scan on sbtest7  (cost=30.77..3908.11 rows=1008 width=4)
	        Recheck Cond: ((id >= 7890584) AND (id <= 7891583))
	        ->  Bitmap Index Scan on sbtest7_pkey  (cost=0.00..30.51 rows=1008 width=0)
	              Index Cond: ((id >= 7890584) AND (id <= 7891583))

table 8 : explain SELECT SUM(k) FROM sbtest8 WHERE id BETWEEN 1741100 AND 1742099
	Aggregate  (cost=4171.23..4171.24 rows=1 width=8)
	  ->  Bitmap Heap Scan on sbtest8  (cost=31.49..4168.53 rows=1079 width=4)
	        Recheck Cond: ((id >= 1741100) AND (id <= 1742099))
	        ->  Bitmap Index Scan on sbtest8_pkey  (cost=0.00..31.22 rows=1079 width=0)
	              Index Cond: ((id >= 1741100) AND (id <= 1742099))

explain: for point_selects :: explain SELECT c FROM sbtest%u WHERE id=%u
explain: for point_selects :: explain SELECT c FROM sbtest%u WHERE id=%u
for: simple_ranges
table 1 : explain SELECT c FROM sbtest1 WHERE id BETWEEN 8317329 AND 8318328
	Bitmap Heap Scan on sbtest1  (cost=25.61..3471.83 rows=895 width=121)
	  Recheck Cond: ((id >= 8317329) AND (id <= 8318328))
	  ->  Bitmap Index Scan on sbtest1_pkey  (cost=0.00..25.39 rows=895 width=0)
	        Index Cond: ((id >= 8317329) AND (id <= 8318328))

table 2 : explain SELECT c FROM sbtest2 WHERE id BETWEEN 9042769 AND 9043768
	Bitmap Heap Scan on sbtest2  (cost=30.54..3818.48 rows=986 width=121)
	  Recheck Cond: ((id >= 9042769) AND (id <= 9043768))
	  ->  Bitmap Index Scan on sbtest2_pkey  (cost=0.00..30.29 rows=986 width=0)
	        Index Cond: ((id >= 9042769) AND (id <= 9043768))

table 3 : explain SELECT c FROM sbtest3 WHERE id BETWEEN 6803061 AND 6804060
	Bitmap Heap Scan on sbtest3  (cost=31.61..4217.05 rows=1090 width=121)
	  Recheck Cond: ((id >= 6803061) AND (id <= 6804060))
	  ->  Bitmap Index Scan on sbtest3_pkey  (cost=0.00..31.33 rows=1090 width=0)
	        Index Cond: ((id >= 6803061) AND (id <= 6804060))

table 4 : explain SELECT c FROM sbtest4 WHERE id BETWEEN 4795717 AND 4796716
	Bitmap Heap Scan on sbtest4  (cost=30.87..3944.24 rows=1018 width=121)
	  Recheck Cond: ((id >= 4795717) AND (id <= 4796716))
	  ->  Bitmap Index Scan on sbtest4_pkey  (cost=0.00..30.61 rows=1018 width=0)
	        Index Cond: ((id >= 4795717) AND (id <= 4796716))

table 5 : explain SELECT c FROM sbtest5 WHERE id BETWEEN 796005 AND 797004
	Bitmap Heap Scan on sbtest5  (cost=32.21..4428.41 rows=1149 width=121)
	  Recheck Cond: ((id >= 796005) AND (id <= 797004))
	  ->  Bitmap Index Scan on sbtest5_pkey  (cost=0.00..31.93 rows=1149 width=0)
	        Index Cond: ((id >= 796005) AND (id <= 797004))

table 6 : explain SELECT c FROM sbtest6 WHERE id BETWEEN 2828014 AND 2829013
	Bitmap Heap Scan on sbtest6  (cost=30.36..3752.58 rows=968 width=121)
	  Recheck Cond: ((id >= 2828014) AND (id <= 2829013))
	  ->  Bitmap Index Scan on sbtest6_pkey  (cost=0.00..30.11 rows=968 width=0)
	        Index Cond: ((id >= 2828014) AND (id <= 2829013))

table 7 : explain SELECT c FROM sbtest7 WHERE id BETWEEN 4150031 AND 4151030
	Bitmap Heap Scan on sbtest7  (cost=29.89..3582.72 rows=922 width=121)
	  Recheck Cond: ((id >= 4150031) AND (id <= 4151030))
	  ->  Bitmap Index Scan on sbtest7_pkey  (cost=0.00..29.65 rows=922 width=0)
	        Index Cond: ((id >= 4150031) AND (id <= 4151030))

table 8 : explain SELECT c FROM sbtest8 WHERE id BETWEEN 2525898 AND 2526897
	Bitmap Heap Scan on sbtest8  (cost=25.71..3508.49 rows=905 width=121)
	  Recheck Cond: ((id >= 2525898) AND (id <= 2526897))
	  ->  Bitmap Index Scan on sbtest8_pkey  (cost=0.00..25.48 rows=905 width=0)
	        Index Cond: ((id >= 2525898) AND (id <= 2526897))

for: order_ranges
table 1 : explain SELECT c FROM sbtest1 WHERE id BETWEEN 1150581 AND 1151580 ORDER BY c
	Sort  (cost=3715.45..3717.82 rows=946 width=121)
	  Sort Key: c
	  ->  Bitmap Heap Scan on sbtest1  (cost=30.13..3668.69 rows=946 width=121)
	        Recheck Cond: ((id >= 1150581) AND (id <= 1151580))
	        ->  Bitmap Index Scan on sbtest1_pkey  (cost=0.00..29.89 rows=946 width=0)
	              Index Cond: ((id >= 1150581) AND (id <= 1151580))

table 2 : explain SELECT c FROM sbtest2 WHERE id BETWEEN 4933946 AND 4934945 ORDER BY c
	Sort  (cost=3947.87..3950.39 rows=1007 width=121)
	  Sort Key: c
	  ->  Bitmap Heap Scan on sbtest2  (cost=30.76..3897.64 rows=1007 width=121)
	        Recheck Cond: ((id >= 4933946) AND (id <= 4934945))
	        ->  Bitmap Index Scan on sbtest2_pkey  (cost=0.00..30.50 rows=1007 width=0)
	              Index Cond: ((id >= 4933946) AND (id <= 4934945))

table 3 : explain SELECT c FROM sbtest3 WHERE id BETWEEN 2811114 AND 2812113 ORDER BY c
	Sort  (cost=3716.15..3718.52 rows=945 width=121)
	  Sort Key: c
	  ->  Bitmap Heap Scan on sbtest3  (cost=30.12..3669.45 rows=945 width=121)
	        Recheck Cond: ((id >= 2811114) AND (id <= 2812113))
	        ->  Bitmap Index Scan on sbtest3_pkey  (cost=0.00..29.89 rows=945 width=0)
	              Index Cond: ((id >= 2811114) AND (id <= 2812113))

table 4 : explain SELECT c FROM sbtest4 WHERE id BETWEEN 767628 AND 768627 ORDER BY c
	Sort  (cost=4029.57..4032.14 rows=1027 width=121)
	  Sort Key: c
	  ->  Bitmap Heap Scan on sbtest4  (cost=30.96..3978.20 rows=1027 width=121)
	        Recheck Cond: ((id >= 767628) AND (id <= 768627))
	        ->  Bitmap Index Scan on sbtest4_pkey  (cost=0.00..30.70 rows=1027 width=0)
	              Index Cond: ((id >= 767628) AND (id <= 768627))

table 5 : explain SELECT c FROM sbtest5 WHERE id BETWEEN 9191271 AND 9192270 ORDER BY c
	Sort  (cost=3994.30..3996.84 rows=1019 width=121)
	  Sort Key: c
	  ->  Bitmap Heap Scan on sbtest5  (cost=30.88..3943.38 rows=1019 width=121)
	        Recheck Cond: ((id >= 9191271) AND (id <= 9192270))
	        ->  Bitmap Index Scan on sbtest5_pkey  (cost=0.00..30.62 rows=1019 width=0)
	              Index Cond: ((id >= 9191271) AND (id <= 9192270))

table 6 : explain SELECT c FROM sbtest6 WHERE id BETWEEN 5793646 AND 5794645 ORDER BY c
	Sort  (cost=3858.08..3860.53 rows=983 width=121)
	  Sort Key: c
	  ->  Bitmap Heap Scan on sbtest6  (cost=30.51..3809.22 rows=983 width=121)
	        Recheck Cond: ((id >= 5793646) AND (id <= 5794645))
	        ->  Bitmap Index Scan on sbtest6_pkey  (cost=0.00..30.26 rows=983 width=0)
	              Index Cond: ((id >= 5793646) AND (id <= 5794645))

table 7 : explain SELECT c FROM sbtest7 WHERE id BETWEEN 4427536 AND 4428535 ORDER BY c
	Sort  (cost=4222.77..4225.46 rows=1077 width=121)
	  Sort Key: c
	  ->  Bitmap Heap Scan on sbtest7  (cost=31.47..4168.53 rows=1077 width=121)
	        Recheck Cond: ((id >= 4427536) AND (id <= 4428535))
	        ->  Bitmap Index Scan on sbtest7_pkey  (cost=0.00..31.20 rows=1077 width=0)
	              Index Cond: ((id >= 4427536) AND (id <= 4428535))

table 8 : explain SELECT c FROM sbtest8 WHERE id BETWEEN 8760888 AND 8761887 ORDER BY c
	Sort  (cost=4123.61..4126.24 rows=1053 width=121)
	  Sort Key: c
	  ->  Bitmap Heap Scan on sbtest8  (cost=31.23..4070.74 rows=1053 width=121)
	        Recheck Cond: ((id >= 8760888) AND (id <= 8761887))
	        ->  Bitmap Index Scan on sbtest8_pkey  (cost=0.00..30.96 rows=1053 width=0)
	              Index Cond: ((id >= 8760888) AND (id <= 8761887))

explain: for point_selects :: explain SELECT c FROM sbtest%u WHERE id=%u
for: order_ranges
table 1 : explain SELECT c FROM sbtest1 WHERE id BETWEEN 7032434 AND 7033433 ORDER BY c
	Sort  (cost=4293.14..4295.89 rows=1097 width=121)
	  Sort Key: c
	  ->  Bitmap Heap Scan on sbtest1  (cost=31.68..4237.75 rows=1097 width=121)
	        Recheck Cond: ((id >= 7032434) AND (id <= 7033433))
	        ->  Bitmap Index Scan on sbtest1_pkey  (cost=0.00..31.40 rows=1097 width=0)
	              Index Cond: ((id >= 7032434) AND (id <= 7033433))

table 2 : explain SELECT c FROM sbtest2 WHERE id BETWEEN 6397268 AND 6398267 ORDER BY c
	Sort  (cost=3974.65..3977.18 rows=1014 width=121)
	  Sort Key: c
	  ->  Bitmap Heap Scan on sbtest2  (cost=30.83..3924.02 rows=1014 width=121)
	        Recheck Cond: ((id >= 6397268) AND (id <= 6398267))
	        ->  Bitmap Index Scan on sbtest2_pkey  (cost=0.00..30.57 rows=1014 width=0)
	              Index Cond: ((id >= 6397268) AND (id <= 6398267))

table 3 : explain SELECT c FROM sbtest3 WHERE id BETWEEN 1938093 AND 1939092 ORDER BY c
	Sort  (cost=3739.20..3741.58 rows=951 width=121)
	  Sort Key: c
	  ->  Bitmap Heap Scan on sbtest3  (cost=30.18..3692.16 rows=951 width=121)
	        Recheck Cond: ((id >= 1938093) AND (id <= 1939092))
	        ->  Bitmap Index Scan on sbtest3_pkey  (cost=0.00..29.94 rows=951 width=0)
	              Index Cond: ((id >= 1938093) AND (id <= 1939092))

table 4 : explain SELECT c FROM sbtest4 WHERE id BETWEEN 7839944 AND 7840943 ORDER BY c
	Sort  (cost=3826.38..3828.81 rows=974 width=121)
	  Sort Key: c
	  ->  Bitmap Heap Scan on sbtest4  (cost=30.42..3778.03 rows=974 width=121)
	        Recheck Cond: ((id >= 7839944) AND (id <= 7840943))
	        ->  Bitmap Index Scan on sbtest4_pkey  (cost=0.00..30.18 rows=974 width=0)
	              Index Cond: ((id >= 7839944) AND (id <= 7840943))

table 5 : explain SELECT c FROM sbtest5 WHERE id BETWEEN 9979135 AND 9980134 ORDER BY c
	Sort  (cost=3902.46..3904.95 rows=995 width=121)
	  Sort Key: c
	  ->  Bitmap Heap Scan on sbtest5  (cost=30.63..3852.92 rows=995 width=121)
	        Recheck Cond: ((id >= 9979135) AND (id <= 9980134))
	        ->  Bitmap Index Scan on sbtest5_pkey  (cost=0.00..30.39 rows=995 width=0)
	              Index Cond: ((id >= 9979135) AND (id <= 9980134))

table 6 : explain SELECT c FROM sbtest6 WHERE id BETWEEN 8336351 AND 8337350 ORDER BY c
	Sort  (cost=3385.71..3387.86 rows=861 width=121)
	  Sort Key: c
	  ->  Bitmap Heap Scan on sbtest6  (cost=25.26..3343.73 rows=861 width=121)
	        Recheck Cond: ((id >= 8336351) AND (id <= 8337350))
	        ->  Bitmap Index Scan on sbtest6_pkey  (cost=0.00..25.04 rows=861 width=0)
	              Index Cond: ((id >= 8336351) AND (id <= 8337350))

table 7 : explain SELECT c FROM sbtest7 WHERE id BETWEEN 3097962 AND 3098961 ORDER BY c
	Sort  (cost=3912.36..3914.85 rows=996 width=121)
	  Sort Key: c
	  ->  Bitmap Heap Scan on sbtest7  (cost=30.64..3862.76 rows=996 width=121)
	        Recheck Cond: ((id >= 3097962) AND (id <= 3098961))
	        ->  Bitmap Index Scan on sbtest7_pkey  (cost=0.00..30.39 rows=996 width=0)
	              Index Cond: ((id >= 3097962) AND (id <= 3098961))

table 8 : explain SELECT c FROM sbtest8 WHERE id BETWEEN 5124575 AND 5125574 ORDER BY c
	Sort  (cost=4192.35..4195.02 rows=1071 width=121)
	  Sort Key: c
	  ->  Bitmap Heap Scan on sbtest8  (cost=31.41..4138.45 rows=1071 width=121)
	        Recheck Cond: ((id >= 5124575) AND (id <= 5125574))
	        ->  Bitmap Index Scan on sbtest8_pkey  (cost=0.00..31.14 rows=1071 width=0)
	              Index Cond: ((id >= 5124575) AND (id <= 5125574))

for: simple_ranges
table 1 : explain SELECT c FROM sbtest1 WHERE id BETWEEN 8369704 AND 8370703
	Bitmap Heap Scan on sbtest1  (cost=25.61..3471.83 rows=895 width=121)
	  Recheck Cond: ((id >= 8369704) AND (id <= 8370703))
	  ->  Bitmap Index Scan on sbtest1_pkey  (cost=0.00..25.39 rows=895 width=0)
	        Index Cond: ((id >= 8369704) AND (id <= 8370703))

table 2 : explain SELECT c FROM sbtest2 WHERE id BETWEEN 3306133 AND 3307132
	Bitmap Heap Scan on sbtest2  (cost=30.93..3961.69 rows=1024 width=121)
	  Recheck Cond: ((id >= 3306133) AND (id <= 3307132))
	  ->  Bitmap Index Scan on sbtest2_pkey  (cost=0.00..30.68 rows=1024 width=0)
	        Index Cond: ((id >= 3306133) AND (id <= 3307132))

table 3 : explain SELECT c FROM sbtest3 WHERE id BETWEEN 1688039 AND 1689038
	Bitmap Heap Scan on sbtest3  (cost=30.47..3798.09 rows=979 width=121)
	  Recheck Cond: ((id >= 1688039) AND (id <= 1689038))
	  ->  Bitmap Index Scan on sbtest3_pkey  (cost=0.00..30.22 rows=979 width=0)
	        Index Cond: ((id >= 1688039) AND (id <= 1689038))

table 4 : explain SELECT c FROM sbtest4 WHERE id BETWEEN 8143055 AND 8144054
	Bitmap Heap Scan on sbtest4  (cost=30.47..3796.93 rows=979 width=121)
	  Recheck Cond: ((id >= 8143055) AND (id <= 8144054))
	  ->  Bitmap Index Scan on sbtest4_pkey  (cost=0.00..30.22 rows=979 width=0)
	        Index Cond: ((id >= 8143055) AND (id <= 8144054))

table 5 : explain SELECT c FROM sbtest5 WHERE id BETWEEN 3804874 AND 3805873
	Bitmap Heap Scan on sbtest5  (cost=30.36..3751.06 rows=968 width=121)
	  Recheck Cond: ((id >= 3804874) AND (id <= 3805873))
	  ->  Bitmap Index Scan on sbtest5_pkey  (cost=0.00..30.11 rows=968 width=0)
	        Index Cond: ((id >= 3804874) AND (id <= 3805873))

table 6 : explain SELECT c FROM sbtest6 WHERE id BETWEEN 3016863 AND 3017862
	Bitmap Heap Scan on sbtest6  (cost=30.36..3752.58 rows=968 width=121)
	  Recheck Cond: ((id >= 3016863) AND (id <= 3017862))
	  ->  Bitmap Index Scan on sbtest6_pkey  (cost=0.00..30.11 rows=968 width=0)
	        Index Cond: ((id >= 3016863) AND (id <= 3017862))

table 7 : explain SELECT c FROM sbtest7 WHERE id BETWEEN 4124453 AND 4125452
	Bitmap Heap Scan on sbtest7  (cost=29.89..3582.72 rows=922 width=121)
	  Recheck Cond: ((id >= 4124453) AND (id <= 4125452))
	  ->  Bitmap Index Scan on sbtest7_pkey  (cost=0.00..29.65 rows=922 width=0)
	        Index Cond: ((id >= 4124453) AND (id <= 4125452))

table 8 : explain SELECT c FROM sbtest8 WHERE id BETWEEN 6107988 AND 6108987
	Bitmap Heap Scan on sbtest8  (cost=31.49..4168.53 rows=1079 width=121)
	  Recheck Cond: ((id >= 6107988) AND (id <= 6108987))
	  ->  Bitmap Index Scan on sbtest8_pkey  (cost=0.00..31.22 rows=1079 width=0)
	        Index Cond: ((id >= 6107988) AND (id <= 6108987))

for: order_ranges
table 1 : explain SELECT c FROM sbtest1 WHERE id BETWEEN 9129859 AND 9130858 ORDER BY c
	Sort  (cost=4174.76..4177.43 rows=1066 width=121)
	  Sort Key: c
	  ->  Bitmap Heap Scan on sbtest1  (cost=31.36..4121.16 rows=1066 width=121)
	        Recheck Cond: ((id >= 9129859) AND (id <= 9130858))
	        ->  Bitmap Index Scan on sbtest1_pkey  (cost=0.00..31.09 rows=1066 width=0)
	              Index Cond: ((id >= 9129859) AND (id <= 9130858))

table 2 : explain SELECT c FROM sbtest2 WHERE id BETWEEN 1749063 AND 1750062 ORDER BY c
	Sort  (cost=3898.13..3900.62 rows=994 width=121)
	  Sort Key: c
	  ->  Bitmap Heap Scan on sbtest2  (cost=30.62..3848.64 rows=994 width=121)
	        Recheck Cond: ((id >= 1749063) AND (id <= 1750062))
	        ->  Bitmap Index Scan on sbtest2_pkey  (cost=0.00..30.37 rows=994 width=0)
	              Index Cond: ((id >= 1749063) AND (id <= 1750062))

table 3 : explain SELECT c FROM sbtest3 WHERE id BETWEEN 5910040 AND 5911039 ORDER BY c
	Sort  (cost=4030.82..4033.38 rows=1027 width=121)
	  Sort Key: c
	  ->  Bitmap Heap Scan on sbtest3  (cost=30.96..3979.45 rows=1027 width=121)
	        Recheck Cond: ((id >= 5910040) AND (id <= 5911039))
	        ->  Bitmap Index Scan on sbtest3_pkey  (cost=0.00..30.70 rows=1027 width=0)
	              Index Cond: ((id >= 5910040) AND (id <= 5911039))

table 4 : explain SELECT c FROM sbtest4 WHERE id BETWEEN 2139076 AND 2140075 ORDER BY c
	Sort  (cost=3903.10..3905.58 rows=994 width=121)
	  Sort Key: c
	  ->  Bitmap Heap Scan on sbtest4  (cost=30.62..3853.61 rows=994 width=121)
	        Recheck Cond: ((id >= 2139076) AND (id <= 2140075))
	        ->  Bitmap Index Scan on sbtest4_pkey  (cost=0.00..30.37 rows=994 width=0)
	              Index Cond: ((id >= 2139076) AND (id <= 2140075))

table 5 : explain SELECT c FROM sbtest5 WHERE id BETWEEN 4390660 AND 4391659 ORDER BY c
	Sort  (cost=3726.09..3728.47 rows=950 width=121)
	  Sort Key: c
	  ->  Bitmap Heap Scan on sbtest5  (cost=26.17..3679.11 rows=950 width=121)
	        Recheck Cond: ((id >= 4390660) AND (id <= 4391659))
	        ->  Bitmap Index Scan on sbtest5_pkey  (cost=0.00..25.93 rows=950 width=0)
	              Index Cond: ((id >= 4390660) AND (id <= 4391659))

table 6 : explain SELECT c FROM sbtest6 WHERE id BETWEEN 9340547 AND 9341546 ORDER BY c
	Sort  (cost=3980.63..3983.16 rows=1015 width=121)
	  Sort Key: c
	  ->  Bitmap Heap Scan on sbtest6  (cost=30.84..3929.94 rows=1015 width=121)
	        Recheck Cond: ((id >= 9340547) AND (id <= 9341546))
	        ->  Bitmap Index Scan on sbtest6_pkey  (cost=0.00..30.58 rows=1015 width=0)
	              Index Cond: ((id >= 9340547) AND (id <= 9341546))

table 7 : explain SELECT c FROM sbtest7 WHERE id BETWEEN 2258615 AND 2259614 ORDER BY c
	Sort  (cost=3958.40..3960.92 rows=1008 width=121)
	  Sort Key: c
	  ->  Bitmap Heap Scan on sbtest7  (cost=30.77..3908.11 rows=1008 width=121)
	        Recheck Cond: ((id >= 2258615) AND (id <= 2259614))
	        ->  Bitmap Index Scan on sbtest7_pkey  (cost=0.00..30.51 rows=1008 width=0)
	              Index Cond: ((id >= 2258615) AND (id <= 2259614))

table 8 : explain SELECT c FROM sbtest8 WHERE id BETWEEN 3041014 AND 3042013 ORDER BY c
	Sort  (cost=4104.51..4107.13 rows=1048 width=121)
	  Sort Key: c
	  ->  Bitmap Heap Scan on sbtest8  (cost=31.18..4051.93 rows=1048 width=121)
	        Recheck Cond: ((id >= 3041014) AND (id <= 3042013))
	        ->  Bitmap Index Scan on sbtest8_pkey  (cost=0.00..30.91 rows=1048 width=0)
	              Index Cond: ((id >= 3041014) AND (id <= 3042013))

explain: for point_selects :: explain SELECT c FROM sbtest%u WHERE id=%u
for point_selects
table 1 : explain SELECT c FROM sbtest1 WHERE id=1236670
	Index Scan using sbtest1_pkey on sbtest1  (cost=0.43..8.45 rows=1 width=121)
	  Index Cond: (id = 1236670)

table 2 : explain SELECT c FROM sbtest2 WHERE id=2419303
	Index Scan using sbtest2_pkey on sbtest2  (cost=0.43..8.45 rows=1 width=121)
	  Index Cond: (id = 2419303)

table 3 : explain SELECT c FROM sbtest3 WHERE id=3278566
	Index Scan using sbtest3_pkey on sbtest3  (cost=0.43..8.45 rows=1 width=121)
	  Index Cond: (id = 3278566)

table 4 : explain SELECT c FROM sbtest4 WHERE id=9922561
	Index Scan using sbtest4_pkey on sbtest4  (cost=0.43..8.45 rows=1 width=121)
	  Index Cond: (id = 9922561)

table 5 : explain SELECT c FROM sbtest5 WHERE id=9154484
	Index Scan using sbtest5_pkey on sbtest5  (cost=0.43..8.45 rows=1 width=121)
	  Index Cond: (id = 9154484)

table 6 : explain SELECT c FROM sbtest6 WHERE id=8729430
	Index Scan using sbtest6_pkey on sbtest6  (cost=0.43..8.45 rows=1 width=121)
	  Index Cond: (id = 8729430)

table 7 : explain SELECT c FROM sbtest7 WHERE id=2595577
	Index Scan using sbtest7_pkey on sbtest7  (cost=0.43..8.45 rows=1 width=121)
	  Index Cond: (id = 2595577)

table 8 : explain SELECT c FROM sbtest8 WHERE id=1718857
	Index Scan using sbtest8_pkey on sbtest8  (cost=0.43..8.45 rows=1 width=121)
	  Index Cond: (id = 1718857)

for: distinct_ranges
table 1 : explain SELECT DISTINCT c FROM sbtest1 WHERE id BETWEEN 9922022 AND 9923021 ORDER BY c
	Unique  (cost=3964.46..3969.51 rows=1011 width=121)
	  ->  Sort  (cost=3964.46..3966.99 rows=1011 width=121)
	        Sort Key: c
	        ->  Bitmap Heap Scan on sbtest1  (cost=30.80..3914.00 rows=1011 width=121)
	              Recheck Cond: ((id >= 9922022) AND (id <= 9923021))
	              ->  Bitmap Index Scan on sbtest1_pkey  (cost=0.00..30.54 rows=1011 width=0)
	                    Index Cond: ((id >= 9922022) AND (id <= 9923021))

table 2 : explain SELECT DISTINCT c FROM sbtest2 WHERE id BETWEEN 7032659 AND 7033658 ORDER BY c
	Unique  (cost=3909.61..3914.60 rows=997 width=121)
	  ->  Sort  (cost=3909.61..3912.10 rows=997 width=121)
	        Sort Key: c
	        ->  Bitmap Heap Scan on sbtest2  (cost=30.65..3859.95 rows=997 width=121)
	              Recheck Cond: ((id >= 7032659) AND (id <= 7033658))
	              ->  Bitmap Index Scan on sbtest2_pkey  (cost=0.00..30.40 rows=997 width=0)
	                    Index Cond: ((id >= 7032659) AND (id <= 7033658))

table 3 : explain SELECT DISTINCT c FROM sbtest3 WHERE id BETWEEN 6034046 AND 6035045 ORDER BY c
	Unique  (cost=3827.53..3832.40 rows=974 width=121)
	  ->  Sort  (cost=3827.53..3829.96 rows=974 width=121)
	        Sort Key: c
	        ->  Bitmap Heap Scan on sbtest3  (cost=30.42..3779.18 rows=974 width=121)
	              Recheck Cond: ((id >= 6034046) AND (id <= 6035045))
	              ->  Bitmap Index Scan on sbtest3_pkey  (cost=0.00..30.18 rows=974 width=0)
	                    Index Cond: ((id >= 6034046) AND (id <= 6035045))

table 4 : explain SELECT DISTINCT c FROM sbtest4 WHERE id BETWEEN 1317978 AND 1318977 ORDER BY c
	Unique  (cost=3568.88..3573.42 rows=908 width=121)
	  ->  Sort  (cost=3568.88..3571.15 rows=908 width=121)
	        Sort Key: c
	        ->  Bitmap Heap Scan on sbtest4  (cost=25.74..3524.26 rows=908 width=121)
	              Recheck Cond: ((id >= 1317978) AND (id <= 1318977))
	              ->  Bitmap Index Scan on sbtest4_pkey  (cost=0.00..25.51 rows=908 width=0)
	                    Index Cond: ((id >= 1317978) AND (id <= 1318977))

table 5 : explain SELECT DISTINCT c FROM sbtest5 WHERE id BETWEEN 8432085 AND 8433084 ORDER BY c
	Unique  (cost=4139.56..4144.84 rows=1057 width=121)
	  ->  Sort  (cost=4139.56..4142.20 rows=1057 width=121)
	        Sort Key: c
	        ->  Bitmap Heap Scan on sbtest5  (cost=31.27..4086.46 rows=1057 width=121)
	              Recheck Cond: ((id >= 8432085) AND (id <= 8433084))
	              ->  Bitmap Index Scan on sbtest5_pkey  (cost=0.00..31.00 rows=1057 width=0)
	                    Index Cond: ((id >= 8432085) AND (id <= 8433084))

table 6 : explain SELECT DISTINCT c FROM sbtest6 WHERE id BETWEEN 3260657 AND 3261656 ORDER BY c
	Unique  (cost=3731.57..3736.32 rows=950 width=121)
	  ->  Sort  (cost=3731.57..3733.94 rows=950 width=121)
	        Sort Key: c
	        ->  Bitmap Heap Scan on sbtest6  (cost=30.17..3684.58 rows=950 width=121)
	              Recheck Cond: ((id >= 3260657) AND (id <= 3261656))
	              ->  Bitmap Index Scan on sbtest6_pkey  (cost=0.00..29.93 rows=950 width=0)
	                    Index Cond: ((id >= 3260657) AND (id <= 3261656))

table 7 : explain SELECT DISTINCT c FROM sbtest7 WHERE id BETWEEN 6745257 AND 6746256 ORDER BY c
	Unique  (cost=4058.08..4063.25 rows=1034 width=121)
	  ->  Sort  (cost=4058.08..4060.66 rows=1034 width=121)
	        Sort Key: c
	        ->  Bitmap Heap Scan on sbtest7  (cost=31.03..4006.31 rows=1034 width=121)
	              Recheck Cond: ((id >= 6745257) AND (id <= 6746256))
	              ->  Bitmap Index Scan on sbtest7_pkey  (cost=0.00..30.77 rows=1034 width=0)
	                    Index Cond: ((id >= 6745257) AND (id <= 6746256))

table 8 : explain SELECT DISTINCT c FROM sbtest8 WHERE id BETWEEN 8969394 AND 8970393 ORDER BY c
	Unique  (cost=4306.83..4312.33 rows=1101 width=121)
	  ->  Sort  (cost=4306.83..4309.58 rows=1101 width=121)
	        Sort Key: c
	        ->  Bitmap Heap Scan on sbtest8  (cost=31.72..4251.20 rows=1101 width=121)
	              Recheck Cond: ((id >= 8969394) AND (id <= 8970393))
	              ->  Bitmap Index Scan on sbtest8_pkey  (cost=0.00..31.44 rows=1101 width=0)
	                    Index Cond: ((id >= 8969394) AND (id <= 8970393))

for: distinct_ranges
table 1 : explain SELECT DISTINCT c FROM sbtest1 WHERE id BETWEEN 2501919 AND 2502918 ORDER BY c
	Unique  (cost=4006.55..4011.66 rows=1022 width=121)
	  ->  Sort  (cost=4006.55..4009.10 rows=1022 width=121)
	        Sort Key: c
	        ->  Bitmap Heap Scan on sbtest1  (cost=30.91..3955.46 rows=1022 width=121)
	              Recheck Cond: ((id >= 2501919) AND (id <= 2502918))
	              ->  Bitmap Index Scan on sbtest1_pkey  (cost=0.00..30.65 rows=1022 width=0)
	                    Index Cond: ((id >= 2501919) AND (id <= 2502918))

table 2 : explain SELECT DISTINCT c FROM sbtest2 WHERE id BETWEEN 3489948 AND 3490947 ORDER BY c
	Unique  (cost=4387.11..4392.73 rows=1123 width=121)
	  ->  Sort  (cost=4387.11..4389.92 rows=1123 width=121)
	        Sort Key: c
	        ->  Bitmap Heap Scan on sbtest2  (cost=31.95..4330.21 rows=1123 width=121)
	              Recheck Cond: ((id >= 3489948) AND (id <= 3490947))
	              ->  Bitmap Index Scan on sbtest2_pkey  (cost=0.00..31.66 rows=1123 width=0)
	                    Index Cond: ((id >= 3489948) AND (id <= 3490947))

table 3 : explain SELECT DISTINCT c FROM sbtest3 WHERE id BETWEEN 7982594 AND 7983593 ORDER BY c
	Unique  (cost=3892.77..3897.72 rows=991 width=121)
	  ->  Sort  (cost=3892.77..3895.25 rows=991 width=121)
	        Sort Key: c
	        ->  Bitmap Heap Scan on sbtest3  (cost=30.59..3843.45 rows=991 width=121)
	              Recheck Cond: ((id >= 7982594) AND (id <= 7983593))
	              ->  Bitmap Index Scan on sbtest3_pkey  (cost=0.00..30.34 rows=991 width=0)
	                    Index Cond: ((id >= 7982594) AND (id <= 7983593))

table 4 : explain SELECT DISTINCT c FROM sbtest4 WHERE id BETWEEN 8298960 AND 8299959 ORDER BY c
	Unique  (cost=3822.54..3827.41 rows=973 width=121)
	  ->  Sort  (cost=3822.54..3824.97 rows=973 width=121)
	        Sort Key: c
	        ->  Bitmap Heap Scan on sbtest4  (cost=30.41..3774.25 rows=973 width=121)
	              Recheck Cond: ((id >= 8298960) AND (id <= 8299959))
	              ->  Bitmap Index Scan on sbtest4_pkey  (cost=0.00..30.16 rows=973 width=0)
	                    Index Cond: ((id >= 8298960) AND (id <= 8299959))

table 5 : explain SELECT DISTINCT c FROM sbtest5 WHERE id BETWEEN 1065950 AND 1066949 ORDER BY c
	Unique  (cost=3864.18..3869.11 rows=985 width=121)
	  ->  Sort  (cost=3864.18..3866.64 rows=985 width=121)
	        Sort Key: c
	        ->  Bitmap Heap Scan on sbtest5  (cost=30.53..3815.21 rows=985 width=121)
	              Recheck Cond: ((id >= 1065950) AND (id <= 1066949))
	              ->  Bitmap Index Scan on sbtest5_pkey  (cost=0.00..30.29 rows=985 width=0)
	                    Index Cond: ((id >= 1065950) AND (id <= 1066949))

table 6 : explain SELECT DISTINCT c FROM sbtest6 WHERE id BETWEEN 247 AND 1246 ORDER BY c
	Unique  (cost=3942.34..3947.37 rows=1005 width=121)
	  ->  Sort  (cost=3942.34..3944.85 rows=1005 width=121)
	        Sort Key: c
	        ->  Bitmap Heap Scan on sbtest6  (cost=30.74..3892.23 rows=1005 width=121)
	              Recheck Cond: ((id >= 247) AND (id <= 1246))
	              ->  Bitmap Index Scan on sbtest6_pkey  (cost=0.00..30.48 rows=1005 width=0)
	                    Index Cond: ((id >= 247) AND (id <= 1246))

table 7 : explain SELECT DISTINCT c FROM sbtest7 WHERE id BETWEEN 4349202 AND 4350201 ORDER BY c
	Unique  (cost=3628.12..3632.73 rows=922 width=121)
	  ->  Sort  (cost=3628.12..3630.42 rows=922 width=121)
	        Sort Key: c
	        ->  Bitmap Heap Scan on sbtest7  (cost=29.89..3582.72 rows=922 width=121)
	              Recheck Cond: ((id >= 4349202) AND (id <= 4350201))
	              ->  Bitmap Index Scan on sbtest7_pkey  (cost=0.00..29.65 rows=922 width=0)
	                    Index Cond: ((id >= 4349202) AND (id <= 4350201))

table 8 : explain SELECT DISTINCT c FROM sbtest8 WHERE id BETWEEN 6601475 AND 6602474 ORDER BY c
	Unique  (cost=4085.40..4090.62 rows=1043 width=121)
	  ->  Sort  (cost=4085.40..4088.01 rows=1043 width=121)
	        Sort Key: c
	        ->  Bitmap Heap Scan on sbtest8  (cost=31.13..4033.11 rows=1043 width=121)
	              Recheck Cond: ((id >= 6601475) AND (id <= 6602474))
	              ->  Bitmap Index Scan on sbtest8_pkey  (cost=0.00..30.86 rows=1043 width=0)
	                    Index Cond: ((id >= 6601475) AND (id <= 6602474))

for: sum_ranges
table 1 : explain SELECT SUM(k) FROM sbtest1 WHERE id BETWEEN 9505951 AND 9506950
	Aggregate  (cost=3409.66..3409.67 rows=1 width=8)
	  ->  Bitmap Heap Scan on sbtest1  (cost=25.43..3407.47 rows=878 width=4)
	        Recheck Cond: ((id >= 9505951) AND (id <= 9506950))
	        ->  Bitmap Index Scan on sbtest1_pkey  (cost=0.00..25.21 rows=878 width=0)
	              Index Cond: ((id >= 9505951) AND (id <= 9506950))

table 2 : explain SELECT SUM(k) FROM sbtest2 WHERE id BETWEEN 144987 AND 145986
	Aggregate  (cost=4122.43..4122.44 rows=1 width=8)
	  ->  Bitmap Heap Scan on sbtest2  (cost=31.36..4119.76 rows=1066 width=4)
	        Recheck Cond: ((id >= 144987) AND (id <= 145986))
	        ->  Bitmap Index Scan on sbtest2_pkey  (cost=0.00..31.09 rows=1066 width=0)
	              Index Cond: ((id >= 144987) AND (id <= 145986))

table 3 : explain SELECT SUM(k) FROM sbtest3 WHERE id BETWEEN 1772652 AND 1773651
	Aggregate  (cost=3834.58..3834.59 rows=1 width=8)
	  ->  Bitmap Heap Scan on sbtest3  (cost=30.56..3832.11 rows=988 width=4)
	        Recheck Cond: ((id >= 1772652) AND (id <= 1773651))
	        ->  Bitmap Index Scan on sbtest3_pkey  (cost=0.00..30.32 rows=988 width=0)
	              Index Cond: ((id >= 1772652) AND (id <= 1773651))

table 4 : explain SELECT SUM(k) FROM sbtest4 WHERE id BETWEEN 456379 AND 457378
	Aggregate  (cost=4342.71..4342.72 rows=1 width=8)
	  ->  Bitmap Heap Scan on sbtest4  (cost=31.95..4339.91 rows=1123 width=4)
	        Recheck Cond: ((id >= 456379) AND (id <= 457378))
	        ->  Bitmap Index Scan on sbtest4_pkey  (cost=0.00..31.66 rows=1123 width=0)
	              Index Cond: ((id >= 456379) AND (id <= 457378))

table 5 : explain SELECT SUM(k) FROM sbtest5 WHERE id BETWEEN 2969162 AND 2970161
	Aggregate  (cost=4017.54..4017.55 rows=1 width=8)
	  ->  Bitmap Heap Scan on sbtest5  (cost=31.07..4014.95 rows=1038 width=4)
	        Recheck Cond: ((id >= 2969162) AND (id <= 2970161))
	        ->  Bitmap Index Scan on sbtest5_pkey  (cost=0.00..30.82 rows=1038 width=0)
	              Index Cond: ((id >= 2969162) AND (id <= 2970161))

table 6 : explain SELECT SUM(k) FROM sbtest6 WHERE id BETWEEN 8068243 AND 8069242
	Aggregate  (cost=4136.05..4136.06 rows=1 width=8)
	  ->  Bitmap Heap Scan on sbtest6  (cost=31.39..4133.37 rows=1069 width=4)
	        Recheck Cond: ((id >= 8068243) AND (id <= 8069242))
	        ->  Bitmap Index Scan on sbtest6_pkey  (cost=0.00..31.12 rows=1069 width=0)
	              Index Cond: ((id >= 8068243) AND (id <= 8069242))

table 7 : explain SELECT SUM(k) FROM sbtest7 WHERE id BETWEEN 9611250 AND 9612249
	Aggregate  (cost=3887.94..3887.95 rows=1 width=8)
	  ->  Bitmap Heap Scan on sbtest7  (cost=30.71..3885.44 rows=1002 width=4)
	        Recheck Cond: ((id >= 9611250) AND (id <= 9612249))
	        ->  Bitmap Index Scan on sbtest7_pkey  (cost=0.00..30.45 rows=1002 width=0)
	              Index Cond: ((id >= 9611250) AND (id <= 9612249))

table 8 : explain SELECT SUM(k) FROM sbtest8 WHERE id BETWEEN 9400933 AND 9401932
	Aggregate  (cost=3533.46..3533.47 rows=1 width=8)
	  ->  Bitmap Heap Scan on sbtest8  (cost=25.77..3531.18 rows=911 width=4)
	        Recheck Cond: ((id >= 9400933) AND (id <= 9401932))
	        ->  Bitmap Index Scan on sbtest8_pkey  (cost=0.00..25.54 rows=911 width=0)
	              Index Cond: ((id >= 9400933) AND (id <= 9401932))

for point_selects
table 1 : explain SELECT c FROM sbtest1 WHERE id=4628777
	Index Scan using sbtest1_pkey on sbtest1  (cost=0.43..8.45 rows=1 width=121)
	  Index Cond: (id = 4628777)

table 2 : explain SELECT c FROM sbtest2 WHERE id=575864
	Index Scan using sbtest2_pkey on sbtest2  (cost=0.43..8.45 rows=1 width=121)
	  Index Cond: (id = 575864)

table 3 : explain SELECT c FROM sbtest3 WHERE id=6271825
	Index Scan using sbtest3_pkey on sbtest3  (cost=0.43..8.45 rows=1 width=121)
	  Index Cond: (id = 6271825)

table 4 : explain SELECT c FROM sbtest4 WHERE id=4626012
	Index Scan using sbtest4_pkey on sbtest4  (cost=0.43..8.45 rows=1 width=121)
	  Index Cond: (id = 4626012)

table 5 : explain SELECT c FROM sbtest5 WHERE id=5046384
	Index Scan using sbtest5_pkey on sbtest5  (cost=0.43..8.45 rows=1 width=121)
	  Index Cond: (id = 5046384)

table 6 : explain SELECT c FROM sbtest6 WHERE id=2691700
	Index Scan using sbtest6_pkey on sbtest6  (cost=0.43..8.45 rows=1 width=121)
	  Index Cond: (id = 2691700)

table 7 : explain SELECT c FROM sbtest7 WHERE id=5122920
	Index Scan using sbtest7_pkey on sbtest7  (cost=0.43..8.45 rows=1 width=121)
	  Index Cond: (id = 5122920)

table 8 : explain SELECT c FROM sbtest8 WHERE id=4961755
	Index Scan using sbtest8_pkey on sbtest8  (cost=0.43..8.45 rows=1 width=121)
	  Index Cond: (id = 4961755)

for: sum_ranges
table 1 : explain SELECT SUM(k) FROM sbtest1 WHERE id BETWEEN 1968068 AND 1969067
	Aggregate  (cost=3908.98..3908.99 rows=1 width=8)
	  ->  Bitmap Heap Scan on sbtest1  (cost=30.78..3906.46 rows=1009 width=4)
	        Recheck Cond: ((id >= 1968068) AND (id <= 1969067))
	        ->  Bitmap Index Scan on sbtest1_pkey  (cost=0.00..30.52 rows=1009 width=0)
	              Index Cond: ((id >= 1968068) AND (id <= 1969067))

table 2 : explain SELECT SUM(k) FROM sbtest2 WHERE id BETWEEN 5883768 AND 5884767
	Aggregate  (cost=3469.21..3469.22 rows=1 width=8)
	  ->  Bitmap Heap Scan on sbtest2  (cost=25.60..3466.98 rows=894 width=4)
	        Recheck Cond: ((id >= 5883768) AND (id <= 5884767))
	        ->  Bitmap Index Scan on sbtest2_pkey  (cost=0.00..25.37 rows=894 width=0)
	              Index Cond: ((id >= 5883768) AND (id <= 5884767))

table 3 : explain SELECT SUM(k) FROM sbtest3 WHERE id BETWEEN 2455816 AND 2456815
	Aggregate  (cost=3668.02..3668.03 rows=1 width=8)
	  ->  Bitmap Heap Scan on sbtest3  (cost=30.11..3665.66 rows=944 width=4)
	        Recheck Cond: ((id >= 2455816) AND (id <= 2456815))
	        ->  Bitmap Index Scan on sbtest3_pkey  (cost=0.00..29.87 rows=944 width=0)
	              Index Cond: ((id >= 2455816) AND (id <= 2456815))

table 4 : explain SELECT SUM(k) FROM sbtest4 WHERE id BETWEEN 1148710 AND 1149709
	Aggregate  (cost=3980.77..3980.78 rows=1 width=8)
	  ->  Bitmap Heap Scan on sbtest4  (cost=30.96..3978.20 rows=1027 width=4)
	        Recheck Cond: ((id >= 1148710) AND (id <= 1149709))
	        ->  Bitmap Index Scan on sbtest4_pkey  (cost=0.00..30.70 rows=1027 width=0)
	              Index Cond: ((id >= 1148710) AND (id <= 1149709))

table 5 : explain SELECT SUM(k) FROM sbtest5 WHERE id BETWEEN 3788100 AND 3789099
	Aggregate  (cost=3753.48..3753.49 rows=1 width=8)
	  ->  Bitmap Heap Scan on sbtest5  (cost=30.36..3751.06 rows=968 width=4)
	        Recheck Cond: ((id >= 3788100) AND (id <= 3789099))
	        ->  Bitmap Index Scan on sbtest5_pkey  (cost=0.00..30.11 rows=968 width=0)
	              Index Cond: ((id >= 3788100) AND (id <= 3789099))

table 6 : explain SELECT SUM(k) FROM sbtest6 WHERE id BETWEEN 2454338 AND 2455337
	Aggregate  (cost=3800.34..3800.35 rows=1 width=8)
	  ->  Bitmap Heap Scan on sbtest6  (cost=30.48..3797.89 rows=980 width=4)
	        Recheck Cond: ((id >= 2454338) AND (id <= 2455337))
	        ->  Bitmap Index Scan on sbtest6_pkey  (cost=0.00..30.23 rows=980 width=0)
	              Index Cond: ((id >= 2454338) AND (id <= 2455337))

table 7 : explain SELECT SUM(k) FROM sbtest7 WHERE id BETWEEN 7344156 AND 7345155
	Aggregate  (cost=4016.45..4016.46 rows=1 width=8)
	  ->  Bitmap Heap Scan on sbtest7  (cost=31.05..4013.86 rows=1036 width=4)
	        Recheck Cond: ((id >= 7344156) AND (id <= 7345155))
	        ->  Bitmap Index Scan on sbtest7_pkey  (cost=0.00..30.79 rows=1036 width=0)
	              Index Cond: ((id >= 7344156) AND (id <= 7345155))

table 8 : explain SELECT SUM(k) FROM sbtest8 WHERE id BETWEEN 3323480 AND 3324479
	Aggregate  (cost=3896.28..3896.29 rows=1 width=8)
	  ->  Bitmap Heap Scan on sbtest8  (cost=30.75..3893.77 rows=1006 width=4)
	        Recheck Cond: ((id >= 3323480) AND (id <= 3324479))
	        ->  Bitmap Index Scan on sbtest8_pkey  (cost=0.00..30.50 rows=1006 width=0)
	              Index Cond: ((id >= 3323480) AND (id <= 3324479))

for: distinct_ranges
table 1 : explain SELECT DISTINCT c FROM sbtest1 WHERE id BETWEEN 4249369 AND 4250368 ORDER BY c
	Unique  (cost=3891.72..3896.68 rows=992 width=121)
	  ->  Sort  (cost=3891.72..3894.20 rows=992 width=121)
	        Sort Key: c
	        ->  Bitmap Heap Scan on sbtest1  (cost=30.60..3842.35 rows=992 width=121)
	              Recheck Cond: ((id >= 4249369) AND (id <= 4250368))
	              ->  Bitmap Index Scan on sbtest1_pkey  (cost=0.00..30.36 rows=992 width=0)
	                    Index Cond: ((id >= 4249369) AND (id <= 4250368))

table 2 : explain SELECT DISTINCT c FROM sbtest2 WHERE id BETWEEN 9901207 AND 9902206 ORDER BY c
	Unique  (cost=3936.40..3941.42 rows=1004 width=121)
	  ->  Sort  (cost=3936.40..3938.91 rows=1004 width=121)
	        Sort Key: c
	        ->  Bitmap Heap Scan on sbtest2  (cost=30.73..3886.34 rows=1004 width=121)
	              Recheck Cond: ((id >= 9901207) AND (id <= 9902206))
	              ->  Bitmap Index Scan on sbtest2_pkey  (cost=0.00..30.47 rows=1004 width=0)
	                    Index Cond: ((id >= 9901207) AND (id <= 9902206))

table 3 : explain SELECT DISTINCT c FROM sbtest3 WHERE id BETWEEN 5647260 AND 5648259 ORDER BY c
	Unique  (cost=4023.15..4028.28 rows=1025 width=121)
	  ->  Sort  (cost=4023.15..4025.71 rows=1025 width=121)
	        Sort Key: c
	        ->  Bitmap Heap Scan on sbtest3  (cost=30.94..3971.89 rows=1025 width=121)
	              Recheck Cond: ((id >= 5647260) AND (id <= 5648259))
	              ->  Bitmap Index Scan on sbtest3_pkey  (cost=0.00..30.68 rows=1025 width=0)
	                    Index Cond: ((id >= 5647260) AND (id <= 5648259))

table 4 : explain SELECT DISTINCT c FROM sbtest4 WHERE id BETWEEN 7689215 AND 7690214 ORDER BY c
	Unique  (cost=4132.96..4138.23 rows=1054 width=121)
	  ->  Sort  (cost=4132.96..4135.60 rows=1054 width=121)
	        Sort Key: c
	        ->  Bitmap Heap Scan on sbtest4  (cost=31.24..4080.04 rows=1054 width=121)
	              Recheck Cond: ((id >= 7689215) AND (id <= 7690214))
	              ->  Bitmap Index Scan on sbtest4_pkey  (cost=0.00..30.97 rows=1054 width=0)
	                    Index Cond: ((id >= 7689215) AND (id <= 7690214))

table 5 : explain SELECT DISTINCT c FROM sbtest5 WHERE id BETWEEN 9603352 AND 9604351 ORDER BY c
	Unique  (cost=3741.42..3746.19 rows=954 width=121)
	  ->  Sort  (cost=3741.42..3743.81 rows=954 width=121)
	        Sort Key: c
	        ->  Bitmap Heap Scan on sbtest5  (cost=26.21..3694.21 rows=954 width=121)
	              Recheck Cond: ((id >= 9603352) AND (id <= 9604351))
	              ->  Bitmap Index Scan on sbtest5_pkey  (cost=0.00..25.97 rows=954 width=0)
	                    Index Cond: ((id >= 9603352) AND (id <= 9604351))

table 6 : explain SELECT DISTINCT c FROM sbtest6 WHERE id BETWEEN 2248252 AND 2249251 ORDER BY c
	Unique  (cost=3781.42..3786.23 rows=963 width=121)
	  ->  Sort  (cost=3781.42..3783.83 rows=963 width=121)
	        Sort Key: c
	        ->  Bitmap Heap Scan on sbtest6  (cost=30.31..3733.70 rows=963 width=121)
	              Recheck Cond: ((id >= 2248252) AND (id <= 2249251))
	              ->  Bitmap Index Scan on sbtest6_pkey  (cost=0.00..30.07 rows=963 width=0)
	                    Index Cond: ((id >= 2248252) AND (id <= 2249251))

table 7 : explain SELECT DISTINCT c FROM sbtest7 WHERE id BETWEEN 2356679 AND 2357678 ORDER BY c
	Unique  (cost=4440.94..4446.60 rows=1133 width=121)
	  ->  Sort  (cost=4440.94..4443.77 rows=1133 width=121)
	        Sort Key: c
	        ->  Bitmap Heap Scan on sbtest7  (cost=36.05..4383.46 rows=1133 width=121)
	              Recheck Cond: ((id >= 2356679) AND (id <= 2357678))
	              ->  Bitmap Index Scan on sbtest7_pkey  (cost=0.00..35.77 rows=1133 width=0)
	                    Index Cond: ((id >= 2356679) AND (id <= 2357678))

table 8 : explain SELECT DISTINCT c FROM sbtest8 WHERE id BETWEEN 775159 AND 776158 ORDER BY c
	Unique  (cost=3675.85..3680.53 rows=936 width=121)
	  ->  Sort  (cost=3675.85..3678.19 rows=936 width=121)
	        Sort Key: c
	        ->  Bitmap Heap Scan on sbtest8  (cost=30.03..3629.66 rows=936 width=121)
	              Recheck Cond: ((id >= 775159) AND (id <= 776158))
	              ->  Bitmap Index Scan on sbtest8_pkey  (cost=0.00..29.79 rows=936 width=0)
	                    Index Cond: ((id >= 775159) AND (id <= 776158))

for: simple_ranges
table 1 : explain SELECT c FROM sbtest1 WHERE id BETWEEN 1906952 AND 1907951
	Bitmap Heap Scan on sbtest1  (cost=31.15..4042.11 rows=1045 width=121)
	  Recheck Cond: ((id >= 1906952) AND (id <= 1907951))
	  ->  Bitmap Index Scan on sbtest1_pkey  (cost=0.00..30.89 rows=1045 width=0)
	        Index Cond: ((id >= 1906952) AND (id <= 1907951))

table 2 : explain SELECT c FROM sbtest2 WHERE id BETWEEN 3687250 AND 3688249
	Bitmap Heap Scan on sbtest2  (cost=30.70..3875.03 rows=1001 width=121)
	  Recheck Cond: ((id >= 3687250) AND (id <= 3688249))
	  ->  Bitmap Index Scan on sbtest2_pkey  (cost=0.00..30.44 rows=1001 width=0)
	        Index Cond: ((id >= 3687250) AND (id <= 3688249))

table 3 : explain SELECT c FROM sbtest3 WHERE id BETWEEN 9279084 AND 9280083
	Bitmap Heap Scan on sbtest3  (cost=30.48..3801.87 rows=980 width=121)
	  Recheck Cond: ((id >= 9279084) AND (id <= 9280083))
	  ->  Bitmap Index Scan on sbtest3_pkey  (cost=0.00..30.23 rows=980 width=0)
	        Index Cond: ((id >= 9279084) AND (id <= 9280083))

table 4 : explain SELECT c FROM sbtest4 WHERE id BETWEEN 784225 AND 785224
	Bitmap Heap Scan on sbtest4  (cost=30.93..3966.88 rows=1024 width=121)
	  Recheck Cond: ((id >= 784225) AND (id <= 785224))
	  ->  Bitmap Index Scan on sbtest4_pkey  (cost=0.00..30.68 rows=1024 width=0)
	        Index Cond: ((id >= 784225) AND (id <= 785224))

table 5 : explain SELECT c FROM sbtest5 WHERE id BETWEEN 2900922 AND 2901921
	Bitmap Heap Scan on sbtest5  (cost=25.34..3372.77 rows=869 width=121)
	  Recheck Cond: ((id >= 2900922) AND (id <= 2901921))
	  ->  Bitmap Index Scan on sbtest5_pkey  (cost=0.00..25.12 rows=869 width=0)
	        Index Cond: ((id >= 2900922) AND (id <= 2901921))

table 6 : explain SELECT c FROM sbtest6 WHERE id BETWEEN 3841606 AND 3842605
	Bitmap Heap Scan on sbtest6  (cost=31.05..4009.10 rows=1036 width=121)
	  Recheck Cond: ((id >= 3841606) AND (id <= 3842605))
	  ->  Bitmap Index Scan on sbtest6_pkey  (cost=0.00..30.79 rows=1036 width=0)
	        Index Cond: ((id >= 3841606) AND (id <= 3842605))

table 7 : explain SELECT c FROM sbtest7 WHERE id BETWEEN 651904 AND 652903
	Bitmap Heap Scan on sbtest7  (cost=30.73..3893.00 rows=1004 width=121)
	  Recheck Cond: ((id >= 651904) AND (id <= 652903))
	  ->  Bitmap Index Scan on sbtest7_pkey  (cost=0.00..30.47 rows=1004 width=0)
	        Index Cond: ((id >= 651904) AND (id <= 652903))

table 8 : explain SELECT c FROM sbtest8 WHERE id BETWEEN 3418218 AND 3419217
	Bitmap Heap Scan on sbtest8  (cost=30.22..3701.41 rows=955 width=121)
	  Recheck Cond: ((id >= 3418218) AND (id <= 3419217))
	  ->  Bitmap Index Scan on sbtest8_pkey  (cost=0.00..29.98 rows=955 width=0)
	        Index Cond: ((id >= 3418218) AND (id <= 3419217))

for point_selects
table 1 : explain SELECT c FROM sbtest1 WHERE id=5228414
	Index Scan using sbtest1_pkey on sbtest1  (cost=0.43..8.45 rows=1 width=121)
	  Index Cond: (id = 5228414)

table 2 : explain SELECT c FROM sbtest2 WHERE id=1116840
	Index Scan using sbtest2_pkey on sbtest2  (cost=0.43..8.45 rows=1 width=121)
	  Index Cond: (id = 1116840)

table 3 : explain SELECT c FROM sbtest3 WHERE id=1416427
	Index Scan using sbtest3_pkey on sbtest3  (cost=0.43..8.45 rows=1 width=121)
	  Index Cond: (id = 1416427)

table 4 : explain SELECT c FROM sbtest4 WHERE id=2271588
	Index Scan using sbtest4_pkey on sbtest4  (cost=0.43..8.45 rows=1 width=121)
	  Index Cond: (id = 2271588)

table 5 : explain SELECT c FROM sbtest5 WHERE id=9117122
	Index Scan using sbtest5_pkey on sbtest5  (cost=0.43..8.45 rows=1 width=121)
	  Index Cond: (id = 9117122)

table 6 : explain SELECT c FROM sbtest6 WHERE id=4818726
	Index Scan using sbtest6_pkey on sbtest6  (cost=0.43..8.45 rows=1 width=121)
	  Index Cond: (id = 4818726)

table 7 : explain SELECT c FROM sbtest7 WHERE id=5291175
	Index Scan using sbtest7_pkey on sbtest7  (cost=0.43..8.45 rows=1 width=121)
	  Index Cond: (id = 5291175)

table 8 : explain SELECT c FROM sbtest8 WHERE id=8506572
	Index Scan using sbtest8_pkey on sbtest8  (cost=0.43..8.45 rows=1 width=121)
	  Index Cond: (id = 8506572)

explain: for point_selects :: explain SELECT c FROM sbtest%u WHERE id=%u
explain: for point_selects :: explain SELECT c FROM sbtest%u WHERE id=%u
explain: for point_selects :: explain SELECT c FROM sbtest%u WHERE id=%u
for point_selects
table 1 : explain SELECT c FROM sbtest1 WHERE id=263741
	Index Scan using sbtest1_pkey on sbtest1  (cost=0.43..8.45 rows=1 width=121)
	  Index Cond: (id = 263741)

table 2 : explain SELECT c FROM sbtest2 WHERE id=2070174
	Index Scan using sbtest2_pkey on sbtest2  (cost=0.43..8.45 rows=1 width=121)
	  Index Cond: (id = 2070174)

table 3 : explain SELECT c FROM sbtest3 WHERE id=6269785
	Index Scan using sbtest3_pkey on sbtest3  (cost=0.43..8.45 rows=1 width=121)
	  Index Cond: (id = 6269785)

table 4 : explain SELECT c FROM sbtest4 WHERE id=2892517
	Index Scan using sbtest4_pkey on sbtest4  (cost=0.43..8.45 rows=1 width=121)
	  Index Cond: (id = 2892517)

table 5 : explain SELECT c FROM sbtest5 WHERE id=9919844
	Index Scan using sbtest5_pkey on sbtest5  (cost=0.43..8.45 rows=1 width=121)
	  Index Cond: (id = 9919844)

table 6 : explain SELECT c FROM sbtest6 WHERE id=1385426
	Index Scan using sbtest6_pkey on sbtest6  (cost=0.43..8.45 rows=1 width=121)
	  Index Cond: (id = 1385426)

table 7 : explain SELECT c FROM sbtest7 WHERE id=7754719
	Index Scan using sbtest7_pkey on sbtest7  (cost=0.43..8.45 rows=1 width=121)
	  Index Cond: (id = 7754719)

table 8 : explain SELECT c FROM sbtest8 WHERE id=8487229
	Index Scan using sbtest8_pkey on sbtest8  (cost=0.43..8.45 rows=1 width=121)
	  Index Cond: (id = 8487229)

for: simple_ranges
table 1 : explain SELECT c FROM sbtest1 WHERE id BETWEEN 7614297 AND 7615296
	Bitmap Heap Scan on sbtest1  (cost=25.66..3490.75 rows=900 width=121)
	  Recheck Cond: ((id >= 7614297) AND (id <= 7615296))
	  ->  Bitmap Index Scan on sbtest1_pkey  (cost=0.00..25.43 rows=900 width=0)
	        Index Cond: ((id >= 7614297) AND (id <= 7615296))

table 2 : explain SELECT c FROM sbtest2 WHERE id BETWEEN 9576338 AND 9577337
	Bitmap Heap Scan on sbtest2  (cost=30.55..3822.25 rows=987 width=121)
	  Recheck Cond: ((id >= 9576338) AND (id <= 9577337))
	  ->  Bitmap Index Scan on sbtest2_pkey  (cost=0.00..30.30 rows=987 width=0)
	        Index Cond: ((id >= 9576338) AND (id <= 9577337))

table 3 : explain SELECT c FROM sbtest3 WHERE id BETWEEN 4794526 AND 4795525
	Bitmap Heap Scan on sbtest3  (cost=29.91..3589.93 rows=924 width=121)
	  Recheck Cond: ((id >= 4794526) AND (id <= 4795525))
	  ->  Bitmap Index Scan on sbtest3_pkey  (cost=0.00..29.68 rows=924 width=0)
	        Index Cond: ((id >= 4794526) AND (id <= 4795525))

table 4 : explain SELECT c FROM sbtest4 WHERE id BETWEEN 2321067 AND 2322066
	Bitmap Heap Scan on sbtest4  (cost=30.56..3830.94 rows=988 width=121)
	  Recheck Cond: ((id >= 2321067) AND (id <= 2322066))
	  ->  Bitmap Index Scan on sbtest4_pkey  (cost=0.00..30.32 rows=988 width=0)
	        Index Cond: ((id >= 2321067) AND (id <= 2322066))

table 5 : explain SELECT c FROM sbtest5 WHERE id BETWEEN 1087157 AND 1088156
	Bitmap Heap Scan on sbtest5  (cost=30.53..3815.21 rows=985 width=121)
	  Recheck Cond: ((id >= 1087157) AND (id <= 1088156))
	  ->  Bitmap Index Scan on sbtest5_pkey  (cost=0.00..30.29 rows=985 width=0)
	        Index Cond: ((id >= 1087157) AND (id <= 1088156))

table 6 : explain SELECT c FROM sbtest6 WHERE id BETWEEN 2546898 AND 2547897
	Bitmap Heap Scan on sbtest6  (cost=31.70..4246.24 rows=1099 width=121)
	  Recheck Cond: ((id >= 2546898) AND (id <= 2547897))
	  ->  Bitmap Index Scan on sbtest6_pkey  (cost=0.00..31.43 rows=1099 width=0)
	        Index Cond: ((id >= 2546898) AND (id <= 2547897))

table 7 : explain SELECT c FROM sbtest7 WHERE id BETWEEN 3550369 AND 3551368
	Bitmap Heap Scan on sbtest7  (cost=31.04..4010.08 rows=1035 width=121)
	  Recheck Cond: ((id >= 3550369) AND (id <= 3551368))
	  ->  Bitmap Index Scan on sbtest7_pkey  (cost=0.00..30.79 rows=1035 width=0)
	        Index Cond: ((id >= 3550369) AND (id <= 3551368))

table 8 : explain SELECT c FROM sbtest8 WHERE id BETWEEN 9273545 AND 9274544
	Bitmap Heap Scan on sbtest8  (cost=30.79..3908.84 rows=1010 width=121)
	  Recheck Cond: ((id >= 9273545) AND (id <= 9274544))
	  ->  Bitmap Index Scan on sbtest8_pkey  (cost=0.00..30.54 rows=1010 width=0)
	        Index Cond: ((id >= 9273545) AND (id <= 9274544))

for: order_ranges
table 1 : explain SELECT c FROM sbtest1 WHERE id BETWEEN 5131793 AND 5132792 ORDER BY c
	Sort  (cost=3592.51..3594.80 rows=915 width=121)
	  Sort Key: c
	  ->  Bitmap Heap Scan on sbtest1  (cost=25.81..3547.50 rows=915 width=121)
	        Recheck Cond: ((id >= 5131793) AND (id <= 5132792))
	        ->  Bitmap Index Scan on sbtest1_pkey  (cost=0.00..25.58 rows=915 width=0)
	              Index Cond: ((id >= 5131793) AND (id <= 5132792))

table 2 : explain SELECT c FROM sbtest2 WHERE id BETWEEN 5210325 AND 5211324 ORDER BY c
	Sort  (cost=4219.19..4221.88 rows=1078 width=121)
	  Sort Key: c
	  ->  Bitmap Heap Scan on sbtest2  (cost=31.48..4164.89 rows=1078 width=121)
	        Recheck Cond: ((id >= 5210325) AND (id <= 5211324))
	        ->  Bitmap Index Scan on sbtest2_pkey  (cost=0.00..31.21 rows=1078 width=0)
	              Index Cond: ((id >= 5210325) AND (id <= 5211324))

table 3 : explain SELECT c FROM sbtest3 WHERE id BETWEEN 8276257 AND 8277256 ORDER BY c
	Sort  (cost=3877.42..3879.89 rows=987 width=121)
	  Sort Key: c
	  ->  Bitmap Heap Scan on sbtest3  (cost=30.55..3828.33 rows=987 width=121)
	        Recheck Cond: ((id >= 8276257) AND (id <= 8277256))
	        ->  Bitmap Index Scan on sbtest3_pkey  (cost=0.00..30.30 rows=987 width=0)
	              Index Cond: ((id >= 8276257) AND (id <= 8277256))

table 4 : explain SELECT c FROM sbtest4 WHERE id BETWEEN 7571983 AND 7572982 ORDER BY c
	Sort  (cost=4381.52..4384.32 rows=1119 width=121)
	  Sort Key: c
	  ->  Bitmap Heap Scan on sbtest4  (cost=31.90..4324.86 rows=1119 width=121)
	        Recheck Cond: ((id >= 7571983) AND (id <= 7572982))
	        ->  Bitmap Index Scan on sbtest4_pkey  (cost=0.00..31.62 rows=1119 width=0)
	              Index Cond: ((id >= 7571983) AND (id <= 7572982))

table 5 : explain SELECT c FROM sbtest5 WHERE id BETWEEN 1285892 AND 1286891 ORDER BY c
	Sort  (cost=3603.36..3605.66 rows=918 width=121)
	  Sort Key: c
	  ->  Bitmap Heap Scan on sbtest5  (cost=25.84..3558.19 rows=918 width=121)
	        Recheck Cond: ((id >= 1285892) AND (id <= 1286891))
	        ->  Bitmap Index Scan on sbtest5_pkey  (cost=0.00..25.61 rows=918 width=0)
	              Index Cond: ((id >= 1285892) AND (id <= 1286891))

table 6 : explain SELECT c FROM sbtest6 WHERE id BETWEEN 8364539 AND 8365538 ORDER BY c
	Sort  (cost=3385.71..3387.86 rows=861 width=121)
	  Sort Key: c
	  ->  Bitmap Heap Scan on sbtest6  (cost=25.26..3343.73 rows=861 width=121)
	        Recheck Cond: ((id >= 8364539) AND (id <= 8365538))
	        ->  Bitmap Index Scan on sbtest6_pkey  (cost=0.00..25.04 rows=861 width=0)
	              Index Cond: ((id >= 8364539) AND (id <= 8365538))

table 7 : explain SELECT c FROM sbtest7 WHERE id BETWEEN 4171641 AND 4172640 ORDER BY c
	Sort  (cost=3628.12..3630.42 rows=922 width=121)
	  Sort Key: c
	  ->  Bitmap Heap Scan on sbtest7  (cost=29.89..3582.72 rows=922 width=121)
	        Recheck Cond: ((id >= 4171641) AND (id <= 4172640))
	        ->  Bitmap Index Scan on sbtest7_pkey  (cost=0.00..29.65 rows=922 width=0)
	              Index Cond: ((id >= 4171641) AND (id <= 4172640))

table 8 : explain SELECT c FROM sbtest8 WHERE id BETWEEN 9624876 AND 9625875 ORDER BY c
	Sort  (cost=3986.01..3988.56 rows=1017 width=121)
	  Sort Key: c
	  ->  Bitmap Heap Scan on sbtest8  (cost=30.86..3935.21 rows=1017 width=121)
	        Recheck Cond: ((id >= 9624876) AND (id <= 9625875))
	        ->  Bitmap Index Scan on sbtest8_pkey  (cost=0.00..30.61 rows=1017 width=0)
	              Index Cond: ((id >= 9624876) AND (id <= 9625875))

explain: for point_selects :: explain SELECT c FROM sbtest%u WHERE id=%u
for point_selects
table 1 : explain SELECT c FROM sbtest1 WHERE id=1066728
	Index Scan using sbtest1_pkey on sbtest1  (cost=0.43..8.45 rows=1 width=121)
	  Index Cond: (id = 1066728)

table 2 : explain SELECT c FROM sbtest2 WHERE id=4942656
	Index Scan using sbtest2_pkey on sbtest2  (cost=0.43..8.45 rows=1 width=121)
	  Index Cond: (id = 4942656)

table 3 : explain SELECT c FROM sbtest3 WHERE id=1469189
	Index Scan using sbtest3_pkey on sbtest3  (cost=0.43..8.45 rows=1 width=121)
	  Index Cond: (id = 1469189)

table 4 : explain SELECT c FROM sbtest4 WHERE id=295961
	Index Scan using sbtest4_pkey on sbtest4  (cost=0.43..8.45 rows=1 width=121)
	  Index Cond: (id = 295961)

table 5 : explain SELECT c FROM sbtest5 WHERE id=1544458
	Index Scan using sbtest5_pkey on sbtest5  (cost=0.43..8.45 rows=1 width=121)
	  Index Cond: (id = 1544458)

table 6 : explain SELECT c FROM sbtest6 WHERE id=1782468
	Index Scan using sbtest6_pkey on sbtest6  (cost=0.43..8.45 rows=1 width=121)
	  Index Cond: (id = 1782468)

table 7 : explain SELECT c FROM sbtest7 WHERE id=8626587
	Index Scan using sbtest7_pkey on sbtest7  (cost=0.43..8.45 rows=1 width=121)
	  Index Cond: (id = 8626587)

table 8 : explain SELECT c FROM sbtest8 WHERE id=1671192
	Index Scan using sbtest8_pkey on sbtest8  (cost=0.43..8.45 rows=1 width=121)
	  Index Cond: (id = 1671192)

for: order_ranges
table 1 : explain SELECT c FROM sbtest1 WHERE id BETWEEN 1277665 AND 1278664 ORDER BY c
	Sort  (cost=4159.48..4162.14 rows=1062 width=121)
	  Sort Key: c
	  ->  Bitmap Heap Scan on sbtest1  (cost=31.32..4106.10 rows=1062 width=121)
	        Recheck Cond: ((id >= 1277665) AND (id <= 1278664))
	        ->  Bitmap Index Scan on sbtest1_pkey  (cost=0.00..31.05 rows=1062 width=0)
	              Index Cond: ((id >= 1277665) AND (id <= 1278664))

table 2 : explain SELECT c FROM sbtest2 WHERE id BETWEEN 9303253 AND 9304252 ORDER BY c
	Sort  (cost=3587.57..3589.85 rows=914 width=121)
	  Sort Key: c
	  ->  Bitmap Heap Scan on sbtest2  (cost=25.80..3542.62 rows=914 width=121)
	        Recheck Cond: ((id >= 9303253) AND (id <= 9304252))
	        ->  Bitmap Index Scan on sbtest2_pkey  (cost=0.00..25.57 rows=914 width=0)
	              Index Cond: ((id >= 9303253) AND (id <= 9304252))

table 3 : explain SELECT c FROM sbtest3 WHERE id BETWEEN 9065525 AND 9066524 ORDER BY c
	Sort  (cost=3873.58..3876.05 rows=986 width=121)
	  Sort Key: c
	  ->  Bitmap Heap Scan on sbtest3  (cost=30.54..3824.55 rows=986 width=121)
	        Recheck Cond: ((id >= 9065525) AND (id <= 9066524))
	        ->  Bitmap Index Scan on sbtest3_pkey  (cost=0.00..30.29 rows=986 width=0)
	              Index Cond: ((id >= 9065525) AND (id <= 9066524))

table 4 : explain SELECT c FROM sbtest4 WHERE id BETWEEN 9275878 AND 9276877 ORDER BY c
	Sort  (cost=3768.81..3771.21 rows=959 width=121)
	  Sort Key: c
	  ->  Bitmap Heap Scan on sbtest4  (cost=30.26..3721.31 rows=959 width=121)
	        Recheck Cond: ((id >= 9275878) AND (id <= 9276877))
	        ->  Bitmap Index Scan on sbtest4_pkey  (cost=0.00..30.02 rows=959 width=0)
	              Index Cond: ((id >= 9275878) AND (id <= 9276877))

table 5 : explain SELECT c FROM sbtest5 WHERE id BETWEEN 8583041 AND 8584040 ORDER BY c
	Sort  (cost=3990.47..3993.02 rows=1018 width=121)
	  Sort Key: c
	  ->  Bitmap Heap Scan on sbtest5  (cost=30.87..3939.61 rows=1018 width=121)
	        Recheck Cond: ((id >= 8583041) AND (id <= 8584040))
	        ->  Bitmap Index Scan on sbtest5_pkey  (cost=0.00..30.61 rows=1018 width=0)
	              Index Cond: ((id >= 8583041) AND (id <= 8584040))

table 6 : explain SELECT c FROM sbtest6 WHERE id BETWEEN 6503242 AND 6504241 ORDER BY c
	Sort  (cost=4045.68..4048.26 rows=1032 width=121)
	  Sort Key: c
	  ->  Bitmap Heap Scan on sbtest6  (cost=31.01..3994.02 rows=1032 width=121)
	        Recheck Cond: ((id >= 6503242) AND (id <= 6504241))
	        ->  Bitmap Index Scan on sbtest6_pkey  (cost=0.00..30.75 rows=1032 width=0)
	              Index Cond: ((id >= 6503242) AND (id <= 6504241))

table 7 : explain SELECT c FROM sbtest7 WHERE id BETWEEN 4330859 AND 4331858 ORDER BY c
	Sort  (cost=3628.12..3630.42 rows=922 width=121)
	  Sort Key: c
	  ->  Bitmap Heap Scan on sbtest7  (cost=29.89..3582.72 rows=922 width=121)
	        Recheck Cond: ((id >= 4330859) AND (id <= 4331858))
	        ->  Bitmap Index Scan on sbtest7_pkey  (cost=0.00..29.65 rows=922 width=0)
	              Index Cond: ((id >= 4330859) AND (id <= 4331858))

table 8 : explain SELECT c FROM sbtest8 WHERE id BETWEEN 7137221 AND 7138220 ORDER BY c
	Sort  (cost=4058.65..4061.24 rows=1036 width=121)
	  Sort Key: c
	  ->  Bitmap Heap Scan on sbtest8  (cost=31.05..4006.76 rows=1036 width=121)
	        Recheck Cond: ((id >= 7137221) AND (id <= 7138220))
	        ->  Bitmap Index Scan on sbtest8_pkey  (cost=0.00..30.79 rows=1036 width=0)
	              Index Cond: ((id >= 7137221) AND (id <= 7138220))

for point_selects
table 1 : explain SELECT c FROM sbtest1 WHERE id=4712459
	Index Scan using sbtest1_pkey on sbtest1  (cost=0.43..8.45 rows=1 width=121)
	  Index Cond: (id = 4712459)

table 2 : explain SELECT c FROM sbtest2 WHERE id=9774972
	Index Scan using sbtest2_pkey on sbtest2  (cost=0.43..8.45 rows=1 width=121)
	  Index Cond: (id = 9774972)

table 3 : explain SELECT c FROM sbtest3 WHERE id=4832591
	Index Scan using sbtest3_pkey on sbtest3  (cost=0.43..8.45 rows=1 width=121)
	  Index Cond: (id = 4832591)

table 4 : explain SELECT c FROM sbtest4 WHERE id=9701406
	Index Scan using sbtest4_pkey on sbtest4  (cost=0.43..8.45 rows=1 width=121)
	  Index Cond: (id = 9701406)

table 5 : explain SELECT c FROM sbtest5 WHERE id=141714
	Index Scan using sbtest5_pkey on sbtest5  (cost=0.43..8.45 rows=1 width=121)
	  Index Cond: (id = 141714)

table 6 : explain SELECT c FROM sbtest6 WHERE id=9908716
	Index Scan using sbtest6_pkey on sbtest6  (cost=0.43..8.45 rows=1 width=121)
	  Index Cond: (id = 9908716)

table 7 : explain SELECT c FROM sbtest7 WHERE id=5625975
	Index Scan using sbtest7_pkey on sbtest7  (cost=0.43..8.45 rows=1 width=121)
	  Index Cond: (id = 5625975)

table 8 : explain SELECT c FROM sbtest8 WHERE id=1344221
	Index Scan using sbtest8_pkey on sbtest8  (cost=0.43..8.45 rows=1 width=121)
	  Index Cond: (id = 1344221)

for: simple_ranges
table 1 : explain SELECT c FROM sbtest1 WHERE id BETWEEN 3278972 AND 3279971
	Bitmap Heap Scan on sbtest1  (cost=30.30..3729.13 rows=962 width=121)
	  Recheck Cond: ((id >= 3278972) AND (id <= 3279971))
	  ->  Bitmap Index Scan on sbtest1_pkey  (cost=0.00..30.05 rows=962 width=0)
	        Index Cond: ((id >= 3278972) AND (id <= 3279971))

table 2 : explain SELECT c FROM sbtest2 WHERE id BETWEEN 1302713 AND 1303712
	Bitmap Heap Scan on sbtest2  (cost=30.36..3750.58 rows=968 width=121)
	  Recheck Cond: ((id >= 1302713) AND (id <= 1303712))
	  ->  Bitmap Index Scan on sbtest2_pkey  (cost=0.00..30.11 rows=968 width=0)
	        Index Cond: ((id >= 1302713) AND (id <= 1303712))

table 3 : explain SELECT c FROM sbtest3 WHERE id BETWEEN 6824880 AND 6825879
	Bitmap Heap Scan on sbtest3  (cost=30.40..3771.61 rows=972 width=121)
	  Recheck Cond: ((id >= 6824880) AND (id <= 6825879))
	  ->  Bitmap Index Scan on sbtest3_pkey  (cost=0.00..30.15 rows=972 width=0)
	        Index Cond: ((id >= 6824880) AND (id <= 6825879))

table 4 : explain SELECT c FROM sbtest4 WHERE id BETWEEN 2582341 AND 2583340
	Bitmap Heap Scan on sbtest4  (cost=31.77..4275.94 rows=1106 width=121)
	  Recheck Cond: ((id >= 2582341) AND (id <= 2583340))
	  ->  Bitmap Index Scan on sbtest4_pkey  (cost=0.00..31.50 rows=1106 width=0)
	        Index Cond: ((id >= 2582341) AND (id <= 2583340))

table 5 : explain SELECT c FROM sbtest5 WHERE id BETWEEN 1247216 AND 1248215
	Bitmap Heap Scan on sbtest5  (cost=25.84..3558.19 rows=918 width=121)
	  Recheck Cond: ((id >= 1247216) AND (id <= 1248215))
	  ->  Bitmap Index Scan on sbtest5_pkey  (cost=0.00..25.61 rows=918 width=0)
	        Index Cond: ((id >= 1247216) AND (id <= 1248215))

table 6 : explain SELECT c FROM sbtest6 WHERE id BETWEEN 1922040 AND 1923039
	Bitmap Heap Scan on sbtest6  (cost=30.38..3760.13 rows=970 width=121)
	  Recheck Cond: ((id >= 1922040) AND (id <= 1923039))
	  ->  Bitmap Index Scan on sbtest6_pkey  (cost=0.00..30.14 rows=970 width=0)
	        Index Cond: ((id >= 1922040) AND (id <= 1923039))

table 7 : explain SELECT c FROM sbtest7 WHERE id BETWEEN 9396079 AND 9397078
	Bitmap Heap Scan on sbtest7  (cost=30.03..3635.75 rows=936 width=121)
	  Recheck Cond: ((id >= 9396079) AND (id <= 9397078))
	  ->  Bitmap Index Scan on sbtest7_pkey  (cost=0.00..29.79 rows=936 width=0)
	        Index Cond: ((id >= 9396079) AND (id <= 9397078))

table 8 : explain SELECT c FROM sbtest8 WHERE id BETWEEN 2521394 AND 2522393
	Bitmap Heap Scan on sbtest8  (cost=25.71..3508.49 rows=905 width=121)
	  Recheck Cond: ((id >= 2521394) AND (id <= 2522393))
	  ->  Bitmap Index Scan on sbtest8_pkey  (cost=0.00..25.48 rows=905 width=0)
	        Index Cond: ((id >= 2521394) AND (id <= 2522393))

for: sum_ranges
table 1 : explain SELECT SUM(k) FROM sbtest1 WHERE id BETWEEN 2627207 AND 2628206
	Aggregate  (cost=3890.12..3890.13 rows=1 width=8)
	  ->  Bitmap Heap Scan on sbtest1  (cost=30.73..3887.61 rows=1004 width=4)
	        Recheck Cond: ((id >= 2627207) AND (id <= 2628206))
	        ->  Bitmap Index Scan on sbtest1_pkey  (cost=0.00..30.47 rows=1004 width=0)
	              Index Cond: ((id >= 2627207) AND (id <= 2628206))

table 2 : explain SELECT SUM(k) FROM sbtest2 WHERE id BETWEEN 5117195 AND 5118194
	Aggregate  (cost=3885.08..3885.09 rows=1 width=8)
	  ->  Bitmap Heap Scan on sbtest2  (cost=30.72..3882.57 rows=1003 width=4)
	        Recheck Cond: ((id >= 5117195) AND (id <= 5118194))
	        ->  Bitmap Index Scan on sbtest2_pkey  (cost=0.00..30.46 rows=1003 width=0)
	              Index Cond: ((id >= 5117195) AND (id <= 5118194))

table 3 : explain SELECT SUM(k) FROM sbtest3 WHERE id BETWEEN 3644558 AND 3645557
	Aggregate  (cost=3883.75..3883.76 rows=1 width=8)
	  ->  Bitmap Heap Scan on sbtest3  (cost=30.70..3881.24 rows=1001 width=4)
	        Recheck Cond: ((id >= 3644558) AND (id <= 3645557))
	        ->  Bitmap Index Scan on sbtest3_pkey  (cost=0.00..30.44 rows=1001 width=0)
	              Index Cond: ((id >= 3644558) AND (id <= 3645557))

table 4 : explain SELECT SUM(k) FROM sbtest4 WHERE id BETWEEN 5538799 AND 5539798
	Aggregate  (cost=4297.53..4297.54 rows=1 width=8)
	  ->  Bitmap Heap Scan on sbtest4  (cost=31.82..4294.75 rows=1111 width=4)
	        Recheck Cond: ((id >= 5538799) AND (id <= 5539798))
	        ->  Bitmap Index Scan on sbtest4_pkey  (cost=0.00..31.54 rows=1111 width=0)
	              Index Cond: ((id >= 5538799) AND (id <= 5539798))

table 5 : explain SELECT SUM(k) FROM sbtest5 WHERE id BETWEEN 5747582 AND 5748581
	Aggregate  (cost=3896.91..3896.92 rows=1 width=8)
	  ->  Bitmap Heap Scan on sbtest5  (cost=30.75..3894.39 rows=1006 width=4)
	        Recheck Cond: ((id >= 5747582) AND (id <= 5748581))
	        ->  Bitmap Index Scan on sbtest5_pkey  (cost=0.00..30.50 rows=1006 width=0)
	              Index Cond: ((id >= 5747582) AND (id <= 5748581))

table 6 : explain SELECT SUM(k) FROM sbtest6 WHERE id BETWEEN 4424851 AND 4425850
	Aggregate  (cost=4139.81..4139.82 rows=1 width=8)
	  ->  Bitmap Heap Scan on sbtest6  (cost=31.40..4137.14 rows=1070 width=4)
	        Recheck Cond: ((id >= 4424851) AND (id <= 4425850))
	        ->  Bitmap Index Scan on sbtest6_pkey  (cost=0.00..31.14 rows=1070 width=0)
	              Index Cond: ((id >= 4424851) AND (id <= 4425850))

table 7 : explain SELECT SUM(k) FROM sbtest7 WHERE id BETWEEN 6603759 AND 6604758
	Aggregate  (cost=3725.22..3725.23 rows=1 width=8)
	  ->  Bitmap Heap Scan on sbtest7  (cost=30.26..3722.83 rows=959 width=4)
	        Recheck Cond: ((id >= 6603759) AND (id <= 6604758))
	        ->  Bitmap Index Scan on sbtest7_pkey  (cost=0.00..30.02 rows=959 width=0)
	              Index Cond: ((id >= 6603759) AND (id <= 6604758))

table 8 : explain SELECT SUM(k) FROM sbtest8 WHERE id BETWEEN 2234851 AND 2235850
	Aggregate  (cost=4317.87..4317.88 rows=1 width=8)
	  ->  Bitmap Heap Scan on sbtest8  (cost=31.90..4315.07 rows=1119 width=4)
	        Recheck Cond: ((id >= 2234851) AND (id <= 2235850))
	        ->  Bitmap Index Scan on sbtest8_pkey  (cost=0.00..31.62 rows=1119 width=0)
	              Index Cond: ((id >= 2234851) AND (id <= 2235850))

for: distinct_ranges
table 1 : explain SELECT DISTINCT c FROM sbtest1 WHERE id BETWEEN 7331652 AND 7332651 ORDER BY c
	Unique  (cost=3818.95..3823.81 rows=973 width=121)
	  ->  Sort  (cost=3818.95..3821.38 rows=973 width=121)
	        Sort Key: c
	        ->  Bitmap Heap Scan on sbtest1  (cost=30.41..3770.66 rows=973 width=121)
	              Recheck Cond: ((id >= 7331652) AND (id <= 7332651))
	              ->  Bitmap Index Scan on sbtest1_pkey  (cost=0.00..30.16 rows=973 width=0)
	                    Index Cond: ((id >= 7331652) AND (id <= 7332651))

table 2 : explain SELECT DISTINCT c FROM sbtest2 WHERE id BETWEEN 1219957 AND 1220956 ORDER BY c
	Unique  (cost=3798.58..3803.42 rows=968 width=121)
	  ->  Sort  (cost=3798.58..3801.00 rows=968 width=121)
	        Sort Key: c
	        ->  Bitmap Heap Scan on sbtest2  (cost=30.36..3750.58 rows=968 width=121)
	              Recheck Cond: ((id >= 1219957) AND (id <= 1220956))
	              ->  Bitmap Index Scan on sbtest2_pkey  (cost=0.00..30.11 rows=968 width=0)
	                    Index Cond: ((id >= 1219957) AND (id <= 1220956))

table 3 : explain SELECT DISTINCT c FROM sbtest3 WHERE id BETWEEN 6858048 AND 6859047 ORDER BY c
	Unique  (cost=3819.85..3824.71 rows=972 width=121)
	  ->  Sort  (cost=3819.85..3822.28 rows=972 width=121)
	        Sort Key: c
	        ->  Bitmap Heap Scan on sbtest3  (cost=30.40..3771.61 rows=972 width=121)
	              Recheck Cond: ((id >= 6858048) AND (id <= 6859047))
	              ->  Bitmap Index Scan on sbtest3_pkey  (cost=0.00..30.15 rows=972 width=0)
	                    Index Cond: ((id >= 6858048) AND (id <= 6859047))

table 4 : explain SELECT DISTINCT c FROM sbtest4 WHERE id BETWEEN 419795 AND 420794 ORDER BY c
	Unique  (cost=4396.80..4402.42 rows=1123 width=121)
	  ->  Sort  (cost=4396.80..4399.61 rows=1123 width=121)
	        Sort Key: c
	        ->  Bitmap Heap Scan on sbtest4  (cost=31.95..4339.91 rows=1123 width=121)
	              Recheck Cond: ((id >= 419795) AND (id <= 420794))
	              ->  Bitmap Index Scan on sbtest4_pkey  (cost=0.00..31.66 rows=1123 width=0)
	                    Index Cond: ((id >= 419795) AND (id <= 420794))

table 5 : explain SELECT DISTINCT c FROM sbtest5 WHERE id BETWEEN 4103790 AND 4104789 ORDER BY c
	Unique  (cost=3568.82..3573.37 rows=909 width=121)
	  ->  Sort  (cost=3568.82..3571.10 rows=909 width=121)
	        Sort Key: c
	        ->  Bitmap Heap Scan on sbtest5  (cost=25.75..3524.15 rows=909 width=121)
	              Recheck Cond: ((id >= 4103790) AND (id <= 4104789))
	              ->  Bitmap Index Scan on sbtest5_pkey  (cost=0.00..25.52 rows=909 width=0)
	                    Index Cond: ((id >= 4103790) AND (id <= 4104789))

table 6 : explain SELECT DISTINCT c FROM sbtest6 WHERE id BETWEEN 6692807 AND 6693806 ORDER BY c
	Unique  (cost=3789.09..3793.91 rows=965 width=121)
	  ->  Sort  (cost=3789.09..3791.50 rows=965 width=121)
	        Sort Key: c
	        ->  Bitmap Heap Scan on sbtest6  (cost=30.33..3741.25 rows=965 width=121)
	              Recheck Cond: ((id >= 6692807) AND (id <= 6693806))
	              ->  Bitmap Index Scan on sbtest6_pkey  (cost=0.00..30.08 rows=965 width=0)
	                    Index Cond: ((id >= 6692807) AND (id <= 6693806))

table 7 : explain SELECT DISTINCT c FROM sbtest7 WHERE id BETWEEN 9885224 AND 9886223 ORDER BY c
	Unique  (cost=3766.48..3771.27 rows=958 width=121)
	  ->  Sort  (cost=3766.48..3768.88 rows=958 width=121)
	        Sort Key: c
	        ->  Bitmap Heap Scan on sbtest7  (cost=30.25..3719.04 rows=958 width=121)
	              Recheck Cond: ((id >= 9885224) AND (id <= 9886223))
	              ->  Bitmap Index Scan on sbtest7_pkey  (cost=0.00..30.01 rows=958 width=0)
	                    Index Cond: ((id >= 9885224) AND (id <= 9886223))

table 8 : explain SELECT DISTINCT c FROM sbtest8 WHERE id BETWEEN 4886023 AND 4887022 ORDER BY c
	Unique  (cost=3917.16..3922.15 rows=999 width=121)
	  ->  Sort  (cost=3917.16..3919.66 rows=999 width=121)
	        Sort Key: c
	        ->  Bitmap Heap Scan on sbtest8  (cost=30.67..3867.39 rows=999 width=121)
	              Recheck Cond: ((id >= 4886023) AND (id <= 4887022))
	              ->  Bitmap Index Scan on sbtest8_pkey  (cost=0.00..30.43 rows=999 width=0)
	                    Index Cond: ((id >= 4886023) AND (id <= 4887022))

for: simple_ranges
table 1 : explain SELECT c FROM sbtest1 WHERE id BETWEEN 8517516 AND 8518515
	Bitmap Heap Scan on sbtest1  (cost=25.72..3513.46 rows=906 width=121)
	  Recheck Cond: ((id >= 8517516) AND (id <= 8518515))
	  ->  Bitmap Index Scan on sbtest1_pkey  (cost=0.00..25.50 rows=906 width=0)
	        Index Cond: ((id >= 8517516) AND (id <= 8518515))

table 2 : explain SELECT c FROM sbtest2 WHERE id BETWEEN 549164 AND 550163
	Bitmap Heap Scan on sbtest2  (cost=31.09..4021.93 rows=1040 width=121)
	  Recheck Cond: ((id >= 549164) AND (id <= 550163))
	  ->  Bitmap Index Scan on sbtest2_pkey  (cost=0.00..30.83 rows=1040 width=0)
	        Index Cond: ((id >= 549164) AND (id <= 550163))

table 3 : explain SELECT c FROM sbtest3 WHERE id BETWEEN 1809428 AND 1810427
	Bitmap Heap Scan on sbtest3  (cost=30.96..3979.45 rows=1027 width=121)
	  Recheck Cond: ((id >= 1809428) AND (id <= 1810427))
	  ->  Bitmap Index Scan on sbtest3_pkey  (cost=0.00..30.70 rows=1027 width=0)
	        Index Cond: ((id >= 1809428) AND (id <= 1810427))

table 4 : explain SELECT c FROM sbtest4 WHERE id BETWEEN 8355326 AND 8356325
	Bitmap Heap Scan on sbtest4  (cost=30.41..3774.25 rows=973 width=121)
	  Recheck Cond: ((id >= 8355326) AND (id <= 8356325))
	  ->  Bitmap Index Scan on sbtest4_pkey  (cost=0.00..30.16 rows=973 width=0)
	        Index Cond: ((id >= 8355326) AND (id <= 8356325))

table 5 : explain SELECT c FROM sbtest5 WHERE id BETWEEN 9579381 AND 9580380
	Bitmap Heap Scan on sbtest5  (cost=31.07..4014.95 rows=1038 width=121)
	  Recheck Cond: ((id >= 9579381) AND (id <= 9580380))
	  ->  Bitmap Index Scan on sbtest5_pkey  (cost=0.00..30.82 rows=1038 width=0)
	        Index Cond: ((id >= 9579381) AND (id <= 9580380))

table 6 : explain SELECT c FROM sbtest6 WHERE id BETWEEN 8031966 AND 8032965
	Bitmap Heap Scan on sbtest6  (cost=31.39..4133.37 rows=1069 width=121)
	  Recheck Cond: ((id >= 8031966) AND (id <= 8032965))
	  ->  Bitmap Index Scan on sbtest6_pkey  (cost=0.00..31.12 rows=1069 width=0)
	        Index Cond: ((id >= 8031966) AND (id <= 8032965))

table 7 : explain SELECT c FROM sbtest7 WHERE id BETWEEN 1450565 AND 1451564
	Bitmap Heap Scan on sbtest7  (cost=30.61..3851.42 rows=993 width=121)
	  Recheck Cond: ((id >= 1450565) AND (id <= 1451564))
	  ->  Bitmap Index Scan on sbtest7_pkey  (cost=0.00..30.36 rows=993 width=0)
	        Index Cond: ((id >= 1450565) AND (id <= 1451564))

table 8 : explain SELECT c FROM sbtest8 WHERE id BETWEEN 6021490 AND 6022489
	Bitmap Heap Scan on sbtest8  (cost=30.18..3686.31 rows=951 width=121)
	  Recheck Cond: ((id >= 6021490) AND (id <= 6022489))
	  ->  Bitmap Index Scan on sbtest8_pkey  (cost=0.00..29.94 rows=951 width=0)
	        Index Cond: ((id >= 6021490) AND (id <= 6022489))

for: distinct_ranges
table 1 : explain SELECT DISTINCT c FROM sbtest1 WHERE id BETWEEN 562744 AND 563743 ORDER BY c
	Unique  (cost=3799.79..3804.63 rows=968 width=121)
	  ->  Sort  (cost=3799.79..3802.21 rows=968 width=121)
	        Sort Key: c
	        ->  Bitmap Heap Scan on sbtest1  (cost=30.36..3751.78 rows=968 width=121)
	              Recheck Cond: ((id >= 562744) AND (id <= 563743))
	              ->  Bitmap Index Scan on sbtest1_pkey  (cost=0.00..30.11 rows=968 width=0)
	                    Index Cond: ((id >= 562744) AND (id <= 563743))

table 2 : explain SELECT DISTINCT c FROM sbtest2 WHERE id BETWEEN 1507622 AND 1508621 ORDER BY c
	Unique  (cost=3737.28..3742.04 rows=952 width=121)
	  ->  Sort  (cost=3737.28..3739.66 rows=952 width=121)
	        Sort Key: c
	        ->  Bitmap Heap Scan on sbtest2  (cost=30.19..3690.18 rows=952 width=121)
	              Recheck Cond: ((id >= 1507622) AND (id <= 1508621))
	              ->  Bitmap Index Scan on sbtest2_pkey  (cost=0.00..29.95 rows=952 width=0)
	                    Index Cond: ((id >= 1507622) AND (id <= 1508621))

table 3 : explain SELECT DISTINCT c FROM sbtest3 WHERE id BETWEEN 2876676 AND 2877675 ORDER BY c
	Unique  (cost=3762.25..3767.04 rows=957 width=121)
	  ->  Sort  (cost=3762.25..3764.64 rows=957 width=121)
	        Sort Key: c
	        ->  Bitmap Heap Scan on sbtest3  (cost=30.24..3714.87 rows=957 width=121)
	              Recheck Cond: ((id >= 2876676) AND (id <= 2877675))
	              ->  Bitmap Index Scan on sbtest3_pkey  (cost=0.00..30.00 rows=957 width=0)
	                    Index Cond: ((id >= 2876676) AND (id <= 2877675))

table 4 : explain SELECT DISTINCT c FROM sbtest4 WHERE id BETWEEN 8191863 AND 8192862 ORDER BY c
	Unique  (cost=3949.10..3954.13 rows=1006 width=121)
	  ->  Sort  (cost=3949.10..3951.62 rows=1006 width=121)
	        Sort Key: c
	        ->  Bitmap Heap Scan on sbtest4  (cost=30.75..3898.93 rows=1006 width=121)
	              Recheck Cond: ((id >= 8191863) AND (id <= 8192862))
	              ->  Bitmap Index Scan on sbtest4_pkey  (cost=0.00..30.50 rows=1006 width=0)
	                    Index Cond: ((id >= 8191863) AND (id <= 8192862))

table 5 : explain SELECT DISTINCT c FROM sbtest5 WHERE id BETWEEN 2448824 AND 2449823 ORDER BY c
	Unique  (cost=3706.92..3711.65 rows=945 width=121)
	  ->  Sort  (cost=3706.92..3709.29 rows=945 width=121)
	        Sort Key: c
	        ->  Bitmap Heap Scan on sbtest5  (cost=26.12..3660.22 rows=945 width=121)
	              Recheck Cond: ((id >= 2448824) AND (id <= 2449823))
	              ->  Bitmap Index Scan on sbtest5_pkey  (cost=0.00..25.89 rows=945 width=0)
	                    Index Cond: ((id >= 2448824) AND (id <= 2449823))

table 6 : explain SELECT DISTINCT c FROM sbtest6 WHERE id BETWEEN 1471560 AND 1472559 ORDER BY c
	Unique  (cost=4041.85..4047.01 rows=1031 width=121)
	  ->  Sort  (cost=4041.85..4044.43 rows=1031 width=121)
	        Sort Key: c
	        ->  Bitmap Heap Scan on sbtest6  (cost=31.00..3990.25 rows=1031 width=121)
	              Recheck Cond: ((id >= 1471560) AND (id <= 1472559))
	              ->  Bitmap Index Scan on sbtest6_pkey  (cost=0.00..30.75 rows=1031 width=0)
	                    Index Cond: ((id >= 1471560) AND (id <= 1472559))

table 7 : explain SELECT DISTINCT c FROM sbtest7 WHERE id BETWEEN 5728718 AND 5729717 ORDER BY c
	Unique  (cost=4115.55..4120.80 rows=1049 width=121)
	  ->  Sort  (cost=4115.55..4118.17 rows=1049 width=121)
	        Sort Key: c
	        ->  Bitmap Heap Scan on sbtest7  (cost=31.19..4062.92 rows=1049 width=121)
	              Recheck Cond: ((id >= 5728718) AND (id <= 5729717))
	              ->  Bitmap Index Scan on sbtest7_pkey  (cost=0.00..30.93 rows=1049 width=0)
	                    Index Cond: ((id >= 5728718) AND (id <= 5729717))

table 8 : explain SELECT DISTINCT c FROM sbtest8 WHERE id BETWEEN 6417765 AND 6418764 ORDER BY c
	Unique  (cost=3878.89..3883.83 rows=989 width=121)
	  ->  Sort  (cost=3878.89..3881.36 rows=989 width=121)
	        Sort Key: c
	        ->  Bitmap Heap Scan on sbtest8  (cost=30.57..3829.69 rows=989 width=121)
	              Recheck Cond: ((id >= 6417765) AND (id <= 6418764))
	              ->  Bitmap Index Scan on sbtest8_pkey  (cost=0.00..30.32 rows=989 width=0)
	                    Index Cond: ((id >= 6417765) AND (id <= 6418764))

for: sum_ranges
table 1 : explain SELECT SUM(k) FROM sbtest1 WHERE id BETWEEN 532491 AND 533490
	Aggregate  (cost=3754.20..3754.21 rows=1 width=8)
	  ->  Bitmap Heap Scan on sbtest1  (cost=30.36..3751.78 rows=968 width=4)
	        Recheck Cond: ((id >= 532491) AND (id <= 533490))
	        ->  Bitmap Index Scan on sbtest1_pkey  (cost=0.00..30.11 rows=968 width=0)
	              Index Cond: ((id >= 532491) AND (id <= 533490))

table 2 : explain SELECT SUM(k) FROM sbtest2 WHERE id BETWEEN 4132026 AND 4133025
	Aggregate  (cost=3654.78..3654.79 rows=1 width=8)
	  ->  Bitmap Heap Scan on sbtest2  (cost=30.09..3652.42 rows=942 width=4)
	        Recheck Cond: ((id >= 4132026) AND (id <= 4133025))
	        ->  Bitmap Index Scan on sbtest2_pkey  (cost=0.00..29.86 rows=942 width=0)
	              Index Cond: ((id >= 4132026) AND (id <= 4133025))

table 3 : explain SELECT SUM(k) FROM sbtest3 WHERE id BETWEEN 7361470 AND 7362469
	Aggregate  (cost=4042.44..4042.45 rows=1 width=8)
	  ->  Bitmap Heap Scan on sbtest3  (cost=31.13..4039.84 rows=1043 width=4)
	        Recheck Cond: ((id >= 7361470) AND (id <= 7362469))
	        ->  Bitmap Index Scan on sbtest3_pkey  (cost=0.00..30.86 rows=1043 width=0)
	              Index Cond: ((id >= 7361470) AND (id <= 7362469))

table 4 : explain SELECT SUM(k) FROM sbtest4 WHERE id BETWEEN 8923475 AND 8924474
	Aggregate  (cost=3708.57..3708.58 rows=1 width=8)
	  ->  Bitmap Heap Scan on sbtest4  (cost=30.22..3706.19 rows=955 width=4)
	        Recheck Cond: ((id >= 8923475) AND (id <= 8924474))
	        ->  Bitmap Index Scan on sbtest4_pkey  (cost=0.00..29.98 rows=955 width=0)
	              Index Cond: ((id >= 8923475) AND (id <= 8924474))

table 5 : explain SELECT SUM(k) FROM sbtest5 WHERE id BETWEEN 9232315 AND 9233314
	Aggregate  (cost=3945.93..3945.94 rows=1 width=8)
	  ->  Bitmap Heap Scan on sbtest5  (cost=30.88..3943.38 rows=1019 width=4)
	        Recheck Cond: ((id >= 9232315) AND (id <= 9233314))
	        ->  Bitmap Index Scan on sbtest5_pkey  (cost=0.00..30.62 rows=1019 width=0)
	              Index Cond: ((id >= 9232315) AND (id <= 9233314))

table 6 : explain SELECT SUM(k) FROM sbtest6 WHERE id BETWEEN 6250589 AND 6251588
	Aggregate  (cost=4452.03..4452.04 rows=1 width=8)
	  ->  Bitmap Heap Scan on sbtest6  (cost=32.26..4449.14 rows=1154 width=4)
	        Recheck Cond: ((id >= 6250589) AND (id <= 6251588))
	        ->  Bitmap Index Scan on sbtest6_pkey  (cost=0.00..31.97 rows=1154 width=0)
	              Index Cond: ((id >= 6250589) AND (id <= 6251588))

table 7 : explain SELECT SUM(k) FROM sbtest7 WHERE id BETWEEN 2621151 AND 2622150
	Aggregate  (cost=3645.67..3645.68 rows=1 width=8)
	  ->  Bitmap Heap Scan on sbtest7  (cost=30.05..3643.33 rows=938 width=4)
	        Recheck Cond: ((id >= 2621151) AND (id <= 2622150))
	        ->  Bitmap Index Scan on sbtest7_pkey  (cost=0.00..29.82 rows=938 width=0)
	              Index Cond: ((id >= 2621151) AND (id <= 2622150))

table 8 : explain SELECT SUM(k) FROM sbtest8 WHERE id BETWEEN 6724713 AND 6725712
	Aggregate  (cost=3563.94..3563.95 rows=1 width=8)
	  ->  Bitmap Heap Scan on sbtest8  (cost=29.84..3561.64 rows=918 width=4)
	        Recheck Cond: ((id >= 6724713) AND (id <= 6725712))
	        ->  Bitmap Index Scan on sbtest8_pkey  (cost=0.00..29.61 rows=918 width=0)
	              Index Cond: ((id >= 6724713) AND (id <= 6725712))

for point_selects
table 1 : explain SELECT c FROM sbtest1 WHERE id=6167741
	Index Scan using sbtest1_pkey on sbtest1  (cost=0.43..8.45 rows=1 width=121)
	  Index Cond: (id = 6167741)

table 2 : explain SELECT c FROM sbtest2 WHERE id=8264172
	Index Scan using sbtest2_pkey on sbtest2  (cost=0.43..8.45 rows=1 width=121)
	  Index Cond: (id = 8264172)

table 3 : explain SELECT c FROM sbtest3 WHERE id=8966336
	Index Scan using sbtest3_pkey on sbtest3  (cost=0.43..8.45 rows=1 width=121)
	  Index Cond: (id = 8966336)

table 4 : explain SELECT c FROM sbtest4 WHERE id=2414902
	Index Scan using sbtest4_pkey on sbtest4  (cost=0.43..8.45 rows=1 width=121)
	  Index Cond: (id = 2414902)

table 5 : explain SELECT c FROM sbtest5 WHERE id=5316126
	Index Scan using sbtest5_pkey on sbtest5  (cost=0.43..8.45 rows=1 width=121)
	  Index Cond: (id = 5316126)

table 6 : explain SELECT c FROM sbtest6 WHERE id=8743205
	Index Scan using sbtest6_pkey on sbtest6  (cost=0.43..8.45 rows=1 width=121)
	  Index Cond: (id = 8743205)

table 7 : explain SELECT c FROM sbtest7 WHERE id=9480335
	Index Scan using sbtest7_pkey on sbtest7  (cost=0.43..8.45 rows=1 width=121)
	  Index Cond: (id = 9480335)

table 8 : explain SELECT c FROM sbtest8 WHERE id=5090255
	Index Scan using sbtest8_pkey on sbtest8  (cost=0.43..8.45 rows=1 width=121)
	  Index Cond: (id = 5090255)

for point_selects
table 1 : explain SELECT c FROM sbtest1 WHERE id=9968565
	Index Scan using sbtest1_pkey on sbtest1  (cost=0.43..8.45 rows=1 width=121)
	  Index Cond: (id = 9968565)

table 2 : explain SELECT c FROM sbtest2 WHERE id=2915511
	Index Scan using sbtest2_pkey on sbtest2  (cost=0.43..8.45 rows=1 width=121)
	  Index Cond: (id = 2915511)

table 3 : explain SELECT c FROM sbtest3 WHERE id=8245755
	Index Scan using sbtest3_pkey on sbtest3  (cost=0.43..8.45 rows=1 width=121)
	  Index Cond: (id = 8245755)

table 4 : explain SELECT c FROM sbtest4 WHERE id=731559
	Index Scan using sbtest4_pkey on sbtest4  (cost=0.43..8.45 rows=1 width=121)
	  Index Cond: (id = 731559)

table 5 : explain SELECT c FROM sbtest5 WHERE id=7172531
	Index Scan using sbtest5_pkey on sbtest5  (cost=0.43..8.45 rows=1 width=121)
	  Index Cond: (id = 7172531)

table 6 : explain SELECT c FROM sbtest6 WHERE id=4907018
	Index Scan using sbtest6_pkey on sbtest6  (cost=0.43..8.45 rows=1 width=121)
	  Index Cond: (id = 4907018)

table 7 : explain SELECT c FROM sbtest7 WHERE id=1073584
	Index Scan using sbtest7_pkey on sbtest7  (cost=0.43..8.45 rows=1 width=121)
	  Index Cond: (id = 1073584)

table 8 : explain SELECT c FROM sbtest8 WHERE id=2281559
	Index Scan using sbtest8_pkey on sbtest8  (cost=0.43..8.45 rows=1 width=121)
	  Index Cond: (id = 2281559)

for point_selects
table 1 : explain SELECT c FROM sbtest1 WHERE id=1180869
	Index Scan using sbtest1_pkey on sbtest1  (cost=0.43..8.45 rows=1 width=121)
	  Index Cond: (id = 1180869)

table 2 : explain SELECT c FROM sbtest2 WHERE id=3061240
	Index Scan using sbtest2_pkey on sbtest2  (cost=0.43..8.45 rows=1 width=121)
	  Index Cond: (id = 3061240)

table 3 : explain SELECT c FROM sbtest3 WHERE id=9703029
	Index Scan using sbtest3_pkey on sbtest3  (cost=0.43..8.45 rows=1 width=121)
	  Index Cond: (id = 9703029)

table 4 : explain SELECT c FROM sbtest4 WHERE id=6836447
	Index Scan using sbtest4_pkey on sbtest4  (cost=0.43..8.45 rows=1 width=121)
	  Index Cond: (id = 6836447)

table 5 : explain SELECT c FROM sbtest5 WHERE id=4716313
	Index Scan using sbtest5_pkey on sbtest5  (cost=0.43..8.45 rows=1 width=121)
	  Index Cond: (id = 4716313)

table 6 : explain SELECT c FROM sbtest6 WHERE id=3979430
	Index Scan using sbtest6_pkey on sbtest6  (cost=0.43..8.45 rows=1 width=121)
	  Index Cond: (id = 3979430)

table 7 : explain SELECT c FROM sbtest7 WHERE id=1850775
	Index Scan using sbtest7_pkey on sbtest7  (cost=0.43..8.45 rows=1 width=121)
	  Index Cond: (id = 1850775)

table 8 : explain SELECT c FROM sbtest8 WHERE id=6504402
	Index Scan using sbtest8_pkey on sbtest8  (cost=0.43..8.45 rows=1 width=121)
	  Index Cond: (id = 6504402)

for point_selects
table 1 : explain SELECT c FROM sbtest1 WHERE id=9415738
	Index Scan using sbtest1_pkey on sbtest1  (cost=0.43..8.45 rows=1 width=121)
	  Index Cond: (id = 9415738)

table 2 : explain SELECT c FROM sbtest2 WHERE id=4806710
	Index Scan using sbtest2_pkey on sbtest2  (cost=0.43..8.45 rows=1 width=121)
	  Index Cond: (id = 4806710)

table 3 : explain SELECT c FROM sbtest3 WHERE id=8757248
	Index Scan using sbtest3_pkey on sbtest3  (cost=0.43..8.45 rows=1 width=121)
	  Index Cond: (id = 8757248)

table 4 : explain SELECT c FROM sbtest4 WHERE id=9800581
	Index Scan using sbtest4_pkey on sbtest4  (cost=0.43..8.45 rows=1 width=121)
	  Index Cond: (id = 9800581)

table 5 : explain SELECT c FROM sbtest5 WHERE id=7009937
	Index Scan using sbtest5_pkey on sbtest5  (cost=0.43..8.45 rows=1 width=121)
	  Index Cond: (id = 7009937)

table 6 : explain SELECT c FROM sbtest6 WHERE id=4589510
	Index Scan using sbtest6_pkey on sbtest6  (cost=0.43..8.45 rows=1 width=121)
	  Index Cond: (id = 4589510)

table 7 : explain SELECT c FROM sbtest7 WHERE id=2172628
	Index Scan using sbtest7_pkey on sbtest7  (cost=0.43..8.45 rows=1 width=121)
	  Index Cond: (id = 2172628)

table 8 : explain SELECT c FROM sbtest8 WHERE id=8030944
	Index Scan using sbtest8_pkey on sbtest8  (cost=0.43..8.45 rows=1 width=121)
	  Index Cond: (id = 8030944)

for: sum_ranges
table 1 : explain SELECT SUM(k) FROM sbtest1 WHERE id BETWEEN 2903761 AND 2904760
	Aggregate  (cost=4214.16..4214.17 rows=1 width=8)
	  ->  Bitmap Heap Scan on sbtest1  (cost=31.61..4211.43 rows=1090 width=4)
	        Recheck Cond: ((id >= 2903761) AND (id <= 2904760))
	        ->  Bitmap Index Scan on sbtest1_pkey  (cost=0.00..31.33 rows=1090 width=0)
	              Index Cond: ((id >= 2903761) AND (id <= 2904760))

table 2 : explain SELECT SUM(k) FROM sbtest2 WHERE id BETWEEN 3992005 AND 3993004
	Aggregate  (cost=3643.44..3643.45 rows=1 width=8)
	  ->  Bitmap Heap Scan on sbtest2  (cost=30.06..3641.09 rows=939 width=4)
	        Recheck Cond: ((id >= 3992005) AND (id <= 3993004))
	        ->  Bitmap Index Scan on sbtest2_pkey  (cost=0.00..29.82 rows=939 width=0)
	              Index Cond: ((id >= 3992005) AND (id <= 3993004))

table 3 : explain SELECT SUM(k) FROM sbtest3 WHERE id BETWEEN 2359703 AND 2360702
	Aggregate  (cost=3985.79..3985.80 rows=1 width=8)
	  ->  Bitmap Heap Scan on sbtest3  (cost=30.97..3983.22 rows=1028 width=4)
	        Recheck Cond: ((id >= 2359703) AND (id <= 2360702))
	        ->  Bitmap Index Scan on sbtest3_pkey  (cost=0.00..30.71 rows=1028 width=0)
	              Index Cond: ((id >= 2359703) AND (id <= 2360702))

table 4 : explain SELECT SUM(k) FROM sbtest4 WHERE id BETWEEN 2978324 AND 2979323
	Aggregate  (cost=4003.42..4003.43 rows=1 width=8)
	  ->  Bitmap Heap Scan on sbtest4  (cost=31.02..4000.84 rows=1033 width=4)
	        Recheck Cond: ((id >= 2978324) AND (id <= 2979323))
	        ->  Bitmap Index Scan on sbtest4_pkey  (cost=0.00..30.76 rows=1033 width=0)
	              Index Cond: ((id >= 2978324) AND (id <= 2979323))

table 5 : explain SELECT SUM(k) FROM sbtest5 WHERE id BETWEEN 6806746 AND 6807745
	Aggregate  (cost=3715.49..3715.50 rows=1 width=8)
	  ->  Bitmap Heap Scan on sbtest5  (cost=26.26..3713.09 rows=959 width=4)
	        Recheck Cond: ((id >= 6806746) AND (id <= 6807745))
	        ->  Bitmap Index Scan on sbtest5_pkey  (cost=0.00..26.02 rows=959 width=0)
	              Index Cond: ((id >= 6806746) AND (id <= 6807745))

table 6 : explain SELECT SUM(k) FROM sbtest6 WHERE id BETWEEN 3172958 AND 3173957
	Aggregate  (cost=4072.00..4072.01 rows=1 width=8)
	  ->  Bitmap Heap Scan on sbtest6  (cost=31.22..4069.37 rows=1052 width=4)
	        Recheck Cond: ((id >= 3172958) AND (id <= 3173957))
	        ->  Bitmap Index Scan on sbtest6_pkey  (cost=0.00..30.95 rows=1052 width=0)
	              Index Cond: ((id >= 3172958) AND (id <= 3173957))

table 7 : explain SELECT SUM(k) FROM sbtest7 WHERE id BETWEEN 9803866 AND 9804865
	Aggregate  (cost=3721.44..3721.45 rows=1 width=8)
	  ->  Bitmap Heap Scan on sbtest7  (cost=30.25..3719.04 rows=958 width=4)
	        Recheck Cond: ((id >= 9803866) AND (id <= 9804865))
	        ->  Bitmap Index Scan on sbtest7_pkey  (cost=0.00..30.01 rows=958 width=0)
	              Index Cond: ((id >= 9803866) AND (id <= 9804865))

table 8 : explain SELECT SUM(k) FROM sbtest8 WHERE id BETWEEN 6354373 AND 6355372
	Aggregate  (cost=3990.52..3990.53 rows=1 width=8)
	  ->  Bitmap Heap Scan on sbtest8  (cost=31.00..3987.94 rows=1031 width=4)
	        Recheck Cond: ((id >= 6354373) AND (id <= 6355372))
	        ->  Bitmap Index Scan on sbtest8_pkey  (cost=0.00..30.75 rows=1031 width=0)
	              Index Cond: ((id >= 6354373) AND (id <= 6355372))

for: simple_ranges
table 1 : explain SELECT c FROM sbtest1 WHERE id BETWEEN 2088243 AND 2089242
	Bitmap Heap Scan on sbtest1  (cost=30.58..3834.81 rows=990 width=121)
	  Recheck Cond: ((id >= 2088243) AND (id <= 2089242))
	  ->  Bitmap Index Scan on sbtest1_pkey  (cost=0.00..30.33 rows=990 width=0)
	        Index Cond: ((id >= 2088243) AND (id <= 2089242))

table 2 : explain SELECT c FROM sbtest2 WHERE id BETWEEN 3568013 AND 3569012
	Bitmap Heap Scan on sbtest2  (cost=30.53..3814.71 rows=985 width=121)
	  Recheck Cond: ((id >= 3568013) AND (id <= 3569012))
	  ->  Bitmap Index Scan on sbtest2_pkey  (cost=0.00..30.29 rows=985 width=0)
	        Index Cond: ((id >= 3568013) AND (id <= 3569012))

table 3 : explain SELECT c FROM sbtest3 WHERE id BETWEEN 2974133 AND 2975132
	Bitmap Heap Scan on sbtest3  (cost=30.45..3790.52 rows=977 width=121)
	  Recheck Cond: ((id >= 2974133) AND (id <= 2975132))
	  ->  Bitmap Index Scan on sbtest3_pkey  (cost=0.00..30.20 rows=977 width=0)
	        Index Cond: ((id >= 2974133) AND (id <= 2975132))

table 4 : explain SELECT c FROM sbtest4 WHERE id BETWEEN 6256379 AND 6257378
	Bitmap Heap Scan on sbtest4  (cost=30.19..3694.84 rows=952 width=121)
	  Recheck Cond: ((id >= 6256379) AND (id <= 6257378))
	  ->  Bitmap Index Scan on sbtest4_pkey  (cost=0.00..29.95 rows=952 width=0)
	        Index Cond: ((id >= 6256379) AND (id <= 6257378))

table 5 : explain SELECT c FROM sbtest5 WHERE id BETWEEN 5141534 AND 5142533
	Bitmap Heap Scan on sbtest5  (cost=25.51..3433.35 rows=885 width=121)
	  Recheck Cond: ((id >= 5141534) AND (id <= 5142533))
	  ->  Bitmap Index Scan on sbtest5_pkey  (cost=0.00..25.29 rows=885 width=0)
	        Index Cond: ((id >= 5141534) AND (id <= 5142533))

table 6 : explain SELECT c FROM sbtest6 WHERE id BETWEEN 6732439 AND 6733438
	Bitmap Heap Scan on sbtest6  (cost=30.33..3741.25 rows=965 width=121)
	  Recheck Cond: ((id >= 6732439) AND (id <= 6733438))
	  ->  Bitmap Index Scan on sbtest6_pkey  (cost=0.00..30.08 rows=965 width=0)
	        Index Cond: ((id >= 6732439) AND (id <= 6733438))

table 7 : explain SELECT c FROM sbtest7 WHERE id BETWEEN 7750907 AND 7751906
	Bitmap Heap Scan on sbtest7  (cost=29.78..3544.82 rows=912 width=121)
	  Recheck Cond: ((id >= 7750907) AND (id <= 7751906))
	  ->  Bitmap Index Scan on sbtest7_pkey  (cost=0.00..29.55 rows=912 width=0)
	        Index Cond: ((id >= 7750907) AND (id <= 7751906))

table 8 : explain SELECT c FROM sbtest8 WHERE id BETWEEN 6870725 AND 6871724
	Bitmap Heap Scan on sbtest8  (cost=30.16..3678.76 rows=949 width=121)
	  Recheck Cond: ((id >= 6870725) AND (id <= 6871724))
	  ->  Bitmap Index Scan on sbtest8_pkey  (cost=0.00..29.93 rows=949 width=0)
	        Index Cond: ((id >= 6870725) AND (id <= 6871724))

for: order_ranges
table 1 : explain SELECT c FROM sbtest1 WHERE id BETWEEN 2264509 AND 2265508 ORDER BY c
	Sort  (cost=3473.45..3475.66 rows=884 width=121)
	  Sort Key: c
	  ->  Bitmap Heap Scan on sbtest1  (cost=25.50..3430.19 rows=884 width=121)
	        Recheck Cond: ((id >= 2264509) AND (id <= 2265508))
	        ->  Bitmap Index Scan on sbtest1_pkey  (cost=0.00..25.27 rows=884 width=0)
	              Index Cond: ((id >= 2264509) AND (id <= 2265508))

table 2 : explain SELECT c FROM sbtest2 WHERE id BETWEEN 2459052 AND 2460051 ORDER BY c
	Sort  (cost=4074.05..4076.65 rows=1040 width=121)
	  Sort Key: c
	  ->  Bitmap Heap Scan on sbtest2  (cost=31.09..4021.93 rows=1040 width=121)
	        Recheck Cond: ((id >= 2459052) AND (id <= 2460051))
	        ->  Bitmap Index Scan on sbtest2_pkey  (cost=0.00..30.83 rows=1040 width=0)
	              Index Cond: ((id >= 2459052) AND (id <= 2460051))

table 3 : explain SELECT c FROM sbtest3 WHERE id BETWEEN 1831586 AND 1832585 ORDER BY c
	Sort  (cost=4030.82..4033.38 rows=1027 width=121)
	  Sort Key: c
	  ->  Bitmap Heap Scan on sbtest3  (cost=30.96..3979.45 rows=1027 width=121)
	        Recheck Cond: ((id >= 1831586) AND (id <= 1832585))
	        ->  Bitmap Index Scan on sbtest3_pkey  (cost=0.00..30.70 rows=1027 width=0)
	              Index Cond: ((id >= 1831586) AND (id <= 1832585))

table 4 : explain SELECT c FROM sbtest4 WHERE id BETWEEN 8008044 AND 8009043 ORDER BY c
	Sort  (cost=4198.02..4200.70 rows=1071 width=121)
	  Sort Key: c
	  ->  Bitmap Heap Scan on sbtest4  (cost=31.41..4144.12 rows=1071 width=121)
	        Recheck Cond: ((id >= 8008044) AND (id <= 8009043))
	        ->  Bitmap Index Scan on sbtest4_pkey  (cost=0.00..31.14 rows=1071 width=0)
	              Index Cond: ((id >= 8008044) AND (id <= 8009043))

table 5 : explain SELECT c FROM sbtest5 WHERE id BETWEEN 1522944 AND 1523943 ORDER BY c
	Sort  (cost=3852.69..3855.15 rows=982 width=121)
	  Sort Key: c
	  ->  Bitmap Heap Scan on sbtest5  (cost=30.50..3803.89 rows=982 width=121)
	        Recheck Cond: ((id >= 1522944) AND (id <= 1523943))
	        ->  Bitmap Index Scan on sbtest5_pkey  (cost=0.00..30.25 rows=982 width=0)
	              Index Cond: ((id >= 1522944) AND (id <= 1523943))

table 6 : explain SELECT c FROM sbtest6 WHERE id BETWEEN 583140 AND 584139 ORDER BY c
	Sort  (cost=3965.31..3967.84 rows=1011 width=121)
	  Sort Key: c
	  ->  Bitmap Heap Scan on sbtest6  (cost=30.80..3914.86 rows=1011 width=121)
	        Recheck Cond: ((id >= 583140) AND (id <= 584139))
	        ->  Bitmap Index Scan on sbtest6_pkey  (cost=0.00..30.54 rows=1011 width=0)
	              Index Cond: ((id >= 583140) AND (id <= 584139))

table 7 : explain SELECT c FROM sbtest7 WHERE id BETWEEN 6556303 AND 6557302 ORDER BY c
	Sort  (cost=3774.16..3776.56 rows=960 width=121)
	  Sort Key: c
	  ->  Bitmap Heap Scan on sbtest7  (cost=30.27..3726.61 rows=960 width=121)
	        Recheck Cond: ((id >= 6556303) AND (id <= 6557302))
	        ->  Bitmap Index Scan on sbtest7_pkey  (cost=0.00..30.04 rows=960 width=0)
	              Index Cond: ((id >= 6556303) AND (id <= 6557302))

table 8 : explain SELECT c FROM sbtest8 WHERE id BETWEEN 1592700 AND 1593699 ORDER BY c
	Sort  (cost=3848.26..3850.72 rows=981 width=121)
	  Sort Key: c
	  ->  Bitmap Heap Scan on sbtest8  (cost=30.49..3799.52 rows=981 width=121)
	        Recheck Cond: ((id >= 1592700) AND (id <= 1593699))
	        ->  Bitmap Index Scan on sbtest8_pkey  (cost=0.00..30.25 rows=981 width=0)
	              Index Cond: ((id >= 1592700) AND (id <= 1593699))

explain: for point_selects :: explain SELECT c FROM sbtest%u WHERE id=%u
for: simple_ranges
table 1 : explain SELECT c FROM sbtest1 WHERE id BETWEEN 7315604 AND 7316603
	Bitmap Heap Scan on sbtest1  (cost=30.41..3770.66 rows=973 width=121)
	  Recheck Cond: ((id >= 7315604) AND (id <= 7316603))
	  ->  Bitmap Index Scan on sbtest1_pkey  (cost=0.00..30.16 rows=973 width=0)
	        Index Cond: ((id >= 7315604) AND (id <= 7316603))

table 2 : explain SELECT c FROM sbtest2 WHERE id BETWEEN 5962186 AND 5963185
	Bitmap Heap Scan on sbtest2  (cost=25.49..3425.35 rows=883 width=121)
	  Recheck Cond: ((id >= 5962186) AND (id <= 5963185))
	  ->  Bitmap Index Scan on sbtest2_pkey  (cost=0.00..25.26 rows=883 width=0)
	        Index Cond: ((id >= 5962186) AND (id <= 5963185))

table 3 : explain SELECT c FROM sbtest3 WHERE id BETWEEN 4822213 AND 4823212
	Bitmap Heap Scan on sbtest3  (cost=29.91..3589.93 rows=924 width=121)
	  Recheck Cond: ((id >= 4822213) AND (id <= 4823212))
	  ->  Bitmap Index Scan on sbtest3_pkey  (cost=0.00..29.68 rows=924 width=0)
	        Index Cond: ((id >= 4822213) AND (id <= 4823212))

table 4 : explain SELECT c FROM sbtest4 WHERE id BETWEEN 1286919 AND 1287918
	Bitmap Heap Scan on sbtest4  (cost=30.58..3838.50 rows=990 width=121)
	  Recheck Cond: ((id >= 1286919) AND (id <= 1287918))
	  ->  Bitmap Index Scan on sbtest4_pkey  (cost=0.00..30.33 rows=990 width=0)
	        Index Cond: ((id >= 1286919) AND (id <= 1287918))

table 5 : explain SELECT c FROM sbtest5 WHERE id BETWEEN 9523949 AND 9524948
	Bitmap Heap Scan on sbtest5  (cost=31.07..4014.95 rows=1038 width=121)
	  Recheck Cond: ((id >= 9523949) AND (id <= 9524948))
	  ->  Bitmap Index Scan on sbtest5_pkey  (cost=0.00..30.82 rows=1038 width=0)
	        Index Cond: ((id >= 9523949) AND (id <= 9524948))

table 6 : explain SELECT c FROM sbtest6 WHERE id BETWEEN 374434 AND 375433
	Bitmap Heap Scan on sbtest6  (cost=30.74..3892.23 rows=1005 width=121)
	  Recheck Cond: ((id >= 374434) AND (id <= 375433))
	  ->  Bitmap Index Scan on sbtest6_pkey  (cost=0.00..30.48 rows=1005 width=0)
	        Index Cond: ((id >= 374434) AND (id <= 375433))

table 7 : explain SELECT c FROM sbtest7 WHERE id BETWEEN 764215 AND 765214
	Bitmap Heap Scan on sbtest7  (cost=30.38..3764.45 rows=970 width=121)
	  Recheck Cond: ((id >= 764215) AND (id <= 765214))
	  ->  Bitmap Index Scan on sbtest7_pkey  (cost=0.00..30.14 rows=970 width=0)
	        Index Cond: ((id >= 764215) AND (id <= 765214))

table 8 : explain SELECT c FROM sbtest8 WHERE id BETWEEN 7441069 AND 7442068
	Bitmap Heap Scan on sbtest8  (cost=30.17..3682.53 rows=950 width=121)
	  Recheck Cond: ((id >= 7441069) AND (id <= 7442068))
	  ->  Bitmap Index Scan on sbtest8_pkey  (cost=0.00..29.93 rows=950 width=0)
	        Index Cond: ((id >= 7441069) AND (id <= 7442068))

explain: for point_selects :: explain SELECT c FROM sbtest%u WHERE id=%u
explain: for point_selects :: explain SELECT c FROM sbtest%u WHERE id=%u
for: simple_ranges
table 1 : explain SELECT c FROM sbtest1 WHERE id BETWEEN 8668192 AND 8669191
	Bitmap Heap Scan on sbtest1  (cost=30.49..3800.85 rows=981 width=121)
	  Recheck Cond: ((id >= 8668192) AND (id <= 8669191))
	  ->  Bitmap Index Scan on sbtest1_pkey  (cost=0.00..30.25 rows=981 width=0)
	        Index Cond: ((id >= 8668192) AND (id <= 8669191))

table 2 : explain SELECT c FROM sbtest2 WHERE id BETWEEN 4718501 AND 4719500
	Bitmap Heap Scan on sbtest2  (cost=30.10..3656.20 rows=943 width=121)
	  Recheck Cond: ((id >= 4718501) AND (id <= 4719500))
	  ->  Bitmap Index Scan on sbtest2_pkey  (cost=0.00..29.86 rows=943 width=0)
	        Index Cond: ((id >= 4718501) AND (id <= 4719500))

table 3 : explain SELECT c FROM sbtest3 WHERE id BETWEEN 6745256 AND 6746255
	Bitmap Heap Scan on sbtest3  (cost=31.61..4217.05 rows=1090 width=121)
	  Recheck Cond: ((id >= 6745256) AND (id <= 6746255))
	  ->  Bitmap Index Scan on sbtest3_pkey  (cost=0.00..31.33 rows=1090 width=0)
	        Index Cond: ((id >= 6745256) AND (id <= 6746255))

table 4 : explain SELECT c FROM sbtest4 WHERE id BETWEEN 4483069 AND 4484068
	Bitmap Heap Scan on sbtest4  (cost=31.55..4193.10 rows=1084 width=121)
	  Recheck Cond: ((id >= 4483069) AND (id <= 4484068))
	  ->  Bitmap Index Scan on sbtest4_pkey  (cost=0.00..31.27 rows=1084 width=0)
	        Index Cond: ((id >= 4483069) AND (id <= 4484068))

table 5 : explain SELECT c FROM sbtest5 WHERE id BETWEEN 3623645 AND 3624644
	Bitmap Heap Scan on sbtest5  (cost=31.39..4131.61 rows=1069 width=121)
	  Recheck Cond: ((id >= 3623645) AND (id <= 3624644))
	  ->  Bitmap Index Scan on sbtest5_pkey  (cost=0.00..31.12 rows=1069 width=0)
	        Index Cond: ((id >= 3623645) AND (id <= 3624644))

table 6 : explain SELECT c FROM sbtest6 WHERE id BETWEEN 6525687 AND 6526686
	Bitmap Heap Scan on sbtest6  (cost=31.01..3994.02 rows=1032 width=121)
	  Recheck Cond: ((id >= 6525687) AND (id <= 6526686))
	  ->  Bitmap Index Scan on sbtest6_pkey  (cost=0.00..30.75 rows=1032 width=0)
	        Index Cond: ((id >= 6525687) AND (id <= 6526686))

table 7 : explain SELECT c FROM sbtest7 WHERE id BETWEEN 321509 AND 322508
	Bitmap Heap Scan on sbtest7  (cost=30.84..3934.56 rows=1015 width=121)
	  Recheck Cond: ((id >= 321509) AND (id <= 322508))
	  ->  Bitmap Index Scan on sbtest7_pkey  (cost=0.00..30.58 rows=1015 width=0)
	        Index Cond: ((id >= 321509) AND (id <= 322508))

table 8 : explain SELECT c FROM sbtest8 WHERE id BETWEEN 2727957 AND 2728956
	Bitmap Heap Scan on sbtest8  (cost=30.94..3965.35 rows=1025 width=121)
	  Recheck Cond: ((id >= 2727957) AND (id <= 2728956))
	  ->  Bitmap Index Scan on sbtest8_pkey  (cost=0.00..30.68 rows=1025 width=0)
	        Index Cond: ((id >= 2727957) AND (id <= 2728956))

for: simple_ranges
table 1 : explain SELECT c FROM sbtest1 WHERE id BETWEEN 3906329 AND 3907328
	Bitmap Heap Scan on sbtest1  (cost=25.81..3547.50 rows=915 width=121)
	  Recheck Cond: ((id >= 3906329) AND (id <= 3907328))
	  ->  Bitmap Index Scan on sbtest1_pkey  (cost=0.00..25.58 rows=915 width=0)
	        Index Cond: ((id >= 3906329) AND (id <= 3907328))

table 2 : explain SELECT c FROM sbtest2 WHERE id BETWEEN 8907880 AND 8908879
	Bitmap Heap Scan on sbtest2  (cost=30.58..3833.56 rows=990 width=121)
	  Recheck Cond: ((id >= 8907880) AND (id <= 8908879))
	  ->  Bitmap Index Scan on sbtest2_pkey  (cost=0.00..30.33 rows=990 width=0)
	        Index Cond: ((id >= 8907880) AND (id <= 8908879))

table 3 : explain SELECT c FROM sbtest3 WHERE id BETWEEN 1883477 AND 1884476
	Bitmap Heap Scan on sbtest3  (cost=30.96..3979.45 rows=1027 width=121)
	  Recheck Cond: ((id >= 1883477) AND (id <= 1884476))
	  ->  Bitmap Index Scan on sbtest3_pkey  (cost=0.00..30.70 rows=1027 width=0)
	        Index Cond: ((id >= 1883477) AND (id <= 1884476))

table 4 : explain SELECT c FROM sbtest4 WHERE id BETWEEN 7700752 AND 7701751
	Bitmap Heap Scan on sbtest4  (cost=31.24..4080.04 rows=1054 width=121)
	  Recheck Cond: ((id >= 7700752) AND (id <= 7701751))
	  ->  Bitmap Index Scan on sbtest4_pkey  (cost=0.00..30.97 rows=1054 width=0)
	        Index Cond: ((id >= 7700752) AND (id <= 7701751))

table 5 : explain SELECT c FROM sbtest5 WHERE id BETWEEN 9800121 AND 9801120
	Bitmap Heap Scan on sbtest5  (cost=26.01..3618.66 rows=934 width=121)
	  Recheck Cond: ((id >= 9800121) AND (id <= 9801120))
	  ->  Bitmap Index Scan on sbtest5_pkey  (cost=0.00..25.77 rows=934 width=0)
	        Index Cond: ((id >= 9800121) AND (id <= 9801120))

table 6 : explain SELECT c FROM sbtest6 WHERE id BETWEEN 5886250 AND 5887249
	Bitmap Heap Scan on sbtest6  (cost=30.73..3888.46 rows=1004 width=121)
	  Recheck Cond: ((id >= 5886250) AND (id <= 5887249))
	  ->  Bitmap Index Scan on sbtest6_pkey  (cost=0.00..30.47 rows=1004 width=0)
	        Index Cond: ((id >= 5886250) AND (id <= 5887249))

table 7 : explain SELECT c FROM sbtest7 WHERE id BETWEEN 1880565 AND 1881564
	Bitmap Heap Scan on sbtest7  (cost=29.62..3484.16 rows=896 width=121)
	  Recheck Cond: ((id >= 1880565) AND (id <= 1881564))
	  ->  Bitmap Index Scan on sbtest7_pkey  (cost=0.00..29.39 rows=896 width=0)
	        Index Cond: ((id >= 1880565) AND (id <= 1881564))

table 8 : explain SELECT c FROM sbtest8 WHERE id BETWEEN 6783607 AND 6784606
	Bitmap Heap Scan on sbtest8  (cost=30.16..3678.76 rows=949 width=121)
	  Recheck Cond: ((id >= 6783607) AND (id <= 6784606))
	  ->  Bitmap Index Scan on sbtest8_pkey  (cost=0.00..29.93 rows=949 width=0)
	        Index Cond: ((id >= 6783607) AND (id <= 6784606))

for: sum_ranges
table 1 : explain SELECT SUM(k) FROM sbtest1 WHERE id BETWEEN 592181 AND 593180
	Aggregate  (cost=3754.20..3754.21 rows=1 width=8)
	  ->  Bitmap Heap Scan on sbtest1  (cost=30.36..3751.78 rows=968 width=4)
	        Recheck Cond: ((id >= 592181) AND (id <= 593180))
	        ->  Bitmap Index Scan on sbtest1_pkey  (cost=0.00..30.11 rows=968 width=0)
	              Index Cond: ((id >= 592181) AND (id <= 593180))

table 2 : explain SELECT SUM(k) FROM sbtest2 WHERE id BETWEEN 7740103 AND 7741102
	Aggregate  (cost=3465.43..3465.44 rows=1 width=8)
	  ->  Bitmap Heap Scan on sbtest2  (cost=25.59..3463.19 rows=893 width=4)
	        Recheck Cond: ((id >= 7740103) AND (id <= 7741102))
	        ->  Bitmap Index Scan on sbtest2_pkey  (cost=0.00..25.36 rows=893 width=0)
	              Index Cond: ((id >= 7740103) AND (id <= 7741102))

table 3 : explain SELECT SUM(k) FROM sbtest3 WHERE id BETWEEN 8968247 AND 8969246
	Aggregate  (cost=3963.12..3963.13 rows=1 width=8)
	  ->  Bitmap Heap Scan on sbtest3  (cost=30.91..3960.57 rows=1022 width=4)
	        Recheck Cond: ((id >= 8968247) AND (id <= 8969246))
	        ->  Bitmap Index Scan on sbtest3_pkey  (cost=0.00..30.65 rows=1022 width=0)
	              Index Cond: ((id >= 8968247) AND (id <= 8969246))

table 4 : explain SELECT SUM(k) FROM sbtest4 WHERE id BETWEEN 5420050 AND 5421049
	Aggregate  (cost=4052.49..4052.50 rows=1 width=8)
	  ->  Bitmap Heap Scan on sbtest4  (cost=31.16..4049.88 rows=1046 width=4)
	        Recheck Cond: ((id >= 5420050) AND (id <= 5421049))
	        ->  Bitmap Index Scan on sbtest4_pkey  (cost=0.00..30.89 rows=1046 width=0)
	              Index Cond: ((id >= 5420050) AND (id <= 5421049))

table 5 : explain SELECT SUM(k) FROM sbtest5 WHERE id BETWEEN 8892802 AND 8893801
	Aggregate  (cost=3795.02..3795.03 rows=1 width=8)
	  ->  Bitmap Heap Scan on sbtest5  (cost=30.47..3792.57 rows=979 width=4)
	        Recheck Cond: ((id >= 8892802) AND (id <= 8893801))
	        ->  Bitmap Index Scan on sbtest5_pkey  (cost=0.00..30.22 rows=979 width=0)
	              Index Cond: ((id >= 8892802) AND (id <= 8893801))

table 6 : explain SELECT SUM(k) FROM sbtest6 WHERE id BETWEEN 7811377 AND 7812376
	Aggregate  (cost=3713.42..3713.43 rows=1 width=8)
	  ->  Bitmap Heap Scan on sbtest6  (cost=30.24..3711.03 rows=957 width=4)
	        Recheck Cond: ((id >= 7811377) AND (id <= 7812376))
	        ->  Bitmap Index Scan on sbtest6_pkey  (cost=0.00..30.00 rows=957 width=0)
	              Index Cond: ((id >= 7811377) AND (id <= 7812376))

table 7 : explain SELECT SUM(k) FROM sbtest7 WHERE id BETWEEN 3807018 AND 3808017
	Aggregate  (cost=4159.90..4159.91 rows=1 width=8)
	  ->  Bitmap Heap Scan on sbtest7  (cost=31.44..4157.22 rows=1074 width=4)
	        Recheck Cond: ((id >= 3807018) AND (id <= 3808017))
	        ->  Bitmap Index Scan on sbtest7_pkey  (cost=0.00..31.18 rows=1074 width=0)
	              Index Cond: ((id >= 3807018) AND (id <= 3808017))

table 8 : explain SELECT SUM(k) FROM sbtest8 WHERE id BETWEEN 431083 AND 432082
	Aggregate  (cost=4016.89..4016.90 rows=1 width=8)
	  ->  Bitmap Heap Scan on sbtest8  (cost=31.07..4014.29 rows=1038 width=4)
	        Recheck Cond: ((id >= 431083) AND (id <= 432082))
	        ->  Bitmap Index Scan on sbtest8_pkey  (cost=0.00..30.82 rows=1038 width=0)
	              Index Cond: ((id >= 431083) AND (id <= 432082))

for: order_ranges
table 1 : explain SELECT c FROM sbtest1 WHERE id BETWEEN 9388898 AND 9389897 ORDER BY c
	Sort  (cost=3538.76..3541.01 rows=901 width=121)
	  Sort Key: c
	  ->  Bitmap Heap Scan on sbtest1  (cost=25.67..3494.54 rows=901 width=121)
	        Recheck Cond: ((id >= 9388898) AND (id <= 9389897))
	        ->  Bitmap Index Scan on sbtest1_pkey  (cost=0.00..25.44 rows=901 width=0)
	              Index Cond: ((id >= 9388898) AND (id <= 9389897))

table 2 : explain SELECT c FROM sbtest2 WHERE id BETWEEN 7733603 AND 7734602 ORDER BY c
	Sort  (cost=3506.96..3509.19 rows=893 width=121)
	  Sort Key: c
	  ->  Bitmap Heap Scan on sbtest2  (cost=25.59..3463.19 rows=893 width=121)
	        Recheck Cond: ((id >= 7733603) AND (id <= 7734602))
	        ->  Bitmap Index Scan on sbtest2_pkey  (cost=0.00..25.36 rows=893 width=0)
	              Index Cond: ((id >= 7733603) AND (id <= 7734602))

table 3 : explain SELECT c FROM sbtest3 WHERE id BETWEEN 3472551 AND 3473550 ORDER BY c
	Sort  (cost=4095.95..4098.56 rows=1044 width=121)
	  Sort Key: c
	  ->  Bitmap Heap Scan on sbtest3  (cost=31.14..4043.61 rows=1044 width=121)
	        Recheck Cond: ((id >= 3472551) AND (id <= 3473550))
	        ->  Bitmap Index Scan on sbtest3_pkey  (cost=0.00..30.87 rows=1044 width=0)
	              Index Cond: ((id >= 3472551) AND (id <= 3473550))

table 4 : explain SELECT c FROM sbtest4 WHERE id BETWEEN 3962372 AND 3963371 ORDER BY c
	Sort  (cost=4037.24..4039.81 rows=1029 width=121)
	  Sort Key: c
	  ->  Bitmap Heap Scan on sbtest4  (cost=30.98..3985.75 rows=1029 width=121)
	        Recheck Cond: ((id >= 3962372) AND (id <= 3963371))
	        ->  Bitmap Index Scan on sbtest4_pkey  (cost=0.00..30.72 rows=1029 width=0)
	              Index Cond: ((id >= 3962372) AND (id <= 3963371))

table 5 : explain SELECT c FROM sbtest5 WHERE id BETWEEN 7276345 AND 7277344 ORDER BY c
	Sort  (cost=4063.12..4065.72 rows=1037 width=121)
	  Sort Key: c
	  ->  Bitmap Heap Scan on sbtest5  (cost=31.06..4011.18 rows=1037 width=121)
	        Recheck Cond: ((id >= 7276345) AND (id <= 7277344))
	        ->  Bitmap Index Scan on sbtest5_pkey  (cost=0.00..30.80 rows=1037 width=0)
	              Index Cond: ((id >= 7276345) AND (id <= 7277344))

table 6 : explain SELECT c FROM sbtest6 WHERE id BETWEEN 4450769 AND 4451768 ORDER BY c
	Sort  (cost=4190.98..4193.65 rows=1070 width=121)
	  Sort Key: c
	  ->  Bitmap Heap Scan on sbtest6  (cost=31.40..4137.14 rows=1070 width=121)
	        Recheck Cond: ((id >= 4450769) AND (id <= 4451768))
	        ->  Bitmap Index Scan on sbtest6_pkey  (cost=0.00..31.14 rows=1070 width=0)
	              Index Cond: ((id >= 4450769) AND (id <= 4451768))

table 7 : explain SELECT c FROM sbtest7 WHERE id BETWEEN 8521455 AND 8522454 ORDER BY c
	Sort  (cost=3778.00..3780.41 rows=961 width=121)
	  Sort Key: c
	  ->  Bitmap Heap Scan on sbtest7  (cost=30.29..3730.39 rows=961 width=121)
	        Recheck Cond: ((id >= 8521455) AND (id <= 8522454))
	        ->  Bitmap Index Scan on sbtest7_pkey  (cost=0.00..30.04 rows=961 width=0)
	              Index Cond: ((id >= 8521455) AND (id <= 8522454))

table 8 : explain SELECT c FROM sbtest8 WHERE id BETWEEN 8161014 AND 8162013 ORDER BY c
	Sort  (cost=3656.68..3659.01 rows=931 width=121)
	  Sort Key: c
	  ->  Bitmap Heap Scan on sbtest8  (cost=29.98..3610.77 rows=931 width=121)
	        Recheck Cond: ((id >= 8161014) AND (id <= 8162013))
	        ->  Bitmap Index Scan on sbtest8_pkey  (cost=0.00..29.75 rows=931 width=0)
	              Index Cond: ((id >= 8161014) AND (id <= 8162013))

for: simple_ranges
table 1 : explain SELECT c FROM sbtest1 WHERE id BETWEEN 2441494 AND 2442493
	Bitmap Heap Scan on sbtest1  (cost=30.91..3955.46 rows=1022 width=121)
	  Recheck Cond: ((id >= 2441494) AND (id <= 2442493))
	  ->  Bitmap Index Scan on sbtest1_pkey  (cost=0.00..30.65 rows=1022 width=0)
	        Index Cond: ((id >= 2441494) AND (id <= 2442493))

table 2 : explain SELECT c FROM sbtest2 WHERE id BETWEEN 3865779 AND 3866778
	Bitmap Heap Scan on sbtest2  (cost=31.94..4326.46 rows=1122 width=121)
	  Recheck Cond: ((id >= 3865779) AND (id <= 3866778))
	  ->  Bitmap Index Scan on sbtest2_pkey  (cost=0.00..31.65 rows=1122 width=0)
	        Index Cond: ((id >= 3865779) AND (id <= 3866778))

table 3 : explain SELECT c FROM sbtest3 WHERE id BETWEEN 719176 AND 720175
	Bitmap Heap Scan on sbtest3  (cost=30.45..3790.52 rows=977 width=121)
	  Recheck Cond: ((id >= 719176) AND (id <= 720175))
	  ->  Bitmap Index Scan on sbtest3_pkey  (cost=0.00..30.20 rows=977 width=0)
	        Index Cond: ((id >= 719176) AND (id <= 720175))

table 4 : explain SELECT c FROM sbtest4 WHERE id BETWEEN 7726127 AND 7727126
	Bitmap Heap Scan on sbtest4  (cost=31.24..4080.04 rows=1054 width=121)
	  Recheck Cond: ((id >= 7726127) AND (id <= 7727126))
	  ->  Bitmap Index Scan on sbtest4_pkey  (cost=0.00..30.97 rows=1054 width=0)
	        Index Cond: ((id >= 7726127) AND (id <= 7727126))

table 5 : explain SELECT c FROM sbtest5 WHERE id BETWEEN 1708570 AND 1709569
	Bitmap Heap Scan on sbtest5  (cost=25.77..3531.72 rows=911 width=121)
	  Recheck Cond: ((id >= 1708570) AND (id <= 1709569))
	  ->  Bitmap Index Scan on sbtest5_pkey  (cost=0.00..25.54 rows=911 width=0)
	        Index Cond: ((id >= 1708570) AND (id <= 1709569))

table 6 : explain SELECT c FROM sbtest6 WHERE id BETWEEN 6427461 AND 6428460
	Bitmap Heap Scan on sbtest6  (cost=30.67..3869.59 rows=999 width=121)
	  Recheck Cond: ((id >= 6427461) AND (id <= 6428460))
	  ->  Bitmap Index Scan on sbtest6_pkey  (cost=0.00..30.43 rows=999 width=0)
	        Index Cond: ((id >= 6427461) AND (id <= 6428460))

table 7 : explain SELECT c FROM sbtest7 WHERE id BETWEEN 1515996 AND 1516995
	Bitmap Heap Scan on sbtest7  (cost=35.87..4319.47 rows=1116 width=121)
	  Recheck Cond: ((id >= 1515996) AND (id <= 1516995))
	  ->  Bitmap Index Scan on sbtest7_pkey  (cost=0.00..35.59 rows=1116 width=0)
	        Index Cond: ((id >= 1515996) AND (id <= 1516995))

table 8 : explain SELECT c FROM sbtest8 WHERE id BETWEEN 6282689 AND 6283688
	Bitmap Heap Scan on sbtest8  (cost=31.00..3987.94 rows=1031 width=121)
	  Recheck Cond: ((id >= 6282689) AND (id <= 6283688))
	  ->  Bitmap Index Scan on sbtest8_pkey  (cost=0.00..30.75 rows=1031 width=0)
	        Index Cond: ((id >= 6282689) AND (id <= 6283688))

for: simple_ranges
table 1 : explain SELECT c FROM sbtest1 WHERE id BETWEEN 7255255 AND 7256254
	Bitmap Heap Scan on sbtest1  (cost=30.89..3947.93 rows=1020 width=121)
	  Recheck Cond: ((id >= 7255255) AND (id <= 7256254))
	  ->  Bitmap Index Scan on sbtest1_pkey  (cost=0.00..30.64 rows=1020 width=0)
	        Index Cond: ((id >= 7255255) AND (id <= 7256254))

table 2 : explain SELECT c FROM sbtest2 WHERE id BETWEEN 5151849 AND 5152848
	Bitmap Heap Scan on sbtest2  (cost=31.48..4164.89 rows=1078 width=121)
	  Recheck Cond: ((id >= 5151849) AND (id <= 5152848))
	  ->  Bitmap Index Scan on sbtest2_pkey  (cost=0.00..31.21 rows=1078 width=0)
	        Index Cond: ((id >= 5151849) AND (id <= 5152848))

table 3 : explain SELECT c FROM sbtest3 WHERE id BETWEEN 720295 AND 721294
	Bitmap Heap Scan on sbtest3  (cost=30.45..3790.52 rows=977 width=121)
	  Recheck Cond: ((id >= 720295) AND (id <= 721294))
	  ->  Bitmap Index Scan on sbtest3_pkey  (cost=0.00..30.20 rows=977 width=0)
	        Index Cond: ((id >= 720295) AND (id <= 721294))

table 4 : explain SELECT c FROM sbtest4 WHERE id BETWEEN 7136968 AND 7137967
	Bitmap Heap Scan on sbtest4  (cost=30.44..3785.59 rows=976 width=121)
	  Recheck Cond: ((id >= 7136968) AND (id <= 7137967))
	  ->  Bitmap Index Scan on sbtest4_pkey  (cost=0.00..30.19 rows=976 width=0)
	        Index Cond: ((id >= 7136968) AND (id <= 7137967))

table 5 : explain SELECT c FROM sbtest5 WHERE id BETWEEN 758583 AND 759582
	Bitmap Heap Scan on sbtest5  (cost=32.21..4428.41 rows=1149 width=121)
	  Recheck Cond: ((id >= 758583) AND (id <= 759582))
	  ->  Bitmap Index Scan on sbtest5_pkey  (cost=0.00..31.93 rows=1149 width=0)
	        Index Cond: ((id >= 758583) AND (id <= 759582))

table 6 : explain SELECT c FROM sbtest6 WHERE id BETWEEN 5680558 AND 5681557
	Bitmap Heap Scan on sbtest6  (cost=30.17..3684.58 rows=950 width=121)
	  Recheck Cond: ((id >= 5680558) AND (id <= 5681557))
	  ->  Bitmap Index Scan on sbtest6_pkey  (cost=0.00..29.93 rows=950 width=0)
	        Index Cond: ((id >= 5680558) AND (id <= 5681557))

table 7 : explain SELECT c FROM sbtest7 WHERE id BETWEEN 6707221 AND 6708220
	Bitmap Heap Scan on sbtest7  (cost=31.03..4006.31 rows=1034 width=121)
	  Recheck Cond: ((id >= 6707221) AND (id <= 6708220))
	  ->  Bitmap Index Scan on sbtest7_pkey  (cost=0.00..30.77 rows=1034 width=0)
	        Index Cond: ((id >= 6707221) AND (id <= 6708220))

table 8 : explain SELECT c FROM sbtest8 WHERE id BETWEEN 6550094 AND 6551093
	Bitmap Heap Scan on sbtest8  (cost=30.79..3908.84 rows=1010 width=121)
	  Recheck Cond: ((id >= 6550094) AND (id <= 6551093))
	  ->  Bitmap Index Scan on sbtest8_pkey  (cost=0.00..30.54 rows=1010 width=0)
	        Index Cond: ((id >= 6550094) AND (id <= 6551093))

explain: for point_selects :: explain SELECT c FROM sbtest%u WHERE id=%u
for: distinct_ranges
table 1 : explain SELECT DISTINCT c FROM sbtest1 WHERE id BETWEEN 7253118 AND 7254117 ORDER BY c
	Unique  (cost=3998.90..4004.00 rows=1020 width=121)
	  ->  Sort  (cost=3998.90..4001.45 rows=1020 width=121)
	        Sort Key: c
	        ->  Bitmap Heap Scan on sbtest1  (cost=30.89..3947.93 rows=1020 width=121)
	              Recheck Cond: ((id >= 7253118) AND (id <= 7254117))
	              ->  Bitmap Index Scan on sbtest1_pkey  (cost=0.00..30.64 rows=1020 width=0)
	                    Index Cond: ((id >= 7253118) AND (id <= 7254117))

table 2 : explain SELECT DISTINCT c FROM sbtest2 WHERE id BETWEEN 6765437 AND 6766436 ORDER BY c
	Unique  (cost=3840.71..3845.60 rows=979 width=121)
	  ->  Sort  (cost=3840.71..3843.16 rows=979 width=121)
	        Sort Key: c
	        ->  Bitmap Heap Scan on sbtest2  (cost=30.47..3792.08 rows=979 width=121)
	              Recheck Cond: ((id >= 6765437) AND (id <= 6766436))
	              ->  Bitmap Index Scan on sbtest2_pkey  (cost=0.00..30.22 rows=979 width=0)
	                    Index Cond: ((id >= 6765437) AND (id <= 6766436))

table 3 : explain SELECT DISTINCT c FROM sbtest3 WHERE id BETWEEN 6160457 AND 6161456 ORDER BY c
	Unique  (cost=4126.60..4131.86 rows=1052 width=121)
	  ->  Sort  (cost=4126.60..4129.23 rows=1052 width=121)
	        Sort Key: c
	        ->  Bitmap Heap Scan on sbtest3  (cost=31.22..4073.79 rows=1052 width=121)
	              Recheck Cond: ((id >= 6160457) AND (id <= 6161456))
	              ->  Bitmap Index Scan on sbtest3_pkey  (cost=0.00..30.95 rows=1052 width=0)
	                    Index Cond: ((id >= 6160457) AND (id <= 6161456))

table 4 : explain SELECT DISTINCT c FROM sbtest4 WHERE id BETWEEN 5868389 AND 5869388 ORDER BY c
	Unique  (cost=4324.21..4329.73 rows=1104 width=121)
	  ->  Sort  (cost=4324.21..4326.97 rows=1104 width=121)
	        Sort Key: c
	        ->  Bitmap Heap Scan on sbtest4  (cost=31.75..4268.41 rows=1104 width=121)
	              Recheck Cond: ((id >= 5868389) AND (id <= 5869388))
	              ->  Bitmap Index Scan on sbtest4_pkey  (cost=0.00..31.47 rows=1104 width=0)
	                    Index Cond: ((id >= 5868389) AND (id <= 5869388))

table 5 : explain SELECT DISTINCT c FROM sbtest5 WHERE id BETWEEN 9388447 AND 9389446 ORDER BY c
	Unique  (cost=3837.37..3842.26 rows=978 width=121)
	  ->  Sort  (cost=3837.37..3839.82 rows=978 width=121)
	        Sort Key: c
	        ->  Bitmap Heap Scan on sbtest5  (cost=30.46..3788.80 rows=978 width=121)
	              Recheck Cond: ((id >= 9388447) AND (id <= 9389446))
	              ->  Bitmap Index Scan on sbtest5_pkey  (cost=0.00..30.21 rows=978 width=0)
	                    Index Cond: ((id >= 9388447) AND (id <= 9389446))

table 6 : explain SELECT DISTINCT c FROM sbtest6 WHERE id BETWEEN 3817415 AND 3818414 ORDER BY c
	Unique  (cost=4060.98..4066.16 rows=1036 width=121)
	  ->  Sort  (cost=4060.98..4063.57 rows=1036 width=121)
	        Sort Key: c
	        ->  Bitmap Heap Scan on sbtest6  (cost=31.05..4009.10 rows=1036 width=121)
	              Recheck Cond: ((id >= 3817415) AND (id <= 3818414))
	              ->  Bitmap Index Scan on sbtest6_pkey  (cost=0.00..30.79 rows=1036 width=0)
	                    Index Cond: ((id >= 3817415) AND (id <= 3818414))

table 7 : explain SELECT DISTINCT c FROM sbtest7 WHERE id BETWEEN 5250163 AND 5251162 ORDER BY c
	Unique  (cost=3689.63..3694.32 rows=938 width=121)
	  ->  Sort  (cost=3689.63..3691.98 rows=938 width=121)
	        Sort Key: c
	        ->  Bitmap Heap Scan on sbtest7  (cost=30.05..3643.33 rows=938 width=121)
	              Recheck Cond: ((id >= 5250163) AND (id <= 5251162))
	              ->  Bitmap Index Scan on sbtest7_pkey  (cost=0.00..29.82 rows=938 width=0)
	                    Index Cond: ((id >= 5250163) AND (id <= 5251162))

table 8 : explain SELECT DISTINCT c FROM sbtest8 WHERE id BETWEEN 4312389 AND 4313388 ORDER BY c
	Unique  (cost=3859.75..3864.67 rows=984 width=121)
	  ->  Sort  (cost=3859.75..3862.21 rows=984 width=121)
	        Sort Key: c
	        ->  Bitmap Heap Scan on sbtest8  (cost=30.52..3810.83 rows=984 width=121)
	              Recheck Cond: ((id >= 4312389) AND (id <= 4313388))
	              ->  Bitmap Index Scan on sbtest8_pkey  (cost=0.00..30.27 rows=984 width=0)
	                    Index Cond: ((id >= 4312389) AND (id <= 4313388))

for: order_ranges
table 1 : explain SELECT c FROM sbtest1 WHERE id BETWEEN 8275310 AND 8276309 ORDER BY c
	Sort  (cost=4006.55..4009.10 rows=1022 width=121)
	  Sort Key: c
	  ->  Bitmap Heap Scan on sbtest1  (cost=30.91..3955.46 rows=1022 width=121)
	        Recheck Cond: ((id >= 8275310) AND (id <= 8276309))
	        ->  Bitmap Index Scan on sbtest1_pkey  (cost=0.00..30.65 rows=1022 width=0)
	              Index Cond: ((id >= 8275310) AND (id <= 8276309))

table 2 : explain SELECT c FROM sbtest2 WHERE id BETWEEN 2253185 AND 2254184 ORDER BY c
	Sort  (cost=3928.74..3931.25 rows=1002 width=121)
	  Sort Key: c
	  ->  Bitmap Heap Scan on sbtest2  (cost=30.71..3878.80 rows=1002 width=121)
	        Recheck Cond: ((id >= 2253185) AND (id <= 2254184))
	        ->  Bitmap Index Scan on sbtest2_pkey  (cost=0.00..30.45 rows=1002 width=0)
	              Index Cond: ((id >= 2253185) AND (id <= 2254184))

table 3 : explain SELECT c FROM sbtest3 WHERE id BETWEEN 4826999 AND 4827998 ORDER BY c
	Sort  (cost=3635.44..3637.75 rows=924 width=121)
	  Sort Key: c
	  ->  Bitmap Heap Scan on sbtest3  (cost=29.91..3589.93 rows=924 width=121)
	        Recheck Cond: ((id >= 4826999) AND (id <= 4827998))
	        ->  Bitmap Index Scan on sbtest3_pkey  (cost=0.00..29.68 rows=924 width=0)
	              Index Cond: ((id >= 4826999) AND (id <= 4827998))

table 4 : explain SELECT c FROM sbtest4 WHERE id BETWEEN 7881072 AND 7882071 ORDER BY c
	Sort  (cost=4010.42..4012.97 rows=1022 width=121)
	  Sort Key: c
	  ->  Bitmap Heap Scan on sbtest4  (cost=30.91..3959.33 rows=1022 width=121)
	        Recheck Cond: ((id >= 7881072) AND (id <= 7882071))
	        ->  Bitmap Index Scan on sbtest4_pkey  (cost=0.00..30.65 rows=1022 width=0)
	              Index Cond: ((id >= 7881072) AND (id <= 7882071))

table 5 : explain SELECT c FROM sbtest5 WHERE id BETWEEN 2762940 AND 2763939 ORDER BY c
	Sort  (cost=4200.67..4203.35 rows=1073 width=121)
	  Sort Key: c
	  ->  Bitmap Heap Scan on sbtest5  (cost=31.43..4146.66 rows=1073 width=121)
	        Recheck Cond: ((id >= 2762940) AND (id <= 2763939))
	        ->  Bitmap Index Scan on sbtest5_pkey  (cost=0.00..31.16 rows=1073 width=0)
	              Index Cond: ((id >= 2762940) AND (id <= 2763939))

table 6 : explain SELECT c FROM sbtest6 WHERE id BETWEEN 3699919 AND 3700918 ORDER BY c
	Sort  (cost=3570.20..3572.48 rows=909 width=121)
	  Sort Key: c
	  ->  Bitmap Heap Scan on sbtest6  (cost=25.75..3525.54 rows=909 width=121)
	        Recheck Cond: ((id >= 3699919) AND (id <= 3700918))
	        ->  Bitmap Index Scan on sbtest6_pkey  (cost=0.00..25.52 rows=909 width=0)
	              Index Cond: ((id >= 3699919) AND (id <= 3700918))

table 7 : explain SELECT c FROM sbtest7 WHERE id BETWEEN 5517416 AND 5518415 ORDER BY c
	Sort  (cost=3885.50..3887.98 rows=989 width=121)
	  Sort Key: c
	  ->  Bitmap Heap Scan on sbtest7  (cost=30.57..3836.30 rows=989 width=121)
	        Recheck Cond: ((id >= 5517416) AND (id <= 5518415))
	        ->  Bitmap Index Scan on sbtest7_pkey  (cost=0.00..30.32 rows=989 width=0)
	              Index Cond: ((id >= 5517416) AND (id <= 5518415))

table 8 : explain SELECT c FROM sbtest8 WHERE id BETWEEN 125189 AND 126188 ORDER BY c
	Sort  (cost=4173.26..4175.92 rows=1066 width=121)
	  Sort Key: c
	  ->  Bitmap Heap Scan on sbtest8  (cost=31.36..4119.65 rows=1066 width=121)
	        Recheck Cond: ((id >= 125189) AND (id <= 126188))
	        ->  Bitmap Index Scan on sbtest8_pkey  (cost=0.00..31.09 rows=1066 width=0)
	              Index Cond: ((id >= 125189) AND (id <= 126188))

for: distinct_ranges
table 1 : explain SELECT DISTINCT c FROM sbtest1 WHERE id BETWEEN 108754 AND 109753 ORDER BY c
	Unique  (cost=3903.21..3908.19 rows=995 width=121)
	  ->  Sort  (cost=3903.21..3905.70 rows=995 width=121)
	        Sort Key: c
	        ->  Bitmap Heap Scan on sbtest1  (cost=30.63..3853.67 rows=995 width=121)
	              Recheck Cond: ((id >= 108754) AND (id <= 109753))
	              ->  Bitmap Index Scan on sbtest1_pkey  (cost=0.00..30.39 rows=995 width=0)
	                    Index Cond: ((id >= 108754) AND (id <= 109753))

table 2 : explain SELECT DISTINCT c FROM sbtest2 WHERE id BETWEEN 9979201 AND 9980200 ORDER BY c
	Unique  (cost=3936.40..3941.42 rows=1004 width=121)
	  ->  Sort  (cost=3936.40..3938.91 rows=1004 width=121)
	        Sort Key: c
	        ->  Bitmap Heap Scan on sbtest2  (cost=30.73..3886.34 rows=1004 width=121)
	              Recheck Cond: ((id >= 9979201) AND (id <= 9980200))
	              ->  Bitmap Index Scan on sbtest2_pkey  (cost=0.00..30.47 rows=1004 width=0)
	                    Index Cond: ((id >= 9979201) AND (id <= 9980200))

table 3 : explain SELECT DISTINCT c FROM sbtest3 WHERE id BETWEEN 675446 AND 676445 ORDER BY c
	Unique  (cost=4095.95..4101.17 rows=1044 width=121)
	  ->  Sort  (cost=4095.95..4098.56 rows=1044 width=121)
	        Sort Key: c
	        ->  Bitmap Heap Scan on sbtest3  (cost=31.14..4043.61 rows=1044 width=121)
	              Recheck Cond: ((id >= 675446) AND (id <= 676445))
	              ->  Bitmap Index Scan on sbtest3_pkey  (cost=0.00..30.87 rows=1044 width=0)
	                    Index Cond: ((id >= 675446) AND (id <= 676445))

table 4 : explain SELECT DISTINCT c FROM sbtest4 WHERE id BETWEEN 4243866 AND 4244865 ORDER BY c
	Unique  (cost=4056.39..4061.56 rows=1034 width=121)
	  ->  Sort  (cost=4056.39..4058.97 rows=1034 width=121)
	        Sort Key: c
	        ->  Bitmap Heap Scan on sbtest4  (cost=31.03..4004.61 rows=1034 width=121)
	              Recheck Cond: ((id >= 4243866) AND (id <= 4244865))
	              ->  Bitmap Index Scan on sbtest4_pkey  (cost=0.00..30.77 rows=1034 width=0)
	                    Index Cond: ((id >= 4243866) AND (id <= 4244865))

table 5 : explain SELECT DISTINCT c FROM sbtest5 WHERE id BETWEEN 1251866 AND 1252865 ORDER BY c
	Unique  (cost=3603.36..3607.95 rows=918 width=121)
	  ->  Sort  (cost=3603.36..3605.66 rows=918 width=121)
	        Sort Key: c
	        ->  Bitmap Heap Scan on sbtest5  (cost=25.84..3558.19 rows=918 width=121)
	              Recheck Cond: ((id >= 1251866) AND (id <= 1252865))
	              ->  Bitmap Index Scan on sbtest5_pkey  (cost=0.00..25.61 rows=918 width=0)
	                    Index Cond: ((id >= 1251866) AND (id <= 1252865))

table 6 : explain SELECT DISTINCT c FROM sbtest6 WHERE id BETWEEN 7047751 AND 7048750 ORDER BY c
	Unique  (cost=4225.36..4230.76 rows=1079 width=121)
	  ->  Sort  (cost=4225.36..4228.06 rows=1079 width=121)
	        Sort Key: c
	        ->  Bitmap Heap Scan on sbtest6  (cost=31.49..4171.01 rows=1079 width=121)
	              Recheck Cond: ((id >= 7047751) AND (id <= 7048750))
	              ->  Bitmap Index Scan on sbtest6_pkey  (cost=0.00..31.22 rows=1079 width=0)
	                    Index Cond: ((id >= 7047751) AND (id <= 7048750))

table 7 : explain SELECT DISTINCT c FROM sbtest7 WHERE id BETWEEN 151827 AND 152826 ORDER BY c
	Unique  (cost=3893.18..3898.13 rows=991 width=121)
	  ->  Sort  (cost=3893.18..3895.66 rows=991 width=121)
	        Sort Key: c
	        ->  Bitmap Heap Scan on sbtest7  (cost=30.59..3843.86 rows=991 width=121)
	              Recheck Cond: ((id >= 151827) AND (id <= 152826))
	              ->  Bitmap Index Scan on sbtest7_pkey  (cost=0.00..30.34 rows=991 width=0)
	                    Index Cond: ((id >= 151827) AND (id <= 152826))

table 8 : explain SELECT DISTINCT c FROM sbtest8 WHERE id BETWEEN 9991411 AND 9992410 ORDER BY c
	Unique  (cost=4031.90..4037.04 rows=1029 width=121)
	  ->  Sort  (cost=4031.90..4034.47 rows=1029 width=121)
	        Sort Key: c
	        ->  Bitmap Heap Scan on sbtest8  (cost=30.98..3980.41 rows=1029 width=121)
	              Recheck Cond: ((id >= 9991411) AND (id <= 9992410))
	              ->  Bitmap Index Scan on sbtest8_pkey  (cost=0.00..30.72 rows=1029 width=0)
	                    Index Cond: ((id >= 9991411) AND (id <= 9992410))

for: order_ranges
table 1 : explain SELECT c FROM sbtest1 WHERE id BETWEEN 7227485 AND 7228484 ORDER BY c
	Sort  (cost=3998.90..4001.45 rows=1020 width=121)
	  Sort Key: c
	  ->  Bitmap Heap Scan on sbtest1  (cost=30.89..3947.93 rows=1020 width=121)
	        Recheck Cond: ((id >= 7227485) AND (id <= 7228484))
	        ->  Bitmap Index Scan on sbtest1_pkey  (cost=0.00..30.64 rows=1020 width=0)
	              Index Cond: ((id >= 7227485) AND (id <= 7228484))

table 2 : explain SELECT c FROM sbtest2 WHERE id BETWEEN 9183517 AND 9184516 ORDER BY c
	Sort  (cost=3955.52..3958.05 rows=1009 width=121)
	  Sort Key: c
	  ->  Bitmap Heap Scan on sbtest2  (cost=30.78..3905.18 rows=1009 width=121)
	        Recheck Cond: ((id >= 9183517) AND (id <= 9184516))
	        ->  Bitmap Index Scan on sbtest2_pkey  (cost=0.00..30.52 rows=1009 width=0)
	              Index Cond: ((id >= 9183517) AND (id <= 9184516))

table 3 : explain SELECT c FROM sbtest3 WHERE id BETWEEN 7207669 AND 7208668 ORDER BY c
	Sort  (cost=3792.97..3795.39 rows=965 width=121)
	  Sort Key: c
	  ->  Bitmap Heap Scan on sbtest3  (cost=30.33..3745.14 rows=965 width=121)
	        Recheck Cond: ((id >= 7207669) AND (id <= 7208668))
	        ->  Bitmap Index Scan on sbtest3_pkey  (cost=0.00..30.08 rows=965 width=0)
	              Index Cond: ((id >= 7207669) AND (id <= 7208668))

table 4 : explain SELECT c FROM sbtest4 WHERE id BETWEEN 4449730 AND 4450729 ORDER BY c
	Sort  (cost=3676.49..3678.83 rows=936 width=121)
	  Sort Key: c
	  ->  Bitmap Heap Scan on sbtest4  (cost=26.03..3630.29 rows=936 width=121)
	        Recheck Cond: ((id >= 4449730) AND (id <= 4450729))
	        ->  Bitmap Index Scan on sbtest4_pkey  (cost=0.00..25.79 rows=936 width=0)
	              Index Cond: ((id >= 4449730) AND (id <= 4450729))

table 5 : explain SELECT c FROM sbtest5 WHERE id BETWEEN 2994961 AND 2995960 ORDER BY c
	Sort  (cost=4066.95..4069.54 rows=1038 width=121)
	  Sort Key: c
	  ->  Bitmap Heap Scan on sbtest5  (cost=31.07..4014.95 rows=1038 width=121)
	        Recheck Cond: ((id >= 2994961) AND (id <= 2995960))
	        ->  Bitmap Index Scan on sbtest5_pkey  (cost=0.00..30.82 rows=1038 width=0)
	              Index Cond: ((id >= 2994961) AND (id <= 2995960))

table 6 : explain SELECT c FROM sbtest6 WHERE id BETWEEN 1258455 AND 1259454 ORDER BY c
	Sort  (cost=4114.53..4117.15 rows=1050 width=121)
	  Sort Key: c
	  ->  Bitmap Heap Scan on sbtest6  (cost=31.20..4061.84 rows=1050 width=121)
	        Recheck Cond: ((id >= 1258455) AND (id <= 1259454))
	        ->  Bitmap Index Scan on sbtest6_pkey  (cost=0.00..30.93 rows=1050 width=0)
	              Index Cond: ((id >= 1258455) AND (id <= 1259454))

table 7 : explain SELECT c FROM sbtest7 WHERE id BETWEEN 8304029 AND 8305028 ORDER BY c
	Sort  (cost=3666.57..3668.90 rows=932 width=121)
	  Sort Key: c
	  ->  Bitmap Heap Scan on sbtest7  (cost=29.99..3620.60 rows=932 width=121)
	        Recheck Cond: ((id >= 8304029) AND (id <= 8305028))
	        ->  Bitmap Index Scan on sbtest7_pkey  (cost=0.00..29.75 rows=932 width=0)
	              Index Cond: ((id >= 8304029) AND (id <= 8305028))

table 8 : explain SELECT c FROM sbtest8 WHERE id BETWEEN 9641379 AND 9642378 ORDER BY c
	Sort  (cost=3986.01..3988.56 rows=1017 width=121)
	  Sort Key: c
	  ->  Bitmap Heap Scan on sbtest8  (cost=30.86..3935.21 rows=1017 width=121)
	        Recheck Cond: ((id >= 9641379) AND (id <= 9642378))
	        ->  Bitmap Index Scan on sbtest8_pkey  (cost=0.00..30.61 rows=1017 width=0)
	              Index Cond: ((id >= 9641379) AND (id <= 9642378))

for: sum_ranges
table 1 : explain SELECT SUM(k) FROM sbtest1 WHERE id BETWEEN 4825674 AND 4826673
	Aggregate  (cost=3682.40..3682.41 rows=1 width=8)
	  ->  Bitmap Heap Scan on sbtest1  (cost=30.16..3680.03 rows=949 width=4)
	        Recheck Cond: ((id >= 4825674) AND (id <= 4826673))
	        ->  Bitmap Index Scan on sbtest1_pkey  (cost=0.00..29.93 rows=949 width=0)
	              Index Cond: ((id >= 4825674) AND (id <= 4826673))

table 2 : explain SELECT SUM(k) FROM sbtest2 WHERE id BETWEEN 4504500 AND 4505499
	Aggregate  (cost=3768.10..3768.11 rows=1 width=8)
	  ->  Bitmap Heap Scan on sbtest2  (cost=30.40..3765.67 rows=972 width=4)
	        Recheck Cond: ((id >= 4504500) AND (id <= 4505499))
	        ->  Bitmap Index Scan on sbtest2_pkey  (cost=0.00..30.15 rows=972 width=0)
	              Index Cond: ((id >= 4504500) AND (id <= 4505499))

table 3 : explain SELECT SUM(k) FROM sbtest3 WHERE id BETWEEN 2397654 AND 2398653
	Aggregate  (cost=3985.79..3985.80 rows=1 width=8)
	  ->  Bitmap Heap Scan on sbtest3  (cost=30.97..3983.22 rows=1028 width=4)
	        Recheck Cond: ((id >= 2397654) AND (id <= 2398653))
	        ->  Bitmap Index Scan on sbtest3_pkey  (cost=0.00..30.71 rows=1028 width=0)
	              Index Cond: ((id >= 2397654) AND (id <= 2398653))

table 4 : explain SELECT SUM(k) FROM sbtest4 WHERE id BETWEEN 200520 AND 201519
	Aggregate  (cost=3704.79..3704.80 rows=1 width=8)
	  ->  Bitmap Heap Scan on sbtest4  (cost=30.21..3702.40 rows=954 width=4)
	        Recheck Cond: ((id >= 200520) AND (id <= 201519))
	        ->  Bitmap Index Scan on sbtest4_pkey  (cost=0.00..29.97 rows=954 width=0)
	              Index Cond: ((id >= 200520) AND (id <= 201519))

table 5 : explain SELECT SUM(k) FROM sbtest5 WHERE id BETWEEN 429700 AND 430699
	Aggregate  (cost=4107.93..4107.94 rows=1 width=8)
	  ->  Bitmap Heap Scan on sbtest5  (cost=31.32..4105.28 rows=1062 width=4)
	        Recheck Cond: ((id >= 429700) AND (id <= 430699))
	        ->  Bitmap Index Scan on sbtest5_pkey  (cost=0.00..31.05 rows=1062 width=0)
	              Index Cond: ((id >= 429700) AND (id <= 430699))

table 6 : explain SELECT SUM(k) FROM sbtest6 WHERE id BETWEEN 6326537 AND 6327536
	Aggregate  (cost=4019.23..4019.24 rows=1 width=8)
	  ->  Bitmap Heap Scan on sbtest6  (cost=31.07..4016.63 rows=1038 width=4)
	        Recheck Cond: ((id >= 6326537) AND (id <= 6327536))
	        ->  Bitmap Index Scan on sbtest6_pkey  (cost=0.00..30.82 rows=1038 width=0)
	              Index Cond: ((id >= 6326537) AND (id <= 6327536))

table 7 : explain SELECT SUM(k) FROM sbtest7 WHERE id BETWEEN 8699769 AND 8700768
	Aggregate  (cost=3516.75..3516.76 rows=1 width=8)
	  ->  Bitmap Heap Scan on sbtest7  (cost=29.70..3514.49 rows=904 width=4)
	        Recheck Cond: ((id >= 8699769) AND (id <= 8700768))
	        ->  Bitmap Index Scan on sbtest7_pkey  (cost=0.00..29.47 rows=904 width=0)
	              Index Cond: ((id >= 8699769) AND (id <= 8700768))

table 8 : explain SELECT SUM(k) FROM sbtest8 WHERE id BETWEEN 3369968 AND 3370967
	Aggregate  (cost=3896.28..3896.29 rows=1 width=8)
	  ->  Bitmap Heap Scan on sbtest8  (cost=30.75..3893.77 rows=1006 width=4)
	        Recheck Cond: ((id >= 3369968) AND (id <= 3370967))
	        ->  Bitmap Index Scan on sbtest8_pkey  (cost=0.00..30.50 rows=1006 width=0)
	              Index Cond: ((id >= 3369968) AND (id <= 3370967))

for: sum_ranges
table 1 : explain SELECT SUM(k) FROM sbtest1 WHERE id BETWEEN 4223988 AND 4224987
	Aggregate  (cost=3844.83..3844.84 rows=1 width=8)
	  ->  Bitmap Heap Scan on sbtest1  (cost=30.60..3842.35 rows=992 width=4)
	        Recheck Cond: ((id >= 4223988) AND (id <= 4224987))
	        ->  Bitmap Index Scan on sbtest1_pkey  (cost=0.00..30.36 rows=992 width=0)
	              Index Cond: ((id >= 4223988) AND (id <= 4224987))

table 2 : explain SELECT SUM(k) FROM sbtest2 WHERE id BETWEEN 7120390 AND 7121389
	Aggregate  (cost=4005.70..4005.71 rows=1 width=8)
	  ->  Bitmap Heap Scan on sbtest2  (cost=31.04..4003.11 rows=1035 width=4)
	        Recheck Cond: ((id >= 7120390) AND (id <= 7121389))
	        ->  Bitmap Index Scan on sbtest2_pkey  (cost=0.00..30.79 rows=1035 width=0)
	              Index Cond: ((id >= 7120390) AND (id <= 7121389))

table 3 : explain SELECT SUM(k) FROM sbtest3 WHERE id BETWEEN 7091362 AND 7092361
	Aggregate  (cost=3656.66..3656.67 rows=1 width=8)
	  ->  Bitmap Heap Scan on sbtest3  (cost=30.08..3654.31 rows=941 width=4)
	        Recheck Cond: ((id >= 7091362) AND (id <= 7092361))
	        ->  Bitmap Index Scan on sbtest3_pkey  (cost=0.00..29.84 rows=941 width=0)
	              Index Cond: ((id >= 7091362) AND (id <= 7092361))

table 4 : explain SELECT SUM(k) FROM sbtest4 WHERE id BETWEEN 9492626 AND 9493625
	Aggregate  (cost=3617.48..3617.49 rows=1 width=8)
	  ->  Bitmap Heap Scan on sbtest4  (cost=25.99..3615.15 rows=932 width=4)
	        Recheck Cond: ((id >= 9492626) AND (id <= 9493625))
	        ->  Bitmap Index Scan on sbtest4_pkey  (cost=0.00..25.75 rows=932 width=0)
	              Index Cond: ((id >= 9492626) AND (id <= 9493625))

table 5 : explain SELECT SUM(k) FROM sbtest5 WHERE id BETWEEN 3982130 AND 3983129
	Aggregate  (cost=4074.04..4074.05 rows=1 width=8)
	  ->  Bitmap Heap Scan on sbtest5  (cost=31.23..4071.41 rows=1053 width=4)
	        Recheck Cond: ((id >= 3982130) AND (id <= 3983129))
	        ->  Bitmap Index Scan on sbtest5_pkey  (cost=0.00..30.96 rows=1053 width=0)
	              Index Cond: ((id >= 3982130) AND (id <= 3983129))

table 6 : explain SELECT SUM(k) FROM sbtest6 WHERE id BETWEEN 6782568 AND 6783567
	Aggregate  (cost=3743.66..3743.67 rows=1 width=8)
	  ->  Bitmap Heap Scan on sbtest6  (cost=30.33..3741.25 rows=965 width=4)
	        Recheck Cond: ((id >= 6782568) AND (id <= 6783567))
	        ->  Bitmap Index Scan on sbtest6_pkey  (cost=0.00..30.08 rows=965 width=0)
	              Index Cond: ((id >= 6782568) AND (id <= 6783567))

table 7 : explain SELECT SUM(k) FROM sbtest7 WHERE id BETWEEN 5783199 AND 5784198
	Aggregate  (cost=3974.89..3974.90 rows=1 width=8)
	  ->  Bitmap Heap Scan on sbtest7  (cost=30.94..3972.33 rows=1025 width=4)
	        Recheck Cond: ((id >= 5783199) AND (id <= 5784198))
	        ->  Bitmap Index Scan on sbtest7_pkey  (cost=0.00..30.68 rows=1025 width=0)
	              Index Cond: ((id >= 5783199) AND (id <= 5784198))

table 8 : explain SELECT SUM(k) FROM sbtest8 WHERE id BETWEEN 8812594 AND 8813593
	Aggregate  (cost=4073.38..4073.39 rows=1 width=8)
	  ->  Bitmap Heap Scan on sbtest8  (cost=31.23..4070.74 rows=1053 width=4)
	        Recheck Cond: ((id >= 8812594) AND (id <= 8813593))
	        ->  Bitmap Index Scan on sbtest8_pkey  (cost=0.00..30.96 rows=1053 width=0)
	              Index Cond: ((id >= 8812594) AND (id <= 8813593))
for point_selects
table 1 : explain SELECT c FROM sbtest1 WHERE id=1208078
	Index Scan using sbtest1_pkey on sbtest1  (cost=0.43..8.45 rows=1 width=121)
	  Index Cond: (id = 1208078)

table 2 : explain SELECT c FROM sbtest2 WHERE id=3656331
	Index Scan using sbtest2_pkey on sbtest2  (cost=0.43..8.45 rows=1 width=121)
	  Index Cond: (id = 3656331)

table 3 : explain SELECT c FROM sbtest3 WHERE id=9723478
	Index Scan using sbtest3_pkey on sbtest3  (cost=0.43..8.45 rows=1 width=121)
	  Index Cond: (id = 9723478)

table 4 : explain SELECT c FROM sbtest4 WHERE id=2791599
	Index Scan using sbtest4_pkey on sbtest4  (cost=0.43..8.45 rows=1 width=121)
	  Index Cond: (id = 2791599)

table 5 : explain SELECT c FROM sbtest5 WHERE id=5024374
	Index Scan using sbtest5_pkey on sbtest5  (cost=0.43..8.45 rows=1 width=121)
	  Index Cond: (id = 5024374)

table 6 : explain SELECT c FROM sbtest6 WHERE id=2316572
	Index Scan using sbtest6_pkey on sbtest6  (cost=0.43..8.45 rows=1 width=121)
	  Index Cond: (id = 2316572)

table 7 : explain SELECT c FROM sbtest7 WHERE id=1557208
	Index Scan using sbtest7_pkey on sbtest7  (cost=0.43..8.45 rows=1 width=121)
	  Index Cond: (id = 1557208)

table 8 : explain SELECT c FROM sbtest8 WHERE id=7019624
	Index Scan using sbtest8_pkey on sbtest8  (cost=0.43..8.45 rows=1 width=121)
	  Index Cond: (id = 7019624)


for: sum_ranges
table 1 : explain SELECT SUM(k) FROM sbtest1 WHERE id BETWEEN 5272891 AND 5273890
	Aggregate  (cost=3927.85..3927.86 rows=1 width=8)
	  ->  Bitmap Heap Scan on sbtest1  (cost=30.83..3925.31 rows=1014 width=4)
	        Recheck Cond: ((id >= 5272891) AND (id <= 5273890))
	        ->  Bitmap Index Scan on sbtest1_pkey  (cost=0.00..30.57 rows=1014 width=0)
	              Index Cond: ((id >= 5272891) AND (id <= 5273890))

table 2 : explain SELECT SUM(k) FROM sbtest2 WHERE id BETWEEN 8030110 AND 8031109
	Aggregate  (cost=3952.94..3952.95 rows=1 width=8)
	  ->  Bitmap Heap Scan on sbtest2  (cost=30.90..3950.39 rows=1021 width=4)
	        Recheck Cond: ((id >= 8030110) AND (id <= 8031109))
	        ->  Bitmap Index Scan on sbtest2_pkey  (cost=0.00..30.64 rows=1021 width=0)
	              Index Cond: ((id >= 8030110) AND (id <= 8031109))

table 3 : explain SELECT SUM(k) FROM sbtest3 WHERE id BETWEEN 5412130 AND 5413129
	Aggregate  (cost=3762.69..3762.70 rows=1 width=8)
	  ->  Bitmap Heap Scan on sbtest3  (cost=30.37..3760.27 rows=969 width=4)
	        Recheck Cond: ((id >= 5412130) AND (id <= 5413129))
	        ->  Bitmap Index Scan on sbtest3_pkey  (cost=0.00..30.12 rows=969 width=0)
	              Index Cond: ((id >= 5412130) AND (id <= 5413129))

table 4 : explain SELECT SUM(k) FROM sbtest4 WHERE id BETWEEN 8541978 AND 8542977
	Aggregate  (cost=3750.20..3750.21 rows=1 width=8)
	  ->  Bitmap Heap Scan on sbtest4  (cost=30.34..3747.79 rows=966 width=4)
	        Recheck Cond: ((id >= 8541978) AND (id <= 8542977))
	        ->  Bitmap Index Scan on sbtest4_pkey  (cost=0.00..30.09 rows=966 width=0)
	              Index Cond: ((id >= 8541978) AND (id <= 8542977))

table 5 : explain SELECT SUM(k) FROM sbtest5 WHERE id BETWEEN 6866751 AND 6867750
	Aggregate  (cost=3761.04..3761.05 rows=1 width=8)
	  ->  Bitmap Heap Scan on sbtest5  (cost=30.38..3758.61 rows=970 width=4)
	        Recheck Cond: ((id >= 6866751) AND (id <= 6867750))
	        ->  Bitmap Index Scan on sbtest5_pkey  (cost=0.00..30.14 rows=970 width=0)
	              Index Cond: ((id >= 6866751) AND (id <= 6867750))

table 6 : explain SELECT SUM(k) FROM sbtest6 WHERE id BETWEEN 311885 AND 312884
	Aggregate  (cost=3894.74..3894.75 rows=1 width=8)
	  ->  Bitmap Heap Scan on sbtest6  (cost=30.74..3892.23 rows=1005 width=4)
	        Recheck Cond: ((id >= 311885) AND (id <= 312884))
	        ->  Bitmap Index Scan on sbtest6_pkey  (cost=0.00..30.48 rows=1005 width=0)
	              Index Cond: ((id >= 311885) AND (id <= 312884))

table 7 : explain SELECT SUM(k) FROM sbtest7 WHERE id BETWEEN 3213345 AND 3214344
	Aggregate  (cost=3921.97..3921.98 rows=1 width=8)
	  ->  Bitmap Heap Scan on sbtest7  (cost=30.80..3919.45 rows=1011 width=4)
	        Recheck Cond: ((id >= 3213345) AND (id <= 3214344))
	        ->  Bitmap Index Scan on sbtest7_pkey  (cost=0.00..30.54 rows=1011 width=0)
	              Index Cond: ((id >= 3213345) AND (id <= 3214344))

table 8 : explain SELECT SUM(k) FROM sbtest8 WHERE id BETWEEN 5754545 AND 5755544
	Aggregate  (cost=3911.37..3911.38 rows=1 width=8)
	  ->  Bitmap Heap Scan on sbtest8  (cost=30.79..3908.84 rows=1010 width=4)
	        Recheck Cond: ((id >= 5754545) AND (id <= 5755544))
	        ->  Bitmap Index Scan on sbtest8_pkey  (cost=0.00..30.54 rows=1010 width=0)
	              Index Cond: ((id >= 5754545) AND (id <= 5755544))

for point_selects
table 1 : explain SELECT c FROM sbtest1 WHERE id=7678706
	Index Scan using sbtest1_pkey on sbtest1  (cost=0.43..8.45 rows=1 width=121)
	  Index Cond: (id = 7678706)

table 2 : explain SELECT c FROM sbtest2 WHERE id=9322089
	Index Scan using sbtest2_pkey on sbtest2  (cost=0.43..8.45 rows=1 width=121)
	  Index Cond: (id = 9322089)

table 3 : explain SELECT c FROM sbtest3 WHERE id=6911600
	Index Scan using sbtest3_pkey on sbtest3  (cost=0.43..8.45 rows=1 width=121)
	  Index Cond: (id = 6911600)

table 4 : explain SELECT c FROM sbtest4 WHERE id=8086668
	Index Scan using sbtest4_pkey on sbtest4  (cost=0.43..8.45 rows=1 width=121)
	  Index Cond: (id = 8086668)

table 5 : explain SELECT c FROM sbtest5 WHERE id=5358706
	Index Scan using sbtest5_pkey on sbtest5  (cost=0.43..8.45 rows=1 width=121)
	  Index Cond: (id = 5358706)

table 6 : explain SELECT c FROM sbtest6 WHERE id=5844752
	Index Scan using sbtest6_pkey on sbtest6  (cost=0.43..8.45 rows=1 width=121)
	  Index Cond: (id = 5844752)

table 7 : explain SELECT c FROM sbtest7 WHERE id=6695766
	Index Scan using sbtest7_pkey on sbtest7  (cost=0.43..8.45 rows=1 width=121)
	  Index Cond: (id = 6695766)

table 8 : explain SELECT c FROM sbtest8 WHERE id=9066093
	Index Scan using sbtest8_pkey on sbtest8  (cost=0.43..8.45 rows=1 width=121)
	  Index Cond: (id = 9066093)

for point_selects
table 1 : explain SELECT c FROM sbtest1 WHERE id=6518674
	Index Scan using sbtest1_pkey on sbtest1  (cost=0.43..8.45 rows=1 width=121)
	  Index Cond: (id = 6518674)

table 2 : explain SELECT c FROM sbtest2 WHERE id=4662613
	Index Scan using sbtest2_pkey on sbtest2  (cost=0.43..8.45 rows=1 width=121)
	  Index Cond: (id = 4662613)

table 3 : explain SELECT c FROM sbtest3 WHERE id=7032553
	Index Scan using sbtest3_pkey on sbtest3  (cost=0.43..8.45 rows=1 width=121)
	  Index Cond: (id = 7032553)

table 4 : explain SELECT c FROM sbtest4 WHERE id=9296982
	Index Scan using sbtest4_pkey on sbtest4  (cost=0.43..8.45 rows=1 width=121)
	  Index Cond: (id = 9296982)

table 5 : explain SELECT c FROM sbtest5 WHERE id=776608
	Index Scan using sbtest5_pkey on sbtest5  (cost=0.43..8.45 rows=1 width=121)
	  Index Cond: (id = 776608)

table 6 : explain SELECT c FROM sbtest6 WHERE id=5034158
	Index Scan using sbtest6_pkey on sbtest6  (cost=0.43..8.45 rows=1 width=121)
	  Index Cond: (id = 5034158)

table 7 : explain SELECT c FROM sbtest7 WHERE id=5277859
	Index Scan using sbtest7_pkey on sbtest7  (cost=0.43..8.45 rows=1 width=121)
	  Index Cond: (id = 5277859)

table 8 : explain SELECT c FROM sbtest8 WHERE id=7061272
	Index Scan using sbtest8_pkey on sbtest8  (cost=0.43..8.45 rows=1 width=121)
	  Index Cond: (id = 7061272)

for: distinct_ranges
table 1 : explain SELECT DISTINCT c FROM sbtest1 WHERE id BETWEEN 5788326 AND 5789325 ORDER BY c
	Unique  (cost=4148.02..4153.31 rows=1059 width=121)
	  ->  Sort  (cost=4148.02..4150.67 rows=1059 width=121)
	        Sort Key: c
	        ->  Bitmap Heap Scan on sbtest1  (cost=31.29..4094.81 rows=1059 width=121)
	              Recheck Cond: ((id >= 5788326) AND (id <= 5789325))
	              ->  Bitmap Index Scan on sbtest1_pkey  (cost=0.00..31.02 rows=1059 width=0)
	                    Index Cond: ((id >= 5788326) AND (id <= 5789325))

table 2 : explain SELECT DISTINCT c FROM sbtest2 WHERE id BETWEEN 1181867 AND 1182866 ORDER BY c
	Unique  (cost=3790.92..3795.75 rows=966 width=121)
	  ->  Sort  (cost=3790.92..3793.34 rows=966 width=121)
	        Sort Key: c
	        ->  Bitmap Heap Scan on sbtest2  (cost=30.34..3743.03 rows=966 width=121)
	              Recheck Cond: ((id >= 1181867) AND (id <= 1182866))
	              ->  Bitmap Index Scan on sbtest2_pkey  (cost=0.00..30.09 rows=966 width=0)
	                    Index Cond: ((id >= 1181867) AND (id <= 1182866))

table 3 : explain SELECT DISTINCT c FROM sbtest3 WHERE id BETWEEN 7470054 AND 7471053 ORDER BY c
	Unique  (cost=3750.73..3755.50 rows=954 width=121)
	  ->  Sort  (cost=3750.73..3753.11 rows=954 width=121)
	        Sort Key: c
	        ->  Bitmap Heap Scan on sbtest3  (cost=30.21..3703.52 rows=954 width=121)
	              Recheck Cond: ((id >= 7470054) AND (id <= 7471053))
	              ->  Bitmap Index Scan on sbtest3_pkey  (cost=0.00..29.97 rows=954 width=0)
	                    Index Cond: ((id >= 7470054) AND (id <= 7471053))

table 4 : explain SELECT DISTINCT c FROM sbtest4 WHERE id BETWEEN 3814917 AND 3815916 ORDER BY c
	Unique  (cost=3968.27..3973.32 rows=1011 width=121)
	  ->  Sort  (cost=3968.27..3970.79 rows=1011 width=121)
	        Sort Key: c
	        ->  Bitmap Heap Scan on sbtest4  (cost=30.80..3917.81 rows=1011 width=121)
	              Recheck Cond: ((id >= 3814917) AND (id <= 3815916))
	              ->  Bitmap Index Scan on sbtest4_pkey  (cost=0.00..30.54 rows=1011 width=0)
	                    Index Cond: ((id >= 3814917) AND (id <= 3815916))

table 5 : explain SELECT DISTINCT c FROM sbtest5 WHERE id BETWEEN 5508327 AND 5509326 ORDER BY c
	Unique  (cost=3664.74..3669.41 rows=934 width=121)
	  ->  Sort  (cost=3664.74..3667.08 rows=934 width=121)
	        Sort Key: c
	        ->  Bitmap Heap Scan on sbtest5  (cost=26.01..3618.66 rows=934 width=121)
	              Recheck Cond: ((id >= 5508327) AND (id <= 5509326))
	              ->  Bitmap Index Scan on sbtest5_pkey  (cost=0.00..25.77 rows=934 width=0)
	                    Index Cond: ((id >= 5508327) AND (id <= 5509326))

table 6 : explain SELECT DISTINCT c FROM sbtest6 WHERE id BETWEEN 1608329 AND 1609328 ORDER BY c
	Unique  (cost=3762.25..3767.04 rows=958 width=121)
	  ->  Sort  (cost=3762.25..3764.64 rows=958 width=121)
	        Sort Key: c
	        ->  Bitmap Heap Scan on sbtest6  (cost=30.25..3714.81 rows=958 width=121)
	              Recheck Cond: ((id >= 1608329) AND (id <= 1609328))
	              ->  Bitmap Index Scan on sbtest6_pkey  (cost=0.00..30.01 rows=958 width=0)
	                    Index Cond: ((id >= 1608329) AND (id <= 1609328))

table 7 : explain SELECT DISTINCT c FROM sbtest7 WHERE id BETWEEN 1705831 AND 1706830 ORDER BY c
	Unique  (cost=3900.85..3905.82 rows=993 width=121)
	  ->  Sort  (cost=3900.85..3903.34 rows=993 width=121)
	        Sort Key: c
	        ->  Bitmap Heap Scan on sbtest7  (cost=30.61..3851.42 rows=993 width=121)
	              Recheck Cond: ((id >= 1705831) AND (id <= 1706830))
	              ->  Bitmap Index Scan on sbtest7_pkey  (cost=0.00..30.36 rows=993 width=0)
	                    Index Cond: ((id >= 1705831) AND (id <= 1706830))

table 8 : explain SELECT DISTINCT c FROM sbtest8 WHERE id BETWEEN 4723399 AND 4724398 ORDER BY c
	Unique  (cost=4093.04..4098.27 rows=1045 width=121)
	  ->  Sort  (cost=4093.04..4095.66 rows=1045 width=121)
	        Sort Key: c
	        ->  Bitmap Heap Scan on sbtest8  (cost=31.15..4040.64 rows=1045 width=121)
	              Recheck Cond: ((id >= 4723399) AND (id <= 4724398))
	              ->  Bitmap Index Scan on sbtest8_pkey  (cost=0.00..30.89 rows=1045 width=0)
	                    Index Cond: ((id >= 4723399) AND (id <= 4724398))

for: sum_ranges
table 1 : explain SELECT SUM(k) FROM sbtest1 WHERE id BETWEEN 5399516 AND 5400515
	Aggregate  (cost=3969.33..3969.34 rows=1 width=8)
	  ->  Bitmap Heap Scan on sbtest1  (cost=30.94..3966.77 rows=1025 width=4)
	        Recheck Cond: ((id >= 5399516) AND (id <= 5400515))
	        ->  Bitmap Index Scan on sbtest1_pkey  (cost=0.00..30.68 rows=1025 width=0)
	              Index Cond: ((id >= 5399516) AND (id <= 5400515))

table 2 : explain SELECT SUM(k) FROM sbtest2 WHERE id BETWEEN 7442100 AND 7443099
	Aggregate  (cost=3522.20..3522.21 rows=1 width=8)
	  ->  Bitmap Heap Scan on sbtest2  (cost=25.74..3519.93 rows=908 width=4)
	        Recheck Cond: ((id >= 7442100) AND (id <= 7443099))
	        ->  Bitmap Index Scan on sbtest2_pkey  (cost=0.00..25.51 rows=908 width=0)
	              Index Cond: ((id >= 7442100) AND (id <= 7443099))

table 3 : explain SELECT SUM(k) FROM sbtest3 WHERE id BETWEEN 9876297 AND 9877296
	Aggregate  (cost=3705.90..3705.91 rows=1 width=8)
	  ->  Bitmap Heap Scan on sbtest3  (cost=30.21..3703.52 rows=954 width=4)
	        Recheck Cond: ((id >= 9876297) AND (id <= 9877296))
	        ->  Bitmap Index Scan on sbtest3_pkey  (cost=0.00..29.97 rows=954 width=0)
	              Index Cond: ((id >= 9876297) AND (id <= 9877296))

table 4 : explain SELECT SUM(k) FROM sbtest4 WHERE id BETWEEN 870442 AND 871441
	Aggregate  (cost=3969.44..3969.45 rows=1 width=8)
	  ->  Bitmap Heap Scan on sbtest4  (cost=30.93..3966.88 rows=1024 width=4)
	        Recheck Cond: ((id >= 870442) AND (id <= 871441))
	        ->  Bitmap Index Scan on sbtest4_pkey  (cost=0.00..30.68 rows=1024 width=0)
	              Index Cond: ((id >= 870442) AND (id <= 871441))

table 5 : explain SELECT SUM(k) FROM sbtest5 WHERE id BETWEEN 571520 AND 572519
	Aggregate  (cost=3613.44..3613.45 rows=1 width=8)
	  ->  Bitmap Heap Scan on sbtest5  (cost=25.99..3611.11 rows=932 width=4)
	        Recheck Cond: ((id >= 571520) AND (id <= 572519))
	        ->  Bitmap Index Scan on sbtest5_pkey  (cost=0.00..25.75 rows=932 width=0)
	              Index Cond: ((id >= 571520) AND (id <= 572519))

table 6 : explain SELECT SUM(k) FROM sbtest6 WHERE id BETWEEN 2880492 AND 2881491
	Aggregate  (cost=3755.00..3755.01 rows=1 width=8)
	  ->  Bitmap Heap Scan on sbtest6  (cost=30.36..3752.58 rows=968 width=4)
	        Recheck Cond: ((id >= 2880492) AND (id <= 2881491))
	        ->  Bitmap Index Scan on sbtest6_pkey  (cost=0.00..30.11 rows=968 width=0)
	              Index Cond: ((id >= 2880492) AND (id <= 2881491))

table 7 : explain SELECT SUM(k) FROM sbtest7 WHERE id BETWEEN 992323 AND 993322
	Aggregate  (cost=4069.32..4069.33 rows=1 width=8)
	  ->  Bitmap Heap Scan on sbtest7  (cost=31.20..4066.69 rows=1050 width=4)
	        Recheck Cond: ((id >= 992323) AND (id <= 993322))
	        ->  Bitmap Index Scan on sbtest7_pkey  (cost=0.00..30.93 rows=1050 width=0)
	              Index Cond: ((id >= 992323) AND (id <= 993322))

table 8 : explain SELECT SUM(k) FROM sbtest8 WHERE id BETWEEN 3018008 AND 3019007
	Aggregate  (cost=4054.55..4054.56 rows=1 width=8)
	  ->  Bitmap Heap Scan on sbtest8  (cost=31.18..4051.93 rows=1048 width=4)
	        Recheck Cond: ((id >= 3018008) AND (id <= 3019007))
	        ->  Bitmap Index Scan on sbtest8_pkey  (cost=0.00..30.91 rows=1048 width=0)
	              Index Cond: ((id >= 3018008) AND (id <= 3019007))

for: sum_ranges
table 1 : explain SELECT SUM(k) FROM sbtest1 WHERE id BETWEEN 5536763 AND 5537762
	Aggregate  (cost=3961.79..3961.80 rows=1 width=8)
	  ->  Bitmap Heap Scan on sbtest1  (cost=30.92..3959.23 rows=1023 width=4)
	        Recheck Cond: ((id >= 5536763) AND (id <= 5537762))
	        ->  Bitmap Index Scan on sbtest1_pkey  (cost=0.00..30.66 rows=1023 width=0)
	              Index Cond: ((id >= 5536763) AND (id <= 5537762))

table 2 : explain SELECT SUM(k) FROM sbtest2 WHERE id BETWEEN 321038 AND 322037
	Aggregate  (cost=3956.71..3956.72 rows=1 width=8)
	  ->  Bitmap Heap Scan on sbtest2  (cost=30.91..3954.16 rows=1022 width=4)
	        Recheck Cond: ((id >= 321038) AND (id <= 322037))
	        ->  Bitmap Index Scan on sbtest2_pkey  (cost=0.00..30.65 rows=1022 width=0)
	              Index Cond: ((id >= 321038) AND (id <= 322037))

table 3 : explain SELECT SUM(k) FROM sbtest3 WHERE id BETWEEN 3179813 AND 3180812
	Aggregate  (cost=3618.77..3618.78 rows=1 width=8)
	  ->  Bitmap Heap Scan on sbtest3  (cost=29.98..3616.44 rows=931 width=4)
	        Recheck Cond: ((id >= 3179813) AND (id <= 3180812))
	        ->  Bitmap Index Scan on sbtest3_pkey  (cost=0.00..29.75 rows=931 width=0)
	              Index Cond: ((id >= 3179813) AND (id <= 3180812))

table 4 : explain SELECT SUM(k) FROM sbtest4 WHERE id BETWEEN 9912328 AND 9913327
	Aggregate  (cost=4244.80..4244.81 rows=1 width=8)
	  ->  Bitmap Heap Scan on sbtest4  (cost=31.68..4242.05 rows=1097 width=4)
	        Recheck Cond: ((id >= 9912328) AND (id <= 9913327))
	        ->  Bitmap Index Scan on sbtest4_pkey  (cost=0.00..31.40 rows=1097 width=0)
	              Index Cond: ((id >= 9912328) AND (id <= 9913327))

table 5 : explain SELECT SUM(k) FROM sbtest5 WHERE id BETWEEN 2370721 AND 2371720
	Aggregate  (cost=3639.90..3639.91 rows=1 width=8)
	  ->  Bitmap Heap Scan on sbtest5  (cost=26.06..3637.55 rows=939 width=4)
	        Recheck Cond: ((id >= 2370721) AND (id <= 2371720))
	        ->  Bitmap Index Scan on sbtest5_pkey  (cost=0.00..25.82 rows=939 width=0)
	              Index Cond: ((id >= 2370721) AND (id <= 2371720))

table 6 : explain SELECT SUM(k) FROM sbtest6 WHERE id BETWEEN 6626115 AND 6627114
	Aggregate  (cost=3542.95..3542.96 rows=1 width=8)
	  ->  Bitmap Heap Scan on sbtest6  (cost=25.79..3540.67 rows=913 width=4)
	        Recheck Cond: ((id >= 6626115) AND (id <= 6627114))
	        ->  Bitmap Index Scan on sbtest6_pkey  (cost=0.00..25.57 rows=913 width=0)
	              Index Cond: ((id >= 6626115) AND (id <= 6627114))

table 7 : explain SELECT SUM(k) FROM sbtest7 WHERE id BETWEEN 1219104 AND 1220103
	Aggregate  (cost=3763.09..3763.10 rows=1 width=8)
	  ->  Bitmap Heap Scan on sbtest7  (cost=30.37..3760.66 rows=969 width=4)
	        Recheck Cond: ((id >= 1219104) AND (id <= 1220103))
	        ->  Bitmap Index Scan on sbtest7_pkey  (cost=0.00..30.12 rows=969 width=0)
	              Index Cond: ((id >= 1219104) AND (id <= 1220103))

table 8 : explain SELECT SUM(k) FROM sbtest8 WHERE id BETWEEN 2077482 AND 2078481
	Aggregate  (cost=3718.91..3718.92 rows=1 width=8)
	  ->  Bitmap Heap Scan on sbtest8  (cost=30.26..3716.51 rows=959 width=4)
	        Recheck Cond: ((id >= 2077482) AND (id <= 2078481))
	        ->  Bitmap Index Scan on sbtest8_pkey  (cost=0.00..30.02 rows=959 width=0)
	              Index Cond: ((id >= 2077482) AND (id <= 2078481))

for point_selects
table 1 : explain SELECT c FROM sbtest1 WHERE id=6868280
	Index Scan using sbtest1_pkey on sbtest1  (cost=0.43..8.45 rows=1 width=121)
	  Index Cond: (id = 6868280)

table 2 : explain SELECT c FROM sbtest2 WHERE id=9124969
	Index Scan using sbtest2_pkey on sbtest2  (cost=0.43..8.45 rows=1 width=121)
	  Index Cond: (id = 9124969)

table 3 : explain SELECT c FROM sbtest3 WHERE id=1946763
	Index Scan using sbtest3_pkey on sbtest3  (cost=0.43..8.45 rows=1 width=121)
	  Index Cond: (id = 1946763)

table 4 : explain SELECT c FROM sbtest4 WHERE id=6889268
	Index Scan using sbtest4_pkey on sbtest4  (cost=0.43..8.45 rows=1 width=121)
	  Index Cond: (id = 6889268)

table 5 : explain SELECT c FROM sbtest5 WHERE id=5245222
	Index Scan using sbtest5_pkey on sbtest5  (cost=0.43..8.45 rows=1 width=121)
	  Index Cond: (id = 5245222)

table 6 : explain SELECT c FROM sbtest6 WHERE id=138208
	Index Scan using sbtest6_pkey on sbtest6  (cost=0.43..8.45 rows=1 width=121)
	  Index Cond: (id = 138208)

table 7 : explain SELECT c FROM sbtest7 WHERE id=5908530
	Index Scan using sbtest7_pkey on sbtest7  (cost=0.43..8.45 rows=1 width=121)
	  Index Cond: (id = 5908530)

table 8 : explain SELECT c FROM sbtest8 WHERE id=3876203
	Index Scan using sbtest8_pkey on sbtest8  (cost=0.43..8.45 rows=1 width=121)
	  Index Cond: (id = 3876203)

for: sum_ranges
table 1 : explain SELECT SUM(k) FROM sbtest1 WHERE id BETWEEN 6438703 AND 6439702
	Aggregate  (cost=3965.56..3965.57 rows=1 width=8)
	  ->  Bitmap Heap Scan on sbtest1  (cost=30.93..3963.00 rows=1024 width=4)
	        Recheck Cond: ((id >= 6438703) AND (id <= 6439702))
	        ->  Bitmap Index Scan on sbtest1_pkey  (cost=0.00..30.68 rows=1024 width=0)
	              Index Cond: ((id >= 6438703) AND (id <= 6439702))

table 2 : explain SELECT SUM(k) FROM sbtest2 WHERE id BETWEEN 5407798 AND 5408797
	Aggregate  (cost=3964.25..3964.26 rows=1 width=8)
	  ->  Bitmap Heap Scan on sbtest2  (cost=30.93..3961.69 rows=1024 width=4)
	        Recheck Cond: ((id >= 5407798) AND (id <= 5408797))
	        ->  Bitmap Index Scan on sbtest2_pkey  (cost=0.00..30.68 rows=1024 width=0)
	              Index Cond: ((id >= 5407798) AND (id <= 5408797))

table 3 : explain SELECT SUM(k) FROM sbtest3 WHERE id BETWEEN 4757986 AND 4758985
	Aggregate  (cost=3592.24..3592.25 rows=1 width=8)
	  ->  Bitmap Heap Scan on sbtest3  (cost=29.91..3589.93 rows=924 width=4)
	        Recheck Cond: ((id >= 4757986) AND (id <= 4758985))
	        ->  Bitmap Index Scan on sbtest3_pkey  (cost=0.00..29.68 rows=924 width=0)
	              Index Cond: ((id >= 4757986) AND (id <= 4758985))

table 4 : explain SELECT SUM(k) FROM sbtest4 WHERE id BETWEEN 8568699 AND 8569698
	Aggregate  (cost=3750.20..3750.21 rows=1 width=8)
	  ->  Bitmap Heap Scan on sbtest4  (cost=30.34..3747.79 rows=966 width=4)
	        Recheck Cond: ((id >= 8568699) AND (id <= 8569698))
	        ->  Bitmap Index Scan on sbtest4_pkey  (cost=0.00..30.09 rows=966 width=0)
	              Index Cond: ((id >= 8568699) AND (id <= 8569698))

table 5 : explain SELECT SUM(k) FROM sbtest5 WHERE id BETWEEN 5357770 AND 5358769
	Aggregate  (cost=4277.23..4277.24 rows=1 width=8)
	  ->  Bitmap Heap Scan on sbtest5  (cost=31.78..4274.46 rows=1107 width=4)
	        Recheck Cond: ((id >= 5357770) AND (id <= 5358769))
	        ->  Bitmap Index Scan on sbtest5_pkey  (cost=0.00..31.50 rows=1107 width=0)
	              Index Cond: ((id >= 5357770) AND (id <= 5358769))

table 6 : explain SELECT SUM(k) FROM sbtest6 WHERE id BETWEEN 5612694 AND 5613693
	Aggregate  (cost=3686.96..3686.97 rows=1 width=8)
	  ->  Bitmap Heap Scan on sbtest6  (cost=30.17..3684.58 rows=950 width=4)
	        Recheck Cond: ((id >= 5612694) AND (id <= 5613693))
	        ->  Bitmap Index Scan on sbtest6_pkey  (cost=0.00..29.93 rows=950 width=0)
	              Index Cond: ((id >= 5612694) AND (id <= 5613693))

table 7 : explain SELECT SUM(k) FROM sbtest7 WHERE id BETWEEN 5029133 AND 5030132
	Aggregate  (cost=3850.12..3850.13 rows=1 width=8)
	  ->  Bitmap Heap Scan on sbtest7  (cost=30.60..3847.64 rows=992 width=4)
	        Recheck Cond: ((id >= 5029133) AND (id <= 5030132))
	        ->  Bitmap Index Scan on sbtest7_pkey  (cost=0.00..30.36 rows=992 width=0)
	              Index Cond: ((id >= 5029133) AND (id <= 5030132))

table 8 : explain SELECT SUM(k) FROM sbtest8 WHERE id BETWEEN 2981842 AND 2982841
	Aggregate  (cost=4152.41..4152.42 rows=1 width=8)
	  ->  Bitmap Heap Scan on sbtest8  (cost=31.44..4149.73 rows=1074 width=4)
	        Recheck Cond: ((id >= 2981842) AND (id <= 2982841))
	        ->  Bitmap Index Scan on sbtest8_pkey  (cost=0.00..31.18 rows=1074 width=0)
	              Index Cond: ((id >= 2981842) AND (id <= 2982841))

for: distinct_ranges
table 1 : explain SELECT DISTINCT c FROM sbtest1 WHERE id BETWEEN 7485436 AND 7486435 ORDER BY c
	Unique  (cost=3930.01..3935.02 rows=1002 width=121)
	  ->  Sort  (cost=3930.01..3932.52 rows=1002 width=121)
	        Sort Key: c
	        ->  Bitmap Heap Scan on sbtest1  (cost=30.71..3880.07 rows=1002 width=121)
	              Recheck Cond: ((id >= 7485436) AND (id <= 7486435))
	              ->  Bitmap Index Scan on sbtest1_pkey  (cost=0.00..30.45 rows=1002 width=0)
	                    Index Cond: ((id >= 7485436) AND (id <= 7486435))

table 2 : explain SELECT DISTINCT c FROM sbtest2 WHERE id BETWEEN 5437631 AND 5438630 ORDER BY c
	Unique  (cost=4116.08..4121.34 rows=1051 width=121)
	  ->  Sort  (cost=4116.08..4118.71 rows=1051 width=121)
	        Sort Key: c
	        ->  Bitmap Heap Scan on sbtest2  (cost=31.21..4063.33 rows=1051 width=121)
	              Recheck Cond: ((id >= 5437631) AND (id <= 5438630))
	              ->  Bitmap Index Scan on sbtest2_pkey  (cost=0.00..30.94 rows=1051 width=0)
	                    Index Cond: ((id >= 5437631) AND (id <= 5438630))

table 3 : explain SELECT DISTINCT c FROM sbtest3 WHERE id BETWEEN 90223 AND 91222 ORDER BY c
	Unique  (cost=3816.01..3820.86 rows=971 width=121)
	  ->  Sort  (cost=3816.01..3818.44 rows=971 width=121)
	        Sort Key: c
	        ->  Bitmap Heap Scan on sbtest3  (cost=30.39..3767.83 rows=971 width=121)
	              Recheck Cond: ((id >= 90223) AND (id <= 91222))
	              ->  Bitmap Index Scan on sbtest3_pkey  (cost=0.00..30.14 rows=971 width=0)
	                    Index Cond: ((id >= 90223) AND (id <= 91222))

table 4 : explain SELECT DISTINCT c FROM sbtest4 WHERE id BETWEEN 6706179 AND 6707178 ORDER BY c
	Unique  (cost=3968.27..3973.32 rows=1011 width=121)
	  ->  Sort  (cost=3968.27..3970.79 rows=1011 width=121)
	        Sort Key: c
	        ->  Bitmap Heap Scan on sbtest4  (cost=30.80..3917.81 rows=1011 width=121)
	              Recheck Cond: ((id >= 6706179) AND (id <= 6707178))
	              ->  Bitmap Index Scan on sbtest4_pkey  (cost=0.00..30.54 rows=1011 width=0)
	                    Index Cond: ((id >= 6706179) AND (id <= 6707178))

table 5 : explain SELECT DISTINCT c FROM sbtest5 WHERE id BETWEEN 6573571 AND 6574570 ORDER BY c
	Unique  (cost=4101.35..4106.58 rows=1047 width=121)
	  ->  Sort  (cost=4101.35..4103.96 rows=1047 width=121)
	        Sort Key: c
	        ->  Bitmap Heap Scan on sbtest5  (cost=31.17..4048.83 rows=1047 width=121)
	              Recheck Cond: ((id >= 6573571) AND (id <= 6574570))
	              ->  Bitmap Index Scan on sbtest5_pkey  (cost=0.00..30.90 rows=1047 width=0)
	                    Index Cond: ((id >= 6573571) AND (id <= 6574570))

table 6 : explain SELECT DISTINCT c FROM sbtest6 WHERE id BETWEEN 534466 AND 535465 ORDER BY c
	Unique  (cost=3965.31..3970.37 rows=1011 width=121)
	  ->  Sort  (cost=3965.31..3967.84 rows=1011 width=121)
	        Sort Key: c
	        ->  Bitmap Heap Scan on sbtest6  (cost=30.80..3914.86 rows=1011 width=121)
	              Recheck Cond: ((id >= 534466) AND (id <= 535465))
	              ->  Bitmap Index Scan on sbtest6_pkey  (cost=0.00..30.54 rows=1011 width=0)
	                    Index Cond: ((id >= 534466) AND (id <= 535465))

table 7 : explain SELECT DISTINCT c FROM sbtest7 WHERE id BETWEEN 8163678 AND 8164677 ORDER BY c
	Unique  (cost=3562.73..3567.25 rows=905 width=121)
	  ->  Sort  (cost=3562.73..3564.99 rows=905 width=121)
	        Sort Key: c
	        ->  Bitmap Heap Scan on sbtest7  (cost=29.71..3518.28 rows=905 width=121)
	              Recheck Cond: ((id >= 8163678) AND (id <= 8164677))
	              ->  Bitmap Index Scan on sbtest7_pkey  (cost=0.00..29.48 rows=905 width=0)
	                    Index Cond: ((id >= 8163678) AND (id <= 8164677))

table 8 : explain SELECT DISTINCT c FROM sbtest8 WHERE id BETWEEN 4467899 AND 4468898 ORDER BY c
	Unique  (cost=3798.48..3803.32 rows=968 width=121)
	  ->  Sort  (cost=3798.48..3800.90 rows=968 width=121)
	        Sort Key: c
	        ->  Bitmap Heap Scan on sbtest8  (cost=30.36..3750.48 rows=968 width=121)
	              Recheck Cond: ((id >= 4467899) AND (id <= 4468898))
	              ->  Bitmap Index Scan on sbtest8_pkey  (cost=0.00..30.11 rows=968 width=0)
	                    Index Cond: ((id >= 4467899) AND (id <= 4468898))

for: simple_ranges
table 1 : explain SELECT c FROM sbtest1 WHERE id BETWEEN 6259144 AND 6260143
	Bitmap Heap Scan on sbtest1  (cost=30.74..3891.38 rows=1005 width=121)
	  Recheck Cond: ((id >= 6259144) AND (id <= 6260143))
	  ->  Bitmap Index Scan on sbtest1_pkey  (cost=0.00..30.48 rows=1005 width=0)
	        Index Cond: ((id >= 6259144) AND (id <= 6260143))

table 2 : explain SELECT c FROM sbtest2 WHERE id BETWEEN 4277865 AND 4278864
	Bitmap Heap Scan on sbtest2  (cost=30.81..3916.49 rows=1012 width=121)
	  Recheck Cond: ((id >= 4277865) AND (id <= 4278864))
	  ->  Bitmap Index Scan on sbtest2_pkey  (cost=0.00..30.55 rows=1012 width=0)
	        Index Cond: ((id >= 4277865) AND (id <= 4278864))

table 3 : explain SELECT c FROM sbtest3 WHERE id BETWEEN 3969258 AND 3970257
	Bitmap Heap Scan on sbtest3  (cost=30.78..3911.47 rows=1009 width=121)
	  Recheck Cond: ((id >= 3969258) AND (id <= 3970257))
	  ->  Bitmap Index Scan on sbtest3_pkey  (cost=0.00..30.52 rows=1009 width=0)
	        Index Cond: ((id >= 3969258) AND (id <= 3970257))

table 4 : explain SELECT c FROM sbtest4 WHERE id BETWEEN 5978399 AND 5979398
	Bitmap Heap Scan on sbtest4  (cost=30.20..3698.62 rows=953 width=121)
	  Recheck Cond: ((id >= 5978399) AND (id <= 5979398))
	  ->  Bitmap Index Scan on sbtest4_pkey  (cost=0.00..29.96 rows=953 width=0)
	        Index Cond: ((id >= 5978399) AND (id <= 5979398))

table 5 : explain SELECT c FROM sbtest5 WHERE id BETWEEN 1000639 AND 1001638
	Bitmap Heap Scan on sbtest5  (cost=30.53..3815.21 rows=985 width=121)
	  Recheck Cond: ((id >= 1000639) AND (id <= 1001638))
	  ->  Bitmap Index Scan on sbtest5_pkey  (cost=0.00..30.29 rows=985 width=0)
	        Index Cond: ((id >= 1000639) AND (id <= 1001638))

table 6 : explain SELECT c FROM sbtest6 WHERE id BETWEEN 7467234 AND 7468233
	Bitmap Heap Scan on sbtest6  (cost=31.19..4058.07 rows=1049 width=121)
	  Recheck Cond: ((id >= 7467234) AND (id <= 7468233))
	  ->  Bitmap Index Scan on sbtest6_pkey  (cost=0.00..30.93 rows=1049 width=0)
	        Index Cond: ((id >= 7467234) AND (id <= 7468233))

table 7 : explain SELECT c FROM sbtest7 WHERE id BETWEEN 2196069 AND 2197068
	Bitmap Heap Scan on sbtest7  (cost=30.77..3908.11 rows=1008 width=121)
	  Recheck Cond: ((id >= 2196069) AND (id <= 2197068))
	  ->  Bitmap Index Scan on sbtest7_pkey  (cost=0.00..30.51 rows=1008 width=0)
	        Index Cond: ((id >= 2196069) AND (id <= 2197068))

table 8 : explain SELECT c FROM sbtest8 WHERE id BETWEEN 9994637 AND 9995636
	Bitmap Heap Scan on sbtest8  (cost=30.98..3980.41 rows=1029 width=121)
	  Recheck Cond: ((id >= 9994637) AND (id <= 9995636))
	  ->  Bitmap Index Scan on sbtest8_pkey  (cost=0.00..30.72 rows=1029 width=0)
	        Index Cond: ((id >= 9994637) AND (id <= 9995636))

for: order_ranges
table 1 : explain SELECT c FROM sbtest1 WHERE id BETWEEN 2880827 AND 2881826 ORDER BY c
	Sort  (cost=4266.42..4269.15 rows=1090 width=121)
	  Sort Key: c
	  ->  Bitmap Heap Scan on sbtest1  (cost=31.61..4211.43 rows=1090 width=121)
	        Recheck Cond: ((id >= 2880827) AND (id <= 2881826))
	        ->  Bitmap Index Scan on sbtest1_pkey  (cost=0.00..31.33 rows=1090 width=0)
	              Index Cond: ((id >= 2880827) AND (id <= 2881826))

table 2 : explain SELECT c FROM sbtest2 WHERE id BETWEEN 5986113 AND 5987112 ORDER BY c
	Sort  (cost=3468.56..3470.77 rows=883 width=121)
	  Sort Key: c
	  ->  Bitmap Heap Scan on sbtest2  (cost=25.49..3425.35 rows=883 width=121)
	        Recheck Cond: ((id >= 5986113) AND (id <= 5987112))
	        ->  Bitmap Index Scan on sbtest2_pkey  (cost=0.00..25.26 rows=883 width=0)
	              Index Cond: ((id >= 5986113) AND (id <= 5987112))

table 3 : explain SELECT c FROM sbtest3 WHERE id BETWEEN 8204409 AND 8205408 ORDER BY c
	Sort  (cost=3877.42..3879.89 rows=987 width=121)
	  Sort Key: c
	  ->  Bitmap Heap Scan on sbtest3  (cost=30.55..3828.33 rows=987 width=121)
	        Recheck Cond: ((id >= 8204409) AND (id <= 8205408))
	        ->  Bitmap Index Scan on sbtest3_pkey  (cost=0.00..30.30 rows=987 width=0)
	              Index Cond: ((id >= 8204409) AND (id <= 8205408))

table 4 : explain SELECT c FROM sbtest4 WHERE id BETWEEN 9285924 AND 9286923 ORDER BY c
	Sort  (cost=3768.81..3771.21 rows=959 width=121)
	  Sort Key: c
	  ->  Bitmap Heap Scan on sbtest4  (cost=30.26..3721.31 rows=959 width=121)
	        Recheck Cond: ((id >= 9285924) AND (id <= 9286923))
	        ->  Bitmap Index Scan on sbtest4_pkey  (cost=0.00..30.02 rows=959 width=0)
	              Index Cond: ((id >= 9285924) AND (id <= 9286923))

table 5 : explain SELECT c FROM sbtest5 WHERE id BETWEEN 7431008 AND 7432007 ORDER BY c
	Sort  (cost=4143.38..4146.02 rows=1058 width=121)
	  Sort Key: c
	  ->  Bitmap Heap Scan on sbtest5  (cost=31.28..4090.23 rows=1058 width=121)
	        Recheck Cond: ((id >= 7431008) AND (id <= 7432007))
	        ->  Bitmap Index Scan on sbtest5_pkey  (cost=0.00..31.01 rows=1058 width=0)
	              Index Cond: ((id >= 7431008) AND (id <= 7432007))

table 6 : explain SELECT c FROM sbtest6 WHERE id BETWEEN 3465606 AND 3466605 ORDER BY c
	Sort  (cost=4210.08..4212.77 rows=1075 width=121)
	  Sort Key: c
	  ->  Bitmap Heap Scan on sbtest6  (cost=31.45..4155.95 rows=1075 width=121)
	        Recheck Cond: ((id >= 3465606) AND (id <= 3466605))
	        ->  Bitmap Index Scan on sbtest6_pkey  (cost=0.00..31.18 rows=1075 width=0)
	              Index Cond: ((id >= 3465606) AND (id <= 3466605))

table 7 : explain SELECT c FROM sbtest7 WHERE id BETWEEN 3139358 AND 3140357 ORDER BY c
	Sort  (cost=3912.36..3914.85 rows=996 width=121)
	  Sort Key: c
	  ->  Bitmap Heap Scan on sbtest7  (cost=30.64..3862.76 rows=996 width=121)
	        Recheck Cond: ((id >= 3139358) AND (id <= 3140357))
	        ->  Bitmap Index Scan on sbtest7_pkey  (cost=0.00..30.39 rows=996 width=0)
	              Index Cond: ((id >= 3139358) AND (id <= 3140357))

table 8 : explain SELECT c FROM sbtest8 WHERE id BETWEEN 247015 AND 248014 ORDER BY c
	Sort  (cost=3947.77..3950.28 rows=1007 width=121)
	  Sort Key: c
	  ->  Bitmap Heap Scan on sbtest8  (cost=30.76..3897.54 rows=1007 width=121)
	        Recheck Cond: ((id >= 247015) AND (id <= 248014))
	        ->  Bitmap Index Scan on sbtest8_pkey  (cost=0.00..30.50 rows=1007 width=0)
	              Index Cond: ((id >= 247015) AND (id <= 248014))

for: simple_ranges
table 1 : explain SELECT c FROM sbtest1 WHERE id BETWEEN 7404452 AND 7405451
	Bitmap Heap Scan on sbtest1  (cost=30.71..3880.07 rows=1002 width=121)
	  Recheck Cond: ((id >= 7404452) AND (id <= 7405451))
	  ->  Bitmap Index Scan on sbtest1_pkey  (cost=0.00..30.45 rows=1002 width=0)
	        Index Cond: ((id >= 7404452) AND (id <= 7405451))

table 2 : explain SELECT c FROM sbtest2 WHERE id BETWEEN 4362566 AND 4363565
	Bitmap Heap Scan on sbtest2  (cost=30.51..3807.16 rows=983 width=121)
	  Recheck Cond: ((id >= 4362566) AND (id <= 4363565))
	  ->  Bitmap Index Scan on sbtest2_pkey  (cost=0.00..30.26 rows=983 width=0)
	        Index Cond: ((id >= 4362566) AND (id <= 4363565))

table 3 : explain SELECT c FROM sbtest3 WHERE id BETWEEN 9763820 AND 9764819
	Bitmap Heap Scan on sbtest3  (cost=31.59..4209.52 rows=1088 width=121)
	  Recheck Cond: ((id >= 9763820) AND (id <= 9764819))
	  ->  Bitmap Index Scan on sbtest3_pkey  (cost=0.00..31.32 rows=1088 width=0)
	        Index Cond: ((id >= 9763820) AND (id <= 9764819))

table 4 : explain SELECT c FROM sbtest4 WHERE id BETWEEN 6341390 AND 6342389
	Bitmap Heap Scan on sbtest4  (cost=30.73..3891.38 rows=1004 width=121)
	  Recheck Cond: ((id >= 6341390) AND (id <= 6342389))
	  ->  Bitmap Index Scan on sbtest4_pkey  (cost=0.00..30.47 rows=1004 width=0)
	        Index Cond: ((id >= 6341390) AND (id <= 6342389))

table 5 : explain SELECT c FROM sbtest5 WHERE id BETWEEN 1163820 AND 1164819
	Bitmap Heap Scan on sbtest5  (cost=31.17..4048.83 rows=1047 width=121)
	  Recheck Cond: ((id >= 1163820) AND (id <= 1164819))
	  ->  Bitmap Index Scan on sbtest5_pkey  (cost=0.00..30.90 rows=1047 width=0)
	        Index Cond: ((id >= 1163820) AND (id <= 1164819))

table 6 : explain SELECT c FROM sbtest6 WHERE id BETWEEN 698848 AND 699847
	Bitmap Heap Scan on sbtest6  (cost=30.93..3963.87 rows=1024 width=121)
	  Recheck Cond: ((id >= 698848) AND (id <= 699847))
	  ->  Bitmap Index Scan on sbtest6_pkey  (cost=0.00..30.68 rows=1024 width=0)
	        Index Cond: ((id >= 698848) AND (id <= 699847))

table 7 : explain SELECT c FROM sbtest7 WHERE id BETWEEN 970821 AND 971820
	Bitmap Heap Scan on sbtest7  (cost=31.20..4066.69 rows=1050 width=121)
	  Recheck Cond: ((id >= 970821) AND (id <= 971820))
	  ->  Bitmap Index Scan on sbtest7_pkey  (cost=0.00..30.93 rows=1050 width=0)
	        Index Cond: ((id >= 970821) AND (id <= 971820))

table 8 : explain SELECT c FROM sbtest8 WHERE id BETWEEN 6666410 AND 6667409
	Bitmap Heap Scan on sbtest8  (cost=29.84..3561.64 rows=918 width=121)
	  Recheck Cond: ((id >= 6666410) AND (id <= 6667409))
	  ->  Bitmap Index Scan on sbtest8_pkey  (cost=0.00..29.61 rows=918 width=0)
	        Index Cond: ((id >= 6666410) AND (id <= 6667409))

for: simple_ranges
table 1 : explain SELECT c FROM sbtest1 WHERE id BETWEEN 2210088 AND 2211087
	Bitmap Heap Scan on sbtest1  (cost=30.73..3887.61 rows=1004 width=121)
	  Recheck Cond: ((id >= 2210088) AND (id <= 2211087))
	  ->  Bitmap Index Scan on sbtest1_pkey  (cost=0.00..30.47 rows=1004 width=0)
	        Index Cond: ((id >= 2210088) AND (id <= 2211087))

table 2 : explain SELECT c FROM sbtest2 WHERE id BETWEEN 8549074 AND 8550073
	Bitmap Heap Scan on sbtest2  (cost=31.08..4018.17 rows=1039 width=121)
	  Recheck Cond: ((id >= 8549074) AND (id <= 8550073))
	  ->  Bitmap Index Scan on sbtest2_pkey  (cost=0.00..30.82 rows=1039 width=0)
	        Index Cond: ((id >= 8549074) AND (id <= 8550073))

table 3 : explain SELECT c FROM sbtest3 WHERE id BETWEEN 5539218 AND 5540217
	Bitmap Heap Scan on sbtest3  (cost=31.19..4062.47 rows=1049 width=121)
	  Recheck Cond: ((id >= 5539218) AND (id <= 5540217))
	  ->  Bitmap Index Scan on sbtest3_pkey  (cost=0.00..30.93 rows=1049 width=0)
	        Index Cond: ((id >= 5539218) AND (id <= 5540217))

table 4 : explain SELECT c FROM sbtest4 WHERE id BETWEEN 7926677 AND 7927676
	Bitmap Heap Scan on sbtest4  (cost=30.91..3959.33 rows=1022 width=121)
	  Recheck Cond: ((id >= 7926677) AND (id <= 7927676))
	  ->  Bitmap Index Scan on sbtest4_pkey  (cost=0.00..30.65 rows=1022 width=0)
	        Index Cond: ((id >= 7926677) AND (id <= 7927676))

table 5 : explain SELECT c FROM sbtest5 WHERE id BETWEEN 1975562 AND 1976561
	Bitmap Heap Scan on sbtest5  (cost=31.04..4003.65 rows=1035 width=121)
	  Recheck Cond: ((id >= 1975562) AND (id <= 1976561))
	  ->  Bitmap Index Scan on sbtest5_pkey  (cost=0.00..30.79 rows=1035 width=0)
	        Index Cond: ((id >= 1975562) AND (id <= 1976561))

table 6 : explain SELECT c FROM sbtest6 WHERE id BETWEEN 4775297 AND 4776296
	Bitmap Heap Scan on sbtest6  (cost=30.29..3726.14 rows=961 width=121)
	  Recheck Cond: ((id >= 4775297) AND (id <= 4776296))
	  ->  Bitmap Index Scan on sbtest6_pkey  (cost=0.00..30.04 rows=961 width=0)
	        Index Cond: ((id >= 4775297) AND (id <= 4776296))

table 7 : explain SELECT c FROM sbtest7 WHERE id BETWEEN 6945817 AND 6946816
	Bitmap Heap Scan on sbtest7  (cost=30.90..3957.22 rows=1021 width=121)
	  Recheck Cond: ((id >= 6945817) AND (id <= 6946816))
	  ->  Bitmap Index Scan on sbtest7_pkey  (cost=0.00..30.64 rows=1021 width=0)
	        Index Cond: ((id >= 6945817) AND (id <= 6946816))

table 8 : explain SELECT c FROM sbtest8 WHERE id BETWEEN 1512151 AND 1513150
	Bitmap Heap Scan on sbtest8  (cost=30.49..3799.52 rows=981 width=121)
	  Recheck Cond: ((id >= 1512151) AND (id <= 1513150))
	  ->  Bitmap Index Scan on sbtest8_pkey  (cost=0.00..30.25 rows=981 width=0)
	        Index Cond: ((id >= 1512151) AND (id <= 1513150))

for: order_ranges
table 1 : explain SELECT c FROM sbtest1 WHERE id BETWEEN 1805212 AND 1806211 ORDER BY c
	Sort  (cost=3696.27..3698.63 rows=941 width=121)
	  Sort Key: c
	  ->  Bitmap Heap Scan on sbtest1  (cost=30.08..3649.80 rows=941 width=121)
	        Recheck Cond: ((id >= 1805212) AND (id <= 1806211))
	        ->  Bitmap Index Scan on sbtest1_pkey  (cost=0.00..29.84 rows=941 width=0)
	              Index Cond: ((id >= 1805212) AND (id <= 1806211))

table 2 : explain SELECT c FROM sbtest2 WHERE id BETWEEN 9485338 AND 9486337 ORDER BY c
	Sort  (cost=4127.54..4130.18 rows=1054 width=121)
	  Sort Key: c
	  ->  Bitmap Heap Scan on sbtest2  (cost=31.24..4074.62 rows=1054 width=121)
	        Recheck Cond: ((id >= 9485338) AND (id <= 9486337))
	        ->  Bitmap Index Scan on sbtest2_pkey  (cost=0.00..30.97 rows=1054 width=0)
	              Index Cond: ((id >= 9485338) AND (id <= 9486337))

table 3 : explain SELECT c FROM sbtest3 WHERE id BETWEEN 1521055 AND 1522054 ORDER BY c
	Sort  (cost=4069.14..4071.73 rows=1037 width=121)
	  Sort Key: c
	  ->  Bitmap Heap Scan on sbtest3  (cost=31.06..4017.19 rows=1037 width=121)
	        Recheck Cond: ((id >= 1521055) AND (id <= 1522054))
	        ->  Bitmap Index Scan on sbtest3_pkey  (cost=0.00..30.80 rows=1037 width=0)
	              Index Cond: ((id >= 1521055) AND (id <= 1522054))

table 4 : explain SELECT c FROM sbtest4 WHERE id BETWEEN 6906043 AND 6907042 ORDER BY c
	Sort  (cost=3699.69..3702.05 rows=941 width=121)
	  Sort Key: c
	  ->  Bitmap Heap Scan on sbtest4  (cost=30.08..3653.22 rows=941 width=121)
	        Recheck Cond: ((id >= 6906043) AND (id <= 6907042))
	        ->  Bitmap Index Scan on sbtest4_pkey  (cost=0.00..29.84 rows=941 width=0)
	              Index Cond: ((id >= 6906043) AND (id <= 6907042))

table 5 : explain SELECT c FROM sbtest5 WHERE id BETWEEN 2748035 AND 2749034 ORDER BY c
	Sort  (cost=4200.67..4203.35 rows=1073 width=121)
	  Sort Key: c
	  ->  Bitmap Heap Scan on sbtest5  (cost=31.43..4146.66 rows=1073 width=121)
	        Recheck Cond: ((id >= 2748035) AND (id <= 2749034))
	        ->  Bitmap Index Scan on sbtest5_pkey  (cost=0.00..31.16 rows=1073 width=0)
	              Index Cond: ((id >= 2748035) AND (id <= 2749034))

table 6 : explain SELECT c FROM sbtest6 WHERE id BETWEEN 9893972 AND 9894971 ORDER BY c
	Sort  (cost=4194.80..4197.47 rows=1071 width=121)
	  Sort Key: c
	  ->  Bitmap Heap Scan on sbtest6  (cost=31.41..4140.90 rows=1071 width=121)
	        Recheck Cond: ((id >= 9893972) AND (id <= 9894971))
	        ->  Bitmap Index Scan on sbtest6_pkey  (cost=0.00..31.14 rows=1071 width=0)
	              Index Cond: ((id >= 9893972) AND (id <= 9894971))

table 7 : explain SELECT c FROM sbtest7 WHERE id BETWEEN 8585147 AND 8586146 ORDER BY c
	Sort  (cost=3843.28..3845.73 rows=978 width=121)
	  Sort Key: c
	  ->  Bitmap Heap Scan on sbtest7  (cost=30.46..3794.71 rows=978 width=121)
	        Recheck Cond: ((id >= 8585147) AND (id <= 8586146))
	        ->  Bitmap Index Scan on sbtest7_pkey  (cost=0.00..30.21 rows=978 width=0)
	              Index Cond: ((id >= 8585147) AND (id <= 8586146))

table 8 : explain SELECT c FROM sbtest8 WHERE id BETWEEN 1747022 AND 1748021 ORDER BY c
	Sort  (cost=4222.88..4225.58 rows=1079 width=121)
	  Sort Key: c
	  ->  Bitmap Heap Scan on sbtest8  (cost=31.49..4168.53 rows=1079 width=121)
	        Recheck Cond: ((id >= 1747022) AND (id <= 1748021))
	        ->  Bitmap Index Scan on sbtest8_pkey  (cost=0.00..31.22 rows=1079 width=0)
	              Index Cond: ((id >= 1747022) AND (id <= 1748021))

for: order_ranges
table 1 : explain SELECT c FROM sbtest1 WHERE id BETWEEN 7778990 AND 7779989 ORDER BY c
	Sort  (cost=4144.20..4146.84 rows=1058 width=121)
	  Sort Key: c
	  ->  Bitmap Heap Scan on sbtest1  (cost=31.28..4091.05 rows=1058 width=121)
	        Recheck Cond: ((id >= 7778990) AND (id <= 7779989))
	        ->  Bitmap Index Scan on sbtest1_pkey  (cost=0.00..31.01 rows=1058 width=0)
	              Index Cond: ((id >= 7778990) AND (id <= 7779989))

table 2 : explain SELECT c FROM sbtest2 WHERE id BETWEEN 894074 AND 895073 ORDER BY c
	Sort  (cost=3626.10..3628.40 rows=923 width=121)
	  Sort Key: c
	  ->  Bitmap Heap Scan on sbtest2  (cost=29.90..3580.64 rows=923 width=121)
	        Recheck Cond: ((id >= 894074) AND (id <= 895073))
	        ->  Bitmap Index Scan on sbtest2_pkey  (cost=0.00..29.66 rows=923 width=0)
	              Index Cond: ((id >= 894074) AND (id <= 895073))

table 3 : explain SELECT c FROM sbtest3 WHERE id BETWEEN 1923923 AND 1924922 ORDER BY c
	Sort  (cost=3739.20..3741.58 rows=951 width=121)
	  Sort Key: c
	  ->  Bitmap Heap Scan on sbtest3  (cost=30.18..3692.16 rows=951 width=121)
	        Recheck Cond: ((id >= 1923923) AND (id <= 1924922))
	        ->  Bitmap Index Scan on sbtest3_pkey  (cost=0.00..29.94 rows=951 width=0)
	              Index Cond: ((id >= 1923923) AND (id <= 1924922))

table 4 : explain SELECT c FROM sbtest4 WHERE id BETWEEN 1573855 AND 1574854 ORDER BY c
	Sort  (cost=3849.40..3851.85 rows=980 width=121)
	  Sort Key: c
	  ->  Bitmap Heap Scan on sbtest4  (cost=30.48..3800.71 rows=980 width=121)
	        Recheck Cond: ((id >= 1573855) AND (id <= 1574854))
	        ->  Bitmap Index Scan on sbtest4_pkey  (cost=0.00..30.23 rows=980 width=0)
	              Index Cond: ((id >= 1573855) AND (id <= 1574854))

table 5 : explain SELECT c FROM sbtest5 WHERE id BETWEEN 9483673 AND 9484672 ORDER BY c
	Sort  (cost=3837.37..3839.82 rows=978 width=121)
	  Sort Key: c
	  ->  Bitmap Heap Scan on sbtest5  (cost=30.46..3788.80 rows=978 width=121)
	        Recheck Cond: ((id >= 9483673) AND (id <= 9484672))
	        ->  Bitmap Index Scan on sbtest5_pkey  (cost=0.00..30.21 rows=978 width=0)
	              Index Cond: ((id >= 9483673) AND (id <= 9484672))

table 6 : explain SELECT c FROM sbtest6 WHERE id BETWEEN 3413407 AND 3414406 ORDER BY c
	Sort  (cost=4210.08..4212.77 rows=1075 width=121)
	  Sort Key: c
	  ->  Bitmap Heap Scan on sbtest6  (cost=31.45..4155.95 rows=1075 width=121)
	        Recheck Cond: ((id >= 3413407) AND (id <= 3414406))
	        ->  Bitmap Index Scan on sbtest6_pkey  (cost=0.00..31.18 rows=1075 width=0)
	              Index Cond: ((id >= 3413407) AND (id <= 3414406))

table 7 : explain SELECT c FROM sbtest7 WHERE id BETWEEN 9072137 AND 9073136 ORDER BY c
	Sort  (cost=3701.16..3703.51 rows=941 width=121)
	  Sort Key: c
	  ->  Bitmap Heap Scan on sbtest7  (cost=30.08..3654.69 rows=941 width=121)
	        Recheck Cond: ((id >= 9072137) AND (id <= 9073136))
	        ->  Bitmap Index Scan on sbtest7_pkey  (cost=0.00..29.84 rows=941 width=0)
	              Index Cond: ((id >= 9072137) AND (id <= 9073136))

table 8 : explain SELECT c FROM sbtest8 WHERE id BETWEEN 405378 AND 406377 ORDER BY c
	Sort  (cost=4066.30..4068.89 rows=1038 width=121)
	  Sort Key: c
	  ->  Bitmap Heap Scan on sbtest8  (cost=31.07..4014.29 rows=1038 width=121)
	        Recheck Cond: ((id >= 405378) AND (id <= 406377))
	        ->  Bitmap Index Scan on sbtest8_pkey  (cost=0.00..30.82 rows=1038 width=0)
	              Index Cond: ((id >= 405378) AND (id <= 406377))

for: simple_ranges
table 1 : explain SELECT c FROM sbtest1 WHERE id BETWEEN 2748725 AND 2749724
	Bitmap Heap Scan on sbtest1  (cost=31.94..4327.96 rows=1122 width=121)
	  Recheck Cond: ((id >= 2748725) AND (id <= 2749724))
	  ->  Bitmap Index Scan on sbtest1_pkey  (cost=0.00..31.65 rows=1122 width=0)
	        Index Cond: ((id >= 2748725) AND (id <= 2749724))

table 2 : explain SELECT c FROM sbtest2 WHERE id BETWEEN 2115784 AND 2116783
	Bitmap Heap Scan on sbtest2  (cost=25.73..3516.15 rows=907 width=121)
	  Recheck Cond: ((id >= 2115784) AND (id <= 2116783))
	  ->  Bitmap Index Scan on sbtest2_pkey  (cost=0.00..25.50 rows=907 width=0)
	        Index Cond: ((id >= 2115784) AND (id <= 2116783))

table 3 : explain SELECT c FROM sbtest3 WHERE id BETWEEN 8598029 AND 8599028
	Bitmap Heap Scan on sbtest3  (cost=30.15..3680.81 rows=948 width=121)
	  Recheck Cond: ((id >= 8598029) AND (id <= 8599028))
	  ->  Bitmap Index Scan on sbtest3_pkey  (cost=0.00..29.91 rows=948 width=0)
	        Index Cond: ((id >= 8598029) AND (id <= 8599028))

table 4 : explain SELECT c FROM sbtest4 WHERE id BETWEEN 7691633 AND 7692632
	Bitmap Heap Scan on sbtest4  (cost=31.24..4080.04 rows=1054 width=121)
	  Recheck Cond: ((id >= 7691633) AND (id <= 7692632))
	  ->  Bitmap Index Scan on sbtest4_pkey  (cost=0.00..30.97 rows=1054 width=0)
	        Index Cond: ((id >= 7691633) AND (id <= 7692632))

table 5 : explain SELECT c FROM sbtest5 WHERE id BETWEEN 4796575 AND 4797574
	Bitmap Heap Scan on sbtest5  (cost=31.55..4188.02 rows=1084 width=121)
	  Recheck Cond: ((id >= 4796575) AND (id <= 4797574))
	  ->  Bitmap Index Scan on sbtest5_pkey  (cost=0.00..31.27 rows=1084 width=0)
	        Index Cond: ((id >= 4796575) AND (id <= 4797574))

table 6 : explain SELECT c FROM sbtest6 WHERE id BETWEEN 1164407 AND 1165406
	Bitmap Heap Scan on sbtest6  (cost=30.51..3809.22 rows=983 width=121)
	  Recheck Cond: ((id >= 1164407) AND (id <= 1165406))
	  ->  Bitmap Index Scan on sbtest6_pkey  (cost=0.00..30.26 rows=983 width=0)
	        Index Cond: ((id >= 1164407) AND (id <= 1165406))

table 7 : explain SELECT c FROM sbtest7 WHERE id BETWEEN 8826008 AND 8827007
	Bitmap Heap Scan on sbtest7  (cost=30.48..3802.27 rows=980 width=121)
	  Recheck Cond: ((id >= 8826008) AND (id <= 8827007))
	  ->  Bitmap Index Scan on sbtest7_pkey  (cost=0.00..30.23 rows=980 width=0)
	        Index Cond: ((id >= 8826008) AND (id <= 8827007))

table 8 : explain SELECT c FROM sbtest8 WHERE id BETWEEN 3195032 AND 3196031
	Bitmap Heap Scan on sbtest8  (cost=31.08..4018.06 rows=1039 width=121)
	  Recheck Cond: ((id >= 3195032) AND (id <= 3196031))
	  ->  Bitmap Index Scan on sbtest8_pkey  (cost=0.00..30.82 rows=1039 width=0)
	        Index Cond: ((id >= 3195032) AND (id <= 3196031))

for: order_ranges
table 1 : explain SELECT c FROM sbtest1 WHERE id BETWEEN 9169968 AND 9170967 ORDER BY c
	Sort  (cost=4174.76..4177.43 rows=1066 width=121)
	  Sort Key: c
	  ->  Bitmap Heap Scan on sbtest1  (cost=31.36..4121.16 rows=1066 width=121)
	        Recheck Cond: ((id >= 9169968) AND (id <= 9170967))
	        ->  Bitmap Index Scan on sbtest1_pkey  (cost=0.00..31.09 rows=1066 width=0)
	              Index Cond: ((id >= 9169968) AND (id <= 9170967))

table 2 : explain SELECT c FROM sbtest2 WHERE id BETWEEN 4085526 AND 4086525 ORDER BY c
	Sort  (cost=3982.30..3984.84 rows=1016 width=121)
	  Sort Key: c
	  ->  Bitmap Heap Scan on sbtest2  (cost=30.85..3931.56 rows=1016 width=121)
	        Recheck Cond: ((id >= 4085526) AND (id <= 4086525))
	        ->  Bitmap Index Scan on sbtest2_pkey  (cost=0.00..30.59 rows=1016 width=0)
	              Index Cond: ((id >= 4085526) AND (id <= 4086525))

table 3 : explain SELECT c FROM sbtest3 WHERE id BETWEEN 6105762 AND 6106761 ORDER BY c
	Sort  (cost=3892.77..3895.25 rows=991 width=121)
	  Sort Key: c
	  ->  Bitmap Heap Scan on sbtest3  (cost=30.59..3843.45 rows=991 width=121)
	        Recheck Cond: ((id >= 6105762) AND (id <= 6106761))
	        ->  Bitmap Index Scan on sbtest3_pkey  (cost=0.00..30.34 rows=991 width=0)
	              Index Cond: ((id >= 6105762) AND (id <= 6106761))

table 4 : explain SELECT c FROM sbtest4 WHERE id BETWEEN 8711672 AND 8712671 ORDER BY c
	Sort  (cost=3684.17..3686.52 rows=938 width=121)
	  Sort Key: c
	  ->  Bitmap Heap Scan on sbtest4  (cost=26.05..3637.86 rows=938 width=121)
	        Recheck Cond: ((id >= 8711672) AND (id <= 8712671))
	        ->  Bitmap Index Scan on sbtest4_pkey  (cost=0.00..25.82 rows=938 width=0)
	              Index Cond: ((id >= 8711672) AND (id <= 8712671))

table 5 : explain SELECT c FROM sbtest5 WHERE id BETWEEN 1786880 AND 1787879 ORDER BY c
	Sort  (cost=3576.50..3578.78 rows=911 width=121)
	  Sort Key: c
	  ->  Bitmap Heap Scan on sbtest5  (cost=25.77..3531.72 rows=911 width=121)
	        Recheck Cond: ((id >= 1786880) AND (id <= 1787879))
	        ->  Bitmap Index Scan on sbtest5_pkey  (cost=0.00..25.54 rows=911 width=0)
	              Index Cond: ((id >= 1786880) AND (id <= 1787879))

table 6 : explain SELECT c FROM sbtest6 WHERE id BETWEEN 537810 AND 538809 ORDER BY c
	Sort  (cost=3965.31..3967.84 rows=1011 width=121)
	  Sort Key: c
	  ->  Bitmap Heap Scan on sbtest6  (cost=30.80..3914.86 rows=1011 width=121)
	        Recheck Cond: ((id >= 537810) AND (id <= 538809))
	        ->  Bitmap Index Scan on sbtest6_pkey  (cost=0.00..30.54 rows=1011 width=0)
	              Index Cond: ((id >= 537810) AND (id <= 538809))

table 7 : explain SELECT c FROM sbtest7 WHERE id BETWEEN 5833355 AND 5834354 ORDER BY c
	Sort  (cost=4023.58..4026.14 rows=1025 width=121)
	  Sort Key: c
	  ->  Bitmap Heap Scan on sbtest7  (cost=30.94..3972.33 rows=1025 width=121)
	        Recheck Cond: ((id >= 5833355) AND (id <= 5834354))
	        ->  Bitmap Index Scan on sbtest7_pkey  (cost=0.00..30.68 rows=1025 width=0)
	              Index Cond: ((id >= 5833355) AND (id <= 5834354))

table 8 : explain SELECT c FROM sbtest8 WHERE id BETWEEN 163944 AND 164943 ORDER BY c
	Sort  (cost=4173.26..4175.92 rows=1066 width=121)
	  Sort Key: c
	  ->  Bitmap Heap Scan on sbtest8  (cost=31.36..4119.65 rows=1066 width=121)
	        Recheck Cond: ((id >= 163944) AND (id <= 164943))
	        ->  Bitmap Index Scan on sbtest8_pkey  (cost=0.00..31.09 rows=1066 width=0)
	              Index Cond: ((id >= 163944) AND (id <= 164943))

explain: for point_selects :: explain SELECT c FROM sbtest%u WHERE id=%u
for: distinct_ranges
table 1 : explain SELECT DISTINCT c FROM sbtest1 WHERE id BETWEEN 510664 AND 511663 ORDER BY c
	Unique  (cost=3799.79..3804.63 rows=968 width=121)
	  ->  Sort  (cost=3799.79..3802.21 rows=968 width=121)
	        Sort Key: c
	        ->  Bitmap Heap Scan on sbtest1  (cost=30.36..3751.78 rows=968 width=121)
	              Recheck Cond: ((id >= 510664) AND (id <= 511663))
	              ->  Bitmap Index Scan on sbtest1_pkey  (cost=0.00..30.11 rows=968 width=0)
	                    Index Cond: ((id >= 510664) AND (id <= 511663))

table 2 : explain SELECT DISTINCT c FROM sbtest2 WHERE id BETWEEN 5711273 AND 5712272 ORDER BY c
	Unique  (cost=3691.29..3695.99 rows=940 width=121)
	  ->  Sort  (cost=3691.29..3693.64 rows=940 width=121)
	        Sort Key: c
	        ->  Bitmap Heap Scan on sbtest2  (cost=30.07..3644.87 rows=940 width=121)
	              Recheck Cond: ((id >= 5711273) AND (id <= 5712272))
	              ->  Bitmap Index Scan on sbtest2_pkey  (cost=0.00..29.83 rows=940 width=0)
	                    Index Cond: ((id >= 5711273) AND (id <= 5712272))

table 3 : explain SELECT DISTINCT c FROM sbtest3 WHERE id BETWEEN 9702732 AND 9703731 ORDER BY c
	Unique  (cost=4264.39..4269.83 rows=1088 width=121)
	  ->  Sort  (cost=4264.39..4267.11 rows=1088 width=121)
	        Sort Key: c
	        ->  Bitmap Heap Scan on sbtest3  (cost=31.59..4209.52 rows=1088 width=121)
	              Recheck Cond: ((id >= 9702732) AND (id <= 9703731))
	              ->  Bitmap Index Scan on sbtest3_pkey  (cost=0.00..31.32 rows=1088 width=0)
	                    Index Cond: ((id >= 9702732) AND (id <= 9703731))

table 4 : explain SELECT DISTINCT c FROM sbtest4 WHERE id BETWEEN 7435202 AND 7436201 ORDER BY c
	Unique  (cost=3741.94..3746.70 rows=952 width=121)
	  ->  Sort  (cost=3741.94..3744.32 rows=952 width=121)
	        Sort Key: c
	        ->  Bitmap Heap Scan on sbtest4  (cost=30.19..3694.84 rows=952 width=121)
	              Recheck Cond: ((id >= 7435202) AND (id <= 7436201))
	              ->  Bitmap Index Scan on sbtest4_pkey  (cost=0.00..29.95 rows=952 width=0)
	                    Index Cond: ((id >= 7435202) AND (id <= 7436201))

table 5 : explain SELECT DISTINCT c FROM sbtest5 WHERE id BETWEEN 9635943 AND 9636942 ORDER BY c
	Unique  (cost=3741.42..3746.19 rows=954 width=121)
	  ->  Sort  (cost=3741.42..3743.81 rows=954 width=121)
	        Sort Key: c
	        ->  Bitmap Heap Scan on sbtest5  (cost=26.21..3694.21 rows=954 width=121)
	              Recheck Cond: ((id >= 9635943) AND (id <= 9636942))
	              ->  Bitmap Index Scan on sbtest5_pkey  (cost=0.00..25.97 rows=954 width=0)
	                    Index Cond: ((id >= 9635943) AND (id <= 9636942))

table 6 : explain SELECT DISTINCT c FROM sbtest6 WHERE id BETWEEN 4535865 AND 4536864 ORDER BY c
	Unique  (cost=3900.22..3905.19 rows=994 width=121)
	  ->  Sort  (cost=3900.22..3902.70 rows=994 width=121)
	        Sort Key: c
	        ->  Bitmap Heap Scan on sbtest6  (cost=30.62..3850.73 rows=994 width=121)
	              Recheck Cond: ((id >= 4535865) AND (id <= 4536864))
	              ->  Bitmap Index Scan on sbtest6_pkey  (cost=0.00..30.37 rows=994 width=0)
	                    Index Cond: ((id >= 4535865) AND (id <= 4536864))

table 7 : explain SELECT DISTINCT c FROM sbtest7 WHERE id BETWEEN 8443362 AND 8444361 ORDER BY c
	Unique  (cost=4088.73..4093.94 rows=1042 width=121)
	  ->  Sort  (cost=4088.73..4091.34 rows=1042 width=121)
	        Sort Key: c
	        ->  Bitmap Heap Scan on sbtest7  (cost=31.12..4036.50 rows=1042 width=121)
	              Recheck Cond: ((id >= 8443362) AND (id <= 8444361))
	              ->  Bitmap Index Scan on sbtest7_pkey  (cost=0.00..30.86 rows=1042 width=0)
	                    Index Cond: ((id >= 8443362) AND (id <= 8444361))

table 8 : explain SELECT DISTINCT c FROM sbtest8 WHERE id BETWEEN 7432904 AND 7433903 ORDER BY c
	Unique  (cost=3729.52..3734.27 rows=950 width=121)
	  ->  Sort  (cost=3729.52..3731.90 rows=950 width=121)
	        Sort Key: c
	        ->  Bitmap Heap Scan on sbtest8  (cost=30.17..3682.53 rows=950 width=121)
	              Recheck Cond: ((id >= 7432904) AND (id <= 7433903))
	              ->  Bitmap Index Scan on sbtest8_pkey  (cost=0.00..29.93 rows=950 width=0)
	                    Index Cond: ((id >= 7432904) AND (id <= 7433903))

for: order_ranges
table 1 : explain SELECT c FROM sbtest1 WHERE id BETWEEN 3587291 AND 3588290 ORDER BY c
	Sort  (cost=3926.18..3928.69 rows=1001 width=121)
	  Sort Key: c
	  ->  Bitmap Heap Scan on sbtest1  (cost=30.70..3876.30 rows=1001 width=121)
	        Recheck Cond: ((id >= 3587291) AND (id <= 3588290))
	        ->  Bitmap Index Scan on sbtest1_pkey  (cost=0.00..30.44 rows=1001 width=0)
	              Index Cond: ((id >= 3587291) AND (id <= 3588290))

table 2 : explain SELECT c FROM sbtest2 WHERE id BETWEEN 8422579 AND 8423578 ORDER BY c
	Sort  (cost=3890.48..3892.96 rows=992 width=121)
	  Sort Key: c
	  ->  Bitmap Heap Scan on sbtest2  (cost=30.60..3841.10 rows=992 width=121)
	        Recheck Cond: ((id >= 8422579) AND (id <= 8423578))
	        ->  Bitmap Index Scan on sbtest2_pkey  (cost=0.00..30.36 rows=992 width=0)
	              Index Cond: ((id >= 8422579) AND (id <= 8423578))

table 3 : explain SELECT c FROM sbtest3 WHERE id BETWEEN 5188038 AND 5189037 ORDER BY c
	Sort  (cost=4049.98..4052.56 rows=1032 width=121)
	  Sort Key: c
	  ->  Bitmap Heap Scan on sbtest3  (cost=31.01..3998.32 rows=1032 width=121)
	        Recheck Cond: ((id >= 5188038) AND (id <= 5189037))
	        ->  Bitmap Index Scan on sbtest3_pkey  (cost=0.00..30.75 rows=1032 width=0)
	              Index Cond: ((id >= 5188038) AND (id <= 5189037))

table 4 : explain SELECT c FROM sbtest4 WHERE id BETWEEN 4109051 AND 4110050 ORDER BY c
	Sort  (cost=4102.34..4104.95 rows=1046 width=121)
	  Sort Key: c
	  ->  Bitmap Heap Scan on sbtest4  (cost=31.16..4049.88 rows=1046 width=121)
	        Recheck Cond: ((id >= 4109051) AND (id <= 4110050))
	        ->  Bitmap Index Scan on sbtest4_pkey  (cost=0.00..30.89 rows=1046 width=0)
	              Index Cond: ((id >= 4109051) AND (id <= 4110050))

table 5 : explain SELECT c FROM sbtest5 WHERE id BETWEEN 6274315 AND 6275314 ORDER BY c
	Sort  (cost=4215.94..4218.63 rows=1077 width=121)
	  Sort Key: c
	  ->  Bitmap Heap Scan on sbtest5  (cost=31.47..4161.70 rows=1077 width=121)
	        Recheck Cond: ((id >= 6274315) AND (id <= 6275314))
	        ->  Bitmap Index Scan on sbtest5_pkey  (cost=0.00..31.20 rows=1077 width=0)
	              Index Cond: ((id >= 6274315) AND (id <= 6275314))

table 6 : explain SELECT c FROM sbtest6 WHERE id BETWEEN 7415808 AND 7416807 ORDER BY c
	Sort  (cost=4110.70..4113.32 rows=1049 width=121)
	  Sort Key: c
	  ->  Bitmap Heap Scan on sbtest6  (cost=31.19..4058.07 rows=1049 width=121)
	        Recheck Cond: ((id >= 7415808) AND (id <= 7416807))
	        ->  Bitmap Index Scan on sbtest6_pkey  (cost=0.00..30.93 rows=1049 width=0)
	              Index Cond: ((id >= 7415808) AND (id <= 7416807))

table 7 : explain SELECT c FROM sbtest7 WHERE id BETWEEN 5292886 AND 5293885 ORDER BY c
	Sort  (cost=4031.25..4033.82 rows=1027 width=121)
	  Sort Key: c
	  ->  Bitmap Heap Scan on sbtest7  (cost=30.96..3979.88 rows=1027 width=121)
	        Recheck Cond: ((id >= 5292886) AND (id <= 5293885))
	        ->  Bitmap Index Scan on sbtest7_pkey  (cost=0.00..30.70 rows=1027 width=0)
	              Index Cond: ((id >= 5292886) AND (id <= 5293885))

table 8 : explain SELECT c FROM sbtest8 WHERE id BETWEEN 7652686 AND 7653685 ORDER BY c
	Sort  (cost=3832.95..3835.39 rows=977 width=121)
	  Sort Key: c
	  ->  Bitmap Heap Scan on sbtest8  (cost=30.45..3784.43 rows=977 width=121)
	        Recheck Cond: ((id >= 7652686) AND (id <= 7653685))
	        ->  Bitmap Index Scan on sbtest8_pkey  (cost=0.00..30.20 rows=977 width=0)
	              Index Cond: ((id >= 7652686) AND (id <= 7653685))

for: distinct_ranges
table 1 : explain SELECT DISTINCT c FROM sbtest1 WHERE id BETWEEN 2189673 AND 2190672 ORDER BY c
	Unique  (cost=3937.67..3942.69 rows=1004 width=121)
	  ->  Sort  (cost=3937.67..3940.18 rows=1004 width=121)
	        Sort Key: c
	        ->  Bitmap Heap Scan on sbtest1  (cost=30.73..3887.61 rows=1004 width=121)
	              Recheck Cond: ((id >= 2189673) AND (id <= 2190672))
	              ->  Bitmap Index Scan on sbtest1_pkey  (cost=0.00..30.47 rows=1004 width=0)
	                    Index Cond: ((id >= 2189673) AND (id <= 2190672))

table 2 : explain SELECT DISTINCT c FROM sbtest2 WHERE id BETWEEN 7375843 AND 7376842 ORDER BY c
	Unique  (cost=4211.55..4216.93 rows=1076 width=121)
	  ->  Sort  (cost=4211.55..4214.24 rows=1076 width=121)
	        Sort Key: c
	        ->  Bitmap Heap Scan on sbtest2  (cost=31.46..4157.37 rows=1076 width=121)
	              Recheck Cond: ((id >= 7375843) AND (id <= 7376842))
	              ->  Bitmap Index Scan on sbtest2_pkey  (cost=0.00..31.19 rows=1076 width=0)
	                    Index Cond: ((id >= 7375843) AND (id <= 7376842))

table 3 : explain SELECT DISTINCT c FROM sbtest3 WHERE id BETWEEN 5897854 AND 5898853 ORDER BY c
	Unique  (cost=3769.93..3774.73 rows=959 width=121)
	  ->  Sort  (cost=3769.93..3772.33 rows=959 width=121)
	        Sort Key: c
	        ->  Bitmap Heap Scan on sbtest3  (cost=30.26..3722.44 rows=959 width=121)
	              Recheck Cond: ((id >= 5897854) AND (id <= 5898853))
	              ->  Bitmap Index Scan on sbtest3_pkey  (cost=0.00..30.02 rows=959 width=0)
	                    Index Cond: ((id >= 5897854) AND (id <= 5898853))

table 4 : explain SELECT DISTINCT c FROM sbtest4 WHERE id BETWEEN 5100574 AND 5101573 ORDER BY c
	Unique  (cost=4067.88..4073.06 rows=1037 width=121)
	  ->  Sort  (cost=4067.88..4070.47 rows=1037 width=121)
	        Sort Key: c
	        ->  Bitmap Heap Scan on sbtest4  (cost=31.06..4015.93 rows=1037 width=121)
	              Recheck Cond: ((id >= 5100574) AND (id <= 5101573))
	              ->  Bitmap Index Scan on sbtest4_pkey  (cost=0.00..30.80 rows=1037 width=0)
	                    Index Cond: ((id >= 5100574) AND (id <= 5101573))

table 5 : explain SELECT DISTINCT c FROM sbtest5 WHERE id BETWEEN 4243592 AND 4244591 ORDER BY c
	Unique  (cost=4208.30..4213.68 rows=1075 width=121)
	  ->  Sort  (cost=4208.30..4210.99 rows=1075 width=121)
	        Sort Key: c
	        ->  Bitmap Heap Scan on sbtest5  (cost=31.45..4154.18 rows=1075 width=121)
	              Recheck Cond: ((id >= 4243592) AND (id <= 4244591))
	              ->  Bitmap Index Scan on sbtest5_pkey  (cost=0.00..31.18 rows=1075 width=0)
	                    Index Cond: ((id >= 4243592) AND (id <= 4244591))

table 6 : explain SELECT DISTINCT c FROM sbtest6 WHERE id BETWEEN 1347366 AND 1348365 ORDER BY c
	Unique  (cost=3700.88..3705.59 rows=942 width=121)
	  ->  Sort  (cost=3700.88..3703.23 rows=942 width=121)
	        Sort Key: c
	        ->  Bitmap Heap Scan on sbtest6  (cost=30.09..3654.35 rows=942 width=121)
	              Recheck Cond: ((id >= 1347366) AND (id <= 1348365))
	              ->  Bitmap Index Scan on sbtest6_pkey  (cost=0.00..29.86 rows=942 width=0)
	                    Index Cond: ((id >= 1347366) AND (id <= 1348365))

table 7 : explain SELECT DISTINCT c FROM sbtest7 WHERE id BETWEEN 8088972 AND 8089971 ORDER BY c
	Unique  (cost=3989.08..3994.16 rows=1016 width=121)
	  ->  Sort  (cost=3989.08..3991.62 rows=1016 width=121)
	        Sort Key: c
	        ->  Bitmap Heap Scan on sbtest7  (cost=30.85..3938.33 rows=1016 width=121)
	              Recheck Cond: ((id >= 8088972) AND (id <= 8089971))
	              ->  Bitmap Index Scan on sbtest7_pkey  (cost=0.00..30.59 rows=1016 width=0)
	                    Index Cond: ((id >= 8088972) AND (id <= 8089971))

table 8 : explain SELECT DISTINCT c FROM sbtest8 WHERE id BETWEEN 2249916 AND 2250915 ORDER BY c
	Unique  (cost=4371.74..4377.33 rows=1119 width=121)
	  ->  Sort  (cost=4371.74..4374.53 rows=1119 width=121)
	        Sort Key: c
	        ->  Bitmap Heap Scan on sbtest8  (cost=31.90..4315.07 rows=1119 width=121)
	              Recheck Cond: ((id >= 2249916) AND (id <= 2250915))
	              ->  Bitmap Index Scan on sbtest8_pkey  (cost=0.00..31.62 rows=1119 width=0)
	                    Index Cond: ((id >= 2249916) AND (id <= 2250915))

for: sum_ranges
table 1 : explain SELECT SUM(k) FROM sbtest1 WHERE id BETWEEN 3754742 AND 3755741
	Aggregate  (cost=4010.80..4010.81 rows=1 width=8)
	  ->  Bitmap Heap Scan on sbtest1  (cost=31.05..4008.21 rows=1036 width=4)
	        Recheck Cond: ((id >= 3754742) AND (id <= 3755741))
	        ->  Bitmap Index Scan on sbtest1_pkey  (cost=0.00..30.79 rows=1036 width=0)
	              Index Cond: ((id >= 3754742) AND (id <= 3755741))

table 2 : explain SELECT SUM(k) FROM sbtest2 WHERE id BETWEEN 7808933 AND 7809932
	Aggregate  (cost=3465.43..3465.44 rows=1 width=8)
	  ->  Bitmap Heap Scan on sbtest2  (cost=25.59..3463.19 rows=893 width=4)
	        Recheck Cond: ((id >= 7808933) AND (id <= 7809932))
	        ->  Bitmap Index Scan on sbtest2_pkey  (cost=0.00..25.36 rows=893 width=0)
	              Index Cond: ((id >= 7808933) AND (id <= 7809932))

table 3 : explain SELECT SUM(k) FROM sbtest3 WHERE id BETWEEN 8855253 AND 8856252
	Aggregate  (cost=4257.71..4257.72 rows=1 width=8)
	  ->  Bitmap Heap Scan on sbtest3  (cost=35.70..4254.96 rows=1099 width=4)
	        Recheck Cond: ((id >= 8855253) AND (id <= 8856252))
	        ->  Bitmap Index Scan on sbtest3_pkey  (cost=0.00..35.43 rows=1099 width=0)
	              Index Cond: ((id >= 8855253) AND (id <= 8856252))

table 4 : explain SELECT SUM(k) FROM sbtest4 WHERE id BETWEEN 2858460 AND 2859459
	Aggregate  (cost=3682.07..3682.08 rows=1 width=8)
	  ->  Bitmap Heap Scan on sbtest4  (cost=30.15..3679.70 rows=948 width=4)
	        Recheck Cond: ((id >= 2858460) AND (id <= 2859459))
	        ->  Bitmap Index Scan on sbtest4_pkey  (cost=0.00..29.91 rows=948 width=0)
	              Index Cond: ((id >= 2858460) AND (id <= 2859459))

table 5 : explain SELECT SUM(k) FROM sbtest5 WHERE id BETWEEN 2809332 AND 2810331
	Aggregate  (cost=3374.94..3374.95 rows=1 width=8)
	  ->  Bitmap Heap Scan on sbtest5  (cost=25.34..3372.77 rows=869 width=4)
	        Recheck Cond: ((id >= 2809332) AND (id <= 2810331))
	        ->  Bitmap Index Scan on sbtest5_pkey  (cost=0.00..25.12 rows=869 width=0)
	              Index Cond: ((id >= 2809332) AND (id <= 2810331))

table 6 : explain SELECT SUM(k) FROM sbtest6 WHERE id BETWEEN 1024072 AND 1025071
	Aggregate  (cost=4286.61..4286.62 rows=1 width=8)
	  ->  Bitmap Heap Scan on sbtest6  (cost=31.80..4283.83 rows=1109 width=4)
	        Recheck Cond: ((id >= 1024072) AND (id <= 1025071))
	        ->  Bitmap Index Scan on sbtest6_pkey  (cost=0.00..31.52 rows=1109 width=0)
	              Index Cond: ((id >= 1024072) AND (id <= 1025071))

table 7 : explain SELECT SUM(k) FROM sbtest7 WHERE id BETWEEN 7089805 AND 7090804
	Aggregate  (cost=4024.00..4024.01 rows=1 width=8)
	  ->  Bitmap Heap Scan on sbtest7  (cost=31.07..4021.41 rows=1038 width=4)
	        Recheck Cond: ((id >= 7089805) AND (id <= 7090804))
	        ->  Bitmap Index Scan on sbtest7_pkey  (cost=0.00..30.82 rows=1038 width=0)
	              Index Cond: ((id >= 7089805) AND (id <= 7090804))

table 8 : explain SELECT SUM(k) FROM sbtest8 WHERE id BETWEEN 4623406 AND 4624405
	Aggregate  (cost=3722.68..3722.69 rows=1 width=8)
	  ->  Bitmap Heap Scan on sbtest8  (cost=30.27..3720.28 rows=960 width=4)
	        Recheck Cond: ((id >= 4623406) AND (id <= 4624405))
	        ->  Bitmap Index Scan on sbtest8_pkey  (cost=0.00..30.04 rows=960 width=0)
	              Index Cond: ((id >= 4623406) AND (id <= 4624405))

for: distinct_ranges
table 1 : explain SELECT DISTINCT c FROM sbtest1 WHERE id BETWEEN 9071725 AND 9072724 ORDER BY c
	Unique  (cost=4388.61..4394.23 rows=1123 width=121)
	  ->  Sort  (cost=4388.61..4391.42 rows=1123 width=121)
	        Sort Key: c
	        ->  Bitmap Heap Scan on sbtest1  (cost=31.95..4331.72 rows=1123 width=121)
	              Recheck Cond: ((id >= 9071725) AND (id <= 9072724))
	              ->  Bitmap Index Scan on sbtest1_pkey  (cost=0.00..31.66 rows=1123 width=0)
	                    Index Cond: ((id >= 9071725) AND (id <= 9072724))

table 2 : explain SELECT DISTINCT c FROM sbtest2 WHERE id BETWEEN 4643722 AND 4644721 ORDER BY c
	Unique  (cost=3702.79..3707.50 rows=943 width=121)
	  ->  Sort  (cost=3702.79..3705.15 rows=943 width=121)
	        Sort Key: c
	        ->  Bitmap Heap Scan on sbtest2  (cost=30.10..3656.20 rows=943 width=121)
	              Recheck Cond: ((id >= 4643722) AND (id <= 4644721))
	              ->  Bitmap Index Scan on sbtest2_pkey  (cost=0.00..29.86 rows=943 width=0)
	                    Index Cond: ((id >= 4643722) AND (id <= 4644721))

table 3 : explain SELECT DISTINCT c FROM sbtest3 WHERE id BETWEEN 1387145 AND 1388144 ORDER BY c
	Unique  (cost=3550.83..3555.34 rows=902 width=121)
	  ->  Sort  (cost=3550.83..3553.08 rows=902 width=121)
	        Sort Key: c
	        ->  Bitmap Heap Scan on sbtest3  (cost=29.68..3506.55 rows=902 width=121)
	              Recheck Cond: ((id >= 1387145) AND (id <= 1388144))
	              ->  Bitmap Index Scan on sbtest3_pkey  (cost=0.00..29.45 rows=902 width=0)
	                    Index Cond: ((id >= 1387145) AND (id <= 1388144))

table 4 : explain SELECT DISTINCT c FROM sbtest4 WHERE id BETWEEN 2553607 AND 2554606 ORDER BY c
	Unique  (cost=4331.85..4337.38 rows=1106 width=121)
	  ->  Sort  (cost=4331.85..4334.61 rows=1106 width=121)
	        Sort Key: c
	        ->  Bitmap Heap Scan on sbtest4  (cost=31.77..4275.94 rows=1106 width=121)
	              Recheck Cond: ((id >= 2553607) AND (id <= 2554606))
	              ->  Bitmap Index Scan on sbtest4_pkey  (cost=0.00..31.50 rows=1106 width=0)
	                    Index Cond: ((id >= 2553607) AND (id <= 2554606))

table 5 : explain SELECT DISTINCT c FROM sbtest5 WHERE id BETWEEN 2974195 AND 2975194 ORDER BY c
	Unique  (cost=4066.95..4072.14 rows=1038 width=121)
	  ->  Sort  (cost=4066.95..4069.54 rows=1038 width=121)
	        Sort Key: c
	        ->  Bitmap Heap Scan on sbtest5  (cost=31.07..4014.95 rows=1038 width=121)
	              Recheck Cond: ((id >= 2974195) AND (id <= 2975194))
	              ->  Bitmap Index Scan on sbtest5_pkey  (cost=0.00..30.82 rows=1038 width=0)
	                    Index Cond: ((id >= 2974195) AND (id <= 2975194))

table 6 : explain SELECT DISTINCT c FROM sbtest6 WHERE id BETWEEN 4464002 AND 4465001 ORDER BY c
	Unique  (cost=4190.98..4196.33 rows=1070 width=121)
	  ->  Sort  (cost=4190.98..4193.65 rows=1070 width=121)
	        Sort Key: c
	        ->  Bitmap Heap Scan on sbtest6  (cost=31.40..4137.14 rows=1070 width=121)
	              Recheck Cond: ((id >= 4464002) AND (id <= 4465001))
	              ->  Bitmap Index Scan on sbtest6_pkey  (cost=0.00..31.14 rows=1070 width=0)
	                    Index Cond: ((id >= 4464002) AND (id <= 4465001))

table 7 : explain SELECT DISTINCT c FROM sbtest7 WHERE id BETWEEN 7223082 AND 7224081 ORDER BY c
	Unique  (cost=3824.09..3828.95 rows=973 width=121)
	  ->  Sort  (cost=3824.09..3826.52 rows=973 width=121)
	        Sort Key: c
	        ->  Bitmap Heap Scan on sbtest7  (cost=30.41..3775.79 rows=973 width=121)
	              Recheck Cond: ((id >= 7223082) AND (id <= 7224081))
	              ->  Bitmap Index Scan on sbtest7_pkey  (cost=0.00..30.16 rows=973 width=0)
	                    Index Cond: ((id >= 7223082) AND (id <= 7224081))

table 8 : explain SELECT DISTINCT c FROM sbtest8 WHERE id BETWEEN 9507555 AND 9508554 ORDER BY c
	Unique  (cost=3618.33..3622.93 rows=921 width=121)
	  ->  Sort  (cost=3618.33..3620.63 rows=921 width=121)
	        Sort Key: c
	        ->  Bitmap Heap Scan on sbtest8  (cost=29.88..3572.98 rows=921 width=121)
	              Recheck Cond: ((id >= 9507555) AND (id <= 9508554))
	              ->  Bitmap Index Scan on sbtest8_pkey  (cost=0.00..29.64 rows=921 width=0)
	                    Index Cond: ((id >= 9507555) AND (id <= 9508554))

for: sum_ranges
table 1 : explain SELECT SUM(k) FROM sbtest1 WHERE id BETWEEN 8656173 AND 8657172
	Aggregate  (cost=3803.30..3803.31 rows=1 width=8)
	  ->  Bitmap Heap Scan on sbtest1  (cost=30.49..3800.85 rows=981 width=4)
	        Recheck Cond: ((id >= 8656173) AND (id <= 8657172))
	        ->  Bitmap Index Scan on sbtest1_pkey  (cost=0.00..30.25 rows=981 width=0)
	              Index Cond: ((id >= 8656173) AND (id <= 8657172))

table 2 : explain SELECT SUM(k) FROM sbtest2 WHERE id BETWEEN 3617260 AND 3618259
	Aggregate  (cost=3877.53..3877.54 rows=1 width=8)
	  ->  Bitmap Heap Scan on sbtest2  (cost=30.70..3875.03 rows=1001 width=4)
	        Recheck Cond: ((id >= 3617260) AND (id <= 3618259))
	        ->  Bitmap Index Scan on sbtest2_pkey  (cost=0.00..30.44 rows=1001 width=0)
	              Index Cond: ((id >= 3617260) AND (id <= 3618259))

table 3 : explain SELECT SUM(k) FROM sbtest3 WHERE id BETWEEN 2098291 AND 2099290
	Aggregate  (cost=3698.33..3698.34 rows=1 width=8)
	  ->  Bitmap Heap Scan on sbtest3  (cost=30.19..3695.95 rows=952 width=4)
	        Recheck Cond: ((id >= 2098291) AND (id <= 2099290))
	        ->  Bitmap Index Scan on sbtest3_pkey  (cost=0.00..29.95 rows=952 width=0)
	              Index Cond: ((id >= 2098291) AND (id <= 2099290))

table 4 : explain SELECT SUM(k) FROM sbtest4 WHERE id BETWEEN 4307902 AND 4308901
	Aggregate  (cost=3867.43..3867.44 rows=1 width=8)
	  ->  Bitmap Heap Scan on sbtest4  (cost=30.65..3864.94 rows=997 width=4)
	        Recheck Cond: ((id >= 4307902) AND (id <= 4308901))
	        ->  Bitmap Index Scan on sbtest4_pkey  (cost=0.00..30.40 rows=997 width=0)
	              Index Cond: ((id >= 4307902) AND (id <= 4308901))

table 5 : explain SELECT SUM(k) FROM sbtest5 WHERE id BETWEEN 9830527 AND 9831526
	Aggregate  (cost=3621.00..3621.01 rows=1 width=8)
	  ->  Bitmap Heap Scan on sbtest5  (cost=26.01..3618.66 rows=934 width=4)
	        Recheck Cond: ((id >= 9830527) AND (id <= 9831526))
	        ->  Bitmap Index Scan on sbtest5_pkey  (cost=0.00..25.77 rows=934 width=0)
	              Index Cond: ((id >= 9830527) AND (id <= 9831526))

table 6 : explain SELECT SUM(k) FROM sbtest6 WHERE id BETWEEN 1954215 AND 1955214
	Aggregate  (cost=3762.56..3762.57 rows=1 width=8)
	  ->  Bitmap Heap Scan on sbtest6  (cost=30.38..3760.13 rows=970 width=4)
	        Recheck Cond: ((id >= 1954215) AND (id <= 1955214))
	        ->  Bitmap Index Scan on sbtest6_pkey  (cost=0.00..30.14 rows=970 width=0)
	              Index Cond: ((id >= 1954215) AND (id <= 1955214))

table 7 : explain SELECT SUM(k) FROM sbtest7 WHERE id BETWEEN 2824164 AND 2825163
	Aggregate  (cost=3675.98..3675.99 rows=1 width=8)
	  ->  Bitmap Heap Scan on sbtest7  (cost=30.13..3673.62 rows=946 width=4)
	        Recheck Cond: ((id >= 2824164) AND (id <= 2825163))
	        ->  Bitmap Index Scan on sbtest7_pkey  (cost=0.00..29.89 rows=946 width=0)
	              Index Cond: ((id >= 2824164) AND (id <= 2825163))

table 8 : explain SELECT SUM(k) FROM sbtest8 WHERE id BETWEEN 4519913 AND 4520912
	Aggregate  (cost=4114.78..4114.79 rows=1 width=8)
	  ->  Bitmap Heap Scan on sbtest8  (cost=31.34..4112.12 rows=1064 width=4)
	        Recheck Cond: ((id >= 4519913) AND (id <= 4520912))
	        ->  Bitmap Index Scan on sbtest8_pkey  (cost=0.00..31.07 rows=1064 width=0)
	              Index Cond: ((id >= 4519913) AND (id <= 4520912))

for: sum_ranges
table 1 : explain SELECT SUM(k) FROM sbtest1 WHERE id BETWEEN 929959 AND 930958
	Aggregate  (cost=3844.83..3844.84 rows=1 width=8)
	  ->  Bitmap Heap Scan on sbtest1  (cost=30.60..3842.35 rows=992 width=4)
	        Recheck Cond: ((id >= 929959) AND (id <= 930958))
	        ->  Bitmap Index Scan on sbtest1_pkey  (cost=0.00..30.36 rows=992 width=0)
	              Index Cond: ((id >= 929959) AND (id <= 930958))

table 2 : explain SELECT SUM(k) FROM sbtest2 WHERE id BETWEEN 5736783 AND 5737782
	Aggregate  (cost=3741.67..3741.68 rows=1 width=8)
	  ->  Bitmap Heap Scan on sbtest2  (cost=30.33..3739.26 rows=965 width=4)
	        Recheck Cond: ((id >= 5736783) AND (id <= 5737782))
	        ->  Bitmap Index Scan on sbtest2_pkey  (cost=0.00..30.08 rows=965 width=0)
	              Index Cond: ((id >= 5736783) AND (id <= 5737782))

table 3 : explain SELECT SUM(k) FROM sbtest3 WHERE id BETWEEN 8410301 AND 8411300
	Aggregate  (cost=3652.87..3652.88 rows=1 width=8)
	  ->  Bitmap Heap Scan on sbtest3  (cost=30.07..3650.52 rows=940 width=4)
	        Recheck Cond: ((id >= 8410301) AND (id <= 8411300))
	        ->  Bitmap Index Scan on sbtest3_pkey  (cost=0.00..29.83 rows=940 width=0)
	              Index Cond: ((id >= 8410301) AND (id <= 8411300))

table 4 : explain SELECT SUM(k) FROM sbtest4 WHERE id BETWEEN 305926 AND 306925
	Aggregate  (cost=3617.48..3617.49 rows=1 width=8)
	  ->  Bitmap Heap Scan on sbtest4  (cost=25.99..3615.15 rows=932 width=4)
	        Recheck Cond: ((id >= 305926) AND (id <= 306925))
	        ->  Bitmap Index Scan on sbtest4_pkey  (cost=0.00..25.75 rows=932 width=0)
	              Index Cond: ((id >= 305926) AND (id <= 306925))

table 5 : explain SELECT SUM(k) FROM sbtest5 WHERE id BETWEEN 8884336 AND 8885335
	Aggregate  (cost=3957.24..3957.25 rows=1 width=8)
	  ->  Bitmap Heap Scan on sbtest5  (cost=30.91..3954.68 rows=1022 width=4)
	        Recheck Cond: ((id >= 8884336) AND (id <= 8885335))
	        ->  Bitmap Index Scan on sbtest5_pkey  (cost=0.00..30.65 rows=1022 width=0)
	              Index Cond: ((id >= 8884336) AND (id <= 8885335))

table 6 : explain SELECT SUM(k) FROM sbtest6 WHERE id BETWEEN 4723943 AND 4724942
	Aggregate  (cost=3728.54..3728.55 rows=1 width=8)
	  ->  Bitmap Heap Scan on sbtest6  (cost=30.29..3726.14 rows=961 width=4)
	        Recheck Cond: ((id >= 4723943) AND (id <= 4724942))
	        ->  Bitmap Index Scan on sbtest6_pkey  (cost=0.00..30.04 rows=961 width=0)
	              Index Cond: ((id >= 4723943) AND (id <= 4724942))

table 7 : explain SELECT SUM(k) FROM sbtest7 WHERE id BETWEEN 4037285 AND 4038284
	Aggregate  (cost=4288.34..4288.35 rows=1 width=8)
	  ->  Bitmap Heap Scan on sbtest7  (cost=35.78..4285.57 rows=1107 width=4)
	        Recheck Cond: ((id >= 4037285) AND (id <= 4038284))
	        ->  Bitmap Index Scan on sbtest7_pkey  (cost=0.00..35.51 rows=1107 width=0)
	              Index Cond: ((id >= 4037285) AND (id <= 4038284))

table 8 : explain SELECT SUM(k) FROM sbtest8 WHERE id BETWEEN 8747215 AND 8748214
	Aggregate  (cost=4073.38..4073.39 rows=1 width=8)
	  ->  Bitmap Heap Scan on sbtest8  (cost=31.23..4070.74 rows=1053 width=4)
	        Recheck Cond: ((id >= 8747215) AND (id <= 8748214))
	        ->  Bitmap Index Scan on sbtest8_pkey  (cost=0.00..30.96 rows=1053 width=0)
	              Index Cond: ((id >= 8747215) AND (id <= 8748214))

for: sum_ranges
table 1 : explain SELECT SUM(k) FROM sbtest1 WHERE id BETWEEN 2076000 AND 2076999
	Aggregate  (cost=3837.28..3837.29 rows=1 width=8)
	  ->  Bitmap Heap Scan on sbtest1  (cost=30.58..3834.81 rows=990 width=4)
	        Recheck Cond: ((id >= 2076000) AND (id <= 2076999))
	        ->  Bitmap Index Scan on sbtest1_pkey  (cost=0.00..30.33 rows=990 width=0)
	              Index Cond: ((id >= 2076000) AND (id <= 2076999))

table 2 : explain SELECT SUM(k) FROM sbtest2 WHERE id BETWEEN 7359598 AND 7360597
	Aggregate  (cost=4160.06..4160.07 rows=1 width=8)
	  ->  Bitmap Heap Scan on sbtest2  (cost=31.46..4157.37 rows=1076 width=4)
	        Recheck Cond: ((id >= 7359598) AND (id <= 7360597))
	        ->  Bitmap Index Scan on sbtest2_pkey  (cost=0.00..31.19 rows=1076 width=0)
	              Index Cond: ((id >= 7359598) AND (id <= 7360597))

table 3 : explain SELECT SUM(k) FROM sbtest3 WHERE id BETWEEN 1721415 AND 1722414
	Aggregate  (cost=3834.58..3834.59 rows=1 width=8)
	  ->  Bitmap Heap Scan on sbtest3  (cost=30.56..3832.11 rows=988 width=4)
	        Recheck Cond: ((id >= 1721415) AND (id <= 1722414))
	        ->  Bitmap Index Scan on sbtest3_pkey  (cost=0.00..30.32 rows=988 width=0)
	              Index Cond: ((id >= 1721415) AND (id <= 1722414))

table 4 : explain SELECT SUM(k) FROM sbtest4 WHERE id BETWEEN 5660600 AND 5661599
	Aggregate  (cost=4105.31..4105.32 rows=1 width=8)
	  ->  Bitmap Heap Scan on sbtest4  (cost=31.30..4102.66 rows=1060 width=4)
	        Recheck Cond: ((id >= 5660600) AND (id <= 5661599))
	        ->  Bitmap Index Scan on sbtest4_pkey  (cost=0.00..31.04 rows=1060 width=0)
	              Index Cond: ((id >= 5660600) AND (id <= 5661599))

table 5 : explain SELECT SUM(k) FROM sbtest5 WHERE id BETWEEN 186590 AND 187589
	Aggregate  (cost=3594.53..3594.54 rows=1 width=8)
	  ->  Bitmap Heap Scan on sbtest5  (cost=25.94..3592.21 rows=927 width=4)
	        Recheck Cond: ((id >= 186590) AND (id <= 187589))
	        ->  Bitmap Index Scan on sbtest5_pkey  (cost=0.00..25.70 rows=927 width=0)
	              Index Cond: ((id >= 186590) AND (id <= 187589))

table 6 : explain SELECT SUM(k) FROM sbtest6 WHERE id BETWEEN 4384972 AND 4385971
	Aggregate  (cost=3546.74..3546.75 rows=1 width=8)
	  ->  Bitmap Heap Scan on sbtest6  (cost=25.80..3544.46 rows=914 width=4)
	        Recheck Cond: ((id >= 4384972) AND (id <= 4385971))
	        ->  Bitmap Index Scan on sbtest6_pkey  (cost=0.00..25.57 rows=914 width=0)
	              Index Cond: ((id >= 4384972) AND (id <= 4385971))

table 7 : explain SELECT SUM(k) FROM sbtest7 WHERE id BETWEEN 1677114 AND 1678113
	Aggregate  (cost=3853.91..3853.92 rows=1 width=8)
	  ->  Bitmap Heap Scan on sbtest7  (cost=30.61..3851.42 rows=993 width=4)
	        Recheck Cond: ((id >= 1677114) AND (id <= 1678113))
	        ->  Bitmap Index Scan on sbtest7_pkey  (cost=0.00..30.36 rows=993 width=0)
	              Index Cond: ((id >= 1677114) AND (id <= 1678113))

table 8 : explain SELECT SUM(k) FROM sbtest8 WHERE id BETWEEN 201780 AND 202779
	Aggregate  (cost=3900.05..3900.06 rows=1 width=8)
	  ->  Bitmap Heap Scan on sbtest8  (cost=30.76..3897.54 rows=1007 width=4)
	        Recheck Cond: ((id >= 201780) AND (id <= 202779))
	        ->  Bitmap Index Scan on sbtest8_pkey  (cost=0.00..30.50 rows=1007 width=0)
	              Index Cond: ((id >= 201780) AND (id <= 202779))

for: order_ranges
table 1 : explain SELECT c FROM sbtest1 WHERE id BETWEEN 7536917 AND 7537916 ORDER BY c
	Sort  (cost=3692.44..3694.79 rows=940 width=121)
	  Sort Key: c
	  ->  Bitmap Heap Scan on sbtest1  (cost=30.07..3646.02 rows=940 width=121)
	        Recheck Cond: ((id >= 7536917) AND (id <= 7537916))
	        ->  Bitmap Index Scan on sbtest1_pkey  (cost=0.00..29.83 rows=940 width=0)
	              Index Cond: ((id >= 7536917) AND (id <= 7537916))

table 2 : explain SELECT c FROM sbtest2 WHERE id BETWEEN 307440 AND 308439 ORDER BY c
	Sort  (cost=4005.24..4007.80 rows=1022 width=121)
	  Sort Key: c
	  ->  Bitmap Heap Scan on sbtest2  (cost=30.91..3954.16 rows=1022 width=121)
	        Recheck Cond: ((id >= 307440) AND (id <= 308439))
	        ->  Bitmap Index Scan on sbtest2_pkey  (cost=0.00..30.65 rows=1022 width=0)
	              Index Cond: ((id >= 307440) AND (id <= 308439))

table 3 : explain SELECT c FROM sbtest3 WHERE id BETWEEN 3364480 AND 3365479 ORDER BY c
	Sort  (cost=3942.64..3945.15 rows=1004 width=121)
	  Sort Key: c
	  ->  Bitmap Heap Scan on sbtest3  (cost=30.73..3892.58 rows=1004 width=121)
	        Recheck Cond: ((id >= 3364480) AND (id <= 3365479))
	        ->  Bitmap Index Scan on sbtest3_pkey  (cost=0.00..30.47 rows=1004 width=0)
	              Index Cond: ((id >= 3364480) AND (id <= 3365479))

table 4 : explain SELECT c FROM sbtest4 WHERE id BETWEEN 2447383 AND 2448382 ORDER BY c
	Sort  (cost=3630.38..3632.69 rows=924 width=121)
	  Sort Key: c
	  ->  Bitmap Heap Scan on sbtest4  (cost=25.91..3584.87 rows=924 width=121)
	        Recheck Cond: ((id >= 2447383) AND (id <= 2448382))
	        ->  Bitmap Index Scan on sbtest4_pkey  (cost=0.00..25.68 rows=924 width=0)
	              Index Cond: ((id >= 2447383) AND (id <= 2448382))

table 5 : explain SELECT c FROM sbtest5 WHERE id BETWEEN 3176285 AND 3177284 ORDER BY c
	Sort  (cost=3825.88..3828.32 rows=975 width=121)
	  Sort Key: c
	  ->  Bitmap Heap Scan on sbtest5  (cost=30.43..3777.48 rows=975 width=121)
	        Recheck Cond: ((id >= 3176285) AND (id <= 3177284))
	        ->  Bitmap Index Scan on sbtest5_pkey  (cost=0.00..30.18 rows=975 width=0)
	              Index Cond: ((id >= 3176285) AND (id <= 3177284))

table 6 : explain SELECT c FROM sbtest6 WHERE id BETWEEN 9774194 AND 9775193 ORDER BY c
	Sort  (cost=3907.88..3910.37 rows=996 width=121)
	  Sort Key: c
	  ->  Bitmap Heap Scan on sbtest6  (cost=30.64..3858.28 rows=996 width=121)
	        Recheck Cond: ((id >= 9774194) AND (id <= 9775193))
	        ->  Bitmap Index Scan on sbtest6_pkey  (cost=0.00..30.39 rows=996 width=0)
	              Index Cond: ((id >= 9774194) AND (id <= 9775193))

table 7 : explain SELECT c FROM sbtest7 WHERE id BETWEEN 965387 AND 966386 ORDER BY c
	Sort  (cost=4081.07..4083.67 rows=1040 width=121)
	  Sort Key: c
	  ->  Bitmap Heap Scan on sbtest7  (cost=31.09..4028.96 rows=1040 width=121)
	        Recheck Cond: ((id >= 965387) AND (id <= 966386))
	        ->  Bitmap Index Scan on sbtest7_pkey  (cost=0.00..30.83 rows=1040 width=0)
	              Index Cond: ((id >= 965387) AND (id <= 966386))

table 8 : explain SELECT c FROM sbtest8 WHERE id BETWEEN 266515 AND 267514 ORDER BY c
	Sort  (cost=3947.77..3950.28 rows=1007 width=121)
	  Sort Key: c
	  ->  Bitmap Heap Scan on sbtest8  (cost=30.76..3897.54 rows=1007 width=121)
	        Recheck Cond: ((id >= 266515) AND (id <= 267514))
	        ->  Bitmap Index Scan on sbtest8_pkey  (cost=0.00..30.50 rows=1007 width=0)
	              Index Cond: ((id >= 266515) AND (id <= 267514))

for: distinct_ranges
table 1 : explain SELECT DISTINCT c FROM sbtest1 WHERE id BETWEEN 2181584 AND 2182583 ORDER BY c
	Unique  (cost=3937.67..3942.69 rows=1004 width=121)
	  ->  Sort  (cost=3937.67..3940.18 rows=1004 width=121)
	        Sort Key: c
	        ->  Bitmap Heap Scan on sbtest1  (cost=30.73..3887.61 rows=1004 width=121)
	              Recheck Cond: ((id >= 2181584) AND (id <= 2182583))
	              ->  Bitmap Index Scan on sbtest1_pkey  (cost=0.00..30.47 rows=1004 width=0)
	                    Index Cond: ((id >= 2181584) AND (id <= 2182583))

table 2 : explain SELECT DISTINCT c FROM sbtest2 WHERE id BETWEEN 7062093 AND 7063092 ORDER BY c
	Unique  (cost=3909.61..3914.60 rows=997 width=121)
	  ->  Sort  (cost=3909.61..3912.10 rows=997 width=121)
	        Sort Key: c
	        ->  Bitmap Heap Scan on sbtest2  (cost=30.65..3859.95 rows=997 width=121)
	              Recheck Cond: ((id >= 7062093) AND (id <= 7063092))
	              ->  Bitmap Index Scan on sbtest2_pkey  (cost=0.00..30.40 rows=997 width=0)
	                    Index Cond: ((id >= 7062093) AND (id <= 7063092))

table 3 : explain SELECT DISTINCT c FROM sbtest3 WHERE id BETWEEN 3939968 AND 3940967 ORDER BY c
	Unique  (cost=3961.81..3966.86 rows=1009 width=121)
	  ->  Sort  (cost=3961.81..3964.33 rows=1009 width=121)
	        Sort Key: c
	        ->  Bitmap Heap Scan on sbtest3  (cost=30.78..3911.47 rows=1009 width=121)
	              Recheck Cond: ((id >= 3939968) AND (id <= 3940967))
	              ->  Bitmap Index Scan on sbtest3_pkey  (cost=0.00..30.52 rows=1009 width=0)
	                    Index Cond: ((id >= 3939968) AND (id <= 3940967))

table 4 : explain SELECT DISTINCT c FROM sbtest4 WHERE id BETWEEN 8490835 AND 8491834 ORDER BY c
	Unique  (cost=3795.68..3800.51 rows=966 width=121)
	  ->  Sort  (cost=3795.68..3798.09 rows=966 width=121)
	        Sort Key: c
	        ->  Bitmap Heap Scan on sbtest4  (cost=30.34..3747.79 rows=966 width=121)
	              Recheck Cond: ((id >= 8490835) AND (id <= 8491834))
	              ->  Bitmap Index Scan on sbtest4_pkey  (cost=0.00..30.09 rows=966 width=0)
	                    Index Cond: ((id >= 8490835) AND (id <= 8491834))

table 5 : explain SELECT DISTINCT c FROM sbtest5 WHERE id BETWEEN 5724074 AND 5725073 ORDER BY c
	Unique  (cost=4021.07..4026.20 rows=1026 width=121)
	  ->  Sort  (cost=4021.07..4023.63 rows=1026 width=121)
	        Sort Key: c
	        ->  Bitmap Heap Scan on sbtest5  (cost=30.95..3969.75 rows=1026 width=121)
	              Recheck Cond: ((id >= 5724074) AND (id <= 5725073))
	              ->  Bitmap Index Scan on sbtest5_pkey  (cost=0.00..30.69 rows=1026 width=0)
	                    Index Cond: ((id >= 5724074) AND (id <= 5725073))

table 6 : explain SELECT DISTINCT c FROM sbtest6 WHERE id BETWEEN 4188762 AND 4189761 ORDER BY c
	Unique  (cost=3731.57..3736.32 rows=950 width=121)
	  ->  Sort  (cost=3731.57..3733.94 rows=950 width=121)
	        Sort Key: c
	        ->  Bitmap Heap Scan on sbtest6  (cost=30.17..3684.58 rows=950 width=121)
	              Recheck Cond: ((id >= 4188762) AND (id <= 4189761))
	              ->  Bitmap Index Scan on sbtest6_pkey  (cost=0.00..29.93 rows=950 width=0)
	                    Index Cond: ((id >= 4188762) AND (id <= 4189761))

table 7 : explain SELECT DISTINCT c FROM sbtest7 WHERE id BETWEEN 19094 AND 20093 ORDER BY c
	Unique  (cost=4222.77..4228.15 rows=1077 width=121)
	  ->  Sort  (cost=4222.77..4225.46 rows=1077 width=121)
	        Sort Key: c
	        ->  Bitmap Heap Scan on sbtest7  (cost=31.47..4168.53 rows=1077 width=121)
	              Recheck Cond: ((id >= 19094) AND (id <= 20093))
	              ->  Bitmap Index Scan on sbtest7_pkey  (cost=0.00..31.20 rows=1077 width=0)
	                    Index Cond: ((id >= 19094) AND (id <= 20093))

table 8 : explain SELECT DISTINCT c FROM sbtest8 WHERE id BETWEEN 6270527 AND 6271526 ORDER BY c
	Unique  (cost=4039.54..4044.70 rows=1031 width=121)
	  ->  Sort  (cost=4039.54..4042.12 rows=1031 width=121)
	        Sort Key: c
	        ->  Bitmap Heap Scan on sbtest8  (cost=31.00..3987.94 rows=1031 width=121)
	              Recheck Cond: ((id >= 6270527) AND (id <= 6271526))
	              ->  Bitmap Index Scan on sbtest8_pkey  (cost=0.00..30.75 rows=1031 width=0)
	                    Index Cond: ((id >= 6270527) AND (id <= 6271526))

for: order_ranges
table 1 : explain SELECT c FROM sbtest1 WHERE id BETWEEN 8686334 AND 8687333 ORDER BY c
	Sort  (cost=3849.60..3852.05 rows=981 width=121)
	  Sort Key: c
	  ->  Bitmap Heap Scan on sbtest1  (cost=30.49..3800.85 rows=981 width=121)
	        Recheck Cond: ((id >= 8686334) AND (id <= 8687333))
	        ->  Bitmap Index Scan on sbtest1_pkey  (cost=0.00..30.25 rows=981 width=0)
	              Index Cond: ((id >= 8686334) AND (id <= 8687333))

table 2 : explain SELECT c FROM sbtest2 WHERE id BETWEEN 5670965 AND 5671964 ORDER BY c
	Sort  (cost=3691.29..3693.64 rows=940 width=121)
	  Sort Key: c
	  ->  Bitmap Heap Scan on sbtest2  (cost=30.07..3644.87 rows=940 width=121)
	        Recheck Cond: ((id >= 5670965) AND (id <= 5671964))
	        ->  Bitmap Index Scan on sbtest2_pkey  (cost=0.00..29.83 rows=940 width=0)
	              Index Cond: ((id >= 5670965) AND (id <= 5671964))

table 3 : explain SELECT c FROM sbtest3 WHERE id BETWEEN 8041612 AND 8042611 ORDER BY c
	Sort  (cost=4000.15..4002.70 rows=1019 width=121)
	  Sort Key: c
	  ->  Bitmap Heap Scan on sbtest3  (cost=30.88..3949.24 rows=1019 width=121)
	        Recheck Cond: ((id >= 8041612) AND (id <= 8042611))
	        ->  Bitmap Index Scan on sbtest3_pkey  (cost=0.00..30.62 rows=1019 width=0)
	              Index Cond: ((id >= 8041612) AND (id <= 8042611))

table 4 : explain SELECT c FROM sbtest4 WHERE id BETWEEN 2932807 AND 2933806 ORDER BY c
	Sort  (cost=4052.56..4055.14 rows=1033 width=121)
	  Sort Key: c
	  ->  Bitmap Heap Scan on sbtest4  (cost=31.02..4000.84 rows=1033 width=121)
	        Recheck Cond: ((id >= 2932807) AND (id <= 2933806))
	        ->  Bitmap Index Scan on sbtest4_pkey  (cost=0.00..30.76 rows=1033 width=0)
	              Index Cond: ((id >= 2932807) AND (id <= 2933806))

table 5 : explain SELECT c FROM sbtest5 WHERE id BETWEEN 6538143 AND 6539142 ORDER BY c
	Sort  (cost=4101.35..4103.96 rows=1047 width=121)
	  Sort Key: c
	  ->  Bitmap Heap Scan on sbtest5  (cost=31.17..4048.83 rows=1047 width=121)
	        Recheck Cond: ((id >= 6538143) AND (id <= 6539142))
	        ->  Bitmap Index Scan on sbtest5_pkey  (cost=0.00..30.90 rows=1047 width=0)
	              Index Cond: ((id >= 6538143) AND (id <= 6539142))

table 6 : explain SELECT c FROM sbtest6 WHERE id BETWEEN 2326109 AND 2327108 ORDER BY c
	Sort  (cost=3988.28..3990.82 rows=1017 width=121)
	  Sort Key: c
	  ->  Bitmap Heap Scan on sbtest6  (cost=30.86..3937.48 rows=1017 width=121)
	        Recheck Cond: ((id >= 2326109) AND (id <= 2327108))
	        ->  Bitmap Index Scan on sbtest6_pkey  (cost=0.00..30.61 rows=1017 width=0)
	              Index Cond: ((id >= 2326109) AND (id <= 2327108))

table 7 : explain SELECT c FROM sbtest7 WHERE id BETWEEN 8494318 AND 8495317 ORDER BY c
	Sort  (cost=3778.00..3780.41 rows=961 width=121)
	  Sort Key: c
	  ->  Bitmap Heap Scan on sbtest7  (cost=30.29..3730.39 rows=961 width=121)
	        Recheck Cond: ((id >= 8494318) AND (id <= 8495317))
	        ->  Bitmap Index Scan on sbtest7_pkey  (cost=0.00..30.04 rows=961 width=0)
	              Index Cond: ((id >= 8494318) AND (id <= 8495317))

table 8 : explain SELECT c FROM sbtest8 WHERE id BETWEEN 6593795 AND 6594794 ORDER BY c
	Sort  (cost=4085.40..4088.01 rows=1043 width=121)
	  Sort Key: c
	  ->  Bitmap Heap Scan on sbtest8  (cost=31.13..4033.11 rows=1043 width=121)
	        Recheck Cond: ((id >= 6593795) AND (id <= 6594794))
	        ->  Bitmap Index Scan on sbtest8_pkey  (cost=0.00..30.86 rows=1043 width=0)
	              Index Cond: ((id >= 6593795) AND (id <= 6594794))

for: order_ranges
table 1 : explain SELECT c FROM sbtest1 WHERE id BETWEEN 9703765 AND 9704764 ORDER BY c
	Sort  (cost=3972.11..3974.65 rows=1013 width=121)
	  Sort Key: c
	  ->  Bitmap Heap Scan on sbtest1  (cost=30.82..3921.54 rows=1013 width=121)
	        Recheck Cond: ((id >= 9703765) AND (id <= 9704764))
	        ->  Bitmap Index Scan on sbtest1_pkey  (cost=0.00..30.57 rows=1013 width=0)
	              Index Cond: ((id >= 9703765) AND (id <= 9704764))

table 2 : explain SELECT c FROM sbtest2 WHERE id BETWEEN 7042451 AND 7043450 ORDER BY c
	Sort  (cost=3909.61..3912.10 rows=997 width=121)
	  Sort Key: c
	  ->  Bitmap Heap Scan on sbtest2  (cost=30.65..3859.95 rows=997 width=121)
	        Recheck Cond: ((id >= 7042451) AND (id <= 7043450))
	        ->  Bitmap Index Scan on sbtest2_pkey  (cost=0.00..30.40 rows=997 width=0)
	              Index Cond: ((id >= 7042451) AND (id <= 7043450))

table 3 : explain SELECT c FROM sbtest3 WHERE id BETWEEN 7904906 AND 7905905 ORDER BY c
	Sort  (cost=3892.77..3895.25 rows=991 width=121)
	  Sort Key: c
	  ->  Bitmap Heap Scan on sbtest3  (cost=30.59..3843.45 rows=991 width=121)
	        Recheck Cond: ((id >= 7904906) AND (id <= 7905905))
	        ->  Bitmap Index Scan on sbtest3_pkey  (cost=0.00..30.34 rows=991 width=0)
	              Index Cond: ((id >= 7904906) AND (id <= 7905905))

table 4 : explain SELECT c FROM sbtest4 WHERE id BETWEEN 1244766 AND 1245765 ORDER BY c
	Sort  (cost=3887.76..3890.23 rows=990 width=121)
	  Sort Key: c
	  ->  Bitmap Heap Scan on sbtest4  (cost=30.58..3838.50 rows=990 width=121)
	        Recheck Cond: ((id >= 1244766) AND (id <= 1245765))
	        ->  Bitmap Index Scan on sbtest4_pkey  (cost=0.00..30.33 rows=990 width=0)
	              Index Cond: ((id >= 1244766) AND (id <= 1245765))

table 5 : explain SELECT c FROM sbtest5 WHERE id BETWEEN 6367119 AND 6368118 ORDER BY c
	Sort  (cost=4170.12..4172.78 rows=1065 width=121)
	  Sort Key: c
	  ->  Bitmap Heap Scan on sbtest5  (cost=31.35..4116.56 rows=1065 width=121)
	        Recheck Cond: ((id >= 6367119) AND (id <= 6368118))
	        ->  Bitmap Index Scan on sbtest5_pkey  (cost=0.00..31.08 rows=1065 width=0)
	              Index Cond: ((id >= 6367119) AND (id <= 6368118))

table 6 : explain SELECT c FROM sbtest6 WHERE id BETWEEN 4906567 AND 4907566 ORDER BY c
	Sort  (cost=4041.85..4044.43 rows=1031 width=121)
	  Sort Key: c
	  ->  Bitmap Heap Scan on sbtest6  (cost=31.00..3990.25 rows=1031 width=121)
	        Recheck Cond: ((id >= 4906567) AND (id <= 4907566))
	        ->  Bitmap Index Scan on sbtest6_pkey  (cost=0.00..30.75 rows=1031 width=0)
	              Index Cond: ((id >= 4906567) AND (id <= 4907566))

table 7 : explain SELECT c FROM sbtest7 WHERE id BETWEEN 8013082 AND 8014081 ORDER BY c
	Sort  (cost=3989.08..3991.62 rows=1016 width=121)
	  Sort Key: c
	  ->  Bitmap Heap Scan on sbtest7  (cost=30.85..3938.33 rows=1016 width=121)
	        Recheck Cond: ((id >= 8013082) AND (id <= 8014081))
	        ->  Bitmap Index Scan on sbtest7_pkey  (cost=0.00..30.59 rows=1016 width=0)
	              Index Cond: ((id >= 8013082) AND (id <= 8014081))

table 8 : explain SELECT c FROM sbtest8 WHERE id BETWEEN 6571200 AND 6572199 ORDER BY c
	Sort  (cost=4085.40..4088.01 rows=1043 width=121)
	  Sort Key: c
	  ->  Bitmap Heap Scan on sbtest8  (cost=31.13..4033.11 rows=1043 width=121)
	        Recheck Cond: ((id >= 6571200) AND (id <= 6572199))
	        ->  Bitmap Index Scan on sbtest8_pkey  (cost=0.00..30.86 rows=1043 width=0)
	              Index Cond: ((id >= 6571200) AND (id <= 6572199))

for: order_ranges
table 1 : explain SELECT c FROM sbtest1 WHERE id BETWEEN 8397481 AND 8398480 ORDER BY c
	Sort  (cost=3515.71..3517.95 rows=895 width=121)
	  Sort Key: c
	  ->  Bitmap Heap Scan on sbtest1  (cost=25.61..3471.83 rows=895 width=121)
	        Recheck Cond: ((id >= 8397481) AND (id <= 8398480))
	        ->  Bitmap Index Scan on sbtest1_pkey  (cost=0.00..25.39 rows=895 width=0)
	              Index Cond: ((id >= 8397481) AND (id <= 8398480))

table 2 : explain SELECT c FROM sbtest2 WHERE id BETWEEN 9361946 AND 9362945 ORDER BY c
	Sort  (cost=4413.79..4416.62 rows=1130 width=121)
	  Sort Key: c
	  ->  Bitmap Heap Scan on sbtest2  (cost=32.02..4356.49 rows=1130 width=121)
	        Recheck Cond: ((id >= 9361946) AND (id <= 9362945))
	        ->  Bitmap Index Scan on sbtest2_pkey  (cost=0.00..31.73 rows=1130 width=0)
	              Index Cond: ((id >= 9361946) AND (id <= 9362945))

table 3 : explain SELECT c FROM sbtest3 WHERE id BETWEEN 7848668 AND 7849667 ORDER BY c
	Sort  (cost=4226.13..4228.83 rows=1078 width=121)
	  Sort Key: c
	  ->  Bitmap Heap Scan on sbtest3  (cost=31.48..4171.83 rows=1078 width=121)
	        Recheck Cond: ((id >= 7848668) AND (id <= 7849667))
	        ->  Bitmap Index Scan on sbtest3_pkey  (cost=0.00..31.21 rows=1078 width=0)
	              Index Cond: ((id >= 7848668) AND (id <= 7849667))

table 4 : explain SELECT c FROM sbtest4 WHERE id BETWEEN 5799685 AND 5800684 ORDER BY c
	Sort  (cost=4094.68..4097.29 rows=1044 width=121)
	  Sort Key: c
	  ->  Bitmap Heap Scan on sbtest4  (cost=31.14..4042.34 rows=1044 width=121)
	        Recheck Cond: ((id >= 5799685) AND (id <= 5800684))
	        ->  Bitmap Index Scan on sbtest4_pkey  (cost=0.00..30.87 rows=1044 width=0)
	              Index Cond: ((id >= 5799685) AND (id <= 5800684))

table 5 : explain SELECT c FROM sbtest5 WHERE id BETWEEN 6324839 AND 6325838 ORDER BY c
	Sort  (cost=4215.94..4218.63 rows=1077 width=121)
	  Sort Key: c
	  ->  Bitmap Heap Scan on sbtest5  (cost=31.47..4161.70 rows=1077 width=121)
	        Recheck Cond: ((id >= 6324839) AND (id <= 6325838))
	        ->  Bitmap Index Scan on sbtest5_pkey  (cost=0.00..31.20 rows=1077 width=0)
	              Index Cond: ((id >= 6324839) AND (id <= 6325838))

table 6 : explain SELECT c FROM sbtest6 WHERE id BETWEEN 3663157 AND 3664156 ORDER BY c
	Sort  (cost=4057.16..4059.74 rows=1035 width=121)
	  Sort Key: c
	  ->  Bitmap Heap Scan on sbtest6  (cost=31.04..4005.33 rows=1035 width=121)
	        Recheck Cond: ((id >= 3663157) AND (id <= 3664156))
	        ->  Bitmap Index Scan on sbtest6_pkey  (cost=0.00..30.79 rows=1035 width=0)
	              Index Cond: ((id >= 3663157) AND (id <= 3664156))

table 7 : explain SELECT c FROM sbtest7 WHERE id BETWEEN 79415 AND 80414 ORDER BY c
	Sort  (cost=4222.77..4225.46 rows=1077 width=121)
	  Sort Key: c
	  ->  Bitmap Heap Scan on sbtest7  (cost=31.47..4168.53 rows=1077 width=121)
	        Recheck Cond: ((id >= 79415) AND (id <= 80414))
	        ->  Bitmap Index Scan on sbtest7_pkey  (cost=0.00..31.20 rows=1077 width=0)
	              Index Cond: ((id >= 79415) AND (id <= 80414))

table 8 : explain SELECT c FROM sbtest8 WHERE id BETWEEN 9405008 AND 9406007 ORDER BY c
	Sort  (cost=3575.96..3578.24 rows=911 width=121)
	  Sort Key: c
	  ->  Bitmap Heap Scan on sbtest8  (cost=25.77..3531.18 rows=911 width=121)
	        Recheck Cond: ((id >= 9405008) AND (id <= 9406007))
	        ->  Bitmap Index Scan on sbtest8_pkey  (cost=0.00..25.54 rows=911 width=0)
	              Index Cond: ((id >= 9405008) AND (id <= 9406007))

for: distinct_ranges
table 1 : explain SELECT DISTINCT c FROM sbtest1 WHERE id BETWEEN 388605 AND 389604 ORDER BY c
	Unique  (cost=3903.21..3908.19 rows=995 width=121)
	  ->  Sort  (cost=3903.21..3905.70 rows=995 width=121)
	        Sort Key: c
	        ->  Bitmap Heap Scan on sbtest1  (cost=30.63..3853.67 rows=995 width=121)
	              Recheck Cond: ((id >= 388605) AND (id <= 389604))
	              ->  Bitmap Index Scan on sbtest1_pkey  (cost=0.00..30.39 rows=995 width=0)
	                    Index Cond: ((id >= 388605) AND (id <= 389604))

table 2 : explain SELECT DISTINCT c FROM sbtest2 WHERE id BETWEEN 9142159 AND 9143158 ORDER BY c
	Unique  (cost=3955.52..3960.57 rows=1009 width=121)
	  ->  Sort  (cost=3955.52..3958.05 rows=1009 width=121)
	        Sort Key: c
	        ->  Bitmap Heap Scan on sbtest2  (cost=30.78..3905.18 rows=1009 width=121)
	              Recheck Cond: ((id >= 9142159) AND (id <= 9143158))
	              ->  Bitmap Index Scan on sbtest2_pkey  (cost=0.00..30.52 rows=1009 width=0)
	                    Index Cond: ((id >= 9142159) AND (id <= 9143158))

table 3 : explain SELECT DISTINCT c FROM sbtest3 WHERE id BETWEEN 5764189 AND 5765188 ORDER BY c
	Unique  (cost=4026.98..4032.11 rows=1026 width=121)
	  ->  Sort  (cost=4026.98..4029.55 rows=1026 width=121)
	        Sort Key: c
	        ->  Bitmap Heap Scan on sbtest3  (cost=30.95..3975.67 rows=1026 width=121)
	              Recheck Cond: ((id >= 5764189) AND (id <= 5765188))
	              ->  Bitmap Index Scan on sbtest3_pkey  (cost=0.00..30.69 rows=1026 width=0)
	                    Index Cond: ((id >= 5764189) AND (id <= 5765188))

table 4 : explain SELECT DISTINCT c FROM sbtest4 WHERE id BETWEEN 8033541 AND 8034540 ORDER BY c
	Unique  (cost=4198.02..4203.37 rows=1071 width=121)
	  ->  Sort  (cost=4198.02..4200.70 rows=1071 width=121)
	        Sort Key: c
	        ->  Bitmap Heap Scan on sbtest4  (cost=31.41..4144.12 rows=1071 width=121)
	              Recheck Cond: ((id >= 8033541) AND (id <= 8034540))
	              ->  Bitmap Index Scan on sbtest4_pkey  (cost=0.00..31.14 rows=1071 width=0)
	                    Index Cond: ((id >= 8033541) AND (id <= 8034540))

table 5 : explain SELECT DISTINCT c FROM sbtest5 WHERE id BETWEEN 9352707 AND 9353706 ORDER BY c
	Unique  (cost=3929.26..3934.27 rows=1002 width=121)
	  ->  Sort  (cost=3929.26..3931.76 rows=1002 width=121)
	        Sort Key: c
	        ->  Bitmap Heap Scan on sbtest5  (cost=30.71..3879.31 rows=1002 width=121)
	              Recheck Cond: ((id >= 9352707) AND (id <= 9353706))
	              ->  Bitmap Index Scan on sbtest5_pkey  (cost=0.00..30.45 rows=1002 width=0)
	                    Index Cond: ((id >= 9352707) AND (id <= 9353706))

table 6 : explain SELECT DISTINCT c FROM sbtest6 WHERE id BETWEEN 4301491 AND 4302490 ORDER BY c
	Unique  (cost=3815.92..3820.78 rows=972 width=121)
	  ->  Sort  (cost=3815.92..3818.35 rows=972 width=121)
	        Sort Key: c
	        ->  Bitmap Heap Scan on sbtest6  (cost=30.40..3767.69 rows=972 width=121)
	              Recheck Cond: ((id >= 4301491) AND (id <= 4302490))
	              ->  Bitmap Index Scan on sbtest6_pkey  (cost=0.00..30.15 rows=972 width=0)
	                    Index Cond: ((id >= 4301491) AND (id <= 4302490))

table 7 : explain SELECT DISTINCT c FROM sbtest7 WHERE id BETWEEN 9043502 AND 9044501 ORDER BY c
	Unique  (cost=3701.16..3705.87 rows=941 width=121)
	  ->  Sort  (cost=3701.16..3703.51 rows=941 width=121)
	        Sort Key: c
	        ->  Bitmap Heap Scan on sbtest7  (cost=30.08..3654.69 rows=941 width=121)
	              Recheck Cond: ((id >= 9043502) AND (id <= 9044501))
	              ->  Bitmap Index Scan on sbtest7_pkey  (cost=0.00..29.84 rows=941 width=0)
	                    Index Cond: ((id >= 9043502) AND (id <= 9044501))

table 8 : explain SELECT DISTINCT c FROM sbtest8 WHERE id BETWEEN 4473062 AND 4474061 ORDER BY c
	Unique  (cost=3798.48..3803.32 rows=968 width=121)
	  ->  Sort  (cost=3798.48..3800.90 rows=968 width=121)
	        Sort Key: c
	        ->  Bitmap Heap Scan on sbtest8  (cost=30.36..3750.48 rows=968 width=121)
	              Recheck Cond: ((id >= 4473062) AND (id <= 4474061))
	              ->  Bitmap Index Scan on sbtest8_pkey  (cost=0.00..30.11 rows=968 width=0)
	                    Index Cond: ((id >= 4473062) AND (id <= 4474061))

for point_selects
table 1 : explain SELECT c FROM sbtest1 WHERE id=2755824
	Index Scan using sbtest1_pkey on sbtest1  (cost=0.43..8.45 rows=1 width=121)
	  Index Cond: (id = 2755824)

table 2 : explain SELECT c FROM sbtest2 WHERE id=270290
	Index Scan using sbtest2_pkey on sbtest2  (cost=0.43..8.45 rows=1 width=121)
	  Index Cond: (id = 270290)

table 3 : explain SELECT c FROM sbtest3 WHERE id=8499117
	Index Scan using sbtest3_pkey on sbtest3  (cost=0.43..8.45 rows=1 width=121)
	  Index Cond: (id = 8499117)

table 4 : explain SELECT c FROM sbtest4 WHERE id=9471246
	Index Scan using sbtest4_pkey on sbtest4  (cost=0.43..8.45 rows=1 width=121)
	  Index Cond: (id = 9471246)

table 5 : explain SELECT c FROM sbtest5 WHERE id=5823737
	Index Scan using sbtest5_pkey on sbtest5  (cost=0.43..8.45 rows=1 width=121)
	  Index Cond: (id = 5823737)

table 6 : explain SELECT c FROM sbtest6 WHERE id=5863159
	Index Scan using sbtest6_pkey on sbtest6  (cost=0.43..8.45 rows=1 width=121)
	  Index Cond: (id = 5863159)

table 7 : explain SELECT c FROM sbtest7 WHERE id=868183
	Index Scan using sbtest7_pkey on sbtest7  (cost=0.43..8.45 rows=1 width=121)
	  Index Cond: (id = 868183)

table 8 : explain SELECT c FROM sbtest8 WHERE id=6299057
	Index Scan using sbtest8_pkey on sbtest8  (cost=0.43..8.45 rows=1 width=121)
	  Index Cond: (id = 6299057)

for: distinct_ranges
table 1 : explain SELECT DISTINCT c FROM sbtest1 WHERE id BETWEEN 6088523 AND 6089522 ORDER BY c
	Unique  (cost=4040.98..4046.13 rows=1031 width=121)
	  ->  Sort  (cost=4040.98..4043.55 rows=1031 width=121)
	        Sort Key: c
	        ->  Bitmap Heap Scan on sbtest1  (cost=31.00..3989.37 rows=1031 width=121)
	              Recheck Cond: ((id >= 6088523) AND (id <= 6089522))
	              ->  Bitmap Index Scan on sbtest1_pkey  (cost=0.00..30.75 rows=1031 width=0)
	                    Index Cond: ((id >= 6088523) AND (id <= 6089522))

table 2 : explain SELECT DISTINCT c FROM sbtest2 WHERE id BETWEEN 9007791 AND 9008790 ORDER BY c
	Unique  (cost=3867.51..3872.44 rows=986 width=121)
	  ->  Sort  (cost=3867.51..3869.97 rows=986 width=121)
	        Sort Key: c
	        ->  Bitmap Heap Scan on sbtest2  (cost=30.54..3818.48 rows=986 width=121)
	              Recheck Cond: ((id >= 9007791) AND (id <= 9008790))
	              ->  Bitmap Index Scan on sbtest2_pkey  (cost=0.00..30.29 rows=986 width=0)
	                    Index Cond: ((id >= 9007791) AND (id <= 9008790))

table 3 : explain SELECT DISTINCT c FROM sbtest3 WHERE id BETWEEN 8890441 AND 8891440 ORDER BY c
	Unique  (cost=4011.65..4016.76 rows=1022 width=121)
	  ->  Sort  (cost=4011.65..4014.21 rows=1022 width=121)
	        Sort Key: c
	        ->  Bitmap Heap Scan on sbtest3  (cost=30.91..3960.57 rows=1022 width=121)
	              Recheck Cond: ((id >= 8890441) AND (id <= 8891440))
	              ->  Bitmap Index Scan on sbtest3_pkey  (cost=0.00..30.65 rows=1022 width=0)
	                    Index Cond: ((id >= 8890441) AND (id <= 8891440))

table 4 : explain SELECT DISTINCT c FROM sbtest4 WHERE id BETWEEN 2275132 AND 2276131 ORDER BY c
	Unique  (cost=4106.17..4111.40 rows=1047 width=121)
	  ->  Sort  (cost=4106.17..4108.78 rows=1047 width=121)
	        Sort Key: c
	        ->  Bitmap Heap Scan on sbtest4  (cost=31.17..4053.65 rows=1047 width=121)
	              Recheck Cond: ((id >= 2275132) AND (id <= 2276131))
	              ->  Bitmap Index Scan on sbtest4_pkey  (cost=0.00..30.90 rows=1047 width=0)
	                    Index Cond: ((id >= 2275132) AND (id <= 2276131))

table 5 : explain SELECT DISTINCT c FROM sbtest5 WHERE id BETWEEN 806386 AND 807385 ORDER BY c
	Unique  (cost=4402.97..4408.60 rows=1127 width=121)
	  ->  Sort  (cost=4402.97..4405.79 rows=1127 width=121)
	        Sort Key: c
	        ->  Bitmap Heap Scan on sbtest5  (cost=31.99..4345.84 rows=1127 width=121)
	              Recheck Cond: ((id >= 806386) AND (id <= 807385))
	              ->  Bitmap Index Scan on sbtest5_pkey  (cost=0.00..31.70 rows=1127 width=0)
	                    Index Cond: ((id >= 806386) AND (id <= 807385))

table 6 : explain SELECT DISTINCT c FROM sbtest6 WHERE id BETWEEN 381178 AND 382177 ORDER BY c
	Unique  (cost=3942.34..3947.37 rows=1005 width=121)
	  ->  Sort  (cost=3942.34..3944.85 rows=1005 width=121)
	        Sort Key: c
	        ->  Bitmap Heap Scan on sbtest6  (cost=30.74..3892.23 rows=1005 width=121)
	              Recheck Cond: ((id >= 381178) AND (id <= 382177))
	              ->  Bitmap Index Scan on sbtest6_pkey  (cost=0.00..30.48 rows=1005 width=0)
	                    Index Cond: ((id >= 381178) AND (id <= 382177))

table 7 : explain SELECT DISTINCT c FROM sbtest7 WHERE id BETWEEN 4036845 AND 4037844 ORDER BY c
	Unique  (cost=4341.55..4347.08 rows=1107 width=121)
	  ->  Sort  (cost=4341.55..4344.31 rows=1107 width=121)
	        Sort Key: c
	        ->  Bitmap Heap Scan on sbtest7  (cost=35.78..4285.57 rows=1107 width=121)
	              Recheck Cond: ((id >= 4036845) AND (id <= 4037844))
	              ->  Bitmap Index Scan on sbtest7_pkey  (cost=0.00..35.51 rows=1107 width=0)
	                    Index Cond: ((id >= 4036845) AND (id <= 4037844))

table 8 : explain SELECT DISTINCT c FROM sbtest8 WHERE id BETWEEN 123248 AND 124247 ORDER BY c
	Unique  (cost=4173.26..4178.59 rows=1066 width=121)
	  ->  Sort  (cost=4173.26..4175.92 rows=1066 width=121)
	        Sort Key: c
	        ->  Bitmap Heap Scan on sbtest8  (cost=31.36..4119.65 rows=1066 width=121)
	              Recheck Cond: ((id >= 123248) AND (id <= 124247))
	              ->  Bitmap Index Scan on sbtest8_pkey  (cost=0.00..31.09 rows=1066 width=0)
	                    Index Cond: ((id >= 123248) AND (id <= 124247))

for: order_ranges
table 1 : explain SELECT c FROM sbtest1 WHERE id BETWEEN 9526707 AND 9527706 ORDER BY c
	Sort  (cost=3450.39..3452.59 rows=878 width=121)
	  Sort Key: c
	  ->  Bitmap Heap Scan on sbtest1  (cost=25.43..3407.47 rows=878 width=121)
	        Recheck Cond: ((id >= 9526707) AND (id <= 9527706))
	        ->  Bitmap Index Scan on sbtest1_pkey  (cost=0.00..25.21 rows=878 width=0)
	              Index Cond: ((id >= 9526707) AND (id <= 9527706))

table 2 : explain SELECT c FROM sbtest2 WHERE id BETWEEN 9895355 AND 9896354 ORDER BY c
	Sort  (cost=3725.79..3728.16 rows=949 width=121)
	  Sort Key: c
	  ->  Bitmap Heap Scan on sbtest2  (cost=30.16..3678.86 rows=949 width=121)
	        Recheck Cond: ((id >= 9895355) AND (id <= 9896354))
	        ->  Bitmap Index Scan on sbtest2_pkey  (cost=0.00..29.93 rows=949 width=0)
	              Index Cond: ((id >= 9895355) AND (id <= 9896354))

table 3 : explain SELECT c FROM sbtest3 WHERE id BETWEEN 7465121 AND 7466120 ORDER BY c
	Sort  (cost=3750.73..3753.11 rows=954 width=121)
	  Sort Key: c
	  ->  Bitmap Heap Scan on sbtest3  (cost=30.21..3703.52 rows=954 width=121)
	        Recheck Cond: ((id >= 7465121) AND (id <= 7466120))
	        ->  Bitmap Index Scan on sbtest3_pkey  (cost=0.00..29.97 rows=954 width=0)
	              Index Cond: ((id >= 7465121) AND (id <= 7466120))

table 4 : explain SELECT c FROM sbtest4 WHERE id BETWEEN 9982424 AND 9983423 ORDER BY c
	Sort  (cost=4297.45..4300.19 rows=1097 width=121)
	  Sort Key: c
	  ->  Bitmap Heap Scan on sbtest4  (cost=31.68..4242.05 rows=1097 width=121)
	        Recheck Cond: ((id >= 9982424) AND (id <= 9983423))
	        ->  Bitmap Index Scan on sbtest4_pkey  (cost=0.00..31.40 rows=1097 width=0)
	              Index Cond: ((id >= 9982424) AND (id <= 9983423))

table 5 : explain SELECT c FROM sbtest5 WHERE id BETWEEN 177334 AND 178333 ORDER BY c
	Sort  (cost=3637.89..3640.21 rows=927 width=121)
	  Sort Key: c
	  ->  Bitmap Heap Scan on sbtest5  (cost=25.94..3592.21 rows=927 width=121)
	        Recheck Cond: ((id >= 177334) AND (id <= 178333))
	        ->  Bitmap Index Scan on sbtest5_pkey  (cost=0.00..25.70 rows=927 width=0)
	              Index Cond: ((id >= 177334) AND (id <= 178333))

table 6 : explain SELECT c FROM sbtest6 WHERE id BETWEEN 3360394 AND 3361393 ORDER BY c
	Sort  (cost=4045.68..4048.26 rows=1032 width=121)
	  Sort Key: c
	  ->  Bitmap Heap Scan on sbtest6  (cost=31.01..3994.02 rows=1032 width=121)
	        Recheck Cond: ((id >= 3360394) AND (id <= 3361393))
	        ->  Bitmap Index Scan on sbtest6_pkey  (cost=0.00..30.75 rows=1032 width=0)
	              Index Cond: ((id >= 3360394) AND (id <= 3361393))

table 7 : explain SELECT c FROM sbtest7 WHERE id BETWEEN 3068691 AND 3069690 ORDER BY c
	Sort  (cost=4249.56..4252.27 rows=1084 width=121)
	  Sort Key: c
	  ->  Bitmap Heap Scan on sbtest7  (cost=31.55..4194.91 rows=1084 width=121)
	        Recheck Cond: ((id >= 3068691) AND (id <= 3069690))
	        ->  Bitmap Index Scan on sbtest7_pkey  (cost=0.00..31.27 rows=1084 width=0)
	              Index Cond: ((id >= 3068691) AND (id <= 3069690))

table 8 : explain SELECT c FROM sbtest8 WHERE id BETWEEN 7556987 AND 7557986 ORDER BY c
	Sort  (cost=4020.43..4022.99 rows=1026 width=121)
	  Sort Key: c
	  ->  Bitmap Heap Scan on sbtest8  (cost=30.95..3969.11 rows=1026 width=121)
	        Recheck Cond: ((id >= 7556987) AND (id <= 7557986))
	        ->  Bitmap Index Scan on sbtest8_pkey  (cost=0.00..30.69 rows=1026 width=0)
	              Index Cond: ((id >= 7556987) AND (id <= 7557986))

for: distinct_ranges
table 1 : explain SELECT DISTINCT c FROM sbtest1 WHERE id BETWEEN 2098745 AND 2099744 ORDER BY c
	Unique  (cost=3884.07..3889.02 rows=990 width=121)
	  ->  Sort  (cost=3884.07..3886.54 rows=990 width=121)
	        Sort Key: c
	        ->  Bitmap Heap Scan on sbtest1  (cost=30.58..3834.81 rows=990 width=121)
	              Recheck Cond: ((id >= 2098745) AND (id <= 2099744))
	              ->  Bitmap Index Scan on sbtest1_pkey  (cost=0.00..30.33 rows=990 width=0)
	                    Index Cond: ((id >= 2098745) AND (id <= 2099744))

table 2 : explain SELECT DISTINCT c FROM sbtest2 WHERE id BETWEEN 7248445 AND 7249444 ORDER BY c
	Unique  (cost=4345.09..4350.64 rows=1111 width=121)
	  ->  Sort  (cost=4345.09..4347.87 rows=1111 width=121)
	        Sort Key: c
	        ->  Bitmap Heap Scan on sbtest2  (cost=31.82..4288.89 rows=1111 width=121)
	              Recheck Cond: ((id >= 7248445) AND (id <= 7249444))
	              ->  Bitmap Index Scan on sbtest2_pkey  (cost=0.00..31.54 rows=1111 width=0)
	                    Index Cond: ((id >= 7248445) AND (id <= 7249444))

table 3 : explain SELECT DISTINCT c FROM sbtest3 WHERE id BETWEEN 4080596 AND 4081595 ORDER BY c
	Unique  (cost=4310.47..4315.96 rows=1099 width=121)
	  ->  Sort  (cost=4310.47..4313.22 rows=1099 width=121)
	        Sort Key: c
	        ->  Bitmap Heap Scan on sbtest3  (cost=35.70..4254.96 rows=1099 width=121)
	              Recheck Cond: ((id >= 4080596) AND (id <= 4081595))
	              ->  Bitmap Index Scan on sbtest3_pkey  (cost=0.00..35.43 rows=1099 width=0)
	                    Index Cond: ((id >= 4080596) AND (id <= 4081595))

table 4 : explain SELECT DISTINCT c FROM sbtest4 WHERE id BETWEEN 9632162 AND 9633161 ORDER BY c
	Unique  (cost=3987.43..3992.51 rows=1016 width=121)
	  ->  Sort  (cost=3987.43..3989.97 rows=1016 width=121)
	        Sort Key: c
	        ->  Bitmap Heap Scan on sbtest4  (cost=30.85..3936.69 rows=1016 width=121)
	              Recheck Cond: ((id >= 9632162) AND (id <= 9633161))
	              ->  Bitmap Index Scan on sbtest4_pkey  (cost=0.00..30.59 rows=1016 width=0)
	                    Index Cond: ((id >= 9632162) AND (id <= 9633161))

table 5 : explain SELECT DISTINCT c FROM sbtest5 WHERE id BETWEEN 2642622 AND 2643621 ORDER BY c
	Unique  (cost=4162.48..4167.79 rows=1063 width=121)
	  ->  Sort  (cost=4162.48..4165.13 rows=1063 width=121)
	        Sort Key: c
	        ->  Bitmap Heap Scan on sbtest5  (cost=31.33..4109.04 rows=1063 width=121)
	              Recheck Cond: ((id >= 2642622) AND (id <= 2643621))
	              ->  Bitmap Index Scan on sbtest5_pkey  (cost=0.00..31.07 rows=1063 width=0)
	                    Index Cond: ((id >= 2642622) AND (id <= 2643621))

table 6 : explain SELECT DISTINCT c FROM sbtest6 WHERE id BETWEEN 8974012 AND 8975011 ORDER BY c
	Unique  (cost=4133.64..4138.92 rows=1055 width=121)
	  ->  Sort  (cost=4133.64..4136.28 rows=1055 width=121)
	        Sort Key: c
	        ->  Bitmap Heap Scan on sbtest6  (cost=31.25..4080.67 rows=1055 width=121)
	              Recheck Cond: ((id >= 8974012) AND (id <= 8975011))
	              ->  Bitmap Index Scan on sbtest6_pkey  (cost=0.00..30.98 rows=1055 width=0)
	                    Index Cond: ((id >= 8974012) AND (id <= 8975011))

table 7 : explain SELECT DISTINCT c FROM sbtest7 WHERE id BETWEEN 8428404 AND 8429403 ORDER BY c
	Unique  (cost=4088.73..4093.94 rows=1042 width=121)
	  ->  Sort  (cost=4088.73..4091.34 rows=1042 width=121)
	        Sort Key: c
	        ->  Bitmap Heap Scan on sbtest7  (cost=31.12..4036.50 rows=1042 width=121)
	              Recheck Cond: ((id >= 8428404) AND (id <= 8429403))
	              ->  Bitmap Index Scan on sbtest7_pkey  (cost=0.00..30.86 rows=1042 width=0)
	                    Index Cond: ((id >= 8428404) AND (id <= 8429403))

table 8 : explain SELECT DISTINCT c FROM sbtest8 WHERE id BETWEEN 39500 AND 40499 ORDER BY c
	Unique  (cost=3702.69..3707.41 rows=943 width=121)
	  ->  Sort  (cost=3702.69..3705.05 rows=943 width=121)
	        Sort Key: c
	        ->  Bitmap Heap Scan on sbtest8  (cost=30.10..3656.10 rows=943 width=121)
	              Recheck Cond: ((id >= 39500) AND (id <= 40499))
	              ->  Bitmap Index Scan on sbtest8_pkey  (cost=0.00..29.86 rows=943 width=0)
	                    Index Cond: ((id >= 39500) AND (id <= 40499))

for: distinct_ranges
table 1 : explain SELECT DISTINCT c FROM sbtest1 WHERE id BETWEEN 3686256 AND 3687255 ORDER BY c
	Unique  (cost=3941.50..3946.52 rows=1005 width=121)
	  ->  Sort  (cost=3941.50..3944.01 rows=1005 width=121)
	        Sort Key: c
	        ->  Bitmap Heap Scan on sbtest1  (cost=30.74..3891.38 rows=1005 width=121)
	              Recheck Cond: ((id >= 3686256) AND (id <= 3687255))
	              ->  Bitmap Index Scan on sbtest1_pkey  (cost=0.00..30.48 rows=1005 width=0)
	                    Index Cond: ((id >= 3686256) AND (id <= 3687255))

table 2 : explain SELECT DISTINCT c FROM sbtest2 WHERE id BETWEEN 6427539 AND 6428538 ORDER BY c
	Unique  (cost=3974.65..3979.72 rows=1014 width=121)
	  ->  Sort  (cost=3974.65..3977.18 rows=1014 width=121)
	        Sort Key: c
	        ->  Bitmap Heap Scan on sbtest2  (cost=30.83..3924.02 rows=1014 width=121)
	              Recheck Cond: ((id >= 6427539) AND (id <= 6428538))
	              ->  Bitmap Index Scan on sbtest2_pkey  (cost=0.00..30.57 rows=1014 width=0)
	                    Index Cond: ((id >= 6427539) AND (id <= 6428538))

table 3 : explain SELECT DISTINCT c FROM sbtest3 WHERE id BETWEEN 1199843 AND 1200842 ORDER BY c
	Unique  (cost=3934.97..3939.98 rows=1002 width=121)
	  ->  Sort  (cost=3934.97..3937.47 rows=1002 width=121)
	        Sort Key: c
	        ->  Bitmap Heap Scan on sbtest3  (cost=30.71..3885.02 rows=1002 width=121)
	              Recheck Cond: ((id >= 1199843) AND (id <= 1200842))
	              ->  Bitmap Index Scan on sbtest3_pkey  (cost=0.00..30.45 rows=1002 width=0)
	                    Index Cond: ((id >= 1199843) AND (id <= 1200842))

table 4 : explain SELECT DISTINCT c FROM sbtest4 WHERE id BETWEEN 1325551 AND 1326550 ORDER BY c
	Unique  (cost=3568.88..3573.42 rows=908 width=121)
	  ->  Sort  (cost=3568.88..3571.15 rows=908 width=121)
	        Sort Key: c
	        ->  Bitmap Heap Scan on sbtest4  (cost=25.74..3524.26 rows=908 width=121)
	              Recheck Cond: ((id >= 1325551) AND (id <= 1326550))
	              ->  Bitmap Index Scan on sbtest4_pkey  (cost=0.00..25.51 rows=908 width=0)
	                    Index Cond: ((id >= 1325551) AND (id <= 1326550))

table 5 : explain SELECT DISTINCT c FROM sbtest5 WHERE id BETWEEN 1229353 AND 1230352 ORDER BY c
	Unique  (cost=3603.36..3607.95 rows=918 width=121)
	  ->  Sort  (cost=3603.36..3605.66 rows=918 width=121)
	        Sort Key: c
	        ->  Bitmap Heap Scan on sbtest5  (cost=25.84..3558.19 rows=918 width=121)
	              Recheck Cond: ((id >= 1229353) AND (id <= 1230352))
	              ->  Bitmap Index Scan on sbtest5_pkey  (cost=0.00..25.61 rows=918 width=0)
	                    Index Cond: ((id >= 1229353) AND (id <= 1230352))

table 6 : explain SELECT DISTINCT c FROM sbtest6 WHERE id BETWEEN 2913859 AND 2914858 ORDER BY c
	Unique  (cost=3773.75..3778.56 rows=961 width=121)
	  ->  Sort  (cost=3773.75..3776.15 rows=961 width=121)
	        Sort Key: c
	        ->  Bitmap Heap Scan on sbtest6  (cost=30.29..3726.14 rows=961 width=121)
	              Recheck Cond: ((id >= 2913859) AND (id <= 2914858))
	              ->  Bitmap Index Scan on sbtest6_pkey  (cost=0.00..30.04 rows=961 width=0)
	                    Index Cond: ((id >= 2913859) AND (id <= 2914858))

table 7 : explain SELECT DISTINCT c FROM sbtest7 WHERE id BETWEEN 8981271 AND 8982270 ORDER BY c
	Unique  (cost=3701.16..3705.87 rows=941 width=121)
	  ->  Sort  (cost=3701.16..3703.51 rows=941 width=121)
	        Sort Key: c
	        ->  Bitmap Heap Scan on sbtest7  (cost=30.08..3654.69 rows=941 width=121)
	              Recheck Cond: ((id >= 8981271) AND (id <= 8982270))
	              ->  Bitmap Index Scan on sbtest7_pkey  (cost=0.00..29.84 rows=941 width=0)
	                    Index Cond: ((id >= 8981271) AND (id <= 8982270))

table 8 : explain SELECT DISTINCT c FROM sbtest8 WHERE id BETWEEN 4786905 AND 4787904 ORDER BY c
	Unique  (cost=4093.04..4098.27 rows=1045 width=121)
	  ->  Sort  (cost=4093.04..4095.66 rows=1045 width=121)
	        Sort Key: c
	        ->  Bitmap Heap Scan on sbtest8  (cost=31.15..4040.64 rows=1045 width=121)
	              Recheck Cond: ((id >= 4786905) AND (id <= 4787904))
	              ->  Bitmap Index Scan on sbtest8_pkey  (cost=0.00..30.89 rows=1045 width=0)
	                    Index Cond: ((id >= 4786905) AND (id <= 4787904))

for: simple_ranges
table 1 : explain SELECT c FROM sbtest1 WHERE id BETWEEN 3915310 AND 3916309
	Bitmap Heap Scan on sbtest1  (cost=25.81..3547.50 rows=915 width=121)
	  Recheck Cond: ((id >= 3915310) AND (id <= 3916309))
	  ->  Bitmap Index Scan on sbtest1_pkey  (cost=0.00..25.58 rows=915 width=0)
	        Index Cond: ((id >= 3915310) AND (id <= 3916309))

table 2 : explain SELECT c FROM sbtest2 WHERE id BETWEEN 8313215 AND 8314214
	Bitmap Heap Scan on sbtest2  (cost=30.35..3746.80 rows=967 width=121)
	  Recheck Cond: ((id >= 8313215) AND (id <= 8314214))
	  ->  Bitmap Index Scan on sbtest2_pkey  (cost=0.00..30.11 rows=967 width=0)
	        Index Cond: ((id >= 8313215) AND (id <= 8314214))

table 3 : explain SELECT c FROM sbtest3 WHERE id BETWEEN 2365791 AND 2366790
	Bitmap Heap Scan on sbtest3  (cost=30.97..3983.22 rows=1028 width=121)
	  Recheck Cond: ((id >= 2365791) AND (id <= 2366790))
	  ->  Bitmap Index Scan on sbtest3_pkey  (cost=0.00..30.71 rows=1028 width=0)
	        Index Cond: ((id >= 2365791) AND (id <= 2366790))

table 4 : explain SELECT c FROM sbtest4 WHERE id BETWEEN 5715578 AND 5716577
	Bitmap Heap Scan on sbtest4  (cost=31.30..4102.66 rows=1060 width=121)
	  Recheck Cond: ((id >= 5715578) AND (id <= 5716577))
	  ->  Bitmap Index Scan on sbtest4_pkey  (cost=0.00..31.04 rows=1060 width=0)
	        Index Cond: ((id >= 5715578) AND (id <= 5716577))

table 5 : explain SELECT c FROM sbtest5 WHERE id BETWEEN 2926 AND 3925
	Bitmap Heap Scan on sbtest5  (cost=25.74..3520.37 rows=908 width=121)
	  Recheck Cond: ((id >= 2926) AND (id <= 3925))
	  ->  Bitmap Index Scan on sbtest5_pkey  (cost=0.00..25.51 rows=908 width=0)
	        Index Cond: ((id >= 2926) AND (id <= 3925))

table 6 : explain SELECT c FROM sbtest6 WHERE id BETWEEN 2354996 AND 2355995
	Bitmap Heap Scan on sbtest6  (cost=30.86..3937.48 rows=1017 width=121)
	  Recheck Cond: ((id >= 2354996) AND (id <= 2355995))
	  ->  Bitmap Index Scan on sbtest6_pkey  (cost=0.00..30.61 rows=1017 width=0)
	        Index Cond: ((id >= 2354996) AND (id <= 2355995))

table 7 : explain SELECT c FROM sbtest7 WHERE id BETWEEN 7365500 AND 7366499
	Bitmap Heap Scan on sbtest7  (cost=31.17..4055.37 rows=1047 width=121)
	  Recheck Cond: ((id >= 7365500) AND (id <= 7366499))
	  ->  Bitmap Index Scan on sbtest7_pkey  (cost=0.00..30.90 rows=1047 width=0)
	        Index Cond: ((id >= 7365500) AND (id <= 7366499))

table 8 : explain SELECT c FROM sbtest8 WHERE id BETWEEN 9458111 AND 9459110
	Bitmap Heap Scan on sbtest8  (cost=29.88..3572.98 rows=921 width=121)
	  Recheck Cond: ((id >= 9458111) AND (id <= 9459110))
	  ->  Bitmap Index Scan on sbtest8_pkey  (cost=0.00..29.64 rows=921 width=0)
	        Index Cond: ((id >= 9458111) AND (id <= 9459110))

for: distinct_ranges
table 1 : explain SELECT DISTINCT c FROM sbtest1 WHERE id BETWEEN 241743 AND 242742 ORDER BY c
	Unique  (cost=3987.42..3992.50 rows=1017 width=121)
	  ->  Sort  (cost=3987.42..3989.96 rows=1017 width=121)
	        Sort Key: c
	        ->  Bitmap Heap Scan on sbtest1  (cost=30.86..3936.62 rows=1017 width=121)
	              Recheck Cond: ((id >= 241743) AND (id <= 242742))
	              ->  Bitmap Index Scan on sbtest1_pkey  (cost=0.00..30.61 rows=1017 width=0)
	                    Index Cond: ((id >= 241743) AND (id <= 242742))

table 2 : explain SELECT DISTINCT c FROM sbtest2 WHERE id BETWEEN 6257229 AND 6258228 ORDER BY c
	Unique  (cost=4051.12..4056.29 rows=1034 width=121)
	  ->  Sort  (cost=4051.12..4053.70 rows=1034 width=121)
	        Sort Key: c
	        ->  Bitmap Heap Scan on sbtest2  (cost=31.03..3999.35 rows=1034 width=121)
	              Recheck Cond: ((id >= 6257229) AND (id <= 6258228))
	              ->  Bitmap Index Scan on sbtest2_pkey  (cost=0.00..30.77 rows=1034 width=0)
	                    Index Cond: ((id >= 6257229) AND (id <= 6258228))

table 3 : explain SELECT DISTINCT c FROM sbtest3 WHERE id BETWEEN 3913501 AND 3914500 ORDER BY c
	Unique  (cost=3735.36..3740.11 rows=950 width=121)
	  ->  Sort  (cost=3735.36..3737.74 rows=950 width=121)
	        Sort Key: c
	        ->  Bitmap Heap Scan on sbtest3  (cost=30.17..3688.38 rows=950 width=121)
	              Recheck Cond: ((id >= 3913501) AND (id <= 3914500))
	              ->  Bitmap Index Scan on sbtest3_pkey  (cost=0.00..29.93 rows=950 width=0)
	                    Index Cond: ((id >= 3913501) AND (id <= 3914500))

table 4 : explain SELECT DISTINCT c FROM sbtest4 WHERE id BETWEEN 1123816 AND 1124815 ORDER BY c
	Unique  (cost=4029.57..4034.71 rows=1027 width=121)
	  ->  Sort  (cost=4029.57..4032.14 rows=1027 width=121)
	        Sort Key: c
	        ->  Bitmap Heap Scan on sbtest4  (cost=30.96..3978.20 rows=1027 width=121)
	              Recheck Cond: ((id >= 1123816) AND (id <= 1124815))
	              ->  Bitmap Index Scan on sbtest4_pkey  (cost=0.00..30.70 rows=1027 width=0)
	                    Index Cond: ((id >= 1123816) AND (id <= 1124815))

table 5 : explain SELECT DISTINCT c FROM sbtest5 WHERE id BETWEEN 2475349 AND 2476348 ORDER BY c
	Unique  (cost=3706.92..3711.65 rows=945 width=121)
	  ->  Sort  (cost=3706.92..3709.29 rows=945 width=121)
	        Sort Key: c
	        ->  Bitmap Heap Scan on sbtest5  (cost=26.12..3660.22 rows=945 width=121)
	              Recheck Cond: ((id >= 2475349) AND (id <= 2476348))
	              ->  Bitmap Index Scan on sbtest5_pkey  (cost=0.00..25.89 rows=945 width=0)
	                    Index Cond: ((id >= 2475349) AND (id <= 2476348))

table 6 : explain SELECT DISTINCT c FROM sbtest6 WHERE id BETWEEN 8356878 AND 8357877 ORDER BY c
	Unique  (cost=3385.71..3390.01 rows=861 width=121)
	  ->  Sort  (cost=3385.71..3387.86 rows=861 width=121)
	        Sort Key: c
	        ->  Bitmap Heap Scan on sbtest6  (cost=25.26..3343.73 rows=861 width=121)
	              Recheck Cond: ((id >= 8356878) AND (id <= 8357877))
	              ->  Bitmap Index Scan on sbtest6_pkey  (cost=0.00..25.04 rows=861 width=0)
	                    Index Cond: ((id >= 8356878) AND (id <= 8357877))

table 7 : explain SELECT DISTINCT c FROM sbtest7 WHERE id BETWEEN 9706899 AND 9707898 ORDER BY c
	Unique  (cost=3531.94..3536.43 rows=897 width=121)
	  ->  Sort  (cost=3531.94..3534.18 rows=897 width=121)
	        Sort Key: c
	        ->  Bitmap Heap Scan on sbtest7  (cost=29.63..3487.95 rows=897 width=121)
	              Recheck Cond: ((id >= 9706899) AND (id <= 9707898))
	              ->  Bitmap Index Scan on sbtest7_pkey  (cost=0.00..29.40 rows=897 width=0)
	                    Index Cond: ((id >= 9706899) AND (id <= 9707898))

table 8 : explain SELECT DISTINCT c FROM sbtest8 WHERE id BETWEEN 3017579 AND 3018578 ORDER BY c
	Unique  (cost=4104.51..4109.75 rows=1048 width=121)
	  ->  Sort  (cost=4104.51..4107.13 rows=1048 width=121)
	        Sort Key: c
	        ->  Bitmap Heap Scan on sbtest8  (cost=31.18..4051.93 rows=1048 width=121)
	              Recheck Cond: ((id >= 3017579) AND (id <= 3018578))
	              ->  Bitmap Index Scan on sbtest8_pkey  (cost=0.00..30.91 rows=1048 width=0)
	                    Index Cond: ((id >= 3017579) AND (id <= 3018578))

for: sum_ranges
table 1 : explain SELECT SUM(k) FROM sbtest1 WHERE id BETWEEN 2544196 AND 2545195
	Aggregate  (cost=3791.97..3791.98 rows=1 width=8)
	  ->  Bitmap Heap Scan on sbtest1  (cost=30.46..3789.53 rows=978 width=4)
	        Recheck Cond: ((id >= 2544196) AND (id <= 2545195))
	        ->  Bitmap Index Scan on sbtest1_pkey  (cost=0.00..30.21 rows=978 width=0)
	              Index Cond: ((id >= 2544196) AND (id <= 2545195))

table 2 : explain SELECT SUM(k) FROM sbtest2 WHERE id BETWEEN 2586984 AND 2587983
	Aggregate  (cost=3749.22..3749.23 rows=1 width=8)
	  ->  Bitmap Heap Scan on sbtest2  (cost=30.35..3746.80 rows=967 width=4)
	        Recheck Cond: ((id >= 2586984) AND (id <= 2587983))
	        ->  Bitmap Index Scan on sbtest2_pkey  (cost=0.00..30.11 rows=967 width=0)
	              Index Cond: ((id >= 2586984) AND (id <= 2587983))

table 3 : explain SELECT SUM(k) FROM sbtest3 WHERE id BETWEEN 5721172 AND 5722171
	Aggregate  (cost=3978.23..3978.24 rows=1 width=8)
	  ->  Bitmap Heap Scan on sbtest3  (cost=30.95..3975.67 rows=1026 width=4)
	        Recheck Cond: ((id >= 5721172) AND (id <= 5722171))
	        ->  Bitmap Index Scan on sbtest3_pkey  (cost=0.00..30.69 rows=1026 width=0)
	              Index Cond: ((id >= 5721172) AND (id <= 5722171))

table 4 : explain SELECT SUM(k) FROM sbtest4 WHERE id BETWEEN 8214057 AND 8215056
	Aggregate  (cost=3901.45..3901.46 rows=1 width=8)
	  ->  Bitmap Heap Scan on sbtest4  (cost=30.75..3898.93 rows=1006 width=4)
	        Recheck Cond: ((id >= 8214057) AND (id <= 8215056))
	        ->  Bitmap Index Scan on sbtest4_pkey  (cost=0.00..30.50 rows=1006 width=0)
	              Index Cond: ((id >= 8214057) AND (id <= 8215056))

table 5 : explain SELECT SUM(k) FROM sbtest5 WHERE id BETWEEN 5364429 AND 5365428
	Aggregate  (cost=4277.23..4277.24 rows=1 width=8)
	  ->  Bitmap Heap Scan on sbtest5  (cost=31.78..4274.46 rows=1107 width=4)
	        Recheck Cond: ((id >= 5364429) AND (id <= 5365428))
	        ->  Bitmap Index Scan on sbtest5_pkey  (cost=0.00..31.50 rows=1107 width=0)
	              Index Cond: ((id >= 5364429) AND (id <= 5365428))

table 6 : explain SELECT SUM(k) FROM sbtest6 WHERE id BETWEEN 8475273 AND 8476272
	Aggregate  (cost=3747.44..3747.45 rows=1 width=8)
	  ->  Bitmap Heap Scan on sbtest6  (cost=30.34..3745.03 rows=966 width=4)
	        Recheck Cond: ((id >= 8475273) AND (id <= 8476272))
	        ->  Bitmap Index Scan on sbtest6_pkey  (cost=0.00..30.09 rows=966 width=0)
	              Index Cond: ((id >= 8475273) AND (id <= 8476272))

table 7 : explain SELECT SUM(k) FROM sbtest7 WHERE id BETWEEN 5146988 AND 5147987
	Aggregate  (cost=4080.64..4080.65 rows=1 width=8)
	  ->  Bitmap Heap Scan on sbtest7  (cost=31.23..4078.01 rows=1053 width=4)
	        Recheck Cond: ((id >= 5146988) AND (id <= 5147987))
	        ->  Bitmap Index Scan on sbtest7_pkey  (cost=0.00..30.96 rows=1053 width=0)
	              Index Cond: ((id >= 5146988) AND (id <= 5147987))

table 8 : explain SELECT SUM(k) FROM sbtest8 WHERE id BETWEEN 1636614 AND 1637613
	Aggregate  (cost=3658.46..3658.47 rows=1 width=8)
	  ->  Bitmap Heap Scan on sbtest8  (cost=30.10..3656.10 rows=943 width=4)
	        Recheck Cond: ((id >= 1636614) AND (id <= 1637613))
	        ->  Bitmap Index Scan on sbtest8_pkey  (cost=0.00..29.86 rows=943 width=0)
	              Index Cond: ((id >= 1636614) AND (id <= 1637613))

for: distinct_ranges
table 1 : explain SELECT DISTINCT c FROM sbtest1 WHERE id BETWEEN 3992975 AND 3993974 ORDER BY c
	Unique  (cost=3592.51..3597.09 rows=915 width=121)
	  ->  Sort  (cost=3592.51..3594.80 rows=915 width=121)
	        Sort Key: c
	        ->  Bitmap Heap Scan on sbtest1  (cost=25.81..3547.50 rows=915 width=121)
	              Recheck Cond: ((id >= 3992975) AND (id <= 3993974))
	              ->  Bitmap Index Scan on sbtest1_pkey  (cost=0.00..25.58 rows=915 width=0)
	                    Index Cond: ((id >= 3992975) AND (id <= 3993974))

table 2 : explain SELECT DISTINCT c FROM sbtest2 WHERE id BETWEEN 2676646 AND 2677645 ORDER BY c
	Unique  (cost=3729.62..3734.37 rows=950 width=121)
	  ->  Sort  (cost=3729.62..3731.99 rows=950 width=121)
	        Sort Key: c
	        ->  Bitmap Heap Scan on sbtest2  (cost=30.17..3682.63 rows=950 width=121)
	              Recheck Cond: ((id >= 2676646) AND (id <= 2677645))
	              ->  Bitmap Index Scan on sbtest2_pkey  (cost=0.00..29.93 rows=950 width=0)
	                    Index Cond: ((id >= 2676646) AND (id <= 2677645))

table 3 : explain SELECT DISTINCT c FROM sbtest3 WHERE id BETWEEN 8465462 AND 8466461 ORDER BY c
	Unique  (cost=3696.94..3701.64 rows=940 width=121)
	  ->  Sort  (cost=3696.94..3699.29 rows=940 width=121)
	        Sort Key: c
	        ->  Bitmap Heap Scan on sbtest3  (cost=30.07..3650.52 rows=940 width=121)
	              Recheck Cond: ((id >= 8465462) AND (id <= 8466461))
	              ->  Bitmap Index Scan on sbtest3_pkey  (cost=0.00..29.83 rows=940 width=0)
	                    Index Cond: ((id >= 8465462) AND (id <= 8466461))

table 4 : explain SELECT DISTINCT c FROM sbtest4 WHERE id BETWEEN 8122298 AND 8123297 ORDER BY c
	Unique  (cost=3845.56..3850.46 rows=979 width=121)
	  ->  Sort  (cost=3845.56..3848.01 rows=979 width=121)
	        Sort Key: c
	        ->  Bitmap Heap Scan on sbtest4  (cost=30.47..3796.93 rows=979 width=121)
	              Recheck Cond: ((id >= 8122298) AND (id <= 8123297))
	              ->  Bitmap Index Scan on sbtest4_pkey  (cost=0.00..30.22 rows=979 width=0)
	                    Index Cond: ((id >= 8122298) AND (id <= 8123297))

table 5 : explain SELECT DISTINCT c FROM sbtest5 WHERE id BETWEEN 3501803 AND 3502802 ORDER BY c
	Unique  (cost=3875.67..3880.61 rows=988 width=121)
	  ->  Sort  (cost=3875.67..3878.14 rows=988 width=121)
	        Sort Key: c
	        ->  Bitmap Heap Scan on sbtest5  (cost=30.56..3826.52 rows=988 width=121)
	              Recheck Cond: ((id >= 3501803) AND (id <= 3502802))
	              ->  Bitmap Index Scan on sbtest5_pkey  (cost=0.00..30.32 rows=988 width=0)
	                    Index Cond: ((id >= 3501803) AND (id <= 3502802))

table 6 : explain SELECT DISTINCT c FROM sbtest6 WHERE id BETWEEN 8245131 AND 8246130 ORDER BY c
	Unique  (cost=4133.64..4138.92 rows=1055 width=121)
	  ->  Sort  (cost=4133.64..4136.28 rows=1055 width=121)
	        Sort Key: c
	        ->  Bitmap Heap Scan on sbtest6  (cost=31.25..4080.67 rows=1055 width=121)
	              Recheck Cond: ((id >= 8245131) AND (id <= 8246130))
	              ->  Bitmap Index Scan on sbtest6_pkey  (cost=0.00..30.98 rows=1055 width=0)
	                    Index Cond: ((id >= 8245131) AND (id <= 8246130))

table 7 : explain SELECT DISTINCT c FROM sbtest7 WHERE id BETWEEN 4539593 AND 4540592 ORDER BY c
	Unique  (cost=3881.67..3886.61 rows=988 width=121)
	  ->  Sort  (cost=3881.67..3884.14 rows=988 width=121)
	        Sort Key: c
	        ->  Bitmap Heap Scan on sbtest7  (cost=30.56..3832.52 rows=988 width=121)
	              Recheck Cond: ((id >= 4539593) AND (id <= 4540592))
	              ->  Bitmap Index Scan on sbtest7_pkey  (cost=0.00..30.32 rows=988 width=0)
	                    Index Cond: ((id >= 4539593) AND (id <= 4540592))

table 8 : explain SELECT DISTINCT c FROM sbtest8 WHERE id BETWEEN 4316868 AND 4317867 ORDER BY c
	Unique  (cost=3859.75..3864.67 rows=984 width=121)
	  ->  Sort  (cost=3859.75..3862.21 rows=984 width=121)
	        Sort Key: c
	        ->  Bitmap Heap Scan on sbtest8  (cost=30.52..3810.83 rows=984 width=121)
	              Recheck Cond: ((id >= 4316868) AND (id <= 4317867))
	              ->  Bitmap Index Scan on sbtest8_pkey  (cost=0.00..30.27 rows=984 width=0)
	                    Index Cond: ((id >= 4316868) AND (id <= 4317867))

for: order_ranges
table 1 : explain SELECT c FROM sbtest1 WHERE id BETWEEN 8619806 AND 8620805 ORDER BY c
	Sort  (cost=3849.60..3852.05 rows=981 width=121)
	  Sort Key: c
	  ->  Bitmap Heap Scan on sbtest1  (cost=30.49..3800.85 rows=981 width=121)
	        Recheck Cond: ((id >= 8619806) AND (id <= 8620805))
	        ->  Bitmap Index Scan on sbtest1_pkey  (cost=0.00..30.25 rows=981 width=0)
	              Index Cond: ((id >= 8619806) AND (id <= 8620805))

table 2 : explain SELECT c FROM sbtest2 WHERE id BETWEEN 1984679 AND 1985678 ORDER BY c
	Sort  (cost=3886.65..3889.13 rows=991 width=121)
	  Sort Key: c
	  ->  Bitmap Heap Scan on sbtest2  (cost=30.59..3837.33 rows=991 width=121)
	        Recheck Cond: ((id >= 1984679) AND (id <= 1985678))
	        ->  Bitmap Index Scan on sbtest2_pkey  (cost=0.00..30.34 rows=991 width=0)
	              Index Cond: ((id >= 1984679) AND (id <= 1985678))

table 3 : explain SELECT c FROM sbtest3 WHERE id BETWEEN 510117 AND 511116 ORDER BY c
	Sort  (cost=4084.46..4087.06 rows=1041 width=121)
	  Sort Key: c
	  ->  Bitmap Heap Scan on sbtest3  (cost=31.11..4032.29 rows=1041 width=121)
	        Recheck Cond: ((id >= 510117) AND (id <= 511116))
	        ->  Bitmap Index Scan on sbtest3_pkey  (cost=0.00..30.84 rows=1041 width=0)
	              Index Cond: ((id >= 510117) AND (id <= 511116))

table 4 : explain SELECT c FROM sbtest4 WHERE id BETWEEN 8257260 AND 8258259 ORDER BY c
	Sort  (cost=3949.10..3951.62 rows=1006 width=121)
	  Sort Key: c
	  ->  Bitmap Heap Scan on sbtest4  (cost=30.75..3898.93 rows=1006 width=121)
	        Recheck Cond: ((id >= 8257260) AND (id <= 8258259))
	        ->  Bitmap Index Scan on sbtest4_pkey  (cost=0.00..30.50 rows=1006 width=0)
	              Index Cond: ((id >= 8257260) AND (id <= 8258259))

table 5 : explain SELECT c FROM sbtest5 WHERE id BETWEEN 8942106 AND 8943105 ORDER BY c
	Sort  (cost=3841.20..3843.65 rows=979 width=121)
	  Sort Key: c
	  ->  Bitmap Heap Scan on sbtest5  (cost=30.47..3792.57 rows=979 width=121)
	        Recheck Cond: ((id >= 8942106) AND (id <= 8943105))
	        ->  Bitmap Index Scan on sbtest5_pkey  (cost=0.00..30.22 rows=979 width=0)
	              Index Cond: ((id >= 8942106) AND (id <= 8943105))

table 6 : explain SELECT c FROM sbtest6 WHERE id BETWEEN 509424 AND 510423 ORDER BY c
	Sort  (cost=3965.31..3967.84 rows=1011 width=121)
	  Sort Key: c
	  ->  Bitmap Heap Scan on sbtest6  (cost=30.80..3914.86 rows=1011 width=121)
	        Recheck Cond: ((id >= 509424) AND (id <= 510423))
	        ->  Bitmap Index Scan on sbtest6_pkey  (cost=0.00..30.54 rows=1011 width=0)
	              Index Cond: ((id >= 509424) AND (id <= 510423))

table 7 : explain SELECT c FROM sbtest7 WHERE id BETWEEN 8843931 AND 8844930 ORDER BY c
	Sort  (cost=3850.96..3853.41 rows=980 width=121)
	  Sort Key: c
	  ->  Bitmap Heap Scan on sbtest7  (cost=30.48..3802.27 rows=980 width=121)
	        Recheck Cond: ((id >= 8843931) AND (id <= 8844930))
	        ->  Bitmap Index Scan on sbtest7_pkey  (cost=0.00..30.23 rows=980 width=0)
	              Index Cond: ((id >= 8843931) AND (id <= 8844930))

table 8 : explain SELECT c FROM sbtest8 WHERE id BETWEEN 231392 AND 232391 ORDER BY c
	Sort  (cost=3947.77..3950.28 rows=1007 width=121)
	  Sort Key: c
	  ->  Bitmap Heap Scan on sbtest8  (cost=30.76..3897.54 rows=1007 width=121)
	        Recheck Cond: ((id >= 231392) AND (id <= 232391))
	        ->  Bitmap Index Scan on sbtest8_pkey  (cost=0.00..30.50 rows=1007 width=0)
	              Index Cond: ((id >= 231392) AND (id <= 232391))

for: distinct_ranges
table 1 : explain SELECT DISTINCT c FROM sbtest1 WHERE id BETWEEN 7537160 AND 7538159 ORDER BY c
	Unique  (cost=3692.44..3697.14 rows=940 width=121)
	  ->  Sort  (cost=3692.44..3694.79 rows=940 width=121)
	        Sort Key: c
	        ->  Bitmap Heap Scan on sbtest1  (cost=30.07..3646.02 rows=940 width=121)
	              Recheck Cond: ((id >= 7537160) AND (id <= 7538159))
	              ->  Bitmap Index Scan on sbtest1_pkey  (cost=0.00..29.83 rows=940 width=0)
	                    Index Cond: ((id >= 7537160) AND (id <= 7538159))

table 2 : explain SELECT DISTINCT c FROM sbtest2 WHERE id BETWEEN 7860833 AND 7861832 ORDER BY c
	Unique  (cost=4077.87..4083.08 rows=1041 width=121)
	  ->  Sort  (cost=4077.87..4080.47 rows=1041 width=121)
	        Sort Key: c
	        ->  Bitmap Heap Scan on sbtest2  (cost=31.11..4025.70 rows=1041 width=121)
	              Recheck Cond: ((id >= 7860833) AND (id <= 7861832))
	              ->  Bitmap Index Scan on sbtest2_pkey  (cost=0.00..30.84 rows=1041 width=0)
	                    Index Cond: ((id >= 7860833) AND (id <= 7861832))

table 3 : explain SELECT DISTINCT c FROM sbtest3 WHERE id BETWEEN 8441777 AND 8442776 ORDER BY c
	Unique  (cost=3696.94..3701.64 rows=940 width=121)
	  ->  Sort  (cost=3696.94..3699.29 rows=940 width=121)
	        Sort Key: c
	        ->  Bitmap Heap Scan on sbtest3  (cost=30.07..3650.52 rows=940 width=121)
	              Recheck Cond: ((id >= 8441777) AND (id <= 8442776))
	              ->  Bitmap Index Scan on sbtest3_pkey  (cost=0.00..29.83 rows=940 width=0)
	                    Index Cond: ((id >= 8441777) AND (id <= 8442776))

table 4 : explain SELECT DISTINCT c FROM sbtest4 WHERE id BETWEEN 7953666 AND 7954665 ORDER BY c
	Unique  (cost=4010.42..4015.53 rows=1022 width=121)
	  ->  Sort  (cost=4010.42..4012.97 rows=1022 width=121)
	        Sort Key: c
	        ->  Bitmap Heap Scan on sbtest4  (cost=30.91..3959.33 rows=1022 width=121)
	              Recheck Cond: ((id >= 7953666) AND (id <= 7954665))
	              ->  Bitmap Index Scan on sbtest4_pkey  (cost=0.00..30.65 rows=1022 width=0)
	                    Index Cond: ((id >= 7953666) AND (id <= 7954665))

table 5 : explain SELECT DISTINCT c FROM sbtest5 WHERE id BETWEEN 7930343 AND 7931342 ORDER BY c
	Unique  (cost=3752.92..3757.71 rows=957 width=121)
	  ->  Sort  (cost=3752.92..3755.31 rows=957 width=121)
	        Sort Key: c
	        ->  Bitmap Heap Scan on sbtest5  (cost=26.24..3705.54 rows=957 width=121)
	              Recheck Cond: ((id >= 7930343) AND (id <= 7931342))
	              ->  Bitmap Index Scan on sbtest5_pkey  (cost=0.00..26.00 rows=957 width=0)
	                    Index Cond: ((id >= 7930343) AND (id <= 7931342))

table 6 : explain SELECT DISTINCT c FROM sbtest6 WHERE id BETWEEN 8443261 AND 8444260 ORDER BY c
	Unique  (cost=3792.92..3797.75 rows=966 width=121)
	  ->  Sort  (cost=3792.92..3795.34 rows=966 width=121)
	        Sort Key: c
	        ->  Bitmap Heap Scan on sbtest6  (cost=30.34..3745.03 rows=966 width=121)
	              Recheck Cond: ((id >= 8443261) AND (id <= 8444260))
	              ->  Bitmap Index Scan on sbtest6_pkey  (cost=0.00..30.09 rows=966 width=0)
	                    Index Cond: ((id >= 8443261) AND (id <= 8444260))

table 7 : explain SELECT DISTINCT c FROM sbtest7 WHERE id BETWEEN 1217157 AND 1218156 ORDER BY c
	Unique  (cost=3808.73..3813.57 rows=969 width=121)
	  ->  Sort  (cost=3808.73..3811.15 rows=969 width=121)
	        Sort Key: c
	        ->  Bitmap Heap Scan on sbtest7  (cost=30.37..3760.66 rows=969 width=121)
	              Recheck Cond: ((id >= 1217157) AND (id <= 1218156))
	              ->  Bitmap Index Scan on sbtest7_pkey  (cost=0.00..30.12 rows=969 width=0)
	                    Index Cond: ((id >= 1217157) AND (id <= 1218156))

table 8 : explain SELECT DISTINCT c FROM sbtest8 WHERE id BETWEEN 7765981 AND 7766980 ORDER BY c
	Unique  (cost=3924.81..3929.82 rows=1001 width=121)
	  ->  Sort  (cost=3924.81..3927.31 rows=1001 width=121)
	        Sort Key: c
	        ->  Bitmap Heap Scan on sbtest8  (cost=30.70..3874.92 rows=1001 width=121)
	              Recheck Cond: ((id >= 7765981) AND (id <= 7766980))
	              ->  Bitmap Index Scan on sbtest8_pkey  (cost=0.00..30.44 rows=1001 width=0)
	                    Index Cond: ((id >= 7765981) AND (id <= 7766980))

Threads started!

Warming up for 5 seconds...

SQL statistics:
    queries performed:
        read:                            129309486
        write:                           0
        other:                           23510843
        total:                           152820329
    transactions:                        11755441 (18659.22 per sec.)
    queries:                             152820329 (242569.17 per sec.)
    ignored errors:                      0      (0.00 per sec.)
    reconnects:                          0      (0.00 per sec.)

Throughput:
    events/s (eps):                      18659.2162
    time elapsed:                        630.0073s
    total number of events:              11755441

Latency (ms):
         min:                                    0.49
         avg:                                    2.14
         max:                                   18.29
         95th percentile:                        2.30
         sum:                             25188028.18

Threads fairness:
    events (avg/stddev):           293885.7500/1338.21
    execution time (avg/stddev):   629.7007/0.01

