LUA_PATH=/home/mdcallag/git/mytools/bench/sysbench.lua/lua/?.lua /home/mdcallag/git/mytools/bench/sysbench.lua/lua/sysbench --db-driver=pgsql --range-size=100 --table-size=10000000 --tables=8 --threads=40 --events=0 --warmup-time=5 --time=630 --pgsql_conn_id=true /home/mdcallag/git/mytools/bench/sysbench.lua/lua/oltp_range_covered.lua run --pgsql-user=root --pgsql-password=pw --pgsql-host=127.0.0.1 --pgsql-db=ib --rand-type=uniform --random-points=100 --skip-trx --covered=false
48 CPUs
sysbench 1.1.0-9072687 (using bundled LuaJIT 2.1.0-beta3)

Running the test with following options:
Number of threads: 40
Warmup time: 5s
Initializing random number generator from current time


Initializing worker threads...

explain: for range-notcovered :: explain SELECT id, c FROM sbtest%d WHERE id BETWEEN 3304526 AND 3304626
for range-notcovered
table 1 : explain SELECT id, c FROM sbtest1 WHERE id BETWEEN 3304526 AND 3304626
	Index Scan using sbtest1_pkey on sbtest1  (cost=0.43..386.38 rows=97 width=125)
	  Index Cond: ((id >= 3304526) AND (id <= 3304626))

table 2 : explain SELECT id, c FROM sbtest2 WHERE id BETWEEN 3304526 AND 3304626
	Index Scan using sbtest2_pkey on sbtest2  (cost=0.43..410.85 rows=103 width=125)
	  Index Cond: ((id >= 3304526) AND (id <= 3304626))

table 3 : explain SELECT id, c FROM sbtest3 WHERE id BETWEEN 3304526 AND 3304626
	Index Scan using sbtest3_pkey on sbtest3  (cost=0.43..413.42 rows=104 width=125)
	  Index Cond: ((id >= 3304526) AND (id <= 3304626))

table 4 : explain SELECT id, c FROM sbtest4 WHERE id BETWEEN 3304526 AND 3304626
	Index Scan using sbtest4_pkey on sbtest4  (cost=0.43..409.16 rows=103 width=125)
	  Index Cond: ((id >= 3304526) AND (id <= 3304626))

table 5 : explain SELECT id, c FROM sbtest5 WHERE id BETWEEN 3304526 AND 3304626
	Index Scan using sbtest5_pkey on sbtest5  (cost=0.43..392.97 rows=99 width=125)
	  Index Cond: ((id >= 3304526) AND (id <= 3304626))

table 6 : explain SELECT id, c FROM sbtest6 WHERE id BETWEEN 3304526 AND 3304626
	Index Scan using sbtest6_pkey on sbtest6  (cost=0.43..382.05 rows=96 width=125)
	  Index Cond: ((id >= 3304526) AND (id <= 3304626))

table 7 : explain SELECT id, c FROM sbtest7 WHERE id BETWEEN 3304526 AND 3304626
	Index Scan using sbtest7_pkey on sbtest7  (cost=0.43..421.31 rows=106 width=125)
	  Index Cond: ((id >= 3304526) AND (id <= 3304626))

table 8 : explain SELECT id, c FROM sbtest8 WHERE id BETWEEN 3304526 AND 3304626
	Index Scan using sbtest8_pkey on sbtest8  (cost=0.43..405.80 rows=102 width=125)
	  Index Cond: ((id >= 3304526) AND (id <= 3304626))

explain: for range-notcovered :: explain SELECT id, c FROM sbtest%d WHERE id BETWEEN 3304526 AND 3304626
explain: for range-notcovered :: explain SELECT id, c FROM sbtest%d WHERE id BETWEEN 4411091 AND 4411191
explain: for range-notcovered :: explain SELECT id, c FROM sbtest%d WHERE id BETWEEN 6617822 AND 6617922explain: for range-notcovered :: explain SELECT id, c FROM sbtest%d WHERE id BETWEEN 2612273 AND 2612373

explain: for range-notcovered :: explain SELECT id, c FROM sbtest%d WHERE id BETWEEN 3296326 AND 3296426
explain: for range-notcovered :: explain SELECT id, c FROM sbtest%d WHERE id BETWEEN 7299619 AND 7299719
explain: for range-notcovered :: explain SELECT id, c FROM sbtest%d WHERE id BETWEEN 5750088 AND 5750188
explain: for range-notcovered :: explain SELECT id, c FROM sbtest%d WHERE id BETWEEN 3763472 AND 3763572
explain: for range-notcovered :: explain SELECT id, c FROM sbtest%d WHERE id BETWEEN 8272173 AND 8272273
explain: for range-notcovered :: explain SELECT id, c FROM sbtest%d WHERE id BETWEEN 2528886 AND 2528986
for range-notcovered
table 1 : explain SELECT id, c FROM sbtest1 WHERE id BETWEEN 3304526 AND 3304626
	Index Scan using sbtest1_pkey on sbtest1  (cost=0.43..386.38 rows=97 width=125)
	  Index Cond: ((id >= 3304526) AND (id <= 3304626))

table 2 : explain SELECT id, c FROM sbtest2 WHERE id BETWEEN 3304526 AND 3304626
	Index Scan using sbtest2_pkey on sbtest2  (cost=0.43..410.85 rows=103 width=125)
	  Index Cond: ((id >= 3304526) AND (id <= 3304626))

table 3 : explain SELECT id, c FROM sbtest3 WHERE id BETWEEN 3304526 AND 3304626
	Index Scan using sbtest3_pkey on sbtest3  (cost=0.43..413.42 rows=104 width=125)
	  Index Cond: ((id >= 3304526) AND (id <= 3304626))

table 4 : explain SELECT id, c FROM sbtest4 WHERE id BETWEEN 3304526 AND 3304626
	Index Scan using sbtest4_pkey on sbtest4  (cost=0.43..409.16 rows=103 width=125)
	  Index Cond: ((id >= 3304526) AND (id <= 3304626))

table 5 : explain SELECT id, c FROM sbtest5 WHERE id BETWEEN 3304526 AND 3304626
	Index Scan using sbtest5_pkey on sbtest5  (cost=0.43..392.97 rows=99 width=125)
	  Index Cond: ((id >= 3304526) AND (id <= 3304626))

table 6 : explain SELECT id, c FROM sbtest6 WHERE id BETWEEN 3304526 AND 3304626
	Index Scan using sbtest6_pkey on sbtest6  (cost=0.43..382.05 rows=96 width=125)
	  Index Cond: ((id >= 3304526) AND (id <= 3304626))

table 7 : explain SELECT id, c FROM sbtest7 WHERE id BETWEEN 3304526 AND 3304626
	Index Scan using sbtest7_pkey on sbtest7  (cost=0.43..421.31 rows=106 width=125)
	  Index Cond: ((id >= 3304526) AND (id <= 3304626))

table 8 : explain SELECT id, c FROM sbtest8 WHERE id BETWEEN 3304526 AND 3304626
	Index Scan using sbtest8_pkey on sbtest8  (cost=0.43..405.80 rows=102 width=125)
	  Index Cond: ((id >= 3304526) AND (id <= 3304626))

explain: for range-notcovered :: explain SELECT id, c FROM sbtest%d WHERE id BETWEEN 1833912 AND 1834012
explain: for range-notcovered :: explain SELECT id, c FROM sbtest%d WHERE id BETWEEN 3304526 AND 3304626
for range-notcovered
table 1 : explain SELECT id, c FROM sbtest1 WHERE id BETWEEN 3304526 AND 3304626
	Index Scan using sbtest1_pkey on sbtest1  (cost=0.43..386.38 rows=97 width=125)
	  Index Cond: ((id >= 3304526) AND (id <= 3304626))

table 2 : explain SELECT id, c FROM sbtest2 WHERE id BETWEEN 3304526 AND 3304626
	Index Scan using sbtest2_pkey on sbtest2  (cost=0.43..410.85 rows=103 width=125)
	  Index Cond: ((id >= 3304526) AND (id <= 3304626))

table 3 : explain SELECT id, c FROM sbtest3 WHERE id BETWEEN 3304526 AND 3304626
	Index Scan using sbtest3_pkey on sbtest3  (cost=0.43..413.42 rows=104 width=125)
	  Index Cond: ((id >= 3304526) AND (id <= 3304626))

table 4 : explain SELECT id, c FROM sbtest4 WHERE id BETWEEN 3304526 AND 3304626
	Index Scan using sbtest4_pkey on sbtest4  (cost=0.43..409.16 rows=103 width=125)
	  Index Cond: ((id >= 3304526) AND (id <= 3304626))

table 5 : explain SELECT id, c FROM sbtest5 WHERE id BETWEEN 3304526 AND 3304626
	Index Scan using sbtest5_pkey on sbtest5  (cost=0.43..392.97 rows=99 width=125)
	  Index Cond: ((id >= 3304526) AND (id <= 3304626))

table 6 : explain SELECT id, c FROM sbtest6 WHERE id BETWEEN 3304526 AND 3304626
	Index Scan using sbtest6_pkey on sbtest6  (cost=0.43..382.05 rows=96 width=125)
	  Index Cond: ((id >= 3304526) AND (id <= 3304626))

table 7 : explain SELECT id, c FROM sbtest7 WHERE id BETWEEN 3304526 AND 3304626
	Index Scan using sbtest7_pkey on sbtest7  (cost=0.43..421.31 rows=106 width=125)
	  Index Cond: ((id >= 3304526) AND (id <= 3304626))

table 8 : explain SELECT id, c FROM sbtest8 WHERE id BETWEEN 3304526 AND 3304626
	Index Scan using sbtest8_pkey on sbtest8  (cost=0.43..405.80 rows=102 width=125)
	  Index Cond: ((id >= 3304526) AND (id <= 3304626))

explain: for range-notcovered :: explain SELECT id, c FROM sbtest%d WHERE id BETWEEN 3304526 AND 3304626
for range-notcovered
table 1 : explain SELECT id, c FROM sbtest1 WHERE id BETWEEN 3304526 AND 3304626
	Index Scan using sbtest1_pkey on sbtest1  (cost=0.43..386.38 rows=97 width=125)
	  Index Cond: ((id >= 3304526) AND (id <= 3304626))

table 2 : explain SELECT id, c FROM sbtest2 WHERE id BETWEEN 3304526 AND 3304626
	Index Scan using sbtest2_pkey on sbtest2  (cost=0.43..410.85 rows=103 width=125)
	  Index Cond: ((id >= 3304526) AND (id <= 3304626))

table 3 : explain SELECT id, c FROM sbtest3 WHERE id BETWEEN 3304526 AND 3304626
	Index Scan using sbtest3_pkey on sbtest3  (cost=0.43..413.42 rows=104 width=125)
	  Index Cond: ((id >= 3304526) AND (id <= 3304626))

table 4 : explain SELECT id, c FROM sbtest4 WHERE id BETWEEN 3304526 AND 3304626
	Index Scan using sbtest4_pkey on sbtest4  (cost=0.43..409.16 rows=103 width=125)
	  Index Cond: ((id >= 3304526) AND (id <= 3304626))

table 5 : explain SELECT id, c FROM sbtest5 WHERE id BETWEEN 3304526 AND 3304626
	Index Scan using sbtest5_pkey on sbtest5  (cost=0.43..392.97 rows=99 width=125)
	  Index Cond: ((id >= 3304526) AND (id <= 3304626))

table 6 : explain SELECT id, c FROM sbtest6 WHERE id BETWEEN 3304526 AND 3304626
	Index Scan using sbtest6_pkey on sbtest6  (cost=0.43..382.05 rows=96 width=125)
	  Index Cond: ((id >= 3304526) AND (id <= 3304626))

table 7 : explain SELECT id, c FROM sbtest7 WHERE id BETWEEN 3304526 AND 3304626
	Index Scan using sbtest7_pkey on sbtest7  (cost=0.43..421.31 rows=106 width=125)
	  Index Cond: ((id >= 3304526) AND (id <= 3304626))

table 8 : explain SELECT id, c FROM sbtest8 WHERE id BETWEEN 3304526 AND 3304626
	Index Scan using sbtest8_pkey on sbtest8  (cost=0.43..405.80 rows=102 width=125)
	  Index Cond: ((id >= 3304526) AND (id <= 3304626))

explain: for range-notcovered :: explain SELECT id, c FROM sbtest%d WHERE id BETWEEN 3304526 AND 3304626
for range-notcovered
table 1 : explain SELECT id, c FROM sbtest1 WHERE id BETWEEN 3304526 AND 3304626
	Index Scan using sbtest1_pkey on sbtest1  (cost=0.43..386.38 rows=97 width=125)
	  Index Cond: ((id >= 3304526) AND (id <= 3304626))

table 2 : explain SELECT id, c FROM sbtest2 WHERE id BETWEEN 3304526 AND 3304626
	Index Scan using sbtest2_pkey on sbtest2  (cost=0.43..410.85 rows=103 width=125)
	  Index Cond: ((id >= 3304526) AND (id <= 3304626))

table 3 : explain SELECT id, c FROM sbtest3 WHERE id BETWEEN 3304526 AND 3304626
	Index Scan using sbtest3_pkey on sbtest3  (cost=0.43..413.42 rows=104 width=125)
	  Index Cond: ((id >= 3304526) AND (id <= 3304626))

table 4 : explain SELECT id, c FROM sbtest4 WHERE id BETWEEN 3304526 AND 3304626
	Index Scan using sbtest4_pkey on sbtest4  (cost=0.43..409.16 rows=103 width=125)
	  Index Cond: ((id >= 3304526) AND (id <= 3304626))

table 5 : explain SELECT id, c FROM sbtest5 WHERE id BETWEEN 3304526 AND 3304626
	Index Scan using sbtest5_pkey on sbtest5  (cost=0.43..392.97 rows=99 width=125)
	  Index Cond: ((id >= 3304526) AND (id <= 3304626))

table 6 : explain SELECT id, c FROM sbtest6 WHERE id BETWEEN 3304526 AND 3304626
	Index Scan using sbtest6_pkey on sbtest6  (cost=0.43..382.05 rows=96 width=125)
	  Index Cond: ((id >= 3304526) AND (id <= 3304626))

table 7 : explain SELECT id, c FROM sbtest7 WHERE id BETWEEN 3304526 AND 3304626
	Index Scan using sbtest7_pkey on sbtest7  (cost=0.43..421.31 rows=106 width=125)
	  Index Cond: ((id >= 3304526) AND (id <= 3304626))

table 8 : explain SELECT id, c FROM sbtest8 WHERE id BETWEEN 3304526 AND 3304626
	Index Scan using sbtest8_pkey on sbtest8  (cost=0.43..405.80 rows=102 width=125)
	  Index Cond: ((id >= 3304526) AND (id <= 3304626))

explain: for range-notcovered :: explain SELECT id, c FROM sbtest%d WHERE id BETWEEN 3304526 AND 3304626
for range-notcovered
table 1 : explain SELECT id, c FROM sbtest1 WHERE id BETWEEN 3304526 AND 3304626
	Index Scan using sbtest1_pkey on sbtest1  (cost=0.43..386.38 rows=97 width=125)
	  Index Cond: ((id >= 3304526) AND (id <= 3304626))

table 2 : explain SELECT id, c FROM sbtest2 WHERE id BETWEEN 3304526 AND 3304626
	Index Scan using sbtest2_pkey on sbtest2  (cost=0.43..410.85 rows=103 width=125)
	  Index Cond: ((id >= 3304526) AND (id <= 3304626))

table 3 : explain SELECT id, c FROM sbtest3 WHERE id BETWEEN 3304526 AND 3304626
	Index Scan using sbtest3_pkey on sbtest3  (cost=0.43..413.42 rows=104 width=125)
	  Index Cond: ((id >= 3304526) AND (id <= 3304626))

table 4 : explain SELECT id, c FROM sbtest4 WHERE id BETWEEN 3304526 AND 3304626
	Index Scan using sbtest4_pkey on sbtest4  (cost=0.43..409.16 rows=103 width=125)
	  Index Cond: ((id >= 3304526) AND (id <= 3304626))

table 5 : explain SELECT id, c FROM sbtest5 WHERE id BETWEEN 3304526 AND 3304626
	Index Scan using sbtest5_pkey on sbtest5  (cost=0.43..392.97 rows=99 width=125)
	  Index Cond: ((id >= 3304526) AND (id <= 3304626))

table 6 : explain SELECT id, c FROM sbtest6 WHERE id BETWEEN 3304526 AND 3304626
	Index Scan using sbtest6_pkey on sbtest6  (cost=0.43..382.05 rows=96 width=125)
	  Index Cond: ((id >= 3304526) AND (id <= 3304626))

table 7 : explain SELECT id, c FROM sbtest7 WHERE id BETWEEN 3304526 AND 3304626
	Index Scan using sbtest7_pkey on sbtest7  (cost=0.43..421.31 rows=106 width=125)
	  Index Cond: ((id >= 3304526) AND (id <= 3304626))

table 8 : explain SELECT id, c FROM sbtest8 WHERE id BETWEEN 3304526 AND 3304626
	Index Scan using sbtest8_pkey on sbtest8  (cost=0.43..405.80 rows=102 width=125)
	  Index Cond: ((id >= 3304526) AND (id <= 3304626))

explain: for range-notcovered :: explain SELECT id, c FROM sbtest%d WHERE id BETWEEN 3304526 AND 3304626
for range-notcovered
table 1 : explain SELECT id, c FROM sbtest1 WHERE id BETWEEN 3304526 AND 3304626
	Index Scan using sbtest1_pkey on sbtest1  (cost=0.43..386.38 rows=97 width=125)
	  Index Cond: ((id >= 3304526) AND (id <= 3304626))

table 2 : explain SELECT id, c FROM sbtest2 WHERE id BETWEEN 3304526 AND 3304626
	Index Scan using sbtest2_pkey on sbtest2  (cost=0.43..410.85 rows=103 width=125)
	  Index Cond: ((id >= 3304526) AND (id <= 3304626))

table 3 : explain SELECT id, c FROM sbtest3 WHERE id BETWEEN 3304526 AND 3304626
	Index Scan using sbtest3_pkey on sbtest3  (cost=0.43..413.42 rows=104 width=125)
	  Index Cond: ((id >= 3304526) AND (id <= 3304626))

table 4 : explain SELECT id, c FROM sbtest4 WHERE id BETWEEN 3304526 AND 3304626
	Index Scan using sbtest4_pkey on sbtest4  (cost=0.43..409.16 rows=103 width=125)
	  Index Cond: ((id >= 3304526) AND (id <= 3304626))

table 5 : explain SELECT id, c FROM sbtest5 WHERE id BETWEEN 3304526 AND 3304626
	Index Scan using sbtest5_pkey on sbtest5  (cost=0.43..392.97 rows=99 width=125)
	  Index Cond: ((id >= 3304526) AND (id <= 3304626))

table 6 : explain SELECT id, c FROM sbtest6 WHERE id BETWEEN 3304526 AND 3304626
	Index Scan using sbtest6_pkey on sbtest6  (cost=0.43..382.05 rows=96 width=125)
	  Index Cond: ((id >= 3304526) AND (id <= 3304626))

table 7 : explain SELECT id, c FROM sbtest7 WHERE id BETWEEN 3304526 AND 3304626
	Index Scan using sbtest7_pkey on sbtest7  (cost=0.43..421.31 rows=106 width=125)
	  Index Cond: ((id >= 3304526) AND (id <= 3304626))

table 8 : explain SELECT id, c FROM sbtest8 WHERE id BETWEEN 3304526 AND 3304626
	Index Scan using sbtest8_pkey on sbtest8  (cost=0.43..405.80 rows=102 width=125)
	  Index Cond: ((id >= 3304526) AND (id <= 3304626))

explain: for range-notcovered :: explain SELECT id, c FROM sbtest%d WHERE id BETWEEN 3304526 AND 3304626
for range-notcovered
table 1 : explain SELECT id, c FROM sbtest1 WHERE id BETWEEN 3296326 AND 3296426
	Index Scan using sbtest1_pkey on sbtest1  (cost=0.43..386.38 rows=97 width=125)
	  Index Cond: ((id >= 3296326) AND (id <= 3296426))

table 2 : explain SELECT id, c FROM sbtest2 WHERE id BETWEEN 3296326 AND 3296426
	Index Scan using sbtest2_pkey on sbtest2  (cost=0.43..410.85 rows=103 width=125)
	  Index Cond: ((id >= 3296326) AND (id <= 3296426))

table 3 : explain SELECT id, c FROM sbtest3 WHERE id BETWEEN 3296326 AND 3296426
	Index Scan using sbtest3_pkey on sbtest3  (cost=0.43..413.42 rows=104 width=125)
	  Index Cond: ((id >= 3296326) AND (id <= 3296426))

table 4 : explain SELECT id, c FROM sbtest4 WHERE id BETWEEN 3296326 AND 3296426
	Index Scan using sbtest4_pkey on sbtest4  (cost=0.43..409.16 rows=103 width=125)
	  Index Cond: ((id >= 3296326) AND (id <= 3296426))

table 5 : explain SELECT id, c FROM sbtest5 WHERE id BETWEEN 3296326 AND 3296426
	Index Scan using sbtest5_pkey on sbtest5  (cost=0.43..392.97 rows=99 width=125)
	  Index Cond: ((id >= 3296326) AND (id <= 3296426))

table 6 : explain SELECT id, c FROM sbtest6 WHERE id BETWEEN 3296326 AND 3296426
	Index Scan using sbtest6_pkey on sbtest6  (cost=0.43..382.05 rows=96 width=125)
	  Index Cond: ((id >= 3296326) AND (id <= 3296426))

table 7 : explain SELECT id, c FROM sbtest7 WHERE id BETWEEN 3296326 AND 3296426
	Index Scan using sbtest7_pkey on sbtest7  (cost=0.43..421.31 rows=106 width=125)
	  Index Cond: ((id >= 3296326) AND (id <= 3296426))

table 8 : explain SELECT id, c FROM sbtest8 WHERE id BETWEEN 3296326 AND 3296426
	Index Scan using sbtest8_pkey on sbtest8  (cost=0.43..405.80 rows=102 width=125)
	  Index Cond: ((id >= 3296326) AND (id <= 3296426))

for range-notcovered
table 1 : explain SELECT id, c FROM sbtest1 WHERE id BETWEEN 2612273 AND 2612373
	Index Scan using sbtest1_pkey on sbtest1  (cost=0.43..394.26 rows=99 width=125)
	  Index Cond: ((id >= 2612273) AND (id <= 2612373))

table 2 : explain SELECT id, c FROM sbtest2 WHERE id BETWEEN 2612273 AND 2612373
	Index Scan using sbtest2_pkey on sbtest2  (cost=0.43..391.13 rows=98 width=125)
	  Index Cond: ((id >= 2612273) AND (id <= 2612373))

table 3 : explain SELECT id, c FROM sbtest3 WHERE id BETWEEN 2612273 AND 2612373
	Index Scan using sbtest3_pkey on sbtest3  (cost=0.43..401.63 rows=101 width=125)
	  Index Cond: ((id >= 2612273) AND (id <= 2612373))

table 4 : explain SELECT id, c FROM sbtest4 WHERE id BETWEEN 2612273 AND 2612373
	Index Scan using sbtest4_pkey on sbtest4  (cost=0.43..405.24 rows=102 width=125)
	  Index Cond: ((id >= 2612273) AND (id <= 2612373))

table 5 : explain SELECT id, c FROM sbtest5 WHERE id BETWEEN 2612273 AND 2612373
	Index Scan using sbtest5_pkey on sbtest5  (cost=0.43..404.74 rows=102 width=125)
	  Index Cond: ((id >= 2612273) AND (id <= 2612373))

table 6 : explain SELECT id, c FROM sbtest6 WHERE id BETWEEN 2612273 AND 2612373
	Index Scan using sbtest6_pkey on sbtest6  (cost=0.43..389.92 rows=98 width=125)
	  Index Cond: ((id >= 2612273) AND (id <= 2612373))

table 7 : explain SELECT id, c FROM sbtest7 WHERE id BETWEEN 2612273 AND 2612373
	Index Scan using sbtest7_pkey on sbtest7  (cost=0.43..378.06 rows=95 width=125)
	  Index Cond: ((id >= 2612273) AND (id <= 2612373))

table 8 : explain SELECT id, c FROM sbtest8 WHERE id BETWEEN 2612273 AND 2612373
	Index Scan using sbtest8_pkey on sbtest8  (cost=0.43..390.07 rows=98 width=125)
	  Index Cond: ((id >= 2612273) AND (id <= 2612373))

explain: for range-notcovered :: explain SELECT id, c FROM sbtest%d WHERE id BETWEEN 2612273 AND 2612373
for range-notcovered
table 1 : explain SELECT id, c FROM sbtest1 WHERE id BETWEEN 4411091 AND 4411191
	Index Scan using sbtest1_pkey on sbtest1  (cost=0.43..362.75 rows=91 width=125)
	  Index Cond: ((id >= 4411091) AND (id <= 4411191))

table 2 : explain SELECT id, c FROM sbtest2 WHERE id BETWEEN 4411091 AND 4411191
	Index Scan using sbtest2_pkey on sbtest2  (cost=0.43..395.07 rows=99 width=125)
	  Index Cond: ((id >= 4411091) AND (id <= 4411191))

table 3 : explain SELECT id, c FROM sbtest3 WHERE id BETWEEN 4411091 AND 4411191
	Index Scan using sbtest3_pkey on sbtest3  (cost=0.43..374.11 rows=94 width=125)
	  Index Cond: ((id >= 4411091) AND (id <= 4411191))

table 4 : explain SELECT id, c FROM sbtest4 WHERE id BETWEEN 4411091 AND 4411191
	Index Scan using sbtest4_pkey on sbtest4  (cost=0.43..377.74 rows=95 width=125)
	  Index Cond: ((id >= 4411091) AND (id <= 4411191))

table 5 : explain SELECT id, c FROM sbtest5 WHERE id BETWEEN 4411091 AND 4411191
	Index Scan using sbtest5_pkey on sbtest5  (cost=0.43..381.17 rows=96 width=125)
	  Index Cond: ((id >= 4411091) AND (id <= 4411191))

table 6 : explain SELECT id, c FROM sbtest6 WHERE id BETWEEN 4411091 AND 4411191
	Index Scan using sbtest6_pkey on sbtest6  (cost=0.43..366.30 rows=92 width=125)
	  Index Cond: ((id >= 4411091) AND (id <= 4411191))

table 7 : explain SELECT id, c FROM sbtest7 WHERE id BETWEEN 4411091 AND 4411191
	Index Scan using sbtest7_pkey on sbtest7  (cost=0.43..433.10 rows=109 width=125)
	  Index Cond: ((id >= 4411091) AND (id <= 4411191))

table 8 : explain SELECT id, c FROM sbtest8 WHERE id BETWEEN 4411091 AND 4411191
	Index Scan using sbtest8_pkey on sbtest8  (cost=0.43..394.00 rows=99 width=125)
	  Index Cond: ((id >= 4411091) AND (id <= 4411191))

for range-notcovered
table 1 : explain SELECT id, c FROM sbtest1 WHERE id BETWEEN 7299619 AND 7299719
	Index Scan using sbtest1_pkey on sbtest1  (cost=0.43..390.32 rows=98 width=125)
	  Index Cond: ((id >= 7299619) AND (id <= 7299719))

table 2 : explain SELECT id, c FROM sbtest2 WHERE id BETWEEN 7299619 AND 7299719
	Index Scan using sbtest2_pkey on sbtest2  (cost=0.43..434.52 rows=109 width=125)
	  Index Cond: ((id >= 7299619) AND (id <= 7299719))

table 3 : explain SELECT id, c FROM sbtest3 WHERE id BETWEEN 7299619 AND 7299719
	Index Scan using sbtest3_pkey on sbtest3  (cost=0.43..389.84 rows=98 width=125)
	  Index Cond: ((id >= 7299619) AND (id <= 7299719))

table 4 : explain SELECT id, c FROM sbtest4 WHERE id BETWEEN 7299619 AND 7299719
	Index Scan using sbtest4_pkey on sbtest4  (cost=0.43..362.01 rows=91 width=125)
	  Index Cond: ((id >= 7299619) AND (id <= 7299719))

table 5 : explain SELECT id, c FROM sbtest5 WHERE id BETWEEN 7299619 AND 7299719
	Index Scan using sbtest5_pkey on sbtest5  (cost=0.43..369.41 rows=93 width=125)
	  Index Cond: ((id >= 7299619) AND (id <= 7299719))

table 6 : explain SELECT id, c FROM sbtest6 WHERE id BETWEEN 7299619 AND 7299719
	Index Scan using sbtest6_pkey on sbtest6  (cost=0.43..378.12 rows=95 width=125)
	  Index Cond: ((id >= 7299619) AND (id <= 7299719))

table 7 : explain SELECT id, c FROM sbtest7 WHERE id BETWEEN 7299619 AND 7299719
	Index Scan using sbtest7_pkey on sbtest7  (cost=0.43..417.37 rows=105 width=125)
	  Index Cond: ((id >= 7299619) AND (id <= 7299719))

table 8 : explain SELECT id, c FROM sbtest8 WHERE id BETWEEN 7299619 AND 7299719
	Index Scan using sbtest8_pkey on sbtest8  (cost=0.43..358.58 rows=90 width=125)
	  Index Cond: ((id >= 7299619) AND (id <= 7299719))

explain: for range-notcovered :: explain SELECT id, c FROM sbtest%d WHERE id BETWEEN 4411091 AND 4411191
for range-notcovered
table 1 : explain SELECT id, c FROM sbtest1 WHERE id BETWEEN 5750088 AND 5750188
	Index Scan using sbtest1_pkey on sbtest1  (cost=0.43..425.75 rows=107 width=125)
	  Index Cond: ((id >= 5750088) AND (id <= 5750188))

table 2 : explain SELECT id, c FROM sbtest2 WHERE id BETWEEN 5750088 AND 5750188
	Index Scan using sbtest2_pkey on sbtest2  (cost=0.43..391.13 rows=98 width=125)
	  Index Cond: ((id >= 5750088) AND (id <= 5750188))

table 3 : explain SELECT id, c FROM sbtest3 WHERE id BETWEEN 5750088 AND 5750188
	Index Scan using sbtest3_pkey on sbtest3  (cost=0.43..413.42 rows=104 width=125)
	  Index Cond: ((id >= 5750088) AND (id <= 5750188))

table 4 : explain SELECT id, c FROM sbtest4 WHERE id BETWEEN 5750088 AND 5750188
	Index Scan using sbtest4_pkey on sbtest4  (cost=0.43..417.02 rows=105 width=125)
	  Index Cond: ((id >= 5750088) AND (id <= 5750188))

table 5 : explain SELECT id, c FROM sbtest5 WHERE id BETWEEN 5750088 AND 5750188
	Index Scan using sbtest5_pkey on sbtest5  (cost=0.43..404.74 rows=102 width=125)
	  Index Cond: ((id >= 5750088) AND (id <= 5750188))

table 6 : explain SELECT id, c FROM sbtest6 WHERE id BETWEEN 5750088 AND 5750188
	Index Scan using sbtest6_pkey on sbtest6  (cost=0.43..393.85 rows=99 width=125)
	  Index Cond: ((id >= 5750088) AND (id <= 5750188))

table 7 : explain SELECT id, c FROM sbtest7 WHERE id BETWEEN 5750088 AND 5750188
	Index Scan using sbtest7_pkey on sbtest7  (cost=0.43..421.31 rows=106 width=125)
	  Index Cond: ((id >= 5750088) AND (id <= 5750188))

table 8 : explain SELECT id, c FROM sbtest8 WHERE id BETWEEN 5750088 AND 5750188
	Index Scan using sbtest8_pkey on sbtest8  (cost=0.43..405.80 rows=102 width=125)
	  Index Cond: ((id >= 5750088) AND (id <= 5750188))

explain: for range-notcovered :: explain SELECT id, c FROM sbtest%d WHERE id BETWEEN 3296326 AND 3296426
explain: for range-notcovered :: explain SELECT id, c FROM sbtest%d WHERE id BETWEEN 7299619 AND 7299719
explain: for range-notcovered :: explain SELECT id, c FROM sbtest%d WHERE id BETWEEN 5750088 AND 5750188
for range-notcovered
table 1 : explain SELECT id, c FROM sbtest1 WHERE id BETWEEN 6617822 AND 6617922
	Index Scan using sbtest1_pkey on sbtest1  (cost=0.43..429.68 rows=108 width=125)
	  Index Cond: ((id >= 6617822) AND (id <= 6617922))

table 2 : explain SELECT id, c FROM sbtest2 WHERE id BETWEEN 6617822 AND 6617922
	Index Scan using sbtest2_pkey on sbtest2  (cost=0.43..426.63 rows=107 width=125)
	  Index Cond: ((id >= 6617822) AND (id <= 6617922))

table 3 : explain SELECT id, c FROM sbtest3 WHERE id BETWEEN 6617822 AND 6617922
	Index Scan using sbtest3_pkey on sbtest3  (cost=0.43..362.32 rows=91 width=125)
	  Index Cond: ((id >= 6617822) AND (id <= 6617922))

table 4 : explain SELECT id, c FROM sbtest4 WHERE id BETWEEN 6617822 AND 6617922
	Index Scan using sbtest4_pkey on sbtest4  (cost=0.43..373.81 rows=94 width=125)
	  Index Cond: ((id >= 6617822) AND (id <= 6617922))

table 5 : explain SELECT id, c FROM sbtest5 WHERE id BETWEEN 6617822 AND 6617922
	Index Scan using sbtest5_pkey on sbtest5  (cost=0.43..443.96 rows=112 width=125)
	  Index Cond: ((id >= 6617822) AND (id <= 6617922))

table 6 : explain SELECT id, c FROM sbtest6 WHERE id BETWEEN 6617822 AND 6617922
	Index Scan using sbtest6_pkey on sbtest6  (cost=0.43..366.30 rows=92 width=125)
	  Index Cond: ((id >= 6617822) AND (id <= 6617922))

table 7 : explain SELECT id, c FROM sbtest7 WHERE id BETWEEN 6617822 AND 6617922
	Index Scan using sbtest7_pkey on sbtest7  (cost=0.43..385.92 rows=97 width=125)
	  Index Cond: ((id >= 6617822) AND (id <= 6617922))

table 8 : explain SELECT id, c FROM sbtest8 WHERE id BETWEEN 6617822 AND 6617922
	Index Scan using sbtest8_pkey on sbtest8  (cost=0.43..417.60 rows=105 width=125)
	  Index Cond: ((id >= 6617822) AND (id <= 6617922))

explain: for range-notcovered :: explain SELECT id, c FROM sbtest%d WHERE id BETWEEN 6617822 AND 6617922
for range-notcovered
table 1 : explain SELECT id, c FROM sbtest1 WHERE id BETWEEN 4411091 AND 4411191
	Index Scan using sbtest1_pkey on sbtest1  (cost=0.43..362.75 rows=91 width=125)
	  Index Cond: ((id >= 4411091) AND (id <= 4411191))

table 2 : explain SELECT id, c FROM sbtest2 WHERE id BETWEEN 4411091 AND 4411191
	Index Scan using sbtest2_pkey on sbtest2  (cost=0.43..395.07 rows=99 width=125)
	  Index Cond: ((id >= 4411091) AND (id <= 4411191))

table 3 : explain SELECT id, c FROM sbtest3 WHERE id BETWEEN 4411091 AND 4411191
	Index Scan using sbtest3_pkey on sbtest3  (cost=0.43..374.11 rows=94 width=125)
	  Index Cond: ((id >= 4411091) AND (id <= 4411191))

table 4 : explain SELECT id, c FROM sbtest4 WHERE id BETWEEN 4411091 AND 4411191
	Index Scan using sbtest4_pkey on sbtest4  (cost=0.43..377.74 rows=95 width=125)
	  Index Cond: ((id >= 4411091) AND (id <= 4411191))

table 5 : explain SELECT id, c FROM sbtest5 WHERE id BETWEEN 4411091 AND 4411191
	Index Scan using sbtest5_pkey on sbtest5  (cost=0.43..381.17 rows=96 width=125)
	  Index Cond: ((id >= 4411091) AND (id <= 4411191))

table 6 : explain SELECT id, c FROM sbtest6 WHERE id BETWEEN 4411091 AND 4411191
	Index Scan using sbtest6_pkey on sbtest6  (cost=0.43..366.30 rows=92 width=125)
	  Index Cond: ((id >= 4411091) AND (id <= 4411191))

table 7 : explain SELECT id, c FROM sbtest7 WHERE id BETWEEN 4411091 AND 4411191
	Index Scan using sbtest7_pkey on sbtest7  (cost=0.43..433.10 rows=109 width=125)
	  Index Cond: ((id >= 4411091) AND (id <= 4411191))

table 8 : explain SELECT id, c FROM sbtest8 WHERE id BETWEEN 4411091 AND 4411191
	Index Scan using sbtest8_pkey on sbtest8  (cost=0.43..394.00 rows=99 width=125)
	  Index Cond: ((id >= 4411091) AND (id <= 4411191))

explain: for range-notcovered :: explain SELECT id, c FROM sbtest%d WHERE id BETWEEN 4411091 AND 4411191
for range-notcovered
table 1 : explain SELECT id, c FROM sbtest1 WHERE id BETWEEN 5750088 AND 5750188
	Index Scan using sbtest1_pkey on sbtest1  (cost=0.43..425.75 rows=107 width=125)
	  Index Cond: ((id >= 5750088) AND (id <= 5750188))

table 2 : explain SELECT id, c FROM sbtest2 WHERE id BETWEEN 5750088 AND 5750188
	Index Scan using sbtest2_pkey on sbtest2  (cost=0.43..391.13 rows=98 width=125)
	  Index Cond: ((id >= 5750088) AND (id <= 5750188))

table 3 : explain SELECT id, c FROM sbtest3 WHERE id BETWEEN 5750088 AND 5750188
	Index Scan using sbtest3_pkey on sbtest3  (cost=0.43..413.42 rows=104 width=125)
	  Index Cond: ((id >= 5750088) AND (id <= 5750188))

table 4 : explain SELECT id, c FROM sbtest4 WHERE id BETWEEN 5750088 AND 5750188
	Index Scan using sbtest4_pkey on sbtest4  (cost=0.43..417.02 rows=105 width=125)
	  Index Cond: ((id >= 5750088) AND (id <= 5750188))

table 5 : explain SELECT id, c FROM sbtest5 WHERE id BETWEEN 5750088 AND 5750188
	Index Scan using sbtest5_pkey on sbtest5  (cost=0.43..404.74 rows=102 width=125)
	  Index Cond: ((id >= 5750088) AND (id <= 5750188))

table 6 : explain SELECT id, c FROM sbtest6 WHERE id BETWEEN 5750088 AND 5750188
	Index Scan using sbtest6_pkey on sbtest6  (cost=0.43..393.85 rows=99 width=125)
	  Index Cond: ((id >= 5750088) AND (id <= 5750188))

table 7 : explain SELECT id, c FROM sbtest7 WHERE id BETWEEN 5750088 AND 5750188
	Index Scan using sbtest7_pkey on sbtest7  (cost=0.43..421.31 rows=106 width=125)
	  Index Cond: ((id >= 5750088) AND (id <= 5750188))

table 8 : explain SELECT id, c FROM sbtest8 WHERE id BETWEEN 5750088 AND 5750188
	Index Scan using sbtest8_pkey on sbtest8  (cost=0.43..405.80 rows=102 width=125)
	  Index Cond: ((id >= 5750088) AND (id <= 5750188))

explain: for range-notcovered :: explain SELECT id, c FROM sbtest%d WHERE id BETWEEN 5750088 AND 5750188
for range-notcovered
table 1 : explain SELECT id, c FROM sbtest1 WHERE id BETWEEN 6617822 AND 6617922
	Index Scan using sbtest1_pkey on sbtest1  (cost=0.43..429.68 rows=108 width=125)
	  Index Cond: ((id >= 6617822) AND (id <= 6617922))

table 2 : explain SELECT id, c FROM sbtest2 WHERE id BETWEEN 6617822 AND 6617922
	Index Scan using sbtest2_pkey on sbtest2  (cost=0.43..426.63 rows=107 width=125)
	  Index Cond: ((id >= 6617822) AND (id <= 6617922))

table 3 : explain SELECT id, c FROM sbtest3 WHERE id BETWEEN 6617822 AND 6617922
	Index Scan using sbtest3_pkey on sbtest3  (cost=0.43..362.32 rows=91 width=125)
	  Index Cond: ((id >= 6617822) AND (id <= 6617922))

table 4 : explain SELECT id, c FROM sbtest4 WHERE id BETWEEN 6617822 AND 6617922
	Index Scan using sbtest4_pkey on sbtest4  (cost=0.43..373.81 rows=94 width=125)
	  Index Cond: ((id >= 6617822) AND (id <= 6617922))

table 5 : explain SELECT id, c FROM sbtest5 WHERE id BETWEEN 6617822 AND 6617922
	Index Scan using sbtest5_pkey on sbtest5  (cost=0.43..443.96 rows=112 width=125)
	  Index Cond: ((id >= 6617822) AND (id <= 6617922))

table 6 : explain SELECT id, c FROM sbtest6 WHERE id BETWEEN 6617822 AND 6617922
	Index Scan using sbtest6_pkey on sbtest6  (cost=0.43..366.30 rows=92 width=125)
	  Index Cond: ((id >= 6617822) AND (id <= 6617922))

table 7 : explain SELECT id, c FROM sbtest7 WHERE id BETWEEN 6617822 AND 6617922
	Index Scan using sbtest7_pkey on sbtest7  (cost=0.43..385.92 rows=97 width=125)
	  Index Cond: ((id >= 6617822) AND (id <= 6617922))

table 8 : explain SELECT id, c FROM sbtest8 WHERE id BETWEEN 6617822 AND 6617922
	Index Scan using sbtest8_pkey on sbtest8  (cost=0.43..417.60 rows=105 width=125)
	  Index Cond: ((id >= 6617822) AND (id <= 6617922))

explain: for range-notcovered :: explain SELECT id, c FROM sbtest%d WHERE id BETWEEN 6617822 AND 6617922
for range-notcovered
table 1 : explain SELECT id, c FROM sbtest1 WHERE id BETWEEN 4411091 AND 4411191
	Index Scan using sbtest1_pkey on sbtest1  (cost=0.43..362.75 rows=91 width=125)
	  Index Cond: ((id >= 4411091) AND (id <= 4411191))

table 2 : explain SELECT id, c FROM sbtest2 WHERE id BETWEEN 4411091 AND 4411191
	Index Scan using sbtest2_pkey on sbtest2  (cost=0.43..395.07 rows=99 width=125)
	  Index Cond: ((id >= 4411091) AND (id <= 4411191))

table 3 : explain SELECT id, c FROM sbtest3 WHERE id BETWEEN 4411091 AND 4411191
	Index Scan using sbtest3_pkey on sbtest3  (cost=0.43..374.11 rows=94 width=125)
	  Index Cond: ((id >= 4411091) AND (id <= 4411191))

table 4 : explain SELECT id, c FROM sbtest4 WHERE id BETWEEN 4411091 AND 4411191
	Index Scan using sbtest4_pkey on sbtest4  (cost=0.43..377.74 rows=95 width=125)
	  Index Cond: ((id >= 4411091) AND (id <= 4411191))

table 5 : explain SELECT id, c FROM sbtest5 WHERE id BETWEEN 4411091 AND 4411191
	Index Scan using sbtest5_pkey on sbtest5  (cost=0.43..381.17 rows=96 width=125)
	  Index Cond: ((id >= 4411091) AND (id <= 4411191))

table 6 : explain SELECT id, c FROM sbtest6 WHERE id BETWEEN 4411091 AND 4411191
	Index Scan using sbtest6_pkey on sbtest6  (cost=0.43..366.30 rows=92 width=125)
	  Index Cond: ((id >= 4411091) AND (id <= 4411191))

table 7 : explain SELECT id, c FROM sbtest7 WHERE id BETWEEN 4411091 AND 4411191
	Index Scan using sbtest7_pkey on sbtest7  (cost=0.43..433.10 rows=109 width=125)
	  Index Cond: ((id >= 4411091) AND (id <= 4411191))

table 8 : explain SELECT id, c FROM sbtest8 WHERE id BETWEEN 4411091 AND 4411191
	Index Scan using sbtest8_pkey on sbtest8  (cost=0.43..394.00 rows=99 width=125)
	  Index Cond: ((id >= 4411091) AND (id <= 4411191))

for range-notcovered
table 1 : explain SELECT id, c FROM sbtest1 WHERE id BETWEEN 3296326 AND 3296426
	Index Scan using sbtest1_pkey on sbtest1  (cost=0.43..386.38 rows=97 width=125)
	  Index Cond: ((id >= 3296326) AND (id <= 3296426))

table 2 : explain SELECT id, c FROM sbtest2 WHERE id BETWEEN 3296326 AND 3296426
	Index Scan using sbtest2_pkey on sbtest2  (cost=0.43..410.85 rows=103 width=125)
	  Index Cond: ((id >= 3296326) AND (id <= 3296426))

table 3 : explain SELECT id, c FROM sbtest3 WHERE id BETWEEN 3296326 AND 3296426
	Index Scan using sbtest3_pkey on sbtest3  (cost=0.43..413.42 rows=104 width=125)
	  Index Cond: ((id >= 3296326) AND (id <= 3296426))

table 4 : explain SELECT id, c FROM sbtest4 WHERE id BETWEEN 3296326 AND 3296426
	Index Scan using sbtest4_pkey on sbtest4  (cost=0.43..409.16 rows=103 width=125)
	  Index Cond: ((id >= 3296326) AND (id <= 3296426))

table 5 : explain SELECT id, c FROM sbtest5 WHERE id BETWEEN 3296326 AND 3296426
	Index Scan using sbtest5_pkey on sbtest5  (cost=0.43..392.97 rows=99 width=125)
	  Index Cond: ((id >= 3296326) AND (id <= 3296426))

table 6 : explain SELECT id, c FROM sbtest6 WHERE id BETWEEN 3296326 AND 3296426
	Index Scan using sbtest6_pkey on sbtest6  (cost=0.43..382.05 rows=96 width=125)
	  Index Cond: ((id >= 3296326) AND (id <= 3296426))

table 7 : explain SELECT id, c FROM sbtest7 WHERE id BETWEEN 3296326 AND 3296426
	Index Scan using sbtest7_pkey on sbtest7  (cost=0.43..421.31 rows=106 width=125)
	  Index Cond: ((id >= 3296326) AND (id <= 3296426))

table 8 : explain SELECT id, c FROM sbtest8 WHERE id BETWEEN 3296326 AND 3296426
	Index Scan using sbtest8_pkey on sbtest8  (cost=0.43..405.80 rows=102 width=125)
	  Index Cond: ((id >= 3296326) AND (id <= 3296426))

for range-notcovered
table 1 : explain SELECT id, c FROM sbtest1 WHERE id BETWEEN 7299619 AND 7299719
	Index Scan using sbtest1_pkey on sbtest1  (cost=0.43..390.32 rows=98 width=125)
	  Index Cond: ((id >= 7299619) AND (id <= 7299719))

table 2 : explain SELECT id, c FROM sbtest2 WHERE id BETWEEN 7299619 AND 7299719
	Index Scan using sbtest2_pkey on sbtest2  (cost=0.43..434.52 rows=109 width=125)
	  Index Cond: ((id >= 7299619) AND (id <= 7299719))

table 3 : explain SELECT id, c FROM sbtest3 WHERE id BETWEEN 7299619 AND 7299719
	Index Scan using sbtest3_pkey on sbtest3  (cost=0.43..389.84 rows=98 width=125)
	  Index Cond: ((id >= 7299619) AND (id <= 7299719))

table 4 : explain SELECT id, c FROM sbtest4 WHERE id BETWEEN 7299619 AND 7299719
	Index Scan using sbtest4_pkey on sbtest4  (cost=0.43..362.01 rows=91 width=125)
	  Index Cond: ((id >= 7299619) AND (id <= 7299719))

table 5 : explain SELECT id, c FROM sbtest5 WHERE id BETWEEN 7299619 AND 7299719
	Index Scan using sbtest5_pkey on sbtest5  (cost=0.43..369.41 rows=93 width=125)
	  Index Cond: ((id >= 7299619) AND (id <= 7299719))

table 6 : explain SELECT id, c FROM sbtest6 WHERE id BETWEEN 7299619 AND 7299719
	Index Scan using sbtest6_pkey on sbtest6  (cost=0.43..378.12 rows=95 width=125)
	  Index Cond: ((id >= 7299619) AND (id <= 7299719))

table 7 : explain SELECT id, c FROM sbtest7 WHERE id BETWEEN 7299619 AND 7299719
	Index Scan using sbtest7_pkey on sbtest7  (cost=0.43..417.37 rows=105 width=125)
	  Index Cond: ((id >= 7299619) AND (id <= 7299719))

table 8 : explain SELECT id, c FROM sbtest8 WHERE id BETWEEN 7299619 AND 7299719
	Index Scan using sbtest8_pkey on sbtest8  (cost=0.43..358.58 rows=90 width=125)
	  Index Cond: ((id >= 7299619) AND (id <= 7299719))

explain: for range-notcovered :: explain SELECT id, c FROM sbtest%d WHERE id BETWEEN 4411091 AND 4411191
explain: for range-notcovered :: explain SELECT id, c FROM sbtest%d WHERE id BETWEEN 7299619 AND 7299719
for range-notcovered
table 1 : explain SELECT id, c FROM sbtest1 WHERE id BETWEEN 5750088 AND 5750188
	Index Scan using sbtest1_pkey on sbtest1  (cost=0.43..425.75 rows=107 width=125)
	  Index Cond: ((id >= 5750088) AND (id <= 5750188))

table 2 : explain SELECT id, c FROM sbtest2 WHERE id BETWEEN 5750088 AND 5750188
	Index Scan using sbtest2_pkey on sbtest2  (cost=0.43..391.13 rows=98 width=125)
	  Index Cond: ((id >= 5750088) AND (id <= 5750188))

table 3 : explain SELECT id, c FROM sbtest3 WHERE id BETWEEN 5750088 AND 5750188
	Index Scan using sbtest3_pkey on sbtest3  (cost=0.43..413.42 rows=104 width=125)
	  Index Cond: ((id >= 5750088) AND (id <= 5750188))

table 4 : explain SELECT id, c FROM sbtest4 WHERE id BETWEEN 5750088 AND 5750188
	Index Scan using sbtest4_pkey on sbtest4  (cost=0.43..417.02 rows=105 width=125)
	  Index Cond: ((id >= 5750088) AND (id <= 5750188))

table 5 : explain SELECT id, c FROM sbtest5 WHERE id BETWEEN 5750088 AND 5750188
	Index Scan using sbtest5_pkey on sbtest5  (cost=0.43..404.74 rows=102 width=125)
	  Index Cond: ((id >= 5750088) AND (id <= 5750188))

table 6 : explain SELECT id, c FROM sbtest6 WHERE id BETWEEN 5750088 AND 5750188
	Index Scan using sbtest6_pkey on sbtest6  (cost=0.43..393.85 rows=99 width=125)
	  Index Cond: ((id >= 5750088) AND (id <= 5750188))

table 7 : explain SELECT id, c FROM sbtest7 WHERE id BETWEEN 5750088 AND 5750188
	Index Scan using sbtest7_pkey on sbtest7  (cost=0.43..421.31 rows=106 width=125)
	  Index Cond: ((id >= 5750088) AND (id <= 5750188))

table 8 : explain SELECT id, c FROM sbtest8 WHERE id BETWEEN 5750088 AND 5750188
	Index Scan using sbtest8_pkey on sbtest8  (cost=0.43..405.80 rows=102 width=125)
	  Index Cond: ((id >= 5750088) AND (id <= 5750188))

explain: for range-notcovered :: explain SELECT id, c FROM sbtest%d WHERE id BETWEEN 3296326 AND 3296426
explain: for range-notcovered :: explain SELECT id, c FROM sbtest%d WHERE id BETWEEN 5750088 AND 5750188
for range-notcovered
table 1 : explain SELECT id, c FROM sbtest1 WHERE id BETWEEN 8272173 AND 8272273
	Index Scan using sbtest1_pkey on sbtest1  (cost=0.43..410.00 rows=103 width=125)
	  Index Cond: ((id >= 8272173) AND (id <= 8272273))

table 2 : explain SELECT id, c FROM sbtest2 WHERE id BETWEEN 8272173 AND 8272273
	Index Scan using sbtest2_pkey on sbtest2  (cost=0.43..406.91 rows=102 width=125)
	  Index Cond: ((id >= 8272173) AND (id <= 8272273))

table 3 : explain SELECT id, c FROM sbtest3 WHERE id BETWEEN 8272173 AND 8272273
	Index Scan using sbtest3_pkey on sbtest3  (cost=0.43..397.70 rows=100 width=125)
	  Index Cond: ((id >= 8272173) AND (id <= 8272273))

table 4 : explain SELECT id, c FROM sbtest4 WHERE id BETWEEN 8272173 AND 8272273
	Index Scan using sbtest4_pkey on sbtest4  (cost=0.43..389.52 rows=98 width=125)
	  Index Cond: ((id >= 8272173) AND (id <= 8272273))

table 5 : explain SELECT id, c FROM sbtest5 WHERE id BETWEEN 8272173 AND 8272273
	Index Scan using sbtest5_pkey on sbtest5  (cost=0.43..416.50 rows=105 width=125)
	  Index Cond: ((id >= 8272173) AND (id <= 8272273))

table 6 : explain SELECT id, c FROM sbtest6 WHERE id BETWEEN 8272173 AND 8272273
	Index Scan using sbtest6_pkey on sbtest6  (cost=0.43..421.37 rows=106 width=125)
	  Index Cond: ((id >= 8272173) AND (id <= 8272273))

table 7 : explain SELECT id, c FROM sbtest7 WHERE id BETWEEN 8272173 AND 8272273
	Index Scan using sbtest7_pkey on sbtest7  (cost=0.43..374.13 rows=94 width=125)
	  Index Cond: ((id >= 8272173) AND (id <= 8272273))

table 8 : explain SELECT id, c FROM sbtest8 WHERE id BETWEEN 8272173 AND 8272273
	Index Scan using sbtest8_pkey on sbtest8  (cost=0.43..397.93 rows=100 width=125)
	  Index Cond: ((id >= 8272173) AND (id <= 8272273))

for range-notcovered
table 1 : explain SELECT id, c FROM sbtest1 WHERE id BETWEEN 2612273 AND 2612373
	Index Scan using sbtest1_pkey on sbtest1  (cost=0.43..394.26 rows=99 width=125)
	  Index Cond: ((id >= 2612273) AND (id <= 2612373))

table 2 : explain SELECT id, c FROM sbtest2 WHERE id BETWEEN 2612273 AND 2612373
	Index Scan using sbtest2_pkey on sbtest2  (cost=0.43..391.13 rows=98 width=125)
	  Index Cond: ((id >= 2612273) AND (id <= 2612373))

table 3 : explain SELECT id, c FROM sbtest3 WHERE id BETWEEN 2612273 AND 2612373
	Index Scan using sbtest3_pkey on sbtest3  (cost=0.43..401.63 rows=101 width=125)
	  Index Cond: ((id >= 2612273) AND (id <= 2612373))

table 4 : explain SELECT id, c FROM sbtest4 WHERE id BETWEEN 2612273 AND 2612373
	Index Scan using sbtest4_pkey on sbtest4  (cost=0.43..405.24 rows=102 width=125)
	  Index Cond: ((id >= 2612273) AND (id <= 2612373))

table 5 : explain SELECT id, c FROM sbtest5 WHERE id BETWEEN 2612273 AND 2612373
	Index Scan using sbtest5_pkey on sbtest5  (cost=0.43..404.74 rows=102 width=125)
	  Index Cond: ((id >= 2612273) AND (id <= 2612373))

table 6 : explain SELECT id, c FROM sbtest6 WHERE id BETWEEN 2612273 AND 2612373
	Index Scan using sbtest6_pkey on sbtest6  (cost=0.43..389.92 rows=98 width=125)
	  Index Cond: ((id >= 2612273) AND (id <= 2612373))

table 7 : explain SELECT id, c FROM sbtest7 WHERE id BETWEEN 2612273 AND 2612373
	Index Scan using sbtest7_pkey on sbtest7  (cost=0.43..378.06 rows=95 width=125)
	  Index Cond: ((id >= 2612273) AND (id <= 2612373))

table 8 : explain SELECT id, c FROM sbtest8 WHERE id BETWEEN 2612273 AND 2612373
	Index Scan using sbtest8_pkey on sbtest8  (cost=0.43..390.07 rows=98 width=125)
	  Index Cond: ((id >= 2612273) AND (id <= 2612373))

explain: for range-notcovered :: explain SELECT id, c FROM sbtest%d WHERE id BETWEEN 8272173 AND 8272273
explain: for range-notcovered :: explain SELECT id, c FROM sbtest%d WHERE id BETWEEN 2612273 AND 2612373
for range-notcovered
table 1 : explain SELECT id, c FROM sbtest1 WHERE id BETWEEN 6617822 AND 6617922
	Index Scan using sbtest1_pkey on sbtest1  (cost=0.43..429.68 rows=108 width=125)
	  Index Cond: ((id >= 6617822) AND (id <= 6617922))

table 2 : explain SELECT id, c FROM sbtest2 WHERE id BETWEEN 6617822 AND 6617922
	Index Scan using sbtest2_pkey on sbtest2  (cost=0.43..426.63 rows=107 width=125)
	  Index Cond: ((id >= 6617822) AND (id <= 6617922))

table 3 : explain SELECT id, c FROM sbtest3 WHERE id BETWEEN 6617822 AND 6617922
	Index Scan using sbtest3_pkey on sbtest3  (cost=0.43..362.32 rows=91 width=125)
	  Index Cond: ((id >= 6617822) AND (id <= 6617922))

table 4 : explain SELECT id, c FROM sbtest4 WHERE id BETWEEN 6617822 AND 6617922
	Index Scan using sbtest4_pkey on sbtest4  (cost=0.43..373.81 rows=94 width=125)
	  Index Cond: ((id >= 6617822) AND (id <= 6617922))

table 5 : explain SELECT id, c FROM sbtest5 WHERE id BETWEEN 6617822 AND 6617922
	Index Scan using sbtest5_pkey on sbtest5  (cost=0.43..443.96 rows=112 width=125)
	  Index Cond: ((id >= 6617822) AND (id <= 6617922))

table 6 : explain SELECT id, c FROM sbtest6 WHERE id BETWEEN 6617822 AND 6617922
	Index Scan using sbtest6_pkey on sbtest6  (cost=0.43..366.30 rows=92 width=125)
	  Index Cond: ((id >= 6617822) AND (id <= 6617922))

table 7 : explain SELECT id, c FROM sbtest7 WHERE id BETWEEN 6617822 AND 6617922
	Index Scan using sbtest7_pkey on sbtest7  (cost=0.43..385.92 rows=97 width=125)
	  Index Cond: ((id >= 6617822) AND (id <= 6617922))

table 8 : explain SELECT id, c FROM sbtest8 WHERE id BETWEEN 6617822 AND 6617922
	Index Scan using sbtest8_pkey on sbtest8  (cost=0.43..417.60 rows=105 width=125)
	  Index Cond: ((id >= 6617822) AND (id <= 6617922))

explain: for range-notcovered :: explain SELECT id, c FROM sbtest%d WHERE id BETWEEN 6617822 AND 6617922
for range-notcovered
table 1 : explain SELECT id, c FROM sbtest1 WHERE id BETWEEN 5750088 AND 5750188
	Index Scan using sbtest1_pkey on sbtest1  (cost=0.43..425.75 rows=107 width=125)
	  Index Cond: ((id >= 5750088) AND (id <= 5750188))

table 2 : explain SELECT id, c FROM sbtest2 WHERE id BETWEEN 5750088 AND 5750188
	Index Scan using sbtest2_pkey on sbtest2  (cost=0.43..391.13 rows=98 width=125)
	  Index Cond: ((id >= 5750088) AND (id <= 5750188))

table 3 : explain SELECT id, c FROM sbtest3 WHERE id BETWEEN 5750088 AND 5750188
	Index Scan using sbtest3_pkey on sbtest3  (cost=0.43..413.42 rows=104 width=125)
	  Index Cond: ((id >= 5750088) AND (id <= 5750188))

table 4 : explain SELECT id, c FROM sbtest4 WHERE id BETWEEN 5750088 AND 5750188
	Index Scan using sbtest4_pkey on sbtest4  (cost=0.43..417.02 rows=105 width=125)
	  Index Cond: ((id >= 5750088) AND (id <= 5750188))

table 5 : explain SELECT id, c FROM sbtest5 WHERE id BETWEEN 5750088 AND 5750188
	Index Scan using sbtest5_pkey on sbtest5  (cost=0.43..404.74 rows=102 width=125)
	  Index Cond: ((id >= 5750088) AND (id <= 5750188))

table 6 : explain SELECT id, c FROM sbtest6 WHERE id BETWEEN 5750088 AND 5750188
	Index Scan using sbtest6_pkey on sbtest6  (cost=0.43..393.85 rows=99 width=125)
	  Index Cond: ((id >= 5750088) AND (id <= 5750188))

table 7 : explain SELECT id, c FROM sbtest7 WHERE id BETWEEN 5750088 AND 5750188
	Index Scan using sbtest7_pkey on sbtest7  (cost=0.43..421.31 rows=106 width=125)
	  Index Cond: ((id >= 5750088) AND (id <= 5750188))

table 8 : explain SELECT id, c FROM sbtest8 WHERE id BETWEEN 5750088 AND 5750188
	Index Scan using sbtest8_pkey on sbtest8  (cost=0.43..405.80 rows=102 width=125)
	  Index Cond: ((id >= 5750088) AND (id <= 5750188))

explain: for range-notcovered :: explain SELECT id, c FROM sbtest%d WHERE id BETWEEN 5750088 AND 5750188
for range-notcovered
table 1 : explain SELECT id, c FROM sbtest1 WHERE id BETWEEN 4411091 AND 4411191
	Index Scan using sbtest1_pkey on sbtest1  (cost=0.43..362.75 rows=91 width=125)
	  Index Cond: ((id >= 4411091) AND (id <= 4411191))

table 2 : explain SELECT id, c FROM sbtest2 WHERE id BETWEEN 4411091 AND 4411191
	Index Scan using sbtest2_pkey on sbtest2  (cost=0.43..395.07 rows=99 width=125)
	  Index Cond: ((id >= 4411091) AND (id <= 4411191))

table 3 : explain SELECT id, c FROM sbtest3 WHERE id BETWEEN 4411091 AND 4411191
	Index Scan using sbtest3_pkey on sbtest3  (cost=0.43..374.11 rows=94 width=125)
	  Index Cond: ((id >= 4411091) AND (id <= 4411191))

table 4 : explain SELECT id, c FROM sbtest4 WHERE id BETWEEN 4411091 AND 4411191
	Index Scan using sbtest4_pkey on sbtest4  (cost=0.43..377.74 rows=95 width=125)
	  Index Cond: ((id >= 4411091) AND (id <= 4411191))

table 5 : explain SELECT id, c FROM sbtest5 WHERE id BETWEEN 4411091 AND 4411191
	Index Scan using sbtest5_pkey on sbtest5  (cost=0.43..381.17 rows=96 width=125)
	  Index Cond: ((id >= 4411091) AND (id <= 4411191))

table 6 : explain SELECT id, c FROM sbtest6 WHERE id BETWEEN 4411091 AND 4411191
	Index Scan using sbtest6_pkey on sbtest6  (cost=0.43..366.30 rows=92 width=125)
	  Index Cond: ((id >= 4411091) AND (id <= 4411191))

table 7 : explain SELECT id, c FROM sbtest7 WHERE id BETWEEN 4411091 AND 4411191
	Index Scan using sbtest7_pkey on sbtest7  (cost=0.43..433.10 rows=109 width=125)
	  Index Cond: ((id >= 4411091) AND (id <= 4411191))

table 8 : explain SELECT id, c FROM sbtest8 WHERE id BETWEEN 4411091 AND 4411191
	Index Scan using sbtest8_pkey on sbtest8  (cost=0.43..394.00 rows=99 width=125)
	  Index Cond: ((id >= 4411091) AND (id <= 4411191))

explain: for range-notcovered :: explain SELECT id, c FROM sbtest%d WHERE id BETWEEN 4411091 AND 4411191
for range-notcovered
table 1 : explain SELECT id, c FROM sbtest1 WHERE id BETWEEN 2612273 AND 2612373
	Index Scan using sbtest1_pkey on sbtest1  (cost=0.43..394.26 rows=99 width=125)
	  Index Cond: ((id >= 2612273) AND (id <= 2612373))

table 2 : explain SELECT id, c FROM sbtest2 WHERE id BETWEEN 2612273 AND 2612373
	Index Scan using sbtest2_pkey on sbtest2  (cost=0.43..391.13 rows=98 width=125)
	  Index Cond: ((id >= 2612273) AND (id <= 2612373))

table 3 : explain SELECT id, c FROM sbtest3 WHERE id BETWEEN 2612273 AND 2612373
	Index Scan using sbtest3_pkey on sbtest3  (cost=0.43..401.63 rows=101 width=125)
	  Index Cond: ((id >= 2612273) AND (id <= 2612373))

table 4 : explain SELECT id, c FROM sbtest4 WHERE id BETWEEN 2612273 AND 2612373
	Index Scan using sbtest4_pkey on sbtest4  (cost=0.43..405.24 rows=102 width=125)
	  Index Cond: ((id >= 2612273) AND (id <= 2612373))

table 5 : explain SELECT id, c FROM sbtest5 WHERE id BETWEEN 2612273 AND 2612373
	Index Scan using sbtest5_pkey on sbtest5  (cost=0.43..404.74 rows=102 width=125)
	  Index Cond: ((id >= 2612273) AND (id <= 2612373))

table 6 : explain SELECT id, c FROM sbtest6 WHERE id BETWEEN 2612273 AND 2612373
	Index Scan using sbtest6_pkey on sbtest6  (cost=0.43..389.92 rows=98 width=125)
	  Index Cond: ((id >= 2612273) AND (id <= 2612373))

table 7 : explain SELECT id, c FROM sbtest7 WHERE id BETWEEN 2612273 AND 2612373
	Index Scan using sbtest7_pkey on sbtest7  (cost=0.43..378.06 rows=95 width=125)
	  Index Cond: ((id >= 2612273) AND (id <= 2612373))

table 8 : explain SELECT id, c FROM sbtest8 WHERE id BETWEEN 2612273 AND 2612373
	Index Scan using sbtest8_pkey on sbtest8  (cost=0.43..390.07 rows=98 width=125)
	  Index Cond: ((id >= 2612273) AND (id <= 2612373))

for range-notcovered
table 1 : explain SELECT id, c FROM sbtest1 WHERE id BETWEEN 8272173 AND 8272273
	Index Scan using sbtest1_pkey on sbtest1  (cost=0.43..410.00 rows=103 width=125)
	  Index Cond: ((id >= 8272173) AND (id <= 8272273))

table 2 : explain SELECT id, c FROM sbtest2 WHERE id BETWEEN 8272173 AND 8272273
	Index Scan using sbtest2_pkey on sbtest2  (cost=0.43..406.91 rows=102 width=125)
	  Index Cond: ((id >= 8272173) AND (id <= 8272273))

table 3 : explain SELECT id, c FROM sbtest3 WHERE id BETWEEN 8272173 AND 8272273
	Index Scan using sbtest3_pkey on sbtest3  (cost=0.43..397.70 rows=100 width=125)
	  Index Cond: ((id >= 8272173) AND (id <= 8272273))

table 4 : explain SELECT id, c FROM sbtest4 WHERE id BETWEEN 8272173 AND 8272273
	Index Scan using sbtest4_pkey on sbtest4  (cost=0.43..389.52 rows=98 width=125)
	  Index Cond: ((id >= 8272173) AND (id <= 8272273))

table 5 : explain SELECT id, c FROM sbtest5 WHERE id BETWEEN 8272173 AND 8272273
	Index Scan using sbtest5_pkey on sbtest5  (cost=0.43..416.50 rows=105 width=125)
	  Index Cond: ((id >= 8272173) AND (id <= 8272273))

table 6 : explain SELECT id, c FROM sbtest6 WHERE id BETWEEN 8272173 AND 8272273
	Index Scan using sbtest6_pkey on sbtest6  (cost=0.43..421.37 rows=106 width=125)
	  Index Cond: ((id >= 8272173) AND (id <= 8272273))

table 7 : explain SELECT id, c FROM sbtest7 WHERE id BETWEEN 8272173 AND 8272273
	Index Scan using sbtest7_pkey on sbtest7  (cost=0.43..374.13 rows=94 width=125)
	  Index Cond: ((id >= 8272173) AND (id <= 8272273))

table 8 : explain SELECT id, c FROM sbtest8 WHERE id BETWEEN 8272173 AND 8272273
	Index Scan using sbtest8_pkey on sbtest8  (cost=0.43..397.93 rows=100 width=125)
	  Index Cond: ((id >= 8272173) AND (id <= 8272273))

for range-notcovered
table 1 : explain SELECT id, c FROM sbtest1 WHERE id BETWEEN 6617822 AND 6617922
	Index Scan using sbtest1_pkey on sbtest1  (cost=0.43..429.68 rows=108 width=125)
	  Index Cond: ((id >= 6617822) AND (id <= 6617922))

table 2 : explain SELECT id, c FROM sbtest2 WHERE id BETWEEN 6617822 AND 6617922
	Index Scan using sbtest2_pkey on sbtest2  (cost=0.43..426.63 rows=107 width=125)
	  Index Cond: ((id >= 6617822) AND (id <= 6617922))

table 3 : explain SELECT id, c FROM sbtest3 WHERE id BETWEEN 6617822 AND 6617922
	Index Scan using sbtest3_pkey on sbtest3  (cost=0.43..362.32 rows=91 width=125)
	  Index Cond: ((id >= 6617822) AND (id <= 6617922))

table 4 : explain SELECT id, c FROM sbtest4 WHERE id BETWEEN 6617822 AND 6617922
	Index Scan using sbtest4_pkey on sbtest4  (cost=0.43..373.81 rows=94 width=125)
	  Index Cond: ((id >= 6617822) AND (id <= 6617922))

table 5 : explain SELECT id, c FROM sbtest5 WHERE id BETWEEN 6617822 AND 6617922
	Index Scan using sbtest5_pkey on sbtest5  (cost=0.43..443.96 rows=112 width=125)
	  Index Cond: ((id >= 6617822) AND (id <= 6617922))

table 6 : explain SELECT id, c FROM sbtest6 WHERE id BETWEEN 6617822 AND 6617922
	Index Scan using sbtest6_pkey on sbtest6  (cost=0.43..366.30 rows=92 width=125)
	  Index Cond: ((id >= 6617822) AND (id <= 6617922))

table 7 : explain SELECT id, c FROM sbtest7 WHERE id BETWEEN 6617822 AND 6617922
	Index Scan using sbtest7_pkey on sbtest7  (cost=0.43..385.92 rows=97 width=125)
	  Index Cond: ((id >= 6617822) AND (id <= 6617922))

table 8 : explain SELECT id, c FROM sbtest8 WHERE id BETWEEN 6617822 AND 6617922
	Index Scan using sbtest8_pkey on sbtest8  (cost=0.43..417.60 rows=105 width=125)
	  Index Cond: ((id >= 6617822) AND (id <= 6617922))

explain: for range-notcovered :: explain SELECT id, c FROM sbtest%d WHERE id BETWEEN 2612273 AND 2612373
explain: for range-notcovered :: explain SELECT id, c FROM sbtest%d WHERE id BETWEEN 8272173 AND 8272273
explain: for range-notcovered :: explain SELECT id, c FROM sbtest%d WHERE id BETWEEN 6617822 AND 6617922
for range-notcovered
table 1 : explain SELECT id, c FROM sbtest1 WHERE id BETWEEN 7299619 AND 7299719
	Index Scan using sbtest1_pkey on sbtest1  (cost=0.43..390.32 rows=98 width=125)
	  Index Cond: ((id >= 7299619) AND (id <= 7299719))

table 2 : explain SELECT id, c FROM sbtest2 WHERE id BETWEEN 7299619 AND 7299719
	Index Scan using sbtest2_pkey on sbtest2  (cost=0.43..434.52 rows=109 width=125)
	  Index Cond: ((id >= 7299619) AND (id <= 7299719))

table 3 : explain SELECT id, c FROM sbtest3 WHERE id BETWEEN 7299619 AND 7299719
	Index Scan using sbtest3_pkey on sbtest3  (cost=0.43..389.84 rows=98 width=125)
	  Index Cond: ((id >= 7299619) AND (id <= 7299719))

table 4 : explain SELECT id, c FROM sbtest4 WHERE id BETWEEN 7299619 AND 7299719
	Index Scan using sbtest4_pkey on sbtest4  (cost=0.43..362.01 rows=91 width=125)
	  Index Cond: ((id >= 7299619) AND (id <= 7299719))

table 5 : explain SELECT id, c FROM sbtest5 WHERE id BETWEEN 7299619 AND 7299719
	Index Scan using sbtest5_pkey on sbtest5  (cost=0.43..369.41 rows=93 width=125)
	  Index Cond: ((id >= 7299619) AND (id <= 7299719))

table 6 : explain SELECT id, c FROM sbtest6 WHERE id BETWEEN 7299619 AND 7299719
	Index Scan using sbtest6_pkey on sbtest6  (cost=0.43..378.12 rows=95 width=125)
	  Index Cond: ((id >= 7299619) AND (id <= 7299719))

table 7 : explain SELECT id, c FROM sbtest7 WHERE id BETWEEN 7299619 AND 7299719
	Index Scan using sbtest7_pkey on sbtest7  (cost=0.43..417.37 rows=105 width=125)
	  Index Cond: ((id >= 7299619) AND (id <= 7299719))

table 8 : explain SELECT id, c FROM sbtest8 WHERE id BETWEEN 7299619 AND 7299719
	Index Scan using sbtest8_pkey on sbtest8  (cost=0.43..358.58 rows=90 width=125)
	  Index Cond: ((id >= 7299619) AND (id <= 7299719))

explain: for range-notcovered :: explain SELECT id, c FROM sbtest%d WHERE id BETWEEN 7299619 AND 7299719
for range-notcovered
table 1 : explain SELECT id, c FROM sbtest1 WHERE id BETWEEN 3296326 AND 3296426
	Index Scan using sbtest1_pkey on sbtest1  (cost=0.43..386.38 rows=97 width=125)
	  Index Cond: ((id >= 3296326) AND (id <= 3296426))

table 2 : explain SELECT id, c FROM sbtest2 WHERE id BETWEEN 3296326 AND 3296426
	Index Scan using sbtest2_pkey on sbtest2  (cost=0.43..410.85 rows=103 width=125)
	  Index Cond: ((id >= 3296326) AND (id <= 3296426))

table 3 : explain SELECT id, c FROM sbtest3 WHERE id BETWEEN 3296326 AND 3296426
	Index Scan using sbtest3_pkey on sbtest3  (cost=0.43..413.42 rows=104 width=125)
	  Index Cond: ((id >= 3296326) AND (id <= 3296426))

table 4 : explain SELECT id, c FROM sbtest4 WHERE id BETWEEN 3296326 AND 3296426
	Index Scan using sbtest4_pkey on sbtest4  (cost=0.43..409.16 rows=103 width=125)
	  Index Cond: ((id >= 3296326) AND (id <= 3296426))

table 5 : explain SELECT id, c FROM sbtest5 WHERE id BETWEEN 3296326 AND 3296426
	Index Scan using sbtest5_pkey on sbtest5  (cost=0.43..392.97 rows=99 width=125)
	  Index Cond: ((id >= 3296326) AND (id <= 3296426))

table 6 : explain SELECT id, c FROM sbtest6 WHERE id BETWEEN 3296326 AND 3296426
	Index Scan using sbtest6_pkey on sbtest6  (cost=0.43..382.05 rows=96 width=125)
	  Index Cond: ((id >= 3296326) AND (id <= 3296426))

table 7 : explain SELECT id, c FROM sbtest7 WHERE id BETWEEN 3296326 AND 3296426
	Index Scan using sbtest7_pkey on sbtest7  (cost=0.43..421.31 rows=106 width=125)
	  Index Cond: ((id >= 3296326) AND (id <= 3296426))

table 8 : explain SELECT id, c FROM sbtest8 WHERE id BETWEEN 3296326 AND 3296426
	Index Scan using sbtest8_pkey on sbtest8  (cost=0.43..405.80 rows=102 width=125)
	  Index Cond: ((id >= 3296326) AND (id <= 3296426))

explain: for range-notcovered :: explain SELECT id, c FROM sbtest%d WHERE id BETWEEN 3296326 AND 3296426
for range-notcovered
table 1 : explain SELECT id, c FROM sbtest1 WHERE id BETWEEN 5750088 AND 5750188
	Index Scan using sbtest1_pkey on sbtest1  (cost=0.43..425.75 rows=107 width=125)
	  Index Cond: ((id >= 5750088) AND (id <= 5750188))

table 2 : explain SELECT id, c FROM sbtest2 WHERE id BETWEEN 5750088 AND 5750188
	Index Scan using sbtest2_pkey on sbtest2  (cost=0.43..391.13 rows=98 width=125)
	  Index Cond: ((id >= 5750088) AND (id <= 5750188))

table 3 : explain SELECT id, c FROM sbtest3 WHERE id BETWEEN 5750088 AND 5750188
	Index Scan using sbtest3_pkey on sbtest3  (cost=0.43..413.42 rows=104 width=125)
	  Index Cond: ((id >= 5750088) AND (id <= 5750188))

table 4 : explain SELECT id, c FROM sbtest4 WHERE id BETWEEN 5750088 AND 5750188
	Index Scan using sbtest4_pkey on sbtest4  (cost=0.43..417.02 rows=105 width=125)
	  Index Cond: ((id >= 5750088) AND (id <= 5750188))

table 5 : explain SELECT id, c FROM sbtest5 WHERE id BETWEEN 5750088 AND 5750188
	Index Scan using sbtest5_pkey on sbtest5  (cost=0.43..404.74 rows=102 width=125)
	  Index Cond: ((id >= 5750088) AND (id <= 5750188))

table 6 : explain SELECT id, c FROM sbtest6 WHERE id BETWEEN 5750088 AND 5750188
	Index Scan using sbtest6_pkey on sbtest6  (cost=0.43..393.85 rows=99 width=125)
	  Index Cond: ((id >= 5750088) AND (id <= 5750188))

table 7 : explain SELECT id, c FROM sbtest7 WHERE id BETWEEN 5750088 AND 5750188
	Index Scan using sbtest7_pkey on sbtest7  (cost=0.43..421.31 rows=106 width=125)
	  Index Cond: ((id >= 5750088) AND (id <= 5750188))

table 8 : explain SELECT id, c FROM sbtest8 WHERE id BETWEEN 5750088 AND 5750188
	Index Scan using sbtest8_pkey on sbtest8  (cost=0.43..405.80 rows=102 width=125)
	  Index Cond: ((id >= 5750088) AND (id <= 5750188))

explain: for range-notcovered :: explain SELECT id, c FROM sbtest%d WHERE id BETWEEN 5750088 AND 5750188
for range-notcovered
table 1 : explain SELECT id, c FROM sbtest1 WHERE id BETWEEN 8272173 AND 8272273
	Index Scan using sbtest1_pkey on sbtest1  (cost=0.43..410.00 rows=103 width=125)
	  Index Cond: ((id >= 8272173) AND (id <= 8272273))

table 2 : explain SELECT id, c FROM sbtest2 WHERE id BETWEEN 8272173 AND 8272273
	Index Scan using sbtest2_pkey on sbtest2  (cost=0.43..406.91 rows=102 width=125)
	  Index Cond: ((id >= 8272173) AND (id <= 8272273))

table 3 : explain SELECT id, c FROM sbtest3 WHERE id BETWEEN 8272173 AND 8272273
	Index Scan using sbtest3_pkey on sbtest3  (cost=0.43..397.70 rows=100 width=125)
	  Index Cond: ((id >= 8272173) AND (id <= 8272273))

table 4 : explain SELECT id, c FROM sbtest4 WHERE id BETWEEN 8272173 AND 8272273
	Index Scan using sbtest4_pkey on sbtest4  (cost=0.43..389.52 rows=98 width=125)
	  Index Cond: ((id >= 8272173) AND (id <= 8272273))

table 5 : explain SELECT id, c FROM sbtest5 WHERE id BETWEEN 8272173 AND 8272273
	Index Scan using sbtest5_pkey on sbtest5  (cost=0.43..416.50 rows=105 width=125)
	  Index Cond: ((id >= 8272173) AND (id <= 8272273))

table 6 : explain SELECT id, c FROM sbtest6 WHERE id BETWEEN 8272173 AND 8272273
	Index Scan using sbtest6_pkey on sbtest6  (cost=0.43..421.37 rows=106 width=125)
	  Index Cond: ((id >= 8272173) AND (id <= 8272273))

table 7 : explain SELECT id, c FROM sbtest7 WHERE id BETWEEN 8272173 AND 8272273
	Index Scan using sbtest7_pkey on sbtest7  (cost=0.43..374.13 rows=94 width=125)
	  Index Cond: ((id >= 8272173) AND (id <= 8272273))

table 8 : explain SELECT id, c FROM sbtest8 WHERE id BETWEEN 8272173 AND 8272273
	Index Scan using sbtest8_pkey on sbtest8  (cost=0.43..397.93 rows=100 width=125)
	  Index Cond: ((id >= 8272173) AND (id <= 8272273))

for range-notcovered
table 1 : explain SELECT id, c FROM sbtest1 WHERE id BETWEEN 2612273 AND 2612373
	Index Scan using sbtest1_pkey on sbtest1  (cost=0.43..394.26 rows=99 width=125)
	  Index Cond: ((id >= 2612273) AND (id <= 2612373))

table 2 : explain SELECT id, c FROM sbtest2 WHERE id BETWEEN 2612273 AND 2612373
	Index Scan using sbtest2_pkey on sbtest2  (cost=0.43..391.13 rows=98 width=125)
	  Index Cond: ((id >= 2612273) AND (id <= 2612373))

table 3 : explain SELECT id, c FROM sbtest3 WHERE id BETWEEN 2612273 AND 2612373
	Index Scan using sbtest3_pkey on sbtest3  (cost=0.43..401.63 rows=101 width=125)
	  Index Cond: ((id >= 2612273) AND (id <= 2612373))

table 4 : explain SELECT id, c FROM sbtest4 WHERE id BETWEEN 2612273 AND 2612373
	Index Scan using sbtest4_pkey on sbtest4  (cost=0.43..405.24 rows=102 width=125)
	  Index Cond: ((id >= 2612273) AND (id <= 2612373))

table 5 : explain SELECT id, c FROM sbtest5 WHERE id BETWEEN 2612273 AND 2612373
	Index Scan using sbtest5_pkey on sbtest5  (cost=0.43..404.74 rows=102 width=125)
	  Index Cond: ((id >= 2612273) AND (id <= 2612373))

table 6 : explain SELECT id, c FROM sbtest6 WHERE id BETWEEN 2612273 AND 2612373
	Index Scan using sbtest6_pkey on sbtest6  (cost=0.43..389.92 rows=98 width=125)
	  Index Cond: ((id >= 2612273) AND (id <= 2612373))

table 7 : explain SELECT id, c FROM sbtest7 WHERE id BETWEEN 2612273 AND 2612373
	Index Scan using sbtest7_pkey on sbtest7  (cost=0.43..378.06 rows=95 width=125)
	  Index Cond: ((id >= 2612273) AND (id <= 2612373))

table 8 : explain SELECT id, c FROM sbtest8 WHERE id BETWEEN 2612273 AND 2612373
	Index Scan using sbtest8_pkey on sbtest8  (cost=0.43..390.07 rows=98 width=125)
	  Index Cond: ((id >= 2612273) AND (id <= 2612373))

for range-notcovered
table 1 : explain SELECT id, c FROM sbtest1 WHERE id BETWEEN 6617822 AND 6617922
	Index Scan using sbtest1_pkey on sbtest1  (cost=0.43..429.68 rows=108 width=125)
	  Index Cond: ((id >= 6617822) AND (id <= 6617922))

table 2 : explain SELECT id, c FROM sbtest2 WHERE id BETWEEN 6617822 AND 6617922
	Index Scan using sbtest2_pkey on sbtest2  (cost=0.43..426.63 rows=107 width=125)
	  Index Cond: ((id >= 6617822) AND (id <= 6617922))

table 3 : explain SELECT id, c FROM sbtest3 WHERE id BETWEEN 6617822 AND 6617922
	Index Scan using sbtest3_pkey on sbtest3  (cost=0.43..362.32 rows=91 width=125)
	  Index Cond: ((id >= 6617822) AND (id <= 6617922))

table 4 : explain SELECT id, c FROM sbtest4 WHERE id BETWEEN 6617822 AND 6617922
	Index Scan using sbtest4_pkey on sbtest4  (cost=0.43..373.81 rows=94 width=125)
	  Index Cond: ((id >= 6617822) AND (id <= 6617922))

table 5 : explain SELECT id, c FROM sbtest5 WHERE id BETWEEN 6617822 AND 6617922
	Index Scan using sbtest5_pkey on sbtest5  (cost=0.43..443.96 rows=112 width=125)
	  Index Cond: ((id >= 6617822) AND (id <= 6617922))

table 6 : explain SELECT id, c FROM sbtest6 WHERE id BETWEEN 6617822 AND 6617922
	Index Scan using sbtest6_pkey on sbtest6  (cost=0.43..366.30 rows=92 width=125)
	  Index Cond: ((id >= 6617822) AND (id <= 6617922))

table 7 : explain SELECT id, c FROM sbtest7 WHERE id BETWEEN 6617822 AND 6617922
	Index Scan using sbtest7_pkey on sbtest7  (cost=0.43..385.92 rows=97 width=125)
	  Index Cond: ((id >= 6617822) AND (id <= 6617922))

table 8 : explain SELECT id, c FROM sbtest8 WHERE id BETWEEN 6617822 AND 6617922
	Index Scan using sbtest8_pkey on sbtest8  (cost=0.43..417.60 rows=105 width=125)
	  Index Cond: ((id >= 6617822) AND (id <= 6617922))

explain: for range-notcovered :: explain SELECT id, c FROM sbtest%d WHERE id BETWEEN 8272173 AND 8272273
explain: for range-notcovered :: explain SELECT id, c FROM sbtest%d WHERE id BETWEEN 2612273 AND 2612373
for range-notcovered
table 1 : explain SELECT id, c FROM sbtest1 WHERE id BETWEEN 4411091 AND 4411191
	Index Scan using sbtest1_pkey on sbtest1  (cost=0.43..362.75 rows=91 width=125)
	  Index Cond: ((id >= 4411091) AND (id <= 4411191))

table 2 : explain SELECT id, c FROM sbtest2 WHERE id BETWEEN 4411091 AND 4411191
	Index Scan using sbtest2_pkey on sbtest2  (cost=0.43..395.07 rows=99 width=125)
	  Index Cond: ((id >= 4411091) AND (id <= 4411191))

table 3 : explain SELECT id, c FROM sbtest3 WHERE id BETWEEN 4411091 AND 4411191
	Index Scan using sbtest3_pkey on sbtest3  (cost=0.43..374.11 rows=94 width=125)
	  Index Cond: ((id >= 4411091) AND (id <= 4411191))

table 4 : explain SELECT id, c FROM sbtest4 WHERE id BETWEEN 4411091 AND 4411191
	Index Scan using sbtest4_pkey on sbtest4  (cost=0.43..377.74 rows=95 width=125)
	  Index Cond: ((id >= 4411091) AND (id <= 4411191))

table 5 : explain SELECT id, c FROM sbtest5 WHERE id BETWEEN 4411091 AND 4411191
	Index Scan using sbtest5_pkey on sbtest5  (cost=0.43..381.17 rows=96 width=125)
	  Index Cond: ((id >= 4411091) AND (id <= 4411191))

table 6 : explain SELECT id, c FROM sbtest6 WHERE id BETWEEN 4411091 AND 4411191
	Index Scan using sbtest6_pkey on sbtest6  (cost=0.43..366.30 rows=92 width=125)
	  Index Cond: ((id >= 4411091) AND (id <= 4411191))

table 7 : explain SELECT id, c FROM sbtest7 WHERE id BETWEEN 4411091 AND 4411191
	Index Scan using sbtest7_pkey on sbtest7  (cost=0.43..433.10 rows=109 width=125)
	  Index Cond: ((id >= 4411091) AND (id <= 4411191))

table 8 : explain SELECT id, c FROM sbtest8 WHERE id BETWEEN 4411091 AND 4411191
	Index Scan using sbtest8_pkey on sbtest8  (cost=0.43..394.00 rows=99 width=125)
	  Index Cond: ((id >= 4411091) AND (id <= 4411191))

explain: for range-notcovered :: explain SELECT id, c FROM sbtest%d WHERE id BETWEEN 6617822 AND 6617922
explain: for range-notcovered :: explain SELECT id, c FROM sbtest%d WHERE id BETWEEN 4411091 AND 4411191
for range-notcovered
table 1 : explain SELECT id, c FROM sbtest1 WHERE id BETWEEN 5750088 AND 5750188
	Index Scan using sbtest1_pkey on sbtest1  (cost=0.43..425.75 rows=107 width=125)
	  Index Cond: ((id >= 5750088) AND (id <= 5750188))

table 2 : explain SELECT id, c FROM sbtest2 WHERE id BETWEEN 5750088 AND 5750188
	Index Scan using sbtest2_pkey on sbtest2  (cost=0.43..391.13 rows=98 width=125)
	  Index Cond: ((id >= 5750088) AND (id <= 5750188))

table 3 : explain SELECT id, c FROM sbtest3 WHERE id BETWEEN 5750088 AND 5750188
	Index Scan using sbtest3_pkey on sbtest3  (cost=0.43..413.42 rows=104 width=125)
	  Index Cond: ((id >= 5750088) AND (id <= 5750188))

table 4 : explain SELECT id, c FROM sbtest4 WHERE id BETWEEN 5750088 AND 5750188
	Index Scan using sbtest4_pkey on sbtest4  (cost=0.43..417.02 rows=105 width=125)
	  Index Cond: ((id >= 5750088) AND (id <= 5750188))

table 5 : explain SELECT id, c FROM sbtest5 WHERE id BETWEEN 5750088 AND 5750188
	Index Scan using sbtest5_pkey on sbtest5  (cost=0.43..404.74 rows=102 width=125)
	  Index Cond: ((id >= 5750088) AND (id <= 5750188))

table 6 : explain SELECT id, c FROM sbtest6 WHERE id BETWEEN 5750088 AND 5750188
	Index Scan using sbtest6_pkey on sbtest6  (cost=0.43..393.85 rows=99 width=125)
	  Index Cond: ((id >= 5750088) AND (id <= 5750188))

table 7 : explain SELECT id, c FROM sbtest7 WHERE id BETWEEN 5750088 AND 5750188
	Index Scan using sbtest7_pkey on sbtest7  (cost=0.43..421.31 rows=106 width=125)
	  Index Cond: ((id >= 5750088) AND (id <= 5750188))

table 8 : explain SELECT id, c FROM sbtest8 WHERE id BETWEEN 5750088 AND 5750188
	Index Scan using sbtest8_pkey on sbtest8  (cost=0.43..405.80 rows=102 width=125)
	  Index Cond: ((id >= 5750088) AND (id <= 5750188))

explain: for range-notcovered :: explain SELECT id, c FROM sbtest%d WHERE id BETWEEN 5750088 AND 5750188
for range-notcovered
table 1 : explain SELECT id, c FROM sbtest1 WHERE id BETWEEN 7299619 AND 7299719
	Index Scan using sbtest1_pkey on sbtest1  (cost=0.43..390.32 rows=98 width=125)
	  Index Cond: ((id >= 7299619) AND (id <= 7299719))

table 2 : explain SELECT id, c FROM sbtest2 WHERE id BETWEEN 7299619 AND 7299719
	Index Scan using sbtest2_pkey on sbtest2  (cost=0.43..434.52 rows=109 width=125)
	  Index Cond: ((id >= 7299619) AND (id <= 7299719))

table 3 : explain SELECT id, c FROM sbtest3 WHERE id BETWEEN 7299619 AND 7299719
	Index Scan using sbtest3_pkey on sbtest3  (cost=0.43..389.84 rows=98 width=125)
	  Index Cond: ((id >= 7299619) AND (id <= 7299719))

table 4 : explain SELECT id, c FROM sbtest4 WHERE id BETWEEN 7299619 AND 7299719
	Index Scan using sbtest4_pkey on sbtest4  (cost=0.43..362.01 rows=91 width=125)
	  Index Cond: ((id >= 7299619) AND (id <= 7299719))

table 5 : explain SELECT id, c FROM sbtest5 WHERE id BETWEEN 7299619 AND 7299719
	Index Scan using sbtest5_pkey on sbtest5  (cost=0.43..369.41 rows=93 width=125)
	  Index Cond: ((id >= 7299619) AND (id <= 7299719))

table 6 : explain SELECT id, c FROM sbtest6 WHERE id BETWEEN 7299619 AND 7299719
	Index Scan using sbtest6_pkey on sbtest6  (cost=0.43..378.12 rows=95 width=125)
	  Index Cond: ((id >= 7299619) AND (id <= 7299719))

table 7 : explain SELECT id, c FROM sbtest7 WHERE id BETWEEN 7299619 AND 7299719
	Index Scan using sbtest7_pkey on sbtest7  (cost=0.43..417.37 rows=105 width=125)
	  Index Cond: ((id >= 7299619) AND (id <= 7299719))

table 8 : explain SELECT id, c FROM sbtest8 WHERE id BETWEEN 7299619 AND 7299719
	Index Scan using sbtest8_pkey on sbtest8  (cost=0.43..358.58 rows=90 width=125)
	  Index Cond: ((id >= 7299619) AND (id <= 7299719))

for range-notcovered
table 1 : explain SELECT id, c FROM sbtest1 WHERE id BETWEEN 8272173 AND 8272273
	Index Scan using sbtest1_pkey on sbtest1  (cost=0.43..410.00 rows=103 width=125)
	  Index Cond: ((id >= 8272173) AND (id <= 8272273))

table 2 : explain SELECT id, c FROM sbtest2 WHERE id BETWEEN 8272173 AND 8272273
	Index Scan using sbtest2_pkey on sbtest2  (cost=0.43..406.91 rows=102 width=125)
	  Index Cond: ((id >= 8272173) AND (id <= 8272273))

table 3 : explain SELECT id, c FROM sbtest3 WHERE id BETWEEN 8272173 AND 8272273
	Index Scan using sbtest3_pkey on sbtest3  (cost=0.43..397.70 rows=100 width=125)
	  Index Cond: ((id >= 8272173) AND (id <= 8272273))

table 4 : explain SELECT id, c FROM sbtest4 WHERE id BETWEEN 8272173 AND 8272273
	Index Scan using sbtest4_pkey on sbtest4  (cost=0.43..389.52 rows=98 width=125)
	  Index Cond: ((id >= 8272173) AND (id <= 8272273))

table 5 : explain SELECT id, c FROM sbtest5 WHERE id BETWEEN 8272173 AND 8272273
	Index Scan using sbtest5_pkey on sbtest5  (cost=0.43..416.50 rows=105 width=125)
	  Index Cond: ((id >= 8272173) AND (id <= 8272273))

table 6 : explain SELECT id, c FROM sbtest6 WHERE id BETWEEN 8272173 AND 8272273
	Index Scan using sbtest6_pkey on sbtest6  (cost=0.43..421.37 rows=106 width=125)
	  Index Cond: ((id >= 8272173) AND (id <= 8272273))

table 7 : explain SELECT id, c FROM sbtest7 WHERE id BETWEEN 8272173 AND 8272273
	Index Scan using sbtest7_pkey on sbtest7  (cost=0.43..374.13 rows=94 width=125)
	  Index Cond: ((id >= 8272173) AND (id <= 8272273))

table 8 : explain SELECT id, c FROM sbtest8 WHERE id BETWEEN 8272173 AND 8272273
	Index Scan using sbtest8_pkey on sbtest8  (cost=0.43..397.93 rows=100 width=125)
	  Index Cond: ((id >= 8272173) AND (id <= 8272273))

explain: for range-notcovered :: explain SELECT id, c FROM sbtest%d WHERE id BETWEEN 8272173 AND 8272273
explain: for range-notcovered :: explain SELECT id, c FROM sbtest%d WHERE id BETWEEN 7299619 AND 7299719
for range-notcovered
table 1 : explain SELECT id, c FROM sbtest1 WHERE id BETWEEN 6617822 AND 6617922
	Index Scan using sbtest1_pkey on sbtest1  (cost=0.43..429.68 rows=108 width=125)
	  Index Cond: ((id >= 6617822) AND (id <= 6617922))

table 2 : explain SELECT id, c FROM sbtest2 WHERE id BETWEEN 6617822 AND 6617922
	Index Scan using sbtest2_pkey on sbtest2  (cost=0.43..426.63 rows=107 width=125)
	  Index Cond: ((id >= 6617822) AND (id <= 6617922))

table 3 : explain SELECT id, c FROM sbtest3 WHERE id BETWEEN 6617822 AND 6617922
	Index Scan using sbtest3_pkey on sbtest3  (cost=0.43..362.32 rows=91 width=125)
	  Index Cond: ((id >= 6617822) AND (id <= 6617922))

table 4 : explain SELECT id, c FROM sbtest4 WHERE id BETWEEN 6617822 AND 6617922
	Index Scan using sbtest4_pkey on sbtest4  (cost=0.43..373.81 rows=94 width=125)
	  Index Cond: ((id >= 6617822) AND (id <= 6617922))

table 5 : explain SELECT id, c FROM sbtest5 WHERE id BETWEEN 6617822 AND 6617922
	Index Scan using sbtest5_pkey on sbtest5  (cost=0.43..443.96 rows=112 width=125)
	  Index Cond: ((id >= 6617822) AND (id <= 6617922))

table 6 : explain SELECT id, c FROM sbtest6 WHERE id BETWEEN 6617822 AND 6617922
	Index Scan using sbtest6_pkey on sbtest6  (cost=0.43..366.30 rows=92 width=125)
	  Index Cond: ((id >= 6617822) AND (id <= 6617922))

table 7 : explain SELECT id, c FROM sbtest7 WHERE id BETWEEN 6617822 AND 6617922
	Index Scan using sbtest7_pkey on sbtest7  (cost=0.43..385.92 rows=97 width=125)
	  Index Cond: ((id >= 6617822) AND (id <= 6617922))

table 8 : explain SELECT id, c FROM sbtest8 WHERE id BETWEEN 6617822 AND 6617922
	Index Scan using sbtest8_pkey on sbtest8  (cost=0.43..417.60 rows=105 width=125)
	  Index Cond: ((id >= 6617822) AND (id <= 6617922))

for range-notcovered
table 1 : explain SELECT id, c FROM sbtest1 WHERE id BETWEEN 2612273 AND 2612373
	Index Scan using sbtest1_pkey on sbtest1  (cost=0.43..394.26 rows=99 width=125)
	  Index Cond: ((id >= 2612273) AND (id <= 2612373))

table 2 : explain SELECT id, c FROM sbtest2 WHERE id BETWEEN 2612273 AND 2612373
	Index Scan using sbtest2_pkey on sbtest2  (cost=0.43..391.13 rows=98 width=125)
	  Index Cond: ((id >= 2612273) AND (id <= 2612373))

table 3 : explain SELECT id, c FROM sbtest3 WHERE id BETWEEN 2612273 AND 2612373
	Index Scan using sbtest3_pkey on sbtest3  (cost=0.43..401.63 rows=101 width=125)
	  Index Cond: ((id >= 2612273) AND (id <= 2612373))

table 4 : explain SELECT id, c FROM sbtest4 WHERE id BETWEEN 2612273 AND 2612373
	Index Scan using sbtest4_pkey on sbtest4  (cost=0.43..405.24 rows=102 width=125)
	  Index Cond: ((id >= 2612273) AND (id <= 2612373))

table 5 : explain SELECT id, c FROM sbtest5 WHERE id BETWEEN 2612273 AND 2612373
	Index Scan using sbtest5_pkey on sbtest5  (cost=0.43..404.74 rows=102 width=125)
	  Index Cond: ((id >= 2612273) AND (id <= 2612373))

table 6 : explain SELECT id, c FROM sbtest6 WHERE id BETWEEN 2612273 AND 2612373
	Index Scan using sbtest6_pkey on sbtest6  (cost=0.43..389.92 rows=98 width=125)
	  Index Cond: ((id >= 2612273) AND (id <= 2612373))

table 7 : explain SELECT id, c FROM sbtest7 WHERE id BETWEEN 2612273 AND 2612373
	Index Scan using sbtest7_pkey on sbtest7  (cost=0.43..378.06 rows=95 width=125)
	  Index Cond: ((id >= 2612273) AND (id <= 2612373))

table 8 : explain SELECT id, c FROM sbtest8 WHERE id BETWEEN 2612273 AND 2612373
	Index Scan using sbtest8_pkey on sbtest8  (cost=0.43..390.07 rows=98 width=125)
	  Index Cond: ((id >= 2612273) AND (id <= 2612373))

explain: for range-notcovered :: explain SELECT id, c FROM sbtest%d WHERE id BETWEEN 6617822 AND 6617922
explain: for range-notcovered :: explain SELECT id, c FROM sbtest%d WHERE id BETWEEN 2612273 AND 2612373
for range-notcovered
table 1 : explain SELECT id, c FROM sbtest1 WHERE id BETWEEN 4411091 AND 4411191
	Index Scan using sbtest1_pkey on sbtest1  (cost=0.43..362.75 rows=91 width=125)
	  Index Cond: ((id >= 4411091) AND (id <= 4411191))

table 2 : explain SELECT id, c FROM sbtest2 WHERE id BETWEEN 4411091 AND 4411191
	Index Scan using sbtest2_pkey on sbtest2  (cost=0.43..395.07 rows=99 width=125)
	  Index Cond: ((id >= 4411091) AND (id <= 4411191))

table 3 : explain SELECT id, c FROM sbtest3 WHERE id BETWEEN 4411091 AND 4411191
	Index Scan using sbtest3_pkey on sbtest3  (cost=0.43..374.11 rows=94 width=125)
	  Index Cond: ((id >= 4411091) AND (id <= 4411191))

table 4 : explain SELECT id, c FROM sbtest4 WHERE id BETWEEN 4411091 AND 4411191
	Index Scan using sbtest4_pkey on sbtest4  (cost=0.43..377.74 rows=95 width=125)
	  Index Cond: ((id >= 4411091) AND (id <= 4411191))

table 5 : explain SELECT id, c FROM sbtest5 WHERE id BETWEEN 4411091 AND 4411191
	Index Scan using sbtest5_pkey on sbtest5  (cost=0.43..381.17 rows=96 width=125)
	  Index Cond: ((id >= 4411091) AND (id <= 4411191))

table 6 : explain SELECT id, c FROM sbtest6 WHERE id BETWEEN 4411091 AND 4411191
	Index Scan using sbtest6_pkey on sbtest6  (cost=0.43..366.30 rows=92 width=125)
	  Index Cond: ((id >= 4411091) AND (id <= 4411191))

table 7 : explain SELECT id, c FROM sbtest7 WHERE id BETWEEN 4411091 AND 4411191
	Index Scan using sbtest7_pkey on sbtest7  (cost=0.43..433.10 rows=109 width=125)
	  Index Cond: ((id >= 4411091) AND (id <= 4411191))

table 8 : explain SELECT id, c FROM sbtest8 WHERE id BETWEEN 4411091 AND 4411191
	Index Scan using sbtest8_pkey on sbtest8  (cost=0.43..394.00 rows=99 width=125)
	  Index Cond: ((id >= 4411091) AND (id <= 4411191))

explain: for range-notcovered :: explain SELECT id, c FROM sbtest%d WHERE id BETWEEN 4411091 AND 4411191
for range-notcovered
table 1 : explain SELECT id, c FROM sbtest1 WHERE id BETWEEN 3296326 AND 3296426
	Index Scan using sbtest1_pkey on sbtest1  (cost=0.43..386.38 rows=97 width=125)
	  Index Cond: ((id >= 3296326) AND (id <= 3296426))

table 2 : explain SELECT id, c FROM sbtest2 WHERE id BETWEEN 3296326 AND 3296426
	Index Scan using sbtest2_pkey on sbtest2  (cost=0.43..410.85 rows=103 width=125)
	  Index Cond: ((id >= 3296326) AND (id <= 3296426))

table 3 : explain SELECT id, c FROM sbtest3 WHERE id BETWEEN 3296326 AND 3296426
	Index Scan using sbtest3_pkey on sbtest3  (cost=0.43..413.42 rows=104 width=125)
	  Index Cond: ((id >= 3296326) AND (id <= 3296426))

table 4 : explain SELECT id, c FROM sbtest4 WHERE id BETWEEN 3296326 AND 3296426
	Index Scan using sbtest4_pkey on sbtest4  (cost=0.43..409.16 rows=103 width=125)
	  Index Cond: ((id >= 3296326) AND (id <= 3296426))

table 5 : explain SELECT id, c FROM sbtest5 WHERE id BETWEEN 3296326 AND 3296426
	Index Scan using sbtest5_pkey on sbtest5  (cost=0.43..392.97 rows=99 width=125)
	  Index Cond: ((id >= 3296326) AND (id <= 3296426))

table 6 : explain SELECT id, c FROM sbtest6 WHERE id BETWEEN 3296326 AND 3296426
	Index Scan using sbtest6_pkey on sbtest6  (cost=0.43..382.05 rows=96 width=125)
	  Index Cond: ((id >= 3296326) AND (id <= 3296426))

table 7 : explain SELECT id, c FROM sbtest7 WHERE id BETWEEN 3296326 AND 3296426
	Index Scan using sbtest7_pkey on sbtest7  (cost=0.43..421.31 rows=106 width=125)
	  Index Cond: ((id >= 3296326) AND (id <= 3296426))

table 8 : explain SELECT id, c FROM sbtest8 WHERE id BETWEEN 3296326 AND 3296426
	Index Scan using sbtest8_pkey on sbtest8  (cost=0.43..405.80 rows=102 width=125)
	  Index Cond: ((id >= 3296326) AND (id <= 3296426))

for range-notcovered
table 1 : explain SELECT id, c FROM sbtest1 WHERE id BETWEEN 5750088 AND 5750188
	Index Scan using sbtest1_pkey on sbtest1  (cost=0.43..425.75 rows=107 width=125)
	  Index Cond: ((id >= 5750088) AND (id <= 5750188))

table 2 : explain SELECT id, c FROM sbtest2 WHERE id BETWEEN 5750088 AND 5750188
	Index Scan using sbtest2_pkey on sbtest2  (cost=0.43..391.13 rows=98 width=125)
	  Index Cond: ((id >= 5750088) AND (id <= 5750188))

table 3 : explain SELECT id, c FROM sbtest3 WHERE id BETWEEN 5750088 AND 5750188
	Index Scan using sbtest3_pkey on sbtest3  (cost=0.43..413.42 rows=104 width=125)
	  Index Cond: ((id >= 5750088) AND (id <= 5750188))

table 4 : explain SELECT id, c FROM sbtest4 WHERE id BETWEEN 5750088 AND 5750188
	Index Scan using sbtest4_pkey on sbtest4  (cost=0.43..417.02 rows=105 width=125)
	  Index Cond: ((id >= 5750088) AND (id <= 5750188))

table 5 : explain SELECT id, c FROM sbtest5 WHERE id BETWEEN 5750088 AND 5750188
	Index Scan using sbtest5_pkey on sbtest5  (cost=0.43..404.74 rows=102 width=125)
	  Index Cond: ((id >= 5750088) AND (id <= 5750188))

table 6 : explain SELECT id, c FROM sbtest6 WHERE id BETWEEN 5750088 AND 5750188
	Index Scan using sbtest6_pkey on sbtest6  (cost=0.43..393.85 rows=99 width=125)
	  Index Cond: ((id >= 5750088) AND (id <= 5750188))

table 7 : explain SELECT id, c FROM sbtest7 WHERE id BETWEEN 5750088 AND 5750188
	Index Scan using sbtest7_pkey on sbtest7  (cost=0.43..421.31 rows=106 width=125)
	  Index Cond: ((id >= 5750088) AND (id <= 5750188))

table 8 : explain SELECT id, c FROM sbtest8 WHERE id BETWEEN 5750088 AND 5750188
	Index Scan using sbtest8_pkey on sbtest8  (cost=0.43..405.80 rows=102 width=125)
	  Index Cond: ((id >= 5750088) AND (id <= 5750188))

explain: for range-notcovered :: explain SELECT id, c FROM sbtest%d WHERE id BETWEEN 3296326 AND 3296426
explain: for range-notcovered :: explain SELECT id, c FROM sbtest%d WHERE id BETWEEN 5750088 AND 5750188
explain: for range-notcovered :: explain SELECT id, c FROM sbtest%d WHERE id BETWEEN 8412730 AND 8412830
for range-notcovered
table 1 : explain SELECT id, c FROM sbtest1 WHERE id BETWEEN 8272173 AND 8272273
	Index Scan using sbtest1_pkey on sbtest1  (cost=0.43..410.00 rows=103 width=125)
	  Index Cond: ((id >= 8272173) AND (id <= 8272273))

table 2 : explain SELECT id, c FROM sbtest2 WHERE id BETWEEN 8272173 AND 8272273
	Index Scan using sbtest2_pkey on sbtest2  (cost=0.43..406.91 rows=102 width=125)
	  Index Cond: ((id >= 8272173) AND (id <= 8272273))

table 3 : explain SELECT id, c FROM sbtest3 WHERE id BETWEEN 8272173 AND 8272273
	Index Scan using sbtest3_pkey on sbtest3  (cost=0.43..397.70 rows=100 width=125)
	  Index Cond: ((id >= 8272173) AND (id <= 8272273))

table 4 : explain SELECT id, c FROM sbtest4 WHERE id BETWEEN 8272173 AND 8272273
	Index Scan using sbtest4_pkey on sbtest4  (cost=0.43..389.52 rows=98 width=125)
	  Index Cond: ((id >= 8272173) AND (id <= 8272273))

table 5 : explain SELECT id, c FROM sbtest5 WHERE id BETWEEN 8272173 AND 8272273
	Index Scan using sbtest5_pkey on sbtest5  (cost=0.43..416.50 rows=105 width=125)
	  Index Cond: ((id >= 8272173) AND (id <= 8272273))

table 6 : explain SELECT id, c FROM sbtest6 WHERE id BETWEEN 8272173 AND 8272273
	Index Scan using sbtest6_pkey on sbtest6  (cost=0.43..421.37 rows=106 width=125)
	  Index Cond: ((id >= 8272173) AND (id <= 8272273))

table 7 : explain SELECT id, c FROM sbtest7 WHERE id BETWEEN 8272173 AND 8272273
	Index Scan using sbtest7_pkey on sbtest7  (cost=0.43..374.13 rows=94 width=125)
	  Index Cond: ((id >= 8272173) AND (id <= 8272273))

table 8 : explain SELECT id, c FROM sbtest8 WHERE id BETWEEN 8272173 AND 8272273
	Index Scan using sbtest8_pkey on sbtest8  (cost=0.43..397.93 rows=100 width=125)
	  Index Cond: ((id >= 8272173) AND (id <= 8272273))

explain: for range-notcovered :: explain SELECT id, c FROM sbtest%d WHERE id BETWEEN 8272173 AND 8272273
for range-notcovered
table 1 : explain SELECT id, c FROM sbtest1 WHERE id BETWEEN 6617822 AND 6617922
	Index Scan using sbtest1_pkey on sbtest1  (cost=0.43..429.68 rows=108 width=125)
	  Index Cond: ((id >= 6617822) AND (id <= 6617922))

table 2 : explain SELECT id, c FROM sbtest2 WHERE id BETWEEN 6617822 AND 6617922
	Index Scan using sbtest2_pkey on sbtest2  (cost=0.43..426.63 rows=107 width=125)
	  Index Cond: ((id >= 6617822) AND (id <= 6617922))

table 3 : explain SELECT id, c FROM sbtest3 WHERE id BETWEEN 6617822 AND 6617922
	Index Scan using sbtest3_pkey on sbtest3  (cost=0.43..362.32 rows=91 width=125)
	  Index Cond: ((id >= 6617822) AND (id <= 6617922))

table 4 : explain SELECT id, c FROM sbtest4 WHERE id BETWEEN 6617822 AND 6617922
	Index Scan using sbtest4_pkey on sbtest4  (cost=0.43..373.81 rows=94 width=125)
	  Index Cond: ((id >= 6617822) AND (id <= 6617922))

table 5 : explain SELECT id, c FROM sbtest5 WHERE id BETWEEN 6617822 AND 6617922
	Index Scan using sbtest5_pkey on sbtest5  (cost=0.43..443.96 rows=112 width=125)
	  Index Cond: ((id >= 6617822) AND (id <= 6617922))

table 6 : explain SELECT id, c FROM sbtest6 WHERE id BETWEEN 6617822 AND 6617922
	Index Scan using sbtest6_pkey on sbtest6  (cost=0.43..366.30 rows=92 width=125)
	  Index Cond: ((id >= 6617822) AND (id <= 6617922))

table 7 : explain SELECT id, c FROM sbtest7 WHERE id BETWEEN 6617822 AND 6617922
	Index Scan using sbtest7_pkey on sbtest7  (cost=0.43..385.92 rows=97 width=125)
	  Index Cond: ((id >= 6617822) AND (id <= 6617922))

table 8 : explain SELECT id, c FROM sbtest8 WHERE id BETWEEN 6617822 AND 6617922
	Index Scan using sbtest8_pkey on sbtest8  (cost=0.43..417.60 rows=105 width=125)
	  Index Cond: ((id >= 6617822) AND (id <= 6617922))

explain: for range-notcovered :: explain SELECT id, c FROM sbtest%d WHERE id BETWEEN 6617822 AND 6617922
for range-notcovered
table 1 : explain SELECT id, c FROM sbtest1 WHERE id BETWEEN 2612273 AND 2612373
	Index Scan using sbtest1_pkey on sbtest1  (cost=0.43..394.26 rows=99 width=125)
	  Index Cond: ((id >= 2612273) AND (id <= 2612373))

table 2 : explain SELECT id, c FROM sbtest2 WHERE id BETWEEN 2612273 AND 2612373
	Index Scan using sbtest2_pkey on sbtest2  (cost=0.43..391.13 rows=98 width=125)
	  Index Cond: ((id >= 2612273) AND (id <= 2612373))

table 3 : explain SELECT id, c FROM sbtest3 WHERE id BETWEEN 2612273 AND 2612373
	Index Scan using sbtest3_pkey on sbtest3  (cost=0.43..401.63 rows=101 width=125)
	  Index Cond: ((id >= 2612273) AND (id <= 2612373))

table 4 : explain SELECT id, c FROM sbtest4 WHERE id BETWEEN 2612273 AND 2612373
	Index Scan using sbtest4_pkey on sbtest4  (cost=0.43..405.24 rows=102 width=125)
	  Index Cond: ((id >= 2612273) AND (id <= 2612373))

table 5 : explain SELECT id, c FROM sbtest5 WHERE id BETWEEN 2612273 AND 2612373
	Index Scan using sbtest5_pkey on sbtest5  (cost=0.43..404.74 rows=102 width=125)
	  Index Cond: ((id >= 2612273) AND (id <= 2612373))

table 6 : explain SELECT id, c FROM sbtest6 WHERE id BETWEEN 2612273 AND 2612373
	Index Scan using sbtest6_pkey on sbtest6  (cost=0.43..389.92 rows=98 width=125)
	  Index Cond: ((id >= 2612273) AND (id <= 2612373))

table 7 : explain SELECT id, c FROM sbtest7 WHERE id BETWEEN 2612273 AND 2612373
	Index Scan using sbtest7_pkey on sbtest7  (cost=0.43..378.06 rows=95 width=125)
	  Index Cond: ((id >= 2612273) AND (id <= 2612373))

table 8 : explain SELECT id, c FROM sbtest8 WHERE id BETWEEN 2612273 AND 2612373
	Index Scan using sbtest8_pkey on sbtest8  (cost=0.43..390.07 rows=98 width=125)
	  Index Cond: ((id >= 2612273) AND (id <= 2612373))

explain: for range-notcovered :: explain SELECT id, c FROM sbtest%d WHERE id BETWEEN 2612273 AND 2612373
for range-notcovered
table 1 : explain SELECT id, c FROM sbtest1 WHERE id BETWEEN 7299619 AND 7299719
	Index Scan using sbtest1_pkey on sbtest1  (cost=0.43..390.32 rows=98 width=125)
	  Index Cond: ((id >= 7299619) AND (id <= 7299719))

table 2 : explain SELECT id, c FROM sbtest2 WHERE id BETWEEN 7299619 AND 7299719
	Index Scan using sbtest2_pkey on sbtest2  (cost=0.43..434.52 rows=109 width=125)
	  Index Cond: ((id >= 7299619) AND (id <= 7299719))

table 3 : explain SELECT id, c FROM sbtest3 WHERE id BETWEEN 7299619 AND 7299719
	Index Scan using sbtest3_pkey on sbtest3  (cost=0.43..389.84 rows=98 width=125)
	  Index Cond: ((id >= 7299619) AND (id <= 7299719))

table 4 : explain SELECT id, c FROM sbtest4 WHERE id BETWEEN 7299619 AND 7299719
	Index Scan using sbtest4_pkey on sbtest4  (cost=0.43..362.01 rows=91 width=125)
	  Index Cond: ((id >= 7299619) AND (id <= 7299719))

table 5 : explain SELECT id, c FROM sbtest5 WHERE id BETWEEN 7299619 AND 7299719
	Index Scan using sbtest5_pkey on sbtest5  (cost=0.43..369.41 rows=93 width=125)
	  Index Cond: ((id >= 7299619) AND (id <= 7299719))

table 6 : explain SELECT id, c FROM sbtest6 WHERE id BETWEEN 7299619 AND 7299719
	Index Scan using sbtest6_pkey on sbtest6  (cost=0.43..378.12 rows=95 width=125)
	  Index Cond: ((id >= 7299619) AND (id <= 7299719))

table 7 : explain SELECT id, c FROM sbtest7 WHERE id BETWEEN 7299619 AND 7299719
	Index Scan using sbtest7_pkey on sbtest7  (cost=0.43..417.37 rows=105 width=125)
	  Index Cond: ((id >= 7299619) AND (id <= 7299719))

table 8 : explain SELECT id, c FROM sbtest8 WHERE id BETWEEN 7299619 AND 7299719
	Index Scan using sbtest8_pkey on sbtest8  (cost=0.43..358.58 rows=90 width=125)
	  Index Cond: ((id >= 7299619) AND (id <= 7299719))

for range-notcovered
table 1 : explain SELECT id, c FROM sbtest1 WHERE id BETWEEN 4411091 AND 4411191
	Index Scan using sbtest1_pkey on sbtest1  (cost=0.43..362.75 rows=91 width=125)
	  Index Cond: ((id >= 4411091) AND (id <= 4411191))

table 2 : explain SELECT id, c FROM sbtest2 WHERE id BETWEEN 4411091 AND 4411191
	Index Scan using sbtest2_pkey on sbtest2  (cost=0.43..395.07 rows=99 width=125)
	  Index Cond: ((id >= 4411091) AND (id <= 4411191))

table 3 : explain SELECT id, c FROM sbtest3 WHERE id BETWEEN 4411091 AND 4411191
	Index Scan using sbtest3_pkey on sbtest3  (cost=0.43..374.11 rows=94 width=125)
	  Index Cond: ((id >= 4411091) AND (id <= 4411191))

table 4 : explain SELECT id, c FROM sbtest4 WHERE id BETWEEN 4411091 AND 4411191
	Index Scan using sbtest4_pkey on sbtest4  (cost=0.43..377.74 rows=95 width=125)
	  Index Cond: ((id >= 4411091) AND (id <= 4411191))

table 5 : explain SELECT id, c FROM sbtest5 WHERE id BETWEEN 4411091 AND 4411191
	Index Scan using sbtest5_pkey on sbtest5  (cost=0.43..381.17 rows=96 width=125)
	  Index Cond: ((id >= 4411091) AND (id <= 4411191))

table 6 : explain SELECT id, c FROM sbtest6 WHERE id BETWEEN 4411091 AND 4411191
	Index Scan using sbtest6_pkey on sbtest6  (cost=0.43..366.30 rows=92 width=125)
	  Index Cond: ((id >= 4411091) AND (id <= 4411191))

table 7 : explain SELECT id, c FROM sbtest7 WHERE id BETWEEN 4411091 AND 4411191
	Index Scan using sbtest7_pkey on sbtest7  (cost=0.43..433.10 rows=109 width=125)
	  Index Cond: ((id >= 4411091) AND (id <= 4411191))

table 8 : explain SELECT id, c FROM sbtest8 WHERE id BETWEEN 4411091 AND 4411191
	Index Scan using sbtest8_pkey on sbtest8  (cost=0.43..394.00 rows=99 width=125)
	  Index Cond: ((id >= 4411091) AND (id <= 4411191))

for range-notcovered
table 1 : explain SELECT id, c FROM sbtest1 WHERE id BETWEEN 5750088 AND 5750188
	Index Scan using sbtest1_pkey on sbtest1  (cost=0.43..425.75 rows=107 width=125)
	  Index Cond: ((id >= 5750088) AND (id <= 5750188))

table 2 : explain SELECT id, c FROM sbtest2 WHERE id BETWEEN 5750088 AND 5750188
	Index Scan using sbtest2_pkey on sbtest2  (cost=0.43..391.13 rows=98 width=125)
	  Index Cond: ((id >= 5750088) AND (id <= 5750188))

table 3 : explain SELECT id, c FROM sbtest3 WHERE id BETWEEN 5750088 AND 5750188
	Index Scan using sbtest3_pkey on sbtest3  (cost=0.43..413.42 rows=104 width=125)
	  Index Cond: ((id >= 5750088) AND (id <= 5750188))

table 4 : explain SELECT id, c FROM sbtest4 WHERE id BETWEEN 5750088 AND 5750188
	Index Scan using sbtest4_pkey on sbtest4  (cost=0.43..417.02 rows=105 width=125)
	  Index Cond: ((id >= 5750088) AND (id <= 5750188))

table 5 : explain SELECT id, c FROM sbtest5 WHERE id BETWEEN 5750088 AND 5750188
	Index Scan using sbtest5_pkey on sbtest5  (cost=0.43..404.74 rows=102 width=125)
	  Index Cond: ((id >= 5750088) AND (id <= 5750188))

table 6 : explain SELECT id, c FROM sbtest6 WHERE id BETWEEN 5750088 AND 5750188
	Index Scan using sbtest6_pkey on sbtest6  (cost=0.43..393.85 rows=99 width=125)
	  Index Cond: ((id >= 5750088) AND (id <= 5750188))

table 7 : explain SELECT id, c FROM sbtest7 WHERE id BETWEEN 5750088 AND 5750188
	Index Scan using sbtest7_pkey on sbtest7  (cost=0.43..421.31 rows=106 width=125)
	  Index Cond: ((id >= 5750088) AND (id <= 5750188))

table 8 : explain SELECT id, c FROM sbtest8 WHERE id BETWEEN 5750088 AND 5750188
	Index Scan using sbtest8_pkey on sbtest8  (cost=0.43..405.80 rows=102 width=125)
	  Index Cond: ((id >= 5750088) AND (id <= 5750188))

explain: for range-notcovered :: explain SELECT id, c FROM sbtest%d WHERE id BETWEEN 4411091 AND 4411191
explain: for range-notcovered :: explain SELECT id, c FROM sbtest%d WHERE id BETWEEN 7299619 AND 7299719
for range-notcovered
table 1 : explain SELECT id, c FROM sbtest1 WHERE id BETWEEN 2612273 AND 2612373
	Index Scan using sbtest1_pkey on sbtest1  (cost=0.43..394.26 rows=99 width=125)
	  Index Cond: ((id >= 2612273) AND (id <= 2612373))

table 2 : explain SELECT id, c FROM sbtest2 WHERE id BETWEEN 2612273 AND 2612373
	Index Scan using sbtest2_pkey on sbtest2  (cost=0.43..391.13 rows=98 width=125)
	  Index Cond: ((id >= 2612273) AND (id <= 2612373))

table 3 : explain SELECT id, c FROM sbtest3 WHERE id BETWEEN 2612273 AND 2612373
	Index Scan using sbtest3_pkey on sbtest3  (cost=0.43..401.63 rows=101 width=125)
	  Index Cond: ((id >= 2612273) AND (id <= 2612373))

table 4 : explain SELECT id, c FROM sbtest4 WHERE id BETWEEN 2612273 AND 2612373
	Index Scan using sbtest4_pkey on sbtest4  (cost=0.43..405.24 rows=102 width=125)
	  Index Cond: ((id >= 2612273) AND (id <= 2612373))

table 5 : explain SELECT id, c FROM sbtest5 WHERE id BETWEEN 2612273 AND 2612373
	Index Scan using sbtest5_pkey on sbtest5  (cost=0.43..404.74 rows=102 width=125)
	  Index Cond: ((id >= 2612273) AND (id <= 2612373))

table 6 : explain SELECT id, c FROM sbtest6 WHERE id BETWEEN 2612273 AND 2612373
	Index Scan using sbtest6_pkey on sbtest6  (cost=0.43..389.92 rows=98 width=125)
	  Index Cond: ((id >= 2612273) AND (id <= 2612373))

table 7 : explain SELECT id, c FROM sbtest7 WHERE id BETWEEN 2612273 AND 2612373
	Index Scan using sbtest7_pkey on sbtest7  (cost=0.43..378.06 rows=95 width=125)
	  Index Cond: ((id >= 2612273) AND (id <= 2612373))

table 8 : explain SELECT id, c FROM sbtest8 WHERE id BETWEEN 2612273 AND 2612373
	Index Scan using sbtest8_pkey on sbtest8  (cost=0.43..390.07 rows=98 width=125)
	  Index Cond: ((id >= 2612273) AND (id <= 2612373))

explain: for range-notcovered :: explain SELECT id, c FROM sbtest%d WHERE id BETWEEN 2612273 AND 2612373
for range-notcovered
table 1 : explain SELECT id, c FROM sbtest1 WHERE id BETWEEN 8272173 AND 8272273
	Index Scan using sbtest1_pkey on sbtest1  (cost=0.43..410.00 rows=103 width=125)
	  Index Cond: ((id >= 8272173) AND (id <= 8272273))

table 2 : explain SELECT id, c FROM sbtest2 WHERE id BETWEEN 8272173 AND 8272273
	Index Scan using sbtest2_pkey on sbtest2  (cost=0.43..406.91 rows=102 width=125)
	  Index Cond: ((id >= 8272173) AND (id <= 8272273))

table 3 : explain SELECT id, c FROM sbtest3 WHERE id BETWEEN 8272173 AND 8272273
	Index Scan using sbtest3_pkey on sbtest3  (cost=0.43..397.70 rows=100 width=125)
	  Index Cond: ((id >= 8272173) AND (id <= 8272273))

table 4 : explain SELECT id, c FROM sbtest4 WHERE id BETWEEN 8272173 AND 8272273
	Index Scan using sbtest4_pkey on sbtest4  (cost=0.43..389.52 rows=98 width=125)
	  Index Cond: ((id >= 8272173) AND (id <= 8272273))

table 5 : explain SELECT id, c FROM sbtest5 WHERE id BETWEEN 8272173 AND 8272273
	Index Scan using sbtest5_pkey on sbtest5  (cost=0.43..416.50 rows=105 width=125)
	  Index Cond: ((id >= 8272173) AND (id <= 8272273))

table 6 : explain SELECT id, c FROM sbtest6 WHERE id BETWEEN 8272173 AND 8272273
	Index Scan using sbtest6_pkey on sbtest6  (cost=0.43..421.37 rows=106 width=125)
	  Index Cond: ((id >= 8272173) AND (id <= 8272273))

table 7 : explain SELECT id, c FROM sbtest7 WHERE id BETWEEN 8272173 AND 8272273
	Index Scan using sbtest7_pkey on sbtest7  (cost=0.43..374.13 rows=94 width=125)
	  Index Cond: ((id >= 8272173) AND (id <= 8272273))

table 8 : explain SELECT id, c FROM sbtest8 WHERE id BETWEEN 8272173 AND 8272273
	Index Scan using sbtest8_pkey on sbtest8  (cost=0.43..397.93 rows=100 width=125)
	  Index Cond: ((id >= 8272173) AND (id <= 8272273))

explain: for range-notcovered :: explain SELECT id, c FROM sbtest%d WHERE id BETWEEN 8272173 AND 8272273
for range-notcovered
table 1 : explain SELECT id, c FROM sbtest1 WHERE id BETWEEN 6617822 AND 6617922
	Index Scan using sbtest1_pkey on sbtest1  (cost=0.43..429.68 rows=108 width=125)
	  Index Cond: ((id >= 6617822) AND (id <= 6617922))

table 2 : explain SELECT id, c FROM sbtest2 WHERE id BETWEEN 6617822 AND 6617922
	Index Scan using sbtest2_pkey on sbtest2  (cost=0.43..426.63 rows=107 width=125)
	  Index Cond: ((id >= 6617822) AND (id <= 6617922))

table 3 : explain SELECT id, c FROM sbtest3 WHERE id BETWEEN 6617822 AND 6617922
	Index Scan using sbtest3_pkey on sbtest3  (cost=0.43..362.32 rows=91 width=125)
	  Index Cond: ((id >= 6617822) AND (id <= 6617922))

table 4 : explain SELECT id, c FROM sbtest4 WHERE id BETWEEN 6617822 AND 6617922
	Index Scan using sbtest4_pkey on sbtest4  (cost=0.43..373.81 rows=94 width=125)
	  Index Cond: ((id >= 6617822) AND (id <= 6617922))

table 5 : explain SELECT id, c FROM sbtest5 WHERE id BETWEEN 6617822 AND 6617922
	Index Scan using sbtest5_pkey on sbtest5  (cost=0.43..443.96 rows=112 width=125)
	  Index Cond: ((id >= 6617822) AND (id <= 6617922))

table 6 : explain SELECT id, c FROM sbtest6 WHERE id BETWEEN 6617822 AND 6617922
	Index Scan using sbtest6_pkey on sbtest6  (cost=0.43..366.30 rows=92 width=125)
	  Index Cond: ((id >= 6617822) AND (id <= 6617922))

table 7 : explain SELECT id, c FROM sbtest7 WHERE id BETWEEN 6617822 AND 6617922
	Index Scan using sbtest7_pkey on sbtest7  (cost=0.43..385.92 rows=97 width=125)
	  Index Cond: ((id >= 6617822) AND (id <= 6617922))

table 8 : explain SELECT id, c FROM sbtest8 WHERE id BETWEEN 6617822 AND 6617922
	Index Scan using sbtest8_pkey on sbtest8  (cost=0.43..417.60 rows=105 width=125)
	  Index Cond: ((id >= 6617822) AND (id <= 6617922))

for range-notcovered
table 1 : explain SELECT id, c FROM sbtest1 WHERE id BETWEEN 7299619 AND 7299719
	Index Scan using sbtest1_pkey on sbtest1  (cost=0.43..390.32 rows=98 width=125)
	  Index Cond: ((id >= 7299619) AND (id <= 7299719))

table 2 : explain SELECT id, c FROM sbtest2 WHERE id BETWEEN 7299619 AND 7299719
	Index Scan using sbtest2_pkey on sbtest2  (cost=0.43..434.52 rows=109 width=125)
	  Index Cond: ((id >= 7299619) AND (id <= 7299719))

table 3 : explain SELECT id, c FROM sbtest3 WHERE id BETWEEN 7299619 AND 7299719
	Index Scan using sbtest3_pkey on sbtest3  (cost=0.43..389.84 rows=98 width=125)
	  Index Cond: ((id >= 7299619) AND (id <= 7299719))

table 4 : explain SELECT id, c FROM sbtest4 WHERE id BETWEEN 7299619 AND 7299719
	Index Scan using sbtest4_pkey on sbtest4  (cost=0.43..362.01 rows=91 width=125)
	  Index Cond: ((id >= 7299619) AND (id <= 7299719))

table 5 : explain SELECT id, c FROM sbtest5 WHERE id BETWEEN 7299619 AND 7299719
	Index Scan using sbtest5_pkey on sbtest5  (cost=0.43..369.41 rows=93 width=125)
	  Index Cond: ((id >= 7299619) AND (id <= 7299719))

table 6 : explain SELECT id, c FROM sbtest6 WHERE id BETWEEN 7299619 AND 7299719
	Index Scan using sbtest6_pkey on sbtest6  (cost=0.43..378.12 rows=95 width=125)
	  Index Cond: ((id >= 7299619) AND (id <= 7299719))

table 7 : explain SELECT id, c FROM sbtest7 WHERE id BETWEEN 7299619 AND 7299719
	Index Scan using sbtest7_pkey on sbtest7  (cost=0.43..417.37 rows=105 width=125)
	  Index Cond: ((id >= 7299619) AND (id <= 7299719))

table 8 : explain SELECT id, c FROM sbtest8 WHERE id BETWEEN 7299619 AND 7299719
	Index Scan using sbtest8_pkey on sbtest8  (cost=0.43..358.58 rows=90 width=125)
	  Index Cond: ((id >= 7299619) AND (id <= 7299719))

explain: for range-notcovered :: explain SELECT id, c FROM sbtest%d WHERE id BETWEEN 7299619 AND 7299719
for range-notcovered
table 1 : explain SELECT id, c FROM sbtest1 WHERE id BETWEEN 8272173 AND 8272273
	Index Scan using sbtest1_pkey on sbtest1  (cost=0.43..410.00 rows=103 width=125)
	  Index Cond: ((id >= 8272173) AND (id <= 8272273))

table 2 : explain SELECT id, c FROM sbtest2 WHERE id BETWEEN 8272173 AND 8272273
	Index Scan using sbtest2_pkey on sbtest2  (cost=0.43..406.91 rows=102 width=125)
	  Index Cond: ((id >= 8272173) AND (id <= 8272273))

table 3 : explain SELECT id, c FROM sbtest3 WHERE id BETWEEN 8272173 AND 8272273
	Index Scan using sbtest3_pkey on sbtest3  (cost=0.43..397.70 rows=100 width=125)
	  Index Cond: ((id >= 8272173) AND (id <= 8272273))

table 4 : explain SELECT id, c FROM sbtest4 WHERE id BETWEEN 8272173 AND 8272273
	Index Scan using sbtest4_pkey on sbtest4  (cost=0.43..389.52 rows=98 width=125)
	  Index Cond: ((id >= 8272173) AND (id <= 8272273))

table 5 : explain SELECT id, c FROM sbtest5 WHERE id BETWEEN 8272173 AND 8272273
	Index Scan using sbtest5_pkey on sbtest5  (cost=0.43..416.50 rows=105 width=125)
	  Index Cond: ((id >= 8272173) AND (id <= 8272273))

table 6 : explain SELECT id, c FROM sbtest6 WHERE id BETWEEN 8272173 AND 8272273
	Index Scan using sbtest6_pkey on sbtest6  (cost=0.43..421.37 rows=106 width=125)
	  Index Cond: ((id >= 8272173) AND (id <= 8272273))

table 7 : explain SELECT id, c FROM sbtest7 WHERE id BETWEEN 8272173 AND 8272273
	Index Scan using sbtest7_pkey on sbtest7  (cost=0.43..374.13 rows=94 width=125)
	  Index Cond: ((id >= 8272173) AND (id <= 8272273))

table 8 : explain SELECT id, c FROM sbtest8 WHERE id BETWEEN 8272173 AND 8272273
	Index Scan using sbtest8_pkey on sbtest8  (cost=0.43..397.93 rows=100 width=125)
	  Index Cond: ((id >= 8272173) AND (id <= 8272273))

explain: for range-notcovered :: explain SELECT id, c FROM sbtest%d WHERE id BETWEEN 8272173 AND 8272273
for range-notcovered
table 1 : explain SELECT id, c FROM sbtest1 WHERE id BETWEEN 3763472 AND 3763572
	Index Scan using sbtest1_pkey on sbtest1  (cost=0.43..417.87 rows=105 width=125)
	  Index Cond: ((id >= 3763472) AND (id <= 3763572))

table 2 : explain SELECT id, c FROM sbtest2 WHERE id BETWEEN 3763472 AND 3763572
	Index Scan using sbtest2_pkey on sbtest2  (cost=0.43..367.44 rows=92 width=125)
	  Index Cond: ((id >= 3763472) AND (id <= 3763572))

table 3 : explain SELECT id, c FROM sbtest3 WHERE id BETWEEN 3763472 AND 3763572
	Index Scan using sbtest3_pkey on sbtest3  (cost=0.43..409.49 rows=103 width=125)
	  Index Cond: ((id >= 3763472) AND (id <= 3763572))

table 4 : explain SELECT id, c FROM sbtest4 WHERE id BETWEEN 3763472 AND 3763572
	Index Scan using sbtest4_pkey on sbtest4  (cost=0.43..385.60 rows=97 width=125)
	  Index Cond: ((id >= 3763472) AND (id <= 3763572))

table 5 : explain SELECT id, c FROM sbtest5 WHERE id BETWEEN 3763472 AND 3763572
	Index Scan using sbtest5_pkey on sbtest5  (cost=0.43..389.04 rows=98 width=125)
	  Index Cond: ((id >= 3763472) AND (id <= 3763572))

table 6 : explain SELECT id, c FROM sbtest6 WHERE id BETWEEN 3763472 AND 3763572
	Index Scan using sbtest6_pkey on sbtest6  (cost=0.43..366.30 rows=92 width=125)
	  Index Cond: ((id >= 3763472) AND (id <= 3763572))

table 7 : explain SELECT id, c FROM sbtest7 WHERE id BETWEEN 3763472 AND 3763572
	Index Scan using sbtest7_pkey on sbtest7  (cost=0.43..385.92 rows=97 width=125)
	  Index Cond: ((id >= 3763472) AND (id <= 3763572))

table 8 : explain SELECT id, c FROM sbtest8 WHERE id BETWEEN 3763472 AND 3763572
	Index Scan using sbtest8_pkey on sbtest8  (cost=0.43..366.45 rows=92 width=125)
	  Index Cond: ((id >= 3763472) AND (id <= 3763572))

explain: for range-notcovered :: explain SELECT id, c FROM sbtest%d WHERE id BETWEEN 3763472 AND 3763572
for range-notcovered
table 1 : explain SELECT id, c FROM sbtest1 WHERE id BETWEEN 4411091 AND 4411191
	Index Scan using sbtest1_pkey on sbtest1  (cost=0.43..362.75 rows=91 width=125)
	  Index Cond: ((id >= 4411091) AND (id <= 4411191))

table 2 : explain SELECT id, c FROM sbtest2 WHERE id BETWEEN 4411091 AND 4411191
	Index Scan using sbtest2_pkey on sbtest2  (cost=0.43..395.07 rows=99 width=125)
	  Index Cond: ((id >= 4411091) AND (id <= 4411191))

table 3 : explain SELECT id, c FROM sbtest3 WHERE id BETWEEN 4411091 AND 4411191
	Index Scan using sbtest3_pkey on sbtest3  (cost=0.43..374.11 rows=94 width=125)
	  Index Cond: ((id >= 4411091) AND (id <= 4411191))

table 4 : explain SELECT id, c FROM sbtest4 WHERE id BETWEEN 4411091 AND 4411191
	Index Scan using sbtest4_pkey on sbtest4  (cost=0.43..377.74 rows=95 width=125)
	  Index Cond: ((id >= 4411091) AND (id <= 4411191))

table 5 : explain SELECT id, c FROM sbtest5 WHERE id BETWEEN 4411091 AND 4411191
	Index Scan using sbtest5_pkey on sbtest5  (cost=0.43..381.17 rows=96 width=125)
	  Index Cond: ((id >= 4411091) AND (id <= 4411191))

table 6 : explain SELECT id, c FROM sbtest6 WHERE id BETWEEN 4411091 AND 4411191
	Index Scan using sbtest6_pkey on sbtest6  (cost=0.43..366.30 rows=92 width=125)
	  Index Cond: ((id >= 4411091) AND (id <= 4411191))

table 7 : explain SELECT id, c FROM sbtest7 WHERE id BETWEEN 4411091 AND 4411191
	Index Scan using sbtest7_pkey on sbtest7  (cost=0.43..433.10 rows=109 width=125)
	  Index Cond: ((id >= 4411091) AND (id <= 4411191))

table 8 : explain SELECT id, c FROM sbtest8 WHERE id BETWEEN 4411091 AND 4411191
	Index Scan using sbtest8_pkey on sbtest8  (cost=0.43..394.00 rows=99 width=125)
	  Index Cond: ((id >= 4411091) AND (id <= 4411191))

for range-notcovered
table 1 : explain SELECT id, c FROM sbtest1 WHERE id BETWEEN 3304526 AND 3304626
	Index Scan using sbtest1_pkey on sbtest1  (cost=0.43..386.38 rows=97 width=125)
	  Index Cond: ((id >= 3304526) AND (id <= 3304626))

table 2 : explain SELECT id, c FROM sbtest2 WHERE id BETWEEN 3304526 AND 3304626
	Index Scan using sbtest2_pkey on sbtest2  (cost=0.43..410.85 rows=103 width=125)
	  Index Cond: ((id >= 3304526) AND (id <= 3304626))

table 3 : explain SELECT id, c FROM sbtest3 WHERE id BETWEEN 3304526 AND 3304626
	Index Scan using sbtest3_pkey on sbtest3  (cost=0.43..413.42 rows=104 width=125)
	  Index Cond: ((id >= 3304526) AND (id <= 3304626))

table 4 : explain SELECT id, c FROM sbtest4 WHERE id BETWEEN 3304526 AND 3304626
	Index Scan using sbtest4_pkey on sbtest4  (cost=0.43..409.16 rows=103 width=125)
	  Index Cond: ((id >= 3304526) AND (id <= 3304626))

table 5 : explain SELECT id, c FROM sbtest5 WHERE id BETWEEN 3304526 AND 3304626
	Index Scan using sbtest5_pkey on sbtest5  (cost=0.43..392.97 rows=99 width=125)
	  Index Cond: ((id >= 3304526) AND (id <= 3304626))

table 6 : explain SELECT id, c FROM sbtest6 WHERE id BETWEEN 3304526 AND 3304626
	Index Scan using sbtest6_pkey on sbtest6  (cost=0.43..382.05 rows=96 width=125)
	  Index Cond: ((id >= 3304526) AND (id <= 3304626))

table 7 : explain SELECT id, c FROM sbtest7 WHERE id BETWEEN 3304526 AND 3304626
	Index Scan using sbtest7_pkey on sbtest7  (cost=0.43..421.31 rows=106 width=125)
	  Index Cond: ((id >= 3304526) AND (id <= 3304626))

table 8 : explain SELECT id, c FROM sbtest8 WHERE id BETWEEN 3304526 AND 3304626
	Index Scan using sbtest8_pkey on sbtest8  (cost=0.43..405.80 rows=102 width=125)
	  Index Cond: ((id >= 3304526) AND (id <= 3304626))

for range-notcovered
table 1 : explain SELECT id, c FROM sbtest1 WHERE id BETWEEN 7299619 AND 7299719
	Index Scan using sbtest1_pkey on sbtest1  (cost=0.43..390.32 rows=98 width=125)
	  Index Cond: ((id >= 7299619) AND (id <= 7299719))

table 2 : explain SELECT id, c FROM sbtest2 WHERE id BETWEEN 7299619 AND 7299719
	Index Scan using sbtest2_pkey on sbtest2  (cost=0.43..434.52 rows=109 width=125)
	  Index Cond: ((id >= 7299619) AND (id <= 7299719))

table 3 : explain SELECT id, c FROM sbtest3 WHERE id BETWEEN 7299619 AND 7299719
	Index Scan using sbtest3_pkey on sbtest3  (cost=0.43..389.84 rows=98 width=125)
	  Index Cond: ((id >= 7299619) AND (id <= 7299719))

table 4 : explain SELECT id, c FROM sbtest4 WHERE id BETWEEN 7299619 AND 7299719
	Index Scan using sbtest4_pkey on sbtest4  (cost=0.43..362.01 rows=91 width=125)
	  Index Cond: ((id >= 7299619) AND (id <= 7299719))

table 5 : explain SELECT id, c FROM sbtest5 WHERE id BETWEEN 7299619 AND 7299719
	Index Scan using sbtest5_pkey on sbtest5  (cost=0.43..369.41 rows=93 width=125)
	  Index Cond: ((id >= 7299619) AND (id <= 7299719))

table 6 : explain SELECT id, c FROM sbtest6 WHERE id BETWEEN 7299619 AND 7299719
	Index Scan using sbtest6_pkey on sbtest6  (cost=0.43..378.12 rows=95 width=125)
	  Index Cond: ((id >= 7299619) AND (id <= 7299719))

table 7 : explain SELECT id, c FROM sbtest7 WHERE id BETWEEN 7299619 AND 7299719
	Index Scan using sbtest7_pkey on sbtest7  (cost=0.43..417.37 rows=105 width=125)
	  Index Cond: ((id >= 7299619) AND (id <= 7299719))

table 8 : explain SELECT id, c FROM sbtest8 WHERE id BETWEEN 7299619 AND 7299719
	Index Scan using sbtest8_pkey on sbtest8  (cost=0.43..358.58 rows=90 width=125)
	  Index Cond: ((id >= 7299619) AND (id <= 7299719))

explain: for range-notcovered :: explain SELECT id, c FROM sbtest%d WHERE id BETWEEN 7299619 AND 7299719
for range-notcovered
table 1 : explain SELECT id, c FROM sbtest1 WHERE id BETWEEN 3763472 AND 3763572
	Index Scan using sbtest1_pkey on sbtest1  (cost=0.43..417.87 rows=105 width=125)
	  Index Cond: ((id >= 3763472) AND (id <= 3763572))

table 2 : explain SELECT id, c FROM sbtest2 WHERE id BETWEEN 3763472 AND 3763572
	Index Scan using sbtest2_pkey on sbtest2  (cost=0.43..367.44 rows=92 width=125)
	  Index Cond: ((id >= 3763472) AND (id <= 3763572))

table 3 : explain SELECT id, c FROM sbtest3 WHERE id BETWEEN 3763472 AND 3763572
	Index Scan using sbtest3_pkey on sbtest3  (cost=0.43..409.49 rows=103 width=125)
	  Index Cond: ((id >= 3763472) AND (id <= 3763572))

table 4 : explain SELECT id, c FROM sbtest4 WHERE id BETWEEN 3763472 AND 3763572
	Index Scan using sbtest4_pkey on sbtest4  (cost=0.43..385.60 rows=97 width=125)
	  Index Cond: ((id >= 3763472) AND (id <= 3763572))

table 5 : explain SELECT id, c FROM sbtest5 WHERE id BETWEEN 3763472 AND 3763572
	Index Scan using sbtest5_pkey on sbtest5  (cost=0.43..389.04 rows=98 width=125)
	  Index Cond: ((id >= 3763472) AND (id <= 3763572))

table 6 : explain SELECT id, c FROM sbtest6 WHERE id BETWEEN 3763472 AND 3763572
	Index Scan using sbtest6_pkey on sbtest6  (cost=0.43..366.30 rows=92 width=125)
	  Index Cond: ((id >= 3763472) AND (id <= 3763572))

table 7 : explain SELECT id, c FROM sbtest7 WHERE id BETWEEN 3763472 AND 3763572
	Index Scan using sbtest7_pkey on sbtest7  (cost=0.43..385.92 rows=97 width=125)
	  Index Cond: ((id >= 3763472) AND (id <= 3763572))

table 8 : explain SELECT id, c FROM sbtest8 WHERE id BETWEEN 3763472 AND 3763572
	Index Scan using sbtest8_pkey on sbtest8  (cost=0.43..366.45 rows=92 width=125)
	  Index Cond: ((id >= 3763472) AND (id <= 3763572))

explain: for range-notcovered :: explain SELECT id, c FROM sbtest%d WHERE id BETWEEN 3763472 AND 3763572
for range-notcovered
table 1 : explain SELECT id, c FROM sbtest1 WHERE id BETWEEN 1833912 AND 1834012
	Index Scan using sbtest1_pkey on sbtest1  (cost=0.43..417.87 rows=105 width=125)
	  Index Cond: ((id >= 1833912) AND (id <= 1834012))

table 2 : explain SELECT id, c FROM sbtest2 WHERE id BETWEEN 1833912 AND 1834012
	Index Scan using sbtest2_pkey on sbtest2  (cost=0.43..438.46 rows=110 width=125)
	  Index Cond: ((id >= 1833912) AND (id <= 1834012))

table 3 : explain SELECT id, c FROM sbtest3 WHERE id BETWEEN 1833912 AND 1834012
	Index Scan using sbtest3_pkey on sbtest3  (cost=0.43..413.42 rows=104 width=125)
	  Index Cond: ((id >= 1833912) AND (id <= 1834012))

table 4 : explain SELECT id, c FROM sbtest4 WHERE id BETWEEN 1833912 AND 1834012
	Index Scan using sbtest4_pkey on sbtest4  (cost=0.43..385.60 rows=97 width=125)
	  Index Cond: ((id >= 1833912) AND (id <= 1834012))

table 5 : explain SELECT id, c FROM sbtest5 WHERE id BETWEEN 1833912 AND 1834012
	Index Scan using sbtest5_pkey on sbtest5  (cost=0.43..392.97 rows=99 width=125)
	  Index Cond: ((id >= 1833912) AND (id <= 1834012))

table 6 : explain SELECT id, c FROM sbtest6 WHERE id BETWEEN 1833912 AND 1834012
	Index Scan using sbtest6_pkey on sbtest6  (cost=0.43..374.17 rows=94 width=125)
	  Index Cond: ((id >= 1833912) AND (id <= 1834012))

table 7 : explain SELECT id, c FROM sbtest7 WHERE id BETWEEN 1833912 AND 1834012
	Index Scan using sbtest7_pkey on sbtest7  (cost=0.43..397.72 rows=100 width=125)
	  Index Cond: ((id >= 1833912) AND (id <= 1834012))

table 8 : explain SELECT id, c FROM sbtest8 WHERE id BETWEEN 1833912 AND 1834012
	Index Scan using sbtest8_pkey on sbtest8  (cost=0.43..354.65 rows=89 width=125)
	  Index Cond: ((id >= 1833912) AND (id <= 1834012))

for range-notcovered
table 1 : explain SELECT id, c FROM sbtest1 WHERE id BETWEEN 3296326 AND 3296426
	Index Scan using sbtest1_pkey on sbtest1  (cost=0.43..386.38 rows=97 width=125)
	  Index Cond: ((id >= 3296326) AND (id <= 3296426))

table 2 : explain SELECT id, c FROM sbtest2 WHERE id BETWEEN 3296326 AND 3296426
	Index Scan using sbtest2_pkey on sbtest2  (cost=0.43..410.85 rows=103 width=125)
	  Index Cond: ((id >= 3296326) AND (id <= 3296426))

table 3 : explain SELECT id, c FROM sbtest3 WHERE id BETWEEN 3296326 AND 3296426
	Index Scan using sbtest3_pkey on sbtest3  (cost=0.43..413.42 rows=104 width=125)
	  Index Cond: ((id >= 3296326) AND (id <= 3296426))

table 4 : explain SELECT id, c FROM sbtest4 WHERE id BETWEEN 3296326 AND 3296426
	Index Scan using sbtest4_pkey on sbtest4  (cost=0.43..409.16 rows=103 width=125)
	  Index Cond: ((id >= 3296326) AND (id <= 3296426))

table 5 : explain SELECT id, c FROM sbtest5 WHERE id BETWEEN 3296326 AND 3296426
	Index Scan using sbtest5_pkey on sbtest5  (cost=0.43..392.97 rows=99 width=125)
	  Index Cond: ((id >= 3296326) AND (id <= 3296426))

table 6 : explain SELECT id, c FROM sbtest6 WHERE id BETWEEN 3296326 AND 3296426
	Index Scan using sbtest6_pkey on sbtest6  (cost=0.43..382.05 rows=96 width=125)
	  Index Cond: ((id >= 3296326) AND (id <= 3296426))

table 7 : explain SELECT id, c FROM sbtest7 WHERE id BETWEEN 3296326 AND 3296426
	Index Scan using sbtest7_pkey on sbtest7  (cost=0.43..421.31 rows=106 width=125)
	  Index Cond: ((id >= 3296326) AND (id <= 3296426))

table 8 : explain SELECT id, c FROM sbtest8 WHERE id BETWEEN 3296326 AND 3296426
	Index Scan using sbtest8_pkey on sbtest8  (cost=0.43..405.80 rows=102 width=125)
	  Index Cond: ((id >= 3296326) AND (id <= 3296426))

for range-notcovered
table 1 : explain SELECT id, c FROM sbtest1 WHERE id BETWEEN 8272173 AND 8272273
	Index Scan using sbtest1_pkey on sbtest1  (cost=0.43..410.00 rows=103 width=125)
	  Index Cond: ((id >= 8272173) AND (id <= 8272273))

table 2 : explain SELECT id, c FROM sbtest2 WHERE id BETWEEN 8272173 AND 8272273
	Index Scan using sbtest2_pkey on sbtest2  (cost=0.43..406.91 rows=102 width=125)
	  Index Cond: ((id >= 8272173) AND (id <= 8272273))

table 3 : explain SELECT id, c FROM sbtest3 WHERE id BETWEEN 8272173 AND 8272273
	Index Scan using sbtest3_pkey on sbtest3  (cost=0.43..397.70 rows=100 width=125)
	  Index Cond: ((id >= 8272173) AND (id <= 8272273))

table 4 : explain SELECT id, c FROM sbtest4 WHERE id BETWEEN 8272173 AND 8272273
	Index Scan using sbtest4_pkey on sbtest4  (cost=0.43..389.52 rows=98 width=125)
	  Index Cond: ((id >= 8272173) AND (id <= 8272273))

table 5 : explain SELECT id, c FROM sbtest5 WHERE id BETWEEN 8272173 AND 8272273
	Index Scan using sbtest5_pkey on sbtest5  (cost=0.43..416.50 rows=105 width=125)
	  Index Cond: ((id >= 8272173) AND (id <= 8272273))

table 6 : explain SELECT id, c FROM sbtest6 WHERE id BETWEEN 8272173 AND 8272273
	Index Scan using sbtest6_pkey on sbtest6  (cost=0.43..421.37 rows=106 width=125)
	  Index Cond: ((id >= 8272173) AND (id <= 8272273))

table 7 : explain SELECT id, c FROM sbtest7 WHERE id BETWEEN 8272173 AND 8272273
	Index Scan using sbtest7_pkey on sbtest7  (cost=0.43..374.13 rows=94 width=125)
	  Index Cond: ((id >= 8272173) AND (id <= 8272273))

table 8 : explain SELECT id, c FROM sbtest8 WHERE id BETWEEN 8272173 AND 8272273
	Index Scan using sbtest8_pkey on sbtest8  (cost=0.43..397.93 rows=100 width=125)
	  Index Cond: ((id >= 8272173) AND (id <= 8272273))

for range-notcovered
table 1 : explain SELECT id, c FROM sbtest1 WHERE id BETWEEN 2528886 AND 2528986
	Index Scan using sbtest1_pkey on sbtest1  (cost=0.43..394.26 rows=99 width=125)
	  Index Cond: ((id >= 2528886) AND (id <= 2528986))

table 2 : explain SELECT id, c FROM sbtest2 WHERE id BETWEEN 2528886 AND 2528986
	Index Scan using sbtest2_pkey on sbtest2  (cost=0.43..391.13 rows=98 width=125)
	  Index Cond: ((id >= 2528886) AND (id <= 2528986))

table 3 : explain SELECT id, c FROM sbtest3 WHERE id BETWEEN 2528886 AND 2528986
	Index Scan using sbtest3_pkey on sbtest3  (cost=0.43..393.77 rows=99 width=125)
	  Index Cond: ((id >= 2528886) AND (id <= 2528986))

table 4 : explain SELECT id, c FROM sbtest4 WHERE id BETWEEN 2528886 AND 2528986
	Index Scan using sbtest4_pkey on sbtest4  (cost=0.43..444.51 rows=112 width=125)
	  Index Cond: ((id >= 2528886) AND (id <= 2528986))

table 5 : explain SELECT id, c FROM sbtest5 WHERE id BETWEEN 2528886 AND 2528986
	Index Scan using sbtest5_pkey on sbtest5  (cost=0.43..404.74 rows=102 width=125)
	  Index Cond: ((id >= 2528886) AND (id <= 2528986))

table 6 : explain SELECT id, c FROM sbtest6 WHERE id BETWEEN 2528886 AND 2528986
	Index Scan using sbtest6_pkey on sbtest6  (cost=0.43..441.03 rows=111 width=125)
	  Index Cond: ((id >= 2528886) AND (id <= 2528986))

table 7 : explain SELECT id, c FROM sbtest7 WHERE id BETWEEN 2528886 AND 2528986
	Index Scan using sbtest7_pkey on sbtest7  (cost=0.43..409.51 rows=103 width=125)
	  Index Cond: ((id >= 2528886) AND (id <= 2528986))

table 8 : explain SELECT id, c FROM sbtest8 WHERE id BETWEEN 2528886 AND 2528986
	Index Scan using sbtest8_pkey on sbtest8  (cost=0.43..362.51 rows=91 width=125)
	  Index Cond: ((id >= 2528886) AND (id <= 2528986))

explain: for range-notcovered :: explain SELECT id, c FROM sbtest%d WHERE id BETWEEN 2528886 AND 2528986
explain: for range-notcovered :: explain SELECT id, c FROM sbtest%d WHERE id BETWEEN 1833912 AND 1834012
explain: for range-notcovered :: explain SELECT id, c FROM sbtest%d WHERE id BETWEEN 3296326 AND 3296426
for range-notcovered
table 1 : explain SELECT id, c FROM sbtest1 WHERE id BETWEEN 2612273 AND 2612373
	Index Scan using sbtest1_pkey on sbtest1  (cost=0.43..394.26 rows=99 width=125)
	  Index Cond: ((id >= 2612273) AND (id <= 2612373))

table 2 : explain SELECT id, c FROM sbtest2 WHERE id BETWEEN 2612273 AND 2612373
	Index Scan using sbtest2_pkey on sbtest2  (cost=0.43..391.13 rows=98 width=125)
	  Index Cond: ((id >= 2612273) AND (id <= 2612373))

table 3 : explain SELECT id, c FROM sbtest3 WHERE id BETWEEN 2612273 AND 2612373
	Index Scan using sbtest3_pkey on sbtest3  (cost=0.43..401.63 rows=101 width=125)
	  Index Cond: ((id >= 2612273) AND (id <= 2612373))

table 4 : explain SELECT id, c FROM sbtest4 WHERE id BETWEEN 2612273 AND 2612373
	Index Scan using sbtest4_pkey on sbtest4  (cost=0.43..405.24 rows=102 width=125)
	  Index Cond: ((id >= 2612273) AND (id <= 2612373))

table 5 : explain SELECT id, c FROM sbtest5 WHERE id BETWEEN 2612273 AND 2612373
	Index Scan using sbtest5_pkey on sbtest5  (cost=0.43..404.74 rows=102 width=125)
	  Index Cond: ((id >= 2612273) AND (id <= 2612373))

table 6 : explain SELECT id, c FROM sbtest6 WHERE id BETWEEN 2612273 AND 2612373
	Index Scan using sbtest6_pkey on sbtest6  (cost=0.43..389.92 rows=98 width=125)
	  Index Cond: ((id >= 2612273) AND (id <= 2612373))

table 7 : explain SELECT id, c FROM sbtest7 WHERE id BETWEEN 2612273 AND 2612373
	Index Scan using sbtest7_pkey on sbtest7  (cost=0.43..378.06 rows=95 width=125)
	  Index Cond: ((id >= 2612273) AND (id <= 2612373))

table 8 : explain SELECT id, c FROM sbtest8 WHERE id BETWEEN 2612273 AND 2612373
	Index Scan using sbtest8_pkey on sbtest8  (cost=0.43..390.07 rows=98 width=125)
	  Index Cond: ((id >= 2612273) AND (id <= 2612373))

for range-notcovered
table 1 : explain SELECT id, c FROM sbtest1 WHERE id BETWEEN 7299619 AND 7299719
	Index Scan using sbtest1_pkey on sbtest1  (cost=0.43..390.32 rows=98 width=125)
	  Index Cond: ((id >= 7299619) AND (id <= 7299719))

table 2 : explain SELECT id, c FROM sbtest2 WHERE id BETWEEN 7299619 AND 7299719
	Index Scan using sbtest2_pkey on sbtest2  (cost=0.43..434.52 rows=109 width=125)
	  Index Cond: ((id >= 7299619) AND (id <= 7299719))

table 3 : explain SELECT id, c FROM sbtest3 WHERE id BETWEEN 7299619 AND 7299719
	Index Scan using sbtest3_pkey on sbtest3  (cost=0.43..389.84 rows=98 width=125)
	  Index Cond: ((id >= 7299619) AND (id <= 7299719))

table 4 : explain SELECT id, c FROM sbtest4 WHERE id BETWEEN 7299619 AND 7299719
	Index Scan using sbtest4_pkey on sbtest4  (cost=0.43..362.01 rows=91 width=125)
	  Index Cond: ((id >= 7299619) AND (id <= 7299719))

table 5 : explain SELECT id, c FROM sbtest5 WHERE id BETWEEN 7299619 AND 7299719
	Index Scan using sbtest5_pkey on sbtest5  (cost=0.43..369.41 rows=93 width=125)
	  Index Cond: ((id >= 7299619) AND (id <= 7299719))

table 6 : explain SELECT id, c FROM sbtest6 WHERE id BETWEEN 7299619 AND 7299719
	Index Scan using sbtest6_pkey on sbtest6  (cost=0.43..378.12 rows=95 width=125)
	  Index Cond: ((id >= 7299619) AND (id <= 7299719))

table 7 : explain SELECT id, c FROM sbtest7 WHERE id BETWEEN 7299619 AND 7299719
	Index Scan using sbtest7_pkey on sbtest7  (cost=0.43..417.37 rows=105 width=125)
	  Index Cond: ((id >= 7299619) AND (id <= 7299719))

table 8 : explain SELECT id, c FROM sbtest8 WHERE id BETWEEN 7299619 AND 7299719
	Index Scan using sbtest8_pkey on sbtest8  (cost=0.43..358.58 rows=90 width=125)
	  Index Cond: ((id >= 7299619) AND (id <= 7299719))

for range-notcovered
table 1 : explain SELECT id, c FROM sbtest1 WHERE id BETWEEN 2528886 AND 2528986
	Index Scan using sbtest1_pkey on sbtest1  (cost=0.43..394.26 rows=99 width=125)
	  Index Cond: ((id >= 2528886) AND (id <= 2528986))

table 2 : explain SELECT id, c FROM sbtest2 WHERE id BETWEEN 2528886 AND 2528986
	Index Scan using sbtest2_pkey on sbtest2  (cost=0.43..391.13 rows=98 width=125)
	  Index Cond: ((id >= 2528886) AND (id <= 2528986))

table 3 : explain SELECT id, c FROM sbtest3 WHERE id BETWEEN 2528886 AND 2528986
	Index Scan using sbtest3_pkey on sbtest3  (cost=0.43..393.77 rows=99 width=125)
	  Index Cond: ((id >= 2528886) AND (id <= 2528986))

table 4 : explain SELECT id, c FROM sbtest4 WHERE id BETWEEN 2528886 AND 2528986
	Index Scan using sbtest4_pkey on sbtest4  (cost=0.43..444.51 rows=112 width=125)
	  Index Cond: ((id >= 2528886) AND (id <= 2528986))

table 5 : explain SELECT id, c FROM sbtest5 WHERE id BETWEEN 2528886 AND 2528986
	Index Scan using sbtest5_pkey on sbtest5  (cost=0.43..404.74 rows=102 width=125)
	  Index Cond: ((id >= 2528886) AND (id <= 2528986))

table 6 : explain SELECT id, c FROM sbtest6 WHERE id BETWEEN 2528886 AND 2528986
	Index Scan using sbtest6_pkey on sbtest6  (cost=0.43..441.03 rows=111 width=125)
	  Index Cond: ((id >= 2528886) AND (id <= 2528986))

table 7 : explain SELECT id, c FROM sbtest7 WHERE id BETWEEN 2528886 AND 2528986
	Index Scan using sbtest7_pkey on sbtest7  (cost=0.43..409.51 rows=103 width=125)
	  Index Cond: ((id >= 2528886) AND (id <= 2528986))

table 8 : explain SELECT id, c FROM sbtest8 WHERE id BETWEEN 2528886 AND 2528986
	Index Scan using sbtest8_pkey on sbtest8  (cost=0.43..362.51 rows=91 width=125)
	  Index Cond: ((id >= 2528886) AND (id <= 2528986))

for range-notcovered
table 1 : explain SELECT id, c FROM sbtest1 WHERE id BETWEEN 3763472 AND 3763572
	Index Scan using sbtest1_pkey on sbtest1  (cost=0.43..417.87 rows=105 width=125)
	  Index Cond: ((id >= 3763472) AND (id <= 3763572))

table 2 : explain SELECT id, c FROM sbtest2 WHERE id BETWEEN 3763472 AND 3763572
	Index Scan using sbtest2_pkey on sbtest2  (cost=0.43..367.44 rows=92 width=125)
	  Index Cond: ((id >= 3763472) AND (id <= 3763572))

table 3 : explain SELECT id, c FROM sbtest3 WHERE id BETWEEN 3763472 AND 3763572
	Index Scan using sbtest3_pkey on sbtest3  (cost=0.43..409.49 rows=103 width=125)
	  Index Cond: ((id >= 3763472) AND (id <= 3763572))

table 4 : explain SELECT id, c FROM sbtest4 WHERE id BETWEEN 3763472 AND 3763572
	Index Scan using sbtest4_pkey on sbtest4  (cost=0.43..385.60 rows=97 width=125)
	  Index Cond: ((id >= 3763472) AND (id <= 3763572))

table 5 : explain SELECT id, c FROM sbtest5 WHERE id BETWEEN 3763472 AND 3763572
	Index Scan using sbtest5_pkey on sbtest5  (cost=0.43..389.04 rows=98 width=125)
	  Index Cond: ((id >= 3763472) AND (id <= 3763572))

table 6 : explain SELECT id, c FROM sbtest6 WHERE id BETWEEN 3763472 AND 3763572
	Index Scan using sbtest6_pkey on sbtest6  (cost=0.43..366.30 rows=92 width=125)
	  Index Cond: ((id >= 3763472) AND (id <= 3763572))

table 7 : explain SELECT id, c FROM sbtest7 WHERE id BETWEEN 3763472 AND 3763572
	Index Scan using sbtest7_pkey on sbtest7  (cost=0.43..385.92 rows=97 width=125)
	  Index Cond: ((id >= 3763472) AND (id <= 3763572))

table 8 : explain SELECT id, c FROM sbtest8 WHERE id BETWEEN 3763472 AND 3763572
	Index Scan using sbtest8_pkey on sbtest8  (cost=0.43..366.45 rows=92 width=125)
	  Index Cond: ((id >= 3763472) AND (id <= 3763572))

explain: for range-notcovered :: explain SELECT id, c FROM sbtest%d WHERE id BETWEEN 2528886 AND 2528986
explain: for range-notcovered :: explain SELECT id, c FROM sbtest%d WHERE id BETWEEN 3763472 AND 3763572
for range-notcovered
table 1 : explain SELECT id, c FROM sbtest1 WHERE id BETWEEN 3296326 AND 3296426
	Index Scan using sbtest1_pkey on sbtest1  (cost=0.43..386.38 rows=97 width=125)
	  Index Cond: ((id >= 3296326) AND (id <= 3296426))

table 2 : explain SELECT id, c FROM sbtest2 WHERE id BETWEEN 3296326 AND 3296426
	Index Scan using sbtest2_pkey on sbtest2  (cost=0.43..410.85 rows=103 width=125)
	  Index Cond: ((id >= 3296326) AND (id <= 3296426))

table 3 : explain SELECT id, c FROM sbtest3 WHERE id BETWEEN 3296326 AND 3296426
	Index Scan using sbtest3_pkey on sbtest3  (cost=0.43..413.42 rows=104 width=125)
	  Index Cond: ((id >= 3296326) AND (id <= 3296426))

table 4 : explain SELECT id, c FROM sbtest4 WHERE id BETWEEN 3296326 AND 3296426
	Index Scan using sbtest4_pkey on sbtest4  (cost=0.43..409.16 rows=103 width=125)
	  Index Cond: ((id >= 3296326) AND (id <= 3296426))

table 5 : explain SELECT id, c FROM sbtest5 WHERE id BETWEEN 3296326 AND 3296426
	Index Scan using sbtest5_pkey on sbtest5  (cost=0.43..392.97 rows=99 width=125)
	  Index Cond: ((id >= 3296326) AND (id <= 3296426))

table 6 : explain SELECT id, c FROM sbtest6 WHERE id BETWEEN 3296326 AND 3296426
	Index Scan using sbtest6_pkey on sbtest6  (cost=0.43..382.05 rows=96 width=125)
	  Index Cond: ((id >= 3296326) AND (id <= 3296426))

table 7 : explain SELECT id, c FROM sbtest7 WHERE id BETWEEN 3296326 AND 3296426
	Index Scan using sbtest7_pkey on sbtest7  (cost=0.43..421.31 rows=106 width=125)
	  Index Cond: ((id >= 3296326) AND (id <= 3296426))

table 8 : explain SELECT id, c FROM sbtest8 WHERE id BETWEEN 3296326 AND 3296426
	Index Scan using sbtest8_pkey on sbtest8  (cost=0.43..405.80 rows=102 width=125)
	  Index Cond: ((id >= 3296326) AND (id <= 3296426))

for range-notcovered
table 1 : explain SELECT id, c FROM sbtest1 WHERE id BETWEEN 1833912 AND 1834012
	Index Scan using sbtest1_pkey on sbtest1  (cost=0.43..417.87 rows=105 width=125)
	  Index Cond: ((id >= 1833912) AND (id <= 1834012))

table 2 : explain SELECT id, c FROM sbtest2 WHERE id BETWEEN 1833912 AND 1834012
	Index Scan using sbtest2_pkey on sbtest2  (cost=0.43..438.46 rows=110 width=125)
	  Index Cond: ((id >= 1833912) AND (id <= 1834012))

table 3 : explain SELECT id, c FROM sbtest3 WHERE id BETWEEN 1833912 AND 1834012
	Index Scan using sbtest3_pkey on sbtest3  (cost=0.43..413.42 rows=104 width=125)
	  Index Cond: ((id >= 1833912) AND (id <= 1834012))

table 4 : explain SELECT id, c FROM sbtest4 WHERE id BETWEEN 1833912 AND 1834012
	Index Scan using sbtest4_pkey on sbtest4  (cost=0.43..385.60 rows=97 width=125)
	  Index Cond: ((id >= 1833912) AND (id <= 1834012))

table 5 : explain SELECT id, c FROM sbtest5 WHERE id BETWEEN 1833912 AND 1834012
	Index Scan using sbtest5_pkey on sbtest5  (cost=0.43..392.97 rows=99 width=125)
	  Index Cond: ((id >= 1833912) AND (id <= 1834012))

table 6 : explain SELECT id, c FROM sbtest6 WHERE id BETWEEN 1833912 AND 1834012
	Index Scan using sbtest6_pkey on sbtest6  (cost=0.43..374.17 rows=94 width=125)
	  Index Cond: ((id >= 1833912) AND (id <= 1834012))

table 7 : explain SELECT id, c FROM sbtest7 WHERE id BETWEEN 1833912 AND 1834012
	Index Scan using sbtest7_pkey on sbtest7  (cost=0.43..397.72 rows=100 width=125)
	  Index Cond: ((id >= 1833912) AND (id <= 1834012))

table 8 : explain SELECT id, c FROM sbtest8 WHERE id BETWEEN 1833912 AND 1834012
	Index Scan using sbtest8_pkey on sbtest8  (cost=0.43..354.65 rows=89 width=125)
	  Index Cond: ((id >= 1833912) AND (id <= 1834012))

explain: for range-notcovered :: explain SELECT id, c FROM sbtest%d WHERE id BETWEEN 3296326 AND 3296426
explain: for range-notcovered :: explain SELECT id, c FROM sbtest%d WHERE id BETWEEN 1833912 AND 1834012
for range-notcovered
table 1 : explain SELECT id, c FROM sbtest1 WHERE id BETWEEN 3763472 AND 3763572
	Index Scan using sbtest1_pkey on sbtest1  (cost=0.43..417.87 rows=105 width=125)
	  Index Cond: ((id >= 3763472) AND (id <= 3763572))

table 2 : explain SELECT id, c FROM sbtest2 WHERE id BETWEEN 3763472 AND 3763572
	Index Scan using sbtest2_pkey on sbtest2  (cost=0.43..367.44 rows=92 width=125)
	  Index Cond: ((id >= 3763472) AND (id <= 3763572))

table 3 : explain SELECT id, c FROM sbtest3 WHERE id BETWEEN 3763472 AND 3763572
	Index Scan using sbtest3_pkey on sbtest3  (cost=0.43..409.49 rows=103 width=125)
	  Index Cond: ((id >= 3763472) AND (id <= 3763572))

table 4 : explain SELECT id, c FROM sbtest4 WHERE id BETWEEN 3763472 AND 3763572
	Index Scan using sbtest4_pkey on sbtest4  (cost=0.43..385.60 rows=97 width=125)
	  Index Cond: ((id >= 3763472) AND (id <= 3763572))

table 5 : explain SELECT id, c FROM sbtest5 WHERE id BETWEEN 3763472 AND 3763572
	Index Scan using sbtest5_pkey on sbtest5  (cost=0.43..389.04 rows=98 width=125)
	  Index Cond: ((id >= 3763472) AND (id <= 3763572))

table 6 : explain SELECT id, c FROM sbtest6 WHERE id BETWEEN 3763472 AND 3763572
	Index Scan using sbtest6_pkey on sbtest6  (cost=0.43..366.30 rows=92 width=125)
	  Index Cond: ((id >= 3763472) AND (id <= 3763572))

table 7 : explain SELECT id, c FROM sbtest7 WHERE id BETWEEN 3763472 AND 3763572
	Index Scan using sbtest7_pkey on sbtest7  (cost=0.43..385.92 rows=97 width=125)
	  Index Cond: ((id >= 3763472) AND (id <= 3763572))

table 8 : explain SELECT id, c FROM sbtest8 WHERE id BETWEEN 3763472 AND 3763572
	Index Scan using sbtest8_pkey on sbtest8  (cost=0.43..366.45 rows=92 width=125)
	  Index Cond: ((id >= 3763472) AND (id <= 3763572))

explain: for range-notcovered :: explain SELECT id, c FROM sbtest%d WHERE id BETWEEN 3763472 AND 3763572
for range-notcovered
table 1 : explain SELECT id, c FROM sbtest1 WHERE id BETWEEN 2528886 AND 2528986
	Index Scan using sbtest1_pkey on sbtest1  (cost=0.43..394.26 rows=99 width=125)
	  Index Cond: ((id >= 2528886) AND (id <= 2528986))

table 2 : explain SELECT id, c FROM sbtest2 WHERE id BETWEEN 2528886 AND 2528986
	Index Scan using sbtest2_pkey on sbtest2  (cost=0.43..391.13 rows=98 width=125)
	  Index Cond: ((id >= 2528886) AND (id <= 2528986))

table 3 : explain SELECT id, c FROM sbtest3 WHERE id BETWEEN 2528886 AND 2528986
	Index Scan using sbtest3_pkey on sbtest3  (cost=0.43..393.77 rows=99 width=125)
	  Index Cond: ((id >= 2528886) AND (id <= 2528986))

table 4 : explain SELECT id, c FROM sbtest4 WHERE id BETWEEN 2528886 AND 2528986
	Index Scan using sbtest4_pkey on sbtest4  (cost=0.43..444.51 rows=112 width=125)
	  Index Cond: ((id >= 2528886) AND (id <= 2528986))

table 5 : explain SELECT id, c FROM sbtest5 WHERE id BETWEEN 2528886 AND 2528986
	Index Scan using sbtest5_pkey on sbtest5  (cost=0.43..404.74 rows=102 width=125)
	  Index Cond: ((id >= 2528886) AND (id <= 2528986))

table 6 : explain SELECT id, c FROM sbtest6 WHERE id BETWEEN 2528886 AND 2528986
	Index Scan using sbtest6_pkey on sbtest6  (cost=0.43..441.03 rows=111 width=125)
	  Index Cond: ((id >= 2528886) AND (id <= 2528986))

table 7 : explain SELECT id, c FROM sbtest7 WHERE id BETWEEN 2528886 AND 2528986
	Index Scan using sbtest7_pkey on sbtest7  (cost=0.43..409.51 rows=103 width=125)
	  Index Cond: ((id >= 2528886) AND (id <= 2528986))

table 8 : explain SELECT id, c FROM sbtest8 WHERE id BETWEEN 2528886 AND 2528986
	Index Scan using sbtest8_pkey on sbtest8  (cost=0.43..362.51 rows=91 width=125)
	  Index Cond: ((id >= 2528886) AND (id <= 2528986))

explain: for range-notcovered :: explain SELECT id, c FROM sbtest%d WHERE id BETWEEN 2528886 AND 2528986
for range-notcovered
table 1 : explain SELECT id, c FROM sbtest1 WHERE id BETWEEN 1833912 AND 1834012
	Index Scan using sbtest1_pkey on sbtest1  (cost=0.43..417.87 rows=105 width=125)
	  Index Cond: ((id >= 1833912) AND (id <= 1834012))

table 2 : explain SELECT id, c FROM sbtest2 WHERE id BETWEEN 1833912 AND 1834012
	Index Scan using sbtest2_pkey on sbtest2  (cost=0.43..438.46 rows=110 width=125)
	  Index Cond: ((id >= 1833912) AND (id <= 1834012))

table 3 : explain SELECT id, c FROM sbtest3 WHERE id BETWEEN 1833912 AND 1834012
	Index Scan using sbtest3_pkey on sbtest3  (cost=0.43..413.42 rows=104 width=125)
	  Index Cond: ((id >= 1833912) AND (id <= 1834012))

table 4 : explain SELECT id, c FROM sbtest4 WHERE id BETWEEN 1833912 AND 1834012
	Index Scan using sbtest4_pkey on sbtest4  (cost=0.43..385.60 rows=97 width=125)
	  Index Cond: ((id >= 1833912) AND (id <= 1834012))

table 5 : explain SELECT id, c FROM sbtest5 WHERE id BETWEEN 1833912 AND 1834012
	Index Scan using sbtest5_pkey on sbtest5  (cost=0.43..392.97 rows=99 width=125)
	  Index Cond: ((id >= 1833912) AND (id <= 1834012))

table 6 : explain SELECT id, c FROM sbtest6 WHERE id BETWEEN 1833912 AND 1834012
	Index Scan using sbtest6_pkey on sbtest6  (cost=0.43..374.17 rows=94 width=125)
	  Index Cond: ((id >= 1833912) AND (id <= 1834012))

table 7 : explain SELECT id, c FROM sbtest7 WHERE id BETWEEN 1833912 AND 1834012
	Index Scan using sbtest7_pkey on sbtest7  (cost=0.43..397.72 rows=100 width=125)
	  Index Cond: ((id >= 1833912) AND (id <= 1834012))

table 8 : explain SELECT id, c FROM sbtest8 WHERE id BETWEEN 1833912 AND 1834012
	Index Scan using sbtest8_pkey on sbtest8  (cost=0.43..354.65 rows=89 width=125)
	  Index Cond: ((id >= 1833912) AND (id <= 1834012))

for range-notcovered
table 1 : explain SELECT id, c FROM sbtest1 WHERE id BETWEEN 3296326 AND 3296426
	Index Scan using sbtest1_pkey on sbtest1  (cost=0.43..386.38 rows=97 width=125)
	  Index Cond: ((id >= 3296326) AND (id <= 3296426))

table 2 : explain SELECT id, c FROM sbtest2 WHERE id BETWEEN 3296326 AND 3296426
	Index Scan using sbtest2_pkey on sbtest2  (cost=0.43..410.85 rows=103 width=125)
	  Index Cond: ((id >= 3296326) AND (id <= 3296426))

table 3 : explain SELECT id, c FROM sbtest3 WHERE id BETWEEN 3296326 AND 3296426
	Index Scan using sbtest3_pkey on sbtest3  (cost=0.43..413.42 rows=104 width=125)
	  Index Cond: ((id >= 3296326) AND (id <= 3296426))

table 4 : explain SELECT id, c FROM sbtest4 WHERE id BETWEEN 3296326 AND 3296426
	Index Scan using sbtest4_pkey on sbtest4  (cost=0.43..409.16 rows=103 width=125)
	  Index Cond: ((id >= 3296326) AND (id <= 3296426))

table 5 : explain SELECT id, c FROM sbtest5 WHERE id BETWEEN 3296326 AND 3296426
	Index Scan using sbtest5_pkey on sbtest5  (cost=0.43..392.97 rows=99 width=125)
	  Index Cond: ((id >= 3296326) AND (id <= 3296426))

table 6 : explain SELECT id, c FROM sbtest6 WHERE id BETWEEN 3296326 AND 3296426
	Index Scan using sbtest6_pkey on sbtest6  (cost=0.43..382.05 rows=96 width=125)
	  Index Cond: ((id >= 3296326) AND (id <= 3296426))

table 7 : explain SELECT id, c FROM sbtest7 WHERE id BETWEEN 3296326 AND 3296426
	Index Scan using sbtest7_pkey on sbtest7  (cost=0.43..421.31 rows=106 width=125)
	  Index Cond: ((id >= 3296326) AND (id <= 3296426))

table 8 : explain SELECT id, c FROM sbtest8 WHERE id BETWEEN 3296326 AND 3296426
	Index Scan using sbtest8_pkey on sbtest8  (cost=0.43..405.80 rows=102 width=125)
	  Index Cond: ((id >= 3296326) AND (id <= 3296426))

explain: for range-notcovered :: explain SELECT id, c FROM sbtest%d WHERE id BETWEEN 1833912 AND 1834012
explain: for range-notcovered :: explain SELECT id, c FROM sbtest%d WHERE id BETWEEN 3296326 AND 3296426
for range-notcovered
table 1 : explain SELECT id, c FROM sbtest1 WHERE id BETWEEN 2528886 AND 2528986
	Index Scan using sbtest1_pkey on sbtest1  (cost=0.43..394.26 rows=99 width=125)
	  Index Cond: ((id >= 2528886) AND (id <= 2528986))

table 2 : explain SELECT id, c FROM sbtest2 WHERE id BETWEEN 2528886 AND 2528986
	Index Scan using sbtest2_pkey on sbtest2  (cost=0.43..391.13 rows=98 width=125)
	  Index Cond: ((id >= 2528886) AND (id <= 2528986))

table 3 : explain SELECT id, c FROM sbtest3 WHERE id BETWEEN 2528886 AND 2528986
	Index Scan using sbtest3_pkey on sbtest3  (cost=0.43..393.77 rows=99 width=125)
	  Index Cond: ((id >= 2528886) AND (id <= 2528986))

table 4 : explain SELECT id, c FROM sbtest4 WHERE id BETWEEN 2528886 AND 2528986
	Index Scan using sbtest4_pkey on sbtest4  (cost=0.43..444.51 rows=112 width=125)
	  Index Cond: ((id >= 2528886) AND (id <= 2528986))

table 5 : explain SELECT id, c FROM sbtest5 WHERE id BETWEEN 2528886 AND 2528986
	Index Scan using sbtest5_pkey on sbtest5  (cost=0.43..404.74 rows=102 width=125)
	  Index Cond: ((id >= 2528886) AND (id <= 2528986))

table 6 : explain SELECT id, c FROM sbtest6 WHERE id BETWEEN 2528886 AND 2528986
	Index Scan using sbtest6_pkey on sbtest6  (cost=0.43..441.03 rows=111 width=125)
	  Index Cond: ((id >= 2528886) AND (id <= 2528986))

table 7 : explain SELECT id, c FROM sbtest7 WHERE id BETWEEN 2528886 AND 2528986
	Index Scan using sbtest7_pkey on sbtest7  (cost=0.43..409.51 rows=103 width=125)
	  Index Cond: ((id >= 2528886) AND (id <= 2528986))

table 8 : explain SELECT id, c FROM sbtest8 WHERE id BETWEEN 2528886 AND 2528986
	Index Scan using sbtest8_pkey on sbtest8  (cost=0.43..362.51 rows=91 width=125)
	  Index Cond: ((id >= 2528886) AND (id <= 2528986))

explain: for range-notcovered :: explain SELECT id, c FROM sbtest%d WHERE id BETWEEN 2528886 AND 2528986
for range-notcovered
table 1 : explain SELECT id, c FROM sbtest1 WHERE id BETWEEN 1833912 AND 1834012
	Index Scan using sbtest1_pkey on sbtest1  (cost=0.43..417.87 rows=105 width=125)
	  Index Cond: ((id >= 1833912) AND (id <= 1834012))

table 2 : explain SELECT id, c FROM sbtest2 WHERE id BETWEEN 1833912 AND 1834012
	Index Scan using sbtest2_pkey on sbtest2  (cost=0.43..438.46 rows=110 width=125)
	  Index Cond: ((id >= 1833912) AND (id <= 1834012))

table 3 : explain SELECT id, c FROM sbtest3 WHERE id BETWEEN 1833912 AND 1834012
	Index Scan using sbtest3_pkey on sbtest3  (cost=0.43..413.42 rows=104 width=125)
	  Index Cond: ((id >= 1833912) AND (id <= 1834012))

table 4 : explain SELECT id, c FROM sbtest4 WHERE id BETWEEN 1833912 AND 1834012
	Index Scan using sbtest4_pkey on sbtest4  (cost=0.43..385.60 rows=97 width=125)
	  Index Cond: ((id >= 1833912) AND (id <= 1834012))

table 5 : explain SELECT id, c FROM sbtest5 WHERE id BETWEEN 1833912 AND 1834012
	Index Scan using sbtest5_pkey on sbtest5  (cost=0.43..392.97 rows=99 width=125)
	  Index Cond: ((id >= 1833912) AND (id <= 1834012))

table 6 : explain SELECT id, c FROM sbtest6 WHERE id BETWEEN 1833912 AND 1834012
	Index Scan using sbtest6_pkey on sbtest6  (cost=0.43..374.17 rows=94 width=125)
	  Index Cond: ((id >= 1833912) AND (id <= 1834012))

table 7 : explain SELECT id, c FROM sbtest7 WHERE id BETWEEN 1833912 AND 1834012
	Index Scan using sbtest7_pkey on sbtest7  (cost=0.43..397.72 rows=100 width=125)
	  Index Cond: ((id >= 1833912) AND (id <= 1834012))

table 8 : explain SELECT id, c FROM sbtest8 WHERE id BETWEEN 1833912 AND 1834012
	Index Scan using sbtest8_pkey on sbtest8  (cost=0.43..354.65 rows=89 width=125)
	  Index Cond: ((id >= 1833912) AND (id <= 1834012))

explain: for range-notcovered :: explain SELECT id, c FROM sbtest%d WHERE id BETWEEN 1833912 AND 1834012
explain: for range-notcovered :: explain SELECT id, c FROM sbtest%d WHERE id BETWEEN 7624957 AND 7625057
for range-notcovered
table 1 : explain SELECT id, c FROM sbtest1 WHERE id BETWEEN 2528886 AND 2528986
	Index Scan using sbtest1_pkey on sbtest1  (cost=0.43..394.26 rows=99 width=125)
	  Index Cond: ((id >= 2528886) AND (id <= 2528986))

table 2 : explain SELECT id, c FROM sbtest2 WHERE id BETWEEN 2528886 AND 2528986
	Index Scan using sbtest2_pkey on sbtest2  (cost=0.43..391.13 rows=98 width=125)
	  Index Cond: ((id >= 2528886) AND (id <= 2528986))

table 3 : explain SELECT id, c FROM sbtest3 WHERE id BETWEEN 2528886 AND 2528986
	Index Scan using sbtest3_pkey on sbtest3  (cost=0.43..393.77 rows=99 width=125)
	  Index Cond: ((id >= 2528886) AND (id <= 2528986))

table 4 : explain SELECT id, c FROM sbtest4 WHERE id BETWEEN 2528886 AND 2528986
	Index Scan using sbtest4_pkey on sbtest4  (cost=0.43..444.51 rows=112 width=125)
	  Index Cond: ((id >= 2528886) AND (id <= 2528986))

table 5 : explain SELECT id, c FROM sbtest5 WHERE id BETWEEN 2528886 AND 2528986
	Index Scan using sbtest5_pkey on sbtest5  (cost=0.43..404.74 rows=102 width=125)
	  Index Cond: ((id >= 2528886) AND (id <= 2528986))

table 6 : explain SELECT id, c FROM sbtest6 WHERE id BETWEEN 2528886 AND 2528986
	Index Scan using sbtest6_pkey on sbtest6  (cost=0.43..441.03 rows=111 width=125)
	  Index Cond: ((id >= 2528886) AND (id <= 2528986))

table 7 : explain SELECT id, c FROM sbtest7 WHERE id BETWEEN 2528886 AND 2528986
	Index Scan using sbtest7_pkey on sbtest7  (cost=0.43..409.51 rows=103 width=125)
	  Index Cond: ((id >= 2528886) AND (id <= 2528986))

table 8 : explain SELECT id, c FROM sbtest8 WHERE id BETWEEN 2528886 AND 2528986
	Index Scan using sbtest8_pkey on sbtest8  (cost=0.43..362.51 rows=91 width=125)
	  Index Cond: ((id >= 2528886) AND (id <= 2528986))

explain: for range-notcovered :: explain SELECT id, c FROM sbtest%d WHERE id BETWEEN 2528886 AND 2528986
explain: for range-notcovered :: explain SELECT id, c FROM sbtest%d WHERE id BETWEEN 4776786 AND 4776886
for range-notcovered
table 1 : explain SELECT id, c FROM sbtest1 WHERE id BETWEEN 2528886 AND 2528986
	Index Scan using sbtest1_pkey on sbtest1  (cost=0.43..394.26 rows=99 width=125)
	  Index Cond: ((id >= 2528886) AND (id <= 2528986))

table 2 : explain SELECT id, c FROM sbtest2 WHERE id BETWEEN 2528886 AND 2528986
	Index Scan using sbtest2_pkey on sbtest2  (cost=0.43..391.13 rows=98 width=125)
	  Index Cond: ((id >= 2528886) AND (id <= 2528986))

table 3 : explain SELECT id, c FROM sbtest3 WHERE id BETWEEN 2528886 AND 2528986
	Index Scan using sbtest3_pkey on sbtest3  (cost=0.43..393.77 rows=99 width=125)
	  Index Cond: ((id >= 2528886) AND (id <= 2528986))

table 4 : explain SELECT id, c FROM sbtest4 WHERE id BETWEEN 2528886 AND 2528986
	Index Scan using sbtest4_pkey on sbtest4  (cost=0.43..444.51 rows=112 width=125)
	  Index Cond: ((id >= 2528886) AND (id <= 2528986))

table 5 : explain SELECT id, c FROM sbtest5 WHERE id BETWEEN 2528886 AND 2528986
	Index Scan using sbtest5_pkey on sbtest5  (cost=0.43..404.74 rows=102 width=125)
	  Index Cond: ((id >= 2528886) AND (id <= 2528986))

table 6 : explain SELECT id, c FROM sbtest6 WHERE id BETWEEN 2528886 AND 2528986
	Index Scan using sbtest6_pkey on sbtest6  (cost=0.43..441.03 rows=111 width=125)
	  Index Cond: ((id >= 2528886) AND (id <= 2528986))

table 7 : explain SELECT id, c FROM sbtest7 WHERE id BETWEEN 2528886 AND 2528986
	Index Scan using sbtest7_pkey on sbtest7  (cost=0.43..409.51 rows=103 width=125)
	  Index Cond: ((id >= 2528886) AND (id <= 2528986))

table 8 : explain SELECT id, c FROM sbtest8 WHERE id BETWEEN 2528886 AND 2528986
	Index Scan using sbtest8_pkey on sbtest8  (cost=0.43..362.51 rows=91 width=125)
	  Index Cond: ((id >= 2528886) AND (id <= 2528986))

explain: for range-notcovered :: explain SELECT id, c FROM sbtest%d WHERE id BETWEEN 2528886 AND 2528986
for range-notcovered
table 1 : explain SELECT id, c FROM sbtest1 WHERE id BETWEEN 1833912 AND 1834012
	Index Scan using sbtest1_pkey on sbtest1  (cost=0.43..417.87 rows=105 width=125)
	  Index Cond: ((id >= 1833912) AND (id <= 1834012))

table 2 : explain SELECT id, c FROM sbtest2 WHERE id BETWEEN 1833912 AND 1834012
	Index Scan using sbtest2_pkey on sbtest2  (cost=0.43..438.46 rows=110 width=125)
	  Index Cond: ((id >= 1833912) AND (id <= 1834012))

table 3 : explain SELECT id, c FROM sbtest3 WHERE id BETWEEN 1833912 AND 1834012
	Index Scan using sbtest3_pkey on sbtest3  (cost=0.43..413.42 rows=104 width=125)
	  Index Cond: ((id >= 1833912) AND (id <= 1834012))

table 4 : explain SELECT id, c FROM sbtest4 WHERE id BETWEEN 1833912 AND 1834012
	Index Scan using sbtest4_pkey on sbtest4  (cost=0.43..385.60 rows=97 width=125)
	  Index Cond: ((id >= 1833912) AND (id <= 1834012))

table 5 : explain SELECT id, c FROM sbtest5 WHERE id BETWEEN 1833912 AND 1834012
	Index Scan using sbtest5_pkey on sbtest5  (cost=0.43..392.97 rows=99 width=125)
	  Index Cond: ((id >= 1833912) AND (id <= 1834012))

table 6 : explain SELECT id, c FROM sbtest6 WHERE id BETWEEN 1833912 AND 1834012
	Index Scan using sbtest6_pkey on sbtest6  (cost=0.43..374.17 rows=94 width=125)
	  Index Cond: ((id >= 1833912) AND (id <= 1834012))

table 7 : explain SELECT id, c FROM sbtest7 WHERE id BETWEEN 1833912 AND 1834012
	Index Scan using sbtest7_pkey on sbtest7  (cost=0.43..397.72 rows=100 width=125)
	  Index Cond: ((id >= 1833912) AND (id <= 1834012))

table 8 : explain SELECT id, c FROM sbtest8 WHERE id BETWEEN 1833912 AND 1834012
	Index Scan using sbtest8_pkey on sbtest8  (cost=0.43..354.65 rows=89 width=125)
	  Index Cond: ((id >= 1833912) AND (id <= 1834012))

explain: for range-notcovered :: explain SELECT id, c FROM sbtest%d WHERE id BETWEEN 1833912 AND 1834012
for range-notcovered
table 1 : explain SELECT id, c FROM sbtest1 WHERE id BETWEEN 3296326 AND 3296426
	Index Scan using sbtest1_pkey on sbtest1  (cost=0.43..386.38 rows=97 width=125)
	  Index Cond: ((id >= 3296326) AND (id <= 3296426))

table 2 : explain SELECT id, c FROM sbtest2 WHERE id BETWEEN 3296326 AND 3296426
	Index Scan using sbtest2_pkey on sbtest2  (cost=0.43..410.85 rows=103 width=125)
	  Index Cond: ((id >= 3296326) AND (id <= 3296426))

table 3 : explain SELECT id, c FROM sbtest3 WHERE id BETWEEN 3296326 AND 3296426
	Index Scan using sbtest3_pkey on sbtest3  (cost=0.43..413.42 rows=104 width=125)
	  Index Cond: ((id >= 3296326) AND (id <= 3296426))

table 4 : explain SELECT id, c FROM sbtest4 WHERE id BETWEEN 3296326 AND 3296426
	Index Scan using sbtest4_pkey on sbtest4  (cost=0.43..409.16 rows=103 width=125)
	  Index Cond: ((id >= 3296326) AND (id <= 3296426))

table 5 : explain SELECT id, c FROM sbtest5 WHERE id BETWEEN 3296326 AND 3296426
	Index Scan using sbtest5_pkey on sbtest5  (cost=0.43..392.97 rows=99 width=125)
	  Index Cond: ((id >= 3296326) AND (id <= 3296426))

table 6 : explain SELECT id, c FROM sbtest6 WHERE id BETWEEN 3296326 AND 3296426
	Index Scan using sbtest6_pkey on sbtest6  (cost=0.43..382.05 rows=96 width=125)
	  Index Cond: ((id >= 3296326) AND (id <= 3296426))

table 7 : explain SELECT id, c FROM sbtest7 WHERE id BETWEEN 3296326 AND 3296426
	Index Scan using sbtest7_pkey on sbtest7  (cost=0.43..421.31 rows=106 width=125)
	  Index Cond: ((id >= 3296326) AND (id <= 3296426))

table 8 : explain SELECT id, c FROM sbtest8 WHERE id BETWEEN 3296326 AND 3296426
	Index Scan using sbtest8_pkey on sbtest8  (cost=0.43..405.80 rows=102 width=125)
	  Index Cond: ((id >= 3296326) AND (id <= 3296426))

for range-notcovered
table 1 : explain SELECT id, c FROM sbtest1 WHERE id BETWEEN 2528886 AND 2528986
	Index Scan using sbtest1_pkey on sbtest1  (cost=0.43..394.26 rows=99 width=125)
	  Index Cond: ((id >= 2528886) AND (id <= 2528986))

table 2 : explain SELECT id, c FROM sbtest2 WHERE id BETWEEN 2528886 AND 2528986
	Index Scan using sbtest2_pkey on sbtest2  (cost=0.43..391.13 rows=98 width=125)
	  Index Cond: ((id >= 2528886) AND (id <= 2528986))

table 3 : explain SELECT id, c FROM sbtest3 WHERE id BETWEEN 2528886 AND 2528986
	Index Scan using sbtest3_pkey on sbtest3  (cost=0.43..393.77 rows=99 width=125)
	  Index Cond: ((id >= 2528886) AND (id <= 2528986))

table 4 : explain SELECT id, c FROM sbtest4 WHERE id BETWEEN 2528886 AND 2528986
	Index Scan using sbtest4_pkey on sbtest4  (cost=0.43..444.51 rows=112 width=125)
	  Index Cond: ((id >= 2528886) AND (id <= 2528986))

table 5 : explain SELECT id, c FROM sbtest5 WHERE id BETWEEN 2528886 AND 2528986
	Index Scan using sbtest5_pkey on sbtest5  (cost=0.43..404.74 rows=102 width=125)
	  Index Cond: ((id >= 2528886) AND (id <= 2528986))

table 6 : explain SELECT id, c FROM sbtest6 WHERE id BETWEEN 2528886 AND 2528986
	Index Scan using sbtest6_pkey on sbtest6  (cost=0.43..441.03 rows=111 width=125)
	  Index Cond: ((id >= 2528886) AND (id <= 2528986))

table 7 : explain SELECT id, c FROM sbtest7 WHERE id BETWEEN 2528886 AND 2528986
	Index Scan using sbtest7_pkey on sbtest7  (cost=0.43..409.51 rows=103 width=125)
	  Index Cond: ((id >= 2528886) AND (id <= 2528986))

table 8 : explain SELECT id, c FROM sbtest8 WHERE id BETWEEN 2528886 AND 2528986
	Index Scan using sbtest8_pkey on sbtest8  (cost=0.43..362.51 rows=91 width=125)
	  Index Cond: ((id >= 2528886) AND (id <= 2528986))

explain: for range-notcovered :: explain SELECT id, c FROM sbtest%d WHERE id BETWEEN 2528886 AND 2528986
for range-notcovered
table 1 : explain SELECT id, c FROM sbtest1 WHERE id BETWEEN 1833912 AND 1834012
	Index Scan using sbtest1_pkey on sbtest1  (cost=0.43..417.87 rows=105 width=125)
	  Index Cond: ((id >= 1833912) AND (id <= 1834012))

table 2 : explain SELECT id, c FROM sbtest2 WHERE id BETWEEN 1833912 AND 1834012
	Index Scan using sbtest2_pkey on sbtest2  (cost=0.43..438.46 rows=110 width=125)
	  Index Cond: ((id >= 1833912) AND (id <= 1834012))

table 3 : explain SELECT id, c FROM sbtest3 WHERE id BETWEEN 1833912 AND 1834012
	Index Scan using sbtest3_pkey on sbtest3  (cost=0.43..413.42 rows=104 width=125)
	  Index Cond: ((id >= 1833912) AND (id <= 1834012))

table 4 : explain SELECT id, c FROM sbtest4 WHERE id BETWEEN 1833912 AND 1834012
	Index Scan using sbtest4_pkey on sbtest4  (cost=0.43..385.60 rows=97 width=125)
	  Index Cond: ((id >= 1833912) AND (id <= 1834012))

table 5 : explain SELECT id, c FROM sbtest5 WHERE id BETWEEN 1833912 AND 1834012
	Index Scan using sbtest5_pkey on sbtest5  (cost=0.43..392.97 rows=99 width=125)
	  Index Cond: ((id >= 1833912) AND (id <= 1834012))

table 6 : explain SELECT id, c FROM sbtest6 WHERE id BETWEEN 1833912 AND 1834012
	Index Scan using sbtest6_pkey on sbtest6  (cost=0.43..374.17 rows=94 width=125)
	  Index Cond: ((id >= 1833912) AND (id <= 1834012))

table 7 : explain SELECT id, c FROM sbtest7 WHERE id BETWEEN 1833912 AND 1834012
	Index Scan using sbtest7_pkey on sbtest7  (cost=0.43..397.72 rows=100 width=125)
	  Index Cond: ((id >= 1833912) AND (id <= 1834012))

table 8 : explain SELECT id, c FROM sbtest8 WHERE id BETWEEN 1833912 AND 1834012
	Index Scan using sbtest8_pkey on sbtest8  (cost=0.43..354.65 rows=89 width=125)
	  Index Cond: ((id >= 1833912) AND (id <= 1834012))

for range-notcovered
table 1 : explain SELECT id, c FROM sbtest1 WHERE id BETWEEN 3763472 AND 3763572
	Index Scan using sbtest1_pkey on sbtest1  (cost=0.43..417.87 rows=105 width=125)
	  Index Cond: ((id >= 3763472) AND (id <= 3763572))

table 2 : explain SELECT id, c FROM sbtest2 WHERE id BETWEEN 3763472 AND 3763572
	Index Scan using sbtest2_pkey on sbtest2  (cost=0.43..367.44 rows=92 width=125)
	  Index Cond: ((id >= 3763472) AND (id <= 3763572))

table 3 : explain SELECT id, c FROM sbtest3 WHERE id BETWEEN 3763472 AND 3763572
	Index Scan using sbtest3_pkey on sbtest3  (cost=0.43..409.49 rows=103 width=125)
	  Index Cond: ((id >= 3763472) AND (id <= 3763572))

table 4 : explain SELECT id, c FROM sbtest4 WHERE id BETWEEN 3763472 AND 3763572
	Index Scan using sbtest4_pkey on sbtest4  (cost=0.43..385.60 rows=97 width=125)
	  Index Cond: ((id >= 3763472) AND (id <= 3763572))

table 5 : explain SELECT id, c FROM sbtest5 WHERE id BETWEEN 3763472 AND 3763572
	Index Scan using sbtest5_pkey on sbtest5  (cost=0.43..389.04 rows=98 width=125)
	  Index Cond: ((id >= 3763472) AND (id <= 3763572))

table 6 : explain SELECT id, c FROM sbtest6 WHERE id BETWEEN 3763472 AND 3763572
	Index Scan using sbtest6_pkey on sbtest6  (cost=0.43..366.30 rows=92 width=125)
	  Index Cond: ((id >= 3763472) AND (id <= 3763572))

table 7 : explain SELECT id, c FROM sbtest7 WHERE id BETWEEN 3763472 AND 3763572
	Index Scan using sbtest7_pkey on sbtest7  (cost=0.43..385.92 rows=97 width=125)
	  Index Cond: ((id >= 3763472) AND (id <= 3763572))

table 8 : explain SELECT id, c FROM sbtest8 WHERE id BETWEEN 3763472 AND 3763572
	Index Scan using sbtest8_pkey on sbtest8  (cost=0.43..366.45 rows=92 width=125)
	  Index Cond: ((id >= 3763472) AND (id <= 3763572))

explain: for range-notcovered :: explain SELECT id, c FROM sbtest%d WHERE id BETWEEN 1833912 AND 1834012
explain: for range-notcovered :: explain SELECT id, c FROM sbtest%d WHERE id BETWEEN 3763472 AND 3763572
for range-notcovered
table 1 : explain SELECT id, c FROM sbtest1 WHERE id BETWEEN 2528886 AND 2528986
	Index Scan using sbtest1_pkey on sbtest1  (cost=0.43..394.26 rows=99 width=125)
	  Index Cond: ((id >= 2528886) AND (id <= 2528986))

table 2 : explain SELECT id, c FROM sbtest2 WHERE id BETWEEN 2528886 AND 2528986
	Index Scan using sbtest2_pkey on sbtest2  (cost=0.43..391.13 rows=98 width=125)
	  Index Cond: ((id >= 2528886) AND (id <= 2528986))

table 3 : explain SELECT id, c FROM sbtest3 WHERE id BETWEEN 2528886 AND 2528986
	Index Scan using sbtest3_pkey on sbtest3  (cost=0.43..393.77 rows=99 width=125)
	  Index Cond: ((id >= 2528886) AND (id <= 2528986))

table 4 : explain SELECT id, c FROM sbtest4 WHERE id BETWEEN 2528886 AND 2528986
	Index Scan using sbtest4_pkey on sbtest4  (cost=0.43..444.51 rows=112 width=125)
	  Index Cond: ((id >= 2528886) AND (id <= 2528986))

table 5 : explain SELECT id, c FROM sbtest5 WHERE id BETWEEN 2528886 AND 2528986
	Index Scan using sbtest5_pkey on sbtest5  (cost=0.43..404.74 rows=102 width=125)
	  Index Cond: ((id >= 2528886) AND (id <= 2528986))

table 6 : explain SELECT id, c FROM sbtest6 WHERE id BETWEEN 2528886 AND 2528986
	Index Scan using sbtest6_pkey on sbtest6  (cost=0.43..441.03 rows=111 width=125)
	  Index Cond: ((id >= 2528886) AND (id <= 2528986))

table 7 : explain SELECT id, c FROM sbtest7 WHERE id BETWEEN 2528886 AND 2528986
	Index Scan using sbtest7_pkey on sbtest7  (cost=0.43..409.51 rows=103 width=125)
	  Index Cond: ((id >= 2528886) AND (id <= 2528986))

table 8 : explain SELECT id, c FROM sbtest8 WHERE id BETWEEN 2528886 AND 2528986
	Index Scan using sbtest8_pkey on sbtest8  (cost=0.43..362.51 rows=91 width=125)
	  Index Cond: ((id >= 2528886) AND (id <= 2528986))

for range-notcovered
table 1 : explain SELECT id, c FROM sbtest1 WHERE id BETWEEN 3763472 AND 3763572
	Index Scan using sbtest1_pkey on sbtest1  (cost=0.43..417.87 rows=105 width=125)
	  Index Cond: ((id >= 3763472) AND (id <= 3763572))

table 2 : explain SELECT id, c FROM sbtest2 WHERE id BETWEEN 3763472 AND 3763572
	Index Scan using sbtest2_pkey on sbtest2  (cost=0.43..367.44 rows=92 width=125)
	  Index Cond: ((id >= 3763472) AND (id <= 3763572))

table 3 : explain SELECT id, c FROM sbtest3 WHERE id BETWEEN 3763472 AND 3763572
	Index Scan using sbtest3_pkey on sbtest3  (cost=0.43..409.49 rows=103 width=125)
	  Index Cond: ((id >= 3763472) AND (id <= 3763572))

table 4 : explain SELECT id, c FROM sbtest4 WHERE id BETWEEN 3763472 AND 3763572
	Index Scan using sbtest4_pkey on sbtest4  (cost=0.43..385.60 rows=97 width=125)
	  Index Cond: ((id >= 3763472) AND (id <= 3763572))

table 5 : explain SELECT id, c FROM sbtest5 WHERE id BETWEEN 3763472 AND 3763572
	Index Scan using sbtest5_pkey on sbtest5  (cost=0.43..389.04 rows=98 width=125)
	  Index Cond: ((id >= 3763472) AND (id <= 3763572))

table 6 : explain SELECT id, c FROM sbtest6 WHERE id BETWEEN 3763472 AND 3763572
	Index Scan using sbtest6_pkey on sbtest6  (cost=0.43..366.30 rows=92 width=125)
	  Index Cond: ((id >= 3763472) AND (id <= 3763572))

table 7 : explain SELECT id, c FROM sbtest7 WHERE id BETWEEN 3763472 AND 3763572
	Index Scan using sbtest7_pkey on sbtest7  (cost=0.43..385.92 rows=97 width=125)
	  Index Cond: ((id >= 3763472) AND (id <= 3763572))

table 8 : explain SELECT id, c FROM sbtest8 WHERE id BETWEEN 3763472 AND 3763572
	Index Scan using sbtest8_pkey on sbtest8  (cost=0.43..366.45 rows=92 width=125)
	  Index Cond: ((id >= 3763472) AND (id <= 3763572))

explain: for range-notcovered :: explain SELECT id, c FROM sbtest%d WHERE id BETWEEN 3763472 AND 3763572
for range-notcovered
table 1 : explain SELECT id, c FROM sbtest1 WHERE id BETWEEN 3763472 AND 3763572
	Index Scan using sbtest1_pkey on sbtest1  (cost=0.43..417.87 rows=105 width=125)
	  Index Cond: ((id >= 3763472) AND (id <= 3763572))

table 2 : explain SELECT id, c FROM sbtest2 WHERE id BETWEEN 3763472 AND 3763572
	Index Scan using sbtest2_pkey on sbtest2  (cost=0.43..367.44 rows=92 width=125)
	  Index Cond: ((id >= 3763472) AND (id <= 3763572))

table 3 : explain SELECT id, c FROM sbtest3 WHERE id BETWEEN 3763472 AND 3763572
	Index Scan using sbtest3_pkey on sbtest3  (cost=0.43..409.49 rows=103 width=125)
	  Index Cond: ((id >= 3763472) AND (id <= 3763572))

table 4 : explain SELECT id, c FROM sbtest4 WHERE id BETWEEN 3763472 AND 3763572
	Index Scan using sbtest4_pkey on sbtest4  (cost=0.43..385.60 rows=97 width=125)
	  Index Cond: ((id >= 3763472) AND (id <= 3763572))

table 5 : explain SELECT id, c FROM sbtest5 WHERE id BETWEEN 3763472 AND 3763572
	Index Scan using sbtest5_pkey on sbtest5  (cost=0.43..389.04 rows=98 width=125)
	  Index Cond: ((id >= 3763472) AND (id <= 3763572))

table 6 : explain SELECT id, c FROM sbtest6 WHERE id BETWEEN 3763472 AND 3763572
	Index Scan using sbtest6_pkey on sbtest6  (cost=0.43..366.30 rows=92 width=125)
	  Index Cond: ((id >= 3763472) AND (id <= 3763572))

table 7 : explain SELECT id, c FROM sbtest7 WHERE id BETWEEN 3763472 AND 3763572
	Index Scan using sbtest7_pkey on sbtest7  (cost=0.43..385.92 rows=97 width=125)
	  Index Cond: ((id >= 3763472) AND (id <= 3763572))

table 8 : explain SELECT id, c FROM sbtest8 WHERE id BETWEEN 3763472 AND 3763572
	Index Scan using sbtest8_pkey on sbtest8  (cost=0.43..366.45 rows=92 width=125)
	  Index Cond: ((id >= 3763472) AND (id <= 3763572))

explain: for range-notcovered :: explain SELECT id, c FROM sbtest%d WHERE id BETWEEN 3763472 AND 3763572
for range-notcovered
table 1 : explain SELECT id, c FROM sbtest1 WHERE id BETWEEN 1833912 AND 1834012
	Index Scan using sbtest1_pkey on sbtest1  (cost=0.43..417.87 rows=105 width=125)
	  Index Cond: ((id >= 1833912) AND (id <= 1834012))

table 2 : explain SELECT id, c FROM sbtest2 WHERE id BETWEEN 1833912 AND 1834012
	Index Scan using sbtest2_pkey on sbtest2  (cost=0.43..438.46 rows=110 width=125)
	  Index Cond: ((id >= 1833912) AND (id <= 1834012))

table 3 : explain SELECT id, c FROM sbtest3 WHERE id BETWEEN 1833912 AND 1834012
	Index Scan using sbtest3_pkey on sbtest3  (cost=0.43..413.42 rows=104 width=125)
	  Index Cond: ((id >= 1833912) AND (id <= 1834012))

table 4 : explain SELECT id, c FROM sbtest4 WHERE id BETWEEN 1833912 AND 1834012
	Index Scan using sbtest4_pkey on sbtest4  (cost=0.43..385.60 rows=97 width=125)
	  Index Cond: ((id >= 1833912) AND (id <= 1834012))

table 5 : explain SELECT id, c FROM sbtest5 WHERE id BETWEEN 1833912 AND 1834012
	Index Scan using sbtest5_pkey on sbtest5  (cost=0.43..392.97 rows=99 width=125)
	  Index Cond: ((id >= 1833912) AND (id <= 1834012))

table 6 : explain SELECT id, c FROM sbtest6 WHERE id BETWEEN 1833912 AND 1834012
	Index Scan using sbtest6_pkey on sbtest6  (cost=0.43..374.17 rows=94 width=125)
	  Index Cond: ((id >= 1833912) AND (id <= 1834012))

table 7 : explain SELECT id, c FROM sbtest7 WHERE id BETWEEN 1833912 AND 1834012
	Index Scan using sbtest7_pkey on sbtest7  (cost=0.43..397.72 rows=100 width=125)
	  Index Cond: ((id >= 1833912) AND (id <= 1834012))

table 8 : explain SELECT id, c FROM sbtest8 WHERE id BETWEEN 1833912 AND 1834012
	Index Scan using sbtest8_pkey on sbtest8  (cost=0.43..354.65 rows=89 width=125)
	  Index Cond: ((id >= 1833912) AND (id <= 1834012))

explain: for range-notcovered :: explain SELECT id, c FROM sbtest%d WHERE id BETWEEN 1833912 AND 1834012
for range-notcovered
table 1 : explain SELECT id, c FROM sbtest1 WHERE id BETWEEN 8412730 AND 8412830
	Index Scan using sbtest1_pkey on sbtest1  (cost=0.43..386.38 rows=97 width=125)
	  Index Cond: ((id >= 8412730) AND (id <= 8412830))

table 2 : explain SELECT id, c FROM sbtest2 WHERE id BETWEEN 8412730 AND 8412830
	Index Scan using sbtest2_pkey on sbtest2  (cost=0.43..399.02 rows=100 width=125)
	  Index Cond: ((id >= 8412730) AND (id <= 8412830))

table 3 : explain SELECT id, c FROM sbtest3 WHERE id BETWEEN 8412730 AND 8412830
	Index Scan using sbtest3_pkey on sbtest3  (cost=0.43..378.04 rows=95 width=125)
	  Index Cond: ((id >= 8412730) AND (id <= 8412830))

table 4 : explain SELECT id, c FROM sbtest4 WHERE id BETWEEN 8412730 AND 8412830
	Index Scan using sbtest4_pkey on sbtest4  (cost=0.43..385.60 rows=97 width=125)
	  Index Cond: ((id >= 8412730) AND (id <= 8412830))

table 5 : explain SELECT id, c FROM sbtest5 WHERE id BETWEEN 8412730 AND 8412830
	Index Scan using sbtest5_pkey on sbtest5  (cost=0.43..424.35 rows=107 width=125)
	  Index Cond: ((id >= 8412730) AND (id <= 8412830))

table 6 : explain SELECT id, c FROM sbtest6 WHERE id BETWEEN 8412730 AND 8412830
	Index Scan using sbtest6_pkey on sbtest6  (cost=0.43..346.64 rows=87 width=125)
	  Index Cond: ((id >= 8412730) AND (id <= 8412830))

table 7 : explain SELECT id, c FROM sbtest7 WHERE id BETWEEN 8412730 AND 8412830
	Index Scan using sbtest7_pkey on sbtest7  (cost=0.43..417.37 rows=105 width=125)
	  Index Cond: ((id >= 8412730) AND (id <= 8412830))

table 8 : explain SELECT id, c FROM sbtest8 WHERE id BETWEEN 8412730 AND 8412830
	Index Scan using sbtest8_pkey on sbtest8  (cost=0.43..382.18 rows=96 width=125)
	  Index Cond: ((id >= 8412730) AND (id <= 8412830))

explain: for range-notcovered :: explain SELECT id, c FROM sbtest%d WHERE id BETWEEN 8412730 AND 8412830
for range-notcovered
table 1 : explain SELECT id, c FROM sbtest1 WHERE id BETWEEN 7624957 AND 7625057
	Index Scan using sbtest1_pkey on sbtest1  (cost=0.43..362.75 rows=91 width=125)
	  Index Cond: ((id >= 7624957) AND (id <= 7625057))

table 2 : explain SELECT id, c FROM sbtest2 WHERE id BETWEEN 7624957 AND 7625057
	Index Scan using sbtest2_pkey on sbtest2  (cost=0.43..410.85 rows=103 width=125)
	  Index Cond: ((id >= 7624957) AND (id <= 7625057))

table 3 : explain SELECT id, c FROM sbtest3 WHERE id BETWEEN 7624957 AND 7625057
	Index Scan using sbtest3_pkey on sbtest3  (cost=0.43..429.15 rows=108 width=125)
	  Index Cond: ((id >= 7624957) AND (id <= 7625057))

table 4 : explain SELECT id, c FROM sbtest4 WHERE id BETWEEN 7624957 AND 7625057
	Index Scan using sbtest4_pkey on sbtest4  (cost=0.43..424.88 rows=107 width=125)
	  Index Cond: ((id >= 7624957) AND (id <= 7625057))

table 5 : explain SELECT id, c FROM sbtest5 WHERE id BETWEEN 7624957 AND 7625057
	Index Scan using sbtest5_pkey on sbtest5  (cost=0.43..389.04 rows=98 width=125)
	  Index Cond: ((id >= 7624957) AND (id <= 7625057))

table 6 : explain SELECT id, c FROM sbtest6 WHERE id BETWEEN 7624957 AND 7625057
	Index Scan using sbtest6_pkey on sbtest6  (cost=0.43..397.78 rows=100 width=125)
	  Index Cond: ((id >= 7624957) AND (id <= 7625057))

table 7 : explain SELECT id, c FROM sbtest7 WHERE id BETWEEN 7624957 AND 7625057
	Index Scan using sbtest7_pkey on sbtest7  (cost=0.43..429.17 rows=108 width=125)
	  Index Cond: ((id >= 7624957) AND (id <= 7625057))

table 8 : explain SELECT id, c FROM sbtest8 WHERE id BETWEEN 7624957 AND 7625057
	Index Scan using sbtest8_pkey on sbtest8  (cost=0.43..394.00 rows=99 width=125)
	  Index Cond: ((id >= 7624957) AND (id <= 7625057))

explain: for range-notcovered :: explain SELECT id, c FROM sbtest%d WHERE id BETWEEN 7624957 AND 7625057
explain: for range-notcovered :: explain SELECT id, c FROM sbtest%d WHERE id BETWEEN 9322645 AND 9322745
for range-notcovered
table 1 : explain SELECT id, c FROM sbtest1 WHERE id BETWEEN 8412730 AND 8412830
	Index Scan using sbtest1_pkey on sbtest1  (cost=0.43..386.38 rows=97 width=125)
	  Index Cond: ((id >= 8412730) AND (id <= 8412830))

table 2 : explain SELECT id, c FROM sbtest2 WHERE id BETWEEN 8412730 AND 8412830
	Index Scan using sbtest2_pkey on sbtest2  (cost=0.43..399.02 rows=100 width=125)
	  Index Cond: ((id >= 8412730) AND (id <= 8412830))

table 3 : explain SELECT id, c FROM sbtest3 WHERE id BETWEEN 8412730 AND 8412830
	Index Scan using sbtest3_pkey on sbtest3  (cost=0.43..378.04 rows=95 width=125)
	  Index Cond: ((id >= 8412730) AND (id <= 8412830))

table 4 : explain SELECT id, c FROM sbtest4 WHERE id BETWEEN 8412730 AND 8412830
	Index Scan using sbtest4_pkey on sbtest4  (cost=0.43..385.60 rows=97 width=125)
	  Index Cond: ((id >= 8412730) AND (id <= 8412830))

table 5 : explain SELECT id, c FROM sbtest5 WHERE id BETWEEN 8412730 AND 8412830
	Index Scan using sbtest5_pkey on sbtest5  (cost=0.43..424.35 rows=107 width=125)
	  Index Cond: ((id >= 8412730) AND (id <= 8412830))

table 6 : explain SELECT id, c FROM sbtest6 WHERE id BETWEEN 8412730 AND 8412830
	Index Scan using sbtest6_pkey on sbtest6  (cost=0.43..346.64 rows=87 width=125)
	  Index Cond: ((id >= 8412730) AND (id <= 8412830))

table 7 : explain SELECT id, c FROM sbtest7 WHERE id BETWEEN 8412730 AND 8412830
	Index Scan using sbtest7_pkey on sbtest7  (cost=0.43..417.37 rows=105 width=125)
	  Index Cond: ((id >= 8412730) AND (id <= 8412830))

table 8 : explain SELECT id, c FROM sbtest8 WHERE id BETWEEN 8412730 AND 8412830
	Index Scan using sbtest8_pkey on sbtest8  (cost=0.43..382.18 rows=96 width=125)
	  Index Cond: ((id >= 8412730) AND (id <= 8412830))

explain: for range-notcovered :: explain SELECT id, c FROM sbtest%d WHERE id BETWEEN 8412730 AND 8412830
for range-notcovered
table 1 : explain SELECT id, c FROM sbtest1 WHERE id BETWEEN 4776786 AND 4776886
	Index Scan using sbtest1_pkey on sbtest1  (cost=0.43..421.81 rows=106 width=125)
	  Index Cond: ((id >= 4776786) AND (id <= 4776886))

table 2 : explain SELECT id, c FROM sbtest2 WHERE id BETWEEN 4776786 AND 4776886
	Index Scan using sbtest2_pkey on sbtest2  (cost=0.43..446.35 rows=112 width=125)
	  Index Cond: ((id >= 4776786) AND (id <= 4776886))

table 3 : explain SELECT id, c FROM sbtest3 WHERE id BETWEEN 4776786 AND 4776886
	Index Scan using sbtest3_pkey on sbtest3  (cost=0.43..370.18 rows=93 width=125)
	  Index Cond: ((id >= 4776786) AND (id <= 4776886))

table 4 : explain SELECT id, c FROM sbtest4 WHERE id BETWEEN 4776786 AND 4776886
	Index Scan using sbtest4_pkey on sbtest4  (cost=0.43..409.16 rows=103 width=125)
	  Index Cond: ((id >= 4776786) AND (id <= 4776886))

table 5 : explain SELECT id, c FROM sbtest5 WHERE id BETWEEN 4776786 AND 4776886
	Index Scan using sbtest5_pkey on sbtest5  (cost=0.43..432.20 rows=109 width=125)
	  Index Cond: ((id >= 4776786) AND (id <= 4776886))

table 6 : explain SELECT id, c FROM sbtest6 WHERE id BETWEEN 4776786 AND 4776886
	Index Scan using sbtest6_pkey on sbtest6  (cost=0.43..385.99 rows=97 width=125)
	  Index Cond: ((id >= 4776786) AND (id <= 4776886))

table 7 : explain SELECT id, c FROM sbtest7 WHERE id BETWEEN 4776786 AND 4776886
	Index Scan using sbtest7_pkey on sbtest7  (cost=0.43..456.69 rows=115 width=125)
	  Index Cond: ((id >= 4776786) AND (id <= 4776886))

table 8 : explain SELECT id, c FROM sbtest8 WHERE id BETWEEN 4776786 AND 4776886
	Index Scan using sbtest8_pkey on sbtest8  (cost=0.43..417.60 rows=105 width=125)
	  Index Cond: ((id >= 4776786) AND (id <= 4776886))

explain: for range-notcovered :: explain SELECT id, c FROM sbtest%d WHERE id BETWEEN 4776786 AND 4776886
for range-notcovered
table 1 : explain SELECT id, c FROM sbtest1 WHERE id BETWEEN 3763472 AND 3763572
	Index Scan using sbtest1_pkey on sbtest1  (cost=0.43..417.87 rows=105 width=125)
	  Index Cond: ((id >= 3763472) AND (id <= 3763572))

table 2 : explain SELECT id, c FROM sbtest2 WHERE id BETWEEN 3763472 AND 3763572
	Index Scan using sbtest2_pkey on sbtest2  (cost=0.43..367.44 rows=92 width=125)
	  Index Cond: ((id >= 3763472) AND (id <= 3763572))

table 3 : explain SELECT id, c FROM sbtest3 WHERE id BETWEEN 3763472 AND 3763572
	Index Scan using sbtest3_pkey on sbtest3  (cost=0.43..409.49 rows=103 width=125)
	  Index Cond: ((id >= 3763472) AND (id <= 3763572))

table 4 : explain SELECT id, c FROM sbtest4 WHERE id BETWEEN 3763472 AND 3763572
	Index Scan using sbtest4_pkey on sbtest4  (cost=0.43..385.60 rows=97 width=125)
	  Index Cond: ((id >= 3763472) AND (id <= 3763572))

table 5 : explain SELECT id, c FROM sbtest5 WHERE id BETWEEN 3763472 AND 3763572
	Index Scan using sbtest5_pkey on sbtest5  (cost=0.43..389.04 rows=98 width=125)
	  Index Cond: ((id >= 3763472) AND (id <= 3763572))

table 6 : explain SELECT id, c FROM sbtest6 WHERE id BETWEEN 3763472 AND 3763572
	Index Scan using sbtest6_pkey on sbtest6  (cost=0.43..366.30 rows=92 width=125)
	  Index Cond: ((id >= 3763472) AND (id <= 3763572))

table 7 : explain SELECT id, c FROM sbtest7 WHERE id BETWEEN 3763472 AND 3763572
	Index Scan using sbtest7_pkey on sbtest7  (cost=0.43..385.92 rows=97 width=125)
	  Index Cond: ((id >= 3763472) AND (id <= 3763572))

table 8 : explain SELECT id, c FROM sbtest8 WHERE id BETWEEN 3763472 AND 3763572
	Index Scan using sbtest8_pkey on sbtest8  (cost=0.43..366.45 rows=92 width=125)
	  Index Cond: ((id >= 3763472) AND (id <= 3763572))

for range-notcovered
table 1 : explain SELECT id, c FROM sbtest1 WHERE id BETWEEN 8412730 AND 8412830
	Index Scan using sbtest1_pkey on sbtest1  (cost=0.43..386.38 rows=97 width=125)
	  Index Cond: ((id >= 8412730) AND (id <= 8412830))

table 2 : explain SELECT id, c FROM sbtest2 WHERE id BETWEEN 8412730 AND 8412830
	Index Scan using sbtest2_pkey on sbtest2  (cost=0.43..399.02 rows=100 width=125)
	  Index Cond: ((id >= 8412730) AND (id <= 8412830))

table 3 : explain SELECT id, c FROM sbtest3 WHERE id BETWEEN 8412730 AND 8412830
	Index Scan using sbtest3_pkey on sbtest3  (cost=0.43..378.04 rows=95 width=125)
	  Index Cond: ((id >= 8412730) AND (id <= 8412830))

table 4 : explain SELECT id, c FROM sbtest4 WHERE id BETWEEN 8412730 AND 8412830
	Index Scan using sbtest4_pkey on sbtest4  (cost=0.43..385.60 rows=97 width=125)
	  Index Cond: ((id >= 8412730) AND (id <= 8412830))

table 5 : explain SELECT id, c FROM sbtest5 WHERE id BETWEEN 8412730 AND 8412830
	Index Scan using sbtest5_pkey on sbtest5  (cost=0.43..424.35 rows=107 width=125)
	  Index Cond: ((id >= 8412730) AND (id <= 8412830))

table 6 : explain SELECT id, c FROM sbtest6 WHERE id BETWEEN 8412730 AND 8412830
	Index Scan using sbtest6_pkey on sbtest6  (cost=0.43..346.64 rows=87 width=125)
	  Index Cond: ((id >= 8412730) AND (id <= 8412830))

table 7 : explain SELECT id, c FROM sbtest7 WHERE id BETWEEN 8412730 AND 8412830
	Index Scan using sbtest7_pkey on sbtest7  (cost=0.43..417.37 rows=105 width=125)
	  Index Cond: ((id >= 8412730) AND (id <= 8412830))

table 8 : explain SELECT id, c FROM sbtest8 WHERE id BETWEEN 8412730 AND 8412830
	Index Scan using sbtest8_pkey on sbtest8  (cost=0.43..382.18 rows=96 width=125)
	  Index Cond: ((id >= 8412730) AND (id <= 8412830))

explain: for range-notcovered :: explain SELECT id, c FROM sbtest%d WHERE id BETWEEN 8412730 AND 8412830
for range-notcovered
table 1 : explain SELECT id, c FROM sbtest1 WHERE id BETWEEN 4776786 AND 4776886
	Index Scan using sbtest1_pkey on sbtest1  (cost=0.43..421.81 rows=106 width=125)
	  Index Cond: ((id >= 4776786) AND (id <= 4776886))

table 2 : explain SELECT id, c FROM sbtest2 WHERE id BETWEEN 4776786 AND 4776886
	Index Scan using sbtest2_pkey on sbtest2  (cost=0.43..446.35 rows=112 width=125)
	  Index Cond: ((id >= 4776786) AND (id <= 4776886))

table 3 : explain SELECT id, c FROM sbtest3 WHERE id BETWEEN 4776786 AND 4776886
	Index Scan using sbtest3_pkey on sbtest3  (cost=0.43..370.18 rows=93 width=125)
	  Index Cond: ((id >= 4776786) AND (id <= 4776886))

table 4 : explain SELECT id, c FROM sbtest4 WHERE id BETWEEN 4776786 AND 4776886
	Index Scan using sbtest4_pkey on sbtest4  (cost=0.43..409.16 rows=103 width=125)
	  Index Cond: ((id >= 4776786) AND (id <= 4776886))

table 5 : explain SELECT id, c FROM sbtest5 WHERE id BETWEEN 4776786 AND 4776886
	Index Scan using sbtest5_pkey on sbtest5  (cost=0.43..432.20 rows=109 width=125)
	  Index Cond: ((id >= 4776786) AND (id <= 4776886))

table 6 : explain SELECT id, c FROM sbtest6 WHERE id BETWEEN 4776786 AND 4776886
	Index Scan using sbtest6_pkey on sbtest6  (cost=0.43..385.99 rows=97 width=125)
	  Index Cond: ((id >= 4776786) AND (id <= 4776886))

table 7 : explain SELECT id, c FROM sbtest7 WHERE id BETWEEN 4776786 AND 4776886
	Index Scan using sbtest7_pkey on sbtest7  (cost=0.43..456.69 rows=115 width=125)
	  Index Cond: ((id >= 4776786) AND (id <= 4776886))

table 8 : explain SELECT id, c FROM sbtest8 WHERE id BETWEEN 4776786 AND 4776886
	Index Scan using sbtest8_pkey on sbtest8  (cost=0.43..417.60 rows=105 width=125)
	  Index Cond: ((id >= 4776786) AND (id <= 4776886))

explain: for range-notcovered :: explain SELECT id, c FROM sbtest%d WHERE id BETWEEN 4776786 AND 4776886
for range-notcovered
table 1 : explain SELECT id, c FROM sbtest1 WHERE id BETWEEN 8412730 AND 8412830
	Index Scan using sbtest1_pkey on sbtest1  (cost=0.43..386.38 rows=97 width=125)
	  Index Cond: ((id >= 8412730) AND (id <= 8412830))

table 2 : explain SELECT id, c FROM sbtest2 WHERE id BETWEEN 8412730 AND 8412830
	Index Scan using sbtest2_pkey on sbtest2  (cost=0.43..399.02 rows=100 width=125)
	  Index Cond: ((id >= 8412730) AND (id <= 8412830))

table 3 : explain SELECT id, c FROM sbtest3 WHERE id BETWEEN 8412730 AND 8412830
	Index Scan using sbtest3_pkey on sbtest3  (cost=0.43..378.04 rows=95 width=125)
	  Index Cond: ((id >= 8412730) AND (id <= 8412830))

table 4 : explain SELECT id, c FROM sbtest4 WHERE id BETWEEN 8412730 AND 8412830
	Index Scan using sbtest4_pkey on sbtest4  (cost=0.43..385.60 rows=97 width=125)
	  Index Cond: ((id >= 8412730) AND (id <= 8412830))

table 5 : explain SELECT id, c FROM sbtest5 WHERE id BETWEEN 8412730 AND 8412830
	Index Scan using sbtest5_pkey on sbtest5  (cost=0.43..424.35 rows=107 width=125)
	  Index Cond: ((id >= 8412730) AND (id <= 8412830))

table 6 : explain SELECT id, c FROM sbtest6 WHERE id BETWEEN 8412730 AND 8412830
	Index Scan using sbtest6_pkey on sbtest6  (cost=0.43..346.64 rows=87 width=125)
	  Index Cond: ((id >= 8412730) AND (id <= 8412830))

table 7 : explain SELECT id, c FROM sbtest7 WHERE id BETWEEN 8412730 AND 8412830
	Index Scan using sbtest7_pkey on sbtest7  (cost=0.43..417.37 rows=105 width=125)
	  Index Cond: ((id >= 8412730) AND (id <= 8412830))

table 8 : explain SELECT id, c FROM sbtest8 WHERE id BETWEEN 8412730 AND 8412830
	Index Scan using sbtest8_pkey on sbtest8  (cost=0.43..382.18 rows=96 width=125)
	  Index Cond: ((id >= 8412730) AND (id <= 8412830))

explain: for range-notcovered :: explain SELECT id, c FROM sbtest%d WHERE id BETWEEN 8412730 AND 8412830
for range-notcovered
table 1 : explain SELECT id, c FROM sbtest1 WHERE id BETWEEN 1833912 AND 1834012
	Index Scan using sbtest1_pkey on sbtest1  (cost=0.43..417.87 rows=105 width=125)
	  Index Cond: ((id >= 1833912) AND (id <= 1834012))

table 2 : explain SELECT id, c FROM sbtest2 WHERE id BETWEEN 1833912 AND 1834012
	Index Scan using sbtest2_pkey on sbtest2  (cost=0.43..438.46 rows=110 width=125)
	  Index Cond: ((id >= 1833912) AND (id <= 1834012))

table 3 : explain SELECT id, c FROM sbtest3 WHERE id BETWEEN 1833912 AND 1834012
	Index Scan using sbtest3_pkey on sbtest3  (cost=0.43..413.42 rows=104 width=125)
	  Index Cond: ((id >= 1833912) AND (id <= 1834012))

table 4 : explain SELECT id, c FROM sbtest4 WHERE id BETWEEN 1833912 AND 1834012
	Index Scan using sbtest4_pkey on sbtest4  (cost=0.43..385.60 rows=97 width=125)
	  Index Cond: ((id >= 1833912) AND (id <= 1834012))

table 5 : explain SELECT id, c FROM sbtest5 WHERE id BETWEEN 1833912 AND 1834012
	Index Scan using sbtest5_pkey on sbtest5  (cost=0.43..392.97 rows=99 width=125)
	  Index Cond: ((id >= 1833912) AND (id <= 1834012))

table 6 : explain SELECT id, c FROM sbtest6 WHERE id BETWEEN 1833912 AND 1834012
	Index Scan using sbtest6_pkey on sbtest6  (cost=0.43..374.17 rows=94 width=125)
	  Index Cond: ((id >= 1833912) AND (id <= 1834012))

table 7 : explain SELECT id, c FROM sbtest7 WHERE id BETWEEN 1833912 AND 1834012
	Index Scan using sbtest7_pkey on sbtest7  (cost=0.43..397.72 rows=100 width=125)
	  Index Cond: ((id >= 1833912) AND (id <= 1834012))

table 8 : explain SELECT id, c FROM sbtest8 WHERE id BETWEEN 1833912 AND 1834012
	Index Scan using sbtest8_pkey on sbtest8  (cost=0.43..354.65 rows=89 width=125)
	  Index Cond: ((id >= 1833912) AND (id <= 1834012))

for range-notcovered
table 1 : explain SELECT id, c FROM sbtest1 WHERE id BETWEEN 7624957 AND 7625057
	Index Scan using sbtest1_pkey on sbtest1  (cost=0.43..362.75 rows=91 width=125)
	  Index Cond: ((id >= 7624957) AND (id <= 7625057))

table 2 : explain SELECT id, c FROM sbtest2 WHERE id BETWEEN 7624957 AND 7625057
	Index Scan using sbtest2_pkey on sbtest2  (cost=0.43..410.85 rows=103 width=125)
	  Index Cond: ((id >= 7624957) AND (id <= 7625057))

table 3 : explain SELECT id, c FROM sbtest3 WHERE id BETWEEN 7624957 AND 7625057
	Index Scan using sbtest3_pkey on sbtest3  (cost=0.43..429.15 rows=108 width=125)
	  Index Cond: ((id >= 7624957) AND (id <= 7625057))

table 4 : explain SELECT id, c FROM sbtest4 WHERE id BETWEEN 7624957 AND 7625057
	Index Scan using sbtest4_pkey on sbtest4  (cost=0.43..424.88 rows=107 width=125)
	  Index Cond: ((id >= 7624957) AND (id <= 7625057))

table 5 : explain SELECT id, c FROM sbtest5 WHERE id BETWEEN 7624957 AND 7625057
	Index Scan using sbtest5_pkey on sbtest5  (cost=0.43..389.04 rows=98 width=125)
	  Index Cond: ((id >= 7624957) AND (id <= 7625057))

table 6 : explain SELECT id, c FROM sbtest6 WHERE id BETWEEN 7624957 AND 7625057
	Index Scan using sbtest6_pkey on sbtest6  (cost=0.43..397.78 rows=100 width=125)
	  Index Cond: ((id >= 7624957) AND (id <= 7625057))

table 7 : explain SELECT id, c FROM sbtest7 WHERE id BETWEEN 7624957 AND 7625057
	Index Scan using sbtest7_pkey on sbtest7  (cost=0.43..429.17 rows=108 width=125)
	  Index Cond: ((id >= 7624957) AND (id <= 7625057))

table 8 : explain SELECT id, c FROM sbtest8 WHERE id BETWEEN 7624957 AND 7625057
	Index Scan using sbtest8_pkey on sbtest8  (cost=0.43..394.00 rows=99 width=125)
	  Index Cond: ((id >= 7624957) AND (id <= 7625057))

explain: for range-notcovered :: explain SELECT id, c FROM sbtest%d WHERE id BETWEEN 7624957 AND 7625057
for range-notcovered
table 1 : explain SELECT id, c FROM sbtest1 WHERE id BETWEEN 4776786 AND 4776886
	Index Scan using sbtest1_pkey on sbtest1  (cost=0.43..421.81 rows=106 width=125)
	  Index Cond: ((id >= 4776786) AND (id <= 4776886))

table 2 : explain SELECT id, c FROM sbtest2 WHERE id BETWEEN 4776786 AND 4776886
	Index Scan using sbtest2_pkey on sbtest2  (cost=0.43..446.35 rows=112 width=125)
	  Index Cond: ((id >= 4776786) AND (id <= 4776886))

table 3 : explain SELECT id, c FROM sbtest3 WHERE id BETWEEN 4776786 AND 4776886
	Index Scan using sbtest3_pkey on sbtest3  (cost=0.43..370.18 rows=93 width=125)
	  Index Cond: ((id >= 4776786) AND (id <= 4776886))

table 4 : explain SELECT id, c FROM sbtest4 WHERE id BETWEEN 4776786 AND 4776886
	Index Scan using sbtest4_pkey on sbtest4  (cost=0.43..409.16 rows=103 width=125)
	  Index Cond: ((id >= 4776786) AND (id <= 4776886))

table 5 : explain SELECT id, c FROM sbtest5 WHERE id BETWEEN 4776786 AND 4776886
	Index Scan using sbtest5_pkey on sbtest5  (cost=0.43..432.20 rows=109 width=125)
	  Index Cond: ((id >= 4776786) AND (id <= 4776886))

table 6 : explain SELECT id, c FROM sbtest6 WHERE id BETWEEN 4776786 AND 4776886
	Index Scan using sbtest6_pkey on sbtest6  (cost=0.43..385.99 rows=97 width=125)
	  Index Cond: ((id >= 4776786) AND (id <= 4776886))

table 7 : explain SELECT id, c FROM sbtest7 WHERE id BETWEEN 4776786 AND 4776886
	Index Scan using sbtest7_pkey on sbtest7  (cost=0.43..456.69 rows=115 width=125)
	  Index Cond: ((id >= 4776786) AND (id <= 4776886))

table 8 : explain SELECT id, c FROM sbtest8 WHERE id BETWEEN 4776786 AND 4776886
	Index Scan using sbtest8_pkey on sbtest8  (cost=0.43..417.60 rows=105 width=125)
	  Index Cond: ((id >= 4776786) AND (id <= 4776886))

for range-notcovered
table 1 : explain SELECT id, c FROM sbtest1 WHERE id BETWEEN 8412730 AND 8412830
	Index Scan using sbtest1_pkey on sbtest1  (cost=0.43..386.38 rows=97 width=125)
	  Index Cond: ((id >= 8412730) AND (id <= 8412830))

table 2 : explain SELECT id, c FROM sbtest2 WHERE id BETWEEN 8412730 AND 8412830
	Index Scan using sbtest2_pkey on sbtest2  (cost=0.43..399.02 rows=100 width=125)
	  Index Cond: ((id >= 8412730) AND (id <= 8412830))

table 3 : explain SELECT id, c FROM sbtest3 WHERE id BETWEEN 8412730 AND 8412830
	Index Scan using sbtest3_pkey on sbtest3  (cost=0.43..378.04 rows=95 width=125)
	  Index Cond: ((id >= 8412730) AND (id <= 8412830))

table 4 : explain SELECT id, c FROM sbtest4 WHERE id BETWEEN 8412730 AND 8412830
	Index Scan using sbtest4_pkey on sbtest4  (cost=0.43..385.60 rows=97 width=125)
	  Index Cond: ((id >= 8412730) AND (id <= 8412830))

table 5 : explain SELECT id, c FROM sbtest5 WHERE id BETWEEN 8412730 AND 8412830
	Index Scan using sbtest5_pkey on sbtest5  (cost=0.43..424.35 rows=107 width=125)
	  Index Cond: ((id >= 8412730) AND (id <= 8412830))

table 6 : explain SELECT id, c FROM sbtest6 WHERE id BETWEEN 8412730 AND 8412830
	Index Scan using sbtest6_pkey on sbtest6  (cost=0.43..346.64 rows=87 width=125)
	  Index Cond: ((id >= 8412730) AND (id <= 8412830))

table 7 : explain SELECT id, c FROM sbtest7 WHERE id BETWEEN 8412730 AND 8412830
	Index Scan using sbtest7_pkey on sbtest7  (cost=0.43..417.37 rows=105 width=125)
	  Index Cond: ((id >= 8412730) AND (id <= 8412830))

table 8 : explain SELECT id, c FROM sbtest8 WHERE id BETWEEN 8412730 AND 8412830
	Index Scan using sbtest8_pkey on sbtest8  (cost=0.43..382.18 rows=96 width=125)
	  Index Cond: ((id >= 8412730) AND (id <= 8412830))

explain: for range-notcovered :: explain SELECT id, c FROM sbtest%d WHERE id BETWEEN 4776786 AND 4776886
explain: for range-notcovered :: explain SELECT id, c FROM sbtest%d WHERE id BETWEEN 8412730 AND 8412830
for range-notcovered
table 1 : explain SELECT id, c FROM sbtest1 WHERE id BETWEEN 7624957 AND 7625057
	Index Scan using sbtest1_pkey on sbtest1  (cost=0.43..362.75 rows=91 width=125)
	  Index Cond: ((id >= 7624957) AND (id <= 7625057))

table 2 : explain SELECT id, c FROM sbtest2 WHERE id BETWEEN 7624957 AND 7625057
	Index Scan using sbtest2_pkey on sbtest2  (cost=0.43..410.85 rows=103 width=125)
	  Index Cond: ((id >= 7624957) AND (id <= 7625057))

table 3 : explain SELECT id, c FROM sbtest3 WHERE id BETWEEN 7624957 AND 7625057
	Index Scan using sbtest3_pkey on sbtest3  (cost=0.43..429.15 rows=108 width=125)
	  Index Cond: ((id >= 7624957) AND (id <= 7625057))

table 4 : explain SELECT id, c FROM sbtest4 WHERE id BETWEEN 7624957 AND 7625057
	Index Scan using sbtest4_pkey on sbtest4  (cost=0.43..424.88 rows=107 width=125)
	  Index Cond: ((id >= 7624957) AND (id <= 7625057))

table 5 : explain SELECT id, c FROM sbtest5 WHERE id BETWEEN 7624957 AND 7625057
	Index Scan using sbtest5_pkey on sbtest5  (cost=0.43..389.04 rows=98 width=125)
	  Index Cond: ((id >= 7624957) AND (id <= 7625057))

table 6 : explain SELECT id, c FROM sbtest6 WHERE id BETWEEN 7624957 AND 7625057
	Index Scan using sbtest6_pkey on sbtest6  (cost=0.43..397.78 rows=100 width=125)
	  Index Cond: ((id >= 7624957) AND (id <= 7625057))

table 7 : explain SELECT id, c FROM sbtest7 WHERE id BETWEEN 7624957 AND 7625057
	Index Scan using sbtest7_pkey on sbtest7  (cost=0.43..429.17 rows=108 width=125)
	  Index Cond: ((id >= 7624957) AND (id <= 7625057))

table 8 : explain SELECT id, c FROM sbtest8 WHERE id BETWEEN 7624957 AND 7625057
	Index Scan using sbtest8_pkey on sbtest8  (cost=0.43..394.00 rows=99 width=125)
	  Index Cond: ((id >= 7624957) AND (id <= 7625057))

explain: for range-notcovered :: explain SELECT id, c FROM sbtest%d WHERE id BETWEEN 7624957 AND 7625057
for range-notcovered
table 1 : explain SELECT id, c FROM sbtest1 WHERE id BETWEEN 4776786 AND 4776886
	Index Scan using sbtest1_pkey on sbtest1  (cost=0.43..421.81 rows=106 width=125)
	  Index Cond: ((id >= 4776786) AND (id <= 4776886))

table 2 : explain SELECT id, c FROM sbtest2 WHERE id BETWEEN 4776786 AND 4776886
	Index Scan using sbtest2_pkey on sbtest2  (cost=0.43..446.35 rows=112 width=125)
	  Index Cond: ((id >= 4776786) AND (id <= 4776886))

table 3 : explain SELECT id, c FROM sbtest3 WHERE id BETWEEN 4776786 AND 4776886
	Index Scan using sbtest3_pkey on sbtest3  (cost=0.43..370.18 rows=93 width=125)
	  Index Cond: ((id >= 4776786) AND (id <= 4776886))

table 4 : explain SELECT id, c FROM sbtest4 WHERE id BETWEEN 4776786 AND 4776886
	Index Scan using sbtest4_pkey on sbtest4  (cost=0.43..409.16 rows=103 width=125)
	  Index Cond: ((id >= 4776786) AND (id <= 4776886))

table 5 : explain SELECT id, c FROM sbtest5 WHERE id BETWEEN 4776786 AND 4776886
	Index Scan using sbtest5_pkey on sbtest5  (cost=0.43..432.20 rows=109 width=125)
	  Index Cond: ((id >= 4776786) AND (id <= 4776886))

table 6 : explain SELECT id, c FROM sbtest6 WHERE id BETWEEN 4776786 AND 4776886
	Index Scan using sbtest6_pkey on sbtest6  (cost=0.43..385.99 rows=97 width=125)
	  Index Cond: ((id >= 4776786) AND (id <= 4776886))

table 7 : explain SELECT id, c FROM sbtest7 WHERE id BETWEEN 4776786 AND 4776886
	Index Scan using sbtest7_pkey on sbtest7  (cost=0.43..456.69 rows=115 width=125)
	  Index Cond: ((id >= 4776786) AND (id <= 4776886))

table 8 : explain SELECT id, c FROM sbtest8 WHERE id BETWEEN 4776786 AND 4776886
	Index Scan using sbtest8_pkey on sbtest8  (cost=0.43..417.60 rows=105 width=125)
	  Index Cond: ((id >= 4776786) AND (id <= 4776886))

explain: for range-notcovered :: explain SELECT id, c FROM sbtest%d WHERE id BETWEEN 4776786 AND 4776886
for range-notcovered
table 1 : explain SELECT id, c FROM sbtest1 WHERE id BETWEEN 8412730 AND 8412830
	Index Scan using sbtest1_pkey on sbtest1  (cost=0.43..386.38 rows=97 width=125)
	  Index Cond: ((id >= 8412730) AND (id <= 8412830))

table 2 : explain SELECT id, c FROM sbtest2 WHERE id BETWEEN 8412730 AND 8412830
	Index Scan using sbtest2_pkey on sbtest2  (cost=0.43..399.02 rows=100 width=125)
	  Index Cond: ((id >= 8412730) AND (id <= 8412830))

table 3 : explain SELECT id, c FROM sbtest3 WHERE id BETWEEN 8412730 AND 8412830
	Index Scan using sbtest3_pkey on sbtest3  (cost=0.43..378.04 rows=95 width=125)
	  Index Cond: ((id >= 8412730) AND (id <= 8412830))

table 4 : explain SELECT id, c FROM sbtest4 WHERE id BETWEEN 8412730 AND 8412830
	Index Scan using sbtest4_pkey on sbtest4  (cost=0.43..385.60 rows=97 width=125)
	  Index Cond: ((id >= 8412730) AND (id <= 8412830))

table 5 : explain SELECT id, c FROM sbtest5 WHERE id BETWEEN 8412730 AND 8412830
	Index Scan using sbtest5_pkey on sbtest5  (cost=0.43..424.35 rows=107 width=125)
	  Index Cond: ((id >= 8412730) AND (id <= 8412830))

table 6 : explain SELECT id, c FROM sbtest6 WHERE id BETWEEN 8412730 AND 8412830
	Index Scan using sbtest6_pkey on sbtest6  (cost=0.43..346.64 rows=87 width=125)
	  Index Cond: ((id >= 8412730) AND (id <= 8412830))

table 7 : explain SELECT id, c FROM sbtest7 WHERE id BETWEEN 8412730 AND 8412830
	Index Scan using sbtest7_pkey on sbtest7  (cost=0.43..417.37 rows=105 width=125)
	  Index Cond: ((id >= 8412730) AND (id <= 8412830))

table 8 : explain SELECT id, c FROM sbtest8 WHERE id BETWEEN 8412730 AND 8412830
	Index Scan using sbtest8_pkey on sbtest8  (cost=0.43..382.18 rows=96 width=125)
	  Index Cond: ((id >= 8412730) AND (id <= 8412830))

explain: for range-notcovered :: explain SELECT id, c FROM sbtest%d WHERE id BETWEEN 8412730 AND 8412830
for range-notcovered
table 1 : explain SELECT id, c FROM sbtest1 WHERE id BETWEEN 7624957 AND 7625057
	Index Scan using sbtest1_pkey on sbtest1  (cost=0.43..362.75 rows=91 width=125)
	  Index Cond: ((id >= 7624957) AND (id <= 7625057))

table 2 : explain SELECT id, c FROM sbtest2 WHERE id BETWEEN 7624957 AND 7625057
	Index Scan using sbtest2_pkey on sbtest2  (cost=0.43..410.85 rows=103 width=125)
	  Index Cond: ((id >= 7624957) AND (id <= 7625057))

table 3 : explain SELECT id, c FROM sbtest3 WHERE id BETWEEN 7624957 AND 7625057
	Index Scan using sbtest3_pkey on sbtest3  (cost=0.43..429.15 rows=108 width=125)
	  Index Cond: ((id >= 7624957) AND (id <= 7625057))

table 4 : explain SELECT id, c FROM sbtest4 WHERE id BETWEEN 7624957 AND 7625057
	Index Scan using sbtest4_pkey on sbtest4  (cost=0.43..424.88 rows=107 width=125)
	  Index Cond: ((id >= 7624957) AND (id <= 7625057))

table 5 : explain SELECT id, c FROM sbtest5 WHERE id BETWEEN 7624957 AND 7625057
	Index Scan using sbtest5_pkey on sbtest5  (cost=0.43..389.04 rows=98 width=125)
	  Index Cond: ((id >= 7624957) AND (id <= 7625057))

table 6 : explain SELECT id, c FROM sbtest6 WHERE id BETWEEN 7624957 AND 7625057
	Index Scan using sbtest6_pkey on sbtest6  (cost=0.43..397.78 rows=100 width=125)
	  Index Cond: ((id >= 7624957) AND (id <= 7625057))

table 7 : explain SELECT id, c FROM sbtest7 WHERE id BETWEEN 7624957 AND 7625057
	Index Scan using sbtest7_pkey on sbtest7  (cost=0.43..429.17 rows=108 width=125)
	  Index Cond: ((id >= 7624957) AND (id <= 7625057))

table 8 : explain SELECT id, c FROM sbtest8 WHERE id BETWEEN 7624957 AND 7625057
	Index Scan using sbtest8_pkey on sbtest8  (cost=0.43..394.00 rows=99 width=125)
	  Index Cond: ((id >= 7624957) AND (id <= 7625057))

explain: for range-notcovered :: explain SELECT id, c FROM sbtest%d WHERE id BETWEEN 5369853 AND 5369953
for range-notcovered
table 1 : explain SELECT id, c FROM sbtest1 WHERE id BETWEEN 4776786 AND 4776886
	Index Scan using sbtest1_pkey on sbtest1  (cost=0.43..421.81 rows=106 width=125)
	  Index Cond: ((id >= 4776786) AND (id <= 4776886))

table 2 : explain SELECT id, c FROM sbtest2 WHERE id BETWEEN 4776786 AND 4776886
	Index Scan using sbtest2_pkey on sbtest2  (cost=0.43..446.35 rows=112 width=125)
	  Index Cond: ((id >= 4776786) AND (id <= 4776886))

table 3 : explain SELECT id, c FROM sbtest3 WHERE id BETWEEN 4776786 AND 4776886
	Index Scan using sbtest3_pkey on sbtest3  (cost=0.43..370.18 rows=93 width=125)
	  Index Cond: ((id >= 4776786) AND (id <= 4776886))

table 4 : explain SELECT id, c FROM sbtest4 WHERE id BETWEEN 4776786 AND 4776886
	Index Scan using sbtest4_pkey on sbtest4  (cost=0.43..409.16 rows=103 width=125)
	  Index Cond: ((id >= 4776786) AND (id <= 4776886))

table 5 : explain SELECT id, c FROM sbtest5 WHERE id BETWEEN 4776786 AND 4776886
	Index Scan using sbtest5_pkey on sbtest5  (cost=0.43..432.20 rows=109 width=125)
	  Index Cond: ((id >= 4776786) AND (id <= 4776886))

table 6 : explain SELECT id, c FROM sbtest6 WHERE id BETWEEN 4776786 AND 4776886
	Index Scan using sbtest6_pkey on sbtest6  (cost=0.43..385.99 rows=97 width=125)
	  Index Cond: ((id >= 4776786) AND (id <= 4776886))

table 7 : explain SELECT id, c FROM sbtest7 WHERE id BETWEEN 4776786 AND 4776886
	Index Scan using sbtest7_pkey on sbtest7  (cost=0.43..456.69 rows=115 width=125)
	  Index Cond: ((id >= 4776786) AND (id <= 4776886))

table 8 : explain SELECT id, c FROM sbtest8 WHERE id BETWEEN 4776786 AND 4776886
	Index Scan using sbtest8_pkey on sbtest8  (cost=0.43..417.60 rows=105 width=125)
	  Index Cond: ((id >= 4776786) AND (id <= 4776886))

explain: for range-notcovered :: explain SELECT id, c FROM sbtest%d WHERE id BETWEEN 4776786 AND 4776886
explain: for range-notcovered :: explain SELECT id, c FROM sbtest%d WHERE id BETWEEN 4316732 AND 4316832
explain: for range-notcovered :: explain SELECT id, c FROM sbtest%d WHERE id BETWEEN 7624957 AND 7625057
for range-notcovered
table 1 : explain SELECT id, c FROM sbtest1 WHERE id BETWEEN 8412730 AND 8412830
	Index Scan using sbtest1_pkey on sbtest1  (cost=0.43..386.38 rows=97 width=125)
	  Index Cond: ((id >= 8412730) AND (id <= 8412830))

table 2 : explain SELECT id, c FROM sbtest2 WHERE id BETWEEN 8412730 AND 8412830
	Index Scan using sbtest2_pkey on sbtest2  (cost=0.43..399.02 rows=100 width=125)
	  Index Cond: ((id >= 8412730) AND (id <= 8412830))

table 3 : explain SELECT id, c FROM sbtest3 WHERE id BETWEEN 8412730 AND 8412830
	Index Scan using sbtest3_pkey on sbtest3  (cost=0.43..378.04 rows=95 width=125)
	  Index Cond: ((id >= 8412730) AND (id <= 8412830))

table 4 : explain SELECT id, c FROM sbtest4 WHERE id BETWEEN 8412730 AND 8412830
	Index Scan using sbtest4_pkey on sbtest4  (cost=0.43..385.60 rows=97 width=125)
	  Index Cond: ((id >= 8412730) AND (id <= 8412830))

table 5 : explain SELECT id, c FROM sbtest5 WHERE id BETWEEN 8412730 AND 8412830
	Index Scan using sbtest5_pkey on sbtest5  (cost=0.43..424.35 rows=107 width=125)
	  Index Cond: ((id >= 8412730) AND (id <= 8412830))

table 6 : explain SELECT id, c FROM sbtest6 WHERE id BETWEEN 8412730 AND 8412830
	Index Scan using sbtest6_pkey on sbtest6  (cost=0.43..346.64 rows=87 width=125)
	  Index Cond: ((id >= 8412730) AND (id <= 8412830))

table 7 : explain SELECT id, c FROM sbtest7 WHERE id BETWEEN 8412730 AND 8412830
	Index Scan using sbtest7_pkey on sbtest7  (cost=0.43..417.37 rows=105 width=125)
	  Index Cond: ((id >= 8412730) AND (id <= 8412830))

table 8 : explain SELECT id, c FROM sbtest8 WHERE id BETWEEN 8412730 AND 8412830
	Index Scan using sbtest8_pkey on sbtest8  (cost=0.43..382.18 rows=96 width=125)
	  Index Cond: ((id >= 8412730) AND (id <= 8412830))

explain: for range-notcovered :: explain SELECT id, c FROM sbtest%d WHERE id BETWEEN 8412730 AND 8412830
for range-notcovered
table 1 : explain SELECT id, c FROM sbtest1 WHERE id BETWEEN 9322645 AND 9322745
	Index Scan using sbtest1_pkey on sbtest1  (cost=0.43..362.75 rows=91 width=125)
	  Index Cond: ((id >= 9322645) AND (id <= 9322745))

table 2 : explain SELECT id, c FROM sbtest2 WHERE id BETWEEN 9322645 AND 9322745
	Index Scan using sbtest2_pkey on sbtest2  (cost=0.43..454.24 rows=114 width=125)
	  Index Cond: ((id >= 9322645) AND (id <= 9322745))

table 3 : explain SELECT id, c FROM sbtest3 WHERE id BETWEEN 9322645 AND 9322745
	Index Scan using sbtest3_pkey on sbtest3  (cost=0.43..370.18 rows=93 width=125)
	  Index Cond: ((id >= 9322645) AND (id <= 9322745))

table 4 : explain SELECT id, c FROM sbtest4 WHERE id BETWEEN 9322645 AND 9322745
	Index Scan using sbtest4_pkey on sbtest4  (cost=0.43..385.60 rows=97 width=125)
	  Index Cond: ((id >= 9322645) AND (id <= 9322745))

table 5 : explain SELECT id, c FROM sbtest5 WHERE id BETWEEN 9322645 AND 9322745
	Index Scan using sbtest5_pkey on sbtest5  (cost=0.43..400.81 rows=101 width=125)
	  Index Cond: ((id >= 9322645) AND (id <= 9322745))

table 6 : explain SELECT id, c FROM sbtest6 WHERE id BETWEEN 9322645 AND 9322745
	Index Scan using sbtest6_pkey on sbtest6  (cost=0.43..417.44 rows=105 width=125)
	  Index Cond: ((id >= 9322645) AND (id <= 9322745))

table 7 : explain SELECT id, c FROM sbtest7 WHERE id BETWEEN 9322645 AND 9322745
	Index Scan using sbtest7_pkey on sbtest7  (cost=0.43..370.20 rows=93 width=125)
	  Index Cond: ((id >= 9322645) AND (id <= 9322745))

table 8 : explain SELECT id, c FROM sbtest8 WHERE id BETWEEN 9322645 AND 9322745
	Index Scan using sbtest8_pkey on sbtest8  (cost=0.43..366.45 rows=92 width=125)
	  Index Cond: ((id >= 9322645) AND (id <= 9322745))

for range-notcovered
table 1 : explain SELECT id, c FROM sbtest1 WHERE id BETWEEN 4776786 AND 4776886
	Index Scan using sbtest1_pkey on sbtest1  (cost=0.43..421.81 rows=106 width=125)
	  Index Cond: ((id >= 4776786) AND (id <= 4776886))

table 2 : explain SELECT id, c FROM sbtest2 WHERE id BETWEEN 4776786 AND 4776886
	Index Scan using sbtest2_pkey on sbtest2  (cost=0.43..446.35 rows=112 width=125)
	  Index Cond: ((id >= 4776786) AND (id <= 4776886))

table 3 : explain SELECT id, c FROM sbtest3 WHERE id BETWEEN 4776786 AND 4776886
	Index Scan using sbtest3_pkey on sbtest3  (cost=0.43..370.18 rows=93 width=125)
	  Index Cond: ((id >= 4776786) AND (id <= 4776886))

table 4 : explain SELECT id, c FROM sbtest4 WHERE id BETWEEN 4776786 AND 4776886
	Index Scan using sbtest4_pkey on sbtest4  (cost=0.43..409.16 rows=103 width=125)
	  Index Cond: ((id >= 4776786) AND (id <= 4776886))

table 5 : explain SELECT id, c FROM sbtest5 WHERE id BETWEEN 4776786 AND 4776886
	Index Scan using sbtest5_pkey on sbtest5  (cost=0.43..432.20 rows=109 width=125)
	  Index Cond: ((id >= 4776786) AND (id <= 4776886))

table 6 : explain SELECT id, c FROM sbtest6 WHERE id BETWEEN 4776786 AND 4776886
	Index Scan using sbtest6_pkey on sbtest6  (cost=0.43..385.99 rows=97 width=125)
	  Index Cond: ((id >= 4776786) AND (id <= 4776886))

table 7 : explain SELECT id, c FROM sbtest7 WHERE id BETWEEN 4776786 AND 4776886
	Index Scan using sbtest7_pkey on sbtest7  (cost=0.43..456.69 rows=115 width=125)
	  Index Cond: ((id >= 4776786) AND (id <= 4776886))

table 8 : explain SELECT id, c FROM sbtest8 WHERE id BETWEEN 4776786 AND 4776886
	Index Scan using sbtest8_pkey on sbtest8  (cost=0.43..417.60 rows=105 width=125)
	  Index Cond: ((id >= 4776786) AND (id <= 4776886))

explain: for range-notcovered :: explain SELECT id, c FROM sbtest%d WHERE id BETWEEN 4776786 AND 4776886
explain: for range-notcovered :: explain SELECT id, c FROM sbtest%d WHERE id BETWEEN 4690537 AND 4690637
for range-notcovered
table 1 : explain SELECT id, c FROM sbtest1 WHERE id BETWEEN 7624957 AND 7625057
	Index Scan using sbtest1_pkey on sbtest1  (cost=0.43..362.75 rows=91 width=125)
	  Index Cond: ((id >= 7624957) AND (id <= 7625057))

table 2 : explain SELECT id, c FROM sbtest2 WHERE id BETWEEN 7624957 AND 7625057
	Index Scan using sbtest2_pkey on sbtest2  (cost=0.43..410.85 rows=103 width=125)
	  Index Cond: ((id >= 7624957) AND (id <= 7625057))

table 3 : explain SELECT id, c FROM sbtest3 WHERE id BETWEEN 7624957 AND 7625057
	Index Scan using sbtest3_pkey on sbtest3  (cost=0.43..429.15 rows=108 width=125)
	  Index Cond: ((id >= 7624957) AND (id <= 7625057))

table 4 : explain SELECT id, c FROM sbtest4 WHERE id BETWEEN 7624957 AND 7625057
	Index Scan using sbtest4_pkey on sbtest4  (cost=0.43..424.88 rows=107 width=125)
	  Index Cond: ((id >= 7624957) AND (id <= 7625057))

table 5 : explain SELECT id, c FROM sbtest5 WHERE id BETWEEN 7624957 AND 7625057
	Index Scan using sbtest5_pkey on sbtest5  (cost=0.43..389.04 rows=98 width=125)
	  Index Cond: ((id >= 7624957) AND (id <= 7625057))

table 6 : explain SELECT id, c FROM sbtest6 WHERE id BETWEEN 7624957 AND 7625057
	Index Scan using sbtest6_pkey on sbtest6  (cost=0.43..397.78 rows=100 width=125)
	  Index Cond: ((id >= 7624957) AND (id <= 7625057))

table 7 : explain SELECT id, c FROM sbtest7 WHERE id BETWEEN 7624957 AND 7625057
	Index Scan using sbtest7_pkey on sbtest7  (cost=0.43..429.17 rows=108 width=125)
	  Index Cond: ((id >= 7624957) AND (id <= 7625057))

table 8 : explain SELECT id, c FROM sbtest8 WHERE id BETWEEN 7624957 AND 7625057
	Index Scan using sbtest8_pkey on sbtest8  (cost=0.43..394.00 rows=99 width=125)
	  Index Cond: ((id >= 7624957) AND (id <= 7625057))

explain: for range-notcovered :: explain SELECT id, c FROM sbtest%d WHERE id BETWEEN 9322645 AND 9322745
explain: for range-notcovered :: explain SELECT id, c FROM sbtest%d WHERE id BETWEEN 7624957 AND 7625057
for range-notcovered
table 1 : explain SELECT id, c FROM sbtest1 WHERE id BETWEEN 4776786 AND 4776886
	Index Scan using sbtest1_pkey on sbtest1  (cost=0.43..421.81 rows=106 width=125)
	  Index Cond: ((id >= 4776786) AND (id <= 4776886))

table 2 : explain SELECT id, c FROM sbtest2 WHERE id BETWEEN 4776786 AND 4776886
	Index Scan using sbtest2_pkey on sbtest2  (cost=0.43..446.35 rows=112 width=125)
	  Index Cond: ((id >= 4776786) AND (id <= 4776886))

table 3 : explain SELECT id, c FROM sbtest3 WHERE id BETWEEN 4776786 AND 4776886
	Index Scan using sbtest3_pkey on sbtest3  (cost=0.43..370.18 rows=93 width=125)
	  Index Cond: ((id >= 4776786) AND (id <= 4776886))

table 4 : explain SELECT id, c FROM sbtest4 WHERE id BETWEEN 4776786 AND 4776886
	Index Scan using sbtest4_pkey on sbtest4  (cost=0.43..409.16 rows=103 width=125)
	  Index Cond: ((id >= 4776786) AND (id <= 4776886))

table 5 : explain SELECT id, c FROM sbtest5 WHERE id BETWEEN 4776786 AND 4776886
	Index Scan using sbtest5_pkey on sbtest5  (cost=0.43..432.20 rows=109 width=125)
	  Index Cond: ((id >= 4776786) AND (id <= 4776886))

table 6 : explain SELECT id, c FROM sbtest6 WHERE id BETWEEN 4776786 AND 4776886
	Index Scan using sbtest6_pkey on sbtest6  (cost=0.43..385.99 rows=97 width=125)
	  Index Cond: ((id >= 4776786) AND (id <= 4776886))

table 7 : explain SELECT id, c FROM sbtest7 WHERE id BETWEEN 4776786 AND 4776886
	Index Scan using sbtest7_pkey on sbtest7  (cost=0.43..456.69 rows=115 width=125)
	  Index Cond: ((id >= 4776786) AND (id <= 4776886))

table 8 : explain SELECT id, c FROM sbtest8 WHERE id BETWEEN 4776786 AND 4776886
	Index Scan using sbtest8_pkey on sbtest8  (cost=0.43..417.60 rows=105 width=125)
	  Index Cond: ((id >= 4776786) AND (id <= 4776886))

explain: for range-notcovered :: explain SELECT id, c FROM sbtest%d WHERE id BETWEEN 4776786 AND 4776886
explain: for range-notcovered :: explain SELECT id, c FROM sbtest%d WHERE id BETWEEN 3495257 AND 3495357
for range-notcovered
table 1 : explain SELECT id, c FROM sbtest1 WHERE id BETWEEN 8412730 AND 8412830
	Index Scan using sbtest1_pkey on sbtest1  (cost=0.43..386.38 rows=97 width=125)
	  Index Cond: ((id >= 8412730) AND (id <= 8412830))

table 2 : explain SELECT id, c FROM sbtest2 WHERE id BETWEEN 8412730 AND 8412830
	Index Scan using sbtest2_pkey on sbtest2  (cost=0.43..399.02 rows=100 width=125)
	  Index Cond: ((id >= 8412730) AND (id <= 8412830))

table 3 : explain SELECT id, c FROM sbtest3 WHERE id BETWEEN 8412730 AND 8412830
	Index Scan using sbtest3_pkey on sbtest3  (cost=0.43..378.04 rows=95 width=125)
	  Index Cond: ((id >= 8412730) AND (id <= 8412830))

table 4 : explain SELECT id, c FROM sbtest4 WHERE id BETWEEN 8412730 AND 8412830
	Index Scan using sbtest4_pkey on sbtest4  (cost=0.43..385.60 rows=97 width=125)
	  Index Cond: ((id >= 8412730) AND (id <= 8412830))

table 5 : explain SELECT id, c FROM sbtest5 WHERE id BETWEEN 8412730 AND 8412830
	Index Scan using sbtest5_pkey on sbtest5  (cost=0.43..424.35 rows=107 width=125)
	  Index Cond: ((id >= 8412730) AND (id <= 8412830))

table 6 : explain SELECT id, c FROM sbtest6 WHERE id BETWEEN 8412730 AND 8412830
	Index Scan using sbtest6_pkey on sbtest6  (cost=0.43..346.64 rows=87 width=125)
	  Index Cond: ((id >= 8412730) AND (id <= 8412830))

table 7 : explain SELECT id, c FROM sbtest7 WHERE id BETWEEN 8412730 AND 8412830
	Index Scan using sbtest7_pkey on sbtest7  (cost=0.43..417.37 rows=105 width=125)
	  Index Cond: ((id >= 8412730) AND (id <= 8412830))

table 8 : explain SELECT id, c FROM sbtest8 WHERE id BETWEEN 8412730 AND 8412830
	Index Scan using sbtest8_pkey on sbtest8  (cost=0.43..382.18 rows=96 width=125)
	  Index Cond: ((id >= 8412730) AND (id <= 8412830))

explain: for range-notcovered :: explain SELECT id, c FROM sbtest%d WHERE id BETWEEN 7753861 AND 7753961
for range-notcovered
table 1 : explain SELECT id, c FROM sbtest1 WHERE id BETWEEN 4776786 AND 4776886
	Index Scan using sbtest1_pkey on sbtest1  (cost=0.43..421.81 rows=106 width=125)
	  Index Cond: ((id >= 4776786) AND (id <= 4776886))

table 2 : explain SELECT id, c FROM sbtest2 WHERE id BETWEEN 4776786 AND 4776886
	Index Scan using sbtest2_pkey on sbtest2  (cost=0.43..446.35 rows=112 width=125)
	  Index Cond: ((id >= 4776786) AND (id <= 4776886))

table 3 : explain SELECT id, c FROM sbtest3 WHERE id BETWEEN 4776786 AND 4776886
	Index Scan using sbtest3_pkey on sbtest3  (cost=0.43..370.18 rows=93 width=125)
	  Index Cond: ((id >= 4776786) AND (id <= 4776886))

table 4 : explain SELECT id, c FROM sbtest4 WHERE id BETWEEN 4776786 AND 4776886
	Index Scan using sbtest4_pkey on sbtest4  (cost=0.43..409.16 rows=103 width=125)
	  Index Cond: ((id >= 4776786) AND (id <= 4776886))

table 5 : explain SELECT id, c FROM sbtest5 WHERE id BETWEEN 4776786 AND 4776886
	Index Scan using sbtest5_pkey on sbtest5  (cost=0.43..432.20 rows=109 width=125)
	  Index Cond: ((id >= 4776786) AND (id <= 4776886))

table 6 : explain SELECT id, c FROM sbtest6 WHERE id BETWEEN 4776786 AND 4776886
	Index Scan using sbtest6_pkey on sbtest6  (cost=0.43..385.99 rows=97 width=125)
	  Index Cond: ((id >= 4776786) AND (id <= 4776886))

table 7 : explain SELECT id, c FROM sbtest7 WHERE id BETWEEN 4776786 AND 4776886
	Index Scan using sbtest7_pkey on sbtest7  (cost=0.43..456.69 rows=115 width=125)
	  Index Cond: ((id >= 4776786) AND (id <= 4776886))

table 8 : explain SELECT id, c FROM sbtest8 WHERE id BETWEEN 4776786 AND 4776886
	Index Scan using sbtest8_pkey on sbtest8  (cost=0.43..417.60 rows=105 width=125)
	  Index Cond: ((id >= 4776786) AND (id <= 4776886))

for range-notcovered
table 1 : explain SELECT id, c FROM sbtest1 WHERE id BETWEEN 7624957 AND 7625057
	Index Scan using sbtest1_pkey on sbtest1  (cost=0.43..362.75 rows=91 width=125)
	  Index Cond: ((id >= 7624957) AND (id <= 7625057))

table 2 : explain SELECT id, c FROM sbtest2 WHERE id BETWEEN 7624957 AND 7625057
	Index Scan using sbtest2_pkey on sbtest2  (cost=0.43..410.85 rows=103 width=125)
	  Index Cond: ((id >= 7624957) AND (id <= 7625057))

table 3 : explain SELECT id, c FROM sbtest3 WHERE id BETWEEN 7624957 AND 7625057
	Index Scan using sbtest3_pkey on sbtest3  (cost=0.43..429.15 rows=108 width=125)
	  Index Cond: ((id >= 7624957) AND (id <= 7625057))

table 4 : explain SELECT id, c FROM sbtest4 WHERE id BETWEEN 7624957 AND 7625057
	Index Scan using sbtest4_pkey on sbtest4  (cost=0.43..424.88 rows=107 width=125)
	  Index Cond: ((id >= 7624957) AND (id <= 7625057))

table 5 : explain SELECT id, c FROM sbtest5 WHERE id BETWEEN 7624957 AND 7625057
	Index Scan using sbtest5_pkey on sbtest5  (cost=0.43..389.04 rows=98 width=125)
	  Index Cond: ((id >= 7624957) AND (id <= 7625057))

table 6 : explain SELECT id, c FROM sbtest6 WHERE id BETWEEN 7624957 AND 7625057
	Index Scan using sbtest6_pkey on sbtest6  (cost=0.43..397.78 rows=100 width=125)
	  Index Cond: ((id >= 7624957) AND (id <= 7625057))

table 7 : explain SELECT id, c FROM sbtest7 WHERE id BETWEEN 7624957 AND 7625057
	Index Scan using sbtest7_pkey on sbtest7  (cost=0.43..429.17 rows=108 width=125)
	  Index Cond: ((id >= 7624957) AND (id <= 7625057))

table 8 : explain SELECT id, c FROM sbtest8 WHERE id BETWEEN 7624957 AND 7625057
	Index Scan using sbtest8_pkey on sbtest8  (cost=0.43..394.00 rows=99 width=125)
	  Index Cond: ((id >= 7624957) AND (id <= 7625057))

for range-notcovered
table 1 : explain SELECT id, c FROM sbtest1 WHERE id BETWEEN 9322645 AND 9322745
	Index Scan using sbtest1_pkey on sbtest1  (cost=0.43..362.75 rows=91 width=125)
	  Index Cond: ((id >= 9322645) AND (id <= 9322745))

table 2 : explain SELECT id, c FROM sbtest2 WHERE id BETWEEN 9322645 AND 9322745
	Index Scan using sbtest2_pkey on sbtest2  (cost=0.43..454.24 rows=114 width=125)
	  Index Cond: ((id >= 9322645) AND (id <= 9322745))

table 3 : explain SELECT id, c FROM sbtest3 WHERE id BETWEEN 9322645 AND 9322745
	Index Scan using sbtest3_pkey on sbtest3  (cost=0.43..370.18 rows=93 width=125)
	  Index Cond: ((id >= 9322645) AND (id <= 9322745))

table 4 : explain SELECT id, c FROM sbtest4 WHERE id BETWEEN 9322645 AND 9322745
	Index Scan using sbtest4_pkey on sbtest4  (cost=0.43..385.60 rows=97 width=125)
	  Index Cond: ((id >= 9322645) AND (id <= 9322745))

table 5 : explain SELECT id, c FROM sbtest5 WHERE id BETWEEN 9322645 AND 9322745
	Index Scan using sbtest5_pkey on sbtest5  (cost=0.43..400.81 rows=101 width=125)
	  Index Cond: ((id >= 9322645) AND (id <= 9322745))

table 6 : explain SELECT id, c FROM sbtest6 WHERE id BETWEEN 9322645 AND 9322745
	Index Scan using sbtest6_pkey on sbtest6  (cost=0.43..417.44 rows=105 width=125)
	  Index Cond: ((id >= 9322645) AND (id <= 9322745))

table 7 : explain SELECT id, c FROM sbtest7 WHERE id BETWEEN 9322645 AND 9322745
	Index Scan using sbtest7_pkey on sbtest7  (cost=0.43..370.20 rows=93 width=125)
	  Index Cond: ((id >= 9322645) AND (id <= 9322745))

table 8 : explain SELECT id, c FROM sbtest8 WHERE id BETWEEN 9322645 AND 9322745
	Index Scan using sbtest8_pkey on sbtest8  (cost=0.43..366.45 rows=92 width=125)
	  Index Cond: ((id >= 9322645) AND (id <= 9322745))

explain: for range-notcovered :: explain SELECT id, c FROM sbtest%d WHERE id BETWEEN 7624957 AND 7625057
explain: for range-notcovered :: explain SELECT id, c FROM sbtest%d WHERE id BETWEEN 9322645 AND 9322745
explain: for range-notcovered :: explain SELECT id, c FROM sbtest%d WHERE id BETWEEN 2005106 AND 2005206
for range-notcovered
table 1 : explain SELECT id, c FROM sbtest1 WHERE id BETWEEN 5369853 AND 5369953
	Index Scan using sbtest1_pkey on sbtest1  (cost=0.43..410.00 rows=103 width=125)
	  Index Cond: ((id >= 5369853) AND (id <= 5369953))

table 2 : explain SELECT id, c FROM sbtest2 WHERE id BETWEEN 5369853 AND 5369953
	Index Scan using sbtest2_pkey on sbtest2  (cost=0.43..410.85 rows=103 width=125)
	  Index Cond: ((id >= 5369853) AND (id <= 5369953))

table 3 : explain SELECT id, c FROM sbtest3 WHERE id BETWEEN 5369853 AND 5369953
	Index Scan using sbtest3_pkey on sbtest3  (cost=0.43..444.87 rows=112 width=125)
	  Index Cond: ((id >= 5369853) AND (id <= 5369953))

table 4 : explain SELECT id, c FROM sbtest4 WHERE id BETWEEN 5369853 AND 5369953
	Index Scan using sbtest4_pkey on sbtest4  (cost=0.43..420.95 rows=106 width=125)
	  Index Cond: ((id >= 5369853) AND (id <= 5369953))

table 5 : explain SELECT id, c FROM sbtest5 WHERE id BETWEEN 5369853 AND 5369953
	Index Scan using sbtest5_pkey on sbtest5  (cost=0.43..443.96 rows=112 width=125)
	  Index Cond: ((id >= 5369853) AND (id <= 5369953))

table 6 : explain SELECT id, c FROM sbtest6 WHERE id BETWEEN 5369853 AND 5369953
	Index Scan using sbtest6_pkey on sbtest6  (cost=0.43..429.24 rows=108 width=125)
	  Index Cond: ((id >= 5369853) AND (id <= 5369953))

table 7 : explain SELECT id, c FROM sbtest7 WHERE id BETWEEN 5369853 AND 5369953
	Index Scan using sbtest7_pkey on sbtest7  (cost=0.43..374.13 rows=94 width=125)
	  Index Cond: ((id >= 5369853) AND (id <= 5369953))

table 8 : explain SELECT id, c FROM sbtest8 WHERE id BETWEEN 5369853 AND 5369953
	Index Scan using sbtest8_pkey on sbtest8  (cost=0.43..405.80 rows=102 width=125)
	  Index Cond: ((id >= 5369853) AND (id <= 5369953))

explain: for range-notcovered :: explain SELECT id, c FROM sbtest%d WHERE id BETWEEN 5369853 AND 5369953
for range-notcovered
table 1 : explain SELECT id, c FROM sbtest1 WHERE id BETWEEN 7624957 AND 7625057
	Index Scan using sbtest1_pkey on sbtest1  (cost=0.43..362.75 rows=91 width=125)
	  Index Cond: ((id >= 7624957) AND (id <= 7625057))

table 2 : explain SELECT id, c FROM sbtest2 WHERE id BETWEEN 7624957 AND 7625057
	Index Scan using sbtest2_pkey on sbtest2  (cost=0.43..410.85 rows=103 width=125)
	  Index Cond: ((id >= 7624957) AND (id <= 7625057))

table 3 : explain SELECT id, c FROM sbtest3 WHERE id BETWEEN 7624957 AND 7625057
	Index Scan using sbtest3_pkey on sbtest3  (cost=0.43..429.15 rows=108 width=125)
	  Index Cond: ((id >= 7624957) AND (id <= 7625057))

table 4 : explain SELECT id, c FROM sbtest4 WHERE id BETWEEN 7624957 AND 7625057
	Index Scan using sbtest4_pkey on sbtest4  (cost=0.43..424.88 rows=107 width=125)
	  Index Cond: ((id >= 7624957) AND (id <= 7625057))

table 5 : explain SELECT id, c FROM sbtest5 WHERE id BETWEEN 7624957 AND 7625057
	Index Scan using sbtest5_pkey on sbtest5  (cost=0.43..389.04 rows=98 width=125)
	  Index Cond: ((id >= 7624957) AND (id <= 7625057))

table 6 : explain SELECT id, c FROM sbtest6 WHERE id BETWEEN 7624957 AND 7625057
	Index Scan using sbtest6_pkey on sbtest6  (cost=0.43..397.78 rows=100 width=125)
	  Index Cond: ((id >= 7624957) AND (id <= 7625057))

table 7 : explain SELECT id, c FROM sbtest7 WHERE id BETWEEN 7624957 AND 7625057
	Index Scan using sbtest7_pkey on sbtest7  (cost=0.43..429.17 rows=108 width=125)
	  Index Cond: ((id >= 7624957) AND (id <= 7625057))

table 8 : explain SELECT id, c FROM sbtest8 WHERE id BETWEEN 7624957 AND 7625057
	Index Scan using sbtest8_pkey on sbtest8  (cost=0.43..394.00 rows=99 width=125)
	  Index Cond: ((id >= 7624957) AND (id <= 7625057))

for range-notcovered
table 1 : explain SELECT id, c FROM sbtest1 WHERE id BETWEEN 9322645 AND 9322745
	Index Scan using sbtest1_pkey on sbtest1  (cost=0.43..362.75 rows=91 width=125)
	  Index Cond: ((id >= 9322645) AND (id <= 9322745))

table 2 : explain SELECT id, c FROM sbtest2 WHERE id BETWEEN 9322645 AND 9322745
	Index Scan using sbtest2_pkey on sbtest2  (cost=0.43..454.24 rows=114 width=125)
	  Index Cond: ((id >= 9322645) AND (id <= 9322745))

table 3 : explain SELECT id, c FROM sbtest3 WHERE id BETWEEN 9322645 AND 9322745
	Index Scan using sbtest3_pkey on sbtest3  (cost=0.43..370.18 rows=93 width=125)
	  Index Cond: ((id >= 9322645) AND (id <= 9322745))

table 4 : explain SELECT id, c FROM sbtest4 WHERE id BETWEEN 9322645 AND 9322745
	Index Scan using sbtest4_pkey on sbtest4  (cost=0.43..385.60 rows=97 width=125)
	  Index Cond: ((id >= 9322645) AND (id <= 9322745))

table 5 : explain SELECT id, c FROM sbtest5 WHERE id BETWEEN 9322645 AND 9322745
	Index Scan using sbtest5_pkey on sbtest5  (cost=0.43..400.81 rows=101 width=125)
	  Index Cond: ((id >= 9322645) AND (id <= 9322745))

table 6 : explain SELECT id, c FROM sbtest6 WHERE id BETWEEN 9322645 AND 9322745
	Index Scan using sbtest6_pkey on sbtest6  (cost=0.43..417.44 rows=105 width=125)
	  Index Cond: ((id >= 9322645) AND (id <= 9322745))

table 7 : explain SELECT id, c FROM sbtest7 WHERE id BETWEEN 9322645 AND 9322745
	Index Scan using sbtest7_pkey on sbtest7  (cost=0.43..370.20 rows=93 width=125)
	  Index Cond: ((id >= 9322645) AND (id <= 9322745))

table 8 : explain SELECT id, c FROM sbtest8 WHERE id BETWEEN 9322645 AND 9322745
	Index Scan using sbtest8_pkey on sbtest8  (cost=0.43..366.45 rows=92 width=125)
	  Index Cond: ((id >= 9322645) AND (id <= 9322745))

explain: for range-notcovered :: explain SELECT id, c FROM sbtest%d WHERE id BETWEEN 9322645 AND 9322745
explain: for range-notcovered :: explain SELECT id, c FROM sbtest%d WHERE id BETWEEN 7624957 AND 7625057
for range-notcovered
table 1 : explain SELECT id, c FROM sbtest1 WHERE id BETWEEN 5369853 AND 5369953
	Index Scan using sbtest1_pkey on sbtest1  (cost=0.43..410.00 rows=103 width=125)
	  Index Cond: ((id >= 5369853) AND (id <= 5369953))

table 2 : explain SELECT id, c FROM sbtest2 WHERE id BETWEEN 5369853 AND 5369953
	Index Scan using sbtest2_pkey on sbtest2  (cost=0.43..410.85 rows=103 width=125)
	  Index Cond: ((id >= 5369853) AND (id <= 5369953))

table 3 : explain SELECT id, c FROM sbtest3 WHERE id BETWEEN 5369853 AND 5369953
	Index Scan using sbtest3_pkey on sbtest3  (cost=0.43..444.87 rows=112 width=125)
	  Index Cond: ((id >= 5369853) AND (id <= 5369953))

table 4 : explain SELECT id, c FROM sbtest4 WHERE id BETWEEN 5369853 AND 5369953
	Index Scan using sbtest4_pkey on sbtest4  (cost=0.43..420.95 rows=106 width=125)
	  Index Cond: ((id >= 5369853) AND (id <= 5369953))

table 5 : explain SELECT id, c FROM sbtest5 WHERE id BETWEEN 5369853 AND 5369953
	Index Scan using sbtest5_pkey on sbtest5  (cost=0.43..443.96 rows=112 width=125)
	  Index Cond: ((id >= 5369853) AND (id <= 5369953))

table 6 : explain SELECT id, c FROM sbtest6 WHERE id BETWEEN 5369853 AND 5369953
	Index Scan using sbtest6_pkey on sbtest6  (cost=0.43..429.24 rows=108 width=125)
	  Index Cond: ((id >= 5369853) AND (id <= 5369953))

table 7 : explain SELECT id, c FROM sbtest7 WHERE id BETWEEN 5369853 AND 5369953
	Index Scan using sbtest7_pkey on sbtest7  (cost=0.43..374.13 rows=94 width=125)
	  Index Cond: ((id >= 5369853) AND (id <= 5369953))

table 8 : explain SELECT id, c FROM sbtest8 WHERE id BETWEEN 5369853 AND 5369953
	Index Scan using sbtest8_pkey on sbtest8  (cost=0.43..405.80 rows=102 width=125)
	  Index Cond: ((id >= 5369853) AND (id <= 5369953))

explain: for range-notcovered :: explain SELECT id, c FROM sbtest%d WHERE id BETWEEN 5369853 AND 5369953
for range-notcovered
table 1 : explain SELECT id, c FROM sbtest1 WHERE id BETWEEN 9322645 AND 9322745
	Index Scan using sbtest1_pkey on sbtest1  (cost=0.43..362.75 rows=91 width=125)
	  Index Cond: ((id >= 9322645) AND (id <= 9322745))

table 2 : explain SELECT id, c FROM sbtest2 WHERE id BETWEEN 9322645 AND 9322745
	Index Scan using sbtest2_pkey on sbtest2  (cost=0.43..454.24 rows=114 width=125)
	  Index Cond: ((id >= 9322645) AND (id <= 9322745))

table 3 : explain SELECT id, c FROM sbtest3 WHERE id BETWEEN 9322645 AND 9322745
	Index Scan using sbtest3_pkey on sbtest3  (cost=0.43..370.18 rows=93 width=125)
	  Index Cond: ((id >= 9322645) AND (id <= 9322745))

table 4 : explain SELECT id, c FROM sbtest4 WHERE id BETWEEN 9322645 AND 9322745
	Index Scan using sbtest4_pkey on sbtest4  (cost=0.43..385.60 rows=97 width=125)
	  Index Cond: ((id >= 9322645) AND (id <= 9322745))

table 5 : explain SELECT id, c FROM sbtest5 WHERE id BETWEEN 9322645 AND 9322745
	Index Scan using sbtest5_pkey on sbtest5  (cost=0.43..400.81 rows=101 width=125)
	  Index Cond: ((id >= 9322645) AND (id <= 9322745))

table 6 : explain SELECT id, c FROM sbtest6 WHERE id BETWEEN 9322645 AND 9322745
	Index Scan using sbtest6_pkey on sbtest6  (cost=0.43..417.44 rows=105 width=125)
	  Index Cond: ((id >= 9322645) AND (id <= 9322745))

table 7 : explain SELECT id, c FROM sbtest7 WHERE id BETWEEN 9322645 AND 9322745
	Index Scan using sbtest7_pkey on sbtest7  (cost=0.43..370.20 rows=93 width=125)
	  Index Cond: ((id >= 9322645) AND (id <= 9322745))

table 8 : explain SELECT id, c FROM sbtest8 WHERE id BETWEEN 9322645 AND 9322745
	Index Scan using sbtest8_pkey on sbtest8  (cost=0.43..366.45 rows=92 width=125)
	  Index Cond: ((id >= 9322645) AND (id <= 9322745))

explain: for range-notcovered :: explain SELECT id, c FROM sbtest%d WHERE id BETWEEN 9322645 AND 9322745
for range-notcovered
table 1 : explain SELECT id, c FROM sbtest1 WHERE id BETWEEN 3495257 AND 3495357
	Index Scan using sbtest1_pkey on sbtest1  (cost=0.43..413.94 rows=104 width=125)
	  Index Cond: ((id >= 3495257) AND (id <= 3495357))

table 2 : explain SELECT id, c FROM sbtest2 WHERE id BETWEEN 3495257 AND 3495357
	Index Scan using sbtest2_pkey on sbtest2  (cost=0.43..450.30 rows=113 width=125)
	  Index Cond: ((id >= 3495257) AND (id <= 3495357))

table 3 : explain SELECT id, c FROM sbtest3 WHERE id BETWEEN 3495257 AND 3495357
	Index Scan using sbtest3_pkey on sbtest3  (cost=0.43..417.35 rows=105 width=125)
	  Index Cond: ((id >= 3495257) AND (id <= 3495357))

table 4 : explain SELECT id, c FROM sbtest4 WHERE id BETWEEN 3495257 AND 3495357
	Index Scan using sbtest4_pkey on sbtest4  (cost=0.43..468.08 rows=118 width=125)
	  Index Cond: ((id >= 3495257) AND (id <= 3495357))

table 5 : explain SELECT id, c FROM sbtest5 WHERE id BETWEEN 3495257 AND 3495357
	Index Scan using sbtest5_pkey on sbtest5  (cost=0.43..396.89 rows=100 width=125)
	  Index Cond: ((id >= 3495257) AND (id <= 3495357))

table 6 : explain SELECT id, c FROM sbtest6 WHERE id BETWEEN 3495257 AND 3495357
	Index Scan using sbtest6_pkey on sbtest6  (cost=0.43..433.17 rows=109 width=125)
	  Index Cond: ((id >= 3495257) AND (id <= 3495357))

table 7 : explain SELECT id, c FROM sbtest7 WHERE id BETWEEN 3495257 AND 3495357
	Index Scan using sbtest7_pkey on sbtest7  (cost=0.43..413.44 rows=104 width=125)
	  Index Cond: ((id >= 3495257) AND (id <= 3495357))

table 8 : explain SELECT id, c FROM sbtest8 WHERE id BETWEEN 3495257 AND 3495357
	Index Scan using sbtest8_pkey on sbtest8  (cost=0.43..425.47 rows=107 width=125)
	  Index Cond: ((id >= 3495257) AND (id <= 3495357))

explain: for range-notcovered :: explain SELECT id, c FROM sbtest%d WHERE id BETWEEN 3495257 AND 3495357
for range-notcovered
table 1 : explain SELECT id, c FROM sbtest1 WHERE id BETWEEN 5369853 AND 5369953
	Index Scan using sbtest1_pkey on sbtest1  (cost=0.43..410.00 rows=103 width=125)
	  Index Cond: ((id >= 5369853) AND (id <= 5369953))

table 2 : explain SELECT id, c FROM sbtest2 WHERE id BETWEEN 5369853 AND 5369953
	Index Scan using sbtest2_pkey on sbtest2  (cost=0.43..410.85 rows=103 width=125)
	  Index Cond: ((id >= 5369853) AND (id <= 5369953))

table 3 : explain SELECT id, c FROM sbtest3 WHERE id BETWEEN 5369853 AND 5369953
	Index Scan using sbtest3_pkey on sbtest3  (cost=0.43..444.87 rows=112 width=125)
	  Index Cond: ((id >= 5369853) AND (id <= 5369953))

table 4 : explain SELECT id, c FROM sbtest4 WHERE id BETWEEN 5369853 AND 5369953
	Index Scan using sbtest4_pkey on sbtest4  (cost=0.43..420.95 rows=106 width=125)
	  Index Cond: ((id >= 5369853) AND (id <= 5369953))

table 5 : explain SELECT id, c FROM sbtest5 WHERE id BETWEEN 5369853 AND 5369953
	Index Scan using sbtest5_pkey on sbtest5  (cost=0.43..443.96 rows=112 width=125)
	  Index Cond: ((id >= 5369853) AND (id <= 5369953))

table 6 : explain SELECT id, c FROM sbtest6 WHERE id BETWEEN 5369853 AND 5369953
	Index Scan using sbtest6_pkey on sbtest6  (cost=0.43..429.24 rows=108 width=125)
	  Index Cond: ((id >= 5369853) AND (id <= 5369953))

table 7 : explain SELECT id, c FROM sbtest7 WHERE id BETWEEN 5369853 AND 5369953
	Index Scan using sbtest7_pkey on sbtest7  (cost=0.43..374.13 rows=94 width=125)
	  Index Cond: ((id >= 5369853) AND (id <= 5369953))

table 8 : explain SELECT id, c FROM sbtest8 WHERE id BETWEEN 5369853 AND 5369953
	Index Scan using sbtest8_pkey on sbtest8  (cost=0.43..405.80 rows=102 width=125)
	  Index Cond: ((id >= 5369853) AND (id <= 5369953))

explain: for range-notcovered :: explain SELECT id, c FROM sbtest%d WHERE id BETWEEN 5369853 AND 5369953
explain: for range-notcovered :: explain SELECT id, c FROM sbtest%d WHERE id BETWEEN 5988264 AND 5988364
explain: for range-notcovered :: explain SELECT id, c FROM sbtest%d WHERE id BETWEEN 4183242 AND 4183342
for range-notcovered
table 1 : explain SELECT id, c FROM sbtest1 WHERE id BETWEEN 9322645 AND 9322745
	Index Scan using sbtest1_pkey on sbtest1  (cost=0.43..362.75 rows=91 width=125)
	  Index Cond: ((id >= 9322645) AND (id <= 9322745))

table 2 : explain SELECT id, c FROM sbtest2 WHERE id BETWEEN 9322645 AND 9322745
	Index Scan using sbtest2_pkey on sbtest2  (cost=0.43..454.24 rows=114 width=125)
	  Index Cond: ((id >= 9322645) AND (id <= 9322745))

table 3 : explain SELECT id, c FROM sbtest3 WHERE id BETWEEN 9322645 AND 9322745
	Index Scan using sbtest3_pkey on sbtest3  (cost=0.43..370.18 rows=93 width=125)
	  Index Cond: ((id >= 9322645) AND (id <= 9322745))

table 4 : explain SELECT id, c FROM sbtest4 WHERE id BETWEEN 9322645 AND 9322745
	Index Scan using sbtest4_pkey on sbtest4  (cost=0.43..385.60 rows=97 width=125)
	  Index Cond: ((id >= 9322645) AND (id <= 9322745))

table 5 : explain SELECT id, c FROM sbtest5 WHERE id BETWEEN 9322645 AND 9322745
	Index Scan using sbtest5_pkey on sbtest5  (cost=0.43..400.81 rows=101 width=125)
	  Index Cond: ((id >= 9322645) AND (id <= 9322745))

table 6 : explain SELECT id, c FROM sbtest6 WHERE id BETWEEN 9322645 AND 9322745
	Index Scan using sbtest6_pkey on sbtest6  (cost=0.43..417.44 rows=105 width=125)
	  Index Cond: ((id >= 9322645) AND (id <= 9322745))

table 7 : explain SELECT id, c FROM sbtest7 WHERE id BETWEEN 9322645 AND 9322745
	Index Scan using sbtest7_pkey on sbtest7  (cost=0.43..370.20 rows=93 width=125)
	  Index Cond: ((id >= 9322645) AND (id <= 9322745))

table 8 : explain SELECT id, c FROM sbtest8 WHERE id BETWEEN 9322645 AND 9322745
	Index Scan using sbtest8_pkey on sbtest8  (cost=0.43..366.45 rows=92 width=125)
	  Index Cond: ((id >= 9322645) AND (id <= 9322745))

for range-notcovered
table 1 : explain SELECT id, c FROM sbtest1 WHERE id BETWEEN 4690537 AND 4690637
	Index Scan using sbtest1_pkey on sbtest1  (cost=0.43..398.19 rows=100 width=125)
	  Index Cond: ((id >= 4690537) AND (id <= 4690637))

table 2 : explain SELECT id, c FROM sbtest2 WHERE id BETWEEN 4690537 AND 4690637
	Index Scan using sbtest2_pkey on sbtest2  (cost=0.43..379.28 rows=95 width=125)
	  Index Cond: ((id >= 4690537) AND (id <= 4690637))

table 3 : explain SELECT id, c FROM sbtest3 WHERE id BETWEEN 4690537 AND 4690637
	Index Scan using sbtest3_pkey on sbtest3  (cost=0.43..362.32 rows=91 width=125)
	  Index Cond: ((id >= 4690537) AND (id <= 4690637))

table 4 : explain SELECT id, c FROM sbtest4 WHERE id BETWEEN 4690537 AND 4690637
	Index Scan using sbtest4_pkey on sbtest4  (cost=0.43..362.01 rows=91 width=125)
	  Index Cond: ((id >= 4690537) AND (id <= 4690637))

table 5 : explain SELECT id, c FROM sbtest5 WHERE id BETWEEN 4690537 AND 4690637
	Index Scan using sbtest5_pkey on sbtest5  (cost=0.43..396.89 rows=100 width=125)
	  Index Cond: ((id >= 4690537) AND (id <= 4690637))

table 6 : explain SELECT id, c FROM sbtest6 WHERE id BETWEEN 4690537 AND 4690637
	Index Scan using sbtest6_pkey on sbtest6  (cost=0.43..382.05 rows=96 width=125)
	  Index Cond: ((id >= 4690537) AND (id <= 4690637))

table 7 : explain SELECT id, c FROM sbtest7 WHERE id BETWEEN 4690537 AND 4690637
	Index Scan using sbtest7_pkey on sbtest7  (cost=0.43..413.44 rows=104 width=125)
	  Index Cond: ((id >= 4690537) AND (id <= 4690637))

table 8 : explain SELECT id, c FROM sbtest8 WHERE id BETWEEN 4690537 AND 4690637
	Index Scan using sbtest8_pkey on sbtest8  (cost=0.43..386.11 rows=97 width=125)
	  Index Cond: ((id >= 4690537) AND (id <= 4690637))

explain: for range-notcovered :: explain SELECT id, c FROM sbtest%d WHERE id BETWEEN 9322645 AND 9322745
for range-notcovered
table 1 : explain SELECT id, c FROM sbtest1 WHERE id BETWEEN 7624957 AND 7625057
	Index Scan using sbtest1_pkey on sbtest1  (cost=0.43..362.75 rows=91 width=125)
	  Index Cond: ((id >= 7624957) AND (id <= 7625057))

table 2 : explain SELECT id, c FROM sbtest2 WHERE id BETWEEN 7624957 AND 7625057
	Index Scan using sbtest2_pkey on sbtest2  (cost=0.43..410.85 rows=103 width=125)
	  Index Cond: ((id >= 7624957) AND (id <= 7625057))

table 3 : explain SELECT id, c FROM sbtest3 WHERE id BETWEEN 7624957 AND 7625057
	Index Scan using sbtest3_pkey on sbtest3  (cost=0.43..429.15 rows=108 width=125)
	  Index Cond: ((id >= 7624957) AND (id <= 7625057))

table 4 : explain SELECT id, c FROM sbtest4 WHERE id BETWEEN 7624957 AND 7625057
	Index Scan using sbtest4_pkey on sbtest4  (cost=0.43..424.88 rows=107 width=125)
	  Index Cond: ((id >= 7624957) AND (id <= 7625057))

table 5 : explain SELECT id, c FROM sbtest5 WHERE id BETWEEN 7624957 AND 7625057
	Index Scan using sbtest5_pkey on sbtest5  (cost=0.43..389.04 rows=98 width=125)
	  Index Cond: ((id >= 7624957) AND (id <= 7625057))

table 6 : explain SELECT id, c FROM sbtest6 WHERE id BETWEEN 7624957 AND 7625057
	Index Scan using sbtest6_pkey on sbtest6  (cost=0.43..397.78 rows=100 width=125)
	  Index Cond: ((id >= 7624957) AND (id <= 7625057))

table 7 : explain SELECT id, c FROM sbtest7 WHERE id BETWEEN 7624957 AND 7625057
	Index Scan using sbtest7_pkey on sbtest7  (cost=0.43..429.17 rows=108 width=125)
	  Index Cond: ((id >= 7624957) AND (id <= 7625057))

table 8 : explain SELECT id, c FROM sbtest8 WHERE id BETWEEN 7624957 AND 7625057
	Index Scan using sbtest8_pkey on sbtest8  (cost=0.43..394.00 rows=99 width=125)
	  Index Cond: ((id >= 7624957) AND (id <= 7625057))

for range-notcovered
table 1 : explain SELECT id, c FROM sbtest1 WHERE id BETWEEN 7753861 AND 7753961
	Index Scan using sbtest1_pkey on sbtest1  (cost=0.43..425.75 rows=107 width=125)
	  Index Cond: ((id >= 7753861) AND (id <= 7753961))

table 2 : explain SELECT id, c FROM sbtest2 WHERE id BETWEEN 7753861 AND 7753961
	Index Scan using sbtest2_pkey on sbtest2  (cost=0.43..359.55 rows=90 width=125)
	  Index Cond: ((id >= 7753861) AND (id <= 7753961))

table 3 : explain SELECT id, c FROM sbtest3 WHERE id BETWEEN 7753861 AND 7753961
	Index Scan using sbtest3_pkey on sbtest3  (cost=0.43..429.15 rows=108 width=125)
	  Index Cond: ((id >= 7753861) AND (id <= 7753961))

table 4 : explain SELECT id, c FROM sbtest4 WHERE id BETWEEN 7753861 AND 7753961
	Index Scan using sbtest4_pkey on sbtest4  (cost=0.43..420.95 rows=106 width=125)
	  Index Cond: ((id >= 7753861) AND (id <= 7753961))

table 5 : explain SELECT id, c FROM sbtest5 WHERE id BETWEEN 7753861 AND 7753961
	Index Scan using sbtest5_pkey on sbtest5  (cost=0.43..447.89 rows=113 width=125)
	  Index Cond: ((id >= 7753861) AND (id <= 7753961))

table 6 : explain SELECT id, c FROM sbtest6 WHERE id BETWEEN 7753861 AND 7753961
	Index Scan using sbtest6_pkey on sbtest6  (cost=0.43..385.99 rows=97 width=125)
	  Index Cond: ((id >= 7753861) AND (id <= 7753961))

table 7 : explain SELECT id, c FROM sbtest7 WHERE id BETWEEN 7753861 AND 7753961
	Index Scan using sbtest7_pkey on sbtest7  (cost=0.43..366.27 rows=92 width=125)
	  Index Cond: ((id >= 7753861) AND (id <= 7753961))

table 8 : explain SELECT id, c FROM sbtest8 WHERE id BETWEEN 7753861 AND 7753961
	Index Scan using sbtest8_pkey on sbtest8  (cost=0.43..401.87 rows=101 width=125)
	  Index Cond: ((id >= 7753861) AND (id <= 7753961))

explain: for range-notcovered :: explain SELECT id, c FROM sbtest%d WHERE id BETWEEN 4690537 AND 4690637
explain: for range-notcovered :: explain SELECT id, c FROM sbtest%d WHERE id BETWEEN 7753861 AND 7753961
for range-notcovered
table 1 : explain SELECT id, c FROM sbtest1 WHERE id BETWEEN 3495257 AND 3495357
	Index Scan using sbtest1_pkey on sbtest1  (cost=0.43..413.94 rows=104 width=125)
	  Index Cond: ((id >= 3495257) AND (id <= 3495357))

table 2 : explain SELECT id, c FROM sbtest2 WHERE id BETWEEN 3495257 AND 3495357
	Index Scan using sbtest2_pkey on sbtest2  (cost=0.43..450.30 rows=113 width=125)
	  Index Cond: ((id >= 3495257) AND (id <= 3495357))

table 3 : explain SELECT id, c FROM sbtest3 WHERE id BETWEEN 3495257 AND 3495357
	Index Scan using sbtest3_pkey on sbtest3  (cost=0.43..417.35 rows=105 width=125)
	  Index Cond: ((id >= 3495257) AND (id <= 3495357))

table 4 : explain SELECT id, c FROM sbtest4 WHERE id BETWEEN 3495257 AND 3495357
	Index Scan using sbtest4_pkey on sbtest4  (cost=0.43..468.08 rows=118 width=125)
	  Index Cond: ((id >= 3495257) AND (id <= 3495357))

table 5 : explain SELECT id, c FROM sbtest5 WHERE id BETWEEN 3495257 AND 3495357
	Index Scan using sbtest5_pkey on sbtest5  (cost=0.43..396.89 rows=100 width=125)
	  Index Cond: ((id >= 3495257) AND (id <= 3495357))

table 6 : explain SELECT id, c FROM sbtest6 WHERE id BETWEEN 3495257 AND 3495357
	Index Scan using sbtest6_pkey on sbtest6  (cost=0.43..433.17 rows=109 width=125)
	  Index Cond: ((id >= 3495257) AND (id <= 3495357))

table 7 : explain SELECT id, c FROM sbtest7 WHERE id BETWEEN 3495257 AND 3495357
	Index Scan using sbtest7_pkey on sbtest7  (cost=0.43..413.44 rows=104 width=125)
	  Index Cond: ((id >= 3495257) AND (id <= 3495357))

table 8 : explain SELECT id, c FROM sbtest8 WHERE id BETWEEN 3495257 AND 3495357
	Index Scan using sbtest8_pkey on sbtest8  (cost=0.43..425.47 rows=107 width=125)
	  Index Cond: ((id >= 3495257) AND (id <= 3495357))

for range-notcovered
table 1 : explain SELECT id, c FROM sbtest1 WHERE id BETWEEN 5369853 AND 5369953
	Index Scan using sbtest1_pkey on sbtest1  (cost=0.43..410.00 rows=103 width=125)
	  Index Cond: ((id >= 5369853) AND (id <= 5369953))

table 2 : explain SELECT id, c FROM sbtest2 WHERE id BETWEEN 5369853 AND 5369953
	Index Scan using sbtest2_pkey on sbtest2  (cost=0.43..410.85 rows=103 width=125)
	  Index Cond: ((id >= 5369853) AND (id <= 5369953))

table 3 : explain SELECT id, c FROM sbtest3 WHERE id BETWEEN 5369853 AND 5369953
	Index Scan using sbtest3_pkey on sbtest3  (cost=0.43..444.87 rows=112 width=125)
	  Index Cond: ((id >= 5369853) AND (id <= 5369953))

table 4 : explain SELECT id, c FROM sbtest4 WHERE id BETWEEN 5369853 AND 5369953
	Index Scan using sbtest4_pkey on sbtest4  (cost=0.43..420.95 rows=106 width=125)
	  Index Cond: ((id >= 5369853) AND (id <= 5369953))

table 5 : explain SELECT id, c FROM sbtest5 WHERE id BETWEEN 5369853 AND 5369953
	Index Scan using sbtest5_pkey on sbtest5  (cost=0.43..443.96 rows=112 width=125)
	  Index Cond: ((id >= 5369853) AND (id <= 5369953))

table 6 : explain SELECT id, c FROM sbtest6 WHERE id BETWEEN 5369853 AND 5369953
	Index Scan using sbtest6_pkey on sbtest6  (cost=0.43..429.24 rows=108 width=125)
	  Index Cond: ((id >= 5369853) AND (id <= 5369953))

table 7 : explain SELECT id, c FROM sbtest7 WHERE id BETWEEN 5369853 AND 5369953
	Index Scan using sbtest7_pkey on sbtest7  (cost=0.43..374.13 rows=94 width=125)
	  Index Cond: ((id >= 5369853) AND (id <= 5369953))

table 8 : explain SELECT id, c FROM sbtest8 WHERE id BETWEEN 5369853 AND 5369953
	Index Scan using sbtest8_pkey on sbtest8  (cost=0.43..405.80 rows=102 width=125)
	  Index Cond: ((id >= 5369853) AND (id <= 5369953))

explain: for range-notcovered :: explain SELECT id, c FROM sbtest%d WHERE id BETWEEN 3495257 AND 3495357
explain: for range-notcovered :: explain SELECT id, c FROM sbtest%d WHERE id BETWEEN 5369853 AND 5369953
for range-notcovered
table 1 : explain SELECT id, c FROM sbtest1 WHERE id BETWEEN 9322645 AND 9322745
	Index Scan using sbtest1_pkey on sbtest1  (cost=0.43..362.75 rows=91 width=125)
	  Index Cond: ((id >= 9322645) AND (id <= 9322745))

table 2 : explain SELECT id, c FROM sbtest2 WHERE id BETWEEN 9322645 AND 9322745
	Index Scan using sbtest2_pkey on sbtest2  (cost=0.43..454.24 rows=114 width=125)
	  Index Cond: ((id >= 9322645) AND (id <= 9322745))

table 3 : explain SELECT id, c FROM sbtest3 WHERE id BETWEEN 9322645 AND 9322745
	Index Scan using sbtest3_pkey on sbtest3  (cost=0.43..370.18 rows=93 width=125)
	  Index Cond: ((id >= 9322645) AND (id <= 9322745))

table 4 : explain SELECT id, c FROM sbtest4 WHERE id BETWEEN 9322645 AND 9322745
	Index Scan using sbtest4_pkey on sbtest4  (cost=0.43..385.60 rows=97 width=125)
	  Index Cond: ((id >= 9322645) AND (id <= 9322745))

table 5 : explain SELECT id, c FROM sbtest5 WHERE id BETWEEN 9322645 AND 9322745
	Index Scan using sbtest5_pkey on sbtest5  (cost=0.43..400.81 rows=101 width=125)
	  Index Cond: ((id >= 9322645) AND (id <= 9322745))

table 6 : explain SELECT id, c FROM sbtest6 WHERE id BETWEEN 9322645 AND 9322745
	Index Scan using sbtest6_pkey on sbtest6  (cost=0.43..417.44 rows=105 width=125)
	  Index Cond: ((id >= 9322645) AND (id <= 9322745))

table 7 : explain SELECT id, c FROM sbtest7 WHERE id BETWEEN 9322645 AND 9322745
	Index Scan using sbtest7_pkey on sbtest7  (cost=0.43..370.20 rows=93 width=125)
	  Index Cond: ((id >= 9322645) AND (id <= 9322745))

table 8 : explain SELECT id, c FROM sbtest8 WHERE id BETWEEN 9322645 AND 9322745
	Index Scan using sbtest8_pkey on sbtest8  (cost=0.43..366.45 rows=92 width=125)
	  Index Cond: ((id >= 9322645) AND (id <= 9322745))

explain: for range-notcovered :: explain SELECT id, c FROM sbtest%d WHERE id BETWEEN 9322645 AND 9322745
for range-notcovered
table 1 : explain SELECT id, c FROM sbtest1 WHERE id BETWEEN 2005106 AND 2005206
	Index Scan using sbtest1_pkey on sbtest1  (cost=0.43..406.06 rows=102 width=125)
	  Index Cond: ((id >= 2005106) AND (id <= 2005206))

table 2 : explain SELECT id, c FROM sbtest2 WHERE id BETWEEN 2005106 AND 2005206
	Index Scan using sbtest2_pkey on sbtest2  (cost=0.43..399.02 rows=100 width=125)
	  Index Cond: ((id >= 2005106) AND (id <= 2005206))

table 3 : explain SELECT id, c FROM sbtest3 WHERE id BETWEEN 2005106 AND 2005206
	Index Scan using sbtest3_pkey on sbtest3  (cost=0.43..381.98 rows=96 width=125)
	  Index Cond: ((id >= 2005106) AND (id <= 2005206))

table 4 : explain SELECT id, c FROM sbtest4 WHERE id BETWEEN 2005106 AND 2005206
	Index Scan using sbtest4_pkey on sbtest4  (cost=0.43..409.16 rows=103 width=125)
	  Index Cond: ((id >= 2005106) AND (id <= 2005206))

table 5 : explain SELECT id, c FROM sbtest5 WHERE id BETWEEN 2005106 AND 2005206
	Index Scan using sbtest5_pkey on sbtest5  (cost=0.43..428.27 rows=108 width=125)
	  Index Cond: ((id >= 2005106) AND (id <= 2005206))

table 6 : explain SELECT id, c FROM sbtest6 WHERE id BETWEEN 2005106 AND 2005206
	Index Scan using sbtest6_pkey on sbtest6  (cost=0.43..425.30 rows=107 width=125)
	  Index Cond: ((id >= 2005106) AND (id <= 2005206))

table 7 : explain SELECT id, c FROM sbtest7 WHERE id BETWEEN 2005106 AND 2005206
	Index Scan using sbtest7_pkey on sbtest7  (cost=0.43..421.31 rows=106 width=125)
	  Index Cond: ((id >= 2005106) AND (id <= 2005206))

table 8 : explain SELECT id, c FROM sbtest8 WHERE id BETWEEN 2005106 AND 2005206
	Index Scan using sbtest8_pkey on sbtest8  (cost=0.43..382.18 rows=96 width=125)
	  Index Cond: ((id >= 2005106) AND (id <= 2005206))

for range-notcovered
table 1 : explain SELECT id, c FROM sbtest1 WHERE id BETWEEN 4690537 AND 4690637
	Index Scan using sbtest1_pkey on sbtest1  (cost=0.43..398.19 rows=100 width=125)
	  Index Cond: ((id >= 4690537) AND (id <= 4690637))

table 2 : explain SELECT id, c FROM sbtest2 WHERE id BETWEEN 4690537 AND 4690637
	Index Scan using sbtest2_pkey on sbtest2  (cost=0.43..379.28 rows=95 width=125)
	  Index Cond: ((id >= 4690537) AND (id <= 4690637))

table 3 : explain SELECT id, c FROM sbtest3 WHERE id BETWEEN 4690537 AND 4690637
	Index Scan using sbtest3_pkey on sbtest3  (cost=0.43..362.32 rows=91 width=125)
	  Index Cond: ((id >= 4690537) AND (id <= 4690637))

table 4 : explain SELECT id, c FROM sbtest4 WHERE id BETWEEN 4690537 AND 4690637
	Index Scan using sbtest4_pkey on sbtest4  (cost=0.43..362.01 rows=91 width=125)
	  Index Cond: ((id >= 4690537) AND (id <= 4690637))

table 5 : explain SELECT id, c FROM sbtest5 WHERE id BETWEEN 4690537 AND 4690637
	Index Scan using sbtest5_pkey on sbtest5  (cost=0.43..396.89 rows=100 width=125)
	  Index Cond: ((id >= 4690537) AND (id <= 4690637))

table 6 : explain SELECT id, c FROM sbtest6 WHERE id BETWEEN 4690537 AND 4690637
	Index Scan using sbtest6_pkey on sbtest6  (cost=0.43..382.05 rows=96 width=125)
	  Index Cond: ((id >= 4690537) AND (id <= 4690637))

table 7 : explain SELECT id, c FROM sbtest7 WHERE id BETWEEN 4690537 AND 4690637
	Index Scan using sbtest7_pkey on sbtest7  (cost=0.43..413.44 rows=104 width=125)
	  Index Cond: ((id >= 4690537) AND (id <= 4690637))

table 8 : explain SELECT id, c FROM sbtest8 WHERE id BETWEEN 4690537 AND 4690637
	Index Scan using sbtest8_pkey on sbtest8  (cost=0.43..386.11 rows=97 width=125)
	  Index Cond: ((id >= 4690537) AND (id <= 4690637))

explain: for range-notcovered :: explain SELECT id, c FROM sbtest%d WHERE id BETWEEN 2005106 AND 2005206
for range-notcovered
table 1 : explain SELECT id, c FROM sbtest1 WHERE id BETWEEN 7753861 AND 7753961
	Index Scan using sbtest1_pkey on sbtest1  (cost=0.43..425.75 rows=107 width=125)
	  Index Cond: ((id >= 7753861) AND (id <= 7753961))

table 2 : explain SELECT id, c FROM sbtest2 WHERE id BETWEEN 7753861 AND 7753961
	Index Scan using sbtest2_pkey on sbtest2  (cost=0.43..359.55 rows=90 width=125)
	  Index Cond: ((id >= 7753861) AND (id <= 7753961))

table 3 : explain SELECT id, c FROM sbtest3 WHERE id BETWEEN 7753861 AND 7753961
	Index Scan using sbtest3_pkey on sbtest3  (cost=0.43..429.15 rows=108 width=125)
	  Index Cond: ((id >= 7753861) AND (id <= 7753961))

table 4 : explain SELECT id, c FROM sbtest4 WHERE id BETWEEN 7753861 AND 7753961
	Index Scan using sbtest4_pkey on sbtest4  (cost=0.43..420.95 rows=106 width=125)
	  Index Cond: ((id >= 7753861) AND (id <= 7753961))

table 5 : explain SELECT id, c FROM sbtest5 WHERE id BETWEEN 7753861 AND 7753961
	Index Scan using sbtest5_pkey on sbtest5  (cost=0.43..447.89 rows=113 width=125)
	  Index Cond: ((id >= 7753861) AND (id <= 7753961))

table 6 : explain SELECT id, c FROM sbtest6 WHERE id BETWEEN 7753861 AND 7753961
	Index Scan using sbtest6_pkey on sbtest6  (cost=0.43..385.99 rows=97 width=125)
	  Index Cond: ((id >= 7753861) AND (id <= 7753961))

table 7 : explain SELECT id, c FROM sbtest7 WHERE id BETWEEN 7753861 AND 7753961
	Index Scan using sbtest7_pkey on sbtest7  (cost=0.43..366.27 rows=92 width=125)
	  Index Cond: ((id >= 7753861) AND (id <= 7753961))

table 8 : explain SELECT id, c FROM sbtest8 WHERE id BETWEEN 7753861 AND 7753961
	Index Scan using sbtest8_pkey on sbtest8  (cost=0.43..401.87 rows=101 width=125)
	  Index Cond: ((id >= 7753861) AND (id <= 7753961))

explain: for range-notcovered :: explain SELECT id, c FROM sbtest%d WHERE id BETWEEN 4690537 AND 4690637
explain: for range-notcovered :: explain SELECT id, c FROM sbtest%d WHERE id BETWEEN 7753861 AND 7753961
for range-notcovered
table 1 : explain SELECT id, c FROM sbtest1 WHERE id BETWEEN 5369853 AND 5369953
	Index Scan using sbtest1_pkey on sbtest1  (cost=0.43..410.00 rows=103 width=125)
	  Index Cond: ((id >= 5369853) AND (id <= 5369953))

table 2 : explain SELECT id, c FROM sbtest2 WHERE id BETWEEN 5369853 AND 5369953
	Index Scan using sbtest2_pkey on sbtest2  (cost=0.43..410.85 rows=103 width=125)
	  Index Cond: ((id >= 5369853) AND (id <= 5369953))

table 3 : explain SELECT id, c FROM sbtest3 WHERE id BETWEEN 5369853 AND 5369953
	Index Scan using sbtest3_pkey on sbtest3  (cost=0.43..444.87 rows=112 width=125)
	  Index Cond: ((id >= 5369853) AND (id <= 5369953))

table 4 : explain SELECT id, c FROM sbtest4 WHERE id BETWEEN 5369853 AND 5369953
	Index Scan using sbtest4_pkey on sbtest4  (cost=0.43..420.95 rows=106 width=125)
	  Index Cond: ((id >= 5369853) AND (id <= 5369953))

table 5 : explain SELECT id, c FROM sbtest5 WHERE id BETWEEN 5369853 AND 5369953
	Index Scan using sbtest5_pkey on sbtest5  (cost=0.43..443.96 rows=112 width=125)
	  Index Cond: ((id >= 5369853) AND (id <= 5369953))

table 6 : explain SELECT id, c FROM sbtest6 WHERE id BETWEEN 5369853 AND 5369953
	Index Scan using sbtest6_pkey on sbtest6  (cost=0.43..429.24 rows=108 width=125)
	  Index Cond: ((id >= 5369853) AND (id <= 5369953))

table 7 : explain SELECT id, c FROM sbtest7 WHERE id BETWEEN 5369853 AND 5369953
	Index Scan using sbtest7_pkey on sbtest7  (cost=0.43..374.13 rows=94 width=125)
	  Index Cond: ((id >= 5369853) AND (id <= 5369953))

table 8 : explain SELECT id, c FROM sbtest8 WHERE id BETWEEN 5369853 AND 5369953
	Index Scan using sbtest8_pkey on sbtest8  (cost=0.43..405.80 rows=102 width=125)
	  Index Cond: ((id >= 5369853) AND (id <= 5369953))

explain: for range-notcovered :: explain SELECT id, c FROM sbtest%d WHERE id BETWEEN 5369853 AND 5369953
for range-notcovered
table 1 : explain SELECT id, c FROM sbtest1 WHERE id BETWEEN 3495257 AND 3495357
	Index Scan using sbtest1_pkey on sbtest1  (cost=0.43..413.94 rows=104 width=125)
	  Index Cond: ((id >= 3495257) AND (id <= 3495357))

table 2 : explain SELECT id, c FROM sbtest2 WHERE id BETWEEN 3495257 AND 3495357
	Index Scan using sbtest2_pkey on sbtest2  (cost=0.43..450.30 rows=113 width=125)
	  Index Cond: ((id >= 3495257) AND (id <= 3495357))

table 3 : explain SELECT id, c FROM sbtest3 WHERE id BETWEEN 3495257 AND 3495357
	Index Scan using sbtest3_pkey on sbtest3  (cost=0.43..417.35 rows=105 width=125)
	  Index Cond: ((id >= 3495257) AND (id <= 3495357))

table 4 : explain SELECT id, c FROM sbtest4 WHERE id BETWEEN 3495257 AND 3495357
	Index Scan using sbtest4_pkey on sbtest4  (cost=0.43..468.08 rows=118 width=125)
	  Index Cond: ((id >= 3495257) AND (id <= 3495357))

table 5 : explain SELECT id, c FROM sbtest5 WHERE id BETWEEN 3495257 AND 3495357
	Index Scan using sbtest5_pkey on sbtest5  (cost=0.43..396.89 rows=100 width=125)
	  Index Cond: ((id >= 3495257) AND (id <= 3495357))

table 6 : explain SELECT id, c FROM sbtest6 WHERE id BETWEEN 3495257 AND 3495357
	Index Scan using sbtest6_pkey on sbtest6  (cost=0.43..433.17 rows=109 width=125)
	  Index Cond: ((id >= 3495257) AND (id <= 3495357))

table 7 : explain SELECT id, c FROM sbtest7 WHERE id BETWEEN 3495257 AND 3495357
	Index Scan using sbtest7_pkey on sbtest7  (cost=0.43..413.44 rows=104 width=125)
	  Index Cond: ((id >= 3495257) AND (id <= 3495357))

table 8 : explain SELECT id, c FROM sbtest8 WHERE id BETWEEN 3495257 AND 3495357
	Index Scan using sbtest8_pkey on sbtest8  (cost=0.43..425.47 rows=107 width=125)
	  Index Cond: ((id >= 3495257) AND (id <= 3495357))

explain: for range-notcovered :: explain SELECT id, c FROM sbtest%d WHERE id BETWEEN 3495257 AND 3495357
for range-notcovered
table 1 : explain SELECT id, c FROM sbtest1 WHERE id BETWEEN 9322645 AND 9322745
	Index Scan using sbtest1_pkey on sbtest1  (cost=0.43..362.75 rows=91 width=125)
	  Index Cond: ((id >= 9322645) AND (id <= 9322745))

table 2 : explain SELECT id, c FROM sbtest2 WHERE id BETWEEN 9322645 AND 9322745
	Index Scan using sbtest2_pkey on sbtest2  (cost=0.43..454.24 rows=114 width=125)
	  Index Cond: ((id >= 9322645) AND (id <= 9322745))

table 3 : explain SELECT id, c FROM sbtest3 WHERE id BETWEEN 9322645 AND 9322745
	Index Scan using sbtest3_pkey on sbtest3  (cost=0.43..370.18 rows=93 width=125)
	  Index Cond: ((id >= 9322645) AND (id <= 9322745))

table 4 : explain SELECT id, c FROM sbtest4 WHERE id BETWEEN 9322645 AND 9322745
	Index Scan using sbtest4_pkey on sbtest4  (cost=0.43..385.60 rows=97 width=125)
	  Index Cond: ((id >= 9322645) AND (id <= 9322745))

table 5 : explain SELECT id, c FROM sbtest5 WHERE id BETWEEN 9322645 AND 9322745
	Index Scan using sbtest5_pkey on sbtest5  (cost=0.43..400.81 rows=101 width=125)
	  Index Cond: ((id >= 9322645) AND (id <= 9322745))

table 6 : explain SELECT id, c FROM sbtest6 WHERE id BETWEEN 9322645 AND 9322745
	Index Scan using sbtest6_pkey on sbtest6  (cost=0.43..417.44 rows=105 width=125)
	  Index Cond: ((id >= 9322645) AND (id <= 9322745))

table 7 : explain SELECT id, c FROM sbtest7 WHERE id BETWEEN 9322645 AND 9322745
	Index Scan using sbtest7_pkey on sbtest7  (cost=0.43..370.20 rows=93 width=125)
	  Index Cond: ((id >= 9322645) AND (id <= 9322745))

table 8 : explain SELECT id, c FROM sbtest8 WHERE id BETWEEN 9322645 AND 9322745
	Index Scan using sbtest8_pkey on sbtest8  (cost=0.43..366.45 rows=92 width=125)
	  Index Cond: ((id >= 9322645) AND (id <= 9322745))

explain: for range-notcovered :: explain SELECT id, c FROM sbtest%d WHERE id BETWEEN 9322645 AND 9322745
for range-notcovered
table 1 : explain SELECT id, c FROM sbtest1 WHERE id BETWEEN 4690537 AND 4690637
	Index Scan using sbtest1_pkey on sbtest1  (cost=0.43..398.19 rows=100 width=125)
	  Index Cond: ((id >= 4690537) AND (id <= 4690637))

table 2 : explain SELECT id, c FROM sbtest2 WHERE id BETWEEN 4690537 AND 4690637
	Index Scan using sbtest2_pkey on sbtest2  (cost=0.43..379.28 rows=95 width=125)
	  Index Cond: ((id >= 4690537) AND (id <= 4690637))

table 3 : explain SELECT id, c FROM sbtest3 WHERE id BETWEEN 4690537 AND 4690637
	Index Scan using sbtest3_pkey on sbtest3  (cost=0.43..362.32 rows=91 width=125)
	  Index Cond: ((id >= 4690537) AND (id <= 4690637))

table 4 : explain SELECT id, c FROM sbtest4 WHERE id BETWEEN 4690537 AND 4690637
	Index Scan using sbtest4_pkey on sbtest4  (cost=0.43..362.01 rows=91 width=125)
	  Index Cond: ((id >= 4690537) AND (id <= 4690637))

table 5 : explain SELECT id, c FROM sbtest5 WHERE id BETWEEN 4690537 AND 4690637
	Index Scan using sbtest5_pkey on sbtest5  (cost=0.43..396.89 rows=100 width=125)
	  Index Cond: ((id >= 4690537) AND (id <= 4690637))

table 6 : explain SELECT id, c FROM sbtest6 WHERE id BETWEEN 4690537 AND 4690637
	Index Scan using sbtest6_pkey on sbtest6  (cost=0.43..382.05 rows=96 width=125)
	  Index Cond: ((id >= 4690537) AND (id <= 4690637))

table 7 : explain SELECT id, c FROM sbtest7 WHERE id BETWEEN 4690537 AND 4690637
	Index Scan using sbtest7_pkey on sbtest7  (cost=0.43..413.44 rows=104 width=125)
	  Index Cond: ((id >= 4690537) AND (id <= 4690637))

table 8 : explain SELECT id, c FROM sbtest8 WHERE id BETWEEN 4690537 AND 4690637
	Index Scan using sbtest8_pkey on sbtest8  (cost=0.43..386.11 rows=97 width=125)
	  Index Cond: ((id >= 4690537) AND (id <= 4690637))

explain: for range-notcovered :: explain SELECT id, c FROM sbtest%d WHERE id BETWEEN 3112729 AND 3112829
for range-notcovered
table 1 : explain SELECT id, c FROM sbtest1 WHERE id BETWEEN 2005106 AND 2005206
	Index Scan using sbtest1_pkey on sbtest1  (cost=0.43..406.06 rows=102 width=125)
	  Index Cond: ((id >= 2005106) AND (id <= 2005206))

table 2 : explain SELECT id, c FROM sbtest2 WHERE id BETWEEN 2005106 AND 2005206
	Index Scan using sbtest2_pkey on sbtest2  (cost=0.43..399.02 rows=100 width=125)
	  Index Cond: ((id >= 2005106) AND (id <= 2005206))

table 3 : explain SELECT id, c FROM sbtest3 WHERE id BETWEEN 2005106 AND 2005206
	Index Scan using sbtest3_pkey on sbtest3  (cost=0.43..381.98 rows=96 width=125)
	  Index Cond: ((id >= 2005106) AND (id <= 2005206))

table 4 : explain SELECT id, c FROM sbtest4 WHERE id BETWEEN 2005106 AND 2005206
	Index Scan using sbtest4_pkey on sbtest4  (cost=0.43..409.16 rows=103 width=125)
	  Index Cond: ((id >= 2005106) AND (id <= 2005206))

table 5 : explain SELECT id, c FROM sbtest5 WHERE id BETWEEN 2005106 AND 2005206
	Index Scan using sbtest5_pkey on sbtest5  (cost=0.43..428.27 rows=108 width=125)
	  Index Cond: ((id >= 2005106) AND (id <= 2005206))

table 6 : explain SELECT id, c FROM sbtest6 WHERE id BETWEEN 2005106 AND 2005206
	Index Scan using sbtest6_pkey on sbtest6  (cost=0.43..425.30 rows=107 width=125)
	  Index Cond: ((id >= 2005106) AND (id <= 2005206))

table 7 : explain SELECT id, c FROM sbtest7 WHERE id BETWEEN 2005106 AND 2005206
	Index Scan using sbtest7_pkey on sbtest7  (cost=0.43..421.31 rows=106 width=125)
	  Index Cond: ((id >= 2005106) AND (id <= 2005206))

table 8 : explain SELECT id, c FROM sbtest8 WHERE id BETWEEN 2005106 AND 2005206
	Index Scan using sbtest8_pkey on sbtest8  (cost=0.43..382.18 rows=96 width=125)
	  Index Cond: ((id >= 2005106) AND (id <= 2005206))

for range-notcovered
table 1 : explain SELECT id, c FROM sbtest1 WHERE id BETWEEN 4316732 AND 4316832
	Index Scan using sbtest1_pkey on sbtest1  (cost=0.43..362.75 rows=91 width=125)
	  Index Cond: ((id >= 4316732) AND (id <= 4316832))

table 2 : explain SELECT id, c FROM sbtest2 WHERE id BETWEEN 4316732 AND 4316832
	Index Scan using sbtest2_pkey on sbtest2  (cost=0.43..406.91 rows=102 width=125)
	  Index Cond: ((id >= 4316732) AND (id <= 4316832))

table 3 : explain SELECT id, c FROM sbtest3 WHERE id BETWEEN 4316732 AND 4316832
	Index Scan using sbtest3_pkey on sbtest3  (cost=0.43..401.63 rows=101 width=125)
	  Index Cond: ((id >= 4316732) AND (id <= 4316832))

table 4 : explain SELECT id, c FROM sbtest4 WHERE id BETWEEN 4316732 AND 4316832
	Index Scan using sbtest4_pkey on sbtest4  (cost=0.43..401.31 rows=101 width=125)
	  Index Cond: ((id >= 4316732) AND (id <= 4316832))

table 5 : explain SELECT id, c FROM sbtest5 WHERE id BETWEEN 4316732 AND 4316832
	Index Scan using sbtest5_pkey on sbtest5  (cost=0.43..381.17 rows=96 width=125)
	  Index Cond: ((id >= 4316732) AND (id <= 4316832))

table 6 : explain SELECT id, c FROM sbtest6 WHERE id BETWEEN 4316732 AND 4316832
	Index Scan using sbtest6_pkey on sbtest6  (cost=0.43..366.30 rows=92 width=125)
	  Index Cond: ((id >= 4316732) AND (id <= 4316832))

table 7 : explain SELECT id, c FROM sbtest7 WHERE id BETWEEN 4316732 AND 4316832
	Index Scan using sbtest7_pkey on sbtest7  (cost=0.43..370.20 rows=93 width=125)
	  Index Cond: ((id >= 4316732) AND (id <= 4316832))

table 8 : explain SELECT id, c FROM sbtest8 WHERE id BETWEEN 4316732 AND 4316832
	Index Scan using sbtest8_pkey on sbtest8  (cost=0.43..394.00 rows=99 width=125)
	  Index Cond: ((id >= 4316732) AND (id <= 4316832))

explain: for range-notcovered :: explain SELECT id, c FROM sbtest%d WHERE id BETWEEN 2005106 AND 2005206
explain: for range-notcovered :: explain SELECT id, c FROM sbtest%d WHERE id BETWEEN 4316732 AND 4316832
for range-notcovered
table 1 : explain SELECT id, c FROM sbtest1 WHERE id BETWEEN 5369853 AND 5369953
	Index Scan using sbtest1_pkey on sbtest1  (cost=0.43..410.00 rows=103 width=125)
	  Index Cond: ((id >= 5369853) AND (id <= 5369953))

table 2 : explain SELECT id, c FROM sbtest2 WHERE id BETWEEN 5369853 AND 5369953
	Index Scan using sbtest2_pkey on sbtest2  (cost=0.43..410.85 rows=103 width=125)
	  Index Cond: ((id >= 5369853) AND (id <= 5369953))

table 3 : explain SELECT id, c FROM sbtest3 WHERE id BETWEEN 5369853 AND 5369953
	Index Scan using sbtest3_pkey on sbtest3  (cost=0.43..444.87 rows=112 width=125)
	  Index Cond: ((id >= 5369853) AND (id <= 5369953))

table 4 : explain SELECT id, c FROM sbtest4 WHERE id BETWEEN 5369853 AND 5369953
	Index Scan using sbtest4_pkey on sbtest4  (cost=0.43..420.95 rows=106 width=125)
	  Index Cond: ((id >= 5369853) AND (id <= 5369953))

table 5 : explain SELECT id, c FROM sbtest5 WHERE id BETWEEN 5369853 AND 5369953
	Index Scan using sbtest5_pkey on sbtest5  (cost=0.43..443.96 rows=112 width=125)
	  Index Cond: ((id >= 5369853) AND (id <= 5369953))

table 6 : explain SELECT id, c FROM sbtest6 WHERE id BETWEEN 5369853 AND 5369953
	Index Scan using sbtest6_pkey on sbtest6  (cost=0.43..429.24 rows=108 width=125)
	  Index Cond: ((id >= 5369853) AND (id <= 5369953))

table 7 : explain SELECT id, c FROM sbtest7 WHERE id BETWEEN 5369853 AND 5369953
	Index Scan using sbtest7_pkey on sbtest7  (cost=0.43..374.13 rows=94 width=125)
	  Index Cond: ((id >= 5369853) AND (id <= 5369953))

table 8 : explain SELECT id, c FROM sbtest8 WHERE id BETWEEN 5369853 AND 5369953
	Index Scan using sbtest8_pkey on sbtest8  (cost=0.43..405.80 rows=102 width=125)
	  Index Cond: ((id >= 5369853) AND (id <= 5369953))

explain: for range-notcovered :: explain SELECT id, c FROM sbtest%d WHERE id BETWEEN 5369853 AND 5369953
for range-notcovered
table 1 : explain SELECT id, c FROM sbtest1 WHERE id BETWEEN 3495257 AND 3495357
	Index Scan using sbtest1_pkey on sbtest1  (cost=0.43..413.94 rows=104 width=125)
	  Index Cond: ((id >= 3495257) AND (id <= 3495357))

table 2 : explain SELECT id, c FROM sbtest2 WHERE id BETWEEN 3495257 AND 3495357
	Index Scan using sbtest2_pkey on sbtest2  (cost=0.43..450.30 rows=113 width=125)
	  Index Cond: ((id >= 3495257) AND (id <= 3495357))

table 3 : explain SELECT id, c FROM sbtest3 WHERE id BETWEEN 3495257 AND 3495357
	Index Scan using sbtest3_pkey on sbtest3  (cost=0.43..417.35 rows=105 width=125)
	  Index Cond: ((id >= 3495257) AND (id <= 3495357))

table 4 : explain SELECT id, c FROM sbtest4 WHERE id BETWEEN 3495257 AND 3495357
	Index Scan using sbtest4_pkey on sbtest4  (cost=0.43..468.08 rows=118 width=125)
	  Index Cond: ((id >= 3495257) AND (id <= 3495357))

table 5 : explain SELECT id, c FROM sbtest5 WHERE id BETWEEN 3495257 AND 3495357
	Index Scan using sbtest5_pkey on sbtest5  (cost=0.43..396.89 rows=100 width=125)
	  Index Cond: ((id >= 3495257) AND (id <= 3495357))

table 6 : explain SELECT id, c FROM sbtest6 WHERE id BETWEEN 3495257 AND 3495357
	Index Scan using sbtest6_pkey on sbtest6  (cost=0.43..433.17 rows=109 width=125)
	  Index Cond: ((id >= 3495257) AND (id <= 3495357))

table 7 : explain SELECT id, c FROM sbtest7 WHERE id BETWEEN 3495257 AND 3495357
	Index Scan using sbtest7_pkey on sbtest7  (cost=0.43..413.44 rows=104 width=125)
	  Index Cond: ((id >= 3495257) AND (id <= 3495357))

table 8 : explain SELECT id, c FROM sbtest8 WHERE id BETWEEN 3495257 AND 3495357
	Index Scan using sbtest8_pkey on sbtest8  (cost=0.43..425.47 rows=107 width=125)
	  Index Cond: ((id >= 3495257) AND (id <= 3495357))

explain: for range-notcovered :: explain SELECT id, c FROM sbtest%d WHERE id BETWEEN 3495257 AND 3495357
for range-notcovered
table 1 : explain SELECT id, c FROM sbtest1 WHERE id BETWEEN 9322645 AND 9322745
	Index Scan using sbtest1_pkey on sbtest1  (cost=0.43..362.75 rows=91 width=125)
	  Index Cond: ((id >= 9322645) AND (id <= 9322745))

table 2 : explain SELECT id, c FROM sbtest2 WHERE id BETWEEN 9322645 AND 9322745
	Index Scan using sbtest2_pkey on sbtest2  (cost=0.43..454.24 rows=114 width=125)
	  Index Cond: ((id >= 9322645) AND (id <= 9322745))

table 3 : explain SELECT id, c FROM sbtest3 WHERE id BETWEEN 9322645 AND 9322745
	Index Scan using sbtest3_pkey on sbtest3  (cost=0.43..370.18 rows=93 width=125)
	  Index Cond: ((id >= 9322645) AND (id <= 9322745))

table 4 : explain SELECT id, c FROM sbtest4 WHERE id BETWEEN 9322645 AND 9322745
	Index Scan using sbtest4_pkey on sbtest4  (cost=0.43..385.60 rows=97 width=125)
	  Index Cond: ((id >= 9322645) AND (id <= 9322745))

table 5 : explain SELECT id, c FROM sbtest5 WHERE id BETWEEN 9322645 AND 9322745
	Index Scan using sbtest5_pkey on sbtest5  (cost=0.43..400.81 rows=101 width=125)
	  Index Cond: ((id >= 9322645) AND (id <= 9322745))

table 6 : explain SELECT id, c FROM sbtest6 WHERE id BETWEEN 9322645 AND 9322745
	Index Scan using sbtest6_pkey on sbtest6  (cost=0.43..417.44 rows=105 width=125)
	  Index Cond: ((id >= 9322645) AND (id <= 9322745))

table 7 : explain SELECT id, c FROM sbtest7 WHERE id BETWEEN 9322645 AND 9322745
	Index Scan using sbtest7_pkey on sbtest7  (cost=0.43..370.20 rows=93 width=125)
	  Index Cond: ((id >= 9322645) AND (id <= 9322745))

table 8 : explain SELECT id, c FROM sbtest8 WHERE id BETWEEN 9322645 AND 9322745
	Index Scan using sbtest8_pkey on sbtest8  (cost=0.43..366.45 rows=92 width=125)
	  Index Cond: ((id >= 9322645) AND (id <= 9322745))

for range-notcovered
table 1 : explain SELECT id, c FROM sbtest1 WHERE id BETWEEN 2005106 AND 2005206
	Index Scan using sbtest1_pkey on sbtest1  (cost=0.43..406.06 rows=102 width=125)
	  Index Cond: ((id >= 2005106) AND (id <= 2005206))

table 2 : explain SELECT id, c FROM sbtest2 WHERE id BETWEEN 2005106 AND 2005206
	Index Scan using sbtest2_pkey on sbtest2  (cost=0.43..399.02 rows=100 width=125)
	  Index Cond: ((id >= 2005106) AND (id <= 2005206))

table 3 : explain SELECT id, c FROM sbtest3 WHERE id BETWEEN 2005106 AND 2005206
	Index Scan using sbtest3_pkey on sbtest3  (cost=0.43..381.98 rows=96 width=125)
	  Index Cond: ((id >= 2005106) AND (id <= 2005206))

table 4 : explain SELECT id, c FROM sbtest4 WHERE id BETWEEN 2005106 AND 2005206
	Index Scan using sbtest4_pkey on sbtest4  (cost=0.43..409.16 rows=103 width=125)
	  Index Cond: ((id >= 2005106) AND (id <= 2005206))

table 5 : explain SELECT id, c FROM sbtest5 WHERE id BETWEEN 2005106 AND 2005206
	Index Scan using sbtest5_pkey on sbtest5  (cost=0.43..428.27 rows=108 width=125)
	  Index Cond: ((id >= 2005106) AND (id <= 2005206))

table 6 : explain SELECT id, c FROM sbtest6 WHERE id BETWEEN 2005106 AND 2005206
	Index Scan using sbtest6_pkey on sbtest6  (cost=0.43..425.30 rows=107 width=125)
	  Index Cond: ((id >= 2005106) AND (id <= 2005206))

table 7 : explain SELECT id, c FROM sbtest7 WHERE id BETWEEN 2005106 AND 2005206
	Index Scan using sbtest7_pkey on sbtest7  (cost=0.43..421.31 rows=106 width=125)
	  Index Cond: ((id >= 2005106) AND (id <= 2005206))

table 8 : explain SELECT id, c FROM sbtest8 WHERE id BETWEEN 2005106 AND 2005206
	Index Scan using sbtest8_pkey on sbtest8  (cost=0.43..382.18 rows=96 width=125)
	  Index Cond: ((id >= 2005106) AND (id <= 2005206))

explain: for range-notcovered :: explain SELECT id, c FROM sbtest%d WHERE id BETWEEN 2005106 AND 2005206
for range-notcovered
table 1 : explain SELECT id, c FROM sbtest1 WHERE id BETWEEN 4316732 AND 4316832
	Index Scan using sbtest1_pkey on sbtest1  (cost=0.43..362.75 rows=91 width=125)
	  Index Cond: ((id >= 4316732) AND (id <= 4316832))

table 2 : explain SELECT id, c FROM sbtest2 WHERE id BETWEEN 4316732 AND 4316832
	Index Scan using sbtest2_pkey on sbtest2  (cost=0.43..406.91 rows=102 width=125)
	  Index Cond: ((id >= 4316732) AND (id <= 4316832))

table 3 : explain SELECT id, c FROM sbtest3 WHERE id BETWEEN 4316732 AND 4316832
	Index Scan using sbtest3_pkey on sbtest3  (cost=0.43..401.63 rows=101 width=125)
	  Index Cond: ((id >= 4316732) AND (id <= 4316832))

table 4 : explain SELECT id, c FROM sbtest4 WHERE id BETWEEN 4316732 AND 4316832
	Index Scan using sbtest4_pkey on sbtest4  (cost=0.43..401.31 rows=101 width=125)
	  Index Cond: ((id >= 4316732) AND (id <= 4316832))

table 5 : explain SELECT id, c FROM sbtest5 WHERE id BETWEEN 4316732 AND 4316832
	Index Scan using sbtest5_pkey on sbtest5  (cost=0.43..381.17 rows=96 width=125)
	  Index Cond: ((id >= 4316732) AND (id <= 4316832))

table 6 : explain SELECT id, c FROM sbtest6 WHERE id BETWEEN 4316732 AND 4316832
	Index Scan using sbtest6_pkey on sbtest6  (cost=0.43..366.30 rows=92 width=125)
	  Index Cond: ((id >= 4316732) AND (id <= 4316832))

table 7 : explain SELECT id, c FROM sbtest7 WHERE id BETWEEN 4316732 AND 4316832
	Index Scan using sbtest7_pkey on sbtest7  (cost=0.43..370.20 rows=93 width=125)
	  Index Cond: ((id >= 4316732) AND (id <= 4316832))

table 8 : explain SELECT id, c FROM sbtest8 WHERE id BETWEEN 4316732 AND 4316832
	Index Scan using sbtest8_pkey on sbtest8  (cost=0.43..394.00 rows=99 width=125)
	  Index Cond: ((id >= 4316732) AND (id <= 4316832))

for range-notcovered
table 1 : explain SELECT id, c FROM sbtest1 WHERE id BETWEEN 5369853 AND 5369953
	Index Scan using sbtest1_pkey on sbtest1  (cost=0.43..410.00 rows=103 width=125)
	  Index Cond: ((id >= 5369853) AND (id <= 5369953))

table 2 : explain SELECT id, c FROM sbtest2 WHERE id BETWEEN 5369853 AND 5369953
	Index Scan using sbtest2_pkey on sbtest2  (cost=0.43..410.85 rows=103 width=125)
	  Index Cond: ((id >= 5369853) AND (id <= 5369953))

table 3 : explain SELECT id, c FROM sbtest3 WHERE id BETWEEN 5369853 AND 5369953
	Index Scan using sbtest3_pkey on sbtest3  (cost=0.43..444.87 rows=112 width=125)
	  Index Cond: ((id >= 5369853) AND (id <= 5369953))

table 4 : explain SELECT id, c FROM sbtest4 WHERE id BETWEEN 5369853 AND 5369953
	Index Scan using sbtest4_pkey on sbtest4  (cost=0.43..420.95 rows=106 width=125)
	  Index Cond: ((id >= 5369853) AND (id <= 5369953))

table 5 : explain SELECT id, c FROM sbtest5 WHERE id BETWEEN 5369853 AND 5369953
	Index Scan using sbtest5_pkey on sbtest5  (cost=0.43..443.96 rows=112 width=125)
	  Index Cond: ((id >= 5369853) AND (id <= 5369953))

table 6 : explain SELECT id, c FROM sbtest6 WHERE id BETWEEN 5369853 AND 5369953
	Index Scan using sbtest6_pkey on sbtest6  (cost=0.43..429.24 rows=108 width=125)
	  Index Cond: ((id >= 5369853) AND (id <= 5369953))

table 7 : explain SELECT id, c FROM sbtest7 WHERE id BETWEEN 5369853 AND 5369953
	Index Scan using sbtest7_pkey on sbtest7  (cost=0.43..374.13 rows=94 width=125)
	  Index Cond: ((id >= 5369853) AND (id <= 5369953))

table 8 : explain SELECT id, c FROM sbtest8 WHERE id BETWEEN 5369853 AND 5369953
	Index Scan using sbtest8_pkey on sbtest8  (cost=0.43..405.80 rows=102 width=125)
	  Index Cond: ((id >= 5369853) AND (id <= 5369953))

explain: for range-notcovered :: explain SELECT id, c FROM sbtest%d WHERE id BETWEEN 4316732 AND 4316832
explain: for range-notcovered :: explain SELECT id, c FROM sbtest%d WHERE id BETWEEN 4690537 AND 4690637
explain: for range-notcovered :: explain SELECT id, c FROM sbtest%d WHERE id BETWEEN 5369853 AND 5369953
for range-notcovered
table 1 : explain SELECT id, c FROM sbtest1 WHERE id BETWEEN 5988264 AND 5988364
	Index Scan using sbtest1_pkey on sbtest1  (cost=0.43..402.13 rows=101 width=125)
	  Index Cond: ((id >= 5988264) AND (id <= 5988364))

table 2 : explain SELECT id, c FROM sbtest2 WHERE id BETWEEN 5988264 AND 5988364
	Index Scan using sbtest2_pkey on sbtest2  (cost=0.43..355.61 rows=89 width=125)
	  Index Cond: ((id >= 5988264) AND (id <= 5988364))

table 3 : explain SELECT id, c FROM sbtest3 WHERE id BETWEEN 5988264 AND 5988364
	Index Scan using sbtest3_pkey on sbtest3  (cost=0.43..413.42 rows=104 width=125)
	  Index Cond: ((id >= 5988264) AND (id <= 5988364))

table 4 : explain SELECT id, c FROM sbtest4 WHERE id BETWEEN 5988264 AND 5988364
	Index Scan using sbtest4_pkey on sbtest4  (cost=0.43..381.67 rows=96 width=125)
	  Index Cond: ((id >= 5988264) AND (id <= 5988364))

table 5 : explain SELECT id, c FROM sbtest5 WHERE id BETWEEN 5988264 AND 5988364
	Index Scan using sbtest5_pkey on sbtest5  (cost=0.43..412.58 rows=104 width=125)
	  Index Cond: ((id >= 5988264) AND (id <= 5988364))

table 6 : explain SELECT id, c FROM sbtest6 WHERE id BETWEEN 5988264 AND 5988364
	Index Scan using sbtest6_pkey on sbtest6  (cost=0.43..417.44 rows=105 width=125)
	  Index Cond: ((id >= 5988264) AND (id <= 5988364))

table 7 : explain SELECT id, c FROM sbtest7 WHERE id BETWEEN 5988264 AND 5988364
	Index Scan using sbtest7_pkey on sbtest7  (cost=0.43..393.79 rows=99 width=125)
	  Index Cond: ((id >= 5988264) AND (id <= 5988364))

table 8 : explain SELECT id, c FROM sbtest8 WHERE id BETWEEN 5988264 AND 5988364
	Index Scan using sbtest8_pkey on sbtest8  (cost=0.43..382.18 rows=96 width=125)
	  Index Cond: ((id >= 5988264) AND (id <= 5988364))

for range-notcovered
table 1 : explain SELECT id, c FROM sbtest1 WHERE id BETWEEN 4183242 AND 4183342
	Index Scan using sbtest1_pkey on sbtest1  (cost=0.43..413.94 rows=104 width=125)
	  Index Cond: ((id >= 4183242) AND (id <= 4183342))

table 2 : explain SELECT id, c FROM sbtest2 WHERE id BETWEEN 4183242 AND 4183342
	Index Scan using sbtest2_pkey on sbtest2  (cost=0.43..379.28 rows=95 width=125)
	  Index Cond: ((id >= 4183242) AND (id <= 4183342))

table 3 : explain SELECT id, c FROM sbtest3 WHERE id BETWEEN 4183242 AND 4183342
	Index Scan using sbtest3_pkey on sbtest3  (cost=0.43..417.35 rows=105 width=125)
	  Index Cond: ((id >= 4183242) AND (id <= 4183342))

table 4 : explain SELECT id, c FROM sbtest4 WHERE id BETWEEN 4183242 AND 4183342
	Index Scan using sbtest4_pkey on sbtest4  (cost=0.43..413.09 rows=104 width=125)
	  Index Cond: ((id >= 4183242) AND (id <= 4183342))

table 5 : explain SELECT id, c FROM sbtest5 WHERE id BETWEEN 4183242 AND 4183342
	Index Scan using sbtest5_pkey on sbtest5  (cost=0.43..404.74 rows=102 width=125)
	  Index Cond: ((id >= 4183242) AND (id <= 4183342))

table 6 : explain SELECT id, c FROM sbtest6 WHERE id BETWEEN 4183242 AND 4183342
	Index Scan using sbtest6_pkey on sbtest6  (cost=0.43..382.05 rows=96 width=125)
	  Index Cond: ((id >= 4183242) AND (id <= 4183342))

table 7 : explain SELECT id, c FROM sbtest7 WHERE id BETWEEN 4183242 AND 4183342
	Index Scan using sbtest7_pkey on sbtest7  (cost=0.43..429.17 rows=108 width=125)
	  Index Cond: ((id >= 4183242) AND (id <= 4183342))

table 8 : explain SELECT id, c FROM sbtest8 WHERE id BETWEEN 4183242 AND 4183342
	Index Scan using sbtest8_pkey on sbtest8  (cost=0.43..409.74 rows=103 width=125)
	  Index Cond: ((id >= 4183242) AND (id <= 4183342))

explain: for range-notcovered :: explain SELECT id, c FROM sbtest%d WHERE id BETWEEN 5988264 AND 5988364
for range-notcovered
table 1 : explain SELECT id, c FROM sbtest1 WHERE id BETWEEN 3495257 AND 3495357
	Index Scan using sbtest1_pkey on sbtest1  (cost=0.43..413.94 rows=104 width=125)
	  Index Cond: ((id >= 3495257) AND (id <= 3495357))

table 2 : explain SELECT id, c FROM sbtest2 WHERE id BETWEEN 3495257 AND 3495357
	Index Scan using sbtest2_pkey on sbtest2  (cost=0.43..450.30 rows=113 width=125)
	  Index Cond: ((id >= 3495257) AND (id <= 3495357))

table 3 : explain SELECT id, c FROM sbtest3 WHERE id BETWEEN 3495257 AND 3495357
	Index Scan using sbtest3_pkey on sbtest3  (cost=0.43..417.35 rows=105 width=125)
	  Index Cond: ((id >= 3495257) AND (id <= 3495357))

table 4 : explain SELECT id, c FROM sbtest4 WHERE id BETWEEN 3495257 AND 3495357
	Index Scan using sbtest4_pkey on sbtest4  (cost=0.43..468.08 rows=118 width=125)
	  Index Cond: ((id >= 3495257) AND (id <= 3495357))

table 5 : explain SELECT id, c FROM sbtest5 WHERE id BETWEEN 3495257 AND 3495357
	Index Scan using sbtest5_pkey on sbtest5  (cost=0.43..396.89 rows=100 width=125)
	  Index Cond: ((id >= 3495257) AND (id <= 3495357))

table 6 : explain SELECT id, c FROM sbtest6 WHERE id BETWEEN 3495257 AND 3495357
	Index Scan using sbtest6_pkey on sbtest6  (cost=0.43..433.17 rows=109 width=125)
	  Index Cond: ((id >= 3495257) AND (id <= 3495357))

table 7 : explain SELECT id, c FROM sbtest7 WHERE id BETWEEN 3495257 AND 3495357
	Index Scan using sbtest7_pkey on sbtest7  (cost=0.43..413.44 rows=104 width=125)
	  Index Cond: ((id >= 3495257) AND (id <= 3495357))

table 8 : explain SELECT id, c FROM sbtest8 WHERE id BETWEEN 3495257 AND 3495357
	Index Scan using sbtest8_pkey on sbtest8  (cost=0.43..425.47 rows=107 width=125)
	  Index Cond: ((id >= 3495257) AND (id <= 3495357))

explain: for range-notcovered :: explain SELECT id, c FROM sbtest%d WHERE id BETWEEN 3495257 AND 3495357
explain: for range-notcovered :: explain SELECT id, c FROM sbtest%d WHERE id BETWEEN 4183242 AND 4183342
for range-notcovered
table 1 : explain SELECT id, c FROM sbtest1 WHERE id BETWEEN 2005106 AND 2005206
	Index Scan using sbtest1_pkey on sbtest1  (cost=0.43..406.06 rows=102 width=125)
	  Index Cond: ((id >= 2005106) AND (id <= 2005206))

table 2 : explain SELECT id, c FROM sbtest2 WHERE id BETWEEN 2005106 AND 2005206
	Index Scan using sbtest2_pkey on sbtest2  (cost=0.43..399.02 rows=100 width=125)
	  Index Cond: ((id >= 2005106) AND (id <= 2005206))

table 3 : explain SELECT id, c FROM sbtest3 WHERE id BETWEEN 2005106 AND 2005206
	Index Scan using sbtest3_pkey on sbtest3  (cost=0.43..381.98 rows=96 width=125)
	  Index Cond: ((id >= 2005106) AND (id <= 2005206))

table 4 : explain SELECT id, c FROM sbtest4 WHERE id BETWEEN 2005106 AND 2005206
	Index Scan using sbtest4_pkey on sbtest4  (cost=0.43..409.16 rows=103 width=125)
	  Index Cond: ((id >= 2005106) AND (id <= 2005206))

table 5 : explain SELECT id, c FROM sbtest5 WHERE id BETWEEN 2005106 AND 2005206
	Index Scan using sbtest5_pkey on sbtest5  (cost=0.43..428.27 rows=108 width=125)
	  Index Cond: ((id >= 2005106) AND (id <= 2005206))

table 6 : explain SELECT id, c FROM sbtest6 WHERE id BETWEEN 2005106 AND 2005206
	Index Scan using sbtest6_pkey on sbtest6  (cost=0.43..425.30 rows=107 width=125)
	  Index Cond: ((id >= 2005106) AND (id <= 2005206))

table 7 : explain SELECT id, c FROM sbtest7 WHERE id BETWEEN 2005106 AND 2005206
	Index Scan using sbtest7_pkey on sbtest7  (cost=0.43..421.31 rows=106 width=125)
	  Index Cond: ((id >= 2005106) AND (id <= 2005206))

table 8 : explain SELECT id, c FROM sbtest8 WHERE id BETWEEN 2005106 AND 2005206
	Index Scan using sbtest8_pkey on sbtest8  (cost=0.43..382.18 rows=96 width=125)
	  Index Cond: ((id >= 2005106) AND (id <= 2005206))

explain: for range-notcovered :: explain SELECT id, c FROM sbtest%d WHERE id BETWEEN 2005106 AND 2005206
for range-notcovered
table 1 : explain SELECT id, c FROM sbtest1 WHERE id BETWEEN 4316732 AND 4316832
	Index Scan using sbtest1_pkey on sbtest1  (cost=0.43..362.75 rows=91 width=125)
	  Index Cond: ((id >= 4316732) AND (id <= 4316832))

table 2 : explain SELECT id, c FROM sbtest2 WHERE id BETWEEN 4316732 AND 4316832
	Index Scan using sbtest2_pkey on sbtest2  (cost=0.43..406.91 rows=102 width=125)
	  Index Cond: ((id >= 4316732) AND (id <= 4316832))

table 3 : explain SELECT id, c FROM sbtest3 WHERE id BETWEEN 4316732 AND 4316832
	Index Scan using sbtest3_pkey on sbtest3  (cost=0.43..401.63 rows=101 width=125)
	  Index Cond: ((id >= 4316732) AND (id <= 4316832))

table 4 : explain SELECT id, c FROM sbtest4 WHERE id BETWEEN 4316732 AND 4316832
	Index Scan using sbtest4_pkey on sbtest4  (cost=0.43..401.31 rows=101 width=125)
	  Index Cond: ((id >= 4316732) AND (id <= 4316832))

table 5 : explain SELECT id, c FROM sbtest5 WHERE id BETWEEN 4316732 AND 4316832
	Index Scan using sbtest5_pkey on sbtest5  (cost=0.43..381.17 rows=96 width=125)
	  Index Cond: ((id >= 4316732) AND (id <= 4316832))

table 6 : explain SELECT id, c FROM sbtest6 WHERE id BETWEEN 4316732 AND 4316832
	Index Scan using sbtest6_pkey on sbtest6  (cost=0.43..366.30 rows=92 width=125)
	  Index Cond: ((id >= 4316732) AND (id <= 4316832))

table 7 : explain SELECT id, c FROM sbtest7 WHERE id BETWEEN 4316732 AND 4316832
	Index Scan using sbtest7_pkey on sbtest7  (cost=0.43..370.20 rows=93 width=125)
	  Index Cond: ((id >= 4316732) AND (id <= 4316832))

table 8 : explain SELECT id, c FROM sbtest8 WHERE id BETWEEN 4316732 AND 4316832
	Index Scan using sbtest8_pkey on sbtest8  (cost=0.43..394.00 rows=99 width=125)
	  Index Cond: ((id >= 4316732) AND (id <= 4316832))

explain: for range-notcovered :: explain SELECT id, c FROM sbtest%d WHERE id BETWEEN 4316732 AND 4316832
for range-notcovered
table 1 : explain SELECT id, c FROM sbtest1 WHERE id BETWEEN 4690537 AND 4690637
	Index Scan using sbtest1_pkey on sbtest1  (cost=0.43..398.19 rows=100 width=125)
	  Index Cond: ((id >= 4690537) AND (id <= 4690637))

table 2 : explain SELECT id, c FROM sbtest2 WHERE id BETWEEN 4690537 AND 4690637
	Index Scan using sbtest2_pkey on sbtest2  (cost=0.43..379.28 rows=95 width=125)
	  Index Cond: ((id >= 4690537) AND (id <= 4690637))

table 3 : explain SELECT id, c FROM sbtest3 WHERE id BETWEEN 4690537 AND 4690637
	Index Scan using sbtest3_pkey on sbtest3  (cost=0.43..362.32 rows=91 width=125)
	  Index Cond: ((id >= 4690537) AND (id <= 4690637))

table 4 : explain SELECT id, c FROM sbtest4 WHERE id BETWEEN 4690537 AND 4690637
	Index Scan using sbtest4_pkey on sbtest4  (cost=0.43..362.01 rows=91 width=125)
	  Index Cond: ((id >= 4690537) AND (id <= 4690637))

table 5 : explain SELECT id, c FROM sbtest5 WHERE id BETWEEN 4690537 AND 4690637
	Index Scan using sbtest5_pkey on sbtest5  (cost=0.43..396.89 rows=100 width=125)
	  Index Cond: ((id >= 4690537) AND (id <= 4690637))

table 6 : explain SELECT id, c FROM sbtest6 WHERE id BETWEEN 4690537 AND 4690637
	Index Scan using sbtest6_pkey on sbtest6  (cost=0.43..382.05 rows=96 width=125)
	  Index Cond: ((id >= 4690537) AND (id <= 4690637))

table 7 : explain SELECT id, c FROM sbtest7 WHERE id BETWEEN 4690537 AND 4690637
	Index Scan using sbtest7_pkey on sbtest7  (cost=0.43..413.44 rows=104 width=125)
	  Index Cond: ((id >= 4690537) AND (id <= 4690637))

table 8 : explain SELECT id, c FROM sbtest8 WHERE id BETWEEN 4690537 AND 4690637
	Index Scan using sbtest8_pkey on sbtest8  (cost=0.43..386.11 rows=97 width=125)
	  Index Cond: ((id >= 4690537) AND (id <= 4690637))

for range-notcovered
table 1 : explain SELECT id, c FROM sbtest1 WHERE id BETWEEN 5369853 AND 5369953
	Index Scan using sbtest1_pkey on sbtest1  (cost=0.43..410.00 rows=103 width=125)
	  Index Cond: ((id >= 5369853) AND (id <= 5369953))

table 2 : explain SELECT id, c FROM sbtest2 WHERE id BETWEEN 5369853 AND 5369953
	Index Scan using sbtest2_pkey on sbtest2  (cost=0.43..410.85 rows=103 width=125)
	  Index Cond: ((id >= 5369853) AND (id <= 5369953))

table 3 : explain SELECT id, c FROM sbtest3 WHERE id BETWEEN 5369853 AND 5369953
	Index Scan using sbtest3_pkey on sbtest3  (cost=0.43..444.87 rows=112 width=125)
	  Index Cond: ((id >= 5369853) AND (id <= 5369953))

table 4 : explain SELECT id, c FROM sbtest4 WHERE id BETWEEN 5369853 AND 5369953
	Index Scan using sbtest4_pkey on sbtest4  (cost=0.43..420.95 rows=106 width=125)
	  Index Cond: ((id >= 5369853) AND (id <= 5369953))

table 5 : explain SELECT id, c FROM sbtest5 WHERE id BETWEEN 5369853 AND 5369953
	Index Scan using sbtest5_pkey on sbtest5  (cost=0.43..443.96 rows=112 width=125)
	  Index Cond: ((id >= 5369853) AND (id <= 5369953))

table 6 : explain SELECT id, c FROM sbtest6 WHERE id BETWEEN 5369853 AND 5369953
	Index Scan using sbtest6_pkey on sbtest6  (cost=0.43..429.24 rows=108 width=125)
	  Index Cond: ((id >= 5369853) AND (id <= 5369953))

table 7 : explain SELECT id, c FROM sbtest7 WHERE id BETWEEN 5369853 AND 5369953
	Index Scan using sbtest7_pkey on sbtest7  (cost=0.43..374.13 rows=94 width=125)
	  Index Cond: ((id >= 5369853) AND (id <= 5369953))

table 8 : explain SELECT id, c FROM sbtest8 WHERE id BETWEEN 5369853 AND 5369953
	Index Scan using sbtest8_pkey on sbtest8  (cost=0.43..405.80 rows=102 width=125)
	  Index Cond: ((id >= 5369853) AND (id <= 5369953))

explain: for range-notcovered :: explain SELECT id, c FROM sbtest%d WHERE id BETWEEN 5675989 AND 5676089
for range-notcovered
table 1 : explain SELECT id, c FROM sbtest1 WHERE id BETWEEN 5988264 AND 5988364
	Index Scan using sbtest1_pkey on sbtest1  (cost=0.43..402.13 rows=101 width=125)
	  Index Cond: ((id >= 5988264) AND (id <= 5988364))

table 2 : explain SELECT id, c FROM sbtest2 WHERE id BETWEEN 5988264 AND 5988364
	Index Scan using sbtest2_pkey on sbtest2  (cost=0.43..355.61 rows=89 width=125)
	  Index Cond: ((id >= 5988264) AND (id <= 5988364))

table 3 : explain SELECT id, c FROM sbtest3 WHERE id BETWEEN 5988264 AND 5988364
	Index Scan using sbtest3_pkey on sbtest3  (cost=0.43..413.42 rows=104 width=125)
	  Index Cond: ((id >= 5988264) AND (id <= 5988364))

table 4 : explain SELECT id, c FROM sbtest4 WHERE id BETWEEN 5988264 AND 5988364
	Index Scan using sbtest4_pkey on sbtest4  (cost=0.43..381.67 rows=96 width=125)
	  Index Cond: ((id >= 5988264) AND (id <= 5988364))

table 5 : explain SELECT id, c FROM sbtest5 WHERE id BETWEEN 5988264 AND 5988364
	Index Scan using sbtest5_pkey on sbtest5  (cost=0.43..412.58 rows=104 width=125)
	  Index Cond: ((id >= 5988264) AND (id <= 5988364))

table 6 : explain SELECT id, c FROM sbtest6 WHERE id BETWEEN 5988264 AND 5988364
	Index Scan using sbtest6_pkey on sbtest6  (cost=0.43..417.44 rows=105 width=125)
	  Index Cond: ((id >= 5988264) AND (id <= 5988364))

table 7 : explain SELECT id, c FROM sbtest7 WHERE id BETWEEN 5988264 AND 5988364
	Index Scan using sbtest7_pkey on sbtest7  (cost=0.43..393.79 rows=99 width=125)
	  Index Cond: ((id >= 5988264) AND (id <= 5988364))

table 8 : explain SELECT id, c FROM sbtest8 WHERE id BETWEEN 5988264 AND 5988364
	Index Scan using sbtest8_pkey on sbtest8  (cost=0.43..382.18 rows=96 width=125)
	  Index Cond: ((id >= 5988264) AND (id <= 5988364))

explain: for range-notcovered :: explain SELECT id, c FROM sbtest%d WHERE id BETWEEN 3798525 AND 3798625
for range-notcovered
table 1 : explain SELECT id, c FROM sbtest1 WHERE id BETWEEN 3495257 AND 3495357
	Index Scan using sbtest1_pkey on sbtest1  (cost=0.43..413.94 rows=104 width=125)
	  Index Cond: ((id >= 3495257) AND (id <= 3495357))

table 2 : explain SELECT id, c FROM sbtest2 WHERE id BETWEEN 3495257 AND 3495357
	Index Scan using sbtest2_pkey on sbtest2  (cost=0.43..450.30 rows=113 width=125)
	  Index Cond: ((id >= 3495257) AND (id <= 3495357))

table 3 : explain SELECT id, c FROM sbtest3 WHERE id BETWEEN 3495257 AND 3495357
	Index Scan using sbtest3_pkey on sbtest3  (cost=0.43..417.35 rows=105 width=125)
	  Index Cond: ((id >= 3495257) AND (id <= 3495357))

table 4 : explain SELECT id, c FROM sbtest4 WHERE id BETWEEN 3495257 AND 3495357
	Index Scan using sbtest4_pkey on sbtest4  (cost=0.43..468.08 rows=118 width=125)
	  Index Cond: ((id >= 3495257) AND (id <= 3495357))

table 5 : explain SELECT id, c FROM sbtest5 WHERE id BETWEEN 3495257 AND 3495357
	Index Scan using sbtest5_pkey on sbtest5  (cost=0.43..396.89 rows=100 width=125)
	  Index Cond: ((id >= 3495257) AND (id <= 3495357))

table 6 : explain SELECT id, c FROM sbtest6 WHERE id BETWEEN 3495257 AND 3495357
	Index Scan using sbtest6_pkey on sbtest6  (cost=0.43..433.17 rows=109 width=125)
	  Index Cond: ((id >= 3495257) AND (id <= 3495357))

table 7 : explain SELECT id, c FROM sbtest7 WHERE id BETWEEN 3495257 AND 3495357
	Index Scan using sbtest7_pkey on sbtest7  (cost=0.43..413.44 rows=104 width=125)
	  Index Cond: ((id >= 3495257) AND (id <= 3495357))

table 8 : explain SELECT id, c FROM sbtest8 WHERE id BETWEEN 3495257 AND 3495357
	Index Scan using sbtest8_pkey on sbtest8  (cost=0.43..425.47 rows=107 width=125)
	  Index Cond: ((id >= 3495257) AND (id <= 3495357))

explain: for range-notcovered :: explain SELECT id, c FROM sbtest%d WHERE id BETWEEN 5988264 AND 5988364
for range-notcovered
table 1 : explain SELECT id, c FROM sbtest1 WHERE id BETWEEN 4183242 AND 4183342
	Index Scan using sbtest1_pkey on sbtest1  (cost=0.43..413.94 rows=104 width=125)
	  Index Cond: ((id >= 4183242) AND (id <= 4183342))

table 2 : explain SELECT id, c FROM sbtest2 WHERE id BETWEEN 4183242 AND 4183342
	Index Scan using sbtest2_pkey on sbtest2  (cost=0.43..379.28 rows=95 width=125)
	  Index Cond: ((id >= 4183242) AND (id <= 4183342))

table 3 : explain SELECT id, c FROM sbtest3 WHERE id BETWEEN 4183242 AND 4183342
	Index Scan using sbtest3_pkey on sbtest3  (cost=0.43..417.35 rows=105 width=125)
	  Index Cond: ((id >= 4183242) AND (id <= 4183342))

table 4 : explain SELECT id, c FROM sbtest4 WHERE id BETWEEN 4183242 AND 4183342
	Index Scan using sbtest4_pkey on sbtest4  (cost=0.43..413.09 rows=104 width=125)
	  Index Cond: ((id >= 4183242) AND (id <= 4183342))

table 5 : explain SELECT id, c FROM sbtest5 WHERE id BETWEEN 4183242 AND 4183342
	Index Scan using sbtest5_pkey on sbtest5  (cost=0.43..404.74 rows=102 width=125)
	  Index Cond: ((id >= 4183242) AND (id <= 4183342))

table 6 : explain SELECT id, c FROM sbtest6 WHERE id BETWEEN 4183242 AND 4183342
	Index Scan using sbtest6_pkey on sbtest6  (cost=0.43..382.05 rows=96 width=125)
	  Index Cond: ((id >= 4183242) AND (id <= 4183342))

table 7 : explain SELECT id, c FROM sbtest7 WHERE id BETWEEN 4183242 AND 4183342
	Index Scan using sbtest7_pkey on sbtest7  (cost=0.43..429.17 rows=108 width=125)
	  Index Cond: ((id >= 4183242) AND (id <= 4183342))

table 8 : explain SELECT id, c FROM sbtest8 WHERE id BETWEEN 4183242 AND 4183342
	Index Scan using sbtest8_pkey on sbtest8  (cost=0.43..409.74 rows=103 width=125)
	  Index Cond: ((id >= 4183242) AND (id <= 4183342))

explain: for range-notcovered :: explain SELECT id, c FROM sbtest%d WHERE id BETWEEN 4690537 AND 4690637explain: for range-notcovered :: explain SELECT id, c FROM sbtest%d WHERE id BETWEEN 3495257 AND 3495357

explain: for range-notcovered :: explain SELECT id, c FROM sbtest%d WHERE id BETWEEN 4183242 AND 4183342
for range-notcovered
table 1 : explain SELECT id, c FROM sbtest1 WHERE id BETWEEN 2005106 AND 2005206
	Index Scan using sbtest1_pkey on sbtest1  (cost=0.43..406.06 rows=102 width=125)
	  Index Cond: ((id >= 2005106) AND (id <= 2005206))

table 2 : explain SELECT id, c FROM sbtest2 WHERE id BETWEEN 2005106 AND 2005206
	Index Scan using sbtest2_pkey on sbtest2  (cost=0.43..399.02 rows=100 width=125)
	  Index Cond: ((id >= 2005106) AND (id <= 2005206))

table 3 : explain SELECT id, c FROM sbtest3 WHERE id BETWEEN 2005106 AND 2005206
	Index Scan using sbtest3_pkey on sbtest3  (cost=0.43..381.98 rows=96 width=125)
	  Index Cond: ((id >= 2005106) AND (id <= 2005206))

table 4 : explain SELECT id, c FROM sbtest4 WHERE id BETWEEN 2005106 AND 2005206
	Index Scan using sbtest4_pkey on sbtest4  (cost=0.43..409.16 rows=103 width=125)
	  Index Cond: ((id >= 2005106) AND (id <= 2005206))

table 5 : explain SELECT id, c FROM sbtest5 WHERE id BETWEEN 2005106 AND 2005206
	Index Scan using sbtest5_pkey on sbtest5  (cost=0.43..428.27 rows=108 width=125)
	  Index Cond: ((id >= 2005106) AND (id <= 2005206))

table 6 : explain SELECT id, c FROM sbtest6 WHERE id BETWEEN 2005106 AND 2005206
	Index Scan using sbtest6_pkey on sbtest6  (cost=0.43..425.30 rows=107 width=125)
	  Index Cond: ((id >= 2005106) AND (id <= 2005206))

table 7 : explain SELECT id, c FROM sbtest7 WHERE id BETWEEN 2005106 AND 2005206
	Index Scan using sbtest7_pkey on sbtest7  (cost=0.43..421.31 rows=106 width=125)
	  Index Cond: ((id >= 2005106) AND (id <= 2005206))

table 8 : explain SELECT id, c FROM sbtest8 WHERE id BETWEEN 2005106 AND 2005206
	Index Scan using sbtest8_pkey on sbtest8  (cost=0.43..382.18 rows=96 width=125)
	  Index Cond: ((id >= 2005106) AND (id <= 2005206))

explain: for range-notcovered :: explain SELECT id, c FROM sbtest%d WHERE id BETWEEN 2005106 AND 2005206
for range-notcovered
table 1 : explain SELECT id, c FROM sbtest1 WHERE id BETWEEN 3495257 AND 3495357
	Index Scan using sbtest1_pkey on sbtest1  (cost=0.43..413.94 rows=104 width=125)
	  Index Cond: ((id >= 3495257) AND (id <= 3495357))

table 2 : explain SELECT id, c FROM sbtest2 WHERE id BETWEEN 3495257 AND 3495357
	Index Scan using sbtest2_pkey on sbtest2  (cost=0.43..450.30 rows=113 width=125)
	  Index Cond: ((id >= 3495257) AND (id <= 3495357))

table 3 : explain SELECT id, c FROM sbtest3 WHERE id BETWEEN 3495257 AND 3495357
	Index Scan using sbtest3_pkey on sbtest3  (cost=0.43..417.35 rows=105 width=125)
	  Index Cond: ((id >= 3495257) AND (id <= 3495357))

table 4 : explain SELECT id, c FROM sbtest4 WHERE id BETWEEN 3495257 AND 3495357
	Index Scan using sbtest4_pkey on sbtest4  (cost=0.43..468.08 rows=118 width=125)
	  Index Cond: ((id >= 3495257) AND (id <= 3495357))

table 5 : explain SELECT id, c FROM sbtest5 WHERE id BETWEEN 3495257 AND 3495357
	Index Scan using sbtest5_pkey on sbtest5  (cost=0.43..396.89 rows=100 width=125)
	  Index Cond: ((id >= 3495257) AND (id <= 3495357))

table 6 : explain SELECT id, c FROM sbtest6 WHERE id BETWEEN 3495257 AND 3495357
	Index Scan using sbtest6_pkey on sbtest6  (cost=0.43..433.17 rows=109 width=125)
	  Index Cond: ((id >= 3495257) AND (id <= 3495357))

table 7 : explain SELECT id, c FROM sbtest7 WHERE id BETWEEN 3495257 AND 3495357
	Index Scan using sbtest7_pkey on sbtest7  (cost=0.43..413.44 rows=104 width=125)
	  Index Cond: ((id >= 3495257) AND (id <= 3495357))

table 8 : explain SELECT id, c FROM sbtest8 WHERE id BETWEEN 3495257 AND 3495357
	Index Scan using sbtest8_pkey on sbtest8  (cost=0.43..425.47 rows=107 width=125)
	  Index Cond: ((id >= 3495257) AND (id <= 3495357))

for range-notcovered
table 1 : explain SELECT id, c FROM sbtest1 WHERE id BETWEEN 4183242 AND 4183342
	Index Scan using sbtest1_pkey on sbtest1  (cost=0.43..413.94 rows=104 width=125)
	  Index Cond: ((id >= 4183242) AND (id <= 4183342))

table 2 : explain SELECT id, c FROM sbtest2 WHERE id BETWEEN 4183242 AND 4183342
	Index Scan using sbtest2_pkey on sbtest2  (cost=0.43..379.28 rows=95 width=125)
	  Index Cond: ((id >= 4183242) AND (id <= 4183342))

table 3 : explain SELECT id, c FROM sbtest3 WHERE id BETWEEN 4183242 AND 4183342
	Index Scan using sbtest3_pkey on sbtest3  (cost=0.43..417.35 rows=105 width=125)
	  Index Cond: ((id >= 4183242) AND (id <= 4183342))

table 4 : explain SELECT id, c FROM sbtest4 WHERE id BETWEEN 4183242 AND 4183342
	Index Scan using sbtest4_pkey on sbtest4  (cost=0.43..413.09 rows=104 width=125)
	  Index Cond: ((id >= 4183242) AND (id <= 4183342))

table 5 : explain SELECT id, c FROM sbtest5 WHERE id BETWEEN 4183242 AND 4183342
	Index Scan using sbtest5_pkey on sbtest5  (cost=0.43..404.74 rows=102 width=125)
	  Index Cond: ((id >= 4183242) AND (id <= 4183342))

table 6 : explain SELECT id, c FROM sbtest6 WHERE id BETWEEN 4183242 AND 4183342
	Index Scan using sbtest6_pkey on sbtest6  (cost=0.43..382.05 rows=96 width=125)
	  Index Cond: ((id >= 4183242) AND (id <= 4183342))

table 7 : explain SELECT id, c FROM sbtest7 WHERE id BETWEEN 4183242 AND 4183342
	Index Scan using sbtest7_pkey on sbtest7  (cost=0.43..429.17 rows=108 width=125)
	  Index Cond: ((id >= 4183242) AND (id <= 4183342))

table 8 : explain SELECT id, c FROM sbtest8 WHERE id BETWEEN 4183242 AND 4183342
	Index Scan using sbtest8_pkey on sbtest8  (cost=0.43..409.74 rows=103 width=125)
	  Index Cond: ((id >= 4183242) AND (id <= 4183342))

explain: for range-notcovered :: explain SELECT id, c FROM sbtest%d WHERE id BETWEEN 3495257 AND 3495357
for range-notcovered
table 1 : explain SELECT id, c FROM sbtest1 WHERE id BETWEEN 4690537 AND 4690637
	Index Scan using sbtest1_pkey on sbtest1  (cost=0.43..398.19 rows=100 width=125)
	  Index Cond: ((id >= 4690537) AND (id <= 4690637))

table 2 : explain SELECT id, c FROM sbtest2 WHERE id BETWEEN 4690537 AND 4690637
	Index Scan using sbtest2_pkey on sbtest2  (cost=0.43..379.28 rows=95 width=125)
	  Index Cond: ((id >= 4690537) AND (id <= 4690637))

table 3 : explain SELECT id, c FROM sbtest3 WHERE id BETWEEN 4690537 AND 4690637
	Index Scan using sbtest3_pkey on sbtest3  (cost=0.43..362.32 rows=91 width=125)
	  Index Cond: ((id >= 4690537) AND (id <= 4690637))

table 4 : explain SELECT id, c FROM sbtest4 WHERE id BETWEEN 4690537 AND 4690637
	Index Scan using sbtest4_pkey on sbtest4  (cost=0.43..362.01 rows=91 width=125)
	  Index Cond: ((id >= 4690537) AND (id <= 4690637))

table 5 : explain SELECT id, c FROM sbtest5 WHERE id BETWEEN 4690537 AND 4690637
	Index Scan using sbtest5_pkey on sbtest5  (cost=0.43..396.89 rows=100 width=125)
	  Index Cond: ((id >= 4690537) AND (id <= 4690637))

table 6 : explain SELECT id, c FROM sbtest6 WHERE id BETWEEN 4690537 AND 4690637
	Index Scan using sbtest6_pkey on sbtest6  (cost=0.43..382.05 rows=96 width=125)
	  Index Cond: ((id >= 4690537) AND (id <= 4690637))

table 7 : explain SELECT id, c FROM sbtest7 WHERE id BETWEEN 4690537 AND 4690637
	Index Scan using sbtest7_pkey on sbtest7  (cost=0.43..413.44 rows=104 width=125)
	  Index Cond: ((id >= 4690537) AND (id <= 4690637))

table 8 : explain SELECT id, c FROM sbtest8 WHERE id BETWEEN 4690537 AND 4690637
	Index Scan using sbtest8_pkey on sbtest8  (cost=0.43..386.11 rows=97 width=125)
	  Index Cond: ((id >= 4690537) AND (id <= 4690637))

explain: for range-notcovered :: explain SELECT id, c FROM sbtest%d WHERE id BETWEEN 4183242 AND 4183342
explain: for range-notcovered :: explain SELECT id, c FROM sbtest%d WHERE id BETWEEN 4690537 AND 4690637
for range-notcovered
table 1 : explain SELECT id, c FROM sbtest1 WHERE id BETWEEN 2005106 AND 2005206
	Index Scan using sbtest1_pkey on sbtest1  (cost=0.43..406.06 rows=102 width=125)
	  Index Cond: ((id >= 2005106) AND (id <= 2005206))

table 2 : explain SELECT id, c FROM sbtest2 WHERE id BETWEEN 2005106 AND 2005206
	Index Scan using sbtest2_pkey on sbtest2  (cost=0.43..399.02 rows=100 width=125)
	  Index Cond: ((id >= 2005106) AND (id <= 2005206))

table 3 : explain SELECT id, c FROM sbtest3 WHERE id BETWEEN 2005106 AND 2005206
	Index Scan using sbtest3_pkey on sbtest3  (cost=0.43..381.98 rows=96 width=125)
	  Index Cond: ((id >= 2005106) AND (id <= 2005206))

table 4 : explain SELECT id, c FROM sbtest4 WHERE id BETWEEN 2005106 AND 2005206
	Index Scan using sbtest4_pkey on sbtest4  (cost=0.43..409.16 rows=103 width=125)
	  Index Cond: ((id >= 2005106) AND (id <= 2005206))

table 5 : explain SELECT id, c FROM sbtest5 WHERE id BETWEEN 2005106 AND 2005206
	Index Scan using sbtest5_pkey on sbtest5  (cost=0.43..428.27 rows=108 width=125)
	  Index Cond: ((id >= 2005106) AND (id <= 2005206))

table 6 : explain SELECT id, c FROM sbtest6 WHERE id BETWEEN 2005106 AND 2005206
	Index Scan using sbtest6_pkey on sbtest6  (cost=0.43..425.30 rows=107 width=125)
	  Index Cond: ((id >= 2005106) AND (id <= 2005206))

table 7 : explain SELECT id, c FROM sbtest7 WHERE id BETWEEN 2005106 AND 2005206
	Index Scan using sbtest7_pkey on sbtest7  (cost=0.43..421.31 rows=106 width=125)
	  Index Cond: ((id >= 2005106) AND (id <= 2005206))

table 8 : explain SELECT id, c FROM sbtest8 WHERE id BETWEEN 2005106 AND 2005206
	Index Scan using sbtest8_pkey on sbtest8  (cost=0.43..382.18 rows=96 width=125)
	  Index Cond: ((id >= 2005106) AND (id <= 2005206))

explain: for range-notcovered :: explain SELECT id, c FROM sbtest%d WHERE id BETWEEN 2005106 AND 2005206
for range-notcovered
table 1 : explain SELECT id, c FROM sbtest1 WHERE id BETWEEN 5988264 AND 5988364
	Index Scan using sbtest1_pkey on sbtest1  (cost=0.43..402.13 rows=101 width=125)
	  Index Cond: ((id >= 5988264) AND (id <= 5988364))

table 2 : explain SELECT id, c FROM sbtest2 WHERE id BETWEEN 5988264 AND 5988364
	Index Scan using sbtest2_pkey on sbtest2  (cost=0.43..355.61 rows=89 width=125)
	  Index Cond: ((id >= 5988264) AND (id <= 5988364))

table 3 : explain SELECT id, c FROM sbtest3 WHERE id BETWEEN 5988264 AND 5988364
	Index Scan using sbtest3_pkey on sbtest3  (cost=0.43..413.42 rows=104 width=125)
	  Index Cond: ((id >= 5988264) AND (id <= 5988364))

table 4 : explain SELECT id, c FROM sbtest4 WHERE id BETWEEN 5988264 AND 5988364
	Index Scan using sbtest4_pkey on sbtest4  (cost=0.43..381.67 rows=96 width=125)
	  Index Cond: ((id >= 5988264) AND (id <= 5988364))

table 5 : explain SELECT id, c FROM sbtest5 WHERE id BETWEEN 5988264 AND 5988364
	Index Scan using sbtest5_pkey on sbtest5  (cost=0.43..412.58 rows=104 width=125)
	  Index Cond: ((id >= 5988264) AND (id <= 5988364))

table 6 : explain SELECT id, c FROM sbtest6 WHERE id BETWEEN 5988264 AND 5988364
	Index Scan using sbtest6_pkey on sbtest6  (cost=0.43..417.44 rows=105 width=125)
	  Index Cond: ((id >= 5988264) AND (id <= 5988364))

table 7 : explain SELECT id, c FROM sbtest7 WHERE id BETWEEN 5988264 AND 5988364
	Index Scan using sbtest7_pkey on sbtest7  (cost=0.43..393.79 rows=99 width=125)
	  Index Cond: ((id >= 5988264) AND (id <= 5988364))

table 8 : explain SELECT id, c FROM sbtest8 WHERE id BETWEEN 5988264 AND 5988364
	Index Scan using sbtest8_pkey on sbtest8  (cost=0.43..382.18 rows=96 width=125)
	  Index Cond: ((id >= 5988264) AND (id <= 5988364))

explain: for range-notcovered :: explain SELECT id, c FROM sbtest%d WHERE id BETWEEN 5988264 AND 5988364
for range-notcovered
table 1 : explain SELECT id, c FROM sbtest1 WHERE id BETWEEN 3495257 AND 3495357
	Index Scan using sbtest1_pkey on sbtest1  (cost=0.43..413.94 rows=104 width=125)
	  Index Cond: ((id >= 3495257) AND (id <= 3495357))

table 2 : explain SELECT id, c FROM sbtest2 WHERE id BETWEEN 3495257 AND 3495357
	Index Scan using sbtest2_pkey on sbtest2  (cost=0.43..450.30 rows=113 width=125)
	  Index Cond: ((id >= 3495257) AND (id <= 3495357))

table 3 : explain SELECT id, c FROM sbtest3 WHERE id BETWEEN 3495257 AND 3495357
	Index Scan using sbtest3_pkey on sbtest3  (cost=0.43..417.35 rows=105 width=125)
	  Index Cond: ((id >= 3495257) AND (id <= 3495357))

table 4 : explain SELECT id, c FROM sbtest4 WHERE id BETWEEN 3495257 AND 3495357
	Index Scan using sbtest4_pkey on sbtest4  (cost=0.43..468.08 rows=118 width=125)
	  Index Cond: ((id >= 3495257) AND (id <= 3495357))

table 5 : explain SELECT id, c FROM sbtest5 WHERE id BETWEEN 3495257 AND 3495357
	Index Scan using sbtest5_pkey on sbtest5  (cost=0.43..396.89 rows=100 width=125)
	  Index Cond: ((id >= 3495257) AND (id <= 3495357))

table 6 : explain SELECT id, c FROM sbtest6 WHERE id BETWEEN 3495257 AND 3495357
	Index Scan using sbtest6_pkey on sbtest6  (cost=0.43..433.17 rows=109 width=125)
	  Index Cond: ((id >= 3495257) AND (id <= 3495357))

table 7 : explain SELECT id, c FROM sbtest7 WHERE id BETWEEN 3495257 AND 3495357
	Index Scan using sbtest7_pkey on sbtest7  (cost=0.43..413.44 rows=104 width=125)
	  Index Cond: ((id >= 3495257) AND (id <= 3495357))

table 8 : explain SELECT id, c FROM sbtest8 WHERE id BETWEEN 3495257 AND 3495357
	Index Scan using sbtest8_pkey on sbtest8  (cost=0.43..425.47 rows=107 width=125)
	  Index Cond: ((id >= 3495257) AND (id <= 3495357))

for range-notcovered
table 1 : explain SELECT id, c FROM sbtest1 WHERE id BETWEEN 4183242 AND 4183342
	Index Scan using sbtest1_pkey on sbtest1  (cost=0.43..413.94 rows=104 width=125)
	  Index Cond: ((id >= 4183242) AND (id <= 4183342))

table 2 : explain SELECT id, c FROM sbtest2 WHERE id BETWEEN 4183242 AND 4183342
	Index Scan using sbtest2_pkey on sbtest2  (cost=0.43..379.28 rows=95 width=125)
	  Index Cond: ((id >= 4183242) AND (id <= 4183342))

table 3 : explain SELECT id, c FROM sbtest3 WHERE id BETWEEN 4183242 AND 4183342
	Index Scan using sbtest3_pkey on sbtest3  (cost=0.43..417.35 rows=105 width=125)
	  Index Cond: ((id >= 4183242) AND (id <= 4183342))

table 4 : explain SELECT id, c FROM sbtest4 WHERE id BETWEEN 4183242 AND 4183342
	Index Scan using sbtest4_pkey on sbtest4  (cost=0.43..413.09 rows=104 width=125)
	  Index Cond: ((id >= 4183242) AND (id <= 4183342))

table 5 : explain SELECT id, c FROM sbtest5 WHERE id BETWEEN 4183242 AND 4183342
	Index Scan using sbtest5_pkey on sbtest5  (cost=0.43..404.74 rows=102 width=125)
	  Index Cond: ((id >= 4183242) AND (id <= 4183342))

table 6 : explain SELECT id, c FROM sbtest6 WHERE id BETWEEN 4183242 AND 4183342
	Index Scan using sbtest6_pkey on sbtest6  (cost=0.43..382.05 rows=96 width=125)
	  Index Cond: ((id >= 4183242) AND (id <= 4183342))

table 7 : explain SELECT id, c FROM sbtest7 WHERE id BETWEEN 4183242 AND 4183342
	Index Scan using sbtest7_pkey on sbtest7  (cost=0.43..429.17 rows=108 width=125)
	  Index Cond: ((id >= 4183242) AND (id <= 4183342))

table 8 : explain SELECT id, c FROM sbtest8 WHERE id BETWEEN 4183242 AND 4183342
	Index Scan using sbtest8_pkey on sbtest8  (cost=0.43..409.74 rows=103 width=125)
	  Index Cond: ((id >= 4183242) AND (id <= 4183342))

for range-notcovered
table 1 : explain SELECT id, c FROM sbtest1 WHERE id BETWEEN 4316732 AND 4316832
	Index Scan using sbtest1_pkey on sbtest1  (cost=0.43..362.75 rows=91 width=125)
	  Index Cond: ((id >= 4316732) AND (id <= 4316832))

table 2 : explain SELECT id, c FROM sbtest2 WHERE id BETWEEN 4316732 AND 4316832
	Index Scan using sbtest2_pkey on sbtest2  (cost=0.43..406.91 rows=102 width=125)
	  Index Cond: ((id >= 4316732) AND (id <= 4316832))

table 3 : explain SELECT id, c FROM sbtest3 WHERE id BETWEEN 4316732 AND 4316832
	Index Scan using sbtest3_pkey on sbtest3  (cost=0.43..401.63 rows=101 width=125)
	  Index Cond: ((id >= 4316732) AND (id <= 4316832))

table 4 : explain SELECT id, c FROM sbtest4 WHERE id BETWEEN 4316732 AND 4316832
	Index Scan using sbtest4_pkey on sbtest4  (cost=0.43..401.31 rows=101 width=125)
	  Index Cond: ((id >= 4316732) AND (id <= 4316832))

table 5 : explain SELECT id, c FROM sbtest5 WHERE id BETWEEN 4316732 AND 4316832
	Index Scan using sbtest5_pkey on sbtest5  (cost=0.43..381.17 rows=96 width=125)
	  Index Cond: ((id >= 4316732) AND (id <= 4316832))

table 6 : explain SELECT id, c FROM sbtest6 WHERE id BETWEEN 4316732 AND 4316832
	Index Scan using sbtest6_pkey on sbtest6  (cost=0.43..366.30 rows=92 width=125)
	  Index Cond: ((id >= 4316732) AND (id <= 4316832))

table 7 : explain SELECT id, c FROM sbtest7 WHERE id BETWEEN 4316732 AND 4316832
	Index Scan using sbtest7_pkey on sbtest7  (cost=0.43..370.20 rows=93 width=125)
	  Index Cond: ((id >= 4316732) AND (id <= 4316832))

table 8 : explain SELECT id, c FROM sbtest8 WHERE id BETWEEN 4316732 AND 4316832
	Index Scan using sbtest8_pkey on sbtest8  (cost=0.43..394.00 rows=99 width=125)
	  Index Cond: ((id >= 4316732) AND (id <= 4316832))

explain: for range-notcovered :: explain SELECT id, c FROM sbtest%d WHERE id BETWEEN 4183242 AND 4183342
for range-notcovered
table 1 : explain SELECT id, c FROM sbtest1 WHERE id BETWEEN 2005106 AND 2005206
	Index Scan using sbtest1_pkey on sbtest1  (cost=0.43..406.06 rows=102 width=125)
	  Index Cond: ((id >= 2005106) AND (id <= 2005206))

table 2 : explain SELECT id, c FROM sbtest2 WHERE id BETWEEN 2005106 AND 2005206
	Index Scan using sbtest2_pkey on sbtest2  (cost=0.43..399.02 rows=100 width=125)
	  Index Cond: ((id >= 2005106) AND (id <= 2005206))

table 3 : explain SELECT id, c FROM sbtest3 WHERE id BETWEEN 2005106 AND 2005206
	Index Scan using sbtest3_pkey on sbtest3  (cost=0.43..381.98 rows=96 width=125)
	  Index Cond: ((id >= 2005106) AND (id <= 2005206))

table 4 : explain SELECT id, c FROM sbtest4 WHERE id BETWEEN 2005106 AND 2005206
	Index Scan using sbtest4_pkey on sbtest4  (cost=0.43..409.16 rows=103 width=125)
	  Index Cond: ((id >= 2005106) AND (id <= 2005206))

table 5 : explain SELECT id, c FROM sbtest5 WHERE id BETWEEN 2005106 AND 2005206
	Index Scan using sbtest5_pkey on sbtest5  (cost=0.43..428.27 rows=108 width=125)
	  Index Cond: ((id >= 2005106) AND (id <= 2005206))

table 6 : explain SELECT id, c FROM sbtest6 WHERE id BETWEEN 2005106 AND 2005206
	Index Scan using sbtest6_pkey on sbtest6  (cost=0.43..425.30 rows=107 width=125)
	  Index Cond: ((id >= 2005106) AND (id <= 2005206))

table 7 : explain SELECT id, c FROM sbtest7 WHERE id BETWEEN 2005106 AND 2005206
	Index Scan using sbtest7_pkey on sbtest7  (cost=0.43..421.31 rows=106 width=125)
	  Index Cond: ((id >= 2005106) AND (id <= 2005206))

table 8 : explain SELECT id, c FROM sbtest8 WHERE id BETWEEN 2005106 AND 2005206
	Index Scan using sbtest8_pkey on sbtest8  (cost=0.43..382.18 rows=96 width=125)
	  Index Cond: ((id >= 2005106) AND (id <= 2005206))

explain: for range-notcovered :: explain SELECT id, c FROM sbtest%d WHERE id BETWEEN 4316732 AND 4316832
explain: for range-notcovered :: explain SELECT id, c FROM sbtest%d WHERE id BETWEEN 2005106 AND 2005206
for range-notcovered
table 1 : explain SELECT id, c FROM sbtest1 WHERE id BETWEEN 5988264 AND 5988364
	Index Scan using sbtest1_pkey on sbtest1  (cost=0.43..402.13 rows=101 width=125)
	  Index Cond: ((id >= 5988264) AND (id <= 5988364))

table 2 : explain SELECT id, c FROM sbtest2 WHERE id BETWEEN 5988264 AND 5988364
	Index Scan using sbtest2_pkey on sbtest2  (cost=0.43..355.61 rows=89 width=125)
	  Index Cond: ((id >= 5988264) AND (id <= 5988364))

table 3 : explain SELECT id, c FROM sbtest3 WHERE id BETWEEN 5988264 AND 5988364
	Index Scan using sbtest3_pkey on sbtest3  (cost=0.43..413.42 rows=104 width=125)
	  Index Cond: ((id >= 5988264) AND (id <= 5988364))

table 4 : explain SELECT id, c FROM sbtest4 WHERE id BETWEEN 5988264 AND 5988364
	Index Scan using sbtest4_pkey on sbtest4  (cost=0.43..381.67 rows=96 width=125)
	  Index Cond: ((id >= 5988264) AND (id <= 5988364))

table 5 : explain SELECT id, c FROM sbtest5 WHERE id BETWEEN 5988264 AND 5988364
	Index Scan using sbtest5_pkey on sbtest5  (cost=0.43..412.58 rows=104 width=125)
	  Index Cond: ((id >= 5988264) AND (id <= 5988364))

table 6 : explain SELECT id, c FROM sbtest6 WHERE id BETWEEN 5988264 AND 5988364
	Index Scan using sbtest6_pkey on sbtest6  (cost=0.43..417.44 rows=105 width=125)
	  Index Cond: ((id >= 5988264) AND (id <= 5988364))

table 7 : explain SELECT id, c FROM sbtest7 WHERE id BETWEEN 5988264 AND 5988364
	Index Scan using sbtest7_pkey on sbtest7  (cost=0.43..393.79 rows=99 width=125)
	  Index Cond: ((id >= 5988264) AND (id <= 5988364))

table 8 : explain SELECT id, c FROM sbtest8 WHERE id BETWEEN 5988264 AND 5988364
	Index Scan using sbtest8_pkey on sbtest8  (cost=0.43..382.18 rows=96 width=125)
	  Index Cond: ((id >= 5988264) AND (id <= 5988364))

for range-notcovered
table 1 : explain SELECT id, c FROM sbtest1 WHERE id BETWEEN 3112729 AND 3112829
	Index Scan using sbtest1_pkey on sbtest1  (cost=0.43..394.26 rows=99 width=125)
	  Index Cond: ((id >= 3112729) AND (id <= 3112829))

table 2 : explain SELECT id, c FROM sbtest2 WHERE id BETWEEN 3112729 AND 3112829
	Index Scan using sbtest2_pkey on sbtest2  (cost=0.43..410.85 rows=103 width=125)
	  Index Cond: ((id >= 3112729) AND (id <= 3112829))

table 3 : explain SELECT id, c FROM sbtest3 WHERE id BETWEEN 3112729 AND 3112829
	Index Scan using sbtest3_pkey on sbtest3  (cost=0.43..413.42 rows=104 width=125)
	  Index Cond: ((id >= 3112729) AND (id <= 3112829))

table 4 : explain SELECT id, c FROM sbtest4 WHERE id BETWEEN 3112729 AND 3112829
	Index Scan using sbtest4_pkey on sbtest4  (cost=0.43..393.45 rows=99 width=125)
	  Index Cond: ((id >= 3112729) AND (id <= 3112829))

table 5 : explain SELECT id, c FROM sbtest5 WHERE id BETWEEN 3112729 AND 3112829
	Index Scan using sbtest5_pkey on sbtest5  (cost=0.43..389.04 rows=98 width=125)
	  Index Cond: ((id >= 3112729) AND (id <= 3112829))

table 6 : explain SELECT id, c FROM sbtest6 WHERE id BETWEEN 3112729 AND 3112829
	Index Scan using sbtest6_pkey on sbtest6  (cost=0.43..421.37 rows=106 width=125)
	  Index Cond: ((id >= 3112729) AND (id <= 3112829))

table 7 : explain SELECT id, c FROM sbtest7 WHERE id BETWEEN 3112729 AND 3112829
	Index Scan using sbtest7_pkey on sbtest7  (cost=0.43..401.65 rows=101 width=125)
	  Index Cond: ((id >= 3112729) AND (id <= 3112829))

table 8 : explain SELECT id, c FROM sbtest8 WHERE id BETWEEN 3112729 AND 3112829
	Index Scan using sbtest8_pkey on sbtest8  (cost=0.43..488.41 rows=123 width=125)
	  Index Cond: ((id >= 3112729) AND (id <= 3112829))

explain: for range-notcovered :: explain SELECT id, c FROM sbtest%d WHERE id BETWEEN 5988264 AND 5988364
explain: for range-notcovered :: explain SELECT id, c FROM sbtest%d WHERE id BETWEEN 3112729 AND 3112829
for range-notcovered
table 1 : explain SELECT id, c FROM sbtest1 WHERE id BETWEEN 4183242 AND 4183342
	Index Scan using sbtest1_pkey on sbtest1  (cost=0.43..413.94 rows=104 width=125)
	  Index Cond: ((id >= 4183242) AND (id <= 4183342))

table 2 : explain SELECT id, c FROM sbtest2 WHERE id BETWEEN 4183242 AND 4183342
	Index Scan using sbtest2_pkey on sbtest2  (cost=0.43..379.28 rows=95 width=125)
	  Index Cond: ((id >= 4183242) AND (id <= 4183342))

table 3 : explain SELECT id, c FROM sbtest3 WHERE id BETWEEN 4183242 AND 4183342
	Index Scan using sbtest3_pkey on sbtest3  (cost=0.43..417.35 rows=105 width=125)
	  Index Cond: ((id >= 4183242) AND (id <= 4183342))

table 4 : explain SELECT id, c FROM sbtest4 WHERE id BETWEEN 4183242 AND 4183342
	Index Scan using sbtest4_pkey on sbtest4  (cost=0.43..413.09 rows=104 width=125)
	  Index Cond: ((id >= 4183242) AND (id <= 4183342))

table 5 : explain SELECT id, c FROM sbtest5 WHERE id BETWEEN 4183242 AND 4183342
	Index Scan using sbtest5_pkey on sbtest5  (cost=0.43..404.74 rows=102 width=125)
	  Index Cond: ((id >= 4183242) AND (id <= 4183342))

table 6 : explain SELECT id, c FROM sbtest6 WHERE id BETWEEN 4183242 AND 4183342
	Index Scan using sbtest6_pkey on sbtest6  (cost=0.43..382.05 rows=96 width=125)
	  Index Cond: ((id >= 4183242) AND (id <= 4183342))

table 7 : explain SELECT id, c FROM sbtest7 WHERE id BETWEEN 4183242 AND 4183342
	Index Scan using sbtest7_pkey on sbtest7  (cost=0.43..429.17 rows=108 width=125)
	  Index Cond: ((id >= 4183242) AND (id <= 4183342))

table 8 : explain SELECT id, c FROM sbtest8 WHERE id BETWEEN 4183242 AND 4183342
	Index Scan using sbtest8_pkey on sbtest8  (cost=0.43..409.74 rows=103 width=125)
	  Index Cond: ((id >= 4183242) AND (id <= 4183342))

for range-notcovered
table 1 : explain SELECT id, c FROM sbtest1 WHERE id BETWEEN 4690537 AND 4690637
	Index Scan using sbtest1_pkey on sbtest1  (cost=0.43..398.19 rows=100 width=125)
	  Index Cond: ((id >= 4690537) AND (id <= 4690637))

table 2 : explain SELECT id, c FROM sbtest2 WHERE id BETWEEN 4690537 AND 4690637
	Index Scan using sbtest2_pkey on sbtest2  (cost=0.43..379.28 rows=95 width=125)
	  Index Cond: ((id >= 4690537) AND (id <= 4690637))

table 3 : explain SELECT id, c FROM sbtest3 WHERE id BETWEEN 4690537 AND 4690637
	Index Scan using sbtest3_pkey on sbtest3  (cost=0.43..362.32 rows=91 width=125)
	  Index Cond: ((id >= 4690537) AND (id <= 4690637))

table 4 : explain SELECT id, c FROM sbtest4 WHERE id BETWEEN 4690537 AND 4690637
	Index Scan using sbtest4_pkey on sbtest4  (cost=0.43..362.01 rows=91 width=125)
	  Index Cond: ((id >= 4690537) AND (id <= 4690637))

table 5 : explain SELECT id, c FROM sbtest5 WHERE id BETWEEN 4690537 AND 4690637
	Index Scan using sbtest5_pkey on sbtest5  (cost=0.43..396.89 rows=100 width=125)
	  Index Cond: ((id >= 4690537) AND (id <= 4690637))

table 6 : explain SELECT id, c FROM sbtest6 WHERE id BETWEEN 4690537 AND 4690637
	Index Scan using sbtest6_pkey on sbtest6  (cost=0.43..382.05 rows=96 width=125)
	  Index Cond: ((id >= 4690537) AND (id <= 4690637))

table 7 : explain SELECT id, c FROM sbtest7 WHERE id BETWEEN 4690537 AND 4690637
	Index Scan using sbtest7_pkey on sbtest7  (cost=0.43..413.44 rows=104 width=125)
	  Index Cond: ((id >= 4690537) AND (id <= 4690637))

table 8 : explain SELECT id, c FROM sbtest8 WHERE id BETWEEN 4690537 AND 4690637
	Index Scan using sbtest8_pkey on sbtest8  (cost=0.43..386.11 rows=97 width=125)
	  Index Cond: ((id >= 4690537) AND (id <= 4690637))

explain: for range-notcovered :: explain SELECT id, c FROM sbtest%d WHERE id BETWEEN 4183242 AND 4183342
explain: for range-notcovered :: explain SELECT id, c FROM sbtest%d WHERE id BETWEEN 4690537 AND 4690637
for range-notcovered
table 1 : explain SELECT id, c FROM sbtest1 WHERE id BETWEEN 2005106 AND 2005206
	Index Scan using sbtest1_pkey on sbtest1  (cost=0.43..406.06 rows=102 width=125)
	  Index Cond: ((id >= 2005106) AND (id <= 2005206))

table 2 : explain SELECT id, c FROM sbtest2 WHERE id BETWEEN 2005106 AND 2005206
	Index Scan using sbtest2_pkey on sbtest2  (cost=0.43..399.02 rows=100 width=125)
	  Index Cond: ((id >= 2005106) AND (id <= 2005206))

table 3 : explain SELECT id, c FROM sbtest3 WHERE id BETWEEN 2005106 AND 2005206
	Index Scan using sbtest3_pkey on sbtest3  (cost=0.43..381.98 rows=96 width=125)
	  Index Cond: ((id >= 2005106) AND (id <= 2005206))

table 4 : explain SELECT id, c FROM sbtest4 WHERE id BETWEEN 2005106 AND 2005206
	Index Scan using sbtest4_pkey on sbtest4  (cost=0.43..409.16 rows=103 width=125)
	  Index Cond: ((id >= 2005106) AND (id <= 2005206))

table 5 : explain SELECT id, c FROM sbtest5 WHERE id BETWEEN 2005106 AND 2005206
	Index Scan using sbtest5_pkey on sbtest5  (cost=0.43..428.27 rows=108 width=125)
	  Index Cond: ((id >= 2005106) AND (id <= 2005206))

table 6 : explain SELECT id, c FROM sbtest6 WHERE id BETWEEN 2005106 AND 2005206
	Index Scan using sbtest6_pkey on sbtest6  (cost=0.43..425.30 rows=107 width=125)
	  Index Cond: ((id >= 2005106) AND (id <= 2005206))

table 7 : explain SELECT id, c FROM sbtest7 WHERE id BETWEEN 2005106 AND 2005206
	Index Scan using sbtest7_pkey on sbtest7  (cost=0.43..421.31 rows=106 width=125)
	  Index Cond: ((id >= 2005106) AND (id <= 2005206))

table 8 : explain SELECT id, c FROM sbtest8 WHERE id BETWEEN 2005106 AND 2005206
	Index Scan using sbtest8_pkey on sbtest8  (cost=0.43..382.18 rows=96 width=125)
	  Index Cond: ((id >= 2005106) AND (id <= 2005206))

for range-notcovered
table 1 : explain SELECT id, c FROM sbtest1 WHERE id BETWEEN 5988264 AND 5988364
	Index Scan using sbtest1_pkey on sbtest1  (cost=0.43..402.13 rows=101 width=125)
	  Index Cond: ((id >= 5988264) AND (id <= 5988364))

table 2 : explain SELECT id, c FROM sbtest2 WHERE id BETWEEN 5988264 AND 5988364
	Index Scan using sbtest2_pkey on sbtest2  (cost=0.43..355.61 rows=89 width=125)
	  Index Cond: ((id >= 5988264) AND (id <= 5988364))

table 3 : explain SELECT id, c FROM sbtest3 WHERE id BETWEEN 5988264 AND 5988364
	Index Scan using sbtest3_pkey on sbtest3  (cost=0.43..413.42 rows=104 width=125)
	  Index Cond: ((id >= 5988264) AND (id <= 5988364))

table 4 : explain SELECT id, c FROM sbtest4 WHERE id BETWEEN 5988264 AND 5988364
	Index Scan using sbtest4_pkey on sbtest4  (cost=0.43..381.67 rows=96 width=125)
	  Index Cond: ((id >= 5988264) AND (id <= 5988364))

table 5 : explain SELECT id, c FROM sbtest5 WHERE id BETWEEN 5988264 AND 5988364
	Index Scan using sbtest5_pkey on sbtest5  (cost=0.43..412.58 rows=104 width=125)
	  Index Cond: ((id >= 5988264) AND (id <= 5988364))

table 6 : explain SELECT id, c FROM sbtest6 WHERE id BETWEEN 5988264 AND 5988364
	Index Scan using sbtest6_pkey on sbtest6  (cost=0.43..417.44 rows=105 width=125)
	  Index Cond: ((id >= 5988264) AND (id <= 5988364))

table 7 : explain SELECT id, c FROM sbtest7 WHERE id BETWEEN 5988264 AND 5988364
	Index Scan using sbtest7_pkey on sbtest7  (cost=0.43..393.79 rows=99 width=125)
	  Index Cond: ((id >= 5988264) AND (id <= 5988364))

table 8 : explain SELECT id, c FROM sbtest8 WHERE id BETWEEN 5988264 AND 5988364
	Index Scan using sbtest8_pkey on sbtest8  (cost=0.43..382.18 rows=96 width=125)
	  Index Cond: ((id >= 5988264) AND (id <= 5988364))

explain: for range-notcovered :: explain SELECT id, c FROM sbtest%d WHERE id BETWEEN 5988264 AND 5988364
for range-notcovered
table 1 : explain SELECT id, c FROM sbtest1 WHERE id BETWEEN 3112729 AND 3112829
	Index Scan using sbtest1_pkey on sbtest1  (cost=0.43..394.26 rows=99 width=125)
	  Index Cond: ((id >= 3112729) AND (id <= 3112829))

table 2 : explain SELECT id, c FROM sbtest2 WHERE id BETWEEN 3112729 AND 3112829
	Index Scan using sbtest2_pkey on sbtest2  (cost=0.43..410.85 rows=103 width=125)
	  Index Cond: ((id >= 3112729) AND (id <= 3112829))

table 3 : explain SELECT id, c FROM sbtest3 WHERE id BETWEEN 3112729 AND 3112829
	Index Scan using sbtest3_pkey on sbtest3  (cost=0.43..413.42 rows=104 width=125)
	  Index Cond: ((id >= 3112729) AND (id <= 3112829))

table 4 : explain SELECT id, c FROM sbtest4 WHERE id BETWEEN 3112729 AND 3112829
	Index Scan using sbtest4_pkey on sbtest4  (cost=0.43..393.45 rows=99 width=125)
	  Index Cond: ((id >= 3112729) AND (id <= 3112829))

table 5 : explain SELECT id, c FROM sbtest5 WHERE id BETWEEN 3112729 AND 3112829
	Index Scan using sbtest5_pkey on sbtest5  (cost=0.43..389.04 rows=98 width=125)
	  Index Cond: ((id >= 3112729) AND (id <= 3112829))

table 6 : explain SELECT id, c FROM sbtest6 WHERE id BETWEEN 3112729 AND 3112829
	Index Scan using sbtest6_pkey on sbtest6  (cost=0.43..421.37 rows=106 width=125)
	  Index Cond: ((id >= 3112729) AND (id <= 3112829))

table 7 : explain SELECT id, c FROM sbtest7 WHERE id BETWEEN 3112729 AND 3112829
	Index Scan using sbtest7_pkey on sbtest7  (cost=0.43..401.65 rows=101 width=125)
	  Index Cond: ((id >= 3112729) AND (id <= 3112829))

table 8 : explain SELECT id, c FROM sbtest8 WHERE id BETWEEN 3112729 AND 3112829
	Index Scan using sbtest8_pkey on sbtest8  (cost=0.43..488.41 rows=123 width=125)
	  Index Cond: ((id >= 3112729) AND (id <= 3112829))

explain: for range-notcovered :: explain SELECT id, c FROM sbtest%d WHERE id BETWEEN 3112729 AND 3112829
for range-notcovered
table 1 : explain SELECT id, c FROM sbtest1 WHERE id BETWEEN 3798525 AND 3798625
	Index Scan using sbtest1_pkey on sbtest1  (cost=0.43..417.87 rows=105 width=125)
	  Index Cond: ((id >= 3798525) AND (id <= 3798625))

table 2 : explain SELECT id, c FROM sbtest2 WHERE id BETWEEN 3798525 AND 3798625
	Index Scan using sbtest2_pkey on sbtest2  (cost=0.43..367.44 rows=92 width=125)
	  Index Cond: ((id >= 3798525) AND (id <= 3798625))

table 3 : explain SELECT id, c FROM sbtest3 WHERE id BETWEEN 3798525 AND 3798625
	Index Scan using sbtest3_pkey on sbtest3  (cost=0.43..409.49 rows=103 width=125)
	  Index Cond: ((id >= 3798525) AND (id <= 3798625))

table 4 : explain SELECT id, c FROM sbtest4 WHERE id BETWEEN 3798525 AND 3798625
	Index Scan using sbtest4_pkey on sbtest4  (cost=0.43..405.24 rows=102 width=125)
	  Index Cond: ((id >= 3798525) AND (id <= 3798625))

table 5 : explain SELECT id, c FROM sbtest5 WHERE id BETWEEN 3798525 AND 3798625
	Index Scan using sbtest5_pkey on sbtest5  (cost=0.43..389.04 rows=98 width=125)
	  Index Cond: ((id >= 3798525) AND (id <= 3798625))

table 6 : explain SELECT id, c FROM sbtest6 WHERE id BETWEEN 3798525 AND 3798625
	Index Scan using sbtest6_pkey on sbtest6  (cost=0.43..366.30 rows=92 width=125)
	  Index Cond: ((id >= 3798525) AND (id <= 3798625))

table 7 : explain SELECT id, c FROM sbtest7 WHERE id BETWEEN 3798525 AND 3798625
	Index Scan using sbtest7_pkey on sbtest7  (cost=0.43..429.17 rows=108 width=125)
	  Index Cond: ((id >= 3798525) AND (id <= 3798625))

table 8 : explain SELECT id, c FROM sbtest8 WHERE id BETWEEN 3798525 AND 3798625
	Index Scan using sbtest8_pkey on sbtest8  (cost=0.43..413.67 rows=104 width=125)
	  Index Cond: ((id >= 3798525) AND (id <= 3798625))

for range-notcovered
table 1 : explain SELECT id, c FROM sbtest1 WHERE id BETWEEN 5675989 AND 5676089
	Index Scan using sbtest1_pkey on sbtest1  (cost=0.43..398.19 rows=100 width=125)
	  Index Cond: ((id >= 5675989) AND (id <= 5676089))

table 2 : explain SELECT id, c FROM sbtest2 WHERE id BETWEEN 5675989 AND 5676089
	Index Scan using sbtest2_pkey on sbtest2  (cost=0.43..379.28 rows=95 width=125)
	  Index Cond: ((id >= 5675989) AND (id <= 5676089))

table 3 : explain SELECT id, c FROM sbtest3 WHERE id BETWEEN 5675989 AND 5676089
	Index Scan using sbtest3_pkey on sbtest3  (cost=0.43..409.49 rows=103 width=125)
	  Index Cond: ((id >= 5675989) AND (id <= 5676089))

table 4 : explain SELECT id, c FROM sbtest4 WHERE id BETWEEN 5675989 AND 5676089
	Index Scan using sbtest4_pkey on sbtest4  (cost=0.43..424.88 rows=107 width=125)
	  Index Cond: ((id >= 5675989) AND (id <= 5676089))

table 5 : explain SELECT id, c FROM sbtest5 WHERE id BETWEEN 5675989 AND 5676089
	Index Scan using sbtest5_pkey on sbtest5  (cost=0.43..412.58 rows=104 width=125)
	  Index Cond: ((id >= 5675989) AND (id <= 5676089))

table 6 : explain SELECT id, c FROM sbtest6 WHERE id BETWEEN 5675989 AND 5676089
	Index Scan using sbtest6_pkey on sbtest6  (cost=0.43..382.05 rows=96 width=125)
	  Index Cond: ((id >= 5675989) AND (id <= 5676089))

table 7 : explain SELECT id, c FROM sbtest7 WHERE id BETWEEN 5675989 AND 5676089
	Index Scan using sbtest7_pkey on sbtest7  (cost=0.43..421.31 rows=106 width=125)
	  Index Cond: ((id >= 5675989) AND (id <= 5676089))

table 8 : explain SELECT id, c FROM sbtest8 WHERE id BETWEEN 5675989 AND 5676089
	Index Scan using sbtest8_pkey on sbtest8  (cost=0.43..425.47 rows=107 width=125)
	  Index Cond: ((id >= 5675989) AND (id <= 5676089))

explain: for range-notcovered :: explain SELECT id, c FROM sbtest%d WHERE id BETWEEN 3798525 AND 3798625
for range-notcovered
table 1 : explain SELECT id, c FROM sbtest1 WHERE id BETWEEN 4183242 AND 4183342
	Index Scan using sbtest1_pkey on sbtest1  (cost=0.43..413.94 rows=104 width=125)
	  Index Cond: ((id >= 4183242) AND (id <= 4183342))

table 2 : explain SELECT id, c FROM sbtest2 WHERE id BETWEEN 4183242 AND 4183342
	Index Scan using sbtest2_pkey on sbtest2  (cost=0.43..379.28 rows=95 width=125)
	  Index Cond: ((id >= 4183242) AND (id <= 4183342))

table 3 : explain SELECT id, c FROM sbtest3 WHERE id BETWEEN 4183242 AND 4183342
	Index Scan using sbtest3_pkey on sbtest3  (cost=0.43..417.35 rows=105 width=125)
	  Index Cond: ((id >= 4183242) AND (id <= 4183342))

table 4 : explain SELECT id, c FROM sbtest4 WHERE id BETWEEN 4183242 AND 4183342
	Index Scan using sbtest4_pkey on sbtest4  (cost=0.43..413.09 rows=104 width=125)
	  Index Cond: ((id >= 4183242) AND (id <= 4183342))

table 5 : explain SELECT id, c FROM sbtest5 WHERE id BETWEEN 4183242 AND 4183342
	Index Scan using sbtest5_pkey on sbtest5  (cost=0.43..404.74 rows=102 width=125)
	  Index Cond: ((id >= 4183242) AND (id <= 4183342))

table 6 : explain SELECT id, c FROM sbtest6 WHERE id BETWEEN 4183242 AND 4183342
	Index Scan using sbtest6_pkey on sbtest6  (cost=0.43..382.05 rows=96 width=125)
	  Index Cond: ((id >= 4183242) AND (id <= 4183342))

table 7 : explain SELECT id, c FROM sbtest7 WHERE id BETWEEN 4183242 AND 4183342
	Index Scan using sbtest7_pkey on sbtest7  (cost=0.43..429.17 rows=108 width=125)
	  Index Cond: ((id >= 4183242) AND (id <= 4183342))

table 8 : explain SELECT id, c FROM sbtest8 WHERE id BETWEEN 4183242 AND 4183342
	Index Scan using sbtest8_pkey on sbtest8  (cost=0.43..409.74 rows=103 width=125)
	  Index Cond: ((id >= 4183242) AND (id <= 4183342))

explain: for range-notcovered :: explain SELECT id, c FROM sbtest%d WHERE id BETWEEN 5675989 AND 5676089
explain: for range-notcovered :: explain SELECT id, c FROM sbtest%d WHERE id BETWEEN 4183242 AND 4183342
for range-notcovered
table 1 : explain SELECT id, c FROM sbtest1 WHERE id BETWEEN 7753861 AND 7753961
	Index Scan using sbtest1_pkey on sbtest1  (cost=0.43..425.75 rows=107 width=125)
	  Index Cond: ((id >= 7753861) AND (id <= 7753961))

table 2 : explain SELECT id, c FROM sbtest2 WHERE id BETWEEN 7753861 AND 7753961
	Index Scan using sbtest2_pkey on sbtest2  (cost=0.43..359.55 rows=90 width=125)
	  Index Cond: ((id >= 7753861) AND (id <= 7753961))

table 3 : explain SELECT id, c FROM sbtest3 WHERE id BETWEEN 7753861 AND 7753961
	Index Scan using sbtest3_pkey on sbtest3  (cost=0.43..429.15 rows=108 width=125)
	  Index Cond: ((id >= 7753861) AND (id <= 7753961))

table 4 : explain SELECT id, c FROM sbtest4 WHERE id BETWEEN 7753861 AND 7753961
	Index Scan using sbtest4_pkey on sbtest4  (cost=0.43..420.95 rows=106 width=125)
	  Index Cond: ((id >= 7753861) AND (id <= 7753961))

table 5 : explain SELECT id, c FROM sbtest5 WHERE id BETWEEN 7753861 AND 7753961
	Index Scan using sbtest5_pkey on sbtest5  (cost=0.43..447.89 rows=113 width=125)
	  Index Cond: ((id >= 7753861) AND (id <= 7753961))

table 6 : explain SELECT id, c FROM sbtest6 WHERE id BETWEEN 7753861 AND 7753961
	Index Scan using sbtest6_pkey on sbtest6  (cost=0.43..385.99 rows=97 width=125)
	  Index Cond: ((id >= 7753861) AND (id <= 7753961))

table 7 : explain SELECT id, c FROM sbtest7 WHERE id BETWEEN 7753861 AND 7753961
	Index Scan using sbtest7_pkey on sbtest7  (cost=0.43..366.27 rows=92 width=125)
	  Index Cond: ((id >= 7753861) AND (id <= 7753961))

table 8 : explain SELECT id, c FROM sbtest8 WHERE id BETWEEN 7753861 AND 7753961
	Index Scan using sbtest8_pkey on sbtest8  (cost=0.43..401.87 rows=101 width=125)
	  Index Cond: ((id >= 7753861) AND (id <= 7753961))

for range-notcovered
table 1 : explain SELECT id, c FROM sbtest1 WHERE id BETWEEN 4316732 AND 4316832
	Index Scan using sbtest1_pkey on sbtest1  (cost=0.43..362.75 rows=91 width=125)
	  Index Cond: ((id >= 4316732) AND (id <= 4316832))

table 2 : explain SELECT id, c FROM sbtest2 WHERE id BETWEEN 4316732 AND 4316832
	Index Scan using sbtest2_pkey on sbtest2  (cost=0.43..406.91 rows=102 width=125)
	  Index Cond: ((id >= 4316732) AND (id <= 4316832))

table 3 : explain SELECT id, c FROM sbtest3 WHERE id BETWEEN 4316732 AND 4316832
	Index Scan using sbtest3_pkey on sbtest3  (cost=0.43..401.63 rows=101 width=125)
	  Index Cond: ((id >= 4316732) AND (id <= 4316832))

table 4 : explain SELECT id, c FROM sbtest4 WHERE id BETWEEN 4316732 AND 4316832
	Index Scan using sbtest4_pkey on sbtest4  (cost=0.43..401.31 rows=101 width=125)
	  Index Cond: ((id >= 4316732) AND (id <= 4316832))

table 5 : explain SELECT id, c FROM sbtest5 WHERE id BETWEEN 4316732 AND 4316832
	Index Scan using sbtest5_pkey on sbtest5  (cost=0.43..381.17 rows=96 width=125)
	  Index Cond: ((id >= 4316732) AND (id <= 4316832))

table 6 : explain SELECT id, c FROM sbtest6 WHERE id BETWEEN 4316732 AND 4316832
	Index Scan using sbtest6_pkey on sbtest6  (cost=0.43..366.30 rows=92 width=125)
	  Index Cond: ((id >= 4316732) AND (id <= 4316832))

table 7 : explain SELECT id, c FROM sbtest7 WHERE id BETWEEN 4316732 AND 4316832
	Index Scan using sbtest7_pkey on sbtest7  (cost=0.43..370.20 rows=93 width=125)
	  Index Cond: ((id >= 4316732) AND (id <= 4316832))

table 8 : explain SELECT id, c FROM sbtest8 WHERE id BETWEEN 4316732 AND 4316832
	Index Scan using sbtest8_pkey on sbtest8  (cost=0.43..394.00 rows=99 width=125)
	  Index Cond: ((id >= 4316732) AND (id <= 4316832))

explain: for range-notcovered :: explain SELECT id, c FROM sbtest%d WHERE id BETWEEN 4316732 AND 4316832
explain: for range-notcovered :: explain SELECT id, c FROM sbtest%d WHERE id BETWEEN 7753861 AND 7753961
for range-notcovered
table 1 : explain SELECT id, c FROM sbtest1 WHERE id BETWEEN 5988264 AND 5988364
	Index Scan using sbtest1_pkey on sbtest1  (cost=0.43..402.13 rows=101 width=125)
	  Index Cond: ((id >= 5988264) AND (id <= 5988364))

table 2 : explain SELECT id, c FROM sbtest2 WHERE id BETWEEN 5988264 AND 5988364
	Index Scan using sbtest2_pkey on sbtest2  (cost=0.43..355.61 rows=89 width=125)
	  Index Cond: ((id >= 5988264) AND (id <= 5988364))

table 3 : explain SELECT id, c FROM sbtest3 WHERE id BETWEEN 5988264 AND 5988364
	Index Scan using sbtest3_pkey on sbtest3  (cost=0.43..413.42 rows=104 width=125)
	  Index Cond: ((id >= 5988264) AND (id <= 5988364))

table 4 : explain SELECT id, c FROM sbtest4 WHERE id BETWEEN 5988264 AND 5988364
	Index Scan using sbtest4_pkey on sbtest4  (cost=0.43..381.67 rows=96 width=125)
	  Index Cond: ((id >= 5988264) AND (id <= 5988364))

table 5 : explain SELECT id, c FROM sbtest5 WHERE id BETWEEN 5988264 AND 5988364
	Index Scan using sbtest5_pkey on sbtest5  (cost=0.43..412.58 rows=104 width=125)
	  Index Cond: ((id >= 5988264) AND (id <= 5988364))

table 6 : explain SELECT id, c FROM sbtest6 WHERE id BETWEEN 5988264 AND 5988364
	Index Scan using sbtest6_pkey on sbtest6  (cost=0.43..417.44 rows=105 width=125)
	  Index Cond: ((id >= 5988264) AND (id <= 5988364))

table 7 : explain SELECT id, c FROM sbtest7 WHERE id BETWEEN 5988264 AND 5988364
	Index Scan using sbtest7_pkey on sbtest7  (cost=0.43..393.79 rows=99 width=125)
	  Index Cond: ((id >= 5988264) AND (id <= 5988364))

table 8 : explain SELECT id, c FROM sbtest8 WHERE id BETWEEN 5988264 AND 5988364
	Index Scan using sbtest8_pkey on sbtest8  (cost=0.43..382.18 rows=96 width=125)
	  Index Cond: ((id >= 5988264) AND (id <= 5988364))

for range-notcovered
table 1 : explain SELECT id, c FROM sbtest1 WHERE id BETWEEN 3112729 AND 3112829
	Index Scan using sbtest1_pkey on sbtest1  (cost=0.43..394.26 rows=99 width=125)
	  Index Cond: ((id >= 3112729) AND (id <= 3112829))

table 2 : explain SELECT id, c FROM sbtest2 WHERE id BETWEEN 3112729 AND 3112829
	Index Scan using sbtest2_pkey on sbtest2  (cost=0.43..410.85 rows=103 width=125)
	  Index Cond: ((id >= 3112729) AND (id <= 3112829))

table 3 : explain SELECT id, c FROM sbtest3 WHERE id BETWEEN 3112729 AND 3112829
	Index Scan using sbtest3_pkey on sbtest3  (cost=0.43..413.42 rows=104 width=125)
	  Index Cond: ((id >= 3112729) AND (id <= 3112829))

table 4 : explain SELECT id, c FROM sbtest4 WHERE id BETWEEN 3112729 AND 3112829
	Index Scan using sbtest4_pkey on sbtest4  (cost=0.43..393.45 rows=99 width=125)
	  Index Cond: ((id >= 3112729) AND (id <= 3112829))

table 5 : explain SELECT id, c FROM sbtest5 WHERE id BETWEEN 3112729 AND 3112829
	Index Scan using sbtest5_pkey on sbtest5  (cost=0.43..389.04 rows=98 width=125)
	  Index Cond: ((id >= 3112729) AND (id <= 3112829))

table 6 : explain SELECT id, c FROM sbtest6 WHERE id BETWEEN 3112729 AND 3112829
	Index Scan using sbtest6_pkey on sbtest6  (cost=0.43..421.37 rows=106 width=125)
	  Index Cond: ((id >= 3112729) AND (id <= 3112829))

table 7 : explain SELECT id, c FROM sbtest7 WHERE id BETWEEN 3112729 AND 3112829
	Index Scan using sbtest7_pkey on sbtest7  (cost=0.43..401.65 rows=101 width=125)
	  Index Cond: ((id >= 3112729) AND (id <= 3112829))

table 8 : explain SELECT id, c FROM sbtest8 WHERE id BETWEEN 3112729 AND 3112829
	Index Scan using sbtest8_pkey on sbtest8  (cost=0.43..488.41 rows=123 width=125)
	  Index Cond: ((id >= 3112729) AND (id <= 3112829))

explain: for range-notcovered :: explain SELECT id, c FROM sbtest%d WHERE id BETWEEN 5988264 AND 5988364
explain: for range-notcovered :: explain SELECT id, c FROM sbtest%d WHERE id BETWEEN 3112729 AND 3112829
for range-notcovered
table 1 : explain SELECT id, c FROM sbtest1 WHERE id BETWEEN 4690537 AND 4690637
	Index Scan using sbtest1_pkey on sbtest1  (cost=0.43..398.19 rows=100 width=125)
	  Index Cond: ((id >= 4690537) AND (id <= 4690637))

table 2 : explain SELECT id, c FROM sbtest2 WHERE id BETWEEN 4690537 AND 4690637
	Index Scan using sbtest2_pkey on sbtest2  (cost=0.43..379.28 rows=95 width=125)
	  Index Cond: ((id >= 4690537) AND (id <= 4690637))

table 3 : explain SELECT id, c FROM sbtest3 WHERE id BETWEEN 4690537 AND 4690637
	Index Scan using sbtest3_pkey on sbtest3  (cost=0.43..362.32 rows=91 width=125)
	  Index Cond: ((id >= 4690537) AND (id <= 4690637))

table 4 : explain SELECT id, c FROM sbtest4 WHERE id BETWEEN 4690537 AND 4690637
	Index Scan using sbtest4_pkey on sbtest4  (cost=0.43..362.01 rows=91 width=125)
	  Index Cond: ((id >= 4690537) AND (id <= 4690637))

table 5 : explain SELECT id, c FROM sbtest5 WHERE id BETWEEN 4690537 AND 4690637
	Index Scan using sbtest5_pkey on sbtest5  (cost=0.43..396.89 rows=100 width=125)
	  Index Cond: ((id >= 4690537) AND (id <= 4690637))

table 6 : explain SELECT id, c FROM sbtest6 WHERE id BETWEEN 4690537 AND 4690637
	Index Scan using sbtest6_pkey on sbtest6  (cost=0.43..382.05 rows=96 width=125)
	  Index Cond: ((id >= 4690537) AND (id <= 4690637))

table 7 : explain SELECT id, c FROM sbtest7 WHERE id BETWEEN 4690537 AND 4690637
	Index Scan using sbtest7_pkey on sbtest7  (cost=0.43..413.44 rows=104 width=125)
	  Index Cond: ((id >= 4690537) AND (id <= 4690637))

table 8 : explain SELECT id, c FROM sbtest8 WHERE id BETWEEN 4690537 AND 4690637
	Index Scan using sbtest8_pkey on sbtest8  (cost=0.43..386.11 rows=97 width=125)
	  Index Cond: ((id >= 4690537) AND (id <= 4690637))

for range-notcovered
table 1 : explain SELECT id, c FROM sbtest1 WHERE id BETWEEN 4183242 AND 4183342
	Index Scan using sbtest1_pkey on sbtest1  (cost=0.43..413.94 rows=104 width=125)
	  Index Cond: ((id >= 4183242) AND (id <= 4183342))

table 2 : explain SELECT id, c FROM sbtest2 WHERE id BETWEEN 4183242 AND 4183342
	Index Scan using sbtest2_pkey on sbtest2  (cost=0.43..379.28 rows=95 width=125)
	  Index Cond: ((id >= 4183242) AND (id <= 4183342))

table 3 : explain SELECT id, c FROM sbtest3 WHERE id BETWEEN 4183242 AND 4183342
	Index Scan using sbtest3_pkey on sbtest3  (cost=0.43..417.35 rows=105 width=125)
	  Index Cond: ((id >= 4183242) AND (id <= 4183342))

table 4 : explain SELECT id, c FROM sbtest4 WHERE id BETWEEN 4183242 AND 4183342
	Index Scan using sbtest4_pkey on sbtest4  (cost=0.43..413.09 rows=104 width=125)
	  Index Cond: ((id >= 4183242) AND (id <= 4183342))

table 5 : explain SELECT id, c FROM sbtest5 WHERE id BETWEEN 4183242 AND 4183342
	Index Scan using sbtest5_pkey on sbtest5  (cost=0.43..404.74 rows=102 width=125)
	  Index Cond: ((id >= 4183242) AND (id <= 4183342))

table 6 : explain SELECT id, c FROM sbtest6 WHERE id BETWEEN 4183242 AND 4183342
	Index Scan using sbtest6_pkey on sbtest6  (cost=0.43..382.05 rows=96 width=125)
	  Index Cond: ((id >= 4183242) AND (id <= 4183342))

table 7 : explain SELECT id, c FROM sbtest7 WHERE id BETWEEN 4183242 AND 4183342
	Index Scan using sbtest7_pkey on sbtest7  (cost=0.43..429.17 rows=108 width=125)
	  Index Cond: ((id >= 4183242) AND (id <= 4183342))

table 8 : explain SELECT id, c FROM sbtest8 WHERE id BETWEEN 4183242 AND 4183342
	Index Scan using sbtest8_pkey on sbtest8  (cost=0.43..409.74 rows=103 width=125)
	  Index Cond: ((id >= 4183242) AND (id <= 4183342))

for range-notcovered
table 1 : explain SELECT id, c FROM sbtest1 WHERE id BETWEEN 3798525 AND 3798625
	Index Scan using sbtest1_pkey on sbtest1  (cost=0.43..417.87 rows=105 width=125)
	  Index Cond: ((id >= 3798525) AND (id <= 3798625))

table 2 : explain SELECT id, c FROM sbtest2 WHERE id BETWEEN 3798525 AND 3798625
	Index Scan using sbtest2_pkey on sbtest2  (cost=0.43..367.44 rows=92 width=125)
	  Index Cond: ((id >= 3798525) AND (id <= 3798625))

table 3 : explain SELECT id, c FROM sbtest3 WHERE id BETWEEN 3798525 AND 3798625
	Index Scan using sbtest3_pkey on sbtest3  (cost=0.43..409.49 rows=103 width=125)
	  Index Cond: ((id >= 3798525) AND (id <= 3798625))

table 4 : explain SELECT id, c FROM sbtest4 WHERE id BETWEEN 3798525 AND 3798625
	Index Scan using sbtest4_pkey on sbtest4  (cost=0.43..405.24 rows=102 width=125)
	  Index Cond: ((id >= 3798525) AND (id <= 3798625))

table 5 : explain SELECT id, c FROM sbtest5 WHERE id BETWEEN 3798525 AND 3798625
	Index Scan using sbtest5_pkey on sbtest5  (cost=0.43..389.04 rows=98 width=125)
	  Index Cond: ((id >= 3798525) AND (id <= 3798625))

table 6 : explain SELECT id, c FROM sbtest6 WHERE id BETWEEN 3798525 AND 3798625
	Index Scan using sbtest6_pkey on sbtest6  (cost=0.43..366.30 rows=92 width=125)
	  Index Cond: ((id >= 3798525) AND (id <= 3798625))

table 7 : explain SELECT id, c FROM sbtest7 WHERE id BETWEEN 3798525 AND 3798625
	Index Scan using sbtest7_pkey on sbtest7  (cost=0.43..429.17 rows=108 width=125)
	  Index Cond: ((id >= 3798525) AND (id <= 3798625))

table 8 : explain SELECT id, c FROM sbtest8 WHERE id BETWEEN 3798525 AND 3798625
	Index Scan using sbtest8_pkey on sbtest8  (cost=0.43..413.67 rows=104 width=125)
	  Index Cond: ((id >= 3798525) AND (id <= 3798625))

for range-notcovered
table 1 : explain SELECT id, c FROM sbtest1 WHERE id BETWEEN 5675989 AND 5676089
	Index Scan using sbtest1_pkey on sbtest1  (cost=0.43..398.19 rows=100 width=125)
	  Index Cond: ((id >= 5675989) AND (id <= 5676089))

table 2 : explain SELECT id, c FROM sbtest2 WHERE id BETWEEN 5675989 AND 5676089
	Index Scan using sbtest2_pkey on sbtest2  (cost=0.43..379.28 rows=95 width=125)
	  Index Cond: ((id >= 5675989) AND (id <= 5676089))

table 3 : explain SELECT id, c FROM sbtest3 WHERE id BETWEEN 5675989 AND 5676089
	Index Scan using sbtest3_pkey on sbtest3  (cost=0.43..409.49 rows=103 width=125)
	  Index Cond: ((id >= 5675989) AND (id <= 5676089))

table 4 : explain SELECT id, c FROM sbtest4 WHERE id BETWEEN 5675989 AND 5676089
	Index Scan using sbtest4_pkey on sbtest4  (cost=0.43..424.88 rows=107 width=125)
	  Index Cond: ((id >= 5675989) AND (id <= 5676089))

table 5 : explain SELECT id, c FROM sbtest5 WHERE id BETWEEN 5675989 AND 5676089
	Index Scan using sbtest5_pkey on sbtest5  (cost=0.43..412.58 rows=104 width=125)
	  Index Cond: ((id >= 5675989) AND (id <= 5676089))

table 6 : explain SELECT id, c FROM sbtest6 WHERE id BETWEEN 5675989 AND 5676089
	Index Scan using sbtest6_pkey on sbtest6  (cost=0.43..382.05 rows=96 width=125)
	  Index Cond: ((id >= 5675989) AND (id <= 5676089))

table 7 : explain SELECT id, c FROM sbtest7 WHERE id BETWEEN 5675989 AND 5676089
	Index Scan using sbtest7_pkey on sbtest7  (cost=0.43..421.31 rows=106 width=125)
	  Index Cond: ((id >= 5675989) AND (id <= 5676089))

table 8 : explain SELECT id, c FROM sbtest8 WHERE id BETWEEN 5675989 AND 5676089
	Index Scan using sbtest8_pkey on sbtest8  (cost=0.43..425.47 rows=107 width=125)
	  Index Cond: ((id >= 5675989) AND (id <= 5676089))

explain: for range-notcovered :: explain SELECT id, c FROM sbtest%d WHERE id BETWEEN 4183242 AND 4183342
explain: for range-notcovered :: explain SELECT id, c FROM sbtest%d WHERE id BETWEEN 3798525 AND 3798625
explain: for range-notcovered :: explain SELECT id, c FROM sbtest%d WHERE id BETWEEN 5675989 AND 5676089
explain: for range-notcovered :: explain SELECT id, c FROM sbtest%d WHERE id BETWEEN 4690537 AND 4690637
for range-notcovered
table 1 : explain SELECT id, c FROM sbtest1 WHERE id BETWEEN 7753861 AND 7753961
	Index Scan using sbtest1_pkey on sbtest1  (cost=0.43..425.75 rows=107 width=125)
	  Index Cond: ((id >= 7753861) AND (id <= 7753961))

table 2 : explain SELECT id, c FROM sbtest2 WHERE id BETWEEN 7753861 AND 7753961
	Index Scan using sbtest2_pkey on sbtest2  (cost=0.43..359.55 rows=90 width=125)
	  Index Cond: ((id >= 7753861) AND (id <= 7753961))

table 3 : explain SELECT id, c FROM sbtest3 WHERE id BETWEEN 7753861 AND 7753961
	Index Scan using sbtest3_pkey on sbtest3  (cost=0.43..429.15 rows=108 width=125)
	  Index Cond: ((id >= 7753861) AND (id <= 7753961))

table 4 : explain SELECT id, c FROM sbtest4 WHERE id BETWEEN 7753861 AND 7753961
	Index Scan using sbtest4_pkey on sbtest4  (cost=0.43..420.95 rows=106 width=125)
	  Index Cond: ((id >= 7753861) AND (id <= 7753961))

table 5 : explain SELECT id, c FROM sbtest5 WHERE id BETWEEN 7753861 AND 7753961
	Index Scan using sbtest5_pkey on sbtest5  (cost=0.43..447.89 rows=113 width=125)
	  Index Cond: ((id >= 7753861) AND (id <= 7753961))

table 6 : explain SELECT id, c FROM sbtest6 WHERE id BETWEEN 7753861 AND 7753961
	Index Scan using sbtest6_pkey on sbtest6  (cost=0.43..385.99 rows=97 width=125)
	  Index Cond: ((id >= 7753861) AND (id <= 7753961))

table 7 : explain SELECT id, c FROM sbtest7 WHERE id BETWEEN 7753861 AND 7753961
	Index Scan using sbtest7_pkey on sbtest7  (cost=0.43..366.27 rows=92 width=125)
	  Index Cond: ((id >= 7753861) AND (id <= 7753961))

table 8 : explain SELECT id, c FROM sbtest8 WHERE id BETWEEN 7753861 AND 7753961
	Index Scan using sbtest8_pkey on sbtest8  (cost=0.43..401.87 rows=101 width=125)
	  Index Cond: ((id >= 7753861) AND (id <= 7753961))

explain: for range-notcovered :: explain SELECT id, c FROM sbtest%d WHERE id BETWEEN 7753861 AND 7753961
for range-notcovered
table 1 : explain SELECT id, c FROM sbtest1 WHERE id BETWEEN 5988264 AND 5988364
	Index Scan using sbtest1_pkey on sbtest1  (cost=0.43..402.13 rows=101 width=125)
	  Index Cond: ((id >= 5988264) AND (id <= 5988364))

table 2 : explain SELECT id, c FROM sbtest2 WHERE id BETWEEN 5988264 AND 5988364
	Index Scan using sbtest2_pkey on sbtest2  (cost=0.43..355.61 rows=89 width=125)
	  Index Cond: ((id >= 5988264) AND (id <= 5988364))

table 3 : explain SELECT id, c FROM sbtest3 WHERE id BETWEEN 5988264 AND 5988364
	Index Scan using sbtest3_pkey on sbtest3  (cost=0.43..413.42 rows=104 width=125)
	  Index Cond: ((id >= 5988264) AND (id <= 5988364))

table 4 : explain SELECT id, c FROM sbtest4 WHERE id BETWEEN 5988264 AND 5988364
	Index Scan using sbtest4_pkey on sbtest4  (cost=0.43..381.67 rows=96 width=125)
	  Index Cond: ((id >= 5988264) AND (id <= 5988364))

table 5 : explain SELECT id, c FROM sbtest5 WHERE id BETWEEN 5988264 AND 5988364
	Index Scan using sbtest5_pkey on sbtest5  (cost=0.43..412.58 rows=104 width=125)
	  Index Cond: ((id >= 5988264) AND (id <= 5988364))

table 6 : explain SELECT id, c FROM sbtest6 WHERE id BETWEEN 5988264 AND 5988364
	Index Scan using sbtest6_pkey on sbtest6  (cost=0.43..417.44 rows=105 width=125)
	  Index Cond: ((id >= 5988264) AND (id <= 5988364))

table 7 : explain SELECT id, c FROM sbtest7 WHERE id BETWEEN 5988264 AND 5988364
	Index Scan using sbtest7_pkey on sbtest7  (cost=0.43..393.79 rows=99 width=125)
	  Index Cond: ((id >= 5988264) AND (id <= 5988364))

table 8 : explain SELECT id, c FROM sbtest8 WHERE id BETWEEN 5988264 AND 5988364
	Index Scan using sbtest8_pkey on sbtest8  (cost=0.43..382.18 rows=96 width=125)
	  Index Cond: ((id >= 5988264) AND (id <= 5988364))

for range-notcovered
table 1 : explain SELECT id, c FROM sbtest1 WHERE id BETWEEN 3112729 AND 3112829
	Index Scan using sbtest1_pkey on sbtest1  (cost=0.43..394.26 rows=99 width=125)
	  Index Cond: ((id >= 3112729) AND (id <= 3112829))

table 2 : explain SELECT id, c FROM sbtest2 WHERE id BETWEEN 3112729 AND 3112829
	Index Scan using sbtest2_pkey on sbtest2  (cost=0.43..410.85 rows=103 width=125)
	  Index Cond: ((id >= 3112729) AND (id <= 3112829))

table 3 : explain SELECT id, c FROM sbtest3 WHERE id BETWEEN 3112729 AND 3112829
	Index Scan using sbtest3_pkey on sbtest3  (cost=0.43..413.42 rows=104 width=125)
	  Index Cond: ((id >= 3112729) AND (id <= 3112829))

table 4 : explain SELECT id, c FROM sbtest4 WHERE id BETWEEN 3112729 AND 3112829
	Index Scan using sbtest4_pkey on sbtest4  (cost=0.43..393.45 rows=99 width=125)
	  Index Cond: ((id >= 3112729) AND (id <= 3112829))

table 5 : explain SELECT id, c FROM sbtest5 WHERE id BETWEEN 3112729 AND 3112829
	Index Scan using sbtest5_pkey on sbtest5  (cost=0.43..389.04 rows=98 width=125)
	  Index Cond: ((id >= 3112729) AND (id <= 3112829))

table 6 : explain SELECT id, c FROM sbtest6 WHERE id BETWEEN 3112729 AND 3112829
	Index Scan using sbtest6_pkey on sbtest6  (cost=0.43..421.37 rows=106 width=125)
	  Index Cond: ((id >= 3112729) AND (id <= 3112829))

table 7 : explain SELECT id, c FROM sbtest7 WHERE id BETWEEN 3112729 AND 3112829
	Index Scan using sbtest7_pkey on sbtest7  (cost=0.43..401.65 rows=101 width=125)
	  Index Cond: ((id >= 3112729) AND (id <= 3112829))

table 8 : explain SELECT id, c FROM sbtest8 WHERE id BETWEEN 3112729 AND 3112829
	Index Scan using sbtest8_pkey on sbtest8  (cost=0.43..488.41 rows=123 width=125)
	  Index Cond: ((id >= 3112729) AND (id <= 3112829))

explain: for range-notcovered :: explain SELECT id, c FROM sbtest%d WHERE id BETWEEN 5988264 AND 5988364
explain: for range-notcovered :: explain SELECT id, c FROM sbtest%d WHERE id BETWEEN 3112729 AND 3112829
for range-notcovered
table 1 : explain SELECT id, c FROM sbtest1 WHERE id BETWEEN 3798525 AND 3798625
	Index Scan using sbtest1_pkey on sbtest1  (cost=0.43..417.87 rows=105 width=125)
	  Index Cond: ((id >= 3798525) AND (id <= 3798625))

table 2 : explain SELECT id, c FROM sbtest2 WHERE id BETWEEN 3798525 AND 3798625
	Index Scan using sbtest2_pkey on sbtest2  (cost=0.43..367.44 rows=92 width=125)
	  Index Cond: ((id >= 3798525) AND (id <= 3798625))

table 3 : explain SELECT id, c FROM sbtest3 WHERE id BETWEEN 3798525 AND 3798625
	Index Scan using sbtest3_pkey on sbtest3  (cost=0.43..409.49 rows=103 width=125)
	  Index Cond: ((id >= 3798525) AND (id <= 3798625))

table 4 : explain SELECT id, c FROM sbtest4 WHERE id BETWEEN 3798525 AND 3798625
	Index Scan using sbtest4_pkey on sbtest4  (cost=0.43..405.24 rows=102 width=125)
	  Index Cond: ((id >= 3798525) AND (id <= 3798625))

table 5 : explain SELECT id, c FROM sbtest5 WHERE id BETWEEN 3798525 AND 3798625
	Index Scan using sbtest5_pkey on sbtest5  (cost=0.43..389.04 rows=98 width=125)
	  Index Cond: ((id >= 3798525) AND (id <= 3798625))

table 6 : explain SELECT id, c FROM sbtest6 WHERE id BETWEEN 3798525 AND 3798625
	Index Scan using sbtest6_pkey on sbtest6  (cost=0.43..366.30 rows=92 width=125)
	  Index Cond: ((id >= 3798525) AND (id <= 3798625))

table 7 : explain SELECT id, c FROM sbtest7 WHERE id BETWEEN 3798525 AND 3798625
	Index Scan using sbtest7_pkey on sbtest7  (cost=0.43..429.17 rows=108 width=125)
	  Index Cond: ((id >= 3798525) AND (id <= 3798625))

table 8 : explain SELECT id, c FROM sbtest8 WHERE id BETWEEN 3798525 AND 3798625
	Index Scan using sbtest8_pkey on sbtest8  (cost=0.43..413.67 rows=104 width=125)
	  Index Cond: ((id >= 3798525) AND (id <= 3798625))

for range-notcovered
table 1 : explain SELECT id, c FROM sbtest1 WHERE id BETWEEN 4183242 AND 4183342
	Index Scan using sbtest1_pkey on sbtest1  (cost=0.43..413.94 rows=104 width=125)
	  Index Cond: ((id >= 4183242) AND (id <= 4183342))

table 2 : explain SELECT id, c FROM sbtest2 WHERE id BETWEEN 4183242 AND 4183342
	Index Scan using sbtest2_pkey on sbtest2  (cost=0.43..379.28 rows=95 width=125)
	  Index Cond: ((id >= 4183242) AND (id <= 4183342))

table 3 : explain SELECT id, c FROM sbtest3 WHERE id BETWEEN 4183242 AND 4183342
	Index Scan using sbtest3_pkey on sbtest3  (cost=0.43..417.35 rows=105 width=125)
	  Index Cond: ((id >= 4183242) AND (id <= 4183342))

table 4 : explain SELECT id, c FROM sbtest4 WHERE id BETWEEN 4183242 AND 4183342
	Index Scan using sbtest4_pkey on sbtest4  (cost=0.43..413.09 rows=104 width=125)
	  Index Cond: ((id >= 4183242) AND (id <= 4183342))

table 5 : explain SELECT id, c FROM sbtest5 WHERE id BETWEEN 4183242 AND 4183342
	Index Scan using sbtest5_pkey on sbtest5  (cost=0.43..404.74 rows=102 width=125)
	  Index Cond: ((id >= 4183242) AND (id <= 4183342))

table 6 : explain SELECT id, c FROM sbtest6 WHERE id BETWEEN 4183242 AND 4183342
	Index Scan using sbtest6_pkey on sbtest6  (cost=0.43..382.05 rows=96 width=125)
	  Index Cond: ((id >= 4183242) AND (id <= 4183342))

table 7 : explain SELECT id, c FROM sbtest7 WHERE id BETWEEN 4183242 AND 4183342
	Index Scan using sbtest7_pkey on sbtest7  (cost=0.43..429.17 rows=108 width=125)
	  Index Cond: ((id >= 4183242) AND (id <= 4183342))

table 8 : explain SELECT id, c FROM sbtest8 WHERE id BETWEEN 4183242 AND 4183342
	Index Scan using sbtest8_pkey on sbtest8  (cost=0.43..409.74 rows=103 width=125)
	  Index Cond: ((id >= 4183242) AND (id <= 4183342))

for range-notcovered
table 1 : explain SELECT id, c FROM sbtest1 WHERE id BETWEEN 4316732 AND 4316832
	Index Scan using sbtest1_pkey on sbtest1  (cost=0.43..362.75 rows=91 width=125)
	  Index Cond: ((id >= 4316732) AND (id <= 4316832))

table 2 : explain SELECT id, c FROM sbtest2 WHERE id BETWEEN 4316732 AND 4316832
	Index Scan using sbtest2_pkey on sbtest2  (cost=0.43..406.91 rows=102 width=125)
	  Index Cond: ((id >= 4316732) AND (id <= 4316832))

table 3 : explain SELECT id, c FROM sbtest3 WHERE id BETWEEN 4316732 AND 4316832
	Index Scan using sbtest3_pkey on sbtest3  (cost=0.43..401.63 rows=101 width=125)
	  Index Cond: ((id >= 4316732) AND (id <= 4316832))

table 4 : explain SELECT id, c FROM sbtest4 WHERE id BETWEEN 4316732 AND 4316832
	Index Scan using sbtest4_pkey on sbtest4  (cost=0.43..401.31 rows=101 width=125)
	  Index Cond: ((id >= 4316732) AND (id <= 4316832))

table 5 : explain SELECT id, c FROM sbtest5 WHERE id BETWEEN 4316732 AND 4316832
	Index Scan using sbtest5_pkey on sbtest5  (cost=0.43..381.17 rows=96 width=125)
	  Index Cond: ((id >= 4316732) AND (id <= 4316832))

table 6 : explain SELECT id, c FROM sbtest6 WHERE id BETWEEN 4316732 AND 4316832
	Index Scan using sbtest6_pkey on sbtest6  (cost=0.43..366.30 rows=92 width=125)
	  Index Cond: ((id >= 4316732) AND (id <= 4316832))

table 7 : explain SELECT id, c FROM sbtest7 WHERE id BETWEEN 4316732 AND 4316832
	Index Scan using sbtest7_pkey on sbtest7  (cost=0.43..370.20 rows=93 width=125)
	  Index Cond: ((id >= 4316732) AND (id <= 4316832))

table 8 : explain SELECT id, c FROM sbtest8 WHERE id BETWEEN 4316732 AND 4316832
	Index Scan using sbtest8_pkey on sbtest8  (cost=0.43..394.00 rows=99 width=125)
	  Index Cond: ((id >= 4316732) AND (id <= 4316832))

explain: for range-notcovered :: explain SELECT id, c FROM sbtest%d WHERE id BETWEEN 3798525 AND 3798625
explain: for range-notcovered :: explain SELECT id, c FROM sbtest%d WHERE id BETWEEN 4316732 AND 4316832
for range-notcovered
table 1 : explain SELECT id, c FROM sbtest1 WHERE id BETWEEN 7753861 AND 7753961
	Index Scan using sbtest1_pkey on sbtest1  (cost=0.43..425.75 rows=107 width=125)
	  Index Cond: ((id >= 7753861) AND (id <= 7753961))

table 2 : explain SELECT id, c FROM sbtest2 WHERE id BETWEEN 7753861 AND 7753961
	Index Scan using sbtest2_pkey on sbtest2  (cost=0.43..359.55 rows=90 width=125)
	  Index Cond: ((id >= 7753861) AND (id <= 7753961))

table 3 : explain SELECT id, c FROM sbtest3 WHERE id BETWEEN 7753861 AND 7753961
	Index Scan using sbtest3_pkey on sbtest3  (cost=0.43..429.15 rows=108 width=125)
	  Index Cond: ((id >= 7753861) AND (id <= 7753961))

table 4 : explain SELECT id, c FROM sbtest4 WHERE id BETWEEN 7753861 AND 7753961
	Index Scan using sbtest4_pkey on sbtest4  (cost=0.43..420.95 rows=106 width=125)
	  Index Cond: ((id >= 7753861) AND (id <= 7753961))

table 5 : explain SELECT id, c FROM sbtest5 WHERE id BETWEEN 7753861 AND 7753961
	Index Scan using sbtest5_pkey on sbtest5  (cost=0.43..447.89 rows=113 width=125)
	  Index Cond: ((id >= 7753861) AND (id <= 7753961))

table 6 : explain SELECT id, c FROM sbtest6 WHERE id BETWEEN 7753861 AND 7753961
	Index Scan using sbtest6_pkey on sbtest6  (cost=0.43..385.99 rows=97 width=125)
	  Index Cond: ((id >= 7753861) AND (id <= 7753961))

table 7 : explain SELECT id, c FROM sbtest7 WHERE id BETWEEN 7753861 AND 7753961
	Index Scan using sbtest7_pkey on sbtest7  (cost=0.43..366.27 rows=92 width=125)
	  Index Cond: ((id >= 7753861) AND (id <= 7753961))

table 8 : explain SELECT id, c FROM sbtest8 WHERE id BETWEEN 7753861 AND 7753961
	Index Scan using sbtest8_pkey on sbtest8  (cost=0.43..401.87 rows=101 width=125)
	  Index Cond: ((id >= 7753861) AND (id <= 7753961))

for range-notcovered
table 1 : explain SELECT id, c FROM sbtest1 WHERE id BETWEEN 5675989 AND 5676089
	Index Scan using sbtest1_pkey on sbtest1  (cost=0.43..398.19 rows=100 width=125)
	  Index Cond: ((id >= 5675989) AND (id <= 5676089))

table 2 : explain SELECT id, c FROM sbtest2 WHERE id BETWEEN 5675989 AND 5676089
	Index Scan using sbtest2_pkey on sbtest2  (cost=0.43..379.28 rows=95 width=125)
	  Index Cond: ((id >= 5675989) AND (id <= 5676089))

table 3 : explain SELECT id, c FROM sbtest3 WHERE id BETWEEN 5675989 AND 5676089
	Index Scan using sbtest3_pkey on sbtest3  (cost=0.43..409.49 rows=103 width=125)
	  Index Cond: ((id >= 5675989) AND (id <= 5676089))

table 4 : explain SELECT id, c FROM sbtest4 WHERE id BETWEEN 5675989 AND 5676089
	Index Scan using sbtest4_pkey on sbtest4  (cost=0.43..424.88 rows=107 width=125)
	  Index Cond: ((id >= 5675989) AND (id <= 5676089))

table 5 : explain SELECT id, c FROM sbtest5 WHERE id BETWEEN 5675989 AND 5676089
	Index Scan using sbtest5_pkey on sbtest5  (cost=0.43..412.58 rows=104 width=125)
	  Index Cond: ((id >= 5675989) AND (id <= 5676089))

table 6 : explain SELECT id, c FROM sbtest6 WHERE id BETWEEN 5675989 AND 5676089
	Index Scan using sbtest6_pkey on sbtest6  (cost=0.43..382.05 rows=96 width=125)
	  Index Cond: ((id >= 5675989) AND (id <= 5676089))

table 7 : explain SELECT id, c FROM sbtest7 WHERE id BETWEEN 5675989 AND 5676089
	Index Scan using sbtest7_pkey on sbtest7  (cost=0.43..421.31 rows=106 width=125)
	  Index Cond: ((id >= 5675989) AND (id <= 5676089))

table 8 : explain SELECT id, c FROM sbtest8 WHERE id BETWEEN 5675989 AND 5676089
	Index Scan using sbtest8_pkey on sbtest8  (cost=0.43..425.47 rows=107 width=125)
	  Index Cond: ((id >= 5675989) AND (id <= 5676089))

explain: for range-notcovered :: explain SELECT id, c FROM sbtest%d WHERE id BETWEEN 7753861 AND 7753961
for range-notcovered
table 1 : explain SELECT id, c FROM sbtest1 WHERE id BETWEEN 5988264 AND 5988364
	Index Scan using sbtest1_pkey on sbtest1  (cost=0.43..402.13 rows=101 width=125)
	  Index Cond: ((id >= 5988264) AND (id <= 5988364))

table 2 : explain SELECT id, c FROM sbtest2 WHERE id BETWEEN 5988264 AND 5988364
	Index Scan using sbtest2_pkey on sbtest2  (cost=0.43..355.61 rows=89 width=125)
	  Index Cond: ((id >= 5988264) AND (id <= 5988364))

table 3 : explain SELECT id, c FROM sbtest3 WHERE id BETWEEN 5988264 AND 5988364
	Index Scan using sbtest3_pkey on sbtest3  (cost=0.43..413.42 rows=104 width=125)
	  Index Cond: ((id >= 5988264) AND (id <= 5988364))

table 4 : explain SELECT id, c FROM sbtest4 WHERE id BETWEEN 5988264 AND 5988364
	Index Scan using sbtest4_pkey on sbtest4  (cost=0.43..381.67 rows=96 width=125)
	  Index Cond: ((id >= 5988264) AND (id <= 5988364))

table 5 : explain SELECT id, c FROM sbtest5 WHERE id BETWEEN 5988264 AND 5988364
	Index Scan using sbtest5_pkey on sbtest5  (cost=0.43..412.58 rows=104 width=125)
	  Index Cond: ((id >= 5988264) AND (id <= 5988364))

table 6 : explain SELECT id, c FROM sbtest6 WHERE id BETWEEN 5988264 AND 5988364
	Index Scan using sbtest6_pkey on sbtest6  (cost=0.43..417.44 rows=105 width=125)
	  Index Cond: ((id >= 5988264) AND (id <= 5988364))

table 7 : explain SELECT id, c FROM sbtest7 WHERE id BETWEEN 5988264 AND 5988364
	Index Scan using sbtest7_pkey on sbtest7  (cost=0.43..393.79 rows=99 width=125)
	  Index Cond: ((id >= 5988264) AND (id <= 5988364))

table 8 : explain SELECT id, c FROM sbtest8 WHERE id BETWEEN 5988264 AND 5988364
	Index Scan using sbtest8_pkey on sbtest8  (cost=0.43..382.18 rows=96 width=125)
	  Index Cond: ((id >= 5988264) AND (id <= 5988364))

explain: for range-notcovered :: explain SELECT id, c FROM sbtest%d WHERE id BETWEEN 5675989 AND 5676089
explain: for range-notcovered :: explain SELECT id, c FROM sbtest%d WHERE id BETWEEN 8724377 AND 8724477
for range-notcovered
table 1 : explain SELECT id, c FROM sbtest1 WHERE id BETWEEN 3112729 AND 3112829
	Index Scan using sbtest1_pkey on sbtest1  (cost=0.43..394.26 rows=99 width=125)
	  Index Cond: ((id >= 3112729) AND (id <= 3112829))

table 2 : explain SELECT id, c FROM sbtest2 WHERE id BETWEEN 3112729 AND 3112829
	Index Scan using sbtest2_pkey on sbtest2  (cost=0.43..410.85 rows=103 width=125)
	  Index Cond: ((id >= 3112729) AND (id <= 3112829))

table 3 : explain SELECT id, c FROM sbtest3 WHERE id BETWEEN 3112729 AND 3112829
	Index Scan using sbtest3_pkey on sbtest3  (cost=0.43..413.42 rows=104 width=125)
	  Index Cond: ((id >= 3112729) AND (id <= 3112829))

table 4 : explain SELECT id, c FROM sbtest4 WHERE id BETWEEN 3112729 AND 3112829
	Index Scan using sbtest4_pkey on sbtest4  (cost=0.43..393.45 rows=99 width=125)
	  Index Cond: ((id >= 3112729) AND (id <= 3112829))

table 5 : explain SELECT id, c FROM sbtest5 WHERE id BETWEEN 3112729 AND 3112829
	Index Scan using sbtest5_pkey on sbtest5  (cost=0.43..389.04 rows=98 width=125)
	  Index Cond: ((id >= 3112729) AND (id <= 3112829))

table 6 : explain SELECT id, c FROM sbtest6 WHERE id BETWEEN 3112729 AND 3112829
	Index Scan using sbtest6_pkey on sbtest6  (cost=0.43..421.37 rows=106 width=125)
	  Index Cond: ((id >= 3112729) AND (id <= 3112829))

table 7 : explain SELECT id, c FROM sbtest7 WHERE id BETWEEN 3112729 AND 3112829
	Index Scan using sbtest7_pkey on sbtest7  (cost=0.43..401.65 rows=101 width=125)
	  Index Cond: ((id >= 3112729) AND (id <= 3112829))

table 8 : explain SELECT id, c FROM sbtest8 WHERE id BETWEEN 3112729 AND 3112829
	Index Scan using sbtest8_pkey on sbtest8  (cost=0.43..488.41 rows=123 width=125)
	  Index Cond: ((id >= 3112729) AND (id <= 3112829))

explain: for range-notcovered :: explain SELECT id, c FROM sbtest%d WHERE id BETWEEN 3112729 AND 3112829
for range-notcovered
table 1 : explain SELECT id, c FROM sbtest1 WHERE id BETWEEN 3798525 AND 3798625
	Index Scan using sbtest1_pkey on sbtest1  (cost=0.43..417.87 rows=105 width=125)
	  Index Cond: ((id >= 3798525) AND (id <= 3798625))

table 2 : explain SELECT id, c FROM sbtest2 WHERE id BETWEEN 3798525 AND 3798625
	Index Scan using sbtest2_pkey on sbtest2  (cost=0.43..367.44 rows=92 width=125)
	  Index Cond: ((id >= 3798525) AND (id <= 3798625))

table 3 : explain SELECT id, c FROM sbtest3 WHERE id BETWEEN 3798525 AND 3798625
	Index Scan using sbtest3_pkey on sbtest3  (cost=0.43..409.49 rows=103 width=125)
	  Index Cond: ((id >= 3798525) AND (id <= 3798625))

table 4 : explain SELECT id, c FROM sbtest4 WHERE id BETWEEN 3798525 AND 3798625
	Index Scan using sbtest4_pkey on sbtest4  (cost=0.43..405.24 rows=102 width=125)
	  Index Cond: ((id >= 3798525) AND (id <= 3798625))

table 5 : explain SELECT id, c FROM sbtest5 WHERE id BETWEEN 3798525 AND 3798625
	Index Scan using sbtest5_pkey on sbtest5  (cost=0.43..389.04 rows=98 width=125)
	  Index Cond: ((id >= 3798525) AND (id <= 3798625))

table 6 : explain SELECT id, c FROM sbtest6 WHERE id BETWEEN 3798525 AND 3798625
	Index Scan using sbtest6_pkey on sbtest6  (cost=0.43..366.30 rows=92 width=125)
	  Index Cond: ((id >= 3798525) AND (id <= 3798625))

table 7 : explain SELECT id, c FROM sbtest7 WHERE id BETWEEN 3798525 AND 3798625
	Index Scan using sbtest7_pkey on sbtest7  (cost=0.43..429.17 rows=108 width=125)
	  Index Cond: ((id >= 3798525) AND (id <= 3798625))

table 8 : explain SELECT id, c FROM sbtest8 WHERE id BETWEEN 3798525 AND 3798625
	Index Scan using sbtest8_pkey on sbtest8  (cost=0.43..413.67 rows=104 width=125)
	  Index Cond: ((id >= 3798525) AND (id <= 3798625))

explain: for range-notcovered :: explain SELECT id, c FROM sbtest%d WHERE id BETWEEN 3798525 AND 3798625
for range-notcovered
table 1 : explain SELECT id, c FROM sbtest1 WHERE id BETWEEN 4690537 AND 4690637
	Index Scan using sbtest1_pkey on sbtest1  (cost=0.43..398.19 rows=100 width=125)
	  Index Cond: ((id >= 4690537) AND (id <= 4690637))

table 2 : explain SELECT id, c FROM sbtest2 WHERE id BETWEEN 4690537 AND 4690637
	Index Scan using sbtest2_pkey on sbtest2  (cost=0.43..379.28 rows=95 width=125)
	  Index Cond: ((id >= 4690537) AND (id <= 4690637))

table 3 : explain SELECT id, c FROM sbtest3 WHERE id BETWEEN 4690537 AND 4690637
	Index Scan using sbtest3_pkey on sbtest3  (cost=0.43..362.32 rows=91 width=125)
	  Index Cond: ((id >= 4690537) AND (id <= 4690637))

table 4 : explain SELECT id, c FROM sbtest4 WHERE id BETWEEN 4690537 AND 4690637
	Index Scan using sbtest4_pkey on sbtest4  (cost=0.43..362.01 rows=91 width=125)
	  Index Cond: ((id >= 4690537) AND (id <= 4690637))

table 5 : explain SELECT id, c FROM sbtest5 WHERE id BETWEEN 4690537 AND 4690637
	Index Scan using sbtest5_pkey on sbtest5  (cost=0.43..396.89 rows=100 width=125)
	  Index Cond: ((id >= 4690537) AND (id <= 4690637))

table 6 : explain SELECT id, c FROM sbtest6 WHERE id BETWEEN 4690537 AND 4690637
	Index Scan using sbtest6_pkey on sbtest6  (cost=0.43..382.05 rows=96 width=125)
	  Index Cond: ((id >= 4690537) AND (id <= 4690637))

table 7 : explain SELECT id, c FROM sbtest7 WHERE id BETWEEN 4690537 AND 4690637
	Index Scan using sbtest7_pkey on sbtest7  (cost=0.43..413.44 rows=104 width=125)
	  Index Cond: ((id >= 4690537) AND (id <= 4690637))

table 8 : explain SELECT id, c FROM sbtest8 WHERE id BETWEEN 4690537 AND 4690637
	Index Scan using sbtest8_pkey on sbtest8  (cost=0.43..386.11 rows=97 width=125)
	  Index Cond: ((id >= 4690537) AND (id <= 4690637))

explain: for range-notcovered :: explain SELECT id, c FROM sbtest%d WHERE id BETWEEN 5288112 AND 5288212
for range-notcovered
table 1 : explain SELECT id, c FROM sbtest1 WHERE id BETWEEN 3112729 AND 3112829
	Index Scan using sbtest1_pkey on sbtest1  (cost=0.43..394.26 rows=99 width=125)
	  Index Cond: ((id >= 3112729) AND (id <= 3112829))

table 2 : explain SELECT id, c FROM sbtest2 WHERE id BETWEEN 3112729 AND 3112829
	Index Scan using sbtest2_pkey on sbtest2  (cost=0.43..410.85 rows=103 width=125)
	  Index Cond: ((id >= 3112729) AND (id <= 3112829))

table 3 : explain SELECT id, c FROM sbtest3 WHERE id BETWEEN 3112729 AND 3112829
	Index Scan using sbtest3_pkey on sbtest3  (cost=0.43..413.42 rows=104 width=125)
	  Index Cond: ((id >= 3112729) AND (id <= 3112829))

table 4 : explain SELECT id, c FROM sbtest4 WHERE id BETWEEN 3112729 AND 3112829
	Index Scan using sbtest4_pkey on sbtest4  (cost=0.43..393.45 rows=99 width=125)
	  Index Cond: ((id >= 3112729) AND (id <= 3112829))

table 5 : explain SELECT id, c FROM sbtest5 WHERE id BETWEEN 3112729 AND 3112829
	Index Scan using sbtest5_pkey on sbtest5  (cost=0.43..389.04 rows=98 width=125)
	  Index Cond: ((id >= 3112729) AND (id <= 3112829))

table 6 : explain SELECT id, c FROM sbtest6 WHERE id BETWEEN 3112729 AND 3112829
	Index Scan using sbtest6_pkey on sbtest6  (cost=0.43..421.37 rows=106 width=125)
	  Index Cond: ((id >= 3112729) AND (id <= 3112829))

table 7 : explain SELECT id, c FROM sbtest7 WHERE id BETWEEN 3112729 AND 3112829
	Index Scan using sbtest7_pkey on sbtest7  (cost=0.43..401.65 rows=101 width=125)
	  Index Cond: ((id >= 3112729) AND (id <= 3112829))

table 8 : explain SELECT id, c FROM sbtest8 WHERE id BETWEEN 3112729 AND 3112829
	Index Scan using sbtest8_pkey on sbtest8  (cost=0.43..488.41 rows=123 width=125)
	  Index Cond: ((id >= 3112729) AND (id <= 3112829))

for range-notcovered
table 1 : explain SELECT id, c FROM sbtest1 WHERE id BETWEEN 4316732 AND 4316832
	Index Scan using sbtest1_pkey on sbtest1  (cost=0.43..362.75 rows=91 width=125)
	  Index Cond: ((id >= 4316732) AND (id <= 4316832))

table 2 : explain SELECT id, c FROM sbtest2 WHERE id BETWEEN 4316732 AND 4316832
	Index Scan using sbtest2_pkey on sbtest2  (cost=0.43..406.91 rows=102 width=125)
	  Index Cond: ((id >= 4316732) AND (id <= 4316832))

table 3 : explain SELECT id, c FROM sbtest3 WHERE id BETWEEN 4316732 AND 4316832
	Index Scan using sbtest3_pkey on sbtest3  (cost=0.43..401.63 rows=101 width=125)
	  Index Cond: ((id >= 4316732) AND (id <= 4316832))

table 4 : explain SELECT id, c FROM sbtest4 WHERE id BETWEEN 4316732 AND 4316832
	Index Scan using sbtest4_pkey on sbtest4  (cost=0.43..401.31 rows=101 width=125)
	  Index Cond: ((id >= 4316732) AND (id <= 4316832))

table 5 : explain SELECT id, c FROM sbtest5 WHERE id BETWEEN 4316732 AND 4316832
	Index Scan using sbtest5_pkey on sbtest5  (cost=0.43..381.17 rows=96 width=125)
	  Index Cond: ((id >= 4316732) AND (id <= 4316832))

table 6 : explain SELECT id, c FROM sbtest6 WHERE id BETWEEN 4316732 AND 4316832
	Index Scan using sbtest6_pkey on sbtest6  (cost=0.43..366.30 rows=92 width=125)
	  Index Cond: ((id >= 4316732) AND (id <= 4316832))

table 7 : explain SELECT id, c FROM sbtest7 WHERE id BETWEEN 4316732 AND 4316832
	Index Scan using sbtest7_pkey on sbtest7  (cost=0.43..370.20 rows=93 width=125)
	  Index Cond: ((id >= 4316732) AND (id <= 4316832))

table 8 : explain SELECT id, c FROM sbtest8 WHERE id BETWEEN 4316732 AND 4316832
	Index Scan using sbtest8_pkey on sbtest8  (cost=0.43..394.00 rows=99 width=125)
	  Index Cond: ((id >= 4316732) AND (id <= 4316832))

explain: for range-notcovered :: explain SELECT id, c FROM sbtest%d WHERE id BETWEEN 3112729 AND 3112829
for range-notcovered
table 1 : explain SELECT id, c FROM sbtest1 WHERE id BETWEEN 5675989 AND 5676089
	Index Scan using sbtest1_pkey on sbtest1  (cost=0.43..398.19 rows=100 width=125)
	  Index Cond: ((id >= 5675989) AND (id <= 5676089))

table 2 : explain SELECT id, c FROM sbtest2 WHERE id BETWEEN 5675989 AND 5676089
	Index Scan using sbtest2_pkey on sbtest2  (cost=0.43..379.28 rows=95 width=125)
	  Index Cond: ((id >= 5675989) AND (id <= 5676089))

table 3 : explain SELECT id, c FROM sbtest3 WHERE id BETWEEN 5675989 AND 5676089
	Index Scan using sbtest3_pkey on sbtest3  (cost=0.43..409.49 rows=103 width=125)
	  Index Cond: ((id >= 5675989) AND (id <= 5676089))

table 4 : explain SELECT id, c FROM sbtest4 WHERE id BETWEEN 5675989 AND 5676089
	Index Scan using sbtest4_pkey on sbtest4  (cost=0.43..424.88 rows=107 width=125)
	  Index Cond: ((id >= 5675989) AND (id <= 5676089))

table 5 : explain SELECT id, c FROM sbtest5 WHERE id BETWEEN 5675989 AND 5676089
	Index Scan using sbtest5_pkey on sbtest5  (cost=0.43..412.58 rows=104 width=125)
	  Index Cond: ((id >= 5675989) AND (id <= 5676089))

table 6 : explain SELECT id, c FROM sbtest6 WHERE id BETWEEN 5675989 AND 5676089
	Index Scan using sbtest6_pkey on sbtest6  (cost=0.43..382.05 rows=96 width=125)
	  Index Cond: ((id >= 5675989) AND (id <= 5676089))

table 7 : explain SELECT id, c FROM sbtest7 WHERE id BETWEEN 5675989 AND 5676089
	Index Scan using sbtest7_pkey on sbtest7  (cost=0.43..421.31 rows=106 width=125)
	  Index Cond: ((id >= 5675989) AND (id <= 5676089))

table 8 : explain SELECT id, c FROM sbtest8 WHERE id BETWEEN 5675989 AND 5676089
	Index Scan using sbtest8_pkey on sbtest8  (cost=0.43..425.47 rows=107 width=125)
	  Index Cond: ((id >= 5675989) AND (id <= 5676089))

explain: for range-notcovered :: explain SELECT id, c FROM sbtest%d WHERE id BETWEEN 4316732 AND 4316832
explain: for range-notcovered :: explain SELECT id, c FROM sbtest%d WHERE id BETWEEN 9353471 AND 9353571
explain: for range-notcovered :: explain SELECT id, c FROM sbtest%d WHERE id BETWEEN 5675989 AND 5676089
explain: for range-notcovered :: explain SELECT id, c FROM sbtest%d WHERE id BETWEEN 6619201 AND 6619301
for range-notcovered
table 1 : explain SELECT id, c FROM sbtest1 WHERE id BETWEEN 3798525 AND 3798625
	Index Scan using sbtest1_pkey on sbtest1  (cost=0.43..417.87 rows=105 width=125)
	  Index Cond: ((id >= 3798525) AND (id <= 3798625))

table 2 : explain SELECT id, c FROM sbtest2 WHERE id BETWEEN 3798525 AND 3798625
	Index Scan using sbtest2_pkey on sbtest2  (cost=0.43..367.44 rows=92 width=125)
	  Index Cond: ((id >= 3798525) AND (id <= 3798625))

table 3 : explain SELECT id, c FROM sbtest3 WHERE id BETWEEN 3798525 AND 3798625
	Index Scan using sbtest3_pkey on sbtest3  (cost=0.43..409.49 rows=103 width=125)
	  Index Cond: ((id >= 3798525) AND (id <= 3798625))

table 4 : explain SELECT id, c FROM sbtest4 WHERE id BETWEEN 3798525 AND 3798625
	Index Scan using sbtest4_pkey on sbtest4  (cost=0.43..405.24 rows=102 width=125)
	  Index Cond: ((id >= 3798525) AND (id <= 3798625))

table 5 : explain SELECT id, c FROM sbtest5 WHERE id BETWEEN 3798525 AND 3798625
	Index Scan using sbtest5_pkey on sbtest5  (cost=0.43..389.04 rows=98 width=125)
	  Index Cond: ((id >= 3798525) AND (id <= 3798625))

table 6 : explain SELECT id, c FROM sbtest6 WHERE id BETWEEN 3798525 AND 3798625
	Index Scan using sbtest6_pkey on sbtest6  (cost=0.43..366.30 rows=92 width=125)
	  Index Cond: ((id >= 3798525) AND (id <= 3798625))

table 7 : explain SELECT id, c FROM sbtest7 WHERE id BETWEEN 3798525 AND 3798625
	Index Scan using sbtest7_pkey on sbtest7  (cost=0.43..429.17 rows=108 width=125)
	  Index Cond: ((id >= 3798525) AND (id <= 3798625))

table 8 : explain SELECT id, c FROM sbtest8 WHERE id BETWEEN 3798525 AND 3798625
	Index Scan using sbtest8_pkey on sbtest8  (cost=0.43..413.67 rows=104 width=125)
	  Index Cond: ((id >= 3798525) AND (id <= 3798625))

explain: for range-notcovered :: explain SELECT id, c FROM sbtest%d WHERE id BETWEEN 3798525 AND 3798625
for range-notcovered
table 1 : explain SELECT id, c FROM sbtest1 WHERE id BETWEEN 7753861 AND 7753961
	Index Scan using sbtest1_pkey on sbtest1  (cost=0.43..425.75 rows=107 width=125)
	  Index Cond: ((id >= 7753861) AND (id <= 7753961))

table 2 : explain SELECT id, c FROM sbtest2 WHERE id BETWEEN 7753861 AND 7753961
	Index Scan using sbtest2_pkey on sbtest2  (cost=0.43..359.55 rows=90 width=125)
	  Index Cond: ((id >= 7753861) AND (id <= 7753961))

table 3 : explain SELECT id, c FROM sbtest3 WHERE id BETWEEN 7753861 AND 7753961
	Index Scan using sbtest3_pkey on sbtest3  (cost=0.43..429.15 rows=108 width=125)
	  Index Cond: ((id >= 7753861) AND (id <= 7753961))

table 4 : explain SELECT id, c FROM sbtest4 WHERE id BETWEEN 7753861 AND 7753961
	Index Scan using sbtest4_pkey on sbtest4  (cost=0.43..420.95 rows=106 width=125)
	  Index Cond: ((id >= 7753861) AND (id <= 7753961))

table 5 : explain SELECT id, c FROM sbtest5 WHERE id BETWEEN 7753861 AND 7753961
	Index Scan using sbtest5_pkey on sbtest5  (cost=0.43..447.89 rows=113 width=125)
	  Index Cond: ((id >= 7753861) AND (id <= 7753961))

table 6 : explain SELECT id, c FROM sbtest6 WHERE id BETWEEN 7753861 AND 7753961
	Index Scan using sbtest6_pkey on sbtest6  (cost=0.43..385.99 rows=97 width=125)
	  Index Cond: ((id >= 7753861) AND (id <= 7753961))

table 7 : explain SELECT id, c FROM sbtest7 WHERE id BETWEEN 7753861 AND 7753961
	Index Scan using sbtest7_pkey on sbtest7  (cost=0.43..366.27 rows=92 width=125)
	  Index Cond: ((id >= 7753861) AND (id <= 7753961))

table 8 : explain SELECT id, c FROM sbtest8 WHERE id BETWEEN 7753861 AND 7753961
	Index Scan using sbtest8_pkey on sbtest8  (cost=0.43..401.87 rows=101 width=125)
	  Index Cond: ((id >= 7753861) AND (id <= 7753961))

for range-notcovered
table 1 : explain SELECT id, c FROM sbtest1 WHERE id BETWEEN 3112729 AND 3112829
	Index Scan using sbtest1_pkey on sbtest1  (cost=0.43..394.26 rows=99 width=125)
	  Index Cond: ((id >= 3112729) AND (id <= 3112829))

table 2 : explain SELECT id, c FROM sbtest2 WHERE id BETWEEN 3112729 AND 3112829
	Index Scan using sbtest2_pkey on sbtest2  (cost=0.43..410.85 rows=103 width=125)
	  Index Cond: ((id >= 3112729) AND (id <= 3112829))

table 3 : explain SELECT id, c FROM sbtest3 WHERE id BETWEEN 3112729 AND 3112829
	Index Scan using sbtest3_pkey on sbtest3  (cost=0.43..413.42 rows=104 width=125)
	  Index Cond: ((id >= 3112729) AND (id <= 3112829))

table 4 : explain SELECT id, c FROM sbtest4 WHERE id BETWEEN 3112729 AND 3112829
	Index Scan using sbtest4_pkey on sbtest4  (cost=0.43..393.45 rows=99 width=125)
	  Index Cond: ((id >= 3112729) AND (id <= 3112829))

table 5 : explain SELECT id, c FROM sbtest5 WHERE id BETWEEN 3112729 AND 3112829
	Index Scan using sbtest5_pkey on sbtest5  (cost=0.43..389.04 rows=98 width=125)
	  Index Cond: ((id >= 3112729) AND (id <= 3112829))

table 6 : explain SELECT id, c FROM sbtest6 WHERE id BETWEEN 3112729 AND 3112829
	Index Scan using sbtest6_pkey on sbtest6  (cost=0.43..421.37 rows=106 width=125)
	  Index Cond: ((id >= 3112729) AND (id <= 3112829))

table 7 : explain SELECT id, c FROM sbtest7 WHERE id BETWEEN 3112729 AND 3112829
	Index Scan using sbtest7_pkey on sbtest7  (cost=0.43..401.65 rows=101 width=125)
	  Index Cond: ((id >= 3112729) AND (id <= 3112829))

table 8 : explain SELECT id, c FROM sbtest8 WHERE id BETWEEN 3112729 AND 3112829
	Index Scan using sbtest8_pkey on sbtest8  (cost=0.43..488.41 rows=123 width=125)
	  Index Cond: ((id >= 3112729) AND (id <= 3112829))

explain: for range-notcovered :: explain SELECT id, c FROM sbtest%d WHERE id BETWEEN 7753861 AND 7753961
for range-notcovered
table 1 : explain SELECT id, c FROM sbtest1 WHERE id BETWEEN 4316732 AND 4316832
	Index Scan using sbtest1_pkey on sbtest1  (cost=0.43..362.75 rows=91 width=125)
	  Index Cond: ((id >= 4316732) AND (id <= 4316832))

table 2 : explain SELECT id, c FROM sbtest2 WHERE id BETWEEN 4316732 AND 4316832
	Index Scan using sbtest2_pkey on sbtest2  (cost=0.43..406.91 rows=102 width=125)
	  Index Cond: ((id >= 4316732) AND (id <= 4316832))

table 3 : explain SELECT id, c FROM sbtest3 WHERE id BETWEEN 4316732 AND 4316832
	Index Scan using sbtest3_pkey on sbtest3  (cost=0.43..401.63 rows=101 width=125)
	  Index Cond: ((id >= 4316732) AND (id <= 4316832))

table 4 : explain SELECT id, c FROM sbtest4 WHERE id BETWEEN 4316732 AND 4316832
	Index Scan using sbtest4_pkey on sbtest4  (cost=0.43..401.31 rows=101 width=125)
	  Index Cond: ((id >= 4316732) AND (id <= 4316832))

table 5 : explain SELECT id, c FROM sbtest5 WHERE id BETWEEN 4316732 AND 4316832
	Index Scan using sbtest5_pkey on sbtest5  (cost=0.43..381.17 rows=96 width=125)
	  Index Cond: ((id >= 4316732) AND (id <= 4316832))

table 6 : explain SELECT id, c FROM sbtest6 WHERE id BETWEEN 4316732 AND 4316832
	Index Scan using sbtest6_pkey on sbtest6  (cost=0.43..366.30 rows=92 width=125)
	  Index Cond: ((id >= 4316732) AND (id <= 4316832))

table 7 : explain SELECT id, c FROM sbtest7 WHERE id BETWEEN 4316732 AND 4316832
	Index Scan using sbtest7_pkey on sbtest7  (cost=0.43..370.20 rows=93 width=125)
	  Index Cond: ((id >= 4316732) AND (id <= 4316832))

table 8 : explain SELECT id, c FROM sbtest8 WHERE id BETWEEN 4316732 AND 4316832
	Index Scan using sbtest8_pkey on sbtest8  (cost=0.43..394.00 rows=99 width=125)
	  Index Cond: ((id >= 4316732) AND (id <= 4316832))

explain: for range-notcovered :: explain SELECT id, c FROM sbtest%d WHERE id BETWEEN 3112729 AND 3112829
for range-notcovered
table 1 : explain SELECT id, c FROM sbtest1 WHERE id BETWEEN 5675989 AND 5676089
	Index Scan using sbtest1_pkey on sbtest1  (cost=0.43..398.19 rows=100 width=125)
	  Index Cond: ((id >= 5675989) AND (id <= 5676089))

table 2 : explain SELECT id, c FROM sbtest2 WHERE id BETWEEN 5675989 AND 5676089
	Index Scan using sbtest2_pkey on sbtest2  (cost=0.43..379.28 rows=95 width=125)
	  Index Cond: ((id >= 5675989) AND (id <= 5676089))

table 3 : explain SELECT id, c FROM sbtest3 WHERE id BETWEEN 5675989 AND 5676089
	Index Scan using sbtest3_pkey on sbtest3  (cost=0.43..409.49 rows=103 width=125)
	  Index Cond: ((id >= 5675989) AND (id <= 5676089))

table 4 : explain SELECT id, c FROM sbtest4 WHERE id BETWEEN 5675989 AND 5676089
	Index Scan using sbtest4_pkey on sbtest4  (cost=0.43..424.88 rows=107 width=125)
	  Index Cond: ((id >= 5675989) AND (id <= 5676089))

table 5 : explain SELECT id, c FROM sbtest5 WHERE id BETWEEN 5675989 AND 5676089
	Index Scan using sbtest5_pkey on sbtest5  (cost=0.43..412.58 rows=104 width=125)
	  Index Cond: ((id >= 5675989) AND (id <= 5676089))

table 6 : explain SELECT id, c FROM sbtest6 WHERE id BETWEEN 5675989 AND 5676089
	Index Scan using sbtest6_pkey on sbtest6  (cost=0.43..382.05 rows=96 width=125)
	  Index Cond: ((id >= 5675989) AND (id <= 5676089))

table 7 : explain SELECT id, c FROM sbtest7 WHERE id BETWEEN 5675989 AND 5676089
	Index Scan using sbtest7_pkey on sbtest7  (cost=0.43..421.31 rows=106 width=125)
	  Index Cond: ((id >= 5675989) AND (id <= 5676089))

table 8 : explain SELECT id, c FROM sbtest8 WHERE id BETWEEN 5675989 AND 5676089
	Index Scan using sbtest8_pkey on sbtest8  (cost=0.43..425.47 rows=107 width=125)
	  Index Cond: ((id >= 5675989) AND (id <= 5676089))

explain: for range-notcovered :: explain SELECT id, c FROM sbtest%d WHERE id BETWEEN 5675989 AND 5676089
for range-notcovered
table 1 : explain SELECT id, c FROM sbtest1 WHERE id BETWEEN 3798525 AND 3798625
	Index Scan using sbtest1_pkey on sbtest1  (cost=0.43..417.87 rows=105 width=125)
	  Index Cond: ((id >= 3798525) AND (id <= 3798625))

table 2 : explain SELECT id, c FROM sbtest2 WHERE id BETWEEN 3798525 AND 3798625
	Index Scan using sbtest2_pkey on sbtest2  (cost=0.43..367.44 rows=92 width=125)
	  Index Cond: ((id >= 3798525) AND (id <= 3798625))

table 3 : explain SELECT id, c FROM sbtest3 WHERE id BETWEEN 3798525 AND 3798625
	Index Scan using sbtest3_pkey on sbtest3  (cost=0.43..409.49 rows=103 width=125)
	  Index Cond: ((id >= 3798525) AND (id <= 3798625))

table 4 : explain SELECT id, c FROM sbtest4 WHERE id BETWEEN 3798525 AND 3798625
	Index Scan using sbtest4_pkey on sbtest4  (cost=0.43..405.24 rows=102 width=125)
	  Index Cond: ((id >= 3798525) AND (id <= 3798625))

table 5 : explain SELECT id, c FROM sbtest5 WHERE id BETWEEN 3798525 AND 3798625
	Index Scan using sbtest5_pkey on sbtest5  (cost=0.43..389.04 rows=98 width=125)
	  Index Cond: ((id >= 3798525) AND (id <= 3798625))

table 6 : explain SELECT id, c FROM sbtest6 WHERE id BETWEEN 3798525 AND 3798625
	Index Scan using sbtest6_pkey on sbtest6  (cost=0.43..366.30 rows=92 width=125)
	  Index Cond: ((id >= 3798525) AND (id <= 3798625))

table 7 : explain SELECT id, c FROM sbtest7 WHERE id BETWEEN 3798525 AND 3798625
	Index Scan using sbtest7_pkey on sbtest7  (cost=0.43..429.17 rows=108 width=125)
	  Index Cond: ((id >= 3798525) AND (id <= 3798625))

table 8 : explain SELECT id, c FROM sbtest8 WHERE id BETWEEN 3798525 AND 3798625
	Index Scan using sbtest8_pkey on sbtest8  (cost=0.43..413.67 rows=104 width=125)
	  Index Cond: ((id >= 3798525) AND (id <= 3798625))

explain: for range-notcovered :: explain SELECT id, c FROM sbtest%d WHERE id BETWEEN 3798525 AND 3798625
for range-notcovered
table 1 : explain SELECT id, c FROM sbtest1 WHERE id BETWEEN 3112729 AND 3112829
	Index Scan using sbtest1_pkey on sbtest1  (cost=0.43..394.26 rows=99 width=125)
	  Index Cond: ((id >= 3112729) AND (id <= 3112829))

table 2 : explain SELECT id, c FROM sbtest2 WHERE id BETWEEN 3112729 AND 3112829
	Index Scan using sbtest2_pkey on sbtest2  (cost=0.43..410.85 rows=103 width=125)
	  Index Cond: ((id >= 3112729) AND (id <= 3112829))

table 3 : explain SELECT id, c FROM sbtest3 WHERE id BETWEEN 3112729 AND 3112829
	Index Scan using sbtest3_pkey on sbtest3  (cost=0.43..413.42 rows=104 width=125)
	  Index Cond: ((id >= 3112729) AND (id <= 3112829))

table 4 : explain SELECT id, c FROM sbtest4 WHERE id BETWEEN 3112729 AND 3112829
	Index Scan using sbtest4_pkey on sbtest4  (cost=0.43..393.45 rows=99 width=125)
	  Index Cond: ((id >= 3112729) AND (id <= 3112829))

table 5 : explain SELECT id, c FROM sbtest5 WHERE id BETWEEN 3112729 AND 3112829
	Index Scan using sbtest5_pkey on sbtest5  (cost=0.43..389.04 rows=98 width=125)
	  Index Cond: ((id >= 3112729) AND (id <= 3112829))

table 6 : explain SELECT id, c FROM sbtest6 WHERE id BETWEEN 3112729 AND 3112829
	Index Scan using sbtest6_pkey on sbtest6  (cost=0.43..421.37 rows=106 width=125)
	  Index Cond: ((id >= 3112729) AND (id <= 3112829))

table 7 : explain SELECT id, c FROM sbtest7 WHERE id BETWEEN 3112729 AND 3112829
	Index Scan using sbtest7_pkey on sbtest7  (cost=0.43..401.65 rows=101 width=125)
	  Index Cond: ((id >= 3112729) AND (id <= 3112829))

table 8 : explain SELECT id, c FROM sbtest8 WHERE id BETWEEN 3112729 AND 3112829
	Index Scan using sbtest8_pkey on sbtest8  (cost=0.43..488.41 rows=123 width=125)
	  Index Cond: ((id >= 3112729) AND (id <= 3112829))

for range-notcovered
table 1 : explain SELECT id, c FROM sbtest1 WHERE id BETWEEN 5675989 AND 5676089
	Index Scan using sbtest1_pkey on sbtest1  (cost=0.43..398.19 rows=100 width=125)
	  Index Cond: ((id >= 5675989) AND (id <= 5676089))

table 2 : explain SELECT id, c FROM sbtest2 WHERE id BETWEEN 5675989 AND 5676089
	Index Scan using sbtest2_pkey on sbtest2  (cost=0.43..379.28 rows=95 width=125)
	  Index Cond: ((id >= 5675989) AND (id <= 5676089))

table 3 : explain SELECT id, c FROM sbtest3 WHERE id BETWEEN 5675989 AND 5676089
	Index Scan using sbtest3_pkey on sbtest3  (cost=0.43..409.49 rows=103 width=125)
	  Index Cond: ((id >= 5675989) AND (id <= 5676089))

table 4 : explain SELECT id, c FROM sbtest4 WHERE id BETWEEN 5675989 AND 5676089
	Index Scan using sbtest4_pkey on sbtest4  (cost=0.43..424.88 rows=107 width=125)
	  Index Cond: ((id >= 5675989) AND (id <= 5676089))

table 5 : explain SELECT id, c FROM sbtest5 WHERE id BETWEEN 5675989 AND 5676089
	Index Scan using sbtest5_pkey on sbtest5  (cost=0.43..412.58 rows=104 width=125)
	  Index Cond: ((id >= 5675989) AND (id <= 5676089))

table 6 : explain SELECT id, c FROM sbtest6 WHERE id BETWEEN 5675989 AND 5676089
	Index Scan using sbtest6_pkey on sbtest6  (cost=0.43..382.05 rows=96 width=125)
	  Index Cond: ((id >= 5675989) AND (id <= 5676089))

table 7 : explain SELECT id, c FROM sbtest7 WHERE id BETWEEN 5675989 AND 5676089
	Index Scan using sbtest7_pkey on sbtest7  (cost=0.43..421.31 rows=106 width=125)
	  Index Cond: ((id >= 5675989) AND (id <= 5676089))

table 8 : explain SELECT id, c FROM sbtest8 WHERE id BETWEEN 5675989 AND 5676089
	Index Scan using sbtest8_pkey on sbtest8  (cost=0.43..425.47 rows=107 width=125)
	  Index Cond: ((id >= 5675989) AND (id <= 5676089))

explain: for range-notcovered :: explain SELECT id, c FROM sbtest%d WHERE id BETWEEN 5675989 AND 5676089
for range-notcovered
table 1 : explain SELECT id, c FROM sbtest1 WHERE id BETWEEN 3798525 AND 3798625
	Index Scan using sbtest1_pkey on sbtest1  (cost=0.43..417.87 rows=105 width=125)
	  Index Cond: ((id >= 3798525) AND (id <= 3798625))

table 2 : explain SELECT id, c FROM sbtest2 WHERE id BETWEEN 3798525 AND 3798625
	Index Scan using sbtest2_pkey on sbtest2  (cost=0.43..367.44 rows=92 width=125)
	  Index Cond: ((id >= 3798525) AND (id <= 3798625))

table 3 : explain SELECT id, c FROM sbtest3 WHERE id BETWEEN 3798525 AND 3798625
	Index Scan using sbtest3_pkey on sbtest3  (cost=0.43..409.49 rows=103 width=125)
	  Index Cond: ((id >= 3798525) AND (id <= 3798625))

table 4 : explain SELECT id, c FROM sbtest4 WHERE id BETWEEN 3798525 AND 3798625
	Index Scan using sbtest4_pkey on sbtest4  (cost=0.43..405.24 rows=102 width=125)
	  Index Cond: ((id >= 3798525) AND (id <= 3798625))

table 5 : explain SELECT id, c FROM sbtest5 WHERE id BETWEEN 3798525 AND 3798625
	Index Scan using sbtest5_pkey on sbtest5  (cost=0.43..389.04 rows=98 width=125)
	  Index Cond: ((id >= 3798525) AND (id <= 3798625))

table 6 : explain SELECT id, c FROM sbtest6 WHERE id BETWEEN 3798525 AND 3798625
	Index Scan using sbtest6_pkey on sbtest6  (cost=0.43..366.30 rows=92 width=125)
	  Index Cond: ((id >= 3798525) AND (id <= 3798625))

table 7 : explain SELECT id, c FROM sbtest7 WHERE id BETWEEN 3798525 AND 3798625
	Index Scan using sbtest7_pkey on sbtest7  (cost=0.43..429.17 rows=108 width=125)
	  Index Cond: ((id >= 3798525) AND (id <= 3798625))

table 8 : explain SELECT id, c FROM sbtest8 WHERE id BETWEEN 3798525 AND 3798625
	Index Scan using sbtest8_pkey on sbtest8  (cost=0.43..413.67 rows=104 width=125)
	  Index Cond: ((id >= 3798525) AND (id <= 3798625))

explain: for range-notcovered :: explain SELECT id, c FROM sbtest%d WHERE id BETWEEN 3798525 AND 3798625
for range-notcovered
table 1 : explain SELECT id, c FROM sbtest1 WHERE id BETWEEN 8724377 AND 8724477
	Index Scan using sbtest1_pkey on sbtest1  (cost=0.43..417.87 rows=105 width=125)
	  Index Cond: ((id >= 8724377) AND (id <= 8724477))

table 2 : explain SELECT id, c FROM sbtest2 WHERE id BETWEEN 8724377 AND 8724477
	Index Scan using sbtest2_pkey on sbtest2  (cost=0.43..410.85 rows=103 width=125)
	  Index Cond: ((id >= 8724377) AND (id <= 8724477))

table 3 : explain SELECT id, c FROM sbtest3 WHERE id BETWEEN 8724377 AND 8724477
	Index Scan using sbtest3_pkey on sbtest3  (cost=0.43..393.77 rows=99 width=125)
	  Index Cond: ((id >= 8724377) AND (id <= 8724477))

table 4 : explain SELECT id, c FROM sbtest4 WHERE id BETWEEN 8724377 AND 8724477
	Index Scan using sbtest4_pkey on sbtest4  (cost=0.43..377.74 rows=95 width=125)
	  Index Cond: ((id >= 8724377) AND (id <= 8724477))

table 5 : explain SELECT id, c FROM sbtest5 WHERE id BETWEEN 8724377 AND 8724477
	Index Scan using sbtest5_pkey on sbtest5  (cost=0.43..396.89 rows=100 width=125)
	  Index Cond: ((id >= 8724377) AND (id <= 8724477))

table 6 : explain SELECT id, c FROM sbtest6 WHERE id BETWEEN 8724377 AND 8724477
	Index Scan using sbtest6_pkey on sbtest6  (cost=0.43..374.17 rows=94 width=125)
	  Index Cond: ((id >= 8724377) AND (id <= 8724477))

table 7 : explain SELECT id, c FROM sbtest7 WHERE id BETWEEN 8724377 AND 8724477
	Index Scan using sbtest7_pkey on sbtest7  (cost=0.43..362.34 rows=91 width=125)
	  Index Cond: ((id >= 8724377) AND (id <= 8724477))

table 8 : explain SELECT id, c FROM sbtest8 WHERE id BETWEEN 8724377 AND 8724477
	Index Scan using sbtest8_pkey on sbtest8  (cost=0.43..421.54 rows=106 width=125)
	  Index Cond: ((id >= 8724377) AND (id <= 8724477))

explain: for range-notcovered :: explain SELECT id, c FROM sbtest%d WHERE id BETWEEN 5466246 AND 5466346
for range-notcovered
table 1 : explain SELECT id, c FROM sbtest1 WHERE id BETWEEN 5675989 AND 5676089
	Index Scan using sbtest1_pkey on sbtest1  (cost=0.43..398.19 rows=100 width=125)
	  Index Cond: ((id >= 5675989) AND (id <= 5676089))

table 2 : explain SELECT id, c FROM sbtest2 WHERE id BETWEEN 5675989 AND 5676089
	Index Scan using sbtest2_pkey on sbtest2  (cost=0.43..379.28 rows=95 width=125)
	  Index Cond: ((id >= 5675989) AND (id <= 5676089))

table 3 : explain SELECT id, c FROM sbtest3 WHERE id BETWEEN 5675989 AND 5676089
	Index Scan using sbtest3_pkey on sbtest3  (cost=0.43..409.49 rows=103 width=125)
	  Index Cond: ((id >= 5675989) AND (id <= 5676089))

table 4 : explain SELECT id, c FROM sbtest4 WHERE id BETWEEN 5675989 AND 5676089
	Index Scan using sbtest4_pkey on sbtest4  (cost=0.43..424.88 rows=107 width=125)
	  Index Cond: ((id >= 5675989) AND (id <= 5676089))

table 5 : explain SELECT id, c FROM sbtest5 WHERE id BETWEEN 5675989 AND 5676089
	Index Scan using sbtest5_pkey on sbtest5  (cost=0.43..412.58 rows=104 width=125)
	  Index Cond: ((id >= 5675989) AND (id <= 5676089))

table 6 : explain SELECT id, c FROM sbtest6 WHERE id BETWEEN 5675989 AND 5676089
	Index Scan using sbtest6_pkey on sbtest6  (cost=0.43..382.05 rows=96 width=125)
	  Index Cond: ((id >= 5675989) AND (id <= 5676089))

table 7 : explain SELECT id, c FROM sbtest7 WHERE id BETWEEN 5675989 AND 5676089
	Index Scan using sbtest7_pkey on sbtest7  (cost=0.43..421.31 rows=106 width=125)
	  Index Cond: ((id >= 5675989) AND (id <= 5676089))

table 8 : explain SELECT id, c FROM sbtest8 WHERE id BETWEEN 5675989 AND 5676089
	Index Scan using sbtest8_pkey on sbtest8  (cost=0.43..425.47 rows=107 width=125)
	  Index Cond: ((id >= 5675989) AND (id <= 5676089))

explain: for range-notcovered :: explain SELECT id, c FROM sbtest%d WHERE id BETWEEN 8724377 AND 8724477
explain: for range-notcovered :: explain SELECT id, c FROM sbtest%d WHERE id BETWEEN 5675989 AND 5676089
for range-notcovered
table 1 : explain SELECT id, c FROM sbtest1 WHERE id BETWEEN 3798525 AND 3798625
	Index Scan using sbtest1_pkey on sbtest1  (cost=0.43..417.87 rows=105 width=125)
	  Index Cond: ((id >= 3798525) AND (id <= 3798625))

table 2 : explain SELECT id, c FROM sbtest2 WHERE id BETWEEN 3798525 AND 3798625
	Index Scan using sbtest2_pkey on sbtest2  (cost=0.43..367.44 rows=92 width=125)
	  Index Cond: ((id >= 3798525) AND (id <= 3798625))

table 3 : explain SELECT id, c FROM sbtest3 WHERE id BETWEEN 3798525 AND 3798625
	Index Scan using sbtest3_pkey on sbtest3  (cost=0.43..409.49 rows=103 width=125)
	  Index Cond: ((id >= 3798525) AND (id <= 3798625))

table 4 : explain SELECT id, c FROM sbtest4 WHERE id BETWEEN 3798525 AND 3798625
	Index Scan using sbtest4_pkey on sbtest4  (cost=0.43..405.24 rows=102 width=125)
	  Index Cond: ((id >= 3798525) AND (id <= 3798625))

table 5 : explain SELECT id, c FROM sbtest5 WHERE id BETWEEN 3798525 AND 3798625
	Index Scan using sbtest5_pkey on sbtest5  (cost=0.43..389.04 rows=98 width=125)
	  Index Cond: ((id >= 3798525) AND (id <= 3798625))

table 6 : explain SELECT id, c FROM sbtest6 WHERE id BETWEEN 3798525 AND 3798625
	Index Scan using sbtest6_pkey on sbtest6  (cost=0.43..366.30 rows=92 width=125)
	  Index Cond: ((id >= 3798525) AND (id <= 3798625))

table 7 : explain SELECT id, c FROM sbtest7 WHERE id BETWEEN 3798525 AND 3798625
	Index Scan using sbtest7_pkey on sbtest7  (cost=0.43..429.17 rows=108 width=125)
	  Index Cond: ((id >= 3798525) AND (id <= 3798625))

table 8 : explain SELECT id, c FROM sbtest8 WHERE id BETWEEN 3798525 AND 3798625
	Index Scan using sbtest8_pkey on sbtest8  (cost=0.43..413.67 rows=104 width=125)
	  Index Cond: ((id >= 3798525) AND (id <= 3798625))

for range-notcovered
table 1 : explain SELECT id, c FROM sbtest1 WHERE id BETWEEN 7753861 AND 7753961
	Index Scan using sbtest1_pkey on sbtest1  (cost=0.43..425.75 rows=107 width=125)
	  Index Cond: ((id >= 7753861) AND (id <= 7753961))

table 2 : explain SELECT id, c FROM sbtest2 WHERE id BETWEEN 7753861 AND 7753961
	Index Scan using sbtest2_pkey on sbtest2  (cost=0.43..359.55 rows=90 width=125)
	  Index Cond: ((id >= 7753861) AND (id <= 7753961))

table 3 : explain SELECT id, c FROM sbtest3 WHERE id BETWEEN 7753861 AND 7753961
	Index Scan using sbtest3_pkey on sbtest3  (cost=0.43..429.15 rows=108 width=125)
	  Index Cond: ((id >= 7753861) AND (id <= 7753961))

table 4 : explain SELECT id, c FROM sbtest4 WHERE id BETWEEN 7753861 AND 7753961
	Index Scan using sbtest4_pkey on sbtest4  (cost=0.43..420.95 rows=106 width=125)
	  Index Cond: ((id >= 7753861) AND (id <= 7753961))

table 5 : explain SELECT id, c FROM sbtest5 WHERE id BETWEEN 7753861 AND 7753961
	Index Scan using sbtest5_pkey on sbtest5  (cost=0.43..447.89 rows=113 width=125)
	  Index Cond: ((id >= 7753861) AND (id <= 7753961))

table 6 : explain SELECT id, c FROM sbtest6 WHERE id BETWEEN 7753861 AND 7753961
	Index Scan using sbtest6_pkey on sbtest6  (cost=0.43..385.99 rows=97 width=125)
	  Index Cond: ((id >= 7753861) AND (id <= 7753961))

table 7 : explain SELECT id, c FROM sbtest7 WHERE id BETWEEN 7753861 AND 7753961
	Index Scan using sbtest7_pkey on sbtest7  (cost=0.43..366.27 rows=92 width=125)
	  Index Cond: ((id >= 7753861) AND (id <= 7753961))

table 8 : explain SELECT id, c FROM sbtest8 WHERE id BETWEEN 7753861 AND 7753961
	Index Scan using sbtest8_pkey on sbtest8  (cost=0.43..401.87 rows=101 width=125)
	  Index Cond: ((id >= 7753861) AND (id <= 7753961))

explain: for range-notcovered :: explain SELECT id, c FROM sbtest%d WHERE id BETWEEN 7753861 AND 7753961
for range-notcovered
table 1 : explain SELECT id, c FROM sbtest1 WHERE id BETWEEN 5288112 AND 5288212
	Index Scan using sbtest1_pkey on sbtest1  (cost=0.43..406.06 rows=102 width=125)
	  Index Cond: ((id >= 5288112) AND (id <= 5288212))

table 2 : explain SELECT id, c FROM sbtest2 WHERE id BETWEEN 5288112 AND 5288212
	Index Scan using sbtest2_pkey on sbtest2  (cost=0.43..387.16 rows=97 width=125)
	  Index Cond: ((id >= 5288112) AND (id <= 5288212))

table 3 : explain SELECT id, c FROM sbtest3 WHERE id BETWEEN 5288112 AND 5288212
	Index Scan using sbtest3_pkey on sbtest3  (cost=0.43..393.77 rows=99 width=125)
	  Index Cond: ((id >= 5288112) AND (id <= 5288212))

table 4 : explain SELECT id, c FROM sbtest4 WHERE id BETWEEN 5288112 AND 5288212
	Index Scan using sbtest4_pkey on sbtest4  (cost=0.43..405.24 rows=102 width=125)
	  Index Cond: ((id >= 5288112) AND (id <= 5288212))

table 5 : explain SELECT id, c FROM sbtest5 WHERE id BETWEEN 5288112 AND 5288212
	Index Scan using sbtest5_pkey on sbtest5  (cost=0.43..389.04 rows=98 width=125)
	  Index Cond: ((id >= 5288112) AND (id <= 5288212))

table 6 : explain SELECT id, c FROM sbtest6 WHERE id BETWEEN 5288112 AND 5288212
	Index Scan using sbtest6_pkey on sbtest6  (cost=0.43..405.65 rows=102 width=125)
	  Index Cond: ((id >= 5288112) AND (id <= 5288212))

table 7 : explain SELECT id, c FROM sbtest7 WHERE id BETWEEN 5288112 AND 5288212
	Index Scan using sbtest7_pkey on sbtest7  (cost=0.43..413.44 rows=104 width=125)
	  Index Cond: ((id >= 5288112) AND (id <= 5288212))

table 8 : explain SELECT id, c FROM sbtest8 WHERE id BETWEEN 5288112 AND 5288212
	Index Scan using sbtest8_pkey on sbtest8  (cost=0.43..405.80 rows=102 width=125)
	  Index Cond: ((id >= 5288112) AND (id <= 5288212))

explain: for range-notcovered :: explain SELECT id, c FROM sbtest%d WHERE id BETWEEN 5288112 AND 5288212
for range-notcovered
table 1 : explain SELECT id, c FROM sbtest1 WHERE id BETWEEN 5675989 AND 5676089
	Index Scan using sbtest1_pkey on sbtest1  (cost=0.43..398.19 rows=100 width=125)
	  Index Cond: ((id >= 5675989) AND (id <= 5676089))

table 2 : explain SELECT id, c FROM sbtest2 WHERE id BETWEEN 5675989 AND 5676089
	Index Scan using sbtest2_pkey on sbtest2  (cost=0.43..379.28 rows=95 width=125)
	  Index Cond: ((id >= 5675989) AND (id <= 5676089))

table 3 : explain SELECT id, c FROM sbtest3 WHERE id BETWEEN 5675989 AND 5676089
	Index Scan using sbtest3_pkey on sbtest3  (cost=0.43..409.49 rows=103 width=125)
	  Index Cond: ((id >= 5675989) AND (id <= 5676089))

table 4 : explain SELECT id, c FROM sbtest4 WHERE id BETWEEN 5675989 AND 5676089
	Index Scan using sbtest4_pkey on sbtest4  (cost=0.43..424.88 rows=107 width=125)
	  Index Cond: ((id >= 5675989) AND (id <= 5676089))

table 5 : explain SELECT id, c FROM sbtest5 WHERE id BETWEEN 5675989 AND 5676089
	Index Scan using sbtest5_pkey on sbtest5  (cost=0.43..412.58 rows=104 width=125)
	  Index Cond: ((id >= 5675989) AND (id <= 5676089))

table 6 : explain SELECT id, c FROM sbtest6 WHERE id BETWEEN 5675989 AND 5676089
	Index Scan using sbtest6_pkey on sbtest6  (cost=0.43..382.05 rows=96 width=125)
	  Index Cond: ((id >= 5675989) AND (id <= 5676089))

table 7 : explain SELECT id, c FROM sbtest7 WHERE id BETWEEN 5675989 AND 5676089
	Index Scan using sbtest7_pkey on sbtest7  (cost=0.43..421.31 rows=106 width=125)
	  Index Cond: ((id >= 5675989) AND (id <= 5676089))

table 8 : explain SELECT id, c FROM sbtest8 WHERE id BETWEEN 5675989 AND 5676089
	Index Scan using sbtest8_pkey on sbtest8  (cost=0.43..425.47 rows=107 width=125)
	  Index Cond: ((id >= 5675989) AND (id <= 5676089))

for range-notcovered
table 1 : explain SELECT id, c FROM sbtest1 WHERE id BETWEEN 8724377 AND 8724477
	Index Scan using sbtest1_pkey on sbtest1  (cost=0.43..417.87 rows=105 width=125)
	  Index Cond: ((id >= 8724377) AND (id <= 8724477))

table 2 : explain SELECT id, c FROM sbtest2 WHERE id BETWEEN 8724377 AND 8724477
	Index Scan using sbtest2_pkey on sbtest2  (cost=0.43..410.85 rows=103 width=125)
	  Index Cond: ((id >= 8724377) AND (id <= 8724477))

table 3 : explain SELECT id, c FROM sbtest3 WHERE id BETWEEN 8724377 AND 8724477
	Index Scan using sbtest3_pkey on sbtest3  (cost=0.43..393.77 rows=99 width=125)
	  Index Cond: ((id >= 8724377) AND (id <= 8724477))

table 4 : explain SELECT id, c FROM sbtest4 WHERE id BETWEEN 8724377 AND 8724477
	Index Scan using sbtest4_pkey on sbtest4  (cost=0.43..377.74 rows=95 width=125)
	  Index Cond: ((id >= 8724377) AND (id <= 8724477))

table 5 : explain SELECT id, c FROM sbtest5 WHERE id BETWEEN 8724377 AND 8724477
	Index Scan using sbtest5_pkey on sbtest5  (cost=0.43..396.89 rows=100 width=125)
	  Index Cond: ((id >= 8724377) AND (id <= 8724477))

table 6 : explain SELECT id, c FROM sbtest6 WHERE id BETWEEN 8724377 AND 8724477
	Index Scan using sbtest6_pkey on sbtest6  (cost=0.43..374.17 rows=94 width=125)
	  Index Cond: ((id >= 8724377) AND (id <= 8724477))

table 7 : explain SELECT id, c FROM sbtest7 WHERE id BETWEEN 8724377 AND 8724477
	Index Scan using sbtest7_pkey on sbtest7  (cost=0.43..362.34 rows=91 width=125)
	  Index Cond: ((id >= 8724377) AND (id <= 8724477))

table 8 : explain SELECT id, c FROM sbtest8 WHERE id BETWEEN 8724377 AND 8724477
	Index Scan using sbtest8_pkey on sbtest8  (cost=0.43..421.54 rows=106 width=125)
	  Index Cond: ((id >= 8724377) AND (id <= 8724477))

explain: for range-notcovered :: explain SELECT id, c FROM sbtest%d WHERE id BETWEEN 8724377 AND 8724477
for range-notcovered
table 1 : explain SELECT id, c FROM sbtest1 WHERE id BETWEEN 9353471 AND 9353571
	Index Scan using sbtest1_pkey on sbtest1  (cost=0.43..362.75 rows=91 width=125)
	  Index Cond: ((id >= 9353471) AND (id <= 9353571))

table 2 : explain SELECT id, c FROM sbtest2 WHERE id BETWEEN 9353471 AND 9353571
	Index Scan using sbtest2_pkey on sbtest2  (cost=0.43..454.24 rows=114 width=125)
	  Index Cond: ((id >= 9353471) AND (id <= 9353571))

table 3 : explain SELECT id, c FROM sbtest3 WHERE id BETWEEN 9353471 AND 9353571
	Index Scan using sbtest3_pkey on sbtest3  (cost=0.43..370.18 rows=93 width=125)
	  Index Cond: ((id >= 9353471) AND (id <= 9353571))

table 4 : explain SELECT id, c FROM sbtest4 WHERE id BETWEEN 9353471 AND 9353571
	Index Scan using sbtest4_pkey on sbtest4  (cost=0.43..385.60 rows=97 width=125)
	  Index Cond: ((id >= 9353471) AND (id <= 9353571))

table 5 : explain SELECT id, c FROM sbtest5 WHERE id BETWEEN 9353471 AND 9353571
	Index Scan using sbtest5_pkey on sbtest5  (cost=0.43..400.81 rows=101 width=125)
	  Index Cond: ((id >= 9353471) AND (id <= 9353571))

table 6 : explain SELECT id, c FROM sbtest6 WHERE id BETWEEN 9353471 AND 9353571
	Index Scan using sbtest6_pkey on sbtest6  (cost=0.43..405.65 rows=102 width=125)
	  Index Cond: ((id >= 9353471) AND (id <= 9353571))

table 7 : explain SELECT id, c FROM sbtest7 WHERE id BETWEEN 9353471 AND 9353571
	Index Scan using sbtest7_pkey on sbtest7  (cost=0.43..370.20 rows=93 width=125)
	  Index Cond: ((id >= 9353471) AND (id <= 9353571))

table 8 : explain SELECT id, c FROM sbtest8 WHERE id BETWEEN 9353471 AND 9353571
	Index Scan using sbtest8_pkey on sbtest8  (cost=0.43..366.45 rows=92 width=125)
	  Index Cond: ((id >= 9353471) AND (id <= 9353571))

explain: for range-notcovered :: explain SELECT id, c FROM sbtest%d WHERE id BETWEEN 9353471 AND 9353571
for range-notcovered
table 1 : explain SELECT id, c FROM sbtest1 WHERE id BETWEEN 7753861 AND 7753961
	Index Scan using sbtest1_pkey on sbtest1  (cost=0.43..425.75 rows=107 width=125)
	  Index Cond: ((id >= 7753861) AND (id <= 7753961))

table 2 : explain SELECT id, c FROM sbtest2 WHERE id BETWEEN 7753861 AND 7753961
	Index Scan using sbtest2_pkey on sbtest2  (cost=0.43..359.55 rows=90 width=125)
	  Index Cond: ((id >= 7753861) AND (id <= 7753961))

table 3 : explain SELECT id, c FROM sbtest3 WHERE id BETWEEN 7753861 AND 7753961
	Index Scan using sbtest3_pkey on sbtest3  (cost=0.43..429.15 rows=108 width=125)
	  Index Cond: ((id >= 7753861) AND (id <= 7753961))

table 4 : explain SELECT id, c FROM sbtest4 WHERE id BETWEEN 7753861 AND 7753961
	Index Scan using sbtest4_pkey on sbtest4  (cost=0.43..420.95 rows=106 width=125)
	  Index Cond: ((id >= 7753861) AND (id <= 7753961))

table 5 : explain SELECT id, c FROM sbtest5 WHERE id BETWEEN 7753861 AND 7753961
	Index Scan using sbtest5_pkey on sbtest5  (cost=0.43..447.89 rows=113 width=125)
	  Index Cond: ((id >= 7753861) AND (id <= 7753961))

table 6 : explain SELECT id, c FROM sbtest6 WHERE id BETWEEN 7753861 AND 7753961
	Index Scan using sbtest6_pkey on sbtest6  (cost=0.43..385.99 rows=97 width=125)
	  Index Cond: ((id >= 7753861) AND (id <= 7753961))

table 7 : explain SELECT id, c FROM sbtest7 WHERE id BETWEEN 7753861 AND 7753961
	Index Scan using sbtest7_pkey on sbtest7  (cost=0.43..366.27 rows=92 width=125)
	  Index Cond: ((id >= 7753861) AND (id <= 7753961))

table 8 : explain SELECT id, c FROM sbtest8 WHERE id BETWEEN 7753861 AND 7753961
	Index Scan using sbtest8_pkey on sbtest8  (cost=0.43..401.87 rows=101 width=125)
	  Index Cond: ((id >= 7753861) AND (id <= 7753961))

for range-notcovered
table 1 : explain SELECT id, c FROM sbtest1 WHERE id BETWEEN 5288112 AND 5288212
	Index Scan using sbtest1_pkey on sbtest1  (cost=0.43..406.06 rows=102 width=125)
	  Index Cond: ((id >= 5288112) AND (id <= 5288212))

table 2 : explain SELECT id, c FROM sbtest2 WHERE id BETWEEN 5288112 AND 5288212
	Index Scan using sbtest2_pkey on sbtest2  (cost=0.43..387.16 rows=97 width=125)
	  Index Cond: ((id >= 5288112) AND (id <= 5288212))

table 3 : explain SELECT id, c FROM sbtest3 WHERE id BETWEEN 5288112 AND 5288212
	Index Scan using sbtest3_pkey on sbtest3  (cost=0.43..393.77 rows=99 width=125)
	  Index Cond: ((id >= 5288112) AND (id <= 5288212))

table 4 : explain SELECT id, c FROM sbtest4 WHERE id BETWEEN 5288112 AND 5288212
	Index Scan using sbtest4_pkey on sbtest4  (cost=0.43..405.24 rows=102 width=125)
	  Index Cond: ((id >= 5288112) AND (id <= 5288212))

table 5 : explain SELECT id, c FROM sbtest5 WHERE id BETWEEN 5288112 AND 5288212
	Index Scan using sbtest5_pkey on sbtest5  (cost=0.43..389.04 rows=98 width=125)
	  Index Cond: ((id >= 5288112) AND (id <= 5288212))

table 6 : explain SELECT id, c FROM sbtest6 WHERE id BETWEEN 5288112 AND 5288212
	Index Scan using sbtest6_pkey on sbtest6  (cost=0.43..405.65 rows=102 width=125)
	  Index Cond: ((id >= 5288112) AND (id <= 5288212))

table 7 : explain SELECT id, c FROM sbtest7 WHERE id BETWEEN 5288112 AND 5288212
	Index Scan using sbtest7_pkey on sbtest7  (cost=0.43..413.44 rows=104 width=125)
	  Index Cond: ((id >= 5288112) AND (id <= 5288212))

table 8 : explain SELECT id, c FROM sbtest8 WHERE id BETWEEN 5288112 AND 5288212
	Index Scan using sbtest8_pkey on sbtest8  (cost=0.43..405.80 rows=102 width=125)
	  Index Cond: ((id >= 5288112) AND (id <= 5288212))

explain: for range-notcovered :: explain SELECT id, c FROM sbtest%d WHERE id BETWEEN 5288112 AND 5288212
for range-notcovered
table 1 : explain SELECT id, c FROM sbtest1 WHERE id BETWEEN 8724377 AND 8724477
	Index Scan using sbtest1_pkey on sbtest1  (cost=0.43..417.87 rows=105 width=125)
	  Index Cond: ((id >= 8724377) AND (id <= 8724477))

table 2 : explain SELECT id, c FROM sbtest2 WHERE id BETWEEN 8724377 AND 8724477
	Index Scan using sbtest2_pkey on sbtest2  (cost=0.43..410.85 rows=103 width=125)
	  Index Cond: ((id >= 8724377) AND (id <= 8724477))

table 3 : explain SELECT id, c FROM sbtest3 WHERE id BETWEEN 8724377 AND 8724477
	Index Scan using sbtest3_pkey on sbtest3  (cost=0.43..393.77 rows=99 width=125)
	  Index Cond: ((id >= 8724377) AND (id <= 8724477))

table 4 : explain SELECT id, c FROM sbtest4 WHERE id BETWEEN 8724377 AND 8724477
	Index Scan using sbtest4_pkey on sbtest4  (cost=0.43..377.74 rows=95 width=125)
	  Index Cond: ((id >= 8724377) AND (id <= 8724477))

table 5 : explain SELECT id, c FROM sbtest5 WHERE id BETWEEN 8724377 AND 8724477
	Index Scan using sbtest5_pkey on sbtest5  (cost=0.43..396.89 rows=100 width=125)
	  Index Cond: ((id >= 8724377) AND (id <= 8724477))

table 6 : explain SELECT id, c FROM sbtest6 WHERE id BETWEEN 8724377 AND 8724477
	Index Scan using sbtest6_pkey on sbtest6  (cost=0.43..374.17 rows=94 width=125)
	  Index Cond: ((id >= 8724377) AND (id <= 8724477))

table 7 : explain SELECT id, c FROM sbtest7 WHERE id BETWEEN 8724377 AND 8724477
	Index Scan using sbtest7_pkey on sbtest7  (cost=0.43..362.34 rows=91 width=125)
	  Index Cond: ((id >= 8724377) AND (id <= 8724477))

table 8 : explain SELECT id, c FROM sbtest8 WHERE id BETWEEN 8724377 AND 8724477
	Index Scan using sbtest8_pkey on sbtest8  (cost=0.43..421.54 rows=106 width=125)
	  Index Cond: ((id >= 8724377) AND (id <= 8724477))

explain: for range-notcovered :: explain SELECT id, c FROM sbtest%d WHERE id BETWEEN 8724377 AND 8724477
for range-notcovered
table 1 : explain SELECT id, c FROM sbtest1 WHERE id BETWEEN 9353471 AND 9353571
	Index Scan using sbtest1_pkey on sbtest1  (cost=0.43..362.75 rows=91 width=125)
	  Index Cond: ((id >= 9353471) AND (id <= 9353571))

table 2 : explain SELECT id, c FROM sbtest2 WHERE id BETWEEN 9353471 AND 9353571
	Index Scan using sbtest2_pkey on sbtest2  (cost=0.43..454.24 rows=114 width=125)
	  Index Cond: ((id >= 9353471) AND (id <= 9353571))

table 3 : explain SELECT id, c FROM sbtest3 WHERE id BETWEEN 9353471 AND 9353571
	Index Scan using sbtest3_pkey on sbtest3  (cost=0.43..370.18 rows=93 width=125)
	  Index Cond: ((id >= 9353471) AND (id <= 9353571))

table 4 : explain SELECT id, c FROM sbtest4 WHERE id BETWEEN 9353471 AND 9353571
	Index Scan using sbtest4_pkey on sbtest4  (cost=0.43..385.60 rows=97 width=125)
	  Index Cond: ((id >= 9353471) AND (id <= 9353571))

table 5 : explain SELECT id, c FROM sbtest5 WHERE id BETWEEN 9353471 AND 9353571
	Index Scan using sbtest5_pkey on sbtest5  (cost=0.43..400.81 rows=101 width=125)
	  Index Cond: ((id >= 9353471) AND (id <= 9353571))

table 6 : explain SELECT id, c FROM sbtest6 WHERE id BETWEEN 9353471 AND 9353571
	Index Scan using sbtest6_pkey on sbtest6  (cost=0.43..405.65 rows=102 width=125)
	  Index Cond: ((id >= 9353471) AND (id <= 9353571))

table 7 : explain SELECT id, c FROM sbtest7 WHERE id BETWEEN 9353471 AND 9353571
	Index Scan using sbtest7_pkey on sbtest7  (cost=0.43..370.20 rows=93 width=125)
	  Index Cond: ((id >= 9353471) AND (id <= 9353571))

table 8 : explain SELECT id, c FROM sbtest8 WHERE id BETWEEN 9353471 AND 9353571
	Index Scan using sbtest8_pkey on sbtest8  (cost=0.43..366.45 rows=92 width=125)
	  Index Cond: ((id >= 9353471) AND (id <= 9353571))

explain: for range-notcovered :: explain SELECT id, c FROM sbtest%d WHERE id BETWEEN 9353471 AND 9353571
for range-notcovered
table 1 : explain SELECT id, c FROM sbtest1 WHERE id BETWEEN 5288112 AND 5288212
	Index Scan using sbtest1_pkey on sbtest1  (cost=0.43..406.06 rows=102 width=125)
	  Index Cond: ((id >= 5288112) AND (id <= 5288212))

table 2 : explain SELECT id, c FROM sbtest2 WHERE id BETWEEN 5288112 AND 5288212
	Index Scan using sbtest2_pkey on sbtest2  (cost=0.43..387.16 rows=97 width=125)
	  Index Cond: ((id >= 5288112) AND (id <= 5288212))

table 3 : explain SELECT id, c FROM sbtest3 WHERE id BETWEEN 5288112 AND 5288212
	Index Scan using sbtest3_pkey on sbtest3  (cost=0.43..393.77 rows=99 width=125)
	  Index Cond: ((id >= 5288112) AND (id <= 5288212))

table 4 : explain SELECT id, c FROM sbtest4 WHERE id BETWEEN 5288112 AND 5288212
	Index Scan using sbtest4_pkey on sbtest4  (cost=0.43..405.24 rows=102 width=125)
	  Index Cond: ((id >= 5288112) AND (id <= 5288212))

table 5 : explain SELECT id, c FROM sbtest5 WHERE id BETWEEN 5288112 AND 5288212
	Index Scan using sbtest5_pkey on sbtest5  (cost=0.43..389.04 rows=98 width=125)
	  Index Cond: ((id >= 5288112) AND (id <= 5288212))

table 6 : explain SELECT id, c FROM sbtest6 WHERE id BETWEEN 5288112 AND 5288212
	Index Scan using sbtest6_pkey on sbtest6  (cost=0.43..405.65 rows=102 width=125)
	  Index Cond: ((id >= 5288112) AND (id <= 5288212))

table 7 : explain SELECT id, c FROM sbtest7 WHERE id BETWEEN 5288112 AND 5288212
	Index Scan using sbtest7_pkey on sbtest7  (cost=0.43..413.44 rows=104 width=125)
	  Index Cond: ((id >= 5288112) AND (id <= 5288212))

table 8 : explain SELECT id, c FROM sbtest8 WHERE id BETWEEN 5288112 AND 5288212
	Index Scan using sbtest8_pkey on sbtest8  (cost=0.43..405.80 rows=102 width=125)
	  Index Cond: ((id >= 5288112) AND (id <= 5288212))

explain: for range-notcovered :: explain SELECT id, c FROM sbtest%d WHERE id BETWEEN 5288112 AND 5288212
for range-notcovered
table 1 : explain SELECT id, c FROM sbtest1 WHERE id BETWEEN 8724377 AND 8724477
	Index Scan using sbtest1_pkey on sbtest1  (cost=0.43..417.87 rows=105 width=125)
	  Index Cond: ((id >= 8724377) AND (id <= 8724477))

table 2 : explain SELECT id, c FROM sbtest2 WHERE id BETWEEN 8724377 AND 8724477
	Index Scan using sbtest2_pkey on sbtest2  (cost=0.43..410.85 rows=103 width=125)
	  Index Cond: ((id >= 8724377) AND (id <= 8724477))

table 3 : explain SELECT id, c FROM sbtest3 WHERE id BETWEEN 8724377 AND 8724477
	Index Scan using sbtest3_pkey on sbtest3  (cost=0.43..393.77 rows=99 width=125)
	  Index Cond: ((id >= 8724377) AND (id <= 8724477))

table 4 : explain SELECT id, c FROM sbtest4 WHERE id BETWEEN 8724377 AND 8724477
	Index Scan using sbtest4_pkey on sbtest4  (cost=0.43..377.74 rows=95 width=125)
	  Index Cond: ((id >= 8724377) AND (id <= 8724477))

table 5 : explain SELECT id, c FROM sbtest5 WHERE id BETWEEN 8724377 AND 8724477
	Index Scan using sbtest5_pkey on sbtest5  (cost=0.43..396.89 rows=100 width=125)
	  Index Cond: ((id >= 8724377) AND (id <= 8724477))

table 6 : explain SELECT id, c FROM sbtest6 WHERE id BETWEEN 8724377 AND 8724477
	Index Scan using sbtest6_pkey on sbtest6  (cost=0.43..374.17 rows=94 width=125)
	  Index Cond: ((id >= 8724377) AND (id <= 8724477))

table 7 : explain SELECT id, c FROM sbtest7 WHERE id BETWEEN 8724377 AND 8724477
	Index Scan using sbtest7_pkey on sbtest7  (cost=0.43..362.34 rows=91 width=125)
	  Index Cond: ((id >= 8724377) AND (id <= 8724477))

table 8 : explain SELECT id, c FROM sbtest8 WHERE id BETWEEN 8724377 AND 8724477
	Index Scan using sbtest8_pkey on sbtest8  (cost=0.43..421.54 rows=106 width=125)
	  Index Cond: ((id >= 8724377) AND (id <= 8724477))

explain: for range-notcovered :: explain SELECT id, c FROM sbtest%d WHERE id BETWEEN 8724377 AND 8724477
for range-notcovered
table 1 : explain SELECT id, c FROM sbtest1 WHERE id BETWEEN 9353471 AND 9353571
	Index Scan using sbtest1_pkey on sbtest1  (cost=0.43..362.75 rows=91 width=125)
	  Index Cond: ((id >= 9353471) AND (id <= 9353571))

table 2 : explain SELECT id, c FROM sbtest2 WHERE id BETWEEN 9353471 AND 9353571
	Index Scan using sbtest2_pkey on sbtest2  (cost=0.43..454.24 rows=114 width=125)
	  Index Cond: ((id >= 9353471) AND (id <= 9353571))

table 3 : explain SELECT id, c FROM sbtest3 WHERE id BETWEEN 9353471 AND 9353571
	Index Scan using sbtest3_pkey on sbtest3  (cost=0.43..370.18 rows=93 width=125)
	  Index Cond: ((id >= 9353471) AND (id <= 9353571))

table 4 : explain SELECT id, c FROM sbtest4 WHERE id BETWEEN 9353471 AND 9353571
	Index Scan using sbtest4_pkey on sbtest4  (cost=0.43..385.60 rows=97 width=125)
	  Index Cond: ((id >= 9353471) AND (id <= 9353571))

table 5 : explain SELECT id, c FROM sbtest5 WHERE id BETWEEN 9353471 AND 9353571
	Index Scan using sbtest5_pkey on sbtest5  (cost=0.43..400.81 rows=101 width=125)
	  Index Cond: ((id >= 9353471) AND (id <= 9353571))

table 6 : explain SELECT id, c FROM sbtest6 WHERE id BETWEEN 9353471 AND 9353571
	Index Scan using sbtest6_pkey on sbtest6  (cost=0.43..405.65 rows=102 width=125)
	  Index Cond: ((id >= 9353471) AND (id <= 9353571))

table 7 : explain SELECT id, c FROM sbtest7 WHERE id BETWEEN 9353471 AND 9353571
	Index Scan using sbtest7_pkey on sbtest7  (cost=0.43..370.20 rows=93 width=125)
	  Index Cond: ((id >= 9353471) AND (id <= 9353571))

table 8 : explain SELECT id, c FROM sbtest8 WHERE id BETWEEN 9353471 AND 9353571
	Index Scan using sbtest8_pkey on sbtest8  (cost=0.43..366.45 rows=92 width=125)
	  Index Cond: ((id >= 9353471) AND (id <= 9353571))

explain: for range-notcovered :: explain SELECT id, c FROM sbtest%d WHERE id BETWEEN 9353471 AND 9353571
for range-notcovered
table 1 : explain SELECT id, c FROM sbtest1 WHERE id BETWEEN 5288112 AND 5288212
	Index Scan using sbtest1_pkey on sbtest1  (cost=0.43..406.06 rows=102 width=125)
	  Index Cond: ((id >= 5288112) AND (id <= 5288212))

table 2 : explain SELECT id, c FROM sbtest2 WHERE id BETWEEN 5288112 AND 5288212
	Index Scan using sbtest2_pkey on sbtest2  (cost=0.43..387.16 rows=97 width=125)
	  Index Cond: ((id >= 5288112) AND (id <= 5288212))

table 3 : explain SELECT id, c FROM sbtest3 WHERE id BETWEEN 5288112 AND 5288212
	Index Scan using sbtest3_pkey on sbtest3  (cost=0.43..393.77 rows=99 width=125)
	  Index Cond: ((id >= 5288112) AND (id <= 5288212))

table 4 : explain SELECT id, c FROM sbtest4 WHERE id BETWEEN 5288112 AND 5288212
	Index Scan using sbtest4_pkey on sbtest4  (cost=0.43..405.24 rows=102 width=125)
	  Index Cond: ((id >= 5288112) AND (id <= 5288212))

table 5 : explain SELECT id, c FROM sbtest5 WHERE id BETWEEN 5288112 AND 5288212
	Index Scan using sbtest5_pkey on sbtest5  (cost=0.43..389.04 rows=98 width=125)
	  Index Cond: ((id >= 5288112) AND (id <= 5288212))

table 6 : explain SELECT id, c FROM sbtest6 WHERE id BETWEEN 5288112 AND 5288212
	Index Scan using sbtest6_pkey on sbtest6  (cost=0.43..405.65 rows=102 width=125)
	  Index Cond: ((id >= 5288112) AND (id <= 5288212))

table 7 : explain SELECT id, c FROM sbtest7 WHERE id BETWEEN 5288112 AND 5288212
	Index Scan using sbtest7_pkey on sbtest7  (cost=0.43..413.44 rows=104 width=125)
	  Index Cond: ((id >= 5288112) AND (id <= 5288212))

table 8 : explain SELECT id, c FROM sbtest8 WHERE id BETWEEN 5288112 AND 5288212
	Index Scan using sbtest8_pkey on sbtest8  (cost=0.43..405.80 rows=102 width=125)
	  Index Cond: ((id >= 5288112) AND (id <= 5288212))

explain: for range-notcovered :: explain SELECT id, c FROM sbtest%d WHERE id BETWEEN 5288112 AND 5288212
for range-notcovered
table 1 : explain SELECT id, c FROM sbtest1 WHERE id BETWEEN 8724377 AND 8724477
	Index Scan using sbtest1_pkey on sbtest1  (cost=0.43..417.87 rows=105 width=125)
	  Index Cond: ((id >= 8724377) AND (id <= 8724477))

table 2 : explain SELECT id, c FROM sbtest2 WHERE id BETWEEN 8724377 AND 8724477
	Index Scan using sbtest2_pkey on sbtest2  (cost=0.43..410.85 rows=103 width=125)
	  Index Cond: ((id >= 8724377) AND (id <= 8724477))

table 3 : explain SELECT id, c FROM sbtest3 WHERE id BETWEEN 8724377 AND 8724477
	Index Scan using sbtest3_pkey on sbtest3  (cost=0.43..393.77 rows=99 width=125)
	  Index Cond: ((id >= 8724377) AND (id <= 8724477))

table 4 : explain SELECT id, c FROM sbtest4 WHERE id BETWEEN 8724377 AND 8724477
	Index Scan using sbtest4_pkey on sbtest4  (cost=0.43..377.74 rows=95 width=125)
	  Index Cond: ((id >= 8724377) AND (id <= 8724477))

table 5 : explain SELECT id, c FROM sbtest5 WHERE id BETWEEN 8724377 AND 8724477
	Index Scan using sbtest5_pkey on sbtest5  (cost=0.43..396.89 rows=100 width=125)
	  Index Cond: ((id >= 8724377) AND (id <= 8724477))

table 6 : explain SELECT id, c FROM sbtest6 WHERE id BETWEEN 8724377 AND 8724477
	Index Scan using sbtest6_pkey on sbtest6  (cost=0.43..374.17 rows=94 width=125)
	  Index Cond: ((id >= 8724377) AND (id <= 8724477))

table 7 : explain SELECT id, c FROM sbtest7 WHERE id BETWEEN 8724377 AND 8724477
	Index Scan using sbtest7_pkey on sbtest7  (cost=0.43..362.34 rows=91 width=125)
	  Index Cond: ((id >= 8724377) AND (id <= 8724477))

table 8 : explain SELECT id, c FROM sbtest8 WHERE id BETWEEN 8724377 AND 8724477
	Index Scan using sbtest8_pkey on sbtest8  (cost=0.43..421.54 rows=106 width=125)
	  Index Cond: ((id >= 8724377) AND (id <= 8724477))

for range-notcovered
table 1 : explain SELECT id, c FROM sbtest1 WHERE id BETWEEN 5466246 AND 5466346
	Index Scan using sbtest1_pkey on sbtest1  (cost=0.43..378.49 rows=95 width=125)
	  Index Cond: ((id >= 5466246) AND (id <= 5466346))

table 2 : explain SELECT id, c FROM sbtest2 WHERE id BETWEEN 5466246 AND 5466346
	Index Scan using sbtest2_pkey on sbtest2  (cost=0.43..422.68 rows=106 width=125)
	  Index Cond: ((id >= 5466246) AND (id <= 5466346))

table 3 : explain SELECT id, c FROM sbtest3 WHERE id BETWEEN 5466246 AND 5466346
	Index Scan using sbtest3_pkey on sbtest3  (cost=0.43..389.84 rows=98 width=125)
	  Index Cond: ((id >= 5466246) AND (id <= 5466346))

table 4 : explain SELECT id, c FROM sbtest4 WHERE id BETWEEN 5466246 AND 5466346
	Index Scan using sbtest4_pkey on sbtest4  (cost=0.43..444.51 rows=112 width=125)
	  Index Cond: ((id >= 5466246) AND (id <= 5466346))

table 5 : explain SELECT id, c FROM sbtest5 WHERE id BETWEEN 5466246 AND 5466346
	Index Scan using sbtest5_pkey on sbtest5  (cost=0.43..373.33 rows=94 width=125)
	  Index Cond: ((id >= 5466246) AND (id <= 5466346))

table 6 : explain SELECT id, c FROM sbtest6 WHERE id BETWEEN 5466246 AND 5466346
	Index Scan using sbtest6_pkey on sbtest6  (cost=0.43..421.37 rows=106 width=125)
	  Index Cond: ((id >= 5466246) AND (id <= 5466346))

table 7 : explain SELECT id, c FROM sbtest7 WHERE id BETWEEN 5466246 AND 5466346
	Index Scan using sbtest7_pkey on sbtest7  (cost=0.43..397.72 rows=100 width=125)
	  Index Cond: ((id >= 5466246) AND (id <= 5466346))

table 8 : explain SELECT id, c FROM sbtest8 WHERE id BETWEEN 5466246 AND 5466346
	Index Scan using sbtest8_pkey on sbtest8  (cost=0.43..386.11 rows=97 width=125)
	  Index Cond: ((id >= 5466246) AND (id <= 5466346))

explain: for range-notcovered :: explain SELECT id, c FROM sbtest%d WHERE id BETWEEN 8724377 AND 8724477
explain: for range-notcovered :: explain SELECT id, c FROM sbtest%d WHERE id BETWEEN 5466246 AND 5466346
for range-notcovered
table 1 : explain SELECT id, c FROM sbtest1 WHERE id BETWEEN 9353471 AND 9353571
	Index Scan using sbtest1_pkey on sbtest1  (cost=0.43..362.75 rows=91 width=125)
	  Index Cond: ((id >= 9353471) AND (id <= 9353571))

table 2 : explain SELECT id, c FROM sbtest2 WHERE id BETWEEN 9353471 AND 9353571
	Index Scan using sbtest2_pkey on sbtest2  (cost=0.43..454.24 rows=114 width=125)
	  Index Cond: ((id >= 9353471) AND (id <= 9353571))

table 3 : explain SELECT id, c FROM sbtest3 WHERE id BETWEEN 9353471 AND 9353571
	Index Scan using sbtest3_pkey on sbtest3  (cost=0.43..370.18 rows=93 width=125)
	  Index Cond: ((id >= 9353471) AND (id <= 9353571))

table 4 : explain SELECT id, c FROM sbtest4 WHERE id BETWEEN 9353471 AND 9353571
	Index Scan using sbtest4_pkey on sbtest4  (cost=0.43..385.60 rows=97 width=125)
	  Index Cond: ((id >= 9353471) AND (id <= 9353571))

table 5 : explain SELECT id, c FROM sbtest5 WHERE id BETWEEN 9353471 AND 9353571
	Index Scan using sbtest5_pkey on sbtest5  (cost=0.43..400.81 rows=101 width=125)
	  Index Cond: ((id >= 9353471) AND (id <= 9353571))

table 6 : explain SELECT id, c FROM sbtest6 WHERE id BETWEEN 9353471 AND 9353571
	Index Scan using sbtest6_pkey on sbtest6  (cost=0.43..405.65 rows=102 width=125)
	  Index Cond: ((id >= 9353471) AND (id <= 9353571))

table 7 : explain SELECT id, c FROM sbtest7 WHERE id BETWEEN 9353471 AND 9353571
	Index Scan using sbtest7_pkey on sbtest7  (cost=0.43..370.20 rows=93 width=125)
	  Index Cond: ((id >= 9353471) AND (id <= 9353571))

table 8 : explain SELECT id, c FROM sbtest8 WHERE id BETWEEN 9353471 AND 9353571
	Index Scan using sbtest8_pkey on sbtest8  (cost=0.43..366.45 rows=92 width=125)
	  Index Cond: ((id >= 9353471) AND (id <= 9353571))

explain: for range-notcovered :: explain SELECT id, c FROM sbtest%d WHERE id BETWEEN 9353471 AND 9353571
for range-notcovered
table 1 : explain SELECT id, c FROM sbtest1 WHERE id BETWEEN 5288112 AND 5288212
	Index Scan using sbtest1_pkey on sbtest1  (cost=0.43..406.06 rows=102 width=125)
	  Index Cond: ((id >= 5288112) AND (id <= 5288212))

table 2 : explain SELECT id, c FROM sbtest2 WHERE id BETWEEN 5288112 AND 5288212
	Index Scan using sbtest2_pkey on sbtest2  (cost=0.43..387.16 rows=97 width=125)
	  Index Cond: ((id >= 5288112) AND (id <= 5288212))

table 3 : explain SELECT id, c FROM sbtest3 WHERE id BETWEEN 5288112 AND 5288212
	Index Scan using sbtest3_pkey on sbtest3  (cost=0.43..393.77 rows=99 width=125)
	  Index Cond: ((id >= 5288112) AND (id <= 5288212))

table 4 : explain SELECT id, c FROM sbtest4 WHERE id BETWEEN 5288112 AND 5288212
	Index Scan using sbtest4_pkey on sbtest4  (cost=0.43..405.24 rows=102 width=125)
	  Index Cond: ((id >= 5288112) AND (id <= 5288212))

table 5 : explain SELECT id, c FROM sbtest5 WHERE id BETWEEN 5288112 AND 5288212
	Index Scan using sbtest5_pkey on sbtest5  (cost=0.43..389.04 rows=98 width=125)
	  Index Cond: ((id >= 5288112) AND (id <= 5288212))

table 6 : explain SELECT id, c FROM sbtest6 WHERE id BETWEEN 5288112 AND 5288212
	Index Scan using sbtest6_pkey on sbtest6  (cost=0.43..405.65 rows=102 width=125)
	  Index Cond: ((id >= 5288112) AND (id <= 5288212))

table 7 : explain SELECT id, c FROM sbtest7 WHERE id BETWEEN 5288112 AND 5288212
	Index Scan using sbtest7_pkey on sbtest7  (cost=0.43..413.44 rows=104 width=125)
	  Index Cond: ((id >= 5288112) AND (id <= 5288212))

table 8 : explain SELECT id, c FROM sbtest8 WHERE id BETWEEN 5288112 AND 5288212
	Index Scan using sbtest8_pkey on sbtest8  (cost=0.43..405.80 rows=102 width=125)
	  Index Cond: ((id >= 5288112) AND (id <= 5288212))

explain: for range-notcovered :: explain SELECT id, c FROM sbtest%d WHERE id BETWEEN 5288112 AND 5288212
for range-notcovered
table 1 : explain SELECT id, c FROM sbtest1 WHERE id BETWEEN 8724377 AND 8724477
	Index Scan using sbtest1_pkey on sbtest1  (cost=0.43..417.87 rows=105 width=125)
	  Index Cond: ((id >= 8724377) AND (id <= 8724477))

table 2 : explain SELECT id, c FROM sbtest2 WHERE id BETWEEN 8724377 AND 8724477
	Index Scan using sbtest2_pkey on sbtest2  (cost=0.43..410.85 rows=103 width=125)
	  Index Cond: ((id >= 8724377) AND (id <= 8724477))

table 3 : explain SELECT id, c FROM sbtest3 WHERE id BETWEEN 8724377 AND 8724477
	Index Scan using sbtest3_pkey on sbtest3  (cost=0.43..393.77 rows=99 width=125)
	  Index Cond: ((id >= 8724377) AND (id <= 8724477))

table 4 : explain SELECT id, c FROM sbtest4 WHERE id BETWEEN 8724377 AND 8724477
	Index Scan using sbtest4_pkey on sbtest4  (cost=0.43..377.74 rows=95 width=125)
	  Index Cond: ((id >= 8724377) AND (id <= 8724477))

table 5 : explain SELECT id, c FROM sbtest5 WHERE id BETWEEN 8724377 AND 8724477
	Index Scan using sbtest5_pkey on sbtest5  (cost=0.43..396.89 rows=100 width=125)
	  Index Cond: ((id >= 8724377) AND (id <= 8724477))

table 6 : explain SELECT id, c FROM sbtest6 WHERE id BETWEEN 8724377 AND 8724477
	Index Scan using sbtest6_pkey on sbtest6  (cost=0.43..374.17 rows=94 width=125)
	  Index Cond: ((id >= 8724377) AND (id <= 8724477))

table 7 : explain SELECT id, c FROM sbtest7 WHERE id BETWEEN 8724377 AND 8724477
	Index Scan using sbtest7_pkey on sbtest7  (cost=0.43..362.34 rows=91 width=125)
	  Index Cond: ((id >= 8724377) AND (id <= 8724477))

table 8 : explain SELECT id, c FROM sbtest8 WHERE id BETWEEN 8724377 AND 8724477
	Index Scan using sbtest8_pkey on sbtest8  (cost=0.43..421.54 rows=106 width=125)
	  Index Cond: ((id >= 8724377) AND (id <= 8724477))

explain: for range-notcovered :: explain SELECT id, c FROM sbtest%d WHERE id BETWEEN 8724377 AND 8724477
for range-notcovered
table 1 : explain SELECT id, c FROM sbtest1 WHERE id BETWEEN 5466246 AND 5466346
	Index Scan using sbtest1_pkey on sbtest1  (cost=0.43..378.49 rows=95 width=125)
	  Index Cond: ((id >= 5466246) AND (id <= 5466346))

table 2 : explain SELECT id, c FROM sbtest2 WHERE id BETWEEN 5466246 AND 5466346
	Index Scan using sbtest2_pkey on sbtest2  (cost=0.43..422.68 rows=106 width=125)
	  Index Cond: ((id >= 5466246) AND (id <= 5466346))

table 3 : explain SELECT id, c FROM sbtest3 WHERE id BETWEEN 5466246 AND 5466346
	Index Scan using sbtest3_pkey on sbtest3  (cost=0.43..389.84 rows=98 width=125)
	  Index Cond: ((id >= 5466246) AND (id <= 5466346))

table 4 : explain SELECT id, c FROM sbtest4 WHERE id BETWEEN 5466246 AND 5466346
	Index Scan using sbtest4_pkey on sbtest4  (cost=0.43..444.51 rows=112 width=125)
	  Index Cond: ((id >= 5466246) AND (id <= 5466346))

table 5 : explain SELECT id, c FROM sbtest5 WHERE id BETWEEN 5466246 AND 5466346
	Index Scan using sbtest5_pkey on sbtest5  (cost=0.43..373.33 rows=94 width=125)
	  Index Cond: ((id >= 5466246) AND (id <= 5466346))

table 6 : explain SELECT id, c FROM sbtest6 WHERE id BETWEEN 5466246 AND 5466346
	Index Scan using sbtest6_pkey on sbtest6  (cost=0.43..421.37 rows=106 width=125)
	  Index Cond: ((id >= 5466246) AND (id <= 5466346))

table 7 : explain SELECT id, c FROM sbtest7 WHERE id BETWEEN 5466246 AND 5466346
	Index Scan using sbtest7_pkey on sbtest7  (cost=0.43..397.72 rows=100 width=125)
	  Index Cond: ((id >= 5466246) AND (id <= 5466346))

table 8 : explain SELECT id, c FROM sbtest8 WHERE id BETWEEN 5466246 AND 5466346
	Index Scan using sbtest8_pkey on sbtest8  (cost=0.43..386.11 rows=97 width=125)
	  Index Cond: ((id >= 5466246) AND (id <= 5466346))

explain: for range-notcovered :: explain SELECT id, c FROM sbtest%d WHERE id BETWEEN 5466246 AND 5466346
for range-notcovered
table 1 : explain SELECT id, c FROM sbtest1 WHERE id BETWEEN 9353471 AND 9353571
	Index Scan using sbtest1_pkey on sbtest1  (cost=0.43..362.75 rows=91 width=125)
	  Index Cond: ((id >= 9353471) AND (id <= 9353571))

table 2 : explain SELECT id, c FROM sbtest2 WHERE id BETWEEN 9353471 AND 9353571
	Index Scan using sbtest2_pkey on sbtest2  (cost=0.43..454.24 rows=114 width=125)
	  Index Cond: ((id >= 9353471) AND (id <= 9353571))

table 3 : explain SELECT id, c FROM sbtest3 WHERE id BETWEEN 9353471 AND 9353571
	Index Scan using sbtest3_pkey on sbtest3  (cost=0.43..370.18 rows=93 width=125)
	  Index Cond: ((id >= 9353471) AND (id <= 9353571))

table 4 : explain SELECT id, c FROM sbtest4 WHERE id BETWEEN 9353471 AND 9353571
	Index Scan using sbtest4_pkey on sbtest4  (cost=0.43..385.60 rows=97 width=125)
	  Index Cond: ((id >= 9353471) AND (id <= 9353571))

table 5 : explain SELECT id, c FROM sbtest5 WHERE id BETWEEN 9353471 AND 9353571
	Index Scan using sbtest5_pkey on sbtest5  (cost=0.43..400.81 rows=101 width=125)
	  Index Cond: ((id >= 9353471) AND (id <= 9353571))

table 6 : explain SELECT id, c FROM sbtest6 WHERE id BETWEEN 9353471 AND 9353571
	Index Scan using sbtest6_pkey on sbtest6  (cost=0.43..405.65 rows=102 width=125)
	  Index Cond: ((id >= 9353471) AND (id <= 9353571))

table 7 : explain SELECT id, c FROM sbtest7 WHERE id BETWEEN 9353471 AND 9353571
	Index Scan using sbtest7_pkey on sbtest7  (cost=0.43..370.20 rows=93 width=125)
	  Index Cond: ((id >= 9353471) AND (id <= 9353571))

table 8 : explain SELECT id, c FROM sbtest8 WHERE id BETWEEN 9353471 AND 9353571
	Index Scan using sbtest8_pkey on sbtest8  (cost=0.43..366.45 rows=92 width=125)
	  Index Cond: ((id >= 9353471) AND (id <= 9353571))

explain: for range-notcovered :: explain SELECT id, c FROM sbtest%d WHERE id BETWEEN 9353471 AND 9353571
for range-notcovered
table 1 : explain SELECT id, c FROM sbtest1 WHERE id BETWEEN 5288112 AND 5288212
	Index Scan using sbtest1_pkey on sbtest1  (cost=0.43..406.06 rows=102 width=125)
	  Index Cond: ((id >= 5288112) AND (id <= 5288212))

table 2 : explain SELECT id, c FROM sbtest2 WHERE id BETWEEN 5288112 AND 5288212
	Index Scan using sbtest2_pkey on sbtest2  (cost=0.43..387.16 rows=97 width=125)
	  Index Cond: ((id >= 5288112) AND (id <= 5288212))

table 3 : explain SELECT id, c FROM sbtest3 WHERE id BETWEEN 5288112 AND 5288212
	Index Scan using sbtest3_pkey on sbtest3  (cost=0.43..393.77 rows=99 width=125)
	  Index Cond: ((id >= 5288112) AND (id <= 5288212))

table 4 : explain SELECT id, c FROM sbtest4 WHERE id BETWEEN 5288112 AND 5288212
	Index Scan using sbtest4_pkey on sbtest4  (cost=0.43..405.24 rows=102 width=125)
	  Index Cond: ((id >= 5288112) AND (id <= 5288212))

table 5 : explain SELECT id, c FROM sbtest5 WHERE id BETWEEN 5288112 AND 5288212
	Index Scan using sbtest5_pkey on sbtest5  (cost=0.43..389.04 rows=98 width=125)
	  Index Cond: ((id >= 5288112) AND (id <= 5288212))

table 6 : explain SELECT id, c FROM sbtest6 WHERE id BETWEEN 5288112 AND 5288212
	Index Scan using sbtest6_pkey on sbtest6  (cost=0.43..405.65 rows=102 width=125)
	  Index Cond: ((id >= 5288112) AND (id <= 5288212))

table 7 : explain SELECT id, c FROM sbtest7 WHERE id BETWEEN 5288112 AND 5288212
	Index Scan using sbtest7_pkey on sbtest7  (cost=0.43..413.44 rows=104 width=125)
	  Index Cond: ((id >= 5288112) AND (id <= 5288212))

table 8 : explain SELECT id, c FROM sbtest8 WHERE id BETWEEN 5288112 AND 5288212
	Index Scan using sbtest8_pkey on sbtest8  (cost=0.43..405.80 rows=102 width=125)
	  Index Cond: ((id >= 5288112) AND (id <= 5288212))

explain: for range-notcovered :: explain SELECT id, c FROM sbtest%d WHERE id BETWEEN 5288112 AND 5288212
for range-notcovered
table 1 : explain SELECT id, c FROM sbtest1 WHERE id BETWEEN 8724377 AND 8724477
	Index Scan using sbtest1_pkey on sbtest1  (cost=0.43..417.87 rows=105 width=125)
	  Index Cond: ((id >= 8724377) AND (id <= 8724477))

table 2 : explain SELECT id, c FROM sbtest2 WHERE id BETWEEN 8724377 AND 8724477
	Index Scan using sbtest2_pkey on sbtest2  (cost=0.43..410.85 rows=103 width=125)
	  Index Cond: ((id >= 8724377) AND (id <= 8724477))

table 3 : explain SELECT id, c FROM sbtest3 WHERE id BETWEEN 8724377 AND 8724477
	Index Scan using sbtest3_pkey on sbtest3  (cost=0.43..393.77 rows=99 width=125)
	  Index Cond: ((id >= 8724377) AND (id <= 8724477))

table 4 : explain SELECT id, c FROM sbtest4 WHERE id BETWEEN 8724377 AND 8724477
	Index Scan using sbtest4_pkey on sbtest4  (cost=0.43..377.74 rows=95 width=125)
	  Index Cond: ((id >= 8724377) AND (id <= 8724477))

table 5 : explain SELECT id, c FROM sbtest5 WHERE id BETWEEN 8724377 AND 8724477
	Index Scan using sbtest5_pkey on sbtest5  (cost=0.43..396.89 rows=100 width=125)
	  Index Cond: ((id >= 8724377) AND (id <= 8724477))

table 6 : explain SELECT id, c FROM sbtest6 WHERE id BETWEEN 8724377 AND 8724477
	Index Scan using sbtest6_pkey on sbtest6  (cost=0.43..374.17 rows=94 width=125)
	  Index Cond: ((id >= 8724377) AND (id <= 8724477))

table 7 : explain SELECT id, c FROM sbtest7 WHERE id BETWEEN 8724377 AND 8724477
	Index Scan using sbtest7_pkey on sbtest7  (cost=0.43..362.34 rows=91 width=125)
	  Index Cond: ((id >= 8724377) AND (id <= 8724477))

table 8 : explain SELECT id, c FROM sbtest8 WHERE id BETWEEN 8724377 AND 8724477
	Index Scan using sbtest8_pkey on sbtest8  (cost=0.43..421.54 rows=106 width=125)
	  Index Cond: ((id >= 8724377) AND (id <= 8724477))

explain: for range-notcovered :: explain SELECT id, c FROM sbtest%d WHERE id BETWEEN 8724377 AND 8724477
for range-notcovered
table 1 : explain SELECT id, c FROM sbtest1 WHERE id BETWEEN 5466246 AND 5466346
	Index Scan using sbtest1_pkey on sbtest1  (cost=0.43..378.49 rows=95 width=125)
	  Index Cond: ((id >= 5466246) AND (id <= 5466346))

table 2 : explain SELECT id, c FROM sbtest2 WHERE id BETWEEN 5466246 AND 5466346
	Index Scan using sbtest2_pkey on sbtest2  (cost=0.43..422.68 rows=106 width=125)
	  Index Cond: ((id >= 5466246) AND (id <= 5466346))

table 3 : explain SELECT id, c FROM sbtest3 WHERE id BETWEEN 5466246 AND 5466346
	Index Scan using sbtest3_pkey on sbtest3  (cost=0.43..389.84 rows=98 width=125)
	  Index Cond: ((id >= 5466246) AND (id <= 5466346))

table 4 : explain SELECT id, c FROM sbtest4 WHERE id BETWEEN 5466246 AND 5466346
	Index Scan using sbtest4_pkey on sbtest4  (cost=0.43..444.51 rows=112 width=125)
	  Index Cond: ((id >= 5466246) AND (id <= 5466346))

table 5 : explain SELECT id, c FROM sbtest5 WHERE id BETWEEN 5466246 AND 5466346
	Index Scan using sbtest5_pkey on sbtest5  (cost=0.43..373.33 rows=94 width=125)
	  Index Cond: ((id >= 5466246) AND (id <= 5466346))

table 6 : explain SELECT id, c FROM sbtest6 WHERE id BETWEEN 5466246 AND 5466346
	Index Scan using sbtest6_pkey on sbtest6  (cost=0.43..421.37 rows=106 width=125)
	  Index Cond: ((id >= 5466246) AND (id <= 5466346))

table 7 : explain SELECT id, c FROM sbtest7 WHERE id BETWEEN 5466246 AND 5466346
	Index Scan using sbtest7_pkey on sbtest7  (cost=0.43..397.72 rows=100 width=125)
	  Index Cond: ((id >= 5466246) AND (id <= 5466346))

table 8 : explain SELECT id, c FROM sbtest8 WHERE id BETWEEN 5466246 AND 5466346
	Index Scan using sbtest8_pkey on sbtest8  (cost=0.43..386.11 rows=97 width=125)
	  Index Cond: ((id >= 5466246) AND (id <= 5466346))

explain: for range-notcovered :: explain SELECT id, c FROM sbtest%d WHERE id BETWEEN 5466246 AND 5466346
explain: for range-notcovered :: explain SELECT id, c FROM sbtest%d WHERE id BETWEEN 6854184 AND 6854284
for range-notcovered
table 1 : explain SELECT id, c FROM sbtest1 WHERE id BETWEEN 9353471 AND 9353571
	Index Scan using sbtest1_pkey on sbtest1  (cost=0.43..362.75 rows=91 width=125)
	  Index Cond: ((id >= 9353471) AND (id <= 9353571))

table 2 : explain SELECT id, c FROM sbtest2 WHERE id BETWEEN 9353471 AND 9353571
	Index Scan using sbtest2_pkey on sbtest2  (cost=0.43..454.24 rows=114 width=125)
	  Index Cond: ((id >= 9353471) AND (id <= 9353571))

table 3 : explain SELECT id, c FROM sbtest3 WHERE id BETWEEN 9353471 AND 9353571
	Index Scan using sbtest3_pkey on sbtest3  (cost=0.43..370.18 rows=93 width=125)
	  Index Cond: ((id >= 9353471) AND (id <= 9353571))

table 4 : explain SELECT id, c FROM sbtest4 WHERE id BETWEEN 9353471 AND 9353571
	Index Scan using sbtest4_pkey on sbtest4  (cost=0.43..385.60 rows=97 width=125)
	  Index Cond: ((id >= 9353471) AND (id <= 9353571))

table 5 : explain SELECT id, c FROM sbtest5 WHERE id BETWEEN 9353471 AND 9353571
	Index Scan using sbtest5_pkey on sbtest5  (cost=0.43..400.81 rows=101 width=125)
	  Index Cond: ((id >= 9353471) AND (id <= 9353571))

table 6 : explain SELECT id, c FROM sbtest6 WHERE id BETWEEN 9353471 AND 9353571
	Index Scan using sbtest6_pkey on sbtest6  (cost=0.43..405.65 rows=102 width=125)
	  Index Cond: ((id >= 9353471) AND (id <= 9353571))

table 7 : explain SELECT id, c FROM sbtest7 WHERE id BETWEEN 9353471 AND 9353571
	Index Scan using sbtest7_pkey on sbtest7  (cost=0.43..370.20 rows=93 width=125)
	  Index Cond: ((id >= 9353471) AND (id <= 9353571))

table 8 : explain SELECT id, c FROM sbtest8 WHERE id BETWEEN 9353471 AND 9353571
	Index Scan using sbtest8_pkey on sbtest8  (cost=0.43..366.45 rows=92 width=125)
	  Index Cond: ((id >= 9353471) AND (id <= 9353571))

explain: for range-notcovered :: explain SELECT id, c FROM sbtest%d WHERE id BETWEEN 7952608 AND 7952708
explain: for range-notcovered :: explain SELECT id, c FROM sbtest%d WHERE id BETWEEN 9353471 AND 9353571
for range-notcovered
table 1 : explain SELECT id, c FROM sbtest1 WHERE id BETWEEN 5288112 AND 5288212
	Index Scan using sbtest1_pkey on sbtest1  (cost=0.43..406.06 rows=102 width=125)
	  Index Cond: ((id >= 5288112) AND (id <= 5288212))

table 2 : explain SELECT id, c FROM sbtest2 WHERE id BETWEEN 5288112 AND 5288212
	Index Scan using sbtest2_pkey on sbtest2  (cost=0.43..387.16 rows=97 width=125)
	  Index Cond: ((id >= 5288112) AND (id <= 5288212))

table 3 : explain SELECT id, c FROM sbtest3 WHERE id BETWEEN 5288112 AND 5288212
	Index Scan using sbtest3_pkey on sbtest3  (cost=0.43..393.77 rows=99 width=125)
	  Index Cond: ((id >= 5288112) AND (id <= 5288212))

table 4 : explain SELECT id, c FROM sbtest4 WHERE id BETWEEN 5288112 AND 5288212
	Index Scan using sbtest4_pkey on sbtest4  (cost=0.43..405.24 rows=102 width=125)
	  Index Cond: ((id >= 5288112) AND (id <= 5288212))

table 5 : explain SELECT id, c FROM sbtest5 WHERE id BETWEEN 5288112 AND 5288212
	Index Scan using sbtest5_pkey on sbtest5  (cost=0.43..389.04 rows=98 width=125)
	  Index Cond: ((id >= 5288112) AND (id <= 5288212))

table 6 : explain SELECT id, c FROM sbtest6 WHERE id BETWEEN 5288112 AND 5288212
	Index Scan using sbtest6_pkey on sbtest6  (cost=0.43..405.65 rows=102 width=125)
	  Index Cond: ((id >= 5288112) AND (id <= 5288212))

table 7 : explain SELECT id, c FROM sbtest7 WHERE id BETWEEN 5288112 AND 5288212
	Index Scan using sbtest7_pkey on sbtest7  (cost=0.43..413.44 rows=104 width=125)
	  Index Cond: ((id >= 5288112) AND (id <= 5288212))

table 8 : explain SELECT id, c FROM sbtest8 WHERE id BETWEEN 5288112 AND 5288212
	Index Scan using sbtest8_pkey on sbtest8  (cost=0.43..405.80 rows=102 width=125)
	  Index Cond: ((id >= 5288112) AND (id <= 5288212))

explain: for range-notcovered :: explain SELECT id, c FROM sbtest%d WHERE id BETWEEN 5288112 AND 5288212
for range-notcovered
table 1 : explain SELECT id, c FROM sbtest1 WHERE id BETWEEN 8724377 AND 8724477
	Index Scan using sbtest1_pkey on sbtest1  (cost=0.43..417.87 rows=105 width=125)
	  Index Cond: ((id >= 8724377) AND (id <= 8724477))

table 2 : explain SELECT id, c FROM sbtest2 WHERE id BETWEEN 8724377 AND 8724477
	Index Scan using sbtest2_pkey on sbtest2  (cost=0.43..410.85 rows=103 width=125)
	  Index Cond: ((id >= 8724377) AND (id <= 8724477))

table 3 : explain SELECT id, c FROM sbtest3 WHERE id BETWEEN 8724377 AND 8724477
	Index Scan using sbtest3_pkey on sbtest3  (cost=0.43..393.77 rows=99 width=125)
	  Index Cond: ((id >= 8724377) AND (id <= 8724477))

table 4 : explain SELECT id, c FROM sbtest4 WHERE id BETWEEN 8724377 AND 8724477
	Index Scan using sbtest4_pkey on sbtest4  (cost=0.43..377.74 rows=95 width=125)
	  Index Cond: ((id >= 8724377) AND (id <= 8724477))

table 5 : explain SELECT id, c FROM sbtest5 WHERE id BETWEEN 8724377 AND 8724477
	Index Scan using sbtest5_pkey on sbtest5  (cost=0.43..396.89 rows=100 width=125)
	  Index Cond: ((id >= 8724377) AND (id <= 8724477))

table 6 : explain SELECT id, c FROM sbtest6 WHERE id BETWEEN 8724377 AND 8724477
	Index Scan using sbtest6_pkey on sbtest6  (cost=0.43..374.17 rows=94 width=125)
	  Index Cond: ((id >= 8724377) AND (id <= 8724477))

table 7 : explain SELECT id, c FROM sbtest7 WHERE id BETWEEN 8724377 AND 8724477
	Index Scan using sbtest7_pkey on sbtest7  (cost=0.43..362.34 rows=91 width=125)
	  Index Cond: ((id >= 8724377) AND (id <= 8724477))

table 8 : explain SELECT id, c FROM sbtest8 WHERE id BETWEEN 8724377 AND 8724477
	Index Scan using sbtest8_pkey on sbtest8  (cost=0.43..421.54 rows=106 width=125)
	  Index Cond: ((id >= 8724377) AND (id <= 8724477))

for range-notcovered
table 1 : explain SELECT id, c FROM sbtest1 WHERE id BETWEEN 5466246 AND 5466346
	Index Scan using sbtest1_pkey on sbtest1  (cost=0.43..378.49 rows=95 width=125)
	  Index Cond: ((id >= 5466246) AND (id <= 5466346))

table 2 : explain SELECT id, c FROM sbtest2 WHERE id BETWEEN 5466246 AND 5466346
	Index Scan using sbtest2_pkey on sbtest2  (cost=0.43..422.68 rows=106 width=125)
	  Index Cond: ((id >= 5466246) AND (id <= 5466346))

table 3 : explain SELECT id, c FROM sbtest3 WHERE id BETWEEN 5466246 AND 5466346
	Index Scan using sbtest3_pkey on sbtest3  (cost=0.43..389.84 rows=98 width=125)
	  Index Cond: ((id >= 5466246) AND (id <= 5466346))

table 4 : explain SELECT id, c FROM sbtest4 WHERE id BETWEEN 5466246 AND 5466346
	Index Scan using sbtest4_pkey on sbtest4  (cost=0.43..444.51 rows=112 width=125)
	  Index Cond: ((id >= 5466246) AND (id <= 5466346))

table 5 : explain SELECT id, c FROM sbtest5 WHERE id BETWEEN 5466246 AND 5466346
	Index Scan using sbtest5_pkey on sbtest5  (cost=0.43..373.33 rows=94 width=125)
	  Index Cond: ((id >= 5466246) AND (id <= 5466346))

table 6 : explain SELECT id, c FROM sbtest6 WHERE id BETWEEN 5466246 AND 5466346
	Index Scan using sbtest6_pkey on sbtest6  (cost=0.43..421.37 rows=106 width=125)
	  Index Cond: ((id >= 5466246) AND (id <= 5466346))

table 7 : explain SELECT id, c FROM sbtest7 WHERE id BETWEEN 5466246 AND 5466346
	Index Scan using sbtest7_pkey on sbtest7  (cost=0.43..397.72 rows=100 width=125)
	  Index Cond: ((id >= 5466246) AND (id <= 5466346))

table 8 : explain SELECT id, c FROM sbtest8 WHERE id BETWEEN 5466246 AND 5466346
	Index Scan using sbtest8_pkey on sbtest8  (cost=0.43..386.11 rows=97 width=125)
	  Index Cond: ((id >= 5466246) AND (id <= 5466346))

explain: for range-notcovered :: explain SELECT id, c FROM sbtest%d WHERE id BETWEEN 5466246 AND 5466346
for range-notcovered
table 1 : explain SELECT id, c FROM sbtest1 WHERE id BETWEEN 9353471 AND 9353571
	Index Scan using sbtest1_pkey on sbtest1  (cost=0.43..362.75 rows=91 width=125)
	  Index Cond: ((id >= 9353471) AND (id <= 9353571))

table 2 : explain SELECT id, c FROM sbtest2 WHERE id BETWEEN 9353471 AND 9353571
	Index Scan using sbtest2_pkey on sbtest2  (cost=0.43..454.24 rows=114 width=125)
	  Index Cond: ((id >= 9353471) AND (id <= 9353571))

table 3 : explain SELECT id, c FROM sbtest3 WHERE id BETWEEN 9353471 AND 9353571
	Index Scan using sbtest3_pkey on sbtest3  (cost=0.43..370.18 rows=93 width=125)
	  Index Cond: ((id >= 9353471) AND (id <= 9353571))

table 4 : explain SELECT id, c FROM sbtest4 WHERE id BETWEEN 9353471 AND 9353571
	Index Scan using sbtest4_pkey on sbtest4  (cost=0.43..385.60 rows=97 width=125)
	  Index Cond: ((id >= 9353471) AND (id <= 9353571))

table 5 : explain SELECT id, c FROM sbtest5 WHERE id BETWEEN 9353471 AND 9353571
	Index Scan using sbtest5_pkey on sbtest5  (cost=0.43..400.81 rows=101 width=125)
	  Index Cond: ((id >= 9353471) AND (id <= 9353571))

table 6 : explain SELECT id, c FROM sbtest6 WHERE id BETWEEN 9353471 AND 9353571
	Index Scan using sbtest6_pkey on sbtest6  (cost=0.43..405.65 rows=102 width=125)
	  Index Cond: ((id >= 9353471) AND (id <= 9353571))

table 7 : explain SELECT id, c FROM sbtest7 WHERE id BETWEEN 9353471 AND 9353571
	Index Scan using sbtest7_pkey on sbtest7  (cost=0.43..370.20 rows=93 width=125)
	  Index Cond: ((id >= 9353471) AND (id <= 9353571))

table 8 : explain SELECT id, c FROM sbtest8 WHERE id BETWEEN 9353471 AND 9353571
	Index Scan using sbtest8_pkey on sbtest8  (cost=0.43..366.45 rows=92 width=125)
	  Index Cond: ((id >= 9353471) AND (id <= 9353571))

explain: for range-notcovered :: explain SELECT id, c FROM sbtest%d WHERE id BETWEEN 9353471 AND 9353571
for range-notcovered
table 1 : explain SELECT id, c FROM sbtest1 WHERE id BETWEEN 5288112 AND 5288212
	Index Scan using sbtest1_pkey on sbtest1  (cost=0.43..406.06 rows=102 width=125)
	  Index Cond: ((id >= 5288112) AND (id <= 5288212))

table 2 : explain SELECT id, c FROM sbtest2 WHERE id BETWEEN 5288112 AND 5288212
	Index Scan using sbtest2_pkey on sbtest2  (cost=0.43..387.16 rows=97 width=125)
	  Index Cond: ((id >= 5288112) AND (id <= 5288212))

table 3 : explain SELECT id, c FROM sbtest3 WHERE id BETWEEN 5288112 AND 5288212
	Index Scan using sbtest3_pkey on sbtest3  (cost=0.43..393.77 rows=99 width=125)
	  Index Cond: ((id >= 5288112) AND (id <= 5288212))

table 4 : explain SELECT id, c FROM sbtest4 WHERE id BETWEEN 5288112 AND 5288212
	Index Scan using sbtest4_pkey on sbtest4  (cost=0.43..405.24 rows=102 width=125)
	  Index Cond: ((id >= 5288112) AND (id <= 5288212))

table 5 : explain SELECT id, c FROM sbtest5 WHERE id BETWEEN 5288112 AND 5288212
	Index Scan using sbtest5_pkey on sbtest5  (cost=0.43..389.04 rows=98 width=125)
	  Index Cond: ((id >= 5288112) AND (id <= 5288212))

table 6 : explain SELECT id, c FROM sbtest6 WHERE id BETWEEN 5288112 AND 5288212
	Index Scan using sbtest6_pkey on sbtest6  (cost=0.43..405.65 rows=102 width=125)
	  Index Cond: ((id >= 5288112) AND (id <= 5288212))

table 7 : explain SELECT id, c FROM sbtest7 WHERE id BETWEEN 5288112 AND 5288212
	Index Scan using sbtest7_pkey on sbtest7  (cost=0.43..413.44 rows=104 width=125)
	  Index Cond: ((id >= 5288112) AND (id <= 5288212))

table 8 : explain SELECT id, c FROM sbtest8 WHERE id BETWEEN 5288112 AND 5288212
	Index Scan using sbtest8_pkey on sbtest8  (cost=0.43..405.80 rows=102 width=125)
	  Index Cond: ((id >= 5288112) AND (id <= 5288212))

for range-notcovered
table 1 : explain SELECT id, c FROM sbtest1 WHERE id BETWEEN 5466246 AND 5466346
	Index Scan using sbtest1_pkey on sbtest1  (cost=0.43..378.49 rows=95 width=125)
	  Index Cond: ((id >= 5466246) AND (id <= 5466346))

table 2 : explain SELECT id, c FROM sbtest2 WHERE id BETWEEN 5466246 AND 5466346
	Index Scan using sbtest2_pkey on sbtest2  (cost=0.43..422.68 rows=106 width=125)
	  Index Cond: ((id >= 5466246) AND (id <= 5466346))

table 3 : explain SELECT id, c FROM sbtest3 WHERE id BETWEEN 5466246 AND 5466346
	Index Scan using sbtest3_pkey on sbtest3  (cost=0.43..389.84 rows=98 width=125)
	  Index Cond: ((id >= 5466246) AND (id <= 5466346))

table 4 : explain SELECT id, c FROM sbtest4 WHERE id BETWEEN 5466246 AND 5466346
	Index Scan using sbtest4_pkey on sbtest4  (cost=0.43..444.51 rows=112 width=125)
	  Index Cond: ((id >= 5466246) AND (id <= 5466346))

table 5 : explain SELECT id, c FROM sbtest5 WHERE id BETWEEN 5466246 AND 5466346
	Index Scan using sbtest5_pkey on sbtest5  (cost=0.43..373.33 rows=94 width=125)
	  Index Cond: ((id >= 5466246) AND (id <= 5466346))

table 6 : explain SELECT id, c FROM sbtest6 WHERE id BETWEEN 5466246 AND 5466346
	Index Scan using sbtest6_pkey on sbtest6  (cost=0.43..421.37 rows=106 width=125)
	  Index Cond: ((id >= 5466246) AND (id <= 5466346))

table 7 : explain SELECT id, c FROM sbtest7 WHERE id BETWEEN 5466246 AND 5466346
	Index Scan using sbtest7_pkey on sbtest7  (cost=0.43..397.72 rows=100 width=125)
	  Index Cond: ((id >= 5466246) AND (id <= 5466346))

table 8 : explain SELECT id, c FROM sbtest8 WHERE id BETWEEN 5466246 AND 5466346
	Index Scan using sbtest8_pkey on sbtest8  (cost=0.43..386.11 rows=97 width=125)
	  Index Cond: ((id >= 5466246) AND (id <= 5466346))

explain: for range-notcovered :: explain SELECT id, c FROM sbtest%d WHERE id BETWEEN 5466246 AND 5466346
for range-notcovered
table 1 : explain SELECT id, c FROM sbtest1 WHERE id BETWEEN 9353471 AND 9353571
	Index Scan using sbtest1_pkey on sbtest1  (cost=0.43..362.75 rows=91 width=125)
	  Index Cond: ((id >= 9353471) AND (id <= 9353571))

table 2 : explain SELECT id, c FROM sbtest2 WHERE id BETWEEN 9353471 AND 9353571
	Index Scan using sbtest2_pkey on sbtest2  (cost=0.43..454.24 rows=114 width=125)
	  Index Cond: ((id >= 9353471) AND (id <= 9353571))

table 3 : explain SELECT id, c FROM sbtest3 WHERE id BETWEEN 9353471 AND 9353571
	Index Scan using sbtest3_pkey on sbtest3  (cost=0.43..370.18 rows=93 width=125)
	  Index Cond: ((id >= 9353471) AND (id <= 9353571))

table 4 : explain SELECT id, c FROM sbtest4 WHERE id BETWEEN 9353471 AND 9353571
	Index Scan using sbtest4_pkey on sbtest4  (cost=0.43..385.60 rows=97 width=125)
	  Index Cond: ((id >= 9353471) AND (id <= 9353571))

table 5 : explain SELECT id, c FROM sbtest5 WHERE id BETWEEN 9353471 AND 9353571
	Index Scan using sbtest5_pkey on sbtest5  (cost=0.43..400.81 rows=101 width=125)
	  Index Cond: ((id >= 9353471) AND (id <= 9353571))

table 6 : explain SELECT id, c FROM sbtest6 WHERE id BETWEEN 9353471 AND 9353571
	Index Scan using sbtest6_pkey on sbtest6  (cost=0.43..405.65 rows=102 width=125)
	  Index Cond: ((id >= 9353471) AND (id <= 9353571))

table 7 : explain SELECT id, c FROM sbtest7 WHERE id BETWEEN 9353471 AND 9353571
	Index Scan using sbtest7_pkey on sbtest7  (cost=0.43..370.20 rows=93 width=125)
	  Index Cond: ((id >= 9353471) AND (id <= 9353571))

table 8 : explain SELECT id, c FROM sbtest8 WHERE id BETWEEN 9353471 AND 9353571
	Index Scan using sbtest8_pkey on sbtest8  (cost=0.43..366.45 rows=92 width=125)
	  Index Cond: ((id >= 9353471) AND (id <= 9353571))

for range-notcovered
table 1 : explain SELECT id, c FROM sbtest1 WHERE id BETWEEN 5466246 AND 5466346
	Index Scan using sbtest1_pkey on sbtest1  (cost=0.43..378.49 rows=95 width=125)
	  Index Cond: ((id >= 5466246) AND (id <= 5466346))

table 2 : explain SELECT id, c FROM sbtest2 WHERE id BETWEEN 5466246 AND 5466346
	Index Scan using sbtest2_pkey on sbtest2  (cost=0.43..422.68 rows=106 width=125)
	  Index Cond: ((id >= 5466246) AND (id <= 5466346))

table 3 : explain SELECT id, c FROM sbtest3 WHERE id BETWEEN 5466246 AND 5466346
	Index Scan using sbtest3_pkey on sbtest3  (cost=0.43..389.84 rows=98 width=125)
	  Index Cond: ((id >= 5466246) AND (id <= 5466346))

table 4 : explain SELECT id, c FROM sbtest4 WHERE id BETWEEN 5466246 AND 5466346
	Index Scan using sbtest4_pkey on sbtest4  (cost=0.43..444.51 rows=112 width=125)
	  Index Cond: ((id >= 5466246) AND (id <= 5466346))

table 5 : explain SELECT id, c FROM sbtest5 WHERE id BETWEEN 5466246 AND 5466346
	Index Scan using sbtest5_pkey on sbtest5  (cost=0.43..373.33 rows=94 width=125)
	  Index Cond: ((id >= 5466246) AND (id <= 5466346))

table 6 : explain SELECT id, c FROM sbtest6 WHERE id BETWEEN 5466246 AND 5466346
	Index Scan using sbtest6_pkey on sbtest6  (cost=0.43..421.37 rows=106 width=125)
	  Index Cond: ((id >= 5466246) AND (id <= 5466346))

table 7 : explain SELECT id, c FROM sbtest7 WHERE id BETWEEN 5466246 AND 5466346
	Index Scan using sbtest7_pkey on sbtest7  (cost=0.43..397.72 rows=100 width=125)
	  Index Cond: ((id >= 5466246) AND (id <= 5466346))

table 8 : explain SELECT id, c FROM sbtest8 WHERE id BETWEEN 5466246 AND 5466346
	Index Scan using sbtest8_pkey on sbtest8  (cost=0.43..386.11 rows=97 width=125)
	  Index Cond: ((id >= 5466246) AND (id <= 5466346))

explain: for range-notcovered :: explain SELECT id, c FROM sbtest%d WHERE id BETWEEN 5466246 AND 5466346
for range-notcovered
table 1 : explain SELECT id, c FROM sbtest1 WHERE id BETWEEN 5466246 AND 5466346
	Index Scan using sbtest1_pkey on sbtest1  (cost=0.43..378.49 rows=95 width=125)
	  Index Cond: ((id >= 5466246) AND (id <= 5466346))

table 2 : explain SELECT id, c FROM sbtest2 WHERE id BETWEEN 5466246 AND 5466346
	Index Scan using sbtest2_pkey on sbtest2  (cost=0.43..422.68 rows=106 width=125)
	  Index Cond: ((id >= 5466246) AND (id <= 5466346))

table 3 : explain SELECT id, c FROM sbtest3 WHERE id BETWEEN 5466246 AND 5466346
	Index Scan using sbtest3_pkey on sbtest3  (cost=0.43..389.84 rows=98 width=125)
	  Index Cond: ((id >= 5466246) AND (id <= 5466346))

table 4 : explain SELECT id, c FROM sbtest4 WHERE id BETWEEN 5466246 AND 5466346
	Index Scan using sbtest4_pkey on sbtest4  (cost=0.43..444.51 rows=112 width=125)
	  Index Cond: ((id >= 5466246) AND (id <= 5466346))

table 5 : explain SELECT id, c FROM sbtest5 WHERE id BETWEEN 5466246 AND 5466346
	Index Scan using sbtest5_pkey on sbtest5  (cost=0.43..373.33 rows=94 width=125)
	  Index Cond: ((id >= 5466246) AND (id <= 5466346))

table 6 : explain SELECT id, c FROM sbtest6 WHERE id BETWEEN 5466246 AND 5466346
	Index Scan using sbtest6_pkey on sbtest6  (cost=0.43..421.37 rows=106 width=125)
	  Index Cond: ((id >= 5466246) AND (id <= 5466346))

table 7 : explain SELECT id, c FROM sbtest7 WHERE id BETWEEN 5466246 AND 5466346
	Index Scan using sbtest7_pkey on sbtest7  (cost=0.43..397.72 rows=100 width=125)
	  Index Cond: ((id >= 5466246) AND (id <= 5466346))

table 8 : explain SELECT id, c FROM sbtest8 WHERE id BETWEEN 5466246 AND 5466346
	Index Scan using sbtest8_pkey on sbtest8  (cost=0.43..386.11 rows=97 width=125)
	  Index Cond: ((id >= 5466246) AND (id <= 5466346))

explain: for range-notcovered :: explain SELECT id, c FROM sbtest%d WHERE id BETWEEN 5466246 AND 5466346
for range-notcovered
table 1 : explain SELECT id, c FROM sbtest1 WHERE id BETWEEN 6854184 AND 6854284
	Index Scan using sbtest1_pkey on sbtest1  (cost=0.43..394.26 rows=99 width=125)
	  Index Cond: ((id >= 6854184) AND (id <= 6854284))

table 2 : explain SELECT id, c FROM sbtest2 WHERE id BETWEEN 6854184 AND 6854284
	Index Scan using sbtest2_pkey on sbtest2  (cost=0.43..473.96 rows=119 width=125)
	  Index Cond: ((id >= 6854184) AND (id <= 6854284))

table 3 : explain SELECT id, c FROM sbtest3 WHERE id BETWEEN 6854184 AND 6854284
	Index Scan using sbtest3_pkey on sbtest3  (cost=0.43..389.84 rows=98 width=125)
	  Index Cond: ((id >= 6854184) AND (id <= 6854284))

table 4 : explain SELECT id, c FROM sbtest4 WHERE id BETWEEN 6854184 AND 6854284
	Index Scan using sbtest4_pkey on sbtest4  (cost=0.43..377.74 rows=95 width=125)
	  Index Cond: ((id >= 6854184) AND (id <= 6854284))

table 5 : explain SELECT id, c FROM sbtest5 WHERE id BETWEEN 6854184 AND 6854284
	Index Scan using sbtest5_pkey on sbtest5  (cost=0.43..389.04 rows=98 width=125)
	  Index Cond: ((id >= 6854184) AND (id <= 6854284))

table 6 : explain SELECT id, c FROM sbtest6 WHERE id BETWEEN 6854184 AND 6854284
	Index Scan using sbtest6_pkey on sbtest6  (cost=0.43..362.37 rows=91 width=125)
	  Index Cond: ((id >= 6854184) AND (id <= 6854284))

table 7 : explain SELECT id, c FROM sbtest7 WHERE id BETWEEN 6854184 AND 6854284
	Index Scan using sbtest7_pkey on sbtest7  (cost=0.43..421.31 rows=106 width=125)
	  Index Cond: ((id >= 6854184) AND (id <= 6854284))

table 8 : explain SELECT id, c FROM sbtest8 WHERE id BETWEEN 6854184 AND 6854284
	Index Scan using sbtest8_pkey on sbtest8  (cost=0.43..382.18 rows=96 width=125)
	  Index Cond: ((id >= 6854184) AND (id <= 6854284))

explain: for range-notcovered :: explain SELECT id, c FROM sbtest%d WHERE id BETWEEN 6854184 AND 6854284
for range-notcovered
table 1 : explain SELECT id, c FROM sbtest1 WHERE id BETWEEN 7952608 AND 7952708
	Index Scan using sbtest1_pkey on sbtest1  (cost=0.43..398.19 rows=100 width=125)
	  Index Cond: ((id >= 7952608) AND (id <= 7952708))

table 2 : explain SELECT id, c FROM sbtest2 WHERE id BETWEEN 7952608 AND 7952708
	Index Scan using sbtest2_pkey on sbtest2  (cost=0.43..418.74 rows=105 width=125)
	  Index Cond: ((id >= 7952608) AND (id <= 7952708))

table 3 : explain SELECT id, c FROM sbtest3 WHERE id BETWEEN 7952608 AND 7952708
	Index Scan using sbtest3_pkey on sbtest3  (cost=0.43..397.70 rows=100 width=125)
	  Index Cond: ((id >= 7952608) AND (id <= 7952708))

table 4 : explain SELECT id, c FROM sbtest4 WHERE id BETWEEN 7952608 AND 7952708
	Index Scan using sbtest4_pkey on sbtest4  (cost=0.43..409.16 rows=103 width=125)
	  Index Cond: ((id >= 7952608) AND (id <= 7952708))

table 5 : explain SELECT id, c FROM sbtest5 WHERE id BETWEEN 7952608 AND 7952708
	Index Scan using sbtest5_pkey on sbtest5  (cost=0.43..385.12 rows=97 width=125)
	  Index Cond: ((id >= 7952608) AND (id <= 7952708))

table 6 : explain SELECT id, c FROM sbtest6 WHERE id BETWEEN 7952608 AND 7952708
	Index Scan using sbtest6_pkey on sbtest6  (cost=0.43..405.65 rows=102 width=125)
	  Index Cond: ((id >= 7952608) AND (id <= 7952708))

table 7 : explain SELECT id, c FROM sbtest7 WHERE id BETWEEN 7952608 AND 7952708
	Index Scan using sbtest7_pkey on sbtest7  (cost=0.43..409.51 rows=103 width=125)
	  Index Cond: ((id >= 7952608) AND (id <= 7952708))

table 8 : explain SELECT id, c FROM sbtest8 WHERE id BETWEEN 7952608 AND 7952708
	Index Scan using sbtest8_pkey on sbtest8  (cost=0.43..358.58 rows=90 width=125)
	  Index Cond: ((id >= 7952608) AND (id <= 7952708))

explain: for range-notcovered :: explain SELECT id, c FROM sbtest%d WHERE id BETWEEN 7952608 AND 7952708
explain: for range-notcovered :: explain SELECT id, c FROM sbtest%d WHERE id BETWEEN 6617782 AND 6617882
explain: for range-notcovered :: explain SELECT id, c FROM sbtest%d WHERE id BETWEEN 6205879 AND 6205979
for range-notcovered
table 1 : explain SELECT id, c FROM sbtest1 WHERE id BETWEEN 5466246 AND 5466346
	Index Scan using sbtest1_pkey on sbtest1  (cost=0.43..378.49 rows=95 width=125)
	  Index Cond: ((id >= 5466246) AND (id <= 5466346))

table 2 : explain SELECT id, c FROM sbtest2 WHERE id BETWEEN 5466246 AND 5466346
	Index Scan using sbtest2_pkey on sbtest2  (cost=0.43..422.68 rows=106 width=125)
	  Index Cond: ((id >= 5466246) AND (id <= 5466346))

table 3 : explain SELECT id, c FROM sbtest3 WHERE id BETWEEN 5466246 AND 5466346
	Index Scan using sbtest3_pkey on sbtest3  (cost=0.43..389.84 rows=98 width=125)
	  Index Cond: ((id >= 5466246) AND (id <= 5466346))

table 4 : explain SELECT id, c FROM sbtest4 WHERE id BETWEEN 5466246 AND 5466346
	Index Scan using sbtest4_pkey on sbtest4  (cost=0.43..444.51 rows=112 width=125)
	  Index Cond: ((id >= 5466246) AND (id <= 5466346))

table 5 : explain SELECT id, c FROM sbtest5 WHERE id BETWEEN 5466246 AND 5466346
	Index Scan using sbtest5_pkey on sbtest5  (cost=0.43..373.33 rows=94 width=125)
	  Index Cond: ((id >= 5466246) AND (id <= 5466346))

table 6 : explain SELECT id, c FROM sbtest6 WHERE id BETWEEN 5466246 AND 5466346
	Index Scan using sbtest6_pkey on sbtest6  (cost=0.43..421.37 rows=106 width=125)
	  Index Cond: ((id >= 5466246) AND (id <= 5466346))

table 7 : explain SELECT id, c FROM sbtest7 WHERE id BETWEEN 5466246 AND 5466346
	Index Scan using sbtest7_pkey on sbtest7  (cost=0.43..397.72 rows=100 width=125)
	  Index Cond: ((id >= 5466246) AND (id <= 5466346))

table 8 : explain SELECT id, c FROM sbtest8 WHERE id BETWEEN 5466246 AND 5466346
	Index Scan using sbtest8_pkey on sbtest8  (cost=0.43..386.11 rows=97 width=125)
	  Index Cond: ((id >= 5466246) AND (id <= 5466346))

explain: for range-notcovered :: explain SELECT id, c FROM sbtest%d WHERE id BETWEEN 8186133 AND 8186233
for range-notcovered
table 1 : explain SELECT id, c FROM sbtest1 WHERE id BETWEEN 6854184 AND 6854284
	Index Scan using sbtest1_pkey on sbtest1  (cost=0.43..394.26 rows=99 width=125)
	  Index Cond: ((id >= 6854184) AND (id <= 6854284))

table 2 : explain SELECT id, c FROM sbtest2 WHERE id BETWEEN 6854184 AND 6854284
	Index Scan using sbtest2_pkey on sbtest2  (cost=0.43..473.96 rows=119 width=125)
	  Index Cond: ((id >= 6854184) AND (id <= 6854284))

table 3 : explain SELECT id, c FROM sbtest3 WHERE id BETWEEN 6854184 AND 6854284
	Index Scan using sbtest3_pkey on sbtest3  (cost=0.43..389.84 rows=98 width=125)
	  Index Cond: ((id >= 6854184) AND (id <= 6854284))

table 4 : explain SELECT id, c FROM sbtest4 WHERE id BETWEEN 6854184 AND 6854284
	Index Scan using sbtest4_pkey on sbtest4  (cost=0.43..377.74 rows=95 width=125)
	  Index Cond: ((id >= 6854184) AND (id <= 6854284))

table 5 : explain SELECT id, c FROM sbtest5 WHERE id BETWEEN 6854184 AND 6854284
	Index Scan using sbtest5_pkey on sbtest5  (cost=0.43..389.04 rows=98 width=125)
	  Index Cond: ((id >= 6854184) AND (id <= 6854284))

table 6 : explain SELECT id, c FROM sbtest6 WHERE id BETWEEN 6854184 AND 6854284
	Index Scan using sbtest6_pkey on sbtest6  (cost=0.43..362.37 rows=91 width=125)
	  Index Cond: ((id >= 6854184) AND (id <= 6854284))

table 7 : explain SELECT id, c FROM sbtest7 WHERE id BETWEEN 6854184 AND 6854284
	Index Scan using sbtest7_pkey on sbtest7  (cost=0.43..421.31 rows=106 width=125)
	  Index Cond: ((id >= 6854184) AND (id <= 6854284))

table 8 : explain SELECT id, c FROM sbtest8 WHERE id BETWEEN 6854184 AND 6854284
	Index Scan using sbtest8_pkey on sbtest8  (cost=0.43..382.18 rows=96 width=125)
	  Index Cond: ((id >= 6854184) AND (id <= 6854284))

explain: for range-notcovered :: explain SELECT id, c FROM sbtest%d WHERE id BETWEEN 6854184 AND 6854284
for range-notcovered
table 1 : explain SELECT id, c FROM sbtest1 WHERE id BETWEEN 7952608 AND 7952708
	Index Scan using sbtest1_pkey on sbtest1  (cost=0.43..398.19 rows=100 width=125)
	  Index Cond: ((id >= 7952608) AND (id <= 7952708))

table 2 : explain SELECT id, c FROM sbtest2 WHERE id BETWEEN 7952608 AND 7952708
	Index Scan using sbtest2_pkey on sbtest2  (cost=0.43..418.74 rows=105 width=125)
	  Index Cond: ((id >= 7952608) AND (id <= 7952708))

table 3 : explain SELECT id, c FROM sbtest3 WHERE id BETWEEN 7952608 AND 7952708
	Index Scan using sbtest3_pkey on sbtest3  (cost=0.43..397.70 rows=100 width=125)
	  Index Cond: ((id >= 7952608) AND (id <= 7952708))

table 4 : explain SELECT id, c FROM sbtest4 WHERE id BETWEEN 7952608 AND 7952708
	Index Scan using sbtest4_pkey on sbtest4  (cost=0.43..409.16 rows=103 width=125)
	  Index Cond: ((id >= 7952608) AND (id <= 7952708))

table 5 : explain SELECT id, c FROM sbtest5 WHERE id BETWEEN 7952608 AND 7952708
	Index Scan using sbtest5_pkey on sbtest5  (cost=0.43..385.12 rows=97 width=125)
	  Index Cond: ((id >= 7952608) AND (id <= 7952708))

table 6 : explain SELECT id, c FROM sbtest6 WHERE id BETWEEN 7952608 AND 7952708
	Index Scan using sbtest6_pkey on sbtest6  (cost=0.43..405.65 rows=102 width=125)
	  Index Cond: ((id >= 7952608) AND (id <= 7952708))

table 7 : explain SELECT id, c FROM sbtest7 WHERE id BETWEEN 7952608 AND 7952708
	Index Scan using sbtest7_pkey on sbtest7  (cost=0.43..409.51 rows=103 width=125)
	  Index Cond: ((id >= 7952608) AND (id <= 7952708))

table 8 : explain SELECT id, c FROM sbtest8 WHERE id BETWEEN 7952608 AND 7952708
	Index Scan using sbtest8_pkey on sbtest8  (cost=0.43..358.58 rows=90 width=125)
	  Index Cond: ((id >= 7952608) AND (id <= 7952708))

explain: for range-notcovered :: explain SELECT id, c FROM sbtest%d WHERE id BETWEEN 7952608 AND 7952708
for range-notcovered
table 1 : explain SELECT id, c FROM sbtest1 WHERE id BETWEEN 6854184 AND 6854284
	Index Scan using sbtest1_pkey on sbtest1  (cost=0.43..394.26 rows=99 width=125)
	  Index Cond: ((id >= 6854184) AND (id <= 6854284))

table 2 : explain SELECT id, c FROM sbtest2 WHERE id BETWEEN 6854184 AND 6854284
	Index Scan using sbtest2_pkey on sbtest2  (cost=0.43..473.96 rows=119 width=125)
	  Index Cond: ((id >= 6854184) AND (id <= 6854284))

table 3 : explain SELECT id, c FROM sbtest3 WHERE id BETWEEN 6854184 AND 6854284
	Index Scan using sbtest3_pkey on sbtest3  (cost=0.43..389.84 rows=98 width=125)
	  Index Cond: ((id >= 6854184) AND (id <= 6854284))

table 4 : explain SELECT id, c FROM sbtest4 WHERE id BETWEEN 6854184 AND 6854284
	Index Scan using sbtest4_pkey on sbtest4  (cost=0.43..377.74 rows=95 width=125)
	  Index Cond: ((id >= 6854184) AND (id <= 6854284))

table 5 : explain SELECT id, c FROM sbtest5 WHERE id BETWEEN 6854184 AND 6854284
	Index Scan using sbtest5_pkey on sbtest5  (cost=0.43..389.04 rows=98 width=125)
	  Index Cond: ((id >= 6854184) AND (id <= 6854284))

table 6 : explain SELECT id, c FROM sbtest6 WHERE id BETWEEN 6854184 AND 6854284
	Index Scan using sbtest6_pkey on sbtest6  (cost=0.43..362.37 rows=91 width=125)
	  Index Cond: ((id >= 6854184) AND (id <= 6854284))

table 7 : explain SELECT id, c FROM sbtest7 WHERE id BETWEEN 6854184 AND 6854284
	Index Scan using sbtest7_pkey on sbtest7  (cost=0.43..421.31 rows=106 width=125)
	  Index Cond: ((id >= 6854184) AND (id <= 6854284))

table 8 : explain SELECT id, c FROM sbtest8 WHERE id BETWEEN 6854184 AND 6854284
	Index Scan using sbtest8_pkey on sbtest8  (cost=0.43..382.18 rows=96 width=125)
	  Index Cond: ((id >= 6854184) AND (id <= 6854284))

explain: for range-notcovered :: explain SELECT id, c FROM sbtest%d WHERE id BETWEEN 6854184 AND 6854284
for range-notcovered
table 1 : explain SELECT id, c FROM sbtest1 WHERE id BETWEEN 7952608 AND 7952708
	Index Scan using sbtest1_pkey on sbtest1  (cost=0.43..398.19 rows=100 width=125)
	  Index Cond: ((id >= 7952608) AND (id <= 7952708))

table 2 : explain SELECT id, c FROM sbtest2 WHERE id BETWEEN 7952608 AND 7952708
	Index Scan using sbtest2_pkey on sbtest2  (cost=0.43..418.74 rows=105 width=125)
	  Index Cond: ((id >= 7952608) AND (id <= 7952708))

table 3 : explain SELECT id, c FROM sbtest3 WHERE id BETWEEN 7952608 AND 7952708
	Index Scan using sbtest3_pkey on sbtest3  (cost=0.43..397.70 rows=100 width=125)
	  Index Cond: ((id >= 7952608) AND (id <= 7952708))

table 4 : explain SELECT id, c FROM sbtest4 WHERE id BETWEEN 7952608 AND 7952708
	Index Scan using sbtest4_pkey on sbtest4  (cost=0.43..409.16 rows=103 width=125)
	  Index Cond: ((id >= 7952608) AND (id <= 7952708))

table 5 : explain SELECT id, c FROM sbtest5 WHERE id BETWEEN 7952608 AND 7952708
	Index Scan using sbtest5_pkey on sbtest5  (cost=0.43..385.12 rows=97 width=125)
	  Index Cond: ((id >= 7952608) AND (id <= 7952708))

table 6 : explain SELECT id, c FROM sbtest6 WHERE id BETWEEN 7952608 AND 7952708
	Index Scan using sbtest6_pkey on sbtest6  (cost=0.43..405.65 rows=102 width=125)
	  Index Cond: ((id >= 7952608) AND (id <= 7952708))

table 7 : explain SELECT id, c FROM sbtest7 WHERE id BETWEEN 7952608 AND 7952708
	Index Scan using sbtest7_pkey on sbtest7  (cost=0.43..409.51 rows=103 width=125)
	  Index Cond: ((id >= 7952608) AND (id <= 7952708))

table 8 : explain SELECT id, c FROM sbtest8 WHERE id BETWEEN 7952608 AND 7952708
	Index Scan using sbtest8_pkey on sbtest8  (cost=0.43..358.58 rows=90 width=125)
	  Index Cond: ((id >= 7952608) AND (id <= 7952708))

explain: for range-notcovered :: explain SELECT id, c FROM sbtest%d WHERE id BETWEEN 7952608 AND 7952708
explain: for range-notcovered :: explain SELECT id, c FROM sbtest%d WHERE id BETWEEN 7898429 AND 7898529
for range-notcovered
table 1 : explain SELECT id, c FROM sbtest1 WHERE id BETWEEN 6854184 AND 6854284
	Index Scan using sbtest1_pkey on sbtest1  (cost=0.43..394.26 rows=99 width=125)
	  Index Cond: ((id >= 6854184) AND (id <= 6854284))

table 2 : explain SELECT id, c FROM sbtest2 WHERE id BETWEEN 6854184 AND 6854284
	Index Scan using sbtest2_pkey on sbtest2  (cost=0.43..473.96 rows=119 width=125)
	  Index Cond: ((id >= 6854184) AND (id <= 6854284))

table 3 : explain SELECT id, c FROM sbtest3 WHERE id BETWEEN 6854184 AND 6854284
	Index Scan using sbtest3_pkey on sbtest3  (cost=0.43..389.84 rows=98 width=125)
	  Index Cond: ((id >= 6854184) AND (id <= 6854284))

table 4 : explain SELECT id, c FROM sbtest4 WHERE id BETWEEN 6854184 AND 6854284
	Index Scan using sbtest4_pkey on sbtest4  (cost=0.43..377.74 rows=95 width=125)
	  Index Cond: ((id >= 6854184) AND (id <= 6854284))

table 5 : explain SELECT id, c FROM sbtest5 WHERE id BETWEEN 6854184 AND 6854284
	Index Scan using sbtest5_pkey on sbtest5  (cost=0.43..389.04 rows=98 width=125)
	  Index Cond: ((id >= 6854184) AND (id <= 6854284))

table 6 : explain SELECT id, c FROM sbtest6 WHERE id BETWEEN 6854184 AND 6854284
	Index Scan using sbtest6_pkey on sbtest6  (cost=0.43..362.37 rows=91 width=125)
	  Index Cond: ((id >= 6854184) AND (id <= 6854284))

table 7 : explain SELECT id, c FROM sbtest7 WHERE id BETWEEN 6854184 AND 6854284
	Index Scan using sbtest7_pkey on sbtest7  (cost=0.43..421.31 rows=106 width=125)
	  Index Cond: ((id >= 6854184) AND (id <= 6854284))

table 8 : explain SELECT id, c FROM sbtest8 WHERE id BETWEEN 6854184 AND 6854284
	Index Scan using sbtest8_pkey on sbtest8  (cost=0.43..382.18 rows=96 width=125)
	  Index Cond: ((id >= 6854184) AND (id <= 6854284))

explain: for range-notcovered :: explain SELECT id, c FROM sbtest%d WHERE id BETWEEN 6854184 AND 6854284
for range-notcovered
table 1 : explain SELECT id, c FROM sbtest1 WHERE id BETWEEN 7952608 AND 7952708
	Index Scan using sbtest1_pkey on sbtest1  (cost=0.43..398.19 rows=100 width=125)
	  Index Cond: ((id >= 7952608) AND (id <= 7952708))

table 2 : explain SELECT id, c FROM sbtest2 WHERE id BETWEEN 7952608 AND 7952708
	Index Scan using sbtest2_pkey on sbtest2  (cost=0.43..418.74 rows=105 width=125)
	  Index Cond: ((id >= 7952608) AND (id <= 7952708))

table 3 : explain SELECT id, c FROM sbtest3 WHERE id BETWEEN 7952608 AND 7952708
	Index Scan using sbtest3_pkey on sbtest3  (cost=0.43..397.70 rows=100 width=125)
	  Index Cond: ((id >= 7952608) AND (id <= 7952708))

table 4 : explain SELECT id, c FROM sbtest4 WHERE id BETWEEN 7952608 AND 7952708
	Index Scan using sbtest4_pkey on sbtest4  (cost=0.43..409.16 rows=103 width=125)
	  Index Cond: ((id >= 7952608) AND (id <= 7952708))

table 5 : explain SELECT id, c FROM sbtest5 WHERE id BETWEEN 7952608 AND 7952708
	Index Scan using sbtest5_pkey on sbtest5  (cost=0.43..385.12 rows=97 width=125)
	  Index Cond: ((id >= 7952608) AND (id <= 7952708))

table 6 : explain SELECT id, c FROM sbtest6 WHERE id BETWEEN 7952608 AND 7952708
	Index Scan using sbtest6_pkey on sbtest6  (cost=0.43..405.65 rows=102 width=125)
	  Index Cond: ((id >= 7952608) AND (id <= 7952708))

table 7 : explain SELECT id, c FROM sbtest7 WHERE id BETWEEN 7952608 AND 7952708
	Index Scan using sbtest7_pkey on sbtest7  (cost=0.43..409.51 rows=103 width=125)
	  Index Cond: ((id >= 7952608) AND (id <= 7952708))

table 8 : explain SELECT id, c FROM sbtest8 WHERE id BETWEEN 7952608 AND 7952708
	Index Scan using sbtest8_pkey on sbtest8  (cost=0.43..358.58 rows=90 width=125)
	  Index Cond: ((id >= 7952608) AND (id <= 7952708))

explain: for range-notcovered :: explain SELECT id, c FROM sbtest%d WHERE id BETWEEN 7952608 AND 7952708
for range-notcovered
table 1 : explain SELECT id, c FROM sbtest1 WHERE id BETWEEN 6854184 AND 6854284
	Index Scan using sbtest1_pkey on sbtest1  (cost=0.43..394.26 rows=99 width=125)
	  Index Cond: ((id >= 6854184) AND (id <= 6854284))

table 2 : explain SELECT id, c FROM sbtest2 WHERE id BETWEEN 6854184 AND 6854284
	Index Scan using sbtest2_pkey on sbtest2  (cost=0.43..473.96 rows=119 width=125)
	  Index Cond: ((id >= 6854184) AND (id <= 6854284))

table 3 : explain SELECT id, c FROM sbtest3 WHERE id BETWEEN 6854184 AND 6854284
	Index Scan using sbtest3_pkey on sbtest3  (cost=0.43..389.84 rows=98 width=125)
	  Index Cond: ((id >= 6854184) AND (id <= 6854284))

table 4 : explain SELECT id, c FROM sbtest4 WHERE id BETWEEN 6854184 AND 6854284
	Index Scan using sbtest4_pkey on sbtest4  (cost=0.43..377.74 rows=95 width=125)
	  Index Cond: ((id >= 6854184) AND (id <= 6854284))

table 5 : explain SELECT id, c FROM sbtest5 WHERE id BETWEEN 6854184 AND 6854284
	Index Scan using sbtest5_pkey on sbtest5  (cost=0.43..389.04 rows=98 width=125)
	  Index Cond: ((id >= 6854184) AND (id <= 6854284))

table 6 : explain SELECT id, c FROM sbtest6 WHERE id BETWEEN 6854184 AND 6854284
	Index Scan using sbtest6_pkey on sbtest6  (cost=0.43..362.37 rows=91 width=125)
	  Index Cond: ((id >= 6854184) AND (id <= 6854284))

table 7 : explain SELECT id, c FROM sbtest7 WHERE id BETWEEN 6854184 AND 6854284
	Index Scan using sbtest7_pkey on sbtest7  (cost=0.43..421.31 rows=106 width=125)
	  Index Cond: ((id >= 6854184) AND (id <= 6854284))

table 8 : explain SELECT id, c FROM sbtest8 WHERE id BETWEEN 6854184 AND 6854284
	Index Scan using sbtest8_pkey on sbtest8  (cost=0.43..382.18 rows=96 width=125)
	  Index Cond: ((id >= 6854184) AND (id <= 6854284))

explain: for range-notcovered :: explain SELECT id, c FROM sbtest%d WHERE id BETWEEN 6854184 AND 6854284
for range-notcovered
table 1 : explain SELECT id, c FROM sbtest1 WHERE id BETWEEN 7952608 AND 7952708
	Index Scan using sbtest1_pkey on sbtest1  (cost=0.43..398.19 rows=100 width=125)
	  Index Cond: ((id >= 7952608) AND (id <= 7952708))

table 2 : explain SELECT id, c FROM sbtest2 WHERE id BETWEEN 7952608 AND 7952708
	Index Scan using sbtest2_pkey on sbtest2  (cost=0.43..418.74 rows=105 width=125)
	  Index Cond: ((id >= 7952608) AND (id <= 7952708))

table 3 : explain SELECT id, c FROM sbtest3 WHERE id BETWEEN 7952608 AND 7952708
	Index Scan using sbtest3_pkey on sbtest3  (cost=0.43..397.70 rows=100 width=125)
	  Index Cond: ((id >= 7952608) AND (id <= 7952708))

table 4 : explain SELECT id, c FROM sbtest4 WHERE id BETWEEN 7952608 AND 7952708
	Index Scan using sbtest4_pkey on sbtest4  (cost=0.43..409.16 rows=103 width=125)
	  Index Cond: ((id >= 7952608) AND (id <= 7952708))

table 5 : explain SELECT id, c FROM sbtest5 WHERE id BETWEEN 7952608 AND 7952708
	Index Scan using sbtest5_pkey on sbtest5  (cost=0.43..385.12 rows=97 width=125)
	  Index Cond: ((id >= 7952608) AND (id <= 7952708))

table 6 : explain SELECT id, c FROM sbtest6 WHERE id BETWEEN 7952608 AND 7952708
	Index Scan using sbtest6_pkey on sbtest6  (cost=0.43..405.65 rows=102 width=125)
	  Index Cond: ((id >= 7952608) AND (id <= 7952708))

table 7 : explain SELECT id, c FROM sbtest7 WHERE id BETWEEN 7952608 AND 7952708
	Index Scan using sbtest7_pkey on sbtest7  (cost=0.43..409.51 rows=103 width=125)
	  Index Cond: ((id >= 7952608) AND (id <= 7952708))

table 8 : explain SELECT id, c FROM sbtest8 WHERE id BETWEEN 7952608 AND 7952708
	Index Scan using sbtest8_pkey on sbtest8  (cost=0.43..358.58 rows=90 width=125)
	  Index Cond: ((id >= 7952608) AND (id <= 7952708))

explain: for range-notcovered :: explain SELECT id, c FROM sbtest%d WHERE id BETWEEN 7952608 AND 7952708
for range-notcovered
table 1 : explain SELECT id, c FROM sbtest1 WHERE id BETWEEN 6617782 AND 6617882
	Index Scan using sbtest1_pkey on sbtest1  (cost=0.43..429.68 rows=108 width=125)
	  Index Cond: ((id >= 6617782) AND (id <= 6617882))

table 2 : explain SELECT id, c FROM sbtest2 WHERE id BETWEEN 6617782 AND 6617882
	Index Scan using sbtest2_pkey on sbtest2  (cost=0.43..426.63 rows=107 width=125)
	  Index Cond: ((id >= 6617782) AND (id <= 6617882))

table 3 : explain SELECT id, c FROM sbtest3 WHERE id BETWEEN 6617782 AND 6617882
	Index Scan using sbtest3_pkey on sbtest3  (cost=0.43..362.32 rows=91 width=125)
	  Index Cond: ((id >= 6617782) AND (id <= 6617882))

table 4 : explain SELECT id, c FROM sbtest4 WHERE id BETWEEN 6617782 AND 6617882
	Index Scan using sbtest4_pkey on sbtest4  (cost=0.43..373.81 rows=94 width=125)
	  Index Cond: ((id >= 6617782) AND (id <= 6617882))

table 5 : explain SELECT id, c FROM sbtest5 WHERE id BETWEEN 6617782 AND 6617882
	Index Scan using sbtest5_pkey on sbtest5  (cost=0.43..443.96 rows=112 width=125)
	  Index Cond: ((id >= 6617782) AND (id <= 6617882))

table 6 : explain SELECT id, c FROM sbtest6 WHERE id BETWEEN 6617782 AND 6617882
	Index Scan using sbtest6_pkey on sbtest6  (cost=0.43..366.30 rows=92 width=125)
	  Index Cond: ((id >= 6617782) AND (id <= 6617882))

table 7 : explain SELECT id, c FROM sbtest7 WHERE id BETWEEN 6617782 AND 6617882
	Index Scan using sbtest7_pkey on sbtest7  (cost=0.43..385.92 rows=97 width=125)
	  Index Cond: ((id >= 6617782) AND (id <= 6617882))

table 8 : explain SELECT id, c FROM sbtest8 WHERE id BETWEEN 6617782 AND 6617882
	Index Scan using sbtest8_pkey on sbtest8  (cost=0.43..417.60 rows=105 width=125)
	  Index Cond: ((id >= 6617782) AND (id <= 6617882))

explain: for range-notcovered :: explain SELECT id, c FROM sbtest%d WHERE id BETWEEN 6617782 AND 6617882
for range-notcovered
table 1 : explain SELECT id, c FROM sbtest1 WHERE id BETWEEN 6205879 AND 6205979
	Index Scan using sbtest1_pkey on sbtest1  (cost=0.43..378.49 rows=95 width=125)
	  Index Cond: ((id >= 6205879) AND (id <= 6205979))

table 2 : explain SELECT id, c FROM sbtest2 WHERE id BETWEEN 6205879 AND 6205979
	Index Scan using sbtest2_pkey on sbtest2  (cost=0.43..442.41 rows=111 width=125)
	  Index Cond: ((id >= 6205879) AND (id <= 6205979))

table 3 : explain SELECT id, c FROM sbtest3 WHERE id BETWEEN 6205879 AND 6205979
	Index Scan using sbtest3_pkey on sbtest3  (cost=0.43..370.18 rows=93 width=125)
	  Index Cond: ((id >= 6205879) AND (id <= 6205979))

table 4 : explain SELECT id, c FROM sbtest4 WHERE id BETWEEN 6205879 AND 6205979
	Index Scan using sbtest4_pkey on sbtest4  (cost=0.43..385.60 rows=97 width=125)
	  Index Cond: ((id >= 6205879) AND (id <= 6205979))

table 5 : explain SELECT id, c FROM sbtest5 WHERE id BETWEEN 6205879 AND 6205979
	Index Scan using sbtest5_pkey on sbtest5  (cost=0.43..389.04 rows=98 width=125)
	  Index Cond: ((id >= 6205879) AND (id <= 6205979))

table 6 : explain SELECT id, c FROM sbtest6 WHERE id BETWEEN 6205879 AND 6205979
	Index Scan using sbtest6_pkey on sbtest6  (cost=0.43..460.69 rows=116 width=125)
	  Index Cond: ((id >= 6205879) AND (id <= 6205979))

table 7 : explain SELECT id, c FROM sbtest7 WHERE id BETWEEN 6205879 AND 6205979
	Index Scan using sbtest7_pkey on sbtest7  (cost=0.43..413.44 rows=104 width=125)
	  Index Cond: ((id >= 6205879) AND (id <= 6205979))

table 8 : explain SELECT id, c FROM sbtest8 WHERE id BETWEEN 6205879 AND 6205979
	Index Scan using sbtest8_pkey on sbtest8  (cost=0.43..441.20 rows=111 width=125)
	  Index Cond: ((id >= 6205879) AND (id <= 6205979))

explain: for range-notcovered :: explain SELECT id, c FROM sbtest%d WHERE id BETWEEN 6205879 AND 6205979
explain: for range-notcovered :: explain SELECT id, c FROM sbtest%d WHERE id BETWEEN 5454331 AND 5454431
for range-notcovered
table 1 : explain SELECT id, c FROM sbtest1 WHERE id BETWEEN 6854184 AND 6854284
	Index Scan using sbtest1_pkey on sbtest1  (cost=0.43..394.26 rows=99 width=125)
	  Index Cond: ((id >= 6854184) AND (id <= 6854284))

table 2 : explain SELECT id, c FROM sbtest2 WHERE id BETWEEN 6854184 AND 6854284
	Index Scan using sbtest2_pkey on sbtest2  (cost=0.43..473.96 rows=119 width=125)
	  Index Cond: ((id >= 6854184) AND (id <= 6854284))

table 3 : explain SELECT id, c FROM sbtest3 WHERE id BETWEEN 6854184 AND 6854284
	Index Scan using sbtest3_pkey on sbtest3  (cost=0.43..389.84 rows=98 width=125)
	  Index Cond: ((id >= 6854184) AND (id <= 6854284))

table 4 : explain SELECT id, c FROM sbtest4 WHERE id BETWEEN 6854184 AND 6854284
	Index Scan using sbtest4_pkey on sbtest4  (cost=0.43..377.74 rows=95 width=125)
	  Index Cond: ((id >= 6854184) AND (id <= 6854284))

table 5 : explain SELECT id, c FROM sbtest5 WHERE id BETWEEN 6854184 AND 6854284
	Index Scan using sbtest5_pkey on sbtest5  (cost=0.43..389.04 rows=98 width=125)
	  Index Cond: ((id >= 6854184) AND (id <= 6854284))

table 6 : explain SELECT id, c FROM sbtest6 WHERE id BETWEEN 6854184 AND 6854284
	Index Scan using sbtest6_pkey on sbtest6  (cost=0.43..362.37 rows=91 width=125)
	  Index Cond: ((id >= 6854184) AND (id <= 6854284))

table 7 : explain SELECT id, c FROM sbtest7 WHERE id BETWEEN 6854184 AND 6854284
	Index Scan using sbtest7_pkey on sbtest7  (cost=0.43..421.31 rows=106 width=125)
	  Index Cond: ((id >= 6854184) AND (id <= 6854284))

table 8 : explain SELECT id, c FROM sbtest8 WHERE id BETWEEN 6854184 AND 6854284
	Index Scan using sbtest8_pkey on sbtest8  (cost=0.43..382.18 rows=96 width=125)
	  Index Cond: ((id >= 6854184) AND (id <= 6854284))

for range-notcovered
table 1 : explain SELECT id, c FROM sbtest1 WHERE id BETWEEN 8186133 AND 8186233
	Index Scan using sbtest1_pkey on sbtest1  (cost=0.43..417.87 rows=105 width=125)
	  Index Cond: ((id >= 8186133) AND (id <= 8186233))

table 2 : explain SELECT id, c FROM sbtest2 WHERE id BETWEEN 8186133 AND 8186233
	Index Scan using sbtest2_pkey on sbtest2  (cost=0.43..450.30 rows=113 width=125)
	  Index Cond: ((id >= 8186133) AND (id <= 8186233))

table 3 : explain SELECT id, c FROM sbtest3 WHERE id BETWEEN 8186133 AND 8186233
	Index Scan using sbtest3_pkey on sbtest3  (cost=0.43..397.70 rows=100 width=125)
	  Index Cond: ((id >= 8186133) AND (id <= 8186233))

table 4 : explain SELECT id, c FROM sbtest4 WHERE id BETWEEN 8186133 AND 8186233
	Index Scan using sbtest4_pkey on sbtest4  (cost=0.43..405.24 rows=102 width=125)
	  Index Cond: ((id >= 8186133) AND (id <= 8186233))

table 5 : explain SELECT id, c FROM sbtest5 WHERE id BETWEEN 8186133 AND 8186233
	Index Scan using sbtest5_pkey on sbtest5  (cost=0.43..381.17 rows=96 width=125)
	  Index Cond: ((id >= 8186133) AND (id <= 8186233))

table 6 : explain SELECT id, c FROM sbtest6 WHERE id BETWEEN 8186133 AND 8186233
	Index Scan using sbtest6_pkey on sbtest6  (cost=0.43..362.37 rows=91 width=125)
	  Index Cond: ((id >= 8186133) AND (id <= 8186233))

table 7 : explain SELECT id, c FROM sbtest7 WHERE id BETWEEN 8186133 AND 8186233
	Index Scan using sbtest7_pkey on sbtest7  (cost=0.43..362.34 rows=91 width=125)
	  Index Cond: ((id >= 8186133) AND (id <= 8186233))

table 8 : explain SELECT id, c FROM sbtest8 WHERE id BETWEEN 8186133 AND 8186233
	Index Scan using sbtest8_pkey on sbtest8  (cost=0.43..374.31 rows=94 width=125)
	  Index Cond: ((id >= 8186133) AND (id <= 8186233))

explain: for range-notcovered :: explain SELECT id, c FROM sbtest%d WHERE id BETWEEN 6854184 AND 6854284
explain: for range-notcovered :: explain SELECT id, c FROM sbtest%d WHERE id BETWEEN 8186133 AND 8186233
for range-notcovered
table 1 : explain SELECT id, c FROM sbtest1 WHERE id BETWEEN 7952608 AND 7952708
	Index Scan using sbtest1_pkey on sbtest1  (cost=0.43..398.19 rows=100 width=125)
	  Index Cond: ((id >= 7952608) AND (id <= 7952708))

table 2 : explain SELECT id, c FROM sbtest2 WHERE id BETWEEN 7952608 AND 7952708
	Index Scan using sbtest2_pkey on sbtest2  (cost=0.43..418.74 rows=105 width=125)
	  Index Cond: ((id >= 7952608) AND (id <= 7952708))

table 3 : explain SELECT id, c FROM sbtest3 WHERE id BETWEEN 7952608 AND 7952708
	Index Scan using sbtest3_pkey on sbtest3  (cost=0.43..397.70 rows=100 width=125)
	  Index Cond: ((id >= 7952608) AND (id <= 7952708))

table 4 : explain SELECT id, c FROM sbtest4 WHERE id BETWEEN 7952608 AND 7952708
	Index Scan using sbtest4_pkey on sbtest4  (cost=0.43..409.16 rows=103 width=125)
	  Index Cond: ((id >= 7952608) AND (id <= 7952708))

table 5 : explain SELECT id, c FROM sbtest5 WHERE id BETWEEN 7952608 AND 7952708
	Index Scan using sbtest5_pkey on sbtest5  (cost=0.43..385.12 rows=97 width=125)
	  Index Cond: ((id >= 7952608) AND (id <= 7952708))

table 6 : explain SELECT id, c FROM sbtest6 WHERE id BETWEEN 7952608 AND 7952708
	Index Scan using sbtest6_pkey on sbtest6  (cost=0.43..405.65 rows=102 width=125)
	  Index Cond: ((id >= 7952608) AND (id <= 7952708))

table 7 : explain SELECT id, c FROM sbtest7 WHERE id BETWEEN 7952608 AND 7952708
	Index Scan using sbtest7_pkey on sbtest7  (cost=0.43..409.51 rows=103 width=125)
	  Index Cond: ((id >= 7952608) AND (id <= 7952708))

table 8 : explain SELECT id, c FROM sbtest8 WHERE id BETWEEN 7952608 AND 7952708
	Index Scan using sbtest8_pkey on sbtest8  (cost=0.43..358.58 rows=90 width=125)
	  Index Cond: ((id >= 7952608) AND (id <= 7952708))

explain: for range-notcovered :: explain SELECT id, c FROM sbtest%d WHERE id BETWEEN 7952608 AND 7952708
for range-notcovered
table 1 : explain SELECT id, c FROM sbtest1 WHERE id BETWEEN 6617782 AND 6617882
	Index Scan using sbtest1_pkey on sbtest1  (cost=0.43..429.68 rows=108 width=125)
	  Index Cond: ((id >= 6617782) AND (id <= 6617882))

table 2 : explain SELECT id, c FROM sbtest2 WHERE id BETWEEN 6617782 AND 6617882
	Index Scan using sbtest2_pkey on sbtest2  (cost=0.43..426.63 rows=107 width=125)
	  Index Cond: ((id >= 6617782) AND (id <= 6617882))

table 3 : explain SELECT id, c FROM sbtest3 WHERE id BETWEEN 6617782 AND 6617882
	Index Scan using sbtest3_pkey on sbtest3  (cost=0.43..362.32 rows=91 width=125)
	  Index Cond: ((id >= 6617782) AND (id <= 6617882))

table 4 : explain SELECT id, c FROM sbtest4 WHERE id BETWEEN 6617782 AND 6617882
	Index Scan using sbtest4_pkey on sbtest4  (cost=0.43..373.81 rows=94 width=125)
	  Index Cond: ((id >= 6617782) AND (id <= 6617882))

table 5 : explain SELECT id, c FROM sbtest5 WHERE id BETWEEN 6617782 AND 6617882
	Index Scan using sbtest5_pkey on sbtest5  (cost=0.43..443.96 rows=112 width=125)
	  Index Cond: ((id >= 6617782) AND (id <= 6617882))

table 6 : explain SELECT id, c FROM sbtest6 WHERE id BETWEEN 6617782 AND 6617882
	Index Scan using sbtest6_pkey on sbtest6  (cost=0.43..366.30 rows=92 width=125)
	  Index Cond: ((id >= 6617782) AND (id <= 6617882))

table 7 : explain SELECT id, c FROM sbtest7 WHERE id BETWEEN 6617782 AND 6617882
	Index Scan using sbtest7_pkey on sbtest7  (cost=0.43..385.92 rows=97 width=125)
	  Index Cond: ((id >= 6617782) AND (id <= 6617882))

table 8 : explain SELECT id, c FROM sbtest8 WHERE id BETWEEN 6617782 AND 6617882
	Index Scan using sbtest8_pkey on sbtest8  (cost=0.43..417.60 rows=105 width=125)
	  Index Cond: ((id >= 6617782) AND (id <= 6617882))

explain: for range-notcovered :: explain SELECT id, c FROM sbtest%d WHERE id BETWEEN 6617782 AND 6617882
for range-notcovered
table 1 : explain SELECT id, c FROM sbtest1 WHERE id BETWEEN 6205879 AND 6205979
	Index Scan using sbtest1_pkey on sbtest1  (cost=0.43..378.49 rows=95 width=125)
	  Index Cond: ((id >= 6205879) AND (id <= 6205979))

table 2 : explain SELECT id, c FROM sbtest2 WHERE id BETWEEN 6205879 AND 6205979
	Index Scan using sbtest2_pkey on sbtest2  (cost=0.43..442.41 rows=111 width=125)
	  Index Cond: ((id >= 6205879) AND (id <= 6205979))

table 3 : explain SELECT id, c FROM sbtest3 WHERE id BETWEEN 6205879 AND 6205979
	Index Scan using sbtest3_pkey on sbtest3  (cost=0.43..370.18 rows=93 width=125)
	  Index Cond: ((id >= 6205879) AND (id <= 6205979))

table 4 : explain SELECT id, c FROM sbtest4 WHERE id BETWEEN 6205879 AND 6205979
	Index Scan using sbtest4_pkey on sbtest4  (cost=0.43..385.60 rows=97 width=125)
	  Index Cond: ((id >= 6205879) AND (id <= 6205979))

table 5 : explain SELECT id, c FROM sbtest5 WHERE id BETWEEN 6205879 AND 6205979
	Index Scan using sbtest5_pkey on sbtest5  (cost=0.43..389.04 rows=98 width=125)
	  Index Cond: ((id >= 6205879) AND (id <= 6205979))

table 6 : explain SELECT id, c FROM sbtest6 WHERE id BETWEEN 6205879 AND 6205979
	Index Scan using sbtest6_pkey on sbtest6  (cost=0.43..460.69 rows=116 width=125)
	  Index Cond: ((id >= 6205879) AND (id <= 6205979))

table 7 : explain SELECT id, c FROM sbtest7 WHERE id BETWEEN 6205879 AND 6205979
	Index Scan using sbtest7_pkey on sbtest7  (cost=0.43..413.44 rows=104 width=125)
	  Index Cond: ((id >= 6205879) AND (id <= 6205979))

table 8 : explain SELECT id, c FROM sbtest8 WHERE id BETWEEN 6205879 AND 6205979
	Index Scan using sbtest8_pkey on sbtest8  (cost=0.43..441.20 rows=111 width=125)
	  Index Cond: ((id >= 6205879) AND (id <= 6205979))

explain: for range-notcovered :: explain SELECT id, c FROM sbtest%d WHERE id BETWEEN 6205879 AND 6205979
for range-notcovered
table 1 : explain SELECT id, c FROM sbtest1 WHERE id BETWEEN 6854184 AND 6854284
	Index Scan using sbtest1_pkey on sbtest1  (cost=0.43..394.26 rows=99 width=125)
	  Index Cond: ((id >= 6854184) AND (id <= 6854284))

table 2 : explain SELECT id, c FROM sbtest2 WHERE id BETWEEN 6854184 AND 6854284
	Index Scan using sbtest2_pkey on sbtest2  (cost=0.43..473.96 rows=119 width=125)
	  Index Cond: ((id >= 6854184) AND (id <= 6854284))

table 3 : explain SELECT id, c FROM sbtest3 WHERE id BETWEEN 6854184 AND 6854284
	Index Scan using sbtest3_pkey on sbtest3  (cost=0.43..389.84 rows=98 width=125)
	  Index Cond: ((id >= 6854184) AND (id <= 6854284))

table 4 : explain SELECT id, c FROM sbtest4 WHERE id BETWEEN 6854184 AND 6854284
	Index Scan using sbtest4_pkey on sbtest4  (cost=0.43..377.74 rows=95 width=125)
	  Index Cond: ((id >= 6854184) AND (id <= 6854284))

table 5 : explain SELECT id, c FROM sbtest5 WHERE id BETWEEN 6854184 AND 6854284
	Index Scan using sbtest5_pkey on sbtest5  (cost=0.43..389.04 rows=98 width=125)
	  Index Cond: ((id >= 6854184) AND (id <= 6854284))

table 6 : explain SELECT id, c FROM sbtest6 WHERE id BETWEEN 6854184 AND 6854284
	Index Scan using sbtest6_pkey on sbtest6  (cost=0.43..362.37 rows=91 width=125)
	  Index Cond: ((id >= 6854184) AND (id <= 6854284))

table 7 : explain SELECT id, c FROM sbtest7 WHERE id BETWEEN 6854184 AND 6854284
	Index Scan using sbtest7_pkey on sbtest7  (cost=0.43..421.31 rows=106 width=125)
	  Index Cond: ((id >= 6854184) AND (id <= 6854284))

table 8 : explain SELECT id, c FROM sbtest8 WHERE id BETWEEN 6854184 AND 6854284
	Index Scan using sbtest8_pkey on sbtest8  (cost=0.43..382.18 rows=96 width=125)
	  Index Cond: ((id >= 6854184) AND (id <= 6854284))

explain: for range-notcovered :: explain SELECT id, c FROM sbtest%d WHERE id BETWEEN 6854184 AND 6854284
for range-notcovered
table 1 : explain SELECT id, c FROM sbtest1 WHERE id BETWEEN 8186133 AND 8186233
	Index Scan using sbtest1_pkey on sbtest1  (cost=0.43..417.87 rows=105 width=125)
	  Index Cond: ((id >= 8186133) AND (id <= 8186233))

table 2 : explain SELECT id, c FROM sbtest2 WHERE id BETWEEN 8186133 AND 8186233
	Index Scan using sbtest2_pkey on sbtest2  (cost=0.43..450.30 rows=113 width=125)
	  Index Cond: ((id >= 8186133) AND (id <= 8186233))

table 3 : explain SELECT id, c FROM sbtest3 WHERE id BETWEEN 8186133 AND 8186233
	Index Scan using sbtest3_pkey on sbtest3  (cost=0.43..397.70 rows=100 width=125)
	  Index Cond: ((id >= 8186133) AND (id <= 8186233))

table 4 : explain SELECT id, c FROM sbtest4 WHERE id BETWEEN 8186133 AND 8186233
	Index Scan using sbtest4_pkey on sbtest4  (cost=0.43..405.24 rows=102 width=125)
	  Index Cond: ((id >= 8186133) AND (id <= 8186233))

table 5 : explain SELECT id, c FROM sbtest5 WHERE id BETWEEN 8186133 AND 8186233
	Index Scan using sbtest5_pkey on sbtest5  (cost=0.43..381.17 rows=96 width=125)
	  Index Cond: ((id >= 8186133) AND (id <= 8186233))

table 6 : explain SELECT id, c FROM sbtest6 WHERE id BETWEEN 8186133 AND 8186233
	Index Scan using sbtest6_pkey on sbtest6  (cost=0.43..362.37 rows=91 width=125)
	  Index Cond: ((id >= 8186133) AND (id <= 8186233))

table 7 : explain SELECT id, c FROM sbtest7 WHERE id BETWEEN 8186133 AND 8186233
	Index Scan using sbtest7_pkey on sbtest7  (cost=0.43..362.34 rows=91 width=125)
	  Index Cond: ((id >= 8186133) AND (id <= 8186233))

table 8 : explain SELECT id, c FROM sbtest8 WHERE id BETWEEN 8186133 AND 8186233
	Index Scan using sbtest8_pkey on sbtest8  (cost=0.43..374.31 rows=94 width=125)
	  Index Cond: ((id >= 8186133) AND (id <= 8186233))

for range-notcovered
table 1 : explain SELECT id, c FROM sbtest1 WHERE id BETWEEN 7952608 AND 7952708
	Index Scan using sbtest1_pkey on sbtest1  (cost=0.43..398.19 rows=100 width=125)
	  Index Cond: ((id >= 7952608) AND (id <= 7952708))

table 2 : explain SELECT id, c FROM sbtest2 WHERE id BETWEEN 7952608 AND 7952708
	Index Scan using sbtest2_pkey on sbtest2  (cost=0.43..418.74 rows=105 width=125)
	  Index Cond: ((id >= 7952608) AND (id <= 7952708))

table 3 : explain SELECT id, c FROM sbtest3 WHERE id BETWEEN 7952608 AND 7952708
	Index Scan using sbtest3_pkey on sbtest3  (cost=0.43..397.70 rows=100 width=125)
	  Index Cond: ((id >= 7952608) AND (id <= 7952708))

table 4 : explain SELECT id, c FROM sbtest4 WHERE id BETWEEN 7952608 AND 7952708
	Index Scan using sbtest4_pkey on sbtest4  (cost=0.43..409.16 rows=103 width=125)
	  Index Cond: ((id >= 7952608) AND (id <= 7952708))

table 5 : explain SELECT id, c FROM sbtest5 WHERE id BETWEEN 7952608 AND 7952708
	Index Scan using sbtest5_pkey on sbtest5  (cost=0.43..385.12 rows=97 width=125)
	  Index Cond: ((id >= 7952608) AND (id <= 7952708))

table 6 : explain SELECT id, c FROM sbtest6 WHERE id BETWEEN 7952608 AND 7952708
	Index Scan using sbtest6_pkey on sbtest6  (cost=0.43..405.65 rows=102 width=125)
	  Index Cond: ((id >= 7952608) AND (id <= 7952708))

table 7 : explain SELECT id, c FROM sbtest7 WHERE id BETWEEN 7952608 AND 7952708
	Index Scan using sbtest7_pkey on sbtest7  (cost=0.43..409.51 rows=103 width=125)
	  Index Cond: ((id >= 7952608) AND (id <= 7952708))

table 8 : explain SELECT id, c FROM sbtest8 WHERE id BETWEEN 7952608 AND 7952708
	Index Scan using sbtest8_pkey on sbtest8  (cost=0.43..358.58 rows=90 width=125)
	  Index Cond: ((id >= 7952608) AND (id <= 7952708))

explain: for range-notcovered :: explain SELECT id, c FROM sbtest%d WHERE id BETWEEN 8186133 AND 8186233
explain: for range-notcovered :: explain SELECT id, c FROM sbtest%d WHERE id BETWEEN 7952608 AND 7952708
for range-notcovered
table 1 : explain SELECT id, c FROM sbtest1 WHERE id BETWEEN 6617782 AND 6617882
	Index Scan using sbtest1_pkey on sbtest1  (cost=0.43..429.68 rows=108 width=125)
	  Index Cond: ((id >= 6617782) AND (id <= 6617882))

table 2 : explain SELECT id, c FROM sbtest2 WHERE id BETWEEN 6617782 AND 6617882
	Index Scan using sbtest2_pkey on sbtest2  (cost=0.43..426.63 rows=107 width=125)
	  Index Cond: ((id >= 6617782) AND (id <= 6617882))

table 3 : explain SELECT id, c FROM sbtest3 WHERE id BETWEEN 6617782 AND 6617882
	Index Scan using sbtest3_pkey on sbtest3  (cost=0.43..362.32 rows=91 width=125)
	  Index Cond: ((id >= 6617782) AND (id <= 6617882))

table 4 : explain SELECT id, c FROM sbtest4 WHERE id BETWEEN 6617782 AND 6617882
	Index Scan using sbtest4_pkey on sbtest4  (cost=0.43..373.81 rows=94 width=125)
	  Index Cond: ((id >= 6617782) AND (id <= 6617882))

table 5 : explain SELECT id, c FROM sbtest5 WHERE id BETWEEN 6617782 AND 6617882
	Index Scan using sbtest5_pkey on sbtest5  (cost=0.43..443.96 rows=112 width=125)
	  Index Cond: ((id >= 6617782) AND (id <= 6617882))

table 6 : explain SELECT id, c FROM sbtest6 WHERE id BETWEEN 6617782 AND 6617882
	Index Scan using sbtest6_pkey on sbtest6  (cost=0.43..366.30 rows=92 width=125)
	  Index Cond: ((id >= 6617782) AND (id <= 6617882))

table 7 : explain SELECT id, c FROM sbtest7 WHERE id BETWEEN 6617782 AND 6617882
	Index Scan using sbtest7_pkey on sbtest7  (cost=0.43..385.92 rows=97 width=125)
	  Index Cond: ((id >= 6617782) AND (id <= 6617882))

table 8 : explain SELECT id, c FROM sbtest8 WHERE id BETWEEN 6617782 AND 6617882
	Index Scan using sbtest8_pkey on sbtest8  (cost=0.43..417.60 rows=105 width=125)
	  Index Cond: ((id >= 6617782) AND (id <= 6617882))

explain: for range-notcovered :: explain SELECT id, c FROM sbtest%d WHERE id BETWEEN 6617782 AND 6617882
for range-notcovered
table 1 : explain SELECT id, c FROM sbtest1 WHERE id BETWEEN 6205879 AND 6205979
	Index Scan using sbtest1_pkey on sbtest1  (cost=0.43..378.49 rows=95 width=125)
	  Index Cond: ((id >= 6205879) AND (id <= 6205979))

table 2 : explain SELECT id, c FROM sbtest2 WHERE id BETWEEN 6205879 AND 6205979
	Index Scan using sbtest2_pkey on sbtest2  (cost=0.43..442.41 rows=111 width=125)
	  Index Cond: ((id >= 6205879) AND (id <= 6205979))

table 3 : explain SELECT id, c FROM sbtest3 WHERE id BETWEEN 6205879 AND 6205979
	Index Scan using sbtest3_pkey on sbtest3  (cost=0.43..370.18 rows=93 width=125)
	  Index Cond: ((id >= 6205879) AND (id <= 6205979))

table 4 : explain SELECT id, c FROM sbtest4 WHERE id BETWEEN 6205879 AND 6205979
	Index Scan using sbtest4_pkey on sbtest4  (cost=0.43..385.60 rows=97 width=125)
	  Index Cond: ((id >= 6205879) AND (id <= 6205979))

table 5 : explain SELECT id, c FROM sbtest5 WHERE id BETWEEN 6205879 AND 6205979
	Index Scan using sbtest5_pkey on sbtest5  (cost=0.43..389.04 rows=98 width=125)
	  Index Cond: ((id >= 6205879) AND (id <= 6205979))

table 6 : explain SELECT id, c FROM sbtest6 WHERE id BETWEEN 6205879 AND 6205979
	Index Scan using sbtest6_pkey on sbtest6  (cost=0.43..460.69 rows=116 width=125)
	  Index Cond: ((id >= 6205879) AND (id <= 6205979))

table 7 : explain SELECT id, c FROM sbtest7 WHERE id BETWEEN 6205879 AND 6205979
	Index Scan using sbtest7_pkey on sbtest7  (cost=0.43..413.44 rows=104 width=125)
	  Index Cond: ((id >= 6205879) AND (id <= 6205979))

table 8 : explain SELECT id, c FROM sbtest8 WHERE id BETWEEN 6205879 AND 6205979
	Index Scan using sbtest8_pkey on sbtest8  (cost=0.43..441.20 rows=111 width=125)
	  Index Cond: ((id >= 6205879) AND (id <= 6205979))

explain: for range-notcovered :: explain SELECT id, c FROM sbtest%d WHERE id BETWEEN 6205879 AND 6205979
for range-notcovered
table 1 : explain SELECT id, c FROM sbtest1 WHERE id BETWEEN 6854184 AND 6854284
	Index Scan using sbtest1_pkey on sbtest1  (cost=0.43..394.26 rows=99 width=125)
	  Index Cond: ((id >= 6854184) AND (id <= 6854284))

table 2 : explain SELECT id, c FROM sbtest2 WHERE id BETWEEN 6854184 AND 6854284
	Index Scan using sbtest2_pkey on sbtest2  (cost=0.43..473.96 rows=119 width=125)
	  Index Cond: ((id >= 6854184) AND (id <= 6854284))

table 3 : explain SELECT id, c FROM sbtest3 WHERE id BETWEEN 6854184 AND 6854284
	Index Scan using sbtest3_pkey on sbtest3  (cost=0.43..389.84 rows=98 width=125)
	  Index Cond: ((id >= 6854184) AND (id <= 6854284))

table 4 : explain SELECT id, c FROM sbtest4 WHERE id BETWEEN 6854184 AND 6854284
	Index Scan using sbtest4_pkey on sbtest4  (cost=0.43..377.74 rows=95 width=125)
	  Index Cond: ((id >= 6854184) AND (id <= 6854284))

table 5 : explain SELECT id, c FROM sbtest5 WHERE id BETWEEN 6854184 AND 6854284
	Index Scan using sbtest5_pkey on sbtest5  (cost=0.43..389.04 rows=98 width=125)
	  Index Cond: ((id >= 6854184) AND (id <= 6854284))

table 6 : explain SELECT id, c FROM sbtest6 WHERE id BETWEEN 6854184 AND 6854284
	Index Scan using sbtest6_pkey on sbtest6  (cost=0.43..362.37 rows=91 width=125)
	  Index Cond: ((id >= 6854184) AND (id <= 6854284))

table 7 : explain SELECT id, c FROM sbtest7 WHERE id BETWEEN 6854184 AND 6854284
	Index Scan using sbtest7_pkey on sbtest7  (cost=0.43..421.31 rows=106 width=125)
	  Index Cond: ((id >= 6854184) AND (id <= 6854284))

table 8 : explain SELECT id, c FROM sbtest8 WHERE id BETWEEN 6854184 AND 6854284
	Index Scan using sbtest8_pkey on sbtest8  (cost=0.43..382.18 rows=96 width=125)
	  Index Cond: ((id >= 6854184) AND (id <= 6854284))

for range-notcovered
table 1 : explain SELECT id, c FROM sbtest1 WHERE id BETWEEN 7898429 AND 7898529
	Index Scan using sbtest1_pkey on sbtest1  (cost=0.43..398.19 rows=100 width=125)
	  Index Cond: ((id >= 7898429) AND (id <= 7898529))

table 2 : explain SELECT id, c FROM sbtest2 WHERE id BETWEEN 7898429 AND 7898529
	Index Scan using sbtest2_pkey on sbtest2  (cost=0.43..418.74 rows=105 width=125)
	  Index Cond: ((id >= 7898429) AND (id <= 7898529))

table 3 : explain SELECT id, c FROM sbtest3 WHERE id BETWEEN 7898429 AND 7898529
	Index Scan using sbtest3_pkey on sbtest3  (cost=0.43..397.70 rows=100 width=125)
	  Index Cond: ((id >= 7898429) AND (id <= 7898529))

table 4 : explain SELECT id, c FROM sbtest4 WHERE id BETWEEN 7898429 AND 7898529
	Index Scan using sbtest4_pkey on sbtest4  (cost=0.43..409.16 rows=103 width=125)
	  Index Cond: ((id >= 7898429) AND (id <= 7898529))

table 5 : explain SELECT id, c FROM sbtest5 WHERE id BETWEEN 7898429 AND 7898529
	Index Scan using sbtest5_pkey on sbtest5  (cost=0.43..385.12 rows=97 width=125)
	  Index Cond: ((id >= 7898429) AND (id <= 7898529))

table 6 : explain SELECT id, c FROM sbtest6 WHERE id BETWEEN 7898429 AND 7898529
	Index Scan using sbtest6_pkey on sbtest6  (cost=0.43..417.44 rows=105 width=125)
	  Index Cond: ((id >= 7898429) AND (id <= 7898529))

table 7 : explain SELECT id, c FROM sbtest7 WHERE id BETWEEN 7898429 AND 7898529
	Index Scan using sbtest7_pkey on sbtest7  (cost=0.43..405.58 rows=102 width=125)
	  Index Cond: ((id >= 7898429) AND (id <= 7898529))

table 8 : explain SELECT id, c FROM sbtest8 WHERE id BETWEEN 7898429 AND 7898529
	Index Scan using sbtest8_pkey on sbtest8  (cost=0.43..354.65 rows=89 width=125)
	  Index Cond: ((id >= 7898429) AND (id <= 7898529))

for range-notcovered
table 1 : explain SELECT id, c FROM sbtest1 WHERE id BETWEEN 8186133 AND 8186233
	Index Scan using sbtest1_pkey on sbtest1  (cost=0.43..417.87 rows=105 width=125)
	  Index Cond: ((id >= 8186133) AND (id <= 8186233))

table 2 : explain SELECT id, c FROM sbtest2 WHERE id BETWEEN 8186133 AND 8186233
	Index Scan using sbtest2_pkey on sbtest2  (cost=0.43..450.30 rows=113 width=125)
	  Index Cond: ((id >= 8186133) AND (id <= 8186233))

table 3 : explain SELECT id, c FROM sbtest3 WHERE id BETWEEN 8186133 AND 8186233
	Index Scan using sbtest3_pkey on sbtest3  (cost=0.43..397.70 rows=100 width=125)
	  Index Cond: ((id >= 8186133) AND (id <= 8186233))

table 4 : explain SELECT id, c FROM sbtest4 WHERE id BETWEEN 8186133 AND 8186233
	Index Scan using sbtest4_pkey on sbtest4  (cost=0.43..405.24 rows=102 width=125)
	  Index Cond: ((id >= 8186133) AND (id <= 8186233))

table 5 : explain SELECT id, c FROM sbtest5 WHERE id BETWEEN 8186133 AND 8186233
	Index Scan using sbtest5_pkey on sbtest5  (cost=0.43..381.17 rows=96 width=125)
	  Index Cond: ((id >= 8186133) AND (id <= 8186233))

table 6 : explain SELECT id, c FROM sbtest6 WHERE id BETWEEN 8186133 AND 8186233
	Index Scan using sbtest6_pkey on sbtest6  (cost=0.43..362.37 rows=91 width=125)
	  Index Cond: ((id >= 8186133) AND (id <= 8186233))

table 7 : explain SELECT id, c FROM sbtest7 WHERE id BETWEEN 8186133 AND 8186233
	Index Scan using sbtest7_pkey on sbtest7  (cost=0.43..362.34 rows=91 width=125)
	  Index Cond: ((id >= 8186133) AND (id <= 8186233))

table 8 : explain SELECT id, c FROM sbtest8 WHERE id BETWEEN 8186133 AND 8186233
	Index Scan using sbtest8_pkey on sbtest8  (cost=0.43..374.31 rows=94 width=125)
	  Index Cond: ((id >= 8186133) AND (id <= 8186233))

for range-notcovered
table 1 : explain SELECT id, c FROM sbtest1 WHERE id BETWEEN 7952608 AND 7952708
	Index Scan using sbtest1_pkey on sbtest1  (cost=0.43..398.19 rows=100 width=125)
	  Index Cond: ((id >= 7952608) AND (id <= 7952708))

table 2 : explain SELECT id, c FROM sbtest2 WHERE id BETWEEN 7952608 AND 7952708
	Index Scan using sbtest2_pkey on sbtest2  (cost=0.43..418.74 rows=105 width=125)
	  Index Cond: ((id >= 7952608) AND (id <= 7952708))

table 3 : explain SELECT id, c FROM sbtest3 WHERE id BETWEEN 7952608 AND 7952708
	Index Scan using sbtest3_pkey on sbtest3  (cost=0.43..397.70 rows=100 width=125)
	  Index Cond: ((id >= 7952608) AND (id <= 7952708))

table 4 : explain SELECT id, c FROM sbtest4 WHERE id BETWEEN 7952608 AND 7952708
	Index Scan using sbtest4_pkey on sbtest4  (cost=0.43..409.16 rows=103 width=125)
	  Index Cond: ((id >= 7952608) AND (id <= 7952708))

table 5 : explain SELECT id, c FROM sbtest5 WHERE id BETWEEN 7952608 AND 7952708
	Index Scan using sbtest5_pkey on sbtest5  (cost=0.43..385.12 rows=97 width=125)
	  Index Cond: ((id >= 7952608) AND (id <= 7952708))

table 6 : explain SELECT id, c FROM sbtest6 WHERE id BETWEEN 7952608 AND 7952708
	Index Scan using sbtest6_pkey on sbtest6  (cost=0.43..405.65 rows=102 width=125)
	  Index Cond: ((id >= 7952608) AND (id <= 7952708))

table 7 : explain SELECT id, c FROM sbtest7 WHERE id BETWEEN 7952608 AND 7952708
	Index Scan using sbtest7_pkey on sbtest7  (cost=0.43..409.51 rows=103 width=125)
	  Index Cond: ((id >= 7952608) AND (id <= 7952708))

table 8 : explain SELECT id, c FROM sbtest8 WHERE id BETWEEN 7952608 AND 7952708
	Index Scan using sbtest8_pkey on sbtest8  (cost=0.43..358.58 rows=90 width=125)
	  Index Cond: ((id >= 7952608) AND (id <= 7952708))

explain: for range-notcovered :: explain SELECT id, c FROM sbtest%d WHERE id BETWEEN 8186133 AND 8186233
explain: for range-notcovered :: explain SELECT id, c FROM sbtest%d WHERE id BETWEEN 7898429 AND 7898529
for range-notcovered
table 1 : explain SELECT id, c FROM sbtest1 WHERE id BETWEEN 6617782 AND 6617882
	Index Scan using sbtest1_pkey on sbtest1  (cost=0.43..429.68 rows=108 width=125)
	  Index Cond: ((id >= 6617782) AND (id <= 6617882))

table 2 : explain SELECT id, c FROM sbtest2 WHERE id BETWEEN 6617782 AND 6617882
	Index Scan using sbtest2_pkey on sbtest2  (cost=0.43..426.63 rows=107 width=125)
	  Index Cond: ((id >= 6617782) AND (id <= 6617882))

table 3 : explain SELECT id, c FROM sbtest3 WHERE id BETWEEN 6617782 AND 6617882
	Index Scan using sbtest3_pkey on sbtest3  (cost=0.43..362.32 rows=91 width=125)
	  Index Cond: ((id >= 6617782) AND (id <= 6617882))

table 4 : explain SELECT id, c FROM sbtest4 WHERE id BETWEEN 6617782 AND 6617882
	Index Scan using sbtest4_pkey on sbtest4  (cost=0.43..373.81 rows=94 width=125)
	  Index Cond: ((id >= 6617782) AND (id <= 6617882))

table 5 : explain SELECT id, c FROM sbtest5 WHERE id BETWEEN 6617782 AND 6617882
	Index Scan using sbtest5_pkey on sbtest5  (cost=0.43..443.96 rows=112 width=125)
	  Index Cond: ((id >= 6617782) AND (id <= 6617882))

table 6 : explain SELECT id, c FROM sbtest6 WHERE id BETWEEN 6617782 AND 6617882
	Index Scan using sbtest6_pkey on sbtest6  (cost=0.43..366.30 rows=92 width=125)
	  Index Cond: ((id >= 6617782) AND (id <= 6617882))

table 7 : explain SELECT id, c FROM sbtest7 WHERE id BETWEEN 6617782 AND 6617882
	Index Scan using sbtest7_pkey on sbtest7  (cost=0.43..385.92 rows=97 width=125)
	  Index Cond: ((id >= 6617782) AND (id <= 6617882))

table 8 : explain SELECT id, c FROM sbtest8 WHERE id BETWEEN 6617782 AND 6617882
	Index Scan using sbtest8_pkey on sbtest8  (cost=0.43..417.60 rows=105 width=125)
	  Index Cond: ((id >= 6617782) AND (id <= 6617882))

explain: for range-notcovered :: explain SELECT id, c FROM sbtest%d WHERE id BETWEEN 6617782 AND 6617882
for range-notcovered
table 1 : explain SELECT id, c FROM sbtest1 WHERE id BETWEEN 6205879 AND 6205979
	Index Scan using sbtest1_pkey on sbtest1  (cost=0.43..378.49 rows=95 width=125)
	  Index Cond: ((id >= 6205879) AND (id <= 6205979))

table 2 : explain SELECT id, c FROM sbtest2 WHERE id BETWEEN 6205879 AND 6205979
	Index Scan using sbtest2_pkey on sbtest2  (cost=0.43..442.41 rows=111 width=125)
	  Index Cond: ((id >= 6205879) AND (id <= 6205979))

table 3 : explain SELECT id, c FROM sbtest3 WHERE id BETWEEN 6205879 AND 6205979
	Index Scan using sbtest3_pkey on sbtest3  (cost=0.43..370.18 rows=93 width=125)
	  Index Cond: ((id >= 6205879) AND (id <= 6205979))

table 4 : explain SELECT id, c FROM sbtest4 WHERE id BETWEEN 6205879 AND 6205979
	Index Scan using sbtest4_pkey on sbtest4  (cost=0.43..385.60 rows=97 width=125)
	  Index Cond: ((id >= 6205879) AND (id <= 6205979))

table 5 : explain SELECT id, c FROM sbtest5 WHERE id BETWEEN 6205879 AND 6205979
	Index Scan using sbtest5_pkey on sbtest5  (cost=0.43..389.04 rows=98 width=125)
	  Index Cond: ((id >= 6205879) AND (id <= 6205979))

table 6 : explain SELECT id, c FROM sbtest6 WHERE id BETWEEN 6205879 AND 6205979
	Index Scan using sbtest6_pkey on sbtest6  (cost=0.43..460.69 rows=116 width=125)
	  Index Cond: ((id >= 6205879) AND (id <= 6205979))

table 7 : explain SELECT id, c FROM sbtest7 WHERE id BETWEEN 6205879 AND 6205979
	Index Scan using sbtest7_pkey on sbtest7  (cost=0.43..413.44 rows=104 width=125)
	  Index Cond: ((id >= 6205879) AND (id <= 6205979))

table 8 : explain SELECT id, c FROM sbtest8 WHERE id BETWEEN 6205879 AND 6205979
	Index Scan using sbtest8_pkey on sbtest8  (cost=0.43..441.20 rows=111 width=125)
	  Index Cond: ((id >= 6205879) AND (id <= 6205979))

explain: for range-notcovered :: explain SELECT id, c FROM sbtest%d WHERE id BETWEEN 6205879 AND 6205979
for range-notcovered
table 1 : explain SELECT id, c FROM sbtest1 WHERE id BETWEEN 8186133 AND 8186233
	Index Scan using sbtest1_pkey on sbtest1  (cost=0.43..417.87 rows=105 width=125)
	  Index Cond: ((id >= 8186133) AND (id <= 8186233))

table 2 : explain SELECT id, c FROM sbtest2 WHERE id BETWEEN 8186133 AND 8186233
	Index Scan using sbtest2_pkey on sbtest2  (cost=0.43..450.30 rows=113 width=125)
	  Index Cond: ((id >= 8186133) AND (id <= 8186233))

table 3 : explain SELECT id, c FROM sbtest3 WHERE id BETWEEN 8186133 AND 8186233
	Index Scan using sbtest3_pkey on sbtest3  (cost=0.43..397.70 rows=100 width=125)
	  Index Cond: ((id >= 8186133) AND (id <= 8186233))

table 4 : explain SELECT id, c FROM sbtest4 WHERE id BETWEEN 8186133 AND 8186233
	Index Scan using sbtest4_pkey on sbtest4  (cost=0.43..405.24 rows=102 width=125)
	  Index Cond: ((id >= 8186133) AND (id <= 8186233))

table 5 : explain SELECT id, c FROM sbtest5 WHERE id BETWEEN 8186133 AND 8186233
	Index Scan using sbtest5_pkey on sbtest5  (cost=0.43..381.17 rows=96 width=125)
	  Index Cond: ((id >= 8186133) AND (id <= 8186233))

table 6 : explain SELECT id, c FROM sbtest6 WHERE id BETWEEN 8186133 AND 8186233
	Index Scan using sbtest6_pkey on sbtest6  (cost=0.43..362.37 rows=91 width=125)
	  Index Cond: ((id >= 8186133) AND (id <= 8186233))

table 7 : explain SELECT id, c FROM sbtest7 WHERE id BETWEEN 8186133 AND 8186233
	Index Scan using sbtest7_pkey on sbtest7  (cost=0.43..362.34 rows=91 width=125)
	  Index Cond: ((id >= 8186133) AND (id <= 8186233))

table 8 : explain SELECT id, c FROM sbtest8 WHERE id BETWEEN 8186133 AND 8186233
	Index Scan using sbtest8_pkey on sbtest8  (cost=0.43..374.31 rows=94 width=125)
	  Index Cond: ((id >= 8186133) AND (id <= 8186233))

explain: for range-notcovered :: explain SELECT id, c FROM sbtest%d WHERE id BETWEEN 8186133 AND 8186233
for range-notcovered
table 1 : explain SELECT id, c FROM sbtest1 WHERE id BETWEEN 7898429 AND 7898529
	Index Scan using sbtest1_pkey on sbtest1  (cost=0.43..398.19 rows=100 width=125)
	  Index Cond: ((id >= 7898429) AND (id <= 7898529))

table 2 : explain SELECT id, c FROM sbtest2 WHERE id BETWEEN 7898429 AND 7898529
	Index Scan using sbtest2_pkey on sbtest2  (cost=0.43..418.74 rows=105 width=125)
	  Index Cond: ((id >= 7898429) AND (id <= 7898529))

table 3 : explain SELECT id, c FROM sbtest3 WHERE id BETWEEN 7898429 AND 7898529
	Index Scan using sbtest3_pkey on sbtest3  (cost=0.43..397.70 rows=100 width=125)
	  Index Cond: ((id >= 7898429) AND (id <= 7898529))

table 4 : explain SELECT id, c FROM sbtest4 WHERE id BETWEEN 7898429 AND 7898529
	Index Scan using sbtest4_pkey on sbtest4  (cost=0.43..409.16 rows=103 width=125)
	  Index Cond: ((id >= 7898429) AND (id <= 7898529))

table 5 : explain SELECT id, c FROM sbtest5 WHERE id BETWEEN 7898429 AND 7898529
	Index Scan using sbtest5_pkey on sbtest5  (cost=0.43..385.12 rows=97 width=125)
	  Index Cond: ((id >= 7898429) AND (id <= 7898529))

table 6 : explain SELECT id, c FROM sbtest6 WHERE id BETWEEN 7898429 AND 7898529
	Index Scan using sbtest6_pkey on sbtest6  (cost=0.43..417.44 rows=105 width=125)
	  Index Cond: ((id >= 7898429) AND (id <= 7898529))

table 7 : explain SELECT id, c FROM sbtest7 WHERE id BETWEEN 7898429 AND 7898529
	Index Scan using sbtest7_pkey on sbtest7  (cost=0.43..405.58 rows=102 width=125)
	  Index Cond: ((id >= 7898429) AND (id <= 7898529))

table 8 : explain SELECT id, c FROM sbtest8 WHERE id BETWEEN 7898429 AND 7898529
	Index Scan using sbtest8_pkey on sbtest8  (cost=0.43..354.65 rows=89 width=125)
	  Index Cond: ((id >= 7898429) AND (id <= 7898529))

explain: for range-notcovered :: explain SELECT id, c FROM sbtest%d WHERE id BETWEEN 7898429 AND 7898529
for range-notcovered
table 1 : explain SELECT id, c FROM sbtest1 WHERE id BETWEEN 6617782 AND 6617882
	Index Scan using sbtest1_pkey on sbtest1  (cost=0.43..429.68 rows=108 width=125)
	  Index Cond: ((id >= 6617782) AND (id <= 6617882))

table 2 : explain SELECT id, c FROM sbtest2 WHERE id BETWEEN 6617782 AND 6617882
	Index Scan using sbtest2_pkey on sbtest2  (cost=0.43..426.63 rows=107 width=125)
	  Index Cond: ((id >= 6617782) AND (id <= 6617882))

table 3 : explain SELECT id, c FROM sbtest3 WHERE id BETWEEN 6617782 AND 6617882
	Index Scan using sbtest3_pkey on sbtest3  (cost=0.43..362.32 rows=91 width=125)
	  Index Cond: ((id >= 6617782) AND (id <= 6617882))

table 4 : explain SELECT id, c FROM sbtest4 WHERE id BETWEEN 6617782 AND 6617882
	Index Scan using sbtest4_pkey on sbtest4  (cost=0.43..373.81 rows=94 width=125)
	  Index Cond: ((id >= 6617782) AND (id <= 6617882))

table 5 : explain SELECT id, c FROM sbtest5 WHERE id BETWEEN 6617782 AND 6617882
	Index Scan using sbtest5_pkey on sbtest5  (cost=0.43..443.96 rows=112 width=125)
	  Index Cond: ((id >= 6617782) AND (id <= 6617882))

table 6 : explain SELECT id, c FROM sbtest6 WHERE id BETWEEN 6617782 AND 6617882
	Index Scan using sbtest6_pkey on sbtest6  (cost=0.43..366.30 rows=92 width=125)
	  Index Cond: ((id >= 6617782) AND (id <= 6617882))

table 7 : explain SELECT id, c FROM sbtest7 WHERE id BETWEEN 6617782 AND 6617882
	Index Scan using sbtest7_pkey on sbtest7  (cost=0.43..385.92 rows=97 width=125)
	  Index Cond: ((id >= 6617782) AND (id <= 6617882))

table 8 : explain SELECT id, c FROM sbtest8 WHERE id BETWEEN 6617782 AND 6617882
	Index Scan using sbtest8_pkey on sbtest8  (cost=0.43..417.60 rows=105 width=125)
	  Index Cond: ((id >= 6617782) AND (id <= 6617882))

explain: for range-notcovered :: explain SELECT id, c FROM sbtest%d WHERE id BETWEEN 6617782 AND 6617882
for range-notcovered
table 1 : explain SELECT id, c FROM sbtest1 WHERE id BETWEEN 6205879 AND 6205979
	Index Scan using sbtest1_pkey on sbtest1  (cost=0.43..378.49 rows=95 width=125)
	  Index Cond: ((id >= 6205879) AND (id <= 6205979))

table 2 : explain SELECT id, c FROM sbtest2 WHERE id BETWEEN 6205879 AND 6205979
	Index Scan using sbtest2_pkey on sbtest2  (cost=0.43..442.41 rows=111 width=125)
	  Index Cond: ((id >= 6205879) AND (id <= 6205979))

table 3 : explain SELECT id, c FROM sbtest3 WHERE id BETWEEN 6205879 AND 6205979
	Index Scan using sbtest3_pkey on sbtest3  (cost=0.43..370.18 rows=93 width=125)
	  Index Cond: ((id >= 6205879) AND (id <= 6205979))

table 4 : explain SELECT id, c FROM sbtest4 WHERE id BETWEEN 6205879 AND 6205979
	Index Scan using sbtest4_pkey on sbtest4  (cost=0.43..385.60 rows=97 width=125)
	  Index Cond: ((id >= 6205879) AND (id <= 6205979))

table 5 : explain SELECT id, c FROM sbtest5 WHERE id BETWEEN 6205879 AND 6205979
	Index Scan using sbtest5_pkey on sbtest5  (cost=0.43..389.04 rows=98 width=125)
	  Index Cond: ((id >= 6205879) AND (id <= 6205979))

table 6 : explain SELECT id, c FROM sbtest6 WHERE id BETWEEN 6205879 AND 6205979
	Index Scan using sbtest6_pkey on sbtest6  (cost=0.43..460.69 rows=116 width=125)
	  Index Cond: ((id >= 6205879) AND (id <= 6205979))

table 7 : explain SELECT id, c FROM sbtest7 WHERE id BETWEEN 6205879 AND 6205979
	Index Scan using sbtest7_pkey on sbtest7  (cost=0.43..413.44 rows=104 width=125)
	  Index Cond: ((id >= 6205879) AND (id <= 6205979))

table 8 : explain SELECT id, c FROM sbtest8 WHERE id BETWEEN 6205879 AND 6205979
	Index Scan using sbtest8_pkey on sbtest8  (cost=0.43..441.20 rows=111 width=125)
	  Index Cond: ((id >= 6205879) AND (id <= 6205979))

explain: for range-notcovered :: explain SELECT id, c FROM sbtest%d WHERE id BETWEEN 6205879 AND 6205979
for range-notcovered
table 1 : explain SELECT id, c FROM sbtest1 WHERE id BETWEEN 5454331 AND 5454431
	Index Scan using sbtest1_pkey on sbtest1  (cost=0.43..378.49 rows=95 width=125)
	  Index Cond: ((id >= 5454331) AND (id <= 5454431))

table 2 : explain SELECT id, c FROM sbtest2 WHERE id BETWEEN 5454331 AND 5454431
	Index Scan using sbtest2_pkey on sbtest2  (cost=0.43..422.68 rows=106 width=125)
	  Index Cond: ((id >= 5454331) AND (id <= 5454431))

table 3 : explain SELECT id, c FROM sbtest3 WHERE id BETWEEN 5454331 AND 5454431
	Index Scan using sbtest3_pkey on sbtest3  (cost=0.43..389.84 rows=98 width=125)
	  Index Cond: ((id >= 5454331) AND (id <= 5454431))

table 4 : explain SELECT id, c FROM sbtest4 WHERE id BETWEEN 5454331 AND 5454431
	Index Scan using sbtest4_pkey on sbtest4  (cost=0.43..420.95 rows=106 width=125)
	  Index Cond: ((id >= 5454331) AND (id <= 5454431))

table 5 : explain SELECT id, c FROM sbtest5 WHERE id BETWEEN 5454331 AND 5454431
	Index Scan using sbtest5_pkey on sbtest5  (cost=0.43..373.33 rows=94 width=125)
	  Index Cond: ((id >= 5454331) AND (id <= 5454431))

table 6 : explain SELECT id, c FROM sbtest6 WHERE id BETWEEN 5454331 AND 5454431
	Index Scan using sbtest6_pkey on sbtest6  (cost=0.43..421.37 rows=106 width=125)
	  Index Cond: ((id >= 5454331) AND (id <= 5454431))

table 7 : explain SELECT id, c FROM sbtest7 WHERE id BETWEEN 5454331 AND 5454431
	Index Scan using sbtest7_pkey on sbtest7  (cost=0.43..374.13 rows=94 width=125)
	  Index Cond: ((id >= 5454331) AND (id <= 5454431))

table 8 : explain SELECT id, c FROM sbtest8 WHERE id BETWEEN 5454331 AND 5454431
	Index Scan using sbtest8_pkey on sbtest8  (cost=0.43..386.11 rows=97 width=125)
	  Index Cond: ((id >= 5454331) AND (id <= 5454431))

explain: for range-notcovered :: explain SELECT id, c FROM sbtest%d WHERE id BETWEEN 5454331 AND 5454431
for range-notcovered
table 1 : explain SELECT id, c FROM sbtest1 WHERE id BETWEEN 8186133 AND 8186233
	Index Scan using sbtest1_pkey on sbtest1  (cost=0.43..417.87 rows=105 width=125)
	  Index Cond: ((id >= 8186133) AND (id <= 8186233))

table 2 : explain SELECT id, c FROM sbtest2 WHERE id BETWEEN 8186133 AND 8186233
	Index Scan using sbtest2_pkey on sbtest2  (cost=0.43..450.30 rows=113 width=125)
	  Index Cond: ((id >= 8186133) AND (id <= 8186233))

table 3 : explain SELECT id, c FROM sbtest3 WHERE id BETWEEN 8186133 AND 8186233
	Index Scan using sbtest3_pkey on sbtest3  (cost=0.43..397.70 rows=100 width=125)
	  Index Cond: ((id >= 8186133) AND (id <= 8186233))

table 4 : explain SELECT id, c FROM sbtest4 WHERE id BETWEEN 8186133 AND 8186233
	Index Scan using sbtest4_pkey on sbtest4  (cost=0.43..405.24 rows=102 width=125)
	  Index Cond: ((id >= 8186133) AND (id <= 8186233))

table 5 : explain SELECT id, c FROM sbtest5 WHERE id BETWEEN 8186133 AND 8186233
	Index Scan using sbtest5_pkey on sbtest5  (cost=0.43..381.17 rows=96 width=125)
	  Index Cond: ((id >= 8186133) AND (id <= 8186233))

table 6 : explain SELECT id, c FROM sbtest6 WHERE id BETWEEN 8186133 AND 8186233
	Index Scan using sbtest6_pkey on sbtest6  (cost=0.43..362.37 rows=91 width=125)
	  Index Cond: ((id >= 8186133) AND (id <= 8186233))

table 7 : explain SELECT id, c FROM sbtest7 WHERE id BETWEEN 8186133 AND 8186233
	Index Scan using sbtest7_pkey on sbtest7  (cost=0.43..362.34 rows=91 width=125)
	  Index Cond: ((id >= 8186133) AND (id <= 8186233))

table 8 : explain SELECT id, c FROM sbtest8 WHERE id BETWEEN 8186133 AND 8186233
	Index Scan using sbtest8_pkey on sbtest8  (cost=0.43..374.31 rows=94 width=125)
	  Index Cond: ((id >= 8186133) AND (id <= 8186233))

explain: for range-notcovered :: explain SELECT id, c FROM sbtest%d WHERE id BETWEEN 8186133 AND 8186233for range-notcovered
table 1 : explain SELECT id, c FROM sbtest1 WHERE id BETWEEN 7898429 AND 7898529
	Index Scan using sbtest1_pkey on sbtest1  (cost=0.43..398.19 rows=100 width=125)
	  Index Cond: ((id >= 7898429) AND (id <= 7898529))

table 2 : explain SELECT id, c FROM sbtest2 WHERE id BETWEEN 7898429 AND 7898529
	Index Scan using sbtest2_pkey on sbtest2  (cost=0.43..418.74 rows=105 width=125)
	  Index Cond: ((id >= 7898429) AND (id <= 7898529))

table 3 : explain SELECT id, c FROM sbtest3 WHERE id BETWEEN 7898429 AND 7898529
	Index Scan using sbtest3_pkey on sbtest3  (cost=0.43..397.70 rows=100 width=125)
	  Index Cond: ((id >= 7898429) AND (id <= 7898529))

table 4 : explain SELECT id, c FROM sbtest4 WHERE id BETWEEN 7898429 AND 7898529
	Index Scan using sbtest4_pkey on sbtest4  (cost=0.43..409.16 rows=103 width=125)
	  Index Cond: ((id >= 7898429) AND (id <= 7898529))

table 5 : explain SELECT id, c FROM sbtest5 WHERE id BETWEEN 7898429 AND 7898529
	Index Scan using sbtest5_pkey on sbtest5  (cost=0.43..385.12 rows=97 width=125)
	  Index Cond: ((id >= 7898429) AND (id <= 7898529))

table 6 : explain SELECT id, c FROM sbtest6 WHERE id BETWEEN 7898429 AND 7898529
	Index Scan using sbtest6_pkey on sbtest6  (cost=0.43..417.44 rows=105 width=125)
	  Index Cond: ((id >= 7898429) AND (id <= 7898529))

table 7 : explain SELECT id, c FROM sbtest7 WHERE id BETWEEN 7898429 AND 7898529
	Index Scan using sbtest7_pkey on sbtest7  (cost=0.43..405.58 rows=102 width=125)
	  Index Cond: ((id >= 7898429) AND (id <= 7898529))

table 8 : explain SELECT id, c FROM sbtest8 WHERE id BETWEEN 7898429 AND 7898529
	Index Scan using sbtest8_pkey on sbtest8  (cost=0.43..354.65 rows=89 width=125)
	  Index Cond: ((id >= 7898429) AND (id <= 7898529))


explain: for range-notcovered :: explain SELECT id, c FROM sbtest%d WHERE id BETWEEN 7898429 AND 7898529
for range-notcovered
table 1 : explain SELECT id, c FROM sbtest1 WHERE id BETWEEN 6617782 AND 6617882
	Index Scan using sbtest1_pkey on sbtest1  (cost=0.43..429.68 rows=108 width=125)
	  Index Cond: ((id >= 6617782) AND (id <= 6617882))

table 2 : explain SELECT id, c FROM sbtest2 WHERE id BETWEEN 6617782 AND 6617882
	Index Scan using sbtest2_pkey on sbtest2  (cost=0.43..426.63 rows=107 width=125)
	  Index Cond: ((id >= 6617782) AND (id <= 6617882))

table 3 : explain SELECT id, c FROM sbtest3 WHERE id BETWEEN 6617782 AND 6617882
	Index Scan using sbtest3_pkey on sbtest3  (cost=0.43..362.32 rows=91 width=125)
	  Index Cond: ((id >= 6617782) AND (id <= 6617882))

table 4 : explain SELECT id, c FROM sbtest4 WHERE id BETWEEN 6617782 AND 6617882
	Index Scan using sbtest4_pkey on sbtest4  (cost=0.43..373.81 rows=94 width=125)
	  Index Cond: ((id >= 6617782) AND (id <= 6617882))

table 5 : explain SELECT id, c FROM sbtest5 WHERE id BETWEEN 6617782 AND 6617882
	Index Scan using sbtest5_pkey on sbtest5  (cost=0.43..443.96 rows=112 width=125)
	  Index Cond: ((id >= 6617782) AND (id <= 6617882))

table 6 : explain SELECT id, c FROM sbtest6 WHERE id BETWEEN 6617782 AND 6617882
	Index Scan using sbtest6_pkey on sbtest6  (cost=0.43..366.30 rows=92 width=125)
	  Index Cond: ((id >= 6617782) AND (id <= 6617882))

table 7 : explain SELECT id, c FROM sbtest7 WHERE id BETWEEN 6617782 AND 6617882
	Index Scan using sbtest7_pkey on sbtest7  (cost=0.43..385.92 rows=97 width=125)
	  Index Cond: ((id >= 6617782) AND (id <= 6617882))

table 8 : explain SELECT id, c FROM sbtest8 WHERE id BETWEEN 6617782 AND 6617882
	Index Scan using sbtest8_pkey on sbtest8  (cost=0.43..417.60 rows=105 width=125)
	  Index Cond: ((id >= 6617782) AND (id <= 6617882))

for range-notcovered
table 1 : explain SELECT id, c FROM sbtest1 WHERE id BETWEEN 6619201 AND 6619301
	Index Scan using sbtest1_pkey on sbtest1  (cost=0.43..429.68 rows=108 width=125)
	  Index Cond: ((id >= 6619201) AND (id <= 6619301))

table 2 : explain SELECT id, c FROM sbtest2 WHERE id BETWEEN 6619201 AND 6619301
	Index Scan using sbtest2_pkey on sbtest2  (cost=0.43..426.63 rows=107 width=125)
	  Index Cond: ((id >= 6619201) AND (id <= 6619301))

table 3 : explain SELECT id, c FROM sbtest3 WHERE id BETWEEN 6619201 AND 6619301
	Index Scan using sbtest3_pkey on sbtest3  (cost=0.43..362.32 rows=91 width=125)
	  Index Cond: ((id >= 6619201) AND (id <= 6619301))

table 4 : explain SELECT id, c FROM sbtest4 WHERE id BETWEEN 6619201 AND 6619301
	Index Scan using sbtest4_pkey on sbtest4  (cost=0.43..373.81 rows=94 width=125)
	  Index Cond: ((id >= 6619201) AND (id <= 6619301))

table 5 : explain SELECT id, c FROM sbtest5 WHERE id BETWEEN 6619201 AND 6619301
	Index Scan using sbtest5_pkey on sbtest5  (cost=0.43..443.96 rows=112 width=125)
	  Index Cond: ((id >= 6619201) AND (id <= 6619301))

table 6 : explain SELECT id, c FROM sbtest6 WHERE id BETWEEN 6619201 AND 6619301
	Index Scan using sbtest6_pkey on sbtest6  (cost=0.43..366.30 rows=92 width=125)
	  Index Cond: ((id >= 6619201) AND (id <= 6619301))

table 7 : explain SELECT id, c FROM sbtest7 WHERE id BETWEEN 6619201 AND 6619301
	Index Scan using sbtest7_pkey on sbtest7  (cost=0.43..385.92 rows=97 width=125)
	  Index Cond: ((id >= 6619201) AND (id <= 6619301))

table 8 : explain SELECT id, c FROM sbtest8 WHERE id BETWEEN 6619201 AND 6619301
	Index Scan using sbtest8_pkey on sbtest8  (cost=0.43..417.60 rows=105 width=125)
	  Index Cond: ((id >= 6619201) AND (id <= 6619301))

explain: for range-notcovered :: explain SELECT id, c FROM sbtest%d WHERE id BETWEEN 6617782 AND 6617882
explain: for range-notcovered :: explain SELECT id, c FROM sbtest%d WHERE id BETWEEN 6619201 AND 6619301
for range-notcovered
table 1 : explain SELECT id, c FROM sbtest1 WHERE id BETWEEN 6205879 AND 6205979
	Index Scan using sbtest1_pkey on sbtest1  (cost=0.43..378.49 rows=95 width=125)
	  Index Cond: ((id >= 6205879) AND (id <= 6205979))

table 2 : explain SELECT id, c FROM sbtest2 WHERE id BETWEEN 6205879 AND 6205979
	Index Scan using sbtest2_pkey on sbtest2  (cost=0.43..442.41 rows=111 width=125)
	  Index Cond: ((id >= 6205879) AND (id <= 6205979))

table 3 : explain SELECT id, c FROM sbtest3 WHERE id BETWEEN 6205879 AND 6205979
	Index Scan using sbtest3_pkey on sbtest3  (cost=0.43..370.18 rows=93 width=125)
	  Index Cond: ((id >= 6205879) AND (id <= 6205979))

table 4 : explain SELECT id, c FROM sbtest4 WHERE id BETWEEN 6205879 AND 6205979
	Index Scan using sbtest4_pkey on sbtest4  (cost=0.43..385.60 rows=97 width=125)
	  Index Cond: ((id >= 6205879) AND (id <= 6205979))

table 5 : explain SELECT id, c FROM sbtest5 WHERE id BETWEEN 6205879 AND 6205979
	Index Scan using sbtest5_pkey on sbtest5  (cost=0.43..389.04 rows=98 width=125)
	  Index Cond: ((id >= 6205879) AND (id <= 6205979))

table 6 : explain SELECT id, c FROM sbtest6 WHERE id BETWEEN 6205879 AND 6205979
	Index Scan using sbtest6_pkey on sbtest6  (cost=0.43..460.69 rows=116 width=125)
	  Index Cond: ((id >= 6205879) AND (id <= 6205979))

table 7 : explain SELECT id, c FROM sbtest7 WHERE id BETWEEN 6205879 AND 6205979
	Index Scan using sbtest7_pkey on sbtest7  (cost=0.43..413.44 rows=104 width=125)
	  Index Cond: ((id >= 6205879) AND (id <= 6205979))

table 8 : explain SELECT id, c FROM sbtest8 WHERE id BETWEEN 6205879 AND 6205979
	Index Scan using sbtest8_pkey on sbtest8  (cost=0.43..441.20 rows=111 width=125)
	  Index Cond: ((id >= 6205879) AND (id <= 6205979))

explain: for range-notcovered :: explain SELECT id, c FROM sbtest%d WHERE id BETWEEN 6205879 AND 6205979
explain: for range-notcovered :: explain SELECT id, c FROM sbtest%d WHERE id BETWEEN 2281386 AND 2281486
for range-notcovered
table 1 : explain SELECT id, c FROM sbtest1 WHERE id BETWEEN 5454331 AND 5454431
	Index Scan using sbtest1_pkey on sbtest1  (cost=0.43..378.49 rows=95 width=125)
	  Index Cond: ((id >= 5454331) AND (id <= 5454431))

table 2 : explain SELECT id, c FROM sbtest2 WHERE id BETWEEN 5454331 AND 5454431
	Index Scan using sbtest2_pkey on sbtest2  (cost=0.43..422.68 rows=106 width=125)
	  Index Cond: ((id >= 5454331) AND (id <= 5454431))

table 3 : explain SELECT id, c FROM sbtest3 WHERE id BETWEEN 5454331 AND 5454431
	Index Scan using sbtest3_pkey on sbtest3  (cost=0.43..389.84 rows=98 width=125)
	  Index Cond: ((id >= 5454331) AND (id <= 5454431))

table 4 : explain SELECT id, c FROM sbtest4 WHERE id BETWEEN 5454331 AND 5454431
	Index Scan using sbtest4_pkey on sbtest4  (cost=0.43..420.95 rows=106 width=125)
	  Index Cond: ((id >= 5454331) AND (id <= 5454431))

table 5 : explain SELECT id, c FROM sbtest5 WHERE id BETWEEN 5454331 AND 5454431
	Index Scan using sbtest5_pkey on sbtest5  (cost=0.43..373.33 rows=94 width=125)
	  Index Cond: ((id >= 5454331) AND (id <= 5454431))

table 6 : explain SELECT id, c FROM sbtest6 WHERE id BETWEEN 5454331 AND 5454431
	Index Scan using sbtest6_pkey on sbtest6  (cost=0.43..421.37 rows=106 width=125)
	  Index Cond: ((id >= 5454331) AND (id <= 5454431))

table 7 : explain SELECT id, c FROM sbtest7 WHERE id BETWEEN 5454331 AND 5454431
	Index Scan using sbtest7_pkey on sbtest7  (cost=0.43..374.13 rows=94 width=125)
	  Index Cond: ((id >= 5454331) AND (id <= 5454431))

table 8 : explain SELECT id, c FROM sbtest8 WHERE id BETWEEN 5454331 AND 5454431
	Index Scan using sbtest8_pkey on sbtest8  (cost=0.43..386.11 rows=97 width=125)
	  Index Cond: ((id >= 5454331) AND (id <= 5454431))

for range-notcovered
table 1 : explain SELECT id, c FROM sbtest1 WHERE id BETWEEN 8186133 AND 8186233
	Index Scan using sbtest1_pkey on sbtest1  (cost=0.43..417.87 rows=105 width=125)
	  Index Cond: ((id >= 8186133) AND (id <= 8186233))

table 2 : explain SELECT id, c FROM sbtest2 WHERE id BETWEEN 8186133 AND 8186233
	Index Scan using sbtest2_pkey on sbtest2  (cost=0.43..450.30 rows=113 width=125)
	  Index Cond: ((id >= 8186133) AND (id <= 8186233))

table 3 : explain SELECT id, c FROM sbtest3 WHERE id BETWEEN 8186133 AND 8186233
	Index Scan using sbtest3_pkey on sbtest3  (cost=0.43..397.70 rows=100 width=125)
	  Index Cond: ((id >= 8186133) AND (id <= 8186233))

table 4 : explain SELECT id, c FROM sbtest4 WHERE id BETWEEN 8186133 AND 8186233
	Index Scan using sbtest4_pkey on sbtest4  (cost=0.43..405.24 rows=102 width=125)
	  Index Cond: ((id >= 8186133) AND (id <= 8186233))

table 5 : explain SELECT id, c FROM sbtest5 WHERE id BETWEEN 8186133 AND 8186233
	Index Scan using sbtest5_pkey on sbtest5  (cost=0.43..381.17 rows=96 width=125)
	  Index Cond: ((id >= 8186133) AND (id <= 8186233))

table 6 : explain SELECT id, c FROM sbtest6 WHERE id BETWEEN 8186133 AND 8186233
	Index Scan using sbtest6_pkey on sbtest6  (cost=0.43..362.37 rows=91 width=125)
	  Index Cond: ((id >= 8186133) AND (id <= 8186233))

table 7 : explain SELECT id, c FROM sbtest7 WHERE id BETWEEN 8186133 AND 8186233
	Index Scan using sbtest7_pkey on sbtest7  (cost=0.43..362.34 rows=91 width=125)
	  Index Cond: ((id >= 8186133) AND (id <= 8186233))

table 8 : explain SELECT id, c FROM sbtest8 WHERE id BETWEEN 8186133 AND 8186233
	Index Scan using sbtest8_pkey on sbtest8  (cost=0.43..374.31 rows=94 width=125)
	  Index Cond: ((id >= 8186133) AND (id <= 8186233))

explain: for range-notcovered :: explain SELECT id, c FROM sbtest%d WHERE id BETWEEN 5454331 AND 5454431
for range-notcovered
table 1 : explain SELECT id, c FROM sbtest1 WHERE id BETWEEN 7898429 AND 7898529
	Index Scan using sbtest1_pkey on sbtest1  (cost=0.43..398.19 rows=100 width=125)
	  Index Cond: ((id >= 7898429) AND (id <= 7898529))

table 2 : explain SELECT id, c FROM sbtest2 WHERE id BETWEEN 7898429 AND 7898529
	Index Scan using sbtest2_pkey on sbtest2  (cost=0.43..418.74 rows=105 width=125)
	  Index Cond: ((id >= 7898429) AND (id <= 7898529))

table 3 : explain SELECT id, c FROM sbtest3 WHERE id BETWEEN 7898429 AND 7898529
	Index Scan using sbtest3_pkey on sbtest3  (cost=0.43..397.70 rows=100 width=125)
	  Index Cond: ((id >= 7898429) AND (id <= 7898529))

table 4 : explain SELECT id, c FROM sbtest4 WHERE id BETWEEN 7898429 AND 7898529
	Index Scan using sbtest4_pkey on sbtest4  (cost=0.43..409.16 rows=103 width=125)
	  Index Cond: ((id >= 7898429) AND (id <= 7898529))

table 5 : explain SELECT id, c FROM sbtest5 WHERE id BETWEEN 7898429 AND 7898529
	Index Scan using sbtest5_pkey on sbtest5  (cost=0.43..385.12 rows=97 width=125)
	  Index Cond: ((id >= 7898429) AND (id <= 7898529))

table 6 : explain SELECT id, c FROM sbtest6 WHERE id BETWEEN 7898429 AND 7898529
	Index Scan using sbtest6_pkey on sbtest6  (cost=0.43..417.44 rows=105 width=125)
	  Index Cond: ((id >= 7898429) AND (id <= 7898529))

table 7 : explain SELECT id, c FROM sbtest7 WHERE id BETWEEN 7898429 AND 7898529
	Index Scan using sbtest7_pkey on sbtest7  (cost=0.43..405.58 rows=102 width=125)
	  Index Cond: ((id >= 7898429) AND (id <= 7898529))

table 8 : explain SELECT id, c FROM sbtest8 WHERE id BETWEEN 7898429 AND 7898529
	Index Scan using sbtest8_pkey on sbtest8  (cost=0.43..354.65 rows=89 width=125)
	  Index Cond: ((id >= 7898429) AND (id <= 7898529))

explain: for range-notcovered :: explain SELECT id, c FROM sbtest%d WHERE id BETWEEN 8186133 AND 8186233
explain: for range-notcovered :: explain SELECT id, c FROM sbtest%d WHERE id BETWEEN 7898429 AND 7898529
for range-notcovered
table 1 : explain SELECT id, c FROM sbtest1 WHERE id BETWEEN 6617782 AND 6617882
	Index Scan using sbtest1_pkey on sbtest1  (cost=0.43..429.68 rows=108 width=125)
	  Index Cond: ((id >= 6617782) AND (id <= 6617882))

table 2 : explain SELECT id, c FROM sbtest2 WHERE id BETWEEN 6617782 AND 6617882
	Index Scan using sbtest2_pkey on sbtest2  (cost=0.43..426.63 rows=107 width=125)
	  Index Cond: ((id >= 6617782) AND (id <= 6617882))

table 3 : explain SELECT id, c FROM sbtest3 WHERE id BETWEEN 6617782 AND 6617882
	Index Scan using sbtest3_pkey on sbtest3  (cost=0.43..362.32 rows=91 width=125)
	  Index Cond: ((id >= 6617782) AND (id <= 6617882))

table 4 : explain SELECT id, c FROM sbtest4 WHERE id BETWEEN 6617782 AND 6617882
	Index Scan using sbtest4_pkey on sbtest4  (cost=0.43..373.81 rows=94 width=125)
	  Index Cond: ((id >= 6617782) AND (id <= 6617882))

table 5 : explain SELECT id, c FROM sbtest5 WHERE id BETWEEN 6617782 AND 6617882
	Index Scan using sbtest5_pkey on sbtest5  (cost=0.43..443.96 rows=112 width=125)
	  Index Cond: ((id >= 6617782) AND (id <= 6617882))

table 6 : explain SELECT id, c FROM sbtest6 WHERE id BETWEEN 6617782 AND 6617882
	Index Scan using sbtest6_pkey on sbtest6  (cost=0.43..366.30 rows=92 width=125)
	  Index Cond: ((id >= 6617782) AND (id <= 6617882))

table 7 : explain SELECT id, c FROM sbtest7 WHERE id BETWEEN 6617782 AND 6617882
	Index Scan using sbtest7_pkey on sbtest7  (cost=0.43..385.92 rows=97 width=125)
	  Index Cond: ((id >= 6617782) AND (id <= 6617882))

table 8 : explain SELECT id, c FROM sbtest8 WHERE id BETWEEN 6617782 AND 6617882
	Index Scan using sbtest8_pkey on sbtest8  (cost=0.43..417.60 rows=105 width=125)
	  Index Cond: ((id >= 6617782) AND (id <= 6617882))

explain: for range-notcovered :: explain SELECT id, c FROM sbtest%d WHERE id BETWEEN 6617782 AND 6617882
for range-notcovered
table 1 : explain SELECT id, c FROM sbtest1 WHERE id BETWEEN 6619201 AND 6619301
	Index Scan using sbtest1_pkey on sbtest1  (cost=0.43..429.68 rows=108 width=125)
	  Index Cond: ((id >= 6619201) AND (id <= 6619301))

table 2 : explain SELECT id, c FROM sbtest2 WHERE id BETWEEN 6619201 AND 6619301
	Index Scan using sbtest2_pkey on sbtest2  (cost=0.43..426.63 rows=107 width=125)
	  Index Cond: ((id >= 6619201) AND (id <= 6619301))

table 3 : explain SELECT id, c FROM sbtest3 WHERE id BETWEEN 6619201 AND 6619301
	Index Scan using sbtest3_pkey on sbtest3  (cost=0.43..362.32 rows=91 width=125)
	  Index Cond: ((id >= 6619201) AND (id <= 6619301))

table 4 : explain SELECT id, c FROM sbtest4 WHERE id BETWEEN 6619201 AND 6619301
	Index Scan using sbtest4_pkey on sbtest4  (cost=0.43..373.81 rows=94 width=125)
	  Index Cond: ((id >= 6619201) AND (id <= 6619301))

table 5 : explain SELECT id, c FROM sbtest5 WHERE id BETWEEN 6619201 AND 6619301
	Index Scan using sbtest5_pkey on sbtest5  (cost=0.43..443.96 rows=112 width=125)
	  Index Cond: ((id >= 6619201) AND (id <= 6619301))

table 6 : explain SELECT id, c FROM sbtest6 WHERE id BETWEEN 6619201 AND 6619301
	Index Scan using sbtest6_pkey on sbtest6  (cost=0.43..366.30 rows=92 width=125)
	  Index Cond: ((id >= 6619201) AND (id <= 6619301))

table 7 : explain SELECT id, c FROM sbtest7 WHERE id BETWEEN 6619201 AND 6619301
	Index Scan using sbtest7_pkey on sbtest7  (cost=0.43..385.92 rows=97 width=125)
	  Index Cond: ((id >= 6619201) AND (id <= 6619301))

table 8 : explain SELECT id, c FROM sbtest8 WHERE id BETWEEN 6619201 AND 6619301
	Index Scan using sbtest8_pkey on sbtest8  (cost=0.43..417.60 rows=105 width=125)
	  Index Cond: ((id >= 6619201) AND (id <= 6619301))

for range-notcovered
table 1 : explain SELECT id, c FROM sbtest1 WHERE id BETWEEN 6205879 AND 6205979
	Index Scan using sbtest1_pkey on sbtest1  (cost=0.43..378.49 rows=95 width=125)
	  Index Cond: ((id >= 6205879) AND (id <= 6205979))

table 2 : explain SELECT id, c FROM sbtest2 WHERE id BETWEEN 6205879 AND 6205979
	Index Scan using sbtest2_pkey on sbtest2  (cost=0.43..442.41 rows=111 width=125)
	  Index Cond: ((id >= 6205879) AND (id <= 6205979))

table 3 : explain SELECT id, c FROM sbtest3 WHERE id BETWEEN 6205879 AND 6205979
	Index Scan using sbtest3_pkey on sbtest3  (cost=0.43..370.18 rows=93 width=125)
	  Index Cond: ((id >= 6205879) AND (id <= 6205979))

table 4 : explain SELECT id, c FROM sbtest4 WHERE id BETWEEN 6205879 AND 6205979
	Index Scan using sbtest4_pkey on sbtest4  (cost=0.43..385.60 rows=97 width=125)
	  Index Cond: ((id >= 6205879) AND (id <= 6205979))

table 5 : explain SELECT id, c FROM sbtest5 WHERE id BETWEEN 6205879 AND 6205979
	Index Scan using sbtest5_pkey on sbtest5  (cost=0.43..389.04 rows=98 width=125)
	  Index Cond: ((id >= 6205879) AND (id <= 6205979))

table 6 : explain SELECT id, c FROM sbtest6 WHERE id BETWEEN 6205879 AND 6205979
	Index Scan using sbtest6_pkey on sbtest6  (cost=0.43..460.69 rows=116 width=125)
	  Index Cond: ((id >= 6205879) AND (id <= 6205979))

table 7 : explain SELECT id, c FROM sbtest7 WHERE id BETWEEN 6205879 AND 6205979
	Index Scan using sbtest7_pkey on sbtest7  (cost=0.43..413.44 rows=104 width=125)
	  Index Cond: ((id >= 6205879) AND (id <= 6205979))

table 8 : explain SELECT id, c FROM sbtest8 WHERE id BETWEEN 6205879 AND 6205979
	Index Scan using sbtest8_pkey on sbtest8  (cost=0.43..441.20 rows=111 width=125)
	  Index Cond: ((id >= 6205879) AND (id <= 6205979))

explain: for range-notcovered :: explain SELECT id, c FROM sbtest%d WHERE id BETWEEN 6619201 AND 6619301
explain: for range-notcovered :: explain SELECT id, c FROM sbtest%d WHERE id BETWEEN 5977405 AND 5977505
explain: for range-notcovered :: explain SELECT id, c FROM sbtest%d WHERE id BETWEEN 6205879 AND 6205979
for range-notcovered
table 1 : explain SELECT id, c FROM sbtest1 WHERE id BETWEEN 5454331 AND 5454431
	Index Scan using sbtest1_pkey on sbtest1  (cost=0.43..378.49 rows=95 width=125)
	  Index Cond: ((id >= 5454331) AND (id <= 5454431))

table 2 : explain SELECT id, c FROM sbtest2 WHERE id BETWEEN 5454331 AND 5454431
	Index Scan using sbtest2_pkey on sbtest2  (cost=0.43..422.68 rows=106 width=125)
	  Index Cond: ((id >= 5454331) AND (id <= 5454431))

table 3 : explain SELECT id, c FROM sbtest3 WHERE id BETWEEN 5454331 AND 5454431
	Index Scan using sbtest3_pkey on sbtest3  (cost=0.43..389.84 rows=98 width=125)
	  Index Cond: ((id >= 5454331) AND (id <= 5454431))

table 4 : explain SELECT id, c FROM sbtest4 WHERE id BETWEEN 5454331 AND 5454431
	Index Scan using sbtest4_pkey on sbtest4  (cost=0.43..420.95 rows=106 width=125)
	  Index Cond: ((id >= 5454331) AND (id <= 5454431))

table 5 : explain SELECT id, c FROM sbtest5 WHERE id BETWEEN 5454331 AND 5454431
	Index Scan using sbtest5_pkey on sbtest5  (cost=0.43..373.33 rows=94 width=125)
	  Index Cond: ((id >= 5454331) AND (id <= 5454431))

table 6 : explain SELECT id, c FROM sbtest6 WHERE id BETWEEN 5454331 AND 5454431
	Index Scan using sbtest6_pkey on sbtest6  (cost=0.43..421.37 rows=106 width=125)
	  Index Cond: ((id >= 5454331) AND (id <= 5454431))

table 7 : explain SELECT id, c FROM sbtest7 WHERE id BETWEEN 5454331 AND 5454431
	Index Scan using sbtest7_pkey on sbtest7  (cost=0.43..374.13 rows=94 width=125)
	  Index Cond: ((id >= 5454331) AND (id <= 5454431))

table 8 : explain SELECT id, c FROM sbtest8 WHERE id BETWEEN 5454331 AND 5454431
	Index Scan using sbtest8_pkey on sbtest8  (cost=0.43..386.11 rows=97 width=125)
	  Index Cond: ((id >= 5454331) AND (id <= 5454431))

for range-notcovered
table 1 : explain SELECT id, c FROM sbtest1 WHERE id BETWEEN 8186133 AND 8186233
	Index Scan using sbtest1_pkey on sbtest1  (cost=0.43..417.87 rows=105 width=125)
	  Index Cond: ((id >= 8186133) AND (id <= 8186233))

table 2 : explain SELECT id, c FROM sbtest2 WHERE id BETWEEN 8186133 AND 8186233
	Index Scan using sbtest2_pkey on sbtest2  (cost=0.43..450.30 rows=113 width=125)
	  Index Cond: ((id >= 8186133) AND (id <= 8186233))

table 3 : explain SELECT id, c FROM sbtest3 WHERE id BETWEEN 8186133 AND 8186233
	Index Scan using sbtest3_pkey on sbtest3  (cost=0.43..397.70 rows=100 width=125)
	  Index Cond: ((id >= 8186133) AND (id <= 8186233))

table 4 : explain SELECT id, c FROM sbtest4 WHERE id BETWEEN 8186133 AND 8186233
	Index Scan using sbtest4_pkey on sbtest4  (cost=0.43..405.24 rows=102 width=125)
	  Index Cond: ((id >= 8186133) AND (id <= 8186233))

table 5 : explain SELECT id, c FROM sbtest5 WHERE id BETWEEN 8186133 AND 8186233
	Index Scan using sbtest5_pkey on sbtest5  (cost=0.43..381.17 rows=96 width=125)
	  Index Cond: ((id >= 8186133) AND (id <= 8186233))

table 6 : explain SELECT id, c FROM sbtest6 WHERE id BETWEEN 8186133 AND 8186233
	Index Scan using sbtest6_pkey on sbtest6  (cost=0.43..362.37 rows=91 width=125)
	  Index Cond: ((id >= 8186133) AND (id <= 8186233))

table 7 : explain SELECT id, c FROM sbtest7 WHERE id BETWEEN 8186133 AND 8186233
	Index Scan using sbtest7_pkey on sbtest7  (cost=0.43..362.34 rows=91 width=125)
	  Index Cond: ((id >= 8186133) AND (id <= 8186233))

table 8 : explain SELECT id, c FROM sbtest8 WHERE id BETWEEN 8186133 AND 8186233
	Index Scan using sbtest8_pkey on sbtest8  (cost=0.43..374.31 rows=94 width=125)
	  Index Cond: ((id >= 8186133) AND (id <= 8186233))

explain: for range-notcovered :: explain SELECT id, c FROM sbtest%d WHERE id BETWEEN 5454331 AND 5454431
for range-notcovered
table 1 : explain SELECT id, c FROM sbtest1 WHERE id BETWEEN 7898429 AND 7898529
	Index Scan using sbtest1_pkey on sbtest1  (cost=0.43..398.19 rows=100 width=125)
	  Index Cond: ((id >= 7898429) AND (id <= 7898529))

table 2 : explain SELECT id, c FROM sbtest2 WHERE id BETWEEN 7898429 AND 7898529
	Index Scan using sbtest2_pkey on sbtest2  (cost=0.43..418.74 rows=105 width=125)
	  Index Cond: ((id >= 7898429) AND (id <= 7898529))

table 3 : explain SELECT id, c FROM sbtest3 WHERE id BETWEEN 7898429 AND 7898529
	Index Scan using sbtest3_pkey on sbtest3  (cost=0.43..397.70 rows=100 width=125)
	  Index Cond: ((id >= 7898429) AND (id <= 7898529))

table 4 : explain SELECT id, c FROM sbtest4 WHERE id BETWEEN 7898429 AND 7898529
	Index Scan using sbtest4_pkey on sbtest4  (cost=0.43..409.16 rows=103 width=125)
	  Index Cond: ((id >= 7898429) AND (id <= 7898529))

table 5 : explain SELECT id, c FROM sbtest5 WHERE id BETWEEN 7898429 AND 7898529
	Index Scan using sbtest5_pkey on sbtest5  (cost=0.43..385.12 rows=97 width=125)
	  Index Cond: ((id >= 7898429) AND (id <= 7898529))

table 6 : explain SELECT id, c FROM sbtest6 WHERE id BETWEEN 7898429 AND 7898529
	Index Scan using sbtest6_pkey on sbtest6  (cost=0.43..417.44 rows=105 width=125)
	  Index Cond: ((id >= 7898429) AND (id <= 7898529))

table 7 : explain SELECT id, c FROM sbtest7 WHERE id BETWEEN 7898429 AND 7898529
	Index Scan using sbtest7_pkey on sbtest7  (cost=0.43..405.58 rows=102 width=125)
	  Index Cond: ((id >= 7898429) AND (id <= 7898529))

table 8 : explain SELECT id, c FROM sbtest8 WHERE id BETWEEN 7898429 AND 7898529
	Index Scan using sbtest8_pkey on sbtest8  (cost=0.43..354.65 rows=89 width=125)
	  Index Cond: ((id >= 7898429) AND (id <= 7898529))

explain: for range-notcovered :: explain SELECT id, c FROM sbtest%d WHERE id BETWEEN 8186133 AND 8186233
explain: for range-notcovered :: explain SELECT id, c FROM sbtest%d WHERE id BETWEEN 7898429 AND 7898529
for range-notcovered
table 1 : explain SELECT id, c FROM sbtest1 WHERE id BETWEEN 6617782 AND 6617882
	Index Scan using sbtest1_pkey on sbtest1  (cost=0.43..429.68 rows=108 width=125)
	  Index Cond: ((id >= 6617782) AND (id <= 6617882))

table 2 : explain SELECT id, c FROM sbtest2 WHERE id BETWEEN 6617782 AND 6617882
	Index Scan using sbtest2_pkey on sbtest2  (cost=0.43..426.63 rows=107 width=125)
	  Index Cond: ((id >= 6617782) AND (id <= 6617882))

table 3 : explain SELECT id, c FROM sbtest3 WHERE id BETWEEN 6617782 AND 6617882
	Index Scan using sbtest3_pkey on sbtest3  (cost=0.43..362.32 rows=91 width=125)
	  Index Cond: ((id >= 6617782) AND (id <= 6617882))

table 4 : explain SELECT id, c FROM sbtest4 WHERE id BETWEEN 6617782 AND 6617882
	Index Scan using sbtest4_pkey on sbtest4  (cost=0.43..373.81 rows=94 width=125)
	  Index Cond: ((id >= 6617782) AND (id <= 6617882))

table 5 : explain SELECT id, c FROM sbtest5 WHERE id BETWEEN 6617782 AND 6617882
	Index Scan using sbtest5_pkey on sbtest5  (cost=0.43..443.96 rows=112 width=125)
	  Index Cond: ((id >= 6617782) AND (id <= 6617882))

table 6 : explain SELECT id, c FROM sbtest6 WHERE id BETWEEN 6617782 AND 6617882
	Index Scan using sbtest6_pkey on sbtest6  (cost=0.43..366.30 rows=92 width=125)
	  Index Cond: ((id >= 6617782) AND (id <= 6617882))

table 7 : explain SELECT id, c FROM sbtest7 WHERE id BETWEEN 6617782 AND 6617882
	Index Scan using sbtest7_pkey on sbtest7  (cost=0.43..385.92 rows=97 width=125)
	  Index Cond: ((id >= 6617782) AND (id <= 6617882))

table 8 : explain SELECT id, c FROM sbtest8 WHERE id BETWEEN 6617782 AND 6617882
	Index Scan using sbtest8_pkey on sbtest8  (cost=0.43..417.60 rows=105 width=125)
	  Index Cond: ((id >= 6617782) AND (id <= 6617882))

for range-notcovered
table 1 : explain SELECT id, c FROM sbtest1 WHERE id BETWEEN 6619201 AND 6619301
	Index Scan using sbtest1_pkey on sbtest1  (cost=0.43..429.68 rows=108 width=125)
	  Index Cond: ((id >= 6619201) AND (id <= 6619301))

table 2 : explain SELECT id, c FROM sbtest2 WHERE id BETWEEN 6619201 AND 6619301
	Index Scan using sbtest2_pkey on sbtest2  (cost=0.43..426.63 rows=107 width=125)
	  Index Cond: ((id >= 6619201) AND (id <= 6619301))

table 3 : explain SELECT id, c FROM sbtest3 WHERE id BETWEEN 6619201 AND 6619301
	Index Scan using sbtest3_pkey on sbtest3  (cost=0.43..362.32 rows=91 width=125)
	  Index Cond: ((id >= 6619201) AND (id <= 6619301))

table 4 : explain SELECT id, c FROM sbtest4 WHERE id BETWEEN 6619201 AND 6619301
	Index Scan using sbtest4_pkey on sbtest4  (cost=0.43..373.81 rows=94 width=125)
	  Index Cond: ((id >= 6619201) AND (id <= 6619301))

table 5 : explain SELECT id, c FROM sbtest5 WHERE id BETWEEN 6619201 AND 6619301
	Index Scan using sbtest5_pkey on sbtest5  (cost=0.43..443.96 rows=112 width=125)
	  Index Cond: ((id >= 6619201) AND (id <= 6619301))

table 6 : explain SELECT id, c FROM sbtest6 WHERE id BETWEEN 6619201 AND 6619301
	Index Scan using sbtest6_pkey on sbtest6  (cost=0.43..366.30 rows=92 width=125)
	  Index Cond: ((id >= 6619201) AND (id <= 6619301))

table 7 : explain SELECT id, c FROM sbtest7 WHERE id BETWEEN 6619201 AND 6619301
	Index Scan using sbtest7_pkey on sbtest7  (cost=0.43..385.92 rows=97 width=125)
	  Index Cond: ((id >= 6619201) AND (id <= 6619301))

table 8 : explain SELECT id, c FROM sbtest8 WHERE id BETWEEN 6619201 AND 6619301
	Index Scan using sbtest8_pkey on sbtest8  (cost=0.43..417.60 rows=105 width=125)
	  Index Cond: ((id >= 6619201) AND (id <= 6619301))

for range-notcovered
table 1 : explain SELECT id, c FROM sbtest1 WHERE id BETWEEN 6205879 AND 6205979
	Index Scan using sbtest1_pkey on sbtest1  (cost=0.43..378.49 rows=95 width=125)
	  Index Cond: ((id >= 6205879) AND (id <= 6205979))

table 2 : explain SELECT id, c FROM sbtest2 WHERE id BETWEEN 6205879 AND 6205979
	Index Scan using sbtest2_pkey on sbtest2  (cost=0.43..442.41 rows=111 width=125)
	  Index Cond: ((id >= 6205879) AND (id <= 6205979))

table 3 : explain SELECT id, c FROM sbtest3 WHERE id BETWEEN 6205879 AND 6205979
	Index Scan using sbtest3_pkey on sbtest3  (cost=0.43..370.18 rows=93 width=125)
	  Index Cond: ((id >= 6205879) AND (id <= 6205979))

table 4 : explain SELECT id, c FROM sbtest4 WHERE id BETWEEN 6205879 AND 6205979
	Index Scan using sbtest4_pkey on sbtest4  (cost=0.43..385.60 rows=97 width=125)
	  Index Cond: ((id >= 6205879) AND (id <= 6205979))

table 5 : explain SELECT id, c FROM sbtest5 WHERE id BETWEEN 6205879 AND 6205979
	Index Scan using sbtest5_pkey on sbtest5  (cost=0.43..389.04 rows=98 width=125)
	  Index Cond: ((id >= 6205879) AND (id <= 6205979))

table 6 : explain SELECT id, c FROM sbtest6 WHERE id BETWEEN 6205879 AND 6205979
	Index Scan using sbtest6_pkey on sbtest6  (cost=0.43..460.69 rows=116 width=125)
	  Index Cond: ((id >= 6205879) AND (id <= 6205979))

table 7 : explain SELECT id, c FROM sbtest7 WHERE id BETWEEN 6205879 AND 6205979
	Index Scan using sbtest7_pkey on sbtest7  (cost=0.43..413.44 rows=104 width=125)
	  Index Cond: ((id >= 6205879) AND (id <= 6205979))

table 8 : explain SELECT id, c FROM sbtest8 WHERE id BETWEEN 6205879 AND 6205979
	Index Scan using sbtest8_pkey on sbtest8  (cost=0.43..441.20 rows=111 width=125)
	  Index Cond: ((id >= 6205879) AND (id <= 6205979))

explain: for range-notcovered :: explain SELECT id, c FROM sbtest%d WHERE id BETWEEN 6619201 AND 6619301
for range-notcovered
table 1 : explain SELECT id, c FROM sbtest1 WHERE id BETWEEN 5454331 AND 5454431
	Index Scan using sbtest1_pkey on sbtest1  (cost=0.43..378.49 rows=95 width=125)
	  Index Cond: ((id >= 5454331) AND (id <= 5454431))

table 2 : explain SELECT id, c FROM sbtest2 WHERE id BETWEEN 5454331 AND 5454431
	Index Scan using sbtest2_pkey on sbtest2  (cost=0.43..422.68 rows=106 width=125)
	  Index Cond: ((id >= 5454331) AND (id <= 5454431))

table 3 : explain SELECT id, c FROM sbtest3 WHERE id BETWEEN 5454331 AND 5454431
	Index Scan using sbtest3_pkey on sbtest3  (cost=0.43..389.84 rows=98 width=125)
	  Index Cond: ((id >= 5454331) AND (id <= 5454431))

table 4 : explain SELECT id, c FROM sbtest4 WHERE id BETWEEN 5454331 AND 5454431
	Index Scan using sbtest4_pkey on sbtest4  (cost=0.43..420.95 rows=106 width=125)
	  Index Cond: ((id >= 5454331) AND (id <= 5454431))

table 5 : explain SELECT id, c FROM sbtest5 WHERE id BETWEEN 5454331 AND 5454431
	Index Scan using sbtest5_pkey on sbtest5  (cost=0.43..373.33 rows=94 width=125)
	  Index Cond: ((id >= 5454331) AND (id <= 5454431))

table 6 : explain SELECT id, c FROM sbtest6 WHERE id BETWEEN 5454331 AND 5454431
	Index Scan using sbtest6_pkey on sbtest6  (cost=0.43..421.37 rows=106 width=125)
	  Index Cond: ((id >= 5454331) AND (id <= 5454431))

table 7 : explain SELECT id, c FROM sbtest7 WHERE id BETWEEN 5454331 AND 5454431
	Index Scan using sbtest7_pkey on sbtest7  (cost=0.43..374.13 rows=94 width=125)
	  Index Cond: ((id >= 5454331) AND (id <= 5454431))

table 8 : explain SELECT id, c FROM sbtest8 WHERE id BETWEEN 5454331 AND 5454431
	Index Scan using sbtest8_pkey on sbtest8  (cost=0.43..386.11 rows=97 width=125)
	  Index Cond: ((id >= 5454331) AND (id <= 5454431))

for range-notcovered
table 1 : explain SELECT id, c FROM sbtest1 WHERE id BETWEEN 8186133 AND 8186233
	Index Scan using sbtest1_pkey on sbtest1  (cost=0.43..417.87 rows=105 width=125)
	  Index Cond: ((id >= 8186133) AND (id <= 8186233))

table 2 : explain SELECT id, c FROM sbtest2 WHERE id BETWEEN 8186133 AND 8186233
	Index Scan using sbtest2_pkey on sbtest2  (cost=0.43..450.30 rows=113 width=125)
	  Index Cond: ((id >= 8186133) AND (id <= 8186233))

table 3 : explain SELECT id, c FROM sbtest3 WHERE id BETWEEN 8186133 AND 8186233
	Index Scan using sbtest3_pkey on sbtest3  (cost=0.43..397.70 rows=100 width=125)
	  Index Cond: ((id >= 8186133) AND (id <= 8186233))

table 4 : explain SELECT id, c FROM sbtest4 WHERE id BETWEEN 8186133 AND 8186233
	Index Scan using sbtest4_pkey on sbtest4  (cost=0.43..405.24 rows=102 width=125)
	  Index Cond: ((id >= 8186133) AND (id <= 8186233))

table 5 : explain SELECT id, c FROM sbtest5 WHERE id BETWEEN 8186133 AND 8186233
	Index Scan using sbtest5_pkey on sbtest5  (cost=0.43..381.17 rows=96 width=125)
	  Index Cond: ((id >= 8186133) AND (id <= 8186233))

table 6 : explain SELECT id, c FROM sbtest6 WHERE id BETWEEN 8186133 AND 8186233
	Index Scan using sbtest6_pkey on sbtest6  (cost=0.43..362.37 rows=91 width=125)
	  Index Cond: ((id >= 8186133) AND (id <= 8186233))

table 7 : explain SELECT id, c FROM sbtest7 WHERE id BETWEEN 8186133 AND 8186233
	Index Scan using sbtest7_pkey on sbtest7  (cost=0.43..362.34 rows=91 width=125)
	  Index Cond: ((id >= 8186133) AND (id <= 8186233))

table 8 : explain SELECT id, c FROM sbtest8 WHERE id BETWEEN 8186133 AND 8186233
	Index Scan using sbtest8_pkey on sbtest8  (cost=0.43..374.31 rows=94 width=125)
	  Index Cond: ((id >= 8186133) AND (id <= 8186233))

explain: for range-notcovered :: explain SELECT id, c FROM sbtest%d WHERE id BETWEEN 5454331 AND 5454431for range-notcovered
table 1 : explain SELECT id, c FROM sbtest1 WHERE id BETWEEN 7898429 AND 7898529
	Index Scan using sbtest1_pkey on sbtest1  (cost=0.43..398.19 rows=100 width=125)
	  Index Cond: ((id >= 7898429) AND (id <= 7898529))

table 2 : explain SELECT id, c FROM sbtest2 WHERE id BETWEEN 7898429 AND 7898529
	Index Scan using sbtest2_pkey on sbtest2  (cost=0.43..418.74 rows=105 width=125)
	  Index Cond: ((id >= 7898429) AND (id <= 7898529))

table 3 : explain SELECT id, c FROM sbtest3 WHERE id BETWEEN 7898429 AND 7898529
	Index Scan using sbtest3_pkey on sbtest3  (cost=0.43..397.70 rows=100 width=125)
	  Index Cond: ((id >= 7898429) AND (id <= 7898529))

table 4 : explain SELECT id, c FROM sbtest4 WHERE id BETWEEN 7898429 AND 7898529
	Index Scan using sbtest4_pkey on sbtest4  (cost=0.43..409.16 rows=103 width=125)
	  Index Cond: ((id >= 7898429) AND (id <= 7898529))

table 5 : explain SELECT id, c FROM sbtest5 WHERE id BETWEEN 7898429 AND 7898529
	Index Scan using sbtest5_pkey on sbtest5  (cost=0.43..385.12 rows=97 width=125)
	  Index Cond: ((id >= 7898429) AND (id <= 7898529))

table 6 : explain SELECT id, c FROM sbtest6 WHERE id BETWEEN 7898429 AND 7898529
	Index Scan using sbtest6_pkey on sbtest6  (cost=0.43..417.44 rows=105 width=125)
	  Index Cond: ((id >= 7898429) AND (id <= 7898529))

table 7 : explain SELECT id, c FROM sbtest7 WHERE id BETWEEN 7898429 AND 7898529
	Index Scan using sbtest7_pkey on sbtest7  (cost=0.43..405.58 rows=102 width=125)
	  Index Cond: ((id >= 7898429) AND (id <= 7898529))

table 8 : explain SELECT id, c FROM sbtest8 WHERE id BETWEEN 7898429 AND 7898529
	Index Scan using sbtest8_pkey on sbtest8  (cost=0.43..354.65 rows=89 width=125)
	  Index Cond: ((id >= 7898429) AND (id <= 7898529))


explain: for range-notcovered :: explain SELECT id, c FROM sbtest%d WHERE id BETWEEN 7898429 AND 7898529
for range-notcovered
table 1 : explain SELECT id, c FROM sbtest1 WHERE id BETWEEN 6619201 AND 6619301
	Index Scan using sbtest1_pkey on sbtest1  (cost=0.43..429.68 rows=108 width=125)
	  Index Cond: ((id >= 6619201) AND (id <= 6619301))

table 2 : explain SELECT id, c FROM sbtest2 WHERE id BETWEEN 6619201 AND 6619301
	Index Scan using sbtest2_pkey on sbtest2  (cost=0.43..426.63 rows=107 width=125)
	  Index Cond: ((id >= 6619201) AND (id <= 6619301))

table 3 : explain SELECT id, c FROM sbtest3 WHERE id BETWEEN 6619201 AND 6619301
	Index Scan using sbtest3_pkey on sbtest3  (cost=0.43..362.32 rows=91 width=125)
	  Index Cond: ((id >= 6619201) AND (id <= 6619301))

table 4 : explain SELECT id, c FROM sbtest4 WHERE id BETWEEN 6619201 AND 6619301
	Index Scan using sbtest4_pkey on sbtest4  (cost=0.43..373.81 rows=94 width=125)
	  Index Cond: ((id >= 6619201) AND (id <= 6619301))

table 5 : explain SELECT id, c FROM sbtest5 WHERE id BETWEEN 6619201 AND 6619301
	Index Scan using sbtest5_pkey on sbtest5  (cost=0.43..443.96 rows=112 width=125)
	  Index Cond: ((id >= 6619201) AND (id <= 6619301))

table 6 : explain SELECT id, c FROM sbtest6 WHERE id BETWEEN 6619201 AND 6619301
	Index Scan using sbtest6_pkey on sbtest6  (cost=0.43..366.30 rows=92 width=125)
	  Index Cond: ((id >= 6619201) AND (id <= 6619301))

table 7 : explain SELECT id, c FROM sbtest7 WHERE id BETWEEN 6619201 AND 6619301
	Index Scan using sbtest7_pkey on sbtest7  (cost=0.43..385.92 rows=97 width=125)
	  Index Cond: ((id >= 6619201) AND (id <= 6619301))

table 8 : explain SELECT id, c FROM sbtest8 WHERE id BETWEEN 6619201 AND 6619301
	Index Scan using sbtest8_pkey on sbtest8  (cost=0.43..417.60 rows=105 width=125)
	  Index Cond: ((id >= 6619201) AND (id <= 6619301))

explain: for range-notcovered :: explain SELECT id, c FROM sbtest%d WHERE id BETWEEN 6619201 AND 6619301
for range-notcovered
table 1 : explain SELECT id, c FROM sbtest1 WHERE id BETWEEN 5454331 AND 5454431
	Index Scan using sbtest1_pkey on sbtest1  (cost=0.43..378.49 rows=95 width=125)
	  Index Cond: ((id >= 5454331) AND (id <= 5454431))

table 2 : explain SELECT id, c FROM sbtest2 WHERE id BETWEEN 5454331 AND 5454431
	Index Scan using sbtest2_pkey on sbtest2  (cost=0.43..422.68 rows=106 width=125)
	  Index Cond: ((id >= 5454331) AND (id <= 5454431))

table 3 : explain SELECT id, c FROM sbtest3 WHERE id BETWEEN 5454331 AND 5454431
	Index Scan using sbtest3_pkey on sbtest3  (cost=0.43..389.84 rows=98 width=125)
	  Index Cond: ((id >= 5454331) AND (id <= 5454431))

table 4 : explain SELECT id, c FROM sbtest4 WHERE id BETWEEN 5454331 AND 5454431
	Index Scan using sbtest4_pkey on sbtest4  (cost=0.43..420.95 rows=106 width=125)
	  Index Cond: ((id >= 5454331) AND (id <= 5454431))

table 5 : explain SELECT id, c FROM sbtest5 WHERE id BETWEEN 5454331 AND 5454431
	Index Scan using sbtest5_pkey on sbtest5  (cost=0.43..373.33 rows=94 width=125)
	  Index Cond: ((id >= 5454331) AND (id <= 5454431))

table 6 : explain SELECT id, c FROM sbtest6 WHERE id BETWEEN 5454331 AND 5454431
	Index Scan using sbtest6_pkey on sbtest6  (cost=0.43..421.37 rows=106 width=125)
	  Index Cond: ((id >= 5454331) AND (id <= 5454431))

table 7 : explain SELECT id, c FROM sbtest7 WHERE id BETWEEN 5454331 AND 5454431
	Index Scan using sbtest7_pkey on sbtest7  (cost=0.43..374.13 rows=94 width=125)
	  Index Cond: ((id >= 5454331) AND (id <= 5454431))

table 8 : explain SELECT id, c FROM sbtest8 WHERE id BETWEEN 5454331 AND 5454431
	Index Scan using sbtest8_pkey on sbtest8  (cost=0.43..386.11 rows=97 width=125)
	  Index Cond: ((id >= 5454331) AND (id <= 5454431))

for range-notcovered
table 1 : explain SELECT id, c FROM sbtest1 WHERE id BETWEEN 7898429 AND 7898529
	Index Scan using sbtest1_pkey on sbtest1  (cost=0.43..398.19 rows=100 width=125)
	  Index Cond: ((id >= 7898429) AND (id <= 7898529))

table 2 : explain SELECT id, c FROM sbtest2 WHERE id BETWEEN 7898429 AND 7898529
	Index Scan using sbtest2_pkey on sbtest2  (cost=0.43..418.74 rows=105 width=125)
	  Index Cond: ((id >= 7898429) AND (id <= 7898529))

table 3 : explain SELECT id, c FROM sbtest3 WHERE id BETWEEN 7898429 AND 7898529
	Index Scan using sbtest3_pkey on sbtest3  (cost=0.43..397.70 rows=100 width=125)
	  Index Cond: ((id >= 7898429) AND (id <= 7898529))

table 4 : explain SELECT id, c FROM sbtest4 WHERE id BETWEEN 7898429 AND 7898529
	Index Scan using sbtest4_pkey on sbtest4  (cost=0.43..409.16 rows=103 width=125)
	  Index Cond: ((id >= 7898429) AND (id <= 7898529))

table 5 : explain SELECT id, c FROM sbtest5 WHERE id BETWEEN 7898429 AND 7898529
	Index Scan using sbtest5_pkey on sbtest5  (cost=0.43..385.12 rows=97 width=125)
	  Index Cond: ((id >= 7898429) AND (id <= 7898529))

table 6 : explain SELECT id, c FROM sbtest6 WHERE id BETWEEN 7898429 AND 7898529
	Index Scan using sbtest6_pkey on sbtest6  (cost=0.43..417.44 rows=105 width=125)
	  Index Cond: ((id >= 7898429) AND (id <= 7898529))

table 7 : explain SELECT id, c FROM sbtest7 WHERE id BETWEEN 7898429 AND 7898529
	Index Scan using sbtest7_pkey on sbtest7  (cost=0.43..405.58 rows=102 width=125)
	  Index Cond: ((id >= 7898429) AND (id <= 7898529))

table 8 : explain SELECT id, c FROM sbtest8 WHERE id BETWEEN 7898429 AND 7898529
	Index Scan using sbtest8_pkey on sbtest8  (cost=0.43..354.65 rows=89 width=125)
	  Index Cond: ((id >= 7898429) AND (id <= 7898529))

explain: for range-notcovered :: explain SELECT id, c FROM sbtest%d WHERE id BETWEEN 5454331 AND 5454431
explain: for range-notcovered :: explain SELECT id, c FROM sbtest%d WHERE id BETWEEN 7898429 AND 7898529
for range-notcovered
table 1 : explain SELECT id, c FROM sbtest1 WHERE id BETWEEN 6619201 AND 6619301
	Index Scan using sbtest1_pkey on sbtest1  (cost=0.43..429.68 rows=108 width=125)
	  Index Cond: ((id >= 6619201) AND (id <= 6619301))

table 2 : explain SELECT id, c FROM sbtest2 WHERE id BETWEEN 6619201 AND 6619301
	Index Scan using sbtest2_pkey on sbtest2  (cost=0.43..426.63 rows=107 width=125)
	  Index Cond: ((id >= 6619201) AND (id <= 6619301))

table 3 : explain SELECT id, c FROM sbtest3 WHERE id BETWEEN 6619201 AND 6619301
	Index Scan using sbtest3_pkey on sbtest3  (cost=0.43..362.32 rows=91 width=125)
	  Index Cond: ((id >= 6619201) AND (id <= 6619301))

table 4 : explain SELECT id, c FROM sbtest4 WHERE id BETWEEN 6619201 AND 6619301
	Index Scan using sbtest4_pkey on sbtest4  (cost=0.43..373.81 rows=94 width=125)
	  Index Cond: ((id >= 6619201) AND (id <= 6619301))

table 5 : explain SELECT id, c FROM sbtest5 WHERE id BETWEEN 6619201 AND 6619301
	Index Scan using sbtest5_pkey on sbtest5  (cost=0.43..443.96 rows=112 width=125)
	  Index Cond: ((id >= 6619201) AND (id <= 6619301))

table 6 : explain SELECT id, c FROM sbtest6 WHERE id BETWEEN 6619201 AND 6619301
	Index Scan using sbtest6_pkey on sbtest6  (cost=0.43..366.30 rows=92 width=125)
	  Index Cond: ((id >= 6619201) AND (id <= 6619301))

table 7 : explain SELECT id, c FROM sbtest7 WHERE id BETWEEN 6619201 AND 6619301
	Index Scan using sbtest7_pkey on sbtest7  (cost=0.43..385.92 rows=97 width=125)
	  Index Cond: ((id >= 6619201) AND (id <= 6619301))

table 8 : explain SELECT id, c FROM sbtest8 WHERE id BETWEEN 6619201 AND 6619301
	Index Scan using sbtest8_pkey on sbtest8  (cost=0.43..417.60 rows=105 width=125)
	  Index Cond: ((id >= 6619201) AND (id <= 6619301))

explain: for range-notcovered :: explain SELECT id, c FROM sbtest%d WHERE id BETWEEN 6619201 AND 6619301
for range-notcovered
table 1 : explain SELECT id, c FROM sbtest1 WHERE id BETWEEN 5454331 AND 5454431
	Index Scan using sbtest1_pkey on sbtest1  (cost=0.43..378.49 rows=95 width=125)
	  Index Cond: ((id >= 5454331) AND (id <= 5454431))

table 2 : explain SELECT id, c FROM sbtest2 WHERE id BETWEEN 5454331 AND 5454431
	Index Scan using sbtest2_pkey on sbtest2  (cost=0.43..422.68 rows=106 width=125)
	  Index Cond: ((id >= 5454331) AND (id <= 5454431))

table 3 : explain SELECT id, c FROM sbtest3 WHERE id BETWEEN 5454331 AND 5454431
	Index Scan using sbtest3_pkey on sbtest3  (cost=0.43..389.84 rows=98 width=125)
	  Index Cond: ((id >= 5454331) AND (id <= 5454431))

table 4 : explain SELECT id, c FROM sbtest4 WHERE id BETWEEN 5454331 AND 5454431
	Index Scan using sbtest4_pkey on sbtest4  (cost=0.43..420.95 rows=106 width=125)
	  Index Cond: ((id >= 5454331) AND (id <= 5454431))

table 5 : explain SELECT id, c FROM sbtest5 WHERE id BETWEEN 5454331 AND 5454431
	Index Scan using sbtest5_pkey on sbtest5  (cost=0.43..373.33 rows=94 width=125)
	  Index Cond: ((id >= 5454331) AND (id <= 5454431))

table 6 : explain SELECT id, c FROM sbtest6 WHERE id BETWEEN 5454331 AND 5454431
	Index Scan using sbtest6_pkey on sbtest6  (cost=0.43..421.37 rows=106 width=125)
	  Index Cond: ((id >= 5454331) AND (id <= 5454431))

table 7 : explain SELECT id, c FROM sbtest7 WHERE id BETWEEN 5454331 AND 5454431
	Index Scan using sbtest7_pkey on sbtest7  (cost=0.43..374.13 rows=94 width=125)
	  Index Cond: ((id >= 5454331) AND (id <= 5454431))

table 8 : explain SELECT id, c FROM sbtest8 WHERE id BETWEEN 5454331 AND 5454431
	Index Scan using sbtest8_pkey on sbtest8  (cost=0.43..386.11 rows=97 width=125)
	  Index Cond: ((id >= 5454331) AND (id <= 5454431))

for range-notcovered
table 1 : explain SELECT id, c FROM sbtest1 WHERE id BETWEEN 2281386 AND 2281486
	Index Scan using sbtest1_pkey on sbtest1  (cost=0.43..354.87 rows=89 width=125)
	  Index Cond: ((id >= 2281386) AND (id <= 2281486))

table 2 : explain SELECT id, c FROM sbtest2 WHERE id BETWEEN 2281386 AND 2281486
	Index Scan using sbtest2_pkey on sbtest2  (cost=0.43..402.96 rows=101 width=125)
	  Index Cond: ((id >= 2281386) AND (id <= 2281486))

table 3 : explain SELECT id, c FROM sbtest3 WHERE id BETWEEN 2281386 AND 2281486
	Index Scan using sbtest3_pkey on sbtest3  (cost=0.43..401.63 rows=101 width=125)
	  Index Cond: ((id >= 2281386) AND (id <= 2281486))

table 4 : explain SELECT id, c FROM sbtest4 WHERE id BETWEEN 2281386 AND 2281486
	Index Scan using sbtest4_pkey on sbtest4  (cost=0.43..420.95 rows=106 width=125)
	  Index Cond: ((id >= 2281386) AND (id <= 2281486))

table 5 : explain SELECT id, c FROM sbtest5 WHERE id BETWEEN 2281386 AND 2281486
	Index Scan using sbtest5_pkey on sbtest5  (cost=0.43..365.48 rows=92 width=125)
	  Index Cond: ((id >= 2281386) AND (id <= 2281486))

table 6 : explain SELECT id, c FROM sbtest6 WHERE id BETWEEN 2281386 AND 2281486
	Index Scan using sbtest6_pkey on sbtest6  (cost=0.43..385.99 rows=97 width=125)
	  Index Cond: ((id >= 2281386) AND (id <= 2281486))

table 7 : explain SELECT id, c FROM sbtest7 WHERE id BETWEEN 2281386 AND 2281486
	Index Scan using sbtest7_pkey on sbtest7  (cost=0.43..452.76 rows=114 width=125)
	  Index Cond: ((id >= 2281386) AND (id <= 2281486))

table 8 : explain SELECT id, c FROM sbtest8 WHERE id BETWEEN 2281386 AND 2281486
	Index Scan using sbtest8_pkey on sbtest8  (cost=0.43..449.07 rows=113 width=125)
	  Index Cond: ((id >= 2281386) AND (id <= 2281486))

for range-notcovered
table 1 : explain SELECT id, c FROM sbtest1 WHERE id BETWEEN 7898429 AND 7898529
	Index Scan using sbtest1_pkey on sbtest1  (cost=0.43..398.19 rows=100 width=125)
	  Index Cond: ((id >= 7898429) AND (id <= 7898529))

table 2 : explain SELECT id, c FROM sbtest2 WHERE id BETWEEN 7898429 AND 7898529
	Index Scan using sbtest2_pkey on sbtest2  (cost=0.43..418.74 rows=105 width=125)
	  Index Cond: ((id >= 7898429) AND (id <= 7898529))

table 3 : explain SELECT id, c FROM sbtest3 WHERE id BETWEEN 7898429 AND 7898529
	Index Scan using sbtest3_pkey on sbtest3  (cost=0.43..397.70 rows=100 width=125)
	  Index Cond: ((id >= 7898429) AND (id <= 7898529))

table 4 : explain SELECT id, c FROM sbtest4 WHERE id BETWEEN 7898429 AND 7898529
	Index Scan using sbtest4_pkey on sbtest4  (cost=0.43..409.16 rows=103 width=125)
	  Index Cond: ((id >= 7898429) AND (id <= 7898529))

table 5 : explain SELECT id, c FROM sbtest5 WHERE id BETWEEN 7898429 AND 7898529
	Index Scan using sbtest5_pkey on sbtest5  (cost=0.43..385.12 rows=97 width=125)
	  Index Cond: ((id >= 7898429) AND (id <= 7898529))

table 6 : explain SELECT id, c FROM sbtest6 WHERE id BETWEEN 7898429 AND 7898529
	Index Scan using sbtest6_pkey on sbtest6  (cost=0.43..417.44 rows=105 width=125)
	  Index Cond: ((id >= 7898429) AND (id <= 7898529))

table 7 : explain SELECT id, c FROM sbtest7 WHERE id BETWEEN 7898429 AND 7898529
	Index Scan using sbtest7_pkey on sbtest7  (cost=0.43..405.58 rows=102 width=125)
	  Index Cond: ((id >= 7898429) AND (id <= 7898529))

table 8 : explain SELECT id, c FROM sbtest8 WHERE id BETWEEN 7898429 AND 7898529
	Index Scan using sbtest8_pkey on sbtest8  (cost=0.43..354.65 rows=89 width=125)
	  Index Cond: ((id >= 7898429) AND (id <= 7898529))

explain: for range-notcovered :: explain SELECT id, c FROM sbtest%d WHERE id BETWEEN 5454331 AND 5454431
explain: for range-notcovered :: explain SELECT id, c FROM sbtest%d WHERE id BETWEEN 2281386 AND 2281486
for range-notcovered
table 1 : explain SELECT id, c FROM sbtest1 WHERE id BETWEEN 6619201 AND 6619301
	Index Scan using sbtest1_pkey on sbtest1  (cost=0.43..429.68 rows=108 width=125)
	  Index Cond: ((id >= 6619201) AND (id <= 6619301))

table 2 : explain SELECT id, c FROM sbtest2 WHERE id BETWEEN 6619201 AND 6619301
	Index Scan using sbtest2_pkey on sbtest2  (cost=0.43..426.63 rows=107 width=125)
	  Index Cond: ((id >= 6619201) AND (id <= 6619301))

table 3 : explain SELECT id, c FROM sbtest3 WHERE id BETWEEN 6619201 AND 6619301
	Index Scan using sbtest3_pkey on sbtest3  (cost=0.43..362.32 rows=91 width=125)
	  Index Cond: ((id >= 6619201) AND (id <= 6619301))

table 4 : explain SELECT id, c FROM sbtest4 WHERE id BETWEEN 6619201 AND 6619301
	Index Scan using sbtest4_pkey on sbtest4  (cost=0.43..373.81 rows=94 width=125)
	  Index Cond: ((id >= 6619201) AND (id <= 6619301))

table 5 : explain SELECT id, c FROM sbtest5 WHERE id BETWEEN 6619201 AND 6619301
	Index Scan using sbtest5_pkey on sbtest5  (cost=0.43..443.96 rows=112 width=125)
	  Index Cond: ((id >= 6619201) AND (id <= 6619301))

table 6 : explain SELECT id, c FROM sbtest6 WHERE id BETWEEN 6619201 AND 6619301
	Index Scan using sbtest6_pkey on sbtest6  (cost=0.43..366.30 rows=92 width=125)
	  Index Cond: ((id >= 6619201) AND (id <= 6619301))

table 7 : explain SELECT id, c FROM sbtest7 WHERE id BETWEEN 6619201 AND 6619301
	Index Scan using sbtest7_pkey on sbtest7  (cost=0.43..385.92 rows=97 width=125)
	  Index Cond: ((id >= 6619201) AND (id <= 6619301))

table 8 : explain SELECT id, c FROM sbtest8 WHERE id BETWEEN 6619201 AND 6619301
	Index Scan using sbtest8_pkey on sbtest8  (cost=0.43..417.60 rows=105 width=125)
	  Index Cond: ((id >= 6619201) AND (id <= 6619301))

explain: for range-notcovered :: explain SELECT id, c FROM sbtest%d WHERE id BETWEEN 6619201 AND 6619301
for range-notcovered
table 1 : explain SELECT id, c FROM sbtest1 WHERE id BETWEEN 5977405 AND 5977505
	Index Scan using sbtest1_pkey on sbtest1  (cost=0.43..402.13 rows=101 width=125)
	  Index Cond: ((id >= 5977405) AND (id <= 5977505))

table 2 : explain SELECT id, c FROM sbtest2 WHERE id BETWEEN 5977405 AND 5977505
	Index Scan using sbtest2_pkey on sbtest2  (cost=0.43..355.61 rows=89 width=125)
	  Index Cond: ((id >= 5977405) AND (id <= 5977505))

table 3 : explain SELECT id, c FROM sbtest3 WHERE id BETWEEN 5977405 AND 5977505
	Index Scan using sbtest3_pkey on sbtest3  (cost=0.43..413.42 rows=104 width=125)
	  Index Cond: ((id >= 5977405) AND (id <= 5977505))

table 4 : explain SELECT id, c FROM sbtest4 WHERE id BETWEEN 5977405 AND 5977505
	Index Scan using sbtest4_pkey on sbtest4  (cost=0.43..381.67 rows=96 width=125)
	  Index Cond: ((id >= 5977405) AND (id <= 5977505))

table 5 : explain SELECT id, c FROM sbtest5 WHERE id BETWEEN 5977405 AND 5977505
	Index Scan using sbtest5_pkey on sbtest5  (cost=0.43..412.58 rows=104 width=125)
	  Index Cond: ((id >= 5977405) AND (id <= 5977505))

table 6 : explain SELECT id, c FROM sbtest6 WHERE id BETWEEN 5977405 AND 5977505
	Index Scan using sbtest6_pkey on sbtest6  (cost=0.43..417.44 rows=105 width=125)
	  Index Cond: ((id >= 5977405) AND (id <= 5977505))

table 7 : explain SELECT id, c FROM sbtest7 WHERE id BETWEEN 5977405 AND 5977505
	Index Scan using sbtest7_pkey on sbtest7  (cost=0.43..393.79 rows=99 width=125)
	  Index Cond: ((id >= 5977405) AND (id <= 5977505))

table 8 : explain SELECT id, c FROM sbtest8 WHERE id BETWEEN 5977405 AND 5977505
	Index Scan using sbtest8_pkey on sbtest8  (cost=0.43..417.60 rows=105 width=125)
	  Index Cond: ((id >= 5977405) AND (id <= 5977505))

for range-notcovered
table 1 : explain SELECT id, c FROM sbtest1 WHERE id BETWEEN 5454331 AND 5454431
	Index Scan using sbtest1_pkey on sbtest1  (cost=0.43..378.49 rows=95 width=125)
	  Index Cond: ((id >= 5454331) AND (id <= 5454431))

table 2 : explain SELECT id, c FROM sbtest2 WHERE id BETWEEN 5454331 AND 5454431
	Index Scan using sbtest2_pkey on sbtest2  (cost=0.43..422.68 rows=106 width=125)
	  Index Cond: ((id >= 5454331) AND (id <= 5454431))

table 3 : explain SELECT id, c FROM sbtest3 WHERE id BETWEEN 5454331 AND 5454431
	Index Scan using sbtest3_pkey on sbtest3  (cost=0.43..389.84 rows=98 width=125)
	  Index Cond: ((id >= 5454331) AND (id <= 5454431))

table 4 : explain SELECT id, c FROM sbtest4 WHERE id BETWEEN 5454331 AND 5454431
	Index Scan using sbtest4_pkey on sbtest4  (cost=0.43..420.95 rows=106 width=125)
	  Index Cond: ((id >= 5454331) AND (id <= 5454431))

table 5 : explain SELECT id, c FROM sbtest5 WHERE id BETWEEN 5454331 AND 5454431
	Index Scan using sbtest5_pkey on sbtest5  (cost=0.43..373.33 rows=94 width=125)
	  Index Cond: ((id >= 5454331) AND (id <= 5454431))

table 6 : explain SELECT id, c FROM sbtest6 WHERE id BETWEEN 5454331 AND 5454431
	Index Scan using sbtest6_pkey on sbtest6  (cost=0.43..421.37 rows=106 width=125)
	  Index Cond: ((id >= 5454331) AND (id <= 5454431))

table 7 : explain SELECT id, c FROM sbtest7 WHERE id BETWEEN 5454331 AND 5454431
	Index Scan using sbtest7_pkey on sbtest7  (cost=0.43..374.13 rows=94 width=125)
	  Index Cond: ((id >= 5454331) AND (id <= 5454431))

table 8 : explain SELECT id, c FROM sbtest8 WHERE id BETWEEN 5454331 AND 5454431
	Index Scan using sbtest8_pkey on sbtest8  (cost=0.43..386.11 rows=97 width=125)
	  Index Cond: ((id >= 5454331) AND (id <= 5454431))

explain: for range-notcovered :: explain SELECT id, c FROM sbtest%d WHERE id BETWEEN 5977405 AND 5977505
explain: for range-notcovered :: explain SELECT id, c FROM sbtest%d WHERE id BETWEEN 5454331 AND 5454431
for range-notcovered
table 1 : explain SELECT id, c FROM sbtest1 WHERE id BETWEEN 2281386 AND 2281486
	Index Scan using sbtest1_pkey on sbtest1  (cost=0.43..354.87 rows=89 width=125)
	  Index Cond: ((id >= 2281386) AND (id <= 2281486))

table 2 : explain SELECT id, c FROM sbtest2 WHERE id BETWEEN 2281386 AND 2281486
	Index Scan using sbtest2_pkey on sbtest2  (cost=0.43..402.96 rows=101 width=125)
	  Index Cond: ((id >= 2281386) AND (id <= 2281486))

table 3 : explain SELECT id, c FROM sbtest3 WHERE id BETWEEN 2281386 AND 2281486
	Index Scan using sbtest3_pkey on sbtest3  (cost=0.43..401.63 rows=101 width=125)
	  Index Cond: ((id >= 2281386) AND (id <= 2281486))

table 4 : explain SELECT id, c FROM sbtest4 WHERE id BETWEEN 2281386 AND 2281486
	Index Scan using sbtest4_pkey on sbtest4  (cost=0.43..420.95 rows=106 width=125)
	  Index Cond: ((id >= 2281386) AND (id <= 2281486))

table 5 : explain SELECT id, c FROM sbtest5 WHERE id BETWEEN 2281386 AND 2281486
	Index Scan using sbtest5_pkey on sbtest5  (cost=0.43..365.48 rows=92 width=125)
	  Index Cond: ((id >= 2281386) AND (id <= 2281486))

table 6 : explain SELECT id, c FROM sbtest6 WHERE id BETWEEN 2281386 AND 2281486
	Index Scan using sbtest6_pkey on sbtest6  (cost=0.43..385.99 rows=97 width=125)
	  Index Cond: ((id >= 2281386) AND (id <= 2281486))

table 7 : explain SELECT id, c FROM sbtest7 WHERE id BETWEEN 2281386 AND 2281486
	Index Scan using sbtest7_pkey on sbtest7  (cost=0.43..452.76 rows=114 width=125)
	  Index Cond: ((id >= 2281386) AND (id <= 2281486))

table 8 : explain SELECT id, c FROM sbtest8 WHERE id BETWEEN 2281386 AND 2281486
	Index Scan using sbtest8_pkey on sbtest8  (cost=0.43..449.07 rows=113 width=125)
	  Index Cond: ((id >= 2281386) AND (id <= 2281486))

explain: for range-notcovered :: explain SELECT id, c FROM sbtest%d WHERE id BETWEEN 2281386 AND 2281486
for range-notcovered
table 1 : explain SELECT id, c FROM sbtest1 WHERE id BETWEEN 6619201 AND 6619301
	Index Scan using sbtest1_pkey on sbtest1  (cost=0.43..429.68 rows=108 width=125)
	  Index Cond: ((id >= 6619201) AND (id <= 6619301))

table 2 : explain SELECT id, c FROM sbtest2 WHERE id BETWEEN 6619201 AND 6619301
	Index Scan using sbtest2_pkey on sbtest2  (cost=0.43..426.63 rows=107 width=125)
	  Index Cond: ((id >= 6619201) AND (id <= 6619301))

table 3 : explain SELECT id, c FROM sbtest3 WHERE id BETWEEN 6619201 AND 6619301
	Index Scan using sbtest3_pkey on sbtest3  (cost=0.43..362.32 rows=91 width=125)
	  Index Cond: ((id >= 6619201) AND (id <= 6619301))

table 4 : explain SELECT id, c FROM sbtest4 WHERE id BETWEEN 6619201 AND 6619301
	Index Scan using sbtest4_pkey on sbtest4  (cost=0.43..373.81 rows=94 width=125)
	  Index Cond: ((id >= 6619201) AND (id <= 6619301))

table 5 : explain SELECT id, c FROM sbtest5 WHERE id BETWEEN 6619201 AND 6619301
	Index Scan using sbtest5_pkey on sbtest5  (cost=0.43..443.96 rows=112 width=125)
	  Index Cond: ((id >= 6619201) AND (id <= 6619301))

table 6 : explain SELECT id, c FROM sbtest6 WHERE id BETWEEN 6619201 AND 6619301
	Index Scan using sbtest6_pkey on sbtest6  (cost=0.43..366.30 rows=92 width=125)
	  Index Cond: ((id >= 6619201) AND (id <= 6619301))

table 7 : explain SELECT id, c FROM sbtest7 WHERE id BETWEEN 6619201 AND 6619301
	Index Scan using sbtest7_pkey on sbtest7  (cost=0.43..385.92 rows=97 width=125)
	  Index Cond: ((id >= 6619201) AND (id <= 6619301))

table 8 : explain SELECT id, c FROM sbtest8 WHERE id BETWEEN 6619201 AND 6619301
	Index Scan using sbtest8_pkey on sbtest8  (cost=0.43..417.60 rows=105 width=125)
	  Index Cond: ((id >= 6619201) AND (id <= 6619301))

explain: for range-notcovered :: explain SELECT id, c FROM sbtest%d WHERE id BETWEEN 6619201 AND 6619301
for range-notcovered
table 1 : explain SELECT id, c FROM sbtest1 WHERE id BETWEEN 5454331 AND 5454431
	Index Scan using sbtest1_pkey on sbtest1  (cost=0.43..378.49 rows=95 width=125)
	  Index Cond: ((id >= 5454331) AND (id <= 5454431))

table 2 : explain SELECT id, c FROM sbtest2 WHERE id BETWEEN 5454331 AND 5454431
	Index Scan using sbtest2_pkey on sbtest2  (cost=0.43..422.68 rows=106 width=125)
	  Index Cond: ((id >= 5454331) AND (id <= 5454431))

table 3 : explain SELECT id, c FROM sbtest3 WHERE id BETWEEN 5454331 AND 5454431
	Index Scan using sbtest3_pkey on sbtest3  (cost=0.43..389.84 rows=98 width=125)
	  Index Cond: ((id >= 5454331) AND (id <= 5454431))

table 4 : explain SELECT id, c FROM sbtest4 WHERE id BETWEEN 5454331 AND 5454431
	Index Scan using sbtest4_pkey on sbtest4  (cost=0.43..420.95 rows=106 width=125)
	  Index Cond: ((id >= 5454331) AND (id <= 5454431))

table 5 : explain SELECT id, c FROM sbtest5 WHERE id BETWEEN 5454331 AND 5454431
	Index Scan using sbtest5_pkey on sbtest5  (cost=0.43..373.33 rows=94 width=125)
	  Index Cond: ((id >= 5454331) AND (id <= 5454431))

table 6 : explain SELECT id, c FROM sbtest6 WHERE id BETWEEN 5454331 AND 5454431
	Index Scan using sbtest6_pkey on sbtest6  (cost=0.43..421.37 rows=106 width=125)
	  Index Cond: ((id >= 5454331) AND (id <= 5454431))

table 7 : explain SELECT id, c FROM sbtest7 WHERE id BETWEEN 5454331 AND 5454431
	Index Scan using sbtest7_pkey on sbtest7  (cost=0.43..374.13 rows=94 width=125)
	  Index Cond: ((id >= 5454331) AND (id <= 5454431))

table 8 : explain SELECT id, c FROM sbtest8 WHERE id BETWEEN 5454331 AND 5454431
	Index Scan using sbtest8_pkey on sbtest8  (cost=0.43..386.11 rows=97 width=125)
	  Index Cond: ((id >= 5454331) AND (id <= 5454431))

for range-notcovered
table 1 : explain SELECT id, c FROM sbtest1 WHERE id BETWEEN 5977405 AND 5977505
	Index Scan using sbtest1_pkey on sbtest1  (cost=0.43..402.13 rows=101 width=125)
	  Index Cond: ((id >= 5977405) AND (id <= 5977505))

table 2 : explain SELECT id, c FROM sbtest2 WHERE id BETWEEN 5977405 AND 5977505
	Index Scan using sbtest2_pkey on sbtest2  (cost=0.43..355.61 rows=89 width=125)
	  Index Cond: ((id >= 5977405) AND (id <= 5977505))

table 3 : explain SELECT id, c FROM sbtest3 WHERE id BETWEEN 5977405 AND 5977505
	Index Scan using sbtest3_pkey on sbtest3  (cost=0.43..413.42 rows=104 width=125)
	  Index Cond: ((id >= 5977405) AND (id <= 5977505))

table 4 : explain SELECT id, c FROM sbtest4 WHERE id BETWEEN 5977405 AND 5977505
	Index Scan using sbtest4_pkey on sbtest4  (cost=0.43..381.67 rows=96 width=125)
	  Index Cond: ((id >= 5977405) AND (id <= 5977505))

table 5 : explain SELECT id, c FROM sbtest5 WHERE id BETWEEN 5977405 AND 5977505
	Index Scan using sbtest5_pkey on sbtest5  (cost=0.43..412.58 rows=104 width=125)
	  Index Cond: ((id >= 5977405) AND (id <= 5977505))

table 6 : explain SELECT id, c FROM sbtest6 WHERE id BETWEEN 5977405 AND 5977505
	Index Scan using sbtest6_pkey on sbtest6  (cost=0.43..417.44 rows=105 width=125)
	  Index Cond: ((id >= 5977405) AND (id <= 5977505))

table 7 : explain SELECT id, c FROM sbtest7 WHERE id BETWEEN 5977405 AND 5977505
	Index Scan using sbtest7_pkey on sbtest7  (cost=0.43..393.79 rows=99 width=125)
	  Index Cond: ((id >= 5977405) AND (id <= 5977505))

table 8 : explain SELECT id, c FROM sbtest8 WHERE id BETWEEN 5977405 AND 5977505
	Index Scan using sbtest8_pkey on sbtest8  (cost=0.43..417.60 rows=105 width=125)
	  Index Cond: ((id >= 5977405) AND (id <= 5977505))

for range-notcovered
table 1 : explain SELECT id, c FROM sbtest1 WHERE id BETWEEN 2281386 AND 2281486
	Index Scan using sbtest1_pkey on sbtest1  (cost=0.43..354.87 rows=89 width=125)
	  Index Cond: ((id >= 2281386) AND (id <= 2281486))

table 2 : explain SELECT id, c FROM sbtest2 WHERE id BETWEEN 2281386 AND 2281486
	Index Scan using sbtest2_pkey on sbtest2  (cost=0.43..402.96 rows=101 width=125)
	  Index Cond: ((id >= 2281386) AND (id <= 2281486))

table 3 : explain SELECT id, c FROM sbtest3 WHERE id BETWEEN 2281386 AND 2281486
	Index Scan using sbtest3_pkey on sbtest3  (cost=0.43..401.63 rows=101 width=125)
	  Index Cond: ((id >= 2281386) AND (id <= 2281486))

table 4 : explain SELECT id, c FROM sbtest4 WHERE id BETWEEN 2281386 AND 2281486
	Index Scan using sbtest4_pkey on sbtest4  (cost=0.43..420.95 rows=106 width=125)
	  Index Cond: ((id >= 2281386) AND (id <= 2281486))

table 5 : explain SELECT id, c FROM sbtest5 WHERE id BETWEEN 2281386 AND 2281486
	Index Scan using sbtest5_pkey on sbtest5  (cost=0.43..365.48 rows=92 width=125)
	  Index Cond: ((id >= 2281386) AND (id <= 2281486))

table 6 : explain SELECT id, c FROM sbtest6 WHERE id BETWEEN 2281386 AND 2281486
	Index Scan using sbtest6_pkey on sbtest6  (cost=0.43..385.99 rows=97 width=125)
	  Index Cond: ((id >= 2281386) AND (id <= 2281486))

table 7 : explain SELECT id, c FROM sbtest7 WHERE id BETWEEN 2281386 AND 2281486
	Index Scan using sbtest7_pkey on sbtest7  (cost=0.43..452.76 rows=114 width=125)
	  Index Cond: ((id >= 2281386) AND (id <= 2281486))

table 8 : explain SELECT id, c FROM sbtest8 WHERE id BETWEEN 2281386 AND 2281486
	Index Scan using sbtest8_pkey on sbtest8  (cost=0.43..449.07 rows=113 width=125)
	  Index Cond: ((id >= 2281386) AND (id <= 2281486))

explain: for range-notcovered :: explain SELECT id, c FROM sbtest%d WHERE id BETWEEN 5977405 AND 5977505
explain: for range-notcovered :: explain SELECT id, c FROM sbtest%d WHERE id BETWEEN 2281386 AND 2281486
for range-notcovered
table 1 : explain SELECT id, c FROM sbtest1 WHERE id BETWEEN 6619201 AND 6619301
	Index Scan using sbtest1_pkey on sbtest1  (cost=0.43..429.68 rows=108 width=125)
	  Index Cond: ((id >= 6619201) AND (id <= 6619301))

table 2 : explain SELECT id, c FROM sbtest2 WHERE id BETWEEN 6619201 AND 6619301
	Index Scan using sbtest2_pkey on sbtest2  (cost=0.43..426.63 rows=107 width=125)
	  Index Cond: ((id >= 6619201) AND (id <= 6619301))

table 3 : explain SELECT id, c FROM sbtest3 WHERE id BETWEEN 6619201 AND 6619301
	Index Scan using sbtest3_pkey on sbtest3  (cost=0.43..362.32 rows=91 width=125)
	  Index Cond: ((id >= 6619201) AND (id <= 6619301))

table 4 : explain SELECT id, c FROM sbtest4 WHERE id BETWEEN 6619201 AND 6619301
	Index Scan using sbtest4_pkey on sbtest4  (cost=0.43..373.81 rows=94 width=125)
	  Index Cond: ((id >= 6619201) AND (id <= 6619301))

table 5 : explain SELECT id, c FROM sbtest5 WHERE id BETWEEN 6619201 AND 6619301
	Index Scan using sbtest5_pkey on sbtest5  (cost=0.43..443.96 rows=112 width=125)
	  Index Cond: ((id >= 6619201) AND (id <= 6619301))

table 6 : explain SELECT id, c FROM sbtest6 WHERE id BETWEEN 6619201 AND 6619301
	Index Scan using sbtest6_pkey on sbtest6  (cost=0.43..366.30 rows=92 width=125)
	  Index Cond: ((id >= 6619201) AND (id <= 6619301))

table 7 : explain SELECT id, c FROM sbtest7 WHERE id BETWEEN 6619201 AND 6619301
	Index Scan using sbtest7_pkey on sbtest7  (cost=0.43..385.92 rows=97 width=125)
	  Index Cond: ((id >= 6619201) AND (id <= 6619301))

table 8 : explain SELECT id, c FROM sbtest8 WHERE id BETWEEN 6619201 AND 6619301
	Index Scan using sbtest8_pkey on sbtest8  (cost=0.43..417.60 rows=105 width=125)
	  Index Cond: ((id >= 6619201) AND (id <= 6619301))

for range-notcovered
table 1 : explain SELECT id, c FROM sbtest1 WHERE id BETWEEN 5977405 AND 5977505
	Index Scan using sbtest1_pkey on sbtest1  (cost=0.43..402.13 rows=101 width=125)
	  Index Cond: ((id >= 5977405) AND (id <= 5977505))

table 2 : explain SELECT id, c FROM sbtest2 WHERE id BETWEEN 5977405 AND 5977505
	Index Scan using sbtest2_pkey on sbtest2  (cost=0.43..355.61 rows=89 width=125)
	  Index Cond: ((id >= 5977405) AND (id <= 5977505))

table 3 : explain SELECT id, c FROM sbtest3 WHERE id BETWEEN 5977405 AND 5977505
	Index Scan using sbtest3_pkey on sbtest3  (cost=0.43..413.42 rows=104 width=125)
	  Index Cond: ((id >= 5977405) AND (id <= 5977505))

table 4 : explain SELECT id, c FROM sbtest4 WHERE id BETWEEN 5977405 AND 5977505
	Index Scan using sbtest4_pkey on sbtest4  (cost=0.43..381.67 rows=96 width=125)
	  Index Cond: ((id >= 5977405) AND (id <= 5977505))

table 5 : explain SELECT id, c FROM sbtest5 WHERE id BETWEEN 5977405 AND 5977505
	Index Scan using sbtest5_pkey on sbtest5  (cost=0.43..412.58 rows=104 width=125)
	  Index Cond: ((id >= 5977405) AND (id <= 5977505))

table 6 : explain SELECT id, c FROM sbtest6 WHERE id BETWEEN 5977405 AND 5977505
	Index Scan using sbtest6_pkey on sbtest6  (cost=0.43..417.44 rows=105 width=125)
	  Index Cond: ((id >= 5977405) AND (id <= 5977505))

table 7 : explain SELECT id, c FROM sbtest7 WHERE id BETWEEN 5977405 AND 5977505
	Index Scan using sbtest7_pkey on sbtest7  (cost=0.43..393.79 rows=99 width=125)
	  Index Cond: ((id >= 5977405) AND (id <= 5977505))

table 8 : explain SELECT id, c FROM sbtest8 WHERE id BETWEEN 5977405 AND 5977505
	Index Scan using sbtest8_pkey on sbtest8  (cost=0.43..417.60 rows=105 width=125)
	  Index Cond: ((id >= 5977405) AND (id <= 5977505))

for range-notcovered
table 1 : explain SELECT id, c FROM sbtest1 WHERE id BETWEEN 2281386 AND 2281486
	Index Scan using sbtest1_pkey on sbtest1  (cost=0.43..354.87 rows=89 width=125)
	  Index Cond: ((id >= 2281386) AND (id <= 2281486))

table 2 : explain SELECT id, c FROM sbtest2 WHERE id BETWEEN 2281386 AND 2281486
	Index Scan using sbtest2_pkey on sbtest2  (cost=0.43..402.96 rows=101 width=125)
	  Index Cond: ((id >= 2281386) AND (id <= 2281486))

table 3 : explain SELECT id, c FROM sbtest3 WHERE id BETWEEN 2281386 AND 2281486
	Index Scan using sbtest3_pkey on sbtest3  (cost=0.43..401.63 rows=101 width=125)
	  Index Cond: ((id >= 2281386) AND (id <= 2281486))

table 4 : explain SELECT id, c FROM sbtest4 WHERE id BETWEEN 2281386 AND 2281486
	Index Scan using sbtest4_pkey on sbtest4  (cost=0.43..420.95 rows=106 width=125)
	  Index Cond: ((id >= 2281386) AND (id <= 2281486))

table 5 : explain SELECT id, c FROM sbtest5 WHERE id BETWEEN 2281386 AND 2281486
	Index Scan using sbtest5_pkey on sbtest5  (cost=0.43..365.48 rows=92 width=125)
	  Index Cond: ((id >= 2281386) AND (id <= 2281486))

table 6 : explain SELECT id, c FROM sbtest6 WHERE id BETWEEN 2281386 AND 2281486
	Index Scan using sbtest6_pkey on sbtest6  (cost=0.43..385.99 rows=97 width=125)
	  Index Cond: ((id >= 2281386) AND (id <= 2281486))

table 7 : explain SELECT id, c FROM sbtest7 WHERE id BETWEEN 2281386 AND 2281486
	Index Scan using sbtest7_pkey on sbtest7  (cost=0.43..452.76 rows=114 width=125)
	  Index Cond: ((id >= 2281386) AND (id <= 2281486))

table 8 : explain SELECT id, c FROM sbtest8 WHERE id BETWEEN 2281386 AND 2281486
	Index Scan using sbtest8_pkey on sbtest8  (cost=0.43..449.07 rows=113 width=125)
	  Index Cond: ((id >= 2281386) AND (id <= 2281486))

explain: for range-notcovered :: explain SELECT id, c FROM sbtest%d WHERE id BETWEEN 5977405 AND 5977505
explain: for range-notcovered :: explain SELECT id, c FROM sbtest%d WHERE id BETWEEN 2281386 AND 2281486
for range-notcovered
table 1 : explain SELECT id, c FROM sbtest1 WHERE id BETWEEN 5977405 AND 5977505
	Index Scan using sbtest1_pkey on sbtest1  (cost=0.43..402.13 rows=101 width=125)
	  Index Cond: ((id >= 5977405) AND (id <= 5977505))

table 2 : explain SELECT id, c FROM sbtest2 WHERE id BETWEEN 5977405 AND 5977505
	Index Scan using sbtest2_pkey on sbtest2  (cost=0.43..355.61 rows=89 width=125)
	  Index Cond: ((id >= 5977405) AND (id <= 5977505))

table 3 : explain SELECT id, c FROM sbtest3 WHERE id BETWEEN 5977405 AND 5977505
	Index Scan using sbtest3_pkey on sbtest3  (cost=0.43..413.42 rows=104 width=125)
	  Index Cond: ((id >= 5977405) AND (id <= 5977505))

table 4 : explain SELECT id, c FROM sbtest4 WHERE id BETWEEN 5977405 AND 5977505
	Index Scan using sbtest4_pkey on sbtest4  (cost=0.43..381.67 rows=96 width=125)
	  Index Cond: ((id >= 5977405) AND (id <= 5977505))

table 5 : explain SELECT id, c FROM sbtest5 WHERE id BETWEEN 5977405 AND 5977505
	Index Scan using sbtest5_pkey on sbtest5  (cost=0.43..412.58 rows=104 width=125)
	  Index Cond: ((id >= 5977405) AND (id <= 5977505))

table 6 : explain SELECT id, c FROM sbtest6 WHERE id BETWEEN 5977405 AND 5977505
	Index Scan using sbtest6_pkey on sbtest6  (cost=0.43..417.44 rows=105 width=125)
	  Index Cond: ((id >= 5977405) AND (id <= 5977505))

table 7 : explain SELECT id, c FROM sbtest7 WHERE id BETWEEN 5977405 AND 5977505
	Index Scan using sbtest7_pkey on sbtest7  (cost=0.43..393.79 rows=99 width=125)
	  Index Cond: ((id >= 5977405) AND (id <= 5977505))

table 8 : explain SELECT id, c FROM sbtest8 WHERE id BETWEEN 5977405 AND 5977505
	Index Scan using sbtest8_pkey on sbtest8  (cost=0.43..417.60 rows=105 width=125)
	  Index Cond: ((id >= 5977405) AND (id <= 5977505))

for range-notcovered
table 1 : explain SELECT id, c FROM sbtest1 WHERE id BETWEEN 2281386 AND 2281486
	Index Scan using sbtest1_pkey on sbtest1  (cost=0.43..354.87 rows=89 width=125)
	  Index Cond: ((id >= 2281386) AND (id <= 2281486))

table 2 : explain SELECT id, c FROM sbtest2 WHERE id BETWEEN 2281386 AND 2281486
	Index Scan using sbtest2_pkey on sbtest2  (cost=0.43..402.96 rows=101 width=125)
	  Index Cond: ((id >= 2281386) AND (id <= 2281486))

table 3 : explain SELECT id, c FROM sbtest3 WHERE id BETWEEN 2281386 AND 2281486
	Index Scan using sbtest3_pkey on sbtest3  (cost=0.43..401.63 rows=101 width=125)
	  Index Cond: ((id >= 2281386) AND (id <= 2281486))

table 4 : explain SELECT id, c FROM sbtest4 WHERE id BETWEEN 2281386 AND 2281486
	Index Scan using sbtest4_pkey on sbtest4  (cost=0.43..420.95 rows=106 width=125)
	  Index Cond: ((id >= 2281386) AND (id <= 2281486))

table 5 : explain SELECT id, c FROM sbtest5 WHERE id BETWEEN 2281386 AND 2281486
	Index Scan using sbtest5_pkey on sbtest5  (cost=0.43..365.48 rows=92 width=125)
	  Index Cond: ((id >= 2281386) AND (id <= 2281486))

table 6 : explain SELECT id, c FROM sbtest6 WHERE id BETWEEN 2281386 AND 2281486
	Index Scan using sbtest6_pkey on sbtest6  (cost=0.43..385.99 rows=97 width=125)
	  Index Cond: ((id >= 2281386) AND (id <= 2281486))

table 7 : explain SELECT id, c FROM sbtest7 WHERE id BETWEEN 2281386 AND 2281486
	Index Scan using sbtest7_pkey on sbtest7  (cost=0.43..452.76 rows=114 width=125)
	  Index Cond: ((id >= 2281386) AND (id <= 2281486))

table 8 : explain SELECT id, c FROM sbtest8 WHERE id BETWEEN 2281386 AND 2281486
	Index Scan using sbtest8_pkey on sbtest8  (cost=0.43..449.07 rows=113 width=125)
	  Index Cond: ((id >= 2281386) AND (id <= 2281486))

explain: for range-notcovered :: explain SELECT id, c FROM sbtest%d WHERE id BETWEEN 5977405 AND 5977505
explain: for range-notcovered :: explain SELECT id, c FROM sbtest%d WHERE id BETWEEN 2281386 AND 2281486
for range-notcovered
table 1 : explain SELECT id, c FROM sbtest1 WHERE id BETWEEN 5977405 AND 5977505
	Index Scan using sbtest1_pkey on sbtest1  (cost=0.43..402.13 rows=101 width=125)
	  Index Cond: ((id >= 5977405) AND (id <= 5977505))

table 2 : explain SELECT id, c FROM sbtest2 WHERE id BETWEEN 5977405 AND 5977505
	Index Scan using sbtest2_pkey on sbtest2  (cost=0.43..355.61 rows=89 width=125)
	  Index Cond: ((id >= 5977405) AND (id <= 5977505))

table 3 : explain SELECT id, c FROM sbtest3 WHERE id BETWEEN 5977405 AND 5977505
	Index Scan using sbtest3_pkey on sbtest3  (cost=0.43..413.42 rows=104 width=125)
	  Index Cond: ((id >= 5977405) AND (id <= 5977505))

table 4 : explain SELECT id, c FROM sbtest4 WHERE id BETWEEN 5977405 AND 5977505
	Index Scan using sbtest4_pkey on sbtest4  (cost=0.43..381.67 rows=96 width=125)
	  Index Cond: ((id >= 5977405) AND (id <= 5977505))

table 5 : explain SELECT id, c FROM sbtest5 WHERE id BETWEEN 5977405 AND 5977505
	Index Scan using sbtest5_pkey on sbtest5  (cost=0.43..412.58 rows=104 width=125)
	  Index Cond: ((id >= 5977405) AND (id <= 5977505))

table 6 : explain SELECT id, c FROM sbtest6 WHERE id BETWEEN 5977405 AND 5977505
	Index Scan using sbtest6_pkey on sbtest6  (cost=0.43..417.44 rows=105 width=125)
	  Index Cond: ((id >= 5977405) AND (id <= 5977505))

table 7 : explain SELECT id, c FROM sbtest7 WHERE id BETWEEN 5977405 AND 5977505
	Index Scan using sbtest7_pkey on sbtest7  (cost=0.43..393.79 rows=99 width=125)
	  Index Cond: ((id >= 5977405) AND (id <= 5977505))

table 8 : explain SELECT id, c FROM sbtest8 WHERE id BETWEEN 5977405 AND 5977505
	Index Scan using sbtest8_pkey on sbtest8  (cost=0.43..417.60 rows=105 width=125)
	  Index Cond: ((id >= 5977405) AND (id <= 5977505))

for range-notcovered
table 1 : explain SELECT id, c FROM sbtest1 WHERE id BETWEEN 2281386 AND 2281486
	Index Scan using sbtest1_pkey on sbtest1  (cost=0.43..354.87 rows=89 width=125)
	  Index Cond: ((id >= 2281386) AND (id <= 2281486))

table 2 : explain SELECT id, c FROM sbtest2 WHERE id BETWEEN 2281386 AND 2281486
	Index Scan using sbtest2_pkey on sbtest2  (cost=0.43..402.96 rows=101 width=125)
	  Index Cond: ((id >= 2281386) AND (id <= 2281486))

table 3 : explain SELECT id, c FROM sbtest3 WHERE id BETWEEN 2281386 AND 2281486
	Index Scan using sbtest3_pkey on sbtest3  (cost=0.43..401.63 rows=101 width=125)
	  Index Cond: ((id >= 2281386) AND (id <= 2281486))

table 4 : explain SELECT id, c FROM sbtest4 WHERE id BETWEEN 2281386 AND 2281486
	Index Scan using sbtest4_pkey on sbtest4  (cost=0.43..420.95 rows=106 width=125)
	  Index Cond: ((id >= 2281386) AND (id <= 2281486))

table 5 : explain SELECT id, c FROM sbtest5 WHERE id BETWEEN 2281386 AND 2281486
	Index Scan using sbtest5_pkey on sbtest5  (cost=0.43..365.48 rows=92 width=125)
	  Index Cond: ((id >= 2281386) AND (id <= 2281486))

table 6 : explain SELECT id, c FROM sbtest6 WHERE id BETWEEN 2281386 AND 2281486
	Index Scan using sbtest6_pkey on sbtest6  (cost=0.43..385.99 rows=97 width=125)
	  Index Cond: ((id >= 2281386) AND (id <= 2281486))

table 7 : explain SELECT id, c FROM sbtest7 WHERE id BETWEEN 2281386 AND 2281486
	Index Scan using sbtest7_pkey on sbtest7  (cost=0.43..452.76 rows=114 width=125)
	  Index Cond: ((id >= 2281386) AND (id <= 2281486))

table 8 : explain SELECT id, c FROM sbtest8 WHERE id BETWEEN 2281386 AND 2281486
	Index Scan using sbtest8_pkey on sbtest8  (cost=0.43..449.07 rows=113 width=125)
	  Index Cond: ((id >= 2281386) AND (id <= 2281486))

explain: for range-notcovered :: explain SELECT id, c FROM sbtest%d WHERE id BETWEEN 5977405 AND 5977505
explain: for range-notcovered :: explain SELECT id, c FROM sbtest%d WHERE id BETWEEN 2281386 AND 2281486
for range-notcovered
table 1 : explain SELECT id, c FROM sbtest1 WHERE id BETWEEN 5977405 AND 5977505
	Index Scan using sbtest1_pkey on sbtest1  (cost=0.43..402.13 rows=101 width=125)
	  Index Cond: ((id >= 5977405) AND (id <= 5977505))

table 2 : explain SELECT id, c FROM sbtest2 WHERE id BETWEEN 5977405 AND 5977505
	Index Scan using sbtest2_pkey on sbtest2  (cost=0.43..355.61 rows=89 width=125)
	  Index Cond: ((id >= 5977405) AND (id <= 5977505))

table 3 : explain SELECT id, c FROM sbtest3 WHERE id BETWEEN 5977405 AND 5977505
	Index Scan using sbtest3_pkey on sbtest3  (cost=0.43..413.42 rows=104 width=125)
	  Index Cond: ((id >= 5977405) AND (id <= 5977505))

table 4 : explain SELECT id, c FROM sbtest4 WHERE id BETWEEN 5977405 AND 5977505
	Index Scan using sbtest4_pkey on sbtest4  (cost=0.43..381.67 rows=96 width=125)
	  Index Cond: ((id >= 5977405) AND (id <= 5977505))

table 5 : explain SELECT id, c FROM sbtest5 WHERE id BETWEEN 5977405 AND 5977505
	Index Scan using sbtest5_pkey on sbtest5  (cost=0.43..412.58 rows=104 width=125)
	  Index Cond: ((id >= 5977405) AND (id <= 5977505))

table 6 : explain SELECT id, c FROM sbtest6 WHERE id BETWEEN 5977405 AND 5977505
	Index Scan using sbtest6_pkey on sbtest6  (cost=0.43..417.44 rows=105 width=125)
	  Index Cond: ((id >= 5977405) AND (id <= 5977505))

table 7 : explain SELECT id, c FROM sbtest7 WHERE id BETWEEN 5977405 AND 5977505
	Index Scan using sbtest7_pkey on sbtest7  (cost=0.43..393.79 rows=99 width=125)
	  Index Cond: ((id >= 5977405) AND (id <= 5977505))

table 8 : explain SELECT id, c FROM sbtest8 WHERE id BETWEEN 5977405 AND 5977505
	Index Scan using sbtest8_pkey on sbtest8  (cost=0.43..417.60 rows=105 width=125)
	  Index Cond: ((id >= 5977405) AND (id <= 5977505))

for range-notcovered
table 1 : explain SELECT id, c FROM sbtest1 WHERE id BETWEEN 2281386 AND 2281486
	Index Scan using sbtest1_pkey on sbtest1  (cost=0.43..354.87 rows=89 width=125)
	  Index Cond: ((id >= 2281386) AND (id <= 2281486))

table 2 : explain SELECT id, c FROM sbtest2 WHERE id BETWEEN 2281386 AND 2281486
	Index Scan using sbtest2_pkey on sbtest2  (cost=0.43..402.96 rows=101 width=125)
	  Index Cond: ((id >= 2281386) AND (id <= 2281486))

table 3 : explain SELECT id, c FROM sbtest3 WHERE id BETWEEN 2281386 AND 2281486
	Index Scan using sbtest3_pkey on sbtest3  (cost=0.43..401.63 rows=101 width=125)
	  Index Cond: ((id >= 2281386) AND (id <= 2281486))

table 4 : explain SELECT id, c FROM sbtest4 WHERE id BETWEEN 2281386 AND 2281486
	Index Scan using sbtest4_pkey on sbtest4  (cost=0.43..420.95 rows=106 width=125)
	  Index Cond: ((id >= 2281386) AND (id <= 2281486))

table 5 : explain SELECT id, c FROM sbtest5 WHERE id BETWEEN 2281386 AND 2281486
	Index Scan using sbtest5_pkey on sbtest5  (cost=0.43..365.48 rows=92 width=125)
	  Index Cond: ((id >= 2281386) AND (id <= 2281486))

table 6 : explain SELECT id, c FROM sbtest6 WHERE id BETWEEN 2281386 AND 2281486
	Index Scan using sbtest6_pkey on sbtest6  (cost=0.43..385.99 rows=97 width=125)
	  Index Cond: ((id >= 2281386) AND (id <= 2281486))

table 7 : explain SELECT id, c FROM sbtest7 WHERE id BETWEEN 2281386 AND 2281486
	Index Scan using sbtest7_pkey on sbtest7  (cost=0.43..452.76 rows=114 width=125)
	  Index Cond: ((id >= 2281386) AND (id <= 2281486))

table 8 : explain SELECT id, c FROM sbtest8 WHERE id BETWEEN 2281386 AND 2281486
	Index Scan using sbtest8_pkey on sbtest8  (cost=0.43..449.07 rows=113 width=125)
	  Index Cond: ((id >= 2281386) AND (id <= 2281486))

explain: for range-notcovered :: explain SELECT id, c FROM sbtest%d WHERE id BETWEEN 5977405 AND 5977505
explain: for range-notcovered :: explain SELECT id, c FROM sbtest%d WHERE id BETWEEN 2281386 AND 2281486
for range-notcovered
table 1 : explain SELECT id, c FROM sbtest1 WHERE id BETWEEN 5977405 AND 5977505
	Index Scan using sbtest1_pkey on sbtest1  (cost=0.43..402.13 rows=101 width=125)
	  Index Cond: ((id >= 5977405) AND (id <= 5977505))

table 2 : explain SELECT id, c FROM sbtest2 WHERE id BETWEEN 5977405 AND 5977505
	Index Scan using sbtest2_pkey on sbtest2  (cost=0.43..355.61 rows=89 width=125)
	  Index Cond: ((id >= 5977405) AND (id <= 5977505))

table 3 : explain SELECT id, c FROM sbtest3 WHERE id BETWEEN 5977405 AND 5977505
	Index Scan using sbtest3_pkey on sbtest3  (cost=0.43..413.42 rows=104 width=125)
	  Index Cond: ((id >= 5977405) AND (id <= 5977505))

table 4 : explain SELECT id, c FROM sbtest4 WHERE id BETWEEN 5977405 AND 5977505
	Index Scan using sbtest4_pkey on sbtest4  (cost=0.43..381.67 rows=96 width=125)
	  Index Cond: ((id >= 5977405) AND (id <= 5977505))

table 5 : explain SELECT id, c FROM sbtest5 WHERE id BETWEEN 5977405 AND 5977505
	Index Scan using sbtest5_pkey on sbtest5  (cost=0.43..412.58 rows=104 width=125)
	  Index Cond: ((id >= 5977405) AND (id <= 5977505))

table 6 : explain SELECT id, c FROM sbtest6 WHERE id BETWEEN 5977405 AND 5977505
	Index Scan using sbtest6_pkey on sbtest6  (cost=0.43..417.44 rows=105 width=125)
	  Index Cond: ((id >= 5977405) AND (id <= 5977505))

table 7 : explain SELECT id, c FROM sbtest7 WHERE id BETWEEN 5977405 AND 5977505
	Index Scan using sbtest7_pkey on sbtest7  (cost=0.43..393.79 rows=99 width=125)
	  Index Cond: ((id >= 5977405) AND (id <= 5977505))

table 8 : explain SELECT id, c FROM sbtest8 WHERE id BETWEEN 5977405 AND 5977505
	Index Scan using sbtest8_pkey on sbtest8  (cost=0.43..417.60 rows=105 width=125)
	  Index Cond: ((id >= 5977405) AND (id <= 5977505))

for range-notcovered
table 1 : explain SELECT id, c FROM sbtest1 WHERE id BETWEEN 2281386 AND 2281486
	Index Scan using sbtest1_pkey on sbtest1  (cost=0.43..354.87 rows=89 width=125)
	  Index Cond: ((id >= 2281386) AND (id <= 2281486))

table 2 : explain SELECT id, c FROM sbtest2 WHERE id BETWEEN 2281386 AND 2281486
	Index Scan using sbtest2_pkey on sbtest2  (cost=0.43..402.96 rows=101 width=125)
	  Index Cond: ((id >= 2281386) AND (id <= 2281486))

table 3 : explain SELECT id, c FROM sbtest3 WHERE id BETWEEN 2281386 AND 2281486
	Index Scan using sbtest3_pkey on sbtest3  (cost=0.43..401.63 rows=101 width=125)
	  Index Cond: ((id >= 2281386) AND (id <= 2281486))

table 4 : explain SELECT id, c FROM sbtest4 WHERE id BETWEEN 2281386 AND 2281486
	Index Scan using sbtest4_pkey on sbtest4  (cost=0.43..420.95 rows=106 width=125)
	  Index Cond: ((id >= 2281386) AND (id <= 2281486))

table 5 : explain SELECT id, c FROM sbtest5 WHERE id BETWEEN 2281386 AND 2281486
	Index Scan using sbtest5_pkey on sbtest5  (cost=0.43..365.48 rows=92 width=125)
	  Index Cond: ((id >= 2281386) AND (id <= 2281486))

table 6 : explain SELECT id, c FROM sbtest6 WHERE id BETWEEN 2281386 AND 2281486
	Index Scan using sbtest6_pkey on sbtest6  (cost=0.43..385.99 rows=97 width=125)
	  Index Cond: ((id >= 2281386) AND (id <= 2281486))

table 7 : explain SELECT id, c FROM sbtest7 WHERE id BETWEEN 2281386 AND 2281486
	Index Scan using sbtest7_pkey on sbtest7  (cost=0.43..452.76 rows=114 width=125)
	  Index Cond: ((id >= 2281386) AND (id <= 2281486))

table 8 : explain SELECT id, c FROM sbtest8 WHERE id BETWEEN 2281386 AND 2281486
	Index Scan using sbtest8_pkey on sbtest8  (cost=0.43..449.07 rows=113 width=125)
	  Index Cond: ((id >= 2281386) AND (id <= 2281486))

explain: for range-notcovered :: explain SELECT id, c FROM sbtest%d WHERE id BETWEEN 5977405 AND 5977505
for range-notcovered
table 1 : explain SELECT id, c FROM sbtest1 WHERE id BETWEEN 5977405 AND 5977505
	Index Scan using sbtest1_pkey on sbtest1  (cost=0.43..402.13 rows=101 width=125)
	  Index Cond: ((id >= 5977405) AND (id <= 5977505))

table 2 : explain SELECT id, c FROM sbtest2 WHERE id BETWEEN 5977405 AND 5977505
	Index Scan using sbtest2_pkey on sbtest2  (cost=0.43..355.61 rows=89 width=125)
	  Index Cond: ((id >= 5977405) AND (id <= 5977505))

table 3 : explain SELECT id, c FROM sbtest3 WHERE id BETWEEN 5977405 AND 5977505
	Index Scan using sbtest3_pkey on sbtest3  (cost=0.43..413.42 rows=104 width=125)
	  Index Cond: ((id >= 5977405) AND (id <= 5977505))

table 4 : explain SELECT id, c FROM sbtest4 WHERE id BETWEEN 5977405 AND 5977505
	Index Scan using sbtest4_pkey on sbtest4  (cost=0.43..381.67 rows=96 width=125)
	  Index Cond: ((id >= 5977405) AND (id <= 5977505))

table 5 : explain SELECT id, c FROM sbtest5 WHERE id BETWEEN 5977405 AND 5977505
	Index Scan using sbtest5_pkey on sbtest5  (cost=0.43..412.58 rows=104 width=125)
	  Index Cond: ((id >= 5977405) AND (id <= 5977505))

table 6 : explain SELECT id, c FROM sbtest6 WHERE id BETWEEN 5977405 AND 5977505
	Index Scan using sbtest6_pkey on sbtest6  (cost=0.43..417.44 rows=105 width=125)
	  Index Cond: ((id >= 5977405) AND (id <= 5977505))

table 7 : explain SELECT id, c FROM sbtest7 WHERE id BETWEEN 5977405 AND 5977505
	Index Scan using sbtest7_pkey on sbtest7  (cost=0.43..393.79 rows=99 width=125)
	  Index Cond: ((id >= 5977405) AND (id <= 5977505))

table 8 : explain SELECT id, c FROM sbtest8 WHERE id BETWEEN 5977405 AND 5977505
	Index Scan using sbtest8_pkey on sbtest8  (cost=0.43..417.60 rows=105 width=125)
	  Index Cond: ((id >= 5977405) AND (id <= 5977505))

Threads started!

Warming up for 5 seconds...

SQL statistics:
    queries performed:
        read:                            121730663
        write:                           0
        other:                           0
        total:                           121730663
    transactions:                        121730663 (193221.60 per sec.)
    queries:                             121730663 (193221.60 per sec.)
    ignored errors:                      0      (0.00 per sec.)
    reconnects:                          0      (0.00 per sec.)

Throughput:
    events/s (eps):                      193221.5990
    time elapsed:                        630.0056s
    total number of events:              121730663

Latency (ms):
         min:                                    0.07
         avg:                                    0.21
         max:                                   16.30
         95th percentile:                        0.22
         sum:                             25153056.23

Threads fairness:
    events (avg/stddev):           3043262.3000/9573.91
    execution time (avg/stddev):   628.8264/0.04

