LUA_PATH=/home/mdcallag/git/mytools/bench/sysbench.lua/lua/?.lua /home/mdcallag/git/mytools/bench/sysbench.lua/lua/sysbench --db-driver=pgsql --range-size=100 --table-size=10000000 --tables=8 --threads=40 --events=0 --warmup-time=5 --time=630 --pgsql_conn_id=true /home/mdcallag/git/mytools/bench/sysbench.lua/lua/oltp_point_select.lua run --pgsql-user=root --pgsql-password=pw --pgsql-host=127.0.0.1 --pgsql-db=ib --rand-type=uniform --skip-trx
48 CPUs
sysbench 1.1.0-9072687 (using bundled LuaJIT 2.1.0-beta3)

Running the test with following options:
Number of threads: 40
Warmup time: 5s
Initializing random number generator from current time


Initializing worker threads...

explain: for point_selects :: explain SELECT c FROM sbtest%u WHERE id=%u
explain: for point_selects :: explain SELECT c FROM sbtest%u WHERE id=%u
explain: for point_selects :: explain SELECT c FROM sbtest%u WHERE id=%u
explain: for point_selects :: explain SELECT c FROM sbtest%u WHERE id=%u
explain: for point_selects :: explain SELECT c FROM sbtest%u WHERE id=%u
explain: for point_selects :: explain SELECT c FROM sbtest%u WHERE id=%u
explain: for point_selects :: explain SELECT c FROM sbtest%u WHERE id=%u
explain: for point_selects :: explain SELECT c FROM sbtest%u WHERE id=%u
explain: for point_selects :: explain SELECT c FROM sbtest%u WHERE id=%u
explain: for point_selects :: explain SELECT c FROM sbtest%u WHERE id=%uexplain: for point_selects :: explain SELECT c FROM sbtest%u WHERE id=%u
explain: for point_selects :: explain SELECT c FROM sbtest%u WHERE id=%uexplain: for point_selects :: explain SELECT c FROM sbtest%u WHERE id=%u


explain: for point_selects :: explain SELECT c FROM sbtest%u WHERE id=%u
explain: for point_selects :: explain SELECT c FROM sbtest%u WHERE id=%u
explain: for point_selects :: explain SELECT c FROM sbtest%u WHERE id=%u
explain: for point_selects :: explain SELECT c FROM sbtest%u WHERE id=%u
explain: for point_selects :: explain SELECT c FROM sbtest%u WHERE id=%u
explain: for point_selects :: explain SELECT c FROM sbtest%u WHERE id=%u
explain: for point_selects :: explain SELECT c FROM sbtest%u WHERE id=%u
explain: for point_selects :: explain SELECT c FROM sbtest%u WHERE id=%u
explain: for point_selects :: explain SELECT c FROM sbtest%u WHERE id=%u
explain: for point_selects :: explain SELECT c FROM sbtest%u WHERE id=%u
explain: for point_selects :: explain SELECT c FROM sbtest%u WHERE id=%u
explain: for point_selects :: explain SELECT c FROM sbtest%u WHERE id=%u
explain: for point_selects :: explain SELECT c FROM sbtest%u WHERE id=%u
explain: for point_selects :: explain SELECT c FROM sbtest%u WHERE id=%u
explain: for point_selects :: explain SELECT c FROM sbtest%u WHERE id=%u
for point_selects
table 1 : explain SELECT c FROM sbtest1 WHERE id=9975418
	Index Scan using sbtest1_pkey on sbtest1  (cost=0.43..8.45 rows=1 width=121)
	  Index Cond: (id = 9975418)

table 2 : explain SELECT c FROM sbtest2 WHERE id=7834720
	Index Scan using sbtest2_pkey on sbtest2  (cost=0.43..8.45 rows=1 width=121)
	  Index Cond: (id = 7834720)

table 3 : explain SELECT c FROM sbtest3 WHERE id=808272
	Index Scan using sbtest3_pkey on sbtest3  (cost=0.43..8.45 rows=1 width=121)
	  Index Cond: (id = 808272)

table 4 : explain SELECT c FROM sbtest4 WHERE id=9339561
	Index Scan using sbtest4_pkey on sbtest4  (cost=0.43..8.45 rows=1 width=121)
	  Index Cond: (id = 9339561)

table 5 : explain SELECT c FROM sbtest5 WHERE id=3851826
	Index Scan using sbtest5_pkey on sbtest5  (cost=0.43..8.45 rows=1 width=121)
	  Index Cond: (id = 3851826)

table 6 : explain SELECT c FROM sbtest6 WHERE id=4073168
	Index Scan using sbtest6_pkey on sbtest6  (cost=0.43..8.45 rows=1 width=121)
	  Index Cond: (id = 4073168)

table 7 : explain SELECT c FROM sbtest7 WHERE id=2886121
	Index Scan using sbtest7_pkey on sbtest7  (cost=0.43..8.45 rows=1 width=121)
	  Index Cond: (id = 2886121)

table 8 : explain SELECT c FROM sbtest8 WHERE id=5117361
	Index Scan using sbtest8_pkey on sbtest8  (cost=0.43..8.45 rows=1 width=121)
	  Index Cond: (id = 5117361)

explain: for point_selects :: explain SELECT c FROM sbtest%u WHERE id=%u
explain: for point_selects :: explain SELECT c FROM sbtest%u WHERE id=%u
explain: for point_selects :: explain SELECT c FROM sbtest%u WHERE id=%u
for point_selects
table 1 : explain SELECT c FROM sbtest1 WHERE id=8199952
	Index Scan using sbtest1_pkey on sbtest1  (cost=0.43..8.45 rows=1 width=121)
	  Index Cond: (id = 8199952)

table 2 : explain SELECT c FROM sbtest2 WHERE id=4345024
	Index Scan using sbtest2_pkey on sbtest2  (cost=0.43..8.45 rows=1 width=121)
	  Index Cond: (id = 4345024)

table 3 : explain SELECT c FROM sbtest3 WHERE id=7597095
	Index Scan using sbtest3_pkey on sbtest3  (cost=0.43..8.45 rows=1 width=121)
	  Index Cond: (id = 7597095)

table 4 : explain SELECT c FROM sbtest4 WHERE id=8360032
	Index Scan using sbtest4_pkey on sbtest4  (cost=0.43..8.45 rows=1 width=121)
	  Index Cond: (id = 8360032)

table 5 : explain SELECT c FROM sbtest5 WHERE id=9765812
	Index Scan using sbtest5_pkey on sbtest5  (cost=0.43..8.45 rows=1 width=121)
	  Index Cond: (id = 9765812)

table 6 : explain SELECT c FROM sbtest6 WHERE id=5955474
	Index Scan using sbtest6_pkey on sbtest6  (cost=0.43..8.45 rows=1 width=121)
	  Index Cond: (id = 5955474)

table 7 : explain SELECT c FROM sbtest7 WHERE id=1315585
	Index Scan using sbtest7_pkey on sbtest7  (cost=0.43..8.45 rows=1 width=121)
	  Index Cond: (id = 1315585)

table 8 : explain SELECT c FROM sbtest8 WHERE id=3710719
	Index Scan using sbtest8_pkey on sbtest8  (cost=0.43..8.45 rows=1 width=121)
	  Index Cond: (id = 3710719)

explain: for point_selects :: explain SELECT c FROM sbtest%u WHERE id=%u
for point_selects
table 1 : explain SELECT c FROM sbtest1 WHERE id=2312915
	Index Scan using sbtest1_pkey on sbtest1  (cost=0.43..8.45 rows=1 width=121)
	  Index Cond: (id = 2312915)

table 2 : explain SELECT c FROM sbtest2 WHERE id=2810742
	Index Scan using sbtest2_pkey on sbtest2  (cost=0.43..8.45 rows=1 width=121)
	  Index Cond: (id = 2810742)

table 3 : explain SELECT c FROM sbtest3 WHERE id=4228699
	Index Scan using sbtest3_pkey on sbtest3  (cost=0.43..8.45 rows=1 width=121)
	  Index Cond: (id = 4228699)

table 4 : explain SELECT c FROM sbtest4 WHERE id=8347963
	Index Scan using sbtest4_pkey on sbtest4  (cost=0.43..8.45 rows=1 width=121)
	  Index Cond: (id = 8347963)

table 5 : explain SELECT c FROM sbtest5 WHERE id=3145541
	Index Scan using sbtest5_pkey on sbtest5  (cost=0.43..8.45 rows=1 width=121)
	  Index Cond: (id = 3145541)

table 6 : explain SELECT c FROM sbtest6 WHERE id=2077078
	Index Scan using sbtest6_pkey on sbtest6  (cost=0.43..8.45 rows=1 width=121)
	  Index Cond: (id = 2077078)

table 7 : explain SELECT c FROM sbtest7 WHERE id=2024337
	Index Scan using sbtest7_pkey on sbtest7  (cost=0.43..8.45 rows=1 width=121)
	  Index Cond: (id = 2024337)

table 8 : explain SELECT c FROM sbtest8 WHERE id=6875925
	Index Scan using sbtest8_pkey on sbtest8  (cost=0.43..8.45 rows=1 width=121)
	  Index Cond: (id = 6875925)

explain: for point_selects :: explain SELECT c FROM sbtest%u WHERE id=%u
for point_selects
table 1 : explain SELECT c FROM sbtest1 WHERE id=6021663
	Index Scan using sbtest1_pkey on sbtest1  (cost=0.43..8.45 rows=1 width=121)
	  Index Cond: (id = 6021663)

table 2 : explain SELECT c FROM sbtest2 WHERE id=6748233
	Index Scan using sbtest2_pkey on sbtest2  (cost=0.43..8.45 rows=1 width=121)
	  Index Cond: (id = 6748233)

table 3 : explain SELECT c FROM sbtest3 WHERE id=6962329
	Index Scan using sbtest3_pkey on sbtest3  (cost=0.43..8.45 rows=1 width=121)
	  Index Cond: (id = 6962329)

table 4 : explain SELECT c FROM sbtest4 WHERE id=5582249
	Index Scan using sbtest4_pkey on sbtest4  (cost=0.43..8.45 rows=1 width=121)
	  Index Cond: (id = 5582249)

table 5 : explain SELECT c FROM sbtest5 WHERE id=2651455
	Index Scan using sbtest5_pkey on sbtest5  (cost=0.43..8.45 rows=1 width=121)
	  Index Cond: (id = 2651455)

table 6 : explain SELECT c FROM sbtest6 WHERE id=7244756
	Index Scan using sbtest6_pkey on sbtest6  (cost=0.43..8.45 rows=1 width=121)
	  Index Cond: (id = 7244756)

table 7 : explain SELECT c FROM sbtest7 WHERE id=5379804
	Index Scan using sbtest7_pkey on sbtest7  (cost=0.43..8.45 rows=1 width=121)
	  Index Cond: (id = 5379804)

table 8 : explain SELECT c FROM sbtest8 WHERE id=6371123
	Index Scan using sbtest8_pkey on sbtest8  (cost=0.43..8.45 rows=1 width=121)
	  Index Cond: (id = 6371123)

explain: for point_selects :: explain SELECT c FROM sbtest%u WHERE id=%u
explain: for point_selects :: explain SELECT c FROM sbtest%u WHERE id=%u
for point_selects
table 1 : explain SELECT c FROM sbtest1 WHERE id=7563442
	Index Scan using sbtest1_pkey on sbtest1  (cost=0.43..8.45 rows=1 width=121)
	  Index Cond: (id = 7563442)

table 2 : explain SELECT c FROM sbtest2 WHERE id=7061682
	Index Scan using sbtest2_pkey on sbtest2  (cost=0.43..8.45 rows=1 width=121)
	  Index Cond: (id = 7061682)

table 3 : explain SELECT c FROM sbtest3 WHERE id=7781539
	Index Scan using sbtest3_pkey on sbtest3  (cost=0.43..8.45 rows=1 width=121)
	  Index Cond: (id = 7781539)

table 4 : explain SELECT c FROM sbtest4 WHERE id=3145824
	Index Scan using sbtest4_pkey on sbtest4  (cost=0.43..8.45 rows=1 width=121)
	  Index Cond: (id = 3145824)

table 5 : explain SELECT c FROM sbtest5 WHERE id=8455074
	Index Scan using sbtest5_pkey on sbtest5  (cost=0.43..8.45 rows=1 width=121)
	  Index Cond: (id = 8455074)

table 6 : explain SELECT c FROM sbtest6 WHERE id=2670237
	Index Scan using sbtest6_pkey on sbtest6  (cost=0.43..8.45 rows=1 width=121)
	  Index Cond: (id = 2670237)

table 7 : explain SELECT c FROM sbtest7 WHERE id=4013757
	Index Scan using sbtest7_pkey on sbtest7  (cost=0.43..8.45 rows=1 width=121)
	  Index Cond: (id = 4013757)

table 8 : explain SELECT c FROM sbtest8 WHERE id=2519876
	Index Scan using sbtest8_pkey on sbtest8  (cost=0.43..8.45 rows=1 width=121)
	  Index Cond: (id = 2519876)

for point_selects
table 1 : explain SELECT c FROM sbtest1 WHERE id=2143639
	Index Scan using sbtest1_pkey on sbtest1  (cost=0.43..8.45 rows=1 width=121)
	  Index Cond: (id = 2143639)

table 2 : explain SELECT c FROM sbtest2 WHERE id=1350877
	Index Scan using sbtest2_pkey on sbtest2  (cost=0.43..8.45 rows=1 width=121)
	  Index Cond: (id = 1350877)

table 3 : explain SELECT c FROM sbtest3 WHERE id=1641275
	Index Scan using sbtest3_pkey on sbtest3  (cost=0.43..8.45 rows=1 width=121)
	  Index Cond: (id = 1641275)

table 4 : explain SELECT c FROM sbtest4 WHERE id=354829
	Index Scan using sbtest4_pkey on sbtest4  (cost=0.43..8.45 rows=1 width=121)
	  Index Cond: (id = 354829)

table 5 : explain SELECT c FROM sbtest5 WHERE id=2234313
	Index Scan using sbtest5_pkey on sbtest5  (cost=0.43..8.45 rows=1 width=121)
	  Index Cond: (id = 2234313)

table 6 : explain SELECT c FROM sbtest6 WHERE id=2088229
	Index Scan using sbtest6_pkey on sbtest6  (cost=0.43..8.45 rows=1 width=121)
	  Index Cond: (id = 2088229)

table 7 : explain SELECT c FROM sbtest7 WHERE id=23184
	Index Scan using sbtest7_pkey on sbtest7  (cost=0.43..8.45 rows=1 width=121)
	  Index Cond: (id = 23184)

table 8 : explain SELECT c FROM sbtest8 WHERE id=62310
	Index Scan using sbtest8_pkey on sbtest8  (cost=0.43..8.45 rows=1 width=121)
	  Index Cond: (id = 62310)
for point_selects
table 1 : explain SELECT c FROM sbtest1 WHERE id=3695113
	Index Scan using sbtest1_pkey on sbtest1  (cost=0.43..8.45 rows=1 width=121)
	  Index Cond: (id = 3695113)

table 2 : explain SELECT c FROM sbtest2 WHERE id=8695847
	Index Scan using sbtest2_pkey on sbtest2  (cost=0.43..8.45 rows=1 width=121)
	  Index Cond: (id = 8695847)

table 3 : explain SELECT c FROM sbtest3 WHERE id=5851516
	Index Scan using sbtest3_pkey on sbtest3  (cost=0.43..8.45 rows=1 width=121)
	  Index Cond: (id = 5851516)

table 4 : explain SELECT c FROM sbtest4 WHERE id=7067154
	Index Scan using sbtest4_pkey on sbtest4  (cost=0.43..8.45 rows=1 width=121)
	  Index Cond: (id = 7067154)

table 5 : explain SELECT c FROM sbtest5 WHERE id=1347979
	Index Scan using sbtest5_pkey on sbtest5  (cost=0.43..8.45 rows=1 width=121)
	  Index Cond: (id = 1347979)

table 6 : explain SELECT c FROM sbtest6 WHERE id=7419106
	Index Scan using sbtest6_pkey on sbtest6  (cost=0.43..8.45 rows=1 width=121)
	  Index Cond: (id = 7419106)

table 7 : explain SELECT c FROM sbtest7 WHERE id=7897106
	Index Scan using sbtest7_pkey on sbtest7  (cost=0.43..8.45 rows=1 width=121)
	  Index Cond: (id = 7897106)

table 8 : explain SELECT c FROM sbtest8 WHERE id=4274491
	Index Scan using sbtest8_pkey on sbtest8  (cost=0.43..8.45 rows=1 width=121)
	  Index Cond: (id = 4274491)
for point_selects
table 1 : explain SELECT c FROM sbtest1 WHERE id=5636562
	Index Scan using sbtest1_pkey on sbtest1  (cost=0.43..8.45 rows=1 width=121)
	  Index Cond: (id = 5636562)

table 2 : explain SELECT c FROM sbtest2 WHERE id=8983524
	Index Scan using sbtest2_pkey on sbtest2  (cost=0.43..8.45 rows=1 width=121)
	  Index Cond: (id = 8983524)

table 3 : explain SELECT c FROM sbtest3 WHERE id=3507177
	Index Scan using sbtest3_pkey on sbtest3  (cost=0.43..8.45 rows=1 width=121)
	  Index Cond: (id = 3507177)

table 4 : explain SELECT c FROM sbtest4 WHERE id=6562169
	Index Scan using sbtest4_pkey on sbtest4  (cost=0.43..8.45 rows=1 width=121)
	  Index Cond: (id = 6562169)

table 5 : explain SELECT c FROM sbtest5 WHERE id=8958854
	Index Scan using sbtest5_pkey on sbtest5  (cost=0.43..8.45 rows=1 width=121)
	  Index Cond: (id = 8958854)

table 6 : explain SELECT c FROM sbtest6 WHERE id=3870218
	Index Scan using sbtest6_pkey on sbtest6  (cost=0.43..8.45 rows=1 width=121)
	  Index Cond: (id = 3870218)

table 7 : explain SELECT c FROM sbtest7 WHERE id=9869720
	Index Scan using sbtest7_pkey on sbtest7  (cost=0.43..8.45 rows=1 width=121)
	  Index Cond: (id = 9869720)

table 8 : explain SELECT c FROM sbtest8 WHERE id=2874502
	Index Scan using sbtest8_pkey on sbtest8  (cost=0.43..8.45 rows=1 width=121)
	  Index Cond: (id = 2874502)

for point_selects
table 1 : explain SELECT c FROM sbtest1 WHERE id=9939582
	Index Scan using sbtest1_pkey on sbtest1  (cost=0.43..8.45 rows=1 width=121)
	  Index Cond: (id = 9939582)

table 2 : explain SELECT c FROM sbtest2 WHERE id=9595304
	Index Scan using sbtest2_pkey on sbtest2  (cost=0.43..8.45 rows=1 width=121)
	  Index Cond: (id = 9595304)

table 3 : explain SELECT c FROM sbtest3 WHERE id=8808406
	Index Scan using sbtest3_pkey on sbtest3  (cost=0.43..8.45 rows=1 width=121)
	  Index Cond: (id = 8808406)

table 4 : explain SELECT c FROM sbtest4 WHERE id=9744377
	Index Scan using sbtest4_pkey on sbtest4  (cost=0.43..8.45 rows=1 width=121)
	  Index Cond: (id = 9744377)

table 5 : explain SELECT c FROM sbtest5 WHERE id=5085476
	Index Scan using sbtest5_pkey on sbtest5  (cost=0.43..8.45 rows=1 width=121)
	  Index Cond: (id = 5085476)

table 6 : explain SELECT c FROM sbtest6 WHERE id=574910
	Index Scan using sbtest6_pkey on sbtest6  (cost=0.43..8.45 rows=1 width=121)
	  Index Cond: (id = 574910)

table 7 : explain SELECT c FROM sbtest7 WHERE id=8741735
	Index Scan using sbtest7_pkey on sbtest7  (cost=0.43..8.45 rows=1 width=121)
	  Index Cond: (id = 8741735)

table 8 : explain SELECT c FROM sbtest8 WHERE id=889741
	Index Scan using sbtest8_pkey on sbtest8  (cost=0.43..8.45 rows=1 width=121)
	  Index Cond: (id = 889741)

for point_selects
table 1 : explain SELECT c FROM sbtest1 WHERE id=7339445
	Index Scan using sbtest1_pkey on sbtest1  (cost=0.43..8.45 rows=1 width=121)
	  Index Cond: (id = 7339445)

table 2 : explain SELECT c FROM sbtest2 WHERE id=2959992
	Index Scan using sbtest2_pkey on sbtest2  (cost=0.43..8.45 rows=1 width=121)
	  Index Cond: (id = 2959992)

table 3 : explain SELECT c FROM sbtest3 WHERE id=3212225
	Index Scan using sbtest3_pkey on sbtest3  (cost=0.43..8.45 rows=1 width=121)
	  Index Cond: (id = 3212225)

table 4 : explain SELECT c FROM sbtest4 WHERE id=2254957
	Index Scan using sbtest4_pkey on sbtest4  (cost=0.43..8.45 rows=1 width=121)
	  Index Cond: (id = 2254957)

table 5 : explain SELECT c FROM sbtest5 WHERE id=8151628
	Index Scan using sbtest5_pkey on sbtest5  (cost=0.43..8.45 rows=1 width=121)
	  Index Cond: (id = 8151628)

table 6 : explain SELECT c FROM sbtest6 WHERE id=8007613
	Index Scan using sbtest6_pkey on sbtest6  (cost=0.43..8.45 rows=1 width=121)
	  Index Cond: (id = 8007613)

table 7 : explain SELECT c FROM sbtest7 WHERE id=7236894
	Index Scan using sbtest7_pkey on sbtest7  (cost=0.43..8.45 rows=1 width=121)
	  Index Cond: (id = 7236894)

table 8 : explain SELECT c FROM sbtest8 WHERE id=2245832
	Index Scan using sbtest8_pkey on sbtest8  (cost=0.43..8.45 rows=1 width=121)
	  Index Cond: (id = 2245832)

for point_selects
table 1 : explain SELECT c FROM sbtest1 WHERE id=3750710
	Index Scan using sbtest1_pkey on sbtest1  (cost=0.43..8.45 rows=1 width=121)
	  Index Cond: (id = 3750710)

table 2 : explain SELECT c FROM sbtest2 WHERE id=1072255
	Index Scan using sbtest2_pkey on sbtest2  (cost=0.43..8.45 rows=1 width=121)
	  Index Cond: (id = 1072255)

table 3 : explain SELECT c FROM sbtest3 WHERE id=5151787
	Index Scan using sbtest3_pkey on sbtest3  (cost=0.43..8.45 rows=1 width=121)
	  Index Cond: (id = 5151787)

table 4 : explain SELECT c FROM sbtest4 WHERE id=9151727
	Index Scan using sbtest4_pkey on sbtest4  (cost=0.43..8.45 rows=1 width=121)
	  Index Cond: (id = 9151727)

table 5 : explain SELECT c FROM sbtest5 WHERE id=1362615
	Index Scan using sbtest5_pkey on sbtest5  (cost=0.43..8.45 rows=1 width=121)
	  Index Cond: (id = 1362615)

table 6 : explain SELECT c FROM sbtest6 WHERE id=7815724
	Index Scan using sbtest6_pkey on sbtest6  (cost=0.43..8.45 rows=1 width=121)
	  Index Cond: (id = 7815724)

table 7 : explain SELECT c FROM sbtest7 WHERE id=7606060
	Index Scan using sbtest7_pkey on sbtest7  (cost=0.43..8.45 rows=1 width=121)
	  Index Cond: (id = 7606060)

table 8 : explain SELECT c FROM sbtest8 WHERE id=5254989
	Index Scan using sbtest8_pkey on sbtest8  (cost=0.43..8.45 rows=1 width=121)
	  Index Cond: (id = 5254989)

for point_selects
table 1 : explain SELECT c FROM sbtest1 WHERE id=9570436
	Index Scan using sbtest1_pkey on sbtest1  (cost=0.43..8.45 rows=1 width=121)
	  Index Cond: (id = 9570436)

table 2 : explain SELECT c FROM sbtest2 WHERE id=8459319
	Index Scan using sbtest2_pkey on sbtest2  (cost=0.43..8.45 rows=1 width=121)
	  Index Cond: (id = 8459319)

table 3 : explain SELECT c FROM sbtest3 WHERE id=6140263
	Index Scan using sbtest3_pkey on sbtest3  (cost=0.43..8.45 rows=1 width=121)
	  Index Cond: (id = 6140263)

table 4 : explain SELECT c FROM sbtest4 WHERE id=76174
	Index Scan using sbtest4_pkey on sbtest4  (cost=0.43..8.45 rows=1 width=121)
	  Index Cond: (id = 76174)

table 5 : explain SELECT c FROM sbtest5 WHERE id=5884244
	Index Scan using sbtest5_pkey on sbtest5  (cost=0.43..8.45 rows=1 width=121)
	  Index Cond: (id = 5884244)

table 6 : explain SELECT c FROM sbtest6 WHERE id=3017906
	Index Scan using sbtest6_pkey on sbtest6  (cost=0.43..8.45 rows=1 width=121)
	  Index Cond: (id = 3017906)

table 7 : explain SELECT c FROM sbtest7 WHERE id=6147197
	Index Scan using sbtest7_pkey on sbtest7  (cost=0.43..8.45 rows=1 width=121)
	  Index Cond: (id = 6147197)

table 8 : explain SELECT c FROM sbtest8 WHERE id=4219619
	Index Scan using sbtest8_pkey on sbtest8  (cost=0.43..8.45 rows=1 width=121)
	  Index Cond: (id = 4219619)


for point_selects
table 1 : explain SELECT c FROM sbtest1 WHERE id=5612578
	Index Scan using sbtest1_pkey on sbtest1  (cost=0.43..8.45 rows=1 width=121)
	  Index Cond: (id = 5612578)

table 2 : explain SELECT c FROM sbtest2 WHERE id=9845374
	Index Scan using sbtest2_pkey on sbtest2  (cost=0.43..8.45 rows=1 width=121)
	  Index Cond: (id = 9845374)

table 3 : explain SELECT c FROM sbtest3 WHERE id=9075675
	Index Scan using sbtest3_pkey on sbtest3  (cost=0.43..8.45 rows=1 width=121)
	  Index Cond: (id = 9075675)

table 4 : explain SELECT c FROM sbtest4 WHERE id=2773971
	Index Scan using sbtest4_pkey on sbtest4  (cost=0.43..8.45 rows=1 width=121)
	  Index Cond: (id = 2773971)

table 5 : explain SELECT c FROM sbtest5 WHERE id=1714322
	Index Scan using sbtest5_pkey on sbtest5  (cost=0.43..8.45 rows=1 width=121)
	  Index Cond: (id = 1714322)

table 6 : explain SELECT c FROM sbtest6 WHERE id=5083234
	Index Scan using sbtest6_pkey on sbtest6  (cost=0.43..8.45 rows=1 width=121)
	  Index Cond: (id = 5083234)

table 7 : explain SELECT c FROM sbtest7 WHERE id=9332704
	Index Scan using sbtest7_pkey on sbtest7  (cost=0.43..8.45 rows=1 width=121)
	  Index Cond: (id = 9332704)

table 8 : explain SELECT c FROM sbtest8 WHERE id=7430995
	Index Scan using sbtest8_pkey on sbtest8  (cost=0.43..8.45 rows=1 width=121)
	  Index Cond: (id = 7430995)

for point_selects
table 1 : explain SELECT c FROM sbtest1 WHERE id=310467
	Index Scan using sbtest1_pkey on sbtest1  (cost=0.43..8.45 rows=1 width=121)
	  Index Cond: (id = 310467)

table 2 : explain SELECT c FROM sbtest2 WHERE id=2788719
	Index Scan using sbtest2_pkey on sbtest2  (cost=0.43..8.45 rows=1 width=121)
	  Index Cond: (id = 2788719)

table 3 : explain SELECT c FROM sbtest3 WHERE id=2410541
	Index Scan using sbtest3_pkey on sbtest3  (cost=0.43..8.45 rows=1 width=121)
	  Index Cond: (id = 2410541)

table 4 : explain SELECT c FROM sbtest4 WHERE id=1183052
	Index Scan using sbtest4_pkey on sbtest4  (cost=0.43..8.45 rows=1 width=121)
	  Index Cond: (id = 1183052)

table 5 : explain SELECT c FROM sbtest5 WHERE id=5818666
	Index Scan using sbtest5_pkey on sbtest5  (cost=0.43..8.45 rows=1 width=121)
	  Index Cond: (id = 5818666)

table 6 : explain SELECT c FROM sbtest6 WHERE id=9308402
	Index Scan using sbtest6_pkey on sbtest6  (cost=0.43..8.45 rows=1 width=121)
	  Index Cond: (id = 9308402)

table 7 : explain SELECT c FROM sbtest7 WHERE id=27624
	Index Scan using sbtest7_pkey on sbtest7  (cost=0.43..8.45 rows=1 width=121)
	  Index Cond: (id = 27624)

table 8 : explain SELECT c FROM sbtest8 WHERE id=8847530
	Index Scan using sbtest8_pkey on sbtest8  (cost=0.43..8.45 rows=1 width=121)
	  Index Cond: (id = 8847530)

for point_selects
table 1 : explain SELECT c FROM sbtest1 WHERE id=9860476
	Index Scan using sbtest1_pkey on sbtest1  (cost=0.43..8.45 rows=1 width=121)
	  Index Cond: (id = 9860476)

table 2 : explain SELECT c FROM sbtest2 WHERE id=5165042
	Index Scan using sbtest2_pkey on sbtest2  (cost=0.43..8.45 rows=1 width=121)
	  Index Cond: (id = 5165042)

table 3 : explain SELECT c FROM sbtest3 WHERE id=3745134
	Index Scan using sbtest3_pkey on sbtest3  (cost=0.43..8.45 rows=1 width=121)
	  Index Cond: (id = 3745134)

table 4 : explain SELECT c FROM sbtest4 WHERE id=5988622
	Index Scan using sbtest4_pkey on sbtest4  (cost=0.43..8.45 rows=1 width=121)
	  Index Cond: (id = 5988622)

table 5 : explain SELECT c FROM sbtest5 WHERE id=1774330
	Index Scan using sbtest5_pkey on sbtest5  (cost=0.43..8.45 rows=1 width=121)
	  Index Cond: (id = 1774330)

table 6 : explain SELECT c FROM sbtest6 WHERE id=1354968
	Index Scan using sbtest6_pkey on sbtest6  (cost=0.43..8.45 rows=1 width=121)
	  Index Cond: (id = 1354968)

table 7 : explain SELECT c FROM sbtest7 WHERE id=6296650
	Index Scan using sbtest7_pkey on sbtest7  (cost=0.43..8.45 rows=1 width=121)
	  Index Cond: (id = 6296650)

table 8 : explain SELECT c FROM sbtest8 WHERE id=1612730
	Index Scan using sbtest8_pkey on sbtest8  (cost=0.43..8.45 rows=1 width=121)
	  Index Cond: (id = 1612730)


for point_selects
table 1 : explain SELECT c FROM sbtest1 WHERE id=4330400
	Index Scan using sbtest1_pkey on sbtest1  (cost=0.43..8.45 rows=1 width=121)
	  Index Cond: (id = 4330400)

table 2 : explain SELECT c FROM sbtest2 WHERE id=8267978
	Index Scan using sbtest2_pkey on sbtest2  (cost=0.43..8.45 rows=1 width=121)
	  Index Cond: (id = 8267978)

table 3 : explain SELECT c FROM sbtest3 WHERE id=9353909
	Index Scan using sbtest3_pkey on sbtest3  (cost=0.43..8.45 rows=1 width=121)
	  Index Cond: (id = 9353909)

table 4 : explain SELECT c FROM sbtest4 WHERE id=9594038
	Index Scan using sbtest4_pkey on sbtest4  (cost=0.43..8.45 rows=1 width=121)
	  Index Cond: (id = 9594038)

table 5 : explain SELECT c FROM sbtest5 WHERE id=9008015
	Index Scan using sbtest5_pkey on sbtest5  (cost=0.43..8.45 rows=1 width=121)
	  Index Cond: (id = 9008015)

table 6 : explain SELECT c FROM sbtest6 WHERE id=966824
	Index Scan using sbtest6_pkey on sbtest6  (cost=0.43..8.45 rows=1 width=121)
	  Index Cond: (id = 966824)

table 7 : explain SELECT c FROM sbtest7 WHERE id=4304995
	Index Scan using sbtest7_pkey on sbtest7  (cost=0.43..8.45 rows=1 width=121)
	  Index Cond: (id = 4304995)

table 8 : explain SELECT c FROM sbtest8 WHERE id=3101706
	Index Scan using sbtest8_pkey on sbtest8  (cost=0.43..8.45 rows=1 width=121)
	  Index Cond: (id = 3101706)

for point_selects
table 1 : explain SELECT c FROM sbtest1 WHERE id=8838010
	Index Scan using sbtest1_pkey on sbtest1  (cost=0.43..8.45 rows=1 width=121)
	  Index Cond: (id = 8838010)

table 2 : explain SELECT c FROM sbtest2 WHERE id=1318828
	Index Scan using sbtest2_pkey on sbtest2  (cost=0.43..8.45 rows=1 width=121)
	  Index Cond: (id = 1318828)

table 3 : explain SELECT c FROM sbtest3 WHERE id=4010712
	Index Scan using sbtest3_pkey on sbtest3  (cost=0.43..8.45 rows=1 width=121)
	  Index Cond: (id = 4010712)

table 4 : explain SELECT c FROM sbtest4 WHERE id=1244576
	Index Scan using sbtest4_pkey on sbtest4  (cost=0.43..8.45 rows=1 width=121)
	  Index Cond: (id = 1244576)

table 5 : explain SELECT c FROM sbtest5 WHERE id=8106794
	Index Scan using sbtest5_pkey on sbtest5  (cost=0.43..8.45 rows=1 width=121)
	  Index Cond: (id = 8106794)

table 6 : explain SELECT c FROM sbtest6 WHERE id=8431156
	Index Scan using sbtest6_pkey on sbtest6  (cost=0.43..8.45 rows=1 width=121)
	  Index Cond: (id = 8431156)

table 7 : explain SELECT c FROM sbtest7 WHERE id=4281508
	Index Scan using sbtest7_pkey on sbtest7  (cost=0.43..8.45 rows=1 width=121)
	  Index Cond: (id = 4281508)

table 8 : explain SELECT c FROM sbtest8 WHERE id=7221732
	Index Scan using sbtest8_pkey on sbtest8  (cost=0.43..8.45 rows=1 width=121)
	  Index Cond: (id = 7221732)

explain: for point_selects :: explain SELECT c FROM sbtest%u WHERE id=%u
for point_selects
table 1 : explain SELECT c FROM sbtest1 WHERE id=5317441
	Index Scan using sbtest1_pkey on sbtest1  (cost=0.43..8.45 rows=1 width=121)
	  Index Cond: (id = 5317441)

table 2 : explain SELECT c FROM sbtest2 WHERE id=9450240
	Index Scan using sbtest2_pkey on sbtest2  (cost=0.43..8.45 rows=1 width=121)
	  Index Cond: (id = 9450240)

table 3 : explain SELECT c FROM sbtest3 WHERE id=2387158
	Index Scan using sbtest3_pkey on sbtest3  (cost=0.43..8.45 rows=1 width=121)
	  Index Cond: (id = 2387158)

table 4 : explain SELECT c FROM sbtest4 WHERE id=2026580
	Index Scan using sbtest4_pkey on sbtest4  (cost=0.43..8.45 rows=1 width=121)
	  Index Cond: (id = 2026580)

table 5 : explain SELECT c FROM sbtest5 WHERE id=4611362
	Index Scan using sbtest5_pkey on sbtest5  (cost=0.43..8.45 rows=1 width=121)
	  Index Cond: (id = 4611362)

table 6 : explain SELECT c FROM sbtest6 WHERE id=426272
	Index Scan using sbtest6_pkey on sbtest6  (cost=0.43..8.45 rows=1 width=121)
	  Index Cond: (id = 426272)

table 7 : explain SELECT c FROM sbtest7 WHERE id=2976474
	Index Scan using sbtest7_pkey on sbtest7  (cost=0.43..8.45 rows=1 width=121)
	  Index Cond: (id = 2976474)

table 8 : explain SELECT c FROM sbtest8 WHERE id=6186988
	Index Scan using sbtest8_pkey on sbtest8  (cost=0.43..8.45 rows=1 width=121)
	  Index Cond: (id = 6186988)

explain: for point_selects :: explain SELECT c FROM sbtest%u WHERE id=%u
explain: for point_selects :: explain SELECT c FROM sbtest%u WHERE id=%u
explain: for point_selects :: explain SELECT c FROM sbtest%u WHERE id=%u
for point_selects
table 1 : explain SELECT c FROM sbtest1 WHERE id=3812040
	Index Scan using sbtest1_pkey on sbtest1  (cost=0.43..8.45 rows=1 width=121)
	  Index Cond: (id = 3812040)

table 2 : explain SELECT c FROM sbtest2 WHERE id=1455233
	Index Scan using sbtest2_pkey on sbtest2  (cost=0.43..8.45 rows=1 width=121)
	  Index Cond: (id = 1455233)

table 3 : explain SELECT c FROM sbtest3 WHERE id=5812397
	Index Scan using sbtest3_pkey on sbtest3  (cost=0.43..8.45 rows=1 width=121)
	  Index Cond: (id = 5812397)

table 4 : explain SELECT c FROM sbtest4 WHERE id=3960507
	Index Scan using sbtest4_pkey on sbtest4  (cost=0.43..8.45 rows=1 width=121)
	  Index Cond: (id = 3960507)

table 5 : explain SELECT c FROM sbtest5 WHERE id=6706206
	Index Scan using sbtest5_pkey on sbtest5  (cost=0.43..8.45 rows=1 width=121)
	  Index Cond: (id = 6706206)

table 6 : explain SELECT c FROM sbtest6 WHERE id=8164657
	Index Scan using sbtest6_pkey on sbtest6  (cost=0.43..8.45 rows=1 width=121)
	  Index Cond: (id = 8164657)

table 7 : explain SELECT c FROM sbtest7 WHERE id=258315
	Index Scan using sbtest7_pkey on sbtest7  (cost=0.43..8.45 rows=1 width=121)
	  Index Cond: (id = 258315)

table 8 : explain SELECT c FROM sbtest8 WHERE id=3077537
	Index Scan using sbtest8_pkey on sbtest8  (cost=0.43..8.45 rows=1 width=121)
	  Index Cond: (id = 3077537)

for point_selects
table 1 : explain SELECT c FROM sbtest1 WHERE id=6043904
	Index Scan using sbtest1_pkey on sbtest1  (cost=0.43..8.45 rows=1 width=121)
	  Index Cond: (id = 6043904)

table 2 : explain SELECT c FROM sbtest2 WHERE id=8203360
	Index Scan using sbtest2_pkey on sbtest2  (cost=0.43..8.45 rows=1 width=121)
	  Index Cond: (id = 8203360)

table 3 : explain SELECT c FROM sbtest3 WHERE id=8964324
	Index Scan using sbtest3_pkey on sbtest3  (cost=0.43..8.45 rows=1 width=121)
	  Index Cond: (id = 8964324)

table 4 : explain SELECT c FROM sbtest4 WHERE id=697464
	Index Scan using sbtest4_pkey on sbtest4  (cost=0.43..8.45 rows=1 width=121)
	  Index Cond: (id = 697464)

table 5 : explain SELECT c FROM sbtest5 WHERE id=7352878
	Index Scan using sbtest5_pkey on sbtest5  (cost=0.43..8.45 rows=1 width=121)
	  Index Cond: (id = 7352878)

table 6 : explain SELECT c FROM sbtest6 WHERE id=2687321
	Index Scan using sbtest6_pkey on sbtest6  (cost=0.43..8.45 rows=1 width=121)
	  Index Cond: (id = 2687321)

table 7 : explain SELECT c FROM sbtest7 WHERE id=2835005
	Index Scan using sbtest7_pkey on sbtest7  (cost=0.43..8.45 rows=1 width=121)
	  Index Cond: (id = 2835005)

table 8 : explain SELECT c FROM sbtest8 WHERE id=3620908
	Index Scan using sbtest8_pkey on sbtest8  (cost=0.43..8.45 rows=1 width=121)
	  Index Cond: (id = 3620908)

explain: for point_selects :: explain SELECT c FROM sbtest%u WHERE id=%u
for point_selects
table 1 : explain SELECT c FROM sbtest1 WHERE id=1126544
	Index Scan using sbtest1_pkey on sbtest1  (cost=0.43..8.45 rows=1 width=121)
	  Index Cond: (id = 1126544)

table 2 : explain SELECT c FROM sbtest2 WHERE id=5782931
	Index Scan using sbtest2_pkey on sbtest2  (cost=0.43..8.45 rows=1 width=121)
	  Index Cond: (id = 5782931)

table 3 : explain SELECT c FROM sbtest3 WHERE id=8715281
	Index Scan using sbtest3_pkey on sbtest3  (cost=0.43..8.45 rows=1 width=121)
	  Index Cond: (id = 8715281)

table 4 : explain SELECT c FROM sbtest4 WHERE id=29029
	Index Scan using sbtest4_pkey on sbtest4  (cost=0.43..8.45 rows=1 width=121)
	  Index Cond: (id = 29029)

table 5 : explain SELECT c FROM sbtest5 WHERE id=5602127
	Index Scan using sbtest5_pkey on sbtest5  (cost=0.43..8.45 rows=1 width=121)
	  Index Cond: (id = 5602127)

table 6 : explain SELECT c FROM sbtest6 WHERE id=9657212
	Index Scan using sbtest6_pkey on sbtest6  (cost=0.43..8.45 rows=1 width=121)
	  Index Cond: (id = 9657212)

table 7 : explain SELECT c FROM sbtest7 WHERE id=2779939
	Index Scan using sbtest7_pkey on sbtest7  (cost=0.43..8.45 rows=1 width=121)
	  Index Cond: (id = 2779939)

table 8 : explain SELECT c FROM sbtest8 WHERE id=3223102
	Index Scan using sbtest8_pkey on sbtest8  (cost=0.43..8.45 rows=1 width=121)
	  Index Cond: (id = 3223102)

for point_selects
table 1 : explain SELECT c FROM sbtest1 WHERE id=3537282
	Index Scan using sbtest1_pkey on sbtest1  (cost=0.43..8.45 rows=1 width=121)
	  Index Cond: (id = 3537282)

table 2 : explain SELECT c FROM sbtest2 WHERE id=1288067
	Index Scan using sbtest2_pkey on sbtest2  (cost=0.43..8.45 rows=1 width=121)
	  Index Cond: (id = 1288067)

table 3 : explain SELECT c FROM sbtest3 WHERE id=2627862
	Index Scan using sbtest3_pkey on sbtest3  (cost=0.43..8.45 rows=1 width=121)
	  Index Cond: (id = 2627862)

table 4 : explain SELECT c FROM sbtest4 WHERE id=6669727
	Index Scan using sbtest4_pkey on sbtest4  (cost=0.43..8.45 rows=1 width=121)
	  Index Cond: (id = 6669727)

table 5 : explain SELECT c FROM sbtest5 WHERE id=4327642
	Index Scan using sbtest5_pkey on sbtest5  (cost=0.43..8.45 rows=1 width=121)
	  Index Cond: (id = 4327642)

table 6 : explain SELECT c FROM sbtest6 WHERE id=367772
	Index Scan using sbtest6_pkey on sbtest6  (cost=0.43..8.45 rows=1 width=121)
	  Index Cond: (id = 367772)

table 7 : explain SELECT c FROM sbtest7 WHERE id=3032701
	Index Scan using sbtest7_pkey on sbtest7  (cost=0.43..8.45 rows=1 width=121)
	  Index Cond: (id = 3032701)

table 8 : explain SELECT c FROM sbtest8 WHERE id=7326225
	Index Scan using sbtest8_pkey on sbtest8  (cost=0.43..8.45 rows=1 width=121)
	  Index Cond: (id = 7326225)

for point_selects
table 1 : explain SELECT c FROM sbtest1 WHERE id=6782597
	Index Scan using sbtest1_pkey on sbtest1  (cost=0.43..8.45 rows=1 width=121)
	  Index Cond: (id = 6782597)

table 2 : explain SELECT c FROM sbtest2 WHERE id=3085177
	Index Scan using sbtest2_pkey on sbtest2  (cost=0.43..8.45 rows=1 width=121)
	  Index Cond: (id = 3085177)

table 3 : explain SELECT c FROM sbtest3 WHERE id=3513909
	Index Scan using sbtest3_pkey on sbtest3  (cost=0.43..8.45 rows=1 width=121)
	  Index Cond: (id = 3513909)

table 4 : explain SELECT c FROM sbtest4 WHERE id=1493073
	Index Scan using sbtest4_pkey on sbtest4  (cost=0.43..8.45 rows=1 width=121)
	  Index Cond: (id = 1493073)

table 5 : explain SELECT c FROM sbtest5 WHERE id=7118758
	Index Scan using sbtest5_pkey on sbtest5  (cost=0.43..8.45 rows=1 width=121)
	  Index Cond: (id = 7118758)

table 6 : explain SELECT c FROM sbtest6 WHERE id=7195522
	Index Scan using sbtest6_pkey on sbtest6  (cost=0.43..8.45 rows=1 width=121)
	  Index Cond: (id = 7195522)

table 7 : explain SELECT c FROM sbtest7 WHERE id=1080289
	Index Scan using sbtest7_pkey on sbtest7  (cost=0.43..8.45 rows=1 width=121)
	  Index Cond: (id = 1080289)

table 8 : explain SELECT c FROM sbtest8 WHERE id=408749
	Index Scan using sbtest8_pkey on sbtest8  (cost=0.43..8.45 rows=1 width=121)
	  Index Cond: (id = 408749)

for point_selects
table 1 : explain SELECT c FROM sbtest1 WHERE id=1624009
	Index Scan using sbtest1_pkey on sbtest1  (cost=0.43..8.45 rows=1 width=121)
	  Index Cond: (id = 1624009)

table 2 : explain SELECT c FROM sbtest2 WHERE id=3628397
	Index Scan using sbtest2_pkey on sbtest2  (cost=0.43..8.45 rows=1 width=121)
	  Index Cond: (id = 3628397)

table 3 : explain SELECT c FROM sbtest3 WHERE id=4185939
	Index Scan using sbtest3_pkey on sbtest3  (cost=0.43..8.45 rows=1 width=121)
	  Index Cond: (id = 4185939)

table 4 : explain SELECT c FROM sbtest4 WHERE id=6155834
	Index Scan using sbtest4_pkey on sbtest4  (cost=0.43..8.45 rows=1 width=121)
	  Index Cond: (id = 6155834)

table 5 : explain SELECT c FROM sbtest5 WHERE id=7535367
	Index Scan using sbtest5_pkey on sbtest5  (cost=0.43..8.45 rows=1 width=121)
	  Index Cond: (id = 7535367)

table 6 : explain SELECT c FROM sbtest6 WHERE id=5288047
	Index Scan using sbtest6_pkey on sbtest6  (cost=0.43..8.45 rows=1 width=121)
	  Index Cond: (id = 5288047)

table 7 : explain SELECT c FROM sbtest7 WHERE id=4719596
	Index Scan using sbtest7_pkey on sbtest7  (cost=0.43..8.45 rows=1 width=121)
	  Index Cond: (id = 4719596)

table 8 : explain SELECT c FROM sbtest8 WHERE id=4526837
	Index Scan using sbtest8_pkey on sbtest8  (cost=0.43..8.45 rows=1 width=121)
	  Index Cond: (id = 4526837)

for point_selects
table 1 : explain SELECT c FROM sbtest1 WHERE id=7399828
	Index Scan using sbtest1_pkey on sbtest1  (cost=0.43..8.45 rows=1 width=121)
	  Index Cond: (id = 7399828)

table 2 : explain SELECT c FROM sbtest2 WHERE id=4533298
	Index Scan using sbtest2_pkey on sbtest2  (cost=0.43..8.45 rows=1 width=121)
	  Index Cond: (id = 4533298)

table 3 : explain SELECT c FROM sbtest3 WHERE id=3357245
	Index Scan using sbtest3_pkey on sbtest3  (cost=0.43..8.45 rows=1 width=121)
	  Index Cond: (id = 3357245)

table 4 : explain SELECT c FROM sbtest4 WHERE id=2264584
	Index Scan using sbtest4_pkey on sbtest4  (cost=0.43..8.45 rows=1 width=121)
	  Index Cond: (id = 2264584)

table 5 : explain SELECT c FROM sbtest5 WHERE id=7751159
	Index Scan using sbtest5_pkey on sbtest5  (cost=0.43..8.45 rows=1 width=121)
	  Index Cond: (id = 7751159)

table 6 : explain SELECT c FROM sbtest6 WHERE id=3821617
	Index Scan using sbtest6_pkey on sbtest6  (cost=0.43..8.45 rows=1 width=121)
	  Index Cond: (id = 3821617)

table 7 : explain SELECT c FROM sbtest7 WHERE id=8109337
	Index Scan using sbtest7_pkey on sbtest7  (cost=0.43..8.45 rows=1 width=121)
	  Index Cond: (id = 8109337)

table 8 : explain SELECT c FROM sbtest8 WHERE id=8613181
	Index Scan using sbtest8_pkey on sbtest8  (cost=0.43..8.45 rows=1 width=121)
	  Index Cond: (id = 8613181)

for point_selects
table 1 : explain SELECT c FROM sbtest1 WHERE id=9965274
	Index Scan using sbtest1_pkey on sbtest1  (cost=0.43..8.45 rows=1 width=121)
	  Index Cond: (id = 9965274)

table 2 : explain SELECT c FROM sbtest2 WHERE id=7896358
	Index Scan using sbtest2_pkey on sbtest2  (cost=0.43..8.45 rows=1 width=121)
	  Index Cond: (id = 7896358)

table 3 : explain SELECT c FROM sbtest3 WHERE id=8472933
	Index Scan using sbtest3_pkey on sbtest3  (cost=0.43..8.45 rows=1 width=121)
	  Index Cond: (id = 8472933)

table 4 : explain SELECT c FROM sbtest4 WHERE id=1948415
	Index Scan using sbtest4_pkey on sbtest4  (cost=0.43..8.45 rows=1 width=121)
	  Index Cond: (id = 1948415)

table 5 : explain SELECT c FROM sbtest5 WHERE id=3639991
	Index Scan using sbtest5_pkey on sbtest5  (cost=0.43..8.45 rows=1 width=121)
	  Index Cond: (id = 3639991)

table 6 : explain SELECT c FROM sbtest6 WHERE id=183337
	Index Scan using sbtest6_pkey on sbtest6  (cost=0.43..8.45 rows=1 width=121)
	  Index Cond: (id = 183337)

table 7 : explain SELECT c FROM sbtest7 WHERE id=8505473
	Index Scan using sbtest7_pkey on sbtest7  (cost=0.43..8.45 rows=1 width=121)
	  Index Cond: (id = 8505473)

table 8 : explain SELECT c FROM sbtest8 WHERE id=3222874
	Index Scan using sbtest8_pkey on sbtest8  (cost=0.43..8.45 rows=1 width=121)
	  Index Cond: (id = 3222874)

for point_selects
table 1 : explain SELECT c FROM sbtest1 WHERE id=9904309
	Index Scan using sbtest1_pkey on sbtest1  (cost=0.43..8.45 rows=1 width=121)
	  Index Cond: (id = 9904309)

table 2 : explain SELECT c FROM sbtest2 WHERE id=6301752
	Index Scan using sbtest2_pkey on sbtest2  (cost=0.43..8.45 rows=1 width=121)
	  Index Cond: (id = 6301752)

table 3 : explain SELECT c FROM sbtest3 WHERE id=5409913
	Index Scan using sbtest3_pkey on sbtest3  (cost=0.43..8.45 rows=1 width=121)
	  Index Cond: (id = 5409913)

table 4 : explain SELECT c FROM sbtest4 WHERE id=9369965
	Index Scan using sbtest4_pkey on sbtest4  (cost=0.43..8.45 rows=1 width=121)
	  Index Cond: (id = 9369965)

table 5 : explain SELECT c FROM sbtest5 WHERE id=6340971
	Index Scan using sbtest5_pkey on sbtest5  (cost=0.43..8.45 rows=1 width=121)
	  Index Cond: (id = 6340971)

table 6 : explain SELECT c FROM sbtest6 WHERE id=6921881
	Index Scan using sbtest6_pkey on sbtest6  (cost=0.43..8.45 rows=1 width=121)
	  Index Cond: (id = 6921881)

table 7 : explain SELECT c FROM sbtest7 WHERE id=8864127
	Index Scan using sbtest7_pkey on sbtest7  (cost=0.43..8.45 rows=1 width=121)
	  Index Cond: (id = 8864127)

table 8 : explain SELECT c FROM sbtest8 WHERE id=7811876
	Index Scan using sbtest8_pkey on sbtest8  (cost=0.43..8.45 rows=1 width=121)
	  Index Cond: (id = 7811876)

for point_selects
table 1 : explain SELECT c FROM sbtest1 WHERE id=8774292
	Index Scan using sbtest1_pkey on sbtest1  (cost=0.43..8.45 rows=1 width=121)
	  Index Cond: (id = 8774292)

table 2 : explain SELECT c FROM sbtest2 WHERE id=5221543
	Index Scan using sbtest2_pkey on sbtest2  (cost=0.43..8.45 rows=1 width=121)
	  Index Cond: (id = 5221543)

table 3 : explain SELECT c FROM sbtest3 WHERE id=1238792
	Index Scan using sbtest3_pkey on sbtest3  (cost=0.43..8.45 rows=1 width=121)
	  Index Cond: (id = 1238792)

table 4 : explain SELECT c FROM sbtest4 WHERE id=7909193
	Index Scan using sbtest4_pkey on sbtest4  (cost=0.43..8.45 rows=1 width=121)
	  Index Cond: (id = 7909193)

table 5 : explain SELECT c FROM sbtest5 WHERE id=3313192
	Index Scan using sbtest5_pkey on sbtest5  (cost=0.43..8.45 rows=1 width=121)
	  Index Cond: (id = 3313192)

table 6 : explain SELECT c FROM sbtest6 WHERE id=9958859
	Index Scan using sbtest6_pkey on sbtest6  (cost=0.43..8.45 rows=1 width=121)
	  Index Cond: (id = 9958859)

table 7 : explain SELECT c FROM sbtest7 WHERE id=4591147
	Index Scan using sbtest7_pkey on sbtest7  (cost=0.43..8.45 rows=1 width=121)
	  Index Cond: (id = 4591147)

table 8 : explain SELECT c FROM sbtest8 WHERE id=1881710
	Index Scan using sbtest8_pkey on sbtest8  (cost=0.43..8.45 rows=1 width=121)
	  Index Cond: (id = 1881710)

for point_selects
table 1 : explain SELECT c FROM sbtest1 WHERE id=2001100
	Index Scan using sbtest1_pkey on sbtest1  (cost=0.43..8.45 rows=1 width=121)
	  Index Cond: (id = 2001100)

table 2 : explain SELECT c FROM sbtest2 WHERE id=9320865
	Index Scan using sbtest2_pkey on sbtest2  (cost=0.43..8.45 rows=1 width=121)
	  Index Cond: (id = 9320865)

table 3 : explain SELECT c FROM sbtest3 WHERE id=9421543
	Index Scan using sbtest3_pkey on sbtest3  (cost=0.43..8.45 rows=1 width=121)
	  Index Cond: (id = 9421543)

table 4 : explain SELECT c FROM sbtest4 WHERE id=5163600
	Index Scan using sbtest4_pkey on sbtest4  (cost=0.43..8.45 rows=1 width=121)
	  Index Cond: (id = 5163600)

table 5 : explain SELECT c FROM sbtest5 WHERE id=2119792
	Index Scan using sbtest5_pkey on sbtest5  (cost=0.43..8.45 rows=1 width=121)
	  Index Cond: (id = 2119792)

table 6 : explain SELECT c FROM sbtest6 WHERE id=3995164
	Index Scan using sbtest6_pkey on sbtest6  (cost=0.43..8.45 rows=1 width=121)
	  Index Cond: (id = 3995164)

table 7 : explain SELECT c FROM sbtest7 WHERE id=2144999
	Index Scan using sbtest7_pkey on sbtest7  (cost=0.43..8.45 rows=1 width=121)
	  Index Cond: (id = 2144999)

table 8 : explain SELECT c FROM sbtest8 WHERE id=8452260
	Index Scan using sbtest8_pkey on sbtest8  (cost=0.43..8.45 rows=1 width=121)
	  Index Cond: (id = 8452260)

for point_selects
table 1 : explain SELECT c FROM sbtest1 WHERE id=368460
	Index Scan using sbtest1_pkey on sbtest1  (cost=0.43..8.45 rows=1 width=121)
	  Index Cond: (id = 368460)

table 2 : explain SELECT c FROM sbtest2 WHERE id=2652731
	Index Scan using sbtest2_pkey on sbtest2  (cost=0.43..8.45 rows=1 width=121)
	  Index Cond: (id = 2652731)

table 3 : explain SELECT c FROM sbtest3 WHERE id=1080066
	Index Scan using sbtest3_pkey on sbtest3  (cost=0.43..8.45 rows=1 width=121)
	  Index Cond: (id = 1080066)

table 4 : explain SELECT c FROM sbtest4 WHERE id=3274897
	Index Scan using sbtest4_pkey on sbtest4  (cost=0.43..8.45 rows=1 width=121)
	  Index Cond: (id = 3274897)

table 5 : explain SELECT c FROM sbtest5 WHERE id=9497267
	Index Scan using sbtest5_pkey on sbtest5  (cost=0.43..8.45 rows=1 width=121)
	  Index Cond: (id = 9497267)

table 6 : explain SELECT c FROM sbtest6 WHERE id=2137668
	Index Scan using sbtest6_pkey on sbtest6  (cost=0.43..8.45 rows=1 width=121)
	  Index Cond: (id = 2137668)

table 7 : explain SELECT c FROM sbtest7 WHERE id=7755066
	Index Scan using sbtest7_pkey on sbtest7  (cost=0.43..8.45 rows=1 width=121)
	  Index Cond: (id = 7755066)

table 8 : explain SELECT c FROM sbtest8 WHERE id=8350996
	Index Scan using sbtest8_pkey on sbtest8  (cost=0.43..8.45 rows=1 width=121)
	  Index Cond: (id = 8350996)

for point_selects
table 1 : explain SELECT c FROM sbtest1 WHERE id=5957356
	Index Scan using sbtest1_pkey on sbtest1  (cost=0.43..8.45 rows=1 width=121)
	  Index Cond: (id = 5957356)

table 2 : explain SELECT c FROM sbtest2 WHERE id=6046272
	Index Scan using sbtest2_pkey on sbtest2  (cost=0.43..8.45 rows=1 width=121)
	  Index Cond: (id = 6046272)

table 3 : explain SELECT c FROM sbtest3 WHERE id=4920098
	Index Scan using sbtest3_pkey on sbtest3  (cost=0.43..8.45 rows=1 width=121)
	  Index Cond: (id = 4920098)

table 4 : explain SELECT c FROM sbtest4 WHERE id=4190761
	Index Scan using sbtest4_pkey on sbtest4  (cost=0.43..8.45 rows=1 width=121)
	  Index Cond: (id = 4190761)

table 5 : explain SELECT c FROM sbtest5 WHERE id=9594235
	Index Scan using sbtest5_pkey on sbtest5  (cost=0.43..8.45 rows=1 width=121)
	  Index Cond: (id = 9594235)

table 6 : explain SELECT c FROM sbtest6 WHERE id=1977776
	Index Scan using sbtest6_pkey on sbtest6  (cost=0.43..8.45 rows=1 width=121)
	  Index Cond: (id = 1977776)

table 7 : explain SELECT c FROM sbtest7 WHERE id=7767308
	Index Scan using sbtest7_pkey on sbtest7  (cost=0.43..8.45 rows=1 width=121)
	  Index Cond: (id = 7767308)

table 8 : explain SELECT c FROM sbtest8 WHERE id=1872556
	Index Scan using sbtest8_pkey on sbtest8  (cost=0.43..8.45 rows=1 width=121)
	  Index Cond: (id = 1872556)

for point_selects
table 1 : explain SELECT c FROM sbtest1 WHERE id=955109
	Index Scan using sbtest1_pkey on sbtest1  (cost=0.43..8.45 rows=1 width=121)
	  Index Cond: (id = 955109)

table 2 : explain SELECT c FROM sbtest2 WHERE id=912523
	Index Scan using sbtest2_pkey on sbtest2  (cost=0.43..8.45 rows=1 width=121)
	  Index Cond: (id = 912523)

table 3 : explain SELECT c FROM sbtest3 WHERE id=7055940
	Index Scan using sbtest3_pkey on sbtest3  (cost=0.43..8.45 rows=1 width=121)
	  Index Cond: (id = 7055940)

table 4 : explain SELECT c FROM sbtest4 WHERE id=7333896
	Index Scan using sbtest4_pkey on sbtest4  (cost=0.43..8.45 rows=1 width=121)
	  Index Cond: (id = 7333896)

table 5 : explain SELECT c FROM sbtest5 WHERE id=3622482
	Index Scan using sbtest5_pkey on sbtest5  (cost=0.43..8.45 rows=1 width=121)
	  Index Cond: (id = 3622482)

table 6 : explain SELECT c FROM sbtest6 WHERE id=2700312
	Index Scan using sbtest6_pkey on sbtest6  (cost=0.43..8.45 rows=1 width=121)
	  Index Cond: (id = 2700312)

table 7 : explain SELECT c FROM sbtest7 WHERE id=4876247
	Index Scan using sbtest7_pkey on sbtest7  (cost=0.43..8.45 rows=1 width=121)
	  Index Cond: (id = 4876247)

table 8 : explain SELECT c FROM sbtest8 WHERE id=1984226
	Index Scan using sbtest8_pkey on sbtest8  (cost=0.43..8.45 rows=1 width=121)
	  Index Cond: (id = 1984226)

for point_selects
table 1 : explain SELECT c FROM sbtest1 WHERE id=6201044
	Index Scan using sbtest1_pkey on sbtest1  (cost=0.43..8.45 rows=1 width=121)
	  Index Cond: (id = 6201044)

table 2 : explain SELECT c FROM sbtest2 WHERE id=6334199
	Index Scan using sbtest2_pkey on sbtest2  (cost=0.43..8.45 rows=1 width=121)
	  Index Cond: (id = 6334199)

table 3 : explain SELECT c FROM sbtest3 WHERE id=9817513
	Index Scan using sbtest3_pkey on sbtest3  (cost=0.43..8.45 rows=1 width=121)
	  Index Cond: (id = 9817513)

table 4 : explain SELECT c FROM sbtest4 WHERE id=1889112
	Index Scan using sbtest4_pkey on sbtest4  (cost=0.43..8.45 rows=1 width=121)
	  Index Cond: (id = 1889112)

table 5 : explain SELECT c FROM sbtest5 WHERE id=2777106
	Index Scan using sbtest5_pkey on sbtest5  (cost=0.43..8.45 rows=1 width=121)
	  Index Cond: (id = 2777106)

table 6 : explain SELECT c FROM sbtest6 WHERE id=9995998
	Index Scan using sbtest6_pkey on sbtest6  (cost=0.43..8.45 rows=1 width=121)
	  Index Cond: (id = 9995998)

table 7 : explain SELECT c FROM sbtest7 WHERE id=652014
	Index Scan using sbtest7_pkey on sbtest7  (cost=0.43..8.45 rows=1 width=121)
	  Index Cond: (id = 652014)

table 8 : explain SELECT c FROM sbtest8 WHERE id=823088
	Index Scan using sbtest8_pkey on sbtest8  (cost=0.43..8.45 rows=1 width=121)
	  Index Cond: (id = 823088)

for point_selects
table 1 : explain SELECT c FROM sbtest1 WHERE id=6325028
	Index Scan using sbtest1_pkey on sbtest1  (cost=0.43..8.45 rows=1 width=121)
	  Index Cond: (id = 6325028)

table 2 : explain SELECT c FROM sbtest2 WHERE id=1652372
	Index Scan using sbtest2_pkey on sbtest2  (cost=0.43..8.45 rows=1 width=121)
	  Index Cond: (id = 1652372)

table 3 : explain SELECT c FROM sbtest3 WHERE id=488440
	Index Scan using sbtest3_pkey on sbtest3  (cost=0.43..8.45 rows=1 width=121)
	  Index Cond: (id = 488440)

table 4 : explain SELECT c FROM sbtest4 WHERE id=8571844
	Index Scan using sbtest4_pkey on sbtest4  (cost=0.43..8.45 rows=1 width=121)
	  Index Cond: (id = 8571844)

table 5 : explain SELECT c FROM sbtest5 WHERE id=5972955
	Index Scan using sbtest5_pkey on sbtest5  (cost=0.43..8.45 rows=1 width=121)
	  Index Cond: (id = 5972955)

table 6 : explain SELECT c FROM sbtest6 WHERE id=6341786
	Index Scan using sbtest6_pkey on sbtest6  (cost=0.43..8.45 rows=1 width=121)
	  Index Cond: (id = 6341786)

table 7 : explain SELECT c FROM sbtest7 WHERE id=1203192
	Index Scan using sbtest7_pkey on sbtest7  (cost=0.43..8.45 rows=1 width=121)
	  Index Cond: (id = 1203192)

table 8 : explain SELECT c FROM sbtest8 WHERE id=2201706
	Index Scan using sbtest8_pkey on sbtest8  (cost=0.43..8.45 rows=1 width=121)
	  Index Cond: (id = 2201706)

for point_selects
table 1 : explain SELECT c FROM sbtest1 WHERE id=1614267
	Index Scan using sbtest1_pkey on sbtest1  (cost=0.43..8.45 rows=1 width=121)
	  Index Cond: (id = 1614267)

table 2 : explain SELECT c FROM sbtest2 WHERE id=1533297
	Index Scan using sbtest2_pkey on sbtest2  (cost=0.43..8.45 rows=1 width=121)
	  Index Cond: (id = 1533297)

table 3 : explain SELECT c FROM sbtest3 WHERE id=1647768
	Index Scan using sbtest3_pkey on sbtest3  (cost=0.43..8.45 rows=1 width=121)
	  Index Cond: (id = 1647768)

table 4 : explain SELECT c FROM sbtest4 WHERE id=4428573
	Index Scan using sbtest4_pkey on sbtest4  (cost=0.43..8.45 rows=1 width=121)
	  Index Cond: (id = 4428573)

table 5 : explain SELECT c FROM sbtest5 WHERE id=8154955
	Index Scan using sbtest5_pkey on sbtest5  (cost=0.43..8.45 rows=1 width=121)
	  Index Cond: (id = 8154955)

table 6 : explain SELECT c FROM sbtest6 WHERE id=3196932
	Index Scan using sbtest6_pkey on sbtest6  (cost=0.43..8.45 rows=1 width=121)
	  Index Cond: (id = 3196932)

table 7 : explain SELECT c FROM sbtest7 WHERE id=9532748
	Index Scan using sbtest7_pkey on sbtest7  (cost=0.43..8.45 rows=1 width=121)
	  Index Cond: (id = 9532748)

table 8 : explain SELECT c FROM sbtest8 WHERE id=4394160
	Index Scan using sbtest8_pkey on sbtest8  (cost=0.43..8.45 rows=1 width=121)
	  Index Cond: (id = 4394160)

for point_selects
table 1 : explain SELECT c FROM sbtest1 WHERE id=9451374
	Index Scan using sbtest1_pkey on sbtest1  (cost=0.43..8.45 rows=1 width=121)
	  Index Cond: (id = 9451374)

table 2 : explain SELECT c FROM sbtest2 WHERE id=196697
	Index Scan using sbtest2_pkey on sbtest2  (cost=0.43..8.45 rows=1 width=121)
	  Index Cond: (id = 196697)

table 3 : explain SELECT c FROM sbtest3 WHERE id=8128966
	Index Scan using sbtest3_pkey on sbtest3  (cost=0.43..8.45 rows=1 width=121)
	  Index Cond: (id = 8128966)

table 4 : explain SELECT c FROM sbtest4 WHERE id=6244128
	Index Scan using sbtest4_pkey on sbtest4  (cost=0.43..8.45 rows=1 width=121)
	  Index Cond: (id = 6244128)

table 5 : explain SELECT c FROM sbtest5 WHERE id=5608360
	Index Scan using sbtest5_pkey on sbtest5  (cost=0.43..8.45 rows=1 width=121)
	  Index Cond: (id = 5608360)

table 6 : explain SELECT c FROM sbtest6 WHERE id=9737153
	Index Scan using sbtest6_pkey on sbtest6  (cost=0.43..8.45 rows=1 width=121)
	  Index Cond: (id = 9737153)

table 7 : explain SELECT c FROM sbtest7 WHERE id=2165966
	Index Scan using sbtest7_pkey on sbtest7  (cost=0.43..8.45 rows=1 width=121)
	  Index Cond: (id = 2165966)

table 8 : explain SELECT c FROM sbtest8 WHERE id=2485171
	Index Scan using sbtest8_pkey on sbtest8  (cost=0.43..8.45 rows=1 width=121)
	  Index Cond: (id = 2485171)

for point_selects
table 1 : explain SELECT c FROM sbtest1 WHERE id=6353268
	Index Scan using sbtest1_pkey on sbtest1  (cost=0.43..8.45 rows=1 width=121)
	  Index Cond: (id = 6353268)

table 2 : explain SELECT c FROM sbtest2 WHERE id=6230101
	Index Scan using sbtest2_pkey on sbtest2  (cost=0.43..8.45 rows=1 width=121)
	  Index Cond: (id = 6230101)

table 3 : explain SELECT c FROM sbtest3 WHERE id=1366425
	Index Scan using sbtest3_pkey on sbtest3  (cost=0.43..8.45 rows=1 width=121)
	  Index Cond: (id = 1366425)

table 4 : explain SELECT c FROM sbtest4 WHERE id=3307788
	Index Scan using sbtest4_pkey on sbtest4  (cost=0.43..8.45 rows=1 width=121)
	  Index Cond: (id = 3307788)

table 5 : explain SELECT c FROM sbtest5 WHERE id=3678168
	Index Scan using sbtest5_pkey on sbtest5  (cost=0.43..8.45 rows=1 width=121)
	  Index Cond: (id = 3678168)

table 6 : explain SELECT c FROM sbtest6 WHERE id=7984471
	Index Scan using sbtest6_pkey on sbtest6  (cost=0.43..8.45 rows=1 width=121)
	  Index Cond: (id = 7984471)

table 7 : explain SELECT c FROM sbtest7 WHERE id=2799295
	Index Scan using sbtest7_pkey on sbtest7  (cost=0.43..8.45 rows=1 width=121)
	  Index Cond: (id = 2799295)

table 8 : explain SELECT c FROM sbtest8 WHERE id=769725
	Index Scan using sbtest8_pkey on sbtest8  (cost=0.43..8.45 rows=1 width=121)
	  Index Cond: (id = 769725)

for point_selects
table 1 : explain SELECT c FROM sbtest1 WHERE id=1405832
	Index Scan using sbtest1_pkey on sbtest1  (cost=0.43..8.45 rows=1 width=121)
	  Index Cond: (id = 1405832)

table 2 : explain SELECT c FROM sbtest2 WHERE id=4888020
	Index Scan using sbtest2_pkey on sbtest2  (cost=0.43..8.45 rows=1 width=121)
	  Index Cond: (id = 4888020)

table 3 : explain SELECT c FROM sbtest3 WHERE id=3002255
	Index Scan using sbtest3_pkey on sbtest3  (cost=0.43..8.45 rows=1 width=121)
	  Index Cond: (id = 3002255)

table 4 : explain SELECT c FROM sbtest4 WHERE id=8969968
	Index Scan using sbtest4_pkey on sbtest4  (cost=0.43..8.45 rows=1 width=121)
	  Index Cond: (id = 8969968)

table 5 : explain SELECT c FROM sbtest5 WHERE id=4737764
	Index Scan using sbtest5_pkey on sbtest5  (cost=0.43..8.45 rows=1 width=121)
	  Index Cond: (id = 4737764)

table 6 : explain SELECT c FROM sbtest6 WHERE id=6865781
	Index Scan using sbtest6_pkey on sbtest6  (cost=0.43..8.45 rows=1 width=121)
	  Index Cond: (id = 6865781)

table 7 : explain SELECT c FROM sbtest7 WHERE id=4369712
	Index Scan using sbtest7_pkey on sbtest7  (cost=0.43..8.45 rows=1 width=121)
	  Index Cond: (id = 4369712)

table 8 : explain SELECT c FROM sbtest8 WHERE id=5426367
	Index Scan using sbtest8_pkey on sbtest8  (cost=0.43..8.45 rows=1 width=121)
	  Index Cond: (id = 5426367)

for point_selects
table 1 : explain SELECT c FROM sbtest1 WHERE id=543472
	Index Scan using sbtest1_pkey on sbtest1  (cost=0.43..8.45 rows=1 width=121)
	  Index Cond: (id = 543472)

table 2 : explain SELECT c FROM sbtest2 WHERE id=9098702
	Index Scan using sbtest2_pkey on sbtest2  (cost=0.43..8.45 rows=1 width=121)
	  Index Cond: (id = 9098702)

table 3 : explain SELECT c FROM sbtest3 WHERE id=6005366
	Index Scan using sbtest3_pkey on sbtest3  (cost=0.43..8.45 rows=1 width=121)
	  Index Cond: (id = 6005366)

table 4 : explain SELECT c FROM sbtest4 WHERE id=4666759
	Index Scan using sbtest4_pkey on sbtest4  (cost=0.43..8.45 rows=1 width=121)
	  Index Cond: (id = 4666759)

table 5 : explain SELECT c FROM sbtest5 WHERE id=6163064
	Index Scan using sbtest5_pkey on sbtest5  (cost=0.43..8.45 rows=1 width=121)
	  Index Cond: (id = 6163064)

table 6 : explain SELECT c FROM sbtest6 WHERE id=7290714
	Index Scan using sbtest6_pkey on sbtest6  (cost=0.43..8.45 rows=1 width=121)
	  Index Cond: (id = 7290714)

table 7 : explain SELECT c FROM sbtest7 WHERE id=4771557
	Index Scan using sbtest7_pkey on sbtest7  (cost=0.43..8.45 rows=1 width=121)
	  Index Cond: (id = 4771557)

table 8 : explain SELECT c FROM sbtest8 WHERE id=9645993
	Index Scan using sbtest8_pkey on sbtest8  (cost=0.43..8.45 rows=1 width=121)
	  Index Cond: (id = 9645993)

for point_selects
table 1 : explain SELECT c FROM sbtest1 WHERE id=4188165
	Index Scan using sbtest1_pkey on sbtest1  (cost=0.43..8.45 rows=1 width=121)
	  Index Cond: (id = 4188165)

table 2 : explain SELECT c FROM sbtest2 WHERE id=9141788
	Index Scan using sbtest2_pkey on sbtest2  (cost=0.43..8.45 rows=1 width=121)
	  Index Cond: (id = 9141788)

table 3 : explain SELECT c FROM sbtest3 WHERE id=9813675
	Index Scan using sbtest3_pkey on sbtest3  (cost=0.43..8.45 rows=1 width=121)
	  Index Cond: (id = 9813675)

table 4 : explain SELECT c FROM sbtest4 WHERE id=8488669
	Index Scan using sbtest4_pkey on sbtest4  (cost=0.43..8.45 rows=1 width=121)
	  Index Cond: (id = 8488669)

table 5 : explain SELECT c FROM sbtest5 WHERE id=6431293
	Index Scan using sbtest5_pkey on sbtest5  (cost=0.43..8.45 rows=1 width=121)
	  Index Cond: (id = 6431293)

table 6 : explain SELECT c FROM sbtest6 WHERE id=1866167
	Index Scan using sbtest6_pkey on sbtest6  (cost=0.43..8.45 rows=1 width=121)
	  Index Cond: (id = 1866167)

table 7 : explain SELECT c FROM sbtest7 WHERE id=4175575
	Index Scan using sbtest7_pkey on sbtest7  (cost=0.43..8.45 rows=1 width=121)
	  Index Cond: (id = 4175575)

table 8 : explain SELECT c FROM sbtest8 WHERE id=8230222
	Index Scan using sbtest8_pkey on sbtest8  (cost=0.43..8.45 rows=1 width=121)
	  Index Cond: (id = 8230222)

Threads started!

Warming up for 5 seconds...

SQL statistics:
    queries performed:
        read:                            696632570
        write:                           0
        other:                           0
        total:                           696632570
    transactions:                        696632570 (1105737.36 per sec.)
    queries:                             696632570 (1105737.36 per sec.)
    ignored errors:                      0      (0.00 per sec.)
    reconnects:                          0      (0.00 per sec.)

Throughput:
    events/s (eps):                      1105737.3590
    time elapsed:                        630.0164s
    total number of events:              696632570

Latency (ms):
         min:                                    0.03
         avg:                                    0.04
         max:                                   24.09
         95th percentile:                        0.04
         sum:                             25016857.22

Threads fairness:
    events (avg/stddev):           17415790.1750/182449.79
    execution time (avg/stddev):   625.4214/0.05

