LUA_PATH=/home/mdcallag/git/mytools/bench/sysbench.lua/lua/?.lua /home/mdcallag/git/mytools/bench/sysbench.lua/lua/sysbench --db-driver=pgsql --range-size=100 --table-size=10000000 --tables=8 --threads=40 --events=0 --warmup-time=5 --time=630 --pgsql_conn_id=true /home/mdcallag/git/mytools/bench/sysbench.lua/lua/oltp_range_covered.lua run --pgsql-user=root --pgsql-password=pw --pgsql-host=127.0.0.1 --pgsql-db=ib --rand-type=uniform --random-points=100 --skip-trx --on-id=false --covered=false
48 CPUs
sysbench 1.1.0-9072687 (using bundled LuaJIT 2.1.0-beta3)

Running the test with following options:
Number of threads: 40
Warmup time: 5s
Initializing random number generator from current time


Initializing worker threads...

explain: for range-notcovered :: explain SELECT k, c FROM sbtest%d WHERE k BETWEEN 6262792 AND 6262892
explain: for range-notcovered :: explain SELECT k, c FROM sbtest%d WHERE k BETWEEN 5746081 AND 5746181
explain: for range-notcovered :: explain SELECT k, c FROM sbtest%d WHERE k BETWEEN 7081738 AND 7081838
explain: for range-notcovered :: explain SELECT k, c FROM sbtest%d WHERE k BETWEEN 4944192 AND 4944292
explain: for range-notcovered :: explain SELECT k, c FROM sbtest%d WHERE k BETWEEN 5954040 AND 5954140
explain: for range-notcovered :: explain SELECT k, c FROM sbtest%d WHERE k BETWEEN 4128757 AND 4128857
explain: for range-notcovered :: explain SELECT k, c FROM sbtest%d WHERE k BETWEEN 8009198 AND 8009298
explain: for range-notcovered :: explain SELECT k, c FROM sbtest%d WHERE k BETWEEN 4461436 AND 4461536
explain: for range-notcovered :: explain SELECT k, c FROM sbtest%d WHERE k BETWEEN 5346008 AND 5346108
explain: for range-notcovered :: explain SELECT k, c FROM sbtest%d WHERE k BETWEEN 4721381 AND 4721481
explain: for range-notcovered :: explain SELECT k, c FROM sbtest%d WHERE k BETWEEN 6190744 AND 6190844
explain: for range-notcovered :: explain SELECT k, c FROM sbtest%d WHERE k BETWEEN 2951443 AND 2951543
explain: for range-notcovered :: explain SELECT k, c FROM sbtest%d WHERE k BETWEEN 4506587 AND 4506687
explain: for range-notcovered :: explain SELECT k, c FROM sbtest%d WHERE k BETWEEN 6165910 AND 6166010
explain: for range-notcovered :: explain SELECT k, c FROM sbtest%d WHERE k BETWEEN 8303696 AND 8303796
explain: for range-notcovered :: explain SELECT k, c FROM sbtest%d WHERE k BETWEEN 2353440 AND 2353540
explain: for range-notcovered :: explain SELECT k, c FROM sbtest%d WHERE k BETWEEN 5027797 AND 5027897
explain: for range-notcovered :: explain SELECT k, c FROM sbtest%d WHERE k BETWEEN 4431349 AND 4431449
explain: for range-notcovered :: explain SELECT k, c FROM sbtest%d WHERE k BETWEEN 5643096 AND 5643196
explain: for range-notcovered :: explain SELECT k, c FROM sbtest%d WHERE k BETWEEN 3062718 AND 3062818
explain: for range-notcovered :: explain SELECT k, c FROM sbtest%d WHERE k BETWEEN 3027490 AND 3027590
explain: for range-notcovered :: explain SELECT k, c FROM sbtest%d WHERE k BETWEEN 6877552 AND 6877652
explain: for range-notcovered :: explain SELECT k, c FROM sbtest%d WHERE k BETWEEN 2407929 AND 2408029
explain: for range-notcovered :: explain SELECT k, c FROM sbtest%d WHERE k BETWEEN 2776751 AND 2776851
explain: for range-notcovered :: explain SELECT k, c FROM sbtest%d WHERE k BETWEEN 4268992 AND 4269092
explain: for range-notcovered :: explain SELECT k, c FROM sbtest%d WHERE k BETWEEN 2369435 AND 2369535
explain: for range-notcovered :: explain SELECT k, c FROM sbtest%d WHERE k BETWEEN 8425699 AND 8425799
for range-notcovered
table 1 : explain SELECT k, c FROM sbtest1 WHERE k BETWEEN 5746081 AND 5746181
	Bitmap Heap Scan on sbtest1  (cost=5.39..373.86 rows=93 width=125)
	  Recheck Cond: ((k >= 5746081) AND (k <= 5746181))
	  ->  Bitmap Index Scan on k_1  (cost=0.00..5.36 rows=93 width=0)
	        Index Cond: ((k >= 5746081) AND (k <= 5746181))

table 2 : explain SELECT k, c FROM sbtest2 WHERE k BETWEEN 5746081 AND 5746181
	Bitmap Heap Scan on sbtest2  (cost=5.51..421.18 rows=105 width=125)
	  Recheck Cond: ((k >= 5746081) AND (k <= 5746181))
	  ->  Bitmap Index Scan on k_2  (cost=0.00..5.48 rows=105 width=0)
	        Index Cond: ((k >= 5746081) AND (k <= 5746181))

table 3 : explain SELECT k, c FROM sbtest3 WHERE k BETWEEN 5746081 AND 5746181
	Bitmap Heap Scan on sbtest3  (cost=5.45..397.53 rows=99 width=125)
	  Recheck Cond: ((k >= 5746081) AND (k <= 5746181))
	  ->  Bitmap Index Scan on k_3  (cost=0.00..5.42 rows=99 width=0)
	        Index Cond: ((k >= 5746081) AND (k <= 5746181))

table 4 : explain SELECT k, c FROM sbtest4 WHERE k BETWEEN 5746081 AND 5746181
	Bitmap Heap Scan on sbtest4  (cost=5.54..433.00 rows=108 width=125)
	  Recheck Cond: ((k >= 5746081) AND (k <= 5746181))
	  ->  Bitmap Index Scan on k_4  (cost=0.00..5.51 rows=108 width=0)
	        Index Cond: ((k >= 5746081) AND (k <= 5746181))

table 5 : explain SELECT k, c FROM sbtest5 WHERE k BETWEEN 5746081 AND 5746181
	Bitmap Heap Scan on sbtest5  (cost=5.53..429.11 rows=107 width=125)
	  Recheck Cond: ((k >= 5746081) AND (k <= 5746181))
	  ->  Bitmap Index Scan on k_5  (cost=0.00..5.50 rows=107 width=0)
	        Index Cond: ((k >= 5746081) AND (k <= 5746181))

table 6 : explain SELECT k, c FROM sbtest6 WHERE k BETWEEN 5746081 AND 5746181
	Bitmap Heap Scan on sbtest6  (cost=5.44..393.60 rows=98 width=125)
	  Recheck Cond: ((k >= 5746081) AND (k <= 5746181))
	  ->  Bitmap Index Scan on k_6  (cost=0.00..5.42 rows=98 width=0)
	        Index Cond: ((k >= 5746081) AND (k <= 5746181))

table 7 : explain SELECT k, c FROM sbtest7 WHERE k BETWEEN 5746081 AND 5746181
	Bitmap Heap Scan on sbtest7  (cost=5.57..444.88 rows=111 width=125)
	  Recheck Cond: ((k >= 5746081) AND (k <= 5746181))
	  ->  Bitmap Index Scan on k_7  (cost=0.00..5.54 rows=111 width=0)
	        Index Cond: ((k >= 5746081) AND (k <= 5746181))

table 8 : explain SELECT k, c FROM sbtest8 WHERE k BETWEEN 5746081 AND 5746181
	Bitmap Heap Scan on sbtest8  (cost=5.51..421.23 rows=105 width=125)
	  Recheck Cond: ((k >= 5746081) AND (k <= 5746181))
	  ->  Bitmap Index Scan on k_8  (cost=0.00..5.48 rows=105 width=0)
	        Index Cond: ((k >= 5746081) AND (k <= 5746181))

for range-notcovered
table 1 : explain SELECT k, c FROM sbtest1 WHERE k BETWEEN 5027797 AND 5027897
	Bitmap Heap Scan on sbtest1  (cost=5.43..389.65 rows=97 width=125)
	  Recheck Cond: ((k >= 5027797) AND (k <= 5027897))
	  ->  Bitmap Index Scan on k_1  (cost=0.00..5.40 rows=97 width=0)
	        Index Cond: ((k >= 5027797) AND (k <= 5027897))

table 2 : explain SELECT k, c FROM sbtest2 WHERE k BETWEEN 5027797 AND 5027897
	Bitmap Heap Scan on sbtest2  (cost=5.49..413.29 rows=103 width=125)
	  Recheck Cond: ((k >= 5027797) AND (k <= 5027897))
	  ->  Bitmap Index Scan on k_2  (cost=0.00..5.46 rows=103 width=0)
	        Index Cond: ((k >= 5027797) AND (k <= 5027897))

table 3 : explain SELECT k, c FROM sbtest3 WHERE k BETWEEN 5027797 AND 5027897
	Bitmap Heap Scan on sbtest3  (cost=5.48..409.36 rows=102 width=125)
	  Recheck Cond: ((k >= 5027797) AND (k <= 5027897))
	  ->  Bitmap Index Scan on k_3  (cost=0.00..5.45 rows=102 width=0)
	        Index Cond: ((k >= 5027797) AND (k <= 5027897))

table 4 : explain SELECT k, c FROM sbtest4 WHERE k BETWEEN 5027797 AND 5027897
	Bitmap Heap Scan on sbtest4  (cost=5.48..409.35 rows=102 width=125)
	  Recheck Cond: ((k >= 5027797) AND (k <= 5027897))
	  ->  Bitmap Index Scan on k_4  (cost=0.00..5.45 rows=102 width=0)
	        Index Cond: ((k >= 5027797) AND (k <= 5027897))

table 5 : explain SELECT k, c FROM sbtest5 WHERE k BETWEEN 5027797 AND 5027897
	Bitmap Heap Scan on sbtest5  (cost=5.42..385.74 rows=96 width=125)
	  Recheck Cond: ((k >= 5027797) AND (k <= 5027897))
	  ->  Bitmap Index Scan on k_5  (cost=0.00..5.39 rows=96 width=0)
	        Index Cond: ((k >= 5027797) AND (k <= 5027897))

table 6 : explain SELECT k, c FROM sbtest6 WHERE k BETWEEN 5027797 AND 5027897
	Bitmap Heap Scan on sbtest6  (cost=5.49..413.31 rows=103 width=125)
	  Recheck Cond: ((k >= 5027797) AND (k <= 5027897))
	  ->  Bitmap Index Scan on k_6  (cost=0.00..5.46 rows=103 width=0)
	        Index Cond: ((k >= 5027797) AND (k <= 5027897))

table 7 : explain SELECT k, c FROM sbtest7 WHERE k BETWEEN 5027797 AND 5027897
	Bitmap Heap Scan on sbtest7  (cost=5.54..433.06 rows=108 width=125)
	  Recheck Cond: ((k >= 5027797) AND (k <= 5027897))
	  ->  Bitmap Index Scan on k_7  (cost=0.00..5.51 rows=108 width=0)
	        Index Cond: ((k >= 5027797) AND (k <= 5027897))

table 8 : explain SELECT k, c FROM sbtest8 WHERE k BETWEEN 5027797 AND 5027897
	Bitmap Heap Scan on sbtest8  (cost=5.41..381.79 rows=95 width=125)
	  Recheck Cond: ((k >= 5027797) AND (k <= 5027897))
	  ->  Bitmap Index Scan on k_8  (cost=0.00..5.38 rows=95 width=0)
	        Index Cond: ((k >= 5027797) AND (k <= 5027897))

explain: for range-notcovered :: explain SELECT k, c FROM sbtest%d WHERE k BETWEEN 5746081 AND 5746181
explain: for range-notcovered :: explain SELECT k, c FROM sbtest%d WHERE k BETWEEN 5027797 AND 5027897
for range-notcovered
table 1 : explain SELECT k, c FROM sbtest1 WHERE k BETWEEN 4506587 AND 4506687
	Bitmap Heap Scan on sbtest1  (cost=5.46..401.48 rows=100 width=125)
	  Recheck Cond: ((k >= 4506587) AND (k <= 4506687))
	  ->  Bitmap Index Scan on k_1  (cost=0.00..5.43 rows=100 width=0)
	        Index Cond: ((k >= 4506587) AND (k <= 4506687))

table 2 : explain SELECT k, c FROM sbtest2 WHERE k BETWEEN 4506587 AND 4506687
	Bitmap Heap Scan on sbtest2  (cost=5.51..421.18 rows=105 width=125)
	  Recheck Cond: ((k >= 4506587) AND (k <= 4506687))
	  ->  Bitmap Index Scan on k_2  (cost=0.00..5.48 rows=105 width=0)
	        Index Cond: ((k >= 4506587) AND (k <= 4506687))

table 3 : explain SELECT k, c FROM sbtest3 WHERE k BETWEEN 4506587 AND 4506687
	Bitmap Heap Scan on sbtest3  (cost=5.43..389.64 rows=97 width=125)
	  Recheck Cond: ((k >= 4506587) AND (k <= 4506687))
	  ->  Bitmap Index Scan on k_3  (cost=0.00..5.40 rows=97 width=0)
	        Index Cond: ((k >= 4506587) AND (k <= 4506687))

table 4 : explain SELECT k, c FROM sbtest4 WHERE k BETWEEN 4506587 AND 4506687
	Bitmap Heap Scan on sbtest4  (cost=5.37..365.97 rows=91 width=125)
	  Recheck Cond: ((k >= 4506587) AND (k <= 4506687))
	  ->  Bitmap Index Scan on k_4  (cost=0.00..5.34 rows=91 width=0)
	        Index Cond: ((k >= 4506587) AND (k <= 4506687))

table 5 : explain SELECT k, c FROM sbtest5 WHERE k BETWEEN 4506587 AND 4506687
	Bitmap Heap Scan on sbtest5  (cost=5.47..405.46 rows=101 width=125)
	  Recheck Cond: ((k >= 4506587) AND (k <= 4506687))
	  ->  Bitmap Index Scan on k_5  (cost=0.00..5.44 rows=101 width=0)
	        Index Cond: ((k >= 4506587) AND (k <= 4506687))

table 6 : explain SELECT k, c FROM sbtest6 WHERE k BETWEEN 4506587 AND 4506687
	Bitmap Heap Scan on sbtest6  (cost=5.59..452.71 rows=113 width=125)
	  Recheck Cond: ((k >= 4506587) AND (k <= 4506687))
	  ->  Bitmap Index Scan on k_6  (cost=0.00..5.56 rows=113 width=0)
	        Index Cond: ((k >= 4506587) AND (k <= 4506687))

table 7 : explain SELECT k, c FROM sbtest7 WHERE k BETWEEN 4506587 AND 4506687
	Bitmap Heap Scan on sbtest7  (cost=5.57..444.88 rows=111 width=125)
	  Recheck Cond: ((k >= 4506587) AND (k <= 4506687))
	  ->  Bitmap Index Scan on k_7  (cost=0.00..5.54 rows=111 width=0)
	        Index Cond: ((k >= 4506587) AND (k <= 4506687))

table 8 : explain SELECT k, c FROM sbtest8 WHERE k BETWEEN 4506587 AND 4506687
	Bitmap Heap Scan on sbtest8  (cost=5.40..377.85 rows=94 width=125)
	  Recheck Cond: ((k >= 4506587) AND (k <= 4506687))
	  ->  Bitmap Index Scan on k_8  (cost=0.00..5.38 rows=94 width=0)
	        Index Cond: ((k >= 4506587) AND (k <= 4506687))

for range-notcovered
table 1 : explain SELECT k, c FROM sbtest1 WHERE k BETWEEN 8303696 AND 8303796
	Bitmap Heap Scan on sbtest1  (cost=5.46..401.48 rows=100 width=125)
	  Recheck Cond: ((k >= 8303696) AND (k <= 8303796))
	  ->  Bitmap Index Scan on k_1  (cost=0.00..5.43 rows=100 width=0)
	        Index Cond: ((k >= 8303696) AND (k <= 8303796))

table 2 : explain SELECT k, c FROM sbtest2 WHERE k BETWEEN 8303696 AND 8303796
	Bitmap Heap Scan on sbtest2  (cost=5.48..409.35 rows=102 width=125)
	  Recheck Cond: ((k >= 8303696) AND (k <= 8303796))
	  ->  Bitmap Index Scan on k_2  (cost=0.00..5.45 rows=102 width=0)
	        Index Cond: ((k >= 8303696) AND (k <= 8303796))

table 3 : explain SELECT k, c FROM sbtest3 WHERE k BETWEEN 8303696 AND 8303796
	Bitmap Heap Scan on sbtest3  (cost=5.45..397.53 rows=99 width=125)
	  Recheck Cond: ((k >= 8303696) AND (k <= 8303796))
	  ->  Bitmap Index Scan on k_3  (cost=0.00..5.42 rows=99 width=0)
	        Index Cond: ((k >= 8303696) AND (k <= 8303796))

table 4 : explain SELECT k, c FROM sbtest4 WHERE k BETWEEN 8303696 AND 8303796
	Bitmap Heap Scan on sbtest4  (cost=5.50..417.24 rows=104 width=125)
	  Recheck Cond: ((k >= 8303696) AND (k <= 8303796))
	  ->  Bitmap Index Scan on k_4  (cost=0.00..5.47 rows=104 width=0)
	        Index Cond: ((k >= 8303696) AND (k <= 8303796))

table 5 : explain SELECT k, c FROM sbtest5 WHERE k BETWEEN 8303696 AND 8303796
	Bitmap Heap Scan on sbtest5  (cost=5.47..405.46 rows=101 width=125)
	  Recheck Cond: ((k >= 8303696) AND (k <= 8303796))
	  ->  Bitmap Index Scan on k_5  (cost=0.00..5.44 rows=101 width=0)
	        Index Cond: ((k >= 8303696) AND (k <= 8303796))

table 6 : explain SELECT k, c FROM sbtest6 WHERE k BETWEEN 8303696 AND 8303796
	Bitmap Heap Scan on sbtest6  (cost=5.52..425.14 rows=106 width=125)
	  Recheck Cond: ((k >= 8303696) AND (k <= 8303796))
	  ->  Bitmap Index Scan on k_6  (cost=0.00..5.50 rows=106 width=0)
	        Index Cond: ((k >= 8303696) AND (k <= 8303796))

table 7 : explain SELECT k, c FROM sbtest7 WHERE k BETWEEN 8303696 AND 8303796
	Bitmap Heap Scan on sbtest7  (cost=5.44..393.63 rows=98 width=125)
	  Recheck Cond: ((k >= 8303696) AND (k <= 8303796))
	  ->  Bitmap Index Scan on k_7  (cost=0.00..5.42 rows=98 width=0)
	        Index Cond: ((k >= 8303696) AND (k <= 8303796))

table 8 : explain SELECT k, c FROM sbtest8 WHERE k BETWEEN 8303696 AND 8303796
	Bitmap Heap Scan on sbtest8  (cost=5.48..409.40 rows=102 width=125)
	  Recheck Cond: ((k >= 8303696) AND (k <= 8303796))
	  ->  Bitmap Index Scan on k_8  (cost=0.00..5.45 rows=102 width=0)
	        Index Cond: ((k >= 8303696) AND (k <= 8303796))
for range-notcovered
table 1 : explain SELECT k, c FROM sbtest1 WHERE k BETWEEN 5954040 AND 5954140
	Bitmap Heap Scan on sbtest1  (cost=5.48..409.36 rows=102 width=125)
	  Recheck Cond: ((k >= 5954040) AND (k <= 5954140))
	  ->  Bitmap Index Scan on k_1  (cost=0.00..5.45 rows=102 width=0)
	        Index Cond: ((k >= 5954040) AND (k <= 5954140))

table 2 : explain SELECT k, c FROM sbtest2 WHERE k BETWEEN 5954040 AND 5954140
	Bitmap Heap Scan on sbtest2  (cost=5.52..425.12 rows=106 width=125)
	  Recheck Cond: ((k >= 5954040) AND (k <= 5954140))
	  ->  Bitmap Index Scan on k_2  (cost=0.00..5.50 rows=106 width=0)
	        Index Cond: ((k >= 5954040) AND (k <= 5954140))

table 3 : explain SELECT k, c FROM sbtest3 WHERE k BETWEEN 5954040 AND 5954140
	Bitmap Heap Scan on sbtest3  (cost=5.44..393.58 rows=98 width=125)
	  Recheck Cond: ((k >= 5954040) AND (k <= 5954140))
	  ->  Bitmap Index Scan on k_3  (cost=0.00..5.42 rows=98 width=0)
	        Index Cond: ((k >= 5954040) AND (k <= 5954140))

table 4 : explain SELECT k, c FROM sbtest4 WHERE k BETWEEN 5954040 AND 5954140
	Bitmap Heap Scan on sbtest4  (cost=5.48..409.35 rows=102 width=125)
	  Recheck Cond: ((k >= 5954040) AND (k <= 5954140))
	  ->  Bitmap Index Scan on k_4  (cost=0.00..5.45 rows=102 width=0)
	        Index Cond: ((k >= 5954040) AND (k <= 5954140))

table 5 : explain SELECT k, c FROM sbtest5 WHERE k BETWEEN 5954040 AND 5954140
	Bitmap Heap Scan on sbtest5  (cost=5.51..421.23 rows=105 width=125)
	  Recheck Cond: ((k >= 5954040) AND (k <= 5954140))
	  ->  Bitmap Index Scan on k_5  (cost=0.00..5.48 rows=105 width=0)
	        Index Cond: ((k >= 5954040) AND (k <= 5954140))

table 6 : explain SELECT k, c FROM sbtest6 WHERE k BETWEEN 5954040 AND 5954140
	Bitmap Heap Scan on sbtest6  (cost=5.44..393.60 rows=98 width=125)
	  Recheck Cond: ((k >= 5954040) AND (k <= 5954140))
	  ->  Bitmap Index Scan on k_6  (cost=0.00..5.42 rows=98 width=0)
	        Index Cond: ((k >= 5954040) AND (k <= 5954140))

table 7 : explain SELECT k, c FROM sbtest7 WHERE k BETWEEN 5954040 AND 5954140
	Bitmap Heap Scan on sbtest7  (cost=5.68..484.25 rows=121 width=125)
	  Recheck Cond: ((k >= 5954040) AND (k <= 5954140))
	  ->  Bitmap Index Scan on k_7  (cost=0.00..5.64 rows=121 width=0)
	        Index Cond: ((k >= 5954040) AND (k <= 5954140))

table 8 : explain SELECT k, c FROM sbtest8 WHERE k BETWEEN 5954040 AND 5954140
	Bitmap Heap Scan on sbtest8  (cost=5.52..425.17 rows=106 width=125)
	  Recheck Cond: ((k >= 5954040) AND (k <= 5954140))
	  ->  Bitmap Index Scan on k_8  (cost=0.00..5.50 rows=106 width=0)
	        Index Cond: ((k >= 5954040) AND (k <= 5954140))

for range-notcovered
table 1 : explain SELECT k, c FROM sbtest1 WHERE k BETWEEN 5346008 AND 5346108
	Bitmap Heap Scan on sbtest1  (cost=5.46..401.48 rows=100 width=125)
	  Recheck Cond: ((k >= 5346008) AND (k <= 5346108))
	  ->  Bitmap Index Scan on k_1  (cost=0.00..5.43 rows=100 width=0)
	        Index Cond: ((k >= 5346008) AND (k <= 5346108))

table 2 : explain SELECT k, c FROM sbtest2 WHERE k BETWEEN 5346008 AND 5346108
	Bitmap Heap Scan on sbtest2  (cost=5.47..405.41 rows=101 width=125)
	  Recheck Cond: ((k >= 5346008) AND (k <= 5346108))
	  ->  Bitmap Index Scan on k_2  (cost=0.00..5.44 rows=101 width=0)
	        Index Cond: ((k >= 5346008) AND (k <= 5346108))

table 3 : explain SELECT k, c FROM sbtest3 WHERE k BETWEEN 5346008 AND 5346108
	Bitmap Heap Scan on sbtest3  (cost=5.51..421.18 rows=105 width=125)
	  Recheck Cond: ((k >= 5346008) AND (k <= 5346108))
	  ->  Bitmap Index Scan on k_3  (cost=0.00..5.48 rows=105 width=0)
	        Index Cond: ((k >= 5346008) AND (k <= 5346108))

table 4 : explain SELECT k, c FROM sbtest4 WHERE k BETWEEN 5346008 AND 5346108
	Bitmap Heap Scan on sbtest4  (cost=5.55..436.94 rows=109 width=125)
	  Recheck Cond: ((k >= 5346008) AND (k <= 5346108))
	  ->  Bitmap Index Scan on k_4  (cost=0.00..5.52 rows=109 width=0)
	        Index Cond: ((k >= 5346008) AND (k <= 5346108))

table 5 : explain SELECT k, c FROM sbtest5 WHERE k BETWEEN 5346008 AND 5346108
	Bitmap Heap Scan on sbtest5  (cost=5.49..413.34 rows=103 width=125)
	  Recheck Cond: ((k >= 5346008) AND (k <= 5346108))
	  ->  Bitmap Index Scan on k_5  (cost=0.00..5.46 rows=103 width=0)
	        Index Cond: ((k >= 5346008) AND (k <= 5346108))

table 6 : explain SELECT k, c FROM sbtest6 WHERE k BETWEEN 5346008 AND 5346108
	Bitmap Heap Scan on sbtest6  (cost=5.54..433.02 rows=108 width=125)
	  Recheck Cond: ((k >= 5346008) AND (k <= 5346108))
	  ->  Bitmap Index Scan on k_6  (cost=0.00..5.51 rows=108 width=0)
	        Index Cond: ((k >= 5346008) AND (k <= 5346108))

table 7 : explain SELECT k, c FROM sbtest7 WHERE k BETWEEN 5346008 AND 5346108
	Bitmap Heap Scan on sbtest7  (cost=5.46..401.52 rows=100 width=125)
	  Recheck Cond: ((k >= 5346008) AND (k <= 5346108))
	  ->  Bitmap Index Scan on k_7  (cost=0.00..5.43 rows=100 width=0)
	        Index Cond: ((k >= 5346008) AND (k <= 5346108))

table 8 : explain SELECT k, c FROM sbtest8 WHERE k BETWEEN 5346008 AND 5346108
	Bitmap Heap Scan on sbtest8  (cost=5.50..417.29 rows=104 width=125)
	  Recheck Cond: ((k >= 5346008) AND (k <= 5346108))
	  ->  Bitmap Index Scan on k_8  (cost=0.00..5.47 rows=104 width=0)
	        Index Cond: ((k >= 5346008) AND (k <= 5346108))
for range-notcovered
table 1 : explain SELECT k, c FROM sbtest1 WHERE k BETWEEN 4721381 AND 4721481
	Bitmap Heap Scan on sbtest1  (cost=5.49..413.30 rows=103 width=125)
	  Recheck Cond: ((k >= 4721381) AND (k <= 4721481))
	  ->  Bitmap Index Scan on k_1  (cost=0.00..5.46 rows=103 width=0)
	        Index Cond: ((k >= 4721381) AND (k <= 4721481))

table 2 : explain SELECT k, c FROM sbtest2 WHERE k BETWEEN 4721381 AND 4721481
	Bitmap Heap Scan on sbtest2  (cost=5.61..460.57 rows=115 width=125)
	  Recheck Cond: ((k >= 4721381) AND (k <= 4721481))
	  ->  Bitmap Index Scan on k_2  (cost=0.00..5.58 rows=115 width=0)
	        Index Cond: ((k >= 4721381) AND (k <= 4721481))

table 3 : explain SELECT k, c FROM sbtest3 WHERE k BETWEEN 4721381 AND 4721481
	Bitmap Heap Scan on sbtest3  (cost=5.49..413.30 rows=103 width=125)
	  Recheck Cond: ((k >= 4721381) AND (k <= 4721481))
	  ->  Bitmap Index Scan on k_3  (cost=0.00..5.46 rows=103 width=0)
	        Index Cond: ((k >= 4721381) AND (k <= 4721481))

table 4 : explain SELECT k, c FROM sbtest4 WHERE k BETWEEN 4721381 AND 4721481
	Bitmap Heap Scan on sbtest4  (cost=5.49..413.30 rows=103 width=125)
	  Recheck Cond: ((k >= 4721381) AND (k <= 4721481))
	  ->  Bitmap Index Scan on k_4  (cost=0.00..5.46 rows=103 width=0)
	        Index Cond: ((k >= 4721381) AND (k <= 4721481))

table 5 : explain SELECT k, c FROM sbtest5 WHERE k BETWEEN 4721381 AND 4721481
	Bitmap Heap Scan on sbtest5  (cost=5.40..377.84 rows=94 width=125)
	  Recheck Cond: ((k >= 4721381) AND (k <= 4721481))
	  ->  Bitmap Index Scan on k_5  (cost=0.00..5.38 rows=94 width=0)
	        Index Cond: ((k >= 4721381) AND (k <= 4721481))

table 6 : explain SELECT k, c FROM sbtest6 WHERE k BETWEEN 4721381 AND 4721481
	Bitmap Heap Scan on sbtest6  (cost=5.57..444.83 rows=111 width=125)
	  Recheck Cond: ((k >= 4721381) AND (k <= 4721481))
	  ->  Bitmap Index Scan on k_6  (cost=0.00..5.54 rows=111 width=0)
	        Index Cond: ((k >= 4721381) AND (k <= 4721481))

table 7 : explain SELECT k, c FROM sbtest7 WHERE k BETWEEN 4721381 AND 4721481
	Bitmap Heap Scan on sbtest7  (cost=5.53..429.12 rows=107 width=125)
	  Recheck Cond: ((k >= 4721381) AND (k <= 4721481))
	  ->  Bitmap Index Scan on k_7  (cost=0.00..5.50 rows=107 width=0)
	        Index Cond: ((k >= 4721381) AND (k <= 4721481))

table 8 : explain SELECT k, c FROM sbtest8 WHERE k BETWEEN 4721381 AND 4721481
	Bitmap Heap Scan on sbtest8  (cost=5.53..429.11 rows=107 width=125)
	  Recheck Cond: ((k >= 4721381) AND (k <= 4721481))
	  ->  Bitmap Index Scan on k_8  (cost=0.00..5.50 rows=107 width=0)
	        Index Cond: ((k >= 4721381) AND (k <= 4721481))

for range-notcovered
table 1 : explain SELECT k, c FROM sbtest1 WHERE k BETWEEN 2353440 AND 2353540
	Bitmap Heap Scan on sbtest1  (cost=5.50..417.24 rows=104 width=125)
	  Recheck Cond: ((k >= 2353440) AND (k <= 2353540))
	  ->  Bitmap Index Scan on k_1  (cost=0.00..5.47 rows=104 width=0)
	        Index Cond: ((k >= 2353440) AND (k <= 2353540))

table 2 : explain SELECT k, c FROM sbtest2 WHERE k BETWEEN 2353440 AND 2353540
	Bitmap Heap Scan on sbtest2  (cost=5.41..381.75 rows=95 width=125)
	  Recheck Cond: ((k >= 2353440) AND (k <= 2353540))
	  ->  Bitmap Index Scan on k_2  (cost=0.00..5.38 rows=95 width=0)
	        Index Cond: ((k >= 2353440) AND (k <= 2353540))

table 3 : explain SELECT k, c FROM sbtest3 WHERE k BETWEEN 2353440 AND 2353540
	Bitmap Heap Scan on sbtest3  (cost=5.57..444.82 rows=111 width=125)
	  Recheck Cond: ((k >= 2353440) AND (k <= 2353540))
	  ->  Bitmap Index Scan on k_3  (cost=0.00..5.54 rows=111 width=0)
	        Index Cond: ((k >= 2353440) AND (k <= 2353540))

table 4 : explain SELECT k, c FROM sbtest4 WHERE k BETWEEN 2353440 AND 2353540
	Bitmap Heap Scan on sbtest4  (cost=5.55..436.94 rows=109 width=125)
	  Recheck Cond: ((k >= 2353440) AND (k <= 2353540))
	  ->  Bitmap Index Scan on k_4  (cost=0.00..5.52 rows=109 width=0)
	        Index Cond: ((k >= 2353440) AND (k <= 2353540))

table 5 : explain SELECT k, c FROM sbtest5 WHERE k BETWEEN 2353440 AND 2353540
	Bitmap Heap Scan on sbtest5  (cost=5.42..385.74 rows=96 width=125)
	  Recheck Cond: ((k >= 2353440) AND (k <= 2353540))
	  ->  Bitmap Index Scan on k_5  (cost=0.00..5.39 rows=96 width=0)
	        Index Cond: ((k >= 2353440) AND (k <= 2353540))

table 6 : explain SELECT k, c FROM sbtest6 WHERE k BETWEEN 2353440 AND 2353540
	Bitmap Heap Scan on sbtest6  (cost=5.45..397.54 rows=99 width=125)
	  Recheck Cond: ((k >= 2353440) AND (k <= 2353540))
	  ->  Bitmap Index Scan on k_6  (cost=0.00..5.42 rows=99 width=0)
	        Index Cond: ((k >= 2353440) AND (k <= 2353540))

table 7 : explain SELECT k, c FROM sbtest7 WHERE k BETWEEN 2353440 AND 2353540
	Bitmap Heap Scan on sbtest7  (cost=5.56..440.94 rows=110 width=125)
	  Recheck Cond: ((k >= 2353440) AND (k <= 2353540))
	  ->  Bitmap Index Scan on k_7  (cost=0.00..5.53 rows=110 width=0)
	        Index Cond: ((k >= 2353440) AND (k <= 2353540))

table 8 : explain SELECT k, c FROM sbtest8 WHERE k BETWEEN 2353440 AND 2353540
	Bitmap Heap Scan on sbtest8  (cost=5.49..413.34 rows=103 width=125)
	  Recheck Cond: ((k >= 2353440) AND (k <= 2353540))
	  ->  Bitmap Index Scan on k_8  (cost=0.00..5.46 rows=103 width=0)
	        Index Cond: ((k >= 2353440) AND (k <= 2353540))

explain: for range-notcovered :: explain SELECT k, c FROM sbtest%d WHERE k BETWEEN 843739 AND 843839for range-notcovered
table 1 : explain SELECT k, c FROM sbtest1 WHERE k BETWEEN 3062718 AND 3062818
	Bitmap Heap Scan on sbtest1  (cost=5.47..405.42 rows=101 width=125)
	  Recheck Cond: ((k >= 3062718) AND (k <= 3062818))
	  ->  Bitmap Index Scan on k_1  (cost=0.00..5.44 rows=101 width=0)
	        Index Cond: ((k >= 3062718) AND (k <= 3062818))

table 2 : explain SELECT k, c FROM sbtest2 WHERE k BETWEEN 3062718 AND 3062818
	Bitmap Heap Scan on sbtest2  (cost=5.50..417.24 rows=104 width=125)
	  Recheck Cond: ((k >= 3062718) AND (k <= 3062818))
	  ->  Bitmap Index Scan on k_2  (cost=0.00..5.47 rows=104 width=0)
	        Index Cond: ((k >= 3062718) AND (k <= 3062818))

table 3 : explain SELECT k, c FROM sbtest3 WHERE k BETWEEN 3062718 AND 3062818
	Bitmap Heap Scan on sbtest3  (cost=5.38..369.91 rows=92 width=125)
	  Recheck Cond: ((k >= 3062718) AND (k <= 3062818))
	  ->  Bitmap Index Scan on k_3  (cost=0.00..5.35 rows=92 width=0)
	        Index Cond: ((k >= 3062718) AND (k <= 3062818))

table 4 : explain SELECT k, c FROM sbtest4 WHERE k BETWEEN 3062718 AND 3062818
	Bitmap Heap Scan on sbtest4  (cost=5.43..389.64 rows=97 width=125)
	  Recheck Cond: ((k >= 3062718) AND (k <= 3062818))
	  ->  Bitmap Index Scan on k_4  (cost=0.00..5.40 rows=97 width=0)
	        Index Cond: ((k >= 3062718) AND (k <= 3062818))

table 5 : explain SELECT k, c FROM sbtest5 WHERE k BETWEEN 3062718 AND 3062818
	Bitmap Heap Scan on sbtest5  (cost=5.45..397.57 rows=99 width=125)
	  Recheck Cond: ((k >= 3062718) AND (k <= 3062818))
	  ->  Bitmap Index Scan on k_5  (cost=0.00..5.42 rows=99 width=0)
	        Index Cond: ((k >= 3062718) AND (k <= 3062818))

table 6 : explain SELECT k, c FROM sbtest6 WHERE k BETWEEN 3062718 AND 3062818
	Bitmap Heap Scan on sbtest6  (cost=5.50..417.25 rows=104 width=125)
	  Recheck Cond: ((k >= 3062718) AND (k <= 3062818))
	  ->  Bitmap Index Scan on k_6  (cost=0.00..5.47 rows=104 width=0)
	        Index Cond: ((k >= 3062718) AND (k <= 3062818))

table 7 : explain SELECT k, c FROM sbtest7 WHERE k BETWEEN 3062718 AND 3062818
	Bitmap Heap Scan on sbtest7  (cost=5.44..393.63 rows=98 width=125)
	  Recheck Cond: ((k >= 3062718) AND (k <= 3062818))
	  ->  Bitmap Index Scan on k_7  (cost=0.00..5.42 rows=98 width=0)
	        Index Cond: ((k >= 3062718) AND (k <= 3062818))

table 8 : explain SELECT k, c FROM sbtest8 WHERE k BETWEEN 3062718 AND 3062818
	Bitmap Heap Scan on sbtest8  (cost=5.51..421.23 rows=105 width=125)
	  Recheck Cond: ((k >= 3062718) AND (k <= 3062818))
	  ->  Bitmap Index Scan on k_8  (cost=0.00..5.48 rows=105 width=0)
	        Index Cond: ((k >= 3062718) AND (k <= 3062818))

explain: for range-notcovered :: explain SELECT k, c FROM sbtest%d WHERE k BETWEEN 4506587 AND 4506687
for range-notcovered
table 1 : explain SELECT k, c FROM sbtest1 WHERE k BETWEEN 6262792 AND 6262892
	Bitmap Heap Scan on sbtest1  (cost=5.35..358.08 rows=89 width=125)
	  Recheck Cond: ((k >= 6262792) AND (k <= 6262892))
	  ->  Bitmap Index Scan on k_1  (cost=0.00..5.32 rows=89 width=0)
	        Index Cond: ((k >= 6262792) AND (k <= 6262892))

table 2 : explain SELECT k, c FROM sbtest2 WHERE k BETWEEN 6262792 AND 6262892
	Bitmap Heap Scan on sbtest2  (cost=5.49..413.29 rows=103 width=125)
	  Recheck Cond: ((k >= 6262792) AND (k <= 6262892))
	  ->  Bitmap Index Scan on k_2  (cost=0.00..5.46 rows=103 width=0)
	        Index Cond: ((k >= 6262792) AND (k <= 6262892))

table 3 : explain SELECT k, c FROM sbtest3 WHERE k BETWEEN 6262792 AND 6262892
	Bitmap Heap Scan on sbtest3  (cost=5.50..417.24 rows=104 width=125)
	  Recheck Cond: ((k >= 6262792) AND (k <= 6262892))
	  ->  Bitmap Index Scan on k_3  (cost=0.00..5.47 rows=104 width=0)
	        Index Cond: ((k >= 6262792) AND (k <= 6262892))

table 4 : explain SELECT k, c FROM sbtest4 WHERE k BETWEEN 6262792 AND 6262892
	Bitmap Heap Scan on sbtest4  (cost=5.49..413.30 rows=103 width=125)
	  Recheck Cond: ((k >= 6262792) AND (k <= 6262892))
	  ->  Bitmap Index Scan on k_4  (cost=0.00..5.46 rows=103 width=0)
	        Index Cond: ((k >= 6262792) AND (k <= 6262892))

table 5 : explain SELECT k, c FROM sbtest5 WHERE k BETWEEN 6262792 AND 6262892
	Bitmap Heap Scan on sbtest5  (cost=5.44..393.62 rows=98 width=125)
	  Recheck Cond: ((k >= 6262792) AND (k <= 6262892))
	  ->  Bitmap Index Scan on k_5  (cost=0.00..5.42 rows=98 width=0)
	        Index Cond: ((k >= 6262792) AND (k <= 6262892))

table 6 : explain SELECT k, c FROM sbtest6 WHERE k BETWEEN 6262792 AND 6262892
	Bitmap Heap Scan on sbtest6  (cost=5.47..405.43 rows=101 width=125)
	  Recheck Cond: ((k >= 6262792) AND (k <= 6262892))
	  ->  Bitmap Index Scan on k_6  (cost=0.00..5.44 rows=101 width=0)
	        Index Cond: ((k >= 6262792) AND (k <= 6262892))

table 7 : explain SELECT k, c FROM sbtest7 WHERE k BETWEEN 6262792 AND 6262892
	Bitmap Heap Scan on sbtest7  (cost=5.42..385.74 rows=96 width=125)
	  Recheck Cond: ((k >= 6262792) AND (k <= 6262892))
	  ->  Bitmap Index Scan on k_7  (cost=0.00..5.39 rows=96 width=0)
	        Index Cond: ((k >= 6262792) AND (k <= 6262892))

table 8 : explain SELECT k, c FROM sbtest8 WHERE k BETWEEN 6262792 AND 6262892
	Bitmap Heap Scan on sbtest8  (cost=5.51..421.23 rows=105 width=125)
	  Recheck Cond: ((k >= 6262792) AND (k <= 6262892))
	  ->  Bitmap Index Scan on k_8  (cost=0.00..5.48 rows=105 width=0)
	        Index Cond: ((k >= 6262792) AND (k <= 6262892))

for range-notcovered
table 1 : explain SELECT k, c FROM sbtest1 WHERE k BETWEEN 8009198 AND 8009298
	Bitmap Heap Scan on sbtest1  (cost=5.45..397.53 rows=99 width=125)
	  Recheck Cond: ((k >= 8009198) AND (k <= 8009298))
	  ->  Bitmap Index Scan on k_1  (cost=0.00..5.42 rows=99 width=0)
	        Index Cond: ((k >= 8009198) AND (k <= 8009298))

table 2 : explain SELECT k, c FROM sbtest2 WHERE k BETWEEN 8009198 AND 8009298
	Bitmap Heap Scan on sbtest2  (cost=5.49..413.29 rows=103 width=125)
	  Recheck Cond: ((k >= 8009198) AND (k <= 8009298))
	  ->  Bitmap Index Scan on k_2  (cost=0.00..5.46 rows=103 width=0)
	        Index Cond: ((k >= 8009198) AND (k <= 8009298))

table 3 : explain SELECT k, c FROM sbtest3 WHERE k BETWEEN 8009198 AND 8009298
	Bitmap Heap Scan on sbtest3  (cost=5.54..433.00 rows=108 width=125)
	  Recheck Cond: ((k >= 8009198) AND (k <= 8009298))
	  ->  Bitmap Index Scan on k_3  (cost=0.00..5.51 rows=108 width=0)
	        Index Cond: ((k >= 8009198) AND (k <= 8009298))

table 4 : explain SELECT k, c FROM sbtest4 WHERE k BETWEEN 8009198 AND 8009298
	Bitmap Heap Scan on sbtest4  (cost=5.52..425.12 rows=106 width=125)
	  Recheck Cond: ((k >= 8009198) AND (k <= 8009298))
	  ->  Bitmap Index Scan on k_4  (cost=0.00..5.50 rows=106 width=0)
	        Index Cond: ((k >= 8009198) AND (k <= 8009298))

table 5 : explain SELECT k, c FROM sbtest5 WHERE k BETWEEN 8009198 AND 8009298
	Bitmap Heap Scan on sbtest5  (cost=5.45..397.57 rows=99 width=125)
	  Recheck Cond: ((k >= 8009198) AND (k <= 8009298))
	  ->  Bitmap Index Scan on k_5  (cost=0.00..5.42 rows=99 width=0)
	        Index Cond: ((k >= 8009198) AND (k <= 8009298))

table 6 : explain SELECT k, c FROM sbtest6 WHERE k BETWEEN 8009198 AND 8009298
	Bitmap Heap Scan on sbtest6  (cost=5.51..421.19 rows=105 width=125)
	  Recheck Cond: ((k >= 8009198) AND (k <= 8009298))
	  ->  Bitmap Index Scan on k_6  (cost=0.00..5.48 rows=105 width=0)
	        Index Cond: ((k >= 8009198) AND (k <= 8009298))

table 7 : explain SELECT k, c FROM sbtest7 WHERE k BETWEEN 8009198 AND 8009298
	Bitmap Heap Scan on sbtest7  (cost=5.46..401.52 rows=100 width=125)
	  Recheck Cond: ((k >= 8009198) AND (k <= 8009298))
	  ->  Bitmap Index Scan on k_7  (cost=0.00..5.43 rows=100 width=0)
	        Index Cond: ((k >= 8009198) AND (k <= 8009298))

table 8 : explain SELECT k, c FROM sbtest8 WHERE k BETWEEN 8009198 AND 8009298
	Bitmap Heap Scan on sbtest8  (cost=5.47..405.46 rows=101 width=125)
	  Recheck Cond: ((k >= 8009198) AND (k <= 8009298))
	  ->  Bitmap Index Scan on k_8  (cost=0.00..5.44 rows=101 width=0)
	        Index Cond: ((k >= 8009198) AND (k <= 8009298))

for range-notcovered
table 1 : explain SELECT k, c FROM sbtest1 WHERE k BETWEEN 4128757 AND 4128857
	Bitmap Heap Scan on sbtest1  (cost=5.49..413.30 rows=103 width=125)
	  Recheck Cond: ((k >= 4128757) AND (k <= 4128857))
	  ->  Bitmap Index Scan on k_1  (cost=0.00..5.46 rows=103 width=0)
	        Index Cond: ((k >= 4128757) AND (k <= 4128857))

table 2 : explain SELECT k, c FROM sbtest2 WHERE k BETWEEN 4128757 AND 4128857
	Bitmap Heap Scan on sbtest2  (cost=5.56..440.88 rows=110 width=125)
	  Recheck Cond: ((k >= 4128757) AND (k <= 4128857))
	  ->  Bitmap Index Scan on k_2  (cost=0.00..5.53 rows=110 width=0)
	        Index Cond: ((k >= 4128757) AND (k <= 4128857))

table 3 : explain SELECT k, c FROM sbtest3 WHERE k BETWEEN 4128757 AND 4128857
	Bitmap Heap Scan on sbtest3  (cost=5.48..409.36 rows=102 width=125)
	  Recheck Cond: ((k >= 4128757) AND (k <= 4128857))
	  ->  Bitmap Index Scan on k_3  (cost=0.00..5.45 rows=102 width=0)
	        Index Cond: ((k >= 4128757) AND (k <= 4128857))

table 4 : explain SELECT k, c FROM sbtest4 WHERE k BETWEEN 4128757 AND 4128857
	Bitmap Heap Scan on sbtest4  (cost=5.49..413.30 rows=103 width=125)
	  Recheck Cond: ((k >= 4128757) AND (k <= 4128857))
	  ->  Bitmap Index Scan on k_4  (cost=0.00..5.46 rows=103 width=0)
	        Index Cond: ((k >= 4128757) AND (k <= 4128857))

table 5 : explain SELECT k, c FROM sbtest5 WHERE k BETWEEN 4128757 AND 4128857
	Bitmap Heap Scan on sbtest5  (cost=5.41..381.79 rows=95 width=125)
	  Recheck Cond: ((k >= 4128757) AND (k <= 4128857))
	  ->  Bitmap Index Scan on k_5  (cost=0.00..5.38 rows=95 width=0)
	        Index Cond: ((k >= 4128757) AND (k <= 4128857))

table 6 : explain SELECT k, c FROM sbtest6 WHERE k BETWEEN 4128757 AND 4128857
	Bitmap Heap Scan on sbtest6  (cost=5.57..444.83 rows=111 width=125)
	  Recheck Cond: ((k >= 4128757) AND (k <= 4128857))
	  ->  Bitmap Index Scan on k_6  (cost=0.00..5.54 rows=111 width=0)
	        Index Cond: ((k >= 4128757) AND (k <= 4128857))

table 7 : explain SELECT k, c FROM sbtest7 WHERE k BETWEEN 4128757 AND 4128857
	Bitmap Heap Scan on sbtest7  (cost=5.50..417.29 rows=104 width=125)
	  Recheck Cond: ((k >= 4128757) AND (k <= 4128857))
	  ->  Bitmap Index Scan on k_7  (cost=0.00..5.47 rows=104 width=0)
	        Index Cond: ((k >= 4128757) AND (k <= 4128857))

table 8 : explain SELECT k, c FROM sbtest8 WHERE k BETWEEN 4128757 AND 4128857
	Bitmap Heap Scan on sbtest8  (cost=5.47..405.46 rows=101 width=125)
	  Recheck Cond: ((k >= 4128757) AND (k <= 4128857))
	  ->  Bitmap Index Scan on k_8  (cost=0.00..5.44 rows=101 width=0)
	        Index Cond: ((k >= 4128757) AND (k <= 4128857))

for range-notcovered
table 1 : explain SELECT k, c FROM sbtest1 WHERE k BETWEEN 2951443 AND 2951543
	Bitmap Heap Scan on sbtest1  (cost=5.48..409.36 rows=102 width=125)
	  Recheck Cond: ((k >= 2951443) AND (k <= 2951543))
	  ->  Bitmap Index Scan on k_1  (cost=0.00..5.45 rows=102 width=0)
	        Index Cond: ((k >= 2951443) AND (k <= 2951543))

table 2 : explain SELECT k, c FROM sbtest2 WHERE k BETWEEN 2951443 AND 2951543
	Bitmap Heap Scan on sbtest2  (cost=5.47..405.41 rows=101 width=125)
	  Recheck Cond: ((k >= 2951443) AND (k <= 2951543))
	  ->  Bitmap Index Scan on k_2  (cost=0.00..5.44 rows=101 width=0)
	        Index Cond: ((k >= 2951443) AND (k <= 2951543))

table 3 : explain SELECT k, c FROM sbtest3 WHERE k BETWEEN 2951443 AND 2951543
	Bitmap Heap Scan on sbtest3  (cost=5.46..401.47 rows=100 width=125)
	  Recheck Cond: ((k >= 2951443) AND (k <= 2951543))
	  ->  Bitmap Index Scan on k_3  (cost=0.00..5.43 rows=100 width=0)
	        Index Cond: ((k >= 2951443) AND (k <= 2951543))

table 4 : explain SELECT k, c FROM sbtest4 WHERE k BETWEEN 2951443 AND 2951543
	Bitmap Heap Scan on sbtest4  (cost=5.54..433.00 rows=108 width=125)
	  Recheck Cond: ((k >= 2951443) AND (k <= 2951543))
	  ->  Bitmap Index Scan on k_4  (cost=0.00..5.51 rows=108 width=0)
	        Index Cond: ((k >= 2951443) AND (k <= 2951543))

table 5 : explain SELECT k, c FROM sbtest5 WHERE k BETWEEN 2951443 AND 2951543
	Bitmap Heap Scan on sbtest5  (cost=5.50..417.28 rows=104 width=125)
	  Recheck Cond: ((k >= 2951443) AND (k <= 2951543))
	  ->  Bitmap Index Scan on k_5  (cost=0.00..5.47 rows=104 width=0)
	        Index Cond: ((k >= 2951443) AND (k <= 2951543))

table 6 : explain SELECT k, c FROM sbtest6 WHERE k BETWEEN 2951443 AND 2951543
	Bitmap Heap Scan on sbtest6  (cost=5.49..413.31 rows=103 width=125)
	  Recheck Cond: ((k >= 2951443) AND (k <= 2951543))
	  ->  Bitmap Index Scan on k_6  (cost=0.00..5.46 rows=103 width=0)
	        Index Cond: ((k >= 2951443) AND (k <= 2951543))

table 7 : explain SELECT k, c FROM sbtest7 WHERE k BETWEEN 2951443 AND 2951543
	Bitmap Heap Scan on sbtest7  (cost=5.46..401.52 rows=100 width=125)
	  Recheck Cond: ((k >= 2951443) AND (k <= 2951543))
	  ->  Bitmap Index Scan on k_7  (cost=0.00..5.43 rows=100 width=0)
	        Index Cond: ((k >= 2951443) AND (k <= 2951543))

table 8 : explain SELECT k, c FROM sbtest8 WHERE k BETWEEN 2951443 AND 2951543
	Bitmap Heap Scan on sbtest8  (cost=5.39..373.90 rows=93 width=125)
	  Recheck Cond: ((k >= 2951443) AND (k <= 2951543))
	  ->  Bitmap Index Scan on k_8  (cost=0.00..5.36 rows=93 width=0)
	        Index Cond: ((k >= 2951443) AND (k <= 2951543))

for range-notcovered
table 1 : explain SELECT k, c FROM sbtest1 WHERE k BETWEEN 4461436 AND 4461536
	Bitmap Heap Scan on sbtest1  (cost=5.52..425.13 rows=106 width=125)
	  Recheck Cond: ((k >= 4461436) AND (k <= 4461536))
	  ->  Bitmap Index Scan on k_1  (cost=0.00..5.50 rows=106 width=0)
	        Index Cond: ((k >= 4461436) AND (k <= 4461536))

table 2 : explain SELECT k, c FROM sbtest2 WHERE k BETWEEN 4461436 AND 4461536
	Bitmap Heap Scan on sbtest2  (cost=5.50..417.24 rows=104 width=125)
	  Recheck Cond: ((k >= 4461436) AND (k <= 4461536))
	  ->  Bitmap Index Scan on k_2  (cost=0.00..5.47 rows=104 width=0)
	        Index Cond: ((k >= 4461436) AND (k <= 4461536))

table 3 : explain SELECT k, c FROM sbtest3 WHERE k BETWEEN 4461436 AND 4461536
	Bitmap Heap Scan on sbtest3  (cost=5.43..389.64 rows=97 width=125)
	  Recheck Cond: ((k >= 4461436) AND (k <= 4461536))
	  ->  Bitmap Index Scan on k_3  (cost=0.00..5.40 rows=97 width=0)
	        Index Cond: ((k >= 4461436) AND (k <= 4461536))

table 4 : explain SELECT k, c FROM sbtest4 WHERE k BETWEEN 4461436 AND 4461536
	Bitmap Heap Scan on sbtest4  (cost=5.37..365.97 rows=91 width=125)
	  Recheck Cond: ((k >= 4461436) AND (k <= 4461536))
	  ->  Bitmap Index Scan on k_4  (cost=0.00..5.34 rows=91 width=0)
	        Index Cond: ((k >= 4461436) AND (k <= 4461536))

table 5 : explain SELECT k, c FROM sbtest5 WHERE k BETWEEN 4461436 AND 4461536
	Bitmap Heap Scan on sbtest5  (cost=5.47..405.46 rows=101 width=125)
	  Recheck Cond: ((k >= 4461436) AND (k <= 4461536))
	  ->  Bitmap Index Scan on k_5  (cost=0.00..5.44 rows=101 width=0)
	        Index Cond: ((k >= 4461436) AND (k <= 4461536))

table 6 : explain SELECT k, c FROM sbtest6 WHERE k BETWEEN 4461436 AND 4461536
	Bitmap Heap Scan on sbtest6  (cost=5.40..377.82 rows=94 width=125)
	  Recheck Cond: ((k >= 4461436) AND (k <= 4461536))
	  ->  Bitmap Index Scan on k_6  (cost=0.00..5.38 rows=94 width=0)
	        Index Cond: ((k >= 4461436) AND (k <= 4461536))

table 7 : explain SELECT k, c FROM sbtest7 WHERE k BETWEEN 4461436 AND 4461536
	Bitmap Heap Scan on sbtest7  (cost=5.57..444.88 rows=111 width=125)
	  Recheck Cond: ((k >= 4461436) AND (k <= 4461536))
	  ->  Bitmap Index Scan on k_7  (cost=0.00..5.54 rows=111 width=0)
	        Index Cond: ((k >= 4461436) AND (k <= 4461536))

table 8 : explain SELECT k, c FROM sbtest8 WHERE k BETWEEN 4461436 AND 4461536
	Bitmap Heap Scan on sbtest8  (cost=5.40..377.85 rows=94 width=125)
	  Recheck Cond: ((k >= 4461436) AND (k <= 4461536))
	  ->  Bitmap Index Scan on k_8  (cost=0.00..5.38 rows=94 width=0)
	        Index Cond: ((k >= 4461436) AND (k <= 4461536))


explain: for range-notcovered :: explain SELECT k, c FROM sbtest%d WHERE k BETWEEN 6262792 AND 6262892
for range-notcovered
table 1 : explain SELECT k, c FROM sbtest1 WHERE k BETWEEN 6165910 AND 6166010
	Bitmap Heap Scan on sbtest1  (cost=5.35..358.08 rows=89 width=125)
	  Recheck Cond: ((k >= 6165910) AND (k <= 6166010))
	  ->  Bitmap Index Scan on k_1  (cost=0.00..5.32 rows=89 width=0)
	        Index Cond: ((k >= 6165910) AND (k <= 6166010))

table 2 : explain SELECT k, c FROM sbtest2 WHERE k BETWEEN 6165910 AND 6166010
	Bitmap Heap Scan on sbtest2  (cost=5.45..397.53 rows=99 width=125)
	  Recheck Cond: ((k >= 6165910) AND (k <= 6166010))
	  ->  Bitmap Index Scan on k_2  (cost=0.00..5.42 rows=99 width=0)
	        Index Cond: ((k >= 6165910) AND (k <= 6166010))

table 3 : explain SELECT k, c FROM sbtest3 WHERE k BETWEEN 6165910 AND 6166010
	Bitmap Heap Scan on sbtest3  (cost=5.53..429.06 rows=107 width=125)
	  Recheck Cond: ((k >= 6165910) AND (k <= 6166010))
	  ->  Bitmap Index Scan on k_3  (cost=0.00..5.50 rows=107 width=0)
	        Index Cond: ((k >= 6165910) AND (k <= 6166010))

table 4 : explain SELECT k, c FROM sbtest4 WHERE k BETWEEN 6165910 AND 6166010
	Bitmap Heap Scan on sbtest4  (cost=5.48..409.35 rows=102 width=125)
	  Recheck Cond: ((k >= 6165910) AND (k <= 6166010))
	  ->  Bitmap Index Scan on k_4  (cost=0.00..5.45 rows=102 width=0)
	        Index Cond: ((k >= 6165910) AND (k <= 6166010))

table 5 : explain SELECT k, c FROM sbtest5 WHERE k BETWEEN 6165910 AND 6166010
	Bitmap Heap Scan on sbtest5  (cost=5.46..401.51 rows=100 width=125)
	  Recheck Cond: ((k >= 6165910) AND (k <= 6166010))
	  ->  Bitmap Index Scan on k_5  (cost=0.00..5.43 rows=100 width=0)
	        Index Cond: ((k >= 6165910) AND (k <= 6166010))

table 6 : explain SELECT k, c FROM sbtest6 WHERE k BETWEEN 6165910 AND 6166010
	Bitmap Heap Scan on sbtest6  (cost=5.42..385.71 rows=96 width=125)
	  Recheck Cond: ((k >= 6165910) AND (k <= 6166010))
	  ->  Bitmap Index Scan on k_6  (cost=0.00..5.39 rows=96 width=0)
	        Index Cond: ((k >= 6165910) AND (k <= 6166010))

table 7 : explain SELECT k, c FROM sbtest7 WHERE k BETWEEN 6165910 AND 6166010
	Bitmap Heap Scan on sbtest7  (cost=5.47..405.46 rows=101 width=125)
	  Recheck Cond: ((k >= 6165910) AND (k <= 6166010))
	  ->  Bitmap Index Scan on k_7  (cost=0.00..5.44 rows=101 width=0)
	        Index Cond: ((k >= 6165910) AND (k <= 6166010))

table 8 : explain SELECT k, c FROM sbtest8 WHERE k BETWEEN 6165910 AND 6166010
	Bitmap Heap Scan on sbtest8  (cost=5.53..429.11 rows=107 width=125)
	  Recheck Cond: ((k >= 6165910) AND (k <= 6166010))
	  ->  Bitmap Index Scan on k_8  (cost=0.00..5.50 rows=107 width=0)
	        Index Cond: ((k >= 6165910) AND (k <= 6166010))

for range-notcovered
table 1 : explain SELECT k, c FROM sbtest1 WHERE k BETWEEN 4944192 AND 4944292
	Bitmap Heap Scan on sbtest1  (cost=5.54..433.01 rows=108 width=125)
	  Recheck Cond: ((k >= 4944192) AND (k <= 4944292))
	  ->  Bitmap Index Scan on k_1  (cost=0.00..5.51 rows=108 width=0)
	        Index Cond: ((k >= 4944192) AND (k <= 4944292))

table 2 : explain SELECT k, c FROM sbtest2 WHERE k BETWEEN 4944192 AND 4944292
	Bitmap Heap Scan on sbtest2  (cost=5.48..409.35 rows=102 width=125)
	  Recheck Cond: ((k >= 4944192) AND (k <= 4944292))
	  ->  Bitmap Index Scan on k_2  (cost=0.00..5.45 rows=102 width=0)
	        Index Cond: ((k >= 4944192) AND (k <= 4944292))

table 3 : explain SELECT k, c FROM sbtest3 WHERE k BETWEEN 4944192 AND 4944292
	Bitmap Heap Scan on sbtest3  (cost=5.48..409.36 rows=102 width=125)
	  Recheck Cond: ((k >= 4944192) AND (k <= 4944292))
	  ->  Bitmap Index Scan on k_3  (cost=0.00..5.45 rows=102 width=0)
	        Index Cond: ((k >= 4944192) AND (k <= 4944292))

table 4 : explain SELECT k, c FROM sbtest4 WHERE k BETWEEN 4944192 AND 4944292
	Bitmap Heap Scan on sbtest4  (cost=5.48..409.35 rows=102 width=125)
	  Recheck Cond: ((k >= 4944192) AND (k <= 4944292))
	  ->  Bitmap Index Scan on k_4  (cost=0.00..5.45 rows=102 width=0)
	        Index Cond: ((k >= 4944192) AND (k <= 4944292))

table 5 : explain SELECT k, c FROM sbtest5 WHERE k BETWEEN 4944192 AND 4944292
	Bitmap Heap Scan on sbtest5  (cost=5.40..377.84 rows=94 width=125)
	  Recheck Cond: ((k >= 4944192) AND (k <= 4944292))
	  ->  Bitmap Index Scan on k_5  (cost=0.00..5.38 rows=94 width=0)
	        Index Cond: ((k >= 4944192) AND (k <= 4944292))

table 6 : explain SELECT k, c FROM sbtest6 WHERE k BETWEEN 4944192 AND 4944292
	Bitmap Heap Scan on sbtest6  (cost=5.47..405.43 rows=101 width=125)
	  Recheck Cond: ((k >= 4944192) AND (k <= 4944292))
	  ->  Bitmap Index Scan on k_6  (cost=0.00..5.44 rows=101 width=0)
	        Index Cond: ((k >= 4944192) AND (k <= 4944292))

table 7 : explain SELECT k, c FROM sbtest7 WHERE k BETWEEN 4944192 AND 4944292
	Bitmap Heap Scan on sbtest7  (cost=5.54..433.06 rows=108 width=125)
	  Recheck Cond: ((k >= 4944192) AND (k <= 4944292))
	  ->  Bitmap Index Scan on k_7  (cost=0.00..5.51 rows=108 width=0)
	        Index Cond: ((k >= 4944192) AND (k <= 4944292))

table 8 : explain SELECT k, c FROM sbtest8 WHERE k BETWEEN 4944192 AND 4944292
	Bitmap Heap Scan on sbtest8  (cost=5.41..381.79 rows=95 width=125)
	  Recheck Cond: ((k >= 4944192) AND (k <= 4944292))
	  ->  Bitmap Index Scan on k_8  (cost=0.00..5.38 rows=95 width=0)
	        Index Cond: ((k >= 4944192) AND (k <= 4944292))

explain: for range-notcovered :: explain SELECT k, c FROM sbtest%d WHERE k BETWEEN 5954040 AND 5954140

explain: for range-notcovered :: explain SELECT k, c FROM sbtest%d WHERE k BETWEEN 4721381 AND 4721481
for range-notcovered
table 1 : explain SELECT k, c FROM sbtest1 WHERE k BETWEEN 5643096 AND 5643196
	Bitmap Heap Scan on sbtest1  (cost=5.51..421.19 rows=105 width=125)
	  Recheck Cond: ((k >= 5643096) AND (k <= 5643196))
	  ->  Bitmap Index Scan on k_1  (cost=0.00..5.48 rows=105 width=0)
	        Index Cond: ((k >= 5643096) AND (k <= 5643196))

table 2 : explain SELECT k, c FROM sbtest2 WHERE k BETWEEN 5643096 AND 5643196
	Bitmap Heap Scan on sbtest2  (cost=5.69..488.12 rows=122 width=125)
	  Recheck Cond: ((k >= 5643096) AND (k <= 5643196))
	  ->  Bitmap Index Scan on k_2  (cost=0.00..5.65 rows=122 width=0)
	        Index Cond: ((k >= 5643096) AND (k <= 5643196))

table 3 : explain SELECT k, c FROM sbtest3 WHERE k BETWEEN 5643096 AND 5643196
	Bitmap Heap Scan on sbtest3  (cost=5.51..421.18 rows=105 width=125)
	  Recheck Cond: ((k >= 5643096) AND (k <= 5643196))
	  ->  Bitmap Index Scan on k_3  (cost=0.00..5.48 rows=105 width=0)
	        Index Cond: ((k >= 5643096) AND (k <= 5643196))

table 4 : explain SELECT k, c FROM sbtest4 WHERE k BETWEEN 5643096 AND 5643196
	Bitmap Heap Scan on sbtest4  (cost=5.55..436.94 rows=109 width=125)
	  Recheck Cond: ((k >= 5643096) AND (k <= 5643196))
	  ->  Bitmap Index Scan on k_4  (cost=0.00..5.52 rows=109 width=0)
	        Index Cond: ((k >= 5643096) AND (k <= 5643196))

table 5 : explain SELECT k, c FROM sbtest5 WHERE k BETWEEN 5643096 AND 5643196
	Bitmap Heap Scan on sbtest5  (cost=5.44..393.62 rows=98 width=125)
	  Recheck Cond: ((k >= 5643096) AND (k <= 5643196))
	  ->  Bitmap Index Scan on k_5  (cost=0.00..5.42 rows=98 width=0)
	        Index Cond: ((k >= 5643096) AND (k <= 5643196))

table 6 : explain SELECT k, c FROM sbtest6 WHERE k BETWEEN 5643096 AND 5643196
	Bitmap Heap Scan on sbtest6  (cost=5.50..417.25 rows=104 width=125)
	  Recheck Cond: ((k >= 5643096) AND (k <= 5643196))
	  ->  Bitmap Index Scan on k_6  (cost=0.00..5.47 rows=104 width=0)
	        Index Cond: ((k >= 5643096) AND (k <= 5643196))

table 7 : explain SELECT k, c FROM sbtest7 WHERE k BETWEEN 5643096 AND 5643196
	Bitmap Heap Scan on sbtest7  (cost=5.48..409.41 rows=102 width=125)
	  Recheck Cond: ((k >= 5643096) AND (k <= 5643196))
	  ->  Bitmap Index Scan on k_7  (cost=0.00..5.45 rows=102 width=0)
	        Index Cond: ((k >= 5643096) AND (k <= 5643196))

table 8 : explain SELECT k, c FROM sbtest8 WHERE k BETWEEN 5643096 AND 5643196
	Bitmap Heap Scan on sbtest8  (cost=5.46..401.52 rows=100 width=125)
	  Recheck Cond: ((k >= 5643096) AND (k <= 5643196))
	  ->  Bitmap Index Scan on k_8  (cost=0.00..5.43 rows=100 width=0)
	        Index Cond: ((k >= 5643096) AND (k <= 5643196))

explain: for range-notcovered :: explain SELECT k, c FROM sbtest%d WHERE k BETWEEN 5134073 AND 5134173
explain: for range-notcovered :: explain SELECT k, c FROM sbtest%d WHERE k BETWEEN 3062718 AND 3062818explain: for range-notcovered :: explain SELECT k, c FROM sbtest%d WHERE k BETWEEN 4944192 AND 4944292for range-notcovered
table 1 : explain SELECT k, c FROM sbtest1 WHERE k BETWEEN 4431349 AND 4431449
	Bitmap Heap Scan on sbtest1  (cost=5.52..425.13 rows=106 width=125)
	  Recheck Cond: ((k >= 4431349) AND (k <= 4431449))
	  ->  Bitmap Index Scan on k_1  (cost=0.00..5.50 rows=106 width=0)
	        Index Cond: ((k >= 4431349) AND (k <= 4431449))

table 2 : explain SELECT k, c FROM sbtest2 WHERE k BETWEEN 4431349 AND 4431449
	Bitmap Heap Scan on sbtest2  (cost=5.50..417.24 rows=104 width=125)
	  Recheck Cond: ((k >= 4431349) AND (k <= 4431449))
	  ->  Bitmap Index Scan on k_2  (cost=0.00..5.47 rows=104 width=0)
	        Index Cond: ((k >= 4431349) AND (k <= 4431449))

table 3 : explain SELECT k, c FROM sbtest3 WHERE k BETWEEN 4431349 AND 4431449
	Bitmap Heap Scan on sbtest3  (cost=5.43..389.64 rows=97 width=125)
	  Recheck Cond: ((k >= 4431349) AND (k <= 4431449))
	  ->  Bitmap Index Scan on k_3  (cost=0.00..5.40 rows=97 width=0)
	        Index Cond: ((k >= 4431349) AND (k <= 4431449))

table 4 : explain SELECT k, c FROM sbtest4 WHERE k BETWEEN 4431349 AND 4431449
	Bitmap Heap Scan on sbtest4  (cost=5.37..365.97 rows=91 width=125)
	  Recheck Cond: ((k >= 4431349) AND (k <= 4431449))
	  ->  Bitmap Index Scan on k_4  (cost=0.00..5.34 rows=91 width=0)
	        Index Cond: ((k >= 4431349) AND (k <= 4431449))

table 5 : explain SELECT k, c FROM sbtest5 WHERE k BETWEEN 4431349 AND 4431449
	Bitmap Heap Scan on sbtest5  (cost=5.47..405.46 rows=101 width=125)
	  Recheck Cond: ((k >= 4431349) AND (k <= 4431449))
	  ->  Bitmap Index Scan on k_5  (cost=0.00..5.44 rows=101 width=0)
	        Index Cond: ((k >= 4431349) AND (k <= 4431449))

table 6 : explain SELECT k, c FROM sbtest6 WHERE k BETWEEN 4431349 AND 4431449
	Bitmap Heap Scan on sbtest6  (cost=5.40..377.82 rows=94 width=125)
	  Recheck Cond: ((k >= 4431349) AND (k <= 4431449))
	  ->  Bitmap Index Scan on k_6  (cost=0.00..5.38 rows=94 width=0)
	        Index Cond: ((k >= 4431349) AND (k <= 4431449))

table 7 : explain SELECT k, c FROM sbtest7 WHERE k BETWEEN 4431349 AND 4431449
	Bitmap Heap Scan on sbtest7  (cost=5.46..401.52 rows=100 width=125)
	  Recheck Cond: ((k >= 4431349) AND (k <= 4431449))
	  ->  Bitmap Index Scan on k_7  (cost=0.00..5.43 rows=100 width=0)
	        Index Cond: ((k >= 4431349) AND (k <= 4431449))

table 8 : explain SELECT k, c FROM sbtest8 WHERE k BETWEEN 4431349 AND 4431449
	Bitmap Heap Scan on sbtest8  (cost=5.40..377.85 rows=94 width=125)
	  Recheck Cond: ((k >= 4431349) AND (k <= 4431449))
	  ->  Bitmap Index Scan on k_8  (cost=0.00..5.38 rows=94 width=0)
	        Index Cond: ((k >= 4431349) AND (k <= 4431449))

explain: for range-notcovered :: explain SELECT k, c FROM sbtest%d WHERE k BETWEEN 8009198 AND 8009298
explain: for range-notcovered :: explain SELECT k, c FROM sbtest%d WHERE k BETWEEN 4128757 AND 4128857

explain: for range-notcovered :: explain SELECT k, c FROM sbtest%d WHERE k BETWEEN 4461436 AND 4461536
explain: for range-notcovered :: explain SELECT k, c FROM sbtest%d WHERE k BETWEEN 2951443 AND 2951543
explain: for range-notcovered :: explain SELECT k, c FROM sbtest%d WHERE k BETWEEN 8303696 AND 8303796
for range-notcovered
table 1 : explain SELECT k, c FROM sbtest1 WHERE k BETWEEN 6190744 AND 6190844
	Bitmap Heap Scan on sbtest1  (cost=5.35..358.08 rows=89 width=125)
	  Recheck Cond: ((k >= 6190744) AND (k <= 6190844))
	  ->  Bitmap Index Scan on k_1  (cost=0.00..5.32 rows=89 width=0)
	        Index Cond: ((k >= 6190744) AND (k <= 6190844))

table 2 : explain SELECT k, c FROM sbtest2 WHERE k BETWEEN 6190744 AND 6190844
	Bitmap Heap Scan on sbtest2  (cost=5.49..413.29 rows=103 width=125)
	  Recheck Cond: ((k >= 6190744) AND (k <= 6190844))
	  ->  Bitmap Index Scan on k_2  (cost=0.00..5.46 rows=103 width=0)
	        Index Cond: ((k >= 6190744) AND (k <= 6190844))

table 3 : explain SELECT k, c FROM sbtest3 WHERE k BETWEEN 6190744 AND 6190844
	Bitmap Heap Scan on sbtest3  (cost=5.53..429.06 rows=107 width=125)
	  Recheck Cond: ((k >= 6190744) AND (k <= 6190844))
	  ->  Bitmap Index Scan on k_3  (cost=0.00..5.50 rows=107 width=0)
	        Index Cond: ((k >= 6190744) AND (k <= 6190844))

table 4 : explain SELECT k, c FROM sbtest4 WHERE k BETWEEN 6190744 AND 6190844
	Bitmap Heap Scan on sbtest4  (cost=5.48..409.35 rows=102 width=125)
	  Recheck Cond: ((k >= 6190744) AND (k <= 6190844))
	  ->  Bitmap Index Scan on k_4  (cost=0.00..5.45 rows=102 width=0)
	        Index Cond: ((k >= 6190744) AND (k <= 6190844))

table 5 : explain SELECT k, c FROM sbtest5 WHERE k BETWEEN 6190744 AND 6190844
	Bitmap Heap Scan on sbtest5  (cost=5.46..401.51 rows=100 width=125)
	  Recheck Cond: ((k >= 6190744) AND (k <= 6190844))
	  ->  Bitmap Index Scan on k_5  (cost=0.00..5.43 rows=100 width=0)
	        Index Cond: ((k >= 6190744) AND (k <= 6190844))

table 6 : explain SELECT k, c FROM sbtest6 WHERE k BETWEEN 6190744 AND 6190844
	Bitmap Heap Scan on sbtest6  (cost=5.47..405.43 rows=101 width=125)
	  Recheck Cond: ((k >= 6190744) AND (k <= 6190844))
	  ->  Bitmap Index Scan on k_6  (cost=0.00..5.44 rows=101 width=0)
	        Index Cond: ((k >= 6190744) AND (k <= 6190844))

table 7 : explain SELECT k, c FROM sbtest7 WHERE k BETWEEN 6190744 AND 6190844
	Bitmap Heap Scan on sbtest7  (cost=5.47..405.46 rows=101 width=125)
	  Recheck Cond: ((k >= 6190744) AND (k <= 6190844))
	  ->  Bitmap Index Scan on k_7  (cost=0.00..5.44 rows=101 width=0)
	        Index Cond: ((k >= 6190744) AND (k <= 6190844))

table 8 : explain SELECT k, c FROM sbtest8 WHERE k BETWEEN 6190744 AND 6190844
	Bitmap Heap Scan on sbtest8  (cost=5.53..429.11 rows=107 width=125)
	  Recheck Cond: ((k >= 6190744) AND (k <= 6190844))
	  ->  Bitmap Index Scan on k_8  (cost=0.00..5.50 rows=107 width=0)
	        Index Cond: ((k >= 6190744) AND (k <= 6190844))

for range-notcovered
table 1 : explain SELECT k, c FROM sbtest1 WHERE k BETWEEN 3027490 AND 3027590
	Bitmap Heap Scan on sbtest1  (cost=5.47..405.42 rows=101 width=125)
	  Recheck Cond: ((k >= 3027490) AND (k <= 3027590))
	  ->  Bitmap Index Scan on k_1  (cost=0.00..5.44 rows=101 width=0)
	        Index Cond: ((k >= 3027490) AND (k <= 3027590))

table 2 : explain SELECT k, c FROM sbtest2 WHERE k BETWEEN 3027490 AND 3027590
	Bitmap Heap Scan on sbtest2  (cost=5.50..417.24 rows=104 width=125)
	  Recheck Cond: ((k >= 3027490) AND (k <= 3027590))
	  ->  Bitmap Index Scan on k_2  (cost=0.00..5.47 rows=104 width=0)
	        Index Cond: ((k >= 3027490) AND (k <= 3027590))

table 3 : explain SELECT k, c FROM sbtest3 WHERE k BETWEEN 3027490 AND 3027590
	Bitmap Heap Scan on sbtest3  (cost=5.38..369.91 rows=92 width=125)
	  Recheck Cond: ((k >= 3027490) AND (k <= 3027590))
	  ->  Bitmap Index Scan on k_3  (cost=0.00..5.35 rows=92 width=0)
	        Index Cond: ((k >= 3027490) AND (k <= 3027590))

table 4 : explain SELECT k, c FROM sbtest4 WHERE k BETWEEN 3027490 AND 3027590
	Bitmap Heap Scan on sbtest4  (cost=5.43..389.64 rows=97 width=125)
	  Recheck Cond: ((k >= 3027490) AND (k <= 3027590))
	  ->  Bitmap Index Scan on k_4  (cost=0.00..5.40 rows=97 width=0)
	        Index Cond: ((k >= 3027490) AND (k <= 3027590))

table 5 : explain SELECT k, c FROM sbtest5 WHERE k BETWEEN 3027490 AND 3027590
	Bitmap Heap Scan on sbtest5  (cost=5.45..397.57 rows=99 width=125)
	  Recheck Cond: ((k >= 3027490) AND (k <= 3027590))
	  ->  Bitmap Index Scan on k_5  (cost=0.00..5.42 rows=99 width=0)
	        Index Cond: ((k >= 3027490) AND (k <= 3027590))

table 6 : explain SELECT k, c FROM sbtest6 WHERE k BETWEEN 3027490 AND 3027590
	Bitmap Heap Scan on sbtest6  (cost=5.50..417.25 rows=104 width=125)
	  Recheck Cond: ((k >= 3027490) AND (k <= 3027590))
	  ->  Bitmap Index Scan on k_6  (cost=0.00..5.47 rows=104 width=0)
	        Index Cond: ((k >= 3027490) AND (k <= 3027590))

table 7 : explain SELECT k, c FROM sbtest7 WHERE k BETWEEN 3027490 AND 3027590
	Bitmap Heap Scan on sbtest7  (cost=5.44..393.63 rows=98 width=125)
	  Recheck Cond: ((k >= 3027490) AND (k <= 3027590))
	  ->  Bitmap Index Scan on k_7  (cost=0.00..5.42 rows=98 width=0)
	        Index Cond: ((k >= 3027490) AND (k <= 3027590))

table 8 : explain SELECT k, c FROM sbtest8 WHERE k BETWEEN 3027490 AND 3027590
	Bitmap Heap Scan on sbtest8  (cost=5.51..421.23 rows=105 width=125)
	  Recheck Cond: ((k >= 3027490) AND (k <= 3027590))
	  ->  Bitmap Index Scan on k_8  (cost=0.00..5.48 rows=105 width=0)
	        Index Cond: ((k >= 3027490) AND (k <= 3027590))

explain: for range-notcovered :: explain SELECT k, c FROM sbtest%d WHERE k BETWEEN 6165910 AND 6166010
explain: for range-notcovered :: explain SELECT k, c FROM sbtest%d WHERE k BETWEEN 2353440 AND 2353540


explain: for range-notcovered :: explain SELECT k, c FROM sbtest%d WHERE k BETWEEN 5346008 AND 5346108
explain: for range-notcovered :: explain SELECT k, c FROM sbtest%d WHERE k BETWEEN 5643096 AND 5643196
explain: for range-notcovered :: explain SELECT k, c FROM sbtest%d WHERE k BETWEEN 5231136 AND 5231236
for range-notcovered
table 1 : explain SELECT k, c FROM sbtest1 WHERE k BETWEEN 7081738 AND 7081838
	Bitmap Heap Scan on sbtest1  (cost=5.53..429.07 rows=107 width=125)
	  Recheck Cond: ((k >= 7081738) AND (k <= 7081838))
	  ->  Bitmap Index Scan on k_1  (cost=0.00..5.50 rows=107 width=0)
	        Index Cond: ((k >= 7081738) AND (k <= 7081838))

table 2 : explain SELECT k, c FROM sbtest2 WHERE k BETWEEN 7081738 AND 7081838
	Bitmap Heap Scan on sbtest2  (cost=5.46..401.47 rows=100 width=125)
	  Recheck Cond: ((k >= 7081738) AND (k <= 7081838))
	  ->  Bitmap Index Scan on k_2  (cost=0.00..5.43 rows=100 width=0)
	        Index Cond: ((k >= 7081738) AND (k <= 7081838))

table 3 : explain SELECT k, c FROM sbtest3 WHERE k BETWEEN 7081738 AND 7081838
	Bitmap Heap Scan on sbtest3  (cost=5.63..468.44 rows=117 width=125)
	  Recheck Cond: ((k >= 7081738) AND (k <= 7081838))
	  ->  Bitmap Index Scan on k_3  (cost=0.00..5.60 rows=117 width=0)
	        Index Cond: ((k >= 7081738) AND (k <= 7081838))

table 4 : explain SELECT k, c FROM sbtest4 WHERE k BETWEEN 7081738 AND 7081838
	Bitmap Heap Scan on sbtest4  (cost=5.60..456.63 rows=114 width=125)
	  Recheck Cond: ((k >= 7081738) AND (k <= 7081838))
	  ->  Bitmap Index Scan on k_4  (cost=0.00..5.58 rows=114 width=0)
	        Index Cond: ((k >= 7081738) AND (k <= 7081838))

table 5 : explain SELECT k, c FROM sbtest5 WHERE k BETWEEN 7081738 AND 7081838
	Bitmap Heap Scan on sbtest5  (cost=5.45..397.57 rows=99 width=125)
	  Recheck Cond: ((k >= 7081738) AND (k <= 7081838))
	  ->  Bitmap Index Scan on k_5  (cost=0.00..5.42 rows=99 width=0)
	        Index Cond: ((k >= 7081738) AND (k <= 7081838))

table 6 : explain SELECT k, c FROM sbtest6 WHERE k BETWEEN 7081738 AND 7081838
	Bitmap Heap Scan on sbtest6  (cost=5.40..377.82 rows=94 width=125)
	  Recheck Cond: ((k >= 7081738) AND (k <= 7081838))
	  ->  Bitmap Index Scan on k_6  (cost=0.00..5.38 rows=94 width=0)
	        Index Cond: ((k >= 7081738) AND (k <= 7081838))

table 7 : explain SELECT k, c FROM sbtest7 WHERE k BETWEEN 7081738 AND 7081838
	Bitmap Heap Scan on sbtest7  (cost=5.52..425.17 rows=106 width=125)
	  Recheck Cond: ((k >= 7081738) AND (k <= 7081838))
	  ->  Bitmap Index Scan on k_7  (cost=0.00..5.50 rows=106 width=0)
	        Index Cond: ((k >= 7081738) AND (k <= 7081838))

table 8 : explain SELECT k, c FROM sbtest8 WHERE k BETWEEN 7081738 AND 7081838
	Bitmap Heap Scan on sbtest8  (cost=5.36..362.06 rows=90 width=125)
	  Recheck Cond: ((k >= 7081738) AND (k <= 7081838))
	  ->  Bitmap Index Scan on k_8  (cost=0.00..5.33 rows=90 width=0)
	        Index Cond: ((k >= 7081738) AND (k <= 7081838))
for range-notcovered
table 1 : explain SELECT k, c FROM sbtest1 WHERE k BETWEEN 6877552 AND 6877652
	Bitmap Heap Scan on sbtest1  (cost=5.51..421.19 rows=105 width=125)
	  Recheck Cond: ((k >= 6877552) AND (k <= 6877652))
	  ->  Bitmap Index Scan on k_1  (cost=0.00..5.48 rows=105 width=0)
	        Index Cond: ((k >= 6877552) AND (k <= 6877652))

table 2 : explain SELECT k, c FROM sbtest2 WHERE k BETWEEN 6877552 AND 6877652
	Bitmap Heap Scan on sbtest2  (cost=5.54..433.00 rows=108 width=125)
	  Recheck Cond: ((k >= 6877552) AND (k <= 6877652))
	  ->  Bitmap Index Scan on k_2  (cost=0.00..5.51 rows=108 width=0)
	        Index Cond: ((k >= 6877552) AND (k <= 6877652))

table 3 : explain SELECT k, c FROM sbtest3 WHERE k BETWEEN 6877552 AND 6877652
	Bitmap Heap Scan on sbtest3  (cost=5.55..436.94 rows=109 width=125)
	  Recheck Cond: ((k >= 6877552) AND (k <= 6877652))
	  ->  Bitmap Index Scan on k_3  (cost=0.00..5.52 rows=109 width=0)
	        Index Cond: ((k >= 6877552) AND (k <= 6877652))

table 4 : explain SELECT k, c FROM sbtest4 WHERE k BETWEEN 6877552 AND 6877652
	Bitmap Heap Scan on sbtest4  (cost=5.41..381.75 rows=95 width=125)
	  Recheck Cond: ((k >= 6877552) AND (k <= 6877652))
	  ->  Bitmap Index Scan on k_4  (cost=0.00..5.38 rows=95 width=0)
	        Index Cond: ((k >= 6877552) AND (k <= 6877652))

table 5 : explain SELECT k, c FROM sbtest5 WHERE k BETWEEN 6877552 AND 6877652
	Bitmap Heap Scan on sbtest5  (cost=5.56..440.93 rows=110 width=125)
	  Recheck Cond: ((k >= 6877552) AND (k <= 6877652))
	  ->  Bitmap Index Scan on k_5  (cost=0.00..5.53 rows=110 width=0)
	        Index Cond: ((k >= 6877552) AND (k <= 6877652))

table 6 : explain SELECT k, c FROM sbtest6 WHERE k BETWEEN 6877552 AND 6877652
	Bitmap Heap Scan on sbtest6  (cost=5.41..381.76 rows=95 width=125)
	  Recheck Cond: ((k >= 6877552) AND (k <= 6877652))
	  ->  Bitmap Index Scan on k_6  (cost=0.00..5.38 rows=95 width=0)
	        Index Cond: ((k >= 6877552) AND (k <= 6877652))

table 7 : explain SELECT k, c FROM sbtest7 WHERE k BETWEEN 6877552 AND 6877652
	Bitmap Heap Scan on sbtest7  (cost=5.48..409.41 rows=102 width=125)
	  Recheck Cond: ((k >= 6877552) AND (k <= 6877652))
	  ->  Bitmap Index Scan on k_7  (cost=0.00..5.45 rows=102 width=0)
	        Index Cond: ((k >= 6877552) AND (k <= 6877652))

table 8 : explain SELECT k, c FROM sbtest8 WHERE k BETWEEN 6877552 AND 6877652
	Bitmap Heap Scan on sbtest8  (cost=5.53..429.11 rows=107 width=125)
	  Recheck Cond: ((k >= 6877552) AND (k <= 6877652))
	  ->  Bitmap Index Scan on k_8  (cost=0.00..5.50 rows=107 width=0)
	        Index Cond: ((k >= 6877552) AND (k <= 6877652))
explain: for range-notcovered :: explain SELECT k, c FROM sbtest%d WHERE k BETWEEN 4431349 AND 4431449for range-notcovered
table 1 : explain SELECT k, c FROM sbtest1 WHERE k BETWEEN 5746081 AND 5746181
	Bitmap Heap Scan on sbtest1  (cost=5.39..373.86 rows=93 width=125)
	  Recheck Cond: ((k >= 5746081) AND (k <= 5746181))
	  ->  Bitmap Index Scan on k_1  (cost=0.00..5.36 rows=93 width=0)
	        Index Cond: ((k >= 5746081) AND (k <= 5746181))

table 2 : explain SELECT k, c FROM sbtest2 WHERE k BETWEEN 5746081 AND 5746181
	Bitmap Heap Scan on sbtest2  (cost=5.51..421.18 rows=105 width=125)
	  Recheck Cond: ((k >= 5746081) AND (k <= 5746181))
	  ->  Bitmap Index Scan on k_2  (cost=0.00..5.48 rows=105 width=0)
	        Index Cond: ((k >= 5746081) AND (k <= 5746181))

table 3 : explain SELECT k, c FROM sbtest3 WHERE k BETWEEN 5746081 AND 5746181
	Bitmap Heap Scan on sbtest3  (cost=5.45..397.53 rows=99 width=125)
	  Recheck Cond: ((k >= 5746081) AND (k <= 5746181))
	  ->  Bitmap Index Scan on k_3  (cost=0.00..5.42 rows=99 width=0)
	        Index Cond: ((k >= 5746081) AND (k <= 5746181))

table 4 : explain SELECT k, c FROM sbtest4 WHERE k BETWEEN 5746081 AND 5746181
	Bitmap Heap Scan on sbtest4  (cost=5.54..433.00 rows=108 width=125)
	  Recheck Cond: ((k >= 5746081) AND (k <= 5746181))
	  ->  Bitmap Index Scan on k_4  (cost=0.00..5.51 rows=108 width=0)
	        Index Cond: ((k >= 5746081) AND (k <= 5746181))

table 5 : explain SELECT k, c FROM sbtest5 WHERE k BETWEEN 5746081 AND 5746181
	Bitmap Heap Scan on sbtest5  (cost=5.53..429.11 rows=107 width=125)
	  Recheck Cond: ((k >= 5746081) AND (k <= 5746181))
	  ->  Bitmap Index Scan on k_5  (cost=0.00..5.50 rows=107 width=0)
	        Index Cond: ((k >= 5746081) AND (k <= 5746181))

table 6 : explain SELECT k, c FROM sbtest6 WHERE k BETWEEN 5746081 AND 5746181
	Bitmap Heap Scan on sbtest6  (cost=5.44..393.60 rows=98 width=125)
	  Recheck Cond: ((k >= 5746081) AND (k <= 5746181))
	  ->  Bitmap Index Scan on k_6  (cost=0.00..5.42 rows=98 width=0)
	        Index Cond: ((k >= 5746081) AND (k <= 5746181))

table 7 : explain SELECT k, c FROM sbtest7 WHERE k BETWEEN 5746081 AND 5746181
	Bitmap Heap Scan on sbtest7  (cost=5.57..444.88 rows=111 width=125)
	  Recheck Cond: ((k >= 5746081) AND (k <= 5746181))
	  ->  Bitmap Index Scan on k_7  (cost=0.00..5.54 rows=111 width=0)
	        Index Cond: ((k >= 5746081) AND (k <= 5746181))

table 8 : explain SELECT k, c FROM sbtest8 WHERE k BETWEEN 5746081 AND 5746181
	Bitmap Heap Scan on sbtest8  (cost=5.51..421.23 rows=105 width=125)
	  Recheck Cond: ((k >= 5746081) AND (k <= 5746181))
	  ->  Bitmap Index Scan on k_8  (cost=0.00..5.48 rows=105 width=0)
	        Index Cond: ((k >= 5746081) AND (k <= 5746181))

explain: for range-notcovered :: explain SELECT k, c FROM sbtest%d WHERE k BETWEEN 6190744 AND 6190844
explain: for range-notcovered :: explain SELECT k, c FROM sbtest%d WHERE k BETWEEN 3027490 AND 3027590

explain: for range-notcovered :: explain SELECT k, c FROM sbtest%d WHERE k BETWEEN 7238566 AND 7238666


for range-notcovered
table 1 : explain SELECT k, c FROM sbtest1 WHERE k BETWEEN 5027797 AND 5027897
	Bitmap Heap Scan on sbtest1  (cost=5.43..389.65 rows=97 width=125)
	  Recheck Cond: ((k >= 5027797) AND (k <= 5027897))
	  ->  Bitmap Index Scan on k_1  (cost=0.00..5.40 rows=97 width=0)
	        Index Cond: ((k >= 5027797) AND (k <= 5027897))

table 2 : explain SELECT k, c FROM sbtest2 WHERE k BETWEEN 5027797 AND 5027897
	Bitmap Heap Scan on sbtest2  (cost=5.49..413.29 rows=103 width=125)
	  Recheck Cond: ((k >= 5027797) AND (k <= 5027897))
	  ->  Bitmap Index Scan on k_2  (cost=0.00..5.46 rows=103 width=0)
	        Index Cond: ((k >= 5027797) AND (k <= 5027897))

table 3 : explain SELECT k, c FROM sbtest3 WHERE k BETWEEN 5027797 AND 5027897
	Bitmap Heap Scan on sbtest3  (cost=5.48..409.36 rows=102 width=125)
	  Recheck Cond: ((k >= 5027797) AND (k <= 5027897))
	  ->  Bitmap Index Scan on k_3  (cost=0.00..5.45 rows=102 width=0)
	        Index Cond: ((k >= 5027797) AND (k <= 5027897))

table 4 : explain SELECT k, c FROM sbtest4 WHERE k BETWEEN 5027797 AND 5027897
	Bitmap Heap Scan on sbtest4  (cost=5.48..409.35 rows=102 width=125)
	  Recheck Cond: ((k >= 5027797) AND (k <= 5027897))
	  ->  Bitmap Index Scan on k_4  (cost=0.00..5.45 rows=102 width=0)
	        Index Cond: ((k >= 5027797) AND (k <= 5027897))

table 5 : explain SELECT k, c FROM sbtest5 WHERE k BETWEEN 5027797 AND 5027897
	Bitmap Heap Scan on sbtest5  (cost=5.42..385.74 rows=96 width=125)
	  Recheck Cond: ((k >= 5027797) AND (k <= 5027897))
	  ->  Bitmap Index Scan on k_5  (cost=0.00..5.39 rows=96 width=0)
	        Index Cond: ((k >= 5027797) AND (k <= 5027897))

table 6 : explain SELECT k, c FROM sbtest6 WHERE k BETWEEN 5027797 AND 5027897
	Bitmap Heap Scan on sbtest6  (cost=5.49..413.31 rows=103 width=125)
	  Recheck Cond: ((k >= 5027797) AND (k <= 5027897))
	  ->  Bitmap Index Scan on k_6  (cost=0.00..5.46 rows=103 width=0)
	        Index Cond: ((k >= 5027797) AND (k <= 5027897))

table 7 : explain SELECT k, c FROM sbtest7 WHERE k BETWEEN 5027797 AND 5027897
	Bitmap Heap Scan on sbtest7  (cost=5.54..433.06 rows=108 width=125)
	  Recheck Cond: ((k >= 5027797) AND (k <= 5027897))
	  ->  Bitmap Index Scan on k_7  (cost=0.00..5.51 rows=108 width=0)
	        Index Cond: ((k >= 5027797) AND (k <= 5027897))

table 8 : explain SELECT k, c FROM sbtest8 WHERE k BETWEEN 5027797 AND 5027897
	Bitmap Heap Scan on sbtest8  (cost=5.41..381.79 rows=95 width=125)
	  Recheck Cond: ((k >= 5027797) AND (k <= 5027897))
	  ->  Bitmap Index Scan on k_8  (cost=0.00..5.38 rows=95 width=0)
	        Index Cond: ((k >= 5027797) AND (k <= 5027897))

for range-notcovered
table 1 : explain SELECT k, c FROM sbtest1 WHERE k BETWEEN 2407929 AND 2408029
	Bitmap Heap Scan on sbtest1  (cost=5.41..381.76 rows=95 width=125)
	  Recheck Cond: ((k >= 2407929) AND (k <= 2408029))
	  ->  Bitmap Index Scan on k_1  (cost=0.00..5.38 rows=95 width=0)
	        Index Cond: ((k >= 2407929) AND (k <= 2408029))

table 2 : explain SELECT k, c FROM sbtest2 WHERE k BETWEEN 2407929 AND 2408029
	Bitmap Heap Scan on sbtest2  (cost=5.41..381.75 rows=95 width=125)
	  Recheck Cond: ((k >= 2407929) AND (k <= 2408029))
	  ->  Bitmap Index Scan on k_2  (cost=0.00..5.38 rows=95 width=0)
	        Index Cond: ((k >= 2407929) AND (k <= 2408029))

table 3 : explain SELECT k, c FROM sbtest3 WHERE k BETWEEN 2407929 AND 2408029
	Bitmap Heap Scan on sbtest3  (cost=5.57..444.82 rows=111 width=125)
	  Recheck Cond: ((k >= 2407929) AND (k <= 2408029))
	  ->  Bitmap Index Scan on k_3  (cost=0.00..5.54 rows=111 width=0)
	        Index Cond: ((k >= 2407929) AND (k <= 2408029))

table 4 : explain SELECT k, c FROM sbtest4 WHERE k BETWEEN 2407929 AND 2408029
	Bitmap Heap Scan on sbtest4  (cost=5.55..436.94 rows=109 width=125)
	  Recheck Cond: ((k >= 2407929) AND (k <= 2408029))
	  ->  Bitmap Index Scan on k_4  (cost=0.00..5.52 rows=109 width=0)
	        Index Cond: ((k >= 2407929) AND (k <= 2408029))

table 5 : explain SELECT k, c FROM sbtest5 WHERE k BETWEEN 2407929 AND 2408029
	Bitmap Heap Scan on sbtest5  (cost=5.42..385.74 rows=96 width=125)
	  Recheck Cond: ((k >= 2407929) AND (k <= 2408029))
	  ->  Bitmap Index Scan on k_5  (cost=0.00..5.39 rows=96 width=0)
	        Index Cond: ((k >= 2407929) AND (k <= 2408029))

table 6 : explain SELECT k, c FROM sbtest6 WHERE k BETWEEN 2407929 AND 2408029
	Bitmap Heap Scan on sbtest6  (cost=5.41..381.76 rows=95 width=125)
	  Recheck Cond: ((k >= 2407929) AND (k <= 2408029))
	  ->  Bitmap Index Scan on k_6  (cost=0.00..5.38 rows=95 width=0)
	        Index Cond: ((k >= 2407929) AND (k <= 2408029))

table 7 : explain SELECT k, c FROM sbtest7 WHERE k BETWEEN 2407929 AND 2408029
	Bitmap Heap Scan on sbtest7  (cost=5.51..421.23 rows=105 width=125)
	  Recheck Cond: ((k >= 2407929) AND (k <= 2408029))
	  ->  Bitmap Index Scan on k_7  (cost=0.00..5.48 rows=105 width=0)
	        Index Cond: ((k >= 2407929) AND (k <= 2408029))

table 8 : explain SELECT k, c FROM sbtest8 WHERE k BETWEEN 2407929 AND 2408029
	Bitmap Heap Scan on sbtest8  (cost=5.50..417.29 rows=104 width=125)
	  Recheck Cond: ((k >= 2407929) AND (k <= 2408029))
	  ->  Bitmap Index Scan on k_8  (cost=0.00..5.47 rows=104 width=0)
	        Index Cond: ((k >= 2407929) AND (k <= 2408029))

for range-notcovered
table 1 : explain SELECT k, c FROM sbtest1 WHERE k BETWEEN 4506587 AND 4506687
	Bitmap Heap Scan on sbtest1  (cost=5.46..401.48 rows=100 width=125)
	  Recheck Cond: ((k >= 4506587) AND (k <= 4506687))
	  ->  Bitmap Index Scan on k_1  (cost=0.00..5.43 rows=100 width=0)
	        Index Cond: ((k >= 4506587) AND (k <= 4506687))

table 2 : explain SELECT k, c FROM sbtest2 WHERE k BETWEEN 4506587 AND 4506687
	Bitmap Heap Scan on sbtest2  (cost=5.51..421.18 rows=105 width=125)
	  Recheck Cond: ((k >= 4506587) AND (k <= 4506687))
	  ->  Bitmap Index Scan on k_2  (cost=0.00..5.48 rows=105 width=0)
	        Index Cond: ((k >= 4506587) AND (k <= 4506687))

table 3 : explain SELECT k, c FROM sbtest3 WHERE k BETWEEN 4506587 AND 4506687
	Bitmap Heap Scan on sbtest3  (cost=5.43..389.64 rows=97 width=125)
	  Recheck Cond: ((k >= 4506587) AND (k <= 4506687))
	  ->  Bitmap Index Scan on k_3  (cost=0.00..5.40 rows=97 width=0)
	        Index Cond: ((k >= 4506587) AND (k <= 4506687))

table 4 : explain SELECT k, c FROM sbtest4 WHERE k BETWEEN 4506587 AND 4506687
	Bitmap Heap Scan on sbtest4  (cost=5.37..365.97 rows=91 width=125)
	  Recheck Cond: ((k >= 4506587) AND (k <= 4506687))
	  ->  Bitmap Index Scan on k_4  (cost=0.00..5.34 rows=91 width=0)
	        Index Cond: ((k >= 4506587) AND (k <= 4506687))

table 5 : explain SELECT k, c FROM sbtest5 WHERE k BETWEEN 4506587 AND 4506687
	Bitmap Heap Scan on sbtest5  (cost=5.47..405.46 rows=101 width=125)
	  Recheck Cond: ((k >= 4506587) AND (k <= 4506687))
	  ->  Bitmap Index Scan on k_5  (cost=0.00..5.44 rows=101 width=0)
	        Index Cond: ((k >= 4506587) AND (k <= 4506687))

table 6 : explain SELECT k, c FROM sbtest6 WHERE k BETWEEN 4506587 AND 4506687
	Bitmap Heap Scan on sbtest6  (cost=5.59..452.71 rows=113 width=125)
	  Recheck Cond: ((k >= 4506587) AND (k <= 4506687))
	  ->  Bitmap Index Scan on k_6  (cost=0.00..5.56 rows=113 width=0)
	        Index Cond: ((k >= 4506587) AND (k <= 4506687))

table 7 : explain SELECT k, c FROM sbtest7 WHERE k BETWEEN 4506587 AND 4506687
	Bitmap Heap Scan on sbtest7  (cost=5.57..444.88 rows=111 width=125)
	  Recheck Cond: ((k >= 4506587) AND (k <= 4506687))
	  ->  Bitmap Index Scan on k_7  (cost=0.00..5.54 rows=111 width=0)
	        Index Cond: ((k >= 4506587) AND (k <= 4506687))

table 8 : explain SELECT k, c FROM sbtest8 WHERE k BETWEEN 4506587 AND 4506687
	Bitmap Heap Scan on sbtest8  (cost=5.40..377.85 rows=94 width=125)
	  Recheck Cond: ((k >= 4506587) AND (k <= 4506687))
	  ->  Bitmap Index Scan on k_8  (cost=0.00..5.38 rows=94 width=0)
	        Index Cond: ((k >= 4506587) AND (k <= 4506687))
explain: for range-notcovered :: explain SELECT k, c FROM sbtest%d WHERE k BETWEEN 6877552 AND 6877652
for range-notcovered
table 1 : explain SELECT k, c FROM sbtest1 WHERE k BETWEEN 6262792 AND 6262892
	Bitmap Heap Scan on sbtest1  (cost=5.35..358.08 rows=89 width=125)
	  Recheck Cond: ((k >= 6262792) AND (k <= 6262892))
	  ->  Bitmap Index Scan on k_1  (cost=0.00..5.32 rows=89 width=0)
	        Index Cond: ((k >= 6262792) AND (k <= 6262892))

table 2 : explain SELECT k, c FROM sbtest2 WHERE k BETWEEN 6262792 AND 6262892
	Bitmap Heap Scan on sbtest2  (cost=5.49..413.29 rows=103 width=125)
	  Recheck Cond: ((k >= 6262792) AND (k <= 6262892))
	  ->  Bitmap Index Scan on k_2  (cost=0.00..5.46 rows=103 width=0)
	        Index Cond: ((k >= 6262792) AND (k <= 6262892))

table 3 : explain SELECT k, c FROM sbtest3 WHERE k BETWEEN 6262792 AND 6262892
	Bitmap Heap Scan on sbtest3  (cost=5.50..417.24 rows=104 width=125)
	  Recheck Cond: ((k >= 6262792) AND (k <= 6262892))
	  ->  Bitmap Index Scan on k_3  (cost=0.00..5.47 rows=104 width=0)
	        Index Cond: ((k >= 6262792) AND (k <= 6262892))

table 4 : explain SELECT k, c FROM sbtest4 WHERE k BETWEEN 6262792 AND 6262892
	Bitmap Heap Scan on sbtest4  (cost=5.49..413.30 rows=103 width=125)
	  Recheck Cond: ((k >= 6262792) AND (k <= 6262892))
	  ->  Bitmap Index Scan on k_4  (cost=0.00..5.46 rows=103 width=0)
	        Index Cond: ((k >= 6262792) AND (k <= 6262892))

table 5 : explain SELECT k, c FROM sbtest5 WHERE k BETWEEN 6262792 AND 6262892
	Bitmap Heap Scan on sbtest5  (cost=5.44..393.62 rows=98 width=125)
	  Recheck Cond: ((k >= 6262792) AND (k <= 6262892))
	  ->  Bitmap Index Scan on k_5  (cost=0.00..5.42 rows=98 width=0)
	        Index Cond: ((k >= 6262792) AND (k <= 6262892))

table 6 : explain SELECT k, c FROM sbtest6 WHERE k BETWEEN 6262792 AND 6262892
	Bitmap Heap Scan on sbtest6  (cost=5.47..405.43 rows=101 width=125)
	  Recheck Cond: ((k >= 6262792) AND (k <= 6262892))
	  ->  Bitmap Index Scan on k_6  (cost=0.00..5.44 rows=101 width=0)
	        Index Cond: ((k >= 6262792) AND (k <= 6262892))

table 7 : explain SELECT k, c FROM sbtest7 WHERE k BETWEEN 6262792 AND 6262892
	Bitmap Heap Scan on sbtest7  (cost=5.42..385.74 rows=96 width=125)
	  Recheck Cond: ((k >= 6262792) AND (k <= 6262892))
	  ->  Bitmap Index Scan on k_7  (cost=0.00..5.39 rows=96 width=0)
	        Index Cond: ((k >= 6262792) AND (k <= 6262892))

table 8 : explain SELECT k, c FROM sbtest8 WHERE k BETWEEN 6262792 AND 6262892
	Bitmap Heap Scan on sbtest8  (cost=5.51..421.23 rows=105 width=125)
	  Recheck Cond: ((k >= 6262792) AND (k <= 6262892))
	  ->  Bitmap Index Scan on k_8  (cost=0.00..5.48 rows=105 width=0)
	        Index Cond: ((k >= 6262792) AND (k <= 6262892))


for range-notcovered
table 1 : explain SELECT k, c FROM sbtest1 WHERE k BETWEEN 2776751 AND 2776851
	Bitmap Heap Scan on sbtest1  (cost=5.49..413.30 rows=103 width=125)
	  Recheck Cond: ((k >= 2776751) AND (k <= 2776851))
	  ->  Bitmap Index Scan on k_1  (cost=0.00..5.46 rows=103 width=0)
	        Index Cond: ((k >= 2776751) AND (k <= 2776851))

table 2 : explain SELECT k, c FROM sbtest2 WHERE k BETWEEN 2776751 AND 2776851
	Bitmap Heap Scan on sbtest2  (cost=5.54..433.00 rows=108 width=125)
	  Recheck Cond: ((k >= 2776751) AND (k <= 2776851))
	  ->  Bitmap Index Scan on k_2  (cost=0.00..5.51 rows=108 width=0)
	        Index Cond: ((k >= 2776751) AND (k <= 2776851))

table 3 : explain SELECT k, c FROM sbtest3 WHERE k BETWEEN 2776751 AND 2776851
	Bitmap Heap Scan on sbtest3  (cost=5.44..393.58 rows=98 width=125)
	  Recheck Cond: ((k >= 2776751) AND (k <= 2776851))
	  ->  Bitmap Index Scan on k_3  (cost=0.00..5.42 rows=98 width=0)
	        Index Cond: ((k >= 2776751) AND (k <= 2776851))

table 4 : explain SELECT k, c FROM sbtest4 WHERE k BETWEEN 2776751 AND 2776851
	Bitmap Heap Scan on sbtest4  (cost=5.42..385.69 rows=96 width=125)
	  Recheck Cond: ((k >= 2776751) AND (k <= 2776851))
	  ->  Bitmap Index Scan on k_4  (cost=0.00..5.39 rows=96 width=0)
	        Index Cond: ((k >= 2776751) AND (k <= 2776851))

table 5 : explain SELECT k, c FROM sbtest5 WHERE k BETWEEN 2776751 AND 2776851
	Bitmap Heap Scan on sbtest5  (cost=5.38..369.95 rows=92 width=125)
	  Recheck Cond: ((k >= 2776751) AND (k <= 2776851))
	  ->  Bitmap Index Scan on k_5  (cost=0.00..5.35 rows=92 width=0)
	        Index Cond: ((k >= 2776751) AND (k <= 2776851))

table 6 : explain SELECT k, c FROM sbtest6 WHERE k BETWEEN 2776751 AND 2776851
	Bitmap Heap Scan on sbtest6  (cost=5.49..413.31 rows=103 width=125)
	  Recheck Cond: ((k >= 2776751) AND (k <= 2776851))
	  ->  Bitmap Index Scan on k_6  (cost=0.00..5.46 rows=103 width=0)
	        Index Cond: ((k >= 2776751) AND (k <= 2776851))

table 7 : explain SELECT k, c FROM sbtest7 WHERE k BETWEEN 2776751 AND 2776851
	Bitmap Heap Scan on sbtest7  (cost=5.54..433.06 rows=108 width=125)
	  Recheck Cond: ((k >= 2776751) AND (k <= 2776851))
	  ->  Bitmap Index Scan on k_7  (cost=0.00..5.51 rows=108 width=0)
	        Index Cond: ((k >= 2776751) AND (k <= 2776851))

table 8 : explain SELECT k, c FROM sbtest8 WHERE k BETWEEN 2776751 AND 2776851
	Bitmap Heap Scan on sbtest8  (cost=5.54..433.05 rows=108 width=125)
	  Recheck Cond: ((k >= 2776751) AND (k <= 2776851))
	  ->  Bitmap Index Scan on k_8  (cost=0.00..5.51 rows=108 width=0)
	        Index Cond: ((k >= 2776751) AND (k <= 2776851))
for range-notcovered
table 1 : explain SELECT k, c FROM sbtest1 WHERE k BETWEEN 8009198 AND 8009298
	Bitmap Heap Scan on sbtest1  (cost=5.45..397.53 rows=99 width=125)
	  Recheck Cond: ((k >= 8009198) AND (k <= 8009298))
	  ->  Bitmap Index Scan on k_1  (cost=0.00..5.42 rows=99 width=0)
	        Index Cond: ((k >= 8009198) AND (k <= 8009298))

table 2 : explain SELECT k, c FROM sbtest2 WHERE k BETWEEN 8009198 AND 8009298
	Bitmap Heap Scan on sbtest2  (cost=5.49..413.29 rows=103 width=125)
	  Recheck Cond: ((k >= 8009198) AND (k <= 8009298))
	  ->  Bitmap Index Scan on k_2  (cost=0.00..5.46 rows=103 width=0)
	        Index Cond: ((k >= 8009198) AND (k <= 8009298))

table 3 : explain SELECT k, c FROM sbtest3 WHERE k BETWEEN 8009198 AND 8009298
	Bitmap Heap Scan on sbtest3  (cost=5.54..433.00 rows=108 width=125)
	  Recheck Cond: ((k >= 8009198) AND (k <= 8009298))
	  ->  Bitmap Index Scan on k_3  (cost=0.00..5.51 rows=108 width=0)
	        Index Cond: ((k >= 8009198) AND (k <= 8009298))

table 4 : explain SELECT k, c FROM sbtest4 WHERE k BETWEEN 8009198 AND 8009298
	Bitmap Heap Scan on sbtest4  (cost=5.52..425.12 rows=106 width=125)
	  Recheck Cond: ((k >= 8009198) AND (k <= 8009298))
	  ->  Bitmap Index Scan on k_4  (cost=0.00..5.50 rows=106 width=0)
	        Index Cond: ((k >= 8009198) AND (k <= 8009298))

table 5 : explain SELECT k, c FROM sbtest5 WHERE k BETWEEN 8009198 AND 8009298
	Bitmap Heap Scan on sbtest5  (cost=5.45..397.57 rows=99 width=125)
	  Recheck Cond: ((k >= 8009198) AND (k <= 8009298))
	  ->  Bitmap Index Scan on k_5  (cost=0.00..5.42 rows=99 width=0)
	        Index Cond: ((k >= 8009198) AND (k <= 8009298))

table 6 : explain SELECT k, c FROM sbtest6 WHERE k BETWEEN 8009198 AND 8009298
	Bitmap Heap Scan on sbtest6  (cost=5.51..421.19 rows=105 width=125)
	  Recheck Cond: ((k >= 8009198) AND (k <= 8009298))
	  ->  Bitmap Index Scan on k_6  (cost=0.00..5.48 rows=105 width=0)
	        Index Cond: ((k >= 8009198) AND (k <= 8009298))

table 7 : explain SELECT k, c FROM sbtest7 WHERE k BETWEEN 8009198 AND 8009298
	Bitmap Heap Scan on sbtest7  (cost=5.46..401.52 rows=100 width=125)
	  Recheck Cond: ((k >= 8009198) AND (k <= 8009298))
	  ->  Bitmap Index Scan on k_7  (cost=0.00..5.43 rows=100 width=0)
	        Index Cond: ((k >= 8009198) AND (k <= 8009298))

table 8 : explain SELECT k, c FROM sbtest8 WHERE k BETWEEN 8009198 AND 8009298
	Bitmap Heap Scan on sbtest8  (cost=5.47..405.46 rows=101 width=125)
	  Recheck Cond: ((k >= 8009198) AND (k <= 8009298))
	  ->  Bitmap Index Scan on k_8  (cost=0.00..5.44 rows=101 width=0)
	        Index Cond: ((k >= 8009198) AND (k <= 8009298))

explain: for range-notcovered :: explain SELECT k, c FROM sbtest%d WHERE k BETWEEN 7081738 AND 7081838

explain: for range-notcovered :: explain SELECT k, c FROM sbtest%d WHERE k BETWEEN 4170423 AND 4170523
explain: for range-notcovered :: explain SELECT k, c FROM sbtest%d WHERE k BETWEEN 5027797 AND 5027897
explain: for range-notcovered :: explain SELECT k, c FROM sbtest%d WHERE k BETWEEN 5746081 AND 5746181
for range-notcovered
table 1 : explain SELECT k, c FROM sbtest1 WHERE k BETWEEN 4721381 AND 4721481
	Bitmap Heap Scan on sbtest1  (cost=5.49..413.30 rows=103 width=125)
	  Recheck Cond: ((k >= 4721381) AND (k <= 4721481))
	  ->  Bitmap Index Scan on k_1  (cost=0.00..5.46 rows=103 width=0)
	        Index Cond: ((k >= 4721381) AND (k <= 4721481))

table 2 : explain SELECT k, c FROM sbtest2 WHERE k BETWEEN 4721381 AND 4721481
	Bitmap Heap Scan on sbtest2  (cost=5.61..460.57 rows=115 width=125)
	  Recheck Cond: ((k >= 4721381) AND (k <= 4721481))
	  ->  Bitmap Index Scan on k_2  (cost=0.00..5.58 rows=115 width=0)
	        Index Cond: ((k >= 4721381) AND (k <= 4721481))

table 3 : explain SELECT k, c FROM sbtest3 WHERE k BETWEEN 4721381 AND 4721481
	Bitmap Heap Scan on sbtest3  (cost=5.49..413.30 rows=103 width=125)
	  Recheck Cond: ((k >= 4721381) AND (k <= 4721481))
	  ->  Bitmap Index Scan on k_3  (cost=0.00..5.46 rows=103 width=0)
	        Index Cond: ((k >= 4721381) AND (k <= 4721481))

table 4 : explain SELECT k, c FROM sbtest4 WHERE k BETWEEN 4721381 AND 4721481
	Bitmap Heap Scan on sbtest4  (cost=5.49..413.30 rows=103 width=125)
	  Recheck Cond: ((k >= 4721381) AND (k <= 4721481))
	  ->  Bitmap Index Scan on k_4  (cost=0.00..5.46 rows=103 width=0)
	        Index Cond: ((k >= 4721381) AND (k <= 4721481))

table 5 : explain SELECT k, c FROM sbtest5 WHERE k BETWEEN 4721381 AND 4721481
	Bitmap Heap Scan on sbtest5  (cost=5.40..377.84 rows=94 width=125)
	  Recheck Cond: ((k >= 4721381) AND (k <= 4721481))
	  ->  Bitmap Index Scan on k_5  (cost=0.00..5.38 rows=94 width=0)
	        Index Cond: ((k >= 4721381) AND (k <= 4721481))

table 6 : explain SELECT k, c FROM sbtest6 WHERE k BETWEEN 4721381 AND 4721481
	Bitmap Heap Scan on sbtest6  (cost=5.57..444.83 rows=111 width=125)
	  Recheck Cond: ((k >= 4721381) AND (k <= 4721481))
	  ->  Bitmap Index Scan on k_6  (cost=0.00..5.54 rows=111 width=0)
	        Index Cond: ((k >= 4721381) AND (k <= 4721481))

table 7 : explain SELECT k, c FROM sbtest7 WHERE k BETWEEN 4721381 AND 4721481
	Bitmap Heap Scan on sbtest7  (cost=5.53..429.12 rows=107 width=125)
	  Recheck Cond: ((k >= 4721381) AND (k <= 4721481))
	  ->  Bitmap Index Scan on k_7  (cost=0.00..5.50 rows=107 width=0)
	        Index Cond: ((k >= 4721381) AND (k <= 4721481))

table 8 : explain SELECT k, c FROM sbtest8 WHERE k BETWEEN 4721381 AND 4721481
	Bitmap Heap Scan on sbtest8  (cost=5.53..429.11 rows=107 width=125)
	  Recheck Cond: ((k >= 4721381) AND (k <= 4721481))
	  ->  Bitmap Index Scan on k_8  (cost=0.00..5.50 rows=107 width=0)
	        Index Cond: ((k >= 4721381) AND (k <= 4721481))

for range-notcovered
table 1 : explain SELECT k, c FROM sbtest1 WHERE k BETWEEN 4128757 AND 4128857
	Bitmap Heap Scan on sbtest1  (cost=5.49..413.30 rows=103 width=125)
	  Recheck Cond: ((k >= 4128757) AND (k <= 4128857))
	  ->  Bitmap Index Scan on k_1  (cost=0.00..5.46 rows=103 width=0)
	        Index Cond: ((k >= 4128757) AND (k <= 4128857))

table 2 : explain SELECT k, c FROM sbtest2 WHERE k BETWEEN 4128757 AND 4128857
	Bitmap Heap Scan on sbtest2  (cost=5.56..440.88 rows=110 width=125)
	  Recheck Cond: ((k >= 4128757) AND (k <= 4128857))
	  ->  Bitmap Index Scan on k_2  (cost=0.00..5.53 rows=110 width=0)
	        Index Cond: ((k >= 4128757) AND (k <= 4128857))

table 3 : explain SELECT k, c FROM sbtest3 WHERE k BETWEEN 4128757 AND 4128857
	Bitmap Heap Scan on sbtest3  (cost=5.48..409.36 rows=102 width=125)
	  Recheck Cond: ((k >= 4128757) AND (k <= 4128857))
	  ->  Bitmap Index Scan on k_3  (cost=0.00..5.45 rows=102 width=0)
	        Index Cond: ((k >= 4128757) AND (k <= 4128857))

table 4 : explain SELECT k, c FROM sbtest4 WHERE k BETWEEN 4128757 AND 4128857
	Bitmap Heap Scan on sbtest4  (cost=5.49..413.30 rows=103 width=125)
	  Recheck Cond: ((k >= 4128757) AND (k <= 4128857))
	  ->  Bitmap Index Scan on k_4  (cost=0.00..5.46 rows=103 width=0)
	        Index Cond: ((k >= 4128757) AND (k <= 4128857))

table 5 : explain SELECT k, c FROM sbtest5 WHERE k BETWEEN 4128757 AND 4128857
	Bitmap Heap Scan on sbtest5  (cost=5.41..381.79 rows=95 width=125)
	  Recheck Cond: ((k >= 4128757) AND (k <= 4128857))
	  ->  Bitmap Index Scan on k_5  (cost=0.00..5.38 rows=95 width=0)
	        Index Cond: ((k >= 4128757) AND (k <= 4128857))

table 6 : explain SELECT k, c FROM sbtest6 WHERE k BETWEEN 4128757 AND 4128857
	Bitmap Heap Scan on sbtest6  (cost=5.57..444.83 rows=111 width=125)
	  Recheck Cond: ((k >= 4128757) AND (k <= 4128857))
	  ->  Bitmap Index Scan on k_6  (cost=0.00..5.54 rows=111 width=0)
	        Index Cond: ((k >= 4128757) AND (k <= 4128857))

table 7 : explain SELECT k, c FROM sbtest7 WHERE k BETWEEN 4128757 AND 4128857
	Bitmap Heap Scan on sbtest7  (cost=5.50..417.29 rows=104 width=125)
	  Recheck Cond: ((k >= 4128757) AND (k <= 4128857))
	  ->  Bitmap Index Scan on k_7  (cost=0.00..5.47 rows=104 width=0)
	        Index Cond: ((k >= 4128757) AND (k <= 4128857))

table 8 : explain SELECT k, c FROM sbtest8 WHERE k BETWEEN 4128757 AND 4128857
	Bitmap Heap Scan on sbtest8  (cost=5.47..405.46 rows=101 width=125)
	  Recheck Cond: ((k >= 4128757) AND (k <= 4128857))
	  ->  Bitmap Index Scan on k_8  (cost=0.00..5.44 rows=101 width=0)
	        Index Cond: ((k >= 4128757) AND (k <= 4128857))

for range-notcovered
table 1 : explain SELECT k, c FROM sbtest1 WHERE k BETWEEN 5954040 AND 5954140
	Bitmap Heap Scan on sbtest1  (cost=5.48..409.36 rows=102 width=125)
	  Recheck Cond: ((k >= 5954040) AND (k <= 5954140))
	  ->  Bitmap Index Scan on k_1  (cost=0.00..5.45 rows=102 width=0)
	        Index Cond: ((k >= 5954040) AND (k <= 5954140))

table 2 : explain SELECT k, c FROM sbtest2 WHERE k BETWEEN 5954040 AND 5954140
	Bitmap Heap Scan on sbtest2  (cost=5.52..425.12 rows=106 width=125)
	  Recheck Cond: ((k >= 5954040) AND (k <= 5954140))
	  ->  Bitmap Index Scan on k_2  (cost=0.00..5.50 rows=106 width=0)
	        Index Cond: ((k >= 5954040) AND (k <= 5954140))

table 3 : explain SELECT k, c FROM sbtest3 WHERE k BETWEEN 5954040 AND 5954140
	Bitmap Heap Scan on sbtest3  (cost=5.44..393.58 rows=98 width=125)
	  Recheck Cond: ((k >= 5954040) AND (k <= 5954140))
	  ->  Bitmap Index Scan on k_3  (cost=0.00..5.42 rows=98 width=0)
	        Index Cond: ((k >= 5954040) AND (k <= 5954140))

table 4 : explain SELECT k, c FROM sbtest4 WHERE k BETWEEN 5954040 AND 5954140
	Bitmap Heap Scan on sbtest4  (cost=5.48..409.35 rows=102 width=125)
	  Recheck Cond: ((k >= 5954040) AND (k <= 5954140))
	  ->  Bitmap Index Scan on k_4  (cost=0.00..5.45 rows=102 width=0)
	        Index Cond: ((k >= 5954040) AND (k <= 5954140))

table 5 : explain SELECT k, c FROM sbtest5 WHERE k BETWEEN 5954040 AND 5954140
	Bitmap Heap Scan on sbtest5  (cost=5.51..421.23 rows=105 width=125)
	  Recheck Cond: ((k >= 5954040) AND (k <= 5954140))
	  ->  Bitmap Index Scan on k_5  (cost=0.00..5.48 rows=105 width=0)
	        Index Cond: ((k >= 5954040) AND (k <= 5954140))

table 6 : explain SELECT k, c FROM sbtest6 WHERE k BETWEEN 5954040 AND 5954140
	Bitmap Heap Scan on sbtest6  (cost=5.44..393.60 rows=98 width=125)
	  Recheck Cond: ((k >= 5954040) AND (k <= 5954140))
	  ->  Bitmap Index Scan on k_6  (cost=0.00..5.42 rows=98 width=0)
	        Index Cond: ((k >= 5954040) AND (k <= 5954140))

table 7 : explain SELECT k, c FROM sbtest7 WHERE k BETWEEN 5954040 AND 5954140
	Bitmap Heap Scan on sbtest7  (cost=5.68..484.25 rows=121 width=125)
	  Recheck Cond: ((k >= 5954040) AND (k <= 5954140))
	  ->  Bitmap Index Scan on k_7  (cost=0.00..5.64 rows=121 width=0)
	        Index Cond: ((k >= 5954040) AND (k <= 5954140))

table 8 : explain SELECT k, c FROM sbtest8 WHERE k BETWEEN 5954040 AND 5954140
	Bitmap Heap Scan on sbtest8  (cost=5.52..425.17 rows=106 width=125)
	  Recheck Cond: ((k >= 5954040) AND (k <= 5954140))
	  ->  Bitmap Index Scan on k_8  (cost=0.00..5.50 rows=106 width=0)
	        Index Cond: ((k >= 5954040) AND (k <= 5954140))

explain: for range-notcovered :: explain SELECT k, c FROM sbtest%d WHERE k BETWEEN 2407929 AND 2408029
explain: for range-notcovered :: explain SELECT k, c FROM sbtest%d WHERE k BETWEEN 6262792 AND 6262892
explain: for range-notcovered :: explain SELECT k, c FROM sbtest%d WHERE k BETWEEN 8009198 AND 8009298
for range-notcovered
table 1 : explain SELECT k, c FROM sbtest1 WHERE k BETWEEN 4268992 AND 4269092
	Bitmap Heap Scan on sbtest1  (cost=5.46..401.48 rows=100 width=125)
	  Recheck Cond: ((k >= 4268992) AND (k <= 4269092))
	  ->  Bitmap Index Scan on k_1  (cost=0.00..5.43 rows=100 width=0)
	        Index Cond: ((k >= 4268992) AND (k <= 4269092))

table 2 : explain SELECT k, c FROM sbtest2 WHERE k BETWEEN 4268992 AND 4269092
	Bitmap Heap Scan on sbtest2  (cost=5.48..409.35 rows=102 width=125)
	  Recheck Cond: ((k >= 4268992) AND (k <= 4269092))
	  ->  Bitmap Index Scan on k_2  (cost=0.00..5.45 rows=102 width=0)
	        Index Cond: ((k >= 4268992) AND (k <= 4269092))

table 3 : explain SELECT k, c FROM sbtest3 WHERE k BETWEEN 4268992 AND 4269092
	Bitmap Heap Scan on sbtest3  (cost=5.45..397.53 rows=99 width=125)
	  Recheck Cond: ((k >= 4268992) AND (k <= 4269092))
	  ->  Bitmap Index Scan on k_3  (cost=0.00..5.42 rows=99 width=0)
	        Index Cond: ((k >= 4268992) AND (k <= 4269092))

table 4 : explain SELECT k, c FROM sbtest4 WHERE k BETWEEN 4268992 AND 4269092
	Bitmap Heap Scan on sbtest4  (cost=5.51..421.18 rows=105 width=125)
	  Recheck Cond: ((k >= 4268992) AND (k <= 4269092))
	  ->  Bitmap Index Scan on k_4  (cost=0.00..5.48 rows=105 width=0)
	        Index Cond: ((k >= 4268992) AND (k <= 4269092))

table 5 : explain SELECT k, c FROM sbtest5 WHERE k BETWEEN 4268992 AND 4269092
	Bitmap Heap Scan on sbtest5  (cost=5.51..421.23 rows=105 width=125)
	  Recheck Cond: ((k >= 4268992) AND (k <= 4269092))
	  ->  Bitmap Index Scan on k_5  (cost=0.00..5.48 rows=105 width=0)
	        Index Cond: ((k >= 4268992) AND (k <= 4269092))

table 6 : explain SELECT k, c FROM sbtest6 WHERE k BETWEEN 4268992 AND 4269092
	Bitmap Heap Scan on sbtest6  (cost=5.50..417.25 rows=104 width=125)
	  Recheck Cond: ((k >= 4268992) AND (k <= 4269092))
	  ->  Bitmap Index Scan on k_6  (cost=0.00..5.47 rows=104 width=0)
	        Index Cond: ((k >= 4268992) AND (k <= 4269092))

table 7 : explain SELECT k, c FROM sbtest7 WHERE k BETWEEN 4268992 AND 4269092
	Bitmap Heap Scan on sbtest7  (cost=5.40..377.85 rows=94 width=125)
	  Recheck Cond: ((k >= 4268992) AND (k <= 4269092))
	  ->  Bitmap Index Scan on k_7  (cost=0.00..5.38 rows=94 width=0)
	        Index Cond: ((k >= 4268992) AND (k <= 4269092))

table 8 : explain SELECT k, c FROM sbtest8 WHERE k BETWEEN 4268992 AND 4269092
	Bitmap Heap Scan on sbtest8  (cost=5.38..369.95 rows=92 width=125)
	  Recheck Cond: ((k >= 4268992) AND (k <= 4269092))
	  ->  Bitmap Index Scan on k_8  (cost=0.00..5.35 rows=92 width=0)
	        Index Cond: ((k >= 4268992) AND (k <= 4269092))

explain: for range-notcovered :: explain SELECT k, c FROM sbtest%d WHERE k BETWEEN 4506587 AND 4506687explain: for range-notcovered :: explain SELECT k, c FROM sbtest%d WHERE k BETWEEN 4128757 AND 4128857

explain: for range-notcovered :: explain SELECT k, c FROM sbtest%d WHERE k BETWEEN 4721381 AND 4721481
explain: for range-notcovered :: explain SELECT k, c FROM sbtest%d WHERE k BETWEEN 5954040 AND 5954140
explain: for range-notcovered :: explain SELECT k, c FROM sbtest%d WHERE k BETWEEN 4268992 AND 4269092
explain: for range-notcovered :: explain SELECT k, c FROM sbtest%d WHERE k BETWEEN 6055677 AND 6055777
explain: for range-notcovered :: explain SELECT k, c FROM sbtest%d WHERE k BETWEEN 5263201 AND 5263301
for range-notcovered
table 1 : explain SELECT k, c FROM sbtest1 WHERE k BETWEEN 4461436 AND 4461536
	Bitmap Heap Scan on sbtest1  (cost=5.52..425.13 rows=106 width=125)
	  Recheck Cond: ((k >= 4461436) AND (k <= 4461536))
	  ->  Bitmap Index Scan on k_1  (cost=0.00..5.50 rows=106 width=0)
	        Index Cond: ((k >= 4461436) AND (k <= 4461536))

table 2 : explain SELECT k, c FROM sbtest2 WHERE k BETWEEN 4461436 AND 4461536
	Bitmap Heap Scan on sbtest2  (cost=5.50..417.24 rows=104 width=125)
	  Recheck Cond: ((k >= 4461436) AND (k <= 4461536))
	  ->  Bitmap Index Scan on k_2  (cost=0.00..5.47 rows=104 width=0)
	        Index Cond: ((k >= 4461436) AND (k <= 4461536))

table 3 : explain SELECT k, c FROM sbtest3 WHERE k BETWEEN 4461436 AND 4461536
	Bitmap Heap Scan on sbtest3  (cost=5.43..389.64 rows=97 width=125)
	  Recheck Cond: ((k >= 4461436) AND (k <= 4461536))
	  ->  Bitmap Index Scan on k_3  (cost=0.00..5.40 rows=97 width=0)
	        Index Cond: ((k >= 4461436) AND (k <= 4461536))

table 4 : explain SELECT k, c FROM sbtest4 WHERE k BETWEEN 4461436 AND 4461536
	Bitmap Heap Scan on sbtest4  (cost=5.37..365.97 rows=91 width=125)
	  Recheck Cond: ((k >= 4461436) AND (k <= 4461536))
	  ->  Bitmap Index Scan on k_4  (cost=0.00..5.34 rows=91 width=0)
	        Index Cond: ((k >= 4461436) AND (k <= 4461536))

table 5 : explain SELECT k, c FROM sbtest5 WHERE k BETWEEN 4461436 AND 4461536
	Bitmap Heap Scan on sbtest5  (cost=5.47..405.46 rows=101 width=125)
	  Recheck Cond: ((k >= 4461436) AND (k <= 4461536))
	  ->  Bitmap Index Scan on k_5  (cost=0.00..5.44 rows=101 width=0)
	        Index Cond: ((k >= 4461436) AND (k <= 4461536))

table 6 : explain SELECT k, c FROM sbtest6 WHERE k BETWEEN 4461436 AND 4461536
	Bitmap Heap Scan on sbtest6  (cost=5.40..377.82 rows=94 width=125)
	  Recheck Cond: ((k >= 4461436) AND (k <= 4461536))
	  ->  Bitmap Index Scan on k_6  (cost=0.00..5.38 rows=94 width=0)
	        Index Cond: ((k >= 4461436) AND (k <= 4461536))

table 7 : explain SELECT k, c FROM sbtest7 WHERE k BETWEEN 4461436 AND 4461536
	Bitmap Heap Scan on sbtest7  (cost=5.57..444.88 rows=111 width=125)
	  Recheck Cond: ((k >= 4461436) AND (k <= 4461536))
	  ->  Bitmap Index Scan on k_7  (cost=0.00..5.54 rows=111 width=0)
	        Index Cond: ((k >= 4461436) AND (k <= 4461536))

table 8 : explain SELECT k, c FROM sbtest8 WHERE k BETWEEN 4461436 AND 4461536
	Bitmap Heap Scan on sbtest8  (cost=5.40..377.85 rows=94 width=125)
	  Recheck Cond: ((k >= 4461436) AND (k <= 4461536))
	  ->  Bitmap Index Scan on k_8  (cost=0.00..5.38 rows=94 width=0)
	        Index Cond: ((k >= 4461436) AND (k <= 4461536))
explain: for range-notcovered :: explain SELECT k, c FROM sbtest%d WHERE k BETWEEN 2776751 AND 2776851for range-notcovered
table 1 : explain SELECT k, c FROM sbtest1 WHERE k BETWEEN 8303696 AND 8303796
	Bitmap Heap Scan on sbtest1  (cost=5.46..401.48 rows=100 width=125)
	  Recheck Cond: ((k >= 8303696) AND (k <= 8303796))
	  ->  Bitmap Index Scan on k_1  (cost=0.00..5.43 rows=100 width=0)
	        Index Cond: ((k >= 8303696) AND (k <= 8303796))

table 2 : explain SELECT k, c FROM sbtest2 WHERE k BETWEEN 8303696 AND 8303796
	Bitmap Heap Scan on sbtest2  (cost=5.48..409.35 rows=102 width=125)
	  Recheck Cond: ((k >= 8303696) AND (k <= 8303796))
	  ->  Bitmap Index Scan on k_2  (cost=0.00..5.45 rows=102 width=0)
	        Index Cond: ((k >= 8303696) AND (k <= 8303796))

table 3 : explain SELECT k, c FROM sbtest3 WHERE k BETWEEN 8303696 AND 8303796
	Bitmap Heap Scan on sbtest3  (cost=5.45..397.53 rows=99 width=125)
	  Recheck Cond: ((k >= 8303696) AND (k <= 8303796))
	  ->  Bitmap Index Scan on k_3  (cost=0.00..5.42 rows=99 width=0)
	        Index Cond: ((k >= 8303696) AND (k <= 8303796))

table 4 : explain SELECT k, c FROM sbtest4 WHERE k BETWEEN 8303696 AND 8303796
	Bitmap Heap Scan on sbtest4  (cost=5.50..417.24 rows=104 width=125)
	  Recheck Cond: ((k >= 8303696) AND (k <= 8303796))
	  ->  Bitmap Index Scan on k_4  (cost=0.00..5.47 rows=104 width=0)
	        Index Cond: ((k >= 8303696) AND (k <= 8303796))

table 5 : explain SELECT k, c FROM sbtest5 WHERE k BETWEEN 8303696 AND 8303796
	Bitmap Heap Scan on sbtest5  (cost=5.47..405.46 rows=101 width=125)
	  Recheck Cond: ((k >= 8303696) AND (k <= 8303796))
	  ->  Bitmap Index Scan on k_5  (cost=0.00..5.44 rows=101 width=0)
	        Index Cond: ((k >= 8303696) AND (k <= 8303796))

table 6 : explain SELECT k, c FROM sbtest6 WHERE k BETWEEN 8303696 AND 8303796
	Bitmap Heap Scan on sbtest6  (cost=5.52..425.14 rows=106 width=125)
	  Recheck Cond: ((k >= 8303696) AND (k <= 8303796))
	  ->  Bitmap Index Scan on k_6  (cost=0.00..5.50 rows=106 width=0)
	        Index Cond: ((k >= 8303696) AND (k <= 8303796))

table 7 : explain SELECT k, c FROM sbtest7 WHERE k BETWEEN 8303696 AND 8303796
	Bitmap Heap Scan on sbtest7  (cost=5.44..393.63 rows=98 width=125)
	  Recheck Cond: ((k >= 8303696) AND (k <= 8303796))
	  ->  Bitmap Index Scan on k_7  (cost=0.00..5.42 rows=98 width=0)
	        Index Cond: ((k >= 8303696) AND (k <= 8303796))

table 8 : explain SELECT k, c FROM sbtest8 WHERE k BETWEEN 8303696 AND 8303796
	Bitmap Heap Scan on sbtest8  (cost=5.48..409.40 rows=102 width=125)
	  Recheck Cond: ((k >= 8303696) AND (k <= 8303796))
	  ->  Bitmap Index Scan on k_8  (cost=0.00..5.45 rows=102 width=0)
	        Index Cond: ((k >= 8303696) AND (k <= 8303796))

for range-notcovered
table 1 : explain SELECT k, c FROM sbtest1 WHERE k BETWEEN 2369435 AND 2369535
	Bitmap Heap Scan on sbtest1  (cost=5.50..417.24 rows=104 width=125)
	  Recheck Cond: ((k >= 2369435) AND (k <= 2369535))
	  ->  Bitmap Index Scan on k_1  (cost=0.00..5.47 rows=104 width=0)
	        Index Cond: ((k >= 2369435) AND (k <= 2369535))

table 2 : explain SELECT k, c FROM sbtest2 WHERE k BETWEEN 2369435 AND 2369535
	Bitmap Heap Scan on sbtest2  (cost=5.41..381.75 rows=95 width=125)
	  Recheck Cond: ((k >= 2369435) AND (k <= 2369535))
	  ->  Bitmap Index Scan on k_2  (cost=0.00..5.38 rows=95 width=0)
	        Index Cond: ((k >= 2369435) AND (k <= 2369535))

table 3 : explain SELECT k, c FROM sbtest3 WHERE k BETWEEN 2369435 AND 2369535
	Bitmap Heap Scan on sbtest3  (cost=5.57..444.82 rows=111 width=125)
	  Recheck Cond: ((k >= 2369435) AND (k <= 2369535))
	  ->  Bitmap Index Scan on k_3  (cost=0.00..5.54 rows=111 width=0)
	        Index Cond: ((k >= 2369435) AND (k <= 2369535))

table 4 : explain SELECT k, c FROM sbtest4 WHERE k BETWEEN 2369435 AND 2369535
	Bitmap Heap Scan on sbtest4  (cost=5.55..436.94 rows=109 width=125)
	  Recheck Cond: ((k >= 2369435) AND (k <= 2369535))
	  ->  Bitmap Index Scan on k_4  (cost=0.00..5.52 rows=109 width=0)
	        Index Cond: ((k >= 2369435) AND (k <= 2369535))

table 5 : explain SELECT k, c FROM sbtest5 WHERE k BETWEEN 2369435 AND 2369535
	Bitmap Heap Scan on sbtest5  (cost=5.42..385.74 rows=96 width=125)
	  Recheck Cond: ((k >= 2369435) AND (k <= 2369535))
	  ->  Bitmap Index Scan on k_5  (cost=0.00..5.39 rows=96 width=0)
	        Index Cond: ((k >= 2369435) AND (k <= 2369535))

table 6 : explain SELECT k, c FROM sbtest6 WHERE k BETWEEN 2369435 AND 2369535
	Bitmap Heap Scan on sbtest6  (cost=5.45..397.54 rows=99 width=125)
	  Recheck Cond: ((k >= 2369435) AND (k <= 2369535))
	  ->  Bitmap Index Scan on k_6  (cost=0.00..5.42 rows=99 width=0)
	        Index Cond: ((k >= 2369435) AND (k <= 2369535))

table 7 : explain SELECT k, c FROM sbtest7 WHERE k BETWEEN 2369435 AND 2369535
	Bitmap Heap Scan on sbtest7  (cost=5.56..440.94 rows=110 width=125)
	  Recheck Cond: ((k >= 2369435) AND (k <= 2369535))
	  ->  Bitmap Index Scan on k_7  (cost=0.00..5.53 rows=110 width=0)
	        Index Cond: ((k >= 2369435) AND (k <= 2369535))

table 8 : explain SELECT k, c FROM sbtest8 WHERE k BETWEEN 2369435 AND 2369535
	Bitmap Heap Scan on sbtest8  (cost=5.49..413.34 rows=103 width=125)
	  Recheck Cond: ((k >= 2369435) AND (k <= 2369535))
	  ->  Bitmap Index Scan on k_8  (cost=0.00..5.46 rows=103 width=0)
	        Index Cond: ((k >= 2369435) AND (k <= 2369535))

for range-notcovered
table 1 : explain SELECT k, c FROM sbtest1 WHERE k BETWEEN 2951443 AND 2951543
	Bitmap Heap Scan on sbtest1  (cost=5.48..409.36 rows=102 width=125)
	  Recheck Cond: ((k >= 2951443) AND (k <= 2951543))
	  ->  Bitmap Index Scan on k_1  (cost=0.00..5.45 rows=102 width=0)
	        Index Cond: ((k >= 2951443) AND (k <= 2951543))

table 2 : explain SELECT k, c FROM sbtest2 WHERE k BETWEEN 2951443 AND 2951543
	Bitmap Heap Scan on sbtest2  (cost=5.47..405.41 rows=101 width=125)
	  Recheck Cond: ((k >= 2951443) AND (k <= 2951543))
	  ->  Bitmap Index Scan on k_2  (cost=0.00..5.44 rows=101 width=0)
	        Index Cond: ((k >= 2951443) AND (k <= 2951543))

table 3 : explain SELECT k, c FROM sbtest3 WHERE k BETWEEN 2951443 AND 2951543
	Bitmap Heap Scan on sbtest3  (cost=5.46..401.47 rows=100 width=125)
	  Recheck Cond: ((k >= 2951443) AND (k <= 2951543))
	  ->  Bitmap Index Scan on k_3  (cost=0.00..5.43 rows=100 width=0)
	        Index Cond: ((k >= 2951443) AND (k <= 2951543))

table 4 : explain SELECT k, c FROM sbtest4 WHERE k BETWEEN 2951443 AND 2951543
	Bitmap Heap Scan on sbtest4  (cost=5.54..433.00 rows=108 width=125)
	  Recheck Cond: ((k >= 2951443) AND (k <= 2951543))
	  ->  Bitmap Index Scan on k_4  (cost=0.00..5.51 rows=108 width=0)
	        Index Cond: ((k >= 2951443) AND (k <= 2951543))

table 5 : explain SELECT k, c FROM sbtest5 WHERE k BETWEEN 2951443 AND 2951543
	Bitmap Heap Scan on sbtest5  (cost=5.50..417.28 rows=104 width=125)
	  Recheck Cond: ((k >= 2951443) AND (k <= 2951543))
	  ->  Bitmap Index Scan on k_5  (cost=0.00..5.47 rows=104 width=0)
	        Index Cond: ((k >= 2951443) AND (k <= 2951543))

table 6 : explain SELECT k, c FROM sbtest6 WHERE k BETWEEN 2951443 AND 2951543
	Bitmap Heap Scan on sbtest6  (cost=5.49..413.31 rows=103 width=125)
	  Recheck Cond: ((k >= 2951443) AND (k <= 2951543))
	  ->  Bitmap Index Scan on k_6  (cost=0.00..5.46 rows=103 width=0)
	        Index Cond: ((k >= 2951443) AND (k <= 2951543))

table 7 : explain SELECT k, c FROM sbtest7 WHERE k BETWEEN 2951443 AND 2951543
	Bitmap Heap Scan on sbtest7  (cost=5.46..401.52 rows=100 width=125)
	  Recheck Cond: ((k >= 2951443) AND (k <= 2951543))
	  ->  Bitmap Index Scan on k_7  (cost=0.00..5.43 rows=100 width=0)
	        Index Cond: ((k >= 2951443) AND (k <= 2951543))

table 8 : explain SELECT k, c FROM sbtest8 WHERE k BETWEEN 2951443 AND 2951543
	Bitmap Heap Scan on sbtest8  (cost=5.39..373.90 rows=93 width=125)
	  Recheck Cond: ((k >= 2951443) AND (k <= 2951543))
	  ->  Bitmap Index Scan on k_8  (cost=0.00..5.36 rows=93 width=0)
	        Index Cond: ((k >= 2951443) AND (k <= 2951543))


for range-notcovered
table 1 : explain SELECT k, c FROM sbtest1 WHERE k BETWEEN 4944192 AND 4944292
	Bitmap Heap Scan on sbtest1  (cost=5.54..433.01 rows=108 width=125)
	  Recheck Cond: ((k >= 4944192) AND (k <= 4944292))
	  ->  Bitmap Index Scan on k_1  (cost=0.00..5.51 rows=108 width=0)
	        Index Cond: ((k >= 4944192) AND (k <= 4944292))

table 2 : explain SELECT k, c FROM sbtest2 WHERE k BETWEEN 4944192 AND 4944292
	Bitmap Heap Scan on sbtest2  (cost=5.48..409.35 rows=102 width=125)
	  Recheck Cond: ((k >= 4944192) AND (k <= 4944292))
	  ->  Bitmap Index Scan on k_2  (cost=0.00..5.45 rows=102 width=0)
	        Index Cond: ((k >= 4944192) AND (k <= 4944292))

table 3 : explain SELECT k, c FROM sbtest3 WHERE k BETWEEN 4944192 AND 4944292
	Bitmap Heap Scan on sbtest3  (cost=5.48..409.36 rows=102 width=125)
	  Recheck Cond: ((k >= 4944192) AND (k <= 4944292))
	  ->  Bitmap Index Scan on k_3  (cost=0.00..5.45 rows=102 width=0)
	        Index Cond: ((k >= 4944192) AND (k <= 4944292))

table 4 : explain SELECT k, c FROM sbtest4 WHERE k BETWEEN 4944192 AND 4944292
	Bitmap Heap Scan on sbtest4  (cost=5.48..409.35 rows=102 width=125)
	  Recheck Cond: ((k >= 4944192) AND (k <= 4944292))
	  ->  Bitmap Index Scan on k_4  (cost=0.00..5.45 rows=102 width=0)
	        Index Cond: ((k >= 4944192) AND (k <= 4944292))

table 5 : explain SELECT k, c FROM sbtest5 WHERE k BETWEEN 4944192 AND 4944292
	Bitmap Heap Scan on sbtest5  (cost=5.40..377.84 rows=94 width=125)
	  Recheck Cond: ((k >= 4944192) AND (k <= 4944292))
	  ->  Bitmap Index Scan on k_5  (cost=0.00..5.38 rows=94 width=0)
	        Index Cond: ((k >= 4944192) AND (k <= 4944292))

table 6 : explain SELECT k, c FROM sbtest6 WHERE k BETWEEN 4944192 AND 4944292
	Bitmap Heap Scan on sbtest6  (cost=5.47..405.43 rows=101 width=125)
	  Recheck Cond: ((k >= 4944192) AND (k <= 4944292))
	  ->  Bitmap Index Scan on k_6  (cost=0.00..5.44 rows=101 width=0)
	        Index Cond: ((k >= 4944192) AND (k <= 4944292))

table 7 : explain SELECT k, c FROM sbtest7 WHERE k BETWEEN 4944192 AND 4944292
	Bitmap Heap Scan on sbtest7  (cost=5.54..433.06 rows=108 width=125)
	  Recheck Cond: ((k >= 4944192) AND (k <= 4944292))
	  ->  Bitmap Index Scan on k_7  (cost=0.00..5.51 rows=108 width=0)
	        Index Cond: ((k >= 4944192) AND (k <= 4944292))

table 8 : explain SELECT k, c FROM sbtest8 WHERE k BETWEEN 4944192 AND 4944292
	Bitmap Heap Scan on sbtest8  (cost=5.41..381.79 rows=95 width=125)
	  Recheck Cond: ((k >= 4944192) AND (k <= 4944292))
	  ->  Bitmap Index Scan on k_8  (cost=0.00..5.38 rows=95 width=0)
	        Index Cond: ((k >= 4944192) AND (k <= 4944292))

for range-notcovered
table 1 : explain SELECT k, c FROM sbtest1 WHERE k BETWEEN 6165910 AND 6166010
	Bitmap Heap Scan on sbtest1  (cost=5.35..358.08 rows=89 width=125)
	  Recheck Cond: ((k >= 6165910) AND (k <= 6166010))
	  ->  Bitmap Index Scan on k_1  (cost=0.00..5.32 rows=89 width=0)
	        Index Cond: ((k >= 6165910) AND (k <= 6166010))

table 2 : explain SELECT k, c FROM sbtest2 WHERE k BETWEEN 6165910 AND 6166010
	Bitmap Heap Scan on sbtest2  (cost=5.45..397.53 rows=99 width=125)
	  Recheck Cond: ((k >= 6165910) AND (k <= 6166010))
	  ->  Bitmap Index Scan on k_2  (cost=0.00..5.42 rows=99 width=0)
	        Index Cond: ((k >= 6165910) AND (k <= 6166010))

table 3 : explain SELECT k, c FROM sbtest3 WHERE k BETWEEN 6165910 AND 6166010
	Bitmap Heap Scan on sbtest3  (cost=5.53..429.06 rows=107 width=125)
	  Recheck Cond: ((k >= 6165910) AND (k <= 6166010))
	  ->  Bitmap Index Scan on k_3  (cost=0.00..5.50 rows=107 width=0)
	        Index Cond: ((k >= 6165910) AND (k <= 6166010))

table 4 : explain SELECT k, c FROM sbtest4 WHERE k BETWEEN 6165910 AND 6166010
	Bitmap Heap Scan on sbtest4  (cost=5.48..409.35 rows=102 width=125)
	  Recheck Cond: ((k >= 6165910) AND (k <= 6166010))
	  ->  Bitmap Index Scan on k_4  (cost=0.00..5.45 rows=102 width=0)
	        Index Cond: ((k >= 6165910) AND (k <= 6166010))

table 5 : explain SELECT k, c FROM sbtest5 WHERE k BETWEEN 6165910 AND 6166010
	Bitmap Heap Scan on sbtest5  (cost=5.46..401.51 rows=100 width=125)
	  Recheck Cond: ((k >= 6165910) AND (k <= 6166010))
	  ->  Bitmap Index Scan on k_5  (cost=0.00..5.43 rows=100 width=0)
	        Index Cond: ((k >= 6165910) AND (k <= 6166010))

table 6 : explain SELECT k, c FROM sbtest6 WHERE k BETWEEN 6165910 AND 6166010
	Bitmap Heap Scan on sbtest6  (cost=5.42..385.71 rows=96 width=125)
	  Recheck Cond: ((k >= 6165910) AND (k <= 6166010))
	  ->  Bitmap Index Scan on k_6  (cost=0.00..5.39 rows=96 width=0)
	        Index Cond: ((k >= 6165910) AND (k <= 6166010))

table 7 : explain SELECT k, c FROM sbtest7 WHERE k BETWEEN 6165910 AND 6166010
	Bitmap Heap Scan on sbtest7  (cost=5.47..405.46 rows=101 width=125)
	  Recheck Cond: ((k >= 6165910) AND (k <= 6166010))
	  ->  Bitmap Index Scan on k_7  (cost=0.00..5.44 rows=101 width=0)
	        Index Cond: ((k >= 6165910) AND (k <= 6166010))

table 8 : explain SELECT k, c FROM sbtest8 WHERE k BETWEEN 6165910 AND 6166010
	Bitmap Heap Scan on sbtest8  (cost=5.53..429.11 rows=107 width=125)
	  Recheck Cond: ((k >= 6165910) AND (k <= 6166010))
	  ->  Bitmap Index Scan on k_8  (cost=0.00..5.50 rows=107 width=0)
	        Index Cond: ((k >= 6165910) AND (k <= 6166010))
explain: for range-notcovered :: explain SELECT k, c FROM sbtest%d WHERE k BETWEEN 2369435 AND 2369535
for range-notcovered
table 1 : explain SELECT k, c FROM sbtest1 WHERE k BETWEEN 8425699 AND 8425799
	Bitmap Heap Scan on sbtest1  (cost=5.41..381.76 rows=95 width=125)
	  Recheck Cond: ((k >= 8425699) AND (k <= 8425799))
	  ->  Bitmap Index Scan on k_1  (cost=0.00..5.38 rows=95 width=0)
	        Index Cond: ((k >= 8425699) AND (k <= 8425799))

table 2 : explain SELECT k, c FROM sbtest2 WHERE k BETWEEN 8425699 AND 8425799
	Bitmap Heap Scan on sbtest2  (cost=5.44..393.58 rows=98 width=125)
	  Recheck Cond: ((k >= 8425699) AND (k <= 8425799))
	  ->  Bitmap Index Scan on k_2  (cost=0.00..5.42 rows=98 width=0)
	        Index Cond: ((k >= 8425699) AND (k <= 8425799))

table 3 : explain SELECT k, c FROM sbtest3 WHERE k BETWEEN 8425699 AND 8425799
	Bitmap Heap Scan on sbtest3  (cost=5.51..421.18 rows=105 width=125)
	  Recheck Cond: ((k >= 8425699) AND (k <= 8425799))
	  ->  Bitmap Index Scan on k_3  (cost=0.00..5.48 rows=105 width=0)
	        Index Cond: ((k >= 8425699) AND (k <= 8425799))

table 4 : explain SELECT k, c FROM sbtest4 WHERE k BETWEEN 8425699 AND 8425799
	Bitmap Heap Scan on sbtest4  (cost=5.43..389.64 rows=97 width=125)
	  Recheck Cond: ((k >= 8425699) AND (k <= 8425799))
	  ->  Bitmap Index Scan on k_4  (cost=0.00..5.40 rows=97 width=0)
	        Index Cond: ((k >= 8425699) AND (k <= 8425799))

table 5 : explain SELECT k, c FROM sbtest5 WHERE k BETWEEN 8425699 AND 8425799
	Bitmap Heap Scan on sbtest5  (cost=5.46..401.51 rows=100 width=125)
	  Recheck Cond: ((k >= 8425699) AND (k <= 8425799))
	  ->  Bitmap Index Scan on k_5  (cost=0.00..5.43 rows=100 width=0)
	        Index Cond: ((k >= 8425699) AND (k <= 8425799))

table 6 : explain SELECT k, c FROM sbtest6 WHERE k BETWEEN 8425699 AND 8425799
	Bitmap Heap Scan on sbtest6  (cost=5.50..417.25 rows=104 width=125)
	  Recheck Cond: ((k >= 8425699) AND (k <= 8425799))
	  ->  Bitmap Index Scan on k_6  (cost=0.00..5.47 rows=104 width=0)
	        Index Cond: ((k >= 8425699) AND (k <= 8425799))

table 7 : explain SELECT k, c FROM sbtest7 WHERE k BETWEEN 8425699 AND 8425799
	Bitmap Heap Scan on sbtest7  (cost=5.49..413.35 rows=103 width=125)
	  Recheck Cond: ((k >= 8425699) AND (k <= 8425799))
	  ->  Bitmap Index Scan on k_7  (cost=0.00..5.46 rows=103 width=0)
	        Index Cond: ((k >= 8425699) AND (k <= 8425799))

table 8 : explain SELECT k, c FROM sbtest8 WHERE k BETWEEN 8425699 AND 8425799
	Bitmap Heap Scan on sbtest8  (cost=5.46..401.52 rows=100 width=125)
	  Recheck Cond: ((k >= 8425699) AND (k <= 8425799))
	  ->  Bitmap Index Scan on k_8  (cost=0.00..5.43 rows=100 width=0)
	        Index Cond: ((k >= 8425699) AND (k <= 8425799))

explain: for range-notcovered :: explain SELECT k, c FROM sbtest%d WHERE k BETWEEN 3246183 AND 3246283

explain: for range-notcovered :: explain SELECT k, c FROM sbtest%d WHERE k BETWEEN 4944192 AND 4944292

for range-notcovered
table 1 : explain SELECT k, c FROM sbtest1 WHERE k BETWEEN 2353440 AND 2353540
	Bitmap Heap Scan on sbtest1  (cost=5.50..417.24 rows=104 width=125)
	  Recheck Cond: ((k >= 2353440) AND (k <= 2353540))
	  ->  Bitmap Index Scan on k_1  (cost=0.00..5.47 rows=104 width=0)
	        Index Cond: ((k >= 2353440) AND (k <= 2353540))

table 2 : explain SELECT k, c FROM sbtest2 WHERE k BETWEEN 2353440 AND 2353540
	Bitmap Heap Scan on sbtest2  (cost=5.41..381.75 rows=95 width=125)
	  Recheck Cond: ((k >= 2353440) AND (k <= 2353540))
	  ->  Bitmap Index Scan on k_2  (cost=0.00..5.38 rows=95 width=0)
	        Index Cond: ((k >= 2353440) AND (k <= 2353540))

table 3 : explain SELECT k, c FROM sbtest3 WHERE k BETWEEN 2353440 AND 2353540
	Bitmap Heap Scan on sbtest3  (cost=5.57..444.82 rows=111 width=125)
	  Recheck Cond: ((k >= 2353440) AND (k <= 2353540))
	  ->  Bitmap Index Scan on k_3  (cost=0.00..5.54 rows=111 width=0)
	        Index Cond: ((k >= 2353440) AND (k <= 2353540))

table 4 : explain SELECT k, c FROM sbtest4 WHERE k BETWEEN 2353440 AND 2353540
	Bitmap Heap Scan on sbtest4  (cost=5.55..436.94 rows=109 width=125)
	  Recheck Cond: ((k >= 2353440) AND (k <= 2353540))
	  ->  Bitmap Index Scan on k_4  (cost=0.00..5.52 rows=109 width=0)
	        Index Cond: ((k >= 2353440) AND (k <= 2353540))

table 5 : explain SELECT k, c FROM sbtest5 WHERE k BETWEEN 2353440 AND 2353540
	Bitmap Heap Scan on sbtest5  (cost=5.42..385.74 rows=96 width=125)
	  Recheck Cond: ((k >= 2353440) AND (k <= 2353540))
	  ->  Bitmap Index Scan on k_5  (cost=0.00..5.39 rows=96 width=0)
	        Index Cond: ((k >= 2353440) AND (k <= 2353540))

table 6 : explain SELECT k, c FROM sbtest6 WHERE k BETWEEN 2353440 AND 2353540
	Bitmap Heap Scan on sbtest6  (cost=5.45..397.54 rows=99 width=125)
	  Recheck Cond: ((k >= 2353440) AND (k <= 2353540))
	  ->  Bitmap Index Scan on k_6  (cost=0.00..5.42 rows=99 width=0)
	        Index Cond: ((k >= 2353440) AND (k <= 2353540))

table 7 : explain SELECT k, c FROM sbtest7 WHERE k BETWEEN 2353440 AND 2353540
	Bitmap Heap Scan on sbtest7  (cost=5.56..440.94 rows=110 width=125)
	  Recheck Cond: ((k >= 2353440) AND (k <= 2353540))
	  ->  Bitmap Index Scan on k_7  (cost=0.00..5.53 rows=110 width=0)
	        Index Cond: ((k >= 2353440) AND (k <= 2353540))

table 8 : explain SELECT k, c FROM sbtest8 WHERE k BETWEEN 2353440 AND 2353540
	Bitmap Heap Scan on sbtest8  (cost=5.49..413.34 rows=103 width=125)
	  Recheck Cond: ((k >= 2353440) AND (k <= 2353540))
	  ->  Bitmap Index Scan on k_8  (cost=0.00..5.46 rows=103 width=0)
	        Index Cond: ((k >= 2353440) AND (k <= 2353540))

for range-notcovered
table 1 : explain SELECT k, c FROM sbtest1 WHERE k BETWEEN 3027490 AND 3027590
	Bitmap Heap Scan on sbtest1  (cost=5.47..405.42 rows=101 width=125)
	  Recheck Cond: ((k >= 3027490) AND (k <= 3027590))
	  ->  Bitmap Index Scan on k_1  (cost=0.00..5.44 rows=101 width=0)
	        Index Cond: ((k >= 3027490) AND (k <= 3027590))

table 2 : explain SELECT k, c FROM sbtest2 WHERE k BETWEEN 3027490 AND 3027590
	Bitmap Heap Scan on sbtest2  (cost=5.50..417.24 rows=104 width=125)
	  Recheck Cond: ((k >= 3027490) AND (k <= 3027590))
	  ->  Bitmap Index Scan on k_2  (cost=0.00..5.47 rows=104 width=0)
	        Index Cond: ((k >= 3027490) AND (k <= 3027590))

table 3 : explain SELECT k, c FROM sbtest3 WHERE k BETWEEN 3027490 AND 3027590
	Bitmap Heap Scan on sbtest3  (cost=5.38..369.91 rows=92 width=125)
	  Recheck Cond: ((k >= 3027490) AND (k <= 3027590))
	  ->  Bitmap Index Scan on k_3  (cost=0.00..5.35 rows=92 width=0)
	        Index Cond: ((k >= 3027490) AND (k <= 3027590))

table 4 : explain SELECT k, c FROM sbtest4 WHERE k BETWEEN 3027490 AND 3027590
	Bitmap Heap Scan on sbtest4  (cost=5.43..389.64 rows=97 width=125)
	  Recheck Cond: ((k >= 3027490) AND (k <= 3027590))
	  ->  Bitmap Index Scan on k_4  (cost=0.00..5.40 rows=97 width=0)
	        Index Cond: ((k >= 3027490) AND (k <= 3027590))

table 5 : explain SELECT k, c FROM sbtest5 WHERE k BETWEEN 3027490 AND 3027590
	Bitmap Heap Scan on sbtest5  (cost=5.45..397.57 rows=99 width=125)
	  Recheck Cond: ((k >= 3027490) AND (k <= 3027590))
	  ->  Bitmap Index Scan on k_5  (cost=0.00..5.42 rows=99 width=0)
	        Index Cond: ((k >= 3027490) AND (k <= 3027590))

table 6 : explain SELECT k, c FROM sbtest6 WHERE k BETWEEN 3027490 AND 3027590
	Bitmap Heap Scan on sbtest6  (cost=5.50..417.25 rows=104 width=125)
	  Recheck Cond: ((k >= 3027490) AND (k <= 3027590))
	  ->  Bitmap Index Scan on k_6  (cost=0.00..5.47 rows=104 width=0)
	        Index Cond: ((k >= 3027490) AND (k <= 3027590))

table 7 : explain SELECT k, c FROM sbtest7 WHERE k BETWEEN 3027490 AND 3027590
	Bitmap Heap Scan on sbtest7  (cost=5.44..393.63 rows=98 width=125)
	  Recheck Cond: ((k >= 3027490) AND (k <= 3027590))
	  ->  Bitmap Index Scan on k_7  (cost=0.00..5.42 rows=98 width=0)
	        Index Cond: ((k >= 3027490) AND (k <= 3027590))

table 8 : explain SELECT k, c FROM sbtest8 WHERE k BETWEEN 3027490 AND 3027590
	Bitmap Heap Scan on sbtest8  (cost=5.51..421.23 rows=105 width=125)
	  Recheck Cond: ((k >= 3027490) AND (k <= 3027590))
	  ->  Bitmap Index Scan on k_8  (cost=0.00..5.48 rows=105 width=0)
	        Index Cond: ((k >= 3027490) AND (k <= 3027590))

explain: for range-notcovered :: explain SELECT k, c FROM sbtest%d WHERE k BETWEEN 2951443 AND 2951543
for range-notcovered
table 1 : explain SELECT k, c FROM sbtest1 WHERE k BETWEEN 6190744 AND 6190844
	Bitmap Heap Scan on sbtest1  (cost=5.35..358.08 rows=89 width=125)
	  Recheck Cond: ((k >= 6190744) AND (k <= 6190844))
	  ->  Bitmap Index Scan on k_1  (cost=0.00..5.32 rows=89 width=0)
	        Index Cond: ((k >= 6190744) AND (k <= 6190844))

table 2 : explain SELECT k, c FROM sbtest2 WHERE k BETWEEN 6190744 AND 6190844
	Bitmap Heap Scan on sbtest2  (cost=5.49..413.29 rows=103 width=125)
	  Recheck Cond: ((k >= 6190744) AND (k <= 6190844))
	  ->  Bitmap Index Scan on k_2  (cost=0.00..5.46 rows=103 width=0)
	        Index Cond: ((k >= 6190744) AND (k <= 6190844))

table 3 : explain SELECT k, c FROM sbtest3 WHERE k BETWEEN 6190744 AND 6190844
	Bitmap Heap Scan on sbtest3  (cost=5.53..429.06 rows=107 width=125)
	  Recheck Cond: ((k >= 6190744) AND (k <= 6190844))
	  ->  Bitmap Index Scan on k_3  (cost=0.00..5.50 rows=107 width=0)
	        Index Cond: ((k >= 6190744) AND (k <= 6190844))

table 4 : explain SELECT k, c FROM sbtest4 WHERE k BETWEEN 6190744 AND 6190844
	Bitmap Heap Scan on sbtest4  (cost=5.48..409.35 rows=102 width=125)
	  Recheck Cond: ((k >= 6190744) AND (k <= 6190844))
	  ->  Bitmap Index Scan on k_4  (cost=0.00..5.45 rows=102 width=0)
	        Index Cond: ((k >= 6190744) AND (k <= 6190844))

table 5 : explain SELECT k, c FROM sbtest5 WHERE k BETWEEN 6190744 AND 6190844
	Bitmap Heap Scan on sbtest5  (cost=5.46..401.51 rows=100 width=125)
	  Recheck Cond: ((k >= 6190744) AND (k <= 6190844))
	  ->  Bitmap Index Scan on k_5  (cost=0.00..5.43 rows=100 width=0)
	        Index Cond: ((k >= 6190744) AND (k <= 6190844))

table 6 : explain SELECT k, c FROM sbtest6 WHERE k BETWEEN 6190744 AND 6190844
	Bitmap Heap Scan on sbtest6  (cost=5.47..405.43 rows=101 width=125)
	  Recheck Cond: ((k >= 6190744) AND (k <= 6190844))
	  ->  Bitmap Index Scan on k_6  (cost=0.00..5.44 rows=101 width=0)
	        Index Cond: ((k >= 6190744) AND (k <= 6190844))

table 7 : explain SELECT k, c FROM sbtest7 WHERE k BETWEEN 6190744 AND 6190844
	Bitmap Heap Scan on sbtest7  (cost=5.47..405.46 rows=101 width=125)
	  Recheck Cond: ((k >= 6190744) AND (k <= 6190844))
	  ->  Bitmap Index Scan on k_7  (cost=0.00..5.44 rows=101 width=0)
	        Index Cond: ((k >= 6190744) AND (k <= 6190844))

table 8 : explain SELECT k, c FROM sbtest8 WHERE k BETWEEN 6190744 AND 6190844
	Bitmap Heap Scan on sbtest8  (cost=5.53..429.11 rows=107 width=125)
	  Recheck Cond: ((k >= 6190744) AND (k <= 6190844))
	  ->  Bitmap Index Scan on k_8  (cost=0.00..5.50 rows=107 width=0)
	        Index Cond: ((k >= 6190744) AND (k <= 6190844))

for range-notcovered
table 1 : explain SELECT k, c FROM sbtest1 WHERE k BETWEEN 3062718 AND 3062818
	Bitmap Heap Scan on sbtest1  (cost=5.47..405.42 rows=101 width=125)
	  Recheck Cond: ((k >= 3062718) AND (k <= 3062818))
	  ->  Bitmap Index Scan on k_1  (cost=0.00..5.44 rows=101 width=0)
	        Index Cond: ((k >= 3062718) AND (k <= 3062818))

table 2 : explain SELECT k, c FROM sbtest2 WHERE k BETWEEN 3062718 AND 3062818
	Bitmap Heap Scan on sbtest2  (cost=5.50..417.24 rows=104 width=125)
	  Recheck Cond: ((k >= 3062718) AND (k <= 3062818))
	  ->  Bitmap Index Scan on k_2  (cost=0.00..5.47 rows=104 width=0)
	        Index Cond: ((k >= 3062718) AND (k <= 3062818))

table 3 : explain SELECT k, c FROM sbtest3 WHERE k BETWEEN 3062718 AND 3062818
	Bitmap Heap Scan on sbtest3  (cost=5.38..369.91 rows=92 width=125)
	  Recheck Cond: ((k >= 3062718) AND (k <= 3062818))
	  ->  Bitmap Index Scan on k_3  (cost=0.00..5.35 rows=92 width=0)
	        Index Cond: ((k >= 3062718) AND (k <= 3062818))

table 4 : explain SELECT k, c FROM sbtest4 WHERE k BETWEEN 3062718 AND 3062818
	Bitmap Heap Scan on sbtest4  (cost=5.43..389.64 rows=97 width=125)
	  Recheck Cond: ((k >= 3062718) AND (k <= 3062818))
	  ->  Bitmap Index Scan on k_4  (cost=0.00..5.40 rows=97 width=0)
	        Index Cond: ((k >= 3062718) AND (k <= 3062818))

table 5 : explain SELECT k, c FROM sbtest5 WHERE k BETWEEN 3062718 AND 3062818
	Bitmap Heap Scan on sbtest5  (cost=5.45..397.57 rows=99 width=125)
	  Recheck Cond: ((k >= 3062718) AND (k <= 3062818))
	  ->  Bitmap Index Scan on k_5  (cost=0.00..5.42 rows=99 width=0)
	        Index Cond: ((k >= 3062718) AND (k <= 3062818))

table 6 : explain SELECT k, c FROM sbtest6 WHERE k BETWEEN 3062718 AND 3062818
	Bitmap Heap Scan on sbtest6  (cost=5.50..417.25 rows=104 width=125)
	  Recheck Cond: ((k >= 3062718) AND (k <= 3062818))
	  ->  Bitmap Index Scan on k_6  (cost=0.00..5.47 rows=104 width=0)
	        Index Cond: ((k >= 3062718) AND (k <= 3062818))

table 7 : explain SELECT k, c FROM sbtest7 WHERE k BETWEEN 3062718 AND 3062818
	Bitmap Heap Scan on sbtest7  (cost=5.44..393.63 rows=98 width=125)
	  Recheck Cond: ((k >= 3062718) AND (k <= 3062818))
	  ->  Bitmap Index Scan on k_7  (cost=0.00..5.42 rows=98 width=0)
	        Index Cond: ((k >= 3062718) AND (k <= 3062818))

table 8 : explain SELECT k, c FROM sbtest8 WHERE k BETWEEN 3062718 AND 3062818
	Bitmap Heap Scan on sbtest8  (cost=5.51..421.23 rows=105 width=125)
	  Recheck Cond: ((k >= 3062718) AND (k <= 3062818))
	  ->  Bitmap Index Scan on k_8  (cost=0.00..5.48 rows=105 width=0)
	        Index Cond: ((k >= 3062718) AND (k <= 3062818))

for range-notcovered
table 1 : explain SELECT k, c FROM sbtest1 WHERE k BETWEEN 5346008 AND 5346108
	Bitmap Heap Scan on sbtest1  (cost=5.46..401.48 rows=100 width=125)
	  Recheck Cond: ((k >= 5346008) AND (k <= 5346108))
	  ->  Bitmap Index Scan on k_1  (cost=0.00..5.43 rows=100 width=0)
	        Index Cond: ((k >= 5346008) AND (k <= 5346108))

table 2 : explain SELECT k, c FROM sbtest2 WHERE k BETWEEN 5346008 AND 5346108
	Bitmap Heap Scan on sbtest2  (cost=5.47..405.41 rows=101 width=125)
	  Recheck Cond: ((k >= 5346008) AND (k <= 5346108))
	  ->  Bitmap Index Scan on k_2  (cost=0.00..5.44 rows=101 width=0)
	        Index Cond: ((k >= 5346008) AND (k <= 5346108))

table 3 : explain SELECT k, c FROM sbtest3 WHERE k BETWEEN 5346008 AND 5346108
	Bitmap Heap Scan on sbtest3  (cost=5.51..421.18 rows=105 width=125)
	  Recheck Cond: ((k >= 5346008) AND (k <= 5346108))
	  ->  Bitmap Index Scan on k_3  (cost=0.00..5.48 rows=105 width=0)
	        Index Cond: ((k >= 5346008) AND (k <= 5346108))

table 4 : explain SELECT k, c FROM sbtest4 WHERE k BETWEEN 5346008 AND 5346108
	Bitmap Heap Scan on sbtest4  (cost=5.55..436.94 rows=109 width=125)
	  Recheck Cond: ((k >= 5346008) AND (k <= 5346108))
	  ->  Bitmap Index Scan on k_4  (cost=0.00..5.52 rows=109 width=0)
	        Index Cond: ((k >= 5346008) AND (k <= 5346108))

table 5 : explain SELECT k, c FROM sbtest5 WHERE k BETWEEN 5346008 AND 5346108
	Bitmap Heap Scan on sbtest5  (cost=5.49..413.34 rows=103 width=125)
	  Recheck Cond: ((k >= 5346008) AND (k <= 5346108))
	  ->  Bitmap Index Scan on k_5  (cost=0.00..5.46 rows=103 width=0)
	        Index Cond: ((k >= 5346008) AND (k <= 5346108))

table 6 : explain SELECT k, c FROM sbtest6 WHERE k BETWEEN 5346008 AND 5346108
	Bitmap Heap Scan on sbtest6  (cost=5.54..433.02 rows=108 width=125)
	  Recheck Cond: ((k >= 5346008) AND (k <= 5346108))
	  ->  Bitmap Index Scan on k_6  (cost=0.00..5.51 rows=108 width=0)
	        Index Cond: ((k >= 5346008) AND (k <= 5346108))

table 7 : explain SELECT k, c FROM sbtest7 WHERE k BETWEEN 5346008 AND 5346108
	Bitmap Heap Scan on sbtest7  (cost=5.46..401.52 rows=100 width=125)
	  Recheck Cond: ((k >= 5346008) AND (k <= 5346108))
	  ->  Bitmap Index Scan on k_7  (cost=0.00..5.43 rows=100 width=0)
	        Index Cond: ((k >= 5346008) AND (k <= 5346108))

table 8 : explain SELECT k, c FROM sbtest8 WHERE k BETWEEN 5346008 AND 5346108
	Bitmap Heap Scan on sbtest8  (cost=5.50..417.29 rows=104 width=125)
	  Recheck Cond: ((k >= 5346008) AND (k <= 5346108))
	  ->  Bitmap Index Scan on k_8  (cost=0.00..5.47 rows=104 width=0)
	        Index Cond: ((k >= 5346008) AND (k <= 5346108))

explain: for range-notcovered :: explain SELECT k, c FROM sbtest%d WHERE k BETWEEN 8303696 AND 8303796
for range-notcovered
table 1 : explain SELECT k, c FROM sbtest1 WHERE k BETWEEN 7081738 AND 7081838
	Bitmap Heap Scan on sbtest1  (cost=5.53..429.07 rows=107 width=125)
	  Recheck Cond: ((k >= 7081738) AND (k <= 7081838))
	  ->  Bitmap Index Scan on k_1  (cost=0.00..5.50 rows=107 width=0)
	        Index Cond: ((k >= 7081738) AND (k <= 7081838))

table 2 : explain SELECT k, c FROM sbtest2 WHERE k BETWEEN 7081738 AND 7081838
	Bitmap Heap Scan on sbtest2  (cost=5.46..401.47 rows=100 width=125)
	  Recheck Cond: ((k >= 7081738) AND (k <= 7081838))
	  ->  Bitmap Index Scan on k_2  (cost=0.00..5.43 rows=100 width=0)
	        Index Cond: ((k >= 7081738) AND (k <= 7081838))

table 3 : explain SELECT k, c FROM sbtest3 WHERE k BETWEEN 7081738 AND 7081838
	Bitmap Heap Scan on sbtest3  (cost=5.63..468.44 rows=117 width=125)
	  Recheck Cond: ((k >= 7081738) AND (k <= 7081838))
	  ->  Bitmap Index Scan on k_3  (cost=0.00..5.60 rows=117 width=0)
	        Index Cond: ((k >= 7081738) AND (k <= 7081838))

table 4 : explain SELECT k, c FROM sbtest4 WHERE k BETWEEN 7081738 AND 7081838
	Bitmap Heap Scan on sbtest4  (cost=5.60..456.63 rows=114 width=125)
	  Recheck Cond: ((k >= 7081738) AND (k <= 7081838))
	  ->  Bitmap Index Scan on k_4  (cost=0.00..5.58 rows=114 width=0)
	        Index Cond: ((k >= 7081738) AND (k <= 7081838))

table 5 : explain SELECT k, c FROM sbtest5 WHERE k BETWEEN 7081738 AND 7081838
	Bitmap Heap Scan on sbtest5  (cost=5.45..397.57 rows=99 width=125)
	  Recheck Cond: ((k >= 7081738) AND (k <= 7081838))
	  ->  Bitmap Index Scan on k_5  (cost=0.00..5.42 rows=99 width=0)
	        Index Cond: ((k >= 7081738) AND (k <= 7081838))

table 6 : explain SELECT k, c FROM sbtest6 WHERE k BETWEEN 7081738 AND 7081838
	Bitmap Heap Scan on sbtest6  (cost=5.40..377.82 rows=94 width=125)
	  Recheck Cond: ((k >= 7081738) AND (k <= 7081838))
	  ->  Bitmap Index Scan on k_6  (cost=0.00..5.38 rows=94 width=0)
	        Index Cond: ((k >= 7081738) AND (k <= 7081838))

table 7 : explain SELECT k, c FROM sbtest7 WHERE k BETWEEN 7081738 AND 7081838
	Bitmap Heap Scan on sbtest7  (cost=5.52..425.17 rows=106 width=125)
	  Recheck Cond: ((k >= 7081738) AND (k <= 7081838))
	  ->  Bitmap Index Scan on k_7  (cost=0.00..5.50 rows=106 width=0)
	        Index Cond: ((k >= 7081738) AND (k <= 7081838))

table 8 : explain SELECT k, c FROM sbtest8 WHERE k BETWEEN 7081738 AND 7081838
	Bitmap Heap Scan on sbtest8  (cost=5.36..362.06 rows=90 width=125)
	  Recheck Cond: ((k >= 7081738) AND (k <= 7081838))
	  ->  Bitmap Index Scan on k_8  (cost=0.00..5.33 rows=90 width=0)
	        Index Cond: ((k >= 7081738) AND (k <= 7081838))

explain: for range-notcovered :: explain SELECT k, c FROM sbtest%d WHERE k BETWEEN 3520505 AND 3520605
explain: for range-notcovered :: explain SELECT k, c FROM sbtest%d WHERE k BETWEEN 8425699 AND 8425799for range-notcovered
table 1 : explain SELECT k, c FROM sbtest1 WHERE k BETWEEN 4431349 AND 4431449
	Bitmap Heap Scan on sbtest1  (cost=5.52..425.13 rows=106 width=125)
	  Recheck Cond: ((k >= 4431349) AND (k <= 4431449))
	  ->  Bitmap Index Scan on k_1  (cost=0.00..5.50 rows=106 width=0)
	        Index Cond: ((k >= 4431349) AND (k <= 4431449))

table 2 : explain SELECT k, c FROM sbtest2 WHERE k BETWEEN 4431349 AND 4431449
	Bitmap Heap Scan on sbtest2  (cost=5.50..417.24 rows=104 width=125)
	  Recheck Cond: ((k >= 4431349) AND (k <= 4431449))
	  ->  Bitmap Index Scan on k_2  (cost=0.00..5.47 rows=104 width=0)
	        Index Cond: ((k >= 4431349) AND (k <= 4431449))

table 3 : explain SELECT k, c FROM sbtest3 WHERE k BETWEEN 4431349 AND 4431449
	Bitmap Heap Scan on sbtest3  (cost=5.43..389.64 rows=97 width=125)
	  Recheck Cond: ((k >= 4431349) AND (k <= 4431449))
	  ->  Bitmap Index Scan on k_3  (cost=0.00..5.40 rows=97 width=0)
	        Index Cond: ((k >= 4431349) AND (k <= 4431449))

table 4 : explain SELECT k, c FROM sbtest4 WHERE k BETWEEN 4431349 AND 4431449
	Bitmap Heap Scan on sbtest4  (cost=5.37..365.97 rows=91 width=125)
	  Recheck Cond: ((k >= 4431349) AND (k <= 4431449))
	  ->  Bitmap Index Scan on k_4  (cost=0.00..5.34 rows=91 width=0)
	        Index Cond: ((k >= 4431349) AND (k <= 4431449))

table 5 : explain SELECT k, c FROM sbtest5 WHERE k BETWEEN 4431349 AND 4431449
	Bitmap Heap Scan on sbtest5  (cost=5.47..405.46 rows=101 width=125)
	  Recheck Cond: ((k >= 4431349) AND (k <= 4431449))
	  ->  Bitmap Index Scan on k_5  (cost=0.00..5.44 rows=101 width=0)
	        Index Cond: ((k >= 4431349) AND (k <= 4431449))

table 6 : explain SELECT k, c FROM sbtest6 WHERE k BETWEEN 4431349 AND 4431449
	Bitmap Heap Scan on sbtest6  (cost=5.40..377.82 rows=94 width=125)
	  Recheck Cond: ((k >= 4431349) AND (k <= 4431449))
	  ->  Bitmap Index Scan on k_6  (cost=0.00..5.38 rows=94 width=0)
	        Index Cond: ((k >= 4431349) AND (k <= 4431449))

table 7 : explain SELECT k, c FROM sbtest7 WHERE k BETWEEN 4431349 AND 4431449
	Bitmap Heap Scan on sbtest7  (cost=5.46..401.52 rows=100 width=125)
	  Recheck Cond: ((k >= 4431349) AND (k <= 4431449))
	  ->  Bitmap Index Scan on k_7  (cost=0.00..5.43 rows=100 width=0)
	        Index Cond: ((k >= 4431349) AND (k <= 4431449))

table 8 : explain SELECT k, c FROM sbtest8 WHERE k BETWEEN 4431349 AND 4431449
	Bitmap Heap Scan on sbtest8  (cost=5.40..377.85 rows=94 width=125)
	  Recheck Cond: ((k >= 4431349) AND (k <= 4431449))
	  ->  Bitmap Index Scan on k_8  (cost=0.00..5.38 rows=94 width=0)
	        Index Cond: ((k >= 4431349) AND (k <= 4431449))

explain: for range-notcovered :: explain SELECT k, c FROM sbtest%d WHERE k BETWEEN 6165910 AND 6166010
explain: for range-notcovered :: explain SELECT k, c FROM sbtest%d WHERE k BETWEEN 2353440 AND 2353540for range-notcovered
table 1 : explain SELECT k, c FROM sbtest1 WHERE k BETWEEN 4128757 AND 4128857
	Bitmap Heap Scan on sbtest1  (cost=5.49..413.30 rows=103 width=125)
	  Recheck Cond: ((k >= 4128757) AND (k <= 4128857))
	  ->  Bitmap Index Scan on k_1  (cost=0.00..5.46 rows=103 width=0)
	        Index Cond: ((k >= 4128757) AND (k <= 4128857))

table 2 : explain SELECT k, c FROM sbtest2 WHERE k BETWEEN 4128757 AND 4128857
	Bitmap Heap Scan on sbtest2  (cost=5.56..440.88 rows=110 width=125)
	  Recheck Cond: ((k >= 4128757) AND (k <= 4128857))
	  ->  Bitmap Index Scan on k_2  (cost=0.00..5.53 rows=110 width=0)
	        Index Cond: ((k >= 4128757) AND (k <= 4128857))

table 3 : explain SELECT k, c FROM sbtest3 WHERE k BETWEEN 4128757 AND 4128857
	Bitmap Heap Scan on sbtest3  (cost=5.48..409.36 rows=102 width=125)
	  Recheck Cond: ((k >= 4128757) AND (k <= 4128857))
	  ->  Bitmap Index Scan on k_3  (cost=0.00..5.45 rows=102 width=0)
	        Index Cond: ((k >= 4128757) AND (k <= 4128857))

table 4 : explain SELECT k, c FROM sbtest4 WHERE k BETWEEN 4128757 AND 4128857
	Bitmap Heap Scan on sbtest4  (cost=5.49..413.30 rows=103 width=125)
	  Recheck Cond: ((k >= 4128757) AND (k <= 4128857))
	  ->  Bitmap Index Scan on k_4  (cost=0.00..5.46 rows=103 width=0)
	        Index Cond: ((k >= 4128757) AND (k <= 4128857))

table 5 : explain SELECT k, c FROM sbtest5 WHERE k BETWEEN 4128757 AND 4128857
	Bitmap Heap Scan on sbtest5  (cost=5.41..381.79 rows=95 width=125)
	  Recheck Cond: ((k >= 4128757) AND (k <= 4128857))
	  ->  Bitmap Index Scan on k_5  (cost=0.00..5.38 rows=95 width=0)
	        Index Cond: ((k >= 4128757) AND (k <= 4128857))

table 6 : explain SELECT k, c FROM sbtest6 WHERE k BETWEEN 4128757 AND 4128857
	Bitmap Heap Scan on sbtest6  (cost=5.57..444.83 rows=111 width=125)
	  Recheck Cond: ((k >= 4128757) AND (k <= 4128857))
	  ->  Bitmap Index Scan on k_6  (cost=0.00..5.54 rows=111 width=0)
	        Index Cond: ((k >= 4128757) AND (k <= 4128857))

table 7 : explain SELECT k, c FROM sbtest7 WHERE k BETWEEN 4128757 AND 4128857
	Bitmap Heap Scan on sbtest7  (cost=5.50..417.29 rows=104 width=125)
	  Recheck Cond: ((k >= 4128757) AND (k <= 4128857))
	  ->  Bitmap Index Scan on k_7  (cost=0.00..5.47 rows=104 width=0)
	        Index Cond: ((k >= 4128757) AND (k <= 4128857))

table 8 : explain SELECT k, c FROM sbtest8 WHERE k BETWEEN 4128757 AND 4128857
	Bitmap Heap Scan on sbtest8  (cost=5.47..405.46 rows=101 width=125)
	  Recheck Cond: ((k >= 4128757) AND (k <= 4128857))
	  ->  Bitmap Index Scan on k_8  (cost=0.00..5.44 rows=101 width=0)
	        Index Cond: ((k >= 4128757) AND (k <= 4128857))
for range-notcovered
table 1 : explain SELECT k, c FROM sbtest1 WHERE k BETWEEN 6877552 AND 6877652
	Bitmap Heap Scan on sbtest1  (cost=5.51..421.19 rows=105 width=125)
	  Recheck Cond: ((k >= 6877552) AND (k <= 6877652))
	  ->  Bitmap Index Scan on k_1  (cost=0.00..5.48 rows=105 width=0)
	        Index Cond: ((k >= 6877552) AND (k <= 6877652))

table 2 : explain SELECT k, c FROM sbtest2 WHERE k BETWEEN 6877552 AND 6877652
	Bitmap Heap Scan on sbtest2  (cost=5.54..433.00 rows=108 width=125)
	  Recheck Cond: ((k >= 6877552) AND (k <= 6877652))
	  ->  Bitmap Index Scan on k_2  (cost=0.00..5.51 rows=108 width=0)
	        Index Cond: ((k >= 6877552) AND (k <= 6877652))

table 3 : explain SELECT k, c FROM sbtest3 WHERE k BETWEEN 6877552 AND 6877652
	Bitmap Heap Scan on sbtest3  (cost=5.55..436.94 rows=109 width=125)
	  Recheck Cond: ((k >= 6877552) AND (k <= 6877652))
	  ->  Bitmap Index Scan on k_3  (cost=0.00..5.52 rows=109 width=0)
	        Index Cond: ((k >= 6877552) AND (k <= 6877652))

table 4 : explain SELECT k, c FROM sbtest4 WHERE k BETWEEN 6877552 AND 6877652
	Bitmap Heap Scan on sbtest4  (cost=5.41..381.75 rows=95 width=125)
	  Recheck Cond: ((k >= 6877552) AND (k <= 6877652))
	  ->  Bitmap Index Scan on k_4  (cost=0.00..5.38 rows=95 width=0)
	        Index Cond: ((k >= 6877552) AND (k <= 6877652))

table 5 : explain SELECT k, c FROM sbtest5 WHERE k BETWEEN 6877552 AND 6877652
	Bitmap Heap Scan on sbtest5  (cost=5.56..440.93 rows=110 width=125)
	  Recheck Cond: ((k >= 6877552) AND (k <= 6877652))
	  ->  Bitmap Index Scan on k_5  (cost=0.00..5.53 rows=110 width=0)
	        Index Cond: ((k >= 6877552) AND (k <= 6877652))

table 6 : explain SELECT k, c FROM sbtest6 WHERE k BETWEEN 6877552 AND 6877652
	Bitmap Heap Scan on sbtest6  (cost=5.41..381.76 rows=95 width=125)
	  Recheck Cond: ((k >= 6877552) AND (k <= 6877652))
	  ->  Bitmap Index Scan on k_6  (cost=0.00..5.38 rows=95 width=0)
	        Index Cond: ((k >= 6877552) AND (k <= 6877652))

table 7 : explain SELECT k, c FROM sbtest7 WHERE k BETWEEN 6877552 AND 6877652
	Bitmap Heap Scan on sbtest7  (cost=5.48..409.41 rows=102 width=125)
	  Recheck Cond: ((k >= 6877552) AND (k <= 6877652))
	  ->  Bitmap Index Scan on k_7  (cost=0.00..5.45 rows=102 width=0)
	        Index Cond: ((k >= 6877552) AND (k <= 6877652))

table 8 : explain SELECT k, c FROM sbtest8 WHERE k BETWEEN 6877552 AND 6877652
	Bitmap Heap Scan on sbtest8  (cost=5.53..429.11 rows=107 width=125)
	  Recheck Cond: ((k >= 6877552) AND (k <= 6877652))
	  ->  Bitmap Index Scan on k_8  (cost=0.00..5.50 rows=107 width=0)
	        Index Cond: ((k >= 6877552) AND (k <= 6877652))

for range-notcovered
table 1 : explain SELECT k, c FROM sbtest1 WHERE k BETWEEN 2407929 AND 2408029
	Bitmap Heap Scan on sbtest1  (cost=5.41..381.76 rows=95 width=125)
	  Recheck Cond: ((k >= 2407929) AND (k <= 2408029))
	  ->  Bitmap Index Scan on k_1  (cost=0.00..5.38 rows=95 width=0)
	        Index Cond: ((k >= 2407929) AND (k <= 2408029))

table 2 : explain SELECT k, c FROM sbtest2 WHERE k BETWEEN 2407929 AND 2408029
	Bitmap Heap Scan on sbtest2  (cost=5.41..381.75 rows=95 width=125)
	  Recheck Cond: ((k >= 2407929) AND (k <= 2408029))
	  ->  Bitmap Index Scan on k_2  (cost=0.00..5.38 rows=95 width=0)
	        Index Cond: ((k >= 2407929) AND (k <= 2408029))

table 3 : explain SELECT k, c FROM sbtest3 WHERE k BETWEEN 2407929 AND 2408029
	Bitmap Heap Scan on sbtest3  (cost=5.57..444.82 rows=111 width=125)
	  Recheck Cond: ((k >= 2407929) AND (k <= 2408029))
	  ->  Bitmap Index Scan on k_3  (cost=0.00..5.54 rows=111 width=0)
	        Index Cond: ((k >= 2407929) AND (k <= 2408029))

table 4 : explain SELECT k, c FROM sbtest4 WHERE k BETWEEN 2407929 AND 2408029
	Bitmap Heap Scan on sbtest4  (cost=5.55..436.94 rows=109 width=125)
	  Recheck Cond: ((k >= 2407929) AND (k <= 2408029))
	  ->  Bitmap Index Scan on k_4  (cost=0.00..5.52 rows=109 width=0)
	        Index Cond: ((k >= 2407929) AND (k <= 2408029))

table 5 : explain SELECT k, c FROM sbtest5 WHERE k BETWEEN 2407929 AND 2408029
	Bitmap Heap Scan on sbtest5  (cost=5.42..385.74 rows=96 width=125)
	  Recheck Cond: ((k >= 2407929) AND (k <= 2408029))
	  ->  Bitmap Index Scan on k_5  (cost=0.00..5.39 rows=96 width=0)
	        Index Cond: ((k >= 2407929) AND (k <= 2408029))

table 6 : explain SELECT k, c FROM sbtest6 WHERE k BETWEEN 2407929 AND 2408029
	Bitmap Heap Scan on sbtest6  (cost=5.41..381.76 rows=95 width=125)
	  Recheck Cond: ((k >= 2407929) AND (k <= 2408029))
	  ->  Bitmap Index Scan on k_6  (cost=0.00..5.38 rows=95 width=0)
	        Index Cond: ((k >= 2407929) AND (k <= 2408029))

table 7 : explain SELECT k, c FROM sbtest7 WHERE k BETWEEN 2407929 AND 2408029
	Bitmap Heap Scan on sbtest7  (cost=5.51..421.23 rows=105 width=125)
	  Recheck Cond: ((k >= 2407929) AND (k <= 2408029))
	  ->  Bitmap Index Scan on k_7  (cost=0.00..5.48 rows=105 width=0)
	        Index Cond: ((k >= 2407929) AND (k <= 2408029))

table 8 : explain SELECT k, c FROM sbtest8 WHERE k BETWEEN 2407929 AND 2408029
	Bitmap Heap Scan on sbtest8  (cost=5.50..417.29 rows=104 width=125)
	  Recheck Cond: ((k >= 2407929) AND (k <= 2408029))
	  ->  Bitmap Index Scan on k_8  (cost=0.00..5.47 rows=104 width=0)
	        Index Cond: ((k >= 2407929) AND (k <= 2408029))

explain: for range-notcovered :: explain SELECT k, c FROM sbtest%d WHERE k BETWEEN 4431349 AND 4431449

explain: for range-notcovered :: explain SELECT k, c FROM sbtest%d WHERE k BETWEEN 4461436 AND 4461536
for range-notcovered
table 1 : explain SELECT k, c FROM sbtest1 WHERE k BETWEEN 6262792 AND 6262892
	Bitmap Heap Scan on sbtest1  (cost=5.35..358.08 rows=89 width=125)
	  Recheck Cond: ((k >= 6262792) AND (k <= 6262892))
	  ->  Bitmap Index Scan on k_1  (cost=0.00..5.32 rows=89 width=0)
	        Index Cond: ((k >= 6262792) AND (k <= 6262892))

table 2 : explain SELECT k, c FROM sbtest2 WHERE k BETWEEN 6262792 AND 6262892
	Bitmap Heap Scan on sbtest2  (cost=5.49..413.29 rows=103 width=125)
	  Recheck Cond: ((k >= 6262792) AND (k <= 6262892))
	  ->  Bitmap Index Scan on k_2  (cost=0.00..5.46 rows=103 width=0)
	        Index Cond: ((k >= 6262792) AND (k <= 6262892))

table 3 : explain SELECT k, c FROM sbtest3 WHERE k BETWEEN 6262792 AND 6262892
	Bitmap Heap Scan on sbtest3  (cost=5.50..417.24 rows=104 width=125)
	  Recheck Cond: ((k >= 6262792) AND (k <= 6262892))
	  ->  Bitmap Index Scan on k_3  (cost=0.00..5.47 rows=104 width=0)
	        Index Cond: ((k >= 6262792) AND (k <= 6262892))

table 4 : explain SELECT k, c FROM sbtest4 WHERE k BETWEEN 6262792 AND 6262892
	Bitmap Heap Scan on sbtest4  (cost=5.49..413.30 rows=103 width=125)
	  Recheck Cond: ((k >= 6262792) AND (k <= 6262892))
	  ->  Bitmap Index Scan on k_4  (cost=0.00..5.46 rows=103 width=0)
	        Index Cond: ((k >= 6262792) AND (k <= 6262892))

table 5 : explain SELECT k, c FROM sbtest5 WHERE k BETWEEN 6262792 AND 6262892
	Bitmap Heap Scan on sbtest5  (cost=5.44..393.62 rows=98 width=125)
	  Recheck Cond: ((k >= 6262792) AND (k <= 6262892))
	  ->  Bitmap Index Scan on k_5  (cost=0.00..5.42 rows=98 width=0)
	        Index Cond: ((k >= 6262792) AND (k <= 6262892))

table 6 : explain SELECT k, c FROM sbtest6 WHERE k BETWEEN 6262792 AND 6262892
	Bitmap Heap Scan on sbtest6  (cost=5.47..405.43 rows=101 width=125)
	  Recheck Cond: ((k >= 6262792) AND (k <= 6262892))
	  ->  Bitmap Index Scan on k_6  (cost=0.00..5.44 rows=101 width=0)
	        Index Cond: ((k >= 6262792) AND (k <= 6262892))

table 7 : explain SELECT k, c FROM sbtest7 WHERE k BETWEEN 6262792 AND 6262892
	Bitmap Heap Scan on sbtest7  (cost=5.42..385.74 rows=96 width=125)
	  Recheck Cond: ((k >= 6262792) AND (k <= 6262892))
	  ->  Bitmap Index Scan on k_7  (cost=0.00..5.39 rows=96 width=0)
	        Index Cond: ((k >= 6262792) AND (k <= 6262892))

table 8 : explain SELECT k, c FROM sbtest8 WHERE k BETWEEN 6262792 AND 6262892
	Bitmap Heap Scan on sbtest8  (cost=5.51..421.23 rows=105 width=125)
	  Recheck Cond: ((k >= 6262792) AND (k <= 6262892))
	  ->  Bitmap Index Scan on k_8  (cost=0.00..5.48 rows=105 width=0)
	        Index Cond: ((k >= 6262792) AND (k <= 6262892))

explain: for range-notcovered :: explain SELECT k, c FROM sbtest%d WHERE k BETWEEN 2407929 AND 2408029
explain: for range-notcovered :: explain SELECT k, c FROM sbtest%d WHERE k BETWEEN 3027490 AND 3027590


explain: for range-notcovered :: explain SELECT k, c FROM sbtest%d WHERE k BETWEEN 7081738 AND 7081838
explain: for range-notcovered :: explain SELECT k, c FROM sbtest%d WHERE k BETWEEN 6262792 AND 6262892
for range-notcovered
table 1 : explain SELECT k, c FROM sbtest1 WHERE k BETWEEN 5746081 AND 5746181
	Bitmap Heap Scan on sbtest1  (cost=5.39..373.86 rows=93 width=125)
	  Recheck Cond: ((k >= 5746081) AND (k <= 5746181))
	  ->  Bitmap Index Scan on k_1  (cost=0.00..5.36 rows=93 width=0)
	        Index Cond: ((k >= 5746081) AND (k <= 5746181))

table 2 : explain SELECT k, c FROM sbtest2 WHERE k BETWEEN 5746081 AND 5746181
	Bitmap Heap Scan on sbtest2  (cost=5.51..421.18 rows=105 width=125)
	  Recheck Cond: ((k >= 5746081) AND (k <= 5746181))
	  ->  Bitmap Index Scan on k_2  (cost=0.00..5.48 rows=105 width=0)
	        Index Cond: ((k >= 5746081) AND (k <= 5746181))

table 3 : explain SELECT k, c FROM sbtest3 WHERE k BETWEEN 5746081 AND 5746181
	Bitmap Heap Scan on sbtest3  (cost=5.45..397.53 rows=99 width=125)
	  Recheck Cond: ((k >= 5746081) AND (k <= 5746181))
	  ->  Bitmap Index Scan on k_3  (cost=0.00..5.42 rows=99 width=0)
	        Index Cond: ((k >= 5746081) AND (k <= 5746181))

table 4 : explain SELECT k, c FROM sbtest4 WHERE k BETWEEN 5746081 AND 5746181
	Bitmap Heap Scan on sbtest4  (cost=5.54..433.00 rows=108 width=125)
	  Recheck Cond: ((k >= 5746081) AND (k <= 5746181))
	  ->  Bitmap Index Scan on k_4  (cost=0.00..5.51 rows=108 width=0)
	        Index Cond: ((k >= 5746081) AND (k <= 5746181))

table 5 : explain SELECT k, c FROM sbtest5 WHERE k BETWEEN 5746081 AND 5746181
	Bitmap Heap Scan on sbtest5  (cost=5.53..429.11 rows=107 width=125)
	  Recheck Cond: ((k >= 5746081) AND (k <= 5746181))
	  ->  Bitmap Index Scan on k_5  (cost=0.00..5.50 rows=107 width=0)
	        Index Cond: ((k >= 5746081) AND (k <= 5746181))

table 6 : explain SELECT k, c FROM sbtest6 WHERE k BETWEEN 5746081 AND 5746181
	Bitmap Heap Scan on sbtest6  (cost=5.44..393.60 rows=98 width=125)
	  Recheck Cond: ((k >= 5746081) AND (k <= 5746181))
	  ->  Bitmap Index Scan on k_6  (cost=0.00..5.42 rows=98 width=0)
	        Index Cond: ((k >= 5746081) AND (k <= 5746181))

table 7 : explain SELECT k, c FROM sbtest7 WHERE k BETWEEN 5746081 AND 5746181
	Bitmap Heap Scan on sbtest7  (cost=5.57..444.88 rows=111 width=125)
	  Recheck Cond: ((k >= 5746081) AND (k <= 5746181))
	  ->  Bitmap Index Scan on k_7  (cost=0.00..5.54 rows=111 width=0)
	        Index Cond: ((k >= 5746081) AND (k <= 5746181))

table 8 : explain SELECT k, c FROM sbtest8 WHERE k BETWEEN 5746081 AND 5746181
	Bitmap Heap Scan on sbtest8  (cost=5.51..421.23 rows=105 width=125)
	  Recheck Cond: ((k >= 5746081) AND (k <= 5746181))
	  ->  Bitmap Index Scan on k_8  (cost=0.00..5.48 rows=105 width=0)
	        Index Cond: ((k >= 5746081) AND (k <= 5746181))

explain: for range-notcovered :: explain SELECT k, c FROM sbtest%d WHERE k BETWEEN 4128757 AND 4128857
explain: for range-notcovered :: explain SELECT k, c FROM sbtest%d WHERE k BETWEEN 6877552 AND 6877652
explain: for range-notcovered :: explain SELECT k, c FROM sbtest%d WHERE k BETWEEN 5346008 AND 5346108
for range-notcovered
table 1 : explain SELECT k, c FROM sbtest1 WHERE k BETWEEN 8009198 AND 8009298
	Bitmap Heap Scan on sbtest1  (cost=5.45..397.53 rows=99 width=125)
	  Recheck Cond: ((k >= 8009198) AND (k <= 8009298))
	  ->  Bitmap Index Scan on k_1  (cost=0.00..5.42 rows=99 width=0)
	        Index Cond: ((k >= 8009198) AND (k <= 8009298))

table 2 : explain SELECT k, c FROM sbtest2 WHERE k BETWEEN 8009198 AND 8009298
	Bitmap Heap Scan on sbtest2  (cost=5.49..413.29 rows=103 width=125)
	  Recheck Cond: ((k >= 8009198) AND (k <= 8009298))
	  ->  Bitmap Index Scan on k_2  (cost=0.00..5.46 rows=103 width=0)
	        Index Cond: ((k >= 8009198) AND (k <= 8009298))

table 3 : explain SELECT k, c FROM sbtest3 WHERE k BETWEEN 8009198 AND 8009298
	Bitmap Heap Scan on sbtest3  (cost=5.54..433.00 rows=108 width=125)
	  Recheck Cond: ((k >= 8009198) AND (k <= 8009298))
	  ->  Bitmap Index Scan on k_3  (cost=0.00..5.51 rows=108 width=0)
	        Index Cond: ((k >= 8009198) AND (k <= 8009298))

table 4 : explain SELECT k, c FROM sbtest4 WHERE k BETWEEN 8009198 AND 8009298
	Bitmap Heap Scan on sbtest4  (cost=5.52..425.12 rows=106 width=125)
	  Recheck Cond: ((k >= 8009198) AND (k <= 8009298))
	  ->  Bitmap Index Scan on k_4  (cost=0.00..5.50 rows=106 width=0)
	        Index Cond: ((k >= 8009198) AND (k <= 8009298))

table 5 : explain SELECT k, c FROM sbtest5 WHERE k BETWEEN 8009198 AND 8009298
	Bitmap Heap Scan on sbtest5  (cost=5.45..397.57 rows=99 width=125)
	  Recheck Cond: ((k >= 8009198) AND (k <= 8009298))
	  ->  Bitmap Index Scan on k_5  (cost=0.00..5.42 rows=99 width=0)
	        Index Cond: ((k >= 8009198) AND (k <= 8009298))

table 6 : explain SELECT k, c FROM sbtest6 WHERE k BETWEEN 8009198 AND 8009298
	Bitmap Heap Scan on sbtest6  (cost=5.51..421.19 rows=105 width=125)
	  Recheck Cond: ((k >= 8009198) AND (k <= 8009298))
	  ->  Bitmap Index Scan on k_6  (cost=0.00..5.48 rows=105 width=0)
	        Index Cond: ((k >= 8009198) AND (k <= 8009298))

table 7 : explain SELECT k, c FROM sbtest7 WHERE k BETWEEN 8009198 AND 8009298
	Bitmap Heap Scan on sbtest7  (cost=5.46..401.52 rows=100 width=125)
	  Recheck Cond: ((k >= 8009198) AND (k <= 8009298))
	  ->  Bitmap Index Scan on k_7  (cost=0.00..5.43 rows=100 width=0)
	        Index Cond: ((k >= 8009198) AND (k <= 8009298))

table 8 : explain SELECT k, c FROM sbtest8 WHERE k BETWEEN 8009198 AND 8009298
	Bitmap Heap Scan on sbtest8  (cost=5.47..405.46 rows=101 width=125)
	  Recheck Cond: ((k >= 8009198) AND (k <= 8009298))
	  ->  Bitmap Index Scan on k_8  (cost=0.00..5.44 rows=101 width=0)
	        Index Cond: ((k >= 8009198) AND (k <= 8009298))

for range-notcovered
table 1 : explain SELECT k, c FROM sbtest1 WHERE k BETWEEN 4721381 AND 4721481
	Bitmap Heap Scan on sbtest1  (cost=5.49..413.30 rows=103 width=125)
	  Recheck Cond: ((k >= 4721381) AND (k <= 4721481))
	  ->  Bitmap Index Scan on k_1  (cost=0.00..5.46 rows=103 width=0)
	        Index Cond: ((k >= 4721381) AND (k <= 4721481))

table 2 : explain SELECT k, c FROM sbtest2 WHERE k BETWEEN 4721381 AND 4721481
	Bitmap Heap Scan on sbtest2  (cost=5.61..460.57 rows=115 width=125)
	  Recheck Cond: ((k >= 4721381) AND (k <= 4721481))
	  ->  Bitmap Index Scan on k_2  (cost=0.00..5.58 rows=115 width=0)
	        Index Cond: ((k >= 4721381) AND (k <= 4721481))

table 3 : explain SELECT k, c FROM sbtest3 WHERE k BETWEEN 4721381 AND 4721481
	Bitmap Heap Scan on sbtest3  (cost=5.49..413.30 rows=103 width=125)
	  Recheck Cond: ((k >= 4721381) AND (k <= 4721481))
	  ->  Bitmap Index Scan on k_3  (cost=0.00..5.46 rows=103 width=0)
	        Index Cond: ((k >= 4721381) AND (k <= 4721481))

table 4 : explain SELECT k, c FROM sbtest4 WHERE k BETWEEN 4721381 AND 4721481
	Bitmap Heap Scan on sbtest4  (cost=5.49..413.30 rows=103 width=125)
	  Recheck Cond: ((k >= 4721381) AND (k <= 4721481))
	  ->  Bitmap Index Scan on k_4  (cost=0.00..5.46 rows=103 width=0)
	        Index Cond: ((k >= 4721381) AND (k <= 4721481))

table 5 : explain SELECT k, c FROM sbtest5 WHERE k BETWEEN 4721381 AND 4721481
	Bitmap Heap Scan on sbtest5  (cost=5.40..377.84 rows=94 width=125)
	  Recheck Cond: ((k >= 4721381) AND (k <= 4721481))
	  ->  Bitmap Index Scan on k_5  (cost=0.00..5.38 rows=94 width=0)
	        Index Cond: ((k >= 4721381) AND (k <= 4721481))

table 6 : explain SELECT k, c FROM sbtest6 WHERE k BETWEEN 4721381 AND 4721481
	Bitmap Heap Scan on sbtest6  (cost=5.57..444.83 rows=111 width=125)
	  Recheck Cond: ((k >= 4721381) AND (k <= 4721481))
	  ->  Bitmap Index Scan on k_6  (cost=0.00..5.54 rows=111 width=0)
	        Index Cond: ((k >= 4721381) AND (k <= 4721481))

table 7 : explain SELECT k, c FROM sbtest7 WHERE k BETWEEN 4721381 AND 4721481
	Bitmap Heap Scan on sbtest7  (cost=5.53..429.12 rows=107 width=125)
	  Recheck Cond: ((k >= 4721381) AND (k <= 4721481))
	  ->  Bitmap Index Scan on k_7  (cost=0.00..5.50 rows=107 width=0)
	        Index Cond: ((k >= 4721381) AND (k <= 4721481))

table 8 : explain SELECT k, c FROM sbtest8 WHERE k BETWEEN 4721381 AND 4721481
	Bitmap Heap Scan on sbtest8  (cost=5.53..429.11 rows=107 width=125)
	  Recheck Cond: ((k >= 4721381) AND (k <= 4721481))
	  ->  Bitmap Index Scan on k_8  (cost=0.00..5.50 rows=107 width=0)
	        Index Cond: ((k >= 4721381) AND (k <= 4721481))

explain: for range-notcovered :: explain SELECT k, c FROM sbtest%d WHERE k BETWEEN 3062718 AND 3062818
for range-notcovered
table 1 : explain SELECT k, c FROM sbtest1 WHERE k BETWEEN 4268992 AND 4269092
	Bitmap Heap Scan on sbtest1  (cost=5.46..401.48 rows=100 width=125)
	  Recheck Cond: ((k >= 4268992) AND (k <= 4269092))
	  ->  Bitmap Index Scan on k_1  (cost=0.00..5.43 rows=100 width=0)
	        Index Cond: ((k >= 4268992) AND (k <= 4269092))

table 2 : explain SELECT k, c FROM sbtest2 WHERE k BETWEEN 4268992 AND 4269092
	Bitmap Heap Scan on sbtest2  (cost=5.48..409.35 rows=102 width=125)
	  Recheck Cond: ((k >= 4268992) AND (k <= 4269092))
	  ->  Bitmap Index Scan on k_2  (cost=0.00..5.45 rows=102 width=0)
	        Index Cond: ((k >= 4268992) AND (k <= 4269092))

table 3 : explain SELECT k, c FROM sbtest3 WHERE k BETWEEN 4268992 AND 4269092
	Bitmap Heap Scan on sbtest3  (cost=5.45..397.53 rows=99 width=125)
	  Recheck Cond: ((k >= 4268992) AND (k <= 4269092))
	  ->  Bitmap Index Scan on k_3  (cost=0.00..5.42 rows=99 width=0)
	        Index Cond: ((k >= 4268992) AND (k <= 4269092))

table 4 : explain SELECT k, c FROM sbtest4 WHERE k BETWEEN 4268992 AND 4269092
	Bitmap Heap Scan on sbtest4  (cost=5.51..421.18 rows=105 width=125)
	  Recheck Cond: ((k >= 4268992) AND (k <= 4269092))
	  ->  Bitmap Index Scan on k_4  (cost=0.00..5.48 rows=105 width=0)
	        Index Cond: ((k >= 4268992) AND (k <= 4269092))

table 5 : explain SELECT k, c FROM sbtest5 WHERE k BETWEEN 4268992 AND 4269092
	Bitmap Heap Scan on sbtest5  (cost=5.51..421.23 rows=105 width=125)
	  Recheck Cond: ((k >= 4268992) AND (k <= 4269092))
	  ->  Bitmap Index Scan on k_5  (cost=0.00..5.48 rows=105 width=0)
	        Index Cond: ((k >= 4268992) AND (k <= 4269092))

table 6 : explain SELECT k, c FROM sbtest6 WHERE k BETWEEN 4268992 AND 4269092
	Bitmap Heap Scan on sbtest6  (cost=5.50..417.25 rows=104 width=125)
	  Recheck Cond: ((k >= 4268992) AND (k <= 4269092))
	  ->  Bitmap Index Scan on k_6  (cost=0.00..5.47 rows=104 width=0)
	        Index Cond: ((k >= 4268992) AND (k <= 4269092))

table 7 : explain SELECT k, c FROM sbtest7 WHERE k BETWEEN 4268992 AND 4269092
	Bitmap Heap Scan on sbtest7  (cost=5.40..377.85 rows=94 width=125)
	  Recheck Cond: ((k >= 4268992) AND (k <= 4269092))
	  ->  Bitmap Index Scan on k_7  (cost=0.00..5.38 rows=94 width=0)
	        Index Cond: ((k >= 4268992) AND (k <= 4269092))

table 8 : explain SELECT k, c FROM sbtest8 WHERE k BETWEEN 4268992 AND 4269092
	Bitmap Heap Scan on sbtest8  (cost=5.38..369.95 rows=92 width=125)
	  Recheck Cond: ((k >= 4268992) AND (k <= 4269092))
	  ->  Bitmap Index Scan on k_8  (cost=0.00..5.35 rows=92 width=0)
	        Index Cond: ((k >= 4268992) AND (k <= 4269092))

for range-notcovered
table 1 : explain SELECT k, c FROM sbtest1 WHERE k BETWEEN 5954040 AND 5954140
	Bitmap Heap Scan on sbtest1  (cost=5.48..409.36 rows=102 width=125)
	  Recheck Cond: ((k >= 5954040) AND (k <= 5954140))
	  ->  Bitmap Index Scan on k_1  (cost=0.00..5.45 rows=102 width=0)
	        Index Cond: ((k >= 5954040) AND (k <= 5954140))

table 2 : explain SELECT k, c FROM sbtest2 WHERE k BETWEEN 5954040 AND 5954140
	Bitmap Heap Scan on sbtest2  (cost=5.52..425.12 rows=106 width=125)
	  Recheck Cond: ((k >= 5954040) AND (k <= 5954140))
	  ->  Bitmap Index Scan on k_2  (cost=0.00..5.50 rows=106 width=0)
	        Index Cond: ((k >= 5954040) AND (k <= 5954140))

table 3 : explain SELECT k, c FROM sbtest3 WHERE k BETWEEN 5954040 AND 5954140
	Bitmap Heap Scan on sbtest3  (cost=5.44..393.58 rows=98 width=125)
	  Recheck Cond: ((k >= 5954040) AND (k <= 5954140))
	  ->  Bitmap Index Scan on k_3  (cost=0.00..5.42 rows=98 width=0)
	        Index Cond: ((k >= 5954040) AND (k <= 5954140))

table 4 : explain SELECT k, c FROM sbtest4 WHERE k BETWEEN 5954040 AND 5954140
	Bitmap Heap Scan on sbtest4  (cost=5.48..409.35 rows=102 width=125)
	  Recheck Cond: ((k >= 5954040) AND (k <= 5954140))
	  ->  Bitmap Index Scan on k_4  (cost=0.00..5.45 rows=102 width=0)
	        Index Cond: ((k >= 5954040) AND (k <= 5954140))

table 5 : explain SELECT k, c FROM sbtest5 WHERE k BETWEEN 5954040 AND 5954140
	Bitmap Heap Scan on sbtest5  (cost=5.51..421.23 rows=105 width=125)
	  Recheck Cond: ((k >= 5954040) AND (k <= 5954140))
	  ->  Bitmap Index Scan on k_5  (cost=0.00..5.48 rows=105 width=0)
	        Index Cond: ((k >= 5954040) AND (k <= 5954140))

table 6 : explain SELECT k, c FROM sbtest6 WHERE k BETWEEN 5954040 AND 5954140
	Bitmap Heap Scan on sbtest6  (cost=5.44..393.60 rows=98 width=125)
	  Recheck Cond: ((k >= 5954040) AND (k <= 5954140))
	  ->  Bitmap Index Scan on k_6  (cost=0.00..5.42 rows=98 width=0)
	        Index Cond: ((k >= 5954040) AND (k <= 5954140))

table 7 : explain SELECT k, c FROM sbtest7 WHERE k BETWEEN 5954040 AND 5954140
	Bitmap Heap Scan on sbtest7  (cost=5.68..484.25 rows=121 width=125)
	  Recheck Cond: ((k >= 5954040) AND (k <= 5954140))
	  ->  Bitmap Index Scan on k_7  (cost=0.00..5.64 rows=121 width=0)
	        Index Cond: ((k >= 5954040) AND (k <= 5954140))

table 8 : explain SELECT k, c FROM sbtest8 WHERE k BETWEEN 5954040 AND 5954140
	Bitmap Heap Scan on sbtest8  (cost=5.52..425.17 rows=106 width=125)
	  Recheck Cond: ((k >= 5954040) AND (k <= 5954140))
	  ->  Bitmap Index Scan on k_8  (cost=0.00..5.50 rows=106 width=0)
	        Index Cond: ((k >= 5954040) AND (k <= 5954140))

explain: for range-notcovered :: explain SELECT k, c FROM sbtest%d WHERE k BETWEEN 5254425 AND 5254525
explain: for range-notcovered :: explain SELECT k, c FROM sbtest%d WHERE k BETWEEN 4721381 AND 4721481explain: for range-notcovered :: explain SELECT k, c FROM sbtest%d WHERE k BETWEEN 6190744 AND 6190844
explain: for range-notcovered :: explain SELECT k, c FROM sbtest%d WHERE k BETWEEN 8009198 AND 8009298
explain: for range-notcovered :: explain SELECT k, c FROM sbtest%d WHERE k BETWEEN 5802285 AND 5802385explain: for range-notcovered :: explain SELECT k, c FROM sbtest%d WHERE k BETWEEN 5954040 AND 5954140

explain: for range-notcovered :: explain SELECT k, c FROM sbtest%d WHERE k BETWEEN 4268992 AND 4269092
explain: for range-notcovered :: explain SELECT k, c FROM sbtest%d WHERE k BETWEEN 2885741 AND 2885841
for range-notcovered
table 1 : explain SELECT k, c FROM sbtest1 WHERE k BETWEEN 4944192 AND 4944292
	Bitmap Heap Scan on sbtest1  (cost=5.54..433.01 rows=108 width=125)
	  Recheck Cond: ((k >= 4944192) AND (k <= 4944292))
	  ->  Bitmap Index Scan on k_1  (cost=0.00..5.51 rows=108 width=0)
	        Index Cond: ((k >= 4944192) AND (k <= 4944292))

table 2 : explain SELECT k, c FROM sbtest2 WHERE k BETWEEN 4944192 AND 4944292
	Bitmap Heap Scan on sbtest2  (cost=5.48..409.35 rows=102 width=125)
	  Recheck Cond: ((k >= 4944192) AND (k <= 4944292))
	  ->  Bitmap Index Scan on k_2  (cost=0.00..5.45 rows=102 width=0)
	        Index Cond: ((k >= 4944192) AND (k <= 4944292))

table 3 : explain SELECT k, c FROM sbtest3 WHERE k BETWEEN 4944192 AND 4944292
	Bitmap Heap Scan on sbtest3  (cost=5.48..409.36 rows=102 width=125)
	  Recheck Cond: ((k >= 4944192) AND (k <= 4944292))
	  ->  Bitmap Index Scan on k_3  (cost=0.00..5.45 rows=102 width=0)
	        Index Cond: ((k >= 4944192) AND (k <= 4944292))

table 4 : explain SELECT k, c FROM sbtest4 WHERE k BETWEEN 4944192 AND 4944292
	Bitmap Heap Scan on sbtest4  (cost=5.48..409.35 rows=102 width=125)
	  Recheck Cond: ((k >= 4944192) AND (k <= 4944292))
	  ->  Bitmap Index Scan on k_4  (cost=0.00..5.45 rows=102 width=0)
	        Index Cond: ((k >= 4944192) AND (k <= 4944292))

table 5 : explain SELECT k, c FROM sbtest5 WHERE k BETWEEN 4944192 AND 4944292
	Bitmap Heap Scan on sbtest5  (cost=5.40..377.84 rows=94 width=125)
	  Recheck Cond: ((k >= 4944192) AND (k <= 4944292))
	  ->  Bitmap Index Scan on k_5  (cost=0.00..5.38 rows=94 width=0)
	        Index Cond: ((k >= 4944192) AND (k <= 4944292))

table 6 : explain SELECT k, c FROM sbtest6 WHERE k BETWEEN 4944192 AND 4944292
	Bitmap Heap Scan on sbtest6  (cost=5.47..405.43 rows=101 width=125)
	  Recheck Cond: ((k >= 4944192) AND (k <= 4944292))
	  ->  Bitmap Index Scan on k_6  (cost=0.00..5.44 rows=101 width=0)
	        Index Cond: ((k >= 4944192) AND (k <= 4944292))

table 7 : explain SELECT k, c FROM sbtest7 WHERE k BETWEEN 4944192 AND 4944292
	Bitmap Heap Scan on sbtest7  (cost=5.54..433.06 rows=108 width=125)
	  Recheck Cond: ((k >= 4944192) AND (k <= 4944292))
	  ->  Bitmap Index Scan on k_7  (cost=0.00..5.51 rows=108 width=0)
	        Index Cond: ((k >= 4944192) AND (k <= 4944292))

table 8 : explain SELECT k, c FROM sbtest8 WHERE k BETWEEN 4944192 AND 4944292
	Bitmap Heap Scan on sbtest8  (cost=5.41..381.79 rows=95 width=125)
	  Recheck Cond: ((k >= 4944192) AND (k <= 4944292))
	  ->  Bitmap Index Scan on k_8  (cost=0.00..5.38 rows=95 width=0)
	        Index Cond: ((k >= 4944192) AND (k <= 4944292))

for range-notcovered
table 1 : explain SELECT k, c FROM sbtest1 WHERE k BETWEEN 2951443 AND 2951543
	Bitmap Heap Scan on sbtest1  (cost=5.48..409.36 rows=102 width=125)
	  Recheck Cond: ((k >= 2951443) AND (k <= 2951543))
	  ->  Bitmap Index Scan on k_1  (cost=0.00..5.45 rows=102 width=0)
	        Index Cond: ((k >= 2951443) AND (k <= 2951543))

table 2 : explain SELECT k, c FROM sbtest2 WHERE k BETWEEN 2951443 AND 2951543
	Bitmap Heap Scan on sbtest2  (cost=5.47..405.41 rows=101 width=125)
	  Recheck Cond: ((k >= 2951443) AND (k <= 2951543))
	  ->  Bitmap Index Scan on k_2  (cost=0.00..5.44 rows=101 width=0)
	        Index Cond: ((k >= 2951443) AND (k <= 2951543))

table 3 : explain SELECT k, c FROM sbtest3 WHERE k BETWEEN 2951443 AND 2951543
	Bitmap Heap Scan on sbtest3  (cost=5.46..401.47 rows=100 width=125)
	  Recheck Cond: ((k >= 2951443) AND (k <= 2951543))
	  ->  Bitmap Index Scan on k_3  (cost=0.00..5.43 rows=100 width=0)
	        Index Cond: ((k >= 2951443) AND (k <= 2951543))

table 4 : explain SELECT k, c FROM sbtest4 WHERE k BETWEEN 2951443 AND 2951543
	Bitmap Heap Scan on sbtest4  (cost=5.54..433.00 rows=108 width=125)
	  Recheck Cond: ((k >= 2951443) AND (k <= 2951543))
	  ->  Bitmap Index Scan on k_4  (cost=0.00..5.51 rows=108 width=0)
	        Index Cond: ((k >= 2951443) AND (k <= 2951543))

table 5 : explain SELECT k, c FROM sbtest5 WHERE k BETWEEN 2951443 AND 2951543
	Bitmap Heap Scan on sbtest5  (cost=5.50..417.28 rows=104 width=125)
	  Recheck Cond: ((k >= 2951443) AND (k <= 2951543))
	  ->  Bitmap Index Scan on k_5  (cost=0.00..5.47 rows=104 width=0)
	        Index Cond: ((k >= 2951443) AND (k <= 2951543))

table 6 : explain SELECT k, c FROM sbtest6 WHERE k BETWEEN 2951443 AND 2951543
	Bitmap Heap Scan on sbtest6  (cost=5.49..413.31 rows=103 width=125)
	  Recheck Cond: ((k >= 2951443) AND (k <= 2951543))
	  ->  Bitmap Index Scan on k_6  (cost=0.00..5.46 rows=103 width=0)
	        Index Cond: ((k >= 2951443) AND (k <= 2951543))

table 7 : explain SELECT k, c FROM sbtest7 WHERE k BETWEEN 2951443 AND 2951543
	Bitmap Heap Scan on sbtest7  (cost=5.46..401.52 rows=100 width=125)
	  Recheck Cond: ((k >= 2951443) AND (k <= 2951543))
	  ->  Bitmap Index Scan on k_7  (cost=0.00..5.43 rows=100 width=0)
	        Index Cond: ((k >= 2951443) AND (k <= 2951543))

table 8 : explain SELECT k, c FROM sbtest8 WHERE k BETWEEN 2951443 AND 2951543
	Bitmap Heap Scan on sbtest8  (cost=5.39..373.90 rows=93 width=125)
	  Recheck Cond: ((k >= 2951443) AND (k <= 2951543))
	  ->  Bitmap Index Scan on k_8  (cost=0.00..5.36 rows=93 width=0)
	        Index Cond: ((k >= 2951443) AND (k <= 2951543))
for range-notcovered
table 1 : explain SELECT k, c FROM sbtest1 WHERE k BETWEEN 8303696 AND 8303796
	Bitmap Heap Scan on sbtest1  (cost=5.46..401.48 rows=100 width=125)
	  Recheck Cond: ((k >= 8303696) AND (k <= 8303796))
	  ->  Bitmap Index Scan on k_1  (cost=0.00..5.43 rows=100 width=0)
	        Index Cond: ((k >= 8303696) AND (k <= 8303796))

table 2 : explain SELECT k, c FROM sbtest2 WHERE k BETWEEN 8303696 AND 8303796
	Bitmap Heap Scan on sbtest2  (cost=5.48..409.35 rows=102 width=125)
	  Recheck Cond: ((k >= 8303696) AND (k <= 8303796))
	  ->  Bitmap Index Scan on k_2  (cost=0.00..5.45 rows=102 width=0)
	        Index Cond: ((k >= 8303696) AND (k <= 8303796))

table 3 : explain SELECT k, c FROM sbtest3 WHERE k BETWEEN 8303696 AND 8303796
	Bitmap Heap Scan on sbtest3  (cost=5.45..397.53 rows=99 width=125)
	  Recheck Cond: ((k >= 8303696) AND (k <= 8303796))
	  ->  Bitmap Index Scan on k_3  (cost=0.00..5.42 rows=99 width=0)
	        Index Cond: ((k >= 8303696) AND (k <= 8303796))

table 4 : explain SELECT k, c FROM sbtest4 WHERE k BETWEEN 8303696 AND 8303796
	Bitmap Heap Scan on sbtest4  (cost=5.50..417.24 rows=104 width=125)
	  Recheck Cond: ((k >= 8303696) AND (k <= 8303796))
	  ->  Bitmap Index Scan on k_4  (cost=0.00..5.47 rows=104 width=0)
	        Index Cond: ((k >= 8303696) AND (k <= 8303796))

table 5 : explain SELECT k, c FROM sbtest5 WHERE k BETWEEN 8303696 AND 8303796
	Bitmap Heap Scan on sbtest5  (cost=5.47..405.46 rows=101 width=125)
	  Recheck Cond: ((k >= 8303696) AND (k <= 8303796))
	  ->  Bitmap Index Scan on k_5  (cost=0.00..5.44 rows=101 width=0)
	        Index Cond: ((k >= 8303696) AND (k <= 8303796))

table 6 : explain SELECT k, c FROM sbtest6 WHERE k BETWEEN 8303696 AND 8303796
	Bitmap Heap Scan on sbtest6  (cost=5.52..425.14 rows=106 width=125)
	  Recheck Cond: ((k >= 8303696) AND (k <= 8303796))
	  ->  Bitmap Index Scan on k_6  (cost=0.00..5.50 rows=106 width=0)
	        Index Cond: ((k >= 8303696) AND (k <= 8303796))

table 7 : explain SELECT k, c FROM sbtest7 WHERE k BETWEEN 8303696 AND 8303796
	Bitmap Heap Scan on sbtest7  (cost=5.44..393.63 rows=98 width=125)
	  Recheck Cond: ((k >= 8303696) AND (k <= 8303796))
	  ->  Bitmap Index Scan on k_7  (cost=0.00..5.42 rows=98 width=0)
	        Index Cond: ((k >= 8303696) AND (k <= 8303796))

table 8 : explain SELECT k, c FROM sbtest8 WHERE k BETWEEN 8303696 AND 8303796
	Bitmap Heap Scan on sbtest8  (cost=5.48..409.40 rows=102 width=125)
	  Recheck Cond: ((k >= 8303696) AND (k <= 8303796))
	  ->  Bitmap Index Scan on k_8  (cost=0.00..5.45 rows=102 width=0)
	        Index Cond: ((k >= 8303696) AND (k <= 8303796))


for range-notcovered
table 1 : explain SELECT k, c FROM sbtest1 WHERE k BETWEEN 6165910 AND 6166010
	Bitmap Heap Scan on sbtest1  (cost=5.35..358.08 rows=89 width=125)
	  Recheck Cond: ((k >= 6165910) AND (k <= 6166010))
	  ->  Bitmap Index Scan on k_1  (cost=0.00..5.32 rows=89 width=0)
	        Index Cond: ((k >= 6165910) AND (k <= 6166010))

table 2 : explain SELECT k, c FROM sbtest2 WHERE k BETWEEN 6165910 AND 6166010
	Bitmap Heap Scan on sbtest2  (cost=5.45..397.53 rows=99 width=125)
	  Recheck Cond: ((k >= 6165910) AND (k <= 6166010))
	  ->  Bitmap Index Scan on k_2  (cost=0.00..5.42 rows=99 width=0)
	        Index Cond: ((k >= 6165910) AND (k <= 6166010))

table 3 : explain SELECT k, c FROM sbtest3 WHERE k BETWEEN 6165910 AND 6166010
	Bitmap Heap Scan on sbtest3  (cost=5.53..429.06 rows=107 width=125)
	  Recheck Cond: ((k >= 6165910) AND (k <= 6166010))
	  ->  Bitmap Index Scan on k_3  (cost=0.00..5.50 rows=107 width=0)
	        Index Cond: ((k >= 6165910) AND (k <= 6166010))

table 4 : explain SELECT k, c FROM sbtest4 WHERE k BETWEEN 6165910 AND 6166010
	Bitmap Heap Scan on sbtest4  (cost=5.48..409.35 rows=102 width=125)
	  Recheck Cond: ((k >= 6165910) AND (k <= 6166010))
	  ->  Bitmap Index Scan on k_4  (cost=0.00..5.45 rows=102 width=0)
	        Index Cond: ((k >= 6165910) AND (k <= 6166010))

table 5 : explain SELECT k, c FROM sbtest5 WHERE k BETWEEN 6165910 AND 6166010
	Bitmap Heap Scan on sbtest5  (cost=5.46..401.51 rows=100 width=125)
	  Recheck Cond: ((k >= 6165910) AND (k <= 6166010))
	  ->  Bitmap Index Scan on k_5  (cost=0.00..5.43 rows=100 width=0)
	        Index Cond: ((k >= 6165910) AND (k <= 6166010))

table 6 : explain SELECT k, c FROM sbtest6 WHERE k BETWEEN 6165910 AND 6166010
	Bitmap Heap Scan on sbtest6  (cost=5.42..385.71 rows=96 width=125)
	  Recheck Cond: ((k >= 6165910) AND (k <= 6166010))
	  ->  Bitmap Index Scan on k_6  (cost=0.00..5.39 rows=96 width=0)
	        Index Cond: ((k >= 6165910) AND (k <= 6166010))

table 7 : explain SELECT k, c FROM sbtest7 WHERE k BETWEEN 6165910 AND 6166010
	Bitmap Heap Scan on sbtest7  (cost=5.47..405.46 rows=101 width=125)
	  Recheck Cond: ((k >= 6165910) AND (k <= 6166010))
	  ->  Bitmap Index Scan on k_7  (cost=0.00..5.44 rows=101 width=0)
	        Index Cond: ((k >= 6165910) AND (k <= 6166010))

table 8 : explain SELECT k, c FROM sbtest8 WHERE k BETWEEN 6165910 AND 6166010
	Bitmap Heap Scan on sbtest8  (cost=5.53..429.11 rows=107 width=125)
	  Recheck Cond: ((k >= 6165910) AND (k <= 6166010))
	  ->  Bitmap Index Scan on k_8  (cost=0.00..5.50 rows=107 width=0)
	        Index Cond: ((k >= 6165910) AND (k <= 6166010))

for range-notcovered
table 1 : explain SELECT k, c FROM sbtest1 WHERE k BETWEEN 2776751 AND 2776851
	Bitmap Heap Scan on sbtest1  (cost=5.49..413.30 rows=103 width=125)
	  Recheck Cond: ((k >= 2776751) AND (k <= 2776851))
	  ->  Bitmap Index Scan on k_1  (cost=0.00..5.46 rows=103 width=0)
	        Index Cond: ((k >= 2776751) AND (k <= 2776851))

table 2 : explain SELECT k, c FROM sbtest2 WHERE k BETWEEN 2776751 AND 2776851
	Bitmap Heap Scan on sbtest2  (cost=5.54..433.00 rows=108 width=125)
	  Recheck Cond: ((k >= 2776751) AND (k <= 2776851))
	  ->  Bitmap Index Scan on k_2  (cost=0.00..5.51 rows=108 width=0)
	        Index Cond: ((k >= 2776751) AND (k <= 2776851))

table 3 : explain SELECT k, c FROM sbtest3 WHERE k BETWEEN 2776751 AND 2776851
	Bitmap Heap Scan on sbtest3  (cost=5.44..393.58 rows=98 width=125)
	  Recheck Cond: ((k >= 2776751) AND (k <= 2776851))
	  ->  Bitmap Index Scan on k_3  (cost=0.00..5.42 rows=98 width=0)
	        Index Cond: ((k >= 2776751) AND (k <= 2776851))

table 4 : explain SELECT k, c FROM sbtest4 WHERE k BETWEEN 2776751 AND 2776851
	Bitmap Heap Scan on sbtest4  (cost=5.42..385.69 rows=96 width=125)
	  Recheck Cond: ((k >= 2776751) AND (k <= 2776851))
	  ->  Bitmap Index Scan on k_4  (cost=0.00..5.39 rows=96 width=0)
	        Index Cond: ((k >= 2776751) AND (k <= 2776851))

table 5 : explain SELECT k, c FROM sbtest5 WHERE k BETWEEN 2776751 AND 2776851
	Bitmap Heap Scan on sbtest5  (cost=5.38..369.95 rows=92 width=125)
	  Recheck Cond: ((k >= 2776751) AND (k <= 2776851))
	  ->  Bitmap Index Scan on k_5  (cost=0.00..5.35 rows=92 width=0)
	        Index Cond: ((k >= 2776751) AND (k <= 2776851))

table 6 : explain SELECT k, c FROM sbtest6 WHERE k BETWEEN 2776751 AND 2776851
	Bitmap Heap Scan on sbtest6  (cost=5.49..413.31 rows=103 width=125)
	  Recheck Cond: ((k >= 2776751) AND (k <= 2776851))
	  ->  Bitmap Index Scan on k_6  (cost=0.00..5.46 rows=103 width=0)
	        Index Cond: ((k >= 2776751) AND (k <= 2776851))

table 7 : explain SELECT k, c FROM sbtest7 WHERE k BETWEEN 2776751 AND 2776851
	Bitmap Heap Scan on sbtest7  (cost=5.54..433.06 rows=108 width=125)
	  Recheck Cond: ((k >= 2776751) AND (k <= 2776851))
	  ->  Bitmap Index Scan on k_7  (cost=0.00..5.51 rows=108 width=0)
	        Index Cond: ((k >= 2776751) AND (k <= 2776851))

table 8 : explain SELECT k, c FROM sbtest8 WHERE k BETWEEN 2776751 AND 2776851
	Bitmap Heap Scan on sbtest8  (cost=5.54..433.05 rows=108 width=125)
	  Recheck Cond: ((k >= 2776751) AND (k <= 2776851))
	  ->  Bitmap Index Scan on k_8  (cost=0.00..5.51 rows=108 width=0)
	        Index Cond: ((k >= 2776751) AND (k <= 2776851))


for range-notcovered
table 1 : explain SELECT k, c FROM sbtest1 WHERE k BETWEEN 4506587 AND 4506687
	Bitmap Heap Scan on sbtest1  (cost=5.46..401.48 rows=100 width=125)
	  Recheck Cond: ((k >= 4506587) AND (k <= 4506687))
	  ->  Bitmap Index Scan on k_1  (cost=0.00..5.43 rows=100 width=0)
	        Index Cond: ((k >= 4506587) AND (k <= 4506687))

table 2 : explain SELECT k, c FROM sbtest2 WHERE k BETWEEN 4506587 AND 4506687
	Bitmap Heap Scan on sbtest2  (cost=5.51..421.18 rows=105 width=125)
	  Recheck Cond: ((k >= 4506587) AND (k <= 4506687))
	  ->  Bitmap Index Scan on k_2  (cost=0.00..5.48 rows=105 width=0)
	        Index Cond: ((k >= 4506587) AND (k <= 4506687))

table 3 : explain SELECT k, c FROM sbtest3 WHERE k BETWEEN 4506587 AND 4506687
	Bitmap Heap Scan on sbtest3  (cost=5.43..389.64 rows=97 width=125)
	  Recheck Cond: ((k >= 4506587) AND (k <= 4506687))
	  ->  Bitmap Index Scan on k_3  (cost=0.00..5.40 rows=97 width=0)
	        Index Cond: ((k >= 4506587) AND (k <= 4506687))

table 4 : explain SELECT k, c FROM sbtest4 WHERE k BETWEEN 4506587 AND 4506687
	Bitmap Heap Scan on sbtest4  (cost=5.37..365.97 rows=91 width=125)
	  Recheck Cond: ((k >= 4506587) AND (k <= 4506687))
	  ->  Bitmap Index Scan on k_4  (cost=0.00..5.34 rows=91 width=0)
	        Index Cond: ((k >= 4506587) AND (k <= 4506687))

table 5 : explain SELECT k, c FROM sbtest5 WHERE k BETWEEN 4506587 AND 4506687
	Bitmap Heap Scan on sbtest5  (cost=5.47..405.46 rows=101 width=125)
	  Recheck Cond: ((k >= 4506587) AND (k <= 4506687))
	  ->  Bitmap Index Scan on k_5  (cost=0.00..5.44 rows=101 width=0)
	        Index Cond: ((k >= 4506587) AND (k <= 4506687))

table 6 : explain SELECT k, c FROM sbtest6 WHERE k BETWEEN 4506587 AND 4506687
	Bitmap Heap Scan on sbtest6  (cost=5.59..452.71 rows=113 width=125)
	  Recheck Cond: ((k >= 4506587) AND (k <= 4506687))
	  ->  Bitmap Index Scan on k_6  (cost=0.00..5.56 rows=113 width=0)
	        Index Cond: ((k >= 4506587) AND (k <= 4506687))

table 7 : explain SELECT k, c FROM sbtest7 WHERE k BETWEEN 4506587 AND 4506687
	Bitmap Heap Scan on sbtest7  (cost=5.57..444.88 rows=111 width=125)
	  Recheck Cond: ((k >= 4506587) AND (k <= 4506687))
	  ->  Bitmap Index Scan on k_7  (cost=0.00..5.54 rows=111 width=0)
	        Index Cond: ((k >= 4506587) AND (k <= 4506687))

table 8 : explain SELECT k, c FROM sbtest8 WHERE k BETWEEN 4506587 AND 4506687
	Bitmap Heap Scan on sbtest8  (cost=5.40..377.85 rows=94 width=125)
	  Recheck Cond: ((k >= 4506587) AND (k <= 4506687))
	  ->  Bitmap Index Scan on k_8  (cost=0.00..5.38 rows=94 width=0)
	        Index Cond: ((k >= 4506587) AND (k <= 4506687))

for range-notcovered
table 1 : explain SELECT k, c FROM sbtest1 WHERE k BETWEEN 5027797 AND 5027897
	Bitmap Heap Scan on sbtest1  (cost=5.43..389.65 rows=97 width=125)
	  Recheck Cond: ((k >= 5027797) AND (k <= 5027897))
	  ->  Bitmap Index Scan on k_1  (cost=0.00..5.40 rows=97 width=0)
	        Index Cond: ((k >= 5027797) AND (k <= 5027897))

table 2 : explain SELECT k, c FROM sbtest2 WHERE k BETWEEN 5027797 AND 5027897
	Bitmap Heap Scan on sbtest2  (cost=5.49..413.29 rows=103 width=125)
	  Recheck Cond: ((k >= 5027797) AND (k <= 5027897))
	  ->  Bitmap Index Scan on k_2  (cost=0.00..5.46 rows=103 width=0)
	        Index Cond: ((k >= 5027797) AND (k <= 5027897))

table 3 : explain SELECT k, c FROM sbtest3 WHERE k BETWEEN 5027797 AND 5027897
	Bitmap Heap Scan on sbtest3  (cost=5.48..409.36 rows=102 width=125)
	  Recheck Cond: ((k >= 5027797) AND (k <= 5027897))
	  ->  Bitmap Index Scan on k_3  (cost=0.00..5.45 rows=102 width=0)
	        Index Cond: ((k >= 5027797) AND (k <= 5027897))

table 4 : explain SELECT k, c FROM sbtest4 WHERE k BETWEEN 5027797 AND 5027897
	Bitmap Heap Scan on sbtest4  (cost=5.48..409.35 rows=102 width=125)
	  Recheck Cond: ((k >= 5027797) AND (k <= 5027897))
	  ->  Bitmap Index Scan on k_4  (cost=0.00..5.45 rows=102 width=0)
	        Index Cond: ((k >= 5027797) AND (k <= 5027897))

table 5 : explain SELECT k, c FROM sbtest5 WHERE k BETWEEN 5027797 AND 5027897
	Bitmap Heap Scan on sbtest5  (cost=5.42..385.74 rows=96 width=125)
	  Recheck Cond: ((k >= 5027797) AND (k <= 5027897))
	  ->  Bitmap Index Scan on k_5  (cost=0.00..5.39 rows=96 width=0)
	        Index Cond: ((k >= 5027797) AND (k <= 5027897))

table 6 : explain SELECT k, c FROM sbtest6 WHERE k BETWEEN 5027797 AND 5027897
	Bitmap Heap Scan on sbtest6  (cost=5.49..413.31 rows=103 width=125)
	  Recheck Cond: ((k >= 5027797) AND (k <= 5027897))
	  ->  Bitmap Index Scan on k_6  (cost=0.00..5.46 rows=103 width=0)
	        Index Cond: ((k >= 5027797) AND (k <= 5027897))

table 7 : explain SELECT k, c FROM sbtest7 WHERE k BETWEEN 5027797 AND 5027897
	Bitmap Heap Scan on sbtest7  (cost=5.54..433.06 rows=108 width=125)
	  Recheck Cond: ((k >= 5027797) AND (k <= 5027897))
	  ->  Bitmap Index Scan on k_7  (cost=0.00..5.51 rows=108 width=0)
	        Index Cond: ((k >= 5027797) AND (k <= 5027897))

table 8 : explain SELECT k, c FROM sbtest8 WHERE k BETWEEN 5027797 AND 5027897
	Bitmap Heap Scan on sbtest8  (cost=5.41..381.79 rows=95 width=125)
	  Recheck Cond: ((k >= 5027797) AND (k <= 5027897))
	  ->  Bitmap Index Scan on k_8  (cost=0.00..5.38 rows=95 width=0)
	        Index Cond: ((k >= 5027797) AND (k <= 5027897))
explain: for range-notcovered :: explain SELECT k, c FROM sbtest%d WHERE k BETWEEN 6165910 AND 6166010
explain: for range-notcovered :: explain SELECT k, c FROM sbtest%d WHERE k BETWEEN 8303696 AND 8303796
explain: for range-notcovered :: explain SELECT k, c FROM sbtest%d WHERE k BETWEEN 4944192 AND 4944292
for range-notcovered
table 1 : explain SELECT k, c FROM sbtest1 WHERE k BETWEEN 8425699 AND 8425799
	Bitmap Heap Scan on sbtest1  (cost=5.41..381.76 rows=95 width=125)
	  Recheck Cond: ((k >= 8425699) AND (k <= 8425799))
	  ->  Bitmap Index Scan on k_1  (cost=0.00..5.38 rows=95 width=0)
	        Index Cond: ((k >= 8425699) AND (k <= 8425799))

table 2 : explain SELECT k, c FROM sbtest2 WHERE k BETWEEN 8425699 AND 8425799
	Bitmap Heap Scan on sbtest2  (cost=5.44..393.58 rows=98 width=125)
	  Recheck Cond: ((k >= 8425699) AND (k <= 8425799))
	  ->  Bitmap Index Scan on k_2  (cost=0.00..5.42 rows=98 width=0)
	        Index Cond: ((k >= 8425699) AND (k <= 8425799))

table 3 : explain SELECT k, c FROM sbtest3 WHERE k BETWEEN 8425699 AND 8425799
	Bitmap Heap Scan on sbtest3  (cost=5.51..421.18 rows=105 width=125)
	  Recheck Cond: ((k >= 8425699) AND (k <= 8425799))
	  ->  Bitmap Index Scan on k_3  (cost=0.00..5.48 rows=105 width=0)
	        Index Cond: ((k >= 8425699) AND (k <= 8425799))

table 4 : explain SELECT k, c FROM sbtest4 WHERE k BETWEEN 8425699 AND 8425799
	Bitmap Heap Scan on sbtest4  (cost=5.43..389.64 rows=97 width=125)
	  Recheck Cond: ((k >= 8425699) AND (k <= 8425799))
	  ->  Bitmap Index Scan on k_4  (cost=0.00..5.40 rows=97 width=0)
	        Index Cond: ((k >= 8425699) AND (k <= 8425799))

table 5 : explain SELECT k, c FROM sbtest5 WHERE k BETWEEN 8425699 AND 8425799
	Bitmap Heap Scan on sbtest5  (cost=5.46..401.51 rows=100 width=125)
	  Recheck Cond: ((k >= 8425699) AND (k <= 8425799))
	  ->  Bitmap Index Scan on k_5  (cost=0.00..5.43 rows=100 width=0)
	        Index Cond: ((k >= 8425699) AND (k <= 8425799))

table 6 : explain SELECT k, c FROM sbtest6 WHERE k BETWEEN 8425699 AND 8425799
	Bitmap Heap Scan on sbtest6  (cost=5.50..417.25 rows=104 width=125)
	  Recheck Cond: ((k >= 8425699) AND (k <= 8425799))
	  ->  Bitmap Index Scan on k_6  (cost=0.00..5.47 rows=104 width=0)
	        Index Cond: ((k >= 8425699) AND (k <= 8425799))

table 7 : explain SELECT k, c FROM sbtest7 WHERE k BETWEEN 8425699 AND 8425799
	Bitmap Heap Scan on sbtest7  (cost=5.49..413.35 rows=103 width=125)
	  Recheck Cond: ((k >= 8425699) AND (k <= 8425799))
	  ->  Bitmap Index Scan on k_7  (cost=0.00..5.46 rows=103 width=0)
	        Index Cond: ((k >= 8425699) AND (k <= 8425799))

table 8 : explain SELECT k, c FROM sbtest8 WHERE k BETWEEN 8425699 AND 8425799
	Bitmap Heap Scan on sbtest8  (cost=5.46..401.52 rows=100 width=125)
	  Recheck Cond: ((k >= 8425699) AND (k <= 8425799))
	  ->  Bitmap Index Scan on k_8  (cost=0.00..5.43 rows=100 width=0)
	        Index Cond: ((k >= 8425699) AND (k <= 8425799))


explain: for range-notcovered :: explain SELECT k, c FROM sbtest%d WHERE k BETWEEN 5746081 AND 5746181
explain: for range-notcovered :: explain SELECT k, c FROM sbtest%d WHERE k BETWEEN 2951443 AND 2951543
explain: for range-notcovered :: explain SELECT k, c FROM sbtest%d WHERE k BETWEEN 2776751 AND 2776851for range-notcovered
table 1 : explain SELECT k, c FROM sbtest1 WHERE k BETWEEN 4431349 AND 4431449
	Bitmap Heap Scan on sbtest1  (cost=5.52..425.13 rows=106 width=125)
	  Recheck Cond: ((k >= 4431349) AND (k <= 4431449))
	  ->  Bitmap Index Scan on k_1  (cost=0.00..5.50 rows=106 width=0)
	        Index Cond: ((k >= 4431349) AND (k <= 4431449))

table 2 : explain SELECT k, c FROM sbtest2 WHERE k BETWEEN 4431349 AND 4431449
	Bitmap Heap Scan on sbtest2  (cost=5.50..417.24 rows=104 width=125)
	  Recheck Cond: ((k >= 4431349) AND (k <= 4431449))
	  ->  Bitmap Index Scan on k_2  (cost=0.00..5.47 rows=104 width=0)
	        Index Cond: ((k >= 4431349) AND (k <= 4431449))

table 3 : explain SELECT k, c FROM sbtest3 WHERE k BETWEEN 4431349 AND 4431449
	Bitmap Heap Scan on sbtest3  (cost=5.43..389.64 rows=97 width=125)
	  Recheck Cond: ((k >= 4431349) AND (k <= 4431449))
	  ->  Bitmap Index Scan on k_3  (cost=0.00..5.40 rows=97 width=0)
	        Index Cond: ((k >= 4431349) AND (k <= 4431449))

table 4 : explain SELECT k, c FROM sbtest4 WHERE k BETWEEN 4431349 AND 4431449
	Bitmap Heap Scan on sbtest4  (cost=5.37..365.97 rows=91 width=125)
	  Recheck Cond: ((k >= 4431349) AND (k <= 4431449))
	  ->  Bitmap Index Scan on k_4  (cost=0.00..5.34 rows=91 width=0)
	        Index Cond: ((k >= 4431349) AND (k <= 4431449))

table 5 : explain SELECT k, c FROM sbtest5 WHERE k BETWEEN 4431349 AND 4431449
	Bitmap Heap Scan on sbtest5  (cost=5.47..405.46 rows=101 width=125)
	  Recheck Cond: ((k >= 4431349) AND (k <= 4431449))
	  ->  Bitmap Index Scan on k_5  (cost=0.00..5.44 rows=101 width=0)
	        Index Cond: ((k >= 4431349) AND (k <= 4431449))

table 6 : explain SELECT k, c FROM sbtest6 WHERE k BETWEEN 4431349 AND 4431449
	Bitmap Heap Scan on sbtest6  (cost=5.40..377.82 rows=94 width=125)
	  Recheck Cond: ((k >= 4431349) AND (k <= 4431449))
	  ->  Bitmap Index Scan on k_6  (cost=0.00..5.38 rows=94 width=0)
	        Index Cond: ((k >= 4431349) AND (k <= 4431449))

table 7 : explain SELECT k, c FROM sbtest7 WHERE k BETWEEN 4431349 AND 4431449
	Bitmap Heap Scan on sbtest7  (cost=5.46..401.52 rows=100 width=125)
	  Recheck Cond: ((k >= 4431349) AND (k <= 4431449))
	  ->  Bitmap Index Scan on k_7  (cost=0.00..5.43 rows=100 width=0)
	        Index Cond: ((k >= 4431349) AND (k <= 4431449))

table 8 : explain SELECT k, c FROM sbtest8 WHERE k BETWEEN 4431349 AND 4431449
	Bitmap Heap Scan on sbtest8  (cost=5.40..377.85 rows=94 width=125)
	  Recheck Cond: ((k >= 4431349) AND (k <= 4431449))
	  ->  Bitmap Index Scan on k_8  (cost=0.00..5.38 rows=94 width=0)
	        Index Cond: ((k >= 4431349) AND (k <= 4431449))

for range-notcovered
table 1 : explain SELECT k, c FROM sbtest1 WHERE k BETWEEN 3027490 AND 3027590
	Bitmap Heap Scan on sbtest1  (cost=5.47..405.42 rows=101 width=125)
	  Recheck Cond: ((k >= 3027490) AND (k <= 3027590))
	  ->  Bitmap Index Scan on k_1  (cost=0.00..5.44 rows=101 width=0)
	        Index Cond: ((k >= 3027490) AND (k <= 3027590))

table 2 : explain SELECT k, c FROM sbtest2 WHERE k BETWEEN 3027490 AND 3027590
	Bitmap Heap Scan on sbtest2  (cost=5.50..417.24 rows=104 width=125)
	  Recheck Cond: ((k >= 3027490) AND (k <= 3027590))
	  ->  Bitmap Index Scan on k_2  (cost=0.00..5.47 rows=104 width=0)
	        Index Cond: ((k >= 3027490) AND (k <= 3027590))

table 3 : explain SELECT k, c FROM sbtest3 WHERE k BETWEEN 3027490 AND 3027590
	Bitmap Heap Scan on sbtest3  (cost=5.38..369.91 rows=92 width=125)
	  Recheck Cond: ((k >= 3027490) AND (k <= 3027590))
	  ->  Bitmap Index Scan on k_3  (cost=0.00..5.35 rows=92 width=0)
	        Index Cond: ((k >= 3027490) AND (k <= 3027590))

table 4 : explain SELECT k, c FROM sbtest4 WHERE k BETWEEN 3027490 AND 3027590
	Bitmap Heap Scan on sbtest4  (cost=5.43..389.64 rows=97 width=125)
	  Recheck Cond: ((k >= 3027490) AND (k <= 3027590))
	  ->  Bitmap Index Scan on k_4  (cost=0.00..5.40 rows=97 width=0)
	        Index Cond: ((k >= 3027490) AND (k <= 3027590))

table 5 : explain SELECT k, c FROM sbtest5 WHERE k BETWEEN 3027490 AND 3027590
	Bitmap Heap Scan on sbtest5  (cost=5.45..397.57 rows=99 width=125)
	  Recheck Cond: ((k >= 3027490) AND (k <= 3027590))
	  ->  Bitmap Index Scan on k_5  (cost=0.00..5.42 rows=99 width=0)
	        Index Cond: ((k >= 3027490) AND (k <= 3027590))

table 6 : explain SELECT k, c FROM sbtest6 WHERE k BETWEEN 3027490 AND 3027590
	Bitmap Heap Scan on sbtest6  (cost=5.50..417.25 rows=104 width=125)
	  Recheck Cond: ((k >= 3027490) AND (k <= 3027590))
	  ->  Bitmap Index Scan on k_6  (cost=0.00..5.47 rows=104 width=0)
	        Index Cond: ((k >= 3027490) AND (k <= 3027590))

table 7 : explain SELECT k, c FROM sbtest7 WHERE k BETWEEN 3027490 AND 3027590
	Bitmap Heap Scan on sbtest7  (cost=5.44..393.63 rows=98 width=125)
	  Recheck Cond: ((k >= 3027490) AND (k <= 3027590))
	  ->  Bitmap Index Scan on k_7  (cost=0.00..5.42 rows=98 width=0)
	        Index Cond: ((k >= 3027490) AND (k <= 3027590))

table 8 : explain SELECT k, c FROM sbtest8 WHERE k BETWEEN 3027490 AND 3027590
	Bitmap Heap Scan on sbtest8  (cost=5.51..421.23 rows=105 width=125)
	  Recheck Cond: ((k >= 3027490) AND (k <= 3027590))
	  ->  Bitmap Index Scan on k_8  (cost=0.00..5.48 rows=105 width=0)
	        Index Cond: ((k >= 3027490) AND (k <= 3027590))

for range-notcovered
table 1 : explain SELECT k, c FROM sbtest1 WHERE k BETWEEN 2353440 AND 2353540
	Bitmap Heap Scan on sbtest1  (cost=5.50..417.24 rows=104 width=125)
	  Recheck Cond: ((k >= 2353440) AND (k <= 2353540))
	  ->  Bitmap Index Scan on k_1  (cost=0.00..5.47 rows=104 width=0)
	        Index Cond: ((k >= 2353440) AND (k <= 2353540))

table 2 : explain SELECT k, c FROM sbtest2 WHERE k BETWEEN 2353440 AND 2353540
	Bitmap Heap Scan on sbtest2  (cost=5.41..381.75 rows=95 width=125)
	  Recheck Cond: ((k >= 2353440) AND (k <= 2353540))
	  ->  Bitmap Index Scan on k_2  (cost=0.00..5.38 rows=95 width=0)
	        Index Cond: ((k >= 2353440) AND (k <= 2353540))

table 3 : explain SELECT k, c FROM sbtest3 WHERE k BETWEEN 2353440 AND 2353540
	Bitmap Heap Scan on sbtest3  (cost=5.57..444.82 rows=111 width=125)
	  Recheck Cond: ((k >= 2353440) AND (k <= 2353540))
	  ->  Bitmap Index Scan on k_3  (cost=0.00..5.54 rows=111 width=0)
	        Index Cond: ((k >= 2353440) AND (k <= 2353540))

table 4 : explain SELECT k, c FROM sbtest4 WHERE k BETWEEN 2353440 AND 2353540
	Bitmap Heap Scan on sbtest4  (cost=5.55..436.94 rows=109 width=125)
	  Recheck Cond: ((k >= 2353440) AND (k <= 2353540))
	  ->  Bitmap Index Scan on k_4  (cost=0.00..5.52 rows=109 width=0)
	        Index Cond: ((k >= 2353440) AND (k <= 2353540))

table 5 : explain SELECT k, c FROM sbtest5 WHERE k BETWEEN 2353440 AND 2353540
	Bitmap Heap Scan on sbtest5  (cost=5.42..385.74 rows=96 width=125)
	  Recheck Cond: ((k >= 2353440) AND (k <= 2353540))
	  ->  Bitmap Index Scan on k_5  (cost=0.00..5.39 rows=96 width=0)
	        Index Cond: ((k >= 2353440) AND (k <= 2353540))

table 6 : explain SELECT k, c FROM sbtest6 WHERE k BETWEEN 2353440 AND 2353540
	Bitmap Heap Scan on sbtest6  (cost=5.45..397.54 rows=99 width=125)
	  Recheck Cond: ((k >= 2353440) AND (k <= 2353540))
	  ->  Bitmap Index Scan on k_6  (cost=0.00..5.42 rows=99 width=0)
	        Index Cond: ((k >= 2353440) AND (k <= 2353540))

table 7 : explain SELECT k, c FROM sbtest7 WHERE k BETWEEN 2353440 AND 2353540
	Bitmap Heap Scan on sbtest7  (cost=5.56..440.94 rows=110 width=125)
	  Recheck Cond: ((k >= 2353440) AND (k <= 2353540))
	  ->  Bitmap Index Scan on k_7  (cost=0.00..5.53 rows=110 width=0)
	        Index Cond: ((k >= 2353440) AND (k <= 2353540))

table 8 : explain SELECT k, c FROM sbtest8 WHERE k BETWEEN 2353440 AND 2353540
	Bitmap Heap Scan on sbtest8  (cost=5.49..413.34 rows=103 width=125)
	  Recheck Cond: ((k >= 2353440) AND (k <= 2353540))
	  ->  Bitmap Index Scan on k_8  (cost=0.00..5.46 rows=103 width=0)
	        Index Cond: ((k >= 2353440) AND (k <= 2353540))

explain: for range-notcovered :: explain SELECT k, c FROM sbtest%d WHERE k BETWEEN 5027797 AND 5027897

for range-notcovered
table 1 : explain SELECT k, c FROM sbtest1 WHERE k BETWEEN 4461436 AND 4461536
	Bitmap Heap Scan on sbtest1  (cost=5.52..425.13 rows=106 width=125)
	  Recheck Cond: ((k >= 4461436) AND (k <= 4461536))
	  ->  Bitmap Index Scan on k_1  (cost=0.00..5.50 rows=106 width=0)
	        Index Cond: ((k >= 4461436) AND (k <= 4461536))

table 2 : explain SELECT k, c FROM sbtest2 WHERE k BETWEEN 4461436 AND 4461536
	Bitmap Heap Scan on sbtest2  (cost=5.50..417.24 rows=104 width=125)
	  Recheck Cond: ((k >= 4461436) AND (k <= 4461536))
	  ->  Bitmap Index Scan on k_2  (cost=0.00..5.47 rows=104 width=0)
	        Index Cond: ((k >= 4461436) AND (k <= 4461536))

table 3 : explain SELECT k, c FROM sbtest3 WHERE k BETWEEN 4461436 AND 4461536
	Bitmap Heap Scan on sbtest3  (cost=5.43..389.64 rows=97 width=125)
	  Recheck Cond: ((k >= 4461436) AND (k <= 4461536))
	  ->  Bitmap Index Scan on k_3  (cost=0.00..5.40 rows=97 width=0)
	        Index Cond: ((k >= 4461436) AND (k <= 4461536))

table 4 : explain SELECT k, c FROM sbtest4 WHERE k BETWEEN 4461436 AND 4461536
	Bitmap Heap Scan on sbtest4  (cost=5.37..365.97 rows=91 width=125)
	  Recheck Cond: ((k >= 4461436) AND (k <= 4461536))
	  ->  Bitmap Index Scan on k_4  (cost=0.00..5.34 rows=91 width=0)
	        Index Cond: ((k >= 4461436) AND (k <= 4461536))

table 5 : explain SELECT k, c FROM sbtest5 WHERE k BETWEEN 4461436 AND 4461536
	Bitmap Heap Scan on sbtest5  (cost=5.47..405.46 rows=101 width=125)
	  Recheck Cond: ((k >= 4461436) AND (k <= 4461536))
	  ->  Bitmap Index Scan on k_5  (cost=0.00..5.44 rows=101 width=0)
	        Index Cond: ((k >= 4461436) AND (k <= 4461536))

table 6 : explain SELECT k, c FROM sbtest6 WHERE k BETWEEN 4461436 AND 4461536
	Bitmap Heap Scan on sbtest6  (cost=5.40..377.82 rows=94 width=125)
	  Recheck Cond: ((k >= 4461436) AND (k <= 4461536))
	  ->  Bitmap Index Scan on k_6  (cost=0.00..5.38 rows=94 width=0)
	        Index Cond: ((k >= 4461436) AND (k <= 4461536))

table 7 : explain SELECT k, c FROM sbtest7 WHERE k BETWEEN 4461436 AND 4461536
	Bitmap Heap Scan on sbtest7  (cost=5.57..444.88 rows=111 width=125)
	  Recheck Cond: ((k >= 4461436) AND (k <= 4461536))
	  ->  Bitmap Index Scan on k_7  (cost=0.00..5.54 rows=111 width=0)
	        Index Cond: ((k >= 4461436) AND (k <= 4461536))

table 8 : explain SELECT k, c FROM sbtest8 WHERE k BETWEEN 4461436 AND 4461536
	Bitmap Heap Scan on sbtest8  (cost=5.40..377.85 rows=94 width=125)
	  Recheck Cond: ((k >= 4461436) AND (k <= 4461536))
	  ->  Bitmap Index Scan on k_8  (cost=0.00..5.38 rows=94 width=0)
	        Index Cond: ((k >= 4461436) AND (k <= 4461536))

explain: for range-notcovered :: explain SELECT k, c FROM sbtest%d WHERE k BETWEEN 4506587 AND 4506687explain: for range-notcovered :: explain SELECT k, c FROM sbtest%d WHERE k BETWEEN 3027490 AND 3027590
explain: for range-notcovered :: explain SELECT k, c FROM sbtest%d WHERE k BETWEEN 8425699 AND 8425799for range-notcovered
table 1 : explain SELECT k, c FROM sbtest1 WHERE k BETWEEN 6262792 AND 6262892
	Bitmap Heap Scan on sbtest1  (cost=5.35..358.08 rows=89 width=125)
	  Recheck Cond: ((k >= 6262792) AND (k <= 6262892))
	  ->  Bitmap Index Scan on k_1  (cost=0.00..5.32 rows=89 width=0)
	        Index Cond: ((k >= 6262792) AND (k <= 6262892))

table 2 : explain SELECT k, c FROM sbtest2 WHERE k BETWEEN 6262792 AND 6262892
	Bitmap Heap Scan on sbtest2  (cost=5.49..413.29 rows=103 width=125)
	  Recheck Cond: ((k >= 6262792) AND (k <= 6262892))
	  ->  Bitmap Index Scan on k_2  (cost=0.00..5.46 rows=103 width=0)
	        Index Cond: ((k >= 6262792) AND (k <= 6262892))

table 3 : explain SELECT k, c FROM sbtest3 WHERE k BETWEEN 6262792 AND 6262892
	Bitmap Heap Scan on sbtest3  (cost=5.50..417.24 rows=104 width=125)
	  Recheck Cond: ((k >= 6262792) AND (k <= 6262892))
	  ->  Bitmap Index Scan on k_3  (cost=0.00..5.47 rows=104 width=0)
	        Index Cond: ((k >= 6262792) AND (k <= 6262892))

table 4 : explain SELECT k, c FROM sbtest4 WHERE k BETWEEN 6262792 AND 6262892
	Bitmap Heap Scan on sbtest4  (cost=5.49..413.30 rows=103 width=125)
	  Recheck Cond: ((k >= 6262792) AND (k <= 6262892))
	  ->  Bitmap Index Scan on k_4  (cost=0.00..5.46 rows=103 width=0)
	        Index Cond: ((k >= 6262792) AND (k <= 6262892))

table 5 : explain SELECT k, c FROM sbtest5 WHERE k BETWEEN 6262792 AND 6262892
	Bitmap Heap Scan on sbtest5  (cost=5.44..393.62 rows=98 width=125)
	  Recheck Cond: ((k >= 6262792) AND (k <= 6262892))
	  ->  Bitmap Index Scan on k_5  (cost=0.00..5.42 rows=98 width=0)
	        Index Cond: ((k >= 6262792) AND (k <= 6262892))

table 6 : explain SELECT k, c FROM sbtest6 WHERE k BETWEEN 6262792 AND 6262892
	Bitmap Heap Scan on sbtest6  (cost=5.47..405.43 rows=101 width=125)
	  Recheck Cond: ((k >= 6262792) AND (k <= 6262892))
	  ->  Bitmap Index Scan on k_6  (cost=0.00..5.44 rows=101 width=0)
	        Index Cond: ((k >= 6262792) AND (k <= 6262892))

table 7 : explain SELECT k, c FROM sbtest7 WHERE k BETWEEN 6262792 AND 6262892
	Bitmap Heap Scan on sbtest7  (cost=5.42..385.74 rows=96 width=125)
	  Recheck Cond: ((k >= 6262792) AND (k <= 6262892))
	  ->  Bitmap Index Scan on k_7  (cost=0.00..5.39 rows=96 width=0)
	        Index Cond: ((k >= 6262792) AND (k <= 6262892))

table 8 : explain SELECT k, c FROM sbtest8 WHERE k BETWEEN 6262792 AND 6262892
	Bitmap Heap Scan on sbtest8  (cost=5.51..421.23 rows=105 width=125)
	  Recheck Cond: ((k >= 6262792) AND (k <= 6262892))
	  ->  Bitmap Index Scan on k_8  (cost=0.00..5.48 rows=105 width=0)
	        Index Cond: ((k >= 6262792) AND (k <= 6262892))

explain: for range-notcovered :: explain SELECT k, c FROM sbtest%d WHERE k BETWEEN 4431349 AND 4431449

for range-notcovered
table 1 : explain SELECT k, c FROM sbtest1 WHERE k BETWEEN 2407929 AND 2408029
	Bitmap Heap Scan on sbtest1  (cost=5.41..381.76 rows=95 width=125)
	  Recheck Cond: ((k >= 2407929) AND (k <= 2408029))
	  ->  Bitmap Index Scan on k_1  (cost=0.00..5.38 rows=95 width=0)
	        Index Cond: ((k >= 2407929) AND (k <= 2408029))

table 2 : explain SELECT k, c FROM sbtest2 WHERE k BETWEEN 2407929 AND 2408029
	Bitmap Heap Scan on sbtest2  (cost=5.41..381.75 rows=95 width=125)
	  Recheck Cond: ((k >= 2407929) AND (k <= 2408029))
	  ->  Bitmap Index Scan on k_2  (cost=0.00..5.38 rows=95 width=0)
	        Index Cond: ((k >= 2407929) AND (k <= 2408029))

table 3 : explain SELECT k, c FROM sbtest3 WHERE k BETWEEN 2407929 AND 2408029
	Bitmap Heap Scan on sbtest3  (cost=5.57..444.82 rows=111 width=125)
	  Recheck Cond: ((k >= 2407929) AND (k <= 2408029))
	  ->  Bitmap Index Scan on k_3  (cost=0.00..5.54 rows=111 width=0)
	        Index Cond: ((k >= 2407929) AND (k <= 2408029))

table 4 : explain SELECT k, c FROM sbtest4 WHERE k BETWEEN 2407929 AND 2408029
	Bitmap Heap Scan on sbtest4  (cost=5.55..436.94 rows=109 width=125)
	  Recheck Cond: ((k >= 2407929) AND (k <= 2408029))
	  ->  Bitmap Index Scan on k_4  (cost=0.00..5.52 rows=109 width=0)
	        Index Cond: ((k >= 2407929) AND (k <= 2408029))

table 5 : explain SELECT k, c FROM sbtest5 WHERE k BETWEEN 2407929 AND 2408029
	Bitmap Heap Scan on sbtest5  (cost=5.42..385.74 rows=96 width=125)
	  Recheck Cond: ((k >= 2407929) AND (k <= 2408029))
	  ->  Bitmap Index Scan on k_5  (cost=0.00..5.39 rows=96 width=0)
	        Index Cond: ((k >= 2407929) AND (k <= 2408029))

table 6 : explain SELECT k, c FROM sbtest6 WHERE k BETWEEN 2407929 AND 2408029
	Bitmap Heap Scan on sbtest6  (cost=5.41..381.76 rows=95 width=125)
	  Recheck Cond: ((k >= 2407929) AND (k <= 2408029))
	  ->  Bitmap Index Scan on k_6  (cost=0.00..5.38 rows=95 width=0)
	        Index Cond: ((k >= 2407929) AND (k <= 2408029))

table 7 : explain SELECT k, c FROM sbtest7 WHERE k BETWEEN 2407929 AND 2408029
	Bitmap Heap Scan on sbtest7  (cost=5.51..421.23 rows=105 width=125)
	  Recheck Cond: ((k >= 2407929) AND (k <= 2408029))
	  ->  Bitmap Index Scan on k_7  (cost=0.00..5.48 rows=105 width=0)
	        Index Cond: ((k >= 2407929) AND (k <= 2408029))

table 8 : explain SELECT k, c FROM sbtest8 WHERE k BETWEEN 2407929 AND 2408029
	Bitmap Heap Scan on sbtest8  (cost=5.50..417.29 rows=104 width=125)
	  Recheck Cond: ((k >= 2407929) AND (k <= 2408029))
	  ->  Bitmap Index Scan on k_8  (cost=0.00..5.47 rows=104 width=0)
	        Index Cond: ((k >= 2407929) AND (k <= 2408029))

explain: for range-notcovered :: explain SELECT k, c FROM sbtest%d WHERE k BETWEEN 2353440 AND 2353540

for range-notcovered
table 1 : explain SELECT k, c FROM sbtest1 WHERE k BETWEEN 8009198 AND 8009298
	Bitmap Heap Scan on sbtest1  (cost=5.45..397.53 rows=99 width=125)
	  Recheck Cond: ((k >= 8009198) AND (k <= 8009298))
	  ->  Bitmap Index Scan on k_1  (cost=0.00..5.42 rows=99 width=0)
	        Index Cond: ((k >= 8009198) AND (k <= 8009298))

table 2 : explain SELECT k, c FROM sbtest2 WHERE k BETWEEN 8009198 AND 8009298
	Bitmap Heap Scan on sbtest2  (cost=5.49..413.29 rows=103 width=125)
	  Recheck Cond: ((k >= 8009198) AND (k <= 8009298))
	  ->  Bitmap Index Scan on k_2  (cost=0.00..5.46 rows=103 width=0)
	        Index Cond: ((k >= 8009198) AND (k <= 8009298))

table 3 : explain SELECT k, c FROM sbtest3 WHERE k BETWEEN 8009198 AND 8009298
	Bitmap Heap Scan on sbtest3  (cost=5.54..433.00 rows=108 width=125)
	  Recheck Cond: ((k >= 8009198) AND (k <= 8009298))
	  ->  Bitmap Index Scan on k_3  (cost=0.00..5.51 rows=108 width=0)
	        Index Cond: ((k >= 8009198) AND (k <= 8009298))

table 4 : explain SELECT k, c FROM sbtest4 WHERE k BETWEEN 8009198 AND 8009298
	Bitmap Heap Scan on sbtest4  (cost=5.52..425.12 rows=106 width=125)
	  Recheck Cond: ((k >= 8009198) AND (k <= 8009298))
	  ->  Bitmap Index Scan on k_4  (cost=0.00..5.50 rows=106 width=0)
	        Index Cond: ((k >= 8009198) AND (k <= 8009298))

table 5 : explain SELECT k, c FROM sbtest5 WHERE k BETWEEN 8009198 AND 8009298
	Bitmap Heap Scan on sbtest5  (cost=5.45..397.57 rows=99 width=125)
	  Recheck Cond: ((k >= 8009198) AND (k <= 8009298))
	  ->  Bitmap Index Scan on k_5  (cost=0.00..5.42 rows=99 width=0)
	        Index Cond: ((k >= 8009198) AND (k <= 8009298))

table 6 : explain SELECT k, c FROM sbtest6 WHERE k BETWEEN 8009198 AND 8009298
	Bitmap Heap Scan on sbtest6  (cost=5.51..421.19 rows=105 width=125)
	  Recheck Cond: ((k >= 8009198) AND (k <= 8009298))
	  ->  Bitmap Index Scan on k_6  (cost=0.00..5.48 rows=105 width=0)
	        Index Cond: ((k >= 8009198) AND (k <= 8009298))

table 7 : explain SELECT k, c FROM sbtest7 WHERE k BETWEEN 8009198 AND 8009298
	Bitmap Heap Scan on sbtest7  (cost=5.46..401.52 rows=100 width=125)
	  Recheck Cond: ((k >= 8009198) AND (k <= 8009298))
	  ->  Bitmap Index Scan on k_7  (cost=0.00..5.43 rows=100 width=0)
	        Index Cond: ((k >= 8009198) AND (k <= 8009298))

table 8 : explain SELECT k, c FROM sbtest8 WHERE k BETWEEN 8009198 AND 8009298
	Bitmap Heap Scan on sbtest8  (cost=5.47..405.46 rows=101 width=125)
	  Recheck Cond: ((k >= 8009198) AND (k <= 8009298))
	  ->  Bitmap Index Scan on k_8  (cost=0.00..5.44 rows=101 width=0)
	        Index Cond: ((k >= 8009198) AND (k <= 8009298))
for range-notcovered
table 1 : explain SELECT k, c FROM sbtest1 WHERE k BETWEEN 7081738 AND 7081838
	Bitmap Heap Scan on sbtest1  (cost=5.53..429.07 rows=107 width=125)
	  Recheck Cond: ((k >= 7081738) AND (k <= 7081838))
	  ->  Bitmap Index Scan on k_1  (cost=0.00..5.50 rows=107 width=0)
	        Index Cond: ((k >= 7081738) AND (k <= 7081838))

table 2 : explain SELECT k, c FROM sbtest2 WHERE k BETWEEN 7081738 AND 7081838
	Bitmap Heap Scan on sbtest2  (cost=5.46..401.47 rows=100 width=125)
	  Recheck Cond: ((k >= 7081738) AND (k <= 7081838))
	  ->  Bitmap Index Scan on k_2  (cost=0.00..5.43 rows=100 width=0)
	        Index Cond: ((k >= 7081738) AND (k <= 7081838))

table 3 : explain SELECT k, c FROM sbtest3 WHERE k BETWEEN 7081738 AND 7081838
	Bitmap Heap Scan on sbtest3  (cost=5.63..468.44 rows=117 width=125)
	  Recheck Cond: ((k >= 7081738) AND (k <= 7081838))
	  ->  Bitmap Index Scan on k_3  (cost=0.00..5.60 rows=117 width=0)
	        Index Cond: ((k >= 7081738) AND (k <= 7081838))

table 4 : explain SELECT k, c FROM sbtest4 WHERE k BETWEEN 7081738 AND 7081838
	Bitmap Heap Scan on sbtest4  (cost=5.60..456.63 rows=114 width=125)
	  Recheck Cond: ((k >= 7081738) AND (k <= 7081838))
	  ->  Bitmap Index Scan on k_4  (cost=0.00..5.58 rows=114 width=0)
	        Index Cond: ((k >= 7081738) AND (k <= 7081838))

table 5 : explain SELECT k, c FROM sbtest5 WHERE k BETWEEN 7081738 AND 7081838
	Bitmap Heap Scan on sbtest5  (cost=5.45..397.57 rows=99 width=125)
	  Recheck Cond: ((k >= 7081738) AND (k <= 7081838))
	  ->  Bitmap Index Scan on k_5  (cost=0.00..5.42 rows=99 width=0)
	        Index Cond: ((k >= 7081738) AND (k <= 7081838))

table 6 : explain SELECT k, c FROM sbtest6 WHERE k BETWEEN 7081738 AND 7081838
	Bitmap Heap Scan on sbtest6  (cost=5.40..377.82 rows=94 width=125)
	  Recheck Cond: ((k >= 7081738) AND (k <= 7081838))
	  ->  Bitmap Index Scan on k_6  (cost=0.00..5.38 rows=94 width=0)
	        Index Cond: ((k >= 7081738) AND (k <= 7081838))

table 7 : explain SELECT k, c FROM sbtest7 WHERE k BETWEEN 7081738 AND 7081838
	Bitmap Heap Scan on sbtest7  (cost=5.52..425.17 rows=106 width=125)
	  Recheck Cond: ((k >= 7081738) AND (k <= 7081838))
	  ->  Bitmap Index Scan on k_7  (cost=0.00..5.50 rows=106 width=0)
	        Index Cond: ((k >= 7081738) AND (k <= 7081838))

table 8 : explain SELECT k, c FROM sbtest8 WHERE k BETWEEN 7081738 AND 7081838
	Bitmap Heap Scan on sbtest8  (cost=5.36..362.06 rows=90 width=125)
	  Recheck Cond: ((k >= 7081738) AND (k <= 7081838))
	  ->  Bitmap Index Scan on k_8  (cost=0.00..5.33 rows=90 width=0)
	        Index Cond: ((k >= 7081738) AND (k <= 7081838))

explain: for range-notcovered :: explain SELECT k, c FROM sbtest%d WHERE k BETWEEN 4461436 AND 4461536
for range-notcovered
table 1 : explain SELECT k, c FROM sbtest1 WHERE k BETWEEN 4128757 AND 4128857
	Bitmap Heap Scan on sbtest1  (cost=5.49..413.30 rows=103 width=125)
	  Recheck Cond: ((k >= 4128757) AND (k <= 4128857))
	  ->  Bitmap Index Scan on k_1  (cost=0.00..5.46 rows=103 width=0)
	        Index Cond: ((k >= 4128757) AND (k <= 4128857))

table 2 : explain SELECT k, c FROM sbtest2 WHERE k BETWEEN 4128757 AND 4128857
	Bitmap Heap Scan on sbtest2  (cost=5.56..440.88 rows=110 width=125)
	  Recheck Cond: ((k >= 4128757) AND (k <= 4128857))
	  ->  Bitmap Index Scan on k_2  (cost=0.00..5.53 rows=110 width=0)
	        Index Cond: ((k >= 4128757) AND (k <= 4128857))

table 3 : explain SELECT k, c FROM sbtest3 WHERE k BETWEEN 4128757 AND 4128857
	Bitmap Heap Scan on sbtest3  (cost=5.48..409.36 rows=102 width=125)
	  Recheck Cond: ((k >= 4128757) AND (k <= 4128857))
	  ->  Bitmap Index Scan on k_3  (cost=0.00..5.45 rows=102 width=0)
	        Index Cond: ((k >= 4128757) AND (k <= 4128857))

table 4 : explain SELECT k, c FROM sbtest4 WHERE k BETWEEN 4128757 AND 4128857
	Bitmap Heap Scan on sbtest4  (cost=5.49..413.30 rows=103 width=125)
	  Recheck Cond: ((k >= 4128757) AND (k <= 4128857))
	  ->  Bitmap Index Scan on k_4  (cost=0.00..5.46 rows=103 width=0)
	        Index Cond: ((k >= 4128757) AND (k <= 4128857))

table 5 : explain SELECT k, c FROM sbtest5 WHERE k BETWEEN 4128757 AND 4128857
	Bitmap Heap Scan on sbtest5  (cost=5.41..381.79 rows=95 width=125)
	  Recheck Cond: ((k >= 4128757) AND (k <= 4128857))
	  ->  Bitmap Index Scan on k_5  (cost=0.00..5.38 rows=95 width=0)
	        Index Cond: ((k >= 4128757) AND (k <= 4128857))

table 6 : explain SELECT k, c FROM sbtest6 WHERE k BETWEEN 4128757 AND 4128857
	Bitmap Heap Scan on sbtest6  (cost=5.57..444.83 rows=111 width=125)
	  Recheck Cond: ((k >= 4128757) AND (k <= 4128857))
	  ->  Bitmap Index Scan on k_6  (cost=0.00..5.54 rows=111 width=0)
	        Index Cond: ((k >= 4128757) AND (k <= 4128857))

table 7 : explain SELECT k, c FROM sbtest7 WHERE k BETWEEN 4128757 AND 4128857
	Bitmap Heap Scan on sbtest7  (cost=5.50..417.29 rows=104 width=125)
	  Recheck Cond: ((k >= 4128757) AND (k <= 4128857))
	  ->  Bitmap Index Scan on k_7  (cost=0.00..5.47 rows=104 width=0)
	        Index Cond: ((k >= 4128757) AND (k <= 4128857))

table 8 : explain SELECT k, c FROM sbtest8 WHERE k BETWEEN 4128757 AND 4128857
	Bitmap Heap Scan on sbtest8  (cost=5.47..405.46 rows=101 width=125)
	  Recheck Cond: ((k >= 4128757) AND (k <= 4128857))
	  ->  Bitmap Index Scan on k_8  (cost=0.00..5.44 rows=101 width=0)
	        Index Cond: ((k >= 4128757) AND (k <= 4128857))

for range-notcovered
table 1 : explain SELECT k, c FROM sbtest1 WHERE k BETWEEN 2369435 AND 2369535
	Bitmap Heap Scan on sbtest1  (cost=5.50..417.24 rows=104 width=125)
	  Recheck Cond: ((k >= 2369435) AND (k <= 2369535))
	  ->  Bitmap Index Scan on k_1  (cost=0.00..5.47 rows=104 width=0)
	        Index Cond: ((k >= 2369435) AND (k <= 2369535))

table 2 : explain SELECT k, c FROM sbtest2 WHERE k BETWEEN 2369435 AND 2369535
	Bitmap Heap Scan on sbtest2  (cost=5.41..381.75 rows=95 width=125)
	  Recheck Cond: ((k >= 2369435) AND (k <= 2369535))
	  ->  Bitmap Index Scan on k_2  (cost=0.00..5.38 rows=95 width=0)
	        Index Cond: ((k >= 2369435) AND (k <= 2369535))

table 3 : explain SELECT k, c FROM sbtest3 WHERE k BETWEEN 2369435 AND 2369535
	Bitmap Heap Scan on sbtest3  (cost=5.57..444.82 rows=111 width=125)
	  Recheck Cond: ((k >= 2369435) AND (k <= 2369535))
	  ->  Bitmap Index Scan on k_3  (cost=0.00..5.54 rows=111 width=0)
	        Index Cond: ((k >= 2369435) AND (k <= 2369535))

table 4 : explain SELECT k, c FROM sbtest4 WHERE k BETWEEN 2369435 AND 2369535
	Bitmap Heap Scan on sbtest4  (cost=5.55..436.94 rows=109 width=125)
	  Recheck Cond: ((k >= 2369435) AND (k <= 2369535))
	  ->  Bitmap Index Scan on k_4  (cost=0.00..5.52 rows=109 width=0)
	        Index Cond: ((k >= 2369435) AND (k <= 2369535))

table 5 : explain SELECT k, c FROM sbtest5 WHERE k BETWEEN 2369435 AND 2369535
	Bitmap Heap Scan on sbtest5  (cost=5.42..385.74 rows=96 width=125)
	  Recheck Cond: ((k >= 2369435) AND (k <= 2369535))
	  ->  Bitmap Index Scan on k_5  (cost=0.00..5.39 rows=96 width=0)
	        Index Cond: ((k >= 2369435) AND (k <= 2369535))

table 6 : explain SELECT k, c FROM sbtest6 WHERE k BETWEEN 2369435 AND 2369535
	Bitmap Heap Scan on sbtest6  (cost=5.45..397.54 rows=99 width=125)
	  Recheck Cond: ((k >= 2369435) AND (k <= 2369535))
	  ->  Bitmap Index Scan on k_6  (cost=0.00..5.42 rows=99 width=0)
	        Index Cond: ((k >= 2369435) AND (k <= 2369535))

table 7 : explain SELECT k, c FROM sbtest7 WHERE k BETWEEN 2369435 AND 2369535
	Bitmap Heap Scan on sbtest7  (cost=5.56..440.94 rows=110 width=125)
	  Recheck Cond: ((k >= 2369435) AND (k <= 2369535))
	  ->  Bitmap Index Scan on k_7  (cost=0.00..5.53 rows=110 width=0)
	        Index Cond: ((k >= 2369435) AND (k <= 2369535))

table 8 : explain SELECT k, c FROM sbtest8 WHERE k BETWEEN 2369435 AND 2369535
	Bitmap Heap Scan on sbtest8  (cost=5.49..413.34 rows=103 width=125)
	  Recheck Cond: ((k >= 2369435) AND (k <= 2369535))
	  ->  Bitmap Index Scan on k_8  (cost=0.00..5.46 rows=103 width=0)
	        Index Cond: ((k >= 2369435) AND (k <= 2369535))

explain: for range-notcovered :: explain SELECT k, c FROM sbtest%d WHERE k BETWEEN 6262792 AND 6262892

for range-notcovered
table 1 : explain SELECT k, c FROM sbtest1 WHERE k BETWEEN 5346008 AND 5346108
	Bitmap Heap Scan on sbtest1  (cost=5.46..401.48 rows=100 width=125)
	  Recheck Cond: ((k >= 5346008) AND (k <= 5346108))
	  ->  Bitmap Index Scan on k_1  (cost=0.00..5.43 rows=100 width=0)
	        Index Cond: ((k >= 5346008) AND (k <= 5346108))

table 2 : explain SELECT k, c FROM sbtest2 WHERE k BETWEEN 5346008 AND 5346108
	Bitmap Heap Scan on sbtest2  (cost=5.47..405.41 rows=101 width=125)
	  Recheck Cond: ((k >= 5346008) AND (k <= 5346108))
	  ->  Bitmap Index Scan on k_2  (cost=0.00..5.44 rows=101 width=0)
	        Index Cond: ((k >= 5346008) AND (k <= 5346108))

table 3 : explain SELECT k, c FROM sbtest3 WHERE k BETWEEN 5346008 AND 5346108
	Bitmap Heap Scan on sbtest3  (cost=5.51..421.18 rows=105 width=125)
	  Recheck Cond: ((k >= 5346008) AND (k <= 5346108))
	  ->  Bitmap Index Scan on k_3  (cost=0.00..5.48 rows=105 width=0)
	        Index Cond: ((k >= 5346008) AND (k <= 5346108))

table 4 : explain SELECT k, c FROM sbtest4 WHERE k BETWEEN 5346008 AND 5346108
	Bitmap Heap Scan on sbtest4  (cost=5.55..436.94 rows=109 width=125)
	  Recheck Cond: ((k >= 5346008) AND (k <= 5346108))
	  ->  Bitmap Index Scan on k_4  (cost=0.00..5.52 rows=109 width=0)
	        Index Cond: ((k >= 5346008) AND (k <= 5346108))

table 5 : explain SELECT k, c FROM sbtest5 WHERE k BETWEEN 5346008 AND 5346108
	Bitmap Heap Scan on sbtest5  (cost=5.49..413.34 rows=103 width=125)
	  Recheck Cond: ((k >= 5346008) AND (k <= 5346108))
	  ->  Bitmap Index Scan on k_5  (cost=0.00..5.46 rows=103 width=0)
	        Index Cond: ((k >= 5346008) AND (k <= 5346108))

table 6 : explain SELECT k, c FROM sbtest6 WHERE k BETWEEN 5346008 AND 5346108
	Bitmap Heap Scan on sbtest6  (cost=5.54..433.02 rows=108 width=125)
	  Recheck Cond: ((k >= 5346008) AND (k <= 5346108))
	  ->  Bitmap Index Scan on k_6  (cost=0.00..5.51 rows=108 width=0)
	        Index Cond: ((k >= 5346008) AND (k <= 5346108))

table 7 : explain SELECT k, c FROM sbtest7 WHERE k BETWEEN 5346008 AND 5346108
	Bitmap Heap Scan on sbtest7  (cost=5.46..401.52 rows=100 width=125)
	  Recheck Cond: ((k >= 5346008) AND (k <= 5346108))
	  ->  Bitmap Index Scan on k_7  (cost=0.00..5.43 rows=100 width=0)
	        Index Cond: ((k >= 5346008) AND (k <= 5346108))

table 8 : explain SELECT k, c FROM sbtest8 WHERE k BETWEEN 5346008 AND 5346108
	Bitmap Heap Scan on sbtest8  (cost=5.50..417.29 rows=104 width=125)
	  Recheck Cond: ((k >= 5346008) AND (k <= 5346108))
	  ->  Bitmap Index Scan on k_8  (cost=0.00..5.47 rows=104 width=0)
	        Index Cond: ((k >= 5346008) AND (k <= 5346108))

explain: for range-notcovered :: explain SELECT k, c FROM sbtest%d WHERE k BETWEEN 2407929 AND 2408029
for range-notcovered
table 1 : explain SELECT k, c FROM sbtest1 WHERE k BETWEEN 3062718 AND 3062818
	Bitmap Heap Scan on sbtest1  (cost=5.47..405.42 rows=101 width=125)
	  Recheck Cond: ((k >= 3062718) AND (k <= 3062818))
	  ->  Bitmap Index Scan on k_1  (cost=0.00..5.44 rows=101 width=0)
	        Index Cond: ((k >= 3062718) AND (k <= 3062818))

table 2 : explain SELECT k, c FROM sbtest2 WHERE k BETWEEN 3062718 AND 3062818
	Bitmap Heap Scan on sbtest2  (cost=5.50..417.24 rows=104 width=125)
	  Recheck Cond: ((k >= 3062718) AND (k <= 3062818))
	  ->  Bitmap Index Scan on k_2  (cost=0.00..5.47 rows=104 width=0)
	        Index Cond: ((k >= 3062718) AND (k <= 3062818))

table 3 : explain SELECT k, c FROM sbtest3 WHERE k BETWEEN 3062718 AND 3062818
	Bitmap Heap Scan on sbtest3  (cost=5.38..369.91 rows=92 width=125)
	  Recheck Cond: ((k >= 3062718) AND (k <= 3062818))
	  ->  Bitmap Index Scan on k_3  (cost=0.00..5.35 rows=92 width=0)
	        Index Cond: ((k >= 3062718) AND (k <= 3062818))

table 4 : explain SELECT k, c FROM sbtest4 WHERE k BETWEEN 3062718 AND 3062818
	Bitmap Heap Scan on sbtest4  (cost=5.43..389.64 rows=97 width=125)
	  Recheck Cond: ((k >= 3062718) AND (k <= 3062818))
	  ->  Bitmap Index Scan on k_4  (cost=0.00..5.40 rows=97 width=0)
	        Index Cond: ((k >= 3062718) AND (k <= 3062818))

table 5 : explain SELECT k, c FROM sbtest5 WHERE k BETWEEN 3062718 AND 3062818
	Bitmap Heap Scan on sbtest5  (cost=5.45..397.57 rows=99 width=125)
	  Recheck Cond: ((k >= 3062718) AND (k <= 3062818))
	  ->  Bitmap Index Scan on k_5  (cost=0.00..5.42 rows=99 width=0)
	        Index Cond: ((k >= 3062718) AND (k <= 3062818))

table 6 : explain SELECT k, c FROM sbtest6 WHERE k BETWEEN 3062718 AND 3062818
	Bitmap Heap Scan on sbtest6  (cost=5.50..417.25 rows=104 width=125)
	  Recheck Cond: ((k >= 3062718) AND (k <= 3062818))
	  ->  Bitmap Index Scan on k_6  (cost=0.00..5.47 rows=104 width=0)
	        Index Cond: ((k >= 3062718) AND (k <= 3062818))

table 7 : explain SELECT k, c FROM sbtest7 WHERE k BETWEEN 3062718 AND 3062818
	Bitmap Heap Scan on sbtest7  (cost=5.44..393.63 rows=98 width=125)
	  Recheck Cond: ((k >= 3062718) AND (k <= 3062818))
	  ->  Bitmap Index Scan on k_7  (cost=0.00..5.42 rows=98 width=0)
	        Index Cond: ((k >= 3062718) AND (k <= 3062818))

table 8 : explain SELECT k, c FROM sbtest8 WHERE k BETWEEN 3062718 AND 3062818
	Bitmap Heap Scan on sbtest8  (cost=5.51..421.23 rows=105 width=125)
	  Recheck Cond: ((k >= 3062718) AND (k <= 3062818))
	  ->  Bitmap Index Scan on k_8  (cost=0.00..5.48 rows=105 width=0)
	        Index Cond: ((k >= 3062718) AND (k <= 3062818))

explain: for range-notcovered :: explain SELECT k, c FROM sbtest%d WHERE k BETWEEN 2369435 AND 2369535explain: for range-notcovered :: explain SELECT k, c FROM sbtest%d WHERE k BETWEEN 8009198 AND 8009298explain: for range-notcovered :: explain SELECT k, c FROM sbtest%d WHERE k BETWEEN 7081738 AND 7081838explain: for range-notcovered :: explain SELECT k, c FROM sbtest%d WHERE k BETWEEN 4128757 AND 4128857

explain: for range-notcovered :: explain SELECT k, c FROM sbtest%d WHERE k BETWEEN 5346008 AND 5346108


explain: for range-notcovered :: explain SELECT k, c FROM sbtest%d WHERE k BETWEEN 3062718 AND 3062818
for range-notcovered
table 1 : explain SELECT k, c FROM sbtest1 WHERE k BETWEEN 6190744 AND 6190844
	Bitmap Heap Scan on sbtest1  (cost=5.35..358.08 rows=89 width=125)
	  Recheck Cond: ((k >= 6190744) AND (k <= 6190844))
	  ->  Bitmap Index Scan on k_1  (cost=0.00..5.32 rows=89 width=0)
	        Index Cond: ((k >= 6190744) AND (k <= 6190844))

table 2 : explain SELECT k, c FROM sbtest2 WHERE k BETWEEN 6190744 AND 6190844
	Bitmap Heap Scan on sbtest2  (cost=5.49..413.29 rows=103 width=125)
	  Recheck Cond: ((k >= 6190744) AND (k <= 6190844))
	  ->  Bitmap Index Scan on k_2  (cost=0.00..5.46 rows=103 width=0)
	        Index Cond: ((k >= 6190744) AND (k <= 6190844))

table 3 : explain SELECT k, c FROM sbtest3 WHERE k BETWEEN 6190744 AND 6190844
	Bitmap Heap Scan on sbtest3  (cost=5.53..429.06 rows=107 width=125)
	  Recheck Cond: ((k >= 6190744) AND (k <= 6190844))
	  ->  Bitmap Index Scan on k_3  (cost=0.00..5.50 rows=107 width=0)
	        Index Cond: ((k >= 6190744) AND (k <= 6190844))

table 4 : explain SELECT k, c FROM sbtest4 WHERE k BETWEEN 6190744 AND 6190844
	Bitmap Heap Scan on sbtest4  (cost=5.48..409.35 rows=102 width=125)
	  Recheck Cond: ((k >= 6190744) AND (k <= 6190844))
	  ->  Bitmap Index Scan on k_4  (cost=0.00..5.45 rows=102 width=0)
	        Index Cond: ((k >= 6190744) AND (k <= 6190844))

table 5 : explain SELECT k, c FROM sbtest5 WHERE k BETWEEN 6190744 AND 6190844
	Bitmap Heap Scan on sbtest5  (cost=5.46..401.51 rows=100 width=125)
	  Recheck Cond: ((k >= 6190744) AND (k <= 6190844))
	  ->  Bitmap Index Scan on k_5  (cost=0.00..5.43 rows=100 width=0)
	        Index Cond: ((k >= 6190744) AND (k <= 6190844))

table 6 : explain SELECT k, c FROM sbtest6 WHERE k BETWEEN 6190744 AND 6190844
	Bitmap Heap Scan on sbtest6  (cost=5.47..405.43 rows=101 width=125)
	  Recheck Cond: ((k >= 6190744) AND (k <= 6190844))
	  ->  Bitmap Index Scan on k_6  (cost=0.00..5.44 rows=101 width=0)
	        Index Cond: ((k >= 6190744) AND (k <= 6190844))

table 7 : explain SELECT k, c FROM sbtest7 WHERE k BETWEEN 6190744 AND 6190844
	Bitmap Heap Scan on sbtest7  (cost=5.47..405.46 rows=101 width=125)
	  Recheck Cond: ((k >= 6190744) AND (k <= 6190844))
	  ->  Bitmap Index Scan on k_7  (cost=0.00..5.44 rows=101 width=0)
	        Index Cond: ((k >= 6190744) AND (k <= 6190844))

table 8 : explain SELECT k, c FROM sbtest8 WHERE k BETWEEN 6190744 AND 6190844
	Bitmap Heap Scan on sbtest8  (cost=5.53..429.11 rows=107 width=125)
	  Recheck Cond: ((k >= 6190744) AND (k <= 6190844))
	  ->  Bitmap Index Scan on k_8  (cost=0.00..5.50 rows=107 width=0)
	        Index Cond: ((k >= 6190744) AND (k <= 6190844))

explain: for range-notcovered :: explain SELECT k, c FROM sbtest%d WHERE k BETWEEN 3896990 AND 3897090
for range-notcovered
table 1 : explain SELECT k, c FROM sbtest1 WHERE k BETWEEN 5643096 AND 5643196
	Bitmap Heap Scan on sbtest1  (cost=5.51..421.19 rows=105 width=125)
	  Recheck Cond: ((k >= 5643096) AND (k <= 5643196))
	  ->  Bitmap Index Scan on k_1  (cost=0.00..5.48 rows=105 width=0)
	        Index Cond: ((k >= 5643096) AND (k <= 5643196))

table 2 : explain SELECT k, c FROM sbtest2 WHERE k BETWEEN 5643096 AND 5643196
	Bitmap Heap Scan on sbtest2  (cost=5.69..488.12 rows=122 width=125)
	  Recheck Cond: ((k >= 5643096) AND (k <= 5643196))
	  ->  Bitmap Index Scan on k_2  (cost=0.00..5.65 rows=122 width=0)
	        Index Cond: ((k >= 5643096) AND (k <= 5643196))

table 3 : explain SELECT k, c FROM sbtest3 WHERE k BETWEEN 5643096 AND 5643196
	Bitmap Heap Scan on sbtest3  (cost=5.51..421.18 rows=105 width=125)
	  Recheck Cond: ((k >= 5643096) AND (k <= 5643196))
	  ->  Bitmap Index Scan on k_3  (cost=0.00..5.48 rows=105 width=0)
	        Index Cond: ((k >= 5643096) AND (k <= 5643196))

table 4 : explain SELECT k, c FROM sbtest4 WHERE k BETWEEN 5643096 AND 5643196
	Bitmap Heap Scan on sbtest4  (cost=5.55..436.94 rows=109 width=125)
	  Recheck Cond: ((k >= 5643096) AND (k <= 5643196))
	  ->  Bitmap Index Scan on k_4  (cost=0.00..5.52 rows=109 width=0)
	        Index Cond: ((k >= 5643096) AND (k <= 5643196))

table 5 : explain SELECT k, c FROM sbtest5 WHERE k BETWEEN 5643096 AND 5643196
	Bitmap Heap Scan on sbtest5  (cost=5.44..393.62 rows=98 width=125)
	  Recheck Cond: ((k >= 5643096) AND (k <= 5643196))
	  ->  Bitmap Index Scan on k_5  (cost=0.00..5.42 rows=98 width=0)
	        Index Cond: ((k >= 5643096) AND (k <= 5643196))

table 6 : explain SELECT k, c FROM sbtest6 WHERE k BETWEEN 5643096 AND 5643196
	Bitmap Heap Scan on sbtest6  (cost=5.50..417.25 rows=104 width=125)
	  Recheck Cond: ((k >= 5643096) AND (k <= 5643196))
	  ->  Bitmap Index Scan on k_6  (cost=0.00..5.47 rows=104 width=0)
	        Index Cond: ((k >= 5643096) AND (k <= 5643196))

table 7 : explain SELECT k, c FROM sbtest7 WHERE k BETWEEN 5643096 AND 5643196
	Bitmap Heap Scan on sbtest7  (cost=5.48..409.41 rows=102 width=125)
	  Recheck Cond: ((k >= 5643096) AND (k <= 5643196))
	  ->  Bitmap Index Scan on k_7  (cost=0.00..5.45 rows=102 width=0)
	        Index Cond: ((k >= 5643096) AND (k <= 5643196))

table 8 : explain SELECT k, c FROM sbtest8 WHERE k BETWEEN 5643096 AND 5643196
	Bitmap Heap Scan on sbtest8  (cost=5.46..401.52 rows=100 width=125)
	  Recheck Cond: ((k >= 5643096) AND (k <= 5643196))
	  ->  Bitmap Index Scan on k_8  (cost=0.00..5.43 rows=100 width=0)
	        Index Cond: ((k >= 5643096) AND (k <= 5643196))

for range-notcovered
table 1 : explain SELECT k, c FROM sbtest1 WHERE k BETWEEN 6877552 AND 6877652
	Bitmap Heap Scan on sbtest1  (cost=5.51..421.19 rows=105 width=125)
	  Recheck Cond: ((k >= 6877552) AND (k <= 6877652))
	  ->  Bitmap Index Scan on k_1  (cost=0.00..5.48 rows=105 width=0)
	        Index Cond: ((k >= 6877552) AND (k <= 6877652))

table 2 : explain SELECT k, c FROM sbtest2 WHERE k BETWEEN 6877552 AND 6877652
	Bitmap Heap Scan on sbtest2  (cost=5.54..433.00 rows=108 width=125)
	  Recheck Cond: ((k >= 6877552) AND (k <= 6877652))
	  ->  Bitmap Index Scan on k_2  (cost=0.00..5.51 rows=108 width=0)
	        Index Cond: ((k >= 6877552) AND (k <= 6877652))

table 3 : explain SELECT k, c FROM sbtest3 WHERE k BETWEEN 6877552 AND 6877652
	Bitmap Heap Scan on sbtest3  (cost=5.55..436.94 rows=109 width=125)
	  Recheck Cond: ((k >= 6877552) AND (k <= 6877652))
	  ->  Bitmap Index Scan on k_3  (cost=0.00..5.52 rows=109 width=0)
	        Index Cond: ((k >= 6877552) AND (k <= 6877652))

table 4 : explain SELECT k, c FROM sbtest4 WHERE k BETWEEN 6877552 AND 6877652
	Bitmap Heap Scan on sbtest4  (cost=5.41..381.75 rows=95 width=125)
	  Recheck Cond: ((k >= 6877552) AND (k <= 6877652))
	  ->  Bitmap Index Scan on k_4  (cost=0.00..5.38 rows=95 width=0)
	        Index Cond: ((k >= 6877552) AND (k <= 6877652))

table 5 : explain SELECT k, c FROM sbtest5 WHERE k BETWEEN 6877552 AND 6877652
	Bitmap Heap Scan on sbtest5  (cost=5.56..440.93 rows=110 width=125)
	  Recheck Cond: ((k >= 6877552) AND (k <= 6877652))
	  ->  Bitmap Index Scan on k_5  (cost=0.00..5.53 rows=110 width=0)
	        Index Cond: ((k >= 6877552) AND (k <= 6877652))

table 6 : explain SELECT k, c FROM sbtest6 WHERE k BETWEEN 6877552 AND 6877652
	Bitmap Heap Scan on sbtest6  (cost=5.41..381.76 rows=95 width=125)
	  Recheck Cond: ((k >= 6877552) AND (k <= 6877652))
	  ->  Bitmap Index Scan on k_6  (cost=0.00..5.38 rows=95 width=0)
	        Index Cond: ((k >= 6877552) AND (k <= 6877652))

table 7 : explain SELECT k, c FROM sbtest7 WHERE k BETWEEN 6877552 AND 6877652
	Bitmap Heap Scan on sbtest7  (cost=5.48..409.41 rows=102 width=125)
	  Recheck Cond: ((k >= 6877552) AND (k <= 6877652))
	  ->  Bitmap Index Scan on k_7  (cost=0.00..5.45 rows=102 width=0)
	        Index Cond: ((k >= 6877552) AND (k <= 6877652))

table 8 : explain SELECT k, c FROM sbtest8 WHERE k BETWEEN 6877552 AND 6877652
	Bitmap Heap Scan on sbtest8  (cost=5.53..429.11 rows=107 width=125)
	  Recheck Cond: ((k >= 6877552) AND (k <= 6877652))
	  ->  Bitmap Index Scan on k_8  (cost=0.00..5.50 rows=107 width=0)
	        Index Cond: ((k >= 6877552) AND (k <= 6877652))

explain: for range-notcovered :: explain SELECT k, c FROM sbtest%d WHERE k BETWEEN 6190744 AND 6190844
explain: for range-notcovered :: explain SELECT k, c FROM sbtest%d WHERE k BETWEEN 5643096 AND 5643196
explain: for range-notcovered :: explain SELECT k, c FROM sbtest%d WHERE k BETWEEN 6877552 AND 6877652
for range-notcovered
table 1 : explain SELECT k, c FROM sbtest1 WHERE k BETWEEN 5134073 AND 5134173
	Bitmap Heap Scan on sbtest1  (cost=5.53..429.07 rows=107 width=125)
	  Recheck Cond: ((k >= 5134073) AND (k <= 5134173))
	  ->  Bitmap Index Scan on k_1  (cost=0.00..5.50 rows=107 width=0)
	        Index Cond: ((k >= 5134073) AND (k <= 5134173))

table 2 : explain SELECT k, c FROM sbtest2 WHERE k BETWEEN 5134073 AND 5134173
	Bitmap Heap Scan on sbtest2  (cost=5.45..397.53 rows=99 width=125)
	  Recheck Cond: ((k >= 5134073) AND (k <= 5134173))
	  ->  Bitmap Index Scan on k_2  (cost=0.00..5.42 rows=99 width=0)
	        Index Cond: ((k >= 5134073) AND (k <= 5134173))

table 3 : explain SELECT k, c FROM sbtest3 WHERE k BETWEEN 5134073 AND 5134173
	Bitmap Heap Scan on sbtest3  (cost=5.50..417.24 rows=104 width=125)
	  Recheck Cond: ((k >= 5134073) AND (k <= 5134173))
	  ->  Bitmap Index Scan on k_3  (cost=0.00..5.47 rows=104 width=0)
	        Index Cond: ((k >= 5134073) AND (k <= 5134173))

table 4 : explain SELECT k, c FROM sbtest4 WHERE k BETWEEN 5134073 AND 5134173
	Bitmap Heap Scan on sbtest4  (cost=5.45..397.53 rows=99 width=125)
	  Recheck Cond: ((k >= 5134073) AND (k <= 5134173))
	  ->  Bitmap Index Scan on k_4  (cost=0.00..5.42 rows=99 width=0)
	        Index Cond: ((k >= 5134073) AND (k <= 5134173))

table 5 : explain SELECT k, c FROM sbtest5 WHERE k BETWEEN 5134073 AND 5134173
	Bitmap Heap Scan on sbtest5  (cost=5.45..397.57 rows=99 width=125)
	  Recheck Cond: ((k >= 5134073) AND (k <= 5134173))
	  ->  Bitmap Index Scan on k_5  (cost=0.00..5.42 rows=99 width=0)
	        Index Cond: ((k >= 5134073) AND (k <= 5134173))

table 6 : explain SELECT k, c FROM sbtest6 WHERE k BETWEEN 5134073 AND 5134173
	Bitmap Heap Scan on sbtest6  (cost=5.44..393.60 rows=98 width=125)
	  Recheck Cond: ((k >= 5134073) AND (k <= 5134173))
	  ->  Bitmap Index Scan on k_6  (cost=0.00..5.42 rows=98 width=0)
	        Index Cond: ((k >= 5134073) AND (k <= 5134173))

table 7 : explain SELECT k, c FROM sbtest7 WHERE k BETWEEN 5134073 AND 5134173
	Bitmap Heap Scan on sbtest7  (cost=5.46..401.52 rows=100 width=125)
	  Recheck Cond: ((k >= 5134073) AND (k <= 5134173))
	  ->  Bitmap Index Scan on k_7  (cost=0.00..5.43 rows=100 width=0)
	        Index Cond: ((k >= 5134073) AND (k <= 5134173))

table 8 : explain SELECT k, c FROM sbtest8 WHERE k BETWEEN 5134073 AND 5134173
	Bitmap Heap Scan on sbtest8  (cost=5.46..401.52 rows=100 width=125)
	  Recheck Cond: ((k >= 5134073) AND (k <= 5134173))
	  ->  Bitmap Index Scan on k_8  (cost=0.00..5.43 rows=100 width=0)
	        Index Cond: ((k >= 5134073) AND (k <= 5134173))

for range-notcovered
table 1 : explain SELECT k, c FROM sbtest1 WHERE k BETWEEN 6165910 AND 6166010
	Bitmap Heap Scan on sbtest1  (cost=5.35..358.08 rows=89 width=125)
	  Recheck Cond: ((k >= 6165910) AND (k <= 6166010))
	  ->  Bitmap Index Scan on k_1  (cost=0.00..5.32 rows=89 width=0)
	        Index Cond: ((k >= 6165910) AND (k <= 6166010))

table 2 : explain SELECT k, c FROM sbtest2 WHERE k BETWEEN 6165910 AND 6166010
	Bitmap Heap Scan on sbtest2  (cost=5.45..397.53 rows=99 width=125)
	  Recheck Cond: ((k >= 6165910) AND (k <= 6166010))
	  ->  Bitmap Index Scan on k_2  (cost=0.00..5.42 rows=99 width=0)
	        Index Cond: ((k >= 6165910) AND (k <= 6166010))

table 3 : explain SELECT k, c FROM sbtest3 WHERE k BETWEEN 6165910 AND 6166010
	Bitmap Heap Scan on sbtest3  (cost=5.53..429.06 rows=107 width=125)
	  Recheck Cond: ((k >= 6165910) AND (k <= 6166010))
	  ->  Bitmap Index Scan on k_3  (cost=0.00..5.50 rows=107 width=0)
	        Index Cond: ((k >= 6165910) AND (k <= 6166010))

table 4 : explain SELECT k, c FROM sbtest4 WHERE k BETWEEN 6165910 AND 6166010
	Bitmap Heap Scan on sbtest4  (cost=5.48..409.35 rows=102 width=125)
	  Recheck Cond: ((k >= 6165910) AND (k <= 6166010))
	  ->  Bitmap Index Scan on k_4  (cost=0.00..5.45 rows=102 width=0)
	        Index Cond: ((k >= 6165910) AND (k <= 6166010))

table 5 : explain SELECT k, c FROM sbtest5 WHERE k BETWEEN 6165910 AND 6166010
	Bitmap Heap Scan on sbtest5  (cost=5.46..401.51 rows=100 width=125)
	  Recheck Cond: ((k >= 6165910) AND (k <= 6166010))
	  ->  Bitmap Index Scan on k_5  (cost=0.00..5.43 rows=100 width=0)
	        Index Cond: ((k >= 6165910) AND (k <= 6166010))

table 6 : explain SELECT k, c FROM sbtest6 WHERE k BETWEEN 6165910 AND 6166010
	Bitmap Heap Scan on sbtest6  (cost=5.42..385.71 rows=96 width=125)
	  Recheck Cond: ((k >= 6165910) AND (k <= 6166010))
	  ->  Bitmap Index Scan on k_6  (cost=0.00..5.39 rows=96 width=0)
	        Index Cond: ((k >= 6165910) AND (k <= 6166010))

table 7 : explain SELECT k, c FROM sbtest7 WHERE k BETWEEN 6165910 AND 6166010
	Bitmap Heap Scan on sbtest7  (cost=5.47..405.46 rows=101 width=125)
	  Recheck Cond: ((k >= 6165910) AND (k <= 6166010))
	  ->  Bitmap Index Scan on k_7  (cost=0.00..5.44 rows=101 width=0)
	        Index Cond: ((k >= 6165910) AND (k <= 6166010))

table 8 : explain SELECT k, c FROM sbtest8 WHERE k BETWEEN 6165910 AND 6166010
	Bitmap Heap Scan on sbtest8  (cost=5.53..429.11 rows=107 width=125)
	  Recheck Cond: ((k >= 6165910) AND (k <= 6166010))
	  ->  Bitmap Index Scan on k_8  (cost=0.00..5.50 rows=107 width=0)
	        Index Cond: ((k >= 6165910) AND (k <= 6166010))

for range-notcovered
table 1 : explain SELECT k, c FROM sbtest1 WHERE k BETWEEN 5954040 AND 5954140
	Bitmap Heap Scan on sbtest1  (cost=5.48..409.36 rows=102 width=125)
	  Recheck Cond: ((k >= 5954040) AND (k <= 5954140))
	  ->  Bitmap Index Scan on k_1  (cost=0.00..5.45 rows=102 width=0)
	        Index Cond: ((k >= 5954040) AND (k <= 5954140))

table 2 : explain SELECT k, c FROM sbtest2 WHERE k BETWEEN 5954040 AND 5954140
	Bitmap Heap Scan on sbtest2  (cost=5.52..425.12 rows=106 width=125)
	  Recheck Cond: ((k >= 5954040) AND (k <= 5954140))
	  ->  Bitmap Index Scan on k_2  (cost=0.00..5.50 rows=106 width=0)
	        Index Cond: ((k >= 5954040) AND (k <= 5954140))

table 3 : explain SELECT k, c FROM sbtest3 WHERE k BETWEEN 5954040 AND 5954140
	Bitmap Heap Scan on sbtest3  (cost=5.44..393.58 rows=98 width=125)
	  Recheck Cond: ((k >= 5954040) AND (k <= 5954140))
	  ->  Bitmap Index Scan on k_3  (cost=0.00..5.42 rows=98 width=0)
	        Index Cond: ((k >= 5954040) AND (k <= 5954140))

table 4 : explain SELECT k, c FROM sbtest4 WHERE k BETWEEN 5954040 AND 5954140
	Bitmap Heap Scan on sbtest4  (cost=5.48..409.35 rows=102 width=125)
	  Recheck Cond: ((k >= 5954040) AND (k <= 5954140))
	  ->  Bitmap Index Scan on k_4  (cost=0.00..5.45 rows=102 width=0)
	        Index Cond: ((k >= 5954040) AND (k <= 5954140))

table 5 : explain SELECT k, c FROM sbtest5 WHERE k BETWEEN 5954040 AND 5954140
	Bitmap Heap Scan on sbtest5  (cost=5.51..421.23 rows=105 width=125)
	  Recheck Cond: ((k >= 5954040) AND (k <= 5954140))
	  ->  Bitmap Index Scan on k_5  (cost=0.00..5.48 rows=105 width=0)
	        Index Cond: ((k >= 5954040) AND (k <= 5954140))

table 6 : explain SELECT k, c FROM sbtest6 WHERE k BETWEEN 5954040 AND 5954140
	Bitmap Heap Scan on sbtest6  (cost=5.44..393.60 rows=98 width=125)
	  Recheck Cond: ((k >= 5954040) AND (k <= 5954140))
	  ->  Bitmap Index Scan on k_6  (cost=0.00..5.42 rows=98 width=0)
	        Index Cond: ((k >= 5954040) AND (k <= 5954140))

table 7 : explain SELECT k, c FROM sbtest7 WHERE k BETWEEN 5954040 AND 5954140
	Bitmap Heap Scan on sbtest7  (cost=5.68..484.25 rows=121 width=125)
	  Recheck Cond: ((k >= 5954040) AND (k <= 5954140))
	  ->  Bitmap Index Scan on k_7  (cost=0.00..5.64 rows=121 width=0)
	        Index Cond: ((k >= 5954040) AND (k <= 5954140))

table 8 : explain SELECT k, c FROM sbtest8 WHERE k BETWEEN 5954040 AND 5954140
	Bitmap Heap Scan on sbtest8  (cost=5.52..425.17 rows=106 width=125)
	  Recheck Cond: ((k >= 5954040) AND (k <= 5954140))
	  ->  Bitmap Index Scan on k_8  (cost=0.00..5.50 rows=106 width=0)
	        Index Cond: ((k >= 5954040) AND (k <= 5954140))
for range-notcovered
table 1 : explain SELECT k, c FROM sbtest1 WHERE k BETWEEN 4944192 AND 4944292
	Bitmap Heap Scan on sbtest1  (cost=5.54..433.01 rows=108 width=125)
	  Recheck Cond: ((k >= 4944192) AND (k <= 4944292))
	  ->  Bitmap Index Scan on k_1  (cost=0.00..5.51 rows=108 width=0)
	        Index Cond: ((k >= 4944192) AND (k <= 4944292))

table 2 : explain SELECT k, c FROM sbtest2 WHERE k BETWEEN 4944192 AND 4944292
	Bitmap Heap Scan on sbtest2  (cost=5.48..409.35 rows=102 width=125)
	  Recheck Cond: ((k >= 4944192) AND (k <= 4944292))
	  ->  Bitmap Index Scan on k_2  (cost=0.00..5.45 rows=102 width=0)
	        Index Cond: ((k >= 4944192) AND (k <= 4944292))

table 3 : explain SELECT k, c FROM sbtest3 WHERE k BETWEEN 4944192 AND 4944292
	Bitmap Heap Scan on sbtest3  (cost=5.48..409.36 rows=102 width=125)
	  Recheck Cond: ((k >= 4944192) AND (k <= 4944292))
	  ->  Bitmap Index Scan on k_3  (cost=0.00..5.45 rows=102 width=0)
	        Index Cond: ((k >= 4944192) AND (k <= 4944292))

table 4 : explain SELECT k, c FROM sbtest4 WHERE k BETWEEN 4944192 AND 4944292
	Bitmap Heap Scan on sbtest4  (cost=5.48..409.35 rows=102 width=125)
	  Recheck Cond: ((k >= 4944192) AND (k <= 4944292))
	  ->  Bitmap Index Scan on k_4  (cost=0.00..5.45 rows=102 width=0)
	        Index Cond: ((k >= 4944192) AND (k <= 4944292))

table 5 : explain SELECT k, c FROM sbtest5 WHERE k BETWEEN 4944192 AND 4944292
	Bitmap Heap Scan on sbtest5  (cost=5.40..377.84 rows=94 width=125)
	  Recheck Cond: ((k >= 4944192) AND (k <= 4944292))
	  ->  Bitmap Index Scan on k_5  (cost=0.00..5.38 rows=94 width=0)
	        Index Cond: ((k >= 4944192) AND (k <= 4944292))

table 6 : explain SELECT k, c FROM sbtest6 WHERE k BETWEEN 4944192 AND 4944292
	Bitmap Heap Scan on sbtest6  (cost=5.47..405.43 rows=101 width=125)
	  Recheck Cond: ((k >= 4944192) AND (k <= 4944292))
	  ->  Bitmap Index Scan on k_6  (cost=0.00..5.44 rows=101 width=0)
	        Index Cond: ((k >= 4944192) AND (k <= 4944292))

table 7 : explain SELECT k, c FROM sbtest7 WHERE k BETWEEN 4944192 AND 4944292
	Bitmap Heap Scan on sbtest7  (cost=5.54..433.06 rows=108 width=125)
	  Recheck Cond: ((k >= 4944192) AND (k <= 4944292))
	  ->  Bitmap Index Scan on k_7  (cost=0.00..5.51 rows=108 width=0)
	        Index Cond: ((k >= 4944192) AND (k <= 4944292))

table 8 : explain SELECT k, c FROM sbtest8 WHERE k BETWEEN 4944192 AND 4944292
	Bitmap Heap Scan on sbtest8  (cost=5.41..381.79 rows=95 width=125)
	  Recheck Cond: ((k >= 4944192) AND (k <= 4944292))
	  ->  Bitmap Index Scan on k_8  (cost=0.00..5.38 rows=95 width=0)
	        Index Cond: ((k >= 4944192) AND (k <= 4944292))


explain: for range-notcovered :: explain SELECT k, c FROM sbtest%d WHERE k BETWEEN 6165910 AND 6166010
for range-notcovered
table 1 : explain SELECT k, c FROM sbtest1 WHERE k BETWEEN 4268992 AND 4269092
	Bitmap Heap Scan on sbtest1  (cost=5.46..401.48 rows=100 width=125)
	  Recheck Cond: ((k >= 4268992) AND (k <= 4269092))
	  ->  Bitmap Index Scan on k_1  (cost=0.00..5.43 rows=100 width=0)
	        Index Cond: ((k >= 4268992) AND (k <= 4269092))

table 2 : explain SELECT k, c FROM sbtest2 WHERE k BETWEEN 4268992 AND 4269092
	Bitmap Heap Scan on sbtest2  (cost=5.48..409.35 rows=102 width=125)
	  Recheck Cond: ((k >= 4268992) AND (k <= 4269092))
	  ->  Bitmap Index Scan on k_2  (cost=0.00..5.45 rows=102 width=0)
	        Index Cond: ((k >= 4268992) AND (k <= 4269092))

table 3 : explain SELECT k, c FROM sbtest3 WHERE k BETWEEN 4268992 AND 4269092
	Bitmap Heap Scan on sbtest3  (cost=5.45..397.53 rows=99 width=125)
	  Recheck Cond: ((k >= 4268992) AND (k <= 4269092))
	  ->  Bitmap Index Scan on k_3  (cost=0.00..5.42 rows=99 width=0)
	        Index Cond: ((k >= 4268992) AND (k <= 4269092))

table 4 : explain SELECT k, c FROM sbtest4 WHERE k BETWEEN 4268992 AND 4269092
	Bitmap Heap Scan on sbtest4  (cost=5.51..421.18 rows=105 width=125)
	  Recheck Cond: ((k >= 4268992) AND (k <= 4269092))
	  ->  Bitmap Index Scan on k_4  (cost=0.00..5.48 rows=105 width=0)
	        Index Cond: ((k >= 4268992) AND (k <= 4269092))

table 5 : explain SELECT k, c FROM sbtest5 WHERE k BETWEEN 4268992 AND 4269092
	Bitmap Heap Scan on sbtest5  (cost=5.51..421.23 rows=105 width=125)
	  Recheck Cond: ((k >= 4268992) AND (k <= 4269092))
	  ->  Bitmap Index Scan on k_5  (cost=0.00..5.48 rows=105 width=0)
	        Index Cond: ((k >= 4268992) AND (k <= 4269092))

table 6 : explain SELECT k, c FROM sbtest6 WHERE k BETWEEN 4268992 AND 4269092
	Bitmap Heap Scan on sbtest6  (cost=5.50..417.25 rows=104 width=125)
	  Recheck Cond: ((k >= 4268992) AND (k <= 4269092))
	  ->  Bitmap Index Scan on k_6  (cost=0.00..5.47 rows=104 width=0)
	        Index Cond: ((k >= 4268992) AND (k <= 4269092))

table 7 : explain SELECT k, c FROM sbtest7 WHERE k BETWEEN 4268992 AND 4269092
	Bitmap Heap Scan on sbtest7  (cost=5.40..377.85 rows=94 width=125)
	  Recheck Cond: ((k >= 4268992) AND (k <= 4269092))
	  ->  Bitmap Index Scan on k_7  (cost=0.00..5.38 rows=94 width=0)
	        Index Cond: ((k >= 4268992) AND (k <= 4269092))

table 8 : explain SELECT k, c FROM sbtest8 WHERE k BETWEEN 4268992 AND 4269092
	Bitmap Heap Scan on sbtest8  (cost=5.38..369.95 rows=92 width=125)
	  Recheck Cond: ((k >= 4268992) AND (k <= 4269092))
	  ->  Bitmap Index Scan on k_8  (cost=0.00..5.35 rows=92 width=0)
	        Index Cond: ((k >= 4268992) AND (k <= 4269092))

for range-notcovered
table 1 : explain SELECT k, c FROM sbtest1 WHERE k BETWEEN 4721381 AND 4721481
	Bitmap Heap Scan on sbtest1  (cost=5.49..413.30 rows=103 width=125)
	  Recheck Cond: ((k >= 4721381) AND (k <= 4721481))
	  ->  Bitmap Index Scan on k_1  (cost=0.00..5.46 rows=103 width=0)
	        Index Cond: ((k >= 4721381) AND (k <= 4721481))

table 2 : explain SELECT k, c FROM sbtest2 WHERE k BETWEEN 4721381 AND 4721481
	Bitmap Heap Scan on sbtest2  (cost=5.61..460.57 rows=115 width=125)
	  Recheck Cond: ((k >= 4721381) AND (k <= 4721481))
	  ->  Bitmap Index Scan on k_2  (cost=0.00..5.58 rows=115 width=0)
	        Index Cond: ((k >= 4721381) AND (k <= 4721481))

table 3 : explain SELECT k, c FROM sbtest3 WHERE k BETWEEN 4721381 AND 4721481
	Bitmap Heap Scan on sbtest3  (cost=5.49..413.30 rows=103 width=125)
	  Recheck Cond: ((k >= 4721381) AND (k <= 4721481))
	  ->  Bitmap Index Scan on k_3  (cost=0.00..5.46 rows=103 width=0)
	        Index Cond: ((k >= 4721381) AND (k <= 4721481))

table 4 : explain SELECT k, c FROM sbtest4 WHERE k BETWEEN 4721381 AND 4721481
	Bitmap Heap Scan on sbtest4  (cost=5.49..413.30 rows=103 width=125)
	  Recheck Cond: ((k >= 4721381) AND (k <= 4721481))
	  ->  Bitmap Index Scan on k_4  (cost=0.00..5.46 rows=103 width=0)
	        Index Cond: ((k >= 4721381) AND (k <= 4721481))

table 5 : explain SELECT k, c FROM sbtest5 WHERE k BETWEEN 4721381 AND 4721481
	Bitmap Heap Scan on sbtest5  (cost=5.40..377.84 rows=94 width=125)
	  Recheck Cond: ((k >= 4721381) AND (k <= 4721481))
	  ->  Bitmap Index Scan on k_5  (cost=0.00..5.38 rows=94 width=0)
	        Index Cond: ((k >= 4721381) AND (k <= 4721481))

table 6 : explain SELECT k, c FROM sbtest6 WHERE k BETWEEN 4721381 AND 4721481
	Bitmap Heap Scan on sbtest6  (cost=5.57..444.83 rows=111 width=125)
	  Recheck Cond: ((k >= 4721381) AND (k <= 4721481))
	  ->  Bitmap Index Scan on k_6  (cost=0.00..5.54 rows=111 width=0)
	        Index Cond: ((k >= 4721381) AND (k <= 4721481))

table 7 : explain SELECT k, c FROM sbtest7 WHERE k BETWEEN 4721381 AND 4721481
	Bitmap Heap Scan on sbtest7  (cost=5.53..429.12 rows=107 width=125)
	  Recheck Cond: ((k >= 4721381) AND (k <= 4721481))
	  ->  Bitmap Index Scan on k_7  (cost=0.00..5.50 rows=107 width=0)
	        Index Cond: ((k >= 4721381) AND (k <= 4721481))

table 8 : explain SELECT k, c FROM sbtest8 WHERE k BETWEEN 4721381 AND 4721481
	Bitmap Heap Scan on sbtest8  (cost=5.53..429.11 rows=107 width=125)
	  Recheck Cond: ((k >= 4721381) AND (k <= 4721481))
	  ->  Bitmap Index Scan on k_8  (cost=0.00..5.50 rows=107 width=0)
	        Index Cond: ((k >= 4721381) AND (k <= 4721481))
for range-notcovered
table 1 : explain SELECT k, c FROM sbtest1 WHERE k BETWEEN 6262792 AND 6262892
	Bitmap Heap Scan on sbtest1  (cost=5.35..358.08 rows=89 width=125)
	  Recheck Cond: ((k >= 6262792) AND (k <= 6262892))
	  ->  Bitmap Index Scan on k_1  (cost=0.00..5.32 rows=89 width=0)
	        Index Cond: ((k >= 6262792) AND (k <= 6262892))

table 2 : explain SELECT k, c FROM sbtest2 WHERE k BETWEEN 6262792 AND 6262892
	Bitmap Heap Scan on sbtest2  (cost=5.49..413.29 rows=103 width=125)
	  Recheck Cond: ((k >= 6262792) AND (k <= 6262892))
	  ->  Bitmap Index Scan on k_2  (cost=0.00..5.46 rows=103 width=0)
	        Index Cond: ((k >= 6262792) AND (k <= 6262892))

table 3 : explain SELECT k, c FROM sbtest3 WHERE k BETWEEN 6262792 AND 6262892
	Bitmap Heap Scan on sbtest3  (cost=5.50..417.24 rows=104 width=125)
	  Recheck Cond: ((k >= 6262792) AND (k <= 6262892))
	  ->  Bitmap Index Scan on k_3  (cost=0.00..5.47 rows=104 width=0)
	        Index Cond: ((k >= 6262792) AND (k <= 6262892))

table 4 : explain SELECT k, c FROM sbtest4 WHERE k BETWEEN 6262792 AND 6262892
	Bitmap Heap Scan on sbtest4  (cost=5.49..413.30 rows=103 width=125)
	  Recheck Cond: ((k >= 6262792) AND (k <= 6262892))
	  ->  Bitmap Index Scan on k_4  (cost=0.00..5.46 rows=103 width=0)
	        Index Cond: ((k >= 6262792) AND (k <= 6262892))

table 5 : explain SELECT k, c FROM sbtest5 WHERE k BETWEEN 6262792 AND 6262892
	Bitmap Heap Scan on sbtest5  (cost=5.44..393.62 rows=98 width=125)
	  Recheck Cond: ((k >= 6262792) AND (k <= 6262892))
	  ->  Bitmap Index Scan on k_5  (cost=0.00..5.42 rows=98 width=0)
	        Index Cond: ((k >= 6262792) AND (k <= 6262892))

table 6 : explain SELECT k, c FROM sbtest6 WHERE k BETWEEN 6262792 AND 6262892
	Bitmap Heap Scan on sbtest6  (cost=5.47..405.43 rows=101 width=125)
	  Recheck Cond: ((k >= 6262792) AND (k <= 6262892))
	  ->  Bitmap Index Scan on k_6  (cost=0.00..5.44 rows=101 width=0)
	        Index Cond: ((k >= 6262792) AND (k <= 6262892))

table 7 : explain SELECT k, c FROM sbtest7 WHERE k BETWEEN 6262792 AND 6262892
	Bitmap Heap Scan on sbtest7  (cost=5.42..385.74 rows=96 width=125)
	  Recheck Cond: ((k >= 6262792) AND (k <= 6262892))
	  ->  Bitmap Index Scan on k_7  (cost=0.00..5.39 rows=96 width=0)
	        Index Cond: ((k >= 6262792) AND (k <= 6262892))

table 8 : explain SELECT k, c FROM sbtest8 WHERE k BETWEEN 6262792 AND 6262892
	Bitmap Heap Scan on sbtest8  (cost=5.51..421.23 rows=105 width=125)
	  Recheck Cond: ((k >= 6262792) AND (k <= 6262892))
	  ->  Bitmap Index Scan on k_8  (cost=0.00..5.48 rows=105 width=0)
	        Index Cond: ((k >= 6262792) AND (k <= 6262892))

explain: for range-notcovered :: explain SELECT k, c FROM sbtest%d WHERE k BETWEEN 5954040 AND 5954140
for range-notcovered
table 1 : explain SELECT k, c FROM sbtest1 WHERE k BETWEEN 8303696 AND 8303796
	Bitmap Heap Scan on sbtest1  (cost=5.46..401.48 rows=100 width=125)
	  Recheck Cond: ((k >= 8303696) AND (k <= 8303796))
	  ->  Bitmap Index Scan on k_1  (cost=0.00..5.43 rows=100 width=0)
	        Index Cond: ((k >= 8303696) AND (k <= 8303796))

table 2 : explain SELECT k, c FROM sbtest2 WHERE k BETWEEN 8303696 AND 8303796
	Bitmap Heap Scan on sbtest2  (cost=5.48..409.35 rows=102 width=125)
	  Recheck Cond: ((k >= 8303696) AND (k <= 8303796))
	  ->  Bitmap Index Scan on k_2  (cost=0.00..5.45 rows=102 width=0)
	        Index Cond: ((k >= 8303696) AND (k <= 8303796))

table 3 : explain SELECT k, c FROM sbtest3 WHERE k BETWEEN 8303696 AND 8303796
	Bitmap Heap Scan on sbtest3  (cost=5.45..397.53 rows=99 width=125)
	  Recheck Cond: ((k >= 8303696) AND (k <= 8303796))
	  ->  Bitmap Index Scan on k_3  (cost=0.00..5.42 rows=99 width=0)
	        Index Cond: ((k >= 8303696) AND (k <= 8303796))

table 4 : explain SELECT k, c FROM sbtest4 WHERE k BETWEEN 8303696 AND 8303796
	Bitmap Heap Scan on sbtest4  (cost=5.50..417.24 rows=104 width=125)
	  Recheck Cond: ((k >= 8303696) AND (k <= 8303796))
	  ->  Bitmap Index Scan on k_4  (cost=0.00..5.47 rows=104 width=0)
	        Index Cond: ((k >= 8303696) AND (k <= 8303796))

table 5 : explain SELECT k, c FROM sbtest5 WHERE k BETWEEN 8303696 AND 8303796
	Bitmap Heap Scan on sbtest5  (cost=5.47..405.46 rows=101 width=125)
	  Recheck Cond: ((k >= 8303696) AND (k <= 8303796))
	  ->  Bitmap Index Scan on k_5  (cost=0.00..5.44 rows=101 width=0)
	        Index Cond: ((k >= 8303696) AND (k <= 8303796))

table 6 : explain SELECT k, c FROM sbtest6 WHERE k BETWEEN 8303696 AND 8303796
	Bitmap Heap Scan on sbtest6  (cost=5.52..425.14 rows=106 width=125)
	  Recheck Cond: ((k >= 8303696) AND (k <= 8303796))
	  ->  Bitmap Index Scan on k_6  (cost=0.00..5.50 rows=106 width=0)
	        Index Cond: ((k >= 8303696) AND (k <= 8303796))

table 7 : explain SELECT k, c FROM sbtest7 WHERE k BETWEEN 8303696 AND 8303796
	Bitmap Heap Scan on sbtest7  (cost=5.44..393.63 rows=98 width=125)
	  Recheck Cond: ((k >= 8303696) AND (k <= 8303796))
	  ->  Bitmap Index Scan on k_7  (cost=0.00..5.42 rows=98 width=0)
	        Index Cond: ((k >= 8303696) AND (k <= 8303796))

table 8 : explain SELECT k, c FROM sbtest8 WHERE k BETWEEN 8303696 AND 8303796
	Bitmap Heap Scan on sbtest8  (cost=5.48..409.40 rows=102 width=125)
	  Recheck Cond: ((k >= 8303696) AND (k <= 8303796))
	  ->  Bitmap Index Scan on k_8  (cost=0.00..5.45 rows=102 width=0)
	        Index Cond: ((k >= 8303696) AND (k <= 8303796))
for range-notcovered
table 1 : explain SELECT k, c FROM sbtest1 WHERE k BETWEEN 2353440 AND 2353540
	Bitmap Heap Scan on sbtest1  (cost=5.50..417.24 rows=104 width=125)
	  Recheck Cond: ((k >= 2353440) AND (k <= 2353540))
	  ->  Bitmap Index Scan on k_1  (cost=0.00..5.47 rows=104 width=0)
	        Index Cond: ((k >= 2353440) AND (k <= 2353540))

table 2 : explain SELECT k, c FROM sbtest2 WHERE k BETWEEN 2353440 AND 2353540
	Bitmap Heap Scan on sbtest2  (cost=5.41..381.75 rows=95 width=125)
	  Recheck Cond: ((k >= 2353440) AND (k <= 2353540))
	  ->  Bitmap Index Scan on k_2  (cost=0.00..5.38 rows=95 width=0)
	        Index Cond: ((k >= 2353440) AND (k <= 2353540))

table 3 : explain SELECT k, c FROM sbtest3 WHERE k BETWEEN 2353440 AND 2353540
	Bitmap Heap Scan on sbtest3  (cost=5.57..444.82 rows=111 width=125)
	  Recheck Cond: ((k >= 2353440) AND (k <= 2353540))
	  ->  Bitmap Index Scan on k_3  (cost=0.00..5.54 rows=111 width=0)
	        Index Cond: ((k >= 2353440) AND (k <= 2353540))

table 4 : explain SELECT k, c FROM sbtest4 WHERE k BETWEEN 2353440 AND 2353540
	Bitmap Heap Scan on sbtest4  (cost=5.55..436.94 rows=109 width=125)
	  Recheck Cond: ((k >= 2353440) AND (k <= 2353540))
	  ->  Bitmap Index Scan on k_4  (cost=0.00..5.52 rows=109 width=0)
	        Index Cond: ((k >= 2353440) AND (k <= 2353540))

table 5 : explain SELECT k, c FROM sbtest5 WHERE k BETWEEN 2353440 AND 2353540
	Bitmap Heap Scan on sbtest5  (cost=5.42..385.74 rows=96 width=125)
	  Recheck Cond: ((k >= 2353440) AND (k <= 2353540))
	  ->  Bitmap Index Scan on k_5  (cost=0.00..5.39 rows=96 width=0)
	        Index Cond: ((k >= 2353440) AND (k <= 2353540))

table 6 : explain SELECT k, c FROM sbtest6 WHERE k BETWEEN 2353440 AND 2353540
	Bitmap Heap Scan on sbtest6  (cost=5.45..397.54 rows=99 width=125)
	  Recheck Cond: ((k >= 2353440) AND (k <= 2353540))
	  ->  Bitmap Index Scan on k_6  (cost=0.00..5.42 rows=99 width=0)
	        Index Cond: ((k >= 2353440) AND (k <= 2353540))

table 7 : explain SELECT k, c FROM sbtest7 WHERE k BETWEEN 2353440 AND 2353540
	Bitmap Heap Scan on sbtest7  (cost=5.56..440.94 rows=110 width=125)
	  Recheck Cond: ((k >= 2353440) AND (k <= 2353540))
	  ->  Bitmap Index Scan on k_7  (cost=0.00..5.53 rows=110 width=0)
	        Index Cond: ((k >= 2353440) AND (k <= 2353540))

table 8 : explain SELECT k, c FROM sbtest8 WHERE k BETWEEN 2353440 AND 2353540
	Bitmap Heap Scan on sbtest8  (cost=5.49..413.34 rows=103 width=125)
	  Recheck Cond: ((k >= 2353440) AND (k <= 2353540))
	  ->  Bitmap Index Scan on k_8  (cost=0.00..5.46 rows=103 width=0)
	        Index Cond: ((k >= 2353440) AND (k <= 2353540))

for range-notcovered
table 1 : explain SELECT k, c FROM sbtest1 WHERE k BETWEEN 2776751 AND 2776851
	Bitmap Heap Scan on sbtest1  (cost=5.49..413.30 rows=103 width=125)
	  Recheck Cond: ((k >= 2776751) AND (k <= 2776851))
	  ->  Bitmap Index Scan on k_1  (cost=0.00..5.46 rows=103 width=0)
	        Index Cond: ((k >= 2776751) AND (k <= 2776851))

table 2 : explain SELECT k, c FROM sbtest2 WHERE k BETWEEN 2776751 AND 2776851
	Bitmap Heap Scan on sbtest2  (cost=5.54..433.00 rows=108 width=125)
	  Recheck Cond: ((k >= 2776751) AND (k <= 2776851))
	  ->  Bitmap Index Scan on k_2  (cost=0.00..5.51 rows=108 width=0)
	        Index Cond: ((k >= 2776751) AND (k <= 2776851))

table 3 : explain SELECT k, c FROM sbtest3 WHERE k BETWEEN 2776751 AND 2776851
	Bitmap Heap Scan on sbtest3  (cost=5.44..393.58 rows=98 width=125)
	  Recheck Cond: ((k >= 2776751) AND (k <= 2776851))
	  ->  Bitmap Index Scan on k_3  (cost=0.00..5.42 rows=98 width=0)
	        Index Cond: ((k >= 2776751) AND (k <= 2776851))

table 4 : explain SELECT k, c FROM sbtest4 WHERE k BETWEEN 2776751 AND 2776851
	Bitmap Heap Scan on sbtest4  (cost=5.42..385.69 rows=96 width=125)
	  Recheck Cond: ((k >= 2776751) AND (k <= 2776851))
	  ->  Bitmap Index Scan on k_4  (cost=0.00..5.39 rows=96 width=0)
	        Index Cond: ((k >= 2776751) AND (k <= 2776851))

table 5 : explain SELECT k, c FROM sbtest5 WHERE k BETWEEN 2776751 AND 2776851
	Bitmap Heap Scan on sbtest5  (cost=5.38..369.95 rows=92 width=125)
	  Recheck Cond: ((k >= 2776751) AND (k <= 2776851))
	  ->  Bitmap Index Scan on k_5  (cost=0.00..5.35 rows=92 width=0)
	        Index Cond: ((k >= 2776751) AND (k <= 2776851))

table 6 : explain SELECT k, c FROM sbtest6 WHERE k BETWEEN 2776751 AND 2776851
	Bitmap Heap Scan on sbtest6  (cost=5.49..413.31 rows=103 width=125)
	  Recheck Cond: ((k >= 2776751) AND (k <= 2776851))
	  ->  Bitmap Index Scan on k_6  (cost=0.00..5.46 rows=103 width=0)
	        Index Cond: ((k >= 2776751) AND (k <= 2776851))

table 7 : explain SELECT k, c FROM sbtest7 WHERE k BETWEEN 2776751 AND 2776851
	Bitmap Heap Scan on sbtest7  (cost=5.54..433.06 rows=108 width=125)
	  Recheck Cond: ((k >= 2776751) AND (k <= 2776851))
	  ->  Bitmap Index Scan on k_7  (cost=0.00..5.51 rows=108 width=0)
	        Index Cond: ((k >= 2776751) AND (k <= 2776851))

table 8 : explain SELECT k, c FROM sbtest8 WHERE k BETWEEN 2776751 AND 2776851
	Bitmap Heap Scan on sbtest8  (cost=5.54..433.05 rows=108 width=125)
	  Recheck Cond: ((k >= 2776751) AND (k <= 2776851))
	  ->  Bitmap Index Scan on k_8  (cost=0.00..5.51 rows=108 width=0)
	        Index Cond: ((k >= 2776751) AND (k <= 2776851))

for range-notcovered
table 1 : explain SELECT k, c FROM sbtest1 WHERE k BETWEEN 5027797 AND 5027897
	Bitmap Heap Scan on sbtest1  (cost=5.43..389.65 rows=97 width=125)
	  Recheck Cond: ((k >= 5027797) AND (k <= 5027897))
	  ->  Bitmap Index Scan on k_1  (cost=0.00..5.40 rows=97 width=0)
	        Index Cond: ((k >= 5027797) AND (k <= 5027897))

table 2 : explain SELECT k, c FROM sbtest2 WHERE k BETWEEN 5027797 AND 5027897
	Bitmap Heap Scan on sbtest2  (cost=5.49..413.29 rows=103 width=125)
	  Recheck Cond: ((k >= 5027797) AND (k <= 5027897))
	  ->  Bitmap Index Scan on k_2  (cost=0.00..5.46 rows=103 width=0)
	        Index Cond: ((k >= 5027797) AND (k <= 5027897))

table 3 : explain SELECT k, c FROM sbtest3 WHERE k BETWEEN 5027797 AND 5027897
	Bitmap Heap Scan on sbtest3  (cost=5.48..409.36 rows=102 width=125)
	  Recheck Cond: ((k >= 5027797) AND (k <= 5027897))
	  ->  Bitmap Index Scan on k_3  (cost=0.00..5.45 rows=102 width=0)
	        Index Cond: ((k >= 5027797) AND (k <= 5027897))

table 4 : explain SELECT k, c FROM sbtest4 WHERE k BETWEEN 5027797 AND 5027897
	Bitmap Heap Scan on sbtest4  (cost=5.48..409.35 rows=102 width=125)
	  Recheck Cond: ((k >= 5027797) AND (k <= 5027897))
	  ->  Bitmap Index Scan on k_4  (cost=0.00..5.45 rows=102 width=0)
	        Index Cond: ((k >= 5027797) AND (k <= 5027897))

table 5 : explain SELECT k, c FROM sbtest5 WHERE k BETWEEN 5027797 AND 5027897
	Bitmap Heap Scan on sbtest5  (cost=5.42..385.74 rows=96 width=125)
	  Recheck Cond: ((k >= 5027797) AND (k <= 5027897))
	  ->  Bitmap Index Scan on k_5  (cost=0.00..5.39 rows=96 width=0)
	        Index Cond: ((k >= 5027797) AND (k <= 5027897))

table 6 : explain SELECT k, c FROM sbtest6 WHERE k BETWEEN 5027797 AND 5027897
	Bitmap Heap Scan on sbtest6  (cost=5.49..413.31 rows=103 width=125)
	  Recheck Cond: ((k >= 5027797) AND (k <= 5027897))
	  ->  Bitmap Index Scan on k_6  (cost=0.00..5.46 rows=103 width=0)
	        Index Cond: ((k >= 5027797) AND (k <= 5027897))

table 7 : explain SELECT k, c FROM sbtest7 WHERE k BETWEEN 5027797 AND 5027897
	Bitmap Heap Scan on sbtest7  (cost=5.54..433.06 rows=108 width=125)
	  Recheck Cond: ((k >= 5027797) AND (k <= 5027897))
	  ->  Bitmap Index Scan on k_7  (cost=0.00..5.51 rows=108 width=0)
	        Index Cond: ((k >= 5027797) AND (k <= 5027897))

table 8 : explain SELECT k, c FROM sbtest8 WHERE k BETWEEN 5027797 AND 5027897
	Bitmap Heap Scan on sbtest8  (cost=5.41..381.79 rows=95 width=125)
	  Recheck Cond: ((k >= 5027797) AND (k <= 5027897))
	  ->  Bitmap Index Scan on k_8  (cost=0.00..5.38 rows=95 width=0)
	        Index Cond: ((k >= 5027797) AND (k <= 5027897))

explain: for range-notcovered :: explain SELECT k, c FROM sbtest%d WHERE k BETWEEN 5134073 AND 5134173
for range-notcovered
table 1 : explain SELECT k, c FROM sbtest1 WHERE k BETWEEN 5231136 AND 5231236
	Bitmap Heap Scan on sbtest1  (cost=5.46..401.48 rows=100 width=125)
	  Recheck Cond: ((k >= 5231136) AND (k <= 5231236))
	  ->  Bitmap Index Scan on k_1  (cost=0.00..5.43 rows=100 width=0)
	        Index Cond: ((k >= 5231136) AND (k <= 5231236))

table 2 : explain SELECT k, c FROM sbtest2 WHERE k BETWEEN 5231136 AND 5231236
	Bitmap Heap Scan on sbtest2  (cost=5.58..448.75 rows=112 width=125)
	  Recheck Cond: ((k >= 5231136) AND (k <= 5231236))
	  ->  Bitmap Index Scan on k_2  (cost=0.00..5.55 rows=112 width=0)
	        Index Cond: ((k >= 5231136) AND (k <= 5231236))

table 3 : explain SELECT k, c FROM sbtest3 WHERE k BETWEEN 5231136 AND 5231236
	Bitmap Heap Scan on sbtest3  (cost=5.49..413.30 rows=103 width=125)
	  Recheck Cond: ((k >= 5231136) AND (k <= 5231236))
	  ->  Bitmap Index Scan on k_3  (cost=0.00..5.46 rows=103 width=0)
	        Index Cond: ((k >= 5231136) AND (k <= 5231236))

table 4 : explain SELECT k, c FROM sbtest4 WHERE k BETWEEN 5231136 AND 5231236
	Bitmap Heap Scan on sbtest4  (cost=5.45..397.53 rows=99 width=125)
	  Recheck Cond: ((k >= 5231136) AND (k <= 5231236))
	  ->  Bitmap Index Scan on k_4  (cost=0.00..5.42 rows=99 width=0)
	        Index Cond: ((k >= 5231136) AND (k <= 5231236))

table 5 : explain SELECT k, c FROM sbtest5 WHERE k BETWEEN 5231136 AND 5231236
	Bitmap Heap Scan on sbtest5  (cost=5.45..397.57 rows=99 width=125)
	  Recheck Cond: ((k >= 5231136) AND (k <= 5231236))
	  ->  Bitmap Index Scan on k_5  (cost=0.00..5.42 rows=99 width=0)
	        Index Cond: ((k >= 5231136) AND (k <= 5231236))

table 6 : explain SELECT k, c FROM sbtest6 WHERE k BETWEEN 5231136 AND 5231236
	Bitmap Heap Scan on sbtest6  (cost=5.51..421.19 rows=105 width=125)
	  Recheck Cond: ((k >= 5231136) AND (k <= 5231236))
	  ->  Bitmap Index Scan on k_6  (cost=0.00..5.48 rows=105 width=0)
	        Index Cond: ((k >= 5231136) AND (k <= 5231236))

table 7 : explain SELECT k, c FROM sbtest7 WHERE k BETWEEN 5231136 AND 5231236
	Bitmap Heap Scan on sbtest7  (cost=5.36..362.06 rows=90 width=125)
	  Recheck Cond: ((k >= 5231136) AND (k <= 5231236))
	  ->  Bitmap Index Scan on k_7  (cost=0.00..5.33 rows=90 width=0)
	        Index Cond: ((k >= 5231136) AND (k <= 5231236))

table 8 : explain SELECT k, c FROM sbtest8 WHERE k BETWEEN 5231136 AND 5231236
	Bitmap Heap Scan on sbtest8  (cost=5.50..417.29 rows=104 width=125)
	  Recheck Cond: ((k >= 5231136) AND (k <= 5231236))
	  ->  Bitmap Index Scan on k_8  (cost=0.00..5.47 rows=104 width=0)
	        Index Cond: ((k >= 5231136) AND (k <= 5231236))

explain: for range-notcovered :: explain SELECT k, c FROM sbtest%d WHERE k BETWEEN 4944192 AND 4944292
for range-notcovered
table 1 : explain SELECT k, c FROM sbtest1 WHERE k BETWEEN 843739 AND 843839
	Bitmap Heap Scan on sbtest1  (cost=5.52..425.13 rows=106 width=125)
	  Recheck Cond: ((k >= 843739) AND (k <= 843839))
	  ->  Bitmap Index Scan on k_1  (cost=0.00..5.50 rows=106 width=0)
	        Index Cond: ((k >= 843739) AND (k <= 843839))

table 2 : explain SELECT k, c FROM sbtest2 WHERE k BETWEEN 843739 AND 843839
	Bitmap Heap Scan on sbtest2  (cost=5.51..421.18 rows=105 width=125)
	  Recheck Cond: ((k >= 843739) AND (k <= 843839))
	  ->  Bitmap Index Scan on k_2  (cost=0.00..5.48 rows=105 width=0)
	        Index Cond: ((k >= 843739) AND (k <= 843839))

table 3 : explain SELECT k, c FROM sbtest3 WHERE k BETWEEN 843739 AND 843839
	Bitmap Heap Scan on sbtest3  (cost=5.47..405.41 rows=101 width=125)
	  Recheck Cond: ((k >= 843739) AND (k <= 843839))
	  ->  Bitmap Index Scan on k_3  (cost=0.00..5.44 rows=101 width=0)
	        Index Cond: ((k >= 843739) AND (k <= 843839))

table 4 : explain SELECT k, c FROM sbtest4 WHERE k BETWEEN 843739 AND 843839
	Bitmap Heap Scan on sbtest4  (cost=5.54..433.00 rows=108 width=125)
	  Recheck Cond: ((k >= 843739) AND (k <= 843839))
	  ->  Bitmap Index Scan on k_4  (cost=0.00..5.51 rows=108 width=0)
	        Index Cond: ((k >= 843739) AND (k <= 843839))

table 5 : explain SELECT k, c FROM sbtest5 WHERE k BETWEEN 843739 AND 843839
	Bitmap Heap Scan on sbtest5  (cost=5.44..393.62 rows=98 width=125)
	  Recheck Cond: ((k >= 843739) AND (k <= 843839))
	  ->  Bitmap Index Scan on k_5  (cost=0.00..5.42 rows=98 width=0)
	        Index Cond: ((k >= 843739) AND (k <= 843839))

table 6 : explain SELECT k, c FROM sbtest6 WHERE k BETWEEN 843739 AND 843839
	Bitmap Heap Scan on sbtest6  (cost=5.52..425.14 rows=106 width=125)
	  Recheck Cond: ((k >= 843739) AND (k <= 843839))
	  ->  Bitmap Index Scan on k_6  (cost=0.00..5.50 rows=106 width=0)
	        Index Cond: ((k >= 843739) AND (k <= 843839))

table 7 : explain SELECT k, c FROM sbtest7 WHERE k BETWEEN 843739 AND 843839
	Bitmap Heap Scan on sbtest7  (cost=5.53..429.12 rows=107 width=125)
	  Recheck Cond: ((k >= 843739) AND (k <= 843839))
	  ->  Bitmap Index Scan on k_7  (cost=0.00..5.50 rows=107 width=0)
	        Index Cond: ((k >= 843739) AND (k <= 843839))

table 8 : explain SELECT k, c FROM sbtest8 WHERE k BETWEEN 843739 AND 843839
	Bitmap Heap Scan on sbtest8  (cost=5.49..413.34 rows=103 width=125)
	  Recheck Cond: ((k >= 843739) AND (k <= 843839))
	  ->  Bitmap Index Scan on k_8  (cost=0.00..5.46 rows=103 width=0)
	        Index Cond: ((k >= 843739) AND (k <= 843839))
for range-notcovered
table 1 : explain SELECT k, c FROM sbtest1 WHERE k BETWEEN 4128757 AND 4128857
	Bitmap Heap Scan on sbtest1  (cost=5.49..413.30 rows=103 width=125)
	  Recheck Cond: ((k >= 4128757) AND (k <= 4128857))
	  ->  Bitmap Index Scan on k_1  (cost=0.00..5.46 rows=103 width=0)
	        Index Cond: ((k >= 4128757) AND (k <= 4128857))

table 2 : explain SELECT k, c FROM sbtest2 WHERE k BETWEEN 4128757 AND 4128857
	Bitmap Heap Scan on sbtest2  (cost=5.56..440.88 rows=110 width=125)
	  Recheck Cond: ((k >= 4128757) AND (k <= 4128857))
	  ->  Bitmap Index Scan on k_2  (cost=0.00..5.53 rows=110 width=0)
	        Index Cond: ((k >= 4128757) AND (k <= 4128857))

table 3 : explain SELECT k, c FROM sbtest3 WHERE k BETWEEN 4128757 AND 4128857
	Bitmap Heap Scan on sbtest3  (cost=5.48..409.36 rows=102 width=125)
	  Recheck Cond: ((k >= 4128757) AND (k <= 4128857))
	  ->  Bitmap Index Scan on k_3  (cost=0.00..5.45 rows=102 width=0)
	        Index Cond: ((k >= 4128757) AND (k <= 4128857))

table 4 : explain SELECT k, c FROM sbtest4 WHERE k BETWEEN 4128757 AND 4128857
	Bitmap Heap Scan on sbtest4  (cost=5.49..413.30 rows=103 width=125)
	  Recheck Cond: ((k >= 4128757) AND (k <= 4128857))
	  ->  Bitmap Index Scan on k_4  (cost=0.00..5.46 rows=103 width=0)
	        Index Cond: ((k >= 4128757) AND (k <= 4128857))

table 5 : explain SELECT k, c FROM sbtest5 WHERE k BETWEEN 4128757 AND 4128857
	Bitmap Heap Scan on sbtest5  (cost=5.41..381.79 rows=95 width=125)
	  Recheck Cond: ((k >= 4128757) AND (k <= 4128857))
	  ->  Bitmap Index Scan on k_5  (cost=0.00..5.38 rows=95 width=0)
	        Index Cond: ((k >= 4128757) AND (k <= 4128857))

table 6 : explain SELECT k, c FROM sbtest6 WHERE k BETWEEN 4128757 AND 4128857
	Bitmap Heap Scan on sbtest6  (cost=5.57..444.83 rows=111 width=125)
	  Recheck Cond: ((k >= 4128757) AND (k <= 4128857))
	  ->  Bitmap Index Scan on k_6  (cost=0.00..5.54 rows=111 width=0)
	        Index Cond: ((k >= 4128757) AND (k <= 4128857))

table 7 : explain SELECT k, c FROM sbtest7 WHERE k BETWEEN 4128757 AND 4128857
	Bitmap Heap Scan on sbtest7  (cost=5.50..417.29 rows=104 width=125)
	  Recheck Cond: ((k >= 4128757) AND (k <= 4128857))
	  ->  Bitmap Index Scan on k_7  (cost=0.00..5.47 rows=104 width=0)
	        Index Cond: ((k >= 4128757) AND (k <= 4128857))

table 8 : explain SELECT k, c FROM sbtest8 WHERE k BETWEEN 4128757 AND 4128857
	Bitmap Heap Scan on sbtest8  (cost=5.47..405.46 rows=101 width=125)
	  Recheck Cond: ((k >= 4128757) AND (k <= 4128857))
	  ->  Bitmap Index Scan on k_8  (cost=0.00..5.44 rows=101 width=0)
	        Index Cond: ((k >= 4128757) AND (k <= 4128857))

explain: for range-notcovered :: explain SELECT k, c FROM sbtest%d WHERE k BETWEEN 2776751 AND 2776851
for range-notcovered
table 1 : explain SELECT k, c FROM sbtest1 WHERE k BETWEEN 3027490 AND 3027590
	Bitmap Heap Scan on sbtest1  (cost=5.47..405.42 rows=101 width=125)
	  Recheck Cond: ((k >= 3027490) AND (k <= 3027590))
	  ->  Bitmap Index Scan on k_1  (cost=0.00..5.44 rows=101 width=0)
	        Index Cond: ((k >= 3027490) AND (k <= 3027590))

table 2 : explain SELECT k, c FROM sbtest2 WHERE k BETWEEN 3027490 AND 3027590
	Bitmap Heap Scan on sbtest2  (cost=5.50..417.24 rows=104 width=125)
	  Recheck Cond: ((k >= 3027490) AND (k <= 3027590))
	  ->  Bitmap Index Scan on k_2  (cost=0.00..5.47 rows=104 width=0)
	        Index Cond: ((k >= 3027490) AND (k <= 3027590))

table 3 : explain SELECT k, c FROM sbtest3 WHERE k BETWEEN 3027490 AND 3027590
	Bitmap Heap Scan on sbtest3  (cost=5.38..369.91 rows=92 width=125)
	  Recheck Cond: ((k >= 3027490) AND (k <= 3027590))
	  ->  Bitmap Index Scan on k_3  (cost=0.00..5.35 rows=92 width=0)
	        Index Cond: ((k >= 3027490) AND (k <= 3027590))

table 4 : explain SELECT k, c FROM sbtest4 WHERE k BETWEEN 3027490 AND 3027590
	Bitmap Heap Scan on sbtest4  (cost=5.43..389.64 rows=97 width=125)
	  Recheck Cond: ((k >= 3027490) AND (k <= 3027590))
	  ->  Bitmap Index Scan on k_4  (cost=0.00..5.40 rows=97 width=0)
	        Index Cond: ((k >= 3027490) AND (k <= 3027590))

table 5 : explain SELECT k, c FROM sbtest5 WHERE k BETWEEN 3027490 AND 3027590
	Bitmap Heap Scan on sbtest5  (cost=5.45..397.57 rows=99 width=125)
	  Recheck Cond: ((k >= 3027490) AND (k <= 3027590))
	  ->  Bitmap Index Scan on k_5  (cost=0.00..5.42 rows=99 width=0)
	        Index Cond: ((k >= 3027490) AND (k <= 3027590))

table 6 : explain SELECT k, c FROM sbtest6 WHERE k BETWEEN 3027490 AND 3027590
	Bitmap Heap Scan on sbtest6  (cost=5.50..417.25 rows=104 width=125)
	  Recheck Cond: ((k >= 3027490) AND (k <= 3027590))
	  ->  Bitmap Index Scan on k_6  (cost=0.00..5.47 rows=104 width=0)
	        Index Cond: ((k >= 3027490) AND (k <= 3027590))

table 7 : explain SELECT k, c FROM sbtest7 WHERE k BETWEEN 3027490 AND 3027590
	Bitmap Heap Scan on sbtest7  (cost=5.44..393.63 rows=98 width=125)
	  Recheck Cond: ((k >= 3027490) AND (k <= 3027590))
	  ->  Bitmap Index Scan on k_7  (cost=0.00..5.42 rows=98 width=0)
	        Index Cond: ((k >= 3027490) AND (k <= 3027590))

table 8 : explain SELECT k, c FROM sbtest8 WHERE k BETWEEN 3027490 AND 3027590
	Bitmap Heap Scan on sbtest8  (cost=5.51..421.23 rows=105 width=125)
	  Recheck Cond: ((k >= 3027490) AND (k <= 3027590))
	  ->  Bitmap Index Scan on k_8  (cost=0.00..5.48 rows=105 width=0)
	        Index Cond: ((k >= 3027490) AND (k <= 3027590))


for range-notcovered
table 1 : explain SELECT k, c FROM sbtest1 WHERE k BETWEEN 5746081 AND 5746181
	Bitmap Heap Scan on sbtest1  (cost=5.39..373.86 rows=93 width=125)
	  Recheck Cond: ((k >= 5746081) AND (k <= 5746181))
	  ->  Bitmap Index Scan on k_1  (cost=0.00..5.36 rows=93 width=0)
	        Index Cond: ((k >= 5746081) AND (k <= 5746181))

table 2 : explain SELECT k, c FROM sbtest2 WHERE k BETWEEN 5746081 AND 5746181
	Bitmap Heap Scan on sbtest2  (cost=5.51..421.18 rows=105 width=125)
	  Recheck Cond: ((k >= 5746081) AND (k <= 5746181))
	  ->  Bitmap Index Scan on k_2  (cost=0.00..5.48 rows=105 width=0)
	        Index Cond: ((k >= 5746081) AND (k <= 5746181))

table 3 : explain SELECT k, c FROM sbtest3 WHERE k BETWEEN 5746081 AND 5746181
	Bitmap Heap Scan on sbtest3  (cost=5.45..397.53 rows=99 width=125)
	  Recheck Cond: ((k >= 5746081) AND (k <= 5746181))
	  ->  Bitmap Index Scan on k_3  (cost=0.00..5.42 rows=99 width=0)
	        Index Cond: ((k >= 5746081) AND (k <= 5746181))

table 4 : explain SELECT k, c FROM sbtest4 WHERE k BETWEEN 5746081 AND 5746181
	Bitmap Heap Scan on sbtest4  (cost=5.54..433.00 rows=108 width=125)
	  Recheck Cond: ((k >= 5746081) AND (k <= 5746181))
	  ->  Bitmap Index Scan on k_4  (cost=0.00..5.51 rows=108 width=0)
	        Index Cond: ((k >= 5746081) AND (k <= 5746181))

table 5 : explain SELECT k, c FROM sbtest5 WHERE k BETWEEN 5746081 AND 5746181
	Bitmap Heap Scan on sbtest5  (cost=5.53..429.11 rows=107 width=125)
	  Recheck Cond: ((k >= 5746081) AND (k <= 5746181))
	  ->  Bitmap Index Scan on k_5  (cost=0.00..5.50 rows=107 width=0)
	        Index Cond: ((k >= 5746081) AND (k <= 5746181))

table 6 : explain SELECT k, c FROM sbtest6 WHERE k BETWEEN 5746081 AND 5746181
	Bitmap Heap Scan on sbtest6  (cost=5.44..393.60 rows=98 width=125)
	  Recheck Cond: ((k >= 5746081) AND (k <= 5746181))
	  ->  Bitmap Index Scan on k_6  (cost=0.00..5.42 rows=98 width=0)
	        Index Cond: ((k >= 5746081) AND (k <= 5746181))

table 7 : explain SELECT k, c FROM sbtest7 WHERE k BETWEEN 5746081 AND 5746181
	Bitmap Heap Scan on sbtest7  (cost=5.57..444.88 rows=111 width=125)
	  Recheck Cond: ((k >= 5746081) AND (k <= 5746181))
	  ->  Bitmap Index Scan on k_7  (cost=0.00..5.54 rows=111 width=0)
	        Index Cond: ((k >= 5746081) AND (k <= 5746181))

table 8 : explain SELECT k, c FROM sbtest8 WHERE k BETWEEN 5746081 AND 5746181
	Bitmap Heap Scan on sbtest8  (cost=5.51..421.23 rows=105 width=125)
	  Recheck Cond: ((k >= 5746081) AND (k <= 5746181))
	  ->  Bitmap Index Scan on k_8  (cost=0.00..5.48 rows=105 width=0)
	        Index Cond: ((k >= 5746081) AND (k <= 5746181))

for range-notcovered
table 1 : explain SELECT k, c FROM sbtest1 WHERE k BETWEEN 4431349 AND 4431449
	Bitmap Heap Scan on sbtest1  (cost=5.52..425.13 rows=106 width=125)
	  Recheck Cond: ((k >= 4431349) AND (k <= 4431449))
	  ->  Bitmap Index Scan on k_1  (cost=0.00..5.50 rows=106 width=0)
	        Index Cond: ((k >= 4431349) AND (k <= 4431449))

table 2 : explain SELECT k, c FROM sbtest2 WHERE k BETWEEN 4431349 AND 4431449
	Bitmap Heap Scan on sbtest2  (cost=5.50..417.24 rows=104 width=125)
	  Recheck Cond: ((k >= 4431349) AND (k <= 4431449))
	  ->  Bitmap Index Scan on k_2  (cost=0.00..5.47 rows=104 width=0)
	        Index Cond: ((k >= 4431349) AND (k <= 4431449))

table 3 : explain SELECT k, c FROM sbtest3 WHERE k BETWEEN 4431349 AND 4431449
	Bitmap Heap Scan on sbtest3  (cost=5.43..389.64 rows=97 width=125)
	  Recheck Cond: ((k >= 4431349) AND (k <= 4431449))
	  ->  Bitmap Index Scan on k_3  (cost=0.00..5.40 rows=97 width=0)
	        Index Cond: ((k >= 4431349) AND (k <= 4431449))

table 4 : explain SELECT k, c FROM sbtest4 WHERE k BETWEEN 4431349 AND 4431449
	Bitmap Heap Scan on sbtest4  (cost=5.37..365.97 rows=91 width=125)
	  Recheck Cond: ((k >= 4431349) AND (k <= 4431449))
	  ->  Bitmap Index Scan on k_4  (cost=0.00..5.34 rows=91 width=0)
	        Index Cond: ((k >= 4431349) AND (k <= 4431449))

table 5 : explain SELECT k, c FROM sbtest5 WHERE k BETWEEN 4431349 AND 4431449
	Bitmap Heap Scan on sbtest5  (cost=5.47..405.46 rows=101 width=125)
	  Recheck Cond: ((k >= 4431349) AND (k <= 4431449))
	  ->  Bitmap Index Scan on k_5  (cost=0.00..5.44 rows=101 width=0)
	        Index Cond: ((k >= 4431349) AND (k <= 4431449))

table 6 : explain SELECT k, c FROM sbtest6 WHERE k BETWEEN 4431349 AND 4431449
	Bitmap Heap Scan on sbtest6  (cost=5.40..377.82 rows=94 width=125)
	  Recheck Cond: ((k >= 4431349) AND (k <= 4431449))
	  ->  Bitmap Index Scan on k_6  (cost=0.00..5.38 rows=94 width=0)
	        Index Cond: ((k >= 4431349) AND (k <= 4431449))

table 7 : explain SELECT k, c FROM sbtest7 WHERE k BETWEEN 4431349 AND 4431449
	Bitmap Heap Scan on sbtest7  (cost=5.46..401.52 rows=100 width=125)
	  Recheck Cond: ((k >= 4431349) AND (k <= 4431449))
	  ->  Bitmap Index Scan on k_7  (cost=0.00..5.43 rows=100 width=0)
	        Index Cond: ((k >= 4431349) AND (k <= 4431449))

table 8 : explain SELECT k, c FROM sbtest8 WHERE k BETWEEN 4431349 AND 4431449
	Bitmap Heap Scan on sbtest8  (cost=5.40..377.85 rows=94 width=125)
	  Recheck Cond: ((k >= 4431349) AND (k <= 4431449))
	  ->  Bitmap Index Scan on k_8  (cost=0.00..5.38 rows=94 width=0)
	        Index Cond: ((k >= 4431349) AND (k <= 4431449))

for range-notcovered
table 1 : explain SELECT k, c FROM sbtest1 WHERE k BETWEEN 2951443 AND 2951543
	Bitmap Heap Scan on sbtest1  (cost=5.48..409.36 rows=102 width=125)
	  Recheck Cond: ((k >= 2951443) AND (k <= 2951543))
	  ->  Bitmap Index Scan on k_1  (cost=0.00..5.45 rows=102 width=0)
	        Index Cond: ((k >= 2951443) AND (k <= 2951543))

table 2 : explain SELECT k, c FROM sbtest2 WHERE k BETWEEN 2951443 AND 2951543
	Bitmap Heap Scan on sbtest2  (cost=5.47..405.41 rows=101 width=125)
	  Recheck Cond: ((k >= 2951443) AND (k <= 2951543))
	  ->  Bitmap Index Scan on k_2  (cost=0.00..5.44 rows=101 width=0)
	        Index Cond: ((k >= 2951443) AND (k <= 2951543))

table 3 : explain SELECT k, c FROM sbtest3 WHERE k BETWEEN 2951443 AND 2951543
	Bitmap Heap Scan on sbtest3  (cost=5.46..401.47 rows=100 width=125)
	  Recheck Cond: ((k >= 2951443) AND (k <= 2951543))
	  ->  Bitmap Index Scan on k_3  (cost=0.00..5.43 rows=100 width=0)
	        Index Cond: ((k >= 2951443) AND (k <= 2951543))

table 4 : explain SELECT k, c FROM sbtest4 WHERE k BETWEEN 2951443 AND 2951543
	Bitmap Heap Scan on sbtest4  (cost=5.54..433.00 rows=108 width=125)
	  Recheck Cond: ((k >= 2951443) AND (k <= 2951543))
	  ->  Bitmap Index Scan on k_4  (cost=0.00..5.51 rows=108 width=0)
	        Index Cond: ((k >= 2951443) AND (k <= 2951543))

table 5 : explain SELECT k, c FROM sbtest5 WHERE k BETWEEN 2951443 AND 2951543
	Bitmap Heap Scan on sbtest5  (cost=5.50..417.28 rows=104 width=125)
	  Recheck Cond: ((k >= 2951443) AND (k <= 2951543))
	  ->  Bitmap Index Scan on k_5  (cost=0.00..5.47 rows=104 width=0)
	        Index Cond: ((k >= 2951443) AND (k <= 2951543))

table 6 : explain SELECT k, c FROM sbtest6 WHERE k BETWEEN 2951443 AND 2951543
	Bitmap Heap Scan on sbtest6  (cost=5.49..413.31 rows=103 width=125)
	  Recheck Cond: ((k >= 2951443) AND (k <= 2951543))
	  ->  Bitmap Index Scan on k_6  (cost=0.00..5.46 rows=103 width=0)
	        Index Cond: ((k >= 2951443) AND (k <= 2951543))

table 7 : explain SELECT k, c FROM sbtest7 WHERE k BETWEEN 2951443 AND 2951543
	Bitmap Heap Scan on sbtest7  (cost=5.46..401.52 rows=100 width=125)
	  Recheck Cond: ((k >= 2951443) AND (k <= 2951543))
	  ->  Bitmap Index Scan on k_7  (cost=0.00..5.43 rows=100 width=0)
	        Index Cond: ((k >= 2951443) AND (k <= 2951543))

table 8 : explain SELECT k, c FROM sbtest8 WHERE k BETWEEN 2951443 AND 2951543
	Bitmap Heap Scan on sbtest8  (cost=5.39..373.90 rows=93 width=125)
	  Recheck Cond: ((k >= 2951443) AND (k <= 2951543))
	  ->  Bitmap Index Scan on k_8  (cost=0.00..5.36 rows=93 width=0)
	        Index Cond: ((k >= 2951443) AND (k <= 2951543))

for range-notcovered
table 1 : explain SELECT k, c FROM sbtest1 WHERE k BETWEEN 8009198 AND 8009298
	Bitmap Heap Scan on sbtest1  (cost=5.45..397.53 rows=99 width=125)
	  Recheck Cond: ((k >= 8009198) AND (k <= 8009298))
	  ->  Bitmap Index Scan on k_1  (cost=0.00..5.42 rows=99 width=0)
	        Index Cond: ((k >= 8009198) AND (k <= 8009298))

table 2 : explain SELECT k, c FROM sbtest2 WHERE k BETWEEN 8009198 AND 8009298
	Bitmap Heap Scan on sbtest2  (cost=5.49..413.29 rows=103 width=125)
	  Recheck Cond: ((k >= 8009198) AND (k <= 8009298))
	  ->  Bitmap Index Scan on k_2  (cost=0.00..5.46 rows=103 width=0)
	        Index Cond: ((k >= 8009198) AND (k <= 8009298))

table 3 : explain SELECT k, c FROM sbtest3 WHERE k BETWEEN 8009198 AND 8009298
	Bitmap Heap Scan on sbtest3  (cost=5.54..433.00 rows=108 width=125)
	  Recheck Cond: ((k >= 8009198) AND (k <= 8009298))
	  ->  Bitmap Index Scan on k_3  (cost=0.00..5.51 rows=108 width=0)
	        Index Cond: ((k >= 8009198) AND (k <= 8009298))

table 4 : explain SELECT k, c FROM sbtest4 WHERE k BETWEEN 8009198 AND 8009298
	Bitmap Heap Scan on sbtest4  (cost=5.52..425.12 rows=106 width=125)
	  Recheck Cond: ((k >= 8009198) AND (k <= 8009298))
	  ->  Bitmap Index Scan on k_4  (cost=0.00..5.50 rows=106 width=0)
	        Index Cond: ((k >= 8009198) AND (k <= 8009298))

table 5 : explain SELECT k, c FROM sbtest5 WHERE k BETWEEN 8009198 AND 8009298
	Bitmap Heap Scan on sbtest5  (cost=5.45..397.57 rows=99 width=125)
	  Recheck Cond: ((k >= 8009198) AND (k <= 8009298))
	  ->  Bitmap Index Scan on k_5  (cost=0.00..5.42 rows=99 width=0)
	        Index Cond: ((k >= 8009198) AND (k <= 8009298))

table 6 : explain SELECT k, c FROM sbtest6 WHERE k BETWEEN 8009198 AND 8009298
	Bitmap Heap Scan on sbtest6  (cost=5.51..421.19 rows=105 width=125)
	  Recheck Cond: ((k >= 8009198) AND (k <= 8009298))
	  ->  Bitmap Index Scan on k_6  (cost=0.00..5.48 rows=105 width=0)
	        Index Cond: ((k >= 8009198) AND (k <= 8009298))

table 7 : explain SELECT k, c FROM sbtest7 WHERE k BETWEEN 8009198 AND 8009298
	Bitmap Heap Scan on sbtest7  (cost=5.46..401.52 rows=100 width=125)
	  Recheck Cond: ((k >= 8009198) AND (k <= 8009298))
	  ->  Bitmap Index Scan on k_7  (cost=0.00..5.43 rows=100 width=0)
	        Index Cond: ((k >= 8009198) AND (k <= 8009298))

table 8 : explain SELECT k, c FROM sbtest8 WHERE k BETWEEN 8009198 AND 8009298
	Bitmap Heap Scan on sbtest8  (cost=5.47..405.46 rows=101 width=125)
	  Recheck Cond: ((k >= 8009198) AND (k <= 8009298))
	  ->  Bitmap Index Scan on k_8  (cost=0.00..5.44 rows=101 width=0)
	        Index Cond: ((k >= 8009198) AND (k <= 8009298))
explain: for range-notcovered :: explain SELECT k, c FROM sbtest%d WHERE k BETWEEN 8303696 AND 8303796
for range-notcovered
table 1 : explain SELECT k, c FROM sbtest1 WHERE k BETWEEN 2407929 AND 2408029
	Bitmap Heap Scan on sbtest1  (cost=5.41..381.76 rows=95 width=125)
	  Recheck Cond: ((k >= 2407929) AND (k <= 2408029))
	  ->  Bitmap Index Scan on k_1  (cost=0.00..5.38 rows=95 width=0)
	        Index Cond: ((k >= 2407929) AND (k <= 2408029))

table 2 : explain SELECT k, c FROM sbtest2 WHERE k BETWEEN 2407929 AND 2408029
	Bitmap Heap Scan on sbtest2  (cost=5.41..381.75 rows=95 width=125)
	  Recheck Cond: ((k >= 2407929) AND (k <= 2408029))
	  ->  Bitmap Index Scan on k_2  (cost=0.00..5.38 rows=95 width=0)
	        Index Cond: ((k >= 2407929) AND (k <= 2408029))

table 3 : explain SELECT k, c FROM sbtest3 WHERE k BETWEEN 2407929 AND 2408029
	Bitmap Heap Scan on sbtest3  (cost=5.57..444.82 rows=111 width=125)
	  Recheck Cond: ((k >= 2407929) AND (k <= 2408029))
	  ->  Bitmap Index Scan on k_3  (cost=0.00..5.54 rows=111 width=0)
	        Index Cond: ((k >= 2407929) AND (k <= 2408029))

table 4 : explain SELECT k, c FROM sbtest4 WHERE k BETWEEN 2407929 AND 2408029
	Bitmap Heap Scan on sbtest4  (cost=5.55..436.94 rows=109 width=125)
	  Recheck Cond: ((k >= 2407929) AND (k <= 2408029))
	  ->  Bitmap Index Scan on k_4  (cost=0.00..5.52 rows=109 width=0)
	        Index Cond: ((k >= 2407929) AND (k <= 2408029))

table 5 : explain SELECT k, c FROM sbtest5 WHERE k BETWEEN 2407929 AND 2408029
	Bitmap Heap Scan on sbtest5  (cost=5.42..385.74 rows=96 width=125)
	  Recheck Cond: ((k >= 2407929) AND (k <= 2408029))
	  ->  Bitmap Index Scan on k_5  (cost=0.00..5.39 rows=96 width=0)
	        Index Cond: ((k >= 2407929) AND (k <= 2408029))

table 6 : explain SELECT k, c FROM sbtest6 WHERE k BETWEEN 2407929 AND 2408029
	Bitmap Heap Scan on sbtest6  (cost=5.41..381.76 rows=95 width=125)
	  Recheck Cond: ((k >= 2407929) AND (k <= 2408029))
	  ->  Bitmap Index Scan on k_6  (cost=0.00..5.38 rows=95 width=0)
	        Index Cond: ((k >= 2407929) AND (k <= 2408029))

table 7 : explain SELECT k, c FROM sbtest7 WHERE k BETWEEN 2407929 AND 2408029
	Bitmap Heap Scan on sbtest7  (cost=5.51..421.23 rows=105 width=125)
	  Recheck Cond: ((k >= 2407929) AND (k <= 2408029))
	  ->  Bitmap Index Scan on k_7  (cost=0.00..5.48 rows=105 width=0)
	        Index Cond: ((k >= 2407929) AND (k <= 2408029))

table 8 : explain SELECT k, c FROM sbtest8 WHERE k BETWEEN 2407929 AND 2408029
	Bitmap Heap Scan on sbtest8  (cost=5.50..417.29 rows=104 width=125)
	  Recheck Cond: ((k >= 2407929) AND (k <= 2408029))
	  ->  Bitmap Index Scan on k_8  (cost=0.00..5.47 rows=104 width=0)
	        Index Cond: ((k >= 2407929) AND (k <= 2408029))


for range-notcovered
table 1 : explain SELECT k, c FROM sbtest1 WHERE k BETWEEN 8425699 AND 8425799
	Bitmap Heap Scan on sbtest1  (cost=5.41..381.76 rows=95 width=125)
	  Recheck Cond: ((k >= 8425699) AND (k <= 8425799))
	  ->  Bitmap Index Scan on k_1  (cost=0.00..5.38 rows=95 width=0)
	        Index Cond: ((k >= 8425699) AND (k <= 8425799))

table 2 : explain SELECT k, c FROM sbtest2 WHERE k BETWEEN 8425699 AND 8425799
	Bitmap Heap Scan on sbtest2  (cost=5.44..393.58 rows=98 width=125)
	  Recheck Cond: ((k >= 8425699) AND (k <= 8425799))
	  ->  Bitmap Index Scan on k_2  (cost=0.00..5.42 rows=98 width=0)
	        Index Cond: ((k >= 8425699) AND (k <= 8425799))

table 3 : explain SELECT k, c FROM sbtest3 WHERE k BETWEEN 8425699 AND 8425799
	Bitmap Heap Scan on sbtest3  (cost=5.51..421.18 rows=105 width=125)
	  Recheck Cond: ((k >= 8425699) AND (k <= 8425799))
	  ->  Bitmap Index Scan on k_3  (cost=0.00..5.48 rows=105 width=0)
	        Index Cond: ((k >= 8425699) AND (k <= 8425799))

table 4 : explain SELECT k, c FROM sbtest4 WHERE k BETWEEN 8425699 AND 8425799
	Bitmap Heap Scan on sbtest4  (cost=5.43..389.64 rows=97 width=125)
	  Recheck Cond: ((k >= 8425699) AND (k <= 8425799))
	  ->  Bitmap Index Scan on k_4  (cost=0.00..5.40 rows=97 width=0)
	        Index Cond: ((k >= 8425699) AND (k <= 8425799))

table 5 : explain SELECT k, c FROM sbtest5 WHERE k BETWEEN 8425699 AND 8425799
	Bitmap Heap Scan on sbtest5  (cost=5.46..401.51 rows=100 width=125)
	  Recheck Cond: ((k >= 8425699) AND (k <= 8425799))
	  ->  Bitmap Index Scan on k_5  (cost=0.00..5.43 rows=100 width=0)
	        Index Cond: ((k >= 8425699) AND (k <= 8425799))

table 6 : explain SELECT k, c FROM sbtest6 WHERE k BETWEEN 8425699 AND 8425799
	Bitmap Heap Scan on sbtest6  (cost=5.50..417.25 rows=104 width=125)
	  Recheck Cond: ((k >= 8425699) AND (k <= 8425799))
	  ->  Bitmap Index Scan on k_6  (cost=0.00..5.47 rows=104 width=0)
	        Index Cond: ((k >= 8425699) AND (k <= 8425799))

table 7 : explain SELECT k, c FROM sbtest7 WHERE k BETWEEN 8425699 AND 8425799
	Bitmap Heap Scan on sbtest7  (cost=5.49..413.35 rows=103 width=125)
	  Recheck Cond: ((k >= 8425699) AND (k <= 8425799))
	  ->  Bitmap Index Scan on k_7  (cost=0.00..5.46 rows=103 width=0)
	        Index Cond: ((k >= 8425699) AND (k <= 8425799))

table 8 : explain SELECT k, c FROM sbtest8 WHERE k BETWEEN 8425699 AND 8425799
	Bitmap Heap Scan on sbtest8  (cost=5.46..401.52 rows=100 width=125)
	  Recheck Cond: ((k >= 8425699) AND (k <= 8425799))
	  ->  Bitmap Index Scan on k_8  (cost=0.00..5.43 rows=100 width=0)
	        Index Cond: ((k >= 8425699) AND (k <= 8425799))

explain: for range-notcovered :: explain SELECT k, c FROM sbtest%d WHERE k BETWEEN 5027797 AND 5027897
explain: for range-notcovered :: explain SELECT k, c FROM sbtest%d WHERE k BETWEEN 5231136 AND 5231236for range-notcovered
table 1 : explain SELECT k, c FROM sbtest1 WHERE k BETWEEN 4170423 AND 4170523
	Bitmap Heap Scan on sbtest1  (cost=5.44..393.59 rows=98 width=125)
	  Recheck Cond: ((k >= 4170423) AND (k <= 4170523))
	  ->  Bitmap Index Scan on k_1  (cost=0.00..5.42 rows=98 width=0)
	        Index Cond: ((k >= 4170423) AND (k <= 4170523))

table 2 : explain SELECT k, c FROM sbtest2 WHERE k BETWEEN 4170423 AND 4170523
	Bitmap Heap Scan on sbtest2  (cost=5.56..440.88 rows=110 width=125)
	  Recheck Cond: ((k >= 4170423) AND (k <= 4170523))
	  ->  Bitmap Index Scan on k_2  (cost=0.00..5.53 rows=110 width=0)
	        Index Cond: ((k >= 4170423) AND (k <= 4170523))

table 3 : explain SELECT k, c FROM sbtest3 WHERE k BETWEEN 4170423 AND 4170523
	Bitmap Heap Scan on sbtest3  (cost=5.48..409.36 rows=102 width=125)
	  Recheck Cond: ((k >= 4170423) AND (k <= 4170523))
	  ->  Bitmap Index Scan on k_3  (cost=0.00..5.45 rows=102 width=0)
	        Index Cond: ((k >= 4170423) AND (k <= 4170523))

table 4 : explain SELECT k, c FROM sbtest4 WHERE k BETWEEN 4170423 AND 4170523
	Bitmap Heap Scan on sbtest4  (cost=5.49..413.30 rows=103 width=125)
	  Recheck Cond: ((k >= 4170423) AND (k <= 4170523))
	  ->  Bitmap Index Scan on k_4  (cost=0.00..5.46 rows=103 width=0)
	        Index Cond: ((k >= 4170423) AND (k <= 4170523))

table 5 : explain SELECT k, c FROM sbtest5 WHERE k BETWEEN 4170423 AND 4170523
	Bitmap Heap Scan on sbtest5  (cost=5.41..381.79 rows=95 width=125)
	  Recheck Cond: ((k >= 4170423) AND (k <= 4170523))
	  ->  Bitmap Index Scan on k_5  (cost=0.00..5.38 rows=95 width=0)
	        Index Cond: ((k >= 4170423) AND (k <= 4170523))

table 6 : explain SELECT k, c FROM sbtest6 WHERE k BETWEEN 4170423 AND 4170523
	Bitmap Heap Scan on sbtest6  (cost=5.57..444.83 rows=111 width=125)
	  Recheck Cond: ((k >= 4170423) AND (k <= 4170523))
	  ->  Bitmap Index Scan on k_6  (cost=0.00..5.54 rows=111 width=0)
	        Index Cond: ((k >= 4170423) AND (k <= 4170523))

table 7 : explain SELECT k, c FROM sbtest7 WHERE k BETWEEN 4170423 AND 4170523
	Bitmap Heap Scan on sbtest7  (cost=5.50..417.29 rows=104 width=125)
	  Recheck Cond: ((k >= 4170423) AND (k <= 4170523))
	  ->  Bitmap Index Scan on k_7  (cost=0.00..5.47 rows=104 width=0)
	        Index Cond: ((k >= 4170423) AND (k <= 4170523))

table 8 : explain SELECT k, c FROM sbtest8 WHERE k BETWEEN 4170423 AND 4170523
	Bitmap Heap Scan on sbtest8  (cost=5.47..405.46 rows=101 width=125)
	  Recheck Cond: ((k >= 4170423) AND (k <= 4170523))
	  ->  Bitmap Index Scan on k_8  (cost=0.00..5.44 rows=101 width=0)
	        Index Cond: ((k >= 4170423) AND (k <= 4170523))

explain: for range-notcovered :: explain SELECT k, c FROM sbtest%d WHERE k BETWEEN 843739 AND 843839
explain: for range-notcovered :: explain SELECT k, c FROM sbtest%d WHERE k BETWEEN 6262792 AND 6262892
for range-notcovered
table 1 : explain SELECT k, c FROM sbtest1 WHERE k BETWEEN 2369435 AND 2369535
	Bitmap Heap Scan on sbtest1  (cost=5.50..417.24 rows=104 width=125)
	  Recheck Cond: ((k >= 2369435) AND (k <= 2369535))
	  ->  Bitmap Index Scan on k_1  (cost=0.00..5.47 rows=104 width=0)
	        Index Cond: ((k >= 2369435) AND (k <= 2369535))

table 2 : explain SELECT k, c FROM sbtest2 WHERE k BETWEEN 2369435 AND 2369535
	Bitmap Heap Scan on sbtest2  (cost=5.41..381.75 rows=95 width=125)
	  Recheck Cond: ((k >= 2369435) AND (k <= 2369535))
	  ->  Bitmap Index Scan on k_2  (cost=0.00..5.38 rows=95 width=0)
	        Index Cond: ((k >= 2369435) AND (k <= 2369535))

table 3 : explain SELECT k, c FROM sbtest3 WHERE k BETWEEN 2369435 AND 2369535
	Bitmap Heap Scan on sbtest3  (cost=5.57..444.82 rows=111 width=125)
	  Recheck Cond: ((k >= 2369435) AND (k <= 2369535))
	  ->  Bitmap Index Scan on k_3  (cost=0.00..5.54 rows=111 width=0)
	        Index Cond: ((k >= 2369435) AND (k <= 2369535))

table 4 : explain SELECT k, c FROM sbtest4 WHERE k BETWEEN 2369435 AND 2369535
	Bitmap Heap Scan on sbtest4  (cost=5.55..436.94 rows=109 width=125)
	  Recheck Cond: ((k >= 2369435) AND (k <= 2369535))
	  ->  Bitmap Index Scan on k_4  (cost=0.00..5.52 rows=109 width=0)
	        Index Cond: ((k >= 2369435) AND (k <= 2369535))

table 5 : explain SELECT k, c FROM sbtest5 WHERE k BETWEEN 2369435 AND 2369535
	Bitmap Heap Scan on sbtest5  (cost=5.42..385.74 rows=96 width=125)
	  Recheck Cond: ((k >= 2369435) AND (k <= 2369535))
	  ->  Bitmap Index Scan on k_5  (cost=0.00..5.39 rows=96 width=0)
	        Index Cond: ((k >= 2369435) AND (k <= 2369535))

table 6 : explain SELECT k, c FROM sbtest6 WHERE k BETWEEN 2369435 AND 2369535
	Bitmap Heap Scan on sbtest6  (cost=5.45..397.54 rows=99 width=125)
	  Recheck Cond: ((k >= 2369435) AND (k <= 2369535))
	  ->  Bitmap Index Scan on k_6  (cost=0.00..5.42 rows=99 width=0)
	        Index Cond: ((k >= 2369435) AND (k <= 2369535))

table 7 : explain SELECT k, c FROM sbtest7 WHERE k BETWEEN 2369435 AND 2369535
	Bitmap Heap Scan on sbtest7  (cost=5.56..440.94 rows=110 width=125)
	  Recheck Cond: ((k >= 2369435) AND (k <= 2369535))
	  ->  Bitmap Index Scan on k_7  (cost=0.00..5.53 rows=110 width=0)
	        Index Cond: ((k >= 2369435) AND (k <= 2369535))

table 8 : explain SELECT k, c FROM sbtest8 WHERE k BETWEEN 2369435 AND 2369535
	Bitmap Heap Scan on sbtest8  (cost=5.49..413.34 rows=103 width=125)
	  Recheck Cond: ((k >= 2369435) AND (k <= 2369535))
	  ->  Bitmap Index Scan on k_8  (cost=0.00..5.46 rows=103 width=0)
	        Index Cond: ((k >= 2369435) AND (k <= 2369535))
explain: for range-notcovered :: explain SELECT k, c FROM sbtest%d WHERE k BETWEEN 4128757 AND 4128857for range-notcovered
table 1 : explain SELECT k, c FROM sbtest1 WHERE k BETWEEN 6165910 AND 6166010
	Bitmap Heap Scan on sbtest1  (cost=5.35..358.08 rows=89 width=125)
	  Recheck Cond: ((k >= 6165910) AND (k <= 6166010))
	  ->  Bitmap Index Scan on k_1  (cost=0.00..5.32 rows=89 width=0)
	        Index Cond: ((k >= 6165910) AND (k <= 6166010))

table 2 : explain SELECT k, c FROM sbtest2 WHERE k BETWEEN 6165910 AND 6166010
	Bitmap Heap Scan on sbtest2  (cost=5.45..397.53 rows=99 width=125)
	  Recheck Cond: ((k >= 6165910) AND (k <= 6166010))
	  ->  Bitmap Index Scan on k_2  (cost=0.00..5.42 rows=99 width=0)
	        Index Cond: ((k >= 6165910) AND (k <= 6166010))

table 3 : explain SELECT k, c FROM sbtest3 WHERE k BETWEEN 6165910 AND 6166010
	Bitmap Heap Scan on sbtest3  (cost=5.53..429.06 rows=107 width=125)
	  Recheck Cond: ((k >= 6165910) AND (k <= 6166010))
	  ->  Bitmap Index Scan on k_3  (cost=0.00..5.50 rows=107 width=0)
	        Index Cond: ((k >= 6165910) AND (k <= 6166010))

table 4 : explain SELECT k, c FROM sbtest4 WHERE k BETWEEN 6165910 AND 6166010
	Bitmap Heap Scan on sbtest4  (cost=5.48..409.35 rows=102 width=125)
	  Recheck Cond: ((k >= 6165910) AND (k <= 6166010))
	  ->  Bitmap Index Scan on k_4  (cost=0.00..5.45 rows=102 width=0)
	        Index Cond: ((k >= 6165910) AND (k <= 6166010))

table 5 : explain SELECT k, c FROM sbtest5 WHERE k BETWEEN 6165910 AND 6166010
	Bitmap Heap Scan on sbtest5  (cost=5.46..401.51 rows=100 width=125)
	  Recheck Cond: ((k >= 6165910) AND (k <= 6166010))
	  ->  Bitmap Index Scan on k_5  (cost=0.00..5.43 rows=100 width=0)
	        Index Cond: ((k >= 6165910) AND (k <= 6166010))

table 6 : explain SELECT k, c FROM sbtest6 WHERE k BETWEEN 6165910 AND 6166010
	Bitmap Heap Scan on sbtest6  (cost=5.42..385.71 rows=96 width=125)
	  Recheck Cond: ((k >= 6165910) AND (k <= 6166010))
	  ->  Bitmap Index Scan on k_6  (cost=0.00..5.39 rows=96 width=0)
	        Index Cond: ((k >= 6165910) AND (k <= 6166010))

table 7 : explain SELECT k, c FROM sbtest7 WHERE k BETWEEN 6165910 AND 6166010
	Bitmap Heap Scan on sbtest7  (cost=5.47..405.46 rows=101 width=125)
	  Recheck Cond: ((k >= 6165910) AND (k <= 6166010))
	  ->  Bitmap Index Scan on k_7  (cost=0.00..5.44 rows=101 width=0)
	        Index Cond: ((k >= 6165910) AND (k <= 6166010))

table 8 : explain SELECT k, c FROM sbtest8 WHERE k BETWEEN 6165910 AND 6166010
	Bitmap Heap Scan on sbtest8  (cost=5.53..429.11 rows=107 width=125)
	  Recheck Cond: ((k >= 6165910) AND (k <= 6166010))
	  ->  Bitmap Index Scan on k_8  (cost=0.00..5.50 rows=107 width=0)
	        Index Cond: ((k >= 6165910) AND (k <= 6166010))

explain: for range-notcovered :: explain SELECT k, c FROM sbtest%d WHERE k BETWEEN 5746081 AND 5746181
explain: for range-notcovered :: explain SELECT k, c FROM sbtest%d WHERE k BETWEEN 4170423 AND 4170523explain: for range-notcovered :: explain SELECT k, c FROM sbtest%d WHERE k BETWEEN 4431349 AND 4431449
explain: for range-notcovered :: explain SELECT k, c FROM sbtest%d WHERE k BETWEEN 2951443 AND 2951543
for range-notcovered
table 1 : explain SELECT k, c FROM sbtest1 WHERE k BETWEEN 5643096 AND 5643196
	Bitmap Heap Scan on sbtest1  (cost=5.51..421.19 rows=105 width=125)
	  Recheck Cond: ((k >= 5643096) AND (k <= 5643196))
	  ->  Bitmap Index Scan on k_1  (cost=0.00..5.48 rows=105 width=0)
	        Index Cond: ((k >= 5643096) AND (k <= 5643196))

table 2 : explain SELECT k, c FROM sbtest2 WHERE k BETWEEN 5643096 AND 5643196
	Bitmap Heap Scan on sbtest2  (cost=5.69..488.12 rows=122 width=125)
	  Recheck Cond: ((k >= 5643096) AND (k <= 5643196))
	  ->  Bitmap Index Scan on k_2  (cost=0.00..5.65 rows=122 width=0)
	        Index Cond: ((k >= 5643096) AND (k <= 5643196))

table 3 : explain SELECT k, c FROM sbtest3 WHERE k BETWEEN 5643096 AND 5643196
	Bitmap Heap Scan on sbtest3  (cost=5.51..421.18 rows=105 width=125)
	  Recheck Cond: ((k >= 5643096) AND (k <= 5643196))
	  ->  Bitmap Index Scan on k_3  (cost=0.00..5.48 rows=105 width=0)
	        Index Cond: ((k >= 5643096) AND (k <= 5643196))

table 4 : explain SELECT k, c FROM sbtest4 WHERE k BETWEEN 5643096 AND 5643196
	Bitmap Heap Scan on sbtest4  (cost=5.55..436.94 rows=109 width=125)
	  Recheck Cond: ((k >= 5643096) AND (k <= 5643196))
	  ->  Bitmap Index Scan on k_4  (cost=0.00..5.52 rows=109 width=0)
	        Index Cond: ((k >= 5643096) AND (k <= 5643196))

table 5 : explain SELECT k, c FROM sbtest5 WHERE k BETWEEN 5643096 AND 5643196
	Bitmap Heap Scan on sbtest5  (cost=5.44..393.62 rows=98 width=125)
	  Recheck Cond: ((k >= 5643096) AND (k <= 5643196))
	  ->  Bitmap Index Scan on k_5  (cost=0.00..5.42 rows=98 width=0)
	        Index Cond: ((k >= 5643096) AND (k <= 5643196))

table 6 : explain SELECT k, c FROM sbtest6 WHERE k BETWEEN 5643096 AND 5643196
	Bitmap Heap Scan on sbtest6  (cost=5.50..417.25 rows=104 width=125)
	  Recheck Cond: ((k >= 5643096) AND (k <= 5643196))
	  ->  Bitmap Index Scan on k_6  (cost=0.00..5.47 rows=104 width=0)
	        Index Cond: ((k >= 5643096) AND (k <= 5643196))

table 7 : explain SELECT k, c FROM sbtest7 WHERE k BETWEEN 5643096 AND 5643196
	Bitmap Heap Scan on sbtest7  (cost=5.48..409.41 rows=102 width=125)
	  Recheck Cond: ((k >= 5643096) AND (k <= 5643196))
	  ->  Bitmap Index Scan on k_7  (cost=0.00..5.45 rows=102 width=0)
	        Index Cond: ((k >= 5643096) AND (k <= 5643196))

table 8 : explain SELECT k, c FROM sbtest8 WHERE k BETWEEN 5643096 AND 5643196
	Bitmap Heap Scan on sbtest8  (cost=5.46..401.52 rows=100 width=125)
	  Recheck Cond: ((k >= 5643096) AND (k <= 5643196))
	  ->  Bitmap Index Scan on k_8  (cost=0.00..5.43 rows=100 width=0)
	        Index Cond: ((k >= 5643096) AND (k <= 5643196))

for range-notcovered
table 1 : explain SELECT k, c FROM sbtest1 WHERE k BETWEEN 4461436 AND 4461536
	Bitmap Heap Scan on sbtest1  (cost=5.52..425.13 rows=106 width=125)
	  Recheck Cond: ((k >= 4461436) AND (k <= 4461536))
	  ->  Bitmap Index Scan on k_1  (cost=0.00..5.50 rows=106 width=0)
	        Index Cond: ((k >= 4461436) AND (k <= 4461536))

table 2 : explain SELECT k, c FROM sbtest2 WHERE k BETWEEN 4461436 AND 4461536
	Bitmap Heap Scan on sbtest2  (cost=5.50..417.24 rows=104 width=125)
	  Recheck Cond: ((k >= 4461436) AND (k <= 4461536))
	  ->  Bitmap Index Scan on k_2  (cost=0.00..5.47 rows=104 width=0)
	        Index Cond: ((k >= 4461436) AND (k <= 4461536))

table 3 : explain SELECT k, c FROM sbtest3 WHERE k BETWEEN 4461436 AND 4461536
	Bitmap Heap Scan on sbtest3  (cost=5.43..389.64 rows=97 width=125)
	  Recheck Cond: ((k >= 4461436) AND (k <= 4461536))
	  ->  Bitmap Index Scan on k_3  (cost=0.00..5.40 rows=97 width=0)
	        Index Cond: ((k >= 4461436) AND (k <= 4461536))

table 4 : explain SELECT k, c FROM sbtest4 WHERE k BETWEEN 4461436 AND 4461536
	Bitmap Heap Scan on sbtest4  (cost=5.37..365.97 rows=91 width=125)
	  Recheck Cond: ((k >= 4461436) AND (k <= 4461536))
	  ->  Bitmap Index Scan on k_4  (cost=0.00..5.34 rows=91 width=0)
	        Index Cond: ((k >= 4461436) AND (k <= 4461536))

table 5 : explain SELECT k, c FROM sbtest5 WHERE k BETWEEN 4461436 AND 4461536
	Bitmap Heap Scan on sbtest5  (cost=5.47..405.46 rows=101 width=125)
	  Recheck Cond: ((k >= 4461436) AND (k <= 4461536))
	  ->  Bitmap Index Scan on k_5  (cost=0.00..5.44 rows=101 width=0)
	        Index Cond: ((k >= 4461436) AND (k <= 4461536))

table 6 : explain SELECT k, c FROM sbtest6 WHERE k BETWEEN 4461436 AND 4461536
	Bitmap Heap Scan on sbtest6  (cost=5.40..377.82 rows=94 width=125)
	  Recheck Cond: ((k >= 4461436) AND (k <= 4461536))
	  ->  Bitmap Index Scan on k_6  (cost=0.00..5.38 rows=94 width=0)
	        Index Cond: ((k >= 4461436) AND (k <= 4461536))

table 7 : explain SELECT k, c FROM sbtest7 WHERE k BETWEEN 4461436 AND 4461536
	Bitmap Heap Scan on sbtest7  (cost=5.57..444.88 rows=111 width=125)
	  Recheck Cond: ((k >= 4461436) AND (k <= 4461536))
	  ->  Bitmap Index Scan on k_7  (cost=0.00..5.54 rows=111 width=0)
	        Index Cond: ((k >= 4461436) AND (k <= 4461536))

table 8 : explain SELECT k, c FROM sbtest8 WHERE k BETWEEN 4461436 AND 4461536
	Bitmap Heap Scan on sbtest8  (cost=5.40..377.85 rows=94 width=125)
	  Recheck Cond: ((k >= 4461436) AND (k <= 4461536))
	  ->  Bitmap Index Scan on k_8  (cost=0.00..5.38 rows=94 width=0)
	        Index Cond: ((k >= 4461436) AND (k <= 4461536))

explain: for range-notcovered :: explain SELECT k, c FROM sbtest%d WHERE k BETWEEN 2407929 AND 2408029
for range-notcovered
table 1 : explain SELECT k, c FROM sbtest1 WHERE k BETWEEN 7238566 AND 7238666
	Bitmap Heap Scan on sbtest1  (cost=5.46..401.48 rows=100 width=125)
	  Recheck Cond: ((k >= 7238566) AND (k <= 7238666))
	  ->  Bitmap Index Scan on k_1  (cost=0.00..5.43 rows=100 width=0)
	        Index Cond: ((k >= 7238566) AND (k <= 7238666))

table 2 : explain SELECT k, c FROM sbtest2 WHERE k BETWEEN 7238566 AND 7238666
	Bitmap Heap Scan on sbtest2  (cost=5.42..385.69 rows=96 width=125)
	  Recheck Cond: ((k >= 7238566) AND (k <= 7238666))
	  ->  Bitmap Index Scan on k_2  (cost=0.00..5.39 rows=96 width=0)
	        Index Cond: ((k >= 7238566) AND (k <= 7238666))

table 3 : explain SELECT k, c FROM sbtest3 WHERE k BETWEEN 7238566 AND 7238666
	Bitmap Heap Scan on sbtest3  (cost=5.43..389.64 rows=97 width=125)
	  Recheck Cond: ((k >= 7238566) AND (k <= 7238666))
	  ->  Bitmap Index Scan on k_3  (cost=0.00..5.40 rows=97 width=0)
	        Index Cond: ((k >= 7238566) AND (k <= 7238666))

table 4 : explain SELECT k, c FROM sbtest4 WHERE k BETWEEN 7238566 AND 7238666
	Bitmap Heap Scan on sbtest4  (cost=5.37..365.97 rows=91 width=125)
	  Recheck Cond: ((k >= 7238566) AND (k <= 7238666))
	  ->  Bitmap Index Scan on k_4  (cost=0.00..5.34 rows=91 width=0)
	        Index Cond: ((k >= 7238566) AND (k <= 7238666))

table 5 : explain SELECT k, c FROM sbtest5 WHERE k BETWEEN 7238566 AND 7238666
	Bitmap Heap Scan on sbtest5  (cost=5.51..421.23 rows=105 width=125)
	  Recheck Cond: ((k >= 7238566) AND (k <= 7238666))
	  ->  Bitmap Index Scan on k_5  (cost=0.00..5.48 rows=105 width=0)
	        Index Cond: ((k >= 7238566) AND (k <= 7238666))

table 6 : explain SELECT k, c FROM sbtest6 WHERE k BETWEEN 7238566 AND 7238666
	Bitmap Heap Scan on sbtest6  (cost=5.54..433.02 rows=108 width=125)
	  Recheck Cond: ((k >= 7238566) AND (k <= 7238666))
	  ->  Bitmap Index Scan on k_6  (cost=0.00..5.51 rows=108 width=0)
	        Index Cond: ((k >= 7238566) AND (k <= 7238666))

table 7 : explain SELECT k, c FROM sbtest7 WHERE k BETWEEN 7238566 AND 7238666
	Bitmap Heap Scan on sbtest7  (cost=5.56..440.94 rows=110 width=125)
	  Recheck Cond: ((k >= 7238566) AND (k <= 7238666))
	  ->  Bitmap Index Scan on k_7  (cost=0.00..5.53 rows=110 width=0)
	        Index Cond: ((k >= 7238566) AND (k <= 7238666))

table 8 : explain SELECT k, c FROM sbtest8 WHERE k BETWEEN 7238566 AND 7238666
	Bitmap Heap Scan on sbtest8  (cost=5.50..417.29 rows=104 width=125)
	  Recheck Cond: ((k >= 7238566) AND (k <= 7238666))
	  ->  Bitmap Index Scan on k_8  (cost=0.00..5.47 rows=104 width=0)
	        Index Cond: ((k >= 7238566) AND (k <= 7238666))

for range-notcovered
table 1 : explain SELECT k, c FROM sbtest1 WHERE k BETWEEN 6190744 AND 6190844
	Bitmap Heap Scan on sbtest1  (cost=5.35..358.08 rows=89 width=125)
	  Recheck Cond: ((k >= 6190744) AND (k <= 6190844))
	  ->  Bitmap Index Scan on k_1  (cost=0.00..5.32 rows=89 width=0)
	        Index Cond: ((k >= 6190744) AND (k <= 6190844))

table 2 : explain SELECT k, c FROM sbtest2 WHERE k BETWEEN 6190744 AND 6190844
	Bitmap Heap Scan on sbtest2  (cost=5.49..413.29 rows=103 width=125)
	  Recheck Cond: ((k >= 6190744) AND (k <= 6190844))
	  ->  Bitmap Index Scan on k_2  (cost=0.00..5.46 rows=103 width=0)
	        Index Cond: ((k >= 6190744) AND (k <= 6190844))

table 3 : explain SELECT k, c FROM sbtest3 WHERE k BETWEEN 6190744 AND 6190844
	Bitmap Heap Scan on sbtest3  (cost=5.53..429.06 rows=107 width=125)
	  Recheck Cond: ((k >= 6190744) AND (k <= 6190844))
	  ->  Bitmap Index Scan on k_3  (cost=0.00..5.50 rows=107 width=0)
	        Index Cond: ((k >= 6190744) AND (k <= 6190844))

table 4 : explain SELECT k, c FROM sbtest4 WHERE k BETWEEN 6190744 AND 6190844
	Bitmap Heap Scan on sbtest4  (cost=5.48..409.35 rows=102 width=125)
	  Recheck Cond: ((k >= 6190744) AND (k <= 6190844))
	  ->  Bitmap Index Scan on k_4  (cost=0.00..5.45 rows=102 width=0)
	        Index Cond: ((k >= 6190744) AND (k <= 6190844))

table 5 : explain SELECT k, c FROM sbtest5 WHERE k BETWEEN 6190744 AND 6190844
	Bitmap Heap Scan on sbtest5  (cost=5.46..401.51 rows=100 width=125)
	  Recheck Cond: ((k >= 6190744) AND (k <= 6190844))
	  ->  Bitmap Index Scan on k_5  (cost=0.00..5.43 rows=100 width=0)
	        Index Cond: ((k >= 6190744) AND (k <= 6190844))

table 6 : explain SELECT k, c FROM sbtest6 WHERE k BETWEEN 6190744 AND 6190844
	Bitmap Heap Scan on sbtest6  (cost=5.47..405.43 rows=101 width=125)
	  Recheck Cond: ((k >= 6190744) AND (k <= 6190844))
	  ->  Bitmap Index Scan on k_6  (cost=0.00..5.44 rows=101 width=0)
	        Index Cond: ((k >= 6190744) AND (k <= 6190844))

table 7 : explain SELECT k, c FROM sbtest7 WHERE k BETWEEN 6190744 AND 6190844
	Bitmap Heap Scan on sbtest7  (cost=5.47..405.46 rows=101 width=125)
	  Recheck Cond: ((k >= 6190744) AND (k <= 6190844))
	  ->  Bitmap Index Scan on k_7  (cost=0.00..5.44 rows=101 width=0)
	        Index Cond: ((k >= 6190744) AND (k <= 6190844))

table 8 : explain SELECT k, c FROM sbtest8 WHERE k BETWEEN 6190744 AND 6190844
	Bitmap Heap Scan on sbtest8  (cost=5.53..429.11 rows=107 width=125)
	  Recheck Cond: ((k >= 6190744) AND (k <= 6190844))
	  ->  Bitmap Index Scan on k_8  (cost=0.00..5.50 rows=107 width=0)
	        Index Cond: ((k >= 6190744) AND (k <= 6190844))

explain: for range-notcovered :: explain SELECT k, c FROM sbtest%d WHERE k BETWEEN 4268992 AND 4269092
for range-notcovered
table 1 : explain SELECT k, c FROM sbtest1 WHERE k BETWEEN 4506587 AND 4506687
	Bitmap Heap Scan on sbtest1  (cost=5.46..401.48 rows=100 width=125)
	  Recheck Cond: ((k >= 4506587) AND (k <= 4506687))
	  ->  Bitmap Index Scan on k_1  (cost=0.00..5.43 rows=100 width=0)
	        Index Cond: ((k >= 4506587) AND (k <= 4506687))

table 2 : explain SELECT k, c FROM sbtest2 WHERE k BETWEEN 4506587 AND 4506687
	Bitmap Heap Scan on sbtest2  (cost=5.51..421.18 rows=105 width=125)
	  Recheck Cond: ((k >= 4506587) AND (k <= 4506687))
	  ->  Bitmap Index Scan on k_2  (cost=0.00..5.48 rows=105 width=0)
	        Index Cond: ((k >= 4506587) AND (k <= 4506687))

table 3 : explain SELECT k, c FROM sbtest3 WHERE k BETWEEN 4506587 AND 4506687
	Bitmap Heap Scan on sbtest3  (cost=5.43..389.64 rows=97 width=125)
	  Recheck Cond: ((k >= 4506587) AND (k <= 4506687))
	  ->  Bitmap Index Scan on k_3  (cost=0.00..5.40 rows=97 width=0)
	        Index Cond: ((k >= 4506587) AND (k <= 4506687))

table 4 : explain SELECT k, c FROM sbtest4 WHERE k BETWEEN 4506587 AND 4506687
	Bitmap Heap Scan on sbtest4  (cost=5.37..365.97 rows=91 width=125)
	  Recheck Cond: ((k >= 4506587) AND (k <= 4506687))
	  ->  Bitmap Index Scan on k_4  (cost=0.00..5.34 rows=91 width=0)
	        Index Cond: ((k >= 4506587) AND (k <= 4506687))

table 5 : explain SELECT k, c FROM sbtest5 WHERE k BETWEEN 4506587 AND 4506687
	Bitmap Heap Scan on sbtest5  (cost=5.47..405.46 rows=101 width=125)
	  Recheck Cond: ((k >= 4506587) AND (k <= 4506687))
	  ->  Bitmap Index Scan on k_5  (cost=0.00..5.44 rows=101 width=0)
	        Index Cond: ((k >= 4506587) AND (k <= 4506687))

table 6 : explain SELECT k, c FROM sbtest6 WHERE k BETWEEN 4506587 AND 4506687
	Bitmap Heap Scan on sbtest6  (cost=5.59..452.71 rows=113 width=125)
	  Recheck Cond: ((k >= 4506587) AND (k <= 4506687))
	  ->  Bitmap Index Scan on k_6  (cost=0.00..5.56 rows=113 width=0)
	        Index Cond: ((k >= 4506587) AND (k <= 4506687))

table 7 : explain SELECT k, c FROM sbtest7 WHERE k BETWEEN 4506587 AND 4506687
	Bitmap Heap Scan on sbtest7  (cost=5.57..444.88 rows=111 width=125)
	  Recheck Cond: ((k >= 4506587) AND (k <= 4506687))
	  ->  Bitmap Index Scan on k_7  (cost=0.00..5.54 rows=111 width=0)
	        Index Cond: ((k >= 4506587) AND (k <= 4506687))

table 8 : explain SELECT k, c FROM sbtest8 WHERE k BETWEEN 4506587 AND 4506687
	Bitmap Heap Scan on sbtest8  (cost=5.40..377.85 rows=94 width=125)
	  Recheck Cond: ((k >= 4506587) AND (k <= 4506687))
	  ->  Bitmap Index Scan on k_8  (cost=0.00..5.38 rows=94 width=0)
	        Index Cond: ((k >= 4506587) AND (k <= 4506687))



explain: for range-notcovered :: explain SELECT k, c FROM sbtest%d WHERE k BETWEEN 7238566 AND 7238666

explain: for range-notcovered :: explain SELECT k, c FROM sbtest%d WHERE k BETWEEN 6190744 AND 6190844
for range-notcovered
table 1 : explain SELECT k, c FROM sbtest1 WHERE k BETWEEN 3062718 AND 3062818
	Bitmap Heap Scan on sbtest1  (cost=5.47..405.42 rows=101 width=125)
	  Recheck Cond: ((k >= 3062718) AND (k <= 3062818))
	  ->  Bitmap Index Scan on k_1  (cost=0.00..5.44 rows=101 width=0)
	        Index Cond: ((k >= 3062718) AND (k <= 3062818))

table 2 : explain SELECT k, c FROM sbtest2 WHERE k BETWEEN 3062718 AND 3062818
	Bitmap Heap Scan on sbtest2  (cost=5.50..417.24 rows=104 width=125)
	  Recheck Cond: ((k >= 3062718) AND (k <= 3062818))
	  ->  Bitmap Index Scan on k_2  (cost=0.00..5.47 rows=104 width=0)
	        Index Cond: ((k >= 3062718) AND (k <= 3062818))

table 3 : explain SELECT k, c FROM sbtest3 WHERE k BETWEEN 3062718 AND 3062818
	Bitmap Heap Scan on sbtest3  (cost=5.38..369.91 rows=92 width=125)
	  Recheck Cond: ((k >= 3062718) AND (k <= 3062818))
	  ->  Bitmap Index Scan on k_3  (cost=0.00..5.35 rows=92 width=0)
	        Index Cond: ((k >= 3062718) AND (k <= 3062818))

table 4 : explain SELECT k, c FROM sbtest4 WHERE k BETWEEN 3062718 AND 3062818
	Bitmap Heap Scan on sbtest4  (cost=5.43..389.64 rows=97 width=125)
	  Recheck Cond: ((k >= 3062718) AND (k <= 3062818))
	  ->  Bitmap Index Scan on k_4  (cost=0.00..5.40 rows=97 width=0)
	        Index Cond: ((k >= 3062718) AND (k <= 3062818))

table 5 : explain SELECT k, c FROM sbtest5 WHERE k BETWEEN 3062718 AND 3062818
	Bitmap Heap Scan on sbtest5  (cost=5.45..397.57 rows=99 width=125)
	  Recheck Cond: ((k >= 3062718) AND (k <= 3062818))
	  ->  Bitmap Index Scan on k_5  (cost=0.00..5.42 rows=99 width=0)
	        Index Cond: ((k >= 3062718) AND (k <= 3062818))

table 6 : explain SELECT k, c FROM sbtest6 WHERE k BETWEEN 3062718 AND 3062818
	Bitmap Heap Scan on sbtest6  (cost=5.50..417.25 rows=104 width=125)
	  Recheck Cond: ((k >= 3062718) AND (k <= 3062818))
	  ->  Bitmap Index Scan on k_6  (cost=0.00..5.47 rows=104 width=0)
	        Index Cond: ((k >= 3062718) AND (k <= 3062818))

table 7 : explain SELECT k, c FROM sbtest7 WHERE k BETWEEN 3062718 AND 3062818
	Bitmap Heap Scan on sbtest7  (cost=5.44..393.63 rows=98 width=125)
	  Recheck Cond: ((k >= 3062718) AND (k <= 3062818))
	  ->  Bitmap Index Scan on k_7  (cost=0.00..5.42 rows=98 width=0)
	        Index Cond: ((k >= 3062718) AND (k <= 3062818))

table 8 : explain SELECT k, c FROM sbtest8 WHERE k BETWEEN 3062718 AND 3062818
	Bitmap Heap Scan on sbtest8  (cost=5.51..421.23 rows=105 width=125)
	  Recheck Cond: ((k >= 3062718) AND (k <= 3062818))
	  ->  Bitmap Index Scan on k_8  (cost=0.00..5.48 rows=105 width=0)
	        Index Cond: ((k >= 3062718) AND (k <= 3062818))

for range-notcovered
table 1 : explain SELECT k, c FROM sbtest1 WHERE k BETWEEN 7081738 AND 7081838
	Bitmap Heap Scan on sbtest1  (cost=5.53..429.07 rows=107 width=125)
	  Recheck Cond: ((k >= 7081738) AND (k <= 7081838))
	  ->  Bitmap Index Scan on k_1  (cost=0.00..5.50 rows=107 width=0)
	        Index Cond: ((k >= 7081738) AND (k <= 7081838))

table 2 : explain SELECT k, c FROM sbtest2 WHERE k BETWEEN 7081738 AND 7081838
	Bitmap Heap Scan on sbtest2  (cost=5.46..401.47 rows=100 width=125)
	  Recheck Cond: ((k >= 7081738) AND (k <= 7081838))
	  ->  Bitmap Index Scan on k_2  (cost=0.00..5.43 rows=100 width=0)
	        Index Cond: ((k >= 7081738) AND (k <= 7081838))

table 3 : explain SELECT k, c FROM sbtest3 WHERE k BETWEEN 7081738 AND 7081838
	Bitmap Heap Scan on sbtest3  (cost=5.63..468.44 rows=117 width=125)
	  Recheck Cond: ((k >= 7081738) AND (k <= 7081838))
	  ->  Bitmap Index Scan on k_3  (cost=0.00..5.60 rows=117 width=0)
	        Index Cond: ((k >= 7081738) AND (k <= 7081838))

table 4 : explain SELECT k, c FROM sbtest4 WHERE k BETWEEN 7081738 AND 7081838
	Bitmap Heap Scan on sbtest4  (cost=5.60..456.63 rows=114 width=125)
	  Recheck Cond: ((k >= 7081738) AND (k <= 7081838))
	  ->  Bitmap Index Scan on k_4  (cost=0.00..5.58 rows=114 width=0)
	        Index Cond: ((k >= 7081738) AND (k <= 7081838))

table 5 : explain SELECT k, c FROM sbtest5 WHERE k BETWEEN 7081738 AND 7081838
	Bitmap Heap Scan on sbtest5  (cost=5.45..397.57 rows=99 width=125)
	  Recheck Cond: ((k >= 7081738) AND (k <= 7081838))
	  ->  Bitmap Index Scan on k_5  (cost=0.00..5.42 rows=99 width=0)
	        Index Cond: ((k >= 7081738) AND (k <= 7081838))

table 6 : explain SELECT k, c FROM sbtest6 WHERE k BETWEEN 7081738 AND 7081838
	Bitmap Heap Scan on sbtest6  (cost=5.40..377.82 rows=94 width=125)
	  Recheck Cond: ((k >= 7081738) AND (k <= 7081838))
	  ->  Bitmap Index Scan on k_6  (cost=0.00..5.38 rows=94 width=0)
	        Index Cond: ((k >= 7081738) AND (k <= 7081838))

table 7 : explain SELECT k, c FROM sbtest7 WHERE k BETWEEN 7081738 AND 7081838
	Bitmap Heap Scan on sbtest7  (cost=5.52..425.17 rows=106 width=125)
	  Recheck Cond: ((k >= 7081738) AND (k <= 7081838))
	  ->  Bitmap Index Scan on k_7  (cost=0.00..5.50 rows=106 width=0)
	        Index Cond: ((k >= 7081738) AND (k <= 7081838))

table 8 : explain SELECT k, c FROM sbtest8 WHERE k BETWEEN 7081738 AND 7081838
	Bitmap Heap Scan on sbtest8  (cost=5.36..362.06 rows=90 width=125)
	  Recheck Cond: ((k >= 7081738) AND (k <= 7081838))
	  ->  Bitmap Index Scan on k_8  (cost=0.00..5.33 rows=90 width=0)
	        Index Cond: ((k >= 7081738) AND (k <= 7081838))

explain: for range-notcovered :: explain SELECT k, c FROM sbtest%d WHERE k BETWEEN 2369435 AND 2369535
for range-notcovered
table 1 : explain SELECT k, c FROM sbtest1 WHERE k BETWEEN 5954040 AND 5954140
	Bitmap Heap Scan on sbtest1  (cost=5.48..409.36 rows=102 width=125)
	  Recheck Cond: ((k >= 5954040) AND (k <= 5954140))
	  ->  Bitmap Index Scan on k_1  (cost=0.00..5.45 rows=102 width=0)
	        Index Cond: ((k >= 5954040) AND (k <= 5954140))

table 2 : explain SELECT k, c FROM sbtest2 WHERE k BETWEEN 5954040 AND 5954140
	Bitmap Heap Scan on sbtest2  (cost=5.52..425.12 rows=106 width=125)
	  Recheck Cond: ((k >= 5954040) AND (k <= 5954140))
	  ->  Bitmap Index Scan on k_2  (cost=0.00..5.50 rows=106 width=0)
	        Index Cond: ((k >= 5954040) AND (k <= 5954140))

table 3 : explain SELECT k, c FROM sbtest3 WHERE k BETWEEN 5954040 AND 5954140
	Bitmap Heap Scan on sbtest3  (cost=5.44..393.58 rows=98 width=125)
	  Recheck Cond: ((k >= 5954040) AND (k <= 5954140))
	  ->  Bitmap Index Scan on k_3  (cost=0.00..5.42 rows=98 width=0)
	        Index Cond: ((k >= 5954040) AND (k <= 5954140))

table 4 : explain SELECT k, c FROM sbtest4 WHERE k BETWEEN 5954040 AND 5954140
	Bitmap Heap Scan on sbtest4  (cost=5.48..409.35 rows=102 width=125)
	  Recheck Cond: ((k >= 5954040) AND (k <= 5954140))
	  ->  Bitmap Index Scan on k_4  (cost=0.00..5.45 rows=102 width=0)
	        Index Cond: ((k >= 5954040) AND (k <= 5954140))

table 5 : explain SELECT k, c FROM sbtest5 WHERE k BETWEEN 5954040 AND 5954140
	Bitmap Heap Scan on sbtest5  (cost=5.51..421.23 rows=105 width=125)
	  Recheck Cond: ((k >= 5954040) AND (k <= 5954140))
	  ->  Bitmap Index Scan on k_5  (cost=0.00..5.48 rows=105 width=0)
	        Index Cond: ((k >= 5954040) AND (k <= 5954140))

table 6 : explain SELECT k, c FROM sbtest6 WHERE k BETWEEN 5954040 AND 5954140
	Bitmap Heap Scan on sbtest6  (cost=5.44..393.60 rows=98 width=125)
	  Recheck Cond: ((k >= 5954040) AND (k <= 5954140))
	  ->  Bitmap Index Scan on k_6  (cost=0.00..5.42 rows=98 width=0)
	        Index Cond: ((k >= 5954040) AND (k <= 5954140))

table 7 : explain SELECT k, c FROM sbtest7 WHERE k BETWEEN 5954040 AND 5954140
	Bitmap Heap Scan on sbtest7  (cost=5.68..484.25 rows=121 width=125)
	  Recheck Cond: ((k >= 5954040) AND (k <= 5954140))
	  ->  Bitmap Index Scan on k_7  (cost=0.00..5.64 rows=121 width=0)
	        Index Cond: ((k >= 5954040) AND (k <= 5954140))

table 8 : explain SELECT k, c FROM sbtest8 WHERE k BETWEEN 5954040 AND 5954140
	Bitmap Heap Scan on sbtest8  (cost=5.52..425.17 rows=106 width=125)
	  Recheck Cond: ((k >= 5954040) AND (k <= 5954140))
	  ->  Bitmap Index Scan on k_8  (cost=0.00..5.50 rows=106 width=0)
	        Index Cond: ((k >= 5954040) AND (k <= 5954140))

explain: for range-notcovered :: explain SELECT k, c FROM sbtest%d WHERE k BETWEEN 3062718 AND 3062818

explain: for range-notcovered :: explain SELECT k, c FROM sbtest%d WHERE k BETWEEN 3027490 AND 3027590
explain: for range-notcovered :: explain SELECT k, c FROM sbtest%d WHERE k BETWEEN 6165910 AND 6166010explain: for range-notcovered :: explain SELECT k, c FROM sbtest%d WHERE k BETWEEN 7081738 AND 7081838for range-notcovered
table 1 : explain SELECT k, c FROM sbtest1 WHERE k BETWEEN 4944192 AND 4944292
	Bitmap Heap Scan on sbtest1  (cost=5.54..433.01 rows=108 width=125)
	  Recheck Cond: ((k >= 4944192) AND (k <= 4944292))
	  ->  Bitmap Index Scan on k_1  (cost=0.00..5.51 rows=108 width=0)
	        Index Cond: ((k >= 4944192) AND (k <= 4944292))

table 2 : explain SELECT k, c FROM sbtest2 WHERE k BETWEEN 4944192 AND 4944292
	Bitmap Heap Scan on sbtest2  (cost=5.48..409.35 rows=102 width=125)
	  Recheck Cond: ((k >= 4944192) AND (k <= 4944292))
	  ->  Bitmap Index Scan on k_2  (cost=0.00..5.45 rows=102 width=0)
	        Index Cond: ((k >= 4944192) AND (k <= 4944292))

table 3 : explain SELECT k, c FROM sbtest3 WHERE k BETWEEN 4944192 AND 4944292
	Bitmap Heap Scan on sbtest3  (cost=5.48..409.36 rows=102 width=125)
	  Recheck Cond: ((k >= 4944192) AND (k <= 4944292))
	  ->  Bitmap Index Scan on k_3  (cost=0.00..5.45 rows=102 width=0)
	        Index Cond: ((k >= 4944192) AND (k <= 4944292))

table 4 : explain SELECT k, c FROM sbtest4 WHERE k BETWEEN 4944192 AND 4944292
	Bitmap Heap Scan on sbtest4  (cost=5.48..409.35 rows=102 width=125)
	  Recheck Cond: ((k >= 4944192) AND (k <= 4944292))
	  ->  Bitmap Index Scan on k_4  (cost=0.00..5.45 rows=102 width=0)
	        Index Cond: ((k >= 4944192) AND (k <= 4944292))

table 5 : explain SELECT k, c FROM sbtest5 WHERE k BETWEEN 4944192 AND 4944292
	Bitmap Heap Scan on sbtest5  (cost=5.40..377.84 rows=94 width=125)
	  Recheck Cond: ((k >= 4944192) AND (k <= 4944292))
	  ->  Bitmap Index Scan on k_5  (cost=0.00..5.38 rows=94 width=0)
	        Index Cond: ((k >= 4944192) AND (k <= 4944292))

table 6 : explain SELECT k, c FROM sbtest6 WHERE k BETWEEN 4944192 AND 4944292
	Bitmap Heap Scan on sbtest6  (cost=5.47..405.43 rows=101 width=125)
	  Recheck Cond: ((k >= 4944192) AND (k <= 4944292))
	  ->  Bitmap Index Scan on k_6  (cost=0.00..5.44 rows=101 width=0)
	        Index Cond: ((k >= 4944192) AND (k <= 4944292))

table 7 : explain SELECT k, c FROM sbtest7 WHERE k BETWEEN 4944192 AND 4944292
	Bitmap Heap Scan on sbtest7  (cost=5.54..433.06 rows=108 width=125)
	  Recheck Cond: ((k >= 4944192) AND (k <= 4944292))
	  ->  Bitmap Index Scan on k_7  (cost=0.00..5.51 rows=108 width=0)
	        Index Cond: ((k >= 4944192) AND (k <= 4944292))

table 8 : explain SELECT k, c FROM sbtest8 WHERE k BETWEEN 4944192 AND 4944292
	Bitmap Heap Scan on sbtest8  (cost=5.41..381.79 rows=95 width=125)
	  Recheck Cond: ((k >= 4944192) AND (k <= 4944292))
	  ->  Bitmap Index Scan on k_8  (cost=0.00..5.38 rows=95 width=0)
	        Index Cond: ((k >= 4944192) AND (k <= 4944292))
for range-notcovered
table 1 : explain SELECT k, c FROM sbtest1 WHERE k BETWEEN 6877552 AND 6877652
	Bitmap Heap Scan on sbtest1  (cost=5.51..421.19 rows=105 width=125)
	  Recheck Cond: ((k >= 6877552) AND (k <= 6877652))
	  ->  Bitmap Index Scan on k_1  (cost=0.00..5.48 rows=105 width=0)
	        Index Cond: ((k >= 6877552) AND (k <= 6877652))

table 2 : explain SELECT k, c FROM sbtest2 WHERE k BETWEEN 6877552 AND 6877652
	Bitmap Heap Scan on sbtest2  (cost=5.54..433.00 rows=108 width=125)
	  Recheck Cond: ((k >= 6877552) AND (k <= 6877652))
	  ->  Bitmap Index Scan on k_2  (cost=0.00..5.51 rows=108 width=0)
	        Index Cond: ((k >= 6877552) AND (k <= 6877652))

table 3 : explain SELECT k, c FROM sbtest3 WHERE k BETWEEN 6877552 AND 6877652
	Bitmap Heap Scan on sbtest3  (cost=5.55..436.94 rows=109 width=125)
	  Recheck Cond: ((k >= 6877552) AND (k <= 6877652))
	  ->  Bitmap Index Scan on k_3  (cost=0.00..5.52 rows=109 width=0)
	        Index Cond: ((k >= 6877552) AND (k <= 6877652))

table 4 : explain SELECT k, c FROM sbtest4 WHERE k BETWEEN 6877552 AND 6877652
	Bitmap Heap Scan on sbtest4  (cost=5.41..381.75 rows=95 width=125)
	  Recheck Cond: ((k >= 6877552) AND (k <= 6877652))
	  ->  Bitmap Index Scan on k_4  (cost=0.00..5.38 rows=95 width=0)
	        Index Cond: ((k >= 6877552) AND (k <= 6877652))

table 5 : explain SELECT k, c FROM sbtest5 WHERE k BETWEEN 6877552 AND 6877652
	Bitmap Heap Scan on sbtest5  (cost=5.56..440.93 rows=110 width=125)
	  Recheck Cond: ((k >= 6877552) AND (k <= 6877652))
	  ->  Bitmap Index Scan on k_5  (cost=0.00..5.53 rows=110 width=0)
	        Index Cond: ((k >= 6877552) AND (k <= 6877652))

table 6 : explain SELECT k, c FROM sbtest6 WHERE k BETWEEN 6877552 AND 6877652
	Bitmap Heap Scan on sbtest6  (cost=5.41..381.76 rows=95 width=125)
	  Recheck Cond: ((k >= 6877552) AND (k <= 6877652))
	  ->  Bitmap Index Scan on k_6  (cost=0.00..5.38 rows=95 width=0)
	        Index Cond: ((k >= 6877552) AND (k <= 6877652))

table 7 : explain SELECT k, c FROM sbtest7 WHERE k BETWEEN 6877552 AND 6877652
	Bitmap Heap Scan on sbtest7  (cost=5.48..409.41 rows=102 width=125)
	  Recheck Cond: ((k >= 6877552) AND (k <= 6877652))
	  ->  Bitmap Index Scan on k_7  (cost=0.00..5.45 rows=102 width=0)
	        Index Cond: ((k >= 6877552) AND (k <= 6877652))

table 8 : explain SELECT k, c FROM sbtest8 WHERE k BETWEEN 6877552 AND 6877652
	Bitmap Heap Scan on sbtest8  (cost=5.53..429.11 rows=107 width=125)
	  Recheck Cond: ((k >= 6877552) AND (k <= 6877652))
	  ->  Bitmap Index Scan on k_8  (cost=0.00..5.50 rows=107 width=0)
	        Index Cond: ((k >= 6877552) AND (k <= 6877652))

explain: for range-notcovered :: explain SELECT k, c FROM sbtest%d WHERE k BETWEEN 8425699 AND 8425799
explain: for range-notcovered :: explain SELECT k, c FROM sbtest%d WHERE k BETWEEN 4461436 AND 4461536
for range-notcovered
table 1 : explain SELECT k, c FROM sbtest1 WHERE k BETWEEN 5346008 AND 5346108
	Bitmap Heap Scan on sbtest1  (cost=5.46..401.48 rows=100 width=125)
	  Recheck Cond: ((k >= 5346008) AND (k <= 5346108))
	  ->  Bitmap Index Scan on k_1  (cost=0.00..5.43 rows=100 width=0)
	        Index Cond: ((k >= 5346008) AND (k <= 5346108))

table 2 : explain SELECT k, c FROM sbtest2 WHERE k BETWEEN 5346008 AND 5346108
	Bitmap Heap Scan on sbtest2  (cost=5.47..405.41 rows=101 width=125)
	  Recheck Cond: ((k >= 5346008) AND (k <= 5346108))
	  ->  Bitmap Index Scan on k_2  (cost=0.00..5.44 rows=101 width=0)
	        Index Cond: ((k >= 5346008) AND (k <= 5346108))

table 3 : explain SELECT k, c FROM sbtest3 WHERE k BETWEEN 5346008 AND 5346108
	Bitmap Heap Scan on sbtest3  (cost=5.51..421.18 rows=105 width=125)
	  Recheck Cond: ((k >= 5346008) AND (k <= 5346108))
	  ->  Bitmap Index Scan on k_3  (cost=0.00..5.48 rows=105 width=0)
	        Index Cond: ((k >= 5346008) AND (k <= 5346108))

table 4 : explain SELECT k, c FROM sbtest4 WHERE k BETWEEN 5346008 AND 5346108
	Bitmap Heap Scan on sbtest4  (cost=5.55..436.94 rows=109 width=125)
	  Recheck Cond: ((k >= 5346008) AND (k <= 5346108))
	  ->  Bitmap Index Scan on k_4  (cost=0.00..5.52 rows=109 width=0)
	        Index Cond: ((k >= 5346008) AND (k <= 5346108))

table 5 : explain SELECT k, c FROM sbtest5 WHERE k BETWEEN 5346008 AND 5346108
	Bitmap Heap Scan on sbtest5  (cost=5.49..413.34 rows=103 width=125)
	  Recheck Cond: ((k >= 5346008) AND (k <= 5346108))
	  ->  Bitmap Index Scan on k_5  (cost=0.00..5.46 rows=103 width=0)
	        Index Cond: ((k >= 5346008) AND (k <= 5346108))

table 6 : explain SELECT k, c FROM sbtest6 WHERE k BETWEEN 5346008 AND 5346108
	Bitmap Heap Scan on sbtest6  (cost=5.54..433.02 rows=108 width=125)
	  Recheck Cond: ((k >= 5346008) AND (k <= 5346108))
	  ->  Bitmap Index Scan on k_6  (cost=0.00..5.51 rows=108 width=0)
	        Index Cond: ((k >= 5346008) AND (k <= 5346108))

table 7 : explain SELECT k, c FROM sbtest7 WHERE k BETWEEN 5346008 AND 5346108
	Bitmap Heap Scan on sbtest7  (cost=5.46..401.52 rows=100 width=125)
	  Recheck Cond: ((k >= 5346008) AND (k <= 5346108))
	  ->  Bitmap Index Scan on k_7  (cost=0.00..5.43 rows=100 width=0)
	        Index Cond: ((k >= 5346008) AND (k <= 5346108))

table 8 : explain SELECT k, c FROM sbtest8 WHERE k BETWEEN 5346008 AND 5346108
	Bitmap Heap Scan on sbtest8  (cost=5.50..417.29 rows=104 width=125)
	  Recheck Cond: ((k >= 5346008) AND (k <= 5346108))
	  ->  Bitmap Index Scan on k_8  (cost=0.00..5.47 rows=104 width=0)
	        Index Cond: ((k >= 5346008) AND (k <= 5346108))

explain: for range-notcovered :: explain SELECT k, c FROM sbtest%d WHERE k BETWEEN 4506587 AND 4506687
explain: for range-notcovered :: explain SELECT k, c FROM sbtest%d WHERE k BETWEEN 6877552 AND 6877652
explain: for range-notcovered :: explain SELECT k, c FROM sbtest%d WHERE k BETWEEN 8009198 AND 8009298
explain: for range-notcovered :: explain SELECT k, c FROM sbtest%d WHERE k BETWEEN 2353440 AND 2353540explain: for range-notcovered :: explain SELECT k, c FROM sbtest%d WHERE k BETWEEN 5346008 AND 5346108

explain: for range-notcovered :: explain SELECT k, c FROM sbtest%d WHERE k BETWEEN 5954040 AND 5954140

for range-notcovered
table 1 : explain SELECT k, c FROM sbtest1 WHERE k BETWEEN 8303696 AND 8303796
	Bitmap Heap Scan on sbtest1  (cost=5.46..401.48 rows=100 width=125)
	  Recheck Cond: ((k >= 8303696) AND (k <= 8303796))
	  ->  Bitmap Index Scan on k_1  (cost=0.00..5.43 rows=100 width=0)
	        Index Cond: ((k >= 8303696) AND (k <= 8303796))

table 2 : explain SELECT k, c FROM sbtest2 WHERE k BETWEEN 8303696 AND 8303796
	Bitmap Heap Scan on sbtest2  (cost=5.48..409.35 rows=102 width=125)
	  Recheck Cond: ((k >= 8303696) AND (k <= 8303796))
	  ->  Bitmap Index Scan on k_2  (cost=0.00..5.45 rows=102 width=0)
	        Index Cond: ((k >= 8303696) AND (k <= 8303796))

table 3 : explain SELECT k, c FROM sbtest3 WHERE k BETWEEN 8303696 AND 8303796
	Bitmap Heap Scan on sbtest3  (cost=5.45..397.53 rows=99 width=125)
	  Recheck Cond: ((k >= 8303696) AND (k <= 8303796))
	  ->  Bitmap Index Scan on k_3  (cost=0.00..5.42 rows=99 width=0)
	        Index Cond: ((k >= 8303696) AND (k <= 8303796))

table 4 : explain SELECT k, c FROM sbtest4 WHERE k BETWEEN 8303696 AND 8303796
	Bitmap Heap Scan on sbtest4  (cost=5.50..417.24 rows=104 width=125)
	  Recheck Cond: ((k >= 8303696) AND (k <= 8303796))
	  ->  Bitmap Index Scan on k_4  (cost=0.00..5.47 rows=104 width=0)
	        Index Cond: ((k >= 8303696) AND (k <= 8303796))

table 5 : explain SELECT k, c FROM sbtest5 WHERE k BETWEEN 8303696 AND 8303796
	Bitmap Heap Scan on sbtest5  (cost=5.47..405.46 rows=101 width=125)
	  Recheck Cond: ((k >= 8303696) AND (k <= 8303796))
	  ->  Bitmap Index Scan on k_5  (cost=0.00..5.44 rows=101 width=0)
	        Index Cond: ((k >= 8303696) AND (k <= 8303796))

table 6 : explain SELECT k, c FROM sbtest6 WHERE k BETWEEN 8303696 AND 8303796
	Bitmap Heap Scan on sbtest6  (cost=5.52..425.14 rows=106 width=125)
	  Recheck Cond: ((k >= 8303696) AND (k <= 8303796))
	  ->  Bitmap Index Scan on k_6  (cost=0.00..5.50 rows=106 width=0)
	        Index Cond: ((k >= 8303696) AND (k <= 8303796))

table 7 : explain SELECT k, c FROM sbtest7 WHERE k BETWEEN 8303696 AND 8303796
	Bitmap Heap Scan on sbtest7  (cost=5.44..393.63 rows=98 width=125)
	  Recheck Cond: ((k >= 8303696) AND (k <= 8303796))
	  ->  Bitmap Index Scan on k_7  (cost=0.00..5.42 rows=98 width=0)
	        Index Cond: ((k >= 8303696) AND (k <= 8303796))

table 8 : explain SELECT k, c FROM sbtest8 WHERE k BETWEEN 8303696 AND 8303796
	Bitmap Heap Scan on sbtest8  (cost=5.48..409.40 rows=102 width=125)
	  Recheck Cond: ((k >= 8303696) AND (k <= 8303796))
	  ->  Bitmap Index Scan on k_8  (cost=0.00..5.45 rows=102 width=0)
	        Index Cond: ((k >= 8303696) AND (k <= 8303796))

for range-notcovered
table 1 : explain SELECT k, c FROM sbtest1 WHERE k BETWEEN 5263201 AND 5263301
	Bitmap Heap Scan on sbtest1  (cost=5.46..401.48 rows=100 width=125)
	  Recheck Cond: ((k >= 5263201) AND (k <= 5263301))
	  ->  Bitmap Index Scan on k_1  (cost=0.00..5.43 rows=100 width=0)
	        Index Cond: ((k >= 5263201) AND (k <= 5263301))

table 2 : explain SELECT k, c FROM sbtest2 WHERE k BETWEEN 5263201 AND 5263301
	Bitmap Heap Scan on sbtest2  (cost=5.58..448.75 rows=112 width=125)
	  Recheck Cond: ((k >= 5263201) AND (k <= 5263301))
	  ->  Bitmap Index Scan on k_2  (cost=0.00..5.55 rows=112 width=0)
	        Index Cond: ((k >= 5263201) AND (k <= 5263301))

table 3 : explain SELECT k, c FROM sbtest3 WHERE k BETWEEN 5263201 AND 5263301
	Bitmap Heap Scan on sbtest3  (cost=5.49..413.30 rows=103 width=125)
	  Recheck Cond: ((k >= 5263201) AND (k <= 5263301))
	  ->  Bitmap Index Scan on k_3  (cost=0.00..5.46 rows=103 width=0)
	        Index Cond: ((k >= 5263201) AND (k <= 5263301))

table 4 : explain SELECT k, c FROM sbtest4 WHERE k BETWEEN 5263201 AND 5263301
	Bitmap Heap Scan on sbtest4  (cost=5.41..381.75 rows=95 width=125)
	  Recheck Cond: ((k >= 5263201) AND (k <= 5263301))
	  ->  Bitmap Index Scan on k_4  (cost=0.00..5.38 rows=95 width=0)
	        Index Cond: ((k >= 5263201) AND (k <= 5263301))

table 5 : explain SELECT k, c FROM sbtest5 WHERE k BETWEEN 5263201 AND 5263301
	Bitmap Heap Scan on sbtest5  (cost=5.55..436.99 rows=109 width=125)
	  Recheck Cond: ((k >= 5263201) AND (k <= 5263301))
	  ->  Bitmap Index Scan on k_5  (cost=0.00..5.52 rows=109 width=0)
	        Index Cond: ((k >= 5263201) AND (k <= 5263301))

table 6 : explain SELECT k, c FROM sbtest6 WHERE k BETWEEN 5263201 AND 5263301
	Bitmap Heap Scan on sbtest6  (cost=5.51..421.19 rows=105 width=125)
	  Recheck Cond: ((k >= 5263201) AND (k <= 5263301))
	  ->  Bitmap Index Scan on k_6  (cost=0.00..5.48 rows=105 width=0)
	        Index Cond: ((k >= 5263201) AND (k <= 5263301))

table 7 : explain SELECT k, c FROM sbtest7 WHERE k BETWEEN 5263201 AND 5263301
	Bitmap Heap Scan on sbtest7  (cost=5.36..362.06 rows=90 width=125)
	  Recheck Cond: ((k >= 5263201) AND (k <= 5263301))
	  ->  Bitmap Index Scan on k_7  (cost=0.00..5.33 rows=90 width=0)
	        Index Cond: ((k >= 5263201) AND (k <= 5263301))

table 8 : explain SELECT k, c FROM sbtest8 WHERE k BETWEEN 5263201 AND 5263301
	Bitmap Heap Scan on sbtest8  (cost=5.52..425.17 rows=106 width=125)
	  Recheck Cond: ((k >= 5263201) AND (k <= 5263301))
	  ->  Bitmap Index Scan on k_8  (cost=0.00..5.50 rows=106 width=0)
	        Index Cond: ((k >= 5263201) AND (k <= 5263301))

for range-notcovered
table 1 : explain SELECT k, c FROM sbtest1 WHERE k BETWEEN 3246183 AND 3246283
	Bitmap Heap Scan on sbtest1  (cost=5.59..452.70 rows=113 width=125)
	  Recheck Cond: ((k >= 3246183) AND (k <= 3246283))
	  ->  Bitmap Index Scan on k_1  (cost=0.00..5.56 rows=113 width=0)
	        Index Cond: ((k >= 3246183) AND (k <= 3246283))

table 2 : explain SELECT k, c FROM sbtest2 WHERE k BETWEEN 3246183 AND 3246283
	Bitmap Heap Scan on sbtest2  (cost=5.44..393.58 rows=98 width=125)
	  Recheck Cond: ((k >= 3246183) AND (k <= 3246283))
	  ->  Bitmap Index Scan on k_2  (cost=0.00..5.42 rows=98 width=0)
	        Index Cond: ((k >= 3246183) AND (k <= 3246283))

table 3 : explain SELECT k, c FROM sbtest3 WHERE k BETWEEN 3246183 AND 3246283
	Bitmap Heap Scan on sbtest3  (cost=5.53..429.06 rows=107 width=125)
	  Recheck Cond: ((k >= 3246183) AND (k <= 3246283))
	  ->  Bitmap Index Scan on k_3  (cost=0.00..5.50 rows=107 width=0)
	        Index Cond: ((k >= 3246183) AND (k <= 3246283))

table 4 : explain SELECT k, c FROM sbtest4 WHERE k BETWEEN 3246183 AND 3246283
	Bitmap Heap Scan on sbtest4  (cost=5.50..417.24 rows=104 width=125)
	  Recheck Cond: ((k >= 3246183) AND (k <= 3246283))
	  ->  Bitmap Index Scan on k_4  (cost=0.00..5.47 rows=104 width=0)
	        Index Cond: ((k >= 3246183) AND (k <= 3246283))

table 5 : explain SELECT k, c FROM sbtest5 WHERE k BETWEEN 3246183 AND 3246283
	Bitmap Heap Scan on sbtest5  (cost=5.43..389.68 rows=97 width=125)
	  Recheck Cond: ((k >= 3246183) AND (k <= 3246283))
	  ->  Bitmap Index Scan on k_5  (cost=0.00..5.40 rows=97 width=0)
	        Index Cond: ((k >= 3246183) AND (k <= 3246283))

table 6 : explain SELECT k, c FROM sbtest6 WHERE k BETWEEN 3246183 AND 3246283
	Bitmap Heap Scan on sbtest6  (cost=5.38..369.93 rows=92 width=125)
	  Recheck Cond: ((k >= 3246183) AND (k <= 3246283))
	  ->  Bitmap Index Scan on k_6  (cost=0.00..5.35 rows=92 width=0)
	        Index Cond: ((k >= 3246183) AND (k <= 3246283))

table 7 : explain SELECT k, c FROM sbtest7 WHERE k BETWEEN 3246183 AND 3246283
	Bitmap Heap Scan on sbtest7  (cost=5.51..421.23 rows=105 width=125)
	  Recheck Cond: ((k >= 3246183) AND (k <= 3246283))
	  ->  Bitmap Index Scan on k_7  (cost=0.00..5.48 rows=105 width=0)
	        Index Cond: ((k >= 3246183) AND (k <= 3246283))

table 8 : explain SELECT k, c FROM sbtest8 WHERE k BETWEEN 3246183 AND 3246283
	Bitmap Heap Scan on sbtest8  (cost=5.45..397.57 rows=99 width=125)
	  Recheck Cond: ((k >= 3246183) AND (k <= 3246283))
	  ->  Bitmap Index Scan on k_8  (cost=0.00..5.42 rows=99 width=0)
	        Index Cond: ((k >= 3246183) AND (k <= 3246283))



for range-notcovered
table 1 : explain SELECT k, c FROM sbtest1 WHERE k BETWEEN 5027797 AND 5027897
	Bitmap Heap Scan on sbtest1  (cost=5.43..389.65 rows=97 width=125)
	  Recheck Cond: ((k >= 5027797) AND (k <= 5027897))
	  ->  Bitmap Index Scan on k_1  (cost=0.00..5.40 rows=97 width=0)
	        Index Cond: ((k >= 5027797) AND (k <= 5027897))

table 2 : explain SELECT k, c FROM sbtest2 WHERE k BETWEEN 5027797 AND 5027897
	Bitmap Heap Scan on sbtest2  (cost=5.49..413.29 rows=103 width=125)
	  Recheck Cond: ((k >= 5027797) AND (k <= 5027897))
	  ->  Bitmap Index Scan on k_2  (cost=0.00..5.46 rows=103 width=0)
	        Index Cond: ((k >= 5027797) AND (k <= 5027897))

table 3 : explain SELECT k, c FROM sbtest3 WHERE k BETWEEN 5027797 AND 5027897
	Bitmap Heap Scan on sbtest3  (cost=5.48..409.36 rows=102 width=125)
	  Recheck Cond: ((k >= 5027797) AND (k <= 5027897))
	  ->  Bitmap Index Scan on k_3  (cost=0.00..5.45 rows=102 width=0)
	        Index Cond: ((k >= 5027797) AND (k <= 5027897))

table 4 : explain SELECT k, c FROM sbtest4 WHERE k BETWEEN 5027797 AND 5027897
	Bitmap Heap Scan on sbtest4  (cost=5.48..409.35 rows=102 width=125)
	  Recheck Cond: ((k >= 5027797) AND (k <= 5027897))
	  ->  Bitmap Index Scan on k_4  (cost=0.00..5.45 rows=102 width=0)
	        Index Cond: ((k >= 5027797) AND (k <= 5027897))

table 5 : explain SELECT k, c FROM sbtest5 WHERE k BETWEEN 5027797 AND 5027897
	Bitmap Heap Scan on sbtest5  (cost=5.42..385.74 rows=96 width=125)
	  Recheck Cond: ((k >= 5027797) AND (k <= 5027897))
	  ->  Bitmap Index Scan on k_5  (cost=0.00..5.39 rows=96 width=0)
	        Index Cond: ((k >= 5027797) AND (k <= 5027897))

table 6 : explain SELECT k, c FROM sbtest6 WHERE k BETWEEN 5027797 AND 5027897
	Bitmap Heap Scan on sbtest6  (cost=5.49..413.31 rows=103 width=125)
	  Recheck Cond: ((k >= 5027797) AND (k <= 5027897))
	  ->  Bitmap Index Scan on k_6  (cost=0.00..5.46 rows=103 width=0)
	        Index Cond: ((k >= 5027797) AND (k <= 5027897))

table 7 : explain SELECT k, c FROM sbtest7 WHERE k BETWEEN 5027797 AND 5027897
	Bitmap Heap Scan on sbtest7  (cost=5.54..433.06 rows=108 width=125)
	  Recheck Cond: ((k >= 5027797) AND (k <= 5027897))
	  ->  Bitmap Index Scan on k_7  (cost=0.00..5.51 rows=108 width=0)
	        Index Cond: ((k >= 5027797) AND (k <= 5027897))

table 8 : explain SELECT k, c FROM sbtest8 WHERE k BETWEEN 5027797 AND 5027897
	Bitmap Heap Scan on sbtest8  (cost=5.41..381.79 rows=95 width=125)
	  Recheck Cond: ((k >= 5027797) AND (k <= 5027897))
	  ->  Bitmap Index Scan on k_8  (cost=0.00..5.38 rows=95 width=0)
	        Index Cond: ((k >= 5027797) AND (k <= 5027897))

for range-notcovered
table 1 : explain SELECT k, c FROM sbtest1 WHERE k BETWEEN 5134073 AND 5134173
	Bitmap Heap Scan on sbtest1  (cost=5.53..429.07 rows=107 width=125)
	  Recheck Cond: ((k >= 5134073) AND (k <= 5134173))
	  ->  Bitmap Index Scan on k_1  (cost=0.00..5.50 rows=107 width=0)
	        Index Cond: ((k >= 5134073) AND (k <= 5134173))

table 2 : explain SELECT k, c FROM sbtest2 WHERE k BETWEEN 5134073 AND 5134173
	Bitmap Heap Scan on sbtest2  (cost=5.45..397.53 rows=99 width=125)
	  Recheck Cond: ((k >= 5134073) AND (k <= 5134173))
	  ->  Bitmap Index Scan on k_2  (cost=0.00..5.42 rows=99 width=0)
	        Index Cond: ((k >= 5134073) AND (k <= 5134173))

table 3 : explain SELECT k, c FROM sbtest3 WHERE k BETWEEN 5134073 AND 5134173
	Bitmap Heap Scan on sbtest3  (cost=5.50..417.24 rows=104 width=125)
	  Recheck Cond: ((k >= 5134073) AND (k <= 5134173))
	  ->  Bitmap Index Scan on k_3  (cost=0.00..5.47 rows=104 width=0)
	        Index Cond: ((k >= 5134073) AND (k <= 5134173))

table 4 : explain SELECT k, c FROM sbtest4 WHERE k BETWEEN 5134073 AND 5134173
	Bitmap Heap Scan on sbtest4  (cost=5.45..397.53 rows=99 width=125)
	  Recheck Cond: ((k >= 5134073) AND (k <= 5134173))
	  ->  Bitmap Index Scan on k_4  (cost=0.00..5.42 rows=99 width=0)
	        Index Cond: ((k >= 5134073) AND (k <= 5134173))

table 5 : explain SELECT k, c FROM sbtest5 WHERE k BETWEEN 5134073 AND 5134173
	Bitmap Heap Scan on sbtest5  (cost=5.45..397.57 rows=99 width=125)
	  Recheck Cond: ((k >= 5134073) AND (k <= 5134173))
	  ->  Bitmap Index Scan on k_5  (cost=0.00..5.42 rows=99 width=0)
	        Index Cond: ((k >= 5134073) AND (k <= 5134173))

table 6 : explain SELECT k, c FROM sbtest6 WHERE k BETWEEN 5134073 AND 5134173
	Bitmap Heap Scan on sbtest6  (cost=5.44..393.60 rows=98 width=125)
	  Recheck Cond: ((k >= 5134073) AND (k <= 5134173))
	  ->  Bitmap Index Scan on k_6  (cost=0.00..5.42 rows=98 width=0)
	        Index Cond: ((k >= 5134073) AND (k <= 5134173))

table 7 : explain SELECT k, c FROM sbtest7 WHERE k BETWEEN 5134073 AND 5134173
	Bitmap Heap Scan on sbtest7  (cost=5.46..401.52 rows=100 width=125)
	  Recheck Cond: ((k >= 5134073) AND (k <= 5134173))
	  ->  Bitmap Index Scan on k_7  (cost=0.00..5.43 rows=100 width=0)
	        Index Cond: ((k >= 5134073) AND (k <= 5134173))

table 8 : explain SELECT k, c FROM sbtest8 WHERE k BETWEEN 5134073 AND 5134173
	Bitmap Heap Scan on sbtest8  (cost=5.46..401.52 rows=100 width=125)
	  Recheck Cond: ((k >= 5134073) AND (k <= 5134173))
	  ->  Bitmap Index Scan on k_8  (cost=0.00..5.43 rows=100 width=0)
	        Index Cond: ((k >= 5134073) AND (k <= 5134173))


for range-notcovered
table 1 : explain SELECT k, c FROM sbtest1 WHERE k BETWEEN 6055677 AND 6055777
	Bitmap Heap Scan on sbtest1  (cost=5.48..409.36 rows=102 width=125)
	  Recheck Cond: ((k >= 6055677) AND (k <= 6055777))
	  ->  Bitmap Index Scan on k_1  (cost=0.00..5.45 rows=102 width=0)
	        Index Cond: ((k >= 6055677) AND (k <= 6055777))

table 2 : explain SELECT k, c FROM sbtest2 WHERE k BETWEEN 6055677 AND 6055777
	Bitmap Heap Scan on sbtest2  (cost=5.63..468.44 rows=117 width=125)
	  Recheck Cond: ((k >= 6055677) AND (k <= 6055777))
	  ->  Bitmap Index Scan on k_2  (cost=0.00..5.60 rows=117 width=0)
	        Index Cond: ((k >= 6055677) AND (k <= 6055777))

table 3 : explain SELECT k, c FROM sbtest3 WHERE k BETWEEN 6055677 AND 6055777
	Bitmap Heap Scan on sbtest3  (cost=5.60..456.63 rows=114 width=125)
	  Recheck Cond: ((k >= 6055677) AND (k <= 6055777))
	  ->  Bitmap Index Scan on k_3  (cost=0.00..5.58 rows=114 width=0)
	        Index Cond: ((k >= 6055677) AND (k <= 6055777))

table 4 : explain SELECT k, c FROM sbtest4 WHERE k BETWEEN 6055677 AND 6055777
	Bitmap Heap Scan on sbtest4  (cost=5.36..362.02 rows=90 width=125)
	  Recheck Cond: ((k >= 6055677) AND (k <= 6055777))
	  ->  Bitmap Index Scan on k_4  (cost=0.00..5.33 rows=90 width=0)
	        Index Cond: ((k >= 6055677) AND (k <= 6055777))

table 5 : explain SELECT k, c FROM sbtest5 WHERE k BETWEEN 6055677 AND 6055777
	Bitmap Heap Scan on sbtest5  (cost=5.43..389.68 rows=97 width=125)
	  Recheck Cond: ((k >= 6055677) AND (k <= 6055777))
	  ->  Bitmap Index Scan on k_5  (cost=0.00..5.40 rows=97 width=0)
	        Index Cond: ((k >= 6055677) AND (k <= 6055777))

table 6 : explain SELECT k, c FROM sbtest6 WHERE k BETWEEN 6055677 AND 6055777
	Bitmap Heap Scan on sbtest6  (cost=5.51..421.19 rows=105 width=125)
	  Recheck Cond: ((k >= 6055677) AND (k <= 6055777))
	  ->  Bitmap Index Scan on k_6  (cost=0.00..5.48 rows=105 width=0)
	        Index Cond: ((k >= 6055677) AND (k <= 6055777))

table 7 : explain SELECT k, c FROM sbtest7 WHERE k BETWEEN 6055677 AND 6055777
	Bitmap Heap Scan on sbtest7  (cost=5.53..429.12 rows=107 width=125)
	  Recheck Cond: ((k >= 6055677) AND (k <= 6055777))
	  ->  Bitmap Index Scan on k_7  (cost=0.00..5.50 rows=107 width=0)
	        Index Cond: ((k >= 6055677) AND (k <= 6055777))

table 8 : explain SELECT k, c FROM sbtest8 WHERE k BETWEEN 6055677 AND 6055777
	Bitmap Heap Scan on sbtest8  (cost=5.44..393.63 rows=98 width=125)
	  Recheck Cond: ((k >= 6055677) AND (k <= 6055777))
	  ->  Bitmap Index Scan on k_8  (cost=0.00..5.42 rows=98 width=0)
	        Index Cond: ((k >= 6055677) AND (k <= 6055777))

for range-notcovered
table 1 : explain SELECT k, c FROM sbtest1 WHERE k BETWEEN 843739 AND 843839
	Bitmap Heap Scan on sbtest1  (cost=5.52..425.13 rows=106 width=125)
	  Recheck Cond: ((k >= 843739) AND (k <= 843839))
	  ->  Bitmap Index Scan on k_1  (cost=0.00..5.50 rows=106 width=0)
	        Index Cond: ((k >= 843739) AND (k <= 843839))

table 2 : explain SELECT k, c FROM sbtest2 WHERE k BETWEEN 843739 AND 843839
	Bitmap Heap Scan on sbtest2  (cost=5.51..421.18 rows=105 width=125)
	  Recheck Cond: ((k >= 843739) AND (k <= 843839))
	  ->  Bitmap Index Scan on k_2  (cost=0.00..5.48 rows=105 width=0)
	        Index Cond: ((k >= 843739) AND (k <= 843839))

table 3 : explain SELECT k, c FROM sbtest3 WHERE k BETWEEN 843739 AND 843839
	Bitmap Heap Scan on sbtest3  (cost=5.47..405.41 rows=101 width=125)
	  Recheck Cond: ((k >= 843739) AND (k <= 843839))
	  ->  Bitmap Index Scan on k_3  (cost=0.00..5.44 rows=101 width=0)
	        Index Cond: ((k >= 843739) AND (k <= 843839))

table 4 : explain SELECT k, c FROM sbtest4 WHERE k BETWEEN 843739 AND 843839
	Bitmap Heap Scan on sbtest4  (cost=5.54..433.00 rows=108 width=125)
	  Recheck Cond: ((k >= 843739) AND (k <= 843839))
	  ->  Bitmap Index Scan on k_4  (cost=0.00..5.51 rows=108 width=0)
	        Index Cond: ((k >= 843739) AND (k <= 843839))

table 5 : explain SELECT k, c FROM sbtest5 WHERE k BETWEEN 843739 AND 843839
	Bitmap Heap Scan on sbtest5  (cost=5.44..393.62 rows=98 width=125)
	  Recheck Cond: ((k >= 843739) AND (k <= 843839))
	  ->  Bitmap Index Scan on k_5  (cost=0.00..5.42 rows=98 width=0)
	        Index Cond: ((k >= 843739) AND (k <= 843839))

table 6 : explain SELECT k, c FROM sbtest6 WHERE k BETWEEN 843739 AND 843839
	Bitmap Heap Scan on sbtest6  (cost=5.52..425.14 rows=106 width=125)
	  Recheck Cond: ((k >= 843739) AND (k <= 843839))
	  ->  Bitmap Index Scan on k_6  (cost=0.00..5.50 rows=106 width=0)
	        Index Cond: ((k >= 843739) AND (k <= 843839))

table 7 : explain SELECT k, c FROM sbtest7 WHERE k BETWEEN 843739 AND 843839
	Bitmap Heap Scan on sbtest7  (cost=5.53..429.12 rows=107 width=125)
	  Recheck Cond: ((k >= 843739) AND (k <= 843839))
	  ->  Bitmap Index Scan on k_7  (cost=0.00..5.50 rows=107 width=0)
	        Index Cond: ((k >= 843739) AND (k <= 843839))

table 8 : explain SELECT k, c FROM sbtest8 WHERE k BETWEEN 843739 AND 843839
	Bitmap Heap Scan on sbtest8  (cost=5.49..413.34 rows=103 width=125)
	  Recheck Cond: ((k >= 843739) AND (k <= 843839))
	  ->  Bitmap Index Scan on k_8  (cost=0.00..5.46 rows=103 width=0)
	        Index Cond: ((k >= 843739) AND (k <= 843839))
for range-notcovered
table 1 : explain SELECT k, c FROM sbtest1 WHERE k BETWEEN 2776751 AND 2776851
	Bitmap Heap Scan on sbtest1  (cost=5.49..413.30 rows=103 width=125)
	  Recheck Cond: ((k >= 2776751) AND (k <= 2776851))
	  ->  Bitmap Index Scan on k_1  (cost=0.00..5.46 rows=103 width=0)
	        Index Cond: ((k >= 2776751) AND (k <= 2776851))

table 2 : explain SELECT k, c FROM sbtest2 WHERE k BETWEEN 2776751 AND 2776851
	Bitmap Heap Scan on sbtest2  (cost=5.54..433.00 rows=108 width=125)
	  Recheck Cond: ((k >= 2776751) AND (k <= 2776851))
	  ->  Bitmap Index Scan on k_2  (cost=0.00..5.51 rows=108 width=0)
	        Index Cond: ((k >= 2776751) AND (k <= 2776851))

table 3 : explain SELECT k, c FROM sbtest3 WHERE k BETWEEN 2776751 AND 2776851
	Bitmap Heap Scan on sbtest3  (cost=5.44..393.58 rows=98 width=125)
	  Recheck Cond: ((k >= 2776751) AND (k <= 2776851))
	  ->  Bitmap Index Scan on k_3  (cost=0.00..5.42 rows=98 width=0)
	        Index Cond: ((k >= 2776751) AND (k <= 2776851))

table 4 : explain SELECT k, c FROM sbtest4 WHERE k BETWEEN 2776751 AND 2776851
	Bitmap Heap Scan on sbtest4  (cost=5.42..385.69 rows=96 width=125)
	  Recheck Cond: ((k >= 2776751) AND (k <= 2776851))
	  ->  Bitmap Index Scan on k_4  (cost=0.00..5.39 rows=96 width=0)
	        Index Cond: ((k >= 2776751) AND (k <= 2776851))

table 5 : explain SELECT k, c FROM sbtest5 WHERE k BETWEEN 2776751 AND 2776851
	Bitmap Heap Scan on sbtest5  (cost=5.38..369.95 rows=92 width=125)
	  Recheck Cond: ((k >= 2776751) AND (k <= 2776851))
	  ->  Bitmap Index Scan on k_5  (cost=0.00..5.35 rows=92 width=0)
	        Index Cond: ((k >= 2776751) AND (k <= 2776851))

table 6 : explain SELECT k, c FROM sbtest6 WHERE k BETWEEN 2776751 AND 2776851
	Bitmap Heap Scan on sbtest6  (cost=5.49..413.31 rows=103 width=125)
	  Recheck Cond: ((k >= 2776751) AND (k <= 2776851))
	  ->  Bitmap Index Scan on k_6  (cost=0.00..5.46 rows=103 width=0)
	        Index Cond: ((k >= 2776751) AND (k <= 2776851))

table 7 : explain SELECT k, c FROM sbtest7 WHERE k BETWEEN 2776751 AND 2776851
	Bitmap Heap Scan on sbtest7  (cost=5.54..433.06 rows=108 width=125)
	  Recheck Cond: ((k >= 2776751) AND (k <= 2776851))
	  ->  Bitmap Index Scan on k_7  (cost=0.00..5.51 rows=108 width=0)
	        Index Cond: ((k >= 2776751) AND (k <= 2776851))

table 8 : explain SELECT k, c FROM sbtest8 WHERE k BETWEEN 2776751 AND 2776851
	Bitmap Heap Scan on sbtest8  (cost=5.54..433.05 rows=108 width=125)
	  Recheck Cond: ((k >= 2776751) AND (k <= 2776851))
	  ->  Bitmap Index Scan on k_8  (cost=0.00..5.51 rows=108 width=0)
	        Index Cond: ((k >= 2776751) AND (k <= 2776851))

explain: for range-notcovered :: explain SELECT k, c FROM sbtest%d WHERE k BETWEEN 5263201 AND 5263301
explain: for range-notcovered :: explain SELECT k, c FROM sbtest%d WHERE k BETWEEN 3246183 AND 3246283

for range-notcovered
table 1 : explain SELECT k, c FROM sbtest1 WHERE k BETWEEN 2407929 AND 2408029
	Bitmap Heap Scan on sbtest1  (cost=5.41..381.76 rows=95 width=125)
	  Recheck Cond: ((k >= 2407929) AND (k <= 2408029))
	  ->  Bitmap Index Scan on k_1  (cost=0.00..5.38 rows=95 width=0)
	        Index Cond: ((k >= 2407929) AND (k <= 2408029))

table 2 : explain SELECT k, c FROM sbtest2 WHERE k BETWEEN 2407929 AND 2408029
	Bitmap Heap Scan on sbtest2  (cost=5.41..381.75 rows=95 width=125)
	  Recheck Cond: ((k >= 2407929) AND (k <= 2408029))
	  ->  Bitmap Index Scan on k_2  (cost=0.00..5.38 rows=95 width=0)
	        Index Cond: ((k >= 2407929) AND (k <= 2408029))

table 3 : explain SELECT k, c FROM sbtest3 WHERE k BETWEEN 2407929 AND 2408029
	Bitmap Heap Scan on sbtest3  (cost=5.57..444.82 rows=111 width=125)
	  Recheck Cond: ((k >= 2407929) AND (k <= 2408029))
	  ->  Bitmap Index Scan on k_3  (cost=0.00..5.54 rows=111 width=0)
	        Index Cond: ((k >= 2407929) AND (k <= 2408029))

table 4 : explain SELECT k, c FROM sbtest4 WHERE k BETWEEN 2407929 AND 2408029
	Bitmap Heap Scan on sbtest4  (cost=5.55..436.94 rows=109 width=125)
	  Recheck Cond: ((k >= 2407929) AND (k <= 2408029))
	  ->  Bitmap Index Scan on k_4  (cost=0.00..5.52 rows=109 width=0)
	        Index Cond: ((k >= 2407929) AND (k <= 2408029))

table 5 : explain SELECT k, c FROM sbtest5 WHERE k BETWEEN 2407929 AND 2408029
	Bitmap Heap Scan on sbtest5  (cost=5.42..385.74 rows=96 width=125)
	  Recheck Cond: ((k >= 2407929) AND (k <= 2408029))
	  ->  Bitmap Index Scan on k_5  (cost=0.00..5.39 rows=96 width=0)
	        Index Cond: ((k >= 2407929) AND (k <= 2408029))

table 6 : explain SELECT k, c FROM sbtest6 WHERE k BETWEEN 2407929 AND 2408029
	Bitmap Heap Scan on sbtest6  (cost=5.41..381.76 rows=95 width=125)
	  Recheck Cond: ((k >= 2407929) AND (k <= 2408029))
	  ->  Bitmap Index Scan on k_6  (cost=0.00..5.38 rows=95 width=0)
	        Index Cond: ((k >= 2407929) AND (k <= 2408029))

table 7 : explain SELECT k, c FROM sbtest7 WHERE k BETWEEN 2407929 AND 2408029
	Bitmap Heap Scan on sbtest7  (cost=5.51..421.23 rows=105 width=125)
	  Recheck Cond: ((k >= 2407929) AND (k <= 2408029))
	  ->  Bitmap Index Scan on k_7  (cost=0.00..5.48 rows=105 width=0)
	        Index Cond: ((k >= 2407929) AND (k <= 2408029))

table 8 : explain SELECT k, c FROM sbtest8 WHERE k BETWEEN 2407929 AND 2408029
	Bitmap Heap Scan on sbtest8  (cost=5.50..417.29 rows=104 width=125)
	  Recheck Cond: ((k >= 2407929) AND (k <= 2408029))
	  ->  Bitmap Index Scan on k_8  (cost=0.00..5.47 rows=104 width=0)
	        Index Cond: ((k >= 2407929) AND (k <= 2408029))

explain: for range-notcovered :: explain SELECT k, c FROM sbtest%d WHERE k BETWEEN 5643096 AND 5643196
explain: for range-notcovered :: explain SELECT k, c FROM sbtest%d WHERE k BETWEEN 4721381 AND 4721481
explain: for range-notcovered :: explain SELECT k, c FROM sbtest%d WHERE k BETWEEN 5134073 AND 5134173explain: for range-notcovered :: explain SELECT k, c FROM sbtest%d WHERE k BETWEEN 843739 AND 843839
for range-notcovered
table 1 : explain SELECT k, c FROM sbtest1 WHERE k BETWEEN 4431349 AND 4431449
	Bitmap Heap Scan on sbtest1  (cost=5.52..425.13 rows=106 width=125)
	  Recheck Cond: ((k >= 4431349) AND (k <= 4431449))
	  ->  Bitmap Index Scan on k_1  (cost=0.00..5.50 rows=106 width=0)
	        Index Cond: ((k >= 4431349) AND (k <= 4431449))

table 2 : explain SELECT k, c FROM sbtest2 WHERE k BETWEEN 4431349 AND 4431449
	Bitmap Heap Scan on sbtest2  (cost=5.50..417.24 rows=104 width=125)
	  Recheck Cond: ((k >= 4431349) AND (k <= 4431449))
	  ->  Bitmap Index Scan on k_2  (cost=0.00..5.47 rows=104 width=0)
	        Index Cond: ((k >= 4431349) AND (k <= 4431449))

table 3 : explain SELECT k, c FROM sbtest3 WHERE k BETWEEN 4431349 AND 4431449
	Bitmap Heap Scan on sbtest3  (cost=5.43..389.64 rows=97 width=125)
	  Recheck Cond: ((k >= 4431349) AND (k <= 4431449))
	  ->  Bitmap Index Scan on k_3  (cost=0.00..5.40 rows=97 width=0)
	        Index Cond: ((k >= 4431349) AND (k <= 4431449))

table 4 : explain SELECT k, c FROM sbtest4 WHERE k BETWEEN 4431349 AND 4431449
	Bitmap Heap Scan on sbtest4  (cost=5.37..365.97 rows=91 width=125)
	  Recheck Cond: ((k >= 4431349) AND (k <= 4431449))
	  ->  Bitmap Index Scan on k_4  (cost=0.00..5.34 rows=91 width=0)
	        Index Cond: ((k >= 4431349) AND (k <= 4431449))

table 5 : explain SELECT k, c FROM sbtest5 WHERE k BETWEEN 4431349 AND 4431449
	Bitmap Heap Scan on sbtest5  (cost=5.47..405.46 rows=101 width=125)
	  Recheck Cond: ((k >= 4431349) AND (k <= 4431449))
	  ->  Bitmap Index Scan on k_5  (cost=0.00..5.44 rows=101 width=0)
	        Index Cond: ((k >= 4431349) AND (k <= 4431449))

table 6 : explain SELECT k, c FROM sbtest6 WHERE k BETWEEN 4431349 AND 4431449
	Bitmap Heap Scan on sbtest6  (cost=5.40..377.82 rows=94 width=125)
	  Recheck Cond: ((k >= 4431349) AND (k <= 4431449))
	  ->  Bitmap Index Scan on k_6  (cost=0.00..5.38 rows=94 width=0)
	        Index Cond: ((k >= 4431349) AND (k <= 4431449))

table 7 : explain SELECT k, c FROM sbtest7 WHERE k BETWEEN 4431349 AND 4431449
	Bitmap Heap Scan on sbtest7  (cost=5.46..401.52 rows=100 width=125)
	  Recheck Cond: ((k >= 4431349) AND (k <= 4431449))
	  ->  Bitmap Index Scan on k_7  (cost=0.00..5.43 rows=100 width=0)
	        Index Cond: ((k >= 4431349) AND (k <= 4431449))

table 8 : explain SELECT k, c FROM sbtest8 WHERE k BETWEEN 4431349 AND 4431449
	Bitmap Heap Scan on sbtest8  (cost=5.40..377.85 rows=94 width=125)
	  Recheck Cond: ((k >= 4431349) AND (k <= 4431449))
	  ->  Bitmap Index Scan on k_8  (cost=0.00..5.38 rows=94 width=0)
	        Index Cond: ((k >= 4431349) AND (k <= 4431449))
explain: for range-notcovered :: explain SELECT k, c FROM sbtest%d WHERE k BETWEEN 2407929 AND 2408029explain: for range-notcovered :: explain SELECT k, c FROM sbtest%d WHERE k BETWEEN 6055677 AND 6055777for range-notcovered
table 1 : explain SELECT k, c FROM sbtest1 WHERE k BETWEEN 6262792 AND 6262892
	Bitmap Heap Scan on sbtest1  (cost=5.35..358.08 rows=89 width=125)
	  Recheck Cond: ((k >= 6262792) AND (k <= 6262892))
	  ->  Bitmap Index Scan on k_1  (cost=0.00..5.32 rows=89 width=0)
	        Index Cond: ((k >= 6262792) AND (k <= 6262892))

table 2 : explain SELECT k, c FROM sbtest2 WHERE k BETWEEN 6262792 AND 6262892
	Bitmap Heap Scan on sbtest2  (cost=5.49..413.29 rows=103 width=125)
	  Recheck Cond: ((k >= 6262792) AND (k <= 6262892))
	  ->  Bitmap Index Scan on k_2  (cost=0.00..5.46 rows=103 width=0)
	        Index Cond: ((k >= 6262792) AND (k <= 6262892))

table 3 : explain SELECT k, c FROM sbtest3 WHERE k BETWEEN 6262792 AND 6262892
	Bitmap Heap Scan on sbtest3  (cost=5.50..417.24 rows=104 width=125)
	  Recheck Cond: ((k >= 6262792) AND (k <= 6262892))
	  ->  Bitmap Index Scan on k_3  (cost=0.00..5.47 rows=104 width=0)
	        Index Cond: ((k >= 6262792) AND (k <= 6262892))

table 4 : explain SELECT k, c FROM sbtest4 WHERE k BETWEEN 6262792 AND 6262892
	Bitmap Heap Scan on sbtest4  (cost=5.49..413.30 rows=103 width=125)
	  Recheck Cond: ((k >= 6262792) AND (k <= 6262892))
	  ->  Bitmap Index Scan on k_4  (cost=0.00..5.46 rows=103 width=0)
	        Index Cond: ((k >= 6262792) AND (k <= 6262892))

table 5 : explain SELECT k, c FROM sbtest5 WHERE k BETWEEN 6262792 AND 6262892
	Bitmap Heap Scan on sbtest5  (cost=5.44..393.62 rows=98 width=125)
	  Recheck Cond: ((k >= 6262792) AND (k <= 6262892))
	  ->  Bitmap Index Scan on k_5  (cost=0.00..5.42 rows=98 width=0)
	        Index Cond: ((k >= 6262792) AND (k <= 6262892))

table 6 : explain SELECT k, c FROM sbtest6 WHERE k BETWEEN 6262792 AND 6262892
	Bitmap Heap Scan on sbtest6  (cost=5.47..405.43 rows=101 width=125)
	  Recheck Cond: ((k >= 6262792) AND (k <= 6262892))
	  ->  Bitmap Index Scan on k_6  (cost=0.00..5.44 rows=101 width=0)
	        Index Cond: ((k >= 6262792) AND (k <= 6262892))

table 7 : explain SELECT k, c FROM sbtest7 WHERE k BETWEEN 6262792 AND 6262892
	Bitmap Heap Scan on sbtest7  (cost=5.42..385.74 rows=96 width=125)
	  Recheck Cond: ((k >= 6262792) AND (k <= 6262892))
	  ->  Bitmap Index Scan on k_7  (cost=0.00..5.39 rows=96 width=0)
	        Index Cond: ((k >= 6262792) AND (k <= 6262892))

table 8 : explain SELECT k, c FROM sbtest8 WHERE k BETWEEN 6262792 AND 6262892
	Bitmap Heap Scan on sbtest8  (cost=5.51..421.23 rows=105 width=125)
	  Recheck Cond: ((k >= 6262792) AND (k <= 6262892))
	  ->  Bitmap Index Scan on k_8  (cost=0.00..5.48 rows=105 width=0)
	        Index Cond: ((k >= 6262792) AND (k <= 6262892))

for range-notcovered
table 1 : explain SELECT k, c FROM sbtest1 WHERE k BETWEEN 3520505 AND 3520605
	Bitmap Heap Scan on sbtest1  (cost=5.47..405.42 rows=101 width=125)
	  Recheck Cond: ((k >= 3520505) AND (k <= 3520605))
	  ->  Bitmap Index Scan on k_1  (cost=0.00..5.44 rows=101 width=0)
	        Index Cond: ((k >= 3520505) AND (k <= 3520605))

table 2 : explain SELECT k, c FROM sbtest2 WHERE k BETWEEN 3520505 AND 3520605
	Bitmap Heap Scan on sbtest2  (cost=5.45..397.53 rows=99 width=125)
	  Recheck Cond: ((k >= 3520505) AND (k <= 3520605))
	  ->  Bitmap Index Scan on k_2  (cost=0.00..5.42 rows=99 width=0)
	        Index Cond: ((k >= 3520505) AND (k <= 3520605))

table 3 : explain SELECT k, c FROM sbtest3 WHERE k BETWEEN 3520505 AND 3520605
	Bitmap Heap Scan on sbtest3  (cost=5.48..409.36 rows=102 width=125)
	  Recheck Cond: ((k >= 3520505) AND (k <= 3520605))
	  ->  Bitmap Index Scan on k_3  (cost=0.00..5.45 rows=102 width=0)
	        Index Cond: ((k >= 3520505) AND (k <= 3520605))

table 4 : explain SELECT k, c FROM sbtest4 WHERE k BETWEEN 3520505 AND 3520605
	Bitmap Heap Scan on sbtest4  (cost=5.44..393.58 rows=98 width=125)
	  Recheck Cond: ((k >= 3520505) AND (k <= 3520605))
	  ->  Bitmap Index Scan on k_4  (cost=0.00..5.42 rows=98 width=0)
	        Index Cond: ((k >= 3520505) AND (k <= 3520605))

table 5 : explain SELECT k, c FROM sbtest5 WHERE k BETWEEN 3520505 AND 3520605
	Bitmap Heap Scan on sbtest5  (cost=5.58..448.81 rows=112 width=125)
	  Recheck Cond: ((k >= 3520505) AND (k <= 3520605))
	  ->  Bitmap Index Scan on k_5  (cost=0.00..5.55 rows=112 width=0)
	        Index Cond: ((k >= 3520505) AND (k <= 3520605))

table 6 : explain SELECT k, c FROM sbtest6 WHERE k BETWEEN 3520505 AND 3520605
	Bitmap Heap Scan on sbtest6  (cost=5.42..385.71 rows=96 width=125)
	  Recheck Cond: ((k >= 3520505) AND (k <= 3520605))
	  ->  Bitmap Index Scan on k_6  (cost=0.00..5.39 rows=96 width=0)
	        Index Cond: ((k >= 3520505) AND (k <= 3520605))

table 7 : explain SELECT k, c FROM sbtest7 WHERE k BETWEEN 3520505 AND 3520605
	Bitmap Heap Scan on sbtest7  (cost=5.50..417.29 rows=104 width=125)
	  Recheck Cond: ((k >= 3520505) AND (k <= 3520605))
	  ->  Bitmap Index Scan on k_7  (cost=0.00..5.47 rows=104 width=0)
	        Index Cond: ((k >= 3520505) AND (k <= 3520605))

table 8 : explain SELECT k, c FROM sbtest8 WHERE k BETWEEN 3520505 AND 3520605
	Bitmap Heap Scan on sbtest8  (cost=5.37..366.01 rows=91 width=125)
	  Recheck Cond: ((k >= 3520505) AND (k <= 3520605))
	  ->  Bitmap Index Scan on k_8  (cost=0.00..5.34 rows=91 width=0)
	        Index Cond: ((k >= 3520505) AND (k <= 3520605))



explain: for range-notcovered :: explain SELECT k, c FROM sbtest%d WHERE k BETWEEN 4944192 AND 4944292


for range-notcovered
table 1 : explain SELECT k, c FROM sbtest1 WHERE k BETWEEN 4128757 AND 4128857
	Bitmap Heap Scan on sbtest1  (cost=5.49..413.30 rows=103 width=125)
	  Recheck Cond: ((k >= 4128757) AND (k <= 4128857))
	  ->  Bitmap Index Scan on k_1  (cost=0.00..5.46 rows=103 width=0)
	        Index Cond: ((k >= 4128757) AND (k <= 4128857))

table 2 : explain SELECT k, c FROM sbtest2 WHERE k BETWEEN 4128757 AND 4128857
	Bitmap Heap Scan on sbtest2  (cost=5.56..440.88 rows=110 width=125)
	  Recheck Cond: ((k >= 4128757) AND (k <= 4128857))
	  ->  Bitmap Index Scan on k_2  (cost=0.00..5.53 rows=110 width=0)
	        Index Cond: ((k >= 4128757) AND (k <= 4128857))

table 3 : explain SELECT k, c FROM sbtest3 WHERE k BETWEEN 4128757 AND 4128857
	Bitmap Heap Scan on sbtest3  (cost=5.48..409.36 rows=102 width=125)
	  Recheck Cond: ((k >= 4128757) AND (k <= 4128857))
	  ->  Bitmap Index Scan on k_3  (cost=0.00..5.45 rows=102 width=0)
	        Index Cond: ((k >= 4128757) AND (k <= 4128857))

table 4 : explain SELECT k, c FROM sbtest4 WHERE k BETWEEN 4128757 AND 4128857
	Bitmap Heap Scan on sbtest4  (cost=5.49..413.30 rows=103 width=125)
	  Recheck Cond: ((k >= 4128757) AND (k <= 4128857))
	  ->  Bitmap Index Scan on k_4  (cost=0.00..5.46 rows=103 width=0)
	        Index Cond: ((k >= 4128757) AND (k <= 4128857))

table 5 : explain SELECT k, c FROM sbtest5 WHERE k BETWEEN 4128757 AND 4128857
	Bitmap Heap Scan on sbtest5  (cost=5.41..381.79 rows=95 width=125)
	  Recheck Cond: ((k >= 4128757) AND (k <= 4128857))
	  ->  Bitmap Index Scan on k_5  (cost=0.00..5.38 rows=95 width=0)
	        Index Cond: ((k >= 4128757) AND (k <= 4128857))

table 6 : explain SELECT k, c FROM sbtest6 WHERE k BETWEEN 4128757 AND 4128857
	Bitmap Heap Scan on sbtest6  (cost=5.57..444.83 rows=111 width=125)
	  Recheck Cond: ((k >= 4128757) AND (k <= 4128857))
	  ->  Bitmap Index Scan on k_6  (cost=0.00..5.54 rows=111 width=0)
	        Index Cond: ((k >= 4128757) AND (k <= 4128857))

table 7 : explain SELECT k, c FROM sbtest7 WHERE k BETWEEN 4128757 AND 4128857
	Bitmap Heap Scan on sbtest7  (cost=5.50..417.29 rows=104 width=125)
	  Recheck Cond: ((k >= 4128757) AND (k <= 4128857))
	  ->  Bitmap Index Scan on k_7  (cost=0.00..5.47 rows=104 width=0)
	        Index Cond: ((k >= 4128757) AND (k <= 4128857))

table 8 : explain SELECT k, c FROM sbtest8 WHERE k BETWEEN 4128757 AND 4128857
	Bitmap Heap Scan on sbtest8  (cost=5.47..405.46 rows=101 width=125)
	  Recheck Cond: ((k >= 4128757) AND (k <= 4128857))
	  ->  Bitmap Index Scan on k_8  (cost=0.00..5.44 rows=101 width=0)
	        Index Cond: ((k >= 4128757) AND (k <= 4128857))

explain: for range-notcovered :: explain SELECT k, c FROM sbtest%d WHERE k BETWEEN 8303696 AND 8303796
explain: for range-notcovered :: explain SELECT k, c FROM sbtest%d WHERE k BETWEEN 2776751 AND 2776851explain: for range-notcovered :: explain SELECT k, c FROM sbtest%d WHERE k BETWEEN 3520505 AND 3520605for range-notcovered
table 1 : explain SELECT k, c FROM sbtest1 WHERE k BETWEEN 5746081 AND 5746181
	Bitmap Heap Scan on sbtest1  (cost=5.39..373.86 rows=93 width=125)
	  Recheck Cond: ((k >= 5746081) AND (k <= 5746181))
	  ->  Bitmap Index Scan on k_1  (cost=0.00..5.36 rows=93 width=0)
	        Index Cond: ((k >= 5746081) AND (k <= 5746181))

table 2 : explain SELECT k, c FROM sbtest2 WHERE k BETWEEN 5746081 AND 5746181
	Bitmap Heap Scan on sbtest2  (cost=5.51..421.18 rows=105 width=125)
	  Recheck Cond: ((k >= 5746081) AND (k <= 5746181))
	  ->  Bitmap Index Scan on k_2  (cost=0.00..5.48 rows=105 width=0)
	        Index Cond: ((k >= 5746081) AND (k <= 5746181))

table 3 : explain SELECT k, c FROM sbtest3 WHERE k BETWEEN 5746081 AND 5746181
	Bitmap Heap Scan on sbtest3  (cost=5.45..397.53 rows=99 width=125)
	  Recheck Cond: ((k >= 5746081) AND (k <= 5746181))
	  ->  Bitmap Index Scan on k_3  (cost=0.00..5.42 rows=99 width=0)
	        Index Cond: ((k >= 5746081) AND (k <= 5746181))

table 4 : explain SELECT k, c FROM sbtest4 WHERE k BETWEEN 5746081 AND 5746181
	Bitmap Heap Scan on sbtest4  (cost=5.54..433.00 rows=108 width=125)
	  Recheck Cond: ((k >= 5746081) AND (k <= 5746181))
	  ->  Bitmap Index Scan on k_4  (cost=0.00..5.51 rows=108 width=0)
	        Index Cond: ((k >= 5746081) AND (k <= 5746181))

table 5 : explain SELECT k, c FROM sbtest5 WHERE k BETWEEN 5746081 AND 5746181
	Bitmap Heap Scan on sbtest5  (cost=5.53..429.11 rows=107 width=125)
	  Recheck Cond: ((k >= 5746081) AND (k <= 5746181))
	  ->  Bitmap Index Scan on k_5  (cost=0.00..5.50 rows=107 width=0)
	        Index Cond: ((k >= 5746081) AND (k <= 5746181))

table 6 : explain SELECT k, c FROM sbtest6 WHERE k BETWEEN 5746081 AND 5746181
	Bitmap Heap Scan on sbtest6  (cost=5.44..393.60 rows=98 width=125)
	  Recheck Cond: ((k >= 5746081) AND (k <= 5746181))
	  ->  Bitmap Index Scan on k_6  (cost=0.00..5.42 rows=98 width=0)
	        Index Cond: ((k >= 5746081) AND (k <= 5746181))

table 7 : explain SELECT k, c FROM sbtest7 WHERE k BETWEEN 5746081 AND 5746181
	Bitmap Heap Scan on sbtest7  (cost=5.57..444.88 rows=111 width=125)
	  Recheck Cond: ((k >= 5746081) AND (k <= 5746181))
	  ->  Bitmap Index Scan on k_7  (cost=0.00..5.54 rows=111 width=0)
	        Index Cond: ((k >= 5746081) AND (k <= 5746181))

table 8 : explain SELECT k, c FROM sbtest8 WHERE k BETWEEN 5746081 AND 5746181
	Bitmap Heap Scan on sbtest8  (cost=5.51..421.23 rows=105 width=125)
	  Recheck Cond: ((k >= 5746081) AND (k <= 5746181))
	  ->  Bitmap Index Scan on k_8  (cost=0.00..5.48 rows=105 width=0)
	        Index Cond: ((k >= 5746081) AND (k <= 5746181))


explain: for range-notcovered :: explain SELECT k, c FROM sbtest%d WHERE k BETWEEN 4431349 AND 4431449
explain: for range-notcovered :: explain SELECT k, c FROM sbtest%d WHERE k BETWEEN 6262792 AND 6262892explain: for range-notcovered :: explain SELECT k, c FROM sbtest%d WHERE k BETWEEN 4128757 AND 4128857

for range-notcovered
table 1 : explain SELECT k, c FROM sbtest1 WHERE k BETWEEN 6190744 AND 6190844
	Bitmap Heap Scan on sbtest1  (cost=5.35..358.08 rows=89 width=125)
	  Recheck Cond: ((k >= 6190744) AND (k <= 6190844))
	  ->  Bitmap Index Scan on k_1  (cost=0.00..5.32 rows=89 width=0)
	        Index Cond: ((k >= 6190744) AND (k <= 6190844))

table 2 : explain SELECT k, c FROM sbtest2 WHERE k BETWEEN 6190744 AND 6190844
	Bitmap Heap Scan on sbtest2  (cost=5.49..413.29 rows=103 width=125)
	  Recheck Cond: ((k >= 6190744) AND (k <= 6190844))
	  ->  Bitmap Index Scan on k_2  (cost=0.00..5.46 rows=103 width=0)
	        Index Cond: ((k >= 6190744) AND (k <= 6190844))

table 3 : explain SELECT k, c FROM sbtest3 WHERE k BETWEEN 6190744 AND 6190844
	Bitmap Heap Scan on sbtest3  (cost=5.53..429.06 rows=107 width=125)
	  Recheck Cond: ((k >= 6190744) AND (k <= 6190844))
	  ->  Bitmap Index Scan on k_3  (cost=0.00..5.50 rows=107 width=0)
	        Index Cond: ((k >= 6190744) AND (k <= 6190844))

table 4 : explain SELECT k, c FROM sbtest4 WHERE k BETWEEN 6190744 AND 6190844
	Bitmap Heap Scan on sbtest4  (cost=5.48..409.35 rows=102 width=125)
	  Recheck Cond: ((k >= 6190744) AND (k <= 6190844))
	  ->  Bitmap Index Scan on k_4  (cost=0.00..5.45 rows=102 width=0)
	        Index Cond: ((k >= 6190744) AND (k <= 6190844))

table 5 : explain SELECT k, c FROM sbtest5 WHERE k BETWEEN 6190744 AND 6190844
	Bitmap Heap Scan on sbtest5  (cost=5.46..401.51 rows=100 width=125)
	  Recheck Cond: ((k >= 6190744) AND (k <= 6190844))
	  ->  Bitmap Index Scan on k_5  (cost=0.00..5.43 rows=100 width=0)
	        Index Cond: ((k >= 6190744) AND (k <= 6190844))

table 6 : explain SELECT k, c FROM sbtest6 WHERE k BETWEEN 6190744 AND 6190844
	Bitmap Heap Scan on sbtest6  (cost=5.47..405.43 rows=101 width=125)
	  Recheck Cond: ((k >= 6190744) AND (k <= 6190844))
	  ->  Bitmap Index Scan on k_6  (cost=0.00..5.44 rows=101 width=0)
	        Index Cond: ((k >= 6190744) AND (k <= 6190844))

table 7 : explain SELECT k, c FROM sbtest7 WHERE k BETWEEN 6190744 AND 6190844
	Bitmap Heap Scan on sbtest7  (cost=5.47..405.46 rows=101 width=125)
	  Recheck Cond: ((k >= 6190744) AND (k <= 6190844))
	  ->  Bitmap Index Scan on k_7  (cost=0.00..5.44 rows=101 width=0)
	        Index Cond: ((k >= 6190744) AND (k <= 6190844))

table 8 : explain SELECT k, c FROM sbtest8 WHERE k BETWEEN 6190744 AND 6190844
	Bitmap Heap Scan on sbtest8  (cost=5.53..429.11 rows=107 width=125)
	  Recheck Cond: ((k >= 6190744) AND (k <= 6190844))
	  ->  Bitmap Index Scan on k_8  (cost=0.00..5.50 rows=107 width=0)
	        Index Cond: ((k >= 6190744) AND (k <= 6190844))

for range-notcovered
table 1 : explain SELECT k, c FROM sbtest1 WHERE k BETWEEN 3062718 AND 3062818
	Bitmap Heap Scan on sbtest1  (cost=5.47..405.42 rows=101 width=125)
	  Recheck Cond: ((k >= 3062718) AND (k <= 3062818))
	  ->  Bitmap Index Scan on k_1  (cost=0.00..5.44 rows=101 width=0)
	        Index Cond: ((k >= 3062718) AND (k <= 3062818))

table 2 : explain SELECT k, c FROM sbtest2 WHERE k BETWEEN 3062718 AND 3062818
	Bitmap Heap Scan on sbtest2  (cost=5.50..417.24 rows=104 width=125)
	  Recheck Cond: ((k >= 3062718) AND (k <= 3062818))
	  ->  Bitmap Index Scan on k_2  (cost=0.00..5.47 rows=104 width=0)
	        Index Cond: ((k >= 3062718) AND (k <= 3062818))

table 3 : explain SELECT k, c FROM sbtest3 WHERE k BETWEEN 3062718 AND 3062818
	Bitmap Heap Scan on sbtest3  (cost=5.38..369.91 rows=92 width=125)
	  Recheck Cond: ((k >= 3062718) AND (k <= 3062818))
	  ->  Bitmap Index Scan on k_3  (cost=0.00..5.35 rows=92 width=0)
	        Index Cond: ((k >= 3062718) AND (k <= 3062818))

table 4 : explain SELECT k, c FROM sbtest4 WHERE k BETWEEN 3062718 AND 3062818
	Bitmap Heap Scan on sbtest4  (cost=5.43..389.64 rows=97 width=125)
	  Recheck Cond: ((k >= 3062718) AND (k <= 3062818))
	  ->  Bitmap Index Scan on k_4  (cost=0.00..5.40 rows=97 width=0)
	        Index Cond: ((k >= 3062718) AND (k <= 3062818))

table 5 : explain SELECT k, c FROM sbtest5 WHERE k BETWEEN 3062718 AND 3062818
	Bitmap Heap Scan on sbtest5  (cost=5.45..397.57 rows=99 width=125)
	  Recheck Cond: ((k >= 3062718) AND (k <= 3062818))
	  ->  Bitmap Index Scan on k_5  (cost=0.00..5.42 rows=99 width=0)
	        Index Cond: ((k >= 3062718) AND (k <= 3062818))

table 6 : explain SELECT k, c FROM sbtest6 WHERE k BETWEEN 3062718 AND 3062818
	Bitmap Heap Scan on sbtest6  (cost=5.50..417.25 rows=104 width=125)
	  Recheck Cond: ((k >= 3062718) AND (k <= 3062818))
	  ->  Bitmap Index Scan on k_6  (cost=0.00..5.47 rows=104 width=0)
	        Index Cond: ((k >= 3062718) AND (k <= 3062818))

table 7 : explain SELECT k, c FROM sbtest7 WHERE k BETWEEN 3062718 AND 3062818
	Bitmap Heap Scan on sbtest7  (cost=5.44..393.63 rows=98 width=125)
	  Recheck Cond: ((k >= 3062718) AND (k <= 3062818))
	  ->  Bitmap Index Scan on k_7  (cost=0.00..5.42 rows=98 width=0)
	        Index Cond: ((k >= 3062718) AND (k <= 3062818))

table 8 : explain SELECT k, c FROM sbtest8 WHERE k BETWEEN 3062718 AND 3062818
	Bitmap Heap Scan on sbtest8  (cost=5.51..421.23 rows=105 width=125)
	  Recheck Cond: ((k >= 3062718) AND (k <= 3062818))
	  ->  Bitmap Index Scan on k_8  (cost=0.00..5.48 rows=105 width=0)
	        Index Cond: ((k >= 3062718) AND (k <= 3062818))

explain: for range-notcovered :: explain SELECT k, c FROM sbtest%d WHERE k BETWEEN 5746081 AND 5746181
for range-notcovered
table 1 : explain SELECT k, c FROM sbtest1 WHERE k BETWEEN 7238566 AND 7238666
	Bitmap Heap Scan on sbtest1  (cost=5.46..401.48 rows=100 width=125)
	  Recheck Cond: ((k >= 7238566) AND (k <= 7238666))
	  ->  Bitmap Index Scan on k_1  (cost=0.00..5.43 rows=100 width=0)
	        Index Cond: ((k >= 7238566) AND (k <= 7238666))

table 2 : explain SELECT k, c FROM sbtest2 WHERE k BETWEEN 7238566 AND 7238666
	Bitmap Heap Scan on sbtest2  (cost=5.42..385.69 rows=96 width=125)
	  Recheck Cond: ((k >= 7238566) AND (k <= 7238666))
	  ->  Bitmap Index Scan on k_2  (cost=0.00..5.39 rows=96 width=0)
	        Index Cond: ((k >= 7238566) AND (k <= 7238666))

table 3 : explain SELECT k, c FROM sbtest3 WHERE k BETWEEN 7238566 AND 7238666
	Bitmap Heap Scan on sbtest3  (cost=5.43..389.64 rows=97 width=125)
	  Recheck Cond: ((k >= 7238566) AND (k <= 7238666))
	  ->  Bitmap Index Scan on k_3  (cost=0.00..5.40 rows=97 width=0)
	        Index Cond: ((k >= 7238566) AND (k <= 7238666))

table 4 : explain SELECT k, c FROM sbtest4 WHERE k BETWEEN 7238566 AND 7238666
	Bitmap Heap Scan on sbtest4  (cost=5.37..365.97 rows=91 width=125)
	  Recheck Cond: ((k >= 7238566) AND (k <= 7238666))
	  ->  Bitmap Index Scan on k_4  (cost=0.00..5.34 rows=91 width=0)
	        Index Cond: ((k >= 7238566) AND (k <= 7238666))

table 5 : explain SELECT k, c FROM sbtest5 WHERE k BETWEEN 7238566 AND 7238666
	Bitmap Heap Scan on sbtest5  (cost=5.51..421.23 rows=105 width=125)
	  Recheck Cond: ((k >= 7238566) AND (k <= 7238666))
	  ->  Bitmap Index Scan on k_5  (cost=0.00..5.48 rows=105 width=0)
	        Index Cond: ((k >= 7238566) AND (k <= 7238666))

table 6 : explain SELECT k, c FROM sbtest6 WHERE k BETWEEN 7238566 AND 7238666
	Bitmap Heap Scan on sbtest6  (cost=5.54..433.02 rows=108 width=125)
	  Recheck Cond: ((k >= 7238566) AND (k <= 7238666))
	  ->  Bitmap Index Scan on k_6  (cost=0.00..5.51 rows=108 width=0)
	        Index Cond: ((k >= 7238566) AND (k <= 7238666))

table 7 : explain SELECT k, c FROM sbtest7 WHERE k BETWEEN 7238566 AND 7238666
	Bitmap Heap Scan on sbtest7  (cost=5.56..440.94 rows=110 width=125)
	  Recheck Cond: ((k >= 7238566) AND (k <= 7238666))
	  ->  Bitmap Index Scan on k_7  (cost=0.00..5.53 rows=110 width=0)
	        Index Cond: ((k >= 7238566) AND (k <= 7238666))

table 8 : explain SELECT k, c FROM sbtest8 WHERE k BETWEEN 7238566 AND 7238666
	Bitmap Heap Scan on sbtest8  (cost=5.50..417.29 rows=104 width=125)
	  Recheck Cond: ((k >= 7238566) AND (k <= 7238666))
	  ->  Bitmap Index Scan on k_8  (cost=0.00..5.47 rows=104 width=0)
	        Index Cond: ((k >= 7238566) AND (k <= 7238666))
for range-notcovered
table 1 : explain SELECT k, c FROM sbtest1 WHERE k BETWEEN 4170423 AND 4170523
	Bitmap Heap Scan on sbtest1  (cost=5.44..393.59 rows=98 width=125)
	  Recheck Cond: ((k >= 4170423) AND (k <= 4170523))
	  ->  Bitmap Index Scan on k_1  (cost=0.00..5.42 rows=98 width=0)
	        Index Cond: ((k >= 4170423) AND (k <= 4170523))

table 2 : explain SELECT k, c FROM sbtest2 WHERE k BETWEEN 4170423 AND 4170523
	Bitmap Heap Scan on sbtest2  (cost=5.56..440.88 rows=110 width=125)
	  Recheck Cond: ((k >= 4170423) AND (k <= 4170523))
	  ->  Bitmap Index Scan on k_2  (cost=0.00..5.53 rows=110 width=0)
	        Index Cond: ((k >= 4170423) AND (k <= 4170523))

table 3 : explain SELECT k, c FROM sbtest3 WHERE k BETWEEN 4170423 AND 4170523
	Bitmap Heap Scan on sbtest3  (cost=5.48..409.36 rows=102 width=125)
	  Recheck Cond: ((k >= 4170423) AND (k <= 4170523))
	  ->  Bitmap Index Scan on k_3  (cost=0.00..5.45 rows=102 width=0)
	        Index Cond: ((k >= 4170423) AND (k <= 4170523))

table 4 : explain SELECT k, c FROM sbtest4 WHERE k BETWEEN 4170423 AND 4170523
	Bitmap Heap Scan on sbtest4  (cost=5.49..413.30 rows=103 width=125)
	  Recheck Cond: ((k >= 4170423) AND (k <= 4170523))
	  ->  Bitmap Index Scan on k_4  (cost=0.00..5.46 rows=103 width=0)
	        Index Cond: ((k >= 4170423) AND (k <= 4170523))

table 5 : explain SELECT k, c FROM sbtest5 WHERE k BETWEEN 4170423 AND 4170523
	Bitmap Heap Scan on sbtest5  (cost=5.41..381.79 rows=95 width=125)
	  Recheck Cond: ((k >= 4170423) AND (k <= 4170523))
	  ->  Bitmap Index Scan on k_5  (cost=0.00..5.38 rows=95 width=0)
	        Index Cond: ((k >= 4170423) AND (k <= 4170523))

table 6 : explain SELECT k, c FROM sbtest6 WHERE k BETWEEN 4170423 AND 4170523
	Bitmap Heap Scan on sbtest6  (cost=5.57..444.83 rows=111 width=125)
	  Recheck Cond: ((k >= 4170423) AND (k <= 4170523))
	  ->  Bitmap Index Scan on k_6  (cost=0.00..5.54 rows=111 width=0)
	        Index Cond: ((k >= 4170423) AND (k <= 4170523))

table 7 : explain SELECT k, c FROM sbtest7 WHERE k BETWEEN 4170423 AND 4170523
	Bitmap Heap Scan on sbtest7  (cost=5.50..417.29 rows=104 width=125)
	  Recheck Cond: ((k >= 4170423) AND (k <= 4170523))
	  ->  Bitmap Index Scan on k_7  (cost=0.00..5.47 rows=104 width=0)
	        Index Cond: ((k >= 4170423) AND (k <= 4170523))

table 8 : explain SELECT k, c FROM sbtest8 WHERE k BETWEEN 4170423 AND 4170523
	Bitmap Heap Scan on sbtest8  (cost=5.47..405.46 rows=101 width=125)
	  Recheck Cond: ((k >= 4170423) AND (k <= 4170523))
	  ->  Bitmap Index Scan on k_8  (cost=0.00..5.44 rows=101 width=0)
	        Index Cond: ((k >= 4170423) AND (k <= 4170523))


explain: for range-notcovered :: explain SELECT k, c FROM sbtest%d WHERE k BETWEEN 6190744 AND 6190844explain: for range-notcovered :: explain SELECT k, c FROM sbtest%d WHERE k BETWEEN 3062718 AND 3062818
for range-notcovered
table 1 : explain SELECT k, c FROM sbtest1 WHERE k BETWEEN 4461436 AND 4461536
	Bitmap Heap Scan on sbtest1  (cost=5.52..425.13 rows=106 width=125)
	  Recheck Cond: ((k >= 4461436) AND (k <= 4461536))
	  ->  Bitmap Index Scan on k_1  (cost=0.00..5.50 rows=106 width=0)
	        Index Cond: ((k >= 4461436) AND (k <= 4461536))

table 2 : explain SELECT k, c FROM sbtest2 WHERE k BETWEEN 4461436 AND 4461536
	Bitmap Heap Scan on sbtest2  (cost=5.50..417.24 rows=104 width=125)
	  Recheck Cond: ((k >= 4461436) AND (k <= 4461536))
	  ->  Bitmap Index Scan on k_2  (cost=0.00..5.47 rows=104 width=0)
	        Index Cond: ((k >= 4461436) AND (k <= 4461536))

table 3 : explain SELECT k, c FROM sbtest3 WHERE k BETWEEN 4461436 AND 4461536
	Bitmap Heap Scan on sbtest3  (cost=5.43..389.64 rows=97 width=125)
	  Recheck Cond: ((k >= 4461436) AND (k <= 4461536))
	  ->  Bitmap Index Scan on k_3  (cost=0.00..5.40 rows=97 width=0)
	        Index Cond: ((k >= 4461436) AND (k <= 4461536))

table 4 : explain SELECT k, c FROM sbtest4 WHERE k BETWEEN 4461436 AND 4461536
	Bitmap Heap Scan on sbtest4  (cost=5.37..365.97 rows=91 width=125)
	  Recheck Cond: ((k >= 4461436) AND (k <= 4461536))
	  ->  Bitmap Index Scan on k_4  (cost=0.00..5.34 rows=91 width=0)
	        Index Cond: ((k >= 4461436) AND (k <= 4461536))

table 5 : explain SELECT k, c FROM sbtest5 WHERE k BETWEEN 4461436 AND 4461536
	Bitmap Heap Scan on sbtest5  (cost=5.47..405.46 rows=101 width=125)
	  Recheck Cond: ((k >= 4461436) AND (k <= 4461536))
	  ->  Bitmap Index Scan on k_5  (cost=0.00..5.44 rows=101 width=0)
	        Index Cond: ((k >= 4461436) AND (k <= 4461536))

table 6 : explain SELECT k, c FROM sbtest6 WHERE k BETWEEN 4461436 AND 4461536
	Bitmap Heap Scan on sbtest6  (cost=5.40..377.82 rows=94 width=125)
	  Recheck Cond: ((k >= 4461436) AND (k <= 4461536))
	  ->  Bitmap Index Scan on k_6  (cost=0.00..5.38 rows=94 width=0)
	        Index Cond: ((k >= 4461436) AND (k <= 4461536))

table 7 : explain SELECT k, c FROM sbtest7 WHERE k BETWEEN 4461436 AND 4461536
	Bitmap Heap Scan on sbtest7  (cost=5.57..444.88 rows=111 width=125)
	  Recheck Cond: ((k >= 4461436) AND (k <= 4461536))
	  ->  Bitmap Index Scan on k_7  (cost=0.00..5.54 rows=111 width=0)
	        Index Cond: ((k >= 4461436) AND (k <= 4461536))

table 8 : explain SELECT k, c FROM sbtest8 WHERE k BETWEEN 4461436 AND 4461536
	Bitmap Heap Scan on sbtest8  (cost=5.40..377.85 rows=94 width=125)
	  Recheck Cond: ((k >= 4461436) AND (k <= 4461536))
	  ->  Bitmap Index Scan on k_8  (cost=0.00..5.38 rows=94 width=0)
	        Index Cond: ((k >= 4461436) AND (k <= 4461536))



for range-notcovered
table 1 : explain SELECT k, c FROM sbtest1 WHERE k BETWEEN 4268992 AND 4269092
	Bitmap Heap Scan on sbtest1  (cost=5.46..401.48 rows=100 width=125)
	  Recheck Cond: ((k >= 4268992) AND (k <= 4269092))
	  ->  Bitmap Index Scan on k_1  (cost=0.00..5.43 rows=100 width=0)
	        Index Cond: ((k >= 4268992) AND (k <= 4269092))

table 2 : explain SELECT k, c FROM sbtest2 WHERE k BETWEEN 4268992 AND 4269092
	Bitmap Heap Scan on sbtest2  (cost=5.48..409.35 rows=102 width=125)
	  Recheck Cond: ((k >= 4268992) AND (k <= 4269092))
	  ->  Bitmap Index Scan on k_2  (cost=0.00..5.45 rows=102 width=0)
	        Index Cond: ((k >= 4268992) AND (k <= 4269092))

table 3 : explain SELECT k, c FROM sbtest3 WHERE k BETWEEN 4268992 AND 4269092
	Bitmap Heap Scan on sbtest3  (cost=5.45..397.53 rows=99 width=125)
	  Recheck Cond: ((k >= 4268992) AND (k <= 4269092))
	  ->  Bitmap Index Scan on k_3  (cost=0.00..5.42 rows=99 width=0)
	        Index Cond: ((k >= 4268992) AND (k <= 4269092))

table 4 : explain SELECT k, c FROM sbtest4 WHERE k BETWEEN 4268992 AND 4269092
	Bitmap Heap Scan on sbtest4  (cost=5.51..421.18 rows=105 width=125)
	  Recheck Cond: ((k >= 4268992) AND (k <= 4269092))
	  ->  Bitmap Index Scan on k_4  (cost=0.00..5.48 rows=105 width=0)
	        Index Cond: ((k >= 4268992) AND (k <= 4269092))

table 5 : explain SELECT k, c FROM sbtest5 WHERE k BETWEEN 4268992 AND 4269092
	Bitmap Heap Scan on sbtest5  (cost=5.51..421.23 rows=105 width=125)
	  Recheck Cond: ((k >= 4268992) AND (k <= 4269092))
	  ->  Bitmap Index Scan on k_5  (cost=0.00..5.48 rows=105 width=0)
	        Index Cond: ((k >= 4268992) AND (k <= 4269092))

table 6 : explain SELECT k, c FROM sbtest6 WHERE k BETWEEN 4268992 AND 4269092
	Bitmap Heap Scan on sbtest6  (cost=5.50..417.25 rows=104 width=125)
	  Recheck Cond: ((k >= 4268992) AND (k <= 4269092))
	  ->  Bitmap Index Scan on k_6  (cost=0.00..5.47 rows=104 width=0)
	        Index Cond: ((k >= 4268992) AND (k <= 4269092))

table 7 : explain SELECT k, c FROM sbtest7 WHERE k BETWEEN 4268992 AND 4269092
	Bitmap Heap Scan on sbtest7  (cost=5.40..377.85 rows=94 width=125)
	  Recheck Cond: ((k >= 4268992) AND (k <= 4269092))
	  ->  Bitmap Index Scan on k_7  (cost=0.00..5.38 rows=94 width=0)
	        Index Cond: ((k >= 4268992) AND (k <= 4269092))

table 8 : explain SELECT k, c FROM sbtest8 WHERE k BETWEEN 4268992 AND 4269092
	Bitmap Heap Scan on sbtest8  (cost=5.38..369.95 rows=92 width=125)
	  Recheck Cond: ((k >= 4268992) AND (k <= 4269092))
	  ->  Bitmap Index Scan on k_8  (cost=0.00..5.35 rows=92 width=0)
	        Index Cond: ((k >= 4268992) AND (k <= 4269092))
for range-notcovered
table 1 : explain SELECT k, c FROM sbtest1 WHERE k BETWEEN 8425699 AND 8425799
	Bitmap Heap Scan on sbtest1  (cost=5.41..381.76 rows=95 width=125)
	  Recheck Cond: ((k >= 8425699) AND (k <= 8425799))
	  ->  Bitmap Index Scan on k_1  (cost=0.00..5.38 rows=95 width=0)
	        Index Cond: ((k >= 8425699) AND (k <= 8425799))

table 2 : explain SELECT k, c FROM sbtest2 WHERE k BETWEEN 8425699 AND 8425799
	Bitmap Heap Scan on sbtest2  (cost=5.44..393.58 rows=98 width=125)
	  Recheck Cond: ((k >= 8425699) AND (k <= 8425799))
	  ->  Bitmap Index Scan on k_2  (cost=0.00..5.42 rows=98 width=0)
	        Index Cond: ((k >= 8425699) AND (k <= 8425799))

table 3 : explain SELECT k, c FROM sbtest3 WHERE k BETWEEN 8425699 AND 8425799
	Bitmap Heap Scan on sbtest3  (cost=5.51..421.18 rows=105 width=125)
	  Recheck Cond: ((k >= 8425699) AND (k <= 8425799))
	  ->  Bitmap Index Scan on k_3  (cost=0.00..5.48 rows=105 width=0)
	        Index Cond: ((k >= 8425699) AND (k <= 8425799))

table 4 : explain SELECT k, c FROM sbtest4 WHERE k BETWEEN 8425699 AND 8425799
	Bitmap Heap Scan on sbtest4  (cost=5.43..389.64 rows=97 width=125)
	  Recheck Cond: ((k >= 8425699) AND (k <= 8425799))
	  ->  Bitmap Index Scan on k_4  (cost=0.00..5.40 rows=97 width=0)
	        Index Cond: ((k >= 8425699) AND (k <= 8425799))

table 5 : explain SELECT k, c FROM sbtest5 WHERE k BETWEEN 8425699 AND 8425799
	Bitmap Heap Scan on sbtest5  (cost=5.46..401.51 rows=100 width=125)
	  Recheck Cond: ((k >= 8425699) AND (k <= 8425799))
	  ->  Bitmap Index Scan on k_5  (cost=0.00..5.43 rows=100 width=0)
	        Index Cond: ((k >= 8425699) AND (k <= 8425799))

table 6 : explain SELECT k, c FROM sbtest6 WHERE k BETWEEN 8425699 AND 8425799
	Bitmap Heap Scan on sbtest6  (cost=5.50..417.25 rows=104 width=125)
	  Recheck Cond: ((k >= 8425699) AND (k <= 8425799))
	  ->  Bitmap Index Scan on k_6  (cost=0.00..5.47 rows=104 width=0)
	        Index Cond: ((k >= 8425699) AND (k <= 8425799))

table 7 : explain SELECT k, c FROM sbtest7 WHERE k BETWEEN 8425699 AND 8425799
	Bitmap Heap Scan on sbtest7  (cost=5.49..413.35 rows=103 width=125)
	  Recheck Cond: ((k >= 8425699) AND (k <= 8425799))
	  ->  Bitmap Index Scan on k_7  (cost=0.00..5.46 rows=103 width=0)
	        Index Cond: ((k >= 8425699) AND (k <= 8425799))

table 8 : explain SELECT k, c FROM sbtest8 WHERE k BETWEEN 8425699 AND 8425799
	Bitmap Heap Scan on sbtest8  (cost=5.46..401.52 rows=100 width=125)
	  Recheck Cond: ((k >= 8425699) AND (k <= 8425799))
	  ->  Bitmap Index Scan on k_8  (cost=0.00..5.43 rows=100 width=0)
	        Index Cond: ((k >= 8425699) AND (k <= 8425799))
explain: for range-notcovered :: explain SELECT k, c FROM sbtest%d WHERE k BETWEEN 4461436 AND 4461536
explain: for range-notcovered :: explain SELECT k, c FROM sbtest%d WHERE k BETWEEN 5027797 AND 5027897for range-notcovered
table 1 : explain SELECT k, c FROM sbtest1 WHERE k BETWEEN 3027490 AND 3027590
	Bitmap Heap Scan on sbtest1  (cost=5.47..405.42 rows=101 width=125)
	  Recheck Cond: ((k >= 3027490) AND (k <= 3027590))
	  ->  Bitmap Index Scan on k_1  (cost=0.00..5.44 rows=101 width=0)
	        Index Cond: ((k >= 3027490) AND (k <= 3027590))

table 2 : explain SELECT k, c FROM sbtest2 WHERE k BETWEEN 3027490 AND 3027590
	Bitmap Heap Scan on sbtest2  (cost=5.50..417.24 rows=104 width=125)
	  Recheck Cond: ((k >= 3027490) AND (k <= 3027590))
	  ->  Bitmap Index Scan on k_2  (cost=0.00..5.47 rows=104 width=0)
	        Index Cond: ((k >= 3027490) AND (k <= 3027590))

table 3 : explain SELECT k, c FROM sbtest3 WHERE k BETWEEN 3027490 AND 3027590
	Bitmap Heap Scan on sbtest3  (cost=5.38..369.91 rows=92 width=125)
	  Recheck Cond: ((k >= 3027490) AND (k <= 3027590))
	  ->  Bitmap Index Scan on k_3  (cost=0.00..5.35 rows=92 width=0)
	        Index Cond: ((k >= 3027490) AND (k <= 3027590))

table 4 : explain SELECT k, c FROM sbtest4 WHERE k BETWEEN 3027490 AND 3027590
	Bitmap Heap Scan on sbtest4  (cost=5.43..389.64 rows=97 width=125)
	  Recheck Cond: ((k >= 3027490) AND (k <= 3027590))
	  ->  Bitmap Index Scan on k_4  (cost=0.00..5.40 rows=97 width=0)
	        Index Cond: ((k >= 3027490) AND (k <= 3027590))

table 5 : explain SELECT k, c FROM sbtest5 WHERE k BETWEEN 3027490 AND 3027590
	Bitmap Heap Scan on sbtest5  (cost=5.45..397.57 rows=99 width=125)
	  Recheck Cond: ((k >= 3027490) AND (k <= 3027590))
	  ->  Bitmap Index Scan on k_5  (cost=0.00..5.42 rows=99 width=0)
	        Index Cond: ((k >= 3027490) AND (k <= 3027590))

table 6 : explain SELECT k, c FROM sbtest6 WHERE k BETWEEN 3027490 AND 3027590
	Bitmap Heap Scan on sbtest6  (cost=5.50..417.25 rows=104 width=125)
	  Recheck Cond: ((k >= 3027490) AND (k <= 3027590))
	  ->  Bitmap Index Scan on k_6  (cost=0.00..5.47 rows=104 width=0)
	        Index Cond: ((k >= 3027490) AND (k <= 3027590))

table 7 : explain SELECT k, c FROM sbtest7 WHERE k BETWEEN 3027490 AND 3027590
	Bitmap Heap Scan on sbtest7  (cost=5.44..393.63 rows=98 width=125)
	  Recheck Cond: ((k >= 3027490) AND (k <= 3027590))
	  ->  Bitmap Index Scan on k_7  (cost=0.00..5.42 rows=98 width=0)
	        Index Cond: ((k >= 3027490) AND (k <= 3027590))

table 8 : explain SELECT k, c FROM sbtest8 WHERE k BETWEEN 3027490 AND 3027590
	Bitmap Heap Scan on sbtest8  (cost=5.51..421.23 rows=105 width=125)
	  Recheck Cond: ((k >= 3027490) AND (k <= 3027590))
	  ->  Bitmap Index Scan on k_8  (cost=0.00..5.48 rows=105 width=0)
	        Index Cond: ((k >= 3027490) AND (k <= 3027590))
for range-notcovered
table 1 : explain SELECT k, c FROM sbtest1 WHERE k BETWEEN 2951443 AND 2951543
	Bitmap Heap Scan on sbtest1  (cost=5.48..409.36 rows=102 width=125)
	  Recheck Cond: ((k >= 2951443) AND (k <= 2951543))
	  ->  Bitmap Index Scan on k_1  (cost=0.00..5.45 rows=102 width=0)
	        Index Cond: ((k >= 2951443) AND (k <= 2951543))

table 2 : explain SELECT k, c FROM sbtest2 WHERE k BETWEEN 2951443 AND 2951543
	Bitmap Heap Scan on sbtest2  (cost=5.47..405.41 rows=101 width=125)
	  Recheck Cond: ((k >= 2951443) AND (k <= 2951543))
	  ->  Bitmap Index Scan on k_2  (cost=0.00..5.44 rows=101 width=0)
	        Index Cond: ((k >= 2951443) AND (k <= 2951543))

table 3 : explain SELECT k, c FROM sbtest3 WHERE k BETWEEN 2951443 AND 2951543
	Bitmap Heap Scan on sbtest3  (cost=5.46..401.47 rows=100 width=125)
	  Recheck Cond: ((k >= 2951443) AND (k <= 2951543))
	  ->  Bitmap Index Scan on k_3  (cost=0.00..5.43 rows=100 width=0)
	        Index Cond: ((k >= 2951443) AND (k <= 2951543))

table 4 : explain SELECT k, c FROM sbtest4 WHERE k BETWEEN 2951443 AND 2951543
	Bitmap Heap Scan on sbtest4  (cost=5.54..433.00 rows=108 width=125)
	  Recheck Cond: ((k >= 2951443) AND (k <= 2951543))
	  ->  Bitmap Index Scan on k_4  (cost=0.00..5.51 rows=108 width=0)
	        Index Cond: ((k >= 2951443) AND (k <= 2951543))

table 5 : explain SELECT k, c FROM sbtest5 WHERE k BETWEEN 2951443 AND 2951543
	Bitmap Heap Scan on sbtest5  (cost=5.50..417.28 rows=104 width=125)
	  Recheck Cond: ((k >= 2951443) AND (k <= 2951543))
	  ->  Bitmap Index Scan on k_5  (cost=0.00..5.47 rows=104 width=0)
	        Index Cond: ((k >= 2951443) AND (k <= 2951543))

table 6 : explain SELECT k, c FROM sbtest6 WHERE k BETWEEN 2951443 AND 2951543
	Bitmap Heap Scan on sbtest6  (cost=5.49..413.31 rows=103 width=125)
	  Recheck Cond: ((k >= 2951443) AND (k <= 2951543))
	  ->  Bitmap Index Scan on k_6  (cost=0.00..5.46 rows=103 width=0)
	        Index Cond: ((k >= 2951443) AND (k <= 2951543))

table 7 : explain SELECT k, c FROM sbtest7 WHERE k BETWEEN 2951443 AND 2951543
	Bitmap Heap Scan on sbtest7  (cost=5.46..401.52 rows=100 width=125)
	  Recheck Cond: ((k >= 2951443) AND (k <= 2951543))
	  ->  Bitmap Index Scan on k_7  (cost=0.00..5.43 rows=100 width=0)
	        Index Cond: ((k >= 2951443) AND (k <= 2951543))

table 8 : explain SELECT k, c FROM sbtest8 WHERE k BETWEEN 2951443 AND 2951543
	Bitmap Heap Scan on sbtest8  (cost=5.39..373.90 rows=93 width=125)
	  Recheck Cond: ((k >= 2951443) AND (k <= 2951543))
	  ->  Bitmap Index Scan on k_8  (cost=0.00..5.36 rows=93 width=0)
	        Index Cond: ((k >= 2951443) AND (k <= 2951543))

for range-notcovered
table 1 : explain SELECT k, c FROM sbtest1 WHERE k BETWEEN 6877552 AND 6877652
	Bitmap Heap Scan on sbtest1  (cost=5.51..421.19 rows=105 width=125)
	  Recheck Cond: ((k >= 6877552) AND (k <= 6877652))
	  ->  Bitmap Index Scan on k_1  (cost=0.00..5.48 rows=105 width=0)
	        Index Cond: ((k >= 6877552) AND (k <= 6877652))

table 2 : explain SELECT k, c FROM sbtest2 WHERE k BETWEEN 6877552 AND 6877652
	Bitmap Heap Scan on sbtest2  (cost=5.54..433.00 rows=108 width=125)
	  Recheck Cond: ((k >= 6877552) AND (k <= 6877652))
	  ->  Bitmap Index Scan on k_2  (cost=0.00..5.51 rows=108 width=0)
	        Index Cond: ((k >= 6877552) AND (k <= 6877652))

table 3 : explain SELECT k, c FROM sbtest3 WHERE k BETWEEN 6877552 AND 6877652
	Bitmap Heap Scan on sbtest3  (cost=5.55..436.94 rows=109 width=125)
	  Recheck Cond: ((k >= 6877552) AND (k <= 6877652))
	  ->  Bitmap Index Scan on k_3  (cost=0.00..5.52 rows=109 width=0)
	        Index Cond: ((k >= 6877552) AND (k <= 6877652))

table 4 : explain SELECT k, c FROM sbtest4 WHERE k BETWEEN 6877552 AND 6877652
	Bitmap Heap Scan on sbtest4  (cost=5.41..381.75 rows=95 width=125)
	  Recheck Cond: ((k >= 6877552) AND (k <= 6877652))
	  ->  Bitmap Index Scan on k_4  (cost=0.00..5.38 rows=95 width=0)
	        Index Cond: ((k >= 6877552) AND (k <= 6877652))

table 5 : explain SELECT k, c FROM sbtest5 WHERE k BETWEEN 6877552 AND 6877652
	Bitmap Heap Scan on sbtest5  (cost=5.56..440.93 rows=110 width=125)
	  Recheck Cond: ((k >= 6877552) AND (k <= 6877652))
	  ->  Bitmap Index Scan on k_5  (cost=0.00..5.53 rows=110 width=0)
	        Index Cond: ((k >= 6877552) AND (k <= 6877652))

table 6 : explain SELECT k, c FROM sbtest6 WHERE k BETWEEN 6877552 AND 6877652
	Bitmap Heap Scan on sbtest6  (cost=5.41..381.76 rows=95 width=125)
	  Recheck Cond: ((k >= 6877552) AND (k <= 6877652))
	  ->  Bitmap Index Scan on k_6  (cost=0.00..5.38 rows=95 width=0)
	        Index Cond: ((k >= 6877552) AND (k <= 6877652))

table 7 : explain SELECT k, c FROM sbtest7 WHERE k BETWEEN 6877552 AND 6877652
	Bitmap Heap Scan on sbtest7  (cost=5.48..409.41 rows=102 width=125)
	  Recheck Cond: ((k >= 6877552) AND (k <= 6877652))
	  ->  Bitmap Index Scan on k_7  (cost=0.00..5.45 rows=102 width=0)
	        Index Cond: ((k >= 6877552) AND (k <= 6877652))

table 8 : explain SELECT k, c FROM sbtest8 WHERE k BETWEEN 6877552 AND 6877652
	Bitmap Heap Scan on sbtest8  (cost=5.53..429.11 rows=107 width=125)
	  Recheck Cond: ((k >= 6877552) AND (k <= 6877652))
	  ->  Bitmap Index Scan on k_8  (cost=0.00..5.50 rows=107 width=0)
	        Index Cond: ((k >= 6877552) AND (k <= 6877652))


for range-notcovered
table 1 : explain SELECT k, c FROM sbtest1 WHERE k BETWEEN 8009198 AND 8009298
	Bitmap Heap Scan on sbtest1  (cost=5.45..397.53 rows=99 width=125)
	  Recheck Cond: ((k >= 8009198) AND (k <= 8009298))
	  ->  Bitmap Index Scan on k_1  (cost=0.00..5.42 rows=99 width=0)
	        Index Cond: ((k >= 8009198) AND (k <= 8009298))

table 2 : explain SELECT k, c FROM sbtest2 WHERE k BETWEEN 8009198 AND 8009298
	Bitmap Heap Scan on sbtest2  (cost=5.49..413.29 rows=103 width=125)
	  Recheck Cond: ((k >= 8009198) AND (k <= 8009298))
	  ->  Bitmap Index Scan on k_2  (cost=0.00..5.46 rows=103 width=0)
	        Index Cond: ((k >= 8009198) AND (k <= 8009298))

table 3 : explain SELECT k, c FROM sbtest3 WHERE k BETWEEN 8009198 AND 8009298
	Bitmap Heap Scan on sbtest3  (cost=5.54..433.00 rows=108 width=125)
	  Recheck Cond: ((k >= 8009198) AND (k <= 8009298))
	  ->  Bitmap Index Scan on k_3  (cost=0.00..5.51 rows=108 width=0)
	        Index Cond: ((k >= 8009198) AND (k <= 8009298))

table 4 : explain SELECT k, c FROM sbtest4 WHERE k BETWEEN 8009198 AND 8009298
	Bitmap Heap Scan on sbtest4  (cost=5.52..425.12 rows=106 width=125)
	  Recheck Cond: ((k >= 8009198) AND (k <= 8009298))
	  ->  Bitmap Index Scan on k_4  (cost=0.00..5.50 rows=106 width=0)
	        Index Cond: ((k >= 8009198) AND (k <= 8009298))

table 5 : explain SELECT k, c FROM sbtest5 WHERE k BETWEEN 8009198 AND 8009298
	Bitmap Heap Scan on sbtest5  (cost=5.45..397.57 rows=99 width=125)
	  Recheck Cond: ((k >= 8009198) AND (k <= 8009298))
	  ->  Bitmap Index Scan on k_5  (cost=0.00..5.42 rows=99 width=0)
	        Index Cond: ((k >= 8009198) AND (k <= 8009298))

table 6 : explain SELECT k, c FROM sbtest6 WHERE k BETWEEN 8009198 AND 8009298
	Bitmap Heap Scan on sbtest6  (cost=5.51..421.19 rows=105 width=125)
	  Recheck Cond: ((k >= 8009198) AND (k <= 8009298))
	  ->  Bitmap Index Scan on k_6  (cost=0.00..5.48 rows=105 width=0)
	        Index Cond: ((k >= 8009198) AND (k <= 8009298))

table 7 : explain SELECT k, c FROM sbtest7 WHERE k BETWEEN 8009198 AND 8009298
	Bitmap Heap Scan on sbtest7  (cost=5.46..401.52 rows=100 width=125)
	  Recheck Cond: ((k >= 8009198) AND (k <= 8009298))
	  ->  Bitmap Index Scan on k_7  (cost=0.00..5.43 rows=100 width=0)
	        Index Cond: ((k >= 8009198) AND (k <= 8009298))

table 8 : explain SELECT k, c FROM sbtest8 WHERE k BETWEEN 8009198 AND 8009298
	Bitmap Heap Scan on sbtest8  (cost=5.47..405.46 rows=101 width=125)
	  Recheck Cond: ((k >= 8009198) AND (k <= 8009298))
	  ->  Bitmap Index Scan on k_8  (cost=0.00..5.44 rows=101 width=0)
	        Index Cond: ((k >= 8009198) AND (k <= 8009298))

for range-notcovered
table 1 : explain SELECT k, c FROM sbtest1 WHERE k BETWEEN 2369435 AND 2369535
	Bitmap Heap Scan on sbtest1  (cost=5.50..417.24 rows=104 width=125)
	  Recheck Cond: ((k >= 2369435) AND (k <= 2369535))
	  ->  Bitmap Index Scan on k_1  (cost=0.00..5.47 rows=104 width=0)
	        Index Cond: ((k >= 2369435) AND (k <= 2369535))

table 2 : explain SELECT k, c FROM sbtest2 WHERE k BETWEEN 2369435 AND 2369535
	Bitmap Heap Scan on sbtest2  (cost=5.41..381.75 rows=95 width=125)
	  Recheck Cond: ((k >= 2369435) AND (k <= 2369535))
	  ->  Bitmap Index Scan on k_2  (cost=0.00..5.38 rows=95 width=0)
	        Index Cond: ((k >= 2369435) AND (k <= 2369535))

table 3 : explain SELECT k, c FROM sbtest3 WHERE k BETWEEN 2369435 AND 2369535
	Bitmap Heap Scan on sbtest3  (cost=5.57..444.82 rows=111 width=125)
	  Recheck Cond: ((k >= 2369435) AND (k <= 2369535))
	  ->  Bitmap Index Scan on k_3  (cost=0.00..5.54 rows=111 width=0)
	        Index Cond: ((k >= 2369435) AND (k <= 2369535))

table 4 : explain SELECT k, c FROM sbtest4 WHERE k BETWEEN 2369435 AND 2369535
	Bitmap Heap Scan on sbtest4  (cost=5.55..436.94 rows=109 width=125)
	  Recheck Cond: ((k >= 2369435) AND (k <= 2369535))
	  ->  Bitmap Index Scan on k_4  (cost=0.00..5.52 rows=109 width=0)
	        Index Cond: ((k >= 2369435) AND (k <= 2369535))

table 5 : explain SELECT k, c FROM sbtest5 WHERE k BETWEEN 2369435 AND 2369535
	Bitmap Heap Scan on sbtest5  (cost=5.42..385.74 rows=96 width=125)
	  Recheck Cond: ((k >= 2369435) AND (k <= 2369535))
	  ->  Bitmap Index Scan on k_5  (cost=0.00..5.39 rows=96 width=0)
	        Index Cond: ((k >= 2369435) AND (k <= 2369535))

table 6 : explain SELECT k, c FROM sbtest6 WHERE k BETWEEN 2369435 AND 2369535
	Bitmap Heap Scan on sbtest6  (cost=5.45..397.54 rows=99 width=125)
	  Recheck Cond: ((k >= 2369435) AND (k <= 2369535))
	  ->  Bitmap Index Scan on k_6  (cost=0.00..5.42 rows=99 width=0)
	        Index Cond: ((k >= 2369435) AND (k <= 2369535))

table 7 : explain SELECT k, c FROM sbtest7 WHERE k BETWEEN 2369435 AND 2369535
	Bitmap Heap Scan on sbtest7  (cost=5.56..440.94 rows=110 width=125)
	  Recheck Cond: ((k >= 2369435) AND (k <= 2369535))
	  ->  Bitmap Index Scan on k_7  (cost=0.00..5.53 rows=110 width=0)
	        Index Cond: ((k >= 2369435) AND (k <= 2369535))

table 8 : explain SELECT k, c FROM sbtest8 WHERE k BETWEEN 2369435 AND 2369535
	Bitmap Heap Scan on sbtest8  (cost=5.49..413.34 rows=103 width=125)
	  Recheck Cond: ((k >= 2369435) AND (k <= 2369535))
	  ->  Bitmap Index Scan on k_8  (cost=0.00..5.46 rows=103 width=0)
	        Index Cond: ((k >= 2369435) AND (k <= 2369535))
for range-notcovered
table 1 : explain SELECT k, c FROM sbtest1 WHERE k BETWEEN 5254425 AND 5254525
	Bitmap Heap Scan on sbtest1  (cost=5.46..401.48 rows=100 width=125)
	  Recheck Cond: ((k >= 5254425) AND (k <= 5254525))
	  ->  Bitmap Index Scan on k_1  (cost=0.00..5.43 rows=100 width=0)
	        Index Cond: ((k >= 5254425) AND (k <= 5254525))

table 2 : explain SELECT k, c FROM sbtest2 WHERE k BETWEEN 5254425 AND 5254525
	Bitmap Heap Scan on sbtest2  (cost=5.58..448.75 rows=112 width=125)
	  Recheck Cond: ((k >= 5254425) AND (k <= 5254525))
	  ->  Bitmap Index Scan on k_2  (cost=0.00..5.55 rows=112 width=0)
	        Index Cond: ((k >= 5254425) AND (k <= 5254525))

table 3 : explain SELECT k, c FROM sbtest3 WHERE k BETWEEN 5254425 AND 5254525
	Bitmap Heap Scan on sbtest3  (cost=5.49..413.30 rows=103 width=125)
	  Recheck Cond: ((k >= 5254425) AND (k <= 5254525))
	  ->  Bitmap Index Scan on k_3  (cost=0.00..5.46 rows=103 width=0)
	        Index Cond: ((k >= 5254425) AND (k <= 5254525))

table 4 : explain SELECT k, c FROM sbtest4 WHERE k BETWEEN 5254425 AND 5254525
	Bitmap Heap Scan on sbtest4  (cost=5.41..381.75 rows=95 width=125)
	  Recheck Cond: ((k >= 5254425) AND (k <= 5254525))
	  ->  Bitmap Index Scan on k_4  (cost=0.00..5.38 rows=95 width=0)
	        Index Cond: ((k >= 5254425) AND (k <= 5254525))

table 5 : explain SELECT k, c FROM sbtest5 WHERE k BETWEEN 5254425 AND 5254525
	Bitmap Heap Scan on sbtest5  (cost=5.55..436.99 rows=109 width=125)
	  Recheck Cond: ((k >= 5254425) AND (k <= 5254525))
	  ->  Bitmap Index Scan on k_5  (cost=0.00..5.52 rows=109 width=0)
	        Index Cond: ((k >= 5254425) AND (k <= 5254525))

table 6 : explain SELECT k, c FROM sbtest6 WHERE k BETWEEN 5254425 AND 5254525
	Bitmap Heap Scan on sbtest6  (cost=5.51..421.19 rows=105 width=125)
	  Recheck Cond: ((k >= 5254425) AND (k <= 5254525))
	  ->  Bitmap Index Scan on k_6  (cost=0.00..5.48 rows=105 width=0)
	        Index Cond: ((k >= 5254425) AND (k <= 5254525))

table 7 : explain SELECT k, c FROM sbtest7 WHERE k BETWEEN 5254425 AND 5254525
	Bitmap Heap Scan on sbtest7  (cost=5.36..362.06 rows=90 width=125)
	  Recheck Cond: ((k >= 5254425) AND (k <= 5254525))
	  ->  Bitmap Index Scan on k_7  (cost=0.00..5.33 rows=90 width=0)
	        Index Cond: ((k >= 5254425) AND (k <= 5254525))

table 8 : explain SELECT k, c FROM sbtest8 WHERE k BETWEEN 5254425 AND 5254525
	Bitmap Heap Scan on sbtest8  (cost=5.52..425.17 rows=106 width=125)
	  Recheck Cond: ((k >= 5254425) AND (k <= 5254525))
	  ->  Bitmap Index Scan on k_8  (cost=0.00..5.50 rows=106 width=0)
	        Index Cond: ((k >= 5254425) AND (k <= 5254525))
for range-notcovered
table 1 : explain SELECT k, c FROM sbtest1 WHERE k BETWEEN 2353440 AND 2353540
	Bitmap Heap Scan on sbtest1  (cost=5.50..417.24 rows=104 width=125)
	  Recheck Cond: ((k >= 2353440) AND (k <= 2353540))
	  ->  Bitmap Index Scan on k_1  (cost=0.00..5.47 rows=104 width=0)
	        Index Cond: ((k >= 2353440) AND (k <= 2353540))

table 2 : explain SELECT k, c FROM sbtest2 WHERE k BETWEEN 2353440 AND 2353540
	Bitmap Heap Scan on sbtest2  (cost=5.41..381.75 rows=95 width=125)
	  Recheck Cond: ((k >= 2353440) AND (k <= 2353540))
	  ->  Bitmap Index Scan on k_2  (cost=0.00..5.38 rows=95 width=0)
	        Index Cond: ((k >= 2353440) AND (k <= 2353540))

table 3 : explain SELECT k, c FROM sbtest3 WHERE k BETWEEN 2353440 AND 2353540
	Bitmap Heap Scan on sbtest3  (cost=5.57..444.82 rows=111 width=125)
	  Recheck Cond: ((k >= 2353440) AND (k <= 2353540))
	  ->  Bitmap Index Scan on k_3  (cost=0.00..5.54 rows=111 width=0)
	        Index Cond: ((k >= 2353440) AND (k <= 2353540))

table 4 : explain SELECT k, c FROM sbtest4 WHERE k BETWEEN 2353440 AND 2353540
	Bitmap Heap Scan on sbtest4  (cost=5.55..436.94 rows=109 width=125)
	  Recheck Cond: ((k >= 2353440) AND (k <= 2353540))
	  ->  Bitmap Index Scan on k_4  (cost=0.00..5.52 rows=109 width=0)
	        Index Cond: ((k >= 2353440) AND (k <= 2353540))

table 5 : explain SELECT k, c FROM sbtest5 WHERE k BETWEEN 2353440 AND 2353540
	Bitmap Heap Scan on sbtest5  (cost=5.42..385.74 rows=96 width=125)
	  Recheck Cond: ((k >= 2353440) AND (k <= 2353540))
	  ->  Bitmap Index Scan on k_5  (cost=0.00..5.39 rows=96 width=0)
	        Index Cond: ((k >= 2353440) AND (k <= 2353540))

table 6 : explain SELECT k, c FROM sbtest6 WHERE k BETWEEN 2353440 AND 2353540
	Bitmap Heap Scan on sbtest6  (cost=5.45..397.54 rows=99 width=125)
	  Recheck Cond: ((k >= 2353440) AND (k <= 2353540))
	  ->  Bitmap Index Scan on k_6  (cost=0.00..5.42 rows=99 width=0)
	        Index Cond: ((k >= 2353440) AND (k <= 2353540))

table 7 : explain SELECT k, c FROM sbtest7 WHERE k BETWEEN 2353440 AND 2353540
	Bitmap Heap Scan on sbtest7  (cost=5.56..440.94 rows=110 width=125)
	  Recheck Cond: ((k >= 2353440) AND (k <= 2353540))
	  ->  Bitmap Index Scan on k_7  (cost=0.00..5.53 rows=110 width=0)
	        Index Cond: ((k >= 2353440) AND (k <= 2353540))

table 8 : explain SELECT k, c FROM sbtest8 WHERE k BETWEEN 2353440 AND 2353540
	Bitmap Heap Scan on sbtest8  (cost=5.49..413.34 rows=103 width=125)
	  Recheck Cond: ((k >= 2353440) AND (k <= 2353540))
	  ->  Bitmap Index Scan on k_8  (cost=0.00..5.46 rows=103 width=0)
	        Index Cond: ((k >= 2353440) AND (k <= 2353540))
for range-notcovered
table 1 : explain SELECT k, c FROM sbtest1 WHERE k BETWEEN 5954040 AND 5954140
	Bitmap Heap Scan on sbtest1  (cost=5.48..409.36 rows=102 width=125)
	  Recheck Cond: ((k >= 5954040) AND (k <= 5954140))
	  ->  Bitmap Index Scan on k_1  (cost=0.00..5.45 rows=102 width=0)
	        Index Cond: ((k >= 5954040) AND (k <= 5954140))

table 2 : explain SELECT k, c FROM sbtest2 WHERE k BETWEEN 5954040 AND 5954140
	Bitmap Heap Scan on sbtest2  (cost=5.52..425.12 rows=106 width=125)
	  Recheck Cond: ((k >= 5954040) AND (k <= 5954140))
	  ->  Bitmap Index Scan on k_2  (cost=0.00..5.50 rows=106 width=0)
	        Index Cond: ((k >= 5954040) AND (k <= 5954140))

table 3 : explain SELECT k, c FROM sbtest3 WHERE k BETWEEN 5954040 AND 5954140
	Bitmap Heap Scan on sbtest3  (cost=5.44..393.58 rows=98 width=125)
	  Recheck Cond: ((k >= 5954040) AND (k <= 5954140))
	  ->  Bitmap Index Scan on k_3  (cost=0.00..5.42 rows=98 width=0)
	        Index Cond: ((k >= 5954040) AND (k <= 5954140))

table 4 : explain SELECT k, c FROM sbtest4 WHERE k BETWEEN 5954040 AND 5954140
	Bitmap Heap Scan on sbtest4  (cost=5.48..409.35 rows=102 width=125)
	  Recheck Cond: ((k >= 5954040) AND (k <= 5954140))
	  ->  Bitmap Index Scan on k_4  (cost=0.00..5.45 rows=102 width=0)
	        Index Cond: ((k >= 5954040) AND (k <= 5954140))

table 5 : explain SELECT k, c FROM sbtest5 WHERE k BETWEEN 5954040 AND 5954140
	Bitmap Heap Scan on sbtest5  (cost=5.51..421.23 rows=105 width=125)
	  Recheck Cond: ((k >= 5954040) AND (k <= 5954140))
	  ->  Bitmap Index Scan on k_5  (cost=0.00..5.48 rows=105 width=0)
	        Index Cond: ((k >= 5954040) AND (k <= 5954140))

table 6 : explain SELECT k, c FROM sbtest6 WHERE k BETWEEN 5954040 AND 5954140
	Bitmap Heap Scan on sbtest6  (cost=5.44..393.60 rows=98 width=125)
	  Recheck Cond: ((k >= 5954040) AND (k <= 5954140))
	  ->  Bitmap Index Scan on k_6  (cost=0.00..5.42 rows=98 width=0)
	        Index Cond: ((k >= 5954040) AND (k <= 5954140))

table 7 : explain SELECT k, c FROM sbtest7 WHERE k BETWEEN 5954040 AND 5954140
	Bitmap Heap Scan on sbtest7  (cost=5.68..484.25 rows=121 width=125)
	  Recheck Cond: ((k >= 5954040) AND (k <= 5954140))
	  ->  Bitmap Index Scan on k_7  (cost=0.00..5.64 rows=121 width=0)
	        Index Cond: ((k >= 5954040) AND (k <= 5954140))

table 8 : explain SELECT k, c FROM sbtest8 WHERE k BETWEEN 5954040 AND 5954140
	Bitmap Heap Scan on sbtest8  (cost=5.52..425.17 rows=106 width=125)
	  Recheck Cond: ((k >= 5954040) AND (k <= 5954140))
	  ->  Bitmap Index Scan on k_8  (cost=0.00..5.50 rows=106 width=0)
	        Index Cond: ((k >= 5954040) AND (k <= 5954140))



for range-notcovered
table 1 : explain SELECT k, c FROM sbtest1 WHERE k BETWEEN 6165910 AND 6166010
	Bitmap Heap Scan on sbtest1  (cost=5.35..358.08 rows=89 width=125)
	  Recheck Cond: ((k >= 6165910) AND (k <= 6166010))
	  ->  Bitmap Index Scan on k_1  (cost=0.00..5.32 rows=89 width=0)
	        Index Cond: ((k >= 6165910) AND (k <= 6166010))

table 2 : explain SELECT k, c FROM sbtest2 WHERE k BETWEEN 6165910 AND 6166010
	Bitmap Heap Scan on sbtest2  (cost=5.45..397.53 rows=99 width=125)
	  Recheck Cond: ((k >= 6165910) AND (k <= 6166010))
	  ->  Bitmap Index Scan on k_2  (cost=0.00..5.42 rows=99 width=0)
	        Index Cond: ((k >= 6165910) AND (k <= 6166010))

table 3 : explain SELECT k, c FROM sbtest3 WHERE k BETWEEN 6165910 AND 6166010
	Bitmap Heap Scan on sbtest3  (cost=5.53..429.06 rows=107 width=125)
	  Recheck Cond: ((k >= 6165910) AND (k <= 6166010))
	  ->  Bitmap Index Scan on k_3  (cost=0.00..5.50 rows=107 width=0)
	        Index Cond: ((k >= 6165910) AND (k <= 6166010))

table 4 : explain SELECT k, c FROM sbtest4 WHERE k BETWEEN 6165910 AND 6166010
	Bitmap Heap Scan on sbtest4  (cost=5.48..409.35 rows=102 width=125)
	  Recheck Cond: ((k >= 6165910) AND (k <= 6166010))
	  ->  Bitmap Index Scan on k_4  (cost=0.00..5.45 rows=102 width=0)
	        Index Cond: ((k >= 6165910) AND (k <= 6166010))

table 5 : explain SELECT k, c FROM sbtest5 WHERE k BETWEEN 6165910 AND 6166010
	Bitmap Heap Scan on sbtest5  (cost=5.46..401.51 rows=100 width=125)
	  Recheck Cond: ((k >= 6165910) AND (k <= 6166010))
	  ->  Bitmap Index Scan on k_5  (cost=0.00..5.43 rows=100 width=0)
	        Index Cond: ((k >= 6165910) AND (k <= 6166010))

table 6 : explain SELECT k, c FROM sbtest6 WHERE k BETWEEN 6165910 AND 6166010
	Bitmap Heap Scan on sbtest6  (cost=5.42..385.71 rows=96 width=125)
	  Recheck Cond: ((k >= 6165910) AND (k <= 6166010))
	  ->  Bitmap Index Scan on k_6  (cost=0.00..5.39 rows=96 width=0)
	        Index Cond: ((k >= 6165910) AND (k <= 6166010))

table 7 : explain SELECT k, c FROM sbtest7 WHERE k BETWEEN 6165910 AND 6166010
	Bitmap Heap Scan on sbtest7  (cost=5.47..405.46 rows=101 width=125)
	  Recheck Cond: ((k >= 6165910) AND (k <= 6166010))
	  ->  Bitmap Index Scan on k_7  (cost=0.00..5.44 rows=101 width=0)
	        Index Cond: ((k >= 6165910) AND (k <= 6166010))

table 8 : explain SELECT k, c FROM sbtest8 WHERE k BETWEEN 6165910 AND 6166010
	Bitmap Heap Scan on sbtest8  (cost=5.53..429.11 rows=107 width=125)
	  Recheck Cond: ((k >= 6165910) AND (k <= 6166010))
	  ->  Bitmap Index Scan on k_8  (cost=0.00..5.50 rows=107 width=0)
	        Index Cond: ((k >= 6165910) AND (k <= 6166010))

for range-notcovered
table 1 : explain SELECT k, c FROM sbtest1 WHERE k BETWEEN 5346008 AND 5346108
	Bitmap Heap Scan on sbtest1  (cost=5.46..401.48 rows=100 width=125)
	  Recheck Cond: ((k >= 5346008) AND (k <= 5346108))
	  ->  Bitmap Index Scan on k_1  (cost=0.00..5.43 rows=100 width=0)
	        Index Cond: ((k >= 5346008) AND (k <= 5346108))

table 2 : explain SELECT k, c FROM sbtest2 WHERE k BETWEEN 5346008 AND 5346108
	Bitmap Heap Scan on sbtest2  (cost=5.47..405.41 rows=101 width=125)
	  Recheck Cond: ((k >= 5346008) AND (k <= 5346108))
	  ->  Bitmap Index Scan on k_2  (cost=0.00..5.44 rows=101 width=0)
	        Index Cond: ((k >= 5346008) AND (k <= 5346108))

table 3 : explain SELECT k, c FROM sbtest3 WHERE k BETWEEN 5346008 AND 5346108
	Bitmap Heap Scan on sbtest3  (cost=5.51..421.18 rows=105 width=125)
	  Recheck Cond: ((k >= 5346008) AND (k <= 5346108))
	  ->  Bitmap Index Scan on k_3  (cost=0.00..5.48 rows=105 width=0)
	        Index Cond: ((k >= 5346008) AND (k <= 5346108))

table 4 : explain SELECT k, c FROM sbtest4 WHERE k BETWEEN 5346008 AND 5346108
	Bitmap Heap Scan on sbtest4  (cost=5.55..436.94 rows=109 width=125)
	  Recheck Cond: ((k >= 5346008) AND (k <= 5346108))
	  ->  Bitmap Index Scan on k_4  (cost=0.00..5.52 rows=109 width=0)
	        Index Cond: ((k >= 5346008) AND (k <= 5346108))

table 5 : explain SELECT k, c FROM sbtest5 WHERE k BETWEEN 5346008 AND 5346108
	Bitmap Heap Scan on sbtest5  (cost=5.49..413.34 rows=103 width=125)
	  Recheck Cond: ((k >= 5346008) AND (k <= 5346108))
	  ->  Bitmap Index Scan on k_5  (cost=0.00..5.46 rows=103 width=0)
	        Index Cond: ((k >= 5346008) AND (k <= 5346108))

table 6 : explain SELECT k, c FROM sbtest6 WHERE k BETWEEN 5346008 AND 5346108
	Bitmap Heap Scan on sbtest6  (cost=5.54..433.02 rows=108 width=125)
	  Recheck Cond: ((k >= 5346008) AND (k <= 5346108))
	  ->  Bitmap Index Scan on k_6  (cost=0.00..5.51 rows=108 width=0)
	        Index Cond: ((k >= 5346008) AND (k <= 5346108))

table 7 : explain SELECT k, c FROM sbtest7 WHERE k BETWEEN 5346008 AND 5346108
	Bitmap Heap Scan on sbtest7  (cost=5.46..401.52 rows=100 width=125)
	  Recheck Cond: ((k >= 5346008) AND (k <= 5346108))
	  ->  Bitmap Index Scan on k_7  (cost=0.00..5.43 rows=100 width=0)
	        Index Cond: ((k >= 5346008) AND (k <= 5346108))

table 8 : explain SELECT k, c FROM sbtest8 WHERE k BETWEEN 5346008 AND 5346108
	Bitmap Heap Scan on sbtest8  (cost=5.50..417.29 rows=104 width=125)
	  Recheck Cond: ((k >= 5346008) AND (k <= 5346108))
	  ->  Bitmap Index Scan on k_8  (cost=0.00..5.47 rows=104 width=0)
	        Index Cond: ((k >= 5346008) AND (k <= 5346108))
for range-notcovered
table 1 : explain SELECT k, c FROM sbtest1 WHERE k BETWEEN 5263201 AND 5263301
	Bitmap Heap Scan on sbtest1  (cost=5.46..401.48 rows=100 width=125)
	  Recheck Cond: ((k >= 5263201) AND (k <= 5263301))
	  ->  Bitmap Index Scan on k_1  (cost=0.00..5.43 rows=100 width=0)
	        Index Cond: ((k >= 5263201) AND (k <= 5263301))

table 2 : explain SELECT k, c FROM sbtest2 WHERE k BETWEEN 5263201 AND 5263301
	Bitmap Heap Scan on sbtest2  (cost=5.58..448.75 rows=112 width=125)
	  Recheck Cond: ((k >= 5263201) AND (k <= 5263301))
	  ->  Bitmap Index Scan on k_2  (cost=0.00..5.55 rows=112 width=0)
	        Index Cond: ((k >= 5263201) AND (k <= 5263301))

table 3 : explain SELECT k, c FROM sbtest3 WHERE k BETWEEN 5263201 AND 5263301
	Bitmap Heap Scan on sbtest3  (cost=5.49..413.30 rows=103 width=125)
	  Recheck Cond: ((k >= 5263201) AND (k <= 5263301))
	  ->  Bitmap Index Scan on k_3  (cost=0.00..5.46 rows=103 width=0)
	        Index Cond: ((k >= 5263201) AND (k <= 5263301))

table 4 : explain SELECT k, c FROM sbtest4 WHERE k BETWEEN 5263201 AND 5263301
	Bitmap Heap Scan on sbtest4  (cost=5.41..381.75 rows=95 width=125)
	  Recheck Cond: ((k >= 5263201) AND (k <= 5263301))
	  ->  Bitmap Index Scan on k_4  (cost=0.00..5.38 rows=95 width=0)
	        Index Cond: ((k >= 5263201) AND (k <= 5263301))

table 5 : explain SELECT k, c FROM sbtest5 WHERE k BETWEEN 5263201 AND 5263301
	Bitmap Heap Scan on sbtest5  (cost=5.55..436.99 rows=109 width=125)
	  Recheck Cond: ((k >= 5263201) AND (k <= 5263301))
	  ->  Bitmap Index Scan on k_5  (cost=0.00..5.52 rows=109 width=0)
	        Index Cond: ((k >= 5263201) AND (k <= 5263301))

table 6 : explain SELECT k, c FROM sbtest6 WHERE k BETWEEN 5263201 AND 5263301
	Bitmap Heap Scan on sbtest6  (cost=5.51..421.19 rows=105 width=125)
	  Recheck Cond: ((k >= 5263201) AND (k <= 5263301))
	  ->  Bitmap Index Scan on k_6  (cost=0.00..5.48 rows=105 width=0)
	        Index Cond: ((k >= 5263201) AND (k <= 5263301))

table 7 : explain SELECT k, c FROM sbtest7 WHERE k BETWEEN 5263201 AND 5263301
	Bitmap Heap Scan on sbtest7  (cost=5.36..362.06 rows=90 width=125)
	  Recheck Cond: ((k >= 5263201) AND (k <= 5263301))
	  ->  Bitmap Index Scan on k_7  (cost=0.00..5.33 rows=90 width=0)
	        Index Cond: ((k >= 5263201) AND (k <= 5263301))

table 8 : explain SELECT k, c FROM sbtest8 WHERE k BETWEEN 5263201 AND 5263301
	Bitmap Heap Scan on sbtest8  (cost=5.52..425.17 rows=106 width=125)
	  Recheck Cond: ((k >= 5263201) AND (k <= 5263301))
	  ->  Bitmap Index Scan on k_8  (cost=0.00..5.50 rows=106 width=0)
	        Index Cond: ((k >= 5263201) AND (k <= 5263301))




for range-notcovered
table 1 : explain SELECT k, c FROM sbtest1 WHERE k BETWEEN 7081738 AND 7081838
	Bitmap Heap Scan on sbtest1  (cost=5.53..429.07 rows=107 width=125)
	  Recheck Cond: ((k >= 7081738) AND (k <= 7081838))
	  ->  Bitmap Index Scan on k_1  (cost=0.00..5.50 rows=107 width=0)
	        Index Cond: ((k >= 7081738) AND (k <= 7081838))

table 2 : explain SELECT k, c FROM sbtest2 WHERE k BETWEEN 7081738 AND 7081838
	Bitmap Heap Scan on sbtest2  (cost=5.46..401.47 rows=100 width=125)
	  Recheck Cond: ((k >= 7081738) AND (k <= 7081838))
	  ->  Bitmap Index Scan on k_2  (cost=0.00..5.43 rows=100 width=0)
	        Index Cond: ((k >= 7081738) AND (k <= 7081838))

table 3 : explain SELECT k, c FROM sbtest3 WHERE k BETWEEN 7081738 AND 7081838
	Bitmap Heap Scan on sbtest3  (cost=5.63..468.44 rows=117 width=125)
	  Recheck Cond: ((k >= 7081738) AND (k <= 7081838))
	  ->  Bitmap Index Scan on k_3  (cost=0.00..5.60 rows=117 width=0)
	        Index Cond: ((k >= 7081738) AND (k <= 7081838))

table 4 : explain SELECT k, c FROM sbtest4 WHERE k BETWEEN 7081738 AND 7081838
	Bitmap Heap Scan on sbtest4  (cost=5.60..456.63 rows=114 width=125)
	  Recheck Cond: ((k >= 7081738) AND (k <= 7081838))
	  ->  Bitmap Index Scan on k_4  (cost=0.00..5.58 rows=114 width=0)
	        Index Cond: ((k >= 7081738) AND (k <= 7081838))

table 5 : explain SELECT k, c FROM sbtest5 WHERE k BETWEEN 7081738 AND 7081838
	Bitmap Heap Scan on sbtest5  (cost=5.45..397.57 rows=99 width=125)
	  Recheck Cond: ((k >= 7081738) AND (k <= 7081838))
	  ->  Bitmap Index Scan on k_5  (cost=0.00..5.42 rows=99 width=0)
	        Index Cond: ((k >= 7081738) AND (k <= 7081838))

table 6 : explain SELECT k, c FROM sbtest6 WHERE k BETWEEN 7081738 AND 7081838
	Bitmap Heap Scan on sbtest6  (cost=5.40..377.82 rows=94 width=125)
	  Recheck Cond: ((k >= 7081738) AND (k <= 7081838))
	  ->  Bitmap Index Scan on k_6  (cost=0.00..5.38 rows=94 width=0)
	        Index Cond: ((k >= 7081738) AND (k <= 7081838))

table 7 : explain SELECT k, c FROM sbtest7 WHERE k BETWEEN 7081738 AND 7081838
	Bitmap Heap Scan on sbtest7  (cost=5.52..425.17 rows=106 width=125)
	  Recheck Cond: ((k >= 7081738) AND (k <= 7081838))
	  ->  Bitmap Index Scan on k_7  (cost=0.00..5.50 rows=106 width=0)
	        Index Cond: ((k >= 7081738) AND (k <= 7081838))

table 8 : explain SELECT k, c FROM sbtest8 WHERE k BETWEEN 7081738 AND 7081838
	Bitmap Heap Scan on sbtest8  (cost=5.36..362.06 rows=90 width=125)
	  Recheck Cond: ((k >= 7081738) AND (k <= 7081838))
	  ->  Bitmap Index Scan on k_8  (cost=0.00..5.33 rows=90 width=0)
	        Index Cond: ((k >= 7081738) AND (k <= 7081838))
explain: for range-notcovered :: explain SELECT k, c FROM sbtest%d WHERE k BETWEEN 6165910 AND 6166010
explain: for range-notcovered :: explain SELECT k, c FROM sbtest%d WHERE k BETWEEN 6877552 AND 6877652
explain: for range-notcovered :: explain SELECT k, c FROM sbtest%d WHERE k BETWEEN 3027490 AND 3027590
explain: for range-notcovered :: explain SELECT k, c FROM sbtest%d WHERE k BETWEEN 8425699 AND 8425799
explain: for range-notcovered :: explain SELECT k, c FROM sbtest%d WHERE k BETWEEN 7238566 AND 7238666
explain: for range-notcovered :: explain SELECT k, c FROM sbtest%d WHERE k BETWEEN 8009198 AND 8009298explain: for range-notcovered :: explain SELECT k, c FROM sbtest%d WHERE k BETWEEN 2951443 AND 2951543
explain: for range-notcovered :: explain SELECT k, c FROM sbtest%d WHERE k BETWEEN 4170423 AND 4170523
for range-notcovered
table 1 : explain SELECT k, c FROM sbtest1 WHERE k BETWEEN 4506587 AND 4506687
	Bitmap Heap Scan on sbtest1  (cost=5.46..401.48 rows=100 width=125)
	  Recheck Cond: ((k >= 4506587) AND (k <= 4506687))
	  ->  Bitmap Index Scan on k_1  (cost=0.00..5.43 rows=100 width=0)
	        Index Cond: ((k >= 4506587) AND (k <= 4506687))

table 2 : explain SELECT k, c FROM sbtest2 WHERE k BETWEEN 4506587 AND 4506687
	Bitmap Heap Scan on sbtest2  (cost=5.51..421.18 rows=105 width=125)
	  Recheck Cond: ((k >= 4506587) AND (k <= 4506687))
	  ->  Bitmap Index Scan on k_2  (cost=0.00..5.48 rows=105 width=0)
	        Index Cond: ((k >= 4506587) AND (k <= 4506687))

table 3 : explain SELECT k, c FROM sbtest3 WHERE k BETWEEN 4506587 AND 4506687
	Bitmap Heap Scan on sbtest3  (cost=5.43..389.64 rows=97 width=125)
	  Recheck Cond: ((k >= 4506587) AND (k <= 4506687))
	  ->  Bitmap Index Scan on k_3  (cost=0.00..5.40 rows=97 width=0)
	        Index Cond: ((k >= 4506587) AND (k <= 4506687))

table 4 : explain SELECT k, c FROM sbtest4 WHERE k BETWEEN 4506587 AND 4506687
	Bitmap Heap Scan on sbtest4  (cost=5.37..365.97 rows=91 width=125)
	  Recheck Cond: ((k >= 4506587) AND (k <= 4506687))
	  ->  Bitmap Index Scan on k_4  (cost=0.00..5.34 rows=91 width=0)
	        Index Cond: ((k >= 4506587) AND (k <= 4506687))

table 5 : explain SELECT k, c FROM sbtest5 WHERE k BETWEEN 4506587 AND 4506687
	Bitmap Heap Scan on sbtest5  (cost=5.47..405.46 rows=101 width=125)
	  Recheck Cond: ((k >= 4506587) AND (k <= 4506687))
	  ->  Bitmap Index Scan on k_5  (cost=0.00..5.44 rows=101 width=0)
	        Index Cond: ((k >= 4506587) AND (k <= 4506687))

table 6 : explain SELECT k, c FROM sbtest6 WHERE k BETWEEN 4506587 AND 4506687
	Bitmap Heap Scan on sbtest6  (cost=5.59..452.71 rows=113 width=125)
	  Recheck Cond: ((k >= 4506587) AND (k <= 4506687))
	  ->  Bitmap Index Scan on k_6  (cost=0.00..5.56 rows=113 width=0)
	        Index Cond: ((k >= 4506587) AND (k <= 4506687))

table 7 : explain SELECT k, c FROM sbtest7 WHERE k BETWEEN 4506587 AND 4506687
	Bitmap Heap Scan on sbtest7  (cost=5.57..444.88 rows=111 width=125)
	  Recheck Cond: ((k >= 4506587) AND (k <= 4506687))
	  ->  Bitmap Index Scan on k_7  (cost=0.00..5.54 rows=111 width=0)
	        Index Cond: ((k >= 4506587) AND (k <= 4506687))

table 8 : explain SELECT k, c FROM sbtest8 WHERE k BETWEEN 4506587 AND 4506687
	Bitmap Heap Scan on sbtest8  (cost=5.40..377.85 rows=94 width=125)
	  Recheck Cond: ((k >= 4506587) AND (k <= 4506687))
	  ->  Bitmap Index Scan on k_8  (cost=0.00..5.38 rows=94 width=0)
	        Index Cond: ((k >= 4506587) AND (k <= 4506687))
for range-notcovered
table 1 : explain SELECT k, c FROM sbtest1 WHERE k BETWEEN 3246183 AND 3246283
	Bitmap Heap Scan on sbtest1  (cost=5.59..452.70 rows=113 width=125)
	  Recheck Cond: ((k >= 3246183) AND (k <= 3246283))
	  ->  Bitmap Index Scan on k_1  (cost=0.00..5.56 rows=113 width=0)
	        Index Cond: ((k >= 3246183) AND (k <= 3246283))

table 2 : explain SELECT k, c FROM sbtest2 WHERE k BETWEEN 3246183 AND 3246283
	Bitmap Heap Scan on sbtest2  (cost=5.44..393.58 rows=98 width=125)
	  Recheck Cond: ((k >= 3246183) AND (k <= 3246283))
	  ->  Bitmap Index Scan on k_2  (cost=0.00..5.42 rows=98 width=0)
	        Index Cond: ((k >= 3246183) AND (k <= 3246283))

table 3 : explain SELECT k, c FROM sbtest3 WHERE k BETWEEN 3246183 AND 3246283
	Bitmap Heap Scan on sbtest3  (cost=5.53..429.06 rows=107 width=125)
	  Recheck Cond: ((k >= 3246183) AND (k <= 3246283))
	  ->  Bitmap Index Scan on k_3  (cost=0.00..5.50 rows=107 width=0)
	        Index Cond: ((k >= 3246183) AND (k <= 3246283))

table 4 : explain SELECT k, c FROM sbtest4 WHERE k BETWEEN 3246183 AND 3246283
	Bitmap Heap Scan on sbtest4  (cost=5.50..417.24 rows=104 width=125)
	  Recheck Cond: ((k >= 3246183) AND (k <= 3246283))
	  ->  Bitmap Index Scan on k_4  (cost=0.00..5.47 rows=104 width=0)
	        Index Cond: ((k >= 3246183) AND (k <= 3246283))

table 5 : explain SELECT k, c FROM sbtest5 WHERE k BETWEEN 3246183 AND 3246283
	Bitmap Heap Scan on sbtest5  (cost=5.43..389.68 rows=97 width=125)
	  Recheck Cond: ((k >= 3246183) AND (k <= 3246283))
	  ->  Bitmap Index Scan on k_5  (cost=0.00..5.40 rows=97 width=0)
	        Index Cond: ((k >= 3246183) AND (k <= 3246283))

table 6 : explain SELECT k, c FROM sbtest6 WHERE k BETWEEN 3246183 AND 3246283
	Bitmap Heap Scan on sbtest6  (cost=5.38..369.93 rows=92 width=125)
	  Recheck Cond: ((k >= 3246183) AND (k <= 3246283))
	  ->  Bitmap Index Scan on k_6  (cost=0.00..5.35 rows=92 width=0)
	        Index Cond: ((k >= 3246183) AND (k <= 3246283))

table 7 : explain SELECT k, c FROM sbtest7 WHERE k BETWEEN 3246183 AND 3246283
	Bitmap Heap Scan on sbtest7  (cost=5.51..421.23 rows=105 width=125)
	  Recheck Cond: ((k >= 3246183) AND (k <= 3246283))
	  ->  Bitmap Index Scan on k_7  (cost=0.00..5.48 rows=105 width=0)
	        Index Cond: ((k >= 3246183) AND (k <= 3246283))

table 8 : explain SELECT k, c FROM sbtest8 WHERE k BETWEEN 3246183 AND 3246283
	Bitmap Heap Scan on sbtest8  (cost=5.45..397.57 rows=99 width=125)
	  Recheck Cond: ((k >= 3246183) AND (k <= 3246283))
	  ->  Bitmap Index Scan on k_8  (cost=0.00..5.42 rows=99 width=0)
	        Index Cond: ((k >= 3246183) AND (k <= 3246283))



explain: for range-notcovered :: explain SELECT k, c FROM sbtest%d WHERE k BETWEEN 4268992 AND 4269092
explain: for range-notcovered :: explain SELECT k, c FROM sbtest%d WHERE k BETWEEN 5263201 AND 5263301
for range-notcovered
table 1 : explain SELECT k, c FROM sbtest1 WHERE k BETWEEN 843739 AND 843839
	Bitmap Heap Scan on sbtest1  (cost=5.52..425.13 rows=106 width=125)
	  Recheck Cond: ((k >= 843739) AND (k <= 843839))
	  ->  Bitmap Index Scan on k_1  (cost=0.00..5.50 rows=106 width=0)
	        Index Cond: ((k >= 843739) AND (k <= 843839))

table 2 : explain SELECT k, c FROM sbtest2 WHERE k BETWEEN 843739 AND 843839
	Bitmap Heap Scan on sbtest2  (cost=5.51..421.18 rows=105 width=125)
	  Recheck Cond: ((k >= 843739) AND (k <= 843839))
	  ->  Bitmap Index Scan on k_2  (cost=0.00..5.48 rows=105 width=0)
	        Index Cond: ((k >= 843739) AND (k <= 843839))

table 3 : explain SELECT k, c FROM sbtest3 WHERE k BETWEEN 843739 AND 843839
	Bitmap Heap Scan on sbtest3  (cost=5.47..405.41 rows=101 width=125)
	  Recheck Cond: ((k >= 843739) AND (k <= 843839))
	  ->  Bitmap Index Scan on k_3  (cost=0.00..5.44 rows=101 width=0)
	        Index Cond: ((k >= 843739) AND (k <= 843839))

table 4 : explain SELECT k, c FROM sbtest4 WHERE k BETWEEN 843739 AND 843839
	Bitmap Heap Scan on sbtest4  (cost=5.54..433.00 rows=108 width=125)
	  Recheck Cond: ((k >= 843739) AND (k <= 843839))
	  ->  Bitmap Index Scan on k_4  (cost=0.00..5.51 rows=108 width=0)
	        Index Cond: ((k >= 843739) AND (k <= 843839))

table 5 : explain SELECT k, c FROM sbtest5 WHERE k BETWEEN 843739 AND 843839
	Bitmap Heap Scan on sbtest5  (cost=5.44..393.62 rows=98 width=125)
	  Recheck Cond: ((k >= 843739) AND (k <= 843839))
	  ->  Bitmap Index Scan on k_5  (cost=0.00..5.42 rows=98 width=0)
	        Index Cond: ((k >= 843739) AND (k <= 843839))

table 6 : explain SELECT k, c FROM sbtest6 WHERE k BETWEEN 843739 AND 843839
	Bitmap Heap Scan on sbtest6  (cost=5.52..425.14 rows=106 width=125)
	  Recheck Cond: ((k >= 843739) AND (k <= 843839))
	  ->  Bitmap Index Scan on k_6  (cost=0.00..5.50 rows=106 width=0)
	        Index Cond: ((k >= 843739) AND (k <= 843839))

table 7 : explain SELECT k, c FROM sbtest7 WHERE k BETWEEN 843739 AND 843839
	Bitmap Heap Scan on sbtest7  (cost=5.53..429.12 rows=107 width=125)
	  Recheck Cond: ((k >= 843739) AND (k <= 843839))
	  ->  Bitmap Index Scan on k_7  (cost=0.00..5.50 rows=107 width=0)
	        Index Cond: ((k >= 843739) AND (k <= 843839))

table 8 : explain SELECT k, c FROM sbtest8 WHERE k BETWEEN 843739 AND 843839
	Bitmap Heap Scan on sbtest8  (cost=5.49..413.34 rows=103 width=125)
	  Recheck Cond: ((k >= 843739) AND (k <= 843839))
	  ->  Bitmap Index Scan on k_8  (cost=0.00..5.46 rows=103 width=0)
	        Index Cond: ((k >= 843739) AND (k <= 843839))

explain: for range-notcovered :: explain SELECT k, c FROM sbtest%d WHERE k BETWEEN 5254425 AND 5254525
for range-notcovered
table 1 : explain SELECT k, c FROM sbtest1 WHERE k BETWEEN 2885741 AND 2885841
	Bitmap Heap Scan on sbtest1  (cost=5.48..409.36 rows=102 width=125)
	  Recheck Cond: ((k >= 2885741) AND (k <= 2885841))
	  ->  Bitmap Index Scan on k_1  (cost=0.00..5.45 rows=102 width=0)
	        Index Cond: ((k >= 2885741) AND (k <= 2885841))

table 2 : explain SELECT k, c FROM sbtest2 WHERE k BETWEEN 2885741 AND 2885841
	Bitmap Heap Scan on sbtest2  (cost=5.50..417.24 rows=104 width=125)
	  Recheck Cond: ((k >= 2885741) AND (k <= 2885841))
	  ->  Bitmap Index Scan on k_2  (cost=0.00..5.47 rows=104 width=0)
	        Index Cond: ((k >= 2885741) AND (k <= 2885841))

table 3 : explain SELECT k, c FROM sbtest3 WHERE k BETWEEN 2885741 AND 2885841
	Bitmap Heap Scan on sbtest3  (cost=5.47..405.41 rows=101 width=125)
	  Recheck Cond: ((k >= 2885741) AND (k <= 2885841))
	  ->  Bitmap Index Scan on k_3  (cost=0.00..5.44 rows=101 width=0)
	        Index Cond: ((k >= 2885741) AND (k <= 2885841))

table 4 : explain SELECT k, c FROM sbtest4 WHERE k BETWEEN 2885741 AND 2885841
	Bitmap Heap Scan on sbtest4  (cost=5.50..417.24 rows=104 width=125)
	  Recheck Cond: ((k >= 2885741) AND (k <= 2885841))
	  ->  Bitmap Index Scan on k_4  (cost=0.00..5.47 rows=104 width=0)
	        Index Cond: ((k >= 2885741) AND (k <= 2885841))

table 5 : explain SELECT k, c FROM sbtest5 WHERE k BETWEEN 2885741 AND 2885841
	Bitmap Heap Scan on sbtest5  (cost=5.51..421.23 rows=105 width=125)
	  Recheck Cond: ((k >= 2885741) AND (k <= 2885841))
	  ->  Bitmap Index Scan on k_5  (cost=0.00..5.48 rows=105 width=0)
	        Index Cond: ((k >= 2885741) AND (k <= 2885841))

table 6 : explain SELECT k, c FROM sbtest6 WHERE k BETWEEN 2885741 AND 2885841
	Bitmap Heap Scan on sbtest6  (cost=5.53..429.08 rows=107 width=125)
	  Recheck Cond: ((k >= 2885741) AND (k <= 2885841))
	  ->  Bitmap Index Scan on k_6  (cost=0.00..5.50 rows=107 width=0)
	        Index Cond: ((k >= 2885741) AND (k <= 2885841))

table 7 : explain SELECT k, c FROM sbtest7 WHERE k BETWEEN 2885741 AND 2885841
	Bitmap Heap Scan on sbtest7  (cost=5.51..421.23 rows=105 width=125)
	  Recheck Cond: ((k >= 2885741) AND (k <= 2885841))
	  ->  Bitmap Index Scan on k_7  (cost=0.00..5.48 rows=105 width=0)
	        Index Cond: ((k >= 2885741) AND (k <= 2885841))

table 8 : explain SELECT k, c FROM sbtest8 WHERE k BETWEEN 2885741 AND 2885841
	Bitmap Heap Scan on sbtest8  (cost=5.52..425.17 rows=106 width=125)
	  Recheck Cond: ((k >= 2885741) AND (k <= 2885841))
	  ->  Bitmap Index Scan on k_8  (cost=0.00..5.50 rows=106 width=0)
	        Index Cond: ((k >= 2885741) AND (k <= 2885841))


for range-notcovered
table 1 : explain SELECT k, c FROM sbtest1 WHERE k BETWEEN 2776751 AND 2776851
	Bitmap Heap Scan on sbtest1  (cost=5.49..413.30 rows=103 width=125)
	  Recheck Cond: ((k >= 2776751) AND (k <= 2776851))
	  ->  Bitmap Index Scan on k_1  (cost=0.00..5.46 rows=103 width=0)
	        Index Cond: ((k >= 2776751) AND (k <= 2776851))

table 2 : explain SELECT k, c FROM sbtest2 WHERE k BETWEEN 2776751 AND 2776851
	Bitmap Heap Scan on sbtest2  (cost=5.54..433.00 rows=108 width=125)
	  Recheck Cond: ((k >= 2776751) AND (k <= 2776851))
	  ->  Bitmap Index Scan on k_2  (cost=0.00..5.51 rows=108 width=0)
	        Index Cond: ((k >= 2776751) AND (k <= 2776851))

table 3 : explain SELECT k, c FROM sbtest3 WHERE k BETWEEN 2776751 AND 2776851
	Bitmap Heap Scan on sbtest3  (cost=5.44..393.58 rows=98 width=125)
	  Recheck Cond: ((k >= 2776751) AND (k <= 2776851))
	  ->  Bitmap Index Scan on k_3  (cost=0.00..5.42 rows=98 width=0)
	        Index Cond: ((k >= 2776751) AND (k <= 2776851))

table 4 : explain SELECT k, c FROM sbtest4 WHERE k BETWEEN 2776751 AND 2776851
	Bitmap Heap Scan on sbtest4  (cost=5.42..385.69 rows=96 width=125)
	  Recheck Cond: ((k >= 2776751) AND (k <= 2776851))
	  ->  Bitmap Index Scan on k_4  (cost=0.00..5.39 rows=96 width=0)
	        Index Cond: ((k >= 2776751) AND (k <= 2776851))

table 5 : explain SELECT k, c FROM sbtest5 WHERE k BETWEEN 2776751 AND 2776851
	Bitmap Heap Scan on sbtest5  (cost=5.38..369.95 rows=92 width=125)
	  Recheck Cond: ((k >= 2776751) AND (k <= 2776851))
	  ->  Bitmap Index Scan on k_5  (cost=0.00..5.35 rows=92 width=0)
	        Index Cond: ((k >= 2776751) AND (k <= 2776851))

table 6 : explain SELECT k, c FROM sbtest6 WHERE k BETWEEN 2776751 AND 2776851
	Bitmap Heap Scan on sbtest6  (cost=5.49..413.31 rows=103 width=125)
	  Recheck Cond: ((k >= 2776751) AND (k <= 2776851))
	  ->  Bitmap Index Scan on k_6  (cost=0.00..5.46 rows=103 width=0)
	        Index Cond: ((k >= 2776751) AND (k <= 2776851))

table 7 : explain SELECT k, c FROM sbtest7 WHERE k BETWEEN 2776751 AND 2776851
	Bitmap Heap Scan on sbtest7  (cost=5.54..433.06 rows=108 width=125)
	  Recheck Cond: ((k >= 2776751) AND (k <= 2776851))
	  ->  Bitmap Index Scan on k_7  (cost=0.00..5.51 rows=108 width=0)
	        Index Cond: ((k >= 2776751) AND (k <= 2776851))

table 8 : explain SELECT k, c FROM sbtest8 WHERE k BETWEEN 2776751 AND 2776851
	Bitmap Heap Scan on sbtest8  (cost=5.54..433.05 rows=108 width=125)
	  Recheck Cond: ((k >= 2776751) AND (k <= 2776851))
	  ->  Bitmap Index Scan on k_8  (cost=0.00..5.51 rows=108 width=0)
	        Index Cond: ((k >= 2776751) AND (k <= 2776851))
for range-notcovered
table 1 : explain SELECT k, c FROM sbtest1 WHERE k BETWEEN 5746081 AND 5746181
	Bitmap Heap Scan on sbtest1  (cost=5.39..373.86 rows=93 width=125)
	  Recheck Cond: ((k >= 5746081) AND (k <= 5746181))
	  ->  Bitmap Index Scan on k_1  (cost=0.00..5.36 rows=93 width=0)
	        Index Cond: ((k >= 5746081) AND (k <= 5746181))

table 2 : explain SELECT k, c FROM sbtest2 WHERE k BETWEEN 5746081 AND 5746181
	Bitmap Heap Scan on sbtest2  (cost=5.51..421.18 rows=105 width=125)
	  Recheck Cond: ((k >= 5746081) AND (k <= 5746181))
	  ->  Bitmap Index Scan on k_2  (cost=0.00..5.48 rows=105 width=0)
	        Index Cond: ((k >= 5746081) AND (k <= 5746181))

table 3 : explain SELECT k, c FROM sbtest3 WHERE k BETWEEN 5746081 AND 5746181
	Bitmap Heap Scan on sbtest3  (cost=5.45..397.53 rows=99 width=125)
	  Recheck Cond: ((k >= 5746081) AND (k <= 5746181))
	  ->  Bitmap Index Scan on k_3  (cost=0.00..5.42 rows=99 width=0)
	        Index Cond: ((k >= 5746081) AND (k <= 5746181))

table 4 : explain SELECT k, c FROM sbtest4 WHERE k BETWEEN 5746081 AND 5746181
	Bitmap Heap Scan on sbtest4  (cost=5.54..433.00 rows=108 width=125)
	  Recheck Cond: ((k >= 5746081) AND (k <= 5746181))
	  ->  Bitmap Index Scan on k_4  (cost=0.00..5.51 rows=108 width=0)
	        Index Cond: ((k >= 5746081) AND (k <= 5746181))

table 5 : explain SELECT k, c FROM sbtest5 WHERE k BETWEEN 5746081 AND 5746181
	Bitmap Heap Scan on sbtest5  (cost=5.53..429.11 rows=107 width=125)
	  Recheck Cond: ((k >= 5746081) AND (k <= 5746181))
	  ->  Bitmap Index Scan on k_5  (cost=0.00..5.50 rows=107 width=0)
	        Index Cond: ((k >= 5746081) AND (k <= 5746181))

table 6 : explain SELECT k, c FROM sbtest6 WHERE k BETWEEN 5746081 AND 5746181
	Bitmap Heap Scan on sbtest6  (cost=5.44..393.60 rows=98 width=125)
	  Recheck Cond: ((k >= 5746081) AND (k <= 5746181))
	  ->  Bitmap Index Scan on k_6  (cost=0.00..5.42 rows=98 width=0)
	        Index Cond: ((k >= 5746081) AND (k <= 5746181))

table 7 : explain SELECT k, c FROM sbtest7 WHERE k BETWEEN 5746081 AND 5746181
	Bitmap Heap Scan on sbtest7  (cost=5.57..444.88 rows=111 width=125)
	  Recheck Cond: ((k >= 5746081) AND (k <= 5746181))
	  ->  Bitmap Index Scan on k_7  (cost=0.00..5.54 rows=111 width=0)
	        Index Cond: ((k >= 5746081) AND (k <= 5746181))

table 8 : explain SELECT k, c FROM sbtest8 WHERE k BETWEEN 5746081 AND 5746181
	Bitmap Heap Scan on sbtest8  (cost=5.51..421.23 rows=105 width=125)
	  Recheck Cond: ((k >= 5746081) AND (k <= 5746181))
	  ->  Bitmap Index Scan on k_8  (cost=0.00..5.48 rows=105 width=0)
	        Index Cond: ((k >= 5746081) AND (k <= 5746181))

explain: for range-notcovered :: explain SELECT k, c FROM sbtest%d WHERE k BETWEEN 2369435 AND 2369535
explain: for range-notcovered :: explain SELECT k, c FROM sbtest%d WHERE k BETWEEN 3246183 AND 3246283for range-notcovered
table 1 : explain SELECT k, c FROM sbtest1 WHERE k BETWEEN 5643096 AND 5643196
	Bitmap Heap Scan on sbtest1  (cost=5.51..421.19 rows=105 width=125)
	  Recheck Cond: ((k >= 5643096) AND (k <= 5643196))
	  ->  Bitmap Index Scan on k_1  (cost=0.00..5.48 rows=105 width=0)
	        Index Cond: ((k >= 5643096) AND (k <= 5643196))

table 2 : explain SELECT k, c FROM sbtest2 WHERE k BETWEEN 5643096 AND 5643196
	Bitmap Heap Scan on sbtest2  (cost=5.69..488.12 rows=122 width=125)
	  Recheck Cond: ((k >= 5643096) AND (k <= 5643196))
	  ->  Bitmap Index Scan on k_2  (cost=0.00..5.65 rows=122 width=0)
	        Index Cond: ((k >= 5643096) AND (k <= 5643196))

table 3 : explain SELECT k, c FROM sbtest3 WHERE k BETWEEN 5643096 AND 5643196
	Bitmap Heap Scan on sbtest3  (cost=5.51..421.18 rows=105 width=125)
	  Recheck Cond: ((k >= 5643096) AND (k <= 5643196))
	  ->  Bitmap Index Scan on k_3  (cost=0.00..5.48 rows=105 width=0)
	        Index Cond: ((k >= 5643096) AND (k <= 5643196))

table 4 : explain SELECT k, c FROM sbtest4 WHERE k BETWEEN 5643096 AND 5643196
	Bitmap Heap Scan on sbtest4  (cost=5.55..436.94 rows=109 width=125)
	  Recheck Cond: ((k >= 5643096) AND (k <= 5643196))
	  ->  Bitmap Index Scan on k_4  (cost=0.00..5.52 rows=109 width=0)
	        Index Cond: ((k >= 5643096) AND (k <= 5643196))

table 5 : explain SELECT k, c FROM sbtest5 WHERE k BETWEEN 5643096 AND 5643196
	Bitmap Heap Scan on sbtest5  (cost=5.44..393.62 rows=98 width=125)
	  Recheck Cond: ((k >= 5643096) AND (k <= 5643196))
	  ->  Bitmap Index Scan on k_5  (cost=0.00..5.42 rows=98 width=0)
	        Index Cond: ((k >= 5643096) AND (k <= 5643196))

table 6 : explain SELECT k, c FROM sbtest6 WHERE k BETWEEN 5643096 AND 5643196
	Bitmap Heap Scan on sbtest6  (cost=5.50..417.25 rows=104 width=125)
	  Recheck Cond: ((k >= 5643096) AND (k <= 5643196))
	  ->  Bitmap Index Scan on k_6  (cost=0.00..5.47 rows=104 width=0)
	        Index Cond: ((k >= 5643096) AND (k <= 5643196))

table 7 : explain SELECT k, c FROM sbtest7 WHERE k BETWEEN 5643096 AND 5643196
	Bitmap Heap Scan on sbtest7  (cost=5.48..409.41 rows=102 width=125)
	  Recheck Cond: ((k >= 5643096) AND (k <= 5643196))
	  ->  Bitmap Index Scan on k_7  (cost=0.00..5.45 rows=102 width=0)
	        Index Cond: ((k >= 5643096) AND (k <= 5643196))

table 8 : explain SELECT k, c FROM sbtest8 WHERE k BETWEEN 5643096 AND 5643196
	Bitmap Heap Scan on sbtest8  (cost=5.46..401.52 rows=100 width=125)
	  Recheck Cond: ((k >= 5643096) AND (k <= 5643196))
	  ->  Bitmap Index Scan on k_8  (cost=0.00..5.43 rows=100 width=0)
	        Index Cond: ((k >= 5643096) AND (k <= 5643196))


for range-notcovered
table 1 : explain SELECT k, c FROM sbtest1 WHERE k BETWEEN 8303696 AND 8303796
	Bitmap Heap Scan on sbtest1  (cost=5.46..401.48 rows=100 width=125)
	  Recheck Cond: ((k >= 8303696) AND (k <= 8303796))
	  ->  Bitmap Index Scan on k_1  (cost=0.00..5.43 rows=100 width=0)
	        Index Cond: ((k >= 8303696) AND (k <= 8303796))

table 2 : explain SELECT k, c FROM sbtest2 WHERE k BETWEEN 8303696 AND 8303796
	Bitmap Heap Scan on sbtest2  (cost=5.48..409.35 rows=102 width=125)
	  Recheck Cond: ((k >= 8303696) AND (k <= 8303796))
	  ->  Bitmap Index Scan on k_2  (cost=0.00..5.45 rows=102 width=0)
	        Index Cond: ((k >= 8303696) AND (k <= 8303796))

table 3 : explain SELECT k, c FROM sbtest3 WHERE k BETWEEN 8303696 AND 8303796
	Bitmap Heap Scan on sbtest3  (cost=5.45..397.53 rows=99 width=125)
	  Recheck Cond: ((k >= 8303696) AND (k <= 8303796))
	  ->  Bitmap Index Scan on k_3  (cost=0.00..5.42 rows=99 width=0)
	        Index Cond: ((k >= 8303696) AND (k <= 8303796))

table 4 : explain SELECT k, c FROM sbtest4 WHERE k BETWEEN 8303696 AND 8303796
	Bitmap Heap Scan on sbtest4  (cost=5.50..417.24 rows=104 width=125)
	  Recheck Cond: ((k >= 8303696) AND (k <= 8303796))
	  ->  Bitmap Index Scan on k_4  (cost=0.00..5.47 rows=104 width=0)
	        Index Cond: ((k >= 8303696) AND (k <= 8303796))

table 5 : explain SELECT k, c FROM sbtest5 WHERE k BETWEEN 8303696 AND 8303796
	Bitmap Heap Scan on sbtest5  (cost=5.47..405.46 rows=101 width=125)
	  Recheck Cond: ((k >= 8303696) AND (k <= 8303796))
	  ->  Bitmap Index Scan on k_5  (cost=0.00..5.44 rows=101 width=0)
	        Index Cond: ((k >= 8303696) AND (k <= 8303796))

table 6 : explain SELECT k, c FROM sbtest6 WHERE k BETWEEN 8303696 AND 8303796
	Bitmap Heap Scan on sbtest6  (cost=5.52..425.14 rows=106 width=125)
	  Recheck Cond: ((k >= 8303696) AND (k <= 8303796))
	  ->  Bitmap Index Scan on k_6  (cost=0.00..5.50 rows=106 width=0)
	        Index Cond: ((k >= 8303696) AND (k <= 8303796))

table 7 : explain SELECT k, c FROM sbtest7 WHERE k BETWEEN 8303696 AND 8303796
	Bitmap Heap Scan on sbtest7  (cost=5.44..393.63 rows=98 width=125)
	  Recheck Cond: ((k >= 8303696) AND (k <= 8303796))
	  ->  Bitmap Index Scan on k_7  (cost=0.00..5.42 rows=98 width=0)
	        Index Cond: ((k >= 8303696) AND (k <= 8303796))

table 8 : explain SELECT k, c FROM sbtest8 WHERE k BETWEEN 8303696 AND 8303796
	Bitmap Heap Scan on sbtest8  (cost=5.48..409.40 rows=102 width=125)
	  Recheck Cond: ((k >= 8303696) AND (k <= 8303796))
	  ->  Bitmap Index Scan on k_8  (cost=0.00..5.45 rows=102 width=0)
	        Index Cond: ((k >= 8303696) AND (k <= 8303796))
for range-notcovered
table 1 : explain SELECT k, c FROM sbtest1 WHERE k BETWEEN 4128757 AND 4128857
	Bitmap Heap Scan on sbtest1  (cost=5.49..413.30 rows=103 width=125)
	  Recheck Cond: ((k >= 4128757) AND (k <= 4128857))
	  ->  Bitmap Index Scan on k_1  (cost=0.00..5.46 rows=103 width=0)
	        Index Cond: ((k >= 4128757) AND (k <= 4128857))

table 2 : explain SELECT k, c FROM sbtest2 WHERE k BETWEEN 4128757 AND 4128857
	Bitmap Heap Scan on sbtest2  (cost=5.56..440.88 rows=110 width=125)
	  Recheck Cond: ((k >= 4128757) AND (k <= 4128857))
	  ->  Bitmap Index Scan on k_2  (cost=0.00..5.53 rows=110 width=0)
	        Index Cond: ((k >= 4128757) AND (k <= 4128857))

table 3 : explain SELECT k, c FROM sbtest3 WHERE k BETWEEN 4128757 AND 4128857
	Bitmap Heap Scan on sbtest3  (cost=5.48..409.36 rows=102 width=125)
	  Recheck Cond: ((k >= 4128757) AND (k <= 4128857))
	  ->  Bitmap Index Scan on k_3  (cost=0.00..5.45 rows=102 width=0)
	        Index Cond: ((k >= 4128757) AND (k <= 4128857))

table 4 : explain SELECT k, c FROM sbtest4 WHERE k BETWEEN 4128757 AND 4128857
	Bitmap Heap Scan on sbtest4  (cost=5.49..413.30 rows=103 width=125)
	  Recheck Cond: ((k >= 4128757) AND (k <= 4128857))
	  ->  Bitmap Index Scan on k_4  (cost=0.00..5.46 rows=103 width=0)
	        Index Cond: ((k >= 4128757) AND (k <= 4128857))

table 5 : explain SELECT k, c FROM sbtest5 WHERE k BETWEEN 4128757 AND 4128857
	Bitmap Heap Scan on sbtest5  (cost=5.41..381.79 rows=95 width=125)
	  Recheck Cond: ((k >= 4128757) AND (k <= 4128857))
	  ->  Bitmap Index Scan on k_5  (cost=0.00..5.38 rows=95 width=0)
	        Index Cond: ((k >= 4128757) AND (k <= 4128857))

table 6 : explain SELECT k, c FROM sbtest6 WHERE k BETWEEN 4128757 AND 4128857
	Bitmap Heap Scan on sbtest6  (cost=5.57..444.83 rows=111 width=125)
	  Recheck Cond: ((k >= 4128757) AND (k <= 4128857))
	  ->  Bitmap Index Scan on k_6  (cost=0.00..5.54 rows=111 width=0)
	        Index Cond: ((k >= 4128757) AND (k <= 4128857))

table 7 : explain SELECT k, c FROM sbtest7 WHERE k BETWEEN 4128757 AND 4128857
	Bitmap Heap Scan on sbtest7  (cost=5.50..417.29 rows=104 width=125)
	  Recheck Cond: ((k >= 4128757) AND (k <= 4128857))
	  ->  Bitmap Index Scan on k_7  (cost=0.00..5.47 rows=104 width=0)
	        Index Cond: ((k >= 4128757) AND (k <= 4128857))

table 8 : explain SELECT k, c FROM sbtest8 WHERE k BETWEEN 4128757 AND 4128857
	Bitmap Heap Scan on sbtest8  (cost=5.47..405.46 rows=101 width=125)
	  Recheck Cond: ((k >= 4128757) AND (k <= 4128857))
	  ->  Bitmap Index Scan on k_8  (cost=0.00..5.44 rows=101 width=0)
	        Index Cond: ((k >= 4128757) AND (k <= 4128857))
explain: for range-notcovered :: explain SELECT k, c FROM sbtest%d WHERE k BETWEEN 5746081 AND 5746181
explain: for range-notcovered :: explain SELECT k, c FROM sbtest%d WHERE k BETWEEN 5954040 AND 5954140for range-notcovered
table 1 : explain SELECT k, c FROM sbtest1 WHERE k BETWEEN 6262792 AND 6262892
	Bitmap Heap Scan on sbtest1  (cost=5.35..358.08 rows=89 width=125)
	  Recheck Cond: ((k >= 6262792) AND (k <= 6262892))
	  ->  Bitmap Index Scan on k_1  (cost=0.00..5.32 rows=89 width=0)
	        Index Cond: ((k >= 6262792) AND (k <= 6262892))

table 2 : explain SELECT k, c FROM sbtest2 WHERE k BETWEEN 6262792 AND 6262892
	Bitmap Heap Scan on sbtest2  (cost=5.49..413.29 rows=103 width=125)
	  Recheck Cond: ((k >= 6262792) AND (k <= 6262892))
	  ->  Bitmap Index Scan on k_2  (cost=0.00..5.46 rows=103 width=0)
	        Index Cond: ((k >= 6262792) AND (k <= 6262892))

table 3 : explain SELECT k, c FROM sbtest3 WHERE k BETWEEN 6262792 AND 6262892
	Bitmap Heap Scan on sbtest3  (cost=5.50..417.24 rows=104 width=125)
	  Recheck Cond: ((k >= 6262792) AND (k <= 6262892))
	  ->  Bitmap Index Scan on k_3  (cost=0.00..5.47 rows=104 width=0)
	        Index Cond: ((k >= 6262792) AND (k <= 6262892))

table 4 : explain SELECT k, c FROM sbtest4 WHERE k BETWEEN 6262792 AND 6262892
	Bitmap Heap Scan on sbtest4  (cost=5.49..413.30 rows=103 width=125)
	  Recheck Cond: ((k >= 6262792) AND (k <= 6262892))
	  ->  Bitmap Index Scan on k_4  (cost=0.00..5.46 rows=103 width=0)
	        Index Cond: ((k >= 6262792) AND (k <= 6262892))

table 5 : explain SELECT k, c FROM sbtest5 WHERE k BETWEEN 6262792 AND 6262892
	Bitmap Heap Scan on sbtest5  (cost=5.44..393.62 rows=98 width=125)
	  Recheck Cond: ((k >= 6262792) AND (k <= 6262892))
	  ->  Bitmap Index Scan on k_5  (cost=0.00..5.42 rows=98 width=0)
	        Index Cond: ((k >= 6262792) AND (k <= 6262892))

table 6 : explain SELECT k, c FROM sbtest6 WHERE k BETWEEN 6262792 AND 6262892
	Bitmap Heap Scan on sbtest6  (cost=5.47..405.43 rows=101 width=125)
	  Recheck Cond: ((k >= 6262792) AND (k <= 6262892))
	  ->  Bitmap Index Scan on k_6  (cost=0.00..5.44 rows=101 width=0)
	        Index Cond: ((k >= 6262792) AND (k <= 6262892))

table 7 : explain SELECT k, c FROM sbtest7 WHERE k BETWEEN 6262792 AND 6262892
	Bitmap Heap Scan on sbtest7  (cost=5.42..385.74 rows=96 width=125)
	  Recheck Cond: ((k >= 6262792) AND (k <= 6262892))
	  ->  Bitmap Index Scan on k_7  (cost=0.00..5.39 rows=96 width=0)
	        Index Cond: ((k >= 6262792) AND (k <= 6262892))

table 8 : explain SELECT k, c FROM sbtest8 WHERE k BETWEEN 6262792 AND 6262892
	Bitmap Heap Scan on sbtest8  (cost=5.51..421.23 rows=105 width=125)
	  Recheck Cond: ((k >= 6262792) AND (k <= 6262892))
	  ->  Bitmap Index Scan on k_8  (cost=0.00..5.48 rows=105 width=0)
	        Index Cond: ((k >= 6262792) AND (k <= 6262892))


explain: for range-notcovered :: explain SELECT k, c FROM sbtest%d WHERE k BETWEEN 843739 AND 843839

explain: for range-notcovered :: explain SELECT k, c FROM sbtest%d WHERE k BETWEEN 7081738 AND 7081838for range-notcovered
table 1 : explain SELECT k, c FROM sbtest1 WHERE k BETWEEN 3062718 AND 3062818
	Bitmap Heap Scan on sbtest1  (cost=5.47..405.42 rows=101 width=125)
	  Recheck Cond: ((k >= 3062718) AND (k <= 3062818))
	  ->  Bitmap Index Scan on k_1  (cost=0.00..5.44 rows=101 width=0)
	        Index Cond: ((k >= 3062718) AND (k <= 3062818))

table 2 : explain SELECT k, c FROM sbtest2 WHERE k BETWEEN 3062718 AND 3062818
	Bitmap Heap Scan on sbtest2  (cost=5.50..417.24 rows=104 width=125)
	  Recheck Cond: ((k >= 3062718) AND (k <= 3062818))
	  ->  Bitmap Index Scan on k_2  (cost=0.00..5.47 rows=104 width=0)
	        Index Cond: ((k >= 3062718) AND (k <= 3062818))

table 3 : explain SELECT k, c FROM sbtest3 WHERE k BETWEEN 3062718 AND 3062818
	Bitmap Heap Scan on sbtest3  (cost=5.38..369.91 rows=92 width=125)
	  Recheck Cond: ((k >= 3062718) AND (k <= 3062818))
	  ->  Bitmap Index Scan on k_3  (cost=0.00..5.35 rows=92 width=0)
	        Index Cond: ((k >= 3062718) AND (k <= 3062818))

table 4 : explain SELECT k, c FROM sbtest4 WHERE k BETWEEN 3062718 AND 3062818
	Bitmap Heap Scan on sbtest4  (cost=5.43..389.64 rows=97 width=125)
	  Recheck Cond: ((k >= 3062718) AND (k <= 3062818))
	  ->  Bitmap Index Scan on k_4  (cost=0.00..5.40 rows=97 width=0)
	        Index Cond: ((k >= 3062718) AND (k <= 3062818))

table 5 : explain SELECT k, c FROM sbtest5 WHERE k BETWEEN 3062718 AND 3062818
	Bitmap Heap Scan on sbtest5  (cost=5.45..397.57 rows=99 width=125)
	  Recheck Cond: ((k >= 3062718) AND (k <= 3062818))
	  ->  Bitmap Index Scan on k_5  (cost=0.00..5.42 rows=99 width=0)
	        Index Cond: ((k >= 3062718) AND (k <= 3062818))

table 6 : explain SELECT k, c FROM sbtest6 WHERE k BETWEEN 3062718 AND 3062818
	Bitmap Heap Scan on sbtest6  (cost=5.50..417.25 rows=104 width=125)
	  Recheck Cond: ((k >= 3062718) AND (k <= 3062818))
	  ->  Bitmap Index Scan on k_6  (cost=0.00..5.47 rows=104 width=0)
	        Index Cond: ((k >= 3062718) AND (k <= 3062818))

table 7 : explain SELECT k, c FROM sbtest7 WHERE k BETWEEN 3062718 AND 3062818
	Bitmap Heap Scan on sbtest7  (cost=5.44..393.63 rows=98 width=125)
	  Recheck Cond: ((k >= 3062718) AND (k <= 3062818))
	  ->  Bitmap Index Scan on k_7  (cost=0.00..5.42 rows=98 width=0)
	        Index Cond: ((k >= 3062718) AND (k <= 3062818))

table 8 : explain SELECT k, c FROM sbtest8 WHERE k BETWEEN 3062718 AND 3062818
	Bitmap Heap Scan on sbtest8  (cost=5.51..421.23 rows=105 width=125)
	  Recheck Cond: ((k >= 3062718) AND (k <= 3062818))
	  ->  Bitmap Index Scan on k_8  (cost=0.00..5.48 rows=105 width=0)
	        Index Cond: ((k >= 3062718) AND (k <= 3062818))
for range-notcovered
table 1 : explain SELECT k, c FROM sbtest1 WHERE k BETWEEN 6055677 AND 6055777
	Bitmap Heap Scan on sbtest1  (cost=5.48..409.36 rows=102 width=125)
	  Recheck Cond: ((k >= 6055677) AND (k <= 6055777))
	  ->  Bitmap Index Scan on k_1  (cost=0.00..5.45 rows=102 width=0)
	        Index Cond: ((k >= 6055677) AND (k <= 6055777))

table 2 : explain SELECT k, c FROM sbtest2 WHERE k BETWEEN 6055677 AND 6055777
	Bitmap Heap Scan on sbtest2  (cost=5.63..468.44 rows=117 width=125)
	  Recheck Cond: ((k >= 6055677) AND (k <= 6055777))
	  ->  Bitmap Index Scan on k_2  (cost=0.00..5.60 rows=117 width=0)
	        Index Cond: ((k >= 6055677) AND (k <= 6055777))

table 3 : explain SELECT k, c FROM sbtest3 WHERE k BETWEEN 6055677 AND 6055777
	Bitmap Heap Scan on sbtest3  (cost=5.60..456.63 rows=114 width=125)
	  Recheck Cond: ((k >= 6055677) AND (k <= 6055777))
	  ->  Bitmap Index Scan on k_3  (cost=0.00..5.58 rows=114 width=0)
	        Index Cond: ((k >= 6055677) AND (k <= 6055777))

table 4 : explain SELECT k, c FROM sbtest4 WHERE k BETWEEN 6055677 AND 6055777
	Bitmap Heap Scan on sbtest4  (cost=5.36..362.02 rows=90 width=125)
	  Recheck Cond: ((k >= 6055677) AND (k <= 6055777))
	  ->  Bitmap Index Scan on k_4  (cost=0.00..5.33 rows=90 width=0)
	        Index Cond: ((k >= 6055677) AND (k <= 6055777))

table 5 : explain SELECT k, c FROM sbtest5 WHERE k BETWEEN 6055677 AND 6055777
	Bitmap Heap Scan on sbtest5  (cost=5.43..389.68 rows=97 width=125)
	  Recheck Cond: ((k >= 6055677) AND (k <= 6055777))
	  ->  Bitmap Index Scan on k_5  (cost=0.00..5.40 rows=97 width=0)
	        Index Cond: ((k >= 6055677) AND (k <= 6055777))

table 6 : explain SELECT k, c FROM sbtest6 WHERE k BETWEEN 6055677 AND 6055777
	Bitmap Heap Scan on sbtest6  (cost=5.51..421.19 rows=105 width=125)
	  Recheck Cond: ((k >= 6055677) AND (k <= 6055777))
	  ->  Bitmap Index Scan on k_6  (cost=0.00..5.48 rows=105 width=0)
	        Index Cond: ((k >= 6055677) AND (k <= 6055777))

table 7 : explain SELECT k, c FROM sbtest7 WHERE k BETWEEN 6055677 AND 6055777
	Bitmap Heap Scan on sbtest7  (cost=5.53..429.12 rows=107 width=125)
	  Recheck Cond: ((k >= 6055677) AND (k <= 6055777))
	  ->  Bitmap Index Scan on k_7  (cost=0.00..5.50 rows=107 width=0)
	        Index Cond: ((k >= 6055677) AND (k <= 6055777))

table 8 : explain SELECT k, c FROM sbtest8 WHERE k BETWEEN 6055677 AND 6055777
	Bitmap Heap Scan on sbtest8  (cost=5.44..393.63 rows=98 width=125)
	  Recheck Cond: ((k >= 6055677) AND (k <= 6055777))
	  ->  Bitmap Index Scan on k_8  (cost=0.00..5.42 rows=98 width=0)
	        Index Cond: ((k >= 6055677) AND (k <= 6055777))

for range-notcovered
table 1 : explain SELECT k, c FROM sbtest1 WHERE k BETWEEN 4431349 AND 4431449
	Bitmap Heap Scan on sbtest1  (cost=5.52..425.13 rows=106 width=125)
	  Recheck Cond: ((k >= 4431349) AND (k <= 4431449))
	  ->  Bitmap Index Scan on k_1  (cost=0.00..5.50 rows=106 width=0)
	        Index Cond: ((k >= 4431349) AND (k <= 4431449))

table 2 : explain SELECT k, c FROM sbtest2 WHERE k BETWEEN 4431349 AND 4431449
	Bitmap Heap Scan on sbtest2  (cost=5.50..417.24 rows=104 width=125)
	  Recheck Cond: ((k >= 4431349) AND (k <= 4431449))
	  ->  Bitmap Index Scan on k_2  (cost=0.00..5.47 rows=104 width=0)
	        Index Cond: ((k >= 4431349) AND (k <= 4431449))

table 3 : explain SELECT k, c FROM sbtest3 WHERE k BETWEEN 4431349 AND 4431449
	Bitmap Heap Scan on sbtest3  (cost=5.43..389.64 rows=97 width=125)
	  Recheck Cond: ((k >= 4431349) AND (k <= 4431449))
	  ->  Bitmap Index Scan on k_3  (cost=0.00..5.40 rows=97 width=0)
	        Index Cond: ((k >= 4431349) AND (k <= 4431449))

table 4 : explain SELECT k, c FROM sbtest4 WHERE k BETWEEN 4431349 AND 4431449
	Bitmap Heap Scan on sbtest4  (cost=5.37..365.97 rows=91 width=125)
	  Recheck Cond: ((k >= 4431349) AND (k <= 4431449))
	  ->  Bitmap Index Scan on k_4  (cost=0.00..5.34 rows=91 width=0)
	        Index Cond: ((k >= 4431349) AND (k <= 4431449))

table 5 : explain SELECT k, c FROM sbtest5 WHERE k BETWEEN 4431349 AND 4431449
	Bitmap Heap Scan on sbtest5  (cost=5.47..405.46 rows=101 width=125)
	  Recheck Cond: ((k >= 4431349) AND (k <= 4431449))
	  ->  Bitmap Index Scan on k_5  (cost=0.00..5.44 rows=101 width=0)
	        Index Cond: ((k >= 4431349) AND (k <= 4431449))

table 6 : explain SELECT k, c FROM sbtest6 WHERE k BETWEEN 4431349 AND 4431449
	Bitmap Heap Scan on sbtest6  (cost=5.40..377.82 rows=94 width=125)
	  Recheck Cond: ((k >= 4431349) AND (k <= 4431449))
	  ->  Bitmap Index Scan on k_6  (cost=0.00..5.38 rows=94 width=0)
	        Index Cond: ((k >= 4431349) AND (k <= 4431449))

table 7 : explain SELECT k, c FROM sbtest7 WHERE k BETWEEN 4431349 AND 4431449
	Bitmap Heap Scan on sbtest7  (cost=5.46..401.52 rows=100 width=125)
	  Recheck Cond: ((k >= 4431349) AND (k <= 4431449))
	  ->  Bitmap Index Scan on k_7  (cost=0.00..5.43 rows=100 width=0)
	        Index Cond: ((k >= 4431349) AND (k <= 4431449))

table 8 : explain SELECT k, c FROM sbtest8 WHERE k BETWEEN 4431349 AND 4431449
	Bitmap Heap Scan on sbtest8  (cost=5.40..377.85 rows=94 width=125)
	  Recheck Cond: ((k >= 4431349) AND (k <= 4431449))
	  ->  Bitmap Index Scan on k_8  (cost=0.00..5.38 rows=94 width=0)
	        Index Cond: ((k >= 4431349) AND (k <= 4431449))

for range-notcovered
table 1 : explain SELECT k, c FROM sbtest1 WHERE k BETWEEN 5802285 AND 5802385
	Bitmap Heap Scan on sbtest1  (cost=5.53..429.07 rows=107 width=125)
	  Recheck Cond: ((k >= 5802285) AND (k <= 5802385))
	  ->  Bitmap Index Scan on k_1  (cost=0.00..5.50 rows=107 width=0)
	        Index Cond: ((k >= 5802285) AND (k <= 5802385))

table 2 : explain SELECT k, c FROM sbtest2 WHERE k BETWEEN 5802285 AND 5802385
	Bitmap Heap Scan on sbtest2  (cost=5.52..425.12 rows=106 width=125)
	  Recheck Cond: ((k >= 5802285) AND (k <= 5802385))
	  ->  Bitmap Index Scan on k_2  (cost=0.00..5.50 rows=106 width=0)
	        Index Cond: ((k >= 5802285) AND (k <= 5802385))

table 3 : explain SELECT k, c FROM sbtest3 WHERE k BETWEEN 5802285 AND 5802385
	Bitmap Heap Scan on sbtest3  (cost=5.45..397.53 rows=99 width=125)
	  Recheck Cond: ((k >= 5802285) AND (k <= 5802385))
	  ->  Bitmap Index Scan on k_3  (cost=0.00..5.42 rows=99 width=0)
	        Index Cond: ((k >= 5802285) AND (k <= 5802385))

table 4 : explain SELECT k, c FROM sbtest4 WHERE k BETWEEN 5802285 AND 5802385
	Bitmap Heap Scan on sbtest4  (cost=5.54..433.00 rows=108 width=125)
	  Recheck Cond: ((k >= 5802285) AND (k <= 5802385))
	  ->  Bitmap Index Scan on k_4  (cost=0.00..5.51 rows=108 width=0)
	        Index Cond: ((k >= 5802285) AND (k <= 5802385))

table 5 : explain SELECT k, c FROM sbtest5 WHERE k BETWEEN 5802285 AND 5802385
	Bitmap Heap Scan on sbtest5  (cost=5.53..429.11 rows=107 width=125)
	  Recheck Cond: ((k >= 5802285) AND (k <= 5802385))
	  ->  Bitmap Index Scan on k_5  (cost=0.00..5.50 rows=107 width=0)
	        Index Cond: ((k >= 5802285) AND (k <= 5802385))

table 6 : explain SELECT k, c FROM sbtest6 WHERE k BETWEEN 5802285 AND 5802385
	Bitmap Heap Scan on sbtest6  (cost=5.47..405.43 rows=101 width=125)
	  Recheck Cond: ((k >= 5802285) AND (k <= 5802385))
	  ->  Bitmap Index Scan on k_6  (cost=0.00..5.44 rows=101 width=0)
	        Index Cond: ((k >= 5802285) AND (k <= 5802385))

table 7 : explain SELECT k, c FROM sbtest7 WHERE k BETWEEN 5802285 AND 5802385
	Bitmap Heap Scan on sbtest7  (cost=5.57..444.88 rows=111 width=125)
	  Recheck Cond: ((k >= 5802285) AND (k <= 5802385))
	  ->  Bitmap Index Scan on k_7  (cost=0.00..5.54 rows=111 width=0)
	        Index Cond: ((k >= 5802285) AND (k <= 5802385))

table 8 : explain SELECT k, c FROM sbtest8 WHERE k BETWEEN 5802285 AND 5802385
	Bitmap Heap Scan on sbtest8  (cost=5.51..421.23 rows=105 width=125)
	  Recheck Cond: ((k >= 5802285) AND (k <= 5802385))
	  ->  Bitmap Index Scan on k_8  (cost=0.00..5.48 rows=105 width=0)
	        Index Cond: ((k >= 5802285) AND (k <= 5802385))

for range-notcovered
table 1 : explain SELECT k, c FROM sbtest1 WHERE k BETWEEN 3520505 AND 3520605
	Bitmap Heap Scan on sbtest1  (cost=5.47..405.42 rows=101 width=125)
	  Recheck Cond: ((k >= 3520505) AND (k <= 3520605))
	  ->  Bitmap Index Scan on k_1  (cost=0.00..5.44 rows=101 width=0)
	        Index Cond: ((k >= 3520505) AND (k <= 3520605))

table 2 : explain SELECT k, c FROM sbtest2 WHERE k BETWEEN 3520505 AND 3520605
	Bitmap Heap Scan on sbtest2  (cost=5.45..397.53 rows=99 width=125)
	  Recheck Cond: ((k >= 3520505) AND (k <= 3520605))
	  ->  Bitmap Index Scan on k_2  (cost=0.00..5.42 rows=99 width=0)
	        Index Cond: ((k >= 3520505) AND (k <= 3520605))

table 3 : explain SELECT k, c FROM sbtest3 WHERE k BETWEEN 3520505 AND 3520605
	Bitmap Heap Scan on sbtest3  (cost=5.48..409.36 rows=102 width=125)
	  Recheck Cond: ((k >= 3520505) AND (k <= 3520605))
	  ->  Bitmap Index Scan on k_3  (cost=0.00..5.45 rows=102 width=0)
	        Index Cond: ((k >= 3520505) AND (k <= 3520605))

table 4 : explain SELECT k, c FROM sbtest4 WHERE k BETWEEN 3520505 AND 3520605
	Bitmap Heap Scan on sbtest4  (cost=5.44..393.58 rows=98 width=125)
	  Recheck Cond: ((k >= 3520505) AND (k <= 3520605))
	  ->  Bitmap Index Scan on k_4  (cost=0.00..5.42 rows=98 width=0)
	        Index Cond: ((k >= 3520505) AND (k <= 3520605))

table 5 : explain SELECT k, c FROM sbtest5 WHERE k BETWEEN 3520505 AND 3520605
	Bitmap Heap Scan on sbtest5  (cost=5.58..448.81 rows=112 width=125)
	  Recheck Cond: ((k >= 3520505) AND (k <= 3520605))
	  ->  Bitmap Index Scan on k_5  (cost=0.00..5.55 rows=112 width=0)
	        Index Cond: ((k >= 3520505) AND (k <= 3520605))

table 6 : explain SELECT k, c FROM sbtest6 WHERE k BETWEEN 3520505 AND 3520605
	Bitmap Heap Scan on sbtest6  (cost=5.42..385.71 rows=96 width=125)
	  Recheck Cond: ((k >= 3520505) AND (k <= 3520605))
	  ->  Bitmap Index Scan on k_6  (cost=0.00..5.39 rows=96 width=0)
	        Index Cond: ((k >= 3520505) AND (k <= 3520605))

table 7 : explain SELECT k, c FROM sbtest7 WHERE k BETWEEN 3520505 AND 3520605
	Bitmap Heap Scan on sbtest7  (cost=5.50..417.29 rows=104 width=125)
	  Recheck Cond: ((k >= 3520505) AND (k <= 3520605))
	  ->  Bitmap Index Scan on k_7  (cost=0.00..5.47 rows=104 width=0)
	        Index Cond: ((k >= 3520505) AND (k <= 3520605))

table 8 : explain SELECT k, c FROM sbtest8 WHERE k BETWEEN 3520505 AND 3520605
	Bitmap Heap Scan on sbtest8  (cost=5.37..366.01 rows=91 width=125)
	  Recheck Cond: ((k >= 3520505) AND (k <= 3520605))
	  ->  Bitmap Index Scan on k_8  (cost=0.00..5.34 rows=91 width=0)
	        Index Cond: ((k >= 3520505) AND (k <= 3520605))


for range-notcovered
table 1 : explain SELECT k, c FROM sbtest1 WHERE k BETWEEN 5134073 AND 5134173
	Bitmap Heap Scan on sbtest1  (cost=5.53..429.07 rows=107 width=125)
	  Recheck Cond: ((k >= 5134073) AND (k <= 5134173))
	  ->  Bitmap Index Scan on k_1  (cost=0.00..5.50 rows=107 width=0)
	        Index Cond: ((k >= 5134073) AND (k <= 5134173))

table 2 : explain SELECT k, c FROM sbtest2 WHERE k BETWEEN 5134073 AND 5134173
	Bitmap Heap Scan on sbtest2  (cost=5.45..397.53 rows=99 width=125)
	  Recheck Cond: ((k >= 5134073) AND (k <= 5134173))
	  ->  Bitmap Index Scan on k_2  (cost=0.00..5.42 rows=99 width=0)
	        Index Cond: ((k >= 5134073) AND (k <= 5134173))

table 3 : explain SELECT k, c FROM sbtest3 WHERE k BETWEEN 5134073 AND 5134173
	Bitmap Heap Scan on sbtest3  (cost=5.50..417.24 rows=104 width=125)
	  Recheck Cond: ((k >= 5134073) AND (k <= 5134173))
	  ->  Bitmap Index Scan on k_3  (cost=0.00..5.47 rows=104 width=0)
	        Index Cond: ((k >= 5134073) AND (k <= 5134173))

table 4 : explain SELECT k, c FROM sbtest4 WHERE k BETWEEN 5134073 AND 5134173
	Bitmap Heap Scan on sbtest4  (cost=5.45..397.53 rows=99 width=125)
	  Recheck Cond: ((k >= 5134073) AND (k <= 5134173))
	  ->  Bitmap Index Scan on k_4  (cost=0.00..5.42 rows=99 width=0)
	        Index Cond: ((k >= 5134073) AND (k <= 5134173))

table 5 : explain SELECT k, c FROM sbtest5 WHERE k BETWEEN 5134073 AND 5134173
	Bitmap Heap Scan on sbtest5  (cost=5.45..397.57 rows=99 width=125)
	  Recheck Cond: ((k >= 5134073) AND (k <= 5134173))
	  ->  Bitmap Index Scan on k_5  (cost=0.00..5.42 rows=99 width=0)
	        Index Cond: ((k >= 5134073) AND (k <= 5134173))

table 6 : explain SELECT k, c FROM sbtest6 WHERE k BETWEEN 5134073 AND 5134173
	Bitmap Heap Scan on sbtest6  (cost=5.44..393.60 rows=98 width=125)
	  Recheck Cond: ((k >= 5134073) AND (k <= 5134173))
	  ->  Bitmap Index Scan on k_6  (cost=0.00..5.42 rows=98 width=0)
	        Index Cond: ((k >= 5134073) AND (k <= 5134173))

table 7 : explain SELECT k, c FROM sbtest7 WHERE k BETWEEN 5134073 AND 5134173
	Bitmap Heap Scan on sbtest7  (cost=5.46..401.52 rows=100 width=125)
	  Recheck Cond: ((k >= 5134073) AND (k <= 5134173))
	  ->  Bitmap Index Scan on k_7  (cost=0.00..5.43 rows=100 width=0)
	        Index Cond: ((k >= 5134073) AND (k <= 5134173))

table 8 : explain SELECT k, c FROM sbtest8 WHERE k BETWEEN 5134073 AND 5134173
	Bitmap Heap Scan on sbtest8  (cost=5.46..401.52 rows=100 width=125)
	  Recheck Cond: ((k >= 5134073) AND (k <= 5134173))
	  ->  Bitmap Index Scan on k_8  (cost=0.00..5.43 rows=100 width=0)
	        Index Cond: ((k >= 5134073) AND (k <= 5134173))

explain: for range-notcovered :: explain SELECT k, c FROM sbtest%d WHERE k BETWEEN 4506587 AND 4506687
explain: for range-notcovered :: explain SELECT k, c FROM sbtest%d WHERE k BETWEEN 3520505 AND 3520605

explain: for range-notcovered :: explain SELECT k, c FROM sbtest%d WHERE k BETWEEN 5643096 AND 5643196


explain: for range-notcovered :: explain SELECT k, c FROM sbtest%d WHERE k BETWEEN 5134073 AND 5134173
explain: for range-notcovered :: explain SELECT k, c FROM sbtest%d WHERE k BETWEEN 5346008 AND 5346108

for range-notcovered
table 1 : explain SELECT k, c FROM sbtest1 WHERE k BETWEEN 2407929 AND 2408029
	Bitmap Heap Scan on sbtest1  (cost=5.41..381.76 rows=95 width=125)
	  Recheck Cond: ((k >= 2407929) AND (k <= 2408029))
	  ->  Bitmap Index Scan on k_1  (cost=0.00..5.38 rows=95 width=0)
	        Index Cond: ((k >= 2407929) AND (k <= 2408029))

table 2 : explain SELECT k, c FROM sbtest2 WHERE k BETWEEN 2407929 AND 2408029
	Bitmap Heap Scan on sbtest2  (cost=5.41..381.75 rows=95 width=125)
	  Recheck Cond: ((k >= 2407929) AND (k <= 2408029))
	  ->  Bitmap Index Scan on k_2  (cost=0.00..5.38 rows=95 width=0)
	        Index Cond: ((k >= 2407929) AND (k <= 2408029))

table 3 : explain SELECT k, c FROM sbtest3 WHERE k BETWEEN 2407929 AND 2408029
	Bitmap Heap Scan on sbtest3  (cost=5.57..444.82 rows=111 width=125)
	  Recheck Cond: ((k >= 2407929) AND (k <= 2408029))
	  ->  Bitmap Index Scan on k_3  (cost=0.00..5.54 rows=111 width=0)
	        Index Cond: ((k >= 2407929) AND (k <= 2408029))

table 4 : explain SELECT k, c FROM sbtest4 WHERE k BETWEEN 2407929 AND 2408029
	Bitmap Heap Scan on sbtest4  (cost=5.55..436.94 rows=109 width=125)
	  Recheck Cond: ((k >= 2407929) AND (k <= 2408029))
	  ->  Bitmap Index Scan on k_4  (cost=0.00..5.52 rows=109 width=0)
	        Index Cond: ((k >= 2407929) AND (k <= 2408029))

table 5 : explain SELECT k, c FROM sbtest5 WHERE k BETWEEN 2407929 AND 2408029
	Bitmap Heap Scan on sbtest5  (cost=5.42..385.74 rows=96 width=125)
	  Recheck Cond: ((k >= 2407929) AND (k <= 2408029))
	  ->  Bitmap Index Scan on k_5  (cost=0.00..5.39 rows=96 width=0)
	        Index Cond: ((k >= 2407929) AND (k <= 2408029))

table 6 : explain SELECT k, c FROM sbtest6 WHERE k BETWEEN 2407929 AND 2408029
	Bitmap Heap Scan on sbtest6  (cost=5.41..381.76 rows=95 width=125)
	  Recheck Cond: ((k >= 2407929) AND (k <= 2408029))
	  ->  Bitmap Index Scan on k_6  (cost=0.00..5.38 rows=95 width=0)
	        Index Cond: ((k >= 2407929) AND (k <= 2408029))

table 7 : explain SELECT k, c FROM sbtest7 WHERE k BETWEEN 2407929 AND 2408029
	Bitmap Heap Scan on sbtest7  (cost=5.51..421.23 rows=105 width=125)
	  Recheck Cond: ((k >= 2407929) AND (k <= 2408029))
	  ->  Bitmap Index Scan on k_7  (cost=0.00..5.48 rows=105 width=0)
	        Index Cond: ((k >= 2407929) AND (k <= 2408029))

table 8 : explain SELECT k, c FROM sbtest8 WHERE k BETWEEN 2407929 AND 2408029
	Bitmap Heap Scan on sbtest8  (cost=5.50..417.29 rows=104 width=125)
	  Recheck Cond: ((k >= 2407929) AND (k <= 2408029))
	  ->  Bitmap Index Scan on k_8  (cost=0.00..5.47 rows=104 width=0)
	        Index Cond: ((k >= 2407929) AND (k <= 2408029))

explain: for range-notcovered :: explain SELECT k, c FROM sbtest%d WHERE k BETWEEN 2776751 AND 2776851
explain: for range-notcovered :: explain SELECT k, c FROM sbtest%d WHERE k BETWEEN 6262792 AND 6262892
for range-notcovered
table 1 : explain SELECT k, c FROM sbtest1 WHERE k BETWEEN 8425699 AND 8425799
	Bitmap Heap Scan on sbtest1  (cost=5.41..381.76 rows=95 width=125)
	  Recheck Cond: ((k >= 8425699) AND (k <= 8425799))
	  ->  Bitmap Index Scan on k_1  (cost=0.00..5.38 rows=95 width=0)
	        Index Cond: ((k >= 8425699) AND (k <= 8425799))

table 2 : explain SELECT k, c FROM sbtest2 WHERE k BETWEEN 8425699 AND 8425799
	Bitmap Heap Scan on sbtest2  (cost=5.44..393.58 rows=98 width=125)
	  Recheck Cond: ((k >= 8425699) AND (k <= 8425799))
	  ->  Bitmap Index Scan on k_2  (cost=0.00..5.42 rows=98 width=0)
	        Index Cond: ((k >= 8425699) AND (k <= 8425799))

table 3 : explain SELECT k, c FROM sbtest3 WHERE k BETWEEN 8425699 AND 8425799
	Bitmap Heap Scan on sbtest3  (cost=5.51..421.18 rows=105 width=125)
	  Recheck Cond: ((k >= 8425699) AND (k <= 8425799))
	  ->  Bitmap Index Scan on k_3  (cost=0.00..5.48 rows=105 width=0)
	        Index Cond: ((k >= 8425699) AND (k <= 8425799))

table 4 : explain SELECT k, c FROM sbtest4 WHERE k BETWEEN 8425699 AND 8425799
	Bitmap Heap Scan on sbtest4  (cost=5.43..389.64 rows=97 width=125)
	  Recheck Cond: ((k >= 8425699) AND (k <= 8425799))
	  ->  Bitmap Index Scan on k_4  (cost=0.00..5.40 rows=97 width=0)
	        Index Cond: ((k >= 8425699) AND (k <= 8425799))

table 5 : explain SELECT k, c FROM sbtest5 WHERE k BETWEEN 8425699 AND 8425799
	Bitmap Heap Scan on sbtest5  (cost=5.46..401.51 rows=100 width=125)
	  Recheck Cond: ((k >= 8425699) AND (k <= 8425799))
	  ->  Bitmap Index Scan on k_5  (cost=0.00..5.43 rows=100 width=0)
	        Index Cond: ((k >= 8425699) AND (k <= 8425799))

table 6 : explain SELECT k, c FROM sbtest6 WHERE k BETWEEN 8425699 AND 8425799
	Bitmap Heap Scan on sbtest6  (cost=5.50..417.25 rows=104 width=125)
	  Recheck Cond: ((k >= 8425699) AND (k <= 8425799))
	  ->  Bitmap Index Scan on k_6  (cost=0.00..5.47 rows=104 width=0)
	        Index Cond: ((k >= 8425699) AND (k <= 8425799))

table 7 : explain SELECT k, c FROM sbtest7 WHERE k BETWEEN 8425699 AND 8425799
	Bitmap Heap Scan on sbtest7  (cost=5.49..413.35 rows=103 width=125)
	  Recheck Cond: ((k >= 8425699) AND (k <= 8425799))
	  ->  Bitmap Index Scan on k_7  (cost=0.00..5.46 rows=103 width=0)
	        Index Cond: ((k >= 8425699) AND (k <= 8425799))

table 8 : explain SELECT k, c FROM sbtest8 WHERE k BETWEEN 8425699 AND 8425799
	Bitmap Heap Scan on sbtest8  (cost=5.46..401.52 rows=100 width=125)
	  Recheck Cond: ((k >= 8425699) AND (k <= 8425799))
	  ->  Bitmap Index Scan on k_8  (cost=0.00..5.43 rows=100 width=0)
	        Index Cond: ((k >= 8425699) AND (k <= 8425799))

for range-notcovered
table 1 : explain SELECT k, c FROM sbtest1 WHERE k BETWEEN 6190744 AND 6190844
	Bitmap Heap Scan on sbtest1  (cost=5.35..358.08 rows=89 width=125)
	  Recheck Cond: ((k >= 6190744) AND (k <= 6190844))
	  ->  Bitmap Index Scan on k_1  (cost=0.00..5.32 rows=89 width=0)
	        Index Cond: ((k >= 6190744) AND (k <= 6190844))

table 2 : explain SELECT k, c FROM sbtest2 WHERE k BETWEEN 6190744 AND 6190844
	Bitmap Heap Scan on sbtest2  (cost=5.49..413.29 rows=103 width=125)
	  Recheck Cond: ((k >= 6190744) AND (k <= 6190844))
	  ->  Bitmap Index Scan on k_2  (cost=0.00..5.46 rows=103 width=0)
	        Index Cond: ((k >= 6190744) AND (k <= 6190844))

table 3 : explain SELECT k, c FROM sbtest3 WHERE k BETWEEN 6190744 AND 6190844
	Bitmap Heap Scan on sbtest3  (cost=5.53..429.06 rows=107 width=125)
	  Recheck Cond: ((k >= 6190744) AND (k <= 6190844))
	  ->  Bitmap Index Scan on k_3  (cost=0.00..5.50 rows=107 width=0)
	        Index Cond: ((k >= 6190744) AND (k <= 6190844))

table 4 : explain SELECT k, c FROM sbtest4 WHERE k BETWEEN 6190744 AND 6190844
	Bitmap Heap Scan on sbtest4  (cost=5.48..409.35 rows=102 width=125)
	  Recheck Cond: ((k >= 6190744) AND (k <= 6190844))
	  ->  Bitmap Index Scan on k_4  (cost=0.00..5.45 rows=102 width=0)
	        Index Cond: ((k >= 6190744) AND (k <= 6190844))

table 5 : explain SELECT k, c FROM sbtest5 WHERE k BETWEEN 6190744 AND 6190844
	Bitmap Heap Scan on sbtest5  (cost=5.46..401.51 rows=100 width=125)
	  Recheck Cond: ((k >= 6190744) AND (k <= 6190844))
	  ->  Bitmap Index Scan on k_5  (cost=0.00..5.43 rows=100 width=0)
	        Index Cond: ((k >= 6190744) AND (k <= 6190844))

table 6 : explain SELECT k, c FROM sbtest6 WHERE k BETWEEN 6190744 AND 6190844
	Bitmap Heap Scan on sbtest6  (cost=5.47..405.43 rows=101 width=125)
	  Recheck Cond: ((k >= 6190744) AND (k <= 6190844))
	  ->  Bitmap Index Scan on k_6  (cost=0.00..5.44 rows=101 width=0)
	        Index Cond: ((k >= 6190744) AND (k <= 6190844))

table 7 : explain SELECT k, c FROM sbtest7 WHERE k BETWEEN 6190744 AND 6190844
	Bitmap Heap Scan on sbtest7  (cost=5.47..405.46 rows=101 width=125)
	  Recheck Cond: ((k >= 6190744) AND (k <= 6190844))
	  ->  Bitmap Index Scan on k_7  (cost=0.00..5.44 rows=101 width=0)
	        Index Cond: ((k >= 6190744) AND (k <= 6190844))

table 8 : explain SELECT k, c FROM sbtest8 WHERE k BETWEEN 6190744 AND 6190844
	Bitmap Heap Scan on sbtest8  (cost=5.53..429.11 rows=107 width=125)
	  Recheck Cond: ((k >= 6190744) AND (k <= 6190844))
	  ->  Bitmap Index Scan on k_8  (cost=0.00..5.50 rows=107 width=0)
	        Index Cond: ((k >= 6190744) AND (k <= 6190844))

for range-notcovered
table 1 : explain SELECT k, c FROM sbtest1 WHERE k BETWEEN 4721381 AND 4721481
	Bitmap Heap Scan on sbtest1  (cost=5.49..413.30 rows=103 width=125)
	  Recheck Cond: ((k >= 4721381) AND (k <= 4721481))
	  ->  Bitmap Index Scan on k_1  (cost=0.00..5.46 rows=103 width=0)
	        Index Cond: ((k >= 4721381) AND (k <= 4721481))

table 2 : explain SELECT k, c FROM sbtest2 WHERE k BETWEEN 4721381 AND 4721481
	Bitmap Heap Scan on sbtest2  (cost=5.61..460.57 rows=115 width=125)
	  Recheck Cond: ((k >= 4721381) AND (k <= 4721481))
	  ->  Bitmap Index Scan on k_2  (cost=0.00..5.58 rows=115 width=0)
	        Index Cond: ((k >= 4721381) AND (k <= 4721481))

table 3 : explain SELECT k, c FROM sbtest3 WHERE k BETWEEN 4721381 AND 4721481
	Bitmap Heap Scan on sbtest3  (cost=5.49..413.30 rows=103 width=125)
	  Recheck Cond: ((k >= 4721381) AND (k <= 4721481))
	  ->  Bitmap Index Scan on k_3  (cost=0.00..5.46 rows=103 width=0)
	        Index Cond: ((k >= 4721381) AND (k <= 4721481))

table 4 : explain SELECT k, c FROM sbtest4 WHERE k BETWEEN 4721381 AND 4721481
	Bitmap Heap Scan on sbtest4  (cost=5.49..413.30 rows=103 width=125)
	  Recheck Cond: ((k >= 4721381) AND (k <= 4721481))
	  ->  Bitmap Index Scan on k_4  (cost=0.00..5.46 rows=103 width=0)
	        Index Cond: ((k >= 4721381) AND (k <= 4721481))

table 5 : explain SELECT k, c FROM sbtest5 WHERE k BETWEEN 4721381 AND 4721481
	Bitmap Heap Scan on sbtest5  (cost=5.40..377.84 rows=94 width=125)
	  Recheck Cond: ((k >= 4721381) AND (k <= 4721481))
	  ->  Bitmap Index Scan on k_5  (cost=0.00..5.38 rows=94 width=0)
	        Index Cond: ((k >= 4721381) AND (k <= 4721481))

table 6 : explain SELECT k, c FROM sbtest6 WHERE k BETWEEN 4721381 AND 4721481
	Bitmap Heap Scan on sbtest6  (cost=5.57..444.83 rows=111 width=125)
	  Recheck Cond: ((k >= 4721381) AND (k <= 4721481))
	  ->  Bitmap Index Scan on k_6  (cost=0.00..5.54 rows=111 width=0)
	        Index Cond: ((k >= 4721381) AND (k <= 4721481))

table 7 : explain SELECT k, c FROM sbtest7 WHERE k BETWEEN 4721381 AND 4721481
	Bitmap Heap Scan on sbtest7  (cost=5.53..429.12 rows=107 width=125)
	  Recheck Cond: ((k >= 4721381) AND (k <= 4721481))
	  ->  Bitmap Index Scan on k_7  (cost=0.00..5.50 rows=107 width=0)
	        Index Cond: ((k >= 4721381) AND (k <= 4721481))

table 8 : explain SELECT k, c FROM sbtest8 WHERE k BETWEEN 4721381 AND 4721481
	Bitmap Heap Scan on sbtest8  (cost=5.53..429.11 rows=107 width=125)
	  Recheck Cond: ((k >= 4721381) AND (k <= 4721481))
	  ->  Bitmap Index Scan on k_8  (cost=0.00..5.50 rows=107 width=0)
	        Index Cond: ((k >= 4721381) AND (k <= 4721481))
explain: for range-notcovered :: explain SELECT k, c FROM sbtest%d WHERE k BETWEEN 2407929 AND 2408029explain: for range-notcovered :: explain SELECT k, c FROM sbtest%d WHERE k BETWEEN 6055677 AND 6055777explain: for range-notcovered :: explain SELECT k, c FROM sbtest%d WHERE k BETWEEN 4431349 AND 4431449
for range-notcovered
table 1 : explain SELECT k, c FROM sbtest1 WHERE k BETWEEN 4944192 AND 4944292
	Bitmap Heap Scan on sbtest1  (cost=5.54..433.01 rows=108 width=125)
	  Recheck Cond: ((k >= 4944192) AND (k <= 4944292))
	  ->  Bitmap Index Scan on k_1  (cost=0.00..5.51 rows=108 width=0)
	        Index Cond: ((k >= 4944192) AND (k <= 4944292))

table 2 : explain SELECT k, c FROM sbtest2 WHERE k BETWEEN 4944192 AND 4944292
	Bitmap Heap Scan on sbtest2  (cost=5.48..409.35 rows=102 width=125)
	  Recheck Cond: ((k >= 4944192) AND (k <= 4944292))
	  ->  Bitmap Index Scan on k_2  (cost=0.00..5.45 rows=102 width=0)
	        Index Cond: ((k >= 4944192) AND (k <= 4944292))

table 3 : explain SELECT k, c FROM sbtest3 WHERE k BETWEEN 4944192 AND 4944292
	Bitmap Heap Scan on sbtest3  (cost=5.48..409.36 rows=102 width=125)
	  Recheck Cond: ((k >= 4944192) AND (k <= 4944292))
	  ->  Bitmap Index Scan on k_3  (cost=0.00..5.45 rows=102 width=0)
	        Index Cond: ((k >= 4944192) AND (k <= 4944292))

table 4 : explain SELECT k, c FROM sbtest4 WHERE k BETWEEN 4944192 AND 4944292
	Bitmap Heap Scan on sbtest4  (cost=5.48..409.35 rows=102 width=125)
	  Recheck Cond: ((k >= 4944192) AND (k <= 4944292))
	  ->  Bitmap Index Scan on k_4  (cost=0.00..5.45 rows=102 width=0)
	        Index Cond: ((k >= 4944192) AND (k <= 4944292))

table 5 : explain SELECT k, c FROM sbtest5 WHERE k BETWEEN 4944192 AND 4944292
	Bitmap Heap Scan on sbtest5  (cost=5.40..377.84 rows=94 width=125)
	  Recheck Cond: ((k >= 4944192) AND (k <= 4944292))
	  ->  Bitmap Index Scan on k_5  (cost=0.00..5.38 rows=94 width=0)
	        Index Cond: ((k >= 4944192) AND (k <= 4944292))

table 6 : explain SELECT k, c FROM sbtest6 WHERE k BETWEEN 4944192 AND 4944292
	Bitmap Heap Scan on sbtest6  (cost=5.47..405.43 rows=101 width=125)
	  Recheck Cond: ((k >= 4944192) AND (k <= 4944292))
	  ->  Bitmap Index Scan on k_6  (cost=0.00..5.44 rows=101 width=0)
	        Index Cond: ((k >= 4944192) AND (k <= 4944292))

table 7 : explain SELECT k, c FROM sbtest7 WHERE k BETWEEN 4944192 AND 4944292
	Bitmap Heap Scan on sbtest7  (cost=5.54..433.06 rows=108 width=125)
	  Recheck Cond: ((k >= 4944192) AND (k <= 4944292))
	  ->  Bitmap Index Scan on k_7  (cost=0.00..5.51 rows=108 width=0)
	        Index Cond: ((k >= 4944192) AND (k <= 4944292))

table 8 : explain SELECT k, c FROM sbtest8 WHERE k BETWEEN 4944192 AND 4944292
	Bitmap Heap Scan on sbtest8  (cost=5.41..381.79 rows=95 width=125)
	  Recheck Cond: ((k >= 4944192) AND (k <= 4944292))
	  ->  Bitmap Index Scan on k_8  (cost=0.00..5.38 rows=95 width=0)
	        Index Cond: ((k >= 4944192) AND (k <= 4944292))
explain: for range-notcovered :: explain SELECT k, c FROM sbtest%d WHERE k BETWEEN 8425699 AND 8425799
explain: for range-notcovered :: explain SELECT k, c FROM sbtest%d WHERE k BETWEEN 8303696 AND 8303796explain: for range-notcovered :: explain SELECT k, c FROM sbtest%d WHERE k BETWEEN 5802285 AND 5802385
for range-notcovered
table 1 : explain SELECT k, c FROM sbtest1 WHERE k BETWEEN 3896990 AND 3897090
	Bitmap Heap Scan on sbtest1  (cost=5.54..433.01 rows=108 width=125)
	  Recheck Cond: ((k >= 3896990) AND (k <= 3897090))
	  ->  Bitmap Index Scan on k_1  (cost=0.00..5.51 rows=108 width=0)
	        Index Cond: ((k >= 3896990) AND (k <= 3897090))

table 2 : explain SELECT k, c FROM sbtest2 WHERE k BETWEEN 3896990 AND 3897090
	Bitmap Heap Scan on sbtest2  (cost=5.44..393.58 rows=98 width=125)
	  Recheck Cond: ((k >= 3896990) AND (k <= 3897090))
	  ->  Bitmap Index Scan on k_2  (cost=0.00..5.42 rows=98 width=0)
	        Index Cond: ((k >= 3896990) AND (k <= 3897090))

table 3 : explain SELECT k, c FROM sbtest3 WHERE k BETWEEN 3896990 AND 3897090
	Bitmap Heap Scan on sbtest3  (cost=5.53..429.06 rows=107 width=125)
	  Recheck Cond: ((k >= 3896990) AND (k <= 3897090))
	  ->  Bitmap Index Scan on k_3  (cost=0.00..5.50 rows=107 width=0)
	        Index Cond: ((k >= 3896990) AND (k <= 3897090))

table 4 : explain SELECT k, c FROM sbtest4 WHERE k BETWEEN 3896990 AND 3897090
	Bitmap Heap Scan on sbtest4  (cost=5.42..385.69 rows=96 width=125)
	  Recheck Cond: ((k >= 3896990) AND (k <= 3897090))
	  ->  Bitmap Index Scan on k_4  (cost=0.00..5.39 rows=96 width=0)
	        Index Cond: ((k >= 3896990) AND (k <= 3897090))

table 5 : explain SELECT k, c FROM sbtest5 WHERE k BETWEEN 3896990 AND 3897090
	Bitmap Heap Scan on sbtest5  (cost=5.45..397.57 rows=99 width=125)
	  Recheck Cond: ((k >= 3896990) AND (k <= 3897090))
	  ->  Bitmap Index Scan on k_5  (cost=0.00..5.42 rows=99 width=0)
	        Index Cond: ((k >= 3896990) AND (k <= 3897090))

table 6 : explain SELECT k, c FROM sbtest6 WHERE k BETWEEN 3896990 AND 3897090
	Bitmap Heap Scan on sbtest6  (cost=5.54..433.02 rows=108 width=125)
	  Recheck Cond: ((k >= 3896990) AND (k <= 3897090))
	  ->  Bitmap Index Scan on k_6  (cost=0.00..5.51 rows=108 width=0)
	        Index Cond: ((k >= 3896990) AND (k <= 3897090))

table 7 : explain SELECT k, c FROM sbtest7 WHERE k BETWEEN 3896990 AND 3897090
	Bitmap Heap Scan on sbtest7  (cost=5.38..369.96 rows=92 width=125)
	  Recheck Cond: ((k >= 3896990) AND (k <= 3897090))
	  ->  Bitmap Index Scan on k_7  (cost=0.00..5.35 rows=92 width=0)
	        Index Cond: ((k >= 3896990) AND (k <= 3897090))

table 8 : explain SELECT k, c FROM sbtest8 WHERE k BETWEEN 3896990 AND 3897090
	Bitmap Heap Scan on sbtest8  (cost=5.49..413.34 rows=103 width=125)
	  Recheck Cond: ((k >= 3896990) AND (k <= 3897090))
	  ->  Bitmap Index Scan on k_8  (cost=0.00..5.46 rows=103 width=0)
	        Index Cond: ((k >= 3896990) AND (k <= 3897090))


explain: for range-notcovered :: explain SELECT k, c FROM sbtest%d WHERE k BETWEEN 2885741 AND 2885841
for range-notcovered
table 1 : explain SELECT k, c FROM sbtest1 WHERE k BETWEEN 3027490 AND 3027590
	Bitmap Heap Scan on sbtest1  (cost=5.47..405.42 rows=101 width=125)
	  Recheck Cond: ((k >= 3027490) AND (k <= 3027590))
	  ->  Bitmap Index Scan on k_1  (cost=0.00..5.44 rows=101 width=0)
	        Index Cond: ((k >= 3027490) AND (k <= 3027590))

table 2 : explain SELECT k, c FROM sbtest2 WHERE k BETWEEN 3027490 AND 3027590
	Bitmap Heap Scan on sbtest2  (cost=5.50..417.24 rows=104 width=125)
	  Recheck Cond: ((k >= 3027490) AND (k <= 3027590))
	  ->  Bitmap Index Scan on k_2  (cost=0.00..5.47 rows=104 width=0)
	        Index Cond: ((k >= 3027490) AND (k <= 3027590))

table 3 : explain SELECT k, c FROM sbtest3 WHERE k BETWEEN 3027490 AND 3027590
	Bitmap Heap Scan on sbtest3  (cost=5.38..369.91 rows=92 width=125)
	  Recheck Cond: ((k >= 3027490) AND (k <= 3027590))
	  ->  Bitmap Index Scan on k_3  (cost=0.00..5.35 rows=92 width=0)
	        Index Cond: ((k >= 3027490) AND (k <= 3027590))

table 4 : explain SELECT k, c FROM sbtest4 WHERE k BETWEEN 3027490 AND 3027590
	Bitmap Heap Scan on sbtest4  (cost=5.43..389.64 rows=97 width=125)
	  Recheck Cond: ((k >= 3027490) AND (k <= 3027590))
	  ->  Bitmap Index Scan on k_4  (cost=0.00..5.40 rows=97 width=0)
	        Index Cond: ((k >= 3027490) AND (k <= 3027590))

table 5 : explain SELECT k, c FROM sbtest5 WHERE k BETWEEN 3027490 AND 3027590
	Bitmap Heap Scan on sbtest5  (cost=5.45..397.57 rows=99 width=125)
	  Recheck Cond: ((k >= 3027490) AND (k <= 3027590))
	  ->  Bitmap Index Scan on k_5  (cost=0.00..5.42 rows=99 width=0)
	        Index Cond: ((k >= 3027490) AND (k <= 3027590))

table 6 : explain SELECT k, c FROM sbtest6 WHERE k BETWEEN 3027490 AND 3027590
	Bitmap Heap Scan on sbtest6  (cost=5.50..417.25 rows=104 width=125)
	  Recheck Cond: ((k >= 3027490) AND (k <= 3027590))
	  ->  Bitmap Index Scan on k_6  (cost=0.00..5.47 rows=104 width=0)
	        Index Cond: ((k >= 3027490) AND (k <= 3027590))

table 7 : explain SELECT k, c FROM sbtest7 WHERE k BETWEEN 3027490 AND 3027590
	Bitmap Heap Scan on sbtest7  (cost=5.44..393.63 rows=98 width=125)
	  Recheck Cond: ((k >= 3027490) AND (k <= 3027590))
	  ->  Bitmap Index Scan on k_7  (cost=0.00..5.42 rows=98 width=0)
	        Index Cond: ((k >= 3027490) AND (k <= 3027590))

table 8 : explain SELECT k, c FROM sbtest8 WHERE k BETWEEN 3027490 AND 3027590
	Bitmap Heap Scan on sbtest8  (cost=5.51..421.23 rows=105 width=125)
	  Recheck Cond: ((k >= 3027490) AND (k <= 3027590))
	  ->  Bitmap Index Scan on k_8  (cost=0.00..5.48 rows=105 width=0)
	        Index Cond: ((k >= 3027490) AND (k <= 3027590))




explain: for range-notcovered :: explain SELECT k, c FROM sbtest%d WHERE k BETWEEN 3896990 AND 3897090
for range-notcovered
table 1 : explain SELECT k, c FROM sbtest1 WHERE k BETWEEN 5027797 AND 5027897
	Bitmap Heap Scan on sbtest1  (cost=5.43..389.65 rows=97 width=125)
	  Recheck Cond: ((k >= 5027797) AND (k <= 5027897))
	  ->  Bitmap Index Scan on k_1  (cost=0.00..5.40 rows=97 width=0)
	        Index Cond: ((k >= 5027797) AND (k <= 5027897))

table 2 : explain SELECT k, c FROM sbtest2 WHERE k BETWEEN 5027797 AND 5027897
	Bitmap Heap Scan on sbtest2  (cost=5.49..413.29 rows=103 width=125)
	  Recheck Cond: ((k >= 5027797) AND (k <= 5027897))
	  ->  Bitmap Index Scan on k_2  (cost=0.00..5.46 rows=103 width=0)
	        Index Cond: ((k >= 5027797) AND (k <= 5027897))

table 3 : explain SELECT k, c FROM sbtest3 WHERE k BETWEEN 5027797 AND 5027897
	Bitmap Heap Scan on sbtest3  (cost=5.48..409.36 rows=102 width=125)
	  Recheck Cond: ((k >= 5027797) AND (k <= 5027897))
	  ->  Bitmap Index Scan on k_3  (cost=0.00..5.45 rows=102 width=0)
	        Index Cond: ((k >= 5027797) AND (k <= 5027897))

table 4 : explain SELECT k, c FROM sbtest4 WHERE k BETWEEN 5027797 AND 5027897
	Bitmap Heap Scan on sbtest4  (cost=5.48..409.35 rows=102 width=125)
	  Recheck Cond: ((k >= 5027797) AND (k <= 5027897))
	  ->  Bitmap Index Scan on k_4  (cost=0.00..5.45 rows=102 width=0)
	        Index Cond: ((k >= 5027797) AND (k <= 5027897))

table 5 : explain SELECT k, c FROM sbtest5 WHERE k BETWEEN 5027797 AND 5027897
	Bitmap Heap Scan on sbtest5  (cost=5.42..385.74 rows=96 width=125)
	  Recheck Cond: ((k >= 5027797) AND (k <= 5027897))
	  ->  Bitmap Index Scan on k_5  (cost=0.00..5.39 rows=96 width=0)
	        Index Cond: ((k >= 5027797) AND (k <= 5027897))

table 6 : explain SELECT k, c FROM sbtest6 WHERE k BETWEEN 5027797 AND 5027897
	Bitmap Heap Scan on sbtest6  (cost=5.49..413.31 rows=103 width=125)
	  Recheck Cond: ((k >= 5027797) AND (k <= 5027897))
	  ->  Bitmap Index Scan on k_6  (cost=0.00..5.46 rows=103 width=0)
	        Index Cond: ((k >= 5027797) AND (k <= 5027897))

table 7 : explain SELECT k, c FROM sbtest7 WHERE k BETWEEN 5027797 AND 5027897
	Bitmap Heap Scan on sbtest7  (cost=5.54..433.06 rows=108 width=125)
	  Recheck Cond: ((k >= 5027797) AND (k <= 5027897))
	  ->  Bitmap Index Scan on k_7  (cost=0.00..5.51 rows=108 width=0)
	        Index Cond: ((k >= 5027797) AND (k <= 5027897))

table 8 : explain SELECT k, c FROM sbtest8 WHERE k BETWEEN 5027797 AND 5027897
	Bitmap Heap Scan on sbtest8  (cost=5.41..381.79 rows=95 width=125)
	  Recheck Cond: ((k >= 5027797) AND (k <= 5027897))
	  ->  Bitmap Index Scan on k_8  (cost=0.00..5.38 rows=95 width=0)
	        Index Cond: ((k >= 5027797) AND (k <= 5027897))


for range-notcovered
table 1 : explain SELECT k, c FROM sbtest1 WHERE k BETWEEN 7238566 AND 7238666
	Bitmap Heap Scan on sbtest1  (cost=5.46..401.48 rows=100 width=125)
	  Recheck Cond: ((k >= 7238566) AND (k <= 7238666))
	  ->  Bitmap Index Scan on k_1  (cost=0.00..5.43 rows=100 width=0)
	        Index Cond: ((k >= 7238566) AND (k <= 7238666))

table 2 : explain SELECT k, c FROM sbtest2 WHERE k BETWEEN 7238566 AND 7238666
	Bitmap Heap Scan on sbtest2  (cost=5.42..385.69 rows=96 width=125)
	  Recheck Cond: ((k >= 7238566) AND (k <= 7238666))
	  ->  Bitmap Index Scan on k_2  (cost=0.00..5.39 rows=96 width=0)
	        Index Cond: ((k >= 7238566) AND (k <= 7238666))

table 3 : explain SELECT k, c FROM sbtest3 WHERE k BETWEEN 7238566 AND 7238666
	Bitmap Heap Scan on sbtest3  (cost=5.43..389.64 rows=97 width=125)
	  Recheck Cond: ((k >= 7238566) AND (k <= 7238666))
	  ->  Bitmap Index Scan on k_3  (cost=0.00..5.40 rows=97 width=0)
	        Index Cond: ((k >= 7238566) AND (k <= 7238666))

table 4 : explain SELECT k, c FROM sbtest4 WHERE k BETWEEN 7238566 AND 7238666
	Bitmap Heap Scan on sbtest4  (cost=5.37..365.97 rows=91 width=125)
	  Recheck Cond: ((k >= 7238566) AND (k <= 7238666))
	  ->  Bitmap Index Scan on k_4  (cost=0.00..5.34 rows=91 width=0)
	        Index Cond: ((k >= 7238566) AND (k <= 7238666))

table 5 : explain SELECT k, c FROM sbtest5 WHERE k BETWEEN 7238566 AND 7238666
	Bitmap Heap Scan on sbtest5  (cost=5.51..421.23 rows=105 width=125)
	  Recheck Cond: ((k >= 7238566) AND (k <= 7238666))
	  ->  Bitmap Index Scan on k_5  (cost=0.00..5.48 rows=105 width=0)
	        Index Cond: ((k >= 7238566) AND (k <= 7238666))

table 6 : explain SELECT k, c FROM sbtest6 WHERE k BETWEEN 7238566 AND 7238666
	Bitmap Heap Scan on sbtest6  (cost=5.54..433.02 rows=108 width=125)
	  Recheck Cond: ((k >= 7238566) AND (k <= 7238666))
	  ->  Bitmap Index Scan on k_6  (cost=0.00..5.51 rows=108 width=0)
	        Index Cond: ((k >= 7238566) AND (k <= 7238666))

table 7 : explain SELECT k, c FROM sbtest7 WHERE k BETWEEN 7238566 AND 7238666
	Bitmap Heap Scan on sbtest7  (cost=5.56..440.94 rows=110 width=125)
	  Recheck Cond: ((k >= 7238566) AND (k <= 7238666))
	  ->  Bitmap Index Scan on k_7  (cost=0.00..5.53 rows=110 width=0)
	        Index Cond: ((k >= 7238566) AND (k <= 7238666))

table 8 : explain SELECT k, c FROM sbtest8 WHERE k BETWEEN 7238566 AND 7238666
	Bitmap Heap Scan on sbtest8  (cost=5.50..417.29 rows=104 width=125)
	  Recheck Cond: ((k >= 7238566) AND (k <= 7238666))
	  ->  Bitmap Index Scan on k_8  (cost=0.00..5.47 rows=104 width=0)
	        Index Cond: ((k >= 7238566) AND (k <= 7238666))

for range-notcovered
table 1 : explain SELECT k, c FROM sbtest1 WHERE k BETWEEN 6877552 AND 6877652
	Bitmap Heap Scan on sbtest1  (cost=5.51..421.19 rows=105 width=125)
	  Recheck Cond: ((k >= 6877552) AND (k <= 6877652))
	  ->  Bitmap Index Scan on k_1  (cost=0.00..5.48 rows=105 width=0)
	        Index Cond: ((k >= 6877552) AND (k <= 6877652))

table 2 : explain SELECT k, c FROM sbtest2 WHERE k BETWEEN 6877552 AND 6877652
	Bitmap Heap Scan on sbtest2  (cost=5.54..433.00 rows=108 width=125)
	  Recheck Cond: ((k >= 6877552) AND (k <= 6877652))
	  ->  Bitmap Index Scan on k_2  (cost=0.00..5.51 rows=108 width=0)
	        Index Cond: ((k >= 6877552) AND (k <= 6877652))

table 3 : explain SELECT k, c FROM sbtest3 WHERE k BETWEEN 6877552 AND 6877652
	Bitmap Heap Scan on sbtest3  (cost=5.55..436.94 rows=109 width=125)
	  Recheck Cond: ((k >= 6877552) AND (k <= 6877652))
	  ->  Bitmap Index Scan on k_3  (cost=0.00..5.52 rows=109 width=0)
	        Index Cond: ((k >= 6877552) AND (k <= 6877652))

table 4 : explain SELECT k, c FROM sbtest4 WHERE k BETWEEN 6877552 AND 6877652
	Bitmap Heap Scan on sbtest4  (cost=5.41..381.75 rows=95 width=125)
	  Recheck Cond: ((k >= 6877552) AND (k <= 6877652))
	  ->  Bitmap Index Scan on k_4  (cost=0.00..5.38 rows=95 width=0)
	        Index Cond: ((k >= 6877552) AND (k <= 6877652))

table 5 : explain SELECT k, c FROM sbtest5 WHERE k BETWEEN 6877552 AND 6877652
	Bitmap Heap Scan on sbtest5  (cost=5.56..440.93 rows=110 width=125)
	  Recheck Cond: ((k >= 6877552) AND (k <= 6877652))
	  ->  Bitmap Index Scan on k_5  (cost=0.00..5.53 rows=110 width=0)
	        Index Cond: ((k >= 6877552) AND (k <= 6877652))

table 6 : explain SELECT k, c FROM sbtest6 WHERE k BETWEEN 6877552 AND 6877652
	Bitmap Heap Scan on sbtest6  (cost=5.41..381.76 rows=95 width=125)
	  Recheck Cond: ((k >= 6877552) AND (k <= 6877652))
	  ->  Bitmap Index Scan on k_6  (cost=0.00..5.38 rows=95 width=0)
	        Index Cond: ((k >= 6877552) AND (k <= 6877652))

table 7 : explain SELECT k, c FROM sbtest7 WHERE k BETWEEN 6877552 AND 6877652
	Bitmap Heap Scan on sbtest7  (cost=5.48..409.41 rows=102 width=125)
	  Recheck Cond: ((k >= 6877552) AND (k <= 6877652))
	  ->  Bitmap Index Scan on k_7  (cost=0.00..5.45 rows=102 width=0)
	        Index Cond: ((k >= 6877552) AND (k <= 6877652))

table 8 : explain SELECT k, c FROM sbtest8 WHERE k BETWEEN 6877552 AND 6877652
	Bitmap Heap Scan on sbtest8  (cost=5.53..429.11 rows=107 width=125)
	  Recheck Cond: ((k >= 6877552) AND (k <= 6877652))
	  ->  Bitmap Index Scan on k_8  (cost=0.00..5.50 rows=107 width=0)
	        Index Cond: ((k >= 6877552) AND (k <= 6877652))



for range-notcovered
table 1 : explain SELECT k, c FROM sbtest1 WHERE k BETWEEN 8009198 AND 8009298
	Bitmap Heap Scan on sbtest1  (cost=5.45..397.53 rows=99 width=125)
	  Recheck Cond: ((k >= 8009198) AND (k <= 8009298))
	  ->  Bitmap Index Scan on k_1  (cost=0.00..5.42 rows=99 width=0)
	        Index Cond: ((k >= 8009198) AND (k <= 8009298))

table 2 : explain SELECT k, c FROM sbtest2 WHERE k BETWEEN 8009198 AND 8009298
	Bitmap Heap Scan on sbtest2  (cost=5.49..413.29 rows=103 width=125)
	  Recheck Cond: ((k >= 8009198) AND (k <= 8009298))
	  ->  Bitmap Index Scan on k_2  (cost=0.00..5.46 rows=103 width=0)
	        Index Cond: ((k >= 8009198) AND (k <= 8009298))

table 3 : explain SELECT k, c FROM sbtest3 WHERE k BETWEEN 8009198 AND 8009298
	Bitmap Heap Scan on sbtest3  (cost=5.54..433.00 rows=108 width=125)
	  Recheck Cond: ((k >= 8009198) AND (k <= 8009298))
	  ->  Bitmap Index Scan on k_3  (cost=0.00..5.51 rows=108 width=0)
	        Index Cond: ((k >= 8009198) AND (k <= 8009298))

table 4 : explain SELECT k, c FROM sbtest4 WHERE k BETWEEN 8009198 AND 8009298
	Bitmap Heap Scan on sbtest4  (cost=5.52..425.12 rows=106 width=125)
	  Recheck Cond: ((k >= 8009198) AND (k <= 8009298))
	  ->  Bitmap Index Scan on k_4  (cost=0.00..5.50 rows=106 width=0)
	        Index Cond: ((k >= 8009198) AND (k <= 8009298))

table 5 : explain SELECT k, c FROM sbtest5 WHERE k BETWEEN 8009198 AND 8009298
	Bitmap Heap Scan on sbtest5  (cost=5.45..397.57 rows=99 width=125)
	  Recheck Cond: ((k >= 8009198) AND (k <= 8009298))
	  ->  Bitmap Index Scan on k_5  (cost=0.00..5.42 rows=99 width=0)
	        Index Cond: ((k >= 8009198) AND (k <= 8009298))

table 6 : explain SELECT k, c FROM sbtest6 WHERE k BETWEEN 8009198 AND 8009298
	Bitmap Heap Scan on sbtest6  (cost=5.51..421.19 rows=105 width=125)
	  Recheck Cond: ((k >= 8009198) AND (k <= 8009298))
	  ->  Bitmap Index Scan on k_6  (cost=0.00..5.48 rows=105 width=0)
	        Index Cond: ((k >= 8009198) AND (k <= 8009298))

table 7 : explain SELECT k, c FROM sbtest7 WHERE k BETWEEN 8009198 AND 8009298
	Bitmap Heap Scan on sbtest7  (cost=5.46..401.52 rows=100 width=125)
	  Recheck Cond: ((k >= 8009198) AND (k <= 8009298))
	  ->  Bitmap Index Scan on k_7  (cost=0.00..5.43 rows=100 width=0)
	        Index Cond: ((k >= 8009198) AND (k <= 8009298))

table 8 : explain SELECT k, c FROM sbtest8 WHERE k BETWEEN 8009198 AND 8009298
	Bitmap Heap Scan on sbtest8  (cost=5.47..405.46 rows=101 width=125)
	  Recheck Cond: ((k >= 8009198) AND (k <= 8009298))
	  ->  Bitmap Index Scan on k_8  (cost=0.00..5.44 rows=101 width=0)
	        Index Cond: ((k >= 8009198) AND (k <= 8009298))

for range-notcovered
table 1 : explain SELECT k, c FROM sbtest1 WHERE k BETWEEN 4268992 AND 4269092
	Bitmap Heap Scan on sbtest1  (cost=5.46..401.48 rows=100 width=125)
	  Recheck Cond: ((k >= 4268992) AND (k <= 4269092))
	  ->  Bitmap Index Scan on k_1  (cost=0.00..5.43 rows=100 width=0)
	        Index Cond: ((k >= 4268992) AND (k <= 4269092))

table 2 : explain SELECT k, c FROM sbtest2 WHERE k BETWEEN 4268992 AND 4269092
	Bitmap Heap Scan on sbtest2  (cost=5.48..409.35 rows=102 width=125)
	  Recheck Cond: ((k >= 4268992) AND (k <= 4269092))
	  ->  Bitmap Index Scan on k_2  (cost=0.00..5.45 rows=102 width=0)
	        Index Cond: ((k >= 4268992) AND (k <= 4269092))

table 3 : explain SELECT k, c FROM sbtest3 WHERE k BETWEEN 4268992 AND 4269092
	Bitmap Heap Scan on sbtest3  (cost=5.45..397.53 rows=99 width=125)
	  Recheck Cond: ((k >= 4268992) AND (k <= 4269092))
	  ->  Bitmap Index Scan on k_3  (cost=0.00..5.42 rows=99 width=0)
	        Index Cond: ((k >= 4268992) AND (k <= 4269092))

table 4 : explain SELECT k, c FROM sbtest4 WHERE k BETWEEN 4268992 AND 4269092
	Bitmap Heap Scan on sbtest4  (cost=5.51..421.18 rows=105 width=125)
	  Recheck Cond: ((k >= 4268992) AND (k <= 4269092))
	  ->  Bitmap Index Scan on k_4  (cost=0.00..5.48 rows=105 width=0)
	        Index Cond: ((k >= 4268992) AND (k <= 4269092))

table 5 : explain SELECT k, c FROM sbtest5 WHERE k BETWEEN 4268992 AND 4269092
	Bitmap Heap Scan on sbtest5  (cost=5.51..421.23 rows=105 width=125)
	  Recheck Cond: ((k >= 4268992) AND (k <= 4269092))
	  ->  Bitmap Index Scan on k_5  (cost=0.00..5.48 rows=105 width=0)
	        Index Cond: ((k >= 4268992) AND (k <= 4269092))

table 6 : explain SELECT k, c FROM sbtest6 WHERE k BETWEEN 4268992 AND 4269092
	Bitmap Heap Scan on sbtest6  (cost=5.50..417.25 rows=104 width=125)
	  Recheck Cond: ((k >= 4268992) AND (k <= 4269092))
	  ->  Bitmap Index Scan on k_6  (cost=0.00..5.47 rows=104 width=0)
	        Index Cond: ((k >= 4268992) AND (k <= 4269092))

table 7 : explain SELECT k, c FROM sbtest7 WHERE k BETWEEN 4268992 AND 4269092
	Bitmap Heap Scan on sbtest7  (cost=5.40..377.85 rows=94 width=125)
	  Recheck Cond: ((k >= 4268992) AND (k <= 4269092))
	  ->  Bitmap Index Scan on k_7  (cost=0.00..5.38 rows=94 width=0)
	        Index Cond: ((k >= 4268992) AND (k <= 4269092))

table 8 : explain SELECT k, c FROM sbtest8 WHERE k BETWEEN 4268992 AND 4269092
	Bitmap Heap Scan on sbtest8  (cost=5.38..369.95 rows=92 width=125)
	  Recheck Cond: ((k >= 4268992) AND (k <= 4269092))
	  ->  Bitmap Index Scan on k_8  (cost=0.00..5.35 rows=92 width=0)
	        Index Cond: ((k >= 4268992) AND (k <= 4269092))

for range-notcovered
table 1 : explain SELECT k, c FROM sbtest1 WHERE k BETWEEN 4170423 AND 4170523
	Bitmap Heap Scan on sbtest1  (cost=5.44..393.59 rows=98 width=125)
	  Recheck Cond: ((k >= 4170423) AND (k <= 4170523))
	  ->  Bitmap Index Scan on k_1  (cost=0.00..5.42 rows=98 width=0)
	        Index Cond: ((k >= 4170423) AND (k <= 4170523))

table 2 : explain SELECT k, c FROM sbtest2 WHERE k BETWEEN 4170423 AND 4170523
	Bitmap Heap Scan on sbtest2  (cost=5.56..440.88 rows=110 width=125)
	  Recheck Cond: ((k >= 4170423) AND (k <= 4170523))
	  ->  Bitmap Index Scan on k_2  (cost=0.00..5.53 rows=110 width=0)
	        Index Cond: ((k >= 4170423) AND (k <= 4170523))

table 3 : explain SELECT k, c FROM sbtest3 WHERE k BETWEEN 4170423 AND 4170523
	Bitmap Heap Scan on sbtest3  (cost=5.48..409.36 rows=102 width=125)
	  Recheck Cond: ((k >= 4170423) AND (k <= 4170523))
	  ->  Bitmap Index Scan on k_3  (cost=0.00..5.45 rows=102 width=0)
	        Index Cond: ((k >= 4170423) AND (k <= 4170523))

table 4 : explain SELECT k, c FROM sbtest4 WHERE k BETWEEN 4170423 AND 4170523
	Bitmap Heap Scan on sbtest4  (cost=5.49..413.30 rows=103 width=125)
	  Recheck Cond: ((k >= 4170423) AND (k <= 4170523))
	  ->  Bitmap Index Scan on k_4  (cost=0.00..5.46 rows=103 width=0)
	        Index Cond: ((k >= 4170423) AND (k <= 4170523))

table 5 : explain SELECT k, c FROM sbtest5 WHERE k BETWEEN 4170423 AND 4170523
	Bitmap Heap Scan on sbtest5  (cost=5.41..381.79 rows=95 width=125)
	  Recheck Cond: ((k >= 4170423) AND (k <= 4170523))
	  ->  Bitmap Index Scan on k_5  (cost=0.00..5.38 rows=95 width=0)
	        Index Cond: ((k >= 4170423) AND (k <= 4170523))

table 6 : explain SELECT k, c FROM sbtest6 WHERE k BETWEEN 4170423 AND 4170523
	Bitmap Heap Scan on sbtest6  (cost=5.57..444.83 rows=111 width=125)
	  Recheck Cond: ((k >= 4170423) AND (k <= 4170523))
	  ->  Bitmap Index Scan on k_6  (cost=0.00..5.54 rows=111 width=0)
	        Index Cond: ((k >= 4170423) AND (k <= 4170523))

table 7 : explain SELECT k, c FROM sbtest7 WHERE k BETWEEN 4170423 AND 4170523
	Bitmap Heap Scan on sbtest7  (cost=5.50..417.29 rows=104 width=125)
	  Recheck Cond: ((k >= 4170423) AND (k <= 4170523))
	  ->  Bitmap Index Scan on k_7  (cost=0.00..5.47 rows=104 width=0)
	        Index Cond: ((k >= 4170423) AND (k <= 4170523))

table 8 : explain SELECT k, c FROM sbtest8 WHERE k BETWEEN 4170423 AND 4170523
	Bitmap Heap Scan on sbtest8  (cost=5.47..405.46 rows=101 width=125)
	  Recheck Cond: ((k >= 4170423) AND (k <= 4170523))
	  ->  Bitmap Index Scan on k_8  (cost=0.00..5.44 rows=101 width=0)
	        Index Cond: ((k >= 4170423) AND (k <= 4170523))

for range-notcovered
table 1 : explain SELECT k, c FROM sbtest1 WHERE k BETWEEN 2951443 AND 2951543
	Bitmap Heap Scan on sbtest1  (cost=5.48..409.36 rows=102 width=125)
	  Recheck Cond: ((k >= 2951443) AND (k <= 2951543))
	  ->  Bitmap Index Scan on k_1  (cost=0.00..5.45 rows=102 width=0)
	        Index Cond: ((k >= 2951443) AND (k <= 2951543))

table 2 : explain SELECT k, c FROM sbtest2 WHERE k BETWEEN 2951443 AND 2951543
	Bitmap Heap Scan on sbtest2  (cost=5.47..405.41 rows=101 width=125)
	  Recheck Cond: ((k >= 2951443) AND (k <= 2951543))
	  ->  Bitmap Index Scan on k_2  (cost=0.00..5.44 rows=101 width=0)
	        Index Cond: ((k >= 2951443) AND (k <= 2951543))

table 3 : explain SELECT k, c FROM sbtest3 WHERE k BETWEEN 2951443 AND 2951543
	Bitmap Heap Scan on sbtest3  (cost=5.46..401.47 rows=100 width=125)
	  Recheck Cond: ((k >= 2951443) AND (k <= 2951543))
	  ->  Bitmap Index Scan on k_3  (cost=0.00..5.43 rows=100 width=0)
	        Index Cond: ((k >= 2951443) AND (k <= 2951543))

table 4 : explain SELECT k, c FROM sbtest4 WHERE k BETWEEN 2951443 AND 2951543
	Bitmap Heap Scan on sbtest4  (cost=5.54..433.00 rows=108 width=125)
	  Recheck Cond: ((k >= 2951443) AND (k <= 2951543))
	  ->  Bitmap Index Scan on k_4  (cost=0.00..5.51 rows=108 width=0)
	        Index Cond: ((k >= 2951443) AND (k <= 2951543))

table 5 : explain SELECT k, c FROM sbtest5 WHERE k BETWEEN 2951443 AND 2951543
	Bitmap Heap Scan on sbtest5  (cost=5.50..417.28 rows=104 width=125)
	  Recheck Cond: ((k >= 2951443) AND (k <= 2951543))
	  ->  Bitmap Index Scan on k_5  (cost=0.00..5.47 rows=104 width=0)
	        Index Cond: ((k >= 2951443) AND (k <= 2951543))

table 6 : explain SELECT k, c FROM sbtest6 WHERE k BETWEEN 2951443 AND 2951543
	Bitmap Heap Scan on sbtest6  (cost=5.49..413.31 rows=103 width=125)
	  Recheck Cond: ((k >= 2951443) AND (k <= 2951543))
	  ->  Bitmap Index Scan on k_6  (cost=0.00..5.46 rows=103 width=0)
	        Index Cond: ((k >= 2951443) AND (k <= 2951543))

table 7 : explain SELECT k, c FROM sbtest7 WHERE k BETWEEN 2951443 AND 2951543
	Bitmap Heap Scan on sbtest7  (cost=5.46..401.52 rows=100 width=125)
	  Recheck Cond: ((k >= 2951443) AND (k <= 2951543))
	  ->  Bitmap Index Scan on k_7  (cost=0.00..5.43 rows=100 width=0)
	        Index Cond: ((k >= 2951443) AND (k <= 2951543))

table 8 : explain SELECT k, c FROM sbtest8 WHERE k BETWEEN 2951443 AND 2951543
	Bitmap Heap Scan on sbtest8  (cost=5.39..373.90 rows=93 width=125)
	  Recheck Cond: ((k >= 2951443) AND (k <= 2951543))
	  ->  Bitmap Index Scan on k_8  (cost=0.00..5.36 rows=93 width=0)
	        Index Cond: ((k >= 2951443) AND (k <= 2951543))

explain: for range-notcovered :: explain SELECT k, c FROM sbtest%d WHERE k BETWEEN 6877552 AND 6877652
explain: for range-notcovered :: explain SELECT k, c FROM sbtest%d WHERE k BETWEEN 5027797 AND 5027897
for range-notcovered
table 1 : explain SELECT k, c FROM sbtest1 WHERE k BETWEEN 4461436 AND 4461536
	Bitmap Heap Scan on sbtest1  (cost=5.52..425.13 rows=106 width=125)
	  Recheck Cond: ((k >= 4461436) AND (k <= 4461536))
	  ->  Bitmap Index Scan on k_1  (cost=0.00..5.50 rows=106 width=0)
	        Index Cond: ((k >= 4461436) AND (k <= 4461536))

table 2 : explain SELECT k, c FROM sbtest2 WHERE k BETWEEN 4461436 AND 4461536
	Bitmap Heap Scan on sbtest2  (cost=5.50..417.24 rows=104 width=125)
	  Recheck Cond: ((k >= 4461436) AND (k <= 4461536))
	  ->  Bitmap Index Scan on k_2  (cost=0.00..5.47 rows=104 width=0)
	        Index Cond: ((k >= 4461436) AND (k <= 4461536))

table 3 : explain SELECT k, c FROM sbtest3 WHERE k BETWEEN 4461436 AND 4461536
	Bitmap Heap Scan on sbtest3  (cost=5.43..389.64 rows=97 width=125)
	  Recheck Cond: ((k >= 4461436) AND (k <= 4461536))
	  ->  Bitmap Index Scan on k_3  (cost=0.00..5.40 rows=97 width=0)
	        Index Cond: ((k >= 4461436) AND (k <= 4461536))

table 4 : explain SELECT k, c FROM sbtest4 WHERE k BETWEEN 4461436 AND 4461536
	Bitmap Heap Scan on sbtest4  (cost=5.37..365.97 rows=91 width=125)
	  Recheck Cond: ((k >= 4461436) AND (k <= 4461536))
	  ->  Bitmap Index Scan on k_4  (cost=0.00..5.34 rows=91 width=0)
	        Index Cond: ((k >= 4461436) AND (k <= 4461536))

table 5 : explain SELECT k, c FROM sbtest5 WHERE k BETWEEN 4461436 AND 4461536
	Bitmap Heap Scan on sbtest5  (cost=5.47..405.46 rows=101 width=125)
	  Recheck Cond: ((k >= 4461436) AND (k <= 4461536))
	  ->  Bitmap Index Scan on k_5  (cost=0.00..5.44 rows=101 width=0)
	        Index Cond: ((k >= 4461436) AND (k <= 4461536))

table 6 : explain SELECT k, c FROM sbtest6 WHERE k BETWEEN 4461436 AND 4461536
	Bitmap Heap Scan on sbtest6  (cost=5.40..377.82 rows=94 width=125)
	  Recheck Cond: ((k >= 4461436) AND (k <= 4461536))
	  ->  Bitmap Index Scan on k_6  (cost=0.00..5.38 rows=94 width=0)
	        Index Cond: ((k >= 4461436) AND (k <= 4461536))

table 7 : explain SELECT k, c FROM sbtest7 WHERE k BETWEEN 4461436 AND 4461536
	Bitmap Heap Scan on sbtest7  (cost=5.57..444.88 rows=111 width=125)
	  Recheck Cond: ((k >= 4461436) AND (k <= 4461536))
	  ->  Bitmap Index Scan on k_7  (cost=0.00..5.54 rows=111 width=0)
	        Index Cond: ((k >= 4461436) AND (k <= 4461536))

table 8 : explain SELECT k, c FROM sbtest8 WHERE k BETWEEN 4461436 AND 4461536
	Bitmap Heap Scan on sbtest8  (cost=5.40..377.85 rows=94 width=125)
	  Recheck Cond: ((k >= 4461436) AND (k <= 4461536))
	  ->  Bitmap Index Scan on k_8  (cost=0.00..5.38 rows=94 width=0)
	        Index Cond: ((k >= 4461436) AND (k <= 4461536))

for range-notcovered
table 1 : explain SELECT k, c FROM sbtest1 WHERE k BETWEEN 5263201 AND 5263301
	Bitmap Heap Scan on sbtest1  (cost=5.46..401.48 rows=100 width=125)
	  Recheck Cond: ((k >= 5263201) AND (k <= 5263301))
	  ->  Bitmap Index Scan on k_1  (cost=0.00..5.43 rows=100 width=0)
	        Index Cond: ((k >= 5263201) AND (k <= 5263301))

table 2 : explain SELECT k, c FROM sbtest2 WHERE k BETWEEN 5263201 AND 5263301
	Bitmap Heap Scan on sbtest2  (cost=5.58..448.75 rows=112 width=125)
	  Recheck Cond: ((k >= 5263201) AND (k <= 5263301))
	  ->  Bitmap Index Scan on k_2  (cost=0.00..5.55 rows=112 width=0)
	        Index Cond: ((k >= 5263201) AND (k <= 5263301))

table 3 : explain SELECT k, c FROM sbtest3 WHERE k BETWEEN 5263201 AND 5263301
	Bitmap Heap Scan on sbtest3  (cost=5.49..413.30 rows=103 width=125)
	  Recheck Cond: ((k >= 5263201) AND (k <= 5263301))
	  ->  Bitmap Index Scan on k_3  (cost=0.00..5.46 rows=103 width=0)
	        Index Cond: ((k >= 5263201) AND (k <= 5263301))

table 4 : explain SELECT k, c FROM sbtest4 WHERE k BETWEEN 5263201 AND 5263301
	Bitmap Heap Scan on sbtest4  (cost=5.41..381.75 rows=95 width=125)
	  Recheck Cond: ((k >= 5263201) AND (k <= 5263301))
	  ->  Bitmap Index Scan on k_4  (cost=0.00..5.38 rows=95 width=0)
	        Index Cond: ((k >= 5263201) AND (k <= 5263301))

table 5 : explain SELECT k, c FROM sbtest5 WHERE k BETWEEN 5263201 AND 5263301
	Bitmap Heap Scan on sbtest5  (cost=5.55..436.99 rows=109 width=125)
	  Recheck Cond: ((k >= 5263201) AND (k <= 5263301))
	  ->  Bitmap Index Scan on k_5  (cost=0.00..5.52 rows=109 width=0)
	        Index Cond: ((k >= 5263201) AND (k <= 5263301))

table 6 : explain SELECT k, c FROM sbtest6 WHERE k BETWEEN 5263201 AND 5263301
	Bitmap Heap Scan on sbtest6  (cost=5.51..421.19 rows=105 width=125)
	  Recheck Cond: ((k >= 5263201) AND (k <= 5263301))
	  ->  Bitmap Index Scan on k_6  (cost=0.00..5.48 rows=105 width=0)
	        Index Cond: ((k >= 5263201) AND (k <= 5263301))

table 7 : explain SELECT k, c FROM sbtest7 WHERE k BETWEEN 5263201 AND 5263301
	Bitmap Heap Scan on sbtest7  (cost=5.36..362.06 rows=90 width=125)
	  Recheck Cond: ((k >= 5263201) AND (k <= 5263301))
	  ->  Bitmap Index Scan on k_7  (cost=0.00..5.33 rows=90 width=0)
	        Index Cond: ((k >= 5263201) AND (k <= 5263301))

table 8 : explain SELECT k, c FROM sbtest8 WHERE k BETWEEN 5263201 AND 5263301
	Bitmap Heap Scan on sbtest8  (cost=5.52..425.17 rows=106 width=125)
	  Recheck Cond: ((k >= 5263201) AND (k <= 5263301))
	  ->  Bitmap Index Scan on k_8  (cost=0.00..5.50 rows=106 width=0)
	        Index Cond: ((k >= 5263201) AND (k <= 5263301))

explain: for range-notcovered :: explain SELECT k, c FROM sbtest%d WHERE k BETWEEN 4128757 AND 4128857
explain: for range-notcovered :: explain SELECT k, c FROM sbtest%d WHERE k BETWEEN 4721381 AND 4721481
explain: for range-notcovered :: explain SELECT k, c FROM sbtest%d WHERE k BETWEEN 3027490 AND 3027590explain: for range-notcovered :: explain SELECT k, c FROM sbtest%d WHERE k BETWEEN 8009198 AND 8009298for range-notcovered
table 1 : explain SELECT k, c FROM sbtest1 WHERE k BETWEEN 6165910 AND 6166010
	Bitmap Heap Scan on sbtest1  (cost=5.35..358.08 rows=89 width=125)
	  Recheck Cond: ((k >= 6165910) AND (k <= 6166010))
	  ->  Bitmap Index Scan on k_1  (cost=0.00..5.32 rows=89 width=0)
	        Index Cond: ((k >= 6165910) AND (k <= 6166010))

table 2 : explain SELECT k, c FROM sbtest2 WHERE k BETWEEN 6165910 AND 6166010
	Bitmap Heap Scan on sbtest2  (cost=5.45..397.53 rows=99 width=125)
	  Recheck Cond: ((k >= 6165910) AND (k <= 6166010))
	  ->  Bitmap Index Scan on k_2  (cost=0.00..5.42 rows=99 width=0)
	        Index Cond: ((k >= 6165910) AND (k <= 6166010))

table 3 : explain SELECT k, c FROM sbtest3 WHERE k BETWEEN 6165910 AND 6166010
	Bitmap Heap Scan on sbtest3  (cost=5.53..429.06 rows=107 width=125)
	  Recheck Cond: ((k >= 6165910) AND (k <= 6166010))
	  ->  Bitmap Index Scan on k_3  (cost=0.00..5.50 rows=107 width=0)
	        Index Cond: ((k >= 6165910) AND (k <= 6166010))

table 4 : explain SELECT k, c FROM sbtest4 WHERE k BETWEEN 6165910 AND 6166010
	Bitmap Heap Scan on sbtest4  (cost=5.48..409.35 rows=102 width=125)
	  Recheck Cond: ((k >= 6165910) AND (k <= 6166010))
	  ->  Bitmap Index Scan on k_4  (cost=0.00..5.45 rows=102 width=0)
	        Index Cond: ((k >= 6165910) AND (k <= 6166010))

table 5 : explain SELECT k, c FROM sbtest5 WHERE k BETWEEN 6165910 AND 6166010
	Bitmap Heap Scan on sbtest5  (cost=5.46..401.51 rows=100 width=125)
	  Recheck Cond: ((k >= 6165910) AND (k <= 6166010))
	  ->  Bitmap Index Scan on k_5  (cost=0.00..5.43 rows=100 width=0)
	        Index Cond: ((k >= 6165910) AND (k <= 6166010))

table 6 : explain SELECT k, c FROM sbtest6 WHERE k BETWEEN 6165910 AND 6166010
	Bitmap Heap Scan on sbtest6  (cost=5.42..385.71 rows=96 width=125)
	  Recheck Cond: ((k >= 6165910) AND (k <= 6166010))
	  ->  Bitmap Index Scan on k_6  (cost=0.00..5.39 rows=96 width=0)
	        Index Cond: ((k >= 6165910) AND (k <= 6166010))

table 7 : explain SELECT k, c FROM sbtest7 WHERE k BETWEEN 6165910 AND 6166010
	Bitmap Heap Scan on sbtest7  (cost=5.47..405.46 rows=101 width=125)
	  Recheck Cond: ((k >= 6165910) AND (k <= 6166010))
	  ->  Bitmap Index Scan on k_7  (cost=0.00..5.44 rows=101 width=0)
	        Index Cond: ((k >= 6165910) AND (k <= 6166010))

table 8 : explain SELECT k, c FROM sbtest8 WHERE k BETWEEN 6165910 AND 6166010
	Bitmap Heap Scan on sbtest8  (cost=5.53..429.11 rows=107 width=125)
	  Recheck Cond: ((k >= 6165910) AND (k <= 6166010))
	  ->  Bitmap Index Scan on k_8  (cost=0.00..5.50 rows=107 width=0)
	        Index Cond: ((k >= 6165910) AND (k <= 6166010))
for range-notcovered
table 1 : explain SELECT k, c FROM sbtest1 WHERE k BETWEEN 3246183 AND 3246283
	Bitmap Heap Scan on sbtest1  (cost=5.59..452.70 rows=113 width=125)
	  Recheck Cond: ((k >= 3246183) AND (k <= 3246283))
	  ->  Bitmap Index Scan on k_1  (cost=0.00..5.56 rows=113 width=0)
	        Index Cond: ((k >= 3246183) AND (k <= 3246283))

table 2 : explain SELECT k, c FROM sbtest2 WHERE k BETWEEN 3246183 AND 3246283
	Bitmap Heap Scan on sbtest2  (cost=5.44..393.58 rows=98 width=125)
	  Recheck Cond: ((k >= 3246183) AND (k <= 3246283))
	  ->  Bitmap Index Scan on k_2  (cost=0.00..5.42 rows=98 width=0)
	        Index Cond: ((k >= 3246183) AND (k <= 3246283))

table 3 : explain SELECT k, c FROM sbtest3 WHERE k BETWEEN 3246183 AND 3246283
	Bitmap Heap Scan on sbtest3  (cost=5.53..429.06 rows=107 width=125)
	  Recheck Cond: ((k >= 3246183) AND (k <= 3246283))
	  ->  Bitmap Index Scan on k_3  (cost=0.00..5.50 rows=107 width=0)
	        Index Cond: ((k >= 3246183) AND (k <= 3246283))

table 4 : explain SELECT k, c FROM sbtest4 WHERE k BETWEEN 3246183 AND 3246283
	Bitmap Heap Scan on sbtest4  (cost=5.50..417.24 rows=104 width=125)
	  Recheck Cond: ((k >= 3246183) AND (k <= 3246283))
	  ->  Bitmap Index Scan on k_4  (cost=0.00..5.47 rows=104 width=0)
	        Index Cond: ((k >= 3246183) AND (k <= 3246283))

table 5 : explain SELECT k, c FROM sbtest5 WHERE k BETWEEN 3246183 AND 3246283
	Bitmap Heap Scan on sbtest5  (cost=5.43..389.68 rows=97 width=125)
	  Recheck Cond: ((k >= 3246183) AND (k <= 3246283))
	  ->  Bitmap Index Scan on k_5  (cost=0.00..5.40 rows=97 width=0)
	        Index Cond: ((k >= 3246183) AND (k <= 3246283))

table 6 : explain SELECT k, c FROM sbtest6 WHERE k BETWEEN 3246183 AND 3246283
	Bitmap Heap Scan on sbtest6  (cost=5.38..369.93 rows=92 width=125)
	  Recheck Cond: ((k >= 3246183) AND (k <= 3246283))
	  ->  Bitmap Index Scan on k_6  (cost=0.00..5.35 rows=92 width=0)
	        Index Cond: ((k >= 3246183) AND (k <= 3246283))

table 7 : explain SELECT k, c FROM sbtest7 WHERE k BETWEEN 3246183 AND 3246283
	Bitmap Heap Scan on sbtest7  (cost=5.51..421.23 rows=105 width=125)
	  Recheck Cond: ((k >= 3246183) AND (k <= 3246283))
	  ->  Bitmap Index Scan on k_7  (cost=0.00..5.48 rows=105 width=0)
	        Index Cond: ((k >= 3246183) AND (k <= 3246283))

table 8 : explain SELECT k, c FROM sbtest8 WHERE k BETWEEN 3246183 AND 3246283
	Bitmap Heap Scan on sbtest8  (cost=5.45..397.57 rows=99 width=125)
	  Recheck Cond: ((k >= 3246183) AND (k <= 3246283))
	  ->  Bitmap Index Scan on k_8  (cost=0.00..5.42 rows=99 width=0)
	        Index Cond: ((k >= 3246183) AND (k <= 3246283))

explain: for range-notcovered :: explain SELECT k, c FROM sbtest%d WHERE k BETWEEN 4268992 AND 4269092
explain: for range-notcovered :: explain SELECT k, c FROM sbtest%d WHERE k BETWEEN 2353440 AND 2353540
explain: for range-notcovered :: explain SELECT k, c FROM sbtest%d WHERE k BETWEEN 3062718 AND 3062818
for range-notcovered
table 1 : explain SELECT k, c FROM sbtest1 WHERE k BETWEEN 5954040 AND 5954140
	Bitmap Heap Scan on sbtest1  (cost=5.48..409.36 rows=102 width=125)
	  Recheck Cond: ((k >= 5954040) AND (k <= 5954140))
	  ->  Bitmap Index Scan on k_1  (cost=0.00..5.45 rows=102 width=0)
	        Index Cond: ((k >= 5954040) AND (k <= 5954140))

table 2 : explain SELECT k, c FROM sbtest2 WHERE k BETWEEN 5954040 AND 5954140
	Bitmap Heap Scan on sbtest2  (cost=5.52..425.12 rows=106 width=125)
	  Recheck Cond: ((k >= 5954040) AND (k <= 5954140))
	  ->  Bitmap Index Scan on k_2  (cost=0.00..5.50 rows=106 width=0)
	        Index Cond: ((k >= 5954040) AND (k <= 5954140))

table 3 : explain SELECT k, c FROM sbtest3 WHERE k BETWEEN 5954040 AND 5954140
	Bitmap Heap Scan on sbtest3  (cost=5.44..393.58 rows=98 width=125)
	  Recheck Cond: ((k >= 5954040) AND (k <= 5954140))
	  ->  Bitmap Index Scan on k_3  (cost=0.00..5.42 rows=98 width=0)
	        Index Cond: ((k >= 5954040) AND (k <= 5954140))

table 4 : explain SELECT k, c FROM sbtest4 WHERE k BETWEEN 5954040 AND 5954140
	Bitmap Heap Scan on sbtest4  (cost=5.48..409.35 rows=102 width=125)
	  Recheck Cond: ((k >= 5954040) AND (k <= 5954140))
	  ->  Bitmap Index Scan on k_4  (cost=0.00..5.45 rows=102 width=0)
	        Index Cond: ((k >= 5954040) AND (k <= 5954140))

table 5 : explain SELECT k, c FROM sbtest5 WHERE k BETWEEN 5954040 AND 5954140
	Bitmap Heap Scan on sbtest5  (cost=5.51..421.23 rows=105 width=125)
	  Recheck Cond: ((k >= 5954040) AND (k <= 5954140))
	  ->  Bitmap Index Scan on k_5  (cost=0.00..5.48 rows=105 width=0)
	        Index Cond: ((k >= 5954040) AND (k <= 5954140))

table 6 : explain SELECT k, c FROM sbtest6 WHERE k BETWEEN 5954040 AND 5954140
	Bitmap Heap Scan on sbtest6  (cost=5.44..393.60 rows=98 width=125)
	  Recheck Cond: ((k >= 5954040) AND (k <= 5954140))
	  ->  Bitmap Index Scan on k_6  (cost=0.00..5.42 rows=98 width=0)
	        Index Cond: ((k >= 5954040) AND (k <= 5954140))

table 7 : explain SELECT k, c FROM sbtest7 WHERE k BETWEEN 5954040 AND 5954140
	Bitmap Heap Scan on sbtest7  (cost=5.68..484.25 rows=121 width=125)
	  Recheck Cond: ((k >= 5954040) AND (k <= 5954140))
	  ->  Bitmap Index Scan on k_7  (cost=0.00..5.64 rows=121 width=0)
	        Index Cond: ((k >= 5954040) AND (k <= 5954140))

table 8 : explain SELECT k, c FROM sbtest8 WHERE k BETWEEN 5954040 AND 5954140
	Bitmap Heap Scan on sbtest8  (cost=5.52..425.17 rows=106 width=125)
	  Recheck Cond: ((k >= 5954040) AND (k <= 5954140))
	  ->  Bitmap Index Scan on k_8  (cost=0.00..5.50 rows=106 width=0)
	        Index Cond: ((k >= 5954040) AND (k <= 5954140))

explain: for range-notcovered :: explain SELECT k, c FROM sbtest%d WHERE k BETWEEN 3246183 AND 3246283explain: for range-notcovered :: explain SELECT k, c FROM sbtest%d WHERE k BETWEEN 5263201 AND 5263301


for range-notcovered
table 1 : explain SELECT k, c FROM sbtest1 WHERE k BETWEEN 7081738 AND 7081838
	Bitmap Heap Scan on sbtest1  (cost=5.53..429.07 rows=107 width=125)
	  Recheck Cond: ((k >= 7081738) AND (k <= 7081838))
	  ->  Bitmap Index Scan on k_1  (cost=0.00..5.50 rows=107 width=0)
	        Index Cond: ((k >= 7081738) AND (k <= 7081838))

table 2 : explain SELECT k, c FROM sbtest2 WHERE k BETWEEN 7081738 AND 7081838
	Bitmap Heap Scan on sbtest2  (cost=5.46..401.47 rows=100 width=125)
	  Recheck Cond: ((k >= 7081738) AND (k <= 7081838))
	  ->  Bitmap Index Scan on k_2  (cost=0.00..5.43 rows=100 width=0)
	        Index Cond: ((k >= 7081738) AND (k <= 7081838))

table 3 : explain SELECT k, c FROM sbtest3 WHERE k BETWEEN 7081738 AND 7081838
	Bitmap Heap Scan on sbtest3  (cost=5.63..468.44 rows=117 width=125)
	  Recheck Cond: ((k >= 7081738) AND (k <= 7081838))
	  ->  Bitmap Index Scan on k_3  (cost=0.00..5.60 rows=117 width=0)
	        Index Cond: ((k >= 7081738) AND (k <= 7081838))

table 4 : explain SELECT k, c FROM sbtest4 WHERE k BETWEEN 7081738 AND 7081838
	Bitmap Heap Scan on sbtest4  (cost=5.60..456.63 rows=114 width=125)
	  Recheck Cond: ((k >= 7081738) AND (k <= 7081838))
	  ->  Bitmap Index Scan on k_4  (cost=0.00..5.58 rows=114 width=0)
	        Index Cond: ((k >= 7081738) AND (k <= 7081838))

table 5 : explain SELECT k, c FROM sbtest5 WHERE k BETWEEN 7081738 AND 7081838
	Bitmap Heap Scan on sbtest5  (cost=5.45..397.57 rows=99 width=125)
	  Recheck Cond: ((k >= 7081738) AND (k <= 7081838))
	  ->  Bitmap Index Scan on k_5  (cost=0.00..5.42 rows=99 width=0)
	        Index Cond: ((k >= 7081738) AND (k <= 7081838))

table 6 : explain SELECT k, c FROM sbtest6 WHERE k BETWEEN 7081738 AND 7081838
	Bitmap Heap Scan on sbtest6  (cost=5.40..377.82 rows=94 width=125)
	  Recheck Cond: ((k >= 7081738) AND (k <= 7081838))
	  ->  Bitmap Index Scan on k_6  (cost=0.00..5.38 rows=94 width=0)
	        Index Cond: ((k >= 7081738) AND (k <= 7081838))

table 7 : explain SELECT k, c FROM sbtest7 WHERE k BETWEEN 7081738 AND 7081838
	Bitmap Heap Scan on sbtest7  (cost=5.52..425.17 rows=106 width=125)
	  Recheck Cond: ((k >= 7081738) AND (k <= 7081838))
	  ->  Bitmap Index Scan on k_7  (cost=0.00..5.50 rows=106 width=0)
	        Index Cond: ((k >= 7081738) AND (k <= 7081838))

table 8 : explain SELECT k, c FROM sbtest8 WHERE k BETWEEN 7081738 AND 7081838
	Bitmap Heap Scan on sbtest8  (cost=5.36..362.06 rows=90 width=125)
	  Recheck Cond: ((k >= 7081738) AND (k <= 7081838))
	  ->  Bitmap Index Scan on k_8  (cost=0.00..5.33 rows=90 width=0)
	        Index Cond: ((k >= 7081738) AND (k <= 7081838))

for range-notcovered
table 1 : explain SELECT k, c FROM sbtest1 WHERE k BETWEEN 843739 AND 843839
	Bitmap Heap Scan on sbtest1  (cost=5.52..425.13 rows=106 width=125)
	  Recheck Cond: ((k >= 843739) AND (k <= 843839))
	  ->  Bitmap Index Scan on k_1  (cost=0.00..5.50 rows=106 width=0)
	        Index Cond: ((k >= 843739) AND (k <= 843839))

table 2 : explain SELECT k, c FROM sbtest2 WHERE k BETWEEN 843739 AND 843839
	Bitmap Heap Scan on sbtest2  (cost=5.51..421.18 rows=105 width=125)
	  Recheck Cond: ((k >= 843739) AND (k <= 843839))
	  ->  Bitmap Index Scan on k_2  (cost=0.00..5.48 rows=105 width=0)
	        Index Cond: ((k >= 843739) AND (k <= 843839))

table 3 : explain SELECT k, c FROM sbtest3 WHERE k BETWEEN 843739 AND 843839
	Bitmap Heap Scan on sbtest3  (cost=5.47..405.41 rows=101 width=125)
	  Recheck Cond: ((k >= 843739) AND (k <= 843839))
	  ->  Bitmap Index Scan on k_3  (cost=0.00..5.44 rows=101 width=0)
	        Index Cond: ((k >= 843739) AND (k <= 843839))

table 4 : explain SELECT k, c FROM sbtest4 WHERE k BETWEEN 843739 AND 843839
	Bitmap Heap Scan on sbtest4  (cost=5.54..433.00 rows=108 width=125)
	  Recheck Cond: ((k >= 843739) AND (k <= 843839))
	  ->  Bitmap Index Scan on k_4  (cost=0.00..5.51 rows=108 width=0)
	        Index Cond: ((k >= 843739) AND (k <= 843839))

table 5 : explain SELECT k, c FROM sbtest5 WHERE k BETWEEN 843739 AND 843839
	Bitmap Heap Scan on sbtest5  (cost=5.44..393.62 rows=98 width=125)
	  Recheck Cond: ((k >= 843739) AND (k <= 843839))
	  ->  Bitmap Index Scan on k_5  (cost=0.00..5.42 rows=98 width=0)
	        Index Cond: ((k >= 843739) AND (k <= 843839))

table 6 : explain SELECT k, c FROM sbtest6 WHERE k BETWEEN 843739 AND 843839
	Bitmap Heap Scan on sbtest6  (cost=5.52..425.14 rows=106 width=125)
	  Recheck Cond: ((k >= 843739) AND (k <= 843839))
	  ->  Bitmap Index Scan on k_6  (cost=0.00..5.50 rows=106 width=0)
	        Index Cond: ((k >= 843739) AND (k <= 843839))

table 7 : explain SELECT k, c FROM sbtest7 WHERE k BETWEEN 843739 AND 843839
	Bitmap Heap Scan on sbtest7  (cost=5.53..429.12 rows=107 width=125)
	  Recheck Cond: ((k >= 843739) AND (k <= 843839))
	  ->  Bitmap Index Scan on k_7  (cost=0.00..5.50 rows=107 width=0)
	        Index Cond: ((k >= 843739) AND (k <= 843839))

table 8 : explain SELECT k, c FROM sbtest8 WHERE k BETWEEN 843739 AND 843839
	Bitmap Heap Scan on sbtest8  (cost=5.49..413.34 rows=103 width=125)
	  Recheck Cond: ((k >= 843739) AND (k <= 843839))
	  ->  Bitmap Index Scan on k_8  (cost=0.00..5.46 rows=103 width=0)
	        Index Cond: ((k >= 843739) AND (k <= 843839))
explain: for range-notcovered :: explain SELECT k, c FROM sbtest%d WHERE k BETWEEN 5954040 AND 5954140
for range-notcovered
table 1 : explain SELECT k, c FROM sbtest1 WHERE k BETWEEN 2369435 AND 2369535
	Bitmap Heap Scan on sbtest1  (cost=5.50..417.24 rows=104 width=125)
	  Recheck Cond: ((k >= 2369435) AND (k <= 2369535))
	  ->  Bitmap Index Scan on k_1  (cost=0.00..5.47 rows=104 width=0)
	        Index Cond: ((k >= 2369435) AND (k <= 2369535))

table 2 : explain SELECT k, c FROM sbtest2 WHERE k BETWEEN 2369435 AND 2369535
	Bitmap Heap Scan on sbtest2  (cost=5.41..381.75 rows=95 width=125)
	  Recheck Cond: ((k >= 2369435) AND (k <= 2369535))
	  ->  Bitmap Index Scan on k_2  (cost=0.00..5.38 rows=95 width=0)
	        Index Cond: ((k >= 2369435) AND (k <= 2369535))

table 3 : explain SELECT k, c FROM sbtest3 WHERE k BETWEEN 2369435 AND 2369535
	Bitmap Heap Scan on sbtest3  (cost=5.57..444.82 rows=111 width=125)
	  Recheck Cond: ((k >= 2369435) AND (k <= 2369535))
	  ->  Bitmap Index Scan on k_3  (cost=0.00..5.54 rows=111 width=0)
	        Index Cond: ((k >= 2369435) AND (k <= 2369535))

table 4 : explain SELECT k, c FROM sbtest4 WHERE k BETWEEN 2369435 AND 2369535
	Bitmap Heap Scan on sbtest4  (cost=5.55..436.94 rows=109 width=125)
	  Recheck Cond: ((k >= 2369435) AND (k <= 2369535))
	  ->  Bitmap Index Scan on k_4  (cost=0.00..5.52 rows=109 width=0)
	        Index Cond: ((k >= 2369435) AND (k <= 2369535))

table 5 : explain SELECT k, c FROM sbtest5 WHERE k BETWEEN 2369435 AND 2369535
	Bitmap Heap Scan on sbtest5  (cost=5.42..385.74 rows=96 width=125)
	  Recheck Cond: ((k >= 2369435) AND (k <= 2369535))
	  ->  Bitmap Index Scan on k_5  (cost=0.00..5.39 rows=96 width=0)
	        Index Cond: ((k >= 2369435) AND (k <= 2369535))

table 6 : explain SELECT k, c FROM sbtest6 WHERE k BETWEEN 2369435 AND 2369535
	Bitmap Heap Scan on sbtest6  (cost=5.45..397.54 rows=99 width=125)
	  Recheck Cond: ((k >= 2369435) AND (k <= 2369535))
	  ->  Bitmap Index Scan on k_6  (cost=0.00..5.42 rows=99 width=0)
	        Index Cond: ((k >= 2369435) AND (k <= 2369535))

table 7 : explain SELECT k, c FROM sbtest7 WHERE k BETWEEN 2369435 AND 2369535
	Bitmap Heap Scan on sbtest7  (cost=5.56..440.94 rows=110 width=125)
	  Recheck Cond: ((k >= 2369435) AND (k <= 2369535))
	  ->  Bitmap Index Scan on k_7  (cost=0.00..5.53 rows=110 width=0)
	        Index Cond: ((k >= 2369435) AND (k <= 2369535))

table 8 : explain SELECT k, c FROM sbtest8 WHERE k BETWEEN 2369435 AND 2369535
	Bitmap Heap Scan on sbtest8  (cost=5.49..413.34 rows=103 width=125)
	  Recheck Cond: ((k >= 2369435) AND (k <= 2369535))
	  ->  Bitmap Index Scan on k_8  (cost=0.00..5.46 rows=103 width=0)
	        Index Cond: ((k >= 2369435) AND (k <= 2369535))

explain: for range-notcovered :: explain SELECT k, c FROM sbtest%d WHERE k BETWEEN 4170423 AND 4170523
for range-notcovered
table 1 : explain SELECT k, c FROM sbtest1 WHERE k BETWEEN 5254425 AND 5254525
	Bitmap Heap Scan on sbtest1  (cost=5.46..401.48 rows=100 width=125)
	  Recheck Cond: ((k >= 5254425) AND (k <= 5254525))
	  ->  Bitmap Index Scan on k_1  (cost=0.00..5.43 rows=100 width=0)
	        Index Cond: ((k >= 5254425) AND (k <= 5254525))

table 2 : explain SELECT k, c FROM sbtest2 WHERE k BETWEEN 5254425 AND 5254525
	Bitmap Heap Scan on sbtest2  (cost=5.58..448.75 rows=112 width=125)
	  Recheck Cond: ((k >= 5254425) AND (k <= 5254525))
	  ->  Bitmap Index Scan on k_2  (cost=0.00..5.55 rows=112 width=0)
	        Index Cond: ((k >= 5254425) AND (k <= 5254525))

table 3 : explain SELECT k, c FROM sbtest3 WHERE k BETWEEN 5254425 AND 5254525
	Bitmap Heap Scan on sbtest3  (cost=5.49..413.30 rows=103 width=125)
	  Recheck Cond: ((k >= 5254425) AND (k <= 5254525))
	  ->  Bitmap Index Scan on k_3  (cost=0.00..5.46 rows=103 width=0)
	        Index Cond: ((k >= 5254425) AND (k <= 5254525))

table 4 : explain SELECT k, c FROM sbtest4 WHERE k BETWEEN 5254425 AND 5254525
	Bitmap Heap Scan on sbtest4  (cost=5.41..381.75 rows=95 width=125)
	  Recheck Cond: ((k >= 5254425) AND (k <= 5254525))
	  ->  Bitmap Index Scan on k_4  (cost=0.00..5.38 rows=95 width=0)
	        Index Cond: ((k >= 5254425) AND (k <= 5254525))

table 5 : explain SELECT k, c FROM sbtest5 WHERE k BETWEEN 5254425 AND 5254525
	Bitmap Heap Scan on sbtest5  (cost=5.55..436.99 rows=109 width=125)
	  Recheck Cond: ((k >= 5254425) AND (k <= 5254525))
	  ->  Bitmap Index Scan on k_5  (cost=0.00..5.52 rows=109 width=0)
	        Index Cond: ((k >= 5254425) AND (k <= 5254525))

table 6 : explain SELECT k, c FROM sbtest6 WHERE k BETWEEN 5254425 AND 5254525
	Bitmap Heap Scan on sbtest6  (cost=5.51..421.19 rows=105 width=125)
	  Recheck Cond: ((k >= 5254425) AND (k <= 5254525))
	  ->  Bitmap Index Scan on k_6  (cost=0.00..5.48 rows=105 width=0)
	        Index Cond: ((k >= 5254425) AND (k <= 5254525))

table 7 : explain SELECT k, c FROM sbtest7 WHERE k BETWEEN 5254425 AND 5254525
	Bitmap Heap Scan on sbtest7  (cost=5.36..362.06 rows=90 width=125)
	  Recheck Cond: ((k >= 5254425) AND (k <= 5254525))
	  ->  Bitmap Index Scan on k_7  (cost=0.00..5.33 rows=90 width=0)
	        Index Cond: ((k >= 5254425) AND (k <= 5254525))

table 8 : explain SELECT k, c FROM sbtest8 WHERE k BETWEEN 5254425 AND 5254525
	Bitmap Heap Scan on sbtest8  (cost=5.52..425.17 rows=106 width=125)
	  Recheck Cond: ((k >= 5254425) AND (k <= 5254525))
	  ->  Bitmap Index Scan on k_8  (cost=0.00..5.50 rows=106 width=0)
	        Index Cond: ((k >= 5254425) AND (k <= 5254525))

explain: for range-notcovered :: explain SELECT k, c FROM sbtest%d WHERE k BETWEEN 4944192 AND 4944292explain: for range-notcovered :: explain SELECT k, c FROM sbtest%d WHERE k BETWEEN 7081738 AND 7081838for range-notcovered
table 1 : explain SELECT k, c FROM sbtest1 WHERE k BETWEEN 5134073 AND 5134173
	Bitmap Heap Scan on sbtest1  (cost=5.53..429.07 rows=107 width=125)
	  Recheck Cond: ((k >= 5134073) AND (k <= 5134173))
	  ->  Bitmap Index Scan on k_1  (cost=0.00..5.50 rows=107 width=0)
	        Index Cond: ((k >= 5134073) AND (k <= 5134173))

table 2 : explain SELECT k, c FROM sbtest2 WHERE k BETWEEN 5134073 AND 5134173
	Bitmap Heap Scan on sbtest2  (cost=5.45..397.53 rows=99 width=125)
	  Recheck Cond: ((k >= 5134073) AND (k <= 5134173))
	  ->  Bitmap Index Scan on k_2  (cost=0.00..5.42 rows=99 width=0)
	        Index Cond: ((k >= 5134073) AND (k <= 5134173))

table 3 : explain SELECT k, c FROM sbtest3 WHERE k BETWEEN 5134073 AND 5134173
	Bitmap Heap Scan on sbtest3  (cost=5.50..417.24 rows=104 width=125)
	  Recheck Cond: ((k >= 5134073) AND (k <= 5134173))
	  ->  Bitmap Index Scan on k_3  (cost=0.00..5.47 rows=104 width=0)
	        Index Cond: ((k >= 5134073) AND (k <= 5134173))

table 4 : explain SELECT k, c FROM sbtest4 WHERE k BETWEEN 5134073 AND 5134173
	Bitmap Heap Scan on sbtest4  (cost=5.45..397.53 rows=99 width=125)
	  Recheck Cond: ((k >= 5134073) AND (k <= 5134173))
	  ->  Bitmap Index Scan on k_4  (cost=0.00..5.42 rows=99 width=0)
	        Index Cond: ((k >= 5134073) AND (k <= 5134173))

table 5 : explain SELECT k, c FROM sbtest5 WHERE k BETWEEN 5134073 AND 5134173
	Bitmap Heap Scan on sbtest5  (cost=5.45..397.57 rows=99 width=125)
	  Recheck Cond: ((k >= 5134073) AND (k <= 5134173))
	  ->  Bitmap Index Scan on k_5  (cost=0.00..5.42 rows=99 width=0)
	        Index Cond: ((k >= 5134073) AND (k <= 5134173))

table 6 : explain SELECT k, c FROM sbtest6 WHERE k BETWEEN 5134073 AND 5134173
	Bitmap Heap Scan on sbtest6  (cost=5.44..393.60 rows=98 width=125)
	  Recheck Cond: ((k >= 5134073) AND (k <= 5134173))
	  ->  Bitmap Index Scan on k_6  (cost=0.00..5.42 rows=98 width=0)
	        Index Cond: ((k >= 5134073) AND (k <= 5134173))

table 7 : explain SELECT k, c FROM sbtest7 WHERE k BETWEEN 5134073 AND 5134173
	Bitmap Heap Scan on sbtest7  (cost=5.46..401.52 rows=100 width=125)
	  Recheck Cond: ((k >= 5134073) AND (k <= 5134173))
	  ->  Bitmap Index Scan on k_7  (cost=0.00..5.43 rows=100 width=0)
	        Index Cond: ((k >= 5134073) AND (k <= 5134173))

table 8 : explain SELECT k, c FROM sbtest8 WHERE k BETWEEN 5134073 AND 5134173
	Bitmap Heap Scan on sbtest8  (cost=5.46..401.52 rows=100 width=125)
	  Recheck Cond: ((k >= 5134073) AND (k <= 5134173))
	  ->  Bitmap Index Scan on k_8  (cost=0.00..5.43 rows=100 width=0)
	        Index Cond: ((k >= 5134073) AND (k <= 5134173))

for range-notcovered
table 1 : explain SELECT k, c FROM sbtest1 WHERE k BETWEEN 5643096 AND 5643196
	Bitmap Heap Scan on sbtest1  (cost=5.51..421.19 rows=105 width=125)
	  Recheck Cond: ((k >= 5643096) AND (k <= 5643196))
	  ->  Bitmap Index Scan on k_1  (cost=0.00..5.48 rows=105 width=0)
	        Index Cond: ((k >= 5643096) AND (k <= 5643196))

table 2 : explain SELECT k, c FROM sbtest2 WHERE k BETWEEN 5643096 AND 5643196
	Bitmap Heap Scan on sbtest2  (cost=5.69..488.12 rows=122 width=125)
	  Recheck Cond: ((k >= 5643096) AND (k <= 5643196))
	  ->  Bitmap Index Scan on k_2  (cost=0.00..5.65 rows=122 width=0)
	        Index Cond: ((k >= 5643096) AND (k <= 5643196))

table 3 : explain SELECT k, c FROM sbtest3 WHERE k BETWEEN 5643096 AND 5643196
	Bitmap Heap Scan on sbtest3  (cost=5.51..421.18 rows=105 width=125)
	  Recheck Cond: ((k >= 5643096) AND (k <= 5643196))
	  ->  Bitmap Index Scan on k_3  (cost=0.00..5.48 rows=105 width=0)
	        Index Cond: ((k >= 5643096) AND (k <= 5643196))

table 4 : explain SELECT k, c FROM sbtest4 WHERE k BETWEEN 5643096 AND 5643196
	Bitmap Heap Scan on sbtest4  (cost=5.55..436.94 rows=109 width=125)
	  Recheck Cond: ((k >= 5643096) AND (k <= 5643196))
	  ->  Bitmap Index Scan on k_4  (cost=0.00..5.52 rows=109 width=0)
	        Index Cond: ((k >= 5643096) AND (k <= 5643196))

table 5 : explain SELECT k, c FROM sbtest5 WHERE k BETWEEN 5643096 AND 5643196
	Bitmap Heap Scan on sbtest5  (cost=5.44..393.62 rows=98 width=125)
	  Recheck Cond: ((k >= 5643096) AND (k <= 5643196))
	  ->  Bitmap Index Scan on k_5  (cost=0.00..5.42 rows=98 width=0)
	        Index Cond: ((k >= 5643096) AND (k <= 5643196))

table 6 : explain SELECT k, c FROM sbtest6 WHERE k BETWEEN 5643096 AND 5643196
	Bitmap Heap Scan on sbtest6  (cost=5.50..417.25 rows=104 width=125)
	  Recheck Cond: ((k >= 5643096) AND (k <= 5643196))
	  ->  Bitmap Index Scan on k_6  (cost=0.00..5.47 rows=104 width=0)
	        Index Cond: ((k >= 5643096) AND (k <= 5643196))

table 7 : explain SELECT k, c FROM sbtest7 WHERE k BETWEEN 5643096 AND 5643196
	Bitmap Heap Scan on sbtest7  (cost=5.48..409.41 rows=102 width=125)
	  Recheck Cond: ((k >= 5643096) AND (k <= 5643196))
	  ->  Bitmap Index Scan on k_7  (cost=0.00..5.45 rows=102 width=0)
	        Index Cond: ((k >= 5643096) AND (k <= 5643196))

table 8 : explain SELECT k, c FROM sbtest8 WHERE k BETWEEN 5643096 AND 5643196
	Bitmap Heap Scan on sbtest8  (cost=5.46..401.52 rows=100 width=125)
	  Recheck Cond: ((k >= 5643096) AND (k <= 5643196))
	  ->  Bitmap Index Scan on k_8  (cost=0.00..5.43 rows=100 width=0)
	        Index Cond: ((k >= 5643096) AND (k <= 5643196))
for range-notcovered
table 1 : explain SELECT k, c FROM sbtest1 WHERE k BETWEEN 2776751 AND 2776851
	Bitmap Heap Scan on sbtest1  (cost=5.49..413.30 rows=103 width=125)
	  Recheck Cond: ((k >= 2776751) AND (k <= 2776851))
	  ->  Bitmap Index Scan on k_1  (cost=0.00..5.46 rows=103 width=0)
	        Index Cond: ((k >= 2776751) AND (k <= 2776851))

table 2 : explain SELECT k, c FROM sbtest2 WHERE k BETWEEN 2776751 AND 2776851
	Bitmap Heap Scan on sbtest2  (cost=5.54..433.00 rows=108 width=125)
	  Recheck Cond: ((k >= 2776751) AND (k <= 2776851))
	  ->  Bitmap Index Scan on k_2  (cost=0.00..5.51 rows=108 width=0)
	        Index Cond: ((k >= 2776751) AND (k <= 2776851))

table 3 : explain SELECT k, c FROM sbtest3 WHERE k BETWEEN 2776751 AND 2776851
	Bitmap Heap Scan on sbtest3  (cost=5.44..393.58 rows=98 width=125)
	  Recheck Cond: ((k >= 2776751) AND (k <= 2776851))
	  ->  Bitmap Index Scan on k_3  (cost=0.00..5.42 rows=98 width=0)
	        Index Cond: ((k >= 2776751) AND (k <= 2776851))

table 4 : explain SELECT k, c FROM sbtest4 WHERE k BETWEEN 2776751 AND 2776851
	Bitmap Heap Scan on sbtest4  (cost=5.42..385.69 rows=96 width=125)
	  Recheck Cond: ((k >= 2776751) AND (k <= 2776851))
	  ->  Bitmap Index Scan on k_4  (cost=0.00..5.39 rows=96 width=0)
	        Index Cond: ((k >= 2776751) AND (k <= 2776851))

table 5 : explain SELECT k, c FROM sbtest5 WHERE k BETWEEN 2776751 AND 2776851
	Bitmap Heap Scan on sbtest5  (cost=5.38..369.95 rows=92 width=125)
	  Recheck Cond: ((k >= 2776751) AND (k <= 2776851))
	  ->  Bitmap Index Scan on k_5  (cost=0.00..5.35 rows=92 width=0)
	        Index Cond: ((k >= 2776751) AND (k <= 2776851))

table 6 : explain SELECT k, c FROM sbtest6 WHERE k BETWEEN 2776751 AND 2776851
	Bitmap Heap Scan on sbtest6  (cost=5.49..413.31 rows=103 width=125)
	  Recheck Cond: ((k >= 2776751) AND (k <= 2776851))
	  ->  Bitmap Index Scan on k_6  (cost=0.00..5.46 rows=103 width=0)
	        Index Cond: ((k >= 2776751) AND (k <= 2776851))

table 7 : explain SELECT k, c FROM sbtest7 WHERE k BETWEEN 2776751 AND 2776851
	Bitmap Heap Scan on sbtest7  (cost=5.54..433.06 rows=108 width=125)
	  Recheck Cond: ((k >= 2776751) AND (k <= 2776851))
	  ->  Bitmap Index Scan on k_7  (cost=0.00..5.51 rows=108 width=0)
	        Index Cond: ((k >= 2776751) AND (k <= 2776851))

table 8 : explain SELECT k, c FROM sbtest8 WHERE k BETWEEN 2776751 AND 2776851
	Bitmap Heap Scan on sbtest8  (cost=5.54..433.05 rows=108 width=125)
	  Recheck Cond: ((k >= 2776751) AND (k <= 2776851))
	  ->  Bitmap Index Scan on k_8  (cost=0.00..5.51 rows=108 width=0)
	        Index Cond: ((k >= 2776751) AND (k <= 2776851))

for range-notcovered
table 1 : explain SELECT k, c FROM sbtest1 WHERE k BETWEEN 5231136 AND 5231236
	Bitmap Heap Scan on sbtest1  (cost=5.46..401.48 rows=100 width=125)
	  Recheck Cond: ((k >= 5231136) AND (k <= 5231236))
	  ->  Bitmap Index Scan on k_1  (cost=0.00..5.43 rows=100 width=0)
	        Index Cond: ((k >= 5231136) AND (k <= 5231236))

table 2 : explain SELECT k, c FROM sbtest2 WHERE k BETWEEN 5231136 AND 5231236
	Bitmap Heap Scan on sbtest2  (cost=5.58..448.75 rows=112 width=125)
	  Recheck Cond: ((k >= 5231136) AND (k <= 5231236))
	  ->  Bitmap Index Scan on k_2  (cost=0.00..5.55 rows=112 width=0)
	        Index Cond: ((k >= 5231136) AND (k <= 5231236))

table 3 : explain SELECT k, c FROM sbtest3 WHERE k BETWEEN 5231136 AND 5231236
	Bitmap Heap Scan on sbtest3  (cost=5.49..413.30 rows=103 width=125)
	  Recheck Cond: ((k >= 5231136) AND (k <= 5231236))
	  ->  Bitmap Index Scan on k_3  (cost=0.00..5.46 rows=103 width=0)
	        Index Cond: ((k >= 5231136) AND (k <= 5231236))

table 4 : explain SELECT k, c FROM sbtest4 WHERE k BETWEEN 5231136 AND 5231236
	Bitmap Heap Scan on sbtest4  (cost=5.45..397.53 rows=99 width=125)
	  Recheck Cond: ((k >= 5231136) AND (k <= 5231236))
	  ->  Bitmap Index Scan on k_4  (cost=0.00..5.42 rows=99 width=0)
	        Index Cond: ((k >= 5231136) AND (k <= 5231236))

table 5 : explain SELECT k, c FROM sbtest5 WHERE k BETWEEN 5231136 AND 5231236
	Bitmap Heap Scan on sbtest5  (cost=5.45..397.57 rows=99 width=125)
	  Recheck Cond: ((k >= 5231136) AND (k <= 5231236))
	  ->  Bitmap Index Scan on k_5  (cost=0.00..5.42 rows=99 width=0)
	        Index Cond: ((k >= 5231136) AND (k <= 5231236))

table 6 : explain SELECT k, c FROM sbtest6 WHERE k BETWEEN 5231136 AND 5231236
	Bitmap Heap Scan on sbtest6  (cost=5.51..421.19 rows=105 width=125)
	  Recheck Cond: ((k >= 5231136) AND (k <= 5231236))
	  ->  Bitmap Index Scan on k_6  (cost=0.00..5.48 rows=105 width=0)
	        Index Cond: ((k >= 5231136) AND (k <= 5231236))

table 7 : explain SELECT k, c FROM sbtest7 WHERE k BETWEEN 5231136 AND 5231236
	Bitmap Heap Scan on sbtest7  (cost=5.36..362.06 rows=90 width=125)
	  Recheck Cond: ((k >= 5231136) AND (k <= 5231236))
	  ->  Bitmap Index Scan on k_7  (cost=0.00..5.33 rows=90 width=0)
	        Index Cond: ((k >= 5231136) AND (k <= 5231236))

table 8 : explain SELECT k, c FROM sbtest8 WHERE k BETWEEN 5231136 AND 5231236
	Bitmap Heap Scan on sbtest8  (cost=5.50..417.29 rows=104 width=125)
	  Recheck Cond: ((k >= 5231136) AND (k <= 5231236))
	  ->  Bitmap Index Scan on k_8  (cost=0.00..5.47 rows=104 width=0)
	        Index Cond: ((k >= 5231136) AND (k <= 5231236))



explain: for range-notcovered :: explain SELECT k, c FROM sbtest%d WHERE k BETWEEN 5134073 AND 5134173explain: for range-notcovered :: explain SELECT k, c FROM sbtest%d WHERE k BETWEEN 4461436 AND 4461536
for range-notcovered
table 1 : explain SELECT k, c FROM sbtest1 WHERE k BETWEEN 4506587 AND 4506687
	Bitmap Heap Scan on sbtest1  (cost=5.46..401.48 rows=100 width=125)
	  Recheck Cond: ((k >= 4506587) AND (k <= 4506687))
	  ->  Bitmap Index Scan on k_1  (cost=0.00..5.43 rows=100 width=0)
	        Index Cond: ((k >= 4506587) AND (k <= 4506687))

table 2 : explain SELECT k, c FROM sbtest2 WHERE k BETWEEN 4506587 AND 4506687
	Bitmap Heap Scan on sbtest2  (cost=5.51..421.18 rows=105 width=125)
	  Recheck Cond: ((k >= 4506587) AND (k <= 4506687))
	  ->  Bitmap Index Scan on k_2  (cost=0.00..5.48 rows=105 width=0)
	        Index Cond: ((k >= 4506587) AND (k <= 4506687))

table 3 : explain SELECT k, c FROM sbtest3 WHERE k BETWEEN 4506587 AND 4506687
	Bitmap Heap Scan on sbtest3  (cost=5.43..389.64 rows=97 width=125)
	  Recheck Cond: ((k >= 4506587) AND (k <= 4506687))
	  ->  Bitmap Index Scan on k_3  (cost=0.00..5.40 rows=97 width=0)
	        Index Cond: ((k >= 4506587) AND (k <= 4506687))

table 4 : explain SELECT k, c FROM sbtest4 WHERE k BETWEEN 4506587 AND 4506687
	Bitmap Heap Scan on sbtest4  (cost=5.37..365.97 rows=91 width=125)
	  Recheck Cond: ((k >= 4506587) AND (k <= 4506687))
	  ->  Bitmap Index Scan on k_4  (cost=0.00..5.34 rows=91 width=0)
	        Index Cond: ((k >= 4506587) AND (k <= 4506687))

table 5 : explain SELECT k, c FROM sbtest5 WHERE k BETWEEN 4506587 AND 4506687
	Bitmap Heap Scan on sbtest5  (cost=5.47..405.46 rows=101 width=125)
	  Recheck Cond: ((k >= 4506587) AND (k <= 4506687))
	  ->  Bitmap Index Scan on k_5  (cost=0.00..5.44 rows=101 width=0)
	        Index Cond: ((k >= 4506587) AND (k <= 4506687))

table 6 : explain SELECT k, c FROM sbtest6 WHERE k BETWEEN 4506587 AND 4506687
	Bitmap Heap Scan on sbtest6  (cost=5.59..452.71 rows=113 width=125)
	  Recheck Cond: ((k >= 4506587) AND (k <= 4506687))
	  ->  Bitmap Index Scan on k_6  (cost=0.00..5.56 rows=113 width=0)
	        Index Cond: ((k >= 4506587) AND (k <= 4506687))

table 7 : explain SELECT k, c FROM sbtest7 WHERE k BETWEEN 4506587 AND 4506687
	Bitmap Heap Scan on sbtest7  (cost=5.57..444.88 rows=111 width=125)
	  Recheck Cond: ((k >= 4506587) AND (k <= 4506687))
	  ->  Bitmap Index Scan on k_7  (cost=0.00..5.54 rows=111 width=0)
	        Index Cond: ((k >= 4506587) AND (k <= 4506687))

table 8 : explain SELECT k, c FROM sbtest8 WHERE k BETWEEN 4506587 AND 4506687
	Bitmap Heap Scan on sbtest8  (cost=5.40..377.85 rows=94 width=125)
	  Recheck Cond: ((k >= 4506587) AND (k <= 4506687))
	  ->  Bitmap Index Scan on k_8  (cost=0.00..5.38 rows=94 width=0)
	        Index Cond: ((k >= 4506587) AND (k <= 4506687))

for range-notcovered
table 1 : explain SELECT k, c FROM sbtest1 WHERE k BETWEEN 3520505 AND 3520605
	Bitmap Heap Scan on sbtest1  (cost=5.47..405.42 rows=101 width=125)
	  Recheck Cond: ((k >= 3520505) AND (k <= 3520605))
	  ->  Bitmap Index Scan on k_1  (cost=0.00..5.44 rows=101 width=0)
	        Index Cond: ((k >= 3520505) AND (k <= 3520605))

table 2 : explain SELECT k, c FROM sbtest2 WHERE k BETWEEN 3520505 AND 3520605
	Bitmap Heap Scan on sbtest2  (cost=5.45..397.53 rows=99 width=125)
	  Recheck Cond: ((k >= 3520505) AND (k <= 3520605))
	  ->  Bitmap Index Scan on k_2  (cost=0.00..5.42 rows=99 width=0)
	        Index Cond: ((k >= 3520505) AND (k <= 3520605))

table 3 : explain SELECT k, c FROM sbtest3 WHERE k BETWEEN 3520505 AND 3520605
	Bitmap Heap Scan on sbtest3  (cost=5.48..409.36 rows=102 width=125)
	  Recheck Cond: ((k >= 3520505) AND (k <= 3520605))
	  ->  Bitmap Index Scan on k_3  (cost=0.00..5.45 rows=102 width=0)
	        Index Cond: ((k >= 3520505) AND (k <= 3520605))

table 4 : explain SELECT k, c FROM sbtest4 WHERE k BETWEEN 3520505 AND 3520605
	Bitmap Heap Scan on sbtest4  (cost=5.44..393.58 rows=98 width=125)
	  Recheck Cond: ((k >= 3520505) AND (k <= 3520605))
	  ->  Bitmap Index Scan on k_4  (cost=0.00..5.42 rows=98 width=0)
	        Index Cond: ((k >= 3520505) AND (k <= 3520605))

table 5 : explain SELECT k, c FROM sbtest5 WHERE k BETWEEN 3520505 AND 3520605
	Bitmap Heap Scan on sbtest5  (cost=5.58..448.81 rows=112 width=125)
	  Recheck Cond: ((k >= 3520505) AND (k <= 3520605))
	  ->  Bitmap Index Scan on k_5  (cost=0.00..5.55 rows=112 width=0)
	        Index Cond: ((k >= 3520505) AND (k <= 3520605))

table 6 : explain SELECT k, c FROM sbtest6 WHERE k BETWEEN 3520505 AND 3520605
	Bitmap Heap Scan on sbtest6  (cost=5.42..385.71 rows=96 width=125)
	  Recheck Cond: ((k >= 3520505) AND (k <= 3520605))
	  ->  Bitmap Index Scan on k_6  (cost=0.00..5.39 rows=96 width=0)
	        Index Cond: ((k >= 3520505) AND (k <= 3520605))

table 7 : explain SELECT k, c FROM sbtest7 WHERE k BETWEEN 3520505 AND 3520605
	Bitmap Heap Scan on sbtest7  (cost=5.50..417.29 rows=104 width=125)
	  Recheck Cond: ((k >= 3520505) AND (k <= 3520605))
	  ->  Bitmap Index Scan on k_7  (cost=0.00..5.47 rows=104 width=0)
	        Index Cond: ((k >= 3520505) AND (k <= 3520605))

table 8 : explain SELECT k, c FROM sbtest8 WHERE k BETWEEN 3520505 AND 3520605
	Bitmap Heap Scan on sbtest8  (cost=5.37..366.01 rows=91 width=125)
	  Recheck Cond: ((k >= 3520505) AND (k <= 3520605))
	  ->  Bitmap Index Scan on k_8  (cost=0.00..5.34 rows=91 width=0)
	        Index Cond: ((k >= 3520505) AND (k <= 3520605))
for range-notcovered
table 1 : explain SELECT k, c FROM sbtest1 WHERE k BETWEEN 4431349 AND 4431449
	Bitmap Heap Scan on sbtest1  (cost=5.52..425.13 rows=106 width=125)
	  Recheck Cond: ((k >= 4431349) AND (k <= 4431449))
	  ->  Bitmap Index Scan on k_1  (cost=0.00..5.50 rows=106 width=0)
	        Index Cond: ((k >= 4431349) AND (k <= 4431449))

table 2 : explain SELECT k, c FROM sbtest2 WHERE k BETWEEN 4431349 AND 4431449
	Bitmap Heap Scan on sbtest2  (cost=5.50..417.24 rows=104 width=125)
	  Recheck Cond: ((k >= 4431349) AND (k <= 4431449))
	  ->  Bitmap Index Scan on k_2  (cost=0.00..5.47 rows=104 width=0)
	        Index Cond: ((k >= 4431349) AND (k <= 4431449))

table 3 : explain SELECT k, c FROM sbtest3 WHERE k BETWEEN 4431349 AND 4431449
	Bitmap Heap Scan on sbtest3  (cost=5.43..389.64 rows=97 width=125)
	  Recheck Cond: ((k >= 4431349) AND (k <= 4431449))
	  ->  Bitmap Index Scan on k_3  (cost=0.00..5.40 rows=97 width=0)
	        Index Cond: ((k >= 4431349) AND (k <= 4431449))

table 4 : explain SELECT k, c FROM sbtest4 WHERE k BETWEEN 4431349 AND 4431449
	Bitmap Heap Scan on sbtest4  (cost=5.37..365.97 rows=91 width=125)
	  Recheck Cond: ((k >= 4431349) AND (k <= 4431449))
	  ->  Bitmap Index Scan on k_4  (cost=0.00..5.34 rows=91 width=0)
	        Index Cond: ((k >= 4431349) AND (k <= 4431449))

table 5 : explain SELECT k, c FROM sbtest5 WHERE k BETWEEN 4431349 AND 4431449
	Bitmap Heap Scan on sbtest5  (cost=5.47..405.46 rows=101 width=125)
	  Recheck Cond: ((k >= 4431349) AND (k <= 4431449))
	  ->  Bitmap Index Scan on k_5  (cost=0.00..5.44 rows=101 width=0)
	        Index Cond: ((k >= 4431349) AND (k <= 4431449))

table 6 : explain SELECT k, c FROM sbtest6 WHERE k BETWEEN 4431349 AND 4431449
	Bitmap Heap Scan on sbtest6  (cost=5.40..377.82 rows=94 width=125)
	  Recheck Cond: ((k >= 4431349) AND (k <= 4431449))
	  ->  Bitmap Index Scan on k_6  (cost=0.00..5.38 rows=94 width=0)
	        Index Cond: ((k >= 4431349) AND (k <= 4431449))

table 7 : explain SELECT k, c FROM sbtest7 WHERE k BETWEEN 4431349 AND 4431449
	Bitmap Heap Scan on sbtest7  (cost=5.46..401.52 rows=100 width=125)
	  Recheck Cond: ((k >= 4431349) AND (k <= 4431449))
	  ->  Bitmap Index Scan on k_7  (cost=0.00..5.43 rows=100 width=0)
	        Index Cond: ((k >= 4431349) AND (k <= 4431449))

table 8 : explain SELECT k, c FROM sbtest8 WHERE k BETWEEN 4431349 AND 4431449
	Bitmap Heap Scan on sbtest8  (cost=5.40..377.85 rows=94 width=125)
	  Recheck Cond: ((k >= 4431349) AND (k <= 4431449))
	  ->  Bitmap Index Scan on k_8  (cost=0.00..5.38 rows=94 width=0)
	        Index Cond: ((k >= 4431349) AND (k <= 4431449))

explain: for range-notcovered :: explain SELECT k, c FROM sbtest%d WHERE k BETWEEN 6190744 AND 6190844
explain: for range-notcovered :: explain SELECT k, c FROM sbtest%d WHERE k BETWEEN 843739 AND 843839
explain: for range-notcovered :: explain SELECT k, c FROM sbtest%d WHERE k BETWEEN 5231136 AND 5231236
explain: for range-notcovered :: explain SELECT k, c FROM sbtest%d WHERE k BETWEEN 6165910 AND 6166010
for range-notcovered
table 1 : explain SELECT k, c FROM sbtest1 WHERE k BETWEEN 2885741 AND 2885841
	Bitmap Heap Scan on sbtest1  (cost=5.48..409.36 rows=102 width=125)
	  Recheck Cond: ((k >= 2885741) AND (k <= 2885841))
	  ->  Bitmap Index Scan on k_1  (cost=0.00..5.45 rows=102 width=0)
	        Index Cond: ((k >= 2885741) AND (k <= 2885841))

table 2 : explain SELECT k, c FROM sbtest2 WHERE k BETWEEN 2885741 AND 2885841
	Bitmap Heap Scan on sbtest2  (cost=5.50..417.24 rows=104 width=125)
	  Recheck Cond: ((k >= 2885741) AND (k <= 2885841))
	  ->  Bitmap Index Scan on k_2  (cost=0.00..5.47 rows=104 width=0)
	        Index Cond: ((k >= 2885741) AND (k <= 2885841))

table 3 : explain SELECT k, c FROM sbtest3 WHERE k BETWEEN 2885741 AND 2885841
	Bitmap Heap Scan on sbtest3  (cost=5.47..405.41 rows=101 width=125)
	  Recheck Cond: ((k >= 2885741) AND (k <= 2885841))
	  ->  Bitmap Index Scan on k_3  (cost=0.00..5.44 rows=101 width=0)
	        Index Cond: ((k >= 2885741) AND (k <= 2885841))

table 4 : explain SELECT k, c FROM sbtest4 WHERE k BETWEEN 2885741 AND 2885841
	Bitmap Heap Scan on sbtest4  (cost=5.50..417.24 rows=104 width=125)
	  Recheck Cond: ((k >= 2885741) AND (k <= 2885841))
	  ->  Bitmap Index Scan on k_4  (cost=0.00..5.47 rows=104 width=0)
	        Index Cond: ((k >= 2885741) AND (k <= 2885841))

table 5 : explain SELECT k, c FROM sbtest5 WHERE k BETWEEN 2885741 AND 2885841
	Bitmap Heap Scan on sbtest5  (cost=5.51..421.23 rows=105 width=125)
	  Recheck Cond: ((k >= 2885741) AND (k <= 2885841))
	  ->  Bitmap Index Scan on k_5  (cost=0.00..5.48 rows=105 width=0)
	        Index Cond: ((k >= 2885741) AND (k <= 2885841))

table 6 : explain SELECT k, c FROM sbtest6 WHERE k BETWEEN 2885741 AND 2885841
	Bitmap Heap Scan on sbtest6  (cost=5.53..429.08 rows=107 width=125)
	  Recheck Cond: ((k >= 2885741) AND (k <= 2885841))
	  ->  Bitmap Index Scan on k_6  (cost=0.00..5.50 rows=107 width=0)
	        Index Cond: ((k >= 2885741) AND (k <= 2885841))

table 7 : explain SELECT k, c FROM sbtest7 WHERE k BETWEEN 2885741 AND 2885841
	Bitmap Heap Scan on sbtest7  (cost=5.51..421.23 rows=105 width=125)
	  Recheck Cond: ((k >= 2885741) AND (k <= 2885841))
	  ->  Bitmap Index Scan on k_7  (cost=0.00..5.48 rows=105 width=0)
	        Index Cond: ((k >= 2885741) AND (k <= 2885841))

table 8 : explain SELECT k, c FROM sbtest8 WHERE k BETWEEN 2885741 AND 2885841
	Bitmap Heap Scan on sbtest8  (cost=5.52..425.17 rows=106 width=125)
	  Recheck Cond: ((k >= 2885741) AND (k <= 2885841))
	  ->  Bitmap Index Scan on k_8  (cost=0.00..5.50 rows=106 width=0)
	        Index Cond: ((k >= 2885741) AND (k <= 2885841))

for range-notcovered
table 1 : explain SELECT k, c FROM sbtest1 WHERE k BETWEEN 5746081 AND 5746181
	Bitmap Heap Scan on sbtest1  (cost=5.39..373.86 rows=93 width=125)
	  Recheck Cond: ((k >= 5746081) AND (k <= 5746181))
	  ->  Bitmap Index Scan on k_1  (cost=0.00..5.36 rows=93 width=0)
	        Index Cond: ((k >= 5746081) AND (k <= 5746181))

table 2 : explain SELECT k, c FROM sbtest2 WHERE k BETWEEN 5746081 AND 5746181
	Bitmap Heap Scan on sbtest2  (cost=5.51..421.18 rows=105 width=125)
	  Recheck Cond: ((k >= 5746081) AND (k <= 5746181))
	  ->  Bitmap Index Scan on k_2  (cost=0.00..5.48 rows=105 width=0)
	        Index Cond: ((k >= 5746081) AND (k <= 5746181))

table 3 : explain SELECT k, c FROM sbtest3 WHERE k BETWEEN 5746081 AND 5746181
	Bitmap Heap Scan on sbtest3  (cost=5.45..397.53 rows=99 width=125)
	  Recheck Cond: ((k >= 5746081) AND (k <= 5746181))
	  ->  Bitmap Index Scan on k_3  (cost=0.00..5.42 rows=99 width=0)
	        Index Cond: ((k >= 5746081) AND (k <= 5746181))

table 4 : explain SELECT k, c FROM sbtest4 WHERE k BETWEEN 5746081 AND 5746181
	Bitmap Heap Scan on sbtest4  (cost=5.54..433.00 rows=108 width=125)
	  Recheck Cond: ((k >= 5746081) AND (k <= 5746181))
	  ->  Bitmap Index Scan on k_4  (cost=0.00..5.51 rows=108 width=0)
	        Index Cond: ((k >= 5746081) AND (k <= 5746181))

table 5 : explain SELECT k, c FROM sbtest5 WHERE k BETWEEN 5746081 AND 5746181
	Bitmap Heap Scan on sbtest5  (cost=5.53..429.11 rows=107 width=125)
	  Recheck Cond: ((k >= 5746081) AND (k <= 5746181))
	  ->  Bitmap Index Scan on k_5  (cost=0.00..5.50 rows=107 width=0)
	        Index Cond: ((k >= 5746081) AND (k <= 5746181))

table 6 : explain SELECT k, c FROM sbtest6 WHERE k BETWEEN 5746081 AND 5746181
	Bitmap Heap Scan on sbtest6  (cost=5.44..393.60 rows=98 width=125)
	  Recheck Cond: ((k >= 5746081) AND (k <= 5746181))
	  ->  Bitmap Index Scan on k_6  (cost=0.00..5.42 rows=98 width=0)
	        Index Cond: ((k >= 5746081) AND (k <= 5746181))

table 7 : explain SELECT k, c FROM sbtest7 WHERE k BETWEEN 5746081 AND 5746181
	Bitmap Heap Scan on sbtest7  (cost=5.57..444.88 rows=111 width=125)
	  Recheck Cond: ((k >= 5746081) AND (k <= 5746181))
	  ->  Bitmap Index Scan on k_7  (cost=0.00..5.54 rows=111 width=0)
	        Index Cond: ((k >= 5746081) AND (k <= 5746181))

table 8 : explain SELECT k, c FROM sbtest8 WHERE k BETWEEN 5746081 AND 5746181
	Bitmap Heap Scan on sbtest8  (cost=5.51..421.23 rows=105 width=125)
	  Recheck Cond: ((k >= 5746081) AND (k <= 5746181))
	  ->  Bitmap Index Scan on k_8  (cost=0.00..5.48 rows=105 width=0)
	        Index Cond: ((k >= 5746081) AND (k <= 5746181))

for range-notcovered
table 1 : explain SELECT k, c FROM sbtest1 WHERE k BETWEEN 8303696 AND 8303796
	Bitmap Heap Scan on sbtest1  (cost=5.46..401.48 rows=100 width=125)
	  Recheck Cond: ((k >= 8303696) AND (k <= 8303796))
	  ->  Bitmap Index Scan on k_1  (cost=0.00..5.43 rows=100 width=0)
	        Index Cond: ((k >= 8303696) AND (k <= 8303796))

table 2 : explain SELECT k, c FROM sbtest2 WHERE k BETWEEN 8303696 AND 8303796
	Bitmap Heap Scan on sbtest2  (cost=5.48..409.35 rows=102 width=125)
	  Recheck Cond: ((k >= 8303696) AND (k <= 8303796))
	  ->  Bitmap Index Scan on k_2  (cost=0.00..5.45 rows=102 width=0)
	        Index Cond: ((k >= 8303696) AND (k <= 8303796))

table 3 : explain SELECT k, c FROM sbtest3 WHERE k BETWEEN 8303696 AND 8303796
	Bitmap Heap Scan on sbtest3  (cost=5.45..397.53 rows=99 width=125)
	  Recheck Cond: ((k >= 8303696) AND (k <= 8303796))
	  ->  Bitmap Index Scan on k_3  (cost=0.00..5.42 rows=99 width=0)
	        Index Cond: ((k >= 8303696) AND (k <= 8303796))

table 4 : explain SELECT k, c FROM sbtest4 WHERE k BETWEEN 8303696 AND 8303796
	Bitmap Heap Scan on sbtest4  (cost=5.50..417.24 rows=104 width=125)
	  Recheck Cond: ((k >= 8303696) AND (k <= 8303796))
	  ->  Bitmap Index Scan on k_4  (cost=0.00..5.47 rows=104 width=0)
	        Index Cond: ((k >= 8303696) AND (k <= 8303796))

table 5 : explain SELECT k, c FROM sbtest5 WHERE k BETWEEN 8303696 AND 8303796
	Bitmap Heap Scan on sbtest5  (cost=5.47..405.46 rows=101 width=125)
	  Recheck Cond: ((k >= 8303696) AND (k <= 8303796))
	  ->  Bitmap Index Scan on k_5  (cost=0.00..5.44 rows=101 width=0)
	        Index Cond: ((k >= 8303696) AND (k <= 8303796))

table 6 : explain SELECT k, c FROM sbtest6 WHERE k BETWEEN 8303696 AND 8303796
	Bitmap Heap Scan on sbtest6  (cost=5.52..425.14 rows=106 width=125)
	  Recheck Cond: ((k >= 8303696) AND (k <= 8303796))
	  ->  Bitmap Index Scan on k_6  (cost=0.00..5.50 rows=106 width=0)
	        Index Cond: ((k >= 8303696) AND (k <= 8303796))

table 7 : explain SELECT k, c FROM sbtest7 WHERE k BETWEEN 8303696 AND 8303796
	Bitmap Heap Scan on sbtest7  (cost=5.44..393.63 rows=98 width=125)
	  Recheck Cond: ((k >= 8303696) AND (k <= 8303796))
	  ->  Bitmap Index Scan on k_7  (cost=0.00..5.42 rows=98 width=0)
	        Index Cond: ((k >= 8303696) AND (k <= 8303796))

table 8 : explain SELECT k, c FROM sbtest8 WHERE k BETWEEN 8303696 AND 8303796
	Bitmap Heap Scan on sbtest8  (cost=5.48..409.40 rows=102 width=125)
	  Recheck Cond: ((k >= 8303696) AND (k <= 8303796))
	  ->  Bitmap Index Scan on k_8  (cost=0.00..5.45 rows=102 width=0)
	        Index Cond: ((k >= 8303696) AND (k <= 8303796))



for range-notcovered
table 1 : explain SELECT k, c FROM sbtest1 WHERE k BETWEEN 3896990 AND 3897090
	Bitmap Heap Scan on sbtest1  (cost=5.54..433.01 rows=108 width=125)
	  Recheck Cond: ((k >= 3896990) AND (k <= 3897090))
	  ->  Bitmap Index Scan on k_1  (cost=0.00..5.51 rows=108 width=0)
	        Index Cond: ((k >= 3896990) AND (k <= 3897090))

table 2 : explain SELECT k, c FROM sbtest2 WHERE k BETWEEN 3896990 AND 3897090
	Bitmap Heap Scan on sbtest2  (cost=5.44..393.58 rows=98 width=125)
	  Recheck Cond: ((k >= 3896990) AND (k <= 3897090))
	  ->  Bitmap Index Scan on k_2  (cost=0.00..5.42 rows=98 width=0)
	        Index Cond: ((k >= 3896990) AND (k <= 3897090))

table 3 : explain SELECT k, c FROM sbtest3 WHERE k BETWEEN 3896990 AND 3897090
	Bitmap Heap Scan on sbtest3  (cost=5.53..429.06 rows=107 width=125)
	  Recheck Cond: ((k >= 3896990) AND (k <= 3897090))
	  ->  Bitmap Index Scan on k_3  (cost=0.00..5.50 rows=107 width=0)
	        Index Cond: ((k >= 3896990) AND (k <= 3897090))

table 4 : explain SELECT k, c FROM sbtest4 WHERE k BETWEEN 3896990 AND 3897090
	Bitmap Heap Scan on sbtest4  (cost=5.42..385.69 rows=96 width=125)
	  Recheck Cond: ((k >= 3896990) AND (k <= 3897090))
	  ->  Bitmap Index Scan on k_4  (cost=0.00..5.39 rows=96 width=0)
	        Index Cond: ((k >= 3896990) AND (k <= 3897090))

table 5 : explain SELECT k, c FROM sbtest5 WHERE k BETWEEN 3896990 AND 3897090
	Bitmap Heap Scan on sbtest5  (cost=5.45..397.57 rows=99 width=125)
	  Recheck Cond: ((k >= 3896990) AND (k <= 3897090))
	  ->  Bitmap Index Scan on k_5  (cost=0.00..5.42 rows=99 width=0)
	        Index Cond: ((k >= 3896990) AND (k <= 3897090))

table 6 : explain SELECT k, c FROM sbtest6 WHERE k BETWEEN 3896990 AND 3897090
	Bitmap Heap Scan on sbtest6  (cost=5.54..433.02 rows=108 width=125)
	  Recheck Cond: ((k >= 3896990) AND (k <= 3897090))
	  ->  Bitmap Index Scan on k_6  (cost=0.00..5.51 rows=108 width=0)
	        Index Cond: ((k >= 3896990) AND (k <= 3897090))

table 7 : explain SELECT k, c FROM sbtest7 WHERE k BETWEEN 3896990 AND 3897090
	Bitmap Heap Scan on sbtest7  (cost=5.38..369.96 rows=92 width=125)
	  Recheck Cond: ((k >= 3896990) AND (k <= 3897090))
	  ->  Bitmap Index Scan on k_7  (cost=0.00..5.35 rows=92 width=0)
	        Index Cond: ((k >= 3896990) AND (k <= 3897090))

table 8 : explain SELECT k, c FROM sbtest8 WHERE k BETWEEN 3896990 AND 3897090
	Bitmap Heap Scan on sbtest8  (cost=5.49..413.34 rows=103 width=125)
	  Recheck Cond: ((k >= 3896990) AND (k <= 3897090))
	  ->  Bitmap Index Scan on k_8  (cost=0.00..5.46 rows=103 width=0)
	        Index Cond: ((k >= 3896990) AND (k <= 3897090))

for range-notcovered
table 1 : explain SELECT k, c FROM sbtest1 WHERE k BETWEEN 8425699 AND 8425799
	Bitmap Heap Scan on sbtest1  (cost=5.41..381.76 rows=95 width=125)
	  Recheck Cond: ((k >= 8425699) AND (k <= 8425799))
	  ->  Bitmap Index Scan on k_1  (cost=0.00..5.38 rows=95 width=0)
	        Index Cond: ((k >= 8425699) AND (k <= 8425799))

table 2 : explain SELECT k, c FROM sbtest2 WHERE k BETWEEN 8425699 AND 8425799
	Bitmap Heap Scan on sbtest2  (cost=5.44..393.58 rows=98 width=125)
	  Recheck Cond: ((k >= 8425699) AND (k <= 8425799))
	  ->  Bitmap Index Scan on k_2  (cost=0.00..5.42 rows=98 width=0)
	        Index Cond: ((k >= 8425699) AND (k <= 8425799))

table 3 : explain SELECT k, c FROM sbtest3 WHERE k BETWEEN 8425699 AND 8425799
	Bitmap Heap Scan on sbtest3  (cost=5.51..421.18 rows=105 width=125)
	  Recheck Cond: ((k >= 8425699) AND (k <= 8425799))
	  ->  Bitmap Index Scan on k_3  (cost=0.00..5.48 rows=105 width=0)
	        Index Cond: ((k >= 8425699) AND (k <= 8425799))

table 4 : explain SELECT k, c FROM sbtest4 WHERE k BETWEEN 8425699 AND 8425799
	Bitmap Heap Scan on sbtest4  (cost=5.43..389.64 rows=97 width=125)
	  Recheck Cond: ((k >= 8425699) AND (k <= 8425799))
	  ->  Bitmap Index Scan on k_4  (cost=0.00..5.40 rows=97 width=0)
	        Index Cond: ((k >= 8425699) AND (k <= 8425799))

table 5 : explain SELECT k, c FROM sbtest5 WHERE k BETWEEN 8425699 AND 8425799
	Bitmap Heap Scan on sbtest5  (cost=5.46..401.51 rows=100 width=125)
	  Recheck Cond: ((k >= 8425699) AND (k <= 8425799))
	  ->  Bitmap Index Scan on k_5  (cost=0.00..5.43 rows=100 width=0)
	        Index Cond: ((k >= 8425699) AND (k <= 8425799))

table 6 : explain SELECT k, c FROM sbtest6 WHERE k BETWEEN 8425699 AND 8425799
	Bitmap Heap Scan on sbtest6  (cost=5.50..417.25 rows=104 width=125)
	  Recheck Cond: ((k >= 8425699) AND (k <= 8425799))
	  ->  Bitmap Index Scan on k_6  (cost=0.00..5.47 rows=104 width=0)
	        Index Cond: ((k >= 8425699) AND (k <= 8425799))

table 7 : explain SELECT k, c FROM sbtest7 WHERE k BETWEEN 8425699 AND 8425799
	Bitmap Heap Scan on sbtest7  (cost=5.49..413.35 rows=103 width=125)
	  Recheck Cond: ((k >= 8425699) AND (k <= 8425799))
	  ->  Bitmap Index Scan on k_7  (cost=0.00..5.46 rows=103 width=0)
	        Index Cond: ((k >= 8425699) AND (k <= 8425799))

table 8 : explain SELECT k, c FROM sbtest8 WHERE k BETWEEN 8425699 AND 8425799
	Bitmap Heap Scan on sbtest8  (cost=5.46..401.52 rows=100 width=125)
	  Recheck Cond: ((k >= 8425699) AND (k <= 8425799))
	  ->  Bitmap Index Scan on k_8  (cost=0.00..5.43 rows=100 width=0)
	        Index Cond: ((k >= 8425699) AND (k <= 8425799))

explain: for range-notcovered :: explain SELECT k, c FROM sbtest%d WHERE k BETWEEN 2776751 AND 2776851

explain: for range-notcovered :: explain SELECT k, c FROM sbtest%d WHERE k BETWEEN 5746081 AND 5746181
explain: for range-notcovered :: explain SELECT k, c FROM sbtest%d WHERE k BETWEEN 2369435 AND 2369535explain: for range-notcovered :: explain SELECT k, c FROM sbtest%d WHERE k BETWEEN 3896990 AND 3897090
for range-notcovered
table 1 : explain SELECT k, c FROM sbtest1 WHERE k BETWEEN 5802285 AND 5802385
	Bitmap Heap Scan on sbtest1  (cost=5.53..429.07 rows=107 width=125)
	  Recheck Cond: ((k >= 5802285) AND (k <= 5802385))
	  ->  Bitmap Index Scan on k_1  (cost=0.00..5.50 rows=107 width=0)
	        Index Cond: ((k >= 5802285) AND (k <= 5802385))

table 2 : explain SELECT k, c FROM sbtest2 WHERE k BETWEEN 5802285 AND 5802385
	Bitmap Heap Scan on sbtest2  (cost=5.52..425.12 rows=106 width=125)
	  Recheck Cond: ((k >= 5802285) AND (k <= 5802385))
	  ->  Bitmap Index Scan on k_2  (cost=0.00..5.50 rows=106 width=0)
	        Index Cond: ((k >= 5802285) AND (k <= 5802385))

table 3 : explain SELECT k, c FROM sbtest3 WHERE k BETWEEN 5802285 AND 5802385
	Bitmap Heap Scan on sbtest3  (cost=5.45..397.53 rows=99 width=125)
	  Recheck Cond: ((k >= 5802285) AND (k <= 5802385))
	  ->  Bitmap Index Scan on k_3  (cost=0.00..5.42 rows=99 width=0)
	        Index Cond: ((k >= 5802285) AND (k <= 5802385))

table 4 : explain SELECT k, c FROM sbtest4 WHERE k BETWEEN 5802285 AND 5802385
	Bitmap Heap Scan on sbtest4  (cost=5.54..433.00 rows=108 width=125)
	  Recheck Cond: ((k >= 5802285) AND (k <= 5802385))
	  ->  Bitmap Index Scan on k_4  (cost=0.00..5.51 rows=108 width=0)
	        Index Cond: ((k >= 5802285) AND (k <= 5802385))

table 5 : explain SELECT k, c FROM sbtest5 WHERE k BETWEEN 5802285 AND 5802385
	Bitmap Heap Scan on sbtest5  (cost=5.53..429.11 rows=107 width=125)
	  Recheck Cond: ((k >= 5802285) AND (k <= 5802385))
	  ->  Bitmap Index Scan on k_5  (cost=0.00..5.50 rows=107 width=0)
	        Index Cond: ((k >= 5802285) AND (k <= 5802385))

table 6 : explain SELECT k, c FROM sbtest6 WHERE k BETWEEN 5802285 AND 5802385
	Bitmap Heap Scan on sbtest6  (cost=5.47..405.43 rows=101 width=125)
	  Recheck Cond: ((k >= 5802285) AND (k <= 5802385))
	  ->  Bitmap Index Scan on k_6  (cost=0.00..5.44 rows=101 width=0)
	        Index Cond: ((k >= 5802285) AND (k <= 5802385))

table 7 : explain SELECT k, c FROM sbtest7 WHERE k BETWEEN 5802285 AND 5802385
	Bitmap Heap Scan on sbtest7  (cost=5.57..444.88 rows=111 width=125)
	  Recheck Cond: ((k >= 5802285) AND (k <= 5802385))
	  ->  Bitmap Index Scan on k_7  (cost=0.00..5.54 rows=111 width=0)
	        Index Cond: ((k >= 5802285) AND (k <= 5802385))

table 8 : explain SELECT k, c FROM sbtest8 WHERE k BETWEEN 5802285 AND 5802385
	Bitmap Heap Scan on sbtest8  (cost=5.51..421.23 rows=105 width=125)
	  Recheck Cond: ((k >= 5802285) AND (k <= 5802385))
	  ->  Bitmap Index Scan on k_8  (cost=0.00..5.48 rows=105 width=0)
	        Index Cond: ((k >= 5802285) AND (k <= 5802385))

explain: for range-notcovered :: explain SELECT k, c FROM sbtest%d WHERE k BETWEEN 4506587 AND 4506687
explain: for range-notcovered :: explain SELECT k, c FROM sbtest%d WHERE k BETWEEN 4431349 AND 4431449for range-notcovered
table 1 : explain SELECT k, c FROM sbtest1 WHERE k BETWEEN 4128757 AND 4128857
	Bitmap Heap Scan on sbtest1  (cost=5.49..413.30 rows=103 width=125)
	  Recheck Cond: ((k >= 4128757) AND (k <= 4128857))
	  ->  Bitmap Index Scan on k_1  (cost=0.00..5.46 rows=103 width=0)
	        Index Cond: ((k >= 4128757) AND (k <= 4128857))

table 2 : explain SELECT k, c FROM sbtest2 WHERE k BETWEEN 4128757 AND 4128857
	Bitmap Heap Scan on sbtest2  (cost=5.56..440.88 rows=110 width=125)
	  Recheck Cond: ((k >= 4128757) AND (k <= 4128857))
	  ->  Bitmap Index Scan on k_2  (cost=0.00..5.53 rows=110 width=0)
	        Index Cond: ((k >= 4128757) AND (k <= 4128857))

table 3 : explain SELECT k, c FROM sbtest3 WHERE k BETWEEN 4128757 AND 4128857
	Bitmap Heap Scan on sbtest3  (cost=5.48..409.36 rows=102 width=125)
	  Recheck Cond: ((k >= 4128757) AND (k <= 4128857))
	  ->  Bitmap Index Scan on k_3  (cost=0.00..5.45 rows=102 width=0)
	        Index Cond: ((k >= 4128757) AND (k <= 4128857))

table 4 : explain SELECT k, c FROM sbtest4 WHERE k BETWEEN 4128757 AND 4128857
	Bitmap Heap Scan on sbtest4  (cost=5.49..413.30 rows=103 width=125)
	  Recheck Cond: ((k >= 4128757) AND (k <= 4128857))
	  ->  Bitmap Index Scan on k_4  (cost=0.00..5.46 rows=103 width=0)
	        Index Cond: ((k >= 4128757) AND (k <= 4128857))

table 5 : explain SELECT k, c FROM sbtest5 WHERE k BETWEEN 4128757 AND 4128857
	Bitmap Heap Scan on sbtest5  (cost=5.41..381.79 rows=95 width=125)
	  Recheck Cond: ((k >= 4128757) AND (k <= 4128857))
	  ->  Bitmap Index Scan on k_5  (cost=0.00..5.38 rows=95 width=0)
	        Index Cond: ((k >= 4128757) AND (k <= 4128857))

table 6 : explain SELECT k, c FROM sbtest6 WHERE k BETWEEN 4128757 AND 4128857
	Bitmap Heap Scan on sbtest6  (cost=5.57..444.83 rows=111 width=125)
	  Recheck Cond: ((k >= 4128757) AND (k <= 4128857))
	  ->  Bitmap Index Scan on k_6  (cost=0.00..5.54 rows=111 width=0)
	        Index Cond: ((k >= 4128757) AND (k <= 4128857))

table 7 : explain SELECT k, c FROM sbtest7 WHERE k BETWEEN 4128757 AND 4128857
	Bitmap Heap Scan on sbtest7  (cost=5.50..417.29 rows=104 width=125)
	  Recheck Cond: ((k >= 4128757) AND (k <= 4128857))
	  ->  Bitmap Index Scan on k_7  (cost=0.00..5.47 rows=104 width=0)
	        Index Cond: ((k >= 4128757) AND (k <= 4128857))

table 8 : explain SELECT k, c FROM sbtest8 WHERE k BETWEEN 4128757 AND 4128857
	Bitmap Heap Scan on sbtest8  (cost=5.47..405.46 rows=101 width=125)
	  Recheck Cond: ((k >= 4128757) AND (k <= 4128857))
	  ->  Bitmap Index Scan on k_8  (cost=0.00..5.44 rows=101 width=0)
	        Index Cond: ((k >= 4128757) AND (k <= 4128857))
for range-notcovered
table 1 : explain SELECT k, c FROM sbtest1 WHERE k BETWEEN 6877552 AND 6877652
	Bitmap Heap Scan on sbtest1  (cost=5.51..421.19 rows=105 width=125)
	  Recheck Cond: ((k >= 6877552) AND (k <= 6877652))
	  ->  Bitmap Index Scan on k_1  (cost=0.00..5.48 rows=105 width=0)
	        Index Cond: ((k >= 6877552) AND (k <= 6877652))

table 2 : explain SELECT k, c FROM sbtest2 WHERE k BETWEEN 6877552 AND 6877652
	Bitmap Heap Scan on sbtest2  (cost=5.54..433.00 rows=108 width=125)
	  Recheck Cond: ((k >= 6877552) AND (k <= 6877652))
	  ->  Bitmap Index Scan on k_2  (cost=0.00..5.51 rows=108 width=0)
	        Index Cond: ((k >= 6877552) AND (k <= 6877652))

table 3 : explain SELECT k, c FROM sbtest3 WHERE k BETWEEN 6877552 AND 6877652
	Bitmap Heap Scan on sbtest3  (cost=5.55..436.94 rows=109 width=125)
	  Recheck Cond: ((k >= 6877552) AND (k <= 6877652))
	  ->  Bitmap Index Scan on k_3  (cost=0.00..5.52 rows=109 width=0)
	        Index Cond: ((k >= 6877552) AND (k <= 6877652))

table 4 : explain SELECT k, c FROM sbtest4 WHERE k BETWEEN 6877552 AND 6877652
	Bitmap Heap Scan on sbtest4  (cost=5.41..381.75 rows=95 width=125)
	  Recheck Cond: ((k >= 6877552) AND (k <= 6877652))
	  ->  Bitmap Index Scan on k_4  (cost=0.00..5.38 rows=95 width=0)
	        Index Cond: ((k >= 6877552) AND (k <= 6877652))

table 5 : explain SELECT k, c FROM sbtest5 WHERE k BETWEEN 6877552 AND 6877652
	Bitmap Heap Scan on sbtest5  (cost=5.56..440.93 rows=110 width=125)
	  Recheck Cond: ((k >= 6877552) AND (k <= 6877652))
	  ->  Bitmap Index Scan on k_5  (cost=0.00..5.53 rows=110 width=0)
	        Index Cond: ((k >= 6877552) AND (k <= 6877652))

table 6 : explain SELECT k, c FROM sbtest6 WHERE k BETWEEN 6877552 AND 6877652
	Bitmap Heap Scan on sbtest6  (cost=5.41..381.76 rows=95 width=125)
	  Recheck Cond: ((k >= 6877552) AND (k <= 6877652))
	  ->  Bitmap Index Scan on k_6  (cost=0.00..5.38 rows=95 width=0)
	        Index Cond: ((k >= 6877552) AND (k <= 6877652))

table 7 : explain SELECT k, c FROM sbtest7 WHERE k BETWEEN 6877552 AND 6877652
	Bitmap Heap Scan on sbtest7  (cost=5.48..409.41 rows=102 width=125)
	  Recheck Cond: ((k >= 6877552) AND (k <= 6877652))
	  ->  Bitmap Index Scan on k_7  (cost=0.00..5.45 rows=102 width=0)
	        Index Cond: ((k >= 6877552) AND (k <= 6877652))

table 8 : explain SELECT k, c FROM sbtest8 WHERE k BETWEEN 6877552 AND 6877652
	Bitmap Heap Scan on sbtest8  (cost=5.53..429.11 rows=107 width=125)
	  Recheck Cond: ((k >= 6877552) AND (k <= 6877652))
	  ->  Bitmap Index Scan on k_8  (cost=0.00..5.50 rows=107 width=0)
	        Index Cond: ((k >= 6877552) AND (k <= 6877652))

for range-notcovered
table 1 : explain SELECT k, c FROM sbtest1 WHERE k BETWEEN 5346008 AND 5346108
	Bitmap Heap Scan on sbtest1  (cost=5.46..401.48 rows=100 width=125)
	  Recheck Cond: ((k >= 5346008) AND (k <= 5346108))
	  ->  Bitmap Index Scan on k_1  (cost=0.00..5.43 rows=100 width=0)
	        Index Cond: ((k >= 5346008) AND (k <= 5346108))

table 2 : explain SELECT k, c FROM sbtest2 WHERE k BETWEEN 5346008 AND 5346108
	Bitmap Heap Scan on sbtest2  (cost=5.47..405.41 rows=101 width=125)
	  Recheck Cond: ((k >= 5346008) AND (k <= 5346108))
	  ->  Bitmap Index Scan on k_2  (cost=0.00..5.44 rows=101 width=0)
	        Index Cond: ((k >= 5346008) AND (k <= 5346108))

table 3 : explain SELECT k, c FROM sbtest3 WHERE k BETWEEN 5346008 AND 5346108
	Bitmap Heap Scan on sbtest3  (cost=5.51..421.18 rows=105 width=125)
	  Recheck Cond: ((k >= 5346008) AND (k <= 5346108))
	  ->  Bitmap Index Scan on k_3  (cost=0.00..5.48 rows=105 width=0)
	        Index Cond: ((k >= 5346008) AND (k <= 5346108))

table 4 : explain SELECT k, c FROM sbtest4 WHERE k BETWEEN 5346008 AND 5346108
	Bitmap Heap Scan on sbtest4  (cost=5.55..436.94 rows=109 width=125)
	  Recheck Cond: ((k >= 5346008) AND (k <= 5346108))
	  ->  Bitmap Index Scan on k_4  (cost=0.00..5.52 rows=109 width=0)
	        Index Cond: ((k >= 5346008) AND (k <= 5346108))

table 5 : explain SELECT k, c FROM sbtest5 WHERE k BETWEEN 5346008 AND 5346108
	Bitmap Heap Scan on sbtest5  (cost=5.49..413.34 rows=103 width=125)
	  Recheck Cond: ((k >= 5346008) AND (k <= 5346108))
	  ->  Bitmap Index Scan on k_5  (cost=0.00..5.46 rows=103 width=0)
	        Index Cond: ((k >= 5346008) AND (k <= 5346108))

table 6 : explain SELECT k, c FROM sbtest6 WHERE k BETWEEN 5346008 AND 5346108
	Bitmap Heap Scan on sbtest6  (cost=5.54..433.02 rows=108 width=125)
	  Recheck Cond: ((k >= 5346008) AND (k <= 5346108))
	  ->  Bitmap Index Scan on k_6  (cost=0.00..5.51 rows=108 width=0)
	        Index Cond: ((k >= 5346008) AND (k <= 5346108))

table 7 : explain SELECT k, c FROM sbtest7 WHERE k BETWEEN 5346008 AND 5346108
	Bitmap Heap Scan on sbtest7  (cost=5.46..401.52 rows=100 width=125)
	  Recheck Cond: ((k >= 5346008) AND (k <= 5346108))
	  ->  Bitmap Index Scan on k_7  (cost=0.00..5.43 rows=100 width=0)
	        Index Cond: ((k >= 5346008) AND (k <= 5346108))

table 8 : explain SELECT k, c FROM sbtest8 WHERE k BETWEEN 5346008 AND 5346108
	Bitmap Heap Scan on sbtest8  (cost=5.50..417.29 rows=104 width=125)
	  Recheck Cond: ((k >= 5346008) AND (k <= 5346108))
	  ->  Bitmap Index Scan on k_8  (cost=0.00..5.47 rows=104 width=0)
	        Index Cond: ((k >= 5346008) AND (k <= 5346108))

explain: for range-notcovered :: explain SELECT k, c FROM sbtest%d WHERE k BETWEEN 5254425 AND 5254525for range-notcovered
table 1 : explain SELECT k, c FROM sbtest1 WHERE k BETWEEN 5027797 AND 5027897
	Bitmap Heap Scan on sbtest1  (cost=5.43..389.65 rows=97 width=125)
	  Recheck Cond: ((k >= 5027797) AND (k <= 5027897))
	  ->  Bitmap Index Scan on k_1  (cost=0.00..5.40 rows=97 width=0)
	        Index Cond: ((k >= 5027797) AND (k <= 5027897))

table 2 : explain SELECT k, c FROM sbtest2 WHERE k BETWEEN 5027797 AND 5027897
	Bitmap Heap Scan on sbtest2  (cost=5.49..413.29 rows=103 width=125)
	  Recheck Cond: ((k >= 5027797) AND (k <= 5027897))
	  ->  Bitmap Index Scan on k_2  (cost=0.00..5.46 rows=103 width=0)
	        Index Cond: ((k >= 5027797) AND (k <= 5027897))

table 3 : explain SELECT k, c FROM sbtest3 WHERE k BETWEEN 5027797 AND 5027897
	Bitmap Heap Scan on sbtest3  (cost=5.48..409.36 rows=102 width=125)
	  Recheck Cond: ((k >= 5027797) AND (k <= 5027897))
	  ->  Bitmap Index Scan on k_3  (cost=0.00..5.45 rows=102 width=0)
	        Index Cond: ((k >= 5027797) AND (k <= 5027897))

table 4 : explain SELECT k, c FROM sbtest4 WHERE k BETWEEN 5027797 AND 5027897
	Bitmap Heap Scan on sbtest4  (cost=5.48..409.35 rows=102 width=125)
	  Recheck Cond: ((k >= 5027797) AND (k <= 5027897))
	  ->  Bitmap Index Scan on k_4  (cost=0.00..5.45 rows=102 width=0)
	        Index Cond: ((k >= 5027797) AND (k <= 5027897))

table 5 : explain SELECT k, c FROM sbtest5 WHERE k BETWEEN 5027797 AND 5027897
	Bitmap Heap Scan on sbtest5  (cost=5.42..385.74 rows=96 width=125)
	  Recheck Cond: ((k >= 5027797) AND (k <= 5027897))
	  ->  Bitmap Index Scan on k_5  (cost=0.00..5.39 rows=96 width=0)
	        Index Cond: ((k >= 5027797) AND (k <= 5027897))

table 6 : explain SELECT k, c FROM sbtest6 WHERE k BETWEEN 5027797 AND 5027897
	Bitmap Heap Scan on sbtest6  (cost=5.49..413.31 rows=103 width=125)
	  Recheck Cond: ((k >= 5027797) AND (k <= 5027897))
	  ->  Bitmap Index Scan on k_6  (cost=0.00..5.46 rows=103 width=0)
	        Index Cond: ((k >= 5027797) AND (k <= 5027897))

table 7 : explain SELECT k, c FROM sbtest7 WHERE k BETWEEN 5027797 AND 5027897
	Bitmap Heap Scan on sbtest7  (cost=5.54..433.06 rows=108 width=125)
	  Recheck Cond: ((k >= 5027797) AND (k <= 5027897))
	  ->  Bitmap Index Scan on k_7  (cost=0.00..5.51 rows=108 width=0)
	        Index Cond: ((k >= 5027797) AND (k <= 5027897))

table 8 : explain SELECT k, c FROM sbtest8 WHERE k BETWEEN 5027797 AND 5027897
	Bitmap Heap Scan on sbtest8  (cost=5.41..381.79 rows=95 width=125)
	  Recheck Cond: ((k >= 5027797) AND (k <= 5027897))
	  ->  Bitmap Index Scan on k_8  (cost=0.00..5.38 rows=95 width=0)
	        Index Cond: ((k >= 5027797) AND (k <= 5027897))

for range-notcovered
table 1 : explain SELECT k, c FROM sbtest1 WHERE k BETWEEN 6055677 AND 6055777
	Bitmap Heap Scan on sbtest1  (cost=5.48..409.36 rows=102 width=125)
	  Recheck Cond: ((k >= 6055677) AND (k <= 6055777))
	  ->  Bitmap Index Scan on k_1  (cost=0.00..5.45 rows=102 width=0)
	        Index Cond: ((k >= 6055677) AND (k <= 6055777))

table 2 : explain SELECT k, c FROM sbtest2 WHERE k BETWEEN 6055677 AND 6055777
	Bitmap Heap Scan on sbtest2  (cost=5.63..468.44 rows=117 width=125)
	  Recheck Cond: ((k >= 6055677) AND (k <= 6055777))
	  ->  Bitmap Index Scan on k_2  (cost=0.00..5.60 rows=117 width=0)
	        Index Cond: ((k >= 6055677) AND (k <= 6055777))

table 3 : explain SELECT k, c FROM sbtest3 WHERE k BETWEEN 6055677 AND 6055777
	Bitmap Heap Scan on sbtest3  (cost=5.60..456.63 rows=114 width=125)
	  Recheck Cond: ((k >= 6055677) AND (k <= 6055777))
	  ->  Bitmap Index Scan on k_3  (cost=0.00..5.58 rows=114 width=0)
	        Index Cond: ((k >= 6055677) AND (k <= 6055777))

table 4 : explain SELECT k, c FROM sbtest4 WHERE k BETWEEN 6055677 AND 6055777
	Bitmap Heap Scan on sbtest4  (cost=5.36..362.02 rows=90 width=125)
	  Recheck Cond: ((k >= 6055677) AND (k <= 6055777))
	  ->  Bitmap Index Scan on k_4  (cost=0.00..5.33 rows=90 width=0)
	        Index Cond: ((k >= 6055677) AND (k <= 6055777))

table 5 : explain SELECT k, c FROM sbtest5 WHERE k BETWEEN 6055677 AND 6055777
	Bitmap Heap Scan on sbtest5  (cost=5.43..389.68 rows=97 width=125)
	  Recheck Cond: ((k >= 6055677) AND (k <= 6055777))
	  ->  Bitmap Index Scan on k_5  (cost=0.00..5.40 rows=97 width=0)
	        Index Cond: ((k >= 6055677) AND (k <= 6055777))

table 6 : explain SELECT k, c FROM sbtest6 WHERE k BETWEEN 6055677 AND 6055777
	Bitmap Heap Scan on sbtest6  (cost=5.51..421.19 rows=105 width=125)
	  Recheck Cond: ((k >= 6055677) AND (k <= 6055777))
	  ->  Bitmap Index Scan on k_6  (cost=0.00..5.48 rows=105 width=0)
	        Index Cond: ((k >= 6055677) AND (k <= 6055777))

table 7 : explain SELECT k, c FROM sbtest7 WHERE k BETWEEN 6055677 AND 6055777
	Bitmap Heap Scan on sbtest7  (cost=5.53..429.12 rows=107 width=125)
	  Recheck Cond: ((k >= 6055677) AND (k <= 6055777))
	  ->  Bitmap Index Scan on k_7  (cost=0.00..5.50 rows=107 width=0)
	        Index Cond: ((k >= 6055677) AND (k <= 6055777))

table 8 : explain SELECT k, c FROM sbtest8 WHERE k BETWEEN 6055677 AND 6055777
	Bitmap Heap Scan on sbtest8  (cost=5.44..393.63 rows=98 width=125)
	  Recheck Cond: ((k >= 6055677) AND (k <= 6055777))
	  ->  Bitmap Index Scan on k_8  (cost=0.00..5.42 rows=98 width=0)
	        Index Cond: ((k >= 6055677) AND (k <= 6055777))
explain: for range-notcovered :: explain SELECT k, c FROM sbtest%d WHERE k BETWEEN 6877552 AND 6877652
explain: for range-notcovered :: explain SELECT k, c FROM sbtest%d WHERE k BETWEEN 2951443 AND 2951543explain: for range-notcovered :: explain SELECT k, c FROM sbtest%d WHERE k BETWEEN 8303696 AND 8303796


explain: for range-notcovered :: explain SELECT k, c FROM sbtest%d WHERE k BETWEEN 8425699 AND 8425799

for range-notcovered
table 1 : explain SELECT k, c FROM sbtest1 WHERE k BETWEEN 6262792 AND 6262892
	Bitmap Heap Scan on sbtest1  (cost=5.35..358.08 rows=89 width=125)
	  Recheck Cond: ((k >= 6262792) AND (k <= 6262892))
	  ->  Bitmap Index Scan on k_1  (cost=0.00..5.32 rows=89 width=0)
	        Index Cond: ((k >= 6262792) AND (k <= 6262892))

table 2 : explain SELECT k, c FROM sbtest2 WHERE k BETWEEN 6262792 AND 6262892
	Bitmap Heap Scan on sbtest2  (cost=5.49..413.29 rows=103 width=125)
	  Recheck Cond: ((k >= 6262792) AND (k <= 6262892))
	  ->  Bitmap Index Scan on k_2  (cost=0.00..5.46 rows=103 width=0)
	        Index Cond: ((k >= 6262792) AND (k <= 6262892))

table 3 : explain SELECT k, c FROM sbtest3 WHERE k BETWEEN 6262792 AND 6262892
	Bitmap Heap Scan on sbtest3  (cost=5.50..417.24 rows=104 width=125)
	  Recheck Cond: ((k >= 6262792) AND (k <= 6262892))
	  ->  Bitmap Index Scan on k_3  (cost=0.00..5.47 rows=104 width=0)
	        Index Cond: ((k >= 6262792) AND (k <= 6262892))

table 4 : explain SELECT k, c FROM sbtest4 WHERE k BETWEEN 6262792 AND 6262892
	Bitmap Heap Scan on sbtest4  (cost=5.49..413.30 rows=103 width=125)
	  Recheck Cond: ((k >= 6262792) AND (k <= 6262892))
	  ->  Bitmap Index Scan on k_4  (cost=0.00..5.46 rows=103 width=0)
	        Index Cond: ((k >= 6262792) AND (k <= 6262892))

table 5 : explain SELECT k, c FROM sbtest5 WHERE k BETWEEN 6262792 AND 6262892
	Bitmap Heap Scan on sbtest5  (cost=5.44..393.62 rows=98 width=125)
	  Recheck Cond: ((k >= 6262792) AND (k <= 6262892))
	  ->  Bitmap Index Scan on k_5  (cost=0.00..5.42 rows=98 width=0)
	        Index Cond: ((k >= 6262792) AND (k <= 6262892))

table 6 : explain SELECT k, c FROM sbtest6 WHERE k BETWEEN 6262792 AND 6262892
	Bitmap Heap Scan on sbtest6  (cost=5.47..405.43 rows=101 width=125)
	  Recheck Cond: ((k >= 6262792) AND (k <= 6262892))
	  ->  Bitmap Index Scan on k_6  (cost=0.00..5.44 rows=101 width=0)
	        Index Cond: ((k >= 6262792) AND (k <= 6262892))

table 7 : explain SELECT k, c FROM sbtest7 WHERE k BETWEEN 6262792 AND 6262892
	Bitmap Heap Scan on sbtest7  (cost=5.42..385.74 rows=96 width=125)
	  Recheck Cond: ((k >= 6262792) AND (k <= 6262892))
	  ->  Bitmap Index Scan on k_7  (cost=0.00..5.39 rows=96 width=0)
	        Index Cond: ((k >= 6262792) AND (k <= 6262892))

table 8 : explain SELECT k, c FROM sbtest8 WHERE k BETWEEN 6262792 AND 6262892
	Bitmap Heap Scan on sbtest8  (cost=5.51..421.23 rows=105 width=125)
	  Recheck Cond: ((k >= 6262792) AND (k <= 6262892))
	  ->  Bitmap Index Scan on k_8  (cost=0.00..5.48 rows=105 width=0)
	        Index Cond: ((k >= 6262792) AND (k <= 6262892))

for range-notcovered
table 1 : explain SELECT k, c FROM sbtest1 WHERE k BETWEEN 2407929 AND 2408029
	Bitmap Heap Scan on sbtest1  (cost=5.41..381.76 rows=95 width=125)
	  Recheck Cond: ((k >= 2407929) AND (k <= 2408029))
	  ->  Bitmap Index Scan on k_1  (cost=0.00..5.38 rows=95 width=0)
	        Index Cond: ((k >= 2407929) AND (k <= 2408029))

table 2 : explain SELECT k, c FROM sbtest2 WHERE k BETWEEN 2407929 AND 2408029
	Bitmap Heap Scan on sbtest2  (cost=5.41..381.75 rows=95 width=125)
	  Recheck Cond: ((k >= 2407929) AND (k <= 2408029))
	  ->  Bitmap Index Scan on k_2  (cost=0.00..5.38 rows=95 width=0)
	        Index Cond: ((k >= 2407929) AND (k <= 2408029))

table 3 : explain SELECT k, c FROM sbtest3 WHERE k BETWEEN 2407929 AND 2408029
	Bitmap Heap Scan on sbtest3  (cost=5.57..444.82 rows=111 width=125)
	  Recheck Cond: ((k >= 2407929) AND (k <= 2408029))
	  ->  Bitmap Index Scan on k_3  (cost=0.00..5.54 rows=111 width=0)
	        Index Cond: ((k >= 2407929) AND (k <= 2408029))

table 4 : explain SELECT k, c FROM sbtest4 WHERE k BETWEEN 2407929 AND 2408029
	Bitmap Heap Scan on sbtest4  (cost=5.55..436.94 rows=109 width=125)
	  Recheck Cond: ((k >= 2407929) AND (k <= 2408029))
	  ->  Bitmap Index Scan on k_4  (cost=0.00..5.52 rows=109 width=0)
	        Index Cond: ((k >= 2407929) AND (k <= 2408029))

table 5 : explain SELECT k, c FROM sbtest5 WHERE k BETWEEN 2407929 AND 2408029
	Bitmap Heap Scan on sbtest5  (cost=5.42..385.74 rows=96 width=125)
	  Recheck Cond: ((k >= 2407929) AND (k <= 2408029))
	  ->  Bitmap Index Scan on k_5  (cost=0.00..5.39 rows=96 width=0)
	        Index Cond: ((k >= 2407929) AND (k <= 2408029))

table 6 : explain SELECT k, c FROM sbtest6 WHERE k BETWEEN 2407929 AND 2408029
	Bitmap Heap Scan on sbtest6  (cost=5.41..381.76 rows=95 width=125)
	  Recheck Cond: ((k >= 2407929) AND (k <= 2408029))
	  ->  Bitmap Index Scan on k_6  (cost=0.00..5.38 rows=95 width=0)
	        Index Cond: ((k >= 2407929) AND (k <= 2408029))

table 7 : explain SELECT k, c FROM sbtest7 WHERE k BETWEEN 2407929 AND 2408029
	Bitmap Heap Scan on sbtest7  (cost=5.51..421.23 rows=105 width=125)
	  Recheck Cond: ((k >= 2407929) AND (k <= 2408029))
	  ->  Bitmap Index Scan on k_7  (cost=0.00..5.48 rows=105 width=0)
	        Index Cond: ((k >= 2407929) AND (k <= 2408029))

table 8 : explain SELECT k, c FROM sbtest8 WHERE k BETWEEN 2407929 AND 2408029
	Bitmap Heap Scan on sbtest8  (cost=5.50..417.29 rows=104 width=125)
	  Recheck Cond: ((k >= 2407929) AND (k <= 2408029))
	  ->  Bitmap Index Scan on k_8  (cost=0.00..5.47 rows=104 width=0)
	        Index Cond: ((k >= 2407929) AND (k <= 2408029))
for range-notcovered
table 1 : explain SELECT k, c FROM sbtest1 WHERE k BETWEEN 3027490 AND 3027590
	Bitmap Heap Scan on sbtest1  (cost=5.47..405.42 rows=101 width=125)
	  Recheck Cond: ((k >= 3027490) AND (k <= 3027590))
	  ->  Bitmap Index Scan on k_1  (cost=0.00..5.44 rows=101 width=0)
	        Index Cond: ((k >= 3027490) AND (k <= 3027590))

table 2 : explain SELECT k, c FROM sbtest2 WHERE k BETWEEN 3027490 AND 3027590
	Bitmap Heap Scan on sbtest2  (cost=5.50..417.24 rows=104 width=125)
	  Recheck Cond: ((k >= 3027490) AND (k <= 3027590))
	  ->  Bitmap Index Scan on k_2  (cost=0.00..5.47 rows=104 width=0)
	        Index Cond: ((k >= 3027490) AND (k <= 3027590))

table 3 : explain SELECT k, c FROM sbtest3 WHERE k BETWEEN 3027490 AND 3027590
	Bitmap Heap Scan on sbtest3  (cost=5.38..369.91 rows=92 width=125)
	  Recheck Cond: ((k >= 3027490) AND (k <= 3027590))
	  ->  Bitmap Index Scan on k_3  (cost=0.00..5.35 rows=92 width=0)
	        Index Cond: ((k >= 3027490) AND (k <= 3027590))

table 4 : explain SELECT k, c FROM sbtest4 WHERE k BETWEEN 3027490 AND 3027590
	Bitmap Heap Scan on sbtest4  (cost=5.43..389.64 rows=97 width=125)
	  Recheck Cond: ((k >= 3027490) AND (k <= 3027590))
	  ->  Bitmap Index Scan on k_4  (cost=0.00..5.40 rows=97 width=0)
	        Index Cond: ((k >= 3027490) AND (k <= 3027590))

table 5 : explain SELECT k, c FROM sbtest5 WHERE k BETWEEN 3027490 AND 3027590
	Bitmap Heap Scan on sbtest5  (cost=5.45..397.57 rows=99 width=125)
	  Recheck Cond: ((k >= 3027490) AND (k <= 3027590))
	  ->  Bitmap Index Scan on k_5  (cost=0.00..5.42 rows=99 width=0)
	        Index Cond: ((k >= 3027490) AND (k <= 3027590))

table 6 : explain SELECT k, c FROM sbtest6 WHERE k BETWEEN 3027490 AND 3027590
	Bitmap Heap Scan on sbtest6  (cost=5.50..417.25 rows=104 width=125)
	  Recheck Cond: ((k >= 3027490) AND (k <= 3027590))
	  ->  Bitmap Index Scan on k_6  (cost=0.00..5.47 rows=104 width=0)
	        Index Cond: ((k >= 3027490) AND (k <= 3027590))

table 7 : explain SELECT k, c FROM sbtest7 WHERE k BETWEEN 3027490 AND 3027590
	Bitmap Heap Scan on sbtest7  (cost=5.44..393.63 rows=98 width=125)
	  Recheck Cond: ((k >= 3027490) AND (k <= 3027590))
	  ->  Bitmap Index Scan on k_7  (cost=0.00..5.42 rows=98 width=0)
	        Index Cond: ((k >= 3027490) AND (k <= 3027590))

table 8 : explain SELECT k, c FROM sbtest8 WHERE k BETWEEN 3027490 AND 3027590
	Bitmap Heap Scan on sbtest8  (cost=5.51..421.23 rows=105 width=125)
	  Recheck Cond: ((k >= 3027490) AND (k <= 3027590))
	  ->  Bitmap Index Scan on k_8  (cost=0.00..5.48 rows=105 width=0)
	        Index Cond: ((k >= 3027490) AND (k <= 3027590))

explain: for range-notcovered :: explain SELECT k, c FROM sbtest%d WHERE k BETWEEN 3520505 AND 3520605
explain: for range-notcovered :: explain SELECT k, c FROM sbtest%d WHERE k BETWEEN 5643096 AND 5643196

explain: for range-notcovered :: explain SELECT k, c FROM sbtest%d WHERE k BETWEEN 2885741 AND 2885841


explain: for range-notcovered :: explain SELECT k, c FROM sbtest%d WHERE k BETWEEN 7238566 AND 7238666

explain: for range-notcovered :: explain SELECT k, c FROM sbtest%d WHERE k BETWEEN 6055677 AND 6055777explain: for range-notcovered :: explain SELECT k, c FROM sbtest%d WHERE k BETWEEN 5346008 AND 5346108explain: for range-notcovered :: explain SELECT k, c FROM sbtest%d WHERE k BETWEEN 5027797 AND 5027897for range-notcovered
table 1 : explain SELECT k, c FROM sbtest1 WHERE k BETWEEN 4170423 AND 4170523
	Bitmap Heap Scan on sbtest1  (cost=5.44..393.59 rows=98 width=125)
	  Recheck Cond: ((k >= 4170423) AND (k <= 4170523))
	  ->  Bitmap Index Scan on k_1  (cost=0.00..5.42 rows=98 width=0)
	        Index Cond: ((k >= 4170423) AND (k <= 4170523))

table 2 : explain SELECT k, c FROM sbtest2 WHERE k BETWEEN 4170423 AND 4170523
	Bitmap Heap Scan on sbtest2  (cost=5.56..440.88 rows=110 width=125)
	  Recheck Cond: ((k >= 4170423) AND (k <= 4170523))
	  ->  Bitmap Index Scan on k_2  (cost=0.00..5.53 rows=110 width=0)
	        Index Cond: ((k >= 4170423) AND (k <= 4170523))

table 3 : explain SELECT k, c FROM sbtest3 WHERE k BETWEEN 4170423 AND 4170523
	Bitmap Heap Scan on sbtest3  (cost=5.48..409.36 rows=102 width=125)
	  Recheck Cond: ((k >= 4170423) AND (k <= 4170523))
	  ->  Bitmap Index Scan on k_3  (cost=0.00..5.45 rows=102 width=0)
	        Index Cond: ((k >= 4170423) AND (k <= 4170523))

table 4 : explain SELECT k, c FROM sbtest4 WHERE k BETWEEN 4170423 AND 4170523
	Bitmap Heap Scan on sbtest4  (cost=5.49..413.30 rows=103 width=125)
	  Recheck Cond: ((k >= 4170423) AND (k <= 4170523))
	  ->  Bitmap Index Scan on k_4  (cost=0.00..5.46 rows=103 width=0)
	        Index Cond: ((k >= 4170423) AND (k <= 4170523))

table 5 : explain SELECT k, c FROM sbtest5 WHERE k BETWEEN 4170423 AND 4170523
	Bitmap Heap Scan on sbtest5  (cost=5.41..381.79 rows=95 width=125)
	  Recheck Cond: ((k >= 4170423) AND (k <= 4170523))
	  ->  Bitmap Index Scan on k_5  (cost=0.00..5.38 rows=95 width=0)
	        Index Cond: ((k >= 4170423) AND (k <= 4170523))

table 6 : explain SELECT k, c FROM sbtest6 WHERE k BETWEEN 4170423 AND 4170523
	Bitmap Heap Scan on sbtest6  (cost=5.57..444.83 rows=111 width=125)
	  Recheck Cond: ((k >= 4170423) AND (k <= 4170523))
	  ->  Bitmap Index Scan on k_6  (cost=0.00..5.54 rows=111 width=0)
	        Index Cond: ((k >= 4170423) AND (k <= 4170523))

table 7 : explain SELECT k, c FROM sbtest7 WHERE k BETWEEN 4170423 AND 4170523
	Bitmap Heap Scan on sbtest7  (cost=5.50..417.29 rows=104 width=125)
	  Recheck Cond: ((k >= 4170423) AND (k <= 4170523))
	  ->  Bitmap Index Scan on k_7  (cost=0.00..5.47 rows=104 width=0)
	        Index Cond: ((k >= 4170423) AND (k <= 4170523))

table 8 : explain SELECT k, c FROM sbtest8 WHERE k BETWEEN 4170423 AND 4170523
	Bitmap Heap Scan on sbtest8  (cost=5.47..405.46 rows=101 width=125)
	  Recheck Cond: ((k >= 4170423) AND (k <= 4170523))
	  ->  Bitmap Index Scan on k_8  (cost=0.00..5.44 rows=101 width=0)
	        Index Cond: ((k >= 4170423) AND (k <= 4170523))


for range-notcovered
table 1 : explain SELECT k, c FROM sbtest1 WHERE k BETWEEN 4268992 AND 4269092
	Bitmap Heap Scan on sbtest1  (cost=5.46..401.48 rows=100 width=125)
	  Recheck Cond: ((k >= 4268992) AND (k <= 4269092))
	  ->  Bitmap Index Scan on k_1  (cost=0.00..5.43 rows=100 width=0)
	        Index Cond: ((k >= 4268992) AND (k <= 4269092))

table 2 : explain SELECT k, c FROM sbtest2 WHERE k BETWEEN 4268992 AND 4269092
	Bitmap Heap Scan on sbtest2  (cost=5.48..409.35 rows=102 width=125)
	  Recheck Cond: ((k >= 4268992) AND (k <= 4269092))
	  ->  Bitmap Index Scan on k_2  (cost=0.00..5.45 rows=102 width=0)
	        Index Cond: ((k >= 4268992) AND (k <= 4269092))

table 3 : explain SELECT k, c FROM sbtest3 WHERE k BETWEEN 4268992 AND 4269092
	Bitmap Heap Scan on sbtest3  (cost=5.45..397.53 rows=99 width=125)
	  Recheck Cond: ((k >= 4268992) AND (k <= 4269092))
	  ->  Bitmap Index Scan on k_3  (cost=0.00..5.42 rows=99 width=0)
	        Index Cond: ((k >= 4268992) AND (k <= 4269092))

table 4 : explain SELECT k, c FROM sbtest4 WHERE k BETWEEN 4268992 AND 4269092
	Bitmap Heap Scan on sbtest4  (cost=5.51..421.18 rows=105 width=125)
	  Recheck Cond: ((k >= 4268992) AND (k <= 4269092))
	  ->  Bitmap Index Scan on k_4  (cost=0.00..5.48 rows=105 width=0)
	        Index Cond: ((k >= 4268992) AND (k <= 4269092))

table 5 : explain SELECT k, c FROM sbtest5 WHERE k BETWEEN 4268992 AND 4269092
	Bitmap Heap Scan on sbtest5  (cost=5.51..421.23 rows=105 width=125)
	  Recheck Cond: ((k >= 4268992) AND (k <= 4269092))
	  ->  Bitmap Index Scan on k_5  (cost=0.00..5.48 rows=105 width=0)
	        Index Cond: ((k >= 4268992) AND (k <= 4269092))

table 6 : explain SELECT k, c FROM sbtest6 WHERE k BETWEEN 4268992 AND 4269092
	Bitmap Heap Scan on sbtest6  (cost=5.50..417.25 rows=104 width=125)
	  Recheck Cond: ((k >= 4268992) AND (k <= 4269092))
	  ->  Bitmap Index Scan on k_6  (cost=0.00..5.47 rows=104 width=0)
	        Index Cond: ((k >= 4268992) AND (k <= 4269092))

table 7 : explain SELECT k, c FROM sbtest7 WHERE k BETWEEN 4268992 AND 4269092
	Bitmap Heap Scan on sbtest7  (cost=5.40..377.85 rows=94 width=125)
	  Recheck Cond: ((k >= 4268992) AND (k <= 4269092))
	  ->  Bitmap Index Scan on k_7  (cost=0.00..5.38 rows=94 width=0)
	        Index Cond: ((k >= 4268992) AND (k <= 4269092))

table 8 : explain SELECT k, c FROM sbtest8 WHERE k BETWEEN 4268992 AND 4269092
	Bitmap Heap Scan on sbtest8  (cost=5.38..369.95 rows=92 width=125)
	  Recheck Cond: ((k >= 4268992) AND (k <= 4269092))
	  ->  Bitmap Index Scan on k_8  (cost=0.00..5.35 rows=92 width=0)
	        Index Cond: ((k >= 4268992) AND (k <= 4269092))

for range-notcovered
table 1 : explain SELECT k, c FROM sbtest1 WHERE k BETWEEN 2353440 AND 2353540
	Bitmap Heap Scan on sbtest1  (cost=5.50..417.24 rows=104 width=125)
	  Recheck Cond: ((k >= 2353440) AND (k <= 2353540))
	  ->  Bitmap Index Scan on k_1  (cost=0.00..5.47 rows=104 width=0)
	        Index Cond: ((k >= 2353440) AND (k <= 2353540))

table 2 : explain SELECT k, c FROM sbtest2 WHERE k BETWEEN 2353440 AND 2353540
	Bitmap Heap Scan on sbtest2  (cost=5.41..381.75 rows=95 width=125)
	  Recheck Cond: ((k >= 2353440) AND (k <= 2353540))
	  ->  Bitmap Index Scan on k_2  (cost=0.00..5.38 rows=95 width=0)
	        Index Cond: ((k >= 2353440) AND (k <= 2353540))

table 3 : explain SELECT k, c FROM sbtest3 WHERE k BETWEEN 2353440 AND 2353540
	Bitmap Heap Scan on sbtest3  (cost=5.57..444.82 rows=111 width=125)
	  Recheck Cond: ((k >= 2353440) AND (k <= 2353540))
	  ->  Bitmap Index Scan on k_3  (cost=0.00..5.54 rows=111 width=0)
	        Index Cond: ((k >= 2353440) AND (k <= 2353540))

table 4 : explain SELECT k, c FROM sbtest4 WHERE k BETWEEN 2353440 AND 2353540
	Bitmap Heap Scan on sbtest4  (cost=5.55..436.94 rows=109 width=125)
	  Recheck Cond: ((k >= 2353440) AND (k <= 2353540))
	  ->  Bitmap Index Scan on k_4  (cost=0.00..5.52 rows=109 width=0)
	        Index Cond: ((k >= 2353440) AND (k <= 2353540))

table 5 : explain SELECT k, c FROM sbtest5 WHERE k BETWEEN 2353440 AND 2353540
	Bitmap Heap Scan on sbtest5  (cost=5.42..385.74 rows=96 width=125)
	  Recheck Cond: ((k >= 2353440) AND (k <= 2353540))
	  ->  Bitmap Index Scan on k_5  (cost=0.00..5.39 rows=96 width=0)
	        Index Cond: ((k >= 2353440) AND (k <= 2353540))

table 6 : explain SELECT k, c FROM sbtest6 WHERE k BETWEEN 2353440 AND 2353540
	Bitmap Heap Scan on sbtest6  (cost=5.45..397.54 rows=99 width=125)
	  Recheck Cond: ((k >= 2353440) AND (k <= 2353540))
	  ->  Bitmap Index Scan on k_6  (cost=0.00..5.42 rows=99 width=0)
	        Index Cond: ((k >= 2353440) AND (k <= 2353540))

table 7 : explain SELECT k, c FROM sbtest7 WHERE k BETWEEN 2353440 AND 2353540
	Bitmap Heap Scan on sbtest7  (cost=5.56..440.94 rows=110 width=125)
	  Recheck Cond: ((k >= 2353440) AND (k <= 2353540))
	  ->  Bitmap Index Scan on k_7  (cost=0.00..5.53 rows=110 width=0)
	        Index Cond: ((k >= 2353440) AND (k <= 2353540))

table 8 : explain SELECT k, c FROM sbtest8 WHERE k BETWEEN 2353440 AND 2353540
	Bitmap Heap Scan on sbtest8  (cost=5.49..413.34 rows=103 width=125)
	  Recheck Cond: ((k >= 2353440) AND (k <= 2353540))
	  ->  Bitmap Index Scan on k_8  (cost=0.00..5.46 rows=103 width=0)
	        Index Cond: ((k >= 2353440) AND (k <= 2353540))

for range-notcovered
table 1 : explain SELECT k, c FROM sbtest1 WHERE k BETWEEN 3062718 AND 3062818
	Bitmap Heap Scan on sbtest1  (cost=5.47..405.42 rows=101 width=125)
	  Recheck Cond: ((k >= 3062718) AND (k <= 3062818))
	  ->  Bitmap Index Scan on k_1  (cost=0.00..5.44 rows=101 width=0)
	        Index Cond: ((k >= 3062718) AND (k <= 3062818))

table 2 : explain SELECT k, c FROM sbtest2 WHERE k BETWEEN 3062718 AND 3062818
	Bitmap Heap Scan on sbtest2  (cost=5.50..417.24 rows=104 width=125)
	  Recheck Cond: ((k >= 3062718) AND (k <= 3062818))
	  ->  Bitmap Index Scan on k_2  (cost=0.00..5.47 rows=104 width=0)
	        Index Cond: ((k >= 3062718) AND (k <= 3062818))

table 3 : explain SELECT k, c FROM sbtest3 WHERE k BETWEEN 3062718 AND 3062818
	Bitmap Heap Scan on sbtest3  (cost=5.38..369.91 rows=92 width=125)
	  Recheck Cond: ((k >= 3062718) AND (k <= 3062818))
	  ->  Bitmap Index Scan on k_3  (cost=0.00..5.35 rows=92 width=0)
	        Index Cond: ((k >= 3062718) AND (k <= 3062818))

table 4 : explain SELECT k, c FROM sbtest4 WHERE k BETWEEN 3062718 AND 3062818
	Bitmap Heap Scan on sbtest4  (cost=5.43..389.64 rows=97 width=125)
	  Recheck Cond: ((k >= 3062718) AND (k <= 3062818))
	  ->  Bitmap Index Scan on k_4  (cost=0.00..5.40 rows=97 width=0)
	        Index Cond: ((k >= 3062718) AND (k <= 3062818))

table 5 : explain SELECT k, c FROM sbtest5 WHERE k BETWEEN 3062718 AND 3062818
	Bitmap Heap Scan on sbtest5  (cost=5.45..397.57 rows=99 width=125)
	  Recheck Cond: ((k >= 3062718) AND (k <= 3062818))
	  ->  Bitmap Index Scan on k_5  (cost=0.00..5.42 rows=99 width=0)
	        Index Cond: ((k >= 3062718) AND (k <= 3062818))

table 6 : explain SELECT k, c FROM sbtest6 WHERE k BETWEEN 3062718 AND 3062818
	Bitmap Heap Scan on sbtest6  (cost=5.50..417.25 rows=104 width=125)
	  Recheck Cond: ((k >= 3062718) AND (k <= 3062818))
	  ->  Bitmap Index Scan on k_6  (cost=0.00..5.47 rows=104 width=0)
	        Index Cond: ((k >= 3062718) AND (k <= 3062818))

table 7 : explain SELECT k, c FROM sbtest7 WHERE k BETWEEN 3062718 AND 3062818
	Bitmap Heap Scan on sbtest7  (cost=5.44..393.63 rows=98 width=125)
	  Recheck Cond: ((k >= 3062718) AND (k <= 3062818))
	  ->  Bitmap Index Scan on k_7  (cost=0.00..5.42 rows=98 width=0)
	        Index Cond: ((k >= 3062718) AND (k <= 3062818))

table 8 : explain SELECT k, c FROM sbtest8 WHERE k BETWEEN 3062718 AND 3062818
	Bitmap Heap Scan on sbtest8  (cost=5.51..421.23 rows=105 width=125)
	  Recheck Cond: ((k >= 3062718) AND (k <= 3062818))
	  ->  Bitmap Index Scan on k_8  (cost=0.00..5.48 rows=105 width=0)
	        Index Cond: ((k >= 3062718) AND (k <= 3062818))




explain: for range-notcovered :: explain SELECT k, c FROM sbtest%d WHERE k BETWEEN 4170423 AND 4170523
for range-notcovered
table 1 : explain SELECT k, c FROM sbtest1 WHERE k BETWEEN 4721381 AND 4721481
	Bitmap Heap Scan on sbtest1  (cost=5.49..413.30 rows=103 width=125)
	  Recheck Cond: ((k >= 4721381) AND (k <= 4721481))
	  ->  Bitmap Index Scan on k_1  (cost=0.00..5.46 rows=103 width=0)
	        Index Cond: ((k >= 4721381) AND (k <= 4721481))

table 2 : explain SELECT k, c FROM sbtest2 WHERE k BETWEEN 4721381 AND 4721481
	Bitmap Heap Scan on sbtest2  (cost=5.61..460.57 rows=115 width=125)
	  Recheck Cond: ((k >= 4721381) AND (k <= 4721481))
	  ->  Bitmap Index Scan on k_2  (cost=0.00..5.58 rows=115 width=0)
	        Index Cond: ((k >= 4721381) AND (k <= 4721481))

table 3 : explain SELECT k, c FROM sbtest3 WHERE k BETWEEN 4721381 AND 4721481
	Bitmap Heap Scan on sbtest3  (cost=5.49..413.30 rows=103 width=125)
	  Recheck Cond: ((k >= 4721381) AND (k <= 4721481))
	  ->  Bitmap Index Scan on k_3  (cost=0.00..5.46 rows=103 width=0)
	        Index Cond: ((k >= 4721381) AND (k <= 4721481))

table 4 : explain SELECT k, c FROM sbtest4 WHERE k BETWEEN 4721381 AND 4721481
	Bitmap Heap Scan on sbtest4  (cost=5.49..413.30 rows=103 width=125)
	  Recheck Cond: ((k >= 4721381) AND (k <= 4721481))
	  ->  Bitmap Index Scan on k_4  (cost=0.00..5.46 rows=103 width=0)
	        Index Cond: ((k >= 4721381) AND (k <= 4721481))

table 5 : explain SELECT k, c FROM sbtest5 WHERE k BETWEEN 4721381 AND 4721481
	Bitmap Heap Scan on sbtest5  (cost=5.40..377.84 rows=94 width=125)
	  Recheck Cond: ((k >= 4721381) AND (k <= 4721481))
	  ->  Bitmap Index Scan on k_5  (cost=0.00..5.38 rows=94 width=0)
	        Index Cond: ((k >= 4721381) AND (k <= 4721481))

table 6 : explain SELECT k, c FROM sbtest6 WHERE k BETWEEN 4721381 AND 4721481
	Bitmap Heap Scan on sbtest6  (cost=5.57..444.83 rows=111 width=125)
	  Recheck Cond: ((k >= 4721381) AND (k <= 4721481))
	  ->  Bitmap Index Scan on k_6  (cost=0.00..5.54 rows=111 width=0)
	        Index Cond: ((k >= 4721381) AND (k <= 4721481))

table 7 : explain SELECT k, c FROM sbtest7 WHERE k BETWEEN 4721381 AND 4721481
	Bitmap Heap Scan on sbtest7  (cost=5.53..429.12 rows=107 width=125)
	  Recheck Cond: ((k >= 4721381) AND (k <= 4721481))
	  ->  Bitmap Index Scan on k_7  (cost=0.00..5.50 rows=107 width=0)
	        Index Cond: ((k >= 4721381) AND (k <= 4721481))

table 8 : explain SELECT k, c FROM sbtest8 WHERE k BETWEEN 4721381 AND 4721481
	Bitmap Heap Scan on sbtest8  (cost=5.53..429.11 rows=107 width=125)
	  Recheck Cond: ((k >= 4721381) AND (k <= 4721481))
	  ->  Bitmap Index Scan on k_8  (cost=0.00..5.50 rows=107 width=0)
	        Index Cond: ((k >= 4721381) AND (k <= 4721481))

explain: for range-notcovered :: explain SELECT k, c FROM sbtest%d WHERE k BETWEEN 5802285 AND 5802385

explain: for range-notcovered :: explain SELECT k, c FROM sbtest%d WHERE k BETWEEN 2353440 AND 2353540
for range-notcovered
table 1 : explain SELECT k, c FROM sbtest1 WHERE k BETWEEN 5263201 AND 5263301
	Bitmap Heap Scan on sbtest1  (cost=5.46..401.48 rows=100 width=125)
	  Recheck Cond: ((k >= 5263201) AND (k <= 5263301))
	  ->  Bitmap Index Scan on k_1  (cost=0.00..5.43 rows=100 width=0)
	        Index Cond: ((k >= 5263201) AND (k <= 5263301))

table 2 : explain SELECT k, c FROM sbtest2 WHERE k BETWEEN 5263201 AND 5263301
	Bitmap Heap Scan on sbtest2  (cost=5.58..448.75 rows=112 width=125)
	  Recheck Cond: ((k >= 5263201) AND (k <= 5263301))
	  ->  Bitmap Index Scan on k_2  (cost=0.00..5.55 rows=112 width=0)
	        Index Cond: ((k >= 5263201) AND (k <= 5263301))

table 3 : explain SELECT k, c FROM sbtest3 WHERE k BETWEEN 5263201 AND 5263301
	Bitmap Heap Scan on sbtest3  (cost=5.49..413.30 rows=103 width=125)
	  Recheck Cond: ((k >= 5263201) AND (k <= 5263301))
	  ->  Bitmap Index Scan on k_3  (cost=0.00..5.46 rows=103 width=0)
	        Index Cond: ((k >= 5263201) AND (k <= 5263301))

table 4 : explain SELECT k, c FROM sbtest4 WHERE k BETWEEN 5263201 AND 5263301
	Bitmap Heap Scan on sbtest4  (cost=5.41..381.75 rows=95 width=125)
	  Recheck Cond: ((k >= 5263201) AND (k <= 5263301))
	  ->  Bitmap Index Scan on k_4  (cost=0.00..5.38 rows=95 width=0)
	        Index Cond: ((k >= 5263201) AND (k <= 5263301))

table 5 : explain SELECT k, c FROM sbtest5 WHERE k BETWEEN 5263201 AND 5263301
	Bitmap Heap Scan on sbtest5  (cost=5.55..436.99 rows=109 width=125)
	  Recheck Cond: ((k >= 5263201) AND (k <= 5263301))
	  ->  Bitmap Index Scan on k_5  (cost=0.00..5.52 rows=109 width=0)
	        Index Cond: ((k >= 5263201) AND (k <= 5263301))

table 6 : explain SELECT k, c FROM sbtest6 WHERE k BETWEEN 5263201 AND 5263301
	Bitmap Heap Scan on sbtest6  (cost=5.51..421.19 rows=105 width=125)
	  Recheck Cond: ((k >= 5263201) AND (k <= 5263301))
	  ->  Bitmap Index Scan on k_6  (cost=0.00..5.48 rows=105 width=0)
	        Index Cond: ((k >= 5263201) AND (k <= 5263301))

table 7 : explain SELECT k, c FROM sbtest7 WHERE k BETWEEN 5263201 AND 5263301
	Bitmap Heap Scan on sbtest7  (cost=5.36..362.06 rows=90 width=125)
	  Recheck Cond: ((k >= 5263201) AND (k <= 5263301))
	  ->  Bitmap Index Scan on k_7  (cost=0.00..5.33 rows=90 width=0)
	        Index Cond: ((k >= 5263201) AND (k <= 5263301))

table 8 : explain SELECT k, c FROM sbtest8 WHERE k BETWEEN 5263201 AND 5263301
	Bitmap Heap Scan on sbtest8  (cost=5.52..425.17 rows=106 width=125)
	  Recheck Cond: ((k >= 5263201) AND (k <= 5263301))
	  ->  Bitmap Index Scan on k_8  (cost=0.00..5.50 rows=106 width=0)
	        Index Cond: ((k >= 5263201) AND (k <= 5263301))

explain: for range-notcovered :: explain SELECT k, c FROM sbtest%d WHERE k BETWEEN 3027490 AND 3027590
for range-notcovered
table 1 : explain SELECT k, c FROM sbtest1 WHERE k BETWEEN 8009198 AND 8009298
	Bitmap Heap Scan on sbtest1  (cost=5.45..397.53 rows=99 width=125)
	  Recheck Cond: ((k >= 8009198) AND (k <= 8009298))
	  ->  Bitmap Index Scan on k_1  (cost=0.00..5.42 rows=99 width=0)
	        Index Cond: ((k >= 8009198) AND (k <= 8009298))

table 2 : explain SELECT k, c FROM sbtest2 WHERE k BETWEEN 8009198 AND 8009298
	Bitmap Heap Scan on sbtest2  (cost=5.49..413.29 rows=103 width=125)
	  Recheck Cond: ((k >= 8009198) AND (k <= 8009298))
	  ->  Bitmap Index Scan on k_2  (cost=0.00..5.46 rows=103 width=0)
	        Index Cond: ((k >= 8009198) AND (k <= 8009298))

table 3 : explain SELECT k, c FROM sbtest3 WHERE k BETWEEN 8009198 AND 8009298
	Bitmap Heap Scan on sbtest3  (cost=5.54..433.00 rows=108 width=125)
	  Recheck Cond: ((k >= 8009198) AND (k <= 8009298))
	  ->  Bitmap Index Scan on k_3  (cost=0.00..5.51 rows=108 width=0)
	        Index Cond: ((k >= 8009198) AND (k <= 8009298))

table 4 : explain SELECT k, c FROM sbtest4 WHERE k BETWEEN 8009198 AND 8009298
	Bitmap Heap Scan on sbtest4  (cost=5.52..425.12 rows=106 width=125)
	  Recheck Cond: ((k >= 8009198) AND (k <= 8009298))
	  ->  Bitmap Index Scan on k_4  (cost=0.00..5.50 rows=106 width=0)
	        Index Cond: ((k >= 8009198) AND (k <= 8009298))

table 5 : explain SELECT k, c FROM sbtest5 WHERE k BETWEEN 8009198 AND 8009298
	Bitmap Heap Scan on sbtest5  (cost=5.45..397.57 rows=99 width=125)
	  Recheck Cond: ((k >= 8009198) AND (k <= 8009298))
	  ->  Bitmap Index Scan on k_5  (cost=0.00..5.42 rows=99 width=0)
	        Index Cond: ((k >= 8009198) AND (k <= 8009298))

table 6 : explain SELECT k, c FROM sbtest6 WHERE k BETWEEN 8009198 AND 8009298
	Bitmap Heap Scan on sbtest6  (cost=5.51..421.19 rows=105 width=125)
	  Recheck Cond: ((k >= 8009198) AND (k <= 8009298))
	  ->  Bitmap Index Scan on k_6  (cost=0.00..5.48 rows=105 width=0)
	        Index Cond: ((k >= 8009198) AND (k <= 8009298))

table 7 : explain SELECT k, c FROM sbtest7 WHERE k BETWEEN 8009198 AND 8009298
	Bitmap Heap Scan on sbtest7  (cost=5.46..401.52 rows=100 width=125)
	  Recheck Cond: ((k >= 8009198) AND (k <= 8009298))
	  ->  Bitmap Index Scan on k_7  (cost=0.00..5.43 rows=100 width=0)
	        Index Cond: ((k >= 8009198) AND (k <= 8009298))

table 8 : explain SELECT k, c FROM sbtest8 WHERE k BETWEEN 8009198 AND 8009298
	Bitmap Heap Scan on sbtest8  (cost=5.47..405.46 rows=101 width=125)
	  Recheck Cond: ((k >= 8009198) AND (k <= 8009298))
	  ->  Bitmap Index Scan on k_8  (cost=0.00..5.44 rows=101 width=0)
	        Index Cond: ((k >= 8009198) AND (k <= 8009298))
for range-notcovered
table 1 : explain SELECT k, c FROM sbtest1 WHERE k BETWEEN 5134073 AND 5134173
	Bitmap Heap Scan on sbtest1  (cost=5.53..429.07 rows=107 width=125)
	  Recheck Cond: ((k >= 5134073) AND (k <= 5134173))
	  ->  Bitmap Index Scan on k_1  (cost=0.00..5.50 rows=107 width=0)
	        Index Cond: ((k >= 5134073) AND (k <= 5134173))

table 2 : explain SELECT k, c FROM sbtest2 WHERE k BETWEEN 5134073 AND 5134173
	Bitmap Heap Scan on sbtest2  (cost=5.45..397.53 rows=99 width=125)
	  Recheck Cond: ((k >= 5134073) AND (k <= 5134173))
	  ->  Bitmap Index Scan on k_2  (cost=0.00..5.42 rows=99 width=0)
	        Index Cond: ((k >= 5134073) AND (k <= 5134173))

table 3 : explain SELECT k, c FROM sbtest3 WHERE k BETWEEN 5134073 AND 5134173
	Bitmap Heap Scan on sbtest3  (cost=5.50..417.24 rows=104 width=125)
	  Recheck Cond: ((k >= 5134073) AND (k <= 5134173))
	  ->  Bitmap Index Scan on k_3  (cost=0.00..5.47 rows=104 width=0)
	        Index Cond: ((k >= 5134073) AND (k <= 5134173))

table 4 : explain SELECT k, c FROM sbtest4 WHERE k BETWEEN 5134073 AND 5134173
	Bitmap Heap Scan on sbtest4  (cost=5.45..397.53 rows=99 width=125)
	  Recheck Cond: ((k >= 5134073) AND (k <= 5134173))
	  ->  Bitmap Index Scan on k_4  (cost=0.00..5.42 rows=99 width=0)
	        Index Cond: ((k >= 5134073) AND (k <= 5134173))

table 5 : explain SELECT k, c FROM sbtest5 WHERE k BETWEEN 5134073 AND 5134173
	Bitmap Heap Scan on sbtest5  (cost=5.45..397.57 rows=99 width=125)
	  Recheck Cond: ((k >= 5134073) AND (k <= 5134173))
	  ->  Bitmap Index Scan on k_5  (cost=0.00..5.42 rows=99 width=0)
	        Index Cond: ((k >= 5134073) AND (k <= 5134173))

table 6 : explain SELECT k, c FROM sbtest6 WHERE k BETWEEN 5134073 AND 5134173
	Bitmap Heap Scan on sbtest6  (cost=5.44..393.60 rows=98 width=125)
	  Recheck Cond: ((k >= 5134073) AND (k <= 5134173))
	  ->  Bitmap Index Scan on k_6  (cost=0.00..5.42 rows=98 width=0)
	        Index Cond: ((k >= 5134073) AND (k <= 5134173))

table 7 : explain SELECT k, c FROM sbtest7 WHERE k BETWEEN 5134073 AND 5134173
	Bitmap Heap Scan on sbtest7  (cost=5.46..401.52 rows=100 width=125)
	  Recheck Cond: ((k >= 5134073) AND (k <= 5134173))
	  ->  Bitmap Index Scan on k_7  (cost=0.00..5.43 rows=100 width=0)
	        Index Cond: ((k >= 5134073) AND (k <= 5134173))

table 8 : explain SELECT k, c FROM sbtest8 WHERE k BETWEEN 5134073 AND 5134173
	Bitmap Heap Scan on sbtest8  (cost=5.46..401.52 rows=100 width=125)
	  Recheck Cond: ((k >= 5134073) AND (k <= 5134173))
	  ->  Bitmap Index Scan on k_8  (cost=0.00..5.43 rows=100 width=0)
	        Index Cond: ((k >= 5134073) AND (k <= 5134173))


explain: for range-notcovered :: explain SELECT k, c FROM sbtest%d WHERE k BETWEEN 2407929 AND 2408029
for range-notcovered
table 1 : explain SELECT k, c FROM sbtest1 WHERE k BETWEEN 5954040 AND 5954140
	Bitmap Heap Scan on sbtest1  (cost=5.48..409.36 rows=102 width=125)
	  Recheck Cond: ((k >= 5954040) AND (k <= 5954140))
	  ->  Bitmap Index Scan on k_1  (cost=0.00..5.45 rows=102 width=0)
	        Index Cond: ((k >= 5954040) AND (k <= 5954140))

table 2 : explain SELECT k, c FROM sbtest2 WHERE k BETWEEN 5954040 AND 5954140
	Bitmap Heap Scan on sbtest2  (cost=5.52..425.12 rows=106 width=125)
	  Recheck Cond: ((k >= 5954040) AND (k <= 5954140))
	  ->  Bitmap Index Scan on k_2  (cost=0.00..5.50 rows=106 width=0)
	        Index Cond: ((k >= 5954040) AND (k <= 5954140))

table 3 : explain SELECT k, c FROM sbtest3 WHERE k BETWEEN 5954040 AND 5954140
	Bitmap Heap Scan on sbtest3  (cost=5.44..393.58 rows=98 width=125)
	  Recheck Cond: ((k >= 5954040) AND (k <= 5954140))
	  ->  Bitmap Index Scan on k_3  (cost=0.00..5.42 rows=98 width=0)
	        Index Cond: ((k >= 5954040) AND (k <= 5954140))

table 4 : explain SELECT k, c FROM sbtest4 WHERE k BETWEEN 5954040 AND 5954140
	Bitmap Heap Scan on sbtest4  (cost=5.48..409.35 rows=102 width=125)
	  Recheck Cond: ((k >= 5954040) AND (k <= 5954140))
	  ->  Bitmap Index Scan on k_4  (cost=0.00..5.45 rows=102 width=0)
	        Index Cond: ((k >= 5954040) AND (k <= 5954140))

table 5 : explain SELECT k, c FROM sbtest5 WHERE k BETWEEN 5954040 AND 5954140
	Bitmap Heap Scan on sbtest5  (cost=5.51..421.23 rows=105 width=125)
	  Recheck Cond: ((k >= 5954040) AND (k <= 5954140))
	  ->  Bitmap Index Scan on k_5  (cost=0.00..5.48 rows=105 width=0)
	        Index Cond: ((k >= 5954040) AND (k <= 5954140))

table 6 : explain SELECT k, c FROM sbtest6 WHERE k BETWEEN 5954040 AND 5954140
	Bitmap Heap Scan on sbtest6  (cost=5.44..393.60 rows=98 width=125)
	  Recheck Cond: ((k >= 5954040) AND (k <= 5954140))
	  ->  Bitmap Index Scan on k_6  (cost=0.00..5.42 rows=98 width=0)
	        Index Cond: ((k >= 5954040) AND (k <= 5954140))

table 7 : explain SELECT k, c FROM sbtest7 WHERE k BETWEEN 5954040 AND 5954140
	Bitmap Heap Scan on sbtest7  (cost=5.68..484.25 rows=121 width=125)
	  Recheck Cond: ((k >= 5954040) AND (k <= 5954140))
	  ->  Bitmap Index Scan on k_7  (cost=0.00..5.64 rows=121 width=0)
	        Index Cond: ((k >= 5954040) AND (k <= 5954140))

table 8 : explain SELECT k, c FROM sbtest8 WHERE k BETWEEN 5954040 AND 5954140
	Bitmap Heap Scan on sbtest8  (cost=5.52..425.17 rows=106 width=125)
	  Recheck Cond: ((k >= 5954040) AND (k <= 5954140))
	  ->  Bitmap Index Scan on k_8  (cost=0.00..5.50 rows=106 width=0)
	        Index Cond: ((k >= 5954040) AND (k <= 5954140))


explain: for range-notcovered :: explain SELECT k, c FROM sbtest%d WHERE k BETWEEN 4268992 AND 4269092explain: for range-notcovered :: explain SELECT k, c FROM sbtest%d WHERE k BETWEEN 5134073 AND 5134173
for range-notcovered
table 1 : explain SELECT k, c FROM sbtest1 WHERE k BETWEEN 4461436 AND 4461536
	Bitmap Heap Scan on sbtest1  (cost=5.52..425.13 rows=106 width=125)
	  Recheck Cond: ((k >= 4461436) AND (k <= 4461536))
	  ->  Bitmap Index Scan on k_1  (cost=0.00..5.50 rows=106 width=0)
	        Index Cond: ((k >= 4461436) AND (k <= 4461536))

table 2 : explain SELECT k, c FROM sbtest2 WHERE k BETWEEN 4461436 AND 4461536
	Bitmap Heap Scan on sbtest2  (cost=5.50..417.24 rows=104 width=125)
	  Recheck Cond: ((k >= 4461436) AND (k <= 4461536))
	  ->  Bitmap Index Scan on k_2  (cost=0.00..5.47 rows=104 width=0)
	        Index Cond: ((k >= 4461436) AND (k <= 4461536))

table 3 : explain SELECT k, c FROM sbtest3 WHERE k BETWEEN 4461436 AND 4461536
	Bitmap Heap Scan on sbtest3  (cost=5.43..389.64 rows=97 width=125)
	  Recheck Cond: ((k >= 4461436) AND (k <= 4461536))
	  ->  Bitmap Index Scan on k_3  (cost=0.00..5.40 rows=97 width=0)
	        Index Cond: ((k >= 4461436) AND (k <= 4461536))

table 4 : explain SELECT k, c FROM sbtest4 WHERE k BETWEEN 4461436 AND 4461536
	Bitmap Heap Scan on sbtest4  (cost=5.37..365.97 rows=91 width=125)
	  Recheck Cond: ((k >= 4461436) AND (k <= 4461536))
	  ->  Bitmap Index Scan on k_4  (cost=0.00..5.34 rows=91 width=0)
	        Index Cond: ((k >= 4461436) AND (k <= 4461536))

table 5 : explain SELECT k, c FROM sbtest5 WHERE k BETWEEN 4461436 AND 4461536
	Bitmap Heap Scan on sbtest5  (cost=5.47..405.46 rows=101 width=125)
	  Recheck Cond: ((k >= 4461436) AND (k <= 4461536))
	  ->  Bitmap Index Scan on k_5  (cost=0.00..5.44 rows=101 width=0)
	        Index Cond: ((k >= 4461436) AND (k <= 4461536))

table 6 : explain SELECT k, c FROM sbtest6 WHERE k BETWEEN 4461436 AND 4461536
	Bitmap Heap Scan on sbtest6  (cost=5.40..377.82 rows=94 width=125)
	  Recheck Cond: ((k >= 4461436) AND (k <= 4461536))
	  ->  Bitmap Index Scan on k_6  (cost=0.00..5.38 rows=94 width=0)
	        Index Cond: ((k >= 4461436) AND (k <= 4461536))

table 7 : explain SELECT k, c FROM sbtest7 WHERE k BETWEEN 4461436 AND 4461536
	Bitmap Heap Scan on sbtest7  (cost=5.57..444.88 rows=111 width=125)
	  Recheck Cond: ((k >= 4461436) AND (k <= 4461536))
	  ->  Bitmap Index Scan on k_7  (cost=0.00..5.54 rows=111 width=0)
	        Index Cond: ((k >= 4461436) AND (k <= 4461536))

table 8 : explain SELECT k, c FROM sbtest8 WHERE k BETWEEN 4461436 AND 4461536
	Bitmap Heap Scan on sbtest8  (cost=5.40..377.85 rows=94 width=125)
	  Recheck Cond: ((k >= 4461436) AND (k <= 4461536))
	  ->  Bitmap Index Scan on k_8  (cost=0.00..5.38 rows=94 width=0)
	        Index Cond: ((k >= 4461436) AND (k <= 4461536))

explain: for range-notcovered :: explain SELECT k, c FROM sbtest%d WHERE k BETWEEN 5263201 AND 5263301
explain: for range-notcovered :: explain SELECT k, c FROM sbtest%d WHERE k BETWEEN 3062718 AND 3062818
for range-notcovered
table 1 : explain SELECT k, c FROM sbtest1 WHERE k BETWEEN 6190744 AND 6190844
	Bitmap Heap Scan on sbtest1  (cost=5.35..358.08 rows=89 width=125)
	  Recheck Cond: ((k >= 6190744) AND (k <= 6190844))
	  ->  Bitmap Index Scan on k_1  (cost=0.00..5.32 rows=89 width=0)
	        Index Cond: ((k >= 6190744) AND (k <= 6190844))

table 2 : explain SELECT k, c FROM sbtest2 WHERE k BETWEEN 6190744 AND 6190844
	Bitmap Heap Scan on sbtest2  (cost=5.49..413.29 rows=103 width=125)
	  Recheck Cond: ((k >= 6190744) AND (k <= 6190844))
	  ->  Bitmap Index Scan on k_2  (cost=0.00..5.46 rows=103 width=0)
	        Index Cond: ((k >= 6190744) AND (k <= 6190844))

table 3 : explain SELECT k, c FROM sbtest3 WHERE k BETWEEN 6190744 AND 6190844
	Bitmap Heap Scan on sbtest3  (cost=5.53..429.06 rows=107 width=125)
	  Recheck Cond: ((k >= 6190744) AND (k <= 6190844))
	  ->  Bitmap Index Scan on k_3  (cost=0.00..5.50 rows=107 width=0)
	        Index Cond: ((k >= 6190744) AND (k <= 6190844))

table 4 : explain SELECT k, c FROM sbtest4 WHERE k BETWEEN 6190744 AND 6190844
	Bitmap Heap Scan on sbtest4  (cost=5.48..409.35 rows=102 width=125)
	  Recheck Cond: ((k >= 6190744) AND (k <= 6190844))
	  ->  Bitmap Index Scan on k_4  (cost=0.00..5.45 rows=102 width=0)
	        Index Cond: ((k >= 6190744) AND (k <= 6190844))

table 5 : explain SELECT k, c FROM sbtest5 WHERE k BETWEEN 6190744 AND 6190844
	Bitmap Heap Scan on sbtest5  (cost=5.46..401.51 rows=100 width=125)
	  Recheck Cond: ((k >= 6190744) AND (k <= 6190844))
	  ->  Bitmap Index Scan on k_5  (cost=0.00..5.43 rows=100 width=0)
	        Index Cond: ((k >= 6190744) AND (k <= 6190844))

table 6 : explain SELECT k, c FROM sbtest6 WHERE k BETWEEN 6190744 AND 6190844
	Bitmap Heap Scan on sbtest6  (cost=5.47..405.43 rows=101 width=125)
	  Recheck Cond: ((k >= 6190744) AND (k <= 6190844))
	  ->  Bitmap Index Scan on k_6  (cost=0.00..5.44 rows=101 width=0)
	        Index Cond: ((k >= 6190744) AND (k <= 6190844))

table 7 : explain SELECT k, c FROM sbtest7 WHERE k BETWEEN 6190744 AND 6190844
	Bitmap Heap Scan on sbtest7  (cost=5.47..405.46 rows=101 width=125)
	  Recheck Cond: ((k >= 6190744) AND (k <= 6190844))
	  ->  Bitmap Index Scan on k_7  (cost=0.00..5.44 rows=101 width=0)
	        Index Cond: ((k >= 6190744) AND (k <= 6190844))

table 8 : explain SELECT k, c FROM sbtest8 WHERE k BETWEEN 6190744 AND 6190844
	Bitmap Heap Scan on sbtest8  (cost=5.53..429.11 rows=107 width=125)
	  Recheck Cond: ((k >= 6190744) AND (k <= 6190844))
	  ->  Bitmap Index Scan on k_8  (cost=0.00..5.50 rows=107 width=0)
	        Index Cond: ((k >= 6190744) AND (k <= 6190844))
explain: for range-notcovered :: explain SELECT k, c FROM sbtest%d WHERE k BETWEEN 4721381 AND 4721481
for range-notcovered
table 1 : explain SELECT k, c FROM sbtest1 WHERE k BETWEEN 6165910 AND 6166010
	Bitmap Heap Scan on sbtest1  (cost=5.35..358.08 rows=89 width=125)
	  Recheck Cond: ((k >= 6165910) AND (k <= 6166010))
	  ->  Bitmap Index Scan on k_1  (cost=0.00..5.32 rows=89 width=0)
	        Index Cond: ((k >= 6165910) AND (k <= 6166010))

table 2 : explain SELECT k, c FROM sbtest2 WHERE k BETWEEN 6165910 AND 6166010
	Bitmap Heap Scan on sbtest2  (cost=5.45..397.53 rows=99 width=125)
	  Recheck Cond: ((k >= 6165910) AND (k <= 6166010))
	  ->  Bitmap Index Scan on k_2  (cost=0.00..5.42 rows=99 width=0)
	        Index Cond: ((k >= 6165910) AND (k <= 6166010))

table 3 : explain SELECT k, c FROM sbtest3 WHERE k BETWEEN 6165910 AND 6166010
	Bitmap Heap Scan on sbtest3  (cost=5.53..429.06 rows=107 width=125)
	  Recheck Cond: ((k >= 6165910) AND (k <= 6166010))
	  ->  Bitmap Index Scan on k_3  (cost=0.00..5.50 rows=107 width=0)
	        Index Cond: ((k >= 6165910) AND (k <= 6166010))

table 4 : explain SELECT k, c FROM sbtest4 WHERE k BETWEEN 6165910 AND 6166010
	Bitmap Heap Scan on sbtest4  (cost=5.48..409.35 rows=102 width=125)
	  Recheck Cond: ((k >= 6165910) AND (k <= 6166010))
	  ->  Bitmap Index Scan on k_4  (cost=0.00..5.45 rows=102 width=0)
	        Index Cond: ((k >= 6165910) AND (k <= 6166010))

table 5 : explain SELECT k, c FROM sbtest5 WHERE k BETWEEN 6165910 AND 6166010
	Bitmap Heap Scan on sbtest5  (cost=5.46..401.51 rows=100 width=125)
	  Recheck Cond: ((k >= 6165910) AND (k <= 6166010))
	  ->  Bitmap Index Scan on k_5  (cost=0.00..5.43 rows=100 width=0)
	        Index Cond: ((k >= 6165910) AND (k <= 6166010))

table 6 : explain SELECT k, c FROM sbtest6 WHERE k BETWEEN 6165910 AND 6166010
	Bitmap Heap Scan on sbtest6  (cost=5.42..385.71 rows=96 width=125)
	  Recheck Cond: ((k >= 6165910) AND (k <= 6166010))
	  ->  Bitmap Index Scan on k_6  (cost=0.00..5.39 rows=96 width=0)
	        Index Cond: ((k >= 6165910) AND (k <= 6166010))

table 7 : explain SELECT k, c FROM sbtest7 WHERE k BETWEEN 6165910 AND 6166010
	Bitmap Heap Scan on sbtest7  (cost=5.47..405.46 rows=101 width=125)
	  Recheck Cond: ((k >= 6165910) AND (k <= 6166010))
	  ->  Bitmap Index Scan on k_7  (cost=0.00..5.44 rows=101 width=0)
	        Index Cond: ((k >= 6165910) AND (k <= 6166010))

table 8 : explain SELECT k, c FROM sbtest8 WHERE k BETWEEN 6165910 AND 6166010
	Bitmap Heap Scan on sbtest8  (cost=5.53..429.11 rows=107 width=125)
	  Recheck Cond: ((k >= 6165910) AND (k <= 6166010))
	  ->  Bitmap Index Scan on k_8  (cost=0.00..5.50 rows=107 width=0)
	        Index Cond: ((k >= 6165910) AND (k <= 6166010))

for range-notcovered
table 1 : explain SELECT k, c FROM sbtest1 WHERE k BETWEEN 843739 AND 843839
	Bitmap Heap Scan on sbtest1  (cost=5.52..425.13 rows=106 width=125)
	  Recheck Cond: ((k >= 843739) AND (k <= 843839))
	  ->  Bitmap Index Scan on k_1  (cost=0.00..5.50 rows=106 width=0)
	        Index Cond: ((k >= 843739) AND (k <= 843839))

table 2 : explain SELECT k, c FROM sbtest2 WHERE k BETWEEN 843739 AND 843839
	Bitmap Heap Scan on sbtest2  (cost=5.51..421.18 rows=105 width=125)
	  Recheck Cond: ((k >= 843739) AND (k <= 843839))
	  ->  Bitmap Index Scan on k_2  (cost=0.00..5.48 rows=105 width=0)
	        Index Cond: ((k >= 843739) AND (k <= 843839))

table 3 : explain SELECT k, c FROM sbtest3 WHERE k BETWEEN 843739 AND 843839
	Bitmap Heap Scan on sbtest3  (cost=5.47..405.41 rows=101 width=125)
	  Recheck Cond: ((k >= 843739) AND (k <= 843839))
	  ->  Bitmap Index Scan on k_3  (cost=0.00..5.44 rows=101 width=0)
	        Index Cond: ((k >= 843739) AND (k <= 843839))

table 4 : explain SELECT k, c FROM sbtest4 WHERE k BETWEEN 843739 AND 843839
	Bitmap Heap Scan on sbtest4  (cost=5.54..433.00 rows=108 width=125)
	  Recheck Cond: ((k >= 843739) AND (k <= 843839))
	  ->  Bitmap Index Scan on k_4  (cost=0.00..5.51 rows=108 width=0)
	        Index Cond: ((k >= 843739) AND (k <= 843839))

table 5 : explain SELECT k, c FROM sbtest5 WHERE k BETWEEN 843739 AND 843839
	Bitmap Heap Scan on sbtest5  (cost=5.44..393.62 rows=98 width=125)
	  Recheck Cond: ((k >= 843739) AND (k <= 843839))
	  ->  Bitmap Index Scan on k_5  (cost=0.00..5.42 rows=98 width=0)
	        Index Cond: ((k >= 843739) AND (k <= 843839))

table 6 : explain SELECT k, c FROM sbtest6 WHERE k BETWEEN 843739 AND 843839
	Bitmap Heap Scan on sbtest6  (cost=5.52..425.14 rows=106 width=125)
	  Recheck Cond: ((k >= 843739) AND (k <= 843839))
	  ->  Bitmap Index Scan on k_6  (cost=0.00..5.50 rows=106 width=0)
	        Index Cond: ((k >= 843739) AND (k <= 843839))

table 7 : explain SELECT k, c FROM sbtest7 WHERE k BETWEEN 843739 AND 843839
	Bitmap Heap Scan on sbtest7  (cost=5.53..429.12 rows=107 width=125)
	  Recheck Cond: ((k >= 843739) AND (k <= 843839))
	  ->  Bitmap Index Scan on k_7  (cost=0.00..5.50 rows=107 width=0)
	        Index Cond: ((k >= 843739) AND (k <= 843839))

table 8 : explain SELECT k, c FROM sbtest8 WHERE k BETWEEN 843739 AND 843839
	Bitmap Heap Scan on sbtest8  (cost=5.49..413.34 rows=103 width=125)
	  Recheck Cond: ((k >= 843739) AND (k <= 843839))
	  ->  Bitmap Index Scan on k_8  (cost=0.00..5.46 rows=103 width=0)
	        Index Cond: ((k >= 843739) AND (k <= 843839))


for range-notcovered
table 1 : explain SELECT k, c FROM sbtest1 WHERE k BETWEEN 5746081 AND 5746181
	Bitmap Heap Scan on sbtest1  (cost=5.39..373.86 rows=93 width=125)
	  Recheck Cond: ((k >= 5746081) AND (k <= 5746181))
	  ->  Bitmap Index Scan on k_1  (cost=0.00..5.36 rows=93 width=0)
	        Index Cond: ((k >= 5746081) AND (k <= 5746181))

table 2 : explain SELECT k, c FROM sbtest2 WHERE k BETWEEN 5746081 AND 5746181
	Bitmap Heap Scan on sbtest2  (cost=5.51..421.18 rows=105 width=125)
	  Recheck Cond: ((k >= 5746081) AND (k <= 5746181))
	  ->  Bitmap Index Scan on k_2  (cost=0.00..5.48 rows=105 width=0)
	        Index Cond: ((k >= 5746081) AND (k <= 5746181))

table 3 : explain SELECT k, c FROM sbtest3 WHERE k BETWEEN 5746081 AND 5746181
	Bitmap Heap Scan on sbtest3  (cost=5.45..397.53 rows=99 width=125)
	  Recheck Cond: ((k >= 5746081) AND (k <= 5746181))
	  ->  Bitmap Index Scan on k_3  (cost=0.00..5.42 rows=99 width=0)
	        Index Cond: ((k >= 5746081) AND (k <= 5746181))

table 4 : explain SELECT k, c FROM sbtest4 WHERE k BETWEEN 5746081 AND 5746181
	Bitmap Heap Scan on sbtest4  (cost=5.54..433.00 rows=108 width=125)
	  Recheck Cond: ((k >= 5746081) AND (k <= 5746181))
	  ->  Bitmap Index Scan on k_4  (cost=0.00..5.51 rows=108 width=0)
	        Index Cond: ((k >= 5746081) AND (k <= 5746181))

table 5 : explain SELECT k, c FROM sbtest5 WHERE k BETWEEN 5746081 AND 5746181
	Bitmap Heap Scan on sbtest5  (cost=5.53..429.11 rows=107 width=125)
	  Recheck Cond: ((k >= 5746081) AND (k <= 5746181))
	  ->  Bitmap Index Scan on k_5  (cost=0.00..5.50 rows=107 width=0)
	        Index Cond: ((k >= 5746081) AND (k <= 5746181))

table 6 : explain SELECT k, c FROM sbtest6 WHERE k BETWEEN 5746081 AND 5746181
	Bitmap Heap Scan on sbtest6  (cost=5.44..393.60 rows=98 width=125)
	  Recheck Cond: ((k >= 5746081) AND (k <= 5746181))
	  ->  Bitmap Index Scan on k_6  (cost=0.00..5.42 rows=98 width=0)
	        Index Cond: ((k >= 5746081) AND (k <= 5746181))

table 7 : explain SELECT k, c FROM sbtest7 WHERE k BETWEEN 5746081 AND 5746181
	Bitmap Heap Scan on sbtest7  (cost=5.57..444.88 rows=111 width=125)
	  Recheck Cond: ((k >= 5746081) AND (k <= 5746181))
	  ->  Bitmap Index Scan on k_7  (cost=0.00..5.54 rows=111 width=0)
	        Index Cond: ((k >= 5746081) AND (k <= 5746181))

table 8 : explain SELECT k, c FROM sbtest8 WHERE k BETWEEN 5746081 AND 5746181
	Bitmap Heap Scan on sbtest8  (cost=5.51..421.23 rows=105 width=125)
	  Recheck Cond: ((k >= 5746081) AND (k <= 5746181))
	  ->  Bitmap Index Scan on k_8  (cost=0.00..5.48 rows=105 width=0)
	        Index Cond: ((k >= 5746081) AND (k <= 5746181))


explain: for range-notcovered :: explain SELECT k, c FROM sbtest%d WHERE k BETWEEN 843739 AND 843839
for range-notcovered
table 1 : explain SELECT k, c FROM sbtest1 WHERE k BETWEEN 4944192 AND 4944292
	Bitmap Heap Scan on sbtest1  (cost=5.54..433.01 rows=108 width=125)
	  Recheck Cond: ((k >= 4944192) AND (k <= 4944292))
	  ->  Bitmap Index Scan on k_1  (cost=0.00..5.51 rows=108 width=0)
	        Index Cond: ((k >= 4944192) AND (k <= 4944292))

table 2 : explain SELECT k, c FROM sbtest2 WHERE k BETWEEN 4944192 AND 4944292
	Bitmap Heap Scan on sbtest2  (cost=5.48..409.35 rows=102 width=125)
	  Recheck Cond: ((k >= 4944192) AND (k <= 4944292))
	  ->  Bitmap Index Scan on k_2  (cost=0.00..5.45 rows=102 width=0)
	        Index Cond: ((k >= 4944192) AND (k <= 4944292))

table 3 : explain SELECT k, c FROM sbtest3 WHERE k BETWEEN 4944192 AND 4944292
	Bitmap Heap Scan on sbtest3  (cost=5.48..409.36 rows=102 width=125)
	  Recheck Cond: ((k >= 4944192) AND (k <= 4944292))
	  ->  Bitmap Index Scan on k_3  (cost=0.00..5.45 rows=102 width=0)
	        Index Cond: ((k >= 4944192) AND (k <= 4944292))

table 4 : explain SELECT k, c FROM sbtest4 WHERE k BETWEEN 4944192 AND 4944292
	Bitmap Heap Scan on sbtest4  (cost=5.48..409.35 rows=102 width=125)
	  Recheck Cond: ((k >= 4944192) AND (k <= 4944292))
	  ->  Bitmap Index Scan on k_4  (cost=0.00..5.45 rows=102 width=0)
	        Index Cond: ((k >= 4944192) AND (k <= 4944292))

table 5 : explain SELECT k, c FROM sbtest5 WHERE k BETWEEN 4944192 AND 4944292
	Bitmap Heap Scan on sbtest5  (cost=5.40..377.84 rows=94 width=125)
	  Recheck Cond: ((k >= 4944192) AND (k <= 4944292))
	  ->  Bitmap Index Scan on k_5  (cost=0.00..5.38 rows=94 width=0)
	        Index Cond: ((k >= 4944192) AND (k <= 4944292))

table 6 : explain SELECT k, c FROM sbtest6 WHERE k BETWEEN 4944192 AND 4944292
	Bitmap Heap Scan on sbtest6  (cost=5.47..405.43 rows=101 width=125)
	  Recheck Cond: ((k >= 4944192) AND (k <= 4944292))
	  ->  Bitmap Index Scan on k_6  (cost=0.00..5.44 rows=101 width=0)
	        Index Cond: ((k >= 4944192) AND (k <= 4944292))

table 7 : explain SELECT k, c FROM sbtest7 WHERE k BETWEEN 4944192 AND 4944292
	Bitmap Heap Scan on sbtest7  (cost=5.54..433.06 rows=108 width=125)
	  Recheck Cond: ((k >= 4944192) AND (k <= 4944292))
	  ->  Bitmap Index Scan on k_7  (cost=0.00..5.51 rows=108 width=0)
	        Index Cond: ((k >= 4944192) AND (k <= 4944292))

table 8 : explain SELECT k, c FROM sbtest8 WHERE k BETWEEN 4944192 AND 4944292
	Bitmap Heap Scan on sbtest8  (cost=5.41..381.79 rows=95 width=125)
	  Recheck Cond: ((k >= 4944192) AND (k <= 4944292))
	  ->  Bitmap Index Scan on k_8  (cost=0.00..5.38 rows=95 width=0)
	        Index Cond: ((k >= 4944192) AND (k <= 4944292))

for range-notcovered
table 1 : explain SELECT k, c FROM sbtest1 WHERE k BETWEEN 4506587 AND 4506687
	Bitmap Heap Scan on sbtest1  (cost=5.46..401.48 rows=100 width=125)
	  Recheck Cond: ((k >= 4506587) AND (k <= 4506687))
	  ->  Bitmap Index Scan on k_1  (cost=0.00..5.43 rows=100 width=0)
	        Index Cond: ((k >= 4506587) AND (k <= 4506687))

table 2 : explain SELECT k, c FROM sbtest2 WHERE k BETWEEN 4506587 AND 4506687
	Bitmap Heap Scan on sbtest2  (cost=5.51..421.18 rows=105 width=125)
	  Recheck Cond: ((k >= 4506587) AND (k <= 4506687))
	  ->  Bitmap Index Scan on k_2  (cost=0.00..5.48 rows=105 width=0)
	        Index Cond: ((k >= 4506587) AND (k <= 4506687))

table 3 : explain SELECT k, c FROM sbtest3 WHERE k BETWEEN 4506587 AND 4506687
	Bitmap Heap Scan on sbtest3  (cost=5.43..389.64 rows=97 width=125)
	  Recheck Cond: ((k >= 4506587) AND (k <= 4506687))
	  ->  Bitmap Index Scan on k_3  (cost=0.00..5.40 rows=97 width=0)
	        Index Cond: ((k >= 4506587) AND (k <= 4506687))

table 4 : explain SELECT k, c FROM sbtest4 WHERE k BETWEEN 4506587 AND 4506687
	Bitmap Heap Scan on sbtest4  (cost=5.37..365.97 rows=91 width=125)
	  Recheck Cond: ((k >= 4506587) AND (k <= 4506687))
	  ->  Bitmap Index Scan on k_4  (cost=0.00..5.34 rows=91 width=0)
	        Index Cond: ((k >= 4506587) AND (k <= 4506687))

table 5 : explain SELECT k, c FROM sbtest5 WHERE k BETWEEN 4506587 AND 4506687
	Bitmap Heap Scan on sbtest5  (cost=5.47..405.46 rows=101 width=125)
	  Recheck Cond: ((k >= 4506587) AND (k <= 4506687))
	  ->  Bitmap Index Scan on k_5  (cost=0.00..5.44 rows=101 width=0)
	        Index Cond: ((k >= 4506587) AND (k <= 4506687))

table 6 : explain SELECT k, c FROM sbtest6 WHERE k BETWEEN 4506587 AND 4506687
	Bitmap Heap Scan on sbtest6  (cost=5.59..452.71 rows=113 width=125)
	  Recheck Cond: ((k >= 4506587) AND (k <= 4506687))
	  ->  Bitmap Index Scan on k_6  (cost=0.00..5.56 rows=113 width=0)
	        Index Cond: ((k >= 4506587) AND (k <= 4506687))

table 7 : explain SELECT k, c FROM sbtest7 WHERE k BETWEEN 4506587 AND 4506687
	Bitmap Heap Scan on sbtest7  (cost=5.57..444.88 rows=111 width=125)
	  Recheck Cond: ((k >= 4506587) AND (k <= 4506687))
	  ->  Bitmap Index Scan on k_7  (cost=0.00..5.54 rows=111 width=0)
	        Index Cond: ((k >= 4506587) AND (k <= 4506687))

table 8 : explain SELECT k, c FROM sbtest8 WHERE k BETWEEN 4506587 AND 4506687
	Bitmap Heap Scan on sbtest8  (cost=5.40..377.85 rows=94 width=125)
	  Recheck Cond: ((k >= 4506587) AND (k <= 4506687))
	  ->  Bitmap Index Scan on k_8  (cost=0.00..5.38 rows=94 width=0)
	        Index Cond: ((k >= 4506587) AND (k <= 4506687))

for range-notcovered
table 1 : explain SELECT k, c FROM sbtest1 WHERE k BETWEEN 6877552 AND 6877652
	Bitmap Heap Scan on sbtest1  (cost=5.51..421.19 rows=105 width=125)
	  Recheck Cond: ((k >= 6877552) AND (k <= 6877652))
	  ->  Bitmap Index Scan on k_1  (cost=0.00..5.48 rows=105 width=0)
	        Index Cond: ((k >= 6877552) AND (k <= 6877652))

table 2 : explain SELECT k, c FROM sbtest2 WHERE k BETWEEN 6877552 AND 6877652
	Bitmap Heap Scan on sbtest2  (cost=5.54..433.00 rows=108 width=125)
	  Recheck Cond: ((k >= 6877552) AND (k <= 6877652))
	  ->  Bitmap Index Scan on k_2  (cost=0.00..5.51 rows=108 width=0)
	        Index Cond: ((k >= 6877552) AND (k <= 6877652))

table 3 : explain SELECT k, c FROM sbtest3 WHERE k BETWEEN 6877552 AND 6877652
	Bitmap Heap Scan on sbtest3  (cost=5.55..436.94 rows=109 width=125)
	  Recheck Cond: ((k >= 6877552) AND (k <= 6877652))
	  ->  Bitmap Index Scan on k_3  (cost=0.00..5.52 rows=109 width=0)
	        Index Cond: ((k >= 6877552) AND (k <= 6877652))

table 4 : explain SELECT k, c FROM sbtest4 WHERE k BETWEEN 6877552 AND 6877652
	Bitmap Heap Scan on sbtest4  (cost=5.41..381.75 rows=95 width=125)
	  Recheck Cond: ((k >= 6877552) AND (k <= 6877652))
	  ->  Bitmap Index Scan on k_4  (cost=0.00..5.38 rows=95 width=0)
	        Index Cond: ((k >= 6877552) AND (k <= 6877652))

table 5 : explain SELECT k, c FROM sbtest5 WHERE k BETWEEN 6877552 AND 6877652
	Bitmap Heap Scan on sbtest5  (cost=5.56..440.93 rows=110 width=125)
	  Recheck Cond: ((k >= 6877552) AND (k <= 6877652))
	  ->  Bitmap Index Scan on k_5  (cost=0.00..5.53 rows=110 width=0)
	        Index Cond: ((k >= 6877552) AND (k <= 6877652))

table 6 : explain SELECT k, c FROM sbtest6 WHERE k BETWEEN 6877552 AND 6877652
	Bitmap Heap Scan on sbtest6  (cost=5.41..381.76 rows=95 width=125)
	  Recheck Cond: ((k >= 6877552) AND (k <= 6877652))
	  ->  Bitmap Index Scan on k_6  (cost=0.00..5.38 rows=95 width=0)
	        Index Cond: ((k >= 6877552) AND (k <= 6877652))

table 7 : explain SELECT k, c FROM sbtest7 WHERE k BETWEEN 6877552 AND 6877652
	Bitmap Heap Scan on sbtest7  (cost=5.48..409.41 rows=102 width=125)
	  Recheck Cond: ((k >= 6877552) AND (k <= 6877652))
	  ->  Bitmap Index Scan on k_7  (cost=0.00..5.45 rows=102 width=0)
	        Index Cond: ((k >= 6877552) AND (k <= 6877652))

table 8 : explain SELECT k, c FROM sbtest8 WHERE k BETWEEN 6877552 AND 6877652
	Bitmap Heap Scan on sbtest8  (cost=5.53..429.11 rows=107 width=125)
	  Recheck Cond: ((k >= 6877552) AND (k <= 6877652))
	  ->  Bitmap Index Scan on k_8  (cost=0.00..5.50 rows=107 width=0)
	        Index Cond: ((k >= 6877552) AND (k <= 6877652))

for range-notcovered
table 1 : explain SELECT k, c FROM sbtest1 WHERE k BETWEEN 8425699 AND 8425799
	Bitmap Heap Scan on sbtest1  (cost=5.41..381.76 rows=95 width=125)
	  Recheck Cond: ((k >= 8425699) AND (k <= 8425799))
	  ->  Bitmap Index Scan on k_1  (cost=0.00..5.38 rows=95 width=0)
	        Index Cond: ((k >= 8425699) AND (k <= 8425799))

table 2 : explain SELECT k, c FROM sbtest2 WHERE k BETWEEN 8425699 AND 8425799
	Bitmap Heap Scan on sbtest2  (cost=5.44..393.58 rows=98 width=125)
	  Recheck Cond: ((k >= 8425699) AND (k <= 8425799))
	  ->  Bitmap Index Scan on k_2  (cost=0.00..5.42 rows=98 width=0)
	        Index Cond: ((k >= 8425699) AND (k <= 8425799))

table 3 : explain SELECT k, c FROM sbtest3 WHERE k BETWEEN 8425699 AND 8425799
	Bitmap Heap Scan on sbtest3  (cost=5.51..421.18 rows=105 width=125)
	  Recheck Cond: ((k >= 8425699) AND (k <= 8425799))
	  ->  Bitmap Index Scan on k_3  (cost=0.00..5.48 rows=105 width=0)
	        Index Cond: ((k >= 8425699) AND (k <= 8425799))

table 4 : explain SELECT k, c FROM sbtest4 WHERE k BETWEEN 8425699 AND 8425799
	Bitmap Heap Scan on sbtest4  (cost=5.43..389.64 rows=97 width=125)
	  Recheck Cond: ((k >= 8425699) AND (k <= 8425799))
	  ->  Bitmap Index Scan on k_4  (cost=0.00..5.40 rows=97 width=0)
	        Index Cond: ((k >= 8425699) AND (k <= 8425799))

table 5 : explain SELECT k, c FROM sbtest5 WHERE k BETWEEN 8425699 AND 8425799
	Bitmap Heap Scan on sbtest5  (cost=5.46..401.51 rows=100 width=125)
	  Recheck Cond: ((k >= 8425699) AND (k <= 8425799))
	  ->  Bitmap Index Scan on k_5  (cost=0.00..5.43 rows=100 width=0)
	        Index Cond: ((k >= 8425699) AND (k <= 8425799))

table 6 : explain SELECT k, c FROM sbtest6 WHERE k BETWEEN 8425699 AND 8425799
	Bitmap Heap Scan on sbtest6  (cost=5.50..417.25 rows=104 width=125)
	  Recheck Cond: ((k >= 8425699) AND (k <= 8425799))
	  ->  Bitmap Index Scan on k_6  (cost=0.00..5.47 rows=104 width=0)
	        Index Cond: ((k >= 8425699) AND (k <= 8425799))

table 7 : explain SELECT k, c FROM sbtest7 WHERE k BETWEEN 8425699 AND 8425799
	Bitmap Heap Scan on sbtest7  (cost=5.49..413.35 rows=103 width=125)
	  Recheck Cond: ((k >= 8425699) AND (k <= 8425799))
	  ->  Bitmap Index Scan on k_7  (cost=0.00..5.46 rows=103 width=0)
	        Index Cond: ((k >= 8425699) AND (k <= 8425799))

table 8 : explain SELECT k, c FROM sbtest8 WHERE k BETWEEN 8425699 AND 8425799
	Bitmap Heap Scan on sbtest8  (cost=5.46..401.52 rows=100 width=125)
	  Recheck Cond: ((k >= 8425699) AND (k <= 8425799))
	  ->  Bitmap Index Scan on k_8  (cost=0.00..5.43 rows=100 width=0)
	        Index Cond: ((k >= 8425699) AND (k <= 8425799))

for range-notcovered
table 1 : explain SELECT k, c FROM sbtest1 WHERE k BETWEEN 2776751 AND 2776851
	Bitmap Heap Scan on sbtest1  (cost=5.49..413.30 rows=103 width=125)
	  Recheck Cond: ((k >= 2776751) AND (k <= 2776851))
	  ->  Bitmap Index Scan on k_1  (cost=0.00..5.46 rows=103 width=0)
	        Index Cond: ((k >= 2776751) AND (k <= 2776851))

table 2 : explain SELECT k, c FROM sbtest2 WHERE k BETWEEN 2776751 AND 2776851
	Bitmap Heap Scan on sbtest2  (cost=5.54..433.00 rows=108 width=125)
	  Recheck Cond: ((k >= 2776751) AND (k <= 2776851))
	  ->  Bitmap Index Scan on k_2  (cost=0.00..5.51 rows=108 width=0)
	        Index Cond: ((k >= 2776751) AND (k <= 2776851))

table 3 : explain SELECT k, c FROM sbtest3 WHERE k BETWEEN 2776751 AND 2776851
	Bitmap Heap Scan on sbtest3  (cost=5.44..393.58 rows=98 width=125)
	  Recheck Cond: ((k >= 2776751) AND (k <= 2776851))
	  ->  Bitmap Index Scan on k_3  (cost=0.00..5.42 rows=98 width=0)
	        Index Cond: ((k >= 2776751) AND (k <= 2776851))

table 4 : explain SELECT k, c FROM sbtest4 WHERE k BETWEEN 2776751 AND 2776851
	Bitmap Heap Scan on sbtest4  (cost=5.42..385.69 rows=96 width=125)
	  Recheck Cond: ((k >= 2776751) AND (k <= 2776851))
	  ->  Bitmap Index Scan on k_4  (cost=0.00..5.39 rows=96 width=0)
	        Index Cond: ((k >= 2776751) AND (k <= 2776851))

table 5 : explain SELECT k, c FROM sbtest5 WHERE k BETWEEN 2776751 AND 2776851
	Bitmap Heap Scan on sbtest5  (cost=5.38..369.95 rows=92 width=125)
	  Recheck Cond: ((k >= 2776751) AND (k <= 2776851))
	  ->  Bitmap Index Scan on k_5  (cost=0.00..5.35 rows=92 width=0)
	        Index Cond: ((k >= 2776751) AND (k <= 2776851))

table 6 : explain SELECT k, c FROM sbtest6 WHERE k BETWEEN 2776751 AND 2776851
	Bitmap Heap Scan on sbtest6  (cost=5.49..413.31 rows=103 width=125)
	  Recheck Cond: ((k >= 2776751) AND (k <= 2776851))
	  ->  Bitmap Index Scan on k_6  (cost=0.00..5.46 rows=103 width=0)
	        Index Cond: ((k >= 2776751) AND (k <= 2776851))

table 7 : explain SELECT k, c FROM sbtest7 WHERE k BETWEEN 2776751 AND 2776851
	Bitmap Heap Scan on sbtest7  (cost=5.54..433.06 rows=108 width=125)
	  Recheck Cond: ((k >= 2776751) AND (k <= 2776851))
	  ->  Bitmap Index Scan on k_7  (cost=0.00..5.51 rows=108 width=0)
	        Index Cond: ((k >= 2776751) AND (k <= 2776851))

table 8 : explain SELECT k, c FROM sbtest8 WHERE k BETWEEN 2776751 AND 2776851
	Bitmap Heap Scan on sbtest8  (cost=5.54..433.05 rows=108 width=125)
	  Recheck Cond: ((k >= 2776751) AND (k <= 2776851))
	  ->  Bitmap Index Scan on k_8  (cost=0.00..5.51 rows=108 width=0)
	        Index Cond: ((k >= 2776751) AND (k <= 2776851))
for range-notcovered
table 1 : explain SELECT k, c FROM sbtest1 WHERE k BETWEEN 5231136 AND 5231236
	Bitmap Heap Scan on sbtest1  (cost=5.46..401.48 rows=100 width=125)
	  Recheck Cond: ((k >= 5231136) AND (k <= 5231236))
	  ->  Bitmap Index Scan on k_1  (cost=0.00..5.43 rows=100 width=0)
	        Index Cond: ((k >= 5231136) AND (k <= 5231236))

table 2 : explain SELECT k, c FROM sbtest2 WHERE k BETWEEN 5231136 AND 5231236
	Bitmap Heap Scan on sbtest2  (cost=5.58..448.75 rows=112 width=125)
	  Recheck Cond: ((k >= 5231136) AND (k <= 5231236))
	  ->  Bitmap Index Scan on k_2  (cost=0.00..5.55 rows=112 width=0)
	        Index Cond: ((k >= 5231136) AND (k <= 5231236))

table 3 : explain SELECT k, c FROM sbtest3 WHERE k BETWEEN 5231136 AND 5231236
	Bitmap Heap Scan on sbtest3  (cost=5.49..413.30 rows=103 width=125)
	  Recheck Cond: ((k >= 5231136) AND (k <= 5231236))
	  ->  Bitmap Index Scan on k_3  (cost=0.00..5.46 rows=103 width=0)
	        Index Cond: ((k >= 5231136) AND (k <= 5231236))

table 4 : explain SELECT k, c FROM sbtest4 WHERE k BETWEEN 5231136 AND 5231236
	Bitmap Heap Scan on sbtest4  (cost=5.45..397.53 rows=99 width=125)
	  Recheck Cond: ((k >= 5231136) AND (k <= 5231236))
	  ->  Bitmap Index Scan on k_4  (cost=0.00..5.42 rows=99 width=0)
	        Index Cond: ((k >= 5231136) AND (k <= 5231236))

table 5 : explain SELECT k, c FROM sbtest5 WHERE k BETWEEN 5231136 AND 5231236
	Bitmap Heap Scan on sbtest5  (cost=5.45..397.57 rows=99 width=125)
	  Recheck Cond: ((k >= 5231136) AND (k <= 5231236))
	  ->  Bitmap Index Scan on k_5  (cost=0.00..5.42 rows=99 width=0)
	        Index Cond: ((k >= 5231136) AND (k <= 5231236))

table 6 : explain SELECT k, c FROM sbtest6 WHERE k BETWEEN 5231136 AND 5231236
	Bitmap Heap Scan on sbtest6  (cost=5.51..421.19 rows=105 width=125)
	  Recheck Cond: ((k >= 5231136) AND (k <= 5231236))
	  ->  Bitmap Index Scan on k_6  (cost=0.00..5.48 rows=105 width=0)
	        Index Cond: ((k >= 5231136) AND (k <= 5231236))

table 7 : explain SELECT k, c FROM sbtest7 WHERE k BETWEEN 5231136 AND 5231236
	Bitmap Heap Scan on sbtest7  (cost=5.36..362.06 rows=90 width=125)
	  Recheck Cond: ((k >= 5231136) AND (k <= 5231236))
	  ->  Bitmap Index Scan on k_7  (cost=0.00..5.33 rows=90 width=0)
	        Index Cond: ((k >= 5231136) AND (k <= 5231236))

table 8 : explain SELECT k, c FROM sbtest8 WHERE k BETWEEN 5231136 AND 5231236
	Bitmap Heap Scan on sbtest8  (cost=5.50..417.29 rows=104 width=125)
	  Recheck Cond: ((k >= 5231136) AND (k <= 5231236))
	  ->  Bitmap Index Scan on k_8  (cost=0.00..5.47 rows=104 width=0)
	        Index Cond: ((k >= 5231136) AND (k <= 5231236))

for range-notcovered
table 1 : explain SELECT k, c FROM sbtest1 WHERE k BETWEEN 7081738 AND 7081838
	Bitmap Heap Scan on sbtest1  (cost=5.53..429.07 rows=107 width=125)
	  Recheck Cond: ((k >= 7081738) AND (k <= 7081838))
	  ->  Bitmap Index Scan on k_1  (cost=0.00..5.50 rows=107 width=0)
	        Index Cond: ((k >= 7081738) AND (k <= 7081838))

table 2 : explain SELECT k, c FROM sbtest2 WHERE k BETWEEN 7081738 AND 7081838
	Bitmap Heap Scan on sbtest2  (cost=5.46..401.47 rows=100 width=125)
	  Recheck Cond: ((k >= 7081738) AND (k <= 7081838))
	  ->  Bitmap Index Scan on k_2  (cost=0.00..5.43 rows=100 width=0)
	        Index Cond: ((k >= 7081738) AND (k <= 7081838))

table 3 : explain SELECT k, c FROM sbtest3 WHERE k BETWEEN 7081738 AND 7081838
	Bitmap Heap Scan on sbtest3  (cost=5.63..468.44 rows=117 width=125)
	  Recheck Cond: ((k >= 7081738) AND (k <= 7081838))
	  ->  Bitmap Index Scan on k_3  (cost=0.00..5.60 rows=117 width=0)
	        Index Cond: ((k >= 7081738) AND (k <= 7081838))

table 4 : explain SELECT k, c FROM sbtest4 WHERE k BETWEEN 7081738 AND 7081838
	Bitmap Heap Scan on sbtest4  (cost=5.60..456.63 rows=114 width=125)
	  Recheck Cond: ((k >= 7081738) AND (k <= 7081838))
	  ->  Bitmap Index Scan on k_4  (cost=0.00..5.58 rows=114 width=0)
	        Index Cond: ((k >= 7081738) AND (k <= 7081838))

table 5 : explain SELECT k, c FROM sbtest5 WHERE k BETWEEN 7081738 AND 7081838
	Bitmap Heap Scan on sbtest5  (cost=5.45..397.57 rows=99 width=125)
	  Recheck Cond: ((k >= 7081738) AND (k <= 7081838))
	  ->  Bitmap Index Scan on k_5  (cost=0.00..5.42 rows=99 width=0)
	        Index Cond: ((k >= 7081738) AND (k <= 7081838))

table 6 : explain SELECT k, c FROM sbtest6 WHERE k BETWEEN 7081738 AND 7081838
	Bitmap Heap Scan on sbtest6  (cost=5.40..377.82 rows=94 width=125)
	  Recheck Cond: ((k >= 7081738) AND (k <= 7081838))
	  ->  Bitmap Index Scan on k_6  (cost=0.00..5.38 rows=94 width=0)
	        Index Cond: ((k >= 7081738) AND (k <= 7081838))

table 7 : explain SELECT k, c FROM sbtest7 WHERE k BETWEEN 7081738 AND 7081838
	Bitmap Heap Scan on sbtest7  (cost=5.52..425.17 rows=106 width=125)
	  Recheck Cond: ((k >= 7081738) AND (k <= 7081838))
	  ->  Bitmap Index Scan on k_7  (cost=0.00..5.50 rows=106 width=0)
	        Index Cond: ((k >= 7081738) AND (k <= 7081838))

table 8 : explain SELECT k, c FROM sbtest8 WHERE k BETWEEN 7081738 AND 7081838
	Bitmap Heap Scan on sbtest8  (cost=5.36..362.06 rows=90 width=125)
	  Recheck Cond: ((k >= 7081738) AND (k <= 7081838))
	  ->  Bitmap Index Scan on k_8  (cost=0.00..5.33 rows=90 width=0)
	        Index Cond: ((k >= 7081738) AND (k <= 7081838))

explain: for range-notcovered :: explain SELECT k, c FROM sbtest%d WHERE k BETWEEN 6190744 AND 6190844
explain: for range-notcovered :: explain SELECT k, c FROM sbtest%d WHERE k BETWEEN 4944192 AND 4944292for range-notcovered
table 1 : explain SELECT k, c FROM sbtest1 WHERE k BETWEEN 3896990 AND 3897090
	Bitmap Heap Scan on sbtest1  (cost=5.54..433.01 rows=108 width=125)
	  Recheck Cond: ((k >= 3896990) AND (k <= 3897090))
	  ->  Bitmap Index Scan on k_1  (cost=0.00..5.51 rows=108 width=0)
	        Index Cond: ((k >= 3896990) AND (k <= 3897090))

table 2 : explain SELECT k, c FROM sbtest2 WHERE k BETWEEN 3896990 AND 3897090
	Bitmap Heap Scan on sbtest2  (cost=5.44..393.58 rows=98 width=125)
	  Recheck Cond: ((k >= 3896990) AND (k <= 3897090))
	  ->  Bitmap Index Scan on k_2  (cost=0.00..5.42 rows=98 width=0)
	        Index Cond: ((k >= 3896990) AND (k <= 3897090))

table 3 : explain SELECT k, c FROM sbtest3 WHERE k BETWEEN 3896990 AND 3897090
	Bitmap Heap Scan on sbtest3  (cost=5.53..429.06 rows=107 width=125)
	  Recheck Cond: ((k >= 3896990) AND (k <= 3897090))
	  ->  Bitmap Index Scan on k_3  (cost=0.00..5.50 rows=107 width=0)
	        Index Cond: ((k >= 3896990) AND (k <= 3897090))

table 4 : explain SELECT k, c FROM sbtest4 WHERE k BETWEEN 3896990 AND 3897090
	Bitmap Heap Scan on sbtest4  (cost=5.42..385.69 rows=96 width=125)
	  Recheck Cond: ((k >= 3896990) AND (k <= 3897090))
	  ->  Bitmap Index Scan on k_4  (cost=0.00..5.39 rows=96 width=0)
	        Index Cond: ((k >= 3896990) AND (k <= 3897090))

table 5 : explain SELECT k, c FROM sbtest5 WHERE k BETWEEN 3896990 AND 3897090
	Bitmap Heap Scan on sbtest5  (cost=5.45..397.57 rows=99 width=125)
	  Recheck Cond: ((k >= 3896990) AND (k <= 3897090))
	  ->  Bitmap Index Scan on k_5  (cost=0.00..5.42 rows=99 width=0)
	        Index Cond: ((k >= 3896990) AND (k <= 3897090))

table 6 : explain SELECT k, c FROM sbtest6 WHERE k BETWEEN 3896990 AND 3897090
	Bitmap Heap Scan on sbtest6  (cost=5.54..433.02 rows=108 width=125)
	  Recheck Cond: ((k >= 3896990) AND (k <= 3897090))
	  ->  Bitmap Index Scan on k_6  (cost=0.00..5.51 rows=108 width=0)
	        Index Cond: ((k >= 3896990) AND (k <= 3897090))

table 7 : explain SELECT k, c FROM sbtest7 WHERE k BETWEEN 3896990 AND 3897090
	Bitmap Heap Scan on sbtest7  (cost=5.38..369.96 rows=92 width=125)
	  Recheck Cond: ((k >= 3896990) AND (k <= 3897090))
	  ->  Bitmap Index Scan on k_7  (cost=0.00..5.35 rows=92 width=0)
	        Index Cond: ((k >= 3896990) AND (k <= 3897090))

table 8 : explain SELECT k, c FROM sbtest8 WHERE k BETWEEN 3896990 AND 3897090
	Bitmap Heap Scan on sbtest8  (cost=5.49..413.34 rows=103 width=125)
	  Recheck Cond: ((k >= 3896990) AND (k <= 3897090))
	  ->  Bitmap Index Scan on k_8  (cost=0.00..5.46 rows=103 width=0)
	        Index Cond: ((k >= 3896990) AND (k <= 3897090))

for range-notcovered
table 1 : explain SELECT k, c FROM sbtest1 WHERE k BETWEEN 3246183 AND 3246283
	Bitmap Heap Scan on sbtest1  (cost=5.59..452.70 rows=113 width=125)
	  Recheck Cond: ((k >= 3246183) AND (k <= 3246283))
	  ->  Bitmap Index Scan on k_1  (cost=0.00..5.56 rows=113 width=0)
	        Index Cond: ((k >= 3246183) AND (k <= 3246283))

table 2 : explain SELECT k, c FROM sbtest2 WHERE k BETWEEN 3246183 AND 3246283
	Bitmap Heap Scan on sbtest2  (cost=5.44..393.58 rows=98 width=125)
	  Recheck Cond: ((k >= 3246183) AND (k <= 3246283))
	  ->  Bitmap Index Scan on k_2  (cost=0.00..5.42 rows=98 width=0)
	        Index Cond: ((k >= 3246183) AND (k <= 3246283))

table 3 : explain SELECT k, c FROM sbtest3 WHERE k BETWEEN 3246183 AND 3246283
	Bitmap Heap Scan on sbtest3  (cost=5.53..429.06 rows=107 width=125)
	  Recheck Cond: ((k >= 3246183) AND (k <= 3246283))
	  ->  Bitmap Index Scan on k_3  (cost=0.00..5.50 rows=107 width=0)
	        Index Cond: ((k >= 3246183) AND (k <= 3246283))

table 4 : explain SELECT k, c FROM sbtest4 WHERE k BETWEEN 3246183 AND 3246283
	Bitmap Heap Scan on sbtest4  (cost=5.50..417.24 rows=104 width=125)
	  Recheck Cond: ((k >= 3246183) AND (k <= 3246283))
	  ->  Bitmap Index Scan on k_4  (cost=0.00..5.47 rows=104 width=0)
	        Index Cond: ((k >= 3246183) AND (k <= 3246283))

table 5 : explain SELECT k, c FROM sbtest5 WHERE k BETWEEN 3246183 AND 3246283
	Bitmap Heap Scan on sbtest5  (cost=5.43..389.68 rows=97 width=125)
	  Recheck Cond: ((k >= 3246183) AND (k <= 3246283))
	  ->  Bitmap Index Scan on k_5  (cost=0.00..5.40 rows=97 width=0)
	        Index Cond: ((k >= 3246183) AND (k <= 3246283))

table 6 : explain SELECT k, c FROM sbtest6 WHERE k BETWEEN 3246183 AND 3246283
	Bitmap Heap Scan on sbtest6  (cost=5.38..369.93 rows=92 width=125)
	  Recheck Cond: ((k >= 3246183) AND (k <= 3246283))
	  ->  Bitmap Index Scan on k_6  (cost=0.00..5.35 rows=92 width=0)
	        Index Cond: ((k >= 3246183) AND (k <= 3246283))

table 7 : explain SELECT k, c FROM sbtest7 WHERE k BETWEEN 3246183 AND 3246283
	Bitmap Heap Scan on sbtest7  (cost=5.51..421.23 rows=105 width=125)
	  Recheck Cond: ((k >= 3246183) AND (k <= 3246283))
	  ->  Bitmap Index Scan on k_7  (cost=0.00..5.48 rows=105 width=0)
	        Index Cond: ((k >= 3246183) AND (k <= 3246283))

table 8 : explain SELECT k, c FROM sbtest8 WHERE k BETWEEN 3246183 AND 3246283
	Bitmap Heap Scan on sbtest8  (cost=5.45..397.57 rows=99 width=125)
	  Recheck Cond: ((k >= 3246183) AND (k <= 3246283))
	  ->  Bitmap Index Scan on k_8  (cost=0.00..5.42 rows=99 width=0)
	        Index Cond: ((k >= 3246183) AND (k <= 3246283))

explain: for range-notcovered :: explain SELECT k, c FROM sbtest%d WHERE k BETWEEN 5231136 AND 5231236explain: for range-notcovered :: explain SELECT k, c FROM sbtest%d WHERE k BETWEEN 7081738 AND 7081838
explain: for range-notcovered :: explain SELECT k, c FROM sbtest%d WHERE k BETWEEN 8425699 AND 8425799
for range-notcovered
table 1 : explain SELECT k, c FROM sbtest1 WHERE k BETWEEN 5643096 AND 5643196
	Bitmap Heap Scan on sbtest1  (cost=5.51..421.19 rows=105 width=125)
	  Recheck Cond: ((k >= 5643096) AND (k <= 5643196))
	  ->  Bitmap Index Scan on k_1  (cost=0.00..5.48 rows=105 width=0)
	        Index Cond: ((k >= 5643096) AND (k <= 5643196))

table 2 : explain SELECT k, c FROM sbtest2 WHERE k BETWEEN 5643096 AND 5643196
	Bitmap Heap Scan on sbtest2  (cost=5.69..488.12 rows=122 width=125)
	  Recheck Cond: ((k >= 5643096) AND (k <= 5643196))
	  ->  Bitmap Index Scan on k_2  (cost=0.00..5.65 rows=122 width=0)
	        Index Cond: ((k >= 5643096) AND (k <= 5643196))

table 3 : explain SELECT k, c FROM sbtest3 WHERE k BETWEEN 5643096 AND 5643196
	Bitmap Heap Scan on sbtest3  (cost=5.51..421.18 rows=105 width=125)
	  Recheck Cond: ((k >= 5643096) AND (k <= 5643196))
	  ->  Bitmap Index Scan on k_3  (cost=0.00..5.48 rows=105 width=0)
	        Index Cond: ((k >= 5643096) AND (k <= 5643196))

table 4 : explain SELECT k, c FROM sbtest4 WHERE k BETWEEN 5643096 AND 5643196
	Bitmap Heap Scan on sbtest4  (cost=5.55..436.94 rows=109 width=125)
	  Recheck Cond: ((k >= 5643096) AND (k <= 5643196))
	  ->  Bitmap Index Scan on k_4  (cost=0.00..5.52 rows=109 width=0)
	        Index Cond: ((k >= 5643096) AND (k <= 5643196))

table 5 : explain SELECT k, c FROM sbtest5 WHERE k BETWEEN 5643096 AND 5643196
	Bitmap Heap Scan on sbtest5  (cost=5.44..393.62 rows=98 width=125)
	  Recheck Cond: ((k >= 5643096) AND (k <= 5643196))
	  ->  Bitmap Index Scan on k_5  (cost=0.00..5.42 rows=98 width=0)
	        Index Cond: ((k >= 5643096) AND (k <= 5643196))

table 6 : explain SELECT k, c FROM sbtest6 WHERE k BETWEEN 5643096 AND 5643196
	Bitmap Heap Scan on sbtest6  (cost=5.50..417.25 rows=104 width=125)
	  Recheck Cond: ((k >= 5643096) AND (k <= 5643196))
	  ->  Bitmap Index Scan on k_6  (cost=0.00..5.47 rows=104 width=0)
	        Index Cond: ((k >= 5643096) AND (k <= 5643196))

table 7 : explain SELECT k, c FROM sbtest7 WHERE k BETWEEN 5643096 AND 5643196
	Bitmap Heap Scan on sbtest7  (cost=5.48..409.41 rows=102 width=125)
	  Recheck Cond: ((k >= 5643096) AND (k <= 5643196))
	  ->  Bitmap Index Scan on k_7  (cost=0.00..5.45 rows=102 width=0)
	        Index Cond: ((k >= 5643096) AND (k <= 5643196))

table 8 : explain SELECT k, c FROM sbtest8 WHERE k BETWEEN 5643096 AND 5643196
	Bitmap Heap Scan on sbtest8  (cost=5.46..401.52 rows=100 width=125)
	  Recheck Cond: ((k >= 5643096) AND (k <= 5643196))
	  ->  Bitmap Index Scan on k_8  (cost=0.00..5.43 rows=100 width=0)
	        Index Cond: ((k >= 5643096) AND (k <= 5643196))
for range-notcovered
table 1 : explain SELECT k, c FROM sbtest1 WHERE k BETWEEN 2369435 AND 2369535
	Bitmap Heap Scan on sbtest1  (cost=5.50..417.24 rows=104 width=125)
	  Recheck Cond: ((k >= 2369435) AND (k <= 2369535))
	  ->  Bitmap Index Scan on k_1  (cost=0.00..5.47 rows=104 width=0)
	        Index Cond: ((k >= 2369435) AND (k <= 2369535))

table 2 : explain SELECT k, c FROM sbtest2 WHERE k BETWEEN 2369435 AND 2369535
	Bitmap Heap Scan on sbtest2  (cost=5.41..381.75 rows=95 width=125)
	  Recheck Cond: ((k >= 2369435) AND (k <= 2369535))
	  ->  Bitmap Index Scan on k_2  (cost=0.00..5.38 rows=95 width=0)
	        Index Cond: ((k >= 2369435) AND (k <= 2369535))

table 3 : explain SELECT k, c FROM sbtest3 WHERE k BETWEEN 2369435 AND 2369535
	Bitmap Heap Scan on sbtest3  (cost=5.57..444.82 rows=111 width=125)
	  Recheck Cond: ((k >= 2369435) AND (k <= 2369535))
	  ->  Bitmap Index Scan on k_3  (cost=0.00..5.54 rows=111 width=0)
	        Index Cond: ((k >= 2369435) AND (k <= 2369535))

table 4 : explain SELECT k, c FROM sbtest4 WHERE k BETWEEN 2369435 AND 2369535
	Bitmap Heap Scan on sbtest4  (cost=5.55..436.94 rows=109 width=125)
	  Recheck Cond: ((k >= 2369435) AND (k <= 2369535))
	  ->  Bitmap Index Scan on k_4  (cost=0.00..5.52 rows=109 width=0)
	        Index Cond: ((k >= 2369435) AND (k <= 2369535))

table 5 : explain SELECT k, c FROM sbtest5 WHERE k BETWEEN 2369435 AND 2369535
	Bitmap Heap Scan on sbtest5  (cost=5.42..385.74 rows=96 width=125)
	  Recheck Cond: ((k >= 2369435) AND (k <= 2369535))
	  ->  Bitmap Index Scan on k_5  (cost=0.00..5.39 rows=96 width=0)
	        Index Cond: ((k >= 2369435) AND (k <= 2369535))

table 6 : explain SELECT k, c FROM sbtest6 WHERE k BETWEEN 2369435 AND 2369535
	Bitmap Heap Scan on sbtest6  (cost=5.45..397.54 rows=99 width=125)
	  Recheck Cond: ((k >= 2369435) AND (k <= 2369535))
	  ->  Bitmap Index Scan on k_6  (cost=0.00..5.42 rows=99 width=0)
	        Index Cond: ((k >= 2369435) AND (k <= 2369535))

table 7 : explain SELECT k, c FROM sbtest7 WHERE k BETWEEN 2369435 AND 2369535
	Bitmap Heap Scan on sbtest7  (cost=5.56..440.94 rows=110 width=125)
	  Recheck Cond: ((k >= 2369435) AND (k <= 2369535))
	  ->  Bitmap Index Scan on k_7  (cost=0.00..5.53 rows=110 width=0)
	        Index Cond: ((k >= 2369435) AND (k <= 2369535))

table 8 : explain SELECT k, c FROM sbtest8 WHERE k BETWEEN 2369435 AND 2369535
	Bitmap Heap Scan on sbtest8  (cost=5.49..413.34 rows=103 width=125)
	  Recheck Cond: ((k >= 2369435) AND (k <= 2369535))
	  ->  Bitmap Index Scan on k_8  (cost=0.00..5.46 rows=103 width=0)
	        Index Cond: ((k >= 2369435) AND (k <= 2369535))

for range-notcovered
table 1 : explain SELECT k, c FROM sbtest1 WHERE k BETWEEN 4431349 AND 4431449
	Bitmap Heap Scan on sbtest1  (cost=5.52..425.13 rows=106 width=125)
	  Recheck Cond: ((k >= 4431349) AND (k <= 4431449))
	  ->  Bitmap Index Scan on k_1  (cost=0.00..5.50 rows=106 width=0)
	        Index Cond: ((k >= 4431349) AND (k <= 4431449))

table 2 : explain SELECT k, c FROM sbtest2 WHERE k BETWEEN 4431349 AND 4431449
	Bitmap Heap Scan on sbtest2  (cost=5.50..417.24 rows=104 width=125)
	  Recheck Cond: ((k >= 4431349) AND (k <= 4431449))
	  ->  Bitmap Index Scan on k_2  (cost=0.00..5.47 rows=104 width=0)
	        Index Cond: ((k >= 4431349) AND (k <= 4431449))

table 3 : explain SELECT k, c FROM sbtest3 WHERE k BETWEEN 4431349 AND 4431449
	Bitmap Heap Scan on sbtest3  (cost=5.43..389.64 rows=97 width=125)
	  Recheck Cond: ((k >= 4431349) AND (k <= 4431449))
	  ->  Bitmap Index Scan on k_3  (cost=0.00..5.40 rows=97 width=0)
	        Index Cond: ((k >= 4431349) AND (k <= 4431449))

table 4 : explain SELECT k, c FROM sbtest4 WHERE k BETWEEN 4431349 AND 4431449
	Bitmap Heap Scan on sbtest4  (cost=5.37..365.97 rows=91 width=125)
	  Recheck Cond: ((k >= 4431349) AND (k <= 4431449))
	  ->  Bitmap Index Scan on k_4  (cost=0.00..5.34 rows=91 width=0)
	        Index Cond: ((k >= 4431349) AND (k <= 4431449))

table 5 : explain SELECT k, c FROM sbtest5 WHERE k BETWEEN 4431349 AND 4431449
	Bitmap Heap Scan on sbtest5  (cost=5.47..405.46 rows=101 width=125)
	  Recheck Cond: ((k >= 4431349) AND (k <= 4431449))
	  ->  Bitmap Index Scan on k_5  (cost=0.00..5.44 rows=101 width=0)
	        Index Cond: ((k >= 4431349) AND (k <= 4431449))

table 6 : explain SELECT k, c FROM sbtest6 WHERE k BETWEEN 4431349 AND 4431449
	Bitmap Heap Scan on sbtest6  (cost=5.40..377.82 rows=94 width=125)
	  Recheck Cond: ((k >= 4431349) AND (k <= 4431449))
	  ->  Bitmap Index Scan on k_6  (cost=0.00..5.38 rows=94 width=0)
	        Index Cond: ((k >= 4431349) AND (k <= 4431449))

table 7 : explain SELECT k, c FROM sbtest7 WHERE k BETWEEN 4431349 AND 4431449
	Bitmap Heap Scan on sbtest7  (cost=5.46..401.52 rows=100 width=125)
	  Recheck Cond: ((k >= 4431349) AND (k <= 4431449))
	  ->  Bitmap Index Scan on k_7  (cost=0.00..5.43 rows=100 width=0)
	        Index Cond: ((k >= 4431349) AND (k <= 4431449))

table 8 : explain SELECT k, c FROM sbtest8 WHERE k BETWEEN 4431349 AND 4431449
	Bitmap Heap Scan on sbtest8  (cost=5.40..377.85 rows=94 width=125)
	  Recheck Cond: ((k >= 4431349) AND (k <= 4431449))
	  ->  Bitmap Index Scan on k_8  (cost=0.00..5.38 rows=94 width=0)
	        Index Cond: ((k >= 4431349) AND (k <= 4431449))

explain: for range-notcovered :: explain SELECT k, c FROM sbtest%d WHERE k BETWEEN 4506587 AND 4506687
for range-notcovered
table 1 : explain SELECT k, c FROM sbtest1 WHERE k BETWEEN 8303696 AND 8303796
	Bitmap Heap Scan on sbtest1  (cost=5.46..401.48 rows=100 width=125)
	  Recheck Cond: ((k >= 8303696) AND (k <= 8303796))
	  ->  Bitmap Index Scan on k_1  (cost=0.00..5.43 rows=100 width=0)
	        Index Cond: ((k >= 8303696) AND (k <= 8303796))

table 2 : explain SELECT k, c FROM sbtest2 WHERE k BETWEEN 8303696 AND 8303796
	Bitmap Heap Scan on sbtest2  (cost=5.48..409.35 rows=102 width=125)
	  Recheck Cond: ((k >= 8303696) AND (k <= 8303796))
	  ->  Bitmap Index Scan on k_2  (cost=0.00..5.45 rows=102 width=0)
	        Index Cond: ((k >= 8303696) AND (k <= 8303796))

table 3 : explain SELECT k, c FROM sbtest3 WHERE k BETWEEN 8303696 AND 8303796
	Bitmap Heap Scan on sbtest3  (cost=5.45..397.53 rows=99 width=125)
	  Recheck Cond: ((k >= 8303696) AND (k <= 8303796))
	  ->  Bitmap Index Scan on k_3  (cost=0.00..5.42 rows=99 width=0)
	        Index Cond: ((k >= 8303696) AND (k <= 8303796))

table 4 : explain SELECT k, c FROM sbtest4 WHERE k BETWEEN 8303696 AND 8303796
	Bitmap Heap Scan on sbtest4  (cost=5.50..417.24 rows=104 width=125)
	  Recheck Cond: ((k >= 8303696) AND (k <= 8303796))
	  ->  Bitmap Index Scan on k_4  (cost=0.00..5.47 rows=104 width=0)
	        Index Cond: ((k >= 8303696) AND (k <= 8303796))

table 5 : explain SELECT k, c FROM sbtest5 WHERE k BETWEEN 8303696 AND 8303796
	Bitmap Heap Scan on sbtest5  (cost=5.47..405.46 rows=101 width=125)
	  Recheck Cond: ((k >= 8303696) AND (k <= 8303796))
	  ->  Bitmap Index Scan on k_5  (cost=0.00..5.44 rows=101 width=0)
	        Index Cond: ((k >= 8303696) AND (k <= 8303796))

table 6 : explain SELECT k, c FROM sbtest6 WHERE k BETWEEN 8303696 AND 8303796
	Bitmap Heap Scan on sbtest6  (cost=5.52..425.14 rows=106 width=125)
	  Recheck Cond: ((k >= 8303696) AND (k <= 8303796))
	  ->  Bitmap Index Scan on k_6  (cost=0.00..5.50 rows=106 width=0)
	        Index Cond: ((k >= 8303696) AND (k <= 8303796))

table 7 : explain SELECT k, c FROM sbtest7 WHERE k BETWEEN 8303696 AND 8303796
	Bitmap Heap Scan on sbtest7  (cost=5.44..393.63 rows=98 width=125)
	  Recheck Cond: ((k >= 8303696) AND (k <= 8303796))
	  ->  Bitmap Index Scan on k_7  (cost=0.00..5.42 rows=98 width=0)
	        Index Cond: ((k >= 8303696) AND (k <= 8303796))

table 8 : explain SELECT k, c FROM sbtest8 WHERE k BETWEEN 8303696 AND 8303796
	Bitmap Heap Scan on sbtest8  (cost=5.48..409.40 rows=102 width=125)
	  Recheck Cond: ((k >= 8303696) AND (k <= 8303796))
	  ->  Bitmap Index Scan on k_8  (cost=0.00..5.45 rows=102 width=0)
	        Index Cond: ((k >= 8303696) AND (k <= 8303796))


for range-notcovered
table 1 : explain SELECT k, c FROM sbtest1 WHERE k BETWEEN 5346008 AND 5346108
	Bitmap Heap Scan on sbtest1  (cost=5.46..401.48 rows=100 width=125)
	  Recheck Cond: ((k >= 5346008) AND (k <= 5346108))
	  ->  Bitmap Index Scan on k_1  (cost=0.00..5.43 rows=100 width=0)
	        Index Cond: ((k >= 5346008) AND (k <= 5346108))

table 2 : explain SELECT k, c FROM sbtest2 WHERE k BETWEEN 5346008 AND 5346108
	Bitmap Heap Scan on sbtest2  (cost=5.47..405.41 rows=101 width=125)
	  Recheck Cond: ((k >= 5346008) AND (k <= 5346108))
	  ->  Bitmap Index Scan on k_2  (cost=0.00..5.44 rows=101 width=0)
	        Index Cond: ((k >= 5346008) AND (k <= 5346108))

table 3 : explain SELECT k, c FROM sbtest3 WHERE k BETWEEN 5346008 AND 5346108
	Bitmap Heap Scan on sbtest3  (cost=5.51..421.18 rows=105 width=125)
	  Recheck Cond: ((k >= 5346008) AND (k <= 5346108))
	  ->  Bitmap Index Scan on k_3  (cost=0.00..5.48 rows=105 width=0)
	        Index Cond: ((k >= 5346008) AND (k <= 5346108))

table 4 : explain SELECT k, c FROM sbtest4 WHERE k BETWEEN 5346008 AND 5346108
	Bitmap Heap Scan on sbtest4  (cost=5.55..436.94 rows=109 width=125)
	  Recheck Cond: ((k >= 5346008) AND (k <= 5346108))
	  ->  Bitmap Index Scan on k_4  (cost=0.00..5.52 rows=109 width=0)
	        Index Cond: ((k >= 5346008) AND (k <= 5346108))

table 5 : explain SELECT k, c FROM sbtest5 WHERE k BETWEEN 5346008 AND 5346108
	Bitmap Heap Scan on sbtest5  (cost=5.49..413.34 rows=103 width=125)
	  Recheck Cond: ((k >= 5346008) AND (k <= 5346108))
	  ->  Bitmap Index Scan on k_5  (cost=0.00..5.46 rows=103 width=0)
	        Index Cond: ((k >= 5346008) AND (k <= 5346108))

table 6 : explain SELECT k, c FROM sbtest6 WHERE k BETWEEN 5346008 AND 5346108
	Bitmap Heap Scan on sbtest6  (cost=5.54..433.02 rows=108 width=125)
	  Recheck Cond: ((k >= 5346008) AND (k <= 5346108))
	  ->  Bitmap Index Scan on k_6  (cost=0.00..5.51 rows=108 width=0)
	        Index Cond: ((k >= 5346008) AND (k <= 5346108))

table 7 : explain SELECT k, c FROM sbtest7 WHERE k BETWEEN 5346008 AND 5346108
	Bitmap Heap Scan on sbtest7  (cost=5.46..401.52 rows=100 width=125)
	  Recheck Cond: ((k >= 5346008) AND (k <= 5346108))
	  ->  Bitmap Index Scan on k_7  (cost=0.00..5.43 rows=100 width=0)
	        Index Cond: ((k >= 5346008) AND (k <= 5346108))

table 8 : explain SELECT k, c FROM sbtest8 WHERE k BETWEEN 5346008 AND 5346108
	Bitmap Heap Scan on sbtest8  (cost=5.50..417.29 rows=104 width=125)
	  Recheck Cond: ((k >= 5346008) AND (k <= 5346108))
	  ->  Bitmap Index Scan on k_8  (cost=0.00..5.47 rows=104 width=0)
	        Index Cond: ((k >= 5346008) AND (k <= 5346108))

explain: for range-notcovered :: explain SELECT k, c FROM sbtest%d WHERE k BETWEEN 3896990 AND 3897090

explain: for range-notcovered :: explain SELECT k, c FROM sbtest%d WHERE k BETWEEN 4461436 AND 4461536for range-notcovered
table 1 : explain SELECT k, c FROM sbtest1 WHERE k BETWEEN 3062718 AND 3062818
	Bitmap Heap Scan on sbtest1  (cost=5.47..405.42 rows=101 width=125)
	  Recheck Cond: ((k >= 3062718) AND (k <= 3062818))
	  ->  Bitmap Index Scan on k_1  (cost=0.00..5.44 rows=101 width=0)
	        Index Cond: ((k >= 3062718) AND (k <= 3062818))

table 2 : explain SELECT k, c FROM sbtest2 WHERE k BETWEEN 3062718 AND 3062818
	Bitmap Heap Scan on sbtest2  (cost=5.50..417.24 rows=104 width=125)
	  Recheck Cond: ((k >= 3062718) AND (k <= 3062818))
	  ->  Bitmap Index Scan on k_2  (cost=0.00..5.47 rows=104 width=0)
	        Index Cond: ((k >= 3062718) AND (k <= 3062818))

table 3 : explain SELECT k, c FROM sbtest3 WHERE k BETWEEN 3062718 AND 3062818
	Bitmap Heap Scan on sbtest3  (cost=5.38..369.91 rows=92 width=125)
	  Recheck Cond: ((k >= 3062718) AND (k <= 3062818))
	  ->  Bitmap Index Scan on k_3  (cost=0.00..5.35 rows=92 width=0)
	        Index Cond: ((k >= 3062718) AND (k <= 3062818))

table 4 : explain SELECT k, c FROM sbtest4 WHERE k BETWEEN 3062718 AND 3062818
	Bitmap Heap Scan on sbtest4  (cost=5.43..389.64 rows=97 width=125)
	  Recheck Cond: ((k >= 3062718) AND (k <= 3062818))
	  ->  Bitmap Index Scan on k_4  (cost=0.00..5.40 rows=97 width=0)
	        Index Cond: ((k >= 3062718) AND (k <= 3062818))

table 5 : explain SELECT k, c FROM sbtest5 WHERE k BETWEEN 3062718 AND 3062818
	Bitmap Heap Scan on sbtest5  (cost=5.45..397.57 rows=99 width=125)
	  Recheck Cond: ((k >= 3062718) AND (k <= 3062818))
	  ->  Bitmap Index Scan on k_5  (cost=0.00..5.42 rows=99 width=0)
	        Index Cond: ((k >= 3062718) AND (k <= 3062818))

table 6 : explain SELECT k, c FROM sbtest6 WHERE k BETWEEN 3062718 AND 3062818
	Bitmap Heap Scan on sbtest6  (cost=5.50..417.25 rows=104 width=125)
	  Recheck Cond: ((k >= 3062718) AND (k <= 3062818))
	  ->  Bitmap Index Scan on k_6  (cost=0.00..5.47 rows=104 width=0)
	        Index Cond: ((k >= 3062718) AND (k <= 3062818))

table 7 : explain SELECT k, c FROM sbtest7 WHERE k BETWEEN 3062718 AND 3062818
	Bitmap Heap Scan on sbtest7  (cost=5.44..393.63 rows=98 width=125)
	  Recheck Cond: ((k >= 3062718) AND (k <= 3062818))
	  ->  Bitmap Index Scan on k_7  (cost=0.00..5.42 rows=98 width=0)
	        Index Cond: ((k >= 3062718) AND (k <= 3062818))

table 8 : explain SELECT k, c FROM sbtest8 WHERE k BETWEEN 3062718 AND 3062818
	Bitmap Heap Scan on sbtest8  (cost=5.51..421.23 rows=105 width=125)
	  Recheck Cond: ((k >= 3062718) AND (k <= 3062818))
	  ->  Bitmap Index Scan on k_8  (cost=0.00..5.48 rows=105 width=0)
	        Index Cond: ((k >= 3062718) AND (k <= 3062818))


explain: for range-notcovered :: explain SELECT k, c FROM sbtest%d WHERE k BETWEEN 2776751 AND 2776851
for range-notcovered
table 1 : explain SELECT k, c FROM sbtest1 WHERE k BETWEEN 4170423 AND 4170523
	Bitmap Heap Scan on sbtest1  (cost=5.44..393.59 rows=98 width=125)
	  Recheck Cond: ((k >= 4170423) AND (k <= 4170523))
	  ->  Bitmap Index Scan on k_1  (cost=0.00..5.42 rows=98 width=0)
	        Index Cond: ((k >= 4170423) AND (k <= 4170523))

table 2 : explain SELECT k, c FROM sbtest2 WHERE k BETWEEN 4170423 AND 4170523
	Bitmap Heap Scan on sbtest2  (cost=5.56..440.88 rows=110 width=125)
	  Recheck Cond: ((k >= 4170423) AND (k <= 4170523))
	  ->  Bitmap Index Scan on k_2  (cost=0.00..5.53 rows=110 width=0)
	        Index Cond: ((k >= 4170423) AND (k <= 4170523))

table 3 : explain SELECT k, c FROM sbtest3 WHERE k BETWEEN 4170423 AND 4170523
	Bitmap Heap Scan on sbtest3  (cost=5.48..409.36 rows=102 width=125)
	  Recheck Cond: ((k >= 4170423) AND (k <= 4170523))
	  ->  Bitmap Index Scan on k_3  (cost=0.00..5.45 rows=102 width=0)
	        Index Cond: ((k >= 4170423) AND (k <= 4170523))

table 4 : explain SELECT k, c FROM sbtest4 WHERE k BETWEEN 4170423 AND 4170523
	Bitmap Heap Scan on sbtest4  (cost=5.49..413.30 rows=103 width=125)
	  Recheck Cond: ((k >= 4170423) AND (k <= 4170523))
	  ->  Bitmap Index Scan on k_4  (cost=0.00..5.46 rows=103 width=0)
	        Index Cond: ((k >= 4170423) AND (k <= 4170523))

table 5 : explain SELECT k, c FROM sbtest5 WHERE k BETWEEN 4170423 AND 4170523
	Bitmap Heap Scan on sbtest5  (cost=5.41..381.79 rows=95 width=125)
	  Recheck Cond: ((k >= 4170423) AND (k <= 4170523))
	  ->  Bitmap Index Scan on k_5  (cost=0.00..5.38 rows=95 width=0)
	        Index Cond: ((k >= 4170423) AND (k <= 4170523))

table 6 : explain SELECT k, c FROM sbtest6 WHERE k BETWEEN 4170423 AND 4170523
	Bitmap Heap Scan on sbtest6  (cost=5.57..444.83 rows=111 width=125)
	  Recheck Cond: ((k >= 4170423) AND (k <= 4170523))
	  ->  Bitmap Index Scan on k_6  (cost=0.00..5.54 rows=111 width=0)
	        Index Cond: ((k >= 4170423) AND (k <= 4170523))

table 7 : explain SELECT k, c FROM sbtest7 WHERE k BETWEEN 4170423 AND 4170523
	Bitmap Heap Scan on sbtest7  (cost=5.50..417.29 rows=104 width=125)
	  Recheck Cond: ((k >= 4170423) AND (k <= 4170523))
	  ->  Bitmap Index Scan on k_7  (cost=0.00..5.47 rows=104 width=0)
	        Index Cond: ((k >= 4170423) AND (k <= 4170523))

table 8 : explain SELECT k, c FROM sbtest8 WHERE k BETWEEN 4170423 AND 4170523
	Bitmap Heap Scan on sbtest8  (cost=5.47..405.46 rows=101 width=125)
	  Recheck Cond: ((k >= 4170423) AND (k <= 4170523))
	  ->  Bitmap Index Scan on k_8  (cost=0.00..5.44 rows=101 width=0)
	        Index Cond: ((k >= 4170423) AND (k <= 4170523))

for range-notcovered
table 1 : explain SELECT k, c FROM sbtest1 WHERE k BETWEEN 2951443 AND 2951543
	Bitmap Heap Scan on sbtest1  (cost=5.48..409.36 rows=102 width=125)
	  Recheck Cond: ((k >= 2951443) AND (k <= 2951543))
	  ->  Bitmap Index Scan on k_1  (cost=0.00..5.45 rows=102 width=0)
	        Index Cond: ((k >= 2951443) AND (k <= 2951543))

table 2 : explain SELECT k, c FROM sbtest2 WHERE k BETWEEN 2951443 AND 2951543
	Bitmap Heap Scan on sbtest2  (cost=5.47..405.41 rows=101 width=125)
	  Recheck Cond: ((k >= 2951443) AND (k <= 2951543))
	  ->  Bitmap Index Scan on k_2  (cost=0.00..5.44 rows=101 width=0)
	        Index Cond: ((k >= 2951443) AND (k <= 2951543))

table 3 : explain SELECT k, c FROM sbtest3 WHERE k BETWEEN 2951443 AND 2951543
	Bitmap Heap Scan on sbtest3  (cost=5.46..401.47 rows=100 width=125)
	  Recheck Cond: ((k >= 2951443) AND (k <= 2951543))
	  ->  Bitmap Index Scan on k_3  (cost=0.00..5.43 rows=100 width=0)
	        Index Cond: ((k >= 2951443) AND (k <= 2951543))

table 4 : explain SELECT k, c FROM sbtest4 WHERE k BETWEEN 2951443 AND 2951543
	Bitmap Heap Scan on sbtest4  (cost=5.54..433.00 rows=108 width=125)
	  Recheck Cond: ((k >= 2951443) AND (k <= 2951543))
	  ->  Bitmap Index Scan on k_4  (cost=0.00..5.51 rows=108 width=0)
	        Index Cond: ((k >= 2951443) AND (k <= 2951543))

table 5 : explain SELECT k, c FROM sbtest5 WHERE k BETWEEN 2951443 AND 2951543
	Bitmap Heap Scan on sbtest5  (cost=5.50..417.28 rows=104 width=125)
	  Recheck Cond: ((k >= 2951443) AND (k <= 2951543))
	  ->  Bitmap Index Scan on k_5  (cost=0.00..5.47 rows=104 width=0)
	        Index Cond: ((k >= 2951443) AND (k <= 2951543))

table 6 : explain SELECT k, c FROM sbtest6 WHERE k BETWEEN 2951443 AND 2951543
	Bitmap Heap Scan on sbtest6  (cost=5.49..413.31 rows=103 width=125)
	  Recheck Cond: ((k >= 2951443) AND (k <= 2951543))
	  ->  Bitmap Index Scan on k_6  (cost=0.00..5.46 rows=103 width=0)
	        Index Cond: ((k >= 2951443) AND (k <= 2951543))

table 7 : explain SELECT k, c FROM sbtest7 WHERE k BETWEEN 2951443 AND 2951543
	Bitmap Heap Scan on sbtest7  (cost=5.46..401.52 rows=100 width=125)
	  Recheck Cond: ((k >= 2951443) AND (k <= 2951543))
	  ->  Bitmap Index Scan on k_7  (cost=0.00..5.43 rows=100 width=0)
	        Index Cond: ((k >= 2951443) AND (k <= 2951543))

table 8 : explain SELECT k, c FROM sbtest8 WHERE k BETWEEN 2951443 AND 2951543
	Bitmap Heap Scan on sbtest8  (cost=5.39..373.90 rows=93 width=125)
	  Recheck Cond: ((k >= 2951443) AND (k <= 2951543))
	  ->  Bitmap Index Scan on k_8  (cost=0.00..5.36 rows=93 width=0)
	        Index Cond: ((k >= 2951443) AND (k <= 2951543))

for range-notcovered
table 1 : explain SELECT k, c FROM sbtest1 WHERE k BETWEEN 3520505 AND 3520605
	Bitmap Heap Scan on sbtest1  (cost=5.47..405.42 rows=101 width=125)
	  Recheck Cond: ((k >= 3520505) AND (k <= 3520605))
	  ->  Bitmap Index Scan on k_1  (cost=0.00..5.44 rows=101 width=0)
	        Index Cond: ((k >= 3520505) AND (k <= 3520605))

table 2 : explain SELECT k, c FROM sbtest2 WHERE k BETWEEN 3520505 AND 3520605
	Bitmap Heap Scan on sbtest2  (cost=5.45..397.53 rows=99 width=125)
	  Recheck Cond: ((k >= 3520505) AND (k <= 3520605))
	  ->  Bitmap Index Scan on k_2  (cost=0.00..5.42 rows=99 width=0)
	        Index Cond: ((k >= 3520505) AND (k <= 3520605))

table 3 : explain SELECT k, c FROM sbtest3 WHERE k BETWEEN 3520505 AND 3520605
	Bitmap Heap Scan on sbtest3  (cost=5.48..409.36 rows=102 width=125)
	  Recheck Cond: ((k >= 3520505) AND (k <= 3520605))
	  ->  Bitmap Index Scan on k_3  (cost=0.00..5.45 rows=102 width=0)
	        Index Cond: ((k >= 3520505) AND (k <= 3520605))

table 4 : explain SELECT k, c FROM sbtest4 WHERE k BETWEEN 3520505 AND 3520605
	Bitmap Heap Scan on sbtest4  (cost=5.44..393.58 rows=98 width=125)
	  Recheck Cond: ((k >= 3520505) AND (k <= 3520605))
	  ->  Bitmap Index Scan on k_4  (cost=0.00..5.42 rows=98 width=0)
	        Index Cond: ((k >= 3520505) AND (k <= 3520605))

table 5 : explain SELECT k, c FROM sbtest5 WHERE k BETWEEN 3520505 AND 3520605
	Bitmap Heap Scan on sbtest5  (cost=5.58..448.81 rows=112 width=125)
	  Recheck Cond: ((k >= 3520505) AND (k <= 3520605))
	  ->  Bitmap Index Scan on k_5  (cost=0.00..5.55 rows=112 width=0)
	        Index Cond: ((k >= 3520505) AND (k <= 3520605))

table 6 : explain SELECT k, c FROM sbtest6 WHERE k BETWEEN 3520505 AND 3520605
	Bitmap Heap Scan on sbtest6  (cost=5.42..385.71 rows=96 width=125)
	  Recheck Cond: ((k >= 3520505) AND (k <= 3520605))
	  ->  Bitmap Index Scan on k_6  (cost=0.00..5.39 rows=96 width=0)
	        Index Cond: ((k >= 3520505) AND (k <= 3520605))

table 7 : explain SELECT k, c FROM sbtest7 WHERE k BETWEEN 3520505 AND 3520605
	Bitmap Heap Scan on sbtest7  (cost=5.50..417.29 rows=104 width=125)
	  Recheck Cond: ((k >= 3520505) AND (k <= 3520605))
	  ->  Bitmap Index Scan on k_7  (cost=0.00..5.47 rows=104 width=0)
	        Index Cond: ((k >= 3520505) AND (k <= 3520605))

table 8 : explain SELECT k, c FROM sbtest8 WHERE k BETWEEN 3520505 AND 3520605
	Bitmap Heap Scan on sbtest8  (cost=5.37..366.01 rows=91 width=125)
	  Recheck Cond: ((k >= 3520505) AND (k <= 3520605))
	  ->  Bitmap Index Scan on k_8  (cost=0.00..5.34 rows=91 width=0)
	        Index Cond: ((k >= 3520505) AND (k <= 3520605))

for range-notcovered
table 1 : explain SELECT k, c FROM sbtest1 WHERE k BETWEEN 7238566 AND 7238666
	Bitmap Heap Scan on sbtest1  (cost=5.46..401.48 rows=100 width=125)
	  Recheck Cond: ((k >= 7238566) AND (k <= 7238666))
	  ->  Bitmap Index Scan on k_1  (cost=0.00..5.43 rows=100 width=0)
	        Index Cond: ((k >= 7238566) AND (k <= 7238666))

table 2 : explain SELECT k, c FROM sbtest2 WHERE k BETWEEN 7238566 AND 7238666
	Bitmap Heap Scan on sbtest2  (cost=5.42..385.69 rows=96 width=125)
	  Recheck Cond: ((k >= 7238566) AND (k <= 7238666))
	  ->  Bitmap Index Scan on k_2  (cost=0.00..5.39 rows=96 width=0)
	        Index Cond: ((k >= 7238566) AND (k <= 7238666))

table 3 : explain SELECT k, c FROM sbtest3 WHERE k BETWEEN 7238566 AND 7238666
	Bitmap Heap Scan on sbtest3  (cost=5.43..389.64 rows=97 width=125)
	  Recheck Cond: ((k >= 7238566) AND (k <= 7238666))
	  ->  Bitmap Index Scan on k_3  (cost=0.00..5.40 rows=97 width=0)
	        Index Cond: ((k >= 7238566) AND (k <= 7238666))

table 4 : explain SELECT k, c FROM sbtest4 WHERE k BETWEEN 7238566 AND 7238666
	Bitmap Heap Scan on sbtest4  (cost=5.37..365.97 rows=91 width=125)
	  Recheck Cond: ((k >= 7238566) AND (k <= 7238666))
	  ->  Bitmap Index Scan on k_4  (cost=0.00..5.34 rows=91 width=0)
	        Index Cond: ((k >= 7238566) AND (k <= 7238666))

table 5 : explain SELECT k, c FROM sbtest5 WHERE k BETWEEN 7238566 AND 7238666
	Bitmap Heap Scan on sbtest5  (cost=5.51..421.23 rows=105 width=125)
	  Recheck Cond: ((k >= 7238566) AND (k <= 7238666))
	  ->  Bitmap Index Scan on k_5  (cost=0.00..5.48 rows=105 width=0)
	        Index Cond: ((k >= 7238566) AND (k <= 7238666))

table 6 : explain SELECT k, c FROM sbtest6 WHERE k BETWEEN 7238566 AND 7238666
	Bitmap Heap Scan on sbtest6  (cost=5.54..433.02 rows=108 width=125)
	  Recheck Cond: ((k >= 7238566) AND (k <= 7238666))
	  ->  Bitmap Index Scan on k_6  (cost=0.00..5.51 rows=108 width=0)
	        Index Cond: ((k >= 7238566) AND (k <= 7238666))

table 7 : explain SELECT k, c FROM sbtest7 WHERE k BETWEEN 7238566 AND 7238666
	Bitmap Heap Scan on sbtest7  (cost=5.56..440.94 rows=110 width=125)
	  Recheck Cond: ((k >= 7238566) AND (k <= 7238666))
	  ->  Bitmap Index Scan on k_7  (cost=0.00..5.53 rows=110 width=0)
	        Index Cond: ((k >= 7238566) AND (k <= 7238666))

table 8 : explain SELECT k, c FROM sbtest8 WHERE k BETWEEN 7238566 AND 7238666
	Bitmap Heap Scan on sbtest8  (cost=5.50..417.29 rows=104 width=125)
	  Recheck Cond: ((k >= 7238566) AND (k <= 7238666))
	  ->  Bitmap Index Scan on k_8  (cost=0.00..5.47 rows=104 width=0)
	        Index Cond: ((k >= 7238566) AND (k <= 7238666))

for range-notcovered
table 1 : explain SELECT k, c FROM sbtest1 WHERE k BETWEEN 2885741 AND 2885841
	Bitmap Heap Scan on sbtest1  (cost=5.48..409.36 rows=102 width=125)
	  Recheck Cond: ((k >= 2885741) AND (k <= 2885841))
	  ->  Bitmap Index Scan on k_1  (cost=0.00..5.45 rows=102 width=0)
	        Index Cond: ((k >= 2885741) AND (k <= 2885841))

table 2 : explain SELECT k, c FROM sbtest2 WHERE k BETWEEN 2885741 AND 2885841
	Bitmap Heap Scan on sbtest2  (cost=5.50..417.24 rows=104 width=125)
	  Recheck Cond: ((k >= 2885741) AND (k <= 2885841))
	  ->  Bitmap Index Scan on k_2  (cost=0.00..5.47 rows=104 width=0)
	        Index Cond: ((k >= 2885741) AND (k <= 2885841))

table 3 : explain SELECT k, c FROM sbtest3 WHERE k BETWEEN 2885741 AND 2885841
	Bitmap Heap Scan on sbtest3  (cost=5.47..405.41 rows=101 width=125)
	  Recheck Cond: ((k >= 2885741) AND (k <= 2885841))
	  ->  Bitmap Index Scan on k_3  (cost=0.00..5.44 rows=101 width=0)
	        Index Cond: ((k >= 2885741) AND (k <= 2885841))

table 4 : explain SELECT k, c FROM sbtest4 WHERE k BETWEEN 2885741 AND 2885841
	Bitmap Heap Scan on sbtest4  (cost=5.50..417.24 rows=104 width=125)
	  Recheck Cond: ((k >= 2885741) AND (k <= 2885841))
	  ->  Bitmap Index Scan on k_4  (cost=0.00..5.47 rows=104 width=0)
	        Index Cond: ((k >= 2885741) AND (k <= 2885841))

table 5 : explain SELECT k, c FROM sbtest5 WHERE k BETWEEN 2885741 AND 2885841
	Bitmap Heap Scan on sbtest5  (cost=5.51..421.23 rows=105 width=125)
	  Recheck Cond: ((k >= 2885741) AND (k <= 2885841))
	  ->  Bitmap Index Scan on k_5  (cost=0.00..5.48 rows=105 width=0)
	        Index Cond: ((k >= 2885741) AND (k <= 2885841))

table 6 : explain SELECT k, c FROM sbtest6 WHERE k BETWEEN 2885741 AND 2885841
	Bitmap Heap Scan on sbtest6  (cost=5.53..429.08 rows=107 width=125)
	  Recheck Cond: ((k >= 2885741) AND (k <= 2885841))
	  ->  Bitmap Index Scan on k_6  (cost=0.00..5.50 rows=107 width=0)
	        Index Cond: ((k >= 2885741) AND (k <= 2885841))

table 7 : explain SELECT k, c FROM sbtest7 WHERE k BETWEEN 2885741 AND 2885841
	Bitmap Heap Scan on sbtest7  (cost=5.51..421.23 rows=105 width=125)
	  Recheck Cond: ((k >= 2885741) AND (k <= 2885841))
	  ->  Bitmap Index Scan on k_7  (cost=0.00..5.48 rows=105 width=0)
	        Index Cond: ((k >= 2885741) AND (k <= 2885841))

table 8 : explain SELECT k, c FROM sbtest8 WHERE k BETWEEN 2885741 AND 2885841
	Bitmap Heap Scan on sbtest8  (cost=5.52..425.17 rows=106 width=125)
	  Recheck Cond: ((k >= 2885741) AND (k <= 2885841))
	  ->  Bitmap Index Scan on k_8  (cost=0.00..5.50 rows=106 width=0)
	        Index Cond: ((k >= 2885741) AND (k <= 2885841))
explain: for range-notcovered :: explain SELECT k, c FROM sbtest%d WHERE k BETWEEN 4170423 AND 4170523for range-notcovered
table 1 : explain SELECT k, c FROM sbtest1 WHERE k BETWEEN 5254425 AND 5254525
	Bitmap Heap Scan on sbtest1  (cost=5.46..401.48 rows=100 width=125)
	  Recheck Cond: ((k >= 5254425) AND (k <= 5254525))
	  ->  Bitmap Index Scan on k_1  (cost=0.00..5.43 rows=100 width=0)
	        Index Cond: ((k >= 5254425) AND (k <= 5254525))

table 2 : explain SELECT k, c FROM sbtest2 WHERE k BETWEEN 5254425 AND 5254525
	Bitmap Heap Scan on sbtest2  (cost=5.58..448.75 rows=112 width=125)
	  Recheck Cond: ((k >= 5254425) AND (k <= 5254525))
	  ->  Bitmap Index Scan on k_2  (cost=0.00..5.55 rows=112 width=0)
	        Index Cond: ((k >= 5254425) AND (k <= 5254525))

table 3 : explain SELECT k, c FROM sbtest3 WHERE k BETWEEN 5254425 AND 5254525
	Bitmap Heap Scan on sbtest3  (cost=5.49..413.30 rows=103 width=125)
	  Recheck Cond: ((k >= 5254425) AND (k <= 5254525))
	  ->  Bitmap Index Scan on k_3  (cost=0.00..5.46 rows=103 width=0)
	        Index Cond: ((k >= 5254425) AND (k <= 5254525))

table 4 : explain SELECT k, c FROM sbtest4 WHERE k BETWEEN 5254425 AND 5254525
	Bitmap Heap Scan on sbtest4  (cost=5.41..381.75 rows=95 width=125)
	  Recheck Cond: ((k >= 5254425) AND (k <= 5254525))
	  ->  Bitmap Index Scan on k_4  (cost=0.00..5.38 rows=95 width=0)
	        Index Cond: ((k >= 5254425) AND (k <= 5254525))

table 5 : explain SELECT k, c FROM sbtest5 WHERE k BETWEEN 5254425 AND 5254525
	Bitmap Heap Scan on sbtest5  (cost=5.55..436.99 rows=109 width=125)
	  Recheck Cond: ((k >= 5254425) AND (k <= 5254525))
	  ->  Bitmap Index Scan on k_5  (cost=0.00..5.52 rows=109 width=0)
	        Index Cond: ((k >= 5254425) AND (k <= 5254525))

table 6 : explain SELECT k, c FROM sbtest6 WHERE k BETWEEN 5254425 AND 5254525
	Bitmap Heap Scan on sbtest6  (cost=5.51..421.19 rows=105 width=125)
	  Recheck Cond: ((k >= 5254425) AND (k <= 5254525))
	  ->  Bitmap Index Scan on k_6  (cost=0.00..5.48 rows=105 width=0)
	        Index Cond: ((k >= 5254425) AND (k <= 5254525))

table 7 : explain SELECT k, c FROM sbtest7 WHERE k BETWEEN 5254425 AND 5254525
	Bitmap Heap Scan on sbtest7  (cost=5.36..362.06 rows=90 width=125)
	  Recheck Cond: ((k >= 5254425) AND (k <= 5254525))
	  ->  Bitmap Index Scan on k_7  (cost=0.00..5.33 rows=90 width=0)
	        Index Cond: ((k >= 5254425) AND (k <= 5254525))

table 8 : explain SELECT k, c FROM sbtest8 WHERE k BETWEEN 5254425 AND 5254525
	Bitmap Heap Scan on sbtest8  (cost=5.52..425.17 rows=106 width=125)
	  Recheck Cond: ((k >= 5254425) AND (k <= 5254525))
	  ->  Bitmap Index Scan on k_8  (cost=0.00..5.50 rows=106 width=0)
	        Index Cond: ((k >= 5254425) AND (k <= 5254525))



explain: for range-notcovered :: explain SELECT k, c FROM sbtest%d WHERE k BETWEEN 3246183 AND 3246283explain: for range-notcovered :: explain SELECT k, c FROM sbtest%d WHERE k BETWEEN 7238566 AND 7238666explain: for range-notcovered :: explain SELECT k, c FROM sbtest%d WHERE k BETWEEN 2951443 AND 2951543for range-notcovered
table 1 : explain SELECT k, c FROM sbtest1 WHERE k BETWEEN 5263201 AND 5263301
	Bitmap Heap Scan on sbtest1  (cost=5.46..401.48 rows=100 width=125)
	  Recheck Cond: ((k >= 5263201) AND (k <= 5263301))
	  ->  Bitmap Index Scan on k_1  (cost=0.00..5.43 rows=100 width=0)
	        Index Cond: ((k >= 5263201) AND (k <= 5263301))

table 2 : explain SELECT k, c FROM sbtest2 WHERE k BETWEEN 5263201 AND 5263301
	Bitmap Heap Scan on sbtest2  (cost=5.58..448.75 rows=112 width=125)
	  Recheck Cond: ((k >= 5263201) AND (k <= 5263301))
	  ->  Bitmap Index Scan on k_2  (cost=0.00..5.55 rows=112 width=0)
	        Index Cond: ((k >= 5263201) AND (k <= 5263301))

table 3 : explain SELECT k, c FROM sbtest3 WHERE k BETWEEN 5263201 AND 5263301
	Bitmap Heap Scan on sbtest3  (cost=5.49..413.30 rows=103 width=125)
	  Recheck Cond: ((k >= 5263201) AND (k <= 5263301))
	  ->  Bitmap Index Scan on k_3  (cost=0.00..5.46 rows=103 width=0)
	        Index Cond: ((k >= 5263201) AND (k <= 5263301))

table 4 : explain SELECT k, c FROM sbtest4 WHERE k BETWEEN 5263201 AND 5263301
	Bitmap Heap Scan on sbtest4  (cost=5.41..381.75 rows=95 width=125)
	  Recheck Cond: ((k >= 5263201) AND (k <= 5263301))
	  ->  Bitmap Index Scan on k_4  (cost=0.00..5.38 rows=95 width=0)
	        Index Cond: ((k >= 5263201) AND (k <= 5263301))

table 5 : explain SELECT k, c FROM sbtest5 WHERE k BETWEEN 5263201 AND 5263301
	Bitmap Heap Scan on sbtest5  (cost=5.55..436.99 rows=109 width=125)
	  Recheck Cond: ((k >= 5263201) AND (k <= 5263301))
	  ->  Bitmap Index Scan on k_5  (cost=0.00..5.52 rows=109 width=0)
	        Index Cond: ((k >= 5263201) AND (k <= 5263301))

table 6 : explain SELECT k, c FROM sbtest6 WHERE k BETWEEN 5263201 AND 5263301
	Bitmap Heap Scan on sbtest6  (cost=5.51..421.19 rows=105 width=125)
	  Recheck Cond: ((k >= 5263201) AND (k <= 5263301))
	  ->  Bitmap Index Scan on k_6  (cost=0.00..5.48 rows=105 width=0)
	        Index Cond: ((k >= 5263201) AND (k <= 5263301))

table 7 : explain SELECT k, c FROM sbtest7 WHERE k BETWEEN 5263201 AND 5263301
	Bitmap Heap Scan on sbtest7  (cost=5.36..362.06 rows=90 width=125)
	  Recheck Cond: ((k >= 5263201) AND (k <= 5263301))
	  ->  Bitmap Index Scan on k_7  (cost=0.00..5.33 rows=90 width=0)
	        Index Cond: ((k >= 5263201) AND (k <= 5263301))

table 8 : explain SELECT k, c FROM sbtest8 WHERE k BETWEEN 5263201 AND 5263301
	Bitmap Heap Scan on sbtest8  (cost=5.52..425.17 rows=106 width=125)
	  Recheck Cond: ((k >= 5263201) AND (k <= 5263301))
	  ->  Bitmap Index Scan on k_8  (cost=0.00..5.50 rows=106 width=0)
	        Index Cond: ((k >= 5263201) AND (k <= 5263301))
for range-notcovered
table 1 : explain SELECT k, c FROM sbtest1 WHERE k BETWEEN 5134073 AND 5134173
	Bitmap Heap Scan on sbtest1  (cost=5.53..429.07 rows=107 width=125)
	  Recheck Cond: ((k >= 5134073) AND (k <= 5134173))
	  ->  Bitmap Index Scan on k_1  (cost=0.00..5.50 rows=107 width=0)
	        Index Cond: ((k >= 5134073) AND (k <= 5134173))

table 2 : explain SELECT k, c FROM sbtest2 WHERE k BETWEEN 5134073 AND 5134173
	Bitmap Heap Scan on sbtest2  (cost=5.45..397.53 rows=99 width=125)
	  Recheck Cond: ((k >= 5134073) AND (k <= 5134173))
	  ->  Bitmap Index Scan on k_2  (cost=0.00..5.42 rows=99 width=0)
	        Index Cond: ((k >= 5134073) AND (k <= 5134173))

table 3 : explain SELECT k, c FROM sbtest3 WHERE k BETWEEN 5134073 AND 5134173
	Bitmap Heap Scan on sbtest3  (cost=5.50..417.24 rows=104 width=125)
	  Recheck Cond: ((k >= 5134073) AND (k <= 5134173))
	  ->  Bitmap Index Scan on k_3  (cost=0.00..5.47 rows=104 width=0)
	        Index Cond: ((k >= 5134073) AND (k <= 5134173))

table 4 : explain SELECT k, c FROM sbtest4 WHERE k BETWEEN 5134073 AND 5134173
	Bitmap Heap Scan on sbtest4  (cost=5.45..397.53 rows=99 width=125)
	  Recheck Cond: ((k >= 5134073) AND (k <= 5134173))
	  ->  Bitmap Index Scan on k_4  (cost=0.00..5.42 rows=99 width=0)
	        Index Cond: ((k >= 5134073) AND (k <= 5134173))

table 5 : explain SELECT k, c FROM sbtest5 WHERE k BETWEEN 5134073 AND 5134173
	Bitmap Heap Scan on sbtest5  (cost=5.45..397.57 rows=99 width=125)
	  Recheck Cond: ((k >= 5134073) AND (k <= 5134173))
	  ->  Bitmap Index Scan on k_5  (cost=0.00..5.42 rows=99 width=0)
	        Index Cond: ((k >= 5134073) AND (k <= 5134173))

table 6 : explain SELECT k, c FROM sbtest6 WHERE k BETWEEN 5134073 AND 5134173
	Bitmap Heap Scan on sbtest6  (cost=5.44..393.60 rows=98 width=125)
	  Recheck Cond: ((k >= 5134073) AND (k <= 5134173))
	  ->  Bitmap Index Scan on k_6  (cost=0.00..5.42 rows=98 width=0)
	        Index Cond: ((k >= 5134073) AND (k <= 5134173))

table 7 : explain SELECT k, c FROM sbtest7 WHERE k BETWEEN 5134073 AND 5134173
	Bitmap Heap Scan on sbtest7  (cost=5.46..401.52 rows=100 width=125)
	  Recheck Cond: ((k >= 5134073) AND (k <= 5134173))
	  ->  Bitmap Index Scan on k_7  (cost=0.00..5.43 rows=100 width=0)
	        Index Cond: ((k >= 5134073) AND (k <= 5134173))

table 8 : explain SELECT k, c FROM sbtest8 WHERE k BETWEEN 5134073 AND 5134173
	Bitmap Heap Scan on sbtest8  (cost=5.46..401.52 rows=100 width=125)
	  Recheck Cond: ((k >= 5134073) AND (k <= 5134173))
	  ->  Bitmap Index Scan on k_8  (cost=0.00..5.43 rows=100 width=0)
	        Index Cond: ((k >= 5134073) AND (k <= 5134173))

for range-notcovered
table 1 : explain SELECT k, c FROM sbtest1 WHERE k BETWEEN 2353440 AND 2353540
	Bitmap Heap Scan on sbtest1  (cost=5.50..417.24 rows=104 width=125)
	  Recheck Cond: ((k >= 2353440) AND (k <= 2353540))
	  ->  Bitmap Index Scan on k_1  (cost=0.00..5.47 rows=104 width=0)
	        Index Cond: ((k >= 2353440) AND (k <= 2353540))

table 2 : explain SELECT k, c FROM sbtest2 WHERE k BETWEEN 2353440 AND 2353540
	Bitmap Heap Scan on sbtest2  (cost=5.41..381.75 rows=95 width=125)
	  Recheck Cond: ((k >= 2353440) AND (k <= 2353540))
	  ->  Bitmap Index Scan on k_2  (cost=0.00..5.38 rows=95 width=0)
	        Index Cond: ((k >= 2353440) AND (k <= 2353540))

table 3 : explain SELECT k, c FROM sbtest3 WHERE k BETWEEN 2353440 AND 2353540
	Bitmap Heap Scan on sbtest3  (cost=5.57..444.82 rows=111 width=125)
	  Recheck Cond: ((k >= 2353440) AND (k <= 2353540))
	  ->  Bitmap Index Scan on k_3  (cost=0.00..5.54 rows=111 width=0)
	        Index Cond: ((k >= 2353440) AND (k <= 2353540))

table 4 : explain SELECT k, c FROM sbtest4 WHERE k BETWEEN 2353440 AND 2353540
	Bitmap Heap Scan on sbtest4  (cost=5.55..436.94 rows=109 width=125)
	  Recheck Cond: ((k >= 2353440) AND (k <= 2353540))
	  ->  Bitmap Index Scan on k_4  (cost=0.00..5.52 rows=109 width=0)
	        Index Cond: ((k >= 2353440) AND (k <= 2353540))

table 5 : explain SELECT k, c FROM sbtest5 WHERE k BETWEEN 2353440 AND 2353540
	Bitmap Heap Scan on sbtest5  (cost=5.42..385.74 rows=96 width=125)
	  Recheck Cond: ((k >= 2353440) AND (k <= 2353540))
	  ->  Bitmap Index Scan on k_5  (cost=0.00..5.39 rows=96 width=0)
	        Index Cond: ((k >= 2353440) AND (k <= 2353540))

table 6 : explain SELECT k, c FROM sbtest6 WHERE k BETWEEN 2353440 AND 2353540
	Bitmap Heap Scan on sbtest6  (cost=5.45..397.54 rows=99 width=125)
	  Recheck Cond: ((k >= 2353440) AND (k <= 2353540))
	  ->  Bitmap Index Scan on k_6  (cost=0.00..5.42 rows=99 width=0)
	        Index Cond: ((k >= 2353440) AND (k <= 2353540))

table 7 : explain SELECT k, c FROM sbtest7 WHERE k BETWEEN 2353440 AND 2353540
	Bitmap Heap Scan on sbtest7  (cost=5.56..440.94 rows=110 width=125)
	  Recheck Cond: ((k >= 2353440) AND (k <= 2353540))
	  ->  Bitmap Index Scan on k_7  (cost=0.00..5.53 rows=110 width=0)
	        Index Cond: ((k >= 2353440) AND (k <= 2353540))

table 8 : explain SELECT k, c FROM sbtest8 WHERE k BETWEEN 2353440 AND 2353540
	Bitmap Heap Scan on sbtest8  (cost=5.49..413.34 rows=103 width=125)
	  Recheck Cond: ((k >= 2353440) AND (k <= 2353540))
	  ->  Bitmap Index Scan on k_8  (cost=0.00..5.46 rows=103 width=0)
	        Index Cond: ((k >= 2353440) AND (k <= 2353540))

for range-notcovered
table 1 : explain SELECT k, c FROM sbtest1 WHERE k BETWEEN 5802285 AND 5802385
	Bitmap Heap Scan on sbtest1  (cost=5.53..429.07 rows=107 width=125)
	  Recheck Cond: ((k >= 5802285) AND (k <= 5802385))
	  ->  Bitmap Index Scan on k_1  (cost=0.00..5.50 rows=107 width=0)
	        Index Cond: ((k >= 5802285) AND (k <= 5802385))

table 2 : explain SELECT k, c FROM sbtest2 WHERE k BETWEEN 5802285 AND 5802385
	Bitmap Heap Scan on sbtest2  (cost=5.52..425.12 rows=106 width=125)
	  Recheck Cond: ((k >= 5802285) AND (k <= 5802385))
	  ->  Bitmap Index Scan on k_2  (cost=0.00..5.50 rows=106 width=0)
	        Index Cond: ((k >= 5802285) AND (k <= 5802385))

table 3 : explain SELECT k, c FROM sbtest3 WHERE k BETWEEN 5802285 AND 5802385
	Bitmap Heap Scan on sbtest3  (cost=5.45..397.53 rows=99 width=125)
	  Recheck Cond: ((k >= 5802285) AND (k <= 5802385))
	  ->  Bitmap Index Scan on k_3  (cost=0.00..5.42 rows=99 width=0)
	        Index Cond: ((k >= 5802285) AND (k <= 5802385))

table 4 : explain SELECT k, c FROM sbtest4 WHERE k BETWEEN 5802285 AND 5802385
	Bitmap Heap Scan on sbtest4  (cost=5.54..433.00 rows=108 width=125)
	  Recheck Cond: ((k >= 5802285) AND (k <= 5802385))
	  ->  Bitmap Index Scan on k_4  (cost=0.00..5.51 rows=108 width=0)
	        Index Cond: ((k >= 5802285) AND (k <= 5802385))

table 5 : explain SELECT k, c FROM sbtest5 WHERE k BETWEEN 5802285 AND 5802385
	Bitmap Heap Scan on sbtest5  (cost=5.53..429.11 rows=107 width=125)
	  Recheck Cond: ((k >= 5802285) AND (k <= 5802385))
	  ->  Bitmap Index Scan on k_5  (cost=0.00..5.50 rows=107 width=0)
	        Index Cond: ((k >= 5802285) AND (k <= 5802385))

table 6 : explain SELECT k, c FROM sbtest6 WHERE k BETWEEN 5802285 AND 5802385
	Bitmap Heap Scan on sbtest6  (cost=5.47..405.43 rows=101 width=125)
	  Recheck Cond: ((k >= 5802285) AND (k <= 5802385))
	  ->  Bitmap Index Scan on k_6  (cost=0.00..5.44 rows=101 width=0)
	        Index Cond: ((k >= 5802285) AND (k <= 5802385))

table 7 : explain SELECT k, c FROM sbtest7 WHERE k BETWEEN 5802285 AND 5802385
	Bitmap Heap Scan on sbtest7  (cost=5.57..444.88 rows=111 width=125)
	  Recheck Cond: ((k >= 5802285) AND (k <= 5802385))
	  ->  Bitmap Index Scan on k_7  (cost=0.00..5.54 rows=111 width=0)
	        Index Cond: ((k >= 5802285) AND (k <= 5802385))

table 8 : explain SELECT k, c FROM sbtest8 WHERE k BETWEEN 5802285 AND 5802385
	Bitmap Heap Scan on sbtest8  (cost=5.51..421.23 rows=105 width=125)
	  Recheck Cond: ((k >= 5802285) AND (k <= 5802385))
	  ->  Bitmap Index Scan on k_8  (cost=0.00..5.48 rows=105 width=0)
	        Index Cond: ((k >= 5802285) AND (k <= 5802385))

for range-notcovered
table 1 : explain SELECT k, c FROM sbtest1 WHERE k BETWEEN 5027797 AND 5027897
	Bitmap Heap Scan on sbtest1  (cost=5.43..389.65 rows=97 width=125)
	  Recheck Cond: ((k >= 5027797) AND (k <= 5027897))
	  ->  Bitmap Index Scan on k_1  (cost=0.00..5.40 rows=97 width=0)
	        Index Cond: ((k >= 5027797) AND (k <= 5027897))

table 2 : explain SELECT k, c FROM sbtest2 WHERE k BETWEEN 5027797 AND 5027897
	Bitmap Heap Scan on sbtest2  (cost=5.49..413.29 rows=103 width=125)
	  Recheck Cond: ((k >= 5027797) AND (k <= 5027897))
	  ->  Bitmap Index Scan on k_2  (cost=0.00..5.46 rows=103 width=0)
	        Index Cond: ((k >= 5027797) AND (k <= 5027897))

table 3 : explain SELECT k, c FROM sbtest3 WHERE k BETWEEN 5027797 AND 5027897
	Bitmap Heap Scan on sbtest3  (cost=5.48..409.36 rows=102 width=125)
	  Recheck Cond: ((k >= 5027797) AND (k <= 5027897))
	  ->  Bitmap Index Scan on k_3  (cost=0.00..5.45 rows=102 width=0)
	        Index Cond: ((k >= 5027797) AND (k <= 5027897))

table 4 : explain SELECT k, c FROM sbtest4 WHERE k BETWEEN 5027797 AND 5027897
	Bitmap Heap Scan on sbtest4  (cost=5.48..409.35 rows=102 width=125)
	  Recheck Cond: ((k >= 5027797) AND (k <= 5027897))
	  ->  Bitmap Index Scan on k_4  (cost=0.00..5.45 rows=102 width=0)
	        Index Cond: ((k >= 5027797) AND (k <= 5027897))

table 5 : explain SELECT k, c FROM sbtest5 WHERE k BETWEEN 5027797 AND 5027897
	Bitmap Heap Scan on sbtest5  (cost=5.42..385.74 rows=96 width=125)
	  Recheck Cond: ((k >= 5027797) AND (k <= 5027897))
	  ->  Bitmap Index Scan on k_5  (cost=0.00..5.39 rows=96 width=0)
	        Index Cond: ((k >= 5027797) AND (k <= 5027897))

table 6 : explain SELECT k, c FROM sbtest6 WHERE k BETWEEN 5027797 AND 5027897
	Bitmap Heap Scan on sbtest6  (cost=5.49..413.31 rows=103 width=125)
	  Recheck Cond: ((k >= 5027797) AND (k <= 5027897))
	  ->  Bitmap Index Scan on k_6  (cost=0.00..5.46 rows=103 width=0)
	        Index Cond: ((k >= 5027797) AND (k <= 5027897))

table 7 : explain SELECT k, c FROM sbtest7 WHERE k BETWEEN 5027797 AND 5027897
	Bitmap Heap Scan on sbtest7  (cost=5.54..433.06 rows=108 width=125)
	  Recheck Cond: ((k >= 5027797) AND (k <= 5027897))
	  ->  Bitmap Index Scan on k_7  (cost=0.00..5.51 rows=108 width=0)
	        Index Cond: ((k >= 5027797) AND (k <= 5027897))

table 8 : explain SELECT k, c FROM sbtest8 WHERE k BETWEEN 5027797 AND 5027897
	Bitmap Heap Scan on sbtest8  (cost=5.41..381.79 rows=95 width=125)
	  Recheck Cond: ((k >= 5027797) AND (k <= 5027897))
	  ->  Bitmap Index Scan on k_8  (cost=0.00..5.38 rows=95 width=0)
	        Index Cond: ((k >= 5027797) AND (k <= 5027897))

for range-notcovered
table 1 : explain SELECT k, c FROM sbtest1 WHERE k BETWEEN 4268992 AND 4269092
	Bitmap Heap Scan on sbtest1  (cost=5.46..401.48 rows=100 width=125)
	  Recheck Cond: ((k >= 4268992) AND (k <= 4269092))
	  ->  Bitmap Index Scan on k_1  (cost=0.00..5.43 rows=100 width=0)
	        Index Cond: ((k >= 4268992) AND (k <= 4269092))

table 2 : explain SELECT k, c FROM sbtest2 WHERE k BETWEEN 4268992 AND 4269092
	Bitmap Heap Scan on sbtest2  (cost=5.48..409.35 rows=102 width=125)
	  Recheck Cond: ((k >= 4268992) AND (k <= 4269092))
	  ->  Bitmap Index Scan on k_2  (cost=0.00..5.45 rows=102 width=0)
	        Index Cond: ((k >= 4268992) AND (k <= 4269092))

table 3 : explain SELECT k, c FROM sbtest3 WHERE k BETWEEN 4268992 AND 4269092
	Bitmap Heap Scan on sbtest3  (cost=5.45..397.53 rows=99 width=125)
	  Recheck Cond: ((k >= 4268992) AND (k <= 4269092))
	  ->  Bitmap Index Scan on k_3  (cost=0.00..5.42 rows=99 width=0)
	        Index Cond: ((k >= 4268992) AND (k <= 4269092))

table 4 : explain SELECT k, c FROM sbtest4 WHERE k BETWEEN 4268992 AND 4269092
	Bitmap Heap Scan on sbtest4  (cost=5.51..421.18 rows=105 width=125)
	  Recheck Cond: ((k >= 4268992) AND (k <= 4269092))
	  ->  Bitmap Index Scan on k_4  (cost=0.00..5.48 rows=105 width=0)
	        Index Cond: ((k >= 4268992) AND (k <= 4269092))

table 5 : explain SELECT k, c FROM sbtest5 WHERE k BETWEEN 4268992 AND 4269092
	Bitmap Heap Scan on sbtest5  (cost=5.51..421.23 rows=105 width=125)
	  Recheck Cond: ((k >= 4268992) AND (k <= 4269092))
	  ->  Bitmap Index Scan on k_5  (cost=0.00..5.48 rows=105 width=0)
	        Index Cond: ((k >= 4268992) AND (k <= 4269092))

table 6 : explain SELECT k, c FROM sbtest6 WHERE k BETWEEN 4268992 AND 4269092
	Bitmap Heap Scan on sbtest6  (cost=5.50..417.25 rows=104 width=125)
	  Recheck Cond: ((k >= 4268992) AND (k <= 4269092))
	  ->  Bitmap Index Scan on k_6  (cost=0.00..5.47 rows=104 width=0)
	        Index Cond: ((k >= 4268992) AND (k <= 4269092))

table 7 : explain SELECT k, c FROM sbtest7 WHERE k BETWEEN 4268992 AND 4269092
	Bitmap Heap Scan on sbtest7  (cost=5.40..377.85 rows=94 width=125)
	  Recheck Cond: ((k >= 4268992) AND (k <= 4269092))
	  ->  Bitmap Index Scan on k_7  (cost=0.00..5.38 rows=94 width=0)
	        Index Cond: ((k >= 4268992) AND (k <= 4269092))

table 8 : explain SELECT k, c FROM sbtest8 WHERE k BETWEEN 4268992 AND 4269092
	Bitmap Heap Scan on sbtest8  (cost=5.38..369.95 rows=92 width=125)
	  Recheck Cond: ((k >= 4268992) AND (k <= 4269092))
	  ->  Bitmap Index Scan on k_8  (cost=0.00..5.35 rows=92 width=0)
	        Index Cond: ((k >= 4268992) AND (k <= 4269092))

for range-notcovered
table 1 : explain SELECT k, c FROM sbtest1 WHERE k BETWEEN 2407929 AND 2408029
	Bitmap Heap Scan on sbtest1  (cost=5.41..381.76 rows=95 width=125)
	  Recheck Cond: ((k >= 2407929) AND (k <= 2408029))
	  ->  Bitmap Index Scan on k_1  (cost=0.00..5.38 rows=95 width=0)
	        Index Cond: ((k >= 2407929) AND (k <= 2408029))

table 2 : explain SELECT k, c FROM sbtest2 WHERE k BETWEEN 2407929 AND 2408029
	Bitmap Heap Scan on sbtest2  (cost=5.41..381.75 rows=95 width=125)
	  Recheck Cond: ((k >= 2407929) AND (k <= 2408029))
	  ->  Bitmap Index Scan on k_2  (cost=0.00..5.38 rows=95 width=0)
	        Index Cond: ((k >= 2407929) AND (k <= 2408029))

table 3 : explain SELECT k, c FROM sbtest3 WHERE k BETWEEN 2407929 AND 2408029
	Bitmap Heap Scan on sbtest3  (cost=5.57..444.82 rows=111 width=125)
	  Recheck Cond: ((k >= 2407929) AND (k <= 2408029))
	  ->  Bitmap Index Scan on k_3  (cost=0.00..5.54 rows=111 width=0)
	        Index Cond: ((k >= 2407929) AND (k <= 2408029))

table 4 : explain SELECT k, c FROM sbtest4 WHERE k BETWEEN 2407929 AND 2408029
	Bitmap Heap Scan on sbtest4  (cost=5.55..436.94 rows=109 width=125)
	  Recheck Cond: ((k >= 2407929) AND (k <= 2408029))
	  ->  Bitmap Index Scan on k_4  (cost=0.00..5.52 rows=109 width=0)
	        Index Cond: ((k >= 2407929) AND (k <= 2408029))

table 5 : explain SELECT k, c FROM sbtest5 WHERE k BETWEEN 2407929 AND 2408029
	Bitmap Heap Scan on sbtest5  (cost=5.42..385.74 rows=96 width=125)
	  Recheck Cond: ((k >= 2407929) AND (k <= 2408029))
	  ->  Bitmap Index Scan on k_5  (cost=0.00..5.39 rows=96 width=0)
	        Index Cond: ((k >= 2407929) AND (k <= 2408029))

table 6 : explain SELECT k, c FROM sbtest6 WHERE k BETWEEN 2407929 AND 2408029
	Bitmap Heap Scan on sbtest6  (cost=5.41..381.76 rows=95 width=125)
	  Recheck Cond: ((k >= 2407929) AND (k <= 2408029))
	  ->  Bitmap Index Scan on k_6  (cost=0.00..5.38 rows=95 width=0)
	        Index Cond: ((k >= 2407929) AND (k <= 2408029))

table 7 : explain SELECT k, c FROM sbtest7 WHERE k BETWEEN 2407929 AND 2408029
	Bitmap Heap Scan on sbtest7  (cost=5.51..421.23 rows=105 width=125)
	  Recheck Cond: ((k >= 2407929) AND (k <= 2408029))
	  ->  Bitmap Index Scan on k_7  (cost=0.00..5.48 rows=105 width=0)
	        Index Cond: ((k >= 2407929) AND (k <= 2408029))

table 8 : explain SELECT k, c FROM sbtest8 WHERE k BETWEEN 2407929 AND 2408029
	Bitmap Heap Scan on sbtest8  (cost=5.50..417.29 rows=104 width=125)
	  Recheck Cond: ((k >= 2407929) AND (k <= 2408029))
	  ->  Bitmap Index Scan on k_8  (cost=0.00..5.47 rows=104 width=0)
	        Index Cond: ((k >= 2407929) AND (k <= 2408029))
explain: for range-notcovered :: explain SELECT k, c FROM sbtest%d WHERE k BETWEEN 2353440 AND 2353540

for range-notcovered
table 1 : explain SELECT k, c FROM sbtest1 WHERE k BETWEEN 3027490 AND 3027590
	Bitmap Heap Scan on sbtest1  (cost=5.47..405.42 rows=101 width=125)
	  Recheck Cond: ((k >= 3027490) AND (k <= 3027590))
	  ->  Bitmap Index Scan on k_1  (cost=0.00..5.44 rows=101 width=0)
	        Index Cond: ((k >= 3027490) AND (k <= 3027590))

table 2 : explain SELECT k, c FROM sbtest2 WHERE k BETWEEN 3027490 AND 3027590
	Bitmap Heap Scan on sbtest2  (cost=5.50..417.24 rows=104 width=125)
	  Recheck Cond: ((k >= 3027490) AND (k <= 3027590))
	  ->  Bitmap Index Scan on k_2  (cost=0.00..5.47 rows=104 width=0)
	        Index Cond: ((k >= 3027490) AND (k <= 3027590))

table 3 : explain SELECT k, c FROM sbtest3 WHERE k BETWEEN 3027490 AND 3027590
	Bitmap Heap Scan on sbtest3  (cost=5.38..369.91 rows=92 width=125)
	  Recheck Cond: ((k >= 3027490) AND (k <= 3027590))
	  ->  Bitmap Index Scan on k_3  (cost=0.00..5.35 rows=92 width=0)
	        Index Cond: ((k >= 3027490) AND (k <= 3027590))

table 4 : explain SELECT k, c FROM sbtest4 WHERE k BETWEEN 3027490 AND 3027590
	Bitmap Heap Scan on sbtest4  (cost=5.43..389.64 rows=97 width=125)
	  Recheck Cond: ((k >= 3027490) AND (k <= 3027590))
	  ->  Bitmap Index Scan on k_4  (cost=0.00..5.40 rows=97 width=0)
	        Index Cond: ((k >= 3027490) AND (k <= 3027590))

table 5 : explain SELECT k, c FROM sbtest5 WHERE k BETWEEN 3027490 AND 3027590
	Bitmap Heap Scan on sbtest5  (cost=5.45..397.57 rows=99 width=125)
	  Recheck Cond: ((k >= 3027490) AND (k <= 3027590))
	  ->  Bitmap Index Scan on k_5  (cost=0.00..5.42 rows=99 width=0)
	        Index Cond: ((k >= 3027490) AND (k <= 3027590))

table 6 : explain SELECT k, c FROM sbtest6 WHERE k BETWEEN 3027490 AND 3027590
	Bitmap Heap Scan on sbtest6  (cost=5.50..417.25 rows=104 width=125)
	  Recheck Cond: ((k >= 3027490) AND (k <= 3027590))
	  ->  Bitmap Index Scan on k_6  (cost=0.00..5.47 rows=104 width=0)
	        Index Cond: ((k >= 3027490) AND (k <= 3027590))

table 7 : explain SELECT k, c FROM sbtest7 WHERE k BETWEEN 3027490 AND 3027590
	Bitmap Heap Scan on sbtest7  (cost=5.44..393.63 rows=98 width=125)
	  Recheck Cond: ((k >= 3027490) AND (k <= 3027590))
	  ->  Bitmap Index Scan on k_7  (cost=0.00..5.42 rows=98 width=0)
	        Index Cond: ((k >= 3027490) AND (k <= 3027590))

table 8 : explain SELECT k, c FROM sbtest8 WHERE k BETWEEN 3027490 AND 3027590
	Bitmap Heap Scan on sbtest8  (cost=5.51..421.23 rows=105 width=125)
	  Recheck Cond: ((k >= 3027490) AND (k <= 3027590))
	  ->  Bitmap Index Scan on k_8  (cost=0.00..5.48 rows=105 width=0)
	        Index Cond: ((k >= 3027490) AND (k <= 3027590))


explain: for range-notcovered :: explain SELECT k, c FROM sbtest%d WHERE k BETWEEN 5346008 AND 5346108

explain: for range-notcovered :: explain SELECT k, c FROM sbtest%d WHERE k BETWEEN 4268992 AND 4269092
explain: for range-notcovered :: explain SELECT k, c FROM sbtest%d WHERE k BETWEEN 5643096 AND 5643196
for range-notcovered
table 1 : explain SELECT k, c FROM sbtest1 WHERE k BETWEEN 8425699 AND 8425799
	Bitmap Heap Scan on sbtest1  (cost=5.41..381.76 rows=95 width=125)
	  Recheck Cond: ((k >= 8425699) AND (k <= 8425799))
	  ->  Bitmap Index Scan on k_1  (cost=0.00..5.38 rows=95 width=0)
	        Index Cond: ((k >= 8425699) AND (k <= 8425799))

table 2 : explain SELECT k, c FROM sbtest2 WHERE k BETWEEN 8425699 AND 8425799
	Bitmap Heap Scan on sbtest2  (cost=5.44..393.58 rows=98 width=125)
	  Recheck Cond: ((k >= 8425699) AND (k <= 8425799))
	  ->  Bitmap Index Scan on k_2  (cost=0.00..5.42 rows=98 width=0)
	        Index Cond: ((k >= 8425699) AND (k <= 8425799))

table 3 : explain SELECT k, c FROM sbtest3 WHERE k BETWEEN 8425699 AND 8425799
	Bitmap Heap Scan on sbtest3  (cost=5.51..421.18 rows=105 width=125)
	  Recheck Cond: ((k >= 8425699) AND (k <= 8425799))
	  ->  Bitmap Index Scan on k_3  (cost=0.00..5.48 rows=105 width=0)
	        Index Cond: ((k >= 8425699) AND (k <= 8425799))

table 4 : explain SELECT k, c FROM sbtest4 WHERE k BETWEEN 8425699 AND 8425799
	Bitmap Heap Scan on sbtest4  (cost=5.43..389.64 rows=97 width=125)
	  Recheck Cond: ((k >= 8425699) AND (k <= 8425799))
	  ->  Bitmap Index Scan on k_4  (cost=0.00..5.40 rows=97 width=0)
	        Index Cond: ((k >= 8425699) AND (k <= 8425799))

table 5 : explain SELECT k, c FROM sbtest5 WHERE k BETWEEN 8425699 AND 8425799
	Bitmap Heap Scan on sbtest5  (cost=5.46..401.51 rows=100 width=125)
	  Recheck Cond: ((k >= 8425699) AND (k <= 8425799))
	  ->  Bitmap Index Scan on k_5  (cost=0.00..5.43 rows=100 width=0)
	        Index Cond: ((k >= 8425699) AND (k <= 8425799))

table 6 : explain SELECT k, c FROM sbtest6 WHERE k BETWEEN 8425699 AND 8425799
	Bitmap Heap Scan on sbtest6  (cost=5.50..417.25 rows=104 width=125)
	  Recheck Cond: ((k >= 8425699) AND (k <= 8425799))
	  ->  Bitmap Index Scan on k_6  (cost=0.00..5.47 rows=104 width=0)
	        Index Cond: ((k >= 8425699) AND (k <= 8425799))

table 7 : explain SELECT k, c FROM sbtest7 WHERE k BETWEEN 8425699 AND 8425799
	Bitmap Heap Scan on sbtest7  (cost=5.49..413.35 rows=103 width=125)
	  Recheck Cond: ((k >= 8425699) AND (k <= 8425799))
	  ->  Bitmap Index Scan on k_7  (cost=0.00..5.46 rows=103 width=0)
	        Index Cond: ((k >= 8425699) AND (k <= 8425799))

table 8 : explain SELECT k, c FROM sbtest8 WHERE k BETWEEN 8425699 AND 8425799
	Bitmap Heap Scan on sbtest8  (cost=5.46..401.52 rows=100 width=125)
	  Recheck Cond: ((k >= 8425699) AND (k <= 8425799))
	  ->  Bitmap Index Scan on k_8  (cost=0.00..5.43 rows=100 width=0)
	        Index Cond: ((k >= 8425699) AND (k <= 8425799))

for range-notcovered
table 1 : explain SELECT k, c FROM sbtest1 WHERE k BETWEEN 6055677 AND 6055777
	Bitmap Heap Scan on sbtest1  (cost=5.48..409.36 rows=102 width=125)
	  Recheck Cond: ((k >= 6055677) AND (k <= 6055777))
	  ->  Bitmap Index Scan on k_1  (cost=0.00..5.45 rows=102 width=0)
	        Index Cond: ((k >= 6055677) AND (k <= 6055777))

table 2 : explain SELECT k, c FROM sbtest2 WHERE k BETWEEN 6055677 AND 6055777
	Bitmap Heap Scan on sbtest2  (cost=5.63..468.44 rows=117 width=125)
	  Recheck Cond: ((k >= 6055677) AND (k <= 6055777))
	  ->  Bitmap Index Scan on k_2  (cost=0.00..5.60 rows=117 width=0)
	        Index Cond: ((k >= 6055677) AND (k <= 6055777))

table 3 : explain SELECT k, c FROM sbtest3 WHERE k BETWEEN 6055677 AND 6055777
	Bitmap Heap Scan on sbtest3  (cost=5.60..456.63 rows=114 width=125)
	  Recheck Cond: ((k >= 6055677) AND (k <= 6055777))
	  ->  Bitmap Index Scan on k_3  (cost=0.00..5.58 rows=114 width=0)
	        Index Cond: ((k >= 6055677) AND (k <= 6055777))

table 4 : explain SELECT k, c FROM sbtest4 WHERE k BETWEEN 6055677 AND 6055777
	Bitmap Heap Scan on sbtest4  (cost=5.36..362.02 rows=90 width=125)
	  Recheck Cond: ((k >= 6055677) AND (k <= 6055777))
	  ->  Bitmap Index Scan on k_4  (cost=0.00..5.33 rows=90 width=0)
	        Index Cond: ((k >= 6055677) AND (k <= 6055777))

table 5 : explain SELECT k, c FROM sbtest5 WHERE k BETWEEN 6055677 AND 6055777
	Bitmap Heap Scan on sbtest5  (cost=5.43..389.68 rows=97 width=125)
	  Recheck Cond: ((k >= 6055677) AND (k <= 6055777))
	  ->  Bitmap Index Scan on k_5  (cost=0.00..5.40 rows=97 width=0)
	        Index Cond: ((k >= 6055677) AND (k <= 6055777))

table 6 : explain SELECT k, c FROM sbtest6 WHERE k BETWEEN 6055677 AND 6055777
	Bitmap Heap Scan on sbtest6  (cost=5.51..421.19 rows=105 width=125)
	  Recheck Cond: ((k >= 6055677) AND (k <= 6055777))
	  ->  Bitmap Index Scan on k_6  (cost=0.00..5.48 rows=105 width=0)
	        Index Cond: ((k >= 6055677) AND (k <= 6055777))

table 7 : explain SELECT k, c FROM sbtest7 WHERE k BETWEEN 6055677 AND 6055777
	Bitmap Heap Scan on sbtest7  (cost=5.53..429.12 rows=107 width=125)
	  Recheck Cond: ((k >= 6055677) AND (k <= 6055777))
	  ->  Bitmap Index Scan on k_7  (cost=0.00..5.50 rows=107 width=0)
	        Index Cond: ((k >= 6055677) AND (k <= 6055777))

table 8 : explain SELECT k, c FROM sbtest8 WHERE k BETWEEN 6055677 AND 6055777
	Bitmap Heap Scan on sbtest8  (cost=5.44..393.63 rows=98 width=125)
	  Recheck Cond: ((k >= 6055677) AND (k <= 6055777))
	  ->  Bitmap Index Scan on k_8  (cost=0.00..5.42 rows=98 width=0)
	        Index Cond: ((k >= 6055677) AND (k <= 6055777))

explain: for range-notcovered :: explain SELECT k, c FROM sbtest%d WHERE k BETWEEN 5134073 AND 5134173
for range-notcovered
table 1 : explain SELECT k, c FROM sbtest1 WHERE k BETWEEN 5231136 AND 5231236
	Bitmap Heap Scan on sbtest1  (cost=5.46..401.48 rows=100 width=125)
	  Recheck Cond: ((k >= 5231136) AND (k <= 5231236))
	  ->  Bitmap Index Scan on k_1  (cost=0.00..5.43 rows=100 width=0)
	        Index Cond: ((k >= 5231136) AND (k <= 5231236))

table 2 : explain SELECT k, c FROM sbtest2 WHERE k BETWEEN 5231136 AND 5231236
	Bitmap Heap Scan on sbtest2  (cost=5.58..448.75 rows=112 width=125)
	  Recheck Cond: ((k >= 5231136) AND (k <= 5231236))
	  ->  Bitmap Index Scan on k_2  (cost=0.00..5.55 rows=112 width=0)
	        Index Cond: ((k >= 5231136) AND (k <= 5231236))

table 3 : explain SELECT k, c FROM sbtest3 WHERE k BETWEEN 5231136 AND 5231236
	Bitmap Heap Scan on sbtest3  (cost=5.49..413.30 rows=103 width=125)
	  Recheck Cond: ((k >= 5231136) AND (k <= 5231236))
	  ->  Bitmap Index Scan on k_3  (cost=0.00..5.46 rows=103 width=0)
	        Index Cond: ((k >= 5231136) AND (k <= 5231236))

table 4 : explain SELECT k, c FROM sbtest4 WHERE k BETWEEN 5231136 AND 5231236
	Bitmap Heap Scan on sbtest4  (cost=5.45..397.53 rows=99 width=125)
	  Recheck Cond: ((k >= 5231136) AND (k <= 5231236))
	  ->  Bitmap Index Scan on k_4  (cost=0.00..5.42 rows=99 width=0)
	        Index Cond: ((k >= 5231136) AND (k <= 5231236))

table 5 : explain SELECT k, c FROM sbtest5 WHERE k BETWEEN 5231136 AND 5231236
	Bitmap Heap Scan on sbtest5  (cost=5.45..397.57 rows=99 width=125)
	  Recheck Cond: ((k >= 5231136) AND (k <= 5231236))
	  ->  Bitmap Index Scan on k_5  (cost=0.00..5.42 rows=99 width=0)
	        Index Cond: ((k >= 5231136) AND (k <= 5231236))

table 6 : explain SELECT k, c FROM sbtest6 WHERE k BETWEEN 5231136 AND 5231236
	Bitmap Heap Scan on sbtest6  (cost=5.51..421.19 rows=105 width=125)
	  Recheck Cond: ((k >= 5231136) AND (k <= 5231236))
	  ->  Bitmap Index Scan on k_6  (cost=0.00..5.48 rows=105 width=0)
	        Index Cond: ((k >= 5231136) AND (k <= 5231236))

table 7 : explain SELECT k, c FROM sbtest7 WHERE k BETWEEN 5231136 AND 5231236
	Bitmap Heap Scan on sbtest7  (cost=5.36..362.06 rows=90 width=125)
	  Recheck Cond: ((k >= 5231136) AND (k <= 5231236))
	  ->  Bitmap Index Scan on k_7  (cost=0.00..5.33 rows=90 width=0)
	        Index Cond: ((k >= 5231136) AND (k <= 5231236))

table 8 : explain SELECT k, c FROM sbtest8 WHERE k BETWEEN 5231136 AND 5231236
	Bitmap Heap Scan on sbtest8  (cost=5.50..417.29 rows=104 width=125)
	  Recheck Cond: ((k >= 5231136) AND (k <= 5231236))
	  ->  Bitmap Index Scan on k_8  (cost=0.00..5.47 rows=104 width=0)
	        Index Cond: ((k >= 5231136) AND (k <= 5231236))


explain: for range-notcovered :: explain SELECT k, c FROM sbtest%d WHERE k BETWEEN 5802285 AND 5802385
explain: for range-notcovered :: explain SELECT k, c FROM sbtest%d WHERE k BETWEEN 6055677 AND 6055777
explain: for range-notcovered :: explain SELECT k, c FROM sbtest%d WHERE k BETWEEN 3520505 AND 3520605
for range-notcovered
table 1 : explain SELECT k, c FROM sbtest1 WHERE k BETWEEN 843739 AND 843839
	Bitmap Heap Scan on sbtest1  (cost=5.52..425.13 rows=106 width=125)
	  Recheck Cond: ((k >= 843739) AND (k <= 843839))
	  ->  Bitmap Index Scan on k_1  (cost=0.00..5.50 rows=106 width=0)
	        Index Cond: ((k >= 843739) AND (k <= 843839))

table 2 : explain SELECT k, c FROM sbtest2 WHERE k BETWEEN 843739 AND 843839
	Bitmap Heap Scan on sbtest2  (cost=5.51..421.18 rows=105 width=125)
	  Recheck Cond: ((k >= 843739) AND (k <= 843839))
	  ->  Bitmap Index Scan on k_2  (cost=0.00..5.48 rows=105 width=0)
	        Index Cond: ((k >= 843739) AND (k <= 843839))

table 3 : explain SELECT k, c FROM sbtest3 WHERE k BETWEEN 843739 AND 843839
	Bitmap Heap Scan on sbtest3  (cost=5.47..405.41 rows=101 width=125)
	  Recheck Cond: ((k >= 843739) AND (k <= 843839))
	  ->  Bitmap Index Scan on k_3  (cost=0.00..5.44 rows=101 width=0)
	        Index Cond: ((k >= 843739) AND (k <= 843839))

table 4 : explain SELECT k, c FROM sbtest4 WHERE k BETWEEN 843739 AND 843839
	Bitmap Heap Scan on sbtest4  (cost=5.54..433.00 rows=108 width=125)
	  Recheck Cond: ((k >= 843739) AND (k <= 843839))
	  ->  Bitmap Index Scan on k_4  (cost=0.00..5.51 rows=108 width=0)
	        Index Cond: ((k >= 843739) AND (k <= 843839))

table 5 : explain SELECT k, c FROM sbtest5 WHERE k BETWEEN 843739 AND 843839
	Bitmap Heap Scan on sbtest5  (cost=5.44..393.62 rows=98 width=125)
	  Recheck Cond: ((k >= 843739) AND (k <= 843839))
	  ->  Bitmap Index Scan on k_5  (cost=0.00..5.42 rows=98 width=0)
	        Index Cond: ((k >= 843739) AND (k <= 843839))

table 6 : explain SELECT k, c FROM sbtest6 WHERE k BETWEEN 843739 AND 843839
	Bitmap Heap Scan on sbtest6  (cost=5.52..425.14 rows=106 width=125)
	  Recheck Cond: ((k >= 843739) AND (k <= 843839))
	  ->  Bitmap Index Scan on k_6  (cost=0.00..5.50 rows=106 width=0)
	        Index Cond: ((k >= 843739) AND (k <= 843839))

table 7 : explain SELECT k, c FROM sbtest7 WHERE k BETWEEN 843739 AND 843839
	Bitmap Heap Scan on sbtest7  (cost=5.53..429.12 rows=107 width=125)
	  Recheck Cond: ((k >= 843739) AND (k <= 843839))
	  ->  Bitmap Index Scan on k_7  (cost=0.00..5.50 rows=107 width=0)
	        Index Cond: ((k >= 843739) AND (k <= 843839))

table 8 : explain SELECT k, c FROM sbtest8 WHERE k BETWEEN 843739 AND 843839
	Bitmap Heap Scan on sbtest8  (cost=5.49..413.34 rows=103 width=125)
	  Recheck Cond: ((k >= 843739) AND (k <= 843839))
	  ->  Bitmap Index Scan on k_8  (cost=0.00..5.46 rows=103 width=0)
	        Index Cond: ((k >= 843739) AND (k <= 843839))


for range-notcovered
table 1 : explain SELECT k, c FROM sbtest1 WHERE k BETWEEN 4721381 AND 4721481
	Bitmap Heap Scan on sbtest1  (cost=5.49..413.30 rows=103 width=125)
	  Recheck Cond: ((k >= 4721381) AND (k <= 4721481))
	  ->  Bitmap Index Scan on k_1  (cost=0.00..5.46 rows=103 width=0)
	        Index Cond: ((k >= 4721381) AND (k <= 4721481))

table 2 : explain SELECT k, c FROM sbtest2 WHERE k BETWEEN 4721381 AND 4721481
	Bitmap Heap Scan on sbtest2  (cost=5.61..460.57 rows=115 width=125)
	  Recheck Cond: ((k >= 4721381) AND (k <= 4721481))
	  ->  Bitmap Index Scan on k_2  (cost=0.00..5.58 rows=115 width=0)
	        Index Cond: ((k >= 4721381) AND (k <= 4721481))

table 3 : explain SELECT k, c FROM sbtest3 WHERE k BETWEEN 4721381 AND 4721481
	Bitmap Heap Scan on sbtest3  (cost=5.49..413.30 rows=103 width=125)
	  Recheck Cond: ((k >= 4721381) AND (k <= 4721481))
	  ->  Bitmap Index Scan on k_3  (cost=0.00..5.46 rows=103 width=0)
	        Index Cond: ((k >= 4721381) AND (k <= 4721481))

table 4 : explain SELECT k, c FROM sbtest4 WHERE k BETWEEN 4721381 AND 4721481
	Bitmap Heap Scan on sbtest4  (cost=5.49..413.30 rows=103 width=125)
	  Recheck Cond: ((k >= 4721381) AND (k <= 4721481))
	  ->  Bitmap Index Scan on k_4  (cost=0.00..5.46 rows=103 width=0)
	        Index Cond: ((k >= 4721381) AND (k <= 4721481))

table 5 : explain SELECT k, c FROM sbtest5 WHERE k BETWEEN 4721381 AND 4721481
	Bitmap Heap Scan on sbtest5  (cost=5.40..377.84 rows=94 width=125)
	  Recheck Cond: ((k >= 4721381) AND (k <= 4721481))
	  ->  Bitmap Index Scan on k_5  (cost=0.00..5.38 rows=94 width=0)
	        Index Cond: ((k >= 4721381) AND (k <= 4721481))

table 6 : explain SELECT k, c FROM sbtest6 WHERE k BETWEEN 4721381 AND 4721481
	Bitmap Heap Scan on sbtest6  (cost=5.57..444.83 rows=111 width=125)
	  Recheck Cond: ((k >= 4721381) AND (k <= 4721481))
	  ->  Bitmap Index Scan on k_6  (cost=0.00..5.54 rows=111 width=0)
	        Index Cond: ((k >= 4721381) AND (k <= 4721481))

table 7 : explain SELECT k, c FROM sbtest7 WHERE k BETWEEN 4721381 AND 4721481
	Bitmap Heap Scan on sbtest7  (cost=5.53..429.12 rows=107 width=125)
	  Recheck Cond: ((k >= 4721381) AND (k <= 4721481))
	  ->  Bitmap Index Scan on k_7  (cost=0.00..5.50 rows=107 width=0)
	        Index Cond: ((k >= 4721381) AND (k <= 4721481))

table 8 : explain SELECT k, c FROM sbtest8 WHERE k BETWEEN 4721381 AND 4721481
	Bitmap Heap Scan on sbtest8  (cost=5.53..429.11 rows=107 width=125)
	  Recheck Cond: ((k >= 4721381) AND (k <= 4721481))
	  ->  Bitmap Index Scan on k_8  (cost=0.00..5.50 rows=107 width=0)
	        Index Cond: ((k >= 4721381) AND (k <= 4721481))


for range-notcovered
table 1 : explain SELECT k, c FROM sbtest1 WHERE k BETWEEN 4944192 AND 4944292
	Bitmap Heap Scan on sbtest1  (cost=5.54..433.01 rows=108 width=125)
	  Recheck Cond: ((k >= 4944192) AND (k <= 4944292))
	  ->  Bitmap Index Scan on k_1  (cost=0.00..5.51 rows=108 width=0)
	        Index Cond: ((k >= 4944192) AND (k <= 4944292))

table 2 : explain SELECT k, c FROM sbtest2 WHERE k BETWEEN 4944192 AND 4944292
	Bitmap Heap Scan on sbtest2  (cost=5.48..409.35 rows=102 width=125)
	  Recheck Cond: ((k >= 4944192) AND (k <= 4944292))
	  ->  Bitmap Index Scan on k_2  (cost=0.00..5.45 rows=102 width=0)
	        Index Cond: ((k >= 4944192) AND (k <= 4944292))

table 3 : explain SELECT k, c FROM sbtest3 WHERE k BETWEEN 4944192 AND 4944292
	Bitmap Heap Scan on sbtest3  (cost=5.48..409.36 rows=102 width=125)
	  Recheck Cond: ((k >= 4944192) AND (k <= 4944292))
	  ->  Bitmap Index Scan on k_3  (cost=0.00..5.45 rows=102 width=0)
	        Index Cond: ((k >= 4944192) AND (k <= 4944292))

table 4 : explain SELECT k, c FROM sbtest4 WHERE k BETWEEN 4944192 AND 4944292
	Bitmap Heap Scan on sbtest4  (cost=5.48..409.35 rows=102 width=125)
	  Recheck Cond: ((k >= 4944192) AND (k <= 4944292))
	  ->  Bitmap Index Scan on k_4  (cost=0.00..5.45 rows=102 width=0)
	        Index Cond: ((k >= 4944192) AND (k <= 4944292))

table 5 : explain SELECT k, c FROM sbtest5 WHERE k BETWEEN 4944192 AND 4944292
	Bitmap Heap Scan on sbtest5  (cost=5.40..377.84 rows=94 width=125)
	  Recheck Cond: ((k >= 4944192) AND (k <= 4944292))
	  ->  Bitmap Index Scan on k_5  (cost=0.00..5.38 rows=94 width=0)
	        Index Cond: ((k >= 4944192) AND (k <= 4944292))

table 6 : explain SELECT k, c FROM sbtest6 WHERE k BETWEEN 4944192 AND 4944292
	Bitmap Heap Scan on sbtest6  (cost=5.47..405.43 rows=101 width=125)
	  Recheck Cond: ((k >= 4944192) AND (k <= 4944292))
	  ->  Bitmap Index Scan on k_6  (cost=0.00..5.44 rows=101 width=0)
	        Index Cond: ((k >= 4944192) AND (k <= 4944292))

table 7 : explain SELECT k, c FROM sbtest7 WHERE k BETWEEN 4944192 AND 4944292
	Bitmap Heap Scan on sbtest7  (cost=5.54..433.06 rows=108 width=125)
	  Recheck Cond: ((k >= 4944192) AND (k <= 4944292))
	  ->  Bitmap Index Scan on k_7  (cost=0.00..5.51 rows=108 width=0)
	        Index Cond: ((k >= 4944192) AND (k <= 4944292))

table 8 : explain SELECT k, c FROM sbtest8 WHERE k BETWEEN 4944192 AND 4944292
	Bitmap Heap Scan on sbtest8  (cost=5.41..381.79 rows=95 width=125)
	  Recheck Cond: ((k >= 4944192) AND (k <= 4944292))
	  ->  Bitmap Index Scan on k_8  (cost=0.00..5.38 rows=95 width=0)
	        Index Cond: ((k >= 4944192) AND (k <= 4944292))

for range-notcovered
table 1 : explain SELECT k, c FROM sbtest1 WHERE k BETWEEN 6190744 AND 6190844
	Bitmap Heap Scan on sbtest1  (cost=5.35..358.08 rows=89 width=125)
	  Recheck Cond: ((k >= 6190744) AND (k <= 6190844))
	  ->  Bitmap Index Scan on k_1  (cost=0.00..5.32 rows=89 width=0)
	        Index Cond: ((k >= 6190744) AND (k <= 6190844))

table 2 : explain SELECT k, c FROM sbtest2 WHERE k BETWEEN 6190744 AND 6190844
	Bitmap Heap Scan on sbtest2  (cost=5.49..413.29 rows=103 width=125)
	  Recheck Cond: ((k >= 6190744) AND (k <= 6190844))
	  ->  Bitmap Index Scan on k_2  (cost=0.00..5.46 rows=103 width=0)
	        Index Cond: ((k >= 6190744) AND (k <= 6190844))

table 3 : explain SELECT k, c FROM sbtest3 WHERE k BETWEEN 6190744 AND 6190844
	Bitmap Heap Scan on sbtest3  (cost=5.53..429.06 rows=107 width=125)
	  Recheck Cond: ((k >= 6190744) AND (k <= 6190844))
	  ->  Bitmap Index Scan on k_3  (cost=0.00..5.50 rows=107 width=0)
	        Index Cond: ((k >= 6190744) AND (k <= 6190844))

table 4 : explain SELECT k, c FROM sbtest4 WHERE k BETWEEN 6190744 AND 6190844
	Bitmap Heap Scan on sbtest4  (cost=5.48..409.35 rows=102 width=125)
	  Recheck Cond: ((k >= 6190744) AND (k <= 6190844))
	  ->  Bitmap Index Scan on k_4  (cost=0.00..5.45 rows=102 width=0)
	        Index Cond: ((k >= 6190744) AND (k <= 6190844))

table 5 : explain SELECT k, c FROM sbtest5 WHERE k BETWEEN 6190744 AND 6190844
	Bitmap Heap Scan on sbtest5  (cost=5.46..401.51 rows=100 width=125)
	  Recheck Cond: ((k >= 6190744) AND (k <= 6190844))
	  ->  Bitmap Index Scan on k_5  (cost=0.00..5.43 rows=100 width=0)
	        Index Cond: ((k >= 6190744) AND (k <= 6190844))

table 6 : explain SELECT k, c FROM sbtest6 WHERE k BETWEEN 6190744 AND 6190844
	Bitmap Heap Scan on sbtest6  (cost=5.47..405.43 rows=101 width=125)
	  Recheck Cond: ((k >= 6190744) AND (k <= 6190844))
	  ->  Bitmap Index Scan on k_6  (cost=0.00..5.44 rows=101 width=0)
	        Index Cond: ((k >= 6190744) AND (k <= 6190844))

table 7 : explain SELECT k, c FROM sbtest7 WHERE k BETWEEN 6190744 AND 6190844
	Bitmap Heap Scan on sbtest7  (cost=5.47..405.46 rows=101 width=125)
	  Recheck Cond: ((k >= 6190744) AND (k <= 6190844))
	  ->  Bitmap Index Scan on k_7  (cost=0.00..5.44 rows=101 width=0)
	        Index Cond: ((k >= 6190744) AND (k <= 6190844))

table 8 : explain SELECT k, c FROM sbtest8 WHERE k BETWEEN 6190744 AND 6190844
	Bitmap Heap Scan on sbtest8  (cost=5.53..429.11 rows=107 width=125)
	  Recheck Cond: ((k >= 6190744) AND (k <= 6190844))
	  ->  Bitmap Index Scan on k_8  (cost=0.00..5.50 rows=107 width=0)
	        Index Cond: ((k >= 6190744) AND (k <= 6190844))

for range-notcovered
table 1 : explain SELECT k, c FROM sbtest1 WHERE k BETWEEN 4506587 AND 4506687
	Bitmap Heap Scan on sbtest1  (cost=5.46..401.48 rows=100 width=125)
	  Recheck Cond: ((k >= 4506587) AND (k <= 4506687))
	  ->  Bitmap Index Scan on k_1  (cost=0.00..5.43 rows=100 width=0)
	        Index Cond: ((k >= 4506587) AND (k <= 4506687))

table 2 : explain SELECT k, c FROM sbtest2 WHERE k BETWEEN 4506587 AND 4506687
	Bitmap Heap Scan on sbtest2  (cost=5.51..421.18 rows=105 width=125)
	  Recheck Cond: ((k >= 4506587) AND (k <= 4506687))
	  ->  Bitmap Index Scan on k_2  (cost=0.00..5.48 rows=105 width=0)
	        Index Cond: ((k >= 4506587) AND (k <= 4506687))

table 3 : explain SELECT k, c FROM sbtest3 WHERE k BETWEEN 4506587 AND 4506687
	Bitmap Heap Scan on sbtest3  (cost=5.43..389.64 rows=97 width=125)
	  Recheck Cond: ((k >= 4506587) AND (k <= 4506687))
	  ->  Bitmap Index Scan on k_3  (cost=0.00..5.40 rows=97 width=0)
	        Index Cond: ((k >= 4506587) AND (k <= 4506687))

table 4 : explain SELECT k, c FROM sbtest4 WHERE k BETWEEN 4506587 AND 4506687
	Bitmap Heap Scan on sbtest4  (cost=5.37..365.97 rows=91 width=125)
	  Recheck Cond: ((k >= 4506587) AND (k <= 4506687))
	  ->  Bitmap Index Scan on k_4  (cost=0.00..5.34 rows=91 width=0)
	        Index Cond: ((k >= 4506587) AND (k <= 4506687))

table 5 : explain SELECT k, c FROM sbtest5 WHERE k BETWEEN 4506587 AND 4506687
	Bitmap Heap Scan on sbtest5  (cost=5.47..405.46 rows=101 width=125)
	  Recheck Cond: ((k >= 4506587) AND (k <= 4506687))
	  ->  Bitmap Index Scan on k_5  (cost=0.00..5.44 rows=101 width=0)
	        Index Cond: ((k >= 4506587) AND (k <= 4506687))

table 6 : explain SELECT k, c FROM sbtest6 WHERE k BETWEEN 4506587 AND 4506687
	Bitmap Heap Scan on sbtest6  (cost=5.59..452.71 rows=113 width=125)
	  Recheck Cond: ((k >= 4506587) AND (k <= 4506687))
	  ->  Bitmap Index Scan on k_6  (cost=0.00..5.56 rows=113 width=0)
	        Index Cond: ((k >= 4506587) AND (k <= 4506687))

table 7 : explain SELECT k, c FROM sbtest7 WHERE k BETWEEN 4506587 AND 4506687
	Bitmap Heap Scan on sbtest7  (cost=5.57..444.88 rows=111 width=125)
	  Recheck Cond: ((k >= 4506587) AND (k <= 4506687))
	  ->  Bitmap Index Scan on k_7  (cost=0.00..5.54 rows=111 width=0)
	        Index Cond: ((k >= 4506587) AND (k <= 4506687))

table 8 : explain SELECT k, c FROM sbtest8 WHERE k BETWEEN 4506587 AND 4506687
	Bitmap Heap Scan on sbtest8  (cost=5.40..377.85 rows=94 width=125)
	  Recheck Cond: ((k >= 4506587) AND (k <= 4506687))
	  ->  Bitmap Index Scan on k_8  (cost=0.00..5.38 rows=94 width=0)
	        Index Cond: ((k >= 4506587) AND (k <= 4506687))

explain: for range-notcovered :: explain SELECT k, c FROM sbtest%d WHERE k BETWEEN 2369435 AND 2369535for range-notcovered
table 1 : explain SELECT k, c FROM sbtest1 WHERE k BETWEEN 7081738 AND 7081838
	Bitmap Heap Scan on sbtest1  (cost=5.53..429.07 rows=107 width=125)
	  Recheck Cond: ((k >= 7081738) AND (k <= 7081838))
	  ->  Bitmap Index Scan on k_1  (cost=0.00..5.50 rows=107 width=0)
	        Index Cond: ((k >= 7081738) AND (k <= 7081838))

table 2 : explain SELECT k, c FROM sbtest2 WHERE k BETWEEN 7081738 AND 7081838
	Bitmap Heap Scan on sbtest2  (cost=5.46..401.47 rows=100 width=125)
	  Recheck Cond: ((k >= 7081738) AND (k <= 7081838))
	  ->  Bitmap Index Scan on k_2  (cost=0.00..5.43 rows=100 width=0)
	        Index Cond: ((k >= 7081738) AND (k <= 7081838))

table 3 : explain SELECT k, c FROM sbtest3 WHERE k BETWEEN 7081738 AND 7081838
	Bitmap Heap Scan on sbtest3  (cost=5.63..468.44 rows=117 width=125)
	  Recheck Cond: ((k >= 7081738) AND (k <= 7081838))
	  ->  Bitmap Index Scan on k_3  (cost=0.00..5.60 rows=117 width=0)
	        Index Cond: ((k >= 7081738) AND (k <= 7081838))

table 4 : explain SELECT k, c FROM sbtest4 WHERE k BETWEEN 7081738 AND 7081838
	Bitmap Heap Scan on sbtest4  (cost=5.60..456.63 rows=114 width=125)
	  Recheck Cond: ((k >= 7081738) AND (k <= 7081838))
	  ->  Bitmap Index Scan on k_4  (cost=0.00..5.58 rows=114 width=0)
	        Index Cond: ((k >= 7081738) AND (k <= 7081838))

table 5 : explain SELECT k, c FROM sbtest5 WHERE k BETWEEN 7081738 AND 7081838
	Bitmap Heap Scan on sbtest5  (cost=5.45..397.57 rows=99 width=125)
	  Recheck Cond: ((k >= 7081738) AND (k <= 7081838))
	  ->  Bitmap Index Scan on k_5  (cost=0.00..5.42 rows=99 width=0)
	        Index Cond: ((k >= 7081738) AND (k <= 7081838))

table 6 : explain SELECT k, c FROM sbtest6 WHERE k BETWEEN 7081738 AND 7081838
	Bitmap Heap Scan on sbtest6  (cost=5.40..377.82 rows=94 width=125)
	  Recheck Cond: ((k >= 7081738) AND (k <= 7081838))
	  ->  Bitmap Index Scan on k_6  (cost=0.00..5.38 rows=94 width=0)
	        Index Cond: ((k >= 7081738) AND (k <= 7081838))

table 7 : explain SELECT k, c FROM sbtest7 WHERE k BETWEEN 7081738 AND 7081838
	Bitmap Heap Scan on sbtest7  (cost=5.52..425.17 rows=106 width=125)
	  Recheck Cond: ((k >= 7081738) AND (k <= 7081838))
	  ->  Bitmap Index Scan on k_7  (cost=0.00..5.50 rows=106 width=0)
	        Index Cond: ((k >= 7081738) AND (k <= 7081838))

table 8 : explain SELECT k, c FROM sbtest8 WHERE k BETWEEN 7081738 AND 7081838
	Bitmap Heap Scan on sbtest8  (cost=5.36..362.06 rows=90 width=125)
	  Recheck Cond: ((k >= 7081738) AND (k <= 7081838))
	  ->  Bitmap Index Scan on k_8  (cost=0.00..5.33 rows=90 width=0)
	        Index Cond: ((k >= 7081738) AND (k <= 7081838))

for range-notcovered
table 1 : explain SELECT k, c FROM sbtest1 WHERE k BETWEEN 3896990 AND 3897090
	Bitmap Heap Scan on sbtest1  (cost=5.54..433.01 rows=108 width=125)
	  Recheck Cond: ((k >= 3896990) AND (k <= 3897090))
	  ->  Bitmap Index Scan on k_1  (cost=0.00..5.51 rows=108 width=0)
	        Index Cond: ((k >= 3896990) AND (k <= 3897090))

table 2 : explain SELECT k, c FROM sbtest2 WHERE k BETWEEN 3896990 AND 3897090
	Bitmap Heap Scan on sbtest2  (cost=5.44..393.58 rows=98 width=125)
	  Recheck Cond: ((k >= 3896990) AND (k <= 3897090))
	  ->  Bitmap Index Scan on k_2  (cost=0.00..5.42 rows=98 width=0)
	        Index Cond: ((k >= 3896990) AND (k <= 3897090))

table 3 : explain SELECT k, c FROM sbtest3 WHERE k BETWEEN 3896990 AND 3897090
	Bitmap Heap Scan on sbtest3  (cost=5.53..429.06 rows=107 width=125)
	  Recheck Cond: ((k >= 3896990) AND (k <= 3897090))
	  ->  Bitmap Index Scan on k_3  (cost=0.00..5.50 rows=107 width=0)
	        Index Cond: ((k >= 3896990) AND (k <= 3897090))

table 4 : explain SELECT k, c FROM sbtest4 WHERE k BETWEEN 3896990 AND 3897090
	Bitmap Heap Scan on sbtest4  (cost=5.42..385.69 rows=96 width=125)
	  Recheck Cond: ((k >= 3896990) AND (k <= 3897090))
	  ->  Bitmap Index Scan on k_4  (cost=0.00..5.39 rows=96 width=0)
	        Index Cond: ((k >= 3896990) AND (k <= 3897090))

table 5 : explain SELECT k, c FROM sbtest5 WHERE k BETWEEN 3896990 AND 3897090
	Bitmap Heap Scan on sbtest5  (cost=5.45..397.57 rows=99 width=125)
	  Recheck Cond: ((k >= 3896990) AND (k <= 3897090))
	  ->  Bitmap Index Scan on k_5  (cost=0.00..5.42 rows=99 width=0)
	        Index Cond: ((k >= 3896990) AND (k <= 3897090))

table 6 : explain SELECT k, c FROM sbtest6 WHERE k BETWEEN 3896990 AND 3897090
	Bitmap Heap Scan on sbtest6  (cost=5.54..433.02 rows=108 width=125)
	  Recheck Cond: ((k >= 3896990) AND (k <= 3897090))
	  ->  Bitmap Index Scan on k_6  (cost=0.00..5.51 rows=108 width=0)
	        Index Cond: ((k >= 3896990) AND (k <= 3897090))

table 7 : explain SELECT k, c FROM sbtest7 WHERE k BETWEEN 3896990 AND 3897090
	Bitmap Heap Scan on sbtest7  (cost=5.38..369.96 rows=92 width=125)
	  Recheck Cond: ((k >= 3896990) AND (k <= 3897090))
	  ->  Bitmap Index Scan on k_7  (cost=0.00..5.35 rows=92 width=0)
	        Index Cond: ((k >= 3896990) AND (k <= 3897090))

table 8 : explain SELECT k, c FROM sbtest8 WHERE k BETWEEN 3896990 AND 3897090
	Bitmap Heap Scan on sbtest8  (cost=5.49..413.34 rows=103 width=125)
	  Recheck Cond: ((k >= 3896990) AND (k <= 3897090))
	  ->  Bitmap Index Scan on k_8  (cost=0.00..5.46 rows=103 width=0)
	        Index Cond: ((k >= 3896990) AND (k <= 3897090))


explain: for range-notcovered :: explain SELECT k, c FROM sbtest%d WHERE k BETWEEN 5263201 AND 5263301explain: for range-notcovered :: explain SELECT k, c FROM sbtest%d WHERE k BETWEEN 4721381 AND 4721481explain: for range-notcovered :: explain SELECT k, c FROM sbtest%d WHERE k BETWEEN 5231136 AND 5231236


explain: for range-notcovered :: explain SELECT k, c FROM sbtest%d WHERE k BETWEEN 843739 AND 843839

explain: for range-notcovered :: explain SELECT k, c FROM sbtest%d WHERE k BETWEEN 3896990 AND 3897090
for range-notcovered
table 1 : explain SELECT k, c FROM sbtest1 WHERE k BETWEEN 2776751 AND 2776851
	Bitmap Heap Scan on sbtest1  (cost=5.49..413.30 rows=103 width=125)
	  Recheck Cond: ((k >= 2776751) AND (k <= 2776851))
	  ->  Bitmap Index Scan on k_1  (cost=0.00..5.46 rows=103 width=0)
	        Index Cond: ((k >= 2776751) AND (k <= 2776851))

table 2 : explain SELECT k, c FROM sbtest2 WHERE k BETWEEN 2776751 AND 2776851
	Bitmap Heap Scan on sbtest2  (cost=5.54..433.00 rows=108 width=125)
	  Recheck Cond: ((k >= 2776751) AND (k <= 2776851))
	  ->  Bitmap Index Scan on k_2  (cost=0.00..5.51 rows=108 width=0)
	        Index Cond: ((k >= 2776751) AND (k <= 2776851))

table 3 : explain SELECT k, c FROM sbtest3 WHERE k BETWEEN 2776751 AND 2776851
	Bitmap Heap Scan on sbtest3  (cost=5.44..393.58 rows=98 width=125)
	  Recheck Cond: ((k >= 2776751) AND (k <= 2776851))
	  ->  Bitmap Index Scan on k_3  (cost=0.00..5.42 rows=98 width=0)
	        Index Cond: ((k >= 2776751) AND (k <= 2776851))

table 4 : explain SELECT k, c FROM sbtest4 WHERE k BETWEEN 2776751 AND 2776851
	Bitmap Heap Scan on sbtest4  (cost=5.42..385.69 rows=96 width=125)
	  Recheck Cond: ((k >= 2776751) AND (k <= 2776851))
	  ->  Bitmap Index Scan on k_4  (cost=0.00..5.39 rows=96 width=0)
	        Index Cond: ((k >= 2776751) AND (k <= 2776851))

table 5 : explain SELECT k, c FROM sbtest5 WHERE k BETWEEN 2776751 AND 2776851
	Bitmap Heap Scan on sbtest5  (cost=5.38..369.95 rows=92 width=125)
	  Recheck Cond: ((k >= 2776751) AND (k <= 2776851))
	  ->  Bitmap Index Scan on k_5  (cost=0.00..5.35 rows=92 width=0)
	        Index Cond: ((k >= 2776751) AND (k <= 2776851))

table 6 : explain SELECT k, c FROM sbtest6 WHERE k BETWEEN 2776751 AND 2776851
	Bitmap Heap Scan on sbtest6  (cost=5.49..413.31 rows=103 width=125)
	  Recheck Cond: ((k >= 2776751) AND (k <= 2776851))
	  ->  Bitmap Index Scan on k_6  (cost=0.00..5.46 rows=103 width=0)
	        Index Cond: ((k >= 2776751) AND (k <= 2776851))

table 7 : explain SELECT k, c FROM sbtest7 WHERE k BETWEEN 2776751 AND 2776851
	Bitmap Heap Scan on sbtest7  (cost=5.54..433.06 rows=108 width=125)
	  Recheck Cond: ((k >= 2776751) AND (k <= 2776851))
	  ->  Bitmap Index Scan on k_7  (cost=0.00..5.51 rows=108 width=0)
	        Index Cond: ((k >= 2776751) AND (k <= 2776851))

table 8 : explain SELECT k, c FROM sbtest8 WHERE k BETWEEN 2776751 AND 2776851
	Bitmap Heap Scan on sbtest8  (cost=5.54..433.05 rows=108 width=125)
	  Recheck Cond: ((k >= 2776751) AND (k <= 2776851))
	  ->  Bitmap Index Scan on k_8  (cost=0.00..5.51 rows=108 width=0)
	        Index Cond: ((k >= 2776751) AND (k <= 2776851))

explain: for range-notcovered :: explain SELECT k, c FROM sbtest%d WHERE k BETWEEN 2885741 AND 2885841
for range-notcovered
table 1 : explain SELECT k, c FROM sbtest1 WHERE k BETWEEN 4461436 AND 4461536
	Bitmap Heap Scan on sbtest1  (cost=5.52..425.13 rows=106 width=125)
	  Recheck Cond: ((k >= 4461436) AND (k <= 4461536))
	  ->  Bitmap Index Scan on k_1  (cost=0.00..5.50 rows=106 width=0)
	        Index Cond: ((k >= 4461436) AND (k <= 4461536))

table 2 : explain SELECT k, c FROM sbtest2 WHERE k BETWEEN 4461436 AND 4461536
	Bitmap Heap Scan on sbtest2  (cost=5.50..417.24 rows=104 width=125)
	  Recheck Cond: ((k >= 4461436) AND (k <= 4461536))
	  ->  Bitmap Index Scan on k_2  (cost=0.00..5.47 rows=104 width=0)
	        Index Cond: ((k >= 4461436) AND (k <= 4461536))

table 3 : explain SELECT k, c FROM sbtest3 WHERE k BETWEEN 4461436 AND 4461536
	Bitmap Heap Scan on sbtest3  (cost=5.43..389.64 rows=97 width=125)
	  Recheck Cond: ((k >= 4461436) AND (k <= 4461536))
	  ->  Bitmap Index Scan on k_3  (cost=0.00..5.40 rows=97 width=0)
	        Index Cond: ((k >= 4461436) AND (k <= 4461536))

table 4 : explain SELECT k, c FROM sbtest4 WHERE k BETWEEN 4461436 AND 4461536
	Bitmap Heap Scan on sbtest4  (cost=5.37..365.97 rows=91 width=125)
	  Recheck Cond: ((k >= 4461436) AND (k <= 4461536))
	  ->  Bitmap Index Scan on k_4  (cost=0.00..5.34 rows=91 width=0)
	        Index Cond: ((k >= 4461436) AND (k <= 4461536))

table 5 : explain SELECT k, c FROM sbtest5 WHERE k BETWEEN 4461436 AND 4461536
	Bitmap Heap Scan on sbtest5  (cost=5.47..405.46 rows=101 width=125)
	  Recheck Cond: ((k >= 4461436) AND (k <= 4461536))
	  ->  Bitmap Index Scan on k_5  (cost=0.00..5.44 rows=101 width=0)
	        Index Cond: ((k >= 4461436) AND (k <= 4461536))

table 6 : explain SELECT k, c FROM sbtest6 WHERE k BETWEEN 4461436 AND 4461536
	Bitmap Heap Scan on sbtest6  (cost=5.40..377.82 rows=94 width=125)
	  Recheck Cond: ((k >= 4461436) AND (k <= 4461536))
	  ->  Bitmap Index Scan on k_6  (cost=0.00..5.38 rows=94 width=0)
	        Index Cond: ((k >= 4461436) AND (k <= 4461536))

table 7 : explain SELECT k, c FROM sbtest7 WHERE k BETWEEN 4461436 AND 4461536
	Bitmap Heap Scan on sbtest7  (cost=5.57..444.88 rows=111 width=125)
	  Recheck Cond: ((k >= 4461436) AND (k <= 4461536))
	  ->  Bitmap Index Scan on k_7  (cost=0.00..5.54 rows=111 width=0)
	        Index Cond: ((k >= 4461436) AND (k <= 4461536))

table 8 : explain SELECT k, c FROM sbtest8 WHERE k BETWEEN 4461436 AND 4461536
	Bitmap Heap Scan on sbtest8  (cost=5.40..377.85 rows=94 width=125)
	  Recheck Cond: ((k >= 4461436) AND (k <= 4461536))
	  ->  Bitmap Index Scan on k_8  (cost=0.00..5.38 rows=94 width=0)
	        Index Cond: ((k >= 4461436) AND (k <= 4461536))

for range-notcovered
table 1 : explain SELECT k, c FROM sbtest1 WHERE k BETWEEN 2353440 AND 2353540
	Bitmap Heap Scan on sbtest1  (cost=5.50..417.24 rows=104 width=125)
	  Recheck Cond: ((k >= 2353440) AND (k <= 2353540))
	  ->  Bitmap Index Scan on k_1  (cost=0.00..5.47 rows=104 width=0)
	        Index Cond: ((k >= 2353440) AND (k <= 2353540))

table 2 : explain SELECT k, c FROM sbtest2 WHERE k BETWEEN 2353440 AND 2353540
	Bitmap Heap Scan on sbtest2  (cost=5.41..381.75 rows=95 width=125)
	  Recheck Cond: ((k >= 2353440) AND (k <= 2353540))
	  ->  Bitmap Index Scan on k_2  (cost=0.00..5.38 rows=95 width=0)
	        Index Cond: ((k >= 2353440) AND (k <= 2353540))

table 3 : explain SELECT k, c FROM sbtest3 WHERE k BETWEEN 2353440 AND 2353540
	Bitmap Heap Scan on sbtest3  (cost=5.57..444.82 rows=111 width=125)
	  Recheck Cond: ((k >= 2353440) AND (k <= 2353540))
	  ->  Bitmap Index Scan on k_3  (cost=0.00..5.54 rows=111 width=0)
	        Index Cond: ((k >= 2353440) AND (k <= 2353540))

table 4 : explain SELECT k, c FROM sbtest4 WHERE k BETWEEN 2353440 AND 2353540
	Bitmap Heap Scan on sbtest4  (cost=5.55..436.94 rows=109 width=125)
	  Recheck Cond: ((k >= 2353440) AND (k <= 2353540))
	  ->  Bitmap Index Scan on k_4  (cost=0.00..5.52 rows=109 width=0)
	        Index Cond: ((k >= 2353440) AND (k <= 2353540))

table 5 : explain SELECT k, c FROM sbtest5 WHERE k BETWEEN 2353440 AND 2353540
	Bitmap Heap Scan on sbtest5  (cost=5.42..385.74 rows=96 width=125)
	  Recheck Cond: ((k >= 2353440) AND (k <= 2353540))
	  ->  Bitmap Index Scan on k_5  (cost=0.00..5.39 rows=96 width=0)
	        Index Cond: ((k >= 2353440) AND (k <= 2353540))

table 6 : explain SELECT k, c FROM sbtest6 WHERE k BETWEEN 2353440 AND 2353540
	Bitmap Heap Scan on sbtest6  (cost=5.45..397.54 rows=99 width=125)
	  Recheck Cond: ((k >= 2353440) AND (k <= 2353540))
	  ->  Bitmap Index Scan on k_6  (cost=0.00..5.42 rows=99 width=0)
	        Index Cond: ((k >= 2353440) AND (k <= 2353540))

table 7 : explain SELECT k, c FROM sbtest7 WHERE k BETWEEN 2353440 AND 2353540
	Bitmap Heap Scan on sbtest7  (cost=5.56..440.94 rows=110 width=125)
	  Recheck Cond: ((k >= 2353440) AND (k <= 2353540))
	  ->  Bitmap Index Scan on k_7  (cost=0.00..5.53 rows=110 width=0)
	        Index Cond: ((k >= 2353440) AND (k <= 2353540))

table 8 : explain SELECT k, c FROM sbtest8 WHERE k BETWEEN 2353440 AND 2353540
	Bitmap Heap Scan on sbtest8  (cost=5.49..413.34 rows=103 width=125)
	  Recheck Cond: ((k >= 2353440) AND (k <= 2353540))
	  ->  Bitmap Index Scan on k_8  (cost=0.00..5.46 rows=103 width=0)
	        Index Cond: ((k >= 2353440) AND (k <= 2353540))

for range-notcovered
table 1 : explain SELECT k, c FROM sbtest1 WHERE k BETWEEN 4170423 AND 4170523
	Bitmap Heap Scan on sbtest1  (cost=5.44..393.59 rows=98 width=125)
	  Recheck Cond: ((k >= 4170423) AND (k <= 4170523))
	  ->  Bitmap Index Scan on k_1  (cost=0.00..5.42 rows=98 width=0)
	        Index Cond: ((k >= 4170423) AND (k <= 4170523))

table 2 : explain SELECT k, c FROM sbtest2 WHERE k BETWEEN 4170423 AND 4170523
	Bitmap Heap Scan on sbtest2  (cost=5.56..440.88 rows=110 width=125)
	  Recheck Cond: ((k >= 4170423) AND (k <= 4170523))
	  ->  Bitmap Index Scan on k_2  (cost=0.00..5.53 rows=110 width=0)
	        Index Cond: ((k >= 4170423) AND (k <= 4170523))

table 3 : explain SELECT k, c FROM sbtest3 WHERE k BETWEEN 4170423 AND 4170523
	Bitmap Heap Scan on sbtest3  (cost=5.48..409.36 rows=102 width=125)
	  Recheck Cond: ((k >= 4170423) AND (k <= 4170523))
	  ->  Bitmap Index Scan on k_3  (cost=0.00..5.45 rows=102 width=0)
	        Index Cond: ((k >= 4170423) AND (k <= 4170523))

table 4 : explain SELECT k, c FROM sbtest4 WHERE k BETWEEN 4170423 AND 4170523
	Bitmap Heap Scan on sbtest4  (cost=5.49..413.30 rows=103 width=125)
	  Recheck Cond: ((k >= 4170423) AND (k <= 4170523))
	  ->  Bitmap Index Scan on k_4  (cost=0.00..5.46 rows=103 width=0)
	        Index Cond: ((k >= 4170423) AND (k <= 4170523))

table 5 : explain SELECT k, c FROM sbtest5 WHERE k BETWEEN 4170423 AND 4170523
	Bitmap Heap Scan on sbtest5  (cost=5.41..381.79 rows=95 width=125)
	  Recheck Cond: ((k >= 4170423) AND (k <= 4170523))
	  ->  Bitmap Index Scan on k_5  (cost=0.00..5.38 rows=95 width=0)
	        Index Cond: ((k >= 4170423) AND (k <= 4170523))

table 6 : explain SELECT k, c FROM sbtest6 WHERE k BETWEEN 4170423 AND 4170523
	Bitmap Heap Scan on sbtest6  (cost=5.57..444.83 rows=111 width=125)
	  Recheck Cond: ((k >= 4170423) AND (k <= 4170523))
	  ->  Bitmap Index Scan on k_6  (cost=0.00..5.54 rows=111 width=0)
	        Index Cond: ((k >= 4170423) AND (k <= 4170523))

table 7 : explain SELECT k, c FROM sbtest7 WHERE k BETWEEN 4170423 AND 4170523
	Bitmap Heap Scan on sbtest7  (cost=5.50..417.29 rows=104 width=125)
	  Recheck Cond: ((k >= 4170423) AND (k <= 4170523))
	  ->  Bitmap Index Scan on k_7  (cost=0.00..5.47 rows=104 width=0)
	        Index Cond: ((k >= 4170423) AND (k <= 4170523))

table 8 : explain SELECT k, c FROM sbtest8 WHERE k BETWEEN 4170423 AND 4170523
	Bitmap Heap Scan on sbtest8  (cost=5.47..405.46 rows=101 width=125)
	  Recheck Cond: ((k >= 4170423) AND (k <= 4170523))
	  ->  Bitmap Index Scan on k_8  (cost=0.00..5.44 rows=101 width=0)
	        Index Cond: ((k >= 4170423) AND (k <= 4170523))

explain: for range-notcovered :: explain SELECT k, c FROM sbtest%d WHERE k BETWEEN 5254425 AND 5254525
for range-notcovered
table 1 : explain SELECT k, c FROM sbtest1 WHERE k BETWEEN 7238566 AND 7238666
	Bitmap Heap Scan on sbtest1  (cost=5.46..401.48 rows=100 width=125)
	  Recheck Cond: ((k >= 7238566) AND (k <= 7238666))
	  ->  Bitmap Index Scan on k_1  (cost=0.00..5.43 rows=100 width=0)
	        Index Cond: ((k >= 7238566) AND (k <= 7238666))

table 2 : explain SELECT k, c FROM sbtest2 WHERE k BETWEEN 7238566 AND 7238666
	Bitmap Heap Scan on sbtest2  (cost=5.42..385.69 rows=96 width=125)
	  Recheck Cond: ((k >= 7238566) AND (k <= 7238666))
	  ->  Bitmap Index Scan on k_2  (cost=0.00..5.39 rows=96 width=0)
	        Index Cond: ((k >= 7238566) AND (k <= 7238666))

table 3 : explain SELECT k, c FROM sbtest3 WHERE k BETWEEN 7238566 AND 7238666
	Bitmap Heap Scan on sbtest3  (cost=5.43..389.64 rows=97 width=125)
	  Recheck Cond: ((k >= 7238566) AND (k <= 7238666))
	  ->  Bitmap Index Scan on k_3  (cost=0.00..5.40 rows=97 width=0)
	        Index Cond: ((k >= 7238566) AND (k <= 7238666))

table 4 : explain SELECT k, c FROM sbtest4 WHERE k BETWEEN 7238566 AND 7238666
	Bitmap Heap Scan on sbtest4  (cost=5.37..365.97 rows=91 width=125)
	  Recheck Cond: ((k >= 7238566) AND (k <= 7238666))
	  ->  Bitmap Index Scan on k_4  (cost=0.00..5.34 rows=91 width=0)
	        Index Cond: ((k >= 7238566) AND (k <= 7238666))

table 5 : explain SELECT k, c FROM sbtest5 WHERE k BETWEEN 7238566 AND 7238666
	Bitmap Heap Scan on sbtest5  (cost=5.51..421.23 rows=105 width=125)
	  Recheck Cond: ((k >= 7238566) AND (k <= 7238666))
	  ->  Bitmap Index Scan on k_5  (cost=0.00..5.48 rows=105 width=0)
	        Index Cond: ((k >= 7238566) AND (k <= 7238666))

table 6 : explain SELECT k, c FROM sbtest6 WHERE k BETWEEN 7238566 AND 7238666
	Bitmap Heap Scan on sbtest6  (cost=5.54..433.02 rows=108 width=125)
	  Recheck Cond: ((k >= 7238566) AND (k <= 7238666))
	  ->  Bitmap Index Scan on k_6  (cost=0.00..5.51 rows=108 width=0)
	        Index Cond: ((k >= 7238566) AND (k <= 7238666))

table 7 : explain SELECT k, c FROM sbtest7 WHERE k BETWEEN 7238566 AND 7238666
	Bitmap Heap Scan on sbtest7  (cost=5.56..440.94 rows=110 width=125)
	  Recheck Cond: ((k >= 7238566) AND (k <= 7238666))
	  ->  Bitmap Index Scan on k_7  (cost=0.00..5.53 rows=110 width=0)
	        Index Cond: ((k >= 7238566) AND (k <= 7238666))

table 8 : explain SELECT k, c FROM sbtest8 WHERE k BETWEEN 7238566 AND 7238666
	Bitmap Heap Scan on sbtest8  (cost=5.50..417.29 rows=104 width=125)
	  Recheck Cond: ((k >= 7238566) AND (k <= 7238666))
	  ->  Bitmap Index Scan on k_8  (cost=0.00..5.47 rows=104 width=0)
	        Index Cond: ((k >= 7238566) AND (k <= 7238666))

for range-notcovered
table 1 : explain SELECT k, c FROM sbtest1 WHERE k BETWEEN 3246183 AND 3246283
	Bitmap Heap Scan on sbtest1  (cost=5.59..452.70 rows=113 width=125)
	  Recheck Cond: ((k >= 3246183) AND (k <= 3246283))
	  ->  Bitmap Index Scan on k_1  (cost=0.00..5.56 rows=113 width=0)
	        Index Cond: ((k >= 3246183) AND (k <= 3246283))

table 2 : explain SELECT k, c FROM sbtest2 WHERE k BETWEEN 3246183 AND 3246283
	Bitmap Heap Scan on sbtest2  (cost=5.44..393.58 rows=98 width=125)
	  Recheck Cond: ((k >= 3246183) AND (k <= 3246283))
	  ->  Bitmap Index Scan on k_2  (cost=0.00..5.42 rows=98 width=0)
	        Index Cond: ((k >= 3246183) AND (k <= 3246283))

table 3 : explain SELECT k, c FROM sbtest3 WHERE k BETWEEN 3246183 AND 3246283
	Bitmap Heap Scan on sbtest3  (cost=5.53..429.06 rows=107 width=125)
	  Recheck Cond: ((k >= 3246183) AND (k <= 3246283))
	  ->  Bitmap Index Scan on k_3  (cost=0.00..5.50 rows=107 width=0)
	        Index Cond: ((k >= 3246183) AND (k <= 3246283))

table 4 : explain SELECT k, c FROM sbtest4 WHERE k BETWEEN 3246183 AND 3246283
	Bitmap Heap Scan on sbtest4  (cost=5.50..417.24 rows=104 width=125)
	  Recheck Cond: ((k >= 3246183) AND (k <= 3246283))
	  ->  Bitmap Index Scan on k_4  (cost=0.00..5.47 rows=104 width=0)
	        Index Cond: ((k >= 3246183) AND (k <= 3246283))

table 5 : explain SELECT k, c FROM sbtest5 WHERE k BETWEEN 3246183 AND 3246283
	Bitmap Heap Scan on sbtest5  (cost=5.43..389.68 rows=97 width=125)
	  Recheck Cond: ((k >= 3246183) AND (k <= 3246283))
	  ->  Bitmap Index Scan on k_5  (cost=0.00..5.40 rows=97 width=0)
	        Index Cond: ((k >= 3246183) AND (k <= 3246283))

table 6 : explain SELECT k, c FROM sbtest6 WHERE k BETWEEN 3246183 AND 3246283
	Bitmap Heap Scan on sbtest6  (cost=5.38..369.93 rows=92 width=125)
	  Recheck Cond: ((k >= 3246183) AND (k <= 3246283))
	  ->  Bitmap Index Scan on k_6  (cost=0.00..5.35 rows=92 width=0)
	        Index Cond: ((k >= 3246183) AND (k <= 3246283))

table 7 : explain SELECT k, c FROM sbtest7 WHERE k BETWEEN 3246183 AND 3246283
	Bitmap Heap Scan on sbtest7  (cost=5.51..421.23 rows=105 width=125)
	  Recheck Cond: ((k >= 3246183) AND (k <= 3246283))
	  ->  Bitmap Index Scan on k_7  (cost=0.00..5.48 rows=105 width=0)
	        Index Cond: ((k >= 3246183) AND (k <= 3246283))

table 8 : explain SELECT k, c FROM sbtest8 WHERE k BETWEEN 3246183 AND 3246283
	Bitmap Heap Scan on sbtest8  (cost=5.45..397.57 rows=99 width=125)
	  Recheck Cond: ((k >= 3246183) AND (k <= 3246283))
	  ->  Bitmap Index Scan on k_8  (cost=0.00..5.42 rows=99 width=0)
	        Index Cond: ((k >= 3246183) AND (k <= 3246283))

for range-notcovered
table 1 : explain SELECT k, c FROM sbtest1 WHERE k BETWEEN 5346008 AND 5346108
	Bitmap Heap Scan on sbtest1  (cost=5.46..401.48 rows=100 width=125)
	  Recheck Cond: ((k >= 5346008) AND (k <= 5346108))
	  ->  Bitmap Index Scan on k_1  (cost=0.00..5.43 rows=100 width=0)
	        Index Cond: ((k >= 5346008) AND (k <= 5346108))

table 2 : explain SELECT k, c FROM sbtest2 WHERE k BETWEEN 5346008 AND 5346108
	Bitmap Heap Scan on sbtest2  (cost=5.47..405.41 rows=101 width=125)
	  Recheck Cond: ((k >= 5346008) AND (k <= 5346108))
	  ->  Bitmap Index Scan on k_2  (cost=0.00..5.44 rows=101 width=0)
	        Index Cond: ((k >= 5346008) AND (k <= 5346108))

table 3 : explain SELECT k, c FROM sbtest3 WHERE k BETWEEN 5346008 AND 5346108
	Bitmap Heap Scan on sbtest3  (cost=5.51..421.18 rows=105 width=125)
	  Recheck Cond: ((k >= 5346008) AND (k <= 5346108))
	  ->  Bitmap Index Scan on k_3  (cost=0.00..5.48 rows=105 width=0)
	        Index Cond: ((k >= 5346008) AND (k <= 5346108))

table 4 : explain SELECT k, c FROM sbtest4 WHERE k BETWEEN 5346008 AND 5346108
	Bitmap Heap Scan on sbtest4  (cost=5.55..436.94 rows=109 width=125)
	  Recheck Cond: ((k >= 5346008) AND (k <= 5346108))
	  ->  Bitmap Index Scan on k_4  (cost=0.00..5.52 rows=109 width=0)
	        Index Cond: ((k >= 5346008) AND (k <= 5346108))

table 5 : explain SELECT k, c FROM sbtest5 WHERE k BETWEEN 5346008 AND 5346108
	Bitmap Heap Scan on sbtest5  (cost=5.49..413.34 rows=103 width=125)
	  Recheck Cond: ((k >= 5346008) AND (k <= 5346108))
	  ->  Bitmap Index Scan on k_5  (cost=0.00..5.46 rows=103 width=0)
	        Index Cond: ((k >= 5346008) AND (k <= 5346108))

table 6 : explain SELECT k, c FROM sbtest6 WHERE k BETWEEN 5346008 AND 5346108
	Bitmap Heap Scan on sbtest6  (cost=5.54..433.02 rows=108 width=125)
	  Recheck Cond: ((k >= 5346008) AND (k <= 5346108))
	  ->  Bitmap Index Scan on k_6  (cost=0.00..5.51 rows=108 width=0)
	        Index Cond: ((k >= 5346008) AND (k <= 5346108))

table 7 : explain SELECT k, c FROM sbtest7 WHERE k BETWEEN 5346008 AND 5346108
	Bitmap Heap Scan on sbtest7  (cost=5.46..401.52 rows=100 width=125)
	  Recheck Cond: ((k >= 5346008) AND (k <= 5346108))
	  ->  Bitmap Index Scan on k_7  (cost=0.00..5.43 rows=100 width=0)
	        Index Cond: ((k >= 5346008) AND (k <= 5346108))

table 8 : explain SELECT k, c FROM sbtest8 WHERE k BETWEEN 5346008 AND 5346108
	Bitmap Heap Scan on sbtest8  (cost=5.50..417.29 rows=104 width=125)
	  Recheck Cond: ((k >= 5346008) AND (k <= 5346108))
	  ->  Bitmap Index Scan on k_8  (cost=0.00..5.47 rows=104 width=0)
	        Index Cond: ((k >= 5346008) AND (k <= 5346108))

explain: for range-notcovered :: explain SELECT k, c FROM sbtest%d WHERE k BETWEEN 4170423 AND 4170523
for range-notcovered
table 1 : explain SELECT k, c FROM sbtest1 WHERE k BETWEEN 5134073 AND 5134173
	Bitmap Heap Scan on sbtest1  (cost=5.53..429.07 rows=107 width=125)
	  Recheck Cond: ((k >= 5134073) AND (k <= 5134173))
	  ->  Bitmap Index Scan on k_1  (cost=0.00..5.50 rows=107 width=0)
	        Index Cond: ((k >= 5134073) AND (k <= 5134173))

table 2 : explain SELECT k, c FROM sbtest2 WHERE k BETWEEN 5134073 AND 5134173
	Bitmap Heap Scan on sbtest2  (cost=5.45..397.53 rows=99 width=125)
	  Recheck Cond: ((k >= 5134073) AND (k <= 5134173))
	  ->  Bitmap Index Scan on k_2  (cost=0.00..5.42 rows=99 width=0)
	        Index Cond: ((k >= 5134073) AND (k <= 5134173))

table 3 : explain SELECT k, c FROM sbtest3 WHERE k BETWEEN 5134073 AND 5134173
	Bitmap Heap Scan on sbtest3  (cost=5.50..417.24 rows=104 width=125)
	  Recheck Cond: ((k >= 5134073) AND (k <= 5134173))
	  ->  Bitmap Index Scan on k_3  (cost=0.00..5.47 rows=104 width=0)
	        Index Cond: ((k >= 5134073) AND (k <= 5134173))

table 4 : explain SELECT k, c FROM sbtest4 WHERE k BETWEEN 5134073 AND 5134173
	Bitmap Heap Scan on sbtest4  (cost=5.45..397.53 rows=99 width=125)
	  Recheck Cond: ((k >= 5134073) AND (k <= 5134173))
	  ->  Bitmap Index Scan on k_4  (cost=0.00..5.42 rows=99 width=0)
	        Index Cond: ((k >= 5134073) AND (k <= 5134173))

table 5 : explain SELECT k, c FROM sbtest5 WHERE k BETWEEN 5134073 AND 5134173
	Bitmap Heap Scan on sbtest5  (cost=5.45..397.57 rows=99 width=125)
	  Recheck Cond: ((k >= 5134073) AND (k <= 5134173))
	  ->  Bitmap Index Scan on k_5  (cost=0.00..5.42 rows=99 width=0)
	        Index Cond: ((k >= 5134073) AND (k <= 5134173))

table 6 : explain SELECT k, c FROM sbtest6 WHERE k BETWEEN 5134073 AND 5134173
	Bitmap Heap Scan on sbtest6  (cost=5.44..393.60 rows=98 width=125)
	  Recheck Cond: ((k >= 5134073) AND (k <= 5134173))
	  ->  Bitmap Index Scan on k_6  (cost=0.00..5.42 rows=98 width=0)
	        Index Cond: ((k >= 5134073) AND (k <= 5134173))

table 7 : explain SELECT k, c FROM sbtest7 WHERE k BETWEEN 5134073 AND 5134173
	Bitmap Heap Scan on sbtest7  (cost=5.46..401.52 rows=100 width=125)
	  Recheck Cond: ((k >= 5134073) AND (k <= 5134173))
	  ->  Bitmap Index Scan on k_7  (cost=0.00..5.43 rows=100 width=0)
	        Index Cond: ((k >= 5134073) AND (k <= 5134173))

table 8 : explain SELECT k, c FROM sbtest8 WHERE k BETWEEN 5134073 AND 5134173
	Bitmap Heap Scan on sbtest8  (cost=5.46..401.52 rows=100 width=125)
	  Recheck Cond: ((k >= 5134073) AND (k <= 5134173))
	  ->  Bitmap Index Scan on k_8  (cost=0.00..5.43 rows=100 width=0)
	        Index Cond: ((k >= 5134073) AND (k <= 5134173))

explain: for range-notcovered :: explain SELECT k, c FROM sbtest%d WHERE k BETWEEN 7238566 AND 7238666
for range-notcovered
table 1 : explain SELECT k, c FROM sbtest1 WHERE k BETWEEN 4268992 AND 4269092
	Bitmap Heap Scan on sbtest1  (cost=5.46..401.48 rows=100 width=125)
	  Recheck Cond: ((k >= 4268992) AND (k <= 4269092))
	  ->  Bitmap Index Scan on k_1  (cost=0.00..5.43 rows=100 width=0)
	        Index Cond: ((k >= 4268992) AND (k <= 4269092))

table 2 : explain SELECT k, c FROM sbtest2 WHERE k BETWEEN 4268992 AND 4269092
	Bitmap Heap Scan on sbtest2  (cost=5.48..409.35 rows=102 width=125)
	  Recheck Cond: ((k >= 4268992) AND (k <= 4269092))
	  ->  Bitmap Index Scan on k_2  (cost=0.00..5.45 rows=102 width=0)
	        Index Cond: ((k >= 4268992) AND (k <= 4269092))

table 3 : explain SELECT k, c FROM sbtest3 WHERE k BETWEEN 4268992 AND 4269092
	Bitmap Heap Scan on sbtest3  (cost=5.45..397.53 rows=99 width=125)
	  Recheck Cond: ((k >= 4268992) AND (k <= 4269092))
	  ->  Bitmap Index Scan on k_3  (cost=0.00..5.42 rows=99 width=0)
	        Index Cond: ((k >= 4268992) AND (k <= 4269092))

table 4 : explain SELECT k, c FROM sbtest4 WHERE k BETWEEN 4268992 AND 4269092
	Bitmap Heap Scan on sbtest4  (cost=5.51..421.18 rows=105 width=125)
	  Recheck Cond: ((k >= 4268992) AND (k <= 4269092))
	  ->  Bitmap Index Scan on k_4  (cost=0.00..5.48 rows=105 width=0)
	        Index Cond: ((k >= 4268992) AND (k <= 4269092))

table 5 : explain SELECT k, c FROM sbtest5 WHERE k BETWEEN 4268992 AND 4269092
	Bitmap Heap Scan on sbtest5  (cost=5.51..421.23 rows=105 width=125)
	  Recheck Cond: ((k >= 4268992) AND (k <= 4269092))
	  ->  Bitmap Index Scan on k_5  (cost=0.00..5.48 rows=105 width=0)
	        Index Cond: ((k >= 4268992) AND (k <= 4269092))

table 6 : explain SELECT k, c FROM sbtest6 WHERE k BETWEEN 4268992 AND 4269092
	Bitmap Heap Scan on sbtest6  (cost=5.50..417.25 rows=104 width=125)
	  Recheck Cond: ((k >= 4268992) AND (k <= 4269092))
	  ->  Bitmap Index Scan on k_6  (cost=0.00..5.47 rows=104 width=0)
	        Index Cond: ((k >= 4268992) AND (k <= 4269092))

table 7 : explain SELECT k, c FROM sbtest7 WHERE k BETWEEN 4268992 AND 4269092
	Bitmap Heap Scan on sbtest7  (cost=5.40..377.85 rows=94 width=125)
	  Recheck Cond: ((k >= 4268992) AND (k <= 4269092))
	  ->  Bitmap Index Scan on k_7  (cost=0.00..5.38 rows=94 width=0)
	        Index Cond: ((k >= 4268992) AND (k <= 4269092))

table 8 : explain SELECT k, c FROM sbtest8 WHERE k BETWEEN 4268992 AND 4269092
	Bitmap Heap Scan on sbtest8  (cost=5.38..369.95 rows=92 width=125)
	  Recheck Cond: ((k >= 4268992) AND (k <= 4269092))
	  ->  Bitmap Index Scan on k_8  (cost=0.00..5.35 rows=92 width=0)
	        Index Cond: ((k >= 4268992) AND (k <= 4269092))

explain: for range-notcovered :: explain SELECT k, c FROM sbtest%d WHERE k BETWEEN 3246183 AND 3246283
for range-notcovered
table 1 : explain SELECT k, c FROM sbtest1 WHERE k BETWEEN 5643096 AND 5643196
	Bitmap Heap Scan on sbtest1  (cost=5.51..421.19 rows=105 width=125)
	  Recheck Cond: ((k >= 5643096) AND (k <= 5643196))
	  ->  Bitmap Index Scan on k_1  (cost=0.00..5.48 rows=105 width=0)
	        Index Cond: ((k >= 5643096) AND (k <= 5643196))

table 2 : explain SELECT k, c FROM sbtest2 WHERE k BETWEEN 5643096 AND 5643196
	Bitmap Heap Scan on sbtest2  (cost=5.69..488.12 rows=122 width=125)
	  Recheck Cond: ((k >= 5643096) AND (k <= 5643196))
	  ->  Bitmap Index Scan on k_2  (cost=0.00..5.65 rows=122 width=0)
	        Index Cond: ((k >= 5643096) AND (k <= 5643196))

table 3 : explain SELECT k, c FROM sbtest3 WHERE k BETWEEN 5643096 AND 5643196
	Bitmap Heap Scan on sbtest3  (cost=5.51..421.18 rows=105 width=125)
	  Recheck Cond: ((k >= 5643096) AND (k <= 5643196))
	  ->  Bitmap Index Scan on k_3  (cost=0.00..5.48 rows=105 width=0)
	        Index Cond: ((k >= 5643096) AND (k <= 5643196))

table 4 : explain SELECT k, c FROM sbtest4 WHERE k BETWEEN 5643096 AND 5643196
	Bitmap Heap Scan on sbtest4  (cost=5.55..436.94 rows=109 width=125)
	  Recheck Cond: ((k >= 5643096) AND (k <= 5643196))
	  ->  Bitmap Index Scan on k_4  (cost=0.00..5.52 rows=109 width=0)
	        Index Cond: ((k >= 5643096) AND (k <= 5643196))

table 5 : explain SELECT k, c FROM sbtest5 WHERE k BETWEEN 5643096 AND 5643196
	Bitmap Heap Scan on sbtest5  (cost=5.44..393.62 rows=98 width=125)
	  Recheck Cond: ((k >= 5643096) AND (k <= 5643196))
	  ->  Bitmap Index Scan on k_5  (cost=0.00..5.42 rows=98 width=0)
	        Index Cond: ((k >= 5643096) AND (k <= 5643196))

table 6 : explain SELECT k, c FROM sbtest6 WHERE k BETWEEN 5643096 AND 5643196
	Bitmap Heap Scan on sbtest6  (cost=5.50..417.25 rows=104 width=125)
	  Recheck Cond: ((k >= 5643096) AND (k <= 5643196))
	  ->  Bitmap Index Scan on k_6  (cost=0.00..5.47 rows=104 width=0)
	        Index Cond: ((k >= 5643096) AND (k <= 5643196))

table 7 : explain SELECT k, c FROM sbtest7 WHERE k BETWEEN 5643096 AND 5643196
	Bitmap Heap Scan on sbtest7  (cost=5.48..409.41 rows=102 width=125)
	  Recheck Cond: ((k >= 5643096) AND (k <= 5643196))
	  ->  Bitmap Index Scan on k_7  (cost=0.00..5.45 rows=102 width=0)
	        Index Cond: ((k >= 5643096) AND (k <= 5643196))

table 8 : explain SELECT k, c FROM sbtest8 WHERE k BETWEEN 5643096 AND 5643196
	Bitmap Heap Scan on sbtest8  (cost=5.46..401.52 rows=100 width=125)
	  Recheck Cond: ((k >= 5643096) AND (k <= 5643196))
	  ->  Bitmap Index Scan on k_8  (cost=0.00..5.43 rows=100 width=0)
	        Index Cond: ((k >= 5643096) AND (k <= 5643196))

explain: for range-notcovered :: explain SELECT k, c FROM sbtest%d WHERE k BETWEEN 5134073 AND 5134173
for range-notcovered
table 1 : explain SELECT k, c FROM sbtest1 WHERE k BETWEEN 5802285 AND 5802385
	Bitmap Heap Scan on sbtest1  (cost=5.53..429.07 rows=107 width=125)
	  Recheck Cond: ((k >= 5802285) AND (k <= 5802385))
	  ->  Bitmap Index Scan on k_1  (cost=0.00..5.50 rows=107 width=0)
	        Index Cond: ((k >= 5802285) AND (k <= 5802385))

table 2 : explain SELECT k, c FROM sbtest2 WHERE k BETWEEN 5802285 AND 5802385
	Bitmap Heap Scan on sbtest2  (cost=5.52..425.12 rows=106 width=125)
	  Recheck Cond: ((k >= 5802285) AND (k <= 5802385))
	  ->  Bitmap Index Scan on k_2  (cost=0.00..5.50 rows=106 width=0)
	        Index Cond: ((k >= 5802285) AND (k <= 5802385))

table 3 : explain SELECT k, c FROM sbtest3 WHERE k BETWEEN 5802285 AND 5802385
	Bitmap Heap Scan on sbtest3  (cost=5.45..397.53 rows=99 width=125)
	  Recheck Cond: ((k >= 5802285) AND (k <= 5802385))
	  ->  Bitmap Index Scan on k_3  (cost=0.00..5.42 rows=99 width=0)
	        Index Cond: ((k >= 5802285) AND (k <= 5802385))

table 4 : explain SELECT k, c FROM sbtest4 WHERE k BETWEEN 5802285 AND 5802385
	Bitmap Heap Scan on sbtest4  (cost=5.54..433.00 rows=108 width=125)
	  Recheck Cond: ((k >= 5802285) AND (k <= 5802385))
	  ->  Bitmap Index Scan on k_4  (cost=0.00..5.51 rows=108 width=0)
	        Index Cond: ((k >= 5802285) AND (k <= 5802385))

table 5 : explain SELECT k, c FROM sbtest5 WHERE k BETWEEN 5802285 AND 5802385
	Bitmap Heap Scan on sbtest5  (cost=5.53..429.11 rows=107 width=125)
	  Recheck Cond: ((k >= 5802285) AND (k <= 5802385))
	  ->  Bitmap Index Scan on k_5  (cost=0.00..5.50 rows=107 width=0)
	        Index Cond: ((k >= 5802285) AND (k <= 5802385))

table 6 : explain SELECT k, c FROM sbtest6 WHERE k BETWEEN 5802285 AND 5802385
	Bitmap Heap Scan on sbtest6  (cost=5.47..405.43 rows=101 width=125)
	  Recheck Cond: ((k >= 5802285) AND (k <= 5802385))
	  ->  Bitmap Index Scan on k_6  (cost=0.00..5.44 rows=101 width=0)
	        Index Cond: ((k >= 5802285) AND (k <= 5802385))

table 7 : explain SELECT k, c FROM sbtest7 WHERE k BETWEEN 5802285 AND 5802385
	Bitmap Heap Scan on sbtest7  (cost=5.57..444.88 rows=111 width=125)
	  Recheck Cond: ((k >= 5802285) AND (k <= 5802385))
	  ->  Bitmap Index Scan on k_7  (cost=0.00..5.54 rows=111 width=0)
	        Index Cond: ((k >= 5802285) AND (k <= 5802385))

table 8 : explain SELECT k, c FROM sbtest8 WHERE k BETWEEN 5802285 AND 5802385
	Bitmap Heap Scan on sbtest8  (cost=5.51..421.23 rows=105 width=125)
	  Recheck Cond: ((k >= 5802285) AND (k <= 5802385))
	  ->  Bitmap Index Scan on k_8  (cost=0.00..5.48 rows=105 width=0)
	        Index Cond: ((k >= 5802285) AND (k <= 5802385))

explain: for range-notcovered :: explain SELECT k, c FROM sbtest%d WHERE k BETWEEN 5643096 AND 5643196
for range-notcovered
table 1 : explain SELECT k, c FROM sbtest1 WHERE k BETWEEN 6055677 AND 6055777
	Bitmap Heap Scan on sbtest1  (cost=5.48..409.36 rows=102 width=125)
	  Recheck Cond: ((k >= 6055677) AND (k <= 6055777))
	  ->  Bitmap Index Scan on k_1  (cost=0.00..5.45 rows=102 width=0)
	        Index Cond: ((k >= 6055677) AND (k <= 6055777))

table 2 : explain SELECT k, c FROM sbtest2 WHERE k BETWEEN 6055677 AND 6055777
	Bitmap Heap Scan on sbtest2  (cost=5.63..468.44 rows=117 width=125)
	  Recheck Cond: ((k >= 6055677) AND (k <= 6055777))
	  ->  Bitmap Index Scan on k_2  (cost=0.00..5.60 rows=117 width=0)
	        Index Cond: ((k >= 6055677) AND (k <= 6055777))

table 3 : explain SELECT k, c FROM sbtest3 WHERE k BETWEEN 6055677 AND 6055777
	Bitmap Heap Scan on sbtest3  (cost=5.60..456.63 rows=114 width=125)
	  Recheck Cond: ((k >= 6055677) AND (k <= 6055777))
	  ->  Bitmap Index Scan on k_3  (cost=0.00..5.58 rows=114 width=0)
	        Index Cond: ((k >= 6055677) AND (k <= 6055777))

table 4 : explain SELECT k, c FROM sbtest4 WHERE k BETWEEN 6055677 AND 6055777
	Bitmap Heap Scan on sbtest4  (cost=5.36..362.02 rows=90 width=125)
	  Recheck Cond: ((k >= 6055677) AND (k <= 6055777))
	  ->  Bitmap Index Scan on k_4  (cost=0.00..5.33 rows=90 width=0)
	        Index Cond: ((k >= 6055677) AND (k <= 6055777))

table 5 : explain SELECT k, c FROM sbtest5 WHERE k BETWEEN 6055677 AND 6055777
	Bitmap Heap Scan on sbtest5  (cost=5.43..389.68 rows=97 width=125)
	  Recheck Cond: ((k >= 6055677) AND (k <= 6055777))
	  ->  Bitmap Index Scan on k_5  (cost=0.00..5.40 rows=97 width=0)
	        Index Cond: ((k >= 6055677) AND (k <= 6055777))

table 6 : explain SELECT k, c FROM sbtest6 WHERE k BETWEEN 6055677 AND 6055777
	Bitmap Heap Scan on sbtest6  (cost=5.51..421.19 rows=105 width=125)
	  Recheck Cond: ((k >= 6055677) AND (k <= 6055777))
	  ->  Bitmap Index Scan on k_6  (cost=0.00..5.48 rows=105 width=0)
	        Index Cond: ((k >= 6055677) AND (k <= 6055777))

table 7 : explain SELECT k, c FROM sbtest7 WHERE k BETWEEN 6055677 AND 6055777
	Bitmap Heap Scan on sbtest7  (cost=5.53..429.12 rows=107 width=125)
	  Recheck Cond: ((k >= 6055677) AND (k <= 6055777))
	  ->  Bitmap Index Scan on k_7  (cost=0.00..5.50 rows=107 width=0)
	        Index Cond: ((k >= 6055677) AND (k <= 6055777))

table 8 : explain SELECT k, c FROM sbtest8 WHERE k BETWEEN 6055677 AND 6055777
	Bitmap Heap Scan on sbtest8  (cost=5.44..393.63 rows=98 width=125)
	  Recheck Cond: ((k >= 6055677) AND (k <= 6055777))
	  ->  Bitmap Index Scan on k_8  (cost=0.00..5.42 rows=98 width=0)
	        Index Cond: ((k >= 6055677) AND (k <= 6055777))

for range-notcovered
table 1 : explain SELECT k, c FROM sbtest1 WHERE k BETWEEN 3520505 AND 3520605
	Bitmap Heap Scan on sbtest1  (cost=5.47..405.42 rows=101 width=125)
	  Recheck Cond: ((k >= 3520505) AND (k <= 3520605))
	  ->  Bitmap Index Scan on k_1  (cost=0.00..5.44 rows=101 width=0)
	        Index Cond: ((k >= 3520505) AND (k <= 3520605))

table 2 : explain SELECT k, c FROM sbtest2 WHERE k BETWEEN 3520505 AND 3520605
	Bitmap Heap Scan on sbtest2  (cost=5.45..397.53 rows=99 width=125)
	  Recheck Cond: ((k >= 3520505) AND (k <= 3520605))
	  ->  Bitmap Index Scan on k_2  (cost=0.00..5.42 rows=99 width=0)
	        Index Cond: ((k >= 3520505) AND (k <= 3520605))

table 3 : explain SELECT k, c FROM sbtest3 WHERE k BETWEEN 3520505 AND 3520605
	Bitmap Heap Scan on sbtest3  (cost=5.48..409.36 rows=102 width=125)
	  Recheck Cond: ((k >= 3520505) AND (k <= 3520605))
	  ->  Bitmap Index Scan on k_3  (cost=0.00..5.45 rows=102 width=0)
	        Index Cond: ((k >= 3520505) AND (k <= 3520605))

table 4 : explain SELECT k, c FROM sbtest4 WHERE k BETWEEN 3520505 AND 3520605
	Bitmap Heap Scan on sbtest4  (cost=5.44..393.58 rows=98 width=125)
	  Recheck Cond: ((k >= 3520505) AND (k <= 3520605))
	  ->  Bitmap Index Scan on k_4  (cost=0.00..5.42 rows=98 width=0)
	        Index Cond: ((k >= 3520505) AND (k <= 3520605))

table 5 : explain SELECT k, c FROM sbtest5 WHERE k BETWEEN 3520505 AND 3520605
	Bitmap Heap Scan on sbtest5  (cost=5.58..448.81 rows=112 width=125)
	  Recheck Cond: ((k >= 3520505) AND (k <= 3520605))
	  ->  Bitmap Index Scan on k_5  (cost=0.00..5.55 rows=112 width=0)
	        Index Cond: ((k >= 3520505) AND (k <= 3520605))

table 6 : explain SELECT k, c FROM sbtest6 WHERE k BETWEEN 3520505 AND 3520605
	Bitmap Heap Scan on sbtest6  (cost=5.42..385.71 rows=96 width=125)
	  Recheck Cond: ((k >= 3520505) AND (k <= 3520605))
	  ->  Bitmap Index Scan on k_6  (cost=0.00..5.39 rows=96 width=0)
	        Index Cond: ((k >= 3520505) AND (k <= 3520605))

table 7 : explain SELECT k, c FROM sbtest7 WHERE k BETWEEN 3520505 AND 3520605
	Bitmap Heap Scan on sbtest7  (cost=5.50..417.29 rows=104 width=125)
	  Recheck Cond: ((k >= 3520505) AND (k <= 3520605))
	  ->  Bitmap Index Scan on k_7  (cost=0.00..5.47 rows=104 width=0)
	        Index Cond: ((k >= 3520505) AND (k <= 3520605))

table 8 : explain SELECT k, c FROM sbtest8 WHERE k BETWEEN 3520505 AND 3520605
	Bitmap Heap Scan on sbtest8  (cost=5.37..366.01 rows=91 width=125)
	  Recheck Cond: ((k >= 3520505) AND (k <= 3520605))
	  ->  Bitmap Index Scan on k_8  (cost=0.00..5.34 rows=91 width=0)
	        Index Cond: ((k >= 3520505) AND (k <= 3520605))

explain: for range-notcovered :: explain SELECT k, c FROM sbtest%d WHERE k BETWEEN 5802285 AND 5802385
for range-notcovered
table 1 : explain SELECT k, c FROM sbtest1 WHERE k BETWEEN 2951443 AND 2951543
	Bitmap Heap Scan on sbtest1  (cost=5.48..409.36 rows=102 width=125)
	  Recheck Cond: ((k >= 2951443) AND (k <= 2951543))
	  ->  Bitmap Index Scan on k_1  (cost=0.00..5.45 rows=102 width=0)
	        Index Cond: ((k >= 2951443) AND (k <= 2951543))

table 2 : explain SELECT k, c FROM sbtest2 WHERE k BETWEEN 2951443 AND 2951543
	Bitmap Heap Scan on sbtest2  (cost=5.47..405.41 rows=101 width=125)
	  Recheck Cond: ((k >= 2951443) AND (k <= 2951543))
	  ->  Bitmap Index Scan on k_2  (cost=0.00..5.44 rows=101 width=0)
	        Index Cond: ((k >= 2951443) AND (k <= 2951543))

table 3 : explain SELECT k, c FROM sbtest3 WHERE k BETWEEN 2951443 AND 2951543
	Bitmap Heap Scan on sbtest3  (cost=5.46..401.47 rows=100 width=125)
	  Recheck Cond: ((k >= 2951443) AND (k <= 2951543))
	  ->  Bitmap Index Scan on k_3  (cost=0.00..5.43 rows=100 width=0)
	        Index Cond: ((k >= 2951443) AND (k <= 2951543))

table 4 : explain SELECT k, c FROM sbtest4 WHERE k BETWEEN 2951443 AND 2951543
	Bitmap Heap Scan on sbtest4  (cost=5.54..433.00 rows=108 width=125)
	  Recheck Cond: ((k >= 2951443) AND (k <= 2951543))
	  ->  Bitmap Index Scan on k_4  (cost=0.00..5.51 rows=108 width=0)
	        Index Cond: ((k >= 2951443) AND (k <= 2951543))

table 5 : explain SELECT k, c FROM sbtest5 WHERE k BETWEEN 2951443 AND 2951543
	Bitmap Heap Scan on sbtest5  (cost=5.50..417.28 rows=104 width=125)
	  Recheck Cond: ((k >= 2951443) AND (k <= 2951543))
	  ->  Bitmap Index Scan on k_5  (cost=0.00..5.47 rows=104 width=0)
	        Index Cond: ((k >= 2951443) AND (k <= 2951543))

table 6 : explain SELECT k, c FROM sbtest6 WHERE k BETWEEN 2951443 AND 2951543
	Bitmap Heap Scan on sbtest6  (cost=5.49..413.31 rows=103 width=125)
	  Recheck Cond: ((k >= 2951443) AND (k <= 2951543))
	  ->  Bitmap Index Scan on k_6  (cost=0.00..5.46 rows=103 width=0)
	        Index Cond: ((k >= 2951443) AND (k <= 2951543))

table 7 : explain SELECT k, c FROM sbtest7 WHERE k BETWEEN 2951443 AND 2951543
	Bitmap Heap Scan on sbtest7  (cost=5.46..401.52 rows=100 width=125)
	  Recheck Cond: ((k >= 2951443) AND (k <= 2951543))
	  ->  Bitmap Index Scan on k_7  (cost=0.00..5.43 rows=100 width=0)
	        Index Cond: ((k >= 2951443) AND (k <= 2951543))

table 8 : explain SELECT k, c FROM sbtest8 WHERE k BETWEEN 2951443 AND 2951543
	Bitmap Heap Scan on sbtest8  (cost=5.39..373.90 rows=93 width=125)
	  Recheck Cond: ((k >= 2951443) AND (k <= 2951543))
	  ->  Bitmap Index Scan on k_8  (cost=0.00..5.36 rows=93 width=0)
	        Index Cond: ((k >= 2951443) AND (k <= 2951543))

explain: for range-notcovered :: explain SELECT k, c FROM sbtest%d WHERE k BETWEEN 3520505 AND 3520605
explain: for range-notcovered :: explain SELECT k, c FROM sbtest%d WHERE k BETWEEN 6055677 AND 6055777for range-notcovered
table 1 : explain SELECT k, c FROM sbtest1 WHERE k BETWEEN 5231136 AND 5231236
	Bitmap Heap Scan on sbtest1  (cost=5.46..401.48 rows=100 width=125)
	  Recheck Cond: ((k >= 5231136) AND (k <= 5231236))
	  ->  Bitmap Index Scan on k_1  (cost=0.00..5.43 rows=100 width=0)
	        Index Cond: ((k >= 5231136) AND (k <= 5231236))

table 2 : explain SELECT k, c FROM sbtest2 WHERE k BETWEEN 5231136 AND 5231236
	Bitmap Heap Scan on sbtest2  (cost=5.58..448.75 rows=112 width=125)
	  Recheck Cond: ((k >= 5231136) AND (k <= 5231236))
	  ->  Bitmap Index Scan on k_2  (cost=0.00..5.55 rows=112 width=0)
	        Index Cond: ((k >= 5231136) AND (k <= 5231236))

table 3 : explain SELECT k, c FROM sbtest3 WHERE k BETWEEN 5231136 AND 5231236
	Bitmap Heap Scan on sbtest3  (cost=5.49..413.30 rows=103 width=125)
	  Recheck Cond: ((k >= 5231136) AND (k <= 5231236))
	  ->  Bitmap Index Scan on k_3  (cost=0.00..5.46 rows=103 width=0)
	        Index Cond: ((k >= 5231136) AND (k <= 5231236))

table 4 : explain SELECT k, c FROM sbtest4 WHERE k BETWEEN 5231136 AND 5231236
	Bitmap Heap Scan on sbtest4  (cost=5.45..397.53 rows=99 width=125)
	  Recheck Cond: ((k >= 5231136) AND (k <= 5231236))
	  ->  Bitmap Index Scan on k_4  (cost=0.00..5.42 rows=99 width=0)
	        Index Cond: ((k >= 5231136) AND (k <= 5231236))

table 5 : explain SELECT k, c FROM sbtest5 WHERE k BETWEEN 5231136 AND 5231236
	Bitmap Heap Scan on sbtest5  (cost=5.45..397.57 rows=99 width=125)
	  Recheck Cond: ((k >= 5231136) AND (k <= 5231236))
	  ->  Bitmap Index Scan on k_5  (cost=0.00..5.42 rows=99 width=0)
	        Index Cond: ((k >= 5231136) AND (k <= 5231236))

table 6 : explain SELECT k, c FROM sbtest6 WHERE k BETWEEN 5231136 AND 5231236
	Bitmap Heap Scan on sbtest6  (cost=5.51..421.19 rows=105 width=125)
	  Recheck Cond: ((k >= 5231136) AND (k <= 5231236))
	  ->  Bitmap Index Scan on k_6  (cost=0.00..5.48 rows=105 width=0)
	        Index Cond: ((k >= 5231136) AND (k <= 5231236))

table 7 : explain SELECT k, c FROM sbtest7 WHERE k BETWEEN 5231136 AND 5231236
	Bitmap Heap Scan on sbtest7  (cost=5.36..362.06 rows=90 width=125)
	  Recheck Cond: ((k >= 5231136) AND (k <= 5231236))
	  ->  Bitmap Index Scan on k_7  (cost=0.00..5.33 rows=90 width=0)
	        Index Cond: ((k >= 5231136) AND (k <= 5231236))

table 8 : explain SELECT k, c FROM sbtest8 WHERE k BETWEEN 5231136 AND 5231236
	Bitmap Heap Scan on sbtest8  (cost=5.50..417.29 rows=104 width=125)
	  Recheck Cond: ((k >= 5231136) AND (k <= 5231236))
	  ->  Bitmap Index Scan on k_8  (cost=0.00..5.47 rows=104 width=0)
	        Index Cond: ((k >= 5231136) AND (k <= 5231236))

for range-notcovered
table 1 : explain SELECT k, c FROM sbtest1 WHERE k BETWEEN 4721381 AND 4721481
	Bitmap Heap Scan on sbtest1  (cost=5.49..413.30 rows=103 width=125)
	  Recheck Cond: ((k >= 4721381) AND (k <= 4721481))
	  ->  Bitmap Index Scan on k_1  (cost=0.00..5.46 rows=103 width=0)
	        Index Cond: ((k >= 4721381) AND (k <= 4721481))

table 2 : explain SELECT k, c FROM sbtest2 WHERE k BETWEEN 4721381 AND 4721481
	Bitmap Heap Scan on sbtest2  (cost=5.61..460.57 rows=115 width=125)
	  Recheck Cond: ((k >= 4721381) AND (k <= 4721481))
	  ->  Bitmap Index Scan on k_2  (cost=0.00..5.58 rows=115 width=0)
	        Index Cond: ((k >= 4721381) AND (k <= 4721481))

table 3 : explain SELECT k, c FROM sbtest3 WHERE k BETWEEN 4721381 AND 4721481
	Bitmap Heap Scan on sbtest3  (cost=5.49..413.30 rows=103 width=125)
	  Recheck Cond: ((k >= 4721381) AND (k <= 4721481))
	  ->  Bitmap Index Scan on k_3  (cost=0.00..5.46 rows=103 width=0)
	        Index Cond: ((k >= 4721381) AND (k <= 4721481))

table 4 : explain SELECT k, c FROM sbtest4 WHERE k BETWEEN 4721381 AND 4721481
	Bitmap Heap Scan on sbtest4  (cost=5.49..413.30 rows=103 width=125)
	  Recheck Cond: ((k >= 4721381) AND (k <= 4721481))
	  ->  Bitmap Index Scan on k_4  (cost=0.00..5.46 rows=103 width=0)
	        Index Cond: ((k >= 4721381) AND (k <= 4721481))

table 5 : explain SELECT k, c FROM sbtest5 WHERE k BETWEEN 4721381 AND 4721481
	Bitmap Heap Scan on sbtest5  (cost=5.40..377.84 rows=94 width=125)
	  Recheck Cond: ((k >= 4721381) AND (k <= 4721481))
	  ->  Bitmap Index Scan on k_5  (cost=0.00..5.38 rows=94 width=0)
	        Index Cond: ((k >= 4721381) AND (k <= 4721481))

table 6 : explain SELECT k, c FROM sbtest6 WHERE k BETWEEN 4721381 AND 4721481
	Bitmap Heap Scan on sbtest6  (cost=5.57..444.83 rows=111 width=125)
	  Recheck Cond: ((k >= 4721381) AND (k <= 4721481))
	  ->  Bitmap Index Scan on k_6  (cost=0.00..5.54 rows=111 width=0)
	        Index Cond: ((k >= 4721381) AND (k <= 4721481))

table 7 : explain SELECT k, c FROM sbtest7 WHERE k BETWEEN 4721381 AND 4721481
	Bitmap Heap Scan on sbtest7  (cost=5.53..429.12 rows=107 width=125)
	  Recheck Cond: ((k >= 4721381) AND (k <= 4721481))
	  ->  Bitmap Index Scan on k_7  (cost=0.00..5.50 rows=107 width=0)
	        Index Cond: ((k >= 4721381) AND (k <= 4721481))

table 8 : explain SELECT k, c FROM sbtest8 WHERE k BETWEEN 4721381 AND 4721481
	Bitmap Heap Scan on sbtest8  (cost=5.53..429.11 rows=107 width=125)
	  Recheck Cond: ((k >= 4721381) AND (k <= 4721481))
	  ->  Bitmap Index Scan on k_8  (cost=0.00..5.50 rows=107 width=0)
	        Index Cond: ((k >= 4721381) AND (k <= 4721481))

for range-notcovered
table 1 : explain SELECT k, c FROM sbtest1 WHERE k BETWEEN 3896990 AND 3897090
	Bitmap Heap Scan on sbtest1  (cost=5.54..433.01 rows=108 width=125)
	  Recheck Cond: ((k >= 3896990) AND (k <= 3897090))
	  ->  Bitmap Index Scan on k_1  (cost=0.00..5.51 rows=108 width=0)
	        Index Cond: ((k >= 3896990) AND (k <= 3897090))

table 2 : explain SELECT k, c FROM sbtest2 WHERE k BETWEEN 3896990 AND 3897090
	Bitmap Heap Scan on sbtest2  (cost=5.44..393.58 rows=98 width=125)
	  Recheck Cond: ((k >= 3896990) AND (k <= 3897090))
	  ->  Bitmap Index Scan on k_2  (cost=0.00..5.42 rows=98 width=0)
	        Index Cond: ((k >= 3896990) AND (k <= 3897090))

table 3 : explain SELECT k, c FROM sbtest3 WHERE k BETWEEN 3896990 AND 3897090
	Bitmap Heap Scan on sbtest3  (cost=5.53..429.06 rows=107 width=125)
	  Recheck Cond: ((k >= 3896990) AND (k <= 3897090))
	  ->  Bitmap Index Scan on k_3  (cost=0.00..5.50 rows=107 width=0)
	        Index Cond: ((k >= 3896990) AND (k <= 3897090))

table 4 : explain SELECT k, c FROM sbtest4 WHERE k BETWEEN 3896990 AND 3897090
	Bitmap Heap Scan on sbtest4  (cost=5.42..385.69 rows=96 width=125)
	  Recheck Cond: ((k >= 3896990) AND (k <= 3897090))
	  ->  Bitmap Index Scan on k_4  (cost=0.00..5.39 rows=96 width=0)
	        Index Cond: ((k >= 3896990) AND (k <= 3897090))

table 5 : explain SELECT k, c FROM sbtest5 WHERE k BETWEEN 3896990 AND 3897090
	Bitmap Heap Scan on sbtest5  (cost=5.45..397.57 rows=99 width=125)
	  Recheck Cond: ((k >= 3896990) AND (k <= 3897090))
	  ->  Bitmap Index Scan on k_5  (cost=0.00..5.42 rows=99 width=0)
	        Index Cond: ((k >= 3896990) AND (k <= 3897090))

table 6 : explain SELECT k, c FROM sbtest6 WHERE k BETWEEN 3896990 AND 3897090
	Bitmap Heap Scan on sbtest6  (cost=5.54..433.02 rows=108 width=125)
	  Recheck Cond: ((k >= 3896990) AND (k <= 3897090))
	  ->  Bitmap Index Scan on k_6  (cost=0.00..5.51 rows=108 width=0)
	        Index Cond: ((k >= 3896990) AND (k <= 3897090))

table 7 : explain SELECT k, c FROM sbtest7 WHERE k BETWEEN 3896990 AND 3897090
	Bitmap Heap Scan on sbtest7  (cost=5.38..369.96 rows=92 width=125)
	  Recheck Cond: ((k >= 3896990) AND (k <= 3897090))
	  ->  Bitmap Index Scan on k_7  (cost=0.00..5.35 rows=92 width=0)
	        Index Cond: ((k >= 3896990) AND (k <= 3897090))

table 8 : explain SELECT k, c FROM sbtest8 WHERE k BETWEEN 3896990 AND 3897090
	Bitmap Heap Scan on sbtest8  (cost=5.49..413.34 rows=103 width=125)
	  Recheck Cond: ((k >= 3896990) AND (k <= 3897090))
	  ->  Bitmap Index Scan on k_8  (cost=0.00..5.46 rows=103 width=0)
	        Index Cond: ((k >= 3896990) AND (k <= 3897090))


for range-notcovered
table 1 : explain SELECT k, c FROM sbtest1 WHERE k BETWEEN 843739 AND 843839
	Bitmap Heap Scan on sbtest1  (cost=5.52..425.13 rows=106 width=125)
	  Recheck Cond: ((k >= 843739) AND (k <= 843839))
	  ->  Bitmap Index Scan on k_1  (cost=0.00..5.50 rows=106 width=0)
	        Index Cond: ((k >= 843739) AND (k <= 843839))

table 2 : explain SELECT k, c FROM sbtest2 WHERE k BETWEEN 843739 AND 843839
	Bitmap Heap Scan on sbtest2  (cost=5.51..421.18 rows=105 width=125)
	  Recheck Cond: ((k >= 843739) AND (k <= 843839))
	  ->  Bitmap Index Scan on k_2  (cost=0.00..5.48 rows=105 width=0)
	        Index Cond: ((k >= 843739) AND (k <= 843839))

table 3 : explain SELECT k, c FROM sbtest3 WHERE k BETWEEN 843739 AND 843839
	Bitmap Heap Scan on sbtest3  (cost=5.47..405.41 rows=101 width=125)
	  Recheck Cond: ((k >= 843739) AND (k <= 843839))
	  ->  Bitmap Index Scan on k_3  (cost=0.00..5.44 rows=101 width=0)
	        Index Cond: ((k >= 843739) AND (k <= 843839))

table 4 : explain SELECT k, c FROM sbtest4 WHERE k BETWEEN 843739 AND 843839
	Bitmap Heap Scan on sbtest4  (cost=5.54..433.00 rows=108 width=125)
	  Recheck Cond: ((k >= 843739) AND (k <= 843839))
	  ->  Bitmap Index Scan on k_4  (cost=0.00..5.51 rows=108 width=0)
	        Index Cond: ((k >= 843739) AND (k <= 843839))

table 5 : explain SELECT k, c FROM sbtest5 WHERE k BETWEEN 843739 AND 843839
	Bitmap Heap Scan on sbtest5  (cost=5.44..393.62 rows=98 width=125)
	  Recheck Cond: ((k >= 843739) AND (k <= 843839))
	  ->  Bitmap Index Scan on k_5  (cost=0.00..5.42 rows=98 width=0)
	        Index Cond: ((k >= 843739) AND (k <= 843839))

table 6 : explain SELECT k, c FROM sbtest6 WHERE k BETWEEN 843739 AND 843839
	Bitmap Heap Scan on sbtest6  (cost=5.52..425.14 rows=106 width=125)
	  Recheck Cond: ((k >= 843739) AND (k <= 843839))
	  ->  Bitmap Index Scan on k_6  (cost=0.00..5.50 rows=106 width=0)
	        Index Cond: ((k >= 843739) AND (k <= 843839))

table 7 : explain SELECT k, c FROM sbtest7 WHERE k BETWEEN 843739 AND 843839
	Bitmap Heap Scan on sbtest7  (cost=5.53..429.12 rows=107 width=125)
	  Recheck Cond: ((k >= 843739) AND (k <= 843839))
	  ->  Bitmap Index Scan on k_7  (cost=0.00..5.50 rows=107 width=0)
	        Index Cond: ((k >= 843739) AND (k <= 843839))

table 8 : explain SELECT k, c FROM sbtest8 WHERE k BETWEEN 843739 AND 843839
	Bitmap Heap Scan on sbtest8  (cost=5.49..413.34 rows=103 width=125)
	  Recheck Cond: ((k >= 843739) AND (k <= 843839))
	  ->  Bitmap Index Scan on k_8  (cost=0.00..5.46 rows=103 width=0)
	        Index Cond: ((k >= 843739) AND (k <= 843839))

for range-notcovered
table 1 : explain SELECT k, c FROM sbtest1 WHERE k BETWEEN 2369435 AND 2369535
	Bitmap Heap Scan on sbtest1  (cost=5.50..417.24 rows=104 width=125)
	  Recheck Cond: ((k >= 2369435) AND (k <= 2369535))
	  ->  Bitmap Index Scan on k_1  (cost=0.00..5.47 rows=104 width=0)
	        Index Cond: ((k >= 2369435) AND (k <= 2369535))

table 2 : explain SELECT k, c FROM sbtest2 WHERE k BETWEEN 2369435 AND 2369535
	Bitmap Heap Scan on sbtest2  (cost=5.41..381.75 rows=95 width=125)
	  Recheck Cond: ((k >= 2369435) AND (k <= 2369535))
	  ->  Bitmap Index Scan on k_2  (cost=0.00..5.38 rows=95 width=0)
	        Index Cond: ((k >= 2369435) AND (k <= 2369535))

table 3 : explain SELECT k, c FROM sbtest3 WHERE k BETWEEN 2369435 AND 2369535
	Bitmap Heap Scan on sbtest3  (cost=5.57..444.82 rows=111 width=125)
	  Recheck Cond: ((k >= 2369435) AND (k <= 2369535))
	  ->  Bitmap Index Scan on k_3  (cost=0.00..5.54 rows=111 width=0)
	        Index Cond: ((k >= 2369435) AND (k <= 2369535))

table 4 : explain SELECT k, c FROM sbtest4 WHERE k BETWEEN 2369435 AND 2369535
	Bitmap Heap Scan on sbtest4  (cost=5.55..436.94 rows=109 width=125)
	  Recheck Cond: ((k >= 2369435) AND (k <= 2369535))
	  ->  Bitmap Index Scan on k_4  (cost=0.00..5.52 rows=109 width=0)
	        Index Cond: ((k >= 2369435) AND (k <= 2369535))

table 5 : explain SELECT k, c FROM sbtest5 WHERE k BETWEEN 2369435 AND 2369535
	Bitmap Heap Scan on sbtest5  (cost=5.42..385.74 rows=96 width=125)
	  Recheck Cond: ((k >= 2369435) AND (k <= 2369535))
	  ->  Bitmap Index Scan on k_5  (cost=0.00..5.39 rows=96 width=0)
	        Index Cond: ((k >= 2369435) AND (k <= 2369535))

table 6 : explain SELECT k, c FROM sbtest6 WHERE k BETWEEN 2369435 AND 2369535
	Bitmap Heap Scan on sbtest6  (cost=5.45..397.54 rows=99 width=125)
	  Recheck Cond: ((k >= 2369435) AND (k <= 2369535))
	  ->  Bitmap Index Scan on k_6  (cost=0.00..5.42 rows=99 width=0)
	        Index Cond: ((k >= 2369435) AND (k <= 2369535))

table 7 : explain SELECT k, c FROM sbtest7 WHERE k BETWEEN 2369435 AND 2369535
	Bitmap Heap Scan on sbtest7  (cost=5.56..440.94 rows=110 width=125)
	  Recheck Cond: ((k >= 2369435) AND (k <= 2369535))
	  ->  Bitmap Index Scan on k_7  (cost=0.00..5.53 rows=110 width=0)
	        Index Cond: ((k >= 2369435) AND (k <= 2369535))

table 8 : explain SELECT k, c FROM sbtest8 WHERE k BETWEEN 2369435 AND 2369535
	Bitmap Heap Scan on sbtest8  (cost=5.49..413.34 rows=103 width=125)
	  Recheck Cond: ((k >= 2369435) AND (k <= 2369535))
	  ->  Bitmap Index Scan on k_8  (cost=0.00..5.46 rows=103 width=0)
	        Index Cond: ((k >= 2369435) AND (k <= 2369535))

explain: for range-notcovered :: explain SELECT k, c FROM sbtest%d WHERE k BETWEEN 5231136 AND 5231236
explain: for range-notcovered :: explain SELECT k, c FROM sbtest%d WHERE k BETWEEN 3896990 AND 3897090
for range-notcovered
table 1 : explain SELECT k, c FROM sbtest1 WHERE k BETWEEN 5263201 AND 5263301
	Bitmap Heap Scan on sbtest1  (cost=5.46..401.48 rows=100 width=125)
	  Recheck Cond: ((k >= 5263201) AND (k <= 5263301))
	  ->  Bitmap Index Scan on k_1  (cost=0.00..5.43 rows=100 width=0)
	        Index Cond: ((k >= 5263201) AND (k <= 5263301))

table 2 : explain SELECT k, c FROM sbtest2 WHERE k BETWEEN 5263201 AND 5263301
	Bitmap Heap Scan on sbtest2  (cost=5.58..448.75 rows=112 width=125)
	  Recheck Cond: ((k >= 5263201) AND (k <= 5263301))
	  ->  Bitmap Index Scan on k_2  (cost=0.00..5.55 rows=112 width=0)
	        Index Cond: ((k >= 5263201) AND (k <= 5263301))

table 3 : explain SELECT k, c FROM sbtest3 WHERE k BETWEEN 5263201 AND 5263301
	Bitmap Heap Scan on sbtest3  (cost=5.49..413.30 rows=103 width=125)
	  Recheck Cond: ((k >= 5263201) AND (k <= 5263301))
	  ->  Bitmap Index Scan on k_3  (cost=0.00..5.46 rows=103 width=0)
	        Index Cond: ((k >= 5263201) AND (k <= 5263301))

table 4 : explain SELECT k, c FROM sbtest4 WHERE k BETWEEN 5263201 AND 5263301
	Bitmap Heap Scan on sbtest4  (cost=5.41..381.75 rows=95 width=125)
	  Recheck Cond: ((k >= 5263201) AND (k <= 5263301))
	  ->  Bitmap Index Scan on k_4  (cost=0.00..5.38 rows=95 width=0)
	        Index Cond: ((k >= 5263201) AND (k <= 5263301))

table 5 : explain SELECT k, c FROM sbtest5 WHERE k BETWEEN 5263201 AND 5263301
	Bitmap Heap Scan on sbtest5  (cost=5.55..436.99 rows=109 width=125)
	  Recheck Cond: ((k >= 5263201) AND (k <= 5263301))
	  ->  Bitmap Index Scan on k_5  (cost=0.00..5.52 rows=109 width=0)
	        Index Cond: ((k >= 5263201) AND (k <= 5263301))

table 6 : explain SELECT k, c FROM sbtest6 WHERE k BETWEEN 5263201 AND 5263301
	Bitmap Heap Scan on sbtest6  (cost=5.51..421.19 rows=105 width=125)
	  Recheck Cond: ((k >= 5263201) AND (k <= 5263301))
	  ->  Bitmap Index Scan on k_6  (cost=0.00..5.48 rows=105 width=0)
	        Index Cond: ((k >= 5263201) AND (k <= 5263301))

table 7 : explain SELECT k, c FROM sbtest7 WHERE k BETWEEN 5263201 AND 5263301
	Bitmap Heap Scan on sbtest7  (cost=5.36..362.06 rows=90 width=125)
	  Recheck Cond: ((k >= 5263201) AND (k <= 5263301))
	  ->  Bitmap Index Scan on k_7  (cost=0.00..5.33 rows=90 width=0)
	        Index Cond: ((k >= 5263201) AND (k <= 5263301))

table 8 : explain SELECT k, c FROM sbtest8 WHERE k BETWEEN 5263201 AND 5263301
	Bitmap Heap Scan on sbtest8  (cost=5.52..425.17 rows=106 width=125)
	  Recheck Cond: ((k >= 5263201) AND (k <= 5263301))
	  ->  Bitmap Index Scan on k_8  (cost=0.00..5.50 rows=106 width=0)
	        Index Cond: ((k >= 5263201) AND (k <= 5263301))

explain: for range-notcovered :: explain SELECT k, c FROM sbtest%d WHERE k BETWEEN 843739 AND 843839
explain: for range-notcovered :: explain SELECT k, c FROM sbtest%d WHERE k BETWEEN 2369435 AND 2369535
explain: for range-notcovered :: explain SELECT k, c FROM sbtest%d WHERE k BETWEEN 5263201 AND 5263301
for range-notcovered
table 1 : explain SELECT k, c FROM sbtest1 WHERE k BETWEEN 5254425 AND 5254525
	Bitmap Heap Scan on sbtest1  (cost=5.46..401.48 rows=100 width=125)
	  Recheck Cond: ((k >= 5254425) AND (k <= 5254525))
	  ->  Bitmap Index Scan on k_1  (cost=0.00..5.43 rows=100 width=0)
	        Index Cond: ((k >= 5254425) AND (k <= 5254525))

table 2 : explain SELECT k, c FROM sbtest2 WHERE k BETWEEN 5254425 AND 5254525
	Bitmap Heap Scan on sbtest2  (cost=5.58..448.75 rows=112 width=125)
	  Recheck Cond: ((k >= 5254425) AND (k <= 5254525))
	  ->  Bitmap Index Scan on k_2  (cost=0.00..5.55 rows=112 width=0)
	        Index Cond: ((k >= 5254425) AND (k <= 5254525))

table 3 : explain SELECT k, c FROM sbtest3 WHERE k BETWEEN 5254425 AND 5254525
	Bitmap Heap Scan on sbtest3  (cost=5.49..413.30 rows=103 width=125)
	  Recheck Cond: ((k >= 5254425) AND (k <= 5254525))
	  ->  Bitmap Index Scan on k_3  (cost=0.00..5.46 rows=103 width=0)
	        Index Cond: ((k >= 5254425) AND (k <= 5254525))

table 4 : explain SELECT k, c FROM sbtest4 WHERE k BETWEEN 5254425 AND 5254525
	Bitmap Heap Scan on sbtest4  (cost=5.41..381.75 rows=95 width=125)
	  Recheck Cond: ((k >= 5254425) AND (k <= 5254525))
	  ->  Bitmap Index Scan on k_4  (cost=0.00..5.38 rows=95 width=0)
	        Index Cond: ((k >= 5254425) AND (k <= 5254525))

table 5 : explain SELECT k, c FROM sbtest5 WHERE k BETWEEN 5254425 AND 5254525
	Bitmap Heap Scan on sbtest5  (cost=5.55..436.99 rows=109 width=125)
	  Recheck Cond: ((k >= 5254425) AND (k <= 5254525))
	  ->  Bitmap Index Scan on k_5  (cost=0.00..5.52 rows=109 width=0)
	        Index Cond: ((k >= 5254425) AND (k <= 5254525))

table 6 : explain SELECT k, c FROM sbtest6 WHERE k BETWEEN 5254425 AND 5254525
	Bitmap Heap Scan on sbtest6  (cost=5.51..421.19 rows=105 width=125)
	  Recheck Cond: ((k >= 5254425) AND (k <= 5254525))
	  ->  Bitmap Index Scan on k_6  (cost=0.00..5.48 rows=105 width=0)
	        Index Cond: ((k >= 5254425) AND (k <= 5254525))

table 7 : explain SELECT k, c FROM sbtest7 WHERE k BETWEEN 5254425 AND 5254525
	Bitmap Heap Scan on sbtest7  (cost=5.36..362.06 rows=90 width=125)
	  Recheck Cond: ((k >= 5254425) AND (k <= 5254525))
	  ->  Bitmap Index Scan on k_7  (cost=0.00..5.33 rows=90 width=0)
	        Index Cond: ((k >= 5254425) AND (k <= 5254525))

table 8 : explain SELECT k, c FROM sbtest8 WHERE k BETWEEN 5254425 AND 5254525
	Bitmap Heap Scan on sbtest8  (cost=5.52..425.17 rows=106 width=125)
	  Recheck Cond: ((k >= 5254425) AND (k <= 5254525))
	  ->  Bitmap Index Scan on k_8  (cost=0.00..5.50 rows=106 width=0)
	        Index Cond: ((k >= 5254425) AND (k <= 5254525))

for range-notcovered
table 1 : explain SELECT k, c FROM sbtest1 WHERE k BETWEEN 2885741 AND 2885841
	Bitmap Heap Scan on sbtest1  (cost=5.48..409.36 rows=102 width=125)
	  Recheck Cond: ((k >= 2885741) AND (k <= 2885841))
	  ->  Bitmap Index Scan on k_1  (cost=0.00..5.45 rows=102 width=0)
	        Index Cond: ((k >= 2885741) AND (k <= 2885841))

table 2 : explain SELECT k, c FROM sbtest2 WHERE k BETWEEN 2885741 AND 2885841
	Bitmap Heap Scan on sbtest2  (cost=5.50..417.24 rows=104 width=125)
	  Recheck Cond: ((k >= 2885741) AND (k <= 2885841))
	  ->  Bitmap Index Scan on k_2  (cost=0.00..5.47 rows=104 width=0)
	        Index Cond: ((k >= 2885741) AND (k <= 2885841))

table 3 : explain SELECT k, c FROM sbtest3 WHERE k BETWEEN 2885741 AND 2885841
	Bitmap Heap Scan on sbtest3  (cost=5.47..405.41 rows=101 width=125)
	  Recheck Cond: ((k >= 2885741) AND (k <= 2885841))
	  ->  Bitmap Index Scan on k_3  (cost=0.00..5.44 rows=101 width=0)
	        Index Cond: ((k >= 2885741) AND (k <= 2885841))

table 4 : explain SELECT k, c FROM sbtest4 WHERE k BETWEEN 2885741 AND 2885841
	Bitmap Heap Scan on sbtest4  (cost=5.50..417.24 rows=104 width=125)
	  Recheck Cond: ((k >= 2885741) AND (k <= 2885841))
	  ->  Bitmap Index Scan on k_4  (cost=0.00..5.47 rows=104 width=0)
	        Index Cond: ((k >= 2885741) AND (k <= 2885841))

table 5 : explain SELECT k, c FROM sbtest5 WHERE k BETWEEN 2885741 AND 2885841
	Bitmap Heap Scan on sbtest5  (cost=5.51..421.23 rows=105 width=125)
	  Recheck Cond: ((k >= 2885741) AND (k <= 2885841))
	  ->  Bitmap Index Scan on k_5  (cost=0.00..5.48 rows=105 width=0)
	        Index Cond: ((k >= 2885741) AND (k <= 2885841))

table 6 : explain SELECT k, c FROM sbtest6 WHERE k BETWEEN 2885741 AND 2885841
	Bitmap Heap Scan on sbtest6  (cost=5.53..429.08 rows=107 width=125)
	  Recheck Cond: ((k >= 2885741) AND (k <= 2885841))
	  ->  Bitmap Index Scan on k_6  (cost=0.00..5.50 rows=107 width=0)
	        Index Cond: ((k >= 2885741) AND (k <= 2885841))

table 7 : explain SELECT k, c FROM sbtest7 WHERE k BETWEEN 2885741 AND 2885841
	Bitmap Heap Scan on sbtest7  (cost=5.51..421.23 rows=105 width=125)
	  Recheck Cond: ((k >= 2885741) AND (k <= 2885841))
	  ->  Bitmap Index Scan on k_7  (cost=0.00..5.48 rows=105 width=0)
	        Index Cond: ((k >= 2885741) AND (k <= 2885841))

table 8 : explain SELECT k, c FROM sbtest8 WHERE k BETWEEN 2885741 AND 2885841
	Bitmap Heap Scan on sbtest8  (cost=5.52..425.17 rows=106 width=125)
	  Recheck Cond: ((k >= 2885741) AND (k <= 2885841))
	  ->  Bitmap Index Scan on k_8  (cost=0.00..5.50 rows=106 width=0)
	        Index Cond: ((k >= 2885741) AND (k <= 2885841))

for range-notcovered
table 1 : explain SELECT k, c FROM sbtest1 WHERE k BETWEEN 4170423 AND 4170523
	Bitmap Heap Scan on sbtest1  (cost=5.44..393.59 rows=98 width=125)
	  Recheck Cond: ((k >= 4170423) AND (k <= 4170523))
	  ->  Bitmap Index Scan on k_1  (cost=0.00..5.42 rows=98 width=0)
	        Index Cond: ((k >= 4170423) AND (k <= 4170523))

table 2 : explain SELECT k, c FROM sbtest2 WHERE k BETWEEN 4170423 AND 4170523
	Bitmap Heap Scan on sbtest2  (cost=5.56..440.88 rows=110 width=125)
	  Recheck Cond: ((k >= 4170423) AND (k <= 4170523))
	  ->  Bitmap Index Scan on k_2  (cost=0.00..5.53 rows=110 width=0)
	        Index Cond: ((k >= 4170423) AND (k <= 4170523))

table 3 : explain SELECT k, c FROM sbtest3 WHERE k BETWEEN 4170423 AND 4170523
	Bitmap Heap Scan on sbtest3  (cost=5.48..409.36 rows=102 width=125)
	  Recheck Cond: ((k >= 4170423) AND (k <= 4170523))
	  ->  Bitmap Index Scan on k_3  (cost=0.00..5.45 rows=102 width=0)
	        Index Cond: ((k >= 4170423) AND (k <= 4170523))

table 4 : explain SELECT k, c FROM sbtest4 WHERE k BETWEEN 4170423 AND 4170523
	Bitmap Heap Scan on sbtest4  (cost=5.49..413.30 rows=103 width=125)
	  Recheck Cond: ((k >= 4170423) AND (k <= 4170523))
	  ->  Bitmap Index Scan on k_4  (cost=0.00..5.46 rows=103 width=0)
	        Index Cond: ((k >= 4170423) AND (k <= 4170523))

table 5 : explain SELECT k, c FROM sbtest5 WHERE k BETWEEN 4170423 AND 4170523
	Bitmap Heap Scan on sbtest5  (cost=5.41..381.79 rows=95 width=125)
	  Recheck Cond: ((k >= 4170423) AND (k <= 4170523))
	  ->  Bitmap Index Scan on k_5  (cost=0.00..5.38 rows=95 width=0)
	        Index Cond: ((k >= 4170423) AND (k <= 4170523))

table 6 : explain SELECT k, c FROM sbtest6 WHERE k BETWEEN 4170423 AND 4170523
	Bitmap Heap Scan on sbtest6  (cost=5.57..444.83 rows=111 width=125)
	  Recheck Cond: ((k >= 4170423) AND (k <= 4170523))
	  ->  Bitmap Index Scan on k_6  (cost=0.00..5.54 rows=111 width=0)
	        Index Cond: ((k >= 4170423) AND (k <= 4170523))

table 7 : explain SELECT k, c FROM sbtest7 WHERE k BETWEEN 4170423 AND 4170523
	Bitmap Heap Scan on sbtest7  (cost=5.50..417.29 rows=104 width=125)
	  Recheck Cond: ((k >= 4170423) AND (k <= 4170523))
	  ->  Bitmap Index Scan on k_7  (cost=0.00..5.47 rows=104 width=0)
	        Index Cond: ((k >= 4170423) AND (k <= 4170523))

table 8 : explain SELECT k, c FROM sbtest8 WHERE k BETWEEN 4170423 AND 4170523
	Bitmap Heap Scan on sbtest8  (cost=5.47..405.46 rows=101 width=125)
	  Recheck Cond: ((k >= 4170423) AND (k <= 4170523))
	  ->  Bitmap Index Scan on k_8  (cost=0.00..5.44 rows=101 width=0)
	        Index Cond: ((k >= 4170423) AND (k <= 4170523))

explain: for range-notcovered :: explain SELECT k, c FROM sbtest%d WHERE k BETWEEN 5254425 AND 5254525
explain: for range-notcovered :: explain SELECT k, c FROM sbtest%d WHERE k BETWEEN 2885741 AND 2885841for range-notcovered
table 1 : explain SELECT k, c FROM sbtest1 WHERE k BETWEEN 7238566 AND 7238666
	Bitmap Heap Scan on sbtest1  (cost=5.46..401.48 rows=100 width=125)
	  Recheck Cond: ((k >= 7238566) AND (k <= 7238666))
	  ->  Bitmap Index Scan on k_1  (cost=0.00..5.43 rows=100 width=0)
	        Index Cond: ((k >= 7238566) AND (k <= 7238666))

table 2 : explain SELECT k, c FROM sbtest2 WHERE k BETWEEN 7238566 AND 7238666
	Bitmap Heap Scan on sbtest2  (cost=5.42..385.69 rows=96 width=125)
	  Recheck Cond: ((k >= 7238566) AND (k <= 7238666))
	  ->  Bitmap Index Scan on k_2  (cost=0.00..5.39 rows=96 width=0)
	        Index Cond: ((k >= 7238566) AND (k <= 7238666))

table 3 : explain SELECT k, c FROM sbtest3 WHERE k BETWEEN 7238566 AND 7238666
	Bitmap Heap Scan on sbtest3  (cost=5.43..389.64 rows=97 width=125)
	  Recheck Cond: ((k >= 7238566) AND (k <= 7238666))
	  ->  Bitmap Index Scan on k_3  (cost=0.00..5.40 rows=97 width=0)
	        Index Cond: ((k >= 7238566) AND (k <= 7238666))

table 4 : explain SELECT k, c FROM sbtest4 WHERE k BETWEEN 7238566 AND 7238666
	Bitmap Heap Scan on sbtest4  (cost=5.37..365.97 rows=91 width=125)
	  Recheck Cond: ((k >= 7238566) AND (k <= 7238666))
	  ->  Bitmap Index Scan on k_4  (cost=0.00..5.34 rows=91 width=0)
	        Index Cond: ((k >= 7238566) AND (k <= 7238666))

table 5 : explain SELECT k, c FROM sbtest5 WHERE k BETWEEN 7238566 AND 7238666
	Bitmap Heap Scan on sbtest5  (cost=5.51..421.23 rows=105 width=125)
	  Recheck Cond: ((k >= 7238566) AND (k <= 7238666))
	  ->  Bitmap Index Scan on k_5  (cost=0.00..5.48 rows=105 width=0)
	        Index Cond: ((k >= 7238566) AND (k <= 7238666))

table 6 : explain SELECT k, c FROM sbtest6 WHERE k BETWEEN 7238566 AND 7238666
	Bitmap Heap Scan on sbtest6  (cost=5.54..433.02 rows=108 width=125)
	  Recheck Cond: ((k >= 7238566) AND (k <= 7238666))
	  ->  Bitmap Index Scan on k_6  (cost=0.00..5.51 rows=108 width=0)
	        Index Cond: ((k >= 7238566) AND (k <= 7238666))

table 7 : explain SELECT k, c FROM sbtest7 WHERE k BETWEEN 7238566 AND 7238666
	Bitmap Heap Scan on sbtest7  (cost=5.56..440.94 rows=110 width=125)
	  Recheck Cond: ((k >= 7238566) AND (k <= 7238666))
	  ->  Bitmap Index Scan on k_7  (cost=0.00..5.53 rows=110 width=0)
	        Index Cond: ((k >= 7238566) AND (k <= 7238666))

table 8 : explain SELECT k, c FROM sbtest8 WHERE k BETWEEN 7238566 AND 7238666
	Bitmap Heap Scan on sbtest8  (cost=5.50..417.29 rows=104 width=125)
	  Recheck Cond: ((k >= 7238566) AND (k <= 7238666))
	  ->  Bitmap Index Scan on k_8  (cost=0.00..5.47 rows=104 width=0)
	        Index Cond: ((k >= 7238566) AND (k <= 7238666))


for range-notcovered
table 1 : explain SELECT k, c FROM sbtest1 WHERE k BETWEEN 5134073 AND 5134173
	Bitmap Heap Scan on sbtest1  (cost=5.53..429.07 rows=107 width=125)
	  Recheck Cond: ((k >= 5134073) AND (k <= 5134173))
	  ->  Bitmap Index Scan on k_1  (cost=0.00..5.50 rows=107 width=0)
	        Index Cond: ((k >= 5134073) AND (k <= 5134173))

table 2 : explain SELECT k, c FROM sbtest2 WHERE k BETWEEN 5134073 AND 5134173
	Bitmap Heap Scan on sbtest2  (cost=5.45..397.53 rows=99 width=125)
	  Recheck Cond: ((k >= 5134073) AND (k <= 5134173))
	  ->  Bitmap Index Scan on k_2  (cost=0.00..5.42 rows=99 width=0)
	        Index Cond: ((k >= 5134073) AND (k <= 5134173))

table 3 : explain SELECT k, c FROM sbtest3 WHERE k BETWEEN 5134073 AND 5134173
	Bitmap Heap Scan on sbtest3  (cost=5.50..417.24 rows=104 width=125)
	  Recheck Cond: ((k >= 5134073) AND (k <= 5134173))
	  ->  Bitmap Index Scan on k_3  (cost=0.00..5.47 rows=104 width=0)
	        Index Cond: ((k >= 5134073) AND (k <= 5134173))

table 4 : explain SELECT k, c FROM sbtest4 WHERE k BETWEEN 5134073 AND 5134173
	Bitmap Heap Scan on sbtest4  (cost=5.45..397.53 rows=99 width=125)
	  Recheck Cond: ((k >= 5134073) AND (k <= 5134173))
	  ->  Bitmap Index Scan on k_4  (cost=0.00..5.42 rows=99 width=0)
	        Index Cond: ((k >= 5134073) AND (k <= 5134173))

table 5 : explain SELECT k, c FROM sbtest5 WHERE k BETWEEN 5134073 AND 5134173
	Bitmap Heap Scan on sbtest5  (cost=5.45..397.57 rows=99 width=125)
	  Recheck Cond: ((k >= 5134073) AND (k <= 5134173))
	  ->  Bitmap Index Scan on k_5  (cost=0.00..5.42 rows=99 width=0)
	        Index Cond: ((k >= 5134073) AND (k <= 5134173))

table 6 : explain SELECT k, c FROM sbtest6 WHERE k BETWEEN 5134073 AND 5134173
	Bitmap Heap Scan on sbtest6  (cost=5.44..393.60 rows=98 width=125)
	  Recheck Cond: ((k >= 5134073) AND (k <= 5134173))
	  ->  Bitmap Index Scan on k_6  (cost=0.00..5.42 rows=98 width=0)
	        Index Cond: ((k >= 5134073) AND (k <= 5134173))

table 7 : explain SELECT k, c FROM sbtest7 WHERE k BETWEEN 5134073 AND 5134173
	Bitmap Heap Scan on sbtest7  (cost=5.46..401.52 rows=100 width=125)
	  Recheck Cond: ((k >= 5134073) AND (k <= 5134173))
	  ->  Bitmap Index Scan on k_7  (cost=0.00..5.43 rows=100 width=0)
	        Index Cond: ((k >= 5134073) AND (k <= 5134173))

table 8 : explain SELECT k, c FROM sbtest8 WHERE k BETWEEN 5134073 AND 5134173
	Bitmap Heap Scan on sbtest8  (cost=5.46..401.52 rows=100 width=125)
	  Recheck Cond: ((k >= 5134073) AND (k <= 5134173))
	  ->  Bitmap Index Scan on k_8  (cost=0.00..5.43 rows=100 width=0)
	        Index Cond: ((k >= 5134073) AND (k <= 5134173))
for range-notcovered
table 1 : explain SELECT k, c FROM sbtest1 WHERE k BETWEEN 3246183 AND 3246283
	Bitmap Heap Scan on sbtest1  (cost=5.59..452.70 rows=113 width=125)
	  Recheck Cond: ((k >= 3246183) AND (k <= 3246283))
	  ->  Bitmap Index Scan on k_1  (cost=0.00..5.56 rows=113 width=0)
	        Index Cond: ((k >= 3246183) AND (k <= 3246283))

table 2 : explain SELECT k, c FROM sbtest2 WHERE k BETWEEN 3246183 AND 3246283
	Bitmap Heap Scan on sbtest2  (cost=5.44..393.58 rows=98 width=125)
	  Recheck Cond: ((k >= 3246183) AND (k <= 3246283))
	  ->  Bitmap Index Scan on k_2  (cost=0.00..5.42 rows=98 width=0)
	        Index Cond: ((k >= 3246183) AND (k <= 3246283))

table 3 : explain SELECT k, c FROM sbtest3 WHERE k BETWEEN 3246183 AND 3246283
	Bitmap Heap Scan on sbtest3  (cost=5.53..429.06 rows=107 width=125)
	  Recheck Cond: ((k >= 3246183) AND (k <= 3246283))
	  ->  Bitmap Index Scan on k_3  (cost=0.00..5.50 rows=107 width=0)
	        Index Cond: ((k >= 3246183) AND (k <= 3246283))

table 4 : explain SELECT k, c FROM sbtest4 WHERE k BETWEEN 3246183 AND 3246283
	Bitmap Heap Scan on sbtest4  (cost=5.50..417.24 rows=104 width=125)
	  Recheck Cond: ((k >= 3246183) AND (k <= 3246283))
	  ->  Bitmap Index Scan on k_4  (cost=0.00..5.47 rows=104 width=0)
	        Index Cond: ((k >= 3246183) AND (k <= 3246283))

table 5 : explain SELECT k, c FROM sbtest5 WHERE k BETWEEN 3246183 AND 3246283
	Bitmap Heap Scan on sbtest5  (cost=5.43..389.68 rows=97 width=125)
	  Recheck Cond: ((k >= 3246183) AND (k <= 3246283))
	  ->  Bitmap Index Scan on k_5  (cost=0.00..5.40 rows=97 width=0)
	        Index Cond: ((k >= 3246183) AND (k <= 3246283))

table 6 : explain SELECT k, c FROM sbtest6 WHERE k BETWEEN 3246183 AND 3246283
	Bitmap Heap Scan on sbtest6  (cost=5.38..369.93 rows=92 width=125)
	  Recheck Cond: ((k >= 3246183) AND (k <= 3246283))
	  ->  Bitmap Index Scan on k_6  (cost=0.00..5.35 rows=92 width=0)
	        Index Cond: ((k >= 3246183) AND (k <= 3246283))

table 7 : explain SELECT k, c FROM sbtest7 WHERE k BETWEEN 3246183 AND 3246283
	Bitmap Heap Scan on sbtest7  (cost=5.51..421.23 rows=105 width=125)
	  Recheck Cond: ((k >= 3246183) AND (k <= 3246283))
	  ->  Bitmap Index Scan on k_7  (cost=0.00..5.48 rows=105 width=0)
	        Index Cond: ((k >= 3246183) AND (k <= 3246283))

table 8 : explain SELECT k, c FROM sbtest8 WHERE k BETWEEN 3246183 AND 3246283
	Bitmap Heap Scan on sbtest8  (cost=5.45..397.57 rows=99 width=125)
	  Recheck Cond: ((k >= 3246183) AND (k <= 3246283))
	  ->  Bitmap Index Scan on k_8  (cost=0.00..5.42 rows=99 width=0)
	        Index Cond: ((k >= 3246183) AND (k <= 3246283))


explain: for range-notcovered :: explain SELECT k, c FROM sbtest%d WHERE k BETWEEN 4170423 AND 4170523
explain: for range-notcovered :: explain SELECT k, c FROM sbtest%d WHERE k BETWEEN 7238566 AND 7238666
explain: for range-notcovered :: explain SELECT k, c FROM sbtest%d WHERE k BETWEEN 3246183 AND 3246283
for range-notcovered
table 1 : explain SELECT k, c FROM sbtest1 WHERE k BETWEEN 5802285 AND 5802385
	Bitmap Heap Scan on sbtest1  (cost=5.53..429.07 rows=107 width=125)
	  Recheck Cond: ((k >= 5802285) AND (k <= 5802385))
	  ->  Bitmap Index Scan on k_1  (cost=0.00..5.50 rows=107 width=0)
	        Index Cond: ((k >= 5802285) AND (k <= 5802385))

table 2 : explain SELECT k, c FROM sbtest2 WHERE k BETWEEN 5802285 AND 5802385
	Bitmap Heap Scan on sbtest2  (cost=5.52..425.12 rows=106 width=125)
	  Recheck Cond: ((k >= 5802285) AND (k <= 5802385))
	  ->  Bitmap Index Scan on k_2  (cost=0.00..5.50 rows=106 width=0)
	        Index Cond: ((k >= 5802285) AND (k <= 5802385))

table 3 : explain SELECT k, c FROM sbtest3 WHERE k BETWEEN 5802285 AND 5802385
	Bitmap Heap Scan on sbtest3  (cost=5.45..397.53 rows=99 width=125)
	  Recheck Cond: ((k >= 5802285) AND (k <= 5802385))
	  ->  Bitmap Index Scan on k_3  (cost=0.00..5.42 rows=99 width=0)
	        Index Cond: ((k >= 5802285) AND (k <= 5802385))

table 4 : explain SELECT k, c FROM sbtest4 WHERE k BETWEEN 5802285 AND 5802385
	Bitmap Heap Scan on sbtest4  (cost=5.54..433.00 rows=108 width=125)
	  Recheck Cond: ((k >= 5802285) AND (k <= 5802385))
	  ->  Bitmap Index Scan on k_4  (cost=0.00..5.51 rows=108 width=0)
	        Index Cond: ((k >= 5802285) AND (k <= 5802385))

table 5 : explain SELECT k, c FROM sbtest5 WHERE k BETWEEN 5802285 AND 5802385
	Bitmap Heap Scan on sbtest5  (cost=5.53..429.11 rows=107 width=125)
	  Recheck Cond: ((k >= 5802285) AND (k <= 5802385))
	  ->  Bitmap Index Scan on k_5  (cost=0.00..5.50 rows=107 width=0)
	        Index Cond: ((k >= 5802285) AND (k <= 5802385))

table 6 : explain SELECT k, c FROM sbtest6 WHERE k BETWEEN 5802285 AND 5802385
	Bitmap Heap Scan on sbtest6  (cost=5.47..405.43 rows=101 width=125)
	  Recheck Cond: ((k >= 5802285) AND (k <= 5802385))
	  ->  Bitmap Index Scan on k_6  (cost=0.00..5.44 rows=101 width=0)
	        Index Cond: ((k >= 5802285) AND (k <= 5802385))

table 7 : explain SELECT k, c FROM sbtest7 WHERE k BETWEEN 5802285 AND 5802385
	Bitmap Heap Scan on sbtest7  (cost=5.57..444.88 rows=111 width=125)
	  Recheck Cond: ((k >= 5802285) AND (k <= 5802385))
	  ->  Bitmap Index Scan on k_7  (cost=0.00..5.54 rows=111 width=0)
	        Index Cond: ((k >= 5802285) AND (k <= 5802385))

table 8 : explain SELECT k, c FROM sbtest8 WHERE k BETWEEN 5802285 AND 5802385
	Bitmap Heap Scan on sbtest8  (cost=5.51..421.23 rows=105 width=125)
	  Recheck Cond: ((k >= 5802285) AND (k <= 5802385))
	  ->  Bitmap Index Scan on k_8  (cost=0.00..5.48 rows=105 width=0)
	        Index Cond: ((k >= 5802285) AND (k <= 5802385))

for range-notcovered
table 1 : explain SELECT k, c FROM sbtest1 WHERE k BETWEEN 5643096 AND 5643196
	Bitmap Heap Scan on sbtest1  (cost=5.51..421.19 rows=105 width=125)
	  Recheck Cond: ((k >= 5643096) AND (k <= 5643196))
	  ->  Bitmap Index Scan on k_1  (cost=0.00..5.48 rows=105 width=0)
	        Index Cond: ((k >= 5643096) AND (k <= 5643196))

table 2 : explain SELECT k, c FROM sbtest2 WHERE k BETWEEN 5643096 AND 5643196
	Bitmap Heap Scan on sbtest2  (cost=5.69..488.12 rows=122 width=125)
	  Recheck Cond: ((k >= 5643096) AND (k <= 5643196))
	  ->  Bitmap Index Scan on k_2  (cost=0.00..5.65 rows=122 width=0)
	        Index Cond: ((k >= 5643096) AND (k <= 5643196))

table 3 : explain SELECT k, c FROM sbtest3 WHERE k BETWEEN 5643096 AND 5643196
	Bitmap Heap Scan on sbtest3  (cost=5.51..421.18 rows=105 width=125)
	  Recheck Cond: ((k >= 5643096) AND (k <= 5643196))
	  ->  Bitmap Index Scan on k_3  (cost=0.00..5.48 rows=105 width=0)
	        Index Cond: ((k >= 5643096) AND (k <= 5643196))

table 4 : explain SELECT k, c FROM sbtest4 WHERE k BETWEEN 5643096 AND 5643196
	Bitmap Heap Scan on sbtest4  (cost=5.55..436.94 rows=109 width=125)
	  Recheck Cond: ((k >= 5643096) AND (k <= 5643196))
	  ->  Bitmap Index Scan on k_4  (cost=0.00..5.52 rows=109 width=0)
	        Index Cond: ((k >= 5643096) AND (k <= 5643196))

table 5 : explain SELECT k, c FROM sbtest5 WHERE k BETWEEN 5643096 AND 5643196
	Bitmap Heap Scan on sbtest5  (cost=5.44..393.62 rows=98 width=125)
	  Recheck Cond: ((k >= 5643096) AND (k <= 5643196))
	  ->  Bitmap Index Scan on k_5  (cost=0.00..5.42 rows=98 width=0)
	        Index Cond: ((k >= 5643096) AND (k <= 5643196))

table 6 : explain SELECT k, c FROM sbtest6 WHERE k BETWEEN 5643096 AND 5643196
	Bitmap Heap Scan on sbtest6  (cost=5.50..417.25 rows=104 width=125)
	  Recheck Cond: ((k >= 5643096) AND (k <= 5643196))
	  ->  Bitmap Index Scan on k_6  (cost=0.00..5.47 rows=104 width=0)
	        Index Cond: ((k >= 5643096) AND (k <= 5643196))

table 7 : explain SELECT k, c FROM sbtest7 WHERE k BETWEEN 5643096 AND 5643196
	Bitmap Heap Scan on sbtest7  (cost=5.48..409.41 rows=102 width=125)
	  Recheck Cond: ((k >= 5643096) AND (k <= 5643196))
	  ->  Bitmap Index Scan on k_7  (cost=0.00..5.45 rows=102 width=0)
	        Index Cond: ((k >= 5643096) AND (k <= 5643196))

table 8 : explain SELECT k, c FROM sbtest8 WHERE k BETWEEN 5643096 AND 5643196
	Bitmap Heap Scan on sbtest8  (cost=5.46..401.52 rows=100 width=125)
	  Recheck Cond: ((k >= 5643096) AND (k <= 5643196))
	  ->  Bitmap Index Scan on k_8  (cost=0.00..5.43 rows=100 width=0)
	        Index Cond: ((k >= 5643096) AND (k <= 5643196))

explain: for range-notcovered :: explain SELECT k, c FROM sbtest%d WHERE k BETWEEN 5802285 AND 5802385
for range-notcovered
table 1 : explain SELECT k, c FROM sbtest1 WHERE k BETWEEN 3520505 AND 3520605
	Bitmap Heap Scan on sbtest1  (cost=5.47..405.42 rows=101 width=125)
	  Recheck Cond: ((k >= 3520505) AND (k <= 3520605))
	  ->  Bitmap Index Scan on k_1  (cost=0.00..5.44 rows=101 width=0)
	        Index Cond: ((k >= 3520505) AND (k <= 3520605))

table 2 : explain SELECT k, c FROM sbtest2 WHERE k BETWEEN 3520505 AND 3520605
	Bitmap Heap Scan on sbtest2  (cost=5.45..397.53 rows=99 width=125)
	  Recheck Cond: ((k >= 3520505) AND (k <= 3520605))
	  ->  Bitmap Index Scan on k_2  (cost=0.00..5.42 rows=99 width=0)
	        Index Cond: ((k >= 3520505) AND (k <= 3520605))

table 3 : explain SELECT k, c FROM sbtest3 WHERE k BETWEEN 3520505 AND 3520605
	Bitmap Heap Scan on sbtest3  (cost=5.48..409.36 rows=102 width=125)
	  Recheck Cond: ((k >= 3520505) AND (k <= 3520605))
	  ->  Bitmap Index Scan on k_3  (cost=0.00..5.45 rows=102 width=0)
	        Index Cond: ((k >= 3520505) AND (k <= 3520605))

table 4 : explain SELECT k, c FROM sbtest4 WHERE k BETWEEN 3520505 AND 3520605
	Bitmap Heap Scan on sbtest4  (cost=5.44..393.58 rows=98 width=125)
	  Recheck Cond: ((k >= 3520505) AND (k <= 3520605))
	  ->  Bitmap Index Scan on k_4  (cost=0.00..5.42 rows=98 width=0)
	        Index Cond: ((k >= 3520505) AND (k <= 3520605))

table 5 : explain SELECT k, c FROM sbtest5 WHERE k BETWEEN 3520505 AND 3520605
	Bitmap Heap Scan on sbtest5  (cost=5.58..448.81 rows=112 width=125)
	  Recheck Cond: ((k >= 3520505) AND (k <= 3520605))
	  ->  Bitmap Index Scan on k_5  (cost=0.00..5.55 rows=112 width=0)
	        Index Cond: ((k >= 3520505) AND (k <= 3520605))

table 6 : explain SELECT k, c FROM sbtest6 WHERE k BETWEEN 3520505 AND 3520605
	Bitmap Heap Scan on sbtest6  (cost=5.42..385.71 rows=96 width=125)
	  Recheck Cond: ((k >= 3520505) AND (k <= 3520605))
	  ->  Bitmap Index Scan on k_6  (cost=0.00..5.39 rows=96 width=0)
	        Index Cond: ((k >= 3520505) AND (k <= 3520605))

table 7 : explain SELECT k, c FROM sbtest7 WHERE k BETWEEN 3520505 AND 3520605
	Bitmap Heap Scan on sbtest7  (cost=5.50..417.29 rows=104 width=125)
	  Recheck Cond: ((k >= 3520505) AND (k <= 3520605))
	  ->  Bitmap Index Scan on k_7  (cost=0.00..5.47 rows=104 width=0)
	        Index Cond: ((k >= 3520505) AND (k <= 3520605))

table 8 : explain SELECT k, c FROM sbtest8 WHERE k BETWEEN 3520505 AND 3520605
	Bitmap Heap Scan on sbtest8  (cost=5.37..366.01 rows=91 width=125)
	  Recheck Cond: ((k >= 3520505) AND (k <= 3520605))
	  ->  Bitmap Index Scan on k_8  (cost=0.00..5.34 rows=91 width=0)
	        Index Cond: ((k >= 3520505) AND (k <= 3520605))

explain: for range-notcovered :: explain SELECT k, c FROM sbtest%d WHERE k BETWEEN 3520505 AND 3520605
for range-notcovered
table 1 : explain SELECT k, c FROM sbtest1 WHERE k BETWEEN 5231136 AND 5231236
	Bitmap Heap Scan on sbtest1  (cost=5.46..401.48 rows=100 width=125)
	  Recheck Cond: ((k >= 5231136) AND (k <= 5231236))
	  ->  Bitmap Index Scan on k_1  (cost=0.00..5.43 rows=100 width=0)
	        Index Cond: ((k >= 5231136) AND (k <= 5231236))

table 2 : explain SELECT k, c FROM sbtest2 WHERE k BETWEEN 5231136 AND 5231236
	Bitmap Heap Scan on sbtest2  (cost=5.58..448.75 rows=112 width=125)
	  Recheck Cond: ((k >= 5231136) AND (k <= 5231236))
	  ->  Bitmap Index Scan on k_2  (cost=0.00..5.55 rows=112 width=0)
	        Index Cond: ((k >= 5231136) AND (k <= 5231236))

table 3 : explain SELECT k, c FROM sbtest3 WHERE k BETWEEN 5231136 AND 5231236
	Bitmap Heap Scan on sbtest3  (cost=5.49..413.30 rows=103 width=125)
	  Recheck Cond: ((k >= 5231136) AND (k <= 5231236))
	  ->  Bitmap Index Scan on k_3  (cost=0.00..5.46 rows=103 width=0)
	        Index Cond: ((k >= 5231136) AND (k <= 5231236))

table 4 : explain SELECT k, c FROM sbtest4 WHERE k BETWEEN 5231136 AND 5231236
	Bitmap Heap Scan on sbtest4  (cost=5.45..397.53 rows=99 width=125)
	  Recheck Cond: ((k >= 5231136) AND (k <= 5231236))
	  ->  Bitmap Index Scan on k_4  (cost=0.00..5.42 rows=99 width=0)
	        Index Cond: ((k >= 5231136) AND (k <= 5231236))

table 5 : explain SELECT k, c FROM sbtest5 WHERE k BETWEEN 5231136 AND 5231236
	Bitmap Heap Scan on sbtest5  (cost=5.45..397.57 rows=99 width=125)
	  Recheck Cond: ((k >= 5231136) AND (k <= 5231236))
	  ->  Bitmap Index Scan on k_5  (cost=0.00..5.42 rows=99 width=0)
	        Index Cond: ((k >= 5231136) AND (k <= 5231236))

table 6 : explain SELECT k, c FROM sbtest6 WHERE k BETWEEN 5231136 AND 5231236
	Bitmap Heap Scan on sbtest6  (cost=5.51..421.19 rows=105 width=125)
	  Recheck Cond: ((k >= 5231136) AND (k <= 5231236))
	  ->  Bitmap Index Scan on k_6  (cost=0.00..5.48 rows=105 width=0)
	        Index Cond: ((k >= 5231136) AND (k <= 5231236))

table 7 : explain SELECT k, c FROM sbtest7 WHERE k BETWEEN 5231136 AND 5231236
	Bitmap Heap Scan on sbtest7  (cost=5.36..362.06 rows=90 width=125)
	  Recheck Cond: ((k >= 5231136) AND (k <= 5231236))
	  ->  Bitmap Index Scan on k_7  (cost=0.00..5.33 rows=90 width=0)
	        Index Cond: ((k >= 5231136) AND (k <= 5231236))

table 8 : explain SELECT k, c FROM sbtest8 WHERE k BETWEEN 5231136 AND 5231236
	Bitmap Heap Scan on sbtest8  (cost=5.50..417.29 rows=104 width=125)
	  Recheck Cond: ((k >= 5231136) AND (k <= 5231236))
	  ->  Bitmap Index Scan on k_8  (cost=0.00..5.47 rows=104 width=0)
	        Index Cond: ((k >= 5231136) AND (k <= 5231236))

for range-notcovered
table 1 : explain SELECT k, c FROM sbtest1 WHERE k BETWEEN 6055677 AND 6055777
	Bitmap Heap Scan on sbtest1  (cost=5.48..409.36 rows=102 width=125)
	  Recheck Cond: ((k >= 6055677) AND (k <= 6055777))
	  ->  Bitmap Index Scan on k_1  (cost=0.00..5.45 rows=102 width=0)
	        Index Cond: ((k >= 6055677) AND (k <= 6055777))

table 2 : explain SELECT k, c FROM sbtest2 WHERE k BETWEEN 6055677 AND 6055777
	Bitmap Heap Scan on sbtest2  (cost=5.63..468.44 rows=117 width=125)
	  Recheck Cond: ((k >= 6055677) AND (k <= 6055777))
	  ->  Bitmap Index Scan on k_2  (cost=0.00..5.60 rows=117 width=0)
	        Index Cond: ((k >= 6055677) AND (k <= 6055777))

table 3 : explain SELECT k, c FROM sbtest3 WHERE k BETWEEN 6055677 AND 6055777
	Bitmap Heap Scan on sbtest3  (cost=5.60..456.63 rows=114 width=125)
	  Recheck Cond: ((k >= 6055677) AND (k <= 6055777))
	  ->  Bitmap Index Scan on k_3  (cost=0.00..5.58 rows=114 width=0)
	        Index Cond: ((k >= 6055677) AND (k <= 6055777))

table 4 : explain SELECT k, c FROM sbtest4 WHERE k BETWEEN 6055677 AND 6055777
	Bitmap Heap Scan on sbtest4  (cost=5.36..362.02 rows=90 width=125)
	  Recheck Cond: ((k >= 6055677) AND (k <= 6055777))
	  ->  Bitmap Index Scan on k_4  (cost=0.00..5.33 rows=90 width=0)
	        Index Cond: ((k >= 6055677) AND (k <= 6055777))

table 5 : explain SELECT k, c FROM sbtest5 WHERE k BETWEEN 6055677 AND 6055777
	Bitmap Heap Scan on sbtest5  (cost=5.43..389.68 rows=97 width=125)
	  Recheck Cond: ((k >= 6055677) AND (k <= 6055777))
	  ->  Bitmap Index Scan on k_5  (cost=0.00..5.40 rows=97 width=0)
	        Index Cond: ((k >= 6055677) AND (k <= 6055777))

table 6 : explain SELECT k, c FROM sbtest6 WHERE k BETWEEN 6055677 AND 6055777
	Bitmap Heap Scan on sbtest6  (cost=5.51..421.19 rows=105 width=125)
	  Recheck Cond: ((k >= 6055677) AND (k <= 6055777))
	  ->  Bitmap Index Scan on k_6  (cost=0.00..5.48 rows=105 width=0)
	        Index Cond: ((k >= 6055677) AND (k <= 6055777))

table 7 : explain SELECT k, c FROM sbtest7 WHERE k BETWEEN 6055677 AND 6055777
	Bitmap Heap Scan on sbtest7  (cost=5.53..429.12 rows=107 width=125)
	  Recheck Cond: ((k >= 6055677) AND (k <= 6055777))
	  ->  Bitmap Index Scan on k_7  (cost=0.00..5.50 rows=107 width=0)
	        Index Cond: ((k >= 6055677) AND (k <= 6055777))

table 8 : explain SELECT k, c FROM sbtest8 WHERE k BETWEEN 6055677 AND 6055777
	Bitmap Heap Scan on sbtest8  (cost=5.44..393.63 rows=98 width=125)
	  Recheck Cond: ((k >= 6055677) AND (k <= 6055777))
	  ->  Bitmap Index Scan on k_8  (cost=0.00..5.42 rows=98 width=0)
	        Index Cond: ((k >= 6055677) AND (k <= 6055777))

for range-notcovered
table 1 : explain SELECT k, c FROM sbtest1 WHERE k BETWEEN 3896990 AND 3897090
	Bitmap Heap Scan on sbtest1  (cost=5.54..433.01 rows=108 width=125)
	  Recheck Cond: ((k >= 3896990) AND (k <= 3897090))
	  ->  Bitmap Index Scan on k_1  (cost=0.00..5.51 rows=108 width=0)
	        Index Cond: ((k >= 3896990) AND (k <= 3897090))

table 2 : explain SELECT k, c FROM sbtest2 WHERE k BETWEEN 3896990 AND 3897090
	Bitmap Heap Scan on sbtest2  (cost=5.44..393.58 rows=98 width=125)
	  Recheck Cond: ((k >= 3896990) AND (k <= 3897090))
	  ->  Bitmap Index Scan on k_2  (cost=0.00..5.42 rows=98 width=0)
	        Index Cond: ((k >= 3896990) AND (k <= 3897090))

table 3 : explain SELECT k, c FROM sbtest3 WHERE k BETWEEN 3896990 AND 3897090
	Bitmap Heap Scan on sbtest3  (cost=5.53..429.06 rows=107 width=125)
	  Recheck Cond: ((k >= 3896990) AND (k <= 3897090))
	  ->  Bitmap Index Scan on k_3  (cost=0.00..5.50 rows=107 width=0)
	        Index Cond: ((k >= 3896990) AND (k <= 3897090))

table 4 : explain SELECT k, c FROM sbtest4 WHERE k BETWEEN 3896990 AND 3897090
	Bitmap Heap Scan on sbtest4  (cost=5.42..385.69 rows=96 width=125)
	  Recheck Cond: ((k >= 3896990) AND (k <= 3897090))
	  ->  Bitmap Index Scan on k_4  (cost=0.00..5.39 rows=96 width=0)
	        Index Cond: ((k >= 3896990) AND (k <= 3897090))

table 5 : explain SELECT k, c FROM sbtest5 WHERE k BETWEEN 3896990 AND 3897090
	Bitmap Heap Scan on sbtest5  (cost=5.45..397.57 rows=99 width=125)
	  Recheck Cond: ((k >= 3896990) AND (k <= 3897090))
	  ->  Bitmap Index Scan on k_5  (cost=0.00..5.42 rows=99 width=0)
	        Index Cond: ((k >= 3896990) AND (k <= 3897090))

table 6 : explain SELECT k, c FROM sbtest6 WHERE k BETWEEN 3896990 AND 3897090
	Bitmap Heap Scan on sbtest6  (cost=5.54..433.02 rows=108 width=125)
	  Recheck Cond: ((k >= 3896990) AND (k <= 3897090))
	  ->  Bitmap Index Scan on k_6  (cost=0.00..5.51 rows=108 width=0)
	        Index Cond: ((k >= 3896990) AND (k <= 3897090))

table 7 : explain SELECT k, c FROM sbtest7 WHERE k BETWEEN 3896990 AND 3897090
	Bitmap Heap Scan on sbtest7  (cost=5.38..369.96 rows=92 width=125)
	  Recheck Cond: ((k >= 3896990) AND (k <= 3897090))
	  ->  Bitmap Index Scan on k_7  (cost=0.00..5.35 rows=92 width=0)
	        Index Cond: ((k >= 3896990) AND (k <= 3897090))

table 8 : explain SELECT k, c FROM sbtest8 WHERE k BETWEEN 3896990 AND 3897090
	Bitmap Heap Scan on sbtest8  (cost=5.49..413.34 rows=103 width=125)
	  Recheck Cond: ((k >= 3896990) AND (k <= 3897090))
	  ->  Bitmap Index Scan on k_8  (cost=0.00..5.46 rows=103 width=0)
	        Index Cond: ((k >= 3896990) AND (k <= 3897090))

for range-notcovered
table 1 : explain SELECT k, c FROM sbtest1 WHERE k BETWEEN 2369435 AND 2369535
	Bitmap Heap Scan on sbtest1  (cost=5.50..417.24 rows=104 width=125)
	  Recheck Cond: ((k >= 2369435) AND (k <= 2369535))
	  ->  Bitmap Index Scan on k_1  (cost=0.00..5.47 rows=104 width=0)
	        Index Cond: ((k >= 2369435) AND (k <= 2369535))

table 2 : explain SELECT k, c FROM sbtest2 WHERE k BETWEEN 2369435 AND 2369535
	Bitmap Heap Scan on sbtest2  (cost=5.41..381.75 rows=95 width=125)
	  Recheck Cond: ((k >= 2369435) AND (k <= 2369535))
	  ->  Bitmap Index Scan on k_2  (cost=0.00..5.38 rows=95 width=0)
	        Index Cond: ((k >= 2369435) AND (k <= 2369535))

table 3 : explain SELECT k, c FROM sbtest3 WHERE k BETWEEN 2369435 AND 2369535
	Bitmap Heap Scan on sbtest3  (cost=5.57..444.82 rows=111 width=125)
	  Recheck Cond: ((k >= 2369435) AND (k <= 2369535))
	  ->  Bitmap Index Scan on k_3  (cost=0.00..5.54 rows=111 width=0)
	        Index Cond: ((k >= 2369435) AND (k <= 2369535))

table 4 : explain SELECT k, c FROM sbtest4 WHERE k BETWEEN 2369435 AND 2369535
	Bitmap Heap Scan on sbtest4  (cost=5.55..436.94 rows=109 width=125)
	  Recheck Cond: ((k >= 2369435) AND (k <= 2369535))
	  ->  Bitmap Index Scan on k_4  (cost=0.00..5.52 rows=109 width=0)
	        Index Cond: ((k >= 2369435) AND (k <= 2369535))

table 5 : explain SELECT k, c FROM sbtest5 WHERE k BETWEEN 2369435 AND 2369535
	Bitmap Heap Scan on sbtest5  (cost=5.42..385.74 rows=96 width=125)
	  Recheck Cond: ((k >= 2369435) AND (k <= 2369535))
	  ->  Bitmap Index Scan on k_5  (cost=0.00..5.39 rows=96 width=0)
	        Index Cond: ((k >= 2369435) AND (k <= 2369535))

table 6 : explain SELECT k, c FROM sbtest6 WHERE k BETWEEN 2369435 AND 2369535
	Bitmap Heap Scan on sbtest6  (cost=5.45..397.54 rows=99 width=125)
	  Recheck Cond: ((k >= 2369435) AND (k <= 2369535))
	  ->  Bitmap Index Scan on k_6  (cost=0.00..5.42 rows=99 width=0)
	        Index Cond: ((k >= 2369435) AND (k <= 2369535))

table 7 : explain SELECT k, c FROM sbtest7 WHERE k BETWEEN 2369435 AND 2369535
	Bitmap Heap Scan on sbtest7  (cost=5.56..440.94 rows=110 width=125)
	  Recheck Cond: ((k >= 2369435) AND (k <= 2369535))
	  ->  Bitmap Index Scan on k_7  (cost=0.00..5.53 rows=110 width=0)
	        Index Cond: ((k >= 2369435) AND (k <= 2369535))

table 8 : explain SELECT k, c FROM sbtest8 WHERE k BETWEEN 2369435 AND 2369535
	Bitmap Heap Scan on sbtest8  (cost=5.49..413.34 rows=103 width=125)
	  Recheck Cond: ((k >= 2369435) AND (k <= 2369535))
	  ->  Bitmap Index Scan on k_8  (cost=0.00..5.46 rows=103 width=0)
	        Index Cond: ((k >= 2369435) AND (k <= 2369535))

explain: for range-notcovered :: explain SELECT k, c FROM sbtest%d WHERE k BETWEEN 5231136 AND 5231236
explain: for range-notcovered :: explain SELECT k, c FROM sbtest%d WHERE k BETWEEN 3896990 AND 3897090
for range-notcovered
table 1 : explain SELECT k, c FROM sbtest1 WHERE k BETWEEN 5263201 AND 5263301
	Bitmap Heap Scan on sbtest1  (cost=5.46..401.48 rows=100 width=125)
	  Recheck Cond: ((k >= 5263201) AND (k <= 5263301))
	  ->  Bitmap Index Scan on k_1  (cost=0.00..5.43 rows=100 width=0)
	        Index Cond: ((k >= 5263201) AND (k <= 5263301))

table 2 : explain SELECT k, c FROM sbtest2 WHERE k BETWEEN 5263201 AND 5263301
	Bitmap Heap Scan on sbtest2  (cost=5.58..448.75 rows=112 width=125)
	  Recheck Cond: ((k >= 5263201) AND (k <= 5263301))
	  ->  Bitmap Index Scan on k_2  (cost=0.00..5.55 rows=112 width=0)
	        Index Cond: ((k >= 5263201) AND (k <= 5263301))

table 3 : explain SELECT k, c FROM sbtest3 WHERE k BETWEEN 5263201 AND 5263301
	Bitmap Heap Scan on sbtest3  (cost=5.49..413.30 rows=103 width=125)
	  Recheck Cond: ((k >= 5263201) AND (k <= 5263301))
	  ->  Bitmap Index Scan on k_3  (cost=0.00..5.46 rows=103 width=0)
	        Index Cond: ((k >= 5263201) AND (k <= 5263301))

table 4 : explain SELECT k, c FROM sbtest4 WHERE k BETWEEN 5263201 AND 5263301
	Bitmap Heap Scan on sbtest4  (cost=5.41..381.75 rows=95 width=125)
	  Recheck Cond: ((k >= 5263201) AND (k <= 5263301))
	  ->  Bitmap Index Scan on k_4  (cost=0.00..5.38 rows=95 width=0)
	        Index Cond: ((k >= 5263201) AND (k <= 5263301))

table 5 : explain SELECT k, c FROM sbtest5 WHERE k BETWEEN 5263201 AND 5263301
	Bitmap Heap Scan on sbtest5  (cost=5.55..436.99 rows=109 width=125)
	  Recheck Cond: ((k >= 5263201) AND (k <= 5263301))
	  ->  Bitmap Index Scan on k_5  (cost=0.00..5.52 rows=109 width=0)
	        Index Cond: ((k >= 5263201) AND (k <= 5263301))

table 6 : explain SELECT k, c FROM sbtest6 WHERE k BETWEEN 5263201 AND 5263301
	Bitmap Heap Scan on sbtest6  (cost=5.51..421.19 rows=105 width=125)
	  Recheck Cond: ((k >= 5263201) AND (k <= 5263301))
	  ->  Bitmap Index Scan on k_6  (cost=0.00..5.48 rows=105 width=0)
	        Index Cond: ((k >= 5263201) AND (k <= 5263301))

table 7 : explain SELECT k, c FROM sbtest7 WHERE k BETWEEN 5263201 AND 5263301
	Bitmap Heap Scan on sbtest7  (cost=5.36..362.06 rows=90 width=125)
	  Recheck Cond: ((k >= 5263201) AND (k <= 5263301))
	  ->  Bitmap Index Scan on k_7  (cost=0.00..5.33 rows=90 width=0)
	        Index Cond: ((k >= 5263201) AND (k <= 5263301))

table 8 : explain SELECT k, c FROM sbtest8 WHERE k BETWEEN 5263201 AND 5263301
	Bitmap Heap Scan on sbtest8  (cost=5.52..425.17 rows=106 width=125)
	  Recheck Cond: ((k >= 5263201) AND (k <= 5263301))
	  ->  Bitmap Index Scan on k_8  (cost=0.00..5.50 rows=106 width=0)
	        Index Cond: ((k >= 5263201) AND (k <= 5263301))

explain: for range-notcovered :: explain SELECT k, c FROM sbtest%d WHERE k BETWEEN 6055677 AND 6055777
for range-notcovered
table 1 : explain SELECT k, c FROM sbtest1 WHERE k BETWEEN 843739 AND 843839
	Bitmap Heap Scan on sbtest1  (cost=5.52..425.13 rows=106 width=125)
	  Recheck Cond: ((k >= 843739) AND (k <= 843839))
	  ->  Bitmap Index Scan on k_1  (cost=0.00..5.50 rows=106 width=0)
	        Index Cond: ((k >= 843739) AND (k <= 843839))

table 2 : explain SELECT k, c FROM sbtest2 WHERE k BETWEEN 843739 AND 843839
	Bitmap Heap Scan on sbtest2  (cost=5.51..421.18 rows=105 width=125)
	  Recheck Cond: ((k >= 843739) AND (k <= 843839))
	  ->  Bitmap Index Scan on k_2  (cost=0.00..5.48 rows=105 width=0)
	        Index Cond: ((k >= 843739) AND (k <= 843839))

table 3 : explain SELECT k, c FROM sbtest3 WHERE k BETWEEN 843739 AND 843839
	Bitmap Heap Scan on sbtest3  (cost=5.47..405.41 rows=101 width=125)
	  Recheck Cond: ((k >= 843739) AND (k <= 843839))
	  ->  Bitmap Index Scan on k_3  (cost=0.00..5.44 rows=101 width=0)
	        Index Cond: ((k >= 843739) AND (k <= 843839))

table 4 : explain SELECT k, c FROM sbtest4 WHERE k BETWEEN 843739 AND 843839
	Bitmap Heap Scan on sbtest4  (cost=5.54..433.00 rows=108 width=125)
	  Recheck Cond: ((k >= 843739) AND (k <= 843839))
	  ->  Bitmap Index Scan on k_4  (cost=0.00..5.51 rows=108 width=0)
	        Index Cond: ((k >= 843739) AND (k <= 843839))

table 5 : explain SELECT k, c FROM sbtest5 WHERE k BETWEEN 843739 AND 843839
	Bitmap Heap Scan on sbtest5  (cost=5.44..393.62 rows=98 width=125)
	  Recheck Cond: ((k >= 843739) AND (k <= 843839))
	  ->  Bitmap Index Scan on k_5  (cost=0.00..5.42 rows=98 width=0)
	        Index Cond: ((k >= 843739) AND (k <= 843839))

table 6 : explain SELECT k, c FROM sbtest6 WHERE k BETWEEN 843739 AND 843839
	Bitmap Heap Scan on sbtest6  (cost=5.52..425.14 rows=106 width=125)
	  Recheck Cond: ((k >= 843739) AND (k <= 843839))
	  ->  Bitmap Index Scan on k_6  (cost=0.00..5.50 rows=106 width=0)
	        Index Cond: ((k >= 843739) AND (k <= 843839))

table 7 : explain SELECT k, c FROM sbtest7 WHERE k BETWEEN 843739 AND 843839
	Bitmap Heap Scan on sbtest7  (cost=5.53..429.12 rows=107 width=125)
	  Recheck Cond: ((k >= 843739) AND (k <= 843839))
	  ->  Bitmap Index Scan on k_7  (cost=0.00..5.50 rows=107 width=0)
	        Index Cond: ((k >= 843739) AND (k <= 843839))

table 8 : explain SELECT k, c FROM sbtest8 WHERE k BETWEEN 843739 AND 843839
	Bitmap Heap Scan on sbtest8  (cost=5.49..413.34 rows=103 width=125)
	  Recheck Cond: ((k >= 843739) AND (k <= 843839))
	  ->  Bitmap Index Scan on k_8  (cost=0.00..5.46 rows=103 width=0)
	        Index Cond: ((k >= 843739) AND (k <= 843839))

explain: for range-notcovered :: explain SELECT k, c FROM sbtest%d WHERE k BETWEEN 5263201 AND 5263301
for range-notcovered
table 1 : explain SELECT k, c FROM sbtest1 WHERE k BETWEEN 5254425 AND 5254525
	Bitmap Heap Scan on sbtest1  (cost=5.46..401.48 rows=100 width=125)
	  Recheck Cond: ((k >= 5254425) AND (k <= 5254525))
	  ->  Bitmap Index Scan on k_1  (cost=0.00..5.43 rows=100 width=0)
	        Index Cond: ((k >= 5254425) AND (k <= 5254525))

table 2 : explain SELECT k, c FROM sbtest2 WHERE k BETWEEN 5254425 AND 5254525
	Bitmap Heap Scan on sbtest2  (cost=5.58..448.75 rows=112 width=125)
	  Recheck Cond: ((k >= 5254425) AND (k <= 5254525))
	  ->  Bitmap Index Scan on k_2  (cost=0.00..5.55 rows=112 width=0)
	        Index Cond: ((k >= 5254425) AND (k <= 5254525))

table 3 : explain SELECT k, c FROM sbtest3 WHERE k BETWEEN 5254425 AND 5254525
	Bitmap Heap Scan on sbtest3  (cost=5.49..413.30 rows=103 width=125)
	  Recheck Cond: ((k >= 5254425) AND (k <= 5254525))
	  ->  Bitmap Index Scan on k_3  (cost=0.00..5.46 rows=103 width=0)
	        Index Cond: ((k >= 5254425) AND (k <= 5254525))

table 4 : explain SELECT k, c FROM sbtest4 WHERE k BETWEEN 5254425 AND 5254525
	Bitmap Heap Scan on sbtest4  (cost=5.41..381.75 rows=95 width=125)
	  Recheck Cond: ((k >= 5254425) AND (k <= 5254525))
	  ->  Bitmap Index Scan on k_4  (cost=0.00..5.38 rows=95 width=0)
	        Index Cond: ((k >= 5254425) AND (k <= 5254525))

table 5 : explain SELECT k, c FROM sbtest5 WHERE k BETWEEN 5254425 AND 5254525
	Bitmap Heap Scan on sbtest5  (cost=5.55..436.99 rows=109 width=125)
	  Recheck Cond: ((k >= 5254425) AND (k <= 5254525))
	  ->  Bitmap Index Scan on k_5  (cost=0.00..5.52 rows=109 width=0)
	        Index Cond: ((k >= 5254425) AND (k <= 5254525))

table 6 : explain SELECT k, c FROM sbtest6 WHERE k BETWEEN 5254425 AND 5254525
	Bitmap Heap Scan on sbtest6  (cost=5.51..421.19 rows=105 width=125)
	  Recheck Cond: ((k >= 5254425) AND (k <= 5254525))
	  ->  Bitmap Index Scan on k_6  (cost=0.00..5.48 rows=105 width=0)
	        Index Cond: ((k >= 5254425) AND (k <= 5254525))

table 7 : explain SELECT k, c FROM sbtest7 WHERE k BETWEEN 5254425 AND 5254525
	Bitmap Heap Scan on sbtest7  (cost=5.36..362.06 rows=90 width=125)
	  Recheck Cond: ((k >= 5254425) AND (k <= 5254525))
	  ->  Bitmap Index Scan on k_7  (cost=0.00..5.33 rows=90 width=0)
	        Index Cond: ((k >= 5254425) AND (k <= 5254525))

table 8 : explain SELECT k, c FROM sbtest8 WHERE k BETWEEN 5254425 AND 5254525
	Bitmap Heap Scan on sbtest8  (cost=5.52..425.17 rows=106 width=125)
	  Recheck Cond: ((k >= 5254425) AND (k <= 5254525))
	  ->  Bitmap Index Scan on k_8  (cost=0.00..5.50 rows=106 width=0)
	        Index Cond: ((k >= 5254425) AND (k <= 5254525))

for range-notcovered
table 1 : explain SELECT k, c FROM sbtest1 WHERE k BETWEEN 2885741 AND 2885841
	Bitmap Heap Scan on sbtest1  (cost=5.48..409.36 rows=102 width=125)
	  Recheck Cond: ((k >= 2885741) AND (k <= 2885841))
	  ->  Bitmap Index Scan on k_1  (cost=0.00..5.45 rows=102 width=0)
	        Index Cond: ((k >= 2885741) AND (k <= 2885841))

table 2 : explain SELECT k, c FROM sbtest2 WHERE k BETWEEN 2885741 AND 2885841
	Bitmap Heap Scan on sbtest2  (cost=5.50..417.24 rows=104 width=125)
	  Recheck Cond: ((k >= 2885741) AND (k <= 2885841))
	  ->  Bitmap Index Scan on k_2  (cost=0.00..5.47 rows=104 width=0)
	        Index Cond: ((k >= 2885741) AND (k <= 2885841))

table 3 : explain SELECT k, c FROM sbtest3 WHERE k BETWEEN 2885741 AND 2885841
	Bitmap Heap Scan on sbtest3  (cost=5.47..405.41 rows=101 width=125)
	  Recheck Cond: ((k >= 2885741) AND (k <= 2885841))
	  ->  Bitmap Index Scan on k_3  (cost=0.00..5.44 rows=101 width=0)
	        Index Cond: ((k >= 2885741) AND (k <= 2885841))

table 4 : explain SELECT k, c FROM sbtest4 WHERE k BETWEEN 2885741 AND 2885841
	Bitmap Heap Scan on sbtest4  (cost=5.50..417.24 rows=104 width=125)
	  Recheck Cond: ((k >= 2885741) AND (k <= 2885841))
	  ->  Bitmap Index Scan on k_4  (cost=0.00..5.47 rows=104 width=0)
	        Index Cond: ((k >= 2885741) AND (k <= 2885841))

table 5 : explain SELECT k, c FROM sbtest5 WHERE k BETWEEN 2885741 AND 2885841
	Bitmap Heap Scan on sbtest5  (cost=5.51..421.23 rows=105 width=125)
	  Recheck Cond: ((k >= 2885741) AND (k <= 2885841))
	  ->  Bitmap Index Scan on k_5  (cost=0.00..5.48 rows=105 width=0)
	        Index Cond: ((k >= 2885741) AND (k <= 2885841))

table 6 : explain SELECT k, c FROM sbtest6 WHERE k BETWEEN 2885741 AND 2885841
	Bitmap Heap Scan on sbtest6  (cost=5.53..429.08 rows=107 width=125)
	  Recheck Cond: ((k >= 2885741) AND (k <= 2885841))
	  ->  Bitmap Index Scan on k_6  (cost=0.00..5.50 rows=107 width=0)
	        Index Cond: ((k >= 2885741) AND (k <= 2885841))

table 7 : explain SELECT k, c FROM sbtest7 WHERE k BETWEEN 2885741 AND 2885841
	Bitmap Heap Scan on sbtest7  (cost=5.51..421.23 rows=105 width=125)
	  Recheck Cond: ((k >= 2885741) AND (k <= 2885841))
	  ->  Bitmap Index Scan on k_7  (cost=0.00..5.48 rows=105 width=0)
	        Index Cond: ((k >= 2885741) AND (k <= 2885841))

table 8 : explain SELECT k, c FROM sbtest8 WHERE k BETWEEN 2885741 AND 2885841
	Bitmap Heap Scan on sbtest8  (cost=5.52..425.17 rows=106 width=125)
	  Recheck Cond: ((k >= 2885741) AND (k <= 2885841))
	  ->  Bitmap Index Scan on k_8  (cost=0.00..5.50 rows=106 width=0)
	        Index Cond: ((k >= 2885741) AND (k <= 2885841))

explain: for range-notcovered :: explain SELECT k, c FROM sbtest%d WHERE k BETWEEN 5254425 AND 5254525
for range-notcovered
table 1 : explain SELECT k, c FROM sbtest1 WHERE k BETWEEN 4170423 AND 4170523
	Bitmap Heap Scan on sbtest1  (cost=5.44..393.59 rows=98 width=125)
	  Recheck Cond: ((k >= 4170423) AND (k <= 4170523))
	  ->  Bitmap Index Scan on k_1  (cost=0.00..5.42 rows=98 width=0)
	        Index Cond: ((k >= 4170423) AND (k <= 4170523))

table 2 : explain SELECT k, c FROM sbtest2 WHERE k BETWEEN 4170423 AND 4170523
	Bitmap Heap Scan on sbtest2  (cost=5.56..440.88 rows=110 width=125)
	  Recheck Cond: ((k >= 4170423) AND (k <= 4170523))
	  ->  Bitmap Index Scan on k_2  (cost=0.00..5.53 rows=110 width=0)
	        Index Cond: ((k >= 4170423) AND (k <= 4170523))

table 3 : explain SELECT k, c FROM sbtest3 WHERE k BETWEEN 4170423 AND 4170523
	Bitmap Heap Scan on sbtest3  (cost=5.48..409.36 rows=102 width=125)
	  Recheck Cond: ((k >= 4170423) AND (k <= 4170523))
	  ->  Bitmap Index Scan on k_3  (cost=0.00..5.45 rows=102 width=0)
	        Index Cond: ((k >= 4170423) AND (k <= 4170523))

table 4 : explain SELECT k, c FROM sbtest4 WHERE k BETWEEN 4170423 AND 4170523
	Bitmap Heap Scan on sbtest4  (cost=5.49..413.30 rows=103 width=125)
	  Recheck Cond: ((k >= 4170423) AND (k <= 4170523))
	  ->  Bitmap Index Scan on k_4  (cost=0.00..5.46 rows=103 width=0)
	        Index Cond: ((k >= 4170423) AND (k <= 4170523))

table 5 : explain SELECT k, c FROM sbtest5 WHERE k BETWEEN 4170423 AND 4170523
	Bitmap Heap Scan on sbtest5  (cost=5.41..381.79 rows=95 width=125)
	  Recheck Cond: ((k >= 4170423) AND (k <= 4170523))
	  ->  Bitmap Index Scan on k_5  (cost=0.00..5.38 rows=95 width=0)
	        Index Cond: ((k >= 4170423) AND (k <= 4170523))

table 6 : explain SELECT k, c FROM sbtest6 WHERE k BETWEEN 4170423 AND 4170523
	Bitmap Heap Scan on sbtest6  (cost=5.57..444.83 rows=111 width=125)
	  Recheck Cond: ((k >= 4170423) AND (k <= 4170523))
	  ->  Bitmap Index Scan on k_6  (cost=0.00..5.54 rows=111 width=0)
	        Index Cond: ((k >= 4170423) AND (k <= 4170523))

table 7 : explain SELECT k, c FROM sbtest7 WHERE k BETWEEN 4170423 AND 4170523
	Bitmap Heap Scan on sbtest7  (cost=5.50..417.29 rows=104 width=125)
	  Recheck Cond: ((k >= 4170423) AND (k <= 4170523))
	  ->  Bitmap Index Scan on k_7  (cost=0.00..5.47 rows=104 width=0)
	        Index Cond: ((k >= 4170423) AND (k <= 4170523))

table 8 : explain SELECT k, c FROM sbtest8 WHERE k BETWEEN 4170423 AND 4170523
	Bitmap Heap Scan on sbtest8  (cost=5.47..405.46 rows=101 width=125)
	  Recheck Cond: ((k >= 4170423) AND (k <= 4170523))
	  ->  Bitmap Index Scan on k_8  (cost=0.00..5.44 rows=101 width=0)
	        Index Cond: ((k >= 4170423) AND (k <= 4170523))

explain: for range-notcovered :: explain SELECT k, c FROM sbtest%d WHERE k BETWEEN 2885741 AND 2885841
for range-notcovered
table 1 : explain SELECT k, c FROM sbtest1 WHERE k BETWEEN 7238566 AND 7238666
	Bitmap Heap Scan on sbtest1  (cost=5.46..401.48 rows=100 width=125)
	  Recheck Cond: ((k >= 7238566) AND (k <= 7238666))
	  ->  Bitmap Index Scan on k_1  (cost=0.00..5.43 rows=100 width=0)
	        Index Cond: ((k >= 7238566) AND (k <= 7238666))

table 2 : explain SELECT k, c FROM sbtest2 WHERE k BETWEEN 7238566 AND 7238666
	Bitmap Heap Scan on sbtest2  (cost=5.42..385.69 rows=96 width=125)
	  Recheck Cond: ((k >= 7238566) AND (k <= 7238666))
	  ->  Bitmap Index Scan on k_2  (cost=0.00..5.39 rows=96 width=0)
	        Index Cond: ((k >= 7238566) AND (k <= 7238666))

table 3 : explain SELECT k, c FROM sbtest3 WHERE k BETWEEN 7238566 AND 7238666
	Bitmap Heap Scan on sbtest3  (cost=5.43..389.64 rows=97 width=125)
	  Recheck Cond: ((k >= 7238566) AND (k <= 7238666))
	  ->  Bitmap Index Scan on k_3  (cost=0.00..5.40 rows=97 width=0)
	        Index Cond: ((k >= 7238566) AND (k <= 7238666))

table 4 : explain SELECT k, c FROM sbtest4 WHERE k BETWEEN 7238566 AND 7238666
	Bitmap Heap Scan on sbtest4  (cost=5.37..365.97 rows=91 width=125)
	  Recheck Cond: ((k >= 7238566) AND (k <= 7238666))
	  ->  Bitmap Index Scan on k_4  (cost=0.00..5.34 rows=91 width=0)
	        Index Cond: ((k >= 7238566) AND (k <= 7238666))

table 5 : explain SELECT k, c FROM sbtest5 WHERE k BETWEEN 7238566 AND 7238666
	Bitmap Heap Scan on sbtest5  (cost=5.51..421.23 rows=105 width=125)
	  Recheck Cond: ((k >= 7238566) AND (k <= 7238666))
	  ->  Bitmap Index Scan on k_5  (cost=0.00..5.48 rows=105 width=0)
	        Index Cond: ((k >= 7238566) AND (k <= 7238666))

table 6 : explain SELECT k, c FROM sbtest6 WHERE k BETWEEN 7238566 AND 7238666
	Bitmap Heap Scan on sbtest6  (cost=5.54..433.02 rows=108 width=125)
	  Recheck Cond: ((k >= 7238566) AND (k <= 7238666))
	  ->  Bitmap Index Scan on k_6  (cost=0.00..5.51 rows=108 width=0)
	        Index Cond: ((k >= 7238566) AND (k <= 7238666))

table 7 : explain SELECT k, c FROM sbtest7 WHERE k BETWEEN 7238566 AND 7238666
	Bitmap Heap Scan on sbtest7  (cost=5.56..440.94 rows=110 width=125)
	  Recheck Cond: ((k >= 7238566) AND (k <= 7238666))
	  ->  Bitmap Index Scan on k_7  (cost=0.00..5.53 rows=110 width=0)
	        Index Cond: ((k >= 7238566) AND (k <= 7238666))

table 8 : explain SELECT k, c FROM sbtest8 WHERE k BETWEEN 7238566 AND 7238666
	Bitmap Heap Scan on sbtest8  (cost=5.50..417.29 rows=104 width=125)
	  Recheck Cond: ((k >= 7238566) AND (k <= 7238666))
	  ->  Bitmap Index Scan on k_8  (cost=0.00..5.47 rows=104 width=0)
	        Index Cond: ((k >= 7238566) AND (k <= 7238666))

for range-notcovered
table 1 : explain SELECT k, c FROM sbtest1 WHERE k BETWEEN 3246183 AND 3246283
	Bitmap Heap Scan on sbtest1  (cost=5.59..452.70 rows=113 width=125)
	  Recheck Cond: ((k >= 3246183) AND (k <= 3246283))
	  ->  Bitmap Index Scan on k_1  (cost=0.00..5.56 rows=113 width=0)
	        Index Cond: ((k >= 3246183) AND (k <= 3246283))

table 2 : explain SELECT k, c FROM sbtest2 WHERE k BETWEEN 3246183 AND 3246283
	Bitmap Heap Scan on sbtest2  (cost=5.44..393.58 rows=98 width=125)
	  Recheck Cond: ((k >= 3246183) AND (k <= 3246283))
	  ->  Bitmap Index Scan on k_2  (cost=0.00..5.42 rows=98 width=0)
	        Index Cond: ((k >= 3246183) AND (k <= 3246283))

table 3 : explain SELECT k, c FROM sbtest3 WHERE k BETWEEN 3246183 AND 3246283
	Bitmap Heap Scan on sbtest3  (cost=5.53..429.06 rows=107 width=125)
	  Recheck Cond: ((k >= 3246183) AND (k <= 3246283))
	  ->  Bitmap Index Scan on k_3  (cost=0.00..5.50 rows=107 width=0)
	        Index Cond: ((k >= 3246183) AND (k <= 3246283))

table 4 : explain SELECT k, c FROM sbtest4 WHERE k BETWEEN 3246183 AND 3246283
	Bitmap Heap Scan on sbtest4  (cost=5.50..417.24 rows=104 width=125)
	  Recheck Cond: ((k >= 3246183) AND (k <= 3246283))
	  ->  Bitmap Index Scan on k_4  (cost=0.00..5.47 rows=104 width=0)
	        Index Cond: ((k >= 3246183) AND (k <= 3246283))

table 5 : explain SELECT k, c FROM sbtest5 WHERE k BETWEEN 3246183 AND 3246283
	Bitmap Heap Scan on sbtest5  (cost=5.43..389.68 rows=97 width=125)
	  Recheck Cond: ((k >= 3246183) AND (k <= 3246283))
	  ->  Bitmap Index Scan on k_5  (cost=0.00..5.40 rows=97 width=0)
	        Index Cond: ((k >= 3246183) AND (k <= 3246283))

table 6 : explain SELECT k, c FROM sbtest6 WHERE k BETWEEN 3246183 AND 3246283
	Bitmap Heap Scan on sbtest6  (cost=5.38..369.93 rows=92 width=125)
	  Recheck Cond: ((k >= 3246183) AND (k <= 3246283))
	  ->  Bitmap Index Scan on k_6  (cost=0.00..5.35 rows=92 width=0)
	        Index Cond: ((k >= 3246183) AND (k <= 3246283))

table 7 : explain SELECT k, c FROM sbtest7 WHERE k BETWEEN 3246183 AND 3246283
	Bitmap Heap Scan on sbtest7  (cost=5.51..421.23 rows=105 width=125)
	  Recheck Cond: ((k >= 3246183) AND (k <= 3246283))
	  ->  Bitmap Index Scan on k_7  (cost=0.00..5.48 rows=105 width=0)
	        Index Cond: ((k >= 3246183) AND (k <= 3246283))

table 8 : explain SELECT k, c FROM sbtest8 WHERE k BETWEEN 3246183 AND 3246283
	Bitmap Heap Scan on sbtest8  (cost=5.45..397.57 rows=99 width=125)
	  Recheck Cond: ((k >= 3246183) AND (k <= 3246283))
	  ->  Bitmap Index Scan on k_8  (cost=0.00..5.42 rows=99 width=0)
	        Index Cond: ((k >= 3246183) AND (k <= 3246283))

explain: for range-notcovered :: explain SELECT k, c FROM sbtest%d WHERE k BETWEEN 7238566 AND 7238666
for range-notcovered
table 1 : explain SELECT k, c FROM sbtest1 WHERE k BETWEEN 5802285 AND 5802385
	Bitmap Heap Scan on sbtest1  (cost=5.53..429.07 rows=107 width=125)
	  Recheck Cond: ((k >= 5802285) AND (k <= 5802385))
	  ->  Bitmap Index Scan on k_1  (cost=0.00..5.50 rows=107 width=0)
	        Index Cond: ((k >= 5802285) AND (k <= 5802385))

table 2 : explain SELECT k, c FROM sbtest2 WHERE k BETWEEN 5802285 AND 5802385
	Bitmap Heap Scan on sbtest2  (cost=5.52..425.12 rows=106 width=125)
	  Recheck Cond: ((k >= 5802285) AND (k <= 5802385))
	  ->  Bitmap Index Scan on k_2  (cost=0.00..5.50 rows=106 width=0)
	        Index Cond: ((k >= 5802285) AND (k <= 5802385))

table 3 : explain SELECT k, c FROM sbtest3 WHERE k BETWEEN 5802285 AND 5802385
	Bitmap Heap Scan on sbtest3  (cost=5.45..397.53 rows=99 width=125)
	  Recheck Cond: ((k >= 5802285) AND (k <= 5802385))
	  ->  Bitmap Index Scan on k_3  (cost=0.00..5.42 rows=99 width=0)
	        Index Cond: ((k >= 5802285) AND (k <= 5802385))

table 4 : explain SELECT k, c FROM sbtest4 WHERE k BETWEEN 5802285 AND 5802385
	Bitmap Heap Scan on sbtest4  (cost=5.54..433.00 rows=108 width=125)
	  Recheck Cond: ((k >= 5802285) AND (k <= 5802385))
	  ->  Bitmap Index Scan on k_4  (cost=0.00..5.51 rows=108 width=0)
	        Index Cond: ((k >= 5802285) AND (k <= 5802385))

table 5 : explain SELECT k, c FROM sbtest5 WHERE k BETWEEN 5802285 AND 5802385
	Bitmap Heap Scan on sbtest5  (cost=5.53..429.11 rows=107 width=125)
	  Recheck Cond: ((k >= 5802285) AND (k <= 5802385))
	  ->  Bitmap Index Scan on k_5  (cost=0.00..5.50 rows=107 width=0)
	        Index Cond: ((k >= 5802285) AND (k <= 5802385))

table 6 : explain SELECT k, c FROM sbtest6 WHERE k BETWEEN 5802285 AND 5802385
	Bitmap Heap Scan on sbtest6  (cost=5.47..405.43 rows=101 width=125)
	  Recheck Cond: ((k >= 5802285) AND (k <= 5802385))
	  ->  Bitmap Index Scan on k_6  (cost=0.00..5.44 rows=101 width=0)
	        Index Cond: ((k >= 5802285) AND (k <= 5802385))

table 7 : explain SELECT k, c FROM sbtest7 WHERE k BETWEEN 5802285 AND 5802385
	Bitmap Heap Scan on sbtest7  (cost=5.57..444.88 rows=111 width=125)
	  Recheck Cond: ((k >= 5802285) AND (k <= 5802385))
	  ->  Bitmap Index Scan on k_7  (cost=0.00..5.54 rows=111 width=0)
	        Index Cond: ((k >= 5802285) AND (k <= 5802385))

table 8 : explain SELECT k, c FROM sbtest8 WHERE k BETWEEN 5802285 AND 5802385
	Bitmap Heap Scan on sbtest8  (cost=5.51..421.23 rows=105 width=125)
	  Recheck Cond: ((k >= 5802285) AND (k <= 5802385))
	  ->  Bitmap Index Scan on k_8  (cost=0.00..5.48 rows=105 width=0)
	        Index Cond: ((k >= 5802285) AND (k <= 5802385))

explain: for range-notcovered :: explain SELECT k, c FROM sbtest%d WHERE k BETWEEN 3246183 AND 3246283
explain: for range-notcovered :: explain SELECT k, c FROM sbtest%d WHERE k BETWEEN 5802285 AND 5802385
for range-notcovered
table 1 : explain SELECT k, c FROM sbtest1 WHERE k BETWEEN 3520505 AND 3520605
	Bitmap Heap Scan on sbtest1  (cost=5.47..405.42 rows=101 width=125)
	  Recheck Cond: ((k >= 3520505) AND (k <= 3520605))
	  ->  Bitmap Index Scan on k_1  (cost=0.00..5.44 rows=101 width=0)
	        Index Cond: ((k >= 3520505) AND (k <= 3520605))

table 2 : explain SELECT k, c FROM sbtest2 WHERE k BETWEEN 3520505 AND 3520605
	Bitmap Heap Scan on sbtest2  (cost=5.45..397.53 rows=99 width=125)
	  Recheck Cond: ((k >= 3520505) AND (k <= 3520605))
	  ->  Bitmap Index Scan on k_2  (cost=0.00..5.42 rows=99 width=0)
	        Index Cond: ((k >= 3520505) AND (k <= 3520605))

table 3 : explain SELECT k, c FROM sbtest3 WHERE k BETWEEN 3520505 AND 3520605
	Bitmap Heap Scan on sbtest3  (cost=5.48..409.36 rows=102 width=125)
	  Recheck Cond: ((k >= 3520505) AND (k <= 3520605))
	  ->  Bitmap Index Scan on k_3  (cost=0.00..5.45 rows=102 width=0)
	        Index Cond: ((k >= 3520505) AND (k <= 3520605))

table 4 : explain SELECT k, c FROM sbtest4 WHERE k BETWEEN 3520505 AND 3520605
	Bitmap Heap Scan on sbtest4  (cost=5.44..393.58 rows=98 width=125)
	  Recheck Cond: ((k >= 3520505) AND (k <= 3520605))
	  ->  Bitmap Index Scan on k_4  (cost=0.00..5.42 rows=98 width=0)
	        Index Cond: ((k >= 3520505) AND (k <= 3520605))

table 5 : explain SELECT k, c FROM sbtest5 WHERE k BETWEEN 3520505 AND 3520605
	Bitmap Heap Scan on sbtest5  (cost=5.58..448.81 rows=112 width=125)
	  Recheck Cond: ((k >= 3520505) AND (k <= 3520605))
	  ->  Bitmap Index Scan on k_5  (cost=0.00..5.55 rows=112 width=0)
	        Index Cond: ((k >= 3520505) AND (k <= 3520605))

table 6 : explain SELECT k, c FROM sbtest6 WHERE k BETWEEN 3520505 AND 3520605
	Bitmap Heap Scan on sbtest6  (cost=5.42..385.71 rows=96 width=125)
	  Recheck Cond: ((k >= 3520505) AND (k <= 3520605))
	  ->  Bitmap Index Scan on k_6  (cost=0.00..5.39 rows=96 width=0)
	        Index Cond: ((k >= 3520505) AND (k <= 3520605))

table 7 : explain SELECT k, c FROM sbtest7 WHERE k BETWEEN 3520505 AND 3520605
	Bitmap Heap Scan on sbtest7  (cost=5.50..417.29 rows=104 width=125)
	  Recheck Cond: ((k >= 3520505) AND (k <= 3520605))
	  ->  Bitmap Index Scan on k_7  (cost=0.00..5.47 rows=104 width=0)
	        Index Cond: ((k >= 3520505) AND (k <= 3520605))

table 8 : explain SELECT k, c FROM sbtest8 WHERE k BETWEEN 3520505 AND 3520605
	Bitmap Heap Scan on sbtest8  (cost=5.37..366.01 rows=91 width=125)
	  Recheck Cond: ((k >= 3520505) AND (k <= 3520605))
	  ->  Bitmap Index Scan on k_8  (cost=0.00..5.34 rows=91 width=0)
	        Index Cond: ((k >= 3520505) AND (k <= 3520605))

explain: for range-notcovered :: explain SELECT k, c FROM sbtest%d WHERE k BETWEEN 3520505 AND 3520605
for range-notcovered
table 1 : explain SELECT k, c FROM sbtest1 WHERE k BETWEEN 5231136 AND 5231236
	Bitmap Heap Scan on sbtest1  (cost=5.46..401.48 rows=100 width=125)
	  Recheck Cond: ((k >= 5231136) AND (k <= 5231236))
	  ->  Bitmap Index Scan on k_1  (cost=0.00..5.43 rows=100 width=0)
	        Index Cond: ((k >= 5231136) AND (k <= 5231236))

table 2 : explain SELECT k, c FROM sbtest2 WHERE k BETWEEN 5231136 AND 5231236
	Bitmap Heap Scan on sbtest2  (cost=5.58..448.75 rows=112 width=125)
	  Recheck Cond: ((k >= 5231136) AND (k <= 5231236))
	  ->  Bitmap Index Scan on k_2  (cost=0.00..5.55 rows=112 width=0)
	        Index Cond: ((k >= 5231136) AND (k <= 5231236))

table 3 : explain SELECT k, c FROM sbtest3 WHERE k BETWEEN 5231136 AND 5231236
	Bitmap Heap Scan on sbtest3  (cost=5.49..413.30 rows=103 width=125)
	  Recheck Cond: ((k >= 5231136) AND (k <= 5231236))
	  ->  Bitmap Index Scan on k_3  (cost=0.00..5.46 rows=103 width=0)
	        Index Cond: ((k >= 5231136) AND (k <= 5231236))

table 4 : explain SELECT k, c FROM sbtest4 WHERE k BETWEEN 5231136 AND 5231236
	Bitmap Heap Scan on sbtest4  (cost=5.45..397.53 rows=99 width=125)
	  Recheck Cond: ((k >= 5231136) AND (k <= 5231236))
	  ->  Bitmap Index Scan on k_4  (cost=0.00..5.42 rows=99 width=0)
	        Index Cond: ((k >= 5231136) AND (k <= 5231236))

table 5 : explain SELECT k, c FROM sbtest5 WHERE k BETWEEN 5231136 AND 5231236
	Bitmap Heap Scan on sbtest5  (cost=5.45..397.57 rows=99 width=125)
	  Recheck Cond: ((k >= 5231136) AND (k <= 5231236))
	  ->  Bitmap Index Scan on k_5  (cost=0.00..5.42 rows=99 width=0)
	        Index Cond: ((k >= 5231136) AND (k <= 5231236))

table 6 : explain SELECT k, c FROM sbtest6 WHERE k BETWEEN 5231136 AND 5231236
	Bitmap Heap Scan on sbtest6  (cost=5.51..421.19 rows=105 width=125)
	  Recheck Cond: ((k >= 5231136) AND (k <= 5231236))
	  ->  Bitmap Index Scan on k_6  (cost=0.00..5.48 rows=105 width=0)
	        Index Cond: ((k >= 5231136) AND (k <= 5231236))

table 7 : explain SELECT k, c FROM sbtest7 WHERE k BETWEEN 5231136 AND 5231236
	Bitmap Heap Scan on sbtest7  (cost=5.36..362.06 rows=90 width=125)
	  Recheck Cond: ((k >= 5231136) AND (k <= 5231236))
	  ->  Bitmap Index Scan on k_7  (cost=0.00..5.33 rows=90 width=0)
	        Index Cond: ((k >= 5231136) AND (k <= 5231236))

table 8 : explain SELECT k, c FROM sbtest8 WHERE k BETWEEN 5231136 AND 5231236
	Bitmap Heap Scan on sbtest8  (cost=5.50..417.29 rows=104 width=125)
	  Recheck Cond: ((k >= 5231136) AND (k <= 5231236))
	  ->  Bitmap Index Scan on k_8  (cost=0.00..5.47 rows=104 width=0)
	        Index Cond: ((k >= 5231136) AND (k <= 5231236))

for range-notcovered
table 1 : explain SELECT k, c FROM sbtest1 WHERE k BETWEEN 3896990 AND 3897090
	Bitmap Heap Scan on sbtest1  (cost=5.54..433.01 rows=108 width=125)
	  Recheck Cond: ((k >= 3896990) AND (k <= 3897090))
	  ->  Bitmap Index Scan on k_1  (cost=0.00..5.51 rows=108 width=0)
	        Index Cond: ((k >= 3896990) AND (k <= 3897090))

table 2 : explain SELECT k, c FROM sbtest2 WHERE k BETWEEN 3896990 AND 3897090
	Bitmap Heap Scan on sbtest2  (cost=5.44..393.58 rows=98 width=125)
	  Recheck Cond: ((k >= 3896990) AND (k <= 3897090))
	  ->  Bitmap Index Scan on k_2  (cost=0.00..5.42 rows=98 width=0)
	        Index Cond: ((k >= 3896990) AND (k <= 3897090))

table 3 : explain SELECT k, c FROM sbtest3 WHERE k BETWEEN 3896990 AND 3897090
	Bitmap Heap Scan on sbtest3  (cost=5.53..429.06 rows=107 width=125)
	  Recheck Cond: ((k >= 3896990) AND (k <= 3897090))
	  ->  Bitmap Index Scan on k_3  (cost=0.00..5.50 rows=107 width=0)
	        Index Cond: ((k >= 3896990) AND (k <= 3897090))

table 4 : explain SELECT k, c FROM sbtest4 WHERE k BETWEEN 3896990 AND 3897090
	Bitmap Heap Scan on sbtest4  (cost=5.42..385.69 rows=96 width=125)
	  Recheck Cond: ((k >= 3896990) AND (k <= 3897090))
	  ->  Bitmap Index Scan on k_4  (cost=0.00..5.39 rows=96 width=0)
	        Index Cond: ((k >= 3896990) AND (k <= 3897090))

table 5 : explain SELECT k, c FROM sbtest5 WHERE k BETWEEN 3896990 AND 3897090
	Bitmap Heap Scan on sbtest5  (cost=5.45..397.57 rows=99 width=125)
	  Recheck Cond: ((k >= 3896990) AND (k <= 3897090))
	  ->  Bitmap Index Scan on k_5  (cost=0.00..5.42 rows=99 width=0)
	        Index Cond: ((k >= 3896990) AND (k <= 3897090))

table 6 : explain SELECT k, c FROM sbtest6 WHERE k BETWEEN 3896990 AND 3897090
	Bitmap Heap Scan on sbtest6  (cost=5.54..433.02 rows=108 width=125)
	  Recheck Cond: ((k >= 3896990) AND (k <= 3897090))
	  ->  Bitmap Index Scan on k_6  (cost=0.00..5.51 rows=108 width=0)
	        Index Cond: ((k >= 3896990) AND (k <= 3897090))

table 7 : explain SELECT k, c FROM sbtest7 WHERE k BETWEEN 3896990 AND 3897090
	Bitmap Heap Scan on sbtest7  (cost=5.38..369.96 rows=92 width=125)
	  Recheck Cond: ((k >= 3896990) AND (k <= 3897090))
	  ->  Bitmap Index Scan on k_7  (cost=0.00..5.35 rows=92 width=0)
	        Index Cond: ((k >= 3896990) AND (k <= 3897090))

table 8 : explain SELECT k, c FROM sbtest8 WHERE k BETWEEN 3896990 AND 3897090
	Bitmap Heap Scan on sbtest8  (cost=5.49..413.34 rows=103 width=125)
	  Recheck Cond: ((k >= 3896990) AND (k <= 3897090))
	  ->  Bitmap Index Scan on k_8  (cost=0.00..5.46 rows=103 width=0)
	        Index Cond: ((k >= 3896990) AND (k <= 3897090))

explain: for range-notcovered :: explain SELECT k, c FROM sbtest%d WHERE k BETWEEN 5231136 AND 5231236
explain: for range-notcovered :: explain SELECT k, c FROM sbtest%d WHERE k BETWEEN 3896990 AND 3897090
for range-notcovered
table 1 : explain SELECT k, c FROM sbtest1 WHERE k BETWEEN 6055677 AND 6055777
	Bitmap Heap Scan on sbtest1  (cost=5.48..409.36 rows=102 width=125)
	  Recheck Cond: ((k >= 6055677) AND (k <= 6055777))
	  ->  Bitmap Index Scan on k_1  (cost=0.00..5.45 rows=102 width=0)
	        Index Cond: ((k >= 6055677) AND (k <= 6055777))

table 2 : explain SELECT k, c FROM sbtest2 WHERE k BETWEEN 6055677 AND 6055777
	Bitmap Heap Scan on sbtest2  (cost=5.63..468.44 rows=117 width=125)
	  Recheck Cond: ((k >= 6055677) AND (k <= 6055777))
	  ->  Bitmap Index Scan on k_2  (cost=0.00..5.60 rows=117 width=0)
	        Index Cond: ((k >= 6055677) AND (k <= 6055777))

table 3 : explain SELECT k, c FROM sbtest3 WHERE k BETWEEN 6055677 AND 6055777
	Bitmap Heap Scan on sbtest3  (cost=5.60..456.63 rows=114 width=125)
	  Recheck Cond: ((k >= 6055677) AND (k <= 6055777))
	  ->  Bitmap Index Scan on k_3  (cost=0.00..5.58 rows=114 width=0)
	        Index Cond: ((k >= 6055677) AND (k <= 6055777))

table 4 : explain SELECT k, c FROM sbtest4 WHERE k BETWEEN 6055677 AND 6055777
	Bitmap Heap Scan on sbtest4  (cost=5.36..362.02 rows=90 width=125)
	  Recheck Cond: ((k >= 6055677) AND (k <= 6055777))
	  ->  Bitmap Index Scan on k_4  (cost=0.00..5.33 rows=90 width=0)
	        Index Cond: ((k >= 6055677) AND (k <= 6055777))

table 5 : explain SELECT k, c FROM sbtest5 WHERE k BETWEEN 6055677 AND 6055777
	Bitmap Heap Scan on sbtest5  (cost=5.43..389.68 rows=97 width=125)
	  Recheck Cond: ((k >= 6055677) AND (k <= 6055777))
	  ->  Bitmap Index Scan on k_5  (cost=0.00..5.40 rows=97 width=0)
	        Index Cond: ((k >= 6055677) AND (k <= 6055777))

table 6 : explain SELECT k, c FROM sbtest6 WHERE k BETWEEN 6055677 AND 6055777
	Bitmap Heap Scan on sbtest6  (cost=5.51..421.19 rows=105 width=125)
	  Recheck Cond: ((k >= 6055677) AND (k <= 6055777))
	  ->  Bitmap Index Scan on k_6  (cost=0.00..5.48 rows=105 width=0)
	        Index Cond: ((k >= 6055677) AND (k <= 6055777))

table 7 : explain SELECT k, c FROM sbtest7 WHERE k BETWEEN 6055677 AND 6055777
	Bitmap Heap Scan on sbtest7  (cost=5.53..429.12 rows=107 width=125)
	  Recheck Cond: ((k >= 6055677) AND (k <= 6055777))
	  ->  Bitmap Index Scan on k_7  (cost=0.00..5.50 rows=107 width=0)
	        Index Cond: ((k >= 6055677) AND (k <= 6055777))

table 8 : explain SELECT k, c FROM sbtest8 WHERE k BETWEEN 6055677 AND 6055777
	Bitmap Heap Scan on sbtest8  (cost=5.44..393.63 rows=98 width=125)
	  Recheck Cond: ((k >= 6055677) AND (k <= 6055777))
	  ->  Bitmap Index Scan on k_8  (cost=0.00..5.42 rows=98 width=0)
	        Index Cond: ((k >= 6055677) AND (k <= 6055777))

for range-notcovered
table 1 : explain SELECT k, c FROM sbtest1 WHERE k BETWEEN 5263201 AND 5263301
	Bitmap Heap Scan on sbtest1  (cost=5.46..401.48 rows=100 width=125)
	  Recheck Cond: ((k >= 5263201) AND (k <= 5263301))
	  ->  Bitmap Index Scan on k_1  (cost=0.00..5.43 rows=100 width=0)
	        Index Cond: ((k >= 5263201) AND (k <= 5263301))

table 2 : explain SELECT k, c FROM sbtest2 WHERE k BETWEEN 5263201 AND 5263301
	Bitmap Heap Scan on sbtest2  (cost=5.58..448.75 rows=112 width=125)
	  Recheck Cond: ((k >= 5263201) AND (k <= 5263301))
	  ->  Bitmap Index Scan on k_2  (cost=0.00..5.55 rows=112 width=0)
	        Index Cond: ((k >= 5263201) AND (k <= 5263301))

table 3 : explain SELECT k, c FROM sbtest3 WHERE k BETWEEN 5263201 AND 5263301
	Bitmap Heap Scan on sbtest3  (cost=5.49..413.30 rows=103 width=125)
	  Recheck Cond: ((k >= 5263201) AND (k <= 5263301))
	  ->  Bitmap Index Scan on k_3  (cost=0.00..5.46 rows=103 width=0)
	        Index Cond: ((k >= 5263201) AND (k <= 5263301))

table 4 : explain SELECT k, c FROM sbtest4 WHERE k BETWEEN 5263201 AND 5263301
	Bitmap Heap Scan on sbtest4  (cost=5.41..381.75 rows=95 width=125)
	  Recheck Cond: ((k >= 5263201) AND (k <= 5263301))
	  ->  Bitmap Index Scan on k_4  (cost=0.00..5.38 rows=95 width=0)
	        Index Cond: ((k >= 5263201) AND (k <= 5263301))

table 5 : explain SELECT k, c FROM sbtest5 WHERE k BETWEEN 5263201 AND 5263301
	Bitmap Heap Scan on sbtest5  (cost=5.55..436.99 rows=109 width=125)
	  Recheck Cond: ((k >= 5263201) AND (k <= 5263301))
	  ->  Bitmap Index Scan on k_5  (cost=0.00..5.52 rows=109 width=0)
	        Index Cond: ((k >= 5263201) AND (k <= 5263301))

table 6 : explain SELECT k, c FROM sbtest6 WHERE k BETWEEN 5263201 AND 5263301
	Bitmap Heap Scan on sbtest6  (cost=5.51..421.19 rows=105 width=125)
	  Recheck Cond: ((k >= 5263201) AND (k <= 5263301))
	  ->  Bitmap Index Scan on k_6  (cost=0.00..5.48 rows=105 width=0)
	        Index Cond: ((k >= 5263201) AND (k <= 5263301))

table 7 : explain SELECT k, c FROM sbtest7 WHERE k BETWEEN 5263201 AND 5263301
	Bitmap Heap Scan on sbtest7  (cost=5.36..362.06 rows=90 width=125)
	  Recheck Cond: ((k >= 5263201) AND (k <= 5263301))
	  ->  Bitmap Index Scan on k_7  (cost=0.00..5.33 rows=90 width=0)
	        Index Cond: ((k >= 5263201) AND (k <= 5263301))

table 8 : explain SELECT k, c FROM sbtest8 WHERE k BETWEEN 5263201 AND 5263301
	Bitmap Heap Scan on sbtest8  (cost=5.52..425.17 rows=106 width=125)
	  Recheck Cond: ((k >= 5263201) AND (k <= 5263301))
	  ->  Bitmap Index Scan on k_8  (cost=0.00..5.50 rows=106 width=0)
	        Index Cond: ((k >= 5263201) AND (k <= 5263301))

explain: for range-notcovered :: explain SELECT k, c FROM sbtest%d WHERE k BETWEEN 6055677 AND 6055777
for range-notcovered
table 1 : explain SELECT k, c FROM sbtest1 WHERE k BETWEEN 5254425 AND 5254525
	Bitmap Heap Scan on sbtest1  (cost=5.46..401.48 rows=100 width=125)
	  Recheck Cond: ((k >= 5254425) AND (k <= 5254525))
	  ->  Bitmap Index Scan on k_1  (cost=0.00..5.43 rows=100 width=0)
	        Index Cond: ((k >= 5254425) AND (k <= 5254525))

table 2 : explain SELECT k, c FROM sbtest2 WHERE k BETWEEN 5254425 AND 5254525
	Bitmap Heap Scan on sbtest2  (cost=5.58..448.75 rows=112 width=125)
	  Recheck Cond: ((k >= 5254425) AND (k <= 5254525))
	  ->  Bitmap Index Scan on k_2  (cost=0.00..5.55 rows=112 width=0)
	        Index Cond: ((k >= 5254425) AND (k <= 5254525))

table 3 : explain SELECT k, c FROM sbtest3 WHERE k BETWEEN 5254425 AND 5254525
	Bitmap Heap Scan on sbtest3  (cost=5.49..413.30 rows=103 width=125)
	  Recheck Cond: ((k >= 5254425) AND (k <= 5254525))
	  ->  Bitmap Index Scan on k_3  (cost=0.00..5.46 rows=103 width=0)
	        Index Cond: ((k >= 5254425) AND (k <= 5254525))

table 4 : explain SELECT k, c FROM sbtest4 WHERE k BETWEEN 5254425 AND 5254525
	Bitmap Heap Scan on sbtest4  (cost=5.41..381.75 rows=95 width=125)
	  Recheck Cond: ((k >= 5254425) AND (k <= 5254525))
	  ->  Bitmap Index Scan on k_4  (cost=0.00..5.38 rows=95 width=0)
	        Index Cond: ((k >= 5254425) AND (k <= 5254525))

table 5 : explain SELECT k, c FROM sbtest5 WHERE k BETWEEN 5254425 AND 5254525
	Bitmap Heap Scan on sbtest5  (cost=5.55..436.99 rows=109 width=125)
	  Recheck Cond: ((k >= 5254425) AND (k <= 5254525))
	  ->  Bitmap Index Scan on k_5  (cost=0.00..5.52 rows=109 width=0)
	        Index Cond: ((k >= 5254425) AND (k <= 5254525))

table 6 : explain SELECT k, c FROM sbtest6 WHERE k BETWEEN 5254425 AND 5254525
	Bitmap Heap Scan on sbtest6  (cost=5.51..421.19 rows=105 width=125)
	  Recheck Cond: ((k >= 5254425) AND (k <= 5254525))
	  ->  Bitmap Index Scan on k_6  (cost=0.00..5.48 rows=105 width=0)
	        Index Cond: ((k >= 5254425) AND (k <= 5254525))

table 7 : explain SELECT k, c FROM sbtest7 WHERE k BETWEEN 5254425 AND 5254525
	Bitmap Heap Scan on sbtest7  (cost=5.36..362.06 rows=90 width=125)
	  Recheck Cond: ((k >= 5254425) AND (k <= 5254525))
	  ->  Bitmap Index Scan on k_7  (cost=0.00..5.33 rows=90 width=0)
	        Index Cond: ((k >= 5254425) AND (k <= 5254525))

table 8 : explain SELECT k, c FROM sbtest8 WHERE k BETWEEN 5254425 AND 5254525
	Bitmap Heap Scan on sbtest8  (cost=5.52..425.17 rows=106 width=125)
	  Recheck Cond: ((k >= 5254425) AND (k <= 5254525))
	  ->  Bitmap Index Scan on k_8  (cost=0.00..5.50 rows=106 width=0)
	        Index Cond: ((k >= 5254425) AND (k <= 5254525))

for range-notcovered
table 1 : explain SELECT k, c FROM sbtest1 WHERE k BETWEEN 2885741 AND 2885841
	Bitmap Heap Scan on sbtest1  (cost=5.48..409.36 rows=102 width=125)
	  Recheck Cond: ((k >= 2885741) AND (k <= 2885841))
	  ->  Bitmap Index Scan on k_1  (cost=0.00..5.45 rows=102 width=0)
	        Index Cond: ((k >= 2885741) AND (k <= 2885841))

table 2 : explain SELECT k, c FROM sbtest2 WHERE k BETWEEN 2885741 AND 2885841
	Bitmap Heap Scan on sbtest2  (cost=5.50..417.24 rows=104 width=125)
	  Recheck Cond: ((k >= 2885741) AND (k <= 2885841))
	  ->  Bitmap Index Scan on k_2  (cost=0.00..5.47 rows=104 width=0)
	        Index Cond: ((k >= 2885741) AND (k <= 2885841))

table 3 : explain SELECT k, c FROM sbtest3 WHERE k BETWEEN 2885741 AND 2885841
	Bitmap Heap Scan on sbtest3  (cost=5.47..405.41 rows=101 width=125)
	  Recheck Cond: ((k >= 2885741) AND (k <= 2885841))
	  ->  Bitmap Index Scan on k_3  (cost=0.00..5.44 rows=101 width=0)
	        Index Cond: ((k >= 2885741) AND (k <= 2885841))

table 4 : explain SELECT k, c FROM sbtest4 WHERE k BETWEEN 2885741 AND 2885841
	Bitmap Heap Scan on sbtest4  (cost=5.50..417.24 rows=104 width=125)
	  Recheck Cond: ((k >= 2885741) AND (k <= 2885841))
	  ->  Bitmap Index Scan on k_4  (cost=0.00..5.47 rows=104 width=0)
	        Index Cond: ((k >= 2885741) AND (k <= 2885841))

table 5 : explain SELECT k, c FROM sbtest5 WHERE k BETWEEN 2885741 AND 2885841
	Bitmap Heap Scan on sbtest5  (cost=5.51..421.23 rows=105 width=125)
	  Recheck Cond: ((k >= 2885741) AND (k <= 2885841))
	  ->  Bitmap Index Scan on k_5  (cost=0.00..5.48 rows=105 width=0)
	        Index Cond: ((k >= 2885741) AND (k <= 2885841))

table 6 : explain SELECT k, c FROM sbtest6 WHERE k BETWEEN 2885741 AND 2885841
	Bitmap Heap Scan on sbtest6  (cost=5.53..429.08 rows=107 width=125)
	  Recheck Cond: ((k >= 2885741) AND (k <= 2885841))
	  ->  Bitmap Index Scan on k_6  (cost=0.00..5.50 rows=107 width=0)
	        Index Cond: ((k >= 2885741) AND (k <= 2885841))

table 7 : explain SELECT k, c FROM sbtest7 WHERE k BETWEEN 2885741 AND 2885841
	Bitmap Heap Scan on sbtest7  (cost=5.51..421.23 rows=105 width=125)
	  Recheck Cond: ((k >= 2885741) AND (k <= 2885841))
	  ->  Bitmap Index Scan on k_7  (cost=0.00..5.48 rows=105 width=0)
	        Index Cond: ((k >= 2885741) AND (k <= 2885841))

table 8 : explain SELECT k, c FROM sbtest8 WHERE k BETWEEN 2885741 AND 2885841
	Bitmap Heap Scan on sbtest8  (cost=5.52..425.17 rows=106 width=125)
	  Recheck Cond: ((k >= 2885741) AND (k <= 2885841))
	  ->  Bitmap Index Scan on k_8  (cost=0.00..5.50 rows=106 width=0)
	        Index Cond: ((k >= 2885741) AND (k <= 2885841))

explain: for range-notcovered :: explain SELECT k, c FROM sbtest%d WHERE k BETWEEN 5254425 AND 5254525
explain: for range-notcovered :: explain SELECT k, c FROM sbtest%d WHERE k BETWEEN 2885741 AND 2885841
for range-notcovered
table 1 : explain SELECT k, c FROM sbtest1 WHERE k BETWEEN 3246183 AND 3246283
	Bitmap Heap Scan on sbtest1  (cost=5.59..452.70 rows=113 width=125)
	  Recheck Cond: ((k >= 3246183) AND (k <= 3246283))
	  ->  Bitmap Index Scan on k_1  (cost=0.00..5.56 rows=113 width=0)
	        Index Cond: ((k >= 3246183) AND (k <= 3246283))

table 2 : explain SELECT k, c FROM sbtest2 WHERE k BETWEEN 3246183 AND 3246283
	Bitmap Heap Scan on sbtest2  (cost=5.44..393.58 rows=98 width=125)
	  Recheck Cond: ((k >= 3246183) AND (k <= 3246283))
	  ->  Bitmap Index Scan on k_2  (cost=0.00..5.42 rows=98 width=0)
	        Index Cond: ((k >= 3246183) AND (k <= 3246283))

table 3 : explain SELECT k, c FROM sbtest3 WHERE k BETWEEN 3246183 AND 3246283
	Bitmap Heap Scan on sbtest3  (cost=5.53..429.06 rows=107 width=125)
	  Recheck Cond: ((k >= 3246183) AND (k <= 3246283))
	  ->  Bitmap Index Scan on k_3  (cost=0.00..5.50 rows=107 width=0)
	        Index Cond: ((k >= 3246183) AND (k <= 3246283))

table 4 : explain SELECT k, c FROM sbtest4 WHERE k BETWEEN 3246183 AND 3246283
	Bitmap Heap Scan on sbtest4  (cost=5.50..417.24 rows=104 width=125)
	  Recheck Cond: ((k >= 3246183) AND (k <= 3246283))
	  ->  Bitmap Index Scan on k_4  (cost=0.00..5.47 rows=104 width=0)
	        Index Cond: ((k >= 3246183) AND (k <= 3246283))

table 5 : explain SELECT k, c FROM sbtest5 WHERE k BETWEEN 3246183 AND 3246283
	Bitmap Heap Scan on sbtest5  (cost=5.43..389.68 rows=97 width=125)
	  Recheck Cond: ((k >= 3246183) AND (k <= 3246283))
	  ->  Bitmap Index Scan on k_5  (cost=0.00..5.40 rows=97 width=0)
	        Index Cond: ((k >= 3246183) AND (k <= 3246283))

table 6 : explain SELECT k, c FROM sbtest6 WHERE k BETWEEN 3246183 AND 3246283
	Bitmap Heap Scan on sbtest6  (cost=5.38..369.93 rows=92 width=125)
	  Recheck Cond: ((k >= 3246183) AND (k <= 3246283))
	  ->  Bitmap Index Scan on k_6  (cost=0.00..5.35 rows=92 width=0)
	        Index Cond: ((k >= 3246183) AND (k <= 3246283))

table 7 : explain SELECT k, c FROM sbtest7 WHERE k BETWEEN 3246183 AND 3246283
	Bitmap Heap Scan on sbtest7  (cost=5.51..421.23 rows=105 width=125)
	  Recheck Cond: ((k >= 3246183) AND (k <= 3246283))
	  ->  Bitmap Index Scan on k_7  (cost=0.00..5.48 rows=105 width=0)
	        Index Cond: ((k >= 3246183) AND (k <= 3246283))

table 8 : explain SELECT k, c FROM sbtest8 WHERE k BETWEEN 3246183 AND 3246283
	Bitmap Heap Scan on sbtest8  (cost=5.45..397.57 rows=99 width=125)
	  Recheck Cond: ((k >= 3246183) AND (k <= 3246283))
	  ->  Bitmap Index Scan on k_8  (cost=0.00..5.42 rows=99 width=0)
	        Index Cond: ((k >= 3246183) AND (k <= 3246283))

for range-notcovered
table 1 : explain SELECT k, c FROM sbtest1 WHERE k BETWEEN 7238566 AND 7238666
	Bitmap Heap Scan on sbtest1  (cost=5.46..401.48 rows=100 width=125)
	  Recheck Cond: ((k >= 7238566) AND (k <= 7238666))
	  ->  Bitmap Index Scan on k_1  (cost=0.00..5.43 rows=100 width=0)
	        Index Cond: ((k >= 7238566) AND (k <= 7238666))

table 2 : explain SELECT k, c FROM sbtest2 WHERE k BETWEEN 7238566 AND 7238666
	Bitmap Heap Scan on sbtest2  (cost=5.42..385.69 rows=96 width=125)
	  Recheck Cond: ((k >= 7238566) AND (k <= 7238666))
	  ->  Bitmap Index Scan on k_2  (cost=0.00..5.39 rows=96 width=0)
	        Index Cond: ((k >= 7238566) AND (k <= 7238666))

table 3 : explain SELECT k, c FROM sbtest3 WHERE k BETWEEN 7238566 AND 7238666
	Bitmap Heap Scan on sbtest3  (cost=5.43..389.64 rows=97 width=125)
	  Recheck Cond: ((k >= 7238566) AND (k <= 7238666))
	  ->  Bitmap Index Scan on k_3  (cost=0.00..5.40 rows=97 width=0)
	        Index Cond: ((k >= 7238566) AND (k <= 7238666))

table 4 : explain SELECT k, c FROM sbtest4 WHERE k BETWEEN 7238566 AND 7238666
	Bitmap Heap Scan on sbtest4  (cost=5.37..365.97 rows=91 width=125)
	  Recheck Cond: ((k >= 7238566) AND (k <= 7238666))
	  ->  Bitmap Index Scan on k_4  (cost=0.00..5.34 rows=91 width=0)
	        Index Cond: ((k >= 7238566) AND (k <= 7238666))

table 5 : explain SELECT k, c FROM sbtest5 WHERE k BETWEEN 7238566 AND 7238666
	Bitmap Heap Scan on sbtest5  (cost=5.51..421.23 rows=105 width=125)
	  Recheck Cond: ((k >= 7238566) AND (k <= 7238666))
	  ->  Bitmap Index Scan on k_5  (cost=0.00..5.48 rows=105 width=0)
	        Index Cond: ((k >= 7238566) AND (k <= 7238666))

table 6 : explain SELECT k, c FROM sbtest6 WHERE k BETWEEN 7238566 AND 7238666
	Bitmap Heap Scan on sbtest6  (cost=5.54..433.02 rows=108 width=125)
	  Recheck Cond: ((k >= 7238566) AND (k <= 7238666))
	  ->  Bitmap Index Scan on k_6  (cost=0.00..5.51 rows=108 width=0)
	        Index Cond: ((k >= 7238566) AND (k <= 7238666))

table 7 : explain SELECT k, c FROM sbtest7 WHERE k BETWEEN 7238566 AND 7238666
	Bitmap Heap Scan on sbtest7  (cost=5.56..440.94 rows=110 width=125)
	  Recheck Cond: ((k >= 7238566) AND (k <= 7238666))
	  ->  Bitmap Index Scan on k_7  (cost=0.00..5.53 rows=110 width=0)
	        Index Cond: ((k >= 7238566) AND (k <= 7238666))

table 8 : explain SELECT k, c FROM sbtest8 WHERE k BETWEEN 7238566 AND 7238666
	Bitmap Heap Scan on sbtest8  (cost=5.50..417.29 rows=104 width=125)
	  Recheck Cond: ((k >= 7238566) AND (k <= 7238666))
	  ->  Bitmap Index Scan on k_8  (cost=0.00..5.47 rows=104 width=0)
	        Index Cond: ((k >= 7238566) AND (k <= 7238666))

for range-notcovered
table 1 : explain SELECT k, c FROM sbtest1 WHERE k BETWEEN 5802285 AND 5802385
	Bitmap Heap Scan on sbtest1  (cost=5.53..429.07 rows=107 width=125)
	  Recheck Cond: ((k >= 5802285) AND (k <= 5802385))
	  ->  Bitmap Index Scan on k_1  (cost=0.00..5.50 rows=107 width=0)
	        Index Cond: ((k >= 5802285) AND (k <= 5802385))

table 2 : explain SELECT k, c FROM sbtest2 WHERE k BETWEEN 5802285 AND 5802385
	Bitmap Heap Scan on sbtest2  (cost=5.52..425.12 rows=106 width=125)
	  Recheck Cond: ((k >= 5802285) AND (k <= 5802385))
	  ->  Bitmap Index Scan on k_2  (cost=0.00..5.50 rows=106 width=0)
	        Index Cond: ((k >= 5802285) AND (k <= 5802385))

table 3 : explain SELECT k, c FROM sbtest3 WHERE k BETWEEN 5802285 AND 5802385
	Bitmap Heap Scan on sbtest3  (cost=5.45..397.53 rows=99 width=125)
	  Recheck Cond: ((k >= 5802285) AND (k <= 5802385))
	  ->  Bitmap Index Scan on k_3  (cost=0.00..5.42 rows=99 width=0)
	        Index Cond: ((k >= 5802285) AND (k <= 5802385))

table 4 : explain SELECT k, c FROM sbtest4 WHERE k BETWEEN 5802285 AND 5802385
	Bitmap Heap Scan on sbtest4  (cost=5.54..433.00 rows=108 width=125)
	  Recheck Cond: ((k >= 5802285) AND (k <= 5802385))
	  ->  Bitmap Index Scan on k_4  (cost=0.00..5.51 rows=108 width=0)
	        Index Cond: ((k >= 5802285) AND (k <= 5802385))

table 5 : explain SELECT k, c FROM sbtest5 WHERE k BETWEEN 5802285 AND 5802385
	Bitmap Heap Scan on sbtest5  (cost=5.53..429.11 rows=107 width=125)
	  Recheck Cond: ((k >= 5802285) AND (k <= 5802385))
	  ->  Bitmap Index Scan on k_5  (cost=0.00..5.50 rows=107 width=0)
	        Index Cond: ((k >= 5802285) AND (k <= 5802385))

table 6 : explain SELECT k, c FROM sbtest6 WHERE k BETWEEN 5802285 AND 5802385
	Bitmap Heap Scan on sbtest6  (cost=5.47..405.43 rows=101 width=125)
	  Recheck Cond: ((k >= 5802285) AND (k <= 5802385))
	  ->  Bitmap Index Scan on k_6  (cost=0.00..5.44 rows=101 width=0)
	        Index Cond: ((k >= 5802285) AND (k <= 5802385))

table 7 : explain SELECT k, c FROM sbtest7 WHERE k BETWEEN 5802285 AND 5802385
	Bitmap Heap Scan on sbtest7  (cost=5.57..444.88 rows=111 width=125)
	  Recheck Cond: ((k >= 5802285) AND (k <= 5802385))
	  ->  Bitmap Index Scan on k_7  (cost=0.00..5.54 rows=111 width=0)
	        Index Cond: ((k >= 5802285) AND (k <= 5802385))

table 8 : explain SELECT k, c FROM sbtest8 WHERE k BETWEEN 5802285 AND 5802385
	Bitmap Heap Scan on sbtest8  (cost=5.51..421.23 rows=105 width=125)
	  Recheck Cond: ((k >= 5802285) AND (k <= 5802385))
	  ->  Bitmap Index Scan on k_8  (cost=0.00..5.48 rows=105 width=0)
	        Index Cond: ((k >= 5802285) AND (k <= 5802385))

explain: for range-notcovered :: explain SELECT k, c FROM sbtest%d WHERE k BETWEEN 5802285 AND 5802385
for range-notcovered
table 1 : explain SELECT k, c FROM sbtest1 WHERE k BETWEEN 3520505 AND 3520605
	Bitmap Heap Scan on sbtest1  (cost=5.47..405.42 rows=101 width=125)
	  Recheck Cond: ((k >= 3520505) AND (k <= 3520605))
	  ->  Bitmap Index Scan on k_1  (cost=0.00..5.44 rows=101 width=0)
	        Index Cond: ((k >= 3520505) AND (k <= 3520605))

table 2 : explain SELECT k, c FROM sbtest2 WHERE k BETWEEN 3520505 AND 3520605
	Bitmap Heap Scan on sbtest2  (cost=5.45..397.53 rows=99 width=125)
	  Recheck Cond: ((k >= 3520505) AND (k <= 3520605))
	  ->  Bitmap Index Scan on k_2  (cost=0.00..5.42 rows=99 width=0)
	        Index Cond: ((k >= 3520505) AND (k <= 3520605))

table 3 : explain SELECT k, c FROM sbtest3 WHERE k BETWEEN 3520505 AND 3520605
	Bitmap Heap Scan on sbtest3  (cost=5.48..409.36 rows=102 width=125)
	  Recheck Cond: ((k >= 3520505) AND (k <= 3520605))
	  ->  Bitmap Index Scan on k_3  (cost=0.00..5.45 rows=102 width=0)
	        Index Cond: ((k >= 3520505) AND (k <= 3520605))

table 4 : explain SELECT k, c FROM sbtest4 WHERE k BETWEEN 3520505 AND 3520605
	Bitmap Heap Scan on sbtest4  (cost=5.44..393.58 rows=98 width=125)
	  Recheck Cond: ((k >= 3520505) AND (k <= 3520605))
	  ->  Bitmap Index Scan on k_4  (cost=0.00..5.42 rows=98 width=0)
	        Index Cond: ((k >= 3520505) AND (k <= 3520605))

table 5 : explain SELECT k, c FROM sbtest5 WHERE k BETWEEN 3520505 AND 3520605
	Bitmap Heap Scan on sbtest5  (cost=5.58..448.81 rows=112 width=125)
	  Recheck Cond: ((k >= 3520505) AND (k <= 3520605))
	  ->  Bitmap Index Scan on k_5  (cost=0.00..5.55 rows=112 width=0)
	        Index Cond: ((k >= 3520505) AND (k <= 3520605))

table 6 : explain SELECT k, c FROM sbtest6 WHERE k BETWEEN 3520505 AND 3520605
	Bitmap Heap Scan on sbtest6  (cost=5.42..385.71 rows=96 width=125)
	  Recheck Cond: ((k >= 3520505) AND (k <= 3520605))
	  ->  Bitmap Index Scan on k_6  (cost=0.00..5.39 rows=96 width=0)
	        Index Cond: ((k >= 3520505) AND (k <= 3520605))

table 7 : explain SELECT k, c FROM sbtest7 WHERE k BETWEEN 3520505 AND 3520605
	Bitmap Heap Scan on sbtest7  (cost=5.50..417.29 rows=104 width=125)
	  Recheck Cond: ((k >= 3520505) AND (k <= 3520605))
	  ->  Bitmap Index Scan on k_7  (cost=0.00..5.47 rows=104 width=0)
	        Index Cond: ((k >= 3520505) AND (k <= 3520605))

table 8 : explain SELECT k, c FROM sbtest8 WHERE k BETWEEN 3520505 AND 3520605
	Bitmap Heap Scan on sbtest8  (cost=5.37..366.01 rows=91 width=125)
	  Recheck Cond: ((k >= 3520505) AND (k <= 3520605))
	  ->  Bitmap Index Scan on k_8  (cost=0.00..5.34 rows=91 width=0)
	        Index Cond: ((k >= 3520505) AND (k <= 3520605))

for range-notcovered
table 1 : explain SELECT k, c FROM sbtest1 WHERE k BETWEEN 5231136 AND 5231236
	Bitmap Heap Scan on sbtest1  (cost=5.46..401.48 rows=100 width=125)
	  Recheck Cond: ((k >= 5231136) AND (k <= 5231236))
	  ->  Bitmap Index Scan on k_1  (cost=0.00..5.43 rows=100 width=0)
	        Index Cond: ((k >= 5231136) AND (k <= 5231236))

table 2 : explain SELECT k, c FROM sbtest2 WHERE k BETWEEN 5231136 AND 5231236
	Bitmap Heap Scan on sbtest2  (cost=5.58..448.75 rows=112 width=125)
	  Recheck Cond: ((k >= 5231136) AND (k <= 5231236))
	  ->  Bitmap Index Scan on k_2  (cost=0.00..5.55 rows=112 width=0)
	        Index Cond: ((k >= 5231136) AND (k <= 5231236))

table 3 : explain SELECT k, c FROM sbtest3 WHERE k BETWEEN 5231136 AND 5231236
	Bitmap Heap Scan on sbtest3  (cost=5.49..413.30 rows=103 width=125)
	  Recheck Cond: ((k >= 5231136) AND (k <= 5231236))
	  ->  Bitmap Index Scan on k_3  (cost=0.00..5.46 rows=103 width=0)
	        Index Cond: ((k >= 5231136) AND (k <= 5231236))

table 4 : explain SELECT k, c FROM sbtest4 WHERE k BETWEEN 5231136 AND 5231236
	Bitmap Heap Scan on sbtest4  (cost=5.45..397.53 rows=99 width=125)
	  Recheck Cond: ((k >= 5231136) AND (k <= 5231236))
	  ->  Bitmap Index Scan on k_4  (cost=0.00..5.42 rows=99 width=0)
	        Index Cond: ((k >= 5231136) AND (k <= 5231236))

table 5 : explain SELECT k, c FROM sbtest5 WHERE k BETWEEN 5231136 AND 5231236
	Bitmap Heap Scan on sbtest5  (cost=5.45..397.57 rows=99 width=125)
	  Recheck Cond: ((k >= 5231136) AND (k <= 5231236))
	  ->  Bitmap Index Scan on k_5  (cost=0.00..5.42 rows=99 width=0)
	        Index Cond: ((k >= 5231136) AND (k <= 5231236))

table 6 : explain SELECT k, c FROM sbtest6 WHERE k BETWEEN 5231136 AND 5231236
	Bitmap Heap Scan on sbtest6  (cost=5.51..421.19 rows=105 width=125)
	  Recheck Cond: ((k >= 5231136) AND (k <= 5231236))
	  ->  Bitmap Index Scan on k_6  (cost=0.00..5.48 rows=105 width=0)
	        Index Cond: ((k >= 5231136) AND (k <= 5231236))

table 7 : explain SELECT k, c FROM sbtest7 WHERE k BETWEEN 5231136 AND 5231236
	Bitmap Heap Scan on sbtest7  (cost=5.36..362.06 rows=90 width=125)
	  Recheck Cond: ((k >= 5231136) AND (k <= 5231236))
	  ->  Bitmap Index Scan on k_7  (cost=0.00..5.33 rows=90 width=0)
	        Index Cond: ((k >= 5231136) AND (k <= 5231236))

table 8 : explain SELECT k, c FROM sbtest8 WHERE k BETWEEN 5231136 AND 5231236
	Bitmap Heap Scan on sbtest8  (cost=5.50..417.29 rows=104 width=125)
	  Recheck Cond: ((k >= 5231136) AND (k <= 5231236))
	  ->  Bitmap Index Scan on k_8  (cost=0.00..5.47 rows=104 width=0)
	        Index Cond: ((k >= 5231136) AND (k <= 5231236))

for range-notcovered
table 1 : explain SELECT k, c FROM sbtest1 WHERE k BETWEEN 3896990 AND 3897090
	Bitmap Heap Scan on sbtest1  (cost=5.54..433.01 rows=108 width=125)
	  Recheck Cond: ((k >= 3896990) AND (k <= 3897090))
	  ->  Bitmap Index Scan on k_1  (cost=0.00..5.51 rows=108 width=0)
	        Index Cond: ((k >= 3896990) AND (k <= 3897090))

table 2 : explain SELECT k, c FROM sbtest2 WHERE k BETWEEN 3896990 AND 3897090
	Bitmap Heap Scan on sbtest2  (cost=5.44..393.58 rows=98 width=125)
	  Recheck Cond: ((k >= 3896990) AND (k <= 3897090))
	  ->  Bitmap Index Scan on k_2  (cost=0.00..5.42 rows=98 width=0)
	        Index Cond: ((k >= 3896990) AND (k <= 3897090))

table 3 : explain SELECT k, c FROM sbtest3 WHERE k BETWEEN 3896990 AND 3897090
	Bitmap Heap Scan on sbtest3  (cost=5.53..429.06 rows=107 width=125)
	  Recheck Cond: ((k >= 3896990) AND (k <= 3897090))
	  ->  Bitmap Index Scan on k_3  (cost=0.00..5.50 rows=107 width=0)
	        Index Cond: ((k >= 3896990) AND (k <= 3897090))

table 4 : explain SELECT k, c FROM sbtest4 WHERE k BETWEEN 3896990 AND 3897090
	Bitmap Heap Scan on sbtest4  (cost=5.42..385.69 rows=96 width=125)
	  Recheck Cond: ((k >= 3896990) AND (k <= 3897090))
	  ->  Bitmap Index Scan on k_4  (cost=0.00..5.39 rows=96 width=0)
	        Index Cond: ((k >= 3896990) AND (k <= 3897090))

table 5 : explain SELECT k, c FROM sbtest5 WHERE k BETWEEN 3896990 AND 3897090
	Bitmap Heap Scan on sbtest5  (cost=5.45..397.57 rows=99 width=125)
	  Recheck Cond: ((k >= 3896990) AND (k <= 3897090))
	  ->  Bitmap Index Scan on k_5  (cost=0.00..5.42 rows=99 width=0)
	        Index Cond: ((k >= 3896990) AND (k <= 3897090))

table 6 : explain SELECT k, c FROM sbtest6 WHERE k BETWEEN 3896990 AND 3897090
	Bitmap Heap Scan on sbtest6  (cost=5.54..433.02 rows=108 width=125)
	  Recheck Cond: ((k >= 3896990) AND (k <= 3897090))
	  ->  Bitmap Index Scan on k_6  (cost=0.00..5.51 rows=108 width=0)
	        Index Cond: ((k >= 3896990) AND (k <= 3897090))

table 7 : explain SELECT k, c FROM sbtest7 WHERE k BETWEEN 3896990 AND 3897090
	Bitmap Heap Scan on sbtest7  (cost=5.38..369.96 rows=92 width=125)
	  Recheck Cond: ((k >= 3896990) AND (k <= 3897090))
	  ->  Bitmap Index Scan on k_7  (cost=0.00..5.35 rows=92 width=0)
	        Index Cond: ((k >= 3896990) AND (k <= 3897090))

table 8 : explain SELECT k, c FROM sbtest8 WHERE k BETWEEN 3896990 AND 3897090
	Bitmap Heap Scan on sbtest8  (cost=5.49..413.34 rows=103 width=125)
	  Recheck Cond: ((k >= 3896990) AND (k <= 3897090))
	  ->  Bitmap Index Scan on k_8  (cost=0.00..5.46 rows=103 width=0)
	        Index Cond: ((k >= 3896990) AND (k <= 3897090))

for range-notcovered
table 1 : explain SELECT k, c FROM sbtest1 WHERE k BETWEEN 6055677 AND 6055777
	Bitmap Heap Scan on sbtest1  (cost=5.48..409.36 rows=102 width=125)
	  Recheck Cond: ((k >= 6055677) AND (k <= 6055777))
	  ->  Bitmap Index Scan on k_1  (cost=0.00..5.45 rows=102 width=0)
	        Index Cond: ((k >= 6055677) AND (k <= 6055777))

table 2 : explain SELECT k, c FROM sbtest2 WHERE k BETWEEN 6055677 AND 6055777
	Bitmap Heap Scan on sbtest2  (cost=5.63..468.44 rows=117 width=125)
	  Recheck Cond: ((k >= 6055677) AND (k <= 6055777))
	  ->  Bitmap Index Scan on k_2  (cost=0.00..5.60 rows=117 width=0)
	        Index Cond: ((k >= 6055677) AND (k <= 6055777))

table 3 : explain SELECT k, c FROM sbtest3 WHERE k BETWEEN 6055677 AND 6055777
	Bitmap Heap Scan on sbtest3  (cost=5.60..456.63 rows=114 width=125)
	  Recheck Cond: ((k >= 6055677) AND (k <= 6055777))
	  ->  Bitmap Index Scan on k_3  (cost=0.00..5.58 rows=114 width=0)
	        Index Cond: ((k >= 6055677) AND (k <= 6055777))

table 4 : explain SELECT k, c FROM sbtest4 WHERE k BETWEEN 6055677 AND 6055777
	Bitmap Heap Scan on sbtest4  (cost=5.36..362.02 rows=90 width=125)
	  Recheck Cond: ((k >= 6055677) AND (k <= 6055777))
	  ->  Bitmap Index Scan on k_4  (cost=0.00..5.33 rows=90 width=0)
	        Index Cond: ((k >= 6055677) AND (k <= 6055777))

table 5 : explain SELECT k, c FROM sbtest5 WHERE k BETWEEN 6055677 AND 6055777
	Bitmap Heap Scan on sbtest5  (cost=5.43..389.68 rows=97 width=125)
	  Recheck Cond: ((k >= 6055677) AND (k <= 6055777))
	  ->  Bitmap Index Scan on k_5  (cost=0.00..5.40 rows=97 width=0)
	        Index Cond: ((k >= 6055677) AND (k <= 6055777))

table 6 : explain SELECT k, c FROM sbtest6 WHERE k BETWEEN 6055677 AND 6055777
	Bitmap Heap Scan on sbtest6  (cost=5.51..421.19 rows=105 width=125)
	  Recheck Cond: ((k >= 6055677) AND (k <= 6055777))
	  ->  Bitmap Index Scan on k_6  (cost=0.00..5.48 rows=105 width=0)
	        Index Cond: ((k >= 6055677) AND (k <= 6055777))

table 7 : explain SELECT k, c FROM sbtest7 WHERE k BETWEEN 6055677 AND 6055777
	Bitmap Heap Scan on sbtest7  (cost=5.53..429.12 rows=107 width=125)
	  Recheck Cond: ((k >= 6055677) AND (k <= 6055777))
	  ->  Bitmap Index Scan on k_7  (cost=0.00..5.50 rows=107 width=0)
	        Index Cond: ((k >= 6055677) AND (k <= 6055777))

table 8 : explain SELECT k, c FROM sbtest8 WHERE k BETWEEN 6055677 AND 6055777
	Bitmap Heap Scan on sbtest8  (cost=5.44..393.63 rows=98 width=125)
	  Recheck Cond: ((k >= 6055677) AND (k <= 6055777))
	  ->  Bitmap Index Scan on k_8  (cost=0.00..5.42 rows=98 width=0)
	        Index Cond: ((k >= 6055677) AND (k <= 6055777))

for range-notcovered
table 1 : explain SELECT k, c FROM sbtest1 WHERE k BETWEEN 5254425 AND 5254525
	Bitmap Heap Scan on sbtest1  (cost=5.46..401.48 rows=100 width=125)
	  Recheck Cond: ((k >= 5254425) AND (k <= 5254525))
	  ->  Bitmap Index Scan on k_1  (cost=0.00..5.43 rows=100 width=0)
	        Index Cond: ((k >= 5254425) AND (k <= 5254525))

table 2 : explain SELECT k, c FROM sbtest2 WHERE k BETWEEN 5254425 AND 5254525
	Bitmap Heap Scan on sbtest2  (cost=5.58..448.75 rows=112 width=125)
	  Recheck Cond: ((k >= 5254425) AND (k <= 5254525))
	  ->  Bitmap Index Scan on k_2  (cost=0.00..5.55 rows=112 width=0)
	        Index Cond: ((k >= 5254425) AND (k <= 5254525))

table 3 : explain SELECT k, c FROM sbtest3 WHERE k BETWEEN 5254425 AND 5254525
	Bitmap Heap Scan on sbtest3  (cost=5.49..413.30 rows=103 width=125)
	  Recheck Cond: ((k >= 5254425) AND (k <= 5254525))
	  ->  Bitmap Index Scan on k_3  (cost=0.00..5.46 rows=103 width=0)
	        Index Cond: ((k >= 5254425) AND (k <= 5254525))

table 4 : explain SELECT k, c FROM sbtest4 WHERE k BETWEEN 5254425 AND 5254525
	Bitmap Heap Scan on sbtest4  (cost=5.41..381.75 rows=95 width=125)
	  Recheck Cond: ((k >= 5254425) AND (k <= 5254525))
	  ->  Bitmap Index Scan on k_4  (cost=0.00..5.38 rows=95 width=0)
	        Index Cond: ((k >= 5254425) AND (k <= 5254525))

table 5 : explain SELECT k, c FROM sbtest5 WHERE k BETWEEN 5254425 AND 5254525
	Bitmap Heap Scan on sbtest5  (cost=5.55..436.99 rows=109 width=125)
	  Recheck Cond: ((k >= 5254425) AND (k <= 5254525))
	  ->  Bitmap Index Scan on k_5  (cost=0.00..5.52 rows=109 width=0)
	        Index Cond: ((k >= 5254425) AND (k <= 5254525))

table 6 : explain SELECT k, c FROM sbtest6 WHERE k BETWEEN 5254425 AND 5254525
	Bitmap Heap Scan on sbtest6  (cost=5.51..421.19 rows=105 width=125)
	  Recheck Cond: ((k >= 5254425) AND (k <= 5254525))
	  ->  Bitmap Index Scan on k_6  (cost=0.00..5.48 rows=105 width=0)
	        Index Cond: ((k >= 5254425) AND (k <= 5254525))

table 7 : explain SELECT k, c FROM sbtest7 WHERE k BETWEEN 5254425 AND 5254525
	Bitmap Heap Scan on sbtest7  (cost=5.36..362.06 rows=90 width=125)
	  Recheck Cond: ((k >= 5254425) AND (k <= 5254525))
	  ->  Bitmap Index Scan on k_7  (cost=0.00..5.33 rows=90 width=0)
	        Index Cond: ((k >= 5254425) AND (k <= 5254525))

table 8 : explain SELECT k, c FROM sbtest8 WHERE k BETWEEN 5254425 AND 5254525
	Bitmap Heap Scan on sbtest8  (cost=5.52..425.17 rows=106 width=125)
	  Recheck Cond: ((k >= 5254425) AND (k <= 5254525))
	  ->  Bitmap Index Scan on k_8  (cost=0.00..5.50 rows=106 width=0)
	        Index Cond: ((k >= 5254425) AND (k <= 5254525))

for range-notcovered
table 1 : explain SELECT k, c FROM sbtest1 WHERE k BETWEEN 2885741 AND 2885841
	Bitmap Heap Scan on sbtest1  (cost=5.48..409.36 rows=102 width=125)
	  Recheck Cond: ((k >= 2885741) AND (k <= 2885841))
	  ->  Bitmap Index Scan on k_1  (cost=0.00..5.45 rows=102 width=0)
	        Index Cond: ((k >= 2885741) AND (k <= 2885841))

table 2 : explain SELECT k, c FROM sbtest2 WHERE k BETWEEN 2885741 AND 2885841
	Bitmap Heap Scan on sbtest2  (cost=5.50..417.24 rows=104 width=125)
	  Recheck Cond: ((k >= 2885741) AND (k <= 2885841))
	  ->  Bitmap Index Scan on k_2  (cost=0.00..5.47 rows=104 width=0)
	        Index Cond: ((k >= 2885741) AND (k <= 2885841))

table 3 : explain SELECT k, c FROM sbtest3 WHERE k BETWEEN 2885741 AND 2885841
	Bitmap Heap Scan on sbtest3  (cost=5.47..405.41 rows=101 width=125)
	  Recheck Cond: ((k >= 2885741) AND (k <= 2885841))
	  ->  Bitmap Index Scan on k_3  (cost=0.00..5.44 rows=101 width=0)
	        Index Cond: ((k >= 2885741) AND (k <= 2885841))

table 4 : explain SELECT k, c FROM sbtest4 WHERE k BETWEEN 2885741 AND 2885841
	Bitmap Heap Scan on sbtest4  (cost=5.50..417.24 rows=104 width=125)
	  Recheck Cond: ((k >= 2885741) AND (k <= 2885841))
	  ->  Bitmap Index Scan on k_4  (cost=0.00..5.47 rows=104 width=0)
	        Index Cond: ((k >= 2885741) AND (k <= 2885841))

table 5 : explain SELECT k, c FROM sbtest5 WHERE k BETWEEN 2885741 AND 2885841
	Bitmap Heap Scan on sbtest5  (cost=5.51..421.23 rows=105 width=125)
	  Recheck Cond: ((k >= 2885741) AND (k <= 2885841))
	  ->  Bitmap Index Scan on k_5  (cost=0.00..5.48 rows=105 width=0)
	        Index Cond: ((k >= 2885741) AND (k <= 2885841))

table 6 : explain SELECT k, c FROM sbtest6 WHERE k BETWEEN 2885741 AND 2885841
	Bitmap Heap Scan on sbtest6  (cost=5.53..429.08 rows=107 width=125)
	  Recheck Cond: ((k >= 2885741) AND (k <= 2885841))
	  ->  Bitmap Index Scan on k_6  (cost=0.00..5.50 rows=107 width=0)
	        Index Cond: ((k >= 2885741) AND (k <= 2885841))

table 7 : explain SELECT k, c FROM sbtest7 WHERE k BETWEEN 2885741 AND 2885841
	Bitmap Heap Scan on sbtest7  (cost=5.51..421.23 rows=105 width=125)
	  Recheck Cond: ((k >= 2885741) AND (k <= 2885841))
	  ->  Bitmap Index Scan on k_7  (cost=0.00..5.48 rows=105 width=0)
	        Index Cond: ((k >= 2885741) AND (k <= 2885841))

table 8 : explain SELECT k, c FROM sbtest8 WHERE k BETWEEN 2885741 AND 2885841
	Bitmap Heap Scan on sbtest8  (cost=5.52..425.17 rows=106 width=125)
	  Recheck Cond: ((k >= 2885741) AND (k <= 2885841))
	  ->  Bitmap Index Scan on k_8  (cost=0.00..5.50 rows=106 width=0)
	        Index Cond: ((k >= 2885741) AND (k <= 2885841))

explain: for range-notcovered :: explain SELECT k, c FROM sbtest%d WHERE k BETWEEN 5254425 AND 5254525
explain: for range-notcovered :: explain SELECT k, c FROM sbtest%d WHERE k BETWEEN 2885741 AND 2885841
for range-notcovered
table 1 : explain SELECT k, c FROM sbtest1 WHERE k BETWEEN 5802285 AND 5802385
	Bitmap Heap Scan on sbtest1  (cost=5.53..429.07 rows=107 width=125)
	  Recheck Cond: ((k >= 5802285) AND (k <= 5802385))
	  ->  Bitmap Index Scan on k_1  (cost=0.00..5.50 rows=107 width=0)
	        Index Cond: ((k >= 5802285) AND (k <= 5802385))

table 2 : explain SELECT k, c FROM sbtest2 WHERE k BETWEEN 5802285 AND 5802385
	Bitmap Heap Scan on sbtest2  (cost=5.52..425.12 rows=106 width=125)
	  Recheck Cond: ((k >= 5802285) AND (k <= 5802385))
	  ->  Bitmap Index Scan on k_2  (cost=0.00..5.50 rows=106 width=0)
	        Index Cond: ((k >= 5802285) AND (k <= 5802385))

table 3 : explain SELECT k, c FROM sbtest3 WHERE k BETWEEN 5802285 AND 5802385
	Bitmap Heap Scan on sbtest3  (cost=5.45..397.53 rows=99 width=125)
	  Recheck Cond: ((k >= 5802285) AND (k <= 5802385))
	  ->  Bitmap Index Scan on k_3  (cost=0.00..5.42 rows=99 width=0)
	        Index Cond: ((k >= 5802285) AND (k <= 5802385))

table 4 : explain SELECT k, c FROM sbtest4 WHERE k BETWEEN 5802285 AND 5802385
	Bitmap Heap Scan on sbtest4  (cost=5.54..433.00 rows=108 width=125)
	  Recheck Cond: ((k >= 5802285) AND (k <= 5802385))
	  ->  Bitmap Index Scan on k_4  (cost=0.00..5.51 rows=108 width=0)
	        Index Cond: ((k >= 5802285) AND (k <= 5802385))

table 5 : explain SELECT k, c FROM sbtest5 WHERE k BETWEEN 5802285 AND 5802385
	Bitmap Heap Scan on sbtest5  (cost=5.53..429.11 rows=107 width=125)
	  Recheck Cond: ((k >= 5802285) AND (k <= 5802385))
	  ->  Bitmap Index Scan on k_5  (cost=0.00..5.50 rows=107 width=0)
	        Index Cond: ((k >= 5802285) AND (k <= 5802385))

table 6 : explain SELECT k, c FROM sbtest6 WHERE k BETWEEN 5802285 AND 5802385
	Bitmap Heap Scan on sbtest6  (cost=5.47..405.43 rows=101 width=125)
	  Recheck Cond: ((k >= 5802285) AND (k <= 5802385))
	  ->  Bitmap Index Scan on k_6  (cost=0.00..5.44 rows=101 width=0)
	        Index Cond: ((k >= 5802285) AND (k <= 5802385))

table 7 : explain SELECT k, c FROM sbtest7 WHERE k BETWEEN 5802285 AND 5802385
	Bitmap Heap Scan on sbtest7  (cost=5.57..444.88 rows=111 width=125)
	  Recheck Cond: ((k >= 5802285) AND (k <= 5802385))
	  ->  Bitmap Index Scan on k_7  (cost=0.00..5.54 rows=111 width=0)
	        Index Cond: ((k >= 5802285) AND (k <= 5802385))

table 8 : explain SELECT k, c FROM sbtest8 WHERE k BETWEEN 5802285 AND 5802385
	Bitmap Heap Scan on sbtest8  (cost=5.51..421.23 rows=105 width=125)
	  Recheck Cond: ((k >= 5802285) AND (k <= 5802385))
	  ->  Bitmap Index Scan on k_8  (cost=0.00..5.48 rows=105 width=0)
	        Index Cond: ((k >= 5802285) AND (k <= 5802385))

for range-notcovered
table 1 : explain SELECT k, c FROM sbtest1 WHERE k BETWEEN 5254425 AND 5254525
	Bitmap Heap Scan on sbtest1  (cost=5.46..401.48 rows=100 width=125)
	  Recheck Cond: ((k >= 5254425) AND (k <= 5254525))
	  ->  Bitmap Index Scan on k_1  (cost=0.00..5.43 rows=100 width=0)
	        Index Cond: ((k >= 5254425) AND (k <= 5254525))

table 2 : explain SELECT k, c FROM sbtest2 WHERE k BETWEEN 5254425 AND 5254525
	Bitmap Heap Scan on sbtest2  (cost=5.58..448.75 rows=112 width=125)
	  Recheck Cond: ((k >= 5254425) AND (k <= 5254525))
	  ->  Bitmap Index Scan on k_2  (cost=0.00..5.55 rows=112 width=0)
	        Index Cond: ((k >= 5254425) AND (k <= 5254525))

table 3 : explain SELECT k, c FROM sbtest3 WHERE k BETWEEN 5254425 AND 5254525
	Bitmap Heap Scan on sbtest3  (cost=5.49..413.30 rows=103 width=125)
	  Recheck Cond: ((k >= 5254425) AND (k <= 5254525))
	  ->  Bitmap Index Scan on k_3  (cost=0.00..5.46 rows=103 width=0)
	        Index Cond: ((k >= 5254425) AND (k <= 5254525))

table 4 : explain SELECT k, c FROM sbtest4 WHERE k BETWEEN 5254425 AND 5254525
	Bitmap Heap Scan on sbtest4  (cost=5.41..381.75 rows=95 width=125)
	  Recheck Cond: ((k >= 5254425) AND (k <= 5254525))
	  ->  Bitmap Index Scan on k_4  (cost=0.00..5.38 rows=95 width=0)
	        Index Cond: ((k >= 5254425) AND (k <= 5254525))

table 5 : explain SELECT k, c FROM sbtest5 WHERE k BETWEEN 5254425 AND 5254525
	Bitmap Heap Scan on sbtest5  (cost=5.55..436.99 rows=109 width=125)
	  Recheck Cond: ((k >= 5254425) AND (k <= 5254525))
	  ->  Bitmap Index Scan on k_5  (cost=0.00..5.52 rows=109 width=0)
	        Index Cond: ((k >= 5254425) AND (k <= 5254525))

table 6 : explain SELECT k, c FROM sbtest6 WHERE k BETWEEN 5254425 AND 5254525
	Bitmap Heap Scan on sbtest6  (cost=5.51..421.19 rows=105 width=125)
	  Recheck Cond: ((k >= 5254425) AND (k <= 5254525))
	  ->  Bitmap Index Scan on k_6  (cost=0.00..5.48 rows=105 width=0)
	        Index Cond: ((k >= 5254425) AND (k <= 5254525))

table 7 : explain SELECT k, c FROM sbtest7 WHERE k BETWEEN 5254425 AND 5254525
	Bitmap Heap Scan on sbtest7  (cost=5.36..362.06 rows=90 width=125)
	  Recheck Cond: ((k >= 5254425) AND (k <= 5254525))
	  ->  Bitmap Index Scan on k_7  (cost=0.00..5.33 rows=90 width=0)
	        Index Cond: ((k >= 5254425) AND (k <= 5254525))

table 8 : explain SELECT k, c FROM sbtest8 WHERE k BETWEEN 5254425 AND 5254525
	Bitmap Heap Scan on sbtest8  (cost=5.52..425.17 rows=106 width=125)
	  Recheck Cond: ((k >= 5254425) AND (k <= 5254525))
	  ->  Bitmap Index Scan on k_8  (cost=0.00..5.50 rows=106 width=0)
	        Index Cond: ((k >= 5254425) AND (k <= 5254525))

for range-notcovered
table 1 : explain SELECT k, c FROM sbtest1 WHERE k BETWEEN 2885741 AND 2885841
	Bitmap Heap Scan on sbtest1  (cost=5.48..409.36 rows=102 width=125)
	  Recheck Cond: ((k >= 2885741) AND (k <= 2885841))
	  ->  Bitmap Index Scan on k_1  (cost=0.00..5.45 rows=102 width=0)
	        Index Cond: ((k >= 2885741) AND (k <= 2885841))

table 2 : explain SELECT k, c FROM sbtest2 WHERE k BETWEEN 2885741 AND 2885841
	Bitmap Heap Scan on sbtest2  (cost=5.50..417.24 rows=104 width=125)
	  Recheck Cond: ((k >= 2885741) AND (k <= 2885841))
	  ->  Bitmap Index Scan on k_2  (cost=0.00..5.47 rows=104 width=0)
	        Index Cond: ((k >= 2885741) AND (k <= 2885841))

table 3 : explain SELECT k, c FROM sbtest3 WHERE k BETWEEN 2885741 AND 2885841
	Bitmap Heap Scan on sbtest3  (cost=5.47..405.41 rows=101 width=125)
	  Recheck Cond: ((k >= 2885741) AND (k <= 2885841))
	  ->  Bitmap Index Scan on k_3  (cost=0.00..5.44 rows=101 width=0)
	        Index Cond: ((k >= 2885741) AND (k <= 2885841))

table 4 : explain SELECT k, c FROM sbtest4 WHERE k BETWEEN 2885741 AND 2885841
	Bitmap Heap Scan on sbtest4  (cost=5.50..417.24 rows=104 width=125)
	  Recheck Cond: ((k >= 2885741) AND (k <= 2885841))
	  ->  Bitmap Index Scan on k_4  (cost=0.00..5.47 rows=104 width=0)
	        Index Cond: ((k >= 2885741) AND (k <= 2885841))

table 5 : explain SELECT k, c FROM sbtest5 WHERE k BETWEEN 2885741 AND 2885841
	Bitmap Heap Scan on sbtest5  (cost=5.51..421.23 rows=105 width=125)
	  Recheck Cond: ((k >= 2885741) AND (k <= 2885841))
	  ->  Bitmap Index Scan on k_5  (cost=0.00..5.48 rows=105 width=0)
	        Index Cond: ((k >= 2885741) AND (k <= 2885841))

table 6 : explain SELECT k, c FROM sbtest6 WHERE k BETWEEN 2885741 AND 2885841
	Bitmap Heap Scan on sbtest6  (cost=5.53..429.08 rows=107 width=125)
	  Recheck Cond: ((k >= 2885741) AND (k <= 2885841))
	  ->  Bitmap Index Scan on k_6  (cost=0.00..5.50 rows=107 width=0)
	        Index Cond: ((k >= 2885741) AND (k <= 2885841))

table 7 : explain SELECT k, c FROM sbtest7 WHERE k BETWEEN 2885741 AND 2885841
	Bitmap Heap Scan on sbtest7  (cost=5.51..421.23 rows=105 width=125)
	  Recheck Cond: ((k >= 2885741) AND (k <= 2885841))
	  ->  Bitmap Index Scan on k_7  (cost=0.00..5.48 rows=105 width=0)
	        Index Cond: ((k >= 2885741) AND (k <= 2885841))

table 8 : explain SELECT k, c FROM sbtest8 WHERE k BETWEEN 2885741 AND 2885841
	Bitmap Heap Scan on sbtest8  (cost=5.52..425.17 rows=106 width=125)
	  Recheck Cond: ((k >= 2885741) AND (k <= 2885841))
	  ->  Bitmap Index Scan on k_8  (cost=0.00..5.50 rows=106 width=0)
	        Index Cond: ((k >= 2885741) AND (k <= 2885841))

Threads started!

Warming up for 5 seconds...

SQL statistics:
    queries performed:
        read:                            102446527
        write:                           0
        other:                           0
        total:                           102446527
    transactions:                        102446527 (162612.03 per sec.)
    queries:                             102446527 (162612.03 per sec.)
    ignored errors:                      0      (0.00 per sec.)
    reconnects:                          0      (0.00 per sec.)

Throughput:
    events/s (eps):                      162612.0289
    time elapsed:                        630.0059s
    total number of events:              102446527

Latency (ms):
         min:                                    0.07
         avg:                                    0.25
         max:                                    9.16
         95th percentile:                        0.28
         sum:                             25159646.47

Threads fairness:
    events (avg/stddev):           2561159.9250/7289.29
    execution time (avg/stddev):   628.9912/0.02

